<?xml version="1.0" encoding="UTF-8"?>
<testsuites name="Update Add New Employee" time="11395" tests="0" failures="13" errors="0">
   <testsuite name="Update Add New Employee" tests="0" failures="13" errors="0" time="11395" timestamp="2018-12-06 22:36:37" hostname="Admin - Win7Test02" id="Test Suites/Workflow/Update Add New Employee">
      <properties>
         <property name="deviceName" value=""/>
         <property name="devicePlatform" value=""/>
         <property name="logFolder" value="C:\\Users\\Admin\\Desktop\\PKS\\Perkeso Phase A\\Reports\\Workflow\\Update Add New Employee\\20181206_171415"/>
         <property name="logFiles" value="C:\\Users\\Admin\\Desktop\\PKS\\Perkeso Phase A\\Reports\\Workflow\\Update Add New Employee\\20181206_171415\\execution0.log, C:\\Users\\Admin\\Desktop\\PKS\\Perkeso Phase A\\Reports\\Workflow\\Update Add New Employee\\20181206_171415\\execution1.log, C:\\Users\\Admin\\Desktop\\PKS\\Perkeso Phase A\\Reports\\Workflow\\Update Add New Employee\\20181206_171415\\execution2.log"/>
         <property name="attachments" value="C:\\Users\\Admin\\Desktop\\PKS\\Perkeso Phase A\\Reports\\Workflow\\Update Add New Employee\\20181206_171415\\1544107045955.png, C:\\Users\\Admin\\Desktop\\PKS\\Perkeso Phase A\\Reports\\Workflow\\Update Add New Employee\\20181206_171415\\1544107097218.png, C:\\Users\\Admin\\Desktop\\PKS\\Perkeso Phase A\\Reports\\Workflow\\Update Add New Employee\\20181206_171415\\1544107152473.png, C:\\Users\\Admin\\Desktop\\PKS\\Perkeso Phase A\\Reports\\Workflow\\Update Add New Employee\\20181206_171415\\1544107206636.png, C:\\Users\\Admin\\Desktop\\PKS\\Perkeso Phase A\\Reports\\Workflow\\Update Add New Employee\\20181206_171415\\1544107385418.png, C:\\Users\\Admin\\Desktop\\PKS\\Perkeso Phase A\\Reports\\Workflow\\Update Add New Employee\\20181206_171415\\1544108173685.png, C:\\Users\\Admin\\Desktop\\PKS\\Perkeso Phase A\\Reports\\Workflow\\Update Add New Employee\\20181206_171415\\1544108958846.png, C:\\Users\\Admin\\Desktop\\PKS\\Perkeso Phase A\\Reports\\Workflow\\Update Add New Employee\\20181206_171415\\1544109166961.png, C:\\Users\\Admin\\Desktop\\PKS\\Perkeso Phase A\\Reports\\Workflow\\Update Add New Employee\\20181206_171415\\1544109967438.png, C:\\Users\\Admin\\Desktop\\PKS\\Perkeso Phase A\\Reports\\Workflow\\Update Add New Employee\\20181206_171415\\1544110119502.png, C:\\Users\\Admin\\Desktop\\PKS\\Perkeso Phase A\\Reports\\Workflow\\Update Add New Employee\\20181206_171415\\1544110866752.png, C:\\Users\\Admin\\Desktop\\PKS\\Perkeso Phase A\\Reports\\Workflow\\Update Add New Employee\\20181206_171415\\1544111027282.png, C:\\Users\\Admin\\Desktop\\PKS\\Perkeso Phase A\\Reports\\Workflow\\Update Add New Employee\\20181206_171415\\1544111772998.png, C:\\Users\\Admin\\Desktop\\PKS\\Perkeso Phase A\\Reports\\Workflow\\Update Add New Employee\\20181206_171415\\1544111932894.png, C:\\Users\\Admin\\Desktop\\PKS\\Perkeso Phase A\\Reports\\Workflow\\Update Add New Employee\\20181206_171415\\1544112073222.png, C:\\Users\\Admin\\Desktop\\PKS\\Perkeso Phase A\\Reports\\Workflow\\Update Add New Employee\\20181206_171415\\1544112802410.png, C:\\Users\\Admin\\Desktop\\PKS\\Perkeso Phase A\\Reports\\Workflow\\Update Add New Employee\\20181206_171415\\1544112962386.png, C:\\Users\\Admin\\Desktop\\PKS\\Perkeso Phase A\\Reports\\Workflow\\Update Add New Employee\\20181206_171415\\1544113174262.png, C:\\Users\\Admin\\Desktop\\PKS\\Perkeso Phase A\\Reports\\Workflow\\Update Add New Employee\\20181206_171415\\1544113909472.png, C:\\Users\\Admin\\Desktop\\PKS\\Perkeso Phase A\\Reports\\Workflow\\Update Add New Employee\\20181206_171415\\1544114636105.png, C:\\Users\\Admin\\Desktop\\PKS\\Perkeso Phase A\\Reports\\Workflow\\Update Add New Employee\\20181206_171415\\1544114844669.png, C:\\Users\\Admin\\Desktop\\PKS\\Perkeso Phase A\\Reports\\Workflow\\Update Add New Employee\\20181206_171415\\1544115576218.png, C:\\Users\\Admin\\Desktop\\PKS\\Perkeso Phase A\\Reports\\Workflow\\Update Add New Employee\\20181206_171415\\1544115729045.png, C:\\Users\\Admin\\Desktop\\PKS\\Perkeso Phase A\\Reports\\Workflow\\Update Add New Employee\\20181206_171415\\1544116470431.png, C:\\Users\\Admin\\Desktop\\PKS\\Perkeso Phase A\\Reports\\Workflow\\Update Add New Employee\\20181206_171415\\1544117193514.png, C:\\Users\\Admin\\Desktop\\PKS\\Perkeso Phase A\\Reports\\Workflow\\Update Add New Employee\\20181206_171415\\1544117402232.png, C:\\Users\\Admin\\Desktop\\PKS\\Perkeso Phase A\\Reports\\Workflow\\Update Add New Employee\\20181206_171415\\1544118141648.png, C:\\Users\\Admin\\Desktop\\PKS\\Perkeso Phase A\\Reports\\Workflow\\Update Add New Employee\\20181206_171415\\1544118293341.png"/>
         <property name="hostName" value="Admin - Win7Test02"/>
         <property name="os" value="Windows 7 64bit"/>
         <property name="katalonVersion" value="5.8.6.1"/>
         <property name="browser" value="Chrome 70.0.3538.110"/>
         <property name="hostAddress" value="10.20.3.72"/>
         <property name="sessionId" value="667783c1516b4215c32b77ec39066bdc"/>
         <property name="seleniumVersion" value="3.7.1"/>
         <property name="proxyInformation" value="ProxyInformation{proxyOption=NO_PROXY, proxyServerType=HTTP, password=, proxyServerAddress=, proxyServerPort=0}"/>
         <property name="platform" value="Windows 7"/>
      </properties>
      <testcase name="Test Cases/Final Aug 2018 - PKS Automation/Registration Module/Workflow/Update Add New Employee/Add Employee and Set Incomplete ( OTC - PKRBO)" classname="Test Cases/Final Aug 2018 - PKS Automation/Registration Module/Workflow/Update Add New Employee/Add Employee and Set Incomplete ( OTC - PKRBO)" status="FAILED">
         <failure type="FAILED" message="(Stack trace: com.kms.katalon.core.exception.StepFailedException: Unable to set text 'CAN12201800002265' of object 'Object Repository/Final Object Repo/New Registration - Registration Module Pages/New Reg - OTC to RO/Special Case - All Related Objects/TextBox RefNo in Workbasket' (Root cause: org.openqa.selenium.ElementNotVisibleException: element not interactable
  (Session info: chrome=70.0.3538.110)
  (Driver info: chromedriver=2.43.600210 (68dcf5eebde37173d4027fa8635e332711d2874a),platform=Windows NT 6.1.7601 SP1 x86_64) (WARNING: The server did not provide any stacktrace information)
Command duration or timeout: 0 milliseconds
Build info: version: '3.7.1', revision: '8a0099a', time: '2017-11-06T21:07:36.161Z'
System info: host: 'WIN7TEST02', ip: '10.20.3.72', os.name: 'Windows 7', os.arch: 'amd64', os.version: '6.1', java.version: '1.8.0_181'
Driver info: com.kms.katalon.selenium.driver.CChromeDriver
Capabilities {acceptInsecureCerts: false, acceptSslCerts: false, applicationCacheEnabled: false, browserConnectionEnabled: false, browserName: chrome, chrome: {chromedriverVersion: 2.43.600210 (68dcf5eebde371..., userDataDir: C:\Users\Admin\AppData\Loca...}, cssSelectorsEnabled: true, databaseEnabled: false, goog:chromeOptions: {debuggerAddress: localhost:61463}, handlesAlerts: true, hasTouchScreen: false, javascriptEnabled: true, locationContextEnabled: true, mobileEmulationEnabled: false, nativeEvents: true, networkConnectionEnabled: false, pageLoadStrategy: normal, platform: XP, platformName: XP, rotatable: false, setWindowRect: true, takesHeapSnapshot: true, takesScreenshot: true, unexpectedAlertBehaviour: , unhandledPromptBehavior: , version: 70.0.3538.110, webStorageEnabled: true}
Session ID: 8fdb98bcd889cc9575350c667fe77ab9)
	at com.kms.katalon.core.keyword.internal.KeywordMain.stepFailed(KeywordMain.groovy:32)
	at com.kms.katalon.core.webui.keyword.internal.WebUIKeywordMain.stepFailed(WebUIKeywordMain.groovy:65)
	at com.kms.katalon.core.webui.keyword.internal.WebUIKeywordMain.runKeyword(WebUIKeywordMain.groovy:27)
	at com.kms.katalon.core.webui.keyword.builtin.SetTextKeyword.setText(SetTextKeyword.groovy:65)
	at com.kms.katalon.core.webui.keyword.builtin.SetTextKeyword.execute(SetTextKeyword.groovy:37)
	at com.kms.katalon.core.keyword.internal.KeywordExecutor.executeKeywordForPlatform(KeywordExecutor.groovy:53)
	at com.kms.katalon.core.webui.keyword.WebUiBuiltInKeywords.setText(WebUiBuiltInKeywords.groovy:950)
	at com.kms.katalon.core.webui.keyword.WebUiBuiltInKeywords$setText$1.call(Unknown Source)
	at org.codehaus.groovy.runtime.callsite.CallSiteArray.defaultCall(CallSiteArray.java:48)
	at org.codehaus.groovy.runtime.callsite.AbstractCallSite.call(AbstractCallSite.java:113)
	at org.codehaus.groovy.runtime.callsite.AbstractCallSite.call(AbstractCallSite.java:133)
	at Script1535947244917.run(Script1535947244917.groovy:159)
	at com.kms.katalon.core.main.ScriptEngine.run(ScriptEngine.java:183)
	at com.kms.katalon.core.main.ScriptEngine.runScriptAsRawText(ScriptEngine.java:108)
	at com.kms.katalon.core.main.TestCaseExecutor.runScript(TestCaseExecutor.java:294)
	at com.kms.katalon.core.main.TestCaseExecutor.doExecute(TestCaseExecutor.java:285)
	at com.kms.katalon.core.main.TestCaseExecutor.processExecutionPhase(TestCaseExecutor.java:264)
	at com.kms.katalon.core.main.TestCaseExecutor.accessMainPhase(TestCaseExecutor.java:256)
	at com.kms.katalon.core.main.TestCaseExecutor.execute(TestCaseExecutor.java:200)
	at com.kms.katalon.core.main.TestSuiteExecutor.accessTestCaseMainPhase(TestSuiteExecutor.java:129)
	at com.kms.katalon.core.main.TestSuiteExecutor.accessTestSuiteMainPhase(TestSuiteExecutor.java:112)
	at com.kms.katalon.core.main.TestSuiteExecutor.execute(TestSuiteExecutor.java:81)
	at com.kms.katalon.core.main.TestCaseMain.startTestSuite(TestCaseMain.java:142)
	at com.kms.katalon.core.main.TestCaseMain$startTestSuite$0.call(Unknown Source)
	at org.codehaus.groovy.runtime.callsite.CallSiteArray.defaultCall(CallSiteArray.java:48)
	at org.codehaus.groovy.runtime.callsite.AbstractCallSite.call(AbstractCallSite.java:113)
	at org.codehaus.groovy.runtime.callsite.AbstractCallSite.call(AbstractCallSite.java:141)
	at TempTestSuite1544087655094.run(TempTestSuite1544087655094.groovy:36)
	at groovy.lang.GroovyShell.runScriptOrMainOrTestOrRunnable(GroovyShell.java:263)
	at groovy.lang.GroovyShell.run(GroovyShell.java:518)
	at groovy.lang.GroovyShell.run(GroovyShell.java:507)
	at groovy.ui.GroovyMain.processOnce(GroovyMain.java:653)
	at groovy.ui.GroovyMain.run(GroovyMain.java:384)
	at groovy.ui.GroovyMain.process(GroovyMain.java:370)
	at groovy.ui.GroovyMain.processArgs(GroovyMain.java:129)
	at groovy.ui.GroovyMain.main(GroovyMain.java:109)
	at sun.reflect.NativeMethodAccessorImpl.invoke0(Native Method)
	at sun.reflect.NativeMethodAccessorImpl.invoke(NativeMethodAccessorImpl.java:62)
	at sun.reflect.DelegatingMethodAccessorImpl.invoke(DelegatingMethodAccessorImpl.java:43)
	at java.lang.reflect.Method.invoke(Method.java:498)
	at org.codehaus.groovy.tools.GroovyStarter.rootLoader(GroovyStarter.java:109)
	at org.codehaus.groovy.tools.GroovyStarter.main(GroovyStarter.java:131)
)"/>
         <system-out><![CDATA[2018-12-06 22:36:37 - [TEST_CASE][FAILED] - Test Cases/Final Aug 2018 - PKS Automation/Registration Module/Workflow/Update Add New Employee/Add Employee and Set Incomplete ( OTC - PKRBO): Test Cases/Final Aug 2018 - PKS Automation/Registration Module/Workflow/Update Add New Employee/Add Employee and Set Incomplete ( OTC - PKRBO) FAILED because (of) (Stack trace: com.kms.katalon.core.exception.StepFailedException: Unable to set text 'CAN12201800002265' of object 'Object Repository/Final Object Repo/New Registration - Registration Module Pages/New Reg - OTC to RO/Special Case - All Related Objects/TextBox RefNo in Workbasket' (Root cause: org.openqa.selenium.ElementNotVisibleException: element not interactable
  (Session info: chrome=70.0.3538.110)
  (Driver info: chromedriver=2.43.600210 (68dcf5eebde37173d4027fa8635e332711d2874a),platform=Windows NT 6.1.7601 SP1 x86_64) (WARNING: The server did not provide any stacktrace information)
Command duration or timeout: 0 milliseconds
Build info: version: '3.7.1', revision: '8a0099a', time: '2017-11-06T21:07:36.161Z'
System info: host: 'WIN7TEST02', ip: '10.20.3.72', os.name: 'Windows 7', os.arch: 'amd64', os.version: '6.1', java.version: '1.8.0_181'
Driver info: com.kms.katalon.selenium.driver.CChromeDriver
Capabilities {acceptInsecureCerts: false, acceptSslCerts: false, applicationCacheEnabled: false, browserConnectionEnabled: false, browserName: chrome, chrome: {chromedriverVersion: 2.43.600210 (68dcf5eebde371..., userDataDir: C:\Users\Admin\AppData\Loca...}, cssSelectorsEnabled: true, databaseEnabled: false, goog:chromeOptions: {debuggerAddress: localhost:61463}, handlesAlerts: true, hasTouchScreen: false, javascriptEnabled: true, locationContextEnabled: true, mobileEmulationEnabled: false, nativeEvents: true, networkConnectionEnabled: false, pageLoadStrategy: normal, platform: XP, platformName: XP, rotatable: false, setWindowRect: true, takesHeapSnapshot: true, takesScreenshot: true, unexpectedAlertBehaviour: , unhandledPromptBehavior: , version: 70.0.3538.110, webStorageEnabled: true}
Session ID: 8fdb98bcd889cc9575350c667fe77ab9)
	at com.kms.katalon.core.keyword.internal.KeywordMain.stepFailed(KeywordMain.groovy:32)
	at com.kms.katalon.core.webui.keyword.internal.WebUIKeywordMain.stepFailed(WebUIKeywordMain.groovy:65)
	at com.kms.katalon.core.webui.keyword.internal.WebUIKeywordMain.runKeyword(WebUIKeywordMain.groovy:27)
	at com.kms.katalon.core.webui.keyword.builtin.SetTextKeyword.setText(SetTextKeyword.groovy:65)
	at com.kms.katalon.core.webui.keyword.builtin.SetTextKeyword.execute(SetTextKeyword.groovy:37)
	at com.kms.katalon.core.keyword.internal.KeywordExecutor.executeKeywordForPlatform(KeywordExecutor.groovy:53)
	at com.kms.katalon.core.webui.keyword.WebUiBuiltInKeywords.setText(WebUiBuiltInKeywords.groovy:950)
	at com.kms.katalon.core.webui.keyword.WebUiBuiltInKeywords$setText$1.call(Unknown Source)
	at org.codehaus.groovy.runtime.callsite.CallSiteArray.defaultCall(CallSiteArray.java:48)
	at org.codehaus.groovy.runtime.callsite.AbstractCallSite.call(AbstractCallSite.java:113)
	at org.codehaus.groovy.runtime.callsite.AbstractCallSite.call(AbstractCallSite.java:133)
	at Script1535947244917.run(Script1535947244917.groovy:159)
	at com.kms.katalon.core.main.ScriptEngine.run(ScriptEngine.java:183)
	at com.kms.katalon.core.main.ScriptEngine.runScriptAsRawText(ScriptEngine.java:108)
	at com.kms.katalon.core.main.TestCaseExecutor.runScript(TestCaseExecutor.java:294)
	at com.kms.katalon.core.main.TestCaseExecutor.doExecute(TestCaseExecutor.java:285)
	at com.kms.katalon.core.main.TestCaseExecutor.processExecutionPhase(TestCaseExecutor.java:264)
	at com.kms.katalon.core.main.TestCaseExecutor.accessMainPhase(TestCaseExecutor.java:256)
	at com.kms.katalon.core.main.TestCaseExecutor.execute(TestCaseExecutor.java:200)
	at com.kms.katalon.core.main.TestSuiteExecutor.accessTestCaseMainPhase(TestSuiteExecutor.java:129)
	at com.kms.katalon.core.main.TestSuiteExecutor.accessTestSuiteMainPhase(TestSuiteExecutor.java:112)
	at com.kms.katalon.core.main.TestSuiteExecutor.execute(TestSuiteExecutor.java:81)
	at com.kms.katalon.core.main.TestCaseMain.startTestSuite(TestCaseMain.java:142)
	at com.kms.katalon.core.main.TestCaseMain$startTestSuite$0.call(Unknown Source)
	at org.codehaus.groovy.runtime.callsite.CallSiteArray.defaultCall(CallSiteArray.java:48)
	at org.codehaus.groovy.runtime.callsite.AbstractCallSite.call(AbstractCallSite.java:113)
	at org.codehaus.groovy.runtime.callsite.AbstractCallSite.call(AbstractCallSite.java:141)
	at TempTestSuite1544087655094.run(TempTestSuite1544087655094.groovy:36)
	at groovy.lang.GroovyShell.runScriptOrMainOrTestOrRunnable(GroovyShell.java:263)
	at groovy.lang.GroovyShell.run(GroovyShell.java:518)
	at groovy.lang.GroovyShell.run(GroovyShell.java:507)
	at groovy.ui.GroovyMain.processOnce(GroovyMain.java:653)
	at groovy.ui.GroovyMain.run(GroovyMain.java:384)
	at groovy.ui.GroovyMain.process(GroovyMain.java:370)
	at groovy.ui.GroovyMain.processArgs(GroovyMain.java:129)
	at groovy.ui.GroovyMain.main(GroovyMain.java:109)
	at sun.reflect.NativeMethodAccessorImpl.invoke0(Native Method)
	at sun.reflect.NativeMethodAccessorImpl.invoke(NativeMethodAccessorImpl.java:62)
	at sun.reflect.DelegatingMethodAccessorImpl.invoke(DelegatingMethodAccessorImpl.java:43)
	at java.lang.reflect.Method.invoke(Method.java:498)
	at org.codehaus.groovy.tools.GroovyStarter.rootLoader(GroovyStarter.java:109)
	at org.codehaus.groovy.tools.GroovyStarter.main(GroovyStarter.java:131)
)

2018-12-06 22:36:38 - [TEST_STEP][PASSED] - openBrowser: Browser is opened with url: ''

2018-12-06 22:36:43 - [MESSAGE][PASSED] - Browser is opened with url: ''

2018-12-06 22:36:43 - [TEST_STEP][PASSED] - navigateToUrl: Navigate to 'https://assist2-uat.perkeso.gov.my/login' successfully

2018-12-06 22:36:44 - [MESSAGE][PASSED] - Navigate to 'https://assist2-uat.perkeso.gov.my/login' successfully

2018-12-06 22:36:44 - [TEST_STEP][PASSED] - callTestCase: Call Test Case 'Test Cases/Final Aug 2018 - PKS Automation/Registration Module/New Registration/Form 2/Date Updater' successfully

2018-12-06 22:36:44 - [TEST_CASE][PASSED] - Test Cases/Final Aug 2018 - PKS Automation/Registration Module/New Registration/Form 2/Date Updater: Test Cases/Final Aug 2018 - PKS Automation/Registration Module/New Registration/Form 2/Date Updater

2018-12-06 22:36:45 - [TEST_STEP][PASSED] - Statement - TodayDate = new java.util.Date(): null

2018-12-06 22:36:45 - [TEST_STEP][PASSED] - Statement - CurrentDateNoFilter = new java.text.SimpleDateFormat(): null

2018-12-06 22:36:45 - [TEST_STEP][PASSED] - Statement - CurrentDateNoFilter.applyPattern("MM"): null

2018-12-06 22:36:45 - [TEST_STEP][PASSED] - Statement - monthContainerMatcher = java.lang.Integer.parseInt(CurrentDateNoFilter.format(TodayDate)): null

2018-12-06 22:36:45 - [TEST_STEP][PASSED] - Statement - monthContainerMatcher = monthContainerMatcher - 1: null

2018-12-06 22:36:45 - [TEST_STEP][PASSED] - Statement - CurrentMonth = monthContainerMatcher.toString(): null

2018-12-06 22:36:45 - [TEST_STEP][PASSED] - Statement - CurrentMonth = CurrentMonth: null

2018-12-06 22:36:45 - [TEST_STEP][PASSED] - Statement - CurrentDateNoFilter.applyPattern("yyyy"): null

2018-12-06 22:36:45 - [TEST_STEP][PASSED] - Statement - CurrentYear = CurrentDateNoFilter.format(TodayDate): null

2018-12-06 22:36:45 - [TEST_STEP][PASSED] - Statement - CurrentYear = CurrentYear: null

2018-12-06 22:36:45 - [TEST_STEP][PASSED] - Statement - intCurrentYear = java.lang.Integer.parseInt(CurrentDateNoFilter.format(TodayDate)): null

2018-12-06 22:36:45 - [TEST_STEP][PASSED] - Statement - eighteenYrsAgo = intCurrentYear - 18: null

2018-12-06 22:36:45 - [TEST_STEP][PASSED] - Statement - eighteenYrsBeforeThisYr = eighteenYrsAgo.toString(): null

2018-12-06 22:36:45 - [TEST_STEP][PASSED] - Statement - EighteenYrsBefore = eighteenYrsBeforeThisYr: null

2018-12-06 22:36:45 - [TEST_STEP][PASSED] - Statement - fiftysevenYrsAgo = intCurrentYear - 57: null

2018-12-06 22:36:45 - [TEST_STEP][PASSED] - Statement - fiftysevenYrsBeforeThisYr = fiftysevenYrsAgo.toString(): null

2018-12-06 22:36:45 - [TEST_STEP][PASSED] - Statement - FiftysevenYrsBefore = fiftysevenYrsBeforeThisYr: null

2018-12-06 22:36:45 - [TEST_STEP][PASSED] - Statement - leapYear = false: null

2018-12-06 22:36:45 - [TEST_STEP][PASSED] - Statement - leapYear = intCurrentYear % 4 == 0: null

2018-12-06 22:36:45 - [TEST_STEP][PASSED] - Statement - CurrentDateNoFilter.applyPattern("dd"): null

2018-12-06 22:36:45 - [TEST_STEP][PASSED] - Statement - CurrentDate = CurrentDateNoFilter.format(TodayDate): null

2018-12-06 22:36:45 - [TEST_STEP][PASSED] - Statement - CurrentDate = java.lang.Integer.parseInt(CurrentDate): null

2018-12-06 22:36:45 - [TEST_STEP][PASSED] - Statement - CurrentDate = CurrentDate: null

2018-12-06 22:36:45 - [TEST_STEP][PASSED] - Statement - CurrentDay = java.lang.Integer.parseInt(CurrentDate): null

2018-12-06 22:36:45 - [TEST_STEP][PASSED] - Statement - ConfAdder = <not implemented yet for class: org.codehaus.groovy.ast.expr.EmptyExpression>: null

2018-12-06 22:36:45 - [TEST_STEP][PASSED] - Statement - out.println(CurrentMonth): null

2018-12-06 22:36:45 - [TEST_STEP][PASSED] - Statement - out.println(CurrentDate): null

2018-12-06 22:36:45 - [TEST_STEP][PASSED] - Statement - switch (CurrentDate): null

2018-12-06 22:36:45 - [TEST_STEP][PASSED] - Statement - Default: null

2018-12-06 22:36:45 - [TEST_STEP][PASSED] - Statement - ConfAdder = true: null

2018-12-06 22:36:45 - [TEST_STEP][PASSED] - Statement - Break: null

2018-12-06 22:36:45 - [TEST_STEP][PASSED] - Statement - aDayBefore = <not implemented yet for class: org.codehaus.groovy.ast.expr.EmptyExpression>: null

2018-12-06 22:36:45 - [TEST_STEP][PASSED] - Statement - out.println(ConfAdder): null

2018-12-06 22:36:45 - [TEST_STEP][PASSED] - Statement - If (ConfAdder == true): null

2018-12-06 22:36:45 - [TEST_STEP][PASSED] - Statement - aDayBefore = CurrentDay + 1: null

2018-12-06 22:36:45 - [TEST_STEP][PASSED] - Statement - out.println(aDayBefore): null

2018-12-06 22:36:45 - [TEST_STEP][PASSED] - Statement - If (aDayBefore == 1 && CurrentMonth == 11): null

2018-12-06 22:36:45 - [TEST_STEP][PASSED] - Statement - DayBefore = aDayBefore.toString(): null

2018-12-06 22:36:45 - [TEST_STEP][PASSED] - Statement - OneDayBefore = DayBefore: null

2018-12-06 22:36:45 - [MESSAGE][PASSED] - Call Test Case 'Test Cases/Final Aug 2018 - PKS Automation/Registration Module/New Registration/Form 2/Date Updater' successfully

2018-12-06 22:36:45 - [TEST_STEP][PASSED] - delay: Delayed 2 second(s)

2018-12-06 22:36:47 - [MESSAGE][PASSED] - Delayed 2 second(s)

2018-12-06 22:36:47 - [TEST_STEP][PASSED] - setText: Text 'klotc2@gmail.com' is set on object 'Object Repository/Final Object Repo/Page_Update Add New Employee - ASSIST/Email TextBox'

2018-12-06 22:36:47 - [MESSAGE][PASSED] - Text 'klotc2@gmail.com' is set on object 'Object Repository/Final Object Repo/Page_Update Add New Employee - ASSIST/Email TextBox'

2018-12-06 22:36:47 - [TEST_STEP][PASSED] - click: Object: 'Object Repository/Final Object Repo/Page_Update Add New Employee - ASSIST/Next Button' is clicked on

2018-12-06 22:36:47 - [MESSAGE][PASSED] - Object: 'Object Repository/Final Object Repo/Page_Update Add New Employee - ASSIST/Next Button' is clicked on

2018-12-06 22:36:47 - [TEST_STEP][PASSED] - delay: Delayed 2 second(s)

2018-12-06 22:36:49 - [MESSAGE][PASSED] - Delayed 2 second(s)

2018-12-06 22:36:49 - [TEST_STEP][PASSED] - setText: Text 'Test1@3456789' is set on object 'Object Repository/Final Object Repo/Page_Update Add New Employee - ASSIST/Password TextBox'

2018-12-06 22:36:50 - [MESSAGE][PASSED] - Text 'Test1@3456789' is set on object 'Object Repository/Final Object Repo/Page_Update Add New Employee - ASSIST/Password TextBox'

2018-12-06 22:36:50 - [TEST_STEP][PASSED] - delay: Delayed 2 second(s)

2018-12-06 22:36:52 - [MESSAGE][PASSED] - Delayed 2 second(s)

2018-12-06 22:36:52 - [TEST_STEP][PASSED] - click: Object: 'Object Repository/Final Object Repo/Page_Update Add New Employee - ASSIST/Login Button' is clicked on

2018-12-06 22:36:52 - [MESSAGE][PASSED] - Object: 'Object Repository/Final Object Repo/Page_Update Add New Employee - ASSIST/Login Button' is clicked on

2018-12-06 22:36:52 - [TEST_STEP][PASSED] - Statement - Try: null

2018-12-06 22:36:52 - [TEST_STEP][PASSED] - Statement - Checker = com.kms.katalon.core.webui.keyword.WebUiBuiltInKeywords.verifyElementNotPresent("Final Object Repo/Landing Page/Select to English", 3): null

2018-12-06 22:36:52 - [TEST_STEP][PASSED] - Statement - Catch (Exception e): null

2018-12-06 22:36:52 - [TEST_STEP][PASSED] - Statement - e.printStackTrace(): null

2018-12-06 22:36:52 - [TEST_STEP][PASSED] - delay: Delayed 5 second(s)

2018-12-06 22:36:57 - [MESSAGE][PASSED] - Delayed 5 second(s)

2018-12-06 22:36:57 - [TEST_STEP][PASSED] - click: Object: 'Object Repository/Final Object Repo/Page_Update Add New Employee - ASSIST/My Sites Drop Down' is clicked on

2018-12-06 22:36:57 - [MESSAGE][PASSED] - Object: 'Object Repository/Final Object Repo/Page_Update Add New Employee - ASSIST/My Sites Drop Down' is clicked on

2018-12-06 22:36:57 - [TEST_STEP][PASSED] - click: Object: 'Object Repository/Final Object Repo/Page_Update Add New Employee - ASSIST/Select to Registration Module' is clicked on

2018-12-06 22:36:58 - [MESSAGE][PASSED] - Object: 'Object Repository/Final Object Repo/Page_Update Add New Employee - ASSIST/Select to Registration Module' is clicked on

2018-12-06 22:36:58 - [TEST_STEP][PASSED] - navigateToUrl: Navigate to 'https://assist2-uat.perkeso.gov.my/web/registration/myassist' successfully

2018-12-06 22:36:59 - [MESSAGE][PASSED] - Navigate to 'https://assist2-uat.perkeso.gov.my/web/registration/myassist' successfully

2018-12-06 22:36:59 - [TEST_STEP][PASSED] - mouseOver: Object: 'Object Repository/Final Object Repo/Page_Update Add New Employee - ASSIST/Select to Update Akta 4 Tab' is hovered

2018-12-06 22:36:59 - [MESSAGE][PASSED] - Object: 'Object Repository/Final Object Repo/Page_Update Add New Employee - ASSIST/Select to Update Akta 4 Tab' is hovered

2018-12-06 22:36:59 - [TEST_STEP][PASSED] - delay: Delayed 2 second(s)

2018-12-06 22:37:01 - [MESSAGE][PASSED] - Delayed 2 second(s)

2018-12-06 22:37:01 - [TEST_STEP][PASSED] - click: Object: 'Object Repository/Final Object Repo/Page_Update Add New Employee - ASSIST/Select to Update Add New Employee' is clicked on

2018-12-06 22:37:02 - [MESSAGE][PASSED] - Object: 'Object Repository/Final Object Repo/Page_Update Add New Employee - ASSIST/Select to Update Add New Employee' is clicked on

2018-12-06 22:37:02 - [TEST_STEP][PASSED] - delay: Delayed 2 second(s)

2018-12-06 22:37:04 - [MESSAGE][PASSED] - Delayed 2 second(s)

2018-12-06 22:37:04 - [TEST_STEP][PASSED] - setText: Text 'E1102069801V' is set on object 'Object Repository/Final Object Repo/Page_Update Add New Employee - ASSIST/Employer Code input textbox'

2018-12-06 22:37:04 - [MESSAGE][PASSED] - Text 'E1102069801V' is set on object 'Object Repository/Final Object Repo/Page_Update Add New Employee - ASSIST/Employer Code input textbox'

2018-12-06 22:37:04 - [TEST_STEP][PASSED] - delay: Delayed 2 second(s)

2018-12-06 22:37:06 - [MESSAGE][PASSED] - Delayed 2 second(s)

2018-12-06 22:37:06 - [TEST_STEP][PASSED] - click: Object: 'Object Repository/Final Object Repo/Page_Update Add New Employee - ASSIST/Search Button for Employer Code' is clicked on

2018-12-06 22:37:06 - [MESSAGE][PASSED] - Object: 'Object Repository/Final Object Repo/Page_Update Add New Employee - ASSIST/Search Button for Employer Code' is clicked on

2018-12-06 22:37:06 - [TEST_STEP][PASSED] - delay: Delayed 4 second(s)

2018-12-06 22:37:10 - [MESSAGE][PASSED] - Delayed 4 second(s)

2018-12-06 22:37:10 - [TEST_STEP][PASSED] - click: Object: 'Object Repository/Final Object Repo/Page_Update Add New Employee - ASSIST/Click to Edit Case' is clicked on

2018-12-06 22:37:13 - [MESSAGE][PASSED] - Object: 'Object Repository/Final Object Repo/Page_Update Add New Employee - ASSIST/Click to Edit Case' is clicked on

2018-12-06 22:37:13 - [TEST_STEP][PASSED] - callTestCase: Call Test Case 'Test Cases/Final Aug 2018 - PKS Automation/Registration Module/Workflow/Update Add New Employee/Template/Employee Adding/Employee Adding Action No Repeat IC' successfully

2018-12-06 22:37:13 - [TEST_CASE][PASSED] - Test Cases/Final Aug 2018 - PKS Automation/Registration Module/Workflow/Update Add New Employee/Template/Employee Adding/Employee Adding Action No Repeat IC: Test Cases/Final Aug 2018 - PKS Automation/Registration Module/Workflow/Update Add New Employee/Template/Employee Adding/Employee Adding Action No Repeat IC

2018-12-06 22:37:13 - [TEST_STEP][PASSED] - delay: Delayed 4 second(s)

2018-12-06 22:37:17 - [MESSAGE][PASSED] - Delayed 4 second(s)

2018-12-06 22:37:17 - [TEST_STEP][PASSED] - click: Object: 'Object Repository/Final Object Repo/Page_Update Add New Employee - ASSIST/Add Employee Button' is clicked on

2018-12-06 22:37:17 - [MESSAGE][PASSED] - Object: 'Object Repository/Final Object Repo/Page_Update Add New Employee - ASSIST/Add Employee Button' is clicked on

2018-12-06 22:37:17 - [TEST_STEP][PASSED] - delay: Delayed 3 second(s)

2018-12-06 22:37:20 - [MESSAGE][PASSED] - Delayed 3 second(s)

2018-12-06 22:37:20 - [TEST_STEP][PASSED] - Statement - While (com.kms.katalon.core.webui.keyword.WebUiBuiltInKeywords.verifyElementNotVisible(com.kms.katalon.core.testobject.ObjectRepository.findTestObject(Final Object Repo/Page_Update Add New Employee - ASSIST/No Duplicate Employee Cross), OPTIONAL)): Object 'Object Repository/Final Object Repo/Page_Update Add New Employee - ASSIST/No Duplicate Employee Cross' is visible

2018-12-06 22:37:20 - [MESSAGE][PASSED] - Object 'Object Repository/Final Object Repo/Page_Update Add New Employee - ASSIST/No Duplicate Employee Cross' is NOT visible

2018-12-06 22:37:20 - [TEST_STEP][PASSED] - callTestCase: Call Test Case 'Test Cases/Final Aug 2018 - PKS Automation/Common/IC Generator' successfully

2018-12-06 22:37:21 - [TEST_CASE][PASSED] - Test Cases/Final Aug 2018 - PKS Automation/Common/IC Generator: Test Cases/Final Aug 2018 - PKS Automation/Common/IC Generator

2018-12-06 22:37:21 - [TEST_STEP][PASSED] - Statement - rnd = new java.util.Random(): null

2018-12-06 22:37:21 - [TEST_STEP][PASSED] - Statement - snum = rnd.nextInt(899999 + 1) + 100000: null

2018-12-06 22:37:21 - [TEST_STEP][PASSED] - Statement - tnum = rnd.nextInt(899999 + 1) + 100000: null

2018-12-06 22:37:21 - [TEST_STEP][PASSED] - Statement - IC = java.lang.Integer.toString(snum) + java.lang.Integer.toString(tnum): null

2018-12-06 22:37:21 - [TEST_STEP][PASSED] - Statement - ICtoAdd = IC: null

2018-12-06 22:37:21 - [TEST_STEP][PASSED] - Statement - out.println(ICtoAdd): null

2018-12-06 22:37:21 - [MESSAGE][PASSED] - Call Test Case 'Test Cases/Final Aug 2018 - PKS Automation/Common/IC Generator' successfully

2018-12-06 22:37:21 - [TEST_STEP][PASSED] - delay: Delayed 1 second(s)

2018-12-06 22:37:22 - [MESSAGE][PASSED] - Delayed 1 second(s)

2018-12-06 22:37:22 - [TEST_STEP][PASSED] - setText: Text '120289316051' is set on object 'Object Repository/Final Object Repo/Page_Update Add New Employee - ASSIST/NRIC Input'

2018-12-06 22:37:22 - [MESSAGE][PASSED] - Text '120289316051' is set on object 'Object Repository/Final Object Repo/Page_Update Add New Employee - ASSIST/NRIC Input'

2018-12-06 22:37:22 - [TEST_STEP][PASSED] - delay: Delayed 2 second(s)

2018-12-06 22:37:24 - [MESSAGE][PASSED] - Delayed 2 second(s)

2018-12-06 22:37:24 - [TEST_STEP][PASSED] - click: Object: 'Object Repository/Final Object Repo/Page_Update Add New Employee - ASSIST/button for search for IC' is clicked on

2018-12-06 22:37:24 - [MESSAGE][PASSED] - Object: 'Object Repository/Final Object Repo/Page_Update Add New Employee - ASSIST/button for search for IC' is clicked on

2018-12-06 22:37:24 - [TEST_STEP][PASSED] - delay: Object 'Object Repository/Final Object Repo/Page_Update Add New Employee - ASSIST/No Duplicate Employee Cross' is visible

2018-12-06 22:37:25 - [MESSAGE][PASSED] - Delayed 1 second(s)

2018-12-06 22:37:26 - [MESSAGE][WARNING] - Object 'Object Repository/Final Object Repo/Page_Update Add New Employee - ASSIST/No Duplicate Employee Cross' is visible
[[ATTACHMENT|C:\\Users\\Admin\\Desktop\\PKS\\Perkeso Phase A\\Reports\\Workflow\\Update Add New Employee\\20181206_171415\\1544107045955.png]]

2018-12-06 22:37:26 - [TEST_STEP][PASSED] - delay: Delayed 2 second(s)

2018-12-06 22:37:28 - [MESSAGE][PASSED] - Delayed 2 second(s)

2018-12-06 22:37:28 - [TEST_STEP][PASSED] - setText: Text 'Automate002 eligible 1' is set on object 'Object Repository/Final Object Repo/Page_Update Add New Employee - ASSIST/Employee Name Input'

2018-12-06 22:37:28 - [MESSAGE][PASSED] - Text 'Automate002 eligible 1' is set on object 'Object Repository/Final Object Repo/Page_Update Add New Employee - ASSIST/Employee Name Input'

2018-12-06 22:37:28 - [TEST_STEP][PASSED] - delay: Delayed 2 second(s)

2018-12-06 22:37:30 - [MESSAGE][PASSED] - Delayed 2 second(s)

2018-12-06 22:37:30 - [TEST_STEP][PASSED] - click: Object: 'Object Repository/Final Object Repo/Page_Update Add New Employee - ASSIST/DatePicker Pop Up' is clicked on

2018-12-06 22:37:31 - [MESSAGE][PASSED] - Object: 'Object Repository/Final Object Repo/Page_Update Add New Employee - ASSIST/DatePicker Pop Up' is clicked on

2018-12-06 22:37:31 - [TEST_STEP][PASSED] - click: Object: 'Object Repository/Final Object Repo/Page_Update Add New Employee - ASSIST/DOB Month' is clicked on

2018-12-06 22:37:31 - [MESSAGE][PASSED] - Object: 'Object Repository/Final Object Repo/Page_Update Add New Employee - ASSIST/DOB Month' is clicked on

2018-12-06 22:37:31 - [TEST_STEP][PASSED] - Statement - CurrentMonth = CurrentMonth: null

2018-12-06 22:37:31 - [TEST_STEP][PASSED] - Statement - selectMonth = new com.kms.katalon.core.testobject.TestObject(): null

2018-12-06 22:37:31 - [TEST_STEP][PASSED] - Statement - selectMonth.addProperty("xpath", EQUALS, "//body/div/div/div/select/option[@value='" + CurrentMonth + "']", true): null

2018-12-06 22:37:31 - [TEST_STEP][PASSED] - click: Object: '' is clicked on

2018-12-06 22:37:31 - [MESSAGE][PASSED] - Object: '' is clicked on

2018-12-06 22:37:31 - [TEST_STEP][PASSED] - click: Object: 'Object Repository/Final Object Repo/Page_Update Add New Employee - ASSIST/DOB Year' is clicked on

2018-12-06 22:37:31 - [MESSAGE][PASSED] - Object: 'Object Repository/Final Object Repo/Page_Update Add New Employee - ASSIST/DOB Year' is clicked on

2018-12-06 22:37:31 - [TEST_STEP][PASSED] - Statement - Eyearsbf = EighteenYrsBefore: null

2018-12-06 22:37:31 - [TEST_STEP][PASSED] - Statement - selectYear = new com.kms.katalon.core.testobject.TestObject(): null

2018-12-06 22:37:31 - [TEST_STEP][PASSED] - Statement - selectYear.addProperty("xpath", EQUALS, "//div/div/div/select/option[@value='" + Eyearsbf + "']", true): null

2018-12-06 22:37:31 - [TEST_STEP][PASSED] - click: Object: '' is clicked on

2018-12-06 22:37:31 - [MESSAGE][PASSED] - Object: '' is clicked on

2018-12-06 22:37:31 - [TEST_STEP][PASSED] - Statement - UpdatedSelectDate = com.kms.katalon.core.webui.keyword.WebUiBuiltInKeywords.modifyObjectProperty(com.kms.katalon.core.testobject.ObjectRepository.findTestObject(Final Object Repo/Page_Update Add New Employee - ASSIST/DOB Date), "xpath", "equals", "//body/div/table/tbody/tr/td/a[text()="" + CurrentDate + ""]", true): Modify property of object successfully

2018-12-06 22:37:31 - [MESSAGE][PASSED] - Modify property of object successfully

2018-12-06 22:37:31 - [TEST_STEP][PASSED] - delay: Delayed 3 second(s)

2018-12-06 22:37:34 - [MESSAGE][PASSED] - Delayed 3 second(s)

2018-12-06 22:37:34 - [TEST_STEP][PASSED] - click: Object: 'Object Repository/Final Object Repo/Page_Update Add New Employee - ASSIST/DOB Date' is clicked on

2018-12-06 22:37:34 - [MESSAGE][PASSED] - Object: 'Object Repository/Final Object Repo/Page_Update Add New Employee - ASSIST/DOB Date' is clicked on

2018-12-06 22:37:34 - [TEST_STEP][PASSED] - delay: Delayed 2 second(s)

2018-12-06 22:37:36 - [MESSAGE][PASSED] - Delayed 2 second(s)

2018-12-06 22:37:36 - [TEST_STEP][PASSED] - click: Object: 'Object Repository/Final Object Repo/Page_Update Add New Employee - ASSIST/EmploymentStartDate Pop Up' is clicked on

2018-12-06 22:37:37 - [MESSAGE][PASSED] - Object: 'Object Repository/Final Object Repo/Page_Update Add New Employee - ASSIST/EmploymentStartDate Pop Up' is clicked on

2018-12-06 22:37:37 - [TEST_STEP][PASSED] - delay: Delayed 2 second(s)

2018-12-06 22:37:39 - [MESSAGE][PASSED] - Delayed 2 second(s)

2018-12-06 22:37:39 - [TEST_STEP][PASSED] - click: Object: 'Object Repository/Final Object Repo/Page_Update Add New Employee - ASSIST/Socso Employment StartDate Month' is clicked on

2018-12-06 22:37:39 - [MESSAGE][PASSED] - Object: 'Object Repository/Final Object Repo/Page_Update Add New Employee - ASSIST/Socso Employment StartDate Month' is clicked on

2018-12-06 22:37:39 - [TEST_STEP][PASSED] - delay: Delayed 1 second(s)

2018-12-06 22:37:40 - [MESSAGE][PASSED] - Delayed 1 second(s)

2018-12-06 22:37:40 - [TEST_STEP][PASSED] - click: Object: 'Object Repository/Final Object Repo/Page_Update Add New Employee - ASSIST/Select Socso Employement Startdate Month' is clicked on

2018-12-06 22:37:40 - [MESSAGE][PASSED] - Object: 'Object Repository/Final Object Repo/Page_Update Add New Employee - ASSIST/Select Socso Employement Startdate Month' is clicked on

2018-12-06 22:37:40 - [TEST_STEP][PASSED] - delay: Delayed 2 second(s)

2018-12-06 22:37:42 - [MESSAGE][PASSED] - Delayed 2 second(s)

2018-12-06 22:37:42 - [TEST_STEP][PASSED] - click: Object: 'Object Repository/Final Object Repo/Page_Update Add New Employee - ASSIST/Socso Employment StartDate Year' is clicked on

2018-12-06 22:37:42 - [MESSAGE][PASSED] - Object: 'Object Repository/Final Object Repo/Page_Update Add New Employee - ASSIST/Socso Employment StartDate Year' is clicked on

2018-12-06 22:37:42 - [TEST_STEP][PASSED] - delay: Delayed 1 second(s)

2018-12-06 22:37:43 - [MESSAGE][PASSED] - Delayed 1 second(s)

2018-12-06 22:37:43 - [TEST_STEP][PASSED] - click: Object: 'Object Repository/Final Object Repo/Page_Update Add New Employee - ASSIST/Select Socso Employment Startdate Year' is clicked on

2018-12-06 22:37:43 - [MESSAGE][PASSED] - Object: 'Object Repository/Final Object Repo/Page_Update Add New Employee - ASSIST/Select Socso Employment Startdate Year' is clicked on

2018-12-06 22:37:43 - [TEST_STEP][PASSED] - delay: Delayed 2 second(s)

2018-12-06 22:37:45 - [MESSAGE][PASSED] - Delayed 2 second(s)

2018-12-06 22:37:45 - [TEST_STEP][PASSED] - click: Object: 'Object Repository/Final Object Repo/Page_Update Add New Employee - ASSIST/Socso Employment Start Date Day' is clicked on

2018-12-06 22:37:45 - [MESSAGE][PASSED] - Object: 'Object Repository/Final Object Repo/Page_Update Add New Employee - ASSIST/Socso Employment Start Date Day' is clicked on

2018-12-06 22:37:45 - [TEST_STEP][PASSED] - delay: Delayed 2 second(s)

2018-12-06 22:37:47 - [MESSAGE][PASSED] - Delayed 2 second(s)

2018-12-06 22:37:47 - [TEST_STEP][PASSED] - click: Object: 'Object Repository/Final Object Repo/Page_Update Add New Employee - ASSIST/Save Button for Add Employee' is clicked on

2018-12-06 22:37:48 - [MESSAGE][PASSED] - Object: 'Object Repository/Final Object Repo/Page_Update Add New Employee - ASSIST/Save Button for Add Employee' is clicked on

2018-12-06 22:37:48 - [TEST_STEP][PASSED] - delay: Delayed 20 second(s)

2018-12-06 22:38:08 - [MESSAGE][PASSED] - Delayed 20 second(s)

2018-12-06 22:38:08 - [TEST_STEP][PASSED] - click: Object: 'Object Repository/Final Object Repo/Page_Update Add New Employee - ASSIST/Add Employee Button' is clicked on

2018-12-06 22:38:08 - [MESSAGE][PASSED] - Object: 'Object Repository/Final Object Repo/Page_Update Add New Employee - ASSIST/Add Employee Button' is clicked on

2018-12-06 22:38:08 - [TEST_STEP][PASSED] - delay: Delayed 4 second(s)

2018-12-06 22:38:12 - [MESSAGE][PASSED] - Delayed 4 second(s)

2018-12-06 22:38:12 - [TEST_STEP][PASSED] - Statement - While (com.kms.katalon.core.webui.keyword.WebUiBuiltInKeywords.verifyElementNotVisible(com.kms.katalon.core.testobject.ObjectRepository.findTestObject(Final Object Repo/Page_Update Add New Employee - ASSIST/No Duplicate Employee Cross), OPTIONAL)): Object 'Object Repository/Final Object Repo/Page_Update Add New Employee - ASSIST/No Duplicate Employee Cross' is visible

2018-12-06 22:38:12 - [MESSAGE][PASSED] - Object 'Object Repository/Final Object Repo/Page_Update Add New Employee - ASSIST/No Duplicate Employee Cross' is NOT visible

2018-12-06 22:38:12 - [TEST_STEP][PASSED] - callTestCase: Call Test Case 'Test Cases/Final Aug 2018 - PKS Automation/Common/IC Generator' successfully

2018-12-06 22:38:12 - [TEST_CASE][PASSED] - Test Cases/Final Aug 2018 - PKS Automation/Common/IC Generator: Test Cases/Final Aug 2018 - PKS Automation/Common/IC Generator

2018-12-06 22:38:12 - [TEST_STEP][PASSED] - Statement - rnd = new java.util.Random(): null

2018-12-06 22:38:12 - [TEST_STEP][PASSED] - Statement - snum = rnd.nextInt(899999 + 1) + 100000: null

2018-12-06 22:38:12 - [TEST_STEP][PASSED] - Statement - tnum = rnd.nextInt(899999 + 1) + 100000: null

2018-12-06 22:38:12 - [TEST_STEP][PASSED] - Statement - IC = java.lang.Integer.toString(snum) + java.lang.Integer.toString(tnum): null

2018-12-06 22:38:12 - [TEST_STEP][PASSED] - Statement - ICtoAdd = IC: null

2018-12-06 22:38:12 - [TEST_STEP][PASSED] - Statement - out.println(ICtoAdd): null

2018-12-06 22:38:12 - [MESSAGE][PASSED] - Call Test Case 'Test Cases/Final Aug 2018 - PKS Automation/Common/IC Generator' successfully

2018-12-06 22:38:12 - [TEST_STEP][PASSED] - delay: Delayed 1 second(s)

2018-12-06 22:38:13 - [MESSAGE][PASSED] - Delayed 1 second(s)

2018-12-06 22:38:13 - [TEST_STEP][PASSED] - setText: Text '201626613722' is set on object 'Object Repository/Final Object Repo/Page_Update Add New Employee - ASSIST/NRIC Input'

2018-12-06 22:38:13 - [MESSAGE][PASSED] - Text '201626613722' is set on object 'Object Repository/Final Object Repo/Page_Update Add New Employee - ASSIST/NRIC Input'

2018-12-06 22:38:13 - [TEST_STEP][PASSED] - delay: Delayed 2 second(s)

2018-12-06 22:38:15 - [MESSAGE][PASSED] - Delayed 2 second(s)

2018-12-06 22:38:15 - [TEST_STEP][PASSED] - click: Object: 'Object Repository/Final Object Repo/Page_Update Add New Employee - ASSIST/button for search for IC' is clicked on

2018-12-06 22:38:16 - [MESSAGE][PASSED] - Object: 'Object Repository/Final Object Repo/Page_Update Add New Employee - ASSIST/button for search for IC' is clicked on

2018-12-06 22:38:16 - [TEST_STEP][PASSED] - delay: Object 'Object Repository/Final Object Repo/Page_Update Add New Employee - ASSIST/No Duplicate Employee Cross' is visible

2018-12-06 22:38:17 - [MESSAGE][PASSED] - Delayed 1 second(s)

2018-12-06 22:38:17 - [MESSAGE][WARNING] - Object 'Object Repository/Final Object Repo/Page_Update Add New Employee - ASSIST/No Duplicate Employee Cross' is visible
[[ATTACHMENT|C:\\Users\\Admin\\Desktop\\PKS\\Perkeso Phase A\\Reports\\Workflow\\Update Add New Employee\\20181206_171415\\1544107097218.png]]

2018-12-06 22:38:17 - [TEST_STEP][PASSED] - delay: Delayed 2 second(s)

2018-12-06 22:38:19 - [MESSAGE][PASSED] - Delayed 2 second(s)

2018-12-06 22:38:19 - [TEST_STEP][PASSED] - setText: Text 'Automate002 eligible 2' is set on object 'Object Repository/Final Object Repo/Page_Update Add New Employee - ASSIST/Employee Name Input'

2018-12-06 22:38:20 - [MESSAGE][PASSED] - Text 'Automate002 eligible 2' is set on object 'Object Repository/Final Object Repo/Page_Update Add New Employee - ASSIST/Employee Name Input'

2018-12-06 22:38:20 - [TEST_STEP][PASSED] - delay: Delayed 3 second(s)

2018-12-06 22:38:23 - [MESSAGE][PASSED] - Delayed 3 second(s)

2018-12-06 22:38:23 - [TEST_STEP][PASSED] - click: Object: 'Object Repository/Final Object Repo/Page_Update Add New Employee - ASSIST/DatePicker Pop Up' is clicked on

2018-12-06 22:38:23 - [MESSAGE][PASSED] - Object: 'Object Repository/Final Object Repo/Page_Update Add New Employee - ASSIST/DatePicker Pop Up' is clicked on

2018-12-06 22:38:23 - [TEST_STEP][PASSED] - delay: Delayed 2 second(s)

2018-12-06 22:38:25 - [MESSAGE][PASSED] - Delayed 2 second(s)

2018-12-06 22:38:25 - [TEST_STEP][PASSED] - click: Object: 'Object Repository/Final Object Repo/Page_Update Add New Employee - ASSIST/DOB Month' is clicked on

2018-12-06 22:38:25 - [MESSAGE][PASSED] - Object: 'Object Repository/Final Object Repo/Page_Update Add New Employee - ASSIST/DOB Month' is clicked on

2018-12-06 22:38:25 - [TEST_STEP][PASSED] - Statement - selectMonth = com.kms.katalon.core.webui.keyword.WebUiBuiltInKeywords.modifyObjectProperty(selectMonth, "xpath", "equals", "//body/div/div/div/select/option[@value="" + CurrentMonth + ""]", true): Modify property of object successfully

2018-12-06 22:38:25 - [MESSAGE][PASSED] - Modify property of object successfully

2018-12-06 22:38:25 - [TEST_STEP][PASSED] - click: Object: '' is clicked on

2018-12-06 22:38:25 - [MESSAGE][PASSED] - Object: '' is clicked on

2018-12-06 22:38:25 - [TEST_STEP][PASSED] - delay: Delayed 2 second(s)

2018-12-06 22:38:27 - [MESSAGE][PASSED] - Delayed 2 second(s)

2018-12-06 22:38:27 - [TEST_STEP][PASSED] - click: Object: 'Object Repository/Final Object Repo/Page_Update Add New Employee - ASSIST/DOB Year' is clicked on

2018-12-06 22:38:27 - [MESSAGE][PASSED] - Object: 'Object Repository/Final Object Repo/Page_Update Add New Employee - ASSIST/DOB Year' is clicked on

2018-12-06 22:38:27 - [TEST_STEP][PASSED] - Statement - selectYear = com.kms.katalon.core.webui.keyword.WebUiBuiltInKeywords.modifyObjectProperty(selectYear, "xpath", "equals", "//div/div/div/select/option[@value="" + FiftysevenYrsBefore + ""]", true): Modify property of object successfully

2018-12-06 22:38:27 - [MESSAGE][PASSED] - Modify property of object successfully

2018-12-06 22:38:27 - [TEST_STEP][PASSED] - click: Object: '' is clicked on

2018-12-06 22:38:27 - [MESSAGE][PASSED] - Object: '' is clicked on

2018-12-06 22:38:27 - [TEST_STEP][PASSED] - delay: Delayed 2 second(s)

2018-12-06 22:38:29 - [MESSAGE][PASSED] - Delayed 2 second(s)

2018-12-06 22:38:29 - [TEST_STEP][PASSED] - Statement - UpdatedSelectDate = com.kms.katalon.core.webui.keyword.WebUiBuiltInKeywords.modifyObjectProperty(com.kms.katalon.core.testobject.ObjectRepository.findTestObject(Final Object Repo/Page_Update Add New Employee - ASSIST/DOB Date), "xpath", "equals", "//body/div/table/tbody/tr/td/a[text()="" + OneDayBefore + ""]", true): Modify property of object successfully

2018-12-06 22:38:29 - [MESSAGE][PASSED] - Modify property of object successfully

2018-12-06 22:38:29 - [TEST_STEP][PASSED] - click: Object: 'Object Repository/Final Object Repo/Page_Update Add New Employee - ASSIST/DOB Date' is clicked on

2018-12-06 22:38:30 - [MESSAGE][PASSED] - Object: 'Object Repository/Final Object Repo/Page_Update Add New Employee - ASSIST/DOB Date' is clicked on

2018-12-06 22:38:30 - [TEST_STEP][PASSED] - delay: Delayed 2 second(s)

2018-12-06 22:38:32 - [MESSAGE][PASSED] - Delayed 2 second(s)

2018-12-06 22:38:32 - [TEST_STEP][PASSED] - click: Object: 'Object Repository/Final Object Repo/Page_Update Add New Employee - ASSIST/EmploymentStartDate Pop Up' is clicked on

2018-12-06 22:38:32 - [MESSAGE][PASSED] - Object: 'Object Repository/Final Object Repo/Page_Update Add New Employee - ASSIST/EmploymentStartDate Pop Up' is clicked on

2018-12-06 22:38:32 - [TEST_STEP][PASSED] - delay: Delayed 2 second(s)

2018-12-06 22:38:34 - [MESSAGE][PASSED] - Delayed 2 second(s)

2018-12-06 22:38:34 - [TEST_STEP][PASSED] - click: Object: 'Object Repository/Final Object Repo/Page_Update Add New Employee - ASSIST/Socso Employment StartDate Month' is clicked on

2018-12-06 22:38:34 - [MESSAGE][PASSED] - Object: 'Object Repository/Final Object Repo/Page_Update Add New Employee - ASSIST/Socso Employment StartDate Month' is clicked on

2018-12-06 22:38:34 - [TEST_STEP][PASSED] - delay: Delayed 1 second(s)

2018-12-06 22:38:35 - [MESSAGE][PASSED] - Delayed 1 second(s)

2018-12-06 22:38:35 - [TEST_STEP][PASSED] - click: Object: 'Object Repository/Final Object Repo/Page_Update Add New Employee - ASSIST/Select Socso Employement Startdate Month' is clicked on

2018-12-06 22:38:35 - [MESSAGE][PASSED] - Object: 'Object Repository/Final Object Repo/Page_Update Add New Employee - ASSIST/Select Socso Employement Startdate Month' is clicked on

2018-12-06 22:38:35 - [TEST_STEP][PASSED] - delay: Delayed 2 second(s)

2018-12-06 22:38:37 - [MESSAGE][PASSED] - Delayed 2 second(s)

2018-12-06 22:38:37 - [TEST_STEP][PASSED] - click: Object: 'Object Repository/Final Object Repo/Page_Update Add New Employee - ASSIST/Socso Employment StartDate Year' is clicked on

2018-12-06 22:38:37 - [MESSAGE][PASSED] - Object: 'Object Repository/Final Object Repo/Page_Update Add New Employee - ASSIST/Socso Employment StartDate Year' is clicked on

2018-12-06 22:38:37 - [TEST_STEP][PASSED] - delay: Delayed 1 second(s)

2018-12-06 22:38:38 - [MESSAGE][PASSED] - Delayed 1 second(s)

2018-12-06 22:38:38 - [TEST_STEP][PASSED] - click: Object: 'Object Repository/Final Object Repo/Page_Update Add New Employee - ASSIST/Select Socso Employment Startdate Year' is clicked on

2018-12-06 22:38:38 - [MESSAGE][PASSED] - Object: 'Object Repository/Final Object Repo/Page_Update Add New Employee - ASSIST/Select Socso Employment Startdate Year' is clicked on

2018-12-06 22:38:38 - [TEST_STEP][PASSED] - delay: Delayed 2 second(s)

2018-12-06 22:38:40 - [MESSAGE][PASSED] - Delayed 2 second(s)

2018-12-06 22:38:40 - [TEST_STEP][PASSED] - click: Object: 'Object Repository/Final Object Repo/Page_Update Add New Employee - ASSIST/Socso Employment Start Date Day' is clicked on

2018-12-06 22:38:41 - [MESSAGE][PASSED] - Object: 'Object Repository/Final Object Repo/Page_Update Add New Employee - ASSIST/Socso Employment Start Date Day' is clicked on

2018-12-06 22:38:41 - [TEST_STEP][PASSED] - delay: Delayed 2 second(s)

2018-12-06 22:38:43 - [MESSAGE][PASSED] - Delayed 2 second(s)

2018-12-06 22:38:43 - [TEST_STEP][PASSED] - click: Object: 'Object Repository/Final Object Repo/Page_Update Add New Employee - ASSIST/Save Button for Add Employee' is clicked on

2018-12-06 22:38:43 - [MESSAGE][PASSED] - Object: 'Object Repository/Final Object Repo/Page_Update Add New Employee - ASSIST/Save Button for Add Employee' is clicked on

2018-12-06 22:38:43 - [TEST_STEP][PASSED] - delay: Delayed 20 second(s)

2018-12-06 22:39:03 - [MESSAGE][PASSED] - Delayed 20 second(s)

2018-12-06 22:39:03 - [TEST_STEP][PASSED] - waitForElementClickable: Object 'Object Repository/Final Object Repo/Page_Update Add New Employee - ASSIST/Add Employee Button' is clickable

2018-12-06 22:39:03 - [MESSAGE][PASSED] - Object 'Object Repository/Final Object Repo/Page_Update Add New Employee - ASSIST/Add Employee Button' is clickable

2018-12-06 22:39:03 - [TEST_STEP][PASSED] - click: Object: 'Object Repository/Final Object Repo/Page_Update Add New Employee - ASSIST/Add Employee Button' is clicked on

2018-12-06 22:39:03 - [MESSAGE][PASSED] - Object: 'Object Repository/Final Object Repo/Page_Update Add New Employee - ASSIST/Add Employee Button' is clicked on

2018-12-06 22:39:03 - [TEST_STEP][PASSED] - delay: Delayed 4 second(s)

2018-12-06 22:39:07 - [MESSAGE][PASSED] - Delayed 4 second(s)

2018-12-06 22:39:07 - [TEST_STEP][PASSED] - Statement - While (com.kms.katalon.core.webui.keyword.WebUiBuiltInKeywords.verifyElementNotVisible(com.kms.katalon.core.testobject.ObjectRepository.findTestObject(Final Object Repo/Page_Update Add New Employee - ASSIST/No Duplicate Employee Cross), OPTIONAL)): Object 'Object Repository/Final Object Repo/Page_Update Add New Employee - ASSIST/No Duplicate Employee Cross' is visible

2018-12-06 22:39:07 - [MESSAGE][PASSED] - Object 'Object Repository/Final Object Repo/Page_Update Add New Employee - ASSIST/No Duplicate Employee Cross' is NOT visible

2018-12-06 22:39:07 - [TEST_STEP][PASSED] - callTestCase: Call Test Case 'Test Cases/Final Aug 2018 - PKS Automation/Common/IC Generator' successfully

2018-12-06 22:39:07 - [TEST_CASE][PASSED] - Test Cases/Final Aug 2018 - PKS Automation/Common/IC Generator: Test Cases/Final Aug 2018 - PKS Automation/Common/IC Generator

2018-12-06 22:39:07 - [TEST_STEP][PASSED] - Statement - rnd = new java.util.Random(): null

2018-12-06 22:39:07 - [TEST_STEP][PASSED] - Statement - snum = rnd.nextInt(899999 + 1) + 100000: null

2018-12-06 22:39:07 - [TEST_STEP][PASSED] - Statement - tnum = rnd.nextInt(899999 + 1) + 100000: null

2018-12-06 22:39:07 - [TEST_STEP][PASSED] - Statement - IC = java.lang.Integer.toString(snum) + java.lang.Integer.toString(tnum): null

2018-12-06 22:39:07 - [TEST_STEP][PASSED] - Statement - ICtoAdd = IC: null

2018-12-06 22:39:07 - [TEST_STEP][PASSED] - Statement - out.println(ICtoAdd): null

2018-12-06 22:39:07 - [MESSAGE][PASSED] - Call Test Case 'Test Cases/Final Aug 2018 - PKS Automation/Common/IC Generator' successfully

2018-12-06 22:39:07 - [TEST_STEP][PASSED] - delay: Delayed 1 second(s)

2018-12-06 22:39:08 - [MESSAGE][PASSED] - Delayed 1 second(s)

2018-12-06 22:39:08 - [TEST_STEP][PASSED] - setText: Text '157551392029' is set on object 'Object Repository/Final Object Repo/Page_Update Add New Employee - ASSIST/NRIC Input'

2018-12-06 22:39:09 - [MESSAGE][PASSED] - Text '157551392029' is set on object 'Object Repository/Final Object Repo/Page_Update Add New Employee - ASSIST/NRIC Input'

2018-12-06 22:39:09 - [TEST_STEP][PASSED] - delay: Delayed 2 second(s)

2018-12-06 22:39:11 - [MESSAGE][PASSED] - Delayed 2 second(s)

2018-12-06 22:39:11 - [TEST_STEP][PASSED] - click: Object: 'Object Repository/Final Object Repo/Page_Update Add New Employee - ASSIST/button for search for IC' is clicked on

2018-12-06 22:39:11 - [MESSAGE][PASSED] - Object: 'Object Repository/Final Object Repo/Page_Update Add New Employee - ASSIST/button for search for IC' is clicked on

2018-12-06 22:39:11 - [TEST_STEP][PASSED] - delay: Object 'Object Repository/Final Object Repo/Page_Update Add New Employee - ASSIST/No Duplicate Employee Cross' is visible

2018-12-06 22:39:12 - [MESSAGE][PASSED] - Delayed 1 second(s)

2018-12-06 22:39:12 - [MESSAGE][WARNING] - Object 'Object Repository/Final Object Repo/Page_Update Add New Employee - ASSIST/No Duplicate Employee Cross' is visible
[[ATTACHMENT|C:\\Users\\Admin\\Desktop\\PKS\\Perkeso Phase A\\Reports\\Workflow\\Update Add New Employee\\20181206_171415\\1544107152473.png]]

2018-12-06 22:39:12 - [TEST_STEP][PASSED] - delay: Delayed 2 second(s)

2018-12-06 22:39:14 - [MESSAGE][PASSED] - Delayed 2 second(s)

2018-12-06 22:39:14 - [TEST_STEP][PASSED] - setText: Text 'Automate002 not eligible 1' is set on object 'Object Repository/Final Object Repo/Page_Update Add New Employee - ASSIST/Employee Name Input'

2018-12-06 22:39:15 - [MESSAGE][PASSED] - Text 'Automate002 not eligible 1' is set on object 'Object Repository/Final Object Repo/Page_Update Add New Employee - ASSIST/Employee Name Input'

2018-12-06 22:39:15 - [TEST_STEP][PASSED] - delay: Delayed 2 second(s)

2018-12-06 22:39:17 - [MESSAGE][PASSED] - Delayed 2 second(s)

2018-12-06 22:39:17 - [TEST_STEP][PASSED] - click: Object: 'Object Repository/Final Object Repo/Page_Update Add New Employee - ASSIST/DatePicker Pop Up' is clicked on

2018-12-06 22:39:17 - [MESSAGE][PASSED] - Object: 'Object Repository/Final Object Repo/Page_Update Add New Employee - ASSIST/DatePicker Pop Up' is clicked on

2018-12-06 22:39:17 - [TEST_STEP][PASSED] - delay: Delayed 2 second(s)

2018-12-06 22:39:19 - [MESSAGE][PASSED] - Delayed 2 second(s)

2018-12-06 22:39:19 - [TEST_STEP][PASSED] - click: Object: 'Object Repository/Final Object Repo/Page_Update Add New Employee - ASSIST/DOB Month' is clicked on

2018-12-06 22:39:19 - [MESSAGE][PASSED] - Object: 'Object Repository/Final Object Repo/Page_Update Add New Employee - ASSIST/DOB Month' is clicked on

2018-12-06 22:39:19 - [TEST_STEP][PASSED] - Statement - selectMonth = com.kms.katalon.core.webui.keyword.WebUiBuiltInKeywords.modifyObjectProperty(selectMonth, "xpath", "equals", "//body/div/div/div/select/option[@value="" + CurrentMonth + ""]", true): Modify property of object successfully

2018-12-06 22:39:19 - [MESSAGE][PASSED] - Modify property of object successfully

2018-12-06 22:39:19 - [TEST_STEP][PASSED] - click: Object: '' is clicked on

2018-12-06 22:39:19 - [MESSAGE][PASSED] - Object: '' is clicked on

2018-12-06 22:39:19 - [TEST_STEP][PASSED] - delay: Delayed 2 second(s)

2018-12-06 22:39:21 - [MESSAGE][PASSED] - Delayed 2 second(s)

2018-12-06 22:39:21 - [TEST_STEP][PASSED] - click: Object: 'Object Repository/Final Object Repo/Page_Update Add New Employee - ASSIST/DOB Year' is clicked on

2018-12-06 22:39:22 - [MESSAGE][PASSED] - Object: 'Object Repository/Final Object Repo/Page_Update Add New Employee - ASSIST/DOB Year' is clicked on

2018-12-06 22:39:22 - [TEST_STEP][PASSED] - Statement - selectYear = com.kms.katalon.core.webui.keyword.WebUiBuiltInKeywords.modifyObjectProperty(selectYear, "xpath", "equals", "//div/div/div/select/option[@value="" + EighteenYrsBefore + ""]", true): Modify property of object successfully

2018-12-06 22:39:22 - [MESSAGE][PASSED] - Modify property of object successfully

2018-12-06 22:39:22 - [TEST_STEP][PASSED] - click: Object: '' is clicked on

2018-12-06 22:39:22 - [MESSAGE][PASSED] - Object: '' is clicked on

2018-12-06 22:39:22 - [TEST_STEP][PASSED] - delay: Delayed 2 second(s)

2018-12-06 22:39:24 - [MESSAGE][PASSED] - Delayed 2 second(s)

2018-12-06 22:39:24 - [TEST_STEP][PASSED] - Statement - UpdatedSelectDate = com.kms.katalon.core.webui.keyword.WebUiBuiltInKeywords.modifyObjectProperty(com.kms.katalon.core.testobject.ObjectRepository.findTestObject(Final Object Repo/Page_Update Add New Employee - ASSIST/DOB Date), "xpath", "equals", "//body/div/table/tbody/tr/td/a[text()="" + OneDayBefore + ""]", true): Modify property of object successfully

2018-12-06 22:39:24 - [MESSAGE][PASSED] - Modify property of object successfully

2018-12-06 22:39:24 - [TEST_STEP][PASSED] - click: Object: 'Object Repository/Final Object Repo/Page_Update Add New Employee - ASSIST/DOB Date' is clicked on

2018-12-06 22:39:24 - [MESSAGE][PASSED] - Object: 'Object Repository/Final Object Repo/Page_Update Add New Employee - ASSIST/DOB Date' is clicked on

2018-12-06 22:39:24 - [TEST_STEP][PASSED] - delay: Delayed 2 second(s)

2018-12-06 22:39:26 - [MESSAGE][PASSED] - Delayed 2 second(s)

2018-12-06 22:39:26 - [TEST_STEP][PASSED] - click: Object: 'Object Repository/Final Object Repo/Page_Update Add New Employee - ASSIST/EmploymentStartDate Pop Up' is clicked on

2018-12-06 22:39:26 - [MESSAGE][PASSED] - Object: 'Object Repository/Final Object Repo/Page_Update Add New Employee - ASSIST/EmploymentStartDate Pop Up' is clicked on

2018-12-06 22:39:26 - [TEST_STEP][PASSED] - delay: Delayed 2 second(s)

2018-12-06 22:39:28 - [MESSAGE][PASSED] - Delayed 2 second(s)

2018-12-06 22:39:28 - [TEST_STEP][PASSED] - click: Object: 'Object Repository/Final Object Repo/Page_Update Add New Employee - ASSIST/Socso Employment StartDate Month' is clicked on

2018-12-06 22:39:28 - [MESSAGE][PASSED] - Object: 'Object Repository/Final Object Repo/Page_Update Add New Employee - ASSIST/Socso Employment StartDate Month' is clicked on

2018-12-06 22:39:28 - [TEST_STEP][PASSED] - delay: Delayed 1 second(s)

2018-12-06 22:39:29 - [MESSAGE][PASSED] - Delayed 1 second(s)

2018-12-06 22:39:29 - [TEST_STEP][PASSED] - click: Object: 'Object Repository/Final Object Repo/Page_Update Add New Employee - ASSIST/Select Socso Employement Startdate Month' is clicked on

2018-12-06 22:39:29 - [MESSAGE][PASSED] - Object: 'Object Repository/Final Object Repo/Page_Update Add New Employee - ASSIST/Select Socso Employement Startdate Month' is clicked on

2018-12-06 22:39:29 - [TEST_STEP][PASSED] - delay: Delayed 2 second(s)

2018-12-06 22:39:31 - [MESSAGE][PASSED] - Delayed 2 second(s)

2018-12-06 22:39:31 - [TEST_STEP][PASSED] - click: Object: 'Object Repository/Final Object Repo/Page_Update Add New Employee - ASSIST/Socso Employment StartDate Year' is clicked on

2018-12-06 22:39:32 - [MESSAGE][PASSED] - Object: 'Object Repository/Final Object Repo/Page_Update Add New Employee - ASSIST/Socso Employment StartDate Year' is clicked on

2018-12-06 22:39:32 - [TEST_STEP][PASSED] - delay: Delayed 1 second(s)

2018-12-06 22:39:33 - [MESSAGE][PASSED] - Delayed 1 second(s)

2018-12-06 22:39:33 - [TEST_STEP][PASSED] - click: Object: 'Object Repository/Final Object Repo/Page_Update Add New Employee - ASSIST/Select Socso Employment Startdate Year' is clicked on

2018-12-06 22:39:33 - [MESSAGE][PASSED] - Object: 'Object Repository/Final Object Repo/Page_Update Add New Employee - ASSIST/Select Socso Employment Startdate Year' is clicked on

2018-12-06 22:39:33 - [TEST_STEP][PASSED] - delay: Delayed 2 second(s)

2018-12-06 22:39:35 - [MESSAGE][PASSED] - Delayed 2 second(s)

2018-12-06 22:39:35 - [TEST_STEP][PASSED] - click: Object: 'Object Repository/Final Object Repo/Page_Update Add New Employee - ASSIST/Socso Employment Start Date Day' is clicked on

2018-12-06 22:39:35 - [MESSAGE][PASSED] - Object: 'Object Repository/Final Object Repo/Page_Update Add New Employee - ASSIST/Socso Employment Start Date Day' is clicked on

2018-12-06 22:39:35 - [TEST_STEP][PASSED] - delay: Delayed 2 second(s)

2018-12-06 22:39:37 - [MESSAGE][PASSED] - Delayed 2 second(s)

2018-12-06 22:39:37 - [TEST_STEP][PASSED] - click: Object: 'Object Repository/Final Object Repo/Page_Update Add New Employee - ASSIST/Save Button for Add Employee' is clicked on

2018-12-06 22:39:37 - [MESSAGE][PASSED] - Object: 'Object Repository/Final Object Repo/Page_Update Add New Employee - ASSIST/Save Button for Add Employee' is clicked on

2018-12-06 22:39:37 - [TEST_STEP][PASSED] - delay: Delayed 20 second(s)

2018-12-06 22:39:57 - [MESSAGE][PASSED] - Delayed 20 second(s)

2018-12-06 22:39:57 - [TEST_STEP][PASSED] - click: Object: 'Object Repository/Final Object Repo/Page_Update Add New Employee - ASSIST/Add Employee Button' is clicked on

2018-12-06 22:39:57 - [MESSAGE][PASSED] - Object: 'Object Repository/Final Object Repo/Page_Update Add New Employee - ASSIST/Add Employee Button' is clicked on

2018-12-06 22:39:57 - [TEST_STEP][PASSED] - delay: Delayed 4 second(s)

2018-12-06 22:40:01 - [MESSAGE][PASSED] - Delayed 4 second(s)

2018-12-06 22:40:01 - [TEST_STEP][PASSED] - Statement - While (com.kms.katalon.core.webui.keyword.WebUiBuiltInKeywords.verifyElementNotVisible(com.kms.katalon.core.testobject.ObjectRepository.findTestObject(Final Object Repo/Page_Update Add New Employee - ASSIST/No Duplicate Employee Cross), OPTIONAL)): Object 'Object Repository/Final Object Repo/Page_Update Add New Employee - ASSIST/No Duplicate Employee Cross' is visible

2018-12-06 22:40:01 - [MESSAGE][PASSED] - Object 'Object Repository/Final Object Repo/Page_Update Add New Employee - ASSIST/No Duplicate Employee Cross' is NOT visible

2018-12-06 22:40:01 - [TEST_STEP][PASSED] - callTestCase: Call Test Case 'Test Cases/Final Aug 2018 - PKS Automation/Common/IC Generator' successfully

2018-12-06 22:40:02 - [TEST_CASE][PASSED] - Test Cases/Final Aug 2018 - PKS Automation/Common/IC Generator: Test Cases/Final Aug 2018 - PKS Automation/Common/IC Generator

2018-12-06 22:40:02 - [TEST_STEP][PASSED] - Statement - rnd = new java.util.Random(): null

2018-12-06 22:40:02 - [TEST_STEP][PASSED] - Statement - snum = rnd.nextInt(899999 + 1) + 100000: null

2018-12-06 22:40:02 - [TEST_STEP][PASSED] - Statement - tnum = rnd.nextInt(899999 + 1) + 100000: null

2018-12-06 22:40:02 - [TEST_STEP][PASSED] - Statement - IC = java.lang.Integer.toString(snum) + java.lang.Integer.toString(tnum): null

2018-12-06 22:40:02 - [TEST_STEP][PASSED] - Statement - ICtoAdd = IC: null

2018-12-06 22:40:02 - [TEST_STEP][PASSED] - Statement - out.println(ICtoAdd): null

2018-12-06 22:40:02 - [MESSAGE][PASSED] - Call Test Case 'Test Cases/Final Aug 2018 - PKS Automation/Common/IC Generator' successfully

2018-12-06 22:40:02 - [TEST_STEP][PASSED] - delay: Delayed 1 second(s)

2018-12-06 22:40:03 - [MESSAGE][PASSED] - Delayed 1 second(s)

2018-12-06 22:40:03 - [TEST_STEP][PASSED] - setText: Text '115946451467' is set on object 'Object Repository/Final Object Repo/Page_Update Add New Employee - ASSIST/NRIC Input'

2018-12-06 22:40:03 - [MESSAGE][PASSED] - Text '115946451467' is set on object 'Object Repository/Final Object Repo/Page_Update Add New Employee - ASSIST/NRIC Input'

2018-12-06 22:40:03 - [TEST_STEP][PASSED] - delay: Delayed 2 second(s)

2018-12-06 22:40:05 - [MESSAGE][PASSED] - Delayed 2 second(s)

2018-12-06 22:40:05 - [TEST_STEP][PASSED] - click: Object: 'Object Repository/Final Object Repo/Page_Update Add New Employee - ASSIST/button for search for IC' is clicked on

2018-12-06 22:40:05 - [MESSAGE][PASSED] - Object: 'Object Repository/Final Object Repo/Page_Update Add New Employee - ASSIST/button for search for IC' is clicked on

2018-12-06 22:40:05 - [TEST_STEP][PASSED] - delay: Object 'Object Repository/Final Object Repo/Page_Update Add New Employee - ASSIST/No Duplicate Employee Cross' is visible

2018-12-06 22:40:06 - [MESSAGE][PASSED] - Delayed 1 second(s)

2018-12-06 22:40:06 - [MESSAGE][WARNING] - Object 'Object Repository/Final Object Repo/Page_Update Add New Employee - ASSIST/No Duplicate Employee Cross' is visible
[[ATTACHMENT|C:\\Users\\Admin\\Desktop\\PKS\\Perkeso Phase A\\Reports\\Workflow\\Update Add New Employee\\20181206_171415\\1544107206636.png]]

2018-12-06 22:40:06 - [TEST_STEP][PASSED] - delay: Delayed 2 second(s)

2018-12-06 22:40:08 - [MESSAGE][PASSED] - Delayed 2 second(s)

2018-12-06 22:40:08 - [TEST_STEP][PASSED] - setText: Text 'Automate002 not eligible 2' is set on object 'Object Repository/Final Object Repo/Page_Update Add New Employee - ASSIST/Employee Name Input'

2018-12-06 22:40:09 - [MESSAGE][PASSED] - Text 'Automate002 not eligible 2' is set on object 'Object Repository/Final Object Repo/Page_Update Add New Employee - ASSIST/Employee Name Input'

2018-12-06 22:40:09 - [TEST_STEP][PASSED] - delay: Delayed 2 second(s)

2018-12-06 22:40:11 - [MESSAGE][PASSED] - Delayed 2 second(s)

2018-12-06 22:40:11 - [TEST_STEP][PASSED] - click: Object: 'Object Repository/Final Object Repo/Page_Update Add New Employee - ASSIST/DatePicker Pop Up' is clicked on

2018-12-06 22:40:11 - [MESSAGE][PASSED] - Object: 'Object Repository/Final Object Repo/Page_Update Add New Employee - ASSIST/DatePicker Pop Up' is clicked on

2018-12-06 22:40:11 - [TEST_STEP][PASSED] - delay: Delayed 2 second(s)

2018-12-06 22:40:13 - [MESSAGE][PASSED] - Delayed 2 second(s)

2018-12-06 22:40:13 - [TEST_STEP][PASSED] - click: Object: 'Object Repository/Final Object Repo/Page_Update Add New Employee - ASSIST/DOB Month' is clicked on

2018-12-06 22:40:13 - [MESSAGE][PASSED] - Object: 'Object Repository/Final Object Repo/Page_Update Add New Employee - ASSIST/DOB Month' is clicked on

2018-12-06 22:40:13 - [TEST_STEP][PASSED] - Statement - selectMonth = com.kms.katalon.core.webui.keyword.WebUiBuiltInKeywords.modifyObjectProperty(selectMonth, "xpath", "equals", "//body/div/div/div/select/option[@value="" + CurrentMonth + ""]", true): Modify property of object successfully

2018-12-06 22:40:13 - [MESSAGE][PASSED] - Modify property of object successfully

2018-12-06 22:40:13 - [TEST_STEP][PASSED] - click: Object: '' is clicked on

2018-12-06 22:40:14 - [MESSAGE][PASSED] - Object: '' is clicked on

2018-12-06 22:40:14 - [TEST_STEP][PASSED] - delay: Delayed 2 second(s)

2018-12-06 22:40:16 - [MESSAGE][PASSED] - Delayed 2 second(s)

2018-12-06 22:40:16 - [TEST_STEP][PASSED] - click: Object: 'Object Repository/Final Object Repo/Page_Update Add New Employee - ASSIST/DOB Year' is clicked on

2018-12-06 22:40:16 - [MESSAGE][PASSED] - Object: 'Object Repository/Final Object Repo/Page_Update Add New Employee - ASSIST/DOB Year' is clicked on

2018-12-06 22:40:16 - [TEST_STEP][PASSED] - Statement - selectYear = com.kms.katalon.core.webui.keyword.WebUiBuiltInKeywords.modifyObjectProperty(selectYear, "xpath", "equals", "//div/div/div/select/option[@value="" + FiftysevenYrsBefore + ""]", true): Modify property of object successfully

2018-12-06 22:40:16 - [MESSAGE][PASSED] - Modify property of object successfully

2018-12-06 22:40:16 - [TEST_STEP][PASSED] - click: Object: '' is clicked on

2018-12-06 22:40:16 - [MESSAGE][PASSED] - Object: '' is clicked on

2018-12-06 22:40:16 - [TEST_STEP][PASSED] - delay: Delayed 2 second(s)

2018-12-06 22:40:18 - [MESSAGE][PASSED] - Delayed 2 second(s)

2018-12-06 22:40:18 - [TEST_STEP][PASSED] - Statement - UpdatedSelectDate = com.kms.katalon.core.webui.keyword.WebUiBuiltInKeywords.modifyObjectProperty(com.kms.katalon.core.testobject.ObjectRepository.findTestObject(Final Object Repo/Page_Update Add New Employee - ASSIST/DOB Date), "xpath", "equals", "//body/div/table/tbody/tr/td/a[text()="" + CurrentDate + ""]", true): Modify property of object successfully

2018-12-06 22:40:18 - [MESSAGE][PASSED] - Modify property of object successfully

2018-12-06 22:40:18 - [TEST_STEP][PASSED] - click: Object: 'Object Repository/Final Object Repo/Page_Update Add New Employee - ASSIST/DOB Date' is clicked on

2018-12-06 22:40:18 - [MESSAGE][PASSED] - Object: 'Object Repository/Final Object Repo/Page_Update Add New Employee - ASSIST/DOB Date' is clicked on

2018-12-06 22:40:18 - [TEST_STEP][PASSED] - click: Object: 'Object Repository/Final Object Repo/Page_Update Add New Employee - ASSIST/EmploymentStartDate Pop Up' is clicked on

2018-12-06 22:40:18 - [MESSAGE][PASSED] - Object: 'Object Repository/Final Object Repo/Page_Update Add New Employee - ASSIST/EmploymentStartDate Pop Up' is clicked on

2018-12-06 22:40:18 - [TEST_STEP][PASSED] - delay: Delayed 2 second(s)

2018-12-06 22:40:20 - [MESSAGE][PASSED] - Delayed 2 second(s)

2018-12-06 22:40:20 - [TEST_STEP][PASSED] - click: Object: 'Object Repository/Final Object Repo/Page_Update Add New Employee - ASSIST/Socso Employment StartDate Month' is clicked on

2018-12-06 22:40:20 - [MESSAGE][PASSED] - Object: 'Object Repository/Final Object Repo/Page_Update Add New Employee - ASSIST/Socso Employment StartDate Month' is clicked on

2018-12-06 22:40:20 - [TEST_STEP][PASSED] - delay: Delayed 1 second(s)

2018-12-06 22:40:21 - [MESSAGE][PASSED] - Delayed 1 second(s)

2018-12-06 22:40:21 - [TEST_STEP][PASSED] - click: Object: 'Object Repository/Final Object Repo/Page_Update Add New Employee - ASSIST/Select Socso Employement Startdate Month' is clicked on

2018-12-06 22:40:22 - [MESSAGE][PASSED] - Object: 'Object Repository/Final Object Repo/Page_Update Add New Employee - ASSIST/Select Socso Employement Startdate Month' is clicked on

2018-12-06 22:40:22 - [TEST_STEP][PASSED] - delay: Delayed 2 second(s)

2018-12-06 22:40:24 - [MESSAGE][PASSED] - Delayed 2 second(s)

2018-12-06 22:40:24 - [TEST_STEP][PASSED] - click: Object: 'Object Repository/Final Object Repo/Page_Update Add New Employee - ASSIST/Socso Employment StartDate Year' is clicked on

2018-12-06 22:40:24 - [MESSAGE][PASSED] - Object: 'Object Repository/Final Object Repo/Page_Update Add New Employee - ASSIST/Socso Employment StartDate Year' is clicked on

2018-12-06 22:40:24 - [TEST_STEP][PASSED] - delay: Delayed 1 second(s)

2018-12-06 22:40:25 - [MESSAGE][PASSED] - Delayed 1 second(s)

2018-12-06 22:40:25 - [TEST_STEP][PASSED] - click: Object: 'Object Repository/Final Object Repo/Page_Update Add New Employee - ASSIST/Select Socso Employment Startdate Year' is clicked on

2018-12-06 22:40:25 - [MESSAGE][PASSED] - Object: 'Object Repository/Final Object Repo/Page_Update Add New Employee - ASSIST/Select Socso Employment Startdate Year' is clicked on

2018-12-06 22:40:25 - [TEST_STEP][PASSED] - delay: Delayed 2 second(s)

2018-12-06 22:40:27 - [MESSAGE][PASSED] - Delayed 2 second(s)

2018-12-06 22:40:27 - [TEST_STEP][PASSED] - click: Object: 'Object Repository/Final Object Repo/Page_Update Add New Employee - ASSIST/Socso Employment Start Date Day' is clicked on

2018-12-06 22:40:27 - [MESSAGE][PASSED] - Object: 'Object Repository/Final Object Repo/Page_Update Add New Employee - ASSIST/Socso Employment Start Date Day' is clicked on

2018-12-06 22:40:27 - [TEST_STEP][PASSED] - delay: Delayed 2 second(s)

2018-12-06 22:40:29 - [MESSAGE][PASSED] - Delayed 2 second(s)

2018-12-06 22:40:29 - [TEST_STEP][PASSED] - click: Object: 'Object Repository/Final Object Repo/Page_Update Add New Employee - ASSIST/Save Button for Add Employee' is clicked on

2018-12-06 22:40:29 - [MESSAGE][PASSED] - Object: 'Object Repository/Final Object Repo/Page_Update Add New Employee - ASSIST/Save Button for Add Employee' is clicked on

2018-12-06 22:40:29 - [MESSAGE][PASSED] - Call Test Case 'Test Cases/Final Aug 2018 - PKS Automation/Registration Module/Workflow/Update Add New Employee/Template/Employee Adding/Employee Adding Action No Repeat IC' successfully

2018-12-06 22:40:29 - [TEST_STEP][PASSED] - delay: Delayed 4 second(s)

2018-12-06 22:40:33 - [MESSAGE][PASSED] - Delayed 4 second(s)

2018-12-06 22:40:33 - [TEST_STEP][PASSED] - Statement - CaseReferenceNo = com.kms.katalon.core.webui.keyword.WebUiBuiltInKeywords.getText(com.kms.katalon.core.testobject.ObjectRepository.findTestObject(Final Object Repo/Page_Update Add New Employee - ASSIST/RefNo)): Text of object 'Object Repository/Final Object Repo/Page_Update Add New Employee - ASSIST/RefNo' is: 'CAN12201800002265'

2018-12-06 22:40:33 - [MESSAGE][PASSED] - Text of object 'Object Repository/Final Object Repo/Page_Update Add New Employee - ASSIST/RefNo' is: 'CAN12201800002265'

2018-12-06 22:40:33 - [TEST_STEP][PASSED] - callTestCase: Call Test Case 'Test Cases/Final Aug 2018 - PKS Automation/Common/Reference Number Setter' successfully

2018-12-06 22:40:33 - [TEST_CASE][PASSED] - Test Cases/Final Aug 2018 - PKS Automation/Common/Reference Number Setter: Test Cases/Final Aug 2018 - PKS Automation/Common/Reference Number Setter

2018-12-06 22:40:34 - [TEST_STEP][PASSED] - Statement - RefNoOldFile = new java.io.File(C://Users//Admin//Desktop//PKS//Automation Reference Point//KatalonReference.txt): null

2018-12-06 22:40:34 - [TEST_STEP][PASSED] - Statement - RefNoOldFile.delete(): null

2018-12-06 22:40:34 - [TEST_STEP][PASSED] - delay: Delayed 5 second(s)

2018-12-06 22:40:39 - [MESSAGE][PASSED] - Delayed 5 second(s)

2018-12-06 22:40:39 - [TEST_STEP][PASSED] - Statement - RefNo = new java.io.File(C://Users//Admin//Desktop//PKS//Automation Reference Point//KatalonReference.txt): null

2018-12-06 22:40:39 - [TEST_STEP][PASSED] - Statement - f2 = new java.io.FileWriter(RefNo, false): null

2018-12-06 22:40:39 - [TEST_STEP][PASSED] - Statement - f2.write(CaseReferenceNo): null

2018-12-06 22:40:39 - [TEST_STEP][PASSED] - Statement - f2.close(): null

2018-12-06 22:40:39 - [TEST_STEP][PASSED] - Statement - out.println("


" + CaseReferenceNo + "


"): null

2018-12-06 22:40:39 - [MESSAGE][PASSED] - Call Test Case 'Test Cases/Final Aug 2018 - PKS Automation/Common/Reference Number Setter' successfully

2018-12-06 22:40:39 - [TEST_STEP][PASSED] - delay: Delayed 5 second(s)

2018-12-06 22:40:44 - [MESSAGE][PASSED] - Delayed 5 second(s)

2018-12-06 22:40:44 - [TEST_STEP][PASSED] - click: Object: 'Object Repository/Final Object Repo/Page_Update Add New Employee - ASSIST/Incomplete Checkbox' is clicked on

2018-12-06 22:40:44 - [MESSAGE][PASSED] - Object: 'Object Repository/Final Object Repo/Page_Update Add New Employee - ASSIST/Incomplete Checkbox' is clicked on

2018-12-06 22:40:44 - [TEST_STEP][PASSED] - delay: Delayed 2 second(s)

2018-12-06 22:40:46 - [MESSAGE][PASSED] - Delayed 2 second(s)

2018-12-06 22:40:46 - [TEST_STEP][PASSED] - click: Object: 'Object Repository/Final Object Repo/Page_Update Add New Employee - ASSIST/Save  Continue Button' is clicked on

2018-12-06 22:40:46 - [MESSAGE][PASSED] - Object: 'Object Repository/Final Object Repo/Page_Update Add New Employee - ASSIST/Save  Continue Button' is clicked on

2018-12-06 22:40:46 - [TEST_STEP][PASSED] - delay: Delayed 4 second(s)

2018-12-06 22:40:50 - [MESSAGE][PASSED] - Delayed 4 second(s)

2018-12-06 22:40:50 - [TEST_STEP][PASSED] - click: Object: 'Object Repository/Final Object Repo/Page_Update Add New Employee - ASSIST/Save  Continue Third Screen' is clicked on

2018-12-06 22:40:53 - [MESSAGE][PASSED] - Object: 'Object Repository/Final Object Repo/Page_Update Add New Employee - ASSIST/Save  Continue Third Screen' is clicked on

2018-12-06 22:40:53 - [TEST_STEP][PASSED] - delay: Delayed 4 second(s)

2018-12-06 22:40:57 - [MESSAGE][PASSED] - Delayed 4 second(s)

2018-12-06 22:40:57 - [TEST_STEP][PASSED] - click: Object: 'Object Repository/Final Object Repo/Page_Update Add New Employee - ASSIST/Save   Continue Supporting Doc Page' is clicked on

2018-12-06 22:40:57 - [MESSAGE][PASSED] - Object: 'Object Repository/Final Object Repo/Page_Update Add New Employee - ASSIST/Save   Continue Supporting Doc Page' is clicked on

2018-12-06 22:40:57 - [TEST_STEP][PASSED] - delay: Delayed 4 second(s)

2018-12-06 22:41:01 - [MESSAGE][PASSED] - Delayed 4 second(s)

2018-12-06 22:41:01 - [TEST_STEP][PASSED] - click: Object: 'Object Repository/Final Object Repo/Page_Update Add New Employee - ASSIST/Submit Button' is clicked on

2018-12-06 22:41:02 - [MESSAGE][PASSED] - Object: 'Object Repository/Final Object Repo/Page_Update Add New Employee - ASSIST/Submit Button' is clicked on

2018-12-06 22:41:02 - [TEST_STEP][PASSED] - delay: Delayed 4 second(s)

2018-12-06 22:41:06 - [MESSAGE][PASSED] - Delayed 4 second(s)

2018-12-06 22:41:06 - [TEST_STEP][PASSED] - click: Object: 'Object Repository/Final Object Repo/Page_Update Add New Employee - ASSIST/Confirm Submit Button' is clicked on

2018-12-06 22:41:06 - [MESSAGE][PASSED] - Object: 'Object Repository/Final Object Repo/Page_Update Add New Employee - ASSIST/Confirm Submit Button' is clicked on

2018-12-06 22:41:06 - [TEST_STEP][PASSED] - delay: Delayed 30 second(s)

2018-12-06 22:41:36 - [MESSAGE][PASSED] - Delayed 30 second(s)

2018-12-06 22:41:36 - [TEST_STEP][PASSED] - callTestCase: Call Test Case 'Test Cases/Final Aug 2018 - PKS Automation/Common/Screenshoting tool' successfully

2018-12-06 22:41:36 - [TEST_CASE][PASSED] - Test Cases/Final Aug 2018 - PKS Automation/Common/Screenshoting tool: Test Cases/Final Aug 2018 - PKS Automation/Common/Screenshoting tool

2018-12-06 22:41:36 - [TEST_STEP][PASSED] - delay: Delayed 15 second(s)

2018-12-06 22:41:51 - [MESSAGE][PASSED] - Delayed 15 second(s)

2018-12-06 22:41:51 - [TEST_STEP][PASSED] - Statement - driver = com.kms.katalon.core.webui.driver.DriverFactory.getWebDriver(): null

2018-12-06 22:41:51 - [TEST_STEP][PASSED] - Statement - driver.manage().timeouts().implicitlyWait(10, SECONDS): null

2018-12-06 22:41:51 - [TEST_STEP][PASSED] - Statement - PresavePath = KatalonScreenshots: null

2018-12-06 22:41:51 - [TEST_STEP][PASSED] - Statement - pathPrefix = "C:\Users\Public\Pictures\Sample Pictures\Katalon Screenshots\Automate Ending Screen": null

2018-12-06 22:41:51 - [TEST_STEP][PASSED] - Statement - finalPath = <not implemented yet for class: org.codehaus.groovy.ast.expr.EmptyExpression>: null

2018-12-06 22:41:51 - [TEST_STEP][PASSED] - Statement - scrFile = driver.getScreenshotAs(FILE): null

2018-12-06 22:41:52 - [TEST_STEP][PASSED] - Statement - PreSaveFile = new java.io.File(PresavePath): null

2018-12-06 22:41:52 - [TEST_STEP][PASSED] - Statement - counter = 0: null

2018-12-06 22:41:52 - [TEST_STEP][PASSED] - Statement - If (PreSaveFile.exists()): null

2018-12-06 22:41:52 - [TEST_STEP][PASSED] - Statement - While (PreSaveFile.exists()): null

2018-12-06 22:41:52 - [TEST_STEP][PASSED] - Statement - counter = counter + 1: null

2018-12-06 22:41:52 - [TEST_STEP][PASSED] - Statement - PreSaveFile = new java.io.File(((pathPrefix + java.lang.Integer.toString(counter)) + .png)): null

2018-12-06 22:41:52 - [TEST_STEP][PASSED] - Statement - counter = counter + 1: null

2018-12-06 22:41:52 - [TEST_STEP][PASSED] - Statement - PreSaveFile = new java.io.File(((pathPrefix + java.lang.Integer.toString(counter)) + .png)): null

2018-12-06 22:41:52 - [TEST_STEP][PASSED] - Statement - counter = counter + 1: null

2018-12-06 22:41:52 - [TEST_STEP][PASSED] - Statement - PreSaveFile = new java.io.File(((pathPrefix + java.lang.Integer.toString(counter)) + .png)): null

2018-12-06 22:41:52 - [TEST_STEP][PASSED] - Statement - counter = counter + 1: null

2018-12-06 22:41:52 - [TEST_STEP][PASSED] - Statement - PreSaveFile = new java.io.File(((pathPrefix + java.lang.Integer.toString(counter)) + .png)): null

2018-12-06 22:41:52 - [TEST_STEP][PASSED] - Statement - counter = counter + 1: null

2018-12-06 22:41:52 - [TEST_STEP][PASSED] - Statement - PreSaveFile = new java.io.File(((pathPrefix + java.lang.Integer.toString(counter)) + .png)): null

2018-12-06 22:41:52 - [TEST_STEP][PASSED] - Statement - counter = counter + 1: null

2018-12-06 22:41:52 - [TEST_STEP][PASSED] - Statement - PreSaveFile = new java.io.File(((pathPrefix + java.lang.Integer.toString(counter)) + .png)): null

2018-12-06 22:41:52 - [TEST_STEP][PASSED] - Statement - counter = counter + 1: null

2018-12-06 22:41:52 - [TEST_STEP][PASSED] - Statement - PreSaveFile = new java.io.File(((pathPrefix + java.lang.Integer.toString(counter)) + .png)): null

2018-12-06 22:41:52 - [TEST_STEP][PASSED] - Statement - counter = counter + 1: null

2018-12-06 22:41:52 - [TEST_STEP][PASSED] - Statement - PreSaveFile = new java.io.File(((pathPrefix + java.lang.Integer.toString(counter)) + .png)): null

2018-12-06 22:41:52 - [TEST_STEP][PASSED] - Statement - counter = counter + 1: null

2018-12-06 22:41:52 - [TEST_STEP][PASSED] - Statement - PreSaveFile = new java.io.File(((pathPrefix + java.lang.Integer.toString(counter)) + .png)): null

2018-12-06 22:41:52 - [TEST_STEP][PASSED] - Statement - counter = counter + 1: null

2018-12-06 22:41:52 - [TEST_STEP][PASSED] - Statement - PreSaveFile = new java.io.File(((pathPrefix + java.lang.Integer.toString(counter)) + .png)): null

2018-12-06 22:41:52 - [TEST_STEP][PASSED] - Statement - counter = counter + 1: null

2018-12-06 22:41:52 - [TEST_STEP][PASSED] - Statement - PreSaveFile = new java.io.File(((pathPrefix + java.lang.Integer.toString(counter)) + .png)): null

2018-12-06 22:41:52 - [TEST_STEP][PASSED] - Statement - counter = counter + 1: null

2018-12-06 22:41:52 - [TEST_STEP][PASSED] - Statement - PreSaveFile = new java.io.File(((pathPrefix + java.lang.Integer.toString(counter)) + .png)): null

2018-12-06 22:41:52 - [TEST_STEP][PASSED] - Statement - counter = counter + 1: null

2018-12-06 22:41:52 - [TEST_STEP][PASSED] - Statement - PreSaveFile = new java.io.File(((pathPrefix + java.lang.Integer.toString(counter)) + .png)): null

2018-12-06 22:41:52 - [TEST_STEP][PASSED] - Statement - counter = counter + 1: null

2018-12-06 22:41:52 - [TEST_STEP][PASSED] - Statement - PreSaveFile = new java.io.File(((pathPrefix + java.lang.Integer.toString(counter)) + .png)): null

2018-12-06 22:41:52 - [TEST_STEP][PASSED] - Statement - counter = counter + 1: null

2018-12-06 22:41:52 - [TEST_STEP][PASSED] - Statement - PreSaveFile = new java.io.File(((pathPrefix + java.lang.Integer.toString(counter)) + .png)): null

2018-12-06 22:41:52 - [TEST_STEP][PASSED] - Statement - counter = counter + 1: null

2018-12-06 22:41:52 - [TEST_STEP][PASSED] - Statement - PreSaveFile = new java.io.File(((pathPrefix + java.lang.Integer.toString(counter)) + .png)): null

2018-12-06 22:41:52 - [TEST_STEP][PASSED] - Statement - counter = counter + 1: null

2018-12-06 22:41:52 - [TEST_STEP][PASSED] - Statement - PreSaveFile = new java.io.File(((pathPrefix + java.lang.Integer.toString(counter)) + .png)): null

2018-12-06 22:41:52 - [TEST_STEP][PASSED] - Statement - counter = counter + 1: null

2018-12-06 22:41:52 - [TEST_STEP][PASSED] - Statement - PreSaveFile = new java.io.File(((pathPrefix + java.lang.Integer.toString(counter)) + .png)): null

2018-12-06 22:41:52 - [TEST_STEP][PASSED] - Statement - counter = counter + 1: null

2018-12-06 22:41:52 - [TEST_STEP][PASSED] - Statement - PreSaveFile = new java.io.File(((pathPrefix + java.lang.Integer.toString(counter)) + .png)): null

2018-12-06 22:41:52 - [TEST_STEP][PASSED] - Statement - counter = counter + 1: null

2018-12-06 22:41:52 - [TEST_STEP][PASSED] - Statement - PreSaveFile = new java.io.File(((pathPrefix + java.lang.Integer.toString(counter)) + .png)): null

2018-12-06 22:41:52 - [TEST_STEP][PASSED] - Statement - counter = counter + 1: null

2018-12-06 22:41:52 - [TEST_STEP][PASSED] - Statement - PreSaveFile = new java.io.File(((pathPrefix + java.lang.Integer.toString(counter)) + .png)): null

2018-12-06 22:41:52 - [TEST_STEP][PASSED] - Statement - counter = counter + 1: null

2018-12-06 22:41:52 - [TEST_STEP][PASSED] - Statement - PreSaveFile = new java.io.File(((pathPrefix + java.lang.Integer.toString(counter)) + .png)): null

2018-12-06 22:41:52 - [TEST_STEP][PASSED] - Statement - counter = counter + 1: null

2018-12-06 22:41:52 - [TEST_STEP][PASSED] - Statement - PreSaveFile = new java.io.File(((pathPrefix + java.lang.Integer.toString(counter)) + .png)): null

2018-12-06 22:41:52 - [TEST_STEP][PASSED] - Statement - counter = counter + 1: null

2018-12-06 22:41:52 - [TEST_STEP][PASSED] - Statement - PreSaveFile = new java.io.File(((pathPrefix + java.lang.Integer.toString(counter)) + .png)): null

2018-12-06 22:41:52 - [TEST_STEP][PASSED] - Statement - counter = counter + 1: null

2018-12-06 22:41:52 - [TEST_STEP][PASSED] - Statement - PreSaveFile = new java.io.File(((pathPrefix + java.lang.Integer.toString(counter)) + .png)): null

2018-12-06 22:41:52 - [TEST_STEP][PASSED] - Statement - counter = counter + 1: null

2018-12-06 22:41:52 - [TEST_STEP][PASSED] - Statement - PreSaveFile = new java.io.File(((pathPrefix + java.lang.Integer.toString(counter)) + .png)): null

2018-12-06 22:41:52 - [TEST_STEP][PASSED] - Statement - counter = counter + 1: null

2018-12-06 22:41:52 - [TEST_STEP][PASSED] - Statement - PreSaveFile = new java.io.File(((pathPrefix + java.lang.Integer.toString(counter)) + .png)): null

2018-12-06 22:41:52 - [TEST_STEP][PASSED] - Statement - counter = counter + 1: null

2018-12-06 22:41:52 - [TEST_STEP][PASSED] - Statement - PreSaveFile = new java.io.File(((pathPrefix + java.lang.Integer.toString(counter)) + .png)): null

2018-12-06 22:41:52 - [TEST_STEP][PASSED] - Statement - counter = counter + 1: null

2018-12-06 22:41:52 - [TEST_STEP][PASSED] - Statement - PreSaveFile = new java.io.File(((pathPrefix + java.lang.Integer.toString(counter)) + .png)): null

2018-12-06 22:41:52 - [TEST_STEP][PASSED] - Statement - counter = counter + 1: null

2018-12-06 22:41:52 - [TEST_STEP][PASSED] - Statement - PreSaveFile = new java.io.File(((pathPrefix + java.lang.Integer.toString(counter)) + .png)): null

2018-12-06 22:41:52 - [TEST_STEP][PASSED] - Statement - counter = counter + 1: null

2018-12-06 22:41:52 - [TEST_STEP][PASSED] - Statement - PreSaveFile = new java.io.File(((pathPrefix + java.lang.Integer.toString(counter)) + .png)): null

2018-12-06 22:41:52 - [TEST_STEP][PASSED] - Statement - counter = counter + 1: null

2018-12-06 22:41:52 - [TEST_STEP][PASSED] - Statement - PreSaveFile = new java.io.File(((pathPrefix + java.lang.Integer.toString(counter)) + .png)): null

2018-12-06 22:41:52 - [TEST_STEP][PASSED] - Statement - counter = counter + 1: null

2018-12-06 22:41:52 - [TEST_STEP][PASSED] - Statement - PreSaveFile = new java.io.File(((pathPrefix + java.lang.Integer.toString(counter)) + .png)): null

2018-12-06 22:41:52 - [TEST_STEP][PASSED] - Statement - counter = counter + 1: null

2018-12-06 22:41:52 - [TEST_STEP][PASSED] - Statement - PreSaveFile = new java.io.File(((pathPrefix + java.lang.Integer.toString(counter)) + .png)): null

2018-12-06 22:41:52 - [TEST_STEP][PASSED] - Statement - counter = counter + 1: null

2018-12-06 22:41:52 - [TEST_STEP][PASSED] - Statement - PreSaveFile = new java.io.File(((pathPrefix + java.lang.Integer.toString(counter)) + .png)): null

2018-12-06 22:41:52 - [TEST_STEP][PASSED] - Statement - counter = counter + 1: null

2018-12-06 22:41:52 - [TEST_STEP][PASSED] - Statement - PreSaveFile = new java.io.File(((pathPrefix + java.lang.Integer.toString(counter)) + .png)): null

2018-12-06 22:41:52 - [TEST_STEP][PASSED] - Statement - counter = counter + 1: null

2018-12-06 22:41:52 - [TEST_STEP][PASSED] - Statement - PreSaveFile = new java.io.File(((pathPrefix + java.lang.Integer.toString(counter)) + .png)): null

2018-12-06 22:41:52 - [TEST_STEP][PASSED] - Statement - counter = counter + 1: null

2018-12-06 22:41:52 - [TEST_STEP][PASSED] - Statement - PreSaveFile = new java.io.File(((pathPrefix + java.lang.Integer.toString(counter)) + .png)): null

2018-12-06 22:41:52 - [TEST_STEP][PASSED] - Statement - counter = counter + 1: null

2018-12-06 22:41:52 - [TEST_STEP][PASSED] - Statement - PreSaveFile = new java.io.File(((pathPrefix + java.lang.Integer.toString(counter)) + .png)): null

2018-12-06 22:41:52 - [TEST_STEP][PASSED] - Statement - counter = counter + 1: null

2018-12-06 22:41:52 - [TEST_STEP][PASSED] - Statement - PreSaveFile = new java.io.File(((pathPrefix + java.lang.Integer.toString(counter)) + .png)): null

2018-12-06 22:41:52 - [TEST_STEP][PASSED] - Statement - counter = counter + 1: null

2018-12-06 22:41:52 - [TEST_STEP][PASSED] - Statement - PreSaveFile = new java.io.File(((pathPrefix + java.lang.Integer.toString(counter)) + .png)): null

2018-12-06 22:41:52 - [TEST_STEP][PASSED] - Statement - counter = counter + 1: null

2018-12-06 22:41:52 - [TEST_STEP][PASSED] - Statement - PreSaveFile = new java.io.File(((pathPrefix + java.lang.Integer.toString(counter)) + .png)): null

2018-12-06 22:41:52 - [TEST_STEP][PASSED] - Statement - counter = counter + 1: null

2018-12-06 22:41:52 - [TEST_STEP][PASSED] - Statement - PreSaveFile = new java.io.File(((pathPrefix + java.lang.Integer.toString(counter)) + .png)): null

2018-12-06 22:41:52 - [TEST_STEP][PASSED] - Statement - finalPath = pathPrefix + java.lang.Integer.toString(counter) + ".png": null

2018-12-06 22:41:52 - [TEST_STEP][PASSED] - Statement - SaveFile = new java.io.File(finalPath): null

2018-12-06 22:41:52 - [TEST_STEP][PASSED] - Statement - Try: null

2018-12-06 22:41:52 - [TEST_STEP][PASSED] - Statement - org.apache.commons.io.FileUtils.copyFile(scrFile, SaveFile): null

2018-12-06 22:41:52 - [TEST_STEP][PASSED] - Statement - out.println("file kept"): null

2018-12-06 22:41:52 - [TEST_STEP][PASSED] - delay: Delayed 10 second(s)

2018-12-06 22:42:02 - [MESSAGE][PASSED] - Delayed 10 second(s)

2018-12-06 22:42:02 - [MESSAGE][PASSED] - Call Test Case 'Test Cases/Final Aug 2018 - PKS Automation/Common/Screenshoting tool' successfully

2018-12-06 22:42:02 - [TEST_STEP][PASSED] - callTestCase: Call Test Case 'Test Cases/Final Aug 2018 - PKS Automation/Registration Module/Log Out/log out avoiding katalon tagging' successfully

2018-12-06 22:42:02 - [TEST_CASE][PASSED] - Test Cases/Final Aug 2018 - PKS Automation/Registration Module/Log Out/log out avoiding katalon tagging: Test Cases/Final Aug 2018 - PKS Automation/Registration Module/Log Out/log out avoiding katalon tagging

2018-12-06 22:42:02 - [TEST_STEP][PASSED] - navigateToUrl: Navigate to 'https://assist2-uat.perkeso.gov.my/c/portal/logout' successfully

2018-12-06 22:42:03 - [MESSAGE][PASSED] - Navigate to 'https://assist2-uat.perkeso.gov.my/c/portal/logout' successfully

2018-12-06 22:42:03 - [MESSAGE][PASSED] - Call Test Case 'Test Cases/Final Aug 2018 - PKS Automation/Registration Module/Log Out/log out avoiding katalon tagging' successfully

2018-12-06 22:42:03 - [TEST_STEP][PASSED] - callTestCase: Call Test Case 'Test Cases/Final Aug 2018 - PKS Automation/Common/Workflow Owner Finder' successfully

2018-12-06 22:42:03 - [TEST_CASE][PASSED] - Test Cases/Final Aug 2018 - PKS Automation/Common/Workflow Owner Finder: Test Cases/Final Aug 2018 - PKS Automation/Common/Workflow Owner Finder

2018-12-06 22:42:04 - [TEST_STEP][PASSED] - openBrowser: Browser is opened with url: ''

2018-12-06 22:42:04 - [MESSAGE][WARNING] - A browser is already opened. Closing browser and opening a new one

2018-12-06 22:42:07 - [MESSAGE][PASSED] - Browser is opened with url: ''

2018-12-06 22:42:07 - [TEST_STEP][PASSED] - navigateToUrl: Navigate to 'https://assist2-uat.perkeso.gov.my/login' successfully

2018-12-06 22:42:09 - [MESSAGE][PASSED] - Navigate to 'https://assist2-uat.perkeso.gov.my/login' successfully

2018-12-06 22:42:09 - [TEST_STEP][PASSED] - delay: Delayed 5 second(s)

2018-12-06 22:42:14 - [MESSAGE][PASSED] - Delayed 5 second(s)

2018-12-06 22:42:14 - [TEST_STEP][PASSED] - setText: Text 'test@liferay.com' is set on object 'Object Repository/Final Object Repo/Login Page/Internal User/Email Address'

2018-12-06 22:42:14 - [MESSAGE][PASSED] - Text 'test@liferay.com' is set on object 'Object Repository/Final Object Repo/Login Page/Internal User/Email Address'

2018-12-06 22:42:14 - [TEST_STEP][PASSED] - click: Object: 'Object Repository/Final Object Repo/Login Page/Internal User/Next Button' is clicked on

2018-12-06 22:42:14 - [MESSAGE][PASSED] - Object: 'Object Repository/Final Object Repo/Login Page/Internal User/Next Button' is clicked on

2018-12-06 22:42:14 - [TEST_STEP][PASSED] - delay: Delayed 2 second(s)

2018-12-06 22:42:16 - [MESSAGE][PASSED] - Delayed 2 second(s)

2018-12-06 22:42:16 - [TEST_STEP][PASSED] - setText: Text 'test' is set on object 'Object Repository/Final Object Repo/Login Page/Internal User/Password'

2018-12-06 22:42:16 - [MESSAGE][PASSED] - Text 'test' is set on object 'Object Repository/Final Object Repo/Login Page/Internal User/Password'

2018-12-06 22:42:16 - [TEST_STEP][PASSED] - delay: Delayed 2 second(s)

2018-12-06 22:42:18 - [MESSAGE][PASSED] - Delayed 2 second(s)

2018-12-06 22:42:18 - [TEST_STEP][PASSED] - click: Object: 'Object Repository/Final Object Repo/Login Page/Internal User/Login Button' is clicked on

2018-12-06 22:42:18 - [MESSAGE][PASSED] - Object: 'Object Repository/Final Object Repo/Login Page/Internal User/Login Button' is clicked on

2018-12-06 22:42:18 - [TEST_STEP][PASSED] - Statement - tester = com.kms.katalon.core.testobject.ObjectRepository.findTestObject(Final Object Repo/Landing Page/Select to English): Finding Test Object with id 'Object Repository/Final Object Repo/Landing Page/Select to English'

2018-12-06 22:42:18 - [TEST_STEP][PASSED] - Statement - Try: Delayed 2 second(s)

2018-12-06 22:42:18 - [TEST_STEP][PASSED] - Statement - Checker = com.kms.katalon.core.webui.keyword.WebUiBuiltInKeywords.verifyElementNotPresent(tester, 3): Web element with id: 'Object Repository/Final Object Repo/Landing Page/Select to English' located by 'By.xpath: //a[@class = 'taglib-language-list-text' and @lang = 'en-US' and (contains(text(), 'EN') or contains(., 'EN'))]' is not present after '3' second(s)

2018-12-06 22:42:20 - [MESSAGE][PASSED] - Web element with id: 'Object Repository/Final Object Repo/Landing Page/Select to English' located by 'By.xpath: //a[@class = 'taglib-language-list-text' and @lang = 'en-US' and (contains(text(), 'EN') or contains(., 'EN'))]' is not present after '3' second(s)

2018-12-06 22:42:20 - [TEST_STEP][PASSED] - Statement - If (Checker == false): null

2018-12-06 22:42:20 - [TEST_STEP][PASSED] - delay: Delayed 2 second(s)

2018-12-06 22:42:22 - [MESSAGE][PASSED] - Delayed 2 second(s)

2018-12-06 22:42:22 - [TEST_STEP][PASSED] - delay: Delayed 5 second(s)

2018-12-06 22:42:27 - [MESSAGE][PASSED] - Delayed 5 second(s)

2018-12-06 22:42:27 - [TEST_STEP][PASSED] - mouseOver: Object: 'Object Repository/Final Object Repo/Landing Page/WorkFlow Menu' is hovered

2018-12-06 22:42:28 - [MESSAGE][PASSED] - Object: 'Object Repository/Final Object Repo/Landing Page/WorkFlow Menu' is hovered

2018-12-06 22:42:28 - [TEST_STEP][PASSED] - delay: Delayed 2 second(s)

2018-12-06 22:42:30 - [MESSAGE][PASSED] - Delayed 2 second(s)

2018-12-06 22:42:30 - [TEST_STEP][PASSED] - click: Object: 'Object Repository/Final Object Repo/Landing Page/Select to Workflow Listing' is clicked on

2018-12-06 22:42:31 - [MESSAGE][PASSED] - Object: 'Object Repository/Final Object Repo/Landing Page/Select to Workflow Listing' is clicked on

2018-12-06 22:42:31 - [TEST_STEP][PASSED] - delay: Delayed 2 second(s)

2018-12-06 22:42:33 - [MESSAGE][PASSED] - Delayed 2 second(s)

2018-12-06 22:42:33 - [TEST_STEP][PASSED] - click: Object: 'Object Repository/Final Object Repo/WorkFlow Listing Page/Search Information - To Put Ref No' is clicked on

2018-12-06 22:42:33 - [MESSAGE][PASSED] - Object: 'Object Repository/Final Object Repo/WorkFlow Listing Page/Search Information - To Put Ref No' is clicked on

2018-12-06 22:42:33 - [TEST_STEP][PASSED] - delay: Delayed 2 second(s)

2018-12-06 22:42:35 - [MESSAGE][PASSED] - Delayed 2 second(s)

2018-12-06 22:42:35 - [TEST_STEP][PASSED] - callTestCase: Call Test Case 'Test Cases/Final Aug 2018 - PKS Automation/Common/Reference Number Getter' successfully

2018-12-06 22:42:35 - [TEST_CASE][PASSED] - Test Cases/Final Aug 2018 - PKS Automation/Common/Reference Number Getter: Test Cases/Final Aug 2018 - PKS Automation/Common/Reference Number Getter

2018-12-06 22:42:35 - [TEST_STEP][PASSED] - Statement - Try: null

2018-12-06 22:42:35 - [TEST_STEP][PASSED] - Statement - RefNo = new java.io.File(C://Users//Admin//Desktop//PKS//Automation Reference Point//KatalonReference.txt): null

2018-12-06 22:42:35 - [TEST_STEP][PASSED] - Statement - bufferread = new java.io.BufferedReader(new java.io.FileReader(RefNo)): null

2018-12-06 22:42:35 - [TEST_STEP][PASSED] - Statement - readedVal = bufferread.readLine(): null

2018-12-06 22:42:35 - [TEST_STEP][PASSED] - Statement - out.println(CaseReferenceNo): null

2018-12-06 22:42:35 - [TEST_STEP][PASSED] - Statement - out.println(readedVal): null

2018-12-06 22:42:35 - [TEST_STEP][PASSED] - Statement - CaseReferenceNo = "": null

2018-12-06 22:42:35 - [TEST_STEP][PASSED] - Statement - CaseReferenceNo = readedVal: null

2018-12-06 22:42:35 - [MESSAGE][PASSED] - Call Test Case 'Test Cases/Final Aug 2018 - PKS Automation/Common/Reference Number Getter' successfully

2018-12-06 22:42:35 - [TEST_STEP][PASSED] - setText: Text 'CAN12201800002265' is set on object 'Object Repository/Final Object Repo/WorkFlow Listing Page/Ref No Set Text'

2018-12-06 22:42:35 - [MESSAGE][PASSED] - Text 'CAN12201800002265' is set on object 'Object Repository/Final Object Repo/WorkFlow Listing Page/Ref No Set Text'

2018-12-06 22:42:35 - [TEST_STEP][PASSED] - delay: Delayed 2 second(s)

2018-12-06 22:42:37 - [MESSAGE][PASSED] - Delayed 2 second(s)

2018-12-06 22:42:37 - [TEST_STEP][PASSED] - click: Object: 'Object Repository/Final Object Repo/WorkFlow Listing Page/Search Ref No Search Button' is clicked on

2018-12-06 22:42:38 - [MESSAGE][PASSED] - Object: 'Object Repository/Final Object Repo/WorkFlow Listing Page/Search Ref No Search Button' is clicked on

2018-12-06 22:42:38 - [TEST_STEP][PASSED] - delay: Delayed 6 second(s)

2018-12-06 22:42:44 - [MESSAGE][PASSED] - Delayed 6 second(s)

2018-12-06 22:42:44 - [TEST_STEP][PASSED] - click: Object: 'Object Repository/Final Object Repo/WorkFlow Listing Page/Click Continue Tooltip' is clicked on

2018-12-06 22:42:45 - [MESSAGE][PASSED] - Object: 'Object Repository/Final Object Repo/WorkFlow Listing Page/Click Continue Tooltip' is clicked on

2018-12-06 22:42:45 - [TEST_STEP][PASSED] - delay: Delayed 5 second(s)

2018-12-06 22:42:50 - [MESSAGE][PASSED] - Delayed 5 second(s)

2018-12-06 22:42:50 - [TEST_STEP][PASSED] - doubleClick: Object: 'Object Repository/Final Object Repo/WorkFlow Listing Page/Workflow Found - Listing 1' is double clicked on

2018-12-06 22:42:50 - [MESSAGE][PASSED] - Object: 'Object Repository/Final Object Repo/WorkFlow Listing Page/Workflow Found - Listing 1' is double clicked on

2018-12-06 22:42:50 - [TEST_STEP][PASSED] - Statement - println(OwnerID): null

2018-12-06 22:42:50 - [TEST_STEP][PASSED] - Statement - OwnerID = com.kms.katalon.core.webui.keyword.WebUiBuiltInKeywords.getText(com.kms.katalon.core.testobject.ObjectRepository.findTestObject(Final Object Repo/WorkFlow Listing Page/Workflow Found - Listing 1), STOP_ON_FAILURE): Text of object 'Object Repository/Final Object Repo/WorkFlow Listing Page/Workflow Found - Listing 1' is: 'KLpkrbo1'

2018-12-06 22:42:50 - [MESSAGE][PASSED] - Text of object 'Object Repository/Final Object Repo/WorkFlow Listing Page/Workflow Found - Listing 1' is: 'KLpkrbo1'

2018-12-06 22:42:50 - [TEST_STEP][PASSED] - Statement - OwnerID = OwnerID.toLowerCase() + "@gmail.com": null

2018-12-06 22:42:50 - [TEST_STEP][PASSED] - Statement - println(OwnerID): null

2018-12-06 22:42:50 - [TEST_STEP][PASSED] - delay: Delayed 2 second(s)

2018-12-06 22:42:52 - [MESSAGE][PASSED] - Delayed 2 second(s)

2018-12-06 22:42:52 - [MESSAGE][PASSED] - Call Test Case 'Test Cases/Final Aug 2018 - PKS Automation/Common/Workflow Owner Finder' successfully

2018-12-06 22:42:52 - [TEST_STEP][PASSED] - callTestCase: Call Test Case 'Test Cases/Final Aug 2018 - PKS Automation/Registration Module/Log Out/log out avoiding katalon tagging' successfully

2018-12-06 22:42:52 - [TEST_CASE][PASSED] - Test Cases/Final Aug 2018 - PKS Automation/Registration Module/Log Out/log out avoiding katalon tagging: Test Cases/Final Aug 2018 - PKS Automation/Registration Module/Log Out/log out avoiding katalon tagging

2018-12-06 22:42:52 - [TEST_STEP][PASSED] - navigateToUrl: Navigate to 'https://assist2-uat.perkeso.gov.my/c/portal/logout' successfully

2018-12-06 22:42:53 - [MESSAGE][PASSED] - Navigate to 'https://assist2-uat.perkeso.gov.my/c/portal/logout' successfully

2018-12-06 22:42:53 - [MESSAGE][PASSED] - Call Test Case 'Test Cases/Final Aug 2018 - PKS Automation/Registration Module/Log Out/log out avoiding katalon tagging' successfully

2018-12-06 22:42:53 - [TEST_STEP][PASSED] - delay: Delayed 2 second(s)

2018-12-06 22:42:55 - [MESSAGE][PASSED] - Delayed 2 second(s)

2018-12-06 22:42:55 - [TEST_STEP][PASSED] - setText: Text 'klpkrbo1@gmail.com' is set on object 'Object Repository/Final Object Repo/Page_Update Add New Employee - ASSIST/Email TextBox'

2018-12-06 22:42:55 - [MESSAGE][PASSED] - Text 'klpkrbo1@gmail.com' is set on object 'Object Repository/Final Object Repo/Page_Update Add New Employee - ASSIST/Email TextBox'

2018-12-06 22:42:55 - [TEST_STEP][PASSED] - click: Object: 'Object Repository/Final Object Repo/Page_Update Add New Employee - ASSIST/Next Button' is clicked on

2018-12-06 22:42:55 - [MESSAGE][PASSED] - Object: 'Object Repository/Final Object Repo/Page_Update Add New Employee - ASSIST/Next Button' is clicked on

2018-12-06 22:42:55 - [TEST_STEP][PASSED] - delay: Delayed 2 second(s)

2018-12-06 22:42:57 - [MESSAGE][PASSED] - Delayed 2 second(s)

2018-12-06 22:42:57 - [TEST_STEP][PASSED] - setText: Text 'Test1@3456789' is set on object 'Object Repository/Final Object Repo/Page_Update Add New Employee - ASSIST/Password TextBox'

2018-12-06 22:42:57 - [MESSAGE][PASSED] - Text 'Test1@3456789' is set on object 'Object Repository/Final Object Repo/Page_Update Add New Employee - ASSIST/Password TextBox'

2018-12-06 22:42:57 - [TEST_STEP][PASSED] - delay: Delayed 2 second(s)

2018-12-06 22:42:59 - [MESSAGE][PASSED] - Delayed 2 second(s)

2018-12-06 22:42:59 - [TEST_STEP][PASSED] - click: Object: 'Object Repository/Final Object Repo/Page_Update Add New Employee - ASSIST/Login Button' is clicked on

2018-12-06 22:43:00 - [MESSAGE][PASSED] - Object: 'Object Repository/Final Object Repo/Page_Update Add New Employee - ASSIST/Login Button' is clicked on

2018-12-06 22:43:00 - [TEST_STEP][PASSED] - Statement - Try: null

2018-12-06 22:43:00 - [TEST_STEP][PASSED] - Statement - Checker = com.kms.katalon.core.webui.keyword.WebUiBuiltInKeywords.verifyElementNotPresent("Final Object Repo/Landing Page/Select to English", 3): null

2018-12-06 22:43:00 - [TEST_STEP][PASSED] - Statement - Catch (Exception e): null

2018-12-06 22:43:00 - [TEST_STEP][PASSED] - Statement - e.printStackTrace(): null

2018-12-06 22:43:00 - [TEST_STEP][PASSED] - delay: Delayed 5 second(s)

2018-12-06 22:43:05 - [MESSAGE][PASSED] - Delayed 5 second(s)

2018-12-06 22:43:05 - [TEST_STEP][PASSED] - click: Object: 'Object Repository/Final Object Repo/New Registration - Registration Module Pages/New Reg - OTC to RO/Special Case - All Related Objects/Expand to Search' is clicked on

2018-12-06 22:43:05 - [MESSAGE][PASSED] - Object: 'Object Repository/Final Object Repo/New Registration - Registration Module Pages/New Reg - OTC to RO/Special Case - All Related Objects/Expand to Search' is clicked on

2018-12-06 22:43:05 - [TEST_STEP][FAILED] - setText: Unable to set text 'CAN12201800002265' of object 'Object Repository/Final Object Repo/New Registration - Registration Module Pages/New Reg - OTC to RO/Special Case - All Related Objects/TextBox RefNo in Workbasket' (Root cause: org.openqa.selenium.ElementNotVisibleException: element not interactable
  (Session info: chrome=70.0.3538.110)
  (Driver info: chromedriver=2.43.600210 (68dcf5eebde37173d4027fa8635e332711d2874a),platform=Windows NT 6.1.7601 SP1 x86_64) (WARNING: The server did not provide any stacktrace information)
Command duration or timeout: 0 milliseconds
Build info: version: '3.7.1', revision: '8a0099a', time: '2017-11-06T21:07:36.161Z'
System info: host: 'WIN7TEST02', ip: '10.20.3.72', os.name: 'Windows 7', os.arch: 'amd64', os.version: '6.1', java.version: '1.8.0_181'
Driver info: com.kms.katalon.selenium.driver.CChromeDriver
Capabilities {acceptInsecureCerts: false, acceptSslCerts: false, applicationCacheEnabled: false, browserConnectionEnabled: false, browserName: chrome, chrome: {chromedriverVersion: 2.43.600210 (68dcf5eebde371..., userDataDir: C:\Users\Admin\AppData\Loca...}, cssSelectorsEnabled: true, databaseEnabled: false, goog:chromeOptions: {debuggerAddress: localhost:61463}, handlesAlerts: true, hasTouchScreen: false, javascriptEnabled: true, locationContextEnabled: true, mobileEmulationEnabled: false, nativeEvents: true, networkConnectionEnabled: false, pageLoadStrategy: normal, platform: XP, platformName: XP, rotatable: false, setWindowRect: true, takesHeapSnapshot: true, takesScreenshot: true, unexpectedAlertBehaviour: , unhandledPromptBehavior: , version: 70.0.3538.110, webStorageEnabled: true}
Session ID: 8fdb98bcd889cc9575350c667fe77ab9)

2018-12-06 22:43:05 - [MESSAGE][FAILED] - Unable to set text 'CAN12201800002265' of object 'Object Repository/Final Object Repo/New Registration - Registration Module Pages/New Reg - OTC to RO/Special Case - All Related Objects/TextBox RefNo in Workbasket' (Root cause: org.openqa.selenium.ElementNotVisibleException: element not interactable
  (Session info: chrome=70.0.3538.110)
  (Driver info: chromedriver=2.43.600210 (68dcf5eebde37173d4027fa8635e332711d2874a),platform=Windows NT 6.1.7601 SP1 x86_64) (WARNING: The server did not provide any stacktrace information)
Command duration or timeout: 0 milliseconds
Build info: version: '3.7.1', revision: '8a0099a', time: '2017-11-06T21:07:36.161Z'
System info: host: 'WIN7TEST02', ip: '10.20.3.72', os.name: 'Windows 7', os.arch: 'amd64', os.version: '6.1', java.version: '1.8.0_181'
Driver info: com.kms.katalon.selenium.driver.CChromeDriver
Capabilities {acceptInsecureCerts: false, acceptSslCerts: false, applicationCacheEnabled: false, browserConnectionEnabled: false, browserName: chrome, chrome: {chromedriverVersion: 2.43.600210 (68dcf5eebde371..., userDataDir: C:\Users\Admin\AppData\Loca...}, cssSelectorsEnabled: true, databaseEnabled: false, goog:chromeOptions: {debuggerAddress: localhost:61463}, handlesAlerts: true, hasTouchScreen: false, javascriptEnabled: true, locationContextEnabled: true, mobileEmulationEnabled: false, nativeEvents: true, networkConnectionEnabled: false, pageLoadStrategy: normal, platform: XP, platformName: XP, rotatable: false, setWindowRect: true, takesHeapSnapshot: true, takesScreenshot: true, unexpectedAlertBehaviour: , unhandledPromptBehavior: , version: 70.0.3538.110, webStorageEnabled: true}
Session ID: 8fdb98bcd889cc9575350c667fe77ab9)
[[ATTACHMENT|C:\\Users\\Admin\\Desktop\\PKS\\Perkeso Phase A\\Reports\\Workflow\\Update Add New Employee\\20181206_171415\\1544107385418.png]]

2018-12-06 22:43:05 - [TEST_STEP][PASSED] - delay: Delayed 2 second(s)

2018-12-06 22:43:07 - [MESSAGE][PASSED] - Delayed 2 second(s)

2018-12-06 22:43:07 - [TEST_STEP][PASSED] - click: Object: 'Object Repository/Final Object Repo/New Registration - Registration Module Pages/New Reg - OTC to RO/Special Case - All Related Objects/Click Search' is clicked on

2018-12-06 22:43:07 - [MESSAGE][PASSED] - Object: 'Object Repository/Final Object Repo/New Registration - Registration Module Pages/New Reg - OTC to RO/Special Case - All Related Objects/Click Search' is clicked on

2018-12-06 22:43:07 - [TEST_STEP][PASSED] - delay: Delayed 2 second(s)

2018-12-06 22:43:09 - [MESSAGE][PASSED] - Delayed 2 second(s)

2018-12-06 22:43:09 - [TEST_STEP][PASSED] - click: Object: 'Object Repository/Final Object Repo/New Registration - Registration Module Pages/New Reg - OTC to RO/Special Case - All Related Objects/Click to Continue Workflow' is clicked on

2018-12-06 22:43:13 - [MESSAGE][PASSED] - Object: 'Object Repository/Final Object Repo/New Registration - Registration Module Pages/New Reg - OTC to RO/Special Case - All Related Objects/Click to Continue Workflow' is clicked on

2018-12-06 22:43:13 - [TEST_STEP][PASSED] - delay: Delayed 2 second(s)

2018-12-06 22:43:15 - [MESSAGE][PASSED] - Delayed 2 second(s)

2018-12-06 22:43:15 - [TEST_STEP][PASSED] - delay: Delayed 2 second(s)

2018-12-06 22:43:17 - [MESSAGE][PASSED] - Delayed 2 second(s)

2018-12-06 22:43:17 - [TEST_STEP][PASSED] - click: Object: 'Object Repository/Final Object Repo/Page_Update Add New Employee - ASSIST/Save  Continue Button' is clicked on

2018-12-06 22:43:17 - [MESSAGE][PASSED] - Object: 'Object Repository/Final Object Repo/Page_Update Add New Employee - ASSIST/Save  Continue Button' is clicked on

2018-12-06 22:43:17 - [TEST_STEP][PASSED] - delay: Delayed 4 second(s)

2018-12-06 22:43:21 - [MESSAGE][PASSED] - Delayed 4 second(s)

2018-12-06 22:43:21 - [TEST_STEP][PASSED] - click: Object: 'Object Repository/Final Object Repo/Page_Update Add New Employee - ASSIST/Save  Continue Third Screen' is clicked on

2018-12-06 22:43:24 - [MESSAGE][PASSED] - Object: 'Object Repository/Final Object Repo/Page_Update Add New Employee - ASSIST/Save  Continue Third Screen' is clicked on

2018-12-06 22:43:24 - [TEST_STEP][PASSED] - delay: Delayed 4 second(s)

2018-12-06 22:43:28 - [MESSAGE][PASSED] - Delayed 4 second(s)

2018-12-06 22:43:28 - [TEST_STEP][PASSED] - click: Object: 'Object Repository/Final Object Repo/Page_Update Add New Employee - ASSIST/Save   Continue Supporting Doc Page' is clicked on

2018-12-06 22:43:28 - [MESSAGE][PASSED] - Object: 'Object Repository/Final Object Repo/Page_Update Add New Employee - ASSIST/Save   Continue Supporting Doc Page' is clicked on

2018-12-06 22:43:28 - [TEST_STEP][PASSED] - delay: Delayed 4 second(s)

2018-12-06 22:43:32 - [MESSAGE][PASSED] - Delayed 4 second(s)

2018-12-06 22:43:32 - [TEST_STEP][PASSED] - click: Object: 'Object Repository/Final Object Repo/Page_Update Add New Employee - ASSIST/Submit Button' is clicked on

2018-12-06 22:43:33 - [MESSAGE][PASSED] - Object: 'Object Repository/Final Object Repo/Page_Update Add New Employee - ASSIST/Submit Button' is clicked on

2018-12-06 22:43:33 - [TEST_STEP][PASSED] - delay: Delayed 4 second(s)

2018-12-06 22:43:37 - [MESSAGE][PASSED] - Delayed 4 second(s)

2018-12-06 22:43:37 - [TEST_STEP][PASSED] - click: Object: 'Object Repository/Final Object Repo/Page_Update Add New Employee - ASSIST/Confirm Submit Button' is clicked on

2018-12-06 22:43:37 - [MESSAGE][PASSED] - Object: 'Object Repository/Final Object Repo/Page_Update Add New Employee - ASSIST/Confirm Submit Button' is clicked on

2018-12-06 22:43:37 - [TEST_STEP][PASSED] - delay: Delayed 30 second(s)

2018-12-06 22:44:07 - [MESSAGE][PASSED] - Delayed 30 second(s)

2018-12-06 22:44:07 - [TEST_STEP][PASSED] - callTestCase: Call Test Case 'Test Cases/Final Aug 2018 - PKS Automation/Common/Screenshoting tool' successfully

2018-12-06 22:44:07 - [TEST_CASE][PASSED] - Test Cases/Final Aug 2018 - PKS Automation/Common/Screenshoting tool: Test Cases/Final Aug 2018 - PKS Automation/Common/Screenshoting tool

2018-12-06 22:44:07 - [TEST_STEP][PASSED] - delay: Delayed 15 second(s)

2018-12-06 22:44:22 - [MESSAGE][PASSED] - Delayed 15 second(s)

2018-12-06 22:44:22 - [TEST_STEP][PASSED] - Statement - driver = com.kms.katalon.core.webui.driver.DriverFactory.getWebDriver(): null

2018-12-06 22:44:22 - [TEST_STEP][PASSED] - Statement - driver.manage().timeouts().implicitlyWait(10, SECONDS): null

2018-12-06 22:44:22 - [TEST_STEP][PASSED] - Statement - PresavePath = KatalonScreenshots: null

2018-12-06 22:44:22 - [TEST_STEP][PASSED] - Statement - pathPrefix = "C:\Users\Public\Pictures\Sample Pictures\Katalon Screenshots\Automate Ending Screen": null

2018-12-06 22:44:22 - [TEST_STEP][PASSED] - Statement - finalPath = <not implemented yet for class: org.codehaus.groovy.ast.expr.EmptyExpression>: null

2018-12-06 22:44:22 - [TEST_STEP][PASSED] - Statement - scrFile = driver.getScreenshotAs(FILE): null

2018-12-06 22:44:22 - [TEST_STEP][PASSED] - Statement - PreSaveFile = new java.io.File(PresavePath): null

2018-12-06 22:44:22 - [TEST_STEP][PASSED] - Statement - counter = 0: null

2018-12-06 22:44:22 - [TEST_STEP][PASSED] - Statement - If (PreSaveFile.exists()): null

2018-12-06 22:44:22 - [TEST_STEP][PASSED] - Statement - While (PreSaveFile.exists()): null

2018-12-06 22:44:22 - [TEST_STEP][PASSED] - Statement - counter = counter + 1: null

2018-12-06 22:44:22 - [TEST_STEP][PASSED] - Statement - PreSaveFile = new java.io.File(((pathPrefix + java.lang.Integer.toString(counter)) + .png)): null

2018-12-06 22:44:22 - [TEST_STEP][PASSED] - Statement - counter = counter + 1: null

2018-12-06 22:44:22 - [TEST_STEP][PASSED] - Statement - PreSaveFile = new java.io.File(((pathPrefix + java.lang.Integer.toString(counter)) + .png)): null

2018-12-06 22:44:22 - [TEST_STEP][PASSED] - Statement - counter = counter + 1: null

2018-12-06 22:44:22 - [TEST_STEP][PASSED] - Statement - PreSaveFile = new java.io.File(((pathPrefix + java.lang.Integer.toString(counter)) + .png)): null

2018-12-06 22:44:22 - [TEST_STEP][PASSED] - Statement - counter = counter + 1: null

2018-12-06 22:44:22 - [TEST_STEP][PASSED] - Statement - PreSaveFile = new java.io.File(((pathPrefix + java.lang.Integer.toString(counter)) + .png)): null

2018-12-06 22:44:22 - [TEST_STEP][PASSED] - Statement - counter = counter + 1: null

2018-12-06 22:44:22 - [TEST_STEP][PASSED] - Statement - PreSaveFile = new java.io.File(((pathPrefix + java.lang.Integer.toString(counter)) + .png)): null

2018-12-06 22:44:22 - [TEST_STEP][PASSED] - Statement - counter = counter + 1: null

2018-12-06 22:44:22 - [TEST_STEP][PASSED] - Statement - PreSaveFile = new java.io.File(((pathPrefix + java.lang.Integer.toString(counter)) + .png)): null

2018-12-06 22:44:22 - [TEST_STEP][PASSED] - Statement - counter = counter + 1: null

2018-12-06 22:44:22 - [TEST_STEP][PASSED] - Statement - PreSaveFile = new java.io.File(((pathPrefix + java.lang.Integer.toString(counter)) + .png)): null

2018-12-06 22:44:22 - [TEST_STEP][PASSED] - Statement - counter = counter + 1: null

2018-12-06 22:44:22 - [TEST_STEP][PASSED] - Statement - PreSaveFile = new java.io.File(((pathPrefix + java.lang.Integer.toString(counter)) + .png)): null

2018-12-06 22:44:22 - [TEST_STEP][PASSED] - Statement - counter = counter + 1: null

2018-12-06 22:44:22 - [TEST_STEP][PASSED] - Statement - PreSaveFile = new java.io.File(((pathPrefix + java.lang.Integer.toString(counter)) + .png)): null

2018-12-06 22:44:22 - [TEST_STEP][PASSED] - Statement - counter = counter + 1: null

2018-12-06 22:44:22 - [TEST_STEP][PASSED] - Statement - PreSaveFile = new java.io.File(((pathPrefix + java.lang.Integer.toString(counter)) + .png)): null

2018-12-06 22:44:22 - [TEST_STEP][PASSED] - Statement - counter = counter + 1: null

2018-12-06 22:44:22 - [TEST_STEP][PASSED] - Statement - PreSaveFile = new java.io.File(((pathPrefix + java.lang.Integer.toString(counter)) + .png)): null

2018-12-06 22:44:22 - [TEST_STEP][PASSED] - Statement - counter = counter + 1: null

2018-12-06 22:44:22 - [TEST_STEP][PASSED] - Statement - PreSaveFile = new java.io.File(((pathPrefix + java.lang.Integer.toString(counter)) + .png)): null

2018-12-06 22:44:22 - [TEST_STEP][PASSED] - Statement - counter = counter + 1: null

2018-12-06 22:44:22 - [TEST_STEP][PASSED] - Statement - PreSaveFile = new java.io.File(((pathPrefix + java.lang.Integer.toString(counter)) + .png)): null

2018-12-06 22:44:22 - [TEST_STEP][PASSED] - Statement - counter = counter + 1: null

2018-12-06 22:44:22 - [TEST_STEP][PASSED] - Statement - PreSaveFile = new java.io.File(((pathPrefix + java.lang.Integer.toString(counter)) + .png)): null

2018-12-06 22:44:22 - [TEST_STEP][PASSED] - Statement - counter = counter + 1: null

2018-12-06 22:44:22 - [TEST_STEP][PASSED] - Statement - PreSaveFile = new java.io.File(((pathPrefix + java.lang.Integer.toString(counter)) + .png)): null

2018-12-06 22:44:22 - [TEST_STEP][PASSED] - Statement - counter = counter + 1: null

2018-12-06 22:44:22 - [TEST_STEP][PASSED] - Statement - PreSaveFile = new java.io.File(((pathPrefix + java.lang.Integer.toString(counter)) + .png)): null

2018-12-06 22:44:22 - [TEST_STEP][PASSED] - Statement - counter = counter + 1: null

2018-12-06 22:44:22 - [TEST_STEP][PASSED] - Statement - PreSaveFile = new java.io.File(((pathPrefix + java.lang.Integer.toString(counter)) + .png)): null

2018-12-06 22:44:22 - [TEST_STEP][PASSED] - Statement - counter = counter + 1: null

2018-12-06 22:44:22 - [TEST_STEP][PASSED] - Statement - PreSaveFile = new java.io.File(((pathPrefix + java.lang.Integer.toString(counter)) + .png)): null

2018-12-06 22:44:22 - [TEST_STEP][PASSED] - Statement - counter = counter + 1: null

2018-12-06 22:44:22 - [TEST_STEP][PASSED] - Statement - PreSaveFile = new java.io.File(((pathPrefix + java.lang.Integer.toString(counter)) + .png)): null

2018-12-06 22:44:22 - [TEST_STEP][PASSED] - Statement - counter = counter + 1: null

2018-12-06 22:44:22 - [TEST_STEP][PASSED] - Statement - PreSaveFile = new java.io.File(((pathPrefix + java.lang.Integer.toString(counter)) + .png)): null

2018-12-06 22:44:22 - [TEST_STEP][PASSED] - Statement - counter = counter + 1: null

2018-12-06 22:44:22 - [TEST_STEP][PASSED] - Statement - PreSaveFile = new java.io.File(((pathPrefix + java.lang.Integer.toString(counter)) + .png)): null

2018-12-06 22:44:22 - [TEST_STEP][PASSED] - Statement - counter = counter + 1: null

2018-12-06 22:44:22 - [TEST_STEP][PASSED] - Statement - PreSaveFile = new java.io.File(((pathPrefix + java.lang.Integer.toString(counter)) + .png)): null

2018-12-06 22:44:22 - [TEST_STEP][PASSED] - Statement - counter = counter + 1: null

2018-12-06 22:44:22 - [TEST_STEP][PASSED] - Statement - PreSaveFile = new java.io.File(((pathPrefix + java.lang.Integer.toString(counter)) + .png)): null

2018-12-06 22:44:22 - [TEST_STEP][PASSED] - Statement - counter = counter + 1: null

2018-12-06 22:44:22 - [TEST_STEP][PASSED] - Statement - PreSaveFile = new java.io.File(((pathPrefix + java.lang.Integer.toString(counter)) + .png)): null

2018-12-06 22:44:22 - [TEST_STEP][PASSED] - Statement - counter = counter + 1: null

2018-12-06 22:44:22 - [TEST_STEP][PASSED] - Statement - PreSaveFile = new java.io.File(((pathPrefix + java.lang.Integer.toString(counter)) + .png)): null

2018-12-06 22:44:22 - [TEST_STEP][PASSED] - Statement - counter = counter + 1: null

2018-12-06 22:44:22 - [TEST_STEP][PASSED] - Statement - PreSaveFile = new java.io.File(((pathPrefix + java.lang.Integer.toString(counter)) + .png)): null

2018-12-06 22:44:22 - [TEST_STEP][PASSED] - Statement - counter = counter + 1: null

2018-12-06 22:44:22 - [TEST_STEP][PASSED] - Statement - PreSaveFile = new java.io.File(((pathPrefix + java.lang.Integer.toString(counter)) + .png)): null

2018-12-06 22:44:22 - [TEST_STEP][PASSED] - Statement - counter = counter + 1: null

2018-12-06 22:44:22 - [TEST_STEP][PASSED] - Statement - PreSaveFile = new java.io.File(((pathPrefix + java.lang.Integer.toString(counter)) + .png)): null

2018-12-06 22:44:22 - [TEST_STEP][PASSED] - Statement - counter = counter + 1: null

2018-12-06 22:44:22 - [TEST_STEP][PASSED] - Statement - PreSaveFile = new java.io.File(((pathPrefix + java.lang.Integer.toString(counter)) + .png)): null

2018-12-06 22:44:22 - [TEST_STEP][PASSED] - Statement - counter = counter + 1: null

2018-12-06 22:44:22 - [TEST_STEP][PASSED] - Statement - PreSaveFile = new java.io.File(((pathPrefix + java.lang.Integer.toString(counter)) + .png)): null

2018-12-06 22:44:22 - [TEST_STEP][PASSED] - Statement - counter = counter + 1: null

2018-12-06 22:44:22 - [TEST_STEP][PASSED] - Statement - PreSaveFile = new java.io.File(((pathPrefix + java.lang.Integer.toString(counter)) + .png)): null

2018-12-06 22:44:22 - [TEST_STEP][PASSED] - Statement - counter = counter + 1: null

2018-12-06 22:44:22 - [TEST_STEP][PASSED] - Statement - PreSaveFile = new java.io.File(((pathPrefix + java.lang.Integer.toString(counter)) + .png)): null

2018-12-06 22:44:22 - [TEST_STEP][PASSED] - Statement - counter = counter + 1: null

2018-12-06 22:44:22 - [TEST_STEP][PASSED] - Statement - PreSaveFile = new java.io.File(((pathPrefix + java.lang.Integer.toString(counter)) + .png)): null

2018-12-06 22:44:22 - [TEST_STEP][PASSED] - Statement - counter = counter + 1: null

2018-12-06 22:44:22 - [TEST_STEP][PASSED] - Statement - PreSaveFile = new java.io.File(((pathPrefix + java.lang.Integer.toString(counter)) + .png)): null

2018-12-06 22:44:22 - [TEST_STEP][PASSED] - Statement - counter = counter + 1: null

2018-12-06 22:44:22 - [TEST_STEP][PASSED] - Statement - PreSaveFile = new java.io.File(((pathPrefix + java.lang.Integer.toString(counter)) + .png)): null

2018-12-06 22:44:22 - [TEST_STEP][PASSED] - Statement - counter = counter + 1: null

2018-12-06 22:44:22 - [TEST_STEP][PASSED] - Statement - PreSaveFile = new java.io.File(((pathPrefix + java.lang.Integer.toString(counter)) + .png)): null

2018-12-06 22:44:22 - [TEST_STEP][PASSED] - Statement - counter = counter + 1: null

2018-12-06 22:44:22 - [TEST_STEP][PASSED] - Statement - PreSaveFile = new java.io.File(((pathPrefix + java.lang.Integer.toString(counter)) + .png)): null

2018-12-06 22:44:22 - [TEST_STEP][PASSED] - Statement - counter = counter + 1: null

2018-12-06 22:44:22 - [TEST_STEP][PASSED] - Statement - PreSaveFile = new java.io.File(((pathPrefix + java.lang.Integer.toString(counter)) + .png)): null

2018-12-06 22:44:22 - [TEST_STEP][PASSED] - Statement - counter = counter + 1: null

2018-12-06 22:44:22 - [TEST_STEP][PASSED] - Statement - PreSaveFile = new java.io.File(((pathPrefix + java.lang.Integer.toString(counter)) + .png)): null

2018-12-06 22:44:22 - [TEST_STEP][PASSED] - Statement - counter = counter + 1: null

2018-12-06 22:44:22 - [TEST_STEP][PASSED] - Statement - PreSaveFile = new java.io.File(((pathPrefix + java.lang.Integer.toString(counter)) + .png)): null

2018-12-06 22:44:22 - [TEST_STEP][PASSED] - Statement - counter = counter + 1: null

2018-12-06 22:44:22 - [TEST_STEP][PASSED] - Statement - PreSaveFile = new java.io.File(((pathPrefix + java.lang.Integer.toString(counter)) + .png)): null

2018-12-06 22:44:22 - [TEST_STEP][PASSED] - Statement - counter = counter + 1: null

2018-12-06 22:44:22 - [TEST_STEP][PASSED] - Statement - PreSaveFile = new java.io.File(((pathPrefix + java.lang.Integer.toString(counter)) + .png)): null

2018-12-06 22:44:22 - [TEST_STEP][PASSED] - Statement - counter = counter + 1: null

2018-12-06 22:44:22 - [TEST_STEP][PASSED] - Statement - PreSaveFile = new java.io.File(((pathPrefix + java.lang.Integer.toString(counter)) + .png)): null

2018-12-06 22:44:22 - [TEST_STEP][PASSED] - Statement - counter = counter + 1: null

2018-12-06 22:44:22 - [TEST_STEP][PASSED] - Statement - PreSaveFile = new java.io.File(((pathPrefix + java.lang.Integer.toString(counter)) + .png)): null

2018-12-06 22:44:22 - [TEST_STEP][PASSED] - Statement - finalPath = pathPrefix + java.lang.Integer.toString(counter) + ".png": null

2018-12-06 22:44:22 - [TEST_STEP][PASSED] - Statement - SaveFile = new java.io.File(finalPath): null

2018-12-06 22:44:22 - [TEST_STEP][PASSED] - Statement - Try: null

2018-12-06 22:44:22 - [TEST_STEP][PASSED] - Statement - org.apache.commons.io.FileUtils.copyFile(scrFile, SaveFile): null

2018-12-06 22:44:22 - [TEST_STEP][PASSED] - Statement - out.println("file kept"): null

2018-12-06 22:44:22 - [TEST_STEP][PASSED] - delay: Delayed 10 second(s)

2018-12-06 22:44:32 - [MESSAGE][PASSED] - Delayed 10 second(s)

2018-12-06 22:44:32 - [MESSAGE][PASSED] - Call Test Case 'Test Cases/Final Aug 2018 - PKS Automation/Common/Screenshoting tool' successfully]]></system-out>
         <system-err><![CDATA[2018-12-06 22:36:37 - [TEST_CASE][FAILED] - Test Cases/Final Aug 2018 - PKS Automation/Registration Module/Workflow/Update Add New Employee/Add Employee and Set Incomplete ( OTC - PKRBO): Test Cases/Final Aug 2018 - PKS Automation/Registration Module/Workflow/Update Add New Employee/Add Employee and Set Incomplete ( OTC - PKRBO) FAILED because (of) (Stack trace: com.kms.katalon.core.exception.StepFailedException: Unable to set text 'CAN12201800002265' of object 'Object Repository/Final Object Repo/New Registration - Registration Module Pages/New Reg - OTC to RO/Special Case - All Related Objects/TextBox RefNo in Workbasket' (Root cause: org.openqa.selenium.ElementNotVisibleException: element not interactable
  (Session info: chrome=70.0.3538.110)
  (Driver info: chromedriver=2.43.600210 (68dcf5eebde37173d4027fa8635e332711d2874a),platform=Windows NT 6.1.7601 SP1 x86_64) (WARNING: The server did not provide any stacktrace information)
Command duration or timeout: 0 milliseconds
Build info: version: '3.7.1', revision: '8a0099a', time: '2017-11-06T21:07:36.161Z'
System info: host: 'WIN7TEST02', ip: '10.20.3.72', os.name: 'Windows 7', os.arch: 'amd64', os.version: '6.1', java.version: '1.8.0_181'
Driver info: com.kms.katalon.selenium.driver.CChromeDriver
Capabilities {acceptInsecureCerts: false, acceptSslCerts: false, applicationCacheEnabled: false, browserConnectionEnabled: false, browserName: chrome, chrome: {chromedriverVersion: 2.43.600210 (68dcf5eebde371..., userDataDir: C:\Users\Admin\AppData\Loca...}, cssSelectorsEnabled: true, databaseEnabled: false, goog:chromeOptions: {debuggerAddress: localhost:61463}, handlesAlerts: true, hasTouchScreen: false, javascriptEnabled: true, locationContextEnabled: true, mobileEmulationEnabled: false, nativeEvents: true, networkConnectionEnabled: false, pageLoadStrategy: normal, platform: XP, platformName: XP, rotatable: false, setWindowRect: true, takesHeapSnapshot: true, takesScreenshot: true, unexpectedAlertBehaviour: , unhandledPromptBehavior: , version: 70.0.3538.110, webStorageEnabled: true}
Session ID: 8fdb98bcd889cc9575350c667fe77ab9)
	at com.kms.katalon.core.keyword.internal.KeywordMain.stepFailed(KeywordMain.groovy:32)
	at com.kms.katalon.core.webui.keyword.internal.WebUIKeywordMain.stepFailed(WebUIKeywordMain.groovy:65)
	at com.kms.katalon.core.webui.keyword.internal.WebUIKeywordMain.runKeyword(WebUIKeywordMain.groovy:27)
	at com.kms.katalon.core.webui.keyword.builtin.SetTextKeyword.setText(SetTextKeyword.groovy:65)
	at com.kms.katalon.core.webui.keyword.builtin.SetTextKeyword.execute(SetTextKeyword.groovy:37)
	at com.kms.katalon.core.keyword.internal.KeywordExecutor.executeKeywordForPlatform(KeywordExecutor.groovy:53)
	at com.kms.katalon.core.webui.keyword.WebUiBuiltInKeywords.setText(WebUiBuiltInKeywords.groovy:950)
	at com.kms.katalon.core.webui.keyword.WebUiBuiltInKeywords$setText$1.call(Unknown Source)
	at org.codehaus.groovy.runtime.callsite.CallSiteArray.defaultCall(CallSiteArray.java:48)
	at org.codehaus.groovy.runtime.callsite.AbstractCallSite.call(AbstractCallSite.java:113)
	at org.codehaus.groovy.runtime.callsite.AbstractCallSite.call(AbstractCallSite.java:133)
	at Script1535947244917.run(Script1535947244917.groovy:159)
	at com.kms.katalon.core.main.ScriptEngine.run(ScriptEngine.java:183)
	at com.kms.katalon.core.main.ScriptEngine.runScriptAsRawText(ScriptEngine.java:108)
	at com.kms.katalon.core.main.TestCaseExecutor.runScript(TestCaseExecutor.java:294)
	at com.kms.katalon.core.main.TestCaseExecutor.doExecute(TestCaseExecutor.java:285)
	at com.kms.katalon.core.main.TestCaseExecutor.processExecutionPhase(TestCaseExecutor.java:264)
	at com.kms.katalon.core.main.TestCaseExecutor.accessMainPhase(TestCaseExecutor.java:256)
	at com.kms.katalon.core.main.TestCaseExecutor.execute(TestCaseExecutor.java:200)
	at com.kms.katalon.core.main.TestSuiteExecutor.accessTestCaseMainPhase(TestSuiteExecutor.java:129)
	at com.kms.katalon.core.main.TestSuiteExecutor.accessTestSuiteMainPhase(TestSuiteExecutor.java:112)
	at com.kms.katalon.core.main.TestSuiteExecutor.execute(TestSuiteExecutor.java:81)
	at com.kms.katalon.core.main.TestCaseMain.startTestSuite(TestCaseMain.java:142)
	at com.kms.katalon.core.main.TestCaseMain$startTestSuite$0.call(Unknown Source)
	at org.codehaus.groovy.runtime.callsite.CallSiteArray.defaultCall(CallSiteArray.java:48)
	at org.codehaus.groovy.runtime.callsite.AbstractCallSite.call(AbstractCallSite.java:113)
	at org.codehaus.groovy.runtime.callsite.AbstractCallSite.call(AbstractCallSite.java:141)
	at TempTestSuite1544087655094.run(TempTestSuite1544087655094.groovy:36)
	at groovy.lang.GroovyShell.runScriptOrMainOrTestOrRunnable(GroovyShell.java:263)
	at groovy.lang.GroovyShell.run(GroovyShell.java:518)
	at groovy.lang.GroovyShell.run(GroovyShell.java:507)
	at groovy.ui.GroovyMain.processOnce(GroovyMain.java:653)
	at groovy.ui.GroovyMain.run(GroovyMain.java:384)
	at groovy.ui.GroovyMain.process(GroovyMain.java:370)
	at groovy.ui.GroovyMain.processArgs(GroovyMain.java:129)
	at groovy.ui.GroovyMain.main(GroovyMain.java:109)
	at sun.reflect.NativeMethodAccessorImpl.invoke0(Native Method)
	at sun.reflect.NativeMethodAccessorImpl.invoke(NativeMethodAccessorImpl.java:62)
	at sun.reflect.DelegatingMethodAccessorImpl.invoke(DelegatingMethodAccessorImpl.java:43)
	at java.lang.reflect.Method.invoke(Method.java:498)
	at org.codehaus.groovy.tools.GroovyStarter.rootLoader(GroovyStarter.java:109)
	at org.codehaus.groovy.tools.GroovyStarter.main(GroovyStarter.java:131)
)]]></system-err>
      </testcase>
      <testcase name="Test Cases/Final Aug 2018 - PKS Automation/Registration Module/Workflow/Update Add New Employee/Special Case (Employer - RO Approve)" classname="Test Cases/Final Aug 2018 - PKS Automation/Registration Module/Workflow/Update Add New Employee/Special Case (Employer - RO Approve)" status="FAILED">
         <failure type="FAILED" message="(Stack trace: com.kms.katalon.core.exception.StepFailedException: Unable to set text 'CAN12201800002266' of object 'Object Repository/Final Object Repo/New Registration - Registration Module Pages/New Reg - OTC to RO/Special Case - All Related Objects/TextBox RefNo in Workbasket' (Root cause: org.openqa.selenium.ElementNotVisibleException: element not interactable
  (Session info: chrome=70.0.3538.110)
  (Driver info: chromedriver=2.43.600210 (68dcf5eebde37173d4027fa8635e332711d2874a),platform=Windows NT 6.1.7601 SP1 x86_64) (WARNING: The server did not provide any stacktrace information)
Command duration or timeout: 0 milliseconds
Build info: version: '3.7.1', revision: '8a0099a', time: '2017-11-06T21:07:36.161Z'
System info: host: 'WIN7TEST02', ip: '10.20.3.72', os.name: 'Windows 7', os.arch: 'amd64', os.version: '6.1', java.version: '1.8.0_181'
Driver info: com.kms.katalon.selenium.driver.CChromeDriver
Capabilities {acceptInsecureCerts: false, acceptSslCerts: false, applicationCacheEnabled: false, browserConnectionEnabled: false, browserName: chrome, chrome: {chromedriverVersion: 2.43.600210 (68dcf5eebde371..., userDataDir: C:\Users\Admin\AppData\Loca...}, cssSelectorsEnabled: true, databaseEnabled: false, goog:chromeOptions: {debuggerAddress: localhost:61711}, handlesAlerts: true, hasTouchScreen: false, javascriptEnabled: true, locationContextEnabled: true, mobileEmulationEnabled: false, nativeEvents: true, networkConnectionEnabled: false, pageLoadStrategy: normal, platform: XP, platformName: XP, rotatable: false, setWindowRect: true, takesHeapSnapshot: true, takesScreenshot: true, unexpectedAlertBehaviour: , unhandledPromptBehavior: , version: 70.0.3538.110, webStorageEnabled: true}
Session ID: 3067bd26aa389b6fb473e6ec5fc6f2b7)
	at com.kms.katalon.core.keyword.internal.KeywordMain.stepFailed(KeywordMain.groovy:32)
	at com.kms.katalon.core.webui.keyword.internal.WebUIKeywordMain.stepFailed(WebUIKeywordMain.groovy:65)
	at com.kms.katalon.core.webui.keyword.internal.WebUIKeywordMain.runKeyword(WebUIKeywordMain.groovy:27)
	at com.kms.katalon.core.webui.keyword.builtin.SetTextKeyword.setText(SetTextKeyword.groovy:65)
	at com.kms.katalon.core.webui.keyword.builtin.SetTextKeyword.execute(SetTextKeyword.groovy:37)
	at com.kms.katalon.core.keyword.internal.KeywordExecutor.executeKeywordForPlatform(KeywordExecutor.groovy:53)
	at com.kms.katalon.core.webui.keyword.WebUiBuiltInKeywords.setText(WebUiBuiltInKeywords.groovy:950)
	at com.kms.katalon.core.webui.keyword.WebUiBuiltInKeywords$setText$1.call(Unknown Source)
	at org.codehaus.groovy.runtime.callsite.CallSiteArray.defaultCall(CallSiteArray.java:48)
	at org.codehaus.groovy.runtime.callsite.AbstractCallSite.call(AbstractCallSite.java:113)
	at org.codehaus.groovy.runtime.callsite.AbstractCallSite.call(AbstractCallSite.java:133)
	at Script1537255642276.run(Script1537255642276.groovy:157)
	at com.kms.katalon.core.main.ScriptEngine.run(ScriptEngine.java:183)
	at com.kms.katalon.core.main.ScriptEngine.runScriptAsRawText(ScriptEngine.java:108)
	at com.kms.katalon.core.main.TestCaseExecutor.runScript(TestCaseExecutor.java:294)
	at com.kms.katalon.core.main.TestCaseExecutor.doExecute(TestCaseExecutor.java:285)
	at com.kms.katalon.core.main.TestCaseExecutor.processExecutionPhase(TestCaseExecutor.java:264)
	at com.kms.katalon.core.main.TestCaseExecutor.accessMainPhase(TestCaseExecutor.java:256)
	at com.kms.katalon.core.main.TestCaseExecutor.execute(TestCaseExecutor.java:200)
	at com.kms.katalon.core.main.TestSuiteExecutor.accessTestCaseMainPhase(TestSuiteExecutor.java:129)
	at com.kms.katalon.core.main.TestSuiteExecutor.accessTestSuiteMainPhase(TestSuiteExecutor.java:112)
	at com.kms.katalon.core.main.TestSuiteExecutor.execute(TestSuiteExecutor.java:81)
	at com.kms.katalon.core.main.TestCaseMain.startTestSuite(TestCaseMain.java:142)
	at com.kms.katalon.core.main.TestCaseMain$startTestSuite$0.call(Unknown Source)
	at org.codehaus.groovy.runtime.callsite.CallSiteArray.defaultCall(CallSiteArray.java:48)
	at org.codehaus.groovy.runtime.callsite.AbstractCallSite.call(AbstractCallSite.java:113)
	at org.codehaus.groovy.runtime.callsite.AbstractCallSite.call(AbstractCallSite.java:141)
	at TempTestSuite1544087655094.run(TempTestSuite1544087655094.groovy:36)
	at groovy.lang.GroovyShell.runScriptOrMainOrTestOrRunnable(GroovyShell.java:263)
	at groovy.lang.GroovyShell.run(GroovyShell.java:518)
	at groovy.lang.GroovyShell.run(GroovyShell.java:507)
	at groovy.ui.GroovyMain.processOnce(GroovyMain.java:653)
	at groovy.ui.GroovyMain.run(GroovyMain.java:384)
	at groovy.ui.GroovyMain.process(GroovyMain.java:370)
	at groovy.ui.GroovyMain.processArgs(GroovyMain.java:129)
	at groovy.ui.GroovyMain.main(GroovyMain.java:109)
	at sun.reflect.NativeMethodAccessorImpl.invoke0(Native Method)
	at sun.reflect.NativeMethodAccessorImpl.invoke(NativeMethodAccessorImpl.java:62)
	at sun.reflect.DelegatingMethodAccessorImpl.invoke(DelegatingMethodAccessorImpl.java:43)
	at java.lang.reflect.Method.invoke(Method.java:498)
	at org.codehaus.groovy.tools.GroovyStarter.rootLoader(GroovyStarter.java:109)
	at org.codehaus.groovy.tools.GroovyStarter.main(GroovyStarter.java:131)
)"/>
         <system-out><![CDATA[2018-12-06 22:44:32 - [TEST_CASE][FAILED] - Test Cases/Final Aug 2018 - PKS Automation/Registration Module/Workflow/Update Add New Employee/Special Case (Employer - RO Approve): Test Cases/Final Aug 2018 - PKS Automation/Registration Module/Workflow/Update Add New Employee/Special Case (Employer - RO Approve) FAILED because (of) (Stack trace: com.kms.katalon.core.exception.StepFailedException: Unable to set text 'CAN12201800002266' of object 'Object Repository/Final Object Repo/New Registration - Registration Module Pages/New Reg - OTC to RO/Special Case - All Related Objects/TextBox RefNo in Workbasket' (Root cause: org.openqa.selenium.ElementNotVisibleException: element not interactable
  (Session info: chrome=70.0.3538.110)
  (Driver info: chromedriver=2.43.600210 (68dcf5eebde37173d4027fa8635e332711d2874a),platform=Windows NT 6.1.7601 SP1 x86_64) (WARNING: The server did not provide any stacktrace information)
Command duration or timeout: 0 milliseconds
Build info: version: '3.7.1', revision: '8a0099a', time: '2017-11-06T21:07:36.161Z'
System info: host: 'WIN7TEST02', ip: '10.20.3.72', os.name: 'Windows 7', os.arch: 'amd64', os.version: '6.1', java.version: '1.8.0_181'
Driver info: com.kms.katalon.selenium.driver.CChromeDriver
Capabilities {acceptInsecureCerts: false, acceptSslCerts: false, applicationCacheEnabled: false, browserConnectionEnabled: false, browserName: chrome, chrome: {chromedriverVersion: 2.43.600210 (68dcf5eebde371..., userDataDir: C:\Users\Admin\AppData\Loca...}, cssSelectorsEnabled: true, databaseEnabled: false, goog:chromeOptions: {debuggerAddress: localhost:61711}, handlesAlerts: true, hasTouchScreen: false, javascriptEnabled: true, locationContextEnabled: true, mobileEmulationEnabled: false, nativeEvents: true, networkConnectionEnabled: false, pageLoadStrategy: normal, platform: XP, platformName: XP, rotatable: false, setWindowRect: true, takesHeapSnapshot: true, takesScreenshot: true, unexpectedAlertBehaviour: , unhandledPromptBehavior: , version: 70.0.3538.110, webStorageEnabled: true}
Session ID: 3067bd26aa389b6fb473e6ec5fc6f2b7)
	at com.kms.katalon.core.keyword.internal.KeywordMain.stepFailed(KeywordMain.groovy:32)
	at com.kms.katalon.core.webui.keyword.internal.WebUIKeywordMain.stepFailed(WebUIKeywordMain.groovy:65)
	at com.kms.katalon.core.webui.keyword.internal.WebUIKeywordMain.runKeyword(WebUIKeywordMain.groovy:27)
	at com.kms.katalon.core.webui.keyword.builtin.SetTextKeyword.setText(SetTextKeyword.groovy:65)
	at com.kms.katalon.core.webui.keyword.builtin.SetTextKeyword.execute(SetTextKeyword.groovy:37)
	at com.kms.katalon.core.keyword.internal.KeywordExecutor.executeKeywordForPlatform(KeywordExecutor.groovy:53)
	at com.kms.katalon.core.webui.keyword.WebUiBuiltInKeywords.setText(WebUiBuiltInKeywords.groovy:950)
	at com.kms.katalon.core.webui.keyword.WebUiBuiltInKeywords$setText$1.call(Unknown Source)
	at org.codehaus.groovy.runtime.callsite.CallSiteArray.defaultCall(CallSiteArray.java:48)
	at org.codehaus.groovy.runtime.callsite.AbstractCallSite.call(AbstractCallSite.java:113)
	at org.codehaus.groovy.runtime.callsite.AbstractCallSite.call(AbstractCallSite.java:133)
	at Script1537255642276.run(Script1537255642276.groovy:157)
	at com.kms.katalon.core.main.ScriptEngine.run(ScriptEngine.java:183)
	at com.kms.katalon.core.main.ScriptEngine.runScriptAsRawText(ScriptEngine.java:108)
	at com.kms.katalon.core.main.TestCaseExecutor.runScript(TestCaseExecutor.java:294)
	at com.kms.katalon.core.main.TestCaseExecutor.doExecute(TestCaseExecutor.java:285)
	at com.kms.katalon.core.main.TestCaseExecutor.processExecutionPhase(TestCaseExecutor.java:264)
	at com.kms.katalon.core.main.TestCaseExecutor.accessMainPhase(TestCaseExecutor.java:256)
	at com.kms.katalon.core.main.TestCaseExecutor.execute(TestCaseExecutor.java:200)
	at com.kms.katalon.core.main.TestSuiteExecutor.accessTestCaseMainPhase(TestSuiteExecutor.java:129)
	at com.kms.katalon.core.main.TestSuiteExecutor.accessTestSuiteMainPhase(TestSuiteExecutor.java:112)
	at com.kms.katalon.core.main.TestSuiteExecutor.execute(TestSuiteExecutor.java:81)
	at com.kms.katalon.core.main.TestCaseMain.startTestSuite(TestCaseMain.java:142)
	at com.kms.katalon.core.main.TestCaseMain$startTestSuite$0.call(Unknown Source)
	at org.codehaus.groovy.runtime.callsite.CallSiteArray.defaultCall(CallSiteArray.java:48)
	at org.codehaus.groovy.runtime.callsite.AbstractCallSite.call(AbstractCallSite.java:113)
	at org.codehaus.groovy.runtime.callsite.AbstractCallSite.call(AbstractCallSite.java:141)
	at TempTestSuite1544087655094.run(TempTestSuite1544087655094.groovy:36)
	at groovy.lang.GroovyShell.runScriptOrMainOrTestOrRunnable(GroovyShell.java:263)
	at groovy.lang.GroovyShell.run(GroovyShell.java:518)
	at groovy.lang.GroovyShell.run(GroovyShell.java:507)
	at groovy.ui.GroovyMain.processOnce(GroovyMain.java:653)
	at groovy.ui.GroovyMain.run(GroovyMain.java:384)
	at groovy.ui.GroovyMain.process(GroovyMain.java:370)
	at groovy.ui.GroovyMain.processArgs(GroovyMain.java:129)
	at groovy.ui.GroovyMain.main(GroovyMain.java:109)
	at sun.reflect.NativeMethodAccessorImpl.invoke0(Native Method)
	at sun.reflect.NativeMethodAccessorImpl.invoke(NativeMethodAccessorImpl.java:62)
	at sun.reflect.DelegatingMethodAccessorImpl.invoke(DelegatingMethodAccessorImpl.java:43)
	at java.lang.reflect.Method.invoke(Method.java:498)
	at org.codehaus.groovy.tools.GroovyStarter.rootLoader(GroovyStarter.java:109)
	at org.codehaus.groovy.tools.GroovyStarter.main(GroovyStarter.java:131)
)

2018-12-06 22:44:33 - [TEST_STEP][PASSED] - callTestCase: Call Test Case 'Test Cases/Final Aug 2018 - PKS Automation/Registration Module/Workflow/Update Add New Employee/Template/New Company for Update Add New - Employer' successfully

2018-12-06 22:44:33 - [TEST_CASE][PASSED] - Test Cases/Final Aug 2018 - PKS Automation/Registration Module/Workflow/Update Add New Employee/Template/New Company for Update Add New - Employer: Test Cases/Final Aug 2018 - PKS Automation/Registration Module/Workflow/Update Add New Employee/Template/New Company for Update Add New - Employer

2018-12-06 22:44:33 - [TEST_STEP][PASSED] - callTestCase: Call Test Case 'Test Cases/Final Aug 2018 - PKS Automation/Create Employer Acc/Create Employer Account' successfully

2018-12-06 22:44:33 - [TEST_CASE][PASSED] - Test Cases/Final Aug 2018 - PKS Automation/Create Employer Acc/Create Employer Account: Test Cases/Final Aug 2018 - PKS Automation/Create Employer Acc/Create Employer Account

2018-12-06 22:44:33 - [TEST_STEP][PASSED] - callTestCase: Call Test Case 'Test Cases/Final Aug 2018 - PKS Automation/Create Employer Acc/Template/Register Employer' successfully

2018-12-06 22:44:33 - [TEST_CASE][PASSED] - Test Cases/Final Aug 2018 - PKS Automation/Create Employer Acc/Template/Register Employer: Test Cases/Final Aug 2018 - PKS Automation/Create Employer Acc/Template/Register Employer

2018-12-06 22:44:34 - [TEST_STEP][PASSED] - openBrowser: Browser is opened with url: ''

2018-12-06 22:44:34 - [MESSAGE][WARNING] - A browser is already opened. Closing browser and opening a new one

2018-12-06 22:44:38 - [MESSAGE][PASSED] - Browser is opened with url: ''

2018-12-06 22:44:38 - [TEST_STEP][PASSED] - navigateToUrl: Navigate to 'https://assist2-uat.perkeso.gov.my/login' successfully

2018-12-06 22:44:39 - [MESSAGE][PASSED] - Navigate to 'https://assist2-uat.perkeso.gov.my/login' successfully

2018-12-06 22:44:39 - [TEST_STEP][PASSED] - setText: Text 'johorotc1@gmail.com' is set on object 'Object Repository/Final Object Repo/Login Page/Internal User/Email Address'

2018-12-06 22:44:39 - [MESSAGE][PASSED] - Text 'johorotc1@gmail.com' is set on object 'Object Repository/Final Object Repo/Login Page/Internal User/Email Address'

2018-12-06 22:44:39 - [TEST_STEP][PASSED] - click: Object: 'Object Repository/Final Object Repo/Login Page/Internal User/Next Button' is clicked on

2018-12-06 22:44:39 - [MESSAGE][PASSED] - Object: 'Object Repository/Final Object Repo/Login Page/Internal User/Next Button' is clicked on

2018-12-06 22:44:39 - [TEST_STEP][PASSED] - delay: Delayed 1 second(s)

2018-12-06 22:44:40 - [MESSAGE][PASSED] - Delayed 1 second(s)

2018-12-06 22:44:40 - [TEST_STEP][PASSED] - setEncryptedText: Text ****** has been set on object 'Object Repository/Final Object Repo/Login Page/Internal User/Password'

2018-12-06 22:44:40 - [MESSAGE][PASSED] - Text ****** has been set on object 'Object Repository/Final Object Repo/Login Page/Internal User/Password'

2018-12-06 22:44:40 - [TEST_STEP][PASSED] - click: Object: 'Object Repository/Final Object Repo/Login Page/Internal User/Login Button' is clicked on

2018-12-06 22:44:41 - [MESSAGE][PASSED] - Object: 'Object Repository/Final Object Repo/Login Page/Internal User/Login Button' is clicked on

2018-12-06 22:44:41 - [TEST_STEP][PASSED] - delay: Delayed 1 second(s)

2018-12-06 22:44:42 - [MESSAGE][PASSED] - Delayed 1 second(s)

2018-12-06 22:44:42 - [TEST_STEP][PASSED] - navigateToUrl: Navigate to 'https://assist2-uat.perkeso.gov.my/web/base/portal-id/registration' successfully

2018-12-06 22:44:43 - [MESSAGE][PASSED] - Navigate to 'https://assist2-uat.perkeso.gov.my/web/base/portal-id/registration' successfully

2018-12-06 22:44:43 - [TEST_STEP][PASSED] - setText: Text 'AUTOMATION EMPLOYER' is set on object 'Object Repository/Final Object Repo/Creating Employer Account/Page_Registration - ASSIST (Base)/Employer Name'

2018-12-06 22:44:44 - [MESSAGE][PASSED] - Text 'AUTOMATION EMPLOYER' is set on object 'Object Repository/Final Object Repo/Creating Employer Account/Page_Registration - ASSIST (Base)/Employer Name'

2018-12-06 22:44:44 - [TEST_STEP][PASSED] - delay: Delayed 2 second(s)

2018-12-06 22:44:46 - [MESSAGE][PASSED] - Delayed 2 second(s)

2018-12-06 22:44:46 - [TEST_STEP][PASSED] - click: Object: 'Object Repository/Final Object Repo/Creating Employer Account/Page_Registration - ASSIST (Base)/Registration Type' is clicked on

2018-12-06 22:44:46 - [MESSAGE][PASSED] - Object: 'Object Repository/Final Object Repo/Creating Employer Account/Page_Registration - ASSIST (Base)/Registration Type' is clicked on

2018-12-06 22:44:46 - [TEST_STEP][PASSED] - delay: Delayed 2 second(s)

2018-12-06 22:44:48 - [MESSAGE][PASSED] - Delayed 2 second(s)

2018-12-06 22:44:48 - [TEST_STEP][PASSED] - click: Object: 'Object Repository/Final Object Repo/Creating Employer Account/Page_Registration - ASSIST (Base)/Registration Type - Registration No' is clicked on

2018-12-06 22:44:48 - [MESSAGE][PASSED] - Object: 'Object Repository/Final Object Repo/Creating Employer Account/Page_Registration - ASSIST (Base)/Registration Type - Registration No' is clicked on

2018-12-06 22:44:48 - [TEST_STEP][PASSED] - delay: Delayed 2 second(s)

2018-12-06 22:44:50 - [MESSAGE][PASSED] - Delayed 2 second(s)

2018-12-06 22:44:50 - [TEST_STEP][PASSED] - setText: Text '1234567890' is set on object 'Object Repository/Final Object Repo/Creating Employer Account/Page_Registration - ASSIST (Base)/Registration Number'

2018-12-06 22:44:51 - [MESSAGE][PASSED] - Text '1234567890' is set on object 'Object Repository/Final Object Repo/Creating Employer Account/Page_Registration - ASSIST (Base)/Registration Number'

2018-12-06 22:44:51 - [TEST_STEP][PASSED] - delay: Delayed 2 second(s)

2018-12-06 22:44:53 - [MESSAGE][PASSED] - Delayed 2 second(s)

2018-12-06 22:44:53 - [TEST_STEP][PASSED] - setText: Text 'ADDRESS 1' is set on object 'Object Repository/Final Object Repo/Creating Employer Account/Page_Registration - ASSIST (Base)/Postal Address 1'

2018-12-06 22:44:53 - [MESSAGE][PASSED] - Text 'ADDRESS 1' is set on object 'Object Repository/Final Object Repo/Creating Employer Account/Page_Registration - ASSIST (Base)/Postal Address 1'

2018-12-06 22:44:53 - [TEST_STEP][PASSED] - setText: Text 'ADDRESS 2' is set on object 'Object Repository/Final Object Repo/Creating Employer Account/Page_Registration - ASSIST (Base)/Postal Address 2'

2018-12-06 22:44:53 - [MESSAGE][PASSED] - Text 'ADDRESS 2' is set on object 'Object Repository/Final Object Repo/Creating Employer Account/Page_Registration - ASSIST (Base)/Postal Address 2'

2018-12-06 22:44:53 - [TEST_STEP][PASSED] - click: Object: 'Object Repository/Final Object Repo/Creating Employer Account/Page_Registration - ASSIST (Base)/State' is clicked on

2018-12-06 22:44:53 - [MESSAGE][PASSED] - Object: 'Object Repository/Final Object Repo/Creating Employer Account/Page_Registration - ASSIST (Base)/State' is clicked on

2018-12-06 22:44:53 - [TEST_STEP][PASSED] - delay: Delayed 2 second(s)

2018-12-06 22:44:55 - [MESSAGE][PASSED] - Delayed 2 second(s)

2018-12-06 22:44:55 - [TEST_STEP][PASSED] - click: Object: 'Object Repository/Final Object Repo/Creating Employer Account/Page_Registration - ASSIST (Base)/State - Johor' is clicked on

2018-12-06 22:44:56 - [MESSAGE][PASSED] - Object: 'Object Repository/Final Object Repo/Creating Employer Account/Page_Registration - ASSIST (Base)/State - Johor' is clicked on

2018-12-06 22:44:56 - [TEST_STEP][PASSED] - delay: Delayed 2 second(s)

2018-12-06 22:44:58 - [MESSAGE][PASSED] - Delayed 2 second(s)

2018-12-06 22:44:58 - [TEST_STEP][PASSED] - click: Object: 'Object Repository/Final Object Repo/Creating Employer Account/Page_Registration - ASSIST (Base)/City' is clicked on

2018-12-06 22:44:58 - [MESSAGE][PASSED] - Object: 'Object Repository/Final Object Repo/Creating Employer Account/Page_Registration - ASSIST (Base)/City' is clicked on

2018-12-06 22:44:58 - [TEST_STEP][PASSED] - delay: Delayed 2 second(s)

2018-12-06 22:45:00 - [MESSAGE][PASSED] - Delayed 2 second(s)

2018-12-06 22:45:00 - [TEST_STEP][PASSED] - setText: Text 'joh' is set on object 'Object Repository/Final Object Repo/Creating Employer Account/Page_Registration - ASSIST (Base)/City - joh'

2018-12-06 22:45:00 - [MESSAGE][PASSED] - Text 'joh' is set on object 'Object Repository/Final Object Repo/Creating Employer Account/Page_Registration - ASSIST (Base)/City - joh'

2018-12-06 22:45:00 - [TEST_STEP][PASSED] - delay: Delayed 2 second(s)

2018-12-06 22:45:02 - [MESSAGE][PASSED] - Delayed 2 second(s)

2018-12-06 22:45:02 - [TEST_STEP][PASSED] - click: Object: 'Object Repository/Final Object Repo/Creating Employer Account/Page_Registration - ASSIST (Base)/City - Johor Bharu' is clicked on

2018-12-06 22:45:02 - [MESSAGE][PASSED] - Object: 'Object Repository/Final Object Repo/Creating Employer Account/Page_Registration - ASSIST (Base)/City - Johor Bharu' is clicked on

2018-12-06 22:45:02 - [TEST_STEP][PASSED] - delay: Delayed 2 second(s)

2018-12-06 22:45:04 - [MESSAGE][PASSED] - Delayed 2 second(s)

2018-12-06 22:45:04 - [TEST_STEP][PASSED] - click: Object: 'Object Repository/Final Object Repo/Creating Employer Account/Page_Registration - ASSIST (Base)/Post Code' is clicked on

2018-12-06 22:45:04 - [MESSAGE][PASSED] - Object: 'Object Repository/Final Object Repo/Creating Employer Account/Page_Registration - ASSIST (Base)/Post Code' is clicked on

2018-12-06 22:45:04 - [TEST_STEP][PASSED] - delay: Delayed 2 second(s)

2018-12-06 22:45:06 - [MESSAGE][PASSED] - Delayed 2 second(s)

2018-12-06 22:45:06 - [TEST_STEP][PASSED] - setText: Text '810' is set on object 'Object Repository/Final Object Repo/Creating Employer Account/Page_Registration - ASSIST (Base)/Post Code - 810'

2018-12-06 22:45:06 - [MESSAGE][PASSED] - Text '810' is set on object 'Object Repository/Final Object Repo/Creating Employer Account/Page_Registration - ASSIST (Base)/Post Code - 810'

2018-12-06 22:45:06 - [TEST_STEP][PASSED] - delay: Delayed 2 second(s)

2018-12-06 22:45:08 - [MESSAGE][PASSED] - Delayed 2 second(s)

2018-12-06 22:45:08 - [TEST_STEP][PASSED] - click: Object: 'Object Repository/Final Object Repo/Creating Employer Account/Page_Registration - ASSIST (Base)/Post Code - 81000' is clicked on

2018-12-06 22:45:09 - [MESSAGE][PASSED] - Object: 'Object Repository/Final Object Repo/Creating Employer Account/Page_Registration - ASSIST (Base)/Post Code - 81000' is clicked on

2018-12-06 22:45:09 - [TEST_STEP][PASSED] - delay: Delayed 2 second(s)

2018-12-06 22:45:11 - [MESSAGE][PASSED] - Delayed 2 second(s)

2018-12-06 22:45:11 - [TEST_STEP][PASSED] - setText: Text 'PERKESO' is set on object 'Object Repository/Final Object Repo/Creating Employer Account/Page_Registration - ASSIST (Base)/Full Name'

2018-12-06 22:45:11 - [MESSAGE][PASSED] - Text 'PERKESO' is set on object 'Object Repository/Final Object Repo/Creating Employer Account/Page_Registration - ASSIST (Base)/Full Name'

2018-12-06 22:45:11 - [TEST_STEP][PASSED] - Statement - rnd = new java.util.Random(): null

2018-12-06 22:45:11 - [TEST_STEP][PASSED] - Statement - snum = rnd.nextInt(899999 + 1) + 100000: null

2018-12-06 22:45:11 - [TEST_STEP][PASSED] - Statement - tnum = rnd.nextInt(899999 + 1) + 100000: null

2018-12-06 22:45:11 - [TEST_STEP][PASSED] - Statement - IC = java.lang.Integer.toString(snum) + java.lang.Integer.toString(tnum): null

2018-12-06 22:45:11 - [TEST_STEP][PASSED] - Statement - out.println(IC): null

2018-12-06 22:45:11 - [TEST_STEP][PASSED] - setText: Text '288169348211' is set on object 'Object Repository/Final Object Repo/Creating Employer Account/Page_Registration - ASSIST (Base)/Identification Number'

2018-12-06 22:45:11 - [MESSAGE][PASSED] - Text '288169348211' is set on object 'Object Repository/Final Object Repo/Creating Employer Account/Page_Registration - ASSIST (Base)/Identification Number'

2018-12-06 22:45:11 - [TEST_STEP][PASSED] - delay: Delayed 2 second(s)

2018-12-06 22:45:13 - [MESSAGE][PASSED] - Delayed 2 second(s)

2018-12-06 22:45:13 - [TEST_STEP][PASSED] - setText: Text '123456789012' is set on object 'Object Repository/Final Object Repo/Creating Employer Account/Page_Registration - ASSIST (Base)/Contact Number'

2018-12-06 22:45:14 - [MESSAGE][PASSED] - Text '123456789012' is set on object 'Object Repository/Final Object Repo/Creating Employer Account/Page_Registration - ASSIST (Base)/Contact Number'

2018-12-06 22:45:14 - [TEST_STEP][PASSED] - Statement - Email = "perkeso" + IC + "@gmail.com": null

2018-12-06 22:45:14 - [TEST_STEP][PASSED] - delay: Delayed 2 second(s)

2018-12-06 22:45:16 - [MESSAGE][PASSED] - Delayed 2 second(s)

2018-12-06 22:45:16 - [TEST_STEP][PASSED] - callTestCase: Call Test Case 'Test Cases/Final Aug 2018 - PKS Automation/Create Employer Acc/Template/Employer Email Settler' successfully

2018-12-06 22:45:16 - [TEST_CASE][PASSED] - Test Cases/Final Aug 2018 - PKS Automation/Create Employer Acc/Template/Employer Email Settler: Test Cases/Final Aug 2018 - PKS Automation/Create Employer Acc/Template/Employer Email Settler

2018-12-06 22:45:16 - [TEST_STEP][PASSED] - Statement - EmpEmailOld = new java.io.File(C://Users//Admin//Desktop//PKS//Automation Reference Point//EmpEmail.txt): null

2018-12-06 22:45:16 - [TEST_STEP][PASSED] - Statement - EmpEmailOld.delete(): null

2018-12-06 22:45:16 - [TEST_STEP][PASSED] - delay: Delayed 5 second(s)

2018-12-06 22:45:21 - [MESSAGE][PASSED] - Delayed 5 second(s)

2018-12-06 22:45:21 - [TEST_STEP][PASSED] - Statement - EmpEmail = new java.io.File(C://Users//Admin//Desktop//PKS//Automation Reference Point//EmpEmail.txt): null

2018-12-06 22:45:21 - [TEST_STEP][PASSED] - Statement - f2 = new java.io.FileWriter(EmpEmail, false): null

2018-12-06 22:45:21 - [TEST_STEP][PASSED] - Statement - f2.write(Email): null

2018-12-06 22:45:21 - [TEST_STEP][PASSED] - Statement - f2.close(): null

2018-12-06 22:45:21 - [TEST_STEP][PASSED] - Statement - out.println(Email): null

2018-12-06 22:45:21 - [MESSAGE][PASSED] - Call Test Case 'Test Cases/Final Aug 2018 - PKS Automation/Create Employer Acc/Template/Employer Email Settler' successfully

2018-12-06 22:45:21 - [TEST_STEP][PASSED] - delay: Delayed 2 second(s)

2018-12-06 22:45:23 - [MESSAGE][PASSED] - Delayed 2 second(s)

2018-12-06 22:45:23 - [TEST_STEP][PASSED] - setText: Text 'perkeso288169348211@gmail.com' is set on object 'Object Repository/Final Object Repo/Creating Employer Account/Page_Registration - ASSIST (Base)/Email'

2018-12-06 22:45:23 - [MESSAGE][PASSED] - Text 'perkeso288169348211@gmail.com' is set on object 'Object Repository/Final Object Repo/Creating Employer Account/Page_Registration - ASSIST (Base)/Email'

2018-12-06 22:45:23 - [TEST_STEP][PASSED] - setText: Text '123' is set on object 'Object Repository/Final Object Repo/Creating Employer Account/Page_Registration - ASSIST (Base)/Security Phase'

2018-12-06 22:45:24 - [MESSAGE][PASSED] - Text '123' is set on object 'Object Repository/Final Object Repo/Creating Employer Account/Page_Registration - ASSIST (Base)/Security Phase'

2018-12-06 22:45:24 - [TEST_STEP][PASSED] - click: Object: 'Object Repository/Final Object Repo/Creating Employer Account/Page_Registration - ASSIST (Base)/Save  Continue' is clicked on

2018-12-06 22:45:24 - [MESSAGE][PASSED] - Object: 'Object Repository/Final Object Repo/Creating Employer Account/Page_Registration - ASSIST (Base)/Save  Continue' is clicked on

2018-12-06 22:45:24 - [TEST_STEP][PASSED] - delay: Delayed 2 second(s)

2018-12-06 22:45:26 - [MESSAGE][PASSED] - Delayed 2 second(s)

2018-12-06 22:45:26 - [TEST_STEP][PASSED] - click: Object: 'Object Repository/Final Object Repo/Creating Employer Account/Page_Registration - ASSIST (Base)/Add Document' is clicked on

2018-12-06 22:45:26 - [MESSAGE][PASSED] - Object: 'Object Repository/Final Object Repo/Creating Employer Account/Page_Registration - ASSIST (Base)/Add Document' is clicked on

2018-12-06 22:45:26 - [TEST_STEP][PASSED] - delay: Delayed 2 second(s)

2018-12-06 22:45:28 - [MESSAGE][PASSED] - Delayed 2 second(s)

2018-12-06 22:45:28 - [TEST_STEP][PASSED] - click: Object: 'Object Repository/Final Object Repo/Creating Employer Account/Page_Registration - ASSIST (Base)/Document Type' is clicked on

2018-12-06 22:45:28 - [MESSAGE][PASSED] - Object: 'Object Repository/Final Object Repo/Creating Employer Account/Page_Registration - ASSIST (Base)/Document Type' is clicked on

2018-12-06 22:45:28 - [TEST_STEP][PASSED] - delay: Delayed 2 second(s)

2018-12-06 22:45:30 - [MESSAGE][PASSED] - Delayed 2 second(s)

2018-12-06 22:45:30 - [TEST_STEP][PASSED] - click: Object: 'Object Repository/Final Object Repo/Creating Employer Account/Page_Registration - ASSIST (Base)/Document Type - Letter of Authorization' is clicked on

2018-12-06 22:45:30 - [MESSAGE][PASSED] - Object: 'Object Repository/Final Object Repo/Creating Employer Account/Page_Registration - ASSIST (Base)/Document Type - Letter of Authorization' is clicked on

2018-12-06 22:45:30 - [TEST_STEP][PASSED] - delay: Delayed 2 second(s)

2018-12-06 22:45:32 - [MESSAGE][PASSED] - Delayed 2 second(s)

2018-12-06 22:45:32 - [TEST_STEP][PASSED] - sendKeys: Keys 'C:\Users\Public\Pictures\Sample Pictures\Koala.jpg' sent to object: 'Object Repository/Final Object Repo/Creating Employer Account/Page_Registration - ASSIST (Base)/Uploading File'

2018-12-06 22:45:32 - [MESSAGE][PASSED] - Keys 'C:\Users\Public\Pictures\Sample Pictures\Koala.jpg' sent to object: 'Object Repository/Final Object Repo/Creating Employer Account/Page_Registration - ASSIST (Base)/Uploading File'

2018-12-06 22:45:32 - [TEST_STEP][PASSED] - delay: Delayed 2 second(s)

2018-12-06 22:45:34 - [MESSAGE][PASSED] - Delayed 2 second(s)

2018-12-06 22:45:34 - [TEST_STEP][PASSED] - click: Object: 'Object Repository/Final Object Repo/Creating Employer Account/Page_Registration - ASSIST (Base)/Add Document in Uploading File' is clicked on

2018-12-06 22:45:35 - [MESSAGE][PASSED] - Object: 'Object Repository/Final Object Repo/Creating Employer Account/Page_Registration - ASSIST (Base)/Add Document in Uploading File' is clicked on

2018-12-06 22:45:35 - [TEST_STEP][PASSED] - delay: Delayed 2 second(s)

2018-12-06 22:45:37 - [MESSAGE][PASSED] - Delayed 2 second(s)

2018-12-06 22:45:37 - [TEST_STEP][PASSED] - click: Object: 'Object Repository/Final Object Repo/Creating Employer Account/Page_Registration - ASSIST (Base)/Save' is clicked on

2018-12-06 22:45:37 - [MESSAGE][PASSED] - Object: 'Object Repository/Final Object Repo/Creating Employer Account/Page_Registration - ASSIST (Base)/Save' is clicked on

2018-12-06 22:45:37 - [TEST_STEP][PASSED] - delay: Delayed 2 second(s)

2018-12-06 22:45:39 - [MESSAGE][PASSED] - Delayed 2 second(s)

2018-12-06 22:45:39 - [TEST_STEP][PASSED] - click: Object: 'Object Repository/Final Object Repo/Creating Employer Account/Page_Registration - ASSIST (Base)/Submit' is clicked on

2018-12-06 22:45:39 - [MESSAGE][PASSED] - Object: 'Object Repository/Final Object Repo/Creating Employer Account/Page_Registration - ASSIST (Base)/Submit' is clicked on

2018-12-06 22:45:39 - [TEST_STEP][PASSED] - delay: Delayed 2 second(s)

2018-12-06 22:45:41 - [MESSAGE][PASSED] - Delayed 2 second(s)

2018-12-06 22:45:41 - [TEST_STEP][PASSED] - click: Object: 'Object Repository/Final Object Repo/Creating Employer Account/Page_Registration - ASSIST (Base)/Confirm' is clicked on

2018-12-06 22:45:41 - [MESSAGE][PASSED] - Object: 'Object Repository/Final Object Repo/Creating Employer Account/Page_Registration - ASSIST (Base)/Confirm' is clicked on

2018-12-06 22:45:41 - [MESSAGE][PASSED] - Call Test Case 'Test Cases/Final Aug 2018 - PKS Automation/Create Employer Acc/Template/Register Employer' successfully

2018-12-06 22:45:41 - [TEST_STEP][PASSED] - delay: Delayed 1 second(s)

2018-12-06 22:45:42 - [MESSAGE][PASSED] - Delayed 1 second(s)

2018-12-06 22:45:42 - [TEST_STEP][PASSED] - navigateToUrl: Navigate to 'https://assist2-uat.perkeso.gov.my/c/portal/logout' successfully

2018-12-06 22:45:44 - [MESSAGE][PASSED] - Navigate to 'https://assist2-uat.perkeso.gov.my/c/portal/logout' successfully

2018-12-06 22:45:44 - [TEST_STEP][PASSED] - delay: Delayed 1 second(s)

2018-12-06 22:45:45 - [MESSAGE][PASSED] - Delayed 1 second(s)

2018-12-06 22:45:45 - [TEST_STEP][PASSED] - callTestCase: Call Test Case 'Test Cases/Final Aug 2018 - PKS Automation/Create Employer Acc/Template/Change Password of Employer' successfully

2018-12-06 22:45:45 - [TEST_CASE][PASSED] - Test Cases/Final Aug 2018 - PKS Automation/Create Employer Acc/Template/Change Password of Employer: Test Cases/Final Aug 2018 - PKS Automation/Create Employer Acc/Template/Change Password of Employer

2018-12-06 22:45:45 - [TEST_STEP][PASSED] - openBrowser: Browser is opened with url: ''

2018-12-06 22:45:45 - [MESSAGE][WARNING] - A browser is already opened. Closing browser and opening a new one

2018-12-06 22:45:49 - [MESSAGE][PASSED] - Browser is opened with url: ''

2018-12-06 22:45:49 - [TEST_STEP][PASSED] - navigateToUrl: Navigate to 'https://assist2-uat.perkeso.gov.my/login' successfully

2018-12-06 22:45:50 - [MESSAGE][PASSED] - Navigate to 'https://assist2-uat.perkeso.gov.my/login' successfully

2018-12-06 22:45:50 - [TEST_STEP][PASSED] - delay: Delayed 5 second(s)

2018-12-06 22:45:55 - [MESSAGE][PASSED] - Delayed 5 second(s)

2018-12-06 22:45:55 - [TEST_STEP][PASSED] - setText: Text 'test@liferay.com' is set on object 'Object Repository/Final Object Repo/Login Page/Internal User/Email Address'

2018-12-06 22:45:55 - [MESSAGE][PASSED] - Text 'test@liferay.com' is set on object 'Object Repository/Final Object Repo/Login Page/Internal User/Email Address'

2018-12-06 22:45:55 - [TEST_STEP][PASSED] - click: Object: 'Object Repository/Final Object Repo/Login Page/Internal User/Next Button' is clicked on

2018-12-06 22:45:56 - [MESSAGE][PASSED] - Object: 'Object Repository/Final Object Repo/Login Page/Internal User/Next Button' is clicked on

2018-12-06 22:45:56 - [TEST_STEP][PASSED] - delay: Delayed 2 second(s)

2018-12-06 22:45:58 - [MESSAGE][PASSED] - Delayed 2 second(s)

2018-12-06 22:45:58 - [TEST_STEP][PASSED] - setText: Text 'test' is set on object 'Object Repository/Final Object Repo/Login Page/Internal User/Password'

2018-12-06 22:45:58 - [MESSAGE][PASSED] - Text 'test' is set on object 'Object Repository/Final Object Repo/Login Page/Internal User/Password'

2018-12-06 22:45:58 - [TEST_STEP][PASSED] - delay: Delayed 2 second(s)

2018-12-06 22:46:00 - [MESSAGE][PASSED] - Delayed 2 second(s)

2018-12-06 22:46:00 - [TEST_STEP][PASSED] - click: Object: 'Object Repository/Final Object Repo/Login Page/Internal User/Login Button' is clicked on

2018-12-06 22:46:00 - [MESSAGE][PASSED] - Object: 'Object Repository/Final Object Repo/Login Page/Internal User/Login Button' is clicked on

2018-12-06 22:46:00 - [TEST_STEP][PASSED] - delay: Delayed 3 second(s)

2018-12-06 22:46:03 - [MESSAGE][PASSED] - Delayed 3 second(s)

2018-12-06 22:46:03 - [TEST_STEP][PASSED] - navigateToUrl: Navigate to 'https://assist2-uat.perkeso.gov.my/group/control_panel/manage?p_p_id=125&p_p_lifecycle=0&p_p_state=maximized&p_p_mode=view&refererPlid=20455&_125_usersListView=flat-users&_125_toolbarItem=view-all-users&_125_saveUsersListView=true&_125_struts_action=%2Fusers_admin%2Fview' successfully

2018-12-06 22:46:05 - [MESSAGE][PASSED] - Navigate to 'https://assist2-uat.perkeso.gov.my/group/control_panel/manage?p_p_id=125&p_p_lifecycle=0&p_p_state=maximized&p_p_mode=view&refererPlid=20455&_125_usersListView=flat-users&_125_toolbarItem=view-all-users&_125_saveUsersListView=true&_125_struts_action=%2Fusers_admin%2Fview' successfully

2018-12-06 22:46:05 - [TEST_STEP][PASSED] - delay: Delayed 3 second(s)

2018-12-06 22:46:08 - [MESSAGE][PASSED] - Delayed 3 second(s)

2018-12-06 22:46:08 - [TEST_STEP][PASSED] - setText: Text 'perkeso288169348211@gmail.com' is set on object 'Object Repository/Final Object Repo/Creating Employer Account/Page_Users and Organizations - ASSIST/Employer name'

2018-12-06 22:46:08 - [MESSAGE][PASSED] - Text 'perkeso288169348211@gmail.com' is set on object 'Object Repository/Final Object Repo/Creating Employer Account/Page_Users and Organizations - ASSIST/Employer name'

2018-12-06 22:46:08 - [TEST_STEP][PASSED] - delay: Delayed 3 second(s)

2018-12-06 22:46:11 - [MESSAGE][PASSED] - Delayed 3 second(s)

2018-12-06 22:46:11 - [TEST_STEP][PASSED] - click: Object: 'Object Repository/Final Object Repo/Creating Employer Account/Page_Users and Organizations - ASSIST/Search' is clicked on

2018-12-06 22:46:11 - [MESSAGE][PASSED] - Object: 'Object Repository/Final Object Repo/Creating Employer Account/Page_Users and Organizations - ASSIST/Search' is clicked on

2018-12-06 22:46:11 - [TEST_STEP][PASSED] - delay: Delayed 3 second(s)

2018-12-06 22:46:14 - [MESSAGE][PASSED] - Delayed 3 second(s)

2018-12-06 22:46:14 - [TEST_STEP][PASSED] - click: Object: 'Object Repository/Final Object Repo/Creating Employer Account/Page_Users and Organizations - ASSIST/Action' is clicked on

2018-12-06 22:46:15 - [MESSAGE][PASSED] - Object: 'Object Repository/Final Object Repo/Creating Employer Account/Page_Users and Organizations - ASSIST/Action' is clicked on

2018-12-06 22:46:15 - [TEST_STEP][PASSED] - delay: Delayed 3 second(s)

2018-12-06 22:46:18 - [MESSAGE][PASSED] - Delayed 3 second(s)

2018-12-06 22:46:18 - [TEST_STEP][PASSED] - click: Object: 'Object Repository/Final Object Repo/Creating Employer Account/Page_Users and Organizations - ASSIST/Edit' is clicked on

2018-12-06 22:46:19 - [MESSAGE][PASSED] - Object: 'Object Repository/Final Object Repo/Creating Employer Account/Page_Users and Organizations - ASSIST/Edit' is clicked on

2018-12-06 22:46:19 - [TEST_STEP][PASSED] - delay: Delayed 3 second(s)

2018-12-06 22:46:22 - [MESSAGE][PASSED] - Delayed 3 second(s)

2018-12-06 22:46:22 - [TEST_STEP][PASSED] - click: Object: 'Object Repository/Final Object Repo/Creating Employer Account/Page_PERKESO - Users and Organizati/a_Password (Modified)' is clicked on

2018-12-06 22:46:22 - [MESSAGE][PASSED] - Object: 'Object Repository/Final Object Repo/Creating Employer Account/Page_PERKESO - Users and Organizati/a_Password (Modified)' is clicked on

2018-12-06 22:46:22 - [TEST_STEP][PASSED] - delay: Delayed 3 second(s)

2018-12-06 22:46:25 - [MESSAGE][PASSED] - Delayed 3 second(s)

2018-12-06 22:46:25 - [TEST_STEP][PASSED] - setEncryptedText: Text ****** has been set on object 'Object Repository/Final Object Repo/Creating Employer Account/Page_PERKESO - Users and Organizati/input__125_password1'

2018-12-06 22:46:25 - [MESSAGE][PASSED] - Text ****** has been set on object 'Object Repository/Final Object Repo/Creating Employer Account/Page_PERKESO - Users and Organizati/input__125_password1'

2018-12-06 22:46:25 - [TEST_STEP][PASSED] - delay: Delayed 3 second(s)

2018-12-06 22:46:28 - [MESSAGE][PASSED] - Delayed 3 second(s)

2018-12-06 22:46:28 - [TEST_STEP][PASSED] - setEncryptedText: Text ****** has been set on object 'Object Repository/Final Object Repo/Creating Employer Account/Page_PERKESO - Users and Organizati/input__125_password2'

2018-12-06 22:46:28 - [MESSAGE][PASSED] - Text ****** has been set on object 'Object Repository/Final Object Repo/Creating Employer Account/Page_PERKESO - Users and Organizati/input__125_password2'

2018-12-06 22:46:28 - [TEST_STEP][PASSED] - delay: Delayed 3 second(s)

2018-12-06 22:46:31 - [MESSAGE][PASSED] - Delayed 3 second(s)

2018-12-06 22:46:31 - [TEST_STEP][PASSED] - click: Object: 'Object Repository/Final Object Repo/Creating Employer Account/Page_PERKESO - Users and Organizati/Save' is clicked on

2018-12-06 22:46:37 - [MESSAGE][PASSED] - Object: 'Object Repository/Final Object Repo/Creating Employer Account/Page_PERKESO - Users and Organizati/Save' is clicked on

2018-12-06 22:46:37 - [MESSAGE][PASSED] - Call Test Case 'Test Cases/Final Aug 2018 - PKS Automation/Create Employer Acc/Template/Change Password of Employer' successfully

2018-12-06 22:46:37 - [TEST_STEP][PASSED] - delay: Delayed 1 second(s)

2018-12-06 22:46:38 - [MESSAGE][PASSED] - Delayed 1 second(s)

2018-12-06 22:46:38 - [TEST_STEP][PASSED] - navigateToUrl: Navigate to 'https://assist2-uat.perkeso.gov.my/c/portal/logout' successfully

2018-12-06 22:46:39 - [MESSAGE][PASSED] - Navigate to 'https://assist2-uat.perkeso.gov.my/c/portal/logout' successfully

2018-12-06 22:46:39 - [TEST_STEP][PASSED] - delay: Delayed 1 second(s)

2018-12-06 22:46:40 - [MESSAGE][PASSED] - Delayed 1 second(s)

2018-12-06 22:46:40 - [TEST_STEP][PASSED] - callTestCase: Call Test Case 'Test Cases/Final Aug 2018 - PKS Automation/Create Employer Acc/Template/Login to Employer Account (First Time)' successfully

2018-12-06 22:46:40 - [TEST_CASE][PASSED] - Test Cases/Final Aug 2018 - PKS Automation/Create Employer Acc/Template/Login to Employer Account (First Time): Test Cases/Final Aug 2018 - PKS Automation/Create Employer Acc/Template/Login to Employer Account (First Time)

2018-12-06 22:46:40 - [TEST_STEP][PASSED] - openBrowser: Browser is opened with url: ''

2018-12-06 22:46:40 - [MESSAGE][WARNING] - A browser is already opened. Closing browser and opening a new one

2018-12-06 22:46:44 - [MESSAGE][PASSED] - Browser is opened with url: ''

2018-12-06 22:46:44 - [TEST_STEP][PASSED] - navigateToUrl: Navigate to 'https://assist2-uat.perkeso.gov.my/employer/login' successfully

2018-12-06 22:46:45 - [MESSAGE][PASSED] - Navigate to 'https://assist2-uat.perkeso.gov.my/employer/login' successfully

2018-12-06 22:46:45 - [TEST_STEP][PASSED] - delay: Delayed 3 second(s)

2018-12-06 22:46:48 - [MESSAGE][PASSED] - Delayed 3 second(s)

2018-12-06 22:46:48 - [TEST_STEP][PASSED] - callTestCase: Call Test Case 'Test Cases/Final Aug 2018 - PKS Automation/Create Employer Acc/Template/Employer Email Getter' successfully

2018-12-06 22:46:48 - [TEST_CASE][PASSED] - Test Cases/Final Aug 2018 - PKS Automation/Create Employer Acc/Template/Employer Email Getter: Test Cases/Final Aug 2018 - PKS Automation/Create Employer Acc/Template/Employer Email Getter

2018-12-06 22:46:49 - [TEST_STEP][PASSED] - Statement - Try: null

2018-12-06 22:46:49 - [TEST_STEP][PASSED] - Statement - EmpEmail = new java.io.File(C://Users//Admin//Desktop//PKS//Automation Reference Point//EmpEmail.txt): null

2018-12-06 22:46:49 - [TEST_STEP][PASSED] - Statement - bufferread = new java.io.BufferedReader(new java.io.FileReader(EmpEmail)): null

2018-12-06 22:46:49 - [TEST_STEP][PASSED] - Statement - readedVal = bufferread.readLine(): null

2018-12-06 22:46:49 - [TEST_STEP][PASSED] - Statement - out.println(readedVal): null

2018-12-06 22:46:49 - [TEST_STEP][PASSED] - Statement - Email = readedVal: null

2018-12-06 22:46:49 - [MESSAGE][PASSED] - Call Test Case 'Test Cases/Final Aug 2018 - PKS Automation/Create Employer Acc/Template/Employer Email Getter' successfully

2018-12-06 22:46:49 - [TEST_STEP][PASSED] - setText: Text 'perkeso288169348211@gmail.com' is set on object 'Object Repository/Final Object Repo/Login Page/External Login Page/Email'

2018-12-06 22:46:49 - [MESSAGE][PASSED] - Text 'perkeso288169348211@gmail.com' is set on object 'Object Repository/Final Object Repo/Login Page/External Login Page/Email'

2018-12-06 22:46:49 - [TEST_STEP][PASSED] - click: Object: 'Object Repository/Final Object Repo/Login Page/External Login Page/Next' is clicked on

2018-12-06 22:46:49 - [MESSAGE][PASSED] - Object: 'Object Repository/Final Object Repo/Login Page/External Login Page/Next' is clicked on

2018-12-06 22:46:49 - [TEST_STEP][PASSED] - delay: Delayed 3 second(s)

2018-12-06 22:46:52 - [MESSAGE][PASSED] - Delayed 3 second(s)

2018-12-06 22:46:52 - [TEST_STEP][PASSED] - setEncryptedText: Text ****** has been set on object 'Object Repository/Final Object Repo/Login Page/External Login Page/Password'

2018-12-06 22:46:53 - [MESSAGE][PASSED] - Text ****** has been set on object 'Object Repository/Final Object Repo/Login Page/External Login Page/Password'

2018-12-06 22:46:53 - [TEST_STEP][PASSED] - click: Object: 'Object Repository/Final Object Repo/Login Page/External Login Page/Login' is clicked on

2018-12-06 22:46:53 - [MESSAGE][PASSED] - Object: 'Object Repository/Final Object Repo/Login Page/External Login Page/Login' is clicked on

2018-12-06 22:46:53 - [TEST_STEP][PASSED] - delay: Delayed 3 second(s)

2018-12-06 22:46:56 - [MESSAGE][PASSED] - Delayed 3 second(s)

2018-12-06 22:46:56 - [TEST_STEP][PASSED] - click: Object: 'Object Repository/Final Object Repo/Creating Employer Account/Page_Terms of Use - ASSIST/button_I Agree' is clicked on

2018-12-06 22:46:56 - [MESSAGE][PASSED] - Object: 'Object Repository/Final Object Repo/Creating Employer Account/Page_Terms of Use - ASSIST/button_I Agree' is clicked on

2018-12-06 22:46:56 - [TEST_STEP][PASSED] - delay: Delayed 2 second(s)

2018-12-06 22:46:58 - [MESSAGE][PASSED] - Delayed 2 second(s)

2018-12-06 22:46:58 - [TEST_STEP][PASSED] - setEncryptedText: Text ****** has been set on object 'Object Repository/Final Object Repo/Creating Employer Account/Page_New Password - ASSIST/input_password1'

2018-12-06 22:46:58 - [MESSAGE][PASSED] - Text ****** has been set on object 'Object Repository/Final Object Repo/Creating Employer Account/Page_New Password - ASSIST/input_password1'

2018-12-06 22:46:58 - [TEST_STEP][PASSED] - setEncryptedText: Text ****** has been set on object 'Object Repository/Final Object Repo/Creating Employer Account/Page_New Password - ASSIST/input_password2'

2018-12-06 22:46:58 - [MESSAGE][PASSED] - Text ****** has been set on object 'Object Repository/Final Object Repo/Creating Employer Account/Page_New Password - ASSIST/input_password2'

2018-12-06 22:46:58 - [TEST_STEP][PASSED] - delay: Delayed 2 second(s)

2018-12-06 22:47:00 - [MESSAGE][PASSED] - Delayed 2 second(s)

2018-12-06 22:47:00 - [TEST_STEP][PASSED] - click: Object: 'Object Repository/Final Object Repo/Creating Employer Account/Page_New Password - ASSIST/Save' is clicked on

2018-12-06 22:47:01 - [MESSAGE][PASSED] - Object: 'Object Repository/Final Object Repo/Creating Employer Account/Page_New Password - ASSIST/Save' is clicked on

2018-12-06 22:47:01 - [TEST_STEP][PASSED] - delay: Delayed 2 second(s)

2018-12-06 22:47:03 - [MESSAGE][PASSED] - Delayed 2 second(s)

2018-12-06 22:47:03 - [TEST_STEP][PASSED] - setText: Text 'test' is set on object 'Object Repository/Final Object Repo/Creating Employer Account/Page_Password Reminder - ASSIST/Reminder Query Answer'

2018-12-06 22:47:03 - [MESSAGE][PASSED] - Text 'test' is set on object 'Object Repository/Final Object Repo/Creating Employer Account/Page_Password Reminder - ASSIST/Reminder Query Answer'

2018-12-06 22:47:03 - [TEST_STEP][PASSED] - delay: Delayed 2 second(s)

2018-12-06 22:47:05 - [MESSAGE][PASSED] - Delayed 2 second(s)

2018-12-06 22:47:05 - [TEST_STEP][PASSED] - doubleClick: Object: 'Object Repository/Final Object Repo/Creating Employer Account/Page_Password Reminder - ASSIST/Save' is double clicked on

2018-12-06 22:47:05 - [MESSAGE][PASSED] - Object: 'Object Repository/Final Object Repo/Creating Employer Account/Page_Password Reminder - ASSIST/Save' is double clicked on

2018-12-06 22:47:05 - [MESSAGE][PASSED] - Call Test Case 'Test Cases/Final Aug 2018 - PKS Automation/Create Employer Acc/Template/Login to Employer Account (First Time)' successfully

2018-12-06 22:47:05 - [MESSAGE][PASSED] - Call Test Case 'Test Cases/Final Aug 2018 - PKS Automation/Create Employer Acc/Create Employer Account' successfully

2018-12-06 22:47:05 - [TEST_STEP][PASSED] - callTestCase: Call Test Case 'Test Cases/Final Aug 2018 - PKS Automation/Registration Module/Log Out/log out avoiding katalon tagging' successfully

2018-12-06 22:47:05 - [TEST_CASE][PASSED] - Test Cases/Final Aug 2018 - PKS Automation/Registration Module/Log Out/log out avoiding katalon tagging: Test Cases/Final Aug 2018 - PKS Automation/Registration Module/Log Out/log out avoiding katalon tagging

2018-12-06 22:47:05 - [TEST_STEP][PASSED] - navigateToUrl: Navigate to 'https://assist2-uat.perkeso.gov.my/c/portal/logout' successfully

2018-12-06 22:47:08 - [MESSAGE][PASSED] - Navigate to 'https://assist2-uat.perkeso.gov.my/c/portal/logout' successfully

2018-12-06 22:47:08 - [MESSAGE][PASSED] - Call Test Case 'Test Cases/Final Aug 2018 - PKS Automation/Registration Module/Log Out/log out avoiding katalon tagging' successfully

2018-12-06 22:47:08 - [TEST_STEP][PASSED] - callTestCase: Call Test Case 'Test Cases/Final Aug 2018 - PKS Automation/Create Employer Acc/Login to Employer Account (Second time)' successfully

2018-12-06 22:47:08 - [TEST_CASE][PASSED] - Test Cases/Final Aug 2018 - PKS Automation/Create Employer Acc/Login to Employer Account (Second time): Test Cases/Final Aug 2018 - PKS Automation/Create Employer Acc/Login to Employer Account (Second time)

2018-12-06 22:47:09 - [TEST_STEP][PASSED] - openBrowser: Browser is opened with url: ''

2018-12-06 22:47:09 - [MESSAGE][WARNING] - A browser is already opened. Closing browser and opening a new one

2018-12-06 22:47:12 - [MESSAGE][PASSED] - Browser is opened with url: ''

2018-12-06 22:47:12 - [TEST_STEP][PASSED] - navigateToUrl: Navigate to 'https://assist2-uat.perkeso.gov.my/employer/login' successfully

2018-12-06 22:47:13 - [MESSAGE][PASSED] - Navigate to 'https://assist2-uat.perkeso.gov.my/employer/login' successfully

2018-12-06 22:47:13 - [TEST_STEP][PASSED] - delay: Delayed 3 second(s)

2018-12-06 22:47:16 - [MESSAGE][PASSED] - Delayed 3 second(s)

2018-12-06 22:47:16 - [TEST_STEP][PASSED] - callTestCase: Call Test Case 'Test Cases/Final Aug 2018 - PKS Automation/Create Employer Acc/Template/Employer Email Getter' successfully

2018-12-06 22:47:16 - [TEST_CASE][PASSED] - Test Cases/Final Aug 2018 - PKS Automation/Create Employer Acc/Template/Employer Email Getter: Test Cases/Final Aug 2018 - PKS Automation/Create Employer Acc/Template/Employer Email Getter

2018-12-06 22:47:16 - [TEST_STEP][PASSED] - Statement - Try: null

2018-12-06 22:47:16 - [TEST_STEP][PASSED] - Statement - EmpEmail = new java.io.File(C://Users//Admin//Desktop//PKS//Automation Reference Point//EmpEmail.txt): null

2018-12-06 22:47:16 - [TEST_STEP][PASSED] - Statement - bufferread = new java.io.BufferedReader(new java.io.FileReader(EmpEmail)): null

2018-12-06 22:47:16 - [TEST_STEP][PASSED] - Statement - readedVal = bufferread.readLine(): null

2018-12-06 22:47:16 - [TEST_STEP][PASSED] - Statement - out.println(readedVal): null

2018-12-06 22:47:16 - [TEST_STEP][PASSED] - Statement - Email = readedVal: null

2018-12-06 22:47:16 - [MESSAGE][PASSED] - Call Test Case 'Test Cases/Final Aug 2018 - PKS Automation/Create Employer Acc/Template/Employer Email Getter' successfully

2018-12-06 22:47:16 - [TEST_STEP][PASSED] - setText: Text 'perkeso288169348211@gmail.com' is set on object 'Object Repository/Final Object Repo/Login Page/External Login Page/Email'

2018-12-06 22:47:17 - [MESSAGE][PASSED] - Text 'perkeso288169348211@gmail.com' is set on object 'Object Repository/Final Object Repo/Login Page/External Login Page/Email'

2018-12-06 22:47:17 - [TEST_STEP][PASSED] - click: Object: 'Object Repository/Final Object Repo/Login Page/External Login Page/Next' is clicked on

2018-12-06 22:47:17 - [MESSAGE][PASSED] - Object: 'Object Repository/Final Object Repo/Login Page/External Login Page/Next' is clicked on

2018-12-06 22:47:17 - [TEST_STEP][PASSED] - delay: Delayed 3 second(s)

2018-12-06 22:47:20 - [MESSAGE][PASSED] - Delayed 3 second(s)

2018-12-06 22:47:20 - [TEST_STEP][PASSED] - setEncryptedText: Text ****** has been set on object 'Object Repository/Final Object Repo/Login Page/External Login Page/Password'

2018-12-06 22:47:20 - [MESSAGE][PASSED] - Text ****** has been set on object 'Object Repository/Final Object Repo/Login Page/External Login Page/Password'

2018-12-06 22:47:20 - [TEST_STEP][PASSED] - click: Object: 'Object Repository/Final Object Repo/Login Page/External Login Page/Login' is clicked on

2018-12-06 22:47:20 - [MESSAGE][PASSED] - Object: 'Object Repository/Final Object Repo/Login Page/External Login Page/Login' is clicked on

2018-12-06 22:47:20 - [TEST_STEP][PASSED] - delay: Delayed 5 second(s)

2018-12-06 22:47:25 - [MESSAGE][PASSED] - Delayed 5 second(s)

2018-12-06 22:47:25 - [MESSAGE][PASSED] - Call Test Case 'Test Cases/Final Aug 2018 - PKS Automation/Create Employer Acc/Login to Employer Account (Second time)' successfully

2018-12-06 22:47:25 - [TEST_STEP][PASSED] - delay: Delayed 4 second(s)

2018-12-06 22:47:29 - [MESSAGE][PASSED] - Delayed 4 second(s)

2018-12-06 22:47:29 - [TEST_STEP][PASSED] - Statement - Try: Delayed 2 second(s)

2018-12-06 22:47:29 - [TEST_STEP][PASSED] - Statement - Checker = false: null

2018-12-06 22:47:29 - [TEST_STEP][PASSED] - Statement - Checker = com.kms.katalon.core.webui.keyword.WebUiBuiltInKeywords.verifyElementHasAttribute(com.kms.katalon.core.testobject.ObjectRepository.findTestObject(Final Object Repo/Landing Page/BM Detecting), "href", 20, OPTIONAL): Object 'Object Repository/Final Object Repo/Landing Page/BM Detecting' has attribute 'href'

2018-12-06 22:47:29 - [MESSAGE][PASSED] - Object 'Object Repository/Final Object Repo/Landing Page/BM Detecting' has attribute 'href'

2018-12-06 22:47:29 - [TEST_STEP][PASSED] - Statement - out.println(Checker): null

2018-12-06 22:47:29 - [TEST_STEP][PASSED] - Statement - If (Checker == false): null

2018-12-06 22:47:29 - [TEST_STEP][PASSED] - Statement - Else: null

2018-12-06 22:47:29 - [TEST_STEP][PASSED] - delay: Delayed 2 second(s)

2018-12-06 22:47:31 - [MESSAGE][PASSED] - Delayed 2 second(s)

2018-12-06 22:47:31 - [TEST_STEP][PASSED] - delay: Delayed 4 second(s)

2018-12-06 22:47:35 - [MESSAGE][PASSED] - Delayed 4 second(s)

2018-12-06 22:47:35 - [TEST_STEP][PASSED] - click: Object: 'Object Repository/Final Object Repo/Landing Page/My Sites Drop Down' is clicked on

2018-12-06 22:47:36 - [MESSAGE][PASSED] - Object: 'Object Repository/Final Object Repo/Landing Page/My Sites Drop Down' is clicked on

2018-12-06 22:47:36 - [TEST_STEP][PASSED] - click: Object: 'Object Repository/Final Object Repo/Landing Page/Select to Registration Module' is clicked on

2018-12-06 22:47:38 - [MESSAGE][PASSED] - Object: 'Object Repository/Final Object Repo/Landing Page/Select to Registration Module' is clicked on

2018-12-06 22:47:38 - [TEST_STEP][PASSED] - click: Object: 'Object Repository/Final Object Repo/Landing Page/Registration Button' is clicked on

2018-12-06 22:47:40 - [MESSAGE][PASSED] - Object: 'Object Repository/Final Object Repo/Landing Page/Registration Button' is clicked on

2018-12-06 22:47:40 - [TEST_STEP][PASSED] - delay: Delayed 2 second(s)

2018-12-06 22:47:42 - [MESSAGE][PASSED] - Delayed 2 second(s)

2018-12-06 22:47:42 - [TEST_STEP][PASSED] - click: Object: 'Object Repository/Final Object Repo/New Registration - Registration Module Pages/New Reg - OTC to RO/Special Case - OTC - Form 1/AEC NO' is clicked on

2018-12-06 22:47:42 - [MESSAGE][PASSED] - Object: 'Object Repository/Final Object Repo/New Registration - Registration Module Pages/New Reg - OTC to RO/Special Case - OTC - Form 1/AEC NO' is clicked on

2018-12-06 22:47:42 - [TEST_STEP][PASSED] - click: Object: 'Object Repository/Final Object Repo/New Registration - Registration Module Pages/New Reg - OTC to RO/Special Case - OTC - Form 1/Business Entity - Please Select' is clicked on

2018-12-06 22:47:42 - [MESSAGE][PASSED] - Object: 'Object Repository/Final Object Repo/New Registration - Registration Module Pages/New Reg - OTC to RO/Special Case - OTC - Form 1/Business Entity - Please Select' is clicked on

2018-12-06 22:47:42 - [TEST_STEP][PASSED] - click: Object: 'Object Repository/Final Object Repo/New Registration - Registration Module Pages/New Reg - OTC to RO/Special Case - OTC - Form 1/Selected - Corporation' is clicked on

2018-12-06 22:47:42 - [MESSAGE][PASSED] - Object: 'Object Repository/Final Object Repo/New Registration - Registration Module Pages/New Reg - OTC to RO/Special Case - OTC - Form 1/Selected - Corporation' is clicked on

2018-12-06 22:47:42 - [TEST_STEP][PASSED] - delay: Delayed 2 second(s)

2018-12-06 22:47:44 - [MESSAGE][PASSED] - Delayed 2 second(s)

2018-12-06 22:47:44 - [TEST_STEP][PASSED] - click: Object: 'Object Repository/Final Object Repo/New Registration - Registration Module Pages/New Reg - OTC to RO/Special Case - OTC - Form 1/Sub Business Entity - Please Select' is clicked on

2018-12-06 22:47:44 - [MESSAGE][PASSED] - Object: 'Object Repository/Final Object Repo/New Registration - Registration Module Pages/New Reg - OTC to RO/Special Case - OTC - Form 1/Sub Business Entity - Please Select' is clicked on

2018-12-06 22:47:44 - [TEST_STEP][PASSED] - delay: Delayed 2 second(s)

2018-12-06 22:47:46 - [MESSAGE][PASSED] - Delayed 2 second(s)

2018-12-06 22:47:46 - [TEST_STEP][PASSED] - click: Object: 'Object Repository/Final Object Repo/New Registration - Registration Module Pages/New Reg - OTC to RO/Special Case - OTC - Form 1/Selected - Sendirian Berhad' is clicked on

2018-12-06 22:47:47 - [MESSAGE][PASSED] - Object: 'Object Repository/Final Object Repo/New Registration - Registration Module Pages/New Reg - OTC to RO/Special Case - OTC - Form 1/Selected - Sendirian Berhad' is clicked on

2018-12-06 22:47:47 - [TEST_STEP][PASSED] - setText: Text 'AUTOMATE001' is set on object 'Object Repository/Final Object Repo/New Registration - Registration Module Pages/New Reg - OTC to RO/Special Case - OTC - Form 1/Input BRN Number'

2018-12-06 22:47:47 - [MESSAGE][PASSED] - Text 'AUTOMATE001' is set on object 'Object Repository/Final Object Repo/New Registration - Registration Module Pages/New Reg - OTC to RO/Special Case - OTC - Form 1/Input BRN Number'

2018-12-06 22:47:47 - [TEST_STEP][PASSED] - delay: Delayed 2 second(s)

2018-12-06 22:47:49 - [MESSAGE][PASSED] - Delayed 2 second(s)

2018-12-06 22:47:49 - [TEST_STEP][PASSED] - click: Object: 'Object Repository/Final Object Repo/New Registration - Registration Module Pages/New Reg - OTC to RO/Special Case - OTC - Form 1/BRN Search' is clicked on

2018-12-06 22:47:49 - [MESSAGE][PASSED] - Object: 'Object Repository/Final Object Repo/New Registration - Registration Module Pages/New Reg - OTC to RO/Special Case - OTC - Form 1/BRN Search' is clicked on

2018-12-06 22:47:49 - [TEST_STEP][PASSED] - delay: Delayed 4 second(s)

2018-12-06 22:47:53 - [MESSAGE][PASSED] - Delayed 4 second(s)

2018-12-06 22:47:53 - [TEST_STEP][PASSED] - click: Object: 'Object Repository/Final Object Repo/New Registration - Registration Module Pages/New Reg - OTC to RO/Special Case - OTC - Form 1/Registered with SSM - After Feb 2017' is clicked on

2018-12-06 22:47:53 - [MESSAGE][PASSED] - Object: 'Object Repository/Final Object Repo/New Registration - Registration Module Pages/New Reg - OTC to RO/Special Case - OTC - Form 1/Registered with SSM - After Feb 2017' is clicked on

2018-12-06 22:47:53 - [TEST_STEP][PASSED] - delay: Delayed 2 second(s)

2018-12-06 22:47:55 - [MESSAGE][PASSED] - Delayed 2 second(s)

2018-12-06 22:47:55 - [TEST_STEP][PASSED] - click: Object: 'Object Repository/Final Object Repo/New Registration - Registration Module Pages/Form 1/Registered As a Branch - Yes' is clicked on

2018-12-06 22:47:55 - [MESSAGE][PASSED] - Object: 'Object Repository/Final Object Repo/New Registration - Registration Module Pages/Form 1/Registered As a Branch - Yes' is clicked on

2018-12-06 22:47:55 - [TEST_STEP][PASSED] - click: Object: 'Object Repository/Final Object Repo/New Registration - Registration Module Pages/New Reg - OTC to RO/Special Case - OTC - Form 1/Acknowledgement Ticked' is clicked on

2018-12-06 22:47:56 - [MESSAGE][PASSED] - Object: 'Object Repository/Final Object Repo/New Registration - Registration Module Pages/New Reg - OTC to RO/Special Case - OTC - Form 1/Acknowledgement Ticked' is clicked on

2018-12-06 22:47:56 - [TEST_STEP][PASSED] - setText: Text 'perkeso288169348211@gmail.com' is set on object 'Object Repository/Final Object Repo/New Registration - Registration Module Pages/Form 1/Email'

2018-12-06 22:47:56 - [MESSAGE][PASSED] - Text 'perkeso288169348211@gmail.com' is set on object 'Object Repository/Final Object Repo/New Registration - Registration Module Pages/Form 1/Email'

2018-12-06 22:47:56 - [TEST_STEP][PASSED] - click: Object: 'Object Repository/Final Object Repo/New Registration - Registration Module Pages/New Reg - OTC to RO/Special Case - OTC - Form 1/Submit Button' is clicked on

2018-12-06 22:47:57 - [MESSAGE][PASSED] - Object: 'Object Repository/Final Object Repo/New Registration - Registration Module Pages/New Reg - OTC to RO/Special Case - OTC - Form 1/Submit Button' is clicked on

2018-12-06 22:47:57 - [TEST_STEP][PASSED] - callTestCase: Call Test Case 'Test Cases/Final Aug 2018 - PKS Automation/Registration Module/New Registration/Form 2/Add 1 Eligible - Employer Account Use' successfully

2018-12-06 22:47:57 - [TEST_CASE][PASSED] - Test Cases/Final Aug 2018 - PKS Automation/Registration Module/New Registration/Form 2/Add 1 Eligible - Employer Account Use: Test Cases/Final Aug 2018 - PKS Automation/Registration Module/New Registration/Form 2/Add 1 Eligible - Employer Account Use

2018-12-06 22:47:57 - [TEST_STEP][PASSED] - delay: Delayed 2 second(s)

2018-12-06 22:47:59 - [MESSAGE][PASSED] - Delayed 2 second(s)

2018-12-06 22:47:59 - [TEST_STEP][PASSED] - callTestCase: Call Test Case 'Test Cases/Final Aug 2018 - PKS Automation/Registration Module/New Registration/Form 2/Date Updater' successfully

2018-12-06 22:47:59 - [TEST_CASE][PASSED] - Test Cases/Final Aug 2018 - PKS Automation/Registration Module/New Registration/Form 2/Date Updater: Test Cases/Final Aug 2018 - PKS Automation/Registration Module/New Registration/Form 2/Date Updater

2018-12-06 22:47:59 - [TEST_STEP][PASSED] - Statement - TodayDate = new java.util.Date(): null

2018-12-06 22:47:59 - [TEST_STEP][PASSED] - Statement - CurrentDateNoFilter = new java.text.SimpleDateFormat(): null

2018-12-06 22:47:59 - [TEST_STEP][PASSED] - Statement - CurrentDateNoFilter.applyPattern("MM"): null

2018-12-06 22:47:59 - [TEST_STEP][PASSED] - Statement - monthContainerMatcher = java.lang.Integer.parseInt(CurrentDateNoFilter.format(TodayDate)): null

2018-12-06 22:47:59 - [TEST_STEP][PASSED] - Statement - monthContainerMatcher = monthContainerMatcher - 1: null

2018-12-06 22:47:59 - [TEST_STEP][PASSED] - Statement - CurrentMonth = monthContainerMatcher.toString(): null

2018-12-06 22:47:59 - [TEST_STEP][PASSED] - Statement - CurrentMonth = CurrentMonth: null

2018-12-06 22:47:59 - [TEST_STEP][PASSED] - Statement - CurrentDateNoFilter.applyPattern("yyyy"): null

2018-12-06 22:47:59 - [TEST_STEP][PASSED] - Statement - CurrentYear = CurrentDateNoFilter.format(TodayDate): null

2018-12-06 22:47:59 - [TEST_STEP][PASSED] - Statement - CurrentYear = CurrentYear: null

2018-12-06 22:47:59 - [TEST_STEP][PASSED] - Statement - intCurrentYear = java.lang.Integer.parseInt(CurrentDateNoFilter.format(TodayDate)): null

2018-12-06 22:47:59 - [TEST_STEP][PASSED] - Statement - eighteenYrsAgo = intCurrentYear - 18: null

2018-12-06 22:47:59 - [TEST_STEP][PASSED] - Statement - eighteenYrsBeforeThisYr = eighteenYrsAgo.toString(): null

2018-12-06 22:47:59 - [TEST_STEP][PASSED] - Statement - EighteenYrsBefore = eighteenYrsBeforeThisYr: null

2018-12-06 22:47:59 - [TEST_STEP][PASSED] - Statement - fiftysevenYrsAgo = intCurrentYear - 57: null

2018-12-06 22:47:59 - [TEST_STEP][PASSED] - Statement - fiftysevenYrsBeforeThisYr = fiftysevenYrsAgo.toString(): null

2018-12-06 22:47:59 - [TEST_STEP][PASSED] - Statement - FiftysevenYrsBefore = fiftysevenYrsBeforeThisYr: null

2018-12-06 22:47:59 - [TEST_STEP][PASSED] - Statement - leapYear = false: null

2018-12-06 22:47:59 - [TEST_STEP][PASSED] - Statement - leapYear = intCurrentYear % 4 == 0: null

2018-12-06 22:47:59 - [TEST_STEP][PASSED] - Statement - CurrentDateNoFilter.applyPattern("dd"): null

2018-12-06 22:47:59 - [TEST_STEP][PASSED] - Statement - CurrentDate = CurrentDateNoFilter.format(TodayDate): null

2018-12-06 22:47:59 - [TEST_STEP][PASSED] - Statement - CurrentDate = java.lang.Integer.parseInt(CurrentDate): null

2018-12-06 22:47:59 - [TEST_STEP][PASSED] - Statement - CurrentDate = CurrentDate: null

2018-12-06 22:47:59 - [TEST_STEP][PASSED] - Statement - CurrentDay = java.lang.Integer.parseInt(CurrentDate): null

2018-12-06 22:47:59 - [TEST_STEP][PASSED] - Statement - ConfAdder = <not implemented yet for class: org.codehaus.groovy.ast.expr.EmptyExpression>: null

2018-12-06 22:47:59 - [TEST_STEP][PASSED] - Statement - out.println(CurrentMonth): null

2018-12-06 22:47:59 - [TEST_STEP][PASSED] - Statement - out.println(CurrentDate): null

2018-12-06 22:47:59 - [TEST_STEP][PASSED] - Statement - switch (CurrentDate): null

2018-12-06 22:47:59 - [TEST_STEP][PASSED] - Statement - Default: null

2018-12-06 22:47:59 - [TEST_STEP][PASSED] - Statement - ConfAdder = true: null

2018-12-06 22:47:59 - [TEST_STEP][PASSED] - Statement - Break: null

2018-12-06 22:47:59 - [TEST_STEP][PASSED] - Statement - aDayBefore = <not implemented yet for class: org.codehaus.groovy.ast.expr.EmptyExpression>: null

2018-12-06 22:47:59 - [TEST_STEP][PASSED] - Statement - out.println(ConfAdder): null

2018-12-06 22:47:59 - [TEST_STEP][PASSED] - Statement - If (ConfAdder == true): null

2018-12-06 22:47:59 - [TEST_STEP][PASSED] - Statement - aDayBefore = CurrentDay + 1: null

2018-12-06 22:47:59 - [TEST_STEP][PASSED] - Statement - out.println(aDayBefore): null

2018-12-06 22:47:59 - [TEST_STEP][PASSED] - Statement - If (aDayBefore == 1 && CurrentMonth == 11): null

2018-12-06 22:47:59 - [TEST_STEP][PASSED] - Statement - DayBefore = aDayBefore.toString(): null

2018-12-06 22:47:59 - [TEST_STEP][PASSED] - Statement - OneDayBefore = DayBefore: null

2018-12-06 22:47:59 - [MESSAGE][PASSED] - Call Test Case 'Test Cases/Final Aug 2018 - PKS Automation/Registration Module/New Registration/Form 2/Date Updater' successfully

2018-12-06 22:47:59 - [TEST_STEP][PASSED] - delay: Delayed 1 second(s)

2018-12-06 22:48:00 - [MESSAGE][PASSED] - Delayed 1 second(s)

2018-12-06 22:48:00 - [TEST_STEP][PASSED] - Statement - CaseReferenceNo = com.kms.katalon.core.webui.keyword.WebUiBuiltInKeywords.getText(com.kms.katalon.core.testobject.ObjectRepository.findTestObject(Final Object Repo/New Registration - Registration Module Pages/Form 2/RefNo Acquiring)): Text of object 'Object Repository/Final Object Repo/New Registration - Registration Module Pages/Form 2/RefNo Acquiring' is: 'CRN12201800123067'

2018-12-06 22:48:00 - [MESSAGE][PASSED] - Text of object 'Object Repository/Final Object Repo/New Registration - Registration Module Pages/Form 2/RefNo Acquiring' is: 'CRN12201800123067'

2018-12-06 22:48:00 - [TEST_STEP][PASSED] - delay: Delayed 1 second(s)

2018-12-06 22:48:01 - [MESSAGE][PASSED] - Delayed 1 second(s)

2018-12-06 22:48:01 - [TEST_STEP][PASSED] - click: Object: 'Object Repository/Final Object Repo/New Registration - Registration Module Pages/Form 2/Add Employee Button' is clicked on

2018-12-06 22:48:01 - [MESSAGE][PASSED] - Object: 'Object Repository/Final Object Repo/New Registration - Registration Module Pages/Form 2/Add Employee Button' is clicked on

2018-12-06 22:48:01 - [TEST_STEP][PASSED] - delay: Delayed 1 second(s)

2018-12-06 22:48:02 - [MESSAGE][PASSED] - Delayed 1 second(s)

2018-12-06 22:48:02 - [TEST_STEP][PASSED] - setText: Text '010903091948' is set on object 'Object Repository/Final Object Repo/New Registration - Registration Module Pages/Form 2/NRIC Input'

2018-12-06 22:48:03 - [MESSAGE][PASSED] - Text '010903091948' is set on object 'Object Repository/Final Object Repo/New Registration - Registration Module Pages/Form 2/NRIC Input'

2018-12-06 22:48:03 - [TEST_STEP][PASSED] - delay: Delayed 2 second(s)

2018-12-06 22:48:05 - [MESSAGE][PASSED] - Delayed 2 second(s)

2018-12-06 22:48:05 - [TEST_STEP][PASSED] - setText: Text 'Automate001 eligible 1' is set on object 'Object Repository/Final Object Repo/New Registration - Registration Module Pages/Form 2/Employee Name Input'

2018-12-06 22:48:05 - [MESSAGE][PASSED] - Text 'Automate001 eligible 1' is set on object 'Object Repository/Final Object Repo/New Registration - Registration Module Pages/Form 2/Employee Name Input'

2018-12-06 22:48:05 - [TEST_STEP][PASSED] - delay: Delayed 2 second(s)

2018-12-06 22:48:07 - [MESSAGE][PASSED] - Delayed 2 second(s)

2018-12-06 22:48:07 - [TEST_STEP][PASSED] - click: Object: 'Object Repository/Final Object Repo/New Registration - Registration Module Pages/Form 2/DatePicker Pop Up' is clicked on

2018-12-06 22:48:07 - [MESSAGE][PASSED] - Object: 'Object Repository/Final Object Repo/New Registration - Registration Module Pages/Form 2/DatePicker Pop Up' is clicked on

2018-12-06 22:48:07 - [TEST_STEP][PASSED] - click: Object: 'Object Repository/Final Object Repo/New Registration - Registration Module Pages/Form 2/DOB Month' is clicked on

2018-12-06 22:48:08 - [MESSAGE][PASSED] - Object: 'Object Repository/Final Object Repo/New Registration - Registration Module Pages/Form 2/DOB Month' is clicked on

2018-12-06 22:48:08 - [TEST_STEP][PASSED] - Statement - CurrentMonth = CurrentMonth: null

2018-12-06 22:48:08 - [TEST_STEP][PASSED] - Statement - selectMonth = new com.kms.katalon.core.testobject.TestObject(): null

2018-12-06 22:48:08 - [TEST_STEP][PASSED] - Statement - selectMonth.addProperty("xpath", EQUALS, "//body/div/div/div/select/option[@value='" + CurrentMonth + "']", true): null

2018-12-06 22:48:08 - [TEST_STEP][PASSED] - click: Object: '' is clicked on

2018-12-06 22:48:08 - [MESSAGE][PASSED] - Object: '' is clicked on

2018-12-06 22:48:08 - [TEST_STEP][PASSED] - click: Object: 'Object Repository/Final Object Repo/New Registration - Registration Module Pages/Form 2/DOB Year' is clicked on

2018-12-06 22:48:08 - [MESSAGE][PASSED] - Object: 'Object Repository/Final Object Repo/New Registration - Registration Module Pages/Form 2/DOB Year' is clicked on

2018-12-06 22:48:08 - [TEST_STEP][PASSED] - Statement - Eyearsbf = EighteenYrsBefore: null

2018-12-06 22:48:08 - [TEST_STEP][PASSED] - Statement - selectYear = new com.kms.katalon.core.testobject.TestObject(): null

2018-12-06 22:48:08 - [TEST_STEP][PASSED] - Statement - selectYear.addProperty("xpath", EQUALS, "//div/div/div/select/option[@value='" + Eyearsbf + "']", true): null

2018-12-06 22:48:08 - [TEST_STEP][PASSED] - click: Object: '' is clicked on

2018-12-06 22:48:08 - [MESSAGE][PASSED] - Object: '' is clicked on

2018-12-06 22:48:08 - [TEST_STEP][PASSED] - Statement - UpdatedSelectDate = com.kms.katalon.core.webui.keyword.WebUiBuiltInKeywords.modifyObjectProperty(com.kms.katalon.core.testobject.ObjectRepository.findTestObject(Final Object Repo/New Registration - Registration Module Pages/Form 2/DOB Date), "xpath", "equals", "//body/div/table/tbody/tr/td/a[text()="" + CurrentDate + ""]", true): Modify property of object successfully

2018-12-06 22:48:08 - [MESSAGE][PASSED] - Modify property of object successfully

2018-12-06 22:48:08 - [TEST_STEP][PASSED] - delay: Delayed 3 second(s)

2018-12-06 22:48:11 - [MESSAGE][PASSED] - Delayed 3 second(s)

2018-12-06 22:48:11 - [TEST_STEP][PASSED] - click: Object: 'Object Repository/Final Object Repo/New Registration - Registration Module Pages/Form 2/DOB Date' is clicked on

2018-12-06 22:48:11 - [MESSAGE][PASSED] - Object: 'Object Repository/Final Object Repo/New Registration - Registration Module Pages/Form 2/DOB Date' is clicked on

2018-12-06 22:48:11 - [TEST_STEP][PASSED] - delay: Delayed 2 second(s)

2018-12-06 22:48:13 - [MESSAGE][PASSED] - Delayed 2 second(s)

2018-12-06 22:48:13 - [TEST_STEP][PASSED] - click: Object: 'Object Repository/Final Object Repo/New Registration - Registration Module Pages/Form 2/EmploymentStartDate Pop Up' is clicked on

2018-12-06 22:48:13 - [MESSAGE][PASSED] - Object: 'Object Repository/Final Object Repo/New Registration - Registration Module Pages/Form 2/EmploymentStartDate Pop Up' is clicked on

2018-12-06 22:48:13 - [TEST_STEP][PASSED] - delay: Delayed 2 second(s)

2018-12-06 22:48:15 - [MESSAGE][PASSED] - Delayed 2 second(s)

2018-12-06 22:48:15 - [TEST_STEP][PASSED] - click: Object: 'Object Repository/Final Object Repo/New Registration - Registration Module Pages/Form 2/Socso Employment StartDate Month' is clicked on

2018-12-06 22:48:15 - [MESSAGE][PASSED] - Object: 'Object Repository/Final Object Repo/New Registration - Registration Module Pages/Form 2/Socso Employment StartDate Month' is clicked on

2018-12-06 22:48:15 - [TEST_STEP][PASSED] - delay: Delayed 1 second(s)

2018-12-06 22:48:16 - [MESSAGE][PASSED] - Delayed 1 second(s)

2018-12-06 22:48:16 - [TEST_STEP][PASSED] - click: Object: 'Object Repository/Final Object Repo/New Registration - Registration Module Pages/Form 2/Select Socso Employement Startdate Month' is clicked on

2018-12-06 22:48:17 - [MESSAGE][PASSED] - Object: 'Object Repository/Final Object Repo/New Registration - Registration Module Pages/Form 2/Select Socso Employement Startdate Month' is clicked on

2018-12-06 22:48:17 - [TEST_STEP][PASSED] - delay: Delayed 2 second(s)

2018-12-06 22:48:19 - [MESSAGE][PASSED] - Delayed 2 second(s)

2018-12-06 22:48:19 - [TEST_STEP][PASSED] - click: Object: 'Object Repository/Final Object Repo/New Registration - Registration Module Pages/Form 2/Socso Employment StartDate Year' is clicked on

2018-12-06 22:48:19 - [MESSAGE][PASSED] - Object: 'Object Repository/Final Object Repo/New Registration - Registration Module Pages/Form 2/Socso Employment StartDate Year' is clicked on

2018-12-06 22:48:19 - [TEST_STEP][PASSED] - delay: Delayed 1 second(s)

2018-12-06 22:48:20 - [MESSAGE][PASSED] - Delayed 1 second(s)

2018-12-06 22:48:20 - [TEST_STEP][PASSED] - click: Object: 'Object Repository/Final Object Repo/New Registration - Registration Module Pages/Form 2/Select Socso Employment Startdate Year' is clicked on

2018-12-06 22:48:20 - [MESSAGE][PASSED] - Object: 'Object Repository/Final Object Repo/New Registration - Registration Module Pages/Form 2/Select Socso Employment Startdate Year' is clicked on

2018-12-06 22:48:20 - [TEST_STEP][PASSED] - delay: Delayed 2 second(s)

2018-12-06 22:48:22 - [MESSAGE][PASSED] - Delayed 2 second(s)

2018-12-06 22:48:22 - [TEST_STEP][PASSED] - click: Object: 'Object Repository/Final Object Repo/New Registration - Registration Module Pages/Form 2/Socso Employment Start Date Day' is clicked on

2018-12-06 22:48:22 - [MESSAGE][PASSED] - Object: 'Object Repository/Final Object Repo/New Registration - Registration Module Pages/Form 2/Socso Employment Start Date Day' is clicked on

2018-12-06 22:48:22 - [TEST_STEP][PASSED] - delay: Delayed 2 second(s)

2018-12-06 22:48:24 - [MESSAGE][PASSED] - Delayed 2 second(s)

2018-12-06 22:48:24 - [TEST_STEP][PASSED] - click: Object: 'Object Repository/Final Object Repo/New Registration - Registration Module Pages/Form 2/Save Button for Add Employee' is clicked on

2018-12-06 22:48:24 - [MESSAGE][PASSED] - Object: 'Object Repository/Final Object Repo/New Registration - Registration Module Pages/Form 2/Save Button for Add Employee' is clicked on

2018-12-06 22:48:24 - [TEST_STEP][PASSED] - delay: Delayed 6 second(s)

2018-12-06 22:48:30 - [MESSAGE][PASSED] - Delayed 6 second(s)

2018-12-06 22:48:30 - [TEST_STEP][PASSED] - click: Object: 'Object Repository/Final Object Repo/New Registration - Registration Module Pages/Form 2/Save and Continue Form 2' is clicked on

2018-12-06 22:48:31 - [MESSAGE][PASSED] - Object: 'Object Repository/Final Object Repo/New Registration - Registration Module Pages/Form 2/Save and Continue Form 2' is clicked on

2018-12-06 22:48:31 - [MESSAGE][PASSED] - Call Test Case 'Test Cases/Final Aug 2018 - PKS Automation/Registration Module/New Registration/Form 2/Add 1 Eligible - Employer Account Use' successfully

2018-12-06 22:48:31 - [TEST_STEP][PASSED] - callTestCase: Call Test Case 'Test Cases/Final Aug 2018 - PKS Automation/Registration Module/New Registration/Flow of New Registration/Third Screen - Upload Supporting Doc - Preview' successfully

2018-12-06 22:48:31 - [TEST_CASE][PASSED] - Test Cases/Final Aug 2018 - PKS Automation/Registration Module/New Registration/Flow of New Registration/Third Screen - Upload Supporting Doc - Preview: Test Cases/Final Aug 2018 - PKS Automation/Registration Module/New Registration/Flow of New Registration/Third Screen - Upload Supporting Doc - Preview

2018-12-06 22:48:31 - [TEST_STEP][PASSED] - waitForPageLoad: Wait for page load successfully

2018-12-06 22:48:31 - [MESSAGE][PASSED] - Wait for page load successfully

2018-12-06 22:48:31 - [TEST_STEP][PASSED] - Statement - CaseReferenceNo = com.kms.katalon.core.webui.keyword.WebUiBuiltInKeywords.getText(com.kms.katalon.core.testobject.ObjectRepository.findTestObject(Final Object Repo/New Registration - Registration Module Pages/Third Screen - Upload Supporting Doc- Preview/RefNo Acquiring)): Text of object 'Object Repository/Final Object Repo/New Registration - Registration Module Pages/Third Screen - Upload Supporting Doc- Preview/RefNo Acquiring' is: 'CRN12201800123067'

2018-12-06 22:48:31 - [MESSAGE][PASSED] - Text of object 'Object Repository/Final Object Repo/New Registration - Registration Module Pages/Third Screen - Upload Supporting Doc- Preview/RefNo Acquiring' is: 'CRN12201800123067'

2018-12-06 22:48:31 - [TEST_STEP][PASSED] - delay: Delayed 2 second(s)

2018-12-06 22:48:33 - [MESSAGE][PASSED] - Delayed 2 second(s)

2018-12-06 22:48:33 - [TEST_STEP][PASSED] - callTestCase: Call Test Case 'Test Cases/Final Aug 2018 - PKS Automation/Common/Reference Number Setter' successfully

2018-12-06 22:48:33 - [TEST_CASE][PASSED] - Test Cases/Final Aug 2018 - PKS Automation/Common/Reference Number Setter: Test Cases/Final Aug 2018 - PKS Automation/Common/Reference Number Setter

2018-12-06 22:48:33 - [TEST_STEP][PASSED] - Statement - RefNoOldFile = new java.io.File(C://Users//Admin//Desktop//PKS//Automation Reference Point//KatalonReference.txt): null

2018-12-06 22:48:33 - [TEST_STEP][PASSED] - Statement - RefNoOldFile.delete(): null

2018-12-06 22:48:33 - [TEST_STEP][PASSED] - delay: Delayed 5 second(s)

2018-12-06 22:48:38 - [MESSAGE][PASSED] - Delayed 5 second(s)

2018-12-06 22:48:38 - [TEST_STEP][PASSED] - Statement - RefNo = new java.io.File(C://Users//Admin//Desktop//PKS//Automation Reference Point//KatalonReference.txt): null

2018-12-06 22:48:38 - [TEST_STEP][PASSED] - Statement - f2 = new java.io.FileWriter(RefNo, false): null

2018-12-06 22:48:38 - [TEST_STEP][PASSED] - Statement - f2.write(CaseReferenceNo): null

2018-12-06 22:48:38 - [TEST_STEP][PASSED] - Statement - f2.close(): null

2018-12-06 22:48:38 - [TEST_STEP][PASSED] - Statement - out.println("


" + CaseReferenceNo + "


"): null

2018-12-06 22:48:38 - [MESSAGE][PASSED] - Call Test Case 'Test Cases/Final Aug 2018 - PKS Automation/Common/Reference Number Setter' successfully

2018-12-06 22:48:38 - [TEST_STEP][PASSED] - waitForElementClickable: Object 'Object Repository/Final Object Repo/New Registration - Registration Module Pages/Third Screen - Upload Supporting Doc- Preview/Save n Continue in SIP Employee Listing Page' is clickable

2018-12-06 22:48:38 - [MESSAGE][PASSED] - Object 'Object Repository/Final Object Repo/New Registration - Registration Module Pages/Third Screen - Upload Supporting Doc- Preview/Save n Continue in SIP Employee Listing Page' is clickable

2018-12-06 22:48:38 - [TEST_STEP][PASSED] - click: Object: 'Object Repository/Final Object Repo/New Registration - Registration Module Pages/Third Screen - Upload Supporting Doc- Preview/Save n Continue in SIP Employee Listing Page' is clicked on

2018-12-06 22:48:44 - [MESSAGE][PASSED] - Object: 'Object Repository/Final Object Repo/New Registration - Registration Module Pages/Third Screen - Upload Supporting Doc- Preview/Save n Continue in SIP Employee Listing Page' is clicked on

2018-12-06 22:48:44 - [TEST_STEP][PASSED] - delay: Delayed 7 second(s)

2018-12-06 22:48:51 - [MESSAGE][PASSED] - Delayed 7 second(s)

2018-12-06 22:48:51 - [TEST_STEP][PASSED] - click: Object: 'Object Repository/Final Object Repo/New Registration - Registration Module Pages/Third Screen - Upload Supporting Doc- Preview/Add Document Button' is clicked on

2018-12-06 22:48:51 - [MESSAGE][PASSED] - Object: 'Object Repository/Final Object Repo/New Registration - Registration Module Pages/Third Screen - Upload Supporting Doc- Preview/Add Document Button' is clicked on

2018-12-06 22:48:51 - [TEST_STEP][PASSED] - delay: Delayed 30 second(s)

2018-12-06 22:49:21 - [MESSAGE][PASSED] - Delayed 30 second(s)

2018-12-06 22:49:21 - [TEST_STEP][PASSED] - click: Object: 'Object Repository/Final Object Repo/New Registration - Registration Module Pages/Third Screen - Upload Supporting Doc- Preview/Supporting Doc Please Select Drop Down' is clicked on

2018-12-06 22:49:21 - [MESSAGE][PASSED] - Object: 'Object Repository/Final Object Repo/New Registration - Registration Module Pages/Third Screen - Upload Supporting Doc- Preview/Supporting Doc Please Select Drop Down' is clicked on

2018-12-06 22:49:21 - [TEST_STEP][PASSED] - delay: Delayed 2 second(s)

2018-12-06 22:49:23 - [MESSAGE][PASSED] - Delayed 2 second(s)

2018-12-06 22:49:23 - [TEST_STEP][PASSED] - click: Object: 'Object Repository/Final Object Repo/New Registration - Registration Module Pages/Third Screen - Upload Supporting Doc- Preview/Select to Upload Form 1' is clicked on

2018-12-06 22:49:23 - [MESSAGE][PASSED] - Object: 'Object Repository/Final Object Repo/New Registration - Registration Module Pages/Third Screen - Upload Supporting Doc- Preview/Select to Upload Form 1' is clicked on

2018-12-06 22:49:23 - [TEST_STEP][PASSED] - delay: Delayed 2 second(s)

2018-12-06 22:49:25 - [MESSAGE][PASSED] - Delayed 2 second(s)

2018-12-06 22:49:25 - [TEST_STEP][PASSED] - uploadFile: File 'C:\Users\Public\Pictures\Sample Pictures\Koala.jpg' sent to object: 'Object Repository/Final Object Repo/New Registration - Registration Module Pages/Third Screen - Upload Supporting Doc- Preview/Upload File Adding'

2018-12-06 22:49:25 - [MESSAGE][PASSED] - File 'C:\Users\Public\Pictures\Sample Pictures\Koala.jpg' sent to object: 'Object Repository/Final Object Repo/New Registration - Registration Module Pages/Third Screen - Upload Supporting Doc- Preview/Upload File Adding'

2018-12-06 22:49:25 - [TEST_STEP][PASSED] - delay: Delayed 5 second(s)

2018-12-06 22:49:30 - [MESSAGE][PASSED] - Delayed 5 second(s)

2018-12-06 22:49:30 - [TEST_STEP][PASSED] - click: Object: 'Object Repository/Final Object Repo/New Registration - Registration Module Pages/Third Screen - Upload Supporting Doc- Preview/Inner Form Add Document Button' is clicked on

2018-12-06 22:49:31 - [MESSAGE][PASSED] - Object: 'Object Repository/Final Object Repo/New Registration - Registration Module Pages/Third Screen - Upload Supporting Doc- Preview/Inner Form Add Document Button' is clicked on

2018-12-06 22:49:31 - [TEST_STEP][PASSED] - delay: Delayed 3 second(s)

2018-12-06 22:49:34 - [MESSAGE][PASSED] - Delayed 3 second(s)

2018-12-06 22:49:34 - [TEST_STEP][PASSED] - click: Object: 'Object Repository/Final Object Repo/New Registration - Registration Module Pages/Third Screen - Upload Supporting Doc- Preview/Add Document Button' is clicked on

2018-12-06 22:49:35 - [MESSAGE][PASSED] - Object: 'Object Repository/Final Object Repo/New Registration - Registration Module Pages/Third Screen - Upload Supporting Doc- Preview/Add Document Button' is clicked on

2018-12-06 22:49:35 - [TEST_STEP][PASSED] - delay: Delayed 30 second(s)

2018-12-06 22:50:05 - [MESSAGE][PASSED] - Delayed 30 second(s)

2018-12-06 22:50:05 - [TEST_STEP][PASSED] - click: Object: 'Object Repository/Final Object Repo/New Registration - Registration Module Pages/Third Screen - Upload Supporting Doc- Preview/Supporting Doc Please Select Drop Down' is clicked on

2018-12-06 22:50:05 - [MESSAGE][PASSED] - Object: 'Object Repository/Final Object Repo/New Registration - Registration Module Pages/Third Screen - Upload Supporting Doc- Preview/Supporting Doc Please Select Drop Down' is clicked on

2018-12-06 22:50:05 - [TEST_STEP][PASSED] - delay: Delayed 2 second(s)

2018-12-06 22:50:07 - [MESSAGE][PASSED] - Delayed 2 second(s)

2018-12-06 22:50:07 - [TEST_STEP][PASSED] - click: Object: 'Object Repository/Final Object Repo/New Registration - Registration Module Pages/Third Screen - Upload Supporting Doc- Preview/Select to Upload Form 2' is clicked on

2018-12-06 22:50:07 - [MESSAGE][PASSED] - Object: 'Object Repository/Final Object Repo/New Registration - Registration Module Pages/Third Screen - Upload Supporting Doc- Preview/Select to Upload Form 2' is clicked on

2018-12-06 22:50:07 - [TEST_STEP][PASSED] - delay: Delayed 2 second(s)

2018-12-06 22:50:09 - [MESSAGE][PASSED] - Delayed 2 second(s)

2018-12-06 22:50:09 - [TEST_STEP][PASSED] - uploadFile: File 'C:\Users\Public\Pictures\Sample Pictures\Koala.jpg' sent to object: 'Object Repository/Final Object Repo/New Registration - Registration Module Pages/Third Screen - Upload Supporting Doc- Preview/Upload File Adding'

2018-12-06 22:50:09 - [MESSAGE][PASSED] - File 'C:\Users\Public\Pictures\Sample Pictures\Koala.jpg' sent to object: 'Object Repository/Final Object Repo/New Registration - Registration Module Pages/Third Screen - Upload Supporting Doc- Preview/Upload File Adding'

2018-12-06 22:50:09 - [TEST_STEP][PASSED] - click: Object: 'Object Repository/Final Object Repo/New Registration - Registration Module Pages/Third Screen - Upload Supporting Doc- Preview/Inner Form Add Document Button' is clicked on

2018-12-06 22:50:10 - [MESSAGE][PASSED] - Object: 'Object Repository/Final Object Repo/New Registration - Registration Module Pages/Third Screen - Upload Supporting Doc- Preview/Inner Form Add Document Button' is clicked on

2018-12-06 22:50:10 - [TEST_STEP][PASSED] - delay: Delayed 5 second(s)

2018-12-06 22:50:15 - [MESSAGE][PASSED] - Delayed 5 second(s)

2018-12-06 22:50:15 - [TEST_STEP][PASSED] - click: Object: 'Object Repository/Final Object Repo/New Registration - Registration Module Pages/Third Screen - Upload Supporting Doc- Preview/Add Document Button' is clicked on

2018-12-06 22:50:15 - [MESSAGE][PASSED] - Object: 'Object Repository/Final Object Repo/New Registration - Registration Module Pages/Third Screen - Upload Supporting Doc- Preview/Add Document Button' is clicked on

2018-12-06 22:50:15 - [TEST_STEP][PASSED] - delay: Delayed 30 second(s)

2018-12-06 22:50:45 - [MESSAGE][PASSED] - Delayed 30 second(s)

2018-12-06 22:50:45 - [TEST_STEP][PASSED] - click: Object: 'Object Repository/Final Object Repo/New Registration - Registration Module Pages/Third Screen - Upload Supporting Doc- Preview/Supporting Doc Please Select Drop Down' is clicked on

2018-12-06 22:50:45 - [MESSAGE][PASSED] - Object: 'Object Repository/Final Object Repo/New Registration - Registration Module Pages/Third Screen - Upload Supporting Doc- Preview/Supporting Doc Please Select Drop Down' is clicked on

2018-12-06 22:50:45 - [TEST_STEP][PASSED] - click: Object: 'Object Repository/Final Object Repo/New Registration - Registration Module Pages/Third Screen - Upload Supporting Doc- Preview/Select to Upload Borang SIP 1' is clicked on

2018-12-06 22:50:45 - [MESSAGE][PASSED] - Object: 'Object Repository/Final Object Repo/New Registration - Registration Module Pages/Third Screen - Upload Supporting Doc- Preview/Select to Upload Borang SIP 1' is clicked on

2018-12-06 22:50:45 - [TEST_STEP][PASSED] - delay: Delayed 2 second(s)

2018-12-06 22:50:47 - [MESSAGE][PASSED] - Delayed 2 second(s)

2018-12-06 22:50:47 - [TEST_STEP][PASSED] - uploadFile: File 'C:\Users\Public\Pictures\Sample Pictures\Koala.jpg' sent to object: 'Object Repository/Final Object Repo/New Registration - Registration Module Pages/Third Screen - Upload Supporting Doc- Preview/Upload File Adding'

2018-12-06 22:50:47 - [MESSAGE][PASSED] - File 'C:\Users\Public\Pictures\Sample Pictures\Koala.jpg' sent to object: 'Object Repository/Final Object Repo/New Registration - Registration Module Pages/Third Screen - Upload Supporting Doc- Preview/Upload File Adding'

2018-12-06 22:50:47 - [TEST_STEP][PASSED] - click: Object: 'Object Repository/Final Object Repo/New Registration - Registration Module Pages/Third Screen - Upload Supporting Doc- Preview/Inner Form Add Document Button' is clicked on

2018-12-06 22:50:47 - [MESSAGE][PASSED] - Object: 'Object Repository/Final Object Repo/New Registration - Registration Module Pages/Third Screen - Upload Supporting Doc- Preview/Inner Form Add Document Button' is clicked on

2018-12-06 22:50:47 - [TEST_STEP][PASSED] - delay: Delayed 5 second(s)

2018-12-06 22:50:52 - [MESSAGE][PASSED] - Delayed 5 second(s)

2018-12-06 22:50:52 - [TEST_STEP][PASSED] - click: Object: 'Object Repository/Final Object Repo/New Registration - Registration Module Pages/Third Screen - Upload Supporting Doc- Preview/Add Document Button' is clicked on

2018-12-06 22:50:53 - [MESSAGE][PASSED] - Object: 'Object Repository/Final Object Repo/New Registration - Registration Module Pages/Third Screen - Upload Supporting Doc- Preview/Add Document Button' is clicked on

2018-12-06 22:50:53 - [TEST_STEP][PASSED] - delay: Delayed 30 second(s)

2018-12-06 22:51:23 - [MESSAGE][PASSED] - Delayed 30 second(s)

2018-12-06 22:51:23 - [TEST_STEP][PASSED] - click: Object: 'Object Repository/Final Object Repo/New Registration - Registration Module Pages/Third Screen - Upload Supporting Doc- Preview/Supporting Doc Please Select Drop Down' is clicked on

2018-12-06 22:51:23 - [MESSAGE][PASSED] - Object: 'Object Repository/Final Object Repo/New Registration - Registration Module Pages/Third Screen - Upload Supporting Doc- Preview/Supporting Doc Please Select Drop Down' is clicked on

2018-12-06 22:51:23 - [TEST_STEP][PASSED] - delay: Delayed 3 second(s)

2018-12-06 22:51:26 - [MESSAGE][PASSED] - Delayed 3 second(s)

2018-12-06 22:51:26 - [TEST_STEP][PASSED] - click: Object: 'Object Repository/Final Object Repo/New Registration - Registration Module Pages/Third Screen - Upload Supporting Doc- Preview/Select to Upload Borang SIP 2' is clicked on

2018-12-06 22:51:26 - [MESSAGE][PASSED] - Object: 'Object Repository/Final Object Repo/New Registration - Registration Module Pages/Third Screen - Upload Supporting Doc- Preview/Select to Upload Borang SIP 2' is clicked on

2018-12-06 22:51:26 - [TEST_STEP][PASSED] - delay: Delayed 2 second(s)

2018-12-06 22:51:28 - [MESSAGE][PASSED] - Delayed 2 second(s)

2018-12-06 22:51:28 - [TEST_STEP][PASSED] - uploadFile: File 'C:\Users\Public\Pictures\Sample Pictures\Koala.jpg' sent to object: 'Object Repository/Final Object Repo/New Registration - Registration Module Pages/Third Screen - Upload Supporting Doc- Preview/Upload File Adding'

2018-12-06 22:51:28 - [MESSAGE][PASSED] - File 'C:\Users\Public\Pictures\Sample Pictures\Koala.jpg' sent to object: 'Object Repository/Final Object Repo/New Registration - Registration Module Pages/Third Screen - Upload Supporting Doc- Preview/Upload File Adding'

2018-12-06 22:51:28 - [TEST_STEP][PASSED] - delay: Delayed 5 second(s)

2018-12-06 22:51:33 - [MESSAGE][PASSED] - Delayed 5 second(s)

2018-12-06 22:51:33 - [TEST_STEP][PASSED] - click: Object: 'Object Repository/Final Object Repo/New Registration - Registration Module Pages/Third Screen - Upload Supporting Doc- Preview/Inner Form Add Document Button' is clicked on

2018-12-06 22:51:33 - [MESSAGE][PASSED] - Object: 'Object Repository/Final Object Repo/New Registration - Registration Module Pages/Third Screen - Upload Supporting Doc- Preview/Inner Form Add Document Button' is clicked on

2018-12-06 22:51:33 - [TEST_STEP][PASSED] - delay: Delayed 3 second(s)

2018-12-06 22:51:36 - [MESSAGE][PASSED] - Delayed 3 second(s)

2018-12-06 22:51:36 - [TEST_STEP][PASSED] - waitForElementClickable: Object 'Object Repository/Final Object Repo/New Registration - Registration Module Pages/Third Screen - Upload Supporting Doc- Preview/Save n Continue in Uploading Supporting Doc Page' is clickable

2018-12-06 22:51:37 - [MESSAGE][PASSED] - Object 'Object Repository/Final Object Repo/New Registration - Registration Module Pages/Third Screen - Upload Supporting Doc- Preview/Save n Continue in Uploading Supporting Doc Page' is clickable

2018-12-06 22:51:37 - [TEST_STEP][PASSED] - click: Object: 'Object Repository/Final Object Repo/New Registration - Registration Module Pages/Third Screen - Upload Supporting Doc- Preview/Save n Continue in Uploading Supporting Doc Page' is clicked on

2018-12-06 22:51:38 - [MESSAGE][PASSED] - Object: 'Object Repository/Final Object Repo/New Registration - Registration Module Pages/Third Screen - Upload Supporting Doc- Preview/Save n Continue in Uploading Supporting Doc Page' is clicked on

2018-12-06 22:51:38 - [MESSAGE][PASSED] - Call Test Case 'Test Cases/Final Aug 2018 - PKS Automation/Registration Module/New Registration/Flow of New Registration/Third Screen - Upload Supporting Doc - Preview' successfully

2018-12-06 22:51:38 - [TEST_STEP][PASSED] - setText: Text 'Tester' is set on object 'Object Repository/Final Object Repo/New Registration - Registration Module Pages/New Reg - OTC to RO/Special Case - All Related Objects/Employer Preview Name'

2018-12-06 22:51:42 - [MESSAGE][PASSED] - Text 'Tester' is set on object 'Object Repository/Final Object Repo/New Registration - Registration Module Pages/New Reg - OTC to RO/Special Case - All Related Objects/Employer Preview Name'

2018-12-06 22:51:42 - [TEST_STEP][PASSED] - click: Object: 'Object Repository/Final Object Repo/New Registration - Registration Module Pages/New Reg - OTC to RO/Special Case - All Related Objects/IC Type Drop Down' is clicked on

2018-12-06 22:51:42 - [MESSAGE][PASSED] - Object: 'Object Repository/Final Object Repo/New Registration - Registration Module Pages/New Reg - OTC to RO/Special Case - All Related Objects/IC Type Drop Down' is clicked on

2018-12-06 22:51:42 - [TEST_STEP][PASSED] - click: Object: 'Object Repository/Final Object Repo/New Registration - Registration Module Pages/New Reg - OTC to RO/Special Case - All Related Objects/Select to NRIC' is clicked on

2018-12-06 22:51:42 - [MESSAGE][PASSED] - Object: 'Object Repository/Final Object Repo/New Registration - Registration Module Pages/New Reg - OTC to RO/Special Case - All Related Objects/Select to NRIC' is clicked on

2018-12-06 22:51:42 - [TEST_STEP][PASSED] - setText: Text '133245561223' is set on object 'Object Repository/Final Object Repo/New Registration - Registration Module Pages/New Reg - OTC to RO/Special Case - All Related Objects/IC Value'

2018-12-06 22:51:43 - [MESSAGE][PASSED] - Text '133245561223' is set on object 'Object Repository/Final Object Repo/New Registration - Registration Module Pages/New Reg - OTC to RO/Special Case - All Related Objects/IC Value'

2018-12-06 22:51:43 - [TEST_STEP][PASSED] - setText: Text 'Auto' is set on object 'Object Repository/Final Object Repo/New Registration - Registration Module Pages/New Reg - OTC to RO/Special Case - All Related Objects/Designation'

2018-12-06 22:51:43 - [MESSAGE][PASSED] - Text 'Auto' is set on object 'Object Repository/Final Object Repo/New Registration - Registration Module Pages/New Reg - OTC to RO/Special Case - All Related Objects/Designation'

2018-12-06 22:51:43 - [TEST_STEP][PASSED] - callTestCase: Call Test Case 'Test Cases/Final Aug 2018 - PKS Automation/Registration Module/New Registration/Submit and Screenshot/Submit Registration and Screenshot - Copy' successfully

2018-12-06 22:51:43 - [TEST_CASE][PASSED] - Test Cases/Final Aug 2018 - PKS Automation/Registration Module/New Registration/Submit and Screenshot/Submit Registration and Screenshot - Copy: Test Cases/Final Aug 2018 - PKS Automation/Registration Module/New Registration/Submit and Screenshot/Submit Registration and Screenshot - Copy

2018-12-06 22:51:43 - [TEST_STEP][PASSED] - delay: Delayed 6 second(s)

2018-12-06 22:51:49 - [MESSAGE][PASSED] - Delayed 6 second(s)

2018-12-06 22:51:49 - [TEST_STEP][PASSED] - click: Object: 'Object Repository/Final Object Repo/New Registration - Registration Module Pages/Third Screen - Upload Supporting Doc- Preview/Preview Submit Button' is clicked on

2018-12-06 22:51:50 - [MESSAGE][PASSED] - Object: 'Object Repository/Final Object Repo/New Registration - Registration Module Pages/Third Screen - Upload Supporting Doc- Preview/Preview Submit Button' is clicked on

2018-12-06 22:51:50 - [TEST_STEP][PASSED] - delay: Delayed 2 second(s)

2018-12-06 22:51:52 - [MESSAGE][PASSED] - Delayed 2 second(s)

2018-12-06 22:51:52 - [TEST_STEP][PASSED] - click: Object: 'Object Repository/Final Object Repo/New Registration - Registration Module Pages/Third Screen - Upload Supporting Doc- Preview/Preview Submit - Confirm' is clicked on

2018-12-06 22:51:52 - [MESSAGE][PASSED] - Object: 'Object Repository/Final Object Repo/New Registration - Registration Module Pages/Third Screen - Upload Supporting Doc- Preview/Preview Submit - Confirm' is clicked on

2018-12-06 22:51:52 - [TEST_STEP][PASSED] - delay: Delayed 15 second(s)

2018-12-06 22:52:07 - [MESSAGE][PASSED] - Delayed 15 second(s)

2018-12-06 22:52:07 - [TEST_STEP][PASSED] - Statement - driver = com.kms.katalon.core.webui.driver.DriverFactory.getWebDriver(): null

2018-12-06 22:52:07 - [TEST_STEP][PASSED] - Statement - driver.manage().timeouts().implicitlyWait(10, SECONDS): null

2018-12-06 22:52:07 - [TEST_STEP][PASSED] - Statement - PresavePath = KatalonScreenshots: null

2018-12-06 22:52:07 - [TEST_STEP][PASSED] - Statement - pathPrefix = "C:\Users\Public\Pictures\Sample Pictures\Katalon Screenshots\Automate Ending Screen": null

2018-12-06 22:52:07 - [TEST_STEP][PASSED] - Statement - finalPath = <not implemented yet for class: org.codehaus.groovy.ast.expr.EmptyExpression>: null

2018-12-06 22:52:07 - [TEST_STEP][PASSED] - Statement - scrFile = driver.getScreenshotAs(FILE): null

2018-12-06 22:52:07 - [TEST_STEP][PASSED] - Statement - PreSaveFile = new java.io.File(PresavePath): null

2018-12-06 22:52:07 - [TEST_STEP][PASSED] - Statement - counter = 0: null

2018-12-06 22:52:07 - [TEST_STEP][PASSED] - Statement - If (PreSaveFile.exists()): null

2018-12-06 22:52:07 - [TEST_STEP][PASSED] - Statement - While (PreSaveFile.exists()): null

2018-12-06 22:52:07 - [TEST_STEP][PASSED] - Statement - counter = counter + 1: null

2018-12-06 22:52:07 - [TEST_STEP][PASSED] - Statement - PreSaveFile = new java.io.File(((pathPrefix + java.lang.Integer.toString(counter)) + .png)): null

2018-12-06 22:52:07 - [TEST_STEP][PASSED] - Statement - counter = counter + 1: null

2018-12-06 22:52:07 - [TEST_STEP][PASSED] - Statement - PreSaveFile = new java.io.File(((pathPrefix + java.lang.Integer.toString(counter)) + .png)): null

2018-12-06 22:52:07 - [TEST_STEP][PASSED] - Statement - counter = counter + 1: null

2018-12-06 22:52:07 - [TEST_STEP][PASSED] - Statement - PreSaveFile = new java.io.File(((pathPrefix + java.lang.Integer.toString(counter)) + .png)): null

2018-12-06 22:52:07 - [TEST_STEP][PASSED] - Statement - counter = counter + 1: null

2018-12-06 22:52:07 - [TEST_STEP][PASSED] - Statement - PreSaveFile = new java.io.File(((pathPrefix + java.lang.Integer.toString(counter)) + .png)): null

2018-12-06 22:52:07 - [TEST_STEP][PASSED] - Statement - counter = counter + 1: null

2018-12-06 22:52:07 - [TEST_STEP][PASSED] - Statement - PreSaveFile = new java.io.File(((pathPrefix + java.lang.Integer.toString(counter)) + .png)): null

2018-12-06 22:52:07 - [TEST_STEP][PASSED] - Statement - counter = counter + 1: null

2018-12-06 22:52:07 - [TEST_STEP][PASSED] - Statement - PreSaveFile = new java.io.File(((pathPrefix + java.lang.Integer.toString(counter)) + .png)): null

2018-12-06 22:52:07 - [TEST_STEP][PASSED] - Statement - counter = counter + 1: null

2018-12-06 22:52:07 - [TEST_STEP][PASSED] - Statement - PreSaveFile = new java.io.File(((pathPrefix + java.lang.Integer.toString(counter)) + .png)): null

2018-12-06 22:52:07 - [TEST_STEP][PASSED] - Statement - counter = counter + 1: null

2018-12-06 22:52:07 - [TEST_STEP][PASSED] - Statement - PreSaveFile = new java.io.File(((pathPrefix + java.lang.Integer.toString(counter)) + .png)): null

2018-12-06 22:52:07 - [TEST_STEP][PASSED] - Statement - counter = counter + 1: null

2018-12-06 22:52:07 - [TEST_STEP][PASSED] - Statement - PreSaveFile = new java.io.File(((pathPrefix + java.lang.Integer.toString(counter)) + .png)): null

2018-12-06 22:52:07 - [TEST_STEP][PASSED] - Statement - counter = counter + 1: null

2018-12-06 22:52:07 - [TEST_STEP][PASSED] - Statement - PreSaveFile = new java.io.File(((pathPrefix + java.lang.Integer.toString(counter)) + .png)): null

2018-12-06 22:52:07 - [TEST_STEP][PASSED] - Statement - counter = counter + 1: null

2018-12-06 22:52:07 - [TEST_STEP][PASSED] - Statement - PreSaveFile = new java.io.File(((pathPrefix + java.lang.Integer.toString(counter)) + .png)): null

2018-12-06 22:52:07 - [TEST_STEP][PASSED] - Statement - counter = counter + 1: null

2018-12-06 22:52:07 - [TEST_STEP][PASSED] - Statement - PreSaveFile = new java.io.File(((pathPrefix + java.lang.Integer.toString(counter)) + .png)): null

2018-12-06 22:52:07 - [TEST_STEP][PASSED] - Statement - counter = counter + 1: null

2018-12-06 22:52:07 - [TEST_STEP][PASSED] - Statement - PreSaveFile = new java.io.File(((pathPrefix + java.lang.Integer.toString(counter)) + .png)): null

2018-12-06 22:52:07 - [TEST_STEP][PASSED] - Statement - counter = counter + 1: null

2018-12-06 22:52:07 - [TEST_STEP][PASSED] - Statement - PreSaveFile = new java.io.File(((pathPrefix + java.lang.Integer.toString(counter)) + .png)): null

2018-12-06 22:52:07 - [TEST_STEP][PASSED] - Statement - counter = counter + 1: null

2018-12-06 22:52:07 - [TEST_STEP][PASSED] - Statement - PreSaveFile = new java.io.File(((pathPrefix + java.lang.Integer.toString(counter)) + .png)): null

2018-12-06 22:52:07 - [TEST_STEP][PASSED] - Statement - counter = counter + 1: null

2018-12-06 22:52:07 - [TEST_STEP][PASSED] - Statement - PreSaveFile = new java.io.File(((pathPrefix + java.lang.Integer.toString(counter)) + .png)): null

2018-12-06 22:52:07 - [TEST_STEP][PASSED] - Statement - counter = counter + 1: null

2018-12-06 22:52:07 - [TEST_STEP][PASSED] - Statement - PreSaveFile = new java.io.File(((pathPrefix + java.lang.Integer.toString(counter)) + .png)): null

2018-12-06 22:52:07 - [TEST_STEP][PASSED] - Statement - counter = counter + 1: null

2018-12-06 22:52:07 - [TEST_STEP][PASSED] - Statement - PreSaveFile = new java.io.File(((pathPrefix + java.lang.Integer.toString(counter)) + .png)): null

2018-12-06 22:52:07 - [TEST_STEP][PASSED] - Statement - counter = counter + 1: null

2018-12-06 22:52:07 - [TEST_STEP][PASSED] - Statement - PreSaveFile = new java.io.File(((pathPrefix + java.lang.Integer.toString(counter)) + .png)): null

2018-12-06 22:52:07 - [TEST_STEP][PASSED] - Statement - counter = counter + 1: null

2018-12-06 22:52:07 - [TEST_STEP][PASSED] - Statement - PreSaveFile = new java.io.File(((pathPrefix + java.lang.Integer.toString(counter)) + .png)): null

2018-12-06 22:52:07 - [TEST_STEP][PASSED] - Statement - counter = counter + 1: null

2018-12-06 22:52:07 - [TEST_STEP][PASSED] - Statement - PreSaveFile = new java.io.File(((pathPrefix + java.lang.Integer.toString(counter)) + .png)): null

2018-12-06 22:52:07 - [TEST_STEP][PASSED] - Statement - counter = counter + 1: null

2018-12-06 22:52:07 - [TEST_STEP][PASSED] - Statement - PreSaveFile = new java.io.File(((pathPrefix + java.lang.Integer.toString(counter)) + .png)): null

2018-12-06 22:52:07 - [TEST_STEP][PASSED] - Statement - counter = counter + 1: null

2018-12-06 22:52:07 - [TEST_STEP][PASSED] - Statement - PreSaveFile = new java.io.File(((pathPrefix + java.lang.Integer.toString(counter)) + .png)): null

2018-12-06 22:52:07 - [TEST_STEP][PASSED] - Statement - counter = counter + 1: null

2018-12-06 22:52:07 - [TEST_STEP][PASSED] - Statement - PreSaveFile = new java.io.File(((pathPrefix + java.lang.Integer.toString(counter)) + .png)): null

2018-12-06 22:52:07 - [TEST_STEP][PASSED] - Statement - counter = counter + 1: null

2018-12-06 22:52:07 - [TEST_STEP][PASSED] - Statement - PreSaveFile = new java.io.File(((pathPrefix + java.lang.Integer.toString(counter)) + .png)): null

2018-12-06 22:52:07 - [TEST_STEP][PASSED] - Statement - counter = counter + 1: null

2018-12-06 22:52:07 - [TEST_STEP][PASSED] - Statement - PreSaveFile = new java.io.File(((pathPrefix + java.lang.Integer.toString(counter)) + .png)): null

2018-12-06 22:52:07 - [TEST_STEP][PASSED] - Statement - counter = counter + 1: null

2018-12-06 22:52:07 - [TEST_STEP][PASSED] - Statement - PreSaveFile = new java.io.File(((pathPrefix + java.lang.Integer.toString(counter)) + .png)): null

2018-12-06 22:52:07 - [TEST_STEP][PASSED] - Statement - counter = counter + 1: null

2018-12-06 22:52:07 - [TEST_STEP][PASSED] - Statement - PreSaveFile = new java.io.File(((pathPrefix + java.lang.Integer.toString(counter)) + .png)): null

2018-12-06 22:52:07 - [TEST_STEP][PASSED] - Statement - counter = counter + 1: null

2018-12-06 22:52:07 - [TEST_STEP][PASSED] - Statement - PreSaveFile = new java.io.File(((pathPrefix + java.lang.Integer.toString(counter)) + .png)): null

2018-12-06 22:52:07 - [TEST_STEP][PASSED] - Statement - counter = counter + 1: null

2018-12-06 22:52:07 - [TEST_STEP][PASSED] - Statement - PreSaveFile = new java.io.File(((pathPrefix + java.lang.Integer.toString(counter)) + .png)): null

2018-12-06 22:52:07 - [TEST_STEP][PASSED] - Statement - counter = counter + 1: null

2018-12-06 22:52:07 - [TEST_STEP][PASSED] - Statement - PreSaveFile = new java.io.File(((pathPrefix + java.lang.Integer.toString(counter)) + .png)): null

2018-12-06 22:52:07 - [TEST_STEP][PASSED] - Statement - counter = counter + 1: null

2018-12-06 22:52:07 - [TEST_STEP][PASSED] - Statement - PreSaveFile = new java.io.File(((pathPrefix + java.lang.Integer.toString(counter)) + .png)): null

2018-12-06 22:52:07 - [TEST_STEP][PASSED] - Statement - counter = counter + 1: null

2018-12-06 22:52:07 - [TEST_STEP][PASSED] - Statement - PreSaveFile = new java.io.File(((pathPrefix + java.lang.Integer.toString(counter)) + .png)): null

2018-12-06 22:52:07 - [TEST_STEP][PASSED] - Statement - counter = counter + 1: null

2018-12-06 22:52:07 - [TEST_STEP][PASSED] - Statement - PreSaveFile = new java.io.File(((pathPrefix + java.lang.Integer.toString(counter)) + .png)): null

2018-12-06 22:52:07 - [TEST_STEP][PASSED] - Statement - counter = counter + 1: null

2018-12-06 22:52:07 - [TEST_STEP][PASSED] - Statement - PreSaveFile = new java.io.File(((pathPrefix + java.lang.Integer.toString(counter)) + .png)): null

2018-12-06 22:52:07 - [TEST_STEP][PASSED] - Statement - counter = counter + 1: null

2018-12-06 22:52:07 - [TEST_STEP][PASSED] - Statement - PreSaveFile = new java.io.File(((pathPrefix + java.lang.Integer.toString(counter)) + .png)): null

2018-12-06 22:52:07 - [TEST_STEP][PASSED] - Statement - counter = counter + 1: null

2018-12-06 22:52:07 - [TEST_STEP][PASSED] - Statement - PreSaveFile = new java.io.File(((pathPrefix + java.lang.Integer.toString(counter)) + .png)): null

2018-12-06 22:52:07 - [TEST_STEP][PASSED] - Statement - counter = counter + 1: null

2018-12-06 22:52:07 - [TEST_STEP][PASSED] - Statement - PreSaveFile = new java.io.File(((pathPrefix + java.lang.Integer.toString(counter)) + .png)): null

2018-12-06 22:52:07 - [TEST_STEP][PASSED] - Statement - counter = counter + 1: null

2018-12-06 22:52:07 - [TEST_STEP][PASSED] - Statement - PreSaveFile = new java.io.File(((pathPrefix + java.lang.Integer.toString(counter)) + .png)): null

2018-12-06 22:52:07 - [TEST_STEP][PASSED] - Statement - counter = counter + 1: null

2018-12-06 22:52:07 - [TEST_STEP][PASSED] - Statement - PreSaveFile = new java.io.File(((pathPrefix + java.lang.Integer.toString(counter)) + .png)): null

2018-12-06 22:52:07 - [TEST_STEP][PASSED] - Statement - counter = counter + 1: null

2018-12-06 22:52:07 - [TEST_STEP][PASSED] - Statement - PreSaveFile = new java.io.File(((pathPrefix + java.lang.Integer.toString(counter)) + .png)): null

2018-12-06 22:52:07 - [TEST_STEP][PASSED] - Statement - counter = counter + 1: null

2018-12-06 22:52:07 - [TEST_STEP][PASSED] - Statement - PreSaveFile = new java.io.File(((pathPrefix + java.lang.Integer.toString(counter)) + .png)): null

2018-12-06 22:52:07 - [TEST_STEP][PASSED] - Statement - counter = counter + 1: null

2018-12-06 22:52:07 - [TEST_STEP][PASSED] - Statement - PreSaveFile = new java.io.File(((pathPrefix + java.lang.Integer.toString(counter)) + .png)): null

2018-12-06 22:52:07 - [TEST_STEP][PASSED] - Statement - counter = counter + 1: null

2018-12-06 22:52:07 - [TEST_STEP][PASSED] - Statement - PreSaveFile = new java.io.File(((pathPrefix + java.lang.Integer.toString(counter)) + .png)): null

2018-12-06 22:52:07 - [TEST_STEP][PASSED] - Statement - counter = counter + 1: null

2018-12-06 22:52:07 - [TEST_STEP][PASSED] - Statement - PreSaveFile = new java.io.File(((pathPrefix + java.lang.Integer.toString(counter)) + .png)): null

2018-12-06 22:52:07 - [TEST_STEP][PASSED] - Statement - finalPath = pathPrefix + java.lang.Integer.toString(counter) + ".png": null

2018-12-06 22:52:07 - [TEST_STEP][PASSED] - Statement - SaveFile = new java.io.File(finalPath): null

2018-12-06 22:52:07 - [TEST_STEP][PASSED] - Statement - Try: null

2018-12-06 22:52:07 - [TEST_STEP][PASSED] - Statement - org.apache.commons.io.FileUtils.copyFile(scrFile, SaveFile): null

2018-12-06 22:52:07 - [TEST_STEP][PASSED] - Statement - out.println("file kept"): null

2018-12-06 22:52:07 - [TEST_STEP][PASSED] - delay: Delayed 10 second(s)

2018-12-06 22:52:17 - [MESSAGE][PASSED] - Delayed 10 second(s)

2018-12-06 22:52:17 - [MESSAGE][PASSED] - Call Test Case 'Test Cases/Final Aug 2018 - PKS Automation/Registration Module/New Registration/Submit and Screenshot/Submit Registration and Screenshot - Copy' successfully

2018-12-06 22:52:17 - [TEST_STEP][PASSED] - Statement - UpdateAddNewECode = com.kms.katalon.core.webui.keyword.WebUiBuiltInKeywords.getText(com.kms.katalon.core.testobject.ObjectRepository.findTestObject(Object Repository/Final Object Repo/Page_Update Add New Employee - ASSIST/getEmpCode)): Text of object 'Object Repository/Final Object Repo/Page_Update Add New Employee - ASSIST/getEmpCode' is: 'E1102070649K'

2018-12-06 22:52:17 - [MESSAGE][PASSED] - Text of object 'Object Repository/Final Object Repo/Page_Update Add New Employee - ASSIST/getEmpCode' is: 'E1102070649K'

2018-12-06 22:52:17 - [TEST_STEP][PASSED] - callTestCase: Call Test Case 'Test Cases/Final Aug 2018 - PKS Automation/Common/Emp Code Setter' successfully

2018-12-06 22:52:17 - [TEST_CASE][PASSED] - Test Cases/Final Aug 2018 - PKS Automation/Common/Emp Code Setter: Test Cases/Final Aug 2018 - PKS Automation/Common/Emp Code Setter

2018-12-06 22:52:18 - [TEST_STEP][PASSED] - Statement - EmpCodeOld = new java.io.File(C://Users//Admin//Desktop//PKS//Automation Reference Point//EmpCode.txt): null

2018-12-06 22:52:18 - [TEST_STEP][PASSED] - Statement - EmpCodeOld.delete(): null

2018-12-06 22:52:18 - [TEST_STEP][PASSED] - Statement - EmpCode = new java.io.File(C://Users//Admin//Desktop//PKS//Automation Reference Point//EmpCode.txt): null

2018-12-06 22:52:18 - [TEST_STEP][PASSED] - Statement - f2 = new java.io.FileWriter(EmpCode, false): null

2018-12-06 22:52:18 - [TEST_STEP][PASSED] - Statement - f2.write(UpdateAddNewECode): null

2018-12-06 22:52:18 - [TEST_STEP][PASSED] - Statement - f2.close(): null

2018-12-06 22:52:18 - [TEST_STEP][PASSED] - Statement - out.println("


" + UpdateAddNewECode + "


"): null

2018-12-06 22:52:18 - [MESSAGE][PASSED] - Call Test Case 'Test Cases/Final Aug 2018 - PKS Automation/Common/Emp Code Setter' successfully

2018-12-06 22:52:18 - [MESSAGE][PASSED] - Call Test Case 'Test Cases/Final Aug 2018 - PKS Automation/Registration Module/Workflow/Update Add New Employee/Template/New Company for Update Add New - Employer' successfully

2018-12-06 22:52:18 - [TEST_STEP][PASSED] - callTestCase: Call Test Case 'Test Cases/Final Aug 2018 - PKS Automation/Registration Module/Log Out/log out avoiding katalon tagging' successfully

2018-12-06 22:52:18 - [TEST_CASE][PASSED] - Test Cases/Final Aug 2018 - PKS Automation/Registration Module/Log Out/log out avoiding katalon tagging: Test Cases/Final Aug 2018 - PKS Automation/Registration Module/Log Out/log out avoiding katalon tagging

2018-12-06 22:52:18 - [TEST_STEP][PASSED] - navigateToUrl: Navigate to 'https://assist2-uat.perkeso.gov.my/c/portal/logout' successfully

2018-12-06 22:52:19 - [MESSAGE][PASSED] - Navigate to 'https://assist2-uat.perkeso.gov.my/c/portal/logout' successfully

2018-12-06 22:52:19 - [MESSAGE][PASSED] - Call Test Case 'Test Cases/Final Aug 2018 - PKS Automation/Registration Module/Log Out/log out avoiding katalon tagging' successfully

2018-12-06 22:52:19 - [TEST_STEP][PASSED] - callTestCase: Call Test Case 'Test Cases/Final Aug 2018 - PKS Automation/Registration Module/New Registration/Form 2/Date Updater' successfully

2018-12-06 22:52:19 - [TEST_CASE][PASSED] - Test Cases/Final Aug 2018 - PKS Automation/Registration Module/New Registration/Form 2/Date Updater: Test Cases/Final Aug 2018 - PKS Automation/Registration Module/New Registration/Form 2/Date Updater

2018-12-06 22:52:19 - [TEST_STEP][PASSED] - Statement - TodayDate = new java.util.Date(): null

2018-12-06 22:52:19 - [TEST_STEP][PASSED] - Statement - CurrentDateNoFilter = new java.text.SimpleDateFormat(): null

2018-12-06 22:52:19 - [TEST_STEP][PASSED] - Statement - CurrentDateNoFilter.applyPattern("MM"): null

2018-12-06 22:52:19 - [TEST_STEP][PASSED] - Statement - monthContainerMatcher = java.lang.Integer.parseInt(CurrentDateNoFilter.format(TodayDate)): null

2018-12-06 22:52:19 - [TEST_STEP][PASSED] - Statement - monthContainerMatcher = monthContainerMatcher - 1: null

2018-12-06 22:52:19 - [TEST_STEP][PASSED] - Statement - CurrentMonth = monthContainerMatcher.toString(): null

2018-12-06 22:52:19 - [TEST_STEP][PASSED] - Statement - CurrentMonth = CurrentMonth: null

2018-12-06 22:52:19 - [TEST_STEP][PASSED] - Statement - CurrentDateNoFilter.applyPattern("yyyy"): null

2018-12-06 22:52:19 - [TEST_STEP][PASSED] - Statement - CurrentYear = CurrentDateNoFilter.format(TodayDate): null

2018-12-06 22:52:19 - [TEST_STEP][PASSED] - Statement - CurrentYear = CurrentYear: null

2018-12-06 22:52:19 - [TEST_STEP][PASSED] - Statement - intCurrentYear = java.lang.Integer.parseInt(CurrentDateNoFilter.format(TodayDate)): null

2018-12-06 22:52:19 - [TEST_STEP][PASSED] - Statement - eighteenYrsAgo = intCurrentYear - 18: null

2018-12-06 22:52:19 - [TEST_STEP][PASSED] - Statement - eighteenYrsBeforeThisYr = eighteenYrsAgo.toString(): null

2018-12-06 22:52:19 - [TEST_STEP][PASSED] - Statement - EighteenYrsBefore = eighteenYrsBeforeThisYr: null

2018-12-06 22:52:19 - [TEST_STEP][PASSED] - Statement - fiftysevenYrsAgo = intCurrentYear - 57: null

2018-12-06 22:52:19 - [TEST_STEP][PASSED] - Statement - fiftysevenYrsBeforeThisYr = fiftysevenYrsAgo.toString(): null

2018-12-06 22:52:19 - [TEST_STEP][PASSED] - Statement - FiftysevenYrsBefore = fiftysevenYrsBeforeThisYr: null

2018-12-06 22:52:19 - [TEST_STEP][PASSED] - Statement - leapYear = false: null

2018-12-06 22:52:19 - [TEST_STEP][PASSED] - Statement - leapYear = intCurrentYear % 4 == 0: null

2018-12-06 22:52:19 - [TEST_STEP][PASSED] - Statement - CurrentDateNoFilter.applyPattern("dd"): null

2018-12-06 22:52:19 - [TEST_STEP][PASSED] - Statement - CurrentDate = CurrentDateNoFilter.format(TodayDate): null

2018-12-06 22:52:19 - [TEST_STEP][PASSED] - Statement - CurrentDate = java.lang.Integer.parseInt(CurrentDate): null

2018-12-06 22:52:19 - [TEST_STEP][PASSED] - Statement - CurrentDate = CurrentDate: null

2018-12-06 22:52:19 - [TEST_STEP][PASSED] - Statement - CurrentDay = java.lang.Integer.parseInt(CurrentDate): null

2018-12-06 22:52:19 - [TEST_STEP][PASSED] - Statement - ConfAdder = <not implemented yet for class: org.codehaus.groovy.ast.expr.EmptyExpression>: null

2018-12-06 22:52:19 - [TEST_STEP][PASSED] - Statement - out.println(CurrentMonth): null

2018-12-06 22:52:19 - [TEST_STEP][PASSED] - Statement - out.println(CurrentDate): null

2018-12-06 22:52:19 - [TEST_STEP][PASSED] - Statement - switch (CurrentDate): null

2018-12-06 22:52:19 - [TEST_STEP][PASSED] - Statement - Default: null

2018-12-06 22:52:19 - [TEST_STEP][PASSED] - Statement - ConfAdder = true: null

2018-12-06 22:52:19 - [TEST_STEP][PASSED] - Statement - Break: null

2018-12-06 22:52:19 - [TEST_STEP][PASSED] - Statement - aDayBefore = <not implemented yet for class: org.codehaus.groovy.ast.expr.EmptyExpression>: null

2018-12-06 22:52:19 - [TEST_STEP][PASSED] - Statement - out.println(ConfAdder): null

2018-12-06 22:52:19 - [TEST_STEP][PASSED] - Statement - If (ConfAdder == true): null

2018-12-06 22:52:19 - [TEST_STEP][PASSED] - Statement - aDayBefore = CurrentDay + 1: null

2018-12-06 22:52:19 - [TEST_STEP][PASSED] - Statement - out.println(aDayBefore): null

2018-12-06 22:52:19 - [TEST_STEP][PASSED] - Statement - If (aDayBefore == 1 && CurrentMonth == 11): null

2018-12-06 22:52:19 - [TEST_STEP][PASSED] - Statement - DayBefore = aDayBefore.toString(): null

2018-12-06 22:52:19 - [TEST_STEP][PASSED] - Statement - OneDayBefore = DayBefore: null

2018-12-06 22:52:19 - [MESSAGE][PASSED] - Call Test Case 'Test Cases/Final Aug 2018 - PKS Automation/Registration Module/New Registration/Form 2/Date Updater' successfully

2018-12-06 22:52:19 - [TEST_STEP][PASSED] - delay: Delayed 2 second(s)

2018-12-06 22:52:21 - [MESSAGE][PASSED] - Delayed 2 second(s)

2018-12-06 22:52:21 - [TEST_STEP][PASSED] - callTestCase: Call Test Case 'Test Cases/Final Aug 2018 - PKS Automation/Create Employer Acc/Login to Employer Account (Second time)' successfully

2018-12-06 22:52:21 - [TEST_CASE][PASSED] - Test Cases/Final Aug 2018 - PKS Automation/Create Employer Acc/Login to Employer Account (Second time): Test Cases/Final Aug 2018 - PKS Automation/Create Employer Acc/Login to Employer Account (Second time)

2018-12-06 22:52:21 - [TEST_STEP][PASSED] - openBrowser: Browser is opened with url: ''

2018-12-06 22:52:21 - [MESSAGE][WARNING] - A browser is already opened. Closing browser and opening a new one

2018-12-06 22:52:25 - [MESSAGE][PASSED] - Browser is opened with url: ''

2018-12-06 22:52:25 - [TEST_STEP][PASSED] - navigateToUrl: Navigate to 'https://assist2-uat.perkeso.gov.my/employer/login' successfully

2018-12-06 22:52:26 - [MESSAGE][PASSED] - Navigate to 'https://assist2-uat.perkeso.gov.my/employer/login' successfully

2018-12-06 22:52:26 - [TEST_STEP][PASSED] - delay: Delayed 3 second(s)

2018-12-06 22:52:29 - [MESSAGE][PASSED] - Delayed 3 second(s)

2018-12-06 22:52:29 - [TEST_STEP][PASSED] - callTestCase: Call Test Case 'Test Cases/Final Aug 2018 - PKS Automation/Create Employer Acc/Template/Employer Email Getter' successfully

2018-12-06 22:52:29 - [TEST_CASE][PASSED] - Test Cases/Final Aug 2018 - PKS Automation/Create Employer Acc/Template/Employer Email Getter: Test Cases/Final Aug 2018 - PKS Automation/Create Employer Acc/Template/Employer Email Getter

2018-12-06 22:52:29 - [TEST_STEP][PASSED] - Statement - Try: null

2018-12-06 22:52:29 - [TEST_STEP][PASSED] - Statement - EmpEmail = new java.io.File(C://Users//Admin//Desktop//PKS//Automation Reference Point//EmpEmail.txt): null

2018-12-06 22:52:29 - [TEST_STEP][PASSED] - Statement - bufferread = new java.io.BufferedReader(new java.io.FileReader(EmpEmail)): null

2018-12-06 22:52:29 - [TEST_STEP][PASSED] - Statement - readedVal = bufferread.readLine(): null

2018-12-06 22:52:29 - [TEST_STEP][PASSED] - Statement - out.println(readedVal): null

2018-12-06 22:52:29 - [TEST_STEP][PASSED] - Statement - Email = readedVal: null

2018-12-06 22:52:29 - [MESSAGE][PASSED] - Call Test Case 'Test Cases/Final Aug 2018 - PKS Automation/Create Employer Acc/Template/Employer Email Getter' successfully

2018-12-06 22:52:29 - [TEST_STEP][PASSED] - setText: Text 'perkeso288169348211@gmail.com' is set on object 'Object Repository/Final Object Repo/Login Page/External Login Page/Email'

2018-12-06 22:52:29 - [MESSAGE][PASSED] - Text 'perkeso288169348211@gmail.com' is set on object 'Object Repository/Final Object Repo/Login Page/External Login Page/Email'

2018-12-06 22:52:29 - [TEST_STEP][PASSED] - click: Object: 'Object Repository/Final Object Repo/Login Page/External Login Page/Next' is clicked on

2018-12-06 22:52:29 - [MESSAGE][PASSED] - Object: 'Object Repository/Final Object Repo/Login Page/External Login Page/Next' is clicked on

2018-12-06 22:52:29 - [TEST_STEP][PASSED] - delay: Delayed 3 second(s)

2018-12-06 22:52:32 - [MESSAGE][PASSED] - Delayed 3 second(s)

2018-12-06 22:52:32 - [TEST_STEP][PASSED] - setEncryptedText: Text ****** has been set on object 'Object Repository/Final Object Repo/Login Page/External Login Page/Password'

2018-12-06 22:52:33 - [MESSAGE][PASSED] - Text ****** has been set on object 'Object Repository/Final Object Repo/Login Page/External Login Page/Password'

2018-12-06 22:52:33 - [TEST_STEP][PASSED] - click: Object: 'Object Repository/Final Object Repo/Login Page/External Login Page/Login' is clicked on

2018-12-06 22:52:33 - [MESSAGE][PASSED] - Object: 'Object Repository/Final Object Repo/Login Page/External Login Page/Login' is clicked on

2018-12-06 22:52:33 - [TEST_STEP][PASSED] - delay: Delayed 5 second(s)

2018-12-06 22:52:38 - [MESSAGE][PASSED] - Delayed 5 second(s)

2018-12-06 22:52:38 - [MESSAGE][PASSED] - Call Test Case 'Test Cases/Final Aug 2018 - PKS Automation/Create Employer Acc/Login to Employer Account (Second time)' successfully

2018-12-06 22:52:38 - [TEST_STEP][PASSED] - delay: Delayed 4 second(s)

2018-12-06 22:52:42 - [MESSAGE][PASSED] - Delayed 4 second(s)

2018-12-06 22:52:42 - [TEST_STEP][PASSED] - Statement - Try: Delayed 2 second(s)

2018-12-06 22:52:42 - [TEST_STEP][PASSED] - Statement - Checker = false: null

2018-12-06 22:52:42 - [TEST_STEP][PASSED] - Statement - Checker = com.kms.katalon.core.webui.keyword.WebUiBuiltInKeywords.verifyElementHasAttribute(com.kms.katalon.core.testobject.ObjectRepository.findTestObject(Final Object Repo/Landing Page/BM Detecting), "href", 20, OPTIONAL): Object 'Object Repository/Final Object Repo/Landing Page/BM Detecting' has attribute 'href'

2018-12-06 22:52:42 - [MESSAGE][PASSED] - Object 'Object Repository/Final Object Repo/Landing Page/BM Detecting' has attribute 'href'

2018-12-06 22:52:42 - [TEST_STEP][PASSED] - Statement - out.println(Checker): null

2018-12-06 22:52:42 - [TEST_STEP][PASSED] - Statement - If (Checker == false): null

2018-12-06 22:52:42 - [TEST_STEP][PASSED] - Statement - Else: null

2018-12-06 22:52:42 - [TEST_STEP][PASSED] - delay: Delayed 2 second(s)

2018-12-06 22:52:44 - [MESSAGE][PASSED] - Delayed 2 second(s)

2018-12-06 22:52:44 - [TEST_STEP][PASSED] - delay: Delayed 4 second(s)

2018-12-06 22:52:48 - [MESSAGE][PASSED] - Delayed 4 second(s)

2018-12-06 22:52:48 - [TEST_STEP][PASSED] - click: Object: 'Object Repository/Final Object Repo/Page_Update Add New Employee - ASSIST/My Sites Drop Down' is clicked on

2018-12-06 22:52:48 - [MESSAGE][PASSED] - Object: 'Object Repository/Final Object Repo/Page_Update Add New Employee - ASSIST/My Sites Drop Down' is clicked on

2018-12-06 22:52:48 - [TEST_STEP][PASSED] - click: Object: 'Object Repository/Final Object Repo/Page_Update Add New Employee - ASSIST/Select to Registration Module' is clicked on

2018-12-06 22:52:53 - [MESSAGE][PASSED] - Object: 'Object Repository/Final Object Repo/Page_Update Add New Employee - ASSIST/Select to Registration Module' is clicked on

2018-12-06 22:52:53 - [TEST_STEP][NOT_RUN] - navigateToUrl: NOT_RUN: navigateToUrl

2018-12-06 22:52:53 - [MESSAGE][NOT_RUN] - NOT_RUN: navigateToUrl

2018-12-06 22:52:53 - [TEST_STEP][PASSED] - mouseOver: Object: 'Object Repository/Final Object Repo/Page_Update Add New Employee - ASSIST/Select to Update Akta 4 Tab' is hovered

2018-12-06 22:52:53 - [MESSAGE][PASSED] - Object: 'Object Repository/Final Object Repo/Page_Update Add New Employee - ASSIST/Select to Update Akta 4 Tab' is hovered

2018-12-06 22:52:53 - [TEST_STEP][PASSED] - delay: Delayed 2 second(s)

2018-12-06 22:52:55 - [MESSAGE][PASSED] - Delayed 2 second(s)

2018-12-06 22:52:55 - [TEST_STEP][PASSED] - click: Object: 'Object Repository/Final Object Repo/Page_Update Add New Employee - ASSIST/Select to Update Add New Employee' is clicked on

2018-12-06 22:52:56 - [MESSAGE][PASSED] - Object: 'Object Repository/Final Object Repo/Page_Update Add New Employee - ASSIST/Select to Update Add New Employee' is clicked on

2018-12-06 22:52:56 - [TEST_STEP][PASSED] - delay: Delayed 2 second(s)

2018-12-06 22:52:58 - [MESSAGE][PASSED] - Delayed 2 second(s)

2018-12-06 22:52:58 - [TEST_STEP][PASSED] - setText: Text 'E1102070649K' is set on object 'Object Repository/Final Object Repo/Page_Update Add New Employee - ASSIST/Employer Code input textbox'

2018-12-06 22:52:58 - [MESSAGE][PASSED] - Text 'E1102070649K' is set on object 'Object Repository/Final Object Repo/Page_Update Add New Employee - ASSIST/Employer Code input textbox'

2018-12-06 22:52:58 - [TEST_STEP][PASSED] - delay: Delayed 2 second(s)

2018-12-06 22:53:00 - [MESSAGE][PASSED] - Delayed 2 second(s)

2018-12-06 22:53:00 - [TEST_STEP][PASSED] - click: Object: 'Object Repository/Final Object Repo/Page_Update Add New Employee - ASSIST/Search Button for Employer Code' is clicked on

2018-12-06 22:53:00 - [MESSAGE][PASSED] - Object: 'Object Repository/Final Object Repo/Page_Update Add New Employee - ASSIST/Search Button for Employer Code' is clicked on

2018-12-06 22:53:00 - [TEST_STEP][PASSED] - delay: Delayed 4 second(s)

2018-12-06 22:53:04 - [MESSAGE][PASSED] - Delayed 4 second(s)

2018-12-06 22:53:04 - [TEST_STEP][PASSED] - click: Object: 'Object Repository/Final Object Repo/Page_Update Add New Employee - ASSIST/Click to Edit Case' is clicked on

2018-12-06 22:53:07 - [MESSAGE][PASSED] - Object: 'Object Repository/Final Object Repo/Page_Update Add New Employee - ASSIST/Click to Edit Case' is clicked on

2018-12-06 22:53:07 - [TEST_STEP][PASSED] - callTestCase: Call Test Case 'Test Cases/Final Aug 2018 - PKS Automation/Registration Module/Workflow/Update Add New Employee/Template/Employee Adding/Employee Adding Action liability date change - Employer Access' successfully

2018-12-06 22:53:07 - [TEST_CASE][PASSED] - Test Cases/Final Aug 2018 - PKS Automation/Registration Module/Workflow/Update Add New Employee/Template/Employee Adding/Employee Adding Action liability date change - Employer Access: Test Cases/Final Aug 2018 - PKS Automation/Registration Module/Workflow/Update Add New Employee/Template/Employee Adding/Employee Adding Action liability date change - Employer Access

2018-12-06 22:53:07 - [TEST_STEP][PASSED] - delay: Delayed 4 second(s)

2018-12-06 22:53:11 - [MESSAGE][PASSED] - Delayed 4 second(s)

2018-12-06 22:53:11 - [TEST_STEP][PASSED] - click: Object: 'Object Repository/Final Object Repo/Page_Update Add New Employee - ASSIST/Add Employee Button' is clicked on

2018-12-06 22:53:11 - [MESSAGE][PASSED] - Object: 'Object Repository/Final Object Repo/Page_Update Add New Employee - ASSIST/Add Employee Button' is clicked on

2018-12-06 22:53:11 - [TEST_STEP][PASSED] - delay: Delayed 3 second(s)

2018-12-06 22:53:14 - [MESSAGE][PASSED] - Delayed 3 second(s)

2018-12-06 22:53:14 - [TEST_STEP][PASSED] - setText: Text '830081009219' is set on object 'Object Repository/Final Object Repo/Page_Update Add New Employee - ASSIST/NRIC Input'

2018-12-06 22:53:15 - [MESSAGE][PASSED] - Text '830081009219' is set on object 'Object Repository/Final Object Repo/Page_Update Add New Employee - ASSIST/NRIC Input'

2018-12-06 22:53:15 - [TEST_STEP][PASSED] - delay: Delayed 2 second(s)

2018-12-06 22:53:17 - [MESSAGE][PASSED] - Delayed 2 second(s)

2018-12-06 22:53:17 - [TEST_STEP][PASSED] - setText: Text 'Automate002 Employee eligible 1' is set on object 'Object Repository/Final Object Repo/Page_Update Add New Employee - ASSIST/Employee Name Input'

2018-12-06 22:53:17 - [MESSAGE][PASSED] - Text 'Automate002 Employee eligible 1' is set on object 'Object Repository/Final Object Repo/Page_Update Add New Employee - ASSIST/Employee Name Input'

2018-12-06 22:53:17 - [TEST_STEP][PASSED] - delay: Delayed 2 second(s)

2018-12-06 22:53:19 - [MESSAGE][PASSED] - Delayed 2 second(s)

2018-12-06 22:53:19 - [TEST_STEP][PASSED] - click: Object: 'Object Repository/Final Object Repo/Page_Update Add New Employee - ASSIST/DatePicker Pop Up' is clicked on

2018-12-06 22:53:19 - [MESSAGE][PASSED] - Object: 'Object Repository/Final Object Repo/Page_Update Add New Employee - ASSIST/DatePicker Pop Up' is clicked on

2018-12-06 22:53:19 - [TEST_STEP][PASSED] - click: Object: 'Object Repository/Final Object Repo/Page_Update Add New Employee - ASSIST/DOB Month' is clicked on

2018-12-06 22:53:20 - [MESSAGE][PASSED] - Object: 'Object Repository/Final Object Repo/Page_Update Add New Employee - ASSIST/DOB Month' is clicked on

2018-12-06 22:53:20 - [TEST_STEP][PASSED] - Statement - CurrentMonth = CurrentMonth: null

2018-12-06 22:53:20 - [TEST_STEP][PASSED] - Statement - selectMonth = new com.kms.katalon.core.testobject.TestObject(): null

2018-12-06 22:53:20 - [TEST_STEP][PASSED] - Statement - selectMonth.addProperty("xpath", EQUALS, "//body/div/div/div/select/option[@value='" + CurrentMonth + "']", true): null

2018-12-06 22:53:20 - [TEST_STEP][PASSED] - click: Object: '' is clicked on

2018-12-06 22:53:20 - [MESSAGE][PASSED] - Object: '' is clicked on

2018-12-06 22:53:20 - [TEST_STEP][PASSED] - click: Object: 'Object Repository/Final Object Repo/Page_Update Add New Employee - ASSIST/DOB Year' is clicked on

2018-12-06 22:53:20 - [MESSAGE][PASSED] - Object: 'Object Repository/Final Object Repo/Page_Update Add New Employee - ASSIST/DOB Year' is clicked on

2018-12-06 22:53:20 - [TEST_STEP][PASSED] - Statement - Eyearsbf = EighteenYrsBefore: null

2018-12-06 22:53:20 - [TEST_STEP][PASSED] - Statement - selectYear = new com.kms.katalon.core.testobject.TestObject(): null

2018-12-06 22:53:20 - [TEST_STEP][PASSED] - Statement - selectYear.addProperty("xpath", EQUALS, "//div/div/div/select/option[@value='" + Eyearsbf + "']", true): null

2018-12-06 22:53:20 - [TEST_STEP][PASSED] - click: Object: '' is clicked on

2018-12-06 22:53:20 - [MESSAGE][PASSED] - Object: '' is clicked on

2018-12-06 22:53:20 - [TEST_STEP][PASSED] - Statement - UpdatedSelectDate = com.kms.katalon.core.webui.keyword.WebUiBuiltInKeywords.modifyObjectProperty(com.kms.katalon.core.testobject.ObjectRepository.findTestObject(Final Object Repo/Page_Update Add New Employee - ASSIST/DOB Date), "xpath", "equals", "//body/div/table/tbody/tr/td/a[text()="" + CurrentDate + ""]", true): Modify property of object successfully

2018-12-06 22:53:20 - [MESSAGE][PASSED] - Modify property of object successfully

2018-12-06 22:53:20 - [TEST_STEP][PASSED] - delay: Delayed 3 second(s)

2018-12-06 22:53:23 - [MESSAGE][PASSED] - Delayed 3 second(s)

2018-12-06 22:53:23 - [TEST_STEP][PASSED] - click: Object: 'Object Repository/Final Object Repo/Page_Update Add New Employee - ASSIST/DOB Date' is clicked on

2018-12-06 22:53:23 - [MESSAGE][PASSED] - Object: 'Object Repository/Final Object Repo/Page_Update Add New Employee - ASSIST/DOB Date' is clicked on

2018-12-06 22:53:23 - [TEST_STEP][PASSED] - delay: Delayed 2 second(s)

2018-12-06 22:53:25 - [MESSAGE][PASSED] - Delayed 2 second(s)

2018-12-06 22:53:25 - [TEST_STEP][PASSED] - click: Object: 'Object Repository/Final Object Repo/Page_Update Add New Employee - ASSIST/EmploymentStartDate Pop Up' is clicked on

2018-12-06 22:53:25 - [MESSAGE][PASSED] - Object: 'Object Repository/Final Object Repo/Page_Update Add New Employee - ASSIST/EmploymentStartDate Pop Up' is clicked on

2018-12-06 22:53:25 - [TEST_STEP][PASSED] - delay: Delayed 2 second(s)

2018-12-06 22:53:27 - [MESSAGE][PASSED] - Delayed 2 second(s)

2018-12-06 22:53:27 - [TEST_STEP][PASSED] - click: Object: 'Object Repository/Final Object Repo/Page_Update Add New Employee - ASSIST/Socso Employment StartDate Month' is clicked on

2018-12-06 22:53:28 - [MESSAGE][PASSED] - Object: 'Object Repository/Final Object Repo/Page_Update Add New Employee - ASSIST/Socso Employment StartDate Month' is clicked on

2018-12-06 22:53:28 - [TEST_STEP][PASSED] - delay: Delayed 1 second(s)

2018-12-06 22:53:29 - [MESSAGE][PASSED] - Delayed 1 second(s)

2018-12-06 22:53:29 - [TEST_STEP][PASSED] - click: Object: 'Object Repository/Final Object Repo/Page_Update Add New Employee - ASSIST/Select Socso Employement Startdate Month' is clicked on

2018-12-06 22:53:29 - [MESSAGE][PASSED] - Object: 'Object Repository/Final Object Repo/Page_Update Add New Employee - ASSIST/Select Socso Employement Startdate Month' is clicked on

2018-12-06 22:53:29 - [TEST_STEP][PASSED] - delay: Delayed 2 second(s)

2018-12-06 22:53:31 - [MESSAGE][PASSED] - Delayed 2 second(s)

2018-12-06 22:53:31 - [TEST_STEP][PASSED] - click: Object: 'Object Repository/Final Object Repo/Page_Update Add New Employee - ASSIST/Socso Employment StartDate Year' is clicked on

2018-12-06 22:53:31 - [MESSAGE][PASSED] - Object: 'Object Repository/Final Object Repo/Page_Update Add New Employee - ASSIST/Socso Employment StartDate Year' is clicked on

2018-12-06 22:53:31 - [TEST_STEP][PASSED] - delay: Delayed 1 second(s)

2018-12-06 22:53:32 - [MESSAGE][PASSED] - Delayed 1 second(s)

2018-12-06 22:53:32 - [TEST_STEP][PASSED] - click: Object: 'Object Repository/Final Object Repo/Page_Update Add New Employee - ASSIST/Select Socso Employment Startdate Year - Emp Update Add New' is clicked on

2018-12-06 22:53:32 - [MESSAGE][PASSED] - Object: 'Object Repository/Final Object Repo/Page_Update Add New Employee - ASSIST/Select Socso Employment Startdate Year - Emp Update Add New' is clicked on

2018-12-06 22:53:32 - [TEST_STEP][PASSED] - delay: Delayed 2 second(s)

2018-12-06 22:53:34 - [MESSAGE][PASSED] - Delayed 2 second(s)

2018-12-06 22:53:34 - [TEST_STEP][PASSED] - click: Object: 'Object Repository/Final Object Repo/Page_Update Add New Employee - ASSIST/Socso Employment Start Date Day' is clicked on

2018-12-06 22:53:34 - [MESSAGE][PASSED] - Object: 'Object Repository/Final Object Repo/Page_Update Add New Employee - ASSIST/Socso Employment Start Date Day' is clicked on

2018-12-06 22:53:34 - [TEST_STEP][PASSED] - delay: Delayed 2 second(s)

2018-12-06 22:53:36 - [MESSAGE][PASSED] - Delayed 2 second(s)

2018-12-06 22:53:36 - [TEST_STEP][PASSED] - click: Object: 'Object Repository/Final Object Repo/Page_Update Add New Employee - ASSIST/Save Button for Add Employee' is clicked on

2018-12-06 22:53:36 - [MESSAGE][PASSED] - Object: 'Object Repository/Final Object Repo/Page_Update Add New Employee - ASSIST/Save Button for Add Employee' is clicked on

2018-12-06 22:53:36 - [MESSAGE][PASSED] - Call Test Case 'Test Cases/Final Aug 2018 - PKS Automation/Registration Module/Workflow/Update Add New Employee/Template/Employee Adding/Employee Adding Action liability date change - Employer Access' successfully

2018-12-06 22:53:36 - [TEST_STEP][PASSED] - delay: Delayed 4 second(s)

2018-12-06 22:53:40 - [MESSAGE][PASSED] - Delayed 4 second(s)

2018-12-06 22:53:40 - [TEST_STEP][PASSED] - Statement - CaseReferenceNo = com.kms.katalon.core.webui.keyword.WebUiBuiltInKeywords.getText(com.kms.katalon.core.testobject.ObjectRepository.findTestObject(Final Object Repo/Page_Update Add New Employee - ASSIST/RefNo)): Text of object 'Object Repository/Final Object Repo/Page_Update Add New Employee - ASSIST/RefNo' is: 'CAN12201800002266'

2018-12-06 22:53:41 - [MESSAGE][PASSED] - Text of object 'Object Repository/Final Object Repo/Page_Update Add New Employee - ASSIST/RefNo' is: 'CAN12201800002266'

2018-12-06 22:53:41 - [TEST_STEP][PASSED] - callTestCase: Call Test Case 'Test Cases/Final Aug 2018 - PKS Automation/Common/Reference Number Setter' successfully

2018-12-06 22:53:41 - [TEST_CASE][PASSED] - Test Cases/Final Aug 2018 - PKS Automation/Common/Reference Number Setter: Test Cases/Final Aug 2018 - PKS Automation/Common/Reference Number Setter

2018-12-06 22:53:41 - [TEST_STEP][PASSED] - Statement - RefNoOldFile = new java.io.File(C://Users//Admin//Desktop//PKS//Automation Reference Point//KatalonReference.txt): null

2018-12-06 22:53:41 - [TEST_STEP][PASSED] - Statement - RefNoOldFile.delete(): null

2018-12-06 22:53:41 - [TEST_STEP][PASSED] - delay: Delayed 5 second(s)

2018-12-06 22:53:46 - [MESSAGE][PASSED] - Delayed 5 second(s)

2018-12-06 22:53:46 - [TEST_STEP][PASSED] - Statement - RefNo = new java.io.File(C://Users//Admin//Desktop//PKS//Automation Reference Point//KatalonReference.txt): null

2018-12-06 22:53:46 - [TEST_STEP][PASSED] - Statement - f2 = new java.io.FileWriter(RefNo, false): null

2018-12-06 22:53:46 - [TEST_STEP][PASSED] - Statement - f2.write(CaseReferenceNo): null

2018-12-06 22:53:46 - [TEST_STEP][PASSED] - Statement - f2.close(): null

2018-12-06 22:53:46 - [TEST_STEP][PASSED] - Statement - out.println("


" + CaseReferenceNo + "


"): null

2018-12-06 22:53:46 - [MESSAGE][PASSED] - Call Test Case 'Test Cases/Final Aug 2018 - PKS Automation/Common/Reference Number Setter' successfully

2018-12-06 22:53:46 - [TEST_STEP][PASSED] - delay: Delayed 5 second(s)

2018-12-06 22:53:51 - [MESSAGE][PASSED] - Delayed 5 second(s)

2018-12-06 22:53:51 - [TEST_STEP][PASSED] - click: Object: 'Object Repository/Final Object Repo/Page_Update Add New Employee - ASSIST/Save  Continue Button' is clicked on

2018-12-06 22:53:51 - [MESSAGE][PASSED] - Object: 'Object Repository/Final Object Repo/Page_Update Add New Employee - ASSIST/Save  Continue Button' is clicked on

2018-12-06 22:53:51 - [TEST_STEP][PASSED] - delay: Delayed 4 second(s)

2018-12-06 22:53:55 - [MESSAGE][PASSED] - Delayed 4 second(s)

2018-12-06 22:53:55 - [TEST_STEP][PASSED] - click: Object: 'Object Repository/Final Object Repo/Page_Update Add New Employee - ASSIST/Save  Continue Third Screen' is clicked on

2018-12-06 22:53:58 - [MESSAGE][PASSED] - Object: 'Object Repository/Final Object Repo/Page_Update Add New Employee - ASSIST/Save  Continue Third Screen' is clicked on

2018-12-06 22:53:58 - [TEST_STEP][PASSED] - delay: Delayed 4 second(s)

2018-12-06 22:54:02 - [MESSAGE][PASSED] - Delayed 4 second(s)

2018-12-06 22:54:02 - [TEST_STEP][PASSED] - click: Object: 'Object Repository/Final Object Repo/Page_Update Add New Employee - ASSIST/Save   Continue Supporting Doc Page' is clicked on

2018-12-06 22:54:02 - [MESSAGE][PASSED] - Object: 'Object Repository/Final Object Repo/Page_Update Add New Employee - ASSIST/Save   Continue Supporting Doc Page' is clicked on

2018-12-06 22:54:02 - [TEST_STEP][PASSED] - delay: Delayed 4 second(s)

2018-12-06 22:54:06 - [MESSAGE][PASSED] - Delayed 4 second(s)

2018-12-06 22:54:06 - [TEST_STEP][PASSED] - click: Object: 'Object Repository/Final Object Repo/Page_Update Add New Employee - ASSIST/Submit Button' is clicked on

2018-12-06 22:54:06 - [MESSAGE][PASSED] - Object: 'Object Repository/Final Object Repo/Page_Update Add New Employee - ASSIST/Submit Button' is clicked on

2018-12-06 22:54:06 - [TEST_STEP][PASSED] - delay: Delayed 4 second(s)

2018-12-06 22:54:10 - [MESSAGE][PASSED] - Delayed 4 second(s)

2018-12-06 22:54:10 - [TEST_STEP][PASSED] - click: Object: 'Object Repository/Final Object Repo/Page_Update Add New Employee - ASSIST/Confirm Submit Button' is clicked on

2018-12-06 22:54:11 - [MESSAGE][PASSED] - Object: 'Object Repository/Final Object Repo/Page_Update Add New Employee - ASSIST/Confirm Submit Button' is clicked on

2018-12-06 22:54:11 - [TEST_STEP][PASSED] - delay: Delayed 30 second(s)

2018-12-06 22:54:41 - [MESSAGE][PASSED] - Delayed 30 second(s)

2018-12-06 22:54:41 - [TEST_STEP][PASSED] - callTestCase: Call Test Case 'Test Cases/Final Aug 2018 - PKS Automation/Common/Screenshoting tool' successfully

2018-12-06 22:54:41 - [TEST_CASE][PASSED] - Test Cases/Final Aug 2018 - PKS Automation/Common/Screenshoting tool: Test Cases/Final Aug 2018 - PKS Automation/Common/Screenshoting tool

2018-12-06 22:54:41 - [TEST_STEP][PASSED] - delay: Delayed 15 second(s)

2018-12-06 22:54:56 - [MESSAGE][PASSED] - Delayed 15 second(s)

2018-12-06 22:54:56 - [TEST_STEP][PASSED] - Statement - driver = com.kms.katalon.core.webui.driver.DriverFactory.getWebDriver(): null

2018-12-06 22:54:56 - [TEST_STEP][PASSED] - Statement - driver.manage().timeouts().implicitlyWait(10, SECONDS): null

2018-12-06 22:54:56 - [TEST_STEP][PASSED] - Statement - PresavePath = KatalonScreenshots: null

2018-12-06 22:54:56 - [TEST_STEP][PASSED] - Statement - pathPrefix = "C:\Users\Public\Pictures\Sample Pictures\Katalon Screenshots\Automate Ending Screen": null

2018-12-06 22:54:56 - [TEST_STEP][PASSED] - Statement - finalPath = <not implemented yet for class: org.codehaus.groovy.ast.expr.EmptyExpression>: null

2018-12-06 22:54:56 - [TEST_STEP][PASSED] - Statement - scrFile = driver.getScreenshotAs(FILE): null

2018-12-06 22:54:56 - [TEST_STEP][PASSED] - Statement - PreSaveFile = new java.io.File(PresavePath): null

2018-12-06 22:54:56 - [TEST_STEP][PASSED] - Statement - counter = 0: null

2018-12-06 22:54:56 - [TEST_STEP][PASSED] - Statement - If (PreSaveFile.exists()): null

2018-12-06 22:54:56 - [TEST_STEP][PASSED] - Statement - While (PreSaveFile.exists()): null

2018-12-06 22:54:56 - [TEST_STEP][PASSED] - Statement - counter = counter + 1: null

2018-12-06 22:54:56 - [TEST_STEP][PASSED] - Statement - PreSaveFile = new java.io.File(((pathPrefix + java.lang.Integer.toString(counter)) + .png)): null

2018-12-06 22:54:56 - [TEST_STEP][PASSED] - Statement - counter = counter + 1: null

2018-12-06 22:54:56 - [TEST_STEP][PASSED] - Statement - PreSaveFile = new java.io.File(((pathPrefix + java.lang.Integer.toString(counter)) + .png)): null

2018-12-06 22:54:56 - [TEST_STEP][PASSED] - Statement - counter = counter + 1: null

2018-12-06 22:54:56 - [TEST_STEP][PASSED] - Statement - PreSaveFile = new java.io.File(((pathPrefix + java.lang.Integer.toString(counter)) + .png)): null

2018-12-06 22:54:56 - [TEST_STEP][PASSED] - Statement - counter = counter + 1: null

2018-12-06 22:54:56 - [TEST_STEP][PASSED] - Statement - PreSaveFile = new java.io.File(((pathPrefix + java.lang.Integer.toString(counter)) + .png)): null

2018-12-06 22:54:56 - [TEST_STEP][PASSED] - Statement - counter = counter + 1: null

2018-12-06 22:54:56 - [TEST_STEP][PASSED] - Statement - PreSaveFile = new java.io.File(((pathPrefix + java.lang.Integer.toString(counter)) + .png)): null

2018-12-06 22:54:56 - [TEST_STEP][PASSED] - Statement - counter = counter + 1: null

2018-12-06 22:54:56 - [TEST_STEP][PASSED] - Statement - PreSaveFile = new java.io.File(((pathPrefix + java.lang.Integer.toString(counter)) + .png)): null

2018-12-06 22:54:56 - [TEST_STEP][PASSED] - Statement - counter = counter + 1: null

2018-12-06 22:54:56 - [TEST_STEP][PASSED] - Statement - PreSaveFile = new java.io.File(((pathPrefix + java.lang.Integer.toString(counter)) + .png)): null

2018-12-06 22:54:56 - [TEST_STEP][PASSED] - Statement - counter = counter + 1: null

2018-12-06 22:54:56 - [TEST_STEP][PASSED] - Statement - PreSaveFile = new java.io.File(((pathPrefix + java.lang.Integer.toString(counter)) + .png)): null

2018-12-06 22:54:56 - [TEST_STEP][PASSED] - Statement - counter = counter + 1: null

2018-12-06 22:54:56 - [TEST_STEP][PASSED] - Statement - PreSaveFile = new java.io.File(((pathPrefix + java.lang.Integer.toString(counter)) + .png)): null

2018-12-06 22:54:56 - [TEST_STEP][PASSED] - Statement - counter = counter + 1: null

2018-12-06 22:54:56 - [TEST_STEP][PASSED] - Statement - PreSaveFile = new java.io.File(((pathPrefix + java.lang.Integer.toString(counter)) + .png)): null

2018-12-06 22:54:56 - [TEST_STEP][PASSED] - Statement - counter = counter + 1: null

2018-12-06 22:54:56 - [TEST_STEP][PASSED] - Statement - PreSaveFile = new java.io.File(((pathPrefix + java.lang.Integer.toString(counter)) + .png)): null

2018-12-06 22:54:56 - [TEST_STEP][PASSED] - Statement - counter = counter + 1: null

2018-12-06 22:54:56 - [TEST_STEP][PASSED] - Statement - PreSaveFile = new java.io.File(((pathPrefix + java.lang.Integer.toString(counter)) + .png)): null

2018-12-06 22:54:56 - [TEST_STEP][PASSED] - Statement - counter = counter + 1: null

2018-12-06 22:54:56 - [TEST_STEP][PASSED] - Statement - PreSaveFile = new java.io.File(((pathPrefix + java.lang.Integer.toString(counter)) + .png)): null

2018-12-06 22:54:56 - [TEST_STEP][PASSED] - Statement - counter = counter + 1: null

2018-12-06 22:54:56 - [TEST_STEP][PASSED] - Statement - PreSaveFile = new java.io.File(((pathPrefix + java.lang.Integer.toString(counter)) + .png)): null

2018-12-06 22:54:56 - [TEST_STEP][PASSED] - Statement - counter = counter + 1: null

2018-12-06 22:54:56 - [TEST_STEP][PASSED] - Statement - PreSaveFile = new java.io.File(((pathPrefix + java.lang.Integer.toString(counter)) + .png)): null

2018-12-06 22:54:56 - [TEST_STEP][PASSED] - Statement - counter = counter + 1: null

2018-12-06 22:54:56 - [TEST_STEP][PASSED] - Statement - PreSaveFile = new java.io.File(((pathPrefix + java.lang.Integer.toString(counter)) + .png)): null

2018-12-06 22:54:56 - [TEST_STEP][PASSED] - Statement - counter = counter + 1: null

2018-12-06 22:54:56 - [TEST_STEP][PASSED] - Statement - PreSaveFile = new java.io.File(((pathPrefix + java.lang.Integer.toString(counter)) + .png)): null

2018-12-06 22:54:56 - [TEST_STEP][PASSED] - Statement - counter = counter + 1: null

2018-12-06 22:54:56 - [TEST_STEP][PASSED] - Statement - PreSaveFile = new java.io.File(((pathPrefix + java.lang.Integer.toString(counter)) + .png)): null

2018-12-06 22:54:56 - [TEST_STEP][PASSED] - Statement - counter = counter + 1: null

2018-12-06 22:54:56 - [TEST_STEP][PASSED] - Statement - PreSaveFile = new java.io.File(((pathPrefix + java.lang.Integer.toString(counter)) + .png)): null

2018-12-06 22:54:56 - [TEST_STEP][PASSED] - Statement - counter = counter + 1: null

2018-12-06 22:54:56 - [TEST_STEP][PASSED] - Statement - PreSaveFile = new java.io.File(((pathPrefix + java.lang.Integer.toString(counter)) + .png)): null

2018-12-06 22:54:56 - [TEST_STEP][PASSED] - Statement - counter = counter + 1: null

2018-12-06 22:54:56 - [TEST_STEP][PASSED] - Statement - PreSaveFile = new java.io.File(((pathPrefix + java.lang.Integer.toString(counter)) + .png)): null

2018-12-06 22:54:56 - [TEST_STEP][PASSED] - Statement - counter = counter + 1: null

2018-12-06 22:54:56 - [TEST_STEP][PASSED] - Statement - PreSaveFile = new java.io.File(((pathPrefix + java.lang.Integer.toString(counter)) + .png)): null

2018-12-06 22:54:56 - [TEST_STEP][PASSED] - Statement - counter = counter + 1: null

2018-12-06 22:54:56 - [TEST_STEP][PASSED] - Statement - PreSaveFile = new java.io.File(((pathPrefix + java.lang.Integer.toString(counter)) + .png)): null

2018-12-06 22:54:56 - [TEST_STEP][PASSED] - Statement - counter = counter + 1: null

2018-12-06 22:54:56 - [TEST_STEP][PASSED] - Statement - PreSaveFile = new java.io.File(((pathPrefix + java.lang.Integer.toString(counter)) + .png)): null

2018-12-06 22:54:56 - [TEST_STEP][PASSED] - Statement - counter = counter + 1: null

2018-12-06 22:54:56 - [TEST_STEP][PASSED] - Statement - PreSaveFile = new java.io.File(((pathPrefix + java.lang.Integer.toString(counter)) + .png)): null

2018-12-06 22:54:56 - [TEST_STEP][PASSED] - Statement - counter = counter + 1: null

2018-12-06 22:54:56 - [TEST_STEP][PASSED] - Statement - PreSaveFile = new java.io.File(((pathPrefix + java.lang.Integer.toString(counter)) + .png)): null

2018-12-06 22:54:56 - [TEST_STEP][PASSED] - Statement - counter = counter + 1: null

2018-12-06 22:54:56 - [TEST_STEP][PASSED] - Statement - PreSaveFile = new java.io.File(((pathPrefix + java.lang.Integer.toString(counter)) + .png)): null

2018-12-06 22:54:56 - [TEST_STEP][PASSED] - Statement - counter = counter + 1: null

2018-12-06 22:54:56 - [TEST_STEP][PASSED] - Statement - PreSaveFile = new java.io.File(((pathPrefix + java.lang.Integer.toString(counter)) + .png)): null

2018-12-06 22:54:56 - [TEST_STEP][PASSED] - Statement - counter = counter + 1: null

2018-12-06 22:54:56 - [TEST_STEP][PASSED] - Statement - PreSaveFile = new java.io.File(((pathPrefix + java.lang.Integer.toString(counter)) + .png)): null

2018-12-06 22:54:56 - [TEST_STEP][PASSED] - Statement - counter = counter + 1: null

2018-12-06 22:54:56 - [TEST_STEP][PASSED] - Statement - PreSaveFile = new java.io.File(((pathPrefix + java.lang.Integer.toString(counter)) + .png)): null

2018-12-06 22:54:56 - [TEST_STEP][PASSED] - Statement - counter = counter + 1: null

2018-12-06 22:54:56 - [TEST_STEP][PASSED] - Statement - PreSaveFile = new java.io.File(((pathPrefix + java.lang.Integer.toString(counter)) + .png)): null

2018-12-06 22:54:56 - [TEST_STEP][PASSED] - Statement - counter = counter + 1: null

2018-12-06 22:54:56 - [TEST_STEP][PASSED] - Statement - PreSaveFile = new java.io.File(((pathPrefix + java.lang.Integer.toString(counter)) + .png)): null

2018-12-06 22:54:56 - [TEST_STEP][PASSED] - Statement - counter = counter + 1: null

2018-12-06 22:54:56 - [TEST_STEP][PASSED] - Statement - PreSaveFile = new java.io.File(((pathPrefix + java.lang.Integer.toString(counter)) + .png)): null

2018-12-06 22:54:56 - [TEST_STEP][PASSED] - Statement - counter = counter + 1: null

2018-12-06 22:54:56 - [TEST_STEP][PASSED] - Statement - PreSaveFile = new java.io.File(((pathPrefix + java.lang.Integer.toString(counter)) + .png)): null

2018-12-06 22:54:56 - [TEST_STEP][PASSED] - Statement - counter = counter + 1: null

2018-12-06 22:54:56 - [TEST_STEP][PASSED] - Statement - PreSaveFile = new java.io.File(((pathPrefix + java.lang.Integer.toString(counter)) + .png)): null

2018-12-06 22:54:56 - [TEST_STEP][PASSED] - Statement - counter = counter + 1: null

2018-12-06 22:54:56 - [TEST_STEP][PASSED] - Statement - PreSaveFile = new java.io.File(((pathPrefix + java.lang.Integer.toString(counter)) + .png)): null

2018-12-06 22:54:56 - [TEST_STEP][PASSED] - Statement - counter = counter + 1: null

2018-12-06 22:54:56 - [TEST_STEP][PASSED] - Statement - PreSaveFile = new java.io.File(((pathPrefix + java.lang.Integer.toString(counter)) + .png)): null

2018-12-06 22:54:56 - [TEST_STEP][PASSED] - Statement - counter = counter + 1: null

2018-12-06 22:54:56 - [TEST_STEP][PASSED] - Statement - PreSaveFile = new java.io.File(((pathPrefix + java.lang.Integer.toString(counter)) + .png)): null

2018-12-06 22:54:56 - [TEST_STEP][PASSED] - Statement - counter = counter + 1: null

2018-12-06 22:54:56 - [TEST_STEP][PASSED] - Statement - PreSaveFile = new java.io.File(((pathPrefix + java.lang.Integer.toString(counter)) + .png)): null

2018-12-06 22:54:56 - [TEST_STEP][PASSED] - Statement - counter = counter + 1: null

2018-12-06 22:54:56 - [TEST_STEP][PASSED] - Statement - PreSaveFile = new java.io.File(((pathPrefix + java.lang.Integer.toString(counter)) + .png)): null

2018-12-06 22:54:56 - [TEST_STEP][PASSED] - Statement - counter = counter + 1: null

2018-12-06 22:54:56 - [TEST_STEP][PASSED] - Statement - PreSaveFile = new java.io.File(((pathPrefix + java.lang.Integer.toString(counter)) + .png)): null

2018-12-06 22:54:56 - [TEST_STEP][PASSED] - Statement - counter = counter + 1: null

2018-12-06 22:54:56 - [TEST_STEP][PASSED] - Statement - PreSaveFile = new java.io.File(((pathPrefix + java.lang.Integer.toString(counter)) + .png)): null

2018-12-06 22:54:56 - [TEST_STEP][PASSED] - Statement - counter = counter + 1: null

2018-12-06 22:54:56 - [TEST_STEP][PASSED] - Statement - PreSaveFile = new java.io.File(((pathPrefix + java.lang.Integer.toString(counter)) + .png)): null

2018-12-06 22:54:56 - [TEST_STEP][PASSED] - Statement - counter = counter + 1: null

2018-12-06 22:54:56 - [TEST_STEP][PASSED] - Statement - PreSaveFile = new java.io.File(((pathPrefix + java.lang.Integer.toString(counter)) + .png)): null

2018-12-06 22:54:56 - [TEST_STEP][PASSED] - Statement - counter = counter + 1: null

2018-12-06 22:54:56 - [TEST_STEP][PASSED] - Statement - PreSaveFile = new java.io.File(((pathPrefix + java.lang.Integer.toString(counter)) + .png)): null

2018-12-06 22:54:56 - [TEST_STEP][PASSED] - Statement - counter = counter + 1: null

2018-12-06 22:54:56 - [TEST_STEP][PASSED] - Statement - PreSaveFile = new java.io.File(((pathPrefix + java.lang.Integer.toString(counter)) + .png)): null

2018-12-06 22:54:56 - [TEST_STEP][PASSED] - Statement - finalPath = pathPrefix + java.lang.Integer.toString(counter) + ".png": null

2018-12-06 22:54:56 - [TEST_STEP][PASSED] - Statement - SaveFile = new java.io.File(finalPath): null

2018-12-06 22:54:56 - [TEST_STEP][PASSED] - Statement - Try: null

2018-12-06 22:54:56 - [TEST_STEP][PASSED] - Statement - org.apache.commons.io.FileUtils.copyFile(scrFile, SaveFile): null

2018-12-06 22:54:56 - [TEST_STEP][PASSED] - Statement - out.println("file kept"): null

2018-12-06 22:54:56 - [TEST_STEP][PASSED] - delay: Delayed 10 second(s)

2018-12-06 22:55:06 - [MESSAGE][PASSED] - Delayed 10 second(s)

2018-12-06 22:55:06 - [MESSAGE][PASSED] - Call Test Case 'Test Cases/Final Aug 2018 - PKS Automation/Common/Screenshoting tool' successfully

2018-12-06 22:55:06 - [TEST_STEP][PASSED] - callTestCase: Call Test Case 'Test Cases/Final Aug 2018 - PKS Automation/Registration Module/Log Out/log out avoiding katalon tagging' successfully

2018-12-06 22:55:06 - [TEST_CASE][PASSED] - Test Cases/Final Aug 2018 - PKS Automation/Registration Module/Log Out/log out avoiding katalon tagging: Test Cases/Final Aug 2018 - PKS Automation/Registration Module/Log Out/log out avoiding katalon tagging

2018-12-06 22:55:06 - [TEST_STEP][PASSED] - navigateToUrl: Navigate to 'https://assist2-uat.perkeso.gov.my/c/portal/logout' successfully

2018-12-06 22:55:07 - [MESSAGE][PASSED] - Navigate to 'https://assist2-uat.perkeso.gov.my/c/portal/logout' successfully

2018-12-06 22:55:07 - [MESSAGE][PASSED] - Call Test Case 'Test Cases/Final Aug 2018 - PKS Automation/Registration Module/Log Out/log out avoiding katalon tagging' successfully

2018-12-06 22:55:07 - [TEST_STEP][PASSED] - callTestCase: Call Test Case 'Test Cases/Final Aug 2018 - PKS Automation/Common/Workflow Owner Finder' successfully

2018-12-06 22:55:07 - [TEST_CASE][PASSED] - Test Cases/Final Aug 2018 - PKS Automation/Common/Workflow Owner Finder: Test Cases/Final Aug 2018 - PKS Automation/Common/Workflow Owner Finder

2018-12-06 22:55:07 - [TEST_STEP][PASSED] - openBrowser: Browser is opened with url: ''

2018-12-06 22:55:07 - [MESSAGE][WARNING] - A browser is already opened. Closing browser and opening a new one

2018-12-06 22:55:11 - [MESSAGE][PASSED] - Browser is opened with url: ''

2018-12-06 22:55:11 - [TEST_STEP][PASSED] - navigateToUrl: Navigate to 'https://assist2-uat.perkeso.gov.my/login' successfully

2018-12-06 22:55:12 - [MESSAGE][PASSED] - Navigate to 'https://assist2-uat.perkeso.gov.my/login' successfully

2018-12-06 22:55:12 - [TEST_STEP][PASSED] - delay: Delayed 5 second(s)

2018-12-06 22:55:17 - [MESSAGE][PASSED] - Delayed 5 second(s)

2018-12-06 22:55:17 - [TEST_STEP][PASSED] - setText: Text 'test@liferay.com' is set on object 'Object Repository/Final Object Repo/Login Page/Internal User/Email Address'

2018-12-06 22:55:17 - [MESSAGE][PASSED] - Text 'test@liferay.com' is set on object 'Object Repository/Final Object Repo/Login Page/Internal User/Email Address'

2018-12-06 22:55:17 - [TEST_STEP][PASSED] - click: Object: 'Object Repository/Final Object Repo/Login Page/Internal User/Next Button' is clicked on

2018-12-06 22:55:18 - [MESSAGE][PASSED] - Object: 'Object Repository/Final Object Repo/Login Page/Internal User/Next Button' is clicked on

2018-12-06 22:55:18 - [TEST_STEP][PASSED] - delay: Delayed 2 second(s)

2018-12-06 22:55:20 - [MESSAGE][PASSED] - Delayed 2 second(s)

2018-12-06 22:55:20 - [TEST_STEP][PASSED] - setText: Text 'test' is set on object 'Object Repository/Final Object Repo/Login Page/Internal User/Password'

2018-12-06 22:55:20 - [MESSAGE][PASSED] - Text 'test' is set on object 'Object Repository/Final Object Repo/Login Page/Internal User/Password'

2018-12-06 22:55:20 - [TEST_STEP][PASSED] - delay: Delayed 2 second(s)

2018-12-06 22:55:22 - [MESSAGE][PASSED] - Delayed 2 second(s)

2018-12-06 22:55:22 - [TEST_STEP][PASSED] - click: Object: 'Object Repository/Final Object Repo/Login Page/Internal User/Login Button' is clicked on

2018-12-06 22:55:22 - [MESSAGE][PASSED] - Object: 'Object Repository/Final Object Repo/Login Page/Internal User/Login Button' is clicked on

2018-12-06 22:55:22 - [TEST_STEP][PASSED] - Statement - tester = com.kms.katalon.core.testobject.ObjectRepository.findTestObject(Final Object Repo/Landing Page/Select to English): Finding Test Object with id 'Object Repository/Final Object Repo/Landing Page/Select to English'

2018-12-06 22:55:22 - [TEST_STEP][PASSED] - Statement - Try: Delayed 2 second(s)

2018-12-06 22:55:22 - [TEST_STEP][PASSED] - Statement - Checker = com.kms.katalon.core.webui.keyword.WebUiBuiltInKeywords.verifyElementNotPresent(tester, 3): Web element with id: 'Object Repository/Final Object Repo/Landing Page/Select to English' located by 'By.xpath: //a[@class = 'taglib-language-list-text' and @lang = 'en-US' and (contains(text(), 'EN') or contains(., 'EN'))]' is not present after '3' second(s)

2018-12-06 22:55:24 - [MESSAGE][PASSED] - Web element with id: 'Object Repository/Final Object Repo/Landing Page/Select to English' located by 'By.xpath: //a[@class = 'taglib-language-list-text' and @lang = 'en-US' and (contains(text(), 'EN') or contains(., 'EN'))]' is not present after '3' second(s)

2018-12-06 22:55:24 - [TEST_STEP][PASSED] - Statement - If (Checker == false): null

2018-12-06 22:55:24 - [TEST_STEP][PASSED] - delay: Delayed 2 second(s)

2018-12-06 22:55:26 - [MESSAGE][PASSED] - Delayed 2 second(s)

2018-12-06 22:55:26 - [TEST_STEP][PASSED] - delay: Delayed 5 second(s)

2018-12-06 22:55:31 - [MESSAGE][PASSED] - Delayed 5 second(s)

2018-12-06 22:55:31 - [TEST_STEP][PASSED] - mouseOver: Object: 'Object Repository/Final Object Repo/Landing Page/WorkFlow Menu' is hovered

2018-12-06 22:55:31 - [MESSAGE][PASSED] - Object: 'Object Repository/Final Object Repo/Landing Page/WorkFlow Menu' is hovered

2018-12-06 22:55:31 - [TEST_STEP][PASSED] - delay: Delayed 2 second(s)

2018-12-06 22:55:33 - [MESSAGE][PASSED] - Delayed 2 second(s)

2018-12-06 22:55:33 - [TEST_STEP][PASSED] - click: Object: 'Object Repository/Final Object Repo/Landing Page/Select to Workflow Listing' is clicked on

2018-12-06 22:55:34 - [MESSAGE][PASSED] - Object: 'Object Repository/Final Object Repo/Landing Page/Select to Workflow Listing' is clicked on

2018-12-06 22:55:34 - [TEST_STEP][PASSED] - delay: Delayed 2 second(s)

2018-12-06 22:55:36 - [MESSAGE][PASSED] - Delayed 2 second(s)

2018-12-06 22:55:36 - [TEST_STEP][PASSED] - click: Object: 'Object Repository/Final Object Repo/WorkFlow Listing Page/Search Information - To Put Ref No' is clicked on

2018-12-06 22:55:36 - [MESSAGE][PASSED] - Object: 'Object Repository/Final Object Repo/WorkFlow Listing Page/Search Information - To Put Ref No' is clicked on

2018-12-06 22:55:36 - [TEST_STEP][PASSED] - delay: Delayed 2 second(s)

2018-12-06 22:55:38 - [MESSAGE][PASSED] - Delayed 2 second(s)

2018-12-06 22:55:38 - [TEST_STEP][PASSED] - callTestCase: Call Test Case 'Test Cases/Final Aug 2018 - PKS Automation/Common/Reference Number Getter' successfully

2018-12-06 22:55:38 - [TEST_CASE][PASSED] - Test Cases/Final Aug 2018 - PKS Automation/Common/Reference Number Getter: Test Cases/Final Aug 2018 - PKS Automation/Common/Reference Number Getter

2018-12-06 22:55:38 - [TEST_STEP][PASSED] - Statement - Try: null

2018-12-06 22:55:38 - [TEST_STEP][PASSED] - Statement - RefNo = new java.io.File(C://Users//Admin//Desktop//PKS//Automation Reference Point//KatalonReference.txt): null

2018-12-06 22:55:38 - [TEST_STEP][PASSED] - Statement - bufferread = new java.io.BufferedReader(new java.io.FileReader(RefNo)): null

2018-12-06 22:55:38 - [TEST_STEP][PASSED] - Statement - readedVal = bufferread.readLine(): null

2018-12-06 22:55:38 - [TEST_STEP][PASSED] - Statement - out.println(CaseReferenceNo): null

2018-12-06 22:55:38 - [TEST_STEP][PASSED] - Statement - out.println(readedVal): null

2018-12-06 22:55:38 - [TEST_STEP][PASSED] - Statement - CaseReferenceNo = "": null

2018-12-06 22:55:38 - [TEST_STEP][PASSED] - Statement - CaseReferenceNo = readedVal: null

2018-12-06 22:55:38 - [MESSAGE][PASSED] - Call Test Case 'Test Cases/Final Aug 2018 - PKS Automation/Common/Reference Number Getter' successfully

2018-12-06 22:55:38 - [TEST_STEP][PASSED] - setText: Text 'CAN12201800002266' is set on object 'Object Repository/Final Object Repo/WorkFlow Listing Page/Ref No Set Text'

2018-12-06 22:55:39 - [MESSAGE][PASSED] - Text 'CAN12201800002266' is set on object 'Object Repository/Final Object Repo/WorkFlow Listing Page/Ref No Set Text'

2018-12-06 22:55:39 - [TEST_STEP][PASSED] - delay: Delayed 2 second(s)

2018-12-06 22:55:41 - [MESSAGE][PASSED] - Delayed 2 second(s)

2018-12-06 22:55:41 - [TEST_STEP][PASSED] - click: Object: 'Object Repository/Final Object Repo/WorkFlow Listing Page/Search Ref No Search Button' is clicked on

2018-12-06 22:55:41 - [MESSAGE][PASSED] - Object: 'Object Repository/Final Object Repo/WorkFlow Listing Page/Search Ref No Search Button' is clicked on

2018-12-06 22:55:41 - [TEST_STEP][PASSED] - delay: Delayed 6 second(s)

2018-12-06 22:55:47 - [MESSAGE][PASSED] - Delayed 6 second(s)

2018-12-06 22:55:47 - [TEST_STEP][PASSED] - click: Object: 'Object Repository/Final Object Repo/WorkFlow Listing Page/Click Continue Tooltip' is clicked on

2018-12-06 22:55:48 - [MESSAGE][PASSED] - Object: 'Object Repository/Final Object Repo/WorkFlow Listing Page/Click Continue Tooltip' is clicked on

2018-12-06 22:55:48 - [TEST_STEP][PASSED] - delay: Delayed 5 second(s)

2018-12-06 22:55:53 - [MESSAGE][PASSED] - Delayed 5 second(s)

2018-12-06 22:55:53 - [TEST_STEP][PASSED] - doubleClick: Object: 'Object Repository/Final Object Repo/WorkFlow Listing Page/Workflow Found - Listing 1' is double clicked on

2018-12-06 22:55:53 - [MESSAGE][PASSED] - Object: 'Object Repository/Final Object Repo/WorkFlow Listing Page/Workflow Found - Listing 1' is double clicked on

2018-12-06 22:55:53 - [TEST_STEP][PASSED] - Statement - println(OwnerID): null

2018-12-06 22:55:53 - [TEST_STEP][PASSED] - Statement - OwnerID = com.kms.katalon.core.webui.keyword.WebUiBuiltInKeywords.getText(com.kms.katalon.core.testobject.ObjectRepository.findTestObject(Final Object Repo/WorkFlow Listing Page/Workflow Found - Listing 1), STOP_ON_FAILURE): Text of object 'Object Repository/Final Object Repo/WorkFlow Listing Page/Workflow Found - Listing 1' is: 'JOHORro1'

2018-12-06 22:55:53 - [MESSAGE][PASSED] - Text of object 'Object Repository/Final Object Repo/WorkFlow Listing Page/Workflow Found - Listing 1' is: 'JOHORro1'

2018-12-06 22:55:53 - [TEST_STEP][PASSED] - Statement - OwnerID = OwnerID.toLowerCase() + "@gmail.com": null

2018-12-06 22:55:53 - [TEST_STEP][PASSED] - Statement - println(OwnerID): null

2018-12-06 22:55:53 - [TEST_STEP][PASSED] - delay: Delayed 2 second(s)

2018-12-06 22:55:55 - [MESSAGE][PASSED] - Delayed 2 second(s)

2018-12-06 22:55:55 - [MESSAGE][PASSED] - Call Test Case 'Test Cases/Final Aug 2018 - PKS Automation/Common/Workflow Owner Finder' successfully

2018-12-06 22:55:55 - [TEST_STEP][PASSED] - callTestCase: Call Test Case 'Test Cases/Final Aug 2018 - PKS Automation/Registration Module/Log Out/log out avoiding katalon tagging' successfully

2018-12-06 22:55:55 - [TEST_CASE][PASSED] - Test Cases/Final Aug 2018 - PKS Automation/Registration Module/Log Out/log out avoiding katalon tagging: Test Cases/Final Aug 2018 - PKS Automation/Registration Module/Log Out/log out avoiding katalon tagging

2018-12-06 22:55:55 - [TEST_STEP][PASSED] - navigateToUrl: Navigate to 'https://assist2-uat.perkeso.gov.my/c/portal/logout' successfully

2018-12-06 22:55:56 - [MESSAGE][PASSED] - Navigate to 'https://assist2-uat.perkeso.gov.my/c/portal/logout' successfully

2018-12-06 22:55:56 - [MESSAGE][PASSED] - Call Test Case 'Test Cases/Final Aug 2018 - PKS Automation/Registration Module/Log Out/log out avoiding katalon tagging' successfully

2018-12-06 22:55:56 - [TEST_STEP][PASSED] - delay: Delayed 2 second(s)

2018-12-06 22:55:58 - [MESSAGE][PASSED] - Delayed 2 second(s)

2018-12-06 22:55:58 - [TEST_STEP][PASSED] - setText: Text 'johorro1@gmail.com' is set on object 'Object Repository/Final Object Repo/Page_Update Add New Employee - ASSIST/Email TextBox'

2018-12-06 22:55:58 - [MESSAGE][PASSED] - Text 'johorro1@gmail.com' is set on object 'Object Repository/Final Object Repo/Page_Update Add New Employee - ASSIST/Email TextBox'

2018-12-06 22:55:58 - [TEST_STEP][PASSED] - click: Object: 'Object Repository/Final Object Repo/Page_Update Add New Employee - ASSIST/Next Button' is clicked on

2018-12-06 22:55:58 - [MESSAGE][PASSED] - Object: 'Object Repository/Final Object Repo/Page_Update Add New Employee - ASSIST/Next Button' is clicked on

2018-12-06 22:55:58 - [TEST_STEP][PASSED] - delay: Delayed 2 second(s)

2018-12-06 22:56:00 - [MESSAGE][PASSED] - Delayed 2 second(s)

2018-12-06 22:56:00 - [TEST_STEP][PASSED] - setText: Text 'Test1@3456789' is set on object 'Object Repository/Final Object Repo/Page_Update Add New Employee - ASSIST/Password TextBox'

2018-12-06 22:56:01 - [MESSAGE][PASSED] - Text 'Test1@3456789' is set on object 'Object Repository/Final Object Repo/Page_Update Add New Employee - ASSIST/Password TextBox'

2018-12-06 22:56:01 - [TEST_STEP][PASSED] - delay: Delayed 2 second(s)

2018-12-06 22:56:03 - [MESSAGE][PASSED] - Delayed 2 second(s)

2018-12-06 22:56:03 - [TEST_STEP][PASSED] - click: Object: 'Object Repository/Final Object Repo/Page_Update Add New Employee - ASSIST/Login Button' is clicked on

2018-12-06 22:56:03 - [MESSAGE][PASSED] - Object: 'Object Repository/Final Object Repo/Page_Update Add New Employee - ASSIST/Login Button' is clicked on

2018-12-06 22:56:03 - [TEST_STEP][PASSED] - delay: Delayed 4 second(s)

2018-12-06 22:56:07 - [MESSAGE][PASSED] - Delayed 4 second(s)

2018-12-06 22:56:07 - [TEST_STEP][PASSED] - Statement - Try: Delayed 2 second(s)

2018-12-06 22:56:07 - [TEST_STEP][PASSED] - Statement - Checker = false: null

2018-12-06 22:56:07 - [TEST_STEP][PASSED] - Statement - Checker = com.kms.katalon.core.webui.keyword.WebUiBuiltInKeywords.verifyElementHasAttribute(com.kms.katalon.core.testobject.ObjectRepository.findTestObject(Final Object Repo/Landing Page/BM Detecting), "href", 20, OPTIONAL): Object 'Object Repository/Final Object Repo/Landing Page/BM Detecting' has attribute 'href'

2018-12-06 22:56:07 - [MESSAGE][PASSED] - Object 'Object Repository/Final Object Repo/Landing Page/BM Detecting' has attribute 'href'

2018-12-06 22:56:07 - [TEST_STEP][PASSED] - Statement - out.println(Checker): null

2018-12-06 22:56:07 - [TEST_STEP][PASSED] - Statement - If (Checker == false): null

2018-12-06 22:56:07 - [TEST_STEP][PASSED] - Statement - Else: null

2018-12-06 22:56:07 - [TEST_STEP][PASSED] - delay: Delayed 2 second(s)

2018-12-06 22:56:09 - [MESSAGE][PASSED] - Delayed 2 second(s)

2018-12-06 22:56:09 - [TEST_STEP][PASSED] - delay: Delayed 4 second(s)

2018-12-06 22:56:13 - [MESSAGE][PASSED] - Delayed 4 second(s)

2018-12-06 22:56:13 - [TEST_STEP][PASSED] - click: Object: 'Object Repository/Final Object Repo/New Registration - Registration Module Pages/New Reg - OTC to RO/Special Case - All Related Objects/Expand to Search' is clicked on

2018-12-06 22:56:13 - [MESSAGE][PASSED] - Object: 'Object Repository/Final Object Repo/New Registration - Registration Module Pages/New Reg - OTC to RO/Special Case - All Related Objects/Expand to Search' is clicked on

2018-12-06 22:56:13 - [TEST_STEP][FAILED] - setText: Unable to set text 'CAN12201800002266' of object 'Object Repository/Final Object Repo/New Registration - Registration Module Pages/New Reg - OTC to RO/Special Case - All Related Objects/TextBox RefNo in Workbasket' (Root cause: org.openqa.selenium.ElementNotVisibleException: element not interactable
  (Session info: chrome=70.0.3538.110)
  (Driver info: chromedriver=2.43.600210 (68dcf5eebde37173d4027fa8635e332711d2874a),platform=Windows NT 6.1.7601 SP1 x86_64) (WARNING: The server did not provide any stacktrace information)
Command duration or timeout: 0 milliseconds
Build info: version: '3.7.1', revision: '8a0099a', time: '2017-11-06T21:07:36.161Z'
System info: host: 'WIN7TEST02', ip: '10.20.3.72', os.name: 'Windows 7', os.arch: 'amd64', os.version: '6.1', java.version: '1.8.0_181'
Driver info: com.kms.katalon.selenium.driver.CChromeDriver
Capabilities {acceptInsecureCerts: false, acceptSslCerts: false, applicationCacheEnabled: false, browserConnectionEnabled: false, browserName: chrome, chrome: {chromedriverVersion: 2.43.600210 (68dcf5eebde371..., userDataDir: C:\Users\Admin\AppData\Loca...}, cssSelectorsEnabled: true, databaseEnabled: false, goog:chromeOptions: {debuggerAddress: localhost:61711}, handlesAlerts: true, hasTouchScreen: false, javascriptEnabled: true, locationContextEnabled: true, mobileEmulationEnabled: false, nativeEvents: true, networkConnectionEnabled: false, pageLoadStrategy: normal, platform: XP, platformName: XP, rotatable: false, setWindowRect: true, takesHeapSnapshot: true, takesScreenshot: true, unexpectedAlertBehaviour: , unhandledPromptBehavior: , version: 70.0.3538.110, webStorageEnabled: true}
Session ID: 3067bd26aa389b6fb473e6ec5fc6f2b7)

2018-12-06 22:56:14 - [MESSAGE][FAILED] - Unable to set text 'CAN12201800002266' of object 'Object Repository/Final Object Repo/New Registration - Registration Module Pages/New Reg - OTC to RO/Special Case - All Related Objects/TextBox RefNo in Workbasket' (Root cause: org.openqa.selenium.ElementNotVisibleException: element not interactable
  (Session info: chrome=70.0.3538.110)
  (Driver info: chromedriver=2.43.600210 (68dcf5eebde37173d4027fa8635e332711d2874a),platform=Windows NT 6.1.7601 SP1 x86_64) (WARNING: The server did not provide any stacktrace information)
Command duration or timeout: 0 milliseconds
Build info: version: '3.7.1', revision: '8a0099a', time: '2017-11-06T21:07:36.161Z'
System info: host: 'WIN7TEST02', ip: '10.20.3.72', os.name: 'Windows 7', os.arch: 'amd64', os.version: '6.1', java.version: '1.8.0_181'
Driver info: com.kms.katalon.selenium.driver.CChromeDriver
Capabilities {acceptInsecureCerts: false, acceptSslCerts: false, applicationCacheEnabled: false, browserConnectionEnabled: false, browserName: chrome, chrome: {chromedriverVersion: 2.43.600210 (68dcf5eebde371..., userDataDir: C:\Users\Admin\AppData\Loca...}, cssSelectorsEnabled: true, databaseEnabled: false, goog:chromeOptions: {debuggerAddress: localhost:61711}, handlesAlerts: true, hasTouchScreen: false, javascriptEnabled: true, locationContextEnabled: true, mobileEmulationEnabled: false, nativeEvents: true, networkConnectionEnabled: false, pageLoadStrategy: normal, platform: XP, platformName: XP, rotatable: false, setWindowRect: true, takesHeapSnapshot: true, takesScreenshot: true, unexpectedAlertBehaviour: , unhandledPromptBehavior: , version: 70.0.3538.110, webStorageEnabled: true}
Session ID: 3067bd26aa389b6fb473e6ec5fc6f2b7)
[[ATTACHMENT|C:\\Users\\Admin\\Desktop\\PKS\\Perkeso Phase A\\Reports\\Workflow\\Update Add New Employee\\20181206_171415\\1544108173685.png]]

2018-12-06 22:56:14 - [TEST_STEP][PASSED] - delay: Delayed 2 second(s)

2018-12-06 22:56:16 - [MESSAGE][PASSED] - Delayed 2 second(s)

2018-12-06 22:56:16 - [TEST_STEP][PASSED] - click: Object: 'Object Repository/Final Object Repo/New Registration - Registration Module Pages/New Reg - OTC to RO/Special Case - All Related Objects/Click Search' is clicked on

2018-12-06 22:56:16 - [MESSAGE][PASSED] - Object: 'Object Repository/Final Object Repo/New Registration - Registration Module Pages/New Reg - OTC to RO/Special Case - All Related Objects/Click Search' is clicked on

2018-12-06 22:56:16 - [TEST_STEP][PASSED] - delay: Delayed 2 second(s)

2018-12-06 22:56:18 - [MESSAGE][PASSED] - Delayed 2 second(s)

2018-12-06 22:56:18 - [TEST_STEP][PASSED] - click: Object: 'Object Repository/Final Object Repo/New Registration - Registration Module Pages/New Reg - OTC to RO/Special Case - All Related Objects/Click to Continue Workflow' is clicked on

2018-12-06 22:56:22 - [MESSAGE][PASSED] - Object: 'Object Repository/Final Object Repo/New Registration - Registration Module Pages/New Reg - OTC to RO/Special Case - All Related Objects/Click to Continue Workflow' is clicked on

2018-12-06 22:56:22 - [TEST_STEP][PASSED] - delay: Delayed 10 second(s)

2018-12-06 22:56:32 - [MESSAGE][PASSED] - Delayed 10 second(s)

2018-12-06 22:56:32 - [TEST_STEP][PASSED] - click: Object: 'Object Repository/Final Object Repo/New Registration - Registration Module Pages/New Reg - OTC to RO/Special Case - All Related Objects/Continue Button in verifying case' is clicked on

2018-12-06 22:56:36 - [MESSAGE][PASSED] - Object: 'Object Repository/Final Object Repo/New Registration - Registration Module Pages/New Reg - OTC to RO/Special Case - All Related Objects/Continue Button in verifying case' is clicked on

2018-12-06 22:56:36 - [TEST_STEP][PASSED] - delay: Delayed 2 second(s)

2018-12-06 22:56:38 - [MESSAGE][PASSED] - Delayed 2 second(s)

2018-12-06 22:56:38 - [TEST_STEP][PASSED] - click: Object: 'Object Repository/Final Object Repo/Page_Update Add New Employee - ASSIST/Save  Continue Button' is clicked on

2018-12-06 22:56:38 - [MESSAGE][PASSED] - Object: 'Object Repository/Final Object Repo/Page_Update Add New Employee - ASSIST/Save  Continue Button' is clicked on

2018-12-06 22:56:38 - [TEST_STEP][PASSED] - delay: Delayed 4 second(s)

2018-12-06 22:56:42 - [MESSAGE][PASSED] - Delayed 4 second(s)

2018-12-06 22:56:42 - [TEST_STEP][PASSED] - click: Object: 'Object Repository/Final Object Repo/Page_Update Add New Employee - ASSIST/Save  Continue Third Screen' is clicked on

2018-12-06 22:56:45 - [MESSAGE][PASSED] - Object: 'Object Repository/Final Object Repo/Page_Update Add New Employee - ASSIST/Save  Continue Third Screen' is clicked on

2018-12-06 22:56:45 - [TEST_STEP][PASSED] - delay: Delayed 4 second(s)

2018-12-06 22:56:49 - [MESSAGE][PASSED] - Delayed 4 second(s)

2018-12-06 22:56:49 - [TEST_STEP][PASSED] - click: Object: 'Object Repository/Final Object Repo/Page_Update Add New Employee - ASSIST/Save   Continue Supporting Doc Page' is clicked on

2018-12-06 22:56:49 - [MESSAGE][PASSED] - Object: 'Object Repository/Final Object Repo/Page_Update Add New Employee - ASSIST/Save   Continue Supporting Doc Page' is clicked on

2018-12-06 22:56:49 - [TEST_STEP][PASSED] - delay: Delayed 4 second(s)

2018-12-06 22:56:53 - [MESSAGE][PASSED] - Delayed 4 second(s)

2018-12-06 22:56:53 - [TEST_STEP][PASSED] - click: Object: 'Object Repository/Final Object Repo/Page_Update Add New Employee - ASSIST/Submit Button' is clicked on

2018-12-06 22:56:53 - [MESSAGE][PASSED] - Object: 'Object Repository/Final Object Repo/Page_Update Add New Employee - ASSIST/Submit Button' is clicked on

2018-12-06 22:56:53 - [TEST_STEP][PASSED] - delay: Delayed 4 second(s)

2018-12-06 22:56:57 - [MESSAGE][PASSED] - Delayed 4 second(s)

2018-12-06 22:56:57 - [TEST_STEP][PASSED] - click: Object: 'Object Repository/Final Object Repo/Page_Update Add New Employee - ASSIST/Confirm Submit Button' is clicked on

2018-12-06 22:56:58 - [MESSAGE][PASSED] - Object: 'Object Repository/Final Object Repo/Page_Update Add New Employee - ASSIST/Confirm Submit Button' is clicked on

2018-12-06 22:56:58 - [TEST_STEP][PASSED] - delay: Delayed 30 second(s)

2018-12-06 22:57:28 - [MESSAGE][PASSED] - Delayed 30 second(s)

2018-12-06 22:57:28 - [TEST_STEP][PASSED] - callTestCase: Call Test Case 'Test Cases/Final Aug 2018 - PKS Automation/Common/Screenshoting tool' successfully

2018-12-06 22:57:28 - [TEST_CASE][PASSED] - Test Cases/Final Aug 2018 - PKS Automation/Common/Screenshoting tool: Test Cases/Final Aug 2018 - PKS Automation/Common/Screenshoting tool

2018-12-06 22:57:28 - [TEST_STEP][PASSED] - delay: Delayed 15 second(s)

2018-12-06 22:57:43 - [MESSAGE][PASSED] - Delayed 15 second(s)

2018-12-06 22:57:43 - [TEST_STEP][PASSED] - Statement - driver = com.kms.katalon.core.webui.driver.DriverFactory.getWebDriver(): null

2018-12-06 22:57:43 - [TEST_STEP][PASSED] - Statement - driver.manage().timeouts().implicitlyWait(10, SECONDS): null

2018-12-06 22:57:43 - [TEST_STEP][PASSED] - Statement - PresavePath = KatalonScreenshots: null

2018-12-06 22:57:43 - [TEST_STEP][PASSED] - Statement - pathPrefix = "C:\Users\Public\Pictures\Sample Pictures\Katalon Screenshots\Automate Ending Screen": null

2018-12-06 22:57:43 - [TEST_STEP][PASSED] - Statement - finalPath = <not implemented yet for class: org.codehaus.groovy.ast.expr.EmptyExpression>: null

2018-12-06 22:57:43 - [TEST_STEP][PASSED] - Statement - scrFile = driver.getScreenshotAs(FILE): null

2018-12-06 22:57:43 - [TEST_STEP][PASSED] - Statement - PreSaveFile = new java.io.File(PresavePath): null

2018-12-06 22:57:43 - [TEST_STEP][PASSED] - Statement - counter = 0: null

2018-12-06 22:57:43 - [TEST_STEP][PASSED] - Statement - If (PreSaveFile.exists()): null

2018-12-06 22:57:43 - [TEST_STEP][PASSED] - Statement - While (PreSaveFile.exists()): null

2018-12-06 22:57:43 - [TEST_STEP][PASSED] - Statement - counter = counter + 1: null

2018-12-06 22:57:43 - [TEST_STEP][PASSED] - Statement - PreSaveFile = new java.io.File(((pathPrefix + java.lang.Integer.toString(counter)) + .png)): null

2018-12-06 22:57:43 - [TEST_STEP][PASSED] - Statement - counter = counter + 1: null

2018-12-06 22:57:43 - [TEST_STEP][PASSED] - Statement - PreSaveFile = new java.io.File(((pathPrefix + java.lang.Integer.toString(counter)) + .png)): null

2018-12-06 22:57:43 - [TEST_STEP][PASSED] - Statement - counter = counter + 1: null

2018-12-06 22:57:43 - [TEST_STEP][PASSED] - Statement - PreSaveFile = new java.io.File(((pathPrefix + java.lang.Integer.toString(counter)) + .png)): null

2018-12-06 22:57:43 - [TEST_STEP][PASSED] - Statement - counter = counter + 1: null

2018-12-06 22:57:43 - [TEST_STEP][PASSED] - Statement - PreSaveFile = new java.io.File(((pathPrefix + java.lang.Integer.toString(counter)) + .png)): null

2018-12-06 22:57:43 - [TEST_STEP][PASSED] - Statement - counter = counter + 1: null

2018-12-06 22:57:43 - [TEST_STEP][PASSED] - Statement - PreSaveFile = new java.io.File(((pathPrefix + java.lang.Integer.toString(counter)) + .png)): null

2018-12-06 22:57:43 - [TEST_STEP][PASSED] - Statement - counter = counter + 1: null

2018-12-06 22:57:43 - [TEST_STEP][PASSED] - Statement - PreSaveFile = new java.io.File(((pathPrefix + java.lang.Integer.toString(counter)) + .png)): null

2018-12-06 22:57:43 - [TEST_STEP][PASSED] - Statement - counter = counter + 1: null

2018-12-06 22:57:43 - [TEST_STEP][PASSED] - Statement - PreSaveFile = new java.io.File(((pathPrefix + java.lang.Integer.toString(counter)) + .png)): null

2018-12-06 22:57:43 - [TEST_STEP][PASSED] - Statement - counter = counter + 1: null

2018-12-06 22:57:43 - [TEST_STEP][PASSED] - Statement - PreSaveFile = new java.io.File(((pathPrefix + java.lang.Integer.toString(counter)) + .png)): null

2018-12-06 22:57:43 - [TEST_STEP][PASSED] - Statement - counter = counter + 1: null

2018-12-06 22:57:43 - [TEST_STEP][PASSED] - Statement - PreSaveFile = new java.io.File(((pathPrefix + java.lang.Integer.toString(counter)) + .png)): null

2018-12-06 22:57:43 - [TEST_STEP][PASSED] - Statement - counter = counter + 1: null

2018-12-06 22:57:43 - [TEST_STEP][PASSED] - Statement - PreSaveFile = new java.io.File(((pathPrefix + java.lang.Integer.toString(counter)) + .png)): null

2018-12-06 22:57:43 - [TEST_STEP][PASSED] - Statement - counter = counter + 1: null

2018-12-06 22:57:43 - [TEST_STEP][PASSED] - Statement - PreSaveFile = new java.io.File(((pathPrefix + java.lang.Integer.toString(counter)) + .png)): null

2018-12-06 22:57:43 - [TEST_STEP][PASSED] - Statement - counter = counter + 1: null

2018-12-06 22:57:43 - [TEST_STEP][PASSED] - Statement - PreSaveFile = new java.io.File(((pathPrefix + java.lang.Integer.toString(counter)) + .png)): null

2018-12-06 22:57:43 - [TEST_STEP][PASSED] - Statement - counter = counter + 1: null

2018-12-06 22:57:43 - [TEST_STEP][PASSED] - Statement - PreSaveFile = new java.io.File(((pathPrefix + java.lang.Integer.toString(counter)) + .png)): null

2018-12-06 22:57:43 - [TEST_STEP][PASSED] - Statement - counter = counter + 1: null

2018-12-06 22:57:43 - [TEST_STEP][PASSED] - Statement - PreSaveFile = new java.io.File(((pathPrefix + java.lang.Integer.toString(counter)) + .png)): null

2018-12-06 22:57:43 - [TEST_STEP][PASSED] - Statement - counter = counter + 1: null

2018-12-06 22:57:43 - [TEST_STEP][PASSED] - Statement - PreSaveFile = new java.io.File(((pathPrefix + java.lang.Integer.toString(counter)) + .png)): null

2018-12-06 22:57:43 - [TEST_STEP][PASSED] - Statement - counter = counter + 1: null

2018-12-06 22:57:43 - [TEST_STEP][PASSED] - Statement - PreSaveFile = new java.io.File(((pathPrefix + java.lang.Integer.toString(counter)) + .png)): null

2018-12-06 22:57:43 - [TEST_STEP][PASSED] - Statement - counter = counter + 1: null

2018-12-06 22:57:43 - [TEST_STEP][PASSED] - Statement - PreSaveFile = new java.io.File(((pathPrefix + java.lang.Integer.toString(counter)) + .png)): null

2018-12-06 22:57:43 - [TEST_STEP][PASSED] - Statement - counter = counter + 1: null

2018-12-06 22:57:43 - [TEST_STEP][PASSED] - Statement - PreSaveFile = new java.io.File(((pathPrefix + java.lang.Integer.toString(counter)) + .png)): null

2018-12-06 22:57:43 - [TEST_STEP][PASSED] - Statement - counter = counter + 1: null

2018-12-06 22:57:43 - [TEST_STEP][PASSED] - Statement - PreSaveFile = new java.io.File(((pathPrefix + java.lang.Integer.toString(counter)) + .png)): null

2018-12-06 22:57:43 - [TEST_STEP][PASSED] - Statement - counter = counter + 1: null

2018-12-06 22:57:43 - [TEST_STEP][PASSED] - Statement - PreSaveFile = new java.io.File(((pathPrefix + java.lang.Integer.toString(counter)) + .png)): null

2018-12-06 22:57:43 - [TEST_STEP][PASSED] - Statement - counter = counter + 1: null

2018-12-06 22:57:43 - [TEST_STEP][PASSED] - Statement - PreSaveFile = new java.io.File(((pathPrefix + java.lang.Integer.toString(counter)) + .png)): null

2018-12-06 22:57:43 - [TEST_STEP][PASSED] - Statement - counter = counter + 1: null

2018-12-06 22:57:43 - [TEST_STEP][PASSED] - Statement - PreSaveFile = new java.io.File(((pathPrefix + java.lang.Integer.toString(counter)) + .png)): null

2018-12-06 22:57:43 - [TEST_STEP][PASSED] - Statement - counter = counter + 1: null

2018-12-06 22:57:43 - [TEST_STEP][PASSED] - Statement - PreSaveFile = new java.io.File(((pathPrefix + java.lang.Integer.toString(counter)) + .png)): null

2018-12-06 22:57:43 - [TEST_STEP][PASSED] - Statement - counter = counter + 1: null

2018-12-06 22:57:43 - [TEST_STEP][PASSED] - Statement - PreSaveFile = new java.io.File(((pathPrefix + java.lang.Integer.toString(counter)) + .png)): null

2018-12-06 22:57:43 - [TEST_STEP][PASSED] - Statement - counter = counter + 1: null

2018-12-06 22:57:43 - [TEST_STEP][PASSED] - Statement - PreSaveFile = new java.io.File(((pathPrefix + java.lang.Integer.toString(counter)) + .png)): null

2018-12-06 22:57:43 - [TEST_STEP][PASSED] - Statement - counter = counter + 1: null

2018-12-06 22:57:43 - [TEST_STEP][PASSED] - Statement - PreSaveFile = new java.io.File(((pathPrefix + java.lang.Integer.toString(counter)) + .png)): null

2018-12-06 22:57:43 - [TEST_STEP][PASSED] - Statement - counter = counter + 1: null

2018-12-06 22:57:43 - [TEST_STEP][PASSED] - Statement - PreSaveFile = new java.io.File(((pathPrefix + java.lang.Integer.toString(counter)) + .png)): null

2018-12-06 22:57:43 - [TEST_STEP][PASSED] - Statement - counter = counter + 1: null

2018-12-06 22:57:43 - [TEST_STEP][PASSED] - Statement - PreSaveFile = new java.io.File(((pathPrefix + java.lang.Integer.toString(counter)) + .png)): null

2018-12-06 22:57:43 - [TEST_STEP][PASSED] - Statement - counter = counter + 1: null

2018-12-06 22:57:43 - [TEST_STEP][PASSED] - Statement - PreSaveFile = new java.io.File(((pathPrefix + java.lang.Integer.toString(counter)) + .png)): null

2018-12-06 22:57:43 - [TEST_STEP][PASSED] - Statement - counter = counter + 1: null

2018-12-06 22:57:43 - [TEST_STEP][PASSED] - Statement - PreSaveFile = new java.io.File(((pathPrefix + java.lang.Integer.toString(counter)) + .png)): null

2018-12-06 22:57:43 - [TEST_STEP][PASSED] - Statement - counter = counter + 1: null

2018-12-06 22:57:43 - [TEST_STEP][PASSED] - Statement - PreSaveFile = new java.io.File(((pathPrefix + java.lang.Integer.toString(counter)) + .png)): null

2018-12-06 22:57:43 - [TEST_STEP][PASSED] - Statement - counter = counter + 1: null

2018-12-06 22:57:43 - [TEST_STEP][PASSED] - Statement - PreSaveFile = new java.io.File(((pathPrefix + java.lang.Integer.toString(counter)) + .png)): null

2018-12-06 22:57:43 - [TEST_STEP][PASSED] - Statement - counter = counter + 1: null

2018-12-06 22:57:43 - [TEST_STEP][PASSED] - Statement - PreSaveFile = new java.io.File(((pathPrefix + java.lang.Integer.toString(counter)) + .png)): null

2018-12-06 22:57:43 - [TEST_STEP][PASSED] - Statement - counter = counter + 1: null

2018-12-06 22:57:43 - [TEST_STEP][PASSED] - Statement - PreSaveFile = new java.io.File(((pathPrefix + java.lang.Integer.toString(counter)) + .png)): null

2018-12-06 22:57:43 - [TEST_STEP][PASSED] - Statement - counter = counter + 1: null

2018-12-06 22:57:43 - [TEST_STEP][PASSED] - Statement - PreSaveFile = new java.io.File(((pathPrefix + java.lang.Integer.toString(counter)) + .png)): null

2018-12-06 22:57:43 - [TEST_STEP][PASSED] - Statement - counter = counter + 1: null

2018-12-06 22:57:43 - [TEST_STEP][PASSED] - Statement - PreSaveFile = new java.io.File(((pathPrefix + java.lang.Integer.toString(counter)) + .png)): null

2018-12-06 22:57:43 - [TEST_STEP][PASSED] - Statement - counter = counter + 1: null

2018-12-06 22:57:43 - [TEST_STEP][PASSED] - Statement - PreSaveFile = new java.io.File(((pathPrefix + java.lang.Integer.toString(counter)) + .png)): null

2018-12-06 22:57:43 - [TEST_STEP][PASSED] - Statement - counter = counter + 1: null

2018-12-06 22:57:43 - [TEST_STEP][PASSED] - Statement - PreSaveFile = new java.io.File(((pathPrefix + java.lang.Integer.toString(counter)) + .png)): null

2018-12-06 22:57:43 - [TEST_STEP][PASSED] - Statement - counter = counter + 1: null

2018-12-06 22:57:43 - [TEST_STEP][PASSED] - Statement - PreSaveFile = new java.io.File(((pathPrefix + java.lang.Integer.toString(counter)) + .png)): null

2018-12-06 22:57:43 - [TEST_STEP][PASSED] - Statement - counter = counter + 1: null

2018-12-06 22:57:43 - [TEST_STEP][PASSED] - Statement - PreSaveFile = new java.io.File(((pathPrefix + java.lang.Integer.toString(counter)) + .png)): null

2018-12-06 22:57:43 - [TEST_STEP][PASSED] - Statement - counter = counter + 1: null

2018-12-06 22:57:43 - [TEST_STEP][PASSED] - Statement - PreSaveFile = new java.io.File(((pathPrefix + java.lang.Integer.toString(counter)) + .png)): null

2018-12-06 22:57:43 - [TEST_STEP][PASSED] - Statement - counter = counter + 1: null

2018-12-06 22:57:43 - [TEST_STEP][PASSED] - Statement - PreSaveFile = new java.io.File(((pathPrefix + java.lang.Integer.toString(counter)) + .png)): null

2018-12-06 22:57:43 - [TEST_STEP][PASSED] - Statement - counter = counter + 1: null

2018-12-06 22:57:43 - [TEST_STEP][PASSED] - Statement - PreSaveFile = new java.io.File(((pathPrefix + java.lang.Integer.toString(counter)) + .png)): null

2018-12-06 22:57:43 - [TEST_STEP][PASSED] - Statement - counter = counter + 1: null

2018-12-06 22:57:43 - [TEST_STEP][PASSED] - Statement - PreSaveFile = new java.io.File(((pathPrefix + java.lang.Integer.toString(counter)) + .png)): null

2018-12-06 22:57:43 - [TEST_STEP][PASSED] - Statement - counter = counter + 1: null

2018-12-06 22:57:43 - [TEST_STEP][PASSED] - Statement - PreSaveFile = new java.io.File(((pathPrefix + java.lang.Integer.toString(counter)) + .png)): null

2018-12-06 22:57:43 - [TEST_STEP][PASSED] - Statement - counter = counter + 1: null

2018-12-06 22:57:43 - [TEST_STEP][PASSED] - Statement - PreSaveFile = new java.io.File(((pathPrefix + java.lang.Integer.toString(counter)) + .png)): null

2018-12-06 22:57:43 - [TEST_STEP][PASSED] - Statement - counter = counter + 1: null

2018-12-06 22:57:43 - [TEST_STEP][PASSED] - Statement - PreSaveFile = new java.io.File(((pathPrefix + java.lang.Integer.toString(counter)) + .png)): null

2018-12-06 22:57:43 - [TEST_STEP][PASSED] - Statement - finalPath = pathPrefix + java.lang.Integer.toString(counter) + ".png": null

2018-12-06 22:57:43 - [TEST_STEP][PASSED] - Statement - SaveFile = new java.io.File(finalPath): null

2018-12-06 22:57:43 - [TEST_STEP][PASSED] - Statement - Try: null

2018-12-06 22:57:43 - [TEST_STEP][PASSED] - Statement - org.apache.commons.io.FileUtils.copyFile(scrFile, SaveFile): null

2018-12-06 22:57:43 - [TEST_STEP][PASSED] - Statement - out.println("file kept"): null

2018-12-06 22:57:43 - [TEST_STEP][PASSED] - delay: Delayed 10 second(s)

2018-12-06 22:57:53 - [MESSAGE][PASSED] - Delayed 10 second(s)

2018-12-06 22:57:53 - [MESSAGE][PASSED] - Call Test Case 'Test Cases/Final Aug 2018 - PKS Automation/Common/Screenshoting tool' successfully]]></system-out>
         <system-err><![CDATA[2018-12-06 22:44:32 - [TEST_CASE][FAILED] - Test Cases/Final Aug 2018 - PKS Automation/Registration Module/Workflow/Update Add New Employee/Special Case (Employer - RO Approve): Test Cases/Final Aug 2018 - PKS Automation/Registration Module/Workflow/Update Add New Employee/Special Case (Employer - RO Approve) FAILED because (of) (Stack trace: com.kms.katalon.core.exception.StepFailedException: Unable to set text 'CAN12201800002266' of object 'Object Repository/Final Object Repo/New Registration - Registration Module Pages/New Reg - OTC to RO/Special Case - All Related Objects/TextBox RefNo in Workbasket' (Root cause: org.openqa.selenium.ElementNotVisibleException: element not interactable
  (Session info: chrome=70.0.3538.110)
  (Driver info: chromedriver=2.43.600210 (68dcf5eebde37173d4027fa8635e332711d2874a),platform=Windows NT 6.1.7601 SP1 x86_64) (WARNING: The server did not provide any stacktrace information)
Command duration or timeout: 0 milliseconds
Build info: version: '3.7.1', revision: '8a0099a', time: '2017-11-06T21:07:36.161Z'
System info: host: 'WIN7TEST02', ip: '10.20.3.72', os.name: 'Windows 7', os.arch: 'amd64', os.version: '6.1', java.version: '1.8.0_181'
Driver info: com.kms.katalon.selenium.driver.CChromeDriver
Capabilities {acceptInsecureCerts: false, acceptSslCerts: false, applicationCacheEnabled: false, browserConnectionEnabled: false, browserName: chrome, chrome: {chromedriverVersion: 2.43.600210 (68dcf5eebde371..., userDataDir: C:\Users\Admin\AppData\Loca...}, cssSelectorsEnabled: true, databaseEnabled: false, goog:chromeOptions: {debuggerAddress: localhost:61711}, handlesAlerts: true, hasTouchScreen: false, javascriptEnabled: true, locationContextEnabled: true, mobileEmulationEnabled: false, nativeEvents: true, networkConnectionEnabled: false, pageLoadStrategy: normal, platform: XP, platformName: XP, rotatable: false, setWindowRect: true, takesHeapSnapshot: true, takesScreenshot: true, unexpectedAlertBehaviour: , unhandledPromptBehavior: , version: 70.0.3538.110, webStorageEnabled: true}
Session ID: 3067bd26aa389b6fb473e6ec5fc6f2b7)
	at com.kms.katalon.core.keyword.internal.KeywordMain.stepFailed(KeywordMain.groovy:32)
	at com.kms.katalon.core.webui.keyword.internal.WebUIKeywordMain.stepFailed(WebUIKeywordMain.groovy:65)
	at com.kms.katalon.core.webui.keyword.internal.WebUIKeywordMain.runKeyword(WebUIKeywordMain.groovy:27)
	at com.kms.katalon.core.webui.keyword.builtin.SetTextKeyword.setText(SetTextKeyword.groovy:65)
	at com.kms.katalon.core.webui.keyword.builtin.SetTextKeyword.execute(SetTextKeyword.groovy:37)
	at com.kms.katalon.core.keyword.internal.KeywordExecutor.executeKeywordForPlatform(KeywordExecutor.groovy:53)
	at com.kms.katalon.core.webui.keyword.WebUiBuiltInKeywords.setText(WebUiBuiltInKeywords.groovy:950)
	at com.kms.katalon.core.webui.keyword.WebUiBuiltInKeywords$setText$1.call(Unknown Source)
	at org.codehaus.groovy.runtime.callsite.CallSiteArray.defaultCall(CallSiteArray.java:48)
	at org.codehaus.groovy.runtime.callsite.AbstractCallSite.call(AbstractCallSite.java:113)
	at org.codehaus.groovy.runtime.callsite.AbstractCallSite.call(AbstractCallSite.java:133)
	at Script1537255642276.run(Script1537255642276.groovy:157)
	at com.kms.katalon.core.main.ScriptEngine.run(ScriptEngine.java:183)
	at com.kms.katalon.core.main.ScriptEngine.runScriptAsRawText(ScriptEngine.java:108)
	at com.kms.katalon.core.main.TestCaseExecutor.runScript(TestCaseExecutor.java:294)
	at com.kms.katalon.core.main.TestCaseExecutor.doExecute(TestCaseExecutor.java:285)
	at com.kms.katalon.core.main.TestCaseExecutor.processExecutionPhase(TestCaseExecutor.java:264)
	at com.kms.katalon.core.main.TestCaseExecutor.accessMainPhase(TestCaseExecutor.java:256)
	at com.kms.katalon.core.main.TestCaseExecutor.execute(TestCaseExecutor.java:200)
	at com.kms.katalon.core.main.TestSuiteExecutor.accessTestCaseMainPhase(TestSuiteExecutor.java:129)
	at com.kms.katalon.core.main.TestSuiteExecutor.accessTestSuiteMainPhase(TestSuiteExecutor.java:112)
	at com.kms.katalon.core.main.TestSuiteExecutor.execute(TestSuiteExecutor.java:81)
	at com.kms.katalon.core.main.TestCaseMain.startTestSuite(TestCaseMain.java:142)
	at com.kms.katalon.core.main.TestCaseMain$startTestSuite$0.call(Unknown Source)
	at org.codehaus.groovy.runtime.callsite.CallSiteArray.defaultCall(CallSiteArray.java:48)
	at org.codehaus.groovy.runtime.callsite.AbstractCallSite.call(AbstractCallSite.java:113)
	at org.codehaus.groovy.runtime.callsite.AbstractCallSite.call(AbstractCallSite.java:141)
	at TempTestSuite1544087655094.run(TempTestSuite1544087655094.groovy:36)
	at groovy.lang.GroovyShell.runScriptOrMainOrTestOrRunnable(GroovyShell.java:263)
	at groovy.lang.GroovyShell.run(GroovyShell.java:518)
	at groovy.lang.GroovyShell.run(GroovyShell.java:507)
	at groovy.ui.GroovyMain.processOnce(GroovyMain.java:653)
	at groovy.ui.GroovyMain.run(GroovyMain.java:384)
	at groovy.ui.GroovyMain.process(GroovyMain.java:370)
	at groovy.ui.GroovyMain.processArgs(GroovyMain.java:129)
	at groovy.ui.GroovyMain.main(GroovyMain.java:109)
	at sun.reflect.NativeMethodAccessorImpl.invoke0(Native Method)
	at sun.reflect.NativeMethodAccessorImpl.invoke(NativeMethodAccessorImpl.java:62)
	at sun.reflect.DelegatingMethodAccessorImpl.invoke(DelegatingMethodAccessorImpl.java:43)
	at java.lang.reflect.Method.invoke(Method.java:498)
	at org.codehaus.groovy.tools.GroovyStarter.rootLoader(GroovyStarter.java:109)
	at org.codehaus.groovy.tools.GroovyStarter.main(GroovyStarter.java:131)
)]]></system-err>
      </testcase>
      <testcase name="Test Cases/Final Aug 2018 - PKS Automation/Registration Module/Workflow/Update Add New Employee/Special Case (Employer - RO Query - OTC Upload Pending Case - RO Approve)" classname="Test Cases/Final Aug 2018 - PKS Automation/Registration Module/Workflow/Update Add New Employee/Special Case (Employer - RO Query - OTC Upload Pending Case - RO Approve)" status="FAILED">
         <failure type="FAILED" message="(Stack trace: com.kms.katalon.core.exception.StepFailedException: Unable to set text 'CAN12201800002267' of object 'Object Repository/Final Object Repo/New Registration - Registration Module Pages/New Reg - OTC to RO/Special Case - All Related Objects/TextBox RefNo in Workbasket' (Root cause: org.openqa.selenium.ElementNotVisibleException: element not interactable
  (Session info: chrome=70.0.3538.110)
  (Driver info: chromedriver=2.43.600210 (68dcf5eebde37173d4027fa8635e332711d2874a),platform=Windows NT 6.1.7601 SP1 x86_64) (WARNING: The server did not provide any stacktrace information)
Command duration or timeout: 0 milliseconds
Build info: version: '3.7.1', revision: '8a0099a', time: '2017-11-06T21:07:36.161Z'
System info: host: 'WIN7TEST02', ip: '10.20.3.72', os.name: 'Windows 7', os.arch: 'amd64', os.version: '6.1', java.version: '1.8.0_181'
Driver info: com.kms.katalon.selenium.driver.CChromeDriver
Capabilities {acceptInsecureCerts: false, acceptSslCerts: false, applicationCacheEnabled: false, browserConnectionEnabled: false, browserName: chrome, chrome: {chromedriverVersion: 2.43.600210 (68dcf5eebde371..., userDataDir: C:\Users\Admin\AppData\Loca...}, cssSelectorsEnabled: true, databaseEnabled: false, goog:chromeOptions: {debuggerAddress: localhost:61958}, handlesAlerts: true, hasTouchScreen: false, javascriptEnabled: true, locationContextEnabled: true, mobileEmulationEnabled: false, nativeEvents: true, networkConnectionEnabled: false, pageLoadStrategy: normal, platform: XP, platformName: XP, rotatable: false, setWindowRect: true, takesHeapSnapshot: true, takesScreenshot: true, unexpectedAlertBehaviour: , unhandledPromptBehavior: , version: 70.0.3538.110, webStorageEnabled: true}
Session ID: 8f0cddcc1078fab4b5eaa33f4d4dadca)
	at com.kms.katalon.core.keyword.internal.KeywordMain.stepFailed(KeywordMain.groovy:32)
	at com.kms.katalon.core.webui.keyword.internal.WebUIKeywordMain.stepFailed(WebUIKeywordMain.groovy:65)
	at com.kms.katalon.core.webui.keyword.internal.WebUIKeywordMain.runKeyword(WebUIKeywordMain.groovy:27)
	at com.kms.katalon.core.webui.keyword.builtin.SetTextKeyword.setText(SetTextKeyword.groovy:65)
	at com.kms.katalon.core.webui.keyword.builtin.SetTextKeyword.execute(SetTextKeyword.groovy:37)
	at com.kms.katalon.core.keyword.internal.KeywordExecutor.executeKeywordForPlatform(KeywordExecutor.groovy:53)
	at com.kms.katalon.core.webui.keyword.WebUiBuiltInKeywords.setText(WebUiBuiltInKeywords.groovy:950)
	at com.kms.katalon.core.webui.keyword.WebUiBuiltInKeywords$setText$1.call(Unknown Source)
	at org.codehaus.groovy.runtime.callsite.CallSiteArray.defaultCall(CallSiteArray.java:48)
	at org.codehaus.groovy.runtime.callsite.AbstractCallSite.call(AbstractCallSite.java:113)
	at org.codehaus.groovy.runtime.callsite.AbstractCallSite.call(AbstractCallSite.java:133)
	at Script1537330388665.run(Script1537330388665.groovy:159)
	at com.kms.katalon.core.main.ScriptEngine.run(ScriptEngine.java:183)
	at com.kms.katalon.core.main.ScriptEngine.runScriptAsRawText(ScriptEngine.java:108)
	at com.kms.katalon.core.main.TestCaseExecutor.runScript(TestCaseExecutor.java:294)
	at com.kms.katalon.core.main.TestCaseExecutor.doExecute(TestCaseExecutor.java:285)
	at com.kms.katalon.core.main.TestCaseExecutor.processExecutionPhase(TestCaseExecutor.java:264)
	at com.kms.katalon.core.main.TestCaseExecutor.accessMainPhase(TestCaseExecutor.java:256)
	at com.kms.katalon.core.main.TestCaseExecutor.execute(TestCaseExecutor.java:200)
	at com.kms.katalon.core.main.TestSuiteExecutor.accessTestCaseMainPhase(TestSuiteExecutor.java:129)
	at com.kms.katalon.core.main.TestSuiteExecutor.accessTestSuiteMainPhase(TestSuiteExecutor.java:112)
	at com.kms.katalon.core.main.TestSuiteExecutor.execute(TestSuiteExecutor.java:81)
	at com.kms.katalon.core.main.TestCaseMain.startTestSuite(TestCaseMain.java:142)
	at com.kms.katalon.core.main.TestCaseMain$startTestSuite$0.call(Unknown Source)
	at org.codehaus.groovy.runtime.callsite.CallSiteArray.defaultCall(CallSiteArray.java:48)
	at org.codehaus.groovy.runtime.callsite.AbstractCallSite.call(AbstractCallSite.java:113)
	at org.codehaus.groovy.runtime.callsite.AbstractCallSite.call(AbstractCallSite.java:141)
	at TempTestSuite1544087655094.run(TempTestSuite1544087655094.groovy:36)
	at groovy.lang.GroovyShell.runScriptOrMainOrTestOrRunnable(GroovyShell.java:263)
	at groovy.lang.GroovyShell.run(GroovyShell.java:518)
	at groovy.lang.GroovyShell.run(GroovyShell.java:507)
	at groovy.ui.GroovyMain.processOnce(GroovyMain.java:653)
	at groovy.ui.GroovyMain.run(GroovyMain.java:384)
	at groovy.ui.GroovyMain.process(GroovyMain.java:370)
	at groovy.ui.GroovyMain.processArgs(GroovyMain.java:129)
	at groovy.ui.GroovyMain.main(GroovyMain.java:109)
	at sun.reflect.NativeMethodAccessorImpl.invoke0(Native Method)
	at sun.reflect.NativeMethodAccessorImpl.invoke(NativeMethodAccessorImpl.java:62)
	at sun.reflect.DelegatingMethodAccessorImpl.invoke(DelegatingMethodAccessorImpl.java:43)
	at java.lang.reflect.Method.invoke(Method.java:498)
	at org.codehaus.groovy.tools.GroovyStarter.rootLoader(GroovyStarter.java:109)
	at org.codehaus.groovy.tools.GroovyStarter.main(GroovyStarter.java:131)
)"/>
         <system-out><![CDATA[2018-12-06 22:57:53 - [TEST_CASE][FAILED] - Test Cases/Final Aug 2018 - PKS Automation/Registration Module/Workflow/Update Add New Employee/Special Case (Employer - RO Query - OTC Upload Pending Case - RO Approve): Test Cases/Final Aug 2018 - PKS Automation/Registration Module/Workflow/Update Add New Employee/Special Case (Employer - RO Query - OTC Upload Pending Case - RO Approve) FAILED because (of) (Stack trace: com.kms.katalon.core.exception.StepFailedException: Unable to set text 'CAN12201800002267' of object 'Object Repository/Final Object Repo/New Registration - Registration Module Pages/New Reg - OTC to RO/Special Case - All Related Objects/TextBox RefNo in Workbasket' (Root cause: org.openqa.selenium.ElementNotVisibleException: element not interactable
  (Session info: chrome=70.0.3538.110)
  (Driver info: chromedriver=2.43.600210 (68dcf5eebde37173d4027fa8635e332711d2874a),platform=Windows NT 6.1.7601 SP1 x86_64) (WARNING: The server did not provide any stacktrace information)
Command duration or timeout: 0 milliseconds
Build info: version: '3.7.1', revision: '8a0099a', time: '2017-11-06T21:07:36.161Z'
System info: host: 'WIN7TEST02', ip: '10.20.3.72', os.name: 'Windows 7', os.arch: 'amd64', os.version: '6.1', java.version: '1.8.0_181'
Driver info: com.kms.katalon.selenium.driver.CChromeDriver
Capabilities {acceptInsecureCerts: false, acceptSslCerts: false, applicationCacheEnabled: false, browserConnectionEnabled: false, browserName: chrome, chrome: {chromedriverVersion: 2.43.600210 (68dcf5eebde371..., userDataDir: C:\Users\Admin\AppData\Loca...}, cssSelectorsEnabled: true, databaseEnabled: false, goog:chromeOptions: {debuggerAddress: localhost:61958}, handlesAlerts: true, hasTouchScreen: false, javascriptEnabled: true, locationContextEnabled: true, mobileEmulationEnabled: false, nativeEvents: true, networkConnectionEnabled: false, pageLoadStrategy: normal, platform: XP, platformName: XP, rotatable: false, setWindowRect: true, takesHeapSnapshot: true, takesScreenshot: true, unexpectedAlertBehaviour: , unhandledPromptBehavior: , version: 70.0.3538.110, webStorageEnabled: true}
Session ID: 8f0cddcc1078fab4b5eaa33f4d4dadca)
	at com.kms.katalon.core.keyword.internal.KeywordMain.stepFailed(KeywordMain.groovy:32)
	at com.kms.katalon.core.webui.keyword.internal.WebUIKeywordMain.stepFailed(WebUIKeywordMain.groovy:65)
	at com.kms.katalon.core.webui.keyword.internal.WebUIKeywordMain.runKeyword(WebUIKeywordMain.groovy:27)
	at com.kms.katalon.core.webui.keyword.builtin.SetTextKeyword.setText(SetTextKeyword.groovy:65)
	at com.kms.katalon.core.webui.keyword.builtin.SetTextKeyword.execute(SetTextKeyword.groovy:37)
	at com.kms.katalon.core.keyword.internal.KeywordExecutor.executeKeywordForPlatform(KeywordExecutor.groovy:53)
	at com.kms.katalon.core.webui.keyword.WebUiBuiltInKeywords.setText(WebUiBuiltInKeywords.groovy:950)
	at com.kms.katalon.core.webui.keyword.WebUiBuiltInKeywords$setText$1.call(Unknown Source)
	at org.codehaus.groovy.runtime.callsite.CallSiteArray.defaultCall(CallSiteArray.java:48)
	at org.codehaus.groovy.runtime.callsite.AbstractCallSite.call(AbstractCallSite.java:113)
	at org.codehaus.groovy.runtime.callsite.AbstractCallSite.call(AbstractCallSite.java:133)
	at Script1537330388665.run(Script1537330388665.groovy:159)
	at com.kms.katalon.core.main.ScriptEngine.run(ScriptEngine.java:183)
	at com.kms.katalon.core.main.ScriptEngine.runScriptAsRawText(ScriptEngine.java:108)
	at com.kms.katalon.core.main.TestCaseExecutor.runScript(TestCaseExecutor.java:294)
	at com.kms.katalon.core.main.TestCaseExecutor.doExecute(TestCaseExecutor.java:285)
	at com.kms.katalon.core.main.TestCaseExecutor.processExecutionPhase(TestCaseExecutor.java:264)
	at com.kms.katalon.core.main.TestCaseExecutor.accessMainPhase(TestCaseExecutor.java:256)
	at com.kms.katalon.core.main.TestCaseExecutor.execute(TestCaseExecutor.java:200)
	at com.kms.katalon.core.main.TestSuiteExecutor.accessTestCaseMainPhase(TestSuiteExecutor.java:129)
	at com.kms.katalon.core.main.TestSuiteExecutor.accessTestSuiteMainPhase(TestSuiteExecutor.java:112)
	at com.kms.katalon.core.main.TestSuiteExecutor.execute(TestSuiteExecutor.java:81)
	at com.kms.katalon.core.main.TestCaseMain.startTestSuite(TestCaseMain.java:142)
	at com.kms.katalon.core.main.TestCaseMain$startTestSuite$0.call(Unknown Source)
	at org.codehaus.groovy.runtime.callsite.CallSiteArray.defaultCall(CallSiteArray.java:48)
	at org.codehaus.groovy.runtime.callsite.AbstractCallSite.call(AbstractCallSite.java:113)
	at org.codehaus.groovy.runtime.callsite.AbstractCallSite.call(AbstractCallSite.java:141)
	at TempTestSuite1544087655094.run(TempTestSuite1544087655094.groovy:36)
	at groovy.lang.GroovyShell.runScriptOrMainOrTestOrRunnable(GroovyShell.java:263)
	at groovy.lang.GroovyShell.run(GroovyShell.java:518)
	at groovy.lang.GroovyShell.run(GroovyShell.java:507)
	at groovy.ui.GroovyMain.processOnce(GroovyMain.java:653)
	at groovy.ui.GroovyMain.run(GroovyMain.java:384)
	at groovy.ui.GroovyMain.process(GroovyMain.java:370)
	at groovy.ui.GroovyMain.processArgs(GroovyMain.java:129)
	at groovy.ui.GroovyMain.main(GroovyMain.java:109)
	at sun.reflect.NativeMethodAccessorImpl.invoke0(Native Method)
	at sun.reflect.NativeMethodAccessorImpl.invoke(NativeMethodAccessorImpl.java:62)
	at sun.reflect.DelegatingMethodAccessorImpl.invoke(DelegatingMethodAccessorImpl.java:43)
	at java.lang.reflect.Method.invoke(Method.java:498)
	at org.codehaus.groovy.tools.GroovyStarter.rootLoader(GroovyStarter.java:109)
	at org.codehaus.groovy.tools.GroovyStarter.main(GroovyStarter.java:131)
)

2018-12-06 22:57:53 - [TEST_STEP][PASSED] - callTestCase: Call Test Case 'Test Cases/Final Aug 2018 - PKS Automation/Registration Module/Workflow/Update Add New Employee/Template/New Company for Update Add New - Employer' successfully

2018-12-06 22:57:53 - [TEST_CASE][PASSED] - Test Cases/Final Aug 2018 - PKS Automation/Registration Module/Workflow/Update Add New Employee/Template/New Company for Update Add New - Employer: Test Cases/Final Aug 2018 - PKS Automation/Registration Module/Workflow/Update Add New Employee/Template/New Company for Update Add New - Employer

2018-12-06 22:57:54 - [TEST_STEP][PASSED] - callTestCase: Call Test Case 'Test Cases/Final Aug 2018 - PKS Automation/Create Employer Acc/Create Employer Account' successfully

2018-12-06 22:57:54 - [TEST_CASE][PASSED] - Test Cases/Final Aug 2018 - PKS Automation/Create Employer Acc/Create Employer Account: Test Cases/Final Aug 2018 - PKS Automation/Create Employer Acc/Create Employer Account

2018-12-06 22:57:54 - [TEST_STEP][PASSED] - callTestCase: Call Test Case 'Test Cases/Final Aug 2018 - PKS Automation/Create Employer Acc/Template/Register Employer' successfully

2018-12-06 22:57:54 - [TEST_CASE][PASSED] - Test Cases/Final Aug 2018 - PKS Automation/Create Employer Acc/Template/Register Employer: Test Cases/Final Aug 2018 - PKS Automation/Create Employer Acc/Template/Register Employer

2018-12-06 22:57:54 - [TEST_STEP][PASSED] - openBrowser: Browser is opened with url: ''

2018-12-06 22:57:54 - [MESSAGE][WARNING] - A browser is already opened. Closing browser and opening a new one

2018-12-06 22:57:58 - [MESSAGE][PASSED] - Browser is opened with url: ''

2018-12-06 22:57:58 - [TEST_STEP][PASSED] - navigateToUrl: Navigate to 'https://assist2-uat.perkeso.gov.my/login' successfully

2018-12-06 22:57:59 - [MESSAGE][PASSED] - Navigate to 'https://assist2-uat.perkeso.gov.my/login' successfully

2018-12-06 22:57:59 - [TEST_STEP][PASSED] - setText: Text 'johorotc1@gmail.com' is set on object 'Object Repository/Final Object Repo/Login Page/Internal User/Email Address'

2018-12-06 22:57:59 - [MESSAGE][PASSED] - Text 'johorotc1@gmail.com' is set on object 'Object Repository/Final Object Repo/Login Page/Internal User/Email Address'

2018-12-06 22:57:59 - [TEST_STEP][PASSED] - click: Object: 'Object Repository/Final Object Repo/Login Page/Internal User/Next Button' is clicked on

2018-12-06 22:57:59 - [MESSAGE][PASSED] - Object: 'Object Repository/Final Object Repo/Login Page/Internal User/Next Button' is clicked on

2018-12-06 22:57:59 - [TEST_STEP][PASSED] - delay: Delayed 1 second(s)

2018-12-06 22:58:00 - [MESSAGE][PASSED] - Delayed 1 second(s)

2018-12-06 22:58:00 - [TEST_STEP][PASSED] - setEncryptedText: Text ****** has been set on object 'Object Repository/Final Object Repo/Login Page/Internal User/Password'

2018-12-06 22:58:00 - [MESSAGE][PASSED] - Text ****** has been set on object 'Object Repository/Final Object Repo/Login Page/Internal User/Password'

2018-12-06 22:58:00 - [TEST_STEP][PASSED] - click: Object: 'Object Repository/Final Object Repo/Login Page/Internal User/Login Button' is clicked on

2018-12-06 22:58:01 - [MESSAGE][PASSED] - Object: 'Object Repository/Final Object Repo/Login Page/Internal User/Login Button' is clicked on

2018-12-06 22:58:01 - [TEST_STEP][PASSED] - delay: Delayed 1 second(s)

2018-12-06 22:58:02 - [MESSAGE][PASSED] - Delayed 1 second(s)

2018-12-06 22:58:02 - [TEST_STEP][PASSED] - navigateToUrl: Navigate to 'https://assist2-uat.perkeso.gov.my/web/base/portal-id/registration' successfully

2018-12-06 22:58:04 - [MESSAGE][PASSED] - Navigate to 'https://assist2-uat.perkeso.gov.my/web/base/portal-id/registration' successfully

2018-12-06 22:58:04 - [TEST_STEP][PASSED] - setText: Text 'AUTOMATION EMPLOYER' is set on object 'Object Repository/Final Object Repo/Creating Employer Account/Page_Registration - ASSIST (Base)/Employer Name'

2018-12-06 22:58:04 - [MESSAGE][PASSED] - Text 'AUTOMATION EMPLOYER' is set on object 'Object Repository/Final Object Repo/Creating Employer Account/Page_Registration - ASSIST (Base)/Employer Name'

2018-12-06 22:58:04 - [TEST_STEP][PASSED] - delay: Delayed 2 second(s)

2018-12-06 22:58:06 - [MESSAGE][PASSED] - Delayed 2 second(s)

2018-12-06 22:58:06 - [TEST_STEP][PASSED] - click: Object: 'Object Repository/Final Object Repo/Creating Employer Account/Page_Registration - ASSIST (Base)/Registration Type' is clicked on

2018-12-06 22:58:06 - [MESSAGE][PASSED] - Object: 'Object Repository/Final Object Repo/Creating Employer Account/Page_Registration - ASSIST (Base)/Registration Type' is clicked on

2018-12-06 22:58:06 - [TEST_STEP][PASSED] - delay: Delayed 2 second(s)

2018-12-06 22:58:08 - [MESSAGE][PASSED] - Delayed 2 second(s)

2018-12-06 22:58:08 - [TEST_STEP][PASSED] - click: Object: 'Object Repository/Final Object Repo/Creating Employer Account/Page_Registration - ASSIST (Base)/Registration Type - Registration No' is clicked on

2018-12-06 22:58:09 - [MESSAGE][PASSED] - Object: 'Object Repository/Final Object Repo/Creating Employer Account/Page_Registration - ASSIST (Base)/Registration Type - Registration No' is clicked on

2018-12-06 22:58:09 - [TEST_STEP][PASSED] - delay: Delayed 2 second(s)

2018-12-06 22:58:11 - [MESSAGE][PASSED] - Delayed 2 second(s)

2018-12-06 22:58:11 - [TEST_STEP][PASSED] - setText: Text '1234567890' is set on object 'Object Repository/Final Object Repo/Creating Employer Account/Page_Registration - ASSIST (Base)/Registration Number'

2018-12-06 22:58:11 - [MESSAGE][PASSED] - Text '1234567890' is set on object 'Object Repository/Final Object Repo/Creating Employer Account/Page_Registration - ASSIST (Base)/Registration Number'

2018-12-06 22:58:11 - [TEST_STEP][PASSED] - delay: Delayed 2 second(s)

2018-12-06 22:58:13 - [MESSAGE][PASSED] - Delayed 2 second(s)

2018-12-06 22:58:13 - [TEST_STEP][PASSED] - setText: Text 'ADDRESS 1' is set on object 'Object Repository/Final Object Repo/Creating Employer Account/Page_Registration - ASSIST (Base)/Postal Address 1'

2018-12-06 22:58:13 - [MESSAGE][PASSED] - Text 'ADDRESS 1' is set on object 'Object Repository/Final Object Repo/Creating Employer Account/Page_Registration - ASSIST (Base)/Postal Address 1'

2018-12-06 22:58:13 - [TEST_STEP][PASSED] - setText: Text 'ADDRESS 2' is set on object 'Object Repository/Final Object Repo/Creating Employer Account/Page_Registration - ASSIST (Base)/Postal Address 2'

2018-12-06 22:58:13 - [MESSAGE][PASSED] - Text 'ADDRESS 2' is set on object 'Object Repository/Final Object Repo/Creating Employer Account/Page_Registration - ASSIST (Base)/Postal Address 2'

2018-12-06 22:58:13 - [TEST_STEP][PASSED] - click: Object: 'Object Repository/Final Object Repo/Creating Employer Account/Page_Registration - ASSIST (Base)/State' is clicked on

2018-12-06 22:58:14 - [MESSAGE][PASSED] - Object: 'Object Repository/Final Object Repo/Creating Employer Account/Page_Registration - ASSIST (Base)/State' is clicked on

2018-12-06 22:58:14 - [TEST_STEP][PASSED] - delay: Delayed 2 second(s)

2018-12-06 22:58:16 - [MESSAGE][PASSED] - Delayed 2 second(s)

2018-12-06 22:58:16 - [TEST_STEP][PASSED] - click: Object: 'Object Repository/Final Object Repo/Creating Employer Account/Page_Registration - ASSIST (Base)/State - Johor' is clicked on

2018-12-06 22:58:16 - [MESSAGE][PASSED] - Object: 'Object Repository/Final Object Repo/Creating Employer Account/Page_Registration - ASSIST (Base)/State - Johor' is clicked on

2018-12-06 22:58:16 - [TEST_STEP][PASSED] - delay: Delayed 2 second(s)

2018-12-06 22:58:18 - [MESSAGE][PASSED] - Delayed 2 second(s)

2018-12-06 22:58:18 - [TEST_STEP][PASSED] - click: Object: 'Object Repository/Final Object Repo/Creating Employer Account/Page_Registration - ASSIST (Base)/City' is clicked on

2018-12-06 22:58:18 - [MESSAGE][PASSED] - Object: 'Object Repository/Final Object Repo/Creating Employer Account/Page_Registration - ASSIST (Base)/City' is clicked on

2018-12-06 22:58:18 - [TEST_STEP][PASSED] - delay: Delayed 2 second(s)

2018-12-06 22:58:20 - [MESSAGE][PASSED] - Delayed 2 second(s)

2018-12-06 22:58:20 - [TEST_STEP][PASSED] - setText: Text 'joh' is set on object 'Object Repository/Final Object Repo/Creating Employer Account/Page_Registration - ASSIST (Base)/City - joh'

2018-12-06 22:58:20 - [MESSAGE][PASSED] - Text 'joh' is set on object 'Object Repository/Final Object Repo/Creating Employer Account/Page_Registration - ASSIST (Base)/City - joh'

2018-12-06 22:58:20 - [TEST_STEP][PASSED] - delay: Delayed 2 second(s)

2018-12-06 22:58:22 - [MESSAGE][PASSED] - Delayed 2 second(s)

2018-12-06 22:58:22 - [TEST_STEP][PASSED] - click: Object: 'Object Repository/Final Object Repo/Creating Employer Account/Page_Registration - ASSIST (Base)/City - Johor Bharu' is clicked on

2018-12-06 22:58:22 - [MESSAGE][PASSED] - Object: 'Object Repository/Final Object Repo/Creating Employer Account/Page_Registration - ASSIST (Base)/City - Johor Bharu' is clicked on

2018-12-06 22:58:22 - [TEST_STEP][PASSED] - delay: Delayed 2 second(s)

2018-12-06 22:58:24 - [MESSAGE][PASSED] - Delayed 2 second(s)

2018-12-06 22:58:24 - [TEST_STEP][PASSED] - click: Object: 'Object Repository/Final Object Repo/Creating Employer Account/Page_Registration - ASSIST (Base)/Post Code' is clicked on

2018-12-06 22:58:25 - [MESSAGE][PASSED] - Object: 'Object Repository/Final Object Repo/Creating Employer Account/Page_Registration - ASSIST (Base)/Post Code' is clicked on

2018-12-06 22:58:25 - [TEST_STEP][PASSED] - delay: Delayed 2 second(s)

2018-12-06 22:58:27 - [MESSAGE][PASSED] - Delayed 2 second(s)

2018-12-06 22:58:27 - [TEST_STEP][PASSED] - setText: Text '810' is set on object 'Object Repository/Final Object Repo/Creating Employer Account/Page_Registration - ASSIST (Base)/Post Code - 810'

2018-12-06 22:58:27 - [MESSAGE][PASSED] - Text '810' is set on object 'Object Repository/Final Object Repo/Creating Employer Account/Page_Registration - ASSIST (Base)/Post Code - 810'

2018-12-06 22:58:27 - [TEST_STEP][PASSED] - delay: Delayed 2 second(s)

2018-12-06 22:58:29 - [MESSAGE][PASSED] - Delayed 2 second(s)

2018-12-06 22:58:29 - [TEST_STEP][PASSED] - click: Object: 'Object Repository/Final Object Repo/Creating Employer Account/Page_Registration - ASSIST (Base)/Post Code - 81000' is clicked on

2018-12-06 22:58:29 - [MESSAGE][PASSED] - Object: 'Object Repository/Final Object Repo/Creating Employer Account/Page_Registration - ASSIST (Base)/Post Code - 81000' is clicked on

2018-12-06 22:58:29 - [TEST_STEP][PASSED] - delay: Delayed 2 second(s)

2018-12-06 22:58:31 - [MESSAGE][PASSED] - Delayed 2 second(s)

2018-12-06 22:58:31 - [TEST_STEP][PASSED] - setText: Text 'PERKESO' is set on object 'Object Repository/Final Object Repo/Creating Employer Account/Page_Registration - ASSIST (Base)/Full Name'

2018-12-06 22:58:31 - [MESSAGE][PASSED] - Text 'PERKESO' is set on object 'Object Repository/Final Object Repo/Creating Employer Account/Page_Registration - ASSIST (Base)/Full Name'

2018-12-06 22:58:31 - [TEST_STEP][PASSED] - Statement - rnd = new java.util.Random(): null

2018-12-06 22:58:31 - [TEST_STEP][PASSED] - Statement - snum = rnd.nextInt(899999 + 1) + 100000: null

2018-12-06 22:58:31 - [TEST_STEP][PASSED] - Statement - tnum = rnd.nextInt(899999 + 1) + 100000: null

2018-12-06 22:58:31 - [TEST_STEP][PASSED] - Statement - IC = java.lang.Integer.toString(snum) + java.lang.Integer.toString(tnum): null

2018-12-06 22:58:31 - [TEST_STEP][PASSED] - Statement - out.println(IC): null

2018-12-06 22:58:31 - [TEST_STEP][PASSED] - setText: Text '829931308530' is set on object 'Object Repository/Final Object Repo/Creating Employer Account/Page_Registration - ASSIST (Base)/Identification Number'

2018-12-06 22:58:32 - [MESSAGE][PASSED] - Text '829931308530' is set on object 'Object Repository/Final Object Repo/Creating Employer Account/Page_Registration - ASSIST (Base)/Identification Number'

2018-12-06 22:58:32 - [TEST_STEP][PASSED] - delay: Delayed 2 second(s)

2018-12-06 22:58:34 - [MESSAGE][PASSED] - Delayed 2 second(s)

2018-12-06 22:58:34 - [TEST_STEP][PASSED] - setText: Text '123456789012' is set on object 'Object Repository/Final Object Repo/Creating Employer Account/Page_Registration - ASSIST (Base)/Contact Number'

2018-12-06 22:58:34 - [MESSAGE][PASSED] - Text '123456789012' is set on object 'Object Repository/Final Object Repo/Creating Employer Account/Page_Registration - ASSIST (Base)/Contact Number'

2018-12-06 22:58:34 - [TEST_STEP][PASSED] - Statement - Email = "perkeso" + IC + "@gmail.com": null

2018-12-06 22:58:34 - [TEST_STEP][PASSED] - delay: Delayed 2 second(s)

2018-12-06 22:58:36 - [MESSAGE][PASSED] - Delayed 2 second(s)

2018-12-06 22:58:36 - [TEST_STEP][PASSED] - callTestCase: Call Test Case 'Test Cases/Final Aug 2018 - PKS Automation/Create Employer Acc/Template/Employer Email Settler' successfully

2018-12-06 22:58:36 - [TEST_CASE][PASSED] - Test Cases/Final Aug 2018 - PKS Automation/Create Employer Acc/Template/Employer Email Settler: Test Cases/Final Aug 2018 - PKS Automation/Create Employer Acc/Template/Employer Email Settler

2018-12-06 22:58:36 - [TEST_STEP][PASSED] - Statement - EmpEmailOld = new java.io.File(C://Users//Admin//Desktop//PKS//Automation Reference Point//EmpEmail.txt): null

2018-12-06 22:58:36 - [TEST_STEP][PASSED] - Statement - EmpEmailOld.delete(): null

2018-12-06 22:58:36 - [TEST_STEP][PASSED] - delay: Delayed 5 second(s)

2018-12-06 22:58:41 - [MESSAGE][PASSED] - Delayed 5 second(s)

2018-12-06 22:58:41 - [TEST_STEP][PASSED] - Statement - EmpEmail = new java.io.File(C://Users//Admin//Desktop//PKS//Automation Reference Point//EmpEmail.txt): null

2018-12-06 22:58:41 - [TEST_STEP][PASSED] - Statement - f2 = new java.io.FileWriter(EmpEmail, false): null

2018-12-06 22:58:41 - [TEST_STEP][PASSED] - Statement - f2.write(Email): null

2018-12-06 22:58:41 - [TEST_STEP][PASSED] - Statement - f2.close(): null

2018-12-06 22:58:41 - [TEST_STEP][PASSED] - Statement - out.println(Email): null

2018-12-06 22:58:41 - [MESSAGE][PASSED] - Call Test Case 'Test Cases/Final Aug 2018 - PKS Automation/Create Employer Acc/Template/Employer Email Settler' successfully

2018-12-06 22:58:41 - [TEST_STEP][PASSED] - delay: Delayed 2 second(s)

2018-12-06 22:58:43 - [MESSAGE][PASSED] - Delayed 2 second(s)

2018-12-06 22:58:43 - [TEST_STEP][PASSED] - setText: Text 'perkeso829931308530@gmail.com' is set on object 'Object Repository/Final Object Repo/Creating Employer Account/Page_Registration - ASSIST (Base)/Email'

2018-12-06 22:58:43 - [MESSAGE][PASSED] - Text 'perkeso829931308530@gmail.com' is set on object 'Object Repository/Final Object Repo/Creating Employer Account/Page_Registration - ASSIST (Base)/Email'

2018-12-06 22:58:43 - [TEST_STEP][PASSED] - setText: Text '123' is set on object 'Object Repository/Final Object Repo/Creating Employer Account/Page_Registration - ASSIST (Base)/Security Phase'

2018-12-06 22:58:44 - [MESSAGE][PASSED] - Text '123' is set on object 'Object Repository/Final Object Repo/Creating Employer Account/Page_Registration - ASSIST (Base)/Security Phase'

2018-12-06 22:58:44 - [TEST_STEP][PASSED] - click: Object: 'Object Repository/Final Object Repo/Creating Employer Account/Page_Registration - ASSIST (Base)/Save  Continue' is clicked on

2018-12-06 22:58:44 - [MESSAGE][PASSED] - Object: 'Object Repository/Final Object Repo/Creating Employer Account/Page_Registration - ASSIST (Base)/Save  Continue' is clicked on

2018-12-06 22:58:44 - [TEST_STEP][PASSED] - delay: Delayed 2 second(s)

2018-12-06 22:58:46 - [MESSAGE][PASSED] - Delayed 2 second(s)

2018-12-06 22:58:46 - [TEST_STEP][PASSED] - click: Object: 'Object Repository/Final Object Repo/Creating Employer Account/Page_Registration - ASSIST (Base)/Add Document' is clicked on

2018-12-06 22:58:46 - [MESSAGE][PASSED] - Object: 'Object Repository/Final Object Repo/Creating Employer Account/Page_Registration - ASSIST (Base)/Add Document' is clicked on

2018-12-06 22:58:46 - [TEST_STEP][PASSED] - delay: Delayed 2 second(s)

2018-12-06 22:58:48 - [MESSAGE][PASSED] - Delayed 2 second(s)

2018-12-06 22:58:48 - [TEST_STEP][PASSED] - click: Object: 'Object Repository/Final Object Repo/Creating Employer Account/Page_Registration - ASSIST (Base)/Document Type' is clicked on

2018-12-06 22:58:48 - [MESSAGE][PASSED] - Object: 'Object Repository/Final Object Repo/Creating Employer Account/Page_Registration - ASSIST (Base)/Document Type' is clicked on

2018-12-06 22:58:48 - [TEST_STEP][PASSED] - delay: Delayed 2 second(s)

2018-12-06 22:58:50 - [MESSAGE][PASSED] - Delayed 2 second(s)

2018-12-06 22:58:50 - [TEST_STEP][PASSED] - click: Object: 'Object Repository/Final Object Repo/Creating Employer Account/Page_Registration - ASSIST (Base)/Document Type - Letter of Authorization' is clicked on

2018-12-06 22:58:50 - [MESSAGE][PASSED] - Object: 'Object Repository/Final Object Repo/Creating Employer Account/Page_Registration - ASSIST (Base)/Document Type - Letter of Authorization' is clicked on

2018-12-06 22:58:50 - [TEST_STEP][PASSED] - delay: Delayed 2 second(s)

2018-12-06 22:58:52 - [MESSAGE][PASSED] - Delayed 2 second(s)

2018-12-06 22:58:52 - [TEST_STEP][PASSED] - sendKeys: Keys 'C:\Users\Public\Pictures\Sample Pictures\Koala.jpg' sent to object: 'Object Repository/Final Object Repo/Creating Employer Account/Page_Registration - ASSIST (Base)/Uploading File'

2018-12-06 22:58:53 - [MESSAGE][PASSED] - Keys 'C:\Users\Public\Pictures\Sample Pictures\Koala.jpg' sent to object: 'Object Repository/Final Object Repo/Creating Employer Account/Page_Registration - ASSIST (Base)/Uploading File'

2018-12-06 22:58:53 - [TEST_STEP][PASSED] - delay: Delayed 2 second(s)

2018-12-06 22:58:55 - [MESSAGE][PASSED] - Delayed 2 second(s)

2018-12-06 22:58:55 - [TEST_STEP][PASSED] - click: Object: 'Object Repository/Final Object Repo/Creating Employer Account/Page_Registration - ASSIST (Base)/Add Document in Uploading File' is clicked on

2018-12-06 22:58:55 - [MESSAGE][PASSED] - Object: 'Object Repository/Final Object Repo/Creating Employer Account/Page_Registration - ASSIST (Base)/Add Document in Uploading File' is clicked on

2018-12-06 22:58:55 - [TEST_STEP][PASSED] - delay: Delayed 2 second(s)

2018-12-06 22:58:57 - [MESSAGE][PASSED] - Delayed 2 second(s)

2018-12-06 22:58:57 - [TEST_STEP][PASSED] - click: Object: 'Object Repository/Final Object Repo/Creating Employer Account/Page_Registration - ASSIST (Base)/Save' is clicked on

2018-12-06 22:58:57 - [MESSAGE][PASSED] - Object: 'Object Repository/Final Object Repo/Creating Employer Account/Page_Registration - ASSIST (Base)/Save' is clicked on

2018-12-06 22:58:57 - [TEST_STEP][PASSED] - delay: Delayed 2 second(s)

2018-12-06 22:58:59 - [MESSAGE][PASSED] - Delayed 2 second(s)

2018-12-06 22:58:59 - [TEST_STEP][PASSED] - click: Object: 'Object Repository/Final Object Repo/Creating Employer Account/Page_Registration - ASSIST (Base)/Submit' is clicked on

2018-12-06 22:58:59 - [MESSAGE][PASSED] - Object: 'Object Repository/Final Object Repo/Creating Employer Account/Page_Registration - ASSIST (Base)/Submit' is clicked on

2018-12-06 22:58:59 - [TEST_STEP][PASSED] - delay: Delayed 2 second(s)

2018-12-06 22:59:01 - [MESSAGE][PASSED] - Delayed 2 second(s)

2018-12-06 22:59:01 - [TEST_STEP][PASSED] - click: Object: 'Object Repository/Final Object Repo/Creating Employer Account/Page_Registration - ASSIST (Base)/Confirm' is clicked on

2018-12-06 22:59:01 - [MESSAGE][PASSED] - Object: 'Object Repository/Final Object Repo/Creating Employer Account/Page_Registration - ASSIST (Base)/Confirm' is clicked on

2018-12-06 22:59:01 - [MESSAGE][PASSED] - Call Test Case 'Test Cases/Final Aug 2018 - PKS Automation/Create Employer Acc/Template/Register Employer' successfully

2018-12-06 22:59:01 - [TEST_STEP][PASSED] - delay: Delayed 1 second(s)

2018-12-06 22:59:02 - [MESSAGE][PASSED] - Delayed 1 second(s)

2018-12-06 22:59:02 - [TEST_STEP][PASSED] - navigateToUrl: Navigate to 'https://assist2-uat.perkeso.gov.my/c/portal/logout' successfully

2018-12-06 22:59:04 - [MESSAGE][PASSED] - Navigate to 'https://assist2-uat.perkeso.gov.my/c/portal/logout' successfully

2018-12-06 22:59:04 - [TEST_STEP][PASSED] - delay: Delayed 1 second(s)

2018-12-06 22:59:05 - [MESSAGE][PASSED] - Delayed 1 second(s)

2018-12-06 22:59:05 - [TEST_STEP][PASSED] - callTestCase: Call Test Case 'Test Cases/Final Aug 2018 - PKS Automation/Create Employer Acc/Template/Change Password of Employer' successfully

2018-12-06 22:59:05 - [TEST_CASE][PASSED] - Test Cases/Final Aug 2018 - PKS Automation/Create Employer Acc/Template/Change Password of Employer: Test Cases/Final Aug 2018 - PKS Automation/Create Employer Acc/Template/Change Password of Employer

2018-12-06 22:59:05 - [TEST_STEP][PASSED] - openBrowser: Browser is opened with url: ''

2018-12-06 22:59:05 - [MESSAGE][WARNING] - A browser is already opened. Closing browser and opening a new one

2018-12-06 22:59:09 - [MESSAGE][PASSED] - Browser is opened with url: ''

2018-12-06 22:59:09 - [TEST_STEP][PASSED] - navigateToUrl: Navigate to 'https://assist2-uat.perkeso.gov.my/login' successfully

2018-12-06 22:59:10 - [MESSAGE][PASSED] - Navigate to 'https://assist2-uat.perkeso.gov.my/login' successfully

2018-12-06 22:59:10 - [TEST_STEP][PASSED] - delay: Delayed 5 second(s)

2018-12-06 22:59:15 - [MESSAGE][PASSED] - Delayed 5 second(s)

2018-12-06 22:59:15 - [TEST_STEP][PASSED] - setText: Text 'test@liferay.com' is set on object 'Object Repository/Final Object Repo/Login Page/Internal User/Email Address'

2018-12-06 22:59:15 - [MESSAGE][PASSED] - Text 'test@liferay.com' is set on object 'Object Repository/Final Object Repo/Login Page/Internal User/Email Address'

2018-12-06 22:59:15 - [TEST_STEP][PASSED] - click: Object: 'Object Repository/Final Object Repo/Login Page/Internal User/Next Button' is clicked on

2018-12-06 22:59:15 - [MESSAGE][PASSED] - Object: 'Object Repository/Final Object Repo/Login Page/Internal User/Next Button' is clicked on

2018-12-06 22:59:15 - [TEST_STEP][PASSED] - delay: Delayed 2 second(s)

2018-12-06 22:59:17 - [MESSAGE][PASSED] - Delayed 2 second(s)

2018-12-06 22:59:17 - [TEST_STEP][PASSED] - setText: Text 'test' is set on object 'Object Repository/Final Object Repo/Login Page/Internal User/Password'

2018-12-06 22:59:18 - [MESSAGE][PASSED] - Text 'test' is set on object 'Object Repository/Final Object Repo/Login Page/Internal User/Password'

2018-12-06 22:59:18 - [TEST_STEP][PASSED] - delay: Delayed 2 second(s)

2018-12-06 22:59:20 - [MESSAGE][PASSED] - Delayed 2 second(s)

2018-12-06 22:59:20 - [TEST_STEP][PASSED] - click: Object: 'Object Repository/Final Object Repo/Login Page/Internal User/Login Button' is clicked on

2018-12-06 22:59:20 - [MESSAGE][PASSED] - Object: 'Object Repository/Final Object Repo/Login Page/Internal User/Login Button' is clicked on

2018-12-06 22:59:20 - [TEST_STEP][PASSED] - delay: Delayed 3 second(s)

2018-12-06 22:59:23 - [MESSAGE][PASSED] - Delayed 3 second(s)

2018-12-06 22:59:23 - [TEST_STEP][PASSED] - navigateToUrl: Navigate to 'https://assist2-uat.perkeso.gov.my/group/control_panel/manage?p_p_id=125&p_p_lifecycle=0&p_p_state=maximized&p_p_mode=view&refererPlid=20455&_125_usersListView=flat-users&_125_toolbarItem=view-all-users&_125_saveUsersListView=true&_125_struts_action=%2Fusers_admin%2Fview' successfully

2018-12-06 22:59:24 - [MESSAGE][PASSED] - Navigate to 'https://assist2-uat.perkeso.gov.my/group/control_panel/manage?p_p_id=125&p_p_lifecycle=0&p_p_state=maximized&p_p_mode=view&refererPlid=20455&_125_usersListView=flat-users&_125_toolbarItem=view-all-users&_125_saveUsersListView=true&_125_struts_action=%2Fusers_admin%2Fview' successfully

2018-12-06 22:59:24 - [TEST_STEP][PASSED] - delay: Delayed 3 second(s)

2018-12-06 22:59:27 - [MESSAGE][PASSED] - Delayed 3 second(s)

2018-12-06 22:59:27 - [TEST_STEP][PASSED] - setText: Text 'perkeso829931308530@gmail.com' is set on object 'Object Repository/Final Object Repo/Creating Employer Account/Page_Users and Organizations - ASSIST/Employer name'

2018-12-06 22:59:28 - [MESSAGE][PASSED] - Text 'perkeso829931308530@gmail.com' is set on object 'Object Repository/Final Object Repo/Creating Employer Account/Page_Users and Organizations - ASSIST/Employer name'

2018-12-06 22:59:28 - [TEST_STEP][PASSED] - delay: Delayed 3 second(s)

2018-12-06 22:59:31 - [MESSAGE][PASSED] - Delayed 3 second(s)

2018-12-06 22:59:31 - [TEST_STEP][PASSED] - click: Object: 'Object Repository/Final Object Repo/Creating Employer Account/Page_Users and Organizations - ASSIST/Search' is clicked on

2018-12-06 22:59:31 - [MESSAGE][PASSED] - Object: 'Object Repository/Final Object Repo/Creating Employer Account/Page_Users and Organizations - ASSIST/Search' is clicked on

2018-12-06 22:59:31 - [TEST_STEP][PASSED] - delay: Delayed 3 second(s)

2018-12-06 22:59:34 - [MESSAGE][PASSED] - Delayed 3 second(s)

2018-12-06 22:59:34 - [TEST_STEP][PASSED] - click: Object: 'Object Repository/Final Object Repo/Creating Employer Account/Page_Users and Organizations - ASSIST/Action' is clicked on

2018-12-06 22:59:34 - [MESSAGE][PASSED] - Object: 'Object Repository/Final Object Repo/Creating Employer Account/Page_Users and Organizations - ASSIST/Action' is clicked on

2018-12-06 22:59:34 - [TEST_STEP][PASSED] - delay: Delayed 3 second(s)

2018-12-06 22:59:37 - [MESSAGE][PASSED] - Delayed 3 second(s)

2018-12-06 22:59:37 - [TEST_STEP][PASSED] - click: Object: 'Object Repository/Final Object Repo/Creating Employer Account/Page_Users and Organizations - ASSIST/Edit' is clicked on

2018-12-06 22:59:39 - [MESSAGE][PASSED] - Object: 'Object Repository/Final Object Repo/Creating Employer Account/Page_Users and Organizations - ASSIST/Edit' is clicked on

2018-12-06 22:59:39 - [TEST_STEP][PASSED] - delay: Delayed 3 second(s)

2018-12-06 22:59:42 - [MESSAGE][PASSED] - Delayed 3 second(s)

2018-12-06 22:59:42 - [TEST_STEP][PASSED] - click: Object: 'Object Repository/Final Object Repo/Creating Employer Account/Page_PERKESO - Users and Organizati/a_Password (Modified)' is clicked on

2018-12-06 22:59:42 - [MESSAGE][PASSED] - Object: 'Object Repository/Final Object Repo/Creating Employer Account/Page_PERKESO - Users and Organizati/a_Password (Modified)' is clicked on

2018-12-06 22:59:42 - [TEST_STEP][PASSED] - delay: Delayed 3 second(s)

2018-12-06 22:59:45 - [MESSAGE][PASSED] - Delayed 3 second(s)

2018-12-06 22:59:45 - [TEST_STEP][PASSED] - setEncryptedText: Text ****** has been set on object 'Object Repository/Final Object Repo/Creating Employer Account/Page_PERKESO - Users and Organizati/input__125_password1'

2018-12-06 22:59:45 - [MESSAGE][PASSED] - Text ****** has been set on object 'Object Repository/Final Object Repo/Creating Employer Account/Page_PERKESO - Users and Organizati/input__125_password1'

2018-12-06 22:59:45 - [TEST_STEP][PASSED] - delay: Delayed 3 second(s)

2018-12-06 22:59:48 - [MESSAGE][PASSED] - Delayed 3 second(s)

2018-12-06 22:59:48 - [TEST_STEP][PASSED] - setEncryptedText: Text ****** has been set on object 'Object Repository/Final Object Repo/Creating Employer Account/Page_PERKESO - Users and Organizati/input__125_password2'

2018-12-06 22:59:48 - [MESSAGE][PASSED] - Text ****** has been set on object 'Object Repository/Final Object Repo/Creating Employer Account/Page_PERKESO - Users and Organizati/input__125_password2'

2018-12-06 22:59:48 - [TEST_STEP][PASSED] - delay: Delayed 3 second(s)

2018-12-06 22:59:51 - [MESSAGE][PASSED] - Delayed 3 second(s)

2018-12-06 22:59:51 - [TEST_STEP][PASSED] - click: Object: 'Object Repository/Final Object Repo/Creating Employer Account/Page_PERKESO - Users and Organizati/Save' is clicked on

2018-12-06 22:59:53 - [MESSAGE][PASSED] - Object: 'Object Repository/Final Object Repo/Creating Employer Account/Page_PERKESO - Users and Organizati/Save' is clicked on

2018-12-06 22:59:53 - [MESSAGE][PASSED] - Call Test Case 'Test Cases/Final Aug 2018 - PKS Automation/Create Employer Acc/Template/Change Password of Employer' successfully

2018-12-06 22:59:53 - [TEST_STEP][PASSED] - delay: Delayed 1 second(s)

2018-12-06 22:59:54 - [MESSAGE][PASSED] - Delayed 1 second(s)

2018-12-06 22:59:54 - [TEST_STEP][PASSED] - navigateToUrl: Navigate to 'https://assist2-uat.perkeso.gov.my/c/portal/logout' successfully

2018-12-06 22:59:55 - [MESSAGE][PASSED] - Navigate to 'https://assist2-uat.perkeso.gov.my/c/portal/logout' successfully

2018-12-06 22:59:55 - [TEST_STEP][PASSED] - delay: Delayed 1 second(s)

2018-12-06 22:59:56 - [MESSAGE][PASSED] - Delayed 1 second(s)

2018-12-06 22:59:56 - [TEST_STEP][PASSED] - callTestCase: Call Test Case 'Test Cases/Final Aug 2018 - PKS Automation/Create Employer Acc/Template/Login to Employer Account (First Time)' successfully

2018-12-06 22:59:56 - [TEST_CASE][PASSED] - Test Cases/Final Aug 2018 - PKS Automation/Create Employer Acc/Template/Login to Employer Account (First Time): Test Cases/Final Aug 2018 - PKS Automation/Create Employer Acc/Template/Login to Employer Account (First Time)

2018-12-06 22:59:56 - [TEST_STEP][PASSED] - openBrowser: Browser is opened with url: ''

2018-12-06 22:59:56 - [MESSAGE][WARNING] - A browser is already opened. Closing browser and opening a new one

2018-12-06 23:00:00 - [MESSAGE][PASSED] - Browser is opened with url: ''

2018-12-06 23:00:00 - [TEST_STEP][PASSED] - navigateToUrl: Navigate to 'https://assist2-uat.perkeso.gov.my/employer/login' successfully

2018-12-06 23:00:01 - [MESSAGE][PASSED] - Navigate to 'https://assist2-uat.perkeso.gov.my/employer/login' successfully

2018-12-06 23:00:01 - [TEST_STEP][PASSED] - delay: Delayed 3 second(s)

2018-12-06 23:00:04 - [MESSAGE][PASSED] - Delayed 3 second(s)

2018-12-06 23:00:04 - [TEST_STEP][PASSED] - callTestCase: Call Test Case 'Test Cases/Final Aug 2018 - PKS Automation/Create Employer Acc/Template/Employer Email Getter' successfully

2018-12-06 23:00:04 - [TEST_CASE][PASSED] - Test Cases/Final Aug 2018 - PKS Automation/Create Employer Acc/Template/Employer Email Getter: Test Cases/Final Aug 2018 - PKS Automation/Create Employer Acc/Template/Employer Email Getter

2018-12-06 23:00:04 - [TEST_STEP][PASSED] - Statement - Try: null

2018-12-06 23:00:04 - [TEST_STEP][PASSED] - Statement - EmpEmail = new java.io.File(C://Users//Admin//Desktop//PKS//Automation Reference Point//EmpEmail.txt): null

2018-12-06 23:00:04 - [TEST_STEP][PASSED] - Statement - bufferread = new java.io.BufferedReader(new java.io.FileReader(EmpEmail)): null

2018-12-06 23:00:04 - [TEST_STEP][PASSED] - Statement - readedVal = bufferread.readLine(): null

2018-12-06 23:00:04 - [TEST_STEP][PASSED] - Statement - out.println(readedVal): null

2018-12-06 23:00:04 - [TEST_STEP][PASSED] - Statement - Email = readedVal: null

2018-12-06 23:00:04 - [MESSAGE][PASSED] - Call Test Case 'Test Cases/Final Aug 2018 - PKS Automation/Create Employer Acc/Template/Employer Email Getter' successfully

2018-12-06 23:00:04 - [TEST_STEP][PASSED] - setText: Text 'perkeso829931308530@gmail.com' is set on object 'Object Repository/Final Object Repo/Login Page/External Login Page/Email'

2018-12-06 23:00:04 - [MESSAGE][PASSED] - Text 'perkeso829931308530@gmail.com' is set on object 'Object Repository/Final Object Repo/Login Page/External Login Page/Email'

2018-12-06 23:00:04 - [TEST_STEP][PASSED] - click: Object: 'Object Repository/Final Object Repo/Login Page/External Login Page/Next' is clicked on

2018-12-06 23:00:05 - [MESSAGE][PASSED] - Object: 'Object Repository/Final Object Repo/Login Page/External Login Page/Next' is clicked on

2018-12-06 23:00:05 - [TEST_STEP][PASSED] - delay: Delayed 3 second(s)

2018-12-06 23:00:08 - [MESSAGE][PASSED] - Delayed 3 second(s)

2018-12-06 23:00:08 - [TEST_STEP][PASSED] - setEncryptedText: Text ****** has been set on object 'Object Repository/Final Object Repo/Login Page/External Login Page/Password'

2018-12-06 23:00:08 - [MESSAGE][PASSED] - Text ****** has been set on object 'Object Repository/Final Object Repo/Login Page/External Login Page/Password'

2018-12-06 23:00:08 - [TEST_STEP][PASSED] - click: Object: 'Object Repository/Final Object Repo/Login Page/External Login Page/Login' is clicked on

2018-12-06 23:00:08 - [MESSAGE][PASSED] - Object: 'Object Repository/Final Object Repo/Login Page/External Login Page/Login' is clicked on

2018-12-06 23:00:08 - [TEST_STEP][PASSED] - delay: Delayed 3 second(s)

2018-12-06 23:00:11 - [MESSAGE][PASSED] - Delayed 3 second(s)

2018-12-06 23:00:11 - [TEST_STEP][PASSED] - click: Object: 'Object Repository/Final Object Repo/Creating Employer Account/Page_Terms of Use - ASSIST/button_I Agree' is clicked on

2018-12-06 23:00:12 - [MESSAGE][PASSED] - Object: 'Object Repository/Final Object Repo/Creating Employer Account/Page_Terms of Use - ASSIST/button_I Agree' is clicked on

2018-12-06 23:00:12 - [TEST_STEP][PASSED] - delay: Delayed 2 second(s)

2018-12-06 23:00:14 - [MESSAGE][PASSED] - Delayed 2 second(s)

2018-12-06 23:00:14 - [TEST_STEP][PASSED] - setEncryptedText: Text ****** has been set on object 'Object Repository/Final Object Repo/Creating Employer Account/Page_New Password - ASSIST/input_password1'

2018-12-06 23:00:14 - [MESSAGE][PASSED] - Text ****** has been set on object 'Object Repository/Final Object Repo/Creating Employer Account/Page_New Password - ASSIST/input_password1'

2018-12-06 23:00:14 - [TEST_STEP][PASSED] - setEncryptedText: Text ****** has been set on object 'Object Repository/Final Object Repo/Creating Employer Account/Page_New Password - ASSIST/input_password2'

2018-12-06 23:00:14 - [MESSAGE][PASSED] - Text ****** has been set on object 'Object Repository/Final Object Repo/Creating Employer Account/Page_New Password - ASSIST/input_password2'

2018-12-06 23:00:14 - [TEST_STEP][PASSED] - delay: Delayed 2 second(s)

2018-12-06 23:00:16 - [MESSAGE][PASSED] - Delayed 2 second(s)

2018-12-06 23:00:16 - [TEST_STEP][PASSED] - click: Object: 'Object Repository/Final Object Repo/Creating Employer Account/Page_New Password - ASSIST/Save' is clicked on

2018-12-06 23:00:16 - [MESSAGE][PASSED] - Object: 'Object Repository/Final Object Repo/Creating Employer Account/Page_New Password - ASSIST/Save' is clicked on

2018-12-06 23:00:16 - [TEST_STEP][PASSED] - delay: Delayed 2 second(s)

2018-12-06 23:00:18 - [MESSAGE][PASSED] - Delayed 2 second(s)

2018-12-06 23:00:18 - [TEST_STEP][PASSED] - setText: Text 'test' is set on object 'Object Repository/Final Object Repo/Creating Employer Account/Page_Password Reminder - ASSIST/Reminder Query Answer'

2018-12-06 23:00:19 - [MESSAGE][PASSED] - Text 'test' is set on object 'Object Repository/Final Object Repo/Creating Employer Account/Page_Password Reminder - ASSIST/Reminder Query Answer'

2018-12-06 23:00:19 - [TEST_STEP][PASSED] - delay: Delayed 2 second(s)

2018-12-06 23:00:21 - [MESSAGE][PASSED] - Delayed 2 second(s)

2018-12-06 23:00:21 - [TEST_STEP][PASSED] - doubleClick: Object: 'Object Repository/Final Object Repo/Creating Employer Account/Page_Password Reminder - ASSIST/Save' is double clicked on

2018-12-06 23:00:23 - [MESSAGE][PASSED] - Object: 'Object Repository/Final Object Repo/Creating Employer Account/Page_Password Reminder - ASSIST/Save' is double clicked on

2018-12-06 23:00:23 - [MESSAGE][PASSED] - Call Test Case 'Test Cases/Final Aug 2018 - PKS Automation/Create Employer Acc/Template/Login to Employer Account (First Time)' successfully

2018-12-06 23:00:23 - [MESSAGE][PASSED] - Call Test Case 'Test Cases/Final Aug 2018 - PKS Automation/Create Employer Acc/Create Employer Account' successfully

2018-12-06 23:00:23 - [TEST_STEP][PASSED] - callTestCase: Call Test Case 'Test Cases/Final Aug 2018 - PKS Automation/Registration Module/Log Out/log out avoiding katalon tagging' successfully

2018-12-06 23:00:23 - [TEST_CASE][PASSED] - Test Cases/Final Aug 2018 - PKS Automation/Registration Module/Log Out/log out avoiding katalon tagging: Test Cases/Final Aug 2018 - PKS Automation/Registration Module/Log Out/log out avoiding katalon tagging

2018-12-06 23:00:23 - [TEST_STEP][PASSED] - navigateToUrl: Navigate to 'https://assist2-uat.perkeso.gov.my/c/portal/logout' successfully

2018-12-06 23:00:24 - [MESSAGE][PASSED] - Navigate to 'https://assist2-uat.perkeso.gov.my/c/portal/logout' successfully

2018-12-06 23:00:24 - [MESSAGE][PASSED] - Call Test Case 'Test Cases/Final Aug 2018 - PKS Automation/Registration Module/Log Out/log out avoiding katalon tagging' successfully

2018-12-06 23:00:24 - [TEST_STEP][PASSED] - callTestCase: Call Test Case 'Test Cases/Final Aug 2018 - PKS Automation/Create Employer Acc/Login to Employer Account (Second time)' successfully

2018-12-06 23:00:24 - [TEST_CASE][PASSED] - Test Cases/Final Aug 2018 - PKS Automation/Create Employer Acc/Login to Employer Account (Second time): Test Cases/Final Aug 2018 - PKS Automation/Create Employer Acc/Login to Employer Account (Second time)

2018-12-06 23:00:24 - [TEST_STEP][PASSED] - openBrowser: Browser is opened with url: ''

2018-12-06 23:00:24 - [MESSAGE][WARNING] - A browser is already opened. Closing browser and opening a new one

2018-12-06 23:00:28 - [MESSAGE][PASSED] - Browser is opened with url: ''

2018-12-06 23:00:28 - [TEST_STEP][PASSED] - navigateToUrl: Navigate to 'https://assist2-uat.perkeso.gov.my/employer/login' successfully

2018-12-06 23:00:29 - [MESSAGE][PASSED] - Navigate to 'https://assist2-uat.perkeso.gov.my/employer/login' successfully

2018-12-06 23:00:29 - [TEST_STEP][PASSED] - delay: Delayed 3 second(s)

2018-12-06 23:00:32 - [MESSAGE][PASSED] - Delayed 3 second(s)

2018-12-06 23:00:32 - [TEST_STEP][PASSED] - callTestCase: Call Test Case 'Test Cases/Final Aug 2018 - PKS Automation/Create Employer Acc/Template/Employer Email Getter' successfully

2018-12-06 23:00:32 - [TEST_CASE][PASSED] - Test Cases/Final Aug 2018 - PKS Automation/Create Employer Acc/Template/Employer Email Getter: Test Cases/Final Aug 2018 - PKS Automation/Create Employer Acc/Template/Employer Email Getter

2018-12-06 23:00:32 - [TEST_STEP][PASSED] - Statement - Try: null

2018-12-06 23:00:32 - [TEST_STEP][PASSED] - Statement - EmpEmail = new java.io.File(C://Users//Admin//Desktop//PKS//Automation Reference Point//EmpEmail.txt): null

2018-12-06 23:00:32 - [TEST_STEP][PASSED] - Statement - bufferread = new java.io.BufferedReader(new java.io.FileReader(EmpEmail)): null

2018-12-06 23:00:32 - [TEST_STEP][PASSED] - Statement - readedVal = bufferread.readLine(): null

2018-12-06 23:00:32 - [TEST_STEP][PASSED] - Statement - out.println(readedVal): null

2018-12-06 23:00:32 - [TEST_STEP][PASSED] - Statement - Email = readedVal: null

2018-12-06 23:00:32 - [MESSAGE][PASSED] - Call Test Case 'Test Cases/Final Aug 2018 - PKS Automation/Create Employer Acc/Template/Employer Email Getter' successfully

2018-12-06 23:00:32 - [TEST_STEP][PASSED] - setText: Text 'perkeso829931308530@gmail.com' is set on object 'Object Repository/Final Object Repo/Login Page/External Login Page/Email'

2018-12-06 23:00:32 - [MESSAGE][PASSED] - Text 'perkeso829931308530@gmail.com' is set on object 'Object Repository/Final Object Repo/Login Page/External Login Page/Email'

2018-12-06 23:00:32 - [TEST_STEP][PASSED] - click: Object: 'Object Repository/Final Object Repo/Login Page/External Login Page/Next' is clicked on

2018-12-06 23:00:32 - [MESSAGE][PASSED] - Object: 'Object Repository/Final Object Repo/Login Page/External Login Page/Next' is clicked on

2018-12-06 23:00:32 - [TEST_STEP][PASSED] - delay: Delayed 3 second(s)

2018-12-06 23:00:35 - [MESSAGE][PASSED] - Delayed 3 second(s)

2018-12-06 23:00:35 - [TEST_STEP][PASSED] - setEncryptedText: Text ****** has been set on object 'Object Repository/Final Object Repo/Login Page/External Login Page/Password'

2018-12-06 23:00:36 - [MESSAGE][PASSED] - Text ****** has been set on object 'Object Repository/Final Object Repo/Login Page/External Login Page/Password'

2018-12-06 23:00:36 - [TEST_STEP][PASSED] - click: Object: 'Object Repository/Final Object Repo/Login Page/External Login Page/Login' is clicked on

2018-12-06 23:00:36 - [MESSAGE][PASSED] - Object: 'Object Repository/Final Object Repo/Login Page/External Login Page/Login' is clicked on

2018-12-06 23:00:36 - [TEST_STEP][PASSED] - delay: Delayed 5 second(s)

2018-12-06 23:00:41 - [MESSAGE][PASSED] - Delayed 5 second(s)

2018-12-06 23:00:41 - [MESSAGE][PASSED] - Call Test Case 'Test Cases/Final Aug 2018 - PKS Automation/Create Employer Acc/Login to Employer Account (Second time)' successfully

2018-12-06 23:00:41 - [TEST_STEP][PASSED] - delay: Delayed 4 second(s)

2018-12-06 23:00:45 - [MESSAGE][PASSED] - Delayed 4 second(s)

2018-12-06 23:00:45 - [TEST_STEP][PASSED] - Statement - Try: Delayed 2 second(s)

2018-12-06 23:00:45 - [TEST_STEP][PASSED] - Statement - Checker = false: null

2018-12-06 23:00:45 - [TEST_STEP][PASSED] - Statement - Checker = com.kms.katalon.core.webui.keyword.WebUiBuiltInKeywords.verifyElementHasAttribute(com.kms.katalon.core.testobject.ObjectRepository.findTestObject(Final Object Repo/Landing Page/BM Detecting), "href", 20, OPTIONAL): Object 'Object Repository/Final Object Repo/Landing Page/BM Detecting' has attribute 'href'

2018-12-06 23:00:45 - [MESSAGE][PASSED] - Object 'Object Repository/Final Object Repo/Landing Page/BM Detecting' has attribute 'href'

2018-12-06 23:00:45 - [TEST_STEP][PASSED] - Statement - out.println(Checker): null

2018-12-06 23:00:45 - [TEST_STEP][PASSED] - Statement - If (Checker == false): null

2018-12-06 23:00:45 - [TEST_STEP][PASSED] - Statement - Else: null

2018-12-06 23:00:45 - [TEST_STEP][PASSED] - delay: Delayed 2 second(s)

2018-12-06 23:00:47 - [MESSAGE][PASSED] - Delayed 2 second(s)

2018-12-06 23:00:47 - [TEST_STEP][PASSED] - delay: Delayed 4 second(s)

2018-12-06 23:00:51 - [MESSAGE][PASSED] - Delayed 4 second(s)

2018-12-06 23:00:51 - [TEST_STEP][PASSED] - click: Object: 'Object Repository/Final Object Repo/Landing Page/My Sites Drop Down' is clicked on

2018-12-06 23:00:51 - [MESSAGE][PASSED] - Object: 'Object Repository/Final Object Repo/Landing Page/My Sites Drop Down' is clicked on

2018-12-06 23:00:51 - [TEST_STEP][PASSED] - click: Object: 'Object Repository/Final Object Repo/Landing Page/Select to Registration Module' is clicked on

2018-12-06 23:00:54 - [MESSAGE][PASSED] - Object: 'Object Repository/Final Object Repo/Landing Page/Select to Registration Module' is clicked on

2018-12-06 23:00:54 - [TEST_STEP][PASSED] - click: Object: 'Object Repository/Final Object Repo/Landing Page/Registration Button' is clicked on

2018-12-06 23:00:55 - [MESSAGE][PASSED] - Object: 'Object Repository/Final Object Repo/Landing Page/Registration Button' is clicked on

2018-12-06 23:00:55 - [TEST_STEP][PASSED] - delay: Delayed 2 second(s)

2018-12-06 23:00:57 - [MESSAGE][PASSED] - Delayed 2 second(s)

2018-12-06 23:00:57 - [TEST_STEP][PASSED] - click: Object: 'Object Repository/Final Object Repo/New Registration - Registration Module Pages/New Reg - OTC to RO/Special Case - OTC - Form 1/AEC NO' is clicked on

2018-12-06 23:00:57 - [MESSAGE][PASSED] - Object: 'Object Repository/Final Object Repo/New Registration - Registration Module Pages/New Reg - OTC to RO/Special Case - OTC - Form 1/AEC NO' is clicked on

2018-12-06 23:00:57 - [TEST_STEP][PASSED] - click: Object: 'Object Repository/Final Object Repo/New Registration - Registration Module Pages/New Reg - OTC to RO/Special Case - OTC - Form 1/Business Entity - Please Select' is clicked on

2018-12-06 23:00:58 - [MESSAGE][PASSED] - Object: 'Object Repository/Final Object Repo/New Registration - Registration Module Pages/New Reg - OTC to RO/Special Case - OTC - Form 1/Business Entity - Please Select' is clicked on

2018-12-06 23:00:58 - [TEST_STEP][PASSED] - click: Object: 'Object Repository/Final Object Repo/New Registration - Registration Module Pages/New Reg - OTC to RO/Special Case - OTC - Form 1/Selected - Corporation' is clicked on

2018-12-06 23:00:58 - [MESSAGE][PASSED] - Object: 'Object Repository/Final Object Repo/New Registration - Registration Module Pages/New Reg - OTC to RO/Special Case - OTC - Form 1/Selected - Corporation' is clicked on

2018-12-06 23:00:58 - [TEST_STEP][PASSED] - delay: Delayed 2 second(s)

2018-12-06 23:01:00 - [MESSAGE][PASSED] - Delayed 2 second(s)

2018-12-06 23:01:00 - [TEST_STEP][PASSED] - click: Object: 'Object Repository/Final Object Repo/New Registration - Registration Module Pages/New Reg - OTC to RO/Special Case - OTC - Form 1/Sub Business Entity - Please Select' is clicked on

2018-12-06 23:01:00 - [MESSAGE][PASSED] - Object: 'Object Repository/Final Object Repo/New Registration - Registration Module Pages/New Reg - OTC to RO/Special Case - OTC - Form 1/Sub Business Entity - Please Select' is clicked on

2018-12-06 23:01:00 - [TEST_STEP][PASSED] - delay: Delayed 2 second(s)

2018-12-06 23:01:02 - [MESSAGE][PASSED] - Delayed 2 second(s)

2018-12-06 23:01:02 - [TEST_STEP][PASSED] - click: Object: 'Object Repository/Final Object Repo/New Registration - Registration Module Pages/New Reg - OTC to RO/Special Case - OTC - Form 1/Selected - Sendirian Berhad' is clicked on

2018-12-06 23:01:02 - [MESSAGE][PASSED] - Object: 'Object Repository/Final Object Repo/New Registration - Registration Module Pages/New Reg - OTC to RO/Special Case - OTC - Form 1/Selected - Sendirian Berhad' is clicked on

2018-12-06 23:01:02 - [TEST_STEP][PASSED] - setText: Text 'AUTOMATE001' is set on object 'Object Repository/Final Object Repo/New Registration - Registration Module Pages/New Reg - OTC to RO/Special Case - OTC - Form 1/Input BRN Number'

2018-12-06 23:01:03 - [MESSAGE][PASSED] - Text 'AUTOMATE001' is set on object 'Object Repository/Final Object Repo/New Registration - Registration Module Pages/New Reg - OTC to RO/Special Case - OTC - Form 1/Input BRN Number'

2018-12-06 23:01:03 - [TEST_STEP][PASSED] - delay: Delayed 2 second(s)

2018-12-06 23:01:05 - [MESSAGE][PASSED] - Delayed 2 second(s)

2018-12-06 23:01:05 - [TEST_STEP][PASSED] - click: Object: 'Object Repository/Final Object Repo/New Registration - Registration Module Pages/New Reg - OTC to RO/Special Case - OTC - Form 1/BRN Search' is clicked on

2018-12-06 23:01:05 - [MESSAGE][PASSED] - Object: 'Object Repository/Final Object Repo/New Registration - Registration Module Pages/New Reg - OTC to RO/Special Case - OTC - Form 1/BRN Search' is clicked on

2018-12-06 23:01:05 - [TEST_STEP][PASSED] - delay: Delayed 4 second(s)

2018-12-06 23:01:09 - [MESSAGE][PASSED] - Delayed 4 second(s)

2018-12-06 23:01:09 - [TEST_STEP][PASSED] - click: Object: 'Object Repository/Final Object Repo/New Registration - Registration Module Pages/New Reg - OTC to RO/Special Case - OTC - Form 1/Registered with SSM - After Feb 2017' is clicked on

2018-12-06 23:01:09 - [MESSAGE][PASSED] - Object: 'Object Repository/Final Object Repo/New Registration - Registration Module Pages/New Reg - OTC to RO/Special Case - OTC - Form 1/Registered with SSM - After Feb 2017' is clicked on

2018-12-06 23:01:09 - [TEST_STEP][PASSED] - delay: Delayed 2 second(s)

2018-12-06 23:01:11 - [MESSAGE][PASSED] - Delayed 2 second(s)

2018-12-06 23:01:11 - [TEST_STEP][PASSED] - click: Object: 'Object Repository/Final Object Repo/New Registration - Registration Module Pages/Form 1/Registered As a Branch - Yes' is clicked on

2018-12-06 23:01:11 - [MESSAGE][PASSED] - Object: 'Object Repository/Final Object Repo/New Registration - Registration Module Pages/Form 1/Registered As a Branch - Yes' is clicked on

2018-12-06 23:01:11 - [TEST_STEP][PASSED] - click: Object: 'Object Repository/Final Object Repo/New Registration - Registration Module Pages/New Reg - OTC to RO/Special Case - OTC - Form 1/Acknowledgement Ticked' is clicked on

2018-12-06 23:01:11 - [MESSAGE][PASSED] - Object: 'Object Repository/Final Object Repo/New Registration - Registration Module Pages/New Reg - OTC to RO/Special Case - OTC - Form 1/Acknowledgement Ticked' is clicked on

2018-12-06 23:01:11 - [TEST_STEP][PASSED] - setText: Text 'perkeso829931308530@gmail.com' is set on object 'Object Repository/Final Object Repo/New Registration - Registration Module Pages/Form 1/Email'

2018-12-06 23:01:12 - [MESSAGE][PASSED] - Text 'perkeso829931308530@gmail.com' is set on object 'Object Repository/Final Object Repo/New Registration - Registration Module Pages/Form 1/Email'

2018-12-06 23:01:12 - [TEST_STEP][PASSED] - click: Object: 'Object Repository/Final Object Repo/New Registration - Registration Module Pages/New Reg - OTC to RO/Special Case - OTC - Form 1/Submit Button' is clicked on

2018-12-06 23:01:12 - [MESSAGE][PASSED] - Object: 'Object Repository/Final Object Repo/New Registration - Registration Module Pages/New Reg - OTC to RO/Special Case - OTC - Form 1/Submit Button' is clicked on

2018-12-06 23:01:12 - [TEST_STEP][PASSED] - callTestCase: Call Test Case 'Test Cases/Final Aug 2018 - PKS Automation/Registration Module/New Registration/Form 2/Add 1 Eligible - Employer Account Use' successfully

2018-12-06 23:01:12 - [TEST_CASE][PASSED] - Test Cases/Final Aug 2018 - PKS Automation/Registration Module/New Registration/Form 2/Add 1 Eligible - Employer Account Use: Test Cases/Final Aug 2018 - PKS Automation/Registration Module/New Registration/Form 2/Add 1 Eligible - Employer Account Use

2018-12-06 23:01:12 - [TEST_STEP][PASSED] - delay: Delayed 2 second(s)

2018-12-06 23:01:14 - [MESSAGE][PASSED] - Delayed 2 second(s)

2018-12-06 23:01:14 - [TEST_STEP][PASSED] - callTestCase: Call Test Case 'Test Cases/Final Aug 2018 - PKS Automation/Registration Module/New Registration/Form 2/Date Updater' successfully

2018-12-06 23:01:14 - [TEST_CASE][PASSED] - Test Cases/Final Aug 2018 - PKS Automation/Registration Module/New Registration/Form 2/Date Updater: Test Cases/Final Aug 2018 - PKS Automation/Registration Module/New Registration/Form 2/Date Updater

2018-12-06 23:01:14 - [TEST_STEP][PASSED] - Statement - TodayDate = new java.util.Date(): null

2018-12-06 23:01:14 - [TEST_STEP][PASSED] - Statement - CurrentDateNoFilter = new java.text.SimpleDateFormat(): null

2018-12-06 23:01:14 - [TEST_STEP][PASSED] - Statement - CurrentDateNoFilter.applyPattern("MM"): null

2018-12-06 23:01:14 - [TEST_STEP][PASSED] - Statement - monthContainerMatcher = java.lang.Integer.parseInt(CurrentDateNoFilter.format(TodayDate)): null

2018-12-06 23:01:14 - [TEST_STEP][PASSED] - Statement - monthContainerMatcher = monthContainerMatcher - 1: null

2018-12-06 23:01:14 - [TEST_STEP][PASSED] - Statement - CurrentMonth = monthContainerMatcher.toString(): null

2018-12-06 23:01:14 - [TEST_STEP][PASSED] - Statement - CurrentMonth = CurrentMonth: null

2018-12-06 23:01:14 - [TEST_STEP][PASSED] - Statement - CurrentDateNoFilter.applyPattern("yyyy"): null

2018-12-06 23:01:14 - [TEST_STEP][PASSED] - Statement - CurrentYear = CurrentDateNoFilter.format(TodayDate): null

2018-12-06 23:01:14 - [TEST_STEP][PASSED] - Statement - CurrentYear = CurrentYear: null

2018-12-06 23:01:14 - [TEST_STEP][PASSED] - Statement - intCurrentYear = java.lang.Integer.parseInt(CurrentDateNoFilter.format(TodayDate)): null

2018-12-06 23:01:14 - [TEST_STEP][PASSED] - Statement - eighteenYrsAgo = intCurrentYear - 18: null

2018-12-06 23:01:14 - [TEST_STEP][PASSED] - Statement - eighteenYrsBeforeThisYr = eighteenYrsAgo.toString(): null

2018-12-06 23:01:14 - [TEST_STEP][PASSED] - Statement - EighteenYrsBefore = eighteenYrsBeforeThisYr: null

2018-12-06 23:01:14 - [TEST_STEP][PASSED] - Statement - fiftysevenYrsAgo = intCurrentYear - 57: null

2018-12-06 23:01:14 - [TEST_STEP][PASSED] - Statement - fiftysevenYrsBeforeThisYr = fiftysevenYrsAgo.toString(): null

2018-12-06 23:01:14 - [TEST_STEP][PASSED] - Statement - FiftysevenYrsBefore = fiftysevenYrsBeforeThisYr: null

2018-12-06 23:01:14 - [TEST_STEP][PASSED] - Statement - leapYear = false: null

2018-12-06 23:01:14 - [TEST_STEP][PASSED] - Statement - leapYear = intCurrentYear % 4 == 0: null

2018-12-06 23:01:14 - [TEST_STEP][PASSED] - Statement - CurrentDateNoFilter.applyPattern("dd"): null

2018-12-06 23:01:14 - [TEST_STEP][PASSED] - Statement - CurrentDate = CurrentDateNoFilter.format(TodayDate): null

2018-12-06 23:01:14 - [TEST_STEP][PASSED] - Statement - CurrentDate = java.lang.Integer.parseInt(CurrentDate): null

2018-12-06 23:01:14 - [TEST_STEP][PASSED] - Statement - CurrentDate = CurrentDate: null

2018-12-06 23:01:14 - [TEST_STEP][PASSED] - Statement - CurrentDay = java.lang.Integer.parseInt(CurrentDate): null

2018-12-06 23:01:14 - [TEST_STEP][PASSED] - Statement - ConfAdder = <not implemented yet for class: org.codehaus.groovy.ast.expr.EmptyExpression>: null

2018-12-06 23:01:14 - [TEST_STEP][PASSED] - Statement - out.println(CurrentMonth): null

2018-12-06 23:01:14 - [TEST_STEP][PASSED] - Statement - out.println(CurrentDate): null

2018-12-06 23:01:14 - [TEST_STEP][PASSED] - Statement - switch (CurrentDate): null

2018-12-06 23:01:15 - [TEST_STEP][PASSED] - Statement - Default: null

2018-12-06 23:01:15 - [TEST_STEP][PASSED] - Statement - ConfAdder = true: null

2018-12-06 23:01:15 - [TEST_STEP][PASSED] - Statement - Break: null

2018-12-06 23:01:15 - [TEST_STEP][PASSED] - Statement - aDayBefore = <not implemented yet for class: org.codehaus.groovy.ast.expr.EmptyExpression>: null

2018-12-06 23:01:15 - [TEST_STEP][PASSED] - Statement - out.println(ConfAdder): null

2018-12-06 23:01:15 - [TEST_STEP][PASSED] - Statement - If (ConfAdder == true): null

2018-12-06 23:01:15 - [TEST_STEP][PASSED] - Statement - aDayBefore = CurrentDay + 1: null

2018-12-06 23:01:15 - [TEST_STEP][PASSED] - Statement - out.println(aDayBefore): null

2018-12-06 23:01:15 - [TEST_STEP][PASSED] - Statement - If (aDayBefore == 1 && CurrentMonth == 11): null

2018-12-06 23:01:15 - [TEST_STEP][PASSED] - Statement - DayBefore = aDayBefore.toString(): null

2018-12-06 23:01:15 - [TEST_STEP][PASSED] - Statement - OneDayBefore = DayBefore: null

2018-12-06 23:01:15 - [MESSAGE][PASSED] - Call Test Case 'Test Cases/Final Aug 2018 - PKS Automation/Registration Module/New Registration/Form 2/Date Updater' successfully

2018-12-06 23:01:15 - [TEST_STEP][PASSED] - delay: Delayed 1 second(s)

2018-12-06 23:01:16 - [MESSAGE][PASSED] - Delayed 1 second(s)

2018-12-06 23:01:16 - [TEST_STEP][PASSED] - Statement - CaseReferenceNo = com.kms.katalon.core.webui.keyword.WebUiBuiltInKeywords.getText(com.kms.katalon.core.testobject.ObjectRepository.findTestObject(Final Object Repo/New Registration - Registration Module Pages/Form 2/RefNo Acquiring)): Text of object 'Object Repository/Final Object Repo/New Registration - Registration Module Pages/Form 2/RefNo Acquiring' is: 'CRN12201800123068'

2018-12-06 23:01:16 - [MESSAGE][PASSED] - Text of object 'Object Repository/Final Object Repo/New Registration - Registration Module Pages/Form 2/RefNo Acquiring' is: 'CRN12201800123068'

2018-12-06 23:01:16 - [TEST_STEP][PASSED] - delay: Delayed 1 second(s)

2018-12-06 23:01:17 - [MESSAGE][PASSED] - Delayed 1 second(s)

2018-12-06 23:01:17 - [TEST_STEP][PASSED] - click: Object: 'Object Repository/Final Object Repo/New Registration - Registration Module Pages/Form 2/Add Employee Button' is clicked on

2018-12-06 23:01:17 - [MESSAGE][PASSED] - Object: 'Object Repository/Final Object Repo/New Registration - Registration Module Pages/Form 2/Add Employee Button' is clicked on

2018-12-06 23:01:17 - [TEST_STEP][PASSED] - delay: Delayed 1 second(s)

2018-12-06 23:01:18 - [MESSAGE][PASSED] - Delayed 1 second(s)

2018-12-06 23:01:18 - [TEST_STEP][PASSED] - setText: Text '010903091948' is set on object 'Object Repository/Final Object Repo/New Registration - Registration Module Pages/Form 2/NRIC Input'

2018-12-06 23:01:18 - [MESSAGE][PASSED] - Text '010903091948' is set on object 'Object Repository/Final Object Repo/New Registration - Registration Module Pages/Form 2/NRIC Input'

2018-12-06 23:01:18 - [TEST_STEP][PASSED] - delay: Delayed 2 second(s)

2018-12-06 23:01:20 - [MESSAGE][PASSED] - Delayed 2 second(s)

2018-12-06 23:01:20 - [TEST_STEP][PASSED] - setText: Text 'Automate001 eligible 1' is set on object 'Object Repository/Final Object Repo/New Registration - Registration Module Pages/Form 2/Employee Name Input'

2018-12-06 23:01:20 - [MESSAGE][PASSED] - Text 'Automate001 eligible 1' is set on object 'Object Repository/Final Object Repo/New Registration - Registration Module Pages/Form 2/Employee Name Input'

2018-12-06 23:01:20 - [TEST_STEP][PASSED] - delay: Delayed 2 second(s)

2018-12-06 23:01:22 - [MESSAGE][PASSED] - Delayed 2 second(s)

2018-12-06 23:01:22 - [TEST_STEP][PASSED] - click: Object: 'Object Repository/Final Object Repo/New Registration - Registration Module Pages/Form 2/DatePicker Pop Up' is clicked on

2018-12-06 23:01:23 - [MESSAGE][PASSED] - Object: 'Object Repository/Final Object Repo/New Registration - Registration Module Pages/Form 2/DatePicker Pop Up' is clicked on

2018-12-06 23:01:23 - [TEST_STEP][PASSED] - click: Object: 'Object Repository/Final Object Repo/New Registration - Registration Module Pages/Form 2/DOB Month' is clicked on

2018-12-06 23:01:23 - [MESSAGE][PASSED] - Object: 'Object Repository/Final Object Repo/New Registration - Registration Module Pages/Form 2/DOB Month' is clicked on

2018-12-06 23:01:23 - [TEST_STEP][PASSED] - Statement - CurrentMonth = CurrentMonth: null

2018-12-06 23:01:23 - [TEST_STEP][PASSED] - Statement - selectMonth = new com.kms.katalon.core.testobject.TestObject(): null

2018-12-06 23:01:23 - [TEST_STEP][PASSED] - Statement - selectMonth.addProperty("xpath", EQUALS, "//body/div/div/div/select/option[@value='" + CurrentMonth + "']", true): null

2018-12-06 23:01:23 - [TEST_STEP][PASSED] - click: Object: '' is clicked on

2018-12-06 23:01:23 - [MESSAGE][PASSED] - Object: '' is clicked on

2018-12-06 23:01:23 - [TEST_STEP][PASSED] - click: Object: 'Object Repository/Final Object Repo/New Registration - Registration Module Pages/Form 2/DOB Year' is clicked on

2018-12-06 23:01:23 - [MESSAGE][PASSED] - Object: 'Object Repository/Final Object Repo/New Registration - Registration Module Pages/Form 2/DOB Year' is clicked on

2018-12-06 23:01:23 - [TEST_STEP][PASSED] - Statement - Eyearsbf = EighteenYrsBefore: null

2018-12-06 23:01:23 - [TEST_STEP][PASSED] - Statement - selectYear = new com.kms.katalon.core.testobject.TestObject(): null

2018-12-06 23:01:23 - [TEST_STEP][PASSED] - Statement - selectYear.addProperty("xpath", EQUALS, "//div/div/div/select/option[@value='" + Eyearsbf + "']", true): null

2018-12-06 23:01:23 - [TEST_STEP][PASSED] - click: Object: '' is clicked on

2018-12-06 23:01:23 - [MESSAGE][PASSED] - Object: '' is clicked on

2018-12-06 23:01:23 - [TEST_STEP][PASSED] - Statement - UpdatedSelectDate = com.kms.katalon.core.webui.keyword.WebUiBuiltInKeywords.modifyObjectProperty(com.kms.katalon.core.testobject.ObjectRepository.findTestObject(Final Object Repo/New Registration - Registration Module Pages/Form 2/DOB Date), "xpath", "equals", "//body/div/table/tbody/tr/td/a[text()="" + CurrentDate + ""]", true): Modify property of object successfully

2018-12-06 23:01:23 - [MESSAGE][PASSED] - Modify property of object successfully

2018-12-06 23:01:23 - [TEST_STEP][PASSED] - delay: Delayed 3 second(s)

2018-12-06 23:01:26 - [MESSAGE][PASSED] - Delayed 3 second(s)

2018-12-06 23:01:26 - [TEST_STEP][PASSED] - click: Object: 'Object Repository/Final Object Repo/New Registration - Registration Module Pages/Form 2/DOB Date' is clicked on

2018-12-06 23:01:26 - [MESSAGE][PASSED] - Object: 'Object Repository/Final Object Repo/New Registration - Registration Module Pages/Form 2/DOB Date' is clicked on

2018-12-06 23:01:26 - [TEST_STEP][PASSED] - delay: Delayed 2 second(s)

2018-12-06 23:01:28 - [MESSAGE][PASSED] - Delayed 2 second(s)

2018-12-06 23:01:28 - [TEST_STEP][PASSED] - click: Object: 'Object Repository/Final Object Repo/New Registration - Registration Module Pages/Form 2/EmploymentStartDate Pop Up' is clicked on

2018-12-06 23:01:29 - [MESSAGE][PASSED] - Object: 'Object Repository/Final Object Repo/New Registration - Registration Module Pages/Form 2/EmploymentStartDate Pop Up' is clicked on

2018-12-06 23:01:29 - [TEST_STEP][PASSED] - delay: Delayed 2 second(s)

2018-12-06 23:01:31 - [MESSAGE][PASSED] - Delayed 2 second(s)

2018-12-06 23:01:31 - [TEST_STEP][PASSED] - click: Object: 'Object Repository/Final Object Repo/New Registration - Registration Module Pages/Form 2/Socso Employment StartDate Month' is clicked on

2018-12-06 23:01:31 - [MESSAGE][PASSED] - Object: 'Object Repository/Final Object Repo/New Registration - Registration Module Pages/Form 2/Socso Employment StartDate Month' is clicked on

2018-12-06 23:01:31 - [TEST_STEP][PASSED] - delay: Delayed 1 second(s)

2018-12-06 23:01:32 - [MESSAGE][PASSED] - Delayed 1 second(s)

2018-12-06 23:01:32 - [TEST_STEP][PASSED] - click: Object: 'Object Repository/Final Object Repo/New Registration - Registration Module Pages/Form 2/Select Socso Employement Startdate Month' is clicked on

2018-12-06 23:01:32 - [MESSAGE][PASSED] - Object: 'Object Repository/Final Object Repo/New Registration - Registration Module Pages/Form 2/Select Socso Employement Startdate Month' is clicked on

2018-12-06 23:01:32 - [TEST_STEP][PASSED] - delay: Delayed 2 second(s)

2018-12-06 23:01:34 - [MESSAGE][PASSED] - Delayed 2 second(s)

2018-12-06 23:01:34 - [TEST_STEP][PASSED] - click: Object: 'Object Repository/Final Object Repo/New Registration - Registration Module Pages/Form 2/Socso Employment StartDate Year' is clicked on

2018-12-06 23:01:34 - [MESSAGE][PASSED] - Object: 'Object Repository/Final Object Repo/New Registration - Registration Module Pages/Form 2/Socso Employment StartDate Year' is clicked on

2018-12-06 23:01:34 - [TEST_STEP][PASSED] - delay: Delayed 1 second(s)

2018-12-06 23:01:35 - [MESSAGE][PASSED] - Delayed 1 second(s)

2018-12-06 23:01:35 - [TEST_STEP][PASSED] - click: Object: 'Object Repository/Final Object Repo/New Registration - Registration Module Pages/Form 2/Select Socso Employment Startdate Year' is clicked on

2018-12-06 23:01:35 - [MESSAGE][PASSED] - Object: 'Object Repository/Final Object Repo/New Registration - Registration Module Pages/Form 2/Select Socso Employment Startdate Year' is clicked on

2018-12-06 23:01:35 - [TEST_STEP][PASSED] - delay: Delayed 2 second(s)

2018-12-06 23:01:37 - [MESSAGE][PASSED] - Delayed 2 second(s)

2018-12-06 23:01:37 - [TEST_STEP][PASSED] - click: Object: 'Object Repository/Final Object Repo/New Registration - Registration Module Pages/Form 2/Socso Employment Start Date Day' is clicked on

2018-12-06 23:01:37 - [MESSAGE][PASSED] - Object: 'Object Repository/Final Object Repo/New Registration - Registration Module Pages/Form 2/Socso Employment Start Date Day' is clicked on

2018-12-06 23:01:37 - [TEST_STEP][PASSED] - delay: Delayed 2 second(s)

2018-12-06 23:01:39 - [MESSAGE][PASSED] - Delayed 2 second(s)

2018-12-06 23:01:39 - [TEST_STEP][PASSED] - click: Object: 'Object Repository/Final Object Repo/New Registration - Registration Module Pages/Form 2/Save Button for Add Employee' is clicked on

2018-12-06 23:01:40 - [MESSAGE][PASSED] - Object: 'Object Repository/Final Object Repo/New Registration - Registration Module Pages/Form 2/Save Button for Add Employee' is clicked on

2018-12-06 23:01:40 - [TEST_STEP][PASSED] - delay: Delayed 6 second(s)

2018-12-06 23:01:46 - [MESSAGE][PASSED] - Delayed 6 second(s)

2018-12-06 23:01:46 - [TEST_STEP][PASSED] - click: Object: 'Object Repository/Final Object Repo/New Registration - Registration Module Pages/Form 2/Save and Continue Form 2' is clicked on

2018-12-06 23:01:46 - [MESSAGE][PASSED] - Object: 'Object Repository/Final Object Repo/New Registration - Registration Module Pages/Form 2/Save and Continue Form 2' is clicked on

2018-12-06 23:01:46 - [MESSAGE][PASSED] - Call Test Case 'Test Cases/Final Aug 2018 - PKS Automation/Registration Module/New Registration/Form 2/Add 1 Eligible - Employer Account Use' successfully

2018-12-06 23:01:46 - [TEST_STEP][PASSED] - callTestCase: Call Test Case 'Test Cases/Final Aug 2018 - PKS Automation/Registration Module/New Registration/Flow of New Registration/Third Screen - Upload Supporting Doc - Preview' successfully

2018-12-06 23:01:46 - [TEST_CASE][PASSED] - Test Cases/Final Aug 2018 - PKS Automation/Registration Module/New Registration/Flow of New Registration/Third Screen - Upload Supporting Doc - Preview: Test Cases/Final Aug 2018 - PKS Automation/Registration Module/New Registration/Flow of New Registration/Third Screen - Upload Supporting Doc - Preview

2018-12-06 23:01:46 - [TEST_STEP][PASSED] - waitForPageLoad: Wait for page load successfully

2018-12-06 23:01:47 - [MESSAGE][PASSED] - Wait for page load successfully

2018-12-06 23:01:47 - [TEST_STEP][PASSED] - Statement - CaseReferenceNo = com.kms.katalon.core.webui.keyword.WebUiBuiltInKeywords.getText(com.kms.katalon.core.testobject.ObjectRepository.findTestObject(Final Object Repo/New Registration - Registration Module Pages/Third Screen - Upload Supporting Doc- Preview/RefNo Acquiring)): Text of object 'Object Repository/Final Object Repo/New Registration - Registration Module Pages/Third Screen - Upload Supporting Doc- Preview/RefNo Acquiring' is: 'CRN12201800123068'

2018-12-06 23:01:47 - [MESSAGE][PASSED] - Text of object 'Object Repository/Final Object Repo/New Registration - Registration Module Pages/Third Screen - Upload Supporting Doc- Preview/RefNo Acquiring' is: 'CRN12201800123068'

2018-12-06 23:01:47 - [TEST_STEP][PASSED] - delay: Delayed 2 second(s)

2018-12-06 23:01:49 - [MESSAGE][PASSED] - Delayed 2 second(s)

2018-12-06 23:01:49 - [TEST_STEP][PASSED] - callTestCase: Call Test Case 'Test Cases/Final Aug 2018 - PKS Automation/Common/Reference Number Setter' successfully

2018-12-06 23:01:49 - [TEST_CASE][PASSED] - Test Cases/Final Aug 2018 - PKS Automation/Common/Reference Number Setter: Test Cases/Final Aug 2018 - PKS Automation/Common/Reference Number Setter

2018-12-06 23:01:49 - [TEST_STEP][PASSED] - Statement - RefNoOldFile = new java.io.File(C://Users//Admin//Desktop//PKS//Automation Reference Point//KatalonReference.txt): null

2018-12-06 23:01:49 - [TEST_STEP][PASSED] - Statement - RefNoOldFile.delete(): null

2018-12-06 23:01:49 - [TEST_STEP][PASSED] - delay: Delayed 5 second(s)

2018-12-06 23:01:54 - [MESSAGE][PASSED] - Delayed 5 second(s)

2018-12-06 23:01:54 - [TEST_STEP][PASSED] - Statement - RefNo = new java.io.File(C://Users//Admin//Desktop//PKS//Automation Reference Point//KatalonReference.txt): null

2018-12-06 23:01:54 - [TEST_STEP][PASSED] - Statement - f2 = new java.io.FileWriter(RefNo, false): null

2018-12-06 23:01:54 - [TEST_STEP][PASSED] - Statement - f2.write(CaseReferenceNo): null

2018-12-06 23:01:54 - [TEST_STEP][PASSED] - Statement - f2.close(): null

2018-12-06 23:01:54 - [TEST_STEP][PASSED] - Statement - out.println("


" + CaseReferenceNo + "


"): null

2018-12-06 23:01:54 - [MESSAGE][PASSED] - Call Test Case 'Test Cases/Final Aug 2018 - PKS Automation/Common/Reference Number Setter' successfully

2018-12-06 23:01:54 - [TEST_STEP][PASSED] - waitForElementClickable: Object 'Object Repository/Final Object Repo/New Registration - Registration Module Pages/Third Screen - Upload Supporting Doc- Preview/Save n Continue in SIP Employee Listing Page' is clickable

2018-12-06 23:01:54 - [MESSAGE][PASSED] - Object 'Object Repository/Final Object Repo/New Registration - Registration Module Pages/Third Screen - Upload Supporting Doc- Preview/Save n Continue in SIP Employee Listing Page' is clickable

2018-12-06 23:01:54 - [TEST_STEP][PASSED] - click: Object: 'Object Repository/Final Object Repo/New Registration - Registration Module Pages/Third Screen - Upload Supporting Doc- Preview/Save n Continue in SIP Employee Listing Page' is clicked on

2018-12-06 23:01:59 - [MESSAGE][PASSED] - Object: 'Object Repository/Final Object Repo/New Registration - Registration Module Pages/Third Screen - Upload Supporting Doc- Preview/Save n Continue in SIP Employee Listing Page' is clicked on

2018-12-06 23:01:59 - [TEST_STEP][PASSED] - delay: Delayed 7 second(s)

2018-12-06 23:02:06 - [MESSAGE][PASSED] - Delayed 7 second(s)

2018-12-06 23:02:06 - [TEST_STEP][PASSED] - click: Object: 'Object Repository/Final Object Repo/New Registration - Registration Module Pages/Third Screen - Upload Supporting Doc- Preview/Add Document Button' is clicked on

2018-12-06 23:02:06 - [MESSAGE][PASSED] - Object: 'Object Repository/Final Object Repo/New Registration - Registration Module Pages/Third Screen - Upload Supporting Doc- Preview/Add Document Button' is clicked on

2018-12-06 23:02:06 - [TEST_STEP][PASSED] - delay: Delayed 30 second(s)

2018-12-06 23:02:36 - [MESSAGE][PASSED] - Delayed 30 second(s)

2018-12-06 23:02:36 - [TEST_STEP][PASSED] - click: Object: 'Object Repository/Final Object Repo/New Registration - Registration Module Pages/Third Screen - Upload Supporting Doc- Preview/Supporting Doc Please Select Drop Down' is clicked on

2018-12-06 23:02:37 - [MESSAGE][PASSED] - Object: 'Object Repository/Final Object Repo/New Registration - Registration Module Pages/Third Screen - Upload Supporting Doc- Preview/Supporting Doc Please Select Drop Down' is clicked on

2018-12-06 23:02:37 - [TEST_STEP][PASSED] - delay: Delayed 2 second(s)

2018-12-06 23:02:39 - [MESSAGE][PASSED] - Delayed 2 second(s)

2018-12-06 23:02:39 - [TEST_STEP][PASSED] - click: Object: 'Object Repository/Final Object Repo/New Registration - Registration Module Pages/Third Screen - Upload Supporting Doc- Preview/Select to Upload Form 1' is clicked on

2018-12-06 23:02:39 - [MESSAGE][PASSED] - Object: 'Object Repository/Final Object Repo/New Registration - Registration Module Pages/Third Screen - Upload Supporting Doc- Preview/Select to Upload Form 1' is clicked on

2018-12-06 23:02:39 - [TEST_STEP][PASSED] - delay: Delayed 2 second(s)

2018-12-06 23:02:41 - [MESSAGE][PASSED] - Delayed 2 second(s)

2018-12-06 23:02:41 - [TEST_STEP][PASSED] - uploadFile: File 'C:\Users\Public\Pictures\Sample Pictures\Koala.jpg' sent to object: 'Object Repository/Final Object Repo/New Registration - Registration Module Pages/Third Screen - Upload Supporting Doc- Preview/Upload File Adding'

2018-12-06 23:02:41 - [MESSAGE][PASSED] - File 'C:\Users\Public\Pictures\Sample Pictures\Koala.jpg' sent to object: 'Object Repository/Final Object Repo/New Registration - Registration Module Pages/Third Screen - Upload Supporting Doc- Preview/Upload File Adding'

2018-12-06 23:02:41 - [TEST_STEP][PASSED] - delay: Delayed 5 second(s)

2018-12-06 23:02:46 - [MESSAGE][PASSED] - Delayed 5 second(s)

2018-12-06 23:02:46 - [TEST_STEP][PASSED] - click: Object: 'Object Repository/Final Object Repo/New Registration - Registration Module Pages/Third Screen - Upload Supporting Doc- Preview/Inner Form Add Document Button' is clicked on

2018-12-06 23:02:46 - [MESSAGE][PASSED] - Object: 'Object Repository/Final Object Repo/New Registration - Registration Module Pages/Third Screen - Upload Supporting Doc- Preview/Inner Form Add Document Button' is clicked on

2018-12-06 23:02:46 - [TEST_STEP][PASSED] - delay: Delayed 3 second(s)

2018-12-06 23:02:49 - [MESSAGE][PASSED] - Delayed 3 second(s)

2018-12-06 23:02:49 - [TEST_STEP][PASSED] - click: Object: 'Object Repository/Final Object Repo/New Registration - Registration Module Pages/Third Screen - Upload Supporting Doc- Preview/Add Document Button' is clicked on

2018-12-06 23:02:50 - [MESSAGE][PASSED] - Object: 'Object Repository/Final Object Repo/New Registration - Registration Module Pages/Third Screen - Upload Supporting Doc- Preview/Add Document Button' is clicked on

2018-12-06 23:02:50 - [TEST_STEP][PASSED] - delay: Delayed 30 second(s)

2018-12-06 23:03:20 - [MESSAGE][PASSED] - Delayed 30 second(s)

2018-12-06 23:03:20 - [TEST_STEP][PASSED] - click: Object: 'Object Repository/Final Object Repo/New Registration - Registration Module Pages/Third Screen - Upload Supporting Doc- Preview/Supporting Doc Please Select Drop Down' is clicked on

2018-12-06 23:03:20 - [MESSAGE][PASSED] - Object: 'Object Repository/Final Object Repo/New Registration - Registration Module Pages/Third Screen - Upload Supporting Doc- Preview/Supporting Doc Please Select Drop Down' is clicked on

2018-12-06 23:03:20 - [TEST_STEP][PASSED] - delay: Delayed 2 second(s)

2018-12-06 23:03:22 - [MESSAGE][PASSED] - Delayed 2 second(s)

2018-12-06 23:03:22 - [TEST_STEP][PASSED] - click: Object: 'Object Repository/Final Object Repo/New Registration - Registration Module Pages/Third Screen - Upload Supporting Doc- Preview/Select to Upload Form 2' is clicked on

2018-12-06 23:03:23 - [MESSAGE][PASSED] - Object: 'Object Repository/Final Object Repo/New Registration - Registration Module Pages/Third Screen - Upload Supporting Doc- Preview/Select to Upload Form 2' is clicked on

2018-12-06 23:03:23 - [TEST_STEP][PASSED] - delay: Delayed 2 second(s)

2018-12-06 23:03:25 - [MESSAGE][PASSED] - Delayed 2 second(s)

2018-12-06 23:03:25 - [TEST_STEP][PASSED] - uploadFile: File 'C:\Users\Public\Pictures\Sample Pictures\Koala.jpg' sent to object: 'Object Repository/Final Object Repo/New Registration - Registration Module Pages/Third Screen - Upload Supporting Doc- Preview/Upload File Adding'

2018-12-06 23:03:25 - [MESSAGE][PASSED] - File 'C:\Users\Public\Pictures\Sample Pictures\Koala.jpg' sent to object: 'Object Repository/Final Object Repo/New Registration - Registration Module Pages/Third Screen - Upload Supporting Doc- Preview/Upload File Adding'

2018-12-06 23:03:25 - [TEST_STEP][PASSED] - click: Object: 'Object Repository/Final Object Repo/New Registration - Registration Module Pages/Third Screen - Upload Supporting Doc- Preview/Inner Form Add Document Button' is clicked on

2018-12-06 23:03:25 - [MESSAGE][PASSED] - Object: 'Object Repository/Final Object Repo/New Registration - Registration Module Pages/Third Screen - Upload Supporting Doc- Preview/Inner Form Add Document Button' is clicked on

2018-12-06 23:03:25 - [TEST_STEP][PASSED] - delay: Delayed 5 second(s)

2018-12-06 23:03:30 - [MESSAGE][PASSED] - Delayed 5 second(s)

2018-12-06 23:03:30 - [TEST_STEP][PASSED] - click: Object: 'Object Repository/Final Object Repo/New Registration - Registration Module Pages/Third Screen - Upload Supporting Doc- Preview/Add Document Button' is clicked on

2018-12-06 23:03:30 - [MESSAGE][PASSED] - Object: 'Object Repository/Final Object Repo/New Registration - Registration Module Pages/Third Screen - Upload Supporting Doc- Preview/Add Document Button' is clicked on

2018-12-06 23:03:30 - [TEST_STEP][PASSED] - delay: Delayed 30 second(s)

2018-12-06 23:04:00 - [MESSAGE][PASSED] - Delayed 30 second(s)

2018-12-06 23:04:00 - [TEST_STEP][PASSED] - click: Object: 'Object Repository/Final Object Repo/New Registration - Registration Module Pages/Third Screen - Upload Supporting Doc- Preview/Supporting Doc Please Select Drop Down' is clicked on

2018-12-06 23:04:00 - [MESSAGE][PASSED] - Object: 'Object Repository/Final Object Repo/New Registration - Registration Module Pages/Third Screen - Upload Supporting Doc- Preview/Supporting Doc Please Select Drop Down' is clicked on

2018-12-06 23:04:00 - [TEST_STEP][PASSED] - click: Object: 'Object Repository/Final Object Repo/New Registration - Registration Module Pages/Third Screen - Upload Supporting Doc- Preview/Select to Upload Borang SIP 1' is clicked on

2018-12-06 23:04:00 - [MESSAGE][PASSED] - Object: 'Object Repository/Final Object Repo/New Registration - Registration Module Pages/Third Screen - Upload Supporting Doc- Preview/Select to Upload Borang SIP 1' is clicked on

2018-12-06 23:04:00 - [TEST_STEP][PASSED] - delay: Delayed 2 second(s)

2018-12-06 23:04:02 - [MESSAGE][PASSED] - Delayed 2 second(s)

2018-12-06 23:04:02 - [TEST_STEP][PASSED] - uploadFile: File 'C:\Users\Public\Pictures\Sample Pictures\Koala.jpg' sent to object: 'Object Repository/Final Object Repo/New Registration - Registration Module Pages/Third Screen - Upload Supporting Doc- Preview/Upload File Adding'

2018-12-06 23:04:02 - [MESSAGE][PASSED] - File 'C:\Users\Public\Pictures\Sample Pictures\Koala.jpg' sent to object: 'Object Repository/Final Object Repo/New Registration - Registration Module Pages/Third Screen - Upload Supporting Doc- Preview/Upload File Adding'

2018-12-06 23:04:02 - [TEST_STEP][PASSED] - click: Object: 'Object Repository/Final Object Repo/New Registration - Registration Module Pages/Third Screen - Upload Supporting Doc- Preview/Inner Form Add Document Button' is clicked on

2018-12-06 23:04:03 - [MESSAGE][PASSED] - Object: 'Object Repository/Final Object Repo/New Registration - Registration Module Pages/Third Screen - Upload Supporting Doc- Preview/Inner Form Add Document Button' is clicked on

2018-12-06 23:04:03 - [TEST_STEP][PASSED] - delay: Delayed 5 second(s)

2018-12-06 23:04:08 - [MESSAGE][PASSED] - Delayed 5 second(s)

2018-12-06 23:04:08 - [TEST_STEP][PASSED] - click: Object: 'Object Repository/Final Object Repo/New Registration - Registration Module Pages/Third Screen - Upload Supporting Doc- Preview/Add Document Button' is clicked on

2018-12-06 23:04:08 - [MESSAGE][PASSED] - Object: 'Object Repository/Final Object Repo/New Registration - Registration Module Pages/Third Screen - Upload Supporting Doc- Preview/Add Document Button' is clicked on

2018-12-06 23:04:08 - [TEST_STEP][PASSED] - delay: Delayed 30 second(s)

2018-12-06 23:04:38 - [MESSAGE][PASSED] - Delayed 30 second(s)

2018-12-06 23:04:38 - [TEST_STEP][PASSED] - click: Object: 'Object Repository/Final Object Repo/New Registration - Registration Module Pages/Third Screen - Upload Supporting Doc- Preview/Supporting Doc Please Select Drop Down' is clicked on

2018-12-06 23:04:38 - [MESSAGE][PASSED] - Object: 'Object Repository/Final Object Repo/New Registration - Registration Module Pages/Third Screen - Upload Supporting Doc- Preview/Supporting Doc Please Select Drop Down' is clicked on

2018-12-06 23:04:38 - [TEST_STEP][PASSED] - delay: Delayed 3 second(s)

2018-12-06 23:04:41 - [MESSAGE][PASSED] - Delayed 3 second(s)

2018-12-06 23:04:41 - [TEST_STEP][PASSED] - click: Object: 'Object Repository/Final Object Repo/New Registration - Registration Module Pages/Third Screen - Upload Supporting Doc- Preview/Select to Upload Borang SIP 2' is clicked on

2018-12-06 23:04:41 - [MESSAGE][PASSED] - Object: 'Object Repository/Final Object Repo/New Registration - Registration Module Pages/Third Screen - Upload Supporting Doc- Preview/Select to Upload Borang SIP 2' is clicked on

2018-12-06 23:04:41 - [TEST_STEP][PASSED] - delay: Delayed 2 second(s)

2018-12-06 23:04:43 - [MESSAGE][PASSED] - Delayed 2 second(s)

2018-12-06 23:04:43 - [TEST_STEP][PASSED] - uploadFile: File 'C:\Users\Public\Pictures\Sample Pictures\Koala.jpg' sent to object: 'Object Repository/Final Object Repo/New Registration - Registration Module Pages/Third Screen - Upload Supporting Doc- Preview/Upload File Adding'

2018-12-06 23:04:43 - [MESSAGE][PASSED] - File 'C:\Users\Public\Pictures\Sample Pictures\Koala.jpg' sent to object: 'Object Repository/Final Object Repo/New Registration - Registration Module Pages/Third Screen - Upload Supporting Doc- Preview/Upload File Adding'

2018-12-06 23:04:43 - [TEST_STEP][PASSED] - delay: Delayed 5 second(s)

2018-12-06 23:04:48 - [MESSAGE][PASSED] - Delayed 5 second(s)

2018-12-06 23:04:48 - [TEST_STEP][PASSED] - click: Object: 'Object Repository/Final Object Repo/New Registration - Registration Module Pages/Third Screen - Upload Supporting Doc- Preview/Inner Form Add Document Button' is clicked on

2018-12-06 23:04:49 - [MESSAGE][PASSED] - Object: 'Object Repository/Final Object Repo/New Registration - Registration Module Pages/Third Screen - Upload Supporting Doc- Preview/Inner Form Add Document Button' is clicked on

2018-12-06 23:04:49 - [TEST_STEP][PASSED] - delay: Delayed 3 second(s)

2018-12-06 23:04:52 - [MESSAGE][PASSED] - Delayed 3 second(s)

2018-12-06 23:04:52 - [TEST_STEP][PASSED] - waitForElementClickable: Object 'Object Repository/Final Object Repo/New Registration - Registration Module Pages/Third Screen - Upload Supporting Doc- Preview/Save n Continue in Uploading Supporting Doc Page' is clickable

2018-12-06 23:04:53 - [MESSAGE][PASSED] - Object 'Object Repository/Final Object Repo/New Registration - Registration Module Pages/Third Screen - Upload Supporting Doc- Preview/Save n Continue in Uploading Supporting Doc Page' is clickable

2018-12-06 23:04:53 - [TEST_STEP][PASSED] - click: Object: 'Object Repository/Final Object Repo/New Registration - Registration Module Pages/Third Screen - Upload Supporting Doc- Preview/Save n Continue in Uploading Supporting Doc Page' is clicked on

2018-12-06 23:04:53 - [MESSAGE][PASSED] - Object: 'Object Repository/Final Object Repo/New Registration - Registration Module Pages/Third Screen - Upload Supporting Doc- Preview/Save n Continue in Uploading Supporting Doc Page' is clicked on

2018-12-06 23:04:53 - [MESSAGE][PASSED] - Call Test Case 'Test Cases/Final Aug 2018 - PKS Automation/Registration Module/New Registration/Flow of New Registration/Third Screen - Upload Supporting Doc - Preview' successfully

2018-12-06 23:04:53 - [TEST_STEP][PASSED] - setText: Text 'Tester' is set on object 'Object Repository/Final Object Repo/New Registration - Registration Module Pages/New Reg - OTC to RO/Special Case - All Related Objects/Employer Preview Name'

2018-12-06 23:04:58 - [MESSAGE][PASSED] - Text 'Tester' is set on object 'Object Repository/Final Object Repo/New Registration - Registration Module Pages/New Reg - OTC to RO/Special Case - All Related Objects/Employer Preview Name'

2018-12-06 23:04:58 - [TEST_STEP][PASSED] - click: Object: 'Object Repository/Final Object Repo/New Registration - Registration Module Pages/New Reg - OTC to RO/Special Case - All Related Objects/IC Type Drop Down' is clicked on

2018-12-06 23:04:58 - [MESSAGE][PASSED] - Object: 'Object Repository/Final Object Repo/New Registration - Registration Module Pages/New Reg - OTC to RO/Special Case - All Related Objects/IC Type Drop Down' is clicked on

2018-12-06 23:04:58 - [TEST_STEP][PASSED] - click: Object: 'Object Repository/Final Object Repo/New Registration - Registration Module Pages/New Reg - OTC to RO/Special Case - All Related Objects/Select to NRIC' is clicked on

2018-12-06 23:04:58 - [MESSAGE][PASSED] - Object: 'Object Repository/Final Object Repo/New Registration - Registration Module Pages/New Reg - OTC to RO/Special Case - All Related Objects/Select to NRIC' is clicked on

2018-12-06 23:04:58 - [TEST_STEP][PASSED] - setText: Text '133245561223' is set on object 'Object Repository/Final Object Repo/New Registration - Registration Module Pages/New Reg - OTC to RO/Special Case - All Related Objects/IC Value'

2018-12-06 23:04:58 - [MESSAGE][PASSED] - Text '133245561223' is set on object 'Object Repository/Final Object Repo/New Registration - Registration Module Pages/New Reg - OTC to RO/Special Case - All Related Objects/IC Value'

2018-12-06 23:04:58 - [TEST_STEP][PASSED] - setText: Text 'Auto' is set on object 'Object Repository/Final Object Repo/New Registration - Registration Module Pages/New Reg - OTC to RO/Special Case - All Related Objects/Designation'

2018-12-06 23:04:58 - [MESSAGE][PASSED] - Text 'Auto' is set on object 'Object Repository/Final Object Repo/New Registration - Registration Module Pages/New Reg - OTC to RO/Special Case - All Related Objects/Designation'

2018-12-06 23:04:58 - [TEST_STEP][PASSED] - callTestCase: Call Test Case 'Test Cases/Final Aug 2018 - PKS Automation/Registration Module/New Registration/Submit and Screenshot/Submit Registration and Screenshot - Copy' successfully

2018-12-06 23:04:58 - [TEST_CASE][PASSED] - Test Cases/Final Aug 2018 - PKS Automation/Registration Module/New Registration/Submit and Screenshot/Submit Registration and Screenshot - Copy: Test Cases/Final Aug 2018 - PKS Automation/Registration Module/New Registration/Submit and Screenshot/Submit Registration and Screenshot - Copy

2018-12-06 23:04:58 - [TEST_STEP][PASSED] - delay: Delayed 6 second(s)

2018-12-06 23:05:04 - [MESSAGE][PASSED] - Delayed 6 second(s)

2018-12-06 23:05:04 - [TEST_STEP][PASSED] - click: Object: 'Object Repository/Final Object Repo/New Registration - Registration Module Pages/Third Screen - Upload Supporting Doc- Preview/Preview Submit Button' is clicked on

2018-12-06 23:05:05 - [MESSAGE][PASSED] - Object: 'Object Repository/Final Object Repo/New Registration - Registration Module Pages/Third Screen - Upload Supporting Doc- Preview/Preview Submit Button' is clicked on

2018-12-06 23:05:05 - [TEST_STEP][PASSED] - delay: Delayed 2 second(s)

2018-12-06 23:05:07 - [MESSAGE][PASSED] - Delayed 2 second(s)

2018-12-06 23:05:07 - [TEST_STEP][PASSED] - click: Object: 'Object Repository/Final Object Repo/New Registration - Registration Module Pages/Third Screen - Upload Supporting Doc- Preview/Preview Submit - Confirm' is clicked on

2018-12-06 23:05:07 - [MESSAGE][PASSED] - Object: 'Object Repository/Final Object Repo/New Registration - Registration Module Pages/Third Screen - Upload Supporting Doc- Preview/Preview Submit - Confirm' is clicked on

2018-12-06 23:05:07 - [TEST_STEP][PASSED] - delay: Delayed 15 second(s)

2018-12-06 23:05:22 - [MESSAGE][PASSED] - Delayed 15 second(s)

2018-12-06 23:05:22 - [TEST_STEP][PASSED] - Statement - driver = com.kms.katalon.core.webui.driver.DriverFactory.getWebDriver(): null

2018-12-06 23:05:22 - [TEST_STEP][PASSED] - Statement - driver.manage().timeouts().implicitlyWait(10, SECONDS): null

2018-12-06 23:05:22 - [TEST_STEP][PASSED] - Statement - PresavePath = KatalonScreenshots: null

2018-12-06 23:05:22 - [TEST_STEP][PASSED] - Statement - pathPrefix = "C:\Users\Public\Pictures\Sample Pictures\Katalon Screenshots\Automate Ending Screen": null

2018-12-06 23:05:22 - [TEST_STEP][PASSED] - Statement - finalPath = <not implemented yet for class: org.codehaus.groovy.ast.expr.EmptyExpression>: null

2018-12-06 23:05:22 - [TEST_STEP][PASSED] - Statement - scrFile = driver.getScreenshotAs(FILE): null

2018-12-06 23:05:22 - [TEST_STEP][PASSED] - Statement - PreSaveFile = new java.io.File(PresavePath): null

2018-12-06 23:05:22 - [TEST_STEP][PASSED] - Statement - counter = 0: null

2018-12-06 23:05:22 - [TEST_STEP][PASSED] - Statement - If (PreSaveFile.exists()): null

2018-12-06 23:05:22 - [TEST_STEP][PASSED] - Statement - While (PreSaveFile.exists()): null

2018-12-06 23:05:22 - [TEST_STEP][PASSED] - Statement - counter = counter + 1: null

2018-12-06 23:05:22 - [TEST_STEP][PASSED] - Statement - PreSaveFile = new java.io.File(((pathPrefix + java.lang.Integer.toString(counter)) + .png)): null

2018-12-06 23:05:22 - [TEST_STEP][PASSED] - Statement - counter = counter + 1: null

2018-12-06 23:05:22 - [TEST_STEP][PASSED] - Statement - PreSaveFile = new java.io.File(((pathPrefix + java.lang.Integer.toString(counter)) + .png)): null

2018-12-06 23:05:22 - [TEST_STEP][PASSED] - Statement - counter = counter + 1: null

2018-12-06 23:05:22 - [TEST_STEP][PASSED] - Statement - PreSaveFile = new java.io.File(((pathPrefix + java.lang.Integer.toString(counter)) + .png)): null

2018-12-06 23:05:22 - [TEST_STEP][PASSED] - Statement - counter = counter + 1: null

2018-12-06 23:05:22 - [TEST_STEP][PASSED] - Statement - PreSaveFile = new java.io.File(((pathPrefix + java.lang.Integer.toString(counter)) + .png)): null

2018-12-06 23:05:22 - [TEST_STEP][PASSED] - Statement - counter = counter + 1: null

2018-12-06 23:05:22 - [TEST_STEP][PASSED] - Statement - PreSaveFile = new java.io.File(((pathPrefix + java.lang.Integer.toString(counter)) + .png)): null

2018-12-06 23:05:22 - [TEST_STEP][PASSED] - Statement - counter = counter + 1: null

2018-12-06 23:05:22 - [TEST_STEP][PASSED] - Statement - PreSaveFile = new java.io.File(((pathPrefix + java.lang.Integer.toString(counter)) + .png)): null

2018-12-06 23:05:22 - [TEST_STEP][PASSED] - Statement - counter = counter + 1: null

2018-12-06 23:05:22 - [TEST_STEP][PASSED] - Statement - PreSaveFile = new java.io.File(((pathPrefix + java.lang.Integer.toString(counter)) + .png)): null

2018-12-06 23:05:22 - [TEST_STEP][PASSED] - Statement - counter = counter + 1: null

2018-12-06 23:05:22 - [TEST_STEP][PASSED] - Statement - PreSaveFile = new java.io.File(((pathPrefix + java.lang.Integer.toString(counter)) + .png)): null

2018-12-06 23:05:22 - [TEST_STEP][PASSED] - Statement - counter = counter + 1: null

2018-12-06 23:05:22 - [TEST_STEP][PASSED] - Statement - PreSaveFile = new java.io.File(((pathPrefix + java.lang.Integer.toString(counter)) + .png)): null

2018-12-06 23:05:22 - [TEST_STEP][PASSED] - Statement - counter = counter + 1: null

2018-12-06 23:05:22 - [TEST_STEP][PASSED] - Statement - PreSaveFile = new java.io.File(((pathPrefix + java.lang.Integer.toString(counter)) + .png)): null

2018-12-06 23:05:22 - [TEST_STEP][PASSED] - Statement - counter = counter + 1: null

2018-12-06 23:05:22 - [TEST_STEP][PASSED] - Statement - PreSaveFile = new java.io.File(((pathPrefix + java.lang.Integer.toString(counter)) + .png)): null

2018-12-06 23:05:22 - [TEST_STEP][PASSED] - Statement - counter = counter + 1: null

2018-12-06 23:05:22 - [TEST_STEP][PASSED] - Statement - PreSaveFile = new java.io.File(((pathPrefix + java.lang.Integer.toString(counter)) + .png)): null

2018-12-06 23:05:22 - [TEST_STEP][PASSED] - Statement - counter = counter + 1: null

2018-12-06 23:05:22 - [TEST_STEP][PASSED] - Statement - PreSaveFile = new java.io.File(((pathPrefix + java.lang.Integer.toString(counter)) + .png)): null

2018-12-06 23:05:22 - [TEST_STEP][PASSED] - Statement - counter = counter + 1: null

2018-12-06 23:05:22 - [TEST_STEP][PASSED] - Statement - PreSaveFile = new java.io.File(((pathPrefix + java.lang.Integer.toString(counter)) + .png)): null

2018-12-06 23:05:22 - [TEST_STEP][PASSED] - Statement - counter = counter + 1: null

2018-12-06 23:05:22 - [TEST_STEP][PASSED] - Statement - PreSaveFile = new java.io.File(((pathPrefix + java.lang.Integer.toString(counter)) + .png)): null

2018-12-06 23:05:22 - [TEST_STEP][PASSED] - Statement - counter = counter + 1: null

2018-12-06 23:05:22 - [TEST_STEP][PASSED] - Statement - PreSaveFile = new java.io.File(((pathPrefix + java.lang.Integer.toString(counter)) + .png)): null

2018-12-06 23:05:22 - [TEST_STEP][PASSED] - Statement - counter = counter + 1: null

2018-12-06 23:05:22 - [TEST_STEP][PASSED] - Statement - PreSaveFile = new java.io.File(((pathPrefix + java.lang.Integer.toString(counter)) + .png)): null

2018-12-06 23:05:22 - [TEST_STEP][PASSED] - Statement - counter = counter + 1: null

2018-12-06 23:05:22 - [TEST_STEP][PASSED] - Statement - PreSaveFile = new java.io.File(((pathPrefix + java.lang.Integer.toString(counter)) + .png)): null

2018-12-06 23:05:22 - [TEST_STEP][PASSED] - Statement - counter = counter + 1: null

2018-12-06 23:05:22 - [TEST_STEP][PASSED] - Statement - PreSaveFile = new java.io.File(((pathPrefix + java.lang.Integer.toString(counter)) + .png)): null

2018-12-06 23:05:22 - [TEST_STEP][PASSED] - Statement - counter = counter + 1: null

2018-12-06 23:05:22 - [TEST_STEP][PASSED] - Statement - PreSaveFile = new java.io.File(((pathPrefix + java.lang.Integer.toString(counter)) + .png)): null

2018-12-06 23:05:22 - [TEST_STEP][PASSED] - Statement - counter = counter + 1: null

2018-12-06 23:05:22 - [TEST_STEP][PASSED] - Statement - PreSaveFile = new java.io.File(((pathPrefix + java.lang.Integer.toString(counter)) + .png)): null

2018-12-06 23:05:22 - [TEST_STEP][PASSED] - Statement - counter = counter + 1: null

2018-12-06 23:05:22 - [TEST_STEP][PASSED] - Statement - PreSaveFile = new java.io.File(((pathPrefix + java.lang.Integer.toString(counter)) + .png)): null

2018-12-06 23:05:22 - [TEST_STEP][PASSED] - Statement - counter = counter + 1: null

2018-12-06 23:05:22 - [TEST_STEP][PASSED] - Statement - PreSaveFile = new java.io.File(((pathPrefix + java.lang.Integer.toString(counter)) + .png)): null

2018-12-06 23:05:22 - [TEST_STEP][PASSED] - Statement - counter = counter + 1: null

2018-12-06 23:05:22 - [TEST_STEP][PASSED] - Statement - PreSaveFile = new java.io.File(((pathPrefix + java.lang.Integer.toString(counter)) + .png)): null

2018-12-06 23:05:22 - [TEST_STEP][PASSED] - Statement - counter = counter + 1: null

2018-12-06 23:05:22 - [TEST_STEP][PASSED] - Statement - PreSaveFile = new java.io.File(((pathPrefix + java.lang.Integer.toString(counter)) + .png)): null

2018-12-06 23:05:22 - [TEST_STEP][PASSED] - Statement - counter = counter + 1: null

2018-12-06 23:05:22 - [TEST_STEP][PASSED] - Statement - PreSaveFile = new java.io.File(((pathPrefix + java.lang.Integer.toString(counter)) + .png)): null

2018-12-06 23:05:22 - [TEST_STEP][PASSED] - Statement - counter = counter + 1: null

2018-12-06 23:05:22 - [TEST_STEP][PASSED] - Statement - PreSaveFile = new java.io.File(((pathPrefix + java.lang.Integer.toString(counter)) + .png)): null

2018-12-06 23:05:22 - [TEST_STEP][PASSED] - Statement - counter = counter + 1: null

2018-12-06 23:05:22 - [TEST_STEP][PASSED] - Statement - PreSaveFile = new java.io.File(((pathPrefix + java.lang.Integer.toString(counter)) + .png)): null

2018-12-06 23:05:22 - [TEST_STEP][PASSED] - Statement - counter = counter + 1: null

2018-12-06 23:05:22 - [TEST_STEP][PASSED] - Statement - PreSaveFile = new java.io.File(((pathPrefix + java.lang.Integer.toString(counter)) + .png)): null

2018-12-06 23:05:22 - [TEST_STEP][PASSED] - Statement - counter = counter + 1: null

2018-12-06 23:05:22 - [TEST_STEP][PASSED] - Statement - PreSaveFile = new java.io.File(((pathPrefix + java.lang.Integer.toString(counter)) + .png)): null

2018-12-06 23:05:22 - [TEST_STEP][PASSED] - Statement - counter = counter + 1: null

2018-12-06 23:05:22 - [TEST_STEP][PASSED] - Statement - PreSaveFile = new java.io.File(((pathPrefix + java.lang.Integer.toString(counter)) + .png)): null

2018-12-06 23:05:22 - [TEST_STEP][PASSED] - Statement - counter = counter + 1: null

2018-12-06 23:05:22 - [TEST_STEP][PASSED] - Statement - PreSaveFile = new java.io.File(((pathPrefix + java.lang.Integer.toString(counter)) + .png)): null

2018-12-06 23:05:22 - [TEST_STEP][PASSED] - Statement - counter = counter + 1: null

2018-12-06 23:05:22 - [TEST_STEP][PASSED] - Statement - PreSaveFile = new java.io.File(((pathPrefix + java.lang.Integer.toString(counter)) + .png)): null

2018-12-06 23:05:22 - [TEST_STEP][PASSED] - Statement - counter = counter + 1: null

2018-12-06 23:05:22 - [TEST_STEP][PASSED] - Statement - PreSaveFile = new java.io.File(((pathPrefix + java.lang.Integer.toString(counter)) + .png)): null

2018-12-06 23:05:22 - [TEST_STEP][PASSED] - Statement - counter = counter + 1: null

2018-12-06 23:05:22 - [TEST_STEP][PASSED] - Statement - PreSaveFile = new java.io.File(((pathPrefix + java.lang.Integer.toString(counter)) + .png)): null

2018-12-06 23:05:22 - [TEST_STEP][PASSED] - Statement - counter = counter + 1: null

2018-12-06 23:05:22 - [TEST_STEP][PASSED] - Statement - PreSaveFile = new java.io.File(((pathPrefix + java.lang.Integer.toString(counter)) + .png)): null

2018-12-06 23:05:22 - [TEST_STEP][PASSED] - Statement - counter = counter + 1: null

2018-12-06 23:05:22 - [TEST_STEP][PASSED] - Statement - PreSaveFile = new java.io.File(((pathPrefix + java.lang.Integer.toString(counter)) + .png)): null

2018-12-06 23:05:22 - [TEST_STEP][PASSED] - Statement - counter = counter + 1: null

2018-12-06 23:05:22 - [TEST_STEP][PASSED] - Statement - PreSaveFile = new java.io.File(((pathPrefix + java.lang.Integer.toString(counter)) + .png)): null

2018-12-06 23:05:22 - [TEST_STEP][PASSED] - Statement - counter = counter + 1: null

2018-12-06 23:05:22 - [TEST_STEP][PASSED] - Statement - PreSaveFile = new java.io.File(((pathPrefix + java.lang.Integer.toString(counter)) + .png)): null

2018-12-06 23:05:22 - [TEST_STEP][PASSED] - Statement - counter = counter + 1: null

2018-12-06 23:05:22 - [TEST_STEP][PASSED] - Statement - PreSaveFile = new java.io.File(((pathPrefix + java.lang.Integer.toString(counter)) + .png)): null

2018-12-06 23:05:22 - [TEST_STEP][PASSED] - Statement - counter = counter + 1: null

2018-12-06 23:05:22 - [TEST_STEP][PASSED] - Statement - PreSaveFile = new java.io.File(((pathPrefix + java.lang.Integer.toString(counter)) + .png)): null

2018-12-06 23:05:22 - [TEST_STEP][PASSED] - Statement - counter = counter + 1: null

2018-12-06 23:05:22 - [TEST_STEP][PASSED] - Statement - PreSaveFile = new java.io.File(((pathPrefix + java.lang.Integer.toString(counter)) + .png)): null

2018-12-06 23:05:22 - [TEST_STEP][PASSED] - Statement - counter = counter + 1: null

2018-12-06 23:05:22 - [TEST_STEP][PASSED] - Statement - PreSaveFile = new java.io.File(((pathPrefix + java.lang.Integer.toString(counter)) + .png)): null

2018-12-06 23:05:22 - [TEST_STEP][PASSED] - Statement - counter = counter + 1: null

2018-12-06 23:05:22 - [TEST_STEP][PASSED] - Statement - PreSaveFile = new java.io.File(((pathPrefix + java.lang.Integer.toString(counter)) + .png)): null

2018-12-06 23:05:22 - [TEST_STEP][PASSED] - Statement - counter = counter + 1: null

2018-12-06 23:05:22 - [TEST_STEP][PASSED] - Statement - PreSaveFile = new java.io.File(((pathPrefix + java.lang.Integer.toString(counter)) + .png)): null

2018-12-06 23:05:22 - [TEST_STEP][PASSED] - Statement - counter = counter + 1: null

2018-12-06 23:05:22 - [TEST_STEP][PASSED] - Statement - PreSaveFile = new java.io.File(((pathPrefix + java.lang.Integer.toString(counter)) + .png)): null

2018-12-06 23:05:22 - [TEST_STEP][PASSED] - Statement - counter = counter + 1: null

2018-12-06 23:05:22 - [TEST_STEP][PASSED] - Statement - PreSaveFile = new java.io.File(((pathPrefix + java.lang.Integer.toString(counter)) + .png)): null

2018-12-06 23:05:22 - [TEST_STEP][PASSED] - Statement - counter = counter + 1: null

2018-12-06 23:05:22 - [TEST_STEP][PASSED] - Statement - PreSaveFile = new java.io.File(((pathPrefix + java.lang.Integer.toString(counter)) + .png)): null

2018-12-06 23:05:22 - [TEST_STEP][PASSED] - Statement - finalPath = pathPrefix + java.lang.Integer.toString(counter) + ".png": null

2018-12-06 23:05:22 - [TEST_STEP][PASSED] - Statement - SaveFile = new java.io.File(finalPath): null

2018-12-06 23:05:22 - [TEST_STEP][PASSED] - Statement - Try: null

2018-12-06 23:05:22 - [TEST_STEP][PASSED] - Statement - org.apache.commons.io.FileUtils.copyFile(scrFile, SaveFile): null

2018-12-06 23:05:22 - [TEST_STEP][PASSED] - Statement - out.println("file kept"): null

2018-12-06 23:05:22 - [TEST_STEP][PASSED] - delay: Delayed 10 second(s)

2018-12-06 23:05:32 - [MESSAGE][PASSED] - Delayed 10 second(s)

2018-12-06 23:05:32 - [MESSAGE][PASSED] - Call Test Case 'Test Cases/Final Aug 2018 - PKS Automation/Registration Module/New Registration/Submit and Screenshot/Submit Registration and Screenshot - Copy' successfully

2018-12-06 23:05:32 - [TEST_STEP][PASSED] - Statement - UpdateAddNewECode = com.kms.katalon.core.webui.keyword.WebUiBuiltInKeywords.getText(com.kms.katalon.core.testobject.ObjectRepository.findTestObject(Object Repository/Final Object Repo/Page_Update Add New Employee - ASSIST/getEmpCode)): Text of object 'Object Repository/Final Object Repo/Page_Update Add New Employee - ASSIST/getEmpCode' is: 'E1102070650V'

2018-12-06 23:05:32 - [MESSAGE][PASSED] - Text of object 'Object Repository/Final Object Repo/Page_Update Add New Employee - ASSIST/getEmpCode' is: 'E1102070650V'

2018-12-06 23:05:32 - [TEST_STEP][PASSED] - callTestCase: Call Test Case 'Test Cases/Final Aug 2018 - PKS Automation/Common/Emp Code Setter' successfully

2018-12-06 23:05:32 - [TEST_CASE][PASSED] - Test Cases/Final Aug 2018 - PKS Automation/Common/Emp Code Setter: Test Cases/Final Aug 2018 - PKS Automation/Common/Emp Code Setter

2018-12-06 23:05:32 - [TEST_STEP][PASSED] - Statement - EmpCodeOld = new java.io.File(C://Users//Admin//Desktop//PKS//Automation Reference Point//EmpCode.txt): null

2018-12-06 23:05:32 - [TEST_STEP][PASSED] - Statement - EmpCodeOld.delete(): null

2018-12-06 23:05:32 - [TEST_STEP][PASSED] - Statement - EmpCode = new java.io.File(C://Users//Admin//Desktop//PKS//Automation Reference Point//EmpCode.txt): null

2018-12-06 23:05:32 - [TEST_STEP][PASSED] - Statement - f2 = new java.io.FileWriter(EmpCode, false): null

2018-12-06 23:05:32 - [TEST_STEP][PASSED] - Statement - f2.write(UpdateAddNewECode): null

2018-12-06 23:05:32 - [TEST_STEP][PASSED] - Statement - f2.close(): null

2018-12-06 23:05:32 - [TEST_STEP][PASSED] - Statement - out.println("


" + UpdateAddNewECode + "


"): null

2018-12-06 23:05:32 - [MESSAGE][PASSED] - Call Test Case 'Test Cases/Final Aug 2018 - PKS Automation/Common/Emp Code Setter' successfully

2018-12-06 23:05:32 - [MESSAGE][PASSED] - Call Test Case 'Test Cases/Final Aug 2018 - PKS Automation/Registration Module/Workflow/Update Add New Employee/Template/New Company for Update Add New - Employer' successfully

2018-12-06 23:05:32 - [TEST_STEP][PASSED] - callTestCase: Call Test Case 'Test Cases/Final Aug 2018 - PKS Automation/Registration Module/Log Out/log out avoiding katalon tagging' successfully

2018-12-06 23:05:33 - [TEST_CASE][PASSED] - Test Cases/Final Aug 2018 - PKS Automation/Registration Module/Log Out/log out avoiding katalon tagging: Test Cases/Final Aug 2018 - PKS Automation/Registration Module/Log Out/log out avoiding katalon tagging

2018-12-06 23:05:33 - [TEST_STEP][PASSED] - navigateToUrl: Navigate to 'https://assist2-uat.perkeso.gov.my/c/portal/logout' successfully

2018-12-06 23:05:33 - [MESSAGE][PASSED] - Navigate to 'https://assist2-uat.perkeso.gov.my/c/portal/logout' successfully

2018-12-06 23:05:33 - [MESSAGE][PASSED] - Call Test Case 'Test Cases/Final Aug 2018 - PKS Automation/Registration Module/Log Out/log out avoiding katalon tagging' successfully

2018-12-06 23:05:33 - [TEST_STEP][PASSED] - callTestCase: Call Test Case 'Test Cases/Final Aug 2018 - PKS Automation/Registration Module/New Registration/Form 2/Date Updater' successfully

2018-12-06 23:05:33 - [TEST_CASE][PASSED] - Test Cases/Final Aug 2018 - PKS Automation/Registration Module/New Registration/Form 2/Date Updater: Test Cases/Final Aug 2018 - PKS Automation/Registration Module/New Registration/Form 2/Date Updater

2018-12-06 23:05:33 - [TEST_STEP][PASSED] - Statement - TodayDate = new java.util.Date(): null

2018-12-06 23:05:33 - [TEST_STEP][PASSED] - Statement - CurrentDateNoFilter = new java.text.SimpleDateFormat(): null

2018-12-06 23:05:33 - [TEST_STEP][PASSED] - Statement - CurrentDateNoFilter.applyPattern("MM"): null

2018-12-06 23:05:33 - [TEST_STEP][PASSED] - Statement - monthContainerMatcher = java.lang.Integer.parseInt(CurrentDateNoFilter.format(TodayDate)): null

2018-12-06 23:05:33 - [TEST_STEP][PASSED] - Statement - monthContainerMatcher = monthContainerMatcher - 1: null

2018-12-06 23:05:33 - [TEST_STEP][PASSED] - Statement - CurrentMonth = monthContainerMatcher.toString(): null

2018-12-06 23:05:33 - [TEST_STEP][PASSED] - Statement - CurrentMonth = CurrentMonth: null

2018-12-06 23:05:33 - [TEST_STEP][PASSED] - Statement - CurrentDateNoFilter.applyPattern("yyyy"): null

2018-12-06 23:05:33 - [TEST_STEP][PASSED] - Statement - CurrentYear = CurrentDateNoFilter.format(TodayDate): null

2018-12-06 23:05:33 - [TEST_STEP][PASSED] - Statement - CurrentYear = CurrentYear: null

2018-12-06 23:05:33 - [TEST_STEP][PASSED] - Statement - intCurrentYear = java.lang.Integer.parseInt(CurrentDateNoFilter.format(TodayDate)): null

2018-12-06 23:05:33 - [TEST_STEP][PASSED] - Statement - eighteenYrsAgo = intCurrentYear - 18: null

2018-12-06 23:05:33 - [TEST_STEP][PASSED] - Statement - eighteenYrsBeforeThisYr = eighteenYrsAgo.toString(): null

2018-12-06 23:05:33 - [TEST_STEP][PASSED] - Statement - EighteenYrsBefore = eighteenYrsBeforeThisYr: null

2018-12-06 23:05:33 - [TEST_STEP][PASSED] - Statement - fiftysevenYrsAgo = intCurrentYear - 57: null

2018-12-06 23:05:33 - [TEST_STEP][PASSED] - Statement - fiftysevenYrsBeforeThisYr = fiftysevenYrsAgo.toString(): null

2018-12-06 23:05:33 - [TEST_STEP][PASSED] - Statement - FiftysevenYrsBefore = fiftysevenYrsBeforeThisYr: null

2018-12-06 23:05:33 - [TEST_STEP][PASSED] - Statement - leapYear = false: null

2018-12-06 23:05:33 - [TEST_STEP][PASSED] - Statement - leapYear = intCurrentYear % 4 == 0: null

2018-12-06 23:05:33 - [TEST_STEP][PASSED] - Statement - CurrentDateNoFilter.applyPattern("dd"): null

2018-12-06 23:05:33 - [TEST_STEP][PASSED] - Statement - CurrentDate = CurrentDateNoFilter.format(TodayDate): null

2018-12-06 23:05:33 - [TEST_STEP][PASSED] - Statement - CurrentDate = java.lang.Integer.parseInt(CurrentDate): null

2018-12-06 23:05:33 - [TEST_STEP][PASSED] - Statement - CurrentDate = CurrentDate: null

2018-12-06 23:05:33 - [TEST_STEP][PASSED] - Statement - CurrentDay = java.lang.Integer.parseInt(CurrentDate): null

2018-12-06 23:05:33 - [TEST_STEP][PASSED] - Statement - ConfAdder = <not implemented yet for class: org.codehaus.groovy.ast.expr.EmptyExpression>: null

2018-12-06 23:05:33 - [TEST_STEP][PASSED] - Statement - out.println(CurrentMonth): null

2018-12-06 23:05:33 - [TEST_STEP][PASSED] - Statement - out.println(CurrentDate): null

2018-12-06 23:05:33 - [TEST_STEP][PASSED] - Statement - switch (CurrentDate): null

2018-12-06 23:05:33 - [TEST_STEP][PASSED] - Statement - Default: null

2018-12-06 23:05:33 - [TEST_STEP][PASSED] - Statement - ConfAdder = true: null

2018-12-06 23:05:33 - [TEST_STEP][PASSED] - Statement - Break: null

2018-12-06 23:05:33 - [TEST_STEP][PASSED] - Statement - aDayBefore = <not implemented yet for class: org.codehaus.groovy.ast.expr.EmptyExpression>: null

2018-12-06 23:05:33 - [TEST_STEP][PASSED] - Statement - out.println(ConfAdder): null

2018-12-06 23:05:33 - [TEST_STEP][PASSED] - Statement - If (ConfAdder == true): null

2018-12-06 23:05:33 - [TEST_STEP][PASSED] - Statement - aDayBefore = CurrentDay + 1: null

2018-12-06 23:05:33 - [TEST_STEP][PASSED] - Statement - out.println(aDayBefore): null

2018-12-06 23:05:33 - [TEST_STEP][PASSED] - Statement - If (aDayBefore == 1 && CurrentMonth == 11): null

2018-12-06 23:05:33 - [TEST_STEP][PASSED] - Statement - DayBefore = aDayBefore.toString(): null

2018-12-06 23:05:33 - [TEST_STEP][PASSED] - Statement - OneDayBefore = DayBefore: null

2018-12-06 23:05:33 - [MESSAGE][PASSED] - Call Test Case 'Test Cases/Final Aug 2018 - PKS Automation/Registration Module/New Registration/Form 2/Date Updater' successfully

2018-12-06 23:05:33 - [TEST_STEP][PASSED] - delay: Delayed 2 second(s)

2018-12-06 23:05:35 - [MESSAGE][PASSED] - Delayed 2 second(s)

2018-12-06 23:05:35 - [TEST_STEP][PASSED] - callTestCase: Call Test Case 'Test Cases/Final Aug 2018 - PKS Automation/Create Employer Acc/Login to Employer Account (Second time)' successfully

2018-12-06 23:05:35 - [TEST_CASE][PASSED] - Test Cases/Final Aug 2018 - PKS Automation/Create Employer Acc/Login to Employer Account (Second time): Test Cases/Final Aug 2018 - PKS Automation/Create Employer Acc/Login to Employer Account (Second time)

2018-12-06 23:05:35 - [TEST_STEP][PASSED] - openBrowser: Browser is opened with url: ''

2018-12-06 23:05:35 - [MESSAGE][WARNING] - A browser is already opened. Closing browser and opening a new one

2018-12-06 23:05:39 - [MESSAGE][PASSED] - Browser is opened with url: ''

2018-12-06 23:05:39 - [TEST_STEP][PASSED] - navigateToUrl: Navigate to 'https://assist2-uat.perkeso.gov.my/employer/login' successfully

2018-12-06 23:05:41 - [MESSAGE][PASSED] - Navigate to 'https://assist2-uat.perkeso.gov.my/employer/login' successfully

2018-12-06 23:05:41 - [TEST_STEP][PASSED] - delay: Delayed 3 second(s)

2018-12-06 23:05:44 - [MESSAGE][PASSED] - Delayed 3 second(s)

2018-12-06 23:05:44 - [TEST_STEP][PASSED] - callTestCase: Call Test Case 'Test Cases/Final Aug 2018 - PKS Automation/Create Employer Acc/Template/Employer Email Getter' successfully

2018-12-06 23:05:44 - [TEST_CASE][PASSED] - Test Cases/Final Aug 2018 - PKS Automation/Create Employer Acc/Template/Employer Email Getter: Test Cases/Final Aug 2018 - PKS Automation/Create Employer Acc/Template/Employer Email Getter

2018-12-06 23:05:44 - [TEST_STEP][PASSED] - Statement - Try: null

2018-12-06 23:05:44 - [TEST_STEP][PASSED] - Statement - EmpEmail = new java.io.File(C://Users//Admin//Desktop//PKS//Automation Reference Point//EmpEmail.txt): null

2018-12-06 23:05:44 - [TEST_STEP][PASSED] - Statement - bufferread = new java.io.BufferedReader(new java.io.FileReader(EmpEmail)): null

2018-12-06 23:05:44 - [TEST_STEP][PASSED] - Statement - readedVal = bufferread.readLine(): null

2018-12-06 23:05:44 - [TEST_STEP][PASSED] - Statement - out.println(readedVal): null

2018-12-06 23:05:44 - [TEST_STEP][PASSED] - Statement - Email = readedVal: null

2018-12-06 23:05:44 - [MESSAGE][PASSED] - Call Test Case 'Test Cases/Final Aug 2018 - PKS Automation/Create Employer Acc/Template/Employer Email Getter' successfully

2018-12-06 23:05:44 - [TEST_STEP][PASSED] - setText: Text 'perkeso829931308530@gmail.com' is set on object 'Object Repository/Final Object Repo/Login Page/External Login Page/Email'

2018-12-06 23:05:44 - [MESSAGE][PASSED] - Text 'perkeso829931308530@gmail.com' is set on object 'Object Repository/Final Object Repo/Login Page/External Login Page/Email'

2018-12-06 23:05:44 - [TEST_STEP][PASSED] - click: Object: 'Object Repository/Final Object Repo/Login Page/External Login Page/Next' is clicked on

2018-12-06 23:05:44 - [MESSAGE][PASSED] - Object: 'Object Repository/Final Object Repo/Login Page/External Login Page/Next' is clicked on

2018-12-06 23:05:44 - [TEST_STEP][PASSED] - delay: Delayed 3 second(s)

2018-12-06 23:05:47 - [MESSAGE][PASSED] - Delayed 3 second(s)

2018-12-06 23:05:47 - [TEST_STEP][PASSED] - setEncryptedText: Text ****** has been set on object 'Object Repository/Final Object Repo/Login Page/External Login Page/Password'

2018-12-06 23:05:47 - [MESSAGE][PASSED] - Text ****** has been set on object 'Object Repository/Final Object Repo/Login Page/External Login Page/Password'

2018-12-06 23:05:47 - [TEST_STEP][PASSED] - click: Object: 'Object Repository/Final Object Repo/Login Page/External Login Page/Login' is clicked on

2018-12-06 23:05:48 - [MESSAGE][PASSED] - Object: 'Object Repository/Final Object Repo/Login Page/External Login Page/Login' is clicked on

2018-12-06 23:05:48 - [TEST_STEP][PASSED] - delay: Delayed 5 second(s)

2018-12-06 23:05:53 - [MESSAGE][PASSED] - Delayed 5 second(s)

2018-12-06 23:05:53 - [MESSAGE][PASSED] - Call Test Case 'Test Cases/Final Aug 2018 - PKS Automation/Create Employer Acc/Login to Employer Account (Second time)' successfully

2018-12-06 23:05:53 - [TEST_STEP][PASSED] - delay: Delayed 4 second(s)

2018-12-06 23:05:57 - [MESSAGE][PASSED] - Delayed 4 second(s)

2018-12-06 23:05:57 - [TEST_STEP][PASSED] - Statement - Try: Delayed 2 second(s)

2018-12-06 23:05:57 - [TEST_STEP][PASSED] - Statement - Checker = false: null

2018-12-06 23:05:57 - [TEST_STEP][PASSED] - Statement - Checker = com.kms.katalon.core.webui.keyword.WebUiBuiltInKeywords.verifyElementHasAttribute(com.kms.katalon.core.testobject.ObjectRepository.findTestObject(Final Object Repo/Landing Page/BM Detecting), "href", 20, OPTIONAL): Object 'Object Repository/Final Object Repo/Landing Page/BM Detecting' has attribute 'href'

2018-12-06 23:05:57 - [MESSAGE][PASSED] - Object 'Object Repository/Final Object Repo/Landing Page/BM Detecting' has attribute 'href'

2018-12-06 23:05:57 - [TEST_STEP][PASSED] - Statement - out.println(Checker): null

2018-12-06 23:05:57 - [TEST_STEP][PASSED] - Statement - If (Checker == false): null

2018-12-06 23:05:57 - [TEST_STEP][PASSED] - Statement - Else: null

2018-12-06 23:05:57 - [TEST_STEP][PASSED] - delay: Delayed 2 second(s)

2018-12-06 23:05:59 - [MESSAGE][PASSED] - Delayed 2 second(s)

2018-12-06 23:05:59 - [TEST_STEP][PASSED] - delay: Delayed 4 second(s)

2018-12-06 23:06:03 - [MESSAGE][PASSED] - Delayed 4 second(s)

2018-12-06 23:06:03 - [TEST_STEP][PASSED] - click: Object: 'Object Repository/Final Object Repo/Page_Update Add New Employee - ASSIST/My Sites Drop Down' is clicked on

2018-12-06 23:06:03 - [MESSAGE][PASSED] - Object: 'Object Repository/Final Object Repo/Page_Update Add New Employee - ASSIST/My Sites Drop Down' is clicked on

2018-12-06 23:06:03 - [TEST_STEP][PASSED] - click: Object: 'Object Repository/Final Object Repo/Page_Update Add New Employee - ASSIST/Select to Registration Module' is clicked on

2018-12-06 23:06:07 - [MESSAGE][PASSED] - Object: 'Object Repository/Final Object Repo/Page_Update Add New Employee - ASSIST/Select to Registration Module' is clicked on

2018-12-06 23:06:07 - [TEST_STEP][NOT_RUN] - navigateToUrl: NOT_RUN: navigateToUrl

2018-12-06 23:06:07 - [MESSAGE][NOT_RUN] - NOT_RUN: navigateToUrl

2018-12-06 23:06:07 - [TEST_STEP][PASSED] - mouseOver: Object: 'Object Repository/Final Object Repo/Page_Update Add New Employee - ASSIST/Select to Update Akta 4 Tab' is hovered

2018-12-06 23:06:08 - [MESSAGE][PASSED] - Object: 'Object Repository/Final Object Repo/Page_Update Add New Employee - ASSIST/Select to Update Akta 4 Tab' is hovered

2018-12-06 23:06:08 - [TEST_STEP][PASSED] - delay: Delayed 2 second(s)

2018-12-06 23:06:10 - [MESSAGE][PASSED] - Delayed 2 second(s)

2018-12-06 23:06:10 - [TEST_STEP][PASSED] - click: Object: 'Object Repository/Final Object Repo/Page_Update Add New Employee - ASSIST/Select to Update Add New Employee' is clicked on

2018-12-06 23:06:10 - [MESSAGE][PASSED] - Object: 'Object Repository/Final Object Repo/Page_Update Add New Employee - ASSIST/Select to Update Add New Employee' is clicked on

2018-12-06 23:06:10 - [TEST_STEP][PASSED] - delay: Delayed 2 second(s)

2018-12-06 23:06:12 - [MESSAGE][PASSED] - Delayed 2 second(s)

2018-12-06 23:06:12 - [TEST_STEP][PASSED] - setText: Text 'E1102070650V' is set on object 'Object Repository/Final Object Repo/Page_Update Add New Employee - ASSIST/Employer Code input textbox'

2018-12-06 23:06:13 - [MESSAGE][PASSED] - Text 'E1102070650V' is set on object 'Object Repository/Final Object Repo/Page_Update Add New Employee - ASSIST/Employer Code input textbox'

2018-12-06 23:06:13 - [TEST_STEP][PASSED] - delay: Delayed 2 second(s)

2018-12-06 23:06:15 - [MESSAGE][PASSED] - Delayed 2 second(s)

2018-12-06 23:06:15 - [TEST_STEP][PASSED] - click: Object: 'Object Repository/Final Object Repo/Page_Update Add New Employee - ASSIST/Search Button for Employer Code' is clicked on

2018-12-06 23:06:15 - [MESSAGE][PASSED] - Object: 'Object Repository/Final Object Repo/Page_Update Add New Employee - ASSIST/Search Button for Employer Code' is clicked on

2018-12-06 23:06:15 - [TEST_STEP][PASSED] - delay: Delayed 4 second(s)

2018-12-06 23:06:19 - [MESSAGE][PASSED] - Delayed 4 second(s)

2018-12-06 23:06:19 - [TEST_STEP][PASSED] - click: Object: 'Object Repository/Final Object Repo/Page_Update Add New Employee - ASSIST/Click to Edit Case' is clicked on

2018-12-06 23:06:21 - [MESSAGE][PASSED] - Object: 'Object Repository/Final Object Repo/Page_Update Add New Employee - ASSIST/Click to Edit Case' is clicked on

2018-12-06 23:06:21 - [TEST_STEP][PASSED] - callTestCase: Call Test Case 'Test Cases/Final Aug 2018 - PKS Automation/Registration Module/Workflow/Update Add New Employee/Template/Employee Adding/Employee Adding Action liability date change - Employer Access' successfully

2018-12-06 23:06:21 - [TEST_CASE][PASSED] - Test Cases/Final Aug 2018 - PKS Automation/Registration Module/Workflow/Update Add New Employee/Template/Employee Adding/Employee Adding Action liability date change - Employer Access: Test Cases/Final Aug 2018 - PKS Automation/Registration Module/Workflow/Update Add New Employee/Template/Employee Adding/Employee Adding Action liability date change - Employer Access

2018-12-06 23:06:21 - [TEST_STEP][PASSED] - delay: Delayed 4 second(s)

2018-12-06 23:06:25 - [MESSAGE][PASSED] - Delayed 4 second(s)

2018-12-06 23:06:25 - [TEST_STEP][PASSED] - click: Object: 'Object Repository/Final Object Repo/Page_Update Add New Employee - ASSIST/Add Employee Button' is clicked on

2018-12-06 23:06:26 - [MESSAGE][PASSED] - Object: 'Object Repository/Final Object Repo/Page_Update Add New Employee - ASSIST/Add Employee Button' is clicked on

2018-12-06 23:06:26 - [TEST_STEP][PASSED] - delay: Delayed 3 second(s)

2018-12-06 23:06:29 - [MESSAGE][PASSED] - Delayed 3 second(s)

2018-12-06 23:06:29 - [TEST_STEP][PASSED] - setText: Text '830081009219' is set on object 'Object Repository/Final Object Repo/Page_Update Add New Employee - ASSIST/NRIC Input'

2018-12-06 23:06:29 - [MESSAGE][PASSED] - Text '830081009219' is set on object 'Object Repository/Final Object Repo/Page_Update Add New Employee - ASSIST/NRIC Input'

2018-12-06 23:06:29 - [TEST_STEP][PASSED] - delay: Delayed 2 second(s)

2018-12-06 23:06:31 - [MESSAGE][PASSED] - Delayed 2 second(s)

2018-12-06 23:06:31 - [TEST_STEP][PASSED] - setText: Text 'Automate002 Employee eligible 1' is set on object 'Object Repository/Final Object Repo/Page_Update Add New Employee - ASSIST/Employee Name Input'

2018-12-06 23:06:32 - [MESSAGE][PASSED] - Text 'Automate002 Employee eligible 1' is set on object 'Object Repository/Final Object Repo/Page_Update Add New Employee - ASSIST/Employee Name Input'

2018-12-06 23:06:32 - [TEST_STEP][PASSED] - delay: Delayed 2 second(s)

2018-12-06 23:06:34 - [MESSAGE][PASSED] - Delayed 2 second(s)

2018-12-06 23:06:34 - [TEST_STEP][PASSED] - click: Object: 'Object Repository/Final Object Repo/Page_Update Add New Employee - ASSIST/DatePicker Pop Up' is clicked on

2018-12-06 23:06:34 - [MESSAGE][PASSED] - Object: 'Object Repository/Final Object Repo/Page_Update Add New Employee - ASSIST/DatePicker Pop Up' is clicked on

2018-12-06 23:06:34 - [TEST_STEP][PASSED] - click: Object: 'Object Repository/Final Object Repo/Page_Update Add New Employee - ASSIST/DOB Month' is clicked on

2018-12-06 23:06:34 - [MESSAGE][PASSED] - Object: 'Object Repository/Final Object Repo/Page_Update Add New Employee - ASSIST/DOB Month' is clicked on

2018-12-06 23:06:34 - [TEST_STEP][PASSED] - Statement - CurrentMonth = CurrentMonth: null

2018-12-06 23:06:34 - [TEST_STEP][PASSED] - Statement - selectMonth = new com.kms.katalon.core.testobject.TestObject(): null

2018-12-06 23:06:34 - [TEST_STEP][PASSED] - Statement - selectMonth.addProperty("xpath", EQUALS, "//body/div/div/div/select/option[@value='" + CurrentMonth + "']", true): null

2018-12-06 23:06:34 - [TEST_STEP][PASSED] - click: Object: '' is clicked on

2018-12-06 23:06:34 - [MESSAGE][PASSED] - Object: '' is clicked on

2018-12-06 23:06:34 - [TEST_STEP][PASSED] - click: Object: 'Object Repository/Final Object Repo/Page_Update Add New Employee - ASSIST/DOB Year' is clicked on

2018-12-06 23:06:34 - [MESSAGE][PASSED] - Object: 'Object Repository/Final Object Repo/Page_Update Add New Employee - ASSIST/DOB Year' is clicked on

2018-12-06 23:06:34 - [TEST_STEP][PASSED] - Statement - Eyearsbf = EighteenYrsBefore: null

2018-12-06 23:06:34 - [TEST_STEP][PASSED] - Statement - selectYear = new com.kms.katalon.core.testobject.TestObject(): null

2018-12-06 23:06:34 - [TEST_STEP][PASSED] - Statement - selectYear.addProperty("xpath", EQUALS, "//div/div/div/select/option[@value='" + Eyearsbf + "']", true): null

2018-12-06 23:06:34 - [TEST_STEP][PASSED] - click: Object: '' is clicked on

2018-12-06 23:06:34 - [MESSAGE][PASSED] - Object: '' is clicked on

2018-12-06 23:06:34 - [TEST_STEP][PASSED] - Statement - UpdatedSelectDate = com.kms.katalon.core.webui.keyword.WebUiBuiltInKeywords.modifyObjectProperty(com.kms.katalon.core.testobject.ObjectRepository.findTestObject(Final Object Repo/Page_Update Add New Employee - ASSIST/DOB Date), "xpath", "equals", "//body/div/table/tbody/tr/td/a[text()="" + CurrentDate + ""]", true): Modify property of object successfully

2018-12-06 23:06:34 - [MESSAGE][PASSED] - Modify property of object successfully

2018-12-06 23:06:34 - [TEST_STEP][PASSED] - delay: Delayed 3 second(s)

2018-12-06 23:06:37 - [MESSAGE][PASSED] - Delayed 3 second(s)

2018-12-06 23:06:37 - [TEST_STEP][PASSED] - click: Object: 'Object Repository/Final Object Repo/Page_Update Add New Employee - ASSIST/DOB Date' is clicked on

2018-12-06 23:06:38 - [MESSAGE][PASSED] - Object: 'Object Repository/Final Object Repo/Page_Update Add New Employee - ASSIST/DOB Date' is clicked on

2018-12-06 23:06:38 - [TEST_STEP][PASSED] - delay: Delayed 2 second(s)

2018-12-06 23:06:40 - [MESSAGE][PASSED] - Delayed 2 second(s)

2018-12-06 23:06:40 - [TEST_STEP][PASSED] - click: Object: 'Object Repository/Final Object Repo/Page_Update Add New Employee - ASSIST/EmploymentStartDate Pop Up' is clicked on

2018-12-06 23:06:40 - [MESSAGE][PASSED] - Object: 'Object Repository/Final Object Repo/Page_Update Add New Employee - ASSIST/EmploymentStartDate Pop Up' is clicked on

2018-12-06 23:06:40 - [TEST_STEP][PASSED] - delay: Delayed 2 second(s)

2018-12-06 23:06:42 - [MESSAGE][PASSED] - Delayed 2 second(s)

2018-12-06 23:06:42 - [TEST_STEP][PASSED] - click: Object: 'Object Repository/Final Object Repo/Page_Update Add New Employee - ASSIST/Socso Employment StartDate Month' is clicked on

2018-12-06 23:06:42 - [MESSAGE][PASSED] - Object: 'Object Repository/Final Object Repo/Page_Update Add New Employee - ASSIST/Socso Employment StartDate Month' is clicked on

2018-12-06 23:06:42 - [TEST_STEP][PASSED] - delay: Delayed 1 second(s)

2018-12-06 23:06:43 - [MESSAGE][PASSED] - Delayed 1 second(s)

2018-12-06 23:06:43 - [TEST_STEP][PASSED] - click: Object: 'Object Repository/Final Object Repo/Page_Update Add New Employee - ASSIST/Select Socso Employement Startdate Month' is clicked on

2018-12-06 23:06:43 - [MESSAGE][PASSED] - Object: 'Object Repository/Final Object Repo/Page_Update Add New Employee - ASSIST/Select Socso Employement Startdate Month' is clicked on

2018-12-06 23:06:43 - [TEST_STEP][PASSED] - delay: Delayed 2 second(s)

2018-12-06 23:06:45 - [MESSAGE][PASSED] - Delayed 2 second(s)

2018-12-06 23:06:45 - [TEST_STEP][PASSED] - click: Object: 'Object Repository/Final Object Repo/Page_Update Add New Employee - ASSIST/Socso Employment StartDate Year' is clicked on

2018-12-06 23:06:45 - [MESSAGE][PASSED] - Object: 'Object Repository/Final Object Repo/Page_Update Add New Employee - ASSIST/Socso Employment StartDate Year' is clicked on

2018-12-06 23:06:45 - [TEST_STEP][PASSED] - delay: Delayed 1 second(s)

2018-12-06 23:06:46 - [MESSAGE][PASSED] - Delayed 1 second(s)

2018-12-06 23:06:46 - [TEST_STEP][PASSED] - click: Object: 'Object Repository/Final Object Repo/Page_Update Add New Employee - ASSIST/Select Socso Employment Startdate Year - Emp Update Add New' is clicked on

2018-12-06 23:06:46 - [MESSAGE][PASSED] - Object: 'Object Repository/Final Object Repo/Page_Update Add New Employee - ASSIST/Select Socso Employment Startdate Year - Emp Update Add New' is clicked on

2018-12-06 23:06:46 - [TEST_STEP][PASSED] - delay: Delayed 2 second(s)

2018-12-06 23:06:48 - [MESSAGE][PASSED] - Delayed 2 second(s)

2018-12-06 23:06:48 - [TEST_STEP][PASSED] - click: Object: 'Object Repository/Final Object Repo/Page_Update Add New Employee - ASSIST/Socso Employment Start Date Day' is clicked on

2018-12-06 23:06:49 - [MESSAGE][PASSED] - Object: 'Object Repository/Final Object Repo/Page_Update Add New Employee - ASSIST/Socso Employment Start Date Day' is clicked on

2018-12-06 23:06:49 - [TEST_STEP][PASSED] - delay: Delayed 2 second(s)

2018-12-06 23:06:51 - [MESSAGE][PASSED] - Delayed 2 second(s)

2018-12-06 23:06:51 - [TEST_STEP][PASSED] - click: Object: 'Object Repository/Final Object Repo/Page_Update Add New Employee - ASSIST/Save Button for Add Employee' is clicked on

2018-12-06 23:06:51 - [MESSAGE][PASSED] - Object: 'Object Repository/Final Object Repo/Page_Update Add New Employee - ASSIST/Save Button for Add Employee' is clicked on

2018-12-06 23:06:51 - [MESSAGE][PASSED] - Call Test Case 'Test Cases/Final Aug 2018 - PKS Automation/Registration Module/Workflow/Update Add New Employee/Template/Employee Adding/Employee Adding Action liability date change - Employer Access' successfully

2018-12-06 23:06:51 - [TEST_STEP][PASSED] - delay: Delayed 4 second(s)

2018-12-06 23:06:55 - [MESSAGE][PASSED] - Delayed 4 second(s)

2018-12-06 23:06:55 - [TEST_STEP][PASSED] - Statement - CaseReferenceNo = com.kms.katalon.core.webui.keyword.WebUiBuiltInKeywords.getText(com.kms.katalon.core.testobject.ObjectRepository.findTestObject(Final Object Repo/Page_Update Add New Employee - ASSIST/RefNo)): Text of object 'Object Repository/Final Object Repo/Page_Update Add New Employee - ASSIST/RefNo' is: 'CAN12201800002267'

2018-12-06 23:06:55 - [MESSAGE][PASSED] - Text of object 'Object Repository/Final Object Repo/Page_Update Add New Employee - ASSIST/RefNo' is: 'CAN12201800002267'

2018-12-06 23:06:55 - [TEST_STEP][PASSED] - callTestCase: Call Test Case 'Test Cases/Final Aug 2018 - PKS Automation/Common/Reference Number Setter' successfully

2018-12-06 23:06:55 - [TEST_CASE][PASSED] - Test Cases/Final Aug 2018 - PKS Automation/Common/Reference Number Setter: Test Cases/Final Aug 2018 - PKS Automation/Common/Reference Number Setter

2018-12-06 23:06:55 - [TEST_STEP][PASSED] - Statement - RefNoOldFile = new java.io.File(C://Users//Admin//Desktop//PKS//Automation Reference Point//KatalonReference.txt): null

2018-12-06 23:06:55 - [TEST_STEP][PASSED] - Statement - RefNoOldFile.delete(): null

2018-12-06 23:06:55 - [TEST_STEP][PASSED] - delay: Delayed 5 second(s)

2018-12-06 23:07:00 - [MESSAGE][PASSED] - Delayed 5 second(s)

2018-12-06 23:07:00 - [TEST_STEP][PASSED] - Statement - RefNo = new java.io.File(C://Users//Admin//Desktop//PKS//Automation Reference Point//KatalonReference.txt): null

2018-12-06 23:07:00 - [TEST_STEP][PASSED] - Statement - f2 = new java.io.FileWriter(RefNo, false): null

2018-12-06 23:07:00 - [TEST_STEP][PASSED] - Statement - f2.write(CaseReferenceNo): null

2018-12-06 23:07:00 - [TEST_STEP][PASSED] - Statement - f2.close(): null

2018-12-06 23:07:00 - [TEST_STEP][PASSED] - Statement - out.println("


" + CaseReferenceNo + "


"): null

2018-12-06 23:07:00 - [MESSAGE][PASSED] - Call Test Case 'Test Cases/Final Aug 2018 - PKS Automation/Common/Reference Number Setter' successfully

2018-12-06 23:07:00 - [TEST_STEP][PASSED] - delay: Delayed 5 second(s)

2018-12-06 23:07:05 - [MESSAGE][PASSED] - Delayed 5 second(s)

2018-12-06 23:07:05 - [TEST_STEP][PASSED] - click: Object: 'Object Repository/Final Object Repo/Page_Update Add New Employee - ASSIST/Save  Continue Button' is clicked on

2018-12-06 23:07:05 - [MESSAGE][PASSED] - Object: 'Object Repository/Final Object Repo/Page_Update Add New Employee - ASSIST/Save  Continue Button' is clicked on

2018-12-06 23:07:05 - [TEST_STEP][PASSED] - delay: Delayed 4 second(s)

2018-12-06 23:07:09 - [MESSAGE][PASSED] - Delayed 4 second(s)

2018-12-06 23:07:09 - [TEST_STEP][PASSED] - callTestCase: Call Test Case 'Test Cases/Final Aug 2018 - PKS Automation/Common/Reference Number Getter' successfully

2018-12-06 23:07:09 - [TEST_CASE][PASSED] - Test Cases/Final Aug 2018 - PKS Automation/Common/Reference Number Getter: Test Cases/Final Aug 2018 - PKS Automation/Common/Reference Number Getter

2018-12-06 23:07:09 - [TEST_STEP][PASSED] - Statement - Try: null

2018-12-06 23:07:09 - [TEST_STEP][PASSED] - Statement - RefNo = new java.io.File(C://Users//Admin//Desktop//PKS//Automation Reference Point//KatalonReference.txt): null

2018-12-06 23:07:09 - [TEST_STEP][PASSED] - Statement - bufferread = new java.io.BufferedReader(new java.io.FileReader(RefNo)): null

2018-12-06 23:07:09 - [TEST_STEP][PASSED] - Statement - readedVal = bufferread.readLine(): null

2018-12-06 23:07:09 - [TEST_STEP][PASSED] - Statement - out.println(CaseReferenceNo): null

2018-12-06 23:07:09 - [TEST_STEP][PASSED] - Statement - out.println(readedVal): null

2018-12-06 23:07:09 - [TEST_STEP][PASSED] - Statement - CaseReferenceNo = "": null

2018-12-06 23:07:09 - [TEST_STEP][PASSED] - Statement - CaseReferenceNo = readedVal: null

2018-12-06 23:07:09 - [MESSAGE][PASSED] - Call Test Case 'Test Cases/Final Aug 2018 - PKS Automation/Common/Reference Number Getter' successfully

2018-12-06 23:07:09 - [TEST_STEP][PASSED] - click: Object: 'Object Repository/Final Object Repo/Page_Update Add New Employee - ASSIST/Save  Continue Third Screen' is clicked on

2018-12-06 23:07:12 - [MESSAGE][PASSED] - Object: 'Object Repository/Final Object Repo/Page_Update Add New Employee - ASSIST/Save  Continue Third Screen' is clicked on

2018-12-06 23:07:12 - [TEST_STEP][PASSED] - delay: Delayed 4 second(s)

2018-12-06 23:07:16 - [MESSAGE][PASSED] - Delayed 4 second(s)

2018-12-06 23:07:16 - [TEST_STEP][PASSED] - click: Object: 'Object Repository/Final Object Repo/Page_Update Add New Employee - ASSIST/Save   Continue Supporting Doc Page' is clicked on

2018-12-06 23:07:16 - [MESSAGE][PASSED] - Object: 'Object Repository/Final Object Repo/Page_Update Add New Employee - ASSIST/Save   Continue Supporting Doc Page' is clicked on

2018-12-06 23:07:16 - [TEST_STEP][PASSED] - delay: Delayed 4 second(s)

2018-12-06 23:07:20 - [MESSAGE][PASSED] - Delayed 4 second(s)

2018-12-06 23:07:20 - [TEST_STEP][PASSED] - click: Object: 'Object Repository/Final Object Repo/Page_Update Add New Employee - ASSIST/Submit Button' is clicked on

2018-12-06 23:07:21 - [MESSAGE][PASSED] - Object: 'Object Repository/Final Object Repo/Page_Update Add New Employee - ASSIST/Submit Button' is clicked on

2018-12-06 23:07:21 - [TEST_STEP][PASSED] - delay: Delayed 4 second(s)

2018-12-06 23:07:25 - [MESSAGE][PASSED] - Delayed 4 second(s)

2018-12-06 23:07:25 - [TEST_STEP][PASSED] - click: Object: 'Object Repository/Final Object Repo/Page_Update Add New Employee - ASSIST/Confirm Submit Button' is clicked on

2018-12-06 23:07:25 - [MESSAGE][PASSED] - Object: 'Object Repository/Final Object Repo/Page_Update Add New Employee - ASSIST/Confirm Submit Button' is clicked on

2018-12-06 23:07:25 - [TEST_STEP][PASSED] - delay: Delayed 20 second(s)

2018-12-06 23:07:45 - [MESSAGE][PASSED] - Delayed 20 second(s)

2018-12-06 23:07:45 - [TEST_STEP][PASSED] - callTestCase: Call Test Case 'Test Cases/Final Aug 2018 - PKS Automation/Common/Screenshoting tool' successfully

2018-12-06 23:07:45 - [TEST_CASE][PASSED] - Test Cases/Final Aug 2018 - PKS Automation/Common/Screenshoting tool: Test Cases/Final Aug 2018 - PKS Automation/Common/Screenshoting tool

2018-12-06 23:07:45 - [TEST_STEP][PASSED] - delay: Delayed 15 second(s)

2018-12-06 23:08:00 - [MESSAGE][PASSED] - Delayed 15 second(s)

2018-12-06 23:08:00 - [TEST_STEP][PASSED] - Statement - driver = com.kms.katalon.core.webui.driver.DriverFactory.getWebDriver(): null

2018-12-06 23:08:00 - [TEST_STEP][PASSED] - Statement - driver.manage().timeouts().implicitlyWait(10, SECONDS): null

2018-12-06 23:08:00 - [TEST_STEP][PASSED] - Statement - PresavePath = KatalonScreenshots: null

2018-12-06 23:08:00 - [TEST_STEP][PASSED] - Statement - pathPrefix = "C:\Users\Public\Pictures\Sample Pictures\Katalon Screenshots\Automate Ending Screen": null

2018-12-06 23:08:00 - [TEST_STEP][PASSED] - Statement - finalPath = <not implemented yet for class: org.codehaus.groovy.ast.expr.EmptyExpression>: null

2018-12-06 23:08:00 - [TEST_STEP][PASSED] - Statement - scrFile = driver.getScreenshotAs(FILE): null

2018-12-06 23:08:00 - [TEST_STEP][PASSED] - Statement - PreSaveFile = new java.io.File(PresavePath): null

2018-12-06 23:08:00 - [TEST_STEP][PASSED] - Statement - counter = 0: null

2018-12-06 23:08:00 - [TEST_STEP][PASSED] - Statement - If (PreSaveFile.exists()): null

2018-12-06 23:08:00 - [TEST_STEP][PASSED] - Statement - While (PreSaveFile.exists()): null

2018-12-06 23:08:00 - [TEST_STEP][PASSED] - Statement - counter = counter + 1: null

2018-12-06 23:08:00 - [TEST_STEP][PASSED] - Statement - PreSaveFile = new java.io.File(((pathPrefix + java.lang.Integer.toString(counter)) + .png)): null

2018-12-06 23:08:00 - [TEST_STEP][PASSED] - Statement - counter = counter + 1: null

2018-12-06 23:08:00 - [TEST_STEP][PASSED] - Statement - PreSaveFile = new java.io.File(((pathPrefix + java.lang.Integer.toString(counter)) + .png)): null

2018-12-06 23:08:00 - [TEST_STEP][PASSED] - Statement - counter = counter + 1: null

2018-12-06 23:08:00 - [TEST_STEP][PASSED] - Statement - PreSaveFile = new java.io.File(((pathPrefix + java.lang.Integer.toString(counter)) + .png)): null

2018-12-06 23:08:00 - [TEST_STEP][PASSED] - Statement - counter = counter + 1: null

2018-12-06 23:08:00 - [TEST_STEP][PASSED] - Statement - PreSaveFile = new java.io.File(((pathPrefix + java.lang.Integer.toString(counter)) + .png)): null

2018-12-06 23:08:00 - [TEST_STEP][PASSED] - Statement - counter = counter + 1: null

2018-12-06 23:08:00 - [TEST_STEP][PASSED] - Statement - PreSaveFile = new java.io.File(((pathPrefix + java.lang.Integer.toString(counter)) + .png)): null

2018-12-06 23:08:00 - [TEST_STEP][PASSED] - Statement - counter = counter + 1: null

2018-12-06 23:08:00 - [TEST_STEP][PASSED] - Statement - PreSaveFile = new java.io.File(((pathPrefix + java.lang.Integer.toString(counter)) + .png)): null

2018-12-06 23:08:00 - [TEST_STEP][PASSED] - Statement - counter = counter + 1: null

2018-12-06 23:08:00 - [TEST_STEP][PASSED] - Statement - PreSaveFile = new java.io.File(((pathPrefix + java.lang.Integer.toString(counter)) + .png)): null

2018-12-06 23:08:00 - [TEST_STEP][PASSED] - Statement - counter = counter + 1: null

2018-12-06 23:08:00 - [TEST_STEP][PASSED] - Statement - PreSaveFile = new java.io.File(((pathPrefix + java.lang.Integer.toString(counter)) + .png)): null

2018-12-06 23:08:00 - [TEST_STEP][PASSED] - Statement - counter = counter + 1: null

2018-12-06 23:08:00 - [TEST_STEP][PASSED] - Statement - PreSaveFile = new java.io.File(((pathPrefix + java.lang.Integer.toString(counter)) + .png)): null

2018-12-06 23:08:00 - [TEST_STEP][PASSED] - Statement - counter = counter + 1: null

2018-12-06 23:08:00 - [TEST_STEP][PASSED] - Statement - PreSaveFile = new java.io.File(((pathPrefix + java.lang.Integer.toString(counter)) + .png)): null

2018-12-06 23:08:00 - [TEST_STEP][PASSED] - Statement - counter = counter + 1: null

2018-12-06 23:08:00 - [TEST_STEP][PASSED] - Statement - PreSaveFile = new java.io.File(((pathPrefix + java.lang.Integer.toString(counter)) + .png)): null

2018-12-06 23:08:00 - [TEST_STEP][PASSED] - Statement - counter = counter + 1: null

2018-12-06 23:08:00 - [TEST_STEP][PASSED] - Statement - PreSaveFile = new java.io.File(((pathPrefix + java.lang.Integer.toString(counter)) + .png)): null

2018-12-06 23:08:00 - [TEST_STEP][PASSED] - Statement - counter = counter + 1: null

2018-12-06 23:08:00 - [TEST_STEP][PASSED] - Statement - PreSaveFile = new java.io.File(((pathPrefix + java.lang.Integer.toString(counter)) + .png)): null

2018-12-06 23:08:00 - [TEST_STEP][PASSED] - Statement - counter = counter + 1: null

2018-12-06 23:08:00 - [TEST_STEP][PASSED] - Statement - PreSaveFile = new java.io.File(((pathPrefix + java.lang.Integer.toString(counter)) + .png)): null

2018-12-06 23:08:00 - [TEST_STEP][PASSED] - Statement - counter = counter + 1: null

2018-12-06 23:08:00 - [TEST_STEP][PASSED] - Statement - PreSaveFile = new java.io.File(((pathPrefix + java.lang.Integer.toString(counter)) + .png)): null

2018-12-06 23:08:00 - [TEST_STEP][PASSED] - Statement - counter = counter + 1: null

2018-12-06 23:08:00 - [TEST_STEP][PASSED] - Statement - PreSaveFile = new java.io.File(((pathPrefix + java.lang.Integer.toString(counter)) + .png)): null

2018-12-06 23:08:00 - [TEST_STEP][PASSED] - Statement - counter = counter + 1: null

2018-12-06 23:08:00 - [TEST_STEP][PASSED] - Statement - PreSaveFile = new java.io.File(((pathPrefix + java.lang.Integer.toString(counter)) + .png)): null

2018-12-06 23:08:00 - [TEST_STEP][PASSED] - Statement - counter = counter + 1: null

2018-12-06 23:08:00 - [TEST_STEP][PASSED] - Statement - PreSaveFile = new java.io.File(((pathPrefix + java.lang.Integer.toString(counter)) + .png)): null

2018-12-06 23:08:00 - [TEST_STEP][PASSED] - Statement - counter = counter + 1: null

2018-12-06 23:08:00 - [TEST_STEP][PASSED] - Statement - PreSaveFile = new java.io.File(((pathPrefix + java.lang.Integer.toString(counter)) + .png)): null

2018-12-06 23:08:00 - [TEST_STEP][PASSED] - Statement - counter = counter + 1: null

2018-12-06 23:08:00 - [TEST_STEP][PASSED] - Statement - PreSaveFile = new java.io.File(((pathPrefix + java.lang.Integer.toString(counter)) + .png)): null

2018-12-06 23:08:00 - [TEST_STEP][PASSED] - Statement - counter = counter + 1: null

2018-12-06 23:08:00 - [TEST_STEP][PASSED] - Statement - PreSaveFile = new java.io.File(((pathPrefix + java.lang.Integer.toString(counter)) + .png)): null

2018-12-06 23:08:00 - [TEST_STEP][PASSED] - Statement - counter = counter + 1: null

2018-12-06 23:08:00 - [TEST_STEP][PASSED] - Statement - PreSaveFile = new java.io.File(((pathPrefix + java.lang.Integer.toString(counter)) + .png)): null

2018-12-06 23:08:00 - [TEST_STEP][PASSED] - Statement - counter = counter + 1: null

2018-12-06 23:08:00 - [TEST_STEP][PASSED] - Statement - PreSaveFile = new java.io.File(((pathPrefix + java.lang.Integer.toString(counter)) + .png)): null

2018-12-06 23:08:00 - [TEST_STEP][PASSED] - Statement - counter = counter + 1: null

2018-12-06 23:08:00 - [TEST_STEP][PASSED] - Statement - PreSaveFile = new java.io.File(((pathPrefix + java.lang.Integer.toString(counter)) + .png)): null

2018-12-06 23:08:00 - [TEST_STEP][PASSED] - Statement - counter = counter + 1: null

2018-12-06 23:08:00 - [TEST_STEP][PASSED] - Statement - PreSaveFile = new java.io.File(((pathPrefix + java.lang.Integer.toString(counter)) + .png)): null

2018-12-06 23:08:00 - [TEST_STEP][PASSED] - Statement - counter = counter + 1: null

2018-12-06 23:08:00 - [TEST_STEP][PASSED] - Statement - PreSaveFile = new java.io.File(((pathPrefix + java.lang.Integer.toString(counter)) + .png)): null

2018-12-06 23:08:00 - [TEST_STEP][PASSED] - Statement - counter = counter + 1: null

2018-12-06 23:08:00 - [TEST_STEP][PASSED] - Statement - PreSaveFile = new java.io.File(((pathPrefix + java.lang.Integer.toString(counter)) + .png)): null

2018-12-06 23:08:00 - [TEST_STEP][PASSED] - Statement - counter = counter + 1: null

2018-12-06 23:08:00 - [TEST_STEP][PASSED] - Statement - PreSaveFile = new java.io.File(((pathPrefix + java.lang.Integer.toString(counter)) + .png)): null

2018-12-06 23:08:00 - [TEST_STEP][PASSED] - Statement - counter = counter + 1: null

2018-12-06 23:08:00 - [TEST_STEP][PASSED] - Statement - PreSaveFile = new java.io.File(((pathPrefix + java.lang.Integer.toString(counter)) + .png)): null

2018-12-06 23:08:00 - [TEST_STEP][PASSED] - Statement - counter = counter + 1: null

2018-12-06 23:08:00 - [TEST_STEP][PASSED] - Statement - PreSaveFile = new java.io.File(((pathPrefix + java.lang.Integer.toString(counter)) + .png)): null

2018-12-06 23:08:00 - [TEST_STEP][PASSED] - Statement - counter = counter + 1: null

2018-12-06 23:08:00 - [TEST_STEP][PASSED] - Statement - PreSaveFile = new java.io.File(((pathPrefix + java.lang.Integer.toString(counter)) + .png)): null

2018-12-06 23:08:00 - [TEST_STEP][PASSED] - Statement - counter = counter + 1: null

2018-12-06 23:08:00 - [TEST_STEP][PASSED] - Statement - PreSaveFile = new java.io.File(((pathPrefix + java.lang.Integer.toString(counter)) + .png)): null

2018-12-06 23:08:00 - [TEST_STEP][PASSED] - Statement - counter = counter + 1: null

2018-12-06 23:08:00 - [TEST_STEP][PASSED] - Statement - PreSaveFile = new java.io.File(((pathPrefix + java.lang.Integer.toString(counter)) + .png)): null

2018-12-06 23:08:00 - [TEST_STEP][PASSED] - Statement - counter = counter + 1: null

2018-12-06 23:08:00 - [TEST_STEP][PASSED] - Statement - PreSaveFile = new java.io.File(((pathPrefix + java.lang.Integer.toString(counter)) + .png)): null

2018-12-06 23:08:00 - [TEST_STEP][PASSED] - Statement - counter = counter + 1: null

2018-12-06 23:08:00 - [TEST_STEP][PASSED] - Statement - PreSaveFile = new java.io.File(((pathPrefix + java.lang.Integer.toString(counter)) + .png)): null

2018-12-06 23:08:00 - [TEST_STEP][PASSED] - Statement - counter = counter + 1: null

2018-12-06 23:08:00 - [TEST_STEP][PASSED] - Statement - PreSaveFile = new java.io.File(((pathPrefix + java.lang.Integer.toString(counter)) + .png)): null

2018-12-06 23:08:00 - [TEST_STEP][PASSED] - Statement - counter = counter + 1: null

2018-12-06 23:08:00 - [TEST_STEP][PASSED] - Statement - PreSaveFile = new java.io.File(((pathPrefix + java.lang.Integer.toString(counter)) + .png)): null

2018-12-06 23:08:00 - [TEST_STEP][PASSED] - Statement - counter = counter + 1: null

2018-12-06 23:08:00 - [TEST_STEP][PASSED] - Statement - PreSaveFile = new java.io.File(((pathPrefix + java.lang.Integer.toString(counter)) + .png)): null

2018-12-06 23:08:00 - [TEST_STEP][PASSED] - Statement - counter = counter + 1: null

2018-12-06 23:08:00 - [TEST_STEP][PASSED] - Statement - PreSaveFile = new java.io.File(((pathPrefix + java.lang.Integer.toString(counter)) + .png)): null

2018-12-06 23:08:00 - [TEST_STEP][PASSED] - Statement - counter = counter + 1: null

2018-12-06 23:08:00 - [TEST_STEP][PASSED] - Statement - PreSaveFile = new java.io.File(((pathPrefix + java.lang.Integer.toString(counter)) + .png)): null

2018-12-06 23:08:00 - [TEST_STEP][PASSED] - Statement - counter = counter + 1: null

2018-12-06 23:08:00 - [TEST_STEP][PASSED] - Statement - PreSaveFile = new java.io.File(((pathPrefix + java.lang.Integer.toString(counter)) + .png)): null

2018-12-06 23:08:00 - [TEST_STEP][PASSED] - Statement - counter = counter + 1: null

2018-12-06 23:08:00 - [TEST_STEP][PASSED] - Statement - PreSaveFile = new java.io.File(((pathPrefix + java.lang.Integer.toString(counter)) + .png)): null

2018-12-06 23:08:00 - [TEST_STEP][PASSED] - Statement - counter = counter + 1: null

2018-12-06 23:08:00 - [TEST_STEP][PASSED] - Statement - PreSaveFile = new java.io.File(((pathPrefix + java.lang.Integer.toString(counter)) + .png)): null

2018-12-06 23:08:00 - [TEST_STEP][PASSED] - Statement - counter = counter + 1: null

2018-12-06 23:08:00 - [TEST_STEP][PASSED] - Statement - PreSaveFile = new java.io.File(((pathPrefix + java.lang.Integer.toString(counter)) + .png)): null

2018-12-06 23:08:00 - [TEST_STEP][PASSED] - Statement - counter = counter + 1: null

2018-12-06 23:08:00 - [TEST_STEP][PASSED] - Statement - PreSaveFile = new java.io.File(((pathPrefix + java.lang.Integer.toString(counter)) + .png)): null

2018-12-06 23:08:00 - [TEST_STEP][PASSED] - Statement - counter = counter + 1: null

2018-12-06 23:08:00 - [TEST_STEP][PASSED] - Statement - PreSaveFile = new java.io.File(((pathPrefix + java.lang.Integer.toString(counter)) + .png)): null

2018-12-06 23:08:00 - [TEST_STEP][PASSED] - Statement - counter = counter + 1: null

2018-12-06 23:08:00 - [TEST_STEP][PASSED] - Statement - PreSaveFile = new java.io.File(((pathPrefix + java.lang.Integer.toString(counter)) + .png)): null

2018-12-06 23:08:00 - [TEST_STEP][PASSED] - Statement - counter = counter + 1: null

2018-12-06 23:08:00 - [TEST_STEP][PASSED] - Statement - PreSaveFile = new java.io.File(((pathPrefix + java.lang.Integer.toString(counter)) + .png)): null

2018-12-06 23:08:00 - [TEST_STEP][PASSED] - Statement - counter = counter + 1: null

2018-12-06 23:08:00 - [TEST_STEP][PASSED] - Statement - PreSaveFile = new java.io.File(((pathPrefix + java.lang.Integer.toString(counter)) + .png)): null

2018-12-06 23:08:00 - [TEST_STEP][PASSED] - Statement - finalPath = pathPrefix + java.lang.Integer.toString(counter) + ".png": null

2018-12-06 23:08:00 - [TEST_STEP][PASSED] - Statement - SaveFile = new java.io.File(finalPath): null

2018-12-06 23:08:00 - [TEST_STEP][PASSED] - Statement - Try: null

2018-12-06 23:08:00 - [TEST_STEP][PASSED] - Statement - org.apache.commons.io.FileUtils.copyFile(scrFile, SaveFile): null

2018-12-06 23:08:00 - [TEST_STEP][PASSED] - Statement - out.println("file kept"): null

2018-12-06 23:08:00 - [TEST_STEP][PASSED] - delay: Delayed 10 second(s)

2018-12-06 23:08:10 - [MESSAGE][PASSED] - Delayed 10 second(s)

2018-12-06 23:08:10 - [MESSAGE][PASSED] - Call Test Case 'Test Cases/Final Aug 2018 - PKS Automation/Common/Screenshoting tool' successfully

2018-12-06 23:08:10 - [TEST_STEP][PASSED] - callTestCase: Call Test Case 'Test Cases/Final Aug 2018 - PKS Automation/Registration Module/Log Out/log out avoiding katalon tagging' successfully

2018-12-06 23:08:10 - [TEST_CASE][PASSED] - Test Cases/Final Aug 2018 - PKS Automation/Registration Module/Log Out/log out avoiding katalon tagging: Test Cases/Final Aug 2018 - PKS Automation/Registration Module/Log Out/log out avoiding katalon tagging

2018-12-06 23:08:10 - [TEST_STEP][PASSED] - navigateToUrl: Navigate to 'https://assist2-uat.perkeso.gov.my/c/portal/logout' successfully

2018-12-06 23:08:11 - [MESSAGE][PASSED] - Navigate to 'https://assist2-uat.perkeso.gov.my/c/portal/logout' successfully

2018-12-06 23:08:11 - [MESSAGE][PASSED] - Call Test Case 'Test Cases/Final Aug 2018 - PKS Automation/Registration Module/Log Out/log out avoiding katalon tagging' successfully

2018-12-06 23:08:11 - [TEST_STEP][PASSED] - callTestCase: Call Test Case 'Test Cases/Final Aug 2018 - PKS Automation/Common/Workflow Owner Finder' successfully

2018-12-06 23:08:11 - [TEST_CASE][PASSED] - Test Cases/Final Aug 2018 - PKS Automation/Common/Workflow Owner Finder: Test Cases/Final Aug 2018 - PKS Automation/Common/Workflow Owner Finder

2018-12-06 23:08:11 - [TEST_STEP][PASSED] - openBrowser: Browser is opened with url: ''

2018-12-06 23:08:11 - [MESSAGE][WARNING] - A browser is already opened. Closing browser and opening a new one

2018-12-06 23:08:15 - [MESSAGE][PASSED] - Browser is opened with url: ''

2018-12-06 23:08:15 - [TEST_STEP][PASSED] - navigateToUrl: Navigate to 'https://assist2-uat.perkeso.gov.my/login' successfully

2018-12-06 23:08:16 - [MESSAGE][PASSED] - Navigate to 'https://assist2-uat.perkeso.gov.my/login' successfully

2018-12-06 23:08:16 - [TEST_STEP][PASSED] - delay: Delayed 5 second(s)

2018-12-06 23:08:21 - [MESSAGE][PASSED] - Delayed 5 second(s)

2018-12-06 23:08:21 - [TEST_STEP][PASSED] - setText: Text 'test@liferay.com' is set on object 'Object Repository/Final Object Repo/Login Page/Internal User/Email Address'

2018-12-06 23:08:22 - [MESSAGE][PASSED] - Text 'test@liferay.com' is set on object 'Object Repository/Final Object Repo/Login Page/Internal User/Email Address'

2018-12-06 23:08:22 - [TEST_STEP][PASSED] - click: Object: 'Object Repository/Final Object Repo/Login Page/Internal User/Next Button' is clicked on

2018-12-06 23:08:22 - [MESSAGE][PASSED] - Object: 'Object Repository/Final Object Repo/Login Page/Internal User/Next Button' is clicked on

2018-12-06 23:08:22 - [TEST_STEP][PASSED] - delay: Delayed 2 second(s)

2018-12-06 23:08:24 - [MESSAGE][PASSED] - Delayed 2 second(s)

2018-12-06 23:08:24 - [TEST_STEP][PASSED] - setText: Text 'test' is set on object 'Object Repository/Final Object Repo/Login Page/Internal User/Password'

2018-12-06 23:08:24 - [MESSAGE][PASSED] - Text 'test' is set on object 'Object Repository/Final Object Repo/Login Page/Internal User/Password'

2018-12-06 23:08:24 - [TEST_STEP][PASSED] - delay: Delayed 2 second(s)

2018-12-06 23:08:26 - [MESSAGE][PASSED] - Delayed 2 second(s)

2018-12-06 23:08:26 - [TEST_STEP][PASSED] - click: Object: 'Object Repository/Final Object Repo/Login Page/Internal User/Login Button' is clicked on

2018-12-06 23:08:26 - [MESSAGE][PASSED] - Object: 'Object Repository/Final Object Repo/Login Page/Internal User/Login Button' is clicked on

2018-12-06 23:08:26 - [TEST_STEP][PASSED] - Statement - tester = com.kms.katalon.core.testobject.ObjectRepository.findTestObject(Final Object Repo/Landing Page/Select to English): Finding Test Object with id 'Object Repository/Final Object Repo/Landing Page/Select to English'

2018-12-06 23:08:26 - [TEST_STEP][PASSED] - Statement - Try: Delayed 2 second(s)

2018-12-06 23:08:26 - [TEST_STEP][PASSED] - Statement - Checker = com.kms.katalon.core.webui.keyword.WebUiBuiltInKeywords.verifyElementNotPresent(tester, 3): Web element with id: 'Object Repository/Final Object Repo/Landing Page/Select to English' located by 'By.xpath: //a[@class = 'taglib-language-list-text' and @lang = 'en-US' and (contains(text(), 'EN') or contains(., 'EN'))]' is not present after '3' second(s)

2018-12-06 23:08:29 - [MESSAGE][PASSED] - Web element with id: 'Object Repository/Final Object Repo/Landing Page/Select to English' located by 'By.xpath: //a[@class = 'taglib-language-list-text' and @lang = 'en-US' and (contains(text(), 'EN') or contains(., 'EN'))]' is not present after '3' second(s)

2018-12-06 23:08:29 - [TEST_STEP][PASSED] - Statement - If (Checker == false): null

2018-12-06 23:08:29 - [TEST_STEP][PASSED] - delay: Delayed 2 second(s)

2018-12-06 23:08:31 - [MESSAGE][PASSED] - Delayed 2 second(s)

2018-12-06 23:08:31 - [TEST_STEP][PASSED] - delay: Delayed 5 second(s)

2018-12-06 23:08:36 - [MESSAGE][PASSED] - Delayed 5 second(s)

2018-12-06 23:08:36 - [TEST_STEP][PASSED] - mouseOver: Object: 'Object Repository/Final Object Repo/Landing Page/WorkFlow Menu' is hovered

2018-12-06 23:08:36 - [MESSAGE][PASSED] - Object: 'Object Repository/Final Object Repo/Landing Page/WorkFlow Menu' is hovered

2018-12-06 23:08:36 - [TEST_STEP][PASSED] - delay: Delayed 2 second(s)

2018-12-06 23:08:38 - [MESSAGE][PASSED] - Delayed 2 second(s)

2018-12-06 23:08:38 - [TEST_STEP][PASSED] - click: Object: 'Object Repository/Final Object Repo/Landing Page/Select to Workflow Listing' is clicked on

2018-12-06 23:08:39 - [MESSAGE][PASSED] - Object: 'Object Repository/Final Object Repo/Landing Page/Select to Workflow Listing' is clicked on

2018-12-06 23:08:39 - [TEST_STEP][PASSED] - delay: Delayed 2 second(s)

2018-12-06 23:08:41 - [MESSAGE][PASSED] - Delayed 2 second(s)

2018-12-06 23:08:41 - [TEST_STEP][PASSED] - click: Object: 'Object Repository/Final Object Repo/WorkFlow Listing Page/Search Information - To Put Ref No' is clicked on

2018-12-06 23:08:41 - [MESSAGE][PASSED] - Object: 'Object Repository/Final Object Repo/WorkFlow Listing Page/Search Information - To Put Ref No' is clicked on

2018-12-06 23:08:41 - [TEST_STEP][PASSED] - delay: Delayed 2 second(s)

2018-12-06 23:08:43 - [MESSAGE][PASSED] - Delayed 2 second(s)

2018-12-06 23:08:43 - [TEST_STEP][PASSED] - callTestCase: Call Test Case 'Test Cases/Final Aug 2018 - PKS Automation/Common/Reference Number Getter' successfully

2018-12-06 23:08:43 - [TEST_CASE][PASSED] - Test Cases/Final Aug 2018 - PKS Automation/Common/Reference Number Getter: Test Cases/Final Aug 2018 - PKS Automation/Common/Reference Number Getter

2018-12-06 23:08:43 - [TEST_STEP][PASSED] - Statement - Try: null

2018-12-06 23:08:43 - [TEST_STEP][PASSED] - Statement - RefNo = new java.io.File(C://Users//Admin//Desktop//PKS//Automation Reference Point//KatalonReference.txt): null

2018-12-06 23:08:43 - [TEST_STEP][PASSED] - Statement - bufferread = new java.io.BufferedReader(new java.io.FileReader(RefNo)): null

2018-12-06 23:08:43 - [TEST_STEP][PASSED] - Statement - readedVal = bufferread.readLine(): null

2018-12-06 23:08:43 - [TEST_STEP][PASSED] - Statement - out.println(CaseReferenceNo): null

2018-12-06 23:08:43 - [TEST_STEP][PASSED] - Statement - out.println(readedVal): null

2018-12-06 23:08:43 - [TEST_STEP][PASSED] - Statement - CaseReferenceNo = "": null

2018-12-06 23:08:43 - [TEST_STEP][PASSED] - Statement - CaseReferenceNo = readedVal: null

2018-12-06 23:08:43 - [MESSAGE][PASSED] - Call Test Case 'Test Cases/Final Aug 2018 - PKS Automation/Common/Reference Number Getter' successfully

2018-12-06 23:08:43 - [TEST_STEP][PASSED] - setText: Text 'CAN12201800002267' is set on object 'Object Repository/Final Object Repo/WorkFlow Listing Page/Ref No Set Text'

2018-12-06 23:08:44 - [MESSAGE][PASSED] - Text 'CAN12201800002267' is set on object 'Object Repository/Final Object Repo/WorkFlow Listing Page/Ref No Set Text'

2018-12-06 23:08:44 - [TEST_STEP][PASSED] - delay: Delayed 2 second(s)

2018-12-06 23:08:46 - [MESSAGE][PASSED] - Delayed 2 second(s)

2018-12-06 23:08:46 - [TEST_STEP][PASSED] - click: Object: 'Object Repository/Final Object Repo/WorkFlow Listing Page/Search Ref No Search Button' is clicked on

2018-12-06 23:08:46 - [MESSAGE][PASSED] - Object: 'Object Repository/Final Object Repo/WorkFlow Listing Page/Search Ref No Search Button' is clicked on

2018-12-06 23:08:46 - [TEST_STEP][PASSED] - delay: Delayed 6 second(s)

2018-12-06 23:08:52 - [MESSAGE][PASSED] - Delayed 6 second(s)

2018-12-06 23:08:52 - [TEST_STEP][PASSED] - click: Object: 'Object Repository/Final Object Repo/WorkFlow Listing Page/Click Continue Tooltip' is clicked on

2018-12-06 23:08:53 - [MESSAGE][PASSED] - Object: 'Object Repository/Final Object Repo/WorkFlow Listing Page/Click Continue Tooltip' is clicked on

2018-12-06 23:08:53 - [TEST_STEP][PASSED] - delay: Delayed 5 second(s)

2018-12-06 23:08:58 - [MESSAGE][PASSED] - Delayed 5 second(s)

2018-12-06 23:08:58 - [TEST_STEP][PASSED] - doubleClick: Object: 'Object Repository/Final Object Repo/WorkFlow Listing Page/Workflow Found - Listing 1' is double clicked on

2018-12-06 23:08:58 - [MESSAGE][PASSED] - Object: 'Object Repository/Final Object Repo/WorkFlow Listing Page/Workflow Found - Listing 1' is double clicked on

2018-12-06 23:08:58 - [TEST_STEP][PASSED] - Statement - println(OwnerID): null

2018-12-06 23:08:58 - [TEST_STEP][PASSED] - Statement - OwnerID = com.kms.katalon.core.webui.keyword.WebUiBuiltInKeywords.getText(com.kms.katalon.core.testobject.ObjectRepository.findTestObject(Final Object Repo/WorkFlow Listing Page/Workflow Found - Listing 1), STOP_ON_FAILURE): Text of object 'Object Repository/Final Object Repo/WorkFlow Listing Page/Workflow Found - Listing 1' is: 'JOHORro2'

2018-12-06 23:08:58 - [MESSAGE][PASSED] - Text of object 'Object Repository/Final Object Repo/WorkFlow Listing Page/Workflow Found - Listing 1' is: 'JOHORro2'

2018-12-06 23:08:58 - [TEST_STEP][PASSED] - Statement - OwnerID = OwnerID.toLowerCase() + "@gmail.com": null

2018-12-06 23:08:58 - [TEST_STEP][PASSED] - Statement - println(OwnerID): null

2018-12-06 23:08:58 - [TEST_STEP][PASSED] - delay: Delayed 2 second(s)

2018-12-06 23:09:00 - [MESSAGE][PASSED] - Delayed 2 second(s)

2018-12-06 23:09:00 - [MESSAGE][PASSED] - Call Test Case 'Test Cases/Final Aug 2018 - PKS Automation/Common/Workflow Owner Finder' successfully

2018-12-06 23:09:00 - [TEST_STEP][PASSED] - callTestCase: Call Test Case 'Test Cases/Final Aug 2018 - PKS Automation/Registration Module/Log Out/log out avoiding katalon tagging' successfully

2018-12-06 23:09:00 - [TEST_CASE][PASSED] - Test Cases/Final Aug 2018 - PKS Automation/Registration Module/Log Out/log out avoiding katalon tagging: Test Cases/Final Aug 2018 - PKS Automation/Registration Module/Log Out/log out avoiding katalon tagging

2018-12-06 23:09:00 - [TEST_STEP][PASSED] - navigateToUrl: Navigate to 'https://assist2-uat.perkeso.gov.my/c/portal/logout' successfully

2018-12-06 23:09:01 - [MESSAGE][PASSED] - Navigate to 'https://assist2-uat.perkeso.gov.my/c/portal/logout' successfully

2018-12-06 23:09:01 - [MESSAGE][PASSED] - Call Test Case 'Test Cases/Final Aug 2018 - PKS Automation/Registration Module/Log Out/log out avoiding katalon tagging' successfully

2018-12-06 23:09:01 - [TEST_STEP][PASSED] - delay: Delayed 2 second(s)

2018-12-06 23:09:03 - [MESSAGE][PASSED] - Delayed 2 second(s)

2018-12-06 23:09:03 - [TEST_STEP][PASSED] - setText: Text 'johorro2@gmail.com' is set on object 'Object Repository/Final Object Repo/Page_Update Add New Employee - ASSIST/Email TextBox'

2018-12-06 23:09:03 - [MESSAGE][PASSED] - Text 'johorro2@gmail.com' is set on object 'Object Repository/Final Object Repo/Page_Update Add New Employee - ASSIST/Email TextBox'

2018-12-06 23:09:03 - [TEST_STEP][PASSED] - click: Object: 'Object Repository/Final Object Repo/Page_Update Add New Employee - ASSIST/Next Button' is clicked on

2018-12-06 23:09:04 - [MESSAGE][PASSED] - Object: 'Object Repository/Final Object Repo/Page_Update Add New Employee - ASSIST/Next Button' is clicked on

2018-12-06 23:09:04 - [TEST_STEP][PASSED] - delay: Delayed 2 second(s)

2018-12-06 23:09:06 - [MESSAGE][PASSED] - Delayed 2 second(s)

2018-12-06 23:09:06 - [TEST_STEP][PASSED] - setText: Text 'Test1@3456789' is set on object 'Object Repository/Final Object Repo/Page_Update Add New Employee - ASSIST/Password TextBox'

2018-12-06 23:09:06 - [MESSAGE][PASSED] - Text 'Test1@3456789' is set on object 'Object Repository/Final Object Repo/Page_Update Add New Employee - ASSIST/Password TextBox'

2018-12-06 23:09:06 - [TEST_STEP][PASSED] - delay: Delayed 2 second(s)

2018-12-06 23:09:08 - [MESSAGE][PASSED] - Delayed 2 second(s)

2018-12-06 23:09:08 - [TEST_STEP][PASSED] - click: Object: 'Object Repository/Final Object Repo/Page_Update Add New Employee - ASSIST/Login Button' is clicked on

2018-12-06 23:09:08 - [MESSAGE][PASSED] - Object: 'Object Repository/Final Object Repo/Page_Update Add New Employee - ASSIST/Login Button' is clicked on

2018-12-06 23:09:08 - [TEST_STEP][PASSED] - delay: Delayed 4 second(s)

2018-12-06 23:09:12 - [MESSAGE][PASSED] - Delayed 4 second(s)

2018-12-06 23:09:12 - [TEST_STEP][PASSED] - Statement - Try: Delayed 2 second(s)

2018-12-06 23:09:12 - [TEST_STEP][PASSED] - Statement - Checker = false: null

2018-12-06 23:09:12 - [TEST_STEP][PASSED] - Statement - Checker = com.kms.katalon.core.webui.keyword.WebUiBuiltInKeywords.verifyElementHasAttribute(com.kms.katalon.core.testobject.ObjectRepository.findTestObject(Final Object Repo/Landing Page/BM Detecting), "href", 20, OPTIONAL): Object 'Object Repository/Final Object Repo/Landing Page/BM Detecting' has attribute 'href'

2018-12-06 23:09:12 - [MESSAGE][PASSED] - Object 'Object Repository/Final Object Repo/Landing Page/BM Detecting' has attribute 'href'

2018-12-06 23:09:12 - [TEST_STEP][PASSED] - Statement - out.println(Checker): null

2018-12-06 23:09:12 - [TEST_STEP][PASSED] - Statement - If (Checker == false): null

2018-12-06 23:09:12 - [TEST_STEP][PASSED] - Statement - Else: null

2018-12-06 23:09:12 - [TEST_STEP][PASSED] - delay: Delayed 2 second(s)

2018-12-06 23:09:14 - [MESSAGE][PASSED] - Delayed 2 second(s)

2018-12-06 23:09:14 - [TEST_STEP][PASSED] - delay: Delayed 4 second(s)

2018-12-06 23:09:18 - [MESSAGE][PASSED] - Delayed 4 second(s)

2018-12-06 23:09:18 - [TEST_STEP][PASSED] - click: Object: 'Object Repository/Final Object Repo/New Registration - Registration Module Pages/New Reg - OTC to RO/Special Case - All Related Objects/Expand to Search' is clicked on

2018-12-06 23:09:18 - [MESSAGE][PASSED] - Object: 'Object Repository/Final Object Repo/New Registration - Registration Module Pages/New Reg - OTC to RO/Special Case - All Related Objects/Expand to Search' is clicked on

2018-12-06 23:09:18 - [TEST_STEP][FAILED] - setText: Unable to set text 'CAN12201800002267' of object 'Object Repository/Final Object Repo/New Registration - Registration Module Pages/New Reg - OTC to RO/Special Case - All Related Objects/TextBox RefNo in Workbasket' (Root cause: org.openqa.selenium.ElementNotVisibleException: element not interactable
  (Session info: chrome=70.0.3538.110)
  (Driver info: chromedriver=2.43.600210 (68dcf5eebde37173d4027fa8635e332711d2874a),platform=Windows NT 6.1.7601 SP1 x86_64) (WARNING: The server did not provide any stacktrace information)
Command duration or timeout: 0 milliseconds
Build info: version: '3.7.1', revision: '8a0099a', time: '2017-11-06T21:07:36.161Z'
System info: host: 'WIN7TEST02', ip: '10.20.3.72', os.name: 'Windows 7', os.arch: 'amd64', os.version: '6.1', java.version: '1.8.0_181'
Driver info: com.kms.katalon.selenium.driver.CChromeDriver
Capabilities {acceptInsecureCerts: false, acceptSslCerts: false, applicationCacheEnabled: false, browserConnectionEnabled: false, browserName: chrome, chrome: {chromedriverVersion: 2.43.600210 (68dcf5eebde371..., userDataDir: C:\Users\Admin\AppData\Loca...}, cssSelectorsEnabled: true, databaseEnabled: false, goog:chromeOptions: {debuggerAddress: localhost:61958}, handlesAlerts: true, hasTouchScreen: false, javascriptEnabled: true, locationContextEnabled: true, mobileEmulationEnabled: false, nativeEvents: true, networkConnectionEnabled: false, pageLoadStrategy: normal, platform: XP, platformName: XP, rotatable: false, setWindowRect: true, takesHeapSnapshot: true, takesScreenshot: true, unexpectedAlertBehaviour: , unhandledPromptBehavior: , version: 70.0.3538.110, webStorageEnabled: true}
Session ID: 8f0cddcc1078fab4b5eaa33f4d4dadca)

2018-12-06 23:09:19 - [MESSAGE][FAILED] - Unable to set text 'CAN12201800002267' of object 'Object Repository/Final Object Repo/New Registration - Registration Module Pages/New Reg - OTC to RO/Special Case - All Related Objects/TextBox RefNo in Workbasket' (Root cause: org.openqa.selenium.ElementNotVisibleException: element not interactable
  (Session info: chrome=70.0.3538.110)
  (Driver info: chromedriver=2.43.600210 (68dcf5eebde37173d4027fa8635e332711d2874a),platform=Windows NT 6.1.7601 SP1 x86_64) (WARNING: The server did not provide any stacktrace information)
Command duration or timeout: 0 milliseconds
Build info: version: '3.7.1', revision: '8a0099a', time: '2017-11-06T21:07:36.161Z'
System info: host: 'WIN7TEST02', ip: '10.20.3.72', os.name: 'Windows 7', os.arch: 'amd64', os.version: '6.1', java.version: '1.8.0_181'
Driver info: com.kms.katalon.selenium.driver.CChromeDriver
Capabilities {acceptInsecureCerts: false, acceptSslCerts: false, applicationCacheEnabled: false, browserConnectionEnabled: false, browserName: chrome, chrome: {chromedriverVersion: 2.43.600210 (68dcf5eebde371..., userDataDir: C:\Users\Admin\AppData\Loca...}, cssSelectorsEnabled: true, databaseEnabled: false, goog:chromeOptions: {debuggerAddress: localhost:61958}, handlesAlerts: true, hasTouchScreen: false, javascriptEnabled: true, locationContextEnabled: true, mobileEmulationEnabled: false, nativeEvents: true, networkConnectionEnabled: false, pageLoadStrategy: normal, platform: XP, platformName: XP, rotatable: false, setWindowRect: true, takesHeapSnapshot: true, takesScreenshot: true, unexpectedAlertBehaviour: , unhandledPromptBehavior: , version: 70.0.3538.110, webStorageEnabled: true}
Session ID: 8f0cddcc1078fab4b5eaa33f4d4dadca)
[[ATTACHMENT|C:\\Users\\Admin\\Desktop\\PKS\\Perkeso Phase A\\Reports\\Workflow\\Update Add New Employee\\20181206_171415\\1544108958846.png]]

2018-12-06 23:09:19 - [TEST_STEP][PASSED] - delay: Delayed 2 second(s)

2018-12-06 23:09:21 - [MESSAGE][PASSED] - Delayed 2 second(s)

2018-12-06 23:09:21 - [TEST_STEP][PASSED] - click: Object: 'Object Repository/Final Object Repo/New Registration - Registration Module Pages/New Reg - OTC to RO/Special Case - All Related Objects/Click Search' is clicked on

2018-12-06 23:09:21 - [MESSAGE][PASSED] - Object: 'Object Repository/Final Object Repo/New Registration - Registration Module Pages/New Reg - OTC to RO/Special Case - All Related Objects/Click Search' is clicked on

2018-12-06 23:09:21 - [TEST_STEP][PASSED] - delay: Delayed 2 second(s)

2018-12-06 23:09:23 - [MESSAGE][PASSED] - Delayed 2 second(s)

2018-12-06 23:09:23 - [TEST_STEP][PASSED] - click: Object: 'Object Repository/Final Object Repo/New Registration - Registration Module Pages/New Reg - OTC to RO/Special Case - All Related Objects/Click to Continue Workflow' is clicked on

2018-12-06 23:09:27 - [MESSAGE][PASSED] - Object: 'Object Repository/Final Object Repo/New Registration - Registration Module Pages/New Reg - OTC to RO/Special Case - All Related Objects/Click to Continue Workflow' is clicked on

2018-12-06 23:09:27 - [TEST_STEP][PASSED] - delay: Delayed 10 second(s)

2018-12-06 23:09:37 - [MESSAGE][PASSED] - Delayed 10 second(s)

2018-12-06 23:09:37 - [TEST_STEP][PASSED] - click: Object: 'Object Repository/Final Object Repo/New Registration - Registration Module Pages/New Reg - OTC to RO/Special Case - All Related Objects/Continue Button in verifying case' is clicked on

2018-12-06 23:09:40 - [MESSAGE][PASSED] - Object: 'Object Repository/Final Object Repo/New Registration - Registration Module Pages/New Reg - OTC to RO/Special Case - All Related Objects/Continue Button in verifying case' is clicked on

2018-12-06 23:09:40 - [TEST_STEP][PASSED] - delay: Delayed 2 second(s)

2018-12-06 23:09:42 - [MESSAGE][PASSED] - Delayed 2 second(s)

2018-12-06 23:09:42 - [TEST_STEP][PASSED] - click: Object: 'Object Repository/Final Object Repo/Page_Update Add New Employee - ASSIST/Save  Continue Button' is clicked on

2018-12-06 23:09:42 - [MESSAGE][PASSED] - Object: 'Object Repository/Final Object Repo/Page_Update Add New Employee - ASSIST/Save  Continue Button' is clicked on

2018-12-06 23:09:42 - [TEST_STEP][PASSED] - delay: Delayed 4 second(s)

2018-12-06 23:09:46 - [MESSAGE][PASSED] - Delayed 4 second(s)

2018-12-06 23:09:46 - [TEST_STEP][PASSED] - click: Object: 'Object Repository/Final Object Repo/Page_Update Add New Employee - ASSIST/Save  Continue Third Screen' is clicked on

2018-12-06 23:09:49 - [MESSAGE][PASSED] - Object: 'Object Repository/Final Object Repo/Page_Update Add New Employee - ASSIST/Save  Continue Third Screen' is clicked on

2018-12-06 23:09:49 - [TEST_STEP][PASSED] - delay: Delayed 4 second(s)

2018-12-06 23:09:53 - [MESSAGE][PASSED] - Delayed 4 second(s)

2018-12-06 23:09:53 - [TEST_STEP][PASSED] - setText: Text 'Query the Case' is set on object 'Object Repository/Final Object Repo/Page_Update Add New Employee - ASSIST/Query Text Input'

2018-12-06 23:09:53 - [MESSAGE][PASSED] - Text 'Query the Case' is set on object 'Object Repository/Final Object Repo/Page_Update Add New Employee - ASSIST/Query Text Input'

2018-12-06 23:09:53 - [TEST_STEP][PASSED] - delay: Delayed 4 second(s)

2018-12-06 23:09:57 - [MESSAGE][PASSED] - Delayed 4 second(s)

2018-12-06 23:09:57 - [TEST_STEP][PASSED] - click: Object: 'Object Repository/Final Object Repo/Page_Update Add New Employee - ASSIST/Save   Continue Supporting Doc Page' is clicked on

2018-12-06 23:09:57 - [MESSAGE][PASSED] - Object: 'Object Repository/Final Object Repo/Page_Update Add New Employee - ASSIST/Save   Continue Supporting Doc Page' is clicked on

2018-12-06 23:09:57 - [TEST_STEP][PASSED] - delay: Delayed 4 second(s)

2018-12-06 23:10:01 - [MESSAGE][PASSED] - Delayed 4 second(s)

2018-12-06 23:10:01 - [TEST_STEP][PASSED] - click: Object: 'Object Repository/Final Object Repo/Page_Update Add New Employee - ASSIST/Query Button' is clicked on

2018-12-06 23:10:02 - [MESSAGE][PASSED] - Object: 'Object Repository/Final Object Repo/Page_Update Add New Employee - ASSIST/Query Button' is clicked on

2018-12-06 23:10:02 - [TEST_STEP][PASSED] - delay: Delayed 4 second(s)

2018-12-06 23:10:06 - [MESSAGE][PASSED] - Delayed 4 second(s)

2018-12-06 23:10:06 - [TEST_STEP][PASSED] - click: Object: 'Object Repository/Final Object Repo/Page_Update Add New Employee - ASSIST/Confirm to Query' is clicked on

2018-12-06 23:10:06 - [MESSAGE][PASSED] - Object: 'Object Repository/Final Object Repo/Page_Update Add New Employee - ASSIST/Confirm to Query' is clicked on

2018-12-06 23:10:06 - [TEST_STEP][PASSED] - delay: Delayed 20 second(s)

2018-12-06 23:10:26 - [MESSAGE][PASSED] - Delayed 20 second(s)

2018-12-06 23:10:26 - [TEST_STEP][PASSED] - callTestCase: Call Test Case 'Test Cases/Final Aug 2018 - PKS Automation/Common/Screenshoting tool' successfully

2018-12-06 23:10:26 - [TEST_CASE][PASSED] - Test Cases/Final Aug 2018 - PKS Automation/Common/Screenshoting tool: Test Cases/Final Aug 2018 - PKS Automation/Common/Screenshoting tool

2018-12-06 23:10:26 - [TEST_STEP][PASSED] - delay: Delayed 15 second(s)

2018-12-06 23:10:41 - [MESSAGE][PASSED] - Delayed 15 second(s)

2018-12-06 23:10:41 - [TEST_STEP][PASSED] - Statement - driver = com.kms.katalon.core.webui.driver.DriverFactory.getWebDriver(): null

2018-12-06 23:10:41 - [TEST_STEP][PASSED] - Statement - driver.manage().timeouts().implicitlyWait(10, SECONDS): null

2018-12-06 23:10:41 - [TEST_STEP][PASSED] - Statement - PresavePath = KatalonScreenshots: null

2018-12-06 23:10:41 - [TEST_STEP][PASSED] - Statement - pathPrefix = "C:\Users\Public\Pictures\Sample Pictures\Katalon Screenshots\Automate Ending Screen": null

2018-12-06 23:10:41 - [TEST_STEP][PASSED] - Statement - finalPath = <not implemented yet for class: org.codehaus.groovy.ast.expr.EmptyExpression>: null

2018-12-06 23:10:41 - [TEST_STEP][PASSED] - Statement - scrFile = driver.getScreenshotAs(FILE): null

2018-12-06 23:10:41 - [TEST_STEP][PASSED] - Statement - PreSaveFile = new java.io.File(PresavePath): null

2018-12-06 23:10:41 - [TEST_STEP][PASSED] - Statement - counter = 0: null

2018-12-06 23:10:41 - [TEST_STEP][PASSED] - Statement - If (PreSaveFile.exists()): null

2018-12-06 23:10:41 - [TEST_STEP][PASSED] - Statement - While (PreSaveFile.exists()): null

2018-12-06 23:10:41 - [TEST_STEP][PASSED] - Statement - counter = counter + 1: null

2018-12-06 23:10:41 - [TEST_STEP][PASSED] - Statement - PreSaveFile = new java.io.File(((pathPrefix + java.lang.Integer.toString(counter)) + .png)): null

2018-12-06 23:10:41 - [TEST_STEP][PASSED] - Statement - counter = counter + 1: null

2018-12-06 23:10:41 - [TEST_STEP][PASSED] - Statement - PreSaveFile = new java.io.File(((pathPrefix + java.lang.Integer.toString(counter)) + .png)): null

2018-12-06 23:10:41 - [TEST_STEP][PASSED] - Statement - counter = counter + 1: null

2018-12-06 23:10:41 - [TEST_STEP][PASSED] - Statement - PreSaveFile = new java.io.File(((pathPrefix + java.lang.Integer.toString(counter)) + .png)): null

2018-12-06 23:10:41 - [TEST_STEP][PASSED] - Statement - counter = counter + 1: null

2018-12-06 23:10:41 - [TEST_STEP][PASSED] - Statement - PreSaveFile = new java.io.File(((pathPrefix + java.lang.Integer.toString(counter)) + .png)): null

2018-12-06 23:10:41 - [TEST_STEP][PASSED] - Statement - counter = counter + 1: null

2018-12-06 23:10:41 - [TEST_STEP][PASSED] - Statement - PreSaveFile = new java.io.File(((pathPrefix + java.lang.Integer.toString(counter)) + .png)): null

2018-12-06 23:10:41 - [TEST_STEP][PASSED] - Statement - counter = counter + 1: null

2018-12-06 23:10:41 - [TEST_STEP][PASSED] - Statement - PreSaveFile = new java.io.File(((pathPrefix + java.lang.Integer.toString(counter)) + .png)): null

2018-12-06 23:10:41 - [TEST_STEP][PASSED] - Statement - counter = counter + 1: null

2018-12-06 23:10:41 - [TEST_STEP][PASSED] - Statement - PreSaveFile = new java.io.File(((pathPrefix + java.lang.Integer.toString(counter)) + .png)): null

2018-12-06 23:10:41 - [TEST_STEP][PASSED] - Statement - counter = counter + 1: null

2018-12-06 23:10:41 - [TEST_STEP][PASSED] - Statement - PreSaveFile = new java.io.File(((pathPrefix + java.lang.Integer.toString(counter)) + .png)): null

2018-12-06 23:10:41 - [TEST_STEP][PASSED] - Statement - counter = counter + 1: null

2018-12-06 23:10:41 - [TEST_STEP][PASSED] - Statement - PreSaveFile = new java.io.File(((pathPrefix + java.lang.Integer.toString(counter)) + .png)): null

2018-12-06 23:10:41 - [TEST_STEP][PASSED] - Statement - counter = counter + 1: null

2018-12-06 23:10:41 - [TEST_STEP][PASSED] - Statement - PreSaveFile = new java.io.File(((pathPrefix + java.lang.Integer.toString(counter)) + .png)): null

2018-12-06 23:10:41 - [TEST_STEP][PASSED] - Statement - counter = counter + 1: null

2018-12-06 23:10:41 - [TEST_STEP][PASSED] - Statement - PreSaveFile = new java.io.File(((pathPrefix + java.lang.Integer.toString(counter)) + .png)): null

2018-12-06 23:10:41 - [TEST_STEP][PASSED] - Statement - counter = counter + 1: null

2018-12-06 23:10:41 - [TEST_STEP][PASSED] - Statement - PreSaveFile = new java.io.File(((pathPrefix + java.lang.Integer.toString(counter)) + .png)): null

2018-12-06 23:10:41 - [TEST_STEP][PASSED] - Statement - counter = counter + 1: null

2018-12-06 23:10:41 - [TEST_STEP][PASSED] - Statement - PreSaveFile = new java.io.File(((pathPrefix + java.lang.Integer.toString(counter)) + .png)): null

2018-12-06 23:10:41 - [TEST_STEP][PASSED] - Statement - counter = counter + 1: null

2018-12-06 23:10:41 - [TEST_STEP][PASSED] - Statement - PreSaveFile = new java.io.File(((pathPrefix + java.lang.Integer.toString(counter)) + .png)): null

2018-12-06 23:10:41 - [TEST_STEP][PASSED] - Statement - counter = counter + 1: null

2018-12-06 23:10:41 - [TEST_STEP][PASSED] - Statement - PreSaveFile = new java.io.File(((pathPrefix + java.lang.Integer.toString(counter)) + .png)): null

2018-12-06 23:10:41 - [TEST_STEP][PASSED] - Statement - counter = counter + 1: null

2018-12-06 23:10:41 - [TEST_STEP][PASSED] - Statement - PreSaveFile = new java.io.File(((pathPrefix + java.lang.Integer.toString(counter)) + .png)): null

2018-12-06 23:10:41 - [TEST_STEP][PASSED] - Statement - counter = counter + 1: null

2018-12-06 23:10:41 - [TEST_STEP][PASSED] - Statement - PreSaveFile = new java.io.File(((pathPrefix + java.lang.Integer.toString(counter)) + .png)): null

2018-12-06 23:10:41 - [TEST_STEP][PASSED] - Statement - counter = counter + 1: null

2018-12-06 23:10:41 - [TEST_STEP][PASSED] - Statement - PreSaveFile = new java.io.File(((pathPrefix + java.lang.Integer.toString(counter)) + .png)): null

2018-12-06 23:10:41 - [TEST_STEP][PASSED] - Statement - counter = counter + 1: null

2018-12-06 23:10:41 - [TEST_STEP][PASSED] - Statement - PreSaveFile = new java.io.File(((pathPrefix + java.lang.Integer.toString(counter)) + .png)): null

2018-12-06 23:10:41 - [TEST_STEP][PASSED] - Statement - counter = counter + 1: null

2018-12-06 23:10:41 - [TEST_STEP][PASSED] - Statement - PreSaveFile = new java.io.File(((pathPrefix + java.lang.Integer.toString(counter)) + .png)): null

2018-12-06 23:10:41 - [TEST_STEP][PASSED] - Statement - counter = counter + 1: null

2018-12-06 23:10:41 - [TEST_STEP][PASSED] - Statement - PreSaveFile = new java.io.File(((pathPrefix + java.lang.Integer.toString(counter)) + .png)): null

2018-12-06 23:10:41 - [TEST_STEP][PASSED] - Statement - counter = counter + 1: null

2018-12-06 23:10:41 - [TEST_STEP][PASSED] - Statement - PreSaveFile = new java.io.File(((pathPrefix + java.lang.Integer.toString(counter)) + .png)): null

2018-12-06 23:10:41 - [TEST_STEP][PASSED] - Statement - counter = counter + 1: null

2018-12-06 23:10:41 - [TEST_STEP][PASSED] - Statement - PreSaveFile = new java.io.File(((pathPrefix + java.lang.Integer.toString(counter)) + .png)): null

2018-12-06 23:10:41 - [TEST_STEP][PASSED] - Statement - counter = counter + 1: null

2018-12-06 23:10:41 - [TEST_STEP][PASSED] - Statement - PreSaveFile = new java.io.File(((pathPrefix + java.lang.Integer.toString(counter)) + .png)): null

2018-12-06 23:10:41 - [TEST_STEP][PASSED] - Statement - counter = counter + 1: null

2018-12-06 23:10:41 - [TEST_STEP][PASSED] - Statement - PreSaveFile = new java.io.File(((pathPrefix + java.lang.Integer.toString(counter)) + .png)): null

2018-12-06 23:10:41 - [TEST_STEP][PASSED] - Statement - counter = counter + 1: null

2018-12-06 23:10:41 - [TEST_STEP][PASSED] - Statement - PreSaveFile = new java.io.File(((pathPrefix + java.lang.Integer.toString(counter)) + .png)): null

2018-12-06 23:10:41 - [TEST_STEP][PASSED] - Statement - counter = counter + 1: null

2018-12-06 23:10:41 - [TEST_STEP][PASSED] - Statement - PreSaveFile = new java.io.File(((pathPrefix + java.lang.Integer.toString(counter)) + .png)): null

2018-12-06 23:10:41 - [TEST_STEP][PASSED] - Statement - counter = counter + 1: null

2018-12-06 23:10:41 - [TEST_STEP][PASSED] - Statement - PreSaveFile = new java.io.File(((pathPrefix + java.lang.Integer.toString(counter)) + .png)): null

2018-12-06 23:10:41 - [TEST_STEP][PASSED] - Statement - counter = counter + 1: null

2018-12-06 23:10:41 - [TEST_STEP][PASSED] - Statement - PreSaveFile = new java.io.File(((pathPrefix + java.lang.Integer.toString(counter)) + .png)): null

2018-12-06 23:10:41 - [TEST_STEP][PASSED] - Statement - counter = counter + 1: null

2018-12-06 23:10:41 - [TEST_STEP][PASSED] - Statement - PreSaveFile = new java.io.File(((pathPrefix + java.lang.Integer.toString(counter)) + .png)): null

2018-12-06 23:10:41 - [TEST_STEP][PASSED] - Statement - counter = counter + 1: null

2018-12-06 23:10:41 - [TEST_STEP][PASSED] - Statement - PreSaveFile = new java.io.File(((pathPrefix + java.lang.Integer.toString(counter)) + .png)): null

2018-12-06 23:10:41 - [TEST_STEP][PASSED] - Statement - counter = counter + 1: null

2018-12-06 23:10:41 - [TEST_STEP][PASSED] - Statement - PreSaveFile = new java.io.File(((pathPrefix + java.lang.Integer.toString(counter)) + .png)): null

2018-12-06 23:10:41 - [TEST_STEP][PASSED] - Statement - counter = counter + 1: null

2018-12-06 23:10:41 - [TEST_STEP][PASSED] - Statement - PreSaveFile = new java.io.File(((pathPrefix + java.lang.Integer.toString(counter)) + .png)): null

2018-12-06 23:10:41 - [TEST_STEP][PASSED] - Statement - counter = counter + 1: null

2018-12-06 23:10:41 - [TEST_STEP][PASSED] - Statement - PreSaveFile = new java.io.File(((pathPrefix + java.lang.Integer.toString(counter)) + .png)): null

2018-12-06 23:10:41 - [TEST_STEP][PASSED] - Statement - counter = counter + 1: null

2018-12-06 23:10:41 - [TEST_STEP][PASSED] - Statement - PreSaveFile = new java.io.File(((pathPrefix + java.lang.Integer.toString(counter)) + .png)): null

2018-12-06 23:10:41 - [TEST_STEP][PASSED] - Statement - counter = counter + 1: null

2018-12-06 23:10:41 - [TEST_STEP][PASSED] - Statement - PreSaveFile = new java.io.File(((pathPrefix + java.lang.Integer.toString(counter)) + .png)): null

2018-12-06 23:10:41 - [TEST_STEP][PASSED] - Statement - counter = counter + 1: null

2018-12-06 23:10:41 - [TEST_STEP][PASSED] - Statement - PreSaveFile = new java.io.File(((pathPrefix + java.lang.Integer.toString(counter)) + .png)): null

2018-12-06 23:10:41 - [TEST_STEP][PASSED] - Statement - counter = counter + 1: null

2018-12-06 23:10:41 - [TEST_STEP][PASSED] - Statement - PreSaveFile = new java.io.File(((pathPrefix + java.lang.Integer.toString(counter)) + .png)): null

2018-12-06 23:10:41 - [TEST_STEP][PASSED] - Statement - counter = counter + 1: null

2018-12-06 23:10:41 - [TEST_STEP][PASSED] - Statement - PreSaveFile = new java.io.File(((pathPrefix + java.lang.Integer.toString(counter)) + .png)): null

2018-12-06 23:10:41 - [TEST_STEP][PASSED] - Statement - counter = counter + 1: null

2018-12-06 23:10:41 - [TEST_STEP][PASSED] - Statement - PreSaveFile = new java.io.File(((pathPrefix + java.lang.Integer.toString(counter)) + .png)): null

2018-12-06 23:10:41 - [TEST_STEP][PASSED] - Statement - counter = counter + 1: null

2018-12-06 23:10:41 - [TEST_STEP][PASSED] - Statement - PreSaveFile = new java.io.File(((pathPrefix + java.lang.Integer.toString(counter)) + .png)): null

2018-12-06 23:10:41 - [TEST_STEP][PASSED] - Statement - counter = counter + 1: null

2018-12-06 23:10:41 - [TEST_STEP][PASSED] - Statement - PreSaveFile = new java.io.File(((pathPrefix + java.lang.Integer.toString(counter)) + .png)): null

2018-12-06 23:10:41 - [TEST_STEP][PASSED] - Statement - counter = counter + 1: null

2018-12-06 23:10:41 - [TEST_STEP][PASSED] - Statement - PreSaveFile = new java.io.File(((pathPrefix + java.lang.Integer.toString(counter)) + .png)): null

2018-12-06 23:10:41 - [TEST_STEP][PASSED] - Statement - counter = counter + 1: null

2018-12-06 23:10:41 - [TEST_STEP][PASSED] - Statement - PreSaveFile = new java.io.File(((pathPrefix + java.lang.Integer.toString(counter)) + .png)): null

2018-12-06 23:10:41 - [TEST_STEP][PASSED] - Statement - counter = counter + 1: null

2018-12-06 23:10:41 - [TEST_STEP][PASSED] - Statement - PreSaveFile = new java.io.File(((pathPrefix + java.lang.Integer.toString(counter)) + .png)): null

2018-12-06 23:10:41 - [TEST_STEP][PASSED] - Statement - counter = counter + 1: null

2018-12-06 23:10:41 - [TEST_STEP][PASSED] - Statement - PreSaveFile = new java.io.File(((pathPrefix + java.lang.Integer.toString(counter)) + .png)): null

2018-12-06 23:10:41 - [TEST_STEP][PASSED] - Statement - counter = counter + 1: null

2018-12-06 23:10:41 - [TEST_STEP][PASSED] - Statement - PreSaveFile = new java.io.File(((pathPrefix + java.lang.Integer.toString(counter)) + .png)): null

2018-12-06 23:10:41 - [TEST_STEP][PASSED] - Statement - counter = counter + 1: null

2018-12-06 23:10:41 - [TEST_STEP][PASSED] - Statement - PreSaveFile = new java.io.File(((pathPrefix + java.lang.Integer.toString(counter)) + .png)): null

2018-12-06 23:10:41 - [TEST_STEP][PASSED] - Statement - counter = counter + 1: null

2018-12-06 23:10:41 - [TEST_STEP][PASSED] - Statement - PreSaveFile = new java.io.File(((pathPrefix + java.lang.Integer.toString(counter)) + .png)): null

2018-12-06 23:10:41 - [TEST_STEP][PASSED] - Statement - counter = counter + 1: null

2018-12-06 23:10:41 - [TEST_STEP][PASSED] - Statement - PreSaveFile = new java.io.File(((pathPrefix + java.lang.Integer.toString(counter)) + .png)): null

2018-12-06 23:10:41 - [TEST_STEP][PASSED] - Statement - finalPath = pathPrefix + java.lang.Integer.toString(counter) + ".png": null

2018-12-06 23:10:41 - [TEST_STEP][PASSED] - Statement - SaveFile = new java.io.File(finalPath): null

2018-12-06 23:10:41 - [TEST_STEP][PASSED] - Statement - Try: null

2018-12-06 23:10:41 - [TEST_STEP][PASSED] - Statement - org.apache.commons.io.FileUtils.copyFile(scrFile, SaveFile): null

2018-12-06 23:10:41 - [TEST_STEP][PASSED] - Statement - out.println("file kept"): null

2018-12-06 23:10:41 - [TEST_STEP][PASSED] - delay: Delayed 10 second(s)

2018-12-06 23:10:51 - [MESSAGE][PASSED] - Delayed 10 second(s)

2018-12-06 23:10:51 - [MESSAGE][PASSED] - Call Test Case 'Test Cases/Final Aug 2018 - PKS Automation/Common/Screenshoting tool' successfully

2018-12-06 23:10:51 - [TEST_STEP][PASSED] - callTestCase: Call Test Case 'Test Cases/Final Aug 2018 - PKS Automation/Registration Module/Log Out/log out avoiding katalon tagging' successfully

2018-12-06 23:10:51 - [TEST_CASE][PASSED] - Test Cases/Final Aug 2018 - PKS Automation/Registration Module/Log Out/log out avoiding katalon tagging: Test Cases/Final Aug 2018 - PKS Automation/Registration Module/Log Out/log out avoiding katalon tagging

2018-12-06 23:10:51 - [TEST_STEP][PASSED] - navigateToUrl: Navigate to 'https://assist2-uat.perkeso.gov.my/c/portal/logout' successfully

2018-12-06 23:10:52 - [MESSAGE][PASSED] - Navigate to 'https://assist2-uat.perkeso.gov.my/c/portal/logout' successfully

2018-12-06 23:10:52 - [MESSAGE][PASSED] - Call Test Case 'Test Cases/Final Aug 2018 - PKS Automation/Registration Module/Log Out/log out avoiding katalon tagging' successfully

2018-12-06 23:10:52 - [TEST_STEP][PASSED] - delay: Delayed 4 second(s)

2018-12-06 23:10:56 - [MESSAGE][PASSED] - Delayed 4 second(s)

2018-12-06 23:10:56 - [TEST_STEP][PASSED] - setText: Text 'klpkrbo2@gmail.com' is set on object 'Object Repository/Final Object Repo/Login Page/Internal User/Email Address'

2018-12-06 23:10:57 - [MESSAGE][PASSED] - Text 'klpkrbo2@gmail.com' is set on object 'Object Repository/Final Object Repo/Login Page/Internal User/Email Address'

2018-12-06 23:10:57 - [TEST_STEP][PASSED] - click: Object: 'Object Repository/Final Object Repo/Login Page/Internal User/Next Button' is clicked on

2018-12-06 23:10:57 - [MESSAGE][PASSED] - Object: 'Object Repository/Final Object Repo/Login Page/Internal User/Next Button' is clicked on

2018-12-06 23:10:57 - [TEST_STEP][PASSED] - delay: Delayed 2 second(s)

2018-12-06 23:10:59 - [MESSAGE][PASSED] - Delayed 2 second(s)

2018-12-06 23:10:59 - [TEST_STEP][PASSED] - setText: Text 'Test1@3456789' is set on object 'Object Repository/Final Object Repo/Login Page/Internal User/Password'

2018-12-06 23:10:59 - [MESSAGE][PASSED] - Text 'Test1@3456789' is set on object 'Object Repository/Final Object Repo/Login Page/Internal User/Password'

2018-12-06 23:10:59 - [TEST_STEP][PASSED] - delay: Delayed 2 second(s)

2018-12-06 23:11:01 - [MESSAGE][PASSED] - Delayed 2 second(s)

2018-12-06 23:11:01 - [TEST_STEP][PASSED] - click: Object: 'Object Repository/Final Object Repo/Login Page/Internal User/Login Button' is clicked on

2018-12-06 23:11:01 - [MESSAGE][PASSED] - Object: 'Object Repository/Final Object Repo/Login Page/Internal User/Login Button' is clicked on

2018-12-06 23:11:01 - [TEST_STEP][PASSED] - delay: Delayed 4 second(s)

2018-12-06 23:11:05 - [MESSAGE][PASSED] - Delayed 4 second(s)

2018-12-06 23:11:05 - [TEST_STEP][PASSED] - Statement - Try: Delayed 2 second(s)

2018-12-06 23:11:05 - [TEST_STEP][PASSED] - Statement - Checker = false: null

2018-12-06 23:11:05 - [TEST_STEP][PASSED] - Statement - Checker = com.kms.katalon.core.webui.keyword.WebUiBuiltInKeywords.verifyElementHasAttribute(com.kms.katalon.core.testobject.ObjectRepository.findTestObject(Final Object Repo/Landing Page/BM Detecting), "href", 20, OPTIONAL): Object 'Object Repository/Final Object Repo/Landing Page/BM Detecting' has attribute 'href'

2018-12-06 23:11:05 - [MESSAGE][PASSED] - Object 'Object Repository/Final Object Repo/Landing Page/BM Detecting' has attribute 'href'

2018-12-06 23:11:05 - [TEST_STEP][PASSED] - Statement - out.println(Checker): null

2018-12-06 23:11:05 - [TEST_STEP][PASSED] - Statement - If (Checker == false): null

2018-12-06 23:11:05 - [TEST_STEP][PASSED] - Statement - Else: null

2018-12-06 23:11:05 - [TEST_STEP][PASSED] - delay: Delayed 2 second(s)

2018-12-06 23:11:07 - [MESSAGE][PASSED] - Delayed 2 second(s)

2018-12-06 23:11:07 - [TEST_STEP][PASSED] - delay: Delayed 4 second(s)

2018-12-06 23:11:11 - [MESSAGE][PASSED] - Delayed 4 second(s)

2018-12-06 23:11:11 - [TEST_STEP][PASSED] - click: Object: 'Object Repository/Final Object Repo/Landing Page/My Sites Drop Down' is clicked on

2018-12-06 23:11:11 - [MESSAGE][PASSED] - Object: 'Object Repository/Final Object Repo/Landing Page/My Sites Drop Down' is clicked on

2018-12-06 23:11:11 - [TEST_STEP][PASSED] - click: Object: 'Object Repository/Final Object Repo/Landing Page/Select to Registration Module' is clicked on

2018-12-06 23:11:13 - [MESSAGE][PASSED] - Object: 'Object Repository/Final Object Repo/Landing Page/Select to Registration Module' is clicked on

2018-12-06 23:11:13 - [TEST_STEP][PASSED] - delay: Delayed 2 second(s)

2018-12-06 23:11:15 - [MESSAGE][PASSED] - Delayed 2 second(s)

2018-12-06 23:11:15 - [TEST_STEP][PASSED] - mouseOver: Object: 'Object Repository/Final Object Repo/Page_Update Add New Employee - ASSIST/Hover Over Search Drop Down' is hovered

2018-12-06 23:11:15 - [MESSAGE][PASSED] - Object: 'Object Repository/Final Object Repo/Page_Update Add New Employee - ASSIST/Hover Over Search Drop Down' is hovered

2018-12-06 23:11:15 - [TEST_STEP][PASSED] - click: Object: 'Object Repository/Final Object Repo/Page_Update Add New Employee - ASSIST/Select Search Pending Case' is clicked on

2018-12-06 23:11:16 - [MESSAGE][PASSED] - Object: 'Object Repository/Final Object Repo/Page_Update Add New Employee - ASSIST/Select Search Pending Case' is clicked on

2018-12-06 23:11:16 - [TEST_STEP][PASSED] - click: Object: 'Object Repository/Final Object Repo/Page_Update Add New Employee - ASSIST/Select Searching Method (Employer Code)' is clicked on

2018-12-06 23:11:16 - [MESSAGE][PASSED] - Object: 'Object Repository/Final Object Repo/Page_Update Add New Employee - ASSIST/Select Searching Method (Employer Code)' is clicked on

2018-12-06 23:11:16 - [TEST_STEP][PASSED] - click: Object: 'Object Repository/Final Object Repo/Page_Update Add New Employee - ASSIST/Select Searching Method to Reference ID' is clicked on

2018-12-06 23:11:16 - [MESSAGE][PASSED] - Object: 'Object Repository/Final Object Repo/Page_Update Add New Employee - ASSIST/Select Searching Method to Reference ID' is clicked on

2018-12-06 23:11:16 - [TEST_STEP][PASSED] - setText: Text 'CAN12201800002267' is set on object 'Object Repository/Final Object Repo/Page_Update Add New Employee - ASSIST/Pending Case Ref NO'

2018-12-06 23:11:16 - [MESSAGE][PASSED] - Text 'CAN12201800002267' is set on object 'Object Repository/Final Object Repo/Page_Update Add New Employee - ASSIST/Pending Case Ref NO'

2018-12-06 23:11:16 - [TEST_STEP][PASSED] - click: Object: 'Object Repository/Final Object Repo/Page_Update Add New Employee - ASSIST/Search Pending Case Based on Ref No' is clicked on

2018-12-06 23:11:16 - [MESSAGE][PASSED] - Object: 'Object Repository/Final Object Repo/Page_Update Add New Employee - ASSIST/Search Pending Case Based on Ref No' is clicked on

2018-12-06 23:11:16 - [TEST_STEP][PASSED] - click: Object: 'Object Repository/Final Object Repo/Page_Update Add New Employee - ASSIST/Action Button after found case' is clicked on

2018-12-06 23:11:20 - [MESSAGE][PASSED] - Object: 'Object Repository/Final Object Repo/Page_Update Add New Employee - ASSIST/Action Button after found case' is clicked on

2018-12-06 23:11:20 - [TEST_STEP][PASSED] - click: Object: 'Object Repository/Final Object Repo/Page_Update Add New Employee - ASSIST/Next Button in Pending Case First Page' is clicked on

2018-12-06 23:11:21 - [MESSAGE][PASSED] - Object: 'Object Repository/Final Object Repo/Page_Update Add New Employee - ASSIST/Next Button in Pending Case First Page' is clicked on

2018-12-06 23:11:21 - [TEST_STEP][PASSED] - click: Object: 'Object Repository/Final Object Repo/Page_Update Add New Employee - ASSIST/Next Button in Third Screen' is clicked on

2018-12-06 23:11:25 - [MESSAGE][PASSED] - Object: 'Object Repository/Final Object Repo/Page_Update Add New Employee - ASSIST/Next Button in Third Screen' is clicked on

2018-12-06 23:11:25 - [TEST_STEP][PASSED] - click: Object: 'Object Repository/Final Object Repo/Page_Update Add New Employee - ASSIST/Add Document for Pending Case' is clicked on

2018-12-06 23:11:25 - [MESSAGE][PASSED] - Object: 'Object Repository/Final Object Repo/Page_Update Add New Employee - ASSIST/Add Document for Pending Case' is clicked on

2018-12-06 23:11:25 - [TEST_STEP][PASSED] - delay: Delayed 10 second(s)

2018-12-06 23:11:35 - [MESSAGE][PASSED] - Delayed 10 second(s)

2018-12-06 23:11:35 - [TEST_STEP][PASSED] - click: Object: 'Object Repository/Final Object Repo/Page_Update Add New Employee - ASSIST/Upload Pending Doc - Please Select' is clicked on

2018-12-06 23:11:35 - [MESSAGE][PASSED] - Object: 'Object Repository/Final Object Repo/Page_Update Add New Employee - ASSIST/Upload Pending Doc - Please Select' is clicked on

2018-12-06 23:11:35 - [TEST_STEP][PASSED] - click: Object: 'Object Repository/Final Object Repo/Page_Update Add New Employee - ASSIST/Select to Others to Upload' is clicked on

2018-12-06 23:11:35 - [MESSAGE][PASSED] - Object: 'Object Repository/Final Object Repo/Page_Update Add New Employee - ASSIST/Select to Others to Upload' is clicked on

2018-12-06 23:11:35 - [TEST_STEP][PASSED] - uploadFile: File 'C:\Users\Public\Pictures\Sample Pictures\Koala.jpg' sent to object: 'Object Repository/Final Object Repo/Page_Update Add New Employee - ASSIST/Uploading Pending Case Action'

2018-12-06 23:11:35 - [MESSAGE][PASSED] - File 'C:\Users\Public\Pictures\Sample Pictures\Koala.jpg' sent to object: 'Object Repository/Final Object Repo/Page_Update Add New Employee - ASSIST/Uploading Pending Case Action'

2018-12-06 23:11:35 - [TEST_STEP][PASSED] - click: Object: 'Object Repository/Final Object Repo/Page_Update Add New Employee - ASSIST/Inner form Add Document Button Pending Case' is clicked on

2018-12-06 23:11:35 - [MESSAGE][PASSED] - Object: 'Object Repository/Final Object Repo/Page_Update Add New Employee - ASSIST/Inner form Add Document Button Pending Case' is clicked on

2018-12-06 23:11:35 - [TEST_STEP][PASSED] - delay: Delayed 2 second(s)

2018-12-06 23:11:37 - [MESSAGE][PASSED] - Delayed 2 second(s)

2018-12-06 23:11:37 - [TEST_STEP][PASSED] - click: Object: 'Object Repository/Final Object Repo/Page_Update Add New Employee - ASSIST/Pending Case Exit' is clicked on

2018-12-06 23:11:40 - [MESSAGE][PASSED] - Object: 'Object Repository/Final Object Repo/Page_Update Add New Employee - ASSIST/Pending Case Exit' is clicked on

2018-12-06 23:11:40 - [TEST_STEP][PASSED] - callTestCase: Call Test Case 'Test Cases/Final Aug 2018 - PKS Automation/Registration Module/Log Out/log out avoiding katalon tagging' successfully

2018-12-06 23:11:40 - [TEST_CASE][PASSED] - Test Cases/Final Aug 2018 - PKS Automation/Registration Module/Log Out/log out avoiding katalon tagging: Test Cases/Final Aug 2018 - PKS Automation/Registration Module/Log Out/log out avoiding katalon tagging

2018-12-06 23:11:40 - [TEST_STEP][PASSED] - navigateToUrl: Navigate to 'https://assist2-uat.perkeso.gov.my/c/portal/logout' successfully

2018-12-06 23:11:41 - [MESSAGE][PASSED] - Navigate to 'https://assist2-uat.perkeso.gov.my/c/portal/logout' successfully

2018-12-06 23:11:41 - [MESSAGE][PASSED] - Call Test Case 'Test Cases/Final Aug 2018 - PKS Automation/Registration Module/Log Out/log out avoiding katalon tagging' successfully

2018-12-06 23:11:41 - [TEST_STEP][PASSED] - callTestCase: Call Test Case 'Test Cases/Final Aug 2018 - PKS Automation/Common/Workflow Owner Finder' successfully

2018-12-06 23:11:41 - [TEST_CASE][PASSED] - Test Cases/Final Aug 2018 - PKS Automation/Common/Workflow Owner Finder: Test Cases/Final Aug 2018 - PKS Automation/Common/Workflow Owner Finder

2018-12-06 23:11:41 - [TEST_STEP][PASSED] - openBrowser: Browser is opened with url: ''

2018-12-06 23:11:41 - [MESSAGE][WARNING] - A browser is already opened. Closing browser and opening a new one

2018-12-06 23:11:44 - [MESSAGE][PASSED] - Browser is opened with url: ''

2018-12-06 23:11:44 - [TEST_STEP][PASSED] - navigateToUrl: Navigate to 'https://assist2-uat.perkeso.gov.my/login' successfully

2018-12-06 23:11:46 - [MESSAGE][PASSED] - Navigate to 'https://assist2-uat.perkeso.gov.my/login' successfully

2018-12-06 23:11:46 - [TEST_STEP][PASSED] - delay: Delayed 5 second(s)

2018-12-06 23:11:51 - [MESSAGE][PASSED] - Delayed 5 second(s)

2018-12-06 23:11:51 - [TEST_STEP][PASSED] - setText: Text 'test@liferay.com' is set on object 'Object Repository/Final Object Repo/Login Page/Internal User/Email Address'

2018-12-06 23:11:51 - [MESSAGE][PASSED] - Text 'test@liferay.com' is set on object 'Object Repository/Final Object Repo/Login Page/Internal User/Email Address'

2018-12-06 23:11:51 - [TEST_STEP][PASSED] - click: Object: 'Object Repository/Final Object Repo/Login Page/Internal User/Next Button' is clicked on

2018-12-06 23:11:51 - [MESSAGE][PASSED] - Object: 'Object Repository/Final Object Repo/Login Page/Internal User/Next Button' is clicked on

2018-12-06 23:11:51 - [TEST_STEP][PASSED] - delay: Delayed 2 second(s)

2018-12-06 23:11:53 - [MESSAGE][PASSED] - Delayed 2 second(s)

2018-12-06 23:11:53 - [TEST_STEP][PASSED] - setText: Text 'test' is set on object 'Object Repository/Final Object Repo/Login Page/Internal User/Password'

2018-12-06 23:11:53 - [MESSAGE][PASSED] - Text 'test' is set on object 'Object Repository/Final Object Repo/Login Page/Internal User/Password'

2018-12-06 23:11:53 - [TEST_STEP][PASSED] - delay: Delayed 2 second(s)

2018-12-06 23:11:55 - [MESSAGE][PASSED] - Delayed 2 second(s)

2018-12-06 23:11:55 - [TEST_STEP][PASSED] - click: Object: 'Object Repository/Final Object Repo/Login Page/Internal User/Login Button' is clicked on

2018-12-06 23:11:55 - [MESSAGE][PASSED] - Object: 'Object Repository/Final Object Repo/Login Page/Internal User/Login Button' is clicked on

2018-12-06 23:11:55 - [TEST_STEP][PASSED] - Statement - tester = com.kms.katalon.core.testobject.ObjectRepository.findTestObject(Final Object Repo/Landing Page/Select to English): Finding Test Object with id 'Object Repository/Final Object Repo/Landing Page/Select to English'

2018-12-06 23:11:55 - [TEST_STEP][PASSED] - Statement - Try: Delayed 2 second(s)

2018-12-06 23:11:55 - [TEST_STEP][PASSED] - Statement - Checker = com.kms.katalon.core.webui.keyword.WebUiBuiltInKeywords.verifyElementNotPresent(tester, 3): Web element with id: 'Object Repository/Final Object Repo/Landing Page/Select to English' located by 'By.xpath: //a[@class = 'taglib-language-list-text' and @lang = 'en-US' and (contains(text(), 'EN') or contains(., 'EN'))]' is not present after '3' second(s)

2018-12-06 23:11:57 - [MESSAGE][PASSED] - Web element with id: 'Object Repository/Final Object Repo/Landing Page/Select to English' located by 'By.xpath: //a[@class = 'taglib-language-list-text' and @lang = 'en-US' and (contains(text(), 'EN') or contains(., 'EN'))]' is not present after '3' second(s)

2018-12-06 23:11:57 - [TEST_STEP][PASSED] - Statement - If (Checker == false): null

2018-12-06 23:11:57 - [TEST_STEP][PASSED] - delay: Delayed 2 second(s)

2018-12-06 23:11:59 - [MESSAGE][PASSED] - Delayed 2 second(s)

2018-12-06 23:11:59 - [TEST_STEP][PASSED] - delay: Delayed 5 second(s)

2018-12-06 23:12:04 - [MESSAGE][PASSED] - Delayed 5 second(s)

2018-12-06 23:12:04 - [TEST_STEP][PASSED] - mouseOver: Object: 'Object Repository/Final Object Repo/Landing Page/WorkFlow Menu' is hovered

2018-12-06 23:12:04 - [MESSAGE][PASSED] - Object: 'Object Repository/Final Object Repo/Landing Page/WorkFlow Menu' is hovered

2018-12-06 23:12:04 - [TEST_STEP][PASSED] - delay: Delayed 2 second(s)

2018-12-06 23:12:06 - [MESSAGE][PASSED] - Delayed 2 second(s)

2018-12-06 23:12:06 - [TEST_STEP][PASSED] - click: Object: 'Object Repository/Final Object Repo/Landing Page/Select to Workflow Listing' is clicked on

2018-12-06 23:12:07 - [MESSAGE][PASSED] - Object: 'Object Repository/Final Object Repo/Landing Page/Select to Workflow Listing' is clicked on

2018-12-06 23:12:07 - [TEST_STEP][PASSED] - delay: Delayed 2 second(s)

2018-12-06 23:12:09 - [MESSAGE][PASSED] - Delayed 2 second(s)

2018-12-06 23:12:09 - [TEST_STEP][PASSED] - click: Object: 'Object Repository/Final Object Repo/WorkFlow Listing Page/Search Information - To Put Ref No' is clicked on

2018-12-06 23:12:10 - [MESSAGE][PASSED] - Object: 'Object Repository/Final Object Repo/WorkFlow Listing Page/Search Information - To Put Ref No' is clicked on

2018-12-06 23:12:10 - [TEST_STEP][PASSED] - delay: Delayed 2 second(s)

2018-12-06 23:12:12 - [MESSAGE][PASSED] - Delayed 2 second(s)

2018-12-06 23:12:12 - [TEST_STEP][PASSED] - callTestCase: Call Test Case 'Test Cases/Final Aug 2018 - PKS Automation/Common/Reference Number Getter' successfully

2018-12-06 23:12:12 - [TEST_CASE][PASSED] - Test Cases/Final Aug 2018 - PKS Automation/Common/Reference Number Getter: Test Cases/Final Aug 2018 - PKS Automation/Common/Reference Number Getter

2018-12-06 23:12:12 - [TEST_STEP][PASSED] - Statement - Try: null

2018-12-06 23:12:12 - [TEST_STEP][PASSED] - Statement - RefNo = new java.io.File(C://Users//Admin//Desktop//PKS//Automation Reference Point//KatalonReference.txt): null

2018-12-06 23:12:12 - [TEST_STEP][PASSED] - Statement - bufferread = new java.io.BufferedReader(new java.io.FileReader(RefNo)): null

2018-12-06 23:12:12 - [TEST_STEP][PASSED] - Statement - readedVal = bufferread.readLine(): null

2018-12-06 23:12:12 - [TEST_STEP][PASSED] - Statement - out.println(CaseReferenceNo): null

2018-12-06 23:12:12 - [TEST_STEP][PASSED] - Statement - out.println(readedVal): null

2018-12-06 23:12:12 - [TEST_STEP][PASSED] - Statement - CaseReferenceNo = "": null

2018-12-06 23:12:12 - [TEST_STEP][PASSED] - Statement - CaseReferenceNo = readedVal: null

2018-12-06 23:12:12 - [MESSAGE][PASSED] - Call Test Case 'Test Cases/Final Aug 2018 - PKS Automation/Common/Reference Number Getter' successfully

2018-12-06 23:12:12 - [TEST_STEP][PASSED] - setText: Text 'CAN12201800002267' is set on object 'Object Repository/Final Object Repo/WorkFlow Listing Page/Ref No Set Text'

2018-12-06 23:12:12 - [MESSAGE][PASSED] - Text 'CAN12201800002267' is set on object 'Object Repository/Final Object Repo/WorkFlow Listing Page/Ref No Set Text'

2018-12-06 23:12:12 - [TEST_STEP][PASSED] - delay: Delayed 2 second(s)

2018-12-06 23:12:14 - [MESSAGE][PASSED] - Delayed 2 second(s)

2018-12-06 23:12:14 - [TEST_STEP][PASSED] - click: Object: 'Object Repository/Final Object Repo/WorkFlow Listing Page/Search Ref No Search Button' is clicked on

2018-12-06 23:12:14 - [MESSAGE][PASSED] - Object: 'Object Repository/Final Object Repo/WorkFlow Listing Page/Search Ref No Search Button' is clicked on

2018-12-06 23:12:14 - [TEST_STEP][PASSED] - delay: Delayed 6 second(s)

2018-12-06 23:12:20 - [MESSAGE][PASSED] - Delayed 6 second(s)

2018-12-06 23:12:20 - [TEST_STEP][PASSED] - click: Object: 'Object Repository/Final Object Repo/WorkFlow Listing Page/Click Continue Tooltip' is clicked on

2018-12-06 23:12:21 - [MESSAGE][PASSED] - Object: 'Object Repository/Final Object Repo/WorkFlow Listing Page/Click Continue Tooltip' is clicked on

2018-12-06 23:12:21 - [TEST_STEP][PASSED] - delay: Delayed 5 second(s)

2018-12-06 23:12:26 - [MESSAGE][PASSED] - Delayed 5 second(s)

2018-12-06 23:12:26 - [TEST_STEP][PASSED] - doubleClick: Object: 'Object Repository/Final Object Repo/WorkFlow Listing Page/Workflow Found - Listing 1' is double clicked on

2018-12-06 23:12:26 - [MESSAGE][PASSED] - Object: 'Object Repository/Final Object Repo/WorkFlow Listing Page/Workflow Found - Listing 1' is double clicked on

2018-12-06 23:12:26 - [TEST_STEP][PASSED] - Statement - println(OwnerID): null

2018-12-06 23:12:26 - [TEST_STEP][PASSED] - Statement - OwnerID = com.kms.katalon.core.webui.keyword.WebUiBuiltInKeywords.getText(com.kms.katalon.core.testobject.ObjectRepository.findTestObject(Final Object Repo/WorkFlow Listing Page/Workflow Found - Listing 1), STOP_ON_FAILURE): Text of object 'Object Repository/Final Object Repo/WorkFlow Listing Page/Workflow Found - Listing 1' is: 'JOHORro2'

2018-12-06 23:12:26 - [MESSAGE][PASSED] - Text of object 'Object Repository/Final Object Repo/WorkFlow Listing Page/Workflow Found - Listing 1' is: 'JOHORro2'

2018-12-06 23:12:26 - [TEST_STEP][PASSED] - Statement - OwnerID = OwnerID.toLowerCase() + "@gmail.com": null

2018-12-06 23:12:26 - [TEST_STEP][PASSED] - Statement - println(OwnerID): null

2018-12-06 23:12:26 - [TEST_STEP][PASSED] - delay: Delayed 2 second(s)

2018-12-06 23:12:28 - [MESSAGE][PASSED] - Delayed 2 second(s)

2018-12-06 23:12:28 - [MESSAGE][PASSED] - Call Test Case 'Test Cases/Final Aug 2018 - PKS Automation/Common/Workflow Owner Finder' successfully

2018-12-06 23:12:28 - [TEST_STEP][PASSED] - callTestCase: Call Test Case 'Test Cases/Final Aug 2018 - PKS Automation/Registration Module/Log Out/log out avoiding katalon tagging' successfully

2018-12-06 23:12:28 - [TEST_CASE][PASSED] - Test Cases/Final Aug 2018 - PKS Automation/Registration Module/Log Out/log out avoiding katalon tagging: Test Cases/Final Aug 2018 - PKS Automation/Registration Module/Log Out/log out avoiding katalon tagging

2018-12-06 23:12:28 - [TEST_STEP][PASSED] - navigateToUrl: Navigate to 'https://assist2-uat.perkeso.gov.my/c/portal/logout' successfully

2018-12-06 23:12:29 - [MESSAGE][PASSED] - Navigate to 'https://assist2-uat.perkeso.gov.my/c/portal/logout' successfully

2018-12-06 23:12:29 - [MESSAGE][PASSED] - Call Test Case 'Test Cases/Final Aug 2018 - PKS Automation/Registration Module/Log Out/log out avoiding katalon tagging' successfully

2018-12-06 23:12:29 - [TEST_STEP][PASSED] - delay: Delayed 2 second(s)

2018-12-06 23:12:31 - [MESSAGE][PASSED] - Delayed 2 second(s)

2018-12-06 23:12:31 - [TEST_STEP][PASSED] - setText: Text 'johorro2@gmail.com' is set on object 'Object Repository/Final Object Repo/Page_Update Add New Employee - ASSIST/Email TextBox'

2018-12-06 23:12:31 - [MESSAGE][PASSED] - Text 'johorro2@gmail.com' is set on object 'Object Repository/Final Object Repo/Page_Update Add New Employee - ASSIST/Email TextBox'

2018-12-06 23:12:31 - [TEST_STEP][PASSED] - click: Object: 'Object Repository/Final Object Repo/Page_Update Add New Employee - ASSIST/Next Button' is clicked on

2018-12-06 23:12:32 - [MESSAGE][PASSED] - Object: 'Object Repository/Final Object Repo/Page_Update Add New Employee - ASSIST/Next Button' is clicked on

2018-12-06 23:12:32 - [TEST_STEP][PASSED] - delay: Delayed 2 second(s)

2018-12-06 23:12:34 - [MESSAGE][PASSED] - Delayed 2 second(s)

2018-12-06 23:12:34 - [TEST_STEP][PASSED] - setText: Text 'Test1@3456789' is set on object 'Object Repository/Final Object Repo/Page_Update Add New Employee - ASSIST/Password TextBox'

2018-12-06 23:12:34 - [MESSAGE][PASSED] - Text 'Test1@3456789' is set on object 'Object Repository/Final Object Repo/Page_Update Add New Employee - ASSIST/Password TextBox'

2018-12-06 23:12:34 - [TEST_STEP][PASSED] - delay: Delayed 2 second(s)

2018-12-06 23:12:36 - [MESSAGE][PASSED] - Delayed 2 second(s)

2018-12-06 23:12:36 - [TEST_STEP][PASSED] - click: Object: 'Object Repository/Final Object Repo/Page_Update Add New Employee - ASSIST/Login Button' is clicked on

2018-12-06 23:12:36 - [MESSAGE][PASSED] - Object: 'Object Repository/Final Object Repo/Page_Update Add New Employee - ASSIST/Login Button' is clicked on

2018-12-06 23:12:36 - [TEST_STEP][PASSED] - delay: Delayed 4 second(s)

2018-12-06 23:12:40 - [MESSAGE][PASSED] - Delayed 4 second(s)

2018-12-06 23:12:40 - [TEST_STEP][PASSED] - Statement - Try: Delayed 2 second(s)

2018-12-06 23:12:40 - [TEST_STEP][PASSED] - Statement - Checker = false: null

2018-12-06 23:12:40 - [TEST_STEP][PASSED] - Statement - Checker = com.kms.katalon.core.webui.keyword.WebUiBuiltInKeywords.verifyElementHasAttribute(com.kms.katalon.core.testobject.ObjectRepository.findTestObject(Final Object Repo/Landing Page/BM Detecting), "href", 20, OPTIONAL): Object 'Object Repository/Final Object Repo/Landing Page/BM Detecting' has attribute 'href'

2018-12-06 23:12:40 - [MESSAGE][PASSED] - Object 'Object Repository/Final Object Repo/Landing Page/BM Detecting' has attribute 'href'

2018-12-06 23:12:40 - [TEST_STEP][PASSED] - Statement - out.println(Checker): null

2018-12-06 23:12:40 - [TEST_STEP][PASSED] - Statement - If (Checker == false): null

2018-12-06 23:12:40 - [TEST_STEP][PASSED] - Statement - Else: null

2018-12-06 23:12:40 - [TEST_STEP][PASSED] - delay: Delayed 2 second(s)

2018-12-06 23:12:42 - [MESSAGE][PASSED] - Delayed 2 second(s)

2018-12-06 23:12:42 - [TEST_STEP][PASSED] - delay: Delayed 4 second(s)

2018-12-06 23:12:46 - [MESSAGE][PASSED] - Delayed 4 second(s)

2018-12-06 23:12:46 - [TEST_STEP][PASSED] - click: Object: 'Object Repository/Final Object Repo/New Registration - Registration Module Pages/New Reg - OTC to RO/Special Case - All Related Objects/Expand to Search' is clicked on

2018-12-06 23:12:46 - [MESSAGE][PASSED] - Object: 'Object Repository/Final Object Repo/New Registration - Registration Module Pages/New Reg - OTC to RO/Special Case - All Related Objects/Expand to Search' is clicked on

2018-12-06 23:12:46 - [TEST_STEP][FAILED] - setText: Unable to set text 'CAN12201800002267' of object 'Object Repository/Final Object Repo/New Registration - Registration Module Pages/New Reg - OTC to RO/Special Case - All Related Objects/TextBox RefNo in Workbasket' (Root cause: org.openqa.selenium.ElementNotVisibleException: element not interactable
  (Session info: chrome=70.0.3538.110)
  (Driver info: chromedriver=2.43.600210 (68dcf5eebde37173d4027fa8635e332711d2874a),platform=Windows NT 6.1.7601 SP1 x86_64) (WARNING: The server did not provide any stacktrace information)
Command duration or timeout: 0 milliseconds
Build info: version: '3.7.1', revision: '8a0099a', time: '2017-11-06T21:07:36.161Z'
System info: host: 'WIN7TEST02', ip: '10.20.3.72', os.name: 'Windows 7', os.arch: 'amd64', os.version: '6.1', java.version: '1.8.0_181'
Driver info: com.kms.katalon.selenium.driver.CChromeDriver
Capabilities {acceptInsecureCerts: false, acceptSslCerts: false, applicationCacheEnabled: false, browserConnectionEnabled: false, browserName: chrome, chrome: {chromedriverVersion: 2.43.600210 (68dcf5eebde371..., userDataDir: C:\Users\Admin\AppData\Loca...}, cssSelectorsEnabled: true, databaseEnabled: false, goog:chromeOptions: {debuggerAddress: localhost:62012}, handlesAlerts: true, hasTouchScreen: false, javascriptEnabled: true, locationContextEnabled: true, mobileEmulationEnabled: false, nativeEvents: true, networkConnectionEnabled: false, pageLoadStrategy: normal, platform: XP, platformName: XP, rotatable: false, setWindowRect: true, takesHeapSnapshot: true, takesScreenshot: true, unexpectedAlertBehaviour: , unhandledPromptBehavior: , version: 70.0.3538.110, webStorageEnabled: true}
Session ID: f43c5bc076af420a49bbc568af45b6b6)

2018-12-06 23:12:47 - [MESSAGE][FAILED] - Unable to set text 'CAN12201800002267' of object 'Object Repository/Final Object Repo/New Registration - Registration Module Pages/New Reg - OTC to RO/Special Case - All Related Objects/TextBox RefNo in Workbasket' (Root cause: org.openqa.selenium.ElementNotVisibleException: element not interactable
  (Session info: chrome=70.0.3538.110)
  (Driver info: chromedriver=2.43.600210 (68dcf5eebde37173d4027fa8635e332711d2874a),platform=Windows NT 6.1.7601 SP1 x86_64) (WARNING: The server did not provide any stacktrace information)
Command duration or timeout: 0 milliseconds
Build info: version: '3.7.1', revision: '8a0099a', time: '2017-11-06T21:07:36.161Z'
System info: host: 'WIN7TEST02', ip: '10.20.3.72', os.name: 'Windows 7', os.arch: 'amd64', os.version: '6.1', java.version: '1.8.0_181'
Driver info: com.kms.katalon.selenium.driver.CChromeDriver
Capabilities {acceptInsecureCerts: false, acceptSslCerts: false, applicationCacheEnabled: false, browserConnectionEnabled: false, browserName: chrome, chrome: {chromedriverVersion: 2.43.600210 (68dcf5eebde371..., userDataDir: C:\Users\Admin\AppData\Loca...}, cssSelectorsEnabled: true, databaseEnabled: false, goog:chromeOptions: {debuggerAddress: localhost:62012}, handlesAlerts: true, hasTouchScreen: false, javascriptEnabled: true, locationContextEnabled: true, mobileEmulationEnabled: false, nativeEvents: true, networkConnectionEnabled: false, pageLoadStrategy: normal, platform: XP, platformName: XP, rotatable: false, setWindowRect: true, takesHeapSnapshot: true, takesScreenshot: true, unexpectedAlertBehaviour: , unhandledPromptBehavior: , version: 70.0.3538.110, webStorageEnabled: true}
Session ID: f43c5bc076af420a49bbc568af45b6b6)
[[ATTACHMENT|C:\\Users\\Admin\\Desktop\\PKS\\Perkeso Phase A\\Reports\\Workflow\\Update Add New Employee\\20181206_171415\\1544109166961.png]]

2018-12-06 23:12:47 - [TEST_STEP][PASSED] - delay: Delayed 2 second(s)

2018-12-06 23:12:49 - [MESSAGE][PASSED] - Delayed 2 second(s)

2018-12-06 23:12:49 - [TEST_STEP][PASSED] - click: Object: 'Object Repository/Final Object Repo/New Registration - Registration Module Pages/New Reg - OTC to RO/Special Case - All Related Objects/Click Search' is clicked on

2018-12-06 23:12:49 - [MESSAGE][PASSED] - Object: 'Object Repository/Final Object Repo/New Registration - Registration Module Pages/New Reg - OTC to RO/Special Case - All Related Objects/Click Search' is clicked on

2018-12-06 23:12:49 - [TEST_STEP][PASSED] - delay: Delayed 2 second(s)

2018-12-06 23:12:51 - [MESSAGE][PASSED] - Delayed 2 second(s)

2018-12-06 23:12:51 - [TEST_STEP][PASSED] - click: Object: 'Object Repository/Final Object Repo/New Registration - Registration Module Pages/New Reg - OTC to RO/Special Case - All Related Objects/Click to Continue Workflow' is clicked on

2018-12-06 23:12:55 - [MESSAGE][PASSED] - Object: 'Object Repository/Final Object Repo/New Registration - Registration Module Pages/New Reg - OTC to RO/Special Case - All Related Objects/Click to Continue Workflow' is clicked on

2018-12-06 23:12:55 - [TEST_STEP][PASSED] - delay: Delayed 2 second(s)

2018-12-06 23:12:57 - [MESSAGE][PASSED] - Delayed 2 second(s)

2018-12-06 23:12:57 - [TEST_STEP][PASSED] - click: Object: 'Object Repository/Final Object Repo/New Registration - Registration Module Pages/New Reg - OTC to RO/Special Case - All Related Objects/Continue Button in verifying case' is clicked on

2018-12-06 23:13:00 - [MESSAGE][PASSED] - Object: 'Object Repository/Final Object Repo/New Registration - Registration Module Pages/New Reg - OTC to RO/Special Case - All Related Objects/Continue Button in verifying case' is clicked on

2018-12-06 23:13:00 - [TEST_STEP][PASSED] - delay: Delayed 2 second(s)

2018-12-06 23:13:02 - [MESSAGE][PASSED] - Delayed 2 second(s)

2018-12-06 23:13:02 - [TEST_STEP][PASSED] - click: Object: 'Object Repository/Final Object Repo/Page_Update Add New Employee - ASSIST/Save  Continue Button' is clicked on

2018-12-06 23:13:02 - [MESSAGE][PASSED] - Object: 'Object Repository/Final Object Repo/Page_Update Add New Employee - ASSIST/Save  Continue Button' is clicked on

2018-12-06 23:13:02 - [TEST_STEP][PASSED] - delay: Delayed 4 second(s)

2018-12-06 23:13:06 - [MESSAGE][PASSED] - Delayed 4 second(s)

2018-12-06 23:13:06 - [TEST_STEP][PASSED] - click: Object: 'Object Repository/Final Object Repo/Page_Update Add New Employee - ASSIST/Save  Continue Third Screen' is clicked on

2018-12-06 23:13:09 - [MESSAGE][PASSED] - Object: 'Object Repository/Final Object Repo/Page_Update Add New Employee - ASSIST/Save  Continue Third Screen' is clicked on

2018-12-06 23:13:09 - [TEST_STEP][PASSED] - delay: Delayed 4 second(s)

2018-12-06 23:13:13 - [MESSAGE][PASSED] - Delayed 4 second(s)

2018-12-06 23:13:13 - [TEST_STEP][PASSED] - click: Object: 'Object Repository/Final Object Repo/Page_Update Add New Employee - ASSIST/Save   Continue Supporting Doc Page' is clicked on

2018-12-06 23:13:13 - [MESSAGE][PASSED] - Object: 'Object Repository/Final Object Repo/Page_Update Add New Employee - ASSIST/Save   Continue Supporting Doc Page' is clicked on

2018-12-06 23:13:13 - [TEST_STEP][PASSED] - delay: Delayed 4 second(s)

2018-12-06 23:13:17 - [MESSAGE][PASSED] - Delayed 4 second(s)

2018-12-06 23:13:17 - [TEST_STEP][PASSED] - click: Object: 'Object Repository/Final Object Repo/Page_Update Add New Employee - ASSIST/Submit Button' is clicked on

2018-12-06 23:13:17 - [MESSAGE][PASSED] - Object: 'Object Repository/Final Object Repo/Page_Update Add New Employee - ASSIST/Submit Button' is clicked on

2018-12-06 23:13:17 - [TEST_STEP][PASSED] - delay: Delayed 4 second(s)

2018-12-06 23:13:21 - [MESSAGE][PASSED] - Delayed 4 second(s)

2018-12-06 23:13:21 - [TEST_STEP][PASSED] - click: Object: 'Object Repository/Final Object Repo/Page_Update Add New Employee - ASSIST/Confirm Submit Button' is clicked on

2018-12-06 23:13:22 - [MESSAGE][PASSED] - Object: 'Object Repository/Final Object Repo/Page_Update Add New Employee - ASSIST/Confirm Submit Button' is clicked on

2018-12-06 23:13:22 - [TEST_STEP][PASSED] - delay: Delayed 30 second(s)

2018-12-06 23:13:52 - [MESSAGE][PASSED] - Delayed 30 second(s)

2018-12-06 23:13:52 - [TEST_STEP][PASSED] - callTestCase: Call Test Case 'Test Cases/Final Aug 2018 - PKS Automation/Common/Screenshoting tool' successfully

2018-12-06 23:13:52 - [TEST_CASE][PASSED] - Test Cases/Final Aug 2018 - PKS Automation/Common/Screenshoting tool: Test Cases/Final Aug 2018 - PKS Automation/Common/Screenshoting tool

2018-12-06 23:13:52 - [TEST_STEP][PASSED] - delay: Delayed 15 second(s)

2018-12-06 23:14:07 - [MESSAGE][PASSED] - Delayed 15 second(s)

2018-12-06 23:14:07 - [TEST_STEP][PASSED] - Statement - driver = com.kms.katalon.core.webui.driver.DriverFactory.getWebDriver(): null

2018-12-06 23:14:07 - [TEST_STEP][PASSED] - Statement - driver.manage().timeouts().implicitlyWait(10, SECONDS): null

2018-12-06 23:14:07 - [TEST_STEP][PASSED] - Statement - PresavePath = KatalonScreenshots: null

2018-12-06 23:14:07 - [TEST_STEP][PASSED] - Statement - pathPrefix = "C:\Users\Public\Pictures\Sample Pictures\Katalon Screenshots\Automate Ending Screen": null

2018-12-06 23:14:07 - [TEST_STEP][PASSED] - Statement - finalPath = <not implemented yet for class: org.codehaus.groovy.ast.expr.EmptyExpression>: null

2018-12-06 23:14:07 - [TEST_STEP][PASSED] - Statement - scrFile = driver.getScreenshotAs(FILE): null

2018-12-06 23:14:07 - [TEST_STEP][PASSED] - Statement - PreSaveFile = new java.io.File(PresavePath): null

2018-12-06 23:14:07 - [TEST_STEP][PASSED] - Statement - counter = 0: null

2018-12-06 23:14:07 - [TEST_STEP][PASSED] - Statement - If (PreSaveFile.exists()): null

2018-12-06 23:14:07 - [TEST_STEP][PASSED] - Statement - While (PreSaveFile.exists()): null

2018-12-06 23:14:07 - [TEST_STEP][PASSED] - Statement - counter = counter + 1: null

2018-12-06 23:14:07 - [TEST_STEP][PASSED] - Statement - PreSaveFile = new java.io.File(((pathPrefix + java.lang.Integer.toString(counter)) + .png)): null

2018-12-06 23:14:07 - [TEST_STEP][PASSED] - Statement - counter = counter + 1: null

2018-12-06 23:14:07 - [TEST_STEP][PASSED] - Statement - PreSaveFile = new java.io.File(((pathPrefix + java.lang.Integer.toString(counter)) + .png)): null

2018-12-06 23:14:07 - [TEST_STEP][PASSED] - Statement - counter = counter + 1: null

2018-12-06 23:14:07 - [TEST_STEP][PASSED] - Statement - PreSaveFile = new java.io.File(((pathPrefix + java.lang.Integer.toString(counter)) + .png)): null

2018-12-06 23:14:07 - [TEST_STEP][PASSED] - Statement - counter = counter + 1: null

2018-12-06 23:14:07 - [TEST_STEP][PASSED] - Statement - PreSaveFile = new java.io.File(((pathPrefix + java.lang.Integer.toString(counter)) + .png)): null

2018-12-06 23:14:07 - [TEST_STEP][PASSED] - Statement - counter = counter + 1: null

2018-12-06 23:14:07 - [TEST_STEP][PASSED] - Statement - PreSaveFile = new java.io.File(((pathPrefix + java.lang.Integer.toString(counter)) + .png)): null

2018-12-06 23:14:07 - [TEST_STEP][PASSED] - Statement - counter = counter + 1: null

2018-12-06 23:14:07 - [TEST_STEP][PASSED] - Statement - PreSaveFile = new java.io.File(((pathPrefix + java.lang.Integer.toString(counter)) + .png)): null

2018-12-06 23:14:07 - [TEST_STEP][PASSED] - Statement - counter = counter + 1: null

2018-12-06 23:14:07 - [TEST_STEP][PASSED] - Statement - PreSaveFile = new java.io.File(((pathPrefix + java.lang.Integer.toString(counter)) + .png)): null

2018-12-06 23:14:07 - [TEST_STEP][PASSED] - Statement - counter = counter + 1: null

2018-12-06 23:14:07 - [TEST_STEP][PASSED] - Statement - PreSaveFile = new java.io.File(((pathPrefix + java.lang.Integer.toString(counter)) + .png)): null

2018-12-06 23:14:07 - [TEST_STEP][PASSED] - Statement - counter = counter + 1: null

2018-12-06 23:14:07 - [TEST_STEP][PASSED] - Statement - PreSaveFile = new java.io.File(((pathPrefix + java.lang.Integer.toString(counter)) + .png)): null

2018-12-06 23:14:07 - [TEST_STEP][PASSED] - Statement - counter = counter + 1: null

2018-12-06 23:14:07 - [TEST_STEP][PASSED] - Statement - PreSaveFile = new java.io.File(((pathPrefix + java.lang.Integer.toString(counter)) + .png)): null

2018-12-06 23:14:07 - [TEST_STEP][PASSED] - Statement - counter = counter + 1: null

2018-12-06 23:14:07 - [TEST_STEP][PASSED] - Statement - PreSaveFile = new java.io.File(((pathPrefix + java.lang.Integer.toString(counter)) + .png)): null

2018-12-06 23:14:07 - [TEST_STEP][PASSED] - Statement - counter = counter + 1: null

2018-12-06 23:14:07 - [TEST_STEP][PASSED] - Statement - PreSaveFile = new java.io.File(((pathPrefix + java.lang.Integer.toString(counter)) + .png)): null

2018-12-06 23:14:07 - [TEST_STEP][PASSED] - Statement - counter = counter + 1: null

2018-12-06 23:14:07 - [TEST_STEP][PASSED] - Statement - PreSaveFile = new java.io.File(((pathPrefix + java.lang.Integer.toString(counter)) + .png)): null

2018-12-06 23:14:07 - [TEST_STEP][PASSED] - Statement - counter = counter + 1: null

2018-12-06 23:14:07 - [TEST_STEP][PASSED] - Statement - PreSaveFile = new java.io.File(((pathPrefix + java.lang.Integer.toString(counter)) + .png)): null

2018-12-06 23:14:07 - [TEST_STEP][PASSED] - Statement - counter = counter + 1: null

2018-12-06 23:14:07 - [TEST_STEP][PASSED] - Statement - PreSaveFile = new java.io.File(((pathPrefix + java.lang.Integer.toString(counter)) + .png)): null

2018-12-06 23:14:07 - [TEST_STEP][PASSED] - Statement - counter = counter + 1: null

2018-12-06 23:14:07 - [TEST_STEP][PASSED] - Statement - PreSaveFile = new java.io.File(((pathPrefix + java.lang.Integer.toString(counter)) + .png)): null

2018-12-06 23:14:07 - [TEST_STEP][PASSED] - Statement - counter = counter + 1: null

2018-12-06 23:14:07 - [TEST_STEP][PASSED] - Statement - PreSaveFile = new java.io.File(((pathPrefix + java.lang.Integer.toString(counter)) + .png)): null

2018-12-06 23:14:07 - [TEST_STEP][PASSED] - Statement - counter = counter + 1: null

2018-12-06 23:14:07 - [TEST_STEP][PASSED] - Statement - PreSaveFile = new java.io.File(((pathPrefix + java.lang.Integer.toString(counter)) + .png)): null

2018-12-06 23:14:07 - [TEST_STEP][PASSED] - Statement - counter = counter + 1: null

2018-12-06 23:14:07 - [TEST_STEP][PASSED] - Statement - PreSaveFile = new java.io.File(((pathPrefix + java.lang.Integer.toString(counter)) + .png)): null

2018-12-06 23:14:07 - [TEST_STEP][PASSED] - Statement - counter = counter + 1: null

2018-12-06 23:14:07 - [TEST_STEP][PASSED] - Statement - PreSaveFile = new java.io.File(((pathPrefix + java.lang.Integer.toString(counter)) + .png)): null

2018-12-06 23:14:07 - [TEST_STEP][PASSED] - Statement - counter = counter + 1: null

2018-12-06 23:14:07 - [TEST_STEP][PASSED] - Statement - PreSaveFile = new java.io.File(((pathPrefix + java.lang.Integer.toString(counter)) + .png)): null

2018-12-06 23:14:07 - [TEST_STEP][PASSED] - Statement - counter = counter + 1: null

2018-12-06 23:14:07 - [TEST_STEP][PASSED] - Statement - PreSaveFile = new java.io.File(((pathPrefix + java.lang.Integer.toString(counter)) + .png)): null

2018-12-06 23:14:07 - [TEST_STEP][PASSED] - Statement - counter = counter + 1: null

2018-12-06 23:14:07 - [TEST_STEP][PASSED] - Statement - PreSaveFile = new java.io.File(((pathPrefix + java.lang.Integer.toString(counter)) + .png)): null

2018-12-06 23:14:07 - [TEST_STEP][PASSED] - Statement - counter = counter + 1: null

2018-12-06 23:14:07 - [TEST_STEP][PASSED] - Statement - PreSaveFile = new java.io.File(((pathPrefix + java.lang.Integer.toString(counter)) + .png)): null

2018-12-06 23:14:07 - [TEST_STEP][PASSED] - Statement - counter = counter + 1: null

2018-12-06 23:14:07 - [TEST_STEP][PASSED] - Statement - PreSaveFile = new java.io.File(((pathPrefix + java.lang.Integer.toString(counter)) + .png)): null

2018-12-06 23:14:07 - [TEST_STEP][PASSED] - Statement - counter = counter + 1: null

2018-12-06 23:14:07 - [TEST_STEP][PASSED] - Statement - PreSaveFile = new java.io.File(((pathPrefix + java.lang.Integer.toString(counter)) + .png)): null

2018-12-06 23:14:07 - [TEST_STEP][PASSED] - Statement - counter = counter + 1: null

2018-12-06 23:14:07 - [TEST_STEP][PASSED] - Statement - PreSaveFile = new java.io.File(((pathPrefix + java.lang.Integer.toString(counter)) + .png)): null

2018-12-06 23:14:07 - [TEST_STEP][PASSED] - Statement - counter = counter + 1: null

2018-12-06 23:14:07 - [TEST_STEP][PASSED] - Statement - PreSaveFile = new java.io.File(((pathPrefix + java.lang.Integer.toString(counter)) + .png)): null

2018-12-06 23:14:07 - [TEST_STEP][PASSED] - Statement - counter = counter + 1: null

2018-12-06 23:14:07 - [TEST_STEP][PASSED] - Statement - PreSaveFile = new java.io.File(((pathPrefix + java.lang.Integer.toString(counter)) + .png)): null

2018-12-06 23:14:07 - [TEST_STEP][PASSED] - Statement - counter = counter + 1: null

2018-12-06 23:14:07 - [TEST_STEP][PASSED] - Statement - PreSaveFile = new java.io.File(((pathPrefix + java.lang.Integer.toString(counter)) + .png)): null

2018-12-06 23:14:07 - [TEST_STEP][PASSED] - Statement - counter = counter + 1: null

2018-12-06 23:14:07 - [TEST_STEP][PASSED] - Statement - PreSaveFile = new java.io.File(((pathPrefix + java.lang.Integer.toString(counter)) + .png)): null

2018-12-06 23:14:07 - [TEST_STEP][PASSED] - Statement - counter = counter + 1: null

2018-12-06 23:14:07 - [TEST_STEP][PASSED] - Statement - PreSaveFile = new java.io.File(((pathPrefix + java.lang.Integer.toString(counter)) + .png)): null

2018-12-06 23:14:07 - [TEST_STEP][PASSED] - Statement - counter = counter + 1: null

2018-12-06 23:14:07 - [TEST_STEP][PASSED] - Statement - PreSaveFile = new java.io.File(((pathPrefix + java.lang.Integer.toString(counter)) + .png)): null

2018-12-06 23:14:07 - [TEST_STEP][PASSED] - Statement - counter = counter + 1: null

2018-12-06 23:14:07 - [TEST_STEP][PASSED] - Statement - PreSaveFile = new java.io.File(((pathPrefix + java.lang.Integer.toString(counter)) + .png)): null

2018-12-06 23:14:07 - [TEST_STEP][PASSED] - Statement - counter = counter + 1: null

2018-12-06 23:14:07 - [TEST_STEP][PASSED] - Statement - PreSaveFile = new java.io.File(((pathPrefix + java.lang.Integer.toString(counter)) + .png)): null

2018-12-06 23:14:07 - [TEST_STEP][PASSED] - Statement - counter = counter + 1: null

2018-12-06 23:14:07 - [TEST_STEP][PASSED] - Statement - PreSaveFile = new java.io.File(((pathPrefix + java.lang.Integer.toString(counter)) + .png)): null

2018-12-06 23:14:07 - [TEST_STEP][PASSED] - Statement - counter = counter + 1: null

2018-12-06 23:14:07 - [TEST_STEP][PASSED] - Statement - PreSaveFile = new java.io.File(((pathPrefix + java.lang.Integer.toString(counter)) + .png)): null

2018-12-06 23:14:07 - [TEST_STEP][PASSED] - Statement - counter = counter + 1: null

2018-12-06 23:14:07 - [TEST_STEP][PASSED] - Statement - PreSaveFile = new java.io.File(((pathPrefix + java.lang.Integer.toString(counter)) + .png)): null

2018-12-06 23:14:07 - [TEST_STEP][PASSED] - Statement - counter = counter + 1: null

2018-12-06 23:14:07 - [TEST_STEP][PASSED] - Statement - PreSaveFile = new java.io.File(((pathPrefix + java.lang.Integer.toString(counter)) + .png)): null

2018-12-06 23:14:07 - [TEST_STEP][PASSED] - Statement - counter = counter + 1: null

2018-12-06 23:14:07 - [TEST_STEP][PASSED] - Statement - PreSaveFile = new java.io.File(((pathPrefix + java.lang.Integer.toString(counter)) + .png)): null

2018-12-06 23:14:07 - [TEST_STEP][PASSED] - Statement - counter = counter + 1: null

2018-12-06 23:14:07 - [TEST_STEP][PASSED] - Statement - PreSaveFile = new java.io.File(((pathPrefix + java.lang.Integer.toString(counter)) + .png)): null

2018-12-06 23:14:07 - [TEST_STEP][PASSED] - Statement - counter = counter + 1: null

2018-12-06 23:14:07 - [TEST_STEP][PASSED] - Statement - PreSaveFile = new java.io.File(((pathPrefix + java.lang.Integer.toString(counter)) + .png)): null

2018-12-06 23:14:07 - [TEST_STEP][PASSED] - Statement - counter = counter + 1: null

2018-12-06 23:14:07 - [TEST_STEP][PASSED] - Statement - PreSaveFile = new java.io.File(((pathPrefix + java.lang.Integer.toString(counter)) + .png)): null

2018-12-06 23:14:07 - [TEST_STEP][PASSED] - Statement - counter = counter + 1: null

2018-12-06 23:14:07 - [TEST_STEP][PASSED] - Statement - PreSaveFile = new java.io.File(((pathPrefix + java.lang.Integer.toString(counter)) + .png)): null

2018-12-06 23:14:07 - [TEST_STEP][PASSED] - Statement - counter = counter + 1: null

2018-12-06 23:14:07 - [TEST_STEP][PASSED] - Statement - PreSaveFile = new java.io.File(((pathPrefix + java.lang.Integer.toString(counter)) + .png)): null

2018-12-06 23:14:07 - [TEST_STEP][PASSED] - Statement - counter = counter + 1: null

2018-12-06 23:14:07 - [TEST_STEP][PASSED] - Statement - PreSaveFile = new java.io.File(((pathPrefix + java.lang.Integer.toString(counter)) + .png)): null

2018-12-06 23:14:07 - [TEST_STEP][PASSED] - Statement - counter = counter + 1: null

2018-12-06 23:14:07 - [TEST_STEP][PASSED] - Statement - PreSaveFile = new java.io.File(((pathPrefix + java.lang.Integer.toString(counter)) + .png)): null

2018-12-06 23:14:07 - [TEST_STEP][PASSED] - Statement - counter = counter + 1: null

2018-12-06 23:14:07 - [TEST_STEP][PASSED] - Statement - PreSaveFile = new java.io.File(((pathPrefix + java.lang.Integer.toString(counter)) + .png)): null

2018-12-06 23:14:07 - [TEST_STEP][PASSED] - Statement - counter = counter + 1: null

2018-12-06 23:14:07 - [TEST_STEP][PASSED] - Statement - PreSaveFile = new java.io.File(((pathPrefix + java.lang.Integer.toString(counter)) + .png)): null

2018-12-06 23:14:07 - [TEST_STEP][PASSED] - Statement - counter = counter + 1: null

2018-12-06 23:14:07 - [TEST_STEP][PASSED] - Statement - PreSaveFile = new java.io.File(((pathPrefix + java.lang.Integer.toString(counter)) + .png)): null

2018-12-06 23:14:07 - [TEST_STEP][PASSED] - Statement - counter = counter + 1: null

2018-12-06 23:14:07 - [TEST_STEP][PASSED] - Statement - PreSaveFile = new java.io.File(((pathPrefix + java.lang.Integer.toString(counter)) + .png)): null

2018-12-06 23:14:07 - [TEST_STEP][PASSED] - Statement - finalPath = pathPrefix + java.lang.Integer.toString(counter) + ".png": null

2018-12-06 23:14:07 - [TEST_STEP][PASSED] - Statement - SaveFile = new java.io.File(finalPath): null

2018-12-06 23:14:07 - [TEST_STEP][PASSED] - Statement - Try: null

2018-12-06 23:14:07 - [TEST_STEP][PASSED] - Statement - org.apache.commons.io.FileUtils.copyFile(scrFile, SaveFile): null

2018-12-06 23:14:07 - [TEST_STEP][PASSED] - Statement - out.println("file kept"): null

2018-12-06 23:14:07 - [TEST_STEP][PASSED] - delay: Delayed 10 second(s)

2018-12-06 23:14:17 - [MESSAGE][PASSED] - Delayed 10 second(s)

2018-12-06 23:14:17 - [MESSAGE][PASSED] - Call Test Case 'Test Cases/Final Aug 2018 - PKS Automation/Common/Screenshoting tool' successfully]]></system-out>
         <system-err><![CDATA[2018-12-06 22:57:53 - [TEST_CASE][FAILED] - Test Cases/Final Aug 2018 - PKS Automation/Registration Module/Workflow/Update Add New Employee/Special Case (Employer - RO Query - OTC Upload Pending Case - RO Approve): Test Cases/Final Aug 2018 - PKS Automation/Registration Module/Workflow/Update Add New Employee/Special Case (Employer - RO Query - OTC Upload Pending Case - RO Approve) FAILED because (of) (Stack trace: com.kms.katalon.core.exception.StepFailedException: Unable to set text 'CAN12201800002267' of object 'Object Repository/Final Object Repo/New Registration - Registration Module Pages/New Reg - OTC to RO/Special Case - All Related Objects/TextBox RefNo in Workbasket' (Root cause: org.openqa.selenium.ElementNotVisibleException: element not interactable
  (Session info: chrome=70.0.3538.110)
  (Driver info: chromedriver=2.43.600210 (68dcf5eebde37173d4027fa8635e332711d2874a),platform=Windows NT 6.1.7601 SP1 x86_64) (WARNING: The server did not provide any stacktrace information)
Command duration or timeout: 0 milliseconds
Build info: version: '3.7.1', revision: '8a0099a', time: '2017-11-06T21:07:36.161Z'
System info: host: 'WIN7TEST02', ip: '10.20.3.72', os.name: 'Windows 7', os.arch: 'amd64', os.version: '6.1', java.version: '1.8.0_181'
Driver info: com.kms.katalon.selenium.driver.CChromeDriver
Capabilities {acceptInsecureCerts: false, acceptSslCerts: false, applicationCacheEnabled: false, browserConnectionEnabled: false, browserName: chrome, chrome: {chromedriverVersion: 2.43.600210 (68dcf5eebde371..., userDataDir: C:\Users\Admin\AppData\Loca...}, cssSelectorsEnabled: true, databaseEnabled: false, goog:chromeOptions: {debuggerAddress: localhost:61958}, handlesAlerts: true, hasTouchScreen: false, javascriptEnabled: true, locationContextEnabled: true, mobileEmulationEnabled: false, nativeEvents: true, networkConnectionEnabled: false, pageLoadStrategy: normal, platform: XP, platformName: XP, rotatable: false, setWindowRect: true, takesHeapSnapshot: true, takesScreenshot: true, unexpectedAlertBehaviour: , unhandledPromptBehavior: , version: 70.0.3538.110, webStorageEnabled: true}
Session ID: 8f0cddcc1078fab4b5eaa33f4d4dadca)
	at com.kms.katalon.core.keyword.internal.KeywordMain.stepFailed(KeywordMain.groovy:32)
	at com.kms.katalon.core.webui.keyword.internal.WebUIKeywordMain.stepFailed(WebUIKeywordMain.groovy:65)
	at com.kms.katalon.core.webui.keyword.internal.WebUIKeywordMain.runKeyword(WebUIKeywordMain.groovy:27)
	at com.kms.katalon.core.webui.keyword.builtin.SetTextKeyword.setText(SetTextKeyword.groovy:65)
	at com.kms.katalon.core.webui.keyword.builtin.SetTextKeyword.execute(SetTextKeyword.groovy:37)
	at com.kms.katalon.core.keyword.internal.KeywordExecutor.executeKeywordForPlatform(KeywordExecutor.groovy:53)
	at com.kms.katalon.core.webui.keyword.WebUiBuiltInKeywords.setText(WebUiBuiltInKeywords.groovy:950)
	at com.kms.katalon.core.webui.keyword.WebUiBuiltInKeywords$setText$1.call(Unknown Source)
	at org.codehaus.groovy.runtime.callsite.CallSiteArray.defaultCall(CallSiteArray.java:48)
	at org.codehaus.groovy.runtime.callsite.AbstractCallSite.call(AbstractCallSite.java:113)
	at org.codehaus.groovy.runtime.callsite.AbstractCallSite.call(AbstractCallSite.java:133)
	at Script1537330388665.run(Script1537330388665.groovy:159)
	at com.kms.katalon.core.main.ScriptEngine.run(ScriptEngine.java:183)
	at com.kms.katalon.core.main.ScriptEngine.runScriptAsRawText(ScriptEngine.java:108)
	at com.kms.katalon.core.main.TestCaseExecutor.runScript(TestCaseExecutor.java:294)
	at com.kms.katalon.core.main.TestCaseExecutor.doExecute(TestCaseExecutor.java:285)
	at com.kms.katalon.core.main.TestCaseExecutor.processExecutionPhase(TestCaseExecutor.java:264)
	at com.kms.katalon.core.main.TestCaseExecutor.accessMainPhase(TestCaseExecutor.java:256)
	at com.kms.katalon.core.main.TestCaseExecutor.execute(TestCaseExecutor.java:200)
	at com.kms.katalon.core.main.TestSuiteExecutor.accessTestCaseMainPhase(TestSuiteExecutor.java:129)
	at com.kms.katalon.core.main.TestSuiteExecutor.accessTestSuiteMainPhase(TestSuiteExecutor.java:112)
	at com.kms.katalon.core.main.TestSuiteExecutor.execute(TestSuiteExecutor.java:81)
	at com.kms.katalon.core.main.TestCaseMain.startTestSuite(TestCaseMain.java:142)
	at com.kms.katalon.core.main.TestCaseMain$startTestSuite$0.call(Unknown Source)
	at org.codehaus.groovy.runtime.callsite.CallSiteArray.defaultCall(CallSiteArray.java:48)
	at org.codehaus.groovy.runtime.callsite.AbstractCallSite.call(AbstractCallSite.java:113)
	at org.codehaus.groovy.runtime.callsite.AbstractCallSite.call(AbstractCallSite.java:141)
	at TempTestSuite1544087655094.run(TempTestSuite1544087655094.groovy:36)
	at groovy.lang.GroovyShell.runScriptOrMainOrTestOrRunnable(GroovyShell.java:263)
	at groovy.lang.GroovyShell.run(GroovyShell.java:518)
	at groovy.lang.GroovyShell.run(GroovyShell.java:507)
	at groovy.ui.GroovyMain.processOnce(GroovyMain.java:653)
	at groovy.ui.GroovyMain.run(GroovyMain.java:384)
	at groovy.ui.GroovyMain.process(GroovyMain.java:370)
	at groovy.ui.GroovyMain.processArgs(GroovyMain.java:129)
	at groovy.ui.GroovyMain.main(GroovyMain.java:109)
	at sun.reflect.NativeMethodAccessorImpl.invoke0(Native Method)
	at sun.reflect.NativeMethodAccessorImpl.invoke(NativeMethodAccessorImpl.java:62)
	at sun.reflect.DelegatingMethodAccessorImpl.invoke(DelegatingMethodAccessorImpl.java:43)
	at java.lang.reflect.Method.invoke(Method.java:498)
	at org.codehaus.groovy.tools.GroovyStarter.rootLoader(GroovyStarter.java:109)
	at org.codehaus.groovy.tools.GroovyStarter.main(GroovyStarter.java:131)
)]]></system-err>
      </testcase>
      <testcase name="Test Cases/Final Aug 2018 - PKS Automation/Registration Module/Workflow/Update Add New Employee/Special Case (Employer - RO Under Enforcement)" classname="Test Cases/Final Aug 2018 - PKS Automation/Registration Module/Workflow/Update Add New Employee/Special Case (Employer - RO Under Enforcement)" status="FAILED">
         <failure type="FAILED" message="(Stack trace: com.kms.katalon.core.exception.StepFailedException: Unable to set text 'CAN12201800002268' of object 'Object Repository/Final Object Repo/New Registration - Registration Module Pages/New Reg - OTC to RO/Special Case - All Related Objects/TextBox RefNo in Workbasket' (Root cause: org.openqa.selenium.ElementNotVisibleException: element not interactable
  (Session info: chrome=70.0.3538.110)
  (Driver info: chromedriver=2.43.600210 (68dcf5eebde37173d4027fa8635e332711d2874a),platform=Windows NT 6.1.7601 SP1 x86_64) (WARNING: The server did not provide any stacktrace information)
Command duration or timeout: 0 milliseconds
Build info: version: '3.7.1', revision: '8a0099a', time: '2017-11-06T21:07:36.161Z'
System info: host: 'WIN7TEST02', ip: '10.20.3.72', os.name: 'Windows 7', os.arch: 'amd64', os.version: '6.1', java.version: '1.8.0_181'
Driver info: com.kms.katalon.selenium.driver.CChromeDriver
Capabilities {acceptInsecureCerts: false, acceptSslCerts: false, applicationCacheEnabled: false, browserConnectionEnabled: false, browserName: chrome, chrome: {chromedriverVersion: 2.43.600210 (68dcf5eebde371..., userDataDir: C:\Users\Admin\AppData\Loca...}, cssSelectorsEnabled: true, databaseEnabled: false, goog:chromeOptions: {debuggerAddress: localhost:62259}, handlesAlerts: true, hasTouchScreen: false, javascriptEnabled: true, locationContextEnabled: true, mobileEmulationEnabled: false, nativeEvents: true, networkConnectionEnabled: false, pageLoadStrategy: normal, platform: XP, platformName: XP, rotatable: false, setWindowRect: true, takesHeapSnapshot: true, takesScreenshot: true, unexpectedAlertBehaviour: , unhandledPromptBehavior: , version: 70.0.3538.110, webStorageEnabled: true}
Session ID: 94114d063916b1a9b5344aa878ec0152)
	at com.kms.katalon.core.keyword.internal.KeywordMain.stepFailed(KeywordMain.groovy:32)
	at com.kms.katalon.core.webui.keyword.internal.WebUIKeywordMain.stepFailed(WebUIKeywordMain.groovy:65)
	at com.kms.katalon.core.webui.keyword.internal.WebUIKeywordMain.runKeyword(WebUIKeywordMain.groovy:27)
	at com.kms.katalon.core.webui.keyword.builtin.SetTextKeyword.setText(SetTextKeyword.groovy:65)
	at com.kms.katalon.core.webui.keyword.builtin.SetTextKeyword.execute(SetTextKeyword.groovy:37)
	at com.kms.katalon.core.keyword.internal.KeywordExecutor.executeKeywordForPlatform(KeywordExecutor.groovy:53)
	at com.kms.katalon.core.webui.keyword.WebUiBuiltInKeywords.setText(WebUiBuiltInKeywords.groovy:950)
	at com.kms.katalon.core.webui.keyword.WebUiBuiltInKeywords$setText$1.call(Unknown Source)
	at org.codehaus.groovy.runtime.callsite.CallSiteArray.defaultCall(CallSiteArray.java:48)
	at org.codehaus.groovy.runtime.callsite.AbstractCallSite.call(AbstractCallSite.java:113)
	at org.codehaus.groovy.runtime.callsite.AbstractCallSite.call(AbstractCallSite.java:133)
	at Script1537333843549.run(Script1537333843549.groovy:156)
	at com.kms.katalon.core.main.ScriptEngine.run(ScriptEngine.java:183)
	at com.kms.katalon.core.main.ScriptEngine.runScriptAsRawText(ScriptEngine.java:108)
	at com.kms.katalon.core.main.TestCaseExecutor.runScript(TestCaseExecutor.java:294)
	at com.kms.katalon.core.main.TestCaseExecutor.doExecute(TestCaseExecutor.java:285)
	at com.kms.katalon.core.main.TestCaseExecutor.processExecutionPhase(TestCaseExecutor.java:264)
	at com.kms.katalon.core.main.TestCaseExecutor.accessMainPhase(TestCaseExecutor.java:256)
	at com.kms.katalon.core.main.TestCaseExecutor.execute(TestCaseExecutor.java:200)
	at com.kms.katalon.core.main.TestSuiteExecutor.accessTestCaseMainPhase(TestSuiteExecutor.java:129)
	at com.kms.katalon.core.main.TestSuiteExecutor.accessTestSuiteMainPhase(TestSuiteExecutor.java:112)
	at com.kms.katalon.core.main.TestSuiteExecutor.execute(TestSuiteExecutor.java:81)
	at com.kms.katalon.core.main.TestCaseMain.startTestSuite(TestCaseMain.java:142)
	at com.kms.katalon.core.main.TestCaseMain$startTestSuite$0.call(Unknown Source)
	at org.codehaus.groovy.runtime.callsite.CallSiteArray.defaultCall(CallSiteArray.java:48)
	at org.codehaus.groovy.runtime.callsite.AbstractCallSite.call(AbstractCallSite.java:113)
	at org.codehaus.groovy.runtime.callsite.AbstractCallSite.call(AbstractCallSite.java:141)
	at TempTestSuite1544087655094.run(TempTestSuite1544087655094.groovy:36)
	at groovy.lang.GroovyShell.runScriptOrMainOrTestOrRunnable(GroovyShell.java:263)
	at groovy.lang.GroovyShell.run(GroovyShell.java:518)
	at groovy.lang.GroovyShell.run(GroovyShell.java:507)
	at groovy.ui.GroovyMain.processOnce(GroovyMain.java:653)
	at groovy.ui.GroovyMain.run(GroovyMain.java:384)
	at groovy.ui.GroovyMain.process(GroovyMain.java:370)
	at groovy.ui.GroovyMain.processArgs(GroovyMain.java:129)
	at groovy.ui.GroovyMain.main(GroovyMain.java:109)
	at sun.reflect.NativeMethodAccessorImpl.invoke0(Native Method)
	at sun.reflect.NativeMethodAccessorImpl.invoke(NativeMethodAccessorImpl.java:62)
	at sun.reflect.DelegatingMethodAccessorImpl.invoke(DelegatingMethodAccessorImpl.java:43)
	at java.lang.reflect.Method.invoke(Method.java:498)
	at org.codehaus.groovy.tools.GroovyStarter.rootLoader(GroovyStarter.java:109)
	at org.codehaus.groovy.tools.GroovyStarter.main(GroovyStarter.java:131)
)"/>
         <system-out><![CDATA[2018-12-06 23:14:17 - [TEST_CASE][FAILED] - Test Cases/Final Aug 2018 - PKS Automation/Registration Module/Workflow/Update Add New Employee/Special Case (Employer - RO Under Enforcement): Test Cases/Final Aug 2018 - PKS Automation/Registration Module/Workflow/Update Add New Employee/Special Case (Employer - RO Under Enforcement) FAILED because (of) (Stack trace: com.kms.katalon.core.exception.StepFailedException: Unable to set text 'CAN12201800002268' of object 'Object Repository/Final Object Repo/New Registration - Registration Module Pages/New Reg - OTC to RO/Special Case - All Related Objects/TextBox RefNo in Workbasket' (Root cause: org.openqa.selenium.ElementNotVisibleException: element not interactable
  (Session info: chrome=70.0.3538.110)
  (Driver info: chromedriver=2.43.600210 (68dcf5eebde37173d4027fa8635e332711d2874a),platform=Windows NT 6.1.7601 SP1 x86_64) (WARNING: The server did not provide any stacktrace information)
Command duration or timeout: 0 milliseconds
Build info: version: '3.7.1', revision: '8a0099a', time: '2017-11-06T21:07:36.161Z'
System info: host: 'WIN7TEST02', ip: '10.20.3.72', os.name: 'Windows 7', os.arch: 'amd64', os.version: '6.1', java.version: '1.8.0_181'
Driver info: com.kms.katalon.selenium.driver.CChromeDriver
Capabilities {acceptInsecureCerts: false, acceptSslCerts: false, applicationCacheEnabled: false, browserConnectionEnabled: false, browserName: chrome, chrome: {chromedriverVersion: 2.43.600210 (68dcf5eebde371..., userDataDir: C:\Users\Admin\AppData\Loca...}, cssSelectorsEnabled: true, databaseEnabled: false, goog:chromeOptions: {debuggerAddress: localhost:62259}, handlesAlerts: true, hasTouchScreen: false, javascriptEnabled: true, locationContextEnabled: true, mobileEmulationEnabled: false, nativeEvents: true, networkConnectionEnabled: false, pageLoadStrategy: normal, platform: XP, platformName: XP, rotatable: false, setWindowRect: true, takesHeapSnapshot: true, takesScreenshot: true, unexpectedAlertBehaviour: , unhandledPromptBehavior: , version: 70.0.3538.110, webStorageEnabled: true}
Session ID: 94114d063916b1a9b5344aa878ec0152)
	at com.kms.katalon.core.keyword.internal.KeywordMain.stepFailed(KeywordMain.groovy:32)
	at com.kms.katalon.core.webui.keyword.internal.WebUIKeywordMain.stepFailed(WebUIKeywordMain.groovy:65)
	at com.kms.katalon.core.webui.keyword.internal.WebUIKeywordMain.runKeyword(WebUIKeywordMain.groovy:27)
	at com.kms.katalon.core.webui.keyword.builtin.SetTextKeyword.setText(SetTextKeyword.groovy:65)
	at com.kms.katalon.core.webui.keyword.builtin.SetTextKeyword.execute(SetTextKeyword.groovy:37)
	at com.kms.katalon.core.keyword.internal.KeywordExecutor.executeKeywordForPlatform(KeywordExecutor.groovy:53)
	at com.kms.katalon.core.webui.keyword.WebUiBuiltInKeywords.setText(WebUiBuiltInKeywords.groovy:950)
	at com.kms.katalon.core.webui.keyword.WebUiBuiltInKeywords$setText$1.call(Unknown Source)
	at org.codehaus.groovy.runtime.callsite.CallSiteArray.defaultCall(CallSiteArray.java:48)
	at org.codehaus.groovy.runtime.callsite.AbstractCallSite.call(AbstractCallSite.java:113)
	at org.codehaus.groovy.runtime.callsite.AbstractCallSite.call(AbstractCallSite.java:133)
	at Script1537333843549.run(Script1537333843549.groovy:156)
	at com.kms.katalon.core.main.ScriptEngine.run(ScriptEngine.java:183)
	at com.kms.katalon.core.main.ScriptEngine.runScriptAsRawText(ScriptEngine.java:108)
	at com.kms.katalon.core.main.TestCaseExecutor.runScript(TestCaseExecutor.java:294)
	at com.kms.katalon.core.main.TestCaseExecutor.doExecute(TestCaseExecutor.java:285)
	at com.kms.katalon.core.main.TestCaseExecutor.processExecutionPhase(TestCaseExecutor.java:264)
	at com.kms.katalon.core.main.TestCaseExecutor.accessMainPhase(TestCaseExecutor.java:256)
	at com.kms.katalon.core.main.TestCaseExecutor.execute(TestCaseExecutor.java:200)
	at com.kms.katalon.core.main.TestSuiteExecutor.accessTestCaseMainPhase(TestSuiteExecutor.java:129)
	at com.kms.katalon.core.main.TestSuiteExecutor.accessTestSuiteMainPhase(TestSuiteExecutor.java:112)
	at com.kms.katalon.core.main.TestSuiteExecutor.execute(TestSuiteExecutor.java:81)
	at com.kms.katalon.core.main.TestCaseMain.startTestSuite(TestCaseMain.java:142)
	at com.kms.katalon.core.main.TestCaseMain$startTestSuite$0.call(Unknown Source)
	at org.codehaus.groovy.runtime.callsite.CallSiteArray.defaultCall(CallSiteArray.java:48)
	at org.codehaus.groovy.runtime.callsite.AbstractCallSite.call(AbstractCallSite.java:113)
	at org.codehaus.groovy.runtime.callsite.AbstractCallSite.call(AbstractCallSite.java:141)
	at TempTestSuite1544087655094.run(TempTestSuite1544087655094.groovy:36)
	at groovy.lang.GroovyShell.runScriptOrMainOrTestOrRunnable(GroovyShell.java:263)
	at groovy.lang.GroovyShell.run(GroovyShell.java:518)
	at groovy.lang.GroovyShell.run(GroovyShell.java:507)
	at groovy.ui.GroovyMain.processOnce(GroovyMain.java:653)
	at groovy.ui.GroovyMain.run(GroovyMain.java:384)
	at groovy.ui.GroovyMain.process(GroovyMain.java:370)
	at groovy.ui.GroovyMain.processArgs(GroovyMain.java:129)
	at groovy.ui.GroovyMain.main(GroovyMain.java:109)
	at sun.reflect.NativeMethodAccessorImpl.invoke0(Native Method)
	at sun.reflect.NativeMethodAccessorImpl.invoke(NativeMethodAccessorImpl.java:62)
	at sun.reflect.DelegatingMethodAccessorImpl.invoke(DelegatingMethodAccessorImpl.java:43)
	at java.lang.reflect.Method.invoke(Method.java:498)
	at org.codehaus.groovy.tools.GroovyStarter.rootLoader(GroovyStarter.java:109)
	at org.codehaus.groovy.tools.GroovyStarter.main(GroovyStarter.java:131)
)

2018-12-06 23:14:18 - [TEST_STEP][PASSED] - callTestCase: Call Test Case 'Test Cases/Final Aug 2018 - PKS Automation/Registration Module/Workflow/Update Add New Employee/Template/New Company for Update Add New - Employer' successfully

2018-12-06 23:14:18 - [TEST_CASE][PASSED] - Test Cases/Final Aug 2018 - PKS Automation/Registration Module/Workflow/Update Add New Employee/Template/New Company for Update Add New - Employer: Test Cases/Final Aug 2018 - PKS Automation/Registration Module/Workflow/Update Add New Employee/Template/New Company for Update Add New - Employer

2018-12-06 23:14:18 - [TEST_STEP][PASSED] - callTestCase: Call Test Case 'Test Cases/Final Aug 2018 - PKS Automation/Create Employer Acc/Create Employer Account' successfully

2018-12-06 23:14:18 - [TEST_CASE][PASSED] - Test Cases/Final Aug 2018 - PKS Automation/Create Employer Acc/Create Employer Account: Test Cases/Final Aug 2018 - PKS Automation/Create Employer Acc/Create Employer Account

2018-12-06 23:14:18 - [TEST_STEP][PASSED] - callTestCase: Call Test Case 'Test Cases/Final Aug 2018 - PKS Automation/Create Employer Acc/Template/Register Employer' successfully

2018-12-06 23:14:18 - [TEST_CASE][PASSED] - Test Cases/Final Aug 2018 - PKS Automation/Create Employer Acc/Template/Register Employer: Test Cases/Final Aug 2018 - PKS Automation/Create Employer Acc/Template/Register Employer

2018-12-06 23:14:18 - [TEST_STEP][PASSED] - openBrowser: Browser is opened with url: ''

2018-12-06 23:14:18 - [MESSAGE][WARNING] - A browser is already opened. Closing browser and opening a new one

2018-12-06 23:14:22 - [MESSAGE][PASSED] - Browser is opened with url: ''

2018-12-06 23:14:22 - [TEST_STEP][PASSED] - navigateToUrl: Navigate to 'https://assist2-uat.perkeso.gov.my/login' successfully

2018-12-06 23:14:23 - [MESSAGE][PASSED] - Navigate to 'https://assist2-uat.perkeso.gov.my/login' successfully

2018-12-06 23:14:23 - [TEST_STEP][PASSED] - setText: Text 'johorotc1@gmail.com' is set on object 'Object Repository/Final Object Repo/Login Page/Internal User/Email Address'

2018-12-06 23:14:23 - [MESSAGE][PASSED] - Text 'johorotc1@gmail.com' is set on object 'Object Repository/Final Object Repo/Login Page/Internal User/Email Address'

2018-12-06 23:14:23 - [TEST_STEP][PASSED] - click: Object: 'Object Repository/Final Object Repo/Login Page/Internal User/Next Button' is clicked on

2018-12-06 23:14:23 - [MESSAGE][PASSED] - Object: 'Object Repository/Final Object Repo/Login Page/Internal User/Next Button' is clicked on

2018-12-06 23:14:23 - [TEST_STEP][PASSED] - delay: Delayed 1 second(s)

2018-12-06 23:14:24 - [MESSAGE][PASSED] - Delayed 1 second(s)

2018-12-06 23:14:24 - [TEST_STEP][PASSED] - setEncryptedText: Text ****** has been set on object 'Object Repository/Final Object Repo/Login Page/Internal User/Password'

2018-12-06 23:14:25 - [MESSAGE][PASSED] - Text ****** has been set on object 'Object Repository/Final Object Repo/Login Page/Internal User/Password'

2018-12-06 23:14:25 - [TEST_STEP][PASSED] - click: Object: 'Object Repository/Final Object Repo/Login Page/Internal User/Login Button' is clicked on

2018-12-06 23:14:25 - [MESSAGE][PASSED] - Object: 'Object Repository/Final Object Repo/Login Page/Internal User/Login Button' is clicked on

2018-12-06 23:14:25 - [TEST_STEP][PASSED] - delay: Delayed 1 second(s)

2018-12-06 23:14:26 - [MESSAGE][PASSED] - Delayed 1 second(s)

2018-12-06 23:14:26 - [TEST_STEP][PASSED] - navigateToUrl: Navigate to 'https://assist2-uat.perkeso.gov.my/web/base/portal-id/registration' successfully

2018-12-06 23:14:28 - [MESSAGE][PASSED] - Navigate to 'https://assist2-uat.perkeso.gov.my/web/base/portal-id/registration' successfully

2018-12-06 23:14:28 - [TEST_STEP][PASSED] - setText: Text 'AUTOMATION EMPLOYER' is set on object 'Object Repository/Final Object Repo/Creating Employer Account/Page_Registration - ASSIST (Base)/Employer Name'

2018-12-06 23:14:28 - [MESSAGE][PASSED] - Text 'AUTOMATION EMPLOYER' is set on object 'Object Repository/Final Object Repo/Creating Employer Account/Page_Registration - ASSIST (Base)/Employer Name'

2018-12-06 23:14:28 - [TEST_STEP][PASSED] - delay: Delayed 2 second(s)

2018-12-06 23:14:30 - [MESSAGE][PASSED] - Delayed 2 second(s)

2018-12-06 23:14:30 - [TEST_STEP][PASSED] - click: Object: 'Object Repository/Final Object Repo/Creating Employer Account/Page_Registration - ASSIST (Base)/Registration Type' is clicked on

2018-12-06 23:14:31 - [MESSAGE][PASSED] - Object: 'Object Repository/Final Object Repo/Creating Employer Account/Page_Registration - ASSIST (Base)/Registration Type' is clicked on

2018-12-06 23:14:31 - [TEST_STEP][PASSED] - delay: Delayed 2 second(s)

2018-12-06 23:14:33 - [MESSAGE][PASSED] - Delayed 2 second(s)

2018-12-06 23:14:33 - [TEST_STEP][PASSED] - click: Object: 'Object Repository/Final Object Repo/Creating Employer Account/Page_Registration - ASSIST (Base)/Registration Type - Registration No' is clicked on

2018-12-06 23:14:33 - [MESSAGE][PASSED] - Object: 'Object Repository/Final Object Repo/Creating Employer Account/Page_Registration - ASSIST (Base)/Registration Type - Registration No' is clicked on

2018-12-06 23:14:33 - [TEST_STEP][PASSED] - delay: Delayed 2 second(s)

2018-12-06 23:14:35 - [MESSAGE][PASSED] - Delayed 2 second(s)

2018-12-06 23:14:35 - [TEST_STEP][PASSED] - setText: Text '1234567890' is set on object 'Object Repository/Final Object Repo/Creating Employer Account/Page_Registration - ASSIST (Base)/Registration Number'

2018-12-06 23:14:35 - [MESSAGE][PASSED] - Text '1234567890' is set on object 'Object Repository/Final Object Repo/Creating Employer Account/Page_Registration - ASSIST (Base)/Registration Number'

2018-12-06 23:14:35 - [TEST_STEP][PASSED] - delay: Delayed 2 second(s)

2018-12-06 23:14:37 - [MESSAGE][PASSED] - Delayed 2 second(s)

2018-12-06 23:14:37 - [TEST_STEP][PASSED] - setText: Text 'ADDRESS 1' is set on object 'Object Repository/Final Object Repo/Creating Employer Account/Page_Registration - ASSIST (Base)/Postal Address 1'

2018-12-06 23:14:37 - [MESSAGE][PASSED] - Text 'ADDRESS 1' is set on object 'Object Repository/Final Object Repo/Creating Employer Account/Page_Registration - ASSIST (Base)/Postal Address 1'

2018-12-06 23:14:37 - [TEST_STEP][PASSED] - setText: Text 'ADDRESS 2' is set on object 'Object Repository/Final Object Repo/Creating Employer Account/Page_Registration - ASSIST (Base)/Postal Address 2'

2018-12-06 23:14:38 - [MESSAGE][PASSED] - Text 'ADDRESS 2' is set on object 'Object Repository/Final Object Repo/Creating Employer Account/Page_Registration - ASSIST (Base)/Postal Address 2'

2018-12-06 23:14:38 - [TEST_STEP][PASSED] - click: Object: 'Object Repository/Final Object Repo/Creating Employer Account/Page_Registration - ASSIST (Base)/State' is clicked on

2018-12-06 23:14:38 - [MESSAGE][PASSED] - Object: 'Object Repository/Final Object Repo/Creating Employer Account/Page_Registration - ASSIST (Base)/State' is clicked on

2018-12-06 23:14:38 - [TEST_STEP][PASSED] - delay: Delayed 2 second(s)

2018-12-06 23:14:40 - [MESSAGE][PASSED] - Delayed 2 second(s)

2018-12-06 23:14:40 - [TEST_STEP][PASSED] - click: Object: 'Object Repository/Final Object Repo/Creating Employer Account/Page_Registration - ASSIST (Base)/State - Johor' is clicked on

2018-12-06 23:14:40 - [MESSAGE][PASSED] - Object: 'Object Repository/Final Object Repo/Creating Employer Account/Page_Registration - ASSIST (Base)/State - Johor' is clicked on

2018-12-06 23:14:40 - [TEST_STEP][PASSED] - delay: Delayed 2 second(s)

2018-12-06 23:14:42 - [MESSAGE][PASSED] - Delayed 2 second(s)

2018-12-06 23:14:42 - [TEST_STEP][PASSED] - click: Object: 'Object Repository/Final Object Repo/Creating Employer Account/Page_Registration - ASSIST (Base)/City' is clicked on

2018-12-06 23:14:42 - [MESSAGE][PASSED] - Object: 'Object Repository/Final Object Repo/Creating Employer Account/Page_Registration - ASSIST (Base)/City' is clicked on

2018-12-06 23:14:42 - [TEST_STEP][PASSED] - delay: Delayed 2 second(s)

2018-12-06 23:14:44 - [MESSAGE][PASSED] - Delayed 2 second(s)

2018-12-06 23:14:44 - [TEST_STEP][PASSED] - setText: Text 'joh' is set on object 'Object Repository/Final Object Repo/Creating Employer Account/Page_Registration - ASSIST (Base)/City - joh'

2018-12-06 23:14:44 - [MESSAGE][PASSED] - Text 'joh' is set on object 'Object Repository/Final Object Repo/Creating Employer Account/Page_Registration - ASSIST (Base)/City - joh'

2018-12-06 23:14:44 - [TEST_STEP][PASSED] - delay: Delayed 2 second(s)

2018-12-06 23:14:46 - [MESSAGE][PASSED] - Delayed 2 second(s)

2018-12-06 23:14:46 - [TEST_STEP][PASSED] - click: Object: 'Object Repository/Final Object Repo/Creating Employer Account/Page_Registration - ASSIST (Base)/City - Johor Bharu' is clicked on

2018-12-06 23:14:47 - [MESSAGE][PASSED] - Object: 'Object Repository/Final Object Repo/Creating Employer Account/Page_Registration - ASSIST (Base)/City - Johor Bharu' is clicked on

2018-12-06 23:14:47 - [TEST_STEP][PASSED] - delay: Delayed 2 second(s)

2018-12-06 23:14:49 - [MESSAGE][PASSED] - Delayed 2 second(s)

2018-12-06 23:14:49 - [TEST_STEP][PASSED] - click: Object: 'Object Repository/Final Object Repo/Creating Employer Account/Page_Registration - ASSIST (Base)/Post Code' is clicked on

2018-12-06 23:14:49 - [MESSAGE][PASSED] - Object: 'Object Repository/Final Object Repo/Creating Employer Account/Page_Registration - ASSIST (Base)/Post Code' is clicked on

2018-12-06 23:14:49 - [TEST_STEP][PASSED] - delay: Delayed 2 second(s)

2018-12-06 23:14:51 - [MESSAGE][PASSED] - Delayed 2 second(s)

2018-12-06 23:14:51 - [TEST_STEP][PASSED] - setText: Text '810' is set on object 'Object Repository/Final Object Repo/Creating Employer Account/Page_Registration - ASSIST (Base)/Post Code - 810'

2018-12-06 23:14:51 - [MESSAGE][PASSED] - Text '810' is set on object 'Object Repository/Final Object Repo/Creating Employer Account/Page_Registration - ASSIST (Base)/Post Code - 810'

2018-12-06 23:14:51 - [TEST_STEP][PASSED] - delay: Delayed 2 second(s)

2018-12-06 23:14:53 - [MESSAGE][PASSED] - Delayed 2 second(s)

2018-12-06 23:14:53 - [TEST_STEP][PASSED] - click: Object: 'Object Repository/Final Object Repo/Creating Employer Account/Page_Registration - ASSIST (Base)/Post Code - 81000' is clicked on

2018-12-06 23:14:53 - [MESSAGE][PASSED] - Object: 'Object Repository/Final Object Repo/Creating Employer Account/Page_Registration - ASSIST (Base)/Post Code - 81000' is clicked on

2018-12-06 23:14:53 - [TEST_STEP][PASSED] - delay: Delayed 2 second(s)

2018-12-06 23:14:55 - [MESSAGE][PASSED] - Delayed 2 second(s)

2018-12-06 23:14:55 - [TEST_STEP][PASSED] - setText: Text 'PERKESO' is set on object 'Object Repository/Final Object Repo/Creating Employer Account/Page_Registration - ASSIST (Base)/Full Name'

2018-12-06 23:14:55 - [MESSAGE][PASSED] - Text 'PERKESO' is set on object 'Object Repository/Final Object Repo/Creating Employer Account/Page_Registration - ASSIST (Base)/Full Name'

2018-12-06 23:14:55 - [TEST_STEP][PASSED] - Statement - rnd = new java.util.Random(): null

2018-12-06 23:14:55 - [TEST_STEP][PASSED] - Statement - snum = rnd.nextInt(899999 + 1) + 100000: null

2018-12-06 23:14:55 - [TEST_STEP][PASSED] - Statement - tnum = rnd.nextInt(899999 + 1) + 100000: null

2018-12-06 23:14:55 - [TEST_STEP][PASSED] - Statement - IC = java.lang.Integer.toString(snum) + java.lang.Integer.toString(tnum): null

2018-12-06 23:14:55 - [TEST_STEP][PASSED] - Statement - out.println(IC): null

2018-12-06 23:14:55 - [TEST_STEP][PASSED] - setText: Text '658855926092' is set on object 'Object Repository/Final Object Repo/Creating Employer Account/Page_Registration - ASSIST (Base)/Identification Number'

2018-12-06 23:14:56 - [MESSAGE][PASSED] - Text '658855926092' is set on object 'Object Repository/Final Object Repo/Creating Employer Account/Page_Registration - ASSIST (Base)/Identification Number'

2018-12-06 23:14:56 - [TEST_STEP][PASSED] - delay: Delayed 2 second(s)

2018-12-06 23:14:58 - [MESSAGE][PASSED] - Delayed 2 second(s)

2018-12-06 23:14:58 - [TEST_STEP][PASSED] - setText: Text '123456789012' is set on object 'Object Repository/Final Object Repo/Creating Employer Account/Page_Registration - ASSIST (Base)/Contact Number'

2018-12-06 23:14:58 - [MESSAGE][PASSED] - Text '123456789012' is set on object 'Object Repository/Final Object Repo/Creating Employer Account/Page_Registration - ASSIST (Base)/Contact Number'

2018-12-06 23:14:58 - [TEST_STEP][PASSED] - Statement - Email = "perkeso" + IC + "@gmail.com": null

2018-12-06 23:14:58 - [TEST_STEP][PASSED] - delay: Delayed 2 second(s)

2018-12-06 23:15:00 - [MESSAGE][PASSED] - Delayed 2 second(s)

2018-12-06 23:15:00 - [TEST_STEP][PASSED] - callTestCase: Call Test Case 'Test Cases/Final Aug 2018 - PKS Automation/Create Employer Acc/Template/Employer Email Settler' successfully

2018-12-06 23:15:00 - [TEST_CASE][PASSED] - Test Cases/Final Aug 2018 - PKS Automation/Create Employer Acc/Template/Employer Email Settler: Test Cases/Final Aug 2018 - PKS Automation/Create Employer Acc/Template/Employer Email Settler

2018-12-06 23:15:00 - [TEST_STEP][PASSED] - Statement - EmpEmailOld = new java.io.File(C://Users//Admin//Desktop//PKS//Automation Reference Point//EmpEmail.txt): null

2018-12-06 23:15:00 - [TEST_STEP][PASSED] - Statement - EmpEmailOld.delete(): null

2018-12-06 23:15:00 - [TEST_STEP][PASSED] - delay: Delayed 5 second(s)

2018-12-06 23:15:05 - [MESSAGE][PASSED] - Delayed 5 second(s)

2018-12-06 23:15:05 - [TEST_STEP][PASSED] - Statement - EmpEmail = new java.io.File(C://Users//Admin//Desktop//PKS//Automation Reference Point//EmpEmail.txt): null

2018-12-06 23:15:05 - [TEST_STEP][PASSED] - Statement - f2 = new java.io.FileWriter(EmpEmail, false): null

2018-12-06 23:15:05 - [TEST_STEP][PASSED] - Statement - f2.write(Email): null

2018-12-06 23:15:05 - [TEST_STEP][PASSED] - Statement - f2.close(): null

2018-12-06 23:15:05 - [TEST_STEP][PASSED] - Statement - out.println(Email): null

2018-12-06 23:15:05 - [MESSAGE][PASSED] - Call Test Case 'Test Cases/Final Aug 2018 - PKS Automation/Create Employer Acc/Template/Employer Email Settler' successfully

2018-12-06 23:15:05 - [TEST_STEP][PASSED] - delay: Delayed 2 second(s)

2018-12-06 23:15:07 - [MESSAGE][PASSED] - Delayed 2 second(s)

2018-12-06 23:15:07 - [TEST_STEP][PASSED] - setText: Text 'perkeso658855926092@gmail.com' is set on object 'Object Repository/Final Object Repo/Creating Employer Account/Page_Registration - ASSIST (Base)/Email'

2018-12-06 23:15:08 - [MESSAGE][PASSED] - Text 'perkeso658855926092@gmail.com' is set on object 'Object Repository/Final Object Repo/Creating Employer Account/Page_Registration - ASSIST (Base)/Email'

2018-12-06 23:15:08 - [TEST_STEP][PASSED] - setText: Text '123' is set on object 'Object Repository/Final Object Repo/Creating Employer Account/Page_Registration - ASSIST (Base)/Security Phase'

2018-12-06 23:15:08 - [MESSAGE][PASSED] - Text '123' is set on object 'Object Repository/Final Object Repo/Creating Employer Account/Page_Registration - ASSIST (Base)/Security Phase'

2018-12-06 23:15:08 - [TEST_STEP][PASSED] - click: Object: 'Object Repository/Final Object Repo/Creating Employer Account/Page_Registration - ASSIST (Base)/Save  Continue' is clicked on

2018-12-06 23:15:08 - [MESSAGE][PASSED] - Object: 'Object Repository/Final Object Repo/Creating Employer Account/Page_Registration - ASSIST (Base)/Save  Continue' is clicked on

2018-12-06 23:15:08 - [TEST_STEP][PASSED] - delay: Delayed 2 second(s)

2018-12-06 23:15:10 - [MESSAGE][PASSED] - Delayed 2 second(s)

2018-12-06 23:15:10 - [TEST_STEP][PASSED] - click: Object: 'Object Repository/Final Object Repo/Creating Employer Account/Page_Registration - ASSIST (Base)/Add Document' is clicked on

2018-12-06 23:15:10 - [MESSAGE][PASSED] - Object: 'Object Repository/Final Object Repo/Creating Employer Account/Page_Registration - ASSIST (Base)/Add Document' is clicked on

2018-12-06 23:15:10 - [TEST_STEP][PASSED] - delay: Delayed 2 second(s)

2018-12-06 23:15:12 - [MESSAGE][PASSED] - Delayed 2 second(s)

2018-12-06 23:15:12 - [TEST_STEP][PASSED] - click: Object: 'Object Repository/Final Object Repo/Creating Employer Account/Page_Registration - ASSIST (Base)/Document Type' is clicked on

2018-12-06 23:15:12 - [MESSAGE][PASSED] - Object: 'Object Repository/Final Object Repo/Creating Employer Account/Page_Registration - ASSIST (Base)/Document Type' is clicked on

2018-12-06 23:15:12 - [TEST_STEP][PASSED] - delay: Delayed 2 second(s)

2018-12-06 23:15:14 - [MESSAGE][PASSED] - Delayed 2 second(s)

2018-12-06 23:15:14 - [TEST_STEP][PASSED] - click: Object: 'Object Repository/Final Object Repo/Creating Employer Account/Page_Registration - ASSIST (Base)/Document Type - Letter of Authorization' is clicked on

2018-12-06 23:15:15 - [MESSAGE][PASSED] - Object: 'Object Repository/Final Object Repo/Creating Employer Account/Page_Registration - ASSIST (Base)/Document Type - Letter of Authorization' is clicked on

2018-12-06 23:15:15 - [TEST_STEP][PASSED] - delay: Delayed 2 second(s)

2018-12-06 23:15:17 - [MESSAGE][PASSED] - Delayed 2 second(s)

2018-12-06 23:15:17 - [TEST_STEP][PASSED] - sendKeys: Keys 'C:\Users\Public\Pictures\Sample Pictures\Koala.jpg' sent to object: 'Object Repository/Final Object Repo/Creating Employer Account/Page_Registration - ASSIST (Base)/Uploading File'

2018-12-06 23:15:17 - [MESSAGE][PASSED] - Keys 'C:\Users\Public\Pictures\Sample Pictures\Koala.jpg' sent to object: 'Object Repository/Final Object Repo/Creating Employer Account/Page_Registration - ASSIST (Base)/Uploading File'

2018-12-06 23:15:17 - [TEST_STEP][PASSED] - delay: Delayed 2 second(s)

2018-12-06 23:15:19 - [MESSAGE][PASSED] - Delayed 2 second(s)

2018-12-06 23:15:19 - [TEST_STEP][PASSED] - click: Object: 'Object Repository/Final Object Repo/Creating Employer Account/Page_Registration - ASSIST (Base)/Add Document in Uploading File' is clicked on

2018-12-06 23:15:19 - [MESSAGE][PASSED] - Object: 'Object Repository/Final Object Repo/Creating Employer Account/Page_Registration - ASSIST (Base)/Add Document in Uploading File' is clicked on

2018-12-06 23:15:19 - [TEST_STEP][PASSED] - delay: Delayed 2 second(s)

2018-12-06 23:15:21 - [MESSAGE][PASSED] - Delayed 2 second(s)

2018-12-06 23:15:21 - [TEST_STEP][PASSED] - click: Object: 'Object Repository/Final Object Repo/Creating Employer Account/Page_Registration - ASSIST (Base)/Save' is clicked on

2018-12-06 23:15:21 - [MESSAGE][PASSED] - Object: 'Object Repository/Final Object Repo/Creating Employer Account/Page_Registration - ASSIST (Base)/Save' is clicked on

2018-12-06 23:15:21 - [TEST_STEP][PASSED] - delay: Delayed 2 second(s)

2018-12-06 23:15:23 - [MESSAGE][PASSED] - Delayed 2 second(s)

2018-12-06 23:15:23 - [TEST_STEP][PASSED] - click: Object: 'Object Repository/Final Object Repo/Creating Employer Account/Page_Registration - ASSIST (Base)/Submit' is clicked on

2018-12-06 23:15:23 - [MESSAGE][PASSED] - Object: 'Object Repository/Final Object Repo/Creating Employer Account/Page_Registration - ASSIST (Base)/Submit' is clicked on

2018-12-06 23:15:23 - [TEST_STEP][PASSED] - delay: Delayed 2 second(s)

2018-12-06 23:15:25 - [MESSAGE][PASSED] - Delayed 2 second(s)

2018-12-06 23:15:25 - [TEST_STEP][PASSED] - click: Object: 'Object Repository/Final Object Repo/Creating Employer Account/Page_Registration - ASSIST (Base)/Confirm' is clicked on

2018-12-06 23:15:25 - [MESSAGE][PASSED] - Object: 'Object Repository/Final Object Repo/Creating Employer Account/Page_Registration - ASSIST (Base)/Confirm' is clicked on

2018-12-06 23:15:25 - [MESSAGE][PASSED] - Call Test Case 'Test Cases/Final Aug 2018 - PKS Automation/Create Employer Acc/Template/Register Employer' successfully

2018-12-06 23:15:25 - [TEST_STEP][PASSED] - delay: Delayed 1 second(s)

2018-12-06 23:15:26 - [MESSAGE][PASSED] - Delayed 1 second(s)

2018-12-06 23:15:26 - [TEST_STEP][PASSED] - navigateToUrl: Navigate to 'https://assist2-uat.perkeso.gov.my/c/portal/logout' successfully

2018-12-06 23:15:38 - [MESSAGE][PASSED] - Navigate to 'https://assist2-uat.perkeso.gov.my/c/portal/logout' successfully

2018-12-06 23:15:38 - [TEST_STEP][PASSED] - delay: Delayed 1 second(s)

2018-12-06 23:15:39 - [MESSAGE][PASSED] - Delayed 1 second(s)

2018-12-06 23:15:39 - [TEST_STEP][PASSED] - callTestCase: Call Test Case 'Test Cases/Final Aug 2018 - PKS Automation/Create Employer Acc/Template/Change Password of Employer' successfully

2018-12-06 23:15:39 - [TEST_CASE][PASSED] - Test Cases/Final Aug 2018 - PKS Automation/Create Employer Acc/Template/Change Password of Employer: Test Cases/Final Aug 2018 - PKS Automation/Create Employer Acc/Template/Change Password of Employer

2018-12-06 23:15:39 - [TEST_STEP][PASSED] - openBrowser: Browser is opened with url: ''

2018-12-06 23:15:39 - [MESSAGE][WARNING] - A browser is already opened. Closing browser and opening a new one

2018-12-06 23:15:43 - [MESSAGE][PASSED] - Browser is opened with url: ''

2018-12-06 23:15:43 - [TEST_STEP][PASSED] - navigateToUrl: Navigate to 'https://assist2-uat.perkeso.gov.my/login' successfully

2018-12-06 23:15:44 - [MESSAGE][PASSED] - Navigate to 'https://assist2-uat.perkeso.gov.my/login' successfully

2018-12-06 23:15:44 - [TEST_STEP][PASSED] - delay: Delayed 5 second(s)

2018-12-06 23:15:49 - [MESSAGE][PASSED] - Delayed 5 second(s)

2018-12-06 23:15:49 - [TEST_STEP][PASSED] - setText: Text 'test@liferay.com' is set on object 'Object Repository/Final Object Repo/Login Page/Internal User/Email Address'

2018-12-06 23:15:49 - [MESSAGE][PASSED] - Text 'test@liferay.com' is set on object 'Object Repository/Final Object Repo/Login Page/Internal User/Email Address'

2018-12-06 23:15:49 - [TEST_STEP][PASSED] - click: Object: 'Object Repository/Final Object Repo/Login Page/Internal User/Next Button' is clicked on

2018-12-06 23:15:50 - [MESSAGE][PASSED] - Object: 'Object Repository/Final Object Repo/Login Page/Internal User/Next Button' is clicked on

2018-12-06 23:15:50 - [TEST_STEP][PASSED] - delay: Delayed 2 second(s)

2018-12-06 23:15:52 - [MESSAGE][PASSED] - Delayed 2 second(s)

2018-12-06 23:15:52 - [TEST_STEP][PASSED] - setText: Text 'test' is set on object 'Object Repository/Final Object Repo/Login Page/Internal User/Password'

2018-12-06 23:15:52 - [MESSAGE][PASSED] - Text 'test' is set on object 'Object Repository/Final Object Repo/Login Page/Internal User/Password'

2018-12-06 23:15:52 - [TEST_STEP][PASSED] - delay: Delayed 2 second(s)

2018-12-06 23:15:54 - [MESSAGE][PASSED] - Delayed 2 second(s)

2018-12-06 23:15:54 - [TEST_STEP][PASSED] - click: Object: 'Object Repository/Final Object Repo/Login Page/Internal User/Login Button' is clicked on

2018-12-06 23:15:54 - [MESSAGE][PASSED] - Object: 'Object Repository/Final Object Repo/Login Page/Internal User/Login Button' is clicked on

2018-12-06 23:15:54 - [TEST_STEP][PASSED] - delay: Delayed 3 second(s)

2018-12-06 23:15:57 - [MESSAGE][PASSED] - Delayed 3 second(s)

2018-12-06 23:15:57 - [TEST_STEP][PASSED] - navigateToUrl: Navigate to 'https://assist2-uat.perkeso.gov.my/group/control_panel/manage?p_p_id=125&p_p_lifecycle=0&p_p_state=maximized&p_p_mode=view&refererPlid=20455&_125_usersListView=flat-users&_125_toolbarItem=view-all-users&_125_saveUsersListView=true&_125_struts_action=%2Fusers_admin%2Fview' successfully

2018-12-06 23:15:58 - [MESSAGE][PASSED] - Navigate to 'https://assist2-uat.perkeso.gov.my/group/control_panel/manage?p_p_id=125&p_p_lifecycle=0&p_p_state=maximized&p_p_mode=view&refererPlid=20455&_125_usersListView=flat-users&_125_toolbarItem=view-all-users&_125_saveUsersListView=true&_125_struts_action=%2Fusers_admin%2Fview' successfully

2018-12-06 23:15:58 - [TEST_STEP][PASSED] - delay: Delayed 3 second(s)

2018-12-06 23:16:01 - [MESSAGE][PASSED] - Delayed 3 second(s)

2018-12-06 23:16:01 - [TEST_STEP][PASSED] - setText: Text 'perkeso658855926092@gmail.com' is set on object 'Object Repository/Final Object Repo/Creating Employer Account/Page_Users and Organizations - ASSIST/Employer name'

2018-12-06 23:16:02 - [MESSAGE][PASSED] - Text 'perkeso658855926092@gmail.com' is set on object 'Object Repository/Final Object Repo/Creating Employer Account/Page_Users and Organizations - ASSIST/Employer name'

2018-12-06 23:16:02 - [TEST_STEP][PASSED] - delay: Delayed 3 second(s)

2018-12-06 23:16:05 - [MESSAGE][PASSED] - Delayed 3 second(s)

2018-12-06 23:16:05 - [TEST_STEP][PASSED] - click: Object: 'Object Repository/Final Object Repo/Creating Employer Account/Page_Users and Organizations - ASSIST/Search' is clicked on

2018-12-06 23:16:05 - [MESSAGE][PASSED] - Object: 'Object Repository/Final Object Repo/Creating Employer Account/Page_Users and Organizations - ASSIST/Search' is clicked on

2018-12-06 23:16:05 - [TEST_STEP][PASSED] - delay: Delayed 3 second(s)

2018-12-06 23:16:08 - [MESSAGE][PASSED] - Delayed 3 second(s)

2018-12-06 23:16:08 - [TEST_STEP][PASSED] - click: Object: 'Object Repository/Final Object Repo/Creating Employer Account/Page_Users and Organizations - ASSIST/Action' is clicked on

2018-12-06 23:16:09 - [MESSAGE][PASSED] - Object: 'Object Repository/Final Object Repo/Creating Employer Account/Page_Users and Organizations - ASSIST/Action' is clicked on

2018-12-06 23:16:09 - [TEST_STEP][PASSED] - delay: Delayed 3 second(s)

2018-12-06 23:16:12 - [MESSAGE][PASSED] - Delayed 3 second(s)

2018-12-06 23:16:12 - [TEST_STEP][PASSED] - click: Object: 'Object Repository/Final Object Repo/Creating Employer Account/Page_Users and Organizations - ASSIST/Edit' is clicked on

2018-12-06 23:16:13 - [MESSAGE][PASSED] - Object: 'Object Repository/Final Object Repo/Creating Employer Account/Page_Users and Organizations - ASSIST/Edit' is clicked on

2018-12-06 23:16:13 - [TEST_STEP][PASSED] - delay: Delayed 3 second(s)

2018-12-06 23:16:16 - [MESSAGE][PASSED] - Delayed 3 second(s)

2018-12-06 23:16:16 - [TEST_STEP][PASSED] - click: Object: 'Object Repository/Final Object Repo/Creating Employer Account/Page_PERKESO - Users and Organizati/a_Password (Modified)' is clicked on

2018-12-06 23:16:16 - [MESSAGE][PASSED] - Object: 'Object Repository/Final Object Repo/Creating Employer Account/Page_PERKESO - Users and Organizati/a_Password (Modified)' is clicked on

2018-12-06 23:16:16 - [TEST_STEP][PASSED] - delay: Delayed 3 second(s)

2018-12-06 23:16:19 - [MESSAGE][PASSED] - Delayed 3 second(s)

2018-12-06 23:16:19 - [TEST_STEP][PASSED] - setEncryptedText: Text ****** has been set on object 'Object Repository/Final Object Repo/Creating Employer Account/Page_PERKESO - Users and Organizati/input__125_password1'

2018-12-06 23:16:19 - [MESSAGE][PASSED] - Text ****** has been set on object 'Object Repository/Final Object Repo/Creating Employer Account/Page_PERKESO - Users and Organizati/input__125_password1'

2018-12-06 23:16:19 - [TEST_STEP][PASSED] - delay: Delayed 3 second(s)

2018-12-06 23:16:22 - [MESSAGE][PASSED] - Delayed 3 second(s)

2018-12-06 23:16:22 - [TEST_STEP][PASSED] - setEncryptedText: Text ****** has been set on object 'Object Repository/Final Object Repo/Creating Employer Account/Page_PERKESO - Users and Organizati/input__125_password2'

2018-12-06 23:16:22 - [MESSAGE][PASSED] - Text ****** has been set on object 'Object Repository/Final Object Repo/Creating Employer Account/Page_PERKESO - Users and Organizati/input__125_password2'

2018-12-06 23:16:22 - [TEST_STEP][PASSED] - delay: Delayed 3 second(s)

2018-12-06 23:16:25 - [MESSAGE][PASSED] - Delayed 3 second(s)

2018-12-06 23:16:25 - [TEST_STEP][PASSED] - click: Object: 'Object Repository/Final Object Repo/Creating Employer Account/Page_PERKESO - Users and Organizati/Save' is clicked on

2018-12-06 23:16:27 - [MESSAGE][PASSED] - Object: 'Object Repository/Final Object Repo/Creating Employer Account/Page_PERKESO - Users and Organizati/Save' is clicked on

2018-12-06 23:16:27 - [MESSAGE][PASSED] - Call Test Case 'Test Cases/Final Aug 2018 - PKS Automation/Create Employer Acc/Template/Change Password of Employer' successfully

2018-12-06 23:16:27 - [TEST_STEP][PASSED] - delay: Delayed 1 second(s)

2018-12-06 23:16:28 - [MESSAGE][PASSED] - Delayed 1 second(s)

2018-12-06 23:16:28 - [TEST_STEP][PASSED] - navigateToUrl: Navigate to 'https://assist2-uat.perkeso.gov.my/c/portal/logout' successfully

2018-12-06 23:16:29 - [MESSAGE][PASSED] - Navigate to 'https://assist2-uat.perkeso.gov.my/c/portal/logout' successfully

2018-12-06 23:16:29 - [TEST_STEP][PASSED] - delay: Delayed 1 second(s)

2018-12-06 23:16:30 - [MESSAGE][PASSED] - Delayed 1 second(s)

2018-12-06 23:16:30 - [TEST_STEP][PASSED] - callTestCase: Call Test Case 'Test Cases/Final Aug 2018 - PKS Automation/Create Employer Acc/Template/Login to Employer Account (First Time)' successfully

2018-12-06 23:16:30 - [TEST_CASE][PASSED] - Test Cases/Final Aug 2018 - PKS Automation/Create Employer Acc/Template/Login to Employer Account (First Time): Test Cases/Final Aug 2018 - PKS Automation/Create Employer Acc/Template/Login to Employer Account (First Time)

2018-12-06 23:16:30 - [TEST_STEP][PASSED] - openBrowser: Browser is opened with url: ''

2018-12-06 23:16:30 - [MESSAGE][WARNING] - A browser is already opened. Closing browser and opening a new one

2018-12-06 23:16:34 - [MESSAGE][PASSED] - Browser is opened with url: ''

2018-12-06 23:16:34 - [TEST_STEP][PASSED] - navigateToUrl: Navigate to 'https://assist2-uat.perkeso.gov.my/employer/login' successfully

2018-12-06 23:16:35 - [MESSAGE][PASSED] - Navigate to 'https://assist2-uat.perkeso.gov.my/employer/login' successfully

2018-12-06 23:16:35 - [TEST_STEP][PASSED] - delay: Delayed 3 second(s)

2018-12-06 23:16:38 - [MESSAGE][PASSED] - Delayed 3 second(s)

2018-12-06 23:16:38 - [TEST_STEP][PASSED] - callTestCase: Call Test Case 'Test Cases/Final Aug 2018 - PKS Automation/Create Employer Acc/Template/Employer Email Getter' successfully

2018-12-06 23:16:38 - [TEST_CASE][PASSED] - Test Cases/Final Aug 2018 - PKS Automation/Create Employer Acc/Template/Employer Email Getter: Test Cases/Final Aug 2018 - PKS Automation/Create Employer Acc/Template/Employer Email Getter

2018-12-06 23:16:38 - [TEST_STEP][PASSED] - Statement - Try: null

2018-12-06 23:16:38 - [TEST_STEP][PASSED] - Statement - EmpEmail = new java.io.File(C://Users//Admin//Desktop//PKS//Automation Reference Point//EmpEmail.txt): null

2018-12-06 23:16:38 - [TEST_STEP][PASSED] - Statement - bufferread = new java.io.BufferedReader(new java.io.FileReader(EmpEmail)): null

2018-12-06 23:16:38 - [TEST_STEP][PASSED] - Statement - readedVal = bufferread.readLine(): null

2018-12-06 23:16:38 - [TEST_STEP][PASSED] - Statement - out.println(readedVal): null

2018-12-06 23:16:38 - [TEST_STEP][PASSED] - Statement - Email = readedVal: null

2018-12-06 23:16:38 - [MESSAGE][PASSED] - Call Test Case 'Test Cases/Final Aug 2018 - PKS Automation/Create Employer Acc/Template/Employer Email Getter' successfully

2018-12-06 23:16:38 - [TEST_STEP][PASSED] - setText: Text 'perkeso658855926092@gmail.com' is set on object 'Object Repository/Final Object Repo/Login Page/External Login Page/Email'

2018-12-06 23:16:39 - [MESSAGE][PASSED] - Text 'perkeso658855926092@gmail.com' is set on object 'Object Repository/Final Object Repo/Login Page/External Login Page/Email'

2018-12-06 23:16:39 - [TEST_STEP][PASSED] - click: Object: 'Object Repository/Final Object Repo/Login Page/External Login Page/Next' is clicked on

2018-12-06 23:16:39 - [MESSAGE][PASSED] - Object: 'Object Repository/Final Object Repo/Login Page/External Login Page/Next' is clicked on

2018-12-06 23:16:39 - [TEST_STEP][PASSED] - delay: Delayed 3 second(s)

2018-12-06 23:16:42 - [MESSAGE][PASSED] - Delayed 3 second(s)

2018-12-06 23:16:42 - [TEST_STEP][PASSED] - setEncryptedText: Text ****** has been set on object 'Object Repository/Final Object Repo/Login Page/External Login Page/Password'

2018-12-06 23:16:42 - [MESSAGE][PASSED] - Text ****** has been set on object 'Object Repository/Final Object Repo/Login Page/External Login Page/Password'

2018-12-06 23:16:42 - [TEST_STEP][PASSED] - click: Object: 'Object Repository/Final Object Repo/Login Page/External Login Page/Login' is clicked on

2018-12-06 23:16:42 - [MESSAGE][PASSED] - Object: 'Object Repository/Final Object Repo/Login Page/External Login Page/Login' is clicked on

2018-12-06 23:16:42 - [TEST_STEP][PASSED] - delay: Delayed 3 second(s)

2018-12-06 23:16:45 - [MESSAGE][PASSED] - Delayed 3 second(s)

2018-12-06 23:16:45 - [TEST_STEP][PASSED] - click: Object: 'Object Repository/Final Object Repo/Creating Employer Account/Page_Terms of Use - ASSIST/button_I Agree' is clicked on

2018-12-06 23:16:45 - [MESSAGE][PASSED] - Object: 'Object Repository/Final Object Repo/Creating Employer Account/Page_Terms of Use - ASSIST/button_I Agree' is clicked on

2018-12-06 23:16:45 - [TEST_STEP][PASSED] - delay: Delayed 2 second(s)

2018-12-06 23:16:47 - [MESSAGE][PASSED] - Delayed 2 second(s)

2018-12-06 23:16:47 - [TEST_STEP][PASSED] - setEncryptedText: Text ****** has been set on object 'Object Repository/Final Object Repo/Creating Employer Account/Page_New Password - ASSIST/input_password1'

2018-12-06 23:16:48 - [MESSAGE][PASSED] - Text ****** has been set on object 'Object Repository/Final Object Repo/Creating Employer Account/Page_New Password - ASSIST/input_password1'

2018-12-06 23:16:48 - [TEST_STEP][PASSED] - setEncryptedText: Text ****** has been set on object 'Object Repository/Final Object Repo/Creating Employer Account/Page_New Password - ASSIST/input_password2'

2018-12-06 23:16:48 - [MESSAGE][PASSED] - Text ****** has been set on object 'Object Repository/Final Object Repo/Creating Employer Account/Page_New Password - ASSIST/input_password2'

2018-12-06 23:16:48 - [TEST_STEP][PASSED] - delay: Delayed 2 second(s)

2018-12-06 23:16:50 - [MESSAGE][PASSED] - Delayed 2 second(s)

2018-12-06 23:16:50 - [TEST_STEP][PASSED] - click: Object: 'Object Repository/Final Object Repo/Creating Employer Account/Page_New Password - ASSIST/Save' is clicked on

2018-12-06 23:16:50 - [MESSAGE][PASSED] - Object: 'Object Repository/Final Object Repo/Creating Employer Account/Page_New Password - ASSIST/Save' is clicked on

2018-12-06 23:16:50 - [TEST_STEP][PASSED] - delay: Delayed 2 second(s)

2018-12-06 23:16:52 - [MESSAGE][PASSED] - Delayed 2 second(s)

2018-12-06 23:16:52 - [TEST_STEP][PASSED] - setText: Text 'test' is set on object 'Object Repository/Final Object Repo/Creating Employer Account/Page_Password Reminder - ASSIST/Reminder Query Answer'

2018-12-06 23:16:52 - [MESSAGE][PASSED] - Text 'test' is set on object 'Object Repository/Final Object Repo/Creating Employer Account/Page_Password Reminder - ASSIST/Reminder Query Answer'

2018-12-06 23:16:52 - [TEST_STEP][PASSED] - delay: Delayed 2 second(s)

2018-12-06 23:16:54 - [MESSAGE][PASSED] - Delayed 2 second(s)

2018-12-06 23:16:54 - [TEST_STEP][PASSED] - doubleClick: Object: 'Object Repository/Final Object Repo/Creating Employer Account/Page_Password Reminder - ASSIST/Save' is double clicked on

2018-12-06 23:16:57 - [MESSAGE][PASSED] - Object: 'Object Repository/Final Object Repo/Creating Employer Account/Page_Password Reminder - ASSIST/Save' is double clicked on

2018-12-06 23:16:57 - [MESSAGE][PASSED] - Call Test Case 'Test Cases/Final Aug 2018 - PKS Automation/Create Employer Acc/Template/Login to Employer Account (First Time)' successfully

2018-12-06 23:16:57 - [MESSAGE][PASSED] - Call Test Case 'Test Cases/Final Aug 2018 - PKS Automation/Create Employer Acc/Create Employer Account' successfully

2018-12-06 23:16:57 - [TEST_STEP][PASSED] - callTestCase: Call Test Case 'Test Cases/Final Aug 2018 - PKS Automation/Registration Module/Log Out/log out avoiding katalon tagging' successfully

2018-12-06 23:16:57 - [TEST_CASE][PASSED] - Test Cases/Final Aug 2018 - PKS Automation/Registration Module/Log Out/log out avoiding katalon tagging: Test Cases/Final Aug 2018 - PKS Automation/Registration Module/Log Out/log out avoiding katalon tagging

2018-12-06 23:16:57 - [TEST_STEP][PASSED] - navigateToUrl: Navigate to 'https://assist2-uat.perkeso.gov.my/c/portal/logout' successfully

2018-12-06 23:16:58 - [MESSAGE][PASSED] - Navigate to 'https://assist2-uat.perkeso.gov.my/c/portal/logout' successfully

2018-12-06 23:16:58 - [MESSAGE][PASSED] - Call Test Case 'Test Cases/Final Aug 2018 - PKS Automation/Registration Module/Log Out/log out avoiding katalon tagging' successfully

2018-12-06 23:16:58 - [TEST_STEP][PASSED] - callTestCase: Call Test Case 'Test Cases/Final Aug 2018 - PKS Automation/Create Employer Acc/Login to Employer Account (Second time)' successfully

2018-12-06 23:16:58 - [TEST_CASE][PASSED] - Test Cases/Final Aug 2018 - PKS Automation/Create Employer Acc/Login to Employer Account (Second time): Test Cases/Final Aug 2018 - PKS Automation/Create Employer Acc/Login to Employer Account (Second time)

2018-12-06 23:16:58 - [TEST_STEP][PASSED] - openBrowser: Browser is opened with url: ''

2018-12-06 23:16:58 - [MESSAGE][WARNING] - A browser is already opened. Closing browser and opening a new one

2018-12-06 23:17:02 - [MESSAGE][PASSED] - Browser is opened with url: ''

2018-12-06 23:17:02 - [TEST_STEP][PASSED] - navigateToUrl: Navigate to 'https://assist2-uat.perkeso.gov.my/employer/login' successfully

2018-12-06 23:17:03 - [MESSAGE][PASSED] - Navigate to 'https://assist2-uat.perkeso.gov.my/employer/login' successfully

2018-12-06 23:17:03 - [TEST_STEP][PASSED] - delay: Delayed 3 second(s)

2018-12-06 23:17:06 - [MESSAGE][PASSED] - Delayed 3 second(s)

2018-12-06 23:17:06 - [TEST_STEP][PASSED] - callTestCase: Call Test Case 'Test Cases/Final Aug 2018 - PKS Automation/Create Employer Acc/Template/Employer Email Getter' successfully

2018-12-06 23:17:06 - [TEST_CASE][PASSED] - Test Cases/Final Aug 2018 - PKS Automation/Create Employer Acc/Template/Employer Email Getter: Test Cases/Final Aug 2018 - PKS Automation/Create Employer Acc/Template/Employer Email Getter

2018-12-06 23:17:06 - [TEST_STEP][PASSED] - Statement - Try: null

2018-12-06 23:17:06 - [TEST_STEP][PASSED] - Statement - EmpEmail = new java.io.File(C://Users//Admin//Desktop//PKS//Automation Reference Point//EmpEmail.txt): null

2018-12-06 23:17:06 - [TEST_STEP][PASSED] - Statement - bufferread = new java.io.BufferedReader(new java.io.FileReader(EmpEmail)): null

2018-12-06 23:17:06 - [TEST_STEP][PASSED] - Statement - readedVal = bufferread.readLine(): null

2018-12-06 23:17:06 - [TEST_STEP][PASSED] - Statement - out.println(readedVal): null

2018-12-06 23:17:06 - [TEST_STEP][PASSED] - Statement - Email = readedVal: null

2018-12-06 23:17:06 - [MESSAGE][PASSED] - Call Test Case 'Test Cases/Final Aug 2018 - PKS Automation/Create Employer Acc/Template/Employer Email Getter' successfully

2018-12-06 23:17:06 - [TEST_STEP][PASSED] - setText: Text 'perkeso658855926092@gmail.com' is set on object 'Object Repository/Final Object Repo/Login Page/External Login Page/Email'

2018-12-06 23:17:06 - [MESSAGE][PASSED] - Text 'perkeso658855926092@gmail.com' is set on object 'Object Repository/Final Object Repo/Login Page/External Login Page/Email'

2018-12-06 23:17:06 - [TEST_STEP][PASSED] - click: Object: 'Object Repository/Final Object Repo/Login Page/External Login Page/Next' is clicked on

2018-12-06 23:17:06 - [MESSAGE][PASSED] - Object: 'Object Repository/Final Object Repo/Login Page/External Login Page/Next' is clicked on

2018-12-06 23:17:06 - [TEST_STEP][PASSED] - delay: Delayed 3 second(s)

2018-12-06 23:17:09 - [MESSAGE][PASSED] - Delayed 3 second(s)

2018-12-06 23:17:09 - [TEST_STEP][PASSED] - setEncryptedText: Text ****** has been set on object 'Object Repository/Final Object Repo/Login Page/External Login Page/Password'

2018-12-06 23:17:10 - [MESSAGE][PASSED] - Text ****** has been set on object 'Object Repository/Final Object Repo/Login Page/External Login Page/Password'

2018-12-06 23:17:10 - [TEST_STEP][PASSED] - click: Object: 'Object Repository/Final Object Repo/Login Page/External Login Page/Login' is clicked on

2018-12-06 23:17:10 - [MESSAGE][PASSED] - Object: 'Object Repository/Final Object Repo/Login Page/External Login Page/Login' is clicked on

2018-12-06 23:17:10 - [TEST_STEP][PASSED] - delay: Delayed 5 second(s)

2018-12-06 23:17:15 - [MESSAGE][PASSED] - Delayed 5 second(s)

2018-12-06 23:17:15 - [MESSAGE][PASSED] - Call Test Case 'Test Cases/Final Aug 2018 - PKS Automation/Create Employer Acc/Login to Employer Account (Second time)' successfully

2018-12-06 23:17:15 - [TEST_STEP][PASSED] - delay: Delayed 4 second(s)

2018-12-06 23:17:19 - [MESSAGE][PASSED] - Delayed 4 second(s)

2018-12-06 23:17:19 - [TEST_STEP][PASSED] - Statement - Try: Delayed 2 second(s)

2018-12-06 23:17:19 - [TEST_STEP][PASSED] - Statement - Checker = false: null

2018-12-06 23:17:19 - [TEST_STEP][PASSED] - Statement - Checker = com.kms.katalon.core.webui.keyword.WebUiBuiltInKeywords.verifyElementHasAttribute(com.kms.katalon.core.testobject.ObjectRepository.findTestObject(Final Object Repo/Landing Page/BM Detecting), "href", 20, OPTIONAL): Object 'Object Repository/Final Object Repo/Landing Page/BM Detecting' has attribute 'href'

2018-12-06 23:17:19 - [MESSAGE][PASSED] - Object 'Object Repository/Final Object Repo/Landing Page/BM Detecting' has attribute 'href'

2018-12-06 23:17:19 - [TEST_STEP][PASSED] - Statement - out.println(Checker): null

2018-12-06 23:17:19 - [TEST_STEP][PASSED] - Statement - If (Checker == false): null

2018-12-06 23:17:19 - [TEST_STEP][PASSED] - Statement - Else: null

2018-12-06 23:17:19 - [TEST_STEP][PASSED] - delay: Delayed 2 second(s)

2018-12-06 23:17:21 - [MESSAGE][PASSED] - Delayed 2 second(s)

2018-12-06 23:17:21 - [TEST_STEP][PASSED] - delay: Delayed 4 second(s)

2018-12-06 23:17:25 - [MESSAGE][PASSED] - Delayed 4 second(s)

2018-12-06 23:17:25 - [TEST_STEP][PASSED] - click: Object: 'Object Repository/Final Object Repo/Landing Page/My Sites Drop Down' is clicked on

2018-12-06 23:17:25 - [MESSAGE][PASSED] - Object: 'Object Repository/Final Object Repo/Landing Page/My Sites Drop Down' is clicked on

2018-12-06 23:17:25 - [TEST_STEP][PASSED] - click: Object: 'Object Repository/Final Object Repo/Landing Page/Select to Registration Module' is clicked on

2018-12-06 23:17:28 - [MESSAGE][PASSED] - Object: 'Object Repository/Final Object Repo/Landing Page/Select to Registration Module' is clicked on

2018-12-06 23:17:28 - [TEST_STEP][PASSED] - click: Object: 'Object Repository/Final Object Repo/Landing Page/Registration Button' is clicked on

2018-12-06 23:17:29 - [MESSAGE][PASSED] - Object: 'Object Repository/Final Object Repo/Landing Page/Registration Button' is clicked on

2018-12-06 23:17:29 - [TEST_STEP][PASSED] - delay: Delayed 2 second(s)

2018-12-06 23:17:31 - [MESSAGE][PASSED] - Delayed 2 second(s)

2018-12-06 23:17:31 - [TEST_STEP][PASSED] - click: Object: 'Object Repository/Final Object Repo/New Registration - Registration Module Pages/New Reg - OTC to RO/Special Case - OTC - Form 1/AEC NO' is clicked on

2018-12-06 23:17:31 - [MESSAGE][PASSED] - Object: 'Object Repository/Final Object Repo/New Registration - Registration Module Pages/New Reg - OTC to RO/Special Case - OTC - Form 1/AEC NO' is clicked on

2018-12-06 23:17:31 - [TEST_STEP][PASSED] - click: Object: 'Object Repository/Final Object Repo/New Registration - Registration Module Pages/New Reg - OTC to RO/Special Case - OTC - Form 1/Business Entity - Please Select' is clicked on

2018-12-06 23:17:32 - [MESSAGE][PASSED] - Object: 'Object Repository/Final Object Repo/New Registration - Registration Module Pages/New Reg - OTC to RO/Special Case - OTC - Form 1/Business Entity - Please Select' is clicked on

2018-12-06 23:17:32 - [TEST_STEP][PASSED] - click: Object: 'Object Repository/Final Object Repo/New Registration - Registration Module Pages/New Reg - OTC to RO/Special Case - OTC - Form 1/Selected - Corporation' is clicked on

2018-12-06 23:17:32 - [MESSAGE][PASSED] - Object: 'Object Repository/Final Object Repo/New Registration - Registration Module Pages/New Reg - OTC to RO/Special Case - OTC - Form 1/Selected - Corporation' is clicked on

2018-12-06 23:17:32 - [TEST_STEP][PASSED] - delay: Delayed 2 second(s)

2018-12-06 23:17:34 - [MESSAGE][PASSED] - Delayed 2 second(s)

2018-12-06 23:17:34 - [TEST_STEP][PASSED] - click: Object: 'Object Repository/Final Object Repo/New Registration - Registration Module Pages/New Reg - OTC to RO/Special Case - OTC - Form 1/Sub Business Entity - Please Select' is clicked on

2018-12-06 23:17:34 - [MESSAGE][PASSED] - Object: 'Object Repository/Final Object Repo/New Registration - Registration Module Pages/New Reg - OTC to RO/Special Case - OTC - Form 1/Sub Business Entity - Please Select' is clicked on

2018-12-06 23:17:34 - [TEST_STEP][PASSED] - delay: Delayed 2 second(s)

2018-12-06 23:17:36 - [MESSAGE][PASSED] - Delayed 2 second(s)

2018-12-06 23:17:36 - [TEST_STEP][PASSED] - click: Object: 'Object Repository/Final Object Repo/New Registration - Registration Module Pages/New Reg - OTC to RO/Special Case - OTC - Form 1/Selected - Sendirian Berhad' is clicked on

2018-12-06 23:17:36 - [MESSAGE][PASSED] - Object: 'Object Repository/Final Object Repo/New Registration - Registration Module Pages/New Reg - OTC to RO/Special Case - OTC - Form 1/Selected - Sendirian Berhad' is clicked on

2018-12-06 23:17:36 - [TEST_STEP][PASSED] - setText: Text 'AUTOMATE001' is set on object 'Object Repository/Final Object Repo/New Registration - Registration Module Pages/New Reg - OTC to RO/Special Case - OTC - Form 1/Input BRN Number'

2018-12-06 23:17:37 - [MESSAGE][PASSED] - Text 'AUTOMATE001' is set on object 'Object Repository/Final Object Repo/New Registration - Registration Module Pages/New Reg - OTC to RO/Special Case - OTC - Form 1/Input BRN Number'

2018-12-06 23:17:37 - [TEST_STEP][PASSED] - delay: Delayed 2 second(s)

2018-12-06 23:17:39 - [MESSAGE][PASSED] - Delayed 2 second(s)

2018-12-06 23:17:39 - [TEST_STEP][PASSED] - click: Object: 'Object Repository/Final Object Repo/New Registration - Registration Module Pages/New Reg - OTC to RO/Special Case - OTC - Form 1/BRN Search' is clicked on

2018-12-06 23:17:39 - [MESSAGE][PASSED] - Object: 'Object Repository/Final Object Repo/New Registration - Registration Module Pages/New Reg - OTC to RO/Special Case - OTC - Form 1/BRN Search' is clicked on

2018-12-06 23:17:39 - [TEST_STEP][PASSED] - delay: Delayed 4 second(s)

2018-12-06 23:17:43 - [MESSAGE][PASSED] - Delayed 4 second(s)

2018-12-06 23:17:43 - [TEST_STEP][PASSED] - click: Object: 'Object Repository/Final Object Repo/New Registration - Registration Module Pages/New Reg - OTC to RO/Special Case - OTC - Form 1/Registered with SSM - After Feb 2017' is clicked on

2018-12-06 23:17:43 - [MESSAGE][PASSED] - Object: 'Object Repository/Final Object Repo/New Registration - Registration Module Pages/New Reg - OTC to RO/Special Case - OTC - Form 1/Registered with SSM - After Feb 2017' is clicked on

2018-12-06 23:17:43 - [TEST_STEP][PASSED] - delay: Delayed 2 second(s)

2018-12-06 23:17:45 - [MESSAGE][PASSED] - Delayed 2 second(s)

2018-12-06 23:17:45 - [TEST_STEP][PASSED] - click: Object: 'Object Repository/Final Object Repo/New Registration - Registration Module Pages/Form 1/Registered As a Branch - Yes' is clicked on

2018-12-06 23:17:45 - [MESSAGE][PASSED] - Object: 'Object Repository/Final Object Repo/New Registration - Registration Module Pages/Form 1/Registered As a Branch - Yes' is clicked on

2018-12-06 23:17:45 - [TEST_STEP][PASSED] - click: Object: 'Object Repository/Final Object Repo/New Registration - Registration Module Pages/New Reg - OTC to RO/Special Case - OTC - Form 1/Acknowledgement Ticked' is clicked on

2018-12-06 23:17:45 - [MESSAGE][PASSED] - Object: 'Object Repository/Final Object Repo/New Registration - Registration Module Pages/New Reg - OTC to RO/Special Case - OTC - Form 1/Acknowledgement Ticked' is clicked on

2018-12-06 23:17:45 - [TEST_STEP][PASSED] - setText: Text 'perkeso658855926092@gmail.com' is set on object 'Object Repository/Final Object Repo/New Registration - Registration Module Pages/Form 1/Email'

2018-12-06 23:17:46 - [MESSAGE][PASSED] - Text 'perkeso658855926092@gmail.com' is set on object 'Object Repository/Final Object Repo/New Registration - Registration Module Pages/Form 1/Email'

2018-12-06 23:17:46 - [TEST_STEP][PASSED] - click: Object: 'Object Repository/Final Object Repo/New Registration - Registration Module Pages/New Reg - OTC to RO/Special Case - OTC - Form 1/Submit Button' is clicked on

2018-12-06 23:17:46 - [MESSAGE][PASSED] - Object: 'Object Repository/Final Object Repo/New Registration - Registration Module Pages/New Reg - OTC to RO/Special Case - OTC - Form 1/Submit Button' is clicked on

2018-12-06 23:17:46 - [TEST_STEP][PASSED] - callTestCase: Call Test Case 'Test Cases/Final Aug 2018 - PKS Automation/Registration Module/New Registration/Form 2/Add 1 Eligible - Employer Account Use' successfully

2018-12-06 23:17:46 - [TEST_CASE][PASSED] - Test Cases/Final Aug 2018 - PKS Automation/Registration Module/New Registration/Form 2/Add 1 Eligible - Employer Account Use: Test Cases/Final Aug 2018 - PKS Automation/Registration Module/New Registration/Form 2/Add 1 Eligible - Employer Account Use

2018-12-06 23:17:46 - [TEST_STEP][PASSED] - delay: Delayed 2 second(s)

2018-12-06 23:17:48 - [MESSAGE][PASSED] - Delayed 2 second(s)

2018-12-06 23:17:48 - [TEST_STEP][PASSED] - callTestCase: Call Test Case 'Test Cases/Final Aug 2018 - PKS Automation/Registration Module/New Registration/Form 2/Date Updater' successfully

2018-12-06 23:17:48 - [TEST_CASE][PASSED] - Test Cases/Final Aug 2018 - PKS Automation/Registration Module/New Registration/Form 2/Date Updater: Test Cases/Final Aug 2018 - PKS Automation/Registration Module/New Registration/Form 2/Date Updater

2018-12-06 23:17:48 - [TEST_STEP][PASSED] - Statement - TodayDate = new java.util.Date(): null

2018-12-06 23:17:48 - [TEST_STEP][PASSED] - Statement - CurrentDateNoFilter = new java.text.SimpleDateFormat(): null

2018-12-06 23:17:48 - [TEST_STEP][PASSED] - Statement - CurrentDateNoFilter.applyPattern("MM"): null

2018-12-06 23:17:48 - [TEST_STEP][PASSED] - Statement - monthContainerMatcher = java.lang.Integer.parseInt(CurrentDateNoFilter.format(TodayDate)): null

2018-12-06 23:17:48 - [TEST_STEP][PASSED] - Statement - monthContainerMatcher = monthContainerMatcher - 1: null

2018-12-06 23:17:48 - [TEST_STEP][PASSED] - Statement - CurrentMonth = monthContainerMatcher.toString(): null

2018-12-06 23:17:48 - [TEST_STEP][PASSED] - Statement - CurrentMonth = CurrentMonth: null

2018-12-06 23:17:48 - [TEST_STEP][PASSED] - Statement - CurrentDateNoFilter.applyPattern("yyyy"): null

2018-12-06 23:17:48 - [TEST_STEP][PASSED] - Statement - CurrentYear = CurrentDateNoFilter.format(TodayDate): null

2018-12-06 23:17:48 - [TEST_STEP][PASSED] - Statement - CurrentYear = CurrentYear: null

2018-12-06 23:17:48 - [TEST_STEP][PASSED] - Statement - intCurrentYear = java.lang.Integer.parseInt(CurrentDateNoFilter.format(TodayDate)): null

2018-12-06 23:17:48 - [TEST_STEP][PASSED] - Statement - eighteenYrsAgo = intCurrentYear - 18: null

2018-12-06 23:17:48 - [TEST_STEP][PASSED] - Statement - eighteenYrsBeforeThisYr = eighteenYrsAgo.toString(): null

2018-12-06 23:17:48 - [TEST_STEP][PASSED] - Statement - EighteenYrsBefore = eighteenYrsBeforeThisYr: null

2018-12-06 23:17:48 - [TEST_STEP][PASSED] - Statement - fiftysevenYrsAgo = intCurrentYear - 57: null

2018-12-06 23:17:48 - [TEST_STEP][PASSED] - Statement - fiftysevenYrsBeforeThisYr = fiftysevenYrsAgo.toString(): null

2018-12-06 23:17:48 - [TEST_STEP][PASSED] - Statement - FiftysevenYrsBefore = fiftysevenYrsBeforeThisYr: null

2018-12-06 23:17:48 - [TEST_STEP][PASSED] - Statement - leapYear = false: null

2018-12-06 23:17:48 - [TEST_STEP][PASSED] - Statement - leapYear = intCurrentYear % 4 == 0: null

2018-12-06 23:17:48 - [TEST_STEP][PASSED] - Statement - CurrentDateNoFilter.applyPattern("dd"): null

2018-12-06 23:17:48 - [TEST_STEP][PASSED] - Statement - CurrentDate = CurrentDateNoFilter.format(TodayDate): null

2018-12-06 23:17:48 - [TEST_STEP][PASSED] - Statement - CurrentDate = java.lang.Integer.parseInt(CurrentDate): null

2018-12-06 23:17:48 - [TEST_STEP][PASSED] - Statement - CurrentDate = CurrentDate: null

2018-12-06 23:17:48 - [TEST_STEP][PASSED] - Statement - CurrentDay = java.lang.Integer.parseInt(CurrentDate): null

2018-12-06 23:17:48 - [TEST_STEP][PASSED] - Statement - ConfAdder = <not implemented yet for class: org.codehaus.groovy.ast.expr.EmptyExpression>: null

2018-12-06 23:17:48 - [TEST_STEP][PASSED] - Statement - out.println(CurrentMonth): null

2018-12-06 23:17:48 - [TEST_STEP][PASSED] - Statement - out.println(CurrentDate): null

2018-12-06 23:17:48 - [TEST_STEP][PASSED] - Statement - switch (CurrentDate): null

2018-12-06 23:17:48 - [TEST_STEP][PASSED] - Statement - Default: null

2018-12-06 23:17:48 - [TEST_STEP][PASSED] - Statement - ConfAdder = true: null

2018-12-06 23:17:48 - [TEST_STEP][PASSED] - Statement - Break: null

2018-12-06 23:17:48 - [TEST_STEP][PASSED] - Statement - aDayBefore = <not implemented yet for class: org.codehaus.groovy.ast.expr.EmptyExpression>: null

2018-12-06 23:17:48 - [TEST_STEP][PASSED] - Statement - out.println(ConfAdder): null

2018-12-06 23:17:48 - [TEST_STEP][PASSED] - Statement - If (ConfAdder == true): null

2018-12-06 23:17:48 - [TEST_STEP][PASSED] - Statement - aDayBefore = CurrentDay + 1: null

2018-12-06 23:17:48 - [TEST_STEP][PASSED] - Statement - out.println(aDayBefore): null

2018-12-06 23:17:48 - [TEST_STEP][PASSED] - Statement - If (aDayBefore == 1 && CurrentMonth == 11): null

2018-12-06 23:17:48 - [TEST_STEP][PASSED] - Statement - DayBefore = aDayBefore.toString(): null

2018-12-06 23:17:48 - [TEST_STEP][PASSED] - Statement - OneDayBefore = DayBefore: null

2018-12-06 23:17:48 - [MESSAGE][PASSED] - Call Test Case 'Test Cases/Final Aug 2018 - PKS Automation/Registration Module/New Registration/Form 2/Date Updater' successfully

2018-12-06 23:17:48 - [TEST_STEP][PASSED] - delay: Delayed 1 second(s)

2018-12-06 23:17:49 - [MESSAGE][PASSED] - Delayed 1 second(s)

2018-12-06 23:17:49 - [TEST_STEP][PASSED] - Statement - CaseReferenceNo = com.kms.katalon.core.webui.keyword.WebUiBuiltInKeywords.getText(com.kms.katalon.core.testobject.ObjectRepository.findTestObject(Final Object Repo/New Registration - Registration Module Pages/Form 2/RefNo Acquiring)): Text of object 'Object Repository/Final Object Repo/New Registration - Registration Module Pages/Form 2/RefNo Acquiring' is: 'CRN12201800123069'

2018-12-06 23:17:50 - [MESSAGE][PASSED] - Text of object 'Object Repository/Final Object Repo/New Registration - Registration Module Pages/Form 2/RefNo Acquiring' is: 'CRN12201800123069'

2018-12-06 23:17:50 - [TEST_STEP][PASSED] - delay: Delayed 1 second(s)

2018-12-06 23:17:51 - [MESSAGE][PASSED] - Delayed 1 second(s)

2018-12-06 23:17:51 - [TEST_STEP][PASSED] - click: Object: 'Object Repository/Final Object Repo/New Registration - Registration Module Pages/Form 2/Add Employee Button' is clicked on

2018-12-06 23:17:51 - [MESSAGE][PASSED] - Object: 'Object Repository/Final Object Repo/New Registration - Registration Module Pages/Form 2/Add Employee Button' is clicked on

2018-12-06 23:17:51 - [TEST_STEP][PASSED] - delay: Delayed 1 second(s)

2018-12-06 23:17:52 - [MESSAGE][PASSED] - Delayed 1 second(s)

2018-12-06 23:17:52 - [TEST_STEP][PASSED] - setText: Text '010903091948' is set on object 'Object Repository/Final Object Repo/New Registration - Registration Module Pages/Form 2/NRIC Input'

2018-12-06 23:17:52 - [MESSAGE][PASSED] - Text '010903091948' is set on object 'Object Repository/Final Object Repo/New Registration - Registration Module Pages/Form 2/NRIC Input'

2018-12-06 23:17:52 - [TEST_STEP][PASSED] - delay: Delayed 2 second(s)

2018-12-06 23:17:54 - [MESSAGE][PASSED] - Delayed 2 second(s)

2018-12-06 23:17:54 - [TEST_STEP][PASSED] - setText: Text 'Automate001 eligible 1' is set on object 'Object Repository/Final Object Repo/New Registration - Registration Module Pages/Form 2/Employee Name Input'

2018-12-06 23:17:54 - [MESSAGE][PASSED] - Text 'Automate001 eligible 1' is set on object 'Object Repository/Final Object Repo/New Registration - Registration Module Pages/Form 2/Employee Name Input'

2018-12-06 23:17:54 - [TEST_STEP][PASSED] - delay: Delayed 2 second(s)

2018-12-06 23:17:56 - [MESSAGE][PASSED] - Delayed 2 second(s)

2018-12-06 23:17:56 - [TEST_STEP][PASSED] - click: Object: 'Object Repository/Final Object Repo/New Registration - Registration Module Pages/Form 2/DatePicker Pop Up' is clicked on

2018-12-06 23:17:57 - [MESSAGE][PASSED] - Object: 'Object Repository/Final Object Repo/New Registration - Registration Module Pages/Form 2/DatePicker Pop Up' is clicked on

2018-12-06 23:17:57 - [TEST_STEP][PASSED] - click: Object: 'Object Repository/Final Object Repo/New Registration - Registration Module Pages/Form 2/DOB Month' is clicked on

2018-12-06 23:17:57 - [MESSAGE][PASSED] - Object: 'Object Repository/Final Object Repo/New Registration - Registration Module Pages/Form 2/DOB Month' is clicked on

2018-12-06 23:17:57 - [TEST_STEP][PASSED] - Statement - CurrentMonth = CurrentMonth: null

2018-12-06 23:17:57 - [TEST_STEP][PASSED] - Statement - selectMonth = new com.kms.katalon.core.testobject.TestObject(): null

2018-12-06 23:17:57 - [TEST_STEP][PASSED] - Statement - selectMonth.addProperty("xpath", EQUALS, "//body/div/div/div/select/option[@value='" + CurrentMonth + "']", true): null

2018-12-06 23:17:57 - [TEST_STEP][PASSED] - click: Object: '' is clicked on

2018-12-06 23:17:57 - [MESSAGE][PASSED] - Object: '' is clicked on

2018-12-06 23:17:57 - [TEST_STEP][PASSED] - click: Object: 'Object Repository/Final Object Repo/New Registration - Registration Module Pages/Form 2/DOB Year' is clicked on

2018-12-06 23:17:57 - [MESSAGE][PASSED] - Object: 'Object Repository/Final Object Repo/New Registration - Registration Module Pages/Form 2/DOB Year' is clicked on

2018-12-06 23:17:57 - [TEST_STEP][PASSED] - Statement - Eyearsbf = EighteenYrsBefore: null

2018-12-06 23:17:57 - [TEST_STEP][PASSED] - Statement - selectYear = new com.kms.katalon.core.testobject.TestObject(): null

2018-12-06 23:17:57 - [TEST_STEP][PASSED] - Statement - selectYear.addProperty("xpath", EQUALS, "//div/div/div/select/option[@value='" + Eyearsbf + "']", true): null

2018-12-06 23:17:57 - [TEST_STEP][PASSED] - click: Object: '' is clicked on

2018-12-06 23:17:57 - [MESSAGE][PASSED] - Object: '' is clicked on

2018-12-06 23:17:57 - [TEST_STEP][PASSED] - Statement - UpdatedSelectDate = com.kms.katalon.core.webui.keyword.WebUiBuiltInKeywords.modifyObjectProperty(com.kms.katalon.core.testobject.ObjectRepository.findTestObject(Final Object Repo/New Registration - Registration Module Pages/Form 2/DOB Date), "xpath", "equals", "//body/div/table/tbody/tr/td/a[text()="" + CurrentDate + ""]", true): Modify property of object successfully

2018-12-06 23:17:57 - [MESSAGE][PASSED] - Modify property of object successfully

2018-12-06 23:17:57 - [TEST_STEP][PASSED] - delay: Delayed 3 second(s)

2018-12-06 23:18:00 - [MESSAGE][PASSED] - Delayed 3 second(s)

2018-12-06 23:18:00 - [TEST_STEP][PASSED] - click: Object: 'Object Repository/Final Object Repo/New Registration - Registration Module Pages/Form 2/DOB Date' is clicked on

2018-12-06 23:18:01 - [MESSAGE][PASSED] - Object: 'Object Repository/Final Object Repo/New Registration - Registration Module Pages/Form 2/DOB Date' is clicked on

2018-12-06 23:18:01 - [TEST_STEP][PASSED] - delay: Delayed 2 second(s)

2018-12-06 23:18:03 - [MESSAGE][PASSED] - Delayed 2 second(s)

2018-12-06 23:18:03 - [TEST_STEP][PASSED] - click: Object: 'Object Repository/Final Object Repo/New Registration - Registration Module Pages/Form 2/EmploymentStartDate Pop Up' is clicked on

2018-12-06 23:18:03 - [MESSAGE][PASSED] - Object: 'Object Repository/Final Object Repo/New Registration - Registration Module Pages/Form 2/EmploymentStartDate Pop Up' is clicked on

2018-12-06 23:18:03 - [TEST_STEP][PASSED] - delay: Delayed 2 second(s)

2018-12-06 23:18:05 - [MESSAGE][PASSED] - Delayed 2 second(s)

2018-12-06 23:18:05 - [TEST_STEP][PASSED] - click: Object: 'Object Repository/Final Object Repo/New Registration - Registration Module Pages/Form 2/Socso Employment StartDate Month' is clicked on

2018-12-06 23:18:05 - [MESSAGE][PASSED] - Object: 'Object Repository/Final Object Repo/New Registration - Registration Module Pages/Form 2/Socso Employment StartDate Month' is clicked on

2018-12-06 23:18:05 - [TEST_STEP][PASSED] - delay: Delayed 1 second(s)

2018-12-06 23:18:06 - [MESSAGE][PASSED] - Delayed 1 second(s)

2018-12-06 23:18:06 - [TEST_STEP][PASSED] - click: Object: 'Object Repository/Final Object Repo/New Registration - Registration Module Pages/Form 2/Select Socso Employement Startdate Month' is clicked on

2018-12-06 23:18:06 - [MESSAGE][PASSED] - Object: 'Object Repository/Final Object Repo/New Registration - Registration Module Pages/Form 2/Select Socso Employement Startdate Month' is clicked on

2018-12-06 23:18:06 - [TEST_STEP][PASSED] - delay: Delayed 2 second(s)

2018-12-06 23:18:08 - [MESSAGE][PASSED] - Delayed 2 second(s)

2018-12-06 23:18:08 - [TEST_STEP][PASSED] - click: Object: 'Object Repository/Final Object Repo/New Registration - Registration Module Pages/Form 2/Socso Employment StartDate Year' is clicked on

2018-12-06 23:18:08 - [MESSAGE][PASSED] - Object: 'Object Repository/Final Object Repo/New Registration - Registration Module Pages/Form 2/Socso Employment StartDate Year' is clicked on

2018-12-06 23:18:08 - [TEST_STEP][PASSED] - delay: Delayed 1 second(s)

2018-12-06 23:18:09 - [MESSAGE][PASSED] - Delayed 1 second(s)

2018-12-06 23:18:09 - [TEST_STEP][PASSED] - click: Object: 'Object Repository/Final Object Repo/New Registration - Registration Module Pages/Form 2/Select Socso Employment Startdate Year' is clicked on

2018-12-06 23:18:09 - [MESSAGE][PASSED] - Object: 'Object Repository/Final Object Repo/New Registration - Registration Module Pages/Form 2/Select Socso Employment Startdate Year' is clicked on

2018-12-06 23:18:09 - [TEST_STEP][PASSED] - delay: Delayed 2 second(s)

2018-12-06 23:18:11 - [MESSAGE][PASSED] - Delayed 2 second(s)

2018-12-06 23:18:11 - [TEST_STEP][PASSED] - click: Object: 'Object Repository/Final Object Repo/New Registration - Registration Module Pages/Form 2/Socso Employment Start Date Day' is clicked on

2018-12-06 23:18:12 - [MESSAGE][PASSED] - Object: 'Object Repository/Final Object Repo/New Registration - Registration Module Pages/Form 2/Socso Employment Start Date Day' is clicked on

2018-12-06 23:18:12 - [TEST_STEP][PASSED] - delay: Delayed 2 second(s)

2018-12-06 23:18:14 - [MESSAGE][PASSED] - Delayed 2 second(s)

2018-12-06 23:18:14 - [TEST_STEP][PASSED] - click: Object: 'Object Repository/Final Object Repo/New Registration - Registration Module Pages/Form 2/Save Button for Add Employee' is clicked on

2018-12-06 23:18:14 - [MESSAGE][PASSED] - Object: 'Object Repository/Final Object Repo/New Registration - Registration Module Pages/Form 2/Save Button for Add Employee' is clicked on

2018-12-06 23:18:14 - [TEST_STEP][PASSED] - delay: Delayed 6 second(s)

2018-12-06 23:18:20 - [MESSAGE][PASSED] - Delayed 6 second(s)

2018-12-06 23:18:20 - [TEST_STEP][PASSED] - click: Object: 'Object Repository/Final Object Repo/New Registration - Registration Module Pages/Form 2/Save and Continue Form 2' is clicked on

2018-12-06 23:18:20 - [MESSAGE][PASSED] - Object: 'Object Repository/Final Object Repo/New Registration - Registration Module Pages/Form 2/Save and Continue Form 2' is clicked on

2018-12-06 23:18:20 - [MESSAGE][PASSED] - Call Test Case 'Test Cases/Final Aug 2018 - PKS Automation/Registration Module/New Registration/Form 2/Add 1 Eligible - Employer Account Use' successfully

2018-12-06 23:18:20 - [TEST_STEP][PASSED] - callTestCase: Call Test Case 'Test Cases/Final Aug 2018 - PKS Automation/Registration Module/New Registration/Flow of New Registration/Third Screen - Upload Supporting Doc - Preview' successfully

2018-12-06 23:18:20 - [TEST_CASE][PASSED] - Test Cases/Final Aug 2018 - PKS Automation/Registration Module/New Registration/Flow of New Registration/Third Screen - Upload Supporting Doc - Preview: Test Cases/Final Aug 2018 - PKS Automation/Registration Module/New Registration/Flow of New Registration/Third Screen - Upload Supporting Doc - Preview

2018-12-06 23:18:20 - [TEST_STEP][PASSED] - waitForPageLoad: Wait for page load successfully

2018-12-06 23:18:21 - [MESSAGE][PASSED] - Wait for page load successfully

2018-12-06 23:18:21 - [TEST_STEP][PASSED] - Statement - CaseReferenceNo = com.kms.katalon.core.webui.keyword.WebUiBuiltInKeywords.getText(com.kms.katalon.core.testobject.ObjectRepository.findTestObject(Final Object Repo/New Registration - Registration Module Pages/Third Screen - Upload Supporting Doc- Preview/RefNo Acquiring)): Text of object 'Object Repository/Final Object Repo/New Registration - Registration Module Pages/Third Screen - Upload Supporting Doc- Preview/RefNo Acquiring' is: 'CRN12201800123069'

2018-12-06 23:18:21 - [MESSAGE][PASSED] - Text of object 'Object Repository/Final Object Repo/New Registration - Registration Module Pages/Third Screen - Upload Supporting Doc- Preview/RefNo Acquiring' is: 'CRN12201800123069'

2018-12-06 23:18:21 - [TEST_STEP][PASSED] - delay: Delayed 2 second(s)

2018-12-06 23:18:23 - [MESSAGE][PASSED] - Delayed 2 second(s)

2018-12-06 23:18:23 - [TEST_STEP][PASSED] - callTestCase: Call Test Case 'Test Cases/Final Aug 2018 - PKS Automation/Common/Reference Number Setter' successfully

2018-12-06 23:18:23 - [TEST_CASE][PASSED] - Test Cases/Final Aug 2018 - PKS Automation/Common/Reference Number Setter: Test Cases/Final Aug 2018 - PKS Automation/Common/Reference Number Setter

2018-12-06 23:18:23 - [TEST_STEP][PASSED] - Statement - RefNoOldFile = new java.io.File(C://Users//Admin//Desktop//PKS//Automation Reference Point//KatalonReference.txt): null

2018-12-06 23:18:23 - [TEST_STEP][PASSED] - Statement - RefNoOldFile.delete(): null

2018-12-06 23:18:23 - [TEST_STEP][PASSED] - delay: Delayed 5 second(s)

2018-12-06 23:18:28 - [MESSAGE][PASSED] - Delayed 5 second(s)

2018-12-06 23:18:28 - [TEST_STEP][PASSED] - Statement - RefNo = new java.io.File(C://Users//Admin//Desktop//PKS//Automation Reference Point//KatalonReference.txt): null

2018-12-06 23:18:28 - [TEST_STEP][PASSED] - Statement - f2 = new java.io.FileWriter(RefNo, false): null

2018-12-06 23:18:28 - [TEST_STEP][PASSED] - Statement - f2.write(CaseReferenceNo): null

2018-12-06 23:18:28 - [TEST_STEP][PASSED] - Statement - f2.close(): null

2018-12-06 23:18:28 - [TEST_STEP][PASSED] - Statement - out.println("


" + CaseReferenceNo + "


"): null

2018-12-06 23:18:28 - [MESSAGE][PASSED] - Call Test Case 'Test Cases/Final Aug 2018 - PKS Automation/Common/Reference Number Setter' successfully

2018-12-06 23:18:28 - [TEST_STEP][PASSED] - waitForElementClickable: Object 'Object Repository/Final Object Repo/New Registration - Registration Module Pages/Third Screen - Upload Supporting Doc- Preview/Save n Continue in SIP Employee Listing Page' is clickable

2018-12-06 23:18:28 - [MESSAGE][PASSED] - Object 'Object Repository/Final Object Repo/New Registration - Registration Module Pages/Third Screen - Upload Supporting Doc- Preview/Save n Continue in SIP Employee Listing Page' is clickable

2018-12-06 23:18:28 - [TEST_STEP][PASSED] - click: Object: 'Object Repository/Final Object Repo/New Registration - Registration Module Pages/Third Screen - Upload Supporting Doc- Preview/Save n Continue in SIP Employee Listing Page' is clicked on

2018-12-06 23:18:33 - [MESSAGE][PASSED] - Object: 'Object Repository/Final Object Repo/New Registration - Registration Module Pages/Third Screen - Upload Supporting Doc- Preview/Save n Continue in SIP Employee Listing Page' is clicked on

2018-12-06 23:18:33 - [TEST_STEP][PASSED] - delay: Delayed 7 second(s)

2018-12-06 23:18:40 - [MESSAGE][PASSED] - Delayed 7 second(s)

2018-12-06 23:18:40 - [TEST_STEP][PASSED] - click: Object: 'Object Repository/Final Object Repo/New Registration - Registration Module Pages/Third Screen - Upload Supporting Doc- Preview/Add Document Button' is clicked on

2018-12-06 23:18:40 - [MESSAGE][PASSED] - Object: 'Object Repository/Final Object Repo/New Registration - Registration Module Pages/Third Screen - Upload Supporting Doc- Preview/Add Document Button' is clicked on

2018-12-06 23:18:40 - [TEST_STEP][PASSED] - delay: Delayed 30 second(s)

2018-12-06 23:19:10 - [MESSAGE][PASSED] - Delayed 30 second(s)

2018-12-06 23:19:10 - [TEST_STEP][PASSED] - click: Object: 'Object Repository/Final Object Repo/New Registration - Registration Module Pages/Third Screen - Upload Supporting Doc- Preview/Supporting Doc Please Select Drop Down' is clicked on

2018-12-06 23:19:11 - [MESSAGE][PASSED] - Object: 'Object Repository/Final Object Repo/New Registration - Registration Module Pages/Third Screen - Upload Supporting Doc- Preview/Supporting Doc Please Select Drop Down' is clicked on

2018-12-06 23:19:11 - [TEST_STEP][PASSED] - delay: Delayed 2 second(s)

2018-12-06 23:19:13 - [MESSAGE][PASSED] - Delayed 2 second(s)

2018-12-06 23:19:13 - [TEST_STEP][PASSED] - click: Object: 'Object Repository/Final Object Repo/New Registration - Registration Module Pages/Third Screen - Upload Supporting Doc- Preview/Select to Upload Form 1' is clicked on

2018-12-06 23:19:13 - [MESSAGE][PASSED] - Object: 'Object Repository/Final Object Repo/New Registration - Registration Module Pages/Third Screen - Upload Supporting Doc- Preview/Select to Upload Form 1' is clicked on

2018-12-06 23:19:13 - [TEST_STEP][PASSED] - delay: Delayed 2 second(s)

2018-12-06 23:19:15 - [MESSAGE][PASSED] - Delayed 2 second(s)

2018-12-06 23:19:15 - [TEST_STEP][PASSED] - uploadFile: File 'C:\Users\Public\Pictures\Sample Pictures\Koala.jpg' sent to object: 'Object Repository/Final Object Repo/New Registration - Registration Module Pages/Third Screen - Upload Supporting Doc- Preview/Upload File Adding'

2018-12-06 23:19:15 - [MESSAGE][PASSED] - File 'C:\Users\Public\Pictures\Sample Pictures\Koala.jpg' sent to object: 'Object Repository/Final Object Repo/New Registration - Registration Module Pages/Third Screen - Upload Supporting Doc- Preview/Upload File Adding'

2018-12-06 23:19:15 - [TEST_STEP][PASSED] - delay: Delayed 5 second(s)

2018-12-06 23:19:20 - [MESSAGE][PASSED] - Delayed 5 second(s)

2018-12-06 23:19:20 - [TEST_STEP][PASSED] - click: Object: 'Object Repository/Final Object Repo/New Registration - Registration Module Pages/Third Screen - Upload Supporting Doc- Preview/Inner Form Add Document Button' is clicked on

2018-12-06 23:19:20 - [MESSAGE][PASSED] - Object: 'Object Repository/Final Object Repo/New Registration - Registration Module Pages/Third Screen - Upload Supporting Doc- Preview/Inner Form Add Document Button' is clicked on

2018-12-06 23:19:20 - [TEST_STEP][PASSED] - delay: Delayed 3 second(s)

2018-12-06 23:19:23 - [MESSAGE][PASSED] - Delayed 3 second(s)

2018-12-06 23:19:23 - [TEST_STEP][PASSED] - click: Object: 'Object Repository/Final Object Repo/New Registration - Registration Module Pages/Third Screen - Upload Supporting Doc- Preview/Add Document Button' is clicked on

2018-12-06 23:19:25 - [MESSAGE][PASSED] - Object: 'Object Repository/Final Object Repo/New Registration - Registration Module Pages/Third Screen - Upload Supporting Doc- Preview/Add Document Button' is clicked on

2018-12-06 23:19:25 - [TEST_STEP][PASSED] - delay: Delayed 30 second(s)

2018-12-06 23:19:55 - [MESSAGE][PASSED] - Delayed 30 second(s)

2018-12-06 23:19:55 - [TEST_STEP][PASSED] - click: Object: 'Object Repository/Final Object Repo/New Registration - Registration Module Pages/Third Screen - Upload Supporting Doc- Preview/Supporting Doc Please Select Drop Down' is clicked on

2018-12-06 23:19:56 - [MESSAGE][PASSED] - Object: 'Object Repository/Final Object Repo/New Registration - Registration Module Pages/Third Screen - Upload Supporting Doc- Preview/Supporting Doc Please Select Drop Down' is clicked on

2018-12-06 23:19:56 - [TEST_STEP][PASSED] - delay: Delayed 2 second(s)

2018-12-06 23:19:58 - [MESSAGE][PASSED] - Delayed 2 second(s)

2018-12-06 23:19:58 - [TEST_STEP][PASSED] - click: Object: 'Object Repository/Final Object Repo/New Registration - Registration Module Pages/Third Screen - Upload Supporting Doc- Preview/Select to Upload Form 2' is clicked on

2018-12-06 23:19:58 - [MESSAGE][PASSED] - Object: 'Object Repository/Final Object Repo/New Registration - Registration Module Pages/Third Screen - Upload Supporting Doc- Preview/Select to Upload Form 2' is clicked on

2018-12-06 23:19:58 - [TEST_STEP][PASSED] - delay: Delayed 2 second(s)

2018-12-06 23:20:00 - [MESSAGE][PASSED] - Delayed 2 second(s)

2018-12-06 23:20:00 - [TEST_STEP][PASSED] - uploadFile: File 'C:\Users\Public\Pictures\Sample Pictures\Koala.jpg' sent to object: 'Object Repository/Final Object Repo/New Registration - Registration Module Pages/Third Screen - Upload Supporting Doc- Preview/Upload File Adding'

2018-12-06 23:20:00 - [MESSAGE][PASSED] - File 'C:\Users\Public\Pictures\Sample Pictures\Koala.jpg' sent to object: 'Object Repository/Final Object Repo/New Registration - Registration Module Pages/Third Screen - Upload Supporting Doc- Preview/Upload File Adding'

2018-12-06 23:20:00 - [TEST_STEP][PASSED] - click: Object: 'Object Repository/Final Object Repo/New Registration - Registration Module Pages/Third Screen - Upload Supporting Doc- Preview/Inner Form Add Document Button' is clicked on

2018-12-06 23:20:00 - [MESSAGE][PASSED] - Object: 'Object Repository/Final Object Repo/New Registration - Registration Module Pages/Third Screen - Upload Supporting Doc- Preview/Inner Form Add Document Button' is clicked on

2018-12-06 23:20:00 - [TEST_STEP][PASSED] - delay: Delayed 5 second(s)

2018-12-06 23:20:05 - [MESSAGE][PASSED] - Delayed 5 second(s)

2018-12-06 23:20:05 - [TEST_STEP][PASSED] - click: Object: 'Object Repository/Final Object Repo/New Registration - Registration Module Pages/Third Screen - Upload Supporting Doc- Preview/Add Document Button' is clicked on

2018-12-06 23:20:05 - [MESSAGE][PASSED] - Object: 'Object Repository/Final Object Repo/New Registration - Registration Module Pages/Third Screen - Upload Supporting Doc- Preview/Add Document Button' is clicked on

2018-12-06 23:20:05 - [TEST_STEP][PASSED] - delay: Delayed 30 second(s)

2018-12-06 23:20:35 - [MESSAGE][PASSED] - Delayed 30 second(s)

2018-12-06 23:20:35 - [TEST_STEP][PASSED] - click: Object: 'Object Repository/Final Object Repo/New Registration - Registration Module Pages/Third Screen - Upload Supporting Doc- Preview/Supporting Doc Please Select Drop Down' is clicked on

2018-12-06 23:20:35 - [MESSAGE][PASSED] - Object: 'Object Repository/Final Object Repo/New Registration - Registration Module Pages/Third Screen - Upload Supporting Doc- Preview/Supporting Doc Please Select Drop Down' is clicked on

2018-12-06 23:20:35 - [TEST_STEP][PASSED] - click: Object: 'Object Repository/Final Object Repo/New Registration - Registration Module Pages/Third Screen - Upload Supporting Doc- Preview/Select to Upload Borang SIP 1' is clicked on

2018-12-06 23:20:36 - [MESSAGE][PASSED] - Object: 'Object Repository/Final Object Repo/New Registration - Registration Module Pages/Third Screen - Upload Supporting Doc- Preview/Select to Upload Borang SIP 1' is clicked on

2018-12-06 23:20:36 - [TEST_STEP][PASSED] - delay: Delayed 2 second(s)

2018-12-06 23:20:38 - [MESSAGE][PASSED] - Delayed 2 second(s)

2018-12-06 23:20:38 - [TEST_STEP][PASSED] - uploadFile: File 'C:\Users\Public\Pictures\Sample Pictures\Koala.jpg' sent to object: 'Object Repository/Final Object Repo/New Registration - Registration Module Pages/Third Screen - Upload Supporting Doc- Preview/Upload File Adding'

2018-12-06 23:20:38 - [MESSAGE][PASSED] - File 'C:\Users\Public\Pictures\Sample Pictures\Koala.jpg' sent to object: 'Object Repository/Final Object Repo/New Registration - Registration Module Pages/Third Screen - Upload Supporting Doc- Preview/Upload File Adding'

2018-12-06 23:20:38 - [TEST_STEP][PASSED] - click: Object: 'Object Repository/Final Object Repo/New Registration - Registration Module Pages/Third Screen - Upload Supporting Doc- Preview/Inner Form Add Document Button' is clicked on

2018-12-06 23:20:38 - [MESSAGE][PASSED] - Object: 'Object Repository/Final Object Repo/New Registration - Registration Module Pages/Third Screen - Upload Supporting Doc- Preview/Inner Form Add Document Button' is clicked on

2018-12-06 23:20:38 - [TEST_STEP][PASSED] - delay: Delayed 5 second(s)

2018-12-06 23:20:43 - [MESSAGE][PASSED] - Delayed 5 second(s)

2018-12-06 23:20:43 - [TEST_STEP][PASSED] - click: Object: 'Object Repository/Final Object Repo/New Registration - Registration Module Pages/Third Screen - Upload Supporting Doc- Preview/Add Document Button' is clicked on

2018-12-06 23:20:43 - [MESSAGE][PASSED] - Object: 'Object Repository/Final Object Repo/New Registration - Registration Module Pages/Third Screen - Upload Supporting Doc- Preview/Add Document Button' is clicked on

2018-12-06 23:20:43 - [TEST_STEP][PASSED] - delay: Delayed 30 second(s)

2018-12-06 23:21:13 - [MESSAGE][PASSED] - Delayed 30 second(s)

2018-12-06 23:21:13 - [TEST_STEP][PASSED] - click: Object: 'Object Repository/Final Object Repo/New Registration - Registration Module Pages/Third Screen - Upload Supporting Doc- Preview/Supporting Doc Please Select Drop Down' is clicked on

2018-12-06 23:21:13 - [MESSAGE][PASSED] - Object: 'Object Repository/Final Object Repo/New Registration - Registration Module Pages/Third Screen - Upload Supporting Doc- Preview/Supporting Doc Please Select Drop Down' is clicked on

2018-12-06 23:21:13 - [TEST_STEP][PASSED] - delay: Delayed 3 second(s)

2018-12-06 23:21:16 - [MESSAGE][PASSED] - Delayed 3 second(s)

2018-12-06 23:21:16 - [TEST_STEP][PASSED] - click: Object: 'Object Repository/Final Object Repo/New Registration - Registration Module Pages/Third Screen - Upload Supporting Doc- Preview/Select to Upload Borang SIP 2' is clicked on

2018-12-06 23:21:16 - [MESSAGE][PASSED] - Object: 'Object Repository/Final Object Repo/New Registration - Registration Module Pages/Third Screen - Upload Supporting Doc- Preview/Select to Upload Borang SIP 2' is clicked on

2018-12-06 23:21:16 - [TEST_STEP][PASSED] - delay: Delayed 2 second(s)

2018-12-06 23:21:18 - [MESSAGE][PASSED] - Delayed 2 second(s)

2018-12-06 23:21:18 - [TEST_STEP][PASSED] - uploadFile: File 'C:\Users\Public\Pictures\Sample Pictures\Koala.jpg' sent to object: 'Object Repository/Final Object Repo/New Registration - Registration Module Pages/Third Screen - Upload Supporting Doc- Preview/Upload File Adding'

2018-12-06 23:21:19 - [MESSAGE][PASSED] - File 'C:\Users\Public\Pictures\Sample Pictures\Koala.jpg' sent to object: 'Object Repository/Final Object Repo/New Registration - Registration Module Pages/Third Screen - Upload Supporting Doc- Preview/Upload File Adding'

2018-12-06 23:21:19 - [TEST_STEP][PASSED] - delay: Delayed 5 second(s)

2018-12-06 23:21:24 - [MESSAGE][PASSED] - Delayed 5 second(s)

2018-12-06 23:21:24 - [TEST_STEP][PASSED] - click: Object: 'Object Repository/Final Object Repo/New Registration - Registration Module Pages/Third Screen - Upload Supporting Doc- Preview/Inner Form Add Document Button' is clicked on

2018-12-06 23:21:24 - [MESSAGE][PASSED] - Object: 'Object Repository/Final Object Repo/New Registration - Registration Module Pages/Third Screen - Upload Supporting Doc- Preview/Inner Form Add Document Button' is clicked on

2018-12-06 23:21:24 - [TEST_STEP][PASSED] - delay: Delayed 3 second(s)

2018-12-06 23:21:27 - [MESSAGE][PASSED] - Delayed 3 second(s)

2018-12-06 23:21:27 - [TEST_STEP][PASSED] - waitForElementClickable: Object 'Object Repository/Final Object Repo/New Registration - Registration Module Pages/Third Screen - Upload Supporting Doc- Preview/Save n Continue in Uploading Supporting Doc Page' is clickable

2018-12-06 23:21:28 - [MESSAGE][PASSED] - Object 'Object Repository/Final Object Repo/New Registration - Registration Module Pages/Third Screen - Upload Supporting Doc- Preview/Save n Continue in Uploading Supporting Doc Page' is clickable

2018-12-06 23:21:28 - [TEST_STEP][PASSED] - click: Object: 'Object Repository/Final Object Repo/New Registration - Registration Module Pages/Third Screen - Upload Supporting Doc- Preview/Save n Continue in Uploading Supporting Doc Page' is clicked on

2018-12-06 23:21:28 - [MESSAGE][PASSED] - Object: 'Object Repository/Final Object Repo/New Registration - Registration Module Pages/Third Screen - Upload Supporting Doc- Preview/Save n Continue in Uploading Supporting Doc Page' is clicked on

2018-12-06 23:21:28 - [MESSAGE][PASSED] - Call Test Case 'Test Cases/Final Aug 2018 - PKS Automation/Registration Module/New Registration/Flow of New Registration/Third Screen - Upload Supporting Doc - Preview' successfully

2018-12-06 23:21:28 - [TEST_STEP][PASSED] - setText: Text 'Tester' is set on object 'Object Repository/Final Object Repo/New Registration - Registration Module Pages/New Reg - OTC to RO/Special Case - All Related Objects/Employer Preview Name'

2018-12-06 23:21:32 - [MESSAGE][PASSED] - Text 'Tester' is set on object 'Object Repository/Final Object Repo/New Registration - Registration Module Pages/New Reg - OTC to RO/Special Case - All Related Objects/Employer Preview Name'

2018-12-06 23:21:32 - [TEST_STEP][PASSED] - click: Object: 'Object Repository/Final Object Repo/New Registration - Registration Module Pages/New Reg - OTC to RO/Special Case - All Related Objects/IC Type Drop Down' is clicked on

2018-12-06 23:21:32 - [MESSAGE][PASSED] - Object: 'Object Repository/Final Object Repo/New Registration - Registration Module Pages/New Reg - OTC to RO/Special Case - All Related Objects/IC Type Drop Down' is clicked on

2018-12-06 23:21:32 - [TEST_STEP][PASSED] - click: Object: 'Object Repository/Final Object Repo/New Registration - Registration Module Pages/New Reg - OTC to RO/Special Case - All Related Objects/Select to NRIC' is clicked on

2018-12-06 23:21:33 - [MESSAGE][PASSED] - Object: 'Object Repository/Final Object Repo/New Registration - Registration Module Pages/New Reg - OTC to RO/Special Case - All Related Objects/Select to NRIC' is clicked on

2018-12-06 23:21:33 - [TEST_STEP][PASSED] - setText: Text '133245561223' is set on object 'Object Repository/Final Object Repo/New Registration - Registration Module Pages/New Reg - OTC to RO/Special Case - All Related Objects/IC Value'

2018-12-06 23:21:33 - [MESSAGE][PASSED] - Text '133245561223' is set on object 'Object Repository/Final Object Repo/New Registration - Registration Module Pages/New Reg - OTC to RO/Special Case - All Related Objects/IC Value'

2018-12-06 23:21:33 - [TEST_STEP][PASSED] - setText: Text 'Auto' is set on object 'Object Repository/Final Object Repo/New Registration - Registration Module Pages/New Reg - OTC to RO/Special Case - All Related Objects/Designation'

2018-12-06 23:21:33 - [MESSAGE][PASSED] - Text 'Auto' is set on object 'Object Repository/Final Object Repo/New Registration - Registration Module Pages/New Reg - OTC to RO/Special Case - All Related Objects/Designation'

2018-12-06 23:21:33 - [TEST_STEP][PASSED] - callTestCase: Call Test Case 'Test Cases/Final Aug 2018 - PKS Automation/Registration Module/New Registration/Submit and Screenshot/Submit Registration and Screenshot - Copy' successfully

2018-12-06 23:21:33 - [TEST_CASE][PASSED] - Test Cases/Final Aug 2018 - PKS Automation/Registration Module/New Registration/Submit and Screenshot/Submit Registration and Screenshot - Copy: Test Cases/Final Aug 2018 - PKS Automation/Registration Module/New Registration/Submit and Screenshot/Submit Registration and Screenshot - Copy

2018-12-06 23:21:33 - [TEST_STEP][PASSED] - delay: Delayed 6 second(s)

2018-12-06 23:21:39 - [MESSAGE][PASSED] - Delayed 6 second(s)

2018-12-06 23:21:39 - [TEST_STEP][PASSED] - click: Object: 'Object Repository/Final Object Repo/New Registration - Registration Module Pages/Third Screen - Upload Supporting Doc- Preview/Preview Submit Button' is clicked on

2018-12-06 23:21:39 - [MESSAGE][PASSED] - Object: 'Object Repository/Final Object Repo/New Registration - Registration Module Pages/Third Screen - Upload Supporting Doc- Preview/Preview Submit Button' is clicked on

2018-12-06 23:21:39 - [TEST_STEP][PASSED] - delay: Delayed 2 second(s)

2018-12-06 23:21:41 - [MESSAGE][PASSED] - Delayed 2 second(s)

2018-12-06 23:21:41 - [TEST_STEP][PASSED] - click: Object: 'Object Repository/Final Object Repo/New Registration - Registration Module Pages/Third Screen - Upload Supporting Doc- Preview/Preview Submit - Confirm' is clicked on

2018-12-06 23:21:41 - [MESSAGE][PASSED] - Object: 'Object Repository/Final Object Repo/New Registration - Registration Module Pages/Third Screen - Upload Supporting Doc- Preview/Preview Submit - Confirm' is clicked on

2018-12-06 23:21:41 - [TEST_STEP][PASSED] - delay: Delayed 15 second(s)

2018-12-06 23:21:56 - [MESSAGE][PASSED] - Delayed 15 second(s)

2018-12-06 23:21:56 - [TEST_STEP][PASSED] - Statement - driver = com.kms.katalon.core.webui.driver.DriverFactory.getWebDriver(): null

2018-12-06 23:21:56 - [TEST_STEP][PASSED] - Statement - driver.manage().timeouts().implicitlyWait(10, SECONDS): null

2018-12-06 23:21:56 - [TEST_STEP][PASSED] - Statement - PresavePath = KatalonScreenshots: null

2018-12-06 23:21:56 - [TEST_STEP][PASSED] - Statement - pathPrefix = "C:\Users\Public\Pictures\Sample Pictures\Katalon Screenshots\Automate Ending Screen": null

2018-12-06 23:21:56 - [TEST_STEP][PASSED] - Statement - finalPath = <not implemented yet for class: org.codehaus.groovy.ast.expr.EmptyExpression>: null

2018-12-06 23:21:56 - [TEST_STEP][PASSED] - Statement - scrFile = driver.getScreenshotAs(FILE): null

2018-12-06 23:21:57 - [TEST_STEP][PASSED] - Statement - PreSaveFile = new java.io.File(PresavePath): null

2018-12-06 23:21:57 - [TEST_STEP][PASSED] - Statement - counter = 0: null

2018-12-06 23:21:57 - [TEST_STEP][PASSED] - Statement - If (PreSaveFile.exists()): null

2018-12-06 23:21:57 - [TEST_STEP][PASSED] - Statement - While (PreSaveFile.exists()): null

2018-12-06 23:21:57 - [TEST_STEP][PASSED] - Statement - counter = counter + 1: null

2018-12-06 23:21:57 - [TEST_STEP][PASSED] - Statement - PreSaveFile = new java.io.File(((pathPrefix + java.lang.Integer.toString(counter)) + .png)): null

2018-12-06 23:21:57 - [TEST_STEP][PASSED] - Statement - counter = counter + 1: null

2018-12-06 23:21:57 - [TEST_STEP][PASSED] - Statement - PreSaveFile = new java.io.File(((pathPrefix + java.lang.Integer.toString(counter)) + .png)): null

2018-12-06 23:21:57 - [TEST_STEP][PASSED] - Statement - counter = counter + 1: null

2018-12-06 23:21:57 - [TEST_STEP][PASSED] - Statement - PreSaveFile = new java.io.File(((pathPrefix + java.lang.Integer.toString(counter)) + .png)): null

2018-12-06 23:21:57 - [TEST_STEP][PASSED] - Statement - counter = counter + 1: null

2018-12-06 23:21:57 - [TEST_STEP][PASSED] - Statement - PreSaveFile = new java.io.File(((pathPrefix + java.lang.Integer.toString(counter)) + .png)): null

2018-12-06 23:21:57 - [TEST_STEP][PASSED] - Statement - counter = counter + 1: null

2018-12-06 23:21:57 - [TEST_STEP][PASSED] - Statement - PreSaveFile = new java.io.File(((pathPrefix + java.lang.Integer.toString(counter)) + .png)): null

2018-12-06 23:21:57 - [TEST_STEP][PASSED] - Statement - counter = counter + 1: null

2018-12-06 23:21:57 - [TEST_STEP][PASSED] - Statement - PreSaveFile = new java.io.File(((pathPrefix + java.lang.Integer.toString(counter)) + .png)): null

2018-12-06 23:21:57 - [TEST_STEP][PASSED] - Statement - counter = counter + 1: null

2018-12-06 23:21:57 - [TEST_STEP][PASSED] - Statement - PreSaveFile = new java.io.File(((pathPrefix + java.lang.Integer.toString(counter)) + .png)): null

2018-12-06 23:21:57 - [TEST_STEP][PASSED] - Statement - counter = counter + 1: null

2018-12-06 23:21:57 - [TEST_STEP][PASSED] - Statement - PreSaveFile = new java.io.File(((pathPrefix + java.lang.Integer.toString(counter)) + .png)): null

2018-12-06 23:21:57 - [TEST_STEP][PASSED] - Statement - counter = counter + 1: null

2018-12-06 23:21:57 - [TEST_STEP][PASSED] - Statement - PreSaveFile = new java.io.File(((pathPrefix + java.lang.Integer.toString(counter)) + .png)): null

2018-12-06 23:21:57 - [TEST_STEP][PASSED] - Statement - counter = counter + 1: null

2018-12-06 23:21:57 - [TEST_STEP][PASSED] - Statement - PreSaveFile = new java.io.File(((pathPrefix + java.lang.Integer.toString(counter)) + .png)): null

2018-12-06 23:21:57 - [TEST_STEP][PASSED] - Statement - counter = counter + 1: null

2018-12-06 23:21:57 - [TEST_STEP][PASSED] - Statement - PreSaveFile = new java.io.File(((pathPrefix + java.lang.Integer.toString(counter)) + .png)): null

2018-12-06 23:21:57 - [TEST_STEP][PASSED] - Statement - counter = counter + 1: null

2018-12-06 23:21:57 - [TEST_STEP][PASSED] - Statement - PreSaveFile = new java.io.File(((pathPrefix + java.lang.Integer.toString(counter)) + .png)): null

2018-12-06 23:21:57 - [TEST_STEP][PASSED] - Statement - counter = counter + 1: null

2018-12-06 23:21:57 - [TEST_STEP][PASSED] - Statement - PreSaveFile = new java.io.File(((pathPrefix + java.lang.Integer.toString(counter)) + .png)): null

2018-12-06 23:21:57 - [TEST_STEP][PASSED] - Statement - counter = counter + 1: null

2018-12-06 23:21:57 - [TEST_STEP][PASSED] - Statement - PreSaveFile = new java.io.File(((pathPrefix + java.lang.Integer.toString(counter)) + .png)): null

2018-12-06 23:21:57 - [TEST_STEP][PASSED] - Statement - counter = counter + 1: null

2018-12-06 23:21:57 - [TEST_STEP][PASSED] - Statement - PreSaveFile = new java.io.File(((pathPrefix + java.lang.Integer.toString(counter)) + .png)): null

2018-12-06 23:21:57 - [TEST_STEP][PASSED] - Statement - counter = counter + 1: null

2018-12-06 23:21:57 - [TEST_STEP][PASSED] - Statement - PreSaveFile = new java.io.File(((pathPrefix + java.lang.Integer.toString(counter)) + .png)): null

2018-12-06 23:21:57 - [TEST_STEP][PASSED] - Statement - counter = counter + 1: null

2018-12-06 23:21:57 - [TEST_STEP][PASSED] - Statement - PreSaveFile = new java.io.File(((pathPrefix + java.lang.Integer.toString(counter)) + .png)): null

2018-12-06 23:21:57 - [TEST_STEP][PASSED] - Statement - counter = counter + 1: null

2018-12-06 23:21:57 - [TEST_STEP][PASSED] - Statement - PreSaveFile = new java.io.File(((pathPrefix + java.lang.Integer.toString(counter)) + .png)): null

2018-12-06 23:21:57 - [TEST_STEP][PASSED] - Statement - counter = counter + 1: null

2018-12-06 23:21:57 - [TEST_STEP][PASSED] - Statement - PreSaveFile = new java.io.File(((pathPrefix + java.lang.Integer.toString(counter)) + .png)): null

2018-12-06 23:21:57 - [TEST_STEP][PASSED] - Statement - counter = counter + 1: null

2018-12-06 23:21:57 - [TEST_STEP][PASSED] - Statement - PreSaveFile = new java.io.File(((pathPrefix + java.lang.Integer.toString(counter)) + .png)): null

2018-12-06 23:21:57 - [TEST_STEP][PASSED] - Statement - counter = counter + 1: null

2018-12-06 23:21:57 - [TEST_STEP][PASSED] - Statement - PreSaveFile = new java.io.File(((pathPrefix + java.lang.Integer.toString(counter)) + .png)): null

2018-12-06 23:21:57 - [TEST_STEP][PASSED] - Statement - counter = counter + 1: null

2018-12-06 23:21:57 - [TEST_STEP][PASSED] - Statement - PreSaveFile = new java.io.File(((pathPrefix + java.lang.Integer.toString(counter)) + .png)): null

2018-12-06 23:21:57 - [TEST_STEP][PASSED] - Statement - counter = counter + 1: null

2018-12-06 23:21:57 - [TEST_STEP][PASSED] - Statement - PreSaveFile = new java.io.File(((pathPrefix + java.lang.Integer.toString(counter)) + .png)): null

2018-12-06 23:21:57 - [TEST_STEP][PASSED] - Statement - counter = counter + 1: null

2018-12-06 23:21:57 - [TEST_STEP][PASSED] - Statement - PreSaveFile = new java.io.File(((pathPrefix + java.lang.Integer.toString(counter)) + .png)): null

2018-12-06 23:21:57 - [TEST_STEP][PASSED] - Statement - counter = counter + 1: null

2018-12-06 23:21:57 - [TEST_STEP][PASSED] - Statement - PreSaveFile = new java.io.File(((pathPrefix + java.lang.Integer.toString(counter)) + .png)): null

2018-12-06 23:21:57 - [TEST_STEP][PASSED] - Statement - counter = counter + 1: null

2018-12-06 23:21:57 - [TEST_STEP][PASSED] - Statement - PreSaveFile = new java.io.File(((pathPrefix + java.lang.Integer.toString(counter)) + .png)): null

2018-12-06 23:21:57 - [TEST_STEP][PASSED] - Statement - counter = counter + 1: null

2018-12-06 23:21:57 - [TEST_STEP][PASSED] - Statement - PreSaveFile = new java.io.File(((pathPrefix + java.lang.Integer.toString(counter)) + .png)): null

2018-12-06 23:21:57 - [TEST_STEP][PASSED] - Statement - counter = counter + 1: null

2018-12-06 23:21:57 - [TEST_STEP][PASSED] - Statement - PreSaveFile = new java.io.File(((pathPrefix + java.lang.Integer.toString(counter)) + .png)): null

2018-12-06 23:21:57 - [TEST_STEP][PASSED] - Statement - counter = counter + 1: null

2018-12-06 23:21:57 - [TEST_STEP][PASSED] - Statement - PreSaveFile = new java.io.File(((pathPrefix + java.lang.Integer.toString(counter)) + .png)): null

2018-12-06 23:21:57 - [TEST_STEP][PASSED] - Statement - counter = counter + 1: null

2018-12-06 23:21:57 - [TEST_STEP][PASSED] - Statement - PreSaveFile = new java.io.File(((pathPrefix + java.lang.Integer.toString(counter)) + .png)): null

2018-12-06 23:21:57 - [TEST_STEP][PASSED] - Statement - counter = counter + 1: null

2018-12-06 23:21:57 - [TEST_STEP][PASSED] - Statement - PreSaveFile = new java.io.File(((pathPrefix + java.lang.Integer.toString(counter)) + .png)): null

2018-12-06 23:21:57 - [TEST_STEP][PASSED] - Statement - counter = counter + 1: null

2018-12-06 23:21:57 - [TEST_STEP][PASSED] - Statement - PreSaveFile = new java.io.File(((pathPrefix + java.lang.Integer.toString(counter)) + .png)): null

2018-12-06 23:21:57 - [TEST_STEP][PASSED] - Statement - counter = counter + 1: null

2018-12-06 23:21:57 - [TEST_STEP][PASSED] - Statement - PreSaveFile = new java.io.File(((pathPrefix + java.lang.Integer.toString(counter)) + .png)): null

2018-12-06 23:21:57 - [TEST_STEP][PASSED] - Statement - counter = counter + 1: null

2018-12-06 23:21:57 - [TEST_STEP][PASSED] - Statement - PreSaveFile = new java.io.File(((pathPrefix + java.lang.Integer.toString(counter)) + .png)): null

2018-12-06 23:21:57 - [TEST_STEP][PASSED] - Statement - counter = counter + 1: null

2018-12-06 23:21:57 - [TEST_STEP][PASSED] - Statement - PreSaveFile = new java.io.File(((pathPrefix + java.lang.Integer.toString(counter)) + .png)): null

2018-12-06 23:21:57 - [TEST_STEP][PASSED] - Statement - counter = counter + 1: null

2018-12-06 23:21:57 - [TEST_STEP][PASSED] - Statement - PreSaveFile = new java.io.File(((pathPrefix + java.lang.Integer.toString(counter)) + .png)): null

2018-12-06 23:21:57 - [TEST_STEP][PASSED] - Statement - counter = counter + 1: null

2018-12-06 23:21:57 - [TEST_STEP][PASSED] - Statement - PreSaveFile = new java.io.File(((pathPrefix + java.lang.Integer.toString(counter)) + .png)): null

2018-12-06 23:21:57 - [TEST_STEP][PASSED] - Statement - counter = counter + 1: null

2018-12-06 23:21:57 - [TEST_STEP][PASSED] - Statement - PreSaveFile = new java.io.File(((pathPrefix + java.lang.Integer.toString(counter)) + .png)): null

2018-12-06 23:21:57 - [TEST_STEP][PASSED] - Statement - counter = counter + 1: null

2018-12-06 23:21:57 - [TEST_STEP][PASSED] - Statement - PreSaveFile = new java.io.File(((pathPrefix + java.lang.Integer.toString(counter)) + .png)): null

2018-12-06 23:21:57 - [TEST_STEP][PASSED] - Statement - counter = counter + 1: null

2018-12-06 23:21:57 - [TEST_STEP][PASSED] - Statement - PreSaveFile = new java.io.File(((pathPrefix + java.lang.Integer.toString(counter)) + .png)): null

2018-12-06 23:21:57 - [TEST_STEP][PASSED] - Statement - counter = counter + 1: null

2018-12-06 23:21:57 - [TEST_STEP][PASSED] - Statement - PreSaveFile = new java.io.File(((pathPrefix + java.lang.Integer.toString(counter)) + .png)): null

2018-12-06 23:21:57 - [TEST_STEP][PASSED] - Statement - counter = counter + 1: null

2018-12-06 23:21:57 - [TEST_STEP][PASSED] - Statement - PreSaveFile = new java.io.File(((pathPrefix + java.lang.Integer.toString(counter)) + .png)): null

2018-12-06 23:21:57 - [TEST_STEP][PASSED] - Statement - counter = counter + 1: null

2018-12-06 23:21:57 - [TEST_STEP][PASSED] - Statement - PreSaveFile = new java.io.File(((pathPrefix + java.lang.Integer.toString(counter)) + .png)): null

2018-12-06 23:21:57 - [TEST_STEP][PASSED] - Statement - counter = counter + 1: null

2018-12-06 23:21:57 - [TEST_STEP][PASSED] - Statement - PreSaveFile = new java.io.File(((pathPrefix + java.lang.Integer.toString(counter)) + .png)): null

2018-12-06 23:21:57 - [TEST_STEP][PASSED] - Statement - counter = counter + 1: null

2018-12-06 23:21:57 - [TEST_STEP][PASSED] - Statement - PreSaveFile = new java.io.File(((pathPrefix + java.lang.Integer.toString(counter)) + .png)): null

2018-12-06 23:21:57 - [TEST_STEP][PASSED] - Statement - counter = counter + 1: null

2018-12-06 23:21:57 - [TEST_STEP][PASSED] - Statement - PreSaveFile = new java.io.File(((pathPrefix + java.lang.Integer.toString(counter)) + .png)): null

2018-12-06 23:21:57 - [TEST_STEP][PASSED] - Statement - counter = counter + 1: null

2018-12-06 23:21:57 - [TEST_STEP][PASSED] - Statement - PreSaveFile = new java.io.File(((pathPrefix + java.lang.Integer.toString(counter)) + .png)): null

2018-12-06 23:21:57 - [TEST_STEP][PASSED] - Statement - counter = counter + 1: null

2018-12-06 23:21:57 - [TEST_STEP][PASSED] - Statement - PreSaveFile = new java.io.File(((pathPrefix + java.lang.Integer.toString(counter)) + .png)): null

2018-12-06 23:21:57 - [TEST_STEP][PASSED] - Statement - counter = counter + 1: null

2018-12-06 23:21:57 - [TEST_STEP][PASSED] - Statement - PreSaveFile = new java.io.File(((pathPrefix + java.lang.Integer.toString(counter)) + .png)): null

2018-12-06 23:21:57 - [TEST_STEP][PASSED] - Statement - counter = counter + 1: null

2018-12-06 23:21:57 - [TEST_STEP][PASSED] - Statement - PreSaveFile = new java.io.File(((pathPrefix + java.lang.Integer.toString(counter)) + .png)): null

2018-12-06 23:21:57 - [TEST_STEP][PASSED] - Statement - counter = counter + 1: null

2018-12-06 23:21:57 - [TEST_STEP][PASSED] - Statement - PreSaveFile = new java.io.File(((pathPrefix + java.lang.Integer.toString(counter)) + .png)): null

2018-12-06 23:21:57 - [TEST_STEP][PASSED] - Statement - counter = counter + 1: null

2018-12-06 23:21:57 - [TEST_STEP][PASSED] - Statement - PreSaveFile = new java.io.File(((pathPrefix + java.lang.Integer.toString(counter)) + .png)): null

2018-12-06 23:21:57 - [TEST_STEP][PASSED] - Statement - finalPath = pathPrefix + java.lang.Integer.toString(counter) + ".png": null

2018-12-06 23:21:57 - [TEST_STEP][PASSED] - Statement - SaveFile = new java.io.File(finalPath): null

2018-12-06 23:21:57 - [TEST_STEP][PASSED] - Statement - Try: null

2018-12-06 23:21:57 - [TEST_STEP][PASSED] - Statement - org.apache.commons.io.FileUtils.copyFile(scrFile, SaveFile): null

2018-12-06 23:21:57 - [TEST_STEP][PASSED] - Statement - out.println("file kept"): null

2018-12-06 23:21:57 - [TEST_STEP][PASSED] - delay: Delayed 10 second(s)

2018-12-06 23:22:07 - [MESSAGE][PASSED] - Delayed 10 second(s)

2018-12-06 23:22:07 - [MESSAGE][PASSED] - Call Test Case 'Test Cases/Final Aug 2018 - PKS Automation/Registration Module/New Registration/Submit and Screenshot/Submit Registration and Screenshot - Copy' successfully

2018-12-06 23:22:07 - [TEST_STEP][PASSED] - Statement - UpdateAddNewECode = com.kms.katalon.core.webui.keyword.WebUiBuiltInKeywords.getText(com.kms.katalon.core.testobject.ObjectRepository.findTestObject(Object Repository/Final Object Repo/Page_Update Add New Employee - ASSIST/getEmpCode)): Text of object 'Object Repository/Final Object Repo/Page_Update Add New Employee - ASSIST/getEmpCode' is: 'E1102070651M'

2018-12-06 23:22:07 - [MESSAGE][PASSED] - Text of object 'Object Repository/Final Object Repo/Page_Update Add New Employee - ASSIST/getEmpCode' is: 'E1102070651M'

2018-12-06 23:22:07 - [TEST_STEP][PASSED] - callTestCase: Call Test Case 'Test Cases/Final Aug 2018 - PKS Automation/Common/Emp Code Setter' successfully

2018-12-06 23:22:07 - [TEST_CASE][PASSED] - Test Cases/Final Aug 2018 - PKS Automation/Common/Emp Code Setter: Test Cases/Final Aug 2018 - PKS Automation/Common/Emp Code Setter

2018-12-06 23:22:07 - [TEST_STEP][PASSED] - Statement - EmpCodeOld = new java.io.File(C://Users//Admin//Desktop//PKS//Automation Reference Point//EmpCode.txt): null

2018-12-06 23:22:07 - [TEST_STEP][PASSED] - Statement - EmpCodeOld.delete(): null

2018-12-06 23:22:07 - [TEST_STEP][PASSED] - Statement - EmpCode = new java.io.File(C://Users//Admin//Desktop//PKS//Automation Reference Point//EmpCode.txt): null

2018-12-06 23:22:07 - [TEST_STEP][PASSED] - Statement - f2 = new java.io.FileWriter(EmpCode, false): null

2018-12-06 23:22:07 - [TEST_STEP][PASSED] - Statement - f2.write(UpdateAddNewECode): null

2018-12-06 23:22:07 - [TEST_STEP][PASSED] - Statement - f2.close(): null

2018-12-06 23:22:07 - [TEST_STEP][PASSED] - Statement - out.println("


" + UpdateAddNewECode + "


"): null

2018-12-06 23:22:07 - [MESSAGE][PASSED] - Call Test Case 'Test Cases/Final Aug 2018 - PKS Automation/Common/Emp Code Setter' successfully

2018-12-06 23:22:07 - [MESSAGE][PASSED] - Call Test Case 'Test Cases/Final Aug 2018 - PKS Automation/Registration Module/Workflow/Update Add New Employee/Template/New Company for Update Add New - Employer' successfully

2018-12-06 23:22:07 - [TEST_STEP][PASSED] - callTestCase: Call Test Case 'Test Cases/Final Aug 2018 - PKS Automation/Registration Module/Log Out/log out avoiding katalon tagging' successfully

2018-12-06 23:22:07 - [TEST_CASE][PASSED] - Test Cases/Final Aug 2018 - PKS Automation/Registration Module/Log Out/log out avoiding katalon tagging: Test Cases/Final Aug 2018 - PKS Automation/Registration Module/Log Out/log out avoiding katalon tagging

2018-12-06 23:22:07 - [TEST_STEP][PASSED] - navigateToUrl: Navigate to 'https://assist2-uat.perkeso.gov.my/c/portal/logout' successfully

2018-12-06 23:22:08 - [MESSAGE][PASSED] - Navigate to 'https://assist2-uat.perkeso.gov.my/c/portal/logout' successfully

2018-12-06 23:22:08 - [MESSAGE][PASSED] - Call Test Case 'Test Cases/Final Aug 2018 - PKS Automation/Registration Module/Log Out/log out avoiding katalon tagging' successfully

2018-12-06 23:22:08 - [TEST_STEP][PASSED] - callTestCase: Call Test Case 'Test Cases/Final Aug 2018 - PKS Automation/Registration Module/New Registration/Form 2/Date Updater' successfully

2018-12-06 23:22:08 - [TEST_CASE][PASSED] - Test Cases/Final Aug 2018 - PKS Automation/Registration Module/New Registration/Form 2/Date Updater: Test Cases/Final Aug 2018 - PKS Automation/Registration Module/New Registration/Form 2/Date Updater

2018-12-06 23:22:08 - [TEST_STEP][PASSED] - Statement - TodayDate = new java.util.Date(): null

2018-12-06 23:22:08 - [TEST_STEP][PASSED] - Statement - CurrentDateNoFilter = new java.text.SimpleDateFormat(): null

2018-12-06 23:22:08 - [TEST_STEP][PASSED] - Statement - CurrentDateNoFilter.applyPattern("MM"): null

2018-12-06 23:22:08 - [TEST_STEP][PASSED] - Statement - monthContainerMatcher = java.lang.Integer.parseInt(CurrentDateNoFilter.format(TodayDate)): null

2018-12-06 23:22:08 - [TEST_STEP][PASSED] - Statement - monthContainerMatcher = monthContainerMatcher - 1: null

2018-12-06 23:22:08 - [TEST_STEP][PASSED] - Statement - CurrentMonth = monthContainerMatcher.toString(): null

2018-12-06 23:22:08 - [TEST_STEP][PASSED] - Statement - CurrentMonth = CurrentMonth: null

2018-12-06 23:22:08 - [TEST_STEP][PASSED] - Statement - CurrentDateNoFilter.applyPattern("yyyy"): null

2018-12-06 23:22:08 - [TEST_STEP][PASSED] - Statement - CurrentYear = CurrentDateNoFilter.format(TodayDate): null

2018-12-06 23:22:08 - [TEST_STEP][PASSED] - Statement - CurrentYear = CurrentYear: null

2018-12-06 23:22:08 - [TEST_STEP][PASSED] - Statement - intCurrentYear = java.lang.Integer.parseInt(CurrentDateNoFilter.format(TodayDate)): null

2018-12-06 23:22:08 - [TEST_STEP][PASSED] - Statement - eighteenYrsAgo = intCurrentYear - 18: null

2018-12-06 23:22:08 - [TEST_STEP][PASSED] - Statement - eighteenYrsBeforeThisYr = eighteenYrsAgo.toString(): null

2018-12-06 23:22:08 - [TEST_STEP][PASSED] - Statement - EighteenYrsBefore = eighteenYrsBeforeThisYr: null

2018-12-06 23:22:08 - [TEST_STEP][PASSED] - Statement - fiftysevenYrsAgo = intCurrentYear - 57: null

2018-12-06 23:22:08 - [TEST_STEP][PASSED] - Statement - fiftysevenYrsBeforeThisYr = fiftysevenYrsAgo.toString(): null

2018-12-06 23:22:08 - [TEST_STEP][PASSED] - Statement - FiftysevenYrsBefore = fiftysevenYrsBeforeThisYr: null

2018-12-06 23:22:08 - [TEST_STEP][PASSED] - Statement - leapYear = false: null

2018-12-06 23:22:08 - [TEST_STEP][PASSED] - Statement - leapYear = intCurrentYear % 4 == 0: null

2018-12-06 23:22:08 - [TEST_STEP][PASSED] - Statement - CurrentDateNoFilter.applyPattern("dd"): null

2018-12-06 23:22:08 - [TEST_STEP][PASSED] - Statement - CurrentDate = CurrentDateNoFilter.format(TodayDate): null

2018-12-06 23:22:08 - [TEST_STEP][PASSED] - Statement - CurrentDate = java.lang.Integer.parseInt(CurrentDate): null

2018-12-06 23:22:08 - [TEST_STEP][PASSED] - Statement - CurrentDate = CurrentDate: null

2018-12-06 23:22:08 - [TEST_STEP][PASSED] - Statement - CurrentDay = java.lang.Integer.parseInt(CurrentDate): null

2018-12-06 23:22:08 - [TEST_STEP][PASSED] - Statement - ConfAdder = <not implemented yet for class: org.codehaus.groovy.ast.expr.EmptyExpression>: null

2018-12-06 23:22:08 - [TEST_STEP][PASSED] - Statement - out.println(CurrentMonth): null

2018-12-06 23:22:08 - [TEST_STEP][PASSED] - Statement - out.println(CurrentDate): null

2018-12-06 23:22:08 - [TEST_STEP][PASSED] - Statement - switch (CurrentDate): null

2018-12-06 23:22:08 - [TEST_STEP][PASSED] - Statement - Default: null

2018-12-06 23:22:08 - [TEST_STEP][PASSED] - Statement - ConfAdder = true: null

2018-12-06 23:22:08 - [TEST_STEP][PASSED] - Statement - Break: null

2018-12-06 23:22:08 - [TEST_STEP][PASSED] - Statement - aDayBefore = <not implemented yet for class: org.codehaus.groovy.ast.expr.EmptyExpression>: null

2018-12-06 23:22:08 - [TEST_STEP][PASSED] - Statement - out.println(ConfAdder): null

2018-12-06 23:22:08 - [TEST_STEP][PASSED] - Statement - If (ConfAdder == true): null

2018-12-06 23:22:08 - [TEST_STEP][PASSED] - Statement - aDayBefore = CurrentDay + 1: null

2018-12-06 23:22:08 - [TEST_STEP][PASSED] - Statement - out.println(aDayBefore): null

2018-12-06 23:22:08 - [TEST_STEP][PASSED] - Statement - If (aDayBefore == 1 && CurrentMonth == 11): null

2018-12-06 23:22:08 - [TEST_STEP][PASSED] - Statement - DayBefore = aDayBefore.toString(): null

2018-12-06 23:22:08 - [TEST_STEP][PASSED] - Statement - OneDayBefore = DayBefore: null

2018-12-06 23:22:08 - [MESSAGE][PASSED] - Call Test Case 'Test Cases/Final Aug 2018 - PKS Automation/Registration Module/New Registration/Form 2/Date Updater' successfully

2018-12-06 23:22:08 - [TEST_STEP][PASSED] - delay: Delayed 2 second(s)

2018-12-06 23:22:10 - [MESSAGE][PASSED] - Delayed 2 second(s)

2018-12-06 23:22:10 - [TEST_STEP][PASSED] - callTestCase: Call Test Case 'Test Cases/Final Aug 2018 - PKS Automation/Create Employer Acc/Login to Employer Account (Second time)' successfully

2018-12-06 23:22:10 - [TEST_CASE][PASSED] - Test Cases/Final Aug 2018 - PKS Automation/Create Employer Acc/Login to Employer Account (Second time): Test Cases/Final Aug 2018 - PKS Automation/Create Employer Acc/Login to Employer Account (Second time)

2018-12-06 23:22:10 - [TEST_STEP][PASSED] - openBrowser: Browser is opened with url: ''

2018-12-06 23:22:10 - [MESSAGE][WARNING] - A browser is already opened. Closing browser and opening a new one

2018-12-06 23:22:14 - [MESSAGE][PASSED] - Browser is opened with url: ''

2018-12-06 23:22:14 - [TEST_STEP][PASSED] - navigateToUrl: Navigate to 'https://assist2-uat.perkeso.gov.my/employer/login' successfully

2018-12-06 23:22:15 - [MESSAGE][PASSED] - Navigate to 'https://assist2-uat.perkeso.gov.my/employer/login' successfully

2018-12-06 23:22:15 - [TEST_STEP][PASSED] - delay: Delayed 3 second(s)

2018-12-06 23:22:18 - [MESSAGE][PASSED] - Delayed 3 second(s)

2018-12-06 23:22:18 - [TEST_STEP][PASSED] - callTestCase: Call Test Case 'Test Cases/Final Aug 2018 - PKS Automation/Create Employer Acc/Template/Employer Email Getter' successfully

2018-12-06 23:22:18 - [TEST_CASE][PASSED] - Test Cases/Final Aug 2018 - PKS Automation/Create Employer Acc/Template/Employer Email Getter: Test Cases/Final Aug 2018 - PKS Automation/Create Employer Acc/Template/Employer Email Getter

2018-12-06 23:22:18 - [TEST_STEP][PASSED] - Statement - Try: null

2018-12-06 23:22:18 - [TEST_STEP][PASSED] - Statement - EmpEmail = new java.io.File(C://Users//Admin//Desktop//PKS//Automation Reference Point//EmpEmail.txt): null

2018-12-06 23:22:18 - [TEST_STEP][PASSED] - Statement - bufferread = new java.io.BufferedReader(new java.io.FileReader(EmpEmail)): null

2018-12-06 23:22:18 - [TEST_STEP][PASSED] - Statement - readedVal = bufferread.readLine(): null

2018-12-06 23:22:18 - [TEST_STEP][PASSED] - Statement - out.println(readedVal): null

2018-12-06 23:22:18 - [TEST_STEP][PASSED] - Statement - Email = readedVal: null

2018-12-06 23:22:18 - [MESSAGE][PASSED] - Call Test Case 'Test Cases/Final Aug 2018 - PKS Automation/Create Employer Acc/Template/Employer Email Getter' successfully

2018-12-06 23:22:18 - [TEST_STEP][PASSED] - setText: Text 'perkeso658855926092@gmail.com' is set on object 'Object Repository/Final Object Repo/Login Page/External Login Page/Email'

2018-12-06 23:22:18 - [MESSAGE][PASSED] - Text 'perkeso658855926092@gmail.com' is set on object 'Object Repository/Final Object Repo/Login Page/External Login Page/Email'

2018-12-06 23:22:18 - [TEST_STEP][PASSED] - click: Object: 'Object Repository/Final Object Repo/Login Page/External Login Page/Next' is clicked on

2018-12-06 23:22:19 - [MESSAGE][PASSED] - Object: 'Object Repository/Final Object Repo/Login Page/External Login Page/Next' is clicked on

2018-12-06 23:22:19 - [TEST_STEP][PASSED] - delay: Delayed 3 second(s)

2018-12-06 23:22:22 - [MESSAGE][PASSED] - Delayed 3 second(s)

2018-12-06 23:22:22 - [TEST_STEP][PASSED] - setEncryptedText: Text ****** has been set on object 'Object Repository/Final Object Repo/Login Page/External Login Page/Password'

2018-12-06 23:22:22 - [MESSAGE][PASSED] - Text ****** has been set on object 'Object Repository/Final Object Repo/Login Page/External Login Page/Password'

2018-12-06 23:22:22 - [TEST_STEP][PASSED] - click: Object: 'Object Repository/Final Object Repo/Login Page/External Login Page/Login' is clicked on

2018-12-06 23:22:22 - [MESSAGE][PASSED] - Object: 'Object Repository/Final Object Repo/Login Page/External Login Page/Login' is clicked on

2018-12-06 23:22:22 - [TEST_STEP][PASSED] - delay: Delayed 5 second(s)

2018-12-06 23:22:27 - [MESSAGE][PASSED] - Delayed 5 second(s)

2018-12-06 23:22:27 - [MESSAGE][PASSED] - Call Test Case 'Test Cases/Final Aug 2018 - PKS Automation/Create Employer Acc/Login to Employer Account (Second time)' successfully

2018-12-06 23:22:27 - [TEST_STEP][PASSED] - delay: Delayed 4 second(s)

2018-12-06 23:22:31 - [MESSAGE][PASSED] - Delayed 4 second(s)

2018-12-06 23:22:31 - [TEST_STEP][PASSED] - Statement - Try: Delayed 2 second(s)

2018-12-06 23:22:31 - [TEST_STEP][PASSED] - Statement - Checker = false: null

2018-12-06 23:22:31 - [TEST_STEP][PASSED] - Statement - Checker = com.kms.katalon.core.webui.keyword.WebUiBuiltInKeywords.verifyElementHasAttribute(com.kms.katalon.core.testobject.ObjectRepository.findTestObject(Final Object Repo/Landing Page/BM Detecting), "href", 20, OPTIONAL): Object 'Object Repository/Final Object Repo/Landing Page/BM Detecting' has attribute 'href'

2018-12-06 23:22:31 - [MESSAGE][PASSED] - Object 'Object Repository/Final Object Repo/Landing Page/BM Detecting' has attribute 'href'

2018-12-06 23:22:31 - [TEST_STEP][PASSED] - Statement - out.println(Checker): null

2018-12-06 23:22:31 - [TEST_STEP][PASSED] - Statement - If (Checker == false): null

2018-12-06 23:22:31 - [TEST_STEP][PASSED] - Statement - Else: null

2018-12-06 23:22:31 - [TEST_STEP][PASSED] - delay: Delayed 2 second(s)

2018-12-06 23:22:33 - [MESSAGE][PASSED] - Delayed 2 second(s)

2018-12-06 23:22:33 - [TEST_STEP][PASSED] - delay: Delayed 4 second(s)

2018-12-06 23:22:37 - [MESSAGE][PASSED] - Delayed 4 second(s)

2018-12-06 23:22:37 - [TEST_STEP][PASSED] - click: Object: 'Object Repository/Final Object Repo/Page_Update Add New Employee - ASSIST/My Sites Drop Down' is clicked on

2018-12-06 23:22:37 - [MESSAGE][PASSED] - Object: 'Object Repository/Final Object Repo/Page_Update Add New Employee - ASSIST/My Sites Drop Down' is clicked on

2018-12-06 23:22:37 - [TEST_STEP][PASSED] - click: Object: 'Object Repository/Final Object Repo/Page_Update Add New Employee - ASSIST/Select to Registration Module' is clicked on

2018-12-06 23:22:42 - [MESSAGE][PASSED] - Object: 'Object Repository/Final Object Repo/Page_Update Add New Employee - ASSIST/Select to Registration Module' is clicked on

2018-12-06 23:22:42 - [TEST_STEP][PASSED] - navigateToUrl: Navigate to 'https://assist2-uat.perkeso.gov.my/web/registration/myassist' successfully

2018-12-06 23:22:46 - [MESSAGE][PASSED] - Navigate to 'https://assist2-uat.perkeso.gov.my/web/registration/myassist' successfully

2018-12-06 23:22:46 - [TEST_STEP][PASSED] - mouseOver: Object: 'Object Repository/Final Object Repo/Page_Update Add New Employee - ASSIST/Select to Update Akta 4 Tab' is hovered

2018-12-06 23:22:46 - [MESSAGE][PASSED] - Object: 'Object Repository/Final Object Repo/Page_Update Add New Employee - ASSIST/Select to Update Akta 4 Tab' is hovered

2018-12-06 23:22:46 - [TEST_STEP][PASSED] - delay: Delayed 2 second(s)

2018-12-06 23:22:48 - [MESSAGE][PASSED] - Delayed 2 second(s)

2018-12-06 23:22:48 - [TEST_STEP][PASSED] - click: Object: 'Object Repository/Final Object Repo/Page_Update Add New Employee - ASSIST/Select to Update Add New Employee' is clicked on

2018-12-06 23:22:49 - [MESSAGE][PASSED] - Object: 'Object Repository/Final Object Repo/Page_Update Add New Employee - ASSIST/Select to Update Add New Employee' is clicked on

2018-12-06 23:22:49 - [TEST_STEP][PASSED] - delay: Delayed 2 second(s)

2018-12-06 23:22:51 - [MESSAGE][PASSED] - Delayed 2 second(s)

2018-12-06 23:22:51 - [TEST_STEP][PASSED] - setText: Text 'E1102070651M' is set on object 'Object Repository/Final Object Repo/Page_Update Add New Employee - ASSIST/Employer Code input textbox'

2018-12-06 23:22:51 - [MESSAGE][PASSED] - Text 'E1102070651M' is set on object 'Object Repository/Final Object Repo/Page_Update Add New Employee - ASSIST/Employer Code input textbox'

2018-12-06 23:22:51 - [TEST_STEP][PASSED] - delay: Delayed 2 second(s)

2018-12-06 23:22:53 - [MESSAGE][PASSED] - Delayed 2 second(s)

2018-12-06 23:22:53 - [TEST_STEP][PASSED] - click: Object: 'Object Repository/Final Object Repo/Page_Update Add New Employee - ASSIST/Search Button for Employer Code' is clicked on

2018-12-06 23:22:53 - [MESSAGE][PASSED] - Object: 'Object Repository/Final Object Repo/Page_Update Add New Employee - ASSIST/Search Button for Employer Code' is clicked on

2018-12-06 23:22:53 - [TEST_STEP][PASSED] - delay: Delayed 4 second(s)

2018-12-06 23:22:57 - [MESSAGE][PASSED] - Delayed 4 second(s)

2018-12-06 23:22:57 - [TEST_STEP][PASSED] - click: Object: 'Object Repository/Final Object Repo/Page_Update Add New Employee - ASSIST/Click to Edit Case' is clicked on

2018-12-06 23:23:00 - [MESSAGE][PASSED] - Object: 'Object Repository/Final Object Repo/Page_Update Add New Employee - ASSIST/Click to Edit Case' is clicked on

2018-12-06 23:23:00 - [TEST_STEP][PASSED] - callTestCase: Call Test Case 'Test Cases/Final Aug 2018 - PKS Automation/Registration Module/Workflow/Update Add New Employee/Template/Employee Adding/Employee Adding Action liability date change - Employer Access' successfully

2018-12-06 23:23:00 - [TEST_CASE][PASSED] - Test Cases/Final Aug 2018 - PKS Automation/Registration Module/Workflow/Update Add New Employee/Template/Employee Adding/Employee Adding Action liability date change - Employer Access: Test Cases/Final Aug 2018 - PKS Automation/Registration Module/Workflow/Update Add New Employee/Template/Employee Adding/Employee Adding Action liability date change - Employer Access

2018-12-06 23:23:00 - [TEST_STEP][PASSED] - delay: Delayed 4 second(s)

2018-12-06 23:23:04 - [MESSAGE][PASSED] - Delayed 4 second(s)

2018-12-06 23:23:04 - [TEST_STEP][PASSED] - click: Object: 'Object Repository/Final Object Repo/Page_Update Add New Employee - ASSIST/Add Employee Button' is clicked on

2018-12-06 23:23:04 - [MESSAGE][PASSED] - Object: 'Object Repository/Final Object Repo/Page_Update Add New Employee - ASSIST/Add Employee Button' is clicked on

2018-12-06 23:23:04 - [TEST_STEP][PASSED] - delay: Delayed 3 second(s)

2018-12-06 23:23:07 - [MESSAGE][PASSED] - Delayed 3 second(s)

2018-12-06 23:23:07 - [TEST_STEP][PASSED] - setText: Text '830081009219' is set on object 'Object Repository/Final Object Repo/Page_Update Add New Employee - ASSIST/NRIC Input'

2018-12-06 23:23:07 - [MESSAGE][PASSED] - Text '830081009219' is set on object 'Object Repository/Final Object Repo/Page_Update Add New Employee - ASSIST/NRIC Input'

2018-12-06 23:23:07 - [TEST_STEP][PASSED] - delay: Delayed 2 second(s)

2018-12-06 23:23:09 - [MESSAGE][PASSED] - Delayed 2 second(s)

2018-12-06 23:23:09 - [TEST_STEP][PASSED] - setText: Text 'Automate002 Employee eligible 1' is set on object 'Object Repository/Final Object Repo/Page_Update Add New Employee - ASSIST/Employee Name Input'

2018-12-06 23:23:10 - [MESSAGE][PASSED] - Text 'Automate002 Employee eligible 1' is set on object 'Object Repository/Final Object Repo/Page_Update Add New Employee - ASSIST/Employee Name Input'

2018-12-06 23:23:10 - [TEST_STEP][PASSED] - delay: Delayed 2 second(s)

2018-12-06 23:23:12 - [MESSAGE][PASSED] - Delayed 2 second(s)

2018-12-06 23:23:12 - [TEST_STEP][PASSED] - click: Object: 'Object Repository/Final Object Repo/Page_Update Add New Employee - ASSIST/DatePicker Pop Up' is clicked on

2018-12-06 23:23:12 - [MESSAGE][PASSED] - Object: 'Object Repository/Final Object Repo/Page_Update Add New Employee - ASSIST/DatePicker Pop Up' is clicked on

2018-12-06 23:23:12 - [TEST_STEP][PASSED] - click: Object: 'Object Repository/Final Object Repo/Page_Update Add New Employee - ASSIST/DOB Month' is clicked on

2018-12-06 23:23:12 - [MESSAGE][PASSED] - Object: 'Object Repository/Final Object Repo/Page_Update Add New Employee - ASSIST/DOB Month' is clicked on

2018-12-06 23:23:12 - [TEST_STEP][PASSED] - Statement - CurrentMonth = CurrentMonth: null

2018-12-06 23:23:12 - [TEST_STEP][PASSED] - Statement - selectMonth = new com.kms.katalon.core.testobject.TestObject(): null

2018-12-06 23:23:12 - [TEST_STEP][PASSED] - Statement - selectMonth.addProperty("xpath", EQUALS, "//body/div/div/div/select/option[@value='" + CurrentMonth + "']", true): null

2018-12-06 23:23:12 - [TEST_STEP][PASSED] - click: Object: '' is clicked on

2018-12-06 23:23:12 - [MESSAGE][PASSED] - Object: '' is clicked on

2018-12-06 23:23:12 - [TEST_STEP][PASSED] - click: Object: 'Object Repository/Final Object Repo/Page_Update Add New Employee - ASSIST/DOB Year' is clicked on

2018-12-06 23:23:12 - [MESSAGE][PASSED] - Object: 'Object Repository/Final Object Repo/Page_Update Add New Employee - ASSIST/DOB Year' is clicked on

2018-12-06 23:23:12 - [TEST_STEP][PASSED] - Statement - Eyearsbf = EighteenYrsBefore: null

2018-12-06 23:23:12 - [TEST_STEP][PASSED] - Statement - selectYear = new com.kms.katalon.core.testobject.TestObject(): null

2018-12-06 23:23:12 - [TEST_STEP][PASSED] - Statement - selectYear.addProperty("xpath", EQUALS, "//div/div/div/select/option[@value='" + Eyearsbf + "']", true): null

2018-12-06 23:23:12 - [TEST_STEP][PASSED] - click: Object: '' is clicked on

2018-12-06 23:23:13 - [MESSAGE][PASSED] - Object: '' is clicked on

2018-12-06 23:23:13 - [TEST_STEP][PASSED] - Statement - UpdatedSelectDate = com.kms.katalon.core.webui.keyword.WebUiBuiltInKeywords.modifyObjectProperty(com.kms.katalon.core.testobject.ObjectRepository.findTestObject(Final Object Repo/Page_Update Add New Employee - ASSIST/DOB Date), "xpath", "equals", "//body/div/table/tbody/tr/td/a[text()="" + CurrentDate + ""]", true): Modify property of object successfully

2018-12-06 23:23:13 - [MESSAGE][PASSED] - Modify property of object successfully

2018-12-06 23:23:13 - [TEST_STEP][PASSED] - delay: Delayed 3 second(s)

2018-12-06 23:23:16 - [MESSAGE][PASSED] - Delayed 3 second(s)

2018-12-06 23:23:16 - [TEST_STEP][PASSED] - click: Object: 'Object Repository/Final Object Repo/Page_Update Add New Employee - ASSIST/DOB Date' is clicked on

2018-12-06 23:23:16 - [MESSAGE][PASSED] - Object: 'Object Repository/Final Object Repo/Page_Update Add New Employee - ASSIST/DOB Date' is clicked on

2018-12-06 23:23:16 - [TEST_STEP][PASSED] - delay: Delayed 2 second(s)

2018-12-06 23:23:18 - [MESSAGE][PASSED] - Delayed 2 second(s)

2018-12-06 23:23:18 - [TEST_STEP][PASSED] - click: Object: 'Object Repository/Final Object Repo/Page_Update Add New Employee - ASSIST/EmploymentStartDate Pop Up' is clicked on

2018-12-06 23:23:18 - [MESSAGE][PASSED] - Object: 'Object Repository/Final Object Repo/Page_Update Add New Employee - ASSIST/EmploymentStartDate Pop Up' is clicked on

2018-12-06 23:23:18 - [TEST_STEP][PASSED] - delay: Delayed 2 second(s)

2018-12-06 23:23:20 - [MESSAGE][PASSED] - Delayed 2 second(s)

2018-12-06 23:23:20 - [TEST_STEP][PASSED] - click: Object: 'Object Repository/Final Object Repo/Page_Update Add New Employee - ASSIST/Socso Employment StartDate Month' is clicked on

2018-12-06 23:23:20 - [MESSAGE][PASSED] - Object: 'Object Repository/Final Object Repo/Page_Update Add New Employee - ASSIST/Socso Employment StartDate Month' is clicked on

2018-12-06 23:23:20 - [TEST_STEP][PASSED] - delay: Delayed 1 second(s)

2018-12-06 23:23:21 - [MESSAGE][PASSED] - Delayed 1 second(s)

2018-12-06 23:23:21 - [TEST_STEP][PASSED] - click: Object: 'Object Repository/Final Object Repo/Page_Update Add New Employee - ASSIST/Select Socso Employement Startdate Month' is clicked on

2018-12-06 23:23:21 - [MESSAGE][PASSED] - Object: 'Object Repository/Final Object Repo/Page_Update Add New Employee - ASSIST/Select Socso Employement Startdate Month' is clicked on

2018-12-06 23:23:21 - [TEST_STEP][PASSED] - delay: Delayed 2 second(s)

2018-12-06 23:23:23 - [MESSAGE][PASSED] - Delayed 2 second(s)

2018-12-06 23:23:23 - [TEST_STEP][PASSED] - click: Object: 'Object Repository/Final Object Repo/Page_Update Add New Employee - ASSIST/Socso Employment StartDate Year' is clicked on

2018-12-06 23:23:23 - [MESSAGE][PASSED] - Object: 'Object Repository/Final Object Repo/Page_Update Add New Employee - ASSIST/Socso Employment StartDate Year' is clicked on

2018-12-06 23:23:23 - [TEST_STEP][PASSED] - delay: Delayed 1 second(s)

2018-12-06 23:23:24 - [MESSAGE][PASSED] - Delayed 1 second(s)

2018-12-06 23:23:24 - [TEST_STEP][PASSED] - click: Object: 'Object Repository/Final Object Repo/Page_Update Add New Employee - ASSIST/Select Socso Employment Startdate Year - Emp Update Add New' is clicked on

2018-12-06 23:23:25 - [MESSAGE][PASSED] - Object: 'Object Repository/Final Object Repo/Page_Update Add New Employee - ASSIST/Select Socso Employment Startdate Year - Emp Update Add New' is clicked on

2018-12-06 23:23:25 - [TEST_STEP][PASSED] - delay: Delayed 2 second(s)

2018-12-06 23:23:27 - [MESSAGE][PASSED] - Delayed 2 second(s)

2018-12-06 23:23:27 - [TEST_STEP][PASSED] - click: Object: 'Object Repository/Final Object Repo/Page_Update Add New Employee - ASSIST/Socso Employment Start Date Day' is clicked on

2018-12-06 23:23:27 - [MESSAGE][PASSED] - Object: 'Object Repository/Final Object Repo/Page_Update Add New Employee - ASSIST/Socso Employment Start Date Day' is clicked on

2018-12-06 23:23:27 - [TEST_STEP][PASSED] - delay: Delayed 2 second(s)

2018-12-06 23:23:29 - [MESSAGE][PASSED] - Delayed 2 second(s)

2018-12-06 23:23:29 - [TEST_STEP][PASSED] - click: Object: 'Object Repository/Final Object Repo/Page_Update Add New Employee - ASSIST/Save Button for Add Employee' is clicked on

2018-12-06 23:23:29 - [MESSAGE][PASSED] - Object: 'Object Repository/Final Object Repo/Page_Update Add New Employee - ASSIST/Save Button for Add Employee' is clicked on

2018-12-06 23:23:29 - [MESSAGE][PASSED] - Call Test Case 'Test Cases/Final Aug 2018 - PKS Automation/Registration Module/Workflow/Update Add New Employee/Template/Employee Adding/Employee Adding Action liability date change - Employer Access' successfully

2018-12-06 23:23:29 - [TEST_STEP][PASSED] - delay: Delayed 4 second(s)

2018-12-06 23:23:33 - [MESSAGE][PASSED] - Delayed 4 second(s)

2018-12-06 23:23:33 - [TEST_STEP][PASSED] - Statement - CaseReferenceNo = com.kms.katalon.core.webui.keyword.WebUiBuiltInKeywords.getText(com.kms.katalon.core.testobject.ObjectRepository.findTestObject(Final Object Repo/Page_Update Add New Employee - ASSIST/RefNo)): Text of object 'Object Repository/Final Object Repo/Page_Update Add New Employee - ASSIST/RefNo' is: 'CAN12201800002268'

2018-12-06 23:23:33 - [MESSAGE][PASSED] - Text of object 'Object Repository/Final Object Repo/Page_Update Add New Employee - ASSIST/RefNo' is: 'CAN12201800002268'

2018-12-06 23:23:33 - [TEST_STEP][PASSED] - callTestCase: Call Test Case 'Test Cases/Final Aug 2018 - PKS Automation/Common/Reference Number Setter' successfully

2018-12-06 23:23:33 - [TEST_CASE][PASSED] - Test Cases/Final Aug 2018 - PKS Automation/Common/Reference Number Setter: Test Cases/Final Aug 2018 - PKS Automation/Common/Reference Number Setter

2018-12-06 23:23:33 - [TEST_STEP][PASSED] - Statement - RefNoOldFile = new java.io.File(C://Users//Admin//Desktop//PKS//Automation Reference Point//KatalonReference.txt): null

2018-12-06 23:23:33 - [TEST_STEP][PASSED] - Statement - RefNoOldFile.delete(): null

2018-12-06 23:23:33 - [TEST_STEP][PASSED] - delay: Delayed 5 second(s)

2018-12-06 23:23:38 - [MESSAGE][PASSED] - Delayed 5 second(s)

2018-12-06 23:23:38 - [TEST_STEP][PASSED] - Statement - RefNo = new java.io.File(C://Users//Admin//Desktop//PKS//Automation Reference Point//KatalonReference.txt): null

2018-12-06 23:23:38 - [TEST_STEP][PASSED] - Statement - f2 = new java.io.FileWriter(RefNo, false): null

2018-12-06 23:23:38 - [TEST_STEP][PASSED] - Statement - f2.write(CaseReferenceNo): null

2018-12-06 23:23:38 - [TEST_STEP][PASSED] - Statement - f2.close(): null

2018-12-06 23:23:38 - [TEST_STEP][PASSED] - Statement - out.println("


" + CaseReferenceNo + "


"): null

2018-12-06 23:23:38 - [MESSAGE][PASSED] - Call Test Case 'Test Cases/Final Aug 2018 - PKS Automation/Common/Reference Number Setter' successfully

2018-12-06 23:23:38 - [TEST_STEP][PASSED] - delay: Delayed 5 second(s)

2018-12-06 23:23:43 - [MESSAGE][PASSED] - Delayed 5 second(s)

2018-12-06 23:23:43 - [TEST_STEP][PASSED] - click: Object: 'Object Repository/Final Object Repo/Page_Update Add New Employee - ASSIST/Save  Continue Button' is clicked on

2018-12-06 23:23:43 - [MESSAGE][PASSED] - Object: 'Object Repository/Final Object Repo/Page_Update Add New Employee - ASSIST/Save  Continue Button' is clicked on

2018-12-06 23:23:43 - [TEST_STEP][PASSED] - delay: Delayed 5 second(s)

2018-12-06 23:23:48 - [MESSAGE][PASSED] - Delayed 5 second(s)

2018-12-06 23:23:48 - [TEST_STEP][PASSED] - click: Object: 'Object Repository/Final Object Repo/Page_Update Add New Employee - ASSIST/Save  Continue Third Screen' is clicked on

2018-12-06 23:23:51 - [MESSAGE][PASSED] - Object: 'Object Repository/Final Object Repo/Page_Update Add New Employee - ASSIST/Save  Continue Third Screen' is clicked on

2018-12-06 23:23:51 - [TEST_STEP][PASSED] - delay: Delayed 4 second(s)

2018-12-06 23:23:55 - [MESSAGE][PASSED] - Delayed 4 second(s)

2018-12-06 23:23:55 - [TEST_STEP][PASSED] - click: Object: 'Object Repository/Final Object Repo/Page_Update Add New Employee - ASSIST/Save   Continue Supporting Doc Page' is clicked on

2018-12-06 23:23:55 - [MESSAGE][PASSED] - Object: 'Object Repository/Final Object Repo/Page_Update Add New Employee - ASSIST/Save   Continue Supporting Doc Page' is clicked on

2018-12-06 23:23:55 - [TEST_STEP][PASSED] - delay: Delayed 4 second(s)

2018-12-06 23:23:59 - [MESSAGE][PASSED] - Delayed 4 second(s)

2018-12-06 23:23:59 - [TEST_STEP][PASSED] - click: Object: 'Object Repository/Final Object Repo/Page_Update Add New Employee - ASSIST/Submit Button' is clicked on

2018-12-06 23:24:00 - [MESSAGE][PASSED] - Object: 'Object Repository/Final Object Repo/Page_Update Add New Employee - ASSIST/Submit Button' is clicked on

2018-12-06 23:24:00 - [TEST_STEP][PASSED] - delay: Delayed 4 second(s)

2018-12-06 23:24:04 - [MESSAGE][PASSED] - Delayed 4 second(s)

2018-12-06 23:24:04 - [TEST_STEP][PASSED] - click: Object: 'Object Repository/Final Object Repo/Page_Update Add New Employee - ASSIST/Confirm Submit Button' is clicked on

2018-12-06 23:24:04 - [MESSAGE][PASSED] - Object: 'Object Repository/Final Object Repo/Page_Update Add New Employee - ASSIST/Confirm Submit Button' is clicked on

2018-12-06 23:24:04 - [TEST_STEP][PASSED] - delay: Delayed 30 second(s)

2018-12-06 23:24:34 - [MESSAGE][PASSED] - Delayed 30 second(s)

2018-12-06 23:24:34 - [TEST_STEP][PASSED] - callTestCase: Call Test Case 'Test Cases/Final Aug 2018 - PKS Automation/Common/Screenshoting tool' successfully

2018-12-06 23:24:34 - [TEST_CASE][PASSED] - Test Cases/Final Aug 2018 - PKS Automation/Common/Screenshoting tool: Test Cases/Final Aug 2018 - PKS Automation/Common/Screenshoting tool

2018-12-06 23:24:34 - [TEST_STEP][PASSED] - delay: Delayed 15 second(s)

2018-12-06 23:24:49 - [MESSAGE][PASSED] - Delayed 15 second(s)

2018-12-06 23:24:49 - [TEST_STEP][PASSED] - Statement - driver = com.kms.katalon.core.webui.driver.DriverFactory.getWebDriver(): null

2018-12-06 23:24:49 - [TEST_STEP][PASSED] - Statement - driver.manage().timeouts().implicitlyWait(10, SECONDS): null

2018-12-06 23:24:49 - [TEST_STEP][PASSED] - Statement - PresavePath = KatalonScreenshots: null

2018-12-06 23:24:49 - [TEST_STEP][PASSED] - Statement - pathPrefix = "C:\Users\Public\Pictures\Sample Pictures\Katalon Screenshots\Automate Ending Screen": null

2018-12-06 23:24:49 - [TEST_STEP][PASSED] - Statement - finalPath = <not implemented yet for class: org.codehaus.groovy.ast.expr.EmptyExpression>: null

2018-12-06 23:24:49 - [TEST_STEP][PASSED] - Statement - scrFile = driver.getScreenshotAs(FILE): null

2018-12-06 23:24:49 - [TEST_STEP][PASSED] - Statement - PreSaveFile = new java.io.File(PresavePath): null

2018-12-06 23:24:49 - [TEST_STEP][PASSED] - Statement - counter = 0: null

2018-12-06 23:24:49 - [TEST_STEP][PASSED] - Statement - If (PreSaveFile.exists()): null

2018-12-06 23:24:49 - [TEST_STEP][PASSED] - Statement - While (PreSaveFile.exists()): null

2018-12-06 23:24:49 - [TEST_STEP][PASSED] - Statement - counter = counter + 1: null

2018-12-06 23:24:49 - [TEST_STEP][PASSED] - Statement - PreSaveFile = new java.io.File(((pathPrefix + java.lang.Integer.toString(counter)) + .png)): null

2018-12-06 23:24:49 - [TEST_STEP][PASSED] - Statement - counter = counter + 1: null

2018-12-06 23:24:49 - [TEST_STEP][PASSED] - Statement - PreSaveFile = new java.io.File(((pathPrefix + java.lang.Integer.toString(counter)) + .png)): null

2018-12-06 23:24:49 - [TEST_STEP][PASSED] - Statement - counter = counter + 1: null

2018-12-06 23:24:49 - [TEST_STEP][PASSED] - Statement - PreSaveFile = new java.io.File(((pathPrefix + java.lang.Integer.toString(counter)) + .png)): null

2018-12-06 23:24:49 - [TEST_STEP][PASSED] - Statement - counter = counter + 1: null

2018-12-06 23:24:49 - [TEST_STEP][PASSED] - Statement - PreSaveFile = new java.io.File(((pathPrefix + java.lang.Integer.toString(counter)) + .png)): null

2018-12-06 23:24:49 - [TEST_STEP][PASSED] - Statement - counter = counter + 1: null

2018-12-06 23:24:49 - [TEST_STEP][PASSED] - Statement - PreSaveFile = new java.io.File(((pathPrefix + java.lang.Integer.toString(counter)) + .png)): null

2018-12-06 23:24:49 - [TEST_STEP][PASSED] - Statement - counter = counter + 1: null

2018-12-06 23:24:49 - [TEST_STEP][PASSED] - Statement - PreSaveFile = new java.io.File(((pathPrefix + java.lang.Integer.toString(counter)) + .png)): null

2018-12-06 23:24:49 - [TEST_STEP][PASSED] - Statement - counter = counter + 1: null

2018-12-06 23:24:49 - [TEST_STEP][PASSED] - Statement - PreSaveFile = new java.io.File(((pathPrefix + java.lang.Integer.toString(counter)) + .png)): null

2018-12-06 23:24:49 - [TEST_STEP][PASSED] - Statement - counter = counter + 1: null

2018-12-06 23:24:49 - [TEST_STEP][PASSED] - Statement - PreSaveFile = new java.io.File(((pathPrefix + java.lang.Integer.toString(counter)) + .png)): null

2018-12-06 23:24:49 - [TEST_STEP][PASSED] - Statement - counter = counter + 1: null

2018-12-06 23:24:49 - [TEST_STEP][PASSED] - Statement - PreSaveFile = new java.io.File(((pathPrefix + java.lang.Integer.toString(counter)) + .png)): null

2018-12-06 23:24:49 - [TEST_STEP][PASSED] - Statement - counter = counter + 1: null

2018-12-06 23:24:49 - [TEST_STEP][PASSED] - Statement - PreSaveFile = new java.io.File(((pathPrefix + java.lang.Integer.toString(counter)) + .png)): null

2018-12-06 23:24:49 - [TEST_STEP][PASSED] - Statement - counter = counter + 1: null

2018-12-06 23:24:49 - [TEST_STEP][PASSED] - Statement - PreSaveFile = new java.io.File(((pathPrefix + java.lang.Integer.toString(counter)) + .png)): null

2018-12-06 23:24:49 - [TEST_STEP][PASSED] - Statement - counter = counter + 1: null

2018-12-06 23:24:49 - [TEST_STEP][PASSED] - Statement - PreSaveFile = new java.io.File(((pathPrefix + java.lang.Integer.toString(counter)) + .png)): null

2018-12-06 23:24:49 - [TEST_STEP][PASSED] - Statement - counter = counter + 1: null

2018-12-06 23:24:49 - [TEST_STEP][PASSED] - Statement - PreSaveFile = new java.io.File(((pathPrefix + java.lang.Integer.toString(counter)) + .png)): null

2018-12-06 23:24:49 - [TEST_STEP][PASSED] - Statement - counter = counter + 1: null

2018-12-06 23:24:49 - [TEST_STEP][PASSED] - Statement - PreSaveFile = new java.io.File(((pathPrefix + java.lang.Integer.toString(counter)) + .png)): null

2018-12-06 23:24:49 - [TEST_STEP][PASSED] - Statement - counter = counter + 1: null

2018-12-06 23:24:49 - [TEST_STEP][PASSED] - Statement - PreSaveFile = new java.io.File(((pathPrefix + java.lang.Integer.toString(counter)) + .png)): null

2018-12-06 23:24:49 - [TEST_STEP][PASSED] - Statement - counter = counter + 1: null

2018-12-06 23:24:49 - [TEST_STEP][PASSED] - Statement - PreSaveFile = new java.io.File(((pathPrefix + java.lang.Integer.toString(counter)) + .png)): null

2018-12-06 23:24:49 - [TEST_STEP][PASSED] - Statement - counter = counter + 1: null

2018-12-06 23:24:49 - [TEST_STEP][PASSED] - Statement - PreSaveFile = new java.io.File(((pathPrefix + java.lang.Integer.toString(counter)) + .png)): null

2018-12-06 23:24:49 - [TEST_STEP][PASSED] - Statement - counter = counter + 1: null

2018-12-06 23:24:49 - [TEST_STEP][PASSED] - Statement - PreSaveFile = new java.io.File(((pathPrefix + java.lang.Integer.toString(counter)) + .png)): null

2018-12-06 23:24:49 - [TEST_STEP][PASSED] - Statement - counter = counter + 1: null

2018-12-06 23:24:49 - [TEST_STEP][PASSED] - Statement - PreSaveFile = new java.io.File(((pathPrefix + java.lang.Integer.toString(counter)) + .png)): null

2018-12-06 23:24:49 - [TEST_STEP][PASSED] - Statement - counter = counter + 1: null

2018-12-06 23:24:49 - [TEST_STEP][PASSED] - Statement - PreSaveFile = new java.io.File(((pathPrefix + java.lang.Integer.toString(counter)) + .png)): null

2018-12-06 23:24:49 - [TEST_STEP][PASSED] - Statement - counter = counter + 1: null

2018-12-06 23:24:49 - [TEST_STEP][PASSED] - Statement - PreSaveFile = new java.io.File(((pathPrefix + java.lang.Integer.toString(counter)) + .png)): null

2018-12-06 23:24:49 - [TEST_STEP][PASSED] - Statement - counter = counter + 1: null

2018-12-06 23:24:49 - [TEST_STEP][PASSED] - Statement - PreSaveFile = new java.io.File(((pathPrefix + java.lang.Integer.toString(counter)) + .png)): null

2018-12-06 23:24:49 - [TEST_STEP][PASSED] - Statement - counter = counter + 1: null

2018-12-06 23:24:49 - [TEST_STEP][PASSED] - Statement - PreSaveFile = new java.io.File(((pathPrefix + java.lang.Integer.toString(counter)) + .png)): null

2018-12-06 23:24:49 - [TEST_STEP][PASSED] - Statement - counter = counter + 1: null

2018-12-06 23:24:49 - [TEST_STEP][PASSED] - Statement - PreSaveFile = new java.io.File(((pathPrefix + java.lang.Integer.toString(counter)) + .png)): null

2018-12-06 23:24:49 - [TEST_STEP][PASSED] - Statement - counter = counter + 1: null

2018-12-06 23:24:49 - [TEST_STEP][PASSED] - Statement - PreSaveFile = new java.io.File(((pathPrefix + java.lang.Integer.toString(counter)) + .png)): null

2018-12-06 23:24:49 - [TEST_STEP][PASSED] - Statement - counter = counter + 1: null

2018-12-06 23:24:49 - [TEST_STEP][PASSED] - Statement - PreSaveFile = new java.io.File(((pathPrefix + java.lang.Integer.toString(counter)) + .png)): null

2018-12-06 23:24:49 - [TEST_STEP][PASSED] - Statement - counter = counter + 1: null

2018-12-06 23:24:49 - [TEST_STEP][PASSED] - Statement - PreSaveFile = new java.io.File(((pathPrefix + java.lang.Integer.toString(counter)) + .png)): null

2018-12-06 23:24:49 - [TEST_STEP][PASSED] - Statement - counter = counter + 1: null

2018-12-06 23:24:49 - [TEST_STEP][PASSED] - Statement - PreSaveFile = new java.io.File(((pathPrefix + java.lang.Integer.toString(counter)) + .png)): null

2018-12-06 23:24:49 - [TEST_STEP][PASSED] - Statement - counter = counter + 1: null

2018-12-06 23:24:49 - [TEST_STEP][PASSED] - Statement - PreSaveFile = new java.io.File(((pathPrefix + java.lang.Integer.toString(counter)) + .png)): null

2018-12-06 23:24:49 - [TEST_STEP][PASSED] - Statement - counter = counter + 1: null

2018-12-06 23:24:49 - [TEST_STEP][PASSED] - Statement - PreSaveFile = new java.io.File(((pathPrefix + java.lang.Integer.toString(counter)) + .png)): null

2018-12-06 23:24:49 - [TEST_STEP][PASSED] - Statement - counter = counter + 1: null

2018-12-06 23:24:49 - [TEST_STEP][PASSED] - Statement - PreSaveFile = new java.io.File(((pathPrefix + java.lang.Integer.toString(counter)) + .png)): null

2018-12-06 23:24:49 - [TEST_STEP][PASSED] - Statement - counter = counter + 1: null

2018-12-06 23:24:49 - [TEST_STEP][PASSED] - Statement - PreSaveFile = new java.io.File(((pathPrefix + java.lang.Integer.toString(counter)) + .png)): null

2018-12-06 23:24:49 - [TEST_STEP][PASSED] - Statement - counter = counter + 1: null

2018-12-06 23:24:49 - [TEST_STEP][PASSED] - Statement - PreSaveFile = new java.io.File(((pathPrefix + java.lang.Integer.toString(counter)) + .png)): null

2018-12-06 23:24:49 - [TEST_STEP][PASSED] - Statement - counter = counter + 1: null

2018-12-06 23:24:49 - [TEST_STEP][PASSED] - Statement - PreSaveFile = new java.io.File(((pathPrefix + java.lang.Integer.toString(counter)) + .png)): null

2018-12-06 23:24:49 - [TEST_STEP][PASSED] - Statement - counter = counter + 1: null

2018-12-06 23:24:49 - [TEST_STEP][PASSED] - Statement - PreSaveFile = new java.io.File(((pathPrefix + java.lang.Integer.toString(counter)) + .png)): null

2018-12-06 23:24:49 - [TEST_STEP][PASSED] - Statement - counter = counter + 1: null

2018-12-06 23:24:49 - [TEST_STEP][PASSED] - Statement - PreSaveFile = new java.io.File(((pathPrefix + java.lang.Integer.toString(counter)) + .png)): null

2018-12-06 23:24:49 - [TEST_STEP][PASSED] - Statement - counter = counter + 1: null

2018-12-06 23:24:49 - [TEST_STEP][PASSED] - Statement - PreSaveFile = new java.io.File(((pathPrefix + java.lang.Integer.toString(counter)) + .png)): null

2018-12-06 23:24:49 - [TEST_STEP][PASSED] - Statement - counter = counter + 1: null

2018-12-06 23:24:49 - [TEST_STEP][PASSED] - Statement - PreSaveFile = new java.io.File(((pathPrefix + java.lang.Integer.toString(counter)) + .png)): null

2018-12-06 23:24:49 - [TEST_STEP][PASSED] - Statement - counter = counter + 1: null

2018-12-06 23:24:49 - [TEST_STEP][PASSED] - Statement - PreSaveFile = new java.io.File(((pathPrefix + java.lang.Integer.toString(counter)) + .png)): null

2018-12-06 23:24:49 - [TEST_STEP][PASSED] - Statement - counter = counter + 1: null

2018-12-06 23:24:49 - [TEST_STEP][PASSED] - Statement - PreSaveFile = new java.io.File(((pathPrefix + java.lang.Integer.toString(counter)) + .png)): null

2018-12-06 23:24:49 - [TEST_STEP][PASSED] - Statement - counter = counter + 1: null

2018-12-06 23:24:49 - [TEST_STEP][PASSED] - Statement - PreSaveFile = new java.io.File(((pathPrefix + java.lang.Integer.toString(counter)) + .png)): null

2018-12-06 23:24:49 - [TEST_STEP][PASSED] - Statement - counter = counter + 1: null

2018-12-06 23:24:49 - [TEST_STEP][PASSED] - Statement - PreSaveFile = new java.io.File(((pathPrefix + java.lang.Integer.toString(counter)) + .png)): null

2018-12-06 23:24:49 - [TEST_STEP][PASSED] - Statement - counter = counter + 1: null

2018-12-06 23:24:49 - [TEST_STEP][PASSED] - Statement - PreSaveFile = new java.io.File(((pathPrefix + java.lang.Integer.toString(counter)) + .png)): null

2018-12-06 23:24:49 - [TEST_STEP][PASSED] - Statement - counter = counter + 1: null

2018-12-06 23:24:49 - [TEST_STEP][PASSED] - Statement - PreSaveFile = new java.io.File(((pathPrefix + java.lang.Integer.toString(counter)) + .png)): null

2018-12-06 23:24:49 - [TEST_STEP][PASSED] - Statement - counter = counter + 1: null

2018-12-06 23:24:49 - [TEST_STEP][PASSED] - Statement - PreSaveFile = new java.io.File(((pathPrefix + java.lang.Integer.toString(counter)) + .png)): null

2018-12-06 23:24:49 - [TEST_STEP][PASSED] - Statement - counter = counter + 1: null

2018-12-06 23:24:49 - [TEST_STEP][PASSED] - Statement - PreSaveFile = new java.io.File(((pathPrefix + java.lang.Integer.toString(counter)) + .png)): null

2018-12-06 23:24:49 - [TEST_STEP][PASSED] - Statement - counter = counter + 1: null

2018-12-06 23:24:49 - [TEST_STEP][PASSED] - Statement - PreSaveFile = new java.io.File(((pathPrefix + java.lang.Integer.toString(counter)) + .png)): null

2018-12-06 23:24:49 - [TEST_STEP][PASSED] - Statement - counter = counter + 1: null

2018-12-06 23:24:49 - [TEST_STEP][PASSED] - Statement - PreSaveFile = new java.io.File(((pathPrefix + java.lang.Integer.toString(counter)) + .png)): null

2018-12-06 23:24:49 - [TEST_STEP][PASSED] - Statement - counter = counter + 1: null

2018-12-06 23:24:49 - [TEST_STEP][PASSED] - Statement - PreSaveFile = new java.io.File(((pathPrefix + java.lang.Integer.toString(counter)) + .png)): null

2018-12-06 23:24:49 - [TEST_STEP][PASSED] - Statement - counter = counter + 1: null

2018-12-06 23:24:49 - [TEST_STEP][PASSED] - Statement - PreSaveFile = new java.io.File(((pathPrefix + java.lang.Integer.toString(counter)) + .png)): null

2018-12-06 23:24:49 - [TEST_STEP][PASSED] - Statement - counter = counter + 1: null

2018-12-06 23:24:49 - [TEST_STEP][PASSED] - Statement - PreSaveFile = new java.io.File(((pathPrefix + java.lang.Integer.toString(counter)) + .png)): null

2018-12-06 23:24:49 - [TEST_STEP][PASSED] - Statement - counter = counter + 1: null

2018-12-06 23:24:49 - [TEST_STEP][PASSED] - Statement - PreSaveFile = new java.io.File(((pathPrefix + java.lang.Integer.toString(counter)) + .png)): null

2018-12-06 23:24:49 - [TEST_STEP][PASSED] - Statement - counter = counter + 1: null

2018-12-06 23:24:49 - [TEST_STEP][PASSED] - Statement - PreSaveFile = new java.io.File(((pathPrefix + java.lang.Integer.toString(counter)) + .png)): null

2018-12-06 23:24:49 - [TEST_STEP][PASSED] - Statement - finalPath = pathPrefix + java.lang.Integer.toString(counter) + ".png": null

2018-12-06 23:24:49 - [TEST_STEP][PASSED] - Statement - SaveFile = new java.io.File(finalPath): null

2018-12-06 23:24:49 - [TEST_STEP][PASSED] - Statement - Try: null

2018-12-06 23:24:49 - [TEST_STEP][PASSED] - Statement - org.apache.commons.io.FileUtils.copyFile(scrFile, SaveFile): null

2018-12-06 23:24:49 - [TEST_STEP][PASSED] - Statement - out.println("file kept"): null

2018-12-06 23:24:49 - [TEST_STEP][PASSED] - delay: Delayed 10 second(s)

2018-12-06 23:24:59 - [MESSAGE][PASSED] - Delayed 10 second(s)

2018-12-06 23:24:59 - [MESSAGE][PASSED] - Call Test Case 'Test Cases/Final Aug 2018 - PKS Automation/Common/Screenshoting tool' successfully

2018-12-06 23:24:59 - [TEST_STEP][PASSED] - callTestCase: Call Test Case 'Test Cases/Final Aug 2018 - PKS Automation/Registration Module/Log Out/log out avoiding katalon tagging' successfully

2018-12-06 23:24:59 - [TEST_CASE][PASSED] - Test Cases/Final Aug 2018 - PKS Automation/Registration Module/Log Out/log out avoiding katalon tagging: Test Cases/Final Aug 2018 - PKS Automation/Registration Module/Log Out/log out avoiding katalon tagging

2018-12-06 23:24:59 - [TEST_STEP][PASSED] - navigateToUrl: Navigate to 'https://assist2-uat.perkeso.gov.my/c/portal/logout' successfully

2018-12-06 23:25:00 - [MESSAGE][PASSED] - Navigate to 'https://assist2-uat.perkeso.gov.my/c/portal/logout' successfully

2018-12-06 23:25:00 - [MESSAGE][PASSED] - Call Test Case 'Test Cases/Final Aug 2018 - PKS Automation/Registration Module/Log Out/log out avoiding katalon tagging' successfully

2018-12-06 23:25:00 - [TEST_STEP][PASSED] - callTestCase: Call Test Case 'Test Cases/Final Aug 2018 - PKS Automation/Common/Workflow Owner Finder' successfully

2018-12-06 23:25:00 - [TEST_CASE][PASSED] - Test Cases/Final Aug 2018 - PKS Automation/Common/Workflow Owner Finder: Test Cases/Final Aug 2018 - PKS Automation/Common/Workflow Owner Finder

2018-12-06 23:25:00 - [TEST_STEP][PASSED] - openBrowser: Browser is opened with url: ''

2018-12-06 23:25:00 - [MESSAGE][WARNING] - A browser is already opened. Closing browser and opening a new one

2018-12-06 23:25:04 - [MESSAGE][PASSED] - Browser is opened with url: ''

2018-12-06 23:25:04 - [TEST_STEP][PASSED] - navigateToUrl: Navigate to 'https://assist2-uat.perkeso.gov.my/login' successfully

2018-12-06 23:25:05 - [MESSAGE][PASSED] - Navigate to 'https://assist2-uat.perkeso.gov.my/login' successfully

2018-12-06 23:25:05 - [TEST_STEP][PASSED] - delay: Delayed 5 second(s)

2018-12-06 23:25:10 - [MESSAGE][PASSED] - Delayed 5 second(s)

2018-12-06 23:25:10 - [TEST_STEP][PASSED] - setText: Text 'test@liferay.com' is set on object 'Object Repository/Final Object Repo/Login Page/Internal User/Email Address'

2018-12-06 23:25:11 - [MESSAGE][PASSED] - Text 'test@liferay.com' is set on object 'Object Repository/Final Object Repo/Login Page/Internal User/Email Address'

2018-12-06 23:25:11 - [TEST_STEP][PASSED] - click: Object: 'Object Repository/Final Object Repo/Login Page/Internal User/Next Button' is clicked on

2018-12-06 23:25:11 - [MESSAGE][PASSED] - Object: 'Object Repository/Final Object Repo/Login Page/Internal User/Next Button' is clicked on

2018-12-06 23:25:11 - [TEST_STEP][PASSED] - delay: Delayed 2 second(s)

2018-12-06 23:25:13 - [MESSAGE][PASSED] - Delayed 2 second(s)

2018-12-06 23:25:13 - [TEST_STEP][PASSED] - setText: Text 'test' is set on object 'Object Repository/Final Object Repo/Login Page/Internal User/Password'

2018-12-06 23:25:13 - [MESSAGE][PASSED] - Text 'test' is set on object 'Object Repository/Final Object Repo/Login Page/Internal User/Password'

2018-12-06 23:25:13 - [TEST_STEP][PASSED] - delay: Delayed 2 second(s)

2018-12-06 23:25:15 - [MESSAGE][PASSED] - Delayed 2 second(s)

2018-12-06 23:25:15 - [TEST_STEP][PASSED] - click: Object: 'Object Repository/Final Object Repo/Login Page/Internal User/Login Button' is clicked on

2018-12-06 23:25:15 - [MESSAGE][PASSED] - Object: 'Object Repository/Final Object Repo/Login Page/Internal User/Login Button' is clicked on

2018-12-06 23:25:15 - [TEST_STEP][PASSED] - Statement - tester = com.kms.katalon.core.testobject.ObjectRepository.findTestObject(Final Object Repo/Landing Page/Select to English): Finding Test Object with id 'Object Repository/Final Object Repo/Landing Page/Select to English'

2018-12-06 23:25:15 - [TEST_STEP][PASSED] - Statement - Try: Delayed 2 second(s)

2018-12-06 23:25:15 - [TEST_STEP][PASSED] - Statement - Checker = com.kms.katalon.core.webui.keyword.WebUiBuiltInKeywords.verifyElementNotPresent(tester, 3): Web element with id: 'Object Repository/Final Object Repo/Landing Page/Select to English' located by 'By.xpath: //a[@class = 'taglib-language-list-text' and @lang = 'en-US' and (contains(text(), 'EN') or contains(., 'EN'))]' is not present after '3' second(s)

2018-12-06 23:25:18 - [MESSAGE][PASSED] - Web element with id: 'Object Repository/Final Object Repo/Landing Page/Select to English' located by 'By.xpath: //a[@class = 'taglib-language-list-text' and @lang = 'en-US' and (contains(text(), 'EN') or contains(., 'EN'))]' is not present after '3' second(s)

2018-12-06 23:25:18 - [TEST_STEP][PASSED] - Statement - If (Checker == false): null

2018-12-06 23:25:18 - [TEST_STEP][PASSED] - delay: Delayed 2 second(s)

2018-12-06 23:25:20 - [MESSAGE][PASSED] - Delayed 2 second(s)

2018-12-06 23:25:20 - [TEST_STEP][PASSED] - delay: Delayed 5 second(s)

2018-12-06 23:25:25 - [MESSAGE][PASSED] - Delayed 5 second(s)

2018-12-06 23:25:25 - [TEST_STEP][PASSED] - mouseOver: Object: 'Object Repository/Final Object Repo/Landing Page/WorkFlow Menu' is hovered

2018-12-06 23:25:25 - [MESSAGE][PASSED] - Object: 'Object Repository/Final Object Repo/Landing Page/WorkFlow Menu' is hovered

2018-12-06 23:25:25 - [TEST_STEP][PASSED] - delay: Delayed 2 second(s)

2018-12-06 23:25:27 - [MESSAGE][PASSED] - Delayed 2 second(s)

2018-12-06 23:25:27 - [TEST_STEP][PASSED] - click: Object: 'Object Repository/Final Object Repo/Landing Page/Select to Workflow Listing' is clicked on

2018-12-06 23:25:28 - [MESSAGE][PASSED] - Object: 'Object Repository/Final Object Repo/Landing Page/Select to Workflow Listing' is clicked on

2018-12-06 23:25:28 - [TEST_STEP][PASSED] - delay: Delayed 2 second(s)

2018-12-06 23:25:30 - [MESSAGE][PASSED] - Delayed 2 second(s)

2018-12-06 23:25:30 - [TEST_STEP][PASSED] - click: Object: 'Object Repository/Final Object Repo/WorkFlow Listing Page/Search Information - To Put Ref No' is clicked on

2018-12-06 23:25:30 - [MESSAGE][PASSED] - Object: 'Object Repository/Final Object Repo/WorkFlow Listing Page/Search Information - To Put Ref No' is clicked on

2018-12-06 23:25:30 - [TEST_STEP][PASSED] - delay: Delayed 2 second(s)

2018-12-06 23:25:32 - [MESSAGE][PASSED] - Delayed 2 second(s)

2018-12-06 23:25:32 - [TEST_STEP][PASSED] - callTestCase: Call Test Case 'Test Cases/Final Aug 2018 - PKS Automation/Common/Reference Number Getter' successfully

2018-12-06 23:25:32 - [TEST_CASE][PASSED] - Test Cases/Final Aug 2018 - PKS Automation/Common/Reference Number Getter: Test Cases/Final Aug 2018 - PKS Automation/Common/Reference Number Getter

2018-12-06 23:25:32 - [TEST_STEP][PASSED] - Statement - Try: null

2018-12-06 23:25:32 - [TEST_STEP][PASSED] - Statement - RefNo = new java.io.File(C://Users//Admin//Desktop//PKS//Automation Reference Point//KatalonReference.txt): null

2018-12-06 23:25:32 - [TEST_STEP][PASSED] - Statement - bufferread = new java.io.BufferedReader(new java.io.FileReader(RefNo)): null

2018-12-06 23:25:32 - [TEST_STEP][PASSED] - Statement - readedVal = bufferread.readLine(): null

2018-12-06 23:25:32 - [TEST_STEP][PASSED] - Statement - out.println(CaseReferenceNo): null

2018-12-06 23:25:32 - [TEST_STEP][PASSED] - Statement - out.println(readedVal): null

2018-12-06 23:25:32 - [TEST_STEP][PASSED] - Statement - CaseReferenceNo = "": null

2018-12-06 23:25:32 - [TEST_STEP][PASSED] - Statement - CaseReferenceNo = readedVal: null

2018-12-06 23:25:32 - [MESSAGE][PASSED] - Call Test Case 'Test Cases/Final Aug 2018 - PKS Automation/Common/Reference Number Getter' successfully

2018-12-06 23:25:32 - [TEST_STEP][PASSED] - setText: Text 'CAN12201800002268' is set on object 'Object Repository/Final Object Repo/WorkFlow Listing Page/Ref No Set Text'

2018-12-06 23:25:32 - [MESSAGE][PASSED] - Text 'CAN12201800002268' is set on object 'Object Repository/Final Object Repo/WorkFlow Listing Page/Ref No Set Text'

2018-12-06 23:25:32 - [TEST_STEP][PASSED] - delay: Delayed 2 second(s)

2018-12-06 23:25:34 - [MESSAGE][PASSED] - Delayed 2 second(s)

2018-12-06 23:25:34 - [TEST_STEP][PASSED] - click: Object: 'Object Repository/Final Object Repo/WorkFlow Listing Page/Search Ref No Search Button' is clicked on

2018-12-06 23:25:35 - [MESSAGE][PASSED] - Object: 'Object Repository/Final Object Repo/WorkFlow Listing Page/Search Ref No Search Button' is clicked on

2018-12-06 23:25:35 - [TEST_STEP][PASSED] - delay: Delayed 6 second(s)

2018-12-06 23:25:41 - [MESSAGE][PASSED] - Delayed 6 second(s)

2018-12-06 23:25:41 - [TEST_STEP][PASSED] - click: Object: 'Object Repository/Final Object Repo/WorkFlow Listing Page/Click Continue Tooltip' is clicked on

2018-12-06 23:25:42 - [MESSAGE][PASSED] - Object: 'Object Repository/Final Object Repo/WorkFlow Listing Page/Click Continue Tooltip' is clicked on

2018-12-06 23:25:42 - [TEST_STEP][PASSED] - delay: Delayed 5 second(s)

2018-12-06 23:25:47 - [MESSAGE][PASSED] - Delayed 5 second(s)

2018-12-06 23:25:47 - [TEST_STEP][PASSED] - doubleClick: Object: 'Object Repository/Final Object Repo/WorkFlow Listing Page/Workflow Found - Listing 1' is double clicked on

2018-12-06 23:25:47 - [MESSAGE][PASSED] - Object: 'Object Repository/Final Object Repo/WorkFlow Listing Page/Workflow Found - Listing 1' is double clicked on

2018-12-06 23:25:47 - [TEST_STEP][PASSED] - Statement - println(OwnerID): null

2018-12-06 23:25:47 - [TEST_STEP][PASSED] - Statement - OwnerID = com.kms.katalon.core.webui.keyword.WebUiBuiltInKeywords.getText(com.kms.katalon.core.testobject.ObjectRepository.findTestObject(Final Object Repo/WorkFlow Listing Page/Workflow Found - Listing 1), STOP_ON_FAILURE): Text of object 'Object Repository/Final Object Repo/WorkFlow Listing Page/Workflow Found - Listing 1' is: 'JOHORro3'

2018-12-06 23:25:47 - [MESSAGE][PASSED] - Text of object 'Object Repository/Final Object Repo/WorkFlow Listing Page/Workflow Found - Listing 1' is: 'JOHORro3'

2018-12-06 23:25:47 - [TEST_STEP][PASSED] - Statement - OwnerID = OwnerID.toLowerCase() + "@gmail.com": null

2018-12-06 23:25:47 - [TEST_STEP][PASSED] - Statement - println(OwnerID): null

2018-12-06 23:25:47 - [TEST_STEP][PASSED] - delay: Delayed 2 second(s)

2018-12-06 23:25:49 - [MESSAGE][PASSED] - Delayed 2 second(s)

2018-12-06 23:25:49 - [MESSAGE][PASSED] - Call Test Case 'Test Cases/Final Aug 2018 - PKS Automation/Common/Workflow Owner Finder' successfully

2018-12-06 23:25:49 - [TEST_STEP][PASSED] - callTestCase: Call Test Case 'Test Cases/Final Aug 2018 - PKS Automation/Registration Module/Log Out/log out avoiding katalon tagging' successfully

2018-12-06 23:25:49 - [TEST_CASE][PASSED] - Test Cases/Final Aug 2018 - PKS Automation/Registration Module/Log Out/log out avoiding katalon tagging: Test Cases/Final Aug 2018 - PKS Automation/Registration Module/Log Out/log out avoiding katalon tagging

2018-12-06 23:25:49 - [TEST_STEP][PASSED] - navigateToUrl: Navigate to 'https://assist2-uat.perkeso.gov.my/c/portal/logout' successfully

2018-12-06 23:25:50 - [MESSAGE][PASSED] - Navigate to 'https://assist2-uat.perkeso.gov.my/c/portal/logout' successfully

2018-12-06 23:25:50 - [MESSAGE][PASSED] - Call Test Case 'Test Cases/Final Aug 2018 - PKS Automation/Registration Module/Log Out/log out avoiding katalon tagging' successfully

2018-12-06 23:25:50 - [TEST_STEP][PASSED] - delay: Delayed 2 second(s)

2018-12-06 23:25:52 - [MESSAGE][PASSED] - Delayed 2 second(s)

2018-12-06 23:25:52 - [TEST_STEP][PASSED] - setText: Text 'johorro3@gmail.com' is set on object 'Object Repository/Final Object Repo/Page_Update Add New Employee - ASSIST/Email TextBox'

2018-12-06 23:25:52 - [MESSAGE][PASSED] - Text 'johorro3@gmail.com' is set on object 'Object Repository/Final Object Repo/Page_Update Add New Employee - ASSIST/Email TextBox'

2018-12-06 23:25:52 - [TEST_STEP][PASSED] - click: Object: 'Object Repository/Final Object Repo/Page_Update Add New Employee - ASSIST/Next Button' is clicked on

2018-12-06 23:25:52 - [MESSAGE][PASSED] - Object: 'Object Repository/Final Object Repo/Page_Update Add New Employee - ASSIST/Next Button' is clicked on

2018-12-06 23:25:52 - [TEST_STEP][PASSED] - delay: Delayed 2 second(s)

2018-12-06 23:25:54 - [MESSAGE][PASSED] - Delayed 2 second(s)

2018-12-06 23:25:54 - [TEST_STEP][PASSED] - setText: Text 'Test1@3456789' is set on object 'Object Repository/Final Object Repo/Page_Update Add New Employee - ASSIST/Password TextBox'

2018-12-06 23:25:54 - [MESSAGE][PASSED] - Text 'Test1@3456789' is set on object 'Object Repository/Final Object Repo/Page_Update Add New Employee - ASSIST/Password TextBox'

2018-12-06 23:25:54 - [TEST_STEP][PASSED] - delay: Delayed 2 second(s)

2018-12-06 23:25:56 - [MESSAGE][PASSED] - Delayed 2 second(s)

2018-12-06 23:25:56 - [TEST_STEP][PASSED] - click: Object: 'Object Repository/Final Object Repo/Page_Update Add New Employee - ASSIST/Login Button' is clicked on

2018-12-06 23:25:57 - [MESSAGE][PASSED] - Object: 'Object Repository/Final Object Repo/Page_Update Add New Employee - ASSIST/Login Button' is clicked on

2018-12-06 23:25:57 - [TEST_STEP][PASSED] - delay: Delayed 4 second(s)

2018-12-06 23:26:01 - [MESSAGE][PASSED] - Delayed 4 second(s)

2018-12-06 23:26:01 - [TEST_STEP][PASSED] - Statement - Try: Delayed 2 second(s)

2018-12-06 23:26:01 - [TEST_STEP][PASSED] - Statement - Checker = false: null

2018-12-06 23:26:01 - [TEST_STEP][PASSED] - Statement - Checker = com.kms.katalon.core.webui.keyword.WebUiBuiltInKeywords.verifyElementHasAttribute(com.kms.katalon.core.testobject.ObjectRepository.findTestObject(Final Object Repo/Landing Page/BM Detecting), "href", 20, OPTIONAL): Object 'Object Repository/Final Object Repo/Landing Page/BM Detecting' has attribute 'href'

2018-12-06 23:26:01 - [MESSAGE][PASSED] - Object 'Object Repository/Final Object Repo/Landing Page/BM Detecting' has attribute 'href'

2018-12-06 23:26:01 - [TEST_STEP][PASSED] - Statement - out.println(Checker): null

2018-12-06 23:26:01 - [TEST_STEP][PASSED] - Statement - If (Checker == false): null

2018-12-06 23:26:01 - [TEST_STEP][PASSED] - Statement - Else: null

2018-12-06 23:26:01 - [TEST_STEP][PASSED] - delay: Delayed 2 second(s)

2018-12-06 23:26:03 - [MESSAGE][PASSED] - Delayed 2 second(s)

2018-12-06 23:26:03 - [TEST_STEP][PASSED] - delay: Delayed 4 second(s)

2018-12-06 23:26:07 - [MESSAGE][PASSED] - Delayed 4 second(s)

2018-12-06 23:26:07 - [TEST_STEP][PASSED] - click: Object: 'Object Repository/Final Object Repo/New Registration - Registration Module Pages/New Reg - OTC to RO/Special Case - All Related Objects/Expand to Search' is clicked on

2018-12-06 23:26:07 - [MESSAGE][PASSED] - Object: 'Object Repository/Final Object Repo/New Registration - Registration Module Pages/New Reg - OTC to RO/Special Case - All Related Objects/Expand to Search' is clicked on

2018-12-06 23:26:07 - [TEST_STEP][FAILED] - setText: Unable to set text 'CAN12201800002268' of object 'Object Repository/Final Object Repo/New Registration - Registration Module Pages/New Reg - OTC to RO/Special Case - All Related Objects/TextBox RefNo in Workbasket' (Root cause: org.openqa.selenium.ElementNotVisibleException: element not interactable
  (Session info: chrome=70.0.3538.110)
  (Driver info: chromedriver=2.43.600210 (68dcf5eebde37173d4027fa8635e332711d2874a),platform=Windows NT 6.1.7601 SP1 x86_64) (WARNING: The server did not provide any stacktrace information)
Command duration or timeout: 0 milliseconds
Build info: version: '3.7.1', revision: '8a0099a', time: '2017-11-06T21:07:36.161Z'
System info: host: 'WIN7TEST02', ip: '10.20.3.72', os.name: 'Windows 7', os.arch: 'amd64', os.version: '6.1', java.version: '1.8.0_181'
Driver info: com.kms.katalon.selenium.driver.CChromeDriver
Capabilities {acceptInsecureCerts: false, acceptSslCerts: false, applicationCacheEnabled: false, browserConnectionEnabled: false, browserName: chrome, chrome: {chromedriverVersion: 2.43.600210 (68dcf5eebde371..., userDataDir: C:\Users\Admin\AppData\Loca...}, cssSelectorsEnabled: true, databaseEnabled: false, goog:chromeOptions: {debuggerAddress: localhost:62259}, handlesAlerts: true, hasTouchScreen: false, javascriptEnabled: true, locationContextEnabled: true, mobileEmulationEnabled: false, nativeEvents: true, networkConnectionEnabled: false, pageLoadStrategy: normal, platform: XP, platformName: XP, rotatable: false, setWindowRect: true, takesHeapSnapshot: true, takesScreenshot: true, unexpectedAlertBehaviour: , unhandledPromptBehavior: , version: 70.0.3538.110, webStorageEnabled: true}
Session ID: 94114d063916b1a9b5344aa878ec0152)

2018-12-06 23:26:07 - [MESSAGE][FAILED] - Unable to set text 'CAN12201800002268' of object 'Object Repository/Final Object Repo/New Registration - Registration Module Pages/New Reg - OTC to RO/Special Case - All Related Objects/TextBox RefNo in Workbasket' (Root cause: org.openqa.selenium.ElementNotVisibleException: element not interactable
  (Session info: chrome=70.0.3538.110)
  (Driver info: chromedriver=2.43.600210 (68dcf5eebde37173d4027fa8635e332711d2874a),platform=Windows NT 6.1.7601 SP1 x86_64) (WARNING: The server did not provide any stacktrace information)
Command duration or timeout: 0 milliseconds
Build info: version: '3.7.1', revision: '8a0099a', time: '2017-11-06T21:07:36.161Z'
System info: host: 'WIN7TEST02', ip: '10.20.3.72', os.name: 'Windows 7', os.arch: 'amd64', os.version: '6.1', java.version: '1.8.0_181'
Driver info: com.kms.katalon.selenium.driver.CChromeDriver
Capabilities {acceptInsecureCerts: false, acceptSslCerts: false, applicationCacheEnabled: false, browserConnectionEnabled: false, browserName: chrome, chrome: {chromedriverVersion: 2.43.600210 (68dcf5eebde371..., userDataDir: C:\Users\Admin\AppData\Loca...}, cssSelectorsEnabled: true, databaseEnabled: false, goog:chromeOptions: {debuggerAddress: localhost:62259}, handlesAlerts: true, hasTouchScreen: false, javascriptEnabled: true, locationContextEnabled: true, mobileEmulationEnabled: false, nativeEvents: true, networkConnectionEnabled: false, pageLoadStrategy: normal, platform: XP, platformName: XP, rotatable: false, setWindowRect: true, takesHeapSnapshot: true, takesScreenshot: true, unexpectedAlertBehaviour: , unhandledPromptBehavior: , version: 70.0.3538.110, webStorageEnabled: true}
Session ID: 94114d063916b1a9b5344aa878ec0152)
[[ATTACHMENT|C:\\Users\\Admin\\Desktop\\PKS\\Perkeso Phase A\\Reports\\Workflow\\Update Add New Employee\\20181206_171415\\1544109967438.png]]

2018-12-06 23:26:07 - [TEST_STEP][PASSED] - delay: Delayed 2 second(s)

2018-12-06 23:26:09 - [MESSAGE][PASSED] - Delayed 2 second(s)

2018-12-06 23:26:09 - [TEST_STEP][PASSED] - click: Object: 'Object Repository/Final Object Repo/New Registration - Registration Module Pages/New Reg - OTC to RO/Special Case - All Related Objects/Click Search' is clicked on

2018-12-06 23:26:09 - [MESSAGE][PASSED] - Object: 'Object Repository/Final Object Repo/New Registration - Registration Module Pages/New Reg - OTC to RO/Special Case - All Related Objects/Click Search' is clicked on

2018-12-06 23:26:09 - [TEST_STEP][PASSED] - delay: Delayed 10 second(s)

2018-12-06 23:26:19 - [MESSAGE][PASSED] - Delayed 10 second(s)

2018-12-06 23:26:19 - [TEST_STEP][PASSED] - click: Object: 'Object Repository/Final Object Repo/New Registration - Registration Module Pages/New Reg - OTC to RO/Special Case - All Related Objects/Click to Continue Workflow' is clicked on

2018-12-06 23:26:24 - [MESSAGE][PASSED] - Object: 'Object Repository/Final Object Repo/New Registration - Registration Module Pages/New Reg - OTC to RO/Special Case - All Related Objects/Click to Continue Workflow' is clicked on

2018-12-06 23:26:24 - [TEST_STEP][PASSED] - delay: Delayed 10 second(s)

2018-12-06 23:26:34 - [MESSAGE][PASSED] - Delayed 10 second(s)

2018-12-06 23:26:34 - [TEST_STEP][PASSED] - click: Object: 'Object Repository/Final Object Repo/New Registration - Registration Module Pages/New Reg - OTC to RO/Special Case - All Related Objects/Continue Button in verifying case' is clicked on

2018-12-06 23:26:37 - [MESSAGE][PASSED] - Object: 'Object Repository/Final Object Repo/New Registration - Registration Module Pages/New Reg - OTC to RO/Special Case - All Related Objects/Continue Button in verifying case' is clicked on

2018-12-06 23:26:37 - [TEST_STEP][PASSED] - delay: Delayed 2 second(s)

2018-12-06 23:26:39 - [MESSAGE][PASSED] - Delayed 2 second(s)

2018-12-06 23:26:39 - [TEST_STEP][PASSED] - click: Object: 'Object Repository/Final Object Repo/Page_Update Add New Employee - ASSIST/Save  Continue Button' is clicked on

2018-12-06 23:26:39 - [MESSAGE][PASSED] - Object: 'Object Repository/Final Object Repo/Page_Update Add New Employee - ASSIST/Save  Continue Button' is clicked on

2018-12-06 23:26:39 - [TEST_STEP][PASSED] - delay: Delayed 8 second(s)

2018-12-06 23:26:47 - [MESSAGE][PASSED] - Delayed 8 second(s)

2018-12-06 23:26:47 - [TEST_STEP][PASSED] - click: Object: 'Object Repository/Final Object Repo/Page_Update Add New Employee - ASSIST/Save  Continue Third Screen' is clicked on

2018-12-06 23:26:50 - [MESSAGE][PASSED] - Object: 'Object Repository/Final Object Repo/Page_Update Add New Employee - ASSIST/Save  Continue Third Screen' is clicked on

2018-12-06 23:26:50 - [TEST_STEP][PASSED] - delay: Delayed 4 second(s)

2018-12-06 23:26:54 - [MESSAGE][PASSED] - Delayed 4 second(s)

2018-12-06 23:26:54 - [TEST_STEP][PASSED] - click: Object: 'Object Repository/Final Object Repo/Page_Update Add New Employee - ASSIST/Save   Continue Supporting Doc Page' is clicked on

2018-12-06 23:26:54 - [MESSAGE][PASSED] - Object: 'Object Repository/Final Object Repo/Page_Update Add New Employee - ASSIST/Save   Continue Supporting Doc Page' is clicked on

2018-12-06 23:26:54 - [TEST_STEP][PASSED] - delay: Delayed 4 second(s)

2018-12-06 23:26:58 - [MESSAGE][PASSED] - Delayed 4 second(s)

2018-12-06 23:26:58 - [TEST_STEP][PASSED] - click: Object: 'Object Repository/Final Object Repo/Page_Update Add New Employee - ASSIST/Under Enforcement Button at Preview Screen of RO' is clicked on

2018-12-06 23:26:59 - [MESSAGE][PASSED] - Object: 'Object Repository/Final Object Repo/Page_Update Add New Employee - ASSIST/Under Enforcement Button at Preview Screen of RO' is clicked on

2018-12-06 23:26:59 - [TEST_STEP][PASSED] - delay: Delayed 4 second(s)

2018-12-06 23:27:03 - [MESSAGE][PASSED] - Delayed 4 second(s)

2018-12-06 23:27:03 - [TEST_STEP][PASSED] - click: Object: 'Object Repository/Final Object Repo/Page_Update Add New Employee - ASSIST/Under Enforcement - inner form' is clicked on

2018-12-06 23:27:03 - [MESSAGE][PASSED] - Object: 'Object Repository/Final Object Repo/Page_Update Add New Employee - ASSIST/Under Enforcement - inner form' is clicked on

2018-12-06 23:27:03 - [TEST_STEP][PASSED] - delay: Delayed 4 second(s)

2018-12-06 23:27:07 - [MESSAGE][PASSED] - Delayed 4 second(s)

2018-12-06 23:27:07 - [TEST_STEP][PASSED] - callTestCase: Call Test Case 'Test Cases/Final Aug 2018 - PKS Automation/Common/Screenshoting tool' successfully

2018-12-06 23:27:07 - [TEST_CASE][PASSED] - Test Cases/Final Aug 2018 - PKS Automation/Common/Screenshoting tool: Test Cases/Final Aug 2018 - PKS Automation/Common/Screenshoting tool

2018-12-06 23:27:07 - [TEST_STEP][PASSED] - delay: Delayed 15 second(s)

2018-12-06 23:27:22 - [MESSAGE][PASSED] - Delayed 15 second(s)

2018-12-06 23:27:22 - [TEST_STEP][PASSED] - Statement - driver = com.kms.katalon.core.webui.driver.DriverFactory.getWebDriver(): null

2018-12-06 23:27:22 - [TEST_STEP][PASSED] - Statement - driver.manage().timeouts().implicitlyWait(10, SECONDS): null

2018-12-06 23:27:22 - [TEST_STEP][PASSED] - Statement - PresavePath = KatalonScreenshots: null

2018-12-06 23:27:22 - [TEST_STEP][PASSED] - Statement - pathPrefix = "C:\Users\Public\Pictures\Sample Pictures\Katalon Screenshots\Automate Ending Screen": null

2018-12-06 23:27:22 - [TEST_STEP][PASSED] - Statement - finalPath = <not implemented yet for class: org.codehaus.groovy.ast.expr.EmptyExpression>: null

2018-12-06 23:27:22 - [TEST_STEP][PASSED] - Statement - scrFile = driver.getScreenshotAs(FILE): null

2018-12-06 23:27:22 - [TEST_STEP][PASSED] - Statement - PreSaveFile = new java.io.File(PresavePath): null

2018-12-06 23:27:22 - [TEST_STEP][PASSED] - Statement - counter = 0: null

2018-12-06 23:27:22 - [TEST_STEP][PASSED] - Statement - If (PreSaveFile.exists()): null

2018-12-06 23:27:22 - [TEST_STEP][PASSED] - Statement - While (PreSaveFile.exists()): null

2018-12-06 23:27:22 - [TEST_STEP][PASSED] - Statement - counter = counter + 1: null

2018-12-06 23:27:22 - [TEST_STEP][PASSED] - Statement - PreSaveFile = new java.io.File(((pathPrefix + java.lang.Integer.toString(counter)) + .png)): null

2018-12-06 23:27:22 - [TEST_STEP][PASSED] - Statement - counter = counter + 1: null

2018-12-06 23:27:22 - [TEST_STEP][PASSED] - Statement - PreSaveFile = new java.io.File(((pathPrefix + java.lang.Integer.toString(counter)) + .png)): null

2018-12-06 23:27:22 - [TEST_STEP][PASSED] - Statement - counter = counter + 1: null

2018-12-06 23:27:22 - [TEST_STEP][PASSED] - Statement - PreSaveFile = new java.io.File(((pathPrefix + java.lang.Integer.toString(counter)) + .png)): null

2018-12-06 23:27:22 - [TEST_STEP][PASSED] - Statement - counter = counter + 1: null

2018-12-06 23:27:22 - [TEST_STEP][PASSED] - Statement - PreSaveFile = new java.io.File(((pathPrefix + java.lang.Integer.toString(counter)) + .png)): null

2018-12-06 23:27:22 - [TEST_STEP][PASSED] - Statement - counter = counter + 1: null

2018-12-06 23:27:22 - [TEST_STEP][PASSED] - Statement - PreSaveFile = new java.io.File(((pathPrefix + java.lang.Integer.toString(counter)) + .png)): null

2018-12-06 23:27:22 - [TEST_STEP][PASSED] - Statement - counter = counter + 1: null

2018-12-06 23:27:22 - [TEST_STEP][PASSED] - Statement - PreSaveFile = new java.io.File(((pathPrefix + java.lang.Integer.toString(counter)) + .png)): null

2018-12-06 23:27:22 - [TEST_STEP][PASSED] - Statement - counter = counter + 1: null

2018-12-06 23:27:22 - [TEST_STEP][PASSED] - Statement - PreSaveFile = new java.io.File(((pathPrefix + java.lang.Integer.toString(counter)) + .png)): null

2018-12-06 23:27:22 - [TEST_STEP][PASSED] - Statement - counter = counter + 1: null

2018-12-06 23:27:22 - [TEST_STEP][PASSED] - Statement - PreSaveFile = new java.io.File(((pathPrefix + java.lang.Integer.toString(counter)) + .png)): null

2018-12-06 23:27:22 - [TEST_STEP][PASSED] - Statement - counter = counter + 1: null

2018-12-06 23:27:22 - [TEST_STEP][PASSED] - Statement - PreSaveFile = new java.io.File(((pathPrefix + java.lang.Integer.toString(counter)) + .png)): null

2018-12-06 23:27:22 - [TEST_STEP][PASSED] - Statement - counter = counter + 1: null

2018-12-06 23:27:22 - [TEST_STEP][PASSED] - Statement - PreSaveFile = new java.io.File(((pathPrefix + java.lang.Integer.toString(counter)) + .png)): null

2018-12-06 23:27:22 - [TEST_STEP][PASSED] - Statement - counter = counter + 1: null

2018-12-06 23:27:22 - [TEST_STEP][PASSED] - Statement - PreSaveFile = new java.io.File(((pathPrefix + java.lang.Integer.toString(counter)) + .png)): null

2018-12-06 23:27:22 - [TEST_STEP][PASSED] - Statement - counter = counter + 1: null

2018-12-06 23:27:22 - [TEST_STEP][PASSED] - Statement - PreSaveFile = new java.io.File(((pathPrefix + java.lang.Integer.toString(counter)) + .png)): null

2018-12-06 23:27:22 - [TEST_STEP][PASSED] - Statement - counter = counter + 1: null

2018-12-06 23:27:22 - [TEST_STEP][PASSED] - Statement - PreSaveFile = new java.io.File(((pathPrefix + java.lang.Integer.toString(counter)) + .png)): null

2018-12-06 23:27:22 - [TEST_STEP][PASSED] - Statement - counter = counter + 1: null

2018-12-06 23:27:22 - [TEST_STEP][PASSED] - Statement - PreSaveFile = new java.io.File(((pathPrefix + java.lang.Integer.toString(counter)) + .png)): null

2018-12-06 23:27:22 - [TEST_STEP][PASSED] - Statement - counter = counter + 1: null

2018-12-06 23:27:22 - [TEST_STEP][PASSED] - Statement - PreSaveFile = new java.io.File(((pathPrefix + java.lang.Integer.toString(counter)) + .png)): null

2018-12-06 23:27:22 - [TEST_STEP][PASSED] - Statement - counter = counter + 1: null

2018-12-06 23:27:22 - [TEST_STEP][PASSED] - Statement - PreSaveFile = new java.io.File(((pathPrefix + java.lang.Integer.toString(counter)) + .png)): null

2018-12-06 23:27:22 - [TEST_STEP][PASSED] - Statement - counter = counter + 1: null

2018-12-06 23:27:22 - [TEST_STEP][PASSED] - Statement - PreSaveFile = new java.io.File(((pathPrefix + java.lang.Integer.toString(counter)) + .png)): null

2018-12-06 23:27:22 - [TEST_STEP][PASSED] - Statement - counter = counter + 1: null

2018-12-06 23:27:22 - [TEST_STEP][PASSED] - Statement - PreSaveFile = new java.io.File(((pathPrefix + java.lang.Integer.toString(counter)) + .png)): null

2018-12-06 23:27:22 - [TEST_STEP][PASSED] - Statement - counter = counter + 1: null

2018-12-06 23:27:22 - [TEST_STEP][PASSED] - Statement - PreSaveFile = new java.io.File(((pathPrefix + java.lang.Integer.toString(counter)) + .png)): null

2018-12-06 23:27:22 - [TEST_STEP][PASSED] - Statement - counter = counter + 1: null

2018-12-06 23:27:22 - [TEST_STEP][PASSED] - Statement - PreSaveFile = new java.io.File(((pathPrefix + java.lang.Integer.toString(counter)) + .png)): null

2018-12-06 23:27:22 - [TEST_STEP][PASSED] - Statement - counter = counter + 1: null

2018-12-06 23:27:22 - [TEST_STEP][PASSED] - Statement - PreSaveFile = new java.io.File(((pathPrefix + java.lang.Integer.toString(counter)) + .png)): null

2018-12-06 23:27:22 - [TEST_STEP][PASSED] - Statement - counter = counter + 1: null

2018-12-06 23:27:22 - [TEST_STEP][PASSED] - Statement - PreSaveFile = new java.io.File(((pathPrefix + java.lang.Integer.toString(counter)) + .png)): null

2018-12-06 23:27:22 - [TEST_STEP][PASSED] - Statement - counter = counter + 1: null

2018-12-06 23:27:22 - [TEST_STEP][PASSED] - Statement - PreSaveFile = new java.io.File(((pathPrefix + java.lang.Integer.toString(counter)) + .png)): null

2018-12-06 23:27:22 - [TEST_STEP][PASSED] - Statement - counter = counter + 1: null

2018-12-06 23:27:22 - [TEST_STEP][PASSED] - Statement - PreSaveFile = new java.io.File(((pathPrefix + java.lang.Integer.toString(counter)) + .png)): null

2018-12-06 23:27:22 - [TEST_STEP][PASSED] - Statement - counter = counter + 1: null

2018-12-06 23:27:22 - [TEST_STEP][PASSED] - Statement - PreSaveFile = new java.io.File(((pathPrefix + java.lang.Integer.toString(counter)) + .png)): null

2018-12-06 23:27:22 - [TEST_STEP][PASSED] - Statement - counter = counter + 1: null

2018-12-06 23:27:22 - [TEST_STEP][PASSED] - Statement - PreSaveFile = new java.io.File(((pathPrefix + java.lang.Integer.toString(counter)) + .png)): null

2018-12-06 23:27:22 - [TEST_STEP][PASSED] - Statement - counter = counter + 1: null

2018-12-06 23:27:22 - [TEST_STEP][PASSED] - Statement - PreSaveFile = new java.io.File(((pathPrefix + java.lang.Integer.toString(counter)) + .png)): null

2018-12-06 23:27:22 - [TEST_STEP][PASSED] - Statement - counter = counter + 1: null

2018-12-06 23:27:22 - [TEST_STEP][PASSED] - Statement - PreSaveFile = new java.io.File(((pathPrefix + java.lang.Integer.toString(counter)) + .png)): null

2018-12-06 23:27:22 - [TEST_STEP][PASSED] - Statement - counter = counter + 1: null

2018-12-06 23:27:22 - [TEST_STEP][PASSED] - Statement - PreSaveFile = new java.io.File(((pathPrefix + java.lang.Integer.toString(counter)) + .png)): null

2018-12-06 23:27:22 - [TEST_STEP][PASSED] - Statement - counter = counter + 1: null

2018-12-06 23:27:22 - [TEST_STEP][PASSED] - Statement - PreSaveFile = new java.io.File(((pathPrefix + java.lang.Integer.toString(counter)) + .png)): null

2018-12-06 23:27:22 - [TEST_STEP][PASSED] - Statement - counter = counter + 1: null

2018-12-06 23:27:22 - [TEST_STEP][PASSED] - Statement - PreSaveFile = new java.io.File(((pathPrefix + java.lang.Integer.toString(counter)) + .png)): null

2018-12-06 23:27:22 - [TEST_STEP][PASSED] - Statement - counter = counter + 1: null

2018-12-06 23:27:22 - [TEST_STEP][PASSED] - Statement - PreSaveFile = new java.io.File(((pathPrefix + java.lang.Integer.toString(counter)) + .png)): null

2018-12-06 23:27:22 - [TEST_STEP][PASSED] - Statement - counter = counter + 1: null

2018-12-06 23:27:22 - [TEST_STEP][PASSED] - Statement - PreSaveFile = new java.io.File(((pathPrefix + java.lang.Integer.toString(counter)) + .png)): null

2018-12-06 23:27:22 - [TEST_STEP][PASSED] - Statement - counter = counter + 1: null

2018-12-06 23:27:22 - [TEST_STEP][PASSED] - Statement - PreSaveFile = new java.io.File(((pathPrefix + java.lang.Integer.toString(counter)) + .png)): null

2018-12-06 23:27:22 - [TEST_STEP][PASSED] - Statement - counter = counter + 1: null

2018-12-06 23:27:22 - [TEST_STEP][PASSED] - Statement - PreSaveFile = new java.io.File(((pathPrefix + java.lang.Integer.toString(counter)) + .png)): null

2018-12-06 23:27:22 - [TEST_STEP][PASSED] - Statement - counter = counter + 1: null

2018-12-06 23:27:22 - [TEST_STEP][PASSED] - Statement - PreSaveFile = new java.io.File(((pathPrefix + java.lang.Integer.toString(counter)) + .png)): null

2018-12-06 23:27:22 - [TEST_STEP][PASSED] - Statement - counter = counter + 1: null

2018-12-06 23:27:22 - [TEST_STEP][PASSED] - Statement - PreSaveFile = new java.io.File(((pathPrefix + java.lang.Integer.toString(counter)) + .png)): null

2018-12-06 23:27:22 - [TEST_STEP][PASSED] - Statement - counter = counter + 1: null

2018-12-06 23:27:22 - [TEST_STEP][PASSED] - Statement - PreSaveFile = new java.io.File(((pathPrefix + java.lang.Integer.toString(counter)) + .png)): null

2018-12-06 23:27:22 - [TEST_STEP][PASSED] - Statement - counter = counter + 1: null

2018-12-06 23:27:22 - [TEST_STEP][PASSED] - Statement - PreSaveFile = new java.io.File(((pathPrefix + java.lang.Integer.toString(counter)) + .png)): null

2018-12-06 23:27:22 - [TEST_STEP][PASSED] - Statement - counter = counter + 1: null

2018-12-06 23:27:22 - [TEST_STEP][PASSED] - Statement - PreSaveFile = new java.io.File(((pathPrefix + java.lang.Integer.toString(counter)) + .png)): null

2018-12-06 23:27:22 - [TEST_STEP][PASSED] - Statement - counter = counter + 1: null

2018-12-06 23:27:22 - [TEST_STEP][PASSED] - Statement - PreSaveFile = new java.io.File(((pathPrefix + java.lang.Integer.toString(counter)) + .png)): null

2018-12-06 23:27:22 - [TEST_STEP][PASSED] - Statement - counter = counter + 1: null

2018-12-06 23:27:22 - [TEST_STEP][PASSED] - Statement - PreSaveFile = new java.io.File(((pathPrefix + java.lang.Integer.toString(counter)) + .png)): null

2018-12-06 23:27:22 - [TEST_STEP][PASSED] - Statement - counter = counter + 1: null

2018-12-06 23:27:22 - [TEST_STEP][PASSED] - Statement - PreSaveFile = new java.io.File(((pathPrefix + java.lang.Integer.toString(counter)) + .png)): null

2018-12-06 23:27:22 - [TEST_STEP][PASSED] - Statement - counter = counter + 1: null

2018-12-06 23:27:22 - [TEST_STEP][PASSED] - Statement - PreSaveFile = new java.io.File(((pathPrefix + java.lang.Integer.toString(counter)) + .png)): null

2018-12-06 23:27:22 - [TEST_STEP][PASSED] - Statement - counter = counter + 1: null

2018-12-06 23:27:22 - [TEST_STEP][PASSED] - Statement - PreSaveFile = new java.io.File(((pathPrefix + java.lang.Integer.toString(counter)) + .png)): null

2018-12-06 23:27:22 - [TEST_STEP][PASSED] - Statement - counter = counter + 1: null

2018-12-06 23:27:22 - [TEST_STEP][PASSED] - Statement - PreSaveFile = new java.io.File(((pathPrefix + java.lang.Integer.toString(counter)) + .png)): null

2018-12-06 23:27:22 - [TEST_STEP][PASSED] - Statement - counter = counter + 1: null

2018-12-06 23:27:22 - [TEST_STEP][PASSED] - Statement - PreSaveFile = new java.io.File(((pathPrefix + java.lang.Integer.toString(counter)) + .png)): null

2018-12-06 23:27:22 - [TEST_STEP][PASSED] - Statement - counter = counter + 1: null

2018-12-06 23:27:22 - [TEST_STEP][PASSED] - Statement - PreSaveFile = new java.io.File(((pathPrefix + java.lang.Integer.toString(counter)) + .png)): null

2018-12-06 23:27:22 - [TEST_STEP][PASSED] - Statement - counter = counter + 1: null

2018-12-06 23:27:22 - [TEST_STEP][PASSED] - Statement - PreSaveFile = new java.io.File(((pathPrefix + java.lang.Integer.toString(counter)) + .png)): null

2018-12-06 23:27:22 - [TEST_STEP][PASSED] - Statement - counter = counter + 1: null

2018-12-06 23:27:22 - [TEST_STEP][PASSED] - Statement - PreSaveFile = new java.io.File(((pathPrefix + java.lang.Integer.toString(counter)) + .png)): null

2018-12-06 23:27:22 - [TEST_STEP][PASSED] - Statement - counter = counter + 1: null

2018-12-06 23:27:22 - [TEST_STEP][PASSED] - Statement - PreSaveFile = new java.io.File(((pathPrefix + java.lang.Integer.toString(counter)) + .png)): null

2018-12-06 23:27:22 - [TEST_STEP][PASSED] - Statement - counter = counter + 1: null

2018-12-06 23:27:22 - [TEST_STEP][PASSED] - Statement - PreSaveFile = new java.io.File(((pathPrefix + java.lang.Integer.toString(counter)) + .png)): null

2018-12-06 23:27:22 - [TEST_STEP][PASSED] - Statement - counter = counter + 1: null

2018-12-06 23:27:22 - [TEST_STEP][PASSED] - Statement - PreSaveFile = new java.io.File(((pathPrefix + java.lang.Integer.toString(counter)) + .png)): null

2018-12-06 23:27:22 - [TEST_STEP][PASSED] - Statement - counter = counter + 1: null

2018-12-06 23:27:22 - [TEST_STEP][PASSED] - Statement - PreSaveFile = new java.io.File(((pathPrefix + java.lang.Integer.toString(counter)) + .png)): null

2018-12-06 23:27:22 - [TEST_STEP][PASSED] - Statement - finalPath = pathPrefix + java.lang.Integer.toString(counter) + ".png": null

2018-12-06 23:27:22 - [TEST_STEP][PASSED] - Statement - SaveFile = new java.io.File(finalPath): null

2018-12-06 23:27:22 - [TEST_STEP][PASSED] - Statement - Try: null

2018-12-06 23:27:22 - [TEST_STEP][PASSED] - Statement - org.apache.commons.io.FileUtils.copyFile(scrFile, SaveFile): null

2018-12-06 23:27:22 - [TEST_STEP][PASSED] - Statement - out.println("file kept"): null

2018-12-06 23:27:22 - [TEST_STEP][PASSED] - delay: Delayed 10 second(s)

2018-12-06 23:27:32 - [MESSAGE][PASSED] - Delayed 10 second(s)

2018-12-06 23:27:32 - [MESSAGE][PASSED] - Call Test Case 'Test Cases/Final Aug 2018 - PKS Automation/Common/Screenshoting tool' successfully

2018-12-06 23:27:32 - [TEST_STEP][PASSED] - callTestCase: Call Test Case 'Test Cases/Final Aug 2018 - PKS Automation/Registration Module/Log Out/log out avoiding katalon tagging' successfully

2018-12-06 23:27:32 - [TEST_CASE][PASSED] - Test Cases/Final Aug 2018 - PKS Automation/Registration Module/Log Out/log out avoiding katalon tagging: Test Cases/Final Aug 2018 - PKS Automation/Registration Module/Log Out/log out avoiding katalon tagging

2018-12-06 23:27:32 - [TEST_STEP][PASSED] - navigateToUrl: Navigate to 'https://assist2-uat.perkeso.gov.my/c/portal/logout' successfully

2018-12-06 23:27:33 - [MESSAGE][PASSED] - Navigate to 'https://assist2-uat.perkeso.gov.my/c/portal/logout' successfully

2018-12-06 23:27:33 - [MESSAGE][PASSED] - Call Test Case 'Test Cases/Final Aug 2018 - PKS Automation/Registration Module/Log Out/log out avoiding katalon tagging' successfully

2018-12-06 23:27:33 - [TEST_STEP][PASSED] - callTestCase: Call Test Case 'Test Cases/Final Aug 2018 - PKS Automation/Common/Workflow Owner Finder' successfully

2018-12-06 23:27:33 - [TEST_CASE][PASSED] - Test Cases/Final Aug 2018 - PKS Automation/Common/Workflow Owner Finder: Test Cases/Final Aug 2018 - PKS Automation/Common/Workflow Owner Finder

2018-12-06 23:27:33 - [TEST_STEP][PASSED] - openBrowser: Browser is opened with url: ''

2018-12-06 23:27:33 - [MESSAGE][WARNING] - A browser is already opened. Closing browser and opening a new one

2018-12-06 23:27:37 - [MESSAGE][PASSED] - Browser is opened with url: ''

2018-12-06 23:27:37 - [TEST_STEP][PASSED] - navigateToUrl: Navigate to 'https://assist2-uat.perkeso.gov.my/login' successfully

2018-12-06 23:27:38 - [MESSAGE][PASSED] - Navigate to 'https://assist2-uat.perkeso.gov.my/login' successfully

2018-12-06 23:27:38 - [TEST_STEP][PASSED] - delay: Delayed 5 second(s)

2018-12-06 23:27:43 - [MESSAGE][PASSED] - Delayed 5 second(s)

2018-12-06 23:27:43 - [TEST_STEP][PASSED] - setText: Text 'test@liferay.com' is set on object 'Object Repository/Final Object Repo/Login Page/Internal User/Email Address'

2018-12-06 23:27:43 - [MESSAGE][PASSED] - Text 'test@liferay.com' is set on object 'Object Repository/Final Object Repo/Login Page/Internal User/Email Address'

2018-12-06 23:27:43 - [TEST_STEP][PASSED] - click: Object: 'Object Repository/Final Object Repo/Login Page/Internal User/Next Button' is clicked on

2018-12-06 23:27:44 - [MESSAGE][PASSED] - Object: 'Object Repository/Final Object Repo/Login Page/Internal User/Next Button' is clicked on

2018-12-06 23:27:44 - [TEST_STEP][PASSED] - delay: Delayed 2 second(s)

2018-12-06 23:27:46 - [MESSAGE][PASSED] - Delayed 2 second(s)

2018-12-06 23:27:46 - [TEST_STEP][PASSED] - setText: Text 'test' is set on object 'Object Repository/Final Object Repo/Login Page/Internal User/Password'

2018-12-06 23:27:46 - [MESSAGE][PASSED] - Text 'test' is set on object 'Object Repository/Final Object Repo/Login Page/Internal User/Password'

2018-12-06 23:27:46 - [TEST_STEP][PASSED] - delay: Delayed 2 second(s)

2018-12-06 23:27:48 - [MESSAGE][PASSED] - Delayed 2 second(s)

2018-12-06 23:27:48 - [TEST_STEP][PASSED] - click: Object: 'Object Repository/Final Object Repo/Login Page/Internal User/Login Button' is clicked on

2018-12-06 23:27:48 - [MESSAGE][PASSED] - Object: 'Object Repository/Final Object Repo/Login Page/Internal User/Login Button' is clicked on

2018-12-06 23:27:48 - [TEST_STEP][PASSED] - Statement - tester = com.kms.katalon.core.testobject.ObjectRepository.findTestObject(Final Object Repo/Landing Page/Select to English): Finding Test Object with id 'Object Repository/Final Object Repo/Landing Page/Select to English'

2018-12-06 23:27:48 - [TEST_STEP][PASSED] - Statement - Try: Delayed 2 second(s)

2018-12-06 23:27:48 - [TEST_STEP][PASSED] - Statement - Checker = com.kms.katalon.core.webui.keyword.WebUiBuiltInKeywords.verifyElementNotPresent(tester, 3): Web element with id: 'Object Repository/Final Object Repo/Landing Page/Select to English' located by 'By.xpath: //a[@class = 'taglib-language-list-text' and @lang = 'en-US' and (contains(text(), 'EN') or contains(., 'EN'))]' is not present after '3' second(s)

2018-12-06 23:27:50 - [MESSAGE][PASSED] - Web element with id: 'Object Repository/Final Object Repo/Landing Page/Select to English' located by 'By.xpath: //a[@class = 'taglib-language-list-text' and @lang = 'en-US' and (contains(text(), 'EN') or contains(., 'EN'))]' is not present after '3' second(s)

2018-12-06 23:27:50 - [TEST_STEP][PASSED] - Statement - If (Checker == false): null

2018-12-06 23:27:50 - [TEST_STEP][PASSED] - delay: Delayed 2 second(s)

2018-12-06 23:27:52 - [MESSAGE][PASSED] - Delayed 2 second(s)

2018-12-06 23:27:52 - [TEST_STEP][PASSED] - delay: Delayed 5 second(s)

2018-12-06 23:27:57 - [MESSAGE][PASSED] - Delayed 5 second(s)

2018-12-06 23:27:57 - [TEST_STEP][PASSED] - mouseOver: Object: 'Object Repository/Final Object Repo/Landing Page/WorkFlow Menu' is hovered

2018-12-06 23:27:57 - [MESSAGE][PASSED] - Object: 'Object Repository/Final Object Repo/Landing Page/WorkFlow Menu' is hovered

2018-12-06 23:27:57 - [TEST_STEP][PASSED] - delay: Delayed 2 second(s)

2018-12-06 23:27:59 - [MESSAGE][PASSED] - Delayed 2 second(s)

2018-12-06 23:27:59 - [TEST_STEP][PASSED] - click: Object: 'Object Repository/Final Object Repo/Landing Page/Select to Workflow Listing' is clicked on

2018-12-06 23:28:00 - [MESSAGE][PASSED] - Object: 'Object Repository/Final Object Repo/Landing Page/Select to Workflow Listing' is clicked on

2018-12-06 23:28:00 - [TEST_STEP][PASSED] - delay: Delayed 2 second(s)

2018-12-06 23:28:02 - [MESSAGE][PASSED] - Delayed 2 second(s)

2018-12-06 23:28:02 - [TEST_STEP][PASSED] - click: Object: 'Object Repository/Final Object Repo/WorkFlow Listing Page/Search Information - To Put Ref No' is clicked on

2018-12-06 23:28:02 - [MESSAGE][PASSED] - Object: 'Object Repository/Final Object Repo/WorkFlow Listing Page/Search Information - To Put Ref No' is clicked on

2018-12-06 23:28:02 - [TEST_STEP][PASSED] - delay: Delayed 2 second(s)

2018-12-06 23:28:04 - [MESSAGE][PASSED] - Delayed 2 second(s)

2018-12-06 23:28:04 - [TEST_STEP][PASSED] - callTestCase: Call Test Case 'Test Cases/Final Aug 2018 - PKS Automation/Common/Reference Number Getter' successfully

2018-12-06 23:28:04 - [TEST_CASE][PASSED] - Test Cases/Final Aug 2018 - PKS Automation/Common/Reference Number Getter: Test Cases/Final Aug 2018 - PKS Automation/Common/Reference Number Getter

2018-12-06 23:28:04 - [TEST_STEP][PASSED] - Statement - Try: null

2018-12-06 23:28:04 - [TEST_STEP][PASSED] - Statement - RefNo = new java.io.File(C://Users//Admin//Desktop//PKS//Automation Reference Point//KatalonReference.txt): null

2018-12-06 23:28:04 - [TEST_STEP][PASSED] - Statement - bufferread = new java.io.BufferedReader(new java.io.FileReader(RefNo)): null

2018-12-06 23:28:04 - [TEST_STEP][PASSED] - Statement - readedVal = bufferread.readLine(): null

2018-12-06 23:28:04 - [TEST_STEP][PASSED] - Statement - out.println(CaseReferenceNo): null

2018-12-06 23:28:04 - [TEST_STEP][PASSED] - Statement - out.println(readedVal): null

2018-12-06 23:28:04 - [TEST_STEP][PASSED] - Statement - CaseReferenceNo = "": null

2018-12-06 23:28:04 - [TEST_STEP][PASSED] - Statement - CaseReferenceNo = readedVal: null

2018-12-06 23:28:04 - [MESSAGE][PASSED] - Call Test Case 'Test Cases/Final Aug 2018 - PKS Automation/Common/Reference Number Getter' successfully

2018-12-06 23:28:04 - [TEST_STEP][PASSED] - setText: Text 'CAN12201800002268' is set on object 'Object Repository/Final Object Repo/WorkFlow Listing Page/Ref No Set Text'

2018-12-06 23:28:05 - [MESSAGE][PASSED] - Text 'CAN12201800002268' is set on object 'Object Repository/Final Object Repo/WorkFlow Listing Page/Ref No Set Text'

2018-12-06 23:28:05 - [TEST_STEP][PASSED] - delay: Delayed 2 second(s)

2018-12-06 23:28:07 - [MESSAGE][PASSED] - Delayed 2 second(s)

2018-12-06 23:28:07 - [TEST_STEP][PASSED] - click: Object: 'Object Repository/Final Object Repo/WorkFlow Listing Page/Search Ref No Search Button' is clicked on

2018-12-06 23:28:07 - [MESSAGE][PASSED] - Object: 'Object Repository/Final Object Repo/WorkFlow Listing Page/Search Ref No Search Button' is clicked on

2018-12-06 23:28:07 - [TEST_STEP][PASSED] - delay: Delayed 6 second(s)

2018-12-06 23:28:13 - [MESSAGE][PASSED] - Delayed 6 second(s)

2018-12-06 23:28:13 - [TEST_STEP][PASSED] - click: Object: 'Object Repository/Final Object Repo/WorkFlow Listing Page/Click Continue Tooltip' is clicked on

2018-12-06 23:28:14 - [MESSAGE][PASSED] - Object: 'Object Repository/Final Object Repo/WorkFlow Listing Page/Click Continue Tooltip' is clicked on

2018-12-06 23:28:14 - [TEST_STEP][PASSED] - delay: Delayed 5 second(s)

2018-12-06 23:28:19 - [MESSAGE][PASSED] - Delayed 5 second(s)

2018-12-06 23:28:19 - [TEST_STEP][PASSED] - doubleClick: Object: 'Object Repository/Final Object Repo/WorkFlow Listing Page/Workflow Found - Listing 1' is double clicked on

2018-12-06 23:28:19 - [MESSAGE][PASSED] - Object: 'Object Repository/Final Object Repo/WorkFlow Listing Page/Workflow Found - Listing 1' is double clicked on

2018-12-06 23:28:19 - [TEST_STEP][PASSED] - Statement - println(OwnerID): null

2018-12-06 23:28:19 - [TEST_STEP][PASSED] - Statement - OwnerID = com.kms.katalon.core.webui.keyword.WebUiBuiltInKeywords.getText(com.kms.katalon.core.testobject.ObjectRepository.findTestObject(Final Object Repo/WorkFlow Listing Page/Workflow Found - Listing 1), STOP_ON_FAILURE): Text of object 'Object Repository/Final Object Repo/WorkFlow Listing Page/Workflow Found - Listing 1' is: 'JOHORro3'

2018-12-06 23:28:19 - [MESSAGE][PASSED] - Text of object 'Object Repository/Final Object Repo/WorkFlow Listing Page/Workflow Found - Listing 1' is: 'JOHORro3'

2018-12-06 23:28:19 - [TEST_STEP][PASSED] - Statement - OwnerID = OwnerID.toLowerCase() + "@gmail.com": null

2018-12-06 23:28:19 - [TEST_STEP][PASSED] - Statement - println(OwnerID): null

2018-12-06 23:28:19 - [TEST_STEP][PASSED] - delay: Delayed 2 second(s)

2018-12-06 23:28:21 - [MESSAGE][PASSED] - Delayed 2 second(s)

2018-12-06 23:28:21 - [MESSAGE][PASSED] - Call Test Case 'Test Cases/Final Aug 2018 - PKS Automation/Common/Workflow Owner Finder' successfully

2018-12-06 23:28:21 - [TEST_STEP][PASSED] - callTestCase: Call Test Case 'Test Cases/Final Aug 2018 - PKS Automation/Registration Module/Log Out/log out avoiding katalon tagging' successfully

2018-12-06 23:28:21 - [TEST_CASE][PASSED] - Test Cases/Final Aug 2018 - PKS Automation/Registration Module/Log Out/log out avoiding katalon tagging: Test Cases/Final Aug 2018 - PKS Automation/Registration Module/Log Out/log out avoiding katalon tagging

2018-12-06 23:28:21 - [TEST_STEP][PASSED] - navigateToUrl: Navigate to 'https://assist2-uat.perkeso.gov.my/c/portal/logout' successfully

2018-12-06 23:28:22 - [MESSAGE][PASSED] - Navigate to 'https://assist2-uat.perkeso.gov.my/c/portal/logout' successfully

2018-12-06 23:28:22 - [MESSAGE][PASSED] - Call Test Case 'Test Cases/Final Aug 2018 - PKS Automation/Registration Module/Log Out/log out avoiding katalon tagging' successfully

2018-12-06 23:28:22 - [TEST_STEP][PASSED] - delay: Delayed 2 second(s)

2018-12-06 23:28:24 - [MESSAGE][PASSED] - Delayed 2 second(s)

2018-12-06 23:28:24 - [TEST_STEP][PASSED] - setText: Text 'johorro3@gmail.com' is set on object 'Object Repository/Final Object Repo/Page_Update Add New Employee - ASSIST/Email TextBox'

2018-12-06 23:28:24 - [MESSAGE][PASSED] - Text 'johorro3@gmail.com' is set on object 'Object Repository/Final Object Repo/Page_Update Add New Employee - ASSIST/Email TextBox'

2018-12-06 23:28:24 - [TEST_STEP][PASSED] - click: Object: 'Object Repository/Final Object Repo/Page_Update Add New Employee - ASSIST/Next Button' is clicked on

2018-12-06 23:28:24 - [MESSAGE][PASSED] - Object: 'Object Repository/Final Object Repo/Page_Update Add New Employee - ASSIST/Next Button' is clicked on

2018-12-06 23:28:24 - [TEST_STEP][PASSED] - delay: Delayed 2 second(s)

2018-12-06 23:28:26 - [MESSAGE][PASSED] - Delayed 2 second(s)

2018-12-06 23:28:26 - [TEST_STEP][PASSED] - setText: Text 'Test1@3456789' is set on object 'Object Repository/Final Object Repo/Page_Update Add New Employee - ASSIST/Password TextBox'

2018-12-06 23:28:27 - [MESSAGE][PASSED] - Text 'Test1@3456789' is set on object 'Object Repository/Final Object Repo/Page_Update Add New Employee - ASSIST/Password TextBox'

2018-12-06 23:28:27 - [TEST_STEP][PASSED] - delay: Delayed 2 second(s)

2018-12-06 23:28:29 - [MESSAGE][PASSED] - Delayed 2 second(s)

2018-12-06 23:28:29 - [TEST_STEP][PASSED] - click: Object: 'Object Repository/Final Object Repo/Page_Update Add New Employee - ASSIST/Login Button' is clicked on

2018-12-06 23:28:29 - [MESSAGE][PASSED] - Object: 'Object Repository/Final Object Repo/Page_Update Add New Employee - ASSIST/Login Button' is clicked on

2018-12-06 23:28:29 - [TEST_STEP][PASSED] - delay: Delayed 4 second(s)

2018-12-06 23:28:33 - [MESSAGE][PASSED] - Delayed 4 second(s)

2018-12-06 23:28:33 - [TEST_STEP][PASSED] - Statement - Try: Delayed 2 second(s)

2018-12-06 23:28:33 - [TEST_STEP][PASSED] - Statement - Checker = false: null

2018-12-06 23:28:33 - [TEST_STEP][PASSED] - Statement - Checker = com.kms.katalon.core.webui.keyword.WebUiBuiltInKeywords.verifyElementHasAttribute(com.kms.katalon.core.testobject.ObjectRepository.findTestObject(Final Object Repo/Landing Page/BM Detecting), "href", 20, OPTIONAL): Object 'Object Repository/Final Object Repo/Landing Page/BM Detecting' has attribute 'href'

2018-12-06 23:28:33 - [MESSAGE][PASSED] - Object 'Object Repository/Final Object Repo/Landing Page/BM Detecting' has attribute 'href'

2018-12-06 23:28:33 - [TEST_STEP][PASSED] - Statement - out.println(Checker): null

2018-12-06 23:28:33 - [TEST_STEP][PASSED] - Statement - If (Checker == false): null

2018-12-06 23:28:33 - [TEST_STEP][PASSED] - Statement - Else: null

2018-12-06 23:28:33 - [TEST_STEP][PASSED] - delay: Delayed 2 second(s)

2018-12-06 23:28:35 - [MESSAGE][PASSED] - Delayed 2 second(s)

2018-12-06 23:28:35 - [TEST_STEP][PASSED] - delay: Delayed 4 second(s)

2018-12-06 23:28:39 - [MESSAGE][PASSED] - Delayed 4 second(s)

2018-12-06 23:28:39 - [TEST_STEP][PASSED] - click: Object: 'Object Repository/Final Object Repo/New Registration - Registration Module Pages/New Reg - OTC to RO/Special Case - All Related Objects/Expand to Search' is clicked on

2018-12-06 23:28:39 - [MESSAGE][PASSED] - Object: 'Object Repository/Final Object Repo/New Registration - Registration Module Pages/New Reg - OTC to RO/Special Case - All Related Objects/Expand to Search' is clicked on

2018-12-06 23:28:39 - [TEST_STEP][FAILED] - setText: Unable to set text 'CAN12201800002268' of object 'Object Repository/Final Object Repo/New Registration - Registration Module Pages/New Reg - OTC to RO/Special Case - All Related Objects/TextBox RefNo in Workbasket' (Root cause: org.openqa.selenium.ElementNotVisibleException: element not interactable
  (Session info: chrome=70.0.3538.110)
  (Driver info: chromedriver=2.43.600210 (68dcf5eebde37173d4027fa8635e332711d2874a),platform=Windows NT 6.1.7601 SP1 x86_64) (WARNING: The server did not provide any stacktrace information)
Command duration or timeout: 0 milliseconds
Build info: version: '3.7.1', revision: '8a0099a', time: '2017-11-06T21:07:36.161Z'
System info: host: 'WIN7TEST02', ip: '10.20.3.72', os.name: 'Windows 7', os.arch: 'amd64', os.version: '6.1', java.version: '1.8.0_181'
Driver info: com.kms.katalon.selenium.driver.CChromeDriver
Capabilities {acceptInsecureCerts: false, acceptSslCerts: false, applicationCacheEnabled: false, browserConnectionEnabled: false, browserName: chrome, chrome: {chromedriverVersion: 2.43.600210 (68dcf5eebde371..., userDataDir: C:\Users\Admin\AppData\Loca...}, cssSelectorsEnabled: true, databaseEnabled: false, goog:chromeOptions: {debuggerAddress: localhost:62308}, handlesAlerts: true, hasTouchScreen: false, javascriptEnabled: true, locationContextEnabled: true, mobileEmulationEnabled: false, nativeEvents: true, networkConnectionEnabled: false, pageLoadStrategy: normal, platform: XP, platformName: XP, rotatable: false, setWindowRect: true, takesHeapSnapshot: true, takesScreenshot: true, unexpectedAlertBehaviour: , unhandledPromptBehavior: , version: 70.0.3538.110, webStorageEnabled: true}
Session ID: 097293880d625c192b5c5ac56a3fb855)

2018-12-06 23:28:39 - [MESSAGE][FAILED] - Unable to set text 'CAN12201800002268' of object 'Object Repository/Final Object Repo/New Registration - Registration Module Pages/New Reg - OTC to RO/Special Case - All Related Objects/TextBox RefNo in Workbasket' (Root cause: org.openqa.selenium.ElementNotVisibleException: element not interactable
  (Session info: chrome=70.0.3538.110)
  (Driver info: chromedriver=2.43.600210 (68dcf5eebde37173d4027fa8635e332711d2874a),platform=Windows NT 6.1.7601 SP1 x86_64) (WARNING: The server did not provide any stacktrace information)
Command duration or timeout: 0 milliseconds
Build info: version: '3.7.1', revision: '8a0099a', time: '2017-11-06T21:07:36.161Z'
System info: host: 'WIN7TEST02', ip: '10.20.3.72', os.name: 'Windows 7', os.arch: 'amd64', os.version: '6.1', java.version: '1.8.0_181'
Driver info: com.kms.katalon.selenium.driver.CChromeDriver
Capabilities {acceptInsecureCerts: false, acceptSslCerts: false, applicationCacheEnabled: false, browserConnectionEnabled: false, browserName: chrome, chrome: {chromedriverVersion: 2.43.600210 (68dcf5eebde371..., userDataDir: C:\Users\Admin\AppData\Loca...}, cssSelectorsEnabled: true, databaseEnabled: false, goog:chromeOptions: {debuggerAddress: localhost:62308}, handlesAlerts: true, hasTouchScreen: false, javascriptEnabled: true, locationContextEnabled: true, mobileEmulationEnabled: false, nativeEvents: true, networkConnectionEnabled: false, pageLoadStrategy: normal, platform: XP, platformName: XP, rotatable: false, setWindowRect: true, takesHeapSnapshot: true, takesScreenshot: true, unexpectedAlertBehaviour: , unhandledPromptBehavior: , version: 70.0.3538.110, webStorageEnabled: true}
Session ID: 097293880d625c192b5c5ac56a3fb855)
[[ATTACHMENT|C:\\Users\\Admin\\Desktop\\PKS\\Perkeso Phase A\\Reports\\Workflow\\Update Add New Employee\\20181206_171415\\1544110119502.png]]

2018-12-06 23:28:39 - [TEST_STEP][PASSED] - delay: Delayed 2 second(s)

2018-12-06 23:28:41 - [MESSAGE][PASSED] - Delayed 2 second(s)

2018-12-06 23:28:41 - [TEST_STEP][PASSED] - click: Object: 'Object Repository/Final Object Repo/New Registration - Registration Module Pages/New Reg - OTC to RO/Special Case - All Related Objects/Click Search' is clicked on

2018-12-06 23:28:42 - [MESSAGE][PASSED] - Object: 'Object Repository/Final Object Repo/New Registration - Registration Module Pages/New Reg - OTC to RO/Special Case - All Related Objects/Click Search' is clicked on

2018-12-06 23:28:42 - [TEST_STEP][PASSED] - delay: Delayed 2 second(s)

2018-12-06 23:28:44 - [MESSAGE][PASSED] - Delayed 2 second(s)

2018-12-06 23:28:44 - [TEST_STEP][PASSED] - click: Object: 'Object Repository/Final Object Repo/New Registration - Registration Module Pages/New Reg - OTC to RO/Special Case - All Related Objects/Click to Continue Workflow' is clicked on

2018-12-06 23:28:47 - [MESSAGE][PASSED] - Object: 'Object Repository/Final Object Repo/New Registration - Registration Module Pages/New Reg - OTC to RO/Special Case - All Related Objects/Click to Continue Workflow' is clicked on

2018-12-06 23:28:47 - [TEST_STEP][PASSED] - delay: Delayed 10 second(s)

2018-12-06 23:28:57 - [MESSAGE][PASSED] - Delayed 10 second(s)

2018-12-06 23:28:57 - [TEST_STEP][PASSED] - click: Object: 'Object Repository/Final Object Repo/New Registration - Registration Module Pages/New Reg - OTC to RO/Special Case - All Related Objects/Continue Button in verifying case' is clicked on

2018-12-06 23:29:01 - [MESSAGE][PASSED] - Object: 'Object Repository/Final Object Repo/New Registration - Registration Module Pages/New Reg - OTC to RO/Special Case - All Related Objects/Continue Button in verifying case' is clicked on

2018-12-06 23:29:01 - [TEST_STEP][PASSED] - delay: Delayed 2 second(s)

2018-12-06 23:29:03 - [MESSAGE][PASSED] - Delayed 2 second(s)

2018-12-06 23:29:03 - [TEST_STEP][PASSED] - click: Object: 'Object Repository/Final Object Repo/Page_Update Add New Employee - ASSIST/Save  Continue Button' is clicked on

2018-12-06 23:29:03 - [MESSAGE][PASSED] - Object: 'Object Repository/Final Object Repo/Page_Update Add New Employee - ASSIST/Save  Continue Button' is clicked on

2018-12-06 23:29:03 - [TEST_STEP][PASSED] - delay: Delayed 4 second(s)

2018-12-06 23:29:07 - [MESSAGE][PASSED] - Delayed 4 second(s)

2018-12-06 23:29:07 - [TEST_STEP][PASSED] - click: Object: 'Object Repository/Final Object Repo/Page_Update Add New Employee - ASSIST/Save  Continue Third Screen' is clicked on

2018-12-06 23:29:10 - [MESSAGE][PASSED] - Object: 'Object Repository/Final Object Repo/Page_Update Add New Employee - ASSIST/Save  Continue Third Screen' is clicked on

2018-12-06 23:29:10 - [TEST_STEP][PASSED] - delay: Delayed 4 second(s)

2018-12-06 23:29:14 - [MESSAGE][PASSED] - Delayed 4 second(s)

2018-12-06 23:29:14 - [TEST_STEP][PASSED] - click: Object: 'Object Repository/Final Object Repo/Page_Update Add New Employee - ASSIST/Save   Continue Supporting Doc Page' is clicked on

2018-12-06 23:29:14 - [MESSAGE][PASSED] - Object: 'Object Repository/Final Object Repo/Page_Update Add New Employee - ASSIST/Save   Continue Supporting Doc Page' is clicked on

2018-12-06 23:29:14 - [TEST_STEP][PASSED] - delay: Delayed 4 second(s)

2018-12-06 23:29:18 - [MESSAGE][PASSED] - Delayed 4 second(s)

2018-12-06 23:29:18 - [TEST_STEP][PASSED] - click: Object: 'Object Repository/Final Object Repo/Page_Update Add New Employee - ASSIST/Submit Button' is clicked on

2018-12-06 23:29:18 - [MESSAGE][PASSED] - Object: 'Object Repository/Final Object Repo/Page_Update Add New Employee - ASSIST/Submit Button' is clicked on

2018-12-06 23:29:18 - [TEST_STEP][PASSED] - delay: Delayed 4 second(s)

2018-12-06 23:29:22 - [MESSAGE][PASSED] - Delayed 4 second(s)

2018-12-06 23:29:22 - [TEST_STEP][PASSED] - click: Object: 'Object Repository/Final Object Repo/Page_Update Add New Employee - ASSIST/Confirm Submit Button' is clicked on

2018-12-06 23:29:22 - [MESSAGE][PASSED] - Object: 'Object Repository/Final Object Repo/Page_Update Add New Employee - ASSIST/Confirm Submit Button' is clicked on

2018-12-06 23:29:22 - [TEST_STEP][PASSED] - delay: Delayed 30 second(s)

2018-12-06 23:29:52 - [MESSAGE][PASSED] - Delayed 30 second(s)

2018-12-06 23:29:52 - [TEST_STEP][PASSED] - callTestCase: Call Test Case 'Test Cases/Final Aug 2018 - PKS Automation/Common/Screenshoting tool' successfully

2018-12-06 23:29:52 - [TEST_CASE][PASSED] - Test Cases/Final Aug 2018 - PKS Automation/Common/Screenshoting tool: Test Cases/Final Aug 2018 - PKS Automation/Common/Screenshoting tool

2018-12-06 23:29:52 - [TEST_STEP][PASSED] - delay: Delayed 15 second(s)

2018-12-06 23:30:07 - [MESSAGE][PASSED] - Delayed 15 second(s)

2018-12-06 23:30:07 - [TEST_STEP][PASSED] - Statement - driver = com.kms.katalon.core.webui.driver.DriverFactory.getWebDriver(): null

2018-12-06 23:30:07 - [TEST_STEP][PASSED] - Statement - driver.manage().timeouts().implicitlyWait(10, SECONDS): null

2018-12-06 23:30:07 - [TEST_STEP][PASSED] - Statement - PresavePath = KatalonScreenshots: null

2018-12-06 23:30:07 - [TEST_STEP][PASSED] - Statement - pathPrefix = "C:\Users\Public\Pictures\Sample Pictures\Katalon Screenshots\Automate Ending Screen": null

2018-12-06 23:30:07 - [TEST_STEP][PASSED] - Statement - finalPath = <not implemented yet for class: org.codehaus.groovy.ast.expr.EmptyExpression>: null

2018-12-06 23:30:07 - [TEST_STEP][PASSED] - Statement - scrFile = driver.getScreenshotAs(FILE): null

2018-12-06 23:30:08 - [TEST_STEP][PASSED] - Statement - PreSaveFile = new java.io.File(PresavePath): null

2018-12-06 23:30:08 - [TEST_STEP][PASSED] - Statement - counter = 0: null

2018-12-06 23:30:08 - [TEST_STEP][PASSED] - Statement - If (PreSaveFile.exists()): null

2018-12-06 23:30:08 - [TEST_STEP][PASSED] - Statement - While (PreSaveFile.exists()): null

2018-12-06 23:30:08 - [TEST_STEP][PASSED] - Statement - counter = counter + 1: null

2018-12-06 23:30:08 - [TEST_STEP][PASSED] - Statement - PreSaveFile = new java.io.File(((pathPrefix + java.lang.Integer.toString(counter)) + .png)): null

2018-12-06 23:30:08 - [TEST_STEP][PASSED] - Statement - counter = counter + 1: null

2018-12-06 23:30:08 - [TEST_STEP][PASSED] - Statement - PreSaveFile = new java.io.File(((pathPrefix + java.lang.Integer.toString(counter)) + .png)): null

2018-12-06 23:30:08 - [TEST_STEP][PASSED] - Statement - counter = counter + 1: null

2018-12-06 23:30:08 - [TEST_STEP][PASSED] - Statement - PreSaveFile = new java.io.File(((pathPrefix + java.lang.Integer.toString(counter)) + .png)): null

2018-12-06 23:30:08 - [TEST_STEP][PASSED] - Statement - counter = counter + 1: null

2018-12-06 23:30:08 - [TEST_STEP][PASSED] - Statement - PreSaveFile = new java.io.File(((pathPrefix + java.lang.Integer.toString(counter)) + .png)): null

2018-12-06 23:30:08 - [TEST_STEP][PASSED] - Statement - counter = counter + 1: null

2018-12-06 23:30:08 - [TEST_STEP][PASSED] - Statement - PreSaveFile = new java.io.File(((pathPrefix + java.lang.Integer.toString(counter)) + .png)): null

2018-12-06 23:30:08 - [TEST_STEP][PASSED] - Statement - counter = counter + 1: null

2018-12-06 23:30:08 - [TEST_STEP][PASSED] - Statement - PreSaveFile = new java.io.File(((pathPrefix + java.lang.Integer.toString(counter)) + .png)): null

2018-12-06 23:30:08 - [TEST_STEP][PASSED] - Statement - counter = counter + 1: null

2018-12-06 23:30:08 - [TEST_STEP][PASSED] - Statement - PreSaveFile = new java.io.File(((pathPrefix + java.lang.Integer.toString(counter)) + .png)): null

2018-12-06 23:30:08 - [TEST_STEP][PASSED] - Statement - counter = counter + 1: null

2018-12-06 23:30:08 - [TEST_STEP][PASSED] - Statement - PreSaveFile = new java.io.File(((pathPrefix + java.lang.Integer.toString(counter)) + .png)): null

2018-12-06 23:30:08 - [TEST_STEP][PASSED] - Statement - counter = counter + 1: null

2018-12-06 23:30:08 - [TEST_STEP][PASSED] - Statement - PreSaveFile = new java.io.File(((pathPrefix + java.lang.Integer.toString(counter)) + .png)): null

2018-12-06 23:30:08 - [TEST_STEP][PASSED] - Statement - counter = counter + 1: null

2018-12-06 23:30:08 - [TEST_STEP][PASSED] - Statement - PreSaveFile = new java.io.File(((pathPrefix + java.lang.Integer.toString(counter)) + .png)): null

2018-12-06 23:30:08 - [TEST_STEP][PASSED] - Statement - counter = counter + 1: null

2018-12-06 23:30:08 - [TEST_STEP][PASSED] - Statement - PreSaveFile = new java.io.File(((pathPrefix + java.lang.Integer.toString(counter)) + .png)): null

2018-12-06 23:30:08 - [TEST_STEP][PASSED] - Statement - counter = counter + 1: null

2018-12-06 23:30:08 - [TEST_STEP][PASSED] - Statement - PreSaveFile = new java.io.File(((pathPrefix + java.lang.Integer.toString(counter)) + .png)): null

2018-12-06 23:30:08 - [TEST_STEP][PASSED] - Statement - counter = counter + 1: null

2018-12-06 23:30:08 - [TEST_STEP][PASSED] - Statement - PreSaveFile = new java.io.File(((pathPrefix + java.lang.Integer.toString(counter)) + .png)): null

2018-12-06 23:30:08 - [TEST_STEP][PASSED] - Statement - counter = counter + 1: null

2018-12-06 23:30:08 - [TEST_STEP][PASSED] - Statement - PreSaveFile = new java.io.File(((pathPrefix + java.lang.Integer.toString(counter)) + .png)): null

2018-12-06 23:30:08 - [TEST_STEP][PASSED] - Statement - counter = counter + 1: null

2018-12-06 23:30:08 - [TEST_STEP][PASSED] - Statement - PreSaveFile = new java.io.File(((pathPrefix + java.lang.Integer.toString(counter)) + .png)): null

2018-12-06 23:30:08 - [TEST_STEP][PASSED] - Statement - counter = counter + 1: null

2018-12-06 23:30:08 - [TEST_STEP][PASSED] - Statement - PreSaveFile = new java.io.File(((pathPrefix + java.lang.Integer.toString(counter)) + .png)): null

2018-12-06 23:30:08 - [TEST_STEP][PASSED] - Statement - counter = counter + 1: null

2018-12-06 23:30:08 - [TEST_STEP][PASSED] - Statement - PreSaveFile = new java.io.File(((pathPrefix + java.lang.Integer.toString(counter)) + .png)): null

2018-12-06 23:30:08 - [TEST_STEP][PASSED] - Statement - counter = counter + 1: null

2018-12-06 23:30:08 - [TEST_STEP][PASSED] - Statement - PreSaveFile = new java.io.File(((pathPrefix + java.lang.Integer.toString(counter)) + .png)): null

2018-12-06 23:30:08 - [TEST_STEP][PASSED] - Statement - counter = counter + 1: null

2018-12-06 23:30:08 - [TEST_STEP][PASSED] - Statement - PreSaveFile = new java.io.File(((pathPrefix + java.lang.Integer.toString(counter)) + .png)): null

2018-12-06 23:30:08 - [TEST_STEP][PASSED] - Statement - counter = counter + 1: null

2018-12-06 23:30:08 - [TEST_STEP][PASSED] - Statement - PreSaveFile = new java.io.File(((pathPrefix + java.lang.Integer.toString(counter)) + .png)): null

2018-12-06 23:30:08 - [TEST_STEP][PASSED] - Statement - counter = counter + 1: null

2018-12-06 23:30:08 - [TEST_STEP][PASSED] - Statement - PreSaveFile = new java.io.File(((pathPrefix + java.lang.Integer.toString(counter)) + .png)): null

2018-12-06 23:30:08 - [TEST_STEP][PASSED] - Statement - counter = counter + 1: null

2018-12-06 23:30:08 - [TEST_STEP][PASSED] - Statement - PreSaveFile = new java.io.File(((pathPrefix + java.lang.Integer.toString(counter)) + .png)): null

2018-12-06 23:30:08 - [TEST_STEP][PASSED] - Statement - counter = counter + 1: null

2018-12-06 23:30:08 - [TEST_STEP][PASSED] - Statement - PreSaveFile = new java.io.File(((pathPrefix + java.lang.Integer.toString(counter)) + .png)): null

2018-12-06 23:30:08 - [TEST_STEP][PASSED] - Statement - counter = counter + 1: null

2018-12-06 23:30:08 - [TEST_STEP][PASSED] - Statement - PreSaveFile = new java.io.File(((pathPrefix + java.lang.Integer.toString(counter)) + .png)): null

2018-12-06 23:30:08 - [TEST_STEP][PASSED] - Statement - counter = counter + 1: null

2018-12-06 23:30:08 - [TEST_STEP][PASSED] - Statement - PreSaveFile = new java.io.File(((pathPrefix + java.lang.Integer.toString(counter)) + .png)): null

2018-12-06 23:30:08 - [TEST_STEP][PASSED] - Statement - counter = counter + 1: null

2018-12-06 23:30:08 - [TEST_STEP][PASSED] - Statement - PreSaveFile = new java.io.File(((pathPrefix + java.lang.Integer.toString(counter)) + .png)): null

2018-12-06 23:30:08 - [TEST_STEP][PASSED] - Statement - counter = counter + 1: null

2018-12-06 23:30:08 - [TEST_STEP][PASSED] - Statement - PreSaveFile = new java.io.File(((pathPrefix + java.lang.Integer.toString(counter)) + .png)): null

2018-12-06 23:30:08 - [TEST_STEP][PASSED] - Statement - counter = counter + 1: null

2018-12-06 23:30:08 - [TEST_STEP][PASSED] - Statement - PreSaveFile = new java.io.File(((pathPrefix + java.lang.Integer.toString(counter)) + .png)): null

2018-12-06 23:30:08 - [TEST_STEP][PASSED] - Statement - counter = counter + 1: null

2018-12-06 23:30:08 - [TEST_STEP][PASSED] - Statement - PreSaveFile = new java.io.File(((pathPrefix + java.lang.Integer.toString(counter)) + .png)): null

2018-12-06 23:30:08 - [TEST_STEP][PASSED] - Statement - counter = counter + 1: null

2018-12-06 23:30:08 - [TEST_STEP][PASSED] - Statement - PreSaveFile = new java.io.File(((pathPrefix + java.lang.Integer.toString(counter)) + .png)): null

2018-12-06 23:30:08 - [TEST_STEP][PASSED] - Statement - counter = counter + 1: null

2018-12-06 23:30:08 - [TEST_STEP][PASSED] - Statement - PreSaveFile = new java.io.File(((pathPrefix + java.lang.Integer.toString(counter)) + .png)): null

2018-12-06 23:30:08 - [TEST_STEP][PASSED] - Statement - counter = counter + 1: null

2018-12-06 23:30:08 - [TEST_STEP][PASSED] - Statement - PreSaveFile = new java.io.File(((pathPrefix + java.lang.Integer.toString(counter)) + .png)): null

2018-12-06 23:30:08 - [TEST_STEP][PASSED] - Statement - counter = counter + 1: null

2018-12-06 23:30:08 - [TEST_STEP][PASSED] - Statement - PreSaveFile = new java.io.File(((pathPrefix + java.lang.Integer.toString(counter)) + .png)): null

2018-12-06 23:30:08 - [TEST_STEP][PASSED] - Statement - counter = counter + 1: null

2018-12-06 23:30:08 - [TEST_STEP][PASSED] - Statement - PreSaveFile = new java.io.File(((pathPrefix + java.lang.Integer.toString(counter)) + .png)): null

2018-12-06 23:30:08 - [TEST_STEP][PASSED] - Statement - counter = counter + 1: null

2018-12-06 23:30:08 - [TEST_STEP][PASSED] - Statement - PreSaveFile = new java.io.File(((pathPrefix + java.lang.Integer.toString(counter)) + .png)): null

2018-12-06 23:30:08 - [TEST_STEP][PASSED] - Statement - counter = counter + 1: null

2018-12-06 23:30:08 - [TEST_STEP][PASSED] - Statement - PreSaveFile = new java.io.File(((pathPrefix + java.lang.Integer.toString(counter)) + .png)): null

2018-12-06 23:30:08 - [TEST_STEP][PASSED] - Statement - counter = counter + 1: null

2018-12-06 23:30:08 - [TEST_STEP][PASSED] - Statement - PreSaveFile = new java.io.File(((pathPrefix + java.lang.Integer.toString(counter)) + .png)): null

2018-12-06 23:30:08 - [TEST_STEP][PASSED] - Statement - counter = counter + 1: null

2018-12-06 23:30:08 - [TEST_STEP][PASSED] - Statement - PreSaveFile = new java.io.File(((pathPrefix + java.lang.Integer.toString(counter)) + .png)): null

2018-12-06 23:30:08 - [TEST_STEP][PASSED] - Statement - counter = counter + 1: null

2018-12-06 23:30:08 - [TEST_STEP][PASSED] - Statement - PreSaveFile = new java.io.File(((pathPrefix + java.lang.Integer.toString(counter)) + .png)): null

2018-12-06 23:30:08 - [TEST_STEP][PASSED] - Statement - counter = counter + 1: null

2018-12-06 23:30:08 - [TEST_STEP][PASSED] - Statement - PreSaveFile = new java.io.File(((pathPrefix + java.lang.Integer.toString(counter)) + .png)): null

2018-12-06 23:30:08 - [TEST_STEP][PASSED] - Statement - counter = counter + 1: null

2018-12-06 23:30:08 - [TEST_STEP][PASSED] - Statement - PreSaveFile = new java.io.File(((pathPrefix + java.lang.Integer.toString(counter)) + .png)): null

2018-12-06 23:30:08 - [TEST_STEP][PASSED] - Statement - counter = counter + 1: null

2018-12-06 23:30:08 - [TEST_STEP][PASSED] - Statement - PreSaveFile = new java.io.File(((pathPrefix + java.lang.Integer.toString(counter)) + .png)): null

2018-12-06 23:30:08 - [TEST_STEP][PASSED] - Statement - counter = counter + 1: null

2018-12-06 23:30:08 - [TEST_STEP][PASSED] - Statement - PreSaveFile = new java.io.File(((pathPrefix + java.lang.Integer.toString(counter)) + .png)): null

2018-12-06 23:30:08 - [TEST_STEP][PASSED] - Statement - counter = counter + 1: null

2018-12-06 23:30:08 - [TEST_STEP][PASSED] - Statement - PreSaveFile = new java.io.File(((pathPrefix + java.lang.Integer.toString(counter)) + .png)): null

2018-12-06 23:30:08 - [TEST_STEP][PASSED] - Statement - counter = counter + 1: null

2018-12-06 23:30:08 - [TEST_STEP][PASSED] - Statement - PreSaveFile = new java.io.File(((pathPrefix + java.lang.Integer.toString(counter)) + .png)): null

2018-12-06 23:30:08 - [TEST_STEP][PASSED] - Statement - counter = counter + 1: null

2018-12-06 23:30:08 - [TEST_STEP][PASSED] - Statement - PreSaveFile = new java.io.File(((pathPrefix + java.lang.Integer.toString(counter)) + .png)): null

2018-12-06 23:30:08 - [TEST_STEP][PASSED] - Statement - counter = counter + 1: null

2018-12-06 23:30:08 - [TEST_STEP][PASSED] - Statement - PreSaveFile = new java.io.File(((pathPrefix + java.lang.Integer.toString(counter)) + .png)): null

2018-12-06 23:30:08 - [TEST_STEP][PASSED] - Statement - counter = counter + 1: null

2018-12-06 23:30:08 - [TEST_STEP][PASSED] - Statement - PreSaveFile = new java.io.File(((pathPrefix + java.lang.Integer.toString(counter)) + .png)): null

2018-12-06 23:30:08 - [TEST_STEP][PASSED] - Statement - counter = counter + 1: null

2018-12-06 23:30:08 - [TEST_STEP][PASSED] - Statement - PreSaveFile = new java.io.File(((pathPrefix + java.lang.Integer.toString(counter)) + .png)): null

2018-12-06 23:30:08 - [TEST_STEP][PASSED] - Statement - counter = counter + 1: null

2018-12-06 23:30:08 - [TEST_STEP][PASSED] - Statement - PreSaveFile = new java.io.File(((pathPrefix + java.lang.Integer.toString(counter)) + .png)): null

2018-12-06 23:30:08 - [TEST_STEP][PASSED] - Statement - counter = counter + 1: null

2018-12-06 23:30:08 - [TEST_STEP][PASSED] - Statement - PreSaveFile = new java.io.File(((pathPrefix + java.lang.Integer.toString(counter)) + .png)): null

2018-12-06 23:30:08 - [TEST_STEP][PASSED] - Statement - counter = counter + 1: null

2018-12-06 23:30:08 - [TEST_STEP][PASSED] - Statement - PreSaveFile = new java.io.File(((pathPrefix + java.lang.Integer.toString(counter)) + .png)): null

2018-12-06 23:30:08 - [TEST_STEP][PASSED] - Statement - counter = counter + 1: null

2018-12-06 23:30:08 - [TEST_STEP][PASSED] - Statement - PreSaveFile = new java.io.File(((pathPrefix + java.lang.Integer.toString(counter)) + .png)): null

2018-12-06 23:30:08 - [TEST_STEP][PASSED] - Statement - counter = counter + 1: null

2018-12-06 23:30:08 - [TEST_STEP][PASSED] - Statement - PreSaveFile = new java.io.File(((pathPrefix + java.lang.Integer.toString(counter)) + .png)): null

2018-12-06 23:30:08 - [TEST_STEP][PASSED] - Statement - counter = counter + 1: null

2018-12-06 23:30:08 - [TEST_STEP][PASSED] - Statement - PreSaveFile = new java.io.File(((pathPrefix + java.lang.Integer.toString(counter)) + .png)): null

2018-12-06 23:30:08 - [TEST_STEP][PASSED] - Statement - finalPath = pathPrefix + java.lang.Integer.toString(counter) + ".png": null

2018-12-06 23:30:08 - [TEST_STEP][PASSED] - Statement - SaveFile = new java.io.File(finalPath): null

2018-12-06 23:30:08 - [TEST_STEP][PASSED] - Statement - Try: null

2018-12-06 23:30:08 - [TEST_STEP][PASSED] - Statement - org.apache.commons.io.FileUtils.copyFile(scrFile, SaveFile): null

2018-12-06 23:30:08 - [TEST_STEP][PASSED] - Statement - out.println("file kept"): null

2018-12-06 23:30:08 - [TEST_STEP][PASSED] - delay: Delayed 10 second(s)

2018-12-06 23:30:18 - [MESSAGE][PASSED] - Delayed 10 second(s)

2018-12-06 23:30:18 - [MESSAGE][PASSED] - Call Test Case 'Test Cases/Final Aug 2018 - PKS Automation/Common/Screenshoting tool' successfully]]></system-out>
         <system-err><![CDATA[2018-12-06 23:14:17 - [TEST_CASE][FAILED] - Test Cases/Final Aug 2018 - PKS Automation/Registration Module/Workflow/Update Add New Employee/Special Case (Employer - RO Under Enforcement): Test Cases/Final Aug 2018 - PKS Automation/Registration Module/Workflow/Update Add New Employee/Special Case (Employer - RO Under Enforcement) FAILED because (of) (Stack trace: com.kms.katalon.core.exception.StepFailedException: Unable to set text 'CAN12201800002268' of object 'Object Repository/Final Object Repo/New Registration - Registration Module Pages/New Reg - OTC to RO/Special Case - All Related Objects/TextBox RefNo in Workbasket' (Root cause: org.openqa.selenium.ElementNotVisibleException: element not interactable
  (Session info: chrome=70.0.3538.110)
  (Driver info: chromedriver=2.43.600210 (68dcf5eebde37173d4027fa8635e332711d2874a),platform=Windows NT 6.1.7601 SP1 x86_64) (WARNING: The server did not provide any stacktrace information)
Command duration or timeout: 0 milliseconds
Build info: version: '3.7.1', revision: '8a0099a', time: '2017-11-06T21:07:36.161Z'
System info: host: 'WIN7TEST02', ip: '10.20.3.72', os.name: 'Windows 7', os.arch: 'amd64', os.version: '6.1', java.version: '1.8.0_181'
Driver info: com.kms.katalon.selenium.driver.CChromeDriver
Capabilities {acceptInsecureCerts: false, acceptSslCerts: false, applicationCacheEnabled: false, browserConnectionEnabled: false, browserName: chrome, chrome: {chromedriverVersion: 2.43.600210 (68dcf5eebde371..., userDataDir: C:\Users\Admin\AppData\Loca...}, cssSelectorsEnabled: true, databaseEnabled: false, goog:chromeOptions: {debuggerAddress: localhost:62259}, handlesAlerts: true, hasTouchScreen: false, javascriptEnabled: true, locationContextEnabled: true, mobileEmulationEnabled: false, nativeEvents: true, networkConnectionEnabled: false, pageLoadStrategy: normal, platform: XP, platformName: XP, rotatable: false, setWindowRect: true, takesHeapSnapshot: true, takesScreenshot: true, unexpectedAlertBehaviour: , unhandledPromptBehavior: , version: 70.0.3538.110, webStorageEnabled: true}
Session ID: 94114d063916b1a9b5344aa878ec0152)
	at com.kms.katalon.core.keyword.internal.KeywordMain.stepFailed(KeywordMain.groovy:32)
	at com.kms.katalon.core.webui.keyword.internal.WebUIKeywordMain.stepFailed(WebUIKeywordMain.groovy:65)
	at com.kms.katalon.core.webui.keyword.internal.WebUIKeywordMain.runKeyword(WebUIKeywordMain.groovy:27)
	at com.kms.katalon.core.webui.keyword.builtin.SetTextKeyword.setText(SetTextKeyword.groovy:65)
	at com.kms.katalon.core.webui.keyword.builtin.SetTextKeyword.execute(SetTextKeyword.groovy:37)
	at com.kms.katalon.core.keyword.internal.KeywordExecutor.executeKeywordForPlatform(KeywordExecutor.groovy:53)
	at com.kms.katalon.core.webui.keyword.WebUiBuiltInKeywords.setText(WebUiBuiltInKeywords.groovy:950)
	at com.kms.katalon.core.webui.keyword.WebUiBuiltInKeywords$setText$1.call(Unknown Source)
	at org.codehaus.groovy.runtime.callsite.CallSiteArray.defaultCall(CallSiteArray.java:48)
	at org.codehaus.groovy.runtime.callsite.AbstractCallSite.call(AbstractCallSite.java:113)
	at org.codehaus.groovy.runtime.callsite.AbstractCallSite.call(AbstractCallSite.java:133)
	at Script1537333843549.run(Script1537333843549.groovy:156)
	at com.kms.katalon.core.main.ScriptEngine.run(ScriptEngine.java:183)
	at com.kms.katalon.core.main.ScriptEngine.runScriptAsRawText(ScriptEngine.java:108)
	at com.kms.katalon.core.main.TestCaseExecutor.runScript(TestCaseExecutor.java:294)
	at com.kms.katalon.core.main.TestCaseExecutor.doExecute(TestCaseExecutor.java:285)
	at com.kms.katalon.core.main.TestCaseExecutor.processExecutionPhase(TestCaseExecutor.java:264)
	at com.kms.katalon.core.main.TestCaseExecutor.accessMainPhase(TestCaseExecutor.java:256)
	at com.kms.katalon.core.main.TestCaseExecutor.execute(TestCaseExecutor.java:200)
	at com.kms.katalon.core.main.TestSuiteExecutor.accessTestCaseMainPhase(TestSuiteExecutor.java:129)
	at com.kms.katalon.core.main.TestSuiteExecutor.accessTestSuiteMainPhase(TestSuiteExecutor.java:112)
	at com.kms.katalon.core.main.TestSuiteExecutor.execute(TestSuiteExecutor.java:81)
	at com.kms.katalon.core.main.TestCaseMain.startTestSuite(TestCaseMain.java:142)
	at com.kms.katalon.core.main.TestCaseMain$startTestSuite$0.call(Unknown Source)
	at org.codehaus.groovy.runtime.callsite.CallSiteArray.defaultCall(CallSiteArray.java:48)
	at org.codehaus.groovy.runtime.callsite.AbstractCallSite.call(AbstractCallSite.java:113)
	at org.codehaus.groovy.runtime.callsite.AbstractCallSite.call(AbstractCallSite.java:141)
	at TempTestSuite1544087655094.run(TempTestSuite1544087655094.groovy:36)
	at groovy.lang.GroovyShell.runScriptOrMainOrTestOrRunnable(GroovyShell.java:263)
	at groovy.lang.GroovyShell.run(GroovyShell.java:518)
	at groovy.lang.GroovyShell.run(GroovyShell.java:507)
	at groovy.ui.GroovyMain.processOnce(GroovyMain.java:653)
	at groovy.ui.GroovyMain.run(GroovyMain.java:384)
	at groovy.ui.GroovyMain.process(GroovyMain.java:370)
	at groovy.ui.GroovyMain.processArgs(GroovyMain.java:129)
	at groovy.ui.GroovyMain.main(GroovyMain.java:109)
	at sun.reflect.NativeMethodAccessorImpl.invoke0(Native Method)
	at sun.reflect.NativeMethodAccessorImpl.invoke(NativeMethodAccessorImpl.java:62)
	at sun.reflect.DelegatingMethodAccessorImpl.invoke(DelegatingMethodAccessorImpl.java:43)
	at java.lang.reflect.Method.invoke(Method.java:498)
	at org.codehaus.groovy.tools.GroovyStarter.rootLoader(GroovyStarter.java:109)
	at org.codehaus.groovy.tools.GroovyStarter.main(GroovyStarter.java:131)
)]]></system-err>
      </testcase>
      <testcase name="Test Cases/Final Aug 2018 - PKS Automation/Registration Module/Workflow/Update Add New Employee/Special Case (OTC - PKR BO -  RO Approve)" classname="Test Cases/Final Aug 2018 - PKS Automation/Registration Module/Workflow/Update Add New Employee/Special Case (OTC - PKR BO -  RO Approve)" status="FAILED">
         <failure type="FAILED" message="(Stack trace: com.kms.katalon.core.exception.StepFailedException: Unable to set text 'CAN12201800002269' of object 'Object Repository/Final Object Repo/New Registration - Registration Module Pages/New Reg - OTC to RO/Special Case - All Related Objects/TextBox RefNo in Workbasket' (Root cause: org.openqa.selenium.ElementNotVisibleException: element not interactable
  (Session info: chrome=70.0.3538.110)
  (Driver info: chromedriver=2.43.600210 (68dcf5eebde37173d4027fa8635e332711d2874a),platform=Windows NT 6.1.7601 SP1 x86_64) (WARNING: The server did not provide any stacktrace information)
Command duration or timeout: 0 milliseconds
Build info: version: '3.7.1', revision: '8a0099a', time: '2017-11-06T21:07:36.161Z'
System info: host: 'WIN7TEST02', ip: '10.20.3.72', os.name: 'Windows 7', os.arch: 'amd64', os.version: '6.1', java.version: '1.8.0_181'
Driver info: com.kms.katalon.selenium.driver.CChromeDriver
Capabilities {acceptInsecureCerts: false, acceptSslCerts: false, applicationCacheEnabled: false, browserConnectionEnabled: false, browserName: chrome, chrome: {chromedriverVersion: 2.43.600210 (68dcf5eebde371..., userDataDir: C:\Users\Admin\AppData\Loca...}, cssSelectorsEnabled: true, databaseEnabled: false, goog:chromeOptions: {debuggerAddress: localhost:62434}, handlesAlerts: true, hasTouchScreen: false, javascriptEnabled: true, locationContextEnabled: true, mobileEmulationEnabled: false, nativeEvents: true, networkConnectionEnabled: false, pageLoadStrategy: normal, platform: XP, platformName: XP, rotatable: false, setWindowRect: true, takesHeapSnapshot: true, takesScreenshot: true, unexpectedAlertBehaviour: , unhandledPromptBehavior: , version: 70.0.3538.110, webStorageEnabled: true}
Session ID: d00282b62946cec69a83bfeadc22e1ee)
	at com.kms.katalon.core.keyword.internal.KeywordMain.stepFailed(KeywordMain.groovy:32)
	at com.kms.katalon.core.webui.keyword.internal.WebUIKeywordMain.stepFailed(WebUIKeywordMain.groovy:65)
	at com.kms.katalon.core.webui.keyword.internal.WebUIKeywordMain.runKeyword(WebUIKeywordMain.groovy:27)
	at com.kms.katalon.core.webui.keyword.builtin.SetTextKeyword.setText(SetTextKeyword.groovy:65)
	at com.kms.katalon.core.webui.keyword.builtin.SetTextKeyword.execute(SetTextKeyword.groovy:37)
	at com.kms.katalon.core.keyword.internal.KeywordExecutor.executeKeywordForPlatform(KeywordExecutor.groovy:53)
	at com.kms.katalon.core.webui.keyword.WebUiBuiltInKeywords.setText(WebUiBuiltInKeywords.groovy:950)
	at com.kms.katalon.core.webui.keyword.WebUiBuiltInKeywords$setText$1.call(Unknown Source)
	at org.codehaus.groovy.runtime.callsite.CallSiteArray.defaultCall(CallSiteArray.java:48)
	at org.codehaus.groovy.runtime.callsite.AbstractCallSite.call(AbstractCallSite.java:113)
	at org.codehaus.groovy.runtime.callsite.AbstractCallSite.call(AbstractCallSite.java:133)
	at Script1536290785236.run(Script1536290785236.groovy:169)
	at com.kms.katalon.core.main.ScriptEngine.run(ScriptEngine.java:183)
	at com.kms.katalon.core.main.ScriptEngine.runScriptAsRawText(ScriptEngine.java:108)
	at com.kms.katalon.core.main.TestCaseExecutor.runScript(TestCaseExecutor.java:294)
	at com.kms.katalon.core.main.TestCaseExecutor.doExecute(TestCaseExecutor.java:285)
	at com.kms.katalon.core.main.TestCaseExecutor.processExecutionPhase(TestCaseExecutor.java:264)
	at com.kms.katalon.core.main.TestCaseExecutor.accessMainPhase(TestCaseExecutor.java:256)
	at com.kms.katalon.core.main.TestCaseExecutor.execute(TestCaseExecutor.java:200)
	at com.kms.katalon.core.main.TestSuiteExecutor.accessTestCaseMainPhase(TestSuiteExecutor.java:129)
	at com.kms.katalon.core.main.TestSuiteExecutor.accessTestSuiteMainPhase(TestSuiteExecutor.java:112)
	at com.kms.katalon.core.main.TestSuiteExecutor.execute(TestSuiteExecutor.java:81)
	at com.kms.katalon.core.main.TestCaseMain.startTestSuite(TestCaseMain.java:142)
	at com.kms.katalon.core.main.TestCaseMain$startTestSuite$0.call(Unknown Source)
	at org.codehaus.groovy.runtime.callsite.CallSiteArray.defaultCall(CallSiteArray.java:48)
	at org.codehaus.groovy.runtime.callsite.AbstractCallSite.call(AbstractCallSite.java:113)
	at org.codehaus.groovy.runtime.callsite.AbstractCallSite.call(AbstractCallSite.java:141)
	at TempTestSuite1544087655094.run(TempTestSuite1544087655094.groovy:36)
	at groovy.lang.GroovyShell.runScriptOrMainOrTestOrRunnable(GroovyShell.java:263)
	at groovy.lang.GroovyShell.run(GroovyShell.java:518)
	at groovy.lang.GroovyShell.run(GroovyShell.java:507)
	at groovy.ui.GroovyMain.processOnce(GroovyMain.java:653)
	at groovy.ui.GroovyMain.run(GroovyMain.java:384)
	at groovy.ui.GroovyMain.process(GroovyMain.java:370)
	at groovy.ui.GroovyMain.processArgs(GroovyMain.java:129)
	at groovy.ui.GroovyMain.main(GroovyMain.java:109)
	at sun.reflect.NativeMethodAccessorImpl.invoke0(Native Method)
	at sun.reflect.NativeMethodAccessorImpl.invoke(NativeMethodAccessorImpl.java:62)
	at sun.reflect.DelegatingMethodAccessorImpl.invoke(DelegatingMethodAccessorImpl.java:43)
	at java.lang.reflect.Method.invoke(Method.java:498)
	at org.codehaus.groovy.tools.GroovyStarter.rootLoader(GroovyStarter.java:109)
	at org.codehaus.groovy.tools.GroovyStarter.main(GroovyStarter.java:131)
)"/>
         <system-out><![CDATA[2018-12-06 23:30:18 - [TEST_CASE][FAILED] - Test Cases/Final Aug 2018 - PKS Automation/Registration Module/Workflow/Update Add New Employee/Special Case (OTC - PKR BO -  RO Approve): Test Cases/Final Aug 2018 - PKS Automation/Registration Module/Workflow/Update Add New Employee/Special Case (OTC - PKR BO -  RO Approve) FAILED because (of) (Stack trace: com.kms.katalon.core.exception.StepFailedException: Unable to set text 'CAN12201800002269' of object 'Object Repository/Final Object Repo/New Registration - Registration Module Pages/New Reg - OTC to RO/Special Case - All Related Objects/TextBox RefNo in Workbasket' (Root cause: org.openqa.selenium.ElementNotVisibleException: element not interactable
  (Session info: chrome=70.0.3538.110)
  (Driver info: chromedriver=2.43.600210 (68dcf5eebde37173d4027fa8635e332711d2874a),platform=Windows NT 6.1.7601 SP1 x86_64) (WARNING: The server did not provide any stacktrace information)
Command duration or timeout: 0 milliseconds
Build info: version: '3.7.1', revision: '8a0099a', time: '2017-11-06T21:07:36.161Z'
System info: host: 'WIN7TEST02', ip: '10.20.3.72', os.name: 'Windows 7', os.arch: 'amd64', os.version: '6.1', java.version: '1.8.0_181'
Driver info: com.kms.katalon.selenium.driver.CChromeDriver
Capabilities {acceptInsecureCerts: false, acceptSslCerts: false, applicationCacheEnabled: false, browserConnectionEnabled: false, browserName: chrome, chrome: {chromedriverVersion: 2.43.600210 (68dcf5eebde371..., userDataDir: C:\Users\Admin\AppData\Loca...}, cssSelectorsEnabled: true, databaseEnabled: false, goog:chromeOptions: {debuggerAddress: localhost:62434}, handlesAlerts: true, hasTouchScreen: false, javascriptEnabled: true, locationContextEnabled: true, mobileEmulationEnabled: false, nativeEvents: true, networkConnectionEnabled: false, pageLoadStrategy: normal, platform: XP, platformName: XP, rotatable: false, setWindowRect: true, takesHeapSnapshot: true, takesScreenshot: true, unexpectedAlertBehaviour: , unhandledPromptBehavior: , version: 70.0.3538.110, webStorageEnabled: true}
Session ID: d00282b62946cec69a83bfeadc22e1ee)
	at com.kms.katalon.core.keyword.internal.KeywordMain.stepFailed(KeywordMain.groovy:32)
	at com.kms.katalon.core.webui.keyword.internal.WebUIKeywordMain.stepFailed(WebUIKeywordMain.groovy:65)
	at com.kms.katalon.core.webui.keyword.internal.WebUIKeywordMain.runKeyword(WebUIKeywordMain.groovy:27)
	at com.kms.katalon.core.webui.keyword.builtin.SetTextKeyword.setText(SetTextKeyword.groovy:65)
	at com.kms.katalon.core.webui.keyword.builtin.SetTextKeyword.execute(SetTextKeyword.groovy:37)
	at com.kms.katalon.core.keyword.internal.KeywordExecutor.executeKeywordForPlatform(KeywordExecutor.groovy:53)
	at com.kms.katalon.core.webui.keyword.WebUiBuiltInKeywords.setText(WebUiBuiltInKeywords.groovy:950)
	at com.kms.katalon.core.webui.keyword.WebUiBuiltInKeywords$setText$1.call(Unknown Source)
	at org.codehaus.groovy.runtime.callsite.CallSiteArray.defaultCall(CallSiteArray.java:48)
	at org.codehaus.groovy.runtime.callsite.AbstractCallSite.call(AbstractCallSite.java:113)
	at org.codehaus.groovy.runtime.callsite.AbstractCallSite.call(AbstractCallSite.java:133)
	at Script1536290785236.run(Script1536290785236.groovy:169)
	at com.kms.katalon.core.main.ScriptEngine.run(ScriptEngine.java:183)
	at com.kms.katalon.core.main.ScriptEngine.runScriptAsRawText(ScriptEngine.java:108)
	at com.kms.katalon.core.main.TestCaseExecutor.runScript(TestCaseExecutor.java:294)
	at com.kms.katalon.core.main.TestCaseExecutor.doExecute(TestCaseExecutor.java:285)
	at com.kms.katalon.core.main.TestCaseExecutor.processExecutionPhase(TestCaseExecutor.java:264)
	at com.kms.katalon.core.main.TestCaseExecutor.accessMainPhase(TestCaseExecutor.java:256)
	at com.kms.katalon.core.main.TestCaseExecutor.execute(TestCaseExecutor.java:200)
	at com.kms.katalon.core.main.TestSuiteExecutor.accessTestCaseMainPhase(TestSuiteExecutor.java:129)
	at com.kms.katalon.core.main.TestSuiteExecutor.accessTestSuiteMainPhase(TestSuiteExecutor.java:112)
	at com.kms.katalon.core.main.TestSuiteExecutor.execute(TestSuiteExecutor.java:81)
	at com.kms.katalon.core.main.TestCaseMain.startTestSuite(TestCaseMain.java:142)
	at com.kms.katalon.core.main.TestCaseMain$startTestSuite$0.call(Unknown Source)
	at org.codehaus.groovy.runtime.callsite.CallSiteArray.defaultCall(CallSiteArray.java:48)
	at org.codehaus.groovy.runtime.callsite.AbstractCallSite.call(AbstractCallSite.java:113)
	at org.codehaus.groovy.runtime.callsite.AbstractCallSite.call(AbstractCallSite.java:141)
	at TempTestSuite1544087655094.run(TempTestSuite1544087655094.groovy:36)
	at groovy.lang.GroovyShell.runScriptOrMainOrTestOrRunnable(GroovyShell.java:263)
	at groovy.lang.GroovyShell.run(GroovyShell.java:518)
	at groovy.lang.GroovyShell.run(GroovyShell.java:507)
	at groovy.ui.GroovyMain.processOnce(GroovyMain.java:653)
	at groovy.ui.GroovyMain.run(GroovyMain.java:384)
	at groovy.ui.GroovyMain.process(GroovyMain.java:370)
	at groovy.ui.GroovyMain.processArgs(GroovyMain.java:129)
	at groovy.ui.GroovyMain.main(GroovyMain.java:109)
	at sun.reflect.NativeMethodAccessorImpl.invoke0(Native Method)
	at sun.reflect.NativeMethodAccessorImpl.invoke(NativeMethodAccessorImpl.java:62)
	at sun.reflect.DelegatingMethodAccessorImpl.invoke(DelegatingMethodAccessorImpl.java:43)
	at java.lang.reflect.Method.invoke(Method.java:498)
	at org.codehaus.groovy.tools.GroovyStarter.rootLoader(GroovyStarter.java:109)
	at org.codehaus.groovy.tools.GroovyStarter.main(GroovyStarter.java:131)
)

2018-12-06 23:30:18 - [TEST_STEP][PASSED] - callTestCase: Call Test Case 'Test Cases/Final Aug 2018 - PKS Automation/Registration Module/Workflow/Update Add New Employee/Template/New Company for Update Add New' successfully

2018-12-06 23:30:18 - [TEST_CASE][PASSED] - Test Cases/Final Aug 2018 - PKS Automation/Registration Module/Workflow/Update Add New Employee/Template/New Company for Update Add New: Test Cases/Final Aug 2018 - PKS Automation/Registration Module/Workflow/Update Add New Employee/Template/New Company for Update Add New

2018-12-06 23:30:18 - [TEST_STEP][PASSED] - callTestCase: Call Test Case 'Test Cases/Final Aug 2018 - PKS Automation/Registration Module/New Registration/Form 1/Form 1 - Corporation - BHD' successfully

2018-12-06 23:30:18 - [TEST_CASE][PASSED] - Test Cases/Final Aug 2018 - PKS Automation/Registration Module/New Registration/Form 1/Form 1 - Corporation - BHD: Test Cases/Final Aug 2018 - PKS Automation/Registration Module/New Registration/Form 1/Form 1 - Corporation - BHD

2018-12-06 23:30:19 - [TEST_STEP][PASSED] - openBrowser: Browser is opened with url: ''

2018-12-06 23:30:19 - [MESSAGE][WARNING] - A browser is already opened. Closing browser and opening a new one

2018-12-06 23:30:23 - [MESSAGE][PASSED] - Browser is opened with url: ''

2018-12-06 23:30:23 - [TEST_STEP][PASSED] - navigateToUrl: Navigate to 'https://assist2-uat.perkeso.gov.my/login' successfully

2018-12-06 23:30:24 - [MESSAGE][PASSED] - Navigate to 'https://assist2-uat.perkeso.gov.my/login' successfully

2018-12-06 23:30:24 - [TEST_STEP][PASSED] - setText: Text 'johorotc1@gmail.com' is set on object 'Object Repository/Final Object Repo/Login Page/Internal User/Email Address'

2018-12-06 23:30:24 - [MESSAGE][PASSED] - Text 'johorotc1@gmail.com' is set on object 'Object Repository/Final Object Repo/Login Page/Internal User/Email Address'

2018-12-06 23:30:24 - [TEST_STEP][PASSED] - click: Object: 'Object Repository/Final Object Repo/Login Page/Internal User/Next Button' is clicked on

2018-12-06 23:30:24 - [MESSAGE][PASSED] - Object: 'Object Repository/Final Object Repo/Login Page/Internal User/Next Button' is clicked on

2018-12-06 23:30:24 - [TEST_STEP][PASSED] - delay: Delayed 1 second(s)

2018-12-06 23:30:25 - [MESSAGE][PASSED] - Delayed 1 second(s)

2018-12-06 23:30:25 - [TEST_STEP][PASSED] - setEncryptedText: Text ****** has been set on object 'Object Repository/Final Object Repo/Login Page/Internal User/Password'

2018-12-06 23:30:25 - [MESSAGE][PASSED] - Text ****** has been set on object 'Object Repository/Final Object Repo/Login Page/Internal User/Password'

2018-12-06 23:30:25 - [TEST_STEP][PASSED] - click: Object: 'Object Repository/Final Object Repo/Login Page/Internal User/Login Button' is clicked on

2018-12-06 23:30:26 - [MESSAGE][PASSED] - Object: 'Object Repository/Final Object Repo/Login Page/Internal User/Login Button' is clicked on

2018-12-06 23:30:26 - [TEST_STEP][PASSED] - delay: Delayed 1 second(s)

2018-12-06 23:30:27 - [MESSAGE][PASSED] - Delayed 1 second(s)

2018-12-06 23:30:27 - [TEST_STEP][PASSED] - Statement - Try: Delayed 2 second(s)

2018-12-06 23:30:27 - [TEST_STEP][PASSED] - Statement - Checker = false: null

2018-12-06 23:30:27 - [TEST_STEP][PASSED] - Statement - Checker = com.kms.katalon.core.webui.keyword.WebUiBuiltInKeywords.verifyElementHasAttribute(com.kms.katalon.core.testobject.ObjectRepository.findTestObject(Final Object Repo/Landing Page/BM Detecting), "href", 20, OPTIONAL): Object 'Object Repository/Final Object Repo/Landing Page/BM Detecting' has attribute 'href'

2018-12-06 23:30:28 - [MESSAGE][PASSED] - Object 'Object Repository/Final Object Repo/Landing Page/BM Detecting' has attribute 'href'

2018-12-06 23:30:28 - [TEST_STEP][PASSED] - Statement - out.println(Checker): null

2018-12-06 23:30:28 - [TEST_STEP][PASSED] - Statement - If (Checker == false): null

2018-12-06 23:30:28 - [TEST_STEP][PASSED] - Statement - Else: null

2018-12-06 23:30:28 - [TEST_STEP][PASSED] - delay: Delayed 2 second(s)

2018-12-06 23:30:30 - [MESSAGE][PASSED] - Delayed 2 second(s)

2018-12-06 23:30:30 - [TEST_STEP][PASSED] - navigateToUrl: Navigate to 'https://assist2-uat.perkeso.gov.my/web/registration/registration' successfully

2018-12-06 23:30:31 - [MESSAGE][PASSED] - Navigate to 'https://assist2-uat.perkeso.gov.my/web/registration/registration' successfully

2018-12-06 23:30:31 - [TEST_STEP][PASSED] - click: Object: 'Object Repository/Final Object Repo/New Registration - Registration Module Pages/Form 1/AEC - No' is clicked on

2018-12-06 23:30:31 - [MESSAGE][PASSED] - Object: 'Object Repository/Final Object Repo/New Registration - Registration Module Pages/Form 1/AEC - No' is clicked on

2018-12-06 23:30:31 - [TEST_STEP][PASSED] - click: Object: 'Object Repository/Final Object Repo/New Registration - Registration Module Pages/Form 1/Business Entity' is clicked on

2018-12-06 23:30:32 - [MESSAGE][PASSED] - Object: 'Object Repository/Final Object Repo/New Registration - Registration Module Pages/Form 1/Business Entity' is clicked on

2018-12-06 23:30:32 - [TEST_STEP][PASSED] - click: Object: 'Object Repository/Final Object Repo/New Registration - Registration Module Pages/Form 1/Businees Entity - Corporation' is clicked on

2018-12-06 23:30:32 - [MESSAGE][PASSED] - Object: 'Object Repository/Final Object Repo/New Registration - Registration Module Pages/Form 1/Businees Entity - Corporation' is clicked on

2018-12-06 23:30:32 - [TEST_STEP][PASSED] - delay: Delayed 1 second(s)

2018-12-06 23:30:33 - [MESSAGE][PASSED] - Delayed 1 second(s)

2018-12-06 23:30:33 - [TEST_STEP][PASSED] - click: Object: 'Object Repository/Final Object Repo/New Registration - Registration Module Pages/Form 1/Sub Business Entity' is clicked on

2018-12-06 23:30:33 - [MESSAGE][PASSED] - Object: 'Object Repository/Final Object Repo/New Registration - Registration Module Pages/Form 1/Sub Business Entity' is clicked on

2018-12-06 23:30:33 - [TEST_STEP][PASSED] - click: Object: 'Object Repository/Final Object Repo/New Registration - Registration Module Pages/Form 1/Sub Business Entity - Berhad' is clicked on

2018-12-06 23:30:33 - [MESSAGE][PASSED] - Object: 'Object Repository/Final Object Repo/New Registration - Registration Module Pages/Form 1/Sub Business Entity - Berhad' is clicked on

2018-12-06 23:30:33 - [TEST_STEP][PASSED] - delay: Delayed 1 second(s)

2018-12-06 23:30:34 - [MESSAGE][PASSED] - Delayed 1 second(s)

2018-12-06 23:30:34 - [TEST_STEP][PASSED] - setText: Text '123' is set on object 'Object Repository/Final Object Repo/New Registration - Registration Module Pages/Form 1/Registration Number'

2018-12-06 23:30:35 - [MESSAGE][PASSED] - Text '123' is set on object 'Object Repository/Final Object Repo/New Registration - Registration Module Pages/Form 1/Registration Number'

2018-12-06 23:30:35 - [TEST_STEP][PASSED] - click: Object: 'Object Repository/Final Object Repo/New Registration - Registration Module Pages/Form 1/Registred with SSM - Before Feb' is clicked on

2018-12-06 23:30:35 - [MESSAGE][PASSED] - Object: 'Object Repository/Final Object Repo/New Registration - Registration Module Pages/Form 1/Registred with SSM - Before Feb' is clicked on

2018-12-06 23:30:35 - [TEST_STEP][PASSED] - click: Object: 'Object Repository/Final Object Repo/New Registration - Registration Module Pages/Form 1/Registered As a Branch - Yes' is clicked on

2018-12-06 23:30:35 - [MESSAGE][PASSED] - Object: 'Object Repository/Final Object Repo/New Registration - Registration Module Pages/Form 1/Registered As a Branch - Yes' is clicked on

2018-12-06 23:30:35 - [TEST_STEP][PASSED] - click: Object: 'Object Repository/Final Object Repo/New Registration - Registration Module Pages/Form 1/Acknowledgement' is clicked on

2018-12-06 23:30:35 - [MESSAGE][PASSED] - Object: 'Object Repository/Final Object Repo/New Registration - Registration Module Pages/Form 1/Acknowledgement' is clicked on

2018-12-06 23:30:35 - [TEST_STEP][PASSED] - setText: Text 'perkeso' is set on object 'Object Repository/Final Object Repo/New Registration - Registration Module Pages/Form 1/Industry name'

2018-12-06 23:30:35 - [MESSAGE][PASSED] - Text 'perkeso' is set on object 'Object Repository/Final Object Repo/New Registration - Registration Module Pages/Form 1/Industry name'

2018-12-06 23:30:35 - [TEST_STEP][PASSED] - setText: Text 'perkeso1' is set on object 'Object Repository/Final Object Repo/New Registration - Registration Module Pages/Form 1/Postal Address1'

2018-12-06 23:30:36 - [MESSAGE][PASSED] - Text 'perkeso1' is set on object 'Object Repository/Final Object Repo/New Registration - Registration Module Pages/Form 1/Postal Address1'

2018-12-06 23:30:36 - [TEST_STEP][PASSED] - setText: Text 'perkeso2' is set on object 'Object Repository/Final Object Repo/New Registration - Registration Module Pages/Form 1/Postal Address2'

2018-12-06 23:30:36 - [MESSAGE][PASSED] - Text 'perkeso2' is set on object 'Object Repository/Final Object Repo/New Registration - Registration Module Pages/Form 1/Postal Address2'

2018-12-06 23:30:36 - [TEST_STEP][PASSED] - setText: Text 'perkeso3' is set on object 'Object Repository/Final Object Repo/New Registration - Registration Module Pages/Form 1/Postal Address3'

2018-12-06 23:30:36 - [MESSAGE][PASSED] - Text 'perkeso3' is set on object 'Object Repository/Final Object Repo/New Registration - Registration Module Pages/Form 1/Postal Address3'

2018-12-06 23:30:36 - [TEST_STEP][PASSED] - click: Object: 'Object Repository/Final Object Repo/New Registration - Registration Module Pages/Form 1/State' is clicked on

2018-12-06 23:30:37 - [MESSAGE][PASSED] - Object: 'Object Repository/Final Object Repo/New Registration - Registration Module Pages/Form 1/State' is clicked on

2018-12-06 23:30:37 - [TEST_STEP][PASSED] - click: Object: 'Object Repository/Final Object Repo/New Registration - Registration Module Pages/Form 1/State - Johor' is clicked on

2018-12-06 23:30:37 - [MESSAGE][PASSED] - Object: 'Object Repository/Final Object Repo/New Registration - Registration Module Pages/Form 1/State - Johor' is clicked on

2018-12-06 23:30:37 - [TEST_STEP][PASSED] - delay: Delayed 1 second(s)

2018-12-06 23:30:38 - [MESSAGE][PASSED] - Delayed 1 second(s)

2018-12-06 23:30:38 - [TEST_STEP][PASSED] - click: Object: 'Object Repository/Final Object Repo/New Registration - Registration Module Pages/Form 1/City' is clicked on

2018-12-06 23:30:38 - [MESSAGE][PASSED] - Object: 'Object Repository/Final Object Repo/New Registration - Registration Module Pages/Form 1/City' is clicked on

2018-12-06 23:30:38 - [TEST_STEP][PASSED] - setText: Text 'joh' is set on object 'Object Repository/Final Object Repo/New Registration - Registration Module Pages/Form 1/Postcode - 810'

2018-12-06 23:30:38 - [MESSAGE][PASSED] - Text 'joh' is set on object 'Object Repository/Final Object Repo/New Registration - Registration Module Pages/Form 1/Postcode - 810'

2018-12-06 23:30:38 - [TEST_STEP][PASSED] - delay: Delayed 1 second(s)

2018-12-06 23:30:39 - [MESSAGE][PASSED] - Delayed 1 second(s)

2018-12-06 23:30:39 - [TEST_STEP][PASSED] - click: Object: 'Object Repository/Final Object Repo/New Registration - Registration Module Pages/Form 1/City - Johor Bharu' is clicked on

2018-12-06 23:30:39 - [MESSAGE][PASSED] - Object: 'Object Repository/Final Object Repo/New Registration - Registration Module Pages/Form 1/City - Johor Bharu' is clicked on

2018-12-06 23:30:39 - [TEST_STEP][PASSED] - delay: Delayed 1 second(s)

2018-12-06 23:30:40 - [MESSAGE][PASSED] - Delayed 1 second(s)

2018-12-06 23:30:40 - [TEST_STEP][PASSED] - click: Object: 'Object Repository/Final Object Repo/New Registration - Registration Module Pages/Form 1/Postcode' is clicked on

2018-12-06 23:30:41 - [MESSAGE][PASSED] - Object: 'Object Repository/Final Object Repo/New Registration - Registration Module Pages/Form 1/Postcode' is clicked on

2018-12-06 23:30:41 - [TEST_STEP][PASSED] - delay: Delayed 1 second(s)

2018-12-06 23:30:42 - [MESSAGE][PASSED] - Delayed 1 second(s)

2018-12-06 23:30:42 - [TEST_STEP][PASSED] - setText: Text '810' is set on object 'Object Repository/Final Object Repo/New Registration - Registration Module Pages/Form 1/Postcode - 810'

2018-12-06 23:30:42 - [MESSAGE][PASSED] - Text '810' is set on object 'Object Repository/Final Object Repo/New Registration - Registration Module Pages/Form 1/Postcode - 810'

2018-12-06 23:30:42 - [TEST_STEP][PASSED] - delay: Delayed 3 second(s)

2018-12-06 23:30:45 - [MESSAGE][PASSED] - Delayed 3 second(s)

2018-12-06 23:30:45 - [TEST_STEP][PASSED] - click: Object: 'Object Repository/Final Object Repo/New Registration - Registration Module Pages/Form 1/Postcode - 81000' is clicked on

2018-12-06 23:30:45 - [MESSAGE][PASSED] - Object: 'Object Repository/Final Object Repo/New Registration - Registration Module Pages/Form 1/Postcode - 81000' is clicked on

2018-12-06 23:30:45 - [TEST_STEP][PASSED] - delay: Delayed 1 second(s)

2018-12-06 23:30:46 - [MESSAGE][PASSED] - Delayed 1 second(s)

2018-12-06 23:30:46 - [TEST_STEP][PASSED] - setText: Text '100' is set on object 'Object Repository/Final Object Repo/New Registration - Registration Module Pages/Form 1/P.O.BOX'

2018-12-06 23:30:46 - [MESSAGE][PASSED] - Text '100' is set on object 'Object Repository/Final Object Repo/New Registration - Registration Module Pages/Form 1/P.O.BOX'

2018-12-06 23:30:46 - [TEST_STEP][PASSED] - setText: Text '100' is set on object 'Object Repository/Final Object Repo/New Registration - Registration Module Pages/Form 1/Locked Bag No'

2018-12-06 23:30:47 - [MESSAGE][PASSED] - Text '100' is set on object 'Object Repository/Final Object Repo/New Registration - Registration Module Pages/Form 1/Locked Bag No'

2018-12-06 23:30:47 - [TEST_STEP][PASSED] - click: Object: 'Object Repository/Final Object Repo/New Registration - Registration Module Pages/Form 1/SOCSO Office Location' is clicked on

2018-12-06 23:30:47 - [MESSAGE][PASSED] - Object: 'Object Repository/Final Object Repo/New Registration - Registration Module Pages/Form 1/SOCSO Office Location' is clicked on

2018-12-06 23:30:47 - [TEST_STEP][PASSED] - click: Object: 'Object Repository/Final Object Repo/New Registration - Registration Module Pages/Form 1/SOCSO Office Location - Pejabat PERKESO Negeri Johor' is clicked on

2018-12-06 23:30:47 - [MESSAGE][PASSED] - Object: 'Object Repository/Final Object Repo/New Registration - Registration Module Pages/Form 1/SOCSO Office Location - Pejabat PERKESO Negeri Johor' is clicked on

2018-12-06 23:30:47 - [TEST_STEP][PASSED] - delay: Delayed 1 second(s)

2018-12-06 23:30:48 - [MESSAGE][PASSED] - Delayed 1 second(s)

2018-12-06 23:30:48 - [TEST_STEP][PASSED] - check: Object 'Object Repository/Final Object Repo/New Registration - Registration Module Pages/Form 1/Indusrty Address Same As Postal Address' is checked

2018-12-06 23:30:48 - [MESSAGE][PASSED] - Object 'Object Repository/Final Object Repo/New Registration - Registration Module Pages/Form 1/Indusrty Address Same As Postal Address' is checked

2018-12-06 23:30:48 - [TEST_STEP][PASSED] - delay: Delayed 3 second(s)

2018-12-06 23:30:51 - [MESSAGE][PASSED] - Delayed 3 second(s)

2018-12-06 23:30:51 - [TEST_STEP][PASSED] - click: Object: 'Object Repository/Final Object Repo/New Registration - Registration Module Pages/Form 1/Indusry Address Same As Postal Address False' is clicked on

2018-12-06 23:30:51 - [MESSAGE][PASSED] - Object: 'Object Repository/Final Object Repo/New Registration - Registration Module Pages/Form 1/Indusry Address Same As Postal Address False' is clicked on

2018-12-06 23:30:51 - [TEST_STEP][PASSED] - delay: Delayed 1 second(s)

2018-12-06 23:30:52 - [MESSAGE][PASSED] - Delayed 1 second(s)

2018-12-06 23:30:52 - [TEST_STEP][PASSED] - setText: Text 'perkeso1' is set on object 'Object Repository/Final Object Repo/New Registration - Registration Module Pages/Form 1/Industry Address1'

2018-12-06 23:30:53 - [MESSAGE][PASSED] - Text 'perkeso1' is set on object 'Object Repository/Final Object Repo/New Registration - Registration Module Pages/Form 1/Industry Address1'

2018-12-06 23:30:53 - [TEST_STEP][PASSED] - setText: Text 'perkeso2' is set on object 'Object Repository/Final Object Repo/New Registration - Registration Module Pages/Form 1/Industry Address2'

2018-12-06 23:30:53 - [MESSAGE][PASSED] - Text 'perkeso2' is set on object 'Object Repository/Final Object Repo/New Registration - Registration Module Pages/Form 1/Industry Address2'

2018-12-06 23:30:53 - [TEST_STEP][PASSED] - setText: Text 'perkeso3' is set on object 'Object Repository/Final Object Repo/New Registration - Registration Module Pages/Form 1/Industry Address3'

2018-12-06 23:30:53 - [MESSAGE][PASSED] - Text 'perkeso3' is set on object 'Object Repository/Final Object Repo/New Registration - Registration Module Pages/Form 1/Industry Address3'

2018-12-06 23:30:53 - [TEST_STEP][PASSED] - click: Object: 'Object Repository/Final Object Repo/New Registration - Registration Module Pages/Form 1/Industry State' is clicked on

2018-12-06 23:30:54 - [MESSAGE][PASSED] - Object: 'Object Repository/Final Object Repo/New Registration - Registration Module Pages/Form 1/Industry State' is clicked on

2018-12-06 23:30:54 - [TEST_STEP][PASSED] - delay: Delayed 2 second(s)

2018-12-06 23:30:56 - [MESSAGE][PASSED] - Delayed 2 second(s)

2018-12-06 23:30:56 - [TEST_STEP][PASSED] - click: Object: 'Object Repository/Final Object Repo/New Registration - Registration Module Pages/Form 1/Industry State - Johor' is clicked on

2018-12-06 23:30:56 - [MESSAGE][PASSED] - Object: 'Object Repository/Final Object Repo/New Registration - Registration Module Pages/Form 1/Industry State - Johor' is clicked on

2018-12-06 23:30:56 - [TEST_STEP][PASSED] - delay: Delayed 2 second(s)

2018-12-06 23:30:58 - [MESSAGE][PASSED] - Delayed 2 second(s)

2018-12-06 23:30:58 - [TEST_STEP][PASSED] - click: Object: 'Object Repository/Final Object Repo/New Registration - Registration Module Pages/Form 1/Industry Ciry' is clicked on

2018-12-06 23:30:58 - [MESSAGE][PASSED] - Object: 'Object Repository/Final Object Repo/New Registration - Registration Module Pages/Form 1/Industry Ciry' is clicked on

2018-12-06 23:30:58 - [TEST_STEP][PASSED] - setText: Text 'joh' is set on object 'Object Repository/Final Object Repo/New Registration - Registration Module Pages/Form 1/Industry Ciry - joh'

2018-12-06 23:30:58 - [MESSAGE][PASSED] - Text 'joh' is set on object 'Object Repository/Final Object Repo/New Registration - Registration Module Pages/Form 1/Industry Ciry - joh'

2018-12-06 23:30:58 - [TEST_STEP][PASSED] - delay: Delayed 2 second(s)

2018-12-06 23:31:00 - [MESSAGE][PASSED] - Delayed 2 second(s)

2018-12-06 23:31:00 - [TEST_STEP][PASSED] - click: Object: 'Object Repository/Final Object Repo/New Registration - Registration Module Pages/Form 1/Industy State - Johor Bharu' is clicked on

2018-12-06 23:31:00 - [MESSAGE][PASSED] - Object: 'Object Repository/Final Object Repo/New Registration - Registration Module Pages/Form 1/Industy State - Johor Bharu' is clicked on

2018-12-06 23:31:00 - [TEST_STEP][PASSED] - delay: Delayed 1 second(s)

2018-12-06 23:31:01 - [MESSAGE][PASSED] - Delayed 1 second(s)

2018-12-06 23:31:01 - [TEST_STEP][PASSED] - click: Object: 'Object Repository/Final Object Repo/New Registration - Registration Module Pages/Form 1/Indusry PostCode' is clicked on

2018-12-06 23:31:02 - [MESSAGE][PASSED] - Object: 'Object Repository/Final Object Repo/New Registration - Registration Module Pages/Form 1/Indusry PostCode' is clicked on

2018-12-06 23:31:02 - [TEST_STEP][PASSED] - delay: Delayed 1 second(s)

2018-12-06 23:31:03 - [MESSAGE][PASSED] - Delayed 1 second(s)

2018-12-06 23:31:03 - [TEST_STEP][PASSED] - setText: Text '810' is set on object 'Object Repository/Final Object Repo/New Registration - Registration Module Pages/Form 1/Insutry Post Code - 810'

2018-12-06 23:31:03 - [MESSAGE][PASSED] - Text '810' is set on object 'Object Repository/Final Object Repo/New Registration - Registration Module Pages/Form 1/Insutry Post Code - 810'

2018-12-06 23:31:03 - [TEST_STEP][PASSED] - delay: Delayed 1 second(s)

2018-12-06 23:31:04 - [MESSAGE][PASSED] - Delayed 1 second(s)

2018-12-06 23:31:04 - [TEST_STEP][PASSED] - click: Object: 'Object Repository/Final Object Repo/New Registration - Registration Module Pages/Form 1/Insutry Post Code - 81000' is clicked on

2018-12-06 23:31:04 - [MESSAGE][PASSED] - Object: 'Object Repository/Final Object Repo/New Registration - Registration Module Pages/Form 1/Insutry Post Code - 81000' is clicked on

2018-12-06 23:31:04 - [TEST_STEP][PASSED] - delay: Delayed 1 second(s)

2018-12-06 23:31:05 - [MESSAGE][PASSED] - Delayed 1 second(s)

2018-12-06 23:31:05 - [TEST_STEP][PASSED] - setText: Text '100' is set on object 'Object Repository/Final Object Repo/New Registration - Registration Module Pages/Form 1/Industry P.O.BOX'

2018-12-06 23:31:05 - [MESSAGE][PASSED] - Text '100' is set on object 'Object Repository/Final Object Repo/New Registration - Registration Module Pages/Form 1/Industry P.O.BOX'

2018-12-06 23:31:05 - [TEST_STEP][PASSED] - setText: Text '100' is set on object 'Object Repository/Final Object Repo/New Registration - Registration Module Pages/Form 1/Industry Locked Bag No'

2018-12-06 23:31:05 - [MESSAGE][PASSED] - Text '100' is set on object 'Object Repository/Final Object Repo/New Registration - Registration Module Pages/Form 1/Industry Locked Bag No'

2018-12-06 23:31:05 - [TEST_STEP][PASSED] - setText: Text '123456789' is set on object 'Object Repository/Final Object Repo/New Registration - Registration Module Pages/Form 1/Telephone No'

2018-12-06 23:31:06 - [MESSAGE][PASSED] - Text '123456789' is set on object 'Object Repository/Final Object Repo/New Registration - Registration Module Pages/Form 1/Telephone No'

2018-12-06 23:31:06 - [TEST_STEP][PASSED] - setText: Text '123456789' is set on object 'Object Repository/Final Object Repo/New Registration - Registration Module Pages/Form 1/Mobile No'

2018-12-06 23:31:06 - [MESSAGE][PASSED] - Text '123456789' is set on object 'Object Repository/Final Object Repo/New Registration - Registration Module Pages/Form 1/Mobile No'

2018-12-06 23:31:06 - [TEST_STEP][PASSED] - setText: Text '123456789' is set on object 'Object Repository/Final Object Repo/New Registration - Registration Module Pages/Form 1/Fax No'

2018-12-06 23:31:07 - [MESSAGE][PASSED] - Text '123456789' is set on object 'Object Repository/Final Object Repo/New Registration - Registration Module Pages/Form 1/Fax No'

2018-12-06 23:31:07 - [TEST_STEP][PASSED] - click: Object: 'Object Repository/Final Object Repo/New Registration - Registration Module Pages/Form 1/Industry Code' is clicked on

2018-12-06 23:31:07 - [MESSAGE][PASSED] - Object: 'Object Repository/Final Object Repo/New Registration - Registration Module Pages/Form 1/Industry Code' is clicked on

2018-12-06 23:31:07 - [TEST_STEP][PASSED] - click: Object: 'Object Repository/Final Object Repo/New Registration - Registration Module Pages/Form 1/Indudustry Code - Crops and Animal' is clicked on

2018-12-06 23:31:07 - [MESSAGE][PASSED] - Object: 'Object Repository/Final Object Repo/New Registration - Registration Module Pages/Form 1/Indudustry Code - Crops and Animal' is clicked on

2018-12-06 23:31:07 - [TEST_STEP][PASSED] - delay: Delayed 1 second(s)

2018-12-06 23:31:08 - [MESSAGE][PASSED] - Delayed 1 second(s)

2018-12-06 23:31:08 - [TEST_STEP][PASSED] - click: Object: 'Object Repository/Final Object Repo/New Registration - Registration Module Pages/Form 1/Sub Industry Code List' is clicked on

2018-12-06 23:31:08 - [MESSAGE][PASSED] - Object: 'Object Repository/Final Object Repo/New Registration - Registration Module Pages/Form 1/Sub Industry Code List' is clicked on

2018-12-06 23:31:08 - [TEST_STEP][PASSED] - click: Object: 'Object Repository/Final Object Repo/New Registration - Registration Module Pages/Form 1/Sub Industry Code List - Growing of Maize' is clicked on

2018-12-06 23:31:09 - [MESSAGE][PASSED] - Object: 'Object Repository/Final Object Repo/New Registration - Registration Module Pages/Form 1/Sub Industry Code List - Growing of Maize' is clicked on

2018-12-06 23:31:09 - [TEST_STEP][PASSED] - setText: Text 'perkeso123@gmail.com' is set on object 'Object Repository/Final Object Repo/New Registration - Registration Module Pages/Form 1/Email'

2018-12-06 23:31:09 - [MESSAGE][PASSED] - Text 'perkeso123@gmail.com' is set on object 'Object Repository/Final Object Repo/New Registration - Registration Module Pages/Form 1/Email'

2018-12-06 23:31:09 - [TEST_STEP][PASSED] - click: Object: 'Object Repository/Final Object Repo/New Registration - Registration Module Pages/Form 1/Method of Contribution Payment' is clicked on

2018-12-06 23:31:09 - [MESSAGE][PASSED] - Object: 'Object Repository/Final Object Repo/New Registration - Registration Module Pages/Form 1/Method of Contribution Payment' is clicked on

2018-12-06 23:31:09 - [TEST_STEP][PASSED] - click: Object: 'Object Repository/Final Object Repo/New Registration - Registration Module Pages/Form 1/Method of Contribution Payment - Portal' is clicked on

2018-12-06 23:31:10 - [MESSAGE][PASSED] - Object: 'Object Repository/Final Object Repo/New Registration - Registration Module Pages/Form 1/Method of Contribution Payment - Portal' is clicked on

2018-12-06 23:31:10 - [TEST_STEP][PASSED] - click: Object: 'Object Repository/Final Object Repo/New Registration - Registration Module Pages/Form 1/Servide Type' is clicked on

2018-12-06 23:31:10 - [MESSAGE][PASSED] - Object: 'Object Repository/Final Object Repo/New Registration - Registration Module Pages/Form 1/Servide Type' is clicked on

2018-12-06 23:31:10 - [TEST_STEP][PASSED] - click: Object: 'Object Repository/Final Object Repo/New Registration - Registration Module Pages/Form 1/Servide Type - Professional Bodies' is clicked on

2018-12-06 23:31:10 - [MESSAGE][PASSED] - Object: 'Object Repository/Final Object Repo/New Registration - Registration Module Pages/Form 1/Servide Type - Professional Bodies' is clicked on

2018-12-06 23:31:10 - [TEST_STEP][PASSED] - click: Object: 'Object Repository/Final Object Repo/New Registration - Registration Module Pages/Form 1/Industry Venue' is clicked on

2018-12-06 23:31:10 - [MESSAGE][PASSED] - Object: 'Object Repository/Final Object Repo/New Registration - Registration Module Pages/Form 1/Industry Venue' is clicked on

2018-12-06 23:31:10 - [TEST_STEP][PASSED] - click: Object: 'Object Repository/Final Object Repo/New Registration - Registration Module Pages/Form 1/Industry Venue -  PPN JOHOR' is clicked on

2018-12-06 23:31:10 - [MESSAGE][PASSED] - Object: 'Object Repository/Final Object Repo/New Registration - Registration Module Pages/Form 1/Industry Venue -  PPN JOHOR' is clicked on

2018-12-06 23:31:10 - [TEST_STEP][PASSED] - click: Object: 'Object Repository/Final Object Repo/New Registration - Registration Module Pages/Form 1/Save  Continue' is clicked on

2018-12-06 23:31:11 - [MESSAGE][PASSED] - Object: 'Object Repository/Final Object Repo/New Registration - Registration Module Pages/Form 1/Save  Continue' is clicked on

2018-12-06 23:31:11 - [MESSAGE][PASSED] - Call Test Case 'Test Cases/Final Aug 2018 - PKS Automation/Registration Module/New Registration/Form 1/Form 1 - Corporation - BHD' successfully

2018-12-06 23:31:11 - [TEST_STEP][PASSED] - callTestCase: Call Test Case 'Test Cases/Final Aug 2018 - PKS Automation/Registration Module/New Registration/Form 2/Add 1 Eligible' successfully

2018-12-06 23:31:11 - [TEST_CASE][PASSED] - Test Cases/Final Aug 2018 - PKS Automation/Registration Module/New Registration/Form 2/Add 1 Eligible: Test Cases/Final Aug 2018 - PKS Automation/Registration Module/New Registration/Form 2/Add 1 Eligible

2018-12-06 23:31:11 - [TEST_STEP][PASSED] - delay: Delayed 2 second(s)

2018-12-06 23:31:13 - [MESSAGE][PASSED] - Delayed 2 second(s)

2018-12-06 23:31:13 - [TEST_STEP][PASSED] - callTestCase: Call Test Case 'Test Cases/Final Aug 2018 - PKS Automation/Registration Module/New Registration/Form 2/Date Updater' successfully

2018-12-06 23:31:13 - [TEST_CASE][PASSED] - Test Cases/Final Aug 2018 - PKS Automation/Registration Module/New Registration/Form 2/Date Updater: Test Cases/Final Aug 2018 - PKS Automation/Registration Module/New Registration/Form 2/Date Updater

2018-12-06 23:31:13 - [TEST_STEP][PASSED] - Statement - TodayDate = new java.util.Date(): null

2018-12-06 23:31:13 - [TEST_STEP][PASSED] - Statement - CurrentDateNoFilter = new java.text.SimpleDateFormat(): null

2018-12-06 23:31:13 - [TEST_STEP][PASSED] - Statement - CurrentDateNoFilter.applyPattern("MM"): null

2018-12-06 23:31:13 - [TEST_STEP][PASSED] - Statement - monthContainerMatcher = java.lang.Integer.parseInt(CurrentDateNoFilter.format(TodayDate)): null

2018-12-06 23:31:13 - [TEST_STEP][PASSED] - Statement - monthContainerMatcher = monthContainerMatcher - 1: null

2018-12-06 23:31:13 - [TEST_STEP][PASSED] - Statement - CurrentMonth = monthContainerMatcher.toString(): null

2018-12-06 23:31:13 - [TEST_STEP][PASSED] - Statement - CurrentMonth = CurrentMonth: null

2018-12-06 23:31:13 - [TEST_STEP][PASSED] - Statement - CurrentDateNoFilter.applyPattern("yyyy"): null

2018-12-06 23:31:13 - [TEST_STEP][PASSED] - Statement - CurrentYear = CurrentDateNoFilter.format(TodayDate): null

2018-12-06 23:31:13 - [TEST_STEP][PASSED] - Statement - CurrentYear = CurrentYear: null

2018-12-06 23:31:13 - [TEST_STEP][PASSED] - Statement - intCurrentYear = java.lang.Integer.parseInt(CurrentDateNoFilter.format(TodayDate)): null

2018-12-06 23:31:13 - [TEST_STEP][PASSED] - Statement - eighteenYrsAgo = intCurrentYear - 18: null

2018-12-06 23:31:13 - [TEST_STEP][PASSED] - Statement - eighteenYrsBeforeThisYr = eighteenYrsAgo.toString(): null

2018-12-06 23:31:13 - [TEST_STEP][PASSED] - Statement - EighteenYrsBefore = eighteenYrsBeforeThisYr: null

2018-12-06 23:31:13 - [TEST_STEP][PASSED] - Statement - fiftysevenYrsAgo = intCurrentYear - 57: null

2018-12-06 23:31:13 - [TEST_STEP][PASSED] - Statement - fiftysevenYrsBeforeThisYr = fiftysevenYrsAgo.toString(): null

2018-12-06 23:31:13 - [TEST_STEP][PASSED] - Statement - FiftysevenYrsBefore = fiftysevenYrsBeforeThisYr: null

2018-12-06 23:31:13 - [TEST_STEP][PASSED] - Statement - leapYear = false: null

2018-12-06 23:31:13 - [TEST_STEP][PASSED] - Statement - leapYear = intCurrentYear % 4 == 0: null

2018-12-06 23:31:13 - [TEST_STEP][PASSED] - Statement - CurrentDateNoFilter.applyPattern("dd"): null

2018-12-06 23:31:13 - [TEST_STEP][PASSED] - Statement - CurrentDate = CurrentDateNoFilter.format(TodayDate): null

2018-12-06 23:31:13 - [TEST_STEP][PASSED] - Statement - CurrentDate = java.lang.Integer.parseInt(CurrentDate): null

2018-12-06 23:31:13 - [TEST_STEP][PASSED] - Statement - CurrentDate = CurrentDate: null

2018-12-06 23:31:13 - [TEST_STEP][PASSED] - Statement - CurrentDay = java.lang.Integer.parseInt(CurrentDate): null

2018-12-06 23:31:13 - [TEST_STEP][PASSED] - Statement - ConfAdder = <not implemented yet for class: org.codehaus.groovy.ast.expr.EmptyExpression>: null

2018-12-06 23:31:13 - [TEST_STEP][PASSED] - Statement - out.println(CurrentMonth): null

2018-12-06 23:31:13 - [TEST_STEP][PASSED] - Statement - out.println(CurrentDate): null

2018-12-06 23:31:13 - [TEST_STEP][PASSED] - Statement - switch (CurrentDate): null

2018-12-06 23:31:13 - [TEST_STEP][PASSED] - Statement - Default: null

2018-12-06 23:31:13 - [TEST_STEP][PASSED] - Statement - ConfAdder = true: null

2018-12-06 23:31:13 - [TEST_STEP][PASSED] - Statement - Break: null

2018-12-06 23:31:13 - [TEST_STEP][PASSED] - Statement - aDayBefore = <not implemented yet for class: org.codehaus.groovy.ast.expr.EmptyExpression>: null

2018-12-06 23:31:13 - [TEST_STEP][PASSED] - Statement - out.println(ConfAdder): null

2018-12-06 23:31:13 - [TEST_STEP][PASSED] - Statement - If (ConfAdder == true): null

2018-12-06 23:31:13 - [TEST_STEP][PASSED] - Statement - aDayBefore = CurrentDay + 1: null

2018-12-06 23:31:13 - [TEST_STEP][PASSED] - Statement - out.println(aDayBefore): null

2018-12-06 23:31:13 - [TEST_STEP][PASSED] - Statement - If (aDayBefore == 1 && CurrentMonth == 11): null

2018-12-06 23:31:13 - [TEST_STEP][PASSED] - Statement - DayBefore = aDayBefore.toString(): null

2018-12-06 23:31:13 - [TEST_STEP][PASSED] - Statement - OneDayBefore = DayBefore: null

2018-12-06 23:31:13 - [MESSAGE][PASSED] - Call Test Case 'Test Cases/Final Aug 2018 - PKS Automation/Registration Module/New Registration/Form 2/Date Updater' successfully

2018-12-06 23:31:13 - [TEST_STEP][PASSED] - delay: Delayed 1 second(s)

2018-12-06 23:31:14 - [MESSAGE][PASSED] - Delayed 1 second(s)

2018-12-06 23:31:14 - [TEST_STEP][PASSED] - Statement - CaseReferenceNo = com.kms.katalon.core.webui.keyword.WebUiBuiltInKeywords.getText(com.kms.katalon.core.testobject.ObjectRepository.findTestObject(Final Object Repo/New Registration - Registration Module Pages/Form 2/RefNo Acquiring)): Text of object 'Object Repository/Final Object Repo/New Registration - Registration Module Pages/Form 2/RefNo Acquiring' is: 'CRN12201800123070'

2018-12-06 23:31:14 - [MESSAGE][PASSED] - Text of object 'Object Repository/Final Object Repo/New Registration - Registration Module Pages/Form 2/RefNo Acquiring' is: 'CRN12201800123070'

2018-12-06 23:31:14 - [TEST_STEP][PASSED] - delay: Delayed 1 second(s)

2018-12-06 23:31:15 - [MESSAGE][PASSED] - Delayed 1 second(s)

2018-12-06 23:31:15 - [TEST_STEP][PASSED] - click: Object: 'Object Repository/Final Object Repo/New Registration - Registration Module Pages/Form 2/Add Employee Button' is clicked on

2018-12-06 23:31:15 - [MESSAGE][PASSED] - Object: 'Object Repository/Final Object Repo/New Registration - Registration Module Pages/Form 2/Add Employee Button' is clicked on

2018-12-06 23:31:15 - [TEST_STEP][PASSED] - delay: Delayed 1 second(s)

2018-12-06 23:31:16 - [MESSAGE][PASSED] - Delayed 1 second(s)

2018-12-06 23:31:16 - [TEST_STEP][PASSED] - setText: Text '010903091963' is set on object 'Object Repository/Final Object Repo/New Registration - Registration Module Pages/Form 2/NRIC Input'

2018-12-06 23:31:17 - [MESSAGE][PASSED] - Text '010903091963' is set on object 'Object Repository/Final Object Repo/New Registration - Registration Module Pages/Form 2/NRIC Input'

2018-12-06 23:31:17 - [TEST_STEP][PASSED] - click: Object: 'Object Repository/Final Object Repo/New Registration - Registration Module Pages/Form 2/button for search for IC' is clicked on

2018-12-06 23:31:17 - [MESSAGE][PASSED] - Object: 'Object Repository/Final Object Repo/New Registration - Registration Module Pages/Form 2/button for search for IC' is clicked on

2018-12-06 23:31:17 - [TEST_STEP][PASSED] - delay: Delayed 2 second(s)

2018-12-06 23:31:19 - [MESSAGE][PASSED] - Delayed 2 second(s)

2018-12-06 23:31:19 - [TEST_STEP][PASSED] - setText: Text 'Automate001 eligible 1' is set on object 'Object Repository/Final Object Repo/New Registration - Registration Module Pages/Form 2/Employee Name Input'

2018-12-06 23:31:19 - [MESSAGE][PASSED] - Text 'Automate001 eligible 1' is set on object 'Object Repository/Final Object Repo/New Registration - Registration Module Pages/Form 2/Employee Name Input'

2018-12-06 23:31:19 - [TEST_STEP][PASSED] - delay: Delayed 2 second(s)

2018-12-06 23:31:21 - [MESSAGE][PASSED] - Delayed 2 second(s)

2018-12-06 23:31:21 - [TEST_STEP][PASSED] - click: Object: 'Object Repository/Final Object Repo/New Registration - Registration Module Pages/Form 2/DatePicker Pop Up' is clicked on

2018-12-06 23:31:22 - [MESSAGE][PASSED] - Object: 'Object Repository/Final Object Repo/New Registration - Registration Module Pages/Form 2/DatePicker Pop Up' is clicked on

2018-12-06 23:31:22 - [TEST_STEP][PASSED] - click: Object: 'Object Repository/Final Object Repo/New Registration - Registration Module Pages/Form 2/DOB Month' is clicked on

2018-12-06 23:31:22 - [MESSAGE][PASSED] - Object: 'Object Repository/Final Object Repo/New Registration - Registration Module Pages/Form 2/DOB Month' is clicked on

2018-12-06 23:31:22 - [TEST_STEP][PASSED] - Statement - CurrentMonth = CurrentMonth: null

2018-12-06 23:31:22 - [TEST_STEP][PASSED] - Statement - selectMonth = new com.kms.katalon.core.testobject.TestObject(): null

2018-12-06 23:31:22 - [TEST_STEP][PASSED] - Statement - selectMonth.addProperty("xpath", EQUALS, "//body/div/div/div/select/option[@value='" + CurrentMonth + "']", true): null

2018-12-06 23:31:22 - [TEST_STEP][PASSED] - click: Object: '' is clicked on

2018-12-06 23:31:22 - [MESSAGE][PASSED] - Object: '' is clicked on

2018-12-06 23:31:22 - [TEST_STEP][PASSED] - click: Object: 'Object Repository/Final Object Repo/New Registration - Registration Module Pages/Form 2/DOB Year' is clicked on

2018-12-06 23:31:22 - [MESSAGE][PASSED] - Object: 'Object Repository/Final Object Repo/New Registration - Registration Module Pages/Form 2/DOB Year' is clicked on

2018-12-06 23:31:22 - [TEST_STEP][PASSED] - Statement - Eyearsbf = EighteenYrsBefore: null

2018-12-06 23:31:22 - [TEST_STEP][PASSED] - Statement - selectYear = new com.kms.katalon.core.testobject.TestObject(): null

2018-12-06 23:31:22 - [TEST_STEP][PASSED] - Statement - selectYear.addProperty("xpath", EQUALS, "//div/div/div/select/option[@value='" + Eyearsbf + "']", true): null

2018-12-06 23:31:22 - [TEST_STEP][PASSED] - click: Object: '' is clicked on

2018-12-06 23:31:22 - [MESSAGE][PASSED] - Object: '' is clicked on

2018-12-06 23:31:22 - [TEST_STEP][PASSED] - Statement - UpdatedSelectDate = com.kms.katalon.core.webui.keyword.WebUiBuiltInKeywords.modifyObjectProperty(com.kms.katalon.core.testobject.ObjectRepository.findTestObject(Final Object Repo/New Registration - Registration Module Pages/Form 2/DOB Date), "xpath", "equals", "//body/div/table/tbody/tr/td/a[text()="" + CurrentDate + ""]", true): Modify property of object successfully

2018-12-06 23:31:22 - [MESSAGE][PASSED] - Modify property of object successfully

2018-12-06 23:31:22 - [TEST_STEP][PASSED] - delay: Delayed 3 second(s)

2018-12-06 23:31:25 - [MESSAGE][PASSED] - Delayed 3 second(s)

2018-12-06 23:31:25 - [TEST_STEP][PASSED] - click: Object: 'Object Repository/Final Object Repo/New Registration - Registration Module Pages/Form 2/DOB Date' is clicked on

2018-12-06 23:31:25 - [MESSAGE][PASSED] - Object: 'Object Repository/Final Object Repo/New Registration - Registration Module Pages/Form 2/DOB Date' is clicked on

2018-12-06 23:31:25 - [TEST_STEP][PASSED] - delay: Delayed 2 second(s)

2018-12-06 23:31:27 - [MESSAGE][PASSED] - Delayed 2 second(s)

2018-12-06 23:31:27 - [TEST_STEP][PASSED] - click: Object: 'Object Repository/Final Object Repo/New Registration - Registration Module Pages/Form 2/EmploymentStartDate Pop Up' is clicked on

2018-12-06 23:31:28 - [MESSAGE][PASSED] - Object: 'Object Repository/Final Object Repo/New Registration - Registration Module Pages/Form 2/EmploymentStartDate Pop Up' is clicked on

2018-12-06 23:31:28 - [TEST_STEP][PASSED] - delay: Delayed 2 second(s)

2018-12-06 23:31:30 - [MESSAGE][PASSED] - Delayed 2 second(s)

2018-12-06 23:31:30 - [TEST_STEP][PASSED] - click: Object: 'Object Repository/Final Object Repo/New Registration - Registration Module Pages/Form 2/Socso Employment StartDate Month' is clicked on

2018-12-06 23:31:30 - [MESSAGE][PASSED] - Object: 'Object Repository/Final Object Repo/New Registration - Registration Module Pages/Form 2/Socso Employment StartDate Month' is clicked on

2018-12-06 23:31:30 - [TEST_STEP][PASSED] - delay: Delayed 1 second(s)

2018-12-06 23:31:31 - [MESSAGE][PASSED] - Delayed 1 second(s)

2018-12-06 23:31:31 - [TEST_STEP][PASSED] - click: Object: 'Object Repository/Final Object Repo/New Registration - Registration Module Pages/Form 2/Select Socso Employement Startdate Month' is clicked on

2018-12-06 23:31:31 - [MESSAGE][PASSED] - Object: 'Object Repository/Final Object Repo/New Registration - Registration Module Pages/Form 2/Select Socso Employement Startdate Month' is clicked on

2018-12-06 23:31:31 - [TEST_STEP][PASSED] - delay: Delayed 2 second(s)

2018-12-06 23:31:33 - [MESSAGE][PASSED] - Delayed 2 second(s)

2018-12-06 23:31:33 - [TEST_STEP][PASSED] - click: Object: 'Object Repository/Final Object Repo/New Registration - Registration Module Pages/Form 2/Socso Employment StartDate Year' is clicked on

2018-12-06 23:31:33 - [MESSAGE][PASSED] - Object: 'Object Repository/Final Object Repo/New Registration - Registration Module Pages/Form 2/Socso Employment StartDate Year' is clicked on

2018-12-06 23:31:33 - [TEST_STEP][PASSED] - delay: Delayed 1 second(s)

2018-12-06 23:31:34 - [MESSAGE][PASSED] - Delayed 1 second(s)

2018-12-06 23:31:34 - [TEST_STEP][PASSED] - click: Object: 'Object Repository/Final Object Repo/New Registration - Registration Module Pages/Form 2/Select Socso Employment Startdate Year' is clicked on

2018-12-06 23:31:34 - [MESSAGE][PASSED] - Object: 'Object Repository/Final Object Repo/New Registration - Registration Module Pages/Form 2/Select Socso Employment Startdate Year' is clicked on

2018-12-06 23:31:34 - [TEST_STEP][PASSED] - delay: Delayed 2 second(s)

2018-12-06 23:31:36 - [MESSAGE][PASSED] - Delayed 2 second(s)

2018-12-06 23:31:36 - [TEST_STEP][PASSED] - click: Object: 'Object Repository/Final Object Repo/New Registration - Registration Module Pages/Form 2/Socso Employment Start Date Day' is clicked on

2018-12-06 23:31:36 - [MESSAGE][PASSED] - Object: 'Object Repository/Final Object Repo/New Registration - Registration Module Pages/Form 2/Socso Employment Start Date Day' is clicked on

2018-12-06 23:31:36 - [TEST_STEP][PASSED] - delay: Delayed 2 second(s)

2018-12-06 23:31:38 - [MESSAGE][PASSED] - Delayed 2 second(s)

2018-12-06 23:31:38 - [TEST_STEP][PASSED] - click: Object: 'Object Repository/Final Object Repo/New Registration - Registration Module Pages/Form 2/Save Button for Add Employee' is clicked on

2018-12-06 23:31:39 - [MESSAGE][PASSED] - Object: 'Object Repository/Final Object Repo/New Registration - Registration Module Pages/Form 2/Save Button for Add Employee' is clicked on

2018-12-06 23:31:39 - [TEST_STEP][PASSED] - delay: Delayed 6 second(s)

2018-12-06 23:31:45 - [MESSAGE][PASSED] - Delayed 6 second(s)

2018-12-06 23:31:45 - [TEST_STEP][PASSED] - click: Object: 'Object Repository/Final Object Repo/New Registration - Registration Module Pages/Form 2/Save and Continue Form 2' is clicked on

2018-12-06 23:31:45 - [MESSAGE][PASSED] - Object: 'Object Repository/Final Object Repo/New Registration - Registration Module Pages/Form 2/Save and Continue Form 2' is clicked on

2018-12-06 23:31:45 - [MESSAGE][PASSED] - Call Test Case 'Test Cases/Final Aug 2018 - PKS Automation/Registration Module/New Registration/Form 2/Add 1 Eligible' successfully

2018-12-06 23:31:45 - [TEST_STEP][PASSED] - callTestCase: Call Test Case 'Test Cases/Final Aug 2018 - PKS Automation/Registration Module/New Registration/Flow of New Registration/Third Screen - Upload Supporting Doc - Preview' successfully

2018-12-06 23:31:45 - [TEST_CASE][PASSED] - Test Cases/Final Aug 2018 - PKS Automation/Registration Module/New Registration/Flow of New Registration/Third Screen - Upload Supporting Doc - Preview: Test Cases/Final Aug 2018 - PKS Automation/Registration Module/New Registration/Flow of New Registration/Third Screen - Upload Supporting Doc - Preview

2018-12-06 23:31:45 - [TEST_STEP][PASSED] - waitForPageLoad: Wait for page load successfully

2018-12-06 23:31:45 - [MESSAGE][PASSED] - Wait for page load successfully

2018-12-06 23:31:45 - [TEST_STEP][PASSED] - Statement - CaseReferenceNo = com.kms.katalon.core.webui.keyword.WebUiBuiltInKeywords.getText(com.kms.katalon.core.testobject.ObjectRepository.findTestObject(Final Object Repo/New Registration - Registration Module Pages/Third Screen - Upload Supporting Doc- Preview/RefNo Acquiring)): Text of object 'Object Repository/Final Object Repo/New Registration - Registration Module Pages/Third Screen - Upload Supporting Doc- Preview/RefNo Acquiring' is: 'CRN12201800123070'

2018-12-06 23:31:46 - [MESSAGE][PASSED] - Text of object 'Object Repository/Final Object Repo/New Registration - Registration Module Pages/Third Screen - Upload Supporting Doc- Preview/RefNo Acquiring' is: 'CRN12201800123070'

2018-12-06 23:31:46 - [TEST_STEP][PASSED] - delay: Delayed 2 second(s)

2018-12-06 23:31:48 - [MESSAGE][PASSED] - Delayed 2 second(s)

2018-12-06 23:31:48 - [TEST_STEP][PASSED] - callTestCase: Call Test Case 'Test Cases/Final Aug 2018 - PKS Automation/Common/Reference Number Setter' successfully

2018-12-06 23:31:48 - [TEST_CASE][PASSED] - Test Cases/Final Aug 2018 - PKS Automation/Common/Reference Number Setter: Test Cases/Final Aug 2018 - PKS Automation/Common/Reference Number Setter

2018-12-06 23:31:48 - [TEST_STEP][PASSED] - Statement - RefNoOldFile = new java.io.File(C://Users//Admin//Desktop//PKS//Automation Reference Point//KatalonReference.txt): null

2018-12-06 23:31:48 - [TEST_STEP][PASSED] - Statement - RefNoOldFile.delete(): null

2018-12-06 23:31:48 - [TEST_STEP][PASSED] - delay: Delayed 5 second(s)

2018-12-06 23:31:53 - [MESSAGE][PASSED] - Delayed 5 second(s)

2018-12-06 23:31:53 - [TEST_STEP][PASSED] - Statement - RefNo = new java.io.File(C://Users//Admin//Desktop//PKS//Automation Reference Point//KatalonReference.txt): null

2018-12-06 23:31:53 - [TEST_STEP][PASSED] - Statement - f2 = new java.io.FileWriter(RefNo, false): null

2018-12-06 23:31:53 - [TEST_STEP][PASSED] - Statement - f2.write(CaseReferenceNo): null

2018-12-06 23:31:53 - [TEST_STEP][PASSED] - Statement - f2.close(): null

2018-12-06 23:31:53 - [TEST_STEP][PASSED] - Statement - out.println("


" + CaseReferenceNo + "


"): null

2018-12-06 23:31:53 - [MESSAGE][PASSED] - Call Test Case 'Test Cases/Final Aug 2018 - PKS Automation/Common/Reference Number Setter' successfully

2018-12-06 23:31:53 - [TEST_STEP][PASSED] - waitForElementClickable: Object 'Object Repository/Final Object Repo/New Registration - Registration Module Pages/Third Screen - Upload Supporting Doc- Preview/Save n Continue in SIP Employee Listing Page' is clickable

2018-12-06 23:31:53 - [MESSAGE][PASSED] - Object 'Object Repository/Final Object Repo/New Registration - Registration Module Pages/Third Screen - Upload Supporting Doc- Preview/Save n Continue in SIP Employee Listing Page' is clickable

2018-12-06 23:31:53 - [TEST_STEP][PASSED] - click: Object: 'Object Repository/Final Object Repo/New Registration - Registration Module Pages/Third Screen - Upload Supporting Doc- Preview/Save n Continue in SIP Employee Listing Page' is clicked on

2018-12-06 23:31:58 - [MESSAGE][PASSED] - Object: 'Object Repository/Final Object Repo/New Registration - Registration Module Pages/Third Screen - Upload Supporting Doc- Preview/Save n Continue in SIP Employee Listing Page' is clicked on

2018-12-06 23:31:58 - [TEST_STEP][PASSED] - delay: Delayed 7 second(s)

2018-12-06 23:32:05 - [MESSAGE][PASSED] - Delayed 7 second(s)

2018-12-06 23:32:05 - [TEST_STEP][PASSED] - click: Object: 'Object Repository/Final Object Repo/New Registration - Registration Module Pages/Third Screen - Upload Supporting Doc- Preview/Add Document Button' is clicked on

2018-12-06 23:32:05 - [MESSAGE][PASSED] - Object: 'Object Repository/Final Object Repo/New Registration - Registration Module Pages/Third Screen - Upload Supporting Doc- Preview/Add Document Button' is clicked on

2018-12-06 23:32:05 - [TEST_STEP][PASSED] - delay: Delayed 30 second(s)

2018-12-06 23:32:35 - [MESSAGE][PASSED] - Delayed 30 second(s)

2018-12-06 23:32:35 - [TEST_STEP][PASSED] - click: Object: 'Object Repository/Final Object Repo/New Registration - Registration Module Pages/Third Screen - Upload Supporting Doc- Preview/Supporting Doc Please Select Drop Down' is clicked on

2018-12-06 23:32:35 - [MESSAGE][PASSED] - Object: 'Object Repository/Final Object Repo/New Registration - Registration Module Pages/Third Screen - Upload Supporting Doc- Preview/Supporting Doc Please Select Drop Down' is clicked on

2018-12-06 23:32:35 - [TEST_STEP][PASSED] - delay: Delayed 2 second(s)

2018-12-06 23:32:37 - [MESSAGE][PASSED] - Delayed 2 second(s)

2018-12-06 23:32:37 - [TEST_STEP][PASSED] - click: Object: 'Object Repository/Final Object Repo/New Registration - Registration Module Pages/Third Screen - Upload Supporting Doc- Preview/Select to Upload Form 1' is clicked on

2018-12-06 23:32:37 - [MESSAGE][PASSED] - Object: 'Object Repository/Final Object Repo/New Registration - Registration Module Pages/Third Screen - Upload Supporting Doc- Preview/Select to Upload Form 1' is clicked on

2018-12-06 23:32:37 - [TEST_STEP][PASSED] - delay: Delayed 2 second(s)

2018-12-06 23:32:39 - [MESSAGE][PASSED] - Delayed 2 second(s)

2018-12-06 23:32:39 - [TEST_STEP][PASSED] - uploadFile: File 'C:\Users\Public\Pictures\Sample Pictures\Koala.jpg' sent to object: 'Object Repository/Final Object Repo/New Registration - Registration Module Pages/Third Screen - Upload Supporting Doc- Preview/Upload File Adding'

2018-12-06 23:32:40 - [MESSAGE][PASSED] - File 'C:\Users\Public\Pictures\Sample Pictures\Koala.jpg' sent to object: 'Object Repository/Final Object Repo/New Registration - Registration Module Pages/Third Screen - Upload Supporting Doc- Preview/Upload File Adding'

2018-12-06 23:32:40 - [TEST_STEP][PASSED] - delay: Delayed 5 second(s)

2018-12-06 23:32:45 - [MESSAGE][PASSED] - Delayed 5 second(s)

2018-12-06 23:32:45 - [TEST_STEP][PASSED] - click: Object: 'Object Repository/Final Object Repo/New Registration - Registration Module Pages/Third Screen - Upload Supporting Doc- Preview/Inner Form Add Document Button' is clicked on

2018-12-06 23:32:45 - [MESSAGE][PASSED] - Object: 'Object Repository/Final Object Repo/New Registration - Registration Module Pages/Third Screen - Upload Supporting Doc- Preview/Inner Form Add Document Button' is clicked on

2018-12-06 23:32:45 - [TEST_STEP][PASSED] - delay: Delayed 3 second(s)

2018-12-06 23:32:48 - [MESSAGE][PASSED] - Delayed 3 second(s)

2018-12-06 23:32:48 - [TEST_STEP][PASSED] - click: Object: 'Object Repository/Final Object Repo/New Registration - Registration Module Pages/Third Screen - Upload Supporting Doc- Preview/Add Document Button' is clicked on

2018-12-06 23:32:49 - [MESSAGE][PASSED] - Object: 'Object Repository/Final Object Repo/New Registration - Registration Module Pages/Third Screen - Upload Supporting Doc- Preview/Add Document Button' is clicked on

2018-12-06 23:32:49 - [TEST_STEP][PASSED] - delay: Delayed 30 second(s)

2018-12-06 23:33:19 - [MESSAGE][PASSED] - Delayed 30 second(s)

2018-12-06 23:33:19 - [TEST_STEP][PASSED] - click: Object: 'Object Repository/Final Object Repo/New Registration - Registration Module Pages/Third Screen - Upload Supporting Doc- Preview/Supporting Doc Please Select Drop Down' is clicked on

2018-12-06 23:33:19 - [MESSAGE][PASSED] - Object: 'Object Repository/Final Object Repo/New Registration - Registration Module Pages/Third Screen - Upload Supporting Doc- Preview/Supporting Doc Please Select Drop Down' is clicked on

2018-12-06 23:33:19 - [TEST_STEP][PASSED] - delay: Delayed 2 second(s)

2018-12-06 23:33:21 - [MESSAGE][PASSED] - Delayed 2 second(s)

2018-12-06 23:33:21 - [TEST_STEP][PASSED] - click: Object: 'Object Repository/Final Object Repo/New Registration - Registration Module Pages/Third Screen - Upload Supporting Doc- Preview/Select to Upload Form 2' is clicked on

2018-12-06 23:33:21 - [MESSAGE][PASSED] - Object: 'Object Repository/Final Object Repo/New Registration - Registration Module Pages/Third Screen - Upload Supporting Doc- Preview/Select to Upload Form 2' is clicked on

2018-12-06 23:33:21 - [TEST_STEP][PASSED] - delay: Delayed 2 second(s)

2018-12-06 23:33:23 - [MESSAGE][PASSED] - Delayed 2 second(s)

2018-12-06 23:33:23 - [TEST_STEP][PASSED] - uploadFile: File 'C:\Users\Public\Pictures\Sample Pictures\Koala.jpg' sent to object: 'Object Repository/Final Object Repo/New Registration - Registration Module Pages/Third Screen - Upload Supporting Doc- Preview/Upload File Adding'

2018-12-06 23:33:23 - [MESSAGE][PASSED] - File 'C:\Users\Public\Pictures\Sample Pictures\Koala.jpg' sent to object: 'Object Repository/Final Object Repo/New Registration - Registration Module Pages/Third Screen - Upload Supporting Doc- Preview/Upload File Adding'

2018-12-06 23:33:23 - [TEST_STEP][PASSED] - click: Object: 'Object Repository/Final Object Repo/New Registration - Registration Module Pages/Third Screen - Upload Supporting Doc- Preview/Inner Form Add Document Button' is clicked on

2018-12-06 23:33:23 - [MESSAGE][PASSED] - Object: 'Object Repository/Final Object Repo/New Registration - Registration Module Pages/Third Screen - Upload Supporting Doc- Preview/Inner Form Add Document Button' is clicked on

2018-12-06 23:33:23 - [TEST_STEP][PASSED] - delay: Delayed 5 second(s)

2018-12-06 23:33:28 - [MESSAGE][PASSED] - Delayed 5 second(s)

2018-12-06 23:33:28 - [TEST_STEP][PASSED] - click: Object: 'Object Repository/Final Object Repo/New Registration - Registration Module Pages/Third Screen - Upload Supporting Doc- Preview/Add Document Button' is clicked on

2018-12-06 23:33:29 - [MESSAGE][PASSED] - Object: 'Object Repository/Final Object Repo/New Registration - Registration Module Pages/Third Screen - Upload Supporting Doc- Preview/Add Document Button' is clicked on

2018-12-06 23:33:29 - [TEST_STEP][PASSED] - delay: Delayed 30 second(s)

2018-12-06 23:33:59 - [MESSAGE][PASSED] - Delayed 30 second(s)

2018-12-06 23:33:59 - [TEST_STEP][PASSED] - click: Object: 'Object Repository/Final Object Repo/New Registration - Registration Module Pages/Third Screen - Upload Supporting Doc- Preview/Supporting Doc Please Select Drop Down' is clicked on

2018-12-06 23:33:59 - [MESSAGE][PASSED] - Object: 'Object Repository/Final Object Repo/New Registration - Registration Module Pages/Third Screen - Upload Supporting Doc- Preview/Supporting Doc Please Select Drop Down' is clicked on

2018-12-06 23:33:59 - [TEST_STEP][PASSED] - click: Object: 'Object Repository/Final Object Repo/New Registration - Registration Module Pages/Third Screen - Upload Supporting Doc- Preview/Select to Upload Borang SIP 1' is clicked on

2018-12-06 23:33:59 - [MESSAGE][PASSED] - Object: 'Object Repository/Final Object Repo/New Registration - Registration Module Pages/Third Screen - Upload Supporting Doc- Preview/Select to Upload Borang SIP 1' is clicked on

2018-12-06 23:33:59 - [TEST_STEP][PASSED] - delay: Delayed 2 second(s)

2018-12-06 23:34:01 - [MESSAGE][PASSED] - Delayed 2 second(s)

2018-12-06 23:34:01 - [TEST_STEP][PASSED] - uploadFile: File 'C:\Users\Public\Pictures\Sample Pictures\Koala.jpg' sent to object: 'Object Repository/Final Object Repo/New Registration - Registration Module Pages/Third Screen - Upload Supporting Doc- Preview/Upload File Adding'

2018-12-06 23:34:01 - [MESSAGE][PASSED] - File 'C:\Users\Public\Pictures\Sample Pictures\Koala.jpg' sent to object: 'Object Repository/Final Object Repo/New Registration - Registration Module Pages/Third Screen - Upload Supporting Doc- Preview/Upload File Adding'

2018-12-06 23:34:01 - [TEST_STEP][PASSED] - click: Object: 'Object Repository/Final Object Repo/New Registration - Registration Module Pages/Third Screen - Upload Supporting Doc- Preview/Inner Form Add Document Button' is clicked on

2018-12-06 23:34:01 - [MESSAGE][PASSED] - Object: 'Object Repository/Final Object Repo/New Registration - Registration Module Pages/Third Screen - Upload Supporting Doc- Preview/Inner Form Add Document Button' is clicked on

2018-12-06 23:34:01 - [TEST_STEP][PASSED] - delay: Delayed 5 second(s)

2018-12-06 23:34:06 - [MESSAGE][PASSED] - Delayed 5 second(s)

2018-12-06 23:34:06 - [TEST_STEP][PASSED] - click: Object: 'Object Repository/Final Object Repo/New Registration - Registration Module Pages/Third Screen - Upload Supporting Doc- Preview/Add Document Button' is clicked on

2018-12-06 23:34:09 - [MESSAGE][PASSED] - Object: 'Object Repository/Final Object Repo/New Registration - Registration Module Pages/Third Screen - Upload Supporting Doc- Preview/Add Document Button' is clicked on

2018-12-06 23:34:09 - [TEST_STEP][PASSED] - delay: Delayed 30 second(s)

2018-12-06 23:34:39 - [MESSAGE][PASSED] - Delayed 30 second(s)

2018-12-06 23:34:39 - [TEST_STEP][PASSED] - click: Object: 'Object Repository/Final Object Repo/New Registration - Registration Module Pages/Third Screen - Upload Supporting Doc- Preview/Supporting Doc Please Select Drop Down' is clicked on

2018-12-06 23:34:39 - [MESSAGE][PASSED] - Object: 'Object Repository/Final Object Repo/New Registration - Registration Module Pages/Third Screen - Upload Supporting Doc- Preview/Supporting Doc Please Select Drop Down' is clicked on

2018-12-06 23:34:39 - [TEST_STEP][PASSED] - delay: Delayed 3 second(s)

2018-12-06 23:34:42 - [MESSAGE][PASSED] - Delayed 3 second(s)

2018-12-06 23:34:42 - [TEST_STEP][PASSED] - click: Object: 'Object Repository/Final Object Repo/New Registration - Registration Module Pages/Third Screen - Upload Supporting Doc- Preview/Select to Upload Borang SIP 2' is clicked on

2018-12-06 23:34:42 - [MESSAGE][PASSED] - Object: 'Object Repository/Final Object Repo/New Registration - Registration Module Pages/Third Screen - Upload Supporting Doc- Preview/Select to Upload Borang SIP 2' is clicked on

2018-12-06 23:34:42 - [TEST_STEP][PASSED] - delay: Delayed 2 second(s)

2018-12-06 23:34:44 - [MESSAGE][PASSED] - Delayed 2 second(s)

2018-12-06 23:34:44 - [TEST_STEP][PASSED] - uploadFile: File 'C:\Users\Public\Pictures\Sample Pictures\Koala.jpg' sent to object: 'Object Repository/Final Object Repo/New Registration - Registration Module Pages/Third Screen - Upload Supporting Doc- Preview/Upload File Adding'

2018-12-06 23:34:44 - [MESSAGE][PASSED] - File 'C:\Users\Public\Pictures\Sample Pictures\Koala.jpg' sent to object: 'Object Repository/Final Object Repo/New Registration - Registration Module Pages/Third Screen - Upload Supporting Doc- Preview/Upload File Adding'

2018-12-06 23:34:44 - [TEST_STEP][PASSED] - delay: Delayed 5 second(s)

2018-12-06 23:34:49 - [MESSAGE][PASSED] - Delayed 5 second(s)

2018-12-06 23:34:49 - [TEST_STEP][PASSED] - click: Object: 'Object Repository/Final Object Repo/New Registration - Registration Module Pages/Third Screen - Upload Supporting Doc- Preview/Inner Form Add Document Button' is clicked on

2018-12-06 23:34:49 - [MESSAGE][PASSED] - Object: 'Object Repository/Final Object Repo/New Registration - Registration Module Pages/Third Screen - Upload Supporting Doc- Preview/Inner Form Add Document Button' is clicked on

2018-12-06 23:34:49 - [TEST_STEP][PASSED] - delay: Delayed 3 second(s)

2018-12-06 23:34:52 - [MESSAGE][PASSED] - Delayed 3 second(s)

2018-12-06 23:34:52 - [TEST_STEP][PASSED] - waitForElementClickable: Object 'Object Repository/Final Object Repo/New Registration - Registration Module Pages/Third Screen - Upload Supporting Doc- Preview/Save n Continue in Uploading Supporting Doc Page' is clickable

2018-12-06 23:34:54 - [MESSAGE][PASSED] - Object 'Object Repository/Final Object Repo/New Registration - Registration Module Pages/Third Screen - Upload Supporting Doc- Preview/Save n Continue in Uploading Supporting Doc Page' is clickable

2018-12-06 23:34:54 - [TEST_STEP][PASSED] - click: Object: 'Object Repository/Final Object Repo/New Registration - Registration Module Pages/Third Screen - Upload Supporting Doc- Preview/Save n Continue in Uploading Supporting Doc Page' is clicked on

2018-12-06 23:34:54 - [MESSAGE][PASSED] - Object: 'Object Repository/Final Object Repo/New Registration - Registration Module Pages/Third Screen - Upload Supporting Doc- Preview/Save n Continue in Uploading Supporting Doc Page' is clicked on

2018-12-06 23:34:54 - [MESSAGE][PASSED] - Call Test Case 'Test Cases/Final Aug 2018 - PKS Automation/Registration Module/New Registration/Flow of New Registration/Third Screen - Upload Supporting Doc - Preview' successfully

2018-12-06 23:34:54 - [TEST_STEP][PASSED] - callTestCase: Call Test Case 'Test Cases/Final Aug 2018 - PKS Automation/Registration Module/New Registration/Submit and Screenshot/Submit Registration and Screenshot - Copy' successfully

2018-12-06 23:34:54 - [TEST_CASE][PASSED] - Test Cases/Final Aug 2018 - PKS Automation/Registration Module/New Registration/Submit and Screenshot/Submit Registration and Screenshot - Copy: Test Cases/Final Aug 2018 - PKS Automation/Registration Module/New Registration/Submit and Screenshot/Submit Registration and Screenshot - Copy

2018-12-06 23:34:54 - [TEST_STEP][PASSED] - delay: Delayed 6 second(s)

2018-12-06 23:35:00 - [MESSAGE][PASSED] - Delayed 6 second(s)

2018-12-06 23:35:00 - [TEST_STEP][PASSED] - click: Object: 'Object Repository/Final Object Repo/New Registration - Registration Module Pages/Third Screen - Upload Supporting Doc- Preview/Preview Submit Button' is clicked on

2018-12-06 23:35:00 - [MESSAGE][PASSED] - Object: 'Object Repository/Final Object Repo/New Registration - Registration Module Pages/Third Screen - Upload Supporting Doc- Preview/Preview Submit Button' is clicked on

2018-12-06 23:35:00 - [TEST_STEP][PASSED] - delay: Delayed 2 second(s)

2018-12-06 23:35:02 - [MESSAGE][PASSED] - Delayed 2 second(s)

2018-12-06 23:35:02 - [TEST_STEP][PASSED] - click: Object: 'Object Repository/Final Object Repo/New Registration - Registration Module Pages/Third Screen - Upload Supporting Doc- Preview/Preview Submit - Confirm' is clicked on

2018-12-06 23:35:02 - [MESSAGE][PASSED] - Object: 'Object Repository/Final Object Repo/New Registration - Registration Module Pages/Third Screen - Upload Supporting Doc- Preview/Preview Submit - Confirm' is clicked on

2018-12-06 23:35:02 - [TEST_STEP][PASSED] - delay: Delayed 15 second(s)

2018-12-06 23:35:17 - [MESSAGE][PASSED] - Delayed 15 second(s)

2018-12-06 23:35:17 - [TEST_STEP][PASSED] - Statement - driver = com.kms.katalon.core.webui.driver.DriverFactory.getWebDriver(): null

2018-12-06 23:35:17 - [TEST_STEP][PASSED] - Statement - driver.manage().timeouts().implicitlyWait(10, SECONDS): null

2018-12-06 23:35:17 - [TEST_STEP][PASSED] - Statement - PresavePath = KatalonScreenshots: null

2018-12-06 23:35:17 - [TEST_STEP][PASSED] - Statement - pathPrefix = "C:\Users\Public\Pictures\Sample Pictures\Katalon Screenshots\Automate Ending Screen": null

2018-12-06 23:35:17 - [TEST_STEP][PASSED] - Statement - finalPath = <not implemented yet for class: org.codehaus.groovy.ast.expr.EmptyExpression>: null

2018-12-06 23:35:17 - [TEST_STEP][PASSED] - Statement - scrFile = driver.getScreenshotAs(FILE): null

2018-12-06 23:35:18 - [TEST_STEP][PASSED] - Statement - PreSaveFile = new java.io.File(PresavePath): null

2018-12-06 23:35:18 - [TEST_STEP][PASSED] - Statement - counter = 0: null

2018-12-06 23:35:18 - [TEST_STEP][PASSED] - Statement - If (PreSaveFile.exists()): null

2018-12-06 23:35:18 - [TEST_STEP][PASSED] - Statement - While (PreSaveFile.exists()): null

2018-12-06 23:35:18 - [TEST_STEP][PASSED] - Statement - counter = counter + 1: null

2018-12-06 23:35:18 - [TEST_STEP][PASSED] - Statement - PreSaveFile = new java.io.File(((pathPrefix + java.lang.Integer.toString(counter)) + .png)): null

2018-12-06 23:35:18 - [TEST_STEP][PASSED] - Statement - counter = counter + 1: null

2018-12-06 23:35:18 - [TEST_STEP][PASSED] - Statement - PreSaveFile = new java.io.File(((pathPrefix + java.lang.Integer.toString(counter)) + .png)): null

2018-12-06 23:35:18 - [TEST_STEP][PASSED] - Statement - counter = counter + 1: null

2018-12-06 23:35:18 - [TEST_STEP][PASSED] - Statement - PreSaveFile = new java.io.File(((pathPrefix + java.lang.Integer.toString(counter)) + .png)): null

2018-12-06 23:35:18 - [TEST_STEP][PASSED] - Statement - counter = counter + 1: null

2018-12-06 23:35:18 - [TEST_STEP][PASSED] - Statement - PreSaveFile = new java.io.File(((pathPrefix + java.lang.Integer.toString(counter)) + .png)): null

2018-12-06 23:35:18 - [TEST_STEP][PASSED] - Statement - counter = counter + 1: null

2018-12-06 23:35:18 - [TEST_STEP][PASSED] - Statement - PreSaveFile = new java.io.File(((pathPrefix + java.lang.Integer.toString(counter)) + .png)): null

2018-12-06 23:35:18 - [TEST_STEP][PASSED] - Statement - counter = counter + 1: null

2018-12-06 23:35:18 - [TEST_STEP][PASSED] - Statement - PreSaveFile = new java.io.File(((pathPrefix + java.lang.Integer.toString(counter)) + .png)): null

2018-12-06 23:35:18 - [TEST_STEP][PASSED] - Statement - counter = counter + 1: null

2018-12-06 23:35:18 - [TEST_STEP][PASSED] - Statement - PreSaveFile = new java.io.File(((pathPrefix + java.lang.Integer.toString(counter)) + .png)): null

2018-12-06 23:35:18 - [TEST_STEP][PASSED] - Statement - counter = counter + 1: null

2018-12-06 23:35:18 - [TEST_STEP][PASSED] - Statement - PreSaveFile = new java.io.File(((pathPrefix + java.lang.Integer.toString(counter)) + .png)): null

2018-12-06 23:35:18 - [TEST_STEP][PASSED] - Statement - counter = counter + 1: null

2018-12-06 23:35:18 - [TEST_STEP][PASSED] - Statement - PreSaveFile = new java.io.File(((pathPrefix + java.lang.Integer.toString(counter)) + .png)): null

2018-12-06 23:35:18 - [TEST_STEP][PASSED] - Statement - counter = counter + 1: null

2018-12-06 23:35:18 - [TEST_STEP][PASSED] - Statement - PreSaveFile = new java.io.File(((pathPrefix + java.lang.Integer.toString(counter)) + .png)): null

2018-12-06 23:35:18 - [TEST_STEP][PASSED] - Statement - counter = counter + 1: null

2018-12-06 23:35:18 - [TEST_STEP][PASSED] - Statement - PreSaveFile = new java.io.File(((pathPrefix + java.lang.Integer.toString(counter)) + .png)): null

2018-12-06 23:35:18 - [TEST_STEP][PASSED] - Statement - counter = counter + 1: null

2018-12-06 23:35:18 - [TEST_STEP][PASSED] - Statement - PreSaveFile = new java.io.File(((pathPrefix + java.lang.Integer.toString(counter)) + .png)): null

2018-12-06 23:35:18 - [TEST_STEP][PASSED] - Statement - counter = counter + 1: null

2018-12-06 23:35:18 - [TEST_STEP][PASSED] - Statement - PreSaveFile = new java.io.File(((pathPrefix + java.lang.Integer.toString(counter)) + .png)): null

2018-12-06 23:35:18 - [TEST_STEP][PASSED] - Statement - counter = counter + 1: null

2018-12-06 23:35:18 - [TEST_STEP][PASSED] - Statement - PreSaveFile = new java.io.File(((pathPrefix + java.lang.Integer.toString(counter)) + .png)): null

2018-12-06 23:35:18 - [TEST_STEP][PASSED] - Statement - counter = counter + 1: null

2018-12-06 23:35:18 - [TEST_STEP][PASSED] - Statement - PreSaveFile = new java.io.File(((pathPrefix + java.lang.Integer.toString(counter)) + .png)): null

2018-12-06 23:35:18 - [TEST_STEP][PASSED] - Statement - counter = counter + 1: null

2018-12-06 23:35:18 - [TEST_STEP][PASSED] - Statement - PreSaveFile = new java.io.File(((pathPrefix + java.lang.Integer.toString(counter)) + .png)): null

2018-12-06 23:35:18 - [TEST_STEP][PASSED] - Statement - counter = counter + 1: null

2018-12-06 23:35:18 - [TEST_STEP][PASSED] - Statement - PreSaveFile = new java.io.File(((pathPrefix + java.lang.Integer.toString(counter)) + .png)): null

2018-12-06 23:35:18 - [TEST_STEP][PASSED] - Statement - counter = counter + 1: null

2018-12-06 23:35:18 - [TEST_STEP][PASSED] - Statement - PreSaveFile = new java.io.File(((pathPrefix + java.lang.Integer.toString(counter)) + .png)): null

2018-12-06 23:35:18 - [TEST_STEP][PASSED] - Statement - counter = counter + 1: null

2018-12-06 23:35:18 - [TEST_STEP][PASSED] - Statement - PreSaveFile = new java.io.File(((pathPrefix + java.lang.Integer.toString(counter)) + .png)): null

2018-12-06 23:35:18 - [TEST_STEP][PASSED] - Statement - counter = counter + 1: null

2018-12-06 23:35:18 - [TEST_STEP][PASSED] - Statement - PreSaveFile = new java.io.File(((pathPrefix + java.lang.Integer.toString(counter)) + .png)): null

2018-12-06 23:35:18 - [TEST_STEP][PASSED] - Statement - counter = counter + 1: null

2018-12-06 23:35:18 - [TEST_STEP][PASSED] - Statement - PreSaveFile = new java.io.File(((pathPrefix + java.lang.Integer.toString(counter)) + .png)): null

2018-12-06 23:35:18 - [TEST_STEP][PASSED] - Statement - counter = counter + 1: null

2018-12-06 23:35:18 - [TEST_STEP][PASSED] - Statement - PreSaveFile = new java.io.File(((pathPrefix + java.lang.Integer.toString(counter)) + .png)): null

2018-12-06 23:35:18 - [TEST_STEP][PASSED] - Statement - counter = counter + 1: null

2018-12-06 23:35:18 - [TEST_STEP][PASSED] - Statement - PreSaveFile = new java.io.File(((pathPrefix + java.lang.Integer.toString(counter)) + .png)): null

2018-12-06 23:35:18 - [TEST_STEP][PASSED] - Statement - counter = counter + 1: null

2018-12-06 23:35:18 - [TEST_STEP][PASSED] - Statement - PreSaveFile = new java.io.File(((pathPrefix + java.lang.Integer.toString(counter)) + .png)): null

2018-12-06 23:35:18 - [TEST_STEP][PASSED] - Statement - counter = counter + 1: null

2018-12-06 23:35:18 - [TEST_STEP][PASSED] - Statement - PreSaveFile = new java.io.File(((pathPrefix + java.lang.Integer.toString(counter)) + .png)): null

2018-12-06 23:35:18 - [TEST_STEP][PASSED] - Statement - counter = counter + 1: null

2018-12-06 23:35:18 - [TEST_STEP][PASSED] - Statement - PreSaveFile = new java.io.File(((pathPrefix + java.lang.Integer.toString(counter)) + .png)): null

2018-12-06 23:35:18 - [TEST_STEP][PASSED] - Statement - counter = counter + 1: null

2018-12-06 23:35:18 - [TEST_STEP][PASSED] - Statement - PreSaveFile = new java.io.File(((pathPrefix + java.lang.Integer.toString(counter)) + .png)): null

2018-12-06 23:35:18 - [TEST_STEP][PASSED] - Statement - counter = counter + 1: null

2018-12-06 23:35:18 - [TEST_STEP][PASSED] - Statement - PreSaveFile = new java.io.File(((pathPrefix + java.lang.Integer.toString(counter)) + .png)): null

2018-12-06 23:35:18 - [TEST_STEP][PASSED] - Statement - counter = counter + 1: null

2018-12-06 23:35:18 - [TEST_STEP][PASSED] - Statement - PreSaveFile = new java.io.File(((pathPrefix + java.lang.Integer.toString(counter)) + .png)): null

2018-12-06 23:35:18 - [TEST_STEP][PASSED] - Statement - counter = counter + 1: null

2018-12-06 23:35:18 - [TEST_STEP][PASSED] - Statement - PreSaveFile = new java.io.File(((pathPrefix + java.lang.Integer.toString(counter)) + .png)): null

2018-12-06 23:35:18 - [TEST_STEP][PASSED] - Statement - counter = counter + 1: null

2018-12-06 23:35:18 - [TEST_STEP][PASSED] - Statement - PreSaveFile = new java.io.File(((pathPrefix + java.lang.Integer.toString(counter)) + .png)): null

2018-12-06 23:35:18 - [TEST_STEP][PASSED] - Statement - counter = counter + 1: null

2018-12-06 23:35:18 - [TEST_STEP][PASSED] - Statement - PreSaveFile = new java.io.File(((pathPrefix + java.lang.Integer.toString(counter)) + .png)): null

2018-12-06 23:35:18 - [TEST_STEP][PASSED] - Statement - counter = counter + 1: null

2018-12-06 23:35:18 - [TEST_STEP][PASSED] - Statement - PreSaveFile = new java.io.File(((pathPrefix + java.lang.Integer.toString(counter)) + .png)): null

2018-12-06 23:35:18 - [TEST_STEP][PASSED] - Statement - counter = counter + 1: null

2018-12-06 23:35:18 - [TEST_STEP][PASSED] - Statement - PreSaveFile = new java.io.File(((pathPrefix + java.lang.Integer.toString(counter)) + .png)): null

2018-12-06 23:35:18 - [TEST_STEP][PASSED] - Statement - counter = counter + 1: null

2018-12-06 23:35:18 - [TEST_STEP][PASSED] - Statement - PreSaveFile = new java.io.File(((pathPrefix + java.lang.Integer.toString(counter)) + .png)): null

2018-12-06 23:35:18 - [TEST_STEP][PASSED] - Statement - counter = counter + 1: null

2018-12-06 23:35:18 - [TEST_STEP][PASSED] - Statement - PreSaveFile = new java.io.File(((pathPrefix + java.lang.Integer.toString(counter)) + .png)): null

2018-12-06 23:35:18 - [TEST_STEP][PASSED] - Statement - counter = counter + 1: null

2018-12-06 23:35:18 - [TEST_STEP][PASSED] - Statement - PreSaveFile = new java.io.File(((pathPrefix + java.lang.Integer.toString(counter)) + .png)): null

2018-12-06 23:35:18 - [TEST_STEP][PASSED] - Statement - counter = counter + 1: null

2018-12-06 23:35:18 - [TEST_STEP][PASSED] - Statement - PreSaveFile = new java.io.File(((pathPrefix + java.lang.Integer.toString(counter)) + .png)): null

2018-12-06 23:35:18 - [TEST_STEP][PASSED] - Statement - counter = counter + 1: null

2018-12-06 23:35:18 - [TEST_STEP][PASSED] - Statement - PreSaveFile = new java.io.File(((pathPrefix + java.lang.Integer.toString(counter)) + .png)): null

2018-12-06 23:35:18 - [TEST_STEP][PASSED] - Statement - counter = counter + 1: null

2018-12-06 23:35:18 - [TEST_STEP][PASSED] - Statement - PreSaveFile = new java.io.File(((pathPrefix + java.lang.Integer.toString(counter)) + .png)): null

2018-12-06 23:35:18 - [TEST_STEP][PASSED] - Statement - counter = counter + 1: null

2018-12-06 23:35:18 - [TEST_STEP][PASSED] - Statement - PreSaveFile = new java.io.File(((pathPrefix + java.lang.Integer.toString(counter)) + .png)): null

2018-12-06 23:35:18 - [TEST_STEP][PASSED] - Statement - counter = counter + 1: null

2018-12-06 23:35:18 - [TEST_STEP][PASSED] - Statement - PreSaveFile = new java.io.File(((pathPrefix + java.lang.Integer.toString(counter)) + .png)): null

2018-12-06 23:35:18 - [TEST_STEP][PASSED] - Statement - counter = counter + 1: null

2018-12-06 23:35:18 - [TEST_STEP][PASSED] - Statement - PreSaveFile = new java.io.File(((pathPrefix + java.lang.Integer.toString(counter)) + .png)): null

2018-12-06 23:35:18 - [TEST_STEP][PASSED] - Statement - counter = counter + 1: null

2018-12-06 23:35:18 - [TEST_STEP][PASSED] - Statement - PreSaveFile = new java.io.File(((pathPrefix + java.lang.Integer.toString(counter)) + .png)): null

2018-12-06 23:35:18 - [TEST_STEP][PASSED] - Statement - counter = counter + 1: null

2018-12-06 23:35:18 - [TEST_STEP][PASSED] - Statement - PreSaveFile = new java.io.File(((pathPrefix + java.lang.Integer.toString(counter)) + .png)): null

2018-12-06 23:35:18 - [TEST_STEP][PASSED] - Statement - counter = counter + 1: null

2018-12-06 23:35:18 - [TEST_STEP][PASSED] - Statement - PreSaveFile = new java.io.File(((pathPrefix + java.lang.Integer.toString(counter)) + .png)): null

2018-12-06 23:35:18 - [TEST_STEP][PASSED] - Statement - counter = counter + 1: null

2018-12-06 23:35:18 - [TEST_STEP][PASSED] - Statement - PreSaveFile = new java.io.File(((pathPrefix + java.lang.Integer.toString(counter)) + .png)): null

2018-12-06 23:35:18 - [TEST_STEP][PASSED] - Statement - counter = counter + 1: null

2018-12-06 23:35:18 - [TEST_STEP][PASSED] - Statement - PreSaveFile = new java.io.File(((pathPrefix + java.lang.Integer.toString(counter)) + .png)): null

2018-12-06 23:35:18 - [TEST_STEP][PASSED] - Statement - counter = counter + 1: null

2018-12-06 23:35:18 - [TEST_STEP][PASSED] - Statement - PreSaveFile = new java.io.File(((pathPrefix + java.lang.Integer.toString(counter)) + .png)): null

2018-12-06 23:35:18 - [TEST_STEP][PASSED] - Statement - counter = counter + 1: null

2018-12-06 23:35:18 - [TEST_STEP][PASSED] - Statement - PreSaveFile = new java.io.File(((pathPrefix + java.lang.Integer.toString(counter)) + .png)): null

2018-12-06 23:35:18 - [TEST_STEP][PASSED] - Statement - counter = counter + 1: null

2018-12-06 23:35:18 - [TEST_STEP][PASSED] - Statement - PreSaveFile = new java.io.File(((pathPrefix + java.lang.Integer.toString(counter)) + .png)): null

2018-12-06 23:35:18 - [TEST_STEP][PASSED] - Statement - counter = counter + 1: null

2018-12-06 23:35:18 - [TEST_STEP][PASSED] - Statement - PreSaveFile = new java.io.File(((pathPrefix + java.lang.Integer.toString(counter)) + .png)): null

2018-12-06 23:35:18 - [TEST_STEP][PASSED] - Statement - counter = counter + 1: null

2018-12-06 23:35:18 - [TEST_STEP][PASSED] - Statement - PreSaveFile = new java.io.File(((pathPrefix + java.lang.Integer.toString(counter)) + .png)): null

2018-12-06 23:35:18 - [TEST_STEP][PASSED] - Statement - counter = counter + 1: null

2018-12-06 23:35:18 - [TEST_STEP][PASSED] - Statement - PreSaveFile = new java.io.File(((pathPrefix + java.lang.Integer.toString(counter)) + .png)): null

2018-12-06 23:35:18 - [TEST_STEP][PASSED] - Statement - counter = counter + 1: null

2018-12-06 23:35:18 - [TEST_STEP][PASSED] - Statement - PreSaveFile = new java.io.File(((pathPrefix + java.lang.Integer.toString(counter)) + .png)): null

2018-12-06 23:35:18 - [TEST_STEP][PASSED] - Statement - counter = counter + 1: null

2018-12-06 23:35:18 - [TEST_STEP][PASSED] - Statement - PreSaveFile = new java.io.File(((pathPrefix + java.lang.Integer.toString(counter)) + .png)): null

2018-12-06 23:35:18 - [TEST_STEP][PASSED] - Statement - finalPath = pathPrefix + java.lang.Integer.toString(counter) + ".png": null

2018-12-06 23:35:18 - [TEST_STEP][PASSED] - Statement - SaveFile = new java.io.File(finalPath): null

2018-12-06 23:35:18 - [TEST_STEP][PASSED] - Statement - Try: null

2018-12-06 23:35:18 - [TEST_STEP][PASSED] - Statement - org.apache.commons.io.FileUtils.copyFile(scrFile, SaveFile): null

2018-12-06 23:35:18 - [TEST_STEP][PASSED] - Statement - out.println("file kept"): null

2018-12-06 23:35:18 - [TEST_STEP][PASSED] - delay: Delayed 10 second(s)

2018-12-06 23:35:28 - [MESSAGE][PASSED] - Delayed 10 second(s)

2018-12-06 23:35:28 - [MESSAGE][PASSED] - Call Test Case 'Test Cases/Final Aug 2018 - PKS Automation/Registration Module/New Registration/Submit and Screenshot/Submit Registration and Screenshot - Copy' successfully

2018-12-06 23:35:28 - [TEST_STEP][PASSED] - Statement - UpdateAddNewECode = com.kms.katalon.core.webui.keyword.WebUiBuiltInKeywords.getText(com.kms.katalon.core.testobject.ObjectRepository.findTestObject(Object Repository/Final Object Repo/Page_Update Add New Employee - ASSIST/getEmpCode)): Text of object 'Object Repository/Final Object Repo/Page_Update Add New Employee - ASSIST/getEmpCode' is: 'E1102070652F'

2018-12-06 23:35:28 - [MESSAGE][PASSED] - Text of object 'Object Repository/Final Object Repo/Page_Update Add New Employee - ASSIST/getEmpCode' is: 'E1102070652F'

2018-12-06 23:35:28 - [TEST_STEP][PASSED] - callTestCase: Call Test Case 'Test Cases/Final Aug 2018 - PKS Automation/Common/Emp Code Setter' successfully

2018-12-06 23:35:28 - [TEST_CASE][PASSED] - Test Cases/Final Aug 2018 - PKS Automation/Common/Emp Code Setter: Test Cases/Final Aug 2018 - PKS Automation/Common/Emp Code Setter

2018-12-06 23:35:28 - [TEST_STEP][PASSED] - Statement - EmpCodeOld = new java.io.File(C://Users//Admin//Desktop//PKS//Automation Reference Point//EmpCode.txt): null

2018-12-06 23:35:28 - [TEST_STEP][PASSED] - Statement - EmpCodeOld.delete(): null

2018-12-06 23:35:28 - [TEST_STEP][PASSED] - Statement - EmpCode = new java.io.File(C://Users//Admin//Desktop//PKS//Automation Reference Point//EmpCode.txt): null

2018-12-06 23:35:28 - [TEST_STEP][PASSED] - Statement - f2 = new java.io.FileWriter(EmpCode, false): null

2018-12-06 23:35:28 - [TEST_STEP][PASSED] - Statement - f2.write(UpdateAddNewECode): null

2018-12-06 23:35:28 - [TEST_STEP][PASSED] - Statement - f2.close(): null

2018-12-06 23:35:28 - [TEST_STEP][PASSED] - Statement - out.println("


" + UpdateAddNewECode + "


"): null

2018-12-06 23:35:28 - [MESSAGE][PASSED] - Call Test Case 'Test Cases/Final Aug 2018 - PKS Automation/Common/Emp Code Setter' successfully

2018-12-06 23:35:28 - [MESSAGE][PASSED] - Call Test Case 'Test Cases/Final Aug 2018 - PKS Automation/Registration Module/Workflow/Update Add New Employee/Template/New Company for Update Add New' successfully

2018-12-06 23:35:28 - [TEST_STEP][PASSED] - callTestCase: Call Test Case 'Test Cases/Final Aug 2018 - PKS Automation/Registration Module/Log Out/log out avoiding katalon tagging' successfully

2018-12-06 23:35:28 - [TEST_CASE][PASSED] - Test Cases/Final Aug 2018 - PKS Automation/Registration Module/Log Out/log out avoiding katalon tagging: Test Cases/Final Aug 2018 - PKS Automation/Registration Module/Log Out/log out avoiding katalon tagging

2018-12-06 23:35:28 - [TEST_STEP][PASSED] - navigateToUrl: Navigate to 'https://assist2-uat.perkeso.gov.my/c/portal/logout' successfully

2018-12-06 23:35:29 - [MESSAGE][PASSED] - Navigate to 'https://assist2-uat.perkeso.gov.my/c/portal/logout' successfully

2018-12-06 23:35:29 - [MESSAGE][PASSED] - Call Test Case 'Test Cases/Final Aug 2018 - PKS Automation/Registration Module/Log Out/log out avoiding katalon tagging' successfully

2018-12-06 23:35:29 - [TEST_STEP][PASSED] - callTestCase: Call Test Case 'Test Cases/Final Aug 2018 - PKS Automation/Registration Module/New Registration/Form 2/Date Updater' successfully

2018-12-06 23:35:29 - [TEST_CASE][PASSED] - Test Cases/Final Aug 2018 - PKS Automation/Registration Module/New Registration/Form 2/Date Updater: Test Cases/Final Aug 2018 - PKS Automation/Registration Module/New Registration/Form 2/Date Updater

2018-12-06 23:35:29 - [TEST_STEP][PASSED] - Statement - TodayDate = new java.util.Date(): null

2018-12-06 23:35:29 - [TEST_STEP][PASSED] - Statement - CurrentDateNoFilter = new java.text.SimpleDateFormat(): null

2018-12-06 23:35:29 - [TEST_STEP][PASSED] - Statement - CurrentDateNoFilter.applyPattern("MM"): null

2018-12-06 23:35:29 - [TEST_STEP][PASSED] - Statement - monthContainerMatcher = java.lang.Integer.parseInt(CurrentDateNoFilter.format(TodayDate)): null

2018-12-06 23:35:29 - [TEST_STEP][PASSED] - Statement - monthContainerMatcher = monthContainerMatcher - 1: null

2018-12-06 23:35:29 - [TEST_STEP][PASSED] - Statement - CurrentMonth = monthContainerMatcher.toString(): null

2018-12-06 23:35:29 - [TEST_STEP][PASSED] - Statement - CurrentMonth = CurrentMonth: null

2018-12-06 23:35:29 - [TEST_STEP][PASSED] - Statement - CurrentDateNoFilter.applyPattern("yyyy"): null

2018-12-06 23:35:29 - [TEST_STEP][PASSED] - Statement - CurrentYear = CurrentDateNoFilter.format(TodayDate): null

2018-12-06 23:35:29 - [TEST_STEP][PASSED] - Statement - CurrentYear = CurrentYear: null

2018-12-06 23:35:29 - [TEST_STEP][PASSED] - Statement - intCurrentYear = java.lang.Integer.parseInt(CurrentDateNoFilter.format(TodayDate)): null

2018-12-06 23:35:29 - [TEST_STEP][PASSED] - Statement - eighteenYrsAgo = intCurrentYear - 18: null

2018-12-06 23:35:29 - [TEST_STEP][PASSED] - Statement - eighteenYrsBeforeThisYr = eighteenYrsAgo.toString(): null

2018-12-06 23:35:29 - [TEST_STEP][PASSED] - Statement - EighteenYrsBefore = eighteenYrsBeforeThisYr: null

2018-12-06 23:35:29 - [TEST_STEP][PASSED] - Statement - fiftysevenYrsAgo = intCurrentYear - 57: null

2018-12-06 23:35:29 - [TEST_STEP][PASSED] - Statement - fiftysevenYrsBeforeThisYr = fiftysevenYrsAgo.toString(): null

2018-12-06 23:35:29 - [TEST_STEP][PASSED] - Statement - FiftysevenYrsBefore = fiftysevenYrsBeforeThisYr: null

2018-12-06 23:35:29 - [TEST_STEP][PASSED] - Statement - leapYear = false: null

2018-12-06 23:35:29 - [TEST_STEP][PASSED] - Statement - leapYear = intCurrentYear % 4 == 0: null

2018-12-06 23:35:29 - [TEST_STEP][PASSED] - Statement - CurrentDateNoFilter.applyPattern("dd"): null

2018-12-06 23:35:29 - [TEST_STEP][PASSED] - Statement - CurrentDate = CurrentDateNoFilter.format(TodayDate): null

2018-12-06 23:35:29 - [TEST_STEP][PASSED] - Statement - CurrentDate = java.lang.Integer.parseInt(CurrentDate): null

2018-12-06 23:35:29 - [TEST_STEP][PASSED] - Statement - CurrentDate = CurrentDate: null

2018-12-06 23:35:29 - [TEST_STEP][PASSED] - Statement - CurrentDay = java.lang.Integer.parseInt(CurrentDate): null

2018-12-06 23:35:29 - [TEST_STEP][PASSED] - Statement - ConfAdder = <not implemented yet for class: org.codehaus.groovy.ast.expr.EmptyExpression>: null

2018-12-06 23:35:29 - [TEST_STEP][PASSED] - Statement - out.println(CurrentMonth): null

2018-12-06 23:35:29 - [TEST_STEP][PASSED] - Statement - out.println(CurrentDate): null

2018-12-06 23:35:29 - [TEST_STEP][PASSED] - Statement - switch (CurrentDate): null

2018-12-06 23:35:29 - [TEST_STEP][PASSED] - Statement - Default: null

2018-12-06 23:35:29 - [TEST_STEP][PASSED] - Statement - ConfAdder = true: null

2018-12-06 23:35:29 - [TEST_STEP][PASSED] - Statement - Break: null

2018-12-06 23:35:29 - [TEST_STEP][PASSED] - Statement - aDayBefore = <not implemented yet for class: org.codehaus.groovy.ast.expr.EmptyExpression>: null

2018-12-06 23:35:29 - [TEST_STEP][PASSED] - Statement - out.println(ConfAdder): null

2018-12-06 23:35:29 - [TEST_STEP][PASSED] - Statement - If (ConfAdder == true): null

2018-12-06 23:35:29 - [TEST_STEP][PASSED] - Statement - aDayBefore = CurrentDay + 1: null

2018-12-06 23:35:29 - [TEST_STEP][PASSED] - Statement - out.println(aDayBefore): null

2018-12-06 23:35:29 - [TEST_STEP][PASSED] - Statement - If (aDayBefore == 1 && CurrentMonth == 11): null

2018-12-06 23:35:29 - [TEST_STEP][PASSED] - Statement - DayBefore = aDayBefore.toString(): null

2018-12-06 23:35:29 - [TEST_STEP][PASSED] - Statement - OneDayBefore = DayBefore: null

2018-12-06 23:35:29 - [MESSAGE][PASSED] - Call Test Case 'Test Cases/Final Aug 2018 - PKS Automation/Registration Module/New Registration/Form 2/Date Updater' successfully

2018-12-06 23:35:29 - [TEST_STEP][PASSED] - delay: Delayed 2 second(s)

2018-12-06 23:35:31 - [MESSAGE][PASSED] - Delayed 2 second(s)

2018-12-06 23:35:31 - [TEST_STEP][PASSED] - setText: Text 'klotc2@gmail.com' is set on object 'Object Repository/Final Object Repo/Page_Update Add New Employee - ASSIST/Email TextBox'

2018-12-06 23:35:31 - [MESSAGE][PASSED] - Text 'klotc2@gmail.com' is set on object 'Object Repository/Final Object Repo/Page_Update Add New Employee - ASSIST/Email TextBox'

2018-12-06 23:35:31 - [TEST_STEP][PASSED] - click: Object: 'Object Repository/Final Object Repo/Page_Update Add New Employee - ASSIST/Next Button' is clicked on

2018-12-06 23:35:32 - [MESSAGE][PASSED] - Object: 'Object Repository/Final Object Repo/Page_Update Add New Employee - ASSIST/Next Button' is clicked on

2018-12-06 23:35:32 - [TEST_STEP][PASSED] - delay: Delayed 2 second(s)

2018-12-06 23:35:34 - [MESSAGE][PASSED] - Delayed 2 second(s)

2018-12-06 23:35:34 - [TEST_STEP][PASSED] - setText: Text 'Test1@3456789' is set on object 'Object Repository/Final Object Repo/Page_Update Add New Employee - ASSIST/Password TextBox'

2018-12-06 23:35:34 - [MESSAGE][PASSED] - Text 'Test1@3456789' is set on object 'Object Repository/Final Object Repo/Page_Update Add New Employee - ASSIST/Password TextBox'

2018-12-06 23:35:34 - [TEST_STEP][PASSED] - delay: Delayed 2 second(s)

2018-12-06 23:35:36 - [MESSAGE][PASSED] - Delayed 2 second(s)

2018-12-06 23:35:36 - [TEST_STEP][PASSED] - click: Object: 'Object Repository/Final Object Repo/Page_Update Add New Employee - ASSIST/Login Button' is clicked on

2018-12-06 23:35:36 - [MESSAGE][PASSED] - Object: 'Object Repository/Final Object Repo/Page_Update Add New Employee - ASSIST/Login Button' is clicked on

2018-12-06 23:35:36 - [TEST_STEP][PASSED] - delay: Delayed 4 second(s)

2018-12-06 23:35:40 - [MESSAGE][PASSED] - Delayed 4 second(s)

2018-12-06 23:35:40 - [TEST_STEP][PASSED] - Statement - Try: Delayed 2 second(s)

2018-12-06 23:35:40 - [TEST_STEP][PASSED] - Statement - Checker = false: null

2018-12-06 23:35:40 - [TEST_STEP][PASSED] - Statement - Checker = com.kms.katalon.core.webui.keyword.WebUiBuiltInKeywords.verifyElementHasAttribute(com.kms.katalon.core.testobject.ObjectRepository.findTestObject(Final Object Repo/Landing Page/BM Detecting), "href", 20, OPTIONAL): Object 'Object Repository/Final Object Repo/Landing Page/BM Detecting' has attribute 'href'

2018-12-06 23:35:40 - [MESSAGE][PASSED] - Object 'Object Repository/Final Object Repo/Landing Page/BM Detecting' has attribute 'href'

2018-12-06 23:35:40 - [TEST_STEP][PASSED] - Statement - out.println(Checker): null

2018-12-06 23:35:40 - [TEST_STEP][PASSED] - Statement - If (Checker == false): null

2018-12-06 23:35:40 - [TEST_STEP][PASSED] - Statement - Else: null

2018-12-06 23:35:40 - [TEST_STEP][PASSED] - delay: Delayed 2 second(s)

2018-12-06 23:35:42 - [MESSAGE][PASSED] - Delayed 2 second(s)

2018-12-06 23:35:42 - [TEST_STEP][PASSED] - delay: Delayed 4 second(s)

2018-12-06 23:35:46 - [MESSAGE][PASSED] - Delayed 4 second(s)

2018-12-06 23:35:46 - [TEST_STEP][PASSED] - click: Object: 'Object Repository/Final Object Repo/Page_Update Add New Employee - ASSIST/My Sites Drop Down' is clicked on

2018-12-06 23:35:46 - [MESSAGE][PASSED] - Object: 'Object Repository/Final Object Repo/Page_Update Add New Employee - ASSIST/My Sites Drop Down' is clicked on

2018-12-06 23:35:46 - [TEST_STEP][PASSED] - click: Object: 'Object Repository/Final Object Repo/Page_Update Add New Employee - ASSIST/Select to Registration Module' is clicked on

2018-12-06 23:35:47 - [MESSAGE][PASSED] - Object: 'Object Repository/Final Object Repo/Page_Update Add New Employee - ASSIST/Select to Registration Module' is clicked on

2018-12-06 23:35:47 - [TEST_STEP][PASSED] - navigateToUrl: Navigate to 'https://assist2-uat.perkeso.gov.my/web/registration/myassist' successfully

2018-12-06 23:35:48 - [MESSAGE][PASSED] - Navigate to 'https://assist2-uat.perkeso.gov.my/web/registration/myassist' successfully

2018-12-06 23:35:48 - [TEST_STEP][PASSED] - mouseOver: Object: 'Object Repository/Final Object Repo/Page_Update Add New Employee - ASSIST/Select to Update Akta 4 Tab' is hovered

2018-12-06 23:35:48 - [MESSAGE][PASSED] - Object: 'Object Repository/Final Object Repo/Page_Update Add New Employee - ASSIST/Select to Update Akta 4 Tab' is hovered

2018-12-06 23:35:48 - [TEST_STEP][PASSED] - delay: Delayed 2 second(s)

2018-12-06 23:35:50 - [MESSAGE][PASSED] - Delayed 2 second(s)

2018-12-06 23:35:50 - [TEST_STEP][PASSED] - click: Object: 'Object Repository/Final Object Repo/Page_Update Add New Employee - ASSIST/Select to Update Add New Employee' is clicked on

2018-12-06 23:35:50 - [MESSAGE][PASSED] - Object: 'Object Repository/Final Object Repo/Page_Update Add New Employee - ASSIST/Select to Update Add New Employee' is clicked on

2018-12-06 23:35:50 - [TEST_STEP][PASSED] - delay: Delayed 2 second(s)

2018-12-06 23:35:52 - [MESSAGE][PASSED] - Delayed 2 second(s)

2018-12-06 23:35:52 - [TEST_STEP][PASSED] - setText: Text 'E1102070652F' is set on object 'Object Repository/Final Object Repo/Page_Update Add New Employee - ASSIST/Employer Code input textbox'

2018-12-06 23:35:53 - [MESSAGE][PASSED] - Text 'E1102070652F' is set on object 'Object Repository/Final Object Repo/Page_Update Add New Employee - ASSIST/Employer Code input textbox'

2018-12-06 23:35:53 - [TEST_STEP][PASSED] - delay: Delayed 2 second(s)

2018-12-06 23:35:55 - [MESSAGE][PASSED] - Delayed 2 second(s)

2018-12-06 23:35:55 - [TEST_STEP][PASSED] - click: Object: 'Object Repository/Final Object Repo/Page_Update Add New Employee - ASSIST/Search Button for Employer Code' is clicked on

2018-12-06 23:35:55 - [MESSAGE][PASSED] - Object: 'Object Repository/Final Object Repo/Page_Update Add New Employee - ASSIST/Search Button for Employer Code' is clicked on

2018-12-06 23:35:55 - [TEST_STEP][PASSED] - delay: Delayed 4 second(s)

2018-12-06 23:35:59 - [MESSAGE][PASSED] - Delayed 4 second(s)

2018-12-06 23:35:59 - [TEST_STEP][PASSED] - click: Object: 'Object Repository/Final Object Repo/Page_Update Add New Employee - ASSIST/Click to Edit Case' is clicked on

2018-12-06 23:36:01 - [MESSAGE][PASSED] - Object: 'Object Repository/Final Object Repo/Page_Update Add New Employee - ASSIST/Click to Edit Case' is clicked on

2018-12-06 23:36:01 - [TEST_STEP][PASSED] - callTestCase: Call Test Case 'Test Cases/Final Aug 2018 - PKS Automation/Registration Module/Workflow/Update Add New Employee/Template/Employee Adding/Employee Set Decider' successfully

2018-12-06 23:36:01 - [TEST_CASE][PASSED] - Test Cases/Final Aug 2018 - PKS Automation/Registration Module/Workflow/Update Add New Employee/Template/Employee Adding/Employee Set Decider: Test Cases/Final Aug 2018 - PKS Automation/Registration Module/Workflow/Update Add New Employee/Template/Employee Adding/Employee Set Decider

2018-12-06 23:36:02 - [TEST_STEP][PASSED] - delay: Delayed 4 second(s)

2018-12-06 23:36:06 - [MESSAGE][PASSED] - Delayed 4 second(s)

2018-12-06 23:36:06 - [TEST_STEP][PASSED] - click: Object: 'Object Repository/Final Object Repo/Page_Update Add New Employee - ASSIST/Add Employee Button' is clicked on

2018-12-06 23:36:06 - [MESSAGE][PASSED] - Object: 'Object Repository/Final Object Repo/Page_Update Add New Employee - ASSIST/Add Employee Button' is clicked on

2018-12-06 23:36:06 - [TEST_STEP][PASSED] - delay: Delayed 3 second(s)

2018-12-06 23:36:09 - [MESSAGE][PASSED] - Delayed 3 second(s)

2018-12-06 23:36:09 - [TEST_STEP][PASSED] - setText: Text '010903091920' is set on object 'Object Repository/Final Object Repo/Page_Update Add New Employee - ASSIST/NRIC Input'

2018-12-06 23:36:09 - [MESSAGE][PASSED] - Text '010903091920' is set on object 'Object Repository/Final Object Repo/Page_Update Add New Employee - ASSIST/NRIC Input'

2018-12-06 23:36:09 - [TEST_STEP][PASSED] - click: Object: 'Object Repository/Final Object Repo/Page_Update Add New Employee - ASSIST/button for search for IC' is clicked on

2018-12-06 23:36:09 - [MESSAGE][PASSED] - Object: 'Object Repository/Final Object Repo/Page_Update Add New Employee - ASSIST/button for search for IC' is clicked on

2018-12-06 23:36:09 - [TEST_STEP][PASSED] - delay: Delayed 2 second(s)

2018-12-06 23:36:11 - [MESSAGE][PASSED] - Delayed 2 second(s)

2018-12-06 23:36:11 - [TEST_STEP][PASSED] - sendKeys: Keys 'CONTROL + a' sent to object: 'Object Repository/Final Object Repo/Page_Update Add New Employee - ASSIST/Employee Name Input'

2018-12-06 23:36:11 - [MESSAGE][PASSED] - Keys 'CONTROL + a' sent to object: 'Object Repository/Final Object Repo/Page_Update Add New Employee - ASSIST/Employee Name Input'

2018-12-06 23:36:11 - [TEST_STEP][PASSED] - sendKeys: Keys 'CONTROL + c' sent to object: 'Object Repository/Final Object Repo/Page_Update Add New Employee - ASSIST/Employee Name Input'

2018-12-06 23:36:12 - [MESSAGE][PASSED] - Keys 'CONTROL + c' sent to object: 'Object Repository/Final Object Repo/Page_Update Add New Employee - ASSIST/Employee Name Input'

2018-12-06 23:36:12 - [TEST_STEP][PASSED] - Statement - toolkit = java.awt.Toolkit.getDefaultToolkit(): null

2018-12-06 23:36:12 - [TEST_STEP][PASSED] - Statement - clipboard = toolkit.getSystemClipboard(): null

2018-12-06 23:36:12 - [TEST_STEP][PASSED] - Statement - CurrentName = clipboard.getData(stringFlavor): null

2018-12-06 23:36:12 - [TEST_STEP][PASSED] - Statement - out.println("String from Clipboard:" + CurrentName): null

2018-12-06 23:36:12 - [TEST_STEP][PASSED] - Statement - If (CurrentName == "AUTOMATE002 ELIGIBLE 1"): Call Test Case 'Test Cases/Final Aug 2018 - PKS Automation/Registration Module/Workflow/Update Add New Employee/Template/Employee Adding/Employee Adding Action Repeat IC - set 1' successfully

2018-12-06 23:36:12 - [TEST_STEP][PASSED] - callTestCase: Call Test Case 'Test Cases/Final Aug 2018 - PKS Automation/Registration Module/Workflow/Update Add New Employee/Template/Employee Adding/Employee Adding Action Repeat IC - set 1' successfully

2018-12-06 23:36:12 - [TEST_CASE][PASSED] - Test Cases/Final Aug 2018 - PKS Automation/Registration Module/Workflow/Update Add New Employee/Template/Employee Adding/Employee Adding Action Repeat IC - set 1: Test Cases/Final Aug 2018 - PKS Automation/Registration Module/Workflow/Update Add New Employee/Template/Employee Adding/Employee Adding Action Repeat IC - set 1

2018-12-06 23:36:12 - [TEST_STEP][PASSED] - setText: Text 'Automate003 eligible 1' is set on object 'Object Repository/Final Object Repo/Page_Update Add New Employee - ASSIST/Employee Name Input'

2018-12-06 23:36:13 - [MESSAGE][PASSED] - Text 'Automate003 eligible 1' is set on object 'Object Repository/Final Object Repo/Page_Update Add New Employee - ASSIST/Employee Name Input'

2018-12-06 23:36:13 - [TEST_STEP][PASSED] - delay: Delayed 2 second(s)

2018-12-06 23:36:15 - [MESSAGE][PASSED] - Delayed 2 second(s)

2018-12-06 23:36:15 - [TEST_STEP][PASSED] - click: Object: 'Object Repository/Final Object Repo/Page_Update Add New Employee - ASSIST/DatePicker Pop Up' is clicked on

2018-12-06 23:36:15 - [MESSAGE][PASSED] - Object: 'Object Repository/Final Object Repo/Page_Update Add New Employee - ASSIST/DatePicker Pop Up' is clicked on

2018-12-06 23:36:15 - [TEST_STEP][PASSED] - click: Object: 'Object Repository/Final Object Repo/Page_Update Add New Employee - ASSIST/DOB Month' is clicked on

2018-12-06 23:36:15 - [MESSAGE][PASSED] - Object: 'Object Repository/Final Object Repo/Page_Update Add New Employee - ASSIST/DOB Month' is clicked on

2018-12-06 23:36:15 - [TEST_STEP][PASSED] - Statement - CurrentMonth = CurrentMonth: null

2018-12-06 23:36:15 - [TEST_STEP][PASSED] - Statement - selectMonth = new com.kms.katalon.core.testobject.TestObject(): null

2018-12-06 23:36:15 - [TEST_STEP][PASSED] - Statement - selectMonth.addProperty("xpath", EQUALS, "//body/div/div/div/select/option[@value='" + CurrentMonth + "']", true): null

2018-12-06 23:36:15 - [TEST_STEP][PASSED] - click: Object: '' is clicked on

2018-12-06 23:36:15 - [MESSAGE][PASSED] - Object: '' is clicked on

2018-12-06 23:36:15 - [TEST_STEP][PASSED] - click: Object: 'Object Repository/Final Object Repo/Page_Update Add New Employee - ASSIST/DOB Year' is clicked on

2018-12-06 23:36:15 - [MESSAGE][PASSED] - Object: 'Object Repository/Final Object Repo/Page_Update Add New Employee - ASSIST/DOB Year' is clicked on

2018-12-06 23:36:15 - [TEST_STEP][PASSED] - Statement - Eyearsbf = EighteenYrsBefore: null

2018-12-06 23:36:15 - [TEST_STEP][PASSED] - Statement - selectYear = new com.kms.katalon.core.testobject.TestObject(): null

2018-12-06 23:36:15 - [TEST_STEP][PASSED] - Statement - selectYear.addProperty("xpath", EQUALS, "//div/div/div/select/option[@value='" + Eyearsbf + "']", true): null

2018-12-06 23:36:15 - [TEST_STEP][PASSED] - click: Object: '' is clicked on

2018-12-06 23:36:16 - [MESSAGE][PASSED] - Object: '' is clicked on

2018-12-06 23:36:16 - [TEST_STEP][PASSED] - Statement - UpdatedSelectDate = com.kms.katalon.core.webui.keyword.WebUiBuiltInKeywords.modifyObjectProperty(com.kms.katalon.core.testobject.ObjectRepository.findTestObject(Final Object Repo/Page_Update Add New Employee - ASSIST/DOB Date), "xpath", "equals", "//body/div/table/tbody/tr/td/a[text()="" + CurrentDate + ""]", true): Modify property of object successfully

2018-12-06 23:36:16 - [MESSAGE][PASSED] - Modify property of object successfully

2018-12-06 23:36:16 - [TEST_STEP][PASSED] - delay: Delayed 3 second(s)

2018-12-06 23:36:19 - [MESSAGE][PASSED] - Delayed 3 second(s)

2018-12-06 23:36:19 - [TEST_STEP][PASSED] - click: Object: 'Object Repository/Final Object Repo/Page_Update Add New Employee - ASSIST/DOB Date' is clicked on

2018-12-06 23:36:19 - [MESSAGE][PASSED] - Object: 'Object Repository/Final Object Repo/Page_Update Add New Employee - ASSIST/DOB Date' is clicked on

2018-12-06 23:36:19 - [TEST_STEP][PASSED] - delay: Delayed 2 second(s)

2018-12-06 23:36:21 - [MESSAGE][PASSED] - Delayed 2 second(s)

2018-12-06 23:36:21 - [TEST_STEP][PASSED] - click: Object: 'Object Repository/Final Object Repo/Page_Update Add New Employee - ASSIST/EmploymentStartDate Pop Up' is clicked on

2018-12-06 23:36:21 - [MESSAGE][PASSED] - Object: 'Object Repository/Final Object Repo/Page_Update Add New Employee - ASSIST/EmploymentStartDate Pop Up' is clicked on

2018-12-06 23:36:21 - [TEST_STEP][PASSED] - delay: Delayed 2 second(s)

2018-12-06 23:36:23 - [MESSAGE][PASSED] - Delayed 2 second(s)

2018-12-06 23:36:23 - [TEST_STEP][PASSED] - click: Object: 'Object Repository/Final Object Repo/Page_Update Add New Employee - ASSIST/Socso Employment StartDate Month' is clicked on

2018-12-06 23:36:23 - [MESSAGE][PASSED] - Object: 'Object Repository/Final Object Repo/Page_Update Add New Employee - ASSIST/Socso Employment StartDate Month' is clicked on

2018-12-06 23:36:23 - [TEST_STEP][PASSED] - delay: Delayed 1 second(s)

2018-12-06 23:36:24 - [MESSAGE][PASSED] - Delayed 1 second(s)

2018-12-06 23:36:24 - [TEST_STEP][PASSED] - click: Object: 'Object Repository/Final Object Repo/Page_Update Add New Employee - ASSIST/Select Socso Employement Startdate Month' is clicked on

2018-12-06 23:36:24 - [MESSAGE][PASSED] - Object: 'Object Repository/Final Object Repo/Page_Update Add New Employee - ASSIST/Select Socso Employement Startdate Month' is clicked on

2018-12-06 23:36:24 - [TEST_STEP][PASSED] - delay: Delayed 2 second(s)

2018-12-06 23:36:26 - [MESSAGE][PASSED] - Delayed 2 second(s)

2018-12-06 23:36:26 - [TEST_STEP][PASSED] - click: Object: 'Object Repository/Final Object Repo/Page_Update Add New Employee - ASSIST/Socso Employment StartDate Year' is clicked on

2018-12-06 23:36:26 - [MESSAGE][PASSED] - Object: 'Object Repository/Final Object Repo/Page_Update Add New Employee - ASSIST/Socso Employment StartDate Year' is clicked on

2018-12-06 23:36:26 - [TEST_STEP][PASSED] - delay: Delayed 1 second(s)

2018-12-06 23:36:27 - [MESSAGE][PASSED] - Delayed 1 second(s)

2018-12-06 23:36:27 - [TEST_STEP][PASSED] - click: Object: 'Object Repository/Final Object Repo/Page_Update Add New Employee - ASSIST/Select Socso Employment Startdate Year' is clicked on

2018-12-06 23:36:28 - [MESSAGE][PASSED] - Object: 'Object Repository/Final Object Repo/Page_Update Add New Employee - ASSIST/Select Socso Employment Startdate Year' is clicked on

2018-12-06 23:36:28 - [TEST_STEP][PASSED] - delay: Delayed 2 second(s)

2018-12-06 23:36:30 - [MESSAGE][PASSED] - Delayed 2 second(s)

2018-12-06 23:36:30 - [TEST_STEP][PASSED] - click: Object: 'Object Repository/Final Object Repo/Page_Update Add New Employee - ASSIST/Socso Employment Start Date Day' is clicked on

2018-12-06 23:36:30 - [MESSAGE][PASSED] - Object: 'Object Repository/Final Object Repo/Page_Update Add New Employee - ASSIST/Socso Employment Start Date Day' is clicked on

2018-12-06 23:36:30 - [TEST_STEP][PASSED] - delay: Delayed 2 second(s)

2018-12-06 23:36:32 - [MESSAGE][PASSED] - Delayed 2 second(s)

2018-12-06 23:36:32 - [TEST_STEP][PASSED] - click: Object: 'Object Repository/Final Object Repo/Page_Update Add New Employee - ASSIST/Save Button for Add Employee' is clicked on

2018-12-06 23:36:32 - [MESSAGE][PASSED] - Object: 'Object Repository/Final Object Repo/Page_Update Add New Employee - ASSIST/Save Button for Add Employee' is clicked on

2018-12-06 23:36:32 - [TEST_STEP][PASSED] - delay: Delayed 6 second(s)

2018-12-06 23:36:38 - [MESSAGE][PASSED] - Delayed 6 second(s)

2018-12-06 23:36:38 - [TEST_STEP][PASSED] - click: Object: 'Object Repository/Final Object Repo/Page_Update Add New Employee - ASSIST/Add Employee Button' is clicked on

2018-12-06 23:36:38 - [MESSAGE][PASSED] - Object: 'Object Repository/Final Object Repo/Page_Update Add New Employee - ASSIST/Add Employee Button' is clicked on

2018-12-06 23:36:38 - [TEST_STEP][PASSED] - delay: Delayed 4 second(s)

2018-12-06 23:36:42 - [MESSAGE][PASSED] - Delayed 4 second(s)

2018-12-06 23:36:42 - [TEST_STEP][PASSED] - setText: Text '620904059600' is set on object 'Object Repository/Final Object Repo/Page_Update Add New Employee - ASSIST/NRIC Input'

2018-12-06 23:36:43 - [MESSAGE][PASSED] - Text '620904059600' is set on object 'Object Repository/Final Object Repo/Page_Update Add New Employee - ASSIST/NRIC Input'

2018-12-06 23:36:43 - [TEST_STEP][PASSED] - click: Object: 'Object Repository/Final Object Repo/Page_Update Add New Employee - ASSIST/button for search for IC' is clicked on

2018-12-06 23:36:43 - [MESSAGE][PASSED] - Object: 'Object Repository/Final Object Repo/Page_Update Add New Employee - ASSIST/button for search for IC' is clicked on

2018-12-06 23:36:43 - [TEST_STEP][PASSED] - delay: Delayed 2 second(s)

2018-12-06 23:36:45 - [MESSAGE][PASSED] - Delayed 2 second(s)

2018-12-06 23:36:45 - [TEST_STEP][PASSED] - setText: Text 'Automate003 eligible 2' is set on object 'Object Repository/Final Object Repo/Page_Update Add New Employee - ASSIST/Employee Name Input'

2018-12-06 23:36:45 - [MESSAGE][PASSED] - Text 'Automate003 eligible 2' is set on object 'Object Repository/Final Object Repo/Page_Update Add New Employee - ASSIST/Employee Name Input'

2018-12-06 23:36:45 - [TEST_STEP][PASSED] - delay: Delayed 2 second(s)

2018-12-06 23:36:47 - [MESSAGE][PASSED] - Delayed 2 second(s)

2018-12-06 23:36:47 - [TEST_STEP][PASSED] - click: Object: 'Object Repository/Final Object Repo/Page_Update Add New Employee - ASSIST/DatePicker Pop Up' is clicked on

2018-12-06 23:36:47 - [MESSAGE][PASSED] - Object: 'Object Repository/Final Object Repo/Page_Update Add New Employee - ASSIST/DatePicker Pop Up' is clicked on

2018-12-06 23:36:47 - [TEST_STEP][PASSED] - delay: Delayed 2 second(s)

2018-12-06 23:36:49 - [MESSAGE][PASSED] - Delayed 2 second(s)

2018-12-06 23:36:49 - [TEST_STEP][PASSED] - click: Object: 'Object Repository/Final Object Repo/Page_Update Add New Employee - ASSIST/DOB Month' is clicked on

2018-12-06 23:36:50 - [MESSAGE][PASSED] - Object: 'Object Repository/Final Object Repo/Page_Update Add New Employee - ASSIST/DOB Month' is clicked on

2018-12-06 23:36:50 - [TEST_STEP][PASSED] - Statement - selectMonth = com.kms.katalon.core.webui.keyword.WebUiBuiltInKeywords.modifyObjectProperty(selectMonth, "xpath", "equals", "//body/div/div/div/select/option[@value="" + CurrentMonth + ""]", true): Modify property of object successfully

2018-12-06 23:36:50 - [MESSAGE][PASSED] - Modify property of object successfully

2018-12-06 23:36:50 - [TEST_STEP][PASSED] - click: Object: '' is clicked on

2018-12-06 23:36:50 - [MESSAGE][PASSED] - Object: '' is clicked on

2018-12-06 23:36:50 - [TEST_STEP][PASSED] - click: Object: 'Object Repository/Final Object Repo/Page_Update Add New Employee - ASSIST/DOB Year' is clicked on

2018-12-06 23:36:50 - [MESSAGE][PASSED] - Object: 'Object Repository/Final Object Repo/Page_Update Add New Employee - ASSIST/DOB Year' is clicked on

2018-12-06 23:36:50 - [TEST_STEP][PASSED] - Statement - selectYear = com.kms.katalon.core.webui.keyword.WebUiBuiltInKeywords.modifyObjectProperty(selectYear, "xpath", "equals", "//div/div/div/select/option[@value="" + FiftysevenYrsBefore + ""]", true): Modify property of object successfully

2018-12-06 23:36:50 - [MESSAGE][PASSED] - Modify property of object successfully

2018-12-06 23:36:50 - [TEST_STEP][PASSED] - click: Object: '' is clicked on

2018-12-06 23:36:50 - [MESSAGE][PASSED] - Object: '' is clicked on

2018-12-06 23:36:50 - [TEST_STEP][PASSED] - Statement - UpdatedSelectDate = com.kms.katalon.core.webui.keyword.WebUiBuiltInKeywords.modifyObjectProperty(com.kms.katalon.core.testobject.ObjectRepository.findTestObject(Final Object Repo/Page_Update Add New Employee - ASSIST/DOB Date), "xpath", "equals", "//body/div/table/tbody/tr/td/a[text()="" + OneDayBefore + ""]", true): Modify property of object successfully

2018-12-06 23:36:50 - [MESSAGE][PASSED] - Modify property of object successfully

2018-12-06 23:36:50 - [TEST_STEP][PASSED] - click: Object: 'Object Repository/Final Object Repo/Page_Update Add New Employee - ASSIST/DOB Date' is clicked on

2018-12-06 23:36:50 - [MESSAGE][PASSED] - Object: 'Object Repository/Final Object Repo/Page_Update Add New Employee - ASSIST/DOB Date' is clicked on

2018-12-06 23:36:50 - [TEST_STEP][PASSED] - delay: Delayed 2 second(s)

2018-12-06 23:36:52 - [MESSAGE][PASSED] - Delayed 2 second(s)

2018-12-06 23:36:52 - [TEST_STEP][PASSED] - click: Object: 'Object Repository/Final Object Repo/Page_Update Add New Employee - ASSIST/EmploymentStartDate Pop Up' is clicked on

2018-12-06 23:36:52 - [MESSAGE][PASSED] - Object: 'Object Repository/Final Object Repo/Page_Update Add New Employee - ASSIST/EmploymentStartDate Pop Up' is clicked on

2018-12-06 23:36:52 - [TEST_STEP][PASSED] - delay: Delayed 2 second(s)

2018-12-06 23:36:54 - [MESSAGE][PASSED] - Delayed 2 second(s)

2018-12-06 23:36:54 - [TEST_STEP][PASSED] - click: Object: 'Object Repository/Final Object Repo/Page_Update Add New Employee - ASSIST/Socso Employment StartDate Month' is clicked on

2018-12-06 23:36:55 - [MESSAGE][PASSED] - Object: 'Object Repository/Final Object Repo/Page_Update Add New Employee - ASSIST/Socso Employment StartDate Month' is clicked on

2018-12-06 23:36:55 - [TEST_STEP][PASSED] - delay: Delayed 1 second(s)

2018-12-06 23:36:56 - [MESSAGE][PASSED] - Delayed 1 second(s)

2018-12-06 23:36:56 - [TEST_STEP][PASSED] - click: Object: 'Object Repository/Final Object Repo/Page_Update Add New Employee - ASSIST/Select Socso Employement Startdate Month' is clicked on

2018-12-06 23:36:56 - [MESSAGE][PASSED] - Object: 'Object Repository/Final Object Repo/Page_Update Add New Employee - ASSIST/Select Socso Employement Startdate Month' is clicked on

2018-12-06 23:36:56 - [TEST_STEP][PASSED] - delay: Delayed 2 second(s)

2018-12-06 23:36:58 - [MESSAGE][PASSED] - Delayed 2 second(s)

2018-12-06 23:36:58 - [TEST_STEP][PASSED] - click: Object: 'Object Repository/Final Object Repo/Page_Update Add New Employee - ASSIST/Socso Employment StartDate Year' is clicked on

2018-12-06 23:36:58 - [MESSAGE][PASSED] - Object: 'Object Repository/Final Object Repo/Page_Update Add New Employee - ASSIST/Socso Employment StartDate Year' is clicked on

2018-12-06 23:36:58 - [TEST_STEP][PASSED] - delay: Delayed 1 second(s)

2018-12-06 23:36:59 - [MESSAGE][PASSED] - Delayed 1 second(s)

2018-12-06 23:36:59 - [TEST_STEP][PASSED] - click: Object: 'Object Repository/Final Object Repo/Page_Update Add New Employee - ASSIST/Select Socso Employment Startdate Year' is clicked on

2018-12-06 23:36:59 - [MESSAGE][PASSED] - Object: 'Object Repository/Final Object Repo/Page_Update Add New Employee - ASSIST/Select Socso Employment Startdate Year' is clicked on

2018-12-06 23:36:59 - [TEST_STEP][PASSED] - delay: Delayed 2 second(s)

2018-12-06 23:37:01 - [MESSAGE][PASSED] - Delayed 2 second(s)

2018-12-06 23:37:01 - [TEST_STEP][PASSED] - click: Object: 'Object Repository/Final Object Repo/Page_Update Add New Employee - ASSIST/Socso Employment Start Date Day' is clicked on

2018-12-06 23:37:01 - [MESSAGE][PASSED] - Object: 'Object Repository/Final Object Repo/Page_Update Add New Employee - ASSIST/Socso Employment Start Date Day' is clicked on

2018-12-06 23:37:01 - [TEST_STEP][PASSED] - delay: Delayed 2 second(s)

2018-12-06 23:37:03 - [MESSAGE][PASSED] - Delayed 2 second(s)

2018-12-06 23:37:03 - [TEST_STEP][PASSED] - click: Object: 'Object Repository/Final Object Repo/Page_Update Add New Employee - ASSIST/Save Button for Add Employee' is clicked on

2018-12-06 23:37:03 - [MESSAGE][PASSED] - Object: 'Object Repository/Final Object Repo/Page_Update Add New Employee - ASSIST/Save Button for Add Employee' is clicked on

2018-12-06 23:37:03 - [TEST_STEP][PASSED] - delay: Delayed 10 second(s)

2018-12-06 23:37:13 - [MESSAGE][PASSED] - Delayed 10 second(s)

2018-12-06 23:37:13 - [TEST_STEP][PASSED] - waitForElementClickable: Object 'Object Repository/Final Object Repo/Page_Update Add New Employee - ASSIST/Add Employee Button' is clickable

2018-12-06 23:37:13 - [MESSAGE][PASSED] - Object 'Object Repository/Final Object Repo/Page_Update Add New Employee - ASSIST/Add Employee Button' is clickable

2018-12-06 23:37:13 - [TEST_STEP][PASSED] - click: Object: 'Object Repository/Final Object Repo/Page_Update Add New Employee - ASSIST/Add Employee Button' is clicked on

2018-12-06 23:37:14 - [MESSAGE][PASSED] - Object: 'Object Repository/Final Object Repo/Page_Update Add New Employee - ASSIST/Add Employee Button' is clicked on

2018-12-06 23:37:14 - [TEST_STEP][PASSED] - delay: Delayed 4 second(s)

2018-12-06 23:37:18 - [MESSAGE][PASSED] - Delayed 4 second(s)

2018-12-06 23:37:18 - [TEST_STEP][PASSED] - setText: Text '000209039100' is set on object 'Object Repository/Final Object Repo/Page_Update Add New Employee - ASSIST/NRIC Input'

2018-12-06 23:37:18 - [MESSAGE][PASSED] - Text '000209039100' is set on object 'Object Repository/Final Object Repo/Page_Update Add New Employee - ASSIST/NRIC Input'

2018-12-06 23:37:18 - [TEST_STEP][PASSED] - click: Object: 'Object Repository/Final Object Repo/Page_Update Add New Employee - ASSIST/button for search for IC' is clicked on

2018-12-06 23:37:18 - [MESSAGE][PASSED] - Object: 'Object Repository/Final Object Repo/Page_Update Add New Employee - ASSIST/button for search for IC' is clicked on

2018-12-06 23:37:18 - [TEST_STEP][PASSED] - delay: Delayed 2 second(s)

2018-12-06 23:37:20 - [MESSAGE][PASSED] - Delayed 2 second(s)

2018-12-06 23:37:20 - [TEST_STEP][PASSED] - setText: Text 'Automate003 not eligible 1' is set on object 'Object Repository/Final Object Repo/Page_Update Add New Employee - ASSIST/Employee Name Input'

2018-12-06 23:37:21 - [MESSAGE][PASSED] - Text 'Automate003 not eligible 1' is set on object 'Object Repository/Final Object Repo/Page_Update Add New Employee - ASSIST/Employee Name Input'

2018-12-06 23:37:21 - [TEST_STEP][PASSED] - delay: Delayed 2 second(s)

2018-12-06 23:37:23 - [MESSAGE][PASSED] - Delayed 2 second(s)

2018-12-06 23:37:23 - [TEST_STEP][PASSED] - click: Object: 'Object Repository/Final Object Repo/Page_Update Add New Employee - ASSIST/DatePicker Pop Up' is clicked on

2018-12-06 23:37:23 - [MESSAGE][PASSED] - Object: 'Object Repository/Final Object Repo/Page_Update Add New Employee - ASSIST/DatePicker Pop Up' is clicked on

2018-12-06 23:37:23 - [TEST_STEP][PASSED] - delay: Delayed 2 second(s)

2018-12-06 23:37:25 - [MESSAGE][PASSED] - Delayed 2 second(s)

2018-12-06 23:37:25 - [TEST_STEP][PASSED] - click: Object: 'Object Repository/Final Object Repo/Page_Update Add New Employee - ASSIST/DOB Month' is clicked on

2018-12-06 23:37:25 - [MESSAGE][PASSED] - Object: 'Object Repository/Final Object Repo/Page_Update Add New Employee - ASSIST/DOB Month' is clicked on

2018-12-06 23:37:25 - [TEST_STEP][PASSED] - Statement - selectMonth = com.kms.katalon.core.webui.keyword.WebUiBuiltInKeywords.modifyObjectProperty(selectMonth, "xpath", "equals", "//body/div/div/div/select/option[@value="" + CurrentMonth + ""]", true): Modify property of object successfully

2018-12-06 23:37:25 - [MESSAGE][PASSED] - Modify property of object successfully

2018-12-06 23:37:25 - [TEST_STEP][PASSED] - click: Object: '' is clicked on

2018-12-06 23:37:25 - [MESSAGE][PASSED] - Object: '' is clicked on

2018-12-06 23:37:25 - [TEST_STEP][PASSED] - click: Object: 'Object Repository/Final Object Repo/Page_Update Add New Employee - ASSIST/DOB Year' is clicked on

2018-12-06 23:37:26 - [MESSAGE][PASSED] - Object: 'Object Repository/Final Object Repo/Page_Update Add New Employee - ASSIST/DOB Year' is clicked on

2018-12-06 23:37:26 - [TEST_STEP][PASSED] - Statement - selectYear = com.kms.katalon.core.webui.keyword.WebUiBuiltInKeywords.modifyObjectProperty(selectYear, "xpath", "equals", "//div/div/div/select/option[@value="" + EighteenYrsBefore + ""]", true): Modify property of object successfully

2018-12-06 23:37:26 - [MESSAGE][PASSED] - Modify property of object successfully

2018-12-06 23:37:26 - [TEST_STEP][PASSED] - click: Object: '' is clicked on

2018-12-06 23:37:26 - [MESSAGE][PASSED] - Object: '' is clicked on

2018-12-06 23:37:26 - [TEST_STEP][PASSED] - Statement - UpdatedSelectDate = com.kms.katalon.core.webui.keyword.WebUiBuiltInKeywords.modifyObjectProperty(com.kms.katalon.core.testobject.ObjectRepository.findTestObject(Final Object Repo/Page_Update Add New Employee - ASSIST/DOB Date), "xpath", "equals", "//body/div/table/tbody/tr/td/a[text()="" + OneDayBefore + ""]", true): Modify property of object successfully

2018-12-06 23:37:26 - [MESSAGE][PASSED] - Modify property of object successfully

2018-12-06 23:37:26 - [TEST_STEP][PASSED] - click: Object: 'Object Repository/Final Object Repo/Page_Update Add New Employee - ASSIST/DOB Date' is clicked on

2018-12-06 23:37:26 - [MESSAGE][PASSED] - Object: 'Object Repository/Final Object Repo/Page_Update Add New Employee - ASSIST/DOB Date' is clicked on

2018-12-06 23:37:26 - [TEST_STEP][PASSED] - delay: Delayed 2 second(s)

2018-12-06 23:37:28 - [MESSAGE][PASSED] - Delayed 2 second(s)

2018-12-06 23:37:28 - [TEST_STEP][PASSED] - click: Object: 'Object Repository/Final Object Repo/Page_Update Add New Employee - ASSIST/EmploymentStartDate Pop Up' is clicked on

2018-12-06 23:37:28 - [MESSAGE][PASSED] - Object: 'Object Repository/Final Object Repo/Page_Update Add New Employee - ASSIST/EmploymentStartDate Pop Up' is clicked on

2018-12-06 23:37:28 - [TEST_STEP][PASSED] - delay: Delayed 2 second(s)

2018-12-06 23:37:30 - [MESSAGE][PASSED] - Delayed 2 second(s)

2018-12-06 23:37:30 - [TEST_STEP][PASSED] - click: Object: 'Object Repository/Final Object Repo/Page_Update Add New Employee - ASSIST/Socso Employment StartDate Month' is clicked on

2018-12-06 23:37:30 - [MESSAGE][PASSED] - Object: 'Object Repository/Final Object Repo/Page_Update Add New Employee - ASSIST/Socso Employment StartDate Month' is clicked on

2018-12-06 23:37:30 - [TEST_STEP][PASSED] - delay: Delayed 1 second(s)

2018-12-06 23:37:31 - [MESSAGE][PASSED] - Delayed 1 second(s)

2018-12-06 23:37:31 - [TEST_STEP][PASSED] - click: Object: 'Object Repository/Final Object Repo/Page_Update Add New Employee - ASSIST/Select Socso Employement Startdate Month' is clicked on

2018-12-06 23:37:31 - [MESSAGE][PASSED] - Object: 'Object Repository/Final Object Repo/Page_Update Add New Employee - ASSIST/Select Socso Employement Startdate Month' is clicked on

2018-12-06 23:37:31 - [TEST_STEP][PASSED] - delay: Delayed 2 second(s)

2018-12-06 23:37:33 - [MESSAGE][PASSED] - Delayed 2 second(s)

2018-12-06 23:37:33 - [TEST_STEP][PASSED] - click: Object: 'Object Repository/Final Object Repo/Page_Update Add New Employee - ASSIST/Socso Employment StartDate Year' is clicked on

2018-12-06 23:37:33 - [MESSAGE][PASSED] - Object: 'Object Repository/Final Object Repo/Page_Update Add New Employee - ASSIST/Socso Employment StartDate Year' is clicked on

2018-12-06 23:37:33 - [TEST_STEP][PASSED] - delay: Delayed 1 second(s)

2018-12-06 23:37:34 - [MESSAGE][PASSED] - Delayed 1 second(s)

2018-12-06 23:37:34 - [TEST_STEP][PASSED] - click: Object: 'Object Repository/Final Object Repo/Page_Update Add New Employee - ASSIST/Select Socso Employment Startdate Year' is clicked on

2018-12-06 23:37:35 - [MESSAGE][PASSED] - Object: 'Object Repository/Final Object Repo/Page_Update Add New Employee - ASSIST/Select Socso Employment Startdate Year' is clicked on

2018-12-06 23:37:35 - [TEST_STEP][PASSED] - delay: Delayed 2 second(s)

2018-12-06 23:37:37 - [MESSAGE][PASSED] - Delayed 2 second(s)

2018-12-06 23:37:37 - [TEST_STEP][PASSED] - click: Object: 'Object Repository/Final Object Repo/Page_Update Add New Employee - ASSIST/Socso Employment Start Date Day' is clicked on

2018-12-06 23:37:37 - [MESSAGE][PASSED] - Object: 'Object Repository/Final Object Repo/Page_Update Add New Employee - ASSIST/Socso Employment Start Date Day' is clicked on

2018-12-06 23:37:37 - [TEST_STEP][PASSED] - delay: Delayed 2 second(s)

2018-12-06 23:37:39 - [MESSAGE][PASSED] - Delayed 2 second(s)

2018-12-06 23:37:39 - [TEST_STEP][PASSED] - click: Object: 'Object Repository/Final Object Repo/Page_Update Add New Employee - ASSIST/Save Button for Add Employee' is clicked on

2018-12-06 23:37:39 - [MESSAGE][PASSED] - Object: 'Object Repository/Final Object Repo/Page_Update Add New Employee - ASSIST/Save Button for Add Employee' is clicked on

2018-12-06 23:37:39 - [TEST_STEP][PASSED] - delay: Delayed 20 second(s)

2018-12-06 23:37:59 - [MESSAGE][PASSED] - Delayed 20 second(s)

2018-12-06 23:37:59 - [TEST_STEP][PASSED] - click: Object: 'Object Repository/Final Object Repo/Page_Update Add New Employee - ASSIST/Add Employee Button' is clicked on

2018-12-06 23:37:59 - [MESSAGE][PASSED] - Object: 'Object Repository/Final Object Repo/Page_Update Add New Employee - ASSIST/Add Employee Button' is clicked on

2018-12-06 23:37:59 - [TEST_STEP][PASSED] - delay: Delayed 4 second(s)

2018-12-06 23:38:03 - [MESSAGE][PASSED] - Delayed 4 second(s)

2018-12-06 23:38:03 - [TEST_STEP][PASSED] - setText: Text '600203039104' is set on object 'Object Repository/Final Object Repo/Page_Update Add New Employee - ASSIST/NRIC Input'

2018-12-06 23:38:04 - [MESSAGE][PASSED] - Text '600203039104' is set on object 'Object Repository/Final Object Repo/Page_Update Add New Employee - ASSIST/NRIC Input'

2018-12-06 23:38:04 - [TEST_STEP][PASSED] - click: Object: 'Object Repository/Final Object Repo/Page_Update Add New Employee - ASSIST/button for search for IC' is clicked on

2018-12-06 23:38:04 - [MESSAGE][PASSED] - Object: 'Object Repository/Final Object Repo/Page_Update Add New Employee - ASSIST/button for search for IC' is clicked on

2018-12-06 23:38:04 - [TEST_STEP][PASSED] - delay: Delayed 2 second(s)

2018-12-06 23:38:06 - [MESSAGE][PASSED] - Delayed 2 second(s)

2018-12-06 23:38:06 - [TEST_STEP][PASSED] - setText: Text 'Automate003 not eligible 2' is set on object 'Object Repository/Final Object Repo/Page_Update Add New Employee - ASSIST/Employee Name Input'

2018-12-06 23:38:06 - [MESSAGE][PASSED] - Text 'Automate003 not eligible 2' is set on object 'Object Repository/Final Object Repo/Page_Update Add New Employee - ASSIST/Employee Name Input'

2018-12-06 23:38:06 - [TEST_STEP][PASSED] - delay: Delayed 2 second(s)

2018-12-06 23:38:08 - [MESSAGE][PASSED] - Delayed 2 second(s)

2018-12-06 23:38:08 - [TEST_STEP][PASSED] - click: Object: 'Object Repository/Final Object Repo/Page_Update Add New Employee - ASSIST/DatePicker Pop Up' is clicked on

2018-12-06 23:38:09 - [MESSAGE][PASSED] - Object: 'Object Repository/Final Object Repo/Page_Update Add New Employee - ASSIST/DatePicker Pop Up' is clicked on

2018-12-06 23:38:09 - [TEST_STEP][PASSED] - delay: Delayed 2 second(s)

2018-12-06 23:38:11 - [MESSAGE][PASSED] - Delayed 2 second(s)

2018-12-06 23:38:11 - [TEST_STEP][PASSED] - click: Object: 'Object Repository/Final Object Repo/Page_Update Add New Employee - ASSIST/DOB Month' is clicked on

2018-12-06 23:38:11 - [MESSAGE][PASSED] - Object: 'Object Repository/Final Object Repo/Page_Update Add New Employee - ASSIST/DOB Month' is clicked on

2018-12-06 23:38:11 - [TEST_STEP][PASSED] - Statement - selectMonth = com.kms.katalon.core.webui.keyword.WebUiBuiltInKeywords.modifyObjectProperty(selectMonth, "xpath", "equals", "//body/div/div/div/select/option[@value="" + CurrentMonth + ""]", true): Modify property of object successfully

2018-12-06 23:38:11 - [MESSAGE][PASSED] - Modify property of object successfully

2018-12-06 23:38:11 - [TEST_STEP][PASSED] - click: Object: '' is clicked on

2018-12-06 23:38:11 - [MESSAGE][PASSED] - Object: '' is clicked on

2018-12-06 23:38:11 - [TEST_STEP][PASSED] - click: Object: 'Object Repository/Final Object Repo/Page_Update Add New Employee - ASSIST/DOB Year' is clicked on

2018-12-06 23:38:11 - [MESSAGE][PASSED] - Object: 'Object Repository/Final Object Repo/Page_Update Add New Employee - ASSIST/DOB Year' is clicked on

2018-12-06 23:38:11 - [TEST_STEP][PASSED] - Statement - selectYear = com.kms.katalon.core.webui.keyword.WebUiBuiltInKeywords.modifyObjectProperty(selectYear, "xpath", "equals", "//div/div/div/select/option[@value="" + FiftysevenYrsBefore + ""]", true): Modify property of object successfully

2018-12-06 23:38:11 - [MESSAGE][PASSED] - Modify property of object successfully

2018-12-06 23:38:11 - [TEST_STEP][PASSED] - click: Object: '' is clicked on

2018-12-06 23:38:11 - [MESSAGE][PASSED] - Object: '' is clicked on

2018-12-06 23:38:11 - [TEST_STEP][PASSED] - Statement - UpdatedSelectDate = com.kms.katalon.core.webui.keyword.WebUiBuiltInKeywords.modifyObjectProperty(com.kms.katalon.core.testobject.ObjectRepository.findTestObject(Final Object Repo/Page_Update Add New Employee - ASSIST/DOB Date), "xpath", "equals", "//body/div/table/tbody/tr/td/a[text()="" + CurrentDate + ""]", true): Modify property of object successfully

2018-12-06 23:38:11 - [MESSAGE][PASSED] - Modify property of object successfully

2018-12-06 23:38:11 - [TEST_STEP][PASSED] - click: Object: 'Object Repository/Final Object Repo/Page_Update Add New Employee - ASSIST/DOB Date' is clicked on

2018-12-06 23:38:11 - [MESSAGE][PASSED] - Object: 'Object Repository/Final Object Repo/Page_Update Add New Employee - ASSIST/DOB Date' is clicked on

2018-12-06 23:38:11 - [TEST_STEP][PASSED] - click: Object: 'Object Repository/Final Object Repo/Page_Update Add New Employee - ASSIST/EmploymentStartDate Pop Up' is clicked on

2018-12-06 23:38:12 - [MESSAGE][PASSED] - Object: 'Object Repository/Final Object Repo/Page_Update Add New Employee - ASSIST/EmploymentStartDate Pop Up' is clicked on

2018-12-06 23:38:12 - [TEST_STEP][PASSED] - delay: Delayed 2 second(s)

2018-12-06 23:38:14 - [MESSAGE][PASSED] - Delayed 2 second(s)

2018-12-06 23:38:14 - [TEST_STEP][PASSED] - click: Object: 'Object Repository/Final Object Repo/Page_Update Add New Employee - ASSIST/Socso Employment StartDate Month' is clicked on

2018-12-06 23:38:14 - [MESSAGE][PASSED] - Object: 'Object Repository/Final Object Repo/Page_Update Add New Employee - ASSIST/Socso Employment StartDate Month' is clicked on

2018-12-06 23:38:14 - [TEST_STEP][PASSED] - delay: Delayed 1 second(s)

2018-12-06 23:38:15 - [MESSAGE][PASSED] - Delayed 1 second(s)

2018-12-06 23:38:15 - [TEST_STEP][PASSED] - click: Object: 'Object Repository/Final Object Repo/Page_Update Add New Employee - ASSIST/Select Socso Employement Startdate Month' is clicked on

2018-12-06 23:38:15 - [MESSAGE][PASSED] - Object: 'Object Repository/Final Object Repo/Page_Update Add New Employee - ASSIST/Select Socso Employement Startdate Month' is clicked on

2018-12-06 23:38:15 - [TEST_STEP][PASSED] - delay: Delayed 2 second(s)

2018-12-06 23:38:17 - [MESSAGE][PASSED] - Delayed 2 second(s)

2018-12-06 23:38:17 - [TEST_STEP][PASSED] - click: Object: 'Object Repository/Final Object Repo/Page_Update Add New Employee - ASSIST/Socso Employment StartDate Year' is clicked on

2018-12-06 23:38:17 - [MESSAGE][PASSED] - Object: 'Object Repository/Final Object Repo/Page_Update Add New Employee - ASSIST/Socso Employment StartDate Year' is clicked on

2018-12-06 23:38:17 - [TEST_STEP][PASSED] - delay: Delayed 1 second(s)

2018-12-06 23:38:18 - [MESSAGE][PASSED] - Delayed 1 second(s)

2018-12-06 23:38:18 - [TEST_STEP][PASSED] - click: Object: 'Object Repository/Final Object Repo/Page_Update Add New Employee - ASSIST/Select Socso Employment Startdate Year' is clicked on

2018-12-06 23:38:18 - [MESSAGE][PASSED] - Object: 'Object Repository/Final Object Repo/Page_Update Add New Employee - ASSIST/Select Socso Employment Startdate Year' is clicked on

2018-12-06 23:38:18 - [TEST_STEP][PASSED] - delay: Delayed 2 second(s)

2018-12-06 23:38:20 - [MESSAGE][PASSED] - Delayed 2 second(s)

2018-12-06 23:38:20 - [TEST_STEP][PASSED] - click: Object: 'Object Repository/Final Object Repo/Page_Update Add New Employee - ASSIST/Socso Employment Start Date Day' is clicked on

2018-12-06 23:38:20 - [MESSAGE][PASSED] - Object: 'Object Repository/Final Object Repo/Page_Update Add New Employee - ASSIST/Socso Employment Start Date Day' is clicked on

2018-12-06 23:38:20 - [TEST_STEP][PASSED] - delay: Delayed 2 second(s)

2018-12-06 23:38:22 - [MESSAGE][PASSED] - Delayed 2 second(s)

2018-12-06 23:38:22 - [TEST_STEP][PASSED] - click: Object: 'Object Repository/Final Object Repo/Page_Update Add New Employee - ASSIST/Save Button for Add Employee' is clicked on

2018-12-06 23:38:23 - [MESSAGE][PASSED] - Object: 'Object Repository/Final Object Repo/Page_Update Add New Employee - ASSIST/Save Button for Add Employee' is clicked on

2018-12-06 23:38:23 - [MESSAGE][PASSED] - Call Test Case 'Test Cases/Final Aug 2018 - PKS Automation/Registration Module/Workflow/Update Add New Employee/Template/Employee Adding/Employee Adding Action Repeat IC - set 1' successfully

2018-12-06 23:38:23 - [MESSAGE][PASSED] - Call Test Case 'Test Cases/Final Aug 2018 - PKS Automation/Registration Module/Workflow/Update Add New Employee/Template/Employee Adding/Employee Set Decider' successfully

2018-12-06 23:38:23 - [TEST_STEP][PASSED] - delay: Delayed 4 second(s)

2018-12-06 23:38:27 - [MESSAGE][PASSED] - Delayed 4 second(s)

2018-12-06 23:38:27 - [TEST_STEP][PASSED] - Statement - CaseReferenceNo = com.kms.katalon.core.webui.keyword.WebUiBuiltInKeywords.getText(com.kms.katalon.core.testobject.ObjectRepository.findTestObject(Final Object Repo/Page_Update Add New Employee - ASSIST/RefNo)): Text of object 'Object Repository/Final Object Repo/Page_Update Add New Employee - ASSIST/RefNo' is: 'CAN12201800002269'

2018-12-06 23:38:27 - [MESSAGE][PASSED] - Text of object 'Object Repository/Final Object Repo/Page_Update Add New Employee - ASSIST/RefNo' is: 'CAN12201800002269'

2018-12-06 23:38:27 - [TEST_STEP][PASSED] - callTestCase: Call Test Case 'Test Cases/Final Aug 2018 - PKS Automation/Common/Reference Number Setter' successfully

2018-12-06 23:38:27 - [TEST_CASE][PASSED] - Test Cases/Final Aug 2018 - PKS Automation/Common/Reference Number Setter: Test Cases/Final Aug 2018 - PKS Automation/Common/Reference Number Setter

2018-12-06 23:38:27 - [TEST_STEP][PASSED] - Statement - RefNoOldFile = new java.io.File(C://Users//Admin//Desktop//PKS//Automation Reference Point//KatalonReference.txt): null

2018-12-06 23:38:27 - [TEST_STEP][PASSED] - Statement - RefNoOldFile.delete(): null

2018-12-06 23:38:27 - [TEST_STEP][PASSED] - delay: Delayed 5 second(s)

2018-12-06 23:38:32 - [MESSAGE][PASSED] - Delayed 5 second(s)

2018-12-06 23:38:32 - [TEST_STEP][PASSED] - Statement - RefNo = new java.io.File(C://Users//Admin//Desktop//PKS//Automation Reference Point//KatalonReference.txt): null

2018-12-06 23:38:32 - [TEST_STEP][PASSED] - Statement - f2 = new java.io.FileWriter(RefNo, false): null

2018-12-06 23:38:32 - [TEST_STEP][PASSED] - Statement - f2.write(CaseReferenceNo): null

2018-12-06 23:38:32 - [TEST_STEP][PASSED] - Statement - f2.close(): null

2018-12-06 23:38:32 - [TEST_STEP][PASSED] - Statement - out.println("


" + CaseReferenceNo + "


"): null

2018-12-06 23:38:32 - [MESSAGE][PASSED] - Call Test Case 'Test Cases/Final Aug 2018 - PKS Automation/Common/Reference Number Setter' successfully

2018-12-06 23:38:32 - [TEST_STEP][PASSED] - delay: Delayed 5 second(s)

2018-12-06 23:38:37 - [MESSAGE][PASSED] - Delayed 5 second(s)

2018-12-06 23:38:37 - [TEST_STEP][PASSED] - click: Object: 'Object Repository/Final Object Repo/Page_Update Add New Employee - ASSIST/Incomplete Checkbox' is clicked on

2018-12-06 23:38:37 - [MESSAGE][PASSED] - Object: 'Object Repository/Final Object Repo/Page_Update Add New Employee - ASSIST/Incomplete Checkbox' is clicked on

2018-12-06 23:38:37 - [TEST_STEP][PASSED] - delay: Delayed 5 second(s)

2018-12-06 23:38:42 - [MESSAGE][PASSED] - Delayed 5 second(s)

2018-12-06 23:38:42 - [TEST_STEP][PASSED] - click: Object: 'Object Repository/Final Object Repo/Page_Update Add New Employee - ASSIST/Save  Continue Button' is clicked on

2018-12-06 23:38:42 - [MESSAGE][PASSED] - Object: 'Object Repository/Final Object Repo/Page_Update Add New Employee - ASSIST/Save  Continue Button' is clicked on

2018-12-06 23:38:42 - [TEST_STEP][PASSED] - delay: Delayed 6 second(s)

2018-12-06 23:38:48 - [MESSAGE][PASSED] - Delayed 6 second(s)

2018-12-06 23:38:48 - [TEST_STEP][PASSED] - click: Object: 'Object Repository/Final Object Repo/Page_Update Add New Employee - ASSIST/Save  Continue Third Screen' is clicked on

2018-12-06 23:38:51 - [MESSAGE][PASSED] - Object: 'Object Repository/Final Object Repo/Page_Update Add New Employee - ASSIST/Save  Continue Third Screen' is clicked on

2018-12-06 23:38:51 - [TEST_STEP][PASSED] - delay: Delayed 4 second(s)

2018-12-06 23:38:55 - [MESSAGE][PASSED] - Delayed 4 second(s)

2018-12-06 23:38:55 - [TEST_STEP][PASSED] - click: Object: 'Object Repository/Final Object Repo/Page_Update Add New Employee - ASSIST/Save   Continue Supporting Doc Page' is clicked on

2018-12-06 23:38:55 - [MESSAGE][PASSED] - Object: 'Object Repository/Final Object Repo/Page_Update Add New Employee - ASSIST/Save   Continue Supporting Doc Page' is clicked on

2018-12-06 23:38:55 - [TEST_STEP][PASSED] - delay: Delayed 4 second(s)

2018-12-06 23:38:59 - [MESSAGE][PASSED] - Delayed 4 second(s)

2018-12-06 23:38:59 - [TEST_STEP][PASSED] - click: Object: 'Object Repository/Final Object Repo/Page_Update Add New Employee - ASSIST/Submit Button' is clicked on

2018-12-06 23:38:59 - [MESSAGE][PASSED] - Object: 'Object Repository/Final Object Repo/Page_Update Add New Employee - ASSIST/Submit Button' is clicked on

2018-12-06 23:38:59 - [TEST_STEP][PASSED] - delay: Delayed 4 second(s)

2018-12-06 23:39:03 - [MESSAGE][PASSED] - Delayed 4 second(s)

2018-12-06 23:39:03 - [TEST_STEP][PASSED] - click: Object: 'Object Repository/Final Object Repo/Page_Update Add New Employee - ASSIST/Confirm Submit Button' is clicked on

2018-12-06 23:39:04 - [MESSAGE][PASSED] - Object: 'Object Repository/Final Object Repo/Page_Update Add New Employee - ASSIST/Confirm Submit Button' is clicked on

2018-12-06 23:39:04 - [TEST_STEP][PASSED] - delay: Delayed 30 second(s)

2018-12-06 23:39:34 - [MESSAGE][PASSED] - Delayed 30 second(s)

2018-12-06 23:39:34 - [TEST_STEP][PASSED] - callTestCase: Call Test Case 'Test Cases/Final Aug 2018 - PKS Automation/Common/Screenshoting tool' successfully

2018-12-06 23:39:34 - [TEST_CASE][PASSED] - Test Cases/Final Aug 2018 - PKS Automation/Common/Screenshoting tool: Test Cases/Final Aug 2018 - PKS Automation/Common/Screenshoting tool

2018-12-06 23:39:34 - [TEST_STEP][PASSED] - delay: Delayed 15 second(s)

2018-12-06 23:39:49 - [MESSAGE][PASSED] - Delayed 15 second(s)

2018-12-06 23:39:49 - [TEST_STEP][PASSED] - Statement - driver = com.kms.katalon.core.webui.driver.DriverFactory.getWebDriver(): null

2018-12-06 23:39:49 - [TEST_STEP][PASSED] - Statement - driver.manage().timeouts().implicitlyWait(10, SECONDS): null

2018-12-06 23:39:49 - [TEST_STEP][PASSED] - Statement - PresavePath = KatalonScreenshots: null

2018-12-06 23:39:49 - [TEST_STEP][PASSED] - Statement - pathPrefix = "C:\Users\Public\Pictures\Sample Pictures\Katalon Screenshots\Automate Ending Screen": null

2018-12-06 23:39:49 - [TEST_STEP][PASSED] - Statement - finalPath = <not implemented yet for class: org.codehaus.groovy.ast.expr.EmptyExpression>: null

2018-12-06 23:39:49 - [TEST_STEP][PASSED] - Statement - scrFile = driver.getScreenshotAs(FILE): null

2018-12-06 23:39:49 - [TEST_STEP][PASSED] - Statement - PreSaveFile = new java.io.File(PresavePath): null

2018-12-06 23:39:49 - [TEST_STEP][PASSED] - Statement - counter = 0: null

2018-12-06 23:39:49 - [TEST_STEP][PASSED] - Statement - If (PreSaveFile.exists()): null

2018-12-06 23:39:49 - [TEST_STEP][PASSED] - Statement - While (PreSaveFile.exists()): null

2018-12-06 23:39:49 - [TEST_STEP][PASSED] - Statement - counter = counter + 1: null

2018-12-06 23:39:49 - [TEST_STEP][PASSED] - Statement - PreSaveFile = new java.io.File(((pathPrefix + java.lang.Integer.toString(counter)) + .png)): null

2018-12-06 23:39:49 - [TEST_STEP][PASSED] - Statement - counter = counter + 1: null

2018-12-06 23:39:49 - [TEST_STEP][PASSED] - Statement - PreSaveFile = new java.io.File(((pathPrefix + java.lang.Integer.toString(counter)) + .png)): null

2018-12-06 23:39:49 - [TEST_STEP][PASSED] - Statement - counter = counter + 1: null

2018-12-06 23:39:49 - [TEST_STEP][PASSED] - Statement - PreSaveFile = new java.io.File(((pathPrefix + java.lang.Integer.toString(counter)) + .png)): null

2018-12-06 23:39:49 - [TEST_STEP][PASSED] - Statement - counter = counter + 1: null

2018-12-06 23:39:49 - [TEST_STEP][PASSED] - Statement - PreSaveFile = new java.io.File(((pathPrefix + java.lang.Integer.toString(counter)) + .png)): null

2018-12-06 23:39:49 - [TEST_STEP][PASSED] - Statement - counter = counter + 1: null

2018-12-06 23:39:49 - [TEST_STEP][PASSED] - Statement - PreSaveFile = new java.io.File(((pathPrefix + java.lang.Integer.toString(counter)) + .png)): null

2018-12-06 23:39:49 - [TEST_STEP][PASSED] - Statement - counter = counter + 1: null

2018-12-06 23:39:49 - [TEST_STEP][PASSED] - Statement - PreSaveFile = new java.io.File(((pathPrefix + java.lang.Integer.toString(counter)) + .png)): null

2018-12-06 23:39:49 - [TEST_STEP][PASSED] - Statement - counter = counter + 1: null

2018-12-06 23:39:49 - [TEST_STEP][PASSED] - Statement - PreSaveFile = new java.io.File(((pathPrefix + java.lang.Integer.toString(counter)) + .png)): null

2018-12-06 23:39:49 - [TEST_STEP][PASSED] - Statement - counter = counter + 1: null

2018-12-06 23:39:49 - [TEST_STEP][PASSED] - Statement - PreSaveFile = new java.io.File(((pathPrefix + java.lang.Integer.toString(counter)) + .png)): null

2018-12-06 23:39:49 - [TEST_STEP][PASSED] - Statement - counter = counter + 1: null

2018-12-06 23:39:49 - [TEST_STEP][PASSED] - Statement - PreSaveFile = new java.io.File(((pathPrefix + java.lang.Integer.toString(counter)) + .png)): null

2018-12-06 23:39:49 - [TEST_STEP][PASSED] - Statement - counter = counter + 1: null

2018-12-06 23:39:49 - [TEST_STEP][PASSED] - Statement - PreSaveFile = new java.io.File(((pathPrefix + java.lang.Integer.toString(counter)) + .png)): null

2018-12-06 23:39:49 - [TEST_STEP][PASSED] - Statement - counter = counter + 1: null

2018-12-06 23:39:49 - [TEST_STEP][PASSED] - Statement - PreSaveFile = new java.io.File(((pathPrefix + java.lang.Integer.toString(counter)) + .png)): null

2018-12-06 23:39:49 - [TEST_STEP][PASSED] - Statement - counter = counter + 1: null

2018-12-06 23:39:49 - [TEST_STEP][PASSED] - Statement - PreSaveFile = new java.io.File(((pathPrefix + java.lang.Integer.toString(counter)) + .png)): null

2018-12-06 23:39:49 - [TEST_STEP][PASSED] - Statement - counter = counter + 1: null

2018-12-06 23:39:49 - [TEST_STEP][PASSED] - Statement - PreSaveFile = new java.io.File(((pathPrefix + java.lang.Integer.toString(counter)) + .png)): null

2018-12-06 23:39:49 - [TEST_STEP][PASSED] - Statement - counter = counter + 1: null

2018-12-06 23:39:49 - [TEST_STEP][PASSED] - Statement - PreSaveFile = new java.io.File(((pathPrefix + java.lang.Integer.toString(counter)) + .png)): null

2018-12-06 23:39:49 - [TEST_STEP][PASSED] - Statement - counter = counter + 1: null

2018-12-06 23:39:49 - [TEST_STEP][PASSED] - Statement - PreSaveFile = new java.io.File(((pathPrefix + java.lang.Integer.toString(counter)) + .png)): null

2018-12-06 23:39:49 - [TEST_STEP][PASSED] - Statement - counter = counter + 1: null

2018-12-06 23:39:49 - [TEST_STEP][PASSED] - Statement - PreSaveFile = new java.io.File(((pathPrefix + java.lang.Integer.toString(counter)) + .png)): null

2018-12-06 23:39:49 - [TEST_STEP][PASSED] - Statement - counter = counter + 1: null

2018-12-06 23:39:49 - [TEST_STEP][PASSED] - Statement - PreSaveFile = new java.io.File(((pathPrefix + java.lang.Integer.toString(counter)) + .png)): null

2018-12-06 23:39:49 - [TEST_STEP][PASSED] - Statement - counter = counter + 1: null

2018-12-06 23:39:49 - [TEST_STEP][PASSED] - Statement - PreSaveFile = new java.io.File(((pathPrefix + java.lang.Integer.toString(counter)) + .png)): null

2018-12-06 23:39:49 - [TEST_STEP][PASSED] - Statement - counter = counter + 1: null

2018-12-06 23:39:49 - [TEST_STEP][PASSED] - Statement - PreSaveFile = new java.io.File(((pathPrefix + java.lang.Integer.toString(counter)) + .png)): null

2018-12-06 23:39:49 - [TEST_STEP][PASSED] - Statement - counter = counter + 1: null

2018-12-06 23:39:49 - [TEST_STEP][PASSED] - Statement - PreSaveFile = new java.io.File(((pathPrefix + java.lang.Integer.toString(counter)) + .png)): null

2018-12-06 23:39:49 - [TEST_STEP][PASSED] - Statement - counter = counter + 1: null

2018-12-06 23:39:49 - [TEST_STEP][PASSED] - Statement - PreSaveFile = new java.io.File(((pathPrefix + java.lang.Integer.toString(counter)) + .png)): null

2018-12-06 23:39:49 - [TEST_STEP][PASSED] - Statement - counter = counter + 1: null

2018-12-06 23:39:49 - [TEST_STEP][PASSED] - Statement - PreSaveFile = new java.io.File(((pathPrefix + java.lang.Integer.toString(counter)) + .png)): null

2018-12-06 23:39:49 - [TEST_STEP][PASSED] - Statement - counter = counter + 1: null

2018-12-06 23:39:49 - [TEST_STEP][PASSED] - Statement - PreSaveFile = new java.io.File(((pathPrefix + java.lang.Integer.toString(counter)) + .png)): null

2018-12-06 23:39:49 - [TEST_STEP][PASSED] - Statement - counter = counter + 1: null

2018-12-06 23:39:49 - [TEST_STEP][PASSED] - Statement - PreSaveFile = new java.io.File(((pathPrefix + java.lang.Integer.toString(counter)) + .png)): null

2018-12-06 23:39:49 - [TEST_STEP][PASSED] - Statement - counter = counter + 1: null

2018-12-06 23:39:49 - [TEST_STEP][PASSED] - Statement - PreSaveFile = new java.io.File(((pathPrefix + java.lang.Integer.toString(counter)) + .png)): null

2018-12-06 23:39:49 - [TEST_STEP][PASSED] - Statement - counter = counter + 1: null

2018-12-06 23:39:49 - [TEST_STEP][PASSED] - Statement - PreSaveFile = new java.io.File(((pathPrefix + java.lang.Integer.toString(counter)) + .png)): null

2018-12-06 23:39:49 - [TEST_STEP][PASSED] - Statement - counter = counter + 1: null

2018-12-06 23:39:49 - [TEST_STEP][PASSED] - Statement - PreSaveFile = new java.io.File(((pathPrefix + java.lang.Integer.toString(counter)) + .png)): null

2018-12-06 23:39:49 - [TEST_STEP][PASSED] - Statement - counter = counter + 1: null

2018-12-06 23:39:49 - [TEST_STEP][PASSED] - Statement - PreSaveFile = new java.io.File(((pathPrefix + java.lang.Integer.toString(counter)) + .png)): null

2018-12-06 23:39:49 - [TEST_STEP][PASSED] - Statement - counter = counter + 1: null

2018-12-06 23:39:49 - [TEST_STEP][PASSED] - Statement - PreSaveFile = new java.io.File(((pathPrefix + java.lang.Integer.toString(counter)) + .png)): null

2018-12-06 23:39:49 - [TEST_STEP][PASSED] - Statement - counter = counter + 1: null

2018-12-06 23:39:49 - [TEST_STEP][PASSED] - Statement - PreSaveFile = new java.io.File(((pathPrefix + java.lang.Integer.toString(counter)) + .png)): null

2018-12-06 23:39:49 - [TEST_STEP][PASSED] - Statement - counter = counter + 1: null

2018-12-06 23:39:49 - [TEST_STEP][PASSED] - Statement - PreSaveFile = new java.io.File(((pathPrefix + java.lang.Integer.toString(counter)) + .png)): null

2018-12-06 23:39:49 - [TEST_STEP][PASSED] - Statement - counter = counter + 1: null

2018-12-06 23:39:49 - [TEST_STEP][PASSED] - Statement - PreSaveFile = new java.io.File(((pathPrefix + java.lang.Integer.toString(counter)) + .png)): null

2018-12-06 23:39:49 - [TEST_STEP][PASSED] - Statement - counter = counter + 1: null

2018-12-06 23:39:49 - [TEST_STEP][PASSED] - Statement - PreSaveFile = new java.io.File(((pathPrefix + java.lang.Integer.toString(counter)) + .png)): null

2018-12-06 23:39:49 - [TEST_STEP][PASSED] - Statement - counter = counter + 1: null

2018-12-06 23:39:49 - [TEST_STEP][PASSED] - Statement - PreSaveFile = new java.io.File(((pathPrefix + java.lang.Integer.toString(counter)) + .png)): null

2018-12-06 23:39:49 - [TEST_STEP][PASSED] - Statement - counter = counter + 1: null

2018-12-06 23:39:49 - [TEST_STEP][PASSED] - Statement - PreSaveFile = new java.io.File(((pathPrefix + java.lang.Integer.toString(counter)) + .png)): null

2018-12-06 23:39:49 - [TEST_STEP][PASSED] - Statement - counter = counter + 1: null

2018-12-06 23:39:49 - [TEST_STEP][PASSED] - Statement - PreSaveFile = new java.io.File(((pathPrefix + java.lang.Integer.toString(counter)) + .png)): null

2018-12-06 23:39:49 - [TEST_STEP][PASSED] - Statement - counter = counter + 1: null

2018-12-06 23:39:49 - [TEST_STEP][PASSED] - Statement - PreSaveFile = new java.io.File(((pathPrefix + java.lang.Integer.toString(counter)) + .png)): null

2018-12-06 23:39:49 - [TEST_STEP][PASSED] - Statement - counter = counter + 1: null

2018-12-06 23:39:49 - [TEST_STEP][PASSED] - Statement - PreSaveFile = new java.io.File(((pathPrefix + java.lang.Integer.toString(counter)) + .png)): null

2018-12-06 23:39:49 - [TEST_STEP][PASSED] - Statement - counter = counter + 1: null

2018-12-06 23:39:49 - [TEST_STEP][PASSED] - Statement - PreSaveFile = new java.io.File(((pathPrefix + java.lang.Integer.toString(counter)) + .png)): null

2018-12-06 23:39:49 - [TEST_STEP][PASSED] - Statement - counter = counter + 1: null

2018-12-06 23:39:49 - [TEST_STEP][PASSED] - Statement - PreSaveFile = new java.io.File(((pathPrefix + java.lang.Integer.toString(counter)) + .png)): null

2018-12-06 23:39:49 - [TEST_STEP][PASSED] - Statement - counter = counter + 1: null

2018-12-06 23:39:49 - [TEST_STEP][PASSED] - Statement - PreSaveFile = new java.io.File(((pathPrefix + java.lang.Integer.toString(counter)) + .png)): null

2018-12-06 23:39:49 - [TEST_STEP][PASSED] - Statement - counter = counter + 1: null

2018-12-06 23:39:49 - [TEST_STEP][PASSED] - Statement - PreSaveFile = new java.io.File(((pathPrefix + java.lang.Integer.toString(counter)) + .png)): null

2018-12-06 23:39:49 - [TEST_STEP][PASSED] - Statement - counter = counter + 1: null

2018-12-06 23:39:49 - [TEST_STEP][PASSED] - Statement - PreSaveFile = new java.io.File(((pathPrefix + java.lang.Integer.toString(counter)) + .png)): null

2018-12-06 23:39:49 - [TEST_STEP][PASSED] - Statement - counter = counter + 1: null

2018-12-06 23:39:49 - [TEST_STEP][PASSED] - Statement - PreSaveFile = new java.io.File(((pathPrefix + java.lang.Integer.toString(counter)) + .png)): null

2018-12-06 23:39:49 - [TEST_STEP][PASSED] - Statement - counter = counter + 1: null

2018-12-06 23:39:49 - [TEST_STEP][PASSED] - Statement - PreSaveFile = new java.io.File(((pathPrefix + java.lang.Integer.toString(counter)) + .png)): null

2018-12-06 23:39:49 - [TEST_STEP][PASSED] - Statement - counter = counter + 1: null

2018-12-06 23:39:49 - [TEST_STEP][PASSED] - Statement - PreSaveFile = new java.io.File(((pathPrefix + java.lang.Integer.toString(counter)) + .png)): null

2018-12-06 23:39:49 - [TEST_STEP][PASSED] - Statement - counter = counter + 1: null

2018-12-06 23:39:49 - [TEST_STEP][PASSED] - Statement - PreSaveFile = new java.io.File(((pathPrefix + java.lang.Integer.toString(counter)) + .png)): null

2018-12-06 23:39:49 - [TEST_STEP][PASSED] - Statement - counter = counter + 1: null

2018-12-06 23:39:49 - [TEST_STEP][PASSED] - Statement - PreSaveFile = new java.io.File(((pathPrefix + java.lang.Integer.toString(counter)) + .png)): null

2018-12-06 23:39:49 - [TEST_STEP][PASSED] - Statement - counter = counter + 1: null

2018-12-06 23:39:49 - [TEST_STEP][PASSED] - Statement - PreSaveFile = new java.io.File(((pathPrefix + java.lang.Integer.toString(counter)) + .png)): null

2018-12-06 23:39:49 - [TEST_STEP][PASSED] - Statement - counter = counter + 1: null

2018-12-06 23:39:49 - [TEST_STEP][PASSED] - Statement - PreSaveFile = new java.io.File(((pathPrefix + java.lang.Integer.toString(counter)) + .png)): null

2018-12-06 23:39:49 - [TEST_STEP][PASSED] - Statement - counter = counter + 1: null

2018-12-06 23:39:49 - [TEST_STEP][PASSED] - Statement - PreSaveFile = new java.io.File(((pathPrefix + java.lang.Integer.toString(counter)) + .png)): null

2018-12-06 23:39:49 - [TEST_STEP][PASSED] - Statement - counter = counter + 1: null

2018-12-06 23:39:49 - [TEST_STEP][PASSED] - Statement - PreSaveFile = new java.io.File(((pathPrefix + java.lang.Integer.toString(counter)) + .png)): null

2018-12-06 23:39:49 - [TEST_STEP][PASSED] - Statement - counter = counter + 1: null

2018-12-06 23:39:49 - [TEST_STEP][PASSED] - Statement - PreSaveFile = new java.io.File(((pathPrefix + java.lang.Integer.toString(counter)) + .png)): null

2018-12-06 23:39:49 - [TEST_STEP][PASSED] - Statement - counter = counter + 1: null

2018-12-06 23:39:49 - [TEST_STEP][PASSED] - Statement - PreSaveFile = new java.io.File(((pathPrefix + java.lang.Integer.toString(counter)) + .png)): null

2018-12-06 23:39:49 - [TEST_STEP][PASSED] - Statement - counter = counter + 1: null

2018-12-06 23:39:49 - [TEST_STEP][PASSED] - Statement - PreSaveFile = new java.io.File(((pathPrefix + java.lang.Integer.toString(counter)) + .png)): null

2018-12-06 23:39:49 - [TEST_STEP][PASSED] - Statement - counter = counter + 1: null

2018-12-06 23:39:49 - [TEST_STEP][PASSED] - Statement - PreSaveFile = new java.io.File(((pathPrefix + java.lang.Integer.toString(counter)) + .png)): null

2018-12-06 23:39:49 - [TEST_STEP][PASSED] - Statement - counter = counter + 1: null

2018-12-06 23:39:49 - [TEST_STEP][PASSED] - Statement - PreSaveFile = new java.io.File(((pathPrefix + java.lang.Integer.toString(counter)) + .png)): null

2018-12-06 23:39:49 - [TEST_STEP][PASSED] - Statement - finalPath = pathPrefix + java.lang.Integer.toString(counter) + ".png": null

2018-12-06 23:39:49 - [TEST_STEP][PASSED] - Statement - SaveFile = new java.io.File(finalPath): null

2018-12-06 23:39:49 - [TEST_STEP][PASSED] - Statement - Try: null

2018-12-06 23:39:49 - [TEST_STEP][PASSED] - Statement - org.apache.commons.io.FileUtils.copyFile(scrFile, SaveFile): null

2018-12-06 23:39:49 - [TEST_STEP][PASSED] - Statement - out.println("file kept"): null

2018-12-06 23:39:49 - [TEST_STEP][PASSED] - delay: Delayed 10 second(s)

2018-12-06 23:39:59 - [MESSAGE][PASSED] - Delayed 10 second(s)

2018-12-06 23:39:59 - [MESSAGE][PASSED] - Call Test Case 'Test Cases/Final Aug 2018 - PKS Automation/Common/Screenshoting tool' successfully

2018-12-06 23:39:59 - [TEST_STEP][PASSED] - callTestCase: Call Test Case 'Test Cases/Final Aug 2018 - PKS Automation/Registration Module/Log Out/log out avoiding katalon tagging' successfully

2018-12-06 23:39:59 - [TEST_CASE][PASSED] - Test Cases/Final Aug 2018 - PKS Automation/Registration Module/Log Out/log out avoiding katalon tagging: Test Cases/Final Aug 2018 - PKS Automation/Registration Module/Log Out/log out avoiding katalon tagging

2018-12-06 23:39:59 - [TEST_STEP][PASSED] - navigateToUrl: Navigate to 'https://assist2-uat.perkeso.gov.my/c/portal/logout' successfully

2018-12-06 23:40:00 - [MESSAGE][PASSED] - Navigate to 'https://assist2-uat.perkeso.gov.my/c/portal/logout' successfully

2018-12-06 23:40:00 - [MESSAGE][PASSED] - Call Test Case 'Test Cases/Final Aug 2018 - PKS Automation/Registration Module/Log Out/log out avoiding katalon tagging' successfully

2018-12-06 23:40:00 - [TEST_STEP][PASSED] - callTestCase: Call Test Case 'Test Cases/Final Aug 2018 - PKS Automation/Common/Workflow Owner Finder' successfully

2018-12-06 23:40:00 - [TEST_CASE][PASSED] - Test Cases/Final Aug 2018 - PKS Automation/Common/Workflow Owner Finder: Test Cases/Final Aug 2018 - PKS Automation/Common/Workflow Owner Finder

2018-12-06 23:40:00 - [TEST_STEP][PASSED] - openBrowser: Browser is opened with url: ''

2018-12-06 23:40:00 - [MESSAGE][WARNING] - A browser is already opened. Closing browser and opening a new one

2018-12-06 23:40:04 - [MESSAGE][PASSED] - Browser is opened with url: ''

2018-12-06 23:40:04 - [TEST_STEP][PASSED] - navigateToUrl: Navigate to 'https://assist2-uat.perkeso.gov.my/login' successfully

2018-12-06 23:40:05 - [MESSAGE][PASSED] - Navigate to 'https://assist2-uat.perkeso.gov.my/login' successfully

2018-12-06 23:40:05 - [TEST_STEP][PASSED] - delay: Delayed 5 second(s)

2018-12-06 23:40:10 - [MESSAGE][PASSED] - Delayed 5 second(s)

2018-12-06 23:40:10 - [TEST_STEP][PASSED] - setText: Text 'test@liferay.com' is set on object 'Object Repository/Final Object Repo/Login Page/Internal User/Email Address'

2018-12-06 23:40:10 - [MESSAGE][PASSED] - Text 'test@liferay.com' is set on object 'Object Repository/Final Object Repo/Login Page/Internal User/Email Address'

2018-12-06 23:40:10 - [TEST_STEP][PASSED] - click: Object: 'Object Repository/Final Object Repo/Login Page/Internal User/Next Button' is clicked on

2018-12-06 23:40:11 - [MESSAGE][PASSED] - Object: 'Object Repository/Final Object Repo/Login Page/Internal User/Next Button' is clicked on

2018-12-06 23:40:11 - [TEST_STEP][PASSED] - delay: Delayed 2 second(s)

2018-12-06 23:40:13 - [MESSAGE][PASSED] - Delayed 2 second(s)

2018-12-06 23:40:13 - [TEST_STEP][PASSED] - setText: Text 'test' is set on object 'Object Repository/Final Object Repo/Login Page/Internal User/Password'

2018-12-06 23:40:13 - [MESSAGE][PASSED] - Text 'test' is set on object 'Object Repository/Final Object Repo/Login Page/Internal User/Password'

2018-12-06 23:40:13 - [TEST_STEP][PASSED] - delay: Delayed 2 second(s)

2018-12-06 23:40:15 - [MESSAGE][PASSED] - Delayed 2 second(s)

2018-12-06 23:40:15 - [TEST_STEP][PASSED] - click: Object: 'Object Repository/Final Object Repo/Login Page/Internal User/Login Button' is clicked on

2018-12-06 23:40:15 - [MESSAGE][PASSED] - Object: 'Object Repository/Final Object Repo/Login Page/Internal User/Login Button' is clicked on

2018-12-06 23:40:15 - [TEST_STEP][PASSED] - Statement - tester = com.kms.katalon.core.testobject.ObjectRepository.findTestObject(Final Object Repo/Landing Page/Select to English): Finding Test Object with id 'Object Repository/Final Object Repo/Landing Page/Select to English'

2018-12-06 23:40:15 - [TEST_STEP][PASSED] - Statement - Try: Delayed 2 second(s)

2018-12-06 23:40:15 - [TEST_STEP][PASSED] - Statement - Checker = com.kms.katalon.core.webui.keyword.WebUiBuiltInKeywords.verifyElementNotPresent(tester, 3): Web element with id: 'Object Repository/Final Object Repo/Landing Page/Select to English' located by 'By.xpath: //a[@class = 'taglib-language-list-text' and @lang = 'en-US' and (contains(text(), 'EN') or contains(., 'EN'))]' is not present after '3' second(s)

2018-12-06 23:40:17 - [MESSAGE][PASSED] - Web element with id: 'Object Repository/Final Object Repo/Landing Page/Select to English' located by 'By.xpath: //a[@class = 'taglib-language-list-text' and @lang = 'en-US' and (contains(text(), 'EN') or contains(., 'EN'))]' is not present after '3' second(s)

2018-12-06 23:40:17 - [TEST_STEP][PASSED] - Statement - If (Checker == false): null

2018-12-06 23:40:17 - [TEST_STEP][PASSED] - delay: Delayed 2 second(s)

2018-12-06 23:40:19 - [MESSAGE][PASSED] - Delayed 2 second(s)

2018-12-06 23:40:19 - [TEST_STEP][PASSED] - delay: Delayed 5 second(s)

2018-12-06 23:40:24 - [MESSAGE][PASSED] - Delayed 5 second(s)

2018-12-06 23:40:24 - [TEST_STEP][PASSED] - mouseOver: Object: 'Object Repository/Final Object Repo/Landing Page/WorkFlow Menu' is hovered

2018-12-06 23:40:24 - [MESSAGE][PASSED] - Object: 'Object Repository/Final Object Repo/Landing Page/WorkFlow Menu' is hovered

2018-12-06 23:40:24 - [TEST_STEP][PASSED] - delay: Delayed 2 second(s)

2018-12-06 23:40:26 - [MESSAGE][PASSED] - Delayed 2 second(s)

2018-12-06 23:40:26 - [TEST_STEP][PASSED] - click: Object: 'Object Repository/Final Object Repo/Landing Page/Select to Workflow Listing' is clicked on

2018-12-06 23:40:27 - [MESSAGE][PASSED] - Object: 'Object Repository/Final Object Repo/Landing Page/Select to Workflow Listing' is clicked on

2018-12-06 23:40:27 - [TEST_STEP][PASSED] - delay: Delayed 2 second(s)

2018-12-06 23:40:29 - [MESSAGE][PASSED] - Delayed 2 second(s)

2018-12-06 23:40:29 - [TEST_STEP][PASSED] - click: Object: 'Object Repository/Final Object Repo/WorkFlow Listing Page/Search Information - To Put Ref No' is clicked on

2018-12-06 23:40:29 - [MESSAGE][PASSED] - Object: 'Object Repository/Final Object Repo/WorkFlow Listing Page/Search Information - To Put Ref No' is clicked on

2018-12-06 23:40:29 - [TEST_STEP][PASSED] - delay: Delayed 2 second(s)

2018-12-06 23:40:31 - [MESSAGE][PASSED] - Delayed 2 second(s)

2018-12-06 23:40:31 - [TEST_STEP][PASSED] - callTestCase: Call Test Case 'Test Cases/Final Aug 2018 - PKS Automation/Common/Reference Number Getter' successfully

2018-12-06 23:40:31 - [TEST_CASE][PASSED] - Test Cases/Final Aug 2018 - PKS Automation/Common/Reference Number Getter: Test Cases/Final Aug 2018 - PKS Automation/Common/Reference Number Getter

2018-12-06 23:40:31 - [TEST_STEP][PASSED] - Statement - Try: null

2018-12-06 23:40:31 - [TEST_STEP][PASSED] - Statement - RefNo = new java.io.File(C://Users//Admin//Desktop//PKS//Automation Reference Point//KatalonReference.txt): null

2018-12-06 23:40:31 - [TEST_STEP][PASSED] - Statement - bufferread = new java.io.BufferedReader(new java.io.FileReader(RefNo)): null

2018-12-06 23:40:31 - [TEST_STEP][PASSED] - Statement - readedVal = bufferread.readLine(): null

2018-12-06 23:40:31 - [TEST_STEP][PASSED] - Statement - out.println(CaseReferenceNo): null

2018-12-06 23:40:31 - [TEST_STEP][PASSED] - Statement - out.println(readedVal): null

2018-12-06 23:40:31 - [TEST_STEP][PASSED] - Statement - CaseReferenceNo = "": null

2018-12-06 23:40:31 - [TEST_STEP][PASSED] - Statement - CaseReferenceNo = readedVal: null

2018-12-06 23:40:31 - [MESSAGE][PASSED] - Call Test Case 'Test Cases/Final Aug 2018 - PKS Automation/Common/Reference Number Getter' successfully

2018-12-06 23:40:31 - [TEST_STEP][PASSED] - setText: Text 'CAN12201800002269' is set on object 'Object Repository/Final Object Repo/WorkFlow Listing Page/Ref No Set Text'

2018-12-06 23:40:32 - [MESSAGE][PASSED] - Text 'CAN12201800002269' is set on object 'Object Repository/Final Object Repo/WorkFlow Listing Page/Ref No Set Text'

2018-12-06 23:40:32 - [TEST_STEP][PASSED] - delay: Delayed 2 second(s)

2018-12-06 23:40:34 - [MESSAGE][PASSED] - Delayed 2 second(s)

2018-12-06 23:40:34 - [TEST_STEP][PASSED] - click: Object: 'Object Repository/Final Object Repo/WorkFlow Listing Page/Search Ref No Search Button' is clicked on

2018-12-06 23:40:34 - [MESSAGE][PASSED] - Object: 'Object Repository/Final Object Repo/WorkFlow Listing Page/Search Ref No Search Button' is clicked on

2018-12-06 23:40:34 - [TEST_STEP][PASSED] - delay: Delayed 6 second(s)

2018-12-06 23:40:40 - [MESSAGE][PASSED] - Delayed 6 second(s)

2018-12-06 23:40:40 - [TEST_STEP][PASSED] - click: Object: 'Object Repository/Final Object Repo/WorkFlow Listing Page/Click Continue Tooltip' is clicked on

2018-12-06 23:40:41 - [MESSAGE][PASSED] - Object: 'Object Repository/Final Object Repo/WorkFlow Listing Page/Click Continue Tooltip' is clicked on

2018-12-06 23:40:41 - [TEST_STEP][PASSED] - delay: Delayed 5 second(s)

2018-12-06 23:40:46 - [MESSAGE][PASSED] - Delayed 5 second(s)

2018-12-06 23:40:46 - [TEST_STEP][PASSED] - doubleClick: Object: 'Object Repository/Final Object Repo/WorkFlow Listing Page/Workflow Found - Listing 1' is double clicked on

2018-12-06 23:40:46 - [MESSAGE][PASSED] - Object: 'Object Repository/Final Object Repo/WorkFlow Listing Page/Workflow Found - Listing 1' is double clicked on

2018-12-06 23:40:46 - [TEST_STEP][PASSED] - Statement - println(OwnerID): null

2018-12-06 23:40:46 - [TEST_STEP][PASSED] - Statement - OwnerID = com.kms.katalon.core.webui.keyword.WebUiBuiltInKeywords.getText(com.kms.katalon.core.testobject.ObjectRepository.findTestObject(Final Object Repo/WorkFlow Listing Page/Workflow Found - Listing 1), STOP_ON_FAILURE): Text of object 'Object Repository/Final Object Repo/WorkFlow Listing Page/Workflow Found - Listing 1' is: 'KLpkrbo2'

2018-12-06 23:40:46 - [MESSAGE][PASSED] - Text of object 'Object Repository/Final Object Repo/WorkFlow Listing Page/Workflow Found - Listing 1' is: 'KLpkrbo2'

2018-12-06 23:40:46 - [TEST_STEP][PASSED] - Statement - OwnerID = OwnerID.toLowerCase() + "@gmail.com": null

2018-12-06 23:40:46 - [TEST_STEP][PASSED] - Statement - println(OwnerID): null

2018-12-06 23:40:46 - [TEST_STEP][PASSED] - delay: Delayed 2 second(s)

2018-12-06 23:40:48 - [MESSAGE][PASSED] - Delayed 2 second(s)

2018-12-06 23:40:48 - [MESSAGE][PASSED] - Call Test Case 'Test Cases/Final Aug 2018 - PKS Automation/Common/Workflow Owner Finder' successfully

2018-12-06 23:40:48 - [TEST_STEP][PASSED] - callTestCase: Call Test Case 'Test Cases/Final Aug 2018 - PKS Automation/Registration Module/Log Out/log out avoiding katalon tagging' successfully

2018-12-06 23:40:48 - [TEST_CASE][PASSED] - Test Cases/Final Aug 2018 - PKS Automation/Registration Module/Log Out/log out avoiding katalon tagging: Test Cases/Final Aug 2018 - PKS Automation/Registration Module/Log Out/log out avoiding katalon tagging

2018-12-06 23:40:48 - [TEST_STEP][PASSED] - navigateToUrl: Navigate to 'https://assist2-uat.perkeso.gov.my/c/portal/logout' successfully

2018-12-06 23:40:49 - [MESSAGE][PASSED] - Navigate to 'https://assist2-uat.perkeso.gov.my/c/portal/logout' successfully

2018-12-06 23:40:49 - [MESSAGE][PASSED] - Call Test Case 'Test Cases/Final Aug 2018 - PKS Automation/Registration Module/Log Out/log out avoiding katalon tagging' successfully

2018-12-06 23:40:49 - [TEST_STEP][PASSED] - delay: Delayed 2 second(s)

2018-12-06 23:40:51 - [MESSAGE][PASSED] - Delayed 2 second(s)

2018-12-06 23:40:51 - [TEST_STEP][PASSED] - setText: Text 'klpkrbo2@gmail.com' is set on object 'Object Repository/Final Object Repo/Page_Update Add New Employee - ASSIST/Email TextBox'

2018-12-06 23:40:51 - [MESSAGE][PASSED] - Text 'klpkrbo2@gmail.com' is set on object 'Object Repository/Final Object Repo/Page_Update Add New Employee - ASSIST/Email TextBox'

2018-12-06 23:40:51 - [TEST_STEP][PASSED] - click: Object: 'Object Repository/Final Object Repo/Page_Update Add New Employee - ASSIST/Next Button' is clicked on

2018-12-06 23:40:51 - [MESSAGE][PASSED] - Object: 'Object Repository/Final Object Repo/Page_Update Add New Employee - ASSIST/Next Button' is clicked on

2018-12-06 23:40:51 - [TEST_STEP][PASSED] - delay: Delayed 2 second(s)

2018-12-06 23:40:53 - [MESSAGE][PASSED] - Delayed 2 second(s)

2018-12-06 23:40:53 - [TEST_STEP][PASSED] - setText: Text 'Test1@3456789' is set on object 'Object Repository/Final Object Repo/Page_Update Add New Employee - ASSIST/Password TextBox'

2018-12-06 23:40:54 - [MESSAGE][PASSED] - Text 'Test1@3456789' is set on object 'Object Repository/Final Object Repo/Page_Update Add New Employee - ASSIST/Password TextBox'

2018-12-06 23:40:54 - [TEST_STEP][PASSED] - delay: Delayed 2 second(s)

2018-12-06 23:40:56 - [MESSAGE][PASSED] - Delayed 2 second(s)

2018-12-06 23:40:56 - [TEST_STEP][PASSED] - click: Object: 'Object Repository/Final Object Repo/Page_Update Add New Employee - ASSIST/Login Button' is clicked on

2018-12-06 23:40:56 - [MESSAGE][PASSED] - Object: 'Object Repository/Final Object Repo/Page_Update Add New Employee - ASSIST/Login Button' is clicked on

2018-12-06 23:40:56 - [TEST_STEP][PASSED] - delay: Delayed 4 second(s)

2018-12-06 23:41:00 - [MESSAGE][PASSED] - Delayed 4 second(s)

2018-12-06 23:41:00 - [TEST_STEP][PASSED] - Statement - Try: Delayed 2 second(s)

2018-12-06 23:41:00 - [TEST_STEP][PASSED] - Statement - Checker = false: null

2018-12-06 23:41:00 - [TEST_STEP][PASSED] - Statement - Checker = com.kms.katalon.core.webui.keyword.WebUiBuiltInKeywords.verifyElementHasAttribute(com.kms.katalon.core.testobject.ObjectRepository.findTestObject(Final Object Repo/Landing Page/BM Detecting), "href", 20, OPTIONAL): Object 'Object Repository/Final Object Repo/Landing Page/BM Detecting' has attribute 'href'

2018-12-06 23:41:00 - [MESSAGE][PASSED] - Object 'Object Repository/Final Object Repo/Landing Page/BM Detecting' has attribute 'href'

2018-12-06 23:41:00 - [TEST_STEP][PASSED] - Statement - out.println(Checker): null

2018-12-06 23:41:00 - [TEST_STEP][PASSED] - Statement - If (Checker == false): null

2018-12-06 23:41:00 - [TEST_STEP][PASSED] - Statement - Else: null

2018-12-06 23:41:00 - [TEST_STEP][PASSED] - delay: Delayed 2 second(s)

2018-12-06 23:41:02 - [MESSAGE][PASSED] - Delayed 2 second(s)

2018-12-06 23:41:02 - [TEST_STEP][PASSED] - delay: Delayed 4 second(s)

2018-12-06 23:41:06 - [MESSAGE][PASSED] - Delayed 4 second(s)

2018-12-06 23:41:06 - [TEST_STEP][PASSED] - click: Object: 'Object Repository/Final Object Repo/New Registration - Registration Module Pages/New Reg - OTC to RO/Special Case - All Related Objects/Expand to Search' is clicked on

2018-12-06 23:41:06 - [MESSAGE][PASSED] - Object: 'Object Repository/Final Object Repo/New Registration - Registration Module Pages/New Reg - OTC to RO/Special Case - All Related Objects/Expand to Search' is clicked on

2018-12-06 23:41:06 - [TEST_STEP][FAILED] - setText: Unable to set text 'CAN12201800002269' of object 'Object Repository/Final Object Repo/New Registration - Registration Module Pages/New Reg - OTC to RO/Special Case - All Related Objects/TextBox RefNo in Workbasket' (Root cause: org.openqa.selenium.ElementNotVisibleException: element not interactable
  (Session info: chrome=70.0.3538.110)
  (Driver info: chromedriver=2.43.600210 (68dcf5eebde37173d4027fa8635e332711d2874a),platform=Windows NT 6.1.7601 SP1 x86_64) (WARNING: The server did not provide any stacktrace information)
Command duration or timeout: 0 milliseconds
Build info: version: '3.7.1', revision: '8a0099a', time: '2017-11-06T21:07:36.161Z'
System info: host: 'WIN7TEST02', ip: '10.20.3.72', os.name: 'Windows 7', os.arch: 'amd64', os.version: '6.1', java.version: '1.8.0_181'
Driver info: com.kms.katalon.selenium.driver.CChromeDriver
Capabilities {acceptInsecureCerts: false, acceptSslCerts: false, applicationCacheEnabled: false, browserConnectionEnabled: false, browserName: chrome, chrome: {chromedriverVersion: 2.43.600210 (68dcf5eebde371..., userDataDir: C:\Users\Admin\AppData\Loca...}, cssSelectorsEnabled: true, databaseEnabled: false, goog:chromeOptions: {debuggerAddress: localhost:62434}, handlesAlerts: true, hasTouchScreen: false, javascriptEnabled: true, locationContextEnabled: true, mobileEmulationEnabled: false, nativeEvents: true, networkConnectionEnabled: false, pageLoadStrategy: normal, platform: XP, platformName: XP, rotatable: false, setWindowRect: true, takesHeapSnapshot: true, takesScreenshot: true, unexpectedAlertBehaviour: , unhandledPromptBehavior: , version: 70.0.3538.110, webStorageEnabled: true}
Session ID: d00282b62946cec69a83bfeadc22e1ee)

2018-12-06 23:41:07 - [MESSAGE][FAILED] - Unable to set text 'CAN12201800002269' of object 'Object Repository/Final Object Repo/New Registration - Registration Module Pages/New Reg - OTC to RO/Special Case - All Related Objects/TextBox RefNo in Workbasket' (Root cause: org.openqa.selenium.ElementNotVisibleException: element not interactable
  (Session info: chrome=70.0.3538.110)
  (Driver info: chromedriver=2.43.600210 (68dcf5eebde37173d4027fa8635e332711d2874a),platform=Windows NT 6.1.7601 SP1 x86_64) (WARNING: The server did not provide any stacktrace information)
Command duration or timeout: 0 milliseconds
Build info: version: '3.7.1', revision: '8a0099a', time: '2017-11-06T21:07:36.161Z'
System info: host: 'WIN7TEST02', ip: '10.20.3.72', os.name: 'Windows 7', os.arch: 'amd64', os.version: '6.1', java.version: '1.8.0_181'
Driver info: com.kms.katalon.selenium.driver.CChromeDriver
Capabilities {acceptInsecureCerts: false, acceptSslCerts: false, applicationCacheEnabled: false, browserConnectionEnabled: false, browserName: chrome, chrome: {chromedriverVersion: 2.43.600210 (68dcf5eebde371..., userDataDir: C:\Users\Admin\AppData\Loca...}, cssSelectorsEnabled: true, databaseEnabled: false, goog:chromeOptions: {debuggerAddress: localhost:62434}, handlesAlerts: true, hasTouchScreen: false, javascriptEnabled: true, locationContextEnabled: true, mobileEmulationEnabled: false, nativeEvents: true, networkConnectionEnabled: false, pageLoadStrategy: normal, platform: XP, platformName: XP, rotatable: false, setWindowRect: true, takesHeapSnapshot: true, takesScreenshot: true, unexpectedAlertBehaviour: , unhandledPromptBehavior: , version: 70.0.3538.110, webStorageEnabled: true}
Session ID: d00282b62946cec69a83bfeadc22e1ee)
[[ATTACHMENT|C:\\Users\\Admin\\Desktop\\PKS\\Perkeso Phase A\\Reports\\Workflow\\Update Add New Employee\\20181206_171415\\1544110866752.png]]

2018-12-06 23:41:07 - [TEST_STEP][PASSED] - delay: Delayed 2 second(s)

2018-12-06 23:41:09 - [MESSAGE][PASSED] - Delayed 2 second(s)

2018-12-06 23:41:09 - [TEST_STEP][PASSED] - click: Object: 'Object Repository/Final Object Repo/New Registration - Registration Module Pages/New Reg - OTC to RO/Special Case - All Related Objects/Click Search' is clicked on

2018-12-06 23:41:09 - [MESSAGE][PASSED] - Object: 'Object Repository/Final Object Repo/New Registration - Registration Module Pages/New Reg - OTC to RO/Special Case - All Related Objects/Click Search' is clicked on

2018-12-06 23:41:09 - [TEST_STEP][PASSED] - delay: Delayed 2 second(s)

2018-12-06 23:41:11 - [MESSAGE][PASSED] - Delayed 2 second(s)

2018-12-06 23:41:11 - [TEST_STEP][PASSED] - click: Object: 'Object Repository/Final Object Repo/New Registration - Registration Module Pages/New Reg - OTC to RO/Special Case - All Related Objects/Click to Continue Workflow' is clicked on

2018-12-06 23:41:15 - [MESSAGE][PASSED] - Object: 'Object Repository/Final Object Repo/New Registration - Registration Module Pages/New Reg - OTC to RO/Special Case - All Related Objects/Click to Continue Workflow' is clicked on

2018-12-06 23:41:15 - [TEST_STEP][PASSED] - delay: Delayed 10 second(s)

2018-12-06 23:41:25 - [MESSAGE][PASSED] - Delayed 10 second(s)

2018-12-06 23:41:25 - [TEST_STEP][PASSED] - click: Object: 'Object Repository/Final Object Repo/Page_Update Add New Employee - ASSIST/Save  Continue Button' is clicked on

2018-12-06 23:41:25 - [MESSAGE][PASSED] - Object: 'Object Repository/Final Object Repo/Page_Update Add New Employee - ASSIST/Save  Continue Button' is clicked on

2018-12-06 23:41:25 - [TEST_STEP][PASSED] - delay: Delayed 4 second(s)

2018-12-06 23:41:29 - [MESSAGE][PASSED] - Delayed 4 second(s)

2018-12-06 23:41:29 - [TEST_STEP][PASSED] - click: Object: 'Object Repository/Final Object Repo/Page_Update Add New Employee - ASSIST/Save  Continue Third Screen' is clicked on

2018-12-06 23:41:32 - [MESSAGE][PASSED] - Object: 'Object Repository/Final Object Repo/Page_Update Add New Employee - ASSIST/Save  Continue Third Screen' is clicked on

2018-12-06 23:41:32 - [TEST_STEP][PASSED] - delay: Delayed 4 second(s)

2018-12-06 23:41:36 - [MESSAGE][PASSED] - Delayed 4 second(s)

2018-12-06 23:41:36 - [TEST_STEP][PASSED] - click: Object: 'Object Repository/Final Object Repo/Page_Update Add New Employee - ASSIST/Save   Continue Supporting Doc Page' is clicked on

2018-12-06 23:41:36 - [MESSAGE][PASSED] - Object: 'Object Repository/Final Object Repo/Page_Update Add New Employee - ASSIST/Save   Continue Supporting Doc Page' is clicked on

2018-12-06 23:41:36 - [TEST_STEP][PASSED] - delay: Delayed 4 second(s)

2018-12-06 23:41:40 - [MESSAGE][PASSED] - Delayed 4 second(s)

2018-12-06 23:41:40 - [TEST_STEP][PASSED] - click: Object: 'Object Repository/Final Object Repo/Page_Update Add New Employee - ASSIST/Submit Button' is clicked on

2018-12-06 23:41:40 - [MESSAGE][PASSED] - Object: 'Object Repository/Final Object Repo/Page_Update Add New Employee - ASSIST/Submit Button' is clicked on

2018-12-06 23:41:40 - [TEST_STEP][PASSED] - delay: Delayed 4 second(s)

2018-12-06 23:41:44 - [MESSAGE][PASSED] - Delayed 4 second(s)

2018-12-06 23:41:44 - [TEST_STEP][PASSED] - click: Object: 'Object Repository/Final Object Repo/Page_Update Add New Employee - ASSIST/Confirm Submit Button' is clicked on

2018-12-06 23:41:44 - [MESSAGE][PASSED] - Object: 'Object Repository/Final Object Repo/Page_Update Add New Employee - ASSIST/Confirm Submit Button' is clicked on

2018-12-06 23:41:44 - [TEST_STEP][PASSED] - delay: Delayed 30 second(s)

2018-12-06 23:42:14 - [MESSAGE][PASSED] - Delayed 30 second(s)

2018-12-06 23:42:14 - [TEST_STEP][PASSED] - callTestCase: Call Test Case 'Test Cases/Final Aug 2018 - PKS Automation/Common/Screenshoting tool' successfully

2018-12-06 23:42:14 - [TEST_CASE][PASSED] - Test Cases/Final Aug 2018 - PKS Automation/Common/Screenshoting tool: Test Cases/Final Aug 2018 - PKS Automation/Common/Screenshoting tool

2018-12-06 23:42:14 - [TEST_STEP][PASSED] - delay: Delayed 15 second(s)

2018-12-06 23:42:29 - [MESSAGE][PASSED] - Delayed 15 second(s)

2018-12-06 23:42:29 - [TEST_STEP][PASSED] - Statement - driver = com.kms.katalon.core.webui.driver.DriverFactory.getWebDriver(): null

2018-12-06 23:42:29 - [TEST_STEP][PASSED] - Statement - driver.manage().timeouts().implicitlyWait(10, SECONDS): null

2018-12-06 23:42:29 - [TEST_STEP][PASSED] - Statement - PresavePath = KatalonScreenshots: null

2018-12-06 23:42:29 - [TEST_STEP][PASSED] - Statement - pathPrefix = "C:\Users\Public\Pictures\Sample Pictures\Katalon Screenshots\Automate Ending Screen": null

2018-12-06 23:42:29 - [TEST_STEP][PASSED] - Statement - finalPath = <not implemented yet for class: org.codehaus.groovy.ast.expr.EmptyExpression>: null

2018-12-06 23:42:29 - [TEST_STEP][PASSED] - Statement - scrFile = driver.getScreenshotAs(FILE): null

2018-12-06 23:42:30 - [TEST_STEP][PASSED] - Statement - PreSaveFile = new java.io.File(PresavePath): null

2018-12-06 23:42:30 - [TEST_STEP][PASSED] - Statement - counter = 0: null

2018-12-06 23:42:30 - [TEST_STEP][PASSED] - Statement - If (PreSaveFile.exists()): null

2018-12-06 23:42:30 - [TEST_STEP][PASSED] - Statement - While (PreSaveFile.exists()): null

2018-12-06 23:42:30 - [TEST_STEP][PASSED] - Statement - counter = counter + 1: null

2018-12-06 23:42:30 - [TEST_STEP][PASSED] - Statement - PreSaveFile = new java.io.File(((pathPrefix + java.lang.Integer.toString(counter)) + .png)): null

2018-12-06 23:42:30 - [TEST_STEP][PASSED] - Statement - counter = counter + 1: null

2018-12-06 23:42:30 - [TEST_STEP][PASSED] - Statement - PreSaveFile = new java.io.File(((pathPrefix + java.lang.Integer.toString(counter)) + .png)): null

2018-12-06 23:42:30 - [TEST_STEP][PASSED] - Statement - counter = counter + 1: null

2018-12-06 23:42:30 - [TEST_STEP][PASSED] - Statement - PreSaveFile = new java.io.File(((pathPrefix + java.lang.Integer.toString(counter)) + .png)): null

2018-12-06 23:42:30 - [TEST_STEP][PASSED] - Statement - counter = counter + 1: null

2018-12-06 23:42:30 - [TEST_STEP][PASSED] - Statement - PreSaveFile = new java.io.File(((pathPrefix + java.lang.Integer.toString(counter)) + .png)): null

2018-12-06 23:42:30 - [TEST_STEP][PASSED] - Statement - counter = counter + 1: null

2018-12-06 23:42:30 - [TEST_STEP][PASSED] - Statement - PreSaveFile = new java.io.File(((pathPrefix + java.lang.Integer.toString(counter)) + .png)): null

2018-12-06 23:42:30 - [TEST_STEP][PASSED] - Statement - counter = counter + 1: null

2018-12-06 23:42:30 - [TEST_STEP][PASSED] - Statement - PreSaveFile = new java.io.File(((pathPrefix + java.lang.Integer.toString(counter)) + .png)): null

2018-12-06 23:42:30 - [TEST_STEP][PASSED] - Statement - counter = counter + 1: null

2018-12-06 23:42:30 - [TEST_STEP][PASSED] - Statement - PreSaveFile = new java.io.File(((pathPrefix + java.lang.Integer.toString(counter)) + .png)): null

2018-12-06 23:42:30 - [TEST_STEP][PASSED] - Statement - counter = counter + 1: null

2018-12-06 23:42:30 - [TEST_STEP][PASSED] - Statement - PreSaveFile = new java.io.File(((pathPrefix + java.lang.Integer.toString(counter)) + .png)): null

2018-12-06 23:42:30 - [TEST_STEP][PASSED] - Statement - counter = counter + 1: null

2018-12-06 23:42:30 - [TEST_STEP][PASSED] - Statement - PreSaveFile = new java.io.File(((pathPrefix + java.lang.Integer.toString(counter)) + .png)): null

2018-12-06 23:42:30 - [TEST_STEP][PASSED] - Statement - counter = counter + 1: null

2018-12-06 23:42:30 - [TEST_STEP][PASSED] - Statement - PreSaveFile = new java.io.File(((pathPrefix + java.lang.Integer.toString(counter)) + .png)): null

2018-12-06 23:42:30 - [TEST_STEP][PASSED] - Statement - counter = counter + 1: null

2018-12-06 23:42:30 - [TEST_STEP][PASSED] - Statement - PreSaveFile = new java.io.File(((pathPrefix + java.lang.Integer.toString(counter)) + .png)): null

2018-12-06 23:42:30 - [TEST_STEP][PASSED] - Statement - counter = counter + 1: null

2018-12-06 23:42:30 - [TEST_STEP][PASSED] - Statement - PreSaveFile = new java.io.File(((pathPrefix + java.lang.Integer.toString(counter)) + .png)): null

2018-12-06 23:42:30 - [TEST_STEP][PASSED] - Statement - counter = counter + 1: null

2018-12-06 23:42:30 - [TEST_STEP][PASSED] - Statement - PreSaveFile = new java.io.File(((pathPrefix + java.lang.Integer.toString(counter)) + .png)): null

2018-12-06 23:42:30 - [TEST_STEP][PASSED] - Statement - counter = counter + 1: null

2018-12-06 23:42:30 - [TEST_STEP][PASSED] - Statement - PreSaveFile = new java.io.File(((pathPrefix + java.lang.Integer.toString(counter)) + .png)): null

2018-12-06 23:42:30 - [TEST_STEP][PASSED] - Statement - counter = counter + 1: null

2018-12-06 23:42:30 - [TEST_STEP][PASSED] - Statement - PreSaveFile = new java.io.File(((pathPrefix + java.lang.Integer.toString(counter)) + .png)): null

2018-12-06 23:42:30 - [TEST_STEP][PASSED] - Statement - counter = counter + 1: null

2018-12-06 23:42:30 - [TEST_STEP][PASSED] - Statement - PreSaveFile = new java.io.File(((pathPrefix + java.lang.Integer.toString(counter)) + .png)): null

2018-12-06 23:42:30 - [TEST_STEP][PASSED] - Statement - counter = counter + 1: null

2018-12-06 23:42:30 - [TEST_STEP][PASSED] - Statement - PreSaveFile = new java.io.File(((pathPrefix + java.lang.Integer.toString(counter)) + .png)): null

2018-12-06 23:42:30 - [TEST_STEP][PASSED] - Statement - counter = counter + 1: null

2018-12-06 23:42:30 - [TEST_STEP][PASSED] - Statement - PreSaveFile = new java.io.File(((pathPrefix + java.lang.Integer.toString(counter)) + .png)): null

2018-12-06 23:42:30 - [TEST_STEP][PASSED] - Statement - counter = counter + 1: null

2018-12-06 23:42:30 - [TEST_STEP][PASSED] - Statement - PreSaveFile = new java.io.File(((pathPrefix + java.lang.Integer.toString(counter)) + .png)): null

2018-12-06 23:42:30 - [TEST_STEP][PASSED] - Statement - counter = counter + 1: null

2018-12-06 23:42:30 - [TEST_STEP][PASSED] - Statement - PreSaveFile = new java.io.File(((pathPrefix + java.lang.Integer.toString(counter)) + .png)): null

2018-12-06 23:42:30 - [TEST_STEP][PASSED] - Statement - counter = counter + 1: null

2018-12-06 23:42:30 - [TEST_STEP][PASSED] - Statement - PreSaveFile = new java.io.File(((pathPrefix + java.lang.Integer.toString(counter)) + .png)): null

2018-12-06 23:42:30 - [TEST_STEP][PASSED] - Statement - counter = counter + 1: null

2018-12-06 23:42:30 - [TEST_STEP][PASSED] - Statement - PreSaveFile = new java.io.File(((pathPrefix + java.lang.Integer.toString(counter)) + .png)): null

2018-12-06 23:42:30 - [TEST_STEP][PASSED] - Statement - counter = counter + 1: null

2018-12-06 23:42:30 - [TEST_STEP][PASSED] - Statement - PreSaveFile = new java.io.File(((pathPrefix + java.lang.Integer.toString(counter)) + .png)): null

2018-12-06 23:42:30 - [TEST_STEP][PASSED] - Statement - counter = counter + 1: null

2018-12-06 23:42:30 - [TEST_STEP][PASSED] - Statement - PreSaveFile = new java.io.File(((pathPrefix + java.lang.Integer.toString(counter)) + .png)): null

2018-12-06 23:42:30 - [TEST_STEP][PASSED] - Statement - counter = counter + 1: null

2018-12-06 23:42:30 - [TEST_STEP][PASSED] - Statement - PreSaveFile = new java.io.File(((pathPrefix + java.lang.Integer.toString(counter)) + .png)): null

2018-12-06 23:42:30 - [TEST_STEP][PASSED] - Statement - counter = counter + 1: null

2018-12-06 23:42:30 - [TEST_STEP][PASSED] - Statement - PreSaveFile = new java.io.File(((pathPrefix + java.lang.Integer.toString(counter)) + .png)): null

2018-12-06 23:42:30 - [TEST_STEP][PASSED] - Statement - counter = counter + 1: null

2018-12-06 23:42:30 - [TEST_STEP][PASSED] - Statement - PreSaveFile = new java.io.File(((pathPrefix + java.lang.Integer.toString(counter)) + .png)): null

2018-12-06 23:42:30 - [TEST_STEP][PASSED] - Statement - counter = counter + 1: null

2018-12-06 23:42:30 - [TEST_STEP][PASSED] - Statement - PreSaveFile = new java.io.File(((pathPrefix + java.lang.Integer.toString(counter)) + .png)): null

2018-12-06 23:42:30 - [TEST_STEP][PASSED] - Statement - counter = counter + 1: null

2018-12-06 23:42:30 - [TEST_STEP][PASSED] - Statement - PreSaveFile = new java.io.File(((pathPrefix + java.lang.Integer.toString(counter)) + .png)): null

2018-12-06 23:42:30 - [TEST_STEP][PASSED] - Statement - counter = counter + 1: null

2018-12-06 23:42:30 - [TEST_STEP][PASSED] - Statement - PreSaveFile = new java.io.File(((pathPrefix + java.lang.Integer.toString(counter)) + .png)): null

2018-12-06 23:42:30 - [TEST_STEP][PASSED] - Statement - counter = counter + 1: null

2018-12-06 23:42:30 - [TEST_STEP][PASSED] - Statement - PreSaveFile = new java.io.File(((pathPrefix + java.lang.Integer.toString(counter)) + .png)): null

2018-12-06 23:42:30 - [TEST_STEP][PASSED] - Statement - counter = counter + 1: null

2018-12-06 23:42:30 - [TEST_STEP][PASSED] - Statement - PreSaveFile = new java.io.File(((pathPrefix + java.lang.Integer.toString(counter)) + .png)): null

2018-12-06 23:42:30 - [TEST_STEP][PASSED] - Statement - counter = counter + 1: null

2018-12-06 23:42:30 - [TEST_STEP][PASSED] - Statement - PreSaveFile = new java.io.File(((pathPrefix + java.lang.Integer.toString(counter)) + .png)): null

2018-12-06 23:42:30 - [TEST_STEP][PASSED] - Statement - counter = counter + 1: null

2018-12-06 23:42:30 - [TEST_STEP][PASSED] - Statement - PreSaveFile = new java.io.File(((pathPrefix + java.lang.Integer.toString(counter)) + .png)): null

2018-12-06 23:42:30 - [TEST_STEP][PASSED] - Statement - counter = counter + 1: null

2018-12-06 23:42:30 - [TEST_STEP][PASSED] - Statement - PreSaveFile = new java.io.File(((pathPrefix + java.lang.Integer.toString(counter)) + .png)): null

2018-12-06 23:42:30 - [TEST_STEP][PASSED] - Statement - counter = counter + 1: null

2018-12-06 23:42:30 - [TEST_STEP][PASSED] - Statement - PreSaveFile = new java.io.File(((pathPrefix + java.lang.Integer.toString(counter)) + .png)): null

2018-12-06 23:42:30 - [TEST_STEP][PASSED] - Statement - counter = counter + 1: null

2018-12-06 23:42:30 - [TEST_STEP][PASSED] - Statement - PreSaveFile = new java.io.File(((pathPrefix + java.lang.Integer.toString(counter)) + .png)): null

2018-12-06 23:42:30 - [TEST_STEP][PASSED] - Statement - counter = counter + 1: null

2018-12-06 23:42:30 - [TEST_STEP][PASSED] - Statement - PreSaveFile = new java.io.File(((pathPrefix + java.lang.Integer.toString(counter)) + .png)): null

2018-12-06 23:42:30 - [TEST_STEP][PASSED] - Statement - counter = counter + 1: null

2018-12-06 23:42:30 - [TEST_STEP][PASSED] - Statement - PreSaveFile = new java.io.File(((pathPrefix + java.lang.Integer.toString(counter)) + .png)): null

2018-12-06 23:42:30 - [TEST_STEP][PASSED] - Statement - counter = counter + 1: null

2018-12-06 23:42:30 - [TEST_STEP][PASSED] - Statement - PreSaveFile = new java.io.File(((pathPrefix + java.lang.Integer.toString(counter)) + .png)): null

2018-12-06 23:42:30 - [TEST_STEP][PASSED] - Statement - counter = counter + 1: null

2018-12-06 23:42:30 - [TEST_STEP][PASSED] - Statement - PreSaveFile = new java.io.File(((pathPrefix + java.lang.Integer.toString(counter)) + .png)): null

2018-12-06 23:42:30 - [TEST_STEP][PASSED] - Statement - counter = counter + 1: null

2018-12-06 23:42:30 - [TEST_STEP][PASSED] - Statement - PreSaveFile = new java.io.File(((pathPrefix + java.lang.Integer.toString(counter)) + .png)): null

2018-12-06 23:42:30 - [TEST_STEP][PASSED] - Statement - counter = counter + 1: null

2018-12-06 23:42:30 - [TEST_STEP][PASSED] - Statement - PreSaveFile = new java.io.File(((pathPrefix + java.lang.Integer.toString(counter)) + .png)): null

2018-12-06 23:42:30 - [TEST_STEP][PASSED] - Statement - counter = counter + 1: null

2018-12-06 23:42:30 - [TEST_STEP][PASSED] - Statement - PreSaveFile = new java.io.File(((pathPrefix + java.lang.Integer.toString(counter)) + .png)): null

2018-12-06 23:42:30 - [TEST_STEP][PASSED] - Statement - counter = counter + 1: null

2018-12-06 23:42:30 - [TEST_STEP][PASSED] - Statement - PreSaveFile = new java.io.File(((pathPrefix + java.lang.Integer.toString(counter)) + .png)): null

2018-12-06 23:42:30 - [TEST_STEP][PASSED] - Statement - counter = counter + 1: null

2018-12-06 23:42:30 - [TEST_STEP][PASSED] - Statement - PreSaveFile = new java.io.File(((pathPrefix + java.lang.Integer.toString(counter)) + .png)): null

2018-12-06 23:42:30 - [TEST_STEP][PASSED] - Statement - counter = counter + 1: null

2018-12-06 23:42:30 - [TEST_STEP][PASSED] - Statement - PreSaveFile = new java.io.File(((pathPrefix + java.lang.Integer.toString(counter)) + .png)): null

2018-12-06 23:42:30 - [TEST_STEP][PASSED] - Statement - counter = counter + 1: null

2018-12-06 23:42:30 - [TEST_STEP][PASSED] - Statement - PreSaveFile = new java.io.File(((pathPrefix + java.lang.Integer.toString(counter)) + .png)): null

2018-12-06 23:42:30 - [TEST_STEP][PASSED] - Statement - counter = counter + 1: null

2018-12-06 23:42:30 - [TEST_STEP][PASSED] - Statement - PreSaveFile = new java.io.File(((pathPrefix + java.lang.Integer.toString(counter)) + .png)): null

2018-12-06 23:42:30 - [TEST_STEP][PASSED] - Statement - counter = counter + 1: null

2018-12-06 23:42:30 - [TEST_STEP][PASSED] - Statement - PreSaveFile = new java.io.File(((pathPrefix + java.lang.Integer.toString(counter)) + .png)): null

2018-12-06 23:42:30 - [TEST_STEP][PASSED] - Statement - counter = counter + 1: null

2018-12-06 23:42:30 - [TEST_STEP][PASSED] - Statement - PreSaveFile = new java.io.File(((pathPrefix + java.lang.Integer.toString(counter)) + .png)): null

2018-12-06 23:42:30 - [TEST_STEP][PASSED] - Statement - counter = counter + 1: null

2018-12-06 23:42:30 - [TEST_STEP][PASSED] - Statement - PreSaveFile = new java.io.File(((pathPrefix + java.lang.Integer.toString(counter)) + .png)): null

2018-12-06 23:42:30 - [TEST_STEP][PASSED] - Statement - counter = counter + 1: null

2018-12-06 23:42:30 - [TEST_STEP][PASSED] - Statement - PreSaveFile = new java.io.File(((pathPrefix + java.lang.Integer.toString(counter)) + .png)): null

2018-12-06 23:42:30 - [TEST_STEP][PASSED] - Statement - counter = counter + 1: null

2018-12-06 23:42:30 - [TEST_STEP][PASSED] - Statement - PreSaveFile = new java.io.File(((pathPrefix + java.lang.Integer.toString(counter)) + .png)): null

2018-12-06 23:42:30 - [TEST_STEP][PASSED] - Statement - counter = counter + 1: null

2018-12-06 23:42:30 - [TEST_STEP][PASSED] - Statement - PreSaveFile = new java.io.File(((pathPrefix + java.lang.Integer.toString(counter)) + .png)): null

2018-12-06 23:42:30 - [TEST_STEP][PASSED] - Statement - counter = counter + 1: null

2018-12-06 23:42:30 - [TEST_STEP][PASSED] - Statement - PreSaveFile = new java.io.File(((pathPrefix + java.lang.Integer.toString(counter)) + .png)): null

2018-12-06 23:42:30 - [TEST_STEP][PASSED] - Statement - counter = counter + 1: null

2018-12-06 23:42:30 - [TEST_STEP][PASSED] - Statement - PreSaveFile = new java.io.File(((pathPrefix + java.lang.Integer.toString(counter)) + .png)): null

2018-12-06 23:42:30 - [TEST_STEP][PASSED] - Statement - counter = counter + 1: null

2018-12-06 23:42:30 - [TEST_STEP][PASSED] - Statement - PreSaveFile = new java.io.File(((pathPrefix + java.lang.Integer.toString(counter)) + .png)): null

2018-12-06 23:42:30 - [TEST_STEP][PASSED] - Statement - finalPath = pathPrefix + java.lang.Integer.toString(counter) + ".png": null

2018-12-06 23:42:30 - [TEST_STEP][PASSED] - Statement - SaveFile = new java.io.File(finalPath): null

2018-12-06 23:42:30 - [TEST_STEP][PASSED] - Statement - Try: null

2018-12-06 23:42:30 - [TEST_STEP][PASSED] - Statement - org.apache.commons.io.FileUtils.copyFile(scrFile, SaveFile): null

2018-12-06 23:42:30 - [TEST_STEP][PASSED] - Statement - out.println("file kept"): null

2018-12-06 23:42:30 - [TEST_STEP][PASSED] - delay: Delayed 10 second(s)

2018-12-06 23:42:40 - [MESSAGE][PASSED] - Delayed 10 second(s)

2018-12-06 23:42:40 - [MESSAGE][PASSED] - Call Test Case 'Test Cases/Final Aug 2018 - PKS Automation/Common/Screenshoting tool' successfully

2018-12-06 23:42:40 - [TEST_STEP][PASSED] - callTestCase: Call Test Case 'Test Cases/Final Aug 2018 - PKS Automation/Registration Module/Log Out/log out avoiding katalon tagging' successfully

2018-12-06 23:42:40 - [TEST_CASE][PASSED] - Test Cases/Final Aug 2018 - PKS Automation/Registration Module/Log Out/log out avoiding katalon tagging: Test Cases/Final Aug 2018 - PKS Automation/Registration Module/Log Out/log out avoiding katalon tagging

2018-12-06 23:42:40 - [TEST_STEP][PASSED] - navigateToUrl: Navigate to 'https://assist2-uat.perkeso.gov.my/c/portal/logout' successfully

2018-12-06 23:42:41 - [MESSAGE][PASSED] - Navigate to 'https://assist2-uat.perkeso.gov.my/c/portal/logout' successfully

2018-12-06 23:42:41 - [MESSAGE][PASSED] - Call Test Case 'Test Cases/Final Aug 2018 - PKS Automation/Registration Module/Log Out/log out avoiding katalon tagging' successfully

2018-12-06 23:42:41 - [TEST_STEP][PASSED] - callTestCase: Call Test Case 'Test Cases/Final Aug 2018 - PKS Automation/Common/Workflow Owner Finder' successfully

2018-12-06 23:42:41 - [TEST_CASE][PASSED] - Test Cases/Final Aug 2018 - PKS Automation/Common/Workflow Owner Finder: Test Cases/Final Aug 2018 - PKS Automation/Common/Workflow Owner Finder

2018-12-06 23:42:41 - [TEST_STEP][PASSED] - openBrowser: Browser is opened with url: ''

2018-12-06 23:42:41 - [MESSAGE][WARNING] - A browser is already opened. Closing browser and opening a new one

2018-12-06 23:42:45 - [MESSAGE][PASSED] - Browser is opened with url: ''

2018-12-06 23:42:45 - [TEST_STEP][PASSED] - navigateToUrl: Navigate to 'https://assist2-uat.perkeso.gov.my/login' successfully

2018-12-06 23:42:46 - [MESSAGE][PASSED] - Navigate to 'https://assist2-uat.perkeso.gov.my/login' successfully

2018-12-06 23:42:46 - [TEST_STEP][PASSED] - delay: Delayed 5 second(s)

2018-12-06 23:42:51 - [MESSAGE][PASSED] - Delayed 5 second(s)

2018-12-06 23:42:51 - [TEST_STEP][PASSED] - setText: Text 'test@liferay.com' is set on object 'Object Repository/Final Object Repo/Login Page/Internal User/Email Address'

2018-12-06 23:42:51 - [MESSAGE][PASSED] - Text 'test@liferay.com' is set on object 'Object Repository/Final Object Repo/Login Page/Internal User/Email Address'

2018-12-06 23:42:51 - [TEST_STEP][PASSED] - click: Object: 'Object Repository/Final Object Repo/Login Page/Internal User/Next Button' is clicked on

2018-12-06 23:42:51 - [MESSAGE][PASSED] - Object: 'Object Repository/Final Object Repo/Login Page/Internal User/Next Button' is clicked on

2018-12-06 23:42:51 - [TEST_STEP][PASSED] - delay: Delayed 2 second(s)

2018-12-06 23:42:53 - [MESSAGE][PASSED] - Delayed 2 second(s)

2018-12-06 23:42:53 - [TEST_STEP][PASSED] - setText: Text 'test' is set on object 'Object Repository/Final Object Repo/Login Page/Internal User/Password'

2018-12-06 23:42:53 - [MESSAGE][PASSED] - Text 'test' is set on object 'Object Repository/Final Object Repo/Login Page/Internal User/Password'

2018-12-06 23:42:53 - [TEST_STEP][PASSED] - delay: Delayed 2 second(s)

2018-12-06 23:42:55 - [MESSAGE][PASSED] - Delayed 2 second(s)

2018-12-06 23:42:55 - [TEST_STEP][PASSED] - click: Object: 'Object Repository/Final Object Repo/Login Page/Internal User/Login Button' is clicked on

2018-12-06 23:42:55 - [MESSAGE][PASSED] - Object: 'Object Repository/Final Object Repo/Login Page/Internal User/Login Button' is clicked on

2018-12-06 23:42:55 - [TEST_STEP][PASSED] - Statement - tester = com.kms.katalon.core.testobject.ObjectRepository.findTestObject(Final Object Repo/Landing Page/Select to English): Finding Test Object with id 'Object Repository/Final Object Repo/Landing Page/Select to English'

2018-12-06 23:42:55 - [TEST_STEP][PASSED] - Statement - Try: Delayed 2 second(s)

2018-12-06 23:42:55 - [TEST_STEP][PASSED] - Statement - Checker = com.kms.katalon.core.webui.keyword.WebUiBuiltInKeywords.verifyElementNotPresent(tester, 3): Web element with id: 'Object Repository/Final Object Repo/Landing Page/Select to English' located by 'By.xpath: //a[@class = 'taglib-language-list-text' and @lang = 'en-US' and (contains(text(), 'EN') or contains(., 'EN'))]' is not present after '3' second(s)

2018-12-06 23:42:57 - [MESSAGE][PASSED] - Web element with id: 'Object Repository/Final Object Repo/Landing Page/Select to English' located by 'By.xpath: //a[@class = 'taglib-language-list-text' and @lang = 'en-US' and (contains(text(), 'EN') or contains(., 'EN'))]' is not present after '3' second(s)

2018-12-06 23:42:57 - [TEST_STEP][PASSED] - Statement - If (Checker == false): null

2018-12-06 23:42:57 - [TEST_STEP][PASSED] - delay: Delayed 2 second(s)

2018-12-06 23:42:59 - [MESSAGE][PASSED] - Delayed 2 second(s)

2018-12-06 23:42:59 - [TEST_STEP][PASSED] - delay: Delayed 5 second(s)

2018-12-06 23:43:04 - [MESSAGE][PASSED] - Delayed 5 second(s)

2018-12-06 23:43:04 - [TEST_STEP][PASSED] - mouseOver: Object: 'Object Repository/Final Object Repo/Landing Page/WorkFlow Menu' is hovered

2018-12-06 23:43:05 - [MESSAGE][PASSED] - Object: 'Object Repository/Final Object Repo/Landing Page/WorkFlow Menu' is hovered

2018-12-06 23:43:05 - [TEST_STEP][PASSED] - delay: Delayed 2 second(s)

2018-12-06 23:43:07 - [MESSAGE][PASSED] - Delayed 2 second(s)

2018-12-06 23:43:07 - [TEST_STEP][PASSED] - click: Object: 'Object Repository/Final Object Repo/Landing Page/Select to Workflow Listing' is clicked on

2018-12-06 23:43:08 - [MESSAGE][PASSED] - Object: 'Object Repository/Final Object Repo/Landing Page/Select to Workflow Listing' is clicked on

2018-12-06 23:43:08 - [TEST_STEP][PASSED] - delay: Delayed 2 second(s)

2018-12-06 23:43:10 - [MESSAGE][PASSED] - Delayed 2 second(s)

2018-12-06 23:43:10 - [TEST_STEP][PASSED] - click: Object: 'Object Repository/Final Object Repo/WorkFlow Listing Page/Search Information - To Put Ref No' is clicked on

2018-12-06 23:43:10 - [MESSAGE][PASSED] - Object: 'Object Repository/Final Object Repo/WorkFlow Listing Page/Search Information - To Put Ref No' is clicked on

2018-12-06 23:43:10 - [TEST_STEP][PASSED] - delay: Delayed 2 second(s)

2018-12-06 23:43:12 - [MESSAGE][PASSED] - Delayed 2 second(s)

2018-12-06 23:43:12 - [TEST_STEP][PASSED] - callTestCase: Call Test Case 'Test Cases/Final Aug 2018 - PKS Automation/Common/Reference Number Getter' successfully

2018-12-06 23:43:12 - [TEST_CASE][PASSED] - Test Cases/Final Aug 2018 - PKS Automation/Common/Reference Number Getter: Test Cases/Final Aug 2018 - PKS Automation/Common/Reference Number Getter

2018-12-06 23:43:12 - [TEST_STEP][PASSED] - Statement - Try: null

2018-12-06 23:43:12 - [TEST_STEP][PASSED] - Statement - RefNo = new java.io.File(C://Users//Admin//Desktop//PKS//Automation Reference Point//KatalonReference.txt): null

2018-12-06 23:43:12 - [TEST_STEP][PASSED] - Statement - bufferread = new java.io.BufferedReader(new java.io.FileReader(RefNo)): null

2018-12-06 23:43:12 - [TEST_STEP][PASSED] - Statement - readedVal = bufferread.readLine(): null

2018-12-06 23:43:12 - [TEST_STEP][PASSED] - Statement - out.println(CaseReferenceNo): null

2018-12-06 23:43:12 - [TEST_STEP][PASSED] - Statement - out.println(readedVal): null

2018-12-06 23:43:12 - [TEST_STEP][PASSED] - Statement - CaseReferenceNo = "": null

2018-12-06 23:43:12 - [TEST_STEP][PASSED] - Statement - CaseReferenceNo = readedVal: null

2018-12-06 23:43:12 - [MESSAGE][PASSED] - Call Test Case 'Test Cases/Final Aug 2018 - PKS Automation/Common/Reference Number Getter' successfully

2018-12-06 23:43:12 - [TEST_STEP][PASSED] - setText: Text 'CAN12201800002269' is set on object 'Object Repository/Final Object Repo/WorkFlow Listing Page/Ref No Set Text'

2018-12-06 23:43:12 - [MESSAGE][PASSED] - Text 'CAN12201800002269' is set on object 'Object Repository/Final Object Repo/WorkFlow Listing Page/Ref No Set Text'

2018-12-06 23:43:12 - [TEST_STEP][PASSED] - delay: Delayed 2 second(s)

2018-12-06 23:43:14 - [MESSAGE][PASSED] - Delayed 2 second(s)

2018-12-06 23:43:14 - [TEST_STEP][PASSED] - click: Object: 'Object Repository/Final Object Repo/WorkFlow Listing Page/Search Ref No Search Button' is clicked on

2018-12-06 23:43:15 - [MESSAGE][PASSED] - Object: 'Object Repository/Final Object Repo/WorkFlow Listing Page/Search Ref No Search Button' is clicked on

2018-12-06 23:43:15 - [TEST_STEP][PASSED] - delay: Delayed 6 second(s)

2018-12-06 23:43:21 - [MESSAGE][PASSED] - Delayed 6 second(s)

2018-12-06 23:43:21 - [TEST_STEP][PASSED] - click: Object: 'Object Repository/Final Object Repo/WorkFlow Listing Page/Click Continue Tooltip' is clicked on

2018-12-06 23:43:21 - [MESSAGE][PASSED] - Object: 'Object Repository/Final Object Repo/WorkFlow Listing Page/Click Continue Tooltip' is clicked on

2018-12-06 23:43:21 - [TEST_STEP][PASSED] - delay: Delayed 5 second(s)

2018-12-06 23:43:26 - [MESSAGE][PASSED] - Delayed 5 second(s)

2018-12-06 23:43:26 - [TEST_STEP][PASSED] - doubleClick: Object: 'Object Repository/Final Object Repo/WorkFlow Listing Page/Workflow Found - Listing 1' is double clicked on

2018-12-06 23:43:27 - [MESSAGE][PASSED] - Object: 'Object Repository/Final Object Repo/WorkFlow Listing Page/Workflow Found - Listing 1' is double clicked on

2018-12-06 23:43:27 - [TEST_STEP][PASSED] - Statement - println(OwnerID): null

2018-12-06 23:43:27 - [TEST_STEP][PASSED] - Statement - OwnerID = com.kms.katalon.core.webui.keyword.WebUiBuiltInKeywords.getText(com.kms.katalon.core.testobject.ObjectRepository.findTestObject(Final Object Repo/WorkFlow Listing Page/Workflow Found - Listing 1), STOP_ON_FAILURE): Text of object 'Object Repository/Final Object Repo/WorkFlow Listing Page/Workflow Found - Listing 1' is: 'JOHORro1'

2018-12-06 23:43:27 - [MESSAGE][PASSED] - Text of object 'Object Repository/Final Object Repo/WorkFlow Listing Page/Workflow Found - Listing 1' is: 'JOHORro1'

2018-12-06 23:43:27 - [TEST_STEP][PASSED] - Statement - OwnerID = OwnerID.toLowerCase() + "@gmail.com": null

2018-12-06 23:43:27 - [TEST_STEP][PASSED] - Statement - println(OwnerID): null

2018-12-06 23:43:27 - [TEST_STEP][PASSED] - delay: Delayed 2 second(s)

2018-12-06 23:43:29 - [MESSAGE][PASSED] - Delayed 2 second(s)

2018-12-06 23:43:29 - [MESSAGE][PASSED] - Call Test Case 'Test Cases/Final Aug 2018 - PKS Automation/Common/Workflow Owner Finder' successfully

2018-12-06 23:43:29 - [TEST_STEP][PASSED] - callTestCase: Call Test Case 'Test Cases/Final Aug 2018 - PKS Automation/Registration Module/Log Out/log out avoiding katalon tagging' successfully

2018-12-06 23:43:29 - [TEST_CASE][PASSED] - Test Cases/Final Aug 2018 - PKS Automation/Registration Module/Log Out/log out avoiding katalon tagging: Test Cases/Final Aug 2018 - PKS Automation/Registration Module/Log Out/log out avoiding katalon tagging

2018-12-06 23:43:29 - [TEST_STEP][PASSED] - navigateToUrl: Navigate to 'https://assist2-uat.perkeso.gov.my/c/portal/logout' successfully

2018-12-06 23:43:30 - [MESSAGE][PASSED] - Navigate to 'https://assist2-uat.perkeso.gov.my/c/portal/logout' successfully

2018-12-06 23:43:30 - [MESSAGE][PASSED] - Call Test Case 'Test Cases/Final Aug 2018 - PKS Automation/Registration Module/Log Out/log out avoiding katalon tagging' successfully

2018-12-06 23:43:30 - [TEST_STEP][PASSED] - delay: Delayed 2 second(s)

2018-12-06 23:43:32 - [MESSAGE][PASSED] - Delayed 2 second(s)

2018-12-06 23:43:32 - [TEST_STEP][PASSED] - setText: Text 'johorro1@gmail.com' is set on object 'Object Repository/Final Object Repo/Page_Update Add New Employee - ASSIST/Email TextBox'

2018-12-06 23:43:32 - [MESSAGE][PASSED] - Text 'johorro1@gmail.com' is set on object 'Object Repository/Final Object Repo/Page_Update Add New Employee - ASSIST/Email TextBox'

2018-12-06 23:43:32 - [TEST_STEP][PASSED] - click: Object: 'Object Repository/Final Object Repo/Page_Update Add New Employee - ASSIST/Next Button' is clicked on

2018-12-06 23:43:32 - [MESSAGE][PASSED] - Object: 'Object Repository/Final Object Repo/Page_Update Add New Employee - ASSIST/Next Button' is clicked on

2018-12-06 23:43:32 - [TEST_STEP][PASSED] - delay: Delayed 2 second(s)

2018-12-06 23:43:34 - [MESSAGE][PASSED] - Delayed 2 second(s)

2018-12-06 23:43:34 - [TEST_STEP][PASSED] - setText: Text 'Test1@3456789' is set on object 'Object Repository/Final Object Repo/Page_Update Add New Employee - ASSIST/Password TextBox'

2018-12-06 23:43:34 - [MESSAGE][PASSED] - Text 'Test1@3456789' is set on object 'Object Repository/Final Object Repo/Page_Update Add New Employee - ASSIST/Password TextBox'

2018-12-06 23:43:34 - [TEST_STEP][PASSED] - delay: Delayed 2 second(s)

2018-12-06 23:43:36 - [MESSAGE][PASSED] - Delayed 2 second(s)

2018-12-06 23:43:36 - [TEST_STEP][PASSED] - click: Object: 'Object Repository/Final Object Repo/Page_Update Add New Employee - ASSIST/Login Button' is clicked on

2018-12-06 23:43:36 - [MESSAGE][PASSED] - Object: 'Object Repository/Final Object Repo/Page_Update Add New Employee - ASSIST/Login Button' is clicked on

2018-12-06 23:43:36 - [TEST_STEP][PASSED] - delay: Delayed 4 second(s)

2018-12-06 23:43:40 - [MESSAGE][PASSED] - Delayed 4 second(s)

2018-12-06 23:43:40 - [TEST_STEP][PASSED] - Statement - Try: Delayed 2 second(s)

2018-12-06 23:43:40 - [TEST_STEP][PASSED] - Statement - Checker = false: null

2018-12-06 23:43:40 - [TEST_STEP][PASSED] - Statement - Checker = com.kms.katalon.core.webui.keyword.WebUiBuiltInKeywords.verifyElementHasAttribute(com.kms.katalon.core.testobject.ObjectRepository.findTestObject(Final Object Repo/Landing Page/BM Detecting), "href", 20, OPTIONAL): Object 'Object Repository/Final Object Repo/Landing Page/BM Detecting' has attribute 'href'

2018-12-06 23:43:41 - [MESSAGE][PASSED] - Object 'Object Repository/Final Object Repo/Landing Page/BM Detecting' has attribute 'href'

2018-12-06 23:43:41 - [TEST_STEP][PASSED] - Statement - out.println(Checker): null

2018-12-06 23:43:41 - [TEST_STEP][PASSED] - Statement - If (Checker == false): null

2018-12-06 23:43:41 - [TEST_STEP][PASSED] - Statement - Else: null

2018-12-06 23:43:41 - [TEST_STEP][PASSED] - delay: Delayed 2 second(s)

2018-12-06 23:43:43 - [MESSAGE][PASSED] - Delayed 2 second(s)

2018-12-06 23:43:43 - [TEST_STEP][PASSED] - delay: Delayed 4 second(s)

2018-12-06 23:43:47 - [MESSAGE][PASSED] - Delayed 4 second(s)

2018-12-06 23:43:47 - [TEST_STEP][PASSED] - click: Object: 'Object Repository/Final Object Repo/New Registration - Registration Module Pages/New Reg - OTC to RO/Special Case - All Related Objects/Expand to Search' is clicked on

2018-12-06 23:43:47 - [MESSAGE][PASSED] - Object: 'Object Repository/Final Object Repo/New Registration - Registration Module Pages/New Reg - OTC to RO/Special Case - All Related Objects/Expand to Search' is clicked on

2018-12-06 23:43:47 - [TEST_STEP][FAILED] - setText: Unable to set text 'CAN12201800002269' of object 'Object Repository/Final Object Repo/New Registration - Registration Module Pages/New Reg - OTC to RO/Special Case - All Related Objects/TextBox RefNo in Workbasket' (Root cause: org.openqa.selenium.ElementNotVisibleException: element not interactable
  (Session info: chrome=70.0.3538.110)
  (Driver info: chromedriver=2.43.600210 (68dcf5eebde37173d4027fa8635e332711d2874a),platform=Windows NT 6.1.7601 SP1 x86_64) (WARNING: The server did not provide any stacktrace information)
Command duration or timeout: 0 milliseconds
Build info: version: '3.7.1', revision: '8a0099a', time: '2017-11-06T21:07:36.161Z'
System info: host: 'WIN7TEST02', ip: '10.20.3.72', os.name: 'Windows 7', os.arch: 'amd64', os.version: '6.1', java.version: '1.8.0_181'
Driver info: com.kms.katalon.selenium.driver.CChromeDriver
Capabilities {acceptInsecureCerts: false, acceptSslCerts: false, applicationCacheEnabled: false, browserConnectionEnabled: false, browserName: chrome, chrome: {chromedriverVersion: 2.43.600210 (68dcf5eebde371..., userDataDir: C:\Users\Admin\AppData\Loca...}, cssSelectorsEnabled: true, databaseEnabled: false, goog:chromeOptions: {debuggerAddress: localhost:62479}, handlesAlerts: true, hasTouchScreen: false, javascriptEnabled: true, locationContextEnabled: true, mobileEmulationEnabled: false, nativeEvents: true, networkConnectionEnabled: false, pageLoadStrategy: normal, platform: XP, platformName: XP, rotatable: false, setWindowRect: true, takesHeapSnapshot: true, takesScreenshot: true, unexpectedAlertBehaviour: , unhandledPromptBehavior: , version: 70.0.3538.110, webStorageEnabled: true}
Session ID: e0f9fe30f39cae7b3f2a97920e26cc1a)

2018-12-06 23:43:47 - [MESSAGE][FAILED] - Unable to set text 'CAN12201800002269' of object 'Object Repository/Final Object Repo/New Registration - Registration Module Pages/New Reg - OTC to RO/Special Case - All Related Objects/TextBox RefNo in Workbasket' (Root cause: org.openqa.selenium.ElementNotVisibleException: element not interactable
  (Session info: chrome=70.0.3538.110)
  (Driver info: chromedriver=2.43.600210 (68dcf5eebde37173d4027fa8635e332711d2874a),platform=Windows NT 6.1.7601 SP1 x86_64) (WARNING: The server did not provide any stacktrace information)
Command duration or timeout: 0 milliseconds
Build info: version: '3.7.1', revision: '8a0099a', time: '2017-11-06T21:07:36.161Z'
System info: host: 'WIN7TEST02', ip: '10.20.3.72', os.name: 'Windows 7', os.arch: 'amd64', os.version: '6.1', java.version: '1.8.0_181'
Driver info: com.kms.katalon.selenium.driver.CChromeDriver
Capabilities {acceptInsecureCerts: false, acceptSslCerts: false, applicationCacheEnabled: false, browserConnectionEnabled: false, browserName: chrome, chrome: {chromedriverVersion: 2.43.600210 (68dcf5eebde371..., userDataDir: C:\Users\Admin\AppData\Loca...}, cssSelectorsEnabled: true, databaseEnabled: false, goog:chromeOptions: {debuggerAddress: localhost:62479}, handlesAlerts: true, hasTouchScreen: false, javascriptEnabled: true, locationContextEnabled: true, mobileEmulationEnabled: false, nativeEvents: true, networkConnectionEnabled: false, pageLoadStrategy: normal, platform: XP, platformName: XP, rotatable: false, setWindowRect: true, takesHeapSnapshot: true, takesScreenshot: true, unexpectedAlertBehaviour: , unhandledPromptBehavior: , version: 70.0.3538.110, webStorageEnabled: true}
Session ID: e0f9fe30f39cae7b3f2a97920e26cc1a)
[[ATTACHMENT|C:\\Users\\Admin\\Desktop\\PKS\\Perkeso Phase A\\Reports\\Workflow\\Update Add New Employee\\20181206_171415\\1544111027282.png]]

2018-12-06 23:43:47 - [TEST_STEP][PASSED] - delay: Delayed 2 second(s)

2018-12-06 23:43:49 - [MESSAGE][PASSED] - Delayed 2 second(s)

2018-12-06 23:43:49 - [TEST_STEP][PASSED] - click: Object: 'Object Repository/Final Object Repo/New Registration - Registration Module Pages/New Reg - OTC to RO/Special Case - All Related Objects/Click Search' is clicked on

2018-12-06 23:43:49 - [MESSAGE][PASSED] - Object: 'Object Repository/Final Object Repo/New Registration - Registration Module Pages/New Reg - OTC to RO/Special Case - All Related Objects/Click Search' is clicked on

2018-12-06 23:43:49 - [TEST_STEP][PASSED] - delay: Delayed 2 second(s)

2018-12-06 23:43:51 - [MESSAGE][PASSED] - Delayed 2 second(s)

2018-12-06 23:43:51 - [TEST_STEP][PASSED] - click: Object: 'Object Repository/Final Object Repo/New Registration - Registration Module Pages/New Reg - OTC to RO/Special Case - All Related Objects/Click to Continue Workflow' is clicked on

2018-12-06 23:43:55 - [MESSAGE][PASSED] - Object: 'Object Repository/Final Object Repo/New Registration - Registration Module Pages/New Reg - OTC to RO/Special Case - All Related Objects/Click to Continue Workflow' is clicked on

2018-12-06 23:43:55 - [TEST_STEP][PASSED] - delay: Delayed 10 second(s)

2018-12-06 23:44:05 - [MESSAGE][PASSED] - Delayed 10 second(s)

2018-12-06 23:44:05 - [TEST_STEP][PASSED] - click: Object: 'Object Repository/Final Object Repo/New Registration - Registration Module Pages/New Reg - OTC to RO/Special Case - All Related Objects/Continue Button in verifying case' is clicked on

2018-12-06 23:44:09 - [MESSAGE][PASSED] - Object: 'Object Repository/Final Object Repo/New Registration - Registration Module Pages/New Reg - OTC to RO/Special Case - All Related Objects/Continue Button in verifying case' is clicked on

2018-12-06 23:44:09 - [TEST_STEP][PASSED] - delay: Delayed 2 second(s)

2018-12-06 23:44:11 - [MESSAGE][PASSED] - Delayed 2 second(s)

2018-12-06 23:44:11 - [TEST_STEP][PASSED] - click: Object: 'Object Repository/Final Object Repo/Page_Update Add New Employee - ASSIST/Save  Continue Button' is clicked on

2018-12-06 23:44:11 - [MESSAGE][PASSED] - Object: 'Object Repository/Final Object Repo/Page_Update Add New Employee - ASSIST/Save  Continue Button' is clicked on

2018-12-06 23:44:11 - [TEST_STEP][PASSED] - delay: Delayed 4 second(s)

2018-12-06 23:44:15 - [MESSAGE][PASSED] - Delayed 4 second(s)

2018-12-06 23:44:15 - [TEST_STEP][PASSED] - click: Object: 'Object Repository/Final Object Repo/Page_Update Add New Employee - ASSIST/Save  Continue Third Screen' is clicked on

2018-12-06 23:44:18 - [MESSAGE][PASSED] - Object: 'Object Repository/Final Object Repo/Page_Update Add New Employee - ASSIST/Save  Continue Third Screen' is clicked on

2018-12-06 23:44:18 - [TEST_STEP][PASSED] - delay: Delayed 4 second(s)

2018-12-06 23:44:22 - [MESSAGE][PASSED] - Delayed 4 second(s)

2018-12-06 23:44:22 - [TEST_STEP][PASSED] - click: Object: 'Object Repository/Final Object Repo/Page_Update Add New Employee - ASSIST/Save   Continue Supporting Doc Page' is clicked on

2018-12-06 23:44:22 - [MESSAGE][PASSED] - Object: 'Object Repository/Final Object Repo/Page_Update Add New Employee - ASSIST/Save   Continue Supporting Doc Page' is clicked on

2018-12-06 23:44:22 - [TEST_STEP][PASSED] - delay: Delayed 4 second(s)

2018-12-06 23:44:26 - [MESSAGE][PASSED] - Delayed 4 second(s)

2018-12-06 23:44:26 - [TEST_STEP][PASSED] - click: Object: 'Object Repository/Final Object Repo/Page_Update Add New Employee - ASSIST/Submit Button' is clicked on

2018-12-06 23:44:26 - [MESSAGE][PASSED] - Object: 'Object Repository/Final Object Repo/Page_Update Add New Employee - ASSIST/Submit Button' is clicked on

2018-12-06 23:44:26 - [TEST_STEP][PASSED] - delay: Delayed 4 second(s)

2018-12-06 23:44:30 - [MESSAGE][PASSED] - Delayed 4 second(s)

2018-12-06 23:44:30 - [TEST_STEP][PASSED] - click: Object: 'Object Repository/Final Object Repo/Page_Update Add New Employee - ASSIST/Confirm Submit Button' is clicked on

2018-12-06 23:44:30 - [MESSAGE][PASSED] - Object: 'Object Repository/Final Object Repo/Page_Update Add New Employee - ASSIST/Confirm Submit Button' is clicked on

2018-12-06 23:44:30 - [TEST_STEP][PASSED] - delay: Delayed 30 second(s)

2018-12-06 23:45:00 - [MESSAGE][PASSED] - Delayed 30 second(s)

2018-12-06 23:45:00 - [TEST_STEP][PASSED] - callTestCase: Call Test Case 'Test Cases/Final Aug 2018 - PKS Automation/Common/Screenshoting tool' successfully

2018-12-06 23:45:00 - [TEST_CASE][PASSED] - Test Cases/Final Aug 2018 - PKS Automation/Common/Screenshoting tool: Test Cases/Final Aug 2018 - PKS Automation/Common/Screenshoting tool

2018-12-06 23:45:00 - [TEST_STEP][PASSED] - delay: Delayed 15 second(s)

2018-12-06 23:45:15 - [MESSAGE][PASSED] - Delayed 15 second(s)

2018-12-06 23:45:15 - [TEST_STEP][PASSED] - Statement - driver = com.kms.katalon.core.webui.driver.DriverFactory.getWebDriver(): null

2018-12-06 23:45:15 - [TEST_STEP][PASSED] - Statement - driver.manage().timeouts().implicitlyWait(10, SECONDS): null

2018-12-06 23:45:15 - [TEST_STEP][PASSED] - Statement - PresavePath = KatalonScreenshots: null

2018-12-06 23:45:15 - [TEST_STEP][PASSED] - Statement - pathPrefix = "C:\Users\Public\Pictures\Sample Pictures\Katalon Screenshots\Automate Ending Screen": null

2018-12-06 23:45:15 - [TEST_STEP][PASSED] - Statement - finalPath = <not implemented yet for class: org.codehaus.groovy.ast.expr.EmptyExpression>: null

2018-12-06 23:45:15 - [TEST_STEP][PASSED] - Statement - scrFile = driver.getScreenshotAs(FILE): null

2018-12-06 23:45:16 - [TEST_STEP][PASSED] - Statement - PreSaveFile = new java.io.File(PresavePath): null

2018-12-06 23:45:16 - [TEST_STEP][PASSED] - Statement - counter = 0: null

2018-12-06 23:45:16 - [TEST_STEP][PASSED] - Statement - If (PreSaveFile.exists()): null

2018-12-06 23:45:16 - [TEST_STEP][PASSED] - Statement - While (PreSaveFile.exists()): null

2018-12-06 23:45:16 - [TEST_STEP][PASSED] - Statement - counter = counter + 1: null

2018-12-06 23:45:16 - [TEST_STEP][PASSED] - Statement - PreSaveFile = new java.io.File(((pathPrefix + java.lang.Integer.toString(counter)) + .png)): null

2018-12-06 23:45:16 - [TEST_STEP][PASSED] - Statement - counter = counter + 1: null

2018-12-06 23:45:16 - [TEST_STEP][PASSED] - Statement - PreSaveFile = new java.io.File(((pathPrefix + java.lang.Integer.toString(counter)) + .png)): null

2018-12-06 23:45:16 - [TEST_STEP][PASSED] - Statement - counter = counter + 1: null

2018-12-06 23:45:16 - [TEST_STEP][PASSED] - Statement - PreSaveFile = new java.io.File(((pathPrefix + java.lang.Integer.toString(counter)) + .png)): null

2018-12-06 23:45:16 - [TEST_STEP][PASSED] - Statement - counter = counter + 1: null

2018-12-06 23:45:16 - [TEST_STEP][PASSED] - Statement - PreSaveFile = new java.io.File(((pathPrefix + java.lang.Integer.toString(counter)) + .png)): null

2018-12-06 23:45:16 - [TEST_STEP][PASSED] - Statement - counter = counter + 1: null

2018-12-06 23:45:16 - [TEST_STEP][PASSED] - Statement - PreSaveFile = new java.io.File(((pathPrefix + java.lang.Integer.toString(counter)) + .png)): null

2018-12-06 23:45:16 - [TEST_STEP][PASSED] - Statement - counter = counter + 1: null

2018-12-06 23:45:16 - [TEST_STEP][PASSED] - Statement - PreSaveFile = new java.io.File(((pathPrefix + java.lang.Integer.toString(counter)) + .png)): null

2018-12-06 23:45:16 - [TEST_STEP][PASSED] - Statement - counter = counter + 1: null

2018-12-06 23:45:16 - [TEST_STEP][PASSED] - Statement - PreSaveFile = new java.io.File(((pathPrefix + java.lang.Integer.toString(counter)) + .png)): null

2018-12-06 23:45:16 - [TEST_STEP][PASSED] - Statement - counter = counter + 1: null

2018-12-06 23:45:16 - [TEST_STEP][PASSED] - Statement - PreSaveFile = new java.io.File(((pathPrefix + java.lang.Integer.toString(counter)) + .png)): null

2018-12-06 23:45:16 - [TEST_STEP][PASSED] - Statement - counter = counter + 1: null

2018-12-06 23:45:16 - [TEST_STEP][PASSED] - Statement - PreSaveFile = new java.io.File(((pathPrefix + java.lang.Integer.toString(counter)) + .png)): null

2018-12-06 23:45:16 - [TEST_STEP][PASSED] - Statement - counter = counter + 1: null

2018-12-06 23:45:16 - [TEST_STEP][PASSED] - Statement - PreSaveFile = new java.io.File(((pathPrefix + java.lang.Integer.toString(counter)) + .png)): null

2018-12-06 23:45:16 - [TEST_STEP][PASSED] - Statement - counter = counter + 1: null

2018-12-06 23:45:16 - [TEST_STEP][PASSED] - Statement - PreSaveFile = new java.io.File(((pathPrefix + java.lang.Integer.toString(counter)) + .png)): null

2018-12-06 23:45:16 - [TEST_STEP][PASSED] - Statement - counter = counter + 1: null

2018-12-06 23:45:16 - [TEST_STEP][PASSED] - Statement - PreSaveFile = new java.io.File(((pathPrefix + java.lang.Integer.toString(counter)) + .png)): null

2018-12-06 23:45:16 - [TEST_STEP][PASSED] - Statement - counter = counter + 1: null

2018-12-06 23:45:16 - [TEST_STEP][PASSED] - Statement - PreSaveFile = new java.io.File(((pathPrefix + java.lang.Integer.toString(counter)) + .png)): null

2018-12-06 23:45:16 - [TEST_STEP][PASSED] - Statement - counter = counter + 1: null

2018-12-06 23:45:16 - [TEST_STEP][PASSED] - Statement - PreSaveFile = new java.io.File(((pathPrefix + java.lang.Integer.toString(counter)) + .png)): null

2018-12-06 23:45:16 - [TEST_STEP][PASSED] - Statement - counter = counter + 1: null

2018-12-06 23:45:16 - [TEST_STEP][PASSED] - Statement - PreSaveFile = new java.io.File(((pathPrefix + java.lang.Integer.toString(counter)) + .png)): null

2018-12-06 23:45:16 - [TEST_STEP][PASSED] - Statement - counter = counter + 1: null

2018-12-06 23:45:16 - [TEST_STEP][PASSED] - Statement - PreSaveFile = new java.io.File(((pathPrefix + java.lang.Integer.toString(counter)) + .png)): null

2018-12-06 23:45:16 - [TEST_STEP][PASSED] - Statement - counter = counter + 1: null

2018-12-06 23:45:16 - [TEST_STEP][PASSED] - Statement - PreSaveFile = new java.io.File(((pathPrefix + java.lang.Integer.toString(counter)) + .png)): null

2018-12-06 23:45:16 - [TEST_STEP][PASSED] - Statement - counter = counter + 1: null

2018-12-06 23:45:16 - [TEST_STEP][PASSED] - Statement - PreSaveFile = new java.io.File(((pathPrefix + java.lang.Integer.toString(counter)) + .png)): null

2018-12-06 23:45:16 - [TEST_STEP][PASSED] - Statement - counter = counter + 1: null

2018-12-06 23:45:16 - [TEST_STEP][PASSED] - Statement - PreSaveFile = new java.io.File(((pathPrefix + java.lang.Integer.toString(counter)) + .png)): null

2018-12-06 23:45:16 - [TEST_STEP][PASSED] - Statement - counter = counter + 1: null

2018-12-06 23:45:16 - [TEST_STEP][PASSED] - Statement - PreSaveFile = new java.io.File(((pathPrefix + java.lang.Integer.toString(counter)) + .png)): null

2018-12-06 23:45:16 - [TEST_STEP][PASSED] - Statement - counter = counter + 1: null

2018-12-06 23:45:16 - [TEST_STEP][PASSED] - Statement - PreSaveFile = new java.io.File(((pathPrefix + java.lang.Integer.toString(counter)) + .png)): null

2018-12-06 23:45:16 - [TEST_STEP][PASSED] - Statement - counter = counter + 1: null

2018-12-06 23:45:16 - [TEST_STEP][PASSED] - Statement - PreSaveFile = new java.io.File(((pathPrefix + java.lang.Integer.toString(counter)) + .png)): null

2018-12-06 23:45:16 - [TEST_STEP][PASSED] - Statement - counter = counter + 1: null

2018-12-06 23:45:16 - [TEST_STEP][PASSED] - Statement - PreSaveFile = new java.io.File(((pathPrefix + java.lang.Integer.toString(counter)) + .png)): null

2018-12-06 23:45:16 - [TEST_STEP][PASSED] - Statement - counter = counter + 1: null

2018-12-06 23:45:16 - [TEST_STEP][PASSED] - Statement - PreSaveFile = new java.io.File(((pathPrefix + java.lang.Integer.toString(counter)) + .png)): null

2018-12-06 23:45:16 - [TEST_STEP][PASSED] - Statement - counter = counter + 1: null

2018-12-06 23:45:16 - [TEST_STEP][PASSED] - Statement - PreSaveFile = new java.io.File(((pathPrefix + java.lang.Integer.toString(counter)) + .png)): null

2018-12-06 23:45:16 - [TEST_STEP][PASSED] - Statement - counter = counter + 1: null

2018-12-06 23:45:16 - [TEST_STEP][PASSED] - Statement - PreSaveFile = new java.io.File(((pathPrefix + java.lang.Integer.toString(counter)) + .png)): null

2018-12-06 23:45:16 - [TEST_STEP][PASSED] - Statement - counter = counter + 1: null

2018-12-06 23:45:16 - [TEST_STEP][PASSED] - Statement - PreSaveFile = new java.io.File(((pathPrefix + java.lang.Integer.toString(counter)) + .png)): null

2018-12-06 23:45:16 - [TEST_STEP][PASSED] - Statement - counter = counter + 1: null

2018-12-06 23:45:16 - [TEST_STEP][PASSED] - Statement - PreSaveFile = new java.io.File(((pathPrefix + java.lang.Integer.toString(counter)) + .png)): null

2018-12-06 23:45:16 - [TEST_STEP][PASSED] - Statement - counter = counter + 1: null

2018-12-06 23:45:16 - [TEST_STEP][PASSED] - Statement - PreSaveFile = new java.io.File(((pathPrefix + java.lang.Integer.toString(counter)) + .png)): null

2018-12-06 23:45:16 - [TEST_STEP][PASSED] - Statement - counter = counter + 1: null

2018-12-06 23:45:16 - [TEST_STEP][PASSED] - Statement - PreSaveFile = new java.io.File(((pathPrefix + java.lang.Integer.toString(counter)) + .png)): null

2018-12-06 23:45:16 - [TEST_STEP][PASSED] - Statement - counter = counter + 1: null

2018-12-06 23:45:16 - [TEST_STEP][PASSED] - Statement - PreSaveFile = new java.io.File(((pathPrefix + java.lang.Integer.toString(counter)) + .png)): null

2018-12-06 23:45:16 - [TEST_STEP][PASSED] - Statement - counter = counter + 1: null

2018-12-06 23:45:16 - [TEST_STEP][PASSED] - Statement - PreSaveFile = new java.io.File(((pathPrefix + java.lang.Integer.toString(counter)) + .png)): null

2018-12-06 23:45:16 - [TEST_STEP][PASSED] - Statement - counter = counter + 1: null

2018-12-06 23:45:16 - [TEST_STEP][PASSED] - Statement - PreSaveFile = new java.io.File(((pathPrefix + java.lang.Integer.toString(counter)) + .png)): null

2018-12-06 23:45:16 - [TEST_STEP][PASSED] - Statement - counter = counter + 1: null

2018-12-06 23:45:16 - [TEST_STEP][PASSED] - Statement - PreSaveFile = new java.io.File(((pathPrefix + java.lang.Integer.toString(counter)) + .png)): null

2018-12-06 23:45:16 - [TEST_STEP][PASSED] - Statement - counter = counter + 1: null

2018-12-06 23:45:16 - [TEST_STEP][PASSED] - Statement - PreSaveFile = new java.io.File(((pathPrefix + java.lang.Integer.toString(counter)) + .png)): null

2018-12-06 23:45:16 - [TEST_STEP][PASSED] - Statement - counter = counter + 1: null

2018-12-06 23:45:16 - [TEST_STEP][PASSED] - Statement - PreSaveFile = new java.io.File(((pathPrefix + java.lang.Integer.toString(counter)) + .png)): null

2018-12-06 23:45:16 - [TEST_STEP][PASSED] - Statement - counter = counter + 1: null

2018-12-06 23:45:16 - [TEST_STEP][PASSED] - Statement - PreSaveFile = new java.io.File(((pathPrefix + java.lang.Integer.toString(counter)) + .png)): null

2018-12-06 23:45:16 - [TEST_STEP][PASSED] - Statement - counter = counter + 1: null

2018-12-06 23:45:16 - [TEST_STEP][PASSED] - Statement - PreSaveFile = new java.io.File(((pathPrefix + java.lang.Integer.toString(counter)) + .png)): null

2018-12-06 23:45:16 - [TEST_STEP][PASSED] - Statement - counter = counter + 1: null

2018-12-06 23:45:16 - [TEST_STEP][PASSED] - Statement - PreSaveFile = new java.io.File(((pathPrefix + java.lang.Integer.toString(counter)) + .png)): null

2018-12-06 23:45:16 - [TEST_STEP][PASSED] - Statement - counter = counter + 1: null

2018-12-06 23:45:16 - [TEST_STEP][PASSED] - Statement - PreSaveFile = new java.io.File(((pathPrefix + java.lang.Integer.toString(counter)) + .png)): null

2018-12-06 23:45:16 - [TEST_STEP][PASSED] - Statement - counter = counter + 1: null

2018-12-06 23:45:16 - [TEST_STEP][PASSED] - Statement - PreSaveFile = new java.io.File(((pathPrefix + java.lang.Integer.toString(counter)) + .png)): null

2018-12-06 23:45:16 - [TEST_STEP][PASSED] - Statement - counter = counter + 1: null

2018-12-06 23:45:16 - [TEST_STEP][PASSED] - Statement - PreSaveFile = new java.io.File(((pathPrefix + java.lang.Integer.toString(counter)) + .png)): null

2018-12-06 23:45:16 - [TEST_STEP][PASSED] - Statement - counter = counter + 1: null

2018-12-06 23:45:16 - [TEST_STEP][PASSED] - Statement - PreSaveFile = new java.io.File(((pathPrefix + java.lang.Integer.toString(counter)) + .png)): null

2018-12-06 23:45:16 - [TEST_STEP][PASSED] - Statement - counter = counter + 1: null

2018-12-06 23:45:16 - [TEST_STEP][PASSED] - Statement - PreSaveFile = new java.io.File(((pathPrefix + java.lang.Integer.toString(counter)) + .png)): null

2018-12-06 23:45:16 - [TEST_STEP][PASSED] - Statement - counter = counter + 1: null

2018-12-06 23:45:16 - [TEST_STEP][PASSED] - Statement - PreSaveFile = new java.io.File(((pathPrefix + java.lang.Integer.toString(counter)) + .png)): null

2018-12-06 23:45:16 - [TEST_STEP][PASSED] - Statement - counter = counter + 1: null

2018-12-06 23:45:16 - [TEST_STEP][PASSED] - Statement - PreSaveFile = new java.io.File(((pathPrefix + java.lang.Integer.toString(counter)) + .png)): null

2018-12-06 23:45:16 - [TEST_STEP][PASSED] - Statement - counter = counter + 1: null

2018-12-06 23:45:16 - [TEST_STEP][PASSED] - Statement - PreSaveFile = new java.io.File(((pathPrefix + java.lang.Integer.toString(counter)) + .png)): null

2018-12-06 23:45:16 - [TEST_STEP][PASSED] - Statement - counter = counter + 1: null

2018-12-06 23:45:16 - [TEST_STEP][PASSED] - Statement - PreSaveFile = new java.io.File(((pathPrefix + java.lang.Integer.toString(counter)) + .png)): null

2018-12-06 23:45:16 - [TEST_STEP][PASSED] - Statement - counter = counter + 1: null

2018-12-06 23:45:16 - [TEST_STEP][PASSED] - Statement - PreSaveFile = new java.io.File(((pathPrefix + java.lang.Integer.toString(counter)) + .png)): null

2018-12-06 23:45:16 - [TEST_STEP][PASSED] - Statement - counter = counter + 1: null

2018-12-06 23:45:16 - [TEST_STEP][PASSED] - Statement - PreSaveFile = new java.io.File(((pathPrefix + java.lang.Integer.toString(counter)) + .png)): null

2018-12-06 23:45:16 - [TEST_STEP][PASSED] - Statement - counter = counter + 1: null

2018-12-06 23:45:16 - [TEST_STEP][PASSED] - Statement - PreSaveFile = new java.io.File(((pathPrefix + java.lang.Integer.toString(counter)) + .png)): null

2018-12-06 23:45:16 - [TEST_STEP][PASSED] - Statement - counter = counter + 1: null

2018-12-06 23:45:16 - [TEST_STEP][PASSED] - Statement - PreSaveFile = new java.io.File(((pathPrefix + java.lang.Integer.toString(counter)) + .png)): null

2018-12-06 23:45:16 - [TEST_STEP][PASSED] - Statement - counter = counter + 1: null

2018-12-06 23:45:16 - [TEST_STEP][PASSED] - Statement - PreSaveFile = new java.io.File(((pathPrefix + java.lang.Integer.toString(counter)) + .png)): null

2018-12-06 23:45:16 - [TEST_STEP][PASSED] - Statement - counter = counter + 1: null

2018-12-06 23:45:16 - [TEST_STEP][PASSED] - Statement - PreSaveFile = new java.io.File(((pathPrefix + java.lang.Integer.toString(counter)) + .png)): null

2018-12-06 23:45:16 - [TEST_STEP][PASSED] - Statement - counter = counter + 1: null

2018-12-06 23:45:16 - [TEST_STEP][PASSED] - Statement - PreSaveFile = new java.io.File(((pathPrefix + java.lang.Integer.toString(counter)) + .png)): null

2018-12-06 23:45:16 - [TEST_STEP][PASSED] - Statement - counter = counter + 1: null

2018-12-06 23:45:16 - [TEST_STEP][PASSED] - Statement - PreSaveFile = new java.io.File(((pathPrefix + java.lang.Integer.toString(counter)) + .png)): null

2018-12-06 23:45:16 - [TEST_STEP][PASSED] - Statement - counter = counter + 1: null

2018-12-06 23:45:16 - [TEST_STEP][PASSED] - Statement - PreSaveFile = new java.io.File(((pathPrefix + java.lang.Integer.toString(counter)) + .png)): null

2018-12-06 23:45:16 - [TEST_STEP][PASSED] - Statement - counter = counter + 1: null

2018-12-06 23:45:16 - [TEST_STEP][PASSED] - Statement - PreSaveFile = new java.io.File(((pathPrefix + java.lang.Integer.toString(counter)) + .png)): null

2018-12-06 23:45:16 - [TEST_STEP][PASSED] - Statement - counter = counter + 1: null

2018-12-06 23:45:16 - [TEST_STEP][PASSED] - Statement - PreSaveFile = new java.io.File(((pathPrefix + java.lang.Integer.toString(counter)) + .png)): null

2018-12-06 23:45:16 - [TEST_STEP][PASSED] - Statement - finalPath = pathPrefix + java.lang.Integer.toString(counter) + ".png": null

2018-12-06 23:45:16 - [TEST_STEP][PASSED] - Statement - SaveFile = new java.io.File(finalPath): null

2018-12-06 23:45:16 - [TEST_STEP][PASSED] - Statement - Try: null

2018-12-06 23:45:16 - [TEST_STEP][PASSED] - Statement - org.apache.commons.io.FileUtils.copyFile(scrFile, SaveFile): null

2018-12-06 23:45:16 - [TEST_STEP][PASSED] - Statement - out.println("file kept"): null

2018-12-06 23:45:16 - [TEST_STEP][PASSED] - delay: Delayed 10 second(s)

2018-12-06 23:45:26 - [MESSAGE][PASSED] - Delayed 10 second(s)

2018-12-06 23:45:26 - [MESSAGE][PASSED] - Call Test Case 'Test Cases/Final Aug 2018 - PKS Automation/Common/Screenshoting tool' successfully]]></system-out>
         <system-err><![CDATA[2018-12-06 23:30:18 - [TEST_CASE][FAILED] - Test Cases/Final Aug 2018 - PKS Automation/Registration Module/Workflow/Update Add New Employee/Special Case (OTC - PKR BO -  RO Approve): Test Cases/Final Aug 2018 - PKS Automation/Registration Module/Workflow/Update Add New Employee/Special Case (OTC - PKR BO -  RO Approve) FAILED because (of) (Stack trace: com.kms.katalon.core.exception.StepFailedException: Unable to set text 'CAN12201800002269' of object 'Object Repository/Final Object Repo/New Registration - Registration Module Pages/New Reg - OTC to RO/Special Case - All Related Objects/TextBox RefNo in Workbasket' (Root cause: org.openqa.selenium.ElementNotVisibleException: element not interactable
  (Session info: chrome=70.0.3538.110)
  (Driver info: chromedriver=2.43.600210 (68dcf5eebde37173d4027fa8635e332711d2874a),platform=Windows NT 6.1.7601 SP1 x86_64) (WARNING: The server did not provide any stacktrace information)
Command duration or timeout: 0 milliseconds
Build info: version: '3.7.1', revision: '8a0099a', time: '2017-11-06T21:07:36.161Z'
System info: host: 'WIN7TEST02', ip: '10.20.3.72', os.name: 'Windows 7', os.arch: 'amd64', os.version: '6.1', java.version: '1.8.0_181'
Driver info: com.kms.katalon.selenium.driver.CChromeDriver
Capabilities {acceptInsecureCerts: false, acceptSslCerts: false, applicationCacheEnabled: false, browserConnectionEnabled: false, browserName: chrome, chrome: {chromedriverVersion: 2.43.600210 (68dcf5eebde371..., userDataDir: C:\Users\Admin\AppData\Loca...}, cssSelectorsEnabled: true, databaseEnabled: false, goog:chromeOptions: {debuggerAddress: localhost:62434}, handlesAlerts: true, hasTouchScreen: false, javascriptEnabled: true, locationContextEnabled: true, mobileEmulationEnabled: false, nativeEvents: true, networkConnectionEnabled: false, pageLoadStrategy: normal, platform: XP, platformName: XP, rotatable: false, setWindowRect: true, takesHeapSnapshot: true, takesScreenshot: true, unexpectedAlertBehaviour: , unhandledPromptBehavior: , version: 70.0.3538.110, webStorageEnabled: true}
Session ID: d00282b62946cec69a83bfeadc22e1ee)
	at com.kms.katalon.core.keyword.internal.KeywordMain.stepFailed(KeywordMain.groovy:32)
	at com.kms.katalon.core.webui.keyword.internal.WebUIKeywordMain.stepFailed(WebUIKeywordMain.groovy:65)
	at com.kms.katalon.core.webui.keyword.internal.WebUIKeywordMain.runKeyword(WebUIKeywordMain.groovy:27)
	at com.kms.katalon.core.webui.keyword.builtin.SetTextKeyword.setText(SetTextKeyword.groovy:65)
	at com.kms.katalon.core.webui.keyword.builtin.SetTextKeyword.execute(SetTextKeyword.groovy:37)
	at com.kms.katalon.core.keyword.internal.KeywordExecutor.executeKeywordForPlatform(KeywordExecutor.groovy:53)
	at com.kms.katalon.core.webui.keyword.WebUiBuiltInKeywords.setText(WebUiBuiltInKeywords.groovy:950)
	at com.kms.katalon.core.webui.keyword.WebUiBuiltInKeywords$setText$1.call(Unknown Source)
	at org.codehaus.groovy.runtime.callsite.CallSiteArray.defaultCall(CallSiteArray.java:48)
	at org.codehaus.groovy.runtime.callsite.AbstractCallSite.call(AbstractCallSite.java:113)
	at org.codehaus.groovy.runtime.callsite.AbstractCallSite.call(AbstractCallSite.java:133)
	at Script1536290785236.run(Script1536290785236.groovy:169)
	at com.kms.katalon.core.main.ScriptEngine.run(ScriptEngine.java:183)
	at com.kms.katalon.core.main.ScriptEngine.runScriptAsRawText(ScriptEngine.java:108)
	at com.kms.katalon.core.main.TestCaseExecutor.runScript(TestCaseExecutor.java:294)
	at com.kms.katalon.core.main.TestCaseExecutor.doExecute(TestCaseExecutor.java:285)
	at com.kms.katalon.core.main.TestCaseExecutor.processExecutionPhase(TestCaseExecutor.java:264)
	at com.kms.katalon.core.main.TestCaseExecutor.accessMainPhase(TestCaseExecutor.java:256)
	at com.kms.katalon.core.main.TestCaseExecutor.execute(TestCaseExecutor.java:200)
	at com.kms.katalon.core.main.TestSuiteExecutor.accessTestCaseMainPhase(TestSuiteExecutor.java:129)
	at com.kms.katalon.core.main.TestSuiteExecutor.accessTestSuiteMainPhase(TestSuiteExecutor.java:112)
	at com.kms.katalon.core.main.TestSuiteExecutor.execute(TestSuiteExecutor.java:81)
	at com.kms.katalon.core.main.TestCaseMain.startTestSuite(TestCaseMain.java:142)
	at com.kms.katalon.core.main.TestCaseMain$startTestSuite$0.call(Unknown Source)
	at org.codehaus.groovy.runtime.callsite.CallSiteArray.defaultCall(CallSiteArray.java:48)
	at org.codehaus.groovy.runtime.callsite.AbstractCallSite.call(AbstractCallSite.java:113)
	at org.codehaus.groovy.runtime.callsite.AbstractCallSite.call(AbstractCallSite.java:141)
	at TempTestSuite1544087655094.run(TempTestSuite1544087655094.groovy:36)
	at groovy.lang.GroovyShell.runScriptOrMainOrTestOrRunnable(GroovyShell.java:263)
	at groovy.lang.GroovyShell.run(GroovyShell.java:518)
	at groovy.lang.GroovyShell.run(GroovyShell.java:507)
	at groovy.ui.GroovyMain.processOnce(GroovyMain.java:653)
	at groovy.ui.GroovyMain.run(GroovyMain.java:384)
	at groovy.ui.GroovyMain.process(GroovyMain.java:370)
	at groovy.ui.GroovyMain.processArgs(GroovyMain.java:129)
	at groovy.ui.GroovyMain.main(GroovyMain.java:109)
	at sun.reflect.NativeMethodAccessorImpl.invoke0(Native Method)
	at sun.reflect.NativeMethodAccessorImpl.invoke(NativeMethodAccessorImpl.java:62)
	at sun.reflect.DelegatingMethodAccessorImpl.invoke(DelegatingMethodAccessorImpl.java:43)
	at java.lang.reflect.Method.invoke(Method.java:498)
	at org.codehaus.groovy.tools.GroovyStarter.rootLoader(GroovyStarter.java:109)
	at org.codehaus.groovy.tools.GroovyStarter.main(GroovyStarter.java:131)
)]]></system-err>
      </testcase>
      <testcase name="Test Cases/Final Aug 2018 - PKS Automation/Registration Module/Workflow/Update Add New Employee/Special Case (OTC - PKR BO -  RO Under Enforcement)" classname="Test Cases/Final Aug 2018 - PKS Automation/Registration Module/Workflow/Update Add New Employee/Special Case (OTC - PKR BO -  RO Under Enforcement)" status="FAILED">
         <failure type="FAILED" message="(Stack trace: com.kms.katalon.core.exception.StepFailedException: Unable to set text 'CAN12201800002270' of object 'Object Repository/Final Object Repo/New Registration - Registration Module Pages/New Reg - OTC to RO/Special Case - All Related Objects/TextBox RefNo in Workbasket' (Root cause: org.openqa.selenium.ElementNotVisibleException: element not interactable
  (Session info: chrome=70.0.3538.110)
  (Driver info: chromedriver=2.43.600210 (68dcf5eebde37173d4027fa8635e332711d2874a),platform=Windows NT 6.1.7601 SP1 x86_64) (WARNING: The server did not provide any stacktrace information)
Command duration or timeout: 0 milliseconds
Build info: version: '3.7.1', revision: '8a0099a', time: '2017-11-06T21:07:36.161Z'
System info: host: 'WIN7TEST02', ip: '10.20.3.72', os.name: 'Windows 7', os.arch: 'amd64', os.version: '6.1', java.version: '1.8.0_181'
Driver info: com.kms.katalon.selenium.driver.CChromeDriver
Capabilities {acceptInsecureCerts: false, acceptSslCerts: false, applicationCacheEnabled: false, browserConnectionEnabled: false, browserName: chrome, chrome: {chromedriverVersion: 2.43.600210 (68dcf5eebde371..., userDataDir: C:\Users\Admin\AppData\Loca...}, cssSelectorsEnabled: true, databaseEnabled: false, goog:chromeOptions: {debuggerAddress: localhost:62603}, handlesAlerts: true, hasTouchScreen: false, javascriptEnabled: true, locationContextEnabled: true, mobileEmulationEnabled: false, nativeEvents: true, networkConnectionEnabled: false, pageLoadStrategy: normal, platform: XP, platformName: XP, rotatable: false, setWindowRect: true, takesHeapSnapshot: true, takesScreenshot: true, unexpectedAlertBehaviour: , unhandledPromptBehavior: , version: 70.0.3538.110, webStorageEnabled: true}
Session ID: 39cb1e7a2f33115b94b8f91bc09733d2)
	at com.kms.katalon.core.keyword.internal.KeywordMain.stepFailed(KeywordMain.groovy:32)
	at com.kms.katalon.core.webui.keyword.internal.WebUIKeywordMain.stepFailed(WebUIKeywordMain.groovy:65)
	at com.kms.katalon.core.webui.keyword.internal.WebUIKeywordMain.runKeyword(WebUIKeywordMain.groovy:27)
	at com.kms.katalon.core.webui.keyword.builtin.SetTextKeyword.setText(SetTextKeyword.groovy:65)
	at com.kms.katalon.core.webui.keyword.builtin.SetTextKeyword.execute(SetTextKeyword.groovy:37)
	at com.kms.katalon.core.keyword.internal.KeywordExecutor.executeKeywordForPlatform(KeywordExecutor.groovy:53)
	at com.kms.katalon.core.webui.keyword.WebUiBuiltInKeywords.setText(WebUiBuiltInKeywords.groovy:950)
	at com.kms.katalon.core.webui.keyword.WebUiBuiltInKeywords$setText$1.call(Unknown Source)
	at org.codehaus.groovy.runtime.callsite.CallSiteArray.defaultCall(CallSiteArray.java:48)
	at org.codehaus.groovy.runtime.callsite.AbstractCallSite.call(AbstractCallSite.java:113)
	at org.codehaus.groovy.runtime.callsite.AbstractCallSite.call(AbstractCallSite.java:133)
	at Script1536307034674.run(Script1536307034674.groovy:169)
	at com.kms.katalon.core.main.ScriptEngine.run(ScriptEngine.java:183)
	at com.kms.katalon.core.main.ScriptEngine.runScriptAsRawText(ScriptEngine.java:108)
	at com.kms.katalon.core.main.TestCaseExecutor.runScript(TestCaseExecutor.java:294)
	at com.kms.katalon.core.main.TestCaseExecutor.doExecute(TestCaseExecutor.java:285)
	at com.kms.katalon.core.main.TestCaseExecutor.processExecutionPhase(TestCaseExecutor.java:264)
	at com.kms.katalon.core.main.TestCaseExecutor.accessMainPhase(TestCaseExecutor.java:256)
	at com.kms.katalon.core.main.TestCaseExecutor.execute(TestCaseExecutor.java:200)
	at com.kms.katalon.core.main.TestSuiteExecutor.accessTestCaseMainPhase(TestSuiteExecutor.java:129)
	at com.kms.katalon.core.main.TestSuiteExecutor.accessTestSuiteMainPhase(TestSuiteExecutor.java:112)
	at com.kms.katalon.core.main.TestSuiteExecutor.execute(TestSuiteExecutor.java:81)
	at com.kms.katalon.core.main.TestCaseMain.startTestSuite(TestCaseMain.java:142)
	at com.kms.katalon.core.main.TestCaseMain$startTestSuite$0.call(Unknown Source)
	at org.codehaus.groovy.runtime.callsite.CallSiteArray.defaultCall(CallSiteArray.java:48)
	at org.codehaus.groovy.runtime.callsite.AbstractCallSite.call(AbstractCallSite.java:113)
	at org.codehaus.groovy.runtime.callsite.AbstractCallSite.call(AbstractCallSite.java:141)
	at TempTestSuite1544087655094.run(TempTestSuite1544087655094.groovy:36)
	at groovy.lang.GroovyShell.runScriptOrMainOrTestOrRunnable(GroovyShell.java:263)
	at groovy.lang.GroovyShell.run(GroovyShell.java:518)
	at groovy.lang.GroovyShell.run(GroovyShell.java:507)
	at groovy.ui.GroovyMain.processOnce(GroovyMain.java:653)
	at groovy.ui.GroovyMain.run(GroovyMain.java:384)
	at groovy.ui.GroovyMain.process(GroovyMain.java:370)
	at groovy.ui.GroovyMain.processArgs(GroovyMain.java:129)
	at groovy.ui.GroovyMain.main(GroovyMain.java:109)
	at sun.reflect.NativeMethodAccessorImpl.invoke0(Native Method)
	at sun.reflect.NativeMethodAccessorImpl.invoke(NativeMethodAccessorImpl.java:62)
	at sun.reflect.DelegatingMethodAccessorImpl.invoke(DelegatingMethodAccessorImpl.java:43)
	at java.lang.reflect.Method.invoke(Method.java:498)
	at org.codehaus.groovy.tools.GroovyStarter.rootLoader(GroovyStarter.java:109)
	at org.codehaus.groovy.tools.GroovyStarter.main(GroovyStarter.java:131)
)"/>
         <system-out><![CDATA[2018-12-06 23:45:26 - [TEST_CASE][FAILED] - Test Cases/Final Aug 2018 - PKS Automation/Registration Module/Workflow/Update Add New Employee/Special Case (OTC - PKR BO -  RO Under Enforcement): Test Cases/Final Aug 2018 - PKS Automation/Registration Module/Workflow/Update Add New Employee/Special Case (OTC - PKR BO -  RO Under Enforcement) FAILED because (of) (Stack trace: com.kms.katalon.core.exception.StepFailedException: Unable to set text 'CAN12201800002270' of object 'Object Repository/Final Object Repo/New Registration - Registration Module Pages/New Reg - OTC to RO/Special Case - All Related Objects/TextBox RefNo in Workbasket' (Root cause: org.openqa.selenium.ElementNotVisibleException: element not interactable
  (Session info: chrome=70.0.3538.110)
  (Driver info: chromedriver=2.43.600210 (68dcf5eebde37173d4027fa8635e332711d2874a),platform=Windows NT 6.1.7601 SP1 x86_64) (WARNING: The server did not provide any stacktrace information)
Command duration or timeout: 0 milliseconds
Build info: version: '3.7.1', revision: '8a0099a', time: '2017-11-06T21:07:36.161Z'
System info: host: 'WIN7TEST02', ip: '10.20.3.72', os.name: 'Windows 7', os.arch: 'amd64', os.version: '6.1', java.version: '1.8.0_181'
Driver info: com.kms.katalon.selenium.driver.CChromeDriver
Capabilities {acceptInsecureCerts: false, acceptSslCerts: false, applicationCacheEnabled: false, browserConnectionEnabled: false, browserName: chrome, chrome: {chromedriverVersion: 2.43.600210 (68dcf5eebde371..., userDataDir: C:\Users\Admin\AppData\Loca...}, cssSelectorsEnabled: true, databaseEnabled: false, goog:chromeOptions: {debuggerAddress: localhost:62603}, handlesAlerts: true, hasTouchScreen: false, javascriptEnabled: true, locationContextEnabled: true, mobileEmulationEnabled: false, nativeEvents: true, networkConnectionEnabled: false, pageLoadStrategy: normal, platform: XP, platformName: XP, rotatable: false, setWindowRect: true, takesHeapSnapshot: true, takesScreenshot: true, unexpectedAlertBehaviour: , unhandledPromptBehavior: , version: 70.0.3538.110, webStorageEnabled: true}
Session ID: 39cb1e7a2f33115b94b8f91bc09733d2)
	at com.kms.katalon.core.keyword.internal.KeywordMain.stepFailed(KeywordMain.groovy:32)
	at com.kms.katalon.core.webui.keyword.internal.WebUIKeywordMain.stepFailed(WebUIKeywordMain.groovy:65)
	at com.kms.katalon.core.webui.keyword.internal.WebUIKeywordMain.runKeyword(WebUIKeywordMain.groovy:27)
	at com.kms.katalon.core.webui.keyword.builtin.SetTextKeyword.setText(SetTextKeyword.groovy:65)
	at com.kms.katalon.core.webui.keyword.builtin.SetTextKeyword.execute(SetTextKeyword.groovy:37)
	at com.kms.katalon.core.keyword.internal.KeywordExecutor.executeKeywordForPlatform(KeywordExecutor.groovy:53)
	at com.kms.katalon.core.webui.keyword.WebUiBuiltInKeywords.setText(WebUiBuiltInKeywords.groovy:950)
	at com.kms.katalon.core.webui.keyword.WebUiBuiltInKeywords$setText$1.call(Unknown Source)
	at org.codehaus.groovy.runtime.callsite.CallSiteArray.defaultCall(CallSiteArray.java:48)
	at org.codehaus.groovy.runtime.callsite.AbstractCallSite.call(AbstractCallSite.java:113)
	at org.codehaus.groovy.runtime.callsite.AbstractCallSite.call(AbstractCallSite.java:133)
	at Script1536307034674.run(Script1536307034674.groovy:169)
	at com.kms.katalon.core.main.ScriptEngine.run(ScriptEngine.java:183)
	at com.kms.katalon.core.main.ScriptEngine.runScriptAsRawText(ScriptEngine.java:108)
	at com.kms.katalon.core.main.TestCaseExecutor.runScript(TestCaseExecutor.java:294)
	at com.kms.katalon.core.main.TestCaseExecutor.doExecute(TestCaseExecutor.java:285)
	at com.kms.katalon.core.main.TestCaseExecutor.processExecutionPhase(TestCaseExecutor.java:264)
	at com.kms.katalon.core.main.TestCaseExecutor.accessMainPhase(TestCaseExecutor.java:256)
	at com.kms.katalon.core.main.TestCaseExecutor.execute(TestCaseExecutor.java:200)
	at com.kms.katalon.core.main.TestSuiteExecutor.accessTestCaseMainPhase(TestSuiteExecutor.java:129)
	at com.kms.katalon.core.main.TestSuiteExecutor.accessTestSuiteMainPhase(TestSuiteExecutor.java:112)
	at com.kms.katalon.core.main.TestSuiteExecutor.execute(TestSuiteExecutor.java:81)
	at com.kms.katalon.core.main.TestCaseMain.startTestSuite(TestCaseMain.java:142)
	at com.kms.katalon.core.main.TestCaseMain$startTestSuite$0.call(Unknown Source)
	at org.codehaus.groovy.runtime.callsite.CallSiteArray.defaultCall(CallSiteArray.java:48)
	at org.codehaus.groovy.runtime.callsite.AbstractCallSite.call(AbstractCallSite.java:113)
	at org.codehaus.groovy.runtime.callsite.AbstractCallSite.call(AbstractCallSite.java:141)
	at TempTestSuite1544087655094.run(TempTestSuite1544087655094.groovy:36)
	at groovy.lang.GroovyShell.runScriptOrMainOrTestOrRunnable(GroovyShell.java:263)
	at groovy.lang.GroovyShell.run(GroovyShell.java:518)
	at groovy.lang.GroovyShell.run(GroovyShell.java:507)
	at groovy.ui.GroovyMain.processOnce(GroovyMain.java:653)
	at groovy.ui.GroovyMain.run(GroovyMain.java:384)
	at groovy.ui.GroovyMain.process(GroovyMain.java:370)
	at groovy.ui.GroovyMain.processArgs(GroovyMain.java:129)
	at groovy.ui.GroovyMain.main(GroovyMain.java:109)
	at sun.reflect.NativeMethodAccessorImpl.invoke0(Native Method)
	at sun.reflect.NativeMethodAccessorImpl.invoke(NativeMethodAccessorImpl.java:62)
	at sun.reflect.DelegatingMethodAccessorImpl.invoke(DelegatingMethodAccessorImpl.java:43)
	at java.lang.reflect.Method.invoke(Method.java:498)
	at org.codehaus.groovy.tools.GroovyStarter.rootLoader(GroovyStarter.java:109)
	at org.codehaus.groovy.tools.GroovyStarter.main(GroovyStarter.java:131)
)

2018-12-06 23:45:26 - [TEST_STEP][PASSED] - callTestCase: Call Test Case 'Test Cases/Final Aug 2018 - PKS Automation/Registration Module/Workflow/Update Add New Employee/Template/New Company for Update Add New' successfully

2018-12-06 23:45:26 - [TEST_CASE][PASSED] - Test Cases/Final Aug 2018 - PKS Automation/Registration Module/Workflow/Update Add New Employee/Template/New Company for Update Add New: Test Cases/Final Aug 2018 - PKS Automation/Registration Module/Workflow/Update Add New Employee/Template/New Company for Update Add New

2018-12-06 23:45:26 - [TEST_STEP][PASSED] - callTestCase: Call Test Case 'Test Cases/Final Aug 2018 - PKS Automation/Registration Module/New Registration/Form 1/Form 1 - Corporation - BHD' successfully

2018-12-06 23:45:26 - [TEST_CASE][PASSED] - Test Cases/Final Aug 2018 - PKS Automation/Registration Module/New Registration/Form 1/Form 1 - Corporation - BHD: Test Cases/Final Aug 2018 - PKS Automation/Registration Module/New Registration/Form 1/Form 1 - Corporation - BHD

2018-12-06 23:45:26 - [TEST_STEP][PASSED] - openBrowser: Browser is opened with url: ''

2018-12-06 23:45:26 - [MESSAGE][WARNING] - A browser is already opened. Closing browser and opening a new one

2018-12-06 23:45:30 - [MESSAGE][PASSED] - Browser is opened with url: ''

2018-12-06 23:45:30 - [TEST_STEP][PASSED] - navigateToUrl: Navigate to 'https://assist2-uat.perkeso.gov.my/login' successfully

2018-12-06 23:45:31 - [MESSAGE][PASSED] - Navigate to 'https://assist2-uat.perkeso.gov.my/login' successfully

2018-12-06 23:45:31 - [TEST_STEP][PASSED] - setText: Text 'johorotc1@gmail.com' is set on object 'Object Repository/Final Object Repo/Login Page/Internal User/Email Address'

2018-12-06 23:45:32 - [MESSAGE][PASSED] - Text 'johorotc1@gmail.com' is set on object 'Object Repository/Final Object Repo/Login Page/Internal User/Email Address'

2018-12-06 23:45:32 - [TEST_STEP][PASSED] - click: Object: 'Object Repository/Final Object Repo/Login Page/Internal User/Next Button' is clicked on

2018-12-06 23:45:32 - [MESSAGE][PASSED] - Object: 'Object Repository/Final Object Repo/Login Page/Internal User/Next Button' is clicked on

2018-12-06 23:45:32 - [TEST_STEP][PASSED] - delay: Delayed 1 second(s)

2018-12-06 23:45:33 - [MESSAGE][PASSED] - Delayed 1 second(s)

2018-12-06 23:45:33 - [TEST_STEP][PASSED] - setEncryptedText: Text ****** has been set on object 'Object Repository/Final Object Repo/Login Page/Internal User/Password'

2018-12-06 23:45:33 - [MESSAGE][PASSED] - Text ****** has been set on object 'Object Repository/Final Object Repo/Login Page/Internal User/Password'

2018-12-06 23:45:33 - [TEST_STEP][PASSED] - click: Object: 'Object Repository/Final Object Repo/Login Page/Internal User/Login Button' is clicked on

2018-12-06 23:45:33 - [MESSAGE][PASSED] - Object: 'Object Repository/Final Object Repo/Login Page/Internal User/Login Button' is clicked on

2018-12-06 23:45:33 - [TEST_STEP][PASSED] - delay: Delayed 1 second(s)

2018-12-06 23:45:34 - [MESSAGE][PASSED] - Delayed 1 second(s)

2018-12-06 23:45:34 - [TEST_STEP][PASSED] - Statement - Try: Delayed 2 second(s)

2018-12-06 23:45:34 - [TEST_STEP][PASSED] - Statement - Checker = false: null

2018-12-06 23:45:34 - [TEST_STEP][PASSED] - Statement - Checker = com.kms.katalon.core.webui.keyword.WebUiBuiltInKeywords.verifyElementHasAttribute(com.kms.katalon.core.testobject.ObjectRepository.findTestObject(Final Object Repo/Landing Page/BM Detecting), "href", 20, OPTIONAL): Object 'Object Repository/Final Object Repo/Landing Page/BM Detecting' has attribute 'href'

2018-12-06 23:45:35 - [MESSAGE][PASSED] - Object 'Object Repository/Final Object Repo/Landing Page/BM Detecting' has attribute 'href'

2018-12-06 23:45:35 - [TEST_STEP][PASSED] - Statement - out.println(Checker): null

2018-12-06 23:45:35 - [TEST_STEP][PASSED] - Statement - If (Checker == false): null

2018-12-06 23:45:35 - [TEST_STEP][PASSED] - Statement - Else: null

2018-12-06 23:45:35 - [TEST_STEP][PASSED] - delay: Delayed 2 second(s)

2018-12-06 23:45:37 - [MESSAGE][PASSED] - Delayed 2 second(s)

2018-12-06 23:45:37 - [TEST_STEP][PASSED] - navigateToUrl: Navigate to 'https://assist2-uat.perkeso.gov.my/web/registration/registration' successfully

2018-12-06 23:45:39 - [MESSAGE][PASSED] - Navigate to 'https://assist2-uat.perkeso.gov.my/web/registration/registration' successfully

2018-12-06 23:45:39 - [TEST_STEP][PASSED] - click: Object: 'Object Repository/Final Object Repo/New Registration - Registration Module Pages/Form 1/AEC - No' is clicked on

2018-12-06 23:45:39 - [MESSAGE][PASSED] - Object: 'Object Repository/Final Object Repo/New Registration - Registration Module Pages/Form 1/AEC - No' is clicked on

2018-12-06 23:45:39 - [TEST_STEP][PASSED] - click: Object: 'Object Repository/Final Object Repo/New Registration - Registration Module Pages/Form 1/Business Entity' is clicked on

2018-12-06 23:45:39 - [MESSAGE][PASSED] - Object: 'Object Repository/Final Object Repo/New Registration - Registration Module Pages/Form 1/Business Entity' is clicked on

2018-12-06 23:45:39 - [TEST_STEP][PASSED] - click: Object: 'Object Repository/Final Object Repo/New Registration - Registration Module Pages/Form 1/Businees Entity - Corporation' is clicked on

2018-12-06 23:45:39 - [MESSAGE][PASSED] - Object: 'Object Repository/Final Object Repo/New Registration - Registration Module Pages/Form 1/Businees Entity - Corporation' is clicked on

2018-12-06 23:45:39 - [TEST_STEP][PASSED] - delay: Delayed 1 second(s)

2018-12-06 23:45:40 - [MESSAGE][PASSED] - Delayed 1 second(s)

2018-12-06 23:45:40 - [TEST_STEP][PASSED] - click: Object: 'Object Repository/Final Object Repo/New Registration - Registration Module Pages/Form 1/Sub Business Entity' is clicked on

2018-12-06 23:45:40 - [MESSAGE][PASSED] - Object: 'Object Repository/Final Object Repo/New Registration - Registration Module Pages/Form 1/Sub Business Entity' is clicked on

2018-12-06 23:45:40 - [TEST_STEP][PASSED] - click: Object: 'Object Repository/Final Object Repo/New Registration - Registration Module Pages/Form 1/Sub Business Entity - Berhad' is clicked on

2018-12-06 23:45:41 - [MESSAGE][PASSED] - Object: 'Object Repository/Final Object Repo/New Registration - Registration Module Pages/Form 1/Sub Business Entity - Berhad' is clicked on

2018-12-06 23:45:41 - [TEST_STEP][PASSED] - delay: Delayed 1 second(s)

2018-12-06 23:45:42 - [MESSAGE][PASSED] - Delayed 1 second(s)

2018-12-06 23:45:42 - [TEST_STEP][PASSED] - setText: Text '123' is set on object 'Object Repository/Final Object Repo/New Registration - Registration Module Pages/Form 1/Registration Number'

2018-12-06 23:45:42 - [MESSAGE][PASSED] - Text '123' is set on object 'Object Repository/Final Object Repo/New Registration - Registration Module Pages/Form 1/Registration Number'

2018-12-06 23:45:42 - [TEST_STEP][PASSED] - click: Object: 'Object Repository/Final Object Repo/New Registration - Registration Module Pages/Form 1/Registred with SSM - Before Feb' is clicked on

2018-12-06 23:45:42 - [MESSAGE][PASSED] - Object: 'Object Repository/Final Object Repo/New Registration - Registration Module Pages/Form 1/Registred with SSM - Before Feb' is clicked on

2018-12-06 23:45:42 - [TEST_STEP][PASSED] - click: Object: 'Object Repository/Final Object Repo/New Registration - Registration Module Pages/Form 1/Registered As a Branch - Yes' is clicked on

2018-12-06 23:45:42 - [MESSAGE][PASSED] - Object: 'Object Repository/Final Object Repo/New Registration - Registration Module Pages/Form 1/Registered As a Branch - Yes' is clicked on

2018-12-06 23:45:42 - [TEST_STEP][PASSED] - click: Object: 'Object Repository/Final Object Repo/New Registration - Registration Module Pages/Form 1/Acknowledgement' is clicked on

2018-12-06 23:45:42 - [MESSAGE][PASSED] - Object: 'Object Repository/Final Object Repo/New Registration - Registration Module Pages/Form 1/Acknowledgement' is clicked on

2018-12-06 23:45:42 - [TEST_STEP][PASSED] - setText: Text 'perkeso' is set on object 'Object Repository/Final Object Repo/New Registration - Registration Module Pages/Form 1/Industry name'

2018-12-06 23:45:43 - [MESSAGE][PASSED] - Text 'perkeso' is set on object 'Object Repository/Final Object Repo/New Registration - Registration Module Pages/Form 1/Industry name'

2018-12-06 23:45:43 - [TEST_STEP][PASSED] - setText: Text 'perkeso1' is set on object 'Object Repository/Final Object Repo/New Registration - Registration Module Pages/Form 1/Postal Address1'

2018-12-06 23:45:43 - [MESSAGE][PASSED] - Text 'perkeso1' is set on object 'Object Repository/Final Object Repo/New Registration - Registration Module Pages/Form 1/Postal Address1'

2018-12-06 23:45:43 - [TEST_STEP][PASSED] - setText: Text 'perkeso2' is set on object 'Object Repository/Final Object Repo/New Registration - Registration Module Pages/Form 1/Postal Address2'

2018-12-06 23:45:44 - [MESSAGE][PASSED] - Text 'perkeso2' is set on object 'Object Repository/Final Object Repo/New Registration - Registration Module Pages/Form 1/Postal Address2'

2018-12-06 23:45:44 - [TEST_STEP][PASSED] - setText: Text 'perkeso3' is set on object 'Object Repository/Final Object Repo/New Registration - Registration Module Pages/Form 1/Postal Address3'

2018-12-06 23:45:44 - [MESSAGE][PASSED] - Text 'perkeso3' is set on object 'Object Repository/Final Object Repo/New Registration - Registration Module Pages/Form 1/Postal Address3'

2018-12-06 23:45:44 - [TEST_STEP][PASSED] - click: Object: 'Object Repository/Final Object Repo/New Registration - Registration Module Pages/Form 1/State' is clicked on

2018-12-06 23:45:44 - [MESSAGE][PASSED] - Object: 'Object Repository/Final Object Repo/New Registration - Registration Module Pages/Form 1/State' is clicked on

2018-12-06 23:45:44 - [TEST_STEP][PASSED] - click: Object: 'Object Repository/Final Object Repo/New Registration - Registration Module Pages/Form 1/State - Johor' is clicked on

2018-12-06 23:45:44 - [MESSAGE][PASSED] - Object: 'Object Repository/Final Object Repo/New Registration - Registration Module Pages/Form 1/State - Johor' is clicked on

2018-12-06 23:45:44 - [TEST_STEP][PASSED] - delay: Delayed 1 second(s)

2018-12-06 23:45:45 - [MESSAGE][PASSED] - Delayed 1 second(s)

2018-12-06 23:45:45 - [TEST_STEP][PASSED] - click: Object: 'Object Repository/Final Object Repo/New Registration - Registration Module Pages/Form 1/City' is clicked on

2018-12-06 23:45:45 - [MESSAGE][PASSED] - Object: 'Object Repository/Final Object Repo/New Registration - Registration Module Pages/Form 1/City' is clicked on

2018-12-06 23:45:45 - [TEST_STEP][PASSED] - setText: Text 'joh' is set on object 'Object Repository/Final Object Repo/New Registration - Registration Module Pages/Form 1/Postcode - 810'

2018-12-06 23:45:46 - [MESSAGE][PASSED] - Text 'joh' is set on object 'Object Repository/Final Object Repo/New Registration - Registration Module Pages/Form 1/Postcode - 810'

2018-12-06 23:45:46 - [TEST_STEP][PASSED] - delay: Delayed 1 second(s)

2018-12-06 23:45:47 - [MESSAGE][PASSED] - Delayed 1 second(s)

2018-12-06 23:45:47 - [TEST_STEP][PASSED] - click: Object: 'Object Repository/Final Object Repo/New Registration - Registration Module Pages/Form 1/City - Johor Bharu' is clicked on

2018-12-06 23:45:47 - [MESSAGE][PASSED] - Object: 'Object Repository/Final Object Repo/New Registration - Registration Module Pages/Form 1/City - Johor Bharu' is clicked on

2018-12-06 23:45:47 - [TEST_STEP][PASSED] - delay: Delayed 1 second(s)

2018-12-06 23:45:48 - [MESSAGE][PASSED] - Delayed 1 second(s)

2018-12-06 23:45:48 - [TEST_STEP][PASSED] - click: Object: 'Object Repository/Final Object Repo/New Registration - Registration Module Pages/Form 1/Postcode' is clicked on

2018-12-06 23:45:48 - [MESSAGE][PASSED] - Object: 'Object Repository/Final Object Repo/New Registration - Registration Module Pages/Form 1/Postcode' is clicked on

2018-12-06 23:45:48 - [TEST_STEP][PASSED] - delay: Delayed 1 second(s)

2018-12-06 23:45:49 - [MESSAGE][PASSED] - Delayed 1 second(s)

2018-12-06 23:45:49 - [TEST_STEP][PASSED] - setText: Text '810' is set on object 'Object Repository/Final Object Repo/New Registration - Registration Module Pages/Form 1/Postcode - 810'

2018-12-06 23:45:49 - [MESSAGE][PASSED] - Text '810' is set on object 'Object Repository/Final Object Repo/New Registration - Registration Module Pages/Form 1/Postcode - 810'

2018-12-06 23:45:49 - [TEST_STEP][PASSED] - delay: Delayed 3 second(s)

2018-12-06 23:45:52 - [MESSAGE][PASSED] - Delayed 3 second(s)

2018-12-06 23:45:52 - [TEST_STEP][PASSED] - click: Object: 'Object Repository/Final Object Repo/New Registration - Registration Module Pages/Form 1/Postcode - 81000' is clicked on

2018-12-06 23:45:52 - [MESSAGE][PASSED] - Object: 'Object Repository/Final Object Repo/New Registration - Registration Module Pages/Form 1/Postcode - 81000' is clicked on

2018-12-06 23:45:52 - [TEST_STEP][PASSED] - delay: Delayed 1 second(s)

2018-12-06 23:45:53 - [MESSAGE][PASSED] - Delayed 1 second(s)

2018-12-06 23:45:53 - [TEST_STEP][PASSED] - setText: Text '100' is set on object 'Object Repository/Final Object Repo/New Registration - Registration Module Pages/Form 1/P.O.BOX'

2018-12-06 23:45:54 - [MESSAGE][PASSED] - Text '100' is set on object 'Object Repository/Final Object Repo/New Registration - Registration Module Pages/Form 1/P.O.BOX'

2018-12-06 23:45:54 - [TEST_STEP][PASSED] - setText: Text '100' is set on object 'Object Repository/Final Object Repo/New Registration - Registration Module Pages/Form 1/Locked Bag No'

2018-12-06 23:45:54 - [MESSAGE][PASSED] - Text '100' is set on object 'Object Repository/Final Object Repo/New Registration - Registration Module Pages/Form 1/Locked Bag No'

2018-12-06 23:45:54 - [TEST_STEP][PASSED] - click: Object: 'Object Repository/Final Object Repo/New Registration - Registration Module Pages/Form 1/SOCSO Office Location' is clicked on

2018-12-06 23:45:54 - [MESSAGE][PASSED] - Object: 'Object Repository/Final Object Repo/New Registration - Registration Module Pages/Form 1/SOCSO Office Location' is clicked on

2018-12-06 23:45:54 - [TEST_STEP][PASSED] - click: Object: 'Object Repository/Final Object Repo/New Registration - Registration Module Pages/Form 1/SOCSO Office Location - Pejabat PERKESO Negeri Johor' is clicked on

2018-12-06 23:45:54 - [MESSAGE][PASSED] - Object: 'Object Repository/Final Object Repo/New Registration - Registration Module Pages/Form 1/SOCSO Office Location - Pejabat PERKESO Negeri Johor' is clicked on

2018-12-06 23:45:54 - [TEST_STEP][PASSED] - delay: Delayed 1 second(s)

2018-12-06 23:45:55 - [MESSAGE][PASSED] - Delayed 1 second(s)

2018-12-06 23:45:55 - [TEST_STEP][PASSED] - check: Object 'Object Repository/Final Object Repo/New Registration - Registration Module Pages/Form 1/Indusrty Address Same As Postal Address' is checked

2018-12-06 23:45:56 - [MESSAGE][PASSED] - Object 'Object Repository/Final Object Repo/New Registration - Registration Module Pages/Form 1/Indusrty Address Same As Postal Address' is checked

2018-12-06 23:45:56 - [TEST_STEP][PASSED] - delay: Delayed 3 second(s)

2018-12-06 23:45:59 - [MESSAGE][PASSED] - Delayed 3 second(s)

2018-12-06 23:45:59 - [TEST_STEP][PASSED] - click: Object: 'Object Repository/Final Object Repo/New Registration - Registration Module Pages/Form 1/Indusry Address Same As Postal Address False' is clicked on

2018-12-06 23:45:59 - [MESSAGE][PASSED] - Object: 'Object Repository/Final Object Repo/New Registration - Registration Module Pages/Form 1/Indusry Address Same As Postal Address False' is clicked on

2018-12-06 23:45:59 - [TEST_STEP][PASSED] - delay: Delayed 1 second(s)

2018-12-06 23:46:00 - [MESSAGE][PASSED] - Delayed 1 second(s)

2018-12-06 23:46:00 - [TEST_STEP][PASSED] - setText: Text 'perkeso1' is set on object 'Object Repository/Final Object Repo/New Registration - Registration Module Pages/Form 1/Industry Address1'

2018-12-06 23:46:00 - [MESSAGE][PASSED] - Text 'perkeso1' is set on object 'Object Repository/Final Object Repo/New Registration - Registration Module Pages/Form 1/Industry Address1'

2018-12-06 23:46:00 - [TEST_STEP][PASSED] - setText: Text 'perkeso2' is set on object 'Object Repository/Final Object Repo/New Registration - Registration Module Pages/Form 1/Industry Address2'

2018-12-06 23:46:01 - [MESSAGE][PASSED] - Text 'perkeso2' is set on object 'Object Repository/Final Object Repo/New Registration - Registration Module Pages/Form 1/Industry Address2'

2018-12-06 23:46:01 - [TEST_STEP][PASSED] - setText: Text 'perkeso3' is set on object 'Object Repository/Final Object Repo/New Registration - Registration Module Pages/Form 1/Industry Address3'

2018-12-06 23:46:01 - [MESSAGE][PASSED] - Text 'perkeso3' is set on object 'Object Repository/Final Object Repo/New Registration - Registration Module Pages/Form 1/Industry Address3'

2018-12-06 23:46:01 - [TEST_STEP][PASSED] - click: Object: 'Object Repository/Final Object Repo/New Registration - Registration Module Pages/Form 1/Industry State' is clicked on

2018-12-06 23:46:01 - [MESSAGE][PASSED] - Object: 'Object Repository/Final Object Repo/New Registration - Registration Module Pages/Form 1/Industry State' is clicked on

2018-12-06 23:46:01 - [TEST_STEP][PASSED] - delay: Delayed 2 second(s)

2018-12-06 23:46:03 - [MESSAGE][PASSED] - Delayed 2 second(s)

2018-12-06 23:46:03 - [TEST_STEP][PASSED] - click: Object: 'Object Repository/Final Object Repo/New Registration - Registration Module Pages/Form 1/Industry State - Johor' is clicked on

2018-12-06 23:46:03 - [MESSAGE][PASSED] - Object: 'Object Repository/Final Object Repo/New Registration - Registration Module Pages/Form 1/Industry State - Johor' is clicked on

2018-12-06 23:46:03 - [TEST_STEP][PASSED] - delay: Delayed 2 second(s)

2018-12-06 23:46:05 - [MESSAGE][PASSED] - Delayed 2 second(s)

2018-12-06 23:46:05 - [TEST_STEP][PASSED] - click: Object: 'Object Repository/Final Object Repo/New Registration - Registration Module Pages/Form 1/Industry Ciry' is clicked on

2018-12-06 23:46:05 - [MESSAGE][PASSED] - Object: 'Object Repository/Final Object Repo/New Registration - Registration Module Pages/Form 1/Industry Ciry' is clicked on

2018-12-06 23:46:05 - [TEST_STEP][PASSED] - setText: Text 'joh' is set on object 'Object Repository/Final Object Repo/New Registration - Registration Module Pages/Form 1/Industry Ciry - joh'

2018-12-06 23:46:06 - [MESSAGE][PASSED] - Text 'joh' is set on object 'Object Repository/Final Object Repo/New Registration - Registration Module Pages/Form 1/Industry Ciry - joh'

2018-12-06 23:46:06 - [TEST_STEP][PASSED] - delay: Delayed 2 second(s)

2018-12-06 23:46:08 - [MESSAGE][PASSED] - Delayed 2 second(s)

2018-12-06 23:46:08 - [TEST_STEP][PASSED] - click: Object: 'Object Repository/Final Object Repo/New Registration - Registration Module Pages/Form 1/Industy State - Johor Bharu' is clicked on

2018-12-06 23:46:08 - [MESSAGE][PASSED] - Object: 'Object Repository/Final Object Repo/New Registration - Registration Module Pages/Form 1/Industy State - Johor Bharu' is clicked on

2018-12-06 23:46:08 - [TEST_STEP][PASSED] - delay: Delayed 1 second(s)

2018-12-06 23:46:09 - [MESSAGE][PASSED] - Delayed 1 second(s)

2018-12-06 23:46:09 - [TEST_STEP][PASSED] - click: Object: 'Object Repository/Final Object Repo/New Registration - Registration Module Pages/Form 1/Indusry PostCode' is clicked on

2018-12-06 23:46:09 - [MESSAGE][PASSED] - Object: 'Object Repository/Final Object Repo/New Registration - Registration Module Pages/Form 1/Indusry PostCode' is clicked on

2018-12-06 23:46:09 - [TEST_STEP][PASSED] - delay: Delayed 1 second(s)

2018-12-06 23:46:10 - [MESSAGE][PASSED] - Delayed 1 second(s)

2018-12-06 23:46:10 - [TEST_STEP][PASSED] - setText: Text '810' is set on object 'Object Repository/Final Object Repo/New Registration - Registration Module Pages/Form 1/Insutry Post Code - 810'

2018-12-06 23:46:10 - [MESSAGE][PASSED] - Text '810' is set on object 'Object Repository/Final Object Repo/New Registration - Registration Module Pages/Form 1/Insutry Post Code - 810'

2018-12-06 23:46:10 - [TEST_STEP][PASSED] - delay: Delayed 1 second(s)

2018-12-06 23:46:11 - [MESSAGE][PASSED] - Delayed 1 second(s)

2018-12-06 23:46:11 - [TEST_STEP][PASSED] - click: Object: 'Object Repository/Final Object Repo/New Registration - Registration Module Pages/Form 1/Insutry Post Code - 81000' is clicked on

2018-12-06 23:46:11 - [MESSAGE][PASSED] - Object: 'Object Repository/Final Object Repo/New Registration - Registration Module Pages/Form 1/Insutry Post Code - 81000' is clicked on

2018-12-06 23:46:11 - [TEST_STEP][PASSED] - delay: Delayed 1 second(s)

2018-12-06 23:46:12 - [MESSAGE][PASSED] - Delayed 1 second(s)

2018-12-06 23:46:12 - [TEST_STEP][PASSED] - setText: Text '100' is set on object 'Object Repository/Final Object Repo/New Registration - Registration Module Pages/Form 1/Industry P.O.BOX'

2018-12-06 23:46:13 - [MESSAGE][PASSED] - Text '100' is set on object 'Object Repository/Final Object Repo/New Registration - Registration Module Pages/Form 1/Industry P.O.BOX'

2018-12-06 23:46:13 - [TEST_STEP][PASSED] - setText: Text '100' is set on object 'Object Repository/Final Object Repo/New Registration - Registration Module Pages/Form 1/Industry Locked Bag No'

2018-12-06 23:46:13 - [MESSAGE][PASSED] - Text '100' is set on object 'Object Repository/Final Object Repo/New Registration - Registration Module Pages/Form 1/Industry Locked Bag No'

2018-12-06 23:46:13 - [TEST_STEP][PASSED] - setText: Text '123456789' is set on object 'Object Repository/Final Object Repo/New Registration - Registration Module Pages/Form 1/Telephone No'

2018-12-06 23:46:13 - [MESSAGE][PASSED] - Text '123456789' is set on object 'Object Repository/Final Object Repo/New Registration - Registration Module Pages/Form 1/Telephone No'

2018-12-06 23:46:13 - [TEST_STEP][PASSED] - setText: Text '123456789' is set on object 'Object Repository/Final Object Repo/New Registration - Registration Module Pages/Form 1/Mobile No'

2018-12-06 23:46:14 - [MESSAGE][PASSED] - Text '123456789' is set on object 'Object Repository/Final Object Repo/New Registration - Registration Module Pages/Form 1/Mobile No'

2018-12-06 23:46:14 - [TEST_STEP][PASSED] - setText: Text '123456789' is set on object 'Object Repository/Final Object Repo/New Registration - Registration Module Pages/Form 1/Fax No'

2018-12-06 23:46:14 - [MESSAGE][PASSED] - Text '123456789' is set on object 'Object Repository/Final Object Repo/New Registration - Registration Module Pages/Form 1/Fax No'

2018-12-06 23:46:14 - [TEST_STEP][PASSED] - click: Object: 'Object Repository/Final Object Repo/New Registration - Registration Module Pages/Form 1/Industry Code' is clicked on

2018-12-06 23:46:14 - [MESSAGE][PASSED] - Object: 'Object Repository/Final Object Repo/New Registration - Registration Module Pages/Form 1/Industry Code' is clicked on

2018-12-06 23:46:14 - [TEST_STEP][PASSED] - click: Object: 'Object Repository/Final Object Repo/New Registration - Registration Module Pages/Form 1/Indudustry Code - Crops and Animal' is clicked on

2018-12-06 23:46:15 - [MESSAGE][PASSED] - Object: 'Object Repository/Final Object Repo/New Registration - Registration Module Pages/Form 1/Indudustry Code - Crops and Animal' is clicked on

2018-12-06 23:46:15 - [TEST_STEP][PASSED] - delay: Delayed 1 second(s)

2018-12-06 23:46:16 - [MESSAGE][PASSED] - Delayed 1 second(s)

2018-12-06 23:46:16 - [TEST_STEP][PASSED] - click: Object: 'Object Repository/Final Object Repo/New Registration - Registration Module Pages/Form 1/Sub Industry Code List' is clicked on

2018-12-06 23:46:16 - [MESSAGE][PASSED] - Object: 'Object Repository/Final Object Repo/New Registration - Registration Module Pages/Form 1/Sub Industry Code List' is clicked on

2018-12-06 23:46:16 - [TEST_STEP][PASSED] - click: Object: 'Object Repository/Final Object Repo/New Registration - Registration Module Pages/Form 1/Sub Industry Code List - Growing of Maize' is clicked on

2018-12-06 23:46:16 - [MESSAGE][PASSED] - Object: 'Object Repository/Final Object Repo/New Registration - Registration Module Pages/Form 1/Sub Industry Code List - Growing of Maize' is clicked on

2018-12-06 23:46:16 - [TEST_STEP][PASSED] - setText: Text 'perkeso123@gmail.com' is set on object 'Object Repository/Final Object Repo/New Registration - Registration Module Pages/Form 1/Email'

2018-12-06 23:46:17 - [MESSAGE][PASSED] - Text 'perkeso123@gmail.com' is set on object 'Object Repository/Final Object Repo/New Registration - Registration Module Pages/Form 1/Email'

2018-12-06 23:46:17 - [TEST_STEP][PASSED] - click: Object: 'Object Repository/Final Object Repo/New Registration - Registration Module Pages/Form 1/Method of Contribution Payment' is clicked on

2018-12-06 23:46:17 - [MESSAGE][PASSED] - Object: 'Object Repository/Final Object Repo/New Registration - Registration Module Pages/Form 1/Method of Contribution Payment' is clicked on

2018-12-06 23:46:17 - [TEST_STEP][PASSED] - click: Object: 'Object Repository/Final Object Repo/New Registration - Registration Module Pages/Form 1/Method of Contribution Payment - Portal' is clicked on

2018-12-06 23:46:17 - [MESSAGE][PASSED] - Object: 'Object Repository/Final Object Repo/New Registration - Registration Module Pages/Form 1/Method of Contribution Payment - Portal' is clicked on

2018-12-06 23:46:17 - [TEST_STEP][PASSED] - click: Object: 'Object Repository/Final Object Repo/New Registration - Registration Module Pages/Form 1/Servide Type' is clicked on

2018-12-06 23:46:17 - [MESSAGE][PASSED] - Object: 'Object Repository/Final Object Repo/New Registration - Registration Module Pages/Form 1/Servide Type' is clicked on

2018-12-06 23:46:17 - [TEST_STEP][PASSED] - click: Object: 'Object Repository/Final Object Repo/New Registration - Registration Module Pages/Form 1/Servide Type - Professional Bodies' is clicked on

2018-12-06 23:46:18 - [MESSAGE][PASSED] - Object: 'Object Repository/Final Object Repo/New Registration - Registration Module Pages/Form 1/Servide Type - Professional Bodies' is clicked on

2018-12-06 23:46:18 - [TEST_STEP][PASSED] - click: Object: 'Object Repository/Final Object Repo/New Registration - Registration Module Pages/Form 1/Industry Venue' is clicked on

2018-12-06 23:46:18 - [MESSAGE][PASSED] - Object: 'Object Repository/Final Object Repo/New Registration - Registration Module Pages/Form 1/Industry Venue' is clicked on

2018-12-06 23:46:18 - [TEST_STEP][PASSED] - click: Object: 'Object Repository/Final Object Repo/New Registration - Registration Module Pages/Form 1/Industry Venue -  PPN JOHOR' is clicked on

2018-12-06 23:46:18 - [MESSAGE][PASSED] - Object: 'Object Repository/Final Object Repo/New Registration - Registration Module Pages/Form 1/Industry Venue -  PPN JOHOR' is clicked on

2018-12-06 23:46:18 - [TEST_STEP][PASSED] - click: Object: 'Object Repository/Final Object Repo/New Registration - Registration Module Pages/Form 1/Save  Continue' is clicked on

2018-12-06 23:46:18 - [MESSAGE][PASSED] - Object: 'Object Repository/Final Object Repo/New Registration - Registration Module Pages/Form 1/Save  Continue' is clicked on

2018-12-06 23:46:18 - [MESSAGE][PASSED] - Call Test Case 'Test Cases/Final Aug 2018 - PKS Automation/Registration Module/New Registration/Form 1/Form 1 - Corporation - BHD' successfully

2018-12-06 23:46:18 - [TEST_STEP][PASSED] - callTestCase: Call Test Case 'Test Cases/Final Aug 2018 - PKS Automation/Registration Module/New Registration/Form 2/Add 1 Eligible' successfully

2018-12-06 23:46:18 - [TEST_CASE][PASSED] - Test Cases/Final Aug 2018 - PKS Automation/Registration Module/New Registration/Form 2/Add 1 Eligible: Test Cases/Final Aug 2018 - PKS Automation/Registration Module/New Registration/Form 2/Add 1 Eligible

2018-12-06 23:46:18 - [TEST_STEP][PASSED] - delay: Delayed 2 second(s)

2018-12-06 23:46:20 - [MESSAGE][PASSED] - Delayed 2 second(s)

2018-12-06 23:46:20 - [TEST_STEP][PASSED] - callTestCase: Call Test Case 'Test Cases/Final Aug 2018 - PKS Automation/Registration Module/New Registration/Form 2/Date Updater' successfully

2018-12-06 23:46:20 - [TEST_CASE][PASSED] - Test Cases/Final Aug 2018 - PKS Automation/Registration Module/New Registration/Form 2/Date Updater: Test Cases/Final Aug 2018 - PKS Automation/Registration Module/New Registration/Form 2/Date Updater

2018-12-06 23:46:20 - [TEST_STEP][PASSED] - Statement - TodayDate = new java.util.Date(): null

2018-12-06 23:46:20 - [TEST_STEP][PASSED] - Statement - CurrentDateNoFilter = new java.text.SimpleDateFormat(): null

2018-12-06 23:46:20 - [TEST_STEP][PASSED] - Statement - CurrentDateNoFilter.applyPattern("MM"): null

2018-12-06 23:46:20 - [TEST_STEP][PASSED] - Statement - monthContainerMatcher = java.lang.Integer.parseInt(CurrentDateNoFilter.format(TodayDate)): null

2018-12-06 23:46:20 - [TEST_STEP][PASSED] - Statement - monthContainerMatcher = monthContainerMatcher - 1: null

2018-12-06 23:46:20 - [TEST_STEP][PASSED] - Statement - CurrentMonth = monthContainerMatcher.toString(): null

2018-12-06 23:46:20 - [TEST_STEP][PASSED] - Statement - CurrentMonth = CurrentMonth: null

2018-12-06 23:46:20 - [TEST_STEP][PASSED] - Statement - CurrentDateNoFilter.applyPattern("yyyy"): null

2018-12-06 23:46:20 - [TEST_STEP][PASSED] - Statement - CurrentYear = CurrentDateNoFilter.format(TodayDate): null

2018-12-06 23:46:20 - [TEST_STEP][PASSED] - Statement - CurrentYear = CurrentYear: null

2018-12-06 23:46:20 - [TEST_STEP][PASSED] - Statement - intCurrentYear = java.lang.Integer.parseInt(CurrentDateNoFilter.format(TodayDate)): null

2018-12-06 23:46:20 - [TEST_STEP][PASSED] - Statement - eighteenYrsAgo = intCurrentYear - 18: null

2018-12-06 23:46:20 - [TEST_STEP][PASSED] - Statement - eighteenYrsBeforeThisYr = eighteenYrsAgo.toString(): null

2018-12-06 23:46:20 - [TEST_STEP][PASSED] - Statement - EighteenYrsBefore = eighteenYrsBeforeThisYr: null

2018-12-06 23:46:20 - [TEST_STEP][PASSED] - Statement - fiftysevenYrsAgo = intCurrentYear - 57: null

2018-12-06 23:46:20 - [TEST_STEP][PASSED] - Statement - fiftysevenYrsBeforeThisYr = fiftysevenYrsAgo.toString(): null

2018-12-06 23:46:20 - [TEST_STEP][PASSED] - Statement - FiftysevenYrsBefore = fiftysevenYrsBeforeThisYr: null

2018-12-06 23:46:20 - [TEST_STEP][PASSED] - Statement - leapYear = false: null

2018-12-06 23:46:20 - [TEST_STEP][PASSED] - Statement - leapYear = intCurrentYear % 4 == 0: null

2018-12-06 23:46:20 - [TEST_STEP][PASSED] - Statement - CurrentDateNoFilter.applyPattern("dd"): null

2018-12-06 23:46:20 - [TEST_STEP][PASSED] - Statement - CurrentDate = CurrentDateNoFilter.format(TodayDate): null

2018-12-06 23:46:20 - [TEST_STEP][PASSED] - Statement - CurrentDate = java.lang.Integer.parseInt(CurrentDate): null

2018-12-06 23:46:20 - [TEST_STEP][PASSED] - Statement - CurrentDate = CurrentDate: null

2018-12-06 23:46:20 - [TEST_STEP][PASSED] - Statement - CurrentDay = java.lang.Integer.parseInt(CurrentDate): null

2018-12-06 23:46:20 - [TEST_STEP][PASSED] - Statement - ConfAdder = <not implemented yet for class: org.codehaus.groovy.ast.expr.EmptyExpression>: null

2018-12-06 23:46:20 - [TEST_STEP][PASSED] - Statement - out.println(CurrentMonth): null

2018-12-06 23:46:20 - [TEST_STEP][PASSED] - Statement - out.println(CurrentDate): null

2018-12-06 23:46:20 - [TEST_STEP][PASSED] - Statement - switch (CurrentDate): null

2018-12-06 23:46:20 - [TEST_STEP][PASSED] - Statement - Default: null

2018-12-06 23:46:20 - [TEST_STEP][PASSED] - Statement - ConfAdder = true: null

2018-12-06 23:46:20 - [TEST_STEP][PASSED] - Statement - Break: null

2018-12-06 23:46:20 - [TEST_STEP][PASSED] - Statement - aDayBefore = <not implemented yet for class: org.codehaus.groovy.ast.expr.EmptyExpression>: null

2018-12-06 23:46:20 - [TEST_STEP][PASSED] - Statement - out.println(ConfAdder): null

2018-12-06 23:46:20 - [TEST_STEP][PASSED] - Statement - If (ConfAdder == true): null

2018-12-06 23:46:20 - [TEST_STEP][PASSED] - Statement - aDayBefore = CurrentDay + 1: null

2018-12-06 23:46:20 - [TEST_STEP][PASSED] - Statement - out.println(aDayBefore): null

2018-12-06 23:46:20 - [TEST_STEP][PASSED] - Statement - If (aDayBefore == 1 && CurrentMonth == 11): null

2018-12-06 23:46:20 - [TEST_STEP][PASSED] - Statement - DayBefore = aDayBefore.toString(): null

2018-12-06 23:46:20 - [TEST_STEP][PASSED] - Statement - OneDayBefore = DayBefore: null

2018-12-06 23:46:20 - [MESSAGE][PASSED] - Call Test Case 'Test Cases/Final Aug 2018 - PKS Automation/Registration Module/New Registration/Form 2/Date Updater' successfully

2018-12-06 23:46:20 - [TEST_STEP][PASSED] - delay: Delayed 1 second(s)

2018-12-06 23:46:21 - [MESSAGE][PASSED] - Delayed 1 second(s)

2018-12-06 23:46:21 - [TEST_STEP][PASSED] - Statement - CaseReferenceNo = com.kms.katalon.core.webui.keyword.WebUiBuiltInKeywords.getText(com.kms.katalon.core.testobject.ObjectRepository.findTestObject(Final Object Repo/New Registration - Registration Module Pages/Form 2/RefNo Acquiring)): Text of object 'Object Repository/Final Object Repo/New Registration - Registration Module Pages/Form 2/RefNo Acquiring' is: 'CRN12201800123071'

2018-12-06 23:46:21 - [MESSAGE][PASSED] - Text of object 'Object Repository/Final Object Repo/New Registration - Registration Module Pages/Form 2/RefNo Acquiring' is: 'CRN12201800123071'

2018-12-06 23:46:21 - [TEST_STEP][PASSED] - delay: Delayed 1 second(s)

2018-12-06 23:46:22 - [MESSAGE][PASSED] - Delayed 1 second(s)

2018-12-06 23:46:22 - [TEST_STEP][PASSED] - click: Object: 'Object Repository/Final Object Repo/New Registration - Registration Module Pages/Form 2/Add Employee Button' is clicked on

2018-12-06 23:46:23 - [MESSAGE][PASSED] - Object: 'Object Repository/Final Object Repo/New Registration - Registration Module Pages/Form 2/Add Employee Button' is clicked on

2018-12-06 23:46:23 - [TEST_STEP][PASSED] - delay: Delayed 1 second(s)

2018-12-06 23:46:24 - [MESSAGE][PASSED] - Delayed 1 second(s)

2018-12-06 23:46:24 - [TEST_STEP][PASSED] - setText: Text '010903091963' is set on object 'Object Repository/Final Object Repo/New Registration - Registration Module Pages/Form 2/NRIC Input'

2018-12-06 23:46:24 - [MESSAGE][PASSED] - Text '010903091963' is set on object 'Object Repository/Final Object Repo/New Registration - Registration Module Pages/Form 2/NRIC Input'

2018-12-06 23:46:24 - [TEST_STEP][PASSED] - click: Object: 'Object Repository/Final Object Repo/New Registration - Registration Module Pages/Form 2/button for search for IC' is clicked on

2018-12-06 23:46:24 - [MESSAGE][PASSED] - Object: 'Object Repository/Final Object Repo/New Registration - Registration Module Pages/Form 2/button for search for IC' is clicked on

2018-12-06 23:46:24 - [TEST_STEP][PASSED] - delay: Delayed 2 second(s)

2018-12-06 23:46:26 - [MESSAGE][PASSED] - Delayed 2 second(s)

2018-12-06 23:46:26 - [TEST_STEP][PASSED] - setText: Text 'Automate001 eligible 1' is set on object 'Object Repository/Final Object Repo/New Registration - Registration Module Pages/Form 2/Employee Name Input'

2018-12-06 23:46:27 - [MESSAGE][PASSED] - Text 'Automate001 eligible 1' is set on object 'Object Repository/Final Object Repo/New Registration - Registration Module Pages/Form 2/Employee Name Input'

2018-12-06 23:46:27 - [TEST_STEP][PASSED] - delay: Delayed 2 second(s)

2018-12-06 23:46:29 - [MESSAGE][PASSED] - Delayed 2 second(s)

2018-12-06 23:46:29 - [TEST_STEP][PASSED] - click: Object: 'Object Repository/Final Object Repo/New Registration - Registration Module Pages/Form 2/DatePicker Pop Up' is clicked on

2018-12-06 23:46:29 - [MESSAGE][PASSED] - Object: 'Object Repository/Final Object Repo/New Registration - Registration Module Pages/Form 2/DatePicker Pop Up' is clicked on

2018-12-06 23:46:29 - [TEST_STEP][PASSED] - click: Object: 'Object Repository/Final Object Repo/New Registration - Registration Module Pages/Form 2/DOB Month' is clicked on

2018-12-06 23:46:29 - [MESSAGE][PASSED] - Object: 'Object Repository/Final Object Repo/New Registration - Registration Module Pages/Form 2/DOB Month' is clicked on

2018-12-06 23:46:29 - [TEST_STEP][PASSED] - Statement - CurrentMonth = CurrentMonth: null

2018-12-06 23:46:29 - [TEST_STEP][PASSED] - Statement - selectMonth = new com.kms.katalon.core.testobject.TestObject(): null

2018-12-06 23:46:29 - [TEST_STEP][PASSED] - Statement - selectMonth.addProperty("xpath", EQUALS, "//body/div/div/div/select/option[@value='" + CurrentMonth + "']", true): null

2018-12-06 23:46:29 - [TEST_STEP][PASSED] - click: Object: '' is clicked on

2018-12-06 23:46:29 - [MESSAGE][PASSED] - Object: '' is clicked on

2018-12-06 23:46:29 - [TEST_STEP][PASSED] - click: Object: 'Object Repository/Final Object Repo/New Registration - Registration Module Pages/Form 2/DOB Year' is clicked on

2018-12-06 23:46:29 - [MESSAGE][PASSED] - Object: 'Object Repository/Final Object Repo/New Registration - Registration Module Pages/Form 2/DOB Year' is clicked on

2018-12-06 23:46:29 - [TEST_STEP][PASSED] - Statement - Eyearsbf = EighteenYrsBefore: null

2018-12-06 23:46:29 - [TEST_STEP][PASSED] - Statement - selectYear = new com.kms.katalon.core.testobject.TestObject(): null

2018-12-06 23:46:29 - [TEST_STEP][PASSED] - Statement - selectYear.addProperty("xpath", EQUALS, "//div/div/div/select/option[@value='" + Eyearsbf + "']", true): null

2018-12-06 23:46:29 - [TEST_STEP][PASSED] - click: Object: '' is clicked on

2018-12-06 23:46:29 - [MESSAGE][PASSED] - Object: '' is clicked on

2018-12-06 23:46:29 - [TEST_STEP][PASSED] - Statement - UpdatedSelectDate = com.kms.katalon.core.webui.keyword.WebUiBuiltInKeywords.modifyObjectProperty(com.kms.katalon.core.testobject.ObjectRepository.findTestObject(Final Object Repo/New Registration - Registration Module Pages/Form 2/DOB Date), "xpath", "equals", "//body/div/table/tbody/tr/td/a[text()="" + CurrentDate + ""]", true): Modify property of object successfully

2018-12-06 23:46:29 - [MESSAGE][PASSED] - Modify property of object successfully

2018-12-06 23:46:29 - [TEST_STEP][PASSED] - delay: Delayed 3 second(s)

2018-12-06 23:46:32 - [MESSAGE][PASSED] - Delayed 3 second(s)

2018-12-06 23:46:32 - [TEST_STEP][PASSED] - click: Object: 'Object Repository/Final Object Repo/New Registration - Registration Module Pages/Form 2/DOB Date' is clicked on

2018-12-06 23:46:33 - [MESSAGE][PASSED] - Object: 'Object Repository/Final Object Repo/New Registration - Registration Module Pages/Form 2/DOB Date' is clicked on

2018-12-06 23:46:33 - [TEST_STEP][PASSED] - delay: Delayed 2 second(s)

2018-12-06 23:46:35 - [MESSAGE][PASSED] - Delayed 2 second(s)

2018-12-06 23:46:35 - [TEST_STEP][PASSED] - click: Object: 'Object Repository/Final Object Repo/New Registration - Registration Module Pages/Form 2/EmploymentStartDate Pop Up' is clicked on

2018-12-06 23:46:35 - [MESSAGE][PASSED] - Object: 'Object Repository/Final Object Repo/New Registration - Registration Module Pages/Form 2/EmploymentStartDate Pop Up' is clicked on

2018-12-06 23:46:35 - [TEST_STEP][PASSED] - delay: Delayed 2 second(s)

2018-12-06 23:46:37 - [MESSAGE][PASSED] - Delayed 2 second(s)

2018-12-06 23:46:37 - [TEST_STEP][PASSED] - click: Object: 'Object Repository/Final Object Repo/New Registration - Registration Module Pages/Form 2/Socso Employment StartDate Month' is clicked on

2018-12-06 23:46:37 - [MESSAGE][PASSED] - Object: 'Object Repository/Final Object Repo/New Registration - Registration Module Pages/Form 2/Socso Employment StartDate Month' is clicked on

2018-12-06 23:46:37 - [TEST_STEP][PASSED] - delay: Delayed 1 second(s)

2018-12-06 23:46:38 - [MESSAGE][PASSED] - Delayed 1 second(s)

2018-12-06 23:46:38 - [TEST_STEP][PASSED] - click: Object: 'Object Repository/Final Object Repo/New Registration - Registration Module Pages/Form 2/Select Socso Employement Startdate Month' is clicked on

2018-12-06 23:46:38 - [MESSAGE][PASSED] - Object: 'Object Repository/Final Object Repo/New Registration - Registration Module Pages/Form 2/Select Socso Employement Startdate Month' is clicked on

2018-12-06 23:46:38 - [TEST_STEP][PASSED] - delay: Delayed 2 second(s)

2018-12-06 23:46:40 - [MESSAGE][PASSED] - Delayed 2 second(s)

2018-12-06 23:46:40 - [TEST_STEP][PASSED] - click: Object: 'Object Repository/Final Object Repo/New Registration - Registration Module Pages/Form 2/Socso Employment StartDate Year' is clicked on

2018-12-06 23:46:40 - [MESSAGE][PASSED] - Object: 'Object Repository/Final Object Repo/New Registration - Registration Module Pages/Form 2/Socso Employment StartDate Year' is clicked on

2018-12-06 23:46:40 - [TEST_STEP][PASSED] - delay: Delayed 1 second(s)

2018-12-06 23:46:41 - [MESSAGE][PASSED] - Delayed 1 second(s)

2018-12-06 23:46:41 - [TEST_STEP][PASSED] - click: Object: 'Object Repository/Final Object Repo/New Registration - Registration Module Pages/Form 2/Select Socso Employment Startdate Year' is clicked on

2018-12-06 23:46:41 - [MESSAGE][PASSED] - Object: 'Object Repository/Final Object Repo/New Registration - Registration Module Pages/Form 2/Select Socso Employment Startdate Year' is clicked on

2018-12-06 23:46:41 - [TEST_STEP][PASSED] - delay: Delayed 2 second(s)

2018-12-06 23:46:43 - [MESSAGE][PASSED] - Delayed 2 second(s)

2018-12-06 23:46:43 - [TEST_STEP][PASSED] - click: Object: 'Object Repository/Final Object Repo/New Registration - Registration Module Pages/Form 2/Socso Employment Start Date Day' is clicked on

2018-12-06 23:46:44 - [MESSAGE][PASSED] - Object: 'Object Repository/Final Object Repo/New Registration - Registration Module Pages/Form 2/Socso Employment Start Date Day' is clicked on

2018-12-06 23:46:44 - [TEST_STEP][PASSED] - delay: Delayed 2 second(s)

2018-12-06 23:46:46 - [MESSAGE][PASSED] - Delayed 2 second(s)

2018-12-06 23:46:46 - [TEST_STEP][PASSED] - click: Object: 'Object Repository/Final Object Repo/New Registration - Registration Module Pages/Form 2/Save Button for Add Employee' is clicked on

2018-12-06 23:46:46 - [MESSAGE][PASSED] - Object: 'Object Repository/Final Object Repo/New Registration - Registration Module Pages/Form 2/Save Button for Add Employee' is clicked on

2018-12-06 23:46:46 - [TEST_STEP][PASSED] - delay: Delayed 6 second(s)

2018-12-06 23:46:52 - [MESSAGE][PASSED] - Delayed 6 second(s)

2018-12-06 23:46:52 - [TEST_STEP][PASSED] - click: Object: 'Object Repository/Final Object Repo/New Registration - Registration Module Pages/Form 2/Save and Continue Form 2' is clicked on

2018-12-06 23:46:52 - [MESSAGE][PASSED] - Object: 'Object Repository/Final Object Repo/New Registration - Registration Module Pages/Form 2/Save and Continue Form 2' is clicked on

2018-12-06 23:46:52 - [MESSAGE][PASSED] - Call Test Case 'Test Cases/Final Aug 2018 - PKS Automation/Registration Module/New Registration/Form 2/Add 1 Eligible' successfully

2018-12-06 23:46:52 - [TEST_STEP][PASSED] - callTestCase: Call Test Case 'Test Cases/Final Aug 2018 - PKS Automation/Registration Module/New Registration/Flow of New Registration/Third Screen - Upload Supporting Doc - Preview' successfully

2018-12-06 23:46:52 - [TEST_CASE][PASSED] - Test Cases/Final Aug 2018 - PKS Automation/Registration Module/New Registration/Flow of New Registration/Third Screen - Upload Supporting Doc - Preview: Test Cases/Final Aug 2018 - PKS Automation/Registration Module/New Registration/Flow of New Registration/Third Screen - Upload Supporting Doc - Preview

2018-12-06 23:46:52 - [TEST_STEP][PASSED] - waitForPageLoad: Wait for page load successfully

2018-12-06 23:46:53 - [MESSAGE][PASSED] - Wait for page load successfully

2018-12-06 23:46:53 - [TEST_STEP][PASSED] - Statement - CaseReferenceNo = com.kms.katalon.core.webui.keyword.WebUiBuiltInKeywords.getText(com.kms.katalon.core.testobject.ObjectRepository.findTestObject(Final Object Repo/New Registration - Registration Module Pages/Third Screen - Upload Supporting Doc- Preview/RefNo Acquiring)): Text of object 'Object Repository/Final Object Repo/New Registration - Registration Module Pages/Third Screen - Upload Supporting Doc- Preview/RefNo Acquiring' is: 'CRN12201800123071'

2018-12-06 23:46:53 - [MESSAGE][PASSED] - Text of object 'Object Repository/Final Object Repo/New Registration - Registration Module Pages/Third Screen - Upload Supporting Doc- Preview/RefNo Acquiring' is: 'CRN12201800123071'

2018-12-06 23:46:53 - [TEST_STEP][PASSED] - delay: Delayed 2 second(s)

2018-12-06 23:46:55 - [MESSAGE][PASSED] - Delayed 2 second(s)

2018-12-06 23:46:55 - [TEST_STEP][PASSED] - callTestCase: Call Test Case 'Test Cases/Final Aug 2018 - PKS Automation/Common/Reference Number Setter' successfully

2018-12-06 23:46:55 - [TEST_CASE][PASSED] - Test Cases/Final Aug 2018 - PKS Automation/Common/Reference Number Setter: Test Cases/Final Aug 2018 - PKS Automation/Common/Reference Number Setter

2018-12-06 23:46:55 - [TEST_STEP][PASSED] - Statement - RefNoOldFile = new java.io.File(C://Users//Admin//Desktop//PKS//Automation Reference Point//KatalonReference.txt): null

2018-12-06 23:46:55 - [TEST_STEP][PASSED] - Statement - RefNoOldFile.delete(): null

2018-12-06 23:46:55 - [TEST_STEP][PASSED] - delay: Delayed 5 second(s)

2018-12-06 23:47:00 - [MESSAGE][PASSED] - Delayed 5 second(s)

2018-12-06 23:47:00 - [TEST_STEP][PASSED] - Statement - RefNo = new java.io.File(C://Users//Admin//Desktop//PKS//Automation Reference Point//KatalonReference.txt): null

2018-12-06 23:47:00 - [TEST_STEP][PASSED] - Statement - f2 = new java.io.FileWriter(RefNo, false): null

2018-12-06 23:47:00 - [TEST_STEP][PASSED] - Statement - f2.write(CaseReferenceNo): null

2018-12-06 23:47:00 - [TEST_STEP][PASSED] - Statement - f2.close(): null

2018-12-06 23:47:00 - [TEST_STEP][PASSED] - Statement - out.println("


" + CaseReferenceNo + "


"): null

2018-12-06 23:47:00 - [MESSAGE][PASSED] - Call Test Case 'Test Cases/Final Aug 2018 - PKS Automation/Common/Reference Number Setter' successfully

2018-12-06 23:47:00 - [TEST_STEP][PASSED] - waitForElementClickable: Object 'Object Repository/Final Object Repo/New Registration - Registration Module Pages/Third Screen - Upload Supporting Doc- Preview/Save n Continue in SIP Employee Listing Page' is clickable

2018-12-06 23:47:00 - [MESSAGE][PASSED] - Object 'Object Repository/Final Object Repo/New Registration - Registration Module Pages/Third Screen - Upload Supporting Doc- Preview/Save n Continue in SIP Employee Listing Page' is clickable

2018-12-06 23:47:00 - [TEST_STEP][PASSED] - click: Object: 'Object Repository/Final Object Repo/New Registration - Registration Module Pages/Third Screen - Upload Supporting Doc- Preview/Save n Continue in SIP Employee Listing Page' is clicked on

2018-12-06 23:47:05 - [MESSAGE][PASSED] - Object: 'Object Repository/Final Object Repo/New Registration - Registration Module Pages/Third Screen - Upload Supporting Doc- Preview/Save n Continue in SIP Employee Listing Page' is clicked on

2018-12-06 23:47:05 - [TEST_STEP][PASSED] - delay: Delayed 7 second(s)

2018-12-06 23:47:12 - [MESSAGE][PASSED] - Delayed 7 second(s)

2018-12-06 23:47:12 - [TEST_STEP][PASSED] - click: Object: 'Object Repository/Final Object Repo/New Registration - Registration Module Pages/Third Screen - Upload Supporting Doc- Preview/Add Document Button' is clicked on

2018-12-06 23:47:12 - [MESSAGE][PASSED] - Object: 'Object Repository/Final Object Repo/New Registration - Registration Module Pages/Third Screen - Upload Supporting Doc- Preview/Add Document Button' is clicked on

2018-12-06 23:47:12 - [TEST_STEP][PASSED] - delay: Delayed 30 second(s)

2018-12-06 23:47:42 - [MESSAGE][PASSED] - Delayed 30 second(s)

2018-12-06 23:47:42 - [TEST_STEP][PASSED] - click: Object: 'Object Repository/Final Object Repo/New Registration - Registration Module Pages/Third Screen - Upload Supporting Doc- Preview/Supporting Doc Please Select Drop Down' is clicked on

2018-12-06 23:47:43 - [MESSAGE][PASSED] - Object: 'Object Repository/Final Object Repo/New Registration - Registration Module Pages/Third Screen - Upload Supporting Doc- Preview/Supporting Doc Please Select Drop Down' is clicked on

2018-12-06 23:47:43 - [TEST_STEP][PASSED] - delay: Delayed 2 second(s)

2018-12-06 23:47:45 - [MESSAGE][PASSED] - Delayed 2 second(s)

2018-12-06 23:47:45 - [TEST_STEP][PASSED] - click: Object: 'Object Repository/Final Object Repo/New Registration - Registration Module Pages/Third Screen - Upload Supporting Doc- Preview/Select to Upload Form 1' is clicked on

2018-12-06 23:47:45 - [MESSAGE][PASSED] - Object: 'Object Repository/Final Object Repo/New Registration - Registration Module Pages/Third Screen - Upload Supporting Doc- Preview/Select to Upload Form 1' is clicked on

2018-12-06 23:47:45 - [TEST_STEP][PASSED] - delay: Delayed 2 second(s)

2018-12-06 23:47:47 - [MESSAGE][PASSED] - Delayed 2 second(s)

2018-12-06 23:47:47 - [TEST_STEP][PASSED] - uploadFile: File 'C:\Users\Public\Pictures\Sample Pictures\Koala.jpg' sent to object: 'Object Repository/Final Object Repo/New Registration - Registration Module Pages/Third Screen - Upload Supporting Doc- Preview/Upload File Adding'

2018-12-06 23:47:47 - [MESSAGE][PASSED] - File 'C:\Users\Public\Pictures\Sample Pictures\Koala.jpg' sent to object: 'Object Repository/Final Object Repo/New Registration - Registration Module Pages/Third Screen - Upload Supporting Doc- Preview/Upload File Adding'

2018-12-06 23:47:47 - [TEST_STEP][PASSED] - delay: Delayed 5 second(s)

2018-12-06 23:47:52 - [MESSAGE][PASSED] - Delayed 5 second(s)

2018-12-06 23:47:52 - [TEST_STEP][PASSED] - click: Object: 'Object Repository/Final Object Repo/New Registration - Registration Module Pages/Third Screen - Upload Supporting Doc- Preview/Inner Form Add Document Button' is clicked on

2018-12-06 23:47:52 - [MESSAGE][PASSED] - Object: 'Object Repository/Final Object Repo/New Registration - Registration Module Pages/Third Screen - Upload Supporting Doc- Preview/Inner Form Add Document Button' is clicked on

2018-12-06 23:47:52 - [TEST_STEP][PASSED] - delay: Delayed 3 second(s)

2018-12-06 23:47:55 - [MESSAGE][PASSED] - Delayed 3 second(s)

2018-12-06 23:47:55 - [TEST_STEP][PASSED] - click: Object: 'Object Repository/Final Object Repo/New Registration - Registration Module Pages/Third Screen - Upload Supporting Doc- Preview/Add Document Button' is clicked on

2018-12-06 23:47:56 - [MESSAGE][PASSED] - Object: 'Object Repository/Final Object Repo/New Registration - Registration Module Pages/Third Screen - Upload Supporting Doc- Preview/Add Document Button' is clicked on

2018-12-06 23:47:56 - [TEST_STEP][PASSED] - delay: Delayed 30 second(s)

2018-12-06 23:48:26 - [MESSAGE][PASSED] - Delayed 30 second(s)

2018-12-06 23:48:26 - [TEST_STEP][PASSED] - click: Object: 'Object Repository/Final Object Repo/New Registration - Registration Module Pages/Third Screen - Upload Supporting Doc- Preview/Supporting Doc Please Select Drop Down' is clicked on

2018-12-06 23:48:27 - [MESSAGE][PASSED] - Object: 'Object Repository/Final Object Repo/New Registration - Registration Module Pages/Third Screen - Upload Supporting Doc- Preview/Supporting Doc Please Select Drop Down' is clicked on

2018-12-06 23:48:27 - [TEST_STEP][PASSED] - delay: Delayed 2 second(s)

2018-12-06 23:48:29 - [MESSAGE][PASSED] - Delayed 2 second(s)

2018-12-06 23:48:29 - [TEST_STEP][PASSED] - click: Object: 'Object Repository/Final Object Repo/New Registration - Registration Module Pages/Third Screen - Upload Supporting Doc- Preview/Select to Upload Form 2' is clicked on

2018-12-06 23:48:29 - [MESSAGE][PASSED] - Object: 'Object Repository/Final Object Repo/New Registration - Registration Module Pages/Third Screen - Upload Supporting Doc- Preview/Select to Upload Form 2' is clicked on

2018-12-06 23:48:29 - [TEST_STEP][PASSED] - delay: Delayed 2 second(s)

2018-12-06 23:48:31 - [MESSAGE][PASSED] - Delayed 2 second(s)

2018-12-06 23:48:31 - [TEST_STEP][PASSED] - uploadFile: File 'C:\Users\Public\Pictures\Sample Pictures\Koala.jpg' sent to object: 'Object Repository/Final Object Repo/New Registration - Registration Module Pages/Third Screen - Upload Supporting Doc- Preview/Upload File Adding'

2018-12-06 23:48:31 - [MESSAGE][PASSED] - File 'C:\Users\Public\Pictures\Sample Pictures\Koala.jpg' sent to object: 'Object Repository/Final Object Repo/New Registration - Registration Module Pages/Third Screen - Upload Supporting Doc- Preview/Upload File Adding'

2018-12-06 23:48:31 - [TEST_STEP][PASSED] - click: Object: 'Object Repository/Final Object Repo/New Registration - Registration Module Pages/Third Screen - Upload Supporting Doc- Preview/Inner Form Add Document Button' is clicked on

2018-12-06 23:48:31 - [MESSAGE][PASSED] - Object: 'Object Repository/Final Object Repo/New Registration - Registration Module Pages/Third Screen - Upload Supporting Doc- Preview/Inner Form Add Document Button' is clicked on

2018-12-06 23:48:31 - [TEST_STEP][PASSED] - delay: Delayed 5 second(s)

2018-12-06 23:48:36 - [MESSAGE][PASSED] - Delayed 5 second(s)

2018-12-06 23:48:36 - [TEST_STEP][PASSED] - click: Object: 'Object Repository/Final Object Repo/New Registration - Registration Module Pages/Third Screen - Upload Supporting Doc- Preview/Add Document Button' is clicked on

2018-12-06 23:48:36 - [MESSAGE][PASSED] - Object: 'Object Repository/Final Object Repo/New Registration - Registration Module Pages/Third Screen - Upload Supporting Doc- Preview/Add Document Button' is clicked on

2018-12-06 23:48:36 - [TEST_STEP][PASSED] - delay: Delayed 30 second(s)

2018-12-06 23:49:06 - [MESSAGE][PASSED] - Delayed 30 second(s)

2018-12-06 23:49:06 - [TEST_STEP][PASSED] - click: Object: 'Object Repository/Final Object Repo/New Registration - Registration Module Pages/Third Screen - Upload Supporting Doc- Preview/Supporting Doc Please Select Drop Down' is clicked on

2018-12-06 23:49:06 - [MESSAGE][PASSED] - Object: 'Object Repository/Final Object Repo/New Registration - Registration Module Pages/Third Screen - Upload Supporting Doc- Preview/Supporting Doc Please Select Drop Down' is clicked on

2018-12-06 23:49:06 - [TEST_STEP][PASSED] - click: Object: 'Object Repository/Final Object Repo/New Registration - Registration Module Pages/Third Screen - Upload Supporting Doc- Preview/Select to Upload Borang SIP 1' is clicked on

2018-12-06 23:49:07 - [MESSAGE][PASSED] - Object: 'Object Repository/Final Object Repo/New Registration - Registration Module Pages/Third Screen - Upload Supporting Doc- Preview/Select to Upload Borang SIP 1' is clicked on

2018-12-06 23:49:07 - [TEST_STEP][PASSED] - delay: Delayed 2 second(s)

2018-12-06 23:49:09 - [MESSAGE][PASSED] - Delayed 2 second(s)

2018-12-06 23:49:09 - [TEST_STEP][PASSED] - uploadFile: File 'C:\Users\Public\Pictures\Sample Pictures\Koala.jpg' sent to object: 'Object Repository/Final Object Repo/New Registration - Registration Module Pages/Third Screen - Upload Supporting Doc- Preview/Upload File Adding'

2018-12-06 23:49:09 - [MESSAGE][PASSED] - File 'C:\Users\Public\Pictures\Sample Pictures\Koala.jpg' sent to object: 'Object Repository/Final Object Repo/New Registration - Registration Module Pages/Third Screen - Upload Supporting Doc- Preview/Upload File Adding'

2018-12-06 23:49:09 - [TEST_STEP][PASSED] - click: Object: 'Object Repository/Final Object Repo/New Registration - Registration Module Pages/Third Screen - Upload Supporting Doc- Preview/Inner Form Add Document Button' is clicked on

2018-12-06 23:49:09 - [MESSAGE][PASSED] - Object: 'Object Repository/Final Object Repo/New Registration - Registration Module Pages/Third Screen - Upload Supporting Doc- Preview/Inner Form Add Document Button' is clicked on

2018-12-06 23:49:09 - [TEST_STEP][PASSED] - delay: Delayed 5 second(s)

2018-12-06 23:49:14 - [MESSAGE][PASSED] - Delayed 5 second(s)

2018-12-06 23:49:14 - [TEST_STEP][PASSED] - click: Object: 'Object Repository/Final Object Repo/New Registration - Registration Module Pages/Third Screen - Upload Supporting Doc- Preview/Add Document Button' is clicked on

2018-12-06 23:49:14 - [MESSAGE][PASSED] - Object: 'Object Repository/Final Object Repo/New Registration - Registration Module Pages/Third Screen - Upload Supporting Doc- Preview/Add Document Button' is clicked on

2018-12-06 23:49:14 - [TEST_STEP][PASSED] - delay: Delayed 30 second(s)

2018-12-06 23:49:44 - [MESSAGE][PASSED] - Delayed 30 second(s)

2018-12-06 23:49:44 - [TEST_STEP][PASSED] - click: Object: 'Object Repository/Final Object Repo/New Registration - Registration Module Pages/Third Screen - Upload Supporting Doc- Preview/Supporting Doc Please Select Drop Down' is clicked on

2018-12-06 23:49:44 - [MESSAGE][PASSED] - Object: 'Object Repository/Final Object Repo/New Registration - Registration Module Pages/Third Screen - Upload Supporting Doc- Preview/Supporting Doc Please Select Drop Down' is clicked on

2018-12-06 23:49:44 - [TEST_STEP][PASSED] - delay: Delayed 3 second(s)

2018-12-06 23:49:47 - [MESSAGE][PASSED] - Delayed 3 second(s)

2018-12-06 23:49:47 - [TEST_STEP][PASSED] - click: Object: 'Object Repository/Final Object Repo/New Registration - Registration Module Pages/Third Screen - Upload Supporting Doc- Preview/Select to Upload Borang SIP 2' is clicked on

2018-12-06 23:49:47 - [MESSAGE][PASSED] - Object: 'Object Repository/Final Object Repo/New Registration - Registration Module Pages/Third Screen - Upload Supporting Doc- Preview/Select to Upload Borang SIP 2' is clicked on

2018-12-06 23:49:47 - [TEST_STEP][PASSED] - delay: Delayed 2 second(s)

2018-12-06 23:49:49 - [MESSAGE][PASSED] - Delayed 2 second(s)

2018-12-06 23:49:49 - [TEST_STEP][PASSED] - uploadFile: File 'C:\Users\Public\Pictures\Sample Pictures\Koala.jpg' sent to object: 'Object Repository/Final Object Repo/New Registration - Registration Module Pages/Third Screen - Upload Supporting Doc- Preview/Upload File Adding'

2018-12-06 23:49:49 - [MESSAGE][PASSED] - File 'C:\Users\Public\Pictures\Sample Pictures\Koala.jpg' sent to object: 'Object Repository/Final Object Repo/New Registration - Registration Module Pages/Third Screen - Upload Supporting Doc- Preview/Upload File Adding'

2018-12-06 23:49:49 - [TEST_STEP][PASSED] - delay: Delayed 5 second(s)

2018-12-06 23:49:54 - [MESSAGE][PASSED] - Delayed 5 second(s)

2018-12-06 23:49:54 - [TEST_STEP][PASSED] - click: Object: 'Object Repository/Final Object Repo/New Registration - Registration Module Pages/Third Screen - Upload Supporting Doc- Preview/Inner Form Add Document Button' is clicked on

2018-12-06 23:49:55 - [MESSAGE][PASSED] - Object: 'Object Repository/Final Object Repo/New Registration - Registration Module Pages/Third Screen - Upload Supporting Doc- Preview/Inner Form Add Document Button' is clicked on

2018-12-06 23:49:55 - [TEST_STEP][PASSED] - delay: Delayed 3 second(s)

2018-12-06 23:49:58 - [MESSAGE][PASSED] - Delayed 3 second(s)

2018-12-06 23:49:58 - [TEST_STEP][PASSED] - waitForElementClickable: Object 'Object Repository/Final Object Repo/New Registration - Registration Module Pages/Third Screen - Upload Supporting Doc- Preview/Save n Continue in Uploading Supporting Doc Page' is clickable

2018-12-06 23:49:59 - [MESSAGE][PASSED] - Object 'Object Repository/Final Object Repo/New Registration - Registration Module Pages/Third Screen - Upload Supporting Doc- Preview/Save n Continue in Uploading Supporting Doc Page' is clickable

2018-12-06 23:49:59 - [TEST_STEP][PASSED] - click: Object: 'Object Repository/Final Object Repo/New Registration - Registration Module Pages/Third Screen - Upload Supporting Doc- Preview/Save n Continue in Uploading Supporting Doc Page' is clicked on

2018-12-06 23:49:59 - [MESSAGE][PASSED] - Object: 'Object Repository/Final Object Repo/New Registration - Registration Module Pages/Third Screen - Upload Supporting Doc- Preview/Save n Continue in Uploading Supporting Doc Page' is clicked on

2018-12-06 23:49:59 - [MESSAGE][PASSED] - Call Test Case 'Test Cases/Final Aug 2018 - PKS Automation/Registration Module/New Registration/Flow of New Registration/Third Screen - Upload Supporting Doc - Preview' successfully

2018-12-06 23:49:59 - [TEST_STEP][PASSED] - callTestCase: Call Test Case 'Test Cases/Final Aug 2018 - PKS Automation/Registration Module/New Registration/Submit and Screenshot/Submit Registration and Screenshot - Copy' successfully

2018-12-06 23:49:59 - [TEST_CASE][PASSED] - Test Cases/Final Aug 2018 - PKS Automation/Registration Module/New Registration/Submit and Screenshot/Submit Registration and Screenshot - Copy: Test Cases/Final Aug 2018 - PKS Automation/Registration Module/New Registration/Submit and Screenshot/Submit Registration and Screenshot - Copy

2018-12-06 23:49:59 - [TEST_STEP][PASSED] - delay: Delayed 6 second(s)

2018-12-06 23:50:05 - [MESSAGE][PASSED] - Delayed 6 second(s)

2018-12-06 23:50:05 - [TEST_STEP][PASSED] - click: Object: 'Object Repository/Final Object Repo/New Registration - Registration Module Pages/Third Screen - Upload Supporting Doc- Preview/Preview Submit Button' is clicked on

2018-12-06 23:50:05 - [MESSAGE][PASSED] - Object: 'Object Repository/Final Object Repo/New Registration - Registration Module Pages/Third Screen - Upload Supporting Doc- Preview/Preview Submit Button' is clicked on

2018-12-06 23:50:05 - [TEST_STEP][PASSED] - delay: Delayed 2 second(s)

2018-12-06 23:50:07 - [MESSAGE][PASSED] - Delayed 2 second(s)

2018-12-06 23:50:07 - [TEST_STEP][PASSED] - click: Object: 'Object Repository/Final Object Repo/New Registration - Registration Module Pages/Third Screen - Upload Supporting Doc- Preview/Preview Submit - Confirm' is clicked on

2018-12-06 23:50:07 - [MESSAGE][PASSED] - Object: 'Object Repository/Final Object Repo/New Registration - Registration Module Pages/Third Screen - Upload Supporting Doc- Preview/Preview Submit - Confirm' is clicked on

2018-12-06 23:50:07 - [TEST_STEP][PASSED] - delay: Delayed 15 second(s)

2018-12-06 23:50:22 - [MESSAGE][PASSED] - Delayed 15 second(s)

2018-12-06 23:50:22 - [TEST_STEP][PASSED] - Statement - driver = com.kms.katalon.core.webui.driver.DriverFactory.getWebDriver(): null

2018-12-06 23:50:22 - [TEST_STEP][PASSED] - Statement - driver.manage().timeouts().implicitlyWait(10, SECONDS): null

2018-12-06 23:50:22 - [TEST_STEP][PASSED] - Statement - PresavePath = KatalonScreenshots: null

2018-12-06 23:50:22 - [TEST_STEP][PASSED] - Statement - pathPrefix = "C:\Users\Public\Pictures\Sample Pictures\Katalon Screenshots\Automate Ending Screen": null

2018-12-06 23:50:22 - [TEST_STEP][PASSED] - Statement - finalPath = <not implemented yet for class: org.codehaus.groovy.ast.expr.EmptyExpression>: null

2018-12-06 23:50:22 - [TEST_STEP][PASSED] - Statement - scrFile = driver.getScreenshotAs(FILE): null

2018-12-06 23:50:23 - [TEST_STEP][PASSED] - Statement - PreSaveFile = new java.io.File(PresavePath): null

2018-12-06 23:50:23 - [TEST_STEP][PASSED] - Statement - counter = 0: null

2018-12-06 23:50:23 - [TEST_STEP][PASSED] - Statement - If (PreSaveFile.exists()): null

2018-12-06 23:50:23 - [TEST_STEP][PASSED] - Statement - While (PreSaveFile.exists()): null

2018-12-06 23:50:23 - [TEST_STEP][PASSED] - Statement - counter = counter + 1: null

2018-12-06 23:50:23 - [TEST_STEP][PASSED] - Statement - PreSaveFile = new java.io.File(((pathPrefix + java.lang.Integer.toString(counter)) + .png)): null

2018-12-06 23:50:23 - [TEST_STEP][PASSED] - Statement - counter = counter + 1: null

2018-12-06 23:50:23 - [TEST_STEP][PASSED] - Statement - PreSaveFile = new java.io.File(((pathPrefix + java.lang.Integer.toString(counter)) + .png)): null

2018-12-06 23:50:23 - [TEST_STEP][PASSED] - Statement - counter = counter + 1: null

2018-12-06 23:50:23 - [TEST_STEP][PASSED] - Statement - PreSaveFile = new java.io.File(((pathPrefix + java.lang.Integer.toString(counter)) + .png)): null

2018-12-06 23:50:23 - [TEST_STEP][PASSED] - Statement - counter = counter + 1: null

2018-12-06 23:50:23 - [TEST_STEP][PASSED] - Statement - PreSaveFile = new java.io.File(((pathPrefix + java.lang.Integer.toString(counter)) + .png)): null

2018-12-06 23:50:23 - [TEST_STEP][PASSED] - Statement - counter = counter + 1: null

2018-12-06 23:50:23 - [TEST_STEP][PASSED] - Statement - PreSaveFile = new java.io.File(((pathPrefix + java.lang.Integer.toString(counter)) + .png)): null

2018-12-06 23:50:23 - [TEST_STEP][PASSED] - Statement - counter = counter + 1: null

2018-12-06 23:50:23 - [TEST_STEP][PASSED] - Statement - PreSaveFile = new java.io.File(((pathPrefix + java.lang.Integer.toString(counter)) + .png)): null

2018-12-06 23:50:23 - [TEST_STEP][PASSED] - Statement - counter = counter + 1: null

2018-12-06 23:50:23 - [TEST_STEP][PASSED] - Statement - PreSaveFile = new java.io.File(((pathPrefix + java.lang.Integer.toString(counter)) + .png)): null

2018-12-06 23:50:23 - [TEST_STEP][PASSED] - Statement - counter = counter + 1: null

2018-12-06 23:50:23 - [TEST_STEP][PASSED] - Statement - PreSaveFile = new java.io.File(((pathPrefix + java.lang.Integer.toString(counter)) + .png)): null

2018-12-06 23:50:23 - [TEST_STEP][PASSED] - Statement - counter = counter + 1: null

2018-12-06 23:50:23 - [TEST_STEP][PASSED] - Statement - PreSaveFile = new java.io.File(((pathPrefix + java.lang.Integer.toString(counter)) + .png)): null

2018-12-06 23:50:23 - [TEST_STEP][PASSED] - Statement - counter = counter + 1: null

2018-12-06 23:50:23 - [TEST_STEP][PASSED] - Statement - PreSaveFile = new java.io.File(((pathPrefix + java.lang.Integer.toString(counter)) + .png)): null

2018-12-06 23:50:23 - [TEST_STEP][PASSED] - Statement - counter = counter + 1: null

2018-12-06 23:50:23 - [TEST_STEP][PASSED] - Statement - PreSaveFile = new java.io.File(((pathPrefix + java.lang.Integer.toString(counter)) + .png)): null

2018-12-06 23:50:23 - [TEST_STEP][PASSED] - Statement - counter = counter + 1: null

2018-12-06 23:50:23 - [TEST_STEP][PASSED] - Statement - PreSaveFile = new java.io.File(((pathPrefix + java.lang.Integer.toString(counter)) + .png)): null

2018-12-06 23:50:23 - [TEST_STEP][PASSED] - Statement - counter = counter + 1: null

2018-12-06 23:50:23 - [TEST_STEP][PASSED] - Statement - PreSaveFile = new java.io.File(((pathPrefix + java.lang.Integer.toString(counter)) + .png)): null

2018-12-06 23:50:23 - [TEST_STEP][PASSED] - Statement - counter = counter + 1: null

2018-12-06 23:50:23 - [TEST_STEP][PASSED] - Statement - PreSaveFile = new java.io.File(((pathPrefix + java.lang.Integer.toString(counter)) + .png)): null

2018-12-06 23:50:23 - [TEST_STEP][PASSED] - Statement - counter = counter + 1: null

2018-12-06 23:50:23 - [TEST_STEP][PASSED] - Statement - PreSaveFile = new java.io.File(((pathPrefix + java.lang.Integer.toString(counter)) + .png)): null

2018-12-06 23:50:23 - [TEST_STEP][PASSED] - Statement - counter = counter + 1: null

2018-12-06 23:50:23 - [TEST_STEP][PASSED] - Statement - PreSaveFile = new java.io.File(((pathPrefix + java.lang.Integer.toString(counter)) + .png)): null

2018-12-06 23:50:23 - [TEST_STEP][PASSED] - Statement - counter = counter + 1: null

2018-12-06 23:50:23 - [TEST_STEP][PASSED] - Statement - PreSaveFile = new java.io.File(((pathPrefix + java.lang.Integer.toString(counter)) + .png)): null

2018-12-06 23:50:23 - [TEST_STEP][PASSED] - Statement - counter = counter + 1: null

2018-12-06 23:50:23 - [TEST_STEP][PASSED] - Statement - PreSaveFile = new java.io.File(((pathPrefix + java.lang.Integer.toString(counter)) + .png)): null

2018-12-06 23:50:23 - [TEST_STEP][PASSED] - Statement - counter = counter + 1: null

2018-12-06 23:50:23 - [TEST_STEP][PASSED] - Statement - PreSaveFile = new java.io.File(((pathPrefix + java.lang.Integer.toString(counter)) + .png)): null

2018-12-06 23:50:23 - [TEST_STEP][PASSED] - Statement - counter = counter + 1: null

2018-12-06 23:50:23 - [TEST_STEP][PASSED] - Statement - PreSaveFile = new java.io.File(((pathPrefix + java.lang.Integer.toString(counter)) + .png)): null

2018-12-06 23:50:23 - [TEST_STEP][PASSED] - Statement - counter = counter + 1: null

2018-12-06 23:50:23 - [TEST_STEP][PASSED] - Statement - PreSaveFile = new java.io.File(((pathPrefix + java.lang.Integer.toString(counter)) + .png)): null

2018-12-06 23:50:23 - [TEST_STEP][PASSED] - Statement - counter = counter + 1: null

2018-12-06 23:50:23 - [TEST_STEP][PASSED] - Statement - PreSaveFile = new java.io.File(((pathPrefix + java.lang.Integer.toString(counter)) + .png)): null

2018-12-06 23:50:23 - [TEST_STEP][PASSED] - Statement - counter = counter + 1: null

2018-12-06 23:50:23 - [TEST_STEP][PASSED] - Statement - PreSaveFile = new java.io.File(((pathPrefix + java.lang.Integer.toString(counter)) + .png)): null

2018-12-06 23:50:23 - [TEST_STEP][PASSED] - Statement - counter = counter + 1: null

2018-12-06 23:50:23 - [TEST_STEP][PASSED] - Statement - PreSaveFile = new java.io.File(((pathPrefix + java.lang.Integer.toString(counter)) + .png)): null

2018-12-06 23:50:23 - [TEST_STEP][PASSED] - Statement - counter = counter + 1: null

2018-12-06 23:50:23 - [TEST_STEP][PASSED] - Statement - PreSaveFile = new java.io.File(((pathPrefix + java.lang.Integer.toString(counter)) + .png)): null

2018-12-06 23:50:23 - [TEST_STEP][PASSED] - Statement - counter = counter + 1: null

2018-12-06 23:50:23 - [TEST_STEP][PASSED] - Statement - PreSaveFile = new java.io.File(((pathPrefix + java.lang.Integer.toString(counter)) + .png)): null

2018-12-06 23:50:23 - [TEST_STEP][PASSED] - Statement - counter = counter + 1: null

2018-12-06 23:50:23 - [TEST_STEP][PASSED] - Statement - PreSaveFile = new java.io.File(((pathPrefix + java.lang.Integer.toString(counter)) + .png)): null

2018-12-06 23:50:23 - [TEST_STEP][PASSED] - Statement - counter = counter + 1: null

2018-12-06 23:50:23 - [TEST_STEP][PASSED] - Statement - PreSaveFile = new java.io.File(((pathPrefix + java.lang.Integer.toString(counter)) + .png)): null

2018-12-06 23:50:23 - [TEST_STEP][PASSED] - Statement - counter = counter + 1: null

2018-12-06 23:50:23 - [TEST_STEP][PASSED] - Statement - PreSaveFile = new java.io.File(((pathPrefix + java.lang.Integer.toString(counter)) + .png)): null

2018-12-06 23:50:23 - [TEST_STEP][PASSED] - Statement - counter = counter + 1: null

2018-12-06 23:50:23 - [TEST_STEP][PASSED] - Statement - PreSaveFile = new java.io.File(((pathPrefix + java.lang.Integer.toString(counter)) + .png)): null

2018-12-06 23:50:23 - [TEST_STEP][PASSED] - Statement - counter = counter + 1: null

2018-12-06 23:50:23 - [TEST_STEP][PASSED] - Statement - PreSaveFile = new java.io.File(((pathPrefix + java.lang.Integer.toString(counter)) + .png)): null

2018-12-06 23:50:23 - [TEST_STEP][PASSED] - Statement - counter = counter + 1: null

2018-12-06 23:50:23 - [TEST_STEP][PASSED] - Statement - PreSaveFile = new java.io.File(((pathPrefix + java.lang.Integer.toString(counter)) + .png)): null

2018-12-06 23:50:23 - [TEST_STEP][PASSED] - Statement - counter = counter + 1: null

2018-12-06 23:50:23 - [TEST_STEP][PASSED] - Statement - PreSaveFile = new java.io.File(((pathPrefix + java.lang.Integer.toString(counter)) + .png)): null

2018-12-06 23:50:23 - [TEST_STEP][PASSED] - Statement - counter = counter + 1: null

2018-12-06 23:50:23 - [TEST_STEP][PASSED] - Statement - PreSaveFile = new java.io.File(((pathPrefix + java.lang.Integer.toString(counter)) + .png)): null

2018-12-06 23:50:23 - [TEST_STEP][PASSED] - Statement - counter = counter + 1: null

2018-12-06 23:50:23 - [TEST_STEP][PASSED] - Statement - PreSaveFile = new java.io.File(((pathPrefix + java.lang.Integer.toString(counter)) + .png)): null

2018-12-06 23:50:23 - [TEST_STEP][PASSED] - Statement - counter = counter + 1: null

2018-12-06 23:50:23 - [TEST_STEP][PASSED] - Statement - PreSaveFile = new java.io.File(((pathPrefix + java.lang.Integer.toString(counter)) + .png)): null

2018-12-06 23:50:23 - [TEST_STEP][PASSED] - Statement - counter = counter + 1: null

2018-12-06 23:50:23 - [TEST_STEP][PASSED] - Statement - PreSaveFile = new java.io.File(((pathPrefix + java.lang.Integer.toString(counter)) + .png)): null

2018-12-06 23:50:23 - [TEST_STEP][PASSED] - Statement - counter = counter + 1: null

2018-12-06 23:50:23 - [TEST_STEP][PASSED] - Statement - PreSaveFile = new java.io.File(((pathPrefix + java.lang.Integer.toString(counter)) + .png)): null

2018-12-06 23:50:23 - [TEST_STEP][PASSED] - Statement - counter = counter + 1: null

2018-12-06 23:50:23 - [TEST_STEP][PASSED] - Statement - PreSaveFile = new java.io.File(((pathPrefix + java.lang.Integer.toString(counter)) + .png)): null

2018-12-06 23:50:23 - [TEST_STEP][PASSED] - Statement - counter = counter + 1: null

2018-12-06 23:50:23 - [TEST_STEP][PASSED] - Statement - PreSaveFile = new java.io.File(((pathPrefix + java.lang.Integer.toString(counter)) + .png)): null

2018-12-06 23:50:23 - [TEST_STEP][PASSED] - Statement - counter = counter + 1: null

2018-12-06 23:50:23 - [TEST_STEP][PASSED] - Statement - PreSaveFile = new java.io.File(((pathPrefix + java.lang.Integer.toString(counter)) + .png)): null

2018-12-06 23:50:23 - [TEST_STEP][PASSED] - Statement - counter = counter + 1: null

2018-12-06 23:50:23 - [TEST_STEP][PASSED] - Statement - PreSaveFile = new java.io.File(((pathPrefix + java.lang.Integer.toString(counter)) + .png)): null

2018-12-06 23:50:23 - [TEST_STEP][PASSED] - Statement - counter = counter + 1: null

2018-12-06 23:50:23 - [TEST_STEP][PASSED] - Statement - PreSaveFile = new java.io.File(((pathPrefix + java.lang.Integer.toString(counter)) + .png)): null

2018-12-06 23:50:23 - [TEST_STEP][PASSED] - Statement - counter = counter + 1: null

2018-12-06 23:50:23 - [TEST_STEP][PASSED] - Statement - PreSaveFile = new java.io.File(((pathPrefix + java.lang.Integer.toString(counter)) + .png)): null

2018-12-06 23:50:23 - [TEST_STEP][PASSED] - Statement - counter = counter + 1: null

2018-12-06 23:50:23 - [TEST_STEP][PASSED] - Statement - PreSaveFile = new java.io.File(((pathPrefix + java.lang.Integer.toString(counter)) + .png)): null

2018-12-06 23:50:23 - [TEST_STEP][PASSED] - Statement - counter = counter + 1: null

2018-12-06 23:50:23 - [TEST_STEP][PASSED] - Statement - PreSaveFile = new java.io.File(((pathPrefix + java.lang.Integer.toString(counter)) + .png)): null

2018-12-06 23:50:23 - [TEST_STEP][PASSED] - Statement - counter = counter + 1: null

2018-12-06 23:50:23 - [TEST_STEP][PASSED] - Statement - PreSaveFile = new java.io.File(((pathPrefix + java.lang.Integer.toString(counter)) + .png)): null

2018-12-06 23:50:23 - [TEST_STEP][PASSED] - Statement - counter = counter + 1: null

2018-12-06 23:50:23 - [TEST_STEP][PASSED] - Statement - PreSaveFile = new java.io.File(((pathPrefix + java.lang.Integer.toString(counter)) + .png)): null

2018-12-06 23:50:23 - [TEST_STEP][PASSED] - Statement - counter = counter + 1: null

2018-12-06 23:50:23 - [TEST_STEP][PASSED] - Statement - PreSaveFile = new java.io.File(((pathPrefix + java.lang.Integer.toString(counter)) + .png)): null

2018-12-06 23:50:23 - [TEST_STEP][PASSED] - Statement - counter = counter + 1: null

2018-12-06 23:50:23 - [TEST_STEP][PASSED] - Statement - PreSaveFile = new java.io.File(((pathPrefix + java.lang.Integer.toString(counter)) + .png)): null

2018-12-06 23:50:23 - [TEST_STEP][PASSED] - Statement - counter = counter + 1: null

2018-12-06 23:50:23 - [TEST_STEP][PASSED] - Statement - PreSaveFile = new java.io.File(((pathPrefix + java.lang.Integer.toString(counter)) + .png)): null

2018-12-06 23:50:23 - [TEST_STEP][PASSED] - Statement - counter = counter + 1: null

2018-12-06 23:50:23 - [TEST_STEP][PASSED] - Statement - PreSaveFile = new java.io.File(((pathPrefix + java.lang.Integer.toString(counter)) + .png)): null

2018-12-06 23:50:23 - [TEST_STEP][PASSED] - Statement - counter = counter + 1: null

2018-12-06 23:50:23 - [TEST_STEP][PASSED] - Statement - PreSaveFile = new java.io.File(((pathPrefix + java.lang.Integer.toString(counter)) + .png)): null

2018-12-06 23:50:23 - [TEST_STEP][PASSED] - Statement - counter = counter + 1: null

2018-12-06 23:50:23 - [TEST_STEP][PASSED] - Statement - PreSaveFile = new java.io.File(((pathPrefix + java.lang.Integer.toString(counter)) + .png)): null

2018-12-06 23:50:23 - [TEST_STEP][PASSED] - Statement - counter = counter + 1: null

2018-12-06 23:50:23 - [TEST_STEP][PASSED] - Statement - PreSaveFile = new java.io.File(((pathPrefix + java.lang.Integer.toString(counter)) + .png)): null

2018-12-06 23:50:23 - [TEST_STEP][PASSED] - Statement - counter = counter + 1: null

2018-12-06 23:50:23 - [TEST_STEP][PASSED] - Statement - PreSaveFile = new java.io.File(((pathPrefix + java.lang.Integer.toString(counter)) + .png)): null

2018-12-06 23:50:23 - [TEST_STEP][PASSED] - Statement - counter = counter + 1: null

2018-12-06 23:50:23 - [TEST_STEP][PASSED] - Statement - PreSaveFile = new java.io.File(((pathPrefix + java.lang.Integer.toString(counter)) + .png)): null

2018-12-06 23:50:23 - [TEST_STEP][PASSED] - Statement - counter = counter + 1: null

2018-12-06 23:50:23 - [TEST_STEP][PASSED] - Statement - PreSaveFile = new java.io.File(((pathPrefix + java.lang.Integer.toString(counter)) + .png)): null

2018-12-06 23:50:23 - [TEST_STEP][PASSED] - Statement - counter = counter + 1: null

2018-12-06 23:50:23 - [TEST_STEP][PASSED] - Statement - PreSaveFile = new java.io.File(((pathPrefix + java.lang.Integer.toString(counter)) + .png)): null

2018-12-06 23:50:23 - [TEST_STEP][PASSED] - Statement - counter = counter + 1: null

2018-12-06 23:50:23 - [TEST_STEP][PASSED] - Statement - PreSaveFile = new java.io.File(((pathPrefix + java.lang.Integer.toString(counter)) + .png)): null

2018-12-06 23:50:23 - [TEST_STEP][PASSED] - Statement - finalPath = pathPrefix + java.lang.Integer.toString(counter) + ".png": null

2018-12-06 23:50:23 - [TEST_STEP][PASSED] - Statement - SaveFile = new java.io.File(finalPath): null

2018-12-06 23:50:23 - [TEST_STEP][PASSED] - Statement - Try: null

2018-12-06 23:50:23 - [TEST_STEP][PASSED] - Statement - org.apache.commons.io.FileUtils.copyFile(scrFile, SaveFile): null

2018-12-06 23:50:23 - [TEST_STEP][PASSED] - Statement - out.println("file kept"): null

2018-12-06 23:50:23 - [TEST_STEP][PASSED] - delay: Delayed 10 second(s)

2018-12-06 23:50:33 - [MESSAGE][PASSED] - Delayed 10 second(s)

2018-12-06 23:50:33 - [MESSAGE][PASSED] - Call Test Case 'Test Cases/Final Aug 2018 - PKS Automation/Registration Module/New Registration/Submit and Screenshot/Submit Registration and Screenshot - Copy' successfully

2018-12-06 23:50:33 - [TEST_STEP][PASSED] - Statement - UpdateAddNewECode = com.kms.katalon.core.webui.keyword.WebUiBuiltInKeywords.getText(com.kms.katalon.core.testobject.ObjectRepository.findTestObject(Object Repository/Final Object Repo/Page_Update Add New Employee - ASSIST/getEmpCode)): Text of object 'Object Repository/Final Object Repo/Page_Update Add New Employee - ASSIST/getEmpCode' is: 'E1102070653A'

2018-12-06 23:50:33 - [MESSAGE][PASSED] - Text of object 'Object Repository/Final Object Repo/Page_Update Add New Employee - ASSIST/getEmpCode' is: 'E1102070653A'

2018-12-06 23:50:33 - [TEST_STEP][PASSED] - callTestCase: Call Test Case 'Test Cases/Final Aug 2018 - PKS Automation/Common/Emp Code Setter' successfully

2018-12-06 23:50:33 - [TEST_CASE][PASSED] - Test Cases/Final Aug 2018 - PKS Automation/Common/Emp Code Setter: Test Cases/Final Aug 2018 - PKS Automation/Common/Emp Code Setter

2018-12-06 23:50:33 - [TEST_STEP][PASSED] - Statement - EmpCodeOld = new java.io.File(C://Users//Admin//Desktop//PKS//Automation Reference Point//EmpCode.txt): null

2018-12-06 23:50:33 - [TEST_STEP][PASSED] - Statement - EmpCodeOld.delete(): null

2018-12-06 23:50:33 - [TEST_STEP][PASSED] - Statement - EmpCode = new java.io.File(C://Users//Admin//Desktop//PKS//Automation Reference Point//EmpCode.txt): null

2018-12-06 23:50:33 - [TEST_STEP][PASSED] - Statement - f2 = new java.io.FileWriter(EmpCode, false): null

2018-12-06 23:50:33 - [TEST_STEP][PASSED] - Statement - f2.write(UpdateAddNewECode): null

2018-12-06 23:50:33 - [TEST_STEP][PASSED] - Statement - f2.close(): null

2018-12-06 23:50:33 - [TEST_STEP][PASSED] - Statement - out.println("


" + UpdateAddNewECode + "


"): null

2018-12-06 23:50:33 - [MESSAGE][PASSED] - Call Test Case 'Test Cases/Final Aug 2018 - PKS Automation/Common/Emp Code Setter' successfully

2018-12-06 23:50:33 - [MESSAGE][PASSED] - Call Test Case 'Test Cases/Final Aug 2018 - PKS Automation/Registration Module/Workflow/Update Add New Employee/Template/New Company for Update Add New' successfully

2018-12-06 23:50:33 - [TEST_STEP][PASSED] - callTestCase: Call Test Case 'Test Cases/Final Aug 2018 - PKS Automation/Registration Module/Log Out/log out avoiding katalon tagging' successfully

2018-12-06 23:50:33 - [TEST_CASE][PASSED] - Test Cases/Final Aug 2018 - PKS Automation/Registration Module/Log Out/log out avoiding katalon tagging: Test Cases/Final Aug 2018 - PKS Automation/Registration Module/Log Out/log out avoiding katalon tagging

2018-12-06 23:50:33 - [TEST_STEP][PASSED] - navigateToUrl: Navigate to 'https://assist2-uat.perkeso.gov.my/c/portal/logout' successfully

2018-12-06 23:50:34 - [MESSAGE][PASSED] - Navigate to 'https://assist2-uat.perkeso.gov.my/c/portal/logout' successfully

2018-12-06 23:50:34 - [MESSAGE][PASSED] - Call Test Case 'Test Cases/Final Aug 2018 - PKS Automation/Registration Module/Log Out/log out avoiding katalon tagging' successfully

2018-12-06 23:50:34 - [TEST_STEP][PASSED] - callTestCase: Call Test Case 'Test Cases/Final Aug 2018 - PKS Automation/Registration Module/New Registration/Form 2/Date Updater' successfully

2018-12-06 23:50:34 - [TEST_CASE][PASSED] - Test Cases/Final Aug 2018 - PKS Automation/Registration Module/New Registration/Form 2/Date Updater: Test Cases/Final Aug 2018 - PKS Automation/Registration Module/New Registration/Form 2/Date Updater

2018-12-06 23:50:34 - [TEST_STEP][PASSED] - Statement - TodayDate = new java.util.Date(): null

2018-12-06 23:50:34 - [TEST_STEP][PASSED] - Statement - CurrentDateNoFilter = new java.text.SimpleDateFormat(): null

2018-12-06 23:50:34 - [TEST_STEP][PASSED] - Statement - CurrentDateNoFilter.applyPattern("MM"): null

2018-12-06 23:50:34 - [TEST_STEP][PASSED] - Statement - monthContainerMatcher = java.lang.Integer.parseInt(CurrentDateNoFilter.format(TodayDate)): null

2018-12-06 23:50:34 - [TEST_STEP][PASSED] - Statement - monthContainerMatcher = monthContainerMatcher - 1: null

2018-12-06 23:50:34 - [TEST_STEP][PASSED] - Statement - CurrentMonth = monthContainerMatcher.toString(): null

2018-12-06 23:50:34 - [TEST_STEP][PASSED] - Statement - CurrentMonth = CurrentMonth: null

2018-12-06 23:50:34 - [TEST_STEP][PASSED] - Statement - CurrentDateNoFilter.applyPattern("yyyy"): null

2018-12-06 23:50:34 - [TEST_STEP][PASSED] - Statement - CurrentYear = CurrentDateNoFilter.format(TodayDate): null

2018-12-06 23:50:34 - [TEST_STEP][PASSED] - Statement - CurrentYear = CurrentYear: null

2018-12-06 23:50:34 - [TEST_STEP][PASSED] - Statement - intCurrentYear = java.lang.Integer.parseInt(CurrentDateNoFilter.format(TodayDate)): null

2018-12-06 23:50:34 - [TEST_STEP][PASSED] - Statement - eighteenYrsAgo = intCurrentYear - 18: null

2018-12-06 23:50:34 - [TEST_STEP][PASSED] - Statement - eighteenYrsBeforeThisYr = eighteenYrsAgo.toString(): null

2018-12-06 23:50:34 - [TEST_STEP][PASSED] - Statement - EighteenYrsBefore = eighteenYrsBeforeThisYr: null

2018-12-06 23:50:34 - [TEST_STEP][PASSED] - Statement - fiftysevenYrsAgo = intCurrentYear - 57: null

2018-12-06 23:50:34 - [TEST_STEP][PASSED] - Statement - fiftysevenYrsBeforeThisYr = fiftysevenYrsAgo.toString(): null

2018-12-06 23:50:34 - [TEST_STEP][PASSED] - Statement - FiftysevenYrsBefore = fiftysevenYrsBeforeThisYr: null

2018-12-06 23:50:34 - [TEST_STEP][PASSED] - Statement - leapYear = false: null

2018-12-06 23:50:34 - [TEST_STEP][PASSED] - Statement - leapYear = intCurrentYear % 4 == 0: null

2018-12-06 23:50:34 - [TEST_STEP][PASSED] - Statement - CurrentDateNoFilter.applyPattern("dd"): null

2018-12-06 23:50:34 - [TEST_STEP][PASSED] - Statement - CurrentDate = CurrentDateNoFilter.format(TodayDate): null

2018-12-06 23:50:34 - [TEST_STEP][PASSED] - Statement - CurrentDate = java.lang.Integer.parseInt(CurrentDate): null

2018-12-06 23:50:34 - [TEST_STEP][PASSED] - Statement - CurrentDate = CurrentDate: null

2018-12-06 23:50:34 - [TEST_STEP][PASSED] - Statement - CurrentDay = java.lang.Integer.parseInt(CurrentDate): null

2018-12-06 23:50:34 - [TEST_STEP][PASSED] - Statement - ConfAdder = <not implemented yet for class: org.codehaus.groovy.ast.expr.EmptyExpression>: null

2018-12-06 23:50:34 - [TEST_STEP][PASSED] - Statement - out.println(CurrentMonth): null

2018-12-06 23:50:34 - [TEST_STEP][PASSED] - Statement - out.println(CurrentDate): null

2018-12-06 23:50:34 - [TEST_STEP][PASSED] - Statement - switch (CurrentDate): null

2018-12-06 23:50:34 - [TEST_STEP][PASSED] - Statement - Default: null

2018-12-06 23:50:34 - [TEST_STEP][PASSED] - Statement - ConfAdder = true: null

2018-12-06 23:50:34 - [TEST_STEP][PASSED] - Statement - Break: null

2018-12-06 23:50:34 - [TEST_STEP][PASSED] - Statement - aDayBefore = <not implemented yet for class: org.codehaus.groovy.ast.expr.EmptyExpression>: null

2018-12-06 23:50:34 - [TEST_STEP][PASSED] - Statement - out.println(ConfAdder): null

2018-12-06 23:50:34 - [TEST_STEP][PASSED] - Statement - If (ConfAdder == true): null

2018-12-06 23:50:34 - [TEST_STEP][PASSED] - Statement - aDayBefore = CurrentDay + 1: null

2018-12-06 23:50:34 - [TEST_STEP][PASSED] - Statement - out.println(aDayBefore): null

2018-12-06 23:50:34 - [TEST_STEP][PASSED] - Statement - If (aDayBefore == 1 && CurrentMonth == 11): null

2018-12-06 23:50:34 - [TEST_STEP][PASSED] - Statement - DayBefore = aDayBefore.toString(): null

2018-12-06 23:50:34 - [TEST_STEP][PASSED] - Statement - OneDayBefore = DayBefore: null

2018-12-06 23:50:34 - [MESSAGE][PASSED] - Call Test Case 'Test Cases/Final Aug 2018 - PKS Automation/Registration Module/New Registration/Form 2/Date Updater' successfully

2018-12-06 23:50:34 - [TEST_STEP][PASSED] - delay: Delayed 2 second(s)

2018-12-06 23:50:36 - [MESSAGE][PASSED] - Delayed 2 second(s)

2018-12-06 23:50:36 - [TEST_STEP][PASSED] - setText: Text 'klotc2@gmail.com' is set on object 'Object Repository/Final Object Repo/Page_Update Add New Employee - ASSIST/Email TextBox'

2018-12-06 23:50:37 - [MESSAGE][PASSED] - Text 'klotc2@gmail.com' is set on object 'Object Repository/Final Object Repo/Page_Update Add New Employee - ASSIST/Email TextBox'

2018-12-06 23:50:37 - [TEST_STEP][PASSED] - click: Object: 'Object Repository/Final Object Repo/Page_Update Add New Employee - ASSIST/Next Button' is clicked on

2018-12-06 23:50:37 - [MESSAGE][PASSED] - Object: 'Object Repository/Final Object Repo/Page_Update Add New Employee - ASSIST/Next Button' is clicked on

2018-12-06 23:50:37 - [TEST_STEP][PASSED] - delay: Delayed 2 second(s)

2018-12-06 23:50:39 - [MESSAGE][PASSED] - Delayed 2 second(s)

2018-12-06 23:50:39 - [TEST_STEP][PASSED] - setText: Text 'Test1@3456789' is set on object 'Object Repository/Final Object Repo/Page_Update Add New Employee - ASSIST/Password TextBox'

2018-12-06 23:50:39 - [MESSAGE][PASSED] - Text 'Test1@3456789' is set on object 'Object Repository/Final Object Repo/Page_Update Add New Employee - ASSIST/Password TextBox'

2018-12-06 23:50:39 - [TEST_STEP][PASSED] - delay: Delayed 2 second(s)

2018-12-06 23:50:41 - [MESSAGE][PASSED] - Delayed 2 second(s)

2018-12-06 23:50:41 - [TEST_STEP][PASSED] - click: Object: 'Object Repository/Final Object Repo/Page_Update Add New Employee - ASSIST/Login Button' is clicked on

2018-12-06 23:50:41 - [MESSAGE][PASSED] - Object: 'Object Repository/Final Object Repo/Page_Update Add New Employee - ASSIST/Login Button' is clicked on

2018-12-06 23:50:41 - [TEST_STEP][PASSED] - delay: Delayed 4 second(s)

2018-12-06 23:50:45 - [MESSAGE][PASSED] - Delayed 4 second(s)

2018-12-06 23:50:45 - [TEST_STEP][PASSED] - Statement - Try: Delayed 2 second(s)

2018-12-06 23:50:45 - [TEST_STEP][PASSED] - Statement - Checker = false: null

2018-12-06 23:50:45 - [TEST_STEP][PASSED] - Statement - Checker = com.kms.katalon.core.webui.keyword.WebUiBuiltInKeywords.verifyElementHasAttribute(com.kms.katalon.core.testobject.ObjectRepository.findTestObject(Final Object Repo/Landing Page/BM Detecting), "href", 20, OPTIONAL): Object 'Object Repository/Final Object Repo/Landing Page/BM Detecting' has attribute 'href'

2018-12-06 23:50:45 - [MESSAGE][PASSED] - Object 'Object Repository/Final Object Repo/Landing Page/BM Detecting' has attribute 'href'

2018-12-06 23:50:45 - [TEST_STEP][PASSED] - Statement - out.println(Checker): null

2018-12-06 23:50:45 - [TEST_STEP][PASSED] - Statement - If (Checker == false): null

2018-12-06 23:50:45 - [TEST_STEP][PASSED] - Statement - Else: null

2018-12-06 23:50:45 - [TEST_STEP][PASSED] - delay: Delayed 2 second(s)

2018-12-06 23:50:47 - [MESSAGE][PASSED] - Delayed 2 second(s)

2018-12-06 23:50:47 - [TEST_STEP][PASSED] - delay: Delayed 4 second(s)

2018-12-06 23:50:51 - [MESSAGE][PASSED] - Delayed 4 second(s)

2018-12-06 23:50:51 - [TEST_STEP][PASSED] - click: Object: 'Object Repository/Final Object Repo/Page_Update Add New Employee - ASSIST/My Sites Drop Down' is clicked on

2018-12-06 23:50:51 - [MESSAGE][PASSED] - Object: 'Object Repository/Final Object Repo/Page_Update Add New Employee - ASSIST/My Sites Drop Down' is clicked on

2018-12-06 23:50:51 - [TEST_STEP][PASSED] - click: Object: 'Object Repository/Final Object Repo/Page_Update Add New Employee - ASSIST/Select to Registration Module' is clicked on

2018-12-06 23:50:52 - [MESSAGE][PASSED] - Object: 'Object Repository/Final Object Repo/Page_Update Add New Employee - ASSIST/Select to Registration Module' is clicked on

2018-12-06 23:50:52 - [TEST_STEP][PASSED] - navigateToUrl: Navigate to 'https://assist2-uat.perkeso.gov.my/web/registration/myassist' successfully

2018-12-06 23:50:53 - [MESSAGE][PASSED] - Navigate to 'https://assist2-uat.perkeso.gov.my/web/registration/myassist' successfully

2018-12-06 23:50:53 - [TEST_STEP][PASSED] - mouseOver: Object: 'Object Repository/Final Object Repo/Page_Update Add New Employee - ASSIST/Select to Update Akta 4 Tab' is hovered

2018-12-06 23:50:53 - [MESSAGE][PASSED] - Object: 'Object Repository/Final Object Repo/Page_Update Add New Employee - ASSIST/Select to Update Akta 4 Tab' is hovered

2018-12-06 23:50:53 - [TEST_STEP][PASSED] - delay: Delayed 2 second(s)

2018-12-06 23:50:55 - [MESSAGE][PASSED] - Delayed 2 second(s)

2018-12-06 23:50:55 - [TEST_STEP][PASSED] - click: Object: 'Object Repository/Final Object Repo/Page_Update Add New Employee - ASSIST/Select to Update Add New Employee' is clicked on

2018-12-06 23:50:56 - [MESSAGE][PASSED] - Object: 'Object Repository/Final Object Repo/Page_Update Add New Employee - ASSIST/Select to Update Add New Employee' is clicked on

2018-12-06 23:50:56 - [TEST_STEP][PASSED] - delay: Delayed 2 second(s)

2018-12-06 23:50:58 - [MESSAGE][PASSED] - Delayed 2 second(s)

2018-12-06 23:50:58 - [TEST_STEP][PASSED] - setText: Text 'E1102070653A' is set on object 'Object Repository/Final Object Repo/Page_Update Add New Employee - ASSIST/Employer Code input textbox'

2018-12-06 23:50:58 - [MESSAGE][PASSED] - Text 'E1102070653A' is set on object 'Object Repository/Final Object Repo/Page_Update Add New Employee - ASSIST/Employer Code input textbox'

2018-12-06 23:50:58 - [TEST_STEP][PASSED] - delay: Delayed 2 second(s)

2018-12-06 23:51:00 - [MESSAGE][PASSED] - Delayed 2 second(s)

2018-12-06 23:51:00 - [TEST_STEP][PASSED] - click: Object: 'Object Repository/Final Object Repo/Page_Update Add New Employee - ASSIST/Search Button for Employer Code' is clicked on

2018-12-06 23:51:00 - [MESSAGE][PASSED] - Object: 'Object Repository/Final Object Repo/Page_Update Add New Employee - ASSIST/Search Button for Employer Code' is clicked on

2018-12-06 23:51:00 - [TEST_STEP][PASSED] - delay: Delayed 4 second(s)

2018-12-06 23:51:04 - [MESSAGE][PASSED] - Delayed 4 second(s)

2018-12-06 23:51:04 - [TEST_STEP][PASSED] - click: Object: 'Object Repository/Final Object Repo/Page_Update Add New Employee - ASSIST/Click to Edit Case' is clicked on

2018-12-06 23:51:07 - [MESSAGE][PASSED] - Object: 'Object Repository/Final Object Repo/Page_Update Add New Employee - ASSIST/Click to Edit Case' is clicked on

2018-12-06 23:51:07 - [TEST_STEP][PASSED] - callTestCase: Call Test Case 'Test Cases/Final Aug 2018 - PKS Automation/Registration Module/Workflow/Update Add New Employee/Template/Employee Adding/Employee Set Decider' successfully

2018-12-06 23:51:07 - [TEST_CASE][PASSED] - Test Cases/Final Aug 2018 - PKS Automation/Registration Module/Workflow/Update Add New Employee/Template/Employee Adding/Employee Set Decider: Test Cases/Final Aug 2018 - PKS Automation/Registration Module/Workflow/Update Add New Employee/Template/Employee Adding/Employee Set Decider

2018-12-06 23:51:07 - [TEST_STEP][PASSED] - delay: Delayed 4 second(s)

2018-12-06 23:51:11 - [MESSAGE][PASSED] - Delayed 4 second(s)

2018-12-06 23:51:11 - [TEST_STEP][PASSED] - click: Object: 'Object Repository/Final Object Repo/Page_Update Add New Employee - ASSIST/Add Employee Button' is clicked on

2018-12-06 23:51:11 - [MESSAGE][PASSED] - Object: 'Object Repository/Final Object Repo/Page_Update Add New Employee - ASSIST/Add Employee Button' is clicked on

2018-12-06 23:51:11 - [TEST_STEP][PASSED] - delay: Delayed 3 second(s)

2018-12-06 23:51:14 - [MESSAGE][PASSED] - Delayed 3 second(s)

2018-12-06 23:51:14 - [TEST_STEP][PASSED] - setText: Text '010903091920' is set on object 'Object Repository/Final Object Repo/Page_Update Add New Employee - ASSIST/NRIC Input'

2018-12-06 23:51:14 - [MESSAGE][PASSED] - Text '010903091920' is set on object 'Object Repository/Final Object Repo/Page_Update Add New Employee - ASSIST/NRIC Input'

2018-12-06 23:51:14 - [TEST_STEP][PASSED] - click: Object: 'Object Repository/Final Object Repo/Page_Update Add New Employee - ASSIST/button for search for IC' is clicked on

2018-12-06 23:51:14 - [MESSAGE][PASSED] - Object: 'Object Repository/Final Object Repo/Page_Update Add New Employee - ASSIST/button for search for IC' is clicked on

2018-12-06 23:51:14 - [TEST_STEP][PASSED] - delay: Delayed 2 second(s)

2018-12-06 23:51:16 - [MESSAGE][PASSED] - Delayed 2 second(s)

2018-12-06 23:51:16 - [TEST_STEP][PASSED] - sendKeys: Keys 'CONTROL + a' sent to object: 'Object Repository/Final Object Repo/Page_Update Add New Employee - ASSIST/Employee Name Input'

2018-12-06 23:51:17 - [MESSAGE][PASSED] - Keys 'CONTROL + a' sent to object: 'Object Repository/Final Object Repo/Page_Update Add New Employee - ASSIST/Employee Name Input'

2018-12-06 23:51:17 - [TEST_STEP][PASSED] - sendKeys: Keys 'CONTROL + c' sent to object: 'Object Repository/Final Object Repo/Page_Update Add New Employee - ASSIST/Employee Name Input'

2018-12-06 23:51:17 - [MESSAGE][PASSED] - Keys 'CONTROL + c' sent to object: 'Object Repository/Final Object Repo/Page_Update Add New Employee - ASSIST/Employee Name Input'

2018-12-06 23:51:17 - [TEST_STEP][PASSED] - Statement - toolkit = java.awt.Toolkit.getDefaultToolkit(): null

2018-12-06 23:51:17 - [TEST_STEP][PASSED] - Statement - clipboard = toolkit.getSystemClipboard(): null

2018-12-06 23:51:17 - [TEST_STEP][PASSED] - Statement - CurrentName = clipboard.getData(stringFlavor): null

2018-12-06 23:51:17 - [TEST_STEP][PASSED] - Statement - out.println("String from Clipboard:" + CurrentName): null

2018-12-06 23:51:17 - [TEST_STEP][PASSED] - Statement - If (CurrentName == "AUTOMATE002 ELIGIBLE 1"): null

2018-12-06 23:51:17 - [TEST_STEP][PASSED] - Statement - Else If (CurrentName == "AUTOMATE003 ELIGIBLE 1"): Call Test Case 'Test Cases/Final Aug 2018 - PKS Automation/Registration Module/Workflow/Update Add New Employee/Template/Employee Adding/Employee Adding Action Repeat IC - set 2' successfully

2018-12-06 23:51:17 - [TEST_STEP][PASSED] - callTestCase: Call Test Case 'Test Cases/Final Aug 2018 - PKS Automation/Registration Module/Workflow/Update Add New Employee/Template/Employee Adding/Employee Adding Action Repeat IC - set 2' successfully

2018-12-06 23:51:17 - [TEST_CASE][PASSED] - Test Cases/Final Aug 2018 - PKS Automation/Registration Module/Workflow/Update Add New Employee/Template/Employee Adding/Employee Adding Action Repeat IC - set 2: Test Cases/Final Aug 2018 - PKS Automation/Registration Module/Workflow/Update Add New Employee/Template/Employee Adding/Employee Adding Action Repeat IC - set 2

2018-12-06 23:51:17 - [TEST_STEP][PASSED] - setText: Text 'Automate002 eligible 1' is set on object 'Object Repository/Final Object Repo/Page_Update Add New Employee - ASSIST/Employee Name Input'

2018-12-06 23:51:18 - [MESSAGE][PASSED] - Text 'Automate002 eligible 1' is set on object 'Object Repository/Final Object Repo/Page_Update Add New Employee - ASSIST/Employee Name Input'

2018-12-06 23:51:18 - [TEST_STEP][PASSED] - delay: Delayed 2 second(s)

2018-12-06 23:51:20 - [MESSAGE][PASSED] - Delayed 2 second(s)

2018-12-06 23:51:20 - [TEST_STEP][PASSED] - click: Object: 'Object Repository/Final Object Repo/Page_Update Add New Employee - ASSIST/DatePicker Pop Up' is clicked on

2018-12-06 23:51:20 - [MESSAGE][PASSED] - Object: 'Object Repository/Final Object Repo/Page_Update Add New Employee - ASSIST/DatePicker Pop Up' is clicked on

2018-12-06 23:51:20 - [TEST_STEP][PASSED] - click: Object: 'Object Repository/Final Object Repo/Page_Update Add New Employee - ASSIST/DOB Month' is clicked on

2018-12-06 23:51:20 - [MESSAGE][PASSED] - Object: 'Object Repository/Final Object Repo/Page_Update Add New Employee - ASSIST/DOB Month' is clicked on

2018-12-06 23:51:20 - [TEST_STEP][PASSED] - Statement - CurrentMonth = CurrentMonth: null

2018-12-06 23:51:20 - [TEST_STEP][PASSED] - Statement - selectMonth = new com.kms.katalon.core.testobject.TestObject(): null

2018-12-06 23:51:20 - [TEST_STEP][PASSED] - Statement - selectMonth.addProperty("xpath", EQUALS, "//body/div/div/div/select/option[@value='" + CurrentMonth + "']", true): null

2018-12-06 23:51:20 - [TEST_STEP][PASSED] - click: Object: '' is clicked on

2018-12-06 23:51:20 - [MESSAGE][PASSED] - Object: '' is clicked on

2018-12-06 23:51:20 - [TEST_STEP][PASSED] - click: Object: 'Object Repository/Final Object Repo/Page_Update Add New Employee - ASSIST/DOB Year' is clicked on

2018-12-06 23:51:20 - [MESSAGE][PASSED] - Object: 'Object Repository/Final Object Repo/Page_Update Add New Employee - ASSIST/DOB Year' is clicked on

2018-12-06 23:51:20 - [TEST_STEP][PASSED] - Statement - Eyearsbf = EighteenYrsBefore: null

2018-12-06 23:51:20 - [TEST_STEP][PASSED] - Statement - selectYear = new com.kms.katalon.core.testobject.TestObject(): null

2018-12-06 23:51:20 - [TEST_STEP][PASSED] - Statement - selectYear.addProperty("xpath", EQUALS, "//div/div/div/select/option[@value='" + Eyearsbf + "']", true): null

2018-12-06 23:51:20 - [TEST_STEP][PASSED] - click: Object: '' is clicked on

2018-12-06 23:51:20 - [MESSAGE][PASSED] - Object: '' is clicked on

2018-12-06 23:51:20 - [TEST_STEP][PASSED] - Statement - UpdatedSelectDate = com.kms.katalon.core.webui.keyword.WebUiBuiltInKeywords.modifyObjectProperty(com.kms.katalon.core.testobject.ObjectRepository.findTestObject(Final Object Repo/Page_Update Add New Employee - ASSIST/DOB Date), "xpath", "equals", "//body/div/table/tbody/tr/td/a[text()="" + CurrentDate + ""]", true): Modify property of object successfully

2018-12-06 23:51:20 - [MESSAGE][PASSED] - Modify property of object successfully

2018-12-06 23:51:20 - [TEST_STEP][PASSED] - delay: Delayed 3 second(s)

2018-12-06 23:51:23 - [MESSAGE][PASSED] - Delayed 3 second(s)

2018-12-06 23:51:23 - [TEST_STEP][PASSED] - click: Object: 'Object Repository/Final Object Repo/Page_Update Add New Employee - ASSIST/DOB Date' is clicked on

2018-12-06 23:51:24 - [MESSAGE][PASSED] - Object: 'Object Repository/Final Object Repo/Page_Update Add New Employee - ASSIST/DOB Date' is clicked on

2018-12-06 23:51:24 - [TEST_STEP][PASSED] - delay: Delayed 2 second(s)

2018-12-06 23:51:26 - [MESSAGE][PASSED] - Delayed 2 second(s)

2018-12-06 23:51:26 - [TEST_STEP][PASSED] - click: Object: 'Object Repository/Final Object Repo/Page_Update Add New Employee - ASSIST/EmploymentStartDate Pop Up' is clicked on

2018-12-06 23:51:26 - [MESSAGE][PASSED] - Object: 'Object Repository/Final Object Repo/Page_Update Add New Employee - ASSIST/EmploymentStartDate Pop Up' is clicked on

2018-12-06 23:51:26 - [TEST_STEP][PASSED] - delay: Delayed 2 second(s)

2018-12-06 23:51:28 - [MESSAGE][PASSED] - Delayed 2 second(s)

2018-12-06 23:51:28 - [TEST_STEP][PASSED] - click: Object: 'Object Repository/Final Object Repo/Page_Update Add New Employee - ASSIST/Socso Employment StartDate Month' is clicked on

2018-12-06 23:51:28 - [MESSAGE][PASSED] - Object: 'Object Repository/Final Object Repo/Page_Update Add New Employee - ASSIST/Socso Employment StartDate Month' is clicked on

2018-12-06 23:51:28 - [TEST_STEP][PASSED] - delay: Delayed 1 second(s)

2018-12-06 23:51:29 - [MESSAGE][PASSED] - Delayed 1 second(s)

2018-12-06 23:51:29 - [TEST_STEP][PASSED] - click: Object: 'Object Repository/Final Object Repo/Page_Update Add New Employee - ASSIST/Select Socso Employement Startdate Month' is clicked on

2018-12-06 23:51:29 - [MESSAGE][PASSED] - Object: 'Object Repository/Final Object Repo/Page_Update Add New Employee - ASSIST/Select Socso Employement Startdate Month' is clicked on

2018-12-06 23:51:29 - [TEST_STEP][PASSED] - delay: Delayed 2 second(s)

2018-12-06 23:51:31 - [MESSAGE][PASSED] - Delayed 2 second(s)

2018-12-06 23:51:31 - [TEST_STEP][PASSED] - click: Object: 'Object Repository/Final Object Repo/Page_Update Add New Employee - ASSIST/Socso Employment StartDate Year' is clicked on

2018-12-06 23:51:31 - [MESSAGE][PASSED] - Object: 'Object Repository/Final Object Repo/Page_Update Add New Employee - ASSIST/Socso Employment StartDate Year' is clicked on

2018-12-06 23:51:31 - [TEST_STEP][PASSED] - delay: Delayed 1 second(s)

2018-12-06 23:51:32 - [MESSAGE][PASSED] - Delayed 1 second(s)

2018-12-06 23:51:32 - [TEST_STEP][PASSED] - click: Object: 'Object Repository/Final Object Repo/Page_Update Add New Employee - ASSIST/Select Socso Employment Startdate Year' is clicked on

2018-12-06 23:51:32 - [MESSAGE][PASSED] - Object: 'Object Repository/Final Object Repo/Page_Update Add New Employee - ASSIST/Select Socso Employment Startdate Year' is clicked on

2018-12-06 23:51:32 - [TEST_STEP][PASSED] - delay: Delayed 2 second(s)

2018-12-06 23:51:34 - [MESSAGE][PASSED] - Delayed 2 second(s)

2018-12-06 23:51:34 - [TEST_STEP][PASSED] - click: Object: 'Object Repository/Final Object Repo/Page_Update Add New Employee - ASSIST/Socso Employment Start Date Day' is clicked on

2018-12-06 23:51:35 - [MESSAGE][PASSED] - Object: 'Object Repository/Final Object Repo/Page_Update Add New Employee - ASSIST/Socso Employment Start Date Day' is clicked on

2018-12-06 23:51:35 - [TEST_STEP][PASSED] - delay: Delayed 2 second(s)

2018-12-06 23:51:37 - [MESSAGE][PASSED] - Delayed 2 second(s)

2018-12-06 23:51:37 - [TEST_STEP][PASSED] - click: Object: 'Object Repository/Final Object Repo/Page_Update Add New Employee - ASSIST/Save Button for Add Employee' is clicked on

2018-12-06 23:51:37 - [MESSAGE][PASSED] - Object: 'Object Repository/Final Object Repo/Page_Update Add New Employee - ASSIST/Save Button for Add Employee' is clicked on

2018-12-06 23:51:37 - [TEST_STEP][PASSED] - delay: Delayed 10 second(s)

2018-12-06 23:51:47 - [MESSAGE][PASSED] - Delayed 10 second(s)

2018-12-06 23:51:47 - [TEST_STEP][PASSED] - click: Object: 'Object Repository/Final Object Repo/Page_Update Add New Employee - ASSIST/Add Employee Button' is clicked on

2018-12-06 23:51:47 - [MESSAGE][PASSED] - Object: 'Object Repository/Final Object Repo/Page_Update Add New Employee - ASSIST/Add Employee Button' is clicked on

2018-12-06 23:51:47 - [TEST_STEP][PASSED] - delay: Delayed 6 second(s)

2018-12-06 23:51:53 - [MESSAGE][PASSED] - Delayed 6 second(s)

2018-12-06 23:51:53 - [TEST_STEP][PASSED] - setText: Text '620904059600' is set on object 'Object Repository/Final Object Repo/Page_Update Add New Employee - ASSIST/NRIC Input'

2018-12-06 23:51:53 - [MESSAGE][PASSED] - Text '620904059600' is set on object 'Object Repository/Final Object Repo/Page_Update Add New Employee - ASSIST/NRIC Input'

2018-12-06 23:51:53 - [TEST_STEP][PASSED] - click: Object: 'Object Repository/Final Object Repo/Page_Update Add New Employee - ASSIST/button for search for IC' is clicked on

2018-12-06 23:51:54 - [MESSAGE][PASSED] - Object: 'Object Repository/Final Object Repo/Page_Update Add New Employee - ASSIST/button for search for IC' is clicked on

2018-12-06 23:51:54 - [TEST_STEP][PASSED] - delay: Delayed 2 second(s)

2018-12-06 23:51:56 - [MESSAGE][PASSED] - Delayed 2 second(s)

2018-12-06 23:51:56 - [TEST_STEP][PASSED] - setText: Text 'Automate002 eligible 2' is set on object 'Object Repository/Final Object Repo/Page_Update Add New Employee - ASSIST/Employee Name Input'

2018-12-06 23:51:56 - [MESSAGE][PASSED] - Text 'Automate002 eligible 2' is set on object 'Object Repository/Final Object Repo/Page_Update Add New Employee - ASSIST/Employee Name Input'

2018-12-06 23:51:56 - [TEST_STEP][PASSED] - delay: Delayed 2 second(s)

2018-12-06 23:51:58 - [MESSAGE][PASSED] - Delayed 2 second(s)

2018-12-06 23:51:58 - [TEST_STEP][PASSED] - click: Object: 'Object Repository/Final Object Repo/Page_Update Add New Employee - ASSIST/DatePicker Pop Up' is clicked on

2018-12-06 23:51:58 - [MESSAGE][PASSED] - Object: 'Object Repository/Final Object Repo/Page_Update Add New Employee - ASSIST/DatePicker Pop Up' is clicked on

2018-12-06 23:51:58 - [TEST_STEP][PASSED] - delay: Delayed 2 second(s)

2018-12-06 23:52:00 - [MESSAGE][PASSED] - Delayed 2 second(s)

2018-12-06 23:52:00 - [TEST_STEP][PASSED] - click: Object: 'Object Repository/Final Object Repo/Page_Update Add New Employee - ASSIST/DOB Month' is clicked on

2018-12-06 23:52:00 - [MESSAGE][PASSED] - Object: 'Object Repository/Final Object Repo/Page_Update Add New Employee - ASSIST/DOB Month' is clicked on

2018-12-06 23:52:00 - [TEST_STEP][PASSED] - Statement - selectMonth = com.kms.katalon.core.webui.keyword.WebUiBuiltInKeywords.modifyObjectProperty(selectMonth, "xpath", "equals", "//body/div/div/div/select/option[@value="" + CurrentMonth + ""]", true): Modify property of object successfully

2018-12-06 23:52:00 - [MESSAGE][PASSED] - Modify property of object successfully

2018-12-06 23:52:00 - [TEST_STEP][PASSED] - click: Object: '' is clicked on

2018-12-06 23:52:01 - [MESSAGE][PASSED] - Object: '' is clicked on

2018-12-06 23:52:01 - [TEST_STEP][PASSED] - click: Object: 'Object Repository/Final Object Repo/Page_Update Add New Employee - ASSIST/DOB Year' is clicked on

2018-12-06 23:52:01 - [MESSAGE][PASSED] - Object: 'Object Repository/Final Object Repo/Page_Update Add New Employee - ASSIST/DOB Year' is clicked on

2018-12-06 23:52:01 - [TEST_STEP][PASSED] - Statement - selectYear = com.kms.katalon.core.webui.keyword.WebUiBuiltInKeywords.modifyObjectProperty(selectYear, "xpath", "equals", "//div/div/div/select/option[@value="" + FiftysevenYrsBefore + ""]", true): Modify property of object successfully

2018-12-06 23:52:01 - [MESSAGE][PASSED] - Modify property of object successfully

2018-12-06 23:52:01 - [TEST_STEP][PASSED] - click: Object: '' is clicked on

2018-12-06 23:52:01 - [MESSAGE][PASSED] - Object: '' is clicked on

2018-12-06 23:52:01 - [TEST_STEP][PASSED] - Statement - UpdatedSelectDate = com.kms.katalon.core.webui.keyword.WebUiBuiltInKeywords.modifyObjectProperty(com.kms.katalon.core.testobject.ObjectRepository.findTestObject(Final Object Repo/Page_Update Add New Employee - ASSIST/DOB Date), "xpath", "equals", "//body/div/table/tbody/tr/td/a[text()="" + OneDayBefore + ""]", true): Modify property of object successfully

2018-12-06 23:52:01 - [MESSAGE][PASSED] - Modify property of object successfully

2018-12-06 23:52:01 - [TEST_STEP][PASSED] - click: Object: 'Object Repository/Final Object Repo/Page_Update Add New Employee - ASSIST/DOB Date' is clicked on

2018-12-06 23:52:01 - [MESSAGE][PASSED] - Object: 'Object Repository/Final Object Repo/Page_Update Add New Employee - ASSIST/DOB Date' is clicked on

2018-12-06 23:52:01 - [TEST_STEP][PASSED] - delay: Delayed 2 second(s)

2018-12-06 23:52:03 - [MESSAGE][PASSED] - Delayed 2 second(s)

2018-12-06 23:52:03 - [TEST_STEP][PASSED] - click: Object: 'Object Repository/Final Object Repo/Page_Update Add New Employee - ASSIST/EmploymentStartDate Pop Up' is clicked on

2018-12-06 23:52:03 - [MESSAGE][PASSED] - Object: 'Object Repository/Final Object Repo/Page_Update Add New Employee - ASSIST/EmploymentStartDate Pop Up' is clicked on

2018-12-06 23:52:03 - [TEST_STEP][PASSED] - delay: Delayed 2 second(s)

2018-12-06 23:52:05 - [MESSAGE][PASSED] - Delayed 2 second(s)

2018-12-06 23:52:05 - [TEST_STEP][PASSED] - click: Object: 'Object Repository/Final Object Repo/Page_Update Add New Employee - ASSIST/Socso Employment StartDate Month' is clicked on

2018-12-06 23:52:05 - [MESSAGE][PASSED] - Object: 'Object Repository/Final Object Repo/Page_Update Add New Employee - ASSIST/Socso Employment StartDate Month' is clicked on

2018-12-06 23:52:05 - [TEST_STEP][PASSED] - delay: Delayed 1 second(s)

2018-12-06 23:52:06 - [MESSAGE][PASSED] - Delayed 1 second(s)

2018-12-06 23:52:06 - [TEST_STEP][PASSED] - click: Object: 'Object Repository/Final Object Repo/Page_Update Add New Employee - ASSIST/Select Socso Employement Startdate Month' is clicked on

2018-12-06 23:52:07 - [MESSAGE][PASSED] - Object: 'Object Repository/Final Object Repo/Page_Update Add New Employee - ASSIST/Select Socso Employement Startdate Month' is clicked on

2018-12-06 23:52:07 - [TEST_STEP][PASSED] - delay: Delayed 2 second(s)

2018-12-06 23:52:09 - [MESSAGE][PASSED] - Delayed 2 second(s)

2018-12-06 23:52:09 - [TEST_STEP][PASSED] - click: Object: 'Object Repository/Final Object Repo/Page_Update Add New Employee - ASSIST/Socso Employment StartDate Year' is clicked on

2018-12-06 23:52:09 - [MESSAGE][PASSED] - Object: 'Object Repository/Final Object Repo/Page_Update Add New Employee - ASSIST/Socso Employment StartDate Year' is clicked on

2018-12-06 23:52:09 - [TEST_STEP][PASSED] - delay: Delayed 1 second(s)

2018-12-06 23:52:10 - [MESSAGE][PASSED] - Delayed 1 second(s)

2018-12-06 23:52:10 - [TEST_STEP][PASSED] - click: Object: 'Object Repository/Final Object Repo/Page_Update Add New Employee - ASSIST/Select Socso Employment Startdate Year' is clicked on

2018-12-06 23:52:10 - [MESSAGE][PASSED] - Object: 'Object Repository/Final Object Repo/Page_Update Add New Employee - ASSIST/Select Socso Employment Startdate Year' is clicked on

2018-12-06 23:52:10 - [TEST_STEP][PASSED] - delay: Delayed 2 second(s)

2018-12-06 23:52:12 - [MESSAGE][PASSED] - Delayed 2 second(s)

2018-12-06 23:52:12 - [TEST_STEP][PASSED] - click: Object: 'Object Repository/Final Object Repo/Page_Update Add New Employee - ASSIST/Socso Employment Start Date Day' is clicked on

2018-12-06 23:52:12 - [MESSAGE][PASSED] - Object: 'Object Repository/Final Object Repo/Page_Update Add New Employee - ASSIST/Socso Employment Start Date Day' is clicked on

2018-12-06 23:52:12 - [TEST_STEP][PASSED] - delay: Delayed 2 second(s)

2018-12-06 23:52:14 - [MESSAGE][PASSED] - Delayed 2 second(s)

2018-12-06 23:52:14 - [TEST_STEP][PASSED] - click: Object: 'Object Repository/Final Object Repo/Page_Update Add New Employee - ASSIST/Save Button for Add Employee' is clicked on

2018-12-06 23:52:14 - [MESSAGE][PASSED] - Object: 'Object Repository/Final Object Repo/Page_Update Add New Employee - ASSIST/Save Button for Add Employee' is clicked on

2018-12-06 23:52:14 - [TEST_STEP][PASSED] - delay: Delayed 5 second(s)

2018-12-06 23:52:19 - [MESSAGE][PASSED] - Delayed 5 second(s)

2018-12-06 23:52:19 - [TEST_STEP][PASSED] - waitForElementClickable: Object 'Object Repository/Final Object Repo/Page_Update Add New Employee - ASSIST/Add Employee Button' is clickable

2018-12-06 23:52:19 - [MESSAGE][PASSED] - Object 'Object Repository/Final Object Repo/Page_Update Add New Employee - ASSIST/Add Employee Button' is clickable

2018-12-06 23:52:19 - [TEST_STEP][PASSED] - click: Object: 'Object Repository/Final Object Repo/Page_Update Add New Employee - ASSIST/Add Employee Button' is clicked on

2018-12-06 23:52:19 - [MESSAGE][PASSED] - Object: 'Object Repository/Final Object Repo/Page_Update Add New Employee - ASSIST/Add Employee Button' is clicked on

2018-12-06 23:52:19 - [TEST_STEP][PASSED] - delay: Delayed 4 second(s)

2018-12-06 23:52:23 - [MESSAGE][PASSED] - Delayed 4 second(s)

2018-12-06 23:52:23 - [TEST_STEP][PASSED] - setText: Text '000209039100' is set on object 'Object Repository/Final Object Repo/Page_Update Add New Employee - ASSIST/NRIC Input'

2018-12-06 23:52:24 - [MESSAGE][PASSED] - Text '000209039100' is set on object 'Object Repository/Final Object Repo/Page_Update Add New Employee - ASSIST/NRIC Input'

2018-12-06 23:52:24 - [TEST_STEP][PASSED] - click: Object: 'Object Repository/Final Object Repo/Page_Update Add New Employee - ASSIST/button for search for IC' is clicked on

2018-12-06 23:52:24 - [MESSAGE][PASSED] - Object: 'Object Repository/Final Object Repo/Page_Update Add New Employee - ASSIST/button for search for IC' is clicked on

2018-12-06 23:52:24 - [TEST_STEP][PASSED] - delay: Delayed 2 second(s)

2018-12-06 23:52:26 - [MESSAGE][PASSED] - Delayed 2 second(s)

2018-12-06 23:52:26 - [TEST_STEP][PASSED] - setText: Text 'Automate002 not eligible 1' is set on object 'Object Repository/Final Object Repo/Page_Update Add New Employee - ASSIST/Employee Name Input'

2018-12-06 23:52:27 - [MESSAGE][PASSED] - Text 'Automate002 not eligible 1' is set on object 'Object Repository/Final Object Repo/Page_Update Add New Employee - ASSIST/Employee Name Input'

2018-12-06 23:52:27 - [TEST_STEP][PASSED] - delay: Delayed 2 second(s)

2018-12-06 23:52:29 - [MESSAGE][PASSED] - Delayed 2 second(s)

2018-12-06 23:52:29 - [TEST_STEP][PASSED] - click: Object: 'Object Repository/Final Object Repo/Page_Update Add New Employee - ASSIST/DatePicker Pop Up' is clicked on

2018-12-06 23:52:29 - [MESSAGE][PASSED] - Object: 'Object Repository/Final Object Repo/Page_Update Add New Employee - ASSIST/DatePicker Pop Up' is clicked on

2018-12-06 23:52:29 - [TEST_STEP][PASSED] - delay: Delayed 2 second(s)

2018-12-06 23:52:31 - [MESSAGE][PASSED] - Delayed 2 second(s)

2018-12-06 23:52:31 - [TEST_STEP][PASSED] - click: Object: 'Object Repository/Final Object Repo/Page_Update Add New Employee - ASSIST/DOB Month' is clicked on

2018-12-06 23:52:31 - [MESSAGE][PASSED] - Object: 'Object Repository/Final Object Repo/Page_Update Add New Employee - ASSIST/DOB Month' is clicked on

2018-12-06 23:52:31 - [TEST_STEP][PASSED] - Statement - selectMonth = com.kms.katalon.core.webui.keyword.WebUiBuiltInKeywords.modifyObjectProperty(selectMonth, "xpath", "equals", "//body/div/div/div/select/option[@value="" + CurrentMonth + ""]", true): Modify property of object successfully

2018-12-06 23:52:31 - [MESSAGE][PASSED] - Modify property of object successfully

2018-12-06 23:52:31 - [TEST_STEP][PASSED] - click: Object: '' is clicked on

2018-12-06 23:52:31 - [MESSAGE][PASSED] - Object: '' is clicked on

2018-12-06 23:52:31 - [TEST_STEP][PASSED] - click: Object: 'Object Repository/Final Object Repo/Page_Update Add New Employee - ASSIST/DOB Year' is clicked on

2018-12-06 23:52:31 - [MESSAGE][PASSED] - Object: 'Object Repository/Final Object Repo/Page_Update Add New Employee - ASSIST/DOB Year' is clicked on

2018-12-06 23:52:31 - [TEST_STEP][PASSED] - Statement - selectYear = com.kms.katalon.core.webui.keyword.WebUiBuiltInKeywords.modifyObjectProperty(selectYear, "xpath", "equals", "//div/div/div/select/option[@value="" + EighteenYrsBefore + ""]", true): Modify property of object successfully

2018-12-06 23:52:31 - [MESSAGE][PASSED] - Modify property of object successfully

2018-12-06 23:52:31 - [TEST_STEP][PASSED] - click: Object: '' is clicked on

2018-12-06 23:52:31 - [MESSAGE][PASSED] - Object: '' is clicked on

2018-12-06 23:52:31 - [TEST_STEP][PASSED] - Statement - UpdatedSelectDate = com.kms.katalon.core.webui.keyword.WebUiBuiltInKeywords.modifyObjectProperty(com.kms.katalon.core.testobject.ObjectRepository.findTestObject(Final Object Repo/Page_Update Add New Employee - ASSIST/DOB Date), "xpath", "equals", "//body/div/table/tbody/tr/td/a[text()="" + OneDayBefore + ""]", true): Modify property of object successfully

2018-12-06 23:52:31 - [MESSAGE][PASSED] - Modify property of object successfully

2018-12-06 23:52:31 - [TEST_STEP][PASSED] - click: Object: 'Object Repository/Final Object Repo/Page_Update Add New Employee - ASSIST/DOB Date' is clicked on

2018-12-06 23:52:31 - [MESSAGE][PASSED] - Object: 'Object Repository/Final Object Repo/Page_Update Add New Employee - ASSIST/DOB Date' is clicked on

2018-12-06 23:52:31 - [TEST_STEP][PASSED] - delay: Delayed 2 second(s)

2018-12-06 23:52:33 - [MESSAGE][PASSED] - Delayed 2 second(s)

2018-12-06 23:52:33 - [TEST_STEP][PASSED] - click: Object: 'Object Repository/Final Object Repo/Page_Update Add New Employee - ASSIST/EmploymentStartDate Pop Up' is clicked on

2018-12-06 23:52:34 - [MESSAGE][PASSED] - Object: 'Object Repository/Final Object Repo/Page_Update Add New Employee - ASSIST/EmploymentStartDate Pop Up' is clicked on

2018-12-06 23:52:34 - [TEST_STEP][PASSED] - delay: Delayed 2 second(s)

2018-12-06 23:52:36 - [MESSAGE][PASSED] - Delayed 2 second(s)

2018-12-06 23:52:36 - [TEST_STEP][PASSED] - click: Object: 'Object Repository/Final Object Repo/Page_Update Add New Employee - ASSIST/Socso Employment StartDate Month' is clicked on

2018-12-06 23:52:36 - [MESSAGE][PASSED] - Object: 'Object Repository/Final Object Repo/Page_Update Add New Employee - ASSIST/Socso Employment StartDate Month' is clicked on

2018-12-06 23:52:36 - [TEST_STEP][PASSED] - delay: Delayed 1 second(s)

2018-12-06 23:52:37 - [MESSAGE][PASSED] - Delayed 1 second(s)

2018-12-06 23:52:37 - [TEST_STEP][PASSED] - click: Object: 'Object Repository/Final Object Repo/Page_Update Add New Employee - ASSIST/Select Socso Employement Startdate Month' is clicked on

2018-12-06 23:52:37 - [MESSAGE][PASSED] - Object: 'Object Repository/Final Object Repo/Page_Update Add New Employee - ASSIST/Select Socso Employement Startdate Month' is clicked on

2018-12-06 23:52:37 - [TEST_STEP][PASSED] - delay: Delayed 2 second(s)

2018-12-06 23:52:39 - [MESSAGE][PASSED] - Delayed 2 second(s)

2018-12-06 23:52:39 - [TEST_STEP][PASSED] - click: Object: 'Object Repository/Final Object Repo/Page_Update Add New Employee - ASSIST/Socso Employment StartDate Year' is clicked on

2018-12-06 23:52:39 - [MESSAGE][PASSED] - Object: 'Object Repository/Final Object Repo/Page_Update Add New Employee - ASSIST/Socso Employment StartDate Year' is clicked on

2018-12-06 23:52:39 - [TEST_STEP][PASSED] - delay: Delayed 1 second(s)

2018-12-06 23:52:40 - [MESSAGE][PASSED] - Delayed 1 second(s)

2018-12-06 23:52:40 - [TEST_STEP][PASSED] - click: Object: 'Object Repository/Final Object Repo/Page_Update Add New Employee - ASSIST/Select Socso Employment Startdate Year' is clicked on

2018-12-06 23:52:40 - [MESSAGE][PASSED] - Object: 'Object Repository/Final Object Repo/Page_Update Add New Employee - ASSIST/Select Socso Employment Startdate Year' is clicked on

2018-12-06 23:52:40 - [TEST_STEP][PASSED] - delay: Delayed 2 second(s)

2018-12-06 23:52:42 - [MESSAGE][PASSED] - Delayed 2 second(s)

2018-12-06 23:52:42 - [TEST_STEP][PASSED] - click: Object: 'Object Repository/Final Object Repo/Page_Update Add New Employee - ASSIST/Socso Employment Start Date Day' is clicked on

2018-12-06 23:52:43 - [MESSAGE][PASSED] - Object: 'Object Repository/Final Object Repo/Page_Update Add New Employee - ASSIST/Socso Employment Start Date Day' is clicked on

2018-12-06 23:52:43 - [TEST_STEP][PASSED] - delay: Delayed 2 second(s)

2018-12-06 23:52:45 - [MESSAGE][PASSED] - Delayed 2 second(s)

2018-12-06 23:52:45 - [TEST_STEP][PASSED] - click: Object: 'Object Repository/Final Object Repo/Page_Update Add New Employee - ASSIST/Save Button for Add Employee' is clicked on

2018-12-06 23:52:45 - [MESSAGE][PASSED] - Object: 'Object Repository/Final Object Repo/Page_Update Add New Employee - ASSIST/Save Button for Add Employee' is clicked on

2018-12-06 23:52:45 - [TEST_STEP][PASSED] - delay: Delayed 20 second(s)

2018-12-06 23:53:05 - [MESSAGE][PASSED] - Delayed 20 second(s)

2018-12-06 23:53:05 - [TEST_STEP][PASSED] - click: Object: 'Object Repository/Final Object Repo/Page_Update Add New Employee - ASSIST/Add Employee Button' is clicked on

2018-12-06 23:53:05 - [MESSAGE][PASSED] - Object: 'Object Repository/Final Object Repo/Page_Update Add New Employee - ASSIST/Add Employee Button' is clicked on

2018-12-06 23:53:05 - [TEST_STEP][PASSED] - delay: Delayed 4 second(s)

2018-12-06 23:53:09 - [MESSAGE][PASSED] - Delayed 4 second(s)

2018-12-06 23:53:09 - [TEST_STEP][PASSED] - setText: Text '600203039104' is set on object 'Object Repository/Final Object Repo/Page_Update Add New Employee - ASSIST/NRIC Input'

2018-12-06 23:53:09 - [MESSAGE][PASSED] - Text '600203039104' is set on object 'Object Repository/Final Object Repo/Page_Update Add New Employee - ASSIST/NRIC Input'

2018-12-06 23:53:09 - [TEST_STEP][PASSED] - click: Object: 'Object Repository/Final Object Repo/Page_Update Add New Employee - ASSIST/button for search for IC' is clicked on

2018-12-06 23:53:09 - [MESSAGE][PASSED] - Object: 'Object Repository/Final Object Repo/Page_Update Add New Employee - ASSIST/button for search for IC' is clicked on

2018-12-06 23:53:09 - [TEST_STEP][PASSED] - delay: Delayed 2 second(s)

2018-12-06 23:53:11 - [MESSAGE][PASSED] - Delayed 2 second(s)

2018-12-06 23:53:11 - [TEST_STEP][PASSED] - setText: Text 'Automate002 not eligible 2' is set on object 'Object Repository/Final Object Repo/Page_Update Add New Employee - ASSIST/Employee Name Input'

2018-12-06 23:53:12 - [MESSAGE][PASSED] - Text 'Automate002 not eligible 2' is set on object 'Object Repository/Final Object Repo/Page_Update Add New Employee - ASSIST/Employee Name Input'

2018-12-06 23:53:12 - [TEST_STEP][PASSED] - delay: Delayed 2 second(s)

2018-12-06 23:53:14 - [MESSAGE][PASSED] - Delayed 2 second(s)

2018-12-06 23:53:14 - [TEST_STEP][PASSED] - click: Object: 'Object Repository/Final Object Repo/Page_Update Add New Employee - ASSIST/DatePicker Pop Up' is clicked on

2018-12-06 23:53:14 - [MESSAGE][PASSED] - Object: 'Object Repository/Final Object Repo/Page_Update Add New Employee - ASSIST/DatePicker Pop Up' is clicked on

2018-12-06 23:53:14 - [TEST_STEP][PASSED] - delay: Delayed 2 second(s)

2018-12-06 23:53:16 - [MESSAGE][PASSED] - Delayed 2 second(s)

2018-12-06 23:53:16 - [TEST_STEP][PASSED] - click: Object: 'Object Repository/Final Object Repo/Page_Update Add New Employee - ASSIST/DOB Month' is clicked on

2018-12-06 23:53:16 - [MESSAGE][PASSED] - Object: 'Object Repository/Final Object Repo/Page_Update Add New Employee - ASSIST/DOB Month' is clicked on

2018-12-06 23:53:16 - [TEST_STEP][PASSED] - Statement - selectMonth = com.kms.katalon.core.webui.keyword.WebUiBuiltInKeywords.modifyObjectProperty(selectMonth, "xpath", "equals", "//body/div/div/div/select/option[@value="" + CurrentMonth + ""]", true): Modify property of object successfully

2018-12-06 23:53:16 - [MESSAGE][PASSED] - Modify property of object successfully

2018-12-06 23:53:16 - [TEST_STEP][PASSED] - click: Object: '' is clicked on

2018-12-06 23:53:17 - [MESSAGE][PASSED] - Object: '' is clicked on

2018-12-06 23:53:17 - [TEST_STEP][PASSED] - click: Object: 'Object Repository/Final Object Repo/Page_Update Add New Employee - ASSIST/DOB Year' is clicked on

2018-12-06 23:53:17 - [MESSAGE][PASSED] - Object: 'Object Repository/Final Object Repo/Page_Update Add New Employee - ASSIST/DOB Year' is clicked on

2018-12-06 23:53:17 - [TEST_STEP][PASSED] - Statement - selectYear = com.kms.katalon.core.webui.keyword.WebUiBuiltInKeywords.modifyObjectProperty(selectYear, "xpath", "equals", "//div/div/div/select/option[@value="" + FiftysevenYrsBefore + ""]", true): Modify property of object successfully

2018-12-06 23:53:17 - [MESSAGE][PASSED] - Modify property of object successfully

2018-12-06 23:53:17 - [TEST_STEP][PASSED] - click: Object: '' is clicked on

2018-12-06 23:53:17 - [MESSAGE][PASSED] - Object: '' is clicked on

2018-12-06 23:53:17 - [TEST_STEP][PASSED] - Statement - UpdatedSelectDate = com.kms.katalon.core.webui.keyword.WebUiBuiltInKeywords.modifyObjectProperty(com.kms.katalon.core.testobject.ObjectRepository.findTestObject(Final Object Repo/Page_Update Add New Employee - ASSIST/DOB Date), "xpath", "equals", "//body/div/table/tbody/tr/td/a[text()="" + CurrentDate + ""]", true): Modify property of object successfully

2018-12-06 23:53:17 - [MESSAGE][PASSED] - Modify property of object successfully

2018-12-06 23:53:17 - [TEST_STEP][PASSED] - click: Object: 'Object Repository/Final Object Repo/Page_Update Add New Employee - ASSIST/DOB Date' is clicked on

2018-12-06 23:53:17 - [MESSAGE][PASSED] - Object: 'Object Repository/Final Object Repo/Page_Update Add New Employee - ASSIST/DOB Date' is clicked on

2018-12-06 23:53:17 - [TEST_STEP][PASSED] - click: Object: 'Object Repository/Final Object Repo/Page_Update Add New Employee - ASSIST/EmploymentStartDate Pop Up' is clicked on

2018-12-06 23:53:17 - [MESSAGE][PASSED] - Object: 'Object Repository/Final Object Repo/Page_Update Add New Employee - ASSIST/EmploymentStartDate Pop Up' is clicked on

2018-12-06 23:53:17 - [TEST_STEP][PASSED] - delay: Delayed 2 second(s)

2018-12-06 23:53:19 - [MESSAGE][PASSED] - Delayed 2 second(s)

2018-12-06 23:53:19 - [TEST_STEP][PASSED] - click: Object: 'Object Repository/Final Object Repo/Page_Update Add New Employee - ASSIST/Socso Employment StartDate Month' is clicked on

2018-12-06 23:53:19 - [MESSAGE][PASSED] - Object: 'Object Repository/Final Object Repo/Page_Update Add New Employee - ASSIST/Socso Employment StartDate Month' is clicked on

2018-12-06 23:53:19 - [TEST_STEP][PASSED] - delay: Delayed 1 second(s)

2018-12-06 23:53:20 - [MESSAGE][PASSED] - Delayed 1 second(s)

2018-12-06 23:53:20 - [TEST_STEP][PASSED] - click: Object: 'Object Repository/Final Object Repo/Page_Update Add New Employee - ASSIST/Select Socso Employement Startdate Month' is clicked on

2018-12-06 23:53:21 - [MESSAGE][PASSED] - Object: 'Object Repository/Final Object Repo/Page_Update Add New Employee - ASSIST/Select Socso Employement Startdate Month' is clicked on

2018-12-06 23:53:21 - [TEST_STEP][PASSED] - delay: Delayed 2 second(s)

2018-12-06 23:53:23 - [MESSAGE][PASSED] - Delayed 2 second(s)

2018-12-06 23:53:23 - [TEST_STEP][PASSED] - click: Object: 'Object Repository/Final Object Repo/Page_Update Add New Employee - ASSIST/Socso Employment StartDate Year' is clicked on

2018-12-06 23:53:23 - [MESSAGE][PASSED] - Object: 'Object Repository/Final Object Repo/Page_Update Add New Employee - ASSIST/Socso Employment StartDate Year' is clicked on

2018-12-06 23:53:23 - [TEST_STEP][PASSED] - delay: Delayed 1 second(s)

2018-12-06 23:53:24 - [MESSAGE][PASSED] - Delayed 1 second(s)

2018-12-06 23:53:24 - [TEST_STEP][PASSED] - click: Object: 'Object Repository/Final Object Repo/Page_Update Add New Employee - ASSIST/Select Socso Employment Startdate Year' is clicked on

2018-12-06 23:53:24 - [MESSAGE][PASSED] - Object: 'Object Repository/Final Object Repo/Page_Update Add New Employee - ASSIST/Select Socso Employment Startdate Year' is clicked on

2018-12-06 23:53:24 - [TEST_STEP][PASSED] - delay: Delayed 2 second(s)

2018-12-06 23:53:26 - [MESSAGE][PASSED] - Delayed 2 second(s)

2018-12-06 23:53:26 - [TEST_STEP][PASSED] - click: Object: 'Object Repository/Final Object Repo/Page_Update Add New Employee - ASSIST/Socso Employment Start Date Day' is clicked on

2018-12-06 23:53:26 - [MESSAGE][PASSED] - Object: 'Object Repository/Final Object Repo/Page_Update Add New Employee - ASSIST/Socso Employment Start Date Day' is clicked on

2018-12-06 23:53:26 - [TEST_STEP][PASSED] - delay: Delayed 2 second(s)

2018-12-06 23:53:28 - [MESSAGE][PASSED] - Delayed 2 second(s)

2018-12-06 23:53:28 - [TEST_STEP][PASSED] - click: Object: 'Object Repository/Final Object Repo/Page_Update Add New Employee - ASSIST/Save Button for Add Employee' is clicked on

2018-12-06 23:53:28 - [MESSAGE][PASSED] - Object: 'Object Repository/Final Object Repo/Page_Update Add New Employee - ASSIST/Save Button for Add Employee' is clicked on

2018-12-06 23:53:28 - [MESSAGE][PASSED] - Call Test Case 'Test Cases/Final Aug 2018 - PKS Automation/Registration Module/Workflow/Update Add New Employee/Template/Employee Adding/Employee Adding Action Repeat IC - set 2' successfully

2018-12-06 23:53:28 - [MESSAGE][PASSED] - Call Test Case 'Test Cases/Final Aug 2018 - PKS Automation/Registration Module/Workflow/Update Add New Employee/Template/Employee Adding/Employee Set Decider' successfully

2018-12-06 23:53:28 - [TEST_STEP][PASSED] - delay: Delayed 4 second(s)

2018-12-06 23:53:32 - [MESSAGE][PASSED] - Delayed 4 second(s)

2018-12-06 23:53:32 - [TEST_STEP][PASSED] - Statement - CaseReferenceNo = com.kms.katalon.core.webui.keyword.WebUiBuiltInKeywords.getText(com.kms.katalon.core.testobject.ObjectRepository.findTestObject(Final Object Repo/Page_Update Add New Employee - ASSIST/RefNo)): Text of object 'Object Repository/Final Object Repo/Page_Update Add New Employee - ASSIST/RefNo' is: 'CAN12201800002270'

2018-12-06 23:53:32 - [MESSAGE][PASSED] - Text of object 'Object Repository/Final Object Repo/Page_Update Add New Employee - ASSIST/RefNo' is: 'CAN12201800002270'

2018-12-06 23:53:32 - [TEST_STEP][PASSED] - callTestCase: Call Test Case 'Test Cases/Final Aug 2018 - PKS Automation/Common/Reference Number Setter' successfully

2018-12-06 23:53:32 - [TEST_CASE][PASSED] - Test Cases/Final Aug 2018 - PKS Automation/Common/Reference Number Setter: Test Cases/Final Aug 2018 - PKS Automation/Common/Reference Number Setter

2018-12-06 23:53:32 - [TEST_STEP][PASSED] - Statement - RefNoOldFile = new java.io.File(C://Users//Admin//Desktop//PKS//Automation Reference Point//KatalonReference.txt): null

2018-12-06 23:53:32 - [TEST_STEP][PASSED] - Statement - RefNoOldFile.delete(): null

2018-12-06 23:53:32 - [TEST_STEP][PASSED] - delay: Delayed 5 second(s)

2018-12-06 23:53:37 - [MESSAGE][PASSED] - Delayed 5 second(s)

2018-12-06 23:53:37 - [TEST_STEP][PASSED] - Statement - RefNo = new java.io.File(C://Users//Admin//Desktop//PKS//Automation Reference Point//KatalonReference.txt): null

2018-12-06 23:53:37 - [TEST_STEP][PASSED] - Statement - f2 = new java.io.FileWriter(RefNo, false): null

2018-12-06 23:53:37 - [TEST_STEP][PASSED] - Statement - f2.write(CaseReferenceNo): null

2018-12-06 23:53:37 - [TEST_STEP][PASSED] - Statement - f2.close(): null

2018-12-06 23:53:37 - [TEST_STEP][PASSED] - Statement - out.println("


" + CaseReferenceNo + "


"): null

2018-12-06 23:53:37 - [MESSAGE][PASSED] - Call Test Case 'Test Cases/Final Aug 2018 - PKS Automation/Common/Reference Number Setter' successfully

2018-12-06 23:53:37 - [TEST_STEP][PASSED] - delay: Delayed 5 second(s)

2018-12-06 23:53:42 - [MESSAGE][PASSED] - Delayed 5 second(s)

2018-12-06 23:53:42 - [TEST_STEP][PASSED] - click: Object: 'Object Repository/Final Object Repo/Page_Update Add New Employee - ASSIST/Incomplete Checkbox' is clicked on

2018-12-06 23:53:43 - [MESSAGE][PASSED] - Object: 'Object Repository/Final Object Repo/Page_Update Add New Employee - ASSIST/Incomplete Checkbox' is clicked on

2018-12-06 23:53:43 - [TEST_STEP][PASSED] - delay: Delayed 5 second(s)

2018-12-06 23:53:48 - [MESSAGE][PASSED] - Delayed 5 second(s)

2018-12-06 23:53:48 - [TEST_STEP][PASSED] - click: Object: 'Object Repository/Final Object Repo/Page_Update Add New Employee - ASSIST/Save  Continue Button' is clicked on

2018-12-06 23:53:48 - [MESSAGE][PASSED] - Object: 'Object Repository/Final Object Repo/Page_Update Add New Employee - ASSIST/Save  Continue Button' is clicked on

2018-12-06 23:53:48 - [TEST_STEP][PASSED] - delay: Delayed 6 second(s)

2018-12-06 23:53:54 - [MESSAGE][PASSED] - Delayed 6 second(s)

2018-12-06 23:53:54 - [TEST_STEP][PASSED] - click: Object: 'Object Repository/Final Object Repo/Page_Update Add New Employee - ASSIST/Save  Continue Third Screen' is clicked on

2018-12-06 23:53:57 - [MESSAGE][PASSED] - Object: 'Object Repository/Final Object Repo/Page_Update Add New Employee - ASSIST/Save  Continue Third Screen' is clicked on

2018-12-06 23:53:57 - [TEST_STEP][PASSED] - delay: Delayed 4 second(s)

2018-12-06 23:54:01 - [MESSAGE][PASSED] - Delayed 4 second(s)

2018-12-06 23:54:01 - [TEST_STEP][PASSED] - click: Object: 'Object Repository/Final Object Repo/Page_Update Add New Employee - ASSIST/Save   Continue Supporting Doc Page' is clicked on

2018-12-06 23:54:01 - [MESSAGE][PASSED] - Object: 'Object Repository/Final Object Repo/Page_Update Add New Employee - ASSIST/Save   Continue Supporting Doc Page' is clicked on

2018-12-06 23:54:01 - [TEST_STEP][PASSED] - delay: Delayed 4 second(s)

2018-12-06 23:54:05 - [MESSAGE][PASSED] - Delayed 4 second(s)

2018-12-06 23:54:05 - [TEST_STEP][PASSED] - click: Object: 'Object Repository/Final Object Repo/Page_Update Add New Employee - ASSIST/Submit Button' is clicked on

2018-12-06 23:54:05 - [MESSAGE][PASSED] - Object: 'Object Repository/Final Object Repo/Page_Update Add New Employee - ASSIST/Submit Button' is clicked on

2018-12-06 23:54:05 - [TEST_STEP][PASSED] - delay: Delayed 4 second(s)

2018-12-06 23:54:09 - [MESSAGE][PASSED] - Delayed 4 second(s)

2018-12-06 23:54:09 - [TEST_STEP][PASSED] - click: Object: 'Object Repository/Final Object Repo/Page_Update Add New Employee - ASSIST/Confirm Submit Button' is clicked on

2018-12-06 23:54:09 - [MESSAGE][PASSED] - Object: 'Object Repository/Final Object Repo/Page_Update Add New Employee - ASSIST/Confirm Submit Button' is clicked on

2018-12-06 23:54:09 - [TEST_STEP][PASSED] - delay: Delayed 30 second(s)

2018-12-06 23:54:39 - [MESSAGE][PASSED] - Delayed 30 second(s)

2018-12-06 23:54:39 - [TEST_STEP][PASSED] - callTestCase: Call Test Case 'Test Cases/Final Aug 2018 - PKS Automation/Common/Screenshoting tool' successfully

2018-12-06 23:54:39 - [TEST_CASE][PASSED] - Test Cases/Final Aug 2018 - PKS Automation/Common/Screenshoting tool: Test Cases/Final Aug 2018 - PKS Automation/Common/Screenshoting tool

2018-12-06 23:54:39 - [TEST_STEP][PASSED] - delay: Delayed 15 second(s)

2018-12-06 23:54:54 - [MESSAGE][PASSED] - Delayed 15 second(s)

2018-12-06 23:54:54 - [TEST_STEP][PASSED] - Statement - driver = com.kms.katalon.core.webui.driver.DriverFactory.getWebDriver(): null

2018-12-06 23:54:54 - [TEST_STEP][PASSED] - Statement - driver.manage().timeouts().implicitlyWait(10, SECONDS): null

2018-12-06 23:54:54 - [TEST_STEP][PASSED] - Statement - PresavePath = KatalonScreenshots: null

2018-12-06 23:54:54 - [TEST_STEP][PASSED] - Statement - pathPrefix = "C:\Users\Public\Pictures\Sample Pictures\Katalon Screenshots\Automate Ending Screen": null

2018-12-06 23:54:54 - [TEST_STEP][PASSED] - Statement - finalPath = <not implemented yet for class: org.codehaus.groovy.ast.expr.EmptyExpression>: null

2018-12-06 23:54:54 - [TEST_STEP][PASSED] - Statement - scrFile = driver.getScreenshotAs(FILE): null

2018-12-06 23:54:55 - [TEST_STEP][PASSED] - Statement - PreSaveFile = new java.io.File(PresavePath): null

2018-12-06 23:54:55 - [TEST_STEP][PASSED] - Statement - counter = 0: null

2018-12-06 23:54:55 - [TEST_STEP][PASSED] - Statement - If (PreSaveFile.exists()): null

2018-12-06 23:54:55 - [TEST_STEP][PASSED] - Statement - While (PreSaveFile.exists()): null

2018-12-06 23:54:55 - [TEST_STEP][PASSED] - Statement - counter = counter + 1: null

2018-12-06 23:54:55 - [TEST_STEP][PASSED] - Statement - PreSaveFile = new java.io.File(((pathPrefix + java.lang.Integer.toString(counter)) + .png)): null

2018-12-06 23:54:55 - [TEST_STEP][PASSED] - Statement - counter = counter + 1: null

2018-12-06 23:54:55 - [TEST_STEP][PASSED] - Statement - PreSaveFile = new java.io.File(((pathPrefix + java.lang.Integer.toString(counter)) + .png)): null

2018-12-06 23:54:55 - [TEST_STEP][PASSED] - Statement - counter = counter + 1: null

2018-12-06 23:54:55 - [TEST_STEP][PASSED] - Statement - PreSaveFile = new java.io.File(((pathPrefix + java.lang.Integer.toString(counter)) + .png)): null

2018-12-06 23:54:55 - [TEST_STEP][PASSED] - Statement - counter = counter + 1: null

2018-12-06 23:54:55 - [TEST_STEP][PASSED] - Statement - PreSaveFile = new java.io.File(((pathPrefix + java.lang.Integer.toString(counter)) + .png)): null

2018-12-06 23:54:55 - [TEST_STEP][PASSED] - Statement - counter = counter + 1: null

2018-12-06 23:54:55 - [TEST_STEP][PASSED] - Statement - PreSaveFile = new java.io.File(((pathPrefix + java.lang.Integer.toString(counter)) + .png)): null

2018-12-06 23:54:55 - [TEST_STEP][PASSED] - Statement - counter = counter + 1: null

2018-12-06 23:54:55 - [TEST_STEP][PASSED] - Statement - PreSaveFile = new java.io.File(((pathPrefix + java.lang.Integer.toString(counter)) + .png)): null

2018-12-06 23:54:55 - [TEST_STEP][PASSED] - Statement - counter = counter + 1: null

2018-12-06 23:54:55 - [TEST_STEP][PASSED] - Statement - PreSaveFile = new java.io.File(((pathPrefix + java.lang.Integer.toString(counter)) + .png)): null

2018-12-06 23:54:55 - [TEST_STEP][PASSED] - Statement - counter = counter + 1: null

2018-12-06 23:54:55 - [TEST_STEP][PASSED] - Statement - PreSaveFile = new java.io.File(((pathPrefix + java.lang.Integer.toString(counter)) + .png)): null

2018-12-06 23:54:55 - [TEST_STEP][PASSED] - Statement - counter = counter + 1: null

2018-12-06 23:54:55 - [TEST_STEP][PASSED] - Statement - PreSaveFile = new java.io.File(((pathPrefix + java.lang.Integer.toString(counter)) + .png)): null

2018-12-06 23:54:55 - [TEST_STEP][PASSED] - Statement - counter = counter + 1: null

2018-12-06 23:54:55 - [TEST_STEP][PASSED] - Statement - PreSaveFile = new java.io.File(((pathPrefix + java.lang.Integer.toString(counter)) + .png)): null

2018-12-06 23:54:55 - [TEST_STEP][PASSED] - Statement - counter = counter + 1: null

2018-12-06 23:54:55 - [TEST_STEP][PASSED] - Statement - PreSaveFile = new java.io.File(((pathPrefix + java.lang.Integer.toString(counter)) + .png)): null

2018-12-06 23:54:55 - [TEST_STEP][PASSED] - Statement - counter = counter + 1: null

2018-12-06 23:54:55 - [TEST_STEP][PASSED] - Statement - PreSaveFile = new java.io.File(((pathPrefix + java.lang.Integer.toString(counter)) + .png)): null

2018-12-06 23:54:55 - [TEST_STEP][PASSED] - Statement - counter = counter + 1: null

2018-12-06 23:54:55 - [TEST_STEP][PASSED] - Statement - PreSaveFile = new java.io.File(((pathPrefix + java.lang.Integer.toString(counter)) + .png)): null

2018-12-06 23:54:55 - [TEST_STEP][PASSED] - Statement - counter = counter + 1: null

2018-12-06 23:54:55 - [TEST_STEP][PASSED] - Statement - PreSaveFile = new java.io.File(((pathPrefix + java.lang.Integer.toString(counter)) + .png)): null

2018-12-06 23:54:55 - [TEST_STEP][PASSED] - Statement - counter = counter + 1: null

2018-12-06 23:54:55 - [TEST_STEP][PASSED] - Statement - PreSaveFile = new java.io.File(((pathPrefix + java.lang.Integer.toString(counter)) + .png)): null

2018-12-06 23:54:55 - [TEST_STEP][PASSED] - Statement - counter = counter + 1: null

2018-12-06 23:54:55 - [TEST_STEP][PASSED] - Statement - PreSaveFile = new java.io.File(((pathPrefix + java.lang.Integer.toString(counter)) + .png)): null

2018-12-06 23:54:55 - [TEST_STEP][PASSED] - Statement - counter = counter + 1: null

2018-12-06 23:54:55 - [TEST_STEP][PASSED] - Statement - PreSaveFile = new java.io.File(((pathPrefix + java.lang.Integer.toString(counter)) + .png)): null

2018-12-06 23:54:55 - [TEST_STEP][PASSED] - Statement - counter = counter + 1: null

2018-12-06 23:54:55 - [TEST_STEP][PASSED] - Statement - PreSaveFile = new java.io.File(((pathPrefix + java.lang.Integer.toString(counter)) + .png)): null

2018-12-06 23:54:55 - [TEST_STEP][PASSED] - Statement - counter = counter + 1: null

2018-12-06 23:54:55 - [TEST_STEP][PASSED] - Statement - PreSaveFile = new java.io.File(((pathPrefix + java.lang.Integer.toString(counter)) + .png)): null

2018-12-06 23:54:55 - [TEST_STEP][PASSED] - Statement - counter = counter + 1: null

2018-12-06 23:54:55 - [TEST_STEP][PASSED] - Statement - PreSaveFile = new java.io.File(((pathPrefix + java.lang.Integer.toString(counter)) + .png)): null

2018-12-06 23:54:55 - [TEST_STEP][PASSED] - Statement - counter = counter + 1: null

2018-12-06 23:54:55 - [TEST_STEP][PASSED] - Statement - PreSaveFile = new java.io.File(((pathPrefix + java.lang.Integer.toString(counter)) + .png)): null

2018-12-06 23:54:55 - [TEST_STEP][PASSED] - Statement - counter = counter + 1: null

2018-12-06 23:54:55 - [TEST_STEP][PASSED] - Statement - PreSaveFile = new java.io.File(((pathPrefix + java.lang.Integer.toString(counter)) + .png)): null

2018-12-06 23:54:55 - [TEST_STEP][PASSED] - Statement - counter = counter + 1: null

2018-12-06 23:54:55 - [TEST_STEP][PASSED] - Statement - PreSaveFile = new java.io.File(((pathPrefix + java.lang.Integer.toString(counter)) + .png)): null

2018-12-06 23:54:55 - [TEST_STEP][PASSED] - Statement - counter = counter + 1: null

2018-12-06 23:54:55 - [TEST_STEP][PASSED] - Statement - PreSaveFile = new java.io.File(((pathPrefix + java.lang.Integer.toString(counter)) + .png)): null

2018-12-06 23:54:55 - [TEST_STEP][PASSED] - Statement - counter = counter + 1: null

2018-12-06 23:54:55 - [TEST_STEP][PASSED] - Statement - PreSaveFile = new java.io.File(((pathPrefix + java.lang.Integer.toString(counter)) + .png)): null

2018-12-06 23:54:55 - [TEST_STEP][PASSED] - Statement - counter = counter + 1: null

2018-12-06 23:54:55 - [TEST_STEP][PASSED] - Statement - PreSaveFile = new java.io.File(((pathPrefix + java.lang.Integer.toString(counter)) + .png)): null

2018-12-06 23:54:55 - [TEST_STEP][PASSED] - Statement - counter = counter + 1: null

2018-12-06 23:54:55 - [TEST_STEP][PASSED] - Statement - PreSaveFile = new java.io.File(((pathPrefix + java.lang.Integer.toString(counter)) + .png)): null

2018-12-06 23:54:55 - [TEST_STEP][PASSED] - Statement - counter = counter + 1: null

2018-12-06 23:54:55 - [TEST_STEP][PASSED] - Statement - PreSaveFile = new java.io.File(((pathPrefix + java.lang.Integer.toString(counter)) + .png)): null

2018-12-06 23:54:55 - [TEST_STEP][PASSED] - Statement - counter = counter + 1: null

2018-12-06 23:54:55 - [TEST_STEP][PASSED] - Statement - PreSaveFile = new java.io.File(((pathPrefix + java.lang.Integer.toString(counter)) + .png)): null

2018-12-06 23:54:55 - [TEST_STEP][PASSED] - Statement - counter = counter + 1: null

2018-12-06 23:54:55 - [TEST_STEP][PASSED] - Statement - PreSaveFile = new java.io.File(((pathPrefix + java.lang.Integer.toString(counter)) + .png)): null

2018-12-06 23:54:55 - [TEST_STEP][PASSED] - Statement - counter = counter + 1: null

2018-12-06 23:54:55 - [TEST_STEP][PASSED] - Statement - PreSaveFile = new java.io.File(((pathPrefix + java.lang.Integer.toString(counter)) + .png)): null

2018-12-06 23:54:55 - [TEST_STEP][PASSED] - Statement - counter = counter + 1: null

2018-12-06 23:54:55 - [TEST_STEP][PASSED] - Statement - PreSaveFile = new java.io.File(((pathPrefix + java.lang.Integer.toString(counter)) + .png)): null

2018-12-06 23:54:55 - [TEST_STEP][PASSED] - Statement - counter = counter + 1: null

2018-12-06 23:54:55 - [TEST_STEP][PASSED] - Statement - PreSaveFile = new java.io.File(((pathPrefix + java.lang.Integer.toString(counter)) + .png)): null

2018-12-06 23:54:55 - [TEST_STEP][PASSED] - Statement - counter = counter + 1: null

2018-12-06 23:54:55 - [TEST_STEP][PASSED] - Statement - PreSaveFile = new java.io.File(((pathPrefix + java.lang.Integer.toString(counter)) + .png)): null

2018-12-06 23:54:55 - [TEST_STEP][PASSED] - Statement - counter = counter + 1: null

2018-12-06 23:54:55 - [TEST_STEP][PASSED] - Statement - PreSaveFile = new java.io.File(((pathPrefix + java.lang.Integer.toString(counter)) + .png)): null

2018-12-06 23:54:55 - [TEST_STEP][PASSED] - Statement - counter = counter + 1: null

2018-12-06 23:54:55 - [TEST_STEP][PASSED] - Statement - PreSaveFile = new java.io.File(((pathPrefix + java.lang.Integer.toString(counter)) + .png)): null

2018-12-06 23:54:55 - [TEST_STEP][PASSED] - Statement - counter = counter + 1: null

2018-12-06 23:54:55 - [TEST_STEP][PASSED] - Statement - PreSaveFile = new java.io.File(((pathPrefix + java.lang.Integer.toString(counter)) + .png)): null

2018-12-06 23:54:55 - [TEST_STEP][PASSED] - Statement - counter = counter + 1: null

2018-12-06 23:54:55 - [TEST_STEP][PASSED] - Statement - PreSaveFile = new java.io.File(((pathPrefix + java.lang.Integer.toString(counter)) + .png)): null

2018-12-06 23:54:55 - [TEST_STEP][PASSED] - Statement - counter = counter + 1: null

2018-12-06 23:54:55 - [TEST_STEP][PASSED] - Statement - PreSaveFile = new java.io.File(((pathPrefix + java.lang.Integer.toString(counter)) + .png)): null

2018-12-06 23:54:55 - [TEST_STEP][PASSED] - Statement - counter = counter + 1: null

2018-12-06 23:54:55 - [TEST_STEP][PASSED] - Statement - PreSaveFile = new java.io.File(((pathPrefix + java.lang.Integer.toString(counter)) + .png)): null

2018-12-06 23:54:55 - [TEST_STEP][PASSED] - Statement - counter = counter + 1: null

2018-12-06 23:54:55 - [TEST_STEP][PASSED] - Statement - PreSaveFile = new java.io.File(((pathPrefix + java.lang.Integer.toString(counter)) + .png)): null

2018-12-06 23:54:55 - [TEST_STEP][PASSED] - Statement - counter = counter + 1: null

2018-12-06 23:54:55 - [TEST_STEP][PASSED] - Statement - PreSaveFile = new java.io.File(((pathPrefix + java.lang.Integer.toString(counter)) + .png)): null

2018-12-06 23:54:55 - [TEST_STEP][PASSED] - Statement - counter = counter + 1: null

2018-12-06 23:54:55 - [TEST_STEP][PASSED] - Statement - PreSaveFile = new java.io.File(((pathPrefix + java.lang.Integer.toString(counter)) + .png)): null

2018-12-06 23:54:55 - [TEST_STEP][PASSED] - Statement - counter = counter + 1: null

2018-12-06 23:54:55 - [TEST_STEP][PASSED] - Statement - PreSaveFile = new java.io.File(((pathPrefix + java.lang.Integer.toString(counter)) + .png)): null

2018-12-06 23:54:55 - [TEST_STEP][PASSED] - Statement - counter = counter + 1: null

2018-12-06 23:54:55 - [TEST_STEP][PASSED] - Statement - PreSaveFile = new java.io.File(((pathPrefix + java.lang.Integer.toString(counter)) + .png)): null

2018-12-06 23:54:55 - [TEST_STEP][PASSED] - Statement - counter = counter + 1: null

2018-12-06 23:54:55 - [TEST_STEP][PASSED] - Statement - PreSaveFile = new java.io.File(((pathPrefix + java.lang.Integer.toString(counter)) + .png)): null

2018-12-06 23:54:55 - [TEST_STEP][PASSED] - Statement - counter = counter + 1: null

2018-12-06 23:54:55 - [TEST_STEP][PASSED] - Statement - PreSaveFile = new java.io.File(((pathPrefix + java.lang.Integer.toString(counter)) + .png)): null

2018-12-06 23:54:55 - [TEST_STEP][PASSED] - Statement - counter = counter + 1: null

2018-12-06 23:54:55 - [TEST_STEP][PASSED] - Statement - PreSaveFile = new java.io.File(((pathPrefix + java.lang.Integer.toString(counter)) + .png)): null

2018-12-06 23:54:55 - [TEST_STEP][PASSED] - Statement - counter = counter + 1: null

2018-12-06 23:54:55 - [TEST_STEP][PASSED] - Statement - PreSaveFile = new java.io.File(((pathPrefix + java.lang.Integer.toString(counter)) + .png)): null

2018-12-06 23:54:55 - [TEST_STEP][PASSED] - Statement - counter = counter + 1: null

2018-12-06 23:54:55 - [TEST_STEP][PASSED] - Statement - PreSaveFile = new java.io.File(((pathPrefix + java.lang.Integer.toString(counter)) + .png)): null

2018-12-06 23:54:55 - [TEST_STEP][PASSED] - Statement - counter = counter + 1: null

2018-12-06 23:54:55 - [TEST_STEP][PASSED] - Statement - PreSaveFile = new java.io.File(((pathPrefix + java.lang.Integer.toString(counter)) + .png)): null

2018-12-06 23:54:55 - [TEST_STEP][PASSED] - Statement - counter = counter + 1: null

2018-12-06 23:54:55 - [TEST_STEP][PASSED] - Statement - PreSaveFile = new java.io.File(((pathPrefix + java.lang.Integer.toString(counter)) + .png)): null

2018-12-06 23:54:55 - [TEST_STEP][PASSED] - Statement - counter = counter + 1: null

2018-12-06 23:54:55 - [TEST_STEP][PASSED] - Statement - PreSaveFile = new java.io.File(((pathPrefix + java.lang.Integer.toString(counter)) + .png)): null

2018-12-06 23:54:55 - [TEST_STEP][PASSED] - Statement - counter = counter + 1: null

2018-12-06 23:54:55 - [TEST_STEP][PASSED] - Statement - PreSaveFile = new java.io.File(((pathPrefix + java.lang.Integer.toString(counter)) + .png)): null

2018-12-06 23:54:55 - [TEST_STEP][PASSED] - Statement - counter = counter + 1: null

2018-12-06 23:54:55 - [TEST_STEP][PASSED] - Statement - PreSaveFile = new java.io.File(((pathPrefix + java.lang.Integer.toString(counter)) + .png)): null

2018-12-06 23:54:55 - [TEST_STEP][PASSED] - Statement - counter = counter + 1: null

2018-12-06 23:54:55 - [TEST_STEP][PASSED] - Statement - PreSaveFile = new java.io.File(((pathPrefix + java.lang.Integer.toString(counter)) + .png)): null

2018-12-06 23:54:55 - [TEST_STEP][PASSED] - Statement - counter = counter + 1: null

2018-12-06 23:54:55 - [TEST_STEP][PASSED] - Statement - PreSaveFile = new java.io.File(((pathPrefix + java.lang.Integer.toString(counter)) + .png)): null

2018-12-06 23:54:55 - [TEST_STEP][PASSED] - Statement - counter = counter + 1: null

2018-12-06 23:54:55 - [TEST_STEP][PASSED] - Statement - PreSaveFile = new java.io.File(((pathPrefix + java.lang.Integer.toString(counter)) + .png)): null

2018-12-06 23:54:55 - [TEST_STEP][PASSED] - Statement - counter = counter + 1: null

2018-12-06 23:54:55 - [TEST_STEP][PASSED] - Statement - PreSaveFile = new java.io.File(((pathPrefix + java.lang.Integer.toString(counter)) + .png)): null

2018-12-06 23:54:55 - [TEST_STEP][PASSED] - Statement - counter = counter + 1: null

2018-12-06 23:54:55 - [TEST_STEP][PASSED] - Statement - PreSaveFile = new java.io.File(((pathPrefix + java.lang.Integer.toString(counter)) + .png)): null

2018-12-06 23:54:55 - [TEST_STEP][PASSED] - Statement - counter = counter + 1: null

2018-12-06 23:54:55 - [TEST_STEP][PASSED] - Statement - PreSaveFile = new java.io.File(((pathPrefix + java.lang.Integer.toString(counter)) + .png)): null

2018-12-06 23:54:55 - [TEST_STEP][PASSED] - Statement - finalPath = pathPrefix + java.lang.Integer.toString(counter) + ".png": null

2018-12-06 23:54:55 - [TEST_STEP][PASSED] - Statement - SaveFile = new java.io.File(finalPath): null

2018-12-06 23:54:55 - [TEST_STEP][PASSED] - Statement - Try: null

2018-12-06 23:54:55 - [TEST_STEP][PASSED] - Statement - org.apache.commons.io.FileUtils.copyFile(scrFile, SaveFile): null

2018-12-06 23:54:55 - [TEST_STEP][PASSED] - Statement - out.println("file kept"): null

2018-12-06 23:54:55 - [TEST_STEP][PASSED] - delay: Delayed 10 second(s)

2018-12-06 23:55:05 - [MESSAGE][PASSED] - Delayed 10 second(s)

2018-12-06 23:55:05 - [MESSAGE][PASSED] - Call Test Case 'Test Cases/Final Aug 2018 - PKS Automation/Common/Screenshoting tool' successfully

2018-12-06 23:55:05 - [TEST_STEP][PASSED] - callTestCase: Call Test Case 'Test Cases/Final Aug 2018 - PKS Automation/Registration Module/Log Out/log out avoiding katalon tagging' successfully

2018-12-06 23:55:05 - [TEST_CASE][PASSED] - Test Cases/Final Aug 2018 - PKS Automation/Registration Module/Log Out/log out avoiding katalon tagging: Test Cases/Final Aug 2018 - PKS Automation/Registration Module/Log Out/log out avoiding katalon tagging

2018-12-06 23:55:05 - [TEST_STEP][PASSED] - navigateToUrl: Navigate to 'https://assist2-uat.perkeso.gov.my/c/portal/logout' successfully

2018-12-06 23:55:06 - [MESSAGE][PASSED] - Navigate to 'https://assist2-uat.perkeso.gov.my/c/portal/logout' successfully

2018-12-06 23:55:06 - [MESSAGE][PASSED] - Call Test Case 'Test Cases/Final Aug 2018 - PKS Automation/Registration Module/Log Out/log out avoiding katalon tagging' successfully

2018-12-06 23:55:06 - [TEST_STEP][PASSED] - callTestCase: Call Test Case 'Test Cases/Final Aug 2018 - PKS Automation/Common/Workflow Owner Finder' successfully

2018-12-06 23:55:06 - [TEST_CASE][PASSED] - Test Cases/Final Aug 2018 - PKS Automation/Common/Workflow Owner Finder: Test Cases/Final Aug 2018 - PKS Automation/Common/Workflow Owner Finder

2018-12-06 23:55:06 - [TEST_STEP][PASSED] - openBrowser: Browser is opened with url: ''

2018-12-06 23:55:06 - [MESSAGE][WARNING] - A browser is already opened. Closing browser and opening a new one

2018-12-06 23:55:10 - [MESSAGE][PASSED] - Browser is opened with url: ''

2018-12-06 23:55:10 - [TEST_STEP][PASSED] - navigateToUrl: Navigate to 'https://assist2-uat.perkeso.gov.my/login' successfully

2018-12-06 23:55:11 - [MESSAGE][PASSED] - Navigate to 'https://assist2-uat.perkeso.gov.my/login' successfully

2018-12-06 23:55:11 - [TEST_STEP][PASSED] - delay: Delayed 5 second(s)

2018-12-06 23:55:16 - [MESSAGE][PASSED] - Delayed 5 second(s)

2018-12-06 23:55:16 - [TEST_STEP][PASSED] - setText: Text 'test@liferay.com' is set on object 'Object Repository/Final Object Repo/Login Page/Internal User/Email Address'

2018-12-06 23:55:16 - [MESSAGE][PASSED] - Text 'test@liferay.com' is set on object 'Object Repository/Final Object Repo/Login Page/Internal User/Email Address'

2018-12-06 23:55:16 - [TEST_STEP][PASSED] - click: Object: 'Object Repository/Final Object Repo/Login Page/Internal User/Next Button' is clicked on

2018-12-06 23:55:16 - [MESSAGE][PASSED] - Object: 'Object Repository/Final Object Repo/Login Page/Internal User/Next Button' is clicked on

2018-12-06 23:55:16 - [TEST_STEP][PASSED] - delay: Delayed 2 second(s)

2018-12-06 23:55:18 - [MESSAGE][PASSED] - Delayed 2 second(s)

2018-12-06 23:55:18 - [TEST_STEP][PASSED] - setText: Text 'test' is set on object 'Object Repository/Final Object Repo/Login Page/Internal User/Password'

2018-12-06 23:55:19 - [MESSAGE][PASSED] - Text 'test' is set on object 'Object Repository/Final Object Repo/Login Page/Internal User/Password'

2018-12-06 23:55:19 - [TEST_STEP][PASSED] - delay: Delayed 2 second(s)

2018-12-06 23:55:21 - [MESSAGE][PASSED] - Delayed 2 second(s)

2018-12-06 23:55:21 - [TEST_STEP][PASSED] - click: Object: 'Object Repository/Final Object Repo/Login Page/Internal User/Login Button' is clicked on

2018-12-06 23:55:21 - [MESSAGE][PASSED] - Object: 'Object Repository/Final Object Repo/Login Page/Internal User/Login Button' is clicked on

2018-12-06 23:55:21 - [TEST_STEP][PASSED] - Statement - tester = com.kms.katalon.core.testobject.ObjectRepository.findTestObject(Final Object Repo/Landing Page/Select to English): Finding Test Object with id 'Object Repository/Final Object Repo/Landing Page/Select to English'

2018-12-06 23:55:21 - [TEST_STEP][PASSED] - Statement - Try: Delayed 2 second(s)

2018-12-06 23:55:21 - [TEST_STEP][PASSED] - Statement - Checker = com.kms.katalon.core.webui.keyword.WebUiBuiltInKeywords.verifyElementNotPresent(tester, 3): Web element with id: 'Object Repository/Final Object Repo/Landing Page/Select to English' located by 'By.xpath: //a[@class = 'taglib-language-list-text' and @lang = 'en-US' and (contains(text(), 'EN') or contains(., 'EN'))]' is not present after '3' second(s)

2018-12-06 23:55:23 - [MESSAGE][PASSED] - Web element with id: 'Object Repository/Final Object Repo/Landing Page/Select to English' located by 'By.xpath: //a[@class = 'taglib-language-list-text' and @lang = 'en-US' and (contains(text(), 'EN') or contains(., 'EN'))]' is not present after '3' second(s)

2018-12-06 23:55:23 - [TEST_STEP][PASSED] - Statement - If (Checker == false): null

2018-12-06 23:55:23 - [TEST_STEP][PASSED] - delay: Delayed 2 second(s)

2018-12-06 23:55:25 - [MESSAGE][PASSED] - Delayed 2 second(s)

2018-12-06 23:55:25 - [TEST_STEP][PASSED] - delay: Delayed 5 second(s)

2018-12-06 23:55:30 - [MESSAGE][PASSED] - Delayed 5 second(s)

2018-12-06 23:55:30 - [TEST_STEP][PASSED] - mouseOver: Object: 'Object Repository/Final Object Repo/Landing Page/WorkFlow Menu' is hovered

2018-12-06 23:55:30 - [MESSAGE][PASSED] - Object: 'Object Repository/Final Object Repo/Landing Page/WorkFlow Menu' is hovered

2018-12-06 23:55:30 - [TEST_STEP][PASSED] - delay: Delayed 2 second(s)

2018-12-06 23:55:32 - [MESSAGE][PASSED] - Delayed 2 second(s)

2018-12-06 23:55:32 - [TEST_STEP][PASSED] - click: Object: 'Object Repository/Final Object Repo/Landing Page/Select to Workflow Listing' is clicked on

2018-12-06 23:55:33 - [MESSAGE][PASSED] - Object: 'Object Repository/Final Object Repo/Landing Page/Select to Workflow Listing' is clicked on

2018-12-06 23:55:33 - [TEST_STEP][PASSED] - delay: Delayed 2 second(s)

2018-12-06 23:55:35 - [MESSAGE][PASSED] - Delayed 2 second(s)

2018-12-06 23:55:35 - [TEST_STEP][PASSED] - click: Object: 'Object Repository/Final Object Repo/WorkFlow Listing Page/Search Information - To Put Ref No' is clicked on

2018-12-06 23:55:36 - [MESSAGE][PASSED] - Object: 'Object Repository/Final Object Repo/WorkFlow Listing Page/Search Information - To Put Ref No' is clicked on

2018-12-06 23:55:36 - [TEST_STEP][PASSED] - delay: Delayed 2 second(s)

2018-12-06 23:55:38 - [MESSAGE][PASSED] - Delayed 2 second(s)

2018-12-06 23:55:38 - [TEST_STEP][PASSED] - callTestCase: Call Test Case 'Test Cases/Final Aug 2018 - PKS Automation/Common/Reference Number Getter' successfully

2018-12-06 23:55:38 - [TEST_CASE][PASSED] - Test Cases/Final Aug 2018 - PKS Automation/Common/Reference Number Getter: Test Cases/Final Aug 2018 - PKS Automation/Common/Reference Number Getter

2018-12-06 23:55:38 - [TEST_STEP][PASSED] - Statement - Try: null

2018-12-06 23:55:38 - [TEST_STEP][PASSED] - Statement - RefNo = new java.io.File(C://Users//Admin//Desktop//PKS//Automation Reference Point//KatalonReference.txt): null

2018-12-06 23:55:38 - [TEST_STEP][PASSED] - Statement - bufferread = new java.io.BufferedReader(new java.io.FileReader(RefNo)): null

2018-12-06 23:55:38 - [TEST_STEP][PASSED] - Statement - readedVal = bufferread.readLine(): null

2018-12-06 23:55:38 - [TEST_STEP][PASSED] - Statement - out.println(CaseReferenceNo): null

2018-12-06 23:55:38 - [TEST_STEP][PASSED] - Statement - out.println(readedVal): null

2018-12-06 23:55:38 - [TEST_STEP][PASSED] - Statement - CaseReferenceNo = "": null

2018-12-06 23:55:38 - [TEST_STEP][PASSED] - Statement - CaseReferenceNo = readedVal: null

2018-12-06 23:55:38 - [MESSAGE][PASSED] - Call Test Case 'Test Cases/Final Aug 2018 - PKS Automation/Common/Reference Number Getter' successfully

2018-12-06 23:55:38 - [TEST_STEP][PASSED] - setText: Text 'CAN12201800002270' is set on object 'Object Repository/Final Object Repo/WorkFlow Listing Page/Ref No Set Text'

2018-12-06 23:55:38 - [MESSAGE][PASSED] - Text 'CAN12201800002270' is set on object 'Object Repository/Final Object Repo/WorkFlow Listing Page/Ref No Set Text'

2018-12-06 23:55:38 - [TEST_STEP][PASSED] - delay: Delayed 2 second(s)

2018-12-06 23:55:40 - [MESSAGE][PASSED] - Delayed 2 second(s)

2018-12-06 23:55:40 - [TEST_STEP][PASSED] - click: Object: 'Object Repository/Final Object Repo/WorkFlow Listing Page/Search Ref No Search Button' is clicked on

2018-12-06 23:55:40 - [MESSAGE][PASSED] - Object: 'Object Repository/Final Object Repo/WorkFlow Listing Page/Search Ref No Search Button' is clicked on

2018-12-06 23:55:40 - [TEST_STEP][PASSED] - delay: Delayed 6 second(s)

2018-12-06 23:55:46 - [MESSAGE][PASSED] - Delayed 6 second(s)

2018-12-06 23:55:46 - [TEST_STEP][PASSED] - click: Object: 'Object Repository/Final Object Repo/WorkFlow Listing Page/Click Continue Tooltip' is clicked on

2018-12-06 23:55:47 - [MESSAGE][PASSED] - Object: 'Object Repository/Final Object Repo/WorkFlow Listing Page/Click Continue Tooltip' is clicked on

2018-12-06 23:55:47 - [TEST_STEP][PASSED] - delay: Delayed 5 second(s)

2018-12-06 23:55:52 - [MESSAGE][PASSED] - Delayed 5 second(s)

2018-12-06 23:55:52 - [TEST_STEP][PASSED] - doubleClick: Object: 'Object Repository/Final Object Repo/WorkFlow Listing Page/Workflow Found - Listing 1' is double clicked on

2018-12-06 23:55:52 - [MESSAGE][PASSED] - Object: 'Object Repository/Final Object Repo/WorkFlow Listing Page/Workflow Found - Listing 1' is double clicked on

2018-12-06 23:55:52 - [TEST_STEP][PASSED] - Statement - println(OwnerID): null

2018-12-06 23:55:52 - [TEST_STEP][PASSED] - Statement - OwnerID = com.kms.katalon.core.webui.keyword.WebUiBuiltInKeywords.getText(com.kms.katalon.core.testobject.ObjectRepository.findTestObject(Final Object Repo/WorkFlow Listing Page/Workflow Found - Listing 1), STOP_ON_FAILURE): Text of object 'Object Repository/Final Object Repo/WorkFlow Listing Page/Workflow Found - Listing 1' is: 'KLpkrbo3'

2018-12-06 23:55:52 - [MESSAGE][PASSED] - Text of object 'Object Repository/Final Object Repo/WorkFlow Listing Page/Workflow Found - Listing 1' is: 'KLpkrbo3'

2018-12-06 23:55:52 - [TEST_STEP][PASSED] - Statement - OwnerID = OwnerID.toLowerCase() + "@gmail.com": null

2018-12-06 23:55:52 - [TEST_STEP][PASSED] - Statement - println(OwnerID): null

2018-12-06 23:55:52 - [TEST_STEP][PASSED] - delay: Delayed 2 second(s)

2018-12-06 23:55:54 - [MESSAGE][PASSED] - Delayed 2 second(s)

2018-12-06 23:55:54 - [MESSAGE][PASSED] - Call Test Case 'Test Cases/Final Aug 2018 - PKS Automation/Common/Workflow Owner Finder' successfully

2018-12-06 23:55:54 - [TEST_STEP][PASSED] - callTestCase: Call Test Case 'Test Cases/Final Aug 2018 - PKS Automation/Registration Module/Log Out/log out avoiding katalon tagging' successfully

2018-12-06 23:55:54 - [TEST_CASE][PASSED] - Test Cases/Final Aug 2018 - PKS Automation/Registration Module/Log Out/log out avoiding katalon tagging: Test Cases/Final Aug 2018 - PKS Automation/Registration Module/Log Out/log out avoiding katalon tagging

2018-12-06 23:55:54 - [TEST_STEP][PASSED] - navigateToUrl: Navigate to 'https://assist2-uat.perkeso.gov.my/c/portal/logout' successfully

2018-12-06 23:55:55 - [MESSAGE][PASSED] - Navigate to 'https://assist2-uat.perkeso.gov.my/c/portal/logout' successfully

2018-12-06 23:55:55 - [MESSAGE][PASSED] - Call Test Case 'Test Cases/Final Aug 2018 - PKS Automation/Registration Module/Log Out/log out avoiding katalon tagging' successfully

2018-12-06 23:55:55 - [TEST_STEP][PASSED] - delay: Delayed 2 second(s)

2018-12-06 23:55:57 - [MESSAGE][PASSED] - Delayed 2 second(s)

2018-12-06 23:55:57 - [TEST_STEP][PASSED] - setText: Text 'klpkrbo3@gmail.com' is set on object 'Object Repository/Final Object Repo/Page_Update Add New Employee - ASSIST/Email TextBox'

2018-12-06 23:55:58 - [MESSAGE][PASSED] - Text 'klpkrbo3@gmail.com' is set on object 'Object Repository/Final Object Repo/Page_Update Add New Employee - ASSIST/Email TextBox'

2018-12-06 23:55:58 - [TEST_STEP][PASSED] - click: Object: 'Object Repository/Final Object Repo/Page_Update Add New Employee - ASSIST/Next Button' is clicked on

2018-12-06 23:55:58 - [MESSAGE][PASSED] - Object: 'Object Repository/Final Object Repo/Page_Update Add New Employee - ASSIST/Next Button' is clicked on

2018-12-06 23:55:58 - [TEST_STEP][PASSED] - delay: Delayed 2 second(s)

2018-12-06 23:56:00 - [MESSAGE][PASSED] - Delayed 2 second(s)

2018-12-06 23:56:00 - [TEST_STEP][PASSED] - setText: Text 'Test1@3456789' is set on object 'Object Repository/Final Object Repo/Page_Update Add New Employee - ASSIST/Password TextBox'

2018-12-06 23:56:00 - [MESSAGE][PASSED] - Text 'Test1@3456789' is set on object 'Object Repository/Final Object Repo/Page_Update Add New Employee - ASSIST/Password TextBox'

2018-12-06 23:56:00 - [TEST_STEP][PASSED] - delay: Delayed 2 second(s)

2018-12-06 23:56:02 - [MESSAGE][PASSED] - Delayed 2 second(s)

2018-12-06 23:56:02 - [TEST_STEP][PASSED] - click: Object: 'Object Repository/Final Object Repo/Page_Update Add New Employee - ASSIST/Login Button' is clicked on

2018-12-06 23:56:02 - [MESSAGE][PASSED] - Object: 'Object Repository/Final Object Repo/Page_Update Add New Employee - ASSIST/Login Button' is clicked on

2018-12-06 23:56:02 - [TEST_STEP][PASSED] - delay: Delayed 4 second(s)

2018-12-06 23:56:06 - [MESSAGE][PASSED] - Delayed 4 second(s)

2018-12-06 23:56:06 - [TEST_STEP][PASSED] - Statement - Try: Delayed 2 second(s)

2018-12-06 23:56:06 - [TEST_STEP][PASSED] - Statement - Checker = false: null

2018-12-06 23:56:06 - [TEST_STEP][PASSED] - Statement - Checker = com.kms.katalon.core.webui.keyword.WebUiBuiltInKeywords.verifyElementHasAttribute(com.kms.katalon.core.testobject.ObjectRepository.findTestObject(Final Object Repo/Landing Page/BM Detecting), "href", 20, OPTIONAL): Object 'Object Repository/Final Object Repo/Landing Page/BM Detecting' has attribute 'href'

2018-12-06 23:56:06 - [MESSAGE][PASSED] - Object 'Object Repository/Final Object Repo/Landing Page/BM Detecting' has attribute 'href'

2018-12-06 23:56:06 - [TEST_STEP][PASSED] - Statement - out.println(Checker): null

2018-12-06 23:56:06 - [TEST_STEP][PASSED] - Statement - If (Checker == false): null

2018-12-06 23:56:06 - [TEST_STEP][PASSED] - Statement - Else: null

2018-12-06 23:56:06 - [TEST_STEP][PASSED] - delay: Delayed 2 second(s)

2018-12-06 23:56:08 - [MESSAGE][PASSED] - Delayed 2 second(s)

2018-12-06 23:56:08 - [TEST_STEP][PASSED] - delay: Delayed 4 second(s)

2018-12-06 23:56:12 - [MESSAGE][PASSED] - Delayed 4 second(s)

2018-12-06 23:56:12 - [TEST_STEP][PASSED] - click: Object: 'Object Repository/Final Object Repo/New Registration - Registration Module Pages/New Reg - OTC to RO/Special Case - All Related Objects/Expand to Search' is clicked on

2018-12-06 23:56:12 - [MESSAGE][PASSED] - Object: 'Object Repository/Final Object Repo/New Registration - Registration Module Pages/New Reg - OTC to RO/Special Case - All Related Objects/Expand to Search' is clicked on

2018-12-06 23:56:12 - [TEST_STEP][FAILED] - setText: Unable to set text 'CAN12201800002270' of object 'Object Repository/Final Object Repo/New Registration - Registration Module Pages/New Reg - OTC to RO/Special Case - All Related Objects/TextBox RefNo in Workbasket' (Root cause: org.openqa.selenium.ElementNotVisibleException: element not interactable
  (Session info: chrome=70.0.3538.110)
  (Driver info: chromedriver=2.43.600210 (68dcf5eebde37173d4027fa8635e332711d2874a),platform=Windows NT 6.1.7601 SP1 x86_64) (WARNING: The server did not provide any stacktrace information)
Command duration or timeout: 0 milliseconds
Build info: version: '3.7.1', revision: '8a0099a', time: '2017-11-06T21:07:36.161Z'
System info: host: 'WIN7TEST02', ip: '10.20.3.72', os.name: 'Windows 7', os.arch: 'amd64', os.version: '6.1', java.version: '1.8.0_181'
Driver info: com.kms.katalon.selenium.driver.CChromeDriver
Capabilities {acceptInsecureCerts: false, acceptSslCerts: false, applicationCacheEnabled: false, browserConnectionEnabled: false, browserName: chrome, chrome: {chromedriverVersion: 2.43.600210 (68dcf5eebde371..., userDataDir: C:\Users\Admin\AppData\Loca...}, cssSelectorsEnabled: true, databaseEnabled: false, goog:chromeOptions: {debuggerAddress: localhost:62603}, handlesAlerts: true, hasTouchScreen: false, javascriptEnabled: true, locationContextEnabled: true, mobileEmulationEnabled: false, nativeEvents: true, networkConnectionEnabled: false, pageLoadStrategy: normal, platform: XP, platformName: XP, rotatable: false, setWindowRect: true, takesHeapSnapshot: true, takesScreenshot: true, unexpectedAlertBehaviour: , unhandledPromptBehavior: , version: 70.0.3538.110, webStorageEnabled: true}
Session ID: 39cb1e7a2f33115b94b8f91bc09733d2)

2018-12-06 23:56:13 - [MESSAGE][FAILED] - Unable to set text 'CAN12201800002270' of object 'Object Repository/Final Object Repo/New Registration - Registration Module Pages/New Reg - OTC to RO/Special Case - All Related Objects/TextBox RefNo in Workbasket' (Root cause: org.openqa.selenium.ElementNotVisibleException: element not interactable
  (Session info: chrome=70.0.3538.110)
  (Driver info: chromedriver=2.43.600210 (68dcf5eebde37173d4027fa8635e332711d2874a),platform=Windows NT 6.1.7601 SP1 x86_64) (WARNING: The server did not provide any stacktrace information)
Command duration or timeout: 0 milliseconds
Build info: version: '3.7.1', revision: '8a0099a', time: '2017-11-06T21:07:36.161Z'
System info: host: 'WIN7TEST02', ip: '10.20.3.72', os.name: 'Windows 7', os.arch: 'amd64', os.version: '6.1', java.version: '1.8.0_181'
Driver info: com.kms.katalon.selenium.driver.CChromeDriver
Capabilities {acceptInsecureCerts: false, acceptSslCerts: false, applicationCacheEnabled: false, browserConnectionEnabled: false, browserName: chrome, chrome: {chromedriverVersion: 2.43.600210 (68dcf5eebde371..., userDataDir: C:\Users\Admin\AppData\Loca...}, cssSelectorsEnabled: true, databaseEnabled: false, goog:chromeOptions: {debuggerAddress: localhost:62603}, handlesAlerts: true, hasTouchScreen: false, javascriptEnabled: true, locationContextEnabled: true, mobileEmulationEnabled: false, nativeEvents: true, networkConnectionEnabled: false, pageLoadStrategy: normal, platform: XP, platformName: XP, rotatable: false, setWindowRect: true, takesHeapSnapshot: true, takesScreenshot: true, unexpectedAlertBehaviour: , unhandledPromptBehavior: , version: 70.0.3538.110, webStorageEnabled: true}
Session ID: 39cb1e7a2f33115b94b8f91bc09733d2)
[[ATTACHMENT|C:\\Users\\Admin\\Desktop\\PKS\\Perkeso Phase A\\Reports\\Workflow\\Update Add New Employee\\20181206_171415\\1544111772998.png]]

2018-12-06 23:56:13 - [TEST_STEP][PASSED] - delay: Delayed 2 second(s)

2018-12-06 23:56:15 - [MESSAGE][PASSED] - Delayed 2 second(s)

2018-12-06 23:56:15 - [TEST_STEP][PASSED] - click: Object: 'Object Repository/Final Object Repo/New Registration - Registration Module Pages/New Reg - OTC to RO/Special Case - All Related Objects/Click Search' is clicked on

2018-12-06 23:56:15 - [MESSAGE][PASSED] - Object: 'Object Repository/Final Object Repo/New Registration - Registration Module Pages/New Reg - OTC to RO/Special Case - All Related Objects/Click Search' is clicked on

2018-12-06 23:56:15 - [TEST_STEP][PASSED] - delay: Delayed 2 second(s)

2018-12-06 23:56:17 - [MESSAGE][PASSED] - Delayed 2 second(s)

2018-12-06 23:56:17 - [TEST_STEP][PASSED] - click: Object: 'Object Repository/Final Object Repo/New Registration - Registration Module Pages/New Reg - OTC to RO/Special Case - All Related Objects/Click to Continue Workflow' is clicked on

2018-12-06 23:56:20 - [MESSAGE][PASSED] - Object: 'Object Repository/Final Object Repo/New Registration - Registration Module Pages/New Reg - OTC to RO/Special Case - All Related Objects/Click to Continue Workflow' is clicked on

2018-12-06 23:56:20 - [TEST_STEP][PASSED] - delay: Delayed 10 second(s)

2018-12-06 23:56:30 - [MESSAGE][PASSED] - Delayed 10 second(s)

2018-12-06 23:56:30 - [TEST_STEP][PASSED] - click: Object: 'Object Repository/Final Object Repo/Page_Update Add New Employee - ASSIST/Save  Continue Button' is clicked on

2018-12-06 23:56:31 - [MESSAGE][PASSED] - Object: 'Object Repository/Final Object Repo/Page_Update Add New Employee - ASSIST/Save  Continue Button' is clicked on

2018-12-06 23:56:31 - [TEST_STEP][PASSED] - delay: Delayed 4 second(s)

2018-12-06 23:56:35 - [MESSAGE][PASSED] - Delayed 4 second(s)

2018-12-06 23:56:35 - [TEST_STEP][PASSED] - click: Object: 'Object Repository/Final Object Repo/Page_Update Add New Employee - ASSIST/Save  Continue Third Screen' is clicked on

2018-12-06 23:56:38 - [MESSAGE][PASSED] - Object: 'Object Repository/Final Object Repo/Page_Update Add New Employee - ASSIST/Save  Continue Third Screen' is clicked on

2018-12-06 23:56:38 - [TEST_STEP][PASSED] - delay: Delayed 4 second(s)

2018-12-06 23:56:42 - [MESSAGE][PASSED] - Delayed 4 second(s)

2018-12-06 23:56:42 - [TEST_STEP][PASSED] - click: Object: 'Object Repository/Final Object Repo/Page_Update Add New Employee - ASSIST/Save   Continue Supporting Doc Page' is clicked on

2018-12-06 23:56:42 - [MESSAGE][PASSED] - Object: 'Object Repository/Final Object Repo/Page_Update Add New Employee - ASSIST/Save   Continue Supporting Doc Page' is clicked on

2018-12-06 23:56:42 - [TEST_STEP][PASSED] - delay: Delayed 4 second(s)

2018-12-06 23:56:46 - [MESSAGE][PASSED] - Delayed 4 second(s)

2018-12-06 23:56:46 - [TEST_STEP][PASSED] - click: Object: 'Object Repository/Final Object Repo/Page_Update Add New Employee - ASSIST/Submit Button' is clicked on

2018-12-06 23:56:46 - [MESSAGE][PASSED] - Object: 'Object Repository/Final Object Repo/Page_Update Add New Employee - ASSIST/Submit Button' is clicked on

2018-12-06 23:56:46 - [TEST_STEP][PASSED] - delay: Delayed 4 second(s)

2018-12-06 23:56:50 - [MESSAGE][PASSED] - Delayed 4 second(s)

2018-12-06 23:56:50 - [TEST_STEP][PASSED] - click: Object: 'Object Repository/Final Object Repo/Page_Update Add New Employee - ASSIST/Confirm Submit Button' is clicked on

2018-12-06 23:56:50 - [MESSAGE][PASSED] - Object: 'Object Repository/Final Object Repo/Page_Update Add New Employee - ASSIST/Confirm Submit Button' is clicked on

2018-12-06 23:56:50 - [TEST_STEP][PASSED] - delay: Delayed 30 second(s)

2018-12-06 23:57:20 - [MESSAGE][PASSED] - Delayed 30 second(s)

2018-12-06 23:57:20 - [TEST_STEP][PASSED] - callTestCase: Call Test Case 'Test Cases/Final Aug 2018 - PKS Automation/Common/Screenshoting tool' successfully

2018-12-06 23:57:20 - [TEST_CASE][PASSED] - Test Cases/Final Aug 2018 - PKS Automation/Common/Screenshoting tool: Test Cases/Final Aug 2018 - PKS Automation/Common/Screenshoting tool

2018-12-06 23:57:20 - [TEST_STEP][PASSED] - delay: Delayed 15 second(s)

2018-12-06 23:57:35 - [MESSAGE][PASSED] - Delayed 15 second(s)

2018-12-06 23:57:35 - [TEST_STEP][PASSED] - Statement - driver = com.kms.katalon.core.webui.driver.DriverFactory.getWebDriver(): null

2018-12-06 23:57:35 - [TEST_STEP][PASSED] - Statement - driver.manage().timeouts().implicitlyWait(10, SECONDS): null

2018-12-06 23:57:35 - [TEST_STEP][PASSED] - Statement - PresavePath = KatalonScreenshots: null

2018-12-06 23:57:35 - [TEST_STEP][PASSED] - Statement - pathPrefix = "C:\Users\Public\Pictures\Sample Pictures\Katalon Screenshots\Automate Ending Screen": null

2018-12-06 23:57:35 - [TEST_STEP][PASSED] - Statement - finalPath = <not implemented yet for class: org.codehaus.groovy.ast.expr.EmptyExpression>: null

2018-12-06 23:57:35 - [TEST_STEP][PASSED] - Statement - scrFile = driver.getScreenshotAs(FILE): null

2018-12-06 23:57:36 - [TEST_STEP][PASSED] - Statement - PreSaveFile = new java.io.File(PresavePath): null

2018-12-06 23:57:36 - [TEST_STEP][PASSED] - Statement - counter = 0: null

2018-12-06 23:57:36 - [TEST_STEP][PASSED] - Statement - If (PreSaveFile.exists()): null

2018-12-06 23:57:36 - [TEST_STEP][PASSED] - Statement - While (PreSaveFile.exists()): null

2018-12-06 23:57:36 - [TEST_STEP][PASSED] - Statement - counter = counter + 1: null

2018-12-06 23:57:36 - [TEST_STEP][PASSED] - Statement - PreSaveFile = new java.io.File(((pathPrefix + java.lang.Integer.toString(counter)) + .png)): null

2018-12-06 23:57:36 - [TEST_STEP][PASSED] - Statement - counter = counter + 1: null

2018-12-06 23:57:36 - [TEST_STEP][PASSED] - Statement - PreSaveFile = new java.io.File(((pathPrefix + java.lang.Integer.toString(counter)) + .png)): null

2018-12-06 23:57:36 - [TEST_STEP][PASSED] - Statement - counter = counter + 1: null

2018-12-06 23:57:36 - [TEST_STEP][PASSED] - Statement - PreSaveFile = new java.io.File(((pathPrefix + java.lang.Integer.toString(counter)) + .png)): null

2018-12-06 23:57:36 - [TEST_STEP][PASSED] - Statement - counter = counter + 1: null

2018-12-06 23:57:36 - [TEST_STEP][PASSED] - Statement - PreSaveFile = new java.io.File(((pathPrefix + java.lang.Integer.toString(counter)) + .png)): null

2018-12-06 23:57:36 - [TEST_STEP][PASSED] - Statement - counter = counter + 1: null

2018-12-06 23:57:36 - [TEST_STEP][PASSED] - Statement - PreSaveFile = new java.io.File(((pathPrefix + java.lang.Integer.toString(counter)) + .png)): null

2018-12-06 23:57:36 - [TEST_STEP][PASSED] - Statement - counter = counter + 1: null

2018-12-06 23:57:36 - [TEST_STEP][PASSED] - Statement - PreSaveFile = new java.io.File(((pathPrefix + java.lang.Integer.toString(counter)) + .png)): null

2018-12-06 23:57:36 - [TEST_STEP][PASSED] - Statement - counter = counter + 1: null

2018-12-06 23:57:36 - [TEST_STEP][PASSED] - Statement - PreSaveFile = new java.io.File(((pathPrefix + java.lang.Integer.toString(counter)) + .png)): null

2018-12-06 23:57:36 - [TEST_STEP][PASSED] - Statement - counter = counter + 1: null

2018-12-06 23:57:36 - [TEST_STEP][PASSED] - Statement - PreSaveFile = new java.io.File(((pathPrefix + java.lang.Integer.toString(counter)) + .png)): null

2018-12-06 23:57:36 - [TEST_STEP][PASSED] - Statement - counter = counter + 1: null

2018-12-06 23:57:36 - [TEST_STEP][PASSED] - Statement - PreSaveFile = new java.io.File(((pathPrefix + java.lang.Integer.toString(counter)) + .png)): null

2018-12-06 23:57:36 - [TEST_STEP][PASSED] - Statement - counter = counter + 1: null

2018-12-06 23:57:36 - [TEST_STEP][PASSED] - Statement - PreSaveFile = new java.io.File(((pathPrefix + java.lang.Integer.toString(counter)) + .png)): null

2018-12-06 23:57:36 - [TEST_STEP][PASSED] - Statement - counter = counter + 1: null

2018-12-06 23:57:36 - [TEST_STEP][PASSED] - Statement - PreSaveFile = new java.io.File(((pathPrefix + java.lang.Integer.toString(counter)) + .png)): null

2018-12-06 23:57:36 - [TEST_STEP][PASSED] - Statement - counter = counter + 1: null

2018-12-06 23:57:36 - [TEST_STEP][PASSED] - Statement - PreSaveFile = new java.io.File(((pathPrefix + java.lang.Integer.toString(counter)) + .png)): null

2018-12-06 23:57:36 - [TEST_STEP][PASSED] - Statement - counter = counter + 1: null

2018-12-06 23:57:36 - [TEST_STEP][PASSED] - Statement - PreSaveFile = new java.io.File(((pathPrefix + java.lang.Integer.toString(counter)) + .png)): null

2018-12-06 23:57:36 - [TEST_STEP][PASSED] - Statement - counter = counter + 1: null

2018-12-06 23:57:36 - [TEST_STEP][PASSED] - Statement - PreSaveFile = new java.io.File(((pathPrefix + java.lang.Integer.toString(counter)) + .png)): null

2018-12-06 23:57:36 - [TEST_STEP][PASSED] - Statement - counter = counter + 1: null

2018-12-06 23:57:36 - [TEST_STEP][PASSED] - Statement - PreSaveFile = new java.io.File(((pathPrefix + java.lang.Integer.toString(counter)) + .png)): null

2018-12-06 23:57:36 - [TEST_STEP][PASSED] - Statement - counter = counter + 1: null

2018-12-06 23:57:36 - [TEST_STEP][PASSED] - Statement - PreSaveFile = new java.io.File(((pathPrefix + java.lang.Integer.toString(counter)) + .png)): null

2018-12-06 23:57:36 - [TEST_STEP][PASSED] - Statement - counter = counter + 1: null

2018-12-06 23:57:36 - [TEST_STEP][PASSED] - Statement - PreSaveFile = new java.io.File(((pathPrefix + java.lang.Integer.toString(counter)) + .png)): null

2018-12-06 23:57:36 - [TEST_STEP][PASSED] - Statement - counter = counter + 1: null

2018-12-06 23:57:36 - [TEST_STEP][PASSED] - Statement - PreSaveFile = new java.io.File(((pathPrefix + java.lang.Integer.toString(counter)) + .png)): null

2018-12-06 23:57:36 - [TEST_STEP][PASSED] - Statement - counter = counter + 1: null

2018-12-06 23:57:36 - [TEST_STEP][PASSED] - Statement - PreSaveFile = new java.io.File(((pathPrefix + java.lang.Integer.toString(counter)) + .png)): null

2018-12-06 23:57:36 - [TEST_STEP][PASSED] - Statement - counter = counter + 1: null

2018-12-06 23:57:36 - [TEST_STEP][PASSED] - Statement - PreSaveFile = new java.io.File(((pathPrefix + java.lang.Integer.toString(counter)) + .png)): null

2018-12-06 23:57:36 - [TEST_STEP][PASSED] - Statement - counter = counter + 1: null

2018-12-06 23:57:36 - [TEST_STEP][PASSED] - Statement - PreSaveFile = new java.io.File(((pathPrefix + java.lang.Integer.toString(counter)) + .png)): null

2018-12-06 23:57:36 - [TEST_STEP][PASSED] - Statement - counter = counter + 1: null

2018-12-06 23:57:36 - [TEST_STEP][PASSED] - Statement - PreSaveFile = new java.io.File(((pathPrefix + java.lang.Integer.toString(counter)) + .png)): null

2018-12-06 23:57:36 - [TEST_STEP][PASSED] - Statement - counter = counter + 1: null

2018-12-06 23:57:36 - [TEST_STEP][PASSED] - Statement - PreSaveFile = new java.io.File(((pathPrefix + java.lang.Integer.toString(counter)) + .png)): null

2018-12-06 23:57:36 - [TEST_STEP][PASSED] - Statement - counter = counter + 1: null

2018-12-06 23:57:36 - [TEST_STEP][PASSED] - Statement - PreSaveFile = new java.io.File(((pathPrefix + java.lang.Integer.toString(counter)) + .png)): null

2018-12-06 23:57:36 - [TEST_STEP][PASSED] - Statement - counter = counter + 1: null

2018-12-06 23:57:36 - [TEST_STEP][PASSED] - Statement - PreSaveFile = new java.io.File(((pathPrefix + java.lang.Integer.toString(counter)) + .png)): null

2018-12-06 23:57:36 - [TEST_STEP][PASSED] - Statement - counter = counter + 1: null

2018-12-06 23:57:36 - [TEST_STEP][PASSED] - Statement - PreSaveFile = new java.io.File(((pathPrefix + java.lang.Integer.toString(counter)) + .png)): null

2018-12-06 23:57:36 - [TEST_STEP][PASSED] - Statement - counter = counter + 1: null

2018-12-06 23:57:36 - [TEST_STEP][PASSED] - Statement - PreSaveFile = new java.io.File(((pathPrefix + java.lang.Integer.toString(counter)) + .png)): null

2018-12-06 23:57:36 - [TEST_STEP][PASSED] - Statement - counter = counter + 1: null

2018-12-06 23:57:36 - [TEST_STEP][PASSED] - Statement - PreSaveFile = new java.io.File(((pathPrefix + java.lang.Integer.toString(counter)) + .png)): null

2018-12-06 23:57:36 - [TEST_STEP][PASSED] - Statement - counter = counter + 1: null

2018-12-06 23:57:36 - [TEST_STEP][PASSED] - Statement - PreSaveFile = new java.io.File(((pathPrefix + java.lang.Integer.toString(counter)) + .png)): null

2018-12-06 23:57:36 - [TEST_STEP][PASSED] - Statement - counter = counter + 1: null

2018-12-06 23:57:36 - [TEST_STEP][PASSED] - Statement - PreSaveFile = new java.io.File(((pathPrefix + java.lang.Integer.toString(counter)) + .png)): null

2018-12-06 23:57:36 - [TEST_STEP][PASSED] - Statement - counter = counter + 1: null

2018-12-06 23:57:36 - [TEST_STEP][PASSED] - Statement - PreSaveFile = new java.io.File(((pathPrefix + java.lang.Integer.toString(counter)) + .png)): null

2018-12-06 23:57:36 - [TEST_STEP][PASSED] - Statement - counter = counter + 1: null

2018-12-06 23:57:36 - [TEST_STEP][PASSED] - Statement - PreSaveFile = new java.io.File(((pathPrefix + java.lang.Integer.toString(counter)) + .png)): null

2018-12-06 23:57:36 - [TEST_STEP][PASSED] - Statement - counter = counter + 1: null

2018-12-06 23:57:36 - [TEST_STEP][PASSED] - Statement - PreSaveFile = new java.io.File(((pathPrefix + java.lang.Integer.toString(counter)) + .png)): null

2018-12-06 23:57:36 - [TEST_STEP][PASSED] - Statement - counter = counter + 1: null

2018-12-06 23:57:36 - [TEST_STEP][PASSED] - Statement - PreSaveFile = new java.io.File(((pathPrefix + java.lang.Integer.toString(counter)) + .png)): null

2018-12-06 23:57:36 - [TEST_STEP][PASSED] - Statement - counter = counter + 1: null

2018-12-06 23:57:36 - [TEST_STEP][PASSED] - Statement - PreSaveFile = new java.io.File(((pathPrefix + java.lang.Integer.toString(counter)) + .png)): null

2018-12-06 23:57:36 - [TEST_STEP][PASSED] - Statement - counter = counter + 1: null

2018-12-06 23:57:36 - [TEST_STEP][PASSED] - Statement - PreSaveFile = new java.io.File(((pathPrefix + java.lang.Integer.toString(counter)) + .png)): null

2018-12-06 23:57:36 - [TEST_STEP][PASSED] - Statement - counter = counter + 1: null

2018-12-06 23:57:36 - [TEST_STEP][PASSED] - Statement - PreSaveFile = new java.io.File(((pathPrefix + java.lang.Integer.toString(counter)) + .png)): null

2018-12-06 23:57:36 - [TEST_STEP][PASSED] - Statement - counter = counter + 1: null

2018-12-06 23:57:36 - [TEST_STEP][PASSED] - Statement - PreSaveFile = new java.io.File(((pathPrefix + java.lang.Integer.toString(counter)) + .png)): null

2018-12-06 23:57:36 - [TEST_STEP][PASSED] - Statement - counter = counter + 1: null

2018-12-06 23:57:36 - [TEST_STEP][PASSED] - Statement - PreSaveFile = new java.io.File(((pathPrefix + java.lang.Integer.toString(counter)) + .png)): null

2018-12-06 23:57:36 - [TEST_STEP][PASSED] - Statement - counter = counter + 1: null

2018-12-06 23:57:36 - [TEST_STEP][PASSED] - Statement - PreSaveFile = new java.io.File(((pathPrefix + java.lang.Integer.toString(counter)) + .png)): null

2018-12-06 23:57:36 - [TEST_STEP][PASSED] - Statement - counter = counter + 1: null

2018-12-06 23:57:36 - [TEST_STEP][PASSED] - Statement - PreSaveFile = new java.io.File(((pathPrefix + java.lang.Integer.toString(counter)) + .png)): null

2018-12-06 23:57:36 - [TEST_STEP][PASSED] - Statement - counter = counter + 1: null

2018-12-06 23:57:36 - [TEST_STEP][PASSED] - Statement - PreSaveFile = new java.io.File(((pathPrefix + java.lang.Integer.toString(counter)) + .png)): null

2018-12-06 23:57:36 - [TEST_STEP][PASSED] - Statement - counter = counter + 1: null

2018-12-06 23:57:36 - [TEST_STEP][PASSED] - Statement - PreSaveFile = new java.io.File(((pathPrefix + java.lang.Integer.toString(counter)) + .png)): null

2018-12-06 23:57:36 - [TEST_STEP][PASSED] - Statement - counter = counter + 1: null

2018-12-06 23:57:36 - [TEST_STEP][PASSED] - Statement - PreSaveFile = new java.io.File(((pathPrefix + java.lang.Integer.toString(counter)) + .png)): null

2018-12-06 23:57:36 - [TEST_STEP][PASSED] - Statement - counter = counter + 1: null

2018-12-06 23:57:36 - [TEST_STEP][PASSED] - Statement - PreSaveFile = new java.io.File(((pathPrefix + java.lang.Integer.toString(counter)) + .png)): null

2018-12-06 23:57:36 - [TEST_STEP][PASSED] - Statement - counter = counter + 1: null

2018-12-06 23:57:36 - [TEST_STEP][PASSED] - Statement - PreSaveFile = new java.io.File(((pathPrefix + java.lang.Integer.toString(counter)) + .png)): null

2018-12-06 23:57:36 - [TEST_STEP][PASSED] - Statement - counter = counter + 1: null

2018-12-06 23:57:36 - [TEST_STEP][PASSED] - Statement - PreSaveFile = new java.io.File(((pathPrefix + java.lang.Integer.toString(counter)) + .png)): null

2018-12-06 23:57:36 - [TEST_STEP][PASSED] - Statement - counter = counter + 1: null

2018-12-06 23:57:36 - [TEST_STEP][PASSED] - Statement - PreSaveFile = new java.io.File(((pathPrefix + java.lang.Integer.toString(counter)) + .png)): null

2018-12-06 23:57:36 - [TEST_STEP][PASSED] - Statement - counter = counter + 1: null

2018-12-06 23:57:36 - [TEST_STEP][PASSED] - Statement - PreSaveFile = new java.io.File(((pathPrefix + java.lang.Integer.toString(counter)) + .png)): null

2018-12-06 23:57:36 - [TEST_STEP][PASSED] - Statement - counter = counter + 1: null

2018-12-06 23:57:36 - [TEST_STEP][PASSED] - Statement - PreSaveFile = new java.io.File(((pathPrefix + java.lang.Integer.toString(counter)) + .png)): null

2018-12-06 23:57:36 - [TEST_STEP][PASSED] - Statement - counter = counter + 1: null

2018-12-06 23:57:36 - [TEST_STEP][PASSED] - Statement - PreSaveFile = new java.io.File(((pathPrefix + java.lang.Integer.toString(counter)) + .png)): null

2018-12-06 23:57:36 - [TEST_STEP][PASSED] - Statement - counter = counter + 1: null

2018-12-06 23:57:36 - [TEST_STEP][PASSED] - Statement - PreSaveFile = new java.io.File(((pathPrefix + java.lang.Integer.toString(counter)) + .png)): null

2018-12-06 23:57:36 - [TEST_STEP][PASSED] - Statement - counter = counter + 1: null

2018-12-06 23:57:36 - [TEST_STEP][PASSED] - Statement - PreSaveFile = new java.io.File(((pathPrefix + java.lang.Integer.toString(counter)) + .png)): null

2018-12-06 23:57:36 - [TEST_STEP][PASSED] - Statement - counter = counter + 1: null

2018-12-06 23:57:36 - [TEST_STEP][PASSED] - Statement - PreSaveFile = new java.io.File(((pathPrefix + java.lang.Integer.toString(counter)) + .png)): null

2018-12-06 23:57:36 - [TEST_STEP][PASSED] - Statement - counter = counter + 1: null

2018-12-06 23:57:36 - [TEST_STEP][PASSED] - Statement - PreSaveFile = new java.io.File(((pathPrefix + java.lang.Integer.toString(counter)) + .png)): null

2018-12-06 23:57:36 - [TEST_STEP][PASSED] - Statement - counter = counter + 1: null

2018-12-06 23:57:36 - [TEST_STEP][PASSED] - Statement - PreSaveFile = new java.io.File(((pathPrefix + java.lang.Integer.toString(counter)) + .png)): null

2018-12-06 23:57:36 - [TEST_STEP][PASSED] - Statement - counter = counter + 1: null

2018-12-06 23:57:36 - [TEST_STEP][PASSED] - Statement - PreSaveFile = new java.io.File(((pathPrefix + java.lang.Integer.toString(counter)) + .png)): null

2018-12-06 23:57:36 - [TEST_STEP][PASSED] - Statement - counter = counter + 1: null

2018-12-06 23:57:36 - [TEST_STEP][PASSED] - Statement - PreSaveFile = new java.io.File(((pathPrefix + java.lang.Integer.toString(counter)) + .png)): null

2018-12-06 23:57:36 - [TEST_STEP][PASSED] - Statement - counter = counter + 1: null

2018-12-06 23:57:36 - [TEST_STEP][PASSED] - Statement - PreSaveFile = new java.io.File(((pathPrefix + java.lang.Integer.toString(counter)) + .png)): null

2018-12-06 23:57:36 - [TEST_STEP][PASSED] - Statement - counter = counter + 1: null

2018-12-06 23:57:36 - [TEST_STEP][PASSED] - Statement - PreSaveFile = new java.io.File(((pathPrefix + java.lang.Integer.toString(counter)) + .png)): null

2018-12-06 23:57:36 - [TEST_STEP][PASSED] - Statement - counter = counter + 1: null

2018-12-06 23:57:36 - [TEST_STEP][PASSED] - Statement - PreSaveFile = new java.io.File(((pathPrefix + java.lang.Integer.toString(counter)) + .png)): null

2018-12-06 23:57:36 - [TEST_STEP][PASSED] - Statement - counter = counter + 1: null

2018-12-06 23:57:36 - [TEST_STEP][PASSED] - Statement - PreSaveFile = new java.io.File(((pathPrefix + java.lang.Integer.toString(counter)) + .png)): null

2018-12-06 23:57:36 - [TEST_STEP][PASSED] - Statement - finalPath = pathPrefix + java.lang.Integer.toString(counter) + ".png": null

2018-12-06 23:57:36 - [TEST_STEP][PASSED] - Statement - SaveFile = new java.io.File(finalPath): null

2018-12-06 23:57:36 - [TEST_STEP][PASSED] - Statement - Try: null

2018-12-06 23:57:36 - [TEST_STEP][PASSED] - Statement - org.apache.commons.io.FileUtils.copyFile(scrFile, SaveFile): null

2018-12-06 23:57:36 - [TEST_STEP][PASSED] - Statement - out.println("file kept"): null

2018-12-06 23:57:36 - [TEST_STEP][PASSED] - delay: Delayed 10 second(s)

2018-12-06 23:57:46 - [MESSAGE][PASSED] - Delayed 10 second(s)

2018-12-06 23:57:46 - [MESSAGE][PASSED] - Call Test Case 'Test Cases/Final Aug 2018 - PKS Automation/Common/Screenshoting tool' successfully

2018-12-06 23:57:46 - [TEST_STEP][PASSED] - callTestCase: Call Test Case 'Test Cases/Final Aug 2018 - PKS Automation/Registration Module/Log Out/log out avoiding katalon tagging' successfully

2018-12-06 23:57:46 - [TEST_CASE][PASSED] - Test Cases/Final Aug 2018 - PKS Automation/Registration Module/Log Out/log out avoiding katalon tagging: Test Cases/Final Aug 2018 - PKS Automation/Registration Module/Log Out/log out avoiding katalon tagging

2018-12-06 23:57:46 - [TEST_STEP][PASSED] - navigateToUrl: Navigate to 'https://assist2-uat.perkeso.gov.my/c/portal/logout' successfully

2018-12-06 23:57:47 - [MESSAGE][PASSED] - Navigate to 'https://assist2-uat.perkeso.gov.my/c/portal/logout' successfully

2018-12-06 23:57:47 - [MESSAGE][PASSED] - Call Test Case 'Test Cases/Final Aug 2018 - PKS Automation/Registration Module/Log Out/log out avoiding katalon tagging' successfully

2018-12-06 23:57:47 - [TEST_STEP][PASSED] - callTestCase: Call Test Case 'Test Cases/Final Aug 2018 - PKS Automation/Common/Workflow Owner Finder' successfully

2018-12-06 23:57:47 - [TEST_CASE][PASSED] - Test Cases/Final Aug 2018 - PKS Automation/Common/Workflow Owner Finder: Test Cases/Final Aug 2018 - PKS Automation/Common/Workflow Owner Finder

2018-12-06 23:57:47 - [TEST_STEP][PASSED] - openBrowser: Browser is opened with url: ''

2018-12-06 23:57:47 - [MESSAGE][WARNING] - A browser is already opened. Closing browser and opening a new one

2018-12-06 23:57:51 - [MESSAGE][PASSED] - Browser is opened with url: ''

2018-12-06 23:57:51 - [TEST_STEP][PASSED] - navigateToUrl: Navigate to 'https://assist2-uat.perkeso.gov.my/login' successfully

2018-12-06 23:57:52 - [MESSAGE][PASSED] - Navigate to 'https://assist2-uat.perkeso.gov.my/login' successfully

2018-12-06 23:57:52 - [TEST_STEP][PASSED] - delay: Delayed 5 second(s)

2018-12-06 23:57:57 - [MESSAGE][PASSED] - Delayed 5 second(s)

2018-12-06 23:57:57 - [TEST_STEP][PASSED] - setText: Text 'test@liferay.com' is set on object 'Object Repository/Final Object Repo/Login Page/Internal User/Email Address'

2018-12-06 23:57:57 - [MESSAGE][PASSED] - Text 'test@liferay.com' is set on object 'Object Repository/Final Object Repo/Login Page/Internal User/Email Address'

2018-12-06 23:57:57 - [TEST_STEP][PASSED] - click: Object: 'Object Repository/Final Object Repo/Login Page/Internal User/Next Button' is clicked on

2018-12-06 23:57:57 - [MESSAGE][PASSED] - Object: 'Object Repository/Final Object Repo/Login Page/Internal User/Next Button' is clicked on

2018-12-06 23:57:57 - [TEST_STEP][PASSED] - delay: Delayed 2 second(s)

2018-12-06 23:57:59 - [MESSAGE][PASSED] - Delayed 2 second(s)

2018-12-06 23:57:59 - [TEST_STEP][PASSED] - setText: Text 'test' is set on object 'Object Repository/Final Object Repo/Login Page/Internal User/Password'

2018-12-06 23:57:59 - [MESSAGE][PASSED] - Text 'test' is set on object 'Object Repository/Final Object Repo/Login Page/Internal User/Password'

2018-12-06 23:57:59 - [TEST_STEP][PASSED] - delay: Delayed 2 second(s)

2018-12-06 23:58:01 - [MESSAGE][PASSED] - Delayed 2 second(s)

2018-12-06 23:58:01 - [TEST_STEP][PASSED] - click: Object: 'Object Repository/Final Object Repo/Login Page/Internal User/Login Button' is clicked on

2018-12-06 23:58:01 - [MESSAGE][PASSED] - Object: 'Object Repository/Final Object Repo/Login Page/Internal User/Login Button' is clicked on

2018-12-06 23:58:01 - [TEST_STEP][PASSED] - Statement - tester = com.kms.katalon.core.testobject.ObjectRepository.findTestObject(Final Object Repo/Landing Page/Select to English): Finding Test Object with id 'Object Repository/Final Object Repo/Landing Page/Select to English'

2018-12-06 23:58:01 - [TEST_STEP][PASSED] - Statement - Try: Delayed 2 second(s)

2018-12-06 23:58:01 - [TEST_STEP][PASSED] - Statement - Checker = com.kms.katalon.core.webui.keyword.WebUiBuiltInKeywords.verifyElementNotPresent(tester, 3): Web element with id: 'Object Repository/Final Object Repo/Landing Page/Select to English' located by 'By.xpath: //a[@class = 'taglib-language-list-text' and @lang = 'en-US' and (contains(text(), 'EN') or contains(., 'EN'))]' is not present after '3' second(s)

2018-12-06 23:58:03 - [MESSAGE][PASSED] - Web element with id: 'Object Repository/Final Object Repo/Landing Page/Select to English' located by 'By.xpath: //a[@class = 'taglib-language-list-text' and @lang = 'en-US' and (contains(text(), 'EN') or contains(., 'EN'))]' is not present after '3' second(s)

2018-12-06 23:58:03 - [TEST_STEP][PASSED] - Statement - If (Checker == false): null

2018-12-06 23:58:03 - [TEST_STEP][PASSED] - delay: Delayed 2 second(s)

2018-12-06 23:58:05 - [MESSAGE][PASSED] - Delayed 2 second(s)

2018-12-06 23:58:05 - [TEST_STEP][PASSED] - delay: Delayed 5 second(s)

2018-12-06 23:58:10 - [MESSAGE][PASSED] - Delayed 5 second(s)

2018-12-06 23:58:10 - [TEST_STEP][PASSED] - mouseOver: Object: 'Object Repository/Final Object Repo/Landing Page/WorkFlow Menu' is hovered

2018-12-06 23:58:10 - [MESSAGE][PASSED] - Object: 'Object Repository/Final Object Repo/Landing Page/WorkFlow Menu' is hovered

2018-12-06 23:58:10 - [TEST_STEP][PASSED] - delay: Delayed 2 second(s)

2018-12-06 23:58:12 - [MESSAGE][PASSED] - Delayed 2 second(s)

2018-12-06 23:58:12 - [TEST_STEP][PASSED] - click: Object: 'Object Repository/Final Object Repo/Landing Page/Select to Workflow Listing' is clicked on

2018-12-06 23:58:13 - [MESSAGE][PASSED] - Object: 'Object Repository/Final Object Repo/Landing Page/Select to Workflow Listing' is clicked on

2018-12-06 23:58:13 - [TEST_STEP][PASSED] - delay: Delayed 2 second(s)

2018-12-06 23:58:15 - [MESSAGE][PASSED] - Delayed 2 second(s)

2018-12-06 23:58:15 - [TEST_STEP][PASSED] - click: Object: 'Object Repository/Final Object Repo/WorkFlow Listing Page/Search Information - To Put Ref No' is clicked on

2018-12-06 23:58:16 - [MESSAGE][PASSED] - Object: 'Object Repository/Final Object Repo/WorkFlow Listing Page/Search Information - To Put Ref No' is clicked on

2018-12-06 23:58:16 - [TEST_STEP][PASSED] - delay: Delayed 2 second(s)

2018-12-06 23:58:18 - [MESSAGE][PASSED] - Delayed 2 second(s)

2018-12-06 23:58:18 - [TEST_STEP][PASSED] - callTestCase: Call Test Case 'Test Cases/Final Aug 2018 - PKS Automation/Common/Reference Number Getter' successfully

2018-12-06 23:58:18 - [TEST_CASE][PASSED] - Test Cases/Final Aug 2018 - PKS Automation/Common/Reference Number Getter: Test Cases/Final Aug 2018 - PKS Automation/Common/Reference Number Getter

2018-12-06 23:58:18 - [TEST_STEP][PASSED] - Statement - Try: null

2018-12-06 23:58:18 - [TEST_STEP][PASSED] - Statement - RefNo = new java.io.File(C://Users//Admin//Desktop//PKS//Automation Reference Point//KatalonReference.txt): null

2018-12-06 23:58:18 - [TEST_STEP][PASSED] - Statement - bufferread = new java.io.BufferedReader(new java.io.FileReader(RefNo)): null

2018-12-06 23:58:18 - [TEST_STEP][PASSED] - Statement - readedVal = bufferread.readLine(): null

2018-12-06 23:58:18 - [TEST_STEP][PASSED] - Statement - out.println(CaseReferenceNo): null

2018-12-06 23:58:18 - [TEST_STEP][PASSED] - Statement - out.println(readedVal): null

2018-12-06 23:58:18 - [TEST_STEP][PASSED] - Statement - CaseReferenceNo = "": null

2018-12-06 23:58:18 - [TEST_STEP][PASSED] - Statement - CaseReferenceNo = readedVal: null

2018-12-06 23:58:18 - [MESSAGE][PASSED] - Call Test Case 'Test Cases/Final Aug 2018 - PKS Automation/Common/Reference Number Getter' successfully

2018-12-06 23:58:18 - [TEST_STEP][PASSED] - setText: Text 'CAN12201800002270' is set on object 'Object Repository/Final Object Repo/WorkFlow Listing Page/Ref No Set Text'

2018-12-06 23:58:18 - [MESSAGE][PASSED] - Text 'CAN12201800002270' is set on object 'Object Repository/Final Object Repo/WorkFlow Listing Page/Ref No Set Text'

2018-12-06 23:58:18 - [TEST_STEP][PASSED] - delay: Delayed 2 second(s)

2018-12-06 23:58:20 - [MESSAGE][PASSED] - Delayed 2 second(s)

2018-12-06 23:58:20 - [TEST_STEP][PASSED] - click: Object: 'Object Repository/Final Object Repo/WorkFlow Listing Page/Search Ref No Search Button' is clicked on

2018-12-06 23:58:20 - [MESSAGE][PASSED] - Object: 'Object Repository/Final Object Repo/WorkFlow Listing Page/Search Ref No Search Button' is clicked on

2018-12-06 23:58:20 - [TEST_STEP][PASSED] - delay: Delayed 6 second(s)

2018-12-06 23:58:26 - [MESSAGE][PASSED] - Delayed 6 second(s)

2018-12-06 23:58:26 - [TEST_STEP][PASSED] - click: Object: 'Object Repository/Final Object Repo/WorkFlow Listing Page/Click Continue Tooltip' is clicked on

2018-12-06 23:58:27 - [MESSAGE][PASSED] - Object: 'Object Repository/Final Object Repo/WorkFlow Listing Page/Click Continue Tooltip' is clicked on

2018-12-06 23:58:27 - [TEST_STEP][PASSED] - delay: Delayed 5 second(s)

2018-12-06 23:58:32 - [MESSAGE][PASSED] - Delayed 5 second(s)

2018-12-06 23:58:32 - [TEST_STEP][PASSED] - doubleClick: Object: 'Object Repository/Final Object Repo/WorkFlow Listing Page/Workflow Found - Listing 1' is double clicked on

2018-12-06 23:58:32 - [MESSAGE][PASSED] - Object: 'Object Repository/Final Object Repo/WorkFlow Listing Page/Workflow Found - Listing 1' is double clicked on

2018-12-06 23:58:32 - [TEST_STEP][PASSED] - Statement - println(OwnerID): null

2018-12-06 23:58:32 - [TEST_STEP][PASSED] - Statement - OwnerID = com.kms.katalon.core.webui.keyword.WebUiBuiltInKeywords.getText(com.kms.katalon.core.testobject.ObjectRepository.findTestObject(Final Object Repo/WorkFlow Listing Page/Workflow Found - Listing 1), STOP_ON_FAILURE): Text of object 'Object Repository/Final Object Repo/WorkFlow Listing Page/Workflow Found - Listing 1' is: 'JOHORro2'

2018-12-06 23:58:32 - [MESSAGE][PASSED] - Text of object 'Object Repository/Final Object Repo/WorkFlow Listing Page/Workflow Found - Listing 1' is: 'JOHORro2'

2018-12-06 23:58:32 - [TEST_STEP][PASSED] - Statement - OwnerID = OwnerID.toLowerCase() + "@gmail.com": null

2018-12-06 23:58:32 - [TEST_STEP][PASSED] - Statement - println(OwnerID): null

2018-12-06 23:58:32 - [TEST_STEP][PASSED] - delay: Delayed 2 second(s)

2018-12-06 23:58:34 - [MESSAGE][PASSED] - Delayed 2 second(s)

2018-12-06 23:58:34 - [MESSAGE][PASSED] - Call Test Case 'Test Cases/Final Aug 2018 - PKS Automation/Common/Workflow Owner Finder' successfully

2018-12-06 23:58:34 - [TEST_STEP][PASSED] - callTestCase: Call Test Case 'Test Cases/Final Aug 2018 - PKS Automation/Registration Module/Log Out/log out avoiding katalon tagging' successfully

2018-12-06 23:58:34 - [TEST_CASE][PASSED] - Test Cases/Final Aug 2018 - PKS Automation/Registration Module/Log Out/log out avoiding katalon tagging: Test Cases/Final Aug 2018 - PKS Automation/Registration Module/Log Out/log out avoiding katalon tagging

2018-12-06 23:58:34 - [TEST_STEP][PASSED] - navigateToUrl: Navigate to 'https://assist2-uat.perkeso.gov.my/c/portal/logout' successfully

2018-12-06 23:58:35 - [MESSAGE][PASSED] - Navigate to 'https://assist2-uat.perkeso.gov.my/c/portal/logout' successfully

2018-12-06 23:58:35 - [MESSAGE][PASSED] - Call Test Case 'Test Cases/Final Aug 2018 - PKS Automation/Registration Module/Log Out/log out avoiding katalon tagging' successfully

2018-12-06 23:58:35 - [TEST_STEP][PASSED] - delay: Delayed 2 second(s)

2018-12-06 23:58:37 - [MESSAGE][PASSED] - Delayed 2 second(s)

2018-12-06 23:58:37 - [TEST_STEP][PASSED] - setText: Text 'johorro2@gmail.com' is set on object 'Object Repository/Final Object Repo/Page_Update Add New Employee - ASSIST/Email TextBox'

2018-12-06 23:58:37 - [MESSAGE][PASSED] - Text 'johorro2@gmail.com' is set on object 'Object Repository/Final Object Repo/Page_Update Add New Employee - ASSIST/Email TextBox'

2018-12-06 23:58:37 - [TEST_STEP][PASSED] - click: Object: 'Object Repository/Final Object Repo/Page_Update Add New Employee - ASSIST/Next Button' is clicked on

2018-12-06 23:58:38 - [MESSAGE][PASSED] - Object: 'Object Repository/Final Object Repo/Page_Update Add New Employee - ASSIST/Next Button' is clicked on

2018-12-06 23:58:38 - [TEST_STEP][PASSED] - delay: Delayed 2 second(s)

2018-12-06 23:58:40 - [MESSAGE][PASSED] - Delayed 2 second(s)

2018-12-06 23:58:40 - [TEST_STEP][PASSED] - setText: Text 'Test1@3456789' is set on object 'Object Repository/Final Object Repo/Page_Update Add New Employee - ASSIST/Password TextBox'

2018-12-06 23:58:40 - [MESSAGE][PASSED] - Text 'Test1@3456789' is set on object 'Object Repository/Final Object Repo/Page_Update Add New Employee - ASSIST/Password TextBox'

2018-12-06 23:58:40 - [TEST_STEP][PASSED] - delay: Delayed 2 second(s)

2018-12-06 23:58:42 - [MESSAGE][PASSED] - Delayed 2 second(s)

2018-12-06 23:58:42 - [TEST_STEP][PASSED] - click: Object: 'Object Repository/Final Object Repo/Page_Update Add New Employee - ASSIST/Login Button' is clicked on

2018-12-06 23:58:42 - [MESSAGE][PASSED] - Object: 'Object Repository/Final Object Repo/Page_Update Add New Employee - ASSIST/Login Button' is clicked on

2018-12-06 23:58:42 - [TEST_STEP][PASSED] - delay: Delayed 4 second(s)

2018-12-06 23:58:46 - [MESSAGE][PASSED] - Delayed 4 second(s)

2018-12-06 23:58:46 - [TEST_STEP][PASSED] - Statement - Try: Delayed 2 second(s)

2018-12-06 23:58:46 - [TEST_STEP][PASSED] - Statement - Checker = false: null

2018-12-06 23:58:46 - [TEST_STEP][PASSED] - Statement - Checker = com.kms.katalon.core.webui.keyword.WebUiBuiltInKeywords.verifyElementHasAttribute(com.kms.katalon.core.testobject.ObjectRepository.findTestObject(Final Object Repo/Landing Page/BM Detecting), "href", 20, OPTIONAL): Object 'Object Repository/Final Object Repo/Landing Page/BM Detecting' has attribute 'href'

2018-12-06 23:58:46 - [MESSAGE][PASSED] - Object 'Object Repository/Final Object Repo/Landing Page/BM Detecting' has attribute 'href'

2018-12-06 23:58:46 - [TEST_STEP][PASSED] - Statement - out.println(Checker): null

2018-12-06 23:58:46 - [TEST_STEP][PASSED] - Statement - If (Checker == false): null

2018-12-06 23:58:46 - [TEST_STEP][PASSED] - Statement - Else: null

2018-12-06 23:58:46 - [TEST_STEP][PASSED] - delay: Delayed 2 second(s)

2018-12-06 23:58:48 - [MESSAGE][PASSED] - Delayed 2 second(s)

2018-12-06 23:58:48 - [TEST_STEP][PASSED] - delay: Delayed 4 second(s)

2018-12-06 23:58:52 - [MESSAGE][PASSED] - Delayed 4 second(s)

2018-12-06 23:58:52 - [TEST_STEP][PASSED] - click: Object: 'Object Repository/Final Object Repo/New Registration - Registration Module Pages/New Reg - OTC to RO/Special Case - All Related Objects/Expand to Search' is clicked on

2018-12-06 23:58:52 - [MESSAGE][PASSED] - Object: 'Object Repository/Final Object Repo/New Registration - Registration Module Pages/New Reg - OTC to RO/Special Case - All Related Objects/Expand to Search' is clicked on

2018-12-06 23:58:52 - [TEST_STEP][FAILED] - setText: Unable to set text 'CAN12201800002270' of object 'Object Repository/Final Object Repo/New Registration - Registration Module Pages/New Reg - OTC to RO/Special Case - All Related Objects/TextBox RefNo in Workbasket' (Root cause: org.openqa.selenium.ElementNotVisibleException: element not interactable
  (Session info: chrome=70.0.3538.110)
  (Driver info: chromedriver=2.43.600210 (68dcf5eebde37173d4027fa8635e332711d2874a),platform=Windows NT 6.1.7601 SP1 x86_64) (WARNING: The server did not provide any stacktrace information)
Command duration or timeout: 0 milliseconds
Build info: version: '3.7.1', revision: '8a0099a', time: '2017-11-06T21:07:36.161Z'
System info: host: 'WIN7TEST02', ip: '10.20.3.72', os.name: 'Windows 7', os.arch: 'amd64', os.version: '6.1', java.version: '1.8.0_181'
Driver info: com.kms.katalon.selenium.driver.CChromeDriver
Capabilities {acceptInsecureCerts: false, acceptSslCerts: false, applicationCacheEnabled: false, browserConnectionEnabled: false, browserName: chrome, chrome: {chromedriverVersion: 2.43.600210 (68dcf5eebde371..., userDataDir: C:\Users\Admin\AppData\Loca...}, cssSelectorsEnabled: true, databaseEnabled: false, goog:chromeOptions: {debuggerAddress: localhost:62650}, handlesAlerts: true, hasTouchScreen: false, javascriptEnabled: true, locationContextEnabled: true, mobileEmulationEnabled: false, nativeEvents: true, networkConnectionEnabled: false, pageLoadStrategy: normal, platform: XP, platformName: XP, rotatable: false, setWindowRect: true, takesHeapSnapshot: true, takesScreenshot: true, unexpectedAlertBehaviour: , unhandledPromptBehavior: , version: 70.0.3538.110, webStorageEnabled: true}
Session ID: 889eb427240a2c7feef0c1413ed80d60)

2018-12-06 23:58:53 - [MESSAGE][FAILED] - Unable to set text 'CAN12201800002270' of object 'Object Repository/Final Object Repo/New Registration - Registration Module Pages/New Reg - OTC to RO/Special Case - All Related Objects/TextBox RefNo in Workbasket' (Root cause: org.openqa.selenium.ElementNotVisibleException: element not interactable
  (Session info: chrome=70.0.3538.110)
  (Driver info: chromedriver=2.43.600210 (68dcf5eebde37173d4027fa8635e332711d2874a),platform=Windows NT 6.1.7601 SP1 x86_64) (WARNING: The server did not provide any stacktrace information)
Command duration or timeout: 0 milliseconds
Build info: version: '3.7.1', revision: '8a0099a', time: '2017-11-06T21:07:36.161Z'
System info: host: 'WIN7TEST02', ip: '10.20.3.72', os.name: 'Windows 7', os.arch: 'amd64', os.version: '6.1', java.version: '1.8.0_181'
Driver info: com.kms.katalon.selenium.driver.CChromeDriver
Capabilities {acceptInsecureCerts: false, acceptSslCerts: false, applicationCacheEnabled: false, browserConnectionEnabled: false, browserName: chrome, chrome: {chromedriverVersion: 2.43.600210 (68dcf5eebde371..., userDataDir: C:\Users\Admin\AppData\Loca...}, cssSelectorsEnabled: true, databaseEnabled: false, goog:chromeOptions: {debuggerAddress: localhost:62650}, handlesAlerts: true, hasTouchScreen: false, javascriptEnabled: true, locationContextEnabled: true, mobileEmulationEnabled: false, nativeEvents: true, networkConnectionEnabled: false, pageLoadStrategy: normal, platform: XP, platformName: XP, rotatable: false, setWindowRect: true, takesHeapSnapshot: true, takesScreenshot: true, unexpectedAlertBehaviour: , unhandledPromptBehavior: , version: 70.0.3538.110, webStorageEnabled: true}
Session ID: 889eb427240a2c7feef0c1413ed80d60)
[[ATTACHMENT|C:\\Users\\Admin\\Desktop\\PKS\\Perkeso Phase A\\Reports\\Workflow\\Update Add New Employee\\20181206_171415\\1544111932894.png]]

2018-12-06 23:58:53 - [TEST_STEP][PASSED] - delay: Delayed 2 second(s)

2018-12-06 23:58:55 - [MESSAGE][PASSED] - Delayed 2 second(s)

2018-12-06 23:58:55 - [TEST_STEP][PASSED] - click: Object: 'Object Repository/Final Object Repo/New Registration - Registration Module Pages/New Reg - OTC to RO/Special Case - All Related Objects/Click Search' is clicked on

2018-12-06 23:58:55 - [MESSAGE][PASSED] - Object: 'Object Repository/Final Object Repo/New Registration - Registration Module Pages/New Reg - OTC to RO/Special Case - All Related Objects/Click Search' is clicked on

2018-12-06 23:58:55 - [TEST_STEP][PASSED] - delay: Delayed 2 second(s)

2018-12-06 23:58:57 - [MESSAGE][PASSED] - Delayed 2 second(s)

2018-12-06 23:58:57 - [TEST_STEP][PASSED] - click: Object: 'Object Repository/Final Object Repo/New Registration - Registration Module Pages/New Reg - OTC to RO/Special Case - All Related Objects/Click to Continue Workflow' is clicked on

2018-12-06 23:59:01 - [MESSAGE][PASSED] - Object: 'Object Repository/Final Object Repo/New Registration - Registration Module Pages/New Reg - OTC to RO/Special Case - All Related Objects/Click to Continue Workflow' is clicked on

2018-12-06 23:59:01 - [TEST_STEP][PASSED] - delay: Delayed 10 second(s)

2018-12-06 23:59:11 - [MESSAGE][PASSED] - Delayed 10 second(s)

2018-12-06 23:59:11 - [TEST_STEP][PASSED] - click: Object: 'Object Repository/Final Object Repo/New Registration - Registration Module Pages/New Reg - OTC to RO/Special Case - All Related Objects/Continue Button in verifying case' is clicked on

2018-12-06 23:59:14 - [MESSAGE][PASSED] - Object: 'Object Repository/Final Object Repo/New Registration - Registration Module Pages/New Reg - OTC to RO/Special Case - All Related Objects/Continue Button in verifying case' is clicked on

2018-12-06 23:59:14 - [TEST_STEP][PASSED] - delay: Delayed 2 second(s)

2018-12-06 23:59:16 - [MESSAGE][PASSED] - Delayed 2 second(s)

2018-12-06 23:59:16 - [TEST_STEP][PASSED] - click: Object: 'Object Repository/Final Object Repo/Page_Update Add New Employee - ASSIST/Save  Continue Button' is clicked on

2018-12-06 23:59:16 - [MESSAGE][PASSED] - Object: 'Object Repository/Final Object Repo/Page_Update Add New Employee - ASSIST/Save  Continue Button' is clicked on

2018-12-06 23:59:16 - [TEST_STEP][PASSED] - delay: Delayed 4 second(s)

2018-12-06 23:59:20 - [MESSAGE][PASSED] - Delayed 4 second(s)

2018-12-06 23:59:20 - [TEST_STEP][PASSED] - click: Object: 'Object Repository/Final Object Repo/Page_Update Add New Employee - ASSIST/Save  Continue Third Screen' is clicked on

2018-12-06 23:59:24 - [MESSAGE][PASSED] - Object: 'Object Repository/Final Object Repo/Page_Update Add New Employee - ASSIST/Save  Continue Third Screen' is clicked on

2018-12-06 23:59:24 - [TEST_STEP][PASSED] - delay: Delayed 4 second(s)

2018-12-06 23:59:28 - [MESSAGE][PASSED] - Delayed 4 second(s)

2018-12-06 23:59:28 - [TEST_STEP][PASSED] - click: Object: 'Object Repository/Final Object Repo/Page_Update Add New Employee - ASSIST/Save   Continue Supporting Doc Page' is clicked on

2018-12-06 23:59:28 - [MESSAGE][PASSED] - Object: 'Object Repository/Final Object Repo/Page_Update Add New Employee - ASSIST/Save   Continue Supporting Doc Page' is clicked on

2018-12-06 23:59:28 - [TEST_STEP][PASSED] - delay: Delayed 4 second(s)

2018-12-06 23:59:32 - [MESSAGE][PASSED] - Delayed 4 second(s)

2018-12-06 23:59:32 - [TEST_STEP][PASSED] - click: Object: 'Object Repository/Final Object Repo/Page_Update Add New Employee - ASSIST/Under Enforcement Button at Preview Screen of RO' is clicked on

2018-12-06 23:59:32 - [MESSAGE][PASSED] - Object: 'Object Repository/Final Object Repo/Page_Update Add New Employee - ASSIST/Under Enforcement Button at Preview Screen of RO' is clicked on

2018-12-06 23:59:32 - [TEST_STEP][PASSED] - delay: Delayed 4 second(s)

2018-12-06 23:59:36 - [MESSAGE][PASSED] - Delayed 4 second(s)

2018-12-06 23:59:36 - [TEST_STEP][PASSED] - click: Object: 'Object Repository/Final Object Repo/Page_Update Add New Employee - ASSIST/Under Enforcement - inner form' is clicked on

2018-12-06 23:59:36 - [MESSAGE][PASSED] - Object: 'Object Repository/Final Object Repo/Page_Update Add New Employee - ASSIST/Under Enforcement - inner form' is clicked on

2018-12-06 23:59:36 - [TEST_STEP][PASSED] - delay: Delayed 4 second(s)

2018-12-06 23:59:40 - [MESSAGE][PASSED] - Delayed 4 second(s)

2018-12-06 23:59:40 - [TEST_STEP][PASSED] - callTestCase: Call Test Case 'Test Cases/Final Aug 2018 - PKS Automation/Common/Screenshoting tool' successfully

2018-12-06 23:59:40 - [TEST_CASE][PASSED] - Test Cases/Final Aug 2018 - PKS Automation/Common/Screenshoting tool: Test Cases/Final Aug 2018 - PKS Automation/Common/Screenshoting tool

2018-12-06 23:59:40 - [TEST_STEP][PASSED] - delay: Delayed 15 second(s)

2018-12-06 23:59:55 - [MESSAGE][PASSED] - Delayed 15 second(s)

2018-12-06 23:59:55 - [TEST_STEP][PASSED] - Statement - driver = com.kms.katalon.core.webui.driver.DriverFactory.getWebDriver(): null

2018-12-06 23:59:55 - [TEST_STEP][PASSED] - Statement - driver.manage().timeouts().implicitlyWait(10, SECONDS): null

2018-12-06 23:59:55 - [TEST_STEP][PASSED] - Statement - PresavePath = KatalonScreenshots: null

2018-12-06 23:59:55 - [TEST_STEP][PASSED] - Statement - pathPrefix = "C:\Users\Public\Pictures\Sample Pictures\Katalon Screenshots\Automate Ending Screen": null

2018-12-06 23:59:55 - [TEST_STEP][PASSED] - Statement - finalPath = <not implemented yet for class: org.codehaus.groovy.ast.expr.EmptyExpression>: null

2018-12-06 23:59:55 - [TEST_STEP][PASSED] - Statement - scrFile = driver.getScreenshotAs(FILE): null

2018-12-06 23:59:55 - [TEST_STEP][PASSED] - Statement - PreSaveFile = new java.io.File(PresavePath): null

2018-12-06 23:59:55 - [TEST_STEP][PASSED] - Statement - counter = 0: null

2018-12-06 23:59:55 - [TEST_STEP][PASSED] - Statement - If (PreSaveFile.exists()): null

2018-12-06 23:59:55 - [TEST_STEP][PASSED] - Statement - While (PreSaveFile.exists()): null

2018-12-06 23:59:55 - [TEST_STEP][PASSED] - Statement - counter = counter + 1: null

2018-12-06 23:59:55 - [TEST_STEP][PASSED] - Statement - PreSaveFile = new java.io.File(((pathPrefix + java.lang.Integer.toString(counter)) + .png)): null

2018-12-06 23:59:55 - [TEST_STEP][PASSED] - Statement - counter = counter + 1: null

2018-12-06 23:59:55 - [TEST_STEP][PASSED] - Statement - PreSaveFile = new java.io.File(((pathPrefix + java.lang.Integer.toString(counter)) + .png)): null

2018-12-06 23:59:55 - [TEST_STEP][PASSED] - Statement - counter = counter + 1: null

2018-12-06 23:59:55 - [TEST_STEP][PASSED] - Statement - PreSaveFile = new java.io.File(((pathPrefix + java.lang.Integer.toString(counter)) + .png)): null

2018-12-06 23:59:55 - [TEST_STEP][PASSED] - Statement - counter = counter + 1: null

2018-12-06 23:59:55 - [TEST_STEP][PASSED] - Statement - PreSaveFile = new java.io.File(((pathPrefix + java.lang.Integer.toString(counter)) + .png)): null

2018-12-06 23:59:55 - [TEST_STEP][PASSED] - Statement - counter = counter + 1: null

2018-12-06 23:59:55 - [TEST_STEP][PASSED] - Statement - PreSaveFile = new java.io.File(((pathPrefix + java.lang.Integer.toString(counter)) + .png)): null

2018-12-06 23:59:55 - [TEST_STEP][PASSED] - Statement - counter = counter + 1: null

2018-12-06 23:59:55 - [TEST_STEP][PASSED] - Statement - PreSaveFile = new java.io.File(((pathPrefix + java.lang.Integer.toString(counter)) + .png)): null

2018-12-06 23:59:55 - [TEST_STEP][PASSED] - Statement - counter = counter + 1: null

2018-12-06 23:59:55 - [TEST_STEP][PASSED] - Statement - PreSaveFile = new java.io.File(((pathPrefix + java.lang.Integer.toString(counter)) + .png)): null

2018-12-06 23:59:55 - [TEST_STEP][PASSED] - Statement - counter = counter + 1: null

2018-12-06 23:59:55 - [TEST_STEP][PASSED] - Statement - PreSaveFile = new java.io.File(((pathPrefix + java.lang.Integer.toString(counter)) + .png)): null

2018-12-06 23:59:56 - [TEST_STEP][PASSED] - Statement - counter = counter + 1: null

2018-12-06 23:59:56 - [TEST_STEP][PASSED] - Statement - PreSaveFile = new java.io.File(((pathPrefix + java.lang.Integer.toString(counter)) + .png)): null

2018-12-06 23:59:56 - [TEST_STEP][PASSED] - Statement - counter = counter + 1: null

2018-12-06 23:59:56 - [TEST_STEP][PASSED] - Statement - PreSaveFile = new java.io.File(((pathPrefix + java.lang.Integer.toString(counter)) + .png)): null

2018-12-06 23:59:56 - [TEST_STEP][PASSED] - Statement - counter = counter + 1: null

2018-12-06 23:59:56 - [TEST_STEP][PASSED] - Statement - PreSaveFile = new java.io.File(((pathPrefix + java.lang.Integer.toString(counter)) + .png)): null

2018-12-06 23:59:56 - [TEST_STEP][PASSED] - Statement - counter = counter + 1: null

2018-12-06 23:59:56 - [TEST_STEP][PASSED] - Statement - PreSaveFile = new java.io.File(((pathPrefix + java.lang.Integer.toString(counter)) + .png)): null

2018-12-06 23:59:56 - [TEST_STEP][PASSED] - Statement - counter = counter + 1: null

2018-12-06 23:59:56 - [TEST_STEP][PASSED] - Statement - PreSaveFile = new java.io.File(((pathPrefix + java.lang.Integer.toString(counter)) + .png)): null

2018-12-06 23:59:56 - [TEST_STEP][PASSED] - Statement - counter = counter + 1: null

2018-12-06 23:59:56 - [TEST_STEP][PASSED] - Statement - PreSaveFile = new java.io.File(((pathPrefix + java.lang.Integer.toString(counter)) + .png)): null

2018-12-06 23:59:56 - [TEST_STEP][PASSED] - Statement - counter = counter + 1: null

2018-12-06 23:59:56 - [TEST_STEP][PASSED] - Statement - PreSaveFile = new java.io.File(((pathPrefix + java.lang.Integer.toString(counter)) + .png)): null

2018-12-06 23:59:56 - [TEST_STEP][PASSED] - Statement - counter = counter + 1: null

2018-12-06 23:59:56 - [TEST_STEP][PASSED] - Statement - PreSaveFile = new java.io.File(((pathPrefix + java.lang.Integer.toString(counter)) + .png)): null

2018-12-06 23:59:56 - [TEST_STEP][PASSED] - Statement - counter = counter + 1: null

2018-12-06 23:59:56 - [TEST_STEP][PASSED] - Statement - PreSaveFile = new java.io.File(((pathPrefix + java.lang.Integer.toString(counter)) + .png)): null

2018-12-06 23:59:56 - [TEST_STEP][PASSED] - Statement - counter = counter + 1: null

2018-12-06 23:59:56 - [TEST_STEP][PASSED] - Statement - PreSaveFile = new java.io.File(((pathPrefix + java.lang.Integer.toString(counter)) + .png)): null

2018-12-06 23:59:56 - [TEST_STEP][PASSED] - Statement - counter = counter + 1: null

2018-12-06 23:59:56 - [TEST_STEP][PASSED] - Statement - PreSaveFile = new java.io.File(((pathPrefix + java.lang.Integer.toString(counter)) + .png)): null

2018-12-06 23:59:56 - [TEST_STEP][PASSED] - Statement - counter = counter + 1: null

2018-12-06 23:59:56 - [TEST_STEP][PASSED] - Statement - PreSaveFile = new java.io.File(((pathPrefix + java.lang.Integer.toString(counter)) + .png)): null

2018-12-06 23:59:56 - [TEST_STEP][PASSED] - Statement - counter = counter + 1: null

2018-12-06 23:59:56 - [TEST_STEP][PASSED] - Statement - PreSaveFile = new java.io.File(((pathPrefix + java.lang.Integer.toString(counter)) + .png)): null

2018-12-06 23:59:56 - [TEST_STEP][PASSED] - Statement - counter = counter + 1: null

2018-12-06 23:59:56 - [TEST_STEP][PASSED] - Statement - PreSaveFile = new java.io.File(((pathPrefix + java.lang.Integer.toString(counter)) + .png)): null

2018-12-06 23:59:56 - [TEST_STEP][PASSED] - Statement - counter = counter + 1: null

2018-12-06 23:59:56 - [TEST_STEP][PASSED] - Statement - PreSaveFile = new java.io.File(((pathPrefix + java.lang.Integer.toString(counter)) + .png)): null

2018-12-06 23:59:56 - [TEST_STEP][PASSED] - Statement - counter = counter + 1: null

2018-12-06 23:59:56 - [TEST_STEP][PASSED] - Statement - PreSaveFile = new java.io.File(((pathPrefix + java.lang.Integer.toString(counter)) + .png)): null

2018-12-06 23:59:56 - [TEST_STEP][PASSED] - Statement - counter = counter + 1: null

2018-12-06 23:59:56 - [TEST_STEP][PASSED] - Statement - PreSaveFile = new java.io.File(((pathPrefix + java.lang.Integer.toString(counter)) + .png)): null

2018-12-06 23:59:56 - [TEST_STEP][PASSED] - Statement - counter = counter + 1: null

2018-12-06 23:59:56 - [TEST_STEP][PASSED] - Statement - PreSaveFile = new java.io.File(((pathPrefix + java.lang.Integer.toString(counter)) + .png)): null

2018-12-06 23:59:56 - [TEST_STEP][PASSED] - Statement - counter = counter + 1: null

2018-12-06 23:59:56 - [TEST_STEP][PASSED] - Statement - PreSaveFile = new java.io.File(((pathPrefix + java.lang.Integer.toString(counter)) + .png)): null

2018-12-06 23:59:56 - [TEST_STEP][PASSED] - Statement - counter = counter + 1: null

2018-12-06 23:59:56 - [TEST_STEP][PASSED] - Statement - PreSaveFile = new java.io.File(((pathPrefix + java.lang.Integer.toString(counter)) + .png)): null

2018-12-06 23:59:56 - [TEST_STEP][PASSED] - Statement - counter = counter + 1: null

2018-12-06 23:59:56 - [TEST_STEP][PASSED] - Statement - PreSaveFile = new java.io.File(((pathPrefix + java.lang.Integer.toString(counter)) + .png)): null

2018-12-06 23:59:56 - [TEST_STEP][PASSED] - Statement - counter = counter + 1: null

2018-12-06 23:59:56 - [TEST_STEP][PASSED] - Statement - PreSaveFile = new java.io.File(((pathPrefix + java.lang.Integer.toString(counter)) + .png)): null

2018-12-06 23:59:56 - [TEST_STEP][PASSED] - Statement - counter = counter + 1: null

2018-12-06 23:59:56 - [TEST_STEP][PASSED] - Statement - PreSaveFile = new java.io.File(((pathPrefix + java.lang.Integer.toString(counter)) + .png)): null

2018-12-06 23:59:56 - [TEST_STEP][PASSED] - Statement - counter = counter + 1: null

2018-12-06 23:59:56 - [TEST_STEP][PASSED] - Statement - PreSaveFile = new java.io.File(((pathPrefix + java.lang.Integer.toString(counter)) + .png)): null

2018-12-06 23:59:56 - [TEST_STEP][PASSED] - Statement - counter = counter + 1: null

2018-12-06 23:59:56 - [TEST_STEP][PASSED] - Statement - PreSaveFile = new java.io.File(((pathPrefix + java.lang.Integer.toString(counter)) + .png)): null

2018-12-06 23:59:56 - [TEST_STEP][PASSED] - Statement - counter = counter + 1: null

2018-12-06 23:59:56 - [TEST_STEP][PASSED] - Statement - PreSaveFile = new java.io.File(((pathPrefix + java.lang.Integer.toString(counter)) + .png)): null

2018-12-06 23:59:56 - [TEST_STEP][PASSED] - Statement - counter = counter + 1: null

2018-12-06 23:59:56 - [TEST_STEP][PASSED] - Statement - PreSaveFile = new java.io.File(((pathPrefix + java.lang.Integer.toString(counter)) + .png)): null

2018-12-06 23:59:56 - [TEST_STEP][PASSED] - Statement - counter = counter + 1: null

2018-12-06 23:59:56 - [TEST_STEP][PASSED] - Statement - PreSaveFile = new java.io.File(((pathPrefix + java.lang.Integer.toString(counter)) + .png)): null

2018-12-06 23:59:56 - [TEST_STEP][PASSED] - Statement - counter = counter + 1: null

2018-12-06 23:59:56 - [TEST_STEP][PASSED] - Statement - PreSaveFile = new java.io.File(((pathPrefix + java.lang.Integer.toString(counter)) + .png)): null

2018-12-06 23:59:56 - [TEST_STEP][PASSED] - Statement - counter = counter + 1: null

2018-12-06 23:59:56 - [TEST_STEP][PASSED] - Statement - PreSaveFile = new java.io.File(((pathPrefix + java.lang.Integer.toString(counter)) + .png)): null

2018-12-06 23:59:56 - [TEST_STEP][PASSED] - Statement - counter = counter + 1: null

2018-12-06 23:59:56 - [TEST_STEP][PASSED] - Statement - PreSaveFile = new java.io.File(((pathPrefix + java.lang.Integer.toString(counter)) + .png)): null

2018-12-06 23:59:56 - [TEST_STEP][PASSED] - Statement - counter = counter + 1: null

2018-12-06 23:59:56 - [TEST_STEP][PASSED] - Statement - PreSaveFile = new java.io.File(((pathPrefix + java.lang.Integer.toString(counter)) + .png)): null

2018-12-06 23:59:56 - [TEST_STEP][PASSED] - Statement - counter = counter + 1: null

2018-12-06 23:59:56 - [TEST_STEP][PASSED] - Statement - PreSaveFile = new java.io.File(((pathPrefix + java.lang.Integer.toString(counter)) + .png)): null

2018-12-06 23:59:56 - [TEST_STEP][PASSED] - Statement - counter = counter + 1: null

2018-12-06 23:59:56 - [TEST_STEP][PASSED] - Statement - PreSaveFile = new java.io.File(((pathPrefix + java.lang.Integer.toString(counter)) + .png)): null

2018-12-06 23:59:56 - [TEST_STEP][PASSED] - Statement - counter = counter + 1: null

2018-12-06 23:59:56 - [TEST_STEP][PASSED] - Statement - PreSaveFile = new java.io.File(((pathPrefix + java.lang.Integer.toString(counter)) + .png)): null

2018-12-06 23:59:56 - [TEST_STEP][PASSED] - Statement - counter = counter + 1: null

2018-12-06 23:59:56 - [TEST_STEP][PASSED] - Statement - PreSaveFile = new java.io.File(((pathPrefix + java.lang.Integer.toString(counter)) + .png)): null

2018-12-06 23:59:56 - [TEST_STEP][PASSED] - Statement - counter = counter + 1: null

2018-12-06 23:59:56 - [TEST_STEP][PASSED] - Statement - PreSaveFile = new java.io.File(((pathPrefix + java.lang.Integer.toString(counter)) + .png)): null

2018-12-06 23:59:56 - [TEST_STEP][PASSED] - Statement - counter = counter + 1: null

2018-12-06 23:59:56 - [TEST_STEP][PASSED] - Statement - PreSaveFile = new java.io.File(((pathPrefix + java.lang.Integer.toString(counter)) + .png)): null

2018-12-06 23:59:56 - [TEST_STEP][PASSED] - Statement - counter = counter + 1: null

2018-12-06 23:59:56 - [TEST_STEP][PASSED] - Statement - PreSaveFile = new java.io.File(((pathPrefix + java.lang.Integer.toString(counter)) + .png)): null

2018-12-06 23:59:56 - [TEST_STEP][PASSED] - Statement - counter = counter + 1: null

2018-12-06 23:59:56 - [TEST_STEP][PASSED] - Statement - PreSaveFile = new java.io.File(((pathPrefix + java.lang.Integer.toString(counter)) + .png)): null

2018-12-06 23:59:56 - [TEST_STEP][PASSED] - Statement - counter = counter + 1: null

2018-12-06 23:59:56 - [TEST_STEP][PASSED] - Statement - PreSaveFile = new java.io.File(((pathPrefix + java.lang.Integer.toString(counter)) + .png)): null

2018-12-06 23:59:56 - [TEST_STEP][PASSED] - Statement - counter = counter + 1: null

2018-12-06 23:59:56 - [TEST_STEP][PASSED] - Statement - PreSaveFile = new java.io.File(((pathPrefix + java.lang.Integer.toString(counter)) + .png)): null

2018-12-06 23:59:56 - [TEST_STEP][PASSED] - Statement - counter = counter + 1: null

2018-12-06 23:59:56 - [TEST_STEP][PASSED] - Statement - PreSaveFile = new java.io.File(((pathPrefix + java.lang.Integer.toString(counter)) + .png)): null

2018-12-06 23:59:56 - [TEST_STEP][PASSED] - Statement - counter = counter + 1: null

2018-12-06 23:59:56 - [TEST_STEP][PASSED] - Statement - PreSaveFile = new java.io.File(((pathPrefix + java.lang.Integer.toString(counter)) + .png)): null

2018-12-06 23:59:56 - [TEST_STEP][PASSED] - Statement - counter = counter + 1: null

2018-12-06 23:59:56 - [TEST_STEP][PASSED] - Statement - PreSaveFile = new java.io.File(((pathPrefix + java.lang.Integer.toString(counter)) + .png)): null

2018-12-06 23:59:56 - [TEST_STEP][PASSED] - Statement - counter = counter + 1: null

2018-12-06 23:59:56 - [TEST_STEP][PASSED] - Statement - PreSaveFile = new java.io.File(((pathPrefix + java.lang.Integer.toString(counter)) + .png)): null

2018-12-06 23:59:56 - [TEST_STEP][PASSED] - Statement - counter = counter + 1: null

2018-12-06 23:59:56 - [TEST_STEP][PASSED] - Statement - PreSaveFile = new java.io.File(((pathPrefix + java.lang.Integer.toString(counter)) + .png)): null

2018-12-06 23:59:56 - [TEST_STEP][PASSED] - Statement - counter = counter + 1: null

2018-12-06 23:59:56 - [TEST_STEP][PASSED] - Statement - PreSaveFile = new java.io.File(((pathPrefix + java.lang.Integer.toString(counter)) + .png)): null

2018-12-06 23:59:56 - [TEST_STEP][PASSED] - Statement - counter = counter + 1: null

2018-12-06 23:59:56 - [TEST_STEP][PASSED] - Statement - PreSaveFile = new java.io.File(((pathPrefix + java.lang.Integer.toString(counter)) + .png)): null

2018-12-06 23:59:56 - [TEST_STEP][PASSED] - Statement - counter = counter + 1: null

2018-12-06 23:59:56 - [TEST_STEP][PASSED] - Statement - PreSaveFile = new java.io.File(((pathPrefix + java.lang.Integer.toString(counter)) + .png)): null

2018-12-06 23:59:56 - [TEST_STEP][PASSED] - Statement - counter = counter + 1: null

2018-12-06 23:59:56 - [TEST_STEP][PASSED] - Statement - PreSaveFile = new java.io.File(((pathPrefix + java.lang.Integer.toString(counter)) + .png)): null

2018-12-06 23:59:56 - [TEST_STEP][PASSED] - Statement - counter = counter + 1: null

2018-12-06 23:59:56 - [TEST_STEP][PASSED] - Statement - PreSaveFile = new java.io.File(((pathPrefix + java.lang.Integer.toString(counter)) + .png)): null

2018-12-06 23:59:56 - [TEST_STEP][PASSED] - Statement - counter = counter + 1: null

2018-12-06 23:59:56 - [TEST_STEP][PASSED] - Statement - PreSaveFile = new java.io.File(((pathPrefix + java.lang.Integer.toString(counter)) + .png)): null

2018-12-06 23:59:56 - [TEST_STEP][PASSED] - Statement - counter = counter + 1: null

2018-12-06 23:59:56 - [TEST_STEP][PASSED] - Statement - PreSaveFile = new java.io.File(((pathPrefix + java.lang.Integer.toString(counter)) + .png)): null

2018-12-06 23:59:56 - [TEST_STEP][PASSED] - Statement - counter = counter + 1: null

2018-12-06 23:59:56 - [TEST_STEP][PASSED] - Statement - PreSaveFile = new java.io.File(((pathPrefix + java.lang.Integer.toString(counter)) + .png)): null

2018-12-06 23:59:56 - [TEST_STEP][PASSED] - Statement - finalPath = pathPrefix + java.lang.Integer.toString(counter) + ".png": null

2018-12-06 23:59:56 - [TEST_STEP][PASSED] - Statement - SaveFile = new java.io.File(finalPath): null

2018-12-06 23:59:56 - [TEST_STEP][PASSED] - Statement - Try: null

2018-12-06 23:59:56 - [TEST_STEP][PASSED] - Statement - org.apache.commons.io.FileUtils.copyFile(scrFile, SaveFile): null

2018-12-06 23:59:56 - [TEST_STEP][PASSED] - Statement - out.println("file kept"): null

2018-12-06 23:59:56 - [TEST_STEP][PASSED] - delay: Delayed 10 second(s)

2018-12-07 00:00:06 - [MESSAGE][PASSED] - Delayed 10 second(s)

2018-12-07 00:00:06 - [MESSAGE][PASSED] - Call Test Case 'Test Cases/Final Aug 2018 - PKS Automation/Common/Screenshoting tool' successfully

2018-12-07 00:00:06 - [TEST_STEP][PASSED] - callTestCase: Call Test Case 'Test Cases/Final Aug 2018 - PKS Automation/Registration Module/Log Out/log out avoiding katalon tagging' successfully

2018-12-07 00:00:06 - [TEST_CASE][PASSED] - Test Cases/Final Aug 2018 - PKS Automation/Registration Module/Log Out/log out avoiding katalon tagging: Test Cases/Final Aug 2018 - PKS Automation/Registration Module/Log Out/log out avoiding katalon tagging

2018-12-07 00:00:06 - [TEST_STEP][PASSED] - navigateToUrl: Navigate to 'https://assist2-uat.perkeso.gov.my/c/portal/logout' successfully

2018-12-07 00:00:07 - [MESSAGE][PASSED] - Navigate to 'https://assist2-uat.perkeso.gov.my/c/portal/logout' successfully

2018-12-07 00:00:07 - [MESSAGE][PASSED] - Call Test Case 'Test Cases/Final Aug 2018 - PKS Automation/Registration Module/Log Out/log out avoiding katalon tagging' successfully

2018-12-07 00:00:07 - [TEST_STEP][PASSED] - callTestCase: Call Test Case 'Test Cases/Final Aug 2018 - PKS Automation/Common/Workflow Owner Finder' successfully

2018-12-07 00:00:07 - [TEST_CASE][PASSED] - Test Cases/Final Aug 2018 - PKS Automation/Common/Workflow Owner Finder: Test Cases/Final Aug 2018 - PKS Automation/Common/Workflow Owner Finder

2018-12-07 00:00:07 - [TEST_STEP][PASSED] - openBrowser: Browser is opened with url: ''

2018-12-07 00:00:07 - [MESSAGE][WARNING] - A browser is already opened. Closing browser and opening a new one

2018-12-07 00:00:10 - [MESSAGE][PASSED] - Browser is opened with url: ''

2018-12-07 00:00:10 - [TEST_STEP][PASSED] - navigateToUrl: Navigate to 'https://assist2-uat.perkeso.gov.my/login' successfully

2018-12-07 00:00:12 - [MESSAGE][PASSED] - Navigate to 'https://assist2-uat.perkeso.gov.my/login' successfully

2018-12-07 00:00:12 - [TEST_STEP][PASSED] - delay: Delayed 5 second(s)

2018-12-07 00:00:17 - [MESSAGE][PASSED] - Delayed 5 second(s)

2018-12-07 00:00:17 - [TEST_STEP][PASSED] - setText: Text 'test@liferay.com' is set on object 'Object Repository/Final Object Repo/Login Page/Internal User/Email Address'

2018-12-07 00:00:17 - [MESSAGE][PASSED] - Text 'test@liferay.com' is set on object 'Object Repository/Final Object Repo/Login Page/Internal User/Email Address'

2018-12-07 00:00:17 - [TEST_STEP][PASSED] - click: Object: 'Object Repository/Final Object Repo/Login Page/Internal User/Next Button' is clicked on

2018-12-07 00:00:17 - [MESSAGE][PASSED] - Object: 'Object Repository/Final Object Repo/Login Page/Internal User/Next Button' is clicked on

2018-12-07 00:00:17 - [TEST_STEP][PASSED] - delay: Delayed 2 second(s)

2018-12-07 00:00:19 - [MESSAGE][PASSED] - Delayed 2 second(s)

2018-12-07 00:00:19 - [TEST_STEP][PASSED] - setText: Text 'test' is set on object 'Object Repository/Final Object Repo/Login Page/Internal User/Password'

2018-12-07 00:00:19 - [MESSAGE][PASSED] - Text 'test' is set on object 'Object Repository/Final Object Repo/Login Page/Internal User/Password'

2018-12-07 00:00:19 - [TEST_STEP][PASSED] - delay: Delayed 2 second(s)

2018-12-07 00:00:21 - [MESSAGE][PASSED] - Delayed 2 second(s)

2018-12-07 00:00:21 - [TEST_STEP][PASSED] - click: Object: 'Object Repository/Final Object Repo/Login Page/Internal User/Login Button' is clicked on

2018-12-07 00:00:21 - [MESSAGE][PASSED] - Object: 'Object Repository/Final Object Repo/Login Page/Internal User/Login Button' is clicked on

2018-12-07 00:00:21 - [TEST_STEP][PASSED] - Statement - tester = com.kms.katalon.core.testobject.ObjectRepository.findTestObject(Final Object Repo/Landing Page/Select to English): Finding Test Object with id 'Object Repository/Final Object Repo/Landing Page/Select to English'

2018-12-07 00:00:21 - [TEST_STEP][PASSED] - Statement - Try: Delayed 2 second(s)

2018-12-07 00:00:21 - [TEST_STEP][PASSED] - Statement - Checker = com.kms.katalon.core.webui.keyword.WebUiBuiltInKeywords.verifyElementNotPresent(tester, 3): Web element with id: 'Object Repository/Final Object Repo/Landing Page/Select to English' located by 'By.xpath: //a[@class = 'taglib-language-list-text' and @lang = 'en-US' and (contains(text(), 'EN') or contains(., 'EN'))]' is not present after '3' second(s)

2018-12-07 00:00:23 - [MESSAGE][PASSED] - Web element with id: 'Object Repository/Final Object Repo/Landing Page/Select to English' located by 'By.xpath: //a[@class = 'taglib-language-list-text' and @lang = 'en-US' and (contains(text(), 'EN') or contains(., 'EN'))]' is not present after '3' second(s)

2018-12-07 00:00:23 - [TEST_STEP][PASSED] - Statement - If (Checker == false): null

2018-12-07 00:00:23 - [TEST_STEP][PASSED] - delay: Delayed 2 second(s)

2018-12-07 00:00:25 - [MESSAGE][PASSED] - Delayed 2 second(s)

2018-12-07 00:00:25 - [TEST_STEP][PASSED] - delay: Delayed 5 second(s)

2018-12-07 00:00:30 - [MESSAGE][PASSED] - Delayed 5 second(s)

2018-12-07 00:00:30 - [TEST_STEP][PASSED] - mouseOver: Object: 'Object Repository/Final Object Repo/Landing Page/WorkFlow Menu' is hovered

2018-12-07 00:00:30 - [MESSAGE][PASSED] - Object: 'Object Repository/Final Object Repo/Landing Page/WorkFlow Menu' is hovered

2018-12-07 00:00:30 - [TEST_STEP][PASSED] - delay: Delayed 2 second(s)

2018-12-07 00:00:32 - [MESSAGE][PASSED] - Delayed 2 second(s)

2018-12-07 00:00:32 - [TEST_STEP][PASSED] - click: Object: 'Object Repository/Final Object Repo/Landing Page/Select to Workflow Listing' is clicked on

2018-12-07 00:00:34 - [MESSAGE][PASSED] - Object: 'Object Repository/Final Object Repo/Landing Page/Select to Workflow Listing' is clicked on

2018-12-07 00:00:34 - [TEST_STEP][PASSED] - delay: Delayed 2 second(s)

2018-12-07 00:00:36 - [MESSAGE][PASSED] - Delayed 2 second(s)

2018-12-07 00:00:36 - [TEST_STEP][PASSED] - click: Object: 'Object Repository/Final Object Repo/WorkFlow Listing Page/Search Information - To Put Ref No' is clicked on

2018-12-07 00:00:36 - [MESSAGE][PASSED] - Object: 'Object Repository/Final Object Repo/WorkFlow Listing Page/Search Information - To Put Ref No' is clicked on

2018-12-07 00:00:36 - [TEST_STEP][PASSED] - delay: Delayed 2 second(s)

2018-12-07 00:00:38 - [MESSAGE][PASSED] - Delayed 2 second(s)

2018-12-07 00:00:38 - [TEST_STEP][PASSED] - callTestCase: Call Test Case 'Test Cases/Final Aug 2018 - PKS Automation/Common/Reference Number Getter' successfully

2018-12-07 00:00:38 - [TEST_CASE][PASSED] - Test Cases/Final Aug 2018 - PKS Automation/Common/Reference Number Getter: Test Cases/Final Aug 2018 - PKS Automation/Common/Reference Number Getter

2018-12-07 00:00:38 - [TEST_STEP][PASSED] - Statement - Try: null

2018-12-07 00:00:38 - [TEST_STEP][PASSED] - Statement - RefNo = new java.io.File(C://Users//Admin//Desktop//PKS//Automation Reference Point//KatalonReference.txt): null

2018-12-07 00:00:38 - [TEST_STEP][PASSED] - Statement - bufferread = new java.io.BufferedReader(new java.io.FileReader(RefNo)): null

2018-12-07 00:00:38 - [TEST_STEP][PASSED] - Statement - readedVal = bufferread.readLine(): null

2018-12-07 00:00:38 - [TEST_STEP][PASSED] - Statement - out.println(CaseReferenceNo): null

2018-12-07 00:00:38 - [TEST_STEP][PASSED] - Statement - out.println(readedVal): null

2018-12-07 00:00:38 - [TEST_STEP][PASSED] - Statement - CaseReferenceNo = "": null

2018-12-07 00:00:38 - [TEST_STEP][PASSED] - Statement - CaseReferenceNo = readedVal: null

2018-12-07 00:00:38 - [MESSAGE][PASSED] - Call Test Case 'Test Cases/Final Aug 2018 - PKS Automation/Common/Reference Number Getter' successfully

2018-12-07 00:00:38 - [TEST_STEP][PASSED] - setText: Text 'CAN12201800002270' is set on object 'Object Repository/Final Object Repo/WorkFlow Listing Page/Ref No Set Text'

2018-12-07 00:00:38 - [MESSAGE][PASSED] - Text 'CAN12201800002270' is set on object 'Object Repository/Final Object Repo/WorkFlow Listing Page/Ref No Set Text'

2018-12-07 00:00:38 - [TEST_STEP][PASSED] - delay: Delayed 2 second(s)

2018-12-07 00:00:40 - [MESSAGE][PASSED] - Delayed 2 second(s)

2018-12-07 00:00:40 - [TEST_STEP][PASSED] - click: Object: 'Object Repository/Final Object Repo/WorkFlow Listing Page/Search Ref No Search Button' is clicked on

2018-12-07 00:00:40 - [MESSAGE][PASSED] - Object: 'Object Repository/Final Object Repo/WorkFlow Listing Page/Search Ref No Search Button' is clicked on

2018-12-07 00:00:40 - [TEST_STEP][PASSED] - delay: Delayed 6 second(s)

2018-12-07 00:00:46 - [MESSAGE][PASSED] - Delayed 6 second(s)

2018-12-07 00:00:46 - [TEST_STEP][PASSED] - click: Object: 'Object Repository/Final Object Repo/WorkFlow Listing Page/Click Continue Tooltip' is clicked on

2018-12-07 00:00:47 - [MESSAGE][PASSED] - Object: 'Object Repository/Final Object Repo/WorkFlow Listing Page/Click Continue Tooltip' is clicked on

2018-12-07 00:00:47 - [TEST_STEP][PASSED] - delay: Delayed 5 second(s)

2018-12-07 00:00:52 - [MESSAGE][PASSED] - Delayed 5 second(s)

2018-12-07 00:00:52 - [TEST_STEP][PASSED] - doubleClick: Object: 'Object Repository/Final Object Repo/WorkFlow Listing Page/Workflow Found - Listing 1' is double clicked on

2018-12-07 00:00:53 - [MESSAGE][PASSED] - Object: 'Object Repository/Final Object Repo/WorkFlow Listing Page/Workflow Found - Listing 1' is double clicked on

2018-12-07 00:00:53 - [TEST_STEP][PASSED] - Statement - println(OwnerID): null

2018-12-07 00:00:53 - [TEST_STEP][PASSED] - Statement - OwnerID = com.kms.katalon.core.webui.keyword.WebUiBuiltInKeywords.getText(com.kms.katalon.core.testobject.ObjectRepository.findTestObject(Final Object Repo/WorkFlow Listing Page/Workflow Found - Listing 1), STOP_ON_FAILURE): Text of object 'Object Repository/Final Object Repo/WorkFlow Listing Page/Workflow Found - Listing 1' is: 'JOHORro2'

2018-12-07 00:00:53 - [MESSAGE][PASSED] - Text of object 'Object Repository/Final Object Repo/WorkFlow Listing Page/Workflow Found - Listing 1' is: 'JOHORro2'

2018-12-07 00:00:53 - [TEST_STEP][PASSED] - Statement - OwnerID = OwnerID.toLowerCase() + "@gmail.com": null

2018-12-07 00:00:53 - [TEST_STEP][PASSED] - Statement - println(OwnerID): null

2018-12-07 00:00:53 - [TEST_STEP][PASSED] - delay: Delayed 2 second(s)

2018-12-07 00:00:55 - [MESSAGE][PASSED] - Delayed 2 second(s)

2018-12-07 00:00:55 - [MESSAGE][PASSED] - Call Test Case 'Test Cases/Final Aug 2018 - PKS Automation/Common/Workflow Owner Finder' successfully

2018-12-07 00:00:55 - [TEST_STEP][PASSED] - callTestCase: Call Test Case 'Test Cases/Final Aug 2018 - PKS Automation/Registration Module/Log Out/log out avoiding katalon tagging' successfully

2018-12-07 00:00:55 - [TEST_CASE][PASSED] - Test Cases/Final Aug 2018 - PKS Automation/Registration Module/Log Out/log out avoiding katalon tagging: Test Cases/Final Aug 2018 - PKS Automation/Registration Module/Log Out/log out avoiding katalon tagging

2018-12-07 00:00:55 - [TEST_STEP][PASSED] - navigateToUrl: Navigate to 'https://assist2-uat.perkeso.gov.my/c/portal/logout' successfully

2018-12-07 00:00:55 - [MESSAGE][PASSED] - Navigate to 'https://assist2-uat.perkeso.gov.my/c/portal/logout' successfully

2018-12-07 00:00:55 - [MESSAGE][PASSED] - Call Test Case 'Test Cases/Final Aug 2018 - PKS Automation/Registration Module/Log Out/log out avoiding katalon tagging' successfully

2018-12-07 00:00:55 - [TEST_STEP][PASSED] - delay: Delayed 2 second(s)

2018-12-07 00:00:57 - [MESSAGE][PASSED] - Delayed 2 second(s)

2018-12-07 00:00:57 - [TEST_STEP][PASSED] - setText: Text 'johorro2@gmail.com' is set on object 'Object Repository/Final Object Repo/Page_Update Add New Employee - ASSIST/Email TextBox'

2018-12-07 00:00:58 - [MESSAGE][PASSED] - Text 'johorro2@gmail.com' is set on object 'Object Repository/Final Object Repo/Page_Update Add New Employee - ASSIST/Email TextBox'

2018-12-07 00:00:58 - [TEST_STEP][PASSED] - click: Object: 'Object Repository/Final Object Repo/Page_Update Add New Employee - ASSIST/Next Button' is clicked on

2018-12-07 00:00:58 - [MESSAGE][PASSED] - Object: 'Object Repository/Final Object Repo/Page_Update Add New Employee - ASSIST/Next Button' is clicked on

2018-12-07 00:00:58 - [TEST_STEP][PASSED] - delay: Delayed 2 second(s)

2018-12-07 00:01:00 - [MESSAGE][PASSED] - Delayed 2 second(s)

2018-12-07 00:01:00 - [TEST_STEP][PASSED] - setText: Text 'Test1@3456789' is set on object 'Object Repository/Final Object Repo/Page_Update Add New Employee - ASSIST/Password TextBox'

2018-12-07 00:01:00 - [MESSAGE][PASSED] - Text 'Test1@3456789' is set on object 'Object Repository/Final Object Repo/Page_Update Add New Employee - ASSIST/Password TextBox'

2018-12-07 00:01:00 - [TEST_STEP][PASSED] - delay: Delayed 2 second(s)

2018-12-07 00:01:02 - [MESSAGE][PASSED] - Delayed 2 second(s)

2018-12-07 00:01:02 - [TEST_STEP][PASSED] - click: Object: 'Object Repository/Final Object Repo/Page_Update Add New Employee - ASSIST/Login Button' is clicked on

2018-12-07 00:01:02 - [MESSAGE][PASSED] - Object: 'Object Repository/Final Object Repo/Page_Update Add New Employee - ASSIST/Login Button' is clicked on

2018-12-07 00:01:02 - [TEST_STEP][PASSED] - delay: Delayed 4 second(s)

2018-12-07 00:01:06 - [MESSAGE][PASSED] - Delayed 4 second(s)

2018-12-07 00:01:06 - [TEST_STEP][PASSED] - Statement - Try: Delayed 2 second(s)

2018-12-07 00:01:06 - [TEST_STEP][PASSED] - Statement - Checker = false: null

2018-12-07 00:01:06 - [TEST_STEP][PASSED] - Statement - Checker = com.kms.katalon.core.webui.keyword.WebUiBuiltInKeywords.verifyElementHasAttribute(com.kms.katalon.core.testobject.ObjectRepository.findTestObject(Final Object Repo/Landing Page/BM Detecting), "href", 20, OPTIONAL): Object 'Object Repository/Final Object Repo/Landing Page/BM Detecting' has attribute 'href'

2018-12-07 00:01:06 - [MESSAGE][PASSED] - Object 'Object Repository/Final Object Repo/Landing Page/BM Detecting' has attribute 'href'

2018-12-07 00:01:06 - [TEST_STEP][PASSED] - Statement - out.println(Checker): null

2018-12-07 00:01:06 - [TEST_STEP][PASSED] - Statement - If (Checker == false): null

2018-12-07 00:01:06 - [TEST_STEP][PASSED] - Statement - Else: null

2018-12-07 00:01:06 - [TEST_STEP][PASSED] - delay: Delayed 2 second(s)

2018-12-07 00:01:08 - [MESSAGE][PASSED] - Delayed 2 second(s)

2018-12-07 00:01:09 - [TEST_STEP][PASSED] - delay: Delayed 4 second(s)

2018-12-07 00:01:13 - [MESSAGE][PASSED] - Delayed 4 second(s)

2018-12-07 00:01:13 - [TEST_STEP][PASSED] - click: Object: 'Object Repository/Final Object Repo/New Registration - Registration Module Pages/New Reg - OTC to RO/Special Case - All Related Objects/Expand to Search' is clicked on

2018-12-07 00:01:13 - [MESSAGE][PASSED] - Object: 'Object Repository/Final Object Repo/New Registration - Registration Module Pages/New Reg - OTC to RO/Special Case - All Related Objects/Expand to Search' is clicked on

2018-12-07 00:01:13 - [TEST_STEP][FAILED] - setText: Unable to set text 'CAN12201800002270' of object 'Object Repository/Final Object Repo/New Registration - Registration Module Pages/New Reg - OTC to RO/Special Case - All Related Objects/TextBox RefNo in Workbasket' (Root cause: org.openqa.selenium.ElementNotVisibleException: element not interactable
  (Session info: chrome=70.0.3538.110)
  (Driver info: chromedriver=2.43.600210 (68dcf5eebde37173d4027fa8635e332711d2874a),platform=Windows NT 6.1.7601 SP1 x86_64) (WARNING: The server did not provide any stacktrace information)
Command duration or timeout: 0 milliseconds
Build info: version: '3.7.1', revision: '8a0099a', time: '2017-11-06T21:07:36.161Z'
System info: host: 'WIN7TEST02', ip: '10.20.3.72', os.name: 'Windows 7', os.arch: 'amd64', os.version: '6.1', java.version: '1.8.0_181'
Driver info: com.kms.katalon.selenium.driver.CChromeDriver
Capabilities {acceptInsecureCerts: false, acceptSslCerts: false, applicationCacheEnabled: false, browserConnectionEnabled: false, browserName: chrome, chrome: {chromedriverVersion: 2.43.600210 (68dcf5eebde371..., userDataDir: C:\Users\Admin\AppData\Loca...}, cssSelectorsEnabled: true, databaseEnabled: false, goog:chromeOptions: {debuggerAddress: localhost:62696}, handlesAlerts: true, hasTouchScreen: false, javascriptEnabled: true, locationContextEnabled: true, mobileEmulationEnabled: false, nativeEvents: true, networkConnectionEnabled: false, pageLoadStrategy: normal, platform: XP, platformName: XP, rotatable: false, setWindowRect: true, takesHeapSnapshot: true, takesScreenshot: true, unexpectedAlertBehaviour: , unhandledPromptBehavior: , version: 70.0.3538.110, webStorageEnabled: true}
Session ID: 88f802081b9f0c44c52a9a91b82890a2)

2018-12-07 00:01:13 - [MESSAGE][FAILED] - Unable to set text 'CAN12201800002270' of object 'Object Repository/Final Object Repo/New Registration - Registration Module Pages/New Reg - OTC to RO/Special Case - All Related Objects/TextBox RefNo in Workbasket' (Root cause: org.openqa.selenium.ElementNotVisibleException: element not interactable
  (Session info: chrome=70.0.3538.110)
  (Driver info: chromedriver=2.43.600210 (68dcf5eebde37173d4027fa8635e332711d2874a),platform=Windows NT 6.1.7601 SP1 x86_64) (WARNING: The server did not provide any stacktrace information)
Command duration or timeout: 0 milliseconds
Build info: version: '3.7.1', revision: '8a0099a', time: '2017-11-06T21:07:36.161Z'
System info: host: 'WIN7TEST02', ip: '10.20.3.72', os.name: 'Windows 7', os.arch: 'amd64', os.version: '6.1', java.version: '1.8.0_181'
Driver info: com.kms.katalon.selenium.driver.CChromeDriver
Capabilities {acceptInsecureCerts: false, acceptSslCerts: false, applicationCacheEnabled: false, browserConnectionEnabled: false, browserName: chrome, chrome: {chromedriverVersion: 2.43.600210 (68dcf5eebde371..., userDataDir: C:\Users\Admin\AppData\Loca...}, cssSelectorsEnabled: true, databaseEnabled: false, goog:chromeOptions: {debuggerAddress: localhost:62696}, handlesAlerts: true, hasTouchScreen: false, javascriptEnabled: true, locationContextEnabled: true, mobileEmulationEnabled: false, nativeEvents: true, networkConnectionEnabled: false, pageLoadStrategy: normal, platform: XP, platformName: XP, rotatable: false, setWindowRect: true, takesHeapSnapshot: true, takesScreenshot: true, unexpectedAlertBehaviour: , unhandledPromptBehavior: , version: 70.0.3538.110, webStorageEnabled: true}
Session ID: 88f802081b9f0c44c52a9a91b82890a2)
[[ATTACHMENT|C:\\Users\\Admin\\Desktop\\PKS\\Perkeso Phase A\\Reports\\Workflow\\Update Add New Employee\\20181206_171415\\1544112073222.png]]

2018-12-07 00:01:13 - [TEST_STEP][PASSED] - delay: Delayed 2 second(s)

2018-12-07 00:01:15 - [MESSAGE][PASSED] - Delayed 2 second(s)

2018-12-07 00:01:15 - [TEST_STEP][PASSED] - click: Object: 'Object Repository/Final Object Repo/New Registration - Registration Module Pages/New Reg - OTC to RO/Special Case - All Related Objects/Click Search' is clicked on

2018-12-07 00:01:15 - [MESSAGE][PASSED] - Object: 'Object Repository/Final Object Repo/New Registration - Registration Module Pages/New Reg - OTC to RO/Special Case - All Related Objects/Click Search' is clicked on

2018-12-07 00:01:15 - [TEST_STEP][PASSED] - delay: Delayed 2 second(s)

2018-12-07 00:01:17 - [MESSAGE][PASSED] - Delayed 2 second(s)

2018-12-07 00:01:17 - [TEST_STEP][PASSED] - click: Object: 'Object Repository/Final Object Repo/New Registration - Registration Module Pages/New Reg - OTC to RO/Special Case - All Related Objects/Click to Continue Workflow' is clicked on

2018-12-07 00:01:21 - [MESSAGE][PASSED] - Object: 'Object Repository/Final Object Repo/New Registration - Registration Module Pages/New Reg - OTC to RO/Special Case - All Related Objects/Click to Continue Workflow' is clicked on

2018-12-07 00:01:21 - [TEST_STEP][PASSED] - delay: Delayed 10 second(s)

2018-12-07 00:01:31 - [MESSAGE][PASSED] - Delayed 10 second(s)

2018-12-07 00:01:31 - [TEST_STEP][PASSED] - click: Object: 'Object Repository/Final Object Repo/New Registration - Registration Module Pages/New Reg - OTC to RO/Special Case - All Related Objects/Continue Button in verifying case' is clicked on

2018-12-07 00:01:34 - [MESSAGE][PASSED] - Object: 'Object Repository/Final Object Repo/New Registration - Registration Module Pages/New Reg - OTC to RO/Special Case - All Related Objects/Continue Button in verifying case' is clicked on

2018-12-07 00:01:34 - [TEST_STEP][PASSED] - delay: Delayed 2 second(s)

2018-12-07 00:01:36 - [MESSAGE][PASSED] - Delayed 2 second(s)

2018-12-07 00:01:36 - [TEST_STEP][PASSED] - click: Object: 'Object Repository/Final Object Repo/Page_Update Add New Employee - ASSIST/Save  Continue Button' is clicked on

2018-12-07 00:01:37 - [MESSAGE][PASSED] - Object: 'Object Repository/Final Object Repo/Page_Update Add New Employee - ASSIST/Save  Continue Button' is clicked on

2018-12-07 00:01:37 - [TEST_STEP][PASSED] - delay: Delayed 4 second(s)

2018-12-07 00:01:41 - [MESSAGE][PASSED] - Delayed 4 second(s)

2018-12-07 00:01:41 - [TEST_STEP][PASSED] - click: Object: 'Object Repository/Final Object Repo/Page_Update Add New Employee - ASSIST/Save  Continue Third Screen' is clicked on

2018-12-07 00:01:44 - [MESSAGE][PASSED] - Object: 'Object Repository/Final Object Repo/Page_Update Add New Employee - ASSIST/Save  Continue Third Screen' is clicked on

2018-12-07 00:01:44 - [TEST_STEP][PASSED] - delay: Delayed 4 second(s)

2018-12-07 00:01:48 - [MESSAGE][PASSED] - Delayed 4 second(s)

2018-12-07 00:01:48 - [TEST_STEP][PASSED] - click: Object: 'Object Repository/Final Object Repo/Page_Update Add New Employee - ASSIST/Save   Continue Supporting Doc Page' is clicked on

2018-12-07 00:01:48 - [MESSAGE][PASSED] - Object: 'Object Repository/Final Object Repo/Page_Update Add New Employee - ASSIST/Save   Continue Supporting Doc Page' is clicked on

2018-12-07 00:01:48 - [TEST_STEP][PASSED] - delay: Delayed 4 second(s)

2018-12-07 00:01:52 - [MESSAGE][PASSED] - Delayed 4 second(s)

2018-12-07 00:01:52 - [TEST_STEP][PASSED] - click: Object: 'Object Repository/Final Object Repo/Page_Update Add New Employee - ASSIST/Submit Button' is clicked on

2018-12-07 00:01:52 - [MESSAGE][PASSED] - Object: 'Object Repository/Final Object Repo/Page_Update Add New Employee - ASSIST/Submit Button' is clicked on

2018-12-07 00:01:52 - [TEST_STEP][PASSED] - delay: Delayed 4 second(s)

2018-12-07 00:01:56 - [MESSAGE][PASSED] - Delayed 4 second(s)

2018-12-07 00:01:56 - [TEST_STEP][PASSED] - click: Object: 'Object Repository/Final Object Repo/Page_Update Add New Employee - ASSIST/Confirm Submit Button' is clicked on

2018-12-07 00:01:56 - [MESSAGE][PASSED] - Object: 'Object Repository/Final Object Repo/Page_Update Add New Employee - ASSIST/Confirm Submit Button' is clicked on

2018-12-07 00:01:56 - [TEST_STEP][PASSED] - delay: Delayed 30 second(s)

2018-12-07 00:02:26 - [MESSAGE][PASSED] - Delayed 30 second(s)

2018-12-07 00:02:26 - [TEST_STEP][PASSED] - callTestCase: Call Test Case 'Test Cases/Final Aug 2018 - PKS Automation/Common/Screenshoting tool' successfully

2018-12-07 00:02:26 - [TEST_CASE][PASSED] - Test Cases/Final Aug 2018 - PKS Automation/Common/Screenshoting tool: Test Cases/Final Aug 2018 - PKS Automation/Common/Screenshoting tool

2018-12-07 00:02:26 - [TEST_STEP][PASSED] - delay: Delayed 15 second(s)

2018-12-07 00:02:41 - [MESSAGE][PASSED] - Delayed 15 second(s)

2018-12-07 00:02:41 - [TEST_STEP][PASSED] - Statement - driver = com.kms.katalon.core.webui.driver.DriverFactory.getWebDriver(): null

2018-12-07 00:02:41 - [TEST_STEP][PASSED] - Statement - driver.manage().timeouts().implicitlyWait(10, SECONDS): null

2018-12-07 00:02:41 - [TEST_STEP][PASSED] - Statement - PresavePath = KatalonScreenshots: null

2018-12-07 00:02:41 - [TEST_STEP][PASSED] - Statement - pathPrefix = "C:\Users\Public\Pictures\Sample Pictures\Katalon Screenshots\Automate Ending Screen": null

2018-12-07 00:02:41 - [TEST_STEP][PASSED] - Statement - finalPath = <not implemented yet for class: org.codehaus.groovy.ast.expr.EmptyExpression>: null

2018-12-07 00:02:41 - [TEST_STEP][PASSED] - Statement - scrFile = driver.getScreenshotAs(FILE): null

2018-12-07 00:02:42 - [TEST_STEP][PASSED] - Statement - PreSaveFile = new java.io.File(PresavePath): null

2018-12-07 00:02:42 - [TEST_STEP][PASSED] - Statement - counter = 0: null

2018-12-07 00:02:42 - [TEST_STEP][PASSED] - Statement - If (PreSaveFile.exists()): null

2018-12-07 00:02:42 - [TEST_STEP][PASSED] - Statement - While (PreSaveFile.exists()): null

2018-12-07 00:02:42 - [TEST_STEP][PASSED] - Statement - counter = counter + 1: null

2018-12-07 00:02:42 - [TEST_STEP][PASSED] - Statement - PreSaveFile = new java.io.File(((pathPrefix + java.lang.Integer.toString(counter)) + .png)): null

2018-12-07 00:02:42 - [TEST_STEP][PASSED] - Statement - counter = counter + 1: null

2018-12-07 00:02:42 - [TEST_STEP][PASSED] - Statement - PreSaveFile = new java.io.File(((pathPrefix + java.lang.Integer.toString(counter)) + .png)): null

2018-12-07 00:02:42 - [TEST_STEP][PASSED] - Statement - counter = counter + 1: null

2018-12-07 00:02:42 - [TEST_STEP][PASSED] - Statement - PreSaveFile = new java.io.File(((pathPrefix + java.lang.Integer.toString(counter)) + .png)): null

2018-12-07 00:02:42 - [TEST_STEP][PASSED] - Statement - counter = counter + 1: null

2018-12-07 00:02:42 - [TEST_STEP][PASSED] - Statement - PreSaveFile = new java.io.File(((pathPrefix + java.lang.Integer.toString(counter)) + .png)): null

2018-12-07 00:02:42 - [TEST_STEP][PASSED] - Statement - counter = counter + 1: null

2018-12-07 00:02:42 - [TEST_STEP][PASSED] - Statement - PreSaveFile = new java.io.File(((pathPrefix + java.lang.Integer.toString(counter)) + .png)): null

2018-12-07 00:02:42 - [TEST_STEP][PASSED] - Statement - counter = counter + 1: null

2018-12-07 00:02:42 - [TEST_STEP][PASSED] - Statement - PreSaveFile = new java.io.File(((pathPrefix + java.lang.Integer.toString(counter)) + .png)): null

2018-12-07 00:02:42 - [TEST_STEP][PASSED] - Statement - counter = counter + 1: null

2018-12-07 00:02:42 - [TEST_STEP][PASSED] - Statement - PreSaveFile = new java.io.File(((pathPrefix + java.lang.Integer.toString(counter)) + .png)): null

2018-12-07 00:02:42 - [TEST_STEP][PASSED] - Statement - counter = counter + 1: null

2018-12-07 00:02:42 - [TEST_STEP][PASSED] - Statement - PreSaveFile = new java.io.File(((pathPrefix + java.lang.Integer.toString(counter)) + .png)): null

2018-12-07 00:02:42 - [TEST_STEP][PASSED] - Statement - counter = counter + 1: null

2018-12-07 00:02:42 - [TEST_STEP][PASSED] - Statement - PreSaveFile = new java.io.File(((pathPrefix + java.lang.Integer.toString(counter)) + .png)): null

2018-12-07 00:02:42 - [TEST_STEP][PASSED] - Statement - counter = counter + 1: null

2018-12-07 00:02:42 - [TEST_STEP][PASSED] - Statement - PreSaveFile = new java.io.File(((pathPrefix + java.lang.Integer.toString(counter)) + .png)): null

2018-12-07 00:02:42 - [TEST_STEP][PASSED] - Statement - counter = counter + 1: null

2018-12-07 00:02:42 - [TEST_STEP][PASSED] - Statement - PreSaveFile = new java.io.File(((pathPrefix + java.lang.Integer.toString(counter)) + .png)): null

2018-12-07 00:02:42 - [TEST_STEP][PASSED] - Statement - counter = counter + 1: null

2018-12-07 00:02:42 - [TEST_STEP][PASSED] - Statement - PreSaveFile = new java.io.File(((pathPrefix + java.lang.Integer.toString(counter)) + .png)): null

2018-12-07 00:02:42 - [TEST_STEP][PASSED] - Statement - counter = counter + 1: null

2018-12-07 00:02:42 - [TEST_STEP][PASSED] - Statement - PreSaveFile = new java.io.File(((pathPrefix + java.lang.Integer.toString(counter)) + .png)): null

2018-12-07 00:02:42 - [TEST_STEP][PASSED] - Statement - counter = counter + 1: null

2018-12-07 00:02:42 - [TEST_STEP][PASSED] - Statement - PreSaveFile = new java.io.File(((pathPrefix + java.lang.Integer.toString(counter)) + .png)): null

2018-12-07 00:02:42 - [TEST_STEP][PASSED] - Statement - counter = counter + 1: null

2018-12-07 00:02:42 - [TEST_STEP][PASSED] - Statement - PreSaveFile = new java.io.File(((pathPrefix + java.lang.Integer.toString(counter)) + .png)): null

2018-12-07 00:02:42 - [TEST_STEP][PASSED] - Statement - counter = counter + 1: null

2018-12-07 00:02:42 - [TEST_STEP][PASSED] - Statement - PreSaveFile = new java.io.File(((pathPrefix + java.lang.Integer.toString(counter)) + .png)): null

2018-12-07 00:02:42 - [TEST_STEP][PASSED] - Statement - counter = counter + 1: null

2018-12-07 00:02:42 - [TEST_STEP][PASSED] - Statement - PreSaveFile = new java.io.File(((pathPrefix + java.lang.Integer.toString(counter)) + .png)): null

2018-12-07 00:02:42 - [TEST_STEP][PASSED] - Statement - counter = counter + 1: null

2018-12-07 00:02:42 - [TEST_STEP][PASSED] - Statement - PreSaveFile = new java.io.File(((pathPrefix + java.lang.Integer.toString(counter)) + .png)): null

2018-12-07 00:02:42 - [TEST_STEP][PASSED] - Statement - counter = counter + 1: null

2018-12-07 00:02:42 - [TEST_STEP][PASSED] - Statement - PreSaveFile = new java.io.File(((pathPrefix + java.lang.Integer.toString(counter)) + .png)): null

2018-12-07 00:02:42 - [TEST_STEP][PASSED] - Statement - counter = counter + 1: null

2018-12-07 00:02:42 - [TEST_STEP][PASSED] - Statement - PreSaveFile = new java.io.File(((pathPrefix + java.lang.Integer.toString(counter)) + .png)): null

2018-12-07 00:02:42 - [TEST_STEP][PASSED] - Statement - counter = counter + 1: null

2018-12-07 00:02:42 - [TEST_STEP][PASSED] - Statement - PreSaveFile = new java.io.File(((pathPrefix + java.lang.Integer.toString(counter)) + .png)): null

2018-12-07 00:02:42 - [TEST_STEP][PASSED] - Statement - counter = counter + 1: null

2018-12-07 00:02:42 - [TEST_STEP][PASSED] - Statement - PreSaveFile = new java.io.File(((pathPrefix + java.lang.Integer.toString(counter)) + .png)): null

2018-12-07 00:02:42 - [TEST_STEP][PASSED] - Statement - counter = counter + 1: null

2018-12-07 00:02:42 - [TEST_STEP][PASSED] - Statement - PreSaveFile = new java.io.File(((pathPrefix + java.lang.Integer.toString(counter)) + .png)): null

2018-12-07 00:02:42 - [TEST_STEP][PASSED] - Statement - counter = counter + 1: null

2018-12-07 00:02:42 - [TEST_STEP][PASSED] - Statement - PreSaveFile = new java.io.File(((pathPrefix + java.lang.Integer.toString(counter)) + .png)): null

2018-12-07 00:02:42 - [TEST_STEP][PASSED] - Statement - counter = counter + 1: null

2018-12-07 00:02:42 - [TEST_STEP][PASSED] - Statement - PreSaveFile = new java.io.File(((pathPrefix + java.lang.Integer.toString(counter)) + .png)): null

2018-12-07 00:02:42 - [TEST_STEP][PASSED] - Statement - counter = counter + 1: null

2018-12-07 00:02:42 - [TEST_STEP][PASSED] - Statement - PreSaveFile = new java.io.File(((pathPrefix + java.lang.Integer.toString(counter)) + .png)): null

2018-12-07 00:02:42 - [TEST_STEP][PASSED] - Statement - counter = counter + 1: null

2018-12-07 00:02:42 - [TEST_STEP][PASSED] - Statement - PreSaveFile = new java.io.File(((pathPrefix + java.lang.Integer.toString(counter)) + .png)): null

2018-12-07 00:02:42 - [TEST_STEP][PASSED] - Statement - counter = counter + 1: null

2018-12-07 00:02:42 - [TEST_STEP][PASSED] - Statement - PreSaveFile = new java.io.File(((pathPrefix + java.lang.Integer.toString(counter)) + .png)): null

2018-12-07 00:02:42 - [TEST_STEP][PASSED] - Statement - counter = counter + 1: null

2018-12-07 00:02:42 - [TEST_STEP][PASSED] - Statement - PreSaveFile = new java.io.File(((pathPrefix + java.lang.Integer.toString(counter)) + .png)): null

2018-12-07 00:02:42 - [TEST_STEP][PASSED] - Statement - counter = counter + 1: null

2018-12-07 00:02:42 - [TEST_STEP][PASSED] - Statement - PreSaveFile = new java.io.File(((pathPrefix + java.lang.Integer.toString(counter)) + .png)): null

2018-12-07 00:02:42 - [TEST_STEP][PASSED] - Statement - counter = counter + 1: null

2018-12-07 00:02:42 - [TEST_STEP][PASSED] - Statement - PreSaveFile = new java.io.File(((pathPrefix + java.lang.Integer.toString(counter)) + .png)): null

2018-12-07 00:02:42 - [TEST_STEP][PASSED] - Statement - counter = counter + 1: null

2018-12-07 00:02:42 - [TEST_STEP][PASSED] - Statement - PreSaveFile = new java.io.File(((pathPrefix + java.lang.Integer.toString(counter)) + .png)): null

2018-12-07 00:02:42 - [TEST_STEP][PASSED] - Statement - counter = counter + 1: null

2018-12-07 00:02:42 - [TEST_STEP][PASSED] - Statement - PreSaveFile = new java.io.File(((pathPrefix + java.lang.Integer.toString(counter)) + .png)): null

2018-12-07 00:02:42 - [TEST_STEP][PASSED] - Statement - counter = counter + 1: null

2018-12-07 00:02:42 - [TEST_STEP][PASSED] - Statement - PreSaveFile = new java.io.File(((pathPrefix + java.lang.Integer.toString(counter)) + .png)): null

2018-12-07 00:02:42 - [TEST_STEP][PASSED] - Statement - counter = counter + 1: null

2018-12-07 00:02:42 - [TEST_STEP][PASSED] - Statement - PreSaveFile = new java.io.File(((pathPrefix + java.lang.Integer.toString(counter)) + .png)): null

2018-12-07 00:02:42 - [TEST_STEP][PASSED] - Statement - counter = counter + 1: null

2018-12-07 00:02:42 - [TEST_STEP][PASSED] - Statement - PreSaveFile = new java.io.File(((pathPrefix + java.lang.Integer.toString(counter)) + .png)): null

2018-12-07 00:02:42 - [TEST_STEP][PASSED] - Statement - counter = counter + 1: null

2018-12-07 00:02:42 - [TEST_STEP][PASSED] - Statement - PreSaveFile = new java.io.File(((pathPrefix + java.lang.Integer.toString(counter)) + .png)): null

2018-12-07 00:02:42 - [TEST_STEP][PASSED] - Statement - counter = counter + 1: null

2018-12-07 00:02:42 - [TEST_STEP][PASSED] - Statement - PreSaveFile = new java.io.File(((pathPrefix + java.lang.Integer.toString(counter)) + .png)): null

2018-12-07 00:02:42 - [TEST_STEP][PASSED] - Statement - counter = counter + 1: null

2018-12-07 00:02:42 - [TEST_STEP][PASSED] - Statement - PreSaveFile = new java.io.File(((pathPrefix + java.lang.Integer.toString(counter)) + .png)): null

2018-12-07 00:02:42 - [TEST_STEP][PASSED] - Statement - counter = counter + 1: null

2018-12-07 00:02:42 - [TEST_STEP][PASSED] - Statement - PreSaveFile = new java.io.File(((pathPrefix + java.lang.Integer.toString(counter)) + .png)): null

2018-12-07 00:02:42 - [TEST_STEP][PASSED] - Statement - counter = counter + 1: null

2018-12-07 00:02:42 - [TEST_STEP][PASSED] - Statement - PreSaveFile = new java.io.File(((pathPrefix + java.lang.Integer.toString(counter)) + .png)): null

2018-12-07 00:02:42 - [TEST_STEP][PASSED] - Statement - counter = counter + 1: null

2018-12-07 00:02:42 - [TEST_STEP][PASSED] - Statement - PreSaveFile = new java.io.File(((pathPrefix + java.lang.Integer.toString(counter)) + .png)): null

2018-12-07 00:02:42 - [TEST_STEP][PASSED] - Statement - counter = counter + 1: null

2018-12-07 00:02:42 - [TEST_STEP][PASSED] - Statement - PreSaveFile = new java.io.File(((pathPrefix + java.lang.Integer.toString(counter)) + .png)): null

2018-12-07 00:02:42 - [TEST_STEP][PASSED] - Statement - counter = counter + 1: null

2018-12-07 00:02:42 - [TEST_STEP][PASSED] - Statement - PreSaveFile = new java.io.File(((pathPrefix + java.lang.Integer.toString(counter)) + .png)): null

2018-12-07 00:02:42 - [TEST_STEP][PASSED] - Statement - counter = counter + 1: null

2018-12-07 00:02:42 - [TEST_STEP][PASSED] - Statement - PreSaveFile = new java.io.File(((pathPrefix + java.lang.Integer.toString(counter)) + .png)): null

2018-12-07 00:02:42 - [TEST_STEP][PASSED] - Statement - counter = counter + 1: null

2018-12-07 00:02:42 - [TEST_STEP][PASSED] - Statement - PreSaveFile = new java.io.File(((pathPrefix + java.lang.Integer.toString(counter)) + .png)): null

2018-12-07 00:02:42 - [TEST_STEP][PASSED] - Statement - counter = counter + 1: null

2018-12-07 00:02:42 - [TEST_STEP][PASSED] - Statement - PreSaveFile = new java.io.File(((pathPrefix + java.lang.Integer.toString(counter)) + .png)): null

2018-12-07 00:02:42 - [TEST_STEP][PASSED] - Statement - counter = counter + 1: null

2018-12-07 00:02:42 - [TEST_STEP][PASSED] - Statement - PreSaveFile = new java.io.File(((pathPrefix + java.lang.Integer.toString(counter)) + .png)): null

2018-12-07 00:02:42 - [TEST_STEP][PASSED] - Statement - counter = counter + 1: null

2018-12-07 00:02:42 - [TEST_STEP][PASSED] - Statement - PreSaveFile = new java.io.File(((pathPrefix + java.lang.Integer.toString(counter)) + .png)): null

2018-12-07 00:02:42 - [TEST_STEP][PASSED] - Statement - counter = counter + 1: null

2018-12-07 00:02:42 - [TEST_STEP][PASSED] - Statement - PreSaveFile = new java.io.File(((pathPrefix + java.lang.Integer.toString(counter)) + .png)): null

2018-12-07 00:02:42 - [TEST_STEP][PASSED] - Statement - counter = counter + 1: null

2018-12-07 00:02:42 - [TEST_STEP][PASSED] - Statement - PreSaveFile = new java.io.File(((pathPrefix + java.lang.Integer.toString(counter)) + .png)): null

2018-12-07 00:02:42 - [TEST_STEP][PASSED] - Statement - counter = counter + 1: null

2018-12-07 00:02:42 - [TEST_STEP][PASSED] - Statement - PreSaveFile = new java.io.File(((pathPrefix + java.lang.Integer.toString(counter)) + .png)): null

2018-12-07 00:02:42 - [TEST_STEP][PASSED] - Statement - counter = counter + 1: null

2018-12-07 00:02:42 - [TEST_STEP][PASSED] - Statement - PreSaveFile = new java.io.File(((pathPrefix + java.lang.Integer.toString(counter)) + .png)): null

2018-12-07 00:02:42 - [TEST_STEP][PASSED] - Statement - counter = counter + 1: null

2018-12-07 00:02:42 - [TEST_STEP][PASSED] - Statement - PreSaveFile = new java.io.File(((pathPrefix + java.lang.Integer.toString(counter)) + .png)): null

2018-12-07 00:02:42 - [TEST_STEP][PASSED] - Statement - counter = counter + 1: null

2018-12-07 00:02:42 - [TEST_STEP][PASSED] - Statement - PreSaveFile = new java.io.File(((pathPrefix + java.lang.Integer.toString(counter)) + .png)): null

2018-12-07 00:02:42 - [TEST_STEP][PASSED] - Statement - counter = counter + 1: null

2018-12-07 00:02:42 - [TEST_STEP][PASSED] - Statement - PreSaveFile = new java.io.File(((pathPrefix + java.lang.Integer.toString(counter)) + .png)): null

2018-12-07 00:02:42 - [TEST_STEP][PASSED] - Statement - counter = counter + 1: null

2018-12-07 00:02:42 - [TEST_STEP][PASSED] - Statement - PreSaveFile = new java.io.File(((pathPrefix + java.lang.Integer.toString(counter)) + .png)): null

2018-12-07 00:02:42 - [TEST_STEP][PASSED] - Statement - counter = counter + 1: null

2018-12-07 00:02:42 - [TEST_STEP][PASSED] - Statement - PreSaveFile = new java.io.File(((pathPrefix + java.lang.Integer.toString(counter)) + .png)): null

2018-12-07 00:02:42 - [TEST_STEP][PASSED] - Statement - counter = counter + 1: null

2018-12-07 00:02:42 - [TEST_STEP][PASSED] - Statement - PreSaveFile = new java.io.File(((pathPrefix + java.lang.Integer.toString(counter)) + .png)): null

2018-12-07 00:02:42 - [TEST_STEP][PASSED] - Statement - counter = counter + 1: null

2018-12-07 00:02:42 - [TEST_STEP][PASSED] - Statement - PreSaveFile = new java.io.File(((pathPrefix + java.lang.Integer.toString(counter)) + .png)): null

2018-12-07 00:02:42 - [TEST_STEP][PASSED] - Statement - counter = counter + 1: null

2018-12-07 00:02:42 - [TEST_STEP][PASSED] - Statement - PreSaveFile = new java.io.File(((pathPrefix + java.lang.Integer.toString(counter)) + .png)): null

2018-12-07 00:02:42 - [TEST_STEP][PASSED] - Statement - counter = counter + 1: null

2018-12-07 00:02:42 - [TEST_STEP][PASSED] - Statement - PreSaveFile = new java.io.File(((pathPrefix + java.lang.Integer.toString(counter)) + .png)): null

2018-12-07 00:02:42 - [TEST_STEP][PASSED] - Statement - counter = counter + 1: null

2018-12-07 00:02:42 - [TEST_STEP][PASSED] - Statement - PreSaveFile = new java.io.File(((pathPrefix + java.lang.Integer.toString(counter)) + .png)): null

2018-12-07 00:02:42 - [TEST_STEP][PASSED] - Statement - counter = counter + 1: null

2018-12-07 00:02:42 - [TEST_STEP][PASSED] - Statement - PreSaveFile = new java.io.File(((pathPrefix + java.lang.Integer.toString(counter)) + .png)): null

2018-12-07 00:02:42 - [TEST_STEP][PASSED] - Statement - finalPath = pathPrefix + java.lang.Integer.toString(counter) + ".png": null

2018-12-07 00:02:42 - [TEST_STEP][PASSED] - Statement - SaveFile = new java.io.File(finalPath): null

2018-12-07 00:02:42 - [TEST_STEP][PASSED] - Statement - Try: null

2018-12-07 00:02:42 - [TEST_STEP][PASSED] - Statement - org.apache.commons.io.FileUtils.copyFile(scrFile, SaveFile): null

2018-12-07 00:02:42 - [TEST_STEP][PASSED] - Statement - out.println("file kept"): null

2018-12-07 00:02:42 - [TEST_STEP][PASSED] - delay: Delayed 10 second(s)

2018-12-07 00:02:52 - [MESSAGE][PASSED] - Delayed 10 second(s)

2018-12-07 00:02:52 - [MESSAGE][PASSED] - Call Test Case 'Test Cases/Final Aug 2018 - PKS Automation/Common/Screenshoting tool' successfully]]></system-out>
         <system-err><![CDATA[2018-12-06 23:45:26 - [TEST_CASE][FAILED] - Test Cases/Final Aug 2018 - PKS Automation/Registration Module/Workflow/Update Add New Employee/Special Case (OTC - PKR BO -  RO Under Enforcement): Test Cases/Final Aug 2018 - PKS Automation/Registration Module/Workflow/Update Add New Employee/Special Case (OTC - PKR BO -  RO Under Enforcement) FAILED because (of) (Stack trace: com.kms.katalon.core.exception.StepFailedException: Unable to set text 'CAN12201800002270' of object 'Object Repository/Final Object Repo/New Registration - Registration Module Pages/New Reg - OTC to RO/Special Case - All Related Objects/TextBox RefNo in Workbasket' (Root cause: org.openqa.selenium.ElementNotVisibleException: element not interactable
  (Session info: chrome=70.0.3538.110)
  (Driver info: chromedriver=2.43.600210 (68dcf5eebde37173d4027fa8635e332711d2874a),platform=Windows NT 6.1.7601 SP1 x86_64) (WARNING: The server did not provide any stacktrace information)
Command duration or timeout: 0 milliseconds
Build info: version: '3.7.1', revision: '8a0099a', time: '2017-11-06T21:07:36.161Z'
System info: host: 'WIN7TEST02', ip: '10.20.3.72', os.name: 'Windows 7', os.arch: 'amd64', os.version: '6.1', java.version: '1.8.0_181'
Driver info: com.kms.katalon.selenium.driver.CChromeDriver
Capabilities {acceptInsecureCerts: false, acceptSslCerts: false, applicationCacheEnabled: false, browserConnectionEnabled: false, browserName: chrome, chrome: {chromedriverVersion: 2.43.600210 (68dcf5eebde371..., userDataDir: C:\Users\Admin\AppData\Loca...}, cssSelectorsEnabled: true, databaseEnabled: false, goog:chromeOptions: {debuggerAddress: localhost:62603}, handlesAlerts: true, hasTouchScreen: false, javascriptEnabled: true, locationContextEnabled: true, mobileEmulationEnabled: false, nativeEvents: true, networkConnectionEnabled: false, pageLoadStrategy: normal, platform: XP, platformName: XP, rotatable: false, setWindowRect: true, takesHeapSnapshot: true, takesScreenshot: true, unexpectedAlertBehaviour: , unhandledPromptBehavior: , version: 70.0.3538.110, webStorageEnabled: true}
Session ID: 39cb1e7a2f33115b94b8f91bc09733d2)
	at com.kms.katalon.core.keyword.internal.KeywordMain.stepFailed(KeywordMain.groovy:32)
	at com.kms.katalon.core.webui.keyword.internal.WebUIKeywordMain.stepFailed(WebUIKeywordMain.groovy:65)
	at com.kms.katalon.core.webui.keyword.internal.WebUIKeywordMain.runKeyword(WebUIKeywordMain.groovy:27)
	at com.kms.katalon.core.webui.keyword.builtin.SetTextKeyword.setText(SetTextKeyword.groovy:65)
	at com.kms.katalon.core.webui.keyword.builtin.SetTextKeyword.execute(SetTextKeyword.groovy:37)
	at com.kms.katalon.core.keyword.internal.KeywordExecutor.executeKeywordForPlatform(KeywordExecutor.groovy:53)
	at com.kms.katalon.core.webui.keyword.WebUiBuiltInKeywords.setText(WebUiBuiltInKeywords.groovy:950)
	at com.kms.katalon.core.webui.keyword.WebUiBuiltInKeywords$setText$1.call(Unknown Source)
	at org.codehaus.groovy.runtime.callsite.CallSiteArray.defaultCall(CallSiteArray.java:48)
	at org.codehaus.groovy.runtime.callsite.AbstractCallSite.call(AbstractCallSite.java:113)
	at org.codehaus.groovy.runtime.callsite.AbstractCallSite.call(AbstractCallSite.java:133)
	at Script1536307034674.run(Script1536307034674.groovy:169)
	at com.kms.katalon.core.main.ScriptEngine.run(ScriptEngine.java:183)
	at com.kms.katalon.core.main.ScriptEngine.runScriptAsRawText(ScriptEngine.java:108)
	at com.kms.katalon.core.main.TestCaseExecutor.runScript(TestCaseExecutor.java:294)
	at com.kms.katalon.core.main.TestCaseExecutor.doExecute(TestCaseExecutor.java:285)
	at com.kms.katalon.core.main.TestCaseExecutor.processExecutionPhase(TestCaseExecutor.java:264)
	at com.kms.katalon.core.main.TestCaseExecutor.accessMainPhase(TestCaseExecutor.java:256)
	at com.kms.katalon.core.main.TestCaseExecutor.execute(TestCaseExecutor.java:200)
	at com.kms.katalon.core.main.TestSuiteExecutor.accessTestCaseMainPhase(TestSuiteExecutor.java:129)
	at com.kms.katalon.core.main.TestSuiteExecutor.accessTestSuiteMainPhase(TestSuiteExecutor.java:112)
	at com.kms.katalon.core.main.TestSuiteExecutor.execute(TestSuiteExecutor.java:81)
	at com.kms.katalon.core.main.TestCaseMain.startTestSuite(TestCaseMain.java:142)
	at com.kms.katalon.core.main.TestCaseMain$startTestSuite$0.call(Unknown Source)
	at org.codehaus.groovy.runtime.callsite.CallSiteArray.defaultCall(CallSiteArray.java:48)
	at org.codehaus.groovy.runtime.callsite.AbstractCallSite.call(AbstractCallSite.java:113)
	at org.codehaus.groovy.runtime.callsite.AbstractCallSite.call(AbstractCallSite.java:141)
	at TempTestSuite1544087655094.run(TempTestSuite1544087655094.groovy:36)
	at groovy.lang.GroovyShell.runScriptOrMainOrTestOrRunnable(GroovyShell.java:263)
	at groovy.lang.GroovyShell.run(GroovyShell.java:518)
	at groovy.lang.GroovyShell.run(GroovyShell.java:507)
	at groovy.ui.GroovyMain.processOnce(GroovyMain.java:653)
	at groovy.ui.GroovyMain.run(GroovyMain.java:384)
	at groovy.ui.GroovyMain.process(GroovyMain.java:370)
	at groovy.ui.GroovyMain.processArgs(GroovyMain.java:129)
	at groovy.ui.GroovyMain.main(GroovyMain.java:109)
	at sun.reflect.NativeMethodAccessorImpl.invoke0(Native Method)
	at sun.reflect.NativeMethodAccessorImpl.invoke(NativeMethodAccessorImpl.java:62)
	at sun.reflect.DelegatingMethodAccessorImpl.invoke(DelegatingMethodAccessorImpl.java:43)
	at java.lang.reflect.Method.invoke(Method.java:498)
	at org.codehaus.groovy.tools.GroovyStarter.rootLoader(GroovyStarter.java:109)
	at org.codehaus.groovy.tools.GroovyStarter.main(GroovyStarter.java:131)
)]]></system-err>
      </testcase>
      <testcase name="Test Cases/Final Aug 2018 - PKS Automation/Registration Module/Workflow/Update Add New Employee/Special Case (OTC - PKR BO - RO Query - PKR BO Upload Pending Case - RO Approve)" classname="Test Cases/Final Aug 2018 - PKS Automation/Registration Module/Workflow/Update Add New Employee/Special Case (OTC - PKR BO - RO Query - PKR BO Upload Pending Case - RO Approve)" status="FAILED">
         <failure type="FAILED" message="(Stack trace: com.kms.katalon.core.exception.StepFailedException: Unable to set text 'CAN12201800002271' of object 'Object Repository/Final Object Repo/New Registration - Registration Module Pages/New Reg - OTC to RO/Special Case - All Related Objects/TextBox RefNo in Workbasket' (Root cause: org.openqa.selenium.ElementNotVisibleException: element not interactable
  (Session info: chrome=70.0.3538.110)
  (Driver info: chromedriver=2.43.600210 (68dcf5eebde37173d4027fa8635e332711d2874a),platform=Windows NT 6.1.7601 SP1 x86_64) (WARNING: The server did not provide any stacktrace information)
Command duration or timeout: 0 milliseconds
Build info: version: '3.7.1', revision: '8a0099a', time: '2017-11-06T21:07:36.161Z'
System info: host: 'WIN7TEST02', ip: '10.20.3.72', os.name: 'Windows 7', os.arch: 'amd64', os.version: '6.1', java.version: '1.8.0_181'
Driver info: com.kms.katalon.selenium.driver.CChromeDriver
Capabilities {acceptInsecureCerts: false, acceptSslCerts: false, applicationCacheEnabled: false, browserConnectionEnabled: false, browserName: chrome, chrome: {chromedriverVersion: 2.43.600210 (68dcf5eebde371..., userDataDir: C:\Users\Admin\AppData\Loca...}, cssSelectorsEnabled: true, databaseEnabled: false, goog:chromeOptions: {debuggerAddress: localhost:62827}, handlesAlerts: true, hasTouchScreen: false, javascriptEnabled: true, locationContextEnabled: true, mobileEmulationEnabled: false, nativeEvents: true, networkConnectionEnabled: false, pageLoadStrategy: normal, platform: XP, platformName: XP, rotatable: false, setWindowRect: true, takesHeapSnapshot: true, takesScreenshot: true, unexpectedAlertBehaviour: , unhandledPromptBehavior: , version: 70.0.3538.110, webStorageEnabled: true}
Session ID: 2c4864234c45282cb99241d2497ddbe9)
	at com.kms.katalon.core.keyword.internal.KeywordMain.stepFailed(KeywordMain.groovy:32)
	at com.kms.katalon.core.webui.keyword.internal.WebUIKeywordMain.stepFailed(WebUIKeywordMain.groovy:65)
	at com.kms.katalon.core.webui.keyword.internal.WebUIKeywordMain.runKeyword(WebUIKeywordMain.groovy:27)
	at com.kms.katalon.core.webui.keyword.builtin.SetTextKeyword.setText(SetTextKeyword.groovy:65)
	at com.kms.katalon.core.webui.keyword.builtin.SetTextKeyword.execute(SetTextKeyword.groovy:37)
	at com.kms.katalon.core.keyword.internal.KeywordExecutor.executeKeywordForPlatform(KeywordExecutor.groovy:53)
	at com.kms.katalon.core.webui.keyword.WebUiBuiltInKeywords.setText(WebUiBuiltInKeywords.groovy:950)
	at com.kms.katalon.core.webui.keyword.WebUiBuiltInKeywords$setText$1.call(Unknown Source)
	at org.codehaus.groovy.runtime.callsite.CallSiteArray.defaultCall(CallSiteArray.java:48)
	at org.codehaus.groovy.runtime.callsite.AbstractCallSite.call(AbstractCallSite.java:113)
	at org.codehaus.groovy.runtime.callsite.AbstractCallSite.call(AbstractCallSite.java:133)
	at Script1536223156094.run(Script1536223156094.groovy:169)
	at com.kms.katalon.core.main.ScriptEngine.run(ScriptEngine.java:183)
	at com.kms.katalon.core.main.ScriptEngine.runScriptAsRawText(ScriptEngine.java:108)
	at com.kms.katalon.core.main.TestCaseExecutor.runScript(TestCaseExecutor.java:294)
	at com.kms.katalon.core.main.TestCaseExecutor.doExecute(TestCaseExecutor.java:285)
	at com.kms.katalon.core.main.TestCaseExecutor.processExecutionPhase(TestCaseExecutor.java:264)
	at com.kms.katalon.core.main.TestCaseExecutor.accessMainPhase(TestCaseExecutor.java:256)
	at com.kms.katalon.core.main.TestCaseExecutor.execute(TestCaseExecutor.java:200)
	at com.kms.katalon.core.main.TestSuiteExecutor.accessTestCaseMainPhase(TestSuiteExecutor.java:129)
	at com.kms.katalon.core.main.TestSuiteExecutor.accessTestSuiteMainPhase(TestSuiteExecutor.java:112)
	at com.kms.katalon.core.main.TestSuiteExecutor.execute(TestSuiteExecutor.java:81)
	at com.kms.katalon.core.main.TestCaseMain.startTestSuite(TestCaseMain.java:142)
	at com.kms.katalon.core.main.TestCaseMain$startTestSuite$0.call(Unknown Source)
	at org.codehaus.groovy.runtime.callsite.CallSiteArray.defaultCall(CallSiteArray.java:48)
	at org.codehaus.groovy.runtime.callsite.AbstractCallSite.call(AbstractCallSite.java:113)
	at org.codehaus.groovy.runtime.callsite.AbstractCallSite.call(AbstractCallSite.java:141)
	at TempTestSuite1544087655094.run(TempTestSuite1544087655094.groovy:36)
	at groovy.lang.GroovyShell.runScriptOrMainOrTestOrRunnable(GroovyShell.java:263)
	at groovy.lang.GroovyShell.run(GroovyShell.java:518)
	at groovy.lang.GroovyShell.run(GroovyShell.java:507)
	at groovy.ui.GroovyMain.processOnce(GroovyMain.java:653)
	at groovy.ui.GroovyMain.run(GroovyMain.java:384)
	at groovy.ui.GroovyMain.process(GroovyMain.java:370)
	at groovy.ui.GroovyMain.processArgs(GroovyMain.java:129)
	at groovy.ui.GroovyMain.main(GroovyMain.java:109)
	at sun.reflect.NativeMethodAccessorImpl.invoke0(Native Method)
	at sun.reflect.NativeMethodAccessorImpl.invoke(NativeMethodAccessorImpl.java:62)
	at sun.reflect.DelegatingMethodAccessorImpl.invoke(DelegatingMethodAccessorImpl.java:43)
	at java.lang.reflect.Method.invoke(Method.java:498)
	at org.codehaus.groovy.tools.GroovyStarter.rootLoader(GroovyStarter.java:109)
	at org.codehaus.groovy.tools.GroovyStarter.main(GroovyStarter.java:131)
)"/>
         <system-out><![CDATA[2018-12-07 00:02:52 - [TEST_CASE][FAILED] - Test Cases/Final Aug 2018 - PKS Automation/Registration Module/Workflow/Update Add New Employee/Special Case (OTC - PKR BO - RO Query - PKR BO Upload Pending Case - RO Approve): Test Cases/Final Aug 2018 - PKS Automation/Registration Module/Workflow/Update Add New Employee/Special Case (OTC - PKR BO - RO Query - PKR BO Upload Pending Case - RO Approve) FAILED because (of) (Stack trace: com.kms.katalon.core.exception.StepFailedException: Unable to set text 'CAN12201800002271' of object 'Object Repository/Final Object Repo/New Registration - Registration Module Pages/New Reg - OTC to RO/Special Case - All Related Objects/TextBox RefNo in Workbasket' (Root cause: org.openqa.selenium.ElementNotVisibleException: element not interactable
  (Session info: chrome=70.0.3538.110)
  (Driver info: chromedriver=2.43.600210 (68dcf5eebde37173d4027fa8635e332711d2874a),platform=Windows NT 6.1.7601 SP1 x86_64) (WARNING: The server did not provide any stacktrace information)
Command duration or timeout: 0 milliseconds
Build info: version: '3.7.1', revision: '8a0099a', time: '2017-11-06T21:07:36.161Z'
System info: host: 'WIN7TEST02', ip: '10.20.3.72', os.name: 'Windows 7', os.arch: 'amd64', os.version: '6.1', java.version: '1.8.0_181'
Driver info: com.kms.katalon.selenium.driver.CChromeDriver
Capabilities {acceptInsecureCerts: false, acceptSslCerts: false, applicationCacheEnabled: false, browserConnectionEnabled: false, browserName: chrome, chrome: {chromedriverVersion: 2.43.600210 (68dcf5eebde371..., userDataDir: C:\Users\Admin\AppData\Loca...}, cssSelectorsEnabled: true, databaseEnabled: false, goog:chromeOptions: {debuggerAddress: localhost:62827}, handlesAlerts: true, hasTouchScreen: false, javascriptEnabled: true, locationContextEnabled: true, mobileEmulationEnabled: false, nativeEvents: true, networkConnectionEnabled: false, pageLoadStrategy: normal, platform: XP, platformName: XP, rotatable: false, setWindowRect: true, takesHeapSnapshot: true, takesScreenshot: true, unexpectedAlertBehaviour: , unhandledPromptBehavior: , version: 70.0.3538.110, webStorageEnabled: true}
Session ID: 2c4864234c45282cb99241d2497ddbe9)
	at com.kms.katalon.core.keyword.internal.KeywordMain.stepFailed(KeywordMain.groovy:32)
	at com.kms.katalon.core.webui.keyword.internal.WebUIKeywordMain.stepFailed(WebUIKeywordMain.groovy:65)
	at com.kms.katalon.core.webui.keyword.internal.WebUIKeywordMain.runKeyword(WebUIKeywordMain.groovy:27)
	at com.kms.katalon.core.webui.keyword.builtin.SetTextKeyword.setText(SetTextKeyword.groovy:65)
	at com.kms.katalon.core.webui.keyword.builtin.SetTextKeyword.execute(SetTextKeyword.groovy:37)
	at com.kms.katalon.core.keyword.internal.KeywordExecutor.executeKeywordForPlatform(KeywordExecutor.groovy:53)
	at com.kms.katalon.core.webui.keyword.WebUiBuiltInKeywords.setText(WebUiBuiltInKeywords.groovy:950)
	at com.kms.katalon.core.webui.keyword.WebUiBuiltInKeywords$setText$1.call(Unknown Source)
	at org.codehaus.groovy.runtime.callsite.CallSiteArray.defaultCall(CallSiteArray.java:48)
	at org.codehaus.groovy.runtime.callsite.AbstractCallSite.call(AbstractCallSite.java:113)
	at org.codehaus.groovy.runtime.callsite.AbstractCallSite.call(AbstractCallSite.java:133)
	at Script1536223156094.run(Script1536223156094.groovy:169)
	at com.kms.katalon.core.main.ScriptEngine.run(ScriptEngine.java:183)
	at com.kms.katalon.core.main.ScriptEngine.runScriptAsRawText(ScriptEngine.java:108)
	at com.kms.katalon.core.main.TestCaseExecutor.runScript(TestCaseExecutor.java:294)
	at com.kms.katalon.core.main.TestCaseExecutor.doExecute(TestCaseExecutor.java:285)
	at com.kms.katalon.core.main.TestCaseExecutor.processExecutionPhase(TestCaseExecutor.java:264)
	at com.kms.katalon.core.main.TestCaseExecutor.accessMainPhase(TestCaseExecutor.java:256)
	at com.kms.katalon.core.main.TestCaseExecutor.execute(TestCaseExecutor.java:200)
	at com.kms.katalon.core.main.TestSuiteExecutor.accessTestCaseMainPhase(TestSuiteExecutor.java:129)
	at com.kms.katalon.core.main.TestSuiteExecutor.accessTestSuiteMainPhase(TestSuiteExecutor.java:112)
	at com.kms.katalon.core.main.TestSuiteExecutor.execute(TestSuiteExecutor.java:81)
	at com.kms.katalon.core.main.TestCaseMain.startTestSuite(TestCaseMain.java:142)
	at com.kms.katalon.core.main.TestCaseMain$startTestSuite$0.call(Unknown Source)
	at org.codehaus.groovy.runtime.callsite.CallSiteArray.defaultCall(CallSiteArray.java:48)
	at org.codehaus.groovy.runtime.callsite.AbstractCallSite.call(AbstractCallSite.java:113)
	at org.codehaus.groovy.runtime.callsite.AbstractCallSite.call(AbstractCallSite.java:141)
	at TempTestSuite1544087655094.run(TempTestSuite1544087655094.groovy:36)
	at groovy.lang.GroovyShell.runScriptOrMainOrTestOrRunnable(GroovyShell.java:263)
	at groovy.lang.GroovyShell.run(GroovyShell.java:518)
	at groovy.lang.GroovyShell.run(GroovyShell.java:507)
	at groovy.ui.GroovyMain.processOnce(GroovyMain.java:653)
	at groovy.ui.GroovyMain.run(GroovyMain.java:384)
	at groovy.ui.GroovyMain.process(GroovyMain.java:370)
	at groovy.ui.GroovyMain.processArgs(GroovyMain.java:129)
	at groovy.ui.GroovyMain.main(GroovyMain.java:109)
	at sun.reflect.NativeMethodAccessorImpl.invoke0(Native Method)
	at sun.reflect.NativeMethodAccessorImpl.invoke(NativeMethodAccessorImpl.java:62)
	at sun.reflect.DelegatingMethodAccessorImpl.invoke(DelegatingMethodAccessorImpl.java:43)
	at java.lang.reflect.Method.invoke(Method.java:498)
	at org.codehaus.groovy.tools.GroovyStarter.rootLoader(GroovyStarter.java:109)
	at org.codehaus.groovy.tools.GroovyStarter.main(GroovyStarter.java:131)
)

2018-12-07 00:02:52 - [TEST_STEP][PASSED] - callTestCase: Call Test Case 'Test Cases/Final Aug 2018 - PKS Automation/Registration Module/Workflow/Update Add New Employee/Template/New Company for Update Add New' successfully

2018-12-07 00:02:52 - [TEST_CASE][PASSED] - Test Cases/Final Aug 2018 - PKS Automation/Registration Module/Workflow/Update Add New Employee/Template/New Company for Update Add New: Test Cases/Final Aug 2018 - PKS Automation/Registration Module/Workflow/Update Add New Employee/Template/New Company for Update Add New

2018-12-07 00:02:52 - [TEST_STEP][PASSED] - callTestCase: Call Test Case 'Test Cases/Final Aug 2018 - PKS Automation/Registration Module/New Registration/Form 1/Form 1 - Corporation - BHD' successfully

2018-12-07 00:02:52 - [TEST_CASE][PASSED] - Test Cases/Final Aug 2018 - PKS Automation/Registration Module/New Registration/Form 1/Form 1 - Corporation - BHD: Test Cases/Final Aug 2018 - PKS Automation/Registration Module/New Registration/Form 1/Form 1 - Corporation - BHD

2018-12-07 00:02:52 - [TEST_STEP][PASSED] - openBrowser: Browser is opened with url: ''

2018-12-07 00:02:52 - [MESSAGE][WARNING] - A browser is already opened. Closing browser and opening a new one

2018-12-07 00:02:56 - [MESSAGE][PASSED] - Browser is opened with url: ''

2018-12-07 00:02:56 - [TEST_STEP][PASSED] - navigateToUrl: Navigate to 'https://assist2-uat.perkeso.gov.my/login' successfully

2018-12-07 00:02:57 - [MESSAGE][PASSED] - Navigate to 'https://assist2-uat.perkeso.gov.my/login' successfully

2018-12-07 00:02:57 - [TEST_STEP][PASSED] - setText: Text 'johorotc1@gmail.com' is set on object 'Object Repository/Final Object Repo/Login Page/Internal User/Email Address'

2018-12-07 00:02:58 - [MESSAGE][PASSED] - Text 'johorotc1@gmail.com' is set on object 'Object Repository/Final Object Repo/Login Page/Internal User/Email Address'

2018-12-07 00:02:58 - [TEST_STEP][PASSED] - click: Object: 'Object Repository/Final Object Repo/Login Page/Internal User/Next Button' is clicked on

2018-12-07 00:02:58 - [MESSAGE][PASSED] - Object: 'Object Repository/Final Object Repo/Login Page/Internal User/Next Button' is clicked on

2018-12-07 00:02:58 - [TEST_STEP][PASSED] - delay: Delayed 1 second(s)

2018-12-07 00:02:59 - [MESSAGE][PASSED] - Delayed 1 second(s)

2018-12-07 00:02:59 - [TEST_STEP][PASSED] - setEncryptedText: Text ****** has been set on object 'Object Repository/Final Object Repo/Login Page/Internal User/Password'

2018-12-07 00:02:59 - [MESSAGE][PASSED] - Text ****** has been set on object 'Object Repository/Final Object Repo/Login Page/Internal User/Password'

2018-12-07 00:02:59 - [TEST_STEP][PASSED] - click: Object: 'Object Repository/Final Object Repo/Login Page/Internal User/Login Button' is clicked on

2018-12-07 00:02:59 - [MESSAGE][PASSED] - Object: 'Object Repository/Final Object Repo/Login Page/Internal User/Login Button' is clicked on

2018-12-07 00:02:59 - [TEST_STEP][PASSED] - delay: Delayed 1 second(s)

2018-12-07 00:03:00 - [MESSAGE][PASSED] - Delayed 1 second(s)

2018-12-07 00:03:00 - [TEST_STEP][PASSED] - Statement - Try: Delayed 2 second(s)

2018-12-07 00:03:00 - [TEST_STEP][PASSED] - Statement - Checker = false: null

2018-12-07 00:03:00 - [TEST_STEP][PASSED] - Statement - Checker = com.kms.katalon.core.webui.keyword.WebUiBuiltInKeywords.verifyElementHasAttribute(com.kms.katalon.core.testobject.ObjectRepository.findTestObject(Final Object Repo/Landing Page/BM Detecting), "href", 20, OPTIONAL): Object 'Object Repository/Final Object Repo/Landing Page/BM Detecting' has attribute 'href'

2018-12-07 00:03:01 - [MESSAGE][PASSED] - Object 'Object Repository/Final Object Repo/Landing Page/BM Detecting' has attribute 'href'

2018-12-07 00:03:01 - [TEST_STEP][PASSED] - Statement - out.println(Checker): null

2018-12-07 00:03:01 - [TEST_STEP][PASSED] - Statement - If (Checker == false): null

2018-12-07 00:03:01 - [TEST_STEP][PASSED] - Statement - Else: null

2018-12-07 00:03:01 - [TEST_STEP][PASSED] - delay: Delayed 2 second(s)

2018-12-07 00:03:03 - [MESSAGE][PASSED] - Delayed 2 second(s)

2018-12-07 00:03:03 - [TEST_STEP][PASSED] - navigateToUrl: Navigate to 'https://assist2-uat.perkeso.gov.my/web/registration/registration' successfully

2018-12-07 00:03:05 - [MESSAGE][PASSED] - Navigate to 'https://assist2-uat.perkeso.gov.my/web/registration/registration' successfully

2018-12-07 00:03:05 - [TEST_STEP][PASSED] - click: Object: 'Object Repository/Final Object Repo/New Registration - Registration Module Pages/Form 1/AEC - No' is clicked on

2018-12-07 00:03:05 - [MESSAGE][PASSED] - Object: 'Object Repository/Final Object Repo/New Registration - Registration Module Pages/Form 1/AEC - No' is clicked on

2018-12-07 00:03:05 - [TEST_STEP][PASSED] - click: Object: 'Object Repository/Final Object Repo/New Registration - Registration Module Pages/Form 1/Business Entity' is clicked on

2018-12-07 00:03:05 - [MESSAGE][PASSED] - Object: 'Object Repository/Final Object Repo/New Registration - Registration Module Pages/Form 1/Business Entity' is clicked on

2018-12-07 00:03:05 - [TEST_STEP][PASSED] - click: Object: 'Object Repository/Final Object Repo/New Registration - Registration Module Pages/Form 1/Businees Entity - Corporation' is clicked on

2018-12-07 00:03:05 - [MESSAGE][PASSED] - Object: 'Object Repository/Final Object Repo/New Registration - Registration Module Pages/Form 1/Businees Entity - Corporation' is clicked on

2018-12-07 00:03:05 - [TEST_STEP][PASSED] - delay: Delayed 1 second(s)

2018-12-07 00:03:06 - [MESSAGE][PASSED] - Delayed 1 second(s)

2018-12-07 00:03:06 - [TEST_STEP][PASSED] - click: Object: 'Object Repository/Final Object Repo/New Registration - Registration Module Pages/Form 1/Sub Business Entity' is clicked on

2018-12-07 00:03:07 - [MESSAGE][PASSED] - Object: 'Object Repository/Final Object Repo/New Registration - Registration Module Pages/Form 1/Sub Business Entity' is clicked on

2018-12-07 00:03:07 - [TEST_STEP][PASSED] - click: Object: 'Object Repository/Final Object Repo/New Registration - Registration Module Pages/Form 1/Sub Business Entity - Berhad' is clicked on

2018-12-07 00:03:07 - [MESSAGE][PASSED] - Object: 'Object Repository/Final Object Repo/New Registration - Registration Module Pages/Form 1/Sub Business Entity - Berhad' is clicked on

2018-12-07 00:03:07 - [TEST_STEP][PASSED] - delay: Delayed 1 second(s)

2018-12-07 00:03:08 - [MESSAGE][PASSED] - Delayed 1 second(s)

2018-12-07 00:03:08 - [TEST_STEP][PASSED] - setText: Text '123' is set on object 'Object Repository/Final Object Repo/New Registration - Registration Module Pages/Form 1/Registration Number'

2018-12-07 00:03:08 - [MESSAGE][PASSED] - Text '123' is set on object 'Object Repository/Final Object Repo/New Registration - Registration Module Pages/Form 1/Registration Number'

2018-12-07 00:03:08 - [TEST_STEP][PASSED] - click: Object: 'Object Repository/Final Object Repo/New Registration - Registration Module Pages/Form 1/Registred with SSM - Before Feb' is clicked on

2018-12-07 00:03:08 - [MESSAGE][PASSED] - Object: 'Object Repository/Final Object Repo/New Registration - Registration Module Pages/Form 1/Registred with SSM - Before Feb' is clicked on

2018-12-07 00:03:08 - [TEST_STEP][PASSED] - click: Object: 'Object Repository/Final Object Repo/New Registration - Registration Module Pages/Form 1/Registered As a Branch - Yes' is clicked on

2018-12-07 00:03:08 - [MESSAGE][PASSED] - Object: 'Object Repository/Final Object Repo/New Registration - Registration Module Pages/Form 1/Registered As a Branch - Yes' is clicked on

2018-12-07 00:03:08 - [TEST_STEP][PASSED] - click: Object: 'Object Repository/Final Object Repo/New Registration - Registration Module Pages/Form 1/Acknowledgement' is clicked on

2018-12-07 00:03:09 - [MESSAGE][PASSED] - Object: 'Object Repository/Final Object Repo/New Registration - Registration Module Pages/Form 1/Acknowledgement' is clicked on

2018-12-07 00:03:09 - [TEST_STEP][PASSED] - setText: Text 'perkeso' is set on object 'Object Repository/Final Object Repo/New Registration - Registration Module Pages/Form 1/Industry name'

2018-12-07 00:03:09 - [MESSAGE][PASSED] - Text 'perkeso' is set on object 'Object Repository/Final Object Repo/New Registration - Registration Module Pages/Form 1/Industry name'

2018-12-07 00:03:09 - [TEST_STEP][PASSED] - setText: Text 'perkeso1' is set on object 'Object Repository/Final Object Repo/New Registration - Registration Module Pages/Form 1/Postal Address1'

2018-12-07 00:03:09 - [MESSAGE][PASSED] - Text 'perkeso1' is set on object 'Object Repository/Final Object Repo/New Registration - Registration Module Pages/Form 1/Postal Address1'

2018-12-07 00:03:09 - [TEST_STEP][PASSED] - setText: Text 'perkeso2' is set on object 'Object Repository/Final Object Repo/New Registration - Registration Module Pages/Form 1/Postal Address2'

2018-12-07 00:03:10 - [MESSAGE][PASSED] - Text 'perkeso2' is set on object 'Object Repository/Final Object Repo/New Registration - Registration Module Pages/Form 1/Postal Address2'

2018-12-07 00:03:10 - [TEST_STEP][PASSED] - setText: Text 'perkeso3' is set on object 'Object Repository/Final Object Repo/New Registration - Registration Module Pages/Form 1/Postal Address3'

2018-12-07 00:03:10 - [MESSAGE][PASSED] - Text 'perkeso3' is set on object 'Object Repository/Final Object Repo/New Registration - Registration Module Pages/Form 1/Postal Address3'

2018-12-07 00:03:10 - [TEST_STEP][PASSED] - click: Object: 'Object Repository/Final Object Repo/New Registration - Registration Module Pages/Form 1/State' is clicked on

2018-12-07 00:03:10 - [MESSAGE][PASSED] - Object: 'Object Repository/Final Object Repo/New Registration - Registration Module Pages/Form 1/State' is clicked on

2018-12-07 00:03:10 - [TEST_STEP][PASSED] - click: Object: 'Object Repository/Final Object Repo/New Registration - Registration Module Pages/Form 1/State - Johor' is clicked on

2018-12-07 00:03:10 - [MESSAGE][PASSED] - Object: 'Object Repository/Final Object Repo/New Registration - Registration Module Pages/Form 1/State - Johor' is clicked on

2018-12-07 00:03:10 - [TEST_STEP][PASSED] - delay: Delayed 1 second(s)

2018-12-07 00:03:11 - [MESSAGE][PASSED] - Delayed 1 second(s)

2018-12-07 00:03:11 - [TEST_STEP][PASSED] - click: Object: 'Object Repository/Final Object Repo/New Registration - Registration Module Pages/Form 1/City' is clicked on

2018-12-07 00:03:12 - [MESSAGE][PASSED] - Object: 'Object Repository/Final Object Repo/New Registration - Registration Module Pages/Form 1/City' is clicked on

2018-12-07 00:03:12 - [TEST_STEP][PASSED] - setText: Text 'joh' is set on object 'Object Repository/Final Object Repo/New Registration - Registration Module Pages/Form 1/Postcode - 810'

2018-12-07 00:03:12 - [MESSAGE][PASSED] - Text 'joh' is set on object 'Object Repository/Final Object Repo/New Registration - Registration Module Pages/Form 1/Postcode - 810'

2018-12-07 00:03:12 - [TEST_STEP][PASSED] - delay: Delayed 1 second(s)

2018-12-07 00:03:13 - [MESSAGE][PASSED] - Delayed 1 second(s)

2018-12-07 00:03:13 - [TEST_STEP][PASSED] - click: Object: 'Object Repository/Final Object Repo/New Registration - Registration Module Pages/Form 1/City - Johor Bharu' is clicked on

2018-12-07 00:03:13 - [MESSAGE][PASSED] - Object: 'Object Repository/Final Object Repo/New Registration - Registration Module Pages/Form 1/City - Johor Bharu' is clicked on

2018-12-07 00:03:13 - [TEST_STEP][PASSED] - delay: Delayed 1 second(s)

2018-12-07 00:03:14 - [MESSAGE][PASSED] - Delayed 1 second(s)

2018-12-07 00:03:14 - [TEST_STEP][PASSED] - click: Object: 'Object Repository/Final Object Repo/New Registration - Registration Module Pages/Form 1/Postcode' is clicked on

2018-12-07 00:03:14 - [MESSAGE][PASSED] - Object: 'Object Repository/Final Object Repo/New Registration - Registration Module Pages/Form 1/Postcode' is clicked on

2018-12-07 00:03:14 - [TEST_STEP][PASSED] - delay: Delayed 1 second(s)

2018-12-07 00:03:15 - [MESSAGE][PASSED] - Delayed 1 second(s)

2018-12-07 00:03:15 - [TEST_STEP][PASSED] - setText: Text '810' is set on object 'Object Repository/Final Object Repo/New Registration - Registration Module Pages/Form 1/Postcode - 810'

2018-12-07 00:03:15 - [MESSAGE][PASSED] - Text '810' is set on object 'Object Repository/Final Object Repo/New Registration - Registration Module Pages/Form 1/Postcode - 810'

2018-12-07 00:03:15 - [TEST_STEP][PASSED] - delay: Delayed 3 second(s)

2018-12-07 00:03:18 - [MESSAGE][PASSED] - Delayed 3 second(s)

2018-12-07 00:03:18 - [TEST_STEP][PASSED] - click: Object: 'Object Repository/Final Object Repo/New Registration - Registration Module Pages/Form 1/Postcode - 81000' is clicked on

2018-12-07 00:03:19 - [MESSAGE][PASSED] - Object: 'Object Repository/Final Object Repo/New Registration - Registration Module Pages/Form 1/Postcode - 81000' is clicked on

2018-12-07 00:03:19 - [TEST_STEP][PASSED] - delay: Delayed 1 second(s)

2018-12-07 00:03:20 - [MESSAGE][PASSED] - Delayed 1 second(s)

2018-12-07 00:03:20 - [TEST_STEP][PASSED] - setText: Text '100' is set on object 'Object Repository/Final Object Repo/New Registration - Registration Module Pages/Form 1/P.O.BOX'

2018-12-07 00:03:20 - [MESSAGE][PASSED] - Text '100' is set on object 'Object Repository/Final Object Repo/New Registration - Registration Module Pages/Form 1/P.O.BOX'

2018-12-07 00:03:20 - [TEST_STEP][PASSED] - setText: Text '100' is set on object 'Object Repository/Final Object Repo/New Registration - Registration Module Pages/Form 1/Locked Bag No'

2018-12-07 00:03:20 - [MESSAGE][PASSED] - Text '100' is set on object 'Object Repository/Final Object Repo/New Registration - Registration Module Pages/Form 1/Locked Bag No'

2018-12-07 00:03:20 - [TEST_STEP][PASSED] - click: Object: 'Object Repository/Final Object Repo/New Registration - Registration Module Pages/Form 1/SOCSO Office Location' is clicked on

2018-12-07 00:03:20 - [MESSAGE][PASSED] - Object: 'Object Repository/Final Object Repo/New Registration - Registration Module Pages/Form 1/SOCSO Office Location' is clicked on

2018-12-07 00:03:20 - [TEST_STEP][PASSED] - click: Object: 'Object Repository/Final Object Repo/New Registration - Registration Module Pages/Form 1/SOCSO Office Location - Pejabat PERKESO Negeri Johor' is clicked on

2018-12-07 00:03:20 - [MESSAGE][PASSED] - Object: 'Object Repository/Final Object Repo/New Registration - Registration Module Pages/Form 1/SOCSO Office Location - Pejabat PERKESO Negeri Johor' is clicked on

2018-12-07 00:03:20 - [TEST_STEP][PASSED] - delay: Delayed 1 second(s)

2018-12-07 00:03:21 - [MESSAGE][PASSED] - Delayed 1 second(s)

2018-12-07 00:03:21 - [TEST_STEP][PASSED] - check: Object 'Object Repository/Final Object Repo/New Registration - Registration Module Pages/Form 1/Indusrty Address Same As Postal Address' is checked

2018-12-07 00:03:22 - [MESSAGE][PASSED] - Object 'Object Repository/Final Object Repo/New Registration - Registration Module Pages/Form 1/Indusrty Address Same As Postal Address' is checked

2018-12-07 00:03:22 - [TEST_STEP][PASSED] - delay: Delayed 3 second(s)

2018-12-07 00:03:25 - [MESSAGE][PASSED] - Delayed 3 second(s)

2018-12-07 00:03:25 - [TEST_STEP][PASSED] - click: Object: 'Object Repository/Final Object Repo/New Registration - Registration Module Pages/Form 1/Indusry Address Same As Postal Address False' is clicked on

2018-12-07 00:03:25 - [MESSAGE][PASSED] - Object: 'Object Repository/Final Object Repo/New Registration - Registration Module Pages/Form 1/Indusry Address Same As Postal Address False' is clicked on

2018-12-07 00:03:25 - [TEST_STEP][PASSED] - delay: Delayed 1 second(s)

2018-12-07 00:03:26 - [MESSAGE][PASSED] - Delayed 1 second(s)

2018-12-07 00:03:26 - [TEST_STEP][PASSED] - setText: Text 'perkeso1' is set on object 'Object Repository/Final Object Repo/New Registration - Registration Module Pages/Form 1/Industry Address1'

2018-12-07 00:03:26 - [MESSAGE][PASSED] - Text 'perkeso1' is set on object 'Object Repository/Final Object Repo/New Registration - Registration Module Pages/Form 1/Industry Address1'

2018-12-07 00:03:26 - [TEST_STEP][PASSED] - setText: Text 'perkeso2' is set on object 'Object Repository/Final Object Repo/New Registration - Registration Module Pages/Form 1/Industry Address2'

2018-12-07 00:03:27 - [MESSAGE][PASSED] - Text 'perkeso2' is set on object 'Object Repository/Final Object Repo/New Registration - Registration Module Pages/Form 1/Industry Address2'

2018-12-07 00:03:27 - [TEST_STEP][PASSED] - setText: Text 'perkeso3' is set on object 'Object Repository/Final Object Repo/New Registration - Registration Module Pages/Form 1/Industry Address3'

2018-12-07 00:03:27 - [MESSAGE][PASSED] - Text 'perkeso3' is set on object 'Object Repository/Final Object Repo/New Registration - Registration Module Pages/Form 1/Industry Address3'

2018-12-07 00:03:27 - [TEST_STEP][PASSED] - click: Object: 'Object Repository/Final Object Repo/New Registration - Registration Module Pages/Form 1/Industry State' is clicked on

2018-12-07 00:03:27 - [MESSAGE][PASSED] - Object: 'Object Repository/Final Object Repo/New Registration - Registration Module Pages/Form 1/Industry State' is clicked on

2018-12-07 00:03:27 - [TEST_STEP][PASSED] - delay: Delayed 2 second(s)

2018-12-07 00:03:29 - [MESSAGE][PASSED] - Delayed 2 second(s)

2018-12-07 00:03:29 - [TEST_STEP][PASSED] - click: Object: 'Object Repository/Final Object Repo/New Registration - Registration Module Pages/Form 1/Industry State - Johor' is clicked on

2018-12-07 00:03:29 - [MESSAGE][PASSED] - Object: 'Object Repository/Final Object Repo/New Registration - Registration Module Pages/Form 1/Industry State - Johor' is clicked on

2018-12-07 00:03:29 - [TEST_STEP][PASSED] - delay: Delayed 2 second(s)

2018-12-07 00:03:31 - [MESSAGE][PASSED] - Delayed 2 second(s)

2018-12-07 00:03:31 - [TEST_STEP][PASSED] - click: Object: 'Object Repository/Final Object Repo/New Registration - Registration Module Pages/Form 1/Industry Ciry' is clicked on

2018-12-07 00:03:32 - [MESSAGE][PASSED] - Object: 'Object Repository/Final Object Repo/New Registration - Registration Module Pages/Form 1/Industry Ciry' is clicked on

2018-12-07 00:03:32 - [TEST_STEP][PASSED] - setText: Text 'joh' is set on object 'Object Repository/Final Object Repo/New Registration - Registration Module Pages/Form 1/Industry Ciry - joh'

2018-12-07 00:03:32 - [MESSAGE][PASSED] - Text 'joh' is set on object 'Object Repository/Final Object Repo/New Registration - Registration Module Pages/Form 1/Industry Ciry - joh'

2018-12-07 00:03:32 - [TEST_STEP][PASSED] - delay: Delayed 2 second(s)

2018-12-07 00:03:34 - [MESSAGE][PASSED] - Delayed 2 second(s)

2018-12-07 00:03:34 - [TEST_STEP][PASSED] - click: Object: 'Object Repository/Final Object Repo/New Registration - Registration Module Pages/Form 1/Industy State - Johor Bharu' is clicked on

2018-12-07 00:03:34 - [MESSAGE][PASSED] - Object: 'Object Repository/Final Object Repo/New Registration - Registration Module Pages/Form 1/Industy State - Johor Bharu' is clicked on

2018-12-07 00:03:34 - [TEST_STEP][PASSED] - delay: Delayed 1 second(s)

2018-12-07 00:03:35 - [MESSAGE][PASSED] - Delayed 1 second(s)

2018-12-07 00:03:35 - [TEST_STEP][PASSED] - click: Object: 'Object Repository/Final Object Repo/New Registration - Registration Module Pages/Form 1/Indusry PostCode' is clicked on

2018-12-07 00:03:35 - [MESSAGE][PASSED] - Object: 'Object Repository/Final Object Repo/New Registration - Registration Module Pages/Form 1/Indusry PostCode' is clicked on

2018-12-07 00:03:35 - [TEST_STEP][PASSED] - delay: Delayed 1 second(s)

2018-12-07 00:03:36 - [MESSAGE][PASSED] - Delayed 1 second(s)

2018-12-07 00:03:36 - [TEST_STEP][PASSED] - setText: Text '810' is set on object 'Object Repository/Final Object Repo/New Registration - Registration Module Pages/Form 1/Insutry Post Code - 810'

2018-12-07 00:03:36 - [MESSAGE][PASSED] - Text '810' is set on object 'Object Repository/Final Object Repo/New Registration - Registration Module Pages/Form 1/Insutry Post Code - 810'

2018-12-07 00:03:36 - [TEST_STEP][PASSED] - delay: Delayed 1 second(s)

2018-12-07 00:03:37 - [MESSAGE][PASSED] - Delayed 1 second(s)

2018-12-07 00:03:37 - [TEST_STEP][PASSED] - click: Object: 'Object Repository/Final Object Repo/New Registration - Registration Module Pages/Form 1/Insutry Post Code - 81000' is clicked on

2018-12-07 00:03:38 - [MESSAGE][PASSED] - Object: 'Object Repository/Final Object Repo/New Registration - Registration Module Pages/Form 1/Insutry Post Code - 81000' is clicked on

2018-12-07 00:03:38 - [TEST_STEP][PASSED] - delay: Delayed 1 second(s)

2018-12-07 00:03:39 - [MESSAGE][PASSED] - Delayed 1 second(s)

2018-12-07 00:03:39 - [TEST_STEP][PASSED] - setText: Text '100' is set on object 'Object Repository/Final Object Repo/New Registration - Registration Module Pages/Form 1/Industry P.O.BOX'

2018-12-07 00:03:39 - [MESSAGE][PASSED] - Text '100' is set on object 'Object Repository/Final Object Repo/New Registration - Registration Module Pages/Form 1/Industry P.O.BOX'

2018-12-07 00:03:39 - [TEST_STEP][PASSED] - setText: Text '100' is set on object 'Object Repository/Final Object Repo/New Registration - Registration Module Pages/Form 1/Industry Locked Bag No'

2018-12-07 00:03:39 - [MESSAGE][PASSED] - Text '100' is set on object 'Object Repository/Final Object Repo/New Registration - Registration Module Pages/Form 1/Industry Locked Bag No'

2018-12-07 00:03:39 - [TEST_STEP][PASSED] - setText: Text '123456789' is set on object 'Object Repository/Final Object Repo/New Registration - Registration Module Pages/Form 1/Telephone No'

2018-12-07 00:03:39 - [MESSAGE][PASSED] - Text '123456789' is set on object 'Object Repository/Final Object Repo/New Registration - Registration Module Pages/Form 1/Telephone No'

2018-12-07 00:03:39 - [TEST_STEP][PASSED] - setText: Text '123456789' is set on object 'Object Repository/Final Object Repo/New Registration - Registration Module Pages/Form 1/Mobile No'

2018-12-07 00:03:40 - [MESSAGE][PASSED] - Text '123456789' is set on object 'Object Repository/Final Object Repo/New Registration - Registration Module Pages/Form 1/Mobile No'

2018-12-07 00:03:40 - [TEST_STEP][PASSED] - setText: Text '123456789' is set on object 'Object Repository/Final Object Repo/New Registration - Registration Module Pages/Form 1/Fax No'

2018-12-07 00:03:40 - [MESSAGE][PASSED] - Text '123456789' is set on object 'Object Repository/Final Object Repo/New Registration - Registration Module Pages/Form 1/Fax No'

2018-12-07 00:03:40 - [TEST_STEP][PASSED] - click: Object: 'Object Repository/Final Object Repo/New Registration - Registration Module Pages/Form 1/Industry Code' is clicked on

2018-12-07 00:03:40 - [MESSAGE][PASSED] - Object: 'Object Repository/Final Object Repo/New Registration - Registration Module Pages/Form 1/Industry Code' is clicked on

2018-12-07 00:03:40 - [TEST_STEP][PASSED] - click: Object: 'Object Repository/Final Object Repo/New Registration - Registration Module Pages/Form 1/Indudustry Code - Crops and Animal' is clicked on

2018-12-07 00:03:41 - [MESSAGE][PASSED] - Object: 'Object Repository/Final Object Repo/New Registration - Registration Module Pages/Form 1/Indudustry Code - Crops and Animal' is clicked on

2018-12-07 00:03:41 - [TEST_STEP][PASSED] - delay: Delayed 1 second(s)

2018-12-07 00:03:42 - [MESSAGE][PASSED] - Delayed 1 second(s)

2018-12-07 00:03:42 - [TEST_STEP][PASSED] - click: Object: 'Object Repository/Final Object Repo/New Registration - Registration Module Pages/Form 1/Sub Industry Code List' is clicked on

2018-12-07 00:03:42 - [MESSAGE][PASSED] - Object: 'Object Repository/Final Object Repo/New Registration - Registration Module Pages/Form 1/Sub Industry Code List' is clicked on

2018-12-07 00:03:42 - [TEST_STEP][PASSED] - click: Object: 'Object Repository/Final Object Repo/New Registration - Registration Module Pages/Form 1/Sub Industry Code List - Growing of Maize' is clicked on

2018-12-07 00:03:42 - [MESSAGE][PASSED] - Object: 'Object Repository/Final Object Repo/New Registration - Registration Module Pages/Form 1/Sub Industry Code List - Growing of Maize' is clicked on

2018-12-07 00:03:42 - [TEST_STEP][PASSED] - setText: Text 'perkeso123@gmail.com' is set on object 'Object Repository/Final Object Repo/New Registration - Registration Module Pages/Form 1/Email'

2018-12-07 00:03:43 - [MESSAGE][PASSED] - Text 'perkeso123@gmail.com' is set on object 'Object Repository/Final Object Repo/New Registration - Registration Module Pages/Form 1/Email'

2018-12-07 00:03:43 - [TEST_STEP][PASSED] - click: Object: 'Object Repository/Final Object Repo/New Registration - Registration Module Pages/Form 1/Method of Contribution Payment' is clicked on

2018-12-07 00:03:43 - [MESSAGE][PASSED] - Object: 'Object Repository/Final Object Repo/New Registration - Registration Module Pages/Form 1/Method of Contribution Payment' is clicked on

2018-12-07 00:03:43 - [TEST_STEP][PASSED] - click: Object: 'Object Repository/Final Object Repo/New Registration - Registration Module Pages/Form 1/Method of Contribution Payment - Portal' is clicked on

2018-12-07 00:03:43 - [MESSAGE][PASSED] - Object: 'Object Repository/Final Object Repo/New Registration - Registration Module Pages/Form 1/Method of Contribution Payment - Portal' is clicked on

2018-12-07 00:03:43 - [TEST_STEP][PASSED] - click: Object: 'Object Repository/Final Object Repo/New Registration - Registration Module Pages/Form 1/Servide Type' is clicked on

2018-12-07 00:03:43 - [MESSAGE][PASSED] - Object: 'Object Repository/Final Object Repo/New Registration - Registration Module Pages/Form 1/Servide Type' is clicked on

2018-12-07 00:03:43 - [TEST_STEP][PASSED] - click: Object: 'Object Repository/Final Object Repo/New Registration - Registration Module Pages/Form 1/Servide Type - Professional Bodies' is clicked on

2018-12-07 00:03:44 - [MESSAGE][PASSED] - Object: 'Object Repository/Final Object Repo/New Registration - Registration Module Pages/Form 1/Servide Type - Professional Bodies' is clicked on

2018-12-07 00:03:44 - [TEST_STEP][PASSED] - click: Object: 'Object Repository/Final Object Repo/New Registration - Registration Module Pages/Form 1/Industry Venue' is clicked on

2018-12-07 00:03:44 - [MESSAGE][PASSED] - Object: 'Object Repository/Final Object Repo/New Registration - Registration Module Pages/Form 1/Industry Venue' is clicked on

2018-12-07 00:03:44 - [TEST_STEP][PASSED] - click: Object: 'Object Repository/Final Object Repo/New Registration - Registration Module Pages/Form 1/Industry Venue -  PPN JOHOR' is clicked on

2018-12-07 00:03:44 - [MESSAGE][PASSED] - Object: 'Object Repository/Final Object Repo/New Registration - Registration Module Pages/Form 1/Industry Venue -  PPN JOHOR' is clicked on

2018-12-07 00:03:44 - [TEST_STEP][PASSED] - click: Object: 'Object Repository/Final Object Repo/New Registration - Registration Module Pages/Form 1/Save  Continue' is clicked on

2018-12-07 00:03:44 - [MESSAGE][PASSED] - Object: 'Object Repository/Final Object Repo/New Registration - Registration Module Pages/Form 1/Save  Continue' is clicked on

2018-12-07 00:03:44 - [MESSAGE][PASSED] - Call Test Case 'Test Cases/Final Aug 2018 - PKS Automation/Registration Module/New Registration/Form 1/Form 1 - Corporation - BHD' successfully

2018-12-07 00:03:44 - [TEST_STEP][PASSED] - callTestCase: Call Test Case 'Test Cases/Final Aug 2018 - PKS Automation/Registration Module/New Registration/Form 2/Add 1 Eligible' successfully

2018-12-07 00:03:44 - [TEST_CASE][PASSED] - Test Cases/Final Aug 2018 - PKS Automation/Registration Module/New Registration/Form 2/Add 1 Eligible: Test Cases/Final Aug 2018 - PKS Automation/Registration Module/New Registration/Form 2/Add 1 Eligible

2018-12-07 00:03:44 - [TEST_STEP][PASSED] - delay: Delayed 2 second(s)

2018-12-07 00:03:46 - [MESSAGE][PASSED] - Delayed 2 second(s)

2018-12-07 00:03:46 - [TEST_STEP][PASSED] - callTestCase: Call Test Case 'Test Cases/Final Aug 2018 - PKS Automation/Registration Module/New Registration/Form 2/Date Updater' successfully

2018-12-07 00:03:46 - [TEST_CASE][PASSED] - Test Cases/Final Aug 2018 - PKS Automation/Registration Module/New Registration/Form 2/Date Updater: Test Cases/Final Aug 2018 - PKS Automation/Registration Module/New Registration/Form 2/Date Updater

2018-12-07 00:03:46 - [TEST_STEP][PASSED] - Statement - TodayDate = new java.util.Date(): null

2018-12-07 00:03:46 - [TEST_STEP][PASSED] - Statement - CurrentDateNoFilter = new java.text.SimpleDateFormat(): null

2018-12-07 00:03:46 - [TEST_STEP][PASSED] - Statement - CurrentDateNoFilter.applyPattern("MM"): null

2018-12-07 00:03:46 - [TEST_STEP][PASSED] - Statement - monthContainerMatcher = java.lang.Integer.parseInt(CurrentDateNoFilter.format(TodayDate)): null

2018-12-07 00:03:46 - [TEST_STEP][PASSED] - Statement - monthContainerMatcher = monthContainerMatcher - 1: null

2018-12-07 00:03:46 - [TEST_STEP][PASSED] - Statement - CurrentMonth = monthContainerMatcher.toString(): null

2018-12-07 00:03:46 - [TEST_STEP][PASSED] - Statement - CurrentMonth = CurrentMonth: null

2018-12-07 00:03:46 - [TEST_STEP][PASSED] - Statement - CurrentDateNoFilter.applyPattern("yyyy"): null

2018-12-07 00:03:46 - [TEST_STEP][PASSED] - Statement - CurrentYear = CurrentDateNoFilter.format(TodayDate): null

2018-12-07 00:03:46 - [TEST_STEP][PASSED] - Statement - CurrentYear = CurrentYear: null

2018-12-07 00:03:46 - [TEST_STEP][PASSED] - Statement - intCurrentYear = java.lang.Integer.parseInt(CurrentDateNoFilter.format(TodayDate)): null

2018-12-07 00:03:46 - [TEST_STEP][PASSED] - Statement - eighteenYrsAgo = intCurrentYear - 18: null

2018-12-07 00:03:46 - [TEST_STEP][PASSED] - Statement - eighteenYrsBeforeThisYr = eighteenYrsAgo.toString(): null

2018-12-07 00:03:46 - [TEST_STEP][PASSED] - Statement - EighteenYrsBefore = eighteenYrsBeforeThisYr: null

2018-12-07 00:03:46 - [TEST_STEP][PASSED] - Statement - fiftysevenYrsAgo = intCurrentYear - 57: null

2018-12-07 00:03:46 - [TEST_STEP][PASSED] - Statement - fiftysevenYrsBeforeThisYr = fiftysevenYrsAgo.toString(): null

2018-12-07 00:03:46 - [TEST_STEP][PASSED] - Statement - FiftysevenYrsBefore = fiftysevenYrsBeforeThisYr: null

2018-12-07 00:03:46 - [TEST_STEP][PASSED] - Statement - leapYear = false: null

2018-12-07 00:03:46 - [TEST_STEP][PASSED] - Statement - leapYear = intCurrentYear % 4 == 0: null

2018-12-07 00:03:46 - [TEST_STEP][PASSED] - Statement - CurrentDateNoFilter.applyPattern("dd"): null

2018-12-07 00:03:46 - [TEST_STEP][PASSED] - Statement - CurrentDate = CurrentDateNoFilter.format(TodayDate): null

2018-12-07 00:03:46 - [TEST_STEP][PASSED] - Statement - CurrentDate = java.lang.Integer.parseInt(CurrentDate): null

2018-12-07 00:03:46 - [TEST_STEP][PASSED] - Statement - CurrentDate = CurrentDate: null

2018-12-07 00:03:46 - [TEST_STEP][PASSED] - Statement - CurrentDay = java.lang.Integer.parseInt(CurrentDate): null

2018-12-07 00:03:46 - [TEST_STEP][PASSED] - Statement - ConfAdder = <not implemented yet for class: org.codehaus.groovy.ast.expr.EmptyExpression>: null

2018-12-07 00:03:46 - [TEST_STEP][PASSED] - Statement - out.println(CurrentMonth): null

2018-12-07 00:03:46 - [TEST_STEP][PASSED] - Statement - out.println(CurrentDate): null

2018-12-07 00:03:46 - [TEST_STEP][PASSED] - Statement - switch (CurrentDate): null

2018-12-07 00:03:46 - [TEST_STEP][PASSED] - Statement - Default: null

2018-12-07 00:03:46 - [TEST_STEP][PASSED] - Statement - ConfAdder = true: null

2018-12-07 00:03:46 - [TEST_STEP][PASSED] - Statement - Break: null

2018-12-07 00:03:46 - [TEST_STEP][PASSED] - Statement - aDayBefore = <not implemented yet for class: org.codehaus.groovy.ast.expr.EmptyExpression>: null

2018-12-07 00:03:46 - [TEST_STEP][PASSED] - Statement - out.println(ConfAdder): null

2018-12-07 00:03:46 - [TEST_STEP][PASSED] - Statement - If (ConfAdder == true): null

2018-12-07 00:03:46 - [TEST_STEP][PASSED] - Statement - aDayBefore = CurrentDay + 1: null

2018-12-07 00:03:46 - [TEST_STEP][PASSED] - Statement - out.println(aDayBefore): null

2018-12-07 00:03:46 - [TEST_STEP][PASSED] - Statement - If (aDayBefore == 1 && CurrentMonth == 11): null

2018-12-07 00:03:46 - [TEST_STEP][PASSED] - Statement - DayBefore = aDayBefore.toString(): null

2018-12-07 00:03:46 - [TEST_STEP][PASSED] - Statement - OneDayBefore = DayBefore: null

2018-12-07 00:03:46 - [MESSAGE][PASSED] - Call Test Case 'Test Cases/Final Aug 2018 - PKS Automation/Registration Module/New Registration/Form 2/Date Updater' successfully

2018-12-07 00:03:46 - [TEST_STEP][PASSED] - delay: Delayed 1 second(s)

2018-12-07 00:03:47 - [MESSAGE][PASSED] - Delayed 1 second(s)

2018-12-07 00:03:47 - [TEST_STEP][PASSED] - Statement - CaseReferenceNo = com.kms.katalon.core.webui.keyword.WebUiBuiltInKeywords.getText(com.kms.katalon.core.testobject.ObjectRepository.findTestObject(Final Object Repo/New Registration - Registration Module Pages/Form 2/RefNo Acquiring)): Text of object 'Object Repository/Final Object Repo/New Registration - Registration Module Pages/Form 2/RefNo Acquiring' is: 'CRN12201800123072'

2018-12-07 00:03:47 - [MESSAGE][PASSED] - Text of object 'Object Repository/Final Object Repo/New Registration - Registration Module Pages/Form 2/RefNo Acquiring' is: 'CRN12201800123072'

2018-12-07 00:03:47 - [TEST_STEP][PASSED] - delay: Delayed 1 second(s)

2018-12-07 00:03:48 - [MESSAGE][PASSED] - Delayed 1 second(s)

2018-12-07 00:03:48 - [TEST_STEP][PASSED] - click: Object: 'Object Repository/Final Object Repo/New Registration - Registration Module Pages/Form 2/Add Employee Button' is clicked on

2018-12-07 00:03:49 - [MESSAGE][PASSED] - Object: 'Object Repository/Final Object Repo/New Registration - Registration Module Pages/Form 2/Add Employee Button' is clicked on

2018-12-07 00:03:49 - [TEST_STEP][PASSED] - delay: Delayed 1 second(s)

2018-12-07 00:03:50 - [MESSAGE][PASSED] - Delayed 1 second(s)

2018-12-07 00:03:50 - [TEST_STEP][PASSED] - setText: Text '010903091963' is set on object 'Object Repository/Final Object Repo/New Registration - Registration Module Pages/Form 2/NRIC Input'

2018-12-07 00:03:50 - [MESSAGE][PASSED] - Text '010903091963' is set on object 'Object Repository/Final Object Repo/New Registration - Registration Module Pages/Form 2/NRIC Input'

2018-12-07 00:03:50 - [TEST_STEP][PASSED] - click: Object: 'Object Repository/Final Object Repo/New Registration - Registration Module Pages/Form 2/button for search for IC' is clicked on

2018-12-07 00:03:50 - [MESSAGE][PASSED] - Object: 'Object Repository/Final Object Repo/New Registration - Registration Module Pages/Form 2/button for search for IC' is clicked on

2018-12-07 00:03:50 - [TEST_STEP][PASSED] - delay: Delayed 2 second(s)

2018-12-07 00:03:52 - [MESSAGE][PASSED] - Delayed 2 second(s)

2018-12-07 00:03:52 - [TEST_STEP][PASSED] - setText: Text 'Automate001 eligible 1' is set on object 'Object Repository/Final Object Repo/New Registration - Registration Module Pages/Form 2/Employee Name Input'

2018-12-07 00:03:53 - [MESSAGE][PASSED] - Text 'Automate001 eligible 1' is set on object 'Object Repository/Final Object Repo/New Registration - Registration Module Pages/Form 2/Employee Name Input'

2018-12-07 00:03:53 - [TEST_STEP][PASSED] - delay: Delayed 2 second(s)

2018-12-07 00:03:55 - [MESSAGE][PASSED] - Delayed 2 second(s)

2018-12-07 00:03:55 - [TEST_STEP][PASSED] - click: Object: 'Object Repository/Final Object Repo/New Registration - Registration Module Pages/Form 2/DatePicker Pop Up' is clicked on

2018-12-07 00:03:55 - [MESSAGE][PASSED] - Object: 'Object Repository/Final Object Repo/New Registration - Registration Module Pages/Form 2/DatePicker Pop Up' is clicked on

2018-12-07 00:03:55 - [TEST_STEP][PASSED] - click: Object: 'Object Repository/Final Object Repo/New Registration - Registration Module Pages/Form 2/DOB Month' is clicked on

2018-12-07 00:03:55 - [MESSAGE][PASSED] - Object: 'Object Repository/Final Object Repo/New Registration - Registration Module Pages/Form 2/DOB Month' is clicked on

2018-12-07 00:03:55 - [TEST_STEP][PASSED] - Statement - CurrentMonth = CurrentMonth: null

2018-12-07 00:03:55 - [TEST_STEP][PASSED] - Statement - selectMonth = new com.kms.katalon.core.testobject.TestObject(): null

2018-12-07 00:03:55 - [TEST_STEP][PASSED] - Statement - selectMonth.addProperty("xpath", EQUALS, "//body/div/div/div/select/option[@value='" + CurrentMonth + "']", true): null

2018-12-07 00:03:55 - [TEST_STEP][PASSED] - click: Object: '' is clicked on

2018-12-07 00:03:55 - [MESSAGE][PASSED] - Object: '' is clicked on

2018-12-07 00:03:55 - [TEST_STEP][PASSED] - click: Object: 'Object Repository/Final Object Repo/New Registration - Registration Module Pages/Form 2/DOB Year' is clicked on

2018-12-07 00:03:55 - [MESSAGE][PASSED] - Object: 'Object Repository/Final Object Repo/New Registration - Registration Module Pages/Form 2/DOB Year' is clicked on

2018-12-07 00:03:55 - [TEST_STEP][PASSED] - Statement - Eyearsbf = EighteenYrsBefore: null

2018-12-07 00:03:55 - [TEST_STEP][PASSED] - Statement - selectYear = new com.kms.katalon.core.testobject.TestObject(): null

2018-12-07 00:03:55 - [TEST_STEP][PASSED] - Statement - selectYear.addProperty("xpath", EQUALS, "//div/div/div/select/option[@value='" + Eyearsbf + "']", true): null

2018-12-07 00:03:55 - [TEST_STEP][PASSED] - click: Object: '' is clicked on

2018-12-07 00:03:55 - [MESSAGE][PASSED] - Object: '' is clicked on

2018-12-07 00:03:55 - [TEST_STEP][PASSED] - Statement - UpdatedSelectDate = com.kms.katalon.core.webui.keyword.WebUiBuiltInKeywords.modifyObjectProperty(com.kms.katalon.core.testobject.ObjectRepository.findTestObject(Final Object Repo/New Registration - Registration Module Pages/Form 2/DOB Date), "xpath", "equals", "//body/div/table/tbody/tr/td/a[text()="" + CurrentDate + ""]", true): Modify property of object successfully

2018-12-07 00:03:55 - [MESSAGE][PASSED] - Modify property of object successfully

2018-12-07 00:03:55 - [TEST_STEP][PASSED] - delay: Delayed 3 second(s)

2018-12-07 00:03:58 - [MESSAGE][PASSED] - Delayed 3 second(s)

2018-12-07 00:03:58 - [TEST_STEP][PASSED] - click: Object: 'Object Repository/Final Object Repo/New Registration - Registration Module Pages/Form 2/DOB Date' is clicked on

2018-12-07 00:03:59 - [MESSAGE][PASSED] - Object: 'Object Repository/Final Object Repo/New Registration - Registration Module Pages/Form 2/DOB Date' is clicked on

2018-12-07 00:03:59 - [TEST_STEP][PASSED] - delay: Delayed 2 second(s)

2018-12-07 00:04:01 - [MESSAGE][PASSED] - Delayed 2 second(s)

2018-12-07 00:04:01 - [TEST_STEP][PASSED] - click: Object: 'Object Repository/Final Object Repo/New Registration - Registration Module Pages/Form 2/EmploymentStartDate Pop Up' is clicked on

2018-12-07 00:04:01 - [MESSAGE][PASSED] - Object: 'Object Repository/Final Object Repo/New Registration - Registration Module Pages/Form 2/EmploymentStartDate Pop Up' is clicked on

2018-12-07 00:04:01 - [TEST_STEP][PASSED] - delay: Delayed 2 second(s)

2018-12-07 00:04:03 - [MESSAGE][PASSED] - Delayed 2 second(s)

2018-12-07 00:04:03 - [TEST_STEP][PASSED] - click: Object: 'Object Repository/Final Object Repo/New Registration - Registration Module Pages/Form 2/Socso Employment StartDate Month' is clicked on

2018-12-07 00:04:03 - [MESSAGE][PASSED] - Object: 'Object Repository/Final Object Repo/New Registration - Registration Module Pages/Form 2/Socso Employment StartDate Month' is clicked on

2018-12-07 00:04:03 - [TEST_STEP][PASSED] - delay: Delayed 1 second(s)

2018-12-07 00:04:04 - [MESSAGE][PASSED] - Delayed 1 second(s)

2018-12-07 00:04:04 - [TEST_STEP][PASSED] - click: Object: 'Object Repository/Final Object Repo/New Registration - Registration Module Pages/Form 2/Select Socso Employement Startdate Month' is clicked on

2018-12-07 00:04:04 - [MESSAGE][PASSED] - Object: 'Object Repository/Final Object Repo/New Registration - Registration Module Pages/Form 2/Select Socso Employement Startdate Month' is clicked on

2018-12-07 00:04:04 - [TEST_STEP][PASSED] - delay: Delayed 2 second(s)

2018-12-07 00:04:06 - [MESSAGE][PASSED] - Delayed 2 second(s)

2018-12-07 00:04:06 - [TEST_STEP][PASSED] - click: Object: 'Object Repository/Final Object Repo/New Registration - Registration Module Pages/Form 2/Socso Employment StartDate Year' is clicked on

2018-12-07 00:04:06 - [MESSAGE][PASSED] - Object: 'Object Repository/Final Object Repo/New Registration - Registration Module Pages/Form 2/Socso Employment StartDate Year' is clicked on

2018-12-07 00:04:06 - [TEST_STEP][PASSED] - delay: Delayed 1 second(s)

2018-12-07 00:04:07 - [MESSAGE][PASSED] - Delayed 1 second(s)

2018-12-07 00:04:07 - [TEST_STEP][PASSED] - click: Object: 'Object Repository/Final Object Repo/New Registration - Registration Module Pages/Form 2/Select Socso Employment Startdate Year' is clicked on

2018-12-07 00:04:07 - [MESSAGE][PASSED] - Object: 'Object Repository/Final Object Repo/New Registration - Registration Module Pages/Form 2/Select Socso Employment Startdate Year' is clicked on

2018-12-07 00:04:07 - [TEST_STEP][PASSED] - delay: Delayed 2 second(s)

2018-12-07 00:04:09 - [MESSAGE][PASSED] - Delayed 2 second(s)

2018-12-07 00:04:09 - [TEST_STEP][PASSED] - click: Object: 'Object Repository/Final Object Repo/New Registration - Registration Module Pages/Form 2/Socso Employment Start Date Day' is clicked on

2018-12-07 00:04:10 - [MESSAGE][PASSED] - Object: 'Object Repository/Final Object Repo/New Registration - Registration Module Pages/Form 2/Socso Employment Start Date Day' is clicked on

2018-12-07 00:04:10 - [TEST_STEP][PASSED] - delay: Delayed 2 second(s)

2018-12-07 00:04:12 - [MESSAGE][PASSED] - Delayed 2 second(s)

2018-12-07 00:04:12 - [TEST_STEP][PASSED] - click: Object: 'Object Repository/Final Object Repo/New Registration - Registration Module Pages/Form 2/Save Button for Add Employee' is clicked on

2018-12-07 00:04:12 - [MESSAGE][PASSED] - Object: 'Object Repository/Final Object Repo/New Registration - Registration Module Pages/Form 2/Save Button for Add Employee' is clicked on

2018-12-07 00:04:12 - [TEST_STEP][PASSED] - delay: Delayed 6 second(s)

2018-12-07 00:04:18 - [MESSAGE][PASSED] - Delayed 6 second(s)

2018-12-07 00:04:18 - [TEST_STEP][PASSED] - click: Object: 'Object Repository/Final Object Repo/New Registration - Registration Module Pages/Form 2/Save and Continue Form 2' is clicked on

2018-12-07 00:04:18 - [MESSAGE][PASSED] - Object: 'Object Repository/Final Object Repo/New Registration - Registration Module Pages/Form 2/Save and Continue Form 2' is clicked on

2018-12-07 00:04:18 - [MESSAGE][PASSED] - Call Test Case 'Test Cases/Final Aug 2018 - PKS Automation/Registration Module/New Registration/Form 2/Add 1 Eligible' successfully

2018-12-07 00:04:18 - [TEST_STEP][PASSED] - callTestCase: Call Test Case 'Test Cases/Final Aug 2018 - PKS Automation/Registration Module/New Registration/Flow of New Registration/Third Screen - Upload Supporting Doc - Preview' successfully

2018-12-07 00:04:18 - [TEST_CASE][PASSED] - Test Cases/Final Aug 2018 - PKS Automation/Registration Module/New Registration/Flow of New Registration/Third Screen - Upload Supporting Doc - Preview: Test Cases/Final Aug 2018 - PKS Automation/Registration Module/New Registration/Flow of New Registration/Third Screen - Upload Supporting Doc - Preview

2018-12-07 00:04:18 - [TEST_STEP][PASSED] - waitForPageLoad: Wait for page load successfully

2018-12-07 00:04:19 - [MESSAGE][PASSED] - Wait for page load successfully

2018-12-07 00:04:19 - [TEST_STEP][PASSED] - Statement - CaseReferenceNo = com.kms.katalon.core.webui.keyword.WebUiBuiltInKeywords.getText(com.kms.katalon.core.testobject.ObjectRepository.findTestObject(Final Object Repo/New Registration - Registration Module Pages/Third Screen - Upload Supporting Doc- Preview/RefNo Acquiring)): Text of object 'Object Repository/Final Object Repo/New Registration - Registration Module Pages/Third Screen - Upload Supporting Doc- Preview/RefNo Acquiring' is: 'CRN12201800123072'

2018-12-07 00:04:19 - [MESSAGE][PASSED] - Text of object 'Object Repository/Final Object Repo/New Registration - Registration Module Pages/Third Screen - Upload Supporting Doc- Preview/RefNo Acquiring' is: 'CRN12201800123072'

2018-12-07 00:04:19 - [TEST_STEP][PASSED] - delay: Delayed 2 second(s)

2018-12-07 00:04:21 - [MESSAGE][PASSED] - Delayed 2 second(s)

2018-12-07 00:04:21 - [TEST_STEP][PASSED] - callTestCase: Call Test Case 'Test Cases/Final Aug 2018 - PKS Automation/Common/Reference Number Setter' successfully

2018-12-07 00:04:21 - [TEST_CASE][PASSED] - Test Cases/Final Aug 2018 - PKS Automation/Common/Reference Number Setter: Test Cases/Final Aug 2018 - PKS Automation/Common/Reference Number Setter

2018-12-07 00:04:21 - [TEST_STEP][PASSED] - Statement - RefNoOldFile = new java.io.File(C://Users//Admin//Desktop//PKS//Automation Reference Point//KatalonReference.txt): null

2018-12-07 00:04:21 - [TEST_STEP][PASSED] - Statement - RefNoOldFile.delete(): null

2018-12-07 00:04:21 - [TEST_STEP][PASSED] - delay: Delayed 5 second(s)

2018-12-07 00:04:26 - [MESSAGE][PASSED] - Delayed 5 second(s)

2018-12-07 00:04:26 - [TEST_STEP][PASSED] - Statement - RefNo = new java.io.File(C://Users//Admin//Desktop//PKS//Automation Reference Point//KatalonReference.txt): null

2018-12-07 00:04:26 - [TEST_STEP][PASSED] - Statement - f2 = new java.io.FileWriter(RefNo, false): null

2018-12-07 00:04:26 - [TEST_STEP][PASSED] - Statement - f2.write(CaseReferenceNo): null

2018-12-07 00:04:26 - [TEST_STEP][PASSED] - Statement - f2.close(): null

2018-12-07 00:04:26 - [TEST_STEP][PASSED] - Statement - out.println("


" + CaseReferenceNo + "


"): null

2018-12-07 00:04:26 - [MESSAGE][PASSED] - Call Test Case 'Test Cases/Final Aug 2018 - PKS Automation/Common/Reference Number Setter' successfully

2018-12-07 00:04:26 - [TEST_STEP][PASSED] - waitForElementClickable: Object 'Object Repository/Final Object Repo/New Registration - Registration Module Pages/Third Screen - Upload Supporting Doc- Preview/Save n Continue in SIP Employee Listing Page' is clickable

2018-12-07 00:04:26 - [MESSAGE][PASSED] - Object 'Object Repository/Final Object Repo/New Registration - Registration Module Pages/Third Screen - Upload Supporting Doc- Preview/Save n Continue in SIP Employee Listing Page' is clickable

2018-12-07 00:04:26 - [TEST_STEP][PASSED] - click: Object: 'Object Repository/Final Object Repo/New Registration - Registration Module Pages/Third Screen - Upload Supporting Doc- Preview/Save n Continue in SIP Employee Listing Page' is clicked on

2018-12-07 00:04:31 - [MESSAGE][PASSED] - Object: 'Object Repository/Final Object Repo/New Registration - Registration Module Pages/Third Screen - Upload Supporting Doc- Preview/Save n Continue in SIP Employee Listing Page' is clicked on

2018-12-07 00:04:31 - [TEST_STEP][PASSED] - delay: Delayed 7 second(s)

2018-12-07 00:04:38 - [MESSAGE][PASSED] - Delayed 7 second(s)

2018-12-07 00:04:38 - [TEST_STEP][PASSED] - click: Object: 'Object Repository/Final Object Repo/New Registration - Registration Module Pages/Third Screen - Upload Supporting Doc- Preview/Add Document Button' is clicked on

2018-12-07 00:04:39 - [MESSAGE][PASSED] - Object: 'Object Repository/Final Object Repo/New Registration - Registration Module Pages/Third Screen - Upload Supporting Doc- Preview/Add Document Button' is clicked on

2018-12-07 00:04:39 - [TEST_STEP][PASSED] - delay: Delayed 30 second(s)

2018-12-07 00:05:09 - [MESSAGE][PASSED] - Delayed 30 second(s)

2018-12-07 00:05:09 - [TEST_STEP][PASSED] - click: Object: 'Object Repository/Final Object Repo/New Registration - Registration Module Pages/Third Screen - Upload Supporting Doc- Preview/Supporting Doc Please Select Drop Down' is clicked on

2018-12-07 00:05:09 - [MESSAGE][PASSED] - Object: 'Object Repository/Final Object Repo/New Registration - Registration Module Pages/Third Screen - Upload Supporting Doc- Preview/Supporting Doc Please Select Drop Down' is clicked on

2018-12-07 00:05:09 - [TEST_STEP][PASSED] - delay: Delayed 2 second(s)

2018-12-07 00:05:11 - [MESSAGE][PASSED] - Delayed 2 second(s)

2018-12-07 00:05:11 - [TEST_STEP][PASSED] - click: Object: 'Object Repository/Final Object Repo/New Registration - Registration Module Pages/Third Screen - Upload Supporting Doc- Preview/Select to Upload Form 1' is clicked on

2018-12-07 00:05:11 - [MESSAGE][PASSED] - Object: 'Object Repository/Final Object Repo/New Registration - Registration Module Pages/Third Screen - Upload Supporting Doc- Preview/Select to Upload Form 1' is clicked on

2018-12-07 00:05:11 - [TEST_STEP][PASSED] - delay: Delayed 2 second(s)

2018-12-07 00:05:13 - [MESSAGE][PASSED] - Delayed 2 second(s)

2018-12-07 00:05:13 - [TEST_STEP][PASSED] - uploadFile: File 'C:\Users\Public\Pictures\Sample Pictures\Koala.jpg' sent to object: 'Object Repository/Final Object Repo/New Registration - Registration Module Pages/Third Screen - Upload Supporting Doc- Preview/Upload File Adding'

2018-12-07 00:05:13 - [MESSAGE][PASSED] - File 'C:\Users\Public\Pictures\Sample Pictures\Koala.jpg' sent to object: 'Object Repository/Final Object Repo/New Registration - Registration Module Pages/Third Screen - Upload Supporting Doc- Preview/Upload File Adding'

2018-12-07 00:05:13 - [TEST_STEP][PASSED] - delay: Delayed 5 second(s)

2018-12-07 00:05:18 - [MESSAGE][PASSED] - Delayed 5 second(s)

2018-12-07 00:05:18 - [TEST_STEP][PASSED] - click: Object: 'Object Repository/Final Object Repo/New Registration - Registration Module Pages/Third Screen - Upload Supporting Doc- Preview/Inner Form Add Document Button' is clicked on

2018-12-07 00:05:18 - [MESSAGE][PASSED] - Object: 'Object Repository/Final Object Repo/New Registration - Registration Module Pages/Third Screen - Upload Supporting Doc- Preview/Inner Form Add Document Button' is clicked on

2018-12-07 00:05:18 - [TEST_STEP][PASSED] - delay: Delayed 3 second(s)

2018-12-07 00:05:21 - [MESSAGE][PASSED] - Delayed 3 second(s)

2018-12-07 00:05:21 - [TEST_STEP][PASSED] - click: Object: 'Object Repository/Final Object Repo/New Registration - Registration Module Pages/Third Screen - Upload Supporting Doc- Preview/Add Document Button' is clicked on

2018-12-07 00:05:22 - [MESSAGE][PASSED] - Object: 'Object Repository/Final Object Repo/New Registration - Registration Module Pages/Third Screen - Upload Supporting Doc- Preview/Add Document Button' is clicked on

2018-12-07 00:05:22 - [TEST_STEP][PASSED] - delay: Delayed 30 second(s)

2018-12-07 00:05:52 - [MESSAGE][PASSED] - Delayed 30 second(s)

2018-12-07 00:05:52 - [TEST_STEP][PASSED] - click: Object: 'Object Repository/Final Object Repo/New Registration - Registration Module Pages/Third Screen - Upload Supporting Doc- Preview/Supporting Doc Please Select Drop Down' is clicked on

2018-12-07 00:05:53 - [MESSAGE][PASSED] - Object: 'Object Repository/Final Object Repo/New Registration - Registration Module Pages/Third Screen - Upload Supporting Doc- Preview/Supporting Doc Please Select Drop Down' is clicked on

2018-12-07 00:05:53 - [TEST_STEP][PASSED] - delay: Delayed 2 second(s)

2018-12-07 00:05:55 - [MESSAGE][PASSED] - Delayed 2 second(s)

2018-12-07 00:05:55 - [TEST_STEP][PASSED] - click: Object: 'Object Repository/Final Object Repo/New Registration - Registration Module Pages/Third Screen - Upload Supporting Doc- Preview/Select to Upload Form 2' is clicked on

2018-12-07 00:05:55 - [MESSAGE][PASSED] - Object: 'Object Repository/Final Object Repo/New Registration - Registration Module Pages/Third Screen - Upload Supporting Doc- Preview/Select to Upload Form 2' is clicked on

2018-12-07 00:05:55 - [TEST_STEP][PASSED] - delay: Delayed 2 second(s)

2018-12-07 00:05:57 - [MESSAGE][PASSED] - Delayed 2 second(s)

2018-12-07 00:05:57 - [TEST_STEP][PASSED] - uploadFile: File 'C:\Users\Public\Pictures\Sample Pictures\Koala.jpg' sent to object: 'Object Repository/Final Object Repo/New Registration - Registration Module Pages/Third Screen - Upload Supporting Doc- Preview/Upload File Adding'

2018-12-07 00:05:57 - [MESSAGE][PASSED] - File 'C:\Users\Public\Pictures\Sample Pictures\Koala.jpg' sent to object: 'Object Repository/Final Object Repo/New Registration - Registration Module Pages/Third Screen - Upload Supporting Doc- Preview/Upload File Adding'

2018-12-07 00:05:57 - [TEST_STEP][PASSED] - click: Object: 'Object Repository/Final Object Repo/New Registration - Registration Module Pages/Third Screen - Upload Supporting Doc- Preview/Inner Form Add Document Button' is clicked on

2018-12-07 00:05:57 - [MESSAGE][PASSED] - Object: 'Object Repository/Final Object Repo/New Registration - Registration Module Pages/Third Screen - Upload Supporting Doc- Preview/Inner Form Add Document Button' is clicked on

2018-12-07 00:05:57 - [TEST_STEP][PASSED] - delay: Delayed 5 second(s)

2018-12-07 00:06:02 - [MESSAGE][PASSED] - Delayed 5 second(s)

2018-12-07 00:06:02 - [TEST_STEP][PASSED] - click: Object: 'Object Repository/Final Object Repo/New Registration - Registration Module Pages/Third Screen - Upload Supporting Doc- Preview/Add Document Button' is clicked on

2018-12-07 00:06:02 - [MESSAGE][PASSED] - Object: 'Object Repository/Final Object Repo/New Registration - Registration Module Pages/Third Screen - Upload Supporting Doc- Preview/Add Document Button' is clicked on

2018-12-07 00:06:02 - [TEST_STEP][PASSED] - delay: Delayed 30 second(s)

2018-12-07 00:06:32 - [MESSAGE][PASSED] - Delayed 30 second(s)

2018-12-07 00:06:32 - [TEST_STEP][PASSED] - click: Object: 'Object Repository/Final Object Repo/New Registration - Registration Module Pages/Third Screen - Upload Supporting Doc- Preview/Supporting Doc Please Select Drop Down' is clicked on

2018-12-07 00:06:32 - [MESSAGE][PASSED] - Object: 'Object Repository/Final Object Repo/New Registration - Registration Module Pages/Third Screen - Upload Supporting Doc- Preview/Supporting Doc Please Select Drop Down' is clicked on

2018-12-07 00:06:32 - [TEST_STEP][PASSED] - click: Object: 'Object Repository/Final Object Repo/New Registration - Registration Module Pages/Third Screen - Upload Supporting Doc- Preview/Select to Upload Borang SIP 1' is clicked on

2018-12-07 00:06:33 - [MESSAGE][PASSED] - Object: 'Object Repository/Final Object Repo/New Registration - Registration Module Pages/Third Screen - Upload Supporting Doc- Preview/Select to Upload Borang SIP 1' is clicked on

2018-12-07 00:06:33 - [TEST_STEP][PASSED] - delay: Delayed 2 second(s)

2018-12-07 00:06:35 - [MESSAGE][PASSED] - Delayed 2 second(s)

2018-12-07 00:06:35 - [TEST_STEP][PASSED] - uploadFile: File 'C:\Users\Public\Pictures\Sample Pictures\Koala.jpg' sent to object: 'Object Repository/Final Object Repo/New Registration - Registration Module Pages/Third Screen - Upload Supporting Doc- Preview/Upload File Adding'

2018-12-07 00:06:35 - [MESSAGE][PASSED] - File 'C:\Users\Public\Pictures\Sample Pictures\Koala.jpg' sent to object: 'Object Repository/Final Object Repo/New Registration - Registration Module Pages/Third Screen - Upload Supporting Doc- Preview/Upload File Adding'

2018-12-07 00:06:35 - [TEST_STEP][PASSED] - click: Object: 'Object Repository/Final Object Repo/New Registration - Registration Module Pages/Third Screen - Upload Supporting Doc- Preview/Inner Form Add Document Button' is clicked on

2018-12-07 00:06:35 - [MESSAGE][PASSED] - Object: 'Object Repository/Final Object Repo/New Registration - Registration Module Pages/Third Screen - Upload Supporting Doc- Preview/Inner Form Add Document Button' is clicked on

2018-12-07 00:06:35 - [TEST_STEP][PASSED] - delay: Delayed 5 second(s)

2018-12-07 00:06:40 - [MESSAGE][PASSED] - Delayed 5 second(s)

2018-12-07 00:06:40 - [TEST_STEP][PASSED] - click: Object: 'Object Repository/Final Object Repo/New Registration - Registration Module Pages/Third Screen - Upload Supporting Doc- Preview/Add Document Button' is clicked on

2018-12-07 00:06:40 - [MESSAGE][PASSED] - Object: 'Object Repository/Final Object Repo/New Registration - Registration Module Pages/Third Screen - Upload Supporting Doc- Preview/Add Document Button' is clicked on

2018-12-07 00:06:40 - [TEST_STEP][PASSED] - delay: Delayed 30 second(s)

2018-12-07 00:07:10 - [MESSAGE][PASSED] - Delayed 30 second(s)

2018-12-07 00:07:10 - [TEST_STEP][PASSED] - click: Object: 'Object Repository/Final Object Repo/New Registration - Registration Module Pages/Third Screen - Upload Supporting Doc- Preview/Supporting Doc Please Select Drop Down' is clicked on

2018-12-07 00:07:10 - [MESSAGE][PASSED] - Object: 'Object Repository/Final Object Repo/New Registration - Registration Module Pages/Third Screen - Upload Supporting Doc- Preview/Supporting Doc Please Select Drop Down' is clicked on

2018-12-07 00:07:10 - [TEST_STEP][PASSED] - delay: Delayed 3 second(s)

2018-12-07 00:07:13 - [MESSAGE][PASSED] - Delayed 3 second(s)

2018-12-07 00:07:13 - [TEST_STEP][PASSED] - click: Object: 'Object Repository/Final Object Repo/New Registration - Registration Module Pages/Third Screen - Upload Supporting Doc- Preview/Select to Upload Borang SIP 2' is clicked on

2018-12-07 00:07:13 - [MESSAGE][PASSED] - Object: 'Object Repository/Final Object Repo/New Registration - Registration Module Pages/Third Screen - Upload Supporting Doc- Preview/Select to Upload Borang SIP 2' is clicked on

2018-12-07 00:07:13 - [TEST_STEP][PASSED] - delay: Delayed 2 second(s)

2018-12-07 00:07:15 - [MESSAGE][PASSED] - Delayed 2 second(s)

2018-12-07 00:07:15 - [TEST_STEP][PASSED] - uploadFile: File 'C:\Users\Public\Pictures\Sample Pictures\Koala.jpg' sent to object: 'Object Repository/Final Object Repo/New Registration - Registration Module Pages/Third Screen - Upload Supporting Doc- Preview/Upload File Adding'

2018-12-07 00:07:15 - [MESSAGE][PASSED] - File 'C:\Users\Public\Pictures\Sample Pictures\Koala.jpg' sent to object: 'Object Repository/Final Object Repo/New Registration - Registration Module Pages/Third Screen - Upload Supporting Doc- Preview/Upload File Adding'

2018-12-07 00:07:15 - [TEST_STEP][PASSED] - delay: Delayed 5 second(s)

2018-12-07 00:07:20 - [MESSAGE][PASSED] - Delayed 5 second(s)

2018-12-07 00:07:20 - [TEST_STEP][PASSED] - click: Object: 'Object Repository/Final Object Repo/New Registration - Registration Module Pages/Third Screen - Upload Supporting Doc- Preview/Inner Form Add Document Button' is clicked on

2018-12-07 00:07:21 - [MESSAGE][PASSED] - Object: 'Object Repository/Final Object Repo/New Registration - Registration Module Pages/Third Screen - Upload Supporting Doc- Preview/Inner Form Add Document Button' is clicked on

2018-12-07 00:07:21 - [TEST_STEP][PASSED] - delay: Delayed 3 second(s)

2018-12-07 00:07:24 - [MESSAGE][PASSED] - Delayed 3 second(s)

2018-12-07 00:07:24 - [TEST_STEP][PASSED] - waitForElementClickable: Object 'Object Repository/Final Object Repo/New Registration - Registration Module Pages/Third Screen - Upload Supporting Doc- Preview/Save n Continue in Uploading Supporting Doc Page' is clickable

2018-12-07 00:07:25 - [MESSAGE][PASSED] - Object 'Object Repository/Final Object Repo/New Registration - Registration Module Pages/Third Screen - Upload Supporting Doc- Preview/Save n Continue in Uploading Supporting Doc Page' is clickable

2018-12-07 00:07:25 - [TEST_STEP][PASSED] - click: Object: 'Object Repository/Final Object Repo/New Registration - Registration Module Pages/Third Screen - Upload Supporting Doc- Preview/Save n Continue in Uploading Supporting Doc Page' is clicked on

2018-12-07 00:07:25 - [MESSAGE][PASSED] - Object: 'Object Repository/Final Object Repo/New Registration - Registration Module Pages/Third Screen - Upload Supporting Doc- Preview/Save n Continue in Uploading Supporting Doc Page' is clicked on

2018-12-07 00:07:25 - [MESSAGE][PASSED] - Call Test Case 'Test Cases/Final Aug 2018 - PKS Automation/Registration Module/New Registration/Flow of New Registration/Third Screen - Upload Supporting Doc - Preview' successfully

2018-12-07 00:07:25 - [TEST_STEP][PASSED] - callTestCase: Call Test Case 'Test Cases/Final Aug 2018 - PKS Automation/Registration Module/New Registration/Submit and Screenshot/Submit Registration and Screenshot - Copy' successfully

2018-12-07 00:07:25 - [TEST_CASE][PASSED] - Test Cases/Final Aug 2018 - PKS Automation/Registration Module/New Registration/Submit and Screenshot/Submit Registration and Screenshot - Copy: Test Cases/Final Aug 2018 - PKS Automation/Registration Module/New Registration/Submit and Screenshot/Submit Registration and Screenshot - Copy

2018-12-07 00:07:25 - [TEST_STEP][PASSED] - delay: Delayed 6 second(s)

2018-12-07 00:07:31 - [MESSAGE][PASSED] - Delayed 6 second(s)

2018-12-07 00:07:31 - [TEST_STEP][PASSED] - click: Object: 'Object Repository/Final Object Repo/New Registration - Registration Module Pages/Third Screen - Upload Supporting Doc- Preview/Preview Submit Button' is clicked on

2018-12-07 00:07:31 - [MESSAGE][PASSED] - Object: 'Object Repository/Final Object Repo/New Registration - Registration Module Pages/Third Screen - Upload Supporting Doc- Preview/Preview Submit Button' is clicked on

2018-12-07 00:07:31 - [TEST_STEP][PASSED] - delay: Delayed 2 second(s)

2018-12-07 00:07:33 - [MESSAGE][PASSED] - Delayed 2 second(s)

2018-12-07 00:07:33 - [TEST_STEP][PASSED] - click: Object: 'Object Repository/Final Object Repo/New Registration - Registration Module Pages/Third Screen - Upload Supporting Doc- Preview/Preview Submit - Confirm' is clicked on

2018-12-07 00:07:33 - [MESSAGE][PASSED] - Object: 'Object Repository/Final Object Repo/New Registration - Registration Module Pages/Third Screen - Upload Supporting Doc- Preview/Preview Submit - Confirm' is clicked on

2018-12-07 00:07:33 - [TEST_STEP][PASSED] - delay: Delayed 15 second(s)

2018-12-07 00:07:48 - [MESSAGE][PASSED] - Delayed 15 second(s)

2018-12-07 00:07:48 - [TEST_STEP][PASSED] - Statement - driver = com.kms.katalon.core.webui.driver.DriverFactory.getWebDriver(): null

2018-12-07 00:07:48 - [TEST_STEP][PASSED] - Statement - driver.manage().timeouts().implicitlyWait(10, SECONDS): null

2018-12-07 00:07:48 - [TEST_STEP][PASSED] - Statement - PresavePath = KatalonScreenshots: null

2018-12-07 00:07:48 - [TEST_STEP][PASSED] - Statement - pathPrefix = "C:\Users\Public\Pictures\Sample Pictures\Katalon Screenshots\Automate Ending Screen": null

2018-12-07 00:07:48 - [TEST_STEP][PASSED] - Statement - finalPath = <not implemented yet for class: org.codehaus.groovy.ast.expr.EmptyExpression>: null

2018-12-07 00:07:48 - [TEST_STEP][PASSED] - Statement - scrFile = driver.getScreenshotAs(FILE): null

2018-12-07 00:07:49 - [TEST_STEP][PASSED] - Statement - PreSaveFile = new java.io.File(PresavePath): null

2018-12-07 00:07:49 - [TEST_STEP][PASSED] - Statement - counter = 0: null

2018-12-07 00:07:49 - [TEST_STEP][PASSED] - Statement - If (PreSaveFile.exists()): null

2018-12-07 00:07:49 - [TEST_STEP][PASSED] - Statement - While (PreSaveFile.exists()): null

2018-12-07 00:07:49 - [TEST_STEP][PASSED] - Statement - counter = counter + 1: null

2018-12-07 00:07:49 - [TEST_STEP][PASSED] - Statement - PreSaveFile = new java.io.File(((pathPrefix + java.lang.Integer.toString(counter)) + .png)): null

2018-12-07 00:07:49 - [TEST_STEP][PASSED] - Statement - counter = counter + 1: null

2018-12-07 00:07:49 - [TEST_STEP][PASSED] - Statement - PreSaveFile = new java.io.File(((pathPrefix + java.lang.Integer.toString(counter)) + .png)): null

2018-12-07 00:07:49 - [TEST_STEP][PASSED] - Statement - counter = counter + 1: null

2018-12-07 00:07:49 - [TEST_STEP][PASSED] - Statement - PreSaveFile = new java.io.File(((pathPrefix + java.lang.Integer.toString(counter)) + .png)): null

2018-12-07 00:07:49 - [TEST_STEP][PASSED] - Statement - counter = counter + 1: null

2018-12-07 00:07:49 - [TEST_STEP][PASSED] - Statement - PreSaveFile = new java.io.File(((pathPrefix + java.lang.Integer.toString(counter)) + .png)): null

2018-12-07 00:07:49 - [TEST_STEP][PASSED] - Statement - counter = counter + 1: null

2018-12-07 00:07:49 - [TEST_STEP][PASSED] - Statement - PreSaveFile = new java.io.File(((pathPrefix + java.lang.Integer.toString(counter)) + .png)): null

2018-12-07 00:07:49 - [TEST_STEP][PASSED] - Statement - counter = counter + 1: null

2018-12-07 00:07:49 - [TEST_STEP][PASSED] - Statement - PreSaveFile = new java.io.File(((pathPrefix + java.lang.Integer.toString(counter)) + .png)): null

2018-12-07 00:07:49 - [TEST_STEP][PASSED] - Statement - counter = counter + 1: null

2018-12-07 00:07:49 - [TEST_STEP][PASSED] - Statement - PreSaveFile = new java.io.File(((pathPrefix + java.lang.Integer.toString(counter)) + .png)): null

2018-12-07 00:07:49 - [TEST_STEP][PASSED] - Statement - counter = counter + 1: null

2018-12-07 00:07:49 - [TEST_STEP][PASSED] - Statement - PreSaveFile = new java.io.File(((pathPrefix + java.lang.Integer.toString(counter)) + .png)): null

2018-12-07 00:07:49 - [TEST_STEP][PASSED] - Statement - counter = counter + 1: null

2018-12-07 00:07:49 - [TEST_STEP][PASSED] - Statement - PreSaveFile = new java.io.File(((pathPrefix + java.lang.Integer.toString(counter)) + .png)): null

2018-12-07 00:07:49 - [TEST_STEP][PASSED] - Statement - counter = counter + 1: null

2018-12-07 00:07:49 - [TEST_STEP][PASSED] - Statement - PreSaveFile = new java.io.File(((pathPrefix + java.lang.Integer.toString(counter)) + .png)): null

2018-12-07 00:07:49 - [TEST_STEP][PASSED] - Statement - counter = counter + 1: null

2018-12-07 00:07:49 - [TEST_STEP][PASSED] - Statement - PreSaveFile = new java.io.File(((pathPrefix + java.lang.Integer.toString(counter)) + .png)): null

2018-12-07 00:07:49 - [TEST_STEP][PASSED] - Statement - counter = counter + 1: null

2018-12-07 00:07:49 - [TEST_STEP][PASSED] - Statement - PreSaveFile = new java.io.File(((pathPrefix + java.lang.Integer.toString(counter)) + .png)): null

2018-12-07 00:07:49 - [TEST_STEP][PASSED] - Statement - counter = counter + 1: null

2018-12-07 00:07:49 - [TEST_STEP][PASSED] - Statement - PreSaveFile = new java.io.File(((pathPrefix + java.lang.Integer.toString(counter)) + .png)): null

2018-12-07 00:07:49 - [TEST_STEP][PASSED] - Statement - counter = counter + 1: null

2018-12-07 00:07:49 - [TEST_STEP][PASSED] - Statement - PreSaveFile = new java.io.File(((pathPrefix + java.lang.Integer.toString(counter)) + .png)): null

2018-12-07 00:07:49 - [TEST_STEP][PASSED] - Statement - counter = counter + 1: null

2018-12-07 00:07:49 - [TEST_STEP][PASSED] - Statement - PreSaveFile = new java.io.File(((pathPrefix + java.lang.Integer.toString(counter)) + .png)): null

2018-12-07 00:07:49 - [TEST_STEP][PASSED] - Statement - counter = counter + 1: null

2018-12-07 00:07:49 - [TEST_STEP][PASSED] - Statement - PreSaveFile = new java.io.File(((pathPrefix + java.lang.Integer.toString(counter)) + .png)): null

2018-12-07 00:07:49 - [TEST_STEP][PASSED] - Statement - counter = counter + 1: null

2018-12-07 00:07:49 - [TEST_STEP][PASSED] - Statement - PreSaveFile = new java.io.File(((pathPrefix + java.lang.Integer.toString(counter)) + .png)): null

2018-12-07 00:07:49 - [TEST_STEP][PASSED] - Statement - counter = counter + 1: null

2018-12-07 00:07:49 - [TEST_STEP][PASSED] - Statement - PreSaveFile = new java.io.File(((pathPrefix + java.lang.Integer.toString(counter)) + .png)): null

2018-12-07 00:07:49 - [TEST_STEP][PASSED] - Statement - counter = counter + 1: null

2018-12-07 00:07:49 - [TEST_STEP][PASSED] - Statement - PreSaveFile = new java.io.File(((pathPrefix + java.lang.Integer.toString(counter)) + .png)): null

2018-12-07 00:07:49 - [TEST_STEP][PASSED] - Statement - counter = counter + 1: null

2018-12-07 00:07:49 - [TEST_STEP][PASSED] - Statement - PreSaveFile = new java.io.File(((pathPrefix + java.lang.Integer.toString(counter)) + .png)): null

2018-12-07 00:07:49 - [TEST_STEP][PASSED] - Statement - counter = counter + 1: null

2018-12-07 00:07:49 - [TEST_STEP][PASSED] - Statement - PreSaveFile = new java.io.File(((pathPrefix + java.lang.Integer.toString(counter)) + .png)): null

2018-12-07 00:07:49 - [TEST_STEP][PASSED] - Statement - counter = counter + 1: null

2018-12-07 00:07:49 - [TEST_STEP][PASSED] - Statement - PreSaveFile = new java.io.File(((pathPrefix + java.lang.Integer.toString(counter)) + .png)): null

2018-12-07 00:07:49 - [TEST_STEP][PASSED] - Statement - counter = counter + 1: null

2018-12-07 00:07:49 - [TEST_STEP][PASSED] - Statement - PreSaveFile = new java.io.File(((pathPrefix + java.lang.Integer.toString(counter)) + .png)): null

2018-12-07 00:07:49 - [TEST_STEP][PASSED] - Statement - counter = counter + 1: null

2018-12-07 00:07:49 - [TEST_STEP][PASSED] - Statement - PreSaveFile = new java.io.File(((pathPrefix + java.lang.Integer.toString(counter)) + .png)): null

2018-12-07 00:07:49 - [TEST_STEP][PASSED] - Statement - counter = counter + 1: null

2018-12-07 00:07:49 - [TEST_STEP][PASSED] - Statement - PreSaveFile = new java.io.File(((pathPrefix + java.lang.Integer.toString(counter)) + .png)): null

2018-12-07 00:07:49 - [TEST_STEP][PASSED] - Statement - counter = counter + 1: null

2018-12-07 00:07:49 - [TEST_STEP][PASSED] - Statement - PreSaveFile = new java.io.File(((pathPrefix + java.lang.Integer.toString(counter)) + .png)): null

2018-12-07 00:07:49 - [TEST_STEP][PASSED] - Statement - counter = counter + 1: null

2018-12-07 00:07:49 - [TEST_STEP][PASSED] - Statement - PreSaveFile = new java.io.File(((pathPrefix + java.lang.Integer.toString(counter)) + .png)): null

2018-12-07 00:07:49 - [TEST_STEP][PASSED] - Statement - counter = counter + 1: null

2018-12-07 00:07:49 - [TEST_STEP][PASSED] - Statement - PreSaveFile = new java.io.File(((pathPrefix + java.lang.Integer.toString(counter)) + .png)): null

2018-12-07 00:07:49 - [TEST_STEP][PASSED] - Statement - counter = counter + 1: null

2018-12-07 00:07:49 - [TEST_STEP][PASSED] - Statement - PreSaveFile = new java.io.File(((pathPrefix + java.lang.Integer.toString(counter)) + .png)): null

2018-12-07 00:07:49 - [TEST_STEP][PASSED] - Statement - counter = counter + 1: null

2018-12-07 00:07:49 - [TEST_STEP][PASSED] - Statement - PreSaveFile = new java.io.File(((pathPrefix + java.lang.Integer.toString(counter)) + .png)): null

2018-12-07 00:07:49 - [TEST_STEP][PASSED] - Statement - counter = counter + 1: null

2018-12-07 00:07:49 - [TEST_STEP][PASSED] - Statement - PreSaveFile = new java.io.File(((pathPrefix + java.lang.Integer.toString(counter)) + .png)): null

2018-12-07 00:07:49 - [TEST_STEP][PASSED] - Statement - counter = counter + 1: null

2018-12-07 00:07:49 - [TEST_STEP][PASSED] - Statement - PreSaveFile = new java.io.File(((pathPrefix + java.lang.Integer.toString(counter)) + .png)): null

2018-12-07 00:07:49 - [TEST_STEP][PASSED] - Statement - counter = counter + 1: null

2018-12-07 00:07:49 - [TEST_STEP][PASSED] - Statement - PreSaveFile = new java.io.File(((pathPrefix + java.lang.Integer.toString(counter)) + .png)): null

2018-12-07 00:07:49 - [TEST_STEP][PASSED] - Statement - counter = counter + 1: null

2018-12-07 00:07:49 - [TEST_STEP][PASSED] - Statement - PreSaveFile = new java.io.File(((pathPrefix + java.lang.Integer.toString(counter)) + .png)): null

2018-12-07 00:07:49 - [TEST_STEP][PASSED] - Statement - counter = counter + 1: null

2018-12-07 00:07:49 - [TEST_STEP][PASSED] - Statement - PreSaveFile = new java.io.File(((pathPrefix + java.lang.Integer.toString(counter)) + .png)): null

2018-12-07 00:07:49 - [TEST_STEP][PASSED] - Statement - counter = counter + 1: null

2018-12-07 00:07:49 - [TEST_STEP][PASSED] - Statement - PreSaveFile = new java.io.File(((pathPrefix + java.lang.Integer.toString(counter)) + .png)): null

2018-12-07 00:07:49 - [TEST_STEP][PASSED] - Statement - counter = counter + 1: null

2018-12-07 00:07:49 - [TEST_STEP][PASSED] - Statement - PreSaveFile = new java.io.File(((pathPrefix + java.lang.Integer.toString(counter)) + .png)): null

2018-12-07 00:07:49 - [TEST_STEP][PASSED] - Statement - counter = counter + 1: null

2018-12-07 00:07:49 - [TEST_STEP][PASSED] - Statement - PreSaveFile = new java.io.File(((pathPrefix + java.lang.Integer.toString(counter)) + .png)): null

2018-12-07 00:07:49 - [TEST_STEP][PASSED] - Statement - counter = counter + 1: null

2018-12-07 00:07:49 - [TEST_STEP][PASSED] - Statement - PreSaveFile = new java.io.File(((pathPrefix + java.lang.Integer.toString(counter)) + .png)): null

2018-12-07 00:07:49 - [TEST_STEP][PASSED] - Statement - counter = counter + 1: null

2018-12-07 00:07:49 - [TEST_STEP][PASSED] - Statement - PreSaveFile = new java.io.File(((pathPrefix + java.lang.Integer.toString(counter)) + .png)): null

2018-12-07 00:07:49 - [TEST_STEP][PASSED] - Statement - counter = counter + 1: null

2018-12-07 00:07:49 - [TEST_STEP][PASSED] - Statement - PreSaveFile = new java.io.File(((pathPrefix + java.lang.Integer.toString(counter)) + .png)): null

2018-12-07 00:07:49 - [TEST_STEP][PASSED] - Statement - counter = counter + 1: null

2018-12-07 00:07:49 - [TEST_STEP][PASSED] - Statement - PreSaveFile = new java.io.File(((pathPrefix + java.lang.Integer.toString(counter)) + .png)): null

2018-12-07 00:07:49 - [TEST_STEP][PASSED] - Statement - counter = counter + 1: null

2018-12-07 00:07:49 - [TEST_STEP][PASSED] - Statement - PreSaveFile = new java.io.File(((pathPrefix + java.lang.Integer.toString(counter)) + .png)): null

2018-12-07 00:07:49 - [TEST_STEP][PASSED] - Statement - counter = counter + 1: null

2018-12-07 00:07:49 - [TEST_STEP][PASSED] - Statement - PreSaveFile = new java.io.File(((pathPrefix + java.lang.Integer.toString(counter)) + .png)): null

2018-12-07 00:07:49 - [TEST_STEP][PASSED] - Statement - counter = counter + 1: null

2018-12-07 00:07:49 - [TEST_STEP][PASSED] - Statement - PreSaveFile = new java.io.File(((pathPrefix + java.lang.Integer.toString(counter)) + .png)): null

2018-12-07 00:07:49 - [TEST_STEP][PASSED] - Statement - counter = counter + 1: null

2018-12-07 00:07:49 - [TEST_STEP][PASSED] - Statement - PreSaveFile = new java.io.File(((pathPrefix + java.lang.Integer.toString(counter)) + .png)): null

2018-12-07 00:07:49 - [TEST_STEP][PASSED] - Statement - counter = counter + 1: null

2018-12-07 00:07:49 - [TEST_STEP][PASSED] - Statement - PreSaveFile = new java.io.File(((pathPrefix + java.lang.Integer.toString(counter)) + .png)): null

2018-12-07 00:07:49 - [TEST_STEP][PASSED] - Statement - counter = counter + 1: null

2018-12-07 00:07:49 - [TEST_STEP][PASSED] - Statement - PreSaveFile = new java.io.File(((pathPrefix + java.lang.Integer.toString(counter)) + .png)): null

2018-12-07 00:07:49 - [TEST_STEP][PASSED] - Statement - counter = counter + 1: null

2018-12-07 00:07:49 - [TEST_STEP][PASSED] - Statement - PreSaveFile = new java.io.File(((pathPrefix + java.lang.Integer.toString(counter)) + .png)): null

2018-12-07 00:07:49 - [TEST_STEP][PASSED] - Statement - counter = counter + 1: null

2018-12-07 00:07:49 - [TEST_STEP][PASSED] - Statement - PreSaveFile = new java.io.File(((pathPrefix + java.lang.Integer.toString(counter)) + .png)): null

2018-12-07 00:07:49 - [TEST_STEP][PASSED] - Statement - counter = counter + 1: null

2018-12-07 00:07:49 - [TEST_STEP][PASSED] - Statement - PreSaveFile = new java.io.File(((pathPrefix + java.lang.Integer.toString(counter)) + .png)): null

2018-12-07 00:07:49 - [TEST_STEP][PASSED] - Statement - counter = counter + 1: null

2018-12-07 00:07:49 - [TEST_STEP][PASSED] - Statement - PreSaveFile = new java.io.File(((pathPrefix + java.lang.Integer.toString(counter)) + .png)): null

2018-12-07 00:07:49 - [TEST_STEP][PASSED] - Statement - counter = counter + 1: null

2018-12-07 00:07:49 - [TEST_STEP][PASSED] - Statement - PreSaveFile = new java.io.File(((pathPrefix + java.lang.Integer.toString(counter)) + .png)): null

2018-12-07 00:07:49 - [TEST_STEP][PASSED] - Statement - counter = counter + 1: null

2018-12-07 00:07:49 - [TEST_STEP][PASSED] - Statement - PreSaveFile = new java.io.File(((pathPrefix + java.lang.Integer.toString(counter)) + .png)): null

2018-12-07 00:07:49 - [TEST_STEP][PASSED] - Statement - counter = counter + 1: null

2018-12-07 00:07:49 - [TEST_STEP][PASSED] - Statement - PreSaveFile = new java.io.File(((pathPrefix + java.lang.Integer.toString(counter)) + .png)): null

2018-12-07 00:07:49 - [TEST_STEP][PASSED] - Statement - counter = counter + 1: null

2018-12-07 00:07:49 - [TEST_STEP][PASSED] - Statement - PreSaveFile = new java.io.File(((pathPrefix + java.lang.Integer.toString(counter)) + .png)): null

2018-12-07 00:07:49 - [TEST_STEP][PASSED] - Statement - counter = counter + 1: null

2018-12-07 00:07:49 - [TEST_STEP][PASSED] - Statement - PreSaveFile = new java.io.File(((pathPrefix + java.lang.Integer.toString(counter)) + .png)): null

2018-12-07 00:07:49 - [TEST_STEP][PASSED] - Statement - counter = counter + 1: null

2018-12-07 00:07:49 - [TEST_STEP][PASSED] - Statement - PreSaveFile = new java.io.File(((pathPrefix + java.lang.Integer.toString(counter)) + .png)): null

2018-12-07 00:07:49 - [TEST_STEP][PASSED] - Statement - counter = counter + 1: null

2018-12-07 00:07:49 - [TEST_STEP][PASSED] - Statement - PreSaveFile = new java.io.File(((pathPrefix + java.lang.Integer.toString(counter)) + .png)): null

2018-12-07 00:07:49 - [TEST_STEP][PASSED] - Statement - counter = counter + 1: null

2018-12-07 00:07:49 - [TEST_STEP][PASSED] - Statement - PreSaveFile = new java.io.File(((pathPrefix + java.lang.Integer.toString(counter)) + .png)): null

2018-12-07 00:07:49 - [TEST_STEP][PASSED] - Statement - counter = counter + 1: null

2018-12-07 00:07:49 - [TEST_STEP][PASSED] - Statement - PreSaveFile = new java.io.File(((pathPrefix + java.lang.Integer.toString(counter)) + .png)): null

2018-12-07 00:07:49 - [TEST_STEP][PASSED] - Statement - counter = counter + 1: null

2018-12-07 00:07:49 - [TEST_STEP][PASSED] - Statement - PreSaveFile = new java.io.File(((pathPrefix + java.lang.Integer.toString(counter)) + .png)): null

2018-12-07 00:07:49 - [TEST_STEP][PASSED] - Statement - counter = counter + 1: null

2018-12-07 00:07:49 - [TEST_STEP][PASSED] - Statement - PreSaveFile = new java.io.File(((pathPrefix + java.lang.Integer.toString(counter)) + .png)): null

2018-12-07 00:07:49 - [TEST_STEP][PASSED] - Statement - counter = counter + 1: null

2018-12-07 00:07:49 - [TEST_STEP][PASSED] - Statement - PreSaveFile = new java.io.File(((pathPrefix + java.lang.Integer.toString(counter)) + .png)): null

2018-12-07 00:07:49 - [TEST_STEP][PASSED] - Statement - counter = counter + 1: null

2018-12-07 00:07:49 - [TEST_STEP][PASSED] - Statement - PreSaveFile = new java.io.File(((pathPrefix + java.lang.Integer.toString(counter)) + .png)): null

2018-12-07 00:07:49 - [TEST_STEP][PASSED] - Statement - finalPath = pathPrefix + java.lang.Integer.toString(counter) + ".png": null

2018-12-07 00:07:49 - [TEST_STEP][PASSED] - Statement - SaveFile = new java.io.File(finalPath): null

2018-12-07 00:07:49 - [TEST_STEP][PASSED] - Statement - Try: null

2018-12-07 00:07:49 - [TEST_STEP][PASSED] - Statement - org.apache.commons.io.FileUtils.copyFile(scrFile, SaveFile): null

2018-12-07 00:07:49 - [TEST_STEP][PASSED] - Statement - out.println("file kept"): null

2018-12-07 00:07:49 - [TEST_STEP][PASSED] - delay: Delayed 10 second(s)

2018-12-07 00:07:59 - [MESSAGE][PASSED] - Delayed 10 second(s)

2018-12-07 00:07:59 - [MESSAGE][PASSED] - Call Test Case 'Test Cases/Final Aug 2018 - PKS Automation/Registration Module/New Registration/Submit and Screenshot/Submit Registration and Screenshot - Copy' successfully

2018-12-07 00:07:59 - [TEST_STEP][PASSED] - Statement - UpdateAddNewECode = com.kms.katalon.core.webui.keyword.WebUiBuiltInKeywords.getText(com.kms.katalon.core.testobject.ObjectRepository.findTestObject(Object Repository/Final Object Repo/Page_Update Add New Employee - ASSIST/getEmpCode)): Text of object 'Object Repository/Final Object Repo/Page_Update Add New Employee - ASSIST/getEmpCode' is: 'E1102070654Y'

2018-12-07 00:07:59 - [MESSAGE][PASSED] - Text of object 'Object Repository/Final Object Repo/Page_Update Add New Employee - ASSIST/getEmpCode' is: 'E1102070654Y'

2018-12-07 00:07:59 - [TEST_STEP][PASSED] - callTestCase: Call Test Case 'Test Cases/Final Aug 2018 - PKS Automation/Common/Emp Code Setter' successfully

2018-12-07 00:07:59 - [TEST_CASE][PASSED] - Test Cases/Final Aug 2018 - PKS Automation/Common/Emp Code Setter: Test Cases/Final Aug 2018 - PKS Automation/Common/Emp Code Setter

2018-12-07 00:07:59 - [TEST_STEP][PASSED] - Statement - EmpCodeOld = new java.io.File(C://Users//Admin//Desktop//PKS//Automation Reference Point//EmpCode.txt): null

2018-12-07 00:07:59 - [TEST_STEP][PASSED] - Statement - EmpCodeOld.delete(): null

2018-12-07 00:07:59 - [TEST_STEP][PASSED] - Statement - EmpCode = new java.io.File(C://Users//Admin//Desktop//PKS//Automation Reference Point//EmpCode.txt): null

2018-12-07 00:07:59 - [TEST_STEP][PASSED] - Statement - f2 = new java.io.FileWriter(EmpCode, false): null

2018-12-07 00:07:59 - [TEST_STEP][PASSED] - Statement - f2.write(UpdateAddNewECode): null

2018-12-07 00:07:59 - [TEST_STEP][PASSED] - Statement - f2.close(): null

2018-12-07 00:07:59 - [TEST_STEP][PASSED] - Statement - out.println("


" + UpdateAddNewECode + "


"): null

2018-12-07 00:07:59 - [MESSAGE][PASSED] - Call Test Case 'Test Cases/Final Aug 2018 - PKS Automation/Common/Emp Code Setter' successfully

2018-12-07 00:07:59 - [MESSAGE][PASSED] - Call Test Case 'Test Cases/Final Aug 2018 - PKS Automation/Registration Module/Workflow/Update Add New Employee/Template/New Company for Update Add New' successfully

2018-12-07 00:07:59 - [TEST_STEP][PASSED] - callTestCase: Call Test Case 'Test Cases/Final Aug 2018 - PKS Automation/Registration Module/Log Out/log out avoiding katalon tagging' successfully

2018-12-07 00:07:59 - [TEST_CASE][PASSED] - Test Cases/Final Aug 2018 - PKS Automation/Registration Module/Log Out/log out avoiding katalon tagging: Test Cases/Final Aug 2018 - PKS Automation/Registration Module/Log Out/log out avoiding katalon tagging

2018-12-07 00:07:59 - [TEST_STEP][PASSED] - navigateToUrl: Navigate to 'https://assist2-uat.perkeso.gov.my/c/portal/logout' successfully

2018-12-07 00:08:00 - [MESSAGE][PASSED] - Navigate to 'https://assist2-uat.perkeso.gov.my/c/portal/logout' successfully

2018-12-07 00:08:00 - [MESSAGE][PASSED] - Call Test Case 'Test Cases/Final Aug 2018 - PKS Automation/Registration Module/Log Out/log out avoiding katalon tagging' successfully

2018-12-07 00:08:00 - [TEST_STEP][PASSED] - callTestCase: Call Test Case 'Test Cases/Final Aug 2018 - PKS Automation/Registration Module/New Registration/Form 2/Date Updater' successfully

2018-12-07 00:08:00 - [TEST_CASE][PASSED] - Test Cases/Final Aug 2018 - PKS Automation/Registration Module/New Registration/Form 2/Date Updater: Test Cases/Final Aug 2018 - PKS Automation/Registration Module/New Registration/Form 2/Date Updater

2018-12-07 00:08:00 - [TEST_STEP][PASSED] - Statement - TodayDate = new java.util.Date(): null

2018-12-07 00:08:00 - [TEST_STEP][PASSED] - Statement - CurrentDateNoFilter = new java.text.SimpleDateFormat(): null

2018-12-07 00:08:00 - [TEST_STEP][PASSED] - Statement - CurrentDateNoFilter.applyPattern("MM"): null

2018-12-07 00:08:00 - [TEST_STEP][PASSED] - Statement - monthContainerMatcher = java.lang.Integer.parseInt(CurrentDateNoFilter.format(TodayDate)): null

2018-12-07 00:08:00 - [TEST_STEP][PASSED] - Statement - monthContainerMatcher = monthContainerMatcher - 1: null

2018-12-07 00:08:00 - [TEST_STEP][PASSED] - Statement - CurrentMonth = monthContainerMatcher.toString(): null

2018-12-07 00:08:00 - [TEST_STEP][PASSED] - Statement - CurrentMonth = CurrentMonth: null

2018-12-07 00:08:00 - [TEST_STEP][PASSED] - Statement - CurrentDateNoFilter.applyPattern("yyyy"): null

2018-12-07 00:08:00 - [TEST_STEP][PASSED] - Statement - CurrentYear = CurrentDateNoFilter.format(TodayDate): null

2018-12-07 00:08:00 - [TEST_STEP][PASSED] - Statement - CurrentYear = CurrentYear: null

2018-12-07 00:08:00 - [TEST_STEP][PASSED] - Statement - intCurrentYear = java.lang.Integer.parseInt(CurrentDateNoFilter.format(TodayDate)): null

2018-12-07 00:08:00 - [TEST_STEP][PASSED] - Statement - eighteenYrsAgo = intCurrentYear - 18: null

2018-12-07 00:08:00 - [TEST_STEP][PASSED] - Statement - eighteenYrsBeforeThisYr = eighteenYrsAgo.toString(): null

2018-12-07 00:08:00 - [TEST_STEP][PASSED] - Statement - EighteenYrsBefore = eighteenYrsBeforeThisYr: null

2018-12-07 00:08:00 - [TEST_STEP][PASSED] - Statement - fiftysevenYrsAgo = intCurrentYear - 57: null

2018-12-07 00:08:00 - [TEST_STEP][PASSED] - Statement - fiftysevenYrsBeforeThisYr = fiftysevenYrsAgo.toString(): null

2018-12-07 00:08:00 - [TEST_STEP][PASSED] - Statement - FiftysevenYrsBefore = fiftysevenYrsBeforeThisYr: null

2018-12-07 00:08:00 - [TEST_STEP][PASSED] - Statement - leapYear = false: null

2018-12-07 00:08:00 - [TEST_STEP][PASSED] - Statement - leapYear = intCurrentYear % 4 == 0: null

2018-12-07 00:08:00 - [TEST_STEP][PASSED] - Statement - CurrentDateNoFilter.applyPattern("dd"): null

2018-12-07 00:08:00 - [TEST_STEP][PASSED] - Statement - CurrentDate = CurrentDateNoFilter.format(TodayDate): null

2018-12-07 00:08:00 - [TEST_STEP][PASSED] - Statement - CurrentDate = java.lang.Integer.parseInt(CurrentDate): null

2018-12-07 00:08:00 - [TEST_STEP][PASSED] - Statement - CurrentDate = CurrentDate: null

2018-12-07 00:08:00 - [TEST_STEP][PASSED] - Statement - CurrentDay = java.lang.Integer.parseInt(CurrentDate): null

2018-12-07 00:08:00 - [TEST_STEP][PASSED] - Statement - ConfAdder = <not implemented yet for class: org.codehaus.groovy.ast.expr.EmptyExpression>: null

2018-12-07 00:08:00 - [TEST_STEP][PASSED] - Statement - out.println(CurrentMonth): null

2018-12-07 00:08:00 - [TEST_STEP][PASSED] - Statement - out.println(CurrentDate): null

2018-12-07 00:08:00 - [TEST_STEP][PASSED] - Statement - switch (CurrentDate): null

2018-12-07 00:08:00 - [TEST_STEP][PASSED] - Statement - Default: null

2018-12-07 00:08:00 - [TEST_STEP][PASSED] - Statement - ConfAdder = true: null

2018-12-07 00:08:00 - [TEST_STEP][PASSED] - Statement - Break: null

2018-12-07 00:08:00 - [TEST_STEP][PASSED] - Statement - aDayBefore = <not implemented yet for class: org.codehaus.groovy.ast.expr.EmptyExpression>: null

2018-12-07 00:08:00 - [TEST_STEP][PASSED] - Statement - out.println(ConfAdder): null

2018-12-07 00:08:00 - [TEST_STEP][PASSED] - Statement - If (ConfAdder == true): null

2018-12-07 00:08:00 - [TEST_STEP][PASSED] - Statement - aDayBefore = CurrentDay + 1: null

2018-12-07 00:08:00 - [TEST_STEP][PASSED] - Statement - out.println(aDayBefore): null

2018-12-07 00:08:00 - [TEST_STEP][PASSED] - Statement - If (aDayBefore == 1 && CurrentMonth == 11): null

2018-12-07 00:08:00 - [TEST_STEP][PASSED] - Statement - DayBefore = aDayBefore.toString(): null

2018-12-07 00:08:00 - [TEST_STEP][PASSED] - Statement - OneDayBefore = DayBefore: null

2018-12-07 00:08:00 - [MESSAGE][PASSED] - Call Test Case 'Test Cases/Final Aug 2018 - PKS Automation/Registration Module/New Registration/Form 2/Date Updater' successfully

2018-12-07 00:08:00 - [TEST_STEP][PASSED] - delay: Delayed 2 second(s)

2018-12-07 00:08:02 - [MESSAGE][PASSED] - Delayed 2 second(s)

2018-12-07 00:08:02 - [TEST_STEP][PASSED] - setText: Text 'klotc2@gmail.com' is set on object 'Object Repository/Final Object Repo/Page_Update Add New Employee - ASSIST/Email TextBox'

2018-12-07 00:08:02 - [MESSAGE][PASSED] - Text 'klotc2@gmail.com' is set on object 'Object Repository/Final Object Repo/Page_Update Add New Employee - ASSIST/Email TextBox'

2018-12-07 00:08:02 - [TEST_STEP][PASSED] - click: Object: 'Object Repository/Final Object Repo/Page_Update Add New Employee - ASSIST/Next Button' is clicked on

2018-12-07 00:08:02 - [MESSAGE][PASSED] - Object: 'Object Repository/Final Object Repo/Page_Update Add New Employee - ASSIST/Next Button' is clicked on

2018-12-07 00:08:02 - [TEST_STEP][PASSED] - delay: Delayed 2 second(s)

2018-12-07 00:08:04 - [MESSAGE][PASSED] - Delayed 2 second(s)

2018-12-07 00:08:04 - [TEST_STEP][PASSED] - setText: Text 'Test1@3456789' is set on object 'Object Repository/Final Object Repo/Page_Update Add New Employee - ASSIST/Password TextBox'

2018-12-07 00:08:05 - [MESSAGE][PASSED] - Text 'Test1@3456789' is set on object 'Object Repository/Final Object Repo/Page_Update Add New Employee - ASSIST/Password TextBox'

2018-12-07 00:08:05 - [TEST_STEP][PASSED] - delay: Delayed 2 second(s)

2018-12-07 00:08:07 - [MESSAGE][PASSED] - Delayed 2 second(s)

2018-12-07 00:08:07 - [TEST_STEP][PASSED] - click: Object: 'Object Repository/Final Object Repo/Page_Update Add New Employee - ASSIST/Login Button' is clicked on

2018-12-07 00:08:07 - [MESSAGE][PASSED] - Object: 'Object Repository/Final Object Repo/Page_Update Add New Employee - ASSIST/Login Button' is clicked on

2018-12-07 00:08:07 - [TEST_STEP][PASSED] - delay: Delayed 4 second(s)

2018-12-07 00:08:11 - [MESSAGE][PASSED] - Delayed 4 second(s)

2018-12-07 00:08:11 - [TEST_STEP][PASSED] - Statement - Try: Delayed 2 second(s)

2018-12-07 00:08:11 - [TEST_STEP][PASSED] - Statement - Checker = false: null

2018-12-07 00:08:11 - [TEST_STEP][PASSED] - Statement - Checker = com.kms.katalon.core.webui.keyword.WebUiBuiltInKeywords.verifyElementHasAttribute(com.kms.katalon.core.testobject.ObjectRepository.findTestObject(Final Object Repo/Landing Page/BM Detecting), "href", 20, OPTIONAL): Object 'Object Repository/Final Object Repo/Landing Page/BM Detecting' has attribute 'href'

2018-12-07 00:08:11 - [MESSAGE][PASSED] - Object 'Object Repository/Final Object Repo/Landing Page/BM Detecting' has attribute 'href'

2018-12-07 00:08:11 - [TEST_STEP][PASSED] - Statement - out.println(Checker): null

2018-12-07 00:08:11 - [TEST_STEP][PASSED] - Statement - If (Checker == false): null

2018-12-07 00:08:11 - [TEST_STEP][PASSED] - Statement - Else: null

2018-12-07 00:08:11 - [TEST_STEP][PASSED] - delay: Delayed 2 second(s)

2018-12-07 00:08:13 - [MESSAGE][PASSED] - Delayed 2 second(s)

2018-12-07 00:08:13 - [TEST_STEP][PASSED] - delay: Delayed 4 second(s)

2018-12-07 00:08:17 - [MESSAGE][PASSED] - Delayed 4 second(s)

2018-12-07 00:08:17 - [TEST_STEP][PASSED] - click: Object: 'Object Repository/Final Object Repo/Page_Update Add New Employee - ASSIST/My Sites Drop Down' is clicked on

2018-12-07 00:08:17 - [MESSAGE][PASSED] - Object: 'Object Repository/Final Object Repo/Page_Update Add New Employee - ASSIST/My Sites Drop Down' is clicked on

2018-12-07 00:08:17 - [TEST_STEP][PASSED] - click: Object: 'Object Repository/Final Object Repo/Page_Update Add New Employee - ASSIST/Select to Registration Module' is clicked on

2018-12-07 00:08:18 - [MESSAGE][PASSED] - Object: 'Object Repository/Final Object Repo/Page_Update Add New Employee - ASSIST/Select to Registration Module' is clicked on

2018-12-07 00:08:18 - [TEST_STEP][PASSED] - navigateToUrl: Navigate to 'https://assist2-uat.perkeso.gov.my/web/registration/myassist' successfully

2018-12-07 00:08:19 - [MESSAGE][PASSED] - Navigate to 'https://assist2-uat.perkeso.gov.my/web/registration/myassist' successfully

2018-12-07 00:08:19 - [TEST_STEP][PASSED] - mouseOver: Object: 'Object Repository/Final Object Repo/Page_Update Add New Employee - ASSIST/Select to Update Akta 4 Tab' is hovered

2018-12-07 00:08:19 - [MESSAGE][PASSED] - Object: 'Object Repository/Final Object Repo/Page_Update Add New Employee - ASSIST/Select to Update Akta 4 Tab' is hovered

2018-12-07 00:08:19 - [TEST_STEP][PASSED] - delay: Delayed 2 second(s)

2018-12-07 00:08:21 - [MESSAGE][PASSED] - Delayed 2 second(s)

2018-12-07 00:08:21 - [TEST_STEP][PASSED] - click: Object: 'Object Repository/Final Object Repo/Page_Update Add New Employee - ASSIST/Select to Update Add New Employee' is clicked on

2018-12-07 00:08:22 - [MESSAGE][PASSED] - Object: 'Object Repository/Final Object Repo/Page_Update Add New Employee - ASSIST/Select to Update Add New Employee' is clicked on

2018-12-07 00:08:22 - [TEST_STEP][PASSED] - delay: Delayed 2 second(s)

2018-12-07 00:08:24 - [MESSAGE][PASSED] - Delayed 2 second(s)

2018-12-07 00:08:24 - [TEST_STEP][PASSED] - setText: Text 'E1102070654Y' is set on object 'Object Repository/Final Object Repo/Page_Update Add New Employee - ASSIST/Employer Code input textbox'

2018-12-07 00:08:24 - [MESSAGE][PASSED] - Text 'E1102070654Y' is set on object 'Object Repository/Final Object Repo/Page_Update Add New Employee - ASSIST/Employer Code input textbox'

2018-12-07 00:08:24 - [TEST_STEP][PASSED] - delay: Delayed 2 second(s)

2018-12-07 00:08:26 - [MESSAGE][PASSED] - Delayed 2 second(s)

2018-12-07 00:08:26 - [TEST_STEP][PASSED] - click: Object: 'Object Repository/Final Object Repo/Page_Update Add New Employee - ASSIST/Search Button for Employer Code' is clicked on

2018-12-07 00:08:26 - [MESSAGE][PASSED] - Object: 'Object Repository/Final Object Repo/Page_Update Add New Employee - ASSIST/Search Button for Employer Code' is clicked on

2018-12-07 00:08:26 - [TEST_STEP][PASSED] - delay: Delayed 4 second(s)

2018-12-07 00:08:30 - [MESSAGE][PASSED] - Delayed 4 second(s)

2018-12-07 00:08:30 - [TEST_STEP][PASSED] - click: Object: 'Object Repository/Final Object Repo/Page_Update Add New Employee - ASSIST/Click to Edit Case' is clicked on

2018-12-07 00:08:33 - [MESSAGE][PASSED] - Object: 'Object Repository/Final Object Repo/Page_Update Add New Employee - ASSIST/Click to Edit Case' is clicked on

2018-12-07 00:08:33 - [TEST_STEP][PASSED] - callTestCase: Call Test Case 'Test Cases/Final Aug 2018 - PKS Automation/Registration Module/Workflow/Update Add New Employee/Template/Employee Adding/Employee Set Decider' successfully

2018-12-07 00:08:33 - [TEST_CASE][PASSED] - Test Cases/Final Aug 2018 - PKS Automation/Registration Module/Workflow/Update Add New Employee/Template/Employee Adding/Employee Set Decider: Test Cases/Final Aug 2018 - PKS Automation/Registration Module/Workflow/Update Add New Employee/Template/Employee Adding/Employee Set Decider

2018-12-07 00:08:33 - [TEST_STEP][PASSED] - delay: Delayed 4 second(s)

2018-12-07 00:08:37 - [MESSAGE][PASSED] - Delayed 4 second(s)

2018-12-07 00:08:37 - [TEST_STEP][PASSED] - click: Object: 'Object Repository/Final Object Repo/Page_Update Add New Employee - ASSIST/Add Employee Button' is clicked on

2018-12-07 00:08:37 - [MESSAGE][PASSED] - Object: 'Object Repository/Final Object Repo/Page_Update Add New Employee - ASSIST/Add Employee Button' is clicked on

2018-12-07 00:08:37 - [TEST_STEP][PASSED] - delay: Delayed 3 second(s)

2018-12-07 00:08:40 - [MESSAGE][PASSED] - Delayed 3 second(s)

2018-12-07 00:08:40 - [TEST_STEP][PASSED] - setText: Text '010903091920' is set on object 'Object Repository/Final Object Repo/Page_Update Add New Employee - ASSIST/NRIC Input'

2018-12-07 00:08:40 - [MESSAGE][PASSED] - Text '010903091920' is set on object 'Object Repository/Final Object Repo/Page_Update Add New Employee - ASSIST/NRIC Input'

2018-12-07 00:08:40 - [TEST_STEP][PASSED] - click: Object: 'Object Repository/Final Object Repo/Page_Update Add New Employee - ASSIST/button for search for IC' is clicked on

2018-12-07 00:08:40 - [MESSAGE][PASSED] - Object: 'Object Repository/Final Object Repo/Page_Update Add New Employee - ASSIST/button for search for IC' is clicked on

2018-12-07 00:08:40 - [TEST_STEP][PASSED] - delay: Delayed 2 second(s)

2018-12-07 00:08:42 - [MESSAGE][PASSED] - Delayed 2 second(s)

2018-12-07 00:08:42 - [TEST_STEP][PASSED] - sendKeys: Keys 'CONTROL + a' sent to object: 'Object Repository/Final Object Repo/Page_Update Add New Employee - ASSIST/Employee Name Input'

2018-12-07 00:08:43 - [MESSAGE][PASSED] - Keys 'CONTROL + a' sent to object: 'Object Repository/Final Object Repo/Page_Update Add New Employee - ASSIST/Employee Name Input'

2018-12-07 00:08:43 - [TEST_STEP][PASSED] - sendKeys: Keys 'CONTROL + c' sent to object: 'Object Repository/Final Object Repo/Page_Update Add New Employee - ASSIST/Employee Name Input'

2018-12-07 00:08:43 - [MESSAGE][PASSED] - Keys 'CONTROL + c' sent to object: 'Object Repository/Final Object Repo/Page_Update Add New Employee - ASSIST/Employee Name Input'

2018-12-07 00:08:43 - [TEST_STEP][PASSED] - Statement - toolkit = java.awt.Toolkit.getDefaultToolkit(): null

2018-12-07 00:08:43 - [TEST_STEP][PASSED] - Statement - clipboard = toolkit.getSystemClipboard(): null

2018-12-07 00:08:43 - [TEST_STEP][PASSED] - Statement - CurrentName = clipboard.getData(stringFlavor): null

2018-12-07 00:08:43 - [TEST_STEP][PASSED] - Statement - out.println("String from Clipboard:" + CurrentName): null

2018-12-07 00:08:43 - [TEST_STEP][PASSED] - Statement - If (CurrentName == "AUTOMATE002 ELIGIBLE 1"): Call Test Case 'Test Cases/Final Aug 2018 - PKS Automation/Registration Module/Workflow/Update Add New Employee/Template/Employee Adding/Employee Adding Action Repeat IC - set 1' successfully

2018-12-07 00:08:43 - [TEST_STEP][PASSED] - callTestCase: Call Test Case 'Test Cases/Final Aug 2018 - PKS Automation/Registration Module/Workflow/Update Add New Employee/Template/Employee Adding/Employee Adding Action Repeat IC - set 1' successfully

2018-12-07 00:08:43 - [TEST_CASE][PASSED] - Test Cases/Final Aug 2018 - PKS Automation/Registration Module/Workflow/Update Add New Employee/Template/Employee Adding/Employee Adding Action Repeat IC - set 1: Test Cases/Final Aug 2018 - PKS Automation/Registration Module/Workflow/Update Add New Employee/Template/Employee Adding/Employee Adding Action Repeat IC - set 1

2018-12-07 00:08:43 - [TEST_STEP][PASSED] - setText: Text 'Automate003 eligible 1' is set on object 'Object Repository/Final Object Repo/Page_Update Add New Employee - ASSIST/Employee Name Input'

2018-12-07 00:08:43 - [MESSAGE][PASSED] - Text 'Automate003 eligible 1' is set on object 'Object Repository/Final Object Repo/Page_Update Add New Employee - ASSIST/Employee Name Input'

2018-12-07 00:08:43 - [TEST_STEP][PASSED] - delay: Delayed 2 second(s)

2018-12-07 00:08:45 - [MESSAGE][PASSED] - Delayed 2 second(s)

2018-12-07 00:08:45 - [TEST_STEP][PASSED] - click: Object: 'Object Repository/Final Object Repo/Page_Update Add New Employee - ASSIST/DatePicker Pop Up' is clicked on

2018-12-07 00:08:45 - [MESSAGE][PASSED] - Object: 'Object Repository/Final Object Repo/Page_Update Add New Employee - ASSIST/DatePicker Pop Up' is clicked on

2018-12-07 00:08:45 - [TEST_STEP][PASSED] - click: Object: 'Object Repository/Final Object Repo/Page_Update Add New Employee - ASSIST/DOB Month' is clicked on

2018-12-07 00:08:46 - [MESSAGE][PASSED] - Object: 'Object Repository/Final Object Repo/Page_Update Add New Employee - ASSIST/DOB Month' is clicked on

2018-12-07 00:08:46 - [TEST_STEP][PASSED] - Statement - CurrentMonth = CurrentMonth: null

2018-12-07 00:08:46 - [TEST_STEP][PASSED] - Statement - selectMonth = new com.kms.katalon.core.testobject.TestObject(): null

2018-12-07 00:08:46 - [TEST_STEP][PASSED] - Statement - selectMonth.addProperty("xpath", EQUALS, "//body/div/div/div/select/option[@value='" + CurrentMonth + "']", true): null

2018-12-07 00:08:46 - [TEST_STEP][PASSED] - click: Object: '' is clicked on

2018-12-07 00:08:46 - [MESSAGE][PASSED] - Object: '' is clicked on

2018-12-07 00:08:46 - [TEST_STEP][PASSED] - click: Object: 'Object Repository/Final Object Repo/Page_Update Add New Employee - ASSIST/DOB Year' is clicked on

2018-12-07 00:08:46 - [MESSAGE][PASSED] - Object: 'Object Repository/Final Object Repo/Page_Update Add New Employee - ASSIST/DOB Year' is clicked on

2018-12-07 00:08:46 - [TEST_STEP][PASSED] - Statement - Eyearsbf = EighteenYrsBefore: null

2018-12-07 00:08:46 - [TEST_STEP][PASSED] - Statement - selectYear = new com.kms.katalon.core.testobject.TestObject(): null

2018-12-07 00:08:46 - [TEST_STEP][PASSED] - Statement - selectYear.addProperty("xpath", EQUALS, "//div/div/div/select/option[@value='" + Eyearsbf + "']", true): null

2018-12-07 00:08:46 - [TEST_STEP][PASSED] - click: Object: '' is clicked on

2018-12-07 00:08:46 - [MESSAGE][PASSED] - Object: '' is clicked on

2018-12-07 00:08:46 - [TEST_STEP][PASSED] - Statement - UpdatedSelectDate = com.kms.katalon.core.webui.keyword.WebUiBuiltInKeywords.modifyObjectProperty(com.kms.katalon.core.testobject.ObjectRepository.findTestObject(Final Object Repo/Page_Update Add New Employee - ASSIST/DOB Date), "xpath", "equals", "//body/div/table/tbody/tr/td/a[text()="" + CurrentDate + ""]", true): Modify property of object successfully

2018-12-07 00:08:46 - [MESSAGE][PASSED] - Modify property of object successfully

2018-12-07 00:08:46 - [TEST_STEP][PASSED] - delay: Delayed 3 second(s)

2018-12-07 00:08:49 - [MESSAGE][PASSED] - Delayed 3 second(s)

2018-12-07 00:08:49 - [TEST_STEP][PASSED] - click: Object: 'Object Repository/Final Object Repo/Page_Update Add New Employee - ASSIST/DOB Date' is clicked on

2018-12-07 00:08:49 - [MESSAGE][PASSED] - Object: 'Object Repository/Final Object Repo/Page_Update Add New Employee - ASSIST/DOB Date' is clicked on

2018-12-07 00:08:49 - [TEST_STEP][PASSED] - delay: Delayed 2 second(s)

2018-12-07 00:08:51 - [MESSAGE][PASSED] - Delayed 2 second(s)

2018-12-07 00:08:51 - [TEST_STEP][PASSED] - click: Object: 'Object Repository/Final Object Repo/Page_Update Add New Employee - ASSIST/EmploymentStartDate Pop Up' is clicked on

2018-12-07 00:08:51 - [MESSAGE][PASSED] - Object: 'Object Repository/Final Object Repo/Page_Update Add New Employee - ASSIST/EmploymentStartDate Pop Up' is clicked on

2018-12-07 00:08:51 - [TEST_STEP][PASSED] - delay: Delayed 2 second(s)

2018-12-07 00:08:53 - [MESSAGE][PASSED] - Delayed 2 second(s)

2018-12-07 00:08:53 - [TEST_STEP][PASSED] - click: Object: 'Object Repository/Final Object Repo/Page_Update Add New Employee - ASSIST/Socso Employment StartDate Month' is clicked on

2018-12-07 00:08:53 - [MESSAGE][PASSED] - Object: 'Object Repository/Final Object Repo/Page_Update Add New Employee - ASSIST/Socso Employment StartDate Month' is clicked on

2018-12-07 00:08:53 - [TEST_STEP][PASSED] - delay: Delayed 1 second(s)

2018-12-07 00:08:54 - [MESSAGE][PASSED] - Delayed 1 second(s)

2018-12-07 00:08:54 - [TEST_STEP][PASSED] - click: Object: 'Object Repository/Final Object Repo/Page_Update Add New Employee - ASSIST/Select Socso Employement Startdate Month' is clicked on

2018-12-07 00:08:55 - [MESSAGE][PASSED] - Object: 'Object Repository/Final Object Repo/Page_Update Add New Employee - ASSIST/Select Socso Employement Startdate Month' is clicked on

2018-12-07 00:08:55 - [TEST_STEP][PASSED] - delay: Delayed 2 second(s)

2018-12-07 00:08:57 - [MESSAGE][PASSED] - Delayed 2 second(s)

2018-12-07 00:08:57 - [TEST_STEP][PASSED] - click: Object: 'Object Repository/Final Object Repo/Page_Update Add New Employee - ASSIST/Socso Employment StartDate Year' is clicked on

2018-12-07 00:08:57 - [MESSAGE][PASSED] - Object: 'Object Repository/Final Object Repo/Page_Update Add New Employee - ASSIST/Socso Employment StartDate Year' is clicked on

2018-12-07 00:08:57 - [TEST_STEP][PASSED] - delay: Delayed 1 second(s)

2018-12-07 00:08:58 - [MESSAGE][PASSED] - Delayed 1 second(s)

2018-12-07 00:08:58 - [TEST_STEP][PASSED] - click: Object: 'Object Repository/Final Object Repo/Page_Update Add New Employee - ASSIST/Select Socso Employment Startdate Year' is clicked on

2018-12-07 00:08:58 - [MESSAGE][PASSED] - Object: 'Object Repository/Final Object Repo/Page_Update Add New Employee - ASSIST/Select Socso Employment Startdate Year' is clicked on

2018-12-07 00:08:58 - [TEST_STEP][PASSED] - delay: Delayed 2 second(s)

2018-12-07 00:09:00 - [MESSAGE][PASSED] - Delayed 2 second(s)

2018-12-07 00:09:00 - [TEST_STEP][PASSED] - click: Object: 'Object Repository/Final Object Repo/Page_Update Add New Employee - ASSIST/Socso Employment Start Date Day' is clicked on

2018-12-07 00:09:00 - [MESSAGE][PASSED] - Object: 'Object Repository/Final Object Repo/Page_Update Add New Employee - ASSIST/Socso Employment Start Date Day' is clicked on

2018-12-07 00:09:00 - [TEST_STEP][PASSED] - delay: Delayed 2 second(s)

2018-12-07 00:09:02 - [MESSAGE][PASSED] - Delayed 2 second(s)

2018-12-07 00:09:02 - [TEST_STEP][PASSED] - click: Object: 'Object Repository/Final Object Repo/Page_Update Add New Employee - ASSIST/Save Button for Add Employee' is clicked on

2018-12-07 00:09:02 - [MESSAGE][PASSED] - Object: 'Object Repository/Final Object Repo/Page_Update Add New Employee - ASSIST/Save Button for Add Employee' is clicked on

2018-12-07 00:09:02 - [TEST_STEP][PASSED] - delay: Delayed 6 second(s)

2018-12-07 00:09:08 - [MESSAGE][PASSED] - Delayed 6 second(s)

2018-12-07 00:09:08 - [TEST_STEP][PASSED] - click: Object: 'Object Repository/Final Object Repo/Page_Update Add New Employee - ASSIST/Add Employee Button' is clicked on

2018-12-07 00:09:09 - [MESSAGE][PASSED] - Object: 'Object Repository/Final Object Repo/Page_Update Add New Employee - ASSIST/Add Employee Button' is clicked on

2018-12-07 00:09:09 - [TEST_STEP][PASSED] - delay: Delayed 4 second(s)

2018-12-07 00:09:13 - [MESSAGE][PASSED] - Delayed 4 second(s)

2018-12-07 00:09:13 - [TEST_STEP][PASSED] - setText: Text '620904059600' is set on object 'Object Repository/Final Object Repo/Page_Update Add New Employee - ASSIST/NRIC Input'

2018-12-07 00:09:13 - [MESSAGE][PASSED] - Text '620904059600' is set on object 'Object Repository/Final Object Repo/Page_Update Add New Employee - ASSIST/NRIC Input'

2018-12-07 00:09:13 - [TEST_STEP][PASSED] - click: Object: 'Object Repository/Final Object Repo/Page_Update Add New Employee - ASSIST/button for search for IC' is clicked on

2018-12-07 00:09:13 - [MESSAGE][PASSED] - Object: 'Object Repository/Final Object Repo/Page_Update Add New Employee - ASSIST/button for search for IC' is clicked on

2018-12-07 00:09:13 - [TEST_STEP][PASSED] - delay: Delayed 2 second(s)

2018-12-07 00:09:15 - [MESSAGE][PASSED] - Delayed 2 second(s)

2018-12-07 00:09:15 - [TEST_STEP][PASSED] - setText: Text 'Automate003 eligible 2' is set on object 'Object Repository/Final Object Repo/Page_Update Add New Employee - ASSIST/Employee Name Input'

2018-12-07 00:09:16 - [MESSAGE][PASSED] - Text 'Automate003 eligible 2' is set on object 'Object Repository/Final Object Repo/Page_Update Add New Employee - ASSIST/Employee Name Input'

2018-12-07 00:09:16 - [TEST_STEP][PASSED] - delay: Delayed 2 second(s)

2018-12-07 00:09:18 - [MESSAGE][PASSED] - Delayed 2 second(s)

2018-12-07 00:09:18 - [TEST_STEP][PASSED] - click: Object: 'Object Repository/Final Object Repo/Page_Update Add New Employee - ASSIST/DatePicker Pop Up' is clicked on

2018-12-07 00:09:18 - [MESSAGE][PASSED] - Object: 'Object Repository/Final Object Repo/Page_Update Add New Employee - ASSIST/DatePicker Pop Up' is clicked on

2018-12-07 00:09:18 - [TEST_STEP][PASSED] - delay: Delayed 2 second(s)

2018-12-07 00:09:20 - [MESSAGE][PASSED] - Delayed 2 second(s)

2018-12-07 00:09:20 - [TEST_STEP][PASSED] - click: Object: 'Object Repository/Final Object Repo/Page_Update Add New Employee - ASSIST/DOB Month' is clicked on

2018-12-07 00:09:20 - [MESSAGE][PASSED] - Object: 'Object Repository/Final Object Repo/Page_Update Add New Employee - ASSIST/DOB Month' is clicked on

2018-12-07 00:09:20 - [TEST_STEP][PASSED] - Statement - selectMonth = com.kms.katalon.core.webui.keyword.WebUiBuiltInKeywords.modifyObjectProperty(selectMonth, "xpath", "equals", "//body/div/div/div/select/option[@value="" + CurrentMonth + ""]", true): Modify property of object successfully

2018-12-07 00:09:20 - [MESSAGE][PASSED] - Modify property of object successfully

2018-12-07 00:09:20 - [TEST_STEP][PASSED] - click: Object: '' is clicked on

2018-12-07 00:09:20 - [MESSAGE][PASSED] - Object: '' is clicked on

2018-12-07 00:09:20 - [TEST_STEP][PASSED] - click: Object: 'Object Repository/Final Object Repo/Page_Update Add New Employee - ASSIST/DOB Year' is clicked on

2018-12-07 00:09:20 - [MESSAGE][PASSED] - Object: 'Object Repository/Final Object Repo/Page_Update Add New Employee - ASSIST/DOB Year' is clicked on

2018-12-07 00:09:20 - [TEST_STEP][PASSED] - Statement - selectYear = com.kms.katalon.core.webui.keyword.WebUiBuiltInKeywords.modifyObjectProperty(selectYear, "xpath", "equals", "//div/div/div/select/option[@value="" + FiftysevenYrsBefore + ""]", true): Modify property of object successfully

2018-12-07 00:09:20 - [MESSAGE][PASSED] - Modify property of object successfully

2018-12-07 00:09:20 - [TEST_STEP][PASSED] - click: Object: '' is clicked on

2018-12-07 00:09:20 - [MESSAGE][PASSED] - Object: '' is clicked on

2018-12-07 00:09:20 - [TEST_STEP][PASSED] - Statement - UpdatedSelectDate = com.kms.katalon.core.webui.keyword.WebUiBuiltInKeywords.modifyObjectProperty(com.kms.katalon.core.testobject.ObjectRepository.findTestObject(Final Object Repo/Page_Update Add New Employee - ASSIST/DOB Date), "xpath", "equals", "//body/div/table/tbody/tr/td/a[text()="" + OneDayBefore + ""]", true): Modify property of object successfully

2018-12-07 00:09:20 - [MESSAGE][PASSED] - Modify property of object successfully

2018-12-07 00:09:20 - [TEST_STEP][PASSED] - click: Object: 'Object Repository/Final Object Repo/Page_Update Add New Employee - ASSIST/DOB Date' is clicked on

2018-12-07 00:09:21 - [MESSAGE][PASSED] - Object: 'Object Repository/Final Object Repo/Page_Update Add New Employee - ASSIST/DOB Date' is clicked on

2018-12-07 00:09:21 - [TEST_STEP][PASSED] - delay: Delayed 2 second(s)

2018-12-07 00:09:23 - [MESSAGE][PASSED] - Delayed 2 second(s)

2018-12-07 00:09:23 - [TEST_STEP][PASSED] - click: Object: 'Object Repository/Final Object Repo/Page_Update Add New Employee - ASSIST/EmploymentStartDate Pop Up' is clicked on

2018-12-07 00:09:23 - [MESSAGE][PASSED] - Object: 'Object Repository/Final Object Repo/Page_Update Add New Employee - ASSIST/EmploymentStartDate Pop Up' is clicked on

2018-12-07 00:09:23 - [TEST_STEP][PASSED] - delay: Delayed 2 second(s)

2018-12-07 00:09:25 - [MESSAGE][PASSED] - Delayed 2 second(s)

2018-12-07 00:09:25 - [TEST_STEP][PASSED] - click: Object: 'Object Repository/Final Object Repo/Page_Update Add New Employee - ASSIST/Socso Employment StartDate Month' is clicked on

2018-12-07 00:09:25 - [MESSAGE][PASSED] - Object: 'Object Repository/Final Object Repo/Page_Update Add New Employee - ASSIST/Socso Employment StartDate Month' is clicked on

2018-12-07 00:09:25 - [TEST_STEP][PASSED] - delay: Delayed 1 second(s)

2018-12-07 00:09:26 - [MESSAGE][PASSED] - Delayed 1 second(s)

2018-12-07 00:09:26 - [TEST_STEP][PASSED] - click: Object: 'Object Repository/Final Object Repo/Page_Update Add New Employee - ASSIST/Select Socso Employement Startdate Month' is clicked on

2018-12-07 00:09:26 - [MESSAGE][PASSED] - Object: 'Object Repository/Final Object Repo/Page_Update Add New Employee - ASSIST/Select Socso Employement Startdate Month' is clicked on

2018-12-07 00:09:26 - [TEST_STEP][PASSED] - delay: Delayed 2 second(s)

2018-12-07 00:09:28 - [MESSAGE][PASSED] - Delayed 2 second(s)

2018-12-07 00:09:28 - [TEST_STEP][PASSED] - click: Object: 'Object Repository/Final Object Repo/Page_Update Add New Employee - ASSIST/Socso Employment StartDate Year' is clicked on

2018-12-07 00:09:28 - [MESSAGE][PASSED] - Object: 'Object Repository/Final Object Repo/Page_Update Add New Employee - ASSIST/Socso Employment StartDate Year' is clicked on

2018-12-07 00:09:28 - [TEST_STEP][PASSED] - delay: Delayed 1 second(s)

2018-12-07 00:09:29 - [MESSAGE][PASSED] - Delayed 1 second(s)

2018-12-07 00:09:29 - [TEST_STEP][PASSED] - click: Object: 'Object Repository/Final Object Repo/Page_Update Add New Employee - ASSIST/Select Socso Employment Startdate Year' is clicked on

2018-12-07 00:09:29 - [MESSAGE][PASSED] - Object: 'Object Repository/Final Object Repo/Page_Update Add New Employee - ASSIST/Select Socso Employment Startdate Year' is clicked on

2018-12-07 00:09:29 - [TEST_STEP][PASSED] - delay: Delayed 2 second(s)

2018-12-07 00:09:31 - [MESSAGE][PASSED] - Delayed 2 second(s)

2018-12-07 00:09:31 - [TEST_STEP][PASSED] - click: Object: 'Object Repository/Final Object Repo/Page_Update Add New Employee - ASSIST/Socso Employment Start Date Day' is clicked on

2018-12-07 00:09:32 - [MESSAGE][PASSED] - Object: 'Object Repository/Final Object Repo/Page_Update Add New Employee - ASSIST/Socso Employment Start Date Day' is clicked on

2018-12-07 00:09:32 - [TEST_STEP][PASSED] - delay: Delayed 2 second(s)

2018-12-07 00:09:34 - [MESSAGE][PASSED] - Delayed 2 second(s)

2018-12-07 00:09:34 - [TEST_STEP][PASSED] - click: Object: 'Object Repository/Final Object Repo/Page_Update Add New Employee - ASSIST/Save Button for Add Employee' is clicked on

2018-12-07 00:09:34 - [MESSAGE][PASSED] - Object: 'Object Repository/Final Object Repo/Page_Update Add New Employee - ASSIST/Save Button for Add Employee' is clicked on

2018-12-07 00:09:34 - [TEST_STEP][PASSED] - delay: Delayed 10 second(s)

2018-12-07 00:09:44 - [MESSAGE][PASSED] - Delayed 10 second(s)

2018-12-07 00:09:44 - [TEST_STEP][PASSED] - waitForElementClickable: Object 'Object Repository/Final Object Repo/Page_Update Add New Employee - ASSIST/Add Employee Button' is clickable

2018-12-07 00:09:44 - [MESSAGE][PASSED] - Object 'Object Repository/Final Object Repo/Page_Update Add New Employee - ASSIST/Add Employee Button' is clickable

2018-12-07 00:09:44 - [TEST_STEP][PASSED] - click: Object: 'Object Repository/Final Object Repo/Page_Update Add New Employee - ASSIST/Add Employee Button' is clicked on

2018-12-07 00:09:44 - [MESSAGE][PASSED] - Object: 'Object Repository/Final Object Repo/Page_Update Add New Employee - ASSIST/Add Employee Button' is clicked on

2018-12-07 00:09:44 - [TEST_STEP][PASSED] - delay: Delayed 4 second(s)

2018-12-07 00:09:48 - [MESSAGE][PASSED] - Delayed 4 second(s)

2018-12-07 00:09:48 - [TEST_STEP][PASSED] - setText: Text '000209039100' is set on object 'Object Repository/Final Object Repo/Page_Update Add New Employee - ASSIST/NRIC Input'

2018-12-07 00:09:48 - [MESSAGE][PASSED] - Text '000209039100' is set on object 'Object Repository/Final Object Repo/Page_Update Add New Employee - ASSIST/NRIC Input'

2018-12-07 00:09:48 - [TEST_STEP][PASSED] - click: Object: 'Object Repository/Final Object Repo/Page_Update Add New Employee - ASSIST/button for search for IC' is clicked on

2018-12-07 00:09:49 - [MESSAGE][PASSED] - Object: 'Object Repository/Final Object Repo/Page_Update Add New Employee - ASSIST/button for search for IC' is clicked on

2018-12-07 00:09:49 - [TEST_STEP][PASSED] - delay: Delayed 2 second(s)

2018-12-07 00:09:51 - [MESSAGE][PASSED] - Delayed 2 second(s)

2018-12-07 00:09:51 - [TEST_STEP][PASSED] - setText: Text 'Automate003 not eligible 1' is set on object 'Object Repository/Final Object Repo/Page_Update Add New Employee - ASSIST/Employee Name Input'

2018-12-07 00:09:51 - [MESSAGE][PASSED] - Text 'Automate003 not eligible 1' is set on object 'Object Repository/Final Object Repo/Page_Update Add New Employee - ASSIST/Employee Name Input'

2018-12-07 00:09:51 - [TEST_STEP][PASSED] - delay: Delayed 2 second(s)

2018-12-07 00:09:53 - [MESSAGE][PASSED] - Delayed 2 second(s)

2018-12-07 00:09:53 - [TEST_STEP][PASSED] - click: Object: 'Object Repository/Final Object Repo/Page_Update Add New Employee - ASSIST/DatePicker Pop Up' is clicked on

2018-12-07 00:09:53 - [MESSAGE][PASSED] - Object: 'Object Repository/Final Object Repo/Page_Update Add New Employee - ASSIST/DatePicker Pop Up' is clicked on

2018-12-07 00:09:53 - [TEST_STEP][PASSED] - delay: Delayed 2 second(s)

2018-12-07 00:09:55 - [MESSAGE][PASSED] - Delayed 2 second(s)

2018-12-07 00:09:55 - [TEST_STEP][PASSED] - click: Object: 'Object Repository/Final Object Repo/Page_Update Add New Employee - ASSIST/DOB Month' is clicked on

2018-12-07 00:09:56 - [MESSAGE][PASSED] - Object: 'Object Repository/Final Object Repo/Page_Update Add New Employee - ASSIST/DOB Month' is clicked on

2018-12-07 00:09:56 - [TEST_STEP][PASSED] - Statement - selectMonth = com.kms.katalon.core.webui.keyword.WebUiBuiltInKeywords.modifyObjectProperty(selectMonth, "xpath", "equals", "//body/div/div/div/select/option[@value="" + CurrentMonth + ""]", true): Modify property of object successfully

2018-12-07 00:09:56 - [MESSAGE][PASSED] - Modify property of object successfully

2018-12-07 00:09:56 - [TEST_STEP][PASSED] - click: Object: '' is clicked on

2018-12-07 00:09:56 - [MESSAGE][PASSED] - Object: '' is clicked on

2018-12-07 00:09:56 - [TEST_STEP][PASSED] - click: Object: 'Object Repository/Final Object Repo/Page_Update Add New Employee - ASSIST/DOB Year' is clicked on

2018-12-07 00:09:56 - [MESSAGE][PASSED] - Object: 'Object Repository/Final Object Repo/Page_Update Add New Employee - ASSIST/DOB Year' is clicked on

2018-12-07 00:09:56 - [TEST_STEP][PASSED] - Statement - selectYear = com.kms.katalon.core.webui.keyword.WebUiBuiltInKeywords.modifyObjectProperty(selectYear, "xpath", "equals", "//div/div/div/select/option[@value="" + EighteenYrsBefore + ""]", true): Modify property of object successfully

2018-12-07 00:09:56 - [MESSAGE][PASSED] - Modify property of object successfully

2018-12-07 00:09:56 - [TEST_STEP][PASSED] - click: Object: '' is clicked on

2018-12-07 00:09:56 - [MESSAGE][PASSED] - Object: '' is clicked on

2018-12-07 00:09:56 - [TEST_STEP][PASSED] - Statement - UpdatedSelectDate = com.kms.katalon.core.webui.keyword.WebUiBuiltInKeywords.modifyObjectProperty(com.kms.katalon.core.testobject.ObjectRepository.findTestObject(Final Object Repo/Page_Update Add New Employee - ASSIST/DOB Date), "xpath", "equals", "//body/div/table/tbody/tr/td/a[text()="" + OneDayBefore + ""]", true): Modify property of object successfully

2018-12-07 00:09:56 - [MESSAGE][PASSED] - Modify property of object successfully

2018-12-07 00:09:56 - [TEST_STEP][PASSED] - click: Object: 'Object Repository/Final Object Repo/Page_Update Add New Employee - ASSIST/DOB Date' is clicked on

2018-12-07 00:09:56 - [MESSAGE][PASSED] - Object: 'Object Repository/Final Object Repo/Page_Update Add New Employee - ASSIST/DOB Date' is clicked on

2018-12-07 00:09:56 - [TEST_STEP][PASSED] - delay: Delayed 2 second(s)

2018-12-07 00:09:58 - [MESSAGE][PASSED] - Delayed 2 second(s)

2018-12-07 00:09:58 - [TEST_STEP][PASSED] - click: Object: 'Object Repository/Final Object Repo/Page_Update Add New Employee - ASSIST/EmploymentStartDate Pop Up' is clicked on

2018-12-07 00:09:58 - [MESSAGE][PASSED] - Object: 'Object Repository/Final Object Repo/Page_Update Add New Employee - ASSIST/EmploymentStartDate Pop Up' is clicked on

2018-12-07 00:09:58 - [TEST_STEP][PASSED] - delay: Delayed 2 second(s)

2018-12-07 00:10:00 - [MESSAGE][PASSED] - Delayed 2 second(s)

2018-12-07 00:10:00 - [TEST_STEP][PASSED] - click: Object: 'Object Repository/Final Object Repo/Page_Update Add New Employee - ASSIST/Socso Employment StartDate Month' is clicked on

2018-12-07 00:10:00 - [MESSAGE][PASSED] - Object: 'Object Repository/Final Object Repo/Page_Update Add New Employee - ASSIST/Socso Employment StartDate Month' is clicked on

2018-12-07 00:10:00 - [TEST_STEP][PASSED] - delay: Delayed 1 second(s)

2018-12-07 00:10:01 - [MESSAGE][PASSED] - Delayed 1 second(s)

2018-12-07 00:10:01 - [TEST_STEP][PASSED] - click: Object: 'Object Repository/Final Object Repo/Page_Update Add New Employee - ASSIST/Select Socso Employement Startdate Month' is clicked on

2018-12-07 00:10:02 - [MESSAGE][PASSED] - Object: 'Object Repository/Final Object Repo/Page_Update Add New Employee - ASSIST/Select Socso Employement Startdate Month' is clicked on

2018-12-07 00:10:02 - [TEST_STEP][PASSED] - delay: Delayed 2 second(s)

2018-12-07 00:10:04 - [MESSAGE][PASSED] - Delayed 2 second(s)

2018-12-07 00:10:04 - [TEST_STEP][PASSED] - click: Object: 'Object Repository/Final Object Repo/Page_Update Add New Employee - ASSIST/Socso Employment StartDate Year' is clicked on

2018-12-07 00:10:04 - [MESSAGE][PASSED] - Object: 'Object Repository/Final Object Repo/Page_Update Add New Employee - ASSIST/Socso Employment StartDate Year' is clicked on

2018-12-07 00:10:04 - [TEST_STEP][PASSED] - delay: Delayed 1 second(s)

2018-12-07 00:10:05 - [MESSAGE][PASSED] - Delayed 1 second(s)

2018-12-07 00:10:05 - [TEST_STEP][PASSED] - click: Object: 'Object Repository/Final Object Repo/Page_Update Add New Employee - ASSIST/Select Socso Employment Startdate Year' is clicked on

2018-12-07 00:10:05 - [MESSAGE][PASSED] - Object: 'Object Repository/Final Object Repo/Page_Update Add New Employee - ASSIST/Select Socso Employment Startdate Year' is clicked on

2018-12-07 00:10:05 - [TEST_STEP][PASSED] - delay: Delayed 2 second(s)

2018-12-07 00:10:07 - [MESSAGE][PASSED] - Delayed 2 second(s)

2018-12-07 00:10:07 - [TEST_STEP][PASSED] - click: Object: 'Object Repository/Final Object Repo/Page_Update Add New Employee - ASSIST/Socso Employment Start Date Day' is clicked on

2018-12-07 00:10:07 - [MESSAGE][PASSED] - Object: 'Object Repository/Final Object Repo/Page_Update Add New Employee - ASSIST/Socso Employment Start Date Day' is clicked on

2018-12-07 00:10:07 - [TEST_STEP][PASSED] - delay: Delayed 2 second(s)

2018-12-07 00:10:09 - [MESSAGE][PASSED] - Delayed 2 second(s)

2018-12-07 00:10:09 - [TEST_STEP][PASSED] - click: Object: 'Object Repository/Final Object Repo/Page_Update Add New Employee - ASSIST/Save Button for Add Employee' is clicked on

2018-12-07 00:10:09 - [MESSAGE][PASSED] - Object: 'Object Repository/Final Object Repo/Page_Update Add New Employee - ASSIST/Save Button for Add Employee' is clicked on

2018-12-07 00:10:09 - [TEST_STEP][PASSED] - delay: Delayed 20 second(s)

2018-12-07 00:10:29 - [MESSAGE][PASSED] - Delayed 20 second(s)

2018-12-07 00:10:29 - [TEST_STEP][PASSED] - click: Object: 'Object Repository/Final Object Repo/Page_Update Add New Employee - ASSIST/Add Employee Button' is clicked on

2018-12-07 00:10:30 - [MESSAGE][PASSED] - Object: 'Object Repository/Final Object Repo/Page_Update Add New Employee - ASSIST/Add Employee Button' is clicked on

2018-12-07 00:10:30 - [TEST_STEP][PASSED] - delay: Delayed 4 second(s)

2018-12-07 00:10:34 - [MESSAGE][PASSED] - Delayed 4 second(s)

2018-12-07 00:10:34 - [TEST_STEP][PASSED] - setText: Text '600203039104' is set on object 'Object Repository/Final Object Repo/Page_Update Add New Employee - ASSIST/NRIC Input'

2018-12-07 00:10:34 - [MESSAGE][PASSED] - Text '600203039104' is set on object 'Object Repository/Final Object Repo/Page_Update Add New Employee - ASSIST/NRIC Input'

2018-12-07 00:10:34 - [TEST_STEP][PASSED] - click: Object: 'Object Repository/Final Object Repo/Page_Update Add New Employee - ASSIST/button for search for IC' is clicked on

2018-12-07 00:10:34 - [MESSAGE][PASSED] - Object: 'Object Repository/Final Object Repo/Page_Update Add New Employee - ASSIST/button for search for IC' is clicked on

2018-12-07 00:10:34 - [TEST_STEP][PASSED] - delay: Delayed 2 second(s)

2018-12-07 00:10:36 - [MESSAGE][PASSED] - Delayed 2 second(s)

2018-12-07 00:10:36 - [TEST_STEP][PASSED] - setText: Text 'Automate003 not eligible 2' is set on object 'Object Repository/Final Object Repo/Page_Update Add New Employee - ASSIST/Employee Name Input'

2018-12-07 00:10:37 - [MESSAGE][PASSED] - Text 'Automate003 not eligible 2' is set on object 'Object Repository/Final Object Repo/Page_Update Add New Employee - ASSIST/Employee Name Input'

2018-12-07 00:10:37 - [TEST_STEP][PASSED] - delay: Delayed 2 second(s)

2018-12-07 00:10:39 - [MESSAGE][PASSED] - Delayed 2 second(s)

2018-12-07 00:10:39 - [TEST_STEP][PASSED] - click: Object: 'Object Repository/Final Object Repo/Page_Update Add New Employee - ASSIST/DatePicker Pop Up' is clicked on

2018-12-07 00:10:39 - [MESSAGE][PASSED] - Object: 'Object Repository/Final Object Repo/Page_Update Add New Employee - ASSIST/DatePicker Pop Up' is clicked on

2018-12-07 00:10:39 - [TEST_STEP][PASSED] - delay: Delayed 2 second(s)

2018-12-07 00:10:41 - [MESSAGE][PASSED] - Delayed 2 second(s)

2018-12-07 00:10:41 - [TEST_STEP][PASSED] - click: Object: 'Object Repository/Final Object Repo/Page_Update Add New Employee - ASSIST/DOB Month' is clicked on

2018-12-07 00:10:41 - [MESSAGE][PASSED] - Object: 'Object Repository/Final Object Repo/Page_Update Add New Employee - ASSIST/DOB Month' is clicked on

2018-12-07 00:10:41 - [TEST_STEP][PASSED] - Statement - selectMonth = com.kms.katalon.core.webui.keyword.WebUiBuiltInKeywords.modifyObjectProperty(selectMonth, "xpath", "equals", "//body/div/div/div/select/option[@value="" + CurrentMonth + ""]", true): Modify property of object successfully

2018-12-07 00:10:41 - [MESSAGE][PASSED] - Modify property of object successfully

2018-12-07 00:10:41 - [TEST_STEP][PASSED] - click: Object: '' is clicked on

2018-12-07 00:10:41 - [MESSAGE][PASSED] - Object: '' is clicked on

2018-12-07 00:10:41 - [TEST_STEP][PASSED] - click: Object: 'Object Repository/Final Object Repo/Page_Update Add New Employee - ASSIST/DOB Year' is clicked on

2018-12-07 00:10:41 - [MESSAGE][PASSED] - Object: 'Object Repository/Final Object Repo/Page_Update Add New Employee - ASSIST/DOB Year' is clicked on

2018-12-07 00:10:41 - [TEST_STEP][PASSED] - Statement - selectYear = com.kms.katalon.core.webui.keyword.WebUiBuiltInKeywords.modifyObjectProperty(selectYear, "xpath", "equals", "//div/div/div/select/option[@value="" + FiftysevenYrsBefore + ""]", true): Modify property of object successfully

2018-12-07 00:10:41 - [MESSAGE][PASSED] - Modify property of object successfully

2018-12-07 00:10:41 - [TEST_STEP][PASSED] - click: Object: '' is clicked on

2018-12-07 00:10:41 - [MESSAGE][PASSED] - Object: '' is clicked on

2018-12-07 00:10:41 - [TEST_STEP][PASSED] - Statement - UpdatedSelectDate = com.kms.katalon.core.webui.keyword.WebUiBuiltInKeywords.modifyObjectProperty(com.kms.katalon.core.testobject.ObjectRepository.findTestObject(Final Object Repo/Page_Update Add New Employee - ASSIST/DOB Date), "xpath", "equals", "//body/div/table/tbody/tr/td/a[text()="" + CurrentDate + ""]", true): Modify property of object successfully

2018-12-07 00:10:41 - [MESSAGE][PASSED] - Modify property of object successfully

2018-12-07 00:10:41 - [TEST_STEP][PASSED] - click: Object: 'Object Repository/Final Object Repo/Page_Update Add New Employee - ASSIST/DOB Date' is clicked on

2018-12-07 00:10:42 - [MESSAGE][PASSED] - Object: 'Object Repository/Final Object Repo/Page_Update Add New Employee - ASSIST/DOB Date' is clicked on

2018-12-07 00:10:42 - [TEST_STEP][PASSED] - click: Object: 'Object Repository/Final Object Repo/Page_Update Add New Employee - ASSIST/EmploymentStartDate Pop Up' is clicked on

2018-12-07 00:10:42 - [MESSAGE][PASSED] - Object: 'Object Repository/Final Object Repo/Page_Update Add New Employee - ASSIST/EmploymentStartDate Pop Up' is clicked on

2018-12-07 00:10:42 - [TEST_STEP][PASSED] - delay: Delayed 2 second(s)

2018-12-07 00:10:44 - [MESSAGE][PASSED] - Delayed 2 second(s)

2018-12-07 00:10:44 - [TEST_STEP][PASSED] - click: Object: 'Object Repository/Final Object Repo/Page_Update Add New Employee - ASSIST/Socso Employment StartDate Month' is clicked on

2018-12-07 00:10:44 - [MESSAGE][PASSED] - Object: 'Object Repository/Final Object Repo/Page_Update Add New Employee - ASSIST/Socso Employment StartDate Month' is clicked on

2018-12-07 00:10:44 - [TEST_STEP][PASSED] - delay: Delayed 1 second(s)

2018-12-07 00:10:45 - [MESSAGE][PASSED] - Delayed 1 second(s)

2018-12-07 00:10:45 - [TEST_STEP][PASSED] - click: Object: 'Object Repository/Final Object Repo/Page_Update Add New Employee - ASSIST/Select Socso Employement Startdate Month' is clicked on

2018-12-07 00:10:45 - [MESSAGE][PASSED] - Object: 'Object Repository/Final Object Repo/Page_Update Add New Employee - ASSIST/Select Socso Employement Startdate Month' is clicked on

2018-12-07 00:10:45 - [TEST_STEP][PASSED] - delay: Delayed 2 second(s)

2018-12-07 00:10:47 - [MESSAGE][PASSED] - Delayed 2 second(s)

2018-12-07 00:10:47 - [TEST_STEP][PASSED] - click: Object: 'Object Repository/Final Object Repo/Page_Update Add New Employee - ASSIST/Socso Employment StartDate Year' is clicked on

2018-12-07 00:10:47 - [MESSAGE][PASSED] - Object: 'Object Repository/Final Object Repo/Page_Update Add New Employee - ASSIST/Socso Employment StartDate Year' is clicked on

2018-12-07 00:10:47 - [TEST_STEP][PASSED] - delay: Delayed 1 second(s)

2018-12-07 00:10:48 - [MESSAGE][PASSED] - Delayed 1 second(s)

2018-12-07 00:10:48 - [TEST_STEP][PASSED] - click: Object: 'Object Repository/Final Object Repo/Page_Update Add New Employee - ASSIST/Select Socso Employment Startdate Year' is clicked on

2018-12-07 00:10:48 - [MESSAGE][PASSED] - Object: 'Object Repository/Final Object Repo/Page_Update Add New Employee - ASSIST/Select Socso Employment Startdate Year' is clicked on

2018-12-07 00:10:48 - [TEST_STEP][PASSED] - delay: Delayed 2 second(s)

2018-12-07 00:10:50 - [MESSAGE][PASSED] - Delayed 2 second(s)

2018-12-07 00:10:50 - [TEST_STEP][PASSED] - click: Object: 'Object Repository/Final Object Repo/Page_Update Add New Employee - ASSIST/Socso Employment Start Date Day' is clicked on

2018-12-07 00:10:51 - [MESSAGE][PASSED] - Object: 'Object Repository/Final Object Repo/Page_Update Add New Employee - ASSIST/Socso Employment Start Date Day' is clicked on

2018-12-07 00:10:51 - [TEST_STEP][PASSED] - delay: Delayed 2 second(s)

2018-12-07 00:10:53 - [MESSAGE][PASSED] - Delayed 2 second(s)

2018-12-07 00:10:53 - [TEST_STEP][PASSED] - click: Object: 'Object Repository/Final Object Repo/Page_Update Add New Employee - ASSIST/Save Button for Add Employee' is clicked on

2018-12-07 00:10:53 - [MESSAGE][PASSED] - Object: 'Object Repository/Final Object Repo/Page_Update Add New Employee - ASSIST/Save Button for Add Employee' is clicked on

2018-12-07 00:10:53 - [MESSAGE][PASSED] - Call Test Case 'Test Cases/Final Aug 2018 - PKS Automation/Registration Module/Workflow/Update Add New Employee/Template/Employee Adding/Employee Adding Action Repeat IC - set 1' successfully

2018-12-07 00:10:53 - [MESSAGE][PASSED] - Call Test Case 'Test Cases/Final Aug 2018 - PKS Automation/Registration Module/Workflow/Update Add New Employee/Template/Employee Adding/Employee Set Decider' successfully

2018-12-07 00:10:53 - [TEST_STEP][PASSED] - delay: Delayed 4 second(s)

2018-12-07 00:10:57 - [MESSAGE][PASSED] - Delayed 4 second(s)

2018-12-07 00:10:57 - [TEST_STEP][PASSED] - Statement - CaseReferenceNo = com.kms.katalon.core.webui.keyword.WebUiBuiltInKeywords.getText(com.kms.katalon.core.testobject.ObjectRepository.findTestObject(Final Object Repo/Page_Update Add New Employee - ASSIST/RefNo)): Text of object 'Object Repository/Final Object Repo/Page_Update Add New Employee - ASSIST/RefNo' is: 'CAN12201800002271'

2018-12-07 00:10:57 - [MESSAGE][PASSED] - Text of object 'Object Repository/Final Object Repo/Page_Update Add New Employee - ASSIST/RefNo' is: 'CAN12201800002271'

2018-12-07 00:10:57 - [TEST_STEP][PASSED] - callTestCase: Call Test Case 'Test Cases/Final Aug 2018 - PKS Automation/Common/Reference Number Setter' successfully

2018-12-07 00:10:57 - [TEST_CASE][PASSED] - Test Cases/Final Aug 2018 - PKS Automation/Common/Reference Number Setter: Test Cases/Final Aug 2018 - PKS Automation/Common/Reference Number Setter

2018-12-07 00:10:57 - [TEST_STEP][PASSED] - Statement - RefNoOldFile = new java.io.File(C://Users//Admin//Desktop//PKS//Automation Reference Point//KatalonReference.txt): null

2018-12-07 00:10:57 - [TEST_STEP][PASSED] - Statement - RefNoOldFile.delete(): null

2018-12-07 00:10:57 - [TEST_STEP][PASSED] - delay: Delayed 5 second(s)

2018-12-07 00:11:02 - [MESSAGE][PASSED] - Delayed 5 second(s)

2018-12-07 00:11:02 - [TEST_STEP][PASSED] - Statement - RefNo = new java.io.File(C://Users//Admin//Desktop//PKS//Automation Reference Point//KatalonReference.txt): null

2018-12-07 00:11:02 - [TEST_STEP][PASSED] - Statement - f2 = new java.io.FileWriter(RefNo, false): null

2018-12-07 00:11:02 - [TEST_STEP][PASSED] - Statement - f2.write(CaseReferenceNo): null

2018-12-07 00:11:02 - [TEST_STEP][PASSED] - Statement - f2.close(): null

2018-12-07 00:11:02 - [TEST_STEP][PASSED] - Statement - out.println("


" + CaseReferenceNo + "


"): null

2018-12-07 00:11:02 - [MESSAGE][PASSED] - Call Test Case 'Test Cases/Final Aug 2018 - PKS Automation/Common/Reference Number Setter' successfully

2018-12-07 00:11:02 - [TEST_STEP][PASSED] - delay: Delayed 5 second(s)

2018-12-07 00:11:07 - [MESSAGE][PASSED] - Delayed 5 second(s)

2018-12-07 00:11:07 - [TEST_STEP][PASSED] - click: Object: 'Object Repository/Final Object Repo/Page_Update Add New Employee - ASSIST/Incomplete Checkbox' is clicked on

2018-12-07 00:11:07 - [MESSAGE][PASSED] - Object: 'Object Repository/Final Object Repo/Page_Update Add New Employee - ASSIST/Incomplete Checkbox' is clicked on

2018-12-07 00:11:07 - [TEST_STEP][PASSED] - delay: Delayed 2 second(s)

2018-12-07 00:11:09 - [MESSAGE][PASSED] - Delayed 2 second(s)

2018-12-07 00:11:09 - [TEST_STEP][PASSED] - click: Object: 'Object Repository/Final Object Repo/Page_Update Add New Employee - ASSIST/Save  Continue Button' is clicked on

2018-12-07 00:11:09 - [MESSAGE][PASSED] - Object: 'Object Repository/Final Object Repo/Page_Update Add New Employee - ASSIST/Save  Continue Button' is clicked on

2018-12-07 00:11:09 - [TEST_STEP][PASSED] - delay: Delayed 4 second(s)

2018-12-07 00:11:13 - [MESSAGE][PASSED] - Delayed 4 second(s)

2018-12-07 00:11:13 - [TEST_STEP][PASSED] - click: Object: 'Object Repository/Final Object Repo/Page_Update Add New Employee - ASSIST/Save  Continue Third Screen' is clicked on

2018-12-07 00:11:16 - [MESSAGE][PASSED] - Object: 'Object Repository/Final Object Repo/Page_Update Add New Employee - ASSIST/Save  Continue Third Screen' is clicked on

2018-12-07 00:11:16 - [TEST_STEP][PASSED] - delay: Delayed 4 second(s)

2018-12-07 00:11:20 - [MESSAGE][PASSED] - Delayed 4 second(s)

2018-12-07 00:11:20 - [TEST_STEP][PASSED] - click: Object: 'Object Repository/Final Object Repo/Page_Update Add New Employee - ASSIST/Save   Continue Supporting Doc Page' is clicked on

2018-12-07 00:11:21 - [MESSAGE][PASSED] - Object: 'Object Repository/Final Object Repo/Page_Update Add New Employee - ASSIST/Save   Continue Supporting Doc Page' is clicked on

2018-12-07 00:11:21 - [TEST_STEP][PASSED] - delay: Delayed 4 second(s)

2018-12-07 00:11:25 - [MESSAGE][PASSED] - Delayed 4 second(s)

2018-12-07 00:11:25 - [TEST_STEP][PASSED] - click: Object: 'Object Repository/Final Object Repo/Page_Update Add New Employee - ASSIST/Submit Button' is clicked on

2018-12-07 00:11:25 - [MESSAGE][PASSED] - Object: 'Object Repository/Final Object Repo/Page_Update Add New Employee - ASSIST/Submit Button' is clicked on

2018-12-07 00:11:25 - [TEST_STEP][PASSED] - delay: Delayed 4 second(s)

2018-12-07 00:11:29 - [MESSAGE][PASSED] - Delayed 4 second(s)

2018-12-07 00:11:29 - [TEST_STEP][PASSED] - click: Object: 'Object Repository/Final Object Repo/Page_Update Add New Employee - ASSIST/Confirm Submit Button' is clicked on

2018-12-07 00:11:29 - [MESSAGE][PASSED] - Object: 'Object Repository/Final Object Repo/Page_Update Add New Employee - ASSIST/Confirm Submit Button' is clicked on

2018-12-07 00:11:29 - [TEST_STEP][PASSED] - delay: Delayed 20 second(s)

2018-12-07 00:11:49 - [MESSAGE][PASSED] - Delayed 20 second(s)

2018-12-07 00:11:49 - [TEST_STEP][PASSED] - callTestCase: Call Test Case 'Test Cases/Final Aug 2018 - PKS Automation/Common/Screenshoting tool' successfully

2018-12-07 00:11:49 - [TEST_CASE][PASSED] - Test Cases/Final Aug 2018 - PKS Automation/Common/Screenshoting tool: Test Cases/Final Aug 2018 - PKS Automation/Common/Screenshoting tool

2018-12-07 00:11:49 - [TEST_STEP][PASSED] - delay: Delayed 15 second(s)

2018-12-07 00:12:04 - [MESSAGE][PASSED] - Delayed 15 second(s)

2018-12-07 00:12:04 - [TEST_STEP][PASSED] - Statement - driver = com.kms.katalon.core.webui.driver.DriverFactory.getWebDriver(): null

2018-12-07 00:12:04 - [TEST_STEP][PASSED] - Statement - driver.manage().timeouts().implicitlyWait(10, SECONDS): null

2018-12-07 00:12:04 - [TEST_STEP][PASSED] - Statement - PresavePath = KatalonScreenshots: null

2018-12-07 00:12:04 - [TEST_STEP][PASSED] - Statement - pathPrefix = "C:\Users\Public\Pictures\Sample Pictures\Katalon Screenshots\Automate Ending Screen": null

2018-12-07 00:12:04 - [TEST_STEP][PASSED] - Statement - finalPath = <not implemented yet for class: org.codehaus.groovy.ast.expr.EmptyExpression>: null

2018-12-07 00:12:04 - [TEST_STEP][PASSED] - Statement - scrFile = driver.getScreenshotAs(FILE): null

2018-12-07 00:12:04 - [TEST_STEP][PASSED] - Statement - PreSaveFile = new java.io.File(PresavePath): null

2018-12-07 00:12:04 - [TEST_STEP][PASSED] - Statement - counter = 0: null

2018-12-07 00:12:04 - [TEST_STEP][PASSED] - Statement - If (PreSaveFile.exists()): null

2018-12-07 00:12:04 - [TEST_STEP][PASSED] - Statement - While (PreSaveFile.exists()): null

2018-12-07 00:12:04 - [TEST_STEP][PASSED] - Statement - counter = counter + 1: null

2018-12-07 00:12:04 - [TEST_STEP][PASSED] - Statement - PreSaveFile = new java.io.File(((pathPrefix + java.lang.Integer.toString(counter)) + .png)): null

2018-12-07 00:12:04 - [TEST_STEP][PASSED] - Statement - counter = counter + 1: null

2018-12-07 00:12:04 - [TEST_STEP][PASSED] - Statement - PreSaveFile = new java.io.File(((pathPrefix + java.lang.Integer.toString(counter)) + .png)): null

2018-12-07 00:12:04 - [TEST_STEP][PASSED] - Statement - counter = counter + 1: null

2018-12-07 00:12:04 - [TEST_STEP][PASSED] - Statement - PreSaveFile = new java.io.File(((pathPrefix + java.lang.Integer.toString(counter)) + .png)): null

2018-12-07 00:12:04 - [TEST_STEP][PASSED] - Statement - counter = counter + 1: null

2018-12-07 00:12:04 - [TEST_STEP][PASSED] - Statement - PreSaveFile = new java.io.File(((pathPrefix + java.lang.Integer.toString(counter)) + .png)): null

2018-12-07 00:12:04 - [TEST_STEP][PASSED] - Statement - counter = counter + 1: null

2018-12-07 00:12:04 - [TEST_STEP][PASSED] - Statement - PreSaveFile = new java.io.File(((pathPrefix + java.lang.Integer.toString(counter)) + .png)): null

2018-12-07 00:12:04 - [TEST_STEP][PASSED] - Statement - counter = counter + 1: null

2018-12-07 00:12:04 - [TEST_STEP][PASSED] - Statement - PreSaveFile = new java.io.File(((pathPrefix + java.lang.Integer.toString(counter)) + .png)): null

2018-12-07 00:12:04 - [TEST_STEP][PASSED] - Statement - counter = counter + 1: null

2018-12-07 00:12:04 - [TEST_STEP][PASSED] - Statement - PreSaveFile = new java.io.File(((pathPrefix + java.lang.Integer.toString(counter)) + .png)): null

2018-12-07 00:12:04 - [TEST_STEP][PASSED] - Statement - counter = counter + 1: null

2018-12-07 00:12:04 - [TEST_STEP][PASSED] - Statement - PreSaveFile = new java.io.File(((pathPrefix + java.lang.Integer.toString(counter)) + .png)): null

2018-12-07 00:12:04 - [TEST_STEP][PASSED] - Statement - counter = counter + 1: null

2018-12-07 00:12:04 - [TEST_STEP][PASSED] - Statement - PreSaveFile = new java.io.File(((pathPrefix + java.lang.Integer.toString(counter)) + .png)): null

2018-12-07 00:12:04 - [TEST_STEP][PASSED] - Statement - counter = counter + 1: null

2018-12-07 00:12:04 - [TEST_STEP][PASSED] - Statement - PreSaveFile = new java.io.File(((pathPrefix + java.lang.Integer.toString(counter)) + .png)): null

2018-12-07 00:12:04 - [TEST_STEP][PASSED] - Statement - counter = counter + 1: null

2018-12-07 00:12:04 - [TEST_STEP][PASSED] - Statement - PreSaveFile = new java.io.File(((pathPrefix + java.lang.Integer.toString(counter)) + .png)): null

2018-12-07 00:12:04 - [TEST_STEP][PASSED] - Statement - counter = counter + 1: null

2018-12-07 00:12:04 - [TEST_STEP][PASSED] - Statement - PreSaveFile = new java.io.File(((pathPrefix + java.lang.Integer.toString(counter)) + .png)): null

2018-12-07 00:12:04 - [TEST_STEP][PASSED] - Statement - counter = counter + 1: null

2018-12-07 00:12:04 - [TEST_STEP][PASSED] - Statement - PreSaveFile = new java.io.File(((pathPrefix + java.lang.Integer.toString(counter)) + .png)): null

2018-12-07 00:12:04 - [TEST_STEP][PASSED] - Statement - counter = counter + 1: null

2018-12-07 00:12:04 - [TEST_STEP][PASSED] - Statement - PreSaveFile = new java.io.File(((pathPrefix + java.lang.Integer.toString(counter)) + .png)): null

2018-12-07 00:12:04 - [TEST_STEP][PASSED] - Statement - counter = counter + 1: null

2018-12-07 00:12:04 - [TEST_STEP][PASSED] - Statement - PreSaveFile = new java.io.File(((pathPrefix + java.lang.Integer.toString(counter)) + .png)): null

2018-12-07 00:12:04 - [TEST_STEP][PASSED] - Statement - counter = counter + 1: null

2018-12-07 00:12:04 - [TEST_STEP][PASSED] - Statement - PreSaveFile = new java.io.File(((pathPrefix + java.lang.Integer.toString(counter)) + .png)): null

2018-12-07 00:12:04 - [TEST_STEP][PASSED] - Statement - counter = counter + 1: null

2018-12-07 00:12:04 - [TEST_STEP][PASSED] - Statement - PreSaveFile = new java.io.File(((pathPrefix + java.lang.Integer.toString(counter)) + .png)): null

2018-12-07 00:12:04 - [TEST_STEP][PASSED] - Statement - counter = counter + 1: null

2018-12-07 00:12:04 - [TEST_STEP][PASSED] - Statement - PreSaveFile = new java.io.File(((pathPrefix + java.lang.Integer.toString(counter)) + .png)): null

2018-12-07 00:12:04 - [TEST_STEP][PASSED] - Statement - counter = counter + 1: null

2018-12-07 00:12:04 - [TEST_STEP][PASSED] - Statement - PreSaveFile = new java.io.File(((pathPrefix + java.lang.Integer.toString(counter)) + .png)): null

2018-12-07 00:12:04 - [TEST_STEP][PASSED] - Statement - counter = counter + 1: null

2018-12-07 00:12:04 - [TEST_STEP][PASSED] - Statement - PreSaveFile = new java.io.File(((pathPrefix + java.lang.Integer.toString(counter)) + .png)): null

2018-12-07 00:12:04 - [TEST_STEP][PASSED] - Statement - counter = counter + 1: null

2018-12-07 00:12:04 - [TEST_STEP][PASSED] - Statement - PreSaveFile = new java.io.File(((pathPrefix + java.lang.Integer.toString(counter)) + .png)): null

2018-12-07 00:12:04 - [TEST_STEP][PASSED] - Statement - counter = counter + 1: null

2018-12-07 00:12:04 - [TEST_STEP][PASSED] - Statement - PreSaveFile = new java.io.File(((pathPrefix + java.lang.Integer.toString(counter)) + .png)): null

2018-12-07 00:12:04 - [TEST_STEP][PASSED] - Statement - counter = counter + 1: null

2018-12-07 00:12:04 - [TEST_STEP][PASSED] - Statement - PreSaveFile = new java.io.File(((pathPrefix + java.lang.Integer.toString(counter)) + .png)): null

2018-12-07 00:12:04 - [TEST_STEP][PASSED] - Statement - counter = counter + 1: null

2018-12-07 00:12:04 - [TEST_STEP][PASSED] - Statement - PreSaveFile = new java.io.File(((pathPrefix + java.lang.Integer.toString(counter)) + .png)): null

2018-12-07 00:12:04 - [TEST_STEP][PASSED] - Statement - counter = counter + 1: null

2018-12-07 00:12:04 - [TEST_STEP][PASSED] - Statement - PreSaveFile = new java.io.File(((pathPrefix + java.lang.Integer.toString(counter)) + .png)): null

2018-12-07 00:12:04 - [TEST_STEP][PASSED] - Statement - counter = counter + 1: null

2018-12-07 00:12:04 - [TEST_STEP][PASSED] - Statement - PreSaveFile = new java.io.File(((pathPrefix + java.lang.Integer.toString(counter)) + .png)): null

2018-12-07 00:12:04 - [TEST_STEP][PASSED] - Statement - counter = counter + 1: null

2018-12-07 00:12:04 - [TEST_STEP][PASSED] - Statement - PreSaveFile = new java.io.File(((pathPrefix + java.lang.Integer.toString(counter)) + .png)): null

2018-12-07 00:12:04 - [TEST_STEP][PASSED] - Statement - counter = counter + 1: null

2018-12-07 00:12:04 - [TEST_STEP][PASSED] - Statement - PreSaveFile = new java.io.File(((pathPrefix + java.lang.Integer.toString(counter)) + .png)): null

2018-12-07 00:12:04 - [TEST_STEP][PASSED] - Statement - counter = counter + 1: null

2018-12-07 00:12:04 - [TEST_STEP][PASSED] - Statement - PreSaveFile = new java.io.File(((pathPrefix + java.lang.Integer.toString(counter)) + .png)): null

2018-12-07 00:12:04 - [TEST_STEP][PASSED] - Statement - counter = counter + 1: null

2018-12-07 00:12:04 - [TEST_STEP][PASSED] - Statement - PreSaveFile = new java.io.File(((pathPrefix + java.lang.Integer.toString(counter)) + .png)): null

2018-12-07 00:12:04 - [TEST_STEP][PASSED] - Statement - counter = counter + 1: null

2018-12-07 00:12:04 - [TEST_STEP][PASSED] - Statement - PreSaveFile = new java.io.File(((pathPrefix + java.lang.Integer.toString(counter)) + .png)): null

2018-12-07 00:12:04 - [TEST_STEP][PASSED] - Statement - counter = counter + 1: null

2018-12-07 00:12:04 - [TEST_STEP][PASSED] - Statement - PreSaveFile = new java.io.File(((pathPrefix + java.lang.Integer.toString(counter)) + .png)): null

2018-12-07 00:12:04 - [TEST_STEP][PASSED] - Statement - counter = counter + 1: null

2018-12-07 00:12:04 - [TEST_STEP][PASSED] - Statement - PreSaveFile = new java.io.File(((pathPrefix + java.lang.Integer.toString(counter)) + .png)): null

2018-12-07 00:12:04 - [TEST_STEP][PASSED] - Statement - counter = counter + 1: null

2018-12-07 00:12:04 - [TEST_STEP][PASSED] - Statement - PreSaveFile = new java.io.File(((pathPrefix + java.lang.Integer.toString(counter)) + .png)): null

2018-12-07 00:12:04 - [TEST_STEP][PASSED] - Statement - counter = counter + 1: null

2018-12-07 00:12:04 - [TEST_STEP][PASSED] - Statement - PreSaveFile = new java.io.File(((pathPrefix + java.lang.Integer.toString(counter)) + .png)): null

2018-12-07 00:12:04 - [TEST_STEP][PASSED] - Statement - counter = counter + 1: null

2018-12-07 00:12:04 - [TEST_STEP][PASSED] - Statement - PreSaveFile = new java.io.File(((pathPrefix + java.lang.Integer.toString(counter)) + .png)): null

2018-12-07 00:12:04 - [TEST_STEP][PASSED] - Statement - counter = counter + 1: null

2018-12-07 00:12:04 - [TEST_STEP][PASSED] - Statement - PreSaveFile = new java.io.File(((pathPrefix + java.lang.Integer.toString(counter)) + .png)): null

2018-12-07 00:12:04 - [TEST_STEP][PASSED] - Statement - counter = counter + 1: null

2018-12-07 00:12:04 - [TEST_STEP][PASSED] - Statement - PreSaveFile = new java.io.File(((pathPrefix + java.lang.Integer.toString(counter)) + .png)): null

2018-12-07 00:12:04 - [TEST_STEP][PASSED] - Statement - counter = counter + 1: null

2018-12-07 00:12:04 - [TEST_STEP][PASSED] - Statement - PreSaveFile = new java.io.File(((pathPrefix + java.lang.Integer.toString(counter)) + .png)): null

2018-12-07 00:12:04 - [TEST_STEP][PASSED] - Statement - counter = counter + 1: null

2018-12-07 00:12:04 - [TEST_STEP][PASSED] - Statement - PreSaveFile = new java.io.File(((pathPrefix + java.lang.Integer.toString(counter)) + .png)): null

2018-12-07 00:12:04 - [TEST_STEP][PASSED] - Statement - counter = counter + 1: null

2018-12-07 00:12:04 - [TEST_STEP][PASSED] - Statement - PreSaveFile = new java.io.File(((pathPrefix + java.lang.Integer.toString(counter)) + .png)): null

2018-12-07 00:12:04 - [TEST_STEP][PASSED] - Statement - counter = counter + 1: null

2018-12-07 00:12:04 - [TEST_STEP][PASSED] - Statement - PreSaveFile = new java.io.File(((pathPrefix + java.lang.Integer.toString(counter)) + .png)): null

2018-12-07 00:12:04 - [TEST_STEP][PASSED] - Statement - counter = counter + 1: null

2018-12-07 00:12:04 - [TEST_STEP][PASSED] - Statement - PreSaveFile = new java.io.File(((pathPrefix + java.lang.Integer.toString(counter)) + .png)): null

2018-12-07 00:12:04 - [TEST_STEP][PASSED] - Statement - counter = counter + 1: null

2018-12-07 00:12:05 - [TEST_STEP][PASSED] - Statement - PreSaveFile = new java.io.File(((pathPrefix + java.lang.Integer.toString(counter)) + .png)): null

2018-12-07 00:12:05 - [TEST_STEP][PASSED] - Statement - counter = counter + 1: null

2018-12-07 00:12:05 - [TEST_STEP][PASSED] - Statement - PreSaveFile = new java.io.File(((pathPrefix + java.lang.Integer.toString(counter)) + .png)): null

2018-12-07 00:12:05 - [TEST_STEP][PASSED] - Statement - counter = counter + 1: null

2018-12-07 00:12:05 - [TEST_STEP][PASSED] - Statement - PreSaveFile = new java.io.File(((pathPrefix + java.lang.Integer.toString(counter)) + .png)): null

2018-12-07 00:12:05 - [TEST_STEP][PASSED] - Statement - counter = counter + 1: null

2018-12-07 00:12:05 - [TEST_STEP][PASSED] - Statement - PreSaveFile = new java.io.File(((pathPrefix + java.lang.Integer.toString(counter)) + .png)): null

2018-12-07 00:12:05 - [TEST_STEP][PASSED] - Statement - counter = counter + 1: null

2018-12-07 00:12:05 - [TEST_STEP][PASSED] - Statement - PreSaveFile = new java.io.File(((pathPrefix + java.lang.Integer.toString(counter)) + .png)): null

2018-12-07 00:12:05 - [TEST_STEP][PASSED] - Statement - counter = counter + 1: null

2018-12-07 00:12:05 - [TEST_STEP][PASSED] - Statement - PreSaveFile = new java.io.File(((pathPrefix + java.lang.Integer.toString(counter)) + .png)): null

2018-12-07 00:12:05 - [TEST_STEP][PASSED] - Statement - counter = counter + 1: null

2018-12-07 00:12:05 - [TEST_STEP][PASSED] - Statement - PreSaveFile = new java.io.File(((pathPrefix + java.lang.Integer.toString(counter)) + .png)): null

2018-12-07 00:12:05 - [TEST_STEP][PASSED] - Statement - counter = counter + 1: null

2018-12-07 00:12:05 - [TEST_STEP][PASSED] - Statement - PreSaveFile = new java.io.File(((pathPrefix + java.lang.Integer.toString(counter)) + .png)): null

2018-12-07 00:12:05 - [TEST_STEP][PASSED] - Statement - counter = counter + 1: null

2018-12-07 00:12:05 - [TEST_STEP][PASSED] - Statement - PreSaveFile = new java.io.File(((pathPrefix + java.lang.Integer.toString(counter)) + .png)): null

2018-12-07 00:12:05 - [TEST_STEP][PASSED] - Statement - counter = counter + 1: null

2018-12-07 00:12:05 - [TEST_STEP][PASSED] - Statement - PreSaveFile = new java.io.File(((pathPrefix + java.lang.Integer.toString(counter)) + .png)): null

2018-12-07 00:12:05 - [TEST_STEP][PASSED] - Statement - counter = counter + 1: null

2018-12-07 00:12:05 - [TEST_STEP][PASSED] - Statement - PreSaveFile = new java.io.File(((pathPrefix + java.lang.Integer.toString(counter)) + .png)): null

2018-12-07 00:12:05 - [TEST_STEP][PASSED] - Statement - counter = counter + 1: null

2018-12-07 00:12:05 - [TEST_STEP][PASSED] - Statement - PreSaveFile = new java.io.File(((pathPrefix + java.lang.Integer.toString(counter)) + .png)): null

2018-12-07 00:12:05 - [TEST_STEP][PASSED] - Statement - counter = counter + 1: null

2018-12-07 00:12:05 - [TEST_STEP][PASSED] - Statement - PreSaveFile = new java.io.File(((pathPrefix + java.lang.Integer.toString(counter)) + .png)): null

2018-12-07 00:12:05 - [TEST_STEP][PASSED] - Statement - counter = counter + 1: null

2018-12-07 00:12:05 - [TEST_STEP][PASSED] - Statement - PreSaveFile = new java.io.File(((pathPrefix + java.lang.Integer.toString(counter)) + .png)): null

2018-12-07 00:12:05 - [TEST_STEP][PASSED] - Statement - counter = counter + 1: null

2018-12-07 00:12:05 - [TEST_STEP][PASSED] - Statement - PreSaveFile = new java.io.File(((pathPrefix + java.lang.Integer.toString(counter)) + .png)): null

2018-12-07 00:12:05 - [TEST_STEP][PASSED] - Statement - counter = counter + 1: null

2018-12-07 00:12:05 - [TEST_STEP][PASSED] - Statement - PreSaveFile = new java.io.File(((pathPrefix + java.lang.Integer.toString(counter)) + .png)): null

2018-12-07 00:12:05 - [TEST_STEP][PASSED] - Statement - counter = counter + 1: null

2018-12-07 00:12:05 - [TEST_STEP][PASSED] - Statement - PreSaveFile = new java.io.File(((pathPrefix + java.lang.Integer.toString(counter)) + .png)): null

2018-12-07 00:12:05 - [TEST_STEP][PASSED] - Statement - counter = counter + 1: null

2018-12-07 00:12:05 - [TEST_STEP][PASSED] - Statement - PreSaveFile = new java.io.File(((pathPrefix + java.lang.Integer.toString(counter)) + .png)): null

2018-12-07 00:12:05 - [TEST_STEP][PASSED] - Statement - counter = counter + 1: null

2018-12-07 00:12:05 - [TEST_STEP][PASSED] - Statement - PreSaveFile = new java.io.File(((pathPrefix + java.lang.Integer.toString(counter)) + .png)): null

2018-12-07 00:12:05 - [TEST_STEP][PASSED] - Statement - counter = counter + 1: null

2018-12-07 00:12:05 - [TEST_STEP][PASSED] - Statement - PreSaveFile = new java.io.File(((pathPrefix + java.lang.Integer.toString(counter)) + .png)): null

2018-12-07 00:12:05 - [TEST_STEP][PASSED] - Statement - counter = counter + 1: null

2018-12-07 00:12:05 - [TEST_STEP][PASSED] - Statement - PreSaveFile = new java.io.File(((pathPrefix + java.lang.Integer.toString(counter)) + .png)): null

2018-12-07 00:12:05 - [TEST_STEP][PASSED] - Statement - counter = counter + 1: null

2018-12-07 00:12:05 - [TEST_STEP][PASSED] - Statement - PreSaveFile = new java.io.File(((pathPrefix + java.lang.Integer.toString(counter)) + .png)): null

2018-12-07 00:12:05 - [TEST_STEP][PASSED] - Statement - counter = counter + 1: null

2018-12-07 00:12:05 - [TEST_STEP][PASSED] - Statement - PreSaveFile = new java.io.File(((pathPrefix + java.lang.Integer.toString(counter)) + .png)): null

2018-12-07 00:12:05 - [TEST_STEP][PASSED] - Statement - finalPath = pathPrefix + java.lang.Integer.toString(counter) + ".png": null

2018-12-07 00:12:05 - [TEST_STEP][PASSED] - Statement - SaveFile = new java.io.File(finalPath): null

2018-12-07 00:12:05 - [TEST_STEP][PASSED] - Statement - Try: null

2018-12-07 00:12:05 - [TEST_STEP][PASSED] - Statement - org.apache.commons.io.FileUtils.copyFile(scrFile, SaveFile): null

2018-12-07 00:12:05 - [TEST_STEP][PASSED] - Statement - out.println("file kept"): null

2018-12-07 00:12:05 - [TEST_STEP][PASSED] - delay: Delayed 10 second(s)

2018-12-07 00:12:15 - [MESSAGE][PASSED] - Delayed 10 second(s)

2018-12-07 00:12:15 - [MESSAGE][PASSED] - Call Test Case 'Test Cases/Final Aug 2018 - PKS Automation/Common/Screenshoting tool' successfully

2018-12-07 00:12:15 - [TEST_STEP][PASSED] - callTestCase: Call Test Case 'Test Cases/Final Aug 2018 - PKS Automation/Registration Module/Log Out/log out avoiding katalon tagging' successfully

2018-12-07 00:12:15 - [TEST_CASE][PASSED] - Test Cases/Final Aug 2018 - PKS Automation/Registration Module/Log Out/log out avoiding katalon tagging: Test Cases/Final Aug 2018 - PKS Automation/Registration Module/Log Out/log out avoiding katalon tagging

2018-12-07 00:12:15 - [TEST_STEP][PASSED] - navigateToUrl: Navigate to 'https://assist2-uat.perkeso.gov.my/c/portal/logout' successfully

2018-12-07 00:12:15 - [MESSAGE][PASSED] - Navigate to 'https://assist2-uat.perkeso.gov.my/c/portal/logout' successfully

2018-12-07 00:12:15 - [MESSAGE][PASSED] - Call Test Case 'Test Cases/Final Aug 2018 - PKS Automation/Registration Module/Log Out/log out avoiding katalon tagging' successfully

2018-12-07 00:12:15 - [TEST_STEP][PASSED] - callTestCase: Call Test Case 'Test Cases/Final Aug 2018 - PKS Automation/Common/Workflow Owner Finder' successfully

2018-12-07 00:12:16 - [TEST_CASE][PASSED] - Test Cases/Final Aug 2018 - PKS Automation/Common/Workflow Owner Finder: Test Cases/Final Aug 2018 - PKS Automation/Common/Workflow Owner Finder

2018-12-07 00:12:16 - [TEST_STEP][PASSED] - openBrowser: Browser is opened with url: ''

2018-12-07 00:12:16 - [MESSAGE][WARNING] - A browser is already opened. Closing browser and opening a new one

2018-12-07 00:12:19 - [MESSAGE][PASSED] - Browser is opened with url: ''

2018-12-07 00:12:19 - [TEST_STEP][PASSED] - navigateToUrl: Navigate to 'https://assist2-uat.perkeso.gov.my/login' successfully

2018-12-07 00:12:21 - [MESSAGE][PASSED] - Navigate to 'https://assist2-uat.perkeso.gov.my/login' successfully

2018-12-07 00:12:21 - [TEST_STEP][PASSED] - delay: Delayed 5 second(s)

2018-12-07 00:12:26 - [MESSAGE][PASSED] - Delayed 5 second(s)

2018-12-07 00:12:26 - [TEST_STEP][PASSED] - setText: Text 'test@liferay.com' is set on object 'Object Repository/Final Object Repo/Login Page/Internal User/Email Address'

2018-12-07 00:12:26 - [MESSAGE][PASSED] - Text 'test@liferay.com' is set on object 'Object Repository/Final Object Repo/Login Page/Internal User/Email Address'

2018-12-07 00:12:26 - [TEST_STEP][PASSED] - click: Object: 'Object Repository/Final Object Repo/Login Page/Internal User/Next Button' is clicked on

2018-12-07 00:12:26 - [MESSAGE][PASSED] - Object: 'Object Repository/Final Object Repo/Login Page/Internal User/Next Button' is clicked on

2018-12-07 00:12:26 - [TEST_STEP][PASSED] - delay: Delayed 2 second(s)

2018-12-07 00:12:28 - [MESSAGE][PASSED] - Delayed 2 second(s)

2018-12-07 00:12:28 - [TEST_STEP][PASSED] - setText: Text 'test' is set on object 'Object Repository/Final Object Repo/Login Page/Internal User/Password'

2018-12-07 00:12:28 - [MESSAGE][PASSED] - Text 'test' is set on object 'Object Repository/Final Object Repo/Login Page/Internal User/Password'

2018-12-07 00:12:28 - [TEST_STEP][PASSED] - delay: Delayed 2 second(s)

2018-12-07 00:12:30 - [MESSAGE][PASSED] - Delayed 2 second(s)

2018-12-07 00:12:30 - [TEST_STEP][PASSED] - click: Object: 'Object Repository/Final Object Repo/Login Page/Internal User/Login Button' is clicked on

2018-12-07 00:12:30 - [MESSAGE][PASSED] - Object: 'Object Repository/Final Object Repo/Login Page/Internal User/Login Button' is clicked on

2018-12-07 00:12:30 - [TEST_STEP][PASSED] - Statement - tester = com.kms.katalon.core.testobject.ObjectRepository.findTestObject(Final Object Repo/Landing Page/Select to English): Finding Test Object with id 'Object Repository/Final Object Repo/Landing Page/Select to English'

2018-12-07 00:12:30 - [TEST_STEP][PASSED] - Statement - Try: Delayed 2 second(s)

2018-12-07 00:12:30 - [TEST_STEP][PASSED] - Statement - Checker = com.kms.katalon.core.webui.keyword.WebUiBuiltInKeywords.verifyElementNotPresent(tester, 3): Web element with id: 'Object Repository/Final Object Repo/Landing Page/Select to English' located by 'By.xpath: //a[@class = 'taglib-language-list-text' and @lang = 'en-US' and (contains(text(), 'EN') or contains(., 'EN'))]' is not present after '3' second(s)

2018-12-07 00:12:32 - [MESSAGE][PASSED] - Web element with id: 'Object Repository/Final Object Repo/Landing Page/Select to English' located by 'By.xpath: //a[@class = 'taglib-language-list-text' and @lang = 'en-US' and (contains(text(), 'EN') or contains(., 'EN'))]' is not present after '3' second(s)

2018-12-07 00:12:32 - [TEST_STEP][PASSED] - Statement - If (Checker == false): null

2018-12-07 00:12:32 - [TEST_STEP][PASSED] - delay: Delayed 2 second(s)

2018-12-07 00:12:34 - [MESSAGE][PASSED] - Delayed 2 second(s)

2018-12-07 00:12:34 - [TEST_STEP][PASSED] - delay: Delayed 5 second(s)

2018-12-07 00:12:39 - [MESSAGE][PASSED] - Delayed 5 second(s)

2018-12-07 00:12:39 - [TEST_STEP][PASSED] - mouseOver: Object: 'Object Repository/Final Object Repo/Landing Page/WorkFlow Menu' is hovered

2018-12-07 00:12:40 - [MESSAGE][PASSED] - Object: 'Object Repository/Final Object Repo/Landing Page/WorkFlow Menu' is hovered

2018-12-07 00:12:40 - [TEST_STEP][PASSED] - delay: Delayed 2 second(s)

2018-12-07 00:12:42 - [MESSAGE][PASSED] - Delayed 2 second(s)

2018-12-07 00:12:42 - [TEST_STEP][PASSED] - click: Object: 'Object Repository/Final Object Repo/Landing Page/Select to Workflow Listing' is clicked on

2018-12-07 00:12:43 - [MESSAGE][PASSED] - Object: 'Object Repository/Final Object Repo/Landing Page/Select to Workflow Listing' is clicked on

2018-12-07 00:12:43 - [TEST_STEP][PASSED] - delay: Delayed 2 second(s)

2018-12-07 00:12:45 - [MESSAGE][PASSED] - Delayed 2 second(s)

2018-12-07 00:12:45 - [TEST_STEP][PASSED] - click: Object: 'Object Repository/Final Object Repo/WorkFlow Listing Page/Search Information - To Put Ref No' is clicked on

2018-12-07 00:12:45 - [MESSAGE][PASSED] - Object: 'Object Repository/Final Object Repo/WorkFlow Listing Page/Search Information - To Put Ref No' is clicked on

2018-12-07 00:12:45 - [TEST_STEP][PASSED] - delay: Delayed 2 second(s)

2018-12-07 00:12:47 - [MESSAGE][PASSED] - Delayed 2 second(s)

2018-12-07 00:12:47 - [TEST_STEP][PASSED] - callTestCase: Call Test Case 'Test Cases/Final Aug 2018 - PKS Automation/Common/Reference Number Getter' successfully

2018-12-07 00:12:47 - [TEST_CASE][PASSED] - Test Cases/Final Aug 2018 - PKS Automation/Common/Reference Number Getter: Test Cases/Final Aug 2018 - PKS Automation/Common/Reference Number Getter

2018-12-07 00:12:47 - [TEST_STEP][PASSED] - Statement - Try: null

2018-12-07 00:12:47 - [TEST_STEP][PASSED] - Statement - RefNo = new java.io.File(C://Users//Admin//Desktop//PKS//Automation Reference Point//KatalonReference.txt): null

2018-12-07 00:12:47 - [TEST_STEP][PASSED] - Statement - bufferread = new java.io.BufferedReader(new java.io.FileReader(RefNo)): null

2018-12-07 00:12:47 - [TEST_STEP][PASSED] - Statement - readedVal = bufferread.readLine(): null

2018-12-07 00:12:47 - [TEST_STEP][PASSED] - Statement - out.println(CaseReferenceNo): null

2018-12-07 00:12:47 - [TEST_STEP][PASSED] - Statement - out.println(readedVal): null

2018-12-07 00:12:47 - [TEST_STEP][PASSED] - Statement - CaseReferenceNo = "": null

2018-12-07 00:12:47 - [TEST_STEP][PASSED] - Statement - CaseReferenceNo = readedVal: null

2018-12-07 00:12:47 - [MESSAGE][PASSED] - Call Test Case 'Test Cases/Final Aug 2018 - PKS Automation/Common/Reference Number Getter' successfully

2018-12-07 00:12:47 - [TEST_STEP][PASSED] - setText: Text 'CAN12201800002271' is set on object 'Object Repository/Final Object Repo/WorkFlow Listing Page/Ref No Set Text'

2018-12-07 00:12:47 - [MESSAGE][PASSED] - Text 'CAN12201800002271' is set on object 'Object Repository/Final Object Repo/WorkFlow Listing Page/Ref No Set Text'

2018-12-07 00:12:47 - [TEST_STEP][PASSED] - delay: Delayed 2 second(s)

2018-12-07 00:12:49 - [MESSAGE][PASSED] - Delayed 2 second(s)

2018-12-07 00:12:49 - [TEST_STEP][PASSED] - click: Object: 'Object Repository/Final Object Repo/WorkFlow Listing Page/Search Ref No Search Button' is clicked on

2018-12-07 00:12:50 - [MESSAGE][PASSED] - Object: 'Object Repository/Final Object Repo/WorkFlow Listing Page/Search Ref No Search Button' is clicked on

2018-12-07 00:12:50 - [TEST_STEP][PASSED] - delay: Delayed 6 second(s)

2018-12-07 00:12:56 - [MESSAGE][PASSED] - Delayed 6 second(s)

2018-12-07 00:12:56 - [TEST_STEP][PASSED] - click: Object: 'Object Repository/Final Object Repo/WorkFlow Listing Page/Click Continue Tooltip' is clicked on

2018-12-07 00:12:57 - [MESSAGE][PASSED] - Object: 'Object Repository/Final Object Repo/WorkFlow Listing Page/Click Continue Tooltip' is clicked on

2018-12-07 00:12:57 - [TEST_STEP][PASSED] - delay: Delayed 5 second(s)

2018-12-07 00:13:02 - [MESSAGE][PASSED] - Delayed 5 second(s)

2018-12-07 00:13:02 - [TEST_STEP][PASSED] - doubleClick: Object: 'Object Repository/Final Object Repo/WorkFlow Listing Page/Workflow Found - Listing 1' is double clicked on

2018-12-07 00:13:02 - [MESSAGE][PASSED] - Object: 'Object Repository/Final Object Repo/WorkFlow Listing Page/Workflow Found - Listing 1' is double clicked on

2018-12-07 00:13:02 - [TEST_STEP][PASSED] - Statement - println(OwnerID): null

2018-12-07 00:13:02 - [TEST_STEP][PASSED] - Statement - OwnerID = com.kms.katalon.core.webui.keyword.WebUiBuiltInKeywords.getText(com.kms.katalon.core.testobject.ObjectRepository.findTestObject(Final Object Repo/WorkFlow Listing Page/Workflow Found - Listing 1), STOP_ON_FAILURE): Text of object 'Object Repository/Final Object Repo/WorkFlow Listing Page/Workflow Found - Listing 1' is: 'KLpkrbo1'

2018-12-07 00:13:02 - [MESSAGE][PASSED] - Text of object 'Object Repository/Final Object Repo/WorkFlow Listing Page/Workflow Found - Listing 1' is: 'KLpkrbo1'

2018-12-07 00:13:02 - [TEST_STEP][PASSED] - Statement - OwnerID = OwnerID.toLowerCase() + "@gmail.com": null

2018-12-07 00:13:02 - [TEST_STEP][PASSED] - Statement - println(OwnerID): null

2018-12-07 00:13:02 - [TEST_STEP][PASSED] - delay: Delayed 2 second(s)

2018-12-07 00:13:04 - [MESSAGE][PASSED] - Delayed 2 second(s)

2018-12-07 00:13:04 - [MESSAGE][PASSED] - Call Test Case 'Test Cases/Final Aug 2018 - PKS Automation/Common/Workflow Owner Finder' successfully

2018-12-07 00:13:04 - [TEST_STEP][PASSED] - callTestCase: Call Test Case 'Test Cases/Final Aug 2018 - PKS Automation/Registration Module/Log Out/log out avoiding katalon tagging' successfully

2018-12-07 00:13:04 - [TEST_CASE][PASSED] - Test Cases/Final Aug 2018 - PKS Automation/Registration Module/Log Out/log out avoiding katalon tagging: Test Cases/Final Aug 2018 - PKS Automation/Registration Module/Log Out/log out avoiding katalon tagging

2018-12-07 00:13:04 - [TEST_STEP][PASSED] - navigateToUrl: Navigate to 'https://assist2-uat.perkeso.gov.my/c/portal/logout' successfully

2018-12-07 00:13:05 - [MESSAGE][PASSED] - Navigate to 'https://assist2-uat.perkeso.gov.my/c/portal/logout' successfully

2018-12-07 00:13:05 - [MESSAGE][PASSED] - Call Test Case 'Test Cases/Final Aug 2018 - PKS Automation/Registration Module/Log Out/log out avoiding katalon tagging' successfully

2018-12-07 00:13:05 - [TEST_STEP][PASSED] - delay: Delayed 2 second(s)

2018-12-07 00:13:07 - [MESSAGE][PASSED] - Delayed 2 second(s)

2018-12-07 00:13:07 - [TEST_STEP][PASSED] - setText: Text 'klpkrbo1@gmail.com' is set on object 'Object Repository/Final Object Repo/Page_Update Add New Employee - ASSIST/Email TextBox'

2018-12-07 00:13:07 - [MESSAGE][PASSED] - Text 'klpkrbo1@gmail.com' is set on object 'Object Repository/Final Object Repo/Page_Update Add New Employee - ASSIST/Email TextBox'

2018-12-07 00:13:07 - [TEST_STEP][PASSED] - click: Object: 'Object Repository/Final Object Repo/Page_Update Add New Employee - ASSIST/Next Button' is clicked on

2018-12-07 00:13:07 - [MESSAGE][PASSED] - Object: 'Object Repository/Final Object Repo/Page_Update Add New Employee - ASSIST/Next Button' is clicked on

2018-12-07 00:13:07 - [TEST_STEP][PASSED] - delay: Delayed 2 second(s)

2018-12-07 00:13:09 - [MESSAGE][PASSED] - Delayed 2 second(s)

2018-12-07 00:13:09 - [TEST_STEP][PASSED] - setText: Text 'Test1@3456789' is set on object 'Object Repository/Final Object Repo/Page_Update Add New Employee - ASSIST/Password TextBox'

2018-12-07 00:13:09 - [MESSAGE][PASSED] - Text 'Test1@3456789' is set on object 'Object Repository/Final Object Repo/Page_Update Add New Employee - ASSIST/Password TextBox'

2018-12-07 00:13:09 - [TEST_STEP][PASSED] - delay: Delayed 2 second(s)

2018-12-07 00:13:11 - [MESSAGE][PASSED] - Delayed 2 second(s)

2018-12-07 00:13:11 - [TEST_STEP][PASSED] - click: Object: 'Object Repository/Final Object Repo/Page_Update Add New Employee - ASSIST/Login Button' is clicked on

2018-12-07 00:13:12 - [MESSAGE][PASSED] - Object: 'Object Repository/Final Object Repo/Page_Update Add New Employee - ASSIST/Login Button' is clicked on

2018-12-07 00:13:12 - [TEST_STEP][PASSED] - delay: Delayed 4 second(s)

2018-12-07 00:13:16 - [MESSAGE][PASSED] - Delayed 4 second(s)

2018-12-07 00:13:16 - [TEST_STEP][PASSED] - Statement - Try: Delayed 2 second(s)

2018-12-07 00:13:16 - [TEST_STEP][PASSED] - Statement - Checker = false: null

2018-12-07 00:13:16 - [TEST_STEP][PASSED] - Statement - Checker = com.kms.katalon.core.webui.keyword.WebUiBuiltInKeywords.verifyElementHasAttribute(com.kms.katalon.core.testobject.ObjectRepository.findTestObject(Final Object Repo/Landing Page/BM Detecting), "href", 20, OPTIONAL): Object 'Object Repository/Final Object Repo/Landing Page/BM Detecting' has attribute 'href'

2018-12-07 00:13:16 - [MESSAGE][PASSED] - Object 'Object Repository/Final Object Repo/Landing Page/BM Detecting' has attribute 'href'

2018-12-07 00:13:16 - [TEST_STEP][PASSED] - Statement - out.println(Checker): null

2018-12-07 00:13:16 - [TEST_STEP][PASSED] - Statement - If (Checker == false): null

2018-12-07 00:13:16 - [TEST_STEP][PASSED] - Statement - Else: null

2018-12-07 00:13:16 - [TEST_STEP][PASSED] - delay: Delayed 2 second(s)

2018-12-07 00:13:18 - [MESSAGE][PASSED] - Delayed 2 second(s)

2018-12-07 00:13:18 - [TEST_STEP][PASSED] - delay: Delayed 4 second(s)

2018-12-07 00:13:22 - [MESSAGE][PASSED] - Delayed 4 second(s)

2018-12-07 00:13:22 - [TEST_STEP][PASSED] - click: Object: 'Object Repository/Final Object Repo/New Registration - Registration Module Pages/New Reg - OTC to RO/Special Case - All Related Objects/Expand to Search' is clicked on

2018-12-07 00:13:22 - [MESSAGE][PASSED] - Object: 'Object Repository/Final Object Repo/New Registration - Registration Module Pages/New Reg - OTC to RO/Special Case - All Related Objects/Expand to Search' is clicked on

2018-12-07 00:13:22 - [TEST_STEP][FAILED] - setText: Unable to set text 'CAN12201800002271' of object 'Object Repository/Final Object Repo/New Registration - Registration Module Pages/New Reg - OTC to RO/Special Case - All Related Objects/TextBox RefNo in Workbasket' (Root cause: org.openqa.selenium.ElementNotVisibleException: element not interactable
  (Session info: chrome=70.0.3538.110)
  (Driver info: chromedriver=2.43.600210 (68dcf5eebde37173d4027fa8635e332711d2874a),platform=Windows NT 6.1.7601 SP1 x86_64) (WARNING: The server did not provide any stacktrace information)
Command duration or timeout: 0 milliseconds
Build info: version: '3.7.1', revision: '8a0099a', time: '2017-11-06T21:07:36.161Z'
System info: host: 'WIN7TEST02', ip: '10.20.3.72', os.name: 'Windows 7', os.arch: 'amd64', os.version: '6.1', java.version: '1.8.0_181'
Driver info: com.kms.katalon.selenium.driver.CChromeDriver
Capabilities {acceptInsecureCerts: false, acceptSslCerts: false, applicationCacheEnabled: false, browserConnectionEnabled: false, browserName: chrome, chrome: {chromedriverVersion: 2.43.600210 (68dcf5eebde371..., userDataDir: C:\Users\Admin\AppData\Loca...}, cssSelectorsEnabled: true, databaseEnabled: false, goog:chromeOptions: {debuggerAddress: localhost:62827}, handlesAlerts: true, hasTouchScreen: false, javascriptEnabled: true, locationContextEnabled: true, mobileEmulationEnabled: false, nativeEvents: true, networkConnectionEnabled: false, pageLoadStrategy: normal, platform: XP, platformName: XP, rotatable: false, setWindowRect: true, takesHeapSnapshot: true, takesScreenshot: true, unexpectedAlertBehaviour: , unhandledPromptBehavior: , version: 70.0.3538.110, webStorageEnabled: true}
Session ID: 2c4864234c45282cb99241d2497ddbe9)

2018-12-07 00:13:22 - [MESSAGE][FAILED] - Unable to set text 'CAN12201800002271' of object 'Object Repository/Final Object Repo/New Registration - Registration Module Pages/New Reg - OTC to RO/Special Case - All Related Objects/TextBox RefNo in Workbasket' (Root cause: org.openqa.selenium.ElementNotVisibleException: element not interactable
  (Session info: chrome=70.0.3538.110)
  (Driver info: chromedriver=2.43.600210 (68dcf5eebde37173d4027fa8635e332711d2874a),platform=Windows NT 6.1.7601 SP1 x86_64) (WARNING: The server did not provide any stacktrace information)
Command duration or timeout: 0 milliseconds
Build info: version: '3.7.1', revision: '8a0099a', time: '2017-11-06T21:07:36.161Z'
System info: host: 'WIN7TEST02', ip: '10.20.3.72', os.name: 'Windows 7', os.arch: 'amd64', os.version: '6.1', java.version: '1.8.0_181'
Driver info: com.kms.katalon.selenium.driver.CChromeDriver
Capabilities {acceptInsecureCerts: false, acceptSslCerts: false, applicationCacheEnabled: false, browserConnectionEnabled: false, browserName: chrome, chrome: {chromedriverVersion: 2.43.600210 (68dcf5eebde371..., userDataDir: C:\Users\Admin\AppData\Loca...}, cssSelectorsEnabled: true, databaseEnabled: false, goog:chromeOptions: {debuggerAddress: localhost:62827}, handlesAlerts: true, hasTouchScreen: false, javascriptEnabled: true, locationContextEnabled: true, mobileEmulationEnabled: false, nativeEvents: true, networkConnectionEnabled: false, pageLoadStrategy: normal, platform: XP, platformName: XP, rotatable: false, setWindowRect: true, takesHeapSnapshot: true, takesScreenshot: true, unexpectedAlertBehaviour: , unhandledPromptBehavior: , version: 70.0.3538.110, webStorageEnabled: true}
Session ID: 2c4864234c45282cb99241d2497ddbe9)
[[ATTACHMENT|C:\\Users\\Admin\\Desktop\\PKS\\Perkeso Phase A\\Reports\\Workflow\\Update Add New Employee\\20181206_171415\\1544112802410.png]]

2018-12-07 00:13:22 - [TEST_STEP][PASSED] - delay: Delayed 2 second(s)

2018-12-07 00:13:24 - [MESSAGE][PASSED] - Delayed 2 second(s)

2018-12-07 00:13:24 - [TEST_STEP][PASSED] - click: Object: 'Object Repository/Final Object Repo/New Registration - Registration Module Pages/New Reg - OTC to RO/Special Case - All Related Objects/Click Search' is clicked on

2018-12-07 00:13:24 - [MESSAGE][PASSED] - Object: 'Object Repository/Final Object Repo/New Registration - Registration Module Pages/New Reg - OTC to RO/Special Case - All Related Objects/Click Search' is clicked on

2018-12-07 00:13:24 - [TEST_STEP][PASSED] - delay: Delayed 2 second(s)

2018-12-07 00:13:26 - [MESSAGE][PASSED] - Delayed 2 second(s)

2018-12-07 00:13:26 - [TEST_STEP][PASSED] - click: Object: 'Object Repository/Final Object Repo/New Registration - Registration Module Pages/New Reg - OTC to RO/Special Case - All Related Objects/Click to Continue Workflow' is clicked on

2018-12-07 00:13:30 - [MESSAGE][PASSED] - Object: 'Object Repository/Final Object Repo/New Registration - Registration Module Pages/New Reg - OTC to RO/Special Case - All Related Objects/Click to Continue Workflow' is clicked on

2018-12-07 00:13:30 - [TEST_STEP][PASSED] - delay: Delayed 10 second(s)

2018-12-07 00:13:40 - [MESSAGE][PASSED] - Delayed 10 second(s)

2018-12-07 00:13:40 - [TEST_STEP][PASSED] - click: Object: 'Object Repository/Final Object Repo/Page_Update Add New Employee - ASSIST/Save  Continue Button' is clicked on

2018-12-07 00:13:40 - [MESSAGE][PASSED] - Object: 'Object Repository/Final Object Repo/Page_Update Add New Employee - ASSIST/Save  Continue Button' is clicked on

2018-12-07 00:13:40 - [TEST_STEP][PASSED] - delay: Delayed 4 second(s)

2018-12-07 00:13:44 - [MESSAGE][PASSED] - Delayed 4 second(s)

2018-12-07 00:13:44 - [TEST_STEP][PASSED] - click: Object: 'Object Repository/Final Object Repo/Page_Update Add New Employee - ASSIST/Save  Continue Third Screen' is clicked on

2018-12-07 00:13:47 - [MESSAGE][PASSED] - Object: 'Object Repository/Final Object Repo/Page_Update Add New Employee - ASSIST/Save  Continue Third Screen' is clicked on

2018-12-07 00:13:47 - [TEST_STEP][PASSED] - delay: Delayed 4 second(s)

2018-12-07 00:13:51 - [MESSAGE][PASSED] - Delayed 4 second(s)

2018-12-07 00:13:51 - [TEST_STEP][PASSED] - click: Object: 'Object Repository/Final Object Repo/Page_Update Add New Employee - ASSIST/Save   Continue Supporting Doc Page' is clicked on

2018-12-07 00:13:51 - [MESSAGE][PASSED] - Object: 'Object Repository/Final Object Repo/Page_Update Add New Employee - ASSIST/Save   Continue Supporting Doc Page' is clicked on

2018-12-07 00:13:51 - [TEST_STEP][PASSED] - delay: Delayed 4 second(s)

2018-12-07 00:13:55 - [MESSAGE][PASSED] - Delayed 4 second(s)

2018-12-07 00:13:55 - [TEST_STEP][PASSED] - click: Object: 'Object Repository/Final Object Repo/Page_Update Add New Employee - ASSIST/Submit Button' is clicked on

2018-12-07 00:13:56 - [MESSAGE][PASSED] - Object: 'Object Repository/Final Object Repo/Page_Update Add New Employee - ASSIST/Submit Button' is clicked on

2018-12-07 00:13:56 - [TEST_STEP][PASSED] - delay: Delayed 4 second(s)

2018-12-07 00:14:00 - [MESSAGE][PASSED] - Delayed 4 second(s)

2018-12-07 00:14:00 - [TEST_STEP][PASSED] - click: Object: 'Object Repository/Final Object Repo/Page_Update Add New Employee - ASSIST/Confirm Submit Button' is clicked on

2018-12-07 00:14:00 - [MESSAGE][PASSED] - Object: 'Object Repository/Final Object Repo/Page_Update Add New Employee - ASSIST/Confirm Submit Button' is clicked on

2018-12-07 00:14:00 - [TEST_STEP][PASSED] - delay: Delayed 30 second(s)

2018-12-07 00:14:30 - [MESSAGE][PASSED] - Delayed 30 second(s)

2018-12-07 00:14:30 - [TEST_STEP][PASSED] - callTestCase: Call Test Case 'Test Cases/Final Aug 2018 - PKS Automation/Common/Screenshoting tool' successfully

2018-12-07 00:14:30 - [TEST_CASE][PASSED] - Test Cases/Final Aug 2018 - PKS Automation/Common/Screenshoting tool: Test Cases/Final Aug 2018 - PKS Automation/Common/Screenshoting tool

2018-12-07 00:14:30 - [TEST_STEP][PASSED] - delay: Delayed 15 second(s)

2018-12-07 00:14:45 - [MESSAGE][PASSED] - Delayed 15 second(s)

2018-12-07 00:14:45 - [TEST_STEP][PASSED] - Statement - driver = com.kms.katalon.core.webui.driver.DriverFactory.getWebDriver(): null

2018-12-07 00:14:45 - [TEST_STEP][PASSED] - Statement - driver.manage().timeouts().implicitlyWait(10, SECONDS): null

2018-12-07 00:14:45 - [TEST_STEP][PASSED] - Statement - PresavePath = KatalonScreenshots: null

2018-12-07 00:14:45 - [TEST_STEP][PASSED] - Statement - pathPrefix = "C:\Users\Public\Pictures\Sample Pictures\Katalon Screenshots\Automate Ending Screen": null

2018-12-07 00:14:45 - [TEST_STEP][PASSED] - Statement - finalPath = <not implemented yet for class: org.codehaus.groovy.ast.expr.EmptyExpression>: null

2018-12-07 00:14:45 - [TEST_STEP][PASSED] - Statement - scrFile = driver.getScreenshotAs(FILE): null

2018-12-07 00:14:45 - [TEST_STEP][PASSED] - Statement - PreSaveFile = new java.io.File(PresavePath): null

2018-12-07 00:14:45 - [TEST_STEP][PASSED] - Statement - counter = 0: null

2018-12-07 00:14:45 - [TEST_STEP][PASSED] - Statement - If (PreSaveFile.exists()): null

2018-12-07 00:14:45 - [TEST_STEP][PASSED] - Statement - While (PreSaveFile.exists()): null

2018-12-07 00:14:45 - [TEST_STEP][PASSED] - Statement - counter = counter + 1: null

2018-12-07 00:14:45 - [TEST_STEP][PASSED] - Statement - PreSaveFile = new java.io.File(((pathPrefix + java.lang.Integer.toString(counter)) + .png)): null

2018-12-07 00:14:45 - [TEST_STEP][PASSED] - Statement - counter = counter + 1: null

2018-12-07 00:14:45 - [TEST_STEP][PASSED] - Statement - PreSaveFile = new java.io.File(((pathPrefix + java.lang.Integer.toString(counter)) + .png)): null

2018-12-07 00:14:45 - [TEST_STEP][PASSED] - Statement - counter = counter + 1: null

2018-12-07 00:14:45 - [TEST_STEP][PASSED] - Statement - PreSaveFile = new java.io.File(((pathPrefix + java.lang.Integer.toString(counter)) + .png)): null

2018-12-07 00:14:45 - [TEST_STEP][PASSED] - Statement - counter = counter + 1: null

2018-12-07 00:14:45 - [TEST_STEP][PASSED] - Statement - PreSaveFile = new java.io.File(((pathPrefix + java.lang.Integer.toString(counter)) + .png)): null

2018-12-07 00:14:45 - [TEST_STEP][PASSED] - Statement - counter = counter + 1: null

2018-12-07 00:14:45 - [TEST_STEP][PASSED] - Statement - PreSaveFile = new java.io.File(((pathPrefix + java.lang.Integer.toString(counter)) + .png)): null

2018-12-07 00:14:45 - [TEST_STEP][PASSED] - Statement - counter = counter + 1: null

2018-12-07 00:14:45 - [TEST_STEP][PASSED] - Statement - PreSaveFile = new java.io.File(((pathPrefix + java.lang.Integer.toString(counter)) + .png)): null

2018-12-07 00:14:45 - [TEST_STEP][PASSED] - Statement - counter = counter + 1: null

2018-12-07 00:14:45 - [TEST_STEP][PASSED] - Statement - PreSaveFile = new java.io.File(((pathPrefix + java.lang.Integer.toString(counter)) + .png)): null

2018-12-07 00:14:45 - [TEST_STEP][PASSED] - Statement - counter = counter + 1: null

2018-12-07 00:14:45 - [TEST_STEP][PASSED] - Statement - PreSaveFile = new java.io.File(((pathPrefix + java.lang.Integer.toString(counter)) + .png)): null

2018-12-07 00:14:45 - [TEST_STEP][PASSED] - Statement - counter = counter + 1: null

2018-12-07 00:14:45 - [TEST_STEP][PASSED] - Statement - PreSaveFile = new java.io.File(((pathPrefix + java.lang.Integer.toString(counter)) + .png)): null

2018-12-07 00:14:45 - [TEST_STEP][PASSED] - Statement - counter = counter + 1: null

2018-12-07 00:14:45 - [TEST_STEP][PASSED] - Statement - PreSaveFile = new java.io.File(((pathPrefix + java.lang.Integer.toString(counter)) + .png)): null

2018-12-07 00:14:45 - [TEST_STEP][PASSED] - Statement - counter = counter + 1: null

2018-12-07 00:14:45 - [TEST_STEP][PASSED] - Statement - PreSaveFile = new java.io.File(((pathPrefix + java.lang.Integer.toString(counter)) + .png)): null

2018-12-07 00:14:45 - [TEST_STEP][PASSED] - Statement - counter = counter + 1: null

2018-12-07 00:14:45 - [TEST_STEP][PASSED] - Statement - PreSaveFile = new java.io.File(((pathPrefix + java.lang.Integer.toString(counter)) + .png)): null

2018-12-07 00:14:45 - [TEST_STEP][PASSED] - Statement - counter = counter + 1: null

2018-12-07 00:14:45 - [TEST_STEP][PASSED] - Statement - PreSaveFile = new java.io.File(((pathPrefix + java.lang.Integer.toString(counter)) + .png)): null

2018-12-07 00:14:45 - [TEST_STEP][PASSED] - Statement - counter = counter + 1: null

2018-12-07 00:14:45 - [TEST_STEP][PASSED] - Statement - PreSaveFile = new java.io.File(((pathPrefix + java.lang.Integer.toString(counter)) + .png)): null

2018-12-07 00:14:45 - [TEST_STEP][PASSED] - Statement - counter = counter + 1: null

2018-12-07 00:14:45 - [TEST_STEP][PASSED] - Statement - PreSaveFile = new java.io.File(((pathPrefix + java.lang.Integer.toString(counter)) + .png)): null

2018-12-07 00:14:45 - [TEST_STEP][PASSED] - Statement - counter = counter + 1: null

2018-12-07 00:14:45 - [TEST_STEP][PASSED] - Statement - PreSaveFile = new java.io.File(((pathPrefix + java.lang.Integer.toString(counter)) + .png)): null

2018-12-07 00:14:45 - [TEST_STEP][PASSED] - Statement - counter = counter + 1: null

2018-12-07 00:14:45 - [TEST_STEP][PASSED] - Statement - PreSaveFile = new java.io.File(((pathPrefix + java.lang.Integer.toString(counter)) + .png)): null

2018-12-07 00:14:45 - [TEST_STEP][PASSED] - Statement - counter = counter + 1: null

2018-12-07 00:14:45 - [TEST_STEP][PASSED] - Statement - PreSaveFile = new java.io.File(((pathPrefix + java.lang.Integer.toString(counter)) + .png)): null

2018-12-07 00:14:45 - [TEST_STEP][PASSED] - Statement - counter = counter + 1: null

2018-12-07 00:14:45 - [TEST_STEP][PASSED] - Statement - PreSaveFile = new java.io.File(((pathPrefix + java.lang.Integer.toString(counter)) + .png)): null

2018-12-07 00:14:45 - [TEST_STEP][PASSED] - Statement - counter = counter + 1: null

2018-12-07 00:14:45 - [TEST_STEP][PASSED] - Statement - PreSaveFile = new java.io.File(((pathPrefix + java.lang.Integer.toString(counter)) + .png)): null

2018-12-07 00:14:45 - [TEST_STEP][PASSED] - Statement - counter = counter + 1: null

2018-12-07 00:14:45 - [TEST_STEP][PASSED] - Statement - PreSaveFile = new java.io.File(((pathPrefix + java.lang.Integer.toString(counter)) + .png)): null

2018-12-07 00:14:45 - [TEST_STEP][PASSED] - Statement - counter = counter + 1: null

2018-12-07 00:14:45 - [TEST_STEP][PASSED] - Statement - PreSaveFile = new java.io.File(((pathPrefix + java.lang.Integer.toString(counter)) + .png)): null

2018-12-07 00:14:45 - [TEST_STEP][PASSED] - Statement - counter = counter + 1: null

2018-12-07 00:14:45 - [TEST_STEP][PASSED] - Statement - PreSaveFile = new java.io.File(((pathPrefix + java.lang.Integer.toString(counter)) + .png)): null

2018-12-07 00:14:45 - [TEST_STEP][PASSED] - Statement - counter = counter + 1: null

2018-12-07 00:14:45 - [TEST_STEP][PASSED] - Statement - PreSaveFile = new java.io.File(((pathPrefix + java.lang.Integer.toString(counter)) + .png)): null

2018-12-07 00:14:45 - [TEST_STEP][PASSED] - Statement - counter = counter + 1: null

2018-12-07 00:14:45 - [TEST_STEP][PASSED] - Statement - PreSaveFile = new java.io.File(((pathPrefix + java.lang.Integer.toString(counter)) + .png)): null

2018-12-07 00:14:45 - [TEST_STEP][PASSED] - Statement - counter = counter + 1: null

2018-12-07 00:14:45 - [TEST_STEP][PASSED] - Statement - PreSaveFile = new java.io.File(((pathPrefix + java.lang.Integer.toString(counter)) + .png)): null

2018-12-07 00:14:45 - [TEST_STEP][PASSED] - Statement - counter = counter + 1: null

2018-12-07 00:14:45 - [TEST_STEP][PASSED] - Statement - PreSaveFile = new java.io.File(((pathPrefix + java.lang.Integer.toString(counter)) + .png)): null

2018-12-07 00:14:45 - [TEST_STEP][PASSED] - Statement - counter = counter + 1: null

2018-12-07 00:14:45 - [TEST_STEP][PASSED] - Statement - PreSaveFile = new java.io.File(((pathPrefix + java.lang.Integer.toString(counter)) + .png)): null

2018-12-07 00:14:45 - [TEST_STEP][PASSED] - Statement - counter = counter + 1: null

2018-12-07 00:14:45 - [TEST_STEP][PASSED] - Statement - PreSaveFile = new java.io.File(((pathPrefix + java.lang.Integer.toString(counter)) + .png)): null

2018-12-07 00:14:45 - [TEST_STEP][PASSED] - Statement - counter = counter + 1: null

2018-12-07 00:14:45 - [TEST_STEP][PASSED] - Statement - PreSaveFile = new java.io.File(((pathPrefix + java.lang.Integer.toString(counter)) + .png)): null

2018-12-07 00:14:45 - [TEST_STEP][PASSED] - Statement - counter = counter + 1: null

2018-12-07 00:14:45 - [TEST_STEP][PASSED] - Statement - PreSaveFile = new java.io.File(((pathPrefix + java.lang.Integer.toString(counter)) + .png)): null

2018-12-07 00:14:45 - [TEST_STEP][PASSED] - Statement - counter = counter + 1: null

2018-12-07 00:14:45 - [TEST_STEP][PASSED] - Statement - PreSaveFile = new java.io.File(((pathPrefix + java.lang.Integer.toString(counter)) + .png)): null

2018-12-07 00:14:45 - [TEST_STEP][PASSED] - Statement - counter = counter + 1: null

2018-12-07 00:14:45 - [TEST_STEP][PASSED] - Statement - PreSaveFile = new java.io.File(((pathPrefix + java.lang.Integer.toString(counter)) + .png)): null

2018-12-07 00:14:45 - [TEST_STEP][PASSED] - Statement - counter = counter + 1: null

2018-12-07 00:14:45 - [TEST_STEP][PASSED] - Statement - PreSaveFile = new java.io.File(((pathPrefix + java.lang.Integer.toString(counter)) + .png)): null

2018-12-07 00:14:45 - [TEST_STEP][PASSED] - Statement - counter = counter + 1: null

2018-12-07 00:14:45 - [TEST_STEP][PASSED] - Statement - PreSaveFile = new java.io.File(((pathPrefix + java.lang.Integer.toString(counter)) + .png)): null

2018-12-07 00:14:45 - [TEST_STEP][PASSED] - Statement - counter = counter + 1: null

2018-12-07 00:14:45 - [TEST_STEP][PASSED] - Statement - PreSaveFile = new java.io.File(((pathPrefix + java.lang.Integer.toString(counter)) + .png)): null

2018-12-07 00:14:45 - [TEST_STEP][PASSED] - Statement - counter = counter + 1: null

2018-12-07 00:14:45 - [TEST_STEP][PASSED] - Statement - PreSaveFile = new java.io.File(((pathPrefix + java.lang.Integer.toString(counter)) + .png)): null

2018-12-07 00:14:45 - [TEST_STEP][PASSED] - Statement - counter = counter + 1: null

2018-12-07 00:14:45 - [TEST_STEP][PASSED] - Statement - PreSaveFile = new java.io.File(((pathPrefix + java.lang.Integer.toString(counter)) + .png)): null

2018-12-07 00:14:45 - [TEST_STEP][PASSED] - Statement - counter = counter + 1: null

2018-12-07 00:14:45 - [TEST_STEP][PASSED] - Statement - PreSaveFile = new java.io.File(((pathPrefix + java.lang.Integer.toString(counter)) + .png)): null

2018-12-07 00:14:45 - [TEST_STEP][PASSED] - Statement - counter = counter + 1: null

2018-12-07 00:14:45 - [TEST_STEP][PASSED] - Statement - PreSaveFile = new java.io.File(((pathPrefix + java.lang.Integer.toString(counter)) + .png)): null

2018-12-07 00:14:45 - [TEST_STEP][PASSED] - Statement - counter = counter + 1: null

2018-12-07 00:14:45 - [TEST_STEP][PASSED] - Statement - PreSaveFile = new java.io.File(((pathPrefix + java.lang.Integer.toString(counter)) + .png)): null

2018-12-07 00:14:45 - [TEST_STEP][PASSED] - Statement - counter = counter + 1: null

2018-12-07 00:14:45 - [TEST_STEP][PASSED] - Statement - PreSaveFile = new java.io.File(((pathPrefix + java.lang.Integer.toString(counter)) + .png)): null

2018-12-07 00:14:45 - [TEST_STEP][PASSED] - Statement - counter = counter + 1: null

2018-12-07 00:14:45 - [TEST_STEP][PASSED] - Statement - PreSaveFile = new java.io.File(((pathPrefix + java.lang.Integer.toString(counter)) + .png)): null

2018-12-07 00:14:45 - [TEST_STEP][PASSED] - Statement - counter = counter + 1: null

2018-12-07 00:14:45 - [TEST_STEP][PASSED] - Statement - PreSaveFile = new java.io.File(((pathPrefix + java.lang.Integer.toString(counter)) + .png)): null

2018-12-07 00:14:45 - [TEST_STEP][PASSED] - Statement - counter = counter + 1: null

2018-12-07 00:14:45 - [TEST_STEP][PASSED] - Statement - PreSaveFile = new java.io.File(((pathPrefix + java.lang.Integer.toString(counter)) + .png)): null

2018-12-07 00:14:45 - [TEST_STEP][PASSED] - Statement - counter = counter + 1: null

2018-12-07 00:14:45 - [TEST_STEP][PASSED] - Statement - PreSaveFile = new java.io.File(((pathPrefix + java.lang.Integer.toString(counter)) + .png)): null

2018-12-07 00:14:45 - [TEST_STEP][PASSED] - Statement - counter = counter + 1: null

2018-12-07 00:14:45 - [TEST_STEP][PASSED] - Statement - PreSaveFile = new java.io.File(((pathPrefix + java.lang.Integer.toString(counter)) + .png)): null

2018-12-07 00:14:45 - [TEST_STEP][PASSED] - Statement - counter = counter + 1: null

2018-12-07 00:14:45 - [TEST_STEP][PASSED] - Statement - PreSaveFile = new java.io.File(((pathPrefix + java.lang.Integer.toString(counter)) + .png)): null

2018-12-07 00:14:45 - [TEST_STEP][PASSED] - Statement - counter = counter + 1: null

2018-12-07 00:14:45 - [TEST_STEP][PASSED] - Statement - PreSaveFile = new java.io.File(((pathPrefix + java.lang.Integer.toString(counter)) + .png)): null

2018-12-07 00:14:45 - [TEST_STEP][PASSED] - Statement - counter = counter + 1: null

2018-12-07 00:14:45 - [TEST_STEP][PASSED] - Statement - PreSaveFile = new java.io.File(((pathPrefix + java.lang.Integer.toString(counter)) + .png)): null

2018-12-07 00:14:45 - [TEST_STEP][PASSED] - Statement - counter = counter + 1: null

2018-12-07 00:14:45 - [TEST_STEP][PASSED] - Statement - PreSaveFile = new java.io.File(((pathPrefix + java.lang.Integer.toString(counter)) + .png)): null

2018-12-07 00:14:45 - [TEST_STEP][PASSED] - Statement - counter = counter + 1: null

2018-12-07 00:14:45 - [TEST_STEP][PASSED] - Statement - PreSaveFile = new java.io.File(((pathPrefix + java.lang.Integer.toString(counter)) + .png)): null

2018-12-07 00:14:45 - [TEST_STEP][PASSED] - Statement - counter = counter + 1: null

2018-12-07 00:14:45 - [TEST_STEP][PASSED] - Statement - PreSaveFile = new java.io.File(((pathPrefix + java.lang.Integer.toString(counter)) + .png)): null

2018-12-07 00:14:45 - [TEST_STEP][PASSED] - Statement - counter = counter + 1: null

2018-12-07 00:14:45 - [TEST_STEP][PASSED] - Statement - PreSaveFile = new java.io.File(((pathPrefix + java.lang.Integer.toString(counter)) + .png)): null

2018-12-07 00:14:45 - [TEST_STEP][PASSED] - Statement - counter = counter + 1: null

2018-12-07 00:14:45 - [TEST_STEP][PASSED] - Statement - PreSaveFile = new java.io.File(((pathPrefix + java.lang.Integer.toString(counter)) + .png)): null

2018-12-07 00:14:45 - [TEST_STEP][PASSED] - Statement - counter = counter + 1: null

2018-12-07 00:14:45 - [TEST_STEP][PASSED] - Statement - PreSaveFile = new java.io.File(((pathPrefix + java.lang.Integer.toString(counter)) + .png)): null

2018-12-07 00:14:45 - [TEST_STEP][PASSED] - Statement - counter = counter + 1: null

2018-12-07 00:14:45 - [TEST_STEP][PASSED] - Statement - PreSaveFile = new java.io.File(((pathPrefix + java.lang.Integer.toString(counter)) + .png)): null

2018-12-07 00:14:45 - [TEST_STEP][PASSED] - Statement - counter = counter + 1: null

2018-12-07 00:14:45 - [TEST_STEP][PASSED] - Statement - PreSaveFile = new java.io.File(((pathPrefix + java.lang.Integer.toString(counter)) + .png)): null

2018-12-07 00:14:45 - [TEST_STEP][PASSED] - Statement - counter = counter + 1: null

2018-12-07 00:14:45 - [TEST_STEP][PASSED] - Statement - PreSaveFile = new java.io.File(((pathPrefix + java.lang.Integer.toString(counter)) + .png)): null

2018-12-07 00:14:45 - [TEST_STEP][PASSED] - Statement - counter = counter + 1: null

2018-12-07 00:14:45 - [TEST_STEP][PASSED] - Statement - PreSaveFile = new java.io.File(((pathPrefix + java.lang.Integer.toString(counter)) + .png)): null

2018-12-07 00:14:45 - [TEST_STEP][PASSED] - Statement - counter = counter + 1: null

2018-12-07 00:14:45 - [TEST_STEP][PASSED] - Statement - PreSaveFile = new java.io.File(((pathPrefix + java.lang.Integer.toString(counter)) + .png)): null

2018-12-07 00:14:45 - [TEST_STEP][PASSED] - Statement - counter = counter + 1: null

2018-12-07 00:14:45 - [TEST_STEP][PASSED] - Statement - PreSaveFile = new java.io.File(((pathPrefix + java.lang.Integer.toString(counter)) + .png)): null

2018-12-07 00:14:45 - [TEST_STEP][PASSED] - Statement - counter = counter + 1: null

2018-12-07 00:14:45 - [TEST_STEP][PASSED] - Statement - PreSaveFile = new java.io.File(((pathPrefix + java.lang.Integer.toString(counter)) + .png)): null

2018-12-07 00:14:45 - [TEST_STEP][PASSED] - Statement - counter = counter + 1: null

2018-12-07 00:14:45 - [TEST_STEP][PASSED] - Statement - PreSaveFile = new java.io.File(((pathPrefix + java.lang.Integer.toString(counter)) + .png)): null

2018-12-07 00:14:45 - [TEST_STEP][PASSED] - Statement - counter = counter + 1: null

2018-12-07 00:14:45 - [TEST_STEP][PASSED] - Statement - PreSaveFile = new java.io.File(((pathPrefix + java.lang.Integer.toString(counter)) + .png)): null

2018-12-07 00:14:45 - [TEST_STEP][PASSED] - Statement - counter = counter + 1: null

2018-12-07 00:14:45 - [TEST_STEP][PASSED] - Statement - PreSaveFile = new java.io.File(((pathPrefix + java.lang.Integer.toString(counter)) + .png)): null

2018-12-07 00:14:45 - [TEST_STEP][PASSED] - Statement - counter = counter + 1: null

2018-12-07 00:14:45 - [TEST_STEP][PASSED] - Statement - PreSaveFile = new java.io.File(((pathPrefix + java.lang.Integer.toString(counter)) + .png)): null

2018-12-07 00:14:45 - [TEST_STEP][PASSED] - Statement - finalPath = pathPrefix + java.lang.Integer.toString(counter) + ".png": null

2018-12-07 00:14:45 - [TEST_STEP][PASSED] - Statement - SaveFile = new java.io.File(finalPath): null

2018-12-07 00:14:45 - [TEST_STEP][PASSED] - Statement - Try: null

2018-12-07 00:14:45 - [TEST_STEP][PASSED] - Statement - org.apache.commons.io.FileUtils.copyFile(scrFile, SaveFile): null

2018-12-07 00:14:45 - [TEST_STEP][PASSED] - Statement - out.println("file kept"): null

2018-12-07 00:14:45 - [TEST_STEP][PASSED] - delay: Delayed 10 second(s)

2018-12-07 00:14:55 - [MESSAGE][PASSED] - Delayed 10 second(s)

2018-12-07 00:14:55 - [MESSAGE][PASSED] - Call Test Case 'Test Cases/Final Aug 2018 - PKS Automation/Common/Screenshoting tool' successfully

2018-12-07 00:14:55 - [TEST_STEP][PASSED] - callTestCase: Call Test Case 'Test Cases/Final Aug 2018 - PKS Automation/Registration Module/Log Out/log out avoiding katalon tagging' successfully

2018-12-07 00:14:55 - [TEST_CASE][PASSED] - Test Cases/Final Aug 2018 - PKS Automation/Registration Module/Log Out/log out avoiding katalon tagging: Test Cases/Final Aug 2018 - PKS Automation/Registration Module/Log Out/log out avoiding katalon tagging

2018-12-07 00:14:55 - [TEST_STEP][PASSED] - navigateToUrl: Navigate to 'https://assist2-uat.perkeso.gov.my/c/portal/logout' successfully

2018-12-07 00:14:56 - [MESSAGE][PASSED] - Navigate to 'https://assist2-uat.perkeso.gov.my/c/portal/logout' successfully

2018-12-07 00:14:56 - [MESSAGE][PASSED] - Call Test Case 'Test Cases/Final Aug 2018 - PKS Automation/Registration Module/Log Out/log out avoiding katalon tagging' successfully

2018-12-07 00:14:56 - [TEST_STEP][PASSED] - callTestCase: Call Test Case 'Test Cases/Final Aug 2018 - PKS Automation/Common/Workflow Owner Finder' successfully

2018-12-07 00:14:56 - [TEST_CASE][PASSED] - Test Cases/Final Aug 2018 - PKS Automation/Common/Workflow Owner Finder: Test Cases/Final Aug 2018 - PKS Automation/Common/Workflow Owner Finder

2018-12-07 00:14:56 - [TEST_STEP][PASSED] - openBrowser: Browser is opened with url: ''

2018-12-07 00:14:56 - [MESSAGE][WARNING] - A browser is already opened. Closing browser and opening a new one

2018-12-07 00:15:00 - [MESSAGE][PASSED] - Browser is opened with url: ''

2018-12-07 00:15:00 - [TEST_STEP][PASSED] - navigateToUrl: Navigate to 'https://assist2-uat.perkeso.gov.my/login' successfully

2018-12-07 00:15:01 - [MESSAGE][PASSED] - Navigate to 'https://assist2-uat.perkeso.gov.my/login' successfully

2018-12-07 00:15:01 - [TEST_STEP][PASSED] - delay: Delayed 5 second(s)

2018-12-07 00:15:06 - [MESSAGE][PASSED] - Delayed 5 second(s)

2018-12-07 00:15:06 - [TEST_STEP][PASSED] - setText: Text 'test@liferay.com' is set on object 'Object Repository/Final Object Repo/Login Page/Internal User/Email Address'

2018-12-07 00:15:06 - [MESSAGE][PASSED] - Text 'test@liferay.com' is set on object 'Object Repository/Final Object Repo/Login Page/Internal User/Email Address'

2018-12-07 00:15:06 - [TEST_STEP][PASSED] - click: Object: 'Object Repository/Final Object Repo/Login Page/Internal User/Next Button' is clicked on

2018-12-07 00:15:07 - [MESSAGE][PASSED] - Object: 'Object Repository/Final Object Repo/Login Page/Internal User/Next Button' is clicked on

2018-12-07 00:15:07 - [TEST_STEP][PASSED] - delay: Delayed 2 second(s)

2018-12-07 00:15:09 - [MESSAGE][PASSED] - Delayed 2 second(s)

2018-12-07 00:15:09 - [TEST_STEP][PASSED] - setText: Text 'test' is set on object 'Object Repository/Final Object Repo/Login Page/Internal User/Password'

2018-12-07 00:15:09 - [MESSAGE][PASSED] - Text 'test' is set on object 'Object Repository/Final Object Repo/Login Page/Internal User/Password'

2018-12-07 00:15:09 - [TEST_STEP][PASSED] - delay: Delayed 2 second(s)

2018-12-07 00:15:11 - [MESSAGE][PASSED] - Delayed 2 second(s)

2018-12-07 00:15:11 - [TEST_STEP][PASSED] - click: Object: 'Object Repository/Final Object Repo/Login Page/Internal User/Login Button' is clicked on

2018-12-07 00:15:11 - [MESSAGE][PASSED] - Object: 'Object Repository/Final Object Repo/Login Page/Internal User/Login Button' is clicked on

2018-12-07 00:15:11 - [TEST_STEP][PASSED] - Statement - tester = com.kms.katalon.core.testobject.ObjectRepository.findTestObject(Final Object Repo/Landing Page/Select to English): Finding Test Object with id 'Object Repository/Final Object Repo/Landing Page/Select to English'

2018-12-07 00:15:11 - [TEST_STEP][PASSED] - Statement - Try: Delayed 2 second(s)

2018-12-07 00:15:11 - [TEST_STEP][PASSED] - Statement - Checker = com.kms.katalon.core.webui.keyword.WebUiBuiltInKeywords.verifyElementNotPresent(tester, 3): Web element with id: 'Object Repository/Final Object Repo/Landing Page/Select to English' located by 'By.xpath: //a[@class = 'taglib-language-list-text' and @lang = 'en-US' and (contains(text(), 'EN') or contains(., 'EN'))]' is not present after '3' second(s)

2018-12-07 00:15:13 - [MESSAGE][PASSED] - Web element with id: 'Object Repository/Final Object Repo/Landing Page/Select to English' located by 'By.xpath: //a[@class = 'taglib-language-list-text' and @lang = 'en-US' and (contains(text(), 'EN') or contains(., 'EN'))]' is not present after '3' second(s)

2018-12-07 00:15:13 - [TEST_STEP][PASSED] - Statement - If (Checker == false): null

2018-12-07 00:15:13 - [TEST_STEP][PASSED] - delay: Delayed 2 second(s)

2018-12-07 00:15:15 - [MESSAGE][PASSED] - Delayed 2 second(s)

2018-12-07 00:15:15 - [TEST_STEP][PASSED] - delay: Delayed 5 second(s)

2018-12-07 00:15:20 - [MESSAGE][PASSED] - Delayed 5 second(s)

2018-12-07 00:15:20 - [TEST_STEP][PASSED] - mouseOver: Object: 'Object Repository/Final Object Repo/Landing Page/WorkFlow Menu' is hovered

2018-12-07 00:15:20 - [MESSAGE][PASSED] - Object: 'Object Repository/Final Object Repo/Landing Page/WorkFlow Menu' is hovered

2018-12-07 00:15:20 - [TEST_STEP][PASSED] - delay: Delayed 2 second(s)

2018-12-07 00:15:22 - [MESSAGE][PASSED] - Delayed 2 second(s)

2018-12-07 00:15:22 - [TEST_STEP][PASSED] - click: Object: 'Object Repository/Final Object Repo/Landing Page/Select to Workflow Listing' is clicked on

2018-12-07 00:15:23 - [MESSAGE][PASSED] - Object: 'Object Repository/Final Object Repo/Landing Page/Select to Workflow Listing' is clicked on

2018-12-07 00:15:23 - [TEST_STEP][PASSED] - delay: Delayed 2 second(s)

2018-12-07 00:15:25 - [MESSAGE][PASSED] - Delayed 2 second(s)

2018-12-07 00:15:25 - [TEST_STEP][PASSED] - click: Object: 'Object Repository/Final Object Repo/WorkFlow Listing Page/Search Information - To Put Ref No' is clicked on

2018-12-07 00:15:25 - [MESSAGE][PASSED] - Object: 'Object Repository/Final Object Repo/WorkFlow Listing Page/Search Information - To Put Ref No' is clicked on

2018-12-07 00:15:25 - [TEST_STEP][PASSED] - delay: Delayed 2 second(s)

2018-12-07 00:15:27 - [MESSAGE][PASSED] - Delayed 2 second(s)

2018-12-07 00:15:27 - [TEST_STEP][PASSED] - callTestCase: Call Test Case 'Test Cases/Final Aug 2018 - PKS Automation/Common/Reference Number Getter' successfully

2018-12-07 00:15:27 - [TEST_CASE][PASSED] - Test Cases/Final Aug 2018 - PKS Automation/Common/Reference Number Getter: Test Cases/Final Aug 2018 - PKS Automation/Common/Reference Number Getter

2018-12-07 00:15:27 - [TEST_STEP][PASSED] - Statement - Try: null

2018-12-07 00:15:27 - [TEST_STEP][PASSED] - Statement - RefNo = new java.io.File(C://Users//Admin//Desktop//PKS//Automation Reference Point//KatalonReference.txt): null

2018-12-07 00:15:27 - [TEST_STEP][PASSED] - Statement - bufferread = new java.io.BufferedReader(new java.io.FileReader(RefNo)): null

2018-12-07 00:15:27 - [TEST_STEP][PASSED] - Statement - readedVal = bufferread.readLine(): null

2018-12-07 00:15:27 - [TEST_STEP][PASSED] - Statement - out.println(CaseReferenceNo): null

2018-12-07 00:15:27 - [TEST_STEP][PASSED] - Statement - out.println(readedVal): null

2018-12-07 00:15:27 - [TEST_STEP][PASSED] - Statement - CaseReferenceNo = "": null

2018-12-07 00:15:27 - [TEST_STEP][PASSED] - Statement - CaseReferenceNo = readedVal: null

2018-12-07 00:15:27 - [MESSAGE][PASSED] - Call Test Case 'Test Cases/Final Aug 2018 - PKS Automation/Common/Reference Number Getter' successfully

2018-12-07 00:15:27 - [TEST_STEP][PASSED] - setText: Text 'CAN12201800002271' is set on object 'Object Repository/Final Object Repo/WorkFlow Listing Page/Ref No Set Text'

2018-12-07 00:15:28 - [MESSAGE][PASSED] - Text 'CAN12201800002271' is set on object 'Object Repository/Final Object Repo/WorkFlow Listing Page/Ref No Set Text'

2018-12-07 00:15:28 - [TEST_STEP][PASSED] - delay: Delayed 2 second(s)

2018-12-07 00:15:30 - [MESSAGE][PASSED] - Delayed 2 second(s)

2018-12-07 00:15:30 - [TEST_STEP][PASSED] - click: Object: 'Object Repository/Final Object Repo/WorkFlow Listing Page/Search Ref No Search Button' is clicked on

2018-12-07 00:15:30 - [MESSAGE][PASSED] - Object: 'Object Repository/Final Object Repo/WorkFlow Listing Page/Search Ref No Search Button' is clicked on

2018-12-07 00:15:30 - [TEST_STEP][PASSED] - delay: Delayed 6 second(s)

2018-12-07 00:15:36 - [MESSAGE][PASSED] - Delayed 6 second(s)

2018-12-07 00:15:36 - [TEST_STEP][PASSED] - click: Object: 'Object Repository/Final Object Repo/WorkFlow Listing Page/Click Continue Tooltip' is clicked on

2018-12-07 00:15:37 - [MESSAGE][PASSED] - Object: 'Object Repository/Final Object Repo/WorkFlow Listing Page/Click Continue Tooltip' is clicked on

2018-12-07 00:15:37 - [TEST_STEP][PASSED] - delay: Delayed 5 second(s)

2018-12-07 00:15:42 - [MESSAGE][PASSED] - Delayed 5 second(s)

2018-12-07 00:15:42 - [TEST_STEP][PASSED] - doubleClick: Object: 'Object Repository/Final Object Repo/WorkFlow Listing Page/Workflow Found - Listing 1' is double clicked on

2018-12-07 00:15:42 - [MESSAGE][PASSED] - Object: 'Object Repository/Final Object Repo/WorkFlow Listing Page/Workflow Found - Listing 1' is double clicked on

2018-12-07 00:15:42 - [TEST_STEP][PASSED] - Statement - println(OwnerID): null

2018-12-07 00:15:42 - [TEST_STEP][PASSED] - Statement - OwnerID = com.kms.katalon.core.webui.keyword.WebUiBuiltInKeywords.getText(com.kms.katalon.core.testobject.ObjectRepository.findTestObject(Final Object Repo/WorkFlow Listing Page/Workflow Found - Listing 1), STOP_ON_FAILURE): Text of object 'Object Repository/Final Object Repo/WorkFlow Listing Page/Workflow Found - Listing 1' is: 'JOHORro3'

2018-12-07 00:15:42 - [MESSAGE][PASSED] - Text of object 'Object Repository/Final Object Repo/WorkFlow Listing Page/Workflow Found - Listing 1' is: 'JOHORro3'

2018-12-07 00:15:42 - [TEST_STEP][PASSED] - Statement - OwnerID = OwnerID.toLowerCase() + "@gmail.com": null

2018-12-07 00:15:42 - [TEST_STEP][PASSED] - Statement - println(OwnerID): null

2018-12-07 00:15:42 - [TEST_STEP][PASSED] - delay: Delayed 2 second(s)

2018-12-07 00:15:44 - [MESSAGE][PASSED] - Delayed 2 second(s)

2018-12-07 00:15:44 - [MESSAGE][PASSED] - Call Test Case 'Test Cases/Final Aug 2018 - PKS Automation/Common/Workflow Owner Finder' successfully

2018-12-07 00:15:44 - [TEST_STEP][PASSED] - callTestCase: Call Test Case 'Test Cases/Final Aug 2018 - PKS Automation/Registration Module/Log Out/log out avoiding katalon tagging' successfully

2018-12-07 00:15:44 - [TEST_CASE][PASSED] - Test Cases/Final Aug 2018 - PKS Automation/Registration Module/Log Out/log out avoiding katalon tagging: Test Cases/Final Aug 2018 - PKS Automation/Registration Module/Log Out/log out avoiding katalon tagging

2018-12-07 00:15:44 - [TEST_STEP][PASSED] - navigateToUrl: Navigate to 'https://assist2-uat.perkeso.gov.my/c/portal/logout' successfully

2018-12-07 00:15:45 - [MESSAGE][PASSED] - Navigate to 'https://assist2-uat.perkeso.gov.my/c/portal/logout' successfully

2018-12-07 00:15:45 - [MESSAGE][PASSED] - Call Test Case 'Test Cases/Final Aug 2018 - PKS Automation/Registration Module/Log Out/log out avoiding katalon tagging' successfully

2018-12-07 00:15:45 - [TEST_STEP][PASSED] - delay: Delayed 2 second(s)

2018-12-07 00:15:47 - [MESSAGE][PASSED] - Delayed 2 second(s)

2018-12-07 00:15:47 - [TEST_STEP][PASSED] - setText: Text 'johorro3@gmail.com' is set on object 'Object Repository/Final Object Repo/Page_Update Add New Employee - ASSIST/Email TextBox'

2018-12-07 00:15:47 - [MESSAGE][PASSED] - Text 'johorro3@gmail.com' is set on object 'Object Repository/Final Object Repo/Page_Update Add New Employee - ASSIST/Email TextBox'

2018-12-07 00:15:47 - [TEST_STEP][PASSED] - click: Object: 'Object Repository/Final Object Repo/Page_Update Add New Employee - ASSIST/Next Button' is clicked on

2018-12-07 00:15:47 - [MESSAGE][PASSED] - Object: 'Object Repository/Final Object Repo/Page_Update Add New Employee - ASSIST/Next Button' is clicked on

2018-12-07 00:15:47 - [TEST_STEP][PASSED] - delay: Delayed 2 second(s)

2018-12-07 00:15:49 - [MESSAGE][PASSED] - Delayed 2 second(s)

2018-12-07 00:15:49 - [TEST_STEP][PASSED] - setText: Text 'Test1@3456789' is set on object 'Object Repository/Final Object Repo/Page_Update Add New Employee - ASSIST/Password TextBox'

2018-12-07 00:15:49 - [MESSAGE][PASSED] - Text 'Test1@3456789' is set on object 'Object Repository/Final Object Repo/Page_Update Add New Employee - ASSIST/Password TextBox'

2018-12-07 00:15:49 - [TEST_STEP][PASSED] - delay: Delayed 2 second(s)

2018-12-07 00:15:51 - [MESSAGE][PASSED] - Delayed 2 second(s)

2018-12-07 00:15:51 - [TEST_STEP][PASSED] - click: Object: 'Object Repository/Final Object Repo/Page_Update Add New Employee - ASSIST/Login Button' is clicked on

2018-12-07 00:15:52 - [MESSAGE][PASSED] - Object: 'Object Repository/Final Object Repo/Page_Update Add New Employee - ASSIST/Login Button' is clicked on

2018-12-07 00:15:52 - [TEST_STEP][PASSED] - delay: Delayed 4 second(s)

2018-12-07 00:15:56 - [MESSAGE][PASSED] - Delayed 4 second(s)

2018-12-07 00:15:56 - [TEST_STEP][PASSED] - Statement - Try: Delayed 2 second(s)

2018-12-07 00:15:56 - [TEST_STEP][PASSED] - Statement - Checker = false: null

2018-12-07 00:15:56 - [TEST_STEP][PASSED] - Statement - Checker = com.kms.katalon.core.webui.keyword.WebUiBuiltInKeywords.verifyElementHasAttribute(com.kms.katalon.core.testobject.ObjectRepository.findTestObject(Final Object Repo/Landing Page/BM Detecting), "href", 20, OPTIONAL): Object 'Object Repository/Final Object Repo/Landing Page/BM Detecting' has attribute 'href'

2018-12-07 00:15:56 - [MESSAGE][PASSED] - Object 'Object Repository/Final Object Repo/Landing Page/BM Detecting' has attribute 'href'

2018-12-07 00:15:56 - [TEST_STEP][PASSED] - Statement - out.println(Checker): null

2018-12-07 00:15:56 - [TEST_STEP][PASSED] - Statement - If (Checker == false): null

2018-12-07 00:15:56 - [TEST_STEP][PASSED] - Statement - Else: null

2018-12-07 00:15:56 - [TEST_STEP][PASSED] - delay: Delayed 2 second(s)

2018-12-07 00:15:58 - [MESSAGE][PASSED] - Delayed 2 second(s)

2018-12-07 00:15:58 - [TEST_STEP][PASSED] - delay: Delayed 4 second(s)

2018-12-07 00:16:02 - [MESSAGE][PASSED] - Delayed 4 second(s)

2018-12-07 00:16:02 - [TEST_STEP][PASSED] - click: Object: 'Object Repository/Final Object Repo/New Registration - Registration Module Pages/New Reg - OTC to RO/Special Case - All Related Objects/Expand to Search' is clicked on

2018-12-07 00:16:02 - [MESSAGE][PASSED] - Object: 'Object Repository/Final Object Repo/New Registration - Registration Module Pages/New Reg - OTC to RO/Special Case - All Related Objects/Expand to Search' is clicked on

2018-12-07 00:16:02 - [TEST_STEP][FAILED] - setText: Unable to set text 'CAN12201800002271' of object 'Object Repository/Final Object Repo/New Registration - Registration Module Pages/New Reg - OTC to RO/Special Case - All Related Objects/TextBox RefNo in Workbasket' (Root cause: org.openqa.selenium.ElementNotVisibleException: element not interactable
  (Session info: chrome=70.0.3538.110)
  (Driver info: chromedriver=2.43.600210 (68dcf5eebde37173d4027fa8635e332711d2874a),platform=Windows NT 6.1.7601 SP1 x86_64) (WARNING: The server did not provide any stacktrace information)
Command duration or timeout: 0 milliseconds
Build info: version: '3.7.1', revision: '8a0099a', time: '2017-11-06T21:07:36.161Z'
System info: host: 'WIN7TEST02', ip: '10.20.3.72', os.name: 'Windows 7', os.arch: 'amd64', os.version: '6.1', java.version: '1.8.0_181'
Driver info: com.kms.katalon.selenium.driver.CChromeDriver
Capabilities {acceptInsecureCerts: false, acceptSslCerts: false, applicationCacheEnabled: false, browserConnectionEnabled: false, browserName: chrome, chrome: {chromedriverVersion: 2.43.600210 (68dcf5eebde371..., userDataDir: C:\Users\Admin\AppData\Loca...}, cssSelectorsEnabled: true, databaseEnabled: false, goog:chromeOptions: {debuggerAddress: localhost:62872}, handlesAlerts: true, hasTouchScreen: false, javascriptEnabled: true, locationContextEnabled: true, mobileEmulationEnabled: false, nativeEvents: true, networkConnectionEnabled: false, pageLoadStrategy: normal, platform: XP, platformName: XP, rotatable: false, setWindowRect: true, takesHeapSnapshot: true, takesScreenshot: true, unexpectedAlertBehaviour: , unhandledPromptBehavior: , version: 70.0.3538.110, webStorageEnabled: true}
Session ID: 861cff8764666720ab9a16fd9affc683)

2018-12-07 00:16:02 - [MESSAGE][FAILED] - Unable to set text 'CAN12201800002271' of object 'Object Repository/Final Object Repo/New Registration - Registration Module Pages/New Reg - OTC to RO/Special Case - All Related Objects/TextBox RefNo in Workbasket' (Root cause: org.openqa.selenium.ElementNotVisibleException: element not interactable
  (Session info: chrome=70.0.3538.110)
  (Driver info: chromedriver=2.43.600210 (68dcf5eebde37173d4027fa8635e332711d2874a),platform=Windows NT 6.1.7601 SP1 x86_64) (WARNING: The server did not provide any stacktrace information)
Command duration or timeout: 0 milliseconds
Build info: version: '3.7.1', revision: '8a0099a', time: '2017-11-06T21:07:36.161Z'
System info: host: 'WIN7TEST02', ip: '10.20.3.72', os.name: 'Windows 7', os.arch: 'amd64', os.version: '6.1', java.version: '1.8.0_181'
Driver info: com.kms.katalon.selenium.driver.CChromeDriver
Capabilities {acceptInsecureCerts: false, acceptSslCerts: false, applicationCacheEnabled: false, browserConnectionEnabled: false, browserName: chrome, chrome: {chromedriverVersion: 2.43.600210 (68dcf5eebde371..., userDataDir: C:\Users\Admin\AppData\Loca...}, cssSelectorsEnabled: true, databaseEnabled: false, goog:chromeOptions: {debuggerAddress: localhost:62872}, handlesAlerts: true, hasTouchScreen: false, javascriptEnabled: true, locationContextEnabled: true, mobileEmulationEnabled: false, nativeEvents: true, networkConnectionEnabled: false, pageLoadStrategy: normal, platform: XP, platformName: XP, rotatable: false, setWindowRect: true, takesHeapSnapshot: true, takesScreenshot: true, unexpectedAlertBehaviour: , unhandledPromptBehavior: , version: 70.0.3538.110, webStorageEnabled: true}
Session ID: 861cff8764666720ab9a16fd9affc683)
[[ATTACHMENT|C:\\Users\\Admin\\Desktop\\PKS\\Perkeso Phase A\\Reports\\Workflow\\Update Add New Employee\\20181206_171415\\1544112962386.png]]

2018-12-07 00:16:02 - [TEST_STEP][PASSED] - delay: Delayed 2 second(s)

2018-12-07 00:16:04 - [MESSAGE][PASSED] - Delayed 2 second(s)

2018-12-07 00:16:04 - [TEST_STEP][PASSED] - click: Object: 'Object Repository/Final Object Repo/New Registration - Registration Module Pages/New Reg - OTC to RO/Special Case - All Related Objects/Click Search' is clicked on

2018-12-07 00:16:04 - [MESSAGE][PASSED] - Object: 'Object Repository/Final Object Repo/New Registration - Registration Module Pages/New Reg - OTC to RO/Special Case - All Related Objects/Click Search' is clicked on

2018-12-07 00:16:04 - [TEST_STEP][PASSED] - delay: Delayed 2 second(s)

2018-12-07 00:16:06 - [MESSAGE][PASSED] - Delayed 2 second(s)

2018-12-07 00:16:06 - [TEST_STEP][PASSED] - click: Object: 'Object Repository/Final Object Repo/New Registration - Registration Module Pages/New Reg - OTC to RO/Special Case - All Related Objects/Click to Continue Workflow' is clicked on

2018-12-07 00:16:11 - [MESSAGE][PASSED] - Object: 'Object Repository/Final Object Repo/New Registration - Registration Module Pages/New Reg - OTC to RO/Special Case - All Related Objects/Click to Continue Workflow' is clicked on

2018-12-07 00:16:11 - [TEST_STEP][PASSED] - delay: Delayed 10 second(s)

2018-12-07 00:16:21 - [MESSAGE][PASSED] - Delayed 10 second(s)

2018-12-07 00:16:21 - [TEST_STEP][PASSED] - click: Object: 'Object Repository/Final Object Repo/New Registration - Registration Module Pages/New Reg - OTC to RO/Special Case - All Related Objects/Continue Button in verifying case' is clicked on

2018-12-07 00:16:24 - [MESSAGE][PASSED] - Object: 'Object Repository/Final Object Repo/New Registration - Registration Module Pages/New Reg - OTC to RO/Special Case - All Related Objects/Continue Button in verifying case' is clicked on

2018-12-07 00:16:24 - [TEST_STEP][PASSED] - delay: Delayed 2 second(s)

2018-12-07 00:16:26 - [MESSAGE][PASSED] - Delayed 2 second(s)

2018-12-07 00:16:26 - [TEST_STEP][PASSED] - click: Object: 'Object Repository/Final Object Repo/Page_Update Add New Employee - ASSIST/Save  Continue Button' is clicked on

2018-12-07 00:16:26 - [MESSAGE][PASSED] - Object: 'Object Repository/Final Object Repo/Page_Update Add New Employee - ASSIST/Save  Continue Button' is clicked on

2018-12-07 00:16:26 - [TEST_STEP][PASSED] - delay: Delayed 6 second(s)

2018-12-07 00:16:32 - [MESSAGE][PASSED] - Delayed 6 second(s)

2018-12-07 00:16:32 - [TEST_STEP][PASSED] - click: Object: 'Object Repository/Final Object Repo/Page_Update Add New Employee - ASSIST/Save  Continue Third Screen' is clicked on

2018-12-07 00:16:35 - [MESSAGE][PASSED] - Object: 'Object Repository/Final Object Repo/Page_Update Add New Employee - ASSIST/Save  Continue Third Screen' is clicked on

2018-12-07 00:16:35 - [TEST_STEP][PASSED] - delay: Delayed 4 second(s)

2018-12-07 00:16:39 - [MESSAGE][PASSED] - Delayed 4 second(s)

2018-12-07 00:16:39 - [TEST_STEP][PASSED] - setText: Text 'Query the Case' is set on object 'Object Repository/Final Object Repo/Page_Update Add New Employee - ASSIST/Query Text Input'

2018-12-07 00:16:40 - [MESSAGE][PASSED] - Text 'Query the Case' is set on object 'Object Repository/Final Object Repo/Page_Update Add New Employee - ASSIST/Query Text Input'

2018-12-07 00:16:40 - [TEST_STEP][PASSED] - delay: Delayed 4 second(s)

2018-12-07 00:16:44 - [MESSAGE][PASSED] - Delayed 4 second(s)

2018-12-07 00:16:44 - [TEST_STEP][PASSED] - click: Object: 'Object Repository/Final Object Repo/Page_Update Add New Employee - ASSIST/Save   Continue Supporting Doc Page' is clicked on

2018-12-07 00:16:44 - [MESSAGE][PASSED] - Object: 'Object Repository/Final Object Repo/Page_Update Add New Employee - ASSIST/Save   Continue Supporting Doc Page' is clicked on

2018-12-07 00:16:44 - [TEST_STEP][PASSED] - delay: Delayed 4 second(s)

2018-12-07 00:16:48 - [MESSAGE][PASSED] - Delayed 4 second(s)

2018-12-07 00:16:48 - [TEST_STEP][PASSED] - click: Object: 'Object Repository/Final Object Repo/Page_Update Add New Employee - ASSIST/Query Button' is clicked on

2018-12-07 00:16:48 - [MESSAGE][PASSED] - Object: 'Object Repository/Final Object Repo/Page_Update Add New Employee - ASSIST/Query Button' is clicked on

2018-12-07 00:16:48 - [TEST_STEP][PASSED] - delay: Delayed 4 second(s)

2018-12-07 00:16:52 - [MESSAGE][PASSED] - Delayed 4 second(s)

2018-12-07 00:16:52 - [TEST_STEP][PASSED] - click: Object: 'Object Repository/Final Object Repo/Page_Update Add New Employee - ASSIST/Confirm to Query' is clicked on

2018-12-07 00:16:52 - [MESSAGE][PASSED] - Object: 'Object Repository/Final Object Repo/Page_Update Add New Employee - ASSIST/Confirm to Query' is clicked on

2018-12-07 00:16:52 - [TEST_STEP][PASSED] - delay: Delayed 20 second(s)

2018-12-07 00:17:12 - [MESSAGE][PASSED] - Delayed 20 second(s)

2018-12-07 00:17:12 - [TEST_STEP][PASSED] - callTestCase: Call Test Case 'Test Cases/Final Aug 2018 - PKS Automation/Common/Screenshoting tool' successfully

2018-12-07 00:17:12 - [TEST_CASE][PASSED] - Test Cases/Final Aug 2018 - PKS Automation/Common/Screenshoting tool: Test Cases/Final Aug 2018 - PKS Automation/Common/Screenshoting tool

2018-12-07 00:17:12 - [TEST_STEP][PASSED] - delay: Delayed 15 second(s)

2018-12-07 00:17:27 - [MESSAGE][PASSED] - Delayed 15 second(s)

2018-12-07 00:17:27 - [TEST_STEP][PASSED] - Statement - driver = com.kms.katalon.core.webui.driver.DriverFactory.getWebDriver(): null

2018-12-07 00:17:27 - [TEST_STEP][PASSED] - Statement - driver.manage().timeouts().implicitlyWait(10, SECONDS): null

2018-12-07 00:17:27 - [TEST_STEP][PASSED] - Statement - PresavePath = KatalonScreenshots: null

2018-12-07 00:17:27 - [TEST_STEP][PASSED] - Statement - pathPrefix = "C:\Users\Public\Pictures\Sample Pictures\Katalon Screenshots\Automate Ending Screen": null

2018-12-07 00:17:27 - [TEST_STEP][PASSED] - Statement - finalPath = <not implemented yet for class: org.codehaus.groovy.ast.expr.EmptyExpression>: null

2018-12-07 00:17:27 - [TEST_STEP][PASSED] - Statement - scrFile = driver.getScreenshotAs(FILE): null

2018-12-07 00:17:28 - [TEST_STEP][PASSED] - Statement - PreSaveFile = new java.io.File(PresavePath): null

2018-12-07 00:17:28 - [TEST_STEP][PASSED] - Statement - counter = 0: null

2018-12-07 00:17:28 - [TEST_STEP][PASSED] - Statement - If (PreSaveFile.exists()): null

2018-12-07 00:17:28 - [TEST_STEP][PASSED] - Statement - While (PreSaveFile.exists()): null

2018-12-07 00:17:28 - [TEST_STEP][PASSED] - Statement - counter = counter + 1: null

2018-12-07 00:17:28 - [TEST_STEP][PASSED] - Statement - PreSaveFile = new java.io.File(((pathPrefix + java.lang.Integer.toString(counter)) + .png)): null

2018-12-07 00:17:28 - [TEST_STEP][PASSED] - Statement - counter = counter + 1: null

2018-12-07 00:17:28 - [TEST_STEP][PASSED] - Statement - PreSaveFile = new java.io.File(((pathPrefix + java.lang.Integer.toString(counter)) + .png)): null

2018-12-07 00:17:28 - [TEST_STEP][PASSED] - Statement - counter = counter + 1: null

2018-12-07 00:17:28 - [TEST_STEP][PASSED] - Statement - PreSaveFile = new java.io.File(((pathPrefix + java.lang.Integer.toString(counter)) + .png)): null

2018-12-07 00:17:28 - [TEST_STEP][PASSED] - Statement - counter = counter + 1: null

2018-12-07 00:17:28 - [TEST_STEP][PASSED] - Statement - PreSaveFile = new java.io.File(((pathPrefix + java.lang.Integer.toString(counter)) + .png)): null

2018-12-07 00:17:28 - [TEST_STEP][PASSED] - Statement - counter = counter + 1: null

2018-12-07 00:17:28 - [TEST_STEP][PASSED] - Statement - PreSaveFile = new java.io.File(((pathPrefix + java.lang.Integer.toString(counter)) + .png)): null

2018-12-07 00:17:28 - [TEST_STEP][PASSED] - Statement - counter = counter + 1: null

2018-12-07 00:17:28 - [TEST_STEP][PASSED] - Statement - PreSaveFile = new java.io.File(((pathPrefix + java.lang.Integer.toString(counter)) + .png)): null

2018-12-07 00:17:28 - [TEST_STEP][PASSED] - Statement - counter = counter + 1: null

2018-12-07 00:17:28 - [TEST_STEP][PASSED] - Statement - PreSaveFile = new java.io.File(((pathPrefix + java.lang.Integer.toString(counter)) + .png)): null

2018-12-07 00:17:28 - [TEST_STEP][PASSED] - Statement - counter = counter + 1: null

2018-12-07 00:17:28 - [TEST_STEP][PASSED] - Statement - PreSaveFile = new java.io.File(((pathPrefix + java.lang.Integer.toString(counter)) + .png)): null

2018-12-07 00:17:28 - [TEST_STEP][PASSED] - Statement - counter = counter + 1: null

2018-12-07 00:17:28 - [TEST_STEP][PASSED] - Statement - PreSaveFile = new java.io.File(((pathPrefix + java.lang.Integer.toString(counter)) + .png)): null

2018-12-07 00:17:28 - [TEST_STEP][PASSED] - Statement - counter = counter + 1: null

2018-12-07 00:17:28 - [TEST_STEP][PASSED] - Statement - PreSaveFile = new java.io.File(((pathPrefix + java.lang.Integer.toString(counter)) + .png)): null

2018-12-07 00:17:28 - [TEST_STEP][PASSED] - Statement - counter = counter + 1: null

2018-12-07 00:17:28 - [TEST_STEP][PASSED] - Statement - PreSaveFile = new java.io.File(((pathPrefix + java.lang.Integer.toString(counter)) + .png)): null

2018-12-07 00:17:28 - [TEST_STEP][PASSED] - Statement - counter = counter + 1: null

2018-12-07 00:17:28 - [TEST_STEP][PASSED] - Statement - PreSaveFile = new java.io.File(((pathPrefix + java.lang.Integer.toString(counter)) + .png)): null

2018-12-07 00:17:28 - [TEST_STEP][PASSED] - Statement - counter = counter + 1: null

2018-12-07 00:17:28 - [TEST_STEP][PASSED] - Statement - PreSaveFile = new java.io.File(((pathPrefix + java.lang.Integer.toString(counter)) + .png)): null

2018-12-07 00:17:28 - [TEST_STEP][PASSED] - Statement - counter = counter + 1: null

2018-12-07 00:17:28 - [TEST_STEP][PASSED] - Statement - PreSaveFile = new java.io.File(((pathPrefix + java.lang.Integer.toString(counter)) + .png)): null

2018-12-07 00:17:28 - [TEST_STEP][PASSED] - Statement - counter = counter + 1: null

2018-12-07 00:17:28 - [TEST_STEP][PASSED] - Statement - PreSaveFile = new java.io.File(((pathPrefix + java.lang.Integer.toString(counter)) + .png)): null

2018-12-07 00:17:28 - [TEST_STEP][PASSED] - Statement - counter = counter + 1: null

2018-12-07 00:17:28 - [TEST_STEP][PASSED] - Statement - PreSaveFile = new java.io.File(((pathPrefix + java.lang.Integer.toString(counter)) + .png)): null

2018-12-07 00:17:28 - [TEST_STEP][PASSED] - Statement - counter = counter + 1: null

2018-12-07 00:17:28 - [TEST_STEP][PASSED] - Statement - PreSaveFile = new java.io.File(((pathPrefix + java.lang.Integer.toString(counter)) + .png)): null

2018-12-07 00:17:28 - [TEST_STEP][PASSED] - Statement - counter = counter + 1: null

2018-12-07 00:17:28 - [TEST_STEP][PASSED] - Statement - PreSaveFile = new java.io.File(((pathPrefix + java.lang.Integer.toString(counter)) + .png)): null

2018-12-07 00:17:28 - [TEST_STEP][PASSED] - Statement - counter = counter + 1: null

2018-12-07 00:17:28 - [TEST_STEP][PASSED] - Statement - PreSaveFile = new java.io.File(((pathPrefix + java.lang.Integer.toString(counter)) + .png)): null

2018-12-07 00:17:28 - [TEST_STEP][PASSED] - Statement - counter = counter + 1: null

2018-12-07 00:17:28 - [TEST_STEP][PASSED] - Statement - PreSaveFile = new java.io.File(((pathPrefix + java.lang.Integer.toString(counter)) + .png)): null

2018-12-07 00:17:28 - [TEST_STEP][PASSED] - Statement - counter = counter + 1: null

2018-12-07 00:17:28 - [TEST_STEP][PASSED] - Statement - PreSaveFile = new java.io.File(((pathPrefix + java.lang.Integer.toString(counter)) + .png)): null

2018-12-07 00:17:28 - [TEST_STEP][PASSED] - Statement - counter = counter + 1: null

2018-12-07 00:17:28 - [TEST_STEP][PASSED] - Statement - PreSaveFile = new java.io.File(((pathPrefix + java.lang.Integer.toString(counter)) + .png)): null

2018-12-07 00:17:28 - [TEST_STEP][PASSED] - Statement - counter = counter + 1: null

2018-12-07 00:17:28 - [TEST_STEP][PASSED] - Statement - PreSaveFile = new java.io.File(((pathPrefix + java.lang.Integer.toString(counter)) + .png)): null

2018-12-07 00:17:28 - [TEST_STEP][PASSED] - Statement - counter = counter + 1: null

2018-12-07 00:17:28 - [TEST_STEP][PASSED] - Statement - PreSaveFile = new java.io.File(((pathPrefix + java.lang.Integer.toString(counter)) + .png)): null

2018-12-07 00:17:28 - [TEST_STEP][PASSED] - Statement - counter = counter + 1: null

2018-12-07 00:17:28 - [TEST_STEP][PASSED] - Statement - PreSaveFile = new java.io.File(((pathPrefix + java.lang.Integer.toString(counter)) + .png)): null

2018-12-07 00:17:28 - [TEST_STEP][PASSED] - Statement - counter = counter + 1: null

2018-12-07 00:17:28 - [TEST_STEP][PASSED] - Statement - PreSaveFile = new java.io.File(((pathPrefix + java.lang.Integer.toString(counter)) + .png)): null

2018-12-07 00:17:28 - [TEST_STEP][PASSED] - Statement - counter = counter + 1: null

2018-12-07 00:17:28 - [TEST_STEP][PASSED] - Statement - PreSaveFile = new java.io.File(((pathPrefix + java.lang.Integer.toString(counter)) + .png)): null

2018-12-07 00:17:28 - [TEST_STEP][PASSED] - Statement - counter = counter + 1: null

2018-12-07 00:17:28 - [TEST_STEP][PASSED] - Statement - PreSaveFile = new java.io.File(((pathPrefix + java.lang.Integer.toString(counter)) + .png)): null

2018-12-07 00:17:28 - [TEST_STEP][PASSED] - Statement - counter = counter + 1: null

2018-12-07 00:17:28 - [TEST_STEP][PASSED] - Statement - PreSaveFile = new java.io.File(((pathPrefix + java.lang.Integer.toString(counter)) + .png)): null

2018-12-07 00:17:28 - [TEST_STEP][PASSED] - Statement - counter = counter + 1: null

2018-12-07 00:17:28 - [TEST_STEP][PASSED] - Statement - PreSaveFile = new java.io.File(((pathPrefix + java.lang.Integer.toString(counter)) + .png)): null

2018-12-07 00:17:28 - [TEST_STEP][PASSED] - Statement - counter = counter + 1: null

2018-12-07 00:17:28 - [TEST_STEP][PASSED] - Statement - PreSaveFile = new java.io.File(((pathPrefix + java.lang.Integer.toString(counter)) + .png)): null

2018-12-07 00:17:28 - [TEST_STEP][PASSED] - Statement - counter = counter + 1: null

2018-12-07 00:17:28 - [TEST_STEP][PASSED] - Statement - PreSaveFile = new java.io.File(((pathPrefix + java.lang.Integer.toString(counter)) + .png)): null

2018-12-07 00:17:28 - [TEST_STEP][PASSED] - Statement - counter = counter + 1: null

2018-12-07 00:17:28 - [TEST_STEP][PASSED] - Statement - PreSaveFile = new java.io.File(((pathPrefix + java.lang.Integer.toString(counter)) + .png)): null

2018-12-07 00:17:28 - [TEST_STEP][PASSED] - Statement - counter = counter + 1: null

2018-12-07 00:17:28 - [TEST_STEP][PASSED] - Statement - PreSaveFile = new java.io.File(((pathPrefix + java.lang.Integer.toString(counter)) + .png)): null

2018-12-07 00:17:28 - [TEST_STEP][PASSED] - Statement - counter = counter + 1: null

2018-12-07 00:17:28 - [TEST_STEP][PASSED] - Statement - PreSaveFile = new java.io.File(((pathPrefix + java.lang.Integer.toString(counter)) + .png)): null

2018-12-07 00:17:28 - [TEST_STEP][PASSED] - Statement - counter = counter + 1: null

2018-12-07 00:17:28 - [TEST_STEP][PASSED] - Statement - PreSaveFile = new java.io.File(((pathPrefix + java.lang.Integer.toString(counter)) + .png)): null

2018-12-07 00:17:28 - [TEST_STEP][PASSED] - Statement - counter = counter + 1: null

2018-12-07 00:17:28 - [TEST_STEP][PASSED] - Statement - PreSaveFile = new java.io.File(((pathPrefix + java.lang.Integer.toString(counter)) + .png)): null

2018-12-07 00:17:28 - [TEST_STEP][PASSED] - Statement - counter = counter + 1: null

2018-12-07 00:17:28 - [TEST_STEP][PASSED] - Statement - PreSaveFile = new java.io.File(((pathPrefix + java.lang.Integer.toString(counter)) + .png)): null

2018-12-07 00:17:28 - [TEST_STEP][PASSED] - Statement - counter = counter + 1: null

2018-12-07 00:17:28 - [TEST_STEP][PASSED] - Statement - PreSaveFile = new java.io.File(((pathPrefix + java.lang.Integer.toString(counter)) + .png)): null

2018-12-07 00:17:28 - [TEST_STEP][PASSED] - Statement - counter = counter + 1: null

2018-12-07 00:17:28 - [TEST_STEP][PASSED] - Statement - PreSaveFile = new java.io.File(((pathPrefix + java.lang.Integer.toString(counter)) + .png)): null

2018-12-07 00:17:28 - [TEST_STEP][PASSED] - Statement - counter = counter + 1: null

2018-12-07 00:17:28 - [TEST_STEP][PASSED] - Statement - PreSaveFile = new java.io.File(((pathPrefix + java.lang.Integer.toString(counter)) + .png)): null

2018-12-07 00:17:28 - [TEST_STEP][PASSED] - Statement - counter = counter + 1: null

2018-12-07 00:17:28 - [TEST_STEP][PASSED] - Statement - PreSaveFile = new java.io.File(((pathPrefix + java.lang.Integer.toString(counter)) + .png)): null

2018-12-07 00:17:28 - [TEST_STEP][PASSED] - Statement - counter = counter + 1: null

2018-12-07 00:17:28 - [TEST_STEP][PASSED] - Statement - PreSaveFile = new java.io.File(((pathPrefix + java.lang.Integer.toString(counter)) + .png)): null

2018-12-07 00:17:28 - [TEST_STEP][PASSED] - Statement - counter = counter + 1: null

2018-12-07 00:17:28 - [TEST_STEP][PASSED] - Statement - PreSaveFile = new java.io.File(((pathPrefix + java.lang.Integer.toString(counter)) + .png)): null

2018-12-07 00:17:28 - [TEST_STEP][PASSED] - Statement - counter = counter + 1: null

2018-12-07 00:17:28 - [TEST_STEP][PASSED] - Statement - PreSaveFile = new java.io.File(((pathPrefix + java.lang.Integer.toString(counter)) + .png)): null

2018-12-07 00:17:28 - [TEST_STEP][PASSED] - Statement - counter = counter + 1: null

2018-12-07 00:17:28 - [TEST_STEP][PASSED] - Statement - PreSaveFile = new java.io.File(((pathPrefix + java.lang.Integer.toString(counter)) + .png)): null

2018-12-07 00:17:28 - [TEST_STEP][PASSED] - Statement - counter = counter + 1: null

2018-12-07 00:17:28 - [TEST_STEP][PASSED] - Statement - PreSaveFile = new java.io.File(((pathPrefix + java.lang.Integer.toString(counter)) + .png)): null

2018-12-07 00:17:28 - [TEST_STEP][PASSED] - Statement - counter = counter + 1: null

2018-12-07 00:17:28 - [TEST_STEP][PASSED] - Statement - PreSaveFile = new java.io.File(((pathPrefix + java.lang.Integer.toString(counter)) + .png)): null

2018-12-07 00:17:28 - [TEST_STEP][PASSED] - Statement - counter = counter + 1: null

2018-12-07 00:17:28 - [TEST_STEP][PASSED] - Statement - PreSaveFile = new java.io.File(((pathPrefix + java.lang.Integer.toString(counter)) + .png)): null

2018-12-07 00:17:28 - [TEST_STEP][PASSED] - Statement - counter = counter + 1: null

2018-12-07 00:17:28 - [TEST_STEP][PASSED] - Statement - PreSaveFile = new java.io.File(((pathPrefix + java.lang.Integer.toString(counter)) + .png)): null

2018-12-07 00:17:28 - [TEST_STEP][PASSED] - Statement - counter = counter + 1: null

2018-12-07 00:17:28 - [TEST_STEP][PASSED] - Statement - PreSaveFile = new java.io.File(((pathPrefix + java.lang.Integer.toString(counter)) + .png)): null

2018-12-07 00:17:28 - [TEST_STEP][PASSED] - Statement - counter = counter + 1: null

2018-12-07 00:17:28 - [TEST_STEP][PASSED] - Statement - PreSaveFile = new java.io.File(((pathPrefix + java.lang.Integer.toString(counter)) + .png)): null

2018-12-07 00:17:28 - [TEST_STEP][PASSED] - Statement - counter = counter + 1: null

2018-12-07 00:17:28 - [TEST_STEP][PASSED] - Statement - PreSaveFile = new java.io.File(((pathPrefix + java.lang.Integer.toString(counter)) + .png)): null

2018-12-07 00:17:28 - [TEST_STEP][PASSED] - Statement - counter = counter + 1: null

2018-12-07 00:17:28 - [TEST_STEP][PASSED] - Statement - PreSaveFile = new java.io.File(((pathPrefix + java.lang.Integer.toString(counter)) + .png)): null

2018-12-07 00:17:28 - [TEST_STEP][PASSED] - Statement - counter = counter + 1: null

2018-12-07 00:17:28 - [TEST_STEP][PASSED] - Statement - PreSaveFile = new java.io.File(((pathPrefix + java.lang.Integer.toString(counter)) + .png)): null

2018-12-07 00:17:28 - [TEST_STEP][PASSED] - Statement - counter = counter + 1: null

2018-12-07 00:17:28 - [TEST_STEP][PASSED] - Statement - PreSaveFile = new java.io.File(((pathPrefix + java.lang.Integer.toString(counter)) + .png)): null

2018-12-07 00:17:28 - [TEST_STEP][PASSED] - Statement - counter = counter + 1: null

2018-12-07 00:17:28 - [TEST_STEP][PASSED] - Statement - PreSaveFile = new java.io.File(((pathPrefix + java.lang.Integer.toString(counter)) + .png)): null

2018-12-07 00:17:28 - [TEST_STEP][PASSED] - Statement - counter = counter + 1: null

2018-12-07 00:17:28 - [TEST_STEP][PASSED] - Statement - PreSaveFile = new java.io.File(((pathPrefix + java.lang.Integer.toString(counter)) + .png)): null

2018-12-07 00:17:28 - [TEST_STEP][PASSED] - Statement - counter = counter + 1: null

2018-12-07 00:17:28 - [TEST_STEP][PASSED] - Statement - PreSaveFile = new java.io.File(((pathPrefix + java.lang.Integer.toString(counter)) + .png)): null

2018-12-07 00:17:28 - [TEST_STEP][PASSED] - Statement - counter = counter + 1: null

2018-12-07 00:17:28 - [TEST_STEP][PASSED] - Statement - PreSaveFile = new java.io.File(((pathPrefix + java.lang.Integer.toString(counter)) + .png)): null

2018-12-07 00:17:28 - [TEST_STEP][PASSED] - Statement - counter = counter + 1: null

2018-12-07 00:17:28 - [TEST_STEP][PASSED] - Statement - PreSaveFile = new java.io.File(((pathPrefix + java.lang.Integer.toString(counter)) + .png)): null

2018-12-07 00:17:28 - [TEST_STEP][PASSED] - Statement - counter = counter + 1: null

2018-12-07 00:17:28 - [TEST_STEP][PASSED] - Statement - PreSaveFile = new java.io.File(((pathPrefix + java.lang.Integer.toString(counter)) + .png)): null

2018-12-07 00:17:28 - [TEST_STEP][PASSED] - Statement - counter = counter + 1: null

2018-12-07 00:17:28 - [TEST_STEP][PASSED] - Statement - PreSaveFile = new java.io.File(((pathPrefix + java.lang.Integer.toString(counter)) + .png)): null

2018-12-07 00:17:28 - [TEST_STEP][PASSED] - Statement - counter = counter + 1: null

2018-12-07 00:17:28 - [TEST_STEP][PASSED] - Statement - PreSaveFile = new java.io.File(((pathPrefix + java.lang.Integer.toString(counter)) + .png)): null

2018-12-07 00:17:28 - [TEST_STEP][PASSED] - Statement - counter = counter + 1: null

2018-12-07 00:17:28 - [TEST_STEP][PASSED] - Statement - PreSaveFile = new java.io.File(((pathPrefix + java.lang.Integer.toString(counter)) + .png)): null

2018-12-07 00:17:28 - [TEST_STEP][PASSED] - Statement - counter = counter + 1: null

2018-12-07 00:17:28 - [TEST_STEP][PASSED] - Statement - PreSaveFile = new java.io.File(((pathPrefix + java.lang.Integer.toString(counter)) + .png)): null

2018-12-07 00:17:28 - [TEST_STEP][PASSED] - Statement - counter = counter + 1: null

2018-12-07 00:17:28 - [TEST_STEP][PASSED] - Statement - PreSaveFile = new java.io.File(((pathPrefix + java.lang.Integer.toString(counter)) + .png)): null

2018-12-07 00:17:28 - [TEST_STEP][PASSED] - Statement - counter = counter + 1: null

2018-12-07 00:17:28 - [TEST_STEP][PASSED] - Statement - PreSaveFile = new java.io.File(((pathPrefix + java.lang.Integer.toString(counter)) + .png)): null

2018-12-07 00:17:28 - [TEST_STEP][PASSED] - Statement - finalPath = pathPrefix + java.lang.Integer.toString(counter) + ".png": null

2018-12-07 00:17:28 - [TEST_STEP][PASSED] - Statement - SaveFile = new java.io.File(finalPath): null

2018-12-07 00:17:28 - [TEST_STEP][PASSED] - Statement - Try: null

2018-12-07 00:17:28 - [TEST_STEP][PASSED] - Statement - org.apache.commons.io.FileUtils.copyFile(scrFile, SaveFile): null

2018-12-07 00:17:28 - [TEST_STEP][PASSED] - Statement - out.println("file kept"): null

2018-12-07 00:17:28 - [TEST_STEP][PASSED] - delay: Delayed 10 second(s)

2018-12-07 00:17:38 - [MESSAGE][PASSED] - Delayed 10 second(s)

2018-12-07 00:17:38 - [MESSAGE][PASSED] - Call Test Case 'Test Cases/Final Aug 2018 - PKS Automation/Common/Screenshoting tool' successfully

2018-12-07 00:17:38 - [TEST_STEP][PASSED] - callTestCase: Call Test Case 'Test Cases/Final Aug 2018 - PKS Automation/Registration Module/Log Out/log out avoiding katalon tagging' successfully

2018-12-07 00:17:38 - [TEST_CASE][PASSED] - Test Cases/Final Aug 2018 - PKS Automation/Registration Module/Log Out/log out avoiding katalon tagging: Test Cases/Final Aug 2018 - PKS Automation/Registration Module/Log Out/log out avoiding katalon tagging

2018-12-07 00:17:38 - [TEST_STEP][PASSED] - navigateToUrl: Navigate to 'https://assist2-uat.perkeso.gov.my/c/portal/logout' successfully

2018-12-07 00:17:39 - [MESSAGE][PASSED] - Navigate to 'https://assist2-uat.perkeso.gov.my/c/portal/logout' successfully

2018-12-07 00:17:39 - [MESSAGE][PASSED] - Call Test Case 'Test Cases/Final Aug 2018 - PKS Automation/Registration Module/Log Out/log out avoiding katalon tagging' successfully

2018-12-07 00:17:39 - [TEST_STEP][PASSED] - delay: Delayed 4 second(s)

2018-12-07 00:17:43 - [MESSAGE][PASSED] - Delayed 4 second(s)

2018-12-07 00:17:43 - [TEST_STEP][PASSED] - setText: Text 'klpkrbo2@gmail.com' is set on object 'Object Repository/Final Object Repo/Login Page/Internal User/Email Address'

2018-12-07 00:17:43 - [MESSAGE][PASSED] - Text 'klpkrbo2@gmail.com' is set on object 'Object Repository/Final Object Repo/Login Page/Internal User/Email Address'

2018-12-07 00:17:43 - [TEST_STEP][PASSED] - click: Object: 'Object Repository/Final Object Repo/Login Page/Internal User/Next Button' is clicked on

2018-12-07 00:17:43 - [MESSAGE][PASSED] - Object: 'Object Repository/Final Object Repo/Login Page/Internal User/Next Button' is clicked on

2018-12-07 00:17:43 - [TEST_STEP][PASSED] - delay: Delayed 2 second(s)

2018-12-07 00:17:45 - [MESSAGE][PASSED] - Delayed 2 second(s)

2018-12-07 00:17:45 - [TEST_STEP][PASSED] - setText: Text 'Test1@3456789' is set on object 'Object Repository/Final Object Repo/Login Page/Internal User/Password'

2018-12-07 00:17:45 - [MESSAGE][PASSED] - Text 'Test1@3456789' is set on object 'Object Repository/Final Object Repo/Login Page/Internal User/Password'

2018-12-07 00:17:45 - [TEST_STEP][PASSED] - delay: Delayed 2 second(s)

2018-12-07 00:17:47 - [MESSAGE][PASSED] - Delayed 2 second(s)

2018-12-07 00:17:47 - [TEST_STEP][PASSED] - click: Object: 'Object Repository/Final Object Repo/Login Page/Internal User/Login Button' is clicked on

2018-12-07 00:17:48 - [MESSAGE][PASSED] - Object: 'Object Repository/Final Object Repo/Login Page/Internal User/Login Button' is clicked on

2018-12-07 00:17:48 - [TEST_STEP][PASSED] - delay: Delayed 4 second(s)

2018-12-07 00:17:52 - [MESSAGE][PASSED] - Delayed 4 second(s)

2018-12-07 00:17:52 - [TEST_STEP][PASSED] - Statement - Try: Delayed 2 second(s)

2018-12-07 00:17:52 - [TEST_STEP][PASSED] - Statement - Checker = false: null

2018-12-07 00:17:52 - [TEST_STEP][PASSED] - Statement - Checker = com.kms.katalon.core.webui.keyword.WebUiBuiltInKeywords.verifyElementHasAttribute(com.kms.katalon.core.testobject.ObjectRepository.findTestObject(Final Object Repo/Landing Page/BM Detecting), "href", 20, OPTIONAL): Object 'Object Repository/Final Object Repo/Landing Page/BM Detecting' has attribute 'href'

2018-12-07 00:17:52 - [MESSAGE][PASSED] - Object 'Object Repository/Final Object Repo/Landing Page/BM Detecting' has attribute 'href'

2018-12-07 00:17:52 - [TEST_STEP][PASSED] - Statement - out.println(Checker): null

2018-12-07 00:17:52 - [TEST_STEP][PASSED] - Statement - If (Checker == false): null

2018-12-07 00:17:52 - [TEST_STEP][PASSED] - Statement - Else: null

2018-12-07 00:17:52 - [TEST_STEP][PASSED] - delay: Delayed 2 second(s)

2018-12-07 00:17:54 - [MESSAGE][PASSED] - Delayed 2 second(s)

2018-12-07 00:17:54 - [TEST_STEP][PASSED] - delay: Delayed 4 second(s)

2018-12-07 00:17:58 - [MESSAGE][PASSED] - Delayed 4 second(s)

2018-12-07 00:17:58 - [TEST_STEP][PASSED] - click: Object: 'Object Repository/Final Object Repo/Landing Page/My Sites Drop Down' is clicked on

2018-12-07 00:17:58 - [MESSAGE][PASSED] - Object: 'Object Repository/Final Object Repo/Landing Page/My Sites Drop Down' is clicked on

2018-12-07 00:17:58 - [TEST_STEP][PASSED] - click: Object: 'Object Repository/Final Object Repo/Landing Page/Select to Registration Module' is clicked on

2018-12-07 00:17:59 - [MESSAGE][PASSED] - Object: 'Object Repository/Final Object Repo/Landing Page/Select to Registration Module' is clicked on

2018-12-07 00:17:59 - [TEST_STEP][PASSED] - delay: Delayed 2 second(s)

2018-12-07 00:18:01 - [MESSAGE][PASSED] - Delayed 2 second(s)

2018-12-07 00:18:01 - [TEST_STEP][PASSED] - mouseOver: Object: 'Object Repository/Final Object Repo/Page_Update Add New Employee - ASSIST/Hover Over Search Drop Down' is hovered

2018-12-07 00:18:01 - [MESSAGE][PASSED] - Object: 'Object Repository/Final Object Repo/Page_Update Add New Employee - ASSIST/Hover Over Search Drop Down' is hovered

2018-12-07 00:18:01 - [TEST_STEP][PASSED] - click: Object: 'Object Repository/Final Object Repo/Page_Update Add New Employee - ASSIST/Select Search Pending Case' is clicked on

2018-12-07 00:18:02 - [MESSAGE][PASSED] - Object: 'Object Repository/Final Object Repo/Page_Update Add New Employee - ASSIST/Select Search Pending Case' is clicked on

2018-12-07 00:18:02 - [TEST_STEP][PASSED] - click: Object: 'Object Repository/Final Object Repo/Page_Update Add New Employee - ASSIST/Select Searching Method (Employer Code)' is clicked on

2018-12-07 00:18:02 - [MESSAGE][PASSED] - Object: 'Object Repository/Final Object Repo/Page_Update Add New Employee - ASSIST/Select Searching Method (Employer Code)' is clicked on

2018-12-07 00:18:02 - [TEST_STEP][PASSED] - click: Object: 'Object Repository/Final Object Repo/Page_Update Add New Employee - ASSIST/Select Searching Method to Reference ID' is clicked on

2018-12-07 00:18:02 - [MESSAGE][PASSED] - Object: 'Object Repository/Final Object Repo/Page_Update Add New Employee - ASSIST/Select Searching Method to Reference ID' is clicked on

2018-12-07 00:18:02 - [TEST_STEP][PASSED] - setText: Text 'CAN12201800002271' is set on object 'Object Repository/Final Object Repo/Page_Update Add New Employee - ASSIST/Pending Case Ref NO'

2018-12-07 00:18:02 - [MESSAGE][PASSED] - Text 'CAN12201800002271' is set on object 'Object Repository/Final Object Repo/Page_Update Add New Employee - ASSIST/Pending Case Ref NO'

2018-12-07 00:18:02 - [TEST_STEP][PASSED] - click: Object: 'Object Repository/Final Object Repo/Page_Update Add New Employee - ASSIST/Search Pending Case Based on Ref No' is clicked on

2018-12-07 00:18:03 - [MESSAGE][PASSED] - Object: 'Object Repository/Final Object Repo/Page_Update Add New Employee - ASSIST/Search Pending Case Based on Ref No' is clicked on

2018-12-07 00:18:03 - [TEST_STEP][PASSED] - click: Object: 'Object Repository/Final Object Repo/Page_Update Add New Employee - ASSIST/Action Button after found case' is clicked on

2018-12-07 00:18:06 - [MESSAGE][PASSED] - Object: 'Object Repository/Final Object Repo/Page_Update Add New Employee - ASSIST/Action Button after found case' is clicked on

2018-12-07 00:18:06 - [TEST_STEP][PASSED] - click: Object: 'Object Repository/Final Object Repo/Page_Update Add New Employee - ASSIST/Next Button in Pending Case First Page' is clicked on

2018-12-07 00:18:08 - [MESSAGE][PASSED] - Object: 'Object Repository/Final Object Repo/Page_Update Add New Employee - ASSIST/Next Button in Pending Case First Page' is clicked on

2018-12-07 00:18:08 - [TEST_STEP][PASSED] - click: Object: 'Object Repository/Final Object Repo/Page_Update Add New Employee - ASSIST/Next Button in Third Screen' is clicked on

2018-12-07 00:18:11 - [MESSAGE][PASSED] - Object: 'Object Repository/Final Object Repo/Page_Update Add New Employee - ASSIST/Next Button in Third Screen' is clicked on

2018-12-07 00:18:11 - [TEST_STEP][PASSED] - click: Object: 'Object Repository/Final Object Repo/Page_Update Add New Employee - ASSIST/Add Document for Pending Case' is clicked on

2018-12-07 00:18:12 - [MESSAGE][PASSED] - Object: 'Object Repository/Final Object Repo/Page_Update Add New Employee - ASSIST/Add Document for Pending Case' is clicked on

2018-12-07 00:18:12 - [TEST_STEP][PASSED] - delay: Delayed 10 second(s)

2018-12-07 00:18:22 - [MESSAGE][PASSED] - Delayed 10 second(s)

2018-12-07 00:18:22 - [TEST_STEP][PASSED] - click: Object: 'Object Repository/Final Object Repo/Page_Update Add New Employee - ASSIST/Upload Pending Doc - Please Select' is clicked on

2018-12-07 00:18:22 - [MESSAGE][PASSED] - Object: 'Object Repository/Final Object Repo/Page_Update Add New Employee - ASSIST/Upload Pending Doc - Please Select' is clicked on

2018-12-07 00:18:22 - [TEST_STEP][PASSED] - click: Object: 'Object Repository/Final Object Repo/Page_Update Add New Employee - ASSIST/Select to Others to Upload' is clicked on

2018-12-07 00:18:22 - [MESSAGE][PASSED] - Object: 'Object Repository/Final Object Repo/Page_Update Add New Employee - ASSIST/Select to Others to Upload' is clicked on

2018-12-07 00:18:22 - [TEST_STEP][PASSED] - uploadFile: File 'C:\Users\Public\Pictures\Sample Pictures\Koala.jpg' sent to object: 'Object Repository/Final Object Repo/Page_Update Add New Employee - ASSIST/Uploading Pending Case Action'

2018-12-07 00:18:22 - [MESSAGE][PASSED] - File 'C:\Users\Public\Pictures\Sample Pictures\Koala.jpg' sent to object: 'Object Repository/Final Object Repo/Page_Update Add New Employee - ASSIST/Uploading Pending Case Action'

2018-12-07 00:18:22 - [TEST_STEP][PASSED] - click: Object: 'Object Repository/Final Object Repo/Page_Update Add New Employee - ASSIST/Inner form Add Document Button Pending Case' is clicked on

2018-12-07 00:18:22 - [MESSAGE][PASSED] - Object: 'Object Repository/Final Object Repo/Page_Update Add New Employee - ASSIST/Inner form Add Document Button Pending Case' is clicked on

2018-12-07 00:18:22 - [TEST_STEP][PASSED] - delay: Delayed 2 second(s)

2018-12-07 00:18:24 - [MESSAGE][PASSED] - Delayed 2 second(s)

2018-12-07 00:18:24 - [TEST_STEP][PASSED] - click: Object: 'Object Repository/Final Object Repo/Page_Update Add New Employee - ASSIST/Pending Case Exit' is clicked on

2018-12-07 00:18:27 - [MESSAGE][PASSED] - Object: 'Object Repository/Final Object Repo/Page_Update Add New Employee - ASSIST/Pending Case Exit' is clicked on

2018-12-07 00:18:27 - [TEST_STEP][PASSED] - callTestCase: Call Test Case 'Test Cases/Final Aug 2018 - PKS Automation/Registration Module/Log Out/log out avoiding katalon tagging' successfully

2018-12-07 00:18:27 - [TEST_CASE][PASSED] - Test Cases/Final Aug 2018 - PKS Automation/Registration Module/Log Out/log out avoiding katalon tagging: Test Cases/Final Aug 2018 - PKS Automation/Registration Module/Log Out/log out avoiding katalon tagging

2018-12-07 00:18:27 - [TEST_STEP][PASSED] - navigateToUrl: Navigate to 'https://assist2-uat.perkeso.gov.my/c/portal/logout' successfully

2018-12-07 00:18:28 - [MESSAGE][PASSED] - Navigate to 'https://assist2-uat.perkeso.gov.my/c/portal/logout' successfully

2018-12-07 00:18:28 - [MESSAGE][PASSED] - Call Test Case 'Test Cases/Final Aug 2018 - PKS Automation/Registration Module/Log Out/log out avoiding katalon tagging' successfully

2018-12-07 00:18:28 - [TEST_STEP][PASSED] - callTestCase: Call Test Case 'Test Cases/Final Aug 2018 - PKS Automation/Common/Workflow Owner Finder' successfully

2018-12-07 00:18:28 - [TEST_CASE][PASSED] - Test Cases/Final Aug 2018 - PKS Automation/Common/Workflow Owner Finder: Test Cases/Final Aug 2018 - PKS Automation/Common/Workflow Owner Finder

2018-12-07 00:18:28 - [TEST_STEP][PASSED] - openBrowser: Browser is opened with url: ''

2018-12-07 00:18:28 - [MESSAGE][WARNING] - A browser is already opened. Closing browser and opening a new one

2018-12-07 00:18:32 - [MESSAGE][PASSED] - Browser is opened with url: ''

2018-12-07 00:18:32 - [TEST_STEP][PASSED] - navigateToUrl: Navigate to 'https://assist2-uat.perkeso.gov.my/login' successfully

2018-12-07 00:18:33 - [MESSAGE][PASSED] - Navigate to 'https://assist2-uat.perkeso.gov.my/login' successfully

2018-12-07 00:18:33 - [TEST_STEP][PASSED] - delay: Delayed 5 second(s)

2018-12-07 00:18:38 - [MESSAGE][PASSED] - Delayed 5 second(s)

2018-12-07 00:18:38 - [TEST_STEP][PASSED] - setText: Text 'test@liferay.com' is set on object 'Object Repository/Final Object Repo/Login Page/Internal User/Email Address'

2018-12-07 00:18:38 - [MESSAGE][PASSED] - Text 'test@liferay.com' is set on object 'Object Repository/Final Object Repo/Login Page/Internal User/Email Address'

2018-12-07 00:18:38 - [TEST_STEP][PASSED] - click: Object: 'Object Repository/Final Object Repo/Login Page/Internal User/Next Button' is clicked on

2018-12-07 00:18:38 - [MESSAGE][PASSED] - Object: 'Object Repository/Final Object Repo/Login Page/Internal User/Next Button' is clicked on

2018-12-07 00:18:38 - [TEST_STEP][PASSED] - delay: Delayed 2 second(s)

2018-12-07 00:18:40 - [MESSAGE][PASSED] - Delayed 2 second(s)

2018-12-07 00:18:40 - [TEST_STEP][PASSED] - setText: Text 'test' is set on object 'Object Repository/Final Object Repo/Login Page/Internal User/Password'

2018-12-07 00:18:41 - [MESSAGE][PASSED] - Text 'test' is set on object 'Object Repository/Final Object Repo/Login Page/Internal User/Password'

2018-12-07 00:18:41 - [TEST_STEP][PASSED] - delay: Delayed 2 second(s)

2018-12-07 00:18:43 - [MESSAGE][PASSED] - Delayed 2 second(s)

2018-12-07 00:18:43 - [TEST_STEP][PASSED] - click: Object: 'Object Repository/Final Object Repo/Login Page/Internal User/Login Button' is clicked on

2018-12-07 00:18:43 - [MESSAGE][PASSED] - Object: 'Object Repository/Final Object Repo/Login Page/Internal User/Login Button' is clicked on

2018-12-07 00:18:43 - [TEST_STEP][PASSED] - Statement - tester = com.kms.katalon.core.testobject.ObjectRepository.findTestObject(Final Object Repo/Landing Page/Select to English): Finding Test Object with id 'Object Repository/Final Object Repo/Landing Page/Select to English'

2018-12-07 00:18:43 - [TEST_STEP][PASSED] - Statement - Try: Delayed 2 second(s)

2018-12-07 00:18:43 - [TEST_STEP][PASSED] - Statement - Checker = com.kms.katalon.core.webui.keyword.WebUiBuiltInKeywords.verifyElementNotPresent(tester, 3): Web element with id: 'Object Repository/Final Object Repo/Landing Page/Select to English' located by 'By.xpath: //a[@class = 'taglib-language-list-text' and @lang = 'en-US' and (contains(text(), 'EN') or contains(., 'EN'))]' is not present after '3' second(s)

2018-12-07 00:18:45 - [MESSAGE][PASSED] - Web element with id: 'Object Repository/Final Object Repo/Landing Page/Select to English' located by 'By.xpath: //a[@class = 'taglib-language-list-text' and @lang = 'en-US' and (contains(text(), 'EN') or contains(., 'EN'))]' is not present after '3' second(s)

2018-12-07 00:18:45 - [TEST_STEP][PASSED] - Statement - If (Checker == false): null

2018-12-07 00:18:45 - [TEST_STEP][PASSED] - delay: Delayed 2 second(s)

2018-12-07 00:18:47 - [MESSAGE][PASSED] - Delayed 2 second(s)

2018-12-07 00:18:47 - [TEST_STEP][PASSED] - delay: Delayed 5 second(s)

2018-12-07 00:18:52 - [MESSAGE][PASSED] - Delayed 5 second(s)

2018-12-07 00:18:52 - [TEST_STEP][PASSED] - mouseOver: Object: 'Object Repository/Final Object Repo/Landing Page/WorkFlow Menu' is hovered

2018-12-07 00:18:52 - [MESSAGE][PASSED] - Object: 'Object Repository/Final Object Repo/Landing Page/WorkFlow Menu' is hovered

2018-12-07 00:18:52 - [TEST_STEP][PASSED] - delay: Delayed 2 second(s)

2018-12-07 00:18:54 - [MESSAGE][PASSED] - Delayed 2 second(s)

2018-12-07 00:18:54 - [TEST_STEP][PASSED] - click: Object: 'Object Repository/Final Object Repo/Landing Page/Select to Workflow Listing' is clicked on

2018-12-07 00:18:55 - [MESSAGE][PASSED] - Object: 'Object Repository/Final Object Repo/Landing Page/Select to Workflow Listing' is clicked on

2018-12-07 00:18:55 - [TEST_STEP][PASSED] - delay: Delayed 2 second(s)

2018-12-07 00:18:57 - [MESSAGE][PASSED] - Delayed 2 second(s)

2018-12-07 00:18:57 - [TEST_STEP][PASSED] - click: Object: 'Object Repository/Final Object Repo/WorkFlow Listing Page/Search Information - To Put Ref No' is clicked on

2018-12-07 00:18:57 - [MESSAGE][PASSED] - Object: 'Object Repository/Final Object Repo/WorkFlow Listing Page/Search Information - To Put Ref No' is clicked on

2018-12-07 00:18:57 - [TEST_STEP][PASSED] - delay: Delayed 2 second(s)

2018-12-07 00:18:59 - [MESSAGE][PASSED] - Delayed 2 second(s)

2018-12-07 00:18:59 - [TEST_STEP][PASSED] - callTestCase: Call Test Case 'Test Cases/Final Aug 2018 - PKS Automation/Common/Reference Number Getter' successfully

2018-12-07 00:18:59 - [TEST_CASE][PASSED] - Test Cases/Final Aug 2018 - PKS Automation/Common/Reference Number Getter: Test Cases/Final Aug 2018 - PKS Automation/Common/Reference Number Getter

2018-12-07 00:18:59 - [TEST_STEP][PASSED] - Statement - Try: null

2018-12-07 00:18:59 - [TEST_STEP][PASSED] - Statement - RefNo = new java.io.File(C://Users//Admin//Desktop//PKS//Automation Reference Point//KatalonReference.txt): null

2018-12-07 00:18:59 - [TEST_STEP][PASSED] - Statement - bufferread = new java.io.BufferedReader(new java.io.FileReader(RefNo)): null

2018-12-07 00:18:59 - [TEST_STEP][PASSED] - Statement - readedVal = bufferread.readLine(): null

2018-12-07 00:18:59 - [TEST_STEP][PASSED] - Statement - out.println(CaseReferenceNo): null

2018-12-07 00:18:59 - [TEST_STEP][PASSED] - Statement - out.println(readedVal): null

2018-12-07 00:18:59 - [TEST_STEP][PASSED] - Statement - CaseReferenceNo = "": null

2018-12-07 00:18:59 - [TEST_STEP][PASSED] - Statement - CaseReferenceNo = readedVal: null

2018-12-07 00:18:59 - [MESSAGE][PASSED] - Call Test Case 'Test Cases/Final Aug 2018 - PKS Automation/Common/Reference Number Getter' successfully

2018-12-07 00:18:59 - [TEST_STEP][PASSED] - setText: Text 'CAN12201800002271' is set on object 'Object Repository/Final Object Repo/WorkFlow Listing Page/Ref No Set Text'

2018-12-07 00:19:00 - [MESSAGE][PASSED] - Text 'CAN12201800002271' is set on object 'Object Repository/Final Object Repo/WorkFlow Listing Page/Ref No Set Text'

2018-12-07 00:19:00 - [TEST_STEP][PASSED] - delay: Delayed 2 second(s)

2018-12-07 00:19:02 - [MESSAGE][PASSED] - Delayed 2 second(s)

2018-12-07 00:19:02 - [TEST_STEP][PASSED] - click: Object: 'Object Repository/Final Object Repo/WorkFlow Listing Page/Search Ref No Search Button' is clicked on

2018-12-07 00:19:02 - [MESSAGE][PASSED] - Object: 'Object Repository/Final Object Repo/WorkFlow Listing Page/Search Ref No Search Button' is clicked on

2018-12-07 00:19:02 - [TEST_STEP][PASSED] - delay: Delayed 6 second(s)

2018-12-07 00:19:08 - [MESSAGE][PASSED] - Delayed 6 second(s)

2018-12-07 00:19:08 - [TEST_STEP][PASSED] - click: Object: 'Object Repository/Final Object Repo/WorkFlow Listing Page/Click Continue Tooltip' is clicked on

2018-12-07 00:19:09 - [MESSAGE][PASSED] - Object: 'Object Repository/Final Object Repo/WorkFlow Listing Page/Click Continue Tooltip' is clicked on

2018-12-07 00:19:09 - [TEST_STEP][PASSED] - delay: Delayed 5 second(s)

2018-12-07 00:19:14 - [MESSAGE][PASSED] - Delayed 5 second(s)

2018-12-07 00:19:14 - [TEST_STEP][PASSED] - doubleClick: Object: 'Object Repository/Final Object Repo/WorkFlow Listing Page/Workflow Found - Listing 1' is double clicked on

2018-12-07 00:19:14 - [MESSAGE][PASSED] - Object: 'Object Repository/Final Object Repo/WorkFlow Listing Page/Workflow Found - Listing 1' is double clicked on

2018-12-07 00:19:14 - [TEST_STEP][PASSED] - Statement - println(OwnerID): null

2018-12-07 00:19:14 - [TEST_STEP][PASSED] - Statement - OwnerID = com.kms.katalon.core.webui.keyword.WebUiBuiltInKeywords.getText(com.kms.katalon.core.testobject.ObjectRepository.findTestObject(Final Object Repo/WorkFlow Listing Page/Workflow Found - Listing 1), STOP_ON_FAILURE): Text of object 'Object Repository/Final Object Repo/WorkFlow Listing Page/Workflow Found - Listing 1' is: 'JOHORro3'

2018-12-07 00:19:14 - [MESSAGE][PASSED] - Text of object 'Object Repository/Final Object Repo/WorkFlow Listing Page/Workflow Found - Listing 1' is: 'JOHORro3'

2018-12-07 00:19:14 - [TEST_STEP][PASSED] - Statement - OwnerID = OwnerID.toLowerCase() + "@gmail.com": null

2018-12-07 00:19:14 - [TEST_STEP][PASSED] - Statement - println(OwnerID): null

2018-12-07 00:19:14 - [TEST_STEP][PASSED] - delay: Delayed 2 second(s)

2018-12-07 00:19:16 - [MESSAGE][PASSED] - Delayed 2 second(s)

2018-12-07 00:19:16 - [MESSAGE][PASSED] - Call Test Case 'Test Cases/Final Aug 2018 - PKS Automation/Common/Workflow Owner Finder' successfully

2018-12-07 00:19:16 - [TEST_STEP][PASSED] - callTestCase: Call Test Case 'Test Cases/Final Aug 2018 - PKS Automation/Registration Module/Log Out/log out avoiding katalon tagging' successfully

2018-12-07 00:19:16 - [TEST_CASE][PASSED] - Test Cases/Final Aug 2018 - PKS Automation/Registration Module/Log Out/log out avoiding katalon tagging: Test Cases/Final Aug 2018 - PKS Automation/Registration Module/Log Out/log out avoiding katalon tagging

2018-12-07 00:19:16 - [TEST_STEP][PASSED] - navigateToUrl: Navigate to 'https://assist2-uat.perkeso.gov.my/c/portal/logout' successfully

2018-12-07 00:19:17 - [MESSAGE][PASSED] - Navigate to 'https://assist2-uat.perkeso.gov.my/c/portal/logout' successfully

2018-12-07 00:19:17 - [MESSAGE][PASSED] - Call Test Case 'Test Cases/Final Aug 2018 - PKS Automation/Registration Module/Log Out/log out avoiding katalon tagging' successfully

2018-12-07 00:19:17 - [TEST_STEP][PASSED] - delay: Delayed 2 second(s)

2018-12-07 00:19:19 - [MESSAGE][PASSED] - Delayed 2 second(s)

2018-12-07 00:19:19 - [TEST_STEP][PASSED] - setText: Text 'johorro3@gmail.com' is set on object 'Object Repository/Final Object Repo/Page_Update Add New Employee - ASSIST/Email TextBox'

2018-12-07 00:19:19 - [MESSAGE][PASSED] - Text 'johorro3@gmail.com' is set on object 'Object Repository/Final Object Repo/Page_Update Add New Employee - ASSIST/Email TextBox'

2018-12-07 00:19:19 - [TEST_STEP][PASSED] - click: Object: 'Object Repository/Final Object Repo/Page_Update Add New Employee - ASSIST/Next Button' is clicked on

2018-12-07 00:19:19 - [MESSAGE][PASSED] - Object: 'Object Repository/Final Object Repo/Page_Update Add New Employee - ASSIST/Next Button' is clicked on

2018-12-07 00:19:19 - [TEST_STEP][PASSED] - delay: Delayed 2 second(s)

2018-12-07 00:19:21 - [MESSAGE][PASSED] - Delayed 2 second(s)

2018-12-07 00:19:21 - [TEST_STEP][PASSED] - setText: Text 'Test1@3456789' is set on object 'Object Repository/Final Object Repo/Page_Update Add New Employee - ASSIST/Password TextBox'

2018-12-07 00:19:21 - [MESSAGE][PASSED] - Text 'Test1@3456789' is set on object 'Object Repository/Final Object Repo/Page_Update Add New Employee - ASSIST/Password TextBox'

2018-12-07 00:19:21 - [TEST_STEP][PASSED] - delay: Delayed 2 second(s)

2018-12-07 00:19:23 - [MESSAGE][PASSED] - Delayed 2 second(s)

2018-12-07 00:19:23 - [TEST_STEP][PASSED] - click: Object: 'Object Repository/Final Object Repo/Page_Update Add New Employee - ASSIST/Login Button' is clicked on

2018-12-07 00:19:23 - [MESSAGE][PASSED] - Object: 'Object Repository/Final Object Repo/Page_Update Add New Employee - ASSIST/Login Button' is clicked on

2018-12-07 00:19:23 - [TEST_STEP][PASSED] - delay: Delayed 4 second(s)

2018-12-07 00:19:27 - [MESSAGE][PASSED] - Delayed 4 second(s)

2018-12-07 00:19:27 - [TEST_STEP][PASSED] - Statement - Try: Delayed 2 second(s)

2018-12-07 00:19:27 - [TEST_STEP][PASSED] - Statement - Checker = false: null

2018-12-07 00:19:27 - [TEST_STEP][PASSED] - Statement - Checker = com.kms.katalon.core.webui.keyword.WebUiBuiltInKeywords.verifyElementHasAttribute(com.kms.katalon.core.testobject.ObjectRepository.findTestObject(Final Object Repo/Landing Page/BM Detecting), "href", 20, OPTIONAL): Object 'Object Repository/Final Object Repo/Landing Page/BM Detecting' has attribute 'href'

2018-12-07 00:19:28 - [MESSAGE][PASSED] - Object 'Object Repository/Final Object Repo/Landing Page/BM Detecting' has attribute 'href'

2018-12-07 00:19:28 - [TEST_STEP][PASSED] - Statement - out.println(Checker): null

2018-12-07 00:19:28 - [TEST_STEP][PASSED] - Statement - If (Checker == false): null

2018-12-07 00:19:28 - [TEST_STEP][PASSED] - Statement - Else: null

2018-12-07 00:19:28 - [TEST_STEP][PASSED] - delay: Delayed 2 second(s)

2018-12-07 00:19:30 - [MESSAGE][PASSED] - Delayed 2 second(s)

2018-12-07 00:19:30 - [TEST_STEP][PASSED] - delay: Delayed 4 second(s)

2018-12-07 00:19:34 - [MESSAGE][PASSED] - Delayed 4 second(s)

2018-12-07 00:19:34 - [TEST_STEP][PASSED] - click: Object: 'Object Repository/Final Object Repo/New Registration - Registration Module Pages/New Reg - OTC to RO/Special Case - All Related Objects/Expand to Search' is clicked on

2018-12-07 00:19:34 - [MESSAGE][PASSED] - Object: 'Object Repository/Final Object Repo/New Registration - Registration Module Pages/New Reg - OTC to RO/Special Case - All Related Objects/Expand to Search' is clicked on

2018-12-07 00:19:34 - [TEST_STEP][FAILED] - setText: Unable to set text 'CAN12201800002271' of object 'Object Repository/Final Object Repo/New Registration - Registration Module Pages/New Reg - OTC to RO/Special Case - All Related Objects/TextBox RefNo in Workbasket' (Root cause: org.openqa.selenium.ElementNotVisibleException: element not interactable
  (Session info: chrome=70.0.3538.110)
  (Driver info: chromedriver=2.43.600210 (68dcf5eebde37173d4027fa8635e332711d2874a),platform=Windows NT 6.1.7601 SP1 x86_64) (WARNING: The server did not provide any stacktrace information)
Command duration or timeout: 0 milliseconds
Build info: version: '3.7.1', revision: '8a0099a', time: '2017-11-06T21:07:36.161Z'
System info: host: 'WIN7TEST02', ip: '10.20.3.72', os.name: 'Windows 7', os.arch: 'amd64', os.version: '6.1', java.version: '1.8.0_181'
Driver info: com.kms.katalon.selenium.driver.CChromeDriver
Capabilities {acceptInsecureCerts: false, acceptSslCerts: false, applicationCacheEnabled: false, browserConnectionEnabled: false, browserName: chrome, chrome: {chromedriverVersion: 2.43.600210 (68dcf5eebde371..., userDataDir: C:\Users\Admin\AppData\Loca...}, cssSelectorsEnabled: true, databaseEnabled: false, goog:chromeOptions: {debuggerAddress: localhost:62929}, handlesAlerts: true, hasTouchScreen: false, javascriptEnabled: true, locationContextEnabled: true, mobileEmulationEnabled: false, nativeEvents: true, networkConnectionEnabled: false, pageLoadStrategy: normal, platform: XP, platformName: XP, rotatable: false, setWindowRect: true, takesHeapSnapshot: true, takesScreenshot: true, unexpectedAlertBehaviour: , unhandledPromptBehavior: , version: 70.0.3538.110, webStorageEnabled: true}
Session ID: a5302e28b8daa8eb43b513c2d7a4aaeb)

2018-12-07 00:19:34 - [MESSAGE][FAILED] - Unable to set text 'CAN12201800002271' of object 'Object Repository/Final Object Repo/New Registration - Registration Module Pages/New Reg - OTC to RO/Special Case - All Related Objects/TextBox RefNo in Workbasket' (Root cause: org.openqa.selenium.ElementNotVisibleException: element not interactable
  (Session info: chrome=70.0.3538.110)
  (Driver info: chromedriver=2.43.600210 (68dcf5eebde37173d4027fa8635e332711d2874a),platform=Windows NT 6.1.7601 SP1 x86_64) (WARNING: The server did not provide any stacktrace information)
Command duration or timeout: 0 milliseconds
Build info: version: '3.7.1', revision: '8a0099a', time: '2017-11-06T21:07:36.161Z'
System info: host: 'WIN7TEST02', ip: '10.20.3.72', os.name: 'Windows 7', os.arch: 'amd64', os.version: '6.1', java.version: '1.8.0_181'
Driver info: com.kms.katalon.selenium.driver.CChromeDriver
Capabilities {acceptInsecureCerts: false, acceptSslCerts: false, applicationCacheEnabled: false, browserConnectionEnabled: false, browserName: chrome, chrome: {chromedriverVersion: 2.43.600210 (68dcf5eebde371..., userDataDir: C:\Users\Admin\AppData\Loca...}, cssSelectorsEnabled: true, databaseEnabled: false, goog:chromeOptions: {debuggerAddress: localhost:62929}, handlesAlerts: true, hasTouchScreen: false, javascriptEnabled: true, locationContextEnabled: true, mobileEmulationEnabled: false, nativeEvents: true, networkConnectionEnabled: false, pageLoadStrategy: normal, platform: XP, platformName: XP, rotatable: false, setWindowRect: true, takesHeapSnapshot: true, takesScreenshot: true, unexpectedAlertBehaviour: , unhandledPromptBehavior: , version: 70.0.3538.110, webStorageEnabled: true}
Session ID: a5302e28b8daa8eb43b513c2d7a4aaeb)
[[ATTACHMENT|C:\\Users\\Admin\\Desktop\\PKS\\Perkeso Phase A\\Reports\\Workflow\\Update Add New Employee\\20181206_171415\\1544113174262.png]]

2018-12-07 00:19:34 - [TEST_STEP][PASSED] - delay: Delayed 2 second(s)

2018-12-07 00:19:36 - [MESSAGE][PASSED] - Delayed 2 second(s)

2018-12-07 00:19:36 - [TEST_STEP][PASSED] - click: Object: 'Object Repository/Final Object Repo/New Registration - Registration Module Pages/New Reg - OTC to RO/Special Case - All Related Objects/Click Search' is clicked on

2018-12-07 00:19:36 - [MESSAGE][PASSED] - Object: 'Object Repository/Final Object Repo/New Registration - Registration Module Pages/New Reg - OTC to RO/Special Case - All Related Objects/Click Search' is clicked on

2018-12-07 00:19:36 - [TEST_STEP][PASSED] - delay: Delayed 2 second(s)

2018-12-07 00:19:38 - [MESSAGE][PASSED] - Delayed 2 second(s)

2018-12-07 00:19:38 - [TEST_STEP][PASSED] - click: Object: 'Object Repository/Final Object Repo/New Registration - Registration Module Pages/New Reg - OTC to RO/Special Case - All Related Objects/Click to Continue Workflow' is clicked on

2018-12-07 00:19:43 - [MESSAGE][PASSED] - Object: 'Object Repository/Final Object Repo/New Registration - Registration Module Pages/New Reg - OTC to RO/Special Case - All Related Objects/Click to Continue Workflow' is clicked on

2018-12-07 00:19:43 - [TEST_STEP][PASSED] - delay: Delayed 2 second(s)

2018-12-07 00:19:45 - [MESSAGE][PASSED] - Delayed 2 second(s)

2018-12-07 00:19:45 - [TEST_STEP][PASSED] - click: Object: 'Object Repository/Final Object Repo/New Registration - Registration Module Pages/New Reg - OTC to RO/Special Case - All Related Objects/Continue Button in verifying case' is clicked on

2018-12-07 00:19:48 - [MESSAGE][PASSED] - Object: 'Object Repository/Final Object Repo/New Registration - Registration Module Pages/New Reg - OTC to RO/Special Case - All Related Objects/Continue Button in verifying case' is clicked on

2018-12-07 00:19:48 - [TEST_STEP][PASSED] - delay: Delayed 2 second(s)

2018-12-07 00:19:50 - [MESSAGE][PASSED] - Delayed 2 second(s)

2018-12-07 00:19:50 - [TEST_STEP][PASSED] - click: Object: 'Object Repository/Final Object Repo/Page_Update Add New Employee - ASSIST/Save  Continue Button' is clicked on

2018-12-07 00:19:50 - [MESSAGE][PASSED] - Object: 'Object Repository/Final Object Repo/Page_Update Add New Employee - ASSIST/Save  Continue Button' is clicked on

2018-12-07 00:19:50 - [TEST_STEP][PASSED] - delay: Delayed 6 second(s)

2018-12-07 00:19:56 - [MESSAGE][PASSED] - Delayed 6 second(s)

2018-12-07 00:19:56 - [TEST_STEP][PASSED] - click: Object: 'Object Repository/Final Object Repo/Page_Update Add New Employee - ASSIST/Save  Continue Third Screen' is clicked on

2018-12-07 00:19:59 - [MESSAGE][PASSED] - Object: 'Object Repository/Final Object Repo/Page_Update Add New Employee - ASSIST/Save  Continue Third Screen' is clicked on

2018-12-07 00:19:59 - [TEST_STEP][PASSED] - delay: Delayed 4 second(s)

2018-12-07 00:20:03 - [MESSAGE][PASSED] - Delayed 4 second(s)

2018-12-07 00:20:03 - [TEST_STEP][PASSED] - click: Object: 'Object Repository/Final Object Repo/Page_Update Add New Employee - ASSIST/Save   Continue Supporting Doc Page' is clicked on

2018-12-07 00:20:03 - [MESSAGE][PASSED] - Object: 'Object Repository/Final Object Repo/Page_Update Add New Employee - ASSIST/Save   Continue Supporting Doc Page' is clicked on

2018-12-07 00:20:03 - [TEST_STEP][PASSED] - delay: Delayed 4 second(s)

2018-12-07 00:20:07 - [MESSAGE][PASSED] - Delayed 4 second(s)

2018-12-07 00:20:07 - [TEST_STEP][PASSED] - click: Object: 'Object Repository/Final Object Repo/Page_Update Add New Employee - ASSIST/Submit Button' is clicked on

2018-12-07 00:20:07 - [MESSAGE][PASSED] - Object: 'Object Repository/Final Object Repo/Page_Update Add New Employee - ASSIST/Submit Button' is clicked on

2018-12-07 00:20:07 - [TEST_STEP][PASSED] - delay: Delayed 4 second(s)

2018-12-07 00:20:11 - [MESSAGE][PASSED] - Delayed 4 second(s)

2018-12-07 00:20:11 - [TEST_STEP][PASSED] - click: Object: 'Object Repository/Final Object Repo/Page_Update Add New Employee - ASSIST/Confirm Submit Button' is clicked on

2018-12-07 00:20:11 - [MESSAGE][PASSED] - Object: 'Object Repository/Final Object Repo/Page_Update Add New Employee - ASSIST/Confirm Submit Button' is clicked on

2018-12-07 00:20:11 - [TEST_STEP][PASSED] - delay: Delayed 30 second(s)

2018-12-07 00:20:41 - [MESSAGE][PASSED] - Delayed 30 second(s)

2018-12-07 00:20:41 - [TEST_STEP][PASSED] - callTestCase: Call Test Case 'Test Cases/Final Aug 2018 - PKS Automation/Common/Screenshoting tool' successfully

2018-12-07 00:20:41 - [TEST_CASE][PASSED] - Test Cases/Final Aug 2018 - PKS Automation/Common/Screenshoting tool: Test Cases/Final Aug 2018 - PKS Automation/Common/Screenshoting tool

2018-12-07 00:20:41 - [TEST_STEP][PASSED] - delay: Delayed 15 second(s)

2018-12-07 00:20:56 - [MESSAGE][PASSED] - Delayed 15 second(s)

2018-12-07 00:20:56 - [TEST_STEP][PASSED] - Statement - driver = com.kms.katalon.core.webui.driver.DriverFactory.getWebDriver(): null

2018-12-07 00:20:56 - [TEST_STEP][PASSED] - Statement - driver.manage().timeouts().implicitlyWait(10, SECONDS): null

2018-12-07 00:20:56 - [TEST_STEP][PASSED] - Statement - PresavePath = KatalonScreenshots: null

2018-12-07 00:20:56 - [TEST_STEP][PASSED] - Statement - pathPrefix = "C:\Users\Public\Pictures\Sample Pictures\Katalon Screenshots\Automate Ending Screen": null

2018-12-07 00:20:56 - [TEST_STEP][PASSED] - Statement - finalPath = <not implemented yet for class: org.codehaus.groovy.ast.expr.EmptyExpression>: null

2018-12-07 00:20:56 - [TEST_STEP][PASSED] - Statement - scrFile = driver.getScreenshotAs(FILE): null

2018-12-07 00:20:57 - [TEST_STEP][PASSED] - Statement - PreSaveFile = new java.io.File(PresavePath): null

2018-12-07 00:20:57 - [TEST_STEP][PASSED] - Statement - counter = 0: null

2018-12-07 00:20:57 - [TEST_STEP][PASSED] - Statement - If (PreSaveFile.exists()): null

2018-12-07 00:20:57 - [TEST_STEP][PASSED] - Statement - While (PreSaveFile.exists()): null

2018-12-07 00:20:57 - [TEST_STEP][PASSED] - Statement - counter = counter + 1: null

2018-12-07 00:20:57 - [TEST_STEP][PASSED] - Statement - PreSaveFile = new java.io.File(((pathPrefix + java.lang.Integer.toString(counter)) + .png)): null

2018-12-07 00:20:57 - [TEST_STEP][PASSED] - Statement - counter = counter + 1: null

2018-12-07 00:20:57 - [TEST_STEP][PASSED] - Statement - PreSaveFile = new java.io.File(((pathPrefix + java.lang.Integer.toString(counter)) + .png)): null

2018-12-07 00:20:57 - [TEST_STEP][PASSED] - Statement - counter = counter + 1: null

2018-12-07 00:20:57 - [TEST_STEP][PASSED] - Statement - PreSaveFile = new java.io.File(((pathPrefix + java.lang.Integer.toString(counter)) + .png)): null

2018-12-07 00:20:57 - [TEST_STEP][PASSED] - Statement - counter = counter + 1: null

2018-12-07 00:20:57 - [TEST_STEP][PASSED] - Statement - PreSaveFile = new java.io.File(((pathPrefix + java.lang.Integer.toString(counter)) + .png)): null

2018-12-07 00:20:57 - [TEST_STEP][PASSED] - Statement - counter = counter + 1: null

2018-12-07 00:20:57 - [TEST_STEP][PASSED] - Statement - PreSaveFile = new java.io.File(((pathPrefix + java.lang.Integer.toString(counter)) + .png)): null

2018-12-07 00:20:57 - [TEST_STEP][PASSED] - Statement - counter = counter + 1: null

2018-12-07 00:20:57 - [TEST_STEP][PASSED] - Statement - PreSaveFile = new java.io.File(((pathPrefix + java.lang.Integer.toString(counter)) + .png)): null

2018-12-07 00:20:57 - [TEST_STEP][PASSED] - Statement - counter = counter + 1: null

2018-12-07 00:20:57 - [TEST_STEP][PASSED] - Statement - PreSaveFile = new java.io.File(((pathPrefix + java.lang.Integer.toString(counter)) + .png)): null

2018-12-07 00:20:57 - [TEST_STEP][PASSED] - Statement - counter = counter + 1: null

2018-12-07 00:20:57 - [TEST_STEP][PASSED] - Statement - PreSaveFile = new java.io.File(((pathPrefix + java.lang.Integer.toString(counter)) + .png)): null

2018-12-07 00:20:57 - [TEST_STEP][PASSED] - Statement - counter = counter + 1: null

2018-12-07 00:20:57 - [TEST_STEP][PASSED] - Statement - PreSaveFile = new java.io.File(((pathPrefix + java.lang.Integer.toString(counter)) + .png)): null

2018-12-07 00:20:57 - [TEST_STEP][PASSED] - Statement - counter = counter + 1: null

2018-12-07 00:20:57 - [TEST_STEP][PASSED] - Statement - PreSaveFile = new java.io.File(((pathPrefix + java.lang.Integer.toString(counter)) + .png)): null

2018-12-07 00:20:57 - [TEST_STEP][PASSED] - Statement - counter = counter + 1: null

2018-12-07 00:20:57 - [TEST_STEP][PASSED] - Statement - PreSaveFile = new java.io.File(((pathPrefix + java.lang.Integer.toString(counter)) + .png)): null

2018-12-07 00:20:57 - [TEST_STEP][PASSED] - Statement - counter = counter + 1: null

2018-12-07 00:20:57 - [TEST_STEP][PASSED] - Statement - PreSaveFile = new java.io.File(((pathPrefix + java.lang.Integer.toString(counter)) + .png)): null

2018-12-07 00:20:57 - [TEST_STEP][PASSED] - Statement - counter = counter + 1: null

2018-12-07 00:20:57 - [TEST_STEP][PASSED] - Statement - PreSaveFile = new java.io.File(((pathPrefix + java.lang.Integer.toString(counter)) + .png)): null

2018-12-07 00:20:57 - [TEST_STEP][PASSED] - Statement - counter = counter + 1: null

2018-12-07 00:20:57 - [TEST_STEP][PASSED] - Statement - PreSaveFile = new java.io.File(((pathPrefix + java.lang.Integer.toString(counter)) + .png)): null

2018-12-07 00:20:57 - [TEST_STEP][PASSED] - Statement - counter = counter + 1: null

2018-12-07 00:20:57 - [TEST_STEP][PASSED] - Statement - PreSaveFile = new java.io.File(((pathPrefix + java.lang.Integer.toString(counter)) + .png)): null

2018-12-07 00:20:57 - [TEST_STEP][PASSED] - Statement - counter = counter + 1: null

2018-12-07 00:20:57 - [TEST_STEP][PASSED] - Statement - PreSaveFile = new java.io.File(((pathPrefix + java.lang.Integer.toString(counter)) + .png)): null

2018-12-07 00:20:57 - [TEST_STEP][PASSED] - Statement - counter = counter + 1: null

2018-12-07 00:20:57 - [TEST_STEP][PASSED] - Statement - PreSaveFile = new java.io.File(((pathPrefix + java.lang.Integer.toString(counter)) + .png)): null

2018-12-07 00:20:57 - [TEST_STEP][PASSED] - Statement - counter = counter + 1: null

2018-12-07 00:20:57 - [TEST_STEP][PASSED] - Statement - PreSaveFile = new java.io.File(((pathPrefix + java.lang.Integer.toString(counter)) + .png)): null

2018-12-07 00:20:57 - [TEST_STEP][PASSED] - Statement - counter = counter + 1: null

2018-12-07 00:20:57 - [TEST_STEP][PASSED] - Statement - PreSaveFile = new java.io.File(((pathPrefix + java.lang.Integer.toString(counter)) + .png)): null

2018-12-07 00:20:57 - [TEST_STEP][PASSED] - Statement - counter = counter + 1: null

2018-12-07 00:20:57 - [TEST_STEP][PASSED] - Statement - PreSaveFile = new java.io.File(((pathPrefix + java.lang.Integer.toString(counter)) + .png)): null

2018-12-07 00:20:57 - [TEST_STEP][PASSED] - Statement - counter = counter + 1: null

2018-12-07 00:20:57 - [TEST_STEP][PASSED] - Statement - PreSaveFile = new java.io.File(((pathPrefix + java.lang.Integer.toString(counter)) + .png)): null

2018-12-07 00:20:57 - [TEST_STEP][PASSED] - Statement - counter = counter + 1: null

2018-12-07 00:20:57 - [TEST_STEP][PASSED] - Statement - PreSaveFile = new java.io.File(((pathPrefix + java.lang.Integer.toString(counter)) + .png)): null

2018-12-07 00:20:57 - [TEST_STEP][PASSED] - Statement - counter = counter + 1: null

2018-12-07 00:20:57 - [TEST_STEP][PASSED] - Statement - PreSaveFile = new java.io.File(((pathPrefix + java.lang.Integer.toString(counter)) + .png)): null

2018-12-07 00:20:57 - [TEST_STEP][PASSED] - Statement - counter = counter + 1: null

2018-12-07 00:20:57 - [TEST_STEP][PASSED] - Statement - PreSaveFile = new java.io.File(((pathPrefix + java.lang.Integer.toString(counter)) + .png)): null

2018-12-07 00:20:57 - [TEST_STEP][PASSED] - Statement - counter = counter + 1: null

2018-12-07 00:20:57 - [TEST_STEP][PASSED] - Statement - PreSaveFile = new java.io.File(((pathPrefix + java.lang.Integer.toString(counter)) + .png)): null

2018-12-07 00:20:57 - [TEST_STEP][PASSED] - Statement - counter = counter + 1: null

2018-12-07 00:20:57 - [TEST_STEP][PASSED] - Statement - PreSaveFile = new java.io.File(((pathPrefix + java.lang.Integer.toString(counter)) + .png)): null

2018-12-07 00:20:57 - [TEST_STEP][PASSED] - Statement - counter = counter + 1: null

2018-12-07 00:20:57 - [TEST_STEP][PASSED] - Statement - PreSaveFile = new java.io.File(((pathPrefix + java.lang.Integer.toString(counter)) + .png)): null

2018-12-07 00:20:57 - [TEST_STEP][PASSED] - Statement - counter = counter + 1: null

2018-12-07 00:20:57 - [TEST_STEP][PASSED] - Statement - PreSaveFile = new java.io.File(((pathPrefix + java.lang.Integer.toString(counter)) + .png)): null

2018-12-07 00:20:57 - [TEST_STEP][PASSED] - Statement - counter = counter + 1: null

2018-12-07 00:20:57 - [TEST_STEP][PASSED] - Statement - PreSaveFile = new java.io.File(((pathPrefix + java.lang.Integer.toString(counter)) + .png)): null

2018-12-07 00:20:57 - [TEST_STEP][PASSED] - Statement - counter = counter + 1: null

2018-12-07 00:20:57 - [TEST_STEP][PASSED] - Statement - PreSaveFile = new java.io.File(((pathPrefix + java.lang.Integer.toString(counter)) + .png)): null

2018-12-07 00:20:57 - [TEST_STEP][PASSED] - Statement - counter = counter + 1: null

2018-12-07 00:20:57 - [TEST_STEP][PASSED] - Statement - PreSaveFile = new java.io.File(((pathPrefix + java.lang.Integer.toString(counter)) + .png)): null

2018-12-07 00:20:57 - [TEST_STEP][PASSED] - Statement - counter = counter + 1: null

2018-12-07 00:20:57 - [TEST_STEP][PASSED] - Statement - PreSaveFile = new java.io.File(((pathPrefix + java.lang.Integer.toString(counter)) + .png)): null

2018-12-07 00:20:57 - [TEST_STEP][PASSED] - Statement - counter = counter + 1: null

2018-12-07 00:20:57 - [TEST_STEP][PASSED] - Statement - PreSaveFile = new java.io.File(((pathPrefix + java.lang.Integer.toString(counter)) + .png)): null

2018-12-07 00:20:57 - [TEST_STEP][PASSED] - Statement - counter = counter + 1: null

2018-12-07 00:20:57 - [TEST_STEP][PASSED] - Statement - PreSaveFile = new java.io.File(((pathPrefix + java.lang.Integer.toString(counter)) + .png)): null

2018-12-07 00:20:57 - [TEST_STEP][PASSED] - Statement - counter = counter + 1: null

2018-12-07 00:20:57 - [TEST_STEP][PASSED] - Statement - PreSaveFile = new java.io.File(((pathPrefix + java.lang.Integer.toString(counter)) + .png)): null

2018-12-07 00:20:57 - [TEST_STEP][PASSED] - Statement - counter = counter + 1: null

2018-12-07 00:20:57 - [TEST_STEP][PASSED] - Statement - PreSaveFile = new java.io.File(((pathPrefix + java.lang.Integer.toString(counter)) + .png)): null

2018-12-07 00:20:57 - [TEST_STEP][PASSED] - Statement - counter = counter + 1: null

2018-12-07 00:20:57 - [TEST_STEP][PASSED] - Statement - PreSaveFile = new java.io.File(((pathPrefix + java.lang.Integer.toString(counter)) + .png)): null

2018-12-07 00:20:57 - [TEST_STEP][PASSED] - Statement - counter = counter + 1: null

2018-12-07 00:20:57 - [TEST_STEP][PASSED] - Statement - PreSaveFile = new java.io.File(((pathPrefix + java.lang.Integer.toString(counter)) + .png)): null

2018-12-07 00:20:57 - [TEST_STEP][PASSED] - Statement - counter = counter + 1: null

2018-12-07 00:20:57 - [TEST_STEP][PASSED] - Statement - PreSaveFile = new java.io.File(((pathPrefix + java.lang.Integer.toString(counter)) + .png)): null

2018-12-07 00:20:57 - [TEST_STEP][PASSED] - Statement - counter = counter + 1: null

2018-12-07 00:20:57 - [TEST_STEP][PASSED] - Statement - PreSaveFile = new java.io.File(((pathPrefix + java.lang.Integer.toString(counter)) + .png)): null

2018-12-07 00:20:57 - [TEST_STEP][PASSED] - Statement - counter = counter + 1: null

2018-12-07 00:20:57 - [TEST_STEP][PASSED] - Statement - PreSaveFile = new java.io.File(((pathPrefix + java.lang.Integer.toString(counter)) + .png)): null

2018-12-07 00:20:57 - [TEST_STEP][PASSED] - Statement - counter = counter + 1: null

2018-12-07 00:20:57 - [TEST_STEP][PASSED] - Statement - PreSaveFile = new java.io.File(((pathPrefix + java.lang.Integer.toString(counter)) + .png)): null

2018-12-07 00:20:57 - [TEST_STEP][PASSED] - Statement - counter = counter + 1: null

2018-12-07 00:20:57 - [TEST_STEP][PASSED] - Statement - PreSaveFile = new java.io.File(((pathPrefix + java.lang.Integer.toString(counter)) + .png)): null

2018-12-07 00:20:57 - [TEST_STEP][PASSED] - Statement - counter = counter + 1: null

2018-12-07 00:20:57 - [TEST_STEP][PASSED] - Statement - PreSaveFile = new java.io.File(((pathPrefix + java.lang.Integer.toString(counter)) + .png)): null

2018-12-07 00:20:57 - [TEST_STEP][PASSED] - Statement - counter = counter + 1: null

2018-12-07 00:20:57 - [TEST_STEP][PASSED] - Statement - PreSaveFile = new java.io.File(((pathPrefix + java.lang.Integer.toString(counter)) + .png)): null

2018-12-07 00:20:57 - [TEST_STEP][PASSED] - Statement - counter = counter + 1: null

2018-12-07 00:20:57 - [TEST_STEP][PASSED] - Statement - PreSaveFile = new java.io.File(((pathPrefix + java.lang.Integer.toString(counter)) + .png)): null

2018-12-07 00:20:57 - [TEST_STEP][PASSED] - Statement - counter = counter + 1: null

2018-12-07 00:20:57 - [TEST_STEP][PASSED] - Statement - PreSaveFile = new java.io.File(((pathPrefix + java.lang.Integer.toString(counter)) + .png)): null

2018-12-07 00:20:57 - [TEST_STEP][PASSED] - Statement - counter = counter + 1: null

2018-12-07 00:20:57 - [TEST_STEP][PASSED] - Statement - PreSaveFile = new java.io.File(((pathPrefix + java.lang.Integer.toString(counter)) + .png)): null

2018-12-07 00:20:57 - [TEST_STEP][PASSED] - Statement - counter = counter + 1: null

2018-12-07 00:20:57 - [TEST_STEP][PASSED] - Statement - PreSaveFile = new java.io.File(((pathPrefix + java.lang.Integer.toString(counter)) + .png)): null

2018-12-07 00:20:57 - [TEST_STEP][PASSED] - Statement - counter = counter + 1: null

2018-12-07 00:20:57 - [TEST_STEP][PASSED] - Statement - PreSaveFile = new java.io.File(((pathPrefix + java.lang.Integer.toString(counter)) + .png)): null

2018-12-07 00:20:57 - [TEST_STEP][PASSED] - Statement - counter = counter + 1: null

2018-12-07 00:20:57 - [TEST_STEP][PASSED] - Statement - PreSaveFile = new java.io.File(((pathPrefix + java.lang.Integer.toString(counter)) + .png)): null

2018-12-07 00:20:57 - [TEST_STEP][PASSED] - Statement - counter = counter + 1: null

2018-12-07 00:20:57 - [TEST_STEP][PASSED] - Statement - PreSaveFile = new java.io.File(((pathPrefix + java.lang.Integer.toString(counter)) + .png)): null

2018-12-07 00:20:57 - [TEST_STEP][PASSED] - Statement - counter = counter + 1: null

2018-12-07 00:20:57 - [TEST_STEP][PASSED] - Statement - PreSaveFile = new java.io.File(((pathPrefix + java.lang.Integer.toString(counter)) + .png)): null

2018-12-07 00:20:57 - [TEST_STEP][PASSED] - Statement - counter = counter + 1: null

2018-12-07 00:20:57 - [TEST_STEP][PASSED] - Statement - PreSaveFile = new java.io.File(((pathPrefix + java.lang.Integer.toString(counter)) + .png)): null

2018-12-07 00:20:57 - [TEST_STEP][PASSED] - Statement - counter = counter + 1: null

2018-12-07 00:20:57 - [TEST_STEP][PASSED] - Statement - PreSaveFile = new java.io.File(((pathPrefix + java.lang.Integer.toString(counter)) + .png)): null

2018-12-07 00:20:57 - [TEST_STEP][PASSED] - Statement - counter = counter + 1: null

2018-12-07 00:20:57 - [TEST_STEP][PASSED] - Statement - PreSaveFile = new java.io.File(((pathPrefix + java.lang.Integer.toString(counter)) + .png)): null

2018-12-07 00:20:57 - [TEST_STEP][PASSED] - Statement - counter = counter + 1: null

2018-12-07 00:20:57 - [TEST_STEP][PASSED] - Statement - PreSaveFile = new java.io.File(((pathPrefix + java.lang.Integer.toString(counter)) + .png)): null

2018-12-07 00:20:57 - [TEST_STEP][PASSED] - Statement - counter = counter + 1: null

2018-12-07 00:20:57 - [TEST_STEP][PASSED] - Statement - PreSaveFile = new java.io.File(((pathPrefix + java.lang.Integer.toString(counter)) + .png)): null

2018-12-07 00:20:57 - [TEST_STEP][PASSED] - Statement - counter = counter + 1: null

2018-12-07 00:20:57 - [TEST_STEP][PASSED] - Statement - PreSaveFile = new java.io.File(((pathPrefix + java.lang.Integer.toString(counter)) + .png)): null

2018-12-07 00:20:57 - [TEST_STEP][PASSED] - Statement - counter = counter + 1: null

2018-12-07 00:20:57 - [TEST_STEP][PASSED] - Statement - PreSaveFile = new java.io.File(((pathPrefix + java.lang.Integer.toString(counter)) + .png)): null

2018-12-07 00:20:57 - [TEST_STEP][PASSED] - Statement - counter = counter + 1: null

2018-12-07 00:20:57 - [TEST_STEP][PASSED] - Statement - PreSaveFile = new java.io.File(((pathPrefix + java.lang.Integer.toString(counter)) + .png)): null

2018-12-07 00:20:57 - [TEST_STEP][PASSED] - Statement - counter = counter + 1: null

2018-12-07 00:20:57 - [TEST_STEP][PASSED] - Statement - PreSaveFile = new java.io.File(((pathPrefix + java.lang.Integer.toString(counter)) + .png)): null

2018-12-07 00:20:57 - [TEST_STEP][PASSED] - Statement - counter = counter + 1: null

2018-12-07 00:20:57 - [TEST_STEP][PASSED] - Statement - PreSaveFile = new java.io.File(((pathPrefix + java.lang.Integer.toString(counter)) + .png)): null

2018-12-07 00:20:57 - [TEST_STEP][PASSED] - Statement - counter = counter + 1: null

2018-12-07 00:20:57 - [TEST_STEP][PASSED] - Statement - PreSaveFile = new java.io.File(((pathPrefix + java.lang.Integer.toString(counter)) + .png)): null

2018-12-07 00:20:57 - [TEST_STEP][PASSED] - Statement - counter = counter + 1: null

2018-12-07 00:20:57 - [TEST_STEP][PASSED] - Statement - PreSaveFile = new java.io.File(((pathPrefix + java.lang.Integer.toString(counter)) + .png)): null

2018-12-07 00:20:57 - [TEST_STEP][PASSED] - Statement - counter = counter + 1: null

2018-12-07 00:20:57 - [TEST_STEP][PASSED] - Statement - PreSaveFile = new java.io.File(((pathPrefix + java.lang.Integer.toString(counter)) + .png)): null

2018-12-07 00:20:57 - [TEST_STEP][PASSED] - Statement - counter = counter + 1: null

2018-12-07 00:20:57 - [TEST_STEP][PASSED] - Statement - PreSaveFile = new java.io.File(((pathPrefix + java.lang.Integer.toString(counter)) + .png)): null

2018-12-07 00:20:57 - [TEST_STEP][PASSED] - Statement - counter = counter + 1: null

2018-12-07 00:20:57 - [TEST_STEP][PASSED] - Statement - PreSaveFile = new java.io.File(((pathPrefix + java.lang.Integer.toString(counter)) + .png)): null

2018-12-07 00:20:57 - [TEST_STEP][PASSED] - Statement - counter = counter + 1: null

2018-12-07 00:20:57 - [TEST_STEP][PASSED] - Statement - PreSaveFile = new java.io.File(((pathPrefix + java.lang.Integer.toString(counter)) + .png)): null

2018-12-07 00:20:57 - [TEST_STEP][PASSED] - Statement - finalPath = pathPrefix + java.lang.Integer.toString(counter) + ".png": null

2018-12-07 00:20:57 - [TEST_STEP][PASSED] - Statement - SaveFile = new java.io.File(finalPath): null

2018-12-07 00:20:57 - [TEST_STEP][PASSED] - Statement - Try: null

2018-12-07 00:20:57 - [TEST_STEP][PASSED] - Statement - org.apache.commons.io.FileUtils.copyFile(scrFile, SaveFile): null

2018-12-07 00:20:57 - [TEST_STEP][PASSED] - Statement - out.println("file kept"): null

2018-12-07 00:20:57 - [TEST_STEP][PASSED] - delay: Delayed 10 second(s)

2018-12-07 00:21:07 - [MESSAGE][PASSED] - Delayed 10 second(s)

2018-12-07 00:21:07 - [MESSAGE][PASSED] - Call Test Case 'Test Cases/Final Aug 2018 - PKS Automation/Common/Screenshoting tool' successfully]]></system-out>
         <system-err><![CDATA[2018-12-07 00:02:52 - [TEST_CASE][FAILED] - Test Cases/Final Aug 2018 - PKS Automation/Registration Module/Workflow/Update Add New Employee/Special Case (OTC - PKR BO - RO Query - PKR BO Upload Pending Case - RO Approve): Test Cases/Final Aug 2018 - PKS Automation/Registration Module/Workflow/Update Add New Employee/Special Case (OTC - PKR BO - RO Query - PKR BO Upload Pending Case - RO Approve) FAILED because (of) (Stack trace: com.kms.katalon.core.exception.StepFailedException: Unable to set text 'CAN12201800002271' of object 'Object Repository/Final Object Repo/New Registration - Registration Module Pages/New Reg - OTC to RO/Special Case - All Related Objects/TextBox RefNo in Workbasket' (Root cause: org.openqa.selenium.ElementNotVisibleException: element not interactable
  (Session info: chrome=70.0.3538.110)
  (Driver info: chromedriver=2.43.600210 (68dcf5eebde37173d4027fa8635e332711d2874a),platform=Windows NT 6.1.7601 SP1 x86_64) (WARNING: The server did not provide any stacktrace information)
Command duration or timeout: 0 milliseconds
Build info: version: '3.7.1', revision: '8a0099a', time: '2017-11-06T21:07:36.161Z'
System info: host: 'WIN7TEST02', ip: '10.20.3.72', os.name: 'Windows 7', os.arch: 'amd64', os.version: '6.1', java.version: '1.8.0_181'
Driver info: com.kms.katalon.selenium.driver.CChromeDriver
Capabilities {acceptInsecureCerts: false, acceptSslCerts: false, applicationCacheEnabled: false, browserConnectionEnabled: false, browserName: chrome, chrome: {chromedriverVersion: 2.43.600210 (68dcf5eebde371..., userDataDir: C:\Users\Admin\AppData\Loca...}, cssSelectorsEnabled: true, databaseEnabled: false, goog:chromeOptions: {debuggerAddress: localhost:62827}, handlesAlerts: true, hasTouchScreen: false, javascriptEnabled: true, locationContextEnabled: true, mobileEmulationEnabled: false, nativeEvents: true, networkConnectionEnabled: false, pageLoadStrategy: normal, platform: XP, platformName: XP, rotatable: false, setWindowRect: true, takesHeapSnapshot: true, takesScreenshot: true, unexpectedAlertBehaviour: , unhandledPromptBehavior: , version: 70.0.3538.110, webStorageEnabled: true}
Session ID: 2c4864234c45282cb99241d2497ddbe9)
	at com.kms.katalon.core.keyword.internal.KeywordMain.stepFailed(KeywordMain.groovy:32)
	at com.kms.katalon.core.webui.keyword.internal.WebUIKeywordMain.stepFailed(WebUIKeywordMain.groovy:65)
	at com.kms.katalon.core.webui.keyword.internal.WebUIKeywordMain.runKeyword(WebUIKeywordMain.groovy:27)
	at com.kms.katalon.core.webui.keyword.builtin.SetTextKeyword.setText(SetTextKeyword.groovy:65)
	at com.kms.katalon.core.webui.keyword.builtin.SetTextKeyword.execute(SetTextKeyword.groovy:37)
	at com.kms.katalon.core.keyword.internal.KeywordExecutor.executeKeywordForPlatform(KeywordExecutor.groovy:53)
	at com.kms.katalon.core.webui.keyword.WebUiBuiltInKeywords.setText(WebUiBuiltInKeywords.groovy:950)
	at com.kms.katalon.core.webui.keyword.WebUiBuiltInKeywords$setText$1.call(Unknown Source)
	at org.codehaus.groovy.runtime.callsite.CallSiteArray.defaultCall(CallSiteArray.java:48)
	at org.codehaus.groovy.runtime.callsite.AbstractCallSite.call(AbstractCallSite.java:113)
	at org.codehaus.groovy.runtime.callsite.AbstractCallSite.call(AbstractCallSite.java:133)
	at Script1536223156094.run(Script1536223156094.groovy:169)
	at com.kms.katalon.core.main.ScriptEngine.run(ScriptEngine.java:183)
	at com.kms.katalon.core.main.ScriptEngine.runScriptAsRawText(ScriptEngine.java:108)
	at com.kms.katalon.core.main.TestCaseExecutor.runScript(TestCaseExecutor.java:294)
	at com.kms.katalon.core.main.TestCaseExecutor.doExecute(TestCaseExecutor.java:285)
	at com.kms.katalon.core.main.TestCaseExecutor.processExecutionPhase(TestCaseExecutor.java:264)
	at com.kms.katalon.core.main.TestCaseExecutor.accessMainPhase(TestCaseExecutor.java:256)
	at com.kms.katalon.core.main.TestCaseExecutor.execute(TestCaseExecutor.java:200)
	at com.kms.katalon.core.main.TestSuiteExecutor.accessTestCaseMainPhase(TestSuiteExecutor.java:129)
	at com.kms.katalon.core.main.TestSuiteExecutor.accessTestSuiteMainPhase(TestSuiteExecutor.java:112)
	at com.kms.katalon.core.main.TestSuiteExecutor.execute(TestSuiteExecutor.java:81)
	at com.kms.katalon.core.main.TestCaseMain.startTestSuite(TestCaseMain.java:142)
	at com.kms.katalon.core.main.TestCaseMain$startTestSuite$0.call(Unknown Source)
	at org.codehaus.groovy.runtime.callsite.CallSiteArray.defaultCall(CallSiteArray.java:48)
	at org.codehaus.groovy.runtime.callsite.AbstractCallSite.call(AbstractCallSite.java:113)
	at org.codehaus.groovy.runtime.callsite.AbstractCallSite.call(AbstractCallSite.java:141)
	at TempTestSuite1544087655094.run(TempTestSuite1544087655094.groovy:36)
	at groovy.lang.GroovyShell.runScriptOrMainOrTestOrRunnable(GroovyShell.java:263)
	at groovy.lang.GroovyShell.run(GroovyShell.java:518)
	at groovy.lang.GroovyShell.run(GroovyShell.java:507)
	at groovy.ui.GroovyMain.processOnce(GroovyMain.java:653)
	at groovy.ui.GroovyMain.run(GroovyMain.java:384)
	at groovy.ui.GroovyMain.process(GroovyMain.java:370)
	at groovy.ui.GroovyMain.processArgs(GroovyMain.java:129)
	at groovy.ui.GroovyMain.main(GroovyMain.java:109)
	at sun.reflect.NativeMethodAccessorImpl.invoke0(Native Method)
	at sun.reflect.NativeMethodAccessorImpl.invoke(NativeMethodAccessorImpl.java:62)
	at sun.reflect.DelegatingMethodAccessorImpl.invoke(DelegatingMethodAccessorImpl.java:43)
	at java.lang.reflect.Method.invoke(Method.java:498)
	at org.codehaus.groovy.tools.GroovyStarter.rootLoader(GroovyStarter.java:109)
	at org.codehaus.groovy.tools.GroovyStarter.main(GroovyStarter.java:131)
)]]></system-err>
      </testcase>
      <testcase name="Test Cases/Final Aug 2018 - PKS Automation/Registration Module/Workflow/Update Add New Employee/Special Case (OTC - RO Approve)" classname="Test Cases/Final Aug 2018 - PKS Automation/Registration Module/Workflow/Update Add New Employee/Special Case (OTC - RO Approve)" status="FAILED">
         <failure type="FAILED" message="(Stack trace: com.kms.katalon.core.exception.StepFailedException: Unable to set text 'CAN12201800002272' of object 'Object Repository/Final Object Repo/New Registration - Registration Module Pages/New Reg - OTC to RO/Special Case - All Related Objects/TextBox RefNo in Workbasket' (Root cause: org.openqa.selenium.ElementNotVisibleException: element not interactable
  (Session info: chrome=70.0.3538.110)
  (Driver info: chromedriver=2.43.600210 (68dcf5eebde37173d4027fa8635e332711d2874a),platform=Windows NT 6.1.7601 SP1 x86_64) (WARNING: The server did not provide any stacktrace information)
Command duration or timeout: 0 milliseconds
Build info: version: '3.7.1', revision: '8a0099a', time: '2017-11-06T21:07:36.161Z'
System info: host: 'WIN7TEST02', ip: '10.20.3.72', os.name: 'Windows 7', os.arch: 'amd64', os.version: '6.1', java.version: '1.8.0_181'
Driver info: com.kms.katalon.selenium.driver.CChromeDriver
Capabilities {acceptInsecureCerts: false, acceptSslCerts: false, applicationCacheEnabled: false, browserConnectionEnabled: false, browserName: chrome, chrome: {chromedriverVersion: 2.43.600210 (68dcf5eebde371..., userDataDir: C:\Users\Admin\AppData\Loca...}, cssSelectorsEnabled: true, databaseEnabled: false, goog:chromeOptions: {debuggerAddress: localhost:63053}, handlesAlerts: true, hasTouchScreen: false, javascriptEnabled: true, locationContextEnabled: true, mobileEmulationEnabled: false, nativeEvents: true, networkConnectionEnabled: false, pageLoadStrategy: normal, platform: XP, platformName: XP, rotatable: false, setWindowRect: true, takesHeapSnapshot: true, takesScreenshot: true, unexpectedAlertBehaviour: , unhandledPromptBehavior: , version: 70.0.3538.110, webStorageEnabled: true}
Session ID: 1b965196830941ab5562bfce420d3d75)
	at com.kms.katalon.core.keyword.internal.KeywordMain.stepFailed(KeywordMain.groovy:32)
	at com.kms.katalon.core.webui.keyword.internal.WebUIKeywordMain.stepFailed(WebUIKeywordMain.groovy:65)
	at com.kms.katalon.core.webui.keyword.internal.WebUIKeywordMain.runKeyword(WebUIKeywordMain.groovy:27)
	at com.kms.katalon.core.webui.keyword.builtin.SetTextKeyword.setText(SetTextKeyword.groovy:65)
	at com.kms.katalon.core.webui.keyword.builtin.SetTextKeyword.execute(SetTextKeyword.groovy:37)
	at com.kms.katalon.core.keyword.internal.KeywordExecutor.executeKeywordForPlatform(KeywordExecutor.groovy:53)
	at com.kms.katalon.core.webui.keyword.WebUiBuiltInKeywords.setText(WebUiBuiltInKeywords.groovy:950)
	at com.kms.katalon.core.webui.keyword.WebUiBuiltInKeywords$setText$1.call(Unknown Source)
	at org.codehaus.groovy.runtime.callsite.CallSiteArray.defaultCall(CallSiteArray.java:48)
	at org.codehaus.groovy.runtime.callsite.AbstractCallSite.call(AbstractCallSite.java:113)
	at org.codehaus.groovy.runtime.callsite.AbstractCallSite.call(AbstractCallSite.java:133)
	at Script1536116100519.run(Script1536116100519.groovy:165)
	at com.kms.katalon.core.main.ScriptEngine.run(ScriptEngine.java:183)
	at com.kms.katalon.core.main.ScriptEngine.runScriptAsRawText(ScriptEngine.java:108)
	at com.kms.katalon.core.main.TestCaseExecutor.runScript(TestCaseExecutor.java:294)
	at com.kms.katalon.core.main.TestCaseExecutor.doExecute(TestCaseExecutor.java:285)
	at com.kms.katalon.core.main.TestCaseExecutor.processExecutionPhase(TestCaseExecutor.java:264)
	at com.kms.katalon.core.main.TestCaseExecutor.accessMainPhase(TestCaseExecutor.java:256)
	at com.kms.katalon.core.main.TestCaseExecutor.execute(TestCaseExecutor.java:200)
	at com.kms.katalon.core.main.TestSuiteExecutor.accessTestCaseMainPhase(TestSuiteExecutor.java:129)
	at com.kms.katalon.core.main.TestSuiteExecutor.accessTestSuiteMainPhase(TestSuiteExecutor.java:112)
	at com.kms.katalon.core.main.TestSuiteExecutor.execute(TestSuiteExecutor.java:81)
	at com.kms.katalon.core.main.TestCaseMain.startTestSuite(TestCaseMain.java:142)
	at com.kms.katalon.core.main.TestCaseMain$startTestSuite$0.call(Unknown Source)
	at org.codehaus.groovy.runtime.callsite.CallSiteArray.defaultCall(CallSiteArray.java:48)
	at org.codehaus.groovy.runtime.callsite.AbstractCallSite.call(AbstractCallSite.java:113)
	at org.codehaus.groovy.runtime.callsite.AbstractCallSite.call(AbstractCallSite.java:141)
	at TempTestSuite1544087655094.run(TempTestSuite1544087655094.groovy:36)
	at groovy.lang.GroovyShell.runScriptOrMainOrTestOrRunnable(GroovyShell.java:263)
	at groovy.lang.GroovyShell.run(GroovyShell.java:518)
	at groovy.lang.GroovyShell.run(GroovyShell.java:507)
	at groovy.ui.GroovyMain.processOnce(GroovyMain.java:653)
	at groovy.ui.GroovyMain.run(GroovyMain.java:384)
	at groovy.ui.GroovyMain.process(GroovyMain.java:370)
	at groovy.ui.GroovyMain.processArgs(GroovyMain.java:129)
	at groovy.ui.GroovyMain.main(GroovyMain.java:109)
	at sun.reflect.NativeMethodAccessorImpl.invoke0(Native Method)
	at sun.reflect.NativeMethodAccessorImpl.invoke(NativeMethodAccessorImpl.java:62)
	at sun.reflect.DelegatingMethodAccessorImpl.invoke(DelegatingMethodAccessorImpl.java:43)
	at java.lang.reflect.Method.invoke(Method.java:498)
	at org.codehaus.groovy.tools.GroovyStarter.rootLoader(GroovyStarter.java:109)
	at org.codehaus.groovy.tools.GroovyStarter.main(GroovyStarter.java:131)
)"/>
         <system-out><![CDATA[2018-12-07 00:21:07 - [TEST_CASE][FAILED] - Test Cases/Final Aug 2018 - PKS Automation/Registration Module/Workflow/Update Add New Employee/Special Case (OTC - RO Approve): Test Cases/Final Aug 2018 - PKS Automation/Registration Module/Workflow/Update Add New Employee/Special Case (OTC - RO Approve) FAILED because (of) (Stack trace: com.kms.katalon.core.exception.StepFailedException: Unable to set text 'CAN12201800002272' of object 'Object Repository/Final Object Repo/New Registration - Registration Module Pages/New Reg - OTC to RO/Special Case - All Related Objects/TextBox RefNo in Workbasket' (Root cause: org.openqa.selenium.ElementNotVisibleException: element not interactable
  (Session info: chrome=70.0.3538.110)
  (Driver info: chromedriver=2.43.600210 (68dcf5eebde37173d4027fa8635e332711d2874a),platform=Windows NT 6.1.7601 SP1 x86_64) (WARNING: The server did not provide any stacktrace information)
Command duration or timeout: 0 milliseconds
Build info: version: '3.7.1', revision: '8a0099a', time: '2017-11-06T21:07:36.161Z'
System info: host: 'WIN7TEST02', ip: '10.20.3.72', os.name: 'Windows 7', os.arch: 'amd64', os.version: '6.1', java.version: '1.8.0_181'
Driver info: com.kms.katalon.selenium.driver.CChromeDriver
Capabilities {acceptInsecureCerts: false, acceptSslCerts: false, applicationCacheEnabled: false, browserConnectionEnabled: false, browserName: chrome, chrome: {chromedriverVersion: 2.43.600210 (68dcf5eebde371..., userDataDir: C:\Users\Admin\AppData\Loca...}, cssSelectorsEnabled: true, databaseEnabled: false, goog:chromeOptions: {debuggerAddress: localhost:63053}, handlesAlerts: true, hasTouchScreen: false, javascriptEnabled: true, locationContextEnabled: true, mobileEmulationEnabled: false, nativeEvents: true, networkConnectionEnabled: false, pageLoadStrategy: normal, platform: XP, platformName: XP, rotatable: false, setWindowRect: true, takesHeapSnapshot: true, takesScreenshot: true, unexpectedAlertBehaviour: , unhandledPromptBehavior: , version: 70.0.3538.110, webStorageEnabled: true}
Session ID: 1b965196830941ab5562bfce420d3d75)
	at com.kms.katalon.core.keyword.internal.KeywordMain.stepFailed(KeywordMain.groovy:32)
	at com.kms.katalon.core.webui.keyword.internal.WebUIKeywordMain.stepFailed(WebUIKeywordMain.groovy:65)
	at com.kms.katalon.core.webui.keyword.internal.WebUIKeywordMain.runKeyword(WebUIKeywordMain.groovy:27)
	at com.kms.katalon.core.webui.keyword.builtin.SetTextKeyword.setText(SetTextKeyword.groovy:65)
	at com.kms.katalon.core.webui.keyword.builtin.SetTextKeyword.execute(SetTextKeyword.groovy:37)
	at com.kms.katalon.core.keyword.internal.KeywordExecutor.executeKeywordForPlatform(KeywordExecutor.groovy:53)
	at com.kms.katalon.core.webui.keyword.WebUiBuiltInKeywords.setText(WebUiBuiltInKeywords.groovy:950)
	at com.kms.katalon.core.webui.keyword.WebUiBuiltInKeywords$setText$1.call(Unknown Source)
	at org.codehaus.groovy.runtime.callsite.CallSiteArray.defaultCall(CallSiteArray.java:48)
	at org.codehaus.groovy.runtime.callsite.AbstractCallSite.call(AbstractCallSite.java:113)
	at org.codehaus.groovy.runtime.callsite.AbstractCallSite.call(AbstractCallSite.java:133)
	at Script1536116100519.run(Script1536116100519.groovy:165)
	at com.kms.katalon.core.main.ScriptEngine.run(ScriptEngine.java:183)
	at com.kms.katalon.core.main.ScriptEngine.runScriptAsRawText(ScriptEngine.java:108)
	at com.kms.katalon.core.main.TestCaseExecutor.runScript(TestCaseExecutor.java:294)
	at com.kms.katalon.core.main.TestCaseExecutor.doExecute(TestCaseExecutor.java:285)
	at com.kms.katalon.core.main.TestCaseExecutor.processExecutionPhase(TestCaseExecutor.java:264)
	at com.kms.katalon.core.main.TestCaseExecutor.accessMainPhase(TestCaseExecutor.java:256)
	at com.kms.katalon.core.main.TestCaseExecutor.execute(TestCaseExecutor.java:200)
	at com.kms.katalon.core.main.TestSuiteExecutor.accessTestCaseMainPhase(TestSuiteExecutor.java:129)
	at com.kms.katalon.core.main.TestSuiteExecutor.accessTestSuiteMainPhase(TestSuiteExecutor.java:112)
	at com.kms.katalon.core.main.TestSuiteExecutor.execute(TestSuiteExecutor.java:81)
	at com.kms.katalon.core.main.TestCaseMain.startTestSuite(TestCaseMain.java:142)
	at com.kms.katalon.core.main.TestCaseMain$startTestSuite$0.call(Unknown Source)
	at org.codehaus.groovy.runtime.callsite.CallSiteArray.defaultCall(CallSiteArray.java:48)
	at org.codehaus.groovy.runtime.callsite.AbstractCallSite.call(AbstractCallSite.java:113)
	at org.codehaus.groovy.runtime.callsite.AbstractCallSite.call(AbstractCallSite.java:141)
	at TempTestSuite1544087655094.run(TempTestSuite1544087655094.groovy:36)
	at groovy.lang.GroovyShell.runScriptOrMainOrTestOrRunnable(GroovyShell.java:263)
	at groovy.lang.GroovyShell.run(GroovyShell.java:518)
	at groovy.lang.GroovyShell.run(GroovyShell.java:507)
	at groovy.ui.GroovyMain.processOnce(GroovyMain.java:653)
	at groovy.ui.GroovyMain.run(GroovyMain.java:384)
	at groovy.ui.GroovyMain.process(GroovyMain.java:370)
	at groovy.ui.GroovyMain.processArgs(GroovyMain.java:129)
	at groovy.ui.GroovyMain.main(GroovyMain.java:109)
	at sun.reflect.NativeMethodAccessorImpl.invoke0(Native Method)
	at sun.reflect.NativeMethodAccessorImpl.invoke(NativeMethodAccessorImpl.java:62)
	at sun.reflect.DelegatingMethodAccessorImpl.invoke(DelegatingMethodAccessorImpl.java:43)
	at java.lang.reflect.Method.invoke(Method.java:498)
	at org.codehaus.groovy.tools.GroovyStarter.rootLoader(GroovyStarter.java:109)
	at org.codehaus.groovy.tools.GroovyStarter.main(GroovyStarter.java:131)
)

2018-12-07 00:21:07 - [TEST_STEP][PASSED] - callTestCase: Call Test Case 'Test Cases/Final Aug 2018 - PKS Automation/Registration Module/Workflow/Update Add New Employee/Template/New Company for Update Add New' successfully

2018-12-07 00:21:07 - [TEST_CASE][PASSED] - Test Cases/Final Aug 2018 - PKS Automation/Registration Module/Workflow/Update Add New Employee/Template/New Company for Update Add New: Test Cases/Final Aug 2018 - PKS Automation/Registration Module/Workflow/Update Add New Employee/Template/New Company for Update Add New

2018-12-07 00:21:07 - [TEST_STEP][PASSED] - callTestCase: Call Test Case 'Test Cases/Final Aug 2018 - PKS Automation/Registration Module/New Registration/Form 1/Form 1 - Corporation - BHD' successfully

2018-12-07 00:21:07 - [TEST_CASE][PASSED] - Test Cases/Final Aug 2018 - PKS Automation/Registration Module/New Registration/Form 1/Form 1 - Corporation - BHD: Test Cases/Final Aug 2018 - PKS Automation/Registration Module/New Registration/Form 1/Form 1 - Corporation - BHD

2018-12-07 00:21:07 - [TEST_STEP][PASSED] - openBrowser: Browser is opened with url: ''

2018-12-07 00:21:07 - [MESSAGE][WARNING] - A browser is already opened. Closing browser and opening a new one

2018-12-07 00:21:11 - [MESSAGE][PASSED] - Browser is opened with url: ''

2018-12-07 00:21:11 - [TEST_STEP][PASSED] - navigateToUrl: Navigate to 'https://assist2-uat.perkeso.gov.my/login' successfully

2018-12-07 00:21:12 - [MESSAGE][PASSED] - Navigate to 'https://assist2-uat.perkeso.gov.my/login' successfully

2018-12-07 00:21:12 - [TEST_STEP][PASSED] - setText: Text 'johorotc1@gmail.com' is set on object 'Object Repository/Final Object Repo/Login Page/Internal User/Email Address'

2018-12-07 00:21:13 - [MESSAGE][PASSED] - Text 'johorotc1@gmail.com' is set on object 'Object Repository/Final Object Repo/Login Page/Internal User/Email Address'

2018-12-07 00:21:13 - [TEST_STEP][PASSED] - click: Object: 'Object Repository/Final Object Repo/Login Page/Internal User/Next Button' is clicked on

2018-12-07 00:21:13 - [MESSAGE][PASSED] - Object: 'Object Repository/Final Object Repo/Login Page/Internal User/Next Button' is clicked on

2018-12-07 00:21:13 - [TEST_STEP][PASSED] - delay: Delayed 1 second(s)

2018-12-07 00:21:14 - [MESSAGE][PASSED] - Delayed 1 second(s)

2018-12-07 00:21:14 - [TEST_STEP][PASSED] - setEncryptedText: Text ****** has been set on object 'Object Repository/Final Object Repo/Login Page/Internal User/Password'

2018-12-07 00:21:14 - [MESSAGE][PASSED] - Text ****** has been set on object 'Object Repository/Final Object Repo/Login Page/Internal User/Password'

2018-12-07 00:21:14 - [TEST_STEP][PASSED] - click: Object: 'Object Repository/Final Object Repo/Login Page/Internal User/Login Button' is clicked on

2018-12-07 00:21:14 - [MESSAGE][PASSED] - Object: 'Object Repository/Final Object Repo/Login Page/Internal User/Login Button' is clicked on

2018-12-07 00:21:14 - [TEST_STEP][PASSED] - delay: Delayed 1 second(s)

2018-12-07 00:21:15 - [MESSAGE][PASSED] - Delayed 1 second(s)

2018-12-07 00:21:15 - [TEST_STEP][PASSED] - Statement - Try: Delayed 2 second(s)

2018-12-07 00:21:15 - [TEST_STEP][PASSED] - Statement - Checker = false: null

2018-12-07 00:21:15 - [TEST_STEP][PASSED] - Statement - Checker = com.kms.katalon.core.webui.keyword.WebUiBuiltInKeywords.verifyElementHasAttribute(com.kms.katalon.core.testobject.ObjectRepository.findTestObject(Final Object Repo/Landing Page/BM Detecting), "href", 20, OPTIONAL): Object 'Object Repository/Final Object Repo/Landing Page/BM Detecting' has attribute 'href'

2018-12-07 00:21:16 - [MESSAGE][PASSED] - Object 'Object Repository/Final Object Repo/Landing Page/BM Detecting' has attribute 'href'

2018-12-07 00:21:16 - [TEST_STEP][PASSED] - Statement - out.println(Checker): null

2018-12-07 00:21:16 - [TEST_STEP][PASSED] - Statement - If (Checker == false): null

2018-12-07 00:21:16 - [TEST_STEP][PASSED] - Statement - Else: null

2018-12-07 00:21:16 - [TEST_STEP][PASSED] - delay: Delayed 2 second(s)

2018-12-07 00:21:18 - [MESSAGE][PASSED] - Delayed 2 second(s)

2018-12-07 00:21:18 - [TEST_STEP][PASSED] - navigateToUrl: Navigate to 'https://assist2-uat.perkeso.gov.my/web/registration/registration' successfully

2018-12-07 00:21:20 - [MESSAGE][PASSED] - Navigate to 'https://assist2-uat.perkeso.gov.my/web/registration/registration' successfully

2018-12-07 00:21:20 - [TEST_STEP][PASSED] - click: Object: 'Object Repository/Final Object Repo/New Registration - Registration Module Pages/Form 1/AEC - No' is clicked on

2018-12-07 00:21:20 - [MESSAGE][PASSED] - Object: 'Object Repository/Final Object Repo/New Registration - Registration Module Pages/Form 1/AEC - No' is clicked on

2018-12-07 00:21:20 - [TEST_STEP][PASSED] - click: Object: 'Object Repository/Final Object Repo/New Registration - Registration Module Pages/Form 1/Business Entity' is clicked on

2018-12-07 00:21:20 - [MESSAGE][PASSED] - Object: 'Object Repository/Final Object Repo/New Registration - Registration Module Pages/Form 1/Business Entity' is clicked on

2018-12-07 00:21:20 - [TEST_STEP][PASSED] - click: Object: 'Object Repository/Final Object Repo/New Registration - Registration Module Pages/Form 1/Businees Entity - Corporation' is clicked on

2018-12-07 00:21:21 - [MESSAGE][PASSED] - Object: 'Object Repository/Final Object Repo/New Registration - Registration Module Pages/Form 1/Businees Entity - Corporation' is clicked on

2018-12-07 00:21:21 - [TEST_STEP][PASSED] - delay: Delayed 1 second(s)

2018-12-07 00:21:22 - [MESSAGE][PASSED] - Delayed 1 second(s)

2018-12-07 00:21:22 - [TEST_STEP][PASSED] - click: Object: 'Object Repository/Final Object Repo/New Registration - Registration Module Pages/Form 1/Sub Business Entity' is clicked on

2018-12-07 00:21:22 - [MESSAGE][PASSED] - Object: 'Object Repository/Final Object Repo/New Registration - Registration Module Pages/Form 1/Sub Business Entity' is clicked on

2018-12-07 00:21:22 - [TEST_STEP][PASSED] - click: Object: 'Object Repository/Final Object Repo/New Registration - Registration Module Pages/Form 1/Sub Business Entity - Berhad' is clicked on

2018-12-07 00:21:22 - [MESSAGE][PASSED] - Object: 'Object Repository/Final Object Repo/New Registration - Registration Module Pages/Form 1/Sub Business Entity - Berhad' is clicked on

2018-12-07 00:21:22 - [TEST_STEP][PASSED] - delay: Delayed 1 second(s)

2018-12-07 00:21:23 - [MESSAGE][PASSED] - Delayed 1 second(s)

2018-12-07 00:21:23 - [TEST_STEP][PASSED] - setText: Text '123' is set on object 'Object Repository/Final Object Repo/New Registration - Registration Module Pages/Form 1/Registration Number'

2018-12-07 00:21:23 - [MESSAGE][PASSED] - Text '123' is set on object 'Object Repository/Final Object Repo/New Registration - Registration Module Pages/Form 1/Registration Number'

2018-12-07 00:21:23 - [TEST_STEP][PASSED] - click: Object: 'Object Repository/Final Object Repo/New Registration - Registration Module Pages/Form 1/Registred with SSM - Before Feb' is clicked on

2018-12-07 00:21:24 - [MESSAGE][PASSED] - Object: 'Object Repository/Final Object Repo/New Registration - Registration Module Pages/Form 1/Registred with SSM - Before Feb' is clicked on

2018-12-07 00:21:24 - [TEST_STEP][PASSED] - click: Object: 'Object Repository/Final Object Repo/New Registration - Registration Module Pages/Form 1/Registered As a Branch - Yes' is clicked on

2018-12-07 00:21:24 - [MESSAGE][PASSED] - Object: 'Object Repository/Final Object Repo/New Registration - Registration Module Pages/Form 1/Registered As a Branch - Yes' is clicked on

2018-12-07 00:21:24 - [TEST_STEP][PASSED] - click: Object: 'Object Repository/Final Object Repo/New Registration - Registration Module Pages/Form 1/Acknowledgement' is clicked on

2018-12-07 00:21:24 - [MESSAGE][PASSED] - Object: 'Object Repository/Final Object Repo/New Registration - Registration Module Pages/Form 1/Acknowledgement' is clicked on

2018-12-07 00:21:24 - [TEST_STEP][PASSED] - setText: Text 'perkeso' is set on object 'Object Repository/Final Object Repo/New Registration - Registration Module Pages/Form 1/Industry name'

2018-12-07 00:21:24 - [MESSAGE][PASSED] - Text 'perkeso' is set on object 'Object Repository/Final Object Repo/New Registration - Registration Module Pages/Form 1/Industry name'

2018-12-07 00:21:24 - [TEST_STEP][PASSED] - setText: Text 'perkeso1' is set on object 'Object Repository/Final Object Repo/New Registration - Registration Module Pages/Form 1/Postal Address1'

2018-12-07 00:21:25 - [MESSAGE][PASSED] - Text 'perkeso1' is set on object 'Object Repository/Final Object Repo/New Registration - Registration Module Pages/Form 1/Postal Address1'

2018-12-07 00:21:25 - [TEST_STEP][PASSED] - setText: Text 'perkeso2' is set on object 'Object Repository/Final Object Repo/New Registration - Registration Module Pages/Form 1/Postal Address2'

2018-12-07 00:21:25 - [MESSAGE][PASSED] - Text 'perkeso2' is set on object 'Object Repository/Final Object Repo/New Registration - Registration Module Pages/Form 1/Postal Address2'

2018-12-07 00:21:25 - [TEST_STEP][PASSED] - setText: Text 'perkeso3' is set on object 'Object Repository/Final Object Repo/New Registration - Registration Module Pages/Form 1/Postal Address3'

2018-12-07 00:21:25 - [MESSAGE][PASSED] - Text 'perkeso3' is set on object 'Object Repository/Final Object Repo/New Registration - Registration Module Pages/Form 1/Postal Address3'

2018-12-07 00:21:25 - [TEST_STEP][PASSED] - click: Object: 'Object Repository/Final Object Repo/New Registration - Registration Module Pages/Form 1/State' is clicked on

2018-12-07 00:21:25 - [MESSAGE][PASSED] - Object: 'Object Repository/Final Object Repo/New Registration - Registration Module Pages/Form 1/State' is clicked on

2018-12-07 00:21:25 - [TEST_STEP][PASSED] - click: Object: 'Object Repository/Final Object Repo/New Registration - Registration Module Pages/Form 1/State - Johor' is clicked on

2018-12-07 00:21:26 - [MESSAGE][PASSED] - Object: 'Object Repository/Final Object Repo/New Registration - Registration Module Pages/Form 1/State - Johor' is clicked on

2018-12-07 00:21:26 - [TEST_STEP][PASSED] - delay: Delayed 1 second(s)

2018-12-07 00:21:27 - [MESSAGE][PASSED] - Delayed 1 second(s)

2018-12-07 00:21:27 - [TEST_STEP][PASSED] - click: Object: 'Object Repository/Final Object Repo/New Registration - Registration Module Pages/Form 1/City' is clicked on

2018-12-07 00:21:27 - [MESSAGE][PASSED] - Object: 'Object Repository/Final Object Repo/New Registration - Registration Module Pages/Form 1/City' is clicked on

2018-12-07 00:21:27 - [TEST_STEP][PASSED] - setText: Text 'joh' is set on object 'Object Repository/Final Object Repo/New Registration - Registration Module Pages/Form 1/Postcode - 810'

2018-12-07 00:21:27 - [MESSAGE][PASSED] - Text 'joh' is set on object 'Object Repository/Final Object Repo/New Registration - Registration Module Pages/Form 1/Postcode - 810'

2018-12-07 00:21:27 - [TEST_STEP][PASSED] - delay: Delayed 1 second(s)

2018-12-07 00:21:28 - [MESSAGE][PASSED] - Delayed 1 second(s)

2018-12-07 00:21:28 - [TEST_STEP][PASSED] - click: Object: 'Object Repository/Final Object Repo/New Registration - Registration Module Pages/Form 1/City - Johor Bharu' is clicked on

2018-12-07 00:21:28 - [MESSAGE][PASSED] - Object: 'Object Repository/Final Object Repo/New Registration - Registration Module Pages/Form 1/City - Johor Bharu' is clicked on

2018-12-07 00:21:28 - [TEST_STEP][PASSED] - delay: Delayed 1 second(s)

2018-12-07 00:21:29 - [MESSAGE][PASSED] - Delayed 1 second(s)

2018-12-07 00:21:29 - [TEST_STEP][PASSED] - click: Object: 'Object Repository/Final Object Repo/New Registration - Registration Module Pages/Form 1/Postcode' is clicked on

2018-12-07 00:21:29 - [MESSAGE][PASSED] - Object: 'Object Repository/Final Object Repo/New Registration - Registration Module Pages/Form 1/Postcode' is clicked on

2018-12-07 00:21:29 - [TEST_STEP][PASSED] - delay: Delayed 1 second(s)

2018-12-07 00:21:30 - [MESSAGE][PASSED] - Delayed 1 second(s)

2018-12-07 00:21:30 - [TEST_STEP][PASSED] - setText: Text '810' is set on object 'Object Repository/Final Object Repo/New Registration - Registration Module Pages/Form 1/Postcode - 810'

2018-12-07 00:21:31 - [MESSAGE][PASSED] - Text '810' is set on object 'Object Repository/Final Object Repo/New Registration - Registration Module Pages/Form 1/Postcode - 810'

2018-12-07 00:21:31 - [TEST_STEP][PASSED] - delay: Delayed 3 second(s)

2018-12-07 00:21:34 - [MESSAGE][PASSED] - Delayed 3 second(s)

2018-12-07 00:21:34 - [TEST_STEP][PASSED] - click: Object: 'Object Repository/Final Object Repo/New Registration - Registration Module Pages/Form 1/Postcode - 81000' is clicked on

2018-12-07 00:21:34 - [MESSAGE][PASSED] - Object: 'Object Repository/Final Object Repo/New Registration - Registration Module Pages/Form 1/Postcode - 81000' is clicked on

2018-12-07 00:21:34 - [TEST_STEP][PASSED] - delay: Delayed 1 second(s)

2018-12-07 00:21:35 - [MESSAGE][PASSED] - Delayed 1 second(s)

2018-12-07 00:21:35 - [TEST_STEP][PASSED] - setText: Text '100' is set on object 'Object Repository/Final Object Repo/New Registration - Registration Module Pages/Form 1/P.O.BOX'

2018-12-07 00:21:35 - [MESSAGE][PASSED] - Text '100' is set on object 'Object Repository/Final Object Repo/New Registration - Registration Module Pages/Form 1/P.O.BOX'

2018-12-07 00:21:35 - [TEST_STEP][PASSED] - setText: Text '100' is set on object 'Object Repository/Final Object Repo/New Registration - Registration Module Pages/Form 1/Locked Bag No'

2018-12-07 00:21:35 - [MESSAGE][PASSED] - Text '100' is set on object 'Object Repository/Final Object Repo/New Registration - Registration Module Pages/Form 1/Locked Bag No'

2018-12-07 00:21:35 - [TEST_STEP][PASSED] - click: Object: 'Object Repository/Final Object Repo/New Registration - Registration Module Pages/Form 1/SOCSO Office Location' is clicked on

2018-12-07 00:21:36 - [MESSAGE][PASSED] - Object: 'Object Repository/Final Object Repo/New Registration - Registration Module Pages/Form 1/SOCSO Office Location' is clicked on

2018-12-07 00:21:36 - [TEST_STEP][PASSED] - click: Object: 'Object Repository/Final Object Repo/New Registration - Registration Module Pages/Form 1/SOCSO Office Location - Pejabat PERKESO Negeri Johor' is clicked on

2018-12-07 00:21:36 - [MESSAGE][PASSED] - Object: 'Object Repository/Final Object Repo/New Registration - Registration Module Pages/Form 1/SOCSO Office Location - Pejabat PERKESO Negeri Johor' is clicked on

2018-12-07 00:21:36 - [TEST_STEP][PASSED] - delay: Delayed 1 second(s)

2018-12-07 00:21:37 - [MESSAGE][PASSED] - Delayed 1 second(s)

2018-12-07 00:21:37 - [TEST_STEP][PASSED] - check: Object 'Object Repository/Final Object Repo/New Registration - Registration Module Pages/Form 1/Indusrty Address Same As Postal Address' is checked

2018-12-07 00:21:37 - [MESSAGE][PASSED] - Object 'Object Repository/Final Object Repo/New Registration - Registration Module Pages/Form 1/Indusrty Address Same As Postal Address' is checked

2018-12-07 00:21:37 - [TEST_STEP][PASSED] - delay: Delayed 3 second(s)

2018-12-07 00:21:40 - [MESSAGE][PASSED] - Delayed 3 second(s)

2018-12-07 00:21:40 - [TEST_STEP][PASSED] - click: Object: 'Object Repository/Final Object Repo/New Registration - Registration Module Pages/Form 1/Indusry Address Same As Postal Address False' is clicked on

2018-12-07 00:21:40 - [MESSAGE][PASSED] - Object: 'Object Repository/Final Object Repo/New Registration - Registration Module Pages/Form 1/Indusry Address Same As Postal Address False' is clicked on

2018-12-07 00:21:40 - [TEST_STEP][PASSED] - delay: Delayed 1 second(s)

2018-12-07 00:21:41 - [MESSAGE][PASSED] - Delayed 1 second(s)

2018-12-07 00:21:41 - [TEST_STEP][PASSED] - setText: Text 'perkeso1' is set on object 'Object Repository/Final Object Repo/New Registration - Registration Module Pages/Form 1/Industry Address1'

2018-12-07 00:21:42 - [MESSAGE][PASSED] - Text 'perkeso1' is set on object 'Object Repository/Final Object Repo/New Registration - Registration Module Pages/Form 1/Industry Address1'

2018-12-07 00:21:42 - [TEST_STEP][PASSED] - setText: Text 'perkeso2' is set on object 'Object Repository/Final Object Repo/New Registration - Registration Module Pages/Form 1/Industry Address2'

2018-12-07 00:21:42 - [MESSAGE][PASSED] - Text 'perkeso2' is set on object 'Object Repository/Final Object Repo/New Registration - Registration Module Pages/Form 1/Industry Address2'

2018-12-07 00:21:42 - [TEST_STEP][PASSED] - setText: Text 'perkeso3' is set on object 'Object Repository/Final Object Repo/New Registration - Registration Module Pages/Form 1/Industry Address3'

2018-12-07 00:21:42 - [MESSAGE][PASSED] - Text 'perkeso3' is set on object 'Object Repository/Final Object Repo/New Registration - Registration Module Pages/Form 1/Industry Address3'

2018-12-07 00:21:42 - [TEST_STEP][PASSED] - click: Object: 'Object Repository/Final Object Repo/New Registration - Registration Module Pages/Form 1/Industry State' is clicked on

2018-12-07 00:21:42 - [MESSAGE][PASSED] - Object: 'Object Repository/Final Object Repo/New Registration - Registration Module Pages/Form 1/Industry State' is clicked on

2018-12-07 00:21:42 - [TEST_STEP][PASSED] - delay: Delayed 2 second(s)

2018-12-07 00:21:44 - [MESSAGE][PASSED] - Delayed 2 second(s)

2018-12-07 00:21:44 - [TEST_STEP][PASSED] - click: Object: 'Object Repository/Final Object Repo/New Registration - Registration Module Pages/Form 1/Industry State - Johor' is clicked on

2018-12-07 00:21:45 - [MESSAGE][PASSED] - Object: 'Object Repository/Final Object Repo/New Registration - Registration Module Pages/Form 1/Industry State - Johor' is clicked on

2018-12-07 00:21:45 - [TEST_STEP][PASSED] - delay: Delayed 2 second(s)

2018-12-07 00:21:47 - [MESSAGE][PASSED] - Delayed 2 second(s)

2018-12-07 00:21:47 - [TEST_STEP][PASSED] - click: Object: 'Object Repository/Final Object Repo/New Registration - Registration Module Pages/Form 1/Industry Ciry' is clicked on

2018-12-07 00:21:47 - [MESSAGE][PASSED] - Object: 'Object Repository/Final Object Repo/New Registration - Registration Module Pages/Form 1/Industry Ciry' is clicked on

2018-12-07 00:21:47 - [TEST_STEP][PASSED] - setText: Text 'joh' is set on object 'Object Repository/Final Object Repo/New Registration - Registration Module Pages/Form 1/Industry Ciry - joh'

2018-12-07 00:21:47 - [MESSAGE][PASSED] - Text 'joh' is set on object 'Object Repository/Final Object Repo/New Registration - Registration Module Pages/Form 1/Industry Ciry - joh'

2018-12-07 00:21:47 - [TEST_STEP][PASSED] - delay: Delayed 2 second(s)

2018-12-07 00:21:49 - [MESSAGE][PASSED] - Delayed 2 second(s)

2018-12-07 00:21:49 - [TEST_STEP][PASSED] - click: Object: 'Object Repository/Final Object Repo/New Registration - Registration Module Pages/Form 1/Industy State - Johor Bharu' is clicked on

2018-12-07 00:21:49 - [MESSAGE][PASSED] - Object: 'Object Repository/Final Object Repo/New Registration - Registration Module Pages/Form 1/Industy State - Johor Bharu' is clicked on

2018-12-07 00:21:49 - [TEST_STEP][PASSED] - delay: Delayed 1 second(s)

2018-12-07 00:21:50 - [MESSAGE][PASSED] - Delayed 1 second(s)

2018-12-07 00:21:50 - [TEST_STEP][PASSED] - click: Object: 'Object Repository/Final Object Repo/New Registration - Registration Module Pages/Form 1/Indusry PostCode' is clicked on

2018-12-07 00:21:50 - [MESSAGE][PASSED] - Object: 'Object Repository/Final Object Repo/New Registration - Registration Module Pages/Form 1/Indusry PostCode' is clicked on

2018-12-07 00:21:50 - [TEST_STEP][PASSED] - delay: Delayed 1 second(s)

2018-12-07 00:21:51 - [MESSAGE][PASSED] - Delayed 1 second(s)

2018-12-07 00:21:51 - [TEST_STEP][PASSED] - setText: Text '810' is set on object 'Object Repository/Final Object Repo/New Registration - Registration Module Pages/Form 1/Insutry Post Code - 810'

2018-12-07 00:21:52 - [MESSAGE][PASSED] - Text '810' is set on object 'Object Repository/Final Object Repo/New Registration - Registration Module Pages/Form 1/Insutry Post Code - 810'

2018-12-07 00:21:52 - [TEST_STEP][PASSED] - delay: Delayed 1 second(s)

2018-12-07 00:21:53 - [MESSAGE][PASSED] - Delayed 1 second(s)

2018-12-07 00:21:53 - [TEST_STEP][PASSED] - click: Object: 'Object Repository/Final Object Repo/New Registration - Registration Module Pages/Form 1/Insutry Post Code - 81000' is clicked on

2018-12-07 00:21:53 - [MESSAGE][PASSED] - Object: 'Object Repository/Final Object Repo/New Registration - Registration Module Pages/Form 1/Insutry Post Code - 81000' is clicked on

2018-12-07 00:21:53 - [TEST_STEP][PASSED] - delay: Delayed 1 second(s)

2018-12-07 00:21:54 - [MESSAGE][PASSED] - Delayed 1 second(s)

2018-12-07 00:21:54 - [TEST_STEP][PASSED] - setText: Text '100' is set on object 'Object Repository/Final Object Repo/New Registration - Registration Module Pages/Form 1/Industry P.O.BOX'

2018-12-07 00:21:54 - [MESSAGE][PASSED] - Text '100' is set on object 'Object Repository/Final Object Repo/New Registration - Registration Module Pages/Form 1/Industry P.O.BOX'

2018-12-07 00:21:54 - [TEST_STEP][PASSED] - setText: Text '100' is set on object 'Object Repository/Final Object Repo/New Registration - Registration Module Pages/Form 1/Industry Locked Bag No'

2018-12-07 00:21:54 - [MESSAGE][PASSED] - Text '100' is set on object 'Object Repository/Final Object Repo/New Registration - Registration Module Pages/Form 1/Industry Locked Bag No'

2018-12-07 00:21:54 - [TEST_STEP][PASSED] - setText: Text '123456789' is set on object 'Object Repository/Final Object Repo/New Registration - Registration Module Pages/Form 1/Telephone No'

2018-12-07 00:21:55 - [MESSAGE][PASSED] - Text '123456789' is set on object 'Object Repository/Final Object Repo/New Registration - Registration Module Pages/Form 1/Telephone No'

2018-12-07 00:21:55 - [TEST_STEP][PASSED] - setText: Text '123456789' is set on object 'Object Repository/Final Object Repo/New Registration - Registration Module Pages/Form 1/Mobile No'

2018-12-07 00:21:55 - [MESSAGE][PASSED] - Text '123456789' is set on object 'Object Repository/Final Object Repo/New Registration - Registration Module Pages/Form 1/Mobile No'

2018-12-07 00:21:55 - [TEST_STEP][PASSED] - setText: Text '123456789' is set on object 'Object Repository/Final Object Repo/New Registration - Registration Module Pages/Form 1/Fax No'

2018-12-07 00:21:56 - [MESSAGE][PASSED] - Text '123456789' is set on object 'Object Repository/Final Object Repo/New Registration - Registration Module Pages/Form 1/Fax No'

2018-12-07 00:21:56 - [TEST_STEP][PASSED] - click: Object: 'Object Repository/Final Object Repo/New Registration - Registration Module Pages/Form 1/Industry Code' is clicked on

2018-12-07 00:21:56 - [MESSAGE][PASSED] - Object: 'Object Repository/Final Object Repo/New Registration - Registration Module Pages/Form 1/Industry Code' is clicked on

2018-12-07 00:21:56 - [TEST_STEP][PASSED] - click: Object: 'Object Repository/Final Object Repo/New Registration - Registration Module Pages/Form 1/Indudustry Code - Crops and Animal' is clicked on

2018-12-07 00:21:56 - [MESSAGE][PASSED] - Object: 'Object Repository/Final Object Repo/New Registration - Registration Module Pages/Form 1/Indudustry Code - Crops and Animal' is clicked on

2018-12-07 00:21:56 - [TEST_STEP][PASSED] - delay: Delayed 1 second(s)

2018-12-07 00:21:57 - [MESSAGE][PASSED] - Delayed 1 second(s)

2018-12-07 00:21:57 - [TEST_STEP][PASSED] - click: Object: 'Object Repository/Final Object Repo/New Registration - Registration Module Pages/Form 1/Sub Industry Code List' is clicked on

2018-12-07 00:21:57 - [MESSAGE][PASSED] - Object: 'Object Repository/Final Object Repo/New Registration - Registration Module Pages/Form 1/Sub Industry Code List' is clicked on

2018-12-07 00:21:57 - [TEST_STEP][PASSED] - click: Object: 'Object Repository/Final Object Repo/New Registration - Registration Module Pages/Form 1/Sub Industry Code List - Growing of Maize' is clicked on

2018-12-07 00:21:58 - [MESSAGE][PASSED] - Object: 'Object Repository/Final Object Repo/New Registration - Registration Module Pages/Form 1/Sub Industry Code List - Growing of Maize' is clicked on

2018-12-07 00:21:58 - [TEST_STEP][PASSED] - setText: Text 'perkeso123@gmail.com' is set on object 'Object Repository/Final Object Repo/New Registration - Registration Module Pages/Form 1/Email'

2018-12-07 00:21:58 - [MESSAGE][PASSED] - Text 'perkeso123@gmail.com' is set on object 'Object Repository/Final Object Repo/New Registration - Registration Module Pages/Form 1/Email'

2018-12-07 00:21:58 - [TEST_STEP][PASSED] - click: Object: 'Object Repository/Final Object Repo/New Registration - Registration Module Pages/Form 1/Method of Contribution Payment' is clicked on

2018-12-07 00:21:58 - [MESSAGE][PASSED] - Object: 'Object Repository/Final Object Repo/New Registration - Registration Module Pages/Form 1/Method of Contribution Payment' is clicked on

2018-12-07 00:21:58 - [TEST_STEP][PASSED] - click: Object: 'Object Repository/Final Object Repo/New Registration - Registration Module Pages/Form 1/Method of Contribution Payment - Portal' is clicked on

2018-12-07 00:21:59 - [MESSAGE][PASSED] - Object: 'Object Repository/Final Object Repo/New Registration - Registration Module Pages/Form 1/Method of Contribution Payment - Portal' is clicked on

2018-12-07 00:21:59 - [TEST_STEP][PASSED] - click: Object: 'Object Repository/Final Object Repo/New Registration - Registration Module Pages/Form 1/Servide Type' is clicked on

2018-12-07 00:21:59 - [MESSAGE][PASSED] - Object: 'Object Repository/Final Object Repo/New Registration - Registration Module Pages/Form 1/Servide Type' is clicked on

2018-12-07 00:21:59 - [TEST_STEP][PASSED] - click: Object: 'Object Repository/Final Object Repo/New Registration - Registration Module Pages/Form 1/Servide Type - Professional Bodies' is clicked on

2018-12-07 00:21:59 - [MESSAGE][PASSED] - Object: 'Object Repository/Final Object Repo/New Registration - Registration Module Pages/Form 1/Servide Type - Professional Bodies' is clicked on

2018-12-07 00:21:59 - [TEST_STEP][PASSED] - click: Object: 'Object Repository/Final Object Repo/New Registration - Registration Module Pages/Form 1/Industry Venue' is clicked on

2018-12-07 00:21:59 - [MESSAGE][PASSED] - Object: 'Object Repository/Final Object Repo/New Registration - Registration Module Pages/Form 1/Industry Venue' is clicked on

2018-12-07 00:21:59 - [TEST_STEP][PASSED] - click: Object: 'Object Repository/Final Object Repo/New Registration - Registration Module Pages/Form 1/Industry Venue -  PPN JOHOR' is clicked on

2018-12-07 00:21:59 - [MESSAGE][PASSED] - Object: 'Object Repository/Final Object Repo/New Registration - Registration Module Pages/Form 1/Industry Venue -  PPN JOHOR' is clicked on

2018-12-07 00:21:59 - [TEST_STEP][PASSED] - click: Object: 'Object Repository/Final Object Repo/New Registration - Registration Module Pages/Form 1/Save  Continue' is clicked on

2018-12-07 00:22:00 - [MESSAGE][PASSED] - Object: 'Object Repository/Final Object Repo/New Registration - Registration Module Pages/Form 1/Save  Continue' is clicked on

2018-12-07 00:22:00 - [MESSAGE][PASSED] - Call Test Case 'Test Cases/Final Aug 2018 - PKS Automation/Registration Module/New Registration/Form 1/Form 1 - Corporation - BHD' successfully

2018-12-07 00:22:00 - [TEST_STEP][PASSED] - callTestCase: Call Test Case 'Test Cases/Final Aug 2018 - PKS Automation/Registration Module/New Registration/Form 2/Add 1 Eligible' successfully

2018-12-07 00:22:00 - [TEST_CASE][PASSED] - Test Cases/Final Aug 2018 - PKS Automation/Registration Module/New Registration/Form 2/Add 1 Eligible: Test Cases/Final Aug 2018 - PKS Automation/Registration Module/New Registration/Form 2/Add 1 Eligible

2018-12-07 00:22:00 - [TEST_STEP][PASSED] - delay: Delayed 2 second(s)

2018-12-07 00:22:02 - [MESSAGE][PASSED] - Delayed 2 second(s)

2018-12-07 00:22:02 - [TEST_STEP][PASSED] - callTestCase: Call Test Case 'Test Cases/Final Aug 2018 - PKS Automation/Registration Module/New Registration/Form 2/Date Updater' successfully

2018-12-07 00:22:02 - [TEST_CASE][PASSED] - Test Cases/Final Aug 2018 - PKS Automation/Registration Module/New Registration/Form 2/Date Updater: Test Cases/Final Aug 2018 - PKS Automation/Registration Module/New Registration/Form 2/Date Updater

2018-12-07 00:22:02 - [TEST_STEP][PASSED] - Statement - TodayDate = new java.util.Date(): null

2018-12-07 00:22:02 - [TEST_STEP][PASSED] - Statement - CurrentDateNoFilter = new java.text.SimpleDateFormat(): null

2018-12-07 00:22:02 - [TEST_STEP][PASSED] - Statement - CurrentDateNoFilter.applyPattern("MM"): null

2018-12-07 00:22:02 - [TEST_STEP][PASSED] - Statement - monthContainerMatcher = java.lang.Integer.parseInt(CurrentDateNoFilter.format(TodayDate)): null

2018-12-07 00:22:02 - [TEST_STEP][PASSED] - Statement - monthContainerMatcher = monthContainerMatcher - 1: null

2018-12-07 00:22:02 - [TEST_STEP][PASSED] - Statement - CurrentMonth = monthContainerMatcher.toString(): null

2018-12-07 00:22:02 - [TEST_STEP][PASSED] - Statement - CurrentMonth = CurrentMonth: null

2018-12-07 00:22:02 - [TEST_STEP][PASSED] - Statement - CurrentDateNoFilter.applyPattern("yyyy"): null

2018-12-07 00:22:02 - [TEST_STEP][PASSED] - Statement - CurrentYear = CurrentDateNoFilter.format(TodayDate): null

2018-12-07 00:22:02 - [TEST_STEP][PASSED] - Statement - CurrentYear = CurrentYear: null

2018-12-07 00:22:02 - [TEST_STEP][PASSED] - Statement - intCurrentYear = java.lang.Integer.parseInt(CurrentDateNoFilter.format(TodayDate)): null

2018-12-07 00:22:02 - [TEST_STEP][PASSED] - Statement - eighteenYrsAgo = intCurrentYear - 18: null

2018-12-07 00:22:02 - [TEST_STEP][PASSED] - Statement - eighteenYrsBeforeThisYr = eighteenYrsAgo.toString(): null

2018-12-07 00:22:02 - [TEST_STEP][PASSED] - Statement - EighteenYrsBefore = eighteenYrsBeforeThisYr: null

2018-12-07 00:22:02 - [TEST_STEP][PASSED] - Statement - fiftysevenYrsAgo = intCurrentYear - 57: null

2018-12-07 00:22:02 - [TEST_STEP][PASSED] - Statement - fiftysevenYrsBeforeThisYr = fiftysevenYrsAgo.toString(): null

2018-12-07 00:22:02 - [TEST_STEP][PASSED] - Statement - FiftysevenYrsBefore = fiftysevenYrsBeforeThisYr: null

2018-12-07 00:22:02 - [TEST_STEP][PASSED] - Statement - leapYear = false: null

2018-12-07 00:22:02 - [TEST_STEP][PASSED] - Statement - leapYear = intCurrentYear % 4 == 0: null

2018-12-07 00:22:02 - [TEST_STEP][PASSED] - Statement - CurrentDateNoFilter.applyPattern("dd"): null

2018-12-07 00:22:02 - [TEST_STEP][PASSED] - Statement - CurrentDate = CurrentDateNoFilter.format(TodayDate): null

2018-12-07 00:22:02 - [TEST_STEP][PASSED] - Statement - CurrentDate = java.lang.Integer.parseInt(CurrentDate): null

2018-12-07 00:22:02 - [TEST_STEP][PASSED] - Statement - CurrentDate = CurrentDate: null

2018-12-07 00:22:02 - [TEST_STEP][PASSED] - Statement - CurrentDay = java.lang.Integer.parseInt(CurrentDate): null

2018-12-07 00:22:02 - [TEST_STEP][PASSED] - Statement - ConfAdder = <not implemented yet for class: org.codehaus.groovy.ast.expr.EmptyExpression>: null

2018-12-07 00:22:02 - [TEST_STEP][PASSED] - Statement - out.println(CurrentMonth): null

2018-12-07 00:22:02 - [TEST_STEP][PASSED] - Statement - out.println(CurrentDate): null

2018-12-07 00:22:02 - [TEST_STEP][PASSED] - Statement - switch (CurrentDate): null

2018-12-07 00:22:02 - [TEST_STEP][PASSED] - Statement - Default: null

2018-12-07 00:22:02 - [TEST_STEP][PASSED] - Statement - ConfAdder = true: null

2018-12-07 00:22:02 - [TEST_STEP][PASSED] - Statement - Break: null

2018-12-07 00:22:02 - [TEST_STEP][PASSED] - Statement - aDayBefore = <not implemented yet for class: org.codehaus.groovy.ast.expr.EmptyExpression>: null

2018-12-07 00:22:02 - [TEST_STEP][PASSED] - Statement - out.println(ConfAdder): null

2018-12-07 00:22:02 - [TEST_STEP][PASSED] - Statement - If (ConfAdder == true): null

2018-12-07 00:22:02 - [TEST_STEP][PASSED] - Statement - aDayBefore = CurrentDay + 1: null

2018-12-07 00:22:02 - [TEST_STEP][PASSED] - Statement - out.println(aDayBefore): null

2018-12-07 00:22:02 - [TEST_STEP][PASSED] - Statement - If (aDayBefore == 1 && CurrentMonth == 11): null

2018-12-07 00:22:02 - [TEST_STEP][PASSED] - Statement - DayBefore = aDayBefore.toString(): null

2018-12-07 00:22:02 - [TEST_STEP][PASSED] - Statement - OneDayBefore = DayBefore: null

2018-12-07 00:22:02 - [MESSAGE][PASSED] - Call Test Case 'Test Cases/Final Aug 2018 - PKS Automation/Registration Module/New Registration/Form 2/Date Updater' successfully

2018-12-07 00:22:02 - [TEST_STEP][PASSED] - delay: Delayed 1 second(s)

2018-12-07 00:22:03 - [MESSAGE][PASSED] - Delayed 1 second(s)

2018-12-07 00:22:03 - [TEST_STEP][PASSED] - Statement - CaseReferenceNo = com.kms.katalon.core.webui.keyword.WebUiBuiltInKeywords.getText(com.kms.katalon.core.testobject.ObjectRepository.findTestObject(Final Object Repo/New Registration - Registration Module Pages/Form 2/RefNo Acquiring)): Text of object 'Object Repository/Final Object Repo/New Registration - Registration Module Pages/Form 2/RefNo Acquiring' is: 'CRN12201800123073'

2018-12-07 00:22:03 - [MESSAGE][PASSED] - Text of object 'Object Repository/Final Object Repo/New Registration - Registration Module Pages/Form 2/RefNo Acquiring' is: 'CRN12201800123073'

2018-12-07 00:22:03 - [TEST_STEP][PASSED] - delay: Delayed 1 second(s)

2018-12-07 00:22:04 - [MESSAGE][PASSED] - Delayed 1 second(s)

2018-12-07 00:22:04 - [TEST_STEP][PASSED] - click: Object: 'Object Repository/Final Object Repo/New Registration - Registration Module Pages/Form 2/Add Employee Button' is clicked on

2018-12-07 00:22:04 - [MESSAGE][PASSED] - Object: 'Object Repository/Final Object Repo/New Registration - Registration Module Pages/Form 2/Add Employee Button' is clicked on

2018-12-07 00:22:04 - [TEST_STEP][PASSED] - delay: Delayed 1 second(s)

2018-12-07 00:22:05 - [MESSAGE][PASSED] - Delayed 1 second(s)

2018-12-07 00:22:05 - [TEST_STEP][PASSED] - setText: Text '010903091963' is set on object 'Object Repository/Final Object Repo/New Registration - Registration Module Pages/Form 2/NRIC Input'

2018-12-07 00:22:05 - [MESSAGE][PASSED] - Text '010903091963' is set on object 'Object Repository/Final Object Repo/New Registration - Registration Module Pages/Form 2/NRIC Input'

2018-12-07 00:22:05 - [TEST_STEP][PASSED] - click: Object: 'Object Repository/Final Object Repo/New Registration - Registration Module Pages/Form 2/button for search for IC' is clicked on

2018-12-07 00:22:05 - [MESSAGE][PASSED] - Object: 'Object Repository/Final Object Repo/New Registration - Registration Module Pages/Form 2/button for search for IC' is clicked on

2018-12-07 00:22:05 - [TEST_STEP][PASSED] - delay: Delayed 2 second(s)

2018-12-07 00:22:07 - [MESSAGE][PASSED] - Delayed 2 second(s)

2018-12-07 00:22:07 - [TEST_STEP][PASSED] - setText: Text 'Automate001 eligible 1' is set on object 'Object Repository/Final Object Repo/New Registration - Registration Module Pages/Form 2/Employee Name Input'

2018-12-07 00:22:08 - [MESSAGE][PASSED] - Text 'Automate001 eligible 1' is set on object 'Object Repository/Final Object Repo/New Registration - Registration Module Pages/Form 2/Employee Name Input'

2018-12-07 00:22:08 - [TEST_STEP][PASSED] - delay: Delayed 2 second(s)

2018-12-07 00:22:10 - [MESSAGE][PASSED] - Delayed 2 second(s)

2018-12-07 00:22:10 - [TEST_STEP][PASSED] - click: Object: 'Object Repository/Final Object Repo/New Registration - Registration Module Pages/Form 2/DatePicker Pop Up' is clicked on

2018-12-07 00:22:10 - [MESSAGE][PASSED] - Object: 'Object Repository/Final Object Repo/New Registration - Registration Module Pages/Form 2/DatePicker Pop Up' is clicked on

2018-12-07 00:22:10 - [TEST_STEP][PASSED] - click: Object: 'Object Repository/Final Object Repo/New Registration - Registration Module Pages/Form 2/DOB Month' is clicked on

2018-12-07 00:22:10 - [MESSAGE][PASSED] - Object: 'Object Repository/Final Object Repo/New Registration - Registration Module Pages/Form 2/DOB Month' is clicked on

2018-12-07 00:22:10 - [TEST_STEP][PASSED] - Statement - CurrentMonth = CurrentMonth: null

2018-12-07 00:22:10 - [TEST_STEP][PASSED] - Statement - selectMonth = new com.kms.katalon.core.testobject.TestObject(): null

2018-12-07 00:22:10 - [TEST_STEP][PASSED] - Statement - selectMonth.addProperty("xpath", EQUALS, "//body/div/div/div/select/option[@value='" + CurrentMonth + "']", true): null

2018-12-07 00:22:10 - [TEST_STEP][PASSED] - click: Object: '' is clicked on

2018-12-07 00:22:10 - [MESSAGE][PASSED] - Object: '' is clicked on

2018-12-07 00:22:10 - [TEST_STEP][PASSED] - click: Object: 'Object Repository/Final Object Repo/New Registration - Registration Module Pages/Form 2/DOB Year' is clicked on

2018-12-07 00:22:11 - [MESSAGE][PASSED] - Object: 'Object Repository/Final Object Repo/New Registration - Registration Module Pages/Form 2/DOB Year' is clicked on

2018-12-07 00:22:11 - [TEST_STEP][PASSED] - Statement - Eyearsbf = EighteenYrsBefore: null

2018-12-07 00:22:11 - [TEST_STEP][PASSED] - Statement - selectYear = new com.kms.katalon.core.testobject.TestObject(): null

2018-12-07 00:22:11 - [TEST_STEP][PASSED] - Statement - selectYear.addProperty("xpath", EQUALS, "//div/div/div/select/option[@value='" + Eyearsbf + "']", true): null

2018-12-07 00:22:11 - [TEST_STEP][PASSED] - click: Object: '' is clicked on

2018-12-07 00:22:11 - [MESSAGE][PASSED] - Object: '' is clicked on

2018-12-07 00:22:11 - [TEST_STEP][PASSED] - Statement - UpdatedSelectDate = com.kms.katalon.core.webui.keyword.WebUiBuiltInKeywords.modifyObjectProperty(com.kms.katalon.core.testobject.ObjectRepository.findTestObject(Final Object Repo/New Registration - Registration Module Pages/Form 2/DOB Date), "xpath", "equals", "//body/div/table/tbody/tr/td/a[text()="" + CurrentDate + ""]", true): Modify property of object successfully

2018-12-07 00:22:11 - [MESSAGE][PASSED] - Modify property of object successfully

2018-12-07 00:22:11 - [TEST_STEP][PASSED] - delay: Delayed 3 second(s)

2018-12-07 00:22:14 - [MESSAGE][PASSED] - Delayed 3 second(s)

2018-12-07 00:22:14 - [TEST_STEP][PASSED] - click: Object: 'Object Repository/Final Object Repo/New Registration - Registration Module Pages/Form 2/DOB Date' is clicked on

2018-12-07 00:22:14 - [MESSAGE][PASSED] - Object: 'Object Repository/Final Object Repo/New Registration - Registration Module Pages/Form 2/DOB Date' is clicked on

2018-12-07 00:22:14 - [TEST_STEP][PASSED] - delay: Delayed 2 second(s)

2018-12-07 00:22:16 - [MESSAGE][PASSED] - Delayed 2 second(s)

2018-12-07 00:22:16 - [TEST_STEP][PASSED] - click: Object: 'Object Repository/Final Object Repo/New Registration - Registration Module Pages/Form 2/EmploymentStartDate Pop Up' is clicked on

2018-12-07 00:22:16 - [MESSAGE][PASSED] - Object: 'Object Repository/Final Object Repo/New Registration - Registration Module Pages/Form 2/EmploymentStartDate Pop Up' is clicked on

2018-12-07 00:22:16 - [TEST_STEP][PASSED] - delay: Delayed 2 second(s)

2018-12-07 00:22:18 - [MESSAGE][PASSED] - Delayed 2 second(s)

2018-12-07 00:22:18 - [TEST_STEP][PASSED] - click: Object: 'Object Repository/Final Object Repo/New Registration - Registration Module Pages/Form 2/Socso Employment StartDate Month' is clicked on

2018-12-07 00:22:18 - [MESSAGE][PASSED] - Object: 'Object Repository/Final Object Repo/New Registration - Registration Module Pages/Form 2/Socso Employment StartDate Month' is clicked on

2018-12-07 00:22:18 - [TEST_STEP][PASSED] - delay: Delayed 1 second(s)

2018-12-07 00:22:19 - [MESSAGE][PASSED] - Delayed 1 second(s)

2018-12-07 00:22:19 - [TEST_STEP][PASSED] - click: Object: 'Object Repository/Final Object Repo/New Registration - Registration Module Pages/Form 2/Select Socso Employement Startdate Month' is clicked on

2018-12-07 00:22:19 - [MESSAGE][PASSED] - Object: 'Object Repository/Final Object Repo/New Registration - Registration Module Pages/Form 2/Select Socso Employement Startdate Month' is clicked on

2018-12-07 00:22:19 - [TEST_STEP][PASSED] - delay: Delayed 2 second(s)

2018-12-07 00:22:21 - [MESSAGE][PASSED] - Delayed 2 second(s)

2018-12-07 00:22:21 - [TEST_STEP][PASSED] - click: Object: 'Object Repository/Final Object Repo/New Registration - Registration Module Pages/Form 2/Socso Employment StartDate Year' is clicked on

2018-12-07 00:22:22 - [MESSAGE][PASSED] - Object: 'Object Repository/Final Object Repo/New Registration - Registration Module Pages/Form 2/Socso Employment StartDate Year' is clicked on

2018-12-07 00:22:22 - [TEST_STEP][PASSED] - delay: Delayed 1 second(s)

2018-12-07 00:22:23 - [MESSAGE][PASSED] - Delayed 1 second(s)

2018-12-07 00:22:23 - [TEST_STEP][PASSED] - click: Object: 'Object Repository/Final Object Repo/New Registration - Registration Module Pages/Form 2/Select Socso Employment Startdate Year' is clicked on

2018-12-07 00:22:23 - [MESSAGE][PASSED] - Object: 'Object Repository/Final Object Repo/New Registration - Registration Module Pages/Form 2/Select Socso Employment Startdate Year' is clicked on

2018-12-07 00:22:23 - [TEST_STEP][PASSED] - delay: Delayed 2 second(s)

2018-12-07 00:22:25 - [MESSAGE][PASSED] - Delayed 2 second(s)

2018-12-07 00:22:25 - [TEST_STEP][PASSED] - click: Object: 'Object Repository/Final Object Repo/New Registration - Registration Module Pages/Form 2/Socso Employment Start Date Day' is clicked on

2018-12-07 00:22:25 - [MESSAGE][PASSED] - Object: 'Object Repository/Final Object Repo/New Registration - Registration Module Pages/Form 2/Socso Employment Start Date Day' is clicked on

2018-12-07 00:22:25 - [TEST_STEP][PASSED] - delay: Delayed 2 second(s)

2018-12-07 00:22:27 - [MESSAGE][PASSED] - Delayed 2 second(s)

2018-12-07 00:22:27 - [TEST_STEP][PASSED] - click: Object: 'Object Repository/Final Object Repo/New Registration - Registration Module Pages/Form 2/Save Button for Add Employee' is clicked on

2018-12-07 00:22:27 - [MESSAGE][PASSED] - Object: 'Object Repository/Final Object Repo/New Registration - Registration Module Pages/Form 2/Save Button for Add Employee' is clicked on

2018-12-07 00:22:27 - [TEST_STEP][PASSED] - delay: Delayed 6 second(s)

2018-12-07 00:22:33 - [MESSAGE][PASSED] - Delayed 6 second(s)

2018-12-07 00:22:33 - [TEST_STEP][PASSED] - click: Object: 'Object Repository/Final Object Repo/New Registration - Registration Module Pages/Form 2/Save and Continue Form 2' is clicked on

2018-12-07 00:22:33 - [MESSAGE][PASSED] - Object: 'Object Repository/Final Object Repo/New Registration - Registration Module Pages/Form 2/Save and Continue Form 2' is clicked on

2018-12-07 00:22:33 - [MESSAGE][PASSED] - Call Test Case 'Test Cases/Final Aug 2018 - PKS Automation/Registration Module/New Registration/Form 2/Add 1 Eligible' successfully

2018-12-07 00:22:33 - [TEST_STEP][PASSED] - callTestCase: Call Test Case 'Test Cases/Final Aug 2018 - PKS Automation/Registration Module/New Registration/Flow of New Registration/Third Screen - Upload Supporting Doc - Preview' successfully

2018-12-07 00:22:33 - [TEST_CASE][PASSED] - Test Cases/Final Aug 2018 - PKS Automation/Registration Module/New Registration/Flow of New Registration/Third Screen - Upload Supporting Doc - Preview: Test Cases/Final Aug 2018 - PKS Automation/Registration Module/New Registration/Flow of New Registration/Third Screen - Upload Supporting Doc - Preview

2018-12-07 00:22:33 - [TEST_STEP][PASSED] - waitForPageLoad: Wait for page load successfully

2018-12-07 00:22:34 - [MESSAGE][PASSED] - Wait for page load successfully

2018-12-07 00:22:34 - [TEST_STEP][PASSED] - Statement - CaseReferenceNo = com.kms.katalon.core.webui.keyword.WebUiBuiltInKeywords.getText(com.kms.katalon.core.testobject.ObjectRepository.findTestObject(Final Object Repo/New Registration - Registration Module Pages/Third Screen - Upload Supporting Doc- Preview/RefNo Acquiring)): Text of object 'Object Repository/Final Object Repo/New Registration - Registration Module Pages/Third Screen - Upload Supporting Doc- Preview/RefNo Acquiring' is: 'CRN12201800123073'

2018-12-07 00:22:34 - [MESSAGE][PASSED] - Text of object 'Object Repository/Final Object Repo/New Registration - Registration Module Pages/Third Screen - Upload Supporting Doc- Preview/RefNo Acquiring' is: 'CRN12201800123073'

2018-12-07 00:22:34 - [TEST_STEP][PASSED] - delay: Delayed 2 second(s)

2018-12-07 00:22:36 - [MESSAGE][PASSED] - Delayed 2 second(s)

2018-12-07 00:22:36 - [TEST_STEP][PASSED] - callTestCase: Call Test Case 'Test Cases/Final Aug 2018 - PKS Automation/Common/Reference Number Setter' successfully

2018-12-07 00:22:36 - [TEST_CASE][PASSED] - Test Cases/Final Aug 2018 - PKS Automation/Common/Reference Number Setter: Test Cases/Final Aug 2018 - PKS Automation/Common/Reference Number Setter

2018-12-07 00:22:36 - [TEST_STEP][PASSED] - Statement - RefNoOldFile = new java.io.File(C://Users//Admin//Desktop//PKS//Automation Reference Point//KatalonReference.txt): null

2018-12-07 00:22:36 - [TEST_STEP][PASSED] - Statement - RefNoOldFile.delete(): null

2018-12-07 00:22:36 - [TEST_STEP][PASSED] - delay: Delayed 5 second(s)

2018-12-07 00:22:41 - [MESSAGE][PASSED] - Delayed 5 second(s)

2018-12-07 00:22:41 - [TEST_STEP][PASSED] - Statement - RefNo = new java.io.File(C://Users//Admin//Desktop//PKS//Automation Reference Point//KatalonReference.txt): null

2018-12-07 00:22:41 - [TEST_STEP][PASSED] - Statement - f2 = new java.io.FileWriter(RefNo, false): null

2018-12-07 00:22:41 - [TEST_STEP][PASSED] - Statement - f2.write(CaseReferenceNo): null

2018-12-07 00:22:41 - [TEST_STEP][PASSED] - Statement - f2.close(): null

2018-12-07 00:22:41 - [TEST_STEP][PASSED] - Statement - out.println("


" + CaseReferenceNo + "


"): null

2018-12-07 00:22:41 - [MESSAGE][PASSED] - Call Test Case 'Test Cases/Final Aug 2018 - PKS Automation/Common/Reference Number Setter' successfully

2018-12-07 00:22:41 - [TEST_STEP][PASSED] - waitForElementClickable: Object 'Object Repository/Final Object Repo/New Registration - Registration Module Pages/Third Screen - Upload Supporting Doc- Preview/Save n Continue in SIP Employee Listing Page' is clickable

2018-12-07 00:22:41 - [MESSAGE][PASSED] - Object 'Object Repository/Final Object Repo/New Registration - Registration Module Pages/Third Screen - Upload Supporting Doc- Preview/Save n Continue in SIP Employee Listing Page' is clickable

2018-12-07 00:22:41 - [TEST_STEP][PASSED] - click: Object: 'Object Repository/Final Object Repo/New Registration - Registration Module Pages/Third Screen - Upload Supporting Doc- Preview/Save n Continue in SIP Employee Listing Page' is clicked on

2018-12-07 00:22:47 - [MESSAGE][PASSED] - Object: 'Object Repository/Final Object Repo/New Registration - Registration Module Pages/Third Screen - Upload Supporting Doc- Preview/Save n Continue in SIP Employee Listing Page' is clicked on

2018-12-07 00:22:47 - [TEST_STEP][PASSED] - delay: Delayed 7 second(s)

2018-12-07 00:22:54 - [MESSAGE][PASSED] - Delayed 7 second(s)

2018-12-07 00:22:54 - [TEST_STEP][PASSED] - click: Object: 'Object Repository/Final Object Repo/New Registration - Registration Module Pages/Third Screen - Upload Supporting Doc- Preview/Add Document Button' is clicked on

2018-12-07 00:22:54 - [MESSAGE][PASSED] - Object: 'Object Repository/Final Object Repo/New Registration - Registration Module Pages/Third Screen - Upload Supporting Doc- Preview/Add Document Button' is clicked on

2018-12-07 00:22:54 - [TEST_STEP][PASSED] - delay: Delayed 30 second(s)

2018-12-07 00:23:24 - [MESSAGE][PASSED] - Delayed 30 second(s)

2018-12-07 00:23:24 - [TEST_STEP][PASSED] - click: Object: 'Object Repository/Final Object Repo/New Registration - Registration Module Pages/Third Screen - Upload Supporting Doc- Preview/Supporting Doc Please Select Drop Down' is clicked on

2018-12-07 00:23:24 - [MESSAGE][PASSED] - Object: 'Object Repository/Final Object Repo/New Registration - Registration Module Pages/Third Screen - Upload Supporting Doc- Preview/Supporting Doc Please Select Drop Down' is clicked on

2018-12-07 00:23:24 - [TEST_STEP][PASSED] - delay: Delayed 2 second(s)

2018-12-07 00:23:26 - [MESSAGE][PASSED] - Delayed 2 second(s)

2018-12-07 00:23:26 - [TEST_STEP][PASSED] - click: Object: 'Object Repository/Final Object Repo/New Registration - Registration Module Pages/Third Screen - Upload Supporting Doc- Preview/Select to Upload Form 1' is clicked on

2018-12-07 00:23:26 - [MESSAGE][PASSED] - Object: 'Object Repository/Final Object Repo/New Registration - Registration Module Pages/Third Screen - Upload Supporting Doc- Preview/Select to Upload Form 1' is clicked on

2018-12-07 00:23:26 - [TEST_STEP][PASSED] - delay: Delayed 2 second(s)

2018-12-07 00:23:28 - [MESSAGE][PASSED] - Delayed 2 second(s)

2018-12-07 00:23:28 - [TEST_STEP][PASSED] - uploadFile: File 'C:\Users\Public\Pictures\Sample Pictures\Koala.jpg' sent to object: 'Object Repository/Final Object Repo/New Registration - Registration Module Pages/Third Screen - Upload Supporting Doc- Preview/Upload File Adding'

2018-12-07 00:23:28 - [MESSAGE][PASSED] - File 'C:\Users\Public\Pictures\Sample Pictures\Koala.jpg' sent to object: 'Object Repository/Final Object Repo/New Registration - Registration Module Pages/Third Screen - Upload Supporting Doc- Preview/Upload File Adding'

2018-12-07 00:23:28 - [TEST_STEP][PASSED] - delay: Delayed 5 second(s)

2018-12-07 00:23:33 - [MESSAGE][PASSED] - Delayed 5 second(s)

2018-12-07 00:23:33 - [TEST_STEP][PASSED] - click: Object: 'Object Repository/Final Object Repo/New Registration - Registration Module Pages/Third Screen - Upload Supporting Doc- Preview/Inner Form Add Document Button' is clicked on

2018-12-07 00:23:33 - [MESSAGE][PASSED] - Object: 'Object Repository/Final Object Repo/New Registration - Registration Module Pages/Third Screen - Upload Supporting Doc- Preview/Inner Form Add Document Button' is clicked on

2018-12-07 00:23:33 - [TEST_STEP][PASSED] - delay: Delayed 3 second(s)

2018-12-07 00:23:36 - [MESSAGE][PASSED] - Delayed 3 second(s)

2018-12-07 00:23:36 - [TEST_STEP][PASSED] - click: Object: 'Object Repository/Final Object Repo/New Registration - Registration Module Pages/Third Screen - Upload Supporting Doc- Preview/Add Document Button' is clicked on

2018-12-07 00:23:38 - [MESSAGE][PASSED] - Object: 'Object Repository/Final Object Repo/New Registration - Registration Module Pages/Third Screen - Upload Supporting Doc- Preview/Add Document Button' is clicked on

2018-12-07 00:23:38 - [TEST_STEP][PASSED] - delay: Delayed 30 second(s)

2018-12-07 00:24:08 - [MESSAGE][PASSED] - Delayed 30 second(s)

2018-12-07 00:24:08 - [TEST_STEP][PASSED] - click: Object: 'Object Repository/Final Object Repo/New Registration - Registration Module Pages/Third Screen - Upload Supporting Doc- Preview/Supporting Doc Please Select Drop Down' is clicked on

2018-12-07 00:24:08 - [MESSAGE][PASSED] - Object: 'Object Repository/Final Object Repo/New Registration - Registration Module Pages/Third Screen - Upload Supporting Doc- Preview/Supporting Doc Please Select Drop Down' is clicked on

2018-12-07 00:24:08 - [TEST_STEP][PASSED] - delay: Delayed 2 second(s)

2018-12-07 00:24:10 - [MESSAGE][PASSED] - Delayed 2 second(s)

2018-12-07 00:24:10 - [TEST_STEP][PASSED] - click: Object: 'Object Repository/Final Object Repo/New Registration - Registration Module Pages/Third Screen - Upload Supporting Doc- Preview/Select to Upload Form 2' is clicked on

2018-12-07 00:24:10 - [MESSAGE][PASSED] - Object: 'Object Repository/Final Object Repo/New Registration - Registration Module Pages/Third Screen - Upload Supporting Doc- Preview/Select to Upload Form 2' is clicked on

2018-12-07 00:24:10 - [TEST_STEP][PASSED] - delay: Delayed 2 second(s)

2018-12-07 00:24:12 - [MESSAGE][PASSED] - Delayed 2 second(s)

2018-12-07 00:24:12 - [TEST_STEP][PASSED] - uploadFile: File 'C:\Users\Public\Pictures\Sample Pictures\Koala.jpg' sent to object: 'Object Repository/Final Object Repo/New Registration - Registration Module Pages/Third Screen - Upload Supporting Doc- Preview/Upload File Adding'

2018-12-07 00:24:12 - [MESSAGE][PASSED] - File 'C:\Users\Public\Pictures\Sample Pictures\Koala.jpg' sent to object: 'Object Repository/Final Object Repo/New Registration - Registration Module Pages/Third Screen - Upload Supporting Doc- Preview/Upload File Adding'

2018-12-07 00:24:12 - [TEST_STEP][PASSED] - click: Object: 'Object Repository/Final Object Repo/New Registration - Registration Module Pages/Third Screen - Upload Supporting Doc- Preview/Inner Form Add Document Button' is clicked on

2018-12-07 00:24:12 - [MESSAGE][PASSED] - Object: 'Object Repository/Final Object Repo/New Registration - Registration Module Pages/Third Screen - Upload Supporting Doc- Preview/Inner Form Add Document Button' is clicked on

2018-12-07 00:24:12 - [TEST_STEP][PASSED] - delay: Delayed 5 second(s)

2018-12-07 00:24:17 - [MESSAGE][PASSED] - Delayed 5 second(s)

2018-12-07 00:24:17 - [TEST_STEP][PASSED] - click: Object: 'Object Repository/Final Object Repo/New Registration - Registration Module Pages/Third Screen - Upload Supporting Doc- Preview/Add Document Button' is clicked on

2018-12-07 00:24:18 - [MESSAGE][PASSED] - Object: 'Object Repository/Final Object Repo/New Registration - Registration Module Pages/Third Screen - Upload Supporting Doc- Preview/Add Document Button' is clicked on

2018-12-07 00:24:18 - [TEST_STEP][PASSED] - delay: Delayed 30 second(s)

2018-12-07 00:24:48 - [MESSAGE][PASSED] - Delayed 30 second(s)

2018-12-07 00:24:48 - [TEST_STEP][PASSED] - click: Object: 'Object Repository/Final Object Repo/New Registration - Registration Module Pages/Third Screen - Upload Supporting Doc- Preview/Supporting Doc Please Select Drop Down' is clicked on

2018-12-07 00:24:48 - [MESSAGE][PASSED] - Object: 'Object Repository/Final Object Repo/New Registration - Registration Module Pages/Third Screen - Upload Supporting Doc- Preview/Supporting Doc Please Select Drop Down' is clicked on

2018-12-07 00:24:48 - [TEST_STEP][PASSED] - click: Object: 'Object Repository/Final Object Repo/New Registration - Registration Module Pages/Third Screen - Upload Supporting Doc- Preview/Select to Upload Borang SIP 1' is clicked on

2018-12-07 00:24:48 - [MESSAGE][PASSED] - Object: 'Object Repository/Final Object Repo/New Registration - Registration Module Pages/Third Screen - Upload Supporting Doc- Preview/Select to Upload Borang SIP 1' is clicked on

2018-12-07 00:24:48 - [TEST_STEP][PASSED] - delay: Delayed 2 second(s)

2018-12-07 00:24:50 - [MESSAGE][PASSED] - Delayed 2 second(s)

2018-12-07 00:24:50 - [TEST_STEP][PASSED] - uploadFile: File 'C:\Users\Public\Pictures\Sample Pictures\Koala.jpg' sent to object: 'Object Repository/Final Object Repo/New Registration - Registration Module Pages/Third Screen - Upload Supporting Doc- Preview/Upload File Adding'

2018-12-07 00:24:50 - [MESSAGE][PASSED] - File 'C:\Users\Public\Pictures\Sample Pictures\Koala.jpg' sent to object: 'Object Repository/Final Object Repo/New Registration - Registration Module Pages/Third Screen - Upload Supporting Doc- Preview/Upload File Adding'

2018-12-07 00:24:50 - [TEST_STEP][PASSED] - click: Object: 'Object Repository/Final Object Repo/New Registration - Registration Module Pages/Third Screen - Upload Supporting Doc- Preview/Inner Form Add Document Button' is clicked on

2018-12-07 00:24:50 - [MESSAGE][PASSED] - Object: 'Object Repository/Final Object Repo/New Registration - Registration Module Pages/Third Screen - Upload Supporting Doc- Preview/Inner Form Add Document Button' is clicked on

2018-12-07 00:24:50 - [TEST_STEP][PASSED] - delay: Delayed 5 second(s)

2018-12-07 00:24:55 - [MESSAGE][PASSED] - Delayed 5 second(s)

2018-12-07 00:24:55 - [TEST_STEP][PASSED] - click: Object: 'Object Repository/Final Object Repo/New Registration - Registration Module Pages/Third Screen - Upload Supporting Doc- Preview/Add Document Button' is clicked on

2018-12-07 00:24:55 - [MESSAGE][PASSED] - Object: 'Object Repository/Final Object Repo/New Registration - Registration Module Pages/Third Screen - Upload Supporting Doc- Preview/Add Document Button' is clicked on

2018-12-07 00:24:55 - [TEST_STEP][PASSED] - delay: Delayed 30 second(s)

2018-12-07 00:25:25 - [MESSAGE][PASSED] - Delayed 30 second(s)

2018-12-07 00:25:25 - [TEST_STEP][PASSED] - click: Object: 'Object Repository/Final Object Repo/New Registration - Registration Module Pages/Third Screen - Upload Supporting Doc- Preview/Supporting Doc Please Select Drop Down' is clicked on

2018-12-07 00:25:26 - [MESSAGE][PASSED] - Object: 'Object Repository/Final Object Repo/New Registration - Registration Module Pages/Third Screen - Upload Supporting Doc- Preview/Supporting Doc Please Select Drop Down' is clicked on

2018-12-07 00:25:26 - [TEST_STEP][PASSED] - delay: Delayed 3 second(s)

2018-12-07 00:25:29 - [MESSAGE][PASSED] - Delayed 3 second(s)

2018-12-07 00:25:29 - [TEST_STEP][PASSED] - click: Object: 'Object Repository/Final Object Repo/New Registration - Registration Module Pages/Third Screen - Upload Supporting Doc- Preview/Select to Upload Borang SIP 2' is clicked on

2018-12-07 00:25:29 - [MESSAGE][PASSED] - Object: 'Object Repository/Final Object Repo/New Registration - Registration Module Pages/Third Screen - Upload Supporting Doc- Preview/Select to Upload Borang SIP 2' is clicked on

2018-12-07 00:25:29 - [TEST_STEP][PASSED] - delay: Delayed 2 second(s)

2018-12-07 00:25:31 - [MESSAGE][PASSED] - Delayed 2 second(s)

2018-12-07 00:25:31 - [TEST_STEP][PASSED] - uploadFile: File 'C:\Users\Public\Pictures\Sample Pictures\Koala.jpg' sent to object: 'Object Repository/Final Object Repo/New Registration - Registration Module Pages/Third Screen - Upload Supporting Doc- Preview/Upload File Adding'

2018-12-07 00:25:31 - [MESSAGE][PASSED] - File 'C:\Users\Public\Pictures\Sample Pictures\Koala.jpg' sent to object: 'Object Repository/Final Object Repo/New Registration - Registration Module Pages/Third Screen - Upload Supporting Doc- Preview/Upload File Adding'

2018-12-07 00:25:31 - [TEST_STEP][PASSED] - delay: Delayed 5 second(s)

2018-12-07 00:25:36 - [MESSAGE][PASSED] - Delayed 5 second(s)

2018-12-07 00:25:36 - [TEST_STEP][PASSED] - click: Object: 'Object Repository/Final Object Repo/New Registration - Registration Module Pages/Third Screen - Upload Supporting Doc- Preview/Inner Form Add Document Button' is clicked on

2018-12-07 00:25:36 - [MESSAGE][PASSED] - Object: 'Object Repository/Final Object Repo/New Registration - Registration Module Pages/Third Screen - Upload Supporting Doc- Preview/Inner Form Add Document Button' is clicked on

2018-12-07 00:25:36 - [TEST_STEP][PASSED] - delay: Delayed 3 second(s)

2018-12-07 00:25:39 - [MESSAGE][PASSED] - Delayed 3 second(s)

2018-12-07 00:25:39 - [TEST_STEP][PASSED] - waitForElementClickable: Object 'Object Repository/Final Object Repo/New Registration - Registration Module Pages/Third Screen - Upload Supporting Doc- Preview/Save n Continue in Uploading Supporting Doc Page' is clickable

2018-12-07 00:25:40 - [MESSAGE][PASSED] - Object 'Object Repository/Final Object Repo/New Registration - Registration Module Pages/Third Screen - Upload Supporting Doc- Preview/Save n Continue in Uploading Supporting Doc Page' is clickable

2018-12-07 00:25:40 - [TEST_STEP][PASSED] - click: Object: 'Object Repository/Final Object Repo/New Registration - Registration Module Pages/Third Screen - Upload Supporting Doc- Preview/Save n Continue in Uploading Supporting Doc Page' is clicked on

2018-12-07 00:25:40 - [MESSAGE][PASSED] - Object: 'Object Repository/Final Object Repo/New Registration - Registration Module Pages/Third Screen - Upload Supporting Doc- Preview/Save n Continue in Uploading Supporting Doc Page' is clicked on

2018-12-07 00:25:40 - [MESSAGE][PASSED] - Call Test Case 'Test Cases/Final Aug 2018 - PKS Automation/Registration Module/New Registration/Flow of New Registration/Third Screen - Upload Supporting Doc - Preview' successfully

2018-12-07 00:25:40 - [TEST_STEP][PASSED] - callTestCase: Call Test Case 'Test Cases/Final Aug 2018 - PKS Automation/Registration Module/New Registration/Submit and Screenshot/Submit Registration and Screenshot - Copy' successfully

2018-12-07 00:25:40 - [TEST_CASE][PASSED] - Test Cases/Final Aug 2018 - PKS Automation/Registration Module/New Registration/Submit and Screenshot/Submit Registration and Screenshot - Copy: Test Cases/Final Aug 2018 - PKS Automation/Registration Module/New Registration/Submit and Screenshot/Submit Registration and Screenshot - Copy

2018-12-07 00:25:40 - [TEST_STEP][PASSED] - delay: Delayed 6 second(s)

2018-12-07 00:25:46 - [MESSAGE][PASSED] - Delayed 6 second(s)

2018-12-07 00:25:46 - [TEST_STEP][PASSED] - click: Object: 'Object Repository/Final Object Repo/New Registration - Registration Module Pages/Third Screen - Upload Supporting Doc- Preview/Preview Submit Button' is clicked on

2018-12-07 00:25:46 - [MESSAGE][PASSED] - Object: 'Object Repository/Final Object Repo/New Registration - Registration Module Pages/Third Screen - Upload Supporting Doc- Preview/Preview Submit Button' is clicked on

2018-12-07 00:25:46 - [TEST_STEP][PASSED] - delay: Delayed 2 second(s)

2018-12-07 00:25:48 - [MESSAGE][PASSED] - Delayed 2 second(s)

2018-12-07 00:25:48 - [TEST_STEP][PASSED] - click: Object: 'Object Repository/Final Object Repo/New Registration - Registration Module Pages/Third Screen - Upload Supporting Doc- Preview/Preview Submit - Confirm' is clicked on

2018-12-07 00:25:48 - [MESSAGE][PASSED] - Object: 'Object Repository/Final Object Repo/New Registration - Registration Module Pages/Third Screen - Upload Supporting Doc- Preview/Preview Submit - Confirm' is clicked on

2018-12-07 00:25:48 - [TEST_STEP][PASSED] - delay: Delayed 15 second(s)

2018-12-07 00:26:03 - [MESSAGE][PASSED] - Delayed 15 second(s)

2018-12-07 00:26:03 - [TEST_STEP][PASSED] - Statement - driver = com.kms.katalon.core.webui.driver.DriverFactory.getWebDriver(): null

2018-12-07 00:26:03 - [TEST_STEP][PASSED] - Statement - driver.manage().timeouts().implicitlyWait(10, SECONDS): null

2018-12-07 00:26:03 - [TEST_STEP][PASSED] - Statement - PresavePath = KatalonScreenshots: null

2018-12-07 00:26:03 - [TEST_STEP][PASSED] - Statement - pathPrefix = "C:\Users\Public\Pictures\Sample Pictures\Katalon Screenshots\Automate Ending Screen": null

2018-12-07 00:26:03 - [TEST_STEP][PASSED] - Statement - finalPath = <not implemented yet for class: org.codehaus.groovy.ast.expr.EmptyExpression>: null

2018-12-07 00:26:03 - [TEST_STEP][PASSED] - Statement - scrFile = driver.getScreenshotAs(FILE): null

2018-12-07 00:26:07 - [TEST_STEP][PASSED] - Statement - PreSaveFile = new java.io.File(PresavePath): null

2018-12-07 00:26:07 - [TEST_STEP][PASSED] - Statement - counter = 0: null

2018-12-07 00:26:07 - [TEST_STEP][PASSED] - Statement - If (PreSaveFile.exists()): null

2018-12-07 00:26:07 - [TEST_STEP][PASSED] - Statement - While (PreSaveFile.exists()): null

2018-12-07 00:26:07 - [TEST_STEP][PASSED] - Statement - counter = counter + 1: null

2018-12-07 00:26:07 - [TEST_STEP][PASSED] - Statement - PreSaveFile = new java.io.File(((pathPrefix + java.lang.Integer.toString(counter)) + .png)): null

2018-12-07 00:26:07 - [TEST_STEP][PASSED] - Statement - counter = counter + 1: null

2018-12-07 00:26:07 - [TEST_STEP][PASSED] - Statement - PreSaveFile = new java.io.File(((pathPrefix + java.lang.Integer.toString(counter)) + .png)): null

2018-12-07 00:26:07 - [TEST_STEP][PASSED] - Statement - counter = counter + 1: null

2018-12-07 00:26:07 - [TEST_STEP][PASSED] - Statement - PreSaveFile = new java.io.File(((pathPrefix + java.lang.Integer.toString(counter)) + .png)): null

2018-12-07 00:26:07 - [TEST_STEP][PASSED] - Statement - counter = counter + 1: null

2018-12-07 00:26:07 - [TEST_STEP][PASSED] - Statement - PreSaveFile = new java.io.File(((pathPrefix + java.lang.Integer.toString(counter)) + .png)): null

2018-12-07 00:26:07 - [TEST_STEP][PASSED] - Statement - counter = counter + 1: null

2018-12-07 00:26:07 - [TEST_STEP][PASSED] - Statement - PreSaveFile = new java.io.File(((pathPrefix + java.lang.Integer.toString(counter)) + .png)): null

2018-12-07 00:26:07 - [TEST_STEP][PASSED] - Statement - counter = counter + 1: null

2018-12-07 00:26:07 - [TEST_STEP][PASSED] - Statement - PreSaveFile = new java.io.File(((pathPrefix + java.lang.Integer.toString(counter)) + .png)): null

2018-12-07 00:26:07 - [TEST_STEP][PASSED] - Statement - counter = counter + 1: null

2018-12-07 00:26:07 - [TEST_STEP][PASSED] - Statement - PreSaveFile = new java.io.File(((pathPrefix + java.lang.Integer.toString(counter)) + .png)): null

2018-12-07 00:26:07 - [TEST_STEP][PASSED] - Statement - counter = counter + 1: null

2018-12-07 00:26:07 - [TEST_STEP][PASSED] - Statement - PreSaveFile = new java.io.File(((pathPrefix + java.lang.Integer.toString(counter)) + .png)): null

2018-12-07 00:26:07 - [TEST_STEP][PASSED] - Statement - counter = counter + 1: null

2018-12-07 00:26:07 - [TEST_STEP][PASSED] - Statement - PreSaveFile = new java.io.File(((pathPrefix + java.lang.Integer.toString(counter)) + .png)): null

2018-12-07 00:26:07 - [TEST_STEP][PASSED] - Statement - counter = counter + 1: null

2018-12-07 00:26:07 - [TEST_STEP][PASSED] - Statement - PreSaveFile = new java.io.File(((pathPrefix + java.lang.Integer.toString(counter)) + .png)): null

2018-12-07 00:26:07 - [TEST_STEP][PASSED] - Statement - counter = counter + 1: null

2018-12-07 00:26:07 - [TEST_STEP][PASSED] - Statement - PreSaveFile = new java.io.File(((pathPrefix + java.lang.Integer.toString(counter)) + .png)): null

2018-12-07 00:26:07 - [TEST_STEP][PASSED] - Statement - counter = counter + 1: null

2018-12-07 00:26:07 - [TEST_STEP][PASSED] - Statement - PreSaveFile = new java.io.File(((pathPrefix + java.lang.Integer.toString(counter)) + .png)): null

2018-12-07 00:26:07 - [TEST_STEP][PASSED] - Statement - counter = counter + 1: null

2018-12-07 00:26:07 - [TEST_STEP][PASSED] - Statement - PreSaveFile = new java.io.File(((pathPrefix + java.lang.Integer.toString(counter)) + .png)): null

2018-12-07 00:26:07 - [TEST_STEP][PASSED] - Statement - counter = counter + 1: null

2018-12-07 00:26:07 - [TEST_STEP][PASSED] - Statement - PreSaveFile = new java.io.File(((pathPrefix + java.lang.Integer.toString(counter)) + .png)): null

2018-12-07 00:26:07 - [TEST_STEP][PASSED] - Statement - counter = counter + 1: null

2018-12-07 00:26:07 - [TEST_STEP][PASSED] - Statement - PreSaveFile = new java.io.File(((pathPrefix + java.lang.Integer.toString(counter)) + .png)): null

2018-12-07 00:26:07 - [TEST_STEP][PASSED] - Statement - counter = counter + 1: null

2018-12-07 00:26:07 - [TEST_STEP][PASSED] - Statement - PreSaveFile = new java.io.File(((pathPrefix + java.lang.Integer.toString(counter)) + .png)): null

2018-12-07 00:26:07 - [TEST_STEP][PASSED] - Statement - counter = counter + 1: null

2018-12-07 00:26:07 - [TEST_STEP][PASSED] - Statement - PreSaveFile = new java.io.File(((pathPrefix + java.lang.Integer.toString(counter)) + .png)): null

2018-12-07 00:26:07 - [TEST_STEP][PASSED] - Statement - counter = counter + 1: null

2018-12-07 00:26:07 - [TEST_STEP][PASSED] - Statement - PreSaveFile = new java.io.File(((pathPrefix + java.lang.Integer.toString(counter)) + .png)): null

2018-12-07 00:26:07 - [TEST_STEP][PASSED] - Statement - counter = counter + 1: null

2018-12-07 00:26:07 - [TEST_STEP][PASSED] - Statement - PreSaveFile = new java.io.File(((pathPrefix + java.lang.Integer.toString(counter)) + .png)): null

2018-12-07 00:26:07 - [TEST_STEP][PASSED] - Statement - counter = counter + 1: null

2018-12-07 00:26:07 - [TEST_STEP][PASSED] - Statement - PreSaveFile = new java.io.File(((pathPrefix + java.lang.Integer.toString(counter)) + .png)): null

2018-12-07 00:26:07 - [TEST_STEP][PASSED] - Statement - counter = counter + 1: null

2018-12-07 00:26:07 - [TEST_STEP][PASSED] - Statement - PreSaveFile = new java.io.File(((pathPrefix + java.lang.Integer.toString(counter)) + .png)): null

2018-12-07 00:26:07 - [TEST_STEP][PASSED] - Statement - counter = counter + 1: null

2018-12-07 00:26:07 - [TEST_STEP][PASSED] - Statement - PreSaveFile = new java.io.File(((pathPrefix + java.lang.Integer.toString(counter)) + .png)): null

2018-12-07 00:26:07 - [TEST_STEP][PASSED] - Statement - counter = counter + 1: null

2018-12-07 00:26:07 - [TEST_STEP][PASSED] - Statement - PreSaveFile = new java.io.File(((pathPrefix + java.lang.Integer.toString(counter)) + .png)): null

2018-12-07 00:26:07 - [TEST_STEP][PASSED] - Statement - counter = counter + 1: null

2018-12-07 00:26:07 - [TEST_STEP][PASSED] - Statement - PreSaveFile = new java.io.File(((pathPrefix + java.lang.Integer.toString(counter)) + .png)): null

2018-12-07 00:26:07 - [TEST_STEP][PASSED] - Statement - counter = counter + 1: null

2018-12-07 00:26:07 - [TEST_STEP][PASSED] - Statement - PreSaveFile = new java.io.File(((pathPrefix + java.lang.Integer.toString(counter)) + .png)): null

2018-12-07 00:26:07 - [TEST_STEP][PASSED] - Statement - counter = counter + 1: null

2018-12-07 00:26:07 - [TEST_STEP][PASSED] - Statement - PreSaveFile = new java.io.File(((pathPrefix + java.lang.Integer.toString(counter)) + .png)): null

2018-12-07 00:26:07 - [TEST_STEP][PASSED] - Statement - counter = counter + 1: null

2018-12-07 00:26:07 - [TEST_STEP][PASSED] - Statement - PreSaveFile = new java.io.File(((pathPrefix + java.lang.Integer.toString(counter)) + .png)): null

2018-12-07 00:26:07 - [TEST_STEP][PASSED] - Statement - counter = counter + 1: null

2018-12-07 00:26:07 - [TEST_STEP][PASSED] - Statement - PreSaveFile = new java.io.File(((pathPrefix + java.lang.Integer.toString(counter)) + .png)): null

2018-12-07 00:26:07 - [TEST_STEP][PASSED] - Statement - counter = counter + 1: null

2018-12-07 00:26:07 - [TEST_STEP][PASSED] - Statement - PreSaveFile = new java.io.File(((pathPrefix + java.lang.Integer.toString(counter)) + .png)): null

2018-12-07 00:26:07 - [TEST_STEP][PASSED] - Statement - counter = counter + 1: null

2018-12-07 00:26:07 - [TEST_STEP][PASSED] - Statement - PreSaveFile = new java.io.File(((pathPrefix + java.lang.Integer.toString(counter)) + .png)): null

2018-12-07 00:26:07 - [TEST_STEP][PASSED] - Statement - counter = counter + 1: null

2018-12-07 00:26:07 - [TEST_STEP][PASSED] - Statement - PreSaveFile = new java.io.File(((pathPrefix + java.lang.Integer.toString(counter)) + .png)): null

2018-12-07 00:26:07 - [TEST_STEP][PASSED] - Statement - counter = counter + 1: null

2018-12-07 00:26:07 - [TEST_STEP][PASSED] - Statement - PreSaveFile = new java.io.File(((pathPrefix + java.lang.Integer.toString(counter)) + .png)): null

2018-12-07 00:26:07 - [TEST_STEP][PASSED] - Statement - counter = counter + 1: null

2018-12-07 00:26:07 - [TEST_STEP][PASSED] - Statement - PreSaveFile = new java.io.File(((pathPrefix + java.lang.Integer.toString(counter)) + .png)): null

2018-12-07 00:26:07 - [TEST_STEP][PASSED] - Statement - counter = counter + 1: null

2018-12-07 00:26:07 - [TEST_STEP][PASSED] - Statement - PreSaveFile = new java.io.File(((pathPrefix + java.lang.Integer.toString(counter)) + .png)): null

2018-12-07 00:26:07 - [TEST_STEP][PASSED] - Statement - counter = counter + 1: null

2018-12-07 00:26:07 - [TEST_STEP][PASSED] - Statement - PreSaveFile = new java.io.File(((pathPrefix + java.lang.Integer.toString(counter)) + .png)): null

2018-12-07 00:26:07 - [TEST_STEP][PASSED] - Statement - counter = counter + 1: null

2018-12-07 00:26:07 - [TEST_STEP][PASSED] - Statement - PreSaveFile = new java.io.File(((pathPrefix + java.lang.Integer.toString(counter)) + .png)): null

2018-12-07 00:26:07 - [TEST_STEP][PASSED] - Statement - counter = counter + 1: null

2018-12-07 00:26:07 - [TEST_STEP][PASSED] - Statement - PreSaveFile = new java.io.File(((pathPrefix + java.lang.Integer.toString(counter)) + .png)): null

2018-12-07 00:26:07 - [TEST_STEP][PASSED] - Statement - counter = counter + 1: null

2018-12-07 00:26:07 - [TEST_STEP][PASSED] - Statement - PreSaveFile = new java.io.File(((pathPrefix + java.lang.Integer.toString(counter)) + .png)): null

2018-12-07 00:26:07 - [TEST_STEP][PASSED] - Statement - counter = counter + 1: null

2018-12-07 00:26:07 - [TEST_STEP][PASSED] - Statement - PreSaveFile = new java.io.File(((pathPrefix + java.lang.Integer.toString(counter)) + .png)): null

2018-12-07 00:26:07 - [TEST_STEP][PASSED] - Statement - counter = counter + 1: null

2018-12-07 00:26:07 - [TEST_STEP][PASSED] - Statement - PreSaveFile = new java.io.File(((pathPrefix + java.lang.Integer.toString(counter)) + .png)): null

2018-12-07 00:26:07 - [TEST_STEP][PASSED] - Statement - counter = counter + 1: null

2018-12-07 00:26:07 - [TEST_STEP][PASSED] - Statement - PreSaveFile = new java.io.File(((pathPrefix + java.lang.Integer.toString(counter)) + .png)): null

2018-12-07 00:26:07 - [TEST_STEP][PASSED] - Statement - counter = counter + 1: null

2018-12-07 00:26:07 - [TEST_STEP][PASSED] - Statement - PreSaveFile = new java.io.File(((pathPrefix + java.lang.Integer.toString(counter)) + .png)): null

2018-12-07 00:26:07 - [TEST_STEP][PASSED] - Statement - counter = counter + 1: null

2018-12-07 00:26:07 - [TEST_STEP][PASSED] - Statement - PreSaveFile = new java.io.File(((pathPrefix + java.lang.Integer.toString(counter)) + .png)): null

2018-12-07 00:26:07 - [TEST_STEP][PASSED] - Statement - counter = counter + 1: null

2018-12-07 00:26:07 - [TEST_STEP][PASSED] - Statement - PreSaveFile = new java.io.File(((pathPrefix + java.lang.Integer.toString(counter)) + .png)): null

2018-12-07 00:26:07 - [TEST_STEP][PASSED] - Statement - counter = counter + 1: null

2018-12-07 00:26:07 - [TEST_STEP][PASSED] - Statement - PreSaveFile = new java.io.File(((pathPrefix + java.lang.Integer.toString(counter)) + .png)): null

2018-12-07 00:26:07 - [TEST_STEP][PASSED] - Statement - counter = counter + 1: null

2018-12-07 00:26:07 - [TEST_STEP][PASSED] - Statement - PreSaveFile = new java.io.File(((pathPrefix + java.lang.Integer.toString(counter)) + .png)): null

2018-12-07 00:26:07 - [TEST_STEP][PASSED] - Statement - counter = counter + 1: null

2018-12-07 00:26:07 - [TEST_STEP][PASSED] - Statement - PreSaveFile = new java.io.File(((pathPrefix + java.lang.Integer.toString(counter)) + .png)): null

2018-12-07 00:26:07 - [TEST_STEP][PASSED] - Statement - counter = counter + 1: null

2018-12-07 00:26:07 - [TEST_STEP][PASSED] - Statement - PreSaveFile = new java.io.File(((pathPrefix + java.lang.Integer.toString(counter)) + .png)): null

2018-12-07 00:26:07 - [TEST_STEP][PASSED] - Statement - counter = counter + 1: null

2018-12-07 00:26:07 - [TEST_STEP][PASSED] - Statement - PreSaveFile = new java.io.File(((pathPrefix + java.lang.Integer.toString(counter)) + .png)): null

2018-12-07 00:26:07 - [TEST_STEP][PASSED] - Statement - counter = counter + 1: null

2018-12-07 00:26:07 - [TEST_STEP][PASSED] - Statement - PreSaveFile = new java.io.File(((pathPrefix + java.lang.Integer.toString(counter)) + .png)): null

2018-12-07 00:26:07 - [TEST_STEP][PASSED] - Statement - counter = counter + 1: null

2018-12-07 00:26:07 - [TEST_STEP][PASSED] - Statement - PreSaveFile = new java.io.File(((pathPrefix + java.lang.Integer.toString(counter)) + .png)): null

2018-12-07 00:26:07 - [TEST_STEP][PASSED] - Statement - counter = counter + 1: null

2018-12-07 00:26:07 - [TEST_STEP][PASSED] - Statement - PreSaveFile = new java.io.File(((pathPrefix + java.lang.Integer.toString(counter)) + .png)): null

2018-12-07 00:26:07 - [TEST_STEP][PASSED] - Statement - counter = counter + 1: null

2018-12-07 00:26:07 - [TEST_STEP][PASSED] - Statement - PreSaveFile = new java.io.File(((pathPrefix + java.lang.Integer.toString(counter)) + .png)): null

2018-12-07 00:26:07 - [TEST_STEP][PASSED] - Statement - counter = counter + 1: null

2018-12-07 00:26:07 - [TEST_STEP][PASSED] - Statement - PreSaveFile = new java.io.File(((pathPrefix + java.lang.Integer.toString(counter)) + .png)): null

2018-12-07 00:26:07 - [TEST_STEP][PASSED] - Statement - counter = counter + 1: null

2018-12-07 00:26:07 - [TEST_STEP][PASSED] - Statement - PreSaveFile = new java.io.File(((pathPrefix + java.lang.Integer.toString(counter)) + .png)): null

2018-12-07 00:26:07 - [TEST_STEP][PASSED] - Statement - counter = counter + 1: null

2018-12-07 00:26:07 - [TEST_STEP][PASSED] - Statement - PreSaveFile = new java.io.File(((pathPrefix + java.lang.Integer.toString(counter)) + .png)): null

2018-12-07 00:26:07 - [TEST_STEP][PASSED] - Statement - counter = counter + 1: null

2018-12-07 00:26:07 - [TEST_STEP][PASSED] - Statement - PreSaveFile = new java.io.File(((pathPrefix + java.lang.Integer.toString(counter)) + .png)): null

2018-12-07 00:26:07 - [TEST_STEP][PASSED] - Statement - counter = counter + 1: null

2018-12-07 00:26:07 - [TEST_STEP][PASSED] - Statement - PreSaveFile = new java.io.File(((pathPrefix + java.lang.Integer.toString(counter)) + .png)): null

2018-12-07 00:26:07 - [TEST_STEP][PASSED] - Statement - counter = counter + 1: null

2018-12-07 00:26:07 - [TEST_STEP][PASSED] - Statement - PreSaveFile = new java.io.File(((pathPrefix + java.lang.Integer.toString(counter)) + .png)): null

2018-12-07 00:26:07 - [TEST_STEP][PASSED] - Statement - counter = counter + 1: null

2018-12-07 00:26:07 - [TEST_STEP][PASSED] - Statement - PreSaveFile = new java.io.File(((pathPrefix + java.lang.Integer.toString(counter)) + .png)): null

2018-12-07 00:26:07 - [TEST_STEP][PASSED] - Statement - counter = counter + 1: null

2018-12-07 00:26:07 - [TEST_STEP][PASSED] - Statement - PreSaveFile = new java.io.File(((pathPrefix + java.lang.Integer.toString(counter)) + .png)): null

2018-12-07 00:26:07 - [TEST_STEP][PASSED] - Statement - counter = counter + 1: null

2018-12-07 00:26:07 - [TEST_STEP][PASSED] - Statement - PreSaveFile = new java.io.File(((pathPrefix + java.lang.Integer.toString(counter)) + .png)): null

2018-12-07 00:26:07 - [TEST_STEP][PASSED] - Statement - counter = counter + 1: null

2018-12-07 00:26:07 - [TEST_STEP][PASSED] - Statement - PreSaveFile = new java.io.File(((pathPrefix + java.lang.Integer.toString(counter)) + .png)): null

2018-12-07 00:26:07 - [TEST_STEP][PASSED] - Statement - counter = counter + 1: null

2018-12-07 00:26:07 - [TEST_STEP][PASSED] - Statement - PreSaveFile = new java.io.File(((pathPrefix + java.lang.Integer.toString(counter)) + .png)): null

2018-12-07 00:26:07 - [TEST_STEP][PASSED] - Statement - counter = counter + 1: null

2018-12-07 00:26:07 - [TEST_STEP][PASSED] - Statement - PreSaveFile = new java.io.File(((pathPrefix + java.lang.Integer.toString(counter)) + .png)): null

2018-12-07 00:26:07 - [TEST_STEP][PASSED] - Statement - counter = counter + 1: null

2018-12-07 00:26:07 - [TEST_STEP][PASSED] - Statement - PreSaveFile = new java.io.File(((pathPrefix + java.lang.Integer.toString(counter)) + .png)): null

2018-12-07 00:26:07 - [TEST_STEP][PASSED] - Statement - counter = counter + 1: null

2018-12-07 00:26:07 - [TEST_STEP][PASSED] - Statement - PreSaveFile = new java.io.File(((pathPrefix + java.lang.Integer.toString(counter)) + .png)): null

2018-12-07 00:26:07 - [TEST_STEP][PASSED] - Statement - counter = counter + 1: null

2018-12-07 00:26:07 - [TEST_STEP][PASSED] - Statement - PreSaveFile = new java.io.File(((pathPrefix + java.lang.Integer.toString(counter)) + .png)): null

2018-12-07 00:26:07 - [TEST_STEP][PASSED] - Statement - counter = counter + 1: null

2018-12-07 00:26:07 - [TEST_STEP][PASSED] - Statement - PreSaveFile = new java.io.File(((pathPrefix + java.lang.Integer.toString(counter)) + .png)): null

2018-12-07 00:26:07 - [TEST_STEP][PASSED] - Statement - counter = counter + 1: null

2018-12-07 00:26:07 - [TEST_STEP][PASSED] - Statement - PreSaveFile = new java.io.File(((pathPrefix + java.lang.Integer.toString(counter)) + .png)): null

2018-12-07 00:26:07 - [TEST_STEP][PASSED] - Statement - finalPath = pathPrefix + java.lang.Integer.toString(counter) + ".png": null

2018-12-07 00:26:07 - [TEST_STEP][PASSED] - Statement - SaveFile = new java.io.File(finalPath): null

2018-12-07 00:26:07 - [TEST_STEP][PASSED] - Statement - Try: null

2018-12-07 00:26:07 - [TEST_STEP][PASSED] - Statement - org.apache.commons.io.FileUtils.copyFile(scrFile, SaveFile): null

2018-12-07 00:26:07 - [TEST_STEP][PASSED] - Statement - out.println("file kept"): null

2018-12-07 00:26:07 - [TEST_STEP][PASSED] - delay: Delayed 10 second(s)

2018-12-07 00:26:17 - [MESSAGE][PASSED] - Delayed 10 second(s)

2018-12-07 00:26:17 - [MESSAGE][PASSED] - Call Test Case 'Test Cases/Final Aug 2018 - PKS Automation/Registration Module/New Registration/Submit and Screenshot/Submit Registration and Screenshot - Copy' successfully

2018-12-07 00:26:17 - [TEST_STEP][PASSED] - Statement - UpdateAddNewECode = com.kms.katalon.core.webui.keyword.WebUiBuiltInKeywords.getText(com.kms.katalon.core.testobject.ObjectRepository.findTestObject(Object Repository/Final Object Repo/Page_Update Add New Employee - ASSIST/getEmpCode)): Text of object 'Object Repository/Final Object Repo/Page_Update Add New Employee - ASSIST/getEmpCode' is: 'E1102070655W'

2018-12-07 00:26:17 - [MESSAGE][PASSED] - Text of object 'Object Repository/Final Object Repo/Page_Update Add New Employee - ASSIST/getEmpCode' is: 'E1102070655W'

2018-12-07 00:26:17 - [TEST_STEP][PASSED] - callTestCase: Call Test Case 'Test Cases/Final Aug 2018 - PKS Automation/Common/Emp Code Setter' successfully

2018-12-07 00:26:17 - [TEST_CASE][PASSED] - Test Cases/Final Aug 2018 - PKS Automation/Common/Emp Code Setter: Test Cases/Final Aug 2018 - PKS Automation/Common/Emp Code Setter

2018-12-07 00:26:17 - [TEST_STEP][PASSED] - Statement - EmpCodeOld = new java.io.File(C://Users//Admin//Desktop//PKS//Automation Reference Point//EmpCode.txt): null

2018-12-07 00:26:17 - [TEST_STEP][PASSED] - Statement - EmpCodeOld.delete(): null

2018-12-07 00:26:17 - [TEST_STEP][PASSED] - Statement - EmpCode = new java.io.File(C://Users//Admin//Desktop//PKS//Automation Reference Point//EmpCode.txt): null

2018-12-07 00:26:17 - [TEST_STEP][PASSED] - Statement - f2 = new java.io.FileWriter(EmpCode, false): null

2018-12-07 00:26:17 - [TEST_STEP][PASSED] - Statement - f2.write(UpdateAddNewECode): null

2018-12-07 00:26:17 - [TEST_STEP][PASSED] - Statement - f2.close(): null

2018-12-07 00:26:17 - [TEST_STEP][PASSED] - Statement - out.println("


" + UpdateAddNewECode + "


"): null

2018-12-07 00:26:17 - [MESSAGE][PASSED] - Call Test Case 'Test Cases/Final Aug 2018 - PKS Automation/Common/Emp Code Setter' successfully

2018-12-07 00:26:17 - [MESSAGE][PASSED] - Call Test Case 'Test Cases/Final Aug 2018 - PKS Automation/Registration Module/Workflow/Update Add New Employee/Template/New Company for Update Add New' successfully

2018-12-07 00:26:17 - [TEST_STEP][PASSED] - callTestCase: Call Test Case 'Test Cases/Final Aug 2018 - PKS Automation/Registration Module/Log Out/log out avoiding katalon tagging' successfully

2018-12-07 00:26:17 - [TEST_CASE][PASSED] - Test Cases/Final Aug 2018 - PKS Automation/Registration Module/Log Out/log out avoiding katalon tagging: Test Cases/Final Aug 2018 - PKS Automation/Registration Module/Log Out/log out avoiding katalon tagging

2018-12-07 00:26:17 - [TEST_STEP][PASSED] - navigateToUrl: Navigate to 'https://assist2-uat.perkeso.gov.my/c/portal/logout' successfully

2018-12-07 00:26:18 - [MESSAGE][PASSED] - Navigate to 'https://assist2-uat.perkeso.gov.my/c/portal/logout' successfully

2018-12-07 00:26:18 - [MESSAGE][PASSED] - Call Test Case 'Test Cases/Final Aug 2018 - PKS Automation/Registration Module/Log Out/log out avoiding katalon tagging' successfully

2018-12-07 00:26:18 - [TEST_STEP][PASSED] - callTestCase: Call Test Case 'Test Cases/Final Aug 2018 - PKS Automation/Registration Module/New Registration/Form 2/Date Updater' successfully

2018-12-07 00:26:18 - [TEST_CASE][PASSED] - Test Cases/Final Aug 2018 - PKS Automation/Registration Module/New Registration/Form 2/Date Updater: Test Cases/Final Aug 2018 - PKS Automation/Registration Module/New Registration/Form 2/Date Updater

2018-12-07 00:26:18 - [TEST_STEP][PASSED] - Statement - TodayDate = new java.util.Date(): null

2018-12-07 00:26:18 - [TEST_STEP][PASSED] - Statement - CurrentDateNoFilter = new java.text.SimpleDateFormat(): null

2018-12-07 00:26:18 - [TEST_STEP][PASSED] - Statement - CurrentDateNoFilter.applyPattern("MM"): null

2018-12-07 00:26:18 - [TEST_STEP][PASSED] - Statement - monthContainerMatcher = java.lang.Integer.parseInt(CurrentDateNoFilter.format(TodayDate)): null

2018-12-07 00:26:18 - [TEST_STEP][PASSED] - Statement - monthContainerMatcher = monthContainerMatcher - 1: null

2018-12-07 00:26:18 - [TEST_STEP][PASSED] - Statement - CurrentMonth = monthContainerMatcher.toString(): null

2018-12-07 00:26:18 - [TEST_STEP][PASSED] - Statement - CurrentMonth = CurrentMonth: null

2018-12-07 00:26:18 - [TEST_STEP][PASSED] - Statement - CurrentDateNoFilter.applyPattern("yyyy"): null

2018-12-07 00:26:18 - [TEST_STEP][PASSED] - Statement - CurrentYear = CurrentDateNoFilter.format(TodayDate): null

2018-12-07 00:26:18 - [TEST_STEP][PASSED] - Statement - CurrentYear = CurrentYear: null

2018-12-07 00:26:18 - [TEST_STEP][PASSED] - Statement - intCurrentYear = java.lang.Integer.parseInt(CurrentDateNoFilter.format(TodayDate)): null

2018-12-07 00:26:18 - [TEST_STEP][PASSED] - Statement - eighteenYrsAgo = intCurrentYear - 18: null

2018-12-07 00:26:18 - [TEST_STEP][PASSED] - Statement - eighteenYrsBeforeThisYr = eighteenYrsAgo.toString(): null

2018-12-07 00:26:18 - [TEST_STEP][PASSED] - Statement - EighteenYrsBefore = eighteenYrsBeforeThisYr: null

2018-12-07 00:26:18 - [TEST_STEP][PASSED] - Statement - fiftysevenYrsAgo = intCurrentYear - 57: null

2018-12-07 00:26:18 - [TEST_STEP][PASSED] - Statement - fiftysevenYrsBeforeThisYr = fiftysevenYrsAgo.toString(): null

2018-12-07 00:26:18 - [TEST_STEP][PASSED] - Statement - FiftysevenYrsBefore = fiftysevenYrsBeforeThisYr: null

2018-12-07 00:26:18 - [TEST_STEP][PASSED] - Statement - leapYear = false: null

2018-12-07 00:26:18 - [TEST_STEP][PASSED] - Statement - leapYear = intCurrentYear % 4 == 0: null

2018-12-07 00:26:18 - [TEST_STEP][PASSED] - Statement - CurrentDateNoFilter.applyPattern("dd"): null

2018-12-07 00:26:18 - [TEST_STEP][PASSED] - Statement - CurrentDate = CurrentDateNoFilter.format(TodayDate): null

2018-12-07 00:26:18 - [TEST_STEP][PASSED] - Statement - CurrentDate = java.lang.Integer.parseInt(CurrentDate): null

2018-12-07 00:26:18 - [TEST_STEP][PASSED] - Statement - CurrentDate = CurrentDate: null

2018-12-07 00:26:18 - [TEST_STEP][PASSED] - Statement - CurrentDay = java.lang.Integer.parseInt(CurrentDate): null

2018-12-07 00:26:18 - [TEST_STEP][PASSED] - Statement - ConfAdder = <not implemented yet for class: org.codehaus.groovy.ast.expr.EmptyExpression>: null

2018-12-07 00:26:18 - [TEST_STEP][PASSED] - Statement - out.println(CurrentMonth): null

2018-12-07 00:26:18 - [TEST_STEP][PASSED] - Statement - out.println(CurrentDate): null

2018-12-07 00:26:18 - [TEST_STEP][PASSED] - Statement - switch (CurrentDate): null

2018-12-07 00:26:18 - [TEST_STEP][PASSED] - Statement - Default: null

2018-12-07 00:26:18 - [TEST_STEP][PASSED] - Statement - ConfAdder = true: null

2018-12-07 00:26:18 - [TEST_STEP][PASSED] - Statement - Break: null

2018-12-07 00:26:18 - [TEST_STEP][PASSED] - Statement - aDayBefore = <not implemented yet for class: org.codehaus.groovy.ast.expr.EmptyExpression>: null

2018-12-07 00:26:18 - [TEST_STEP][PASSED] - Statement - out.println(ConfAdder): null

2018-12-07 00:26:18 - [TEST_STEP][PASSED] - Statement - If (ConfAdder == true): null

2018-12-07 00:26:18 - [TEST_STEP][PASSED] - Statement - aDayBefore = CurrentDay + 1: null

2018-12-07 00:26:18 - [TEST_STEP][PASSED] - Statement - out.println(aDayBefore): null

2018-12-07 00:26:18 - [TEST_STEP][PASSED] - Statement - If (aDayBefore == 1 && CurrentMonth == 11): null

2018-12-07 00:26:18 - [TEST_STEP][PASSED] - Statement - DayBefore = aDayBefore.toString(): null

2018-12-07 00:26:18 - [TEST_STEP][PASSED] - Statement - OneDayBefore = DayBefore: null

2018-12-07 00:26:18 - [MESSAGE][PASSED] - Call Test Case 'Test Cases/Final Aug 2018 - PKS Automation/Registration Module/New Registration/Form 2/Date Updater' successfully

2018-12-07 00:26:18 - [TEST_STEP][PASSED] - delay: Delayed 2 second(s)

2018-12-07 00:26:20 - [MESSAGE][PASSED] - Delayed 2 second(s)

2018-12-07 00:26:20 - [TEST_STEP][PASSED] - setText: Text 'klotc2@gmail.com' is set on object 'Object Repository/Final Object Repo/Page_Update Add New Employee - ASSIST/Email TextBox'

2018-12-07 00:26:21 - [MESSAGE][PASSED] - Text 'klotc2@gmail.com' is set on object 'Object Repository/Final Object Repo/Page_Update Add New Employee - ASSIST/Email TextBox'

2018-12-07 00:26:21 - [TEST_STEP][PASSED] - click: Object: 'Object Repository/Final Object Repo/Page_Update Add New Employee - ASSIST/Next Button' is clicked on

2018-12-07 00:26:21 - [MESSAGE][PASSED] - Object: 'Object Repository/Final Object Repo/Page_Update Add New Employee - ASSIST/Next Button' is clicked on

2018-12-07 00:26:21 - [TEST_STEP][PASSED] - delay: Delayed 2 second(s)

2018-12-07 00:26:23 - [MESSAGE][PASSED] - Delayed 2 second(s)

2018-12-07 00:26:23 - [TEST_STEP][PASSED] - setText: Text 'Test1@3456789' is set on object 'Object Repository/Final Object Repo/Page_Update Add New Employee - ASSIST/Password TextBox'

2018-12-07 00:26:23 - [MESSAGE][PASSED] - Text 'Test1@3456789' is set on object 'Object Repository/Final Object Repo/Page_Update Add New Employee - ASSIST/Password TextBox'

2018-12-07 00:26:23 - [TEST_STEP][PASSED] - delay: Delayed 2 second(s)

2018-12-07 00:26:25 - [MESSAGE][PASSED] - Delayed 2 second(s)

2018-12-07 00:26:25 - [TEST_STEP][PASSED] - click: Object: 'Object Repository/Final Object Repo/Page_Update Add New Employee - ASSIST/Login Button' is clicked on

2018-12-07 00:26:25 - [MESSAGE][PASSED] - Object: 'Object Repository/Final Object Repo/Page_Update Add New Employee - ASSIST/Login Button' is clicked on

2018-12-07 00:26:25 - [TEST_STEP][PASSED] - delay: Delayed 4 second(s)

2018-12-07 00:26:29 - [MESSAGE][PASSED] - Delayed 4 second(s)

2018-12-07 00:26:29 - [TEST_STEP][PASSED] - Statement - Try: Delayed 2 second(s)

2018-12-07 00:26:29 - [TEST_STEP][PASSED] - Statement - Checker = false: null

2018-12-07 00:26:29 - [TEST_STEP][PASSED] - Statement - Checker = com.kms.katalon.core.webui.keyword.WebUiBuiltInKeywords.verifyElementHasAttribute(com.kms.katalon.core.testobject.ObjectRepository.findTestObject(Final Object Repo/Landing Page/BM Detecting), "href", 20, OPTIONAL): Object 'Object Repository/Final Object Repo/Landing Page/BM Detecting' has attribute 'href'

2018-12-07 00:26:29 - [MESSAGE][PASSED] - Object 'Object Repository/Final Object Repo/Landing Page/BM Detecting' has attribute 'href'

2018-12-07 00:26:29 - [TEST_STEP][PASSED] - Statement - out.println(Checker): null

2018-12-07 00:26:29 - [TEST_STEP][PASSED] - Statement - If (Checker == false): null

2018-12-07 00:26:29 - [TEST_STEP][PASSED] - Statement - Else: null

2018-12-07 00:26:29 - [TEST_STEP][PASSED] - delay: Delayed 2 second(s)

2018-12-07 00:26:31 - [MESSAGE][PASSED] - Delayed 2 second(s)

2018-12-07 00:26:31 - [TEST_STEP][PASSED] - delay: Delayed 4 second(s)

2018-12-07 00:26:35 - [MESSAGE][PASSED] - Delayed 4 second(s)

2018-12-07 00:26:35 - [TEST_STEP][PASSED] - click: Object: 'Object Repository/Final Object Repo/Page_Update Add New Employee - ASSIST/My Sites Drop Down' is clicked on

2018-12-07 00:26:35 - [MESSAGE][PASSED] - Object: 'Object Repository/Final Object Repo/Page_Update Add New Employee - ASSIST/My Sites Drop Down' is clicked on

2018-12-07 00:26:35 - [TEST_STEP][PASSED] - click: Object: 'Object Repository/Final Object Repo/Page_Update Add New Employee - ASSIST/Select to Registration Module' is clicked on

2018-12-07 00:26:36 - [MESSAGE][PASSED] - Object: 'Object Repository/Final Object Repo/Page_Update Add New Employee - ASSIST/Select to Registration Module' is clicked on

2018-12-07 00:26:36 - [TEST_STEP][PASSED] - navigateToUrl: Navigate to 'https://assist2-uat.perkeso.gov.my/web/registration/myassist' successfully

2018-12-07 00:26:37 - [MESSAGE][PASSED] - Navigate to 'https://assist2-uat.perkeso.gov.my/web/registration/myassist' successfully

2018-12-07 00:26:37 - [TEST_STEP][PASSED] - mouseOver: Object: 'Object Repository/Final Object Repo/Page_Update Add New Employee - ASSIST/Select to Update Akta 4 Tab' is hovered

2018-12-07 00:26:37 - [MESSAGE][PASSED] - Object: 'Object Repository/Final Object Repo/Page_Update Add New Employee - ASSIST/Select to Update Akta 4 Tab' is hovered

2018-12-07 00:26:37 - [TEST_STEP][PASSED] - delay: Delayed 2 second(s)

2018-12-07 00:26:39 - [MESSAGE][PASSED] - Delayed 2 second(s)

2018-12-07 00:26:39 - [TEST_STEP][PASSED] - click: Object: 'Object Repository/Final Object Repo/Page_Update Add New Employee - ASSIST/Select to Update Add New Employee' is clicked on

2018-12-07 00:26:40 - [MESSAGE][PASSED] - Object: 'Object Repository/Final Object Repo/Page_Update Add New Employee - ASSIST/Select to Update Add New Employee' is clicked on

2018-12-07 00:26:40 - [TEST_STEP][PASSED] - delay: Delayed 2 second(s)

2018-12-07 00:26:42 - [MESSAGE][PASSED] - Delayed 2 second(s)

2018-12-07 00:26:42 - [TEST_STEP][PASSED] - setText: Text 'E1102070655W' is set on object 'Object Repository/Final Object Repo/Page_Update Add New Employee - ASSIST/Employer Code input textbox'

2018-12-07 00:26:42 - [MESSAGE][PASSED] - Text 'E1102070655W' is set on object 'Object Repository/Final Object Repo/Page_Update Add New Employee - ASSIST/Employer Code input textbox'

2018-12-07 00:26:42 - [TEST_STEP][PASSED] - delay: Delayed 2 second(s)

2018-12-07 00:26:44 - [MESSAGE][PASSED] - Delayed 2 second(s)

2018-12-07 00:26:44 - [TEST_STEP][PASSED] - click: Object: 'Object Repository/Final Object Repo/Page_Update Add New Employee - ASSIST/Search Button for Employer Code' is clicked on

2018-12-07 00:26:44 - [MESSAGE][PASSED] - Object: 'Object Repository/Final Object Repo/Page_Update Add New Employee - ASSIST/Search Button for Employer Code' is clicked on

2018-12-07 00:26:44 - [TEST_STEP][PASSED] - delay: Delayed 4 second(s)

2018-12-07 00:26:48 - [MESSAGE][PASSED] - Delayed 4 second(s)

2018-12-07 00:26:48 - [TEST_STEP][PASSED] - click: Object: 'Object Repository/Final Object Repo/Page_Update Add New Employee - ASSIST/Click to Edit Case' is clicked on

2018-12-07 00:26:51 - [MESSAGE][PASSED] - Object: 'Object Repository/Final Object Repo/Page_Update Add New Employee - ASSIST/Click to Edit Case' is clicked on

2018-12-07 00:26:51 - [TEST_STEP][PASSED] - callTestCase: Call Test Case 'Test Cases/Final Aug 2018 - PKS Automation/Registration Module/Workflow/Update Add New Employee/Template/Employee Adding/Employee Set Decider' successfully

2018-12-07 00:26:51 - [TEST_CASE][PASSED] - Test Cases/Final Aug 2018 - PKS Automation/Registration Module/Workflow/Update Add New Employee/Template/Employee Adding/Employee Set Decider: Test Cases/Final Aug 2018 - PKS Automation/Registration Module/Workflow/Update Add New Employee/Template/Employee Adding/Employee Set Decider

2018-12-07 00:26:51 - [TEST_STEP][PASSED] - delay: Delayed 4 second(s)

2018-12-07 00:26:55 - [MESSAGE][PASSED] - Delayed 4 second(s)

2018-12-07 00:26:55 - [TEST_STEP][PASSED] - click: Object: 'Object Repository/Final Object Repo/Page_Update Add New Employee - ASSIST/Add Employee Button' is clicked on

2018-12-07 00:26:55 - [MESSAGE][PASSED] - Object: 'Object Repository/Final Object Repo/Page_Update Add New Employee - ASSIST/Add Employee Button' is clicked on

2018-12-07 00:26:55 - [TEST_STEP][PASSED] - delay: Delayed 3 second(s)

2018-12-07 00:26:58 - [MESSAGE][PASSED] - Delayed 3 second(s)

2018-12-07 00:26:58 - [TEST_STEP][PASSED] - setText: Text '010903091920' is set on object 'Object Repository/Final Object Repo/Page_Update Add New Employee - ASSIST/NRIC Input'

2018-12-07 00:26:58 - [MESSAGE][PASSED] - Text '010903091920' is set on object 'Object Repository/Final Object Repo/Page_Update Add New Employee - ASSIST/NRIC Input'

2018-12-07 00:26:58 - [TEST_STEP][PASSED] - click: Object: 'Object Repository/Final Object Repo/Page_Update Add New Employee - ASSIST/button for search for IC' is clicked on

2018-12-07 00:26:59 - [MESSAGE][PASSED] - Object: 'Object Repository/Final Object Repo/Page_Update Add New Employee - ASSIST/button for search for IC' is clicked on

2018-12-07 00:26:59 - [TEST_STEP][PASSED] - delay: Delayed 2 second(s)

2018-12-07 00:27:01 - [MESSAGE][PASSED] - Delayed 2 second(s)

2018-12-07 00:27:01 - [TEST_STEP][PASSED] - sendKeys: Keys 'CONTROL + a' sent to object: 'Object Repository/Final Object Repo/Page_Update Add New Employee - ASSIST/Employee Name Input'

2018-12-07 00:27:01 - [MESSAGE][PASSED] - Keys 'CONTROL + a' sent to object: 'Object Repository/Final Object Repo/Page_Update Add New Employee - ASSIST/Employee Name Input'

2018-12-07 00:27:01 - [TEST_STEP][PASSED] - sendKeys: Keys 'CONTROL + c' sent to object: 'Object Repository/Final Object Repo/Page_Update Add New Employee - ASSIST/Employee Name Input'

2018-12-07 00:27:01 - [MESSAGE][PASSED] - Keys 'CONTROL + c' sent to object: 'Object Repository/Final Object Repo/Page_Update Add New Employee - ASSIST/Employee Name Input'

2018-12-07 00:27:01 - [TEST_STEP][PASSED] - Statement - toolkit = java.awt.Toolkit.getDefaultToolkit(): null

2018-12-07 00:27:01 - [TEST_STEP][PASSED] - Statement - clipboard = toolkit.getSystemClipboard(): null

2018-12-07 00:27:01 - [TEST_STEP][PASSED] - Statement - CurrentName = clipboard.getData(stringFlavor): null

2018-12-07 00:27:01 - [TEST_STEP][PASSED] - Statement - out.println("String from Clipboard:" + CurrentName): null

2018-12-07 00:27:01 - [TEST_STEP][PASSED] - Statement - If (CurrentName == "AUTOMATE002 ELIGIBLE 1"): null

2018-12-07 00:27:01 - [TEST_STEP][PASSED] - Statement - Else If (CurrentName == "AUTOMATE003 ELIGIBLE 1"): Call Test Case 'Test Cases/Final Aug 2018 - PKS Automation/Registration Module/Workflow/Update Add New Employee/Template/Employee Adding/Employee Adding Action Repeat IC - set 2' successfully

2018-12-07 00:27:01 - [TEST_STEP][PASSED] - callTestCase: Call Test Case 'Test Cases/Final Aug 2018 - PKS Automation/Registration Module/Workflow/Update Add New Employee/Template/Employee Adding/Employee Adding Action Repeat IC - set 2' successfully

2018-12-07 00:27:01 - [TEST_CASE][PASSED] - Test Cases/Final Aug 2018 - PKS Automation/Registration Module/Workflow/Update Add New Employee/Template/Employee Adding/Employee Adding Action Repeat IC - set 2: Test Cases/Final Aug 2018 - PKS Automation/Registration Module/Workflow/Update Add New Employee/Template/Employee Adding/Employee Adding Action Repeat IC - set 2

2018-12-07 00:27:01 - [TEST_STEP][PASSED] - setText: Text 'Automate002 eligible 1' is set on object 'Object Repository/Final Object Repo/Page_Update Add New Employee - ASSIST/Employee Name Input'

2018-12-07 00:27:01 - [MESSAGE][PASSED] - Text 'Automate002 eligible 1' is set on object 'Object Repository/Final Object Repo/Page_Update Add New Employee - ASSIST/Employee Name Input'

2018-12-07 00:27:01 - [TEST_STEP][PASSED] - delay: Delayed 2 second(s)

2018-12-07 00:27:03 - [MESSAGE][PASSED] - Delayed 2 second(s)

2018-12-07 00:27:03 - [TEST_STEP][PASSED] - click: Object: 'Object Repository/Final Object Repo/Page_Update Add New Employee - ASSIST/DatePicker Pop Up' is clicked on

2018-12-07 00:27:03 - [MESSAGE][PASSED] - Object: 'Object Repository/Final Object Repo/Page_Update Add New Employee - ASSIST/DatePicker Pop Up' is clicked on

2018-12-07 00:27:03 - [TEST_STEP][PASSED] - click: Object: 'Object Repository/Final Object Repo/Page_Update Add New Employee - ASSIST/DOB Month' is clicked on

2018-12-07 00:27:04 - [MESSAGE][PASSED] - Object: 'Object Repository/Final Object Repo/Page_Update Add New Employee - ASSIST/DOB Month' is clicked on

2018-12-07 00:27:04 - [TEST_STEP][PASSED] - Statement - CurrentMonth = CurrentMonth: null

2018-12-07 00:27:04 - [TEST_STEP][PASSED] - Statement - selectMonth = new com.kms.katalon.core.testobject.TestObject(): null

2018-12-07 00:27:04 - [TEST_STEP][PASSED] - Statement - selectMonth.addProperty("xpath", EQUALS, "//body/div/div/div/select/option[@value='" + CurrentMonth + "']", true): null

2018-12-07 00:27:04 - [TEST_STEP][PASSED] - click: Object: '' is clicked on

2018-12-07 00:27:04 - [MESSAGE][PASSED] - Object: '' is clicked on

2018-12-07 00:27:04 - [TEST_STEP][PASSED] - click: Object: 'Object Repository/Final Object Repo/Page_Update Add New Employee - ASSIST/DOB Year' is clicked on

2018-12-07 00:27:04 - [MESSAGE][PASSED] - Object: 'Object Repository/Final Object Repo/Page_Update Add New Employee - ASSIST/DOB Year' is clicked on

2018-12-07 00:27:04 - [TEST_STEP][PASSED] - Statement - Eyearsbf = EighteenYrsBefore: null

2018-12-07 00:27:04 - [TEST_STEP][PASSED] - Statement - selectYear = new com.kms.katalon.core.testobject.TestObject(): null

2018-12-07 00:27:04 - [TEST_STEP][PASSED] - Statement - selectYear.addProperty("xpath", EQUALS, "//div/div/div/select/option[@value='" + Eyearsbf + "']", true): null

2018-12-07 00:27:04 - [TEST_STEP][PASSED] - click: Object: '' is clicked on

2018-12-07 00:27:04 - [MESSAGE][PASSED] - Object: '' is clicked on

2018-12-07 00:27:04 - [TEST_STEP][PASSED] - Statement - UpdatedSelectDate = com.kms.katalon.core.webui.keyword.WebUiBuiltInKeywords.modifyObjectProperty(com.kms.katalon.core.testobject.ObjectRepository.findTestObject(Final Object Repo/Page_Update Add New Employee - ASSIST/DOB Date), "xpath", "equals", "//body/div/table/tbody/tr/td/a[text()="" + CurrentDate + ""]", true): Modify property of object successfully

2018-12-07 00:27:04 - [MESSAGE][PASSED] - Modify property of object successfully

2018-12-07 00:27:04 - [TEST_STEP][PASSED] - delay: Delayed 3 second(s)

2018-12-07 00:27:07 - [MESSAGE][PASSED] - Delayed 3 second(s)

2018-12-07 00:27:07 - [TEST_STEP][PASSED] - click: Object: 'Object Repository/Final Object Repo/Page_Update Add New Employee - ASSIST/DOB Date' is clicked on

2018-12-07 00:27:07 - [MESSAGE][PASSED] - Object: 'Object Repository/Final Object Repo/Page_Update Add New Employee - ASSIST/DOB Date' is clicked on

2018-12-07 00:27:07 - [TEST_STEP][PASSED] - delay: Delayed 2 second(s)

2018-12-07 00:27:09 - [MESSAGE][PASSED] - Delayed 2 second(s)

2018-12-07 00:27:09 - [TEST_STEP][PASSED] - click: Object: 'Object Repository/Final Object Repo/Page_Update Add New Employee - ASSIST/EmploymentStartDate Pop Up' is clicked on

2018-12-07 00:27:09 - [MESSAGE][PASSED] - Object: 'Object Repository/Final Object Repo/Page_Update Add New Employee - ASSIST/EmploymentStartDate Pop Up' is clicked on

2018-12-07 00:27:09 - [TEST_STEP][PASSED] - delay: Delayed 2 second(s)

2018-12-07 00:27:11 - [MESSAGE][PASSED] - Delayed 2 second(s)

2018-12-07 00:27:11 - [TEST_STEP][PASSED] - click: Object: 'Object Repository/Final Object Repo/Page_Update Add New Employee - ASSIST/Socso Employment StartDate Month' is clicked on

2018-12-07 00:27:12 - [MESSAGE][PASSED] - Object: 'Object Repository/Final Object Repo/Page_Update Add New Employee - ASSIST/Socso Employment StartDate Month' is clicked on

2018-12-07 00:27:12 - [TEST_STEP][PASSED] - delay: Delayed 1 second(s)

2018-12-07 00:27:13 - [MESSAGE][PASSED] - Delayed 1 second(s)

2018-12-07 00:27:13 - [TEST_STEP][PASSED] - click: Object: 'Object Repository/Final Object Repo/Page_Update Add New Employee - ASSIST/Select Socso Employement Startdate Month' is clicked on

2018-12-07 00:27:13 - [MESSAGE][PASSED] - Object: 'Object Repository/Final Object Repo/Page_Update Add New Employee - ASSIST/Select Socso Employement Startdate Month' is clicked on

2018-12-07 00:27:13 - [TEST_STEP][PASSED] - delay: Delayed 2 second(s)

2018-12-07 00:27:15 - [MESSAGE][PASSED] - Delayed 2 second(s)

2018-12-07 00:27:15 - [TEST_STEP][PASSED] - click: Object: 'Object Repository/Final Object Repo/Page_Update Add New Employee - ASSIST/Socso Employment StartDate Year' is clicked on

2018-12-07 00:27:15 - [MESSAGE][PASSED] - Object: 'Object Repository/Final Object Repo/Page_Update Add New Employee - ASSIST/Socso Employment StartDate Year' is clicked on

2018-12-07 00:27:15 - [TEST_STEP][PASSED] - delay: Delayed 1 second(s)

2018-12-07 00:27:16 - [MESSAGE][PASSED] - Delayed 1 second(s)

2018-12-07 00:27:16 - [TEST_STEP][PASSED] - click: Object: 'Object Repository/Final Object Repo/Page_Update Add New Employee - ASSIST/Select Socso Employment Startdate Year' is clicked on

2018-12-07 00:27:16 - [MESSAGE][PASSED] - Object: 'Object Repository/Final Object Repo/Page_Update Add New Employee - ASSIST/Select Socso Employment Startdate Year' is clicked on

2018-12-07 00:27:16 - [TEST_STEP][PASSED] - delay: Delayed 2 second(s)

2018-12-07 00:27:18 - [MESSAGE][PASSED] - Delayed 2 second(s)

2018-12-07 00:27:18 - [TEST_STEP][PASSED] - click: Object: 'Object Repository/Final Object Repo/Page_Update Add New Employee - ASSIST/Socso Employment Start Date Day' is clicked on

2018-12-07 00:27:18 - [MESSAGE][PASSED] - Object: 'Object Repository/Final Object Repo/Page_Update Add New Employee - ASSIST/Socso Employment Start Date Day' is clicked on

2018-12-07 00:27:18 - [TEST_STEP][PASSED] - delay: Delayed 2 second(s)

2018-12-07 00:27:20 - [MESSAGE][PASSED] - Delayed 2 second(s)

2018-12-07 00:27:20 - [TEST_STEP][PASSED] - click: Object: 'Object Repository/Final Object Repo/Page_Update Add New Employee - ASSIST/Save Button for Add Employee' is clicked on

2018-12-07 00:27:20 - [MESSAGE][PASSED] - Object: 'Object Repository/Final Object Repo/Page_Update Add New Employee - ASSIST/Save Button for Add Employee' is clicked on

2018-12-07 00:27:20 - [TEST_STEP][PASSED] - delay: Delayed 10 second(s)

2018-12-07 00:27:30 - [MESSAGE][PASSED] - Delayed 10 second(s)

2018-12-07 00:27:30 - [TEST_STEP][PASSED] - click: Object: 'Object Repository/Final Object Repo/Page_Update Add New Employee - ASSIST/Add Employee Button' is clicked on

2018-12-07 00:27:31 - [MESSAGE][PASSED] - Object: 'Object Repository/Final Object Repo/Page_Update Add New Employee - ASSIST/Add Employee Button' is clicked on

2018-12-07 00:27:31 - [TEST_STEP][PASSED] - delay: Delayed 6 second(s)

2018-12-07 00:27:37 - [MESSAGE][PASSED] - Delayed 6 second(s)

2018-12-07 00:27:37 - [TEST_STEP][PASSED] - setText: Text '620904059600' is set on object 'Object Repository/Final Object Repo/Page_Update Add New Employee - ASSIST/NRIC Input'

2018-12-07 00:27:37 - [MESSAGE][PASSED] - Text '620904059600' is set on object 'Object Repository/Final Object Repo/Page_Update Add New Employee - ASSIST/NRIC Input'

2018-12-07 00:27:37 - [TEST_STEP][PASSED] - click: Object: 'Object Repository/Final Object Repo/Page_Update Add New Employee - ASSIST/button for search for IC' is clicked on

2018-12-07 00:27:37 - [MESSAGE][PASSED] - Object: 'Object Repository/Final Object Repo/Page_Update Add New Employee - ASSIST/button for search for IC' is clicked on

2018-12-07 00:27:37 - [TEST_STEP][PASSED] - delay: Delayed 2 second(s)

2018-12-07 00:27:39 - [MESSAGE][PASSED] - Delayed 2 second(s)

2018-12-07 00:27:39 - [TEST_STEP][PASSED] - setText: Text 'Automate002 eligible 2' is set on object 'Object Repository/Final Object Repo/Page_Update Add New Employee - ASSIST/Employee Name Input'

2018-12-07 00:27:40 - [MESSAGE][PASSED] - Text 'Automate002 eligible 2' is set on object 'Object Repository/Final Object Repo/Page_Update Add New Employee - ASSIST/Employee Name Input'

2018-12-07 00:27:40 - [TEST_STEP][PASSED] - delay: Delayed 2 second(s)

2018-12-07 00:27:42 - [MESSAGE][PASSED] - Delayed 2 second(s)

2018-12-07 00:27:42 - [TEST_STEP][PASSED] - click: Object: 'Object Repository/Final Object Repo/Page_Update Add New Employee - ASSIST/DatePicker Pop Up' is clicked on

2018-12-07 00:27:42 - [MESSAGE][PASSED] - Object: 'Object Repository/Final Object Repo/Page_Update Add New Employee - ASSIST/DatePicker Pop Up' is clicked on

2018-12-07 00:27:42 - [TEST_STEP][PASSED] - delay: Delayed 2 second(s)

2018-12-07 00:27:44 - [MESSAGE][PASSED] - Delayed 2 second(s)

2018-12-07 00:27:44 - [TEST_STEP][PASSED] - click: Object: 'Object Repository/Final Object Repo/Page_Update Add New Employee - ASSIST/DOB Month' is clicked on

2018-12-07 00:27:44 - [MESSAGE][PASSED] - Object: 'Object Repository/Final Object Repo/Page_Update Add New Employee - ASSIST/DOB Month' is clicked on

2018-12-07 00:27:44 - [TEST_STEP][PASSED] - Statement - selectMonth = com.kms.katalon.core.webui.keyword.WebUiBuiltInKeywords.modifyObjectProperty(selectMonth, "xpath", "equals", "//body/div/div/div/select/option[@value="" + CurrentMonth + ""]", true): Modify property of object successfully

2018-12-07 00:27:44 - [MESSAGE][PASSED] - Modify property of object successfully

2018-12-07 00:27:44 - [TEST_STEP][PASSED] - click: Object: '' is clicked on

2018-12-07 00:27:44 - [MESSAGE][PASSED] - Object: '' is clicked on

2018-12-07 00:27:44 - [TEST_STEP][PASSED] - click: Object: 'Object Repository/Final Object Repo/Page_Update Add New Employee - ASSIST/DOB Year' is clicked on

2018-12-07 00:27:44 - [MESSAGE][PASSED] - Object: 'Object Repository/Final Object Repo/Page_Update Add New Employee - ASSIST/DOB Year' is clicked on

2018-12-07 00:27:44 - [TEST_STEP][PASSED] - Statement - selectYear = com.kms.katalon.core.webui.keyword.WebUiBuiltInKeywords.modifyObjectProperty(selectYear, "xpath", "equals", "//div/div/div/select/option[@value="" + FiftysevenYrsBefore + ""]", true): Modify property of object successfully

2018-12-07 00:27:44 - [MESSAGE][PASSED] - Modify property of object successfully

2018-12-07 00:27:44 - [TEST_STEP][PASSED] - click: Object: '' is clicked on

2018-12-07 00:27:45 - [MESSAGE][PASSED] - Object: '' is clicked on

2018-12-07 00:27:45 - [TEST_STEP][PASSED] - Statement - UpdatedSelectDate = com.kms.katalon.core.webui.keyword.WebUiBuiltInKeywords.modifyObjectProperty(com.kms.katalon.core.testobject.ObjectRepository.findTestObject(Final Object Repo/Page_Update Add New Employee - ASSIST/DOB Date), "xpath", "equals", "//body/div/table/tbody/tr/td/a[text()="" + OneDayBefore + ""]", true): Modify property of object successfully

2018-12-07 00:27:45 - [MESSAGE][PASSED] - Modify property of object successfully

2018-12-07 00:27:45 - [TEST_STEP][PASSED] - click: Object: 'Object Repository/Final Object Repo/Page_Update Add New Employee - ASSIST/DOB Date' is clicked on

2018-12-07 00:27:45 - [MESSAGE][PASSED] - Object: 'Object Repository/Final Object Repo/Page_Update Add New Employee - ASSIST/DOB Date' is clicked on

2018-12-07 00:27:45 - [TEST_STEP][PASSED] - delay: Delayed 2 second(s)

2018-12-07 00:27:47 - [MESSAGE][PASSED] - Delayed 2 second(s)

2018-12-07 00:27:47 - [TEST_STEP][PASSED] - click: Object: 'Object Repository/Final Object Repo/Page_Update Add New Employee - ASSIST/EmploymentStartDate Pop Up' is clicked on

2018-12-07 00:27:47 - [MESSAGE][PASSED] - Object: 'Object Repository/Final Object Repo/Page_Update Add New Employee - ASSIST/EmploymentStartDate Pop Up' is clicked on

2018-12-07 00:27:47 - [TEST_STEP][PASSED] - delay: Delayed 2 second(s)

2018-12-07 00:27:49 - [MESSAGE][PASSED] - Delayed 2 second(s)

2018-12-07 00:27:49 - [TEST_STEP][PASSED] - click: Object: 'Object Repository/Final Object Repo/Page_Update Add New Employee - ASSIST/Socso Employment StartDate Month' is clicked on

2018-12-07 00:27:49 - [MESSAGE][PASSED] - Object: 'Object Repository/Final Object Repo/Page_Update Add New Employee - ASSIST/Socso Employment StartDate Month' is clicked on

2018-12-07 00:27:49 - [TEST_STEP][PASSED] - delay: Delayed 1 second(s)

2018-12-07 00:27:50 - [MESSAGE][PASSED] - Delayed 1 second(s)

2018-12-07 00:27:50 - [TEST_STEP][PASSED] - click: Object: 'Object Repository/Final Object Repo/Page_Update Add New Employee - ASSIST/Select Socso Employement Startdate Month' is clicked on

2018-12-07 00:27:50 - [MESSAGE][PASSED] - Object: 'Object Repository/Final Object Repo/Page_Update Add New Employee - ASSIST/Select Socso Employement Startdate Month' is clicked on

2018-12-07 00:27:50 - [TEST_STEP][PASSED] - delay: Delayed 2 second(s)

2018-12-07 00:27:52 - [MESSAGE][PASSED] - Delayed 2 second(s)

2018-12-07 00:27:52 - [TEST_STEP][PASSED] - click: Object: 'Object Repository/Final Object Repo/Page_Update Add New Employee - ASSIST/Socso Employment StartDate Year' is clicked on

2018-12-07 00:27:52 - [MESSAGE][PASSED] - Object: 'Object Repository/Final Object Repo/Page_Update Add New Employee - ASSIST/Socso Employment StartDate Year' is clicked on

2018-12-07 00:27:52 - [TEST_STEP][PASSED] - delay: Delayed 1 second(s)

2018-12-07 00:27:53 - [MESSAGE][PASSED] - Delayed 1 second(s)

2018-12-07 00:27:53 - [TEST_STEP][PASSED] - click: Object: 'Object Repository/Final Object Repo/Page_Update Add New Employee - ASSIST/Select Socso Employment Startdate Year' is clicked on

2018-12-07 00:27:53 - [MESSAGE][PASSED] - Object: 'Object Repository/Final Object Repo/Page_Update Add New Employee - ASSIST/Select Socso Employment Startdate Year' is clicked on

2018-12-07 00:27:53 - [TEST_STEP][PASSED] - delay: Delayed 2 second(s)

2018-12-07 00:27:55 - [MESSAGE][PASSED] - Delayed 2 second(s)

2018-12-07 00:27:55 - [TEST_STEP][PASSED] - click: Object: 'Object Repository/Final Object Repo/Page_Update Add New Employee - ASSIST/Socso Employment Start Date Day' is clicked on

2018-12-07 00:27:56 - [MESSAGE][PASSED] - Object: 'Object Repository/Final Object Repo/Page_Update Add New Employee - ASSIST/Socso Employment Start Date Day' is clicked on

2018-12-07 00:27:56 - [TEST_STEP][PASSED] - delay: Delayed 2 second(s)

2018-12-07 00:27:58 - [MESSAGE][PASSED] - Delayed 2 second(s)

2018-12-07 00:27:58 - [TEST_STEP][PASSED] - click: Object: 'Object Repository/Final Object Repo/Page_Update Add New Employee - ASSIST/Save Button for Add Employee' is clicked on

2018-12-07 00:27:58 - [MESSAGE][PASSED] - Object: 'Object Repository/Final Object Repo/Page_Update Add New Employee - ASSIST/Save Button for Add Employee' is clicked on

2018-12-07 00:27:58 - [TEST_STEP][PASSED] - delay: Delayed 5 second(s)

2018-12-07 00:28:03 - [MESSAGE][PASSED] - Delayed 5 second(s)

2018-12-07 00:28:03 - [TEST_STEP][PASSED] - waitForElementClickable: Object 'Object Repository/Final Object Repo/Page_Update Add New Employee - ASSIST/Add Employee Button' is clickable

2018-12-07 00:28:03 - [MESSAGE][PASSED] - Object 'Object Repository/Final Object Repo/Page_Update Add New Employee - ASSIST/Add Employee Button' is clickable

2018-12-07 00:28:03 - [TEST_STEP][PASSED] - click: Object: 'Object Repository/Final Object Repo/Page_Update Add New Employee - ASSIST/Add Employee Button' is clicked on

2018-12-07 00:28:03 - [MESSAGE][PASSED] - Object: 'Object Repository/Final Object Repo/Page_Update Add New Employee - ASSIST/Add Employee Button' is clicked on

2018-12-07 00:28:03 - [TEST_STEP][PASSED] - delay: Delayed 4 second(s)

2018-12-07 00:28:07 - [MESSAGE][PASSED] - Delayed 4 second(s)

2018-12-07 00:28:07 - [TEST_STEP][PASSED] - setText: Text '000209039100' is set on object 'Object Repository/Final Object Repo/Page_Update Add New Employee - ASSIST/NRIC Input'

2018-12-07 00:28:07 - [MESSAGE][PASSED] - Text '000209039100' is set on object 'Object Repository/Final Object Repo/Page_Update Add New Employee - ASSIST/NRIC Input'

2018-12-07 00:28:07 - [TEST_STEP][PASSED] - click: Object: 'Object Repository/Final Object Repo/Page_Update Add New Employee - ASSIST/button for search for IC' is clicked on

2018-12-07 00:28:08 - [MESSAGE][PASSED] - Object: 'Object Repository/Final Object Repo/Page_Update Add New Employee - ASSIST/button for search for IC' is clicked on

2018-12-07 00:28:08 - [TEST_STEP][PASSED] - delay: Delayed 2 second(s)

2018-12-07 00:28:10 - [MESSAGE][PASSED] - Delayed 2 second(s)

2018-12-07 00:28:10 - [TEST_STEP][PASSED] - setText: Text 'Automate002 not eligible 1' is set on object 'Object Repository/Final Object Repo/Page_Update Add New Employee - ASSIST/Employee Name Input'

2018-12-07 00:28:10 - [MESSAGE][PASSED] - Text 'Automate002 not eligible 1' is set on object 'Object Repository/Final Object Repo/Page_Update Add New Employee - ASSIST/Employee Name Input'

2018-12-07 00:28:10 - [TEST_STEP][PASSED] - delay: Delayed 2 second(s)

2018-12-07 00:28:12 - [MESSAGE][PASSED] - Delayed 2 second(s)

2018-12-07 00:28:12 - [TEST_STEP][PASSED] - click: Object: 'Object Repository/Final Object Repo/Page_Update Add New Employee - ASSIST/DatePicker Pop Up' is clicked on

2018-12-07 00:28:12 - [MESSAGE][PASSED] - Object: 'Object Repository/Final Object Repo/Page_Update Add New Employee - ASSIST/DatePicker Pop Up' is clicked on

2018-12-07 00:28:12 - [TEST_STEP][PASSED] - delay: Delayed 2 second(s)

2018-12-07 00:28:14 - [MESSAGE][PASSED] - Delayed 2 second(s)

2018-12-07 00:28:14 - [TEST_STEP][PASSED] - click: Object: 'Object Repository/Final Object Repo/Page_Update Add New Employee - ASSIST/DOB Month' is clicked on

2018-12-07 00:28:15 - [MESSAGE][PASSED] - Object: 'Object Repository/Final Object Repo/Page_Update Add New Employee - ASSIST/DOB Month' is clicked on

2018-12-07 00:28:15 - [TEST_STEP][PASSED] - Statement - selectMonth = com.kms.katalon.core.webui.keyword.WebUiBuiltInKeywords.modifyObjectProperty(selectMonth, "xpath", "equals", "//body/div/div/div/select/option[@value="" + CurrentMonth + ""]", true): Modify property of object successfully

2018-12-07 00:28:15 - [MESSAGE][PASSED] - Modify property of object successfully

2018-12-07 00:28:15 - [TEST_STEP][PASSED] - click: Object: '' is clicked on

2018-12-07 00:28:15 - [MESSAGE][PASSED] - Object: '' is clicked on

2018-12-07 00:28:15 - [TEST_STEP][PASSED] - click: Object: 'Object Repository/Final Object Repo/Page_Update Add New Employee - ASSIST/DOB Year' is clicked on

2018-12-07 00:28:15 - [MESSAGE][PASSED] - Object: 'Object Repository/Final Object Repo/Page_Update Add New Employee - ASSIST/DOB Year' is clicked on

2018-12-07 00:28:15 - [TEST_STEP][PASSED] - Statement - selectYear = com.kms.katalon.core.webui.keyword.WebUiBuiltInKeywords.modifyObjectProperty(selectYear, "xpath", "equals", "//div/div/div/select/option[@value="" + EighteenYrsBefore + ""]", true): Modify property of object successfully

2018-12-07 00:28:15 - [MESSAGE][PASSED] - Modify property of object successfully

2018-12-07 00:28:15 - [TEST_STEP][PASSED] - click: Object: '' is clicked on

2018-12-07 00:28:15 - [MESSAGE][PASSED] - Object: '' is clicked on

2018-12-07 00:28:15 - [TEST_STEP][PASSED] - Statement - UpdatedSelectDate = com.kms.katalon.core.webui.keyword.WebUiBuiltInKeywords.modifyObjectProperty(com.kms.katalon.core.testobject.ObjectRepository.findTestObject(Final Object Repo/Page_Update Add New Employee - ASSIST/DOB Date), "xpath", "equals", "//body/div/table/tbody/tr/td/a[text()="" + OneDayBefore + ""]", true): Modify property of object successfully

2018-12-07 00:28:15 - [MESSAGE][PASSED] - Modify property of object successfully

2018-12-07 00:28:15 - [TEST_STEP][PASSED] - click: Object: 'Object Repository/Final Object Repo/Page_Update Add New Employee - ASSIST/DOB Date' is clicked on

2018-12-07 00:28:15 - [MESSAGE][PASSED] - Object: 'Object Repository/Final Object Repo/Page_Update Add New Employee - ASSIST/DOB Date' is clicked on

2018-12-07 00:28:15 - [TEST_STEP][PASSED] - delay: Delayed 2 second(s)

2018-12-07 00:28:17 - [MESSAGE][PASSED] - Delayed 2 second(s)

2018-12-07 00:28:17 - [TEST_STEP][PASSED] - click: Object: 'Object Repository/Final Object Repo/Page_Update Add New Employee - ASSIST/EmploymentStartDate Pop Up' is clicked on

2018-12-07 00:28:17 - [MESSAGE][PASSED] - Object: 'Object Repository/Final Object Repo/Page_Update Add New Employee - ASSIST/EmploymentStartDate Pop Up' is clicked on

2018-12-07 00:28:17 - [TEST_STEP][PASSED] - delay: Delayed 2 second(s)

2018-12-07 00:28:19 - [MESSAGE][PASSED] - Delayed 2 second(s)

2018-12-07 00:28:19 - [TEST_STEP][PASSED] - click: Object: 'Object Repository/Final Object Repo/Page_Update Add New Employee - ASSIST/Socso Employment StartDate Month' is clicked on

2018-12-07 00:28:20 - [MESSAGE][PASSED] - Object: 'Object Repository/Final Object Repo/Page_Update Add New Employee - ASSIST/Socso Employment StartDate Month' is clicked on

2018-12-07 00:28:20 - [TEST_STEP][PASSED] - delay: Delayed 1 second(s)

2018-12-07 00:28:21 - [MESSAGE][PASSED] - Delayed 1 second(s)

2018-12-07 00:28:21 - [TEST_STEP][PASSED] - click: Object: 'Object Repository/Final Object Repo/Page_Update Add New Employee - ASSIST/Select Socso Employement Startdate Month' is clicked on

2018-12-07 00:28:21 - [MESSAGE][PASSED] - Object: 'Object Repository/Final Object Repo/Page_Update Add New Employee - ASSIST/Select Socso Employement Startdate Month' is clicked on

2018-12-07 00:28:21 - [TEST_STEP][PASSED] - delay: Delayed 2 second(s)

2018-12-07 00:28:23 - [MESSAGE][PASSED] - Delayed 2 second(s)

2018-12-07 00:28:23 - [TEST_STEP][PASSED] - click: Object: 'Object Repository/Final Object Repo/Page_Update Add New Employee - ASSIST/Socso Employment StartDate Year' is clicked on

2018-12-07 00:28:23 - [MESSAGE][PASSED] - Object: 'Object Repository/Final Object Repo/Page_Update Add New Employee - ASSIST/Socso Employment StartDate Year' is clicked on

2018-12-07 00:28:23 - [TEST_STEP][PASSED] - delay: Delayed 1 second(s)

2018-12-07 00:28:24 - [MESSAGE][PASSED] - Delayed 1 second(s)

2018-12-07 00:28:24 - [TEST_STEP][PASSED] - click: Object: 'Object Repository/Final Object Repo/Page_Update Add New Employee - ASSIST/Select Socso Employment Startdate Year' is clicked on

2018-12-07 00:28:24 - [MESSAGE][PASSED] - Object: 'Object Repository/Final Object Repo/Page_Update Add New Employee - ASSIST/Select Socso Employment Startdate Year' is clicked on

2018-12-07 00:28:24 - [TEST_STEP][PASSED] - delay: Delayed 2 second(s)

2018-12-07 00:28:26 - [MESSAGE][PASSED] - Delayed 2 second(s)

2018-12-07 00:28:26 - [TEST_STEP][PASSED] - click: Object: 'Object Repository/Final Object Repo/Page_Update Add New Employee - ASSIST/Socso Employment Start Date Day' is clicked on

2018-12-07 00:28:26 - [MESSAGE][PASSED] - Object: 'Object Repository/Final Object Repo/Page_Update Add New Employee - ASSIST/Socso Employment Start Date Day' is clicked on

2018-12-07 00:28:26 - [TEST_STEP][PASSED] - delay: Delayed 2 second(s)

2018-12-07 00:28:28 - [MESSAGE][PASSED] - Delayed 2 second(s)

2018-12-07 00:28:28 - [TEST_STEP][PASSED] - click: Object: 'Object Repository/Final Object Repo/Page_Update Add New Employee - ASSIST/Save Button for Add Employee' is clicked on

2018-12-07 00:28:28 - [MESSAGE][PASSED] - Object: 'Object Repository/Final Object Repo/Page_Update Add New Employee - ASSIST/Save Button for Add Employee' is clicked on

2018-12-07 00:28:28 - [TEST_STEP][PASSED] - delay: Delayed 20 second(s)

2018-12-07 00:28:48 - [MESSAGE][PASSED] - Delayed 20 second(s)

2018-12-07 00:28:48 - [TEST_STEP][PASSED] - click: Object: 'Object Repository/Final Object Repo/Page_Update Add New Employee - ASSIST/Add Employee Button' is clicked on

2018-12-07 00:28:49 - [MESSAGE][PASSED] - Object: 'Object Repository/Final Object Repo/Page_Update Add New Employee - ASSIST/Add Employee Button' is clicked on

2018-12-07 00:28:49 - [TEST_STEP][PASSED] - delay: Delayed 4 second(s)

2018-12-07 00:28:53 - [MESSAGE][PASSED] - Delayed 4 second(s)

2018-12-07 00:28:53 - [TEST_STEP][PASSED] - setText: Text '600203039104' is set on object 'Object Repository/Final Object Repo/Page_Update Add New Employee - ASSIST/NRIC Input'

2018-12-07 00:28:53 - [MESSAGE][PASSED] - Text '600203039104' is set on object 'Object Repository/Final Object Repo/Page_Update Add New Employee - ASSIST/NRIC Input'

2018-12-07 00:28:53 - [TEST_STEP][PASSED] - click: Object: 'Object Repository/Final Object Repo/Page_Update Add New Employee - ASSIST/button for search for IC' is clicked on

2018-12-07 00:28:53 - [MESSAGE][PASSED] - Object: 'Object Repository/Final Object Repo/Page_Update Add New Employee - ASSIST/button for search for IC' is clicked on

2018-12-07 00:28:53 - [TEST_STEP][PASSED] - delay: Delayed 2 second(s)

2018-12-07 00:28:55 - [MESSAGE][PASSED] - Delayed 2 second(s)

2018-12-07 00:28:55 - [TEST_STEP][PASSED] - setText: Text 'Automate002 not eligible 2' is set on object 'Object Repository/Final Object Repo/Page_Update Add New Employee - ASSIST/Employee Name Input'

2018-12-07 00:28:56 - [MESSAGE][PASSED] - Text 'Automate002 not eligible 2' is set on object 'Object Repository/Final Object Repo/Page_Update Add New Employee - ASSIST/Employee Name Input'

2018-12-07 00:28:56 - [TEST_STEP][PASSED] - delay: Delayed 2 second(s)

2018-12-07 00:28:58 - [MESSAGE][PASSED] - Delayed 2 second(s)

2018-12-07 00:28:58 - [TEST_STEP][PASSED] - click: Object: 'Object Repository/Final Object Repo/Page_Update Add New Employee - ASSIST/DatePicker Pop Up' is clicked on

2018-12-07 00:28:58 - [MESSAGE][PASSED] - Object: 'Object Repository/Final Object Repo/Page_Update Add New Employee - ASSIST/DatePicker Pop Up' is clicked on

2018-12-07 00:28:58 - [TEST_STEP][PASSED] - delay: Delayed 2 second(s)

2018-12-07 00:29:00 - [MESSAGE][PASSED] - Delayed 2 second(s)

2018-12-07 00:29:00 - [TEST_STEP][PASSED] - click: Object: 'Object Repository/Final Object Repo/Page_Update Add New Employee - ASSIST/DOB Month' is clicked on

2018-12-07 00:29:00 - [MESSAGE][PASSED] - Object: 'Object Repository/Final Object Repo/Page_Update Add New Employee - ASSIST/DOB Month' is clicked on

2018-12-07 00:29:00 - [TEST_STEP][PASSED] - Statement - selectMonth = com.kms.katalon.core.webui.keyword.WebUiBuiltInKeywords.modifyObjectProperty(selectMonth, "xpath", "equals", "//body/div/div/div/select/option[@value="" + CurrentMonth + ""]", true): Modify property of object successfully

2018-12-07 00:29:00 - [MESSAGE][PASSED] - Modify property of object successfully

2018-12-07 00:29:00 - [TEST_STEP][PASSED] - click: Object: '' is clicked on

2018-12-07 00:29:00 - [MESSAGE][PASSED] - Object: '' is clicked on

2018-12-07 00:29:00 - [TEST_STEP][PASSED] - click: Object: 'Object Repository/Final Object Repo/Page_Update Add New Employee - ASSIST/DOB Year' is clicked on

2018-12-07 00:29:00 - [MESSAGE][PASSED] - Object: 'Object Repository/Final Object Repo/Page_Update Add New Employee - ASSIST/DOB Year' is clicked on

2018-12-07 00:29:00 - [TEST_STEP][PASSED] - Statement - selectYear = com.kms.katalon.core.webui.keyword.WebUiBuiltInKeywords.modifyObjectProperty(selectYear, "xpath", "equals", "//div/div/div/select/option[@value="" + FiftysevenYrsBefore + ""]", true): Modify property of object successfully

2018-12-07 00:29:00 - [MESSAGE][PASSED] - Modify property of object successfully

2018-12-07 00:29:00 - [TEST_STEP][PASSED] - click: Object: '' is clicked on

2018-12-07 00:29:01 - [MESSAGE][PASSED] - Object: '' is clicked on

2018-12-07 00:29:01 - [TEST_STEP][PASSED] - Statement - UpdatedSelectDate = com.kms.katalon.core.webui.keyword.WebUiBuiltInKeywords.modifyObjectProperty(com.kms.katalon.core.testobject.ObjectRepository.findTestObject(Final Object Repo/Page_Update Add New Employee - ASSIST/DOB Date), "xpath", "equals", "//body/div/table/tbody/tr/td/a[text()="" + CurrentDate + ""]", true): Modify property of object successfully

2018-12-07 00:29:01 - [MESSAGE][PASSED] - Modify property of object successfully

2018-12-07 00:29:01 - [TEST_STEP][PASSED] - click: Object: 'Object Repository/Final Object Repo/Page_Update Add New Employee - ASSIST/DOB Date' is clicked on

2018-12-07 00:29:01 - [MESSAGE][PASSED] - Object: 'Object Repository/Final Object Repo/Page_Update Add New Employee - ASSIST/DOB Date' is clicked on

2018-12-07 00:29:01 - [TEST_STEP][PASSED] - click: Object: 'Object Repository/Final Object Repo/Page_Update Add New Employee - ASSIST/EmploymentStartDate Pop Up' is clicked on

2018-12-07 00:29:01 - [MESSAGE][PASSED] - Object: 'Object Repository/Final Object Repo/Page_Update Add New Employee - ASSIST/EmploymentStartDate Pop Up' is clicked on

2018-12-07 00:29:01 - [TEST_STEP][PASSED] - delay: Delayed 2 second(s)

2018-12-07 00:29:03 - [MESSAGE][PASSED] - Delayed 2 second(s)

2018-12-07 00:29:03 - [TEST_STEP][PASSED] - click: Object: 'Object Repository/Final Object Repo/Page_Update Add New Employee - ASSIST/Socso Employment StartDate Month' is clicked on

2018-12-07 00:29:03 - [MESSAGE][PASSED] - Object: 'Object Repository/Final Object Repo/Page_Update Add New Employee - ASSIST/Socso Employment StartDate Month' is clicked on

2018-12-07 00:29:03 - [TEST_STEP][PASSED] - delay: Delayed 1 second(s)

2018-12-07 00:29:04 - [MESSAGE][PASSED] - Delayed 1 second(s)

2018-12-07 00:29:04 - [TEST_STEP][PASSED] - click: Object: 'Object Repository/Final Object Repo/Page_Update Add New Employee - ASSIST/Select Socso Employement Startdate Month' is clicked on

2018-12-07 00:29:04 - [MESSAGE][PASSED] - Object: 'Object Repository/Final Object Repo/Page_Update Add New Employee - ASSIST/Select Socso Employement Startdate Month' is clicked on

2018-12-07 00:29:04 - [TEST_STEP][PASSED] - delay: Delayed 2 second(s)

2018-12-07 00:29:06 - [MESSAGE][PASSED] - Delayed 2 second(s)

2018-12-07 00:29:06 - [TEST_STEP][PASSED] - click: Object: 'Object Repository/Final Object Repo/Page_Update Add New Employee - ASSIST/Socso Employment StartDate Year' is clicked on

2018-12-07 00:29:06 - [MESSAGE][PASSED] - Object: 'Object Repository/Final Object Repo/Page_Update Add New Employee - ASSIST/Socso Employment StartDate Year' is clicked on

2018-12-07 00:29:06 - [TEST_STEP][PASSED] - delay: Delayed 1 second(s)

2018-12-07 00:29:07 - [MESSAGE][PASSED] - Delayed 1 second(s)

2018-12-07 00:29:07 - [TEST_STEP][PASSED] - click: Object: 'Object Repository/Final Object Repo/Page_Update Add New Employee - ASSIST/Select Socso Employment Startdate Year' is clicked on

2018-12-07 00:29:08 - [MESSAGE][PASSED] - Object: 'Object Repository/Final Object Repo/Page_Update Add New Employee - ASSIST/Select Socso Employment Startdate Year' is clicked on

2018-12-07 00:29:08 - [TEST_STEP][PASSED] - delay: Delayed 2 second(s)

2018-12-07 00:29:10 - [MESSAGE][PASSED] - Delayed 2 second(s)

2018-12-07 00:29:10 - [TEST_STEP][PASSED] - click: Object: 'Object Repository/Final Object Repo/Page_Update Add New Employee - ASSIST/Socso Employment Start Date Day' is clicked on

2018-12-07 00:29:10 - [MESSAGE][PASSED] - Object: 'Object Repository/Final Object Repo/Page_Update Add New Employee - ASSIST/Socso Employment Start Date Day' is clicked on

2018-12-07 00:29:10 - [TEST_STEP][PASSED] - delay: Delayed 2 second(s)

2018-12-07 00:29:12 - [MESSAGE][PASSED] - Delayed 2 second(s)

2018-12-07 00:29:12 - [TEST_STEP][PASSED] - click: Object: 'Object Repository/Final Object Repo/Page_Update Add New Employee - ASSIST/Save Button for Add Employee' is clicked on

2018-12-07 00:29:12 - [MESSAGE][PASSED] - Object: 'Object Repository/Final Object Repo/Page_Update Add New Employee - ASSIST/Save Button for Add Employee' is clicked on

2018-12-07 00:29:12 - [MESSAGE][PASSED] - Call Test Case 'Test Cases/Final Aug 2018 - PKS Automation/Registration Module/Workflow/Update Add New Employee/Template/Employee Adding/Employee Adding Action Repeat IC - set 2' successfully

2018-12-07 00:29:12 - [MESSAGE][PASSED] - Call Test Case 'Test Cases/Final Aug 2018 - PKS Automation/Registration Module/Workflow/Update Add New Employee/Template/Employee Adding/Employee Set Decider' successfully

2018-12-07 00:29:12 - [TEST_STEP][PASSED] - delay: Delayed 4 second(s)

2018-12-07 00:29:16 - [MESSAGE][PASSED] - Delayed 4 second(s)

2018-12-07 00:29:16 - [TEST_STEP][PASSED] - Statement - CaseReferenceNo = com.kms.katalon.core.webui.keyword.WebUiBuiltInKeywords.getText(com.kms.katalon.core.testobject.ObjectRepository.findTestObject(Final Object Repo/Page_Update Add New Employee - ASSIST/RefNo)): Text of object 'Object Repository/Final Object Repo/Page_Update Add New Employee - ASSIST/RefNo' is: 'CAN12201800002272'

2018-12-07 00:29:16 - [MESSAGE][PASSED] - Text of object 'Object Repository/Final Object Repo/Page_Update Add New Employee - ASSIST/RefNo' is: 'CAN12201800002272'

2018-12-07 00:29:16 - [TEST_STEP][PASSED] - callTestCase: Call Test Case 'Test Cases/Final Aug 2018 - PKS Automation/Common/Reference Number Setter' successfully

2018-12-07 00:29:16 - [TEST_CASE][PASSED] - Test Cases/Final Aug 2018 - PKS Automation/Common/Reference Number Setter: Test Cases/Final Aug 2018 - PKS Automation/Common/Reference Number Setter

2018-12-07 00:29:16 - [TEST_STEP][PASSED] - Statement - RefNoOldFile = new java.io.File(C://Users//Admin//Desktop//PKS//Automation Reference Point//KatalonReference.txt): null

2018-12-07 00:29:16 - [TEST_STEP][PASSED] - Statement - RefNoOldFile.delete(): null

2018-12-07 00:29:16 - [TEST_STEP][PASSED] - delay: Delayed 5 second(s)

2018-12-07 00:29:21 - [MESSAGE][PASSED] - Delayed 5 second(s)

2018-12-07 00:29:21 - [TEST_STEP][PASSED] - Statement - RefNo = new java.io.File(C://Users//Admin//Desktop//PKS//Automation Reference Point//KatalonReference.txt): null

2018-12-07 00:29:21 - [TEST_STEP][PASSED] - Statement - f2 = new java.io.FileWriter(RefNo, false): null

2018-12-07 00:29:21 - [TEST_STEP][PASSED] - Statement - f2.write(CaseReferenceNo): null

2018-12-07 00:29:21 - [TEST_STEP][PASSED] - Statement - f2.close(): null

2018-12-07 00:29:21 - [TEST_STEP][PASSED] - Statement - out.println("


" + CaseReferenceNo + "


"): null

2018-12-07 00:29:21 - [MESSAGE][PASSED] - Call Test Case 'Test Cases/Final Aug 2018 - PKS Automation/Common/Reference Number Setter' successfully

2018-12-07 00:29:21 - [TEST_STEP][PASSED] - delay: Delayed 5 second(s)

2018-12-07 00:29:26 - [MESSAGE][PASSED] - Delayed 5 second(s)

2018-12-07 00:29:26 - [TEST_STEP][PASSED] - click: Object: 'Object Repository/Final Object Repo/Page_Update Add New Employee - ASSIST/Save  Continue Button' is clicked on

2018-12-07 00:29:26 - [MESSAGE][PASSED] - Object: 'Object Repository/Final Object Repo/Page_Update Add New Employee - ASSIST/Save  Continue Button' is clicked on

2018-12-07 00:29:26 - [TEST_STEP][PASSED] - delay: Delayed 4 second(s)

2018-12-07 00:29:30 - [MESSAGE][PASSED] - Delayed 4 second(s)

2018-12-07 00:29:30 - [TEST_STEP][PASSED] - click: Object: 'Object Repository/Final Object Repo/Page_Update Add New Employee - ASSIST/Save  Continue Third Screen' is clicked on

2018-12-07 00:29:33 - [MESSAGE][PASSED] - Object: 'Object Repository/Final Object Repo/Page_Update Add New Employee - ASSIST/Save  Continue Third Screen' is clicked on

2018-12-07 00:29:33 - [TEST_STEP][PASSED] - delay: Delayed 4 second(s)

2018-12-07 00:29:37 - [MESSAGE][PASSED] - Delayed 4 second(s)

2018-12-07 00:29:37 - [TEST_STEP][PASSED] - click: Object: 'Object Repository/Final Object Repo/Page_Update Add New Employee - ASSIST/Save   Continue Supporting Doc Page' is clicked on

2018-12-07 00:29:38 - [MESSAGE][PASSED] - Object: 'Object Repository/Final Object Repo/Page_Update Add New Employee - ASSIST/Save   Continue Supporting Doc Page' is clicked on

2018-12-07 00:29:38 - [TEST_STEP][PASSED] - delay: Delayed 4 second(s)

2018-12-07 00:29:42 - [MESSAGE][PASSED] - Delayed 4 second(s)

2018-12-07 00:29:42 - [TEST_STEP][PASSED] - click: Object: 'Object Repository/Final Object Repo/Page_Update Add New Employee - ASSIST/Submit Button' is clicked on

2018-12-07 00:29:42 - [MESSAGE][PASSED] - Object: 'Object Repository/Final Object Repo/Page_Update Add New Employee - ASSIST/Submit Button' is clicked on

2018-12-07 00:29:42 - [TEST_STEP][PASSED] - delay: Delayed 4 second(s)

2018-12-07 00:29:46 - [MESSAGE][PASSED] - Delayed 4 second(s)

2018-12-07 00:29:46 - [TEST_STEP][PASSED] - click: Object: 'Object Repository/Final Object Repo/Page_Update Add New Employee - ASSIST/Confirm Submit Button' is clicked on

2018-12-07 00:29:46 - [MESSAGE][PASSED] - Object: 'Object Repository/Final Object Repo/Page_Update Add New Employee - ASSIST/Confirm Submit Button' is clicked on

2018-12-07 00:29:46 - [TEST_STEP][PASSED] - delay: Delayed 30 second(s)

2018-12-07 00:30:16 - [MESSAGE][PASSED] - Delayed 30 second(s)

2018-12-07 00:30:16 - [TEST_STEP][PASSED] - callTestCase: Call Test Case 'Test Cases/Final Aug 2018 - PKS Automation/Common/Screenshoting tool' successfully

2018-12-07 00:30:16 - [TEST_CASE][PASSED] - Test Cases/Final Aug 2018 - PKS Automation/Common/Screenshoting tool: Test Cases/Final Aug 2018 - PKS Automation/Common/Screenshoting tool

2018-12-07 00:30:16 - [TEST_STEP][PASSED] - delay: Delayed 15 second(s)

2018-12-07 00:30:31 - [MESSAGE][PASSED] - Delayed 15 second(s)

2018-12-07 00:30:31 - [TEST_STEP][PASSED] - Statement - driver = com.kms.katalon.core.webui.driver.DriverFactory.getWebDriver(): null

2018-12-07 00:30:31 - [TEST_STEP][PASSED] - Statement - driver.manage().timeouts().implicitlyWait(10, SECONDS): null

2018-12-07 00:30:31 - [TEST_STEP][PASSED] - Statement - PresavePath = KatalonScreenshots: null

2018-12-07 00:30:31 - [TEST_STEP][PASSED] - Statement - pathPrefix = "C:\Users\Public\Pictures\Sample Pictures\Katalon Screenshots\Automate Ending Screen": null

2018-12-07 00:30:31 - [TEST_STEP][PASSED] - Statement - finalPath = <not implemented yet for class: org.codehaus.groovy.ast.expr.EmptyExpression>: null

2018-12-07 00:30:31 - [TEST_STEP][PASSED] - Statement - scrFile = driver.getScreenshotAs(FILE): null

2018-12-07 00:30:31 - [TEST_STEP][PASSED] - Statement - PreSaveFile = new java.io.File(PresavePath): null

2018-12-07 00:30:31 - [TEST_STEP][PASSED] - Statement - counter = 0: null

2018-12-07 00:30:31 - [TEST_STEP][PASSED] - Statement - If (PreSaveFile.exists()): null

2018-12-07 00:30:31 - [TEST_STEP][PASSED] - Statement - While (PreSaveFile.exists()): null

2018-12-07 00:30:31 - [TEST_STEP][PASSED] - Statement - counter = counter + 1: null

2018-12-07 00:30:31 - [TEST_STEP][PASSED] - Statement - PreSaveFile = new java.io.File(((pathPrefix + java.lang.Integer.toString(counter)) + .png)): null

2018-12-07 00:30:31 - [TEST_STEP][PASSED] - Statement - counter = counter + 1: null

2018-12-07 00:30:31 - [TEST_STEP][PASSED] - Statement - PreSaveFile = new java.io.File(((pathPrefix + java.lang.Integer.toString(counter)) + .png)): null

2018-12-07 00:30:31 - [TEST_STEP][PASSED] - Statement - counter = counter + 1: null

2018-12-07 00:30:31 - [TEST_STEP][PASSED] - Statement - PreSaveFile = new java.io.File(((pathPrefix + java.lang.Integer.toString(counter)) + .png)): null

2018-12-07 00:30:31 - [TEST_STEP][PASSED] - Statement - counter = counter + 1: null

2018-12-07 00:30:31 - [TEST_STEP][PASSED] - Statement - PreSaveFile = new java.io.File(((pathPrefix + java.lang.Integer.toString(counter)) + .png)): null

2018-12-07 00:30:31 - [TEST_STEP][PASSED] - Statement - counter = counter + 1: null

2018-12-07 00:30:31 - [TEST_STEP][PASSED] - Statement - PreSaveFile = new java.io.File(((pathPrefix + java.lang.Integer.toString(counter)) + .png)): null

2018-12-07 00:30:31 - [TEST_STEP][PASSED] - Statement - counter = counter + 1: null

2018-12-07 00:30:31 - [TEST_STEP][PASSED] - Statement - PreSaveFile = new java.io.File(((pathPrefix + java.lang.Integer.toString(counter)) + .png)): null

2018-12-07 00:30:31 - [TEST_STEP][PASSED] - Statement - counter = counter + 1: null

2018-12-07 00:30:31 - [TEST_STEP][PASSED] - Statement - PreSaveFile = new java.io.File(((pathPrefix + java.lang.Integer.toString(counter)) + .png)): null

2018-12-07 00:30:31 - [TEST_STEP][PASSED] - Statement - counter = counter + 1: null

2018-12-07 00:30:31 - [TEST_STEP][PASSED] - Statement - PreSaveFile = new java.io.File(((pathPrefix + java.lang.Integer.toString(counter)) + .png)): null

2018-12-07 00:30:31 - [TEST_STEP][PASSED] - Statement - counter = counter + 1: null

2018-12-07 00:30:31 - [TEST_STEP][PASSED] - Statement - PreSaveFile = new java.io.File(((pathPrefix + java.lang.Integer.toString(counter)) + .png)): null

2018-12-07 00:30:31 - [TEST_STEP][PASSED] - Statement - counter = counter + 1: null

2018-12-07 00:30:31 - [TEST_STEP][PASSED] - Statement - PreSaveFile = new java.io.File(((pathPrefix + java.lang.Integer.toString(counter)) + .png)): null

2018-12-07 00:30:31 - [TEST_STEP][PASSED] - Statement - counter = counter + 1: null

2018-12-07 00:30:31 - [TEST_STEP][PASSED] - Statement - PreSaveFile = new java.io.File(((pathPrefix + java.lang.Integer.toString(counter)) + .png)): null

2018-12-07 00:30:31 - [TEST_STEP][PASSED] - Statement - counter = counter + 1: null

2018-12-07 00:30:31 - [TEST_STEP][PASSED] - Statement - PreSaveFile = new java.io.File(((pathPrefix + java.lang.Integer.toString(counter)) + .png)): null

2018-12-07 00:30:31 - [TEST_STEP][PASSED] - Statement - counter = counter + 1: null

2018-12-07 00:30:31 - [TEST_STEP][PASSED] - Statement - PreSaveFile = new java.io.File(((pathPrefix + java.lang.Integer.toString(counter)) + .png)): null

2018-12-07 00:30:31 - [TEST_STEP][PASSED] - Statement - counter = counter + 1: null

2018-12-07 00:30:31 - [TEST_STEP][PASSED] - Statement - PreSaveFile = new java.io.File(((pathPrefix + java.lang.Integer.toString(counter)) + .png)): null

2018-12-07 00:30:31 - [TEST_STEP][PASSED] - Statement - counter = counter + 1: null

2018-12-07 00:30:31 - [TEST_STEP][PASSED] - Statement - PreSaveFile = new java.io.File(((pathPrefix + java.lang.Integer.toString(counter)) + .png)): null

2018-12-07 00:30:31 - [TEST_STEP][PASSED] - Statement - counter = counter + 1: null

2018-12-07 00:30:31 - [TEST_STEP][PASSED] - Statement - PreSaveFile = new java.io.File(((pathPrefix + java.lang.Integer.toString(counter)) + .png)): null

2018-12-07 00:30:31 - [TEST_STEP][PASSED] - Statement - counter = counter + 1: null

2018-12-07 00:30:31 - [TEST_STEP][PASSED] - Statement - PreSaveFile = new java.io.File(((pathPrefix + java.lang.Integer.toString(counter)) + .png)): null

2018-12-07 00:30:31 - [TEST_STEP][PASSED] - Statement - counter = counter + 1: null

2018-12-07 00:30:31 - [TEST_STEP][PASSED] - Statement - PreSaveFile = new java.io.File(((pathPrefix + java.lang.Integer.toString(counter)) + .png)): null

2018-12-07 00:30:31 - [TEST_STEP][PASSED] - Statement - counter = counter + 1: null

2018-12-07 00:30:31 - [TEST_STEP][PASSED] - Statement - PreSaveFile = new java.io.File(((pathPrefix + java.lang.Integer.toString(counter)) + .png)): null

2018-12-07 00:30:31 - [TEST_STEP][PASSED] - Statement - counter = counter + 1: null

2018-12-07 00:30:31 - [TEST_STEP][PASSED] - Statement - PreSaveFile = new java.io.File(((pathPrefix + java.lang.Integer.toString(counter)) + .png)): null

2018-12-07 00:30:31 - [TEST_STEP][PASSED] - Statement - counter = counter + 1: null

2018-12-07 00:30:31 - [TEST_STEP][PASSED] - Statement - PreSaveFile = new java.io.File(((pathPrefix + java.lang.Integer.toString(counter)) + .png)): null

2018-12-07 00:30:31 - [TEST_STEP][PASSED] - Statement - counter = counter + 1: null

2018-12-07 00:30:31 - [TEST_STEP][PASSED] - Statement - PreSaveFile = new java.io.File(((pathPrefix + java.lang.Integer.toString(counter)) + .png)): null

2018-12-07 00:30:31 - [TEST_STEP][PASSED] - Statement - counter = counter + 1: null

2018-12-07 00:30:31 - [TEST_STEP][PASSED] - Statement - PreSaveFile = new java.io.File(((pathPrefix + java.lang.Integer.toString(counter)) + .png)): null

2018-12-07 00:30:31 - [TEST_STEP][PASSED] - Statement - counter = counter + 1: null

2018-12-07 00:30:31 - [TEST_STEP][PASSED] - Statement - PreSaveFile = new java.io.File(((pathPrefix + java.lang.Integer.toString(counter)) + .png)): null

2018-12-07 00:30:31 - [TEST_STEP][PASSED] - Statement - counter = counter + 1: null

2018-12-07 00:30:31 - [TEST_STEP][PASSED] - Statement - PreSaveFile = new java.io.File(((pathPrefix + java.lang.Integer.toString(counter)) + .png)): null

2018-12-07 00:30:31 - [TEST_STEP][PASSED] - Statement - counter = counter + 1: null

2018-12-07 00:30:31 - [TEST_STEP][PASSED] - Statement - PreSaveFile = new java.io.File(((pathPrefix + java.lang.Integer.toString(counter)) + .png)): null

2018-12-07 00:30:31 - [TEST_STEP][PASSED] - Statement - counter = counter + 1: null

2018-12-07 00:30:31 - [TEST_STEP][PASSED] - Statement - PreSaveFile = new java.io.File(((pathPrefix + java.lang.Integer.toString(counter)) + .png)): null

2018-12-07 00:30:31 - [TEST_STEP][PASSED] - Statement - counter = counter + 1: null

2018-12-07 00:30:31 - [TEST_STEP][PASSED] - Statement - PreSaveFile = new java.io.File(((pathPrefix + java.lang.Integer.toString(counter)) + .png)): null

2018-12-07 00:30:31 - [TEST_STEP][PASSED] - Statement - counter = counter + 1: null

2018-12-07 00:30:31 - [TEST_STEP][PASSED] - Statement - PreSaveFile = new java.io.File(((pathPrefix + java.lang.Integer.toString(counter)) + .png)): null

2018-12-07 00:30:31 - [TEST_STEP][PASSED] - Statement - counter = counter + 1: null

2018-12-07 00:30:31 - [TEST_STEP][PASSED] - Statement - PreSaveFile = new java.io.File(((pathPrefix + java.lang.Integer.toString(counter)) + .png)): null

2018-12-07 00:30:31 - [TEST_STEP][PASSED] - Statement - counter = counter + 1: null

2018-12-07 00:30:31 - [TEST_STEP][PASSED] - Statement - PreSaveFile = new java.io.File(((pathPrefix + java.lang.Integer.toString(counter)) + .png)): null

2018-12-07 00:30:31 - [TEST_STEP][PASSED] - Statement - counter = counter + 1: null

2018-12-07 00:30:31 - [TEST_STEP][PASSED] - Statement - PreSaveFile = new java.io.File(((pathPrefix + java.lang.Integer.toString(counter)) + .png)): null

2018-12-07 00:30:31 - [TEST_STEP][PASSED] - Statement - counter = counter + 1: null

2018-12-07 00:30:31 - [TEST_STEP][PASSED] - Statement - PreSaveFile = new java.io.File(((pathPrefix + java.lang.Integer.toString(counter)) + .png)): null

2018-12-07 00:30:31 - [TEST_STEP][PASSED] - Statement - counter = counter + 1: null

2018-12-07 00:30:31 - [TEST_STEP][PASSED] - Statement - PreSaveFile = new java.io.File(((pathPrefix + java.lang.Integer.toString(counter)) + .png)): null

2018-12-07 00:30:31 - [TEST_STEP][PASSED] - Statement - counter = counter + 1: null

2018-12-07 00:30:31 - [TEST_STEP][PASSED] - Statement - PreSaveFile = new java.io.File(((pathPrefix + java.lang.Integer.toString(counter)) + .png)): null

2018-12-07 00:30:31 - [TEST_STEP][PASSED] - Statement - counter = counter + 1: null

2018-12-07 00:30:31 - [TEST_STEP][PASSED] - Statement - PreSaveFile = new java.io.File(((pathPrefix + java.lang.Integer.toString(counter)) + .png)): null

2018-12-07 00:30:31 - [TEST_STEP][PASSED] - Statement - counter = counter + 1: null

2018-12-07 00:30:31 - [TEST_STEP][PASSED] - Statement - PreSaveFile = new java.io.File(((pathPrefix + java.lang.Integer.toString(counter)) + .png)): null

2018-12-07 00:30:31 - [TEST_STEP][PASSED] - Statement - counter = counter + 1: null

2018-12-07 00:30:31 - [TEST_STEP][PASSED] - Statement - PreSaveFile = new java.io.File(((pathPrefix + java.lang.Integer.toString(counter)) + .png)): null

2018-12-07 00:30:31 - [TEST_STEP][PASSED] - Statement - counter = counter + 1: null

2018-12-07 00:30:31 - [TEST_STEP][PASSED] - Statement - PreSaveFile = new java.io.File(((pathPrefix + java.lang.Integer.toString(counter)) + .png)): null

2018-12-07 00:30:31 - [TEST_STEP][PASSED] - Statement - counter = counter + 1: null

2018-12-07 00:30:31 - [TEST_STEP][PASSED] - Statement - PreSaveFile = new java.io.File(((pathPrefix + java.lang.Integer.toString(counter)) + .png)): null

2018-12-07 00:30:31 - [TEST_STEP][PASSED] - Statement - counter = counter + 1: null

2018-12-07 00:30:31 - [TEST_STEP][PASSED] - Statement - PreSaveFile = new java.io.File(((pathPrefix + java.lang.Integer.toString(counter)) + .png)): null

2018-12-07 00:30:31 - [TEST_STEP][PASSED] - Statement - counter = counter + 1: null

2018-12-07 00:30:31 - [TEST_STEP][PASSED] - Statement - PreSaveFile = new java.io.File(((pathPrefix + java.lang.Integer.toString(counter)) + .png)): null

2018-12-07 00:30:31 - [TEST_STEP][PASSED] - Statement - counter = counter + 1: null

2018-12-07 00:30:31 - [TEST_STEP][PASSED] - Statement - PreSaveFile = new java.io.File(((pathPrefix + java.lang.Integer.toString(counter)) + .png)): null

2018-12-07 00:30:31 - [TEST_STEP][PASSED] - Statement - counter = counter + 1: null

2018-12-07 00:30:31 - [TEST_STEP][PASSED] - Statement - PreSaveFile = new java.io.File(((pathPrefix + java.lang.Integer.toString(counter)) + .png)): null

2018-12-07 00:30:31 - [TEST_STEP][PASSED] - Statement - counter = counter + 1: null

2018-12-07 00:30:31 - [TEST_STEP][PASSED] - Statement - PreSaveFile = new java.io.File(((pathPrefix + java.lang.Integer.toString(counter)) + .png)): null

2018-12-07 00:30:32 - [TEST_STEP][PASSED] - Statement - counter = counter + 1: null

2018-12-07 00:30:32 - [TEST_STEP][PASSED] - Statement - PreSaveFile = new java.io.File(((pathPrefix + java.lang.Integer.toString(counter)) + .png)): null

2018-12-07 00:30:32 - [TEST_STEP][PASSED] - Statement - counter = counter + 1: null

2018-12-07 00:30:32 - [TEST_STEP][PASSED] - Statement - PreSaveFile = new java.io.File(((pathPrefix + java.lang.Integer.toString(counter)) + .png)): null

2018-12-07 00:30:32 - [TEST_STEP][PASSED] - Statement - counter = counter + 1: null

2018-12-07 00:30:32 - [TEST_STEP][PASSED] - Statement - PreSaveFile = new java.io.File(((pathPrefix + java.lang.Integer.toString(counter)) + .png)): null

2018-12-07 00:30:32 - [TEST_STEP][PASSED] - Statement - counter = counter + 1: null

2018-12-07 00:30:32 - [TEST_STEP][PASSED] - Statement - PreSaveFile = new java.io.File(((pathPrefix + java.lang.Integer.toString(counter)) + .png)): null

2018-12-07 00:30:32 - [TEST_STEP][PASSED] - Statement - counter = counter + 1: null

2018-12-07 00:30:32 - [TEST_STEP][PASSED] - Statement - PreSaveFile = new java.io.File(((pathPrefix + java.lang.Integer.toString(counter)) + .png)): null

2018-12-07 00:30:32 - [TEST_STEP][PASSED] - Statement - counter = counter + 1: null

2018-12-07 00:30:32 - [TEST_STEP][PASSED] - Statement - PreSaveFile = new java.io.File(((pathPrefix + java.lang.Integer.toString(counter)) + .png)): null

2018-12-07 00:30:32 - [TEST_STEP][PASSED] - Statement - counter = counter + 1: null

2018-12-07 00:30:32 - [TEST_STEP][PASSED] - Statement - PreSaveFile = new java.io.File(((pathPrefix + java.lang.Integer.toString(counter)) + .png)): null

2018-12-07 00:30:32 - [TEST_STEP][PASSED] - Statement - counter = counter + 1: null

2018-12-07 00:30:32 - [TEST_STEP][PASSED] - Statement - PreSaveFile = new java.io.File(((pathPrefix + java.lang.Integer.toString(counter)) + .png)): null

2018-12-07 00:30:32 - [TEST_STEP][PASSED] - Statement - counter = counter + 1: null

2018-12-07 00:30:32 - [TEST_STEP][PASSED] - Statement - PreSaveFile = new java.io.File(((pathPrefix + java.lang.Integer.toString(counter)) + .png)): null

2018-12-07 00:30:32 - [TEST_STEP][PASSED] - Statement - counter = counter + 1: null

2018-12-07 00:30:32 - [TEST_STEP][PASSED] - Statement - PreSaveFile = new java.io.File(((pathPrefix + java.lang.Integer.toString(counter)) + .png)): null

2018-12-07 00:30:32 - [TEST_STEP][PASSED] - Statement - counter = counter + 1: null

2018-12-07 00:30:32 - [TEST_STEP][PASSED] - Statement - PreSaveFile = new java.io.File(((pathPrefix + java.lang.Integer.toString(counter)) + .png)): null

2018-12-07 00:30:32 - [TEST_STEP][PASSED] - Statement - counter = counter + 1: null

2018-12-07 00:30:32 - [TEST_STEP][PASSED] - Statement - PreSaveFile = new java.io.File(((pathPrefix + java.lang.Integer.toString(counter)) + .png)): null

2018-12-07 00:30:32 - [TEST_STEP][PASSED] - Statement - counter = counter + 1: null

2018-12-07 00:30:32 - [TEST_STEP][PASSED] - Statement - PreSaveFile = new java.io.File(((pathPrefix + java.lang.Integer.toString(counter)) + .png)): null

2018-12-07 00:30:32 - [TEST_STEP][PASSED] - Statement - counter = counter + 1: null

2018-12-07 00:30:32 - [TEST_STEP][PASSED] - Statement - PreSaveFile = new java.io.File(((pathPrefix + java.lang.Integer.toString(counter)) + .png)): null

2018-12-07 00:30:32 - [TEST_STEP][PASSED] - Statement - counter = counter + 1: null

2018-12-07 00:30:32 - [TEST_STEP][PASSED] - Statement - PreSaveFile = new java.io.File(((pathPrefix + java.lang.Integer.toString(counter)) + .png)): null

2018-12-07 00:30:32 - [TEST_STEP][PASSED] - Statement - counter = counter + 1: null

2018-12-07 00:30:32 - [TEST_STEP][PASSED] - Statement - PreSaveFile = new java.io.File(((pathPrefix + java.lang.Integer.toString(counter)) + .png)): null

2018-12-07 00:30:32 - [TEST_STEP][PASSED] - Statement - counter = counter + 1: null

2018-12-07 00:30:32 - [TEST_STEP][PASSED] - Statement - PreSaveFile = new java.io.File(((pathPrefix + java.lang.Integer.toString(counter)) + .png)): null

2018-12-07 00:30:32 - [TEST_STEP][PASSED] - Statement - counter = counter + 1: null

2018-12-07 00:30:32 - [TEST_STEP][PASSED] - Statement - PreSaveFile = new java.io.File(((pathPrefix + java.lang.Integer.toString(counter)) + .png)): null

2018-12-07 00:30:32 - [TEST_STEP][PASSED] - Statement - counter = counter + 1: null

2018-12-07 00:30:32 - [TEST_STEP][PASSED] - Statement - PreSaveFile = new java.io.File(((pathPrefix + java.lang.Integer.toString(counter)) + .png)): null

2018-12-07 00:30:32 - [TEST_STEP][PASSED] - Statement - counter = counter + 1: null

2018-12-07 00:30:32 - [TEST_STEP][PASSED] - Statement - PreSaveFile = new java.io.File(((pathPrefix + java.lang.Integer.toString(counter)) + .png)): null

2018-12-07 00:30:32 - [TEST_STEP][PASSED] - Statement - counter = counter + 1: null

2018-12-07 00:30:32 - [TEST_STEP][PASSED] - Statement - PreSaveFile = new java.io.File(((pathPrefix + java.lang.Integer.toString(counter)) + .png)): null

2018-12-07 00:30:32 - [TEST_STEP][PASSED] - Statement - counter = counter + 1: null

2018-12-07 00:30:32 - [TEST_STEP][PASSED] - Statement - PreSaveFile = new java.io.File(((pathPrefix + java.lang.Integer.toString(counter)) + .png)): null

2018-12-07 00:30:32 - [TEST_STEP][PASSED] - Statement - counter = counter + 1: null

2018-12-07 00:30:32 - [TEST_STEP][PASSED] - Statement - PreSaveFile = new java.io.File(((pathPrefix + java.lang.Integer.toString(counter)) + .png)): null

2018-12-07 00:30:32 - [TEST_STEP][PASSED] - Statement - counter = counter + 1: null

2018-12-07 00:30:32 - [TEST_STEP][PASSED] - Statement - PreSaveFile = new java.io.File(((pathPrefix + java.lang.Integer.toString(counter)) + .png)): null

2018-12-07 00:30:32 - [TEST_STEP][PASSED] - Statement - counter = counter + 1: null

2018-12-07 00:30:32 - [TEST_STEP][PASSED] - Statement - PreSaveFile = new java.io.File(((pathPrefix + java.lang.Integer.toString(counter)) + .png)): null

2018-12-07 00:30:32 - [TEST_STEP][PASSED] - Statement - counter = counter + 1: null

2018-12-07 00:30:32 - [TEST_STEP][PASSED] - Statement - PreSaveFile = new java.io.File(((pathPrefix + java.lang.Integer.toString(counter)) + .png)): null

2018-12-07 00:30:32 - [TEST_STEP][PASSED] - Statement - finalPath = pathPrefix + java.lang.Integer.toString(counter) + ".png": null

2018-12-07 00:30:32 - [TEST_STEP][PASSED] - Statement - SaveFile = new java.io.File(finalPath): null

2018-12-07 00:30:32 - [TEST_STEP][PASSED] - Statement - Try: null

2018-12-07 00:30:32 - [TEST_STEP][PASSED] - Statement - org.apache.commons.io.FileUtils.copyFile(scrFile, SaveFile): null

2018-12-07 00:30:32 - [TEST_STEP][PASSED] - Statement - out.println("file kept"): null

2018-12-07 00:30:32 - [TEST_STEP][PASSED] - delay: Delayed 10 second(s)

2018-12-07 00:30:42 - [MESSAGE][PASSED] - Delayed 10 second(s)

2018-12-07 00:30:42 - [MESSAGE][PASSED] - Call Test Case 'Test Cases/Final Aug 2018 - PKS Automation/Common/Screenshoting tool' successfully

2018-12-07 00:30:42 - [TEST_STEP][PASSED] - callTestCase: Call Test Case 'Test Cases/Final Aug 2018 - PKS Automation/Registration Module/Log Out/log out avoiding katalon tagging' successfully

2018-12-07 00:30:42 - [TEST_CASE][PASSED] - Test Cases/Final Aug 2018 - PKS Automation/Registration Module/Log Out/log out avoiding katalon tagging: Test Cases/Final Aug 2018 - PKS Automation/Registration Module/Log Out/log out avoiding katalon tagging

2018-12-07 00:30:42 - [TEST_STEP][PASSED] - navigateToUrl: Navigate to 'https://assist2-uat.perkeso.gov.my/c/portal/logout' successfully

2018-12-07 00:30:43 - [MESSAGE][PASSED] - Navigate to 'https://assist2-uat.perkeso.gov.my/c/portal/logout' successfully

2018-12-07 00:30:43 - [MESSAGE][PASSED] - Call Test Case 'Test Cases/Final Aug 2018 - PKS Automation/Registration Module/Log Out/log out avoiding katalon tagging' successfully

2018-12-07 00:30:43 - [TEST_STEP][PASSED] - callTestCase: Call Test Case 'Test Cases/Final Aug 2018 - PKS Automation/Common/Workflow Owner Finder' successfully

2018-12-07 00:30:43 - [TEST_CASE][PASSED] - Test Cases/Final Aug 2018 - PKS Automation/Common/Workflow Owner Finder: Test Cases/Final Aug 2018 - PKS Automation/Common/Workflow Owner Finder

2018-12-07 00:30:43 - [TEST_STEP][PASSED] - openBrowser: Browser is opened with url: ''

2018-12-07 00:30:43 - [MESSAGE][WARNING] - A browser is already opened. Closing browser and opening a new one

2018-12-07 00:30:46 - [MESSAGE][PASSED] - Browser is opened with url: ''

2018-12-07 00:30:46 - [TEST_STEP][PASSED] - navigateToUrl: Navigate to 'https://assist2-uat.perkeso.gov.my/login' successfully

2018-12-07 00:30:48 - [MESSAGE][PASSED] - Navigate to 'https://assist2-uat.perkeso.gov.my/login' successfully

2018-12-07 00:30:48 - [TEST_STEP][PASSED] - delay: Delayed 5 second(s)

2018-12-07 00:30:53 - [MESSAGE][PASSED] - Delayed 5 second(s)

2018-12-07 00:30:53 - [TEST_STEP][PASSED] - setText: Text 'test@liferay.com' is set on object 'Object Repository/Final Object Repo/Login Page/Internal User/Email Address'

2018-12-07 00:30:53 - [MESSAGE][PASSED] - Text 'test@liferay.com' is set on object 'Object Repository/Final Object Repo/Login Page/Internal User/Email Address'

2018-12-07 00:30:53 - [TEST_STEP][PASSED] - click: Object: 'Object Repository/Final Object Repo/Login Page/Internal User/Next Button' is clicked on

2018-12-07 00:30:53 - [MESSAGE][PASSED] - Object: 'Object Repository/Final Object Repo/Login Page/Internal User/Next Button' is clicked on

2018-12-07 00:30:53 - [TEST_STEP][PASSED] - delay: Delayed 2 second(s)

2018-12-07 00:30:55 - [MESSAGE][PASSED] - Delayed 2 second(s)

2018-12-07 00:30:55 - [TEST_STEP][PASSED] - setText: Text 'test' is set on object 'Object Repository/Final Object Repo/Login Page/Internal User/Password'

2018-12-07 00:30:55 - [MESSAGE][PASSED] - Text 'test' is set on object 'Object Repository/Final Object Repo/Login Page/Internal User/Password'

2018-12-07 00:30:55 - [TEST_STEP][PASSED] - delay: Delayed 2 second(s)

2018-12-07 00:30:57 - [MESSAGE][PASSED] - Delayed 2 second(s)

2018-12-07 00:30:57 - [TEST_STEP][PASSED] - click: Object: 'Object Repository/Final Object Repo/Login Page/Internal User/Login Button' is clicked on

2018-12-07 00:30:57 - [MESSAGE][PASSED] - Object: 'Object Repository/Final Object Repo/Login Page/Internal User/Login Button' is clicked on

2018-12-07 00:30:57 - [TEST_STEP][PASSED] - Statement - tester = com.kms.katalon.core.testobject.ObjectRepository.findTestObject(Final Object Repo/Landing Page/Select to English): Finding Test Object with id 'Object Repository/Final Object Repo/Landing Page/Select to English'

2018-12-07 00:30:57 - [TEST_STEP][PASSED] - Statement - Try: Delayed 2 second(s)

2018-12-07 00:30:57 - [TEST_STEP][PASSED] - Statement - Checker = com.kms.katalon.core.webui.keyword.WebUiBuiltInKeywords.verifyElementNotPresent(tester, 3): Web element with id: 'Object Repository/Final Object Repo/Landing Page/Select to English' located by 'By.xpath: //a[@class = 'taglib-language-list-text' and @lang = 'en-US' and (contains(text(), 'EN') or contains(., 'EN'))]' is not present after '3' second(s)

2018-12-07 00:31:00 - [MESSAGE][PASSED] - Web element with id: 'Object Repository/Final Object Repo/Landing Page/Select to English' located by 'By.xpath: //a[@class = 'taglib-language-list-text' and @lang = 'en-US' and (contains(text(), 'EN') or contains(., 'EN'))]' is not present after '3' second(s)

2018-12-07 00:31:00 - [TEST_STEP][PASSED] - Statement - If (Checker == false): null

2018-12-07 00:31:00 - [TEST_STEP][PASSED] - delay: Delayed 2 second(s)

2018-12-07 00:31:02 - [MESSAGE][PASSED] - Delayed 2 second(s)

2018-12-07 00:31:02 - [TEST_STEP][PASSED] - delay: Delayed 5 second(s)

2018-12-07 00:31:07 - [MESSAGE][PASSED] - Delayed 5 second(s)

2018-12-07 00:31:07 - [TEST_STEP][PASSED] - mouseOver: Object: 'Object Repository/Final Object Repo/Landing Page/WorkFlow Menu' is hovered

2018-12-07 00:31:07 - [MESSAGE][PASSED] - Object: 'Object Repository/Final Object Repo/Landing Page/WorkFlow Menu' is hovered

2018-12-07 00:31:07 - [TEST_STEP][PASSED] - delay: Delayed 2 second(s)

2018-12-07 00:31:09 - [MESSAGE][PASSED] - Delayed 2 second(s)

2018-12-07 00:31:09 - [TEST_STEP][PASSED] - click: Object: 'Object Repository/Final Object Repo/Landing Page/Select to Workflow Listing' is clicked on

2018-12-07 00:31:10 - [MESSAGE][PASSED] - Object: 'Object Repository/Final Object Repo/Landing Page/Select to Workflow Listing' is clicked on

2018-12-07 00:31:10 - [TEST_STEP][PASSED] - delay: Delayed 2 second(s)

2018-12-07 00:31:12 - [MESSAGE][PASSED] - Delayed 2 second(s)

2018-12-07 00:31:12 - [TEST_STEP][PASSED] - click: Object: 'Object Repository/Final Object Repo/WorkFlow Listing Page/Search Information - To Put Ref No' is clicked on

2018-12-07 00:31:12 - [MESSAGE][PASSED] - Object: 'Object Repository/Final Object Repo/WorkFlow Listing Page/Search Information - To Put Ref No' is clicked on

2018-12-07 00:31:12 - [TEST_STEP][PASSED] - delay: Delayed 2 second(s)

2018-12-07 00:31:14 - [MESSAGE][PASSED] - Delayed 2 second(s)

2018-12-07 00:31:14 - [TEST_STEP][PASSED] - callTestCase: Call Test Case 'Test Cases/Final Aug 2018 - PKS Automation/Common/Reference Number Getter' successfully

2018-12-07 00:31:14 - [TEST_CASE][PASSED] - Test Cases/Final Aug 2018 - PKS Automation/Common/Reference Number Getter: Test Cases/Final Aug 2018 - PKS Automation/Common/Reference Number Getter

2018-12-07 00:31:14 - [TEST_STEP][PASSED] - Statement - Try: null

2018-12-07 00:31:14 - [TEST_STEP][PASSED] - Statement - RefNo = new java.io.File(C://Users//Admin//Desktop//PKS//Automation Reference Point//KatalonReference.txt): null

2018-12-07 00:31:14 - [TEST_STEP][PASSED] - Statement - bufferread = new java.io.BufferedReader(new java.io.FileReader(RefNo)): null

2018-12-07 00:31:14 - [TEST_STEP][PASSED] - Statement - readedVal = bufferread.readLine(): null

2018-12-07 00:31:14 - [TEST_STEP][PASSED] - Statement - out.println(CaseReferenceNo): null

2018-12-07 00:31:14 - [TEST_STEP][PASSED] - Statement - out.println(readedVal): null

2018-12-07 00:31:14 - [TEST_STEP][PASSED] - Statement - CaseReferenceNo = "": null

2018-12-07 00:31:14 - [TEST_STEP][PASSED] - Statement - CaseReferenceNo = readedVal: null

2018-12-07 00:31:14 - [MESSAGE][PASSED] - Call Test Case 'Test Cases/Final Aug 2018 - PKS Automation/Common/Reference Number Getter' successfully

2018-12-07 00:31:14 - [TEST_STEP][PASSED] - setText: Text 'CAN12201800002272' is set on object 'Object Repository/Final Object Repo/WorkFlow Listing Page/Ref No Set Text'

2018-12-07 00:31:14 - [MESSAGE][PASSED] - Text 'CAN12201800002272' is set on object 'Object Repository/Final Object Repo/WorkFlow Listing Page/Ref No Set Text'

2018-12-07 00:31:14 - [TEST_STEP][PASSED] - delay: Delayed 2 second(s)

2018-12-07 00:31:16 - [MESSAGE][PASSED] - Delayed 2 second(s)

2018-12-07 00:31:16 - [TEST_STEP][PASSED] - click: Object: 'Object Repository/Final Object Repo/WorkFlow Listing Page/Search Ref No Search Button' is clicked on

2018-12-07 00:31:17 - [MESSAGE][PASSED] - Object: 'Object Repository/Final Object Repo/WorkFlow Listing Page/Search Ref No Search Button' is clicked on

2018-12-07 00:31:17 - [TEST_STEP][PASSED] - delay: Delayed 6 second(s)

2018-12-07 00:31:23 - [MESSAGE][PASSED] - Delayed 6 second(s)

2018-12-07 00:31:23 - [TEST_STEP][PASSED] - click: Object: 'Object Repository/Final Object Repo/WorkFlow Listing Page/Click Continue Tooltip' is clicked on

2018-12-07 00:31:24 - [MESSAGE][PASSED] - Object: 'Object Repository/Final Object Repo/WorkFlow Listing Page/Click Continue Tooltip' is clicked on

2018-12-07 00:31:24 - [TEST_STEP][PASSED] - delay: Delayed 5 second(s)

2018-12-07 00:31:29 - [MESSAGE][PASSED] - Delayed 5 second(s)

2018-12-07 00:31:29 - [TEST_STEP][PASSED] - doubleClick: Object: 'Object Repository/Final Object Repo/WorkFlow Listing Page/Workflow Found - Listing 1' is double clicked on

2018-12-07 00:31:29 - [MESSAGE][PASSED] - Object: 'Object Repository/Final Object Repo/WorkFlow Listing Page/Workflow Found - Listing 1' is double clicked on

2018-12-07 00:31:29 - [TEST_STEP][PASSED] - Statement - println(OwnerID): null

2018-12-07 00:31:29 - [TEST_STEP][PASSED] - Statement - OwnerID = com.kms.katalon.core.webui.keyword.WebUiBuiltInKeywords.getText(com.kms.katalon.core.testobject.ObjectRepository.findTestObject(Final Object Repo/WorkFlow Listing Page/Workflow Found - Listing 1), STOP_ON_FAILURE): Text of object 'Object Repository/Final Object Repo/WorkFlow Listing Page/Workflow Found - Listing 1' is: 'JOHORro1'

2018-12-07 00:31:29 - [MESSAGE][PASSED] - Text of object 'Object Repository/Final Object Repo/WorkFlow Listing Page/Workflow Found - Listing 1' is: 'JOHORro1'

2018-12-07 00:31:29 - [TEST_STEP][PASSED] - Statement - OwnerID = OwnerID.toLowerCase() + "@gmail.com": null

2018-12-07 00:31:29 - [TEST_STEP][PASSED] - Statement - println(OwnerID): null

2018-12-07 00:31:29 - [TEST_STEP][PASSED] - delay: Delayed 2 second(s)

2018-12-07 00:31:31 - [MESSAGE][PASSED] - Delayed 2 second(s)

2018-12-07 00:31:31 - [MESSAGE][PASSED] - Call Test Case 'Test Cases/Final Aug 2018 - PKS Automation/Common/Workflow Owner Finder' successfully

2018-12-07 00:31:31 - [TEST_STEP][PASSED] - callTestCase: Call Test Case 'Test Cases/Final Aug 2018 - PKS Automation/Registration Module/Log Out/log out avoiding katalon tagging' successfully

2018-12-07 00:31:31 - [TEST_CASE][PASSED] - Test Cases/Final Aug 2018 - PKS Automation/Registration Module/Log Out/log out avoiding katalon tagging: Test Cases/Final Aug 2018 - PKS Automation/Registration Module/Log Out/log out avoiding katalon tagging

2018-12-07 00:31:31 - [TEST_STEP][PASSED] - navigateToUrl: Navigate to 'https://assist2-uat.perkeso.gov.my/c/portal/logout' successfully

2018-12-07 00:31:32 - [MESSAGE][PASSED] - Navigate to 'https://assist2-uat.perkeso.gov.my/c/portal/logout' successfully

2018-12-07 00:31:32 - [MESSAGE][PASSED] - Call Test Case 'Test Cases/Final Aug 2018 - PKS Automation/Registration Module/Log Out/log out avoiding katalon tagging' successfully

2018-12-07 00:31:32 - [TEST_STEP][PASSED] - delay: Delayed 2 second(s)

2018-12-07 00:31:34 - [MESSAGE][PASSED] - Delayed 2 second(s)

2018-12-07 00:31:34 - [TEST_STEP][PASSED] - setText: Text 'johorro1@gmail.com' is set on object 'Object Repository/Final Object Repo/Page_Update Add New Employee - ASSIST/Email TextBox'

2018-12-07 00:31:34 - [MESSAGE][PASSED] - Text 'johorro1@gmail.com' is set on object 'Object Repository/Final Object Repo/Page_Update Add New Employee - ASSIST/Email TextBox'

2018-12-07 00:31:34 - [TEST_STEP][PASSED] - click: Object: 'Object Repository/Final Object Repo/Page_Update Add New Employee - ASSIST/Next Button' is clicked on

2018-12-07 00:31:34 - [MESSAGE][PASSED] - Object: 'Object Repository/Final Object Repo/Page_Update Add New Employee - ASSIST/Next Button' is clicked on

2018-12-07 00:31:34 - [TEST_STEP][PASSED] - delay: Delayed 2 second(s)

2018-12-07 00:31:36 - [MESSAGE][PASSED] - Delayed 2 second(s)

2018-12-07 00:31:36 - [TEST_STEP][PASSED] - setText: Text 'Test1@3456789' is set on object 'Object Repository/Final Object Repo/Page_Update Add New Employee - ASSIST/Password TextBox'

2018-12-07 00:31:37 - [MESSAGE][PASSED] - Text 'Test1@3456789' is set on object 'Object Repository/Final Object Repo/Page_Update Add New Employee - ASSIST/Password TextBox'

2018-12-07 00:31:37 - [TEST_STEP][PASSED] - delay: Delayed 2 second(s)

2018-12-07 00:31:39 - [MESSAGE][PASSED] - Delayed 2 second(s)

2018-12-07 00:31:39 - [TEST_STEP][PASSED] - click: Object: 'Object Repository/Final Object Repo/Page_Update Add New Employee - ASSIST/Login Button' is clicked on

2018-12-07 00:31:39 - [MESSAGE][PASSED] - Object: 'Object Repository/Final Object Repo/Page_Update Add New Employee - ASSIST/Login Button' is clicked on

2018-12-07 00:31:39 - [TEST_STEP][PASSED] - delay: Delayed 4 second(s)

2018-12-07 00:31:43 - [MESSAGE][PASSED] - Delayed 4 second(s)

2018-12-07 00:31:43 - [TEST_STEP][PASSED] - Statement - Try: Delayed 2 second(s)

2018-12-07 00:31:43 - [TEST_STEP][PASSED] - Statement - Checker = false: null

2018-12-07 00:31:43 - [TEST_STEP][PASSED] - Statement - Checker = com.kms.katalon.core.webui.keyword.WebUiBuiltInKeywords.verifyElementHasAttribute(com.kms.katalon.core.testobject.ObjectRepository.findTestObject(Final Object Repo/Landing Page/BM Detecting), "href", 20, OPTIONAL): Object 'Object Repository/Final Object Repo/Landing Page/BM Detecting' has attribute 'href'

2018-12-07 00:31:43 - [MESSAGE][PASSED] - Object 'Object Repository/Final Object Repo/Landing Page/BM Detecting' has attribute 'href'

2018-12-07 00:31:43 - [TEST_STEP][PASSED] - Statement - out.println(Checker): null

2018-12-07 00:31:43 - [TEST_STEP][PASSED] - Statement - If (Checker == false): null

2018-12-07 00:31:43 - [TEST_STEP][PASSED] - Statement - Else: null

2018-12-07 00:31:43 - [TEST_STEP][PASSED] - delay: Delayed 2 second(s)

2018-12-07 00:31:45 - [MESSAGE][PASSED] - Delayed 2 second(s)

2018-12-07 00:31:45 - [TEST_STEP][PASSED] - delay: Delayed 4 second(s)

2018-12-07 00:31:49 - [MESSAGE][PASSED] - Delayed 4 second(s)

2018-12-07 00:31:49 - [TEST_STEP][PASSED] - click: Object: 'Object Repository/Final Object Repo/New Registration - Registration Module Pages/New Reg - OTC to RO/Special Case - All Related Objects/Expand to Search' is clicked on

2018-12-07 00:31:49 - [MESSAGE][PASSED] - Object: 'Object Repository/Final Object Repo/New Registration - Registration Module Pages/New Reg - OTC to RO/Special Case - All Related Objects/Expand to Search' is clicked on

2018-12-07 00:31:49 - [TEST_STEP][FAILED] - setText: Unable to set text 'CAN12201800002272' of object 'Object Repository/Final Object Repo/New Registration - Registration Module Pages/New Reg - OTC to RO/Special Case - All Related Objects/TextBox RefNo in Workbasket' (Root cause: org.openqa.selenium.ElementNotVisibleException: element not interactable
  (Session info: chrome=70.0.3538.110)
  (Driver info: chromedriver=2.43.600210 (68dcf5eebde37173d4027fa8635e332711d2874a),platform=Windows NT 6.1.7601 SP1 x86_64) (WARNING: The server did not provide any stacktrace information)
Command duration or timeout: 0 milliseconds
Build info: version: '3.7.1', revision: '8a0099a', time: '2017-11-06T21:07:36.161Z'
System info: host: 'WIN7TEST02', ip: '10.20.3.72', os.name: 'Windows 7', os.arch: 'amd64', os.version: '6.1', java.version: '1.8.0_181'
Driver info: com.kms.katalon.selenium.driver.CChromeDriver
Capabilities {acceptInsecureCerts: false, acceptSslCerts: false, applicationCacheEnabled: false, browserConnectionEnabled: false, browserName: chrome, chrome: {chromedriverVersion: 2.43.600210 (68dcf5eebde371..., userDataDir: C:\Users\Admin\AppData\Loca...}, cssSelectorsEnabled: true, databaseEnabled: false, goog:chromeOptions: {debuggerAddress: localhost:63053}, handlesAlerts: true, hasTouchScreen: false, javascriptEnabled: true, locationContextEnabled: true, mobileEmulationEnabled: false, nativeEvents: true, networkConnectionEnabled: false, pageLoadStrategy: normal, platform: XP, platformName: XP, rotatable: false, setWindowRect: true, takesHeapSnapshot: true, takesScreenshot: true, unexpectedAlertBehaviour: , unhandledPromptBehavior: , version: 70.0.3538.110, webStorageEnabled: true}
Session ID: 1b965196830941ab5562bfce420d3d75)

2018-12-07 00:31:49 - [MESSAGE][FAILED] - Unable to set text 'CAN12201800002272' of object 'Object Repository/Final Object Repo/New Registration - Registration Module Pages/New Reg - OTC to RO/Special Case - All Related Objects/TextBox RefNo in Workbasket' (Root cause: org.openqa.selenium.ElementNotVisibleException: element not interactable
  (Session info: chrome=70.0.3538.110)
  (Driver info: chromedriver=2.43.600210 (68dcf5eebde37173d4027fa8635e332711d2874a),platform=Windows NT 6.1.7601 SP1 x86_64) (WARNING: The server did not provide any stacktrace information)
Command duration or timeout: 0 milliseconds
Build info: version: '3.7.1', revision: '8a0099a', time: '2017-11-06T21:07:36.161Z'
System info: host: 'WIN7TEST02', ip: '10.20.3.72', os.name: 'Windows 7', os.arch: 'amd64', os.version: '6.1', java.version: '1.8.0_181'
Driver info: com.kms.katalon.selenium.driver.CChromeDriver
Capabilities {acceptInsecureCerts: false, acceptSslCerts: false, applicationCacheEnabled: false, browserConnectionEnabled: false, browserName: chrome, chrome: {chromedriverVersion: 2.43.600210 (68dcf5eebde371..., userDataDir: C:\Users\Admin\AppData\Loca...}, cssSelectorsEnabled: true, databaseEnabled: false, goog:chromeOptions: {debuggerAddress: localhost:63053}, handlesAlerts: true, hasTouchScreen: false, javascriptEnabled: true, locationContextEnabled: true, mobileEmulationEnabled: false, nativeEvents: true, networkConnectionEnabled: false, pageLoadStrategy: normal, platform: XP, platformName: XP, rotatable: false, setWindowRect: true, takesHeapSnapshot: true, takesScreenshot: true, unexpectedAlertBehaviour: , unhandledPromptBehavior: , version: 70.0.3538.110, webStorageEnabled: true}
Session ID: 1b965196830941ab5562bfce420d3d75)
[[ATTACHMENT|C:\\Users\\Admin\\Desktop\\PKS\\Perkeso Phase A\\Reports\\Workflow\\Update Add New Employee\\20181206_171415\\1544113909472.png]]

2018-12-07 00:31:49 - [TEST_STEP][PASSED] - delay: Delayed 2 second(s)

2018-12-07 00:31:51 - [MESSAGE][PASSED] - Delayed 2 second(s)

2018-12-07 00:31:51 - [TEST_STEP][PASSED] - click: Object: 'Object Repository/Final Object Repo/New Registration - Registration Module Pages/New Reg - OTC to RO/Special Case - All Related Objects/Click Search' is clicked on

2018-12-07 00:31:52 - [MESSAGE][PASSED] - Object: 'Object Repository/Final Object Repo/New Registration - Registration Module Pages/New Reg - OTC to RO/Special Case - All Related Objects/Click Search' is clicked on

2018-12-07 00:31:52 - [TEST_STEP][PASSED] - delay: Delayed 2 second(s)

2018-12-07 00:31:54 - [MESSAGE][PASSED] - Delayed 2 second(s)

2018-12-07 00:31:54 - [TEST_STEP][PASSED] - click: Object: 'Object Repository/Final Object Repo/New Registration - Registration Module Pages/New Reg - OTC to RO/Special Case - All Related Objects/Click to Continue Workflow' is clicked on

2018-12-07 00:31:58 - [MESSAGE][PASSED] - Object: 'Object Repository/Final Object Repo/New Registration - Registration Module Pages/New Reg - OTC to RO/Special Case - All Related Objects/Click to Continue Workflow' is clicked on

2018-12-07 00:31:58 - [TEST_STEP][PASSED] - delay: Delayed 10 second(s)

2018-12-07 00:32:08 - [MESSAGE][PASSED] - Delayed 10 second(s)

2018-12-07 00:32:08 - [TEST_STEP][PASSED] - click: Object: 'Object Repository/Final Object Repo/New Registration - Registration Module Pages/New Reg - OTC to RO/Special Case - All Related Objects/Continue Button in verifying case' is clicked on

2018-12-07 00:32:11 - [MESSAGE][PASSED] - Object: 'Object Repository/Final Object Repo/New Registration - Registration Module Pages/New Reg - OTC to RO/Special Case - All Related Objects/Continue Button in verifying case' is clicked on

2018-12-07 00:32:11 - [TEST_STEP][PASSED] - delay: Delayed 2 second(s)

2018-12-07 00:32:13 - [MESSAGE][PASSED] - Delayed 2 second(s)

2018-12-07 00:32:13 - [TEST_STEP][PASSED] - click: Object: 'Object Repository/Final Object Repo/Page_Update Add New Employee - ASSIST/Save  Continue Button' is clicked on

2018-12-07 00:32:13 - [MESSAGE][PASSED] - Object: 'Object Repository/Final Object Repo/Page_Update Add New Employee - ASSIST/Save  Continue Button' is clicked on

2018-12-07 00:32:13 - [TEST_STEP][PASSED] - delay: Delayed 4 second(s)

2018-12-07 00:32:17 - [MESSAGE][PASSED] - Delayed 4 second(s)

2018-12-07 00:32:17 - [TEST_STEP][PASSED] - click: Object: 'Object Repository/Final Object Repo/Page_Update Add New Employee - ASSIST/Save  Continue Third Screen' is clicked on

2018-12-07 00:32:20 - [MESSAGE][PASSED] - Object: 'Object Repository/Final Object Repo/Page_Update Add New Employee - ASSIST/Save  Continue Third Screen' is clicked on

2018-12-07 00:32:20 - [TEST_STEP][PASSED] - delay: Delayed 4 second(s)

2018-12-07 00:32:24 - [MESSAGE][PASSED] - Delayed 4 second(s)

2018-12-07 00:32:24 - [TEST_STEP][PASSED] - click: Object: 'Object Repository/Final Object Repo/Page_Update Add New Employee - ASSIST/Save   Continue Supporting Doc Page' is clicked on

2018-12-07 00:32:24 - [MESSAGE][PASSED] - Object: 'Object Repository/Final Object Repo/Page_Update Add New Employee - ASSIST/Save   Continue Supporting Doc Page' is clicked on

2018-12-07 00:32:24 - [TEST_STEP][PASSED] - delay: Delayed 4 second(s)

2018-12-07 00:32:28 - [MESSAGE][PASSED] - Delayed 4 second(s)

2018-12-07 00:32:28 - [TEST_STEP][PASSED] - click: Object: 'Object Repository/Final Object Repo/Page_Update Add New Employee - ASSIST/Submit Button' is clicked on

2018-12-07 00:32:29 - [MESSAGE][PASSED] - Object: 'Object Repository/Final Object Repo/Page_Update Add New Employee - ASSIST/Submit Button' is clicked on

2018-12-07 00:32:29 - [TEST_STEP][PASSED] - delay: Delayed 4 second(s)

2018-12-07 00:32:33 - [MESSAGE][PASSED] - Delayed 4 second(s)

2018-12-07 00:32:33 - [TEST_STEP][PASSED] - click: Object: 'Object Repository/Final Object Repo/Page_Update Add New Employee - ASSIST/Confirm Submit Button' is clicked on

2018-12-07 00:32:33 - [MESSAGE][PASSED] - Object: 'Object Repository/Final Object Repo/Page_Update Add New Employee - ASSIST/Confirm Submit Button' is clicked on

2018-12-07 00:32:33 - [TEST_STEP][PASSED] - delay: Delayed 30 second(s)

2018-12-07 00:33:03 - [MESSAGE][PASSED] - Delayed 30 second(s)

2018-12-07 00:33:03 - [TEST_STEP][PASSED] - callTestCase: Call Test Case 'Test Cases/Final Aug 2018 - PKS Automation/Common/Screenshoting tool' successfully

2018-12-07 00:33:03 - [TEST_CASE][PASSED] - Test Cases/Final Aug 2018 - PKS Automation/Common/Screenshoting tool: Test Cases/Final Aug 2018 - PKS Automation/Common/Screenshoting tool

2018-12-07 00:33:03 - [TEST_STEP][PASSED] - delay: Delayed 15 second(s)

2018-12-07 00:33:18 - [MESSAGE][PASSED] - Delayed 15 second(s)

2018-12-07 00:33:18 - [TEST_STEP][PASSED] - Statement - driver = com.kms.katalon.core.webui.driver.DriverFactory.getWebDriver(): null

2018-12-07 00:33:18 - [TEST_STEP][PASSED] - Statement - driver.manage().timeouts().implicitlyWait(10, SECONDS): null

2018-12-07 00:33:18 - [TEST_STEP][PASSED] - Statement - PresavePath = KatalonScreenshots: null

2018-12-07 00:33:18 - [TEST_STEP][PASSED] - Statement - pathPrefix = "C:\Users\Public\Pictures\Sample Pictures\Katalon Screenshots\Automate Ending Screen": null

2018-12-07 00:33:18 - [TEST_STEP][PASSED] - Statement - finalPath = <not implemented yet for class: org.codehaus.groovy.ast.expr.EmptyExpression>: null

2018-12-07 00:33:18 - [TEST_STEP][PASSED] - Statement - scrFile = driver.getScreenshotAs(FILE): null

2018-12-07 00:33:18 - [TEST_STEP][PASSED] - Statement - PreSaveFile = new java.io.File(PresavePath): null

2018-12-07 00:33:18 - [TEST_STEP][PASSED] - Statement - counter = 0: null

2018-12-07 00:33:18 - [TEST_STEP][PASSED] - Statement - If (PreSaveFile.exists()): null

2018-12-07 00:33:18 - [TEST_STEP][PASSED] - Statement - While (PreSaveFile.exists()): null

2018-12-07 00:33:18 - [TEST_STEP][PASSED] - Statement - counter = counter + 1: null

2018-12-07 00:33:18 - [TEST_STEP][PASSED] - Statement - PreSaveFile = new java.io.File(((pathPrefix + java.lang.Integer.toString(counter)) + .png)): null

2018-12-07 00:33:18 - [TEST_STEP][PASSED] - Statement - counter = counter + 1: null

2018-12-07 00:33:18 - [TEST_STEP][PASSED] - Statement - PreSaveFile = new java.io.File(((pathPrefix + java.lang.Integer.toString(counter)) + .png)): null

2018-12-07 00:33:18 - [TEST_STEP][PASSED] - Statement - counter = counter + 1: null

2018-12-07 00:33:18 - [TEST_STEP][PASSED] - Statement - PreSaveFile = new java.io.File(((pathPrefix + java.lang.Integer.toString(counter)) + .png)): null

2018-12-07 00:33:18 - [TEST_STEP][PASSED] - Statement - counter = counter + 1: null

2018-12-07 00:33:18 - [TEST_STEP][PASSED] - Statement - PreSaveFile = new java.io.File(((pathPrefix + java.lang.Integer.toString(counter)) + .png)): null

2018-12-07 00:33:18 - [TEST_STEP][PASSED] - Statement - counter = counter + 1: null

2018-12-07 00:33:18 - [TEST_STEP][PASSED] - Statement - PreSaveFile = new java.io.File(((pathPrefix + java.lang.Integer.toString(counter)) + .png)): null

2018-12-07 00:33:18 - [TEST_STEP][PASSED] - Statement - counter = counter + 1: null

2018-12-07 00:33:18 - [TEST_STEP][PASSED] - Statement - PreSaveFile = new java.io.File(((pathPrefix + java.lang.Integer.toString(counter)) + .png)): null

2018-12-07 00:33:18 - [TEST_STEP][PASSED] - Statement - counter = counter + 1: null

2018-12-07 00:33:18 - [TEST_STEP][PASSED] - Statement - PreSaveFile = new java.io.File(((pathPrefix + java.lang.Integer.toString(counter)) + .png)): null

2018-12-07 00:33:18 - [TEST_STEP][PASSED] - Statement - counter = counter + 1: null

2018-12-07 00:33:18 - [TEST_STEP][PASSED] - Statement - PreSaveFile = new java.io.File(((pathPrefix + java.lang.Integer.toString(counter)) + .png)): null

2018-12-07 00:33:18 - [TEST_STEP][PASSED] - Statement - counter = counter + 1: null

2018-12-07 00:33:18 - [TEST_STEP][PASSED] - Statement - PreSaveFile = new java.io.File(((pathPrefix + java.lang.Integer.toString(counter)) + .png)): null

2018-12-07 00:33:18 - [TEST_STEP][PASSED] - Statement - counter = counter + 1: null

2018-12-07 00:33:18 - [TEST_STEP][PASSED] - Statement - PreSaveFile = new java.io.File(((pathPrefix + java.lang.Integer.toString(counter)) + .png)): null

2018-12-07 00:33:18 - [TEST_STEP][PASSED] - Statement - counter = counter + 1: null

2018-12-07 00:33:18 - [TEST_STEP][PASSED] - Statement - PreSaveFile = new java.io.File(((pathPrefix + java.lang.Integer.toString(counter)) + .png)): null

2018-12-07 00:33:18 - [TEST_STEP][PASSED] - Statement - counter = counter + 1: null

2018-12-07 00:33:18 - [TEST_STEP][PASSED] - Statement - PreSaveFile = new java.io.File(((pathPrefix + java.lang.Integer.toString(counter)) + .png)): null

2018-12-07 00:33:18 - [TEST_STEP][PASSED] - Statement - counter = counter + 1: null

2018-12-07 00:33:18 - [TEST_STEP][PASSED] - Statement - PreSaveFile = new java.io.File(((pathPrefix + java.lang.Integer.toString(counter)) + .png)): null

2018-12-07 00:33:18 - [TEST_STEP][PASSED] - Statement - counter = counter + 1: null

2018-12-07 00:33:18 - [TEST_STEP][PASSED] - Statement - PreSaveFile = new java.io.File(((pathPrefix + java.lang.Integer.toString(counter)) + .png)): null

2018-12-07 00:33:18 - [TEST_STEP][PASSED] - Statement - counter = counter + 1: null

2018-12-07 00:33:18 - [TEST_STEP][PASSED] - Statement - PreSaveFile = new java.io.File(((pathPrefix + java.lang.Integer.toString(counter)) + .png)): null

2018-12-07 00:33:18 - [TEST_STEP][PASSED] - Statement - counter = counter + 1: null

2018-12-07 00:33:18 - [TEST_STEP][PASSED] - Statement - PreSaveFile = new java.io.File(((pathPrefix + java.lang.Integer.toString(counter)) + .png)): null

2018-12-07 00:33:18 - [TEST_STEP][PASSED] - Statement - counter = counter + 1: null

2018-12-07 00:33:18 - [TEST_STEP][PASSED] - Statement - PreSaveFile = new java.io.File(((pathPrefix + java.lang.Integer.toString(counter)) + .png)): null

2018-12-07 00:33:18 - [TEST_STEP][PASSED] - Statement - counter = counter + 1: null

2018-12-07 00:33:18 - [TEST_STEP][PASSED] - Statement - PreSaveFile = new java.io.File(((pathPrefix + java.lang.Integer.toString(counter)) + .png)): null

2018-12-07 00:33:18 - [TEST_STEP][PASSED] - Statement - counter = counter + 1: null

2018-12-07 00:33:18 - [TEST_STEP][PASSED] - Statement - PreSaveFile = new java.io.File(((pathPrefix + java.lang.Integer.toString(counter)) + .png)): null

2018-12-07 00:33:18 - [TEST_STEP][PASSED] - Statement - counter = counter + 1: null

2018-12-07 00:33:18 - [TEST_STEP][PASSED] - Statement - PreSaveFile = new java.io.File(((pathPrefix + java.lang.Integer.toString(counter)) + .png)): null

2018-12-07 00:33:18 - [TEST_STEP][PASSED] - Statement - counter = counter + 1: null

2018-12-07 00:33:18 - [TEST_STEP][PASSED] - Statement - PreSaveFile = new java.io.File(((pathPrefix + java.lang.Integer.toString(counter)) + .png)): null

2018-12-07 00:33:18 - [TEST_STEP][PASSED] - Statement - counter = counter + 1: null

2018-12-07 00:33:18 - [TEST_STEP][PASSED] - Statement - PreSaveFile = new java.io.File(((pathPrefix + java.lang.Integer.toString(counter)) + .png)): null

2018-12-07 00:33:18 - [TEST_STEP][PASSED] - Statement - counter = counter + 1: null

2018-12-07 00:33:18 - [TEST_STEP][PASSED] - Statement - PreSaveFile = new java.io.File(((pathPrefix + java.lang.Integer.toString(counter)) + .png)): null

2018-12-07 00:33:18 - [TEST_STEP][PASSED] - Statement - counter = counter + 1: null

2018-12-07 00:33:18 - [TEST_STEP][PASSED] - Statement - PreSaveFile = new java.io.File(((pathPrefix + java.lang.Integer.toString(counter)) + .png)): null

2018-12-07 00:33:18 - [TEST_STEP][PASSED] - Statement - counter = counter + 1: null

2018-12-07 00:33:18 - [TEST_STEP][PASSED] - Statement - PreSaveFile = new java.io.File(((pathPrefix + java.lang.Integer.toString(counter)) + .png)): null

2018-12-07 00:33:18 - [TEST_STEP][PASSED] - Statement - counter = counter + 1: null

2018-12-07 00:33:18 - [TEST_STEP][PASSED] - Statement - PreSaveFile = new java.io.File(((pathPrefix + java.lang.Integer.toString(counter)) + .png)): null

2018-12-07 00:33:18 - [TEST_STEP][PASSED] - Statement - counter = counter + 1: null

2018-12-07 00:33:18 - [TEST_STEP][PASSED] - Statement - PreSaveFile = new java.io.File(((pathPrefix + java.lang.Integer.toString(counter)) + .png)): null

2018-12-07 00:33:18 - [TEST_STEP][PASSED] - Statement - counter = counter + 1: null

2018-12-07 00:33:18 - [TEST_STEP][PASSED] - Statement - PreSaveFile = new java.io.File(((pathPrefix + java.lang.Integer.toString(counter)) + .png)): null

2018-12-07 00:33:18 - [TEST_STEP][PASSED] - Statement - counter = counter + 1: null

2018-12-07 00:33:18 - [TEST_STEP][PASSED] - Statement - PreSaveFile = new java.io.File(((pathPrefix + java.lang.Integer.toString(counter)) + .png)): null

2018-12-07 00:33:18 - [TEST_STEP][PASSED] - Statement - counter = counter + 1: null

2018-12-07 00:33:18 - [TEST_STEP][PASSED] - Statement - PreSaveFile = new java.io.File(((pathPrefix + java.lang.Integer.toString(counter)) + .png)): null

2018-12-07 00:33:18 - [TEST_STEP][PASSED] - Statement - counter = counter + 1: null

2018-12-07 00:33:18 - [TEST_STEP][PASSED] - Statement - PreSaveFile = new java.io.File(((pathPrefix + java.lang.Integer.toString(counter)) + .png)): null

2018-12-07 00:33:18 - [TEST_STEP][PASSED] - Statement - counter = counter + 1: null

2018-12-07 00:33:18 - [TEST_STEP][PASSED] - Statement - PreSaveFile = new java.io.File(((pathPrefix + java.lang.Integer.toString(counter)) + .png)): null

2018-12-07 00:33:18 - [TEST_STEP][PASSED] - Statement - counter = counter + 1: null

2018-12-07 00:33:18 - [TEST_STEP][PASSED] - Statement - PreSaveFile = new java.io.File(((pathPrefix + java.lang.Integer.toString(counter)) + .png)): null

2018-12-07 00:33:18 - [TEST_STEP][PASSED] - Statement - counter = counter + 1: null

2018-12-07 00:33:18 - [TEST_STEP][PASSED] - Statement - PreSaveFile = new java.io.File(((pathPrefix + java.lang.Integer.toString(counter)) + .png)): null

2018-12-07 00:33:18 - [TEST_STEP][PASSED] - Statement - counter = counter + 1: null

2018-12-07 00:33:18 - [TEST_STEP][PASSED] - Statement - PreSaveFile = new java.io.File(((pathPrefix + java.lang.Integer.toString(counter)) + .png)): null

2018-12-07 00:33:18 - [TEST_STEP][PASSED] - Statement - counter = counter + 1: null

2018-12-07 00:33:18 - [TEST_STEP][PASSED] - Statement - PreSaveFile = new java.io.File(((pathPrefix + java.lang.Integer.toString(counter)) + .png)): null

2018-12-07 00:33:18 - [TEST_STEP][PASSED] - Statement - counter = counter + 1: null

2018-12-07 00:33:18 - [TEST_STEP][PASSED] - Statement - PreSaveFile = new java.io.File(((pathPrefix + java.lang.Integer.toString(counter)) + .png)): null

2018-12-07 00:33:18 - [TEST_STEP][PASSED] - Statement - counter = counter + 1: null

2018-12-07 00:33:18 - [TEST_STEP][PASSED] - Statement - PreSaveFile = new java.io.File(((pathPrefix + java.lang.Integer.toString(counter)) + .png)): null

2018-12-07 00:33:18 - [TEST_STEP][PASSED] - Statement - counter = counter + 1: null

2018-12-07 00:33:18 - [TEST_STEP][PASSED] - Statement - PreSaveFile = new java.io.File(((pathPrefix + java.lang.Integer.toString(counter)) + .png)): null

2018-12-07 00:33:18 - [TEST_STEP][PASSED] - Statement - counter = counter + 1: null

2018-12-07 00:33:18 - [TEST_STEP][PASSED] - Statement - PreSaveFile = new java.io.File(((pathPrefix + java.lang.Integer.toString(counter)) + .png)): null

2018-12-07 00:33:18 - [TEST_STEP][PASSED] - Statement - counter = counter + 1: null

2018-12-07 00:33:18 - [TEST_STEP][PASSED] - Statement - PreSaveFile = new java.io.File(((pathPrefix + java.lang.Integer.toString(counter)) + .png)): null

2018-12-07 00:33:18 - [TEST_STEP][PASSED] - Statement - counter = counter + 1: null

2018-12-07 00:33:18 - [TEST_STEP][PASSED] - Statement - PreSaveFile = new java.io.File(((pathPrefix + java.lang.Integer.toString(counter)) + .png)): null

2018-12-07 00:33:18 - [TEST_STEP][PASSED] - Statement - counter = counter + 1: null

2018-12-07 00:33:18 - [TEST_STEP][PASSED] - Statement - PreSaveFile = new java.io.File(((pathPrefix + java.lang.Integer.toString(counter)) + .png)): null

2018-12-07 00:33:18 - [TEST_STEP][PASSED] - Statement - counter = counter + 1: null

2018-12-07 00:33:18 - [TEST_STEP][PASSED] - Statement - PreSaveFile = new java.io.File(((pathPrefix + java.lang.Integer.toString(counter)) + .png)): null

2018-12-07 00:33:18 - [TEST_STEP][PASSED] - Statement - counter = counter + 1: null

2018-12-07 00:33:18 - [TEST_STEP][PASSED] - Statement - PreSaveFile = new java.io.File(((pathPrefix + java.lang.Integer.toString(counter)) + .png)): null

2018-12-07 00:33:18 - [TEST_STEP][PASSED] - Statement - counter = counter + 1: null

2018-12-07 00:33:18 - [TEST_STEP][PASSED] - Statement - PreSaveFile = new java.io.File(((pathPrefix + java.lang.Integer.toString(counter)) + .png)): null

2018-12-07 00:33:18 - [TEST_STEP][PASSED] - Statement - counter = counter + 1: null

2018-12-07 00:33:18 - [TEST_STEP][PASSED] - Statement - PreSaveFile = new java.io.File(((pathPrefix + java.lang.Integer.toString(counter)) + .png)): null

2018-12-07 00:33:18 - [TEST_STEP][PASSED] - Statement - counter = counter + 1: null

2018-12-07 00:33:18 - [TEST_STEP][PASSED] - Statement - PreSaveFile = new java.io.File(((pathPrefix + java.lang.Integer.toString(counter)) + .png)): null

2018-12-07 00:33:18 - [TEST_STEP][PASSED] - Statement - counter = counter + 1: null

2018-12-07 00:33:18 - [TEST_STEP][PASSED] - Statement - PreSaveFile = new java.io.File(((pathPrefix + java.lang.Integer.toString(counter)) + .png)): null

2018-12-07 00:33:18 - [TEST_STEP][PASSED] - Statement - counter = counter + 1: null

2018-12-07 00:33:18 - [TEST_STEP][PASSED] - Statement - PreSaveFile = new java.io.File(((pathPrefix + java.lang.Integer.toString(counter)) + .png)): null

2018-12-07 00:33:18 - [TEST_STEP][PASSED] - Statement - counter = counter + 1: null

2018-12-07 00:33:18 - [TEST_STEP][PASSED] - Statement - PreSaveFile = new java.io.File(((pathPrefix + java.lang.Integer.toString(counter)) + .png)): null

2018-12-07 00:33:18 - [TEST_STEP][PASSED] - Statement - counter = counter + 1: null

2018-12-07 00:33:18 - [TEST_STEP][PASSED] - Statement - PreSaveFile = new java.io.File(((pathPrefix + java.lang.Integer.toString(counter)) + .png)): null

2018-12-07 00:33:18 - [TEST_STEP][PASSED] - Statement - counter = counter + 1: null

2018-12-07 00:33:18 - [TEST_STEP][PASSED] - Statement - PreSaveFile = new java.io.File(((pathPrefix + java.lang.Integer.toString(counter)) + .png)): null

2018-12-07 00:33:18 - [TEST_STEP][PASSED] - Statement - counter = counter + 1: null

2018-12-07 00:33:18 - [TEST_STEP][PASSED] - Statement - PreSaveFile = new java.io.File(((pathPrefix + java.lang.Integer.toString(counter)) + .png)): null

2018-12-07 00:33:18 - [TEST_STEP][PASSED] - Statement - counter = counter + 1: null

2018-12-07 00:33:18 - [TEST_STEP][PASSED] - Statement - PreSaveFile = new java.io.File(((pathPrefix + java.lang.Integer.toString(counter)) + .png)): null

2018-12-07 00:33:18 - [TEST_STEP][PASSED] - Statement - counter = counter + 1: null

2018-12-07 00:33:18 - [TEST_STEP][PASSED] - Statement - PreSaveFile = new java.io.File(((pathPrefix + java.lang.Integer.toString(counter)) + .png)): null

2018-12-07 00:33:18 - [TEST_STEP][PASSED] - Statement - counter = counter + 1: null

2018-12-07 00:33:18 - [TEST_STEP][PASSED] - Statement - PreSaveFile = new java.io.File(((pathPrefix + java.lang.Integer.toString(counter)) + .png)): null

2018-12-07 00:33:18 - [TEST_STEP][PASSED] - Statement - counter = counter + 1: null

2018-12-07 00:33:18 - [TEST_STEP][PASSED] - Statement - PreSaveFile = new java.io.File(((pathPrefix + java.lang.Integer.toString(counter)) + .png)): null

2018-12-07 00:33:18 - [TEST_STEP][PASSED] - Statement - counter = counter + 1: null

2018-12-07 00:33:18 - [TEST_STEP][PASSED] - Statement - PreSaveFile = new java.io.File(((pathPrefix + java.lang.Integer.toString(counter)) + .png)): null

2018-12-07 00:33:18 - [TEST_STEP][PASSED] - Statement - counter = counter + 1: null

2018-12-07 00:33:18 - [TEST_STEP][PASSED] - Statement - PreSaveFile = new java.io.File(((pathPrefix + java.lang.Integer.toString(counter)) + .png)): null

2018-12-07 00:33:18 - [TEST_STEP][PASSED] - Statement - counter = counter + 1: null

2018-12-07 00:33:18 - [TEST_STEP][PASSED] - Statement - PreSaveFile = new java.io.File(((pathPrefix + java.lang.Integer.toString(counter)) + .png)): null

2018-12-07 00:33:18 - [TEST_STEP][PASSED] - Statement - counter = counter + 1: null

2018-12-07 00:33:18 - [TEST_STEP][PASSED] - Statement - PreSaveFile = new java.io.File(((pathPrefix + java.lang.Integer.toString(counter)) + .png)): null

2018-12-07 00:33:18 - [TEST_STEP][PASSED] - Statement - counter = counter + 1: null

2018-12-07 00:33:18 - [TEST_STEP][PASSED] - Statement - PreSaveFile = new java.io.File(((pathPrefix + java.lang.Integer.toString(counter)) + .png)): null

2018-12-07 00:33:18 - [TEST_STEP][PASSED] - Statement - counter = counter + 1: null

2018-12-07 00:33:18 - [TEST_STEP][PASSED] - Statement - PreSaveFile = new java.io.File(((pathPrefix + java.lang.Integer.toString(counter)) + .png)): null

2018-12-07 00:33:18 - [TEST_STEP][PASSED] - Statement - counter = counter + 1: null

2018-12-07 00:33:18 - [TEST_STEP][PASSED] - Statement - PreSaveFile = new java.io.File(((pathPrefix + java.lang.Integer.toString(counter)) + .png)): null

2018-12-07 00:33:18 - [TEST_STEP][PASSED] - Statement - counter = counter + 1: null

2018-12-07 00:33:18 - [TEST_STEP][PASSED] - Statement - PreSaveFile = new java.io.File(((pathPrefix + java.lang.Integer.toString(counter)) + .png)): null

2018-12-07 00:33:18 - [TEST_STEP][PASSED] - Statement - counter = counter + 1: null

2018-12-07 00:33:18 - [TEST_STEP][PASSED] - Statement - PreSaveFile = new java.io.File(((pathPrefix + java.lang.Integer.toString(counter)) + .png)): null

2018-12-07 00:33:18 - [TEST_STEP][PASSED] - Statement - counter = counter + 1: null

2018-12-07 00:33:18 - [TEST_STEP][PASSED] - Statement - PreSaveFile = new java.io.File(((pathPrefix + java.lang.Integer.toString(counter)) + .png)): null

2018-12-07 00:33:18 - [TEST_STEP][PASSED] - Statement - counter = counter + 1: null

2018-12-07 00:33:18 - [TEST_STEP][PASSED] - Statement - PreSaveFile = new java.io.File(((pathPrefix + java.lang.Integer.toString(counter)) + .png)): null

2018-12-07 00:33:18 - [TEST_STEP][PASSED] - Statement - counter = counter + 1: null

2018-12-07 00:33:18 - [TEST_STEP][PASSED] - Statement - PreSaveFile = new java.io.File(((pathPrefix + java.lang.Integer.toString(counter)) + .png)): null

2018-12-07 00:33:18 - [TEST_STEP][PASSED] - Statement - counter = counter + 1: null

2018-12-07 00:33:18 - [TEST_STEP][PASSED] - Statement - PreSaveFile = new java.io.File(((pathPrefix + java.lang.Integer.toString(counter)) + .png)): null

2018-12-07 00:33:18 - [TEST_STEP][PASSED] - Statement - counter = counter + 1: null

2018-12-07 00:33:18 - [TEST_STEP][PASSED] - Statement - PreSaveFile = new java.io.File(((pathPrefix + java.lang.Integer.toString(counter)) + .png)): null

2018-12-07 00:33:18 - [TEST_STEP][PASSED] - Statement - finalPath = pathPrefix + java.lang.Integer.toString(counter) + ".png": null

2018-12-07 00:33:18 - [TEST_STEP][PASSED] - Statement - SaveFile = new java.io.File(finalPath): null

2018-12-07 00:33:18 - [TEST_STEP][PASSED] - Statement - Try: null

2018-12-07 00:33:18 - [TEST_STEP][PASSED] - Statement - org.apache.commons.io.FileUtils.copyFile(scrFile, SaveFile): null

2018-12-07 00:33:18 - [TEST_STEP][PASSED] - Statement - out.println("file kept"): null

2018-12-07 00:33:18 - [TEST_STEP][PASSED] - delay: Delayed 10 second(s)

2018-12-07 00:33:28 - [MESSAGE][PASSED] - Delayed 10 second(s)

2018-12-07 00:33:28 - [MESSAGE][PASSED] - Call Test Case 'Test Cases/Final Aug 2018 - PKS Automation/Common/Screenshoting tool' successfully]]></system-out>
         <system-err><![CDATA[2018-12-07 00:21:07 - [TEST_CASE][FAILED] - Test Cases/Final Aug 2018 - PKS Automation/Registration Module/Workflow/Update Add New Employee/Special Case (OTC - RO Approve): Test Cases/Final Aug 2018 - PKS Automation/Registration Module/Workflow/Update Add New Employee/Special Case (OTC - RO Approve) FAILED because (of) (Stack trace: com.kms.katalon.core.exception.StepFailedException: Unable to set text 'CAN12201800002272' of object 'Object Repository/Final Object Repo/New Registration - Registration Module Pages/New Reg - OTC to RO/Special Case - All Related Objects/TextBox RefNo in Workbasket' (Root cause: org.openqa.selenium.ElementNotVisibleException: element not interactable
  (Session info: chrome=70.0.3538.110)
  (Driver info: chromedriver=2.43.600210 (68dcf5eebde37173d4027fa8635e332711d2874a),platform=Windows NT 6.1.7601 SP1 x86_64) (WARNING: The server did not provide any stacktrace information)
Command duration or timeout: 0 milliseconds
Build info: version: '3.7.1', revision: '8a0099a', time: '2017-11-06T21:07:36.161Z'
System info: host: 'WIN7TEST02', ip: '10.20.3.72', os.name: 'Windows 7', os.arch: 'amd64', os.version: '6.1', java.version: '1.8.0_181'
Driver info: com.kms.katalon.selenium.driver.CChromeDriver
Capabilities {acceptInsecureCerts: false, acceptSslCerts: false, applicationCacheEnabled: false, browserConnectionEnabled: false, browserName: chrome, chrome: {chromedriverVersion: 2.43.600210 (68dcf5eebde371..., userDataDir: C:\Users\Admin\AppData\Loca...}, cssSelectorsEnabled: true, databaseEnabled: false, goog:chromeOptions: {debuggerAddress: localhost:63053}, handlesAlerts: true, hasTouchScreen: false, javascriptEnabled: true, locationContextEnabled: true, mobileEmulationEnabled: false, nativeEvents: true, networkConnectionEnabled: false, pageLoadStrategy: normal, platform: XP, platformName: XP, rotatable: false, setWindowRect: true, takesHeapSnapshot: true, takesScreenshot: true, unexpectedAlertBehaviour: , unhandledPromptBehavior: , version: 70.0.3538.110, webStorageEnabled: true}
Session ID: 1b965196830941ab5562bfce420d3d75)
	at com.kms.katalon.core.keyword.internal.KeywordMain.stepFailed(KeywordMain.groovy:32)
	at com.kms.katalon.core.webui.keyword.internal.WebUIKeywordMain.stepFailed(WebUIKeywordMain.groovy:65)
	at com.kms.katalon.core.webui.keyword.internal.WebUIKeywordMain.runKeyword(WebUIKeywordMain.groovy:27)
	at com.kms.katalon.core.webui.keyword.builtin.SetTextKeyword.setText(SetTextKeyword.groovy:65)
	at com.kms.katalon.core.webui.keyword.builtin.SetTextKeyword.execute(SetTextKeyword.groovy:37)
	at com.kms.katalon.core.keyword.internal.KeywordExecutor.executeKeywordForPlatform(KeywordExecutor.groovy:53)
	at com.kms.katalon.core.webui.keyword.WebUiBuiltInKeywords.setText(WebUiBuiltInKeywords.groovy:950)
	at com.kms.katalon.core.webui.keyword.WebUiBuiltInKeywords$setText$1.call(Unknown Source)
	at org.codehaus.groovy.runtime.callsite.CallSiteArray.defaultCall(CallSiteArray.java:48)
	at org.codehaus.groovy.runtime.callsite.AbstractCallSite.call(AbstractCallSite.java:113)
	at org.codehaus.groovy.runtime.callsite.AbstractCallSite.call(AbstractCallSite.java:133)
	at Script1536116100519.run(Script1536116100519.groovy:165)
	at com.kms.katalon.core.main.ScriptEngine.run(ScriptEngine.java:183)
	at com.kms.katalon.core.main.ScriptEngine.runScriptAsRawText(ScriptEngine.java:108)
	at com.kms.katalon.core.main.TestCaseExecutor.runScript(TestCaseExecutor.java:294)
	at com.kms.katalon.core.main.TestCaseExecutor.doExecute(TestCaseExecutor.java:285)
	at com.kms.katalon.core.main.TestCaseExecutor.processExecutionPhase(TestCaseExecutor.java:264)
	at com.kms.katalon.core.main.TestCaseExecutor.accessMainPhase(TestCaseExecutor.java:256)
	at com.kms.katalon.core.main.TestCaseExecutor.execute(TestCaseExecutor.java:200)
	at com.kms.katalon.core.main.TestSuiteExecutor.accessTestCaseMainPhase(TestSuiteExecutor.java:129)
	at com.kms.katalon.core.main.TestSuiteExecutor.accessTestSuiteMainPhase(TestSuiteExecutor.java:112)
	at com.kms.katalon.core.main.TestSuiteExecutor.execute(TestSuiteExecutor.java:81)
	at com.kms.katalon.core.main.TestCaseMain.startTestSuite(TestCaseMain.java:142)
	at com.kms.katalon.core.main.TestCaseMain$startTestSuite$0.call(Unknown Source)
	at org.codehaus.groovy.runtime.callsite.CallSiteArray.defaultCall(CallSiteArray.java:48)
	at org.codehaus.groovy.runtime.callsite.AbstractCallSite.call(AbstractCallSite.java:113)
	at org.codehaus.groovy.runtime.callsite.AbstractCallSite.call(AbstractCallSite.java:141)
	at TempTestSuite1544087655094.run(TempTestSuite1544087655094.groovy:36)
	at groovy.lang.GroovyShell.runScriptOrMainOrTestOrRunnable(GroovyShell.java:263)
	at groovy.lang.GroovyShell.run(GroovyShell.java:518)
	at groovy.lang.GroovyShell.run(GroovyShell.java:507)
	at groovy.ui.GroovyMain.processOnce(GroovyMain.java:653)
	at groovy.ui.GroovyMain.run(GroovyMain.java:384)
	at groovy.ui.GroovyMain.process(GroovyMain.java:370)
	at groovy.ui.GroovyMain.processArgs(GroovyMain.java:129)
	at groovy.ui.GroovyMain.main(GroovyMain.java:109)
	at sun.reflect.NativeMethodAccessorImpl.invoke0(Native Method)
	at sun.reflect.NativeMethodAccessorImpl.invoke(NativeMethodAccessorImpl.java:62)
	at sun.reflect.DelegatingMethodAccessorImpl.invoke(DelegatingMethodAccessorImpl.java:43)
	at java.lang.reflect.Method.invoke(Method.java:498)
	at org.codehaus.groovy.tools.GroovyStarter.rootLoader(GroovyStarter.java:109)
	at org.codehaus.groovy.tools.GroovyStarter.main(GroovyStarter.java:131)
)]]></system-err>
      </testcase>
      <testcase name="Test Cases/Final Aug 2018 - PKS Automation/Registration Module/Workflow/Update Add New Employee/Special Case (OTC - RO Query - OTC Upload Pending Case - RO Approve)" classname="Test Cases/Final Aug 2018 - PKS Automation/Registration Module/Workflow/Update Add New Employee/Special Case (OTC - RO Query - OTC Upload Pending Case - RO Approve)" status="FAILED">
         <failure type="FAILED" message="(Stack trace: com.kms.katalon.core.exception.StepFailedException: Unable to set text 'CAN12201800002273' of object 'Object Repository/Final Object Repo/New Registration - Registration Module Pages/New Reg - OTC to RO/Special Case - All Related Objects/TextBox RefNo in Workbasket' (Root cause: org.openqa.selenium.ElementNotVisibleException: element not interactable
  (Session info: chrome=70.0.3538.110)
  (Driver info: chromedriver=2.43.600210 (68dcf5eebde37173d4027fa8635e332711d2874a),platform=Windows NT 6.1.7601 SP1 x86_64) (WARNING: The server did not provide any stacktrace information)
Command duration or timeout: 0 milliseconds
Build info: version: '3.7.1', revision: '8a0099a', time: '2017-11-06T21:07:36.161Z'
System info: host: 'WIN7TEST02', ip: '10.20.3.72', os.name: 'Windows 7', os.arch: 'amd64', os.version: '6.1', java.version: '1.8.0_181'
Driver info: com.kms.katalon.selenium.driver.CChromeDriver
Capabilities {acceptInsecureCerts: false, acceptSslCerts: false, applicationCacheEnabled: false, browserConnectionEnabled: false, browserName: chrome, chrome: {chromedriverVersion: 2.43.600210 (68dcf5eebde371..., userDataDir: C:\Users\Admin\AppData\Loca...}, cssSelectorsEnabled: true, databaseEnabled: false, goog:chromeOptions: {debuggerAddress: localhost:63182}, handlesAlerts: true, hasTouchScreen: false, javascriptEnabled: true, locationContextEnabled: true, mobileEmulationEnabled: false, nativeEvents: true, networkConnectionEnabled: false, pageLoadStrategy: normal, platform: XP, platformName: XP, rotatable: false, setWindowRect: true, takesHeapSnapshot: true, takesScreenshot: true, unexpectedAlertBehaviour: , unhandledPromptBehavior: , version: 70.0.3538.110, webStorageEnabled: true}
Session ID: 4bbb2178bc486606940e84da254da949)
	at com.kms.katalon.core.keyword.internal.KeywordMain.stepFailed(KeywordMain.groovy:32)
	at com.kms.katalon.core.webui.keyword.internal.WebUIKeywordMain.stepFailed(WebUIKeywordMain.groovy:65)
	at com.kms.katalon.core.webui.keyword.internal.WebUIKeywordMain.runKeyword(WebUIKeywordMain.groovy:27)
	at com.kms.katalon.core.webui.keyword.builtin.SetTextKeyword.setText(SetTextKeyword.groovy:65)
	at com.kms.katalon.core.webui.keyword.builtin.SetTextKeyword.execute(SetTextKeyword.groovy:37)
	at com.kms.katalon.core.keyword.internal.KeywordExecutor.executeKeywordForPlatform(KeywordExecutor.groovy:53)
	at com.kms.katalon.core.webui.keyword.WebUiBuiltInKeywords.setText(WebUiBuiltInKeywords.groovy:950)
	at com.kms.katalon.core.webui.keyword.WebUiBuiltInKeywords$setText$1.call(Unknown Source)
	at org.codehaus.groovy.runtime.callsite.CallSiteArray.defaultCall(CallSiteArray.java:48)
	at org.codehaus.groovy.runtime.callsite.AbstractCallSite.call(AbstractCallSite.java:113)
	at org.codehaus.groovy.runtime.callsite.AbstractCallSite.call(AbstractCallSite.java:133)
	at Script1536201277272.run(Script1536201277272.groovy:167)
	at com.kms.katalon.core.main.ScriptEngine.run(ScriptEngine.java:183)
	at com.kms.katalon.core.main.ScriptEngine.runScriptAsRawText(ScriptEngine.java:108)
	at com.kms.katalon.core.main.TestCaseExecutor.runScript(TestCaseExecutor.java:294)
	at com.kms.katalon.core.main.TestCaseExecutor.doExecute(TestCaseExecutor.java:285)
	at com.kms.katalon.core.main.TestCaseExecutor.processExecutionPhase(TestCaseExecutor.java:264)
	at com.kms.katalon.core.main.TestCaseExecutor.accessMainPhase(TestCaseExecutor.java:256)
	at com.kms.katalon.core.main.TestCaseExecutor.execute(TestCaseExecutor.java:200)
	at com.kms.katalon.core.main.TestSuiteExecutor.accessTestCaseMainPhase(TestSuiteExecutor.java:129)
	at com.kms.katalon.core.main.TestSuiteExecutor.accessTestSuiteMainPhase(TestSuiteExecutor.java:112)
	at com.kms.katalon.core.main.TestSuiteExecutor.execute(TestSuiteExecutor.java:81)
	at com.kms.katalon.core.main.TestCaseMain.startTestSuite(TestCaseMain.java:142)
	at com.kms.katalon.core.main.TestCaseMain$startTestSuite$0.call(Unknown Source)
	at org.codehaus.groovy.runtime.callsite.CallSiteArray.defaultCall(CallSiteArray.java:48)
	at org.codehaus.groovy.runtime.callsite.AbstractCallSite.call(AbstractCallSite.java:113)
	at org.codehaus.groovy.runtime.callsite.AbstractCallSite.call(AbstractCallSite.java:141)
	at TempTestSuite1544087655094.run(TempTestSuite1544087655094.groovy:36)
	at groovy.lang.GroovyShell.runScriptOrMainOrTestOrRunnable(GroovyShell.java:263)
	at groovy.lang.GroovyShell.run(GroovyShell.java:518)
	at groovy.lang.GroovyShell.run(GroovyShell.java:507)
	at groovy.ui.GroovyMain.processOnce(GroovyMain.java:653)
	at groovy.ui.GroovyMain.run(GroovyMain.java:384)
	at groovy.ui.GroovyMain.process(GroovyMain.java:370)
	at groovy.ui.GroovyMain.processArgs(GroovyMain.java:129)
	at groovy.ui.GroovyMain.main(GroovyMain.java:109)
	at sun.reflect.NativeMethodAccessorImpl.invoke0(Native Method)
	at sun.reflect.NativeMethodAccessorImpl.invoke(NativeMethodAccessorImpl.java:62)
	at sun.reflect.DelegatingMethodAccessorImpl.invoke(DelegatingMethodAccessorImpl.java:43)
	at java.lang.reflect.Method.invoke(Method.java:498)
	at org.codehaus.groovy.tools.GroovyStarter.rootLoader(GroovyStarter.java:109)
	at org.codehaus.groovy.tools.GroovyStarter.main(GroovyStarter.java:131)
)"/>
         <system-out><![CDATA[2018-12-07 00:33:28 - [TEST_CASE][FAILED] - Test Cases/Final Aug 2018 - PKS Automation/Registration Module/Workflow/Update Add New Employee/Special Case (OTC - RO Query - OTC Upload Pending Case - RO Approve): Test Cases/Final Aug 2018 - PKS Automation/Registration Module/Workflow/Update Add New Employee/Special Case (OTC - RO Query - OTC Upload Pending Case - RO Approve) FAILED because (of) (Stack trace: com.kms.katalon.core.exception.StepFailedException: Unable to set text 'CAN12201800002273' of object 'Object Repository/Final Object Repo/New Registration - Registration Module Pages/New Reg - OTC to RO/Special Case - All Related Objects/TextBox RefNo in Workbasket' (Root cause: org.openqa.selenium.ElementNotVisibleException: element not interactable
  (Session info: chrome=70.0.3538.110)
  (Driver info: chromedriver=2.43.600210 (68dcf5eebde37173d4027fa8635e332711d2874a),platform=Windows NT 6.1.7601 SP1 x86_64) (WARNING: The server did not provide any stacktrace information)
Command duration or timeout: 0 milliseconds
Build info: version: '3.7.1', revision: '8a0099a', time: '2017-11-06T21:07:36.161Z'
System info: host: 'WIN7TEST02', ip: '10.20.3.72', os.name: 'Windows 7', os.arch: 'amd64', os.version: '6.1', java.version: '1.8.0_181'
Driver info: com.kms.katalon.selenium.driver.CChromeDriver
Capabilities {acceptInsecureCerts: false, acceptSslCerts: false, applicationCacheEnabled: false, browserConnectionEnabled: false, browserName: chrome, chrome: {chromedriverVersion: 2.43.600210 (68dcf5eebde371..., userDataDir: C:\Users\Admin\AppData\Loca...}, cssSelectorsEnabled: true, databaseEnabled: false, goog:chromeOptions: {debuggerAddress: localhost:63182}, handlesAlerts: true, hasTouchScreen: false, javascriptEnabled: true, locationContextEnabled: true, mobileEmulationEnabled: false, nativeEvents: true, networkConnectionEnabled: false, pageLoadStrategy: normal, platform: XP, platformName: XP, rotatable: false, setWindowRect: true, takesHeapSnapshot: true, takesScreenshot: true, unexpectedAlertBehaviour: , unhandledPromptBehavior: , version: 70.0.3538.110, webStorageEnabled: true}
Session ID: 4bbb2178bc486606940e84da254da949)
	at com.kms.katalon.core.keyword.internal.KeywordMain.stepFailed(KeywordMain.groovy:32)
	at com.kms.katalon.core.webui.keyword.internal.WebUIKeywordMain.stepFailed(WebUIKeywordMain.groovy:65)
	at com.kms.katalon.core.webui.keyword.internal.WebUIKeywordMain.runKeyword(WebUIKeywordMain.groovy:27)
	at com.kms.katalon.core.webui.keyword.builtin.SetTextKeyword.setText(SetTextKeyword.groovy:65)
	at com.kms.katalon.core.webui.keyword.builtin.SetTextKeyword.execute(SetTextKeyword.groovy:37)
	at com.kms.katalon.core.keyword.internal.KeywordExecutor.executeKeywordForPlatform(KeywordExecutor.groovy:53)
	at com.kms.katalon.core.webui.keyword.WebUiBuiltInKeywords.setText(WebUiBuiltInKeywords.groovy:950)
	at com.kms.katalon.core.webui.keyword.WebUiBuiltInKeywords$setText$1.call(Unknown Source)
	at org.codehaus.groovy.runtime.callsite.CallSiteArray.defaultCall(CallSiteArray.java:48)
	at org.codehaus.groovy.runtime.callsite.AbstractCallSite.call(AbstractCallSite.java:113)
	at org.codehaus.groovy.runtime.callsite.AbstractCallSite.call(AbstractCallSite.java:133)
	at Script1536201277272.run(Script1536201277272.groovy:167)
	at com.kms.katalon.core.main.ScriptEngine.run(ScriptEngine.java:183)
	at com.kms.katalon.core.main.ScriptEngine.runScriptAsRawText(ScriptEngine.java:108)
	at com.kms.katalon.core.main.TestCaseExecutor.runScript(TestCaseExecutor.java:294)
	at com.kms.katalon.core.main.TestCaseExecutor.doExecute(TestCaseExecutor.java:285)
	at com.kms.katalon.core.main.TestCaseExecutor.processExecutionPhase(TestCaseExecutor.java:264)
	at com.kms.katalon.core.main.TestCaseExecutor.accessMainPhase(TestCaseExecutor.java:256)
	at com.kms.katalon.core.main.TestCaseExecutor.execute(TestCaseExecutor.java:200)
	at com.kms.katalon.core.main.TestSuiteExecutor.accessTestCaseMainPhase(TestSuiteExecutor.java:129)
	at com.kms.katalon.core.main.TestSuiteExecutor.accessTestSuiteMainPhase(TestSuiteExecutor.java:112)
	at com.kms.katalon.core.main.TestSuiteExecutor.execute(TestSuiteExecutor.java:81)
	at com.kms.katalon.core.main.TestCaseMain.startTestSuite(TestCaseMain.java:142)
	at com.kms.katalon.core.main.TestCaseMain$startTestSuite$0.call(Unknown Source)
	at org.codehaus.groovy.runtime.callsite.CallSiteArray.defaultCall(CallSiteArray.java:48)
	at org.codehaus.groovy.runtime.callsite.AbstractCallSite.call(AbstractCallSite.java:113)
	at org.codehaus.groovy.runtime.callsite.AbstractCallSite.call(AbstractCallSite.java:141)
	at TempTestSuite1544087655094.run(TempTestSuite1544087655094.groovy:36)
	at groovy.lang.GroovyShell.runScriptOrMainOrTestOrRunnable(GroovyShell.java:263)
	at groovy.lang.GroovyShell.run(GroovyShell.java:518)
	at groovy.lang.GroovyShell.run(GroovyShell.java:507)
	at groovy.ui.GroovyMain.processOnce(GroovyMain.java:653)
	at groovy.ui.GroovyMain.run(GroovyMain.java:384)
	at groovy.ui.GroovyMain.process(GroovyMain.java:370)
	at groovy.ui.GroovyMain.processArgs(GroovyMain.java:129)
	at groovy.ui.GroovyMain.main(GroovyMain.java:109)
	at sun.reflect.NativeMethodAccessorImpl.invoke0(Native Method)
	at sun.reflect.NativeMethodAccessorImpl.invoke(NativeMethodAccessorImpl.java:62)
	at sun.reflect.DelegatingMethodAccessorImpl.invoke(DelegatingMethodAccessorImpl.java:43)
	at java.lang.reflect.Method.invoke(Method.java:498)
	at org.codehaus.groovy.tools.GroovyStarter.rootLoader(GroovyStarter.java:109)
	at org.codehaus.groovy.tools.GroovyStarter.main(GroovyStarter.java:131)
)

2018-12-07 00:33:29 - [TEST_STEP][PASSED] - callTestCase: Call Test Case 'Test Cases/Final Aug 2018 - PKS Automation/Registration Module/Workflow/Update Add New Employee/Template/New Company for Update Add New' successfully

2018-12-07 00:33:29 - [TEST_CASE][PASSED] - Test Cases/Final Aug 2018 - PKS Automation/Registration Module/Workflow/Update Add New Employee/Template/New Company for Update Add New: Test Cases/Final Aug 2018 - PKS Automation/Registration Module/Workflow/Update Add New Employee/Template/New Company for Update Add New

2018-12-07 00:33:29 - [TEST_STEP][PASSED] - callTestCase: Call Test Case 'Test Cases/Final Aug 2018 - PKS Automation/Registration Module/New Registration/Form 1/Form 1 - Corporation - BHD' successfully

2018-12-07 00:33:29 - [TEST_CASE][PASSED] - Test Cases/Final Aug 2018 - PKS Automation/Registration Module/New Registration/Form 1/Form 1 - Corporation - BHD: Test Cases/Final Aug 2018 - PKS Automation/Registration Module/New Registration/Form 1/Form 1 - Corporation - BHD

2018-12-07 00:33:29 - [TEST_STEP][PASSED] - openBrowser: Browser is opened with url: ''

2018-12-07 00:33:29 - [MESSAGE][WARNING] - A browser is already opened. Closing browser and opening a new one

2018-12-07 00:33:33 - [MESSAGE][PASSED] - Browser is opened with url: ''

2018-12-07 00:33:33 - [TEST_STEP][PASSED] - navigateToUrl: Navigate to 'https://assist2-uat.perkeso.gov.my/login' successfully

2018-12-07 00:33:34 - [MESSAGE][PASSED] - Navigate to 'https://assist2-uat.perkeso.gov.my/login' successfully

2018-12-07 00:33:34 - [TEST_STEP][PASSED] - setText: Text 'johorotc1@gmail.com' is set on object 'Object Repository/Final Object Repo/Login Page/Internal User/Email Address'

2018-12-07 00:33:34 - [MESSAGE][PASSED] - Text 'johorotc1@gmail.com' is set on object 'Object Repository/Final Object Repo/Login Page/Internal User/Email Address'

2018-12-07 00:33:34 - [TEST_STEP][PASSED] - click: Object: 'Object Repository/Final Object Repo/Login Page/Internal User/Next Button' is clicked on

2018-12-07 00:33:34 - [MESSAGE][PASSED] - Object: 'Object Repository/Final Object Repo/Login Page/Internal User/Next Button' is clicked on

2018-12-07 00:33:34 - [TEST_STEP][PASSED] - delay: Delayed 1 second(s)

2018-12-07 00:33:35 - [MESSAGE][PASSED] - Delayed 1 second(s)

2018-12-07 00:33:35 - [TEST_STEP][PASSED] - setEncryptedText: Text ****** has been set on object 'Object Repository/Final Object Repo/Login Page/Internal User/Password'

2018-12-07 00:33:36 - [MESSAGE][PASSED] - Text ****** has been set on object 'Object Repository/Final Object Repo/Login Page/Internal User/Password'

2018-12-07 00:33:36 - [TEST_STEP][PASSED] - click: Object: 'Object Repository/Final Object Repo/Login Page/Internal User/Login Button' is clicked on

2018-12-07 00:33:36 - [MESSAGE][PASSED] - Object: 'Object Repository/Final Object Repo/Login Page/Internal User/Login Button' is clicked on

2018-12-07 00:33:36 - [TEST_STEP][PASSED] - delay: Delayed 1 second(s)

2018-12-07 00:33:37 - [MESSAGE][PASSED] - Delayed 1 second(s)

2018-12-07 00:33:37 - [TEST_STEP][PASSED] - Statement - Try: Delayed 2 second(s)

2018-12-07 00:33:37 - [TEST_STEP][PASSED] - Statement - Checker = false: null

2018-12-07 00:33:37 - [TEST_STEP][PASSED] - Statement - Checker = com.kms.katalon.core.webui.keyword.WebUiBuiltInKeywords.verifyElementHasAttribute(com.kms.katalon.core.testobject.ObjectRepository.findTestObject(Final Object Repo/Landing Page/BM Detecting), "href", 20, OPTIONAL): Object 'Object Repository/Final Object Repo/Landing Page/BM Detecting' has attribute 'href'

2018-12-07 00:33:38 - [MESSAGE][PASSED] - Object 'Object Repository/Final Object Repo/Landing Page/BM Detecting' has attribute 'href'

2018-12-07 00:33:38 - [TEST_STEP][PASSED] - Statement - out.println(Checker): null

2018-12-07 00:33:38 - [TEST_STEP][PASSED] - Statement - If (Checker == false): null

2018-12-07 00:33:38 - [TEST_STEP][PASSED] - Statement - Else: null

2018-12-07 00:33:38 - [TEST_STEP][PASSED] - delay: Delayed 2 second(s)

2018-12-07 00:33:40 - [MESSAGE][PASSED] - Delayed 2 second(s)

2018-12-07 00:33:40 - [TEST_STEP][PASSED] - navigateToUrl: Navigate to 'https://assist2-uat.perkeso.gov.my/web/registration/registration' successfully

2018-12-07 00:33:41 - [MESSAGE][PASSED] - Navigate to 'https://assist2-uat.perkeso.gov.my/web/registration/registration' successfully

2018-12-07 00:33:41 - [TEST_STEP][PASSED] - click: Object: 'Object Repository/Final Object Repo/New Registration - Registration Module Pages/Form 1/AEC - No' is clicked on

2018-12-07 00:33:41 - [MESSAGE][PASSED] - Object: 'Object Repository/Final Object Repo/New Registration - Registration Module Pages/Form 1/AEC - No' is clicked on

2018-12-07 00:33:41 - [TEST_STEP][PASSED] - click: Object: 'Object Repository/Final Object Repo/New Registration - Registration Module Pages/Form 1/Business Entity' is clicked on

2018-12-07 00:33:41 - [MESSAGE][PASSED] - Object: 'Object Repository/Final Object Repo/New Registration - Registration Module Pages/Form 1/Business Entity' is clicked on

2018-12-07 00:33:41 - [TEST_STEP][PASSED] - click: Object: 'Object Repository/Final Object Repo/New Registration - Registration Module Pages/Form 1/Businees Entity - Corporation' is clicked on

2018-12-07 00:33:42 - [MESSAGE][PASSED] - Object: 'Object Repository/Final Object Repo/New Registration - Registration Module Pages/Form 1/Businees Entity - Corporation' is clicked on

2018-12-07 00:33:42 - [TEST_STEP][PASSED] - delay: Delayed 1 second(s)

2018-12-07 00:33:43 - [MESSAGE][PASSED] - Delayed 1 second(s)

2018-12-07 00:33:43 - [TEST_STEP][PASSED] - click: Object: 'Object Repository/Final Object Repo/New Registration - Registration Module Pages/Form 1/Sub Business Entity' is clicked on

2018-12-07 00:33:43 - [MESSAGE][PASSED] - Object: 'Object Repository/Final Object Repo/New Registration - Registration Module Pages/Form 1/Sub Business Entity' is clicked on

2018-12-07 00:33:43 - [TEST_STEP][PASSED] - click: Object: 'Object Repository/Final Object Repo/New Registration - Registration Module Pages/Form 1/Sub Business Entity - Berhad' is clicked on

2018-12-07 00:33:43 - [MESSAGE][PASSED] - Object: 'Object Repository/Final Object Repo/New Registration - Registration Module Pages/Form 1/Sub Business Entity - Berhad' is clicked on

2018-12-07 00:33:43 - [TEST_STEP][PASSED] - delay: Delayed 1 second(s)

2018-12-07 00:33:44 - [MESSAGE][PASSED] - Delayed 1 second(s)

2018-12-07 00:33:44 - [TEST_STEP][PASSED] - setText: Text '123' is set on object 'Object Repository/Final Object Repo/New Registration - Registration Module Pages/Form 1/Registration Number'

2018-12-07 00:33:44 - [MESSAGE][PASSED] - Text '123' is set on object 'Object Repository/Final Object Repo/New Registration - Registration Module Pages/Form 1/Registration Number'

2018-12-07 00:33:44 - [TEST_STEP][PASSED] - click: Object: 'Object Repository/Final Object Repo/New Registration - Registration Module Pages/Form 1/Registred with SSM - Before Feb' is clicked on

2018-12-07 00:33:44 - [MESSAGE][PASSED] - Object: 'Object Repository/Final Object Repo/New Registration - Registration Module Pages/Form 1/Registred with SSM - Before Feb' is clicked on

2018-12-07 00:33:44 - [TEST_STEP][PASSED] - click: Object: 'Object Repository/Final Object Repo/New Registration - Registration Module Pages/Form 1/Registered As a Branch - Yes' is clicked on

2018-12-07 00:33:45 - [MESSAGE][PASSED] - Object: 'Object Repository/Final Object Repo/New Registration - Registration Module Pages/Form 1/Registered As a Branch - Yes' is clicked on

2018-12-07 00:33:45 - [TEST_STEP][PASSED] - click: Object: 'Object Repository/Final Object Repo/New Registration - Registration Module Pages/Form 1/Acknowledgement' is clicked on

2018-12-07 00:33:45 - [MESSAGE][PASSED] - Object: 'Object Repository/Final Object Repo/New Registration - Registration Module Pages/Form 1/Acknowledgement' is clicked on

2018-12-07 00:33:45 - [TEST_STEP][PASSED] - setText: Text 'perkeso' is set on object 'Object Repository/Final Object Repo/New Registration - Registration Module Pages/Form 1/Industry name'

2018-12-07 00:33:45 - [MESSAGE][PASSED] - Text 'perkeso' is set on object 'Object Repository/Final Object Repo/New Registration - Registration Module Pages/Form 1/Industry name'

2018-12-07 00:33:45 - [TEST_STEP][PASSED] - setText: Text 'perkeso1' is set on object 'Object Repository/Final Object Repo/New Registration - Registration Module Pages/Form 1/Postal Address1'

2018-12-07 00:33:45 - [MESSAGE][PASSED] - Text 'perkeso1' is set on object 'Object Repository/Final Object Repo/New Registration - Registration Module Pages/Form 1/Postal Address1'

2018-12-07 00:33:45 - [TEST_STEP][PASSED] - setText: Text 'perkeso2' is set on object 'Object Repository/Final Object Repo/New Registration - Registration Module Pages/Form 1/Postal Address2'

2018-12-07 00:33:46 - [MESSAGE][PASSED] - Text 'perkeso2' is set on object 'Object Repository/Final Object Repo/New Registration - Registration Module Pages/Form 1/Postal Address2'

2018-12-07 00:33:46 - [TEST_STEP][PASSED] - setText: Text 'perkeso3' is set on object 'Object Repository/Final Object Repo/New Registration - Registration Module Pages/Form 1/Postal Address3'

2018-12-07 00:33:46 - [MESSAGE][PASSED] - Text 'perkeso3' is set on object 'Object Repository/Final Object Repo/New Registration - Registration Module Pages/Form 1/Postal Address3'

2018-12-07 00:33:46 - [TEST_STEP][PASSED] - click: Object: 'Object Repository/Final Object Repo/New Registration - Registration Module Pages/Form 1/State' is clicked on

2018-12-07 00:33:46 - [MESSAGE][PASSED] - Object: 'Object Repository/Final Object Repo/New Registration - Registration Module Pages/Form 1/State' is clicked on

2018-12-07 00:33:46 - [TEST_STEP][PASSED] - click: Object: 'Object Repository/Final Object Repo/New Registration - Registration Module Pages/Form 1/State - Johor' is clicked on

2018-12-07 00:33:47 - [MESSAGE][PASSED] - Object: 'Object Repository/Final Object Repo/New Registration - Registration Module Pages/Form 1/State - Johor' is clicked on

2018-12-07 00:33:47 - [TEST_STEP][PASSED] - delay: Delayed 1 second(s)

2018-12-07 00:33:48 - [MESSAGE][PASSED] - Delayed 1 second(s)

2018-12-07 00:33:48 - [TEST_STEP][PASSED] - click: Object: 'Object Repository/Final Object Repo/New Registration - Registration Module Pages/Form 1/City' is clicked on

2018-12-07 00:33:48 - [MESSAGE][PASSED] - Object: 'Object Repository/Final Object Repo/New Registration - Registration Module Pages/Form 1/City' is clicked on

2018-12-07 00:33:48 - [TEST_STEP][PASSED] - setText: Text 'joh' is set on object 'Object Repository/Final Object Repo/New Registration - Registration Module Pages/Form 1/Postcode - 810'

2018-12-07 00:33:48 - [MESSAGE][PASSED] - Text 'joh' is set on object 'Object Repository/Final Object Repo/New Registration - Registration Module Pages/Form 1/Postcode - 810'

2018-12-07 00:33:48 - [TEST_STEP][PASSED] - delay: Delayed 1 second(s)

2018-12-07 00:33:49 - [MESSAGE][PASSED] - Delayed 1 second(s)

2018-12-07 00:33:49 - [TEST_STEP][PASSED] - click: Object: 'Object Repository/Final Object Repo/New Registration - Registration Module Pages/Form 1/City - Johor Bharu' is clicked on

2018-12-07 00:33:49 - [MESSAGE][PASSED] - Object: 'Object Repository/Final Object Repo/New Registration - Registration Module Pages/Form 1/City - Johor Bharu' is clicked on

2018-12-07 00:33:49 - [TEST_STEP][PASSED] - delay: Delayed 1 second(s)

2018-12-07 00:33:50 - [MESSAGE][PASSED] - Delayed 1 second(s)

2018-12-07 00:33:50 - [TEST_STEP][PASSED] - click: Object: 'Object Repository/Final Object Repo/New Registration - Registration Module Pages/Form 1/Postcode' is clicked on

2018-12-07 00:33:50 - [MESSAGE][PASSED] - Object: 'Object Repository/Final Object Repo/New Registration - Registration Module Pages/Form 1/Postcode' is clicked on

2018-12-07 00:33:50 - [TEST_STEP][PASSED] - delay: Delayed 1 second(s)

2018-12-07 00:33:51 - [MESSAGE][PASSED] - Delayed 1 second(s)

2018-12-07 00:33:51 - [TEST_STEP][PASSED] - setText: Text '810' is set on object 'Object Repository/Final Object Repo/New Registration - Registration Module Pages/Form 1/Postcode - 810'

2018-12-07 00:33:52 - [MESSAGE][PASSED] - Text '810' is set on object 'Object Repository/Final Object Repo/New Registration - Registration Module Pages/Form 1/Postcode - 810'

2018-12-07 00:33:52 - [TEST_STEP][PASSED] - delay: Delayed 3 second(s)

2018-12-07 00:33:55 - [MESSAGE][PASSED] - Delayed 3 second(s)

2018-12-07 00:33:55 - [TEST_STEP][PASSED] - click: Object: 'Object Repository/Final Object Repo/New Registration - Registration Module Pages/Form 1/Postcode - 81000' is clicked on

2018-12-07 00:33:55 - [MESSAGE][PASSED] - Object: 'Object Repository/Final Object Repo/New Registration - Registration Module Pages/Form 1/Postcode - 81000' is clicked on

2018-12-07 00:33:55 - [TEST_STEP][PASSED] - delay: Delayed 1 second(s)

2018-12-07 00:33:56 - [MESSAGE][PASSED] - Delayed 1 second(s)

2018-12-07 00:33:56 - [TEST_STEP][PASSED] - setText: Text '100' is set on object 'Object Repository/Final Object Repo/New Registration - Registration Module Pages/Form 1/P.O.BOX'

2018-12-07 00:33:56 - [MESSAGE][PASSED] - Text '100' is set on object 'Object Repository/Final Object Repo/New Registration - Registration Module Pages/Form 1/P.O.BOX'

2018-12-07 00:33:56 - [TEST_STEP][PASSED] - setText: Text '100' is set on object 'Object Repository/Final Object Repo/New Registration - Registration Module Pages/Form 1/Locked Bag No'

2018-12-07 00:33:56 - [MESSAGE][PASSED] - Text '100' is set on object 'Object Repository/Final Object Repo/New Registration - Registration Module Pages/Form 1/Locked Bag No'

2018-12-07 00:33:56 - [TEST_STEP][PASSED] - click: Object: 'Object Repository/Final Object Repo/New Registration - Registration Module Pages/Form 1/SOCSO Office Location' is clicked on

2018-12-07 00:33:56 - [MESSAGE][PASSED] - Object: 'Object Repository/Final Object Repo/New Registration - Registration Module Pages/Form 1/SOCSO Office Location' is clicked on

2018-12-07 00:33:56 - [TEST_STEP][PASSED] - click: Object: 'Object Repository/Final Object Repo/New Registration - Registration Module Pages/Form 1/SOCSO Office Location - Pejabat PERKESO Negeri Johor' is clicked on

2018-12-07 00:33:57 - [MESSAGE][PASSED] - Object: 'Object Repository/Final Object Repo/New Registration - Registration Module Pages/Form 1/SOCSO Office Location - Pejabat PERKESO Negeri Johor' is clicked on

2018-12-07 00:33:57 - [TEST_STEP][PASSED] - delay: Delayed 1 second(s)

2018-12-07 00:33:58 - [MESSAGE][PASSED] - Delayed 1 second(s)

2018-12-07 00:33:58 - [TEST_STEP][PASSED] - check: Object 'Object Repository/Final Object Repo/New Registration - Registration Module Pages/Form 1/Indusrty Address Same As Postal Address' is checked

2018-12-07 00:33:58 - [MESSAGE][PASSED] - Object 'Object Repository/Final Object Repo/New Registration - Registration Module Pages/Form 1/Indusrty Address Same As Postal Address' is checked

2018-12-07 00:33:58 - [TEST_STEP][PASSED] - delay: Delayed 3 second(s)

2018-12-07 00:34:01 - [MESSAGE][PASSED] - Delayed 3 second(s)

2018-12-07 00:34:01 - [TEST_STEP][PASSED] - click: Object: 'Object Repository/Final Object Repo/New Registration - Registration Module Pages/Form 1/Indusry Address Same As Postal Address False' is clicked on

2018-12-07 00:34:01 - [MESSAGE][PASSED] - Object: 'Object Repository/Final Object Repo/New Registration - Registration Module Pages/Form 1/Indusry Address Same As Postal Address False' is clicked on

2018-12-07 00:34:01 - [TEST_STEP][PASSED] - delay: Delayed 1 second(s)

2018-12-07 00:34:02 - [MESSAGE][PASSED] - Delayed 1 second(s)

2018-12-07 00:34:02 - [TEST_STEP][PASSED] - setText: Text 'perkeso1' is set on object 'Object Repository/Final Object Repo/New Registration - Registration Module Pages/Form 1/Industry Address1'

2018-12-07 00:34:02 - [MESSAGE][PASSED] - Text 'perkeso1' is set on object 'Object Repository/Final Object Repo/New Registration - Registration Module Pages/Form 1/Industry Address1'

2018-12-07 00:34:02 - [TEST_STEP][PASSED] - setText: Text 'perkeso2' is set on object 'Object Repository/Final Object Repo/New Registration - Registration Module Pages/Form 1/Industry Address2'

2018-12-07 00:34:03 - [MESSAGE][PASSED] - Text 'perkeso2' is set on object 'Object Repository/Final Object Repo/New Registration - Registration Module Pages/Form 1/Industry Address2'

2018-12-07 00:34:03 - [TEST_STEP][PASSED] - setText: Text 'perkeso3' is set on object 'Object Repository/Final Object Repo/New Registration - Registration Module Pages/Form 1/Industry Address3'

2018-12-07 00:34:03 - [MESSAGE][PASSED] - Text 'perkeso3' is set on object 'Object Repository/Final Object Repo/New Registration - Registration Module Pages/Form 1/Industry Address3'

2018-12-07 00:34:03 - [TEST_STEP][PASSED] - click: Object: 'Object Repository/Final Object Repo/New Registration - Registration Module Pages/Form 1/Industry State' is clicked on

2018-12-07 00:34:03 - [MESSAGE][PASSED] - Object: 'Object Repository/Final Object Repo/New Registration - Registration Module Pages/Form 1/Industry State' is clicked on

2018-12-07 00:34:03 - [TEST_STEP][PASSED] - delay: Delayed 2 second(s)

2018-12-07 00:34:05 - [MESSAGE][PASSED] - Delayed 2 second(s)

2018-12-07 00:34:05 - [TEST_STEP][PASSED] - click: Object: 'Object Repository/Final Object Repo/New Registration - Registration Module Pages/Form 1/Industry State - Johor' is clicked on

2018-12-07 00:34:05 - [MESSAGE][PASSED] - Object: 'Object Repository/Final Object Repo/New Registration - Registration Module Pages/Form 1/Industry State - Johor' is clicked on

2018-12-07 00:34:05 - [TEST_STEP][PASSED] - delay: Delayed 2 second(s)

2018-12-07 00:34:07 - [MESSAGE][PASSED] - Delayed 2 second(s)

2018-12-07 00:34:07 - [TEST_STEP][PASSED] - click: Object: 'Object Repository/Final Object Repo/New Registration - Registration Module Pages/Form 1/Industry Ciry' is clicked on

2018-12-07 00:34:08 - [MESSAGE][PASSED] - Object: 'Object Repository/Final Object Repo/New Registration - Registration Module Pages/Form 1/Industry Ciry' is clicked on

2018-12-07 00:34:08 - [TEST_STEP][PASSED] - setText: Text 'joh' is set on object 'Object Repository/Final Object Repo/New Registration - Registration Module Pages/Form 1/Industry Ciry - joh'

2018-12-07 00:34:08 - [MESSAGE][PASSED] - Text 'joh' is set on object 'Object Repository/Final Object Repo/New Registration - Registration Module Pages/Form 1/Industry Ciry - joh'

2018-12-07 00:34:08 - [TEST_STEP][PASSED] - delay: Delayed 2 second(s)

2018-12-07 00:34:10 - [MESSAGE][PASSED] - Delayed 2 second(s)

2018-12-07 00:34:10 - [TEST_STEP][PASSED] - click: Object: 'Object Repository/Final Object Repo/New Registration - Registration Module Pages/Form 1/Industy State - Johor Bharu' is clicked on

2018-12-07 00:34:10 - [MESSAGE][PASSED] - Object: 'Object Repository/Final Object Repo/New Registration - Registration Module Pages/Form 1/Industy State - Johor Bharu' is clicked on

2018-12-07 00:34:10 - [TEST_STEP][PASSED] - delay: Delayed 1 second(s)

2018-12-07 00:34:11 - [MESSAGE][PASSED] - Delayed 1 second(s)

2018-12-07 00:34:11 - [TEST_STEP][PASSED] - click: Object: 'Object Repository/Final Object Repo/New Registration - Registration Module Pages/Form 1/Indusry PostCode' is clicked on

2018-12-07 00:34:11 - [MESSAGE][PASSED] - Object: 'Object Repository/Final Object Repo/New Registration - Registration Module Pages/Form 1/Indusry PostCode' is clicked on

2018-12-07 00:34:11 - [TEST_STEP][PASSED] - delay: Delayed 1 second(s)

2018-12-07 00:34:12 - [MESSAGE][PASSED] - Delayed 1 second(s)

2018-12-07 00:34:12 - [TEST_STEP][PASSED] - setText: Text '810' is set on object 'Object Repository/Final Object Repo/New Registration - Registration Module Pages/Form 1/Insutry Post Code - 810'

2018-12-07 00:34:12 - [MESSAGE][PASSED] - Text '810' is set on object 'Object Repository/Final Object Repo/New Registration - Registration Module Pages/Form 1/Insutry Post Code - 810'

2018-12-07 00:34:12 - [TEST_STEP][PASSED] - delay: Delayed 1 second(s)

2018-12-07 00:34:13 - [MESSAGE][PASSED] - Delayed 1 second(s)

2018-12-07 00:34:13 - [TEST_STEP][PASSED] - click: Object: 'Object Repository/Final Object Repo/New Registration - Registration Module Pages/Form 1/Insutry Post Code - 81000' is clicked on

2018-12-07 00:34:14 - [MESSAGE][PASSED] - Object: 'Object Repository/Final Object Repo/New Registration - Registration Module Pages/Form 1/Insutry Post Code - 81000' is clicked on

2018-12-07 00:34:14 - [TEST_STEP][PASSED] - delay: Delayed 1 second(s)

2018-12-07 00:34:15 - [MESSAGE][PASSED] - Delayed 1 second(s)

2018-12-07 00:34:15 - [TEST_STEP][PASSED] - setText: Text '100' is set on object 'Object Repository/Final Object Repo/New Registration - Registration Module Pages/Form 1/Industry P.O.BOX'

2018-12-07 00:34:15 - [MESSAGE][PASSED] - Text '100' is set on object 'Object Repository/Final Object Repo/New Registration - Registration Module Pages/Form 1/Industry P.O.BOX'

2018-12-07 00:34:15 - [TEST_STEP][PASSED] - setText: Text '100' is set on object 'Object Repository/Final Object Repo/New Registration - Registration Module Pages/Form 1/Industry Locked Bag No'

2018-12-07 00:34:15 - [MESSAGE][PASSED] - Text '100' is set on object 'Object Repository/Final Object Repo/New Registration - Registration Module Pages/Form 1/Industry Locked Bag No'

2018-12-07 00:34:15 - [TEST_STEP][PASSED] - setText: Text '123456789' is set on object 'Object Repository/Final Object Repo/New Registration - Registration Module Pages/Form 1/Telephone No'

2018-12-07 00:34:15 - [MESSAGE][PASSED] - Text '123456789' is set on object 'Object Repository/Final Object Repo/New Registration - Registration Module Pages/Form 1/Telephone No'

2018-12-07 00:34:15 - [TEST_STEP][PASSED] - setText: Text '123456789' is set on object 'Object Repository/Final Object Repo/New Registration - Registration Module Pages/Form 1/Mobile No'

2018-12-07 00:34:16 - [MESSAGE][PASSED] - Text '123456789' is set on object 'Object Repository/Final Object Repo/New Registration - Registration Module Pages/Form 1/Mobile No'

2018-12-07 00:34:16 - [TEST_STEP][PASSED] - setText: Text '123456789' is set on object 'Object Repository/Final Object Repo/New Registration - Registration Module Pages/Form 1/Fax No'

2018-12-07 00:34:16 - [MESSAGE][PASSED] - Text '123456789' is set on object 'Object Repository/Final Object Repo/New Registration - Registration Module Pages/Form 1/Fax No'

2018-12-07 00:34:16 - [TEST_STEP][PASSED] - click: Object: 'Object Repository/Final Object Repo/New Registration - Registration Module Pages/Form 1/Industry Code' is clicked on

2018-12-07 00:34:16 - [MESSAGE][PASSED] - Object: 'Object Repository/Final Object Repo/New Registration - Registration Module Pages/Form 1/Industry Code' is clicked on

2018-12-07 00:34:16 - [TEST_STEP][PASSED] - click: Object: 'Object Repository/Final Object Repo/New Registration - Registration Module Pages/Form 1/Indudustry Code - Crops and Animal' is clicked on

2018-12-07 00:34:17 - [MESSAGE][PASSED] - Object: 'Object Repository/Final Object Repo/New Registration - Registration Module Pages/Form 1/Indudustry Code - Crops and Animal' is clicked on

2018-12-07 00:34:17 - [TEST_STEP][PASSED] - delay: Delayed 1 second(s)

2018-12-07 00:34:18 - [MESSAGE][PASSED] - Delayed 1 second(s)

2018-12-07 00:34:18 - [TEST_STEP][PASSED] - click: Object: 'Object Repository/Final Object Repo/New Registration - Registration Module Pages/Form 1/Sub Industry Code List' is clicked on

2018-12-07 00:34:18 - [MESSAGE][PASSED] - Object: 'Object Repository/Final Object Repo/New Registration - Registration Module Pages/Form 1/Sub Industry Code List' is clicked on

2018-12-07 00:34:18 - [TEST_STEP][PASSED] - click: Object: 'Object Repository/Final Object Repo/New Registration - Registration Module Pages/Form 1/Sub Industry Code List - Growing of Maize' is clicked on

2018-12-07 00:34:18 - [MESSAGE][PASSED] - Object: 'Object Repository/Final Object Repo/New Registration - Registration Module Pages/Form 1/Sub Industry Code List - Growing of Maize' is clicked on

2018-12-07 00:34:18 - [TEST_STEP][PASSED] - setText: Text 'perkeso123@gmail.com' is set on object 'Object Repository/Final Object Repo/New Registration - Registration Module Pages/Form 1/Email'

2018-12-07 00:34:19 - [MESSAGE][PASSED] - Text 'perkeso123@gmail.com' is set on object 'Object Repository/Final Object Repo/New Registration - Registration Module Pages/Form 1/Email'

2018-12-07 00:34:19 - [TEST_STEP][PASSED] - click: Object: 'Object Repository/Final Object Repo/New Registration - Registration Module Pages/Form 1/Method of Contribution Payment' is clicked on

2018-12-07 00:34:19 - [MESSAGE][PASSED] - Object: 'Object Repository/Final Object Repo/New Registration - Registration Module Pages/Form 1/Method of Contribution Payment' is clicked on

2018-12-07 00:34:19 - [TEST_STEP][PASSED] - click: Object: 'Object Repository/Final Object Repo/New Registration - Registration Module Pages/Form 1/Method of Contribution Payment - Portal' is clicked on

2018-12-07 00:34:19 - [MESSAGE][PASSED] - Object: 'Object Repository/Final Object Repo/New Registration - Registration Module Pages/Form 1/Method of Contribution Payment - Portal' is clicked on

2018-12-07 00:34:19 - [TEST_STEP][PASSED] - click: Object: 'Object Repository/Final Object Repo/New Registration - Registration Module Pages/Form 1/Servide Type' is clicked on

2018-12-07 00:34:19 - [MESSAGE][PASSED] - Object: 'Object Repository/Final Object Repo/New Registration - Registration Module Pages/Form 1/Servide Type' is clicked on

2018-12-07 00:34:19 - [TEST_STEP][PASSED] - click: Object: 'Object Repository/Final Object Repo/New Registration - Registration Module Pages/Form 1/Servide Type - Professional Bodies' is clicked on

2018-12-07 00:34:20 - [MESSAGE][PASSED] - Object: 'Object Repository/Final Object Repo/New Registration - Registration Module Pages/Form 1/Servide Type - Professional Bodies' is clicked on

2018-12-07 00:34:20 - [TEST_STEP][PASSED] - click: Object: 'Object Repository/Final Object Repo/New Registration - Registration Module Pages/Form 1/Industry Venue' is clicked on

2018-12-07 00:34:20 - [MESSAGE][PASSED] - Object: 'Object Repository/Final Object Repo/New Registration - Registration Module Pages/Form 1/Industry Venue' is clicked on

2018-12-07 00:34:20 - [TEST_STEP][PASSED] - click: Object: 'Object Repository/Final Object Repo/New Registration - Registration Module Pages/Form 1/Industry Venue -  PPN JOHOR' is clicked on

2018-12-07 00:34:20 - [MESSAGE][PASSED] - Object: 'Object Repository/Final Object Repo/New Registration - Registration Module Pages/Form 1/Industry Venue -  PPN JOHOR' is clicked on

2018-12-07 00:34:20 - [TEST_STEP][PASSED] - click: Object: 'Object Repository/Final Object Repo/New Registration - Registration Module Pages/Form 1/Save  Continue' is clicked on

2018-12-07 00:34:20 - [MESSAGE][PASSED] - Object: 'Object Repository/Final Object Repo/New Registration - Registration Module Pages/Form 1/Save  Continue' is clicked on

2018-12-07 00:34:20 - [MESSAGE][PASSED] - Call Test Case 'Test Cases/Final Aug 2018 - PKS Automation/Registration Module/New Registration/Form 1/Form 1 - Corporation - BHD' successfully

2018-12-07 00:34:20 - [TEST_STEP][PASSED] - callTestCase: Call Test Case 'Test Cases/Final Aug 2018 - PKS Automation/Registration Module/New Registration/Form 2/Add 1 Eligible' successfully

2018-12-07 00:34:20 - [TEST_CASE][PASSED] - Test Cases/Final Aug 2018 - PKS Automation/Registration Module/New Registration/Form 2/Add 1 Eligible: Test Cases/Final Aug 2018 - PKS Automation/Registration Module/New Registration/Form 2/Add 1 Eligible

2018-12-07 00:34:20 - [TEST_STEP][PASSED] - delay: Delayed 2 second(s)

2018-12-07 00:34:22 - [MESSAGE][PASSED] - Delayed 2 second(s)

2018-12-07 00:34:22 - [TEST_STEP][PASSED] - callTestCase: Call Test Case 'Test Cases/Final Aug 2018 - PKS Automation/Registration Module/New Registration/Form 2/Date Updater' successfully

2018-12-07 00:34:22 - [TEST_CASE][PASSED] - Test Cases/Final Aug 2018 - PKS Automation/Registration Module/New Registration/Form 2/Date Updater: Test Cases/Final Aug 2018 - PKS Automation/Registration Module/New Registration/Form 2/Date Updater

2018-12-07 00:34:22 - [TEST_STEP][PASSED] - Statement - TodayDate = new java.util.Date(): null

2018-12-07 00:34:22 - [TEST_STEP][PASSED] - Statement - CurrentDateNoFilter = new java.text.SimpleDateFormat(): null

2018-12-07 00:34:22 - [TEST_STEP][PASSED] - Statement - CurrentDateNoFilter.applyPattern("MM"): null

2018-12-07 00:34:22 - [TEST_STEP][PASSED] - Statement - monthContainerMatcher = java.lang.Integer.parseInt(CurrentDateNoFilter.format(TodayDate)): null

2018-12-07 00:34:22 - [TEST_STEP][PASSED] - Statement - monthContainerMatcher = monthContainerMatcher - 1: null

2018-12-07 00:34:22 - [TEST_STEP][PASSED] - Statement - CurrentMonth = monthContainerMatcher.toString(): null

2018-12-07 00:34:22 - [TEST_STEP][PASSED] - Statement - CurrentMonth = CurrentMonth: null

2018-12-07 00:34:22 - [TEST_STEP][PASSED] - Statement - CurrentDateNoFilter.applyPattern("yyyy"): null

2018-12-07 00:34:22 - [TEST_STEP][PASSED] - Statement - CurrentYear = CurrentDateNoFilter.format(TodayDate): null

2018-12-07 00:34:22 - [TEST_STEP][PASSED] - Statement - CurrentYear = CurrentYear: null

2018-12-07 00:34:22 - [TEST_STEP][PASSED] - Statement - intCurrentYear = java.lang.Integer.parseInt(CurrentDateNoFilter.format(TodayDate)): null

2018-12-07 00:34:22 - [TEST_STEP][PASSED] - Statement - eighteenYrsAgo = intCurrentYear - 18: null

2018-12-07 00:34:22 - [TEST_STEP][PASSED] - Statement - eighteenYrsBeforeThisYr = eighteenYrsAgo.toString(): null

2018-12-07 00:34:22 - [TEST_STEP][PASSED] - Statement - EighteenYrsBefore = eighteenYrsBeforeThisYr: null

2018-12-07 00:34:22 - [TEST_STEP][PASSED] - Statement - fiftysevenYrsAgo = intCurrentYear - 57: null

2018-12-07 00:34:22 - [TEST_STEP][PASSED] - Statement - fiftysevenYrsBeforeThisYr = fiftysevenYrsAgo.toString(): null

2018-12-07 00:34:22 - [TEST_STEP][PASSED] - Statement - FiftysevenYrsBefore = fiftysevenYrsBeforeThisYr: null

2018-12-07 00:34:22 - [TEST_STEP][PASSED] - Statement - leapYear = false: null

2018-12-07 00:34:22 - [TEST_STEP][PASSED] - Statement - leapYear = intCurrentYear % 4 == 0: null

2018-12-07 00:34:22 - [TEST_STEP][PASSED] - Statement - CurrentDateNoFilter.applyPattern("dd"): null

2018-12-07 00:34:22 - [TEST_STEP][PASSED] - Statement - CurrentDate = CurrentDateNoFilter.format(TodayDate): null

2018-12-07 00:34:22 - [TEST_STEP][PASSED] - Statement - CurrentDate = java.lang.Integer.parseInt(CurrentDate): null

2018-12-07 00:34:22 - [TEST_STEP][PASSED] - Statement - CurrentDate = CurrentDate: null

2018-12-07 00:34:22 - [TEST_STEP][PASSED] - Statement - CurrentDay = java.lang.Integer.parseInt(CurrentDate): null

2018-12-07 00:34:22 - [TEST_STEP][PASSED] - Statement - ConfAdder = <not implemented yet for class: org.codehaus.groovy.ast.expr.EmptyExpression>: null

2018-12-07 00:34:22 - [TEST_STEP][PASSED] - Statement - out.println(CurrentMonth): null

2018-12-07 00:34:22 - [TEST_STEP][PASSED] - Statement - out.println(CurrentDate): null

2018-12-07 00:34:22 - [TEST_STEP][PASSED] - Statement - switch (CurrentDate): null

2018-12-07 00:34:22 - [TEST_STEP][PASSED] - Statement - Default: null

2018-12-07 00:34:22 - [TEST_STEP][PASSED] - Statement - ConfAdder = true: null

2018-12-07 00:34:22 - [TEST_STEP][PASSED] - Statement - Break: null

2018-12-07 00:34:22 - [TEST_STEP][PASSED] - Statement - aDayBefore = <not implemented yet for class: org.codehaus.groovy.ast.expr.EmptyExpression>: null

2018-12-07 00:34:22 - [TEST_STEP][PASSED] - Statement - out.println(ConfAdder): null

2018-12-07 00:34:22 - [TEST_STEP][PASSED] - Statement - If (ConfAdder == true): null

2018-12-07 00:34:22 - [TEST_STEP][PASSED] - Statement - aDayBefore = CurrentDay + 1: null

2018-12-07 00:34:22 - [TEST_STEP][PASSED] - Statement - out.println(aDayBefore): null

2018-12-07 00:34:22 - [TEST_STEP][PASSED] - Statement - If (aDayBefore == 1 && CurrentMonth == 11): null

2018-12-07 00:34:22 - [TEST_STEP][PASSED] - Statement - DayBefore = aDayBefore.toString(): null

2018-12-07 00:34:22 - [TEST_STEP][PASSED] - Statement - OneDayBefore = DayBefore: null

2018-12-07 00:34:22 - [MESSAGE][PASSED] - Call Test Case 'Test Cases/Final Aug 2018 - PKS Automation/Registration Module/New Registration/Form 2/Date Updater' successfully

2018-12-07 00:34:22 - [TEST_STEP][PASSED] - delay: Delayed 1 second(s)

2018-12-07 00:34:23 - [MESSAGE][PASSED] - Delayed 1 second(s)

2018-12-07 00:34:23 - [TEST_STEP][PASSED] - Statement - CaseReferenceNo = com.kms.katalon.core.webui.keyword.WebUiBuiltInKeywords.getText(com.kms.katalon.core.testobject.ObjectRepository.findTestObject(Final Object Repo/New Registration - Registration Module Pages/Form 2/RefNo Acquiring)): Text of object 'Object Repository/Final Object Repo/New Registration - Registration Module Pages/Form 2/RefNo Acquiring' is: 'CRN12201800123074'

2018-12-07 00:34:23 - [MESSAGE][PASSED] - Text of object 'Object Repository/Final Object Repo/New Registration - Registration Module Pages/Form 2/RefNo Acquiring' is: 'CRN12201800123074'

2018-12-07 00:34:23 - [TEST_STEP][PASSED] - delay: Delayed 1 second(s)

2018-12-07 00:34:24 - [MESSAGE][PASSED] - Delayed 1 second(s)

2018-12-07 00:34:24 - [TEST_STEP][PASSED] - click: Object: 'Object Repository/Final Object Repo/New Registration - Registration Module Pages/Form 2/Add Employee Button' is clicked on

2018-12-07 00:34:25 - [MESSAGE][PASSED] - Object: 'Object Repository/Final Object Repo/New Registration - Registration Module Pages/Form 2/Add Employee Button' is clicked on

2018-12-07 00:34:25 - [TEST_STEP][PASSED] - delay: Delayed 1 second(s)

2018-12-07 00:34:26 - [MESSAGE][PASSED] - Delayed 1 second(s)

2018-12-07 00:34:26 - [TEST_STEP][PASSED] - setText: Text '010903091963' is set on object 'Object Repository/Final Object Repo/New Registration - Registration Module Pages/Form 2/NRIC Input'

2018-12-07 00:34:26 - [MESSAGE][PASSED] - Text '010903091963' is set on object 'Object Repository/Final Object Repo/New Registration - Registration Module Pages/Form 2/NRIC Input'

2018-12-07 00:34:26 - [TEST_STEP][PASSED] - click: Object: 'Object Repository/Final Object Repo/New Registration - Registration Module Pages/Form 2/button for search for IC' is clicked on

2018-12-07 00:34:26 - [MESSAGE][PASSED] - Object: 'Object Repository/Final Object Repo/New Registration - Registration Module Pages/Form 2/button for search for IC' is clicked on

2018-12-07 00:34:26 - [TEST_STEP][PASSED] - delay: Delayed 2 second(s)

2018-12-07 00:34:28 - [MESSAGE][PASSED] - Delayed 2 second(s)

2018-12-07 00:34:28 - [TEST_STEP][PASSED] - setText: Text 'Automate001 eligible 1' is set on object 'Object Repository/Final Object Repo/New Registration - Registration Module Pages/Form 2/Employee Name Input'

2018-12-07 00:34:29 - [MESSAGE][PASSED] - Text 'Automate001 eligible 1' is set on object 'Object Repository/Final Object Repo/New Registration - Registration Module Pages/Form 2/Employee Name Input'

2018-12-07 00:34:29 - [TEST_STEP][PASSED] - delay: Delayed 2 second(s)

2018-12-07 00:34:31 - [MESSAGE][PASSED] - Delayed 2 second(s)

2018-12-07 00:34:31 - [TEST_STEP][PASSED] - click: Object: 'Object Repository/Final Object Repo/New Registration - Registration Module Pages/Form 2/DatePicker Pop Up' is clicked on

2018-12-07 00:34:31 - [MESSAGE][PASSED] - Object: 'Object Repository/Final Object Repo/New Registration - Registration Module Pages/Form 2/DatePicker Pop Up' is clicked on

2018-12-07 00:34:31 - [TEST_STEP][PASSED] - click: Object: 'Object Repository/Final Object Repo/New Registration - Registration Module Pages/Form 2/DOB Month' is clicked on

2018-12-07 00:34:31 - [MESSAGE][PASSED] - Object: 'Object Repository/Final Object Repo/New Registration - Registration Module Pages/Form 2/DOB Month' is clicked on

2018-12-07 00:34:31 - [TEST_STEP][PASSED] - Statement - CurrentMonth = CurrentMonth: null

2018-12-07 00:34:31 - [TEST_STEP][PASSED] - Statement - selectMonth = new com.kms.katalon.core.testobject.TestObject(): null

2018-12-07 00:34:31 - [TEST_STEP][PASSED] - Statement - selectMonth.addProperty("xpath", EQUALS, "//body/div/div/div/select/option[@value='" + CurrentMonth + "']", true): null

2018-12-07 00:34:31 - [TEST_STEP][PASSED] - click: Object: '' is clicked on

2018-12-07 00:34:31 - [MESSAGE][PASSED] - Object: '' is clicked on

2018-12-07 00:34:31 - [TEST_STEP][PASSED] - click: Object: 'Object Repository/Final Object Repo/New Registration - Registration Module Pages/Form 2/DOB Year' is clicked on

2018-12-07 00:34:31 - [MESSAGE][PASSED] - Object: 'Object Repository/Final Object Repo/New Registration - Registration Module Pages/Form 2/DOB Year' is clicked on

2018-12-07 00:34:31 - [TEST_STEP][PASSED] - Statement - Eyearsbf = EighteenYrsBefore: null

2018-12-07 00:34:31 - [TEST_STEP][PASSED] - Statement - selectYear = new com.kms.katalon.core.testobject.TestObject(): null

2018-12-07 00:34:31 - [TEST_STEP][PASSED] - Statement - selectYear.addProperty("xpath", EQUALS, "//div/div/div/select/option[@value='" + Eyearsbf + "']", true): null

2018-12-07 00:34:31 - [TEST_STEP][PASSED] - click: Object: '' is clicked on

2018-12-07 00:34:31 - [MESSAGE][PASSED] - Object: '' is clicked on

2018-12-07 00:34:31 - [TEST_STEP][PASSED] - Statement - UpdatedSelectDate = com.kms.katalon.core.webui.keyword.WebUiBuiltInKeywords.modifyObjectProperty(com.kms.katalon.core.testobject.ObjectRepository.findTestObject(Final Object Repo/New Registration - Registration Module Pages/Form 2/DOB Date), "xpath", "equals", "//body/div/table/tbody/tr/td/a[text()="" + CurrentDate + ""]", true): Modify property of object successfully

2018-12-07 00:34:31 - [MESSAGE][PASSED] - Modify property of object successfully

2018-12-07 00:34:31 - [TEST_STEP][PASSED] - delay: Delayed 3 second(s)

2018-12-07 00:34:34 - [MESSAGE][PASSED] - Delayed 3 second(s)

2018-12-07 00:34:34 - [TEST_STEP][PASSED] - click: Object: 'Object Repository/Final Object Repo/New Registration - Registration Module Pages/Form 2/DOB Date' is clicked on

2018-12-07 00:34:35 - [MESSAGE][PASSED] - Object: 'Object Repository/Final Object Repo/New Registration - Registration Module Pages/Form 2/DOB Date' is clicked on

2018-12-07 00:34:35 - [TEST_STEP][PASSED] - delay: Delayed 2 second(s)

2018-12-07 00:34:37 - [MESSAGE][PASSED] - Delayed 2 second(s)

2018-12-07 00:34:37 - [TEST_STEP][PASSED] - click: Object: 'Object Repository/Final Object Repo/New Registration - Registration Module Pages/Form 2/EmploymentStartDate Pop Up' is clicked on

2018-12-07 00:34:37 - [MESSAGE][PASSED] - Object: 'Object Repository/Final Object Repo/New Registration - Registration Module Pages/Form 2/EmploymentStartDate Pop Up' is clicked on

2018-12-07 00:34:37 - [TEST_STEP][PASSED] - delay: Delayed 2 second(s)

2018-12-07 00:34:39 - [MESSAGE][PASSED] - Delayed 2 second(s)

2018-12-07 00:34:39 - [TEST_STEP][PASSED] - click: Object: 'Object Repository/Final Object Repo/New Registration - Registration Module Pages/Form 2/Socso Employment StartDate Month' is clicked on

2018-12-07 00:34:39 - [MESSAGE][PASSED] - Object: 'Object Repository/Final Object Repo/New Registration - Registration Module Pages/Form 2/Socso Employment StartDate Month' is clicked on

2018-12-07 00:34:39 - [TEST_STEP][PASSED] - delay: Delayed 1 second(s)

2018-12-07 00:34:40 - [MESSAGE][PASSED] - Delayed 1 second(s)

2018-12-07 00:34:40 - [TEST_STEP][PASSED] - click: Object: 'Object Repository/Final Object Repo/New Registration - Registration Module Pages/Form 2/Select Socso Employement Startdate Month' is clicked on

2018-12-07 00:34:40 - [MESSAGE][PASSED] - Object: 'Object Repository/Final Object Repo/New Registration - Registration Module Pages/Form 2/Select Socso Employement Startdate Month' is clicked on

2018-12-07 00:34:40 - [TEST_STEP][PASSED] - delay: Delayed 2 second(s)

2018-12-07 00:34:42 - [MESSAGE][PASSED] - Delayed 2 second(s)

2018-12-07 00:34:42 - [TEST_STEP][PASSED] - click: Object: 'Object Repository/Final Object Repo/New Registration - Registration Module Pages/Form 2/Socso Employment StartDate Year' is clicked on

2018-12-07 00:34:42 - [MESSAGE][PASSED] - Object: 'Object Repository/Final Object Repo/New Registration - Registration Module Pages/Form 2/Socso Employment StartDate Year' is clicked on

2018-12-07 00:34:42 - [TEST_STEP][PASSED] - delay: Delayed 1 second(s)

2018-12-07 00:34:43 - [MESSAGE][PASSED] - Delayed 1 second(s)

2018-12-07 00:34:43 - [TEST_STEP][PASSED] - click: Object: 'Object Repository/Final Object Repo/New Registration - Registration Module Pages/Form 2/Select Socso Employment Startdate Year' is clicked on

2018-12-07 00:34:43 - [MESSAGE][PASSED] - Object: 'Object Repository/Final Object Repo/New Registration - Registration Module Pages/Form 2/Select Socso Employment Startdate Year' is clicked on

2018-12-07 00:34:43 - [TEST_STEP][PASSED] - delay: Delayed 2 second(s)

2018-12-07 00:34:45 - [MESSAGE][PASSED] - Delayed 2 second(s)

2018-12-07 00:34:45 - [TEST_STEP][PASSED] - click: Object: 'Object Repository/Final Object Repo/New Registration - Registration Module Pages/Form 2/Socso Employment Start Date Day' is clicked on

2018-12-07 00:34:46 - [MESSAGE][PASSED] - Object: 'Object Repository/Final Object Repo/New Registration - Registration Module Pages/Form 2/Socso Employment Start Date Day' is clicked on

2018-12-07 00:34:46 - [TEST_STEP][PASSED] - delay: Delayed 2 second(s)

2018-12-07 00:34:48 - [MESSAGE][PASSED] - Delayed 2 second(s)

2018-12-07 00:34:48 - [TEST_STEP][PASSED] - click: Object: 'Object Repository/Final Object Repo/New Registration - Registration Module Pages/Form 2/Save Button for Add Employee' is clicked on

2018-12-07 00:34:48 - [MESSAGE][PASSED] - Object: 'Object Repository/Final Object Repo/New Registration - Registration Module Pages/Form 2/Save Button for Add Employee' is clicked on

2018-12-07 00:34:48 - [TEST_STEP][PASSED] - delay: Delayed 6 second(s)

2018-12-07 00:34:54 - [MESSAGE][PASSED] - Delayed 6 second(s)

2018-12-07 00:34:54 - [TEST_STEP][PASSED] - click: Object: 'Object Repository/Final Object Repo/New Registration - Registration Module Pages/Form 2/Save and Continue Form 2' is clicked on

2018-12-07 00:34:54 - [MESSAGE][PASSED] - Object: 'Object Repository/Final Object Repo/New Registration - Registration Module Pages/Form 2/Save and Continue Form 2' is clicked on

2018-12-07 00:34:54 - [MESSAGE][PASSED] - Call Test Case 'Test Cases/Final Aug 2018 - PKS Automation/Registration Module/New Registration/Form 2/Add 1 Eligible' successfully

2018-12-07 00:34:54 - [TEST_STEP][PASSED] - callTestCase: Call Test Case 'Test Cases/Final Aug 2018 - PKS Automation/Registration Module/New Registration/Flow of New Registration/Third Screen - Upload Supporting Doc - Preview' successfully

2018-12-07 00:34:54 - [TEST_CASE][PASSED] - Test Cases/Final Aug 2018 - PKS Automation/Registration Module/New Registration/Flow of New Registration/Third Screen - Upload Supporting Doc - Preview: Test Cases/Final Aug 2018 - PKS Automation/Registration Module/New Registration/Flow of New Registration/Third Screen - Upload Supporting Doc - Preview

2018-12-07 00:34:54 - [TEST_STEP][PASSED] - waitForPageLoad: Wait for page load successfully

2018-12-07 00:34:55 - [MESSAGE][PASSED] - Wait for page load successfully

2018-12-07 00:34:55 - [TEST_STEP][PASSED] - Statement - CaseReferenceNo = com.kms.katalon.core.webui.keyword.WebUiBuiltInKeywords.getText(com.kms.katalon.core.testobject.ObjectRepository.findTestObject(Final Object Repo/New Registration - Registration Module Pages/Third Screen - Upload Supporting Doc- Preview/RefNo Acquiring)): Text of object 'Object Repository/Final Object Repo/New Registration - Registration Module Pages/Third Screen - Upload Supporting Doc- Preview/RefNo Acquiring' is: 'CRN12201800123074'

2018-12-07 00:34:55 - [MESSAGE][PASSED] - Text of object 'Object Repository/Final Object Repo/New Registration - Registration Module Pages/Third Screen - Upload Supporting Doc- Preview/RefNo Acquiring' is: 'CRN12201800123074'

2018-12-07 00:34:55 - [TEST_STEP][PASSED] - delay: Delayed 2 second(s)

2018-12-07 00:34:57 - [MESSAGE][PASSED] - Delayed 2 second(s)

2018-12-07 00:34:57 - [TEST_STEP][PASSED] - callTestCase: Call Test Case 'Test Cases/Final Aug 2018 - PKS Automation/Common/Reference Number Setter' successfully

2018-12-07 00:34:57 - [TEST_CASE][PASSED] - Test Cases/Final Aug 2018 - PKS Automation/Common/Reference Number Setter: Test Cases/Final Aug 2018 - PKS Automation/Common/Reference Number Setter

2018-12-07 00:34:57 - [TEST_STEP][PASSED] - Statement - RefNoOldFile = new java.io.File(C://Users//Admin//Desktop//PKS//Automation Reference Point//KatalonReference.txt): null

2018-12-07 00:34:57 - [TEST_STEP][PASSED] - Statement - RefNoOldFile.delete(): null

2018-12-07 00:34:57 - [TEST_STEP][PASSED] - delay: Delayed 5 second(s)

2018-12-07 00:35:02 - [MESSAGE][PASSED] - Delayed 5 second(s)

2018-12-07 00:35:02 - [TEST_STEP][PASSED] - Statement - RefNo = new java.io.File(C://Users//Admin//Desktop//PKS//Automation Reference Point//KatalonReference.txt): null

2018-12-07 00:35:02 - [TEST_STEP][PASSED] - Statement - f2 = new java.io.FileWriter(RefNo, false): null

2018-12-07 00:35:02 - [TEST_STEP][PASSED] - Statement - f2.write(CaseReferenceNo): null

2018-12-07 00:35:02 - [TEST_STEP][PASSED] - Statement - f2.close(): null

2018-12-07 00:35:02 - [TEST_STEP][PASSED] - Statement - out.println("


" + CaseReferenceNo + "


"): null

2018-12-07 00:35:02 - [MESSAGE][PASSED] - Call Test Case 'Test Cases/Final Aug 2018 - PKS Automation/Common/Reference Number Setter' successfully

2018-12-07 00:35:02 - [TEST_STEP][PASSED] - waitForElementClickable: Object 'Object Repository/Final Object Repo/New Registration - Registration Module Pages/Third Screen - Upload Supporting Doc- Preview/Save n Continue in SIP Employee Listing Page' is clickable

2018-12-07 00:35:02 - [MESSAGE][PASSED] - Object 'Object Repository/Final Object Repo/New Registration - Registration Module Pages/Third Screen - Upload Supporting Doc- Preview/Save n Continue in SIP Employee Listing Page' is clickable

2018-12-07 00:35:02 - [TEST_STEP][PASSED] - click: Object: 'Object Repository/Final Object Repo/New Registration - Registration Module Pages/Third Screen - Upload Supporting Doc- Preview/Save n Continue in SIP Employee Listing Page' is clicked on

2018-12-07 00:35:07 - [MESSAGE][PASSED] - Object: 'Object Repository/Final Object Repo/New Registration - Registration Module Pages/Third Screen - Upload Supporting Doc- Preview/Save n Continue in SIP Employee Listing Page' is clicked on

2018-12-07 00:35:07 - [TEST_STEP][PASSED] - delay: Delayed 7 second(s)

2018-12-07 00:35:14 - [MESSAGE][PASSED] - Delayed 7 second(s)

2018-12-07 00:35:14 - [TEST_STEP][PASSED] - click: Object: 'Object Repository/Final Object Repo/New Registration - Registration Module Pages/Third Screen - Upload Supporting Doc- Preview/Add Document Button' is clicked on

2018-12-07 00:35:14 - [MESSAGE][PASSED] - Object: 'Object Repository/Final Object Repo/New Registration - Registration Module Pages/Third Screen - Upload Supporting Doc- Preview/Add Document Button' is clicked on

2018-12-07 00:35:14 - [TEST_STEP][PASSED] - delay: Delayed 30 second(s)

2018-12-07 00:35:44 - [MESSAGE][PASSED] - Delayed 30 second(s)

2018-12-07 00:35:44 - [TEST_STEP][PASSED] - click: Object: 'Object Repository/Final Object Repo/New Registration - Registration Module Pages/Third Screen - Upload Supporting Doc- Preview/Supporting Doc Please Select Drop Down' is clicked on

2018-12-07 00:35:44 - [MESSAGE][PASSED] - Object: 'Object Repository/Final Object Repo/New Registration - Registration Module Pages/Third Screen - Upload Supporting Doc- Preview/Supporting Doc Please Select Drop Down' is clicked on

2018-12-07 00:35:44 - [TEST_STEP][PASSED] - delay: Delayed 2 second(s)

2018-12-07 00:35:46 - [MESSAGE][PASSED] - Delayed 2 second(s)

2018-12-07 00:35:46 - [TEST_STEP][PASSED] - click: Object: 'Object Repository/Final Object Repo/New Registration - Registration Module Pages/Third Screen - Upload Supporting Doc- Preview/Select to Upload Form 1' is clicked on

2018-12-07 00:35:47 - [MESSAGE][PASSED] - Object: 'Object Repository/Final Object Repo/New Registration - Registration Module Pages/Third Screen - Upload Supporting Doc- Preview/Select to Upload Form 1' is clicked on

2018-12-07 00:35:47 - [TEST_STEP][PASSED] - delay: Delayed 2 second(s)

2018-12-07 00:35:49 - [MESSAGE][PASSED] - Delayed 2 second(s)

2018-12-07 00:35:49 - [TEST_STEP][PASSED] - uploadFile: File 'C:\Users\Public\Pictures\Sample Pictures\Koala.jpg' sent to object: 'Object Repository/Final Object Repo/New Registration - Registration Module Pages/Third Screen - Upload Supporting Doc- Preview/Upload File Adding'

2018-12-07 00:35:49 - [MESSAGE][PASSED] - File 'C:\Users\Public\Pictures\Sample Pictures\Koala.jpg' sent to object: 'Object Repository/Final Object Repo/New Registration - Registration Module Pages/Third Screen - Upload Supporting Doc- Preview/Upload File Adding'

2018-12-07 00:35:49 - [TEST_STEP][PASSED] - delay: Delayed 5 second(s)

2018-12-07 00:35:54 - [MESSAGE][PASSED] - Delayed 5 second(s)

2018-12-07 00:35:54 - [TEST_STEP][PASSED] - click: Object: 'Object Repository/Final Object Repo/New Registration - Registration Module Pages/Third Screen - Upload Supporting Doc- Preview/Inner Form Add Document Button' is clicked on

2018-12-07 00:35:54 - [MESSAGE][PASSED] - Object: 'Object Repository/Final Object Repo/New Registration - Registration Module Pages/Third Screen - Upload Supporting Doc- Preview/Inner Form Add Document Button' is clicked on

2018-12-07 00:35:54 - [TEST_STEP][PASSED] - delay: Delayed 3 second(s)

2018-12-07 00:35:57 - [MESSAGE][PASSED] - Delayed 3 second(s)

2018-12-07 00:35:57 - [TEST_STEP][PASSED] - click: Object: 'Object Repository/Final Object Repo/New Registration - Registration Module Pages/Third Screen - Upload Supporting Doc- Preview/Add Document Button' is clicked on

2018-12-07 00:35:58 - [MESSAGE][PASSED] - Object: 'Object Repository/Final Object Repo/New Registration - Registration Module Pages/Third Screen - Upload Supporting Doc- Preview/Add Document Button' is clicked on

2018-12-07 00:35:58 - [TEST_STEP][PASSED] - delay: Delayed 30 second(s)

2018-12-07 00:36:28 - [MESSAGE][PASSED] - Delayed 30 second(s)

2018-12-07 00:36:28 - [TEST_STEP][PASSED] - click: Object: 'Object Repository/Final Object Repo/New Registration - Registration Module Pages/Third Screen - Upload Supporting Doc- Preview/Supporting Doc Please Select Drop Down' is clicked on

2018-12-07 00:36:28 - [MESSAGE][PASSED] - Object: 'Object Repository/Final Object Repo/New Registration - Registration Module Pages/Third Screen - Upload Supporting Doc- Preview/Supporting Doc Please Select Drop Down' is clicked on

2018-12-07 00:36:28 - [TEST_STEP][PASSED] - delay: Delayed 2 second(s)

2018-12-07 00:36:30 - [MESSAGE][PASSED] - Delayed 2 second(s)

2018-12-07 00:36:30 - [TEST_STEP][PASSED] - click: Object: 'Object Repository/Final Object Repo/New Registration - Registration Module Pages/Third Screen - Upload Supporting Doc- Preview/Select to Upload Form 2' is clicked on

2018-12-07 00:36:30 - [MESSAGE][PASSED] - Object: 'Object Repository/Final Object Repo/New Registration - Registration Module Pages/Third Screen - Upload Supporting Doc- Preview/Select to Upload Form 2' is clicked on

2018-12-07 00:36:30 - [TEST_STEP][PASSED] - delay: Delayed 2 second(s)

2018-12-07 00:36:32 - [MESSAGE][PASSED] - Delayed 2 second(s)

2018-12-07 00:36:32 - [TEST_STEP][PASSED] - uploadFile: File 'C:\Users\Public\Pictures\Sample Pictures\Koala.jpg' sent to object: 'Object Repository/Final Object Repo/New Registration - Registration Module Pages/Third Screen - Upload Supporting Doc- Preview/Upload File Adding'

2018-12-07 00:36:32 - [MESSAGE][PASSED] - File 'C:\Users\Public\Pictures\Sample Pictures\Koala.jpg' sent to object: 'Object Repository/Final Object Repo/New Registration - Registration Module Pages/Third Screen - Upload Supporting Doc- Preview/Upload File Adding'

2018-12-07 00:36:32 - [TEST_STEP][PASSED] - click: Object: 'Object Repository/Final Object Repo/New Registration - Registration Module Pages/Third Screen - Upload Supporting Doc- Preview/Inner Form Add Document Button' is clicked on

2018-12-07 00:36:33 - [MESSAGE][PASSED] - Object: 'Object Repository/Final Object Repo/New Registration - Registration Module Pages/Third Screen - Upload Supporting Doc- Preview/Inner Form Add Document Button' is clicked on

2018-12-07 00:36:33 - [TEST_STEP][PASSED] - delay: Delayed 5 second(s)

2018-12-07 00:36:38 - [MESSAGE][PASSED] - Delayed 5 second(s)

2018-12-07 00:36:38 - [TEST_STEP][PASSED] - click: Object: 'Object Repository/Final Object Repo/New Registration - Registration Module Pages/Third Screen - Upload Supporting Doc- Preview/Add Document Button' is clicked on

2018-12-07 00:36:38 - [MESSAGE][PASSED] - Object: 'Object Repository/Final Object Repo/New Registration - Registration Module Pages/Third Screen - Upload Supporting Doc- Preview/Add Document Button' is clicked on

2018-12-07 00:36:38 - [TEST_STEP][PASSED] - delay: Delayed 30 second(s)

2018-12-07 00:37:08 - [MESSAGE][PASSED] - Delayed 30 second(s)

2018-12-07 00:37:08 - [TEST_STEP][PASSED] - click: Object: 'Object Repository/Final Object Repo/New Registration - Registration Module Pages/Third Screen - Upload Supporting Doc- Preview/Supporting Doc Please Select Drop Down' is clicked on

2018-12-07 00:37:08 - [MESSAGE][PASSED] - Object: 'Object Repository/Final Object Repo/New Registration - Registration Module Pages/Third Screen - Upload Supporting Doc- Preview/Supporting Doc Please Select Drop Down' is clicked on

2018-12-07 00:37:08 - [TEST_STEP][PASSED] - click: Object: 'Object Repository/Final Object Repo/New Registration - Registration Module Pages/Third Screen - Upload Supporting Doc- Preview/Select to Upload Borang SIP 1' is clicked on

2018-12-07 00:37:08 - [MESSAGE][PASSED] - Object: 'Object Repository/Final Object Repo/New Registration - Registration Module Pages/Third Screen - Upload Supporting Doc- Preview/Select to Upload Borang SIP 1' is clicked on

2018-12-07 00:37:08 - [TEST_STEP][PASSED] - delay: Delayed 2 second(s)

2018-12-07 00:37:10 - [MESSAGE][PASSED] - Delayed 2 second(s)

2018-12-07 00:37:10 - [TEST_STEP][PASSED] - uploadFile: File 'C:\Users\Public\Pictures\Sample Pictures\Koala.jpg' sent to object: 'Object Repository/Final Object Repo/New Registration - Registration Module Pages/Third Screen - Upload Supporting Doc- Preview/Upload File Adding'

2018-12-07 00:37:10 - [MESSAGE][PASSED] - File 'C:\Users\Public\Pictures\Sample Pictures\Koala.jpg' sent to object: 'Object Repository/Final Object Repo/New Registration - Registration Module Pages/Third Screen - Upload Supporting Doc- Preview/Upload File Adding'

2018-12-07 00:37:10 - [TEST_STEP][PASSED] - click: Object: 'Object Repository/Final Object Repo/New Registration - Registration Module Pages/Third Screen - Upload Supporting Doc- Preview/Inner Form Add Document Button' is clicked on

2018-12-07 00:37:10 - [MESSAGE][PASSED] - Object: 'Object Repository/Final Object Repo/New Registration - Registration Module Pages/Third Screen - Upload Supporting Doc- Preview/Inner Form Add Document Button' is clicked on

2018-12-07 00:37:10 - [TEST_STEP][PASSED] - delay: Delayed 5 second(s)

2018-12-07 00:37:15 - [MESSAGE][PASSED] - Delayed 5 second(s)

2018-12-07 00:37:15 - [TEST_STEP][PASSED] - click: Object: 'Object Repository/Final Object Repo/New Registration - Registration Module Pages/Third Screen - Upload Supporting Doc- Preview/Add Document Button' is clicked on

2018-12-07 00:37:16 - [MESSAGE][PASSED] - Object: 'Object Repository/Final Object Repo/New Registration - Registration Module Pages/Third Screen - Upload Supporting Doc- Preview/Add Document Button' is clicked on

2018-12-07 00:37:16 - [TEST_STEP][PASSED] - delay: Delayed 30 second(s)

2018-12-07 00:37:46 - [MESSAGE][PASSED] - Delayed 30 second(s)

2018-12-07 00:37:46 - [TEST_STEP][PASSED] - click: Object: 'Object Repository/Final Object Repo/New Registration - Registration Module Pages/Third Screen - Upload Supporting Doc- Preview/Supporting Doc Please Select Drop Down' is clicked on

2018-12-07 00:37:46 - [MESSAGE][PASSED] - Object: 'Object Repository/Final Object Repo/New Registration - Registration Module Pages/Third Screen - Upload Supporting Doc- Preview/Supporting Doc Please Select Drop Down' is clicked on

2018-12-07 00:37:46 - [TEST_STEP][PASSED] - delay: Delayed 3 second(s)

2018-12-07 00:37:49 - [MESSAGE][PASSED] - Delayed 3 second(s)

2018-12-07 00:37:49 - [TEST_STEP][PASSED] - click: Object: 'Object Repository/Final Object Repo/New Registration - Registration Module Pages/Third Screen - Upload Supporting Doc- Preview/Select to Upload Borang SIP 2' is clicked on

2018-12-07 00:37:49 - [MESSAGE][PASSED] - Object: 'Object Repository/Final Object Repo/New Registration - Registration Module Pages/Third Screen - Upload Supporting Doc- Preview/Select to Upload Borang SIP 2' is clicked on

2018-12-07 00:37:49 - [TEST_STEP][PASSED] - delay: Delayed 2 second(s)

2018-12-07 00:37:51 - [MESSAGE][PASSED] - Delayed 2 second(s)

2018-12-07 00:37:51 - [TEST_STEP][PASSED] - uploadFile: File 'C:\Users\Public\Pictures\Sample Pictures\Koala.jpg' sent to object: 'Object Repository/Final Object Repo/New Registration - Registration Module Pages/Third Screen - Upload Supporting Doc- Preview/Upload File Adding'

2018-12-07 00:37:51 - [MESSAGE][PASSED] - File 'C:\Users\Public\Pictures\Sample Pictures\Koala.jpg' sent to object: 'Object Repository/Final Object Repo/New Registration - Registration Module Pages/Third Screen - Upload Supporting Doc- Preview/Upload File Adding'

2018-12-07 00:37:51 - [TEST_STEP][PASSED] - delay: Delayed 5 second(s)

2018-12-07 00:37:56 - [MESSAGE][PASSED] - Delayed 5 second(s)

2018-12-07 00:37:56 - [TEST_STEP][PASSED] - click: Object: 'Object Repository/Final Object Repo/New Registration - Registration Module Pages/Third Screen - Upload Supporting Doc- Preview/Inner Form Add Document Button' is clicked on

2018-12-07 00:37:56 - [MESSAGE][PASSED] - Object: 'Object Repository/Final Object Repo/New Registration - Registration Module Pages/Third Screen - Upload Supporting Doc- Preview/Inner Form Add Document Button' is clicked on

2018-12-07 00:37:56 - [TEST_STEP][PASSED] - delay: Delayed 3 second(s)

2018-12-07 00:37:59 - [MESSAGE][PASSED] - Delayed 3 second(s)

2018-12-07 00:37:59 - [TEST_STEP][PASSED] - waitForElementClickable: Object 'Object Repository/Final Object Repo/New Registration - Registration Module Pages/Third Screen - Upload Supporting Doc- Preview/Save n Continue in Uploading Supporting Doc Page' is clickable

2018-12-07 00:38:01 - [MESSAGE][PASSED] - Object 'Object Repository/Final Object Repo/New Registration - Registration Module Pages/Third Screen - Upload Supporting Doc- Preview/Save n Continue in Uploading Supporting Doc Page' is clickable

2018-12-07 00:38:01 - [TEST_STEP][PASSED] - click: Object: 'Object Repository/Final Object Repo/New Registration - Registration Module Pages/Third Screen - Upload Supporting Doc- Preview/Save n Continue in Uploading Supporting Doc Page' is clicked on

2018-12-07 00:38:01 - [MESSAGE][PASSED] - Object: 'Object Repository/Final Object Repo/New Registration - Registration Module Pages/Third Screen - Upload Supporting Doc- Preview/Save n Continue in Uploading Supporting Doc Page' is clicked on

2018-12-07 00:38:01 - [MESSAGE][PASSED] - Call Test Case 'Test Cases/Final Aug 2018 - PKS Automation/Registration Module/New Registration/Flow of New Registration/Third Screen - Upload Supporting Doc - Preview' successfully

2018-12-07 00:38:01 - [TEST_STEP][PASSED] - callTestCase: Call Test Case 'Test Cases/Final Aug 2018 - PKS Automation/Registration Module/New Registration/Submit and Screenshot/Submit Registration and Screenshot - Copy' successfully

2018-12-07 00:38:01 - [TEST_CASE][PASSED] - Test Cases/Final Aug 2018 - PKS Automation/Registration Module/New Registration/Submit and Screenshot/Submit Registration and Screenshot - Copy: Test Cases/Final Aug 2018 - PKS Automation/Registration Module/New Registration/Submit and Screenshot/Submit Registration and Screenshot - Copy

2018-12-07 00:38:01 - [TEST_STEP][PASSED] - delay: Delayed 6 second(s)

2018-12-07 00:38:07 - [MESSAGE][PASSED] - Delayed 6 second(s)

2018-12-07 00:38:07 - [TEST_STEP][PASSED] - click: Object: 'Object Repository/Final Object Repo/New Registration - Registration Module Pages/Third Screen - Upload Supporting Doc- Preview/Preview Submit Button' is clicked on

2018-12-07 00:38:07 - [MESSAGE][PASSED] - Object: 'Object Repository/Final Object Repo/New Registration - Registration Module Pages/Third Screen - Upload Supporting Doc- Preview/Preview Submit Button' is clicked on

2018-12-07 00:38:07 - [TEST_STEP][PASSED] - delay: Delayed 2 second(s)

2018-12-07 00:38:09 - [MESSAGE][PASSED] - Delayed 2 second(s)

2018-12-07 00:38:09 - [TEST_STEP][PASSED] - click: Object: 'Object Repository/Final Object Repo/New Registration - Registration Module Pages/Third Screen - Upload Supporting Doc- Preview/Preview Submit - Confirm' is clicked on

2018-12-07 00:38:09 - [MESSAGE][PASSED] - Object: 'Object Repository/Final Object Repo/New Registration - Registration Module Pages/Third Screen - Upload Supporting Doc- Preview/Preview Submit - Confirm' is clicked on

2018-12-07 00:38:09 - [TEST_STEP][PASSED] - delay: Delayed 15 second(s)

2018-12-07 00:38:24 - [MESSAGE][PASSED] - Delayed 15 second(s)

2018-12-07 00:38:24 - [TEST_STEP][PASSED] - Statement - driver = com.kms.katalon.core.webui.driver.DriverFactory.getWebDriver(): null

2018-12-07 00:38:24 - [TEST_STEP][PASSED] - Statement - driver.manage().timeouts().implicitlyWait(10, SECONDS): null

2018-12-07 00:38:24 - [TEST_STEP][PASSED] - Statement - PresavePath = KatalonScreenshots: null

2018-12-07 00:38:24 - [TEST_STEP][PASSED] - Statement - pathPrefix = "C:\Users\Public\Pictures\Sample Pictures\Katalon Screenshots\Automate Ending Screen": null

2018-12-07 00:38:24 - [TEST_STEP][PASSED] - Statement - finalPath = <not implemented yet for class: org.codehaus.groovy.ast.expr.EmptyExpression>: null

2018-12-07 00:38:24 - [TEST_STEP][PASSED] - Statement - scrFile = driver.getScreenshotAs(FILE): null

2018-12-07 00:38:24 - [TEST_STEP][PASSED] - Statement - PreSaveFile = new java.io.File(PresavePath): null

2018-12-07 00:38:24 - [TEST_STEP][PASSED] - Statement - counter = 0: null

2018-12-07 00:38:24 - [TEST_STEP][PASSED] - Statement - If (PreSaveFile.exists()): null

2018-12-07 00:38:24 - [TEST_STEP][PASSED] - Statement - While (PreSaveFile.exists()): null

2018-12-07 00:38:24 - [TEST_STEP][PASSED] - Statement - counter = counter + 1: null

2018-12-07 00:38:24 - [TEST_STEP][PASSED] - Statement - PreSaveFile = new java.io.File(((pathPrefix + java.lang.Integer.toString(counter)) + .png)): null

2018-12-07 00:38:24 - [TEST_STEP][PASSED] - Statement - counter = counter + 1: null

2018-12-07 00:38:24 - [TEST_STEP][PASSED] - Statement - PreSaveFile = new java.io.File(((pathPrefix + java.lang.Integer.toString(counter)) + .png)): null

2018-12-07 00:38:24 - [TEST_STEP][PASSED] - Statement - counter = counter + 1: null

2018-12-07 00:38:24 - [TEST_STEP][PASSED] - Statement - PreSaveFile = new java.io.File(((pathPrefix + java.lang.Integer.toString(counter)) + .png)): null

2018-12-07 00:38:24 - [TEST_STEP][PASSED] - Statement - counter = counter + 1: null

2018-12-07 00:38:24 - [TEST_STEP][PASSED] - Statement - PreSaveFile = new java.io.File(((pathPrefix + java.lang.Integer.toString(counter)) + .png)): null

2018-12-07 00:38:24 - [TEST_STEP][PASSED] - Statement - counter = counter + 1: null

2018-12-07 00:38:24 - [TEST_STEP][PASSED] - Statement - PreSaveFile = new java.io.File(((pathPrefix + java.lang.Integer.toString(counter)) + .png)): null

2018-12-07 00:38:24 - [TEST_STEP][PASSED] - Statement - counter = counter + 1: null

2018-12-07 00:38:24 - [TEST_STEP][PASSED] - Statement - PreSaveFile = new java.io.File(((pathPrefix + java.lang.Integer.toString(counter)) + .png)): null

2018-12-07 00:38:24 - [TEST_STEP][PASSED] - Statement - counter = counter + 1: null

2018-12-07 00:38:24 - [TEST_STEP][PASSED] - Statement - PreSaveFile = new java.io.File(((pathPrefix + java.lang.Integer.toString(counter)) + .png)): null

2018-12-07 00:38:24 - [TEST_STEP][PASSED] - Statement - counter = counter + 1: null

2018-12-07 00:38:24 - [TEST_STEP][PASSED] - Statement - PreSaveFile = new java.io.File(((pathPrefix + java.lang.Integer.toString(counter)) + .png)): null

2018-12-07 00:38:24 - [TEST_STEP][PASSED] - Statement - counter = counter + 1: null

2018-12-07 00:38:24 - [TEST_STEP][PASSED] - Statement - PreSaveFile = new java.io.File(((pathPrefix + java.lang.Integer.toString(counter)) + .png)): null

2018-12-07 00:38:24 - [TEST_STEP][PASSED] - Statement - counter = counter + 1: null

2018-12-07 00:38:24 - [TEST_STEP][PASSED] - Statement - PreSaveFile = new java.io.File(((pathPrefix + java.lang.Integer.toString(counter)) + .png)): null

2018-12-07 00:38:24 - [TEST_STEP][PASSED] - Statement - counter = counter + 1: null

2018-12-07 00:38:24 - [TEST_STEP][PASSED] - Statement - PreSaveFile = new java.io.File(((pathPrefix + java.lang.Integer.toString(counter)) + .png)): null

2018-12-07 00:38:24 - [TEST_STEP][PASSED] - Statement - counter = counter + 1: null

2018-12-07 00:38:24 - [TEST_STEP][PASSED] - Statement - PreSaveFile = new java.io.File(((pathPrefix + java.lang.Integer.toString(counter)) + .png)): null

2018-12-07 00:38:24 - [TEST_STEP][PASSED] - Statement - counter = counter + 1: null

2018-12-07 00:38:24 - [TEST_STEP][PASSED] - Statement - PreSaveFile = new java.io.File(((pathPrefix + java.lang.Integer.toString(counter)) + .png)): null

2018-12-07 00:38:24 - [TEST_STEP][PASSED] - Statement - counter = counter + 1: null

2018-12-07 00:38:24 - [TEST_STEP][PASSED] - Statement - PreSaveFile = new java.io.File(((pathPrefix + java.lang.Integer.toString(counter)) + .png)): null

2018-12-07 00:38:24 - [TEST_STEP][PASSED] - Statement - counter = counter + 1: null

2018-12-07 00:38:25 - [TEST_STEP][PASSED] - Statement - PreSaveFile = new java.io.File(((pathPrefix + java.lang.Integer.toString(counter)) + .png)): null

2018-12-07 00:38:25 - [TEST_STEP][PASSED] - Statement - counter = counter + 1: null

2018-12-07 00:38:25 - [TEST_STEP][PASSED] - Statement - PreSaveFile = new java.io.File(((pathPrefix + java.lang.Integer.toString(counter)) + .png)): null

2018-12-07 00:38:25 - [TEST_STEP][PASSED] - Statement - counter = counter + 1: null

2018-12-07 00:38:25 - [TEST_STEP][PASSED] - Statement - PreSaveFile = new java.io.File(((pathPrefix + java.lang.Integer.toString(counter)) + .png)): null

2018-12-07 00:38:25 - [TEST_STEP][PASSED] - Statement - counter = counter + 1: null

2018-12-07 00:38:25 - [TEST_STEP][PASSED] - Statement - PreSaveFile = new java.io.File(((pathPrefix + java.lang.Integer.toString(counter)) + .png)): null

2018-12-07 00:38:25 - [TEST_STEP][PASSED] - Statement - counter = counter + 1: null

2018-12-07 00:38:25 - [TEST_STEP][PASSED] - Statement - PreSaveFile = new java.io.File(((pathPrefix + java.lang.Integer.toString(counter)) + .png)): null

2018-12-07 00:38:25 - [TEST_STEP][PASSED] - Statement - counter = counter + 1: null

2018-12-07 00:38:25 - [TEST_STEP][PASSED] - Statement - PreSaveFile = new java.io.File(((pathPrefix + java.lang.Integer.toString(counter)) + .png)): null

2018-12-07 00:38:25 - [TEST_STEP][PASSED] - Statement - counter = counter + 1: null

2018-12-07 00:38:25 - [TEST_STEP][PASSED] - Statement - PreSaveFile = new java.io.File(((pathPrefix + java.lang.Integer.toString(counter)) + .png)): null

2018-12-07 00:38:25 - [TEST_STEP][PASSED] - Statement - counter = counter + 1: null

2018-12-07 00:38:25 - [TEST_STEP][PASSED] - Statement - PreSaveFile = new java.io.File(((pathPrefix + java.lang.Integer.toString(counter)) + .png)): null

2018-12-07 00:38:25 - [TEST_STEP][PASSED] - Statement - counter = counter + 1: null

2018-12-07 00:38:25 - [TEST_STEP][PASSED] - Statement - PreSaveFile = new java.io.File(((pathPrefix + java.lang.Integer.toString(counter)) + .png)): null

2018-12-07 00:38:25 - [TEST_STEP][PASSED] - Statement - counter = counter + 1: null

2018-12-07 00:38:25 - [TEST_STEP][PASSED] - Statement - PreSaveFile = new java.io.File(((pathPrefix + java.lang.Integer.toString(counter)) + .png)): null

2018-12-07 00:38:25 - [TEST_STEP][PASSED] - Statement - counter = counter + 1: null

2018-12-07 00:38:25 - [TEST_STEP][PASSED] - Statement - PreSaveFile = new java.io.File(((pathPrefix + java.lang.Integer.toString(counter)) + .png)): null

2018-12-07 00:38:25 - [TEST_STEP][PASSED] - Statement - counter = counter + 1: null

2018-12-07 00:38:25 - [TEST_STEP][PASSED] - Statement - PreSaveFile = new java.io.File(((pathPrefix + java.lang.Integer.toString(counter)) + .png)): null

2018-12-07 00:38:25 - [TEST_STEP][PASSED] - Statement - counter = counter + 1: null

2018-12-07 00:38:25 - [TEST_STEP][PASSED] - Statement - PreSaveFile = new java.io.File(((pathPrefix + java.lang.Integer.toString(counter)) + .png)): null

2018-12-07 00:38:25 - [TEST_STEP][PASSED] - Statement - counter = counter + 1: null

2018-12-07 00:38:25 - [TEST_STEP][PASSED] - Statement - PreSaveFile = new java.io.File(((pathPrefix + java.lang.Integer.toString(counter)) + .png)): null

2018-12-07 00:38:25 - [TEST_STEP][PASSED] - Statement - counter = counter + 1: null

2018-12-07 00:38:25 - [TEST_STEP][PASSED] - Statement - PreSaveFile = new java.io.File(((pathPrefix + java.lang.Integer.toString(counter)) + .png)): null

2018-12-07 00:38:25 - [TEST_STEP][PASSED] - Statement - counter = counter + 1: null

2018-12-07 00:38:25 - [TEST_STEP][PASSED] - Statement - PreSaveFile = new java.io.File(((pathPrefix + java.lang.Integer.toString(counter)) + .png)): null

2018-12-07 00:38:25 - [TEST_STEP][PASSED] - Statement - counter = counter + 1: null

2018-12-07 00:38:25 - [TEST_STEP][PASSED] - Statement - PreSaveFile = new java.io.File(((pathPrefix + java.lang.Integer.toString(counter)) + .png)): null

2018-12-07 00:38:25 - [TEST_STEP][PASSED] - Statement - counter = counter + 1: null

2018-12-07 00:38:25 - [TEST_STEP][PASSED] - Statement - PreSaveFile = new java.io.File(((pathPrefix + java.lang.Integer.toString(counter)) + .png)): null

2018-12-07 00:38:25 - [TEST_STEP][PASSED] - Statement - counter = counter + 1: null

2018-12-07 00:38:25 - [TEST_STEP][PASSED] - Statement - PreSaveFile = new java.io.File(((pathPrefix + java.lang.Integer.toString(counter)) + .png)): null

2018-12-07 00:38:25 - [TEST_STEP][PASSED] - Statement - counter = counter + 1: null

2018-12-07 00:38:25 - [TEST_STEP][PASSED] - Statement - PreSaveFile = new java.io.File(((pathPrefix + java.lang.Integer.toString(counter)) + .png)): null

2018-12-07 00:38:25 - [TEST_STEP][PASSED] - Statement - counter = counter + 1: null

2018-12-07 00:38:25 - [TEST_STEP][PASSED] - Statement - PreSaveFile = new java.io.File(((pathPrefix + java.lang.Integer.toString(counter)) + .png)): null

2018-12-07 00:38:25 - [TEST_STEP][PASSED] - Statement - counter = counter + 1: null

2018-12-07 00:38:25 - [TEST_STEP][PASSED] - Statement - PreSaveFile = new java.io.File(((pathPrefix + java.lang.Integer.toString(counter)) + .png)): null

2018-12-07 00:38:25 - [TEST_STEP][PASSED] - Statement - counter = counter + 1: null

2018-12-07 00:38:25 - [TEST_STEP][PASSED] - Statement - PreSaveFile = new java.io.File(((pathPrefix + java.lang.Integer.toString(counter)) + .png)): null

2018-12-07 00:38:25 - [TEST_STEP][PASSED] - Statement - counter = counter + 1: null

2018-12-07 00:38:25 - [TEST_STEP][PASSED] - Statement - PreSaveFile = new java.io.File(((pathPrefix + java.lang.Integer.toString(counter)) + .png)): null

2018-12-07 00:38:25 - [TEST_STEP][PASSED] - Statement - counter = counter + 1: null

2018-12-07 00:38:25 - [TEST_STEP][PASSED] - Statement - PreSaveFile = new java.io.File(((pathPrefix + java.lang.Integer.toString(counter)) + .png)): null

2018-12-07 00:38:25 - [TEST_STEP][PASSED] - Statement - counter = counter + 1: null

2018-12-07 00:38:25 - [TEST_STEP][PASSED] - Statement - PreSaveFile = new java.io.File(((pathPrefix + java.lang.Integer.toString(counter)) + .png)): null

2018-12-07 00:38:25 - [TEST_STEP][PASSED] - Statement - counter = counter + 1: null

2018-12-07 00:38:25 - [TEST_STEP][PASSED] - Statement - PreSaveFile = new java.io.File(((pathPrefix + java.lang.Integer.toString(counter)) + .png)): null

2018-12-07 00:38:25 - [TEST_STEP][PASSED] - Statement - counter = counter + 1: null

2018-12-07 00:38:25 - [TEST_STEP][PASSED] - Statement - PreSaveFile = new java.io.File(((pathPrefix + java.lang.Integer.toString(counter)) + .png)): null

2018-12-07 00:38:25 - [TEST_STEP][PASSED] - Statement - counter = counter + 1: null

2018-12-07 00:38:25 - [TEST_STEP][PASSED] - Statement - PreSaveFile = new java.io.File(((pathPrefix + java.lang.Integer.toString(counter)) + .png)): null

2018-12-07 00:38:25 - [TEST_STEP][PASSED] - Statement - counter = counter + 1: null

2018-12-07 00:38:25 - [TEST_STEP][PASSED] - Statement - PreSaveFile = new java.io.File(((pathPrefix + java.lang.Integer.toString(counter)) + .png)): null

2018-12-07 00:38:25 - [TEST_STEP][PASSED] - Statement - counter = counter + 1: null

2018-12-07 00:38:25 - [TEST_STEP][PASSED] - Statement - PreSaveFile = new java.io.File(((pathPrefix + java.lang.Integer.toString(counter)) + .png)): null

2018-12-07 00:38:25 - [TEST_STEP][PASSED] - Statement - counter = counter + 1: null

2018-12-07 00:38:25 - [TEST_STEP][PASSED] - Statement - PreSaveFile = new java.io.File(((pathPrefix + java.lang.Integer.toString(counter)) + .png)): null

2018-12-07 00:38:25 - [TEST_STEP][PASSED] - Statement - counter = counter + 1: null

2018-12-07 00:38:25 - [TEST_STEP][PASSED] - Statement - PreSaveFile = new java.io.File(((pathPrefix + java.lang.Integer.toString(counter)) + .png)): null

2018-12-07 00:38:25 - [TEST_STEP][PASSED] - Statement - counter = counter + 1: null

2018-12-07 00:38:25 - [TEST_STEP][PASSED] - Statement - PreSaveFile = new java.io.File(((pathPrefix + java.lang.Integer.toString(counter)) + .png)): null

2018-12-07 00:38:25 - [TEST_STEP][PASSED] - Statement - counter = counter + 1: null

2018-12-07 00:38:25 - [TEST_STEP][PASSED] - Statement - PreSaveFile = new java.io.File(((pathPrefix + java.lang.Integer.toString(counter)) + .png)): null

2018-12-07 00:38:25 - [TEST_STEP][PASSED] - Statement - counter = counter + 1: null

2018-12-07 00:38:25 - [TEST_STEP][PASSED] - Statement - PreSaveFile = new java.io.File(((pathPrefix + java.lang.Integer.toString(counter)) + .png)): null

2018-12-07 00:38:25 - [TEST_STEP][PASSED] - Statement - counter = counter + 1: null

2018-12-07 00:38:25 - [TEST_STEP][PASSED] - Statement - PreSaveFile = new java.io.File(((pathPrefix + java.lang.Integer.toString(counter)) + .png)): null

2018-12-07 00:38:25 - [TEST_STEP][PASSED] - Statement - counter = counter + 1: null

2018-12-07 00:38:25 - [TEST_STEP][PASSED] - Statement - PreSaveFile = new java.io.File(((pathPrefix + java.lang.Integer.toString(counter)) + .png)): null

2018-12-07 00:38:25 - [TEST_STEP][PASSED] - Statement - counter = counter + 1: null

2018-12-07 00:38:25 - [TEST_STEP][PASSED] - Statement - PreSaveFile = new java.io.File(((pathPrefix + java.lang.Integer.toString(counter)) + .png)): null

2018-12-07 00:38:25 - [TEST_STEP][PASSED] - Statement - counter = counter + 1: null

2018-12-07 00:38:25 - [TEST_STEP][PASSED] - Statement - PreSaveFile = new java.io.File(((pathPrefix + java.lang.Integer.toString(counter)) + .png)): null

2018-12-07 00:38:25 - [TEST_STEP][PASSED] - Statement - counter = counter + 1: null

2018-12-07 00:38:25 - [TEST_STEP][PASSED] - Statement - PreSaveFile = new java.io.File(((pathPrefix + java.lang.Integer.toString(counter)) + .png)): null

2018-12-07 00:38:25 - [TEST_STEP][PASSED] - Statement - counter = counter + 1: null

2018-12-07 00:38:25 - [TEST_STEP][PASSED] - Statement - PreSaveFile = new java.io.File(((pathPrefix + java.lang.Integer.toString(counter)) + .png)): null

2018-12-07 00:38:25 - [TEST_STEP][PASSED] - Statement - counter = counter + 1: null

2018-12-07 00:38:25 - [TEST_STEP][PASSED] - Statement - PreSaveFile = new java.io.File(((pathPrefix + java.lang.Integer.toString(counter)) + .png)): null

2018-12-07 00:38:25 - [TEST_STEP][PASSED] - Statement - counter = counter + 1: null

2018-12-07 00:38:25 - [TEST_STEP][PASSED] - Statement - PreSaveFile = new java.io.File(((pathPrefix + java.lang.Integer.toString(counter)) + .png)): null

2018-12-07 00:38:25 - [TEST_STEP][PASSED] - Statement - counter = counter + 1: null

2018-12-07 00:38:25 - [TEST_STEP][PASSED] - Statement - PreSaveFile = new java.io.File(((pathPrefix + java.lang.Integer.toString(counter)) + .png)): null

2018-12-07 00:38:25 - [TEST_STEP][PASSED] - Statement - counter = counter + 1: null

2018-12-07 00:38:25 - [TEST_STEP][PASSED] - Statement - PreSaveFile = new java.io.File(((pathPrefix + java.lang.Integer.toString(counter)) + .png)): null

2018-12-07 00:38:25 - [TEST_STEP][PASSED] - Statement - counter = counter + 1: null

2018-12-07 00:38:25 - [TEST_STEP][PASSED] - Statement - PreSaveFile = new java.io.File(((pathPrefix + java.lang.Integer.toString(counter)) + .png)): null

2018-12-07 00:38:25 - [TEST_STEP][PASSED] - Statement - counter = counter + 1: null

2018-12-07 00:38:25 - [TEST_STEP][PASSED] - Statement - PreSaveFile = new java.io.File(((pathPrefix + java.lang.Integer.toString(counter)) + .png)): null

2018-12-07 00:38:25 - [TEST_STEP][PASSED] - Statement - counter = counter + 1: null

2018-12-07 00:38:25 - [TEST_STEP][PASSED] - Statement - PreSaveFile = new java.io.File(((pathPrefix + java.lang.Integer.toString(counter)) + .png)): null

2018-12-07 00:38:25 - [TEST_STEP][PASSED] - Statement - counter = counter + 1: null

2018-12-07 00:38:25 - [TEST_STEP][PASSED] - Statement - PreSaveFile = new java.io.File(((pathPrefix + java.lang.Integer.toString(counter)) + .png)): null

2018-12-07 00:38:25 - [TEST_STEP][PASSED] - Statement - counter = counter + 1: null

2018-12-07 00:38:25 - [TEST_STEP][PASSED] - Statement - PreSaveFile = new java.io.File(((pathPrefix + java.lang.Integer.toString(counter)) + .png)): null

2018-12-07 00:38:25 - [TEST_STEP][PASSED] - Statement - counter = counter + 1: null

2018-12-07 00:38:25 - [TEST_STEP][PASSED] - Statement - PreSaveFile = new java.io.File(((pathPrefix + java.lang.Integer.toString(counter)) + .png)): null

2018-12-07 00:38:25 - [TEST_STEP][PASSED] - Statement - counter = counter + 1: null

2018-12-07 00:38:25 - [TEST_STEP][PASSED] - Statement - PreSaveFile = new java.io.File(((pathPrefix + java.lang.Integer.toString(counter)) + .png)): null

2018-12-07 00:38:25 - [TEST_STEP][PASSED] - Statement - counter = counter + 1: null

2018-12-07 00:38:25 - [TEST_STEP][PASSED] - Statement - PreSaveFile = new java.io.File(((pathPrefix + java.lang.Integer.toString(counter)) + .png)): null

2018-12-07 00:38:25 - [TEST_STEP][PASSED] - Statement - counter = counter + 1: null

2018-12-07 00:38:25 - [TEST_STEP][PASSED] - Statement - PreSaveFile = new java.io.File(((pathPrefix + java.lang.Integer.toString(counter)) + .png)): null

2018-12-07 00:38:25 - [TEST_STEP][PASSED] - Statement - counter = counter + 1: null

2018-12-07 00:38:25 - [TEST_STEP][PASSED] - Statement - PreSaveFile = new java.io.File(((pathPrefix + java.lang.Integer.toString(counter)) + .png)): null

2018-12-07 00:38:25 - [TEST_STEP][PASSED] - Statement - counter = counter + 1: null

2018-12-07 00:38:25 - [TEST_STEP][PASSED] - Statement - PreSaveFile = new java.io.File(((pathPrefix + java.lang.Integer.toString(counter)) + .png)): null

2018-12-07 00:38:25 - [TEST_STEP][PASSED] - Statement - counter = counter + 1: null

2018-12-07 00:38:25 - [TEST_STEP][PASSED] - Statement - PreSaveFile = new java.io.File(((pathPrefix + java.lang.Integer.toString(counter)) + .png)): null

2018-12-07 00:38:25 - [TEST_STEP][PASSED] - Statement - counter = counter + 1: null

2018-12-07 00:38:25 - [TEST_STEP][PASSED] - Statement - PreSaveFile = new java.io.File(((pathPrefix + java.lang.Integer.toString(counter)) + .png)): null

2018-12-07 00:38:25 - [TEST_STEP][PASSED] - Statement - finalPath = pathPrefix + java.lang.Integer.toString(counter) + ".png": null

2018-12-07 00:38:25 - [TEST_STEP][PASSED] - Statement - SaveFile = new java.io.File(finalPath): null

2018-12-07 00:38:25 - [TEST_STEP][PASSED] - Statement - Try: null

2018-12-07 00:38:25 - [TEST_STEP][PASSED] - Statement - org.apache.commons.io.FileUtils.copyFile(scrFile, SaveFile): null

2018-12-07 00:38:25 - [TEST_STEP][PASSED] - Statement - out.println("file kept"): null

2018-12-07 00:38:25 - [TEST_STEP][PASSED] - delay: Delayed 10 second(s)

2018-12-07 00:38:35 - [MESSAGE][PASSED] - Delayed 10 second(s)

2018-12-07 00:38:35 - [MESSAGE][PASSED] - Call Test Case 'Test Cases/Final Aug 2018 - PKS Automation/Registration Module/New Registration/Submit and Screenshot/Submit Registration and Screenshot - Copy' successfully

2018-12-07 00:38:35 - [TEST_STEP][PASSED] - Statement - UpdateAddNewECode = com.kms.katalon.core.webui.keyword.WebUiBuiltInKeywords.getText(com.kms.katalon.core.testobject.ObjectRepository.findTestObject(Object Repository/Final Object Repo/Page_Update Add New Employee - ASSIST/getEmpCode)): Text of object 'Object Repository/Final Object Repo/Page_Update Add New Employee - ASSIST/getEmpCode' is: 'E1102070656P'

2018-12-07 00:38:35 - [MESSAGE][PASSED] - Text of object 'Object Repository/Final Object Repo/Page_Update Add New Employee - ASSIST/getEmpCode' is: 'E1102070656P'

2018-12-07 00:38:35 - [TEST_STEP][PASSED] - callTestCase: Call Test Case 'Test Cases/Final Aug 2018 - PKS Automation/Common/Emp Code Setter' successfully

2018-12-07 00:38:35 - [TEST_CASE][PASSED] - Test Cases/Final Aug 2018 - PKS Automation/Common/Emp Code Setter: Test Cases/Final Aug 2018 - PKS Automation/Common/Emp Code Setter

2018-12-07 00:38:35 - [TEST_STEP][PASSED] - Statement - EmpCodeOld = new java.io.File(C://Users//Admin//Desktop//PKS//Automation Reference Point//EmpCode.txt): null

2018-12-07 00:38:35 - [TEST_STEP][PASSED] - Statement - EmpCodeOld.delete(): null

2018-12-07 00:38:35 - [TEST_STEP][PASSED] - Statement - EmpCode = new java.io.File(C://Users//Admin//Desktop//PKS//Automation Reference Point//EmpCode.txt): null

2018-12-07 00:38:35 - [TEST_STEP][PASSED] - Statement - f2 = new java.io.FileWriter(EmpCode, false): null

2018-12-07 00:38:35 - [TEST_STEP][PASSED] - Statement - f2.write(UpdateAddNewECode): null

2018-12-07 00:38:35 - [TEST_STEP][PASSED] - Statement - f2.close(): null

2018-12-07 00:38:35 - [TEST_STEP][PASSED] - Statement - out.println("


" + UpdateAddNewECode + "


"): null

2018-12-07 00:38:35 - [MESSAGE][PASSED] - Call Test Case 'Test Cases/Final Aug 2018 - PKS Automation/Common/Emp Code Setter' successfully

2018-12-07 00:38:35 - [MESSAGE][PASSED] - Call Test Case 'Test Cases/Final Aug 2018 - PKS Automation/Registration Module/Workflow/Update Add New Employee/Template/New Company for Update Add New' successfully

2018-12-07 00:38:35 - [TEST_STEP][PASSED] - callTestCase: Call Test Case 'Test Cases/Final Aug 2018 - PKS Automation/Registration Module/Log Out/log out avoiding katalon tagging' successfully

2018-12-07 00:38:35 - [TEST_CASE][PASSED] - Test Cases/Final Aug 2018 - PKS Automation/Registration Module/Log Out/log out avoiding katalon tagging: Test Cases/Final Aug 2018 - PKS Automation/Registration Module/Log Out/log out avoiding katalon tagging

2018-12-07 00:38:35 - [TEST_STEP][PASSED] - navigateToUrl: Navigate to 'https://assist2-uat.perkeso.gov.my/c/portal/logout' successfully

2018-12-07 00:38:36 - [MESSAGE][PASSED] - Navigate to 'https://assist2-uat.perkeso.gov.my/c/portal/logout' successfully

2018-12-07 00:38:36 - [MESSAGE][PASSED] - Call Test Case 'Test Cases/Final Aug 2018 - PKS Automation/Registration Module/Log Out/log out avoiding katalon tagging' successfully

2018-12-07 00:38:36 - [TEST_STEP][PASSED] - callTestCase: Call Test Case 'Test Cases/Final Aug 2018 - PKS Automation/Registration Module/New Registration/Form 2/Date Updater' successfully

2018-12-07 00:38:36 - [TEST_CASE][PASSED] - Test Cases/Final Aug 2018 - PKS Automation/Registration Module/New Registration/Form 2/Date Updater: Test Cases/Final Aug 2018 - PKS Automation/Registration Module/New Registration/Form 2/Date Updater

2018-12-07 00:38:36 - [TEST_STEP][PASSED] - Statement - TodayDate = new java.util.Date(): null

2018-12-07 00:38:36 - [TEST_STEP][PASSED] - Statement - CurrentDateNoFilter = new java.text.SimpleDateFormat(): null

2018-12-07 00:38:36 - [TEST_STEP][PASSED] - Statement - CurrentDateNoFilter.applyPattern("MM"): null

2018-12-07 00:38:36 - [TEST_STEP][PASSED] - Statement - monthContainerMatcher = java.lang.Integer.parseInt(CurrentDateNoFilter.format(TodayDate)): null

2018-12-07 00:38:36 - [TEST_STEP][PASSED] - Statement - monthContainerMatcher = monthContainerMatcher - 1: null

2018-12-07 00:38:36 - [TEST_STEP][PASSED] - Statement - CurrentMonth = monthContainerMatcher.toString(): null

2018-12-07 00:38:36 - [TEST_STEP][PASSED] - Statement - CurrentMonth = CurrentMonth: null

2018-12-07 00:38:36 - [TEST_STEP][PASSED] - Statement - CurrentDateNoFilter.applyPattern("yyyy"): null

2018-12-07 00:38:36 - [TEST_STEP][PASSED] - Statement - CurrentYear = CurrentDateNoFilter.format(TodayDate): null

2018-12-07 00:38:36 - [TEST_STEP][PASSED] - Statement - CurrentYear = CurrentYear: null

2018-12-07 00:38:36 - [TEST_STEP][PASSED] - Statement - intCurrentYear = java.lang.Integer.parseInt(CurrentDateNoFilter.format(TodayDate)): null

2018-12-07 00:38:36 - [TEST_STEP][PASSED] - Statement - eighteenYrsAgo = intCurrentYear - 18: null

2018-12-07 00:38:36 - [TEST_STEP][PASSED] - Statement - eighteenYrsBeforeThisYr = eighteenYrsAgo.toString(): null

2018-12-07 00:38:36 - [TEST_STEP][PASSED] - Statement - EighteenYrsBefore = eighteenYrsBeforeThisYr: null

2018-12-07 00:38:36 - [TEST_STEP][PASSED] - Statement - fiftysevenYrsAgo = intCurrentYear - 57: null

2018-12-07 00:38:36 - [TEST_STEP][PASSED] - Statement - fiftysevenYrsBeforeThisYr = fiftysevenYrsAgo.toString(): null

2018-12-07 00:38:36 - [TEST_STEP][PASSED] - Statement - FiftysevenYrsBefore = fiftysevenYrsBeforeThisYr: null

2018-12-07 00:38:36 - [TEST_STEP][PASSED] - Statement - leapYear = false: null

2018-12-07 00:38:36 - [TEST_STEP][PASSED] - Statement - leapYear = intCurrentYear % 4 == 0: null

2018-12-07 00:38:36 - [TEST_STEP][PASSED] - Statement - CurrentDateNoFilter.applyPattern("dd"): null

2018-12-07 00:38:36 - [TEST_STEP][PASSED] - Statement - CurrentDate = CurrentDateNoFilter.format(TodayDate): null

2018-12-07 00:38:36 - [TEST_STEP][PASSED] - Statement - CurrentDate = java.lang.Integer.parseInt(CurrentDate): null

2018-12-07 00:38:36 - [TEST_STEP][PASSED] - Statement - CurrentDate = CurrentDate: null

2018-12-07 00:38:36 - [TEST_STEP][PASSED] - Statement - CurrentDay = java.lang.Integer.parseInt(CurrentDate): null

2018-12-07 00:38:36 - [TEST_STEP][PASSED] - Statement - ConfAdder = <not implemented yet for class: org.codehaus.groovy.ast.expr.EmptyExpression>: null

2018-12-07 00:38:36 - [TEST_STEP][PASSED] - Statement - out.println(CurrentMonth): null

2018-12-07 00:38:36 - [TEST_STEP][PASSED] - Statement - out.println(CurrentDate): null

2018-12-07 00:38:36 - [TEST_STEP][PASSED] - Statement - switch (CurrentDate): null

2018-12-07 00:38:36 - [TEST_STEP][PASSED] - Statement - Default: null

2018-12-07 00:38:36 - [TEST_STEP][PASSED] - Statement - ConfAdder = true: null

2018-12-07 00:38:36 - [TEST_STEP][PASSED] - Statement - Break: null

2018-12-07 00:38:36 - [TEST_STEP][PASSED] - Statement - aDayBefore = <not implemented yet for class: org.codehaus.groovy.ast.expr.EmptyExpression>: null

2018-12-07 00:38:36 - [TEST_STEP][PASSED] - Statement - out.println(ConfAdder): null

2018-12-07 00:38:36 - [TEST_STEP][PASSED] - Statement - If (ConfAdder == true): null

2018-12-07 00:38:36 - [TEST_STEP][PASSED] - Statement - aDayBefore = CurrentDay + 1: null

2018-12-07 00:38:36 - [TEST_STEP][PASSED] - Statement - out.println(aDayBefore): null

2018-12-07 00:38:36 - [TEST_STEP][PASSED] - Statement - If (aDayBefore == 1 && CurrentMonth == 11): null

2018-12-07 00:38:36 - [TEST_STEP][PASSED] - Statement - DayBefore = aDayBefore.toString(): null

2018-12-07 00:38:36 - [TEST_STEP][PASSED] - Statement - OneDayBefore = DayBefore: null

2018-12-07 00:38:36 - [MESSAGE][PASSED] - Call Test Case 'Test Cases/Final Aug 2018 - PKS Automation/Registration Module/New Registration/Form 2/Date Updater' successfully

2018-12-07 00:38:36 - [TEST_STEP][PASSED] - delay: Delayed 2 second(s)

2018-12-07 00:38:38 - [MESSAGE][PASSED] - Delayed 2 second(s)

2018-12-07 00:38:38 - [TEST_STEP][PASSED] - setText: Text 'klpkrbo2@gmail.com' is set on object 'Object Repository/Final Object Repo/Page_Update Add New Employee - ASSIST/Email TextBox'

2018-12-07 00:38:38 - [MESSAGE][PASSED] - Text 'klpkrbo2@gmail.com' is set on object 'Object Repository/Final Object Repo/Page_Update Add New Employee - ASSIST/Email TextBox'

2018-12-07 00:38:38 - [TEST_STEP][PASSED] - click: Object: 'Object Repository/Final Object Repo/Page_Update Add New Employee - ASSIST/Next Button' is clicked on

2018-12-07 00:38:38 - [MESSAGE][PASSED] - Object: 'Object Repository/Final Object Repo/Page_Update Add New Employee - ASSIST/Next Button' is clicked on

2018-12-07 00:38:38 - [TEST_STEP][PASSED] - delay: Delayed 2 second(s)

2018-12-07 00:38:40 - [MESSAGE][PASSED] - Delayed 2 second(s)

2018-12-07 00:38:40 - [TEST_STEP][PASSED] - setText: Text 'Test1@3456789' is set on object 'Object Repository/Final Object Repo/Page_Update Add New Employee - ASSIST/Password TextBox'

2018-12-07 00:38:41 - [MESSAGE][PASSED] - Text 'Test1@3456789' is set on object 'Object Repository/Final Object Repo/Page_Update Add New Employee - ASSIST/Password TextBox'

2018-12-07 00:38:41 - [TEST_STEP][PASSED] - delay: Delayed 2 second(s)

2018-12-07 00:38:43 - [MESSAGE][PASSED] - Delayed 2 second(s)

2018-12-07 00:38:43 - [TEST_STEP][PASSED] - click: Object: 'Object Repository/Final Object Repo/Page_Update Add New Employee - ASSIST/Login Button' is clicked on

2018-12-07 00:38:43 - [MESSAGE][PASSED] - Object: 'Object Repository/Final Object Repo/Page_Update Add New Employee - ASSIST/Login Button' is clicked on

2018-12-07 00:38:43 - [TEST_STEP][PASSED] - delay: Delayed 4 second(s)

2018-12-07 00:38:47 - [MESSAGE][PASSED] - Delayed 4 second(s)

2018-12-07 00:38:47 - [TEST_STEP][PASSED] - Statement - Try: Delayed 2 second(s)

2018-12-07 00:38:47 - [TEST_STEP][PASSED] - Statement - Checker = false: null

2018-12-07 00:38:47 - [TEST_STEP][PASSED] - Statement - Checker = com.kms.katalon.core.webui.keyword.WebUiBuiltInKeywords.verifyElementHasAttribute(com.kms.katalon.core.testobject.ObjectRepository.findTestObject(Final Object Repo/Landing Page/BM Detecting), "href", 20, OPTIONAL): Object 'Object Repository/Final Object Repo/Landing Page/BM Detecting' has attribute 'href'

2018-12-07 00:38:47 - [MESSAGE][PASSED] - Object 'Object Repository/Final Object Repo/Landing Page/BM Detecting' has attribute 'href'

2018-12-07 00:38:47 - [TEST_STEP][PASSED] - Statement - out.println(Checker): null

2018-12-07 00:38:47 - [TEST_STEP][PASSED] - Statement - If (Checker == false): null

2018-12-07 00:38:47 - [TEST_STEP][PASSED] - Statement - Else: null

2018-12-07 00:38:47 - [TEST_STEP][PASSED] - delay: Delayed 2 second(s)

2018-12-07 00:38:49 - [MESSAGE][PASSED] - Delayed 2 second(s)

2018-12-07 00:38:49 - [TEST_STEP][PASSED] - delay: Delayed 4 second(s)

2018-12-07 00:38:53 - [MESSAGE][PASSED] - Delayed 4 second(s)

2018-12-07 00:38:53 - [TEST_STEP][PASSED] - click: Object: 'Object Repository/Final Object Repo/Page_Update Add New Employee - ASSIST/My Sites Drop Down' is clicked on

2018-12-07 00:38:53 - [MESSAGE][PASSED] - Object: 'Object Repository/Final Object Repo/Page_Update Add New Employee - ASSIST/My Sites Drop Down' is clicked on

2018-12-07 00:38:53 - [TEST_STEP][PASSED] - click: Object: 'Object Repository/Final Object Repo/Page_Update Add New Employee - ASSIST/Select to Registration Module' is clicked on

2018-12-07 00:38:54 - [MESSAGE][PASSED] - Object: 'Object Repository/Final Object Repo/Page_Update Add New Employee - ASSIST/Select to Registration Module' is clicked on

2018-12-07 00:38:54 - [TEST_STEP][PASSED] - navigateToUrl: Navigate to 'https://assist2-uat.perkeso.gov.my/web/registration/myassist' successfully

2018-12-07 00:38:55 - [MESSAGE][PASSED] - Navigate to 'https://assist2-uat.perkeso.gov.my/web/registration/myassist' successfully

2018-12-07 00:38:55 - [TEST_STEP][PASSED] - mouseOver: Object: 'Object Repository/Final Object Repo/Page_Update Add New Employee - ASSIST/Select to Update Akta 4 Tab' is hovered

2018-12-07 00:38:55 - [MESSAGE][PASSED] - Object: 'Object Repository/Final Object Repo/Page_Update Add New Employee - ASSIST/Select to Update Akta 4 Tab' is hovered

2018-12-07 00:38:55 - [TEST_STEP][PASSED] - delay: Delayed 2 second(s)

2018-12-07 00:38:57 - [MESSAGE][PASSED] - Delayed 2 second(s)

2018-12-07 00:38:57 - [TEST_STEP][PASSED] - click: Object: 'Object Repository/Final Object Repo/Page_Update Add New Employee - ASSIST/Select to Update Add New Employee' is clicked on

2018-12-07 00:38:58 - [MESSAGE][PASSED] - Object: 'Object Repository/Final Object Repo/Page_Update Add New Employee - ASSIST/Select to Update Add New Employee' is clicked on

2018-12-07 00:38:58 - [TEST_STEP][PASSED] - delay: Delayed 2 second(s)

2018-12-07 00:39:00 - [MESSAGE][PASSED] - Delayed 2 second(s)

2018-12-07 00:39:00 - [TEST_STEP][PASSED] - setText: Text 'E1102070656P' is set on object 'Object Repository/Final Object Repo/Page_Update Add New Employee - ASSIST/Employer Code input textbox'

2018-12-07 00:39:00 - [MESSAGE][PASSED] - Text 'E1102070656P' is set on object 'Object Repository/Final Object Repo/Page_Update Add New Employee - ASSIST/Employer Code input textbox'

2018-12-07 00:39:00 - [TEST_STEP][PASSED] - delay: Delayed 2 second(s)

2018-12-07 00:39:02 - [MESSAGE][PASSED] - Delayed 2 second(s)

2018-12-07 00:39:02 - [TEST_STEP][PASSED] - click: Object: 'Object Repository/Final Object Repo/Page_Update Add New Employee - ASSIST/Search Button for Employer Code' is clicked on

2018-12-07 00:39:02 - [MESSAGE][PASSED] - Object: 'Object Repository/Final Object Repo/Page_Update Add New Employee - ASSIST/Search Button for Employer Code' is clicked on

2018-12-07 00:39:02 - [TEST_STEP][PASSED] - delay: Delayed 4 second(s)

2018-12-07 00:39:06 - [MESSAGE][PASSED] - Delayed 4 second(s)

2018-12-07 00:39:06 - [TEST_STEP][PASSED] - click: Object: 'Object Repository/Final Object Repo/Page_Update Add New Employee - ASSIST/Click to Edit Case' is clicked on

2018-12-07 00:39:09 - [MESSAGE][PASSED] - Object: 'Object Repository/Final Object Repo/Page_Update Add New Employee - ASSIST/Click to Edit Case' is clicked on

2018-12-07 00:39:09 - [TEST_STEP][PASSED] - callTestCase: Call Test Case 'Test Cases/Final Aug 2018 - PKS Automation/Registration Module/Workflow/Update Add New Employee/Template/Employee Adding/Employee Set Decider' successfully

2018-12-07 00:39:09 - [TEST_CASE][PASSED] - Test Cases/Final Aug 2018 - PKS Automation/Registration Module/Workflow/Update Add New Employee/Template/Employee Adding/Employee Set Decider: Test Cases/Final Aug 2018 - PKS Automation/Registration Module/Workflow/Update Add New Employee/Template/Employee Adding/Employee Set Decider

2018-12-07 00:39:09 - [TEST_STEP][PASSED] - delay: Delayed 4 second(s)

2018-12-07 00:39:13 - [MESSAGE][PASSED] - Delayed 4 second(s)

2018-12-07 00:39:13 - [TEST_STEP][PASSED] - click: Object: 'Object Repository/Final Object Repo/Page_Update Add New Employee - ASSIST/Add Employee Button' is clicked on

2018-12-07 00:39:13 - [MESSAGE][PASSED] - Object: 'Object Repository/Final Object Repo/Page_Update Add New Employee - ASSIST/Add Employee Button' is clicked on

2018-12-07 00:39:13 - [TEST_STEP][PASSED] - delay: Delayed 3 second(s)

2018-12-07 00:39:16 - [MESSAGE][PASSED] - Delayed 3 second(s)

2018-12-07 00:39:16 - [TEST_STEP][PASSED] - setText: Text '010903091920' is set on object 'Object Repository/Final Object Repo/Page_Update Add New Employee - ASSIST/NRIC Input'

2018-12-07 00:39:16 - [MESSAGE][PASSED] - Text '010903091920' is set on object 'Object Repository/Final Object Repo/Page_Update Add New Employee - ASSIST/NRIC Input'

2018-12-07 00:39:16 - [TEST_STEP][PASSED] - click: Object: 'Object Repository/Final Object Repo/Page_Update Add New Employee - ASSIST/button for search for IC' is clicked on

2018-12-07 00:39:16 - [MESSAGE][PASSED] - Object: 'Object Repository/Final Object Repo/Page_Update Add New Employee - ASSIST/button for search for IC' is clicked on

2018-12-07 00:39:16 - [TEST_STEP][PASSED] - delay: Delayed 2 second(s)

2018-12-07 00:39:18 - [MESSAGE][PASSED] - Delayed 2 second(s)

2018-12-07 00:39:18 - [TEST_STEP][PASSED] - sendKeys: Keys 'CONTROL + a' sent to object: 'Object Repository/Final Object Repo/Page_Update Add New Employee - ASSIST/Employee Name Input'

2018-12-07 00:39:18 - [MESSAGE][PASSED] - Keys 'CONTROL + a' sent to object: 'Object Repository/Final Object Repo/Page_Update Add New Employee - ASSIST/Employee Name Input'

2018-12-07 00:39:18 - [TEST_STEP][PASSED] - sendKeys: Keys 'CONTROL + c' sent to object: 'Object Repository/Final Object Repo/Page_Update Add New Employee - ASSIST/Employee Name Input'

2018-12-07 00:39:19 - [MESSAGE][PASSED] - Keys 'CONTROL + c' sent to object: 'Object Repository/Final Object Repo/Page_Update Add New Employee - ASSIST/Employee Name Input'

2018-12-07 00:39:19 - [TEST_STEP][PASSED] - Statement - toolkit = java.awt.Toolkit.getDefaultToolkit(): null

2018-12-07 00:39:19 - [TEST_STEP][PASSED] - Statement - clipboard = toolkit.getSystemClipboard(): null

2018-12-07 00:39:19 - [TEST_STEP][PASSED] - Statement - CurrentName = clipboard.getData(stringFlavor): null

2018-12-07 00:39:19 - [TEST_STEP][PASSED] - Statement - out.println("String from Clipboard:" + CurrentName): null

2018-12-07 00:39:19 - [TEST_STEP][PASSED] - Statement - If (CurrentName == "AUTOMATE002 ELIGIBLE 1"): Call Test Case 'Test Cases/Final Aug 2018 - PKS Automation/Registration Module/Workflow/Update Add New Employee/Template/Employee Adding/Employee Adding Action Repeat IC - set 1' successfully

2018-12-07 00:39:19 - [TEST_STEP][PASSED] - callTestCase: Call Test Case 'Test Cases/Final Aug 2018 - PKS Automation/Registration Module/Workflow/Update Add New Employee/Template/Employee Adding/Employee Adding Action Repeat IC - set 1' successfully

2018-12-07 00:39:19 - [TEST_CASE][PASSED] - Test Cases/Final Aug 2018 - PKS Automation/Registration Module/Workflow/Update Add New Employee/Template/Employee Adding/Employee Adding Action Repeat IC - set 1: Test Cases/Final Aug 2018 - PKS Automation/Registration Module/Workflow/Update Add New Employee/Template/Employee Adding/Employee Adding Action Repeat IC - set 1

2018-12-07 00:39:19 - [TEST_STEP][PASSED] - setText: Text 'Automate003 eligible 1' is set on object 'Object Repository/Final Object Repo/Page_Update Add New Employee - ASSIST/Employee Name Input'

2018-12-07 00:39:19 - [MESSAGE][PASSED] - Text 'Automate003 eligible 1' is set on object 'Object Repository/Final Object Repo/Page_Update Add New Employee - ASSIST/Employee Name Input'

2018-12-07 00:39:19 - [TEST_STEP][PASSED] - delay: Delayed 2 second(s)

2018-12-07 00:39:21 - [MESSAGE][PASSED] - Delayed 2 second(s)

2018-12-07 00:39:21 - [TEST_STEP][PASSED] - click: Object: 'Object Repository/Final Object Repo/Page_Update Add New Employee - ASSIST/DatePicker Pop Up' is clicked on

2018-12-07 00:39:21 - [MESSAGE][PASSED] - Object: 'Object Repository/Final Object Repo/Page_Update Add New Employee - ASSIST/DatePicker Pop Up' is clicked on

2018-12-07 00:39:21 - [TEST_STEP][PASSED] - click: Object: 'Object Repository/Final Object Repo/Page_Update Add New Employee - ASSIST/DOB Month' is clicked on

2018-12-07 00:39:22 - [MESSAGE][PASSED] - Object: 'Object Repository/Final Object Repo/Page_Update Add New Employee - ASSIST/DOB Month' is clicked on

2018-12-07 00:39:22 - [TEST_STEP][PASSED] - Statement - CurrentMonth = CurrentMonth: null

2018-12-07 00:39:22 - [TEST_STEP][PASSED] - Statement - selectMonth = new com.kms.katalon.core.testobject.TestObject(): null

2018-12-07 00:39:22 - [TEST_STEP][PASSED] - Statement - selectMonth.addProperty("xpath", EQUALS, "//body/div/div/div/select/option[@value='" + CurrentMonth + "']", true): null

2018-12-07 00:39:22 - [TEST_STEP][PASSED] - click: Object: '' is clicked on

2018-12-07 00:39:22 - [MESSAGE][PASSED] - Object: '' is clicked on

2018-12-07 00:39:22 - [TEST_STEP][PASSED] - click: Object: 'Object Repository/Final Object Repo/Page_Update Add New Employee - ASSIST/DOB Year' is clicked on

2018-12-07 00:39:22 - [MESSAGE][PASSED] - Object: 'Object Repository/Final Object Repo/Page_Update Add New Employee - ASSIST/DOB Year' is clicked on

2018-12-07 00:39:22 - [TEST_STEP][PASSED] - Statement - Eyearsbf = EighteenYrsBefore: null

2018-12-07 00:39:22 - [TEST_STEP][PASSED] - Statement - selectYear = new com.kms.katalon.core.testobject.TestObject(): null

2018-12-07 00:39:22 - [TEST_STEP][PASSED] - Statement - selectYear.addProperty("xpath", EQUALS, "//div/div/div/select/option[@value='" + Eyearsbf + "']", true): null

2018-12-07 00:39:22 - [TEST_STEP][PASSED] - click: Object: '' is clicked on

2018-12-07 00:39:22 - [MESSAGE][PASSED] - Object: '' is clicked on

2018-12-07 00:39:22 - [TEST_STEP][PASSED] - Statement - UpdatedSelectDate = com.kms.katalon.core.webui.keyword.WebUiBuiltInKeywords.modifyObjectProperty(com.kms.katalon.core.testobject.ObjectRepository.findTestObject(Final Object Repo/Page_Update Add New Employee - ASSIST/DOB Date), "xpath", "equals", "//body/div/table/tbody/tr/td/a[text()="" + CurrentDate + ""]", true): Modify property of object successfully

2018-12-07 00:39:22 - [MESSAGE][PASSED] - Modify property of object successfully

2018-12-07 00:39:22 - [TEST_STEP][PASSED] - delay: Delayed 3 second(s)

2018-12-07 00:39:25 - [MESSAGE][PASSED] - Delayed 3 second(s)

2018-12-07 00:39:25 - [TEST_STEP][PASSED] - click: Object: 'Object Repository/Final Object Repo/Page_Update Add New Employee - ASSIST/DOB Date' is clicked on

2018-12-07 00:39:25 - [MESSAGE][PASSED] - Object: 'Object Repository/Final Object Repo/Page_Update Add New Employee - ASSIST/DOB Date' is clicked on

2018-12-07 00:39:25 - [TEST_STEP][PASSED] - delay: Delayed 2 second(s)

2018-12-07 00:39:27 - [MESSAGE][PASSED] - Delayed 2 second(s)

2018-12-07 00:39:27 - [TEST_STEP][PASSED] - click: Object: 'Object Repository/Final Object Repo/Page_Update Add New Employee - ASSIST/EmploymentStartDate Pop Up' is clicked on

2018-12-07 00:39:27 - [MESSAGE][PASSED] - Object: 'Object Repository/Final Object Repo/Page_Update Add New Employee - ASSIST/EmploymentStartDate Pop Up' is clicked on

2018-12-07 00:39:27 - [TEST_STEP][PASSED] - delay: Delayed 2 second(s)

2018-12-07 00:39:29 - [MESSAGE][PASSED] - Delayed 2 second(s)

2018-12-07 00:39:29 - [TEST_STEP][PASSED] - click: Object: 'Object Repository/Final Object Repo/Page_Update Add New Employee - ASSIST/Socso Employment StartDate Month' is clicked on

2018-12-07 00:39:29 - [MESSAGE][PASSED] - Object: 'Object Repository/Final Object Repo/Page_Update Add New Employee - ASSIST/Socso Employment StartDate Month' is clicked on

2018-12-07 00:39:29 - [TEST_STEP][PASSED] - delay: Delayed 1 second(s)

2018-12-07 00:39:30 - [MESSAGE][PASSED] - Delayed 1 second(s)

2018-12-07 00:39:30 - [TEST_STEP][PASSED] - click: Object: 'Object Repository/Final Object Repo/Page_Update Add New Employee - ASSIST/Select Socso Employement Startdate Month' is clicked on

2018-12-07 00:39:31 - [MESSAGE][PASSED] - Object: 'Object Repository/Final Object Repo/Page_Update Add New Employee - ASSIST/Select Socso Employement Startdate Month' is clicked on

2018-12-07 00:39:31 - [TEST_STEP][PASSED] - delay: Delayed 2 second(s)

2018-12-07 00:39:33 - [MESSAGE][PASSED] - Delayed 2 second(s)

2018-12-07 00:39:33 - [TEST_STEP][PASSED] - click: Object: 'Object Repository/Final Object Repo/Page_Update Add New Employee - ASSIST/Socso Employment StartDate Year' is clicked on

2018-12-07 00:39:33 - [MESSAGE][PASSED] - Object: 'Object Repository/Final Object Repo/Page_Update Add New Employee - ASSIST/Socso Employment StartDate Year' is clicked on

2018-12-07 00:39:33 - [TEST_STEP][PASSED] - delay: Delayed 1 second(s)

2018-12-07 00:39:34 - [MESSAGE][PASSED] - Delayed 1 second(s)

2018-12-07 00:39:34 - [TEST_STEP][PASSED] - click: Object: 'Object Repository/Final Object Repo/Page_Update Add New Employee - ASSIST/Select Socso Employment Startdate Year' is clicked on

2018-12-07 00:39:34 - [MESSAGE][PASSED] - Object: 'Object Repository/Final Object Repo/Page_Update Add New Employee - ASSIST/Select Socso Employment Startdate Year' is clicked on

2018-12-07 00:39:34 - [TEST_STEP][PASSED] - delay: Delayed 2 second(s)

2018-12-07 00:39:36 - [MESSAGE][PASSED] - Delayed 2 second(s)

2018-12-07 00:39:36 - [TEST_STEP][PASSED] - click: Object: 'Object Repository/Final Object Repo/Page_Update Add New Employee - ASSIST/Socso Employment Start Date Day' is clicked on

2018-12-07 00:39:36 - [MESSAGE][PASSED] - Object: 'Object Repository/Final Object Repo/Page_Update Add New Employee - ASSIST/Socso Employment Start Date Day' is clicked on

2018-12-07 00:39:36 - [TEST_STEP][PASSED] - delay: Delayed 2 second(s)

2018-12-07 00:39:38 - [MESSAGE][PASSED] - Delayed 2 second(s)

2018-12-07 00:39:38 - [TEST_STEP][PASSED] - click: Object: 'Object Repository/Final Object Repo/Page_Update Add New Employee - ASSIST/Save Button for Add Employee' is clicked on

2018-12-07 00:39:38 - [MESSAGE][PASSED] - Object: 'Object Repository/Final Object Repo/Page_Update Add New Employee - ASSIST/Save Button for Add Employee' is clicked on

2018-12-07 00:39:38 - [TEST_STEP][PASSED] - delay: Delayed 6 second(s)

2018-12-07 00:39:44 - [MESSAGE][PASSED] - Delayed 6 second(s)

2018-12-07 00:39:44 - [TEST_STEP][PASSED] - click: Object: 'Object Repository/Final Object Repo/Page_Update Add New Employee - ASSIST/Add Employee Button' is clicked on

2018-12-07 00:39:44 - [MESSAGE][PASSED] - Object: 'Object Repository/Final Object Repo/Page_Update Add New Employee - ASSIST/Add Employee Button' is clicked on

2018-12-07 00:39:44 - [TEST_STEP][PASSED] - delay: Delayed 4 second(s)

2018-12-07 00:39:48 - [MESSAGE][PASSED] - Delayed 4 second(s)

2018-12-07 00:39:48 - [TEST_STEP][PASSED] - setText: Text '620904059600' is set on object 'Object Repository/Final Object Repo/Page_Update Add New Employee - ASSIST/NRIC Input'

2018-12-07 00:39:49 - [MESSAGE][PASSED] - Text '620904059600' is set on object 'Object Repository/Final Object Repo/Page_Update Add New Employee - ASSIST/NRIC Input'

2018-12-07 00:39:49 - [TEST_STEP][PASSED] - click: Object: 'Object Repository/Final Object Repo/Page_Update Add New Employee - ASSIST/button for search for IC' is clicked on

2018-12-07 00:39:49 - [MESSAGE][PASSED] - Object: 'Object Repository/Final Object Repo/Page_Update Add New Employee - ASSIST/button for search for IC' is clicked on

2018-12-07 00:39:49 - [TEST_STEP][PASSED] - delay: Delayed 2 second(s)

2018-12-07 00:39:51 - [MESSAGE][PASSED] - Delayed 2 second(s)

2018-12-07 00:39:51 - [TEST_STEP][PASSED] - setText: Text 'Automate003 eligible 2' is set on object 'Object Repository/Final Object Repo/Page_Update Add New Employee - ASSIST/Employee Name Input'

2018-12-07 00:39:52 - [MESSAGE][PASSED] - Text 'Automate003 eligible 2' is set on object 'Object Repository/Final Object Repo/Page_Update Add New Employee - ASSIST/Employee Name Input'

2018-12-07 00:39:52 - [TEST_STEP][PASSED] - delay: Delayed 2 second(s)

2018-12-07 00:39:54 - [MESSAGE][PASSED] - Delayed 2 second(s)

2018-12-07 00:39:54 - [TEST_STEP][PASSED] - click: Object: 'Object Repository/Final Object Repo/Page_Update Add New Employee - ASSIST/DatePicker Pop Up' is clicked on

2018-12-07 00:39:54 - [MESSAGE][PASSED] - Object: 'Object Repository/Final Object Repo/Page_Update Add New Employee - ASSIST/DatePicker Pop Up' is clicked on

2018-12-07 00:39:54 - [TEST_STEP][PASSED] - delay: Delayed 2 second(s)

2018-12-07 00:39:56 - [MESSAGE][PASSED] - Delayed 2 second(s)

2018-12-07 00:39:56 - [TEST_STEP][PASSED] - click: Object: 'Object Repository/Final Object Repo/Page_Update Add New Employee - ASSIST/DOB Month' is clicked on

2018-12-07 00:39:56 - [MESSAGE][PASSED] - Object: 'Object Repository/Final Object Repo/Page_Update Add New Employee - ASSIST/DOB Month' is clicked on

2018-12-07 00:39:56 - [TEST_STEP][PASSED] - Statement - selectMonth = com.kms.katalon.core.webui.keyword.WebUiBuiltInKeywords.modifyObjectProperty(selectMonth, "xpath", "equals", "//body/div/div/div/select/option[@value="" + CurrentMonth + ""]", true): Modify property of object successfully

2018-12-07 00:39:56 - [MESSAGE][PASSED] - Modify property of object successfully

2018-12-07 00:39:56 - [TEST_STEP][PASSED] - click: Object: '' is clicked on

2018-12-07 00:39:56 - [MESSAGE][PASSED] - Object: '' is clicked on

2018-12-07 00:39:56 - [TEST_STEP][PASSED] - click: Object: 'Object Repository/Final Object Repo/Page_Update Add New Employee - ASSIST/DOB Year' is clicked on

2018-12-07 00:39:56 - [MESSAGE][PASSED] - Object: 'Object Repository/Final Object Repo/Page_Update Add New Employee - ASSIST/DOB Year' is clicked on

2018-12-07 00:39:56 - [TEST_STEP][PASSED] - Statement - selectYear = com.kms.katalon.core.webui.keyword.WebUiBuiltInKeywords.modifyObjectProperty(selectYear, "xpath", "equals", "//div/div/div/select/option[@value="" + FiftysevenYrsBefore + ""]", true): Modify property of object successfully

2018-12-07 00:39:56 - [MESSAGE][PASSED] - Modify property of object successfully

2018-12-07 00:39:56 - [TEST_STEP][PASSED] - click: Object: '' is clicked on

2018-12-07 00:39:56 - [MESSAGE][PASSED] - Object: '' is clicked on

2018-12-07 00:39:56 - [TEST_STEP][PASSED] - Statement - UpdatedSelectDate = com.kms.katalon.core.webui.keyword.WebUiBuiltInKeywords.modifyObjectProperty(com.kms.katalon.core.testobject.ObjectRepository.findTestObject(Final Object Repo/Page_Update Add New Employee - ASSIST/DOB Date), "xpath", "equals", "//body/div/table/tbody/tr/td/a[text()="" + OneDayBefore + ""]", true): Modify property of object successfully

2018-12-07 00:39:56 - [MESSAGE][PASSED] - Modify property of object successfully

2018-12-07 00:39:56 - [TEST_STEP][PASSED] - click: Object: 'Object Repository/Final Object Repo/Page_Update Add New Employee - ASSIST/DOB Date' is clicked on

2018-12-07 00:39:56 - [MESSAGE][PASSED] - Object: 'Object Repository/Final Object Repo/Page_Update Add New Employee - ASSIST/DOB Date' is clicked on

2018-12-07 00:39:56 - [TEST_STEP][PASSED] - delay: Delayed 2 second(s)

2018-12-07 00:39:58 - [MESSAGE][PASSED] - Delayed 2 second(s)

2018-12-07 00:39:58 - [TEST_STEP][PASSED] - click: Object: 'Object Repository/Final Object Repo/Page_Update Add New Employee - ASSIST/EmploymentStartDate Pop Up' is clicked on

2018-12-07 00:39:59 - [MESSAGE][PASSED] - Object: 'Object Repository/Final Object Repo/Page_Update Add New Employee - ASSIST/EmploymentStartDate Pop Up' is clicked on

2018-12-07 00:39:59 - [TEST_STEP][PASSED] - delay: Delayed 2 second(s)

2018-12-07 00:40:01 - [MESSAGE][PASSED] - Delayed 2 second(s)

2018-12-07 00:40:01 - [TEST_STEP][PASSED] - click: Object: 'Object Repository/Final Object Repo/Page_Update Add New Employee - ASSIST/Socso Employment StartDate Month' is clicked on

2018-12-07 00:40:01 - [MESSAGE][PASSED] - Object: 'Object Repository/Final Object Repo/Page_Update Add New Employee - ASSIST/Socso Employment StartDate Month' is clicked on

2018-12-07 00:40:01 - [TEST_STEP][PASSED] - delay: Delayed 1 second(s)

2018-12-07 00:40:02 - [MESSAGE][PASSED] - Delayed 1 second(s)

2018-12-07 00:40:02 - [TEST_STEP][PASSED] - click: Object: 'Object Repository/Final Object Repo/Page_Update Add New Employee - ASSIST/Select Socso Employement Startdate Month' is clicked on

2018-12-07 00:40:02 - [MESSAGE][PASSED] - Object: 'Object Repository/Final Object Repo/Page_Update Add New Employee - ASSIST/Select Socso Employement Startdate Month' is clicked on

2018-12-07 00:40:02 - [TEST_STEP][PASSED] - delay: Delayed 2 second(s)

2018-12-07 00:40:04 - [MESSAGE][PASSED] - Delayed 2 second(s)

2018-12-07 00:40:04 - [TEST_STEP][PASSED] - click: Object: 'Object Repository/Final Object Repo/Page_Update Add New Employee - ASSIST/Socso Employment StartDate Year' is clicked on

2018-12-07 00:40:04 - [MESSAGE][PASSED] - Object: 'Object Repository/Final Object Repo/Page_Update Add New Employee - ASSIST/Socso Employment StartDate Year' is clicked on

2018-12-07 00:40:04 - [TEST_STEP][PASSED] - delay: Delayed 1 second(s)

2018-12-07 00:40:05 - [MESSAGE][PASSED] - Delayed 1 second(s)

2018-12-07 00:40:05 - [TEST_STEP][PASSED] - click: Object: 'Object Repository/Final Object Repo/Page_Update Add New Employee - ASSIST/Select Socso Employment Startdate Year' is clicked on

2018-12-07 00:40:05 - [MESSAGE][PASSED] - Object: 'Object Repository/Final Object Repo/Page_Update Add New Employee - ASSIST/Select Socso Employment Startdate Year' is clicked on

2018-12-07 00:40:05 - [TEST_STEP][PASSED] - delay: Delayed 2 second(s)

2018-12-07 00:40:07 - [MESSAGE][PASSED] - Delayed 2 second(s)

2018-12-07 00:40:07 - [TEST_STEP][PASSED] - click: Object: 'Object Repository/Final Object Repo/Page_Update Add New Employee - ASSIST/Socso Employment Start Date Day' is clicked on

2018-12-07 00:40:07 - [MESSAGE][PASSED] - Object: 'Object Repository/Final Object Repo/Page_Update Add New Employee - ASSIST/Socso Employment Start Date Day' is clicked on

2018-12-07 00:40:07 - [TEST_STEP][PASSED] - delay: Delayed 2 second(s)

2018-12-07 00:40:09 - [MESSAGE][PASSED] - Delayed 2 second(s)

2018-12-07 00:40:09 - [TEST_STEP][PASSED] - click: Object: 'Object Repository/Final Object Repo/Page_Update Add New Employee - ASSIST/Save Button for Add Employee' is clicked on

2018-12-07 00:40:10 - [MESSAGE][PASSED] - Object: 'Object Repository/Final Object Repo/Page_Update Add New Employee - ASSIST/Save Button for Add Employee' is clicked on

2018-12-07 00:40:10 - [TEST_STEP][PASSED] - delay: Delayed 10 second(s)

2018-12-07 00:40:20 - [MESSAGE][PASSED] - Delayed 10 second(s)

2018-12-07 00:40:20 - [TEST_STEP][PASSED] - waitForElementClickable: Object 'Object Repository/Final Object Repo/Page_Update Add New Employee - ASSIST/Add Employee Button' is clickable

2018-12-07 00:40:20 - [MESSAGE][PASSED] - Object 'Object Repository/Final Object Repo/Page_Update Add New Employee - ASSIST/Add Employee Button' is clickable

2018-12-07 00:40:20 - [TEST_STEP][PASSED] - click: Object: 'Object Repository/Final Object Repo/Page_Update Add New Employee - ASSIST/Add Employee Button' is clicked on

2018-12-07 00:40:20 - [MESSAGE][PASSED] - Object: 'Object Repository/Final Object Repo/Page_Update Add New Employee - ASSIST/Add Employee Button' is clicked on

2018-12-07 00:40:20 - [TEST_STEP][PASSED] - delay: Delayed 4 second(s)

2018-12-07 00:40:24 - [MESSAGE][PASSED] - Delayed 4 second(s)

2018-12-07 00:40:24 - [TEST_STEP][PASSED] - setText: Text '000209039100' is set on object 'Object Repository/Final Object Repo/Page_Update Add New Employee - ASSIST/NRIC Input'

2018-12-07 00:40:24 - [MESSAGE][PASSED] - Text '000209039100' is set on object 'Object Repository/Final Object Repo/Page_Update Add New Employee - ASSIST/NRIC Input'

2018-12-07 00:40:24 - [TEST_STEP][PASSED] - click: Object: 'Object Repository/Final Object Repo/Page_Update Add New Employee - ASSIST/button for search for IC' is clicked on

2018-12-07 00:40:24 - [MESSAGE][PASSED] - Object: 'Object Repository/Final Object Repo/Page_Update Add New Employee - ASSIST/button for search for IC' is clicked on

2018-12-07 00:40:24 - [TEST_STEP][PASSED] - delay: Delayed 2 second(s)

2018-12-07 00:40:26 - [MESSAGE][PASSED] - Delayed 2 second(s)

2018-12-07 00:40:26 - [TEST_STEP][PASSED] - setText: Text 'Automate003 not eligible 1' is set on object 'Object Repository/Final Object Repo/Page_Update Add New Employee - ASSIST/Employee Name Input'

2018-12-07 00:40:27 - [MESSAGE][PASSED] - Text 'Automate003 not eligible 1' is set on object 'Object Repository/Final Object Repo/Page_Update Add New Employee - ASSIST/Employee Name Input'

2018-12-07 00:40:27 - [TEST_STEP][PASSED] - delay: Delayed 2 second(s)

2018-12-07 00:40:29 - [MESSAGE][PASSED] - Delayed 2 second(s)

2018-12-07 00:40:29 - [TEST_STEP][PASSED] - click: Object: 'Object Repository/Final Object Repo/Page_Update Add New Employee - ASSIST/DatePicker Pop Up' is clicked on

2018-12-07 00:40:29 - [MESSAGE][PASSED] - Object: 'Object Repository/Final Object Repo/Page_Update Add New Employee - ASSIST/DatePicker Pop Up' is clicked on

2018-12-07 00:40:29 - [TEST_STEP][PASSED] - delay: Delayed 2 second(s)

2018-12-07 00:40:31 - [MESSAGE][PASSED] - Delayed 2 second(s)

2018-12-07 00:40:31 - [TEST_STEP][PASSED] - click: Object: 'Object Repository/Final Object Repo/Page_Update Add New Employee - ASSIST/DOB Month' is clicked on

2018-12-07 00:40:31 - [MESSAGE][PASSED] - Object: 'Object Repository/Final Object Repo/Page_Update Add New Employee - ASSIST/DOB Month' is clicked on

2018-12-07 00:40:31 - [TEST_STEP][PASSED] - Statement - selectMonth = com.kms.katalon.core.webui.keyword.WebUiBuiltInKeywords.modifyObjectProperty(selectMonth, "xpath", "equals", "//body/div/div/div/select/option[@value="" + CurrentMonth + ""]", true): Modify property of object successfully

2018-12-07 00:40:31 - [MESSAGE][PASSED] - Modify property of object successfully

2018-12-07 00:40:31 - [TEST_STEP][PASSED] - click: Object: '' is clicked on

2018-12-07 00:40:32 - [MESSAGE][PASSED] - Object: '' is clicked on

2018-12-07 00:40:32 - [TEST_STEP][PASSED] - click: Object: 'Object Repository/Final Object Repo/Page_Update Add New Employee - ASSIST/DOB Year' is clicked on

2018-12-07 00:40:32 - [MESSAGE][PASSED] - Object: 'Object Repository/Final Object Repo/Page_Update Add New Employee - ASSIST/DOB Year' is clicked on

2018-12-07 00:40:32 - [TEST_STEP][PASSED] - Statement - selectYear = com.kms.katalon.core.webui.keyword.WebUiBuiltInKeywords.modifyObjectProperty(selectYear, "xpath", "equals", "//div/div/div/select/option[@value="" + EighteenYrsBefore + ""]", true): Modify property of object successfully

2018-12-07 00:40:32 - [MESSAGE][PASSED] - Modify property of object successfully

2018-12-07 00:40:32 - [TEST_STEP][PASSED] - click: Object: '' is clicked on

2018-12-07 00:40:32 - [MESSAGE][PASSED] - Object: '' is clicked on

2018-12-07 00:40:32 - [TEST_STEP][PASSED] - Statement - UpdatedSelectDate = com.kms.katalon.core.webui.keyword.WebUiBuiltInKeywords.modifyObjectProperty(com.kms.katalon.core.testobject.ObjectRepository.findTestObject(Final Object Repo/Page_Update Add New Employee - ASSIST/DOB Date), "xpath", "equals", "//body/div/table/tbody/tr/td/a[text()="" + OneDayBefore + ""]", true): Modify property of object successfully

2018-12-07 00:40:32 - [MESSAGE][PASSED] - Modify property of object successfully

2018-12-07 00:40:32 - [TEST_STEP][PASSED] - click: Object: 'Object Repository/Final Object Repo/Page_Update Add New Employee - ASSIST/DOB Date' is clicked on

2018-12-07 00:40:32 - [MESSAGE][PASSED] - Object: 'Object Repository/Final Object Repo/Page_Update Add New Employee - ASSIST/DOB Date' is clicked on

2018-12-07 00:40:32 - [TEST_STEP][PASSED] - delay: Delayed 2 second(s)

2018-12-07 00:40:34 - [MESSAGE][PASSED] - Delayed 2 second(s)

2018-12-07 00:40:34 - [TEST_STEP][PASSED] - click: Object: 'Object Repository/Final Object Repo/Page_Update Add New Employee - ASSIST/EmploymentStartDate Pop Up' is clicked on

2018-12-07 00:40:34 - [MESSAGE][PASSED] - Object: 'Object Repository/Final Object Repo/Page_Update Add New Employee - ASSIST/EmploymentStartDate Pop Up' is clicked on

2018-12-07 00:40:34 - [TEST_STEP][PASSED] - delay: Delayed 2 second(s)

2018-12-07 00:40:36 - [MESSAGE][PASSED] - Delayed 2 second(s)

2018-12-07 00:40:36 - [TEST_STEP][PASSED] - click: Object: 'Object Repository/Final Object Repo/Page_Update Add New Employee - ASSIST/Socso Employment StartDate Month' is clicked on

2018-12-07 00:40:36 - [MESSAGE][PASSED] - Object: 'Object Repository/Final Object Repo/Page_Update Add New Employee - ASSIST/Socso Employment StartDate Month' is clicked on

2018-12-07 00:40:36 - [TEST_STEP][PASSED] - delay: Delayed 1 second(s)

2018-12-07 00:40:37 - [MESSAGE][PASSED] - Delayed 1 second(s)

2018-12-07 00:40:37 - [TEST_STEP][PASSED] - click: Object: 'Object Repository/Final Object Repo/Page_Update Add New Employee - ASSIST/Select Socso Employement Startdate Month' is clicked on

2018-12-07 00:40:37 - [MESSAGE][PASSED] - Object: 'Object Repository/Final Object Repo/Page_Update Add New Employee - ASSIST/Select Socso Employement Startdate Month' is clicked on

2018-12-07 00:40:37 - [TEST_STEP][PASSED] - delay: Delayed 2 second(s)

2018-12-07 00:40:39 - [MESSAGE][PASSED] - Delayed 2 second(s)

2018-12-07 00:40:39 - [TEST_STEP][PASSED] - click: Object: 'Object Repository/Final Object Repo/Page_Update Add New Employee - ASSIST/Socso Employment StartDate Year' is clicked on

2018-12-07 00:40:40 - [MESSAGE][PASSED] - Object: 'Object Repository/Final Object Repo/Page_Update Add New Employee - ASSIST/Socso Employment StartDate Year' is clicked on

2018-12-07 00:40:40 - [TEST_STEP][PASSED] - delay: Delayed 1 second(s)

2018-12-07 00:40:41 - [MESSAGE][PASSED] - Delayed 1 second(s)

2018-12-07 00:40:41 - [TEST_STEP][PASSED] - click: Object: 'Object Repository/Final Object Repo/Page_Update Add New Employee - ASSIST/Select Socso Employment Startdate Year' is clicked on

2018-12-07 00:40:41 - [MESSAGE][PASSED] - Object: 'Object Repository/Final Object Repo/Page_Update Add New Employee - ASSIST/Select Socso Employment Startdate Year' is clicked on

2018-12-07 00:40:41 - [TEST_STEP][PASSED] - delay: Delayed 2 second(s)

2018-12-07 00:40:43 - [MESSAGE][PASSED] - Delayed 2 second(s)

2018-12-07 00:40:43 - [TEST_STEP][PASSED] - click: Object: 'Object Repository/Final Object Repo/Page_Update Add New Employee - ASSIST/Socso Employment Start Date Day' is clicked on

2018-12-07 00:40:43 - [MESSAGE][PASSED] - Object: 'Object Repository/Final Object Repo/Page_Update Add New Employee - ASSIST/Socso Employment Start Date Day' is clicked on

2018-12-07 00:40:43 - [TEST_STEP][PASSED] - delay: Delayed 2 second(s)

2018-12-07 00:40:45 - [MESSAGE][PASSED] - Delayed 2 second(s)

2018-12-07 00:40:45 - [TEST_STEP][PASSED] - click: Object: 'Object Repository/Final Object Repo/Page_Update Add New Employee - ASSIST/Save Button for Add Employee' is clicked on

2018-12-07 00:40:45 - [MESSAGE][PASSED] - Object: 'Object Repository/Final Object Repo/Page_Update Add New Employee - ASSIST/Save Button for Add Employee' is clicked on

2018-12-07 00:40:45 - [TEST_STEP][PASSED] - delay: Delayed 20 second(s)

2018-12-07 00:41:05 - [MESSAGE][PASSED] - Delayed 20 second(s)

2018-12-07 00:41:05 - [TEST_STEP][PASSED] - click: Object: 'Object Repository/Final Object Repo/Page_Update Add New Employee - ASSIST/Add Employee Button' is clicked on

2018-12-07 00:41:05 - [MESSAGE][PASSED] - Object: 'Object Repository/Final Object Repo/Page_Update Add New Employee - ASSIST/Add Employee Button' is clicked on

2018-12-07 00:41:05 - [TEST_STEP][PASSED] - delay: Delayed 4 second(s)

2018-12-07 00:41:09 - [MESSAGE][PASSED] - Delayed 4 second(s)

2018-12-07 00:41:09 - [TEST_STEP][PASSED] - setText: Text '600203039104' is set on object 'Object Repository/Final Object Repo/Page_Update Add New Employee - ASSIST/NRIC Input'

2018-12-07 00:41:10 - [MESSAGE][PASSED] - Text '600203039104' is set on object 'Object Repository/Final Object Repo/Page_Update Add New Employee - ASSIST/NRIC Input'

2018-12-07 00:41:10 - [TEST_STEP][PASSED] - click: Object: 'Object Repository/Final Object Repo/Page_Update Add New Employee - ASSIST/button for search for IC' is clicked on

2018-12-07 00:41:10 - [MESSAGE][PASSED] - Object: 'Object Repository/Final Object Repo/Page_Update Add New Employee - ASSIST/button for search for IC' is clicked on

2018-12-07 00:41:10 - [TEST_STEP][PASSED] - delay: Delayed 2 second(s)

2018-12-07 00:41:12 - [MESSAGE][PASSED] - Delayed 2 second(s)

2018-12-07 00:41:12 - [TEST_STEP][PASSED] - setText: Text 'Automate003 not eligible 2' is set on object 'Object Repository/Final Object Repo/Page_Update Add New Employee - ASSIST/Employee Name Input'

2018-12-07 00:41:12 - [MESSAGE][PASSED] - Text 'Automate003 not eligible 2' is set on object 'Object Repository/Final Object Repo/Page_Update Add New Employee - ASSIST/Employee Name Input'

2018-12-07 00:41:12 - [TEST_STEP][PASSED] - delay: Delayed 2 second(s)

2018-12-07 00:41:14 - [MESSAGE][PASSED] - Delayed 2 second(s)

2018-12-07 00:41:14 - [TEST_STEP][PASSED] - click: Object: 'Object Repository/Final Object Repo/Page_Update Add New Employee - ASSIST/DatePicker Pop Up' is clicked on

2018-12-07 00:41:15 - [MESSAGE][PASSED] - Object: 'Object Repository/Final Object Repo/Page_Update Add New Employee - ASSIST/DatePicker Pop Up' is clicked on

2018-12-07 00:41:15 - [TEST_STEP][PASSED] - delay: Delayed 2 second(s)

2018-12-07 00:41:17 - [MESSAGE][PASSED] - Delayed 2 second(s)

2018-12-07 00:41:17 - [TEST_STEP][PASSED] - click: Object: 'Object Repository/Final Object Repo/Page_Update Add New Employee - ASSIST/DOB Month' is clicked on

2018-12-07 00:41:17 - [MESSAGE][PASSED] - Object: 'Object Repository/Final Object Repo/Page_Update Add New Employee - ASSIST/DOB Month' is clicked on

2018-12-07 00:41:17 - [TEST_STEP][PASSED] - Statement - selectMonth = com.kms.katalon.core.webui.keyword.WebUiBuiltInKeywords.modifyObjectProperty(selectMonth, "xpath", "equals", "//body/div/div/div/select/option[@value="" + CurrentMonth + ""]", true): Modify property of object successfully

2018-12-07 00:41:17 - [MESSAGE][PASSED] - Modify property of object successfully

2018-12-07 00:41:17 - [TEST_STEP][PASSED] - click: Object: '' is clicked on

2018-12-07 00:41:17 - [MESSAGE][PASSED] - Object: '' is clicked on

2018-12-07 00:41:17 - [TEST_STEP][PASSED] - click: Object: 'Object Repository/Final Object Repo/Page_Update Add New Employee - ASSIST/DOB Year' is clicked on

2018-12-07 00:41:17 - [MESSAGE][PASSED] - Object: 'Object Repository/Final Object Repo/Page_Update Add New Employee - ASSIST/DOB Year' is clicked on

2018-12-07 00:41:17 - [TEST_STEP][PASSED] - Statement - selectYear = com.kms.katalon.core.webui.keyword.WebUiBuiltInKeywords.modifyObjectProperty(selectYear, "xpath", "equals", "//div/div/div/select/option[@value="" + FiftysevenYrsBefore + ""]", true): Modify property of object successfully

2018-12-07 00:41:17 - [MESSAGE][PASSED] - Modify property of object successfully

2018-12-07 00:41:17 - [TEST_STEP][PASSED] - click: Object: '' is clicked on

2018-12-07 00:41:17 - [MESSAGE][PASSED] - Object: '' is clicked on

2018-12-07 00:41:17 - [TEST_STEP][PASSED] - Statement - UpdatedSelectDate = com.kms.katalon.core.webui.keyword.WebUiBuiltInKeywords.modifyObjectProperty(com.kms.katalon.core.testobject.ObjectRepository.findTestObject(Final Object Repo/Page_Update Add New Employee - ASSIST/DOB Date), "xpath", "equals", "//body/div/table/tbody/tr/td/a[text()="" + CurrentDate + ""]", true): Modify property of object successfully

2018-12-07 00:41:17 - [MESSAGE][PASSED] - Modify property of object successfully

2018-12-07 00:41:17 - [TEST_STEP][PASSED] - click: Object: 'Object Repository/Final Object Repo/Page_Update Add New Employee - ASSIST/DOB Date' is clicked on

2018-12-07 00:41:17 - [MESSAGE][PASSED] - Object: 'Object Repository/Final Object Repo/Page_Update Add New Employee - ASSIST/DOB Date' is clicked on

2018-12-07 00:41:17 - [TEST_STEP][PASSED] - click: Object: 'Object Repository/Final Object Repo/Page_Update Add New Employee - ASSIST/EmploymentStartDate Pop Up' is clicked on

2018-12-07 00:41:18 - [MESSAGE][PASSED] - Object: 'Object Repository/Final Object Repo/Page_Update Add New Employee - ASSIST/EmploymentStartDate Pop Up' is clicked on

2018-12-07 00:41:18 - [TEST_STEP][PASSED] - delay: Delayed 2 second(s)

2018-12-07 00:41:20 - [MESSAGE][PASSED] - Delayed 2 second(s)

2018-12-07 00:41:20 - [TEST_STEP][PASSED] - click: Object: 'Object Repository/Final Object Repo/Page_Update Add New Employee - ASSIST/Socso Employment StartDate Month' is clicked on

2018-12-07 00:41:20 - [MESSAGE][PASSED] - Object: 'Object Repository/Final Object Repo/Page_Update Add New Employee - ASSIST/Socso Employment StartDate Month' is clicked on

2018-12-07 00:41:20 - [TEST_STEP][PASSED] - delay: Delayed 1 second(s)

2018-12-07 00:41:21 - [MESSAGE][PASSED] - Delayed 1 second(s)

2018-12-07 00:41:21 - [TEST_STEP][PASSED] - click: Object: 'Object Repository/Final Object Repo/Page_Update Add New Employee - ASSIST/Select Socso Employement Startdate Month' is clicked on

2018-12-07 00:41:21 - [MESSAGE][PASSED] - Object: 'Object Repository/Final Object Repo/Page_Update Add New Employee - ASSIST/Select Socso Employement Startdate Month' is clicked on

2018-12-07 00:41:21 - [TEST_STEP][PASSED] - delay: Delayed 2 second(s)

2018-12-07 00:41:23 - [MESSAGE][PASSED] - Delayed 2 second(s)

2018-12-07 00:41:23 - [TEST_STEP][PASSED] - click: Object: 'Object Repository/Final Object Repo/Page_Update Add New Employee - ASSIST/Socso Employment StartDate Year' is clicked on

2018-12-07 00:41:23 - [MESSAGE][PASSED] - Object: 'Object Repository/Final Object Repo/Page_Update Add New Employee - ASSIST/Socso Employment StartDate Year' is clicked on

2018-12-07 00:41:23 - [TEST_STEP][PASSED] - delay: Delayed 1 second(s)

2018-12-07 00:41:24 - [MESSAGE][PASSED] - Delayed 1 second(s)

2018-12-07 00:41:24 - [TEST_STEP][PASSED] - click: Object: 'Object Repository/Final Object Repo/Page_Update Add New Employee - ASSIST/Select Socso Employment Startdate Year' is clicked on

2018-12-07 00:41:24 - [MESSAGE][PASSED] - Object: 'Object Repository/Final Object Repo/Page_Update Add New Employee - ASSIST/Select Socso Employment Startdate Year' is clicked on

2018-12-07 00:41:24 - [TEST_STEP][PASSED] - delay: Delayed 2 second(s)

2018-12-07 00:41:26 - [MESSAGE][PASSED] - Delayed 2 second(s)

2018-12-07 00:41:26 - [TEST_STEP][PASSED] - click: Object: 'Object Repository/Final Object Repo/Page_Update Add New Employee - ASSIST/Socso Employment Start Date Day' is clicked on

2018-12-07 00:41:26 - [MESSAGE][PASSED] - Object: 'Object Repository/Final Object Repo/Page_Update Add New Employee - ASSIST/Socso Employment Start Date Day' is clicked on

2018-12-07 00:41:26 - [TEST_STEP][PASSED] - delay: Delayed 2 second(s)

2018-12-07 00:41:28 - [MESSAGE][PASSED] - Delayed 2 second(s)

2018-12-07 00:41:28 - [TEST_STEP][PASSED] - click: Object: 'Object Repository/Final Object Repo/Page_Update Add New Employee - ASSIST/Save Button for Add Employee' is clicked on

2018-12-07 00:41:29 - [MESSAGE][PASSED] - Object: 'Object Repository/Final Object Repo/Page_Update Add New Employee - ASSIST/Save Button for Add Employee' is clicked on

2018-12-07 00:41:29 - [MESSAGE][PASSED] - Call Test Case 'Test Cases/Final Aug 2018 - PKS Automation/Registration Module/Workflow/Update Add New Employee/Template/Employee Adding/Employee Adding Action Repeat IC - set 1' successfully

2018-12-07 00:41:29 - [MESSAGE][PASSED] - Call Test Case 'Test Cases/Final Aug 2018 - PKS Automation/Registration Module/Workflow/Update Add New Employee/Template/Employee Adding/Employee Set Decider' successfully

2018-12-07 00:41:29 - [TEST_STEP][PASSED] - delay: Delayed 4 second(s)

2018-12-07 00:41:33 - [MESSAGE][PASSED] - Delayed 4 second(s)

2018-12-07 00:41:33 - [TEST_STEP][PASSED] - Statement - CaseReferenceNo = com.kms.katalon.core.webui.keyword.WebUiBuiltInKeywords.getText(com.kms.katalon.core.testobject.ObjectRepository.findTestObject(Final Object Repo/Page_Update Add New Employee - ASSIST/RefNo)): Text of object 'Object Repository/Final Object Repo/Page_Update Add New Employee - ASSIST/RefNo' is: 'CAN12201800002273'

2018-12-07 00:41:33 - [MESSAGE][PASSED] - Text of object 'Object Repository/Final Object Repo/Page_Update Add New Employee - ASSIST/RefNo' is: 'CAN12201800002273'

2018-12-07 00:41:33 - [TEST_STEP][PASSED] - callTestCase: Call Test Case 'Test Cases/Final Aug 2018 - PKS Automation/Common/Reference Number Setter' successfully

2018-12-07 00:41:33 - [TEST_CASE][PASSED] - Test Cases/Final Aug 2018 - PKS Automation/Common/Reference Number Setter: Test Cases/Final Aug 2018 - PKS Automation/Common/Reference Number Setter

2018-12-07 00:41:33 - [TEST_STEP][PASSED] - Statement - RefNoOldFile = new java.io.File(C://Users//Admin//Desktop//PKS//Automation Reference Point//KatalonReference.txt): null

2018-12-07 00:41:33 - [TEST_STEP][PASSED] - Statement - RefNoOldFile.delete(): null

2018-12-07 00:41:33 - [TEST_STEP][PASSED] - delay: Delayed 5 second(s)

2018-12-07 00:41:38 - [MESSAGE][PASSED] - Delayed 5 second(s)

2018-12-07 00:41:38 - [TEST_STEP][PASSED] - Statement - RefNo = new java.io.File(C://Users//Admin//Desktop//PKS//Automation Reference Point//KatalonReference.txt): null

2018-12-07 00:41:38 - [TEST_STEP][PASSED] - Statement - f2 = new java.io.FileWriter(RefNo, false): null

2018-12-07 00:41:38 - [TEST_STEP][PASSED] - Statement - f2.write(CaseReferenceNo): null

2018-12-07 00:41:38 - [TEST_STEP][PASSED] - Statement - f2.close(): null

2018-12-07 00:41:38 - [TEST_STEP][PASSED] - Statement - out.println("


" + CaseReferenceNo + "


"): null

2018-12-07 00:41:38 - [MESSAGE][PASSED] - Call Test Case 'Test Cases/Final Aug 2018 - PKS Automation/Common/Reference Number Setter' successfully

2018-12-07 00:41:38 - [TEST_STEP][PASSED] - delay: Delayed 5 second(s)

2018-12-07 00:41:43 - [MESSAGE][PASSED] - Delayed 5 second(s)

2018-12-07 00:41:43 - [TEST_STEP][PASSED] - click: Object: 'Object Repository/Final Object Repo/Page_Update Add New Employee - ASSIST/Save  Continue Button' is clicked on

2018-12-07 00:41:43 - [MESSAGE][PASSED] - Object: 'Object Repository/Final Object Repo/Page_Update Add New Employee - ASSIST/Save  Continue Button' is clicked on

2018-12-07 00:41:43 - [TEST_STEP][PASSED] - delay: Delayed 4 second(s)

2018-12-07 00:41:47 - [MESSAGE][PASSED] - Delayed 4 second(s)

2018-12-07 00:41:47 - [TEST_STEP][PASSED] - callTestCase: Call Test Case 'Test Cases/Final Aug 2018 - PKS Automation/Common/Reference Number Getter' successfully

2018-12-07 00:41:47 - [TEST_CASE][PASSED] - Test Cases/Final Aug 2018 - PKS Automation/Common/Reference Number Getter: Test Cases/Final Aug 2018 - PKS Automation/Common/Reference Number Getter

2018-12-07 00:41:47 - [TEST_STEP][PASSED] - Statement - Try: null

2018-12-07 00:41:47 - [TEST_STEP][PASSED] - Statement - RefNo = new java.io.File(C://Users//Admin//Desktop//PKS//Automation Reference Point//KatalonReference.txt): null

2018-12-07 00:41:47 - [TEST_STEP][PASSED] - Statement - bufferread = new java.io.BufferedReader(new java.io.FileReader(RefNo)): null

2018-12-07 00:41:47 - [TEST_STEP][PASSED] - Statement - readedVal = bufferread.readLine(): null

2018-12-07 00:41:47 - [TEST_STEP][PASSED] - Statement - out.println(CaseReferenceNo): null

2018-12-07 00:41:47 - [TEST_STEP][PASSED] - Statement - out.println(readedVal): null

2018-12-07 00:41:47 - [TEST_STEP][PASSED] - Statement - CaseReferenceNo = "": null

2018-12-07 00:41:47 - [TEST_STEP][PASSED] - Statement - CaseReferenceNo = readedVal: null

2018-12-07 00:41:47 - [MESSAGE][PASSED] - Call Test Case 'Test Cases/Final Aug 2018 - PKS Automation/Common/Reference Number Getter' successfully

2018-12-07 00:41:47 - [TEST_STEP][PASSED] - click: Object: 'Object Repository/Final Object Repo/Page_Update Add New Employee - ASSIST/Save  Continue Third Screen' is clicked on

2018-12-07 00:41:50 - [MESSAGE][PASSED] - Object: 'Object Repository/Final Object Repo/Page_Update Add New Employee - ASSIST/Save  Continue Third Screen' is clicked on

2018-12-07 00:41:50 - [TEST_STEP][PASSED] - delay: Delayed 4 second(s)

2018-12-07 00:41:54 - [MESSAGE][PASSED] - Delayed 4 second(s)

2018-12-07 00:41:54 - [TEST_STEP][PASSED] - click: Object: 'Object Repository/Final Object Repo/Page_Update Add New Employee - ASSIST/Save   Continue Supporting Doc Page' is clicked on

2018-12-07 00:41:55 - [MESSAGE][PASSED] - Object: 'Object Repository/Final Object Repo/Page_Update Add New Employee - ASSIST/Save   Continue Supporting Doc Page' is clicked on

2018-12-07 00:41:55 - [TEST_STEP][PASSED] - delay: Delayed 4 second(s)

2018-12-07 00:41:59 - [MESSAGE][PASSED] - Delayed 4 second(s)

2018-12-07 00:41:59 - [TEST_STEP][PASSED] - click: Object: 'Object Repository/Final Object Repo/Page_Update Add New Employee - ASSIST/Submit Button' is clicked on

2018-12-07 00:41:59 - [MESSAGE][PASSED] - Object: 'Object Repository/Final Object Repo/Page_Update Add New Employee - ASSIST/Submit Button' is clicked on

2018-12-07 00:41:59 - [TEST_STEP][PASSED] - delay: Delayed 4 second(s)

2018-12-07 00:42:03 - [MESSAGE][PASSED] - Delayed 4 second(s)

2018-12-07 00:42:03 - [TEST_STEP][PASSED] - click: Object: 'Object Repository/Final Object Repo/Page_Update Add New Employee - ASSIST/Confirm Submit Button' is clicked on

2018-12-07 00:42:03 - [MESSAGE][PASSED] - Object: 'Object Repository/Final Object Repo/Page_Update Add New Employee - ASSIST/Confirm Submit Button' is clicked on

2018-12-07 00:42:03 - [TEST_STEP][PASSED] - delay: Delayed 20 second(s)

2018-12-07 00:42:23 - [MESSAGE][PASSED] - Delayed 20 second(s)

2018-12-07 00:42:23 - [TEST_STEP][PASSED] - callTestCase: Call Test Case 'Test Cases/Final Aug 2018 - PKS Automation/Common/Screenshoting tool' successfully

2018-12-07 00:42:23 - [TEST_CASE][PASSED] - Test Cases/Final Aug 2018 - PKS Automation/Common/Screenshoting tool: Test Cases/Final Aug 2018 - PKS Automation/Common/Screenshoting tool

2018-12-07 00:42:23 - [TEST_STEP][PASSED] - delay: Delayed 15 second(s)

2018-12-07 00:42:38 - [MESSAGE][PASSED] - Delayed 15 second(s)

2018-12-07 00:42:38 - [TEST_STEP][PASSED] - Statement - driver = com.kms.katalon.core.webui.driver.DriverFactory.getWebDriver(): null

2018-12-07 00:42:38 - [TEST_STEP][PASSED] - Statement - driver.manage().timeouts().implicitlyWait(10, SECONDS): null

2018-12-07 00:42:38 - [TEST_STEP][PASSED] - Statement - PresavePath = KatalonScreenshots: null

2018-12-07 00:42:38 - [TEST_STEP][PASSED] - Statement - pathPrefix = "C:\Users\Public\Pictures\Sample Pictures\Katalon Screenshots\Automate Ending Screen": null

2018-12-07 00:42:38 - [TEST_STEP][PASSED] - Statement - finalPath = <not implemented yet for class: org.codehaus.groovy.ast.expr.EmptyExpression>: null

2018-12-07 00:42:38 - [TEST_STEP][PASSED] - Statement - scrFile = driver.getScreenshotAs(FILE): null

2018-12-07 00:42:38 - [TEST_STEP][PASSED] - Statement - PreSaveFile = new java.io.File(PresavePath): null

2018-12-07 00:42:38 - [TEST_STEP][PASSED] - Statement - counter = 0: null

2018-12-07 00:42:38 - [TEST_STEP][PASSED] - Statement - If (PreSaveFile.exists()): null

2018-12-07 00:42:38 - [TEST_STEP][PASSED] - Statement - While (PreSaveFile.exists()): null

2018-12-07 00:42:38 - [TEST_STEP][PASSED] - Statement - counter = counter + 1: null

2018-12-07 00:42:38 - [TEST_STEP][PASSED] - Statement - PreSaveFile = new java.io.File(((pathPrefix + java.lang.Integer.toString(counter)) + .png)): null

2018-12-07 00:42:38 - [TEST_STEP][PASSED] - Statement - counter = counter + 1: null

2018-12-07 00:42:38 - [TEST_STEP][PASSED] - Statement - PreSaveFile = new java.io.File(((pathPrefix + java.lang.Integer.toString(counter)) + .png)): null

2018-12-07 00:42:38 - [TEST_STEP][PASSED] - Statement - counter = counter + 1: null

2018-12-07 00:42:38 - [TEST_STEP][PASSED] - Statement - PreSaveFile = new java.io.File(((pathPrefix + java.lang.Integer.toString(counter)) + .png)): null

2018-12-07 00:42:38 - [TEST_STEP][PASSED] - Statement - counter = counter + 1: null

2018-12-07 00:42:38 - [TEST_STEP][PASSED] - Statement - PreSaveFile = new java.io.File(((pathPrefix + java.lang.Integer.toString(counter)) + .png)): null

2018-12-07 00:42:38 - [TEST_STEP][PASSED] - Statement - counter = counter + 1: null

2018-12-07 00:42:38 - [TEST_STEP][PASSED] - Statement - PreSaveFile = new java.io.File(((pathPrefix + java.lang.Integer.toString(counter)) + .png)): null

2018-12-07 00:42:38 - [TEST_STEP][PASSED] - Statement - counter = counter + 1: null

2018-12-07 00:42:38 - [TEST_STEP][PASSED] - Statement - PreSaveFile = new java.io.File(((pathPrefix + java.lang.Integer.toString(counter)) + .png)): null

2018-12-07 00:42:38 - [TEST_STEP][PASSED] - Statement - counter = counter + 1: null

2018-12-07 00:42:38 - [TEST_STEP][PASSED] - Statement - PreSaveFile = new java.io.File(((pathPrefix + java.lang.Integer.toString(counter)) + .png)): null

2018-12-07 00:42:38 - [TEST_STEP][PASSED] - Statement - counter = counter + 1: null

2018-12-07 00:42:38 - [TEST_STEP][PASSED] - Statement - PreSaveFile = new java.io.File(((pathPrefix + java.lang.Integer.toString(counter)) + .png)): null

2018-12-07 00:42:38 - [TEST_STEP][PASSED] - Statement - counter = counter + 1: null

2018-12-07 00:42:38 - [TEST_STEP][PASSED] - Statement - PreSaveFile = new java.io.File(((pathPrefix + java.lang.Integer.toString(counter)) + .png)): null

2018-12-07 00:42:38 - [TEST_STEP][PASSED] - Statement - counter = counter + 1: null

2018-12-07 00:42:38 - [TEST_STEP][PASSED] - Statement - PreSaveFile = new java.io.File(((pathPrefix + java.lang.Integer.toString(counter)) + .png)): null

2018-12-07 00:42:38 - [TEST_STEP][PASSED] - Statement - counter = counter + 1: null

2018-12-07 00:42:38 - [TEST_STEP][PASSED] - Statement - PreSaveFile = new java.io.File(((pathPrefix + java.lang.Integer.toString(counter)) + .png)): null

2018-12-07 00:42:38 - [TEST_STEP][PASSED] - Statement - counter = counter + 1: null

2018-12-07 00:42:38 - [TEST_STEP][PASSED] - Statement - PreSaveFile = new java.io.File(((pathPrefix + java.lang.Integer.toString(counter)) + .png)): null

2018-12-07 00:42:38 - [TEST_STEP][PASSED] - Statement - counter = counter + 1: null

2018-12-07 00:42:38 - [TEST_STEP][PASSED] - Statement - PreSaveFile = new java.io.File(((pathPrefix + java.lang.Integer.toString(counter)) + .png)): null

2018-12-07 00:42:38 - [TEST_STEP][PASSED] - Statement - counter = counter + 1: null

2018-12-07 00:42:38 - [TEST_STEP][PASSED] - Statement - PreSaveFile = new java.io.File(((pathPrefix + java.lang.Integer.toString(counter)) + .png)): null

2018-12-07 00:42:38 - [TEST_STEP][PASSED] - Statement - counter = counter + 1: null

2018-12-07 00:42:38 - [TEST_STEP][PASSED] - Statement - PreSaveFile = new java.io.File(((pathPrefix + java.lang.Integer.toString(counter)) + .png)): null

2018-12-07 00:42:38 - [TEST_STEP][PASSED] - Statement - counter = counter + 1: null

2018-12-07 00:42:38 - [TEST_STEP][PASSED] - Statement - PreSaveFile = new java.io.File(((pathPrefix + java.lang.Integer.toString(counter)) + .png)): null

2018-12-07 00:42:38 - [TEST_STEP][PASSED] - Statement - counter = counter + 1: null

2018-12-07 00:42:38 - [TEST_STEP][PASSED] - Statement - PreSaveFile = new java.io.File(((pathPrefix + java.lang.Integer.toString(counter)) + .png)): null

2018-12-07 00:42:38 - [TEST_STEP][PASSED] - Statement - counter = counter + 1: null

2018-12-07 00:42:38 - [TEST_STEP][PASSED] - Statement - PreSaveFile = new java.io.File(((pathPrefix + java.lang.Integer.toString(counter)) + .png)): null

2018-12-07 00:42:38 - [TEST_STEP][PASSED] - Statement - counter = counter + 1: null

2018-12-07 00:42:38 - [TEST_STEP][PASSED] - Statement - PreSaveFile = new java.io.File(((pathPrefix + java.lang.Integer.toString(counter)) + .png)): null

2018-12-07 00:42:38 - [TEST_STEP][PASSED] - Statement - counter = counter + 1: null

2018-12-07 00:42:38 - [TEST_STEP][PASSED] - Statement - PreSaveFile = new java.io.File(((pathPrefix + java.lang.Integer.toString(counter)) + .png)): null

2018-12-07 00:42:38 - [TEST_STEP][PASSED] - Statement - counter = counter + 1: null

2018-12-07 00:42:38 - [TEST_STEP][PASSED] - Statement - PreSaveFile = new java.io.File(((pathPrefix + java.lang.Integer.toString(counter)) + .png)): null

2018-12-07 00:42:38 - [TEST_STEP][PASSED] - Statement - counter = counter + 1: null

2018-12-07 00:42:38 - [TEST_STEP][PASSED] - Statement - PreSaveFile = new java.io.File(((pathPrefix + java.lang.Integer.toString(counter)) + .png)): null

2018-12-07 00:42:38 - [TEST_STEP][PASSED] - Statement - counter = counter + 1: null

2018-12-07 00:42:38 - [TEST_STEP][PASSED] - Statement - PreSaveFile = new java.io.File(((pathPrefix + java.lang.Integer.toString(counter)) + .png)): null

2018-12-07 00:42:38 - [TEST_STEP][PASSED] - Statement - counter = counter + 1: null

2018-12-07 00:42:38 - [TEST_STEP][PASSED] - Statement - PreSaveFile = new java.io.File(((pathPrefix + java.lang.Integer.toString(counter)) + .png)): null

2018-12-07 00:42:38 - [TEST_STEP][PASSED] - Statement - counter = counter + 1: null

2018-12-07 00:42:38 - [TEST_STEP][PASSED] - Statement - PreSaveFile = new java.io.File(((pathPrefix + java.lang.Integer.toString(counter)) + .png)): null

2018-12-07 00:42:38 - [TEST_STEP][PASSED] - Statement - counter = counter + 1: null

2018-12-07 00:42:38 - [TEST_STEP][PASSED] - Statement - PreSaveFile = new java.io.File(((pathPrefix + java.lang.Integer.toString(counter)) + .png)): null

2018-12-07 00:42:38 - [TEST_STEP][PASSED] - Statement - counter = counter + 1: null

2018-12-07 00:42:38 - [TEST_STEP][PASSED] - Statement - PreSaveFile = new java.io.File(((pathPrefix + java.lang.Integer.toString(counter)) + .png)): null

2018-12-07 00:42:38 - [TEST_STEP][PASSED] - Statement - counter = counter + 1: null

2018-12-07 00:42:38 - [TEST_STEP][PASSED] - Statement - PreSaveFile = new java.io.File(((pathPrefix + java.lang.Integer.toString(counter)) + .png)): null

2018-12-07 00:42:38 - [TEST_STEP][PASSED] - Statement - counter = counter + 1: null

2018-12-07 00:42:38 - [TEST_STEP][PASSED] - Statement - PreSaveFile = new java.io.File(((pathPrefix + java.lang.Integer.toString(counter)) + .png)): null

2018-12-07 00:42:38 - [TEST_STEP][PASSED] - Statement - counter = counter + 1: null

2018-12-07 00:42:38 - [TEST_STEP][PASSED] - Statement - PreSaveFile = new java.io.File(((pathPrefix + java.lang.Integer.toString(counter)) + .png)): null

2018-12-07 00:42:38 - [TEST_STEP][PASSED] - Statement - counter = counter + 1: null

2018-12-07 00:42:38 - [TEST_STEP][PASSED] - Statement - PreSaveFile = new java.io.File(((pathPrefix + java.lang.Integer.toString(counter)) + .png)): null

2018-12-07 00:42:38 - [TEST_STEP][PASSED] - Statement - counter = counter + 1: null

2018-12-07 00:42:38 - [TEST_STEP][PASSED] - Statement - PreSaveFile = new java.io.File(((pathPrefix + java.lang.Integer.toString(counter)) + .png)): null

2018-12-07 00:42:38 - [TEST_STEP][PASSED] - Statement - counter = counter + 1: null

2018-12-07 00:42:38 - [TEST_STEP][PASSED] - Statement - PreSaveFile = new java.io.File(((pathPrefix + java.lang.Integer.toString(counter)) + .png)): null

2018-12-07 00:42:38 - [TEST_STEP][PASSED] - Statement - counter = counter + 1: null

2018-12-07 00:42:38 - [TEST_STEP][PASSED] - Statement - PreSaveFile = new java.io.File(((pathPrefix + java.lang.Integer.toString(counter)) + .png)): null

2018-12-07 00:42:38 - [TEST_STEP][PASSED] - Statement - counter = counter + 1: null

2018-12-07 00:42:38 - [TEST_STEP][PASSED] - Statement - PreSaveFile = new java.io.File(((pathPrefix + java.lang.Integer.toString(counter)) + .png)): null

2018-12-07 00:42:38 - [TEST_STEP][PASSED] - Statement - counter = counter + 1: null

2018-12-07 00:42:38 - [TEST_STEP][PASSED] - Statement - PreSaveFile = new java.io.File(((pathPrefix + java.lang.Integer.toString(counter)) + .png)): null

2018-12-07 00:42:38 - [TEST_STEP][PASSED] - Statement - counter = counter + 1: null

2018-12-07 00:42:38 - [TEST_STEP][PASSED] - Statement - PreSaveFile = new java.io.File(((pathPrefix + java.lang.Integer.toString(counter)) + .png)): null

2018-12-07 00:42:38 - [TEST_STEP][PASSED] - Statement - counter = counter + 1: null

2018-12-07 00:42:38 - [TEST_STEP][PASSED] - Statement - PreSaveFile = new java.io.File(((pathPrefix + java.lang.Integer.toString(counter)) + .png)): null

2018-12-07 00:42:38 - [TEST_STEP][PASSED] - Statement - counter = counter + 1: null

2018-12-07 00:42:38 - [TEST_STEP][PASSED] - Statement - PreSaveFile = new java.io.File(((pathPrefix + java.lang.Integer.toString(counter)) + .png)): null

2018-12-07 00:42:38 - [TEST_STEP][PASSED] - Statement - counter = counter + 1: null

2018-12-07 00:42:38 - [TEST_STEP][PASSED] - Statement - PreSaveFile = new java.io.File(((pathPrefix + java.lang.Integer.toString(counter)) + .png)): null

2018-12-07 00:42:38 - [TEST_STEP][PASSED] - Statement - counter = counter + 1: null

2018-12-07 00:42:38 - [TEST_STEP][PASSED] - Statement - PreSaveFile = new java.io.File(((pathPrefix + java.lang.Integer.toString(counter)) + .png)): null

2018-12-07 00:42:38 - [TEST_STEP][PASSED] - Statement - counter = counter + 1: null

2018-12-07 00:42:38 - [TEST_STEP][PASSED] - Statement - PreSaveFile = new java.io.File(((pathPrefix + java.lang.Integer.toString(counter)) + .png)): null

2018-12-07 00:42:38 - [TEST_STEP][PASSED] - Statement - counter = counter + 1: null

2018-12-07 00:42:38 - [TEST_STEP][PASSED] - Statement - PreSaveFile = new java.io.File(((pathPrefix + java.lang.Integer.toString(counter)) + .png)): null

2018-12-07 00:42:38 - [TEST_STEP][PASSED] - Statement - counter = counter + 1: null

2018-12-07 00:42:38 - [TEST_STEP][PASSED] - Statement - PreSaveFile = new java.io.File(((pathPrefix + java.lang.Integer.toString(counter)) + .png)): null

2018-12-07 00:42:38 - [TEST_STEP][PASSED] - Statement - counter = counter + 1: null

2018-12-07 00:42:38 - [TEST_STEP][PASSED] - Statement - PreSaveFile = new java.io.File(((pathPrefix + java.lang.Integer.toString(counter)) + .png)): null

2018-12-07 00:42:38 - [TEST_STEP][PASSED] - Statement - counter = counter + 1: null

2018-12-07 00:42:38 - [TEST_STEP][PASSED] - Statement - PreSaveFile = new java.io.File(((pathPrefix + java.lang.Integer.toString(counter)) + .png)): null

2018-12-07 00:42:38 - [TEST_STEP][PASSED] - Statement - counter = counter + 1: null

2018-12-07 00:42:38 - [TEST_STEP][PASSED] - Statement - PreSaveFile = new java.io.File(((pathPrefix + java.lang.Integer.toString(counter)) + .png)): null

2018-12-07 00:42:38 - [TEST_STEP][PASSED] - Statement - counter = counter + 1: null

2018-12-07 00:42:38 - [TEST_STEP][PASSED] - Statement - PreSaveFile = new java.io.File(((pathPrefix + java.lang.Integer.toString(counter)) + .png)): null

2018-12-07 00:42:38 - [TEST_STEP][PASSED] - Statement - counter = counter + 1: null

2018-12-07 00:42:38 - [TEST_STEP][PASSED] - Statement - PreSaveFile = new java.io.File(((pathPrefix + java.lang.Integer.toString(counter)) + .png)): null

2018-12-07 00:42:38 - [TEST_STEP][PASSED] - Statement - counter = counter + 1: null

2018-12-07 00:42:38 - [TEST_STEP][PASSED] - Statement - PreSaveFile = new java.io.File(((pathPrefix + java.lang.Integer.toString(counter)) + .png)): null

2018-12-07 00:42:38 - [TEST_STEP][PASSED] - Statement - counter = counter + 1: null

2018-12-07 00:42:38 - [TEST_STEP][PASSED] - Statement - PreSaveFile = new java.io.File(((pathPrefix + java.lang.Integer.toString(counter)) + .png)): null

2018-12-07 00:42:38 - [TEST_STEP][PASSED] - Statement - counter = counter + 1: null

2018-12-07 00:42:38 - [TEST_STEP][PASSED] - Statement - PreSaveFile = new java.io.File(((pathPrefix + java.lang.Integer.toString(counter)) + .png)): null

2018-12-07 00:42:38 - [TEST_STEP][PASSED] - Statement - counter = counter + 1: null

2018-12-07 00:42:38 - [TEST_STEP][PASSED] - Statement - PreSaveFile = new java.io.File(((pathPrefix + java.lang.Integer.toString(counter)) + .png)): null

2018-12-07 00:42:38 - [TEST_STEP][PASSED] - Statement - counter = counter + 1: null

2018-12-07 00:42:38 - [TEST_STEP][PASSED] - Statement - PreSaveFile = new java.io.File(((pathPrefix + java.lang.Integer.toString(counter)) + .png)): null

2018-12-07 00:42:38 - [TEST_STEP][PASSED] - Statement - counter = counter + 1: null

2018-12-07 00:42:38 - [TEST_STEP][PASSED] - Statement - PreSaveFile = new java.io.File(((pathPrefix + java.lang.Integer.toString(counter)) + .png)): null

2018-12-07 00:42:38 - [TEST_STEP][PASSED] - Statement - counter = counter + 1: null

2018-12-07 00:42:38 - [TEST_STEP][PASSED] - Statement - PreSaveFile = new java.io.File(((pathPrefix + java.lang.Integer.toString(counter)) + .png)): null

2018-12-07 00:42:38 - [TEST_STEP][PASSED] - Statement - counter = counter + 1: null

2018-12-07 00:42:38 - [TEST_STEP][PASSED] - Statement - PreSaveFile = new java.io.File(((pathPrefix + java.lang.Integer.toString(counter)) + .png)): null

2018-12-07 00:42:38 - [TEST_STEP][PASSED] - Statement - counter = counter + 1: null

2018-12-07 00:42:38 - [TEST_STEP][PASSED] - Statement - PreSaveFile = new java.io.File(((pathPrefix + java.lang.Integer.toString(counter)) + .png)): null

2018-12-07 00:42:38 - [TEST_STEP][PASSED] - Statement - counter = counter + 1: null

2018-12-07 00:42:38 - [TEST_STEP][PASSED] - Statement - PreSaveFile = new java.io.File(((pathPrefix + java.lang.Integer.toString(counter)) + .png)): null

2018-12-07 00:42:38 - [TEST_STEP][PASSED] - Statement - counter = counter + 1: null

2018-12-07 00:42:38 - [TEST_STEP][PASSED] - Statement - PreSaveFile = new java.io.File(((pathPrefix + java.lang.Integer.toString(counter)) + .png)): null

2018-12-07 00:42:38 - [TEST_STEP][PASSED] - Statement - counter = counter + 1: null

2018-12-07 00:42:38 - [TEST_STEP][PASSED] - Statement - PreSaveFile = new java.io.File(((pathPrefix + java.lang.Integer.toString(counter)) + .png)): null

2018-12-07 00:42:38 - [TEST_STEP][PASSED] - Statement - counter = counter + 1: null

2018-12-07 00:42:38 - [TEST_STEP][PASSED] - Statement - PreSaveFile = new java.io.File(((pathPrefix + java.lang.Integer.toString(counter)) + .png)): null

2018-12-07 00:42:38 - [TEST_STEP][PASSED] - Statement - counter = counter + 1: null

2018-12-07 00:42:38 - [TEST_STEP][PASSED] - Statement - PreSaveFile = new java.io.File(((pathPrefix + java.lang.Integer.toString(counter)) + .png)): null

2018-12-07 00:42:38 - [TEST_STEP][PASSED] - Statement - counter = counter + 1: null

2018-12-07 00:42:38 - [TEST_STEP][PASSED] - Statement - PreSaveFile = new java.io.File(((pathPrefix + java.lang.Integer.toString(counter)) + .png)): null

2018-12-07 00:42:38 - [TEST_STEP][PASSED] - Statement - counter = counter + 1: null

2018-12-07 00:42:38 - [TEST_STEP][PASSED] - Statement - PreSaveFile = new java.io.File(((pathPrefix + java.lang.Integer.toString(counter)) + .png)): null

2018-12-07 00:42:38 - [TEST_STEP][PASSED] - Statement - counter = counter + 1: null

2018-12-07 00:42:38 - [TEST_STEP][PASSED] - Statement - PreSaveFile = new java.io.File(((pathPrefix + java.lang.Integer.toString(counter)) + .png)): null

2018-12-07 00:42:38 - [TEST_STEP][PASSED] - Statement - counter = counter + 1: null

2018-12-07 00:42:38 - [TEST_STEP][PASSED] - Statement - PreSaveFile = new java.io.File(((pathPrefix + java.lang.Integer.toString(counter)) + .png)): null

2018-12-07 00:42:38 - [TEST_STEP][PASSED] - Statement - counter = counter + 1: null

2018-12-07 00:42:38 - [TEST_STEP][PASSED] - Statement - PreSaveFile = new java.io.File(((pathPrefix + java.lang.Integer.toString(counter)) + .png)): null

2018-12-07 00:42:38 - [TEST_STEP][PASSED] - Statement - counter = counter + 1: null

2018-12-07 00:42:38 - [TEST_STEP][PASSED] - Statement - PreSaveFile = new java.io.File(((pathPrefix + java.lang.Integer.toString(counter)) + .png)): null

2018-12-07 00:42:38 - [TEST_STEP][PASSED] - Statement - counter = counter + 1: null

2018-12-07 00:42:38 - [TEST_STEP][PASSED] - Statement - PreSaveFile = new java.io.File(((pathPrefix + java.lang.Integer.toString(counter)) + .png)): null

2018-12-07 00:42:38 - [TEST_STEP][PASSED] - Statement - counter = counter + 1: null

2018-12-07 00:42:38 - [TEST_STEP][PASSED] - Statement - PreSaveFile = new java.io.File(((pathPrefix + java.lang.Integer.toString(counter)) + .png)): null

2018-12-07 00:42:38 - [TEST_STEP][PASSED] - Statement - counter = counter + 1: null

2018-12-07 00:42:38 - [TEST_STEP][PASSED] - Statement - PreSaveFile = new java.io.File(((pathPrefix + java.lang.Integer.toString(counter)) + .png)): null

2018-12-07 00:42:38 - [TEST_STEP][PASSED] - Statement - counter = counter + 1: null

2018-12-07 00:42:38 - [TEST_STEP][PASSED] - Statement - PreSaveFile = new java.io.File(((pathPrefix + java.lang.Integer.toString(counter)) + .png)): null

2018-12-07 00:42:38 - [TEST_STEP][PASSED] - Statement - counter = counter + 1: null

2018-12-07 00:42:38 - [TEST_STEP][PASSED] - Statement - PreSaveFile = new java.io.File(((pathPrefix + java.lang.Integer.toString(counter)) + .png)): null

2018-12-07 00:42:39 - [TEST_STEP][PASSED] - Statement - finalPath = pathPrefix + java.lang.Integer.toString(counter) + ".png": null

2018-12-07 00:42:39 - [TEST_STEP][PASSED] - Statement - SaveFile = new java.io.File(finalPath): null

2018-12-07 00:42:39 - [TEST_STEP][PASSED] - Statement - Try: null

2018-12-07 00:42:39 - [TEST_STEP][PASSED] - Statement - org.apache.commons.io.FileUtils.copyFile(scrFile, SaveFile): null

2018-12-07 00:42:39 - [TEST_STEP][PASSED] - Statement - out.println("file kept"): null

2018-12-07 00:42:39 - [TEST_STEP][PASSED] - delay: Delayed 10 second(s)

2018-12-07 00:42:49 - [MESSAGE][PASSED] - Delayed 10 second(s)

2018-12-07 00:42:49 - [MESSAGE][PASSED] - Call Test Case 'Test Cases/Final Aug 2018 - PKS Automation/Common/Screenshoting tool' successfully

2018-12-07 00:42:49 - [TEST_STEP][PASSED] - callTestCase: Call Test Case 'Test Cases/Final Aug 2018 - PKS Automation/Registration Module/Log Out/log out avoiding katalon tagging' successfully

2018-12-07 00:42:49 - [TEST_CASE][PASSED] - Test Cases/Final Aug 2018 - PKS Automation/Registration Module/Log Out/log out avoiding katalon tagging: Test Cases/Final Aug 2018 - PKS Automation/Registration Module/Log Out/log out avoiding katalon tagging

2018-12-07 00:42:49 - [TEST_STEP][PASSED] - navigateToUrl: Navigate to 'https://assist2-uat.perkeso.gov.my/c/portal/logout' successfully

2018-12-07 00:42:49 - [MESSAGE][PASSED] - Navigate to 'https://assist2-uat.perkeso.gov.my/c/portal/logout' successfully

2018-12-07 00:42:49 - [MESSAGE][PASSED] - Call Test Case 'Test Cases/Final Aug 2018 - PKS Automation/Registration Module/Log Out/log out avoiding katalon tagging' successfully

2018-12-07 00:42:49 - [TEST_STEP][PASSED] - callTestCase: Call Test Case 'Test Cases/Final Aug 2018 - PKS Automation/Common/Workflow Owner Finder' successfully

2018-12-07 00:42:49 - [TEST_CASE][PASSED] - Test Cases/Final Aug 2018 - PKS Automation/Common/Workflow Owner Finder: Test Cases/Final Aug 2018 - PKS Automation/Common/Workflow Owner Finder

2018-12-07 00:42:49 - [TEST_STEP][PASSED] - openBrowser: Browser is opened with url: ''

2018-12-07 00:42:49 - [MESSAGE][WARNING] - A browser is already opened. Closing browser and opening a new one

2018-12-07 00:42:53 - [MESSAGE][PASSED] - Browser is opened with url: ''

2018-12-07 00:42:53 - [TEST_STEP][PASSED] - navigateToUrl: Navigate to 'https://assist2-uat.perkeso.gov.my/login' successfully

2018-12-07 00:42:54 - [MESSAGE][PASSED] - Navigate to 'https://assist2-uat.perkeso.gov.my/login' successfully

2018-12-07 00:42:54 - [TEST_STEP][PASSED] - delay: Delayed 5 second(s)

2018-12-07 00:42:59 - [MESSAGE][PASSED] - Delayed 5 second(s)

2018-12-07 00:42:59 - [TEST_STEP][PASSED] - setText: Text 'test@liferay.com' is set on object 'Object Repository/Final Object Repo/Login Page/Internal User/Email Address'

2018-12-07 00:43:00 - [MESSAGE][PASSED] - Text 'test@liferay.com' is set on object 'Object Repository/Final Object Repo/Login Page/Internal User/Email Address'

2018-12-07 00:43:00 - [TEST_STEP][PASSED] - click: Object: 'Object Repository/Final Object Repo/Login Page/Internal User/Next Button' is clicked on

2018-12-07 00:43:00 - [MESSAGE][PASSED] - Object: 'Object Repository/Final Object Repo/Login Page/Internal User/Next Button' is clicked on

2018-12-07 00:43:00 - [TEST_STEP][PASSED] - delay: Delayed 2 second(s)

2018-12-07 00:43:02 - [MESSAGE][PASSED] - Delayed 2 second(s)

2018-12-07 00:43:02 - [TEST_STEP][PASSED] - setText: Text 'test' is set on object 'Object Repository/Final Object Repo/Login Page/Internal User/Password'

2018-12-07 00:43:02 - [MESSAGE][PASSED] - Text 'test' is set on object 'Object Repository/Final Object Repo/Login Page/Internal User/Password'

2018-12-07 00:43:02 - [TEST_STEP][PASSED] - delay: Delayed 2 second(s)

2018-12-07 00:43:04 - [MESSAGE][PASSED] - Delayed 2 second(s)

2018-12-07 00:43:04 - [TEST_STEP][PASSED] - click: Object: 'Object Repository/Final Object Repo/Login Page/Internal User/Login Button' is clicked on

2018-12-07 00:43:04 - [MESSAGE][PASSED] - Object: 'Object Repository/Final Object Repo/Login Page/Internal User/Login Button' is clicked on

2018-12-07 00:43:04 - [TEST_STEP][PASSED] - Statement - tester = com.kms.katalon.core.testobject.ObjectRepository.findTestObject(Final Object Repo/Landing Page/Select to English): Finding Test Object with id 'Object Repository/Final Object Repo/Landing Page/Select to English'

2018-12-07 00:43:04 - [TEST_STEP][PASSED] - Statement - Try: Delayed 2 second(s)

2018-12-07 00:43:04 - [TEST_STEP][PASSED] - Statement - Checker = com.kms.katalon.core.webui.keyword.WebUiBuiltInKeywords.verifyElementNotPresent(tester, 3): Web element with id: 'Object Repository/Final Object Repo/Landing Page/Select to English' located by 'By.xpath: //a[@class = 'taglib-language-list-text' and @lang = 'en-US' and (contains(text(), 'EN') or contains(., 'EN'))]' is not present after '3' second(s)

2018-12-07 00:43:06 - [MESSAGE][PASSED] - Web element with id: 'Object Repository/Final Object Repo/Landing Page/Select to English' located by 'By.xpath: //a[@class = 'taglib-language-list-text' and @lang = 'en-US' and (contains(text(), 'EN') or contains(., 'EN'))]' is not present after '3' second(s)

2018-12-07 00:43:06 - [TEST_STEP][PASSED] - Statement - If (Checker == false): null

2018-12-07 00:43:06 - [TEST_STEP][PASSED] - delay: Delayed 2 second(s)

2018-12-07 00:43:08 - [MESSAGE][PASSED] - Delayed 2 second(s)

2018-12-07 00:43:08 - [TEST_STEP][PASSED] - delay: Delayed 5 second(s)

2018-12-07 00:43:13 - [MESSAGE][PASSED] - Delayed 5 second(s)

2018-12-07 00:43:13 - [TEST_STEP][PASSED] - mouseOver: Object: 'Object Repository/Final Object Repo/Landing Page/WorkFlow Menu' is hovered

2018-12-07 00:43:13 - [MESSAGE][PASSED] - Object: 'Object Repository/Final Object Repo/Landing Page/WorkFlow Menu' is hovered

2018-12-07 00:43:13 - [TEST_STEP][PASSED] - delay: Delayed 2 second(s)

2018-12-07 00:43:15 - [MESSAGE][PASSED] - Delayed 2 second(s)

2018-12-07 00:43:15 - [TEST_STEP][PASSED] - click: Object: 'Object Repository/Final Object Repo/Landing Page/Select to Workflow Listing' is clicked on

2018-12-07 00:43:16 - [MESSAGE][PASSED] - Object: 'Object Repository/Final Object Repo/Landing Page/Select to Workflow Listing' is clicked on

2018-12-07 00:43:16 - [TEST_STEP][PASSED] - delay: Delayed 2 second(s)

2018-12-07 00:43:18 - [MESSAGE][PASSED] - Delayed 2 second(s)

2018-12-07 00:43:18 - [TEST_STEP][PASSED] - click: Object: 'Object Repository/Final Object Repo/WorkFlow Listing Page/Search Information - To Put Ref No' is clicked on

2018-12-07 00:43:19 - [MESSAGE][PASSED] - Object: 'Object Repository/Final Object Repo/WorkFlow Listing Page/Search Information - To Put Ref No' is clicked on

2018-12-07 00:43:19 - [TEST_STEP][PASSED] - delay: Delayed 2 second(s)

2018-12-07 00:43:21 - [MESSAGE][PASSED] - Delayed 2 second(s)

2018-12-07 00:43:21 - [TEST_STEP][PASSED] - callTestCase: Call Test Case 'Test Cases/Final Aug 2018 - PKS Automation/Common/Reference Number Getter' successfully

2018-12-07 00:43:21 - [TEST_CASE][PASSED] - Test Cases/Final Aug 2018 - PKS Automation/Common/Reference Number Getter: Test Cases/Final Aug 2018 - PKS Automation/Common/Reference Number Getter

2018-12-07 00:43:21 - [TEST_STEP][PASSED] - Statement - Try: null

2018-12-07 00:43:21 - [TEST_STEP][PASSED] - Statement - RefNo = new java.io.File(C://Users//Admin//Desktop//PKS//Automation Reference Point//KatalonReference.txt): null

2018-12-07 00:43:21 - [TEST_STEP][PASSED] - Statement - bufferread = new java.io.BufferedReader(new java.io.FileReader(RefNo)): null

2018-12-07 00:43:21 - [TEST_STEP][PASSED] - Statement - readedVal = bufferread.readLine(): null

2018-12-07 00:43:21 - [TEST_STEP][PASSED] - Statement - out.println(CaseReferenceNo): null

2018-12-07 00:43:21 - [TEST_STEP][PASSED] - Statement - out.println(readedVal): null

2018-12-07 00:43:21 - [TEST_STEP][PASSED] - Statement - CaseReferenceNo = "": null

2018-12-07 00:43:21 - [TEST_STEP][PASSED] - Statement - CaseReferenceNo = readedVal: null

2018-12-07 00:43:21 - [MESSAGE][PASSED] - Call Test Case 'Test Cases/Final Aug 2018 - PKS Automation/Common/Reference Number Getter' successfully

2018-12-07 00:43:21 - [TEST_STEP][PASSED] - setText: Text 'CAN12201800002273' is set on object 'Object Repository/Final Object Repo/WorkFlow Listing Page/Ref No Set Text'

2018-12-07 00:43:21 - [MESSAGE][PASSED] - Text 'CAN12201800002273' is set on object 'Object Repository/Final Object Repo/WorkFlow Listing Page/Ref No Set Text'

2018-12-07 00:43:21 - [TEST_STEP][PASSED] - delay: Delayed 2 second(s)

2018-12-07 00:43:23 - [MESSAGE][PASSED] - Delayed 2 second(s)

2018-12-07 00:43:23 - [TEST_STEP][PASSED] - click: Object: 'Object Repository/Final Object Repo/WorkFlow Listing Page/Search Ref No Search Button' is clicked on

2018-12-07 00:43:23 - [MESSAGE][PASSED] - Object: 'Object Repository/Final Object Repo/WorkFlow Listing Page/Search Ref No Search Button' is clicked on

2018-12-07 00:43:23 - [TEST_STEP][PASSED] - delay: Delayed 6 second(s)

2018-12-07 00:43:29 - [MESSAGE][PASSED] - Delayed 6 second(s)

2018-12-07 00:43:29 - [TEST_STEP][PASSED] - click: Object: 'Object Repository/Final Object Repo/WorkFlow Listing Page/Click Continue Tooltip' is clicked on

2018-12-07 00:43:30 - [MESSAGE][PASSED] - Object: 'Object Repository/Final Object Repo/WorkFlow Listing Page/Click Continue Tooltip' is clicked on

2018-12-07 00:43:30 - [TEST_STEP][PASSED] - delay: Delayed 5 second(s)

2018-12-07 00:43:35 - [MESSAGE][PASSED] - Delayed 5 second(s)

2018-12-07 00:43:35 - [TEST_STEP][PASSED] - doubleClick: Object: 'Object Repository/Final Object Repo/WorkFlow Listing Page/Workflow Found - Listing 1' is double clicked on

2018-12-07 00:43:35 - [MESSAGE][PASSED] - Object: 'Object Repository/Final Object Repo/WorkFlow Listing Page/Workflow Found - Listing 1' is double clicked on

2018-12-07 00:43:35 - [TEST_STEP][PASSED] - Statement - println(OwnerID): null

2018-12-07 00:43:35 - [TEST_STEP][PASSED] - Statement - OwnerID = com.kms.katalon.core.webui.keyword.WebUiBuiltInKeywords.getText(com.kms.katalon.core.testobject.ObjectRepository.findTestObject(Final Object Repo/WorkFlow Listing Page/Workflow Found - Listing 1), STOP_ON_FAILURE): Text of object 'Object Repository/Final Object Repo/WorkFlow Listing Page/Workflow Found - Listing 1' is: 'JOHORro2'

2018-12-07 00:43:35 - [MESSAGE][PASSED] - Text of object 'Object Repository/Final Object Repo/WorkFlow Listing Page/Workflow Found - Listing 1' is: 'JOHORro2'

2018-12-07 00:43:35 - [TEST_STEP][PASSED] - Statement - OwnerID = OwnerID.toLowerCase() + "@gmail.com": null

2018-12-07 00:43:35 - [TEST_STEP][PASSED] - Statement - println(OwnerID): null

2018-12-07 00:43:35 - [TEST_STEP][PASSED] - delay: Delayed 2 second(s)

2018-12-07 00:43:37 - [MESSAGE][PASSED] - Delayed 2 second(s)

2018-12-07 00:43:37 - [MESSAGE][PASSED] - Call Test Case 'Test Cases/Final Aug 2018 - PKS Automation/Common/Workflow Owner Finder' successfully

2018-12-07 00:43:37 - [TEST_STEP][PASSED] - callTestCase: Call Test Case 'Test Cases/Final Aug 2018 - PKS Automation/Registration Module/Log Out/log out avoiding katalon tagging' successfully

2018-12-07 00:43:37 - [TEST_CASE][PASSED] - Test Cases/Final Aug 2018 - PKS Automation/Registration Module/Log Out/log out avoiding katalon tagging: Test Cases/Final Aug 2018 - PKS Automation/Registration Module/Log Out/log out avoiding katalon tagging

2018-12-07 00:43:37 - [TEST_STEP][PASSED] - navigateToUrl: Navigate to 'https://assist2-uat.perkeso.gov.my/c/portal/logout' successfully

2018-12-07 00:43:38 - [MESSAGE][PASSED] - Navigate to 'https://assist2-uat.perkeso.gov.my/c/portal/logout' successfully

2018-12-07 00:43:38 - [MESSAGE][PASSED] - Call Test Case 'Test Cases/Final Aug 2018 - PKS Automation/Registration Module/Log Out/log out avoiding katalon tagging' successfully

2018-12-07 00:43:38 - [TEST_STEP][PASSED] - delay: Delayed 2 second(s)

2018-12-07 00:43:40 - [MESSAGE][PASSED] - Delayed 2 second(s)

2018-12-07 00:43:40 - [TEST_STEP][PASSED] - setText: Text 'johorro2@gmail.com' is set on object 'Object Repository/Final Object Repo/Page_Update Add New Employee - ASSIST/Email TextBox'

2018-12-07 00:43:41 - [MESSAGE][PASSED] - Text 'johorro2@gmail.com' is set on object 'Object Repository/Final Object Repo/Page_Update Add New Employee - ASSIST/Email TextBox'

2018-12-07 00:43:41 - [TEST_STEP][PASSED] - click: Object: 'Object Repository/Final Object Repo/Page_Update Add New Employee - ASSIST/Next Button' is clicked on

2018-12-07 00:43:41 - [MESSAGE][PASSED] - Object: 'Object Repository/Final Object Repo/Page_Update Add New Employee - ASSIST/Next Button' is clicked on

2018-12-07 00:43:41 - [TEST_STEP][PASSED] - delay: Delayed 2 second(s)

2018-12-07 00:43:43 - [MESSAGE][PASSED] - Delayed 2 second(s)

2018-12-07 00:43:43 - [TEST_STEP][PASSED] - setText: Text 'Test1@3456789' is set on object 'Object Repository/Final Object Repo/Page_Update Add New Employee - ASSIST/Password TextBox'

2018-12-07 00:43:43 - [MESSAGE][PASSED] - Text 'Test1@3456789' is set on object 'Object Repository/Final Object Repo/Page_Update Add New Employee - ASSIST/Password TextBox'

2018-12-07 00:43:43 - [TEST_STEP][PASSED] - delay: Delayed 2 second(s)

2018-12-07 00:43:45 - [MESSAGE][PASSED] - Delayed 2 second(s)

2018-12-07 00:43:45 - [TEST_STEP][PASSED] - click: Object: 'Object Repository/Final Object Repo/Page_Update Add New Employee - ASSIST/Login Button' is clicked on

2018-12-07 00:43:45 - [MESSAGE][PASSED] - Object: 'Object Repository/Final Object Repo/Page_Update Add New Employee - ASSIST/Login Button' is clicked on

2018-12-07 00:43:45 - [TEST_STEP][PASSED] - delay: Delayed 4 second(s)

2018-12-07 00:43:49 - [MESSAGE][PASSED] - Delayed 4 second(s)

2018-12-07 00:43:49 - [TEST_STEP][PASSED] - Statement - Try: Delayed 2 second(s)

2018-12-07 00:43:49 - [TEST_STEP][PASSED] - Statement - Checker = false: null

2018-12-07 00:43:49 - [TEST_STEP][PASSED] - Statement - Checker = com.kms.katalon.core.webui.keyword.WebUiBuiltInKeywords.verifyElementHasAttribute(com.kms.katalon.core.testobject.ObjectRepository.findTestObject(Final Object Repo/Landing Page/BM Detecting), "href", 20, OPTIONAL): Object 'Object Repository/Final Object Repo/Landing Page/BM Detecting' has attribute 'href'

2018-12-07 00:43:49 - [MESSAGE][PASSED] - Object 'Object Repository/Final Object Repo/Landing Page/BM Detecting' has attribute 'href'

2018-12-07 00:43:49 - [TEST_STEP][PASSED] - Statement - out.println(Checker): null

2018-12-07 00:43:49 - [TEST_STEP][PASSED] - Statement - If (Checker == false): null

2018-12-07 00:43:49 - [TEST_STEP][PASSED] - Statement - Else: null

2018-12-07 00:43:49 - [TEST_STEP][PASSED] - delay: Delayed 2 second(s)

2018-12-07 00:43:51 - [MESSAGE][PASSED] - Delayed 2 second(s)

2018-12-07 00:43:51 - [TEST_STEP][PASSED] - delay: Delayed 4 second(s)

2018-12-07 00:43:55 - [MESSAGE][PASSED] - Delayed 4 second(s)

2018-12-07 00:43:55 - [TEST_STEP][PASSED] - click: Object: 'Object Repository/Final Object Repo/New Registration - Registration Module Pages/New Reg - OTC to RO/Special Case - All Related Objects/Expand to Search' is clicked on

2018-12-07 00:43:56 - [MESSAGE][PASSED] - Object: 'Object Repository/Final Object Repo/New Registration - Registration Module Pages/New Reg - OTC to RO/Special Case - All Related Objects/Expand to Search' is clicked on

2018-12-07 00:43:56 - [TEST_STEP][FAILED] - setText: Unable to set text 'CAN12201800002273' of object 'Object Repository/Final Object Repo/New Registration - Registration Module Pages/New Reg - OTC to RO/Special Case - All Related Objects/TextBox RefNo in Workbasket' (Root cause: org.openqa.selenium.ElementNotVisibleException: element not interactable
  (Session info: chrome=70.0.3538.110)
  (Driver info: chromedriver=2.43.600210 (68dcf5eebde37173d4027fa8635e332711d2874a),platform=Windows NT 6.1.7601 SP1 x86_64) (WARNING: The server did not provide any stacktrace information)
Command duration or timeout: 0 milliseconds
Build info: version: '3.7.1', revision: '8a0099a', time: '2017-11-06T21:07:36.161Z'
System info: host: 'WIN7TEST02', ip: '10.20.3.72', os.name: 'Windows 7', os.arch: 'amd64', os.version: '6.1', java.version: '1.8.0_181'
Driver info: com.kms.katalon.selenium.driver.CChromeDriver
Capabilities {acceptInsecureCerts: false, acceptSslCerts: false, applicationCacheEnabled: false, browserConnectionEnabled: false, browserName: chrome, chrome: {chromedriverVersion: 2.43.600210 (68dcf5eebde371..., userDataDir: C:\Users\Admin\AppData\Loca...}, cssSelectorsEnabled: true, databaseEnabled: false, goog:chromeOptions: {debuggerAddress: localhost:63182}, handlesAlerts: true, hasTouchScreen: false, javascriptEnabled: true, locationContextEnabled: true, mobileEmulationEnabled: false, nativeEvents: true, networkConnectionEnabled: false, pageLoadStrategy: normal, platform: XP, platformName: XP, rotatable: false, setWindowRect: true, takesHeapSnapshot: true, takesScreenshot: true, unexpectedAlertBehaviour: , unhandledPromptBehavior: , version: 70.0.3538.110, webStorageEnabled: true}
Session ID: 4bbb2178bc486606940e84da254da949)

2018-12-07 00:43:56 - [MESSAGE][FAILED] - Unable to set text 'CAN12201800002273' of object 'Object Repository/Final Object Repo/New Registration - Registration Module Pages/New Reg - OTC to RO/Special Case - All Related Objects/TextBox RefNo in Workbasket' (Root cause: org.openqa.selenium.ElementNotVisibleException: element not interactable
  (Session info: chrome=70.0.3538.110)
  (Driver info: chromedriver=2.43.600210 (68dcf5eebde37173d4027fa8635e332711d2874a),platform=Windows NT 6.1.7601 SP1 x86_64) (WARNING: The server did not provide any stacktrace information)
Command duration or timeout: 0 milliseconds
Build info: version: '3.7.1', revision: '8a0099a', time: '2017-11-06T21:07:36.161Z'
System info: host: 'WIN7TEST02', ip: '10.20.3.72', os.name: 'Windows 7', os.arch: 'amd64', os.version: '6.1', java.version: '1.8.0_181'
Driver info: com.kms.katalon.selenium.driver.CChromeDriver
Capabilities {acceptInsecureCerts: false, acceptSslCerts: false, applicationCacheEnabled: false, browserConnectionEnabled: false, browserName: chrome, chrome: {chromedriverVersion: 2.43.600210 (68dcf5eebde371..., userDataDir: C:\Users\Admin\AppData\Loca...}, cssSelectorsEnabled: true, databaseEnabled: false, goog:chromeOptions: {debuggerAddress: localhost:63182}, handlesAlerts: true, hasTouchScreen: false, javascriptEnabled: true, locationContextEnabled: true, mobileEmulationEnabled: false, nativeEvents: true, networkConnectionEnabled: false, pageLoadStrategy: normal, platform: XP, platformName: XP, rotatable: false, setWindowRect: true, takesHeapSnapshot: true, takesScreenshot: true, unexpectedAlertBehaviour: , unhandledPromptBehavior: , version: 70.0.3538.110, webStorageEnabled: true}
Session ID: 4bbb2178bc486606940e84da254da949)
[[ATTACHMENT|C:\\Users\\Admin\\Desktop\\PKS\\Perkeso Phase A\\Reports\\Workflow\\Update Add New Employee\\20181206_171415\\1544114636105.png]]

2018-12-07 00:43:56 - [TEST_STEP][PASSED] - delay: Delayed 2 second(s)

2018-12-07 00:43:58 - [MESSAGE][PASSED] - Delayed 2 second(s)

2018-12-07 00:43:58 - [TEST_STEP][PASSED] - click: Object: 'Object Repository/Final Object Repo/New Registration - Registration Module Pages/New Reg - OTC to RO/Special Case - All Related Objects/Click Search' is clicked on

2018-12-07 00:43:58 - [MESSAGE][PASSED] - Object: 'Object Repository/Final Object Repo/New Registration - Registration Module Pages/New Reg - OTC to RO/Special Case - All Related Objects/Click Search' is clicked on

2018-12-07 00:43:58 - [TEST_STEP][PASSED] - delay: Delayed 2 second(s)

2018-12-07 00:44:00 - [MESSAGE][PASSED] - Delayed 2 second(s)

2018-12-07 00:44:00 - [TEST_STEP][PASSED] - click: Object: 'Object Repository/Final Object Repo/New Registration - Registration Module Pages/New Reg - OTC to RO/Special Case - All Related Objects/Click to Continue Workflow' is clicked on

2018-12-07 00:44:04 - [MESSAGE][PASSED] - Object: 'Object Repository/Final Object Repo/New Registration - Registration Module Pages/New Reg - OTC to RO/Special Case - All Related Objects/Click to Continue Workflow' is clicked on

2018-12-07 00:44:04 - [TEST_STEP][PASSED] - delay: Delayed 10 second(s)

2018-12-07 00:44:14 - [MESSAGE][PASSED] - Delayed 10 second(s)

2018-12-07 00:44:14 - [TEST_STEP][PASSED] - click: Object: 'Object Repository/Final Object Repo/New Registration - Registration Module Pages/New Reg - OTC to RO/Special Case - All Related Objects/Continue Button in verifying case' is clicked on

2018-12-07 00:44:17 - [MESSAGE][PASSED] - Object: 'Object Repository/Final Object Repo/New Registration - Registration Module Pages/New Reg - OTC to RO/Special Case - All Related Objects/Continue Button in verifying case' is clicked on

2018-12-07 00:44:17 - [TEST_STEP][PASSED] - delay: Delayed 2 second(s)

2018-12-07 00:44:19 - [MESSAGE][PASSED] - Delayed 2 second(s)

2018-12-07 00:44:19 - [TEST_STEP][PASSED] - click: Object: 'Object Repository/Final Object Repo/Page_Update Add New Employee - ASSIST/Save  Continue Button' is clicked on

2018-12-07 00:44:20 - [MESSAGE][PASSED] - Object: 'Object Repository/Final Object Repo/Page_Update Add New Employee - ASSIST/Save  Continue Button' is clicked on

2018-12-07 00:44:20 - [TEST_STEP][PASSED] - delay: Delayed 4 second(s)

2018-12-07 00:44:24 - [MESSAGE][PASSED] - Delayed 4 second(s)

2018-12-07 00:44:24 - [TEST_STEP][PASSED] - click: Object: 'Object Repository/Final Object Repo/Page_Update Add New Employee - ASSIST/Save  Continue Third Screen' is clicked on

2018-12-07 00:44:27 - [MESSAGE][PASSED] - Object: 'Object Repository/Final Object Repo/Page_Update Add New Employee - ASSIST/Save  Continue Third Screen' is clicked on

2018-12-07 00:44:27 - [TEST_STEP][PASSED] - delay: Delayed 4 second(s)

2018-12-07 00:44:31 - [MESSAGE][PASSED] - Delayed 4 second(s)

2018-12-07 00:44:31 - [TEST_STEP][PASSED] - setText: Text 'Query the Case' is set on object 'Object Repository/Final Object Repo/Page_Update Add New Employee - ASSIST/Query Text Input'

2018-12-07 00:44:31 - [MESSAGE][PASSED] - Text 'Query the Case' is set on object 'Object Repository/Final Object Repo/Page_Update Add New Employee - ASSIST/Query Text Input'

2018-12-07 00:44:31 - [TEST_STEP][PASSED] - delay: Delayed 4 second(s)

2018-12-07 00:44:35 - [MESSAGE][PASSED] - Delayed 4 second(s)

2018-12-07 00:44:35 - [TEST_STEP][PASSED] - click: Object: 'Object Repository/Final Object Repo/Page_Update Add New Employee - ASSIST/Save   Continue Supporting Doc Page' is clicked on

2018-12-07 00:44:35 - [MESSAGE][PASSED] - Object: 'Object Repository/Final Object Repo/Page_Update Add New Employee - ASSIST/Save   Continue Supporting Doc Page' is clicked on

2018-12-07 00:44:35 - [TEST_STEP][PASSED] - delay: Delayed 4 second(s)

2018-12-07 00:44:39 - [MESSAGE][PASSED] - Delayed 4 second(s)

2018-12-07 00:44:39 - [TEST_STEP][PASSED] - click: Object: 'Object Repository/Final Object Repo/Page_Update Add New Employee - ASSIST/Query Button' is clicked on

2018-12-07 00:44:39 - [MESSAGE][PASSED] - Object: 'Object Repository/Final Object Repo/Page_Update Add New Employee - ASSIST/Query Button' is clicked on

2018-12-07 00:44:39 - [TEST_STEP][PASSED] - delay: Delayed 4 second(s)

2018-12-07 00:44:43 - [MESSAGE][PASSED] - Delayed 4 second(s)

2018-12-07 00:44:43 - [TEST_STEP][PASSED] - click: Object: 'Object Repository/Final Object Repo/Page_Update Add New Employee - ASSIST/Confirm to Query' is clicked on

2018-12-07 00:44:43 - [MESSAGE][PASSED] - Object: 'Object Repository/Final Object Repo/Page_Update Add New Employee - ASSIST/Confirm to Query' is clicked on

2018-12-07 00:44:43 - [TEST_STEP][PASSED] - delay: Delayed 20 second(s)

2018-12-07 00:45:03 - [MESSAGE][PASSED] - Delayed 20 second(s)

2018-12-07 00:45:03 - [TEST_STEP][PASSED] - callTestCase: Call Test Case 'Test Cases/Final Aug 2018 - PKS Automation/Common/Screenshoting tool' successfully

2018-12-07 00:45:03 - [TEST_CASE][PASSED] - Test Cases/Final Aug 2018 - PKS Automation/Common/Screenshoting tool: Test Cases/Final Aug 2018 - PKS Automation/Common/Screenshoting tool

2018-12-07 00:45:03 - [TEST_STEP][PASSED] - delay: Delayed 15 second(s)

2018-12-07 00:45:18 - [MESSAGE][PASSED] - Delayed 15 second(s)

2018-12-07 00:45:18 - [TEST_STEP][PASSED] - Statement - driver = com.kms.katalon.core.webui.driver.DriverFactory.getWebDriver(): null

2018-12-07 00:45:18 - [TEST_STEP][PASSED] - Statement - driver.manage().timeouts().implicitlyWait(10, SECONDS): null

2018-12-07 00:45:18 - [TEST_STEP][PASSED] - Statement - PresavePath = KatalonScreenshots: null

2018-12-07 00:45:18 - [TEST_STEP][PASSED] - Statement - pathPrefix = "C:\Users\Public\Pictures\Sample Pictures\Katalon Screenshots\Automate Ending Screen": null

2018-12-07 00:45:18 - [TEST_STEP][PASSED] - Statement - finalPath = <not implemented yet for class: org.codehaus.groovy.ast.expr.EmptyExpression>: null

2018-12-07 00:45:18 - [TEST_STEP][PASSED] - Statement - scrFile = driver.getScreenshotAs(FILE): null

2018-12-07 00:45:19 - [TEST_STEP][PASSED] - Statement - PreSaveFile = new java.io.File(PresavePath): null

2018-12-07 00:45:19 - [TEST_STEP][PASSED] - Statement - counter = 0: null

2018-12-07 00:45:19 - [TEST_STEP][PASSED] - Statement - If (PreSaveFile.exists()): null

2018-12-07 00:45:19 - [TEST_STEP][PASSED] - Statement - While (PreSaveFile.exists()): null

2018-12-07 00:45:19 - [TEST_STEP][PASSED] - Statement - counter = counter + 1: null

2018-12-07 00:45:19 - [TEST_STEP][PASSED] - Statement - PreSaveFile = new java.io.File(((pathPrefix + java.lang.Integer.toString(counter)) + .png)): null

2018-12-07 00:45:19 - [TEST_STEP][PASSED] - Statement - counter = counter + 1: null

2018-12-07 00:45:19 - [TEST_STEP][PASSED] - Statement - PreSaveFile = new java.io.File(((pathPrefix + java.lang.Integer.toString(counter)) + .png)): null

2018-12-07 00:45:19 - [TEST_STEP][PASSED] - Statement - counter = counter + 1: null

2018-12-07 00:45:19 - [TEST_STEP][PASSED] - Statement - PreSaveFile = new java.io.File(((pathPrefix + java.lang.Integer.toString(counter)) + .png)): null

2018-12-07 00:45:19 - [TEST_STEP][PASSED] - Statement - counter = counter + 1: null

2018-12-07 00:45:19 - [TEST_STEP][PASSED] - Statement - PreSaveFile = new java.io.File(((pathPrefix + java.lang.Integer.toString(counter)) + .png)): null

2018-12-07 00:45:19 - [TEST_STEP][PASSED] - Statement - counter = counter + 1: null

2018-12-07 00:45:19 - [TEST_STEP][PASSED] - Statement - PreSaveFile = new java.io.File(((pathPrefix + java.lang.Integer.toString(counter)) + .png)): null

2018-12-07 00:45:19 - [TEST_STEP][PASSED] - Statement - counter = counter + 1: null

2018-12-07 00:45:19 - [TEST_STEP][PASSED] - Statement - PreSaveFile = new java.io.File(((pathPrefix + java.lang.Integer.toString(counter)) + .png)): null

2018-12-07 00:45:19 - [TEST_STEP][PASSED] - Statement - counter = counter + 1: null

2018-12-07 00:45:19 - [TEST_STEP][PASSED] - Statement - PreSaveFile = new java.io.File(((pathPrefix + java.lang.Integer.toString(counter)) + .png)): null

2018-12-07 00:45:19 - [TEST_STEP][PASSED] - Statement - counter = counter + 1: null

2018-12-07 00:45:19 - [TEST_STEP][PASSED] - Statement - PreSaveFile = new java.io.File(((pathPrefix + java.lang.Integer.toString(counter)) + .png)): null

2018-12-07 00:45:19 - [TEST_STEP][PASSED] - Statement - counter = counter + 1: null

2018-12-07 00:45:19 - [TEST_STEP][PASSED] - Statement - PreSaveFile = new java.io.File(((pathPrefix + java.lang.Integer.toString(counter)) + .png)): null

2018-12-07 00:45:19 - [TEST_STEP][PASSED] - Statement - counter = counter + 1: null

2018-12-07 00:45:19 - [TEST_STEP][PASSED] - Statement - PreSaveFile = new java.io.File(((pathPrefix + java.lang.Integer.toString(counter)) + .png)): null

2018-12-07 00:45:19 - [TEST_STEP][PASSED] - Statement - counter = counter + 1: null

2018-12-07 00:45:19 - [TEST_STEP][PASSED] - Statement - PreSaveFile = new java.io.File(((pathPrefix + java.lang.Integer.toString(counter)) + .png)): null

2018-12-07 00:45:19 - [TEST_STEP][PASSED] - Statement - counter = counter + 1: null

2018-12-07 00:45:19 - [TEST_STEP][PASSED] - Statement - PreSaveFile = new java.io.File(((pathPrefix + java.lang.Integer.toString(counter)) + .png)): null

2018-12-07 00:45:19 - [TEST_STEP][PASSED] - Statement - counter = counter + 1: null

2018-12-07 00:45:19 - [TEST_STEP][PASSED] - Statement - PreSaveFile = new java.io.File(((pathPrefix + java.lang.Integer.toString(counter)) + .png)): null

2018-12-07 00:45:19 - [TEST_STEP][PASSED] - Statement - counter = counter + 1: null

2018-12-07 00:45:19 - [TEST_STEP][PASSED] - Statement - PreSaveFile = new java.io.File(((pathPrefix + java.lang.Integer.toString(counter)) + .png)): null

2018-12-07 00:45:19 - [TEST_STEP][PASSED] - Statement - counter = counter + 1: null

2018-12-07 00:45:19 - [TEST_STEP][PASSED] - Statement - PreSaveFile = new java.io.File(((pathPrefix + java.lang.Integer.toString(counter)) + .png)): null

2018-12-07 00:45:19 - [TEST_STEP][PASSED] - Statement - counter = counter + 1: null

2018-12-07 00:45:19 - [TEST_STEP][PASSED] - Statement - PreSaveFile = new java.io.File(((pathPrefix + java.lang.Integer.toString(counter)) + .png)): null

2018-12-07 00:45:19 - [TEST_STEP][PASSED] - Statement - counter = counter + 1: null

2018-12-07 00:45:19 - [TEST_STEP][PASSED] - Statement - PreSaveFile = new java.io.File(((pathPrefix + java.lang.Integer.toString(counter)) + .png)): null

2018-12-07 00:45:19 - [TEST_STEP][PASSED] - Statement - counter = counter + 1: null

2018-12-07 00:45:19 - [TEST_STEP][PASSED] - Statement - PreSaveFile = new java.io.File(((pathPrefix + java.lang.Integer.toString(counter)) + .png)): null

2018-12-07 00:45:19 - [TEST_STEP][PASSED] - Statement - counter = counter + 1: null

2018-12-07 00:45:19 - [TEST_STEP][PASSED] - Statement - PreSaveFile = new java.io.File(((pathPrefix + java.lang.Integer.toString(counter)) + .png)): null

2018-12-07 00:45:19 - [TEST_STEP][PASSED] - Statement - counter = counter + 1: null

2018-12-07 00:45:19 - [TEST_STEP][PASSED] - Statement - PreSaveFile = new java.io.File(((pathPrefix + java.lang.Integer.toString(counter)) + .png)): null

2018-12-07 00:45:19 - [TEST_STEP][PASSED] - Statement - counter = counter + 1: null

2018-12-07 00:45:19 - [TEST_STEP][PASSED] - Statement - PreSaveFile = new java.io.File(((pathPrefix + java.lang.Integer.toString(counter)) + .png)): null

2018-12-07 00:45:19 - [TEST_STEP][PASSED] - Statement - counter = counter + 1: null

2018-12-07 00:45:19 - [TEST_STEP][PASSED] - Statement - PreSaveFile = new java.io.File(((pathPrefix + java.lang.Integer.toString(counter)) + .png)): null

2018-12-07 00:45:19 - [TEST_STEP][PASSED] - Statement - counter = counter + 1: null

2018-12-07 00:45:19 - [TEST_STEP][PASSED] - Statement - PreSaveFile = new java.io.File(((pathPrefix + java.lang.Integer.toString(counter)) + .png)): null

2018-12-07 00:45:19 - [TEST_STEP][PASSED] - Statement - counter = counter + 1: null

2018-12-07 00:45:19 - [TEST_STEP][PASSED] - Statement - PreSaveFile = new java.io.File(((pathPrefix + java.lang.Integer.toString(counter)) + .png)): null

2018-12-07 00:45:19 - [TEST_STEP][PASSED] - Statement - counter = counter + 1: null

2018-12-07 00:45:19 - [TEST_STEP][PASSED] - Statement - PreSaveFile = new java.io.File(((pathPrefix + java.lang.Integer.toString(counter)) + .png)): null

2018-12-07 00:45:19 - [TEST_STEP][PASSED] - Statement - counter = counter + 1: null

2018-12-07 00:45:19 - [TEST_STEP][PASSED] - Statement - PreSaveFile = new java.io.File(((pathPrefix + java.lang.Integer.toString(counter)) + .png)): null

2018-12-07 00:45:19 - [TEST_STEP][PASSED] - Statement - counter = counter + 1: null

2018-12-07 00:45:19 - [TEST_STEP][PASSED] - Statement - PreSaveFile = new java.io.File(((pathPrefix + java.lang.Integer.toString(counter)) + .png)): null

2018-12-07 00:45:19 - [TEST_STEP][PASSED] - Statement - counter = counter + 1: null

2018-12-07 00:45:19 - [TEST_STEP][PASSED] - Statement - PreSaveFile = new java.io.File(((pathPrefix + java.lang.Integer.toString(counter)) + .png)): null

2018-12-07 00:45:19 - [TEST_STEP][PASSED] - Statement - counter = counter + 1: null

2018-12-07 00:45:19 - [TEST_STEP][PASSED] - Statement - PreSaveFile = new java.io.File(((pathPrefix + java.lang.Integer.toString(counter)) + .png)): null

2018-12-07 00:45:19 - [TEST_STEP][PASSED] - Statement - counter = counter + 1: null

2018-12-07 00:45:19 - [TEST_STEP][PASSED] - Statement - PreSaveFile = new java.io.File(((pathPrefix + java.lang.Integer.toString(counter)) + .png)): null

2018-12-07 00:45:19 - [TEST_STEP][PASSED] - Statement - counter = counter + 1: null

2018-12-07 00:45:19 - [TEST_STEP][PASSED] - Statement - PreSaveFile = new java.io.File(((pathPrefix + java.lang.Integer.toString(counter)) + .png)): null

2018-12-07 00:45:19 - [TEST_STEP][PASSED] - Statement - counter = counter + 1: null

2018-12-07 00:45:19 - [TEST_STEP][PASSED] - Statement - PreSaveFile = new java.io.File(((pathPrefix + java.lang.Integer.toString(counter)) + .png)): null

2018-12-07 00:45:19 - [TEST_STEP][PASSED] - Statement - counter = counter + 1: null

2018-12-07 00:45:19 - [TEST_STEP][PASSED] - Statement - PreSaveFile = new java.io.File(((pathPrefix + java.lang.Integer.toString(counter)) + .png)): null

2018-12-07 00:45:19 - [TEST_STEP][PASSED] - Statement - counter = counter + 1: null

2018-12-07 00:45:19 - [TEST_STEP][PASSED] - Statement - PreSaveFile = new java.io.File(((pathPrefix + java.lang.Integer.toString(counter)) + .png)): null

2018-12-07 00:45:19 - [TEST_STEP][PASSED] - Statement - counter = counter + 1: null

2018-12-07 00:45:19 - [TEST_STEP][PASSED] - Statement - PreSaveFile = new java.io.File(((pathPrefix + java.lang.Integer.toString(counter)) + .png)): null

2018-12-07 00:45:19 - [TEST_STEP][PASSED] - Statement - counter = counter + 1: null

2018-12-07 00:45:19 - [TEST_STEP][PASSED] - Statement - PreSaveFile = new java.io.File(((pathPrefix + java.lang.Integer.toString(counter)) + .png)): null

2018-12-07 00:45:19 - [TEST_STEP][PASSED] - Statement - counter = counter + 1: null

2018-12-07 00:45:19 - [TEST_STEP][PASSED] - Statement - PreSaveFile = new java.io.File(((pathPrefix + java.lang.Integer.toString(counter)) + .png)): null

2018-12-07 00:45:19 - [TEST_STEP][PASSED] - Statement - counter = counter + 1: null

2018-12-07 00:45:19 - [TEST_STEP][PASSED] - Statement - PreSaveFile = new java.io.File(((pathPrefix + java.lang.Integer.toString(counter)) + .png)): null

2018-12-07 00:45:19 - [TEST_STEP][PASSED] - Statement - counter = counter + 1: null

2018-12-07 00:45:19 - [TEST_STEP][PASSED] - Statement - PreSaveFile = new java.io.File(((pathPrefix + java.lang.Integer.toString(counter)) + .png)): null

2018-12-07 00:45:19 - [TEST_STEP][PASSED] - Statement - counter = counter + 1: null

2018-12-07 00:45:19 - [TEST_STEP][PASSED] - Statement - PreSaveFile = new java.io.File(((pathPrefix + java.lang.Integer.toString(counter)) + .png)): null

2018-12-07 00:45:19 - [TEST_STEP][PASSED] - Statement - counter = counter + 1: null

2018-12-07 00:45:19 - [TEST_STEP][PASSED] - Statement - PreSaveFile = new java.io.File(((pathPrefix + java.lang.Integer.toString(counter)) + .png)): null

2018-12-07 00:45:19 - [TEST_STEP][PASSED] - Statement - counter = counter + 1: null

2018-12-07 00:45:19 - [TEST_STEP][PASSED] - Statement - PreSaveFile = new java.io.File(((pathPrefix + java.lang.Integer.toString(counter)) + .png)): null

2018-12-07 00:45:19 - [TEST_STEP][PASSED] - Statement - counter = counter + 1: null

2018-12-07 00:45:19 - [TEST_STEP][PASSED] - Statement - PreSaveFile = new java.io.File(((pathPrefix + java.lang.Integer.toString(counter)) + .png)): null

2018-12-07 00:45:19 - [TEST_STEP][PASSED] - Statement - counter = counter + 1: null

2018-12-07 00:45:19 - [TEST_STEP][PASSED] - Statement - PreSaveFile = new java.io.File(((pathPrefix + java.lang.Integer.toString(counter)) + .png)): null

2018-12-07 00:45:19 - [TEST_STEP][PASSED] - Statement - counter = counter + 1: null

2018-12-07 00:45:19 - [TEST_STEP][PASSED] - Statement - PreSaveFile = new java.io.File(((pathPrefix + java.lang.Integer.toString(counter)) + .png)): null

2018-12-07 00:45:19 - [TEST_STEP][PASSED] - Statement - counter = counter + 1: null

2018-12-07 00:45:19 - [TEST_STEP][PASSED] - Statement - PreSaveFile = new java.io.File(((pathPrefix + java.lang.Integer.toString(counter)) + .png)): null

2018-12-07 00:45:19 - [TEST_STEP][PASSED] - Statement - counter = counter + 1: null

2018-12-07 00:45:19 - [TEST_STEP][PASSED] - Statement - PreSaveFile = new java.io.File(((pathPrefix + java.lang.Integer.toString(counter)) + .png)): null

2018-12-07 00:45:19 - [TEST_STEP][PASSED] - Statement - counter = counter + 1: null

2018-12-07 00:45:19 - [TEST_STEP][PASSED] - Statement - PreSaveFile = new java.io.File(((pathPrefix + java.lang.Integer.toString(counter)) + .png)): null

2018-12-07 00:45:19 - [TEST_STEP][PASSED] - Statement - counter = counter + 1: null

2018-12-07 00:45:19 - [TEST_STEP][PASSED] - Statement - PreSaveFile = new java.io.File(((pathPrefix + java.lang.Integer.toString(counter)) + .png)): null

2018-12-07 00:45:19 - [TEST_STEP][PASSED] - Statement - counter = counter + 1: null

2018-12-07 00:45:19 - [TEST_STEP][PASSED] - Statement - PreSaveFile = new java.io.File(((pathPrefix + java.lang.Integer.toString(counter)) + .png)): null

2018-12-07 00:45:19 - [TEST_STEP][PASSED] - Statement - counter = counter + 1: null

2018-12-07 00:45:19 - [TEST_STEP][PASSED] - Statement - PreSaveFile = new java.io.File(((pathPrefix + java.lang.Integer.toString(counter)) + .png)): null

2018-12-07 00:45:19 - [TEST_STEP][PASSED] - Statement - counter = counter + 1: null

2018-12-07 00:45:19 - [TEST_STEP][PASSED] - Statement - PreSaveFile = new java.io.File(((pathPrefix + java.lang.Integer.toString(counter)) + .png)): null

2018-12-07 00:45:19 - [TEST_STEP][PASSED] - Statement - counter = counter + 1: null

2018-12-07 00:45:19 - [TEST_STEP][PASSED] - Statement - PreSaveFile = new java.io.File(((pathPrefix + java.lang.Integer.toString(counter)) + .png)): null

2018-12-07 00:45:19 - [TEST_STEP][PASSED] - Statement - counter = counter + 1: null

2018-12-07 00:45:19 - [TEST_STEP][PASSED] - Statement - PreSaveFile = new java.io.File(((pathPrefix + java.lang.Integer.toString(counter)) + .png)): null

2018-12-07 00:45:19 - [TEST_STEP][PASSED] - Statement - counter = counter + 1: null

2018-12-07 00:45:19 - [TEST_STEP][PASSED] - Statement - PreSaveFile = new java.io.File(((pathPrefix + java.lang.Integer.toString(counter)) + .png)): null

2018-12-07 00:45:19 - [TEST_STEP][PASSED] - Statement - counter = counter + 1: null

2018-12-07 00:45:19 - [TEST_STEP][PASSED] - Statement - PreSaveFile = new java.io.File(((pathPrefix + java.lang.Integer.toString(counter)) + .png)): null

2018-12-07 00:45:19 - [TEST_STEP][PASSED] - Statement - counter = counter + 1: null

2018-12-07 00:45:19 - [TEST_STEP][PASSED] - Statement - PreSaveFile = new java.io.File(((pathPrefix + java.lang.Integer.toString(counter)) + .png)): null

2018-12-07 00:45:19 - [TEST_STEP][PASSED] - Statement - counter = counter + 1: null

2018-12-07 00:45:19 - [TEST_STEP][PASSED] - Statement - PreSaveFile = new java.io.File(((pathPrefix + java.lang.Integer.toString(counter)) + .png)): null

2018-12-07 00:45:19 - [TEST_STEP][PASSED] - Statement - counter = counter + 1: null

2018-12-07 00:45:19 - [TEST_STEP][PASSED] - Statement - PreSaveFile = new java.io.File(((pathPrefix + java.lang.Integer.toString(counter)) + .png)): null

2018-12-07 00:45:19 - [TEST_STEP][PASSED] - Statement - counter = counter + 1: null

2018-12-07 00:45:19 - [TEST_STEP][PASSED] - Statement - PreSaveFile = new java.io.File(((pathPrefix + java.lang.Integer.toString(counter)) + .png)): null

2018-12-07 00:45:19 - [TEST_STEP][PASSED] - Statement - counter = counter + 1: null

2018-12-07 00:45:19 - [TEST_STEP][PASSED] - Statement - PreSaveFile = new java.io.File(((pathPrefix + java.lang.Integer.toString(counter)) + .png)): null

2018-12-07 00:45:19 - [TEST_STEP][PASSED] - Statement - counter = counter + 1: null

2018-12-07 00:45:19 - [TEST_STEP][PASSED] - Statement - PreSaveFile = new java.io.File(((pathPrefix + java.lang.Integer.toString(counter)) + .png)): null

2018-12-07 00:45:19 - [TEST_STEP][PASSED] - Statement - counter = counter + 1: null

2018-12-07 00:45:19 - [TEST_STEP][PASSED] - Statement - PreSaveFile = new java.io.File(((pathPrefix + java.lang.Integer.toString(counter)) + .png)): null

2018-12-07 00:45:19 - [TEST_STEP][PASSED] - Statement - counter = counter + 1: null

2018-12-07 00:45:19 - [TEST_STEP][PASSED] - Statement - PreSaveFile = new java.io.File(((pathPrefix + java.lang.Integer.toString(counter)) + .png)): null

2018-12-07 00:45:19 - [TEST_STEP][PASSED] - Statement - counter = counter + 1: null

2018-12-07 00:45:19 - [TEST_STEP][PASSED] - Statement - PreSaveFile = new java.io.File(((pathPrefix + java.lang.Integer.toString(counter)) + .png)): null

2018-12-07 00:45:19 - [TEST_STEP][PASSED] - Statement - counter = counter + 1: null

2018-12-07 00:45:19 - [TEST_STEP][PASSED] - Statement - PreSaveFile = new java.io.File(((pathPrefix + java.lang.Integer.toString(counter)) + .png)): null

2018-12-07 00:45:19 - [TEST_STEP][PASSED] - Statement - counter = counter + 1: null

2018-12-07 00:45:19 - [TEST_STEP][PASSED] - Statement - PreSaveFile = new java.io.File(((pathPrefix + java.lang.Integer.toString(counter)) + .png)): null

2018-12-07 00:45:19 - [TEST_STEP][PASSED] - Statement - counter = counter + 1: null

2018-12-07 00:45:19 - [TEST_STEP][PASSED] - Statement - PreSaveFile = new java.io.File(((pathPrefix + java.lang.Integer.toString(counter)) + .png)): null

2018-12-07 00:45:19 - [TEST_STEP][PASSED] - Statement - counter = counter + 1: null

2018-12-07 00:45:19 - [TEST_STEP][PASSED] - Statement - PreSaveFile = new java.io.File(((pathPrefix + java.lang.Integer.toString(counter)) + .png)): null

2018-12-07 00:45:19 - [TEST_STEP][PASSED] - Statement - counter = counter + 1: null

2018-12-07 00:45:19 - [TEST_STEP][PASSED] - Statement - PreSaveFile = new java.io.File(((pathPrefix + java.lang.Integer.toString(counter)) + .png)): null

2018-12-07 00:45:19 - [TEST_STEP][PASSED] - Statement - counter = counter + 1: null

2018-12-07 00:45:19 - [TEST_STEP][PASSED] - Statement - PreSaveFile = new java.io.File(((pathPrefix + java.lang.Integer.toString(counter)) + .png)): null

2018-12-07 00:45:19 - [TEST_STEP][PASSED] - Statement - counter = counter + 1: null

2018-12-07 00:45:19 - [TEST_STEP][PASSED] - Statement - PreSaveFile = new java.io.File(((pathPrefix + java.lang.Integer.toString(counter)) + .png)): null

2018-12-07 00:45:19 - [TEST_STEP][PASSED] - Statement - counter = counter + 1: null

2018-12-07 00:45:19 - [TEST_STEP][PASSED] - Statement - PreSaveFile = new java.io.File(((pathPrefix + java.lang.Integer.toString(counter)) + .png)): null

2018-12-07 00:45:19 - [TEST_STEP][PASSED] - Statement - counter = counter + 1: null

2018-12-07 00:45:19 - [TEST_STEP][PASSED] - Statement - PreSaveFile = new java.io.File(((pathPrefix + java.lang.Integer.toString(counter)) + .png)): null

2018-12-07 00:45:19 - [TEST_STEP][PASSED] - Statement - counter = counter + 1: null

2018-12-07 00:45:19 - [TEST_STEP][PASSED] - Statement - PreSaveFile = new java.io.File(((pathPrefix + java.lang.Integer.toString(counter)) + .png)): null

2018-12-07 00:45:19 - [TEST_STEP][PASSED] - Statement - finalPath = pathPrefix + java.lang.Integer.toString(counter) + ".png": null

2018-12-07 00:45:19 - [TEST_STEP][PASSED] - Statement - SaveFile = new java.io.File(finalPath): null

2018-12-07 00:45:19 - [TEST_STEP][PASSED] - Statement - Try: null

2018-12-07 00:45:19 - [TEST_STEP][PASSED] - Statement - org.apache.commons.io.FileUtils.copyFile(scrFile, SaveFile): null

2018-12-07 00:45:19 - [TEST_STEP][PASSED] - Statement - out.println("file kept"): null

2018-12-07 00:45:19 - [TEST_STEP][PASSED] - delay: Delayed 10 second(s)

2018-12-07 00:45:29 - [MESSAGE][PASSED] - Delayed 10 second(s)

2018-12-07 00:45:29 - [MESSAGE][PASSED] - Call Test Case 'Test Cases/Final Aug 2018 - PKS Automation/Common/Screenshoting tool' successfully

2018-12-07 00:45:29 - [TEST_STEP][PASSED] - callTestCase: Call Test Case 'Test Cases/Final Aug 2018 - PKS Automation/Registration Module/Log Out/log out avoiding katalon tagging' successfully

2018-12-07 00:45:29 - [TEST_CASE][PASSED] - Test Cases/Final Aug 2018 - PKS Automation/Registration Module/Log Out/log out avoiding katalon tagging: Test Cases/Final Aug 2018 - PKS Automation/Registration Module/Log Out/log out avoiding katalon tagging

2018-12-07 00:45:29 - [TEST_STEP][PASSED] - navigateToUrl: Navigate to 'https://assist2-uat.perkeso.gov.my/c/portal/logout' successfully

2018-12-07 00:45:30 - [MESSAGE][PASSED] - Navigate to 'https://assist2-uat.perkeso.gov.my/c/portal/logout' successfully

2018-12-07 00:45:30 - [MESSAGE][PASSED] - Call Test Case 'Test Cases/Final Aug 2018 - PKS Automation/Registration Module/Log Out/log out avoiding katalon tagging' successfully

2018-12-07 00:45:30 - [TEST_STEP][PASSED] - delay: Delayed 4 second(s)

2018-12-07 00:45:34 - [MESSAGE][PASSED] - Delayed 4 second(s)

2018-12-07 00:45:34 - [TEST_STEP][PASSED] - setText: Text 'klpkrbo2@gmail.com' is set on object 'Object Repository/Final Object Repo/Login Page/Internal User/Email Address'

2018-12-07 00:45:34 - [MESSAGE][PASSED] - Text 'klpkrbo2@gmail.com' is set on object 'Object Repository/Final Object Repo/Login Page/Internal User/Email Address'

2018-12-07 00:45:34 - [TEST_STEP][PASSED] - click: Object: 'Object Repository/Final Object Repo/Login Page/Internal User/Next Button' is clicked on

2018-12-07 00:45:34 - [MESSAGE][PASSED] - Object: 'Object Repository/Final Object Repo/Login Page/Internal User/Next Button' is clicked on

2018-12-07 00:45:34 - [TEST_STEP][PASSED] - delay: Delayed 2 second(s)

2018-12-07 00:45:36 - [MESSAGE][PASSED] - Delayed 2 second(s)

2018-12-07 00:45:36 - [TEST_STEP][PASSED] - setText: Text 'Test1@3456789' is set on object 'Object Repository/Final Object Repo/Login Page/Internal User/Password'

2018-12-07 00:45:37 - [MESSAGE][PASSED] - Text 'Test1@3456789' is set on object 'Object Repository/Final Object Repo/Login Page/Internal User/Password'

2018-12-07 00:45:37 - [TEST_STEP][PASSED] - delay: Delayed 2 second(s)

2018-12-07 00:45:39 - [MESSAGE][PASSED] - Delayed 2 second(s)

2018-12-07 00:45:39 - [TEST_STEP][PASSED] - click: Object: 'Object Repository/Final Object Repo/Login Page/Internal User/Login Button' is clicked on

2018-12-07 00:45:39 - [MESSAGE][PASSED] - Object: 'Object Repository/Final Object Repo/Login Page/Internal User/Login Button' is clicked on

2018-12-07 00:45:39 - [TEST_STEP][PASSED] - delay: Delayed 4 second(s)

2018-12-07 00:45:43 - [MESSAGE][PASSED] - Delayed 4 second(s)

2018-12-07 00:45:43 - [TEST_STEP][PASSED] - Statement - Try: Delayed 2 second(s)

2018-12-07 00:45:43 - [TEST_STEP][PASSED] - Statement - Checker = false: null

2018-12-07 00:45:43 - [TEST_STEP][PASSED] - Statement - Checker = com.kms.katalon.core.webui.keyword.WebUiBuiltInKeywords.verifyElementHasAttribute(com.kms.katalon.core.testobject.ObjectRepository.findTestObject(Final Object Repo/Landing Page/BM Detecting), "href", 20, OPTIONAL): Object 'Object Repository/Final Object Repo/Landing Page/BM Detecting' has attribute 'href'

2018-12-07 00:45:43 - [MESSAGE][PASSED] - Object 'Object Repository/Final Object Repo/Landing Page/BM Detecting' has attribute 'href'

2018-12-07 00:45:43 - [TEST_STEP][PASSED] - Statement - out.println(Checker): null

2018-12-07 00:45:43 - [TEST_STEP][PASSED] - Statement - If (Checker == false): null

2018-12-07 00:45:43 - [TEST_STEP][PASSED] - Statement - Else: null

2018-12-07 00:45:43 - [TEST_STEP][PASSED] - delay: Delayed 2 second(s)

2018-12-07 00:45:45 - [MESSAGE][PASSED] - Delayed 2 second(s)

2018-12-07 00:45:45 - [TEST_STEP][PASSED] - delay: Delayed 4 second(s)

2018-12-07 00:45:49 - [MESSAGE][PASSED] - Delayed 4 second(s)

2018-12-07 00:45:49 - [TEST_STEP][PASSED] - click: Object: 'Object Repository/Final Object Repo/Landing Page/My Sites Drop Down' is clicked on

2018-12-07 00:45:49 - [MESSAGE][PASSED] - Object: 'Object Repository/Final Object Repo/Landing Page/My Sites Drop Down' is clicked on

2018-12-07 00:45:49 - [TEST_STEP][PASSED] - click: Object: 'Object Repository/Final Object Repo/Landing Page/Select to Registration Module' is clicked on

2018-12-07 00:45:50 - [MESSAGE][PASSED] - Object: 'Object Repository/Final Object Repo/Landing Page/Select to Registration Module' is clicked on

2018-12-07 00:45:50 - [TEST_STEP][PASSED] - delay: Delayed 2 second(s)

2018-12-07 00:45:52 - [MESSAGE][PASSED] - Delayed 2 second(s)

2018-12-07 00:45:52 - [TEST_STEP][PASSED] - mouseOver: Object: 'Object Repository/Final Object Repo/Page_Update Add New Employee - ASSIST/Hover Over Search Drop Down' is hovered

2018-12-07 00:45:52 - [MESSAGE][PASSED] - Object: 'Object Repository/Final Object Repo/Page_Update Add New Employee - ASSIST/Hover Over Search Drop Down' is hovered

2018-12-07 00:45:52 - [TEST_STEP][PASSED] - click: Object: 'Object Repository/Final Object Repo/Page_Update Add New Employee - ASSIST/Select Search Pending Case' is clicked on

2018-12-07 00:45:53 - [MESSAGE][PASSED] - Object: 'Object Repository/Final Object Repo/Page_Update Add New Employee - ASSIST/Select Search Pending Case' is clicked on

2018-12-07 00:45:53 - [TEST_STEP][PASSED] - click: Object: 'Object Repository/Final Object Repo/Page_Update Add New Employee - ASSIST/Select Searching Method (Employer Code)' is clicked on

2018-12-07 00:45:53 - [MESSAGE][PASSED] - Object: 'Object Repository/Final Object Repo/Page_Update Add New Employee - ASSIST/Select Searching Method (Employer Code)' is clicked on

2018-12-07 00:45:53 - [TEST_STEP][PASSED] - click: Object: 'Object Repository/Final Object Repo/Page_Update Add New Employee - ASSIST/Select Searching Method to Reference ID' is clicked on

2018-12-07 00:45:53 - [MESSAGE][PASSED] - Object: 'Object Repository/Final Object Repo/Page_Update Add New Employee - ASSIST/Select Searching Method to Reference ID' is clicked on

2018-12-07 00:45:53 - [TEST_STEP][PASSED] - setText: Text 'CAN12201800002273' is set on object 'Object Repository/Final Object Repo/Page_Update Add New Employee - ASSIST/Pending Case Ref NO'

2018-12-07 00:45:53 - [MESSAGE][PASSED] - Text 'CAN12201800002273' is set on object 'Object Repository/Final Object Repo/Page_Update Add New Employee - ASSIST/Pending Case Ref NO'

2018-12-07 00:45:53 - [TEST_STEP][PASSED] - click: Object: 'Object Repository/Final Object Repo/Page_Update Add New Employee - ASSIST/Search Pending Case Based on Ref No' is clicked on

2018-12-07 00:45:54 - [MESSAGE][PASSED] - Object: 'Object Repository/Final Object Repo/Page_Update Add New Employee - ASSIST/Search Pending Case Based on Ref No' is clicked on

2018-12-07 00:45:54 - [TEST_STEP][PASSED] - click: Object: 'Object Repository/Final Object Repo/Page_Update Add New Employee - ASSIST/Action Button after found case' is clicked on

2018-12-07 00:45:57 - [MESSAGE][PASSED] - Object: 'Object Repository/Final Object Repo/Page_Update Add New Employee - ASSIST/Action Button after found case' is clicked on

2018-12-07 00:45:57 - [TEST_STEP][PASSED] - click: Object: 'Object Repository/Final Object Repo/Page_Update Add New Employee - ASSIST/Next Button in Pending Case First Page' is clicked on

2018-12-07 00:45:59 - [MESSAGE][PASSED] - Object: 'Object Repository/Final Object Repo/Page_Update Add New Employee - ASSIST/Next Button in Pending Case First Page' is clicked on

2018-12-07 00:45:59 - [TEST_STEP][PASSED] - click: Object: 'Object Repository/Final Object Repo/Page_Update Add New Employee - ASSIST/Next Button in Third Screen' is clicked on

2018-12-07 00:46:02 - [MESSAGE][PASSED] - Object: 'Object Repository/Final Object Repo/Page_Update Add New Employee - ASSIST/Next Button in Third Screen' is clicked on

2018-12-07 00:46:02 - [TEST_STEP][PASSED] - click: Object: 'Object Repository/Final Object Repo/Page_Update Add New Employee - ASSIST/Add Document for Pending Case' is clicked on

2018-12-07 00:46:02 - [MESSAGE][PASSED] - Object: 'Object Repository/Final Object Repo/Page_Update Add New Employee - ASSIST/Add Document for Pending Case' is clicked on

2018-12-07 00:46:02 - [TEST_STEP][PASSED] - delay: Delayed 10 second(s)

2018-12-07 00:46:12 - [MESSAGE][PASSED] - Delayed 10 second(s)

2018-12-07 00:46:12 - [TEST_STEP][PASSED] - click: Object: 'Object Repository/Final Object Repo/Page_Update Add New Employee - ASSIST/Upload Pending Doc - Please Select' is clicked on

2018-12-07 00:46:12 - [MESSAGE][PASSED] - Object: 'Object Repository/Final Object Repo/Page_Update Add New Employee - ASSIST/Upload Pending Doc - Please Select' is clicked on

2018-12-07 00:46:12 - [TEST_STEP][PASSED] - click: Object: 'Object Repository/Final Object Repo/Page_Update Add New Employee - ASSIST/Select to Others to Upload' is clicked on

2018-12-07 00:46:12 - [MESSAGE][PASSED] - Object: 'Object Repository/Final Object Repo/Page_Update Add New Employee - ASSIST/Select to Others to Upload' is clicked on

2018-12-07 00:46:12 - [TEST_STEP][PASSED] - uploadFile: File 'C:\Users\Public\Pictures\Sample Pictures\Koala.jpg' sent to object: 'Object Repository/Final Object Repo/Page_Update Add New Employee - ASSIST/Uploading Pending Case Action'

2018-12-07 00:46:12 - [MESSAGE][PASSED] - File 'C:\Users\Public\Pictures\Sample Pictures\Koala.jpg' sent to object: 'Object Repository/Final Object Repo/Page_Update Add New Employee - ASSIST/Uploading Pending Case Action'

2018-12-07 00:46:12 - [TEST_STEP][PASSED] - click: Object: 'Object Repository/Final Object Repo/Page_Update Add New Employee - ASSIST/Inner form Add Document Button Pending Case' is clicked on

2018-12-07 00:46:13 - [MESSAGE][PASSED] - Object: 'Object Repository/Final Object Repo/Page_Update Add New Employee - ASSIST/Inner form Add Document Button Pending Case' is clicked on

2018-12-07 00:46:13 - [TEST_STEP][PASSED] - delay: Delayed 2 second(s)

2018-12-07 00:46:15 - [MESSAGE][PASSED] - Delayed 2 second(s)

2018-12-07 00:46:15 - [TEST_STEP][PASSED] - click: Object: 'Object Repository/Final Object Repo/Page_Update Add New Employee - ASSIST/Pending Case Exit' is clicked on

2018-12-07 00:46:17 - [MESSAGE][PASSED] - Object: 'Object Repository/Final Object Repo/Page_Update Add New Employee - ASSIST/Pending Case Exit' is clicked on

2018-12-07 00:46:17 - [TEST_STEP][PASSED] - callTestCase: Call Test Case 'Test Cases/Final Aug 2018 - PKS Automation/Registration Module/Log Out/log out avoiding katalon tagging' successfully

2018-12-07 00:46:17 - [TEST_CASE][PASSED] - Test Cases/Final Aug 2018 - PKS Automation/Registration Module/Log Out/log out avoiding katalon tagging: Test Cases/Final Aug 2018 - PKS Automation/Registration Module/Log Out/log out avoiding katalon tagging

2018-12-07 00:46:17 - [TEST_STEP][PASSED] - navigateToUrl: Navigate to 'https://assist2-uat.perkeso.gov.my/c/portal/logout' successfully

2018-12-07 00:46:18 - [MESSAGE][PASSED] - Navigate to 'https://assist2-uat.perkeso.gov.my/c/portal/logout' successfully

2018-12-07 00:46:18 - [MESSAGE][PASSED] - Call Test Case 'Test Cases/Final Aug 2018 - PKS Automation/Registration Module/Log Out/log out avoiding katalon tagging' successfully

2018-12-07 00:46:18 - [TEST_STEP][PASSED] - callTestCase: Call Test Case 'Test Cases/Final Aug 2018 - PKS Automation/Common/Workflow Owner Finder' successfully

2018-12-07 00:46:18 - [TEST_CASE][PASSED] - Test Cases/Final Aug 2018 - PKS Automation/Common/Workflow Owner Finder: Test Cases/Final Aug 2018 - PKS Automation/Common/Workflow Owner Finder

2018-12-07 00:46:18 - [TEST_STEP][PASSED] - openBrowser: Browser is opened with url: ''

2018-12-07 00:46:18 - [MESSAGE][WARNING] - A browser is already opened. Closing browser and opening a new one

2018-12-07 00:46:22 - [MESSAGE][PASSED] - Browser is opened with url: ''

2018-12-07 00:46:22 - [TEST_STEP][PASSED] - navigateToUrl: Navigate to 'https://assist2-uat.perkeso.gov.my/login' successfully

2018-12-07 00:46:23 - [MESSAGE][PASSED] - Navigate to 'https://assist2-uat.perkeso.gov.my/login' successfully

2018-12-07 00:46:23 - [TEST_STEP][PASSED] - delay: Delayed 5 second(s)

2018-12-07 00:46:28 - [MESSAGE][PASSED] - Delayed 5 second(s)

2018-12-07 00:46:28 - [TEST_STEP][PASSED] - setText: Text 'test@liferay.com' is set on object 'Object Repository/Final Object Repo/Login Page/Internal User/Email Address'

2018-12-07 00:46:28 - [MESSAGE][PASSED] - Text 'test@liferay.com' is set on object 'Object Repository/Final Object Repo/Login Page/Internal User/Email Address'

2018-12-07 00:46:28 - [TEST_STEP][PASSED] - click: Object: 'Object Repository/Final Object Repo/Login Page/Internal User/Next Button' is clicked on

2018-12-07 00:46:29 - [MESSAGE][PASSED] - Object: 'Object Repository/Final Object Repo/Login Page/Internal User/Next Button' is clicked on

2018-12-07 00:46:29 - [TEST_STEP][PASSED] - delay: Delayed 2 second(s)

2018-12-07 00:46:31 - [MESSAGE][PASSED] - Delayed 2 second(s)

2018-12-07 00:46:31 - [TEST_STEP][PASSED] - setText: Text 'test' is set on object 'Object Repository/Final Object Repo/Login Page/Internal User/Password'

2018-12-07 00:46:31 - [MESSAGE][PASSED] - Text 'test' is set on object 'Object Repository/Final Object Repo/Login Page/Internal User/Password'

2018-12-07 00:46:31 - [TEST_STEP][PASSED] - delay: Delayed 2 second(s)

2018-12-07 00:46:33 - [MESSAGE][PASSED] - Delayed 2 second(s)

2018-12-07 00:46:33 - [TEST_STEP][PASSED] - click: Object: 'Object Repository/Final Object Repo/Login Page/Internal User/Login Button' is clicked on

2018-12-07 00:46:33 - [MESSAGE][PASSED] - Object: 'Object Repository/Final Object Repo/Login Page/Internal User/Login Button' is clicked on

2018-12-07 00:46:33 - [TEST_STEP][PASSED] - Statement - tester = com.kms.katalon.core.testobject.ObjectRepository.findTestObject(Final Object Repo/Landing Page/Select to English): Finding Test Object with id 'Object Repository/Final Object Repo/Landing Page/Select to English'

2018-12-07 00:46:33 - [TEST_STEP][PASSED] - Statement - Try: Delayed 2 second(s)

2018-12-07 00:46:33 - [TEST_STEP][PASSED] - Statement - Checker = com.kms.katalon.core.webui.keyword.WebUiBuiltInKeywords.verifyElementNotPresent(tester, 3): Web element with id: 'Object Repository/Final Object Repo/Landing Page/Select to English' located by 'By.xpath: //a[@class = 'taglib-language-list-text' and @lang = 'en-US' and (contains(text(), 'EN') or contains(., 'EN'))]' is not present after '3' second(s)

2018-12-07 00:46:35 - [MESSAGE][PASSED] - Web element with id: 'Object Repository/Final Object Repo/Landing Page/Select to English' located by 'By.xpath: //a[@class = 'taglib-language-list-text' and @lang = 'en-US' and (contains(text(), 'EN') or contains(., 'EN'))]' is not present after '3' second(s)

2018-12-07 00:46:35 - [TEST_STEP][PASSED] - Statement - If (Checker == false): null

2018-12-07 00:46:35 - [TEST_STEP][PASSED] - delay: Delayed 2 second(s)

2018-12-07 00:46:37 - [MESSAGE][PASSED] - Delayed 2 second(s)

2018-12-07 00:46:37 - [TEST_STEP][PASSED] - delay: Delayed 5 second(s)

2018-12-07 00:46:42 - [MESSAGE][PASSED] - Delayed 5 second(s)

2018-12-07 00:46:42 - [TEST_STEP][PASSED] - mouseOver: Object: 'Object Repository/Final Object Repo/Landing Page/WorkFlow Menu' is hovered

2018-12-07 00:46:42 - [MESSAGE][PASSED] - Object: 'Object Repository/Final Object Repo/Landing Page/WorkFlow Menu' is hovered

2018-12-07 00:46:42 - [TEST_STEP][PASSED] - delay: Delayed 2 second(s)

2018-12-07 00:46:44 - [MESSAGE][PASSED] - Delayed 2 second(s)

2018-12-07 00:46:44 - [TEST_STEP][PASSED] - click: Object: 'Object Repository/Final Object Repo/Landing Page/Select to Workflow Listing' is clicked on

2018-12-07 00:46:45 - [MESSAGE][PASSED] - Object: 'Object Repository/Final Object Repo/Landing Page/Select to Workflow Listing' is clicked on

2018-12-07 00:46:45 - [TEST_STEP][PASSED] - delay: Delayed 2 second(s)

2018-12-07 00:46:47 - [MESSAGE][PASSED] - Delayed 2 second(s)

2018-12-07 00:46:47 - [TEST_STEP][PASSED] - click: Object: 'Object Repository/Final Object Repo/WorkFlow Listing Page/Search Information - To Put Ref No' is clicked on

2018-12-07 00:46:47 - [MESSAGE][PASSED] - Object: 'Object Repository/Final Object Repo/WorkFlow Listing Page/Search Information - To Put Ref No' is clicked on

2018-12-07 00:46:47 - [TEST_STEP][PASSED] - delay: Delayed 2 second(s)

2018-12-07 00:46:49 - [MESSAGE][PASSED] - Delayed 2 second(s)

2018-12-07 00:46:49 - [TEST_STEP][PASSED] - callTestCase: Call Test Case 'Test Cases/Final Aug 2018 - PKS Automation/Common/Reference Number Getter' successfully

2018-12-07 00:46:49 - [TEST_CASE][PASSED] - Test Cases/Final Aug 2018 - PKS Automation/Common/Reference Number Getter: Test Cases/Final Aug 2018 - PKS Automation/Common/Reference Number Getter

2018-12-07 00:46:49 - [TEST_STEP][PASSED] - Statement - Try: null

2018-12-07 00:46:49 - [TEST_STEP][PASSED] - Statement - RefNo = new java.io.File(C://Users//Admin//Desktop//PKS//Automation Reference Point//KatalonReference.txt): null

2018-12-07 00:46:49 - [TEST_STEP][PASSED] - Statement - bufferread = new java.io.BufferedReader(new java.io.FileReader(RefNo)): null

2018-12-07 00:46:49 - [TEST_STEP][PASSED] - Statement - readedVal = bufferread.readLine(): null

2018-12-07 00:46:49 - [TEST_STEP][PASSED] - Statement - out.println(CaseReferenceNo): null

2018-12-07 00:46:49 - [TEST_STEP][PASSED] - Statement - out.println(readedVal): null

2018-12-07 00:46:49 - [TEST_STEP][PASSED] - Statement - CaseReferenceNo = "": null

2018-12-07 00:46:49 - [TEST_STEP][PASSED] - Statement - CaseReferenceNo = readedVal: null

2018-12-07 00:46:49 - [MESSAGE][PASSED] - Call Test Case 'Test Cases/Final Aug 2018 - PKS Automation/Common/Reference Number Getter' successfully

2018-12-07 00:46:49 - [TEST_STEP][PASSED] - setText: Text 'CAN12201800002273' is set on object 'Object Repository/Final Object Repo/WorkFlow Listing Page/Ref No Set Text'

2018-12-07 00:46:50 - [MESSAGE][PASSED] - Text 'CAN12201800002273' is set on object 'Object Repository/Final Object Repo/WorkFlow Listing Page/Ref No Set Text'

2018-12-07 00:46:50 - [TEST_STEP][PASSED] - delay: Delayed 2 second(s)

2018-12-07 00:46:52 - [MESSAGE][PASSED] - Delayed 2 second(s)

2018-12-07 00:46:52 - [TEST_STEP][PASSED] - click: Object: 'Object Repository/Final Object Repo/WorkFlow Listing Page/Search Ref No Search Button' is clicked on

2018-12-07 00:46:52 - [MESSAGE][PASSED] - Object: 'Object Repository/Final Object Repo/WorkFlow Listing Page/Search Ref No Search Button' is clicked on

2018-12-07 00:46:52 - [TEST_STEP][PASSED] - delay: Delayed 6 second(s)

2018-12-07 00:46:58 - [MESSAGE][PASSED] - Delayed 6 second(s)

2018-12-07 00:46:58 - [TEST_STEP][PASSED] - click: Object: 'Object Repository/Final Object Repo/WorkFlow Listing Page/Click Continue Tooltip' is clicked on

2018-12-07 00:46:59 - [MESSAGE][PASSED] - Object: 'Object Repository/Final Object Repo/WorkFlow Listing Page/Click Continue Tooltip' is clicked on

2018-12-07 00:46:59 - [TEST_STEP][PASSED] - delay: Delayed 5 second(s)

2018-12-07 00:47:04 - [MESSAGE][PASSED] - Delayed 5 second(s)

2018-12-07 00:47:04 - [TEST_STEP][PASSED] - doubleClick: Object: 'Object Repository/Final Object Repo/WorkFlow Listing Page/Workflow Found - Listing 1' is double clicked on

2018-12-07 00:47:04 - [MESSAGE][PASSED] - Object: 'Object Repository/Final Object Repo/WorkFlow Listing Page/Workflow Found - Listing 1' is double clicked on

2018-12-07 00:47:04 - [TEST_STEP][PASSED] - Statement - println(OwnerID): null

2018-12-07 00:47:04 - [TEST_STEP][PASSED] - Statement - OwnerID = com.kms.katalon.core.webui.keyword.WebUiBuiltInKeywords.getText(com.kms.katalon.core.testobject.ObjectRepository.findTestObject(Final Object Repo/WorkFlow Listing Page/Workflow Found - Listing 1), STOP_ON_FAILURE): Text of object 'Object Repository/Final Object Repo/WorkFlow Listing Page/Workflow Found - Listing 1' is: 'JOHORro2'

2018-12-07 00:47:04 - [MESSAGE][PASSED] - Text of object 'Object Repository/Final Object Repo/WorkFlow Listing Page/Workflow Found - Listing 1' is: 'JOHORro2'

2018-12-07 00:47:04 - [TEST_STEP][PASSED] - Statement - OwnerID = OwnerID.toLowerCase() + "@gmail.com": null

2018-12-07 00:47:04 - [TEST_STEP][PASSED] - Statement - println(OwnerID): null

2018-12-07 00:47:04 - [TEST_STEP][PASSED] - delay: Delayed 2 second(s)

2018-12-07 00:47:06 - [MESSAGE][PASSED] - Delayed 2 second(s)

2018-12-07 00:47:06 - [MESSAGE][PASSED] - Call Test Case 'Test Cases/Final Aug 2018 - PKS Automation/Common/Workflow Owner Finder' successfully

2018-12-07 00:47:06 - [TEST_STEP][PASSED] - callTestCase: Call Test Case 'Test Cases/Final Aug 2018 - PKS Automation/Registration Module/Log Out/log out avoiding katalon tagging' successfully

2018-12-07 00:47:06 - [TEST_CASE][PASSED] - Test Cases/Final Aug 2018 - PKS Automation/Registration Module/Log Out/log out avoiding katalon tagging: Test Cases/Final Aug 2018 - PKS Automation/Registration Module/Log Out/log out avoiding katalon tagging

2018-12-07 00:47:06 - [TEST_STEP][PASSED] - navigateToUrl: Navigate to 'https://assist2-uat.perkeso.gov.my/c/portal/logout' successfully

2018-12-07 00:47:07 - [MESSAGE][PASSED] - Navigate to 'https://assist2-uat.perkeso.gov.my/c/portal/logout' successfully

2018-12-07 00:47:07 - [MESSAGE][PASSED] - Call Test Case 'Test Cases/Final Aug 2018 - PKS Automation/Registration Module/Log Out/log out avoiding katalon tagging' successfully

2018-12-07 00:47:07 - [TEST_STEP][PASSED] - delay: Delayed 2 second(s)

2018-12-07 00:47:09 - [MESSAGE][PASSED] - Delayed 2 second(s)

2018-12-07 00:47:09 - [TEST_STEP][PASSED] - setText: Text 'johorro2@gmail.com' is set on object 'Object Repository/Final Object Repo/Page_Update Add New Employee - ASSIST/Email TextBox'

2018-12-07 00:47:09 - [MESSAGE][PASSED] - Text 'johorro2@gmail.com' is set on object 'Object Repository/Final Object Repo/Page_Update Add New Employee - ASSIST/Email TextBox'

2018-12-07 00:47:09 - [TEST_STEP][PASSED] - click: Object: 'Object Repository/Final Object Repo/Page_Update Add New Employee - ASSIST/Next Button' is clicked on

2018-12-07 00:47:09 - [MESSAGE][PASSED] - Object: 'Object Repository/Final Object Repo/Page_Update Add New Employee - ASSIST/Next Button' is clicked on

2018-12-07 00:47:09 - [TEST_STEP][PASSED] - delay: Delayed 2 second(s)

2018-12-07 00:47:11 - [MESSAGE][PASSED] - Delayed 2 second(s)

2018-12-07 00:47:11 - [TEST_STEP][PASSED] - setText: Text 'Test1@3456789' is set on object 'Object Repository/Final Object Repo/Page_Update Add New Employee - ASSIST/Password TextBox'

2018-12-07 00:47:12 - [MESSAGE][PASSED] - Text 'Test1@3456789' is set on object 'Object Repository/Final Object Repo/Page_Update Add New Employee - ASSIST/Password TextBox'

2018-12-07 00:47:12 - [TEST_STEP][PASSED] - delay: Delayed 2 second(s)

2018-12-07 00:47:14 - [MESSAGE][PASSED] - Delayed 2 second(s)

2018-12-07 00:47:14 - [TEST_STEP][PASSED] - click: Object: 'Object Repository/Final Object Repo/Page_Update Add New Employee - ASSIST/Login Button' is clicked on

2018-12-07 00:47:14 - [MESSAGE][PASSED] - Object: 'Object Repository/Final Object Repo/Page_Update Add New Employee - ASSIST/Login Button' is clicked on

2018-12-07 00:47:14 - [TEST_STEP][PASSED] - delay: Delayed 4 second(s)

2018-12-07 00:47:18 - [MESSAGE][PASSED] - Delayed 4 second(s)

2018-12-07 00:47:18 - [TEST_STEP][PASSED] - Statement - Try: Delayed 2 second(s)

2018-12-07 00:47:18 - [TEST_STEP][PASSED] - Statement - Checker = false: null

2018-12-07 00:47:18 - [TEST_STEP][PASSED] - Statement - Checker = com.kms.katalon.core.webui.keyword.WebUiBuiltInKeywords.verifyElementHasAttribute(com.kms.katalon.core.testobject.ObjectRepository.findTestObject(Final Object Repo/Landing Page/BM Detecting), "href", 20, OPTIONAL): Object 'Object Repository/Final Object Repo/Landing Page/BM Detecting' has attribute 'href'

2018-12-07 00:47:18 - [MESSAGE][PASSED] - Object 'Object Repository/Final Object Repo/Landing Page/BM Detecting' has attribute 'href'

2018-12-07 00:47:18 - [TEST_STEP][PASSED] - Statement - out.println(Checker): null

2018-12-07 00:47:18 - [TEST_STEP][PASSED] - Statement - If (Checker == false): null

2018-12-07 00:47:18 - [TEST_STEP][PASSED] - Statement - Else: null

2018-12-07 00:47:18 - [TEST_STEP][PASSED] - delay: Delayed 2 second(s)

2018-12-07 00:47:20 - [MESSAGE][PASSED] - Delayed 2 second(s)

2018-12-07 00:47:20 - [TEST_STEP][PASSED] - delay: Delayed 4 second(s)

2018-12-07 00:47:24 - [MESSAGE][PASSED] - Delayed 4 second(s)

2018-12-07 00:47:24 - [TEST_STEP][PASSED] - click: Object: 'Object Repository/Final Object Repo/New Registration - Registration Module Pages/New Reg - OTC to RO/Special Case - All Related Objects/Expand to Search' is clicked on

2018-12-07 00:47:24 - [MESSAGE][PASSED] - Object: 'Object Repository/Final Object Repo/New Registration - Registration Module Pages/New Reg - OTC to RO/Special Case - All Related Objects/Expand to Search' is clicked on

2018-12-07 00:47:24 - [TEST_STEP][FAILED] - setText: Unable to set text 'CAN12201800002273' of object 'Object Repository/Final Object Repo/New Registration - Registration Module Pages/New Reg - OTC to RO/Special Case - All Related Objects/TextBox RefNo in Workbasket' (Root cause: org.openqa.selenium.ElementNotVisibleException: element not interactable
  (Session info: chrome=70.0.3538.110)
  (Driver info: chromedriver=2.43.600210 (68dcf5eebde37173d4027fa8635e332711d2874a),platform=Windows NT 6.1.7601 SP1 x86_64) (WARNING: The server did not provide any stacktrace information)
Command duration or timeout: 0 milliseconds
Build info: version: '3.7.1', revision: '8a0099a', time: '2017-11-06T21:07:36.161Z'
System info: host: 'WIN7TEST02', ip: '10.20.3.72', os.name: 'Windows 7', os.arch: 'amd64', os.version: '6.1', java.version: '1.8.0_181'
Driver info: com.kms.katalon.selenium.driver.CChromeDriver
Capabilities {acceptInsecureCerts: false, acceptSslCerts: false, applicationCacheEnabled: false, browserConnectionEnabled: false, browserName: chrome, chrome: {chromedriverVersion: 2.43.600210 (68dcf5eebde371..., userDataDir: C:\Users\Admin\AppData\Loca...}, cssSelectorsEnabled: true, databaseEnabled: false, goog:chromeOptions: {debuggerAddress: localhost:63240}, handlesAlerts: true, hasTouchScreen: false, javascriptEnabled: true, locationContextEnabled: true, mobileEmulationEnabled: false, nativeEvents: true, networkConnectionEnabled: false, pageLoadStrategy: normal, platform: XP, platformName: XP, rotatable: false, setWindowRect: true, takesHeapSnapshot: true, takesScreenshot: true, unexpectedAlertBehaviour: , unhandledPromptBehavior: , version: 70.0.3538.110, webStorageEnabled: true}
Session ID: ad94a535e906d3b9f586d86a4e190318)

2018-12-07 00:47:25 - [MESSAGE][FAILED] - Unable to set text 'CAN12201800002273' of object 'Object Repository/Final Object Repo/New Registration - Registration Module Pages/New Reg - OTC to RO/Special Case - All Related Objects/TextBox RefNo in Workbasket' (Root cause: org.openqa.selenium.ElementNotVisibleException: element not interactable
  (Session info: chrome=70.0.3538.110)
  (Driver info: chromedriver=2.43.600210 (68dcf5eebde37173d4027fa8635e332711d2874a),platform=Windows NT 6.1.7601 SP1 x86_64) (WARNING: The server did not provide any stacktrace information)
Command duration or timeout: 0 milliseconds
Build info: version: '3.7.1', revision: '8a0099a', time: '2017-11-06T21:07:36.161Z'
System info: host: 'WIN7TEST02', ip: '10.20.3.72', os.name: 'Windows 7', os.arch: 'amd64', os.version: '6.1', java.version: '1.8.0_181'
Driver info: com.kms.katalon.selenium.driver.CChromeDriver
Capabilities {acceptInsecureCerts: false, acceptSslCerts: false, applicationCacheEnabled: false, browserConnectionEnabled: false, browserName: chrome, chrome: {chromedriverVersion: 2.43.600210 (68dcf5eebde371..., userDataDir: C:\Users\Admin\AppData\Loca...}, cssSelectorsEnabled: true, databaseEnabled: false, goog:chromeOptions: {debuggerAddress: localhost:63240}, handlesAlerts: true, hasTouchScreen: false, javascriptEnabled: true, locationContextEnabled: true, mobileEmulationEnabled: false, nativeEvents: true, networkConnectionEnabled: false, pageLoadStrategy: normal, platform: XP, platformName: XP, rotatable: false, setWindowRect: true, takesHeapSnapshot: true, takesScreenshot: true, unexpectedAlertBehaviour: , unhandledPromptBehavior: , version: 70.0.3538.110, webStorageEnabled: true}
Session ID: ad94a535e906d3b9f586d86a4e190318)
[[ATTACHMENT|C:\\Users\\Admin\\Desktop\\PKS\\Perkeso Phase A\\Reports\\Workflow\\Update Add New Employee\\20181206_171415\\1544114844669.png]]

2018-12-07 00:47:25 - [TEST_STEP][PASSED] - delay: Delayed 2 second(s)

2018-12-07 00:47:27 - [MESSAGE][PASSED] - Delayed 2 second(s)

2018-12-07 00:47:27 - [TEST_STEP][PASSED] - click: Object: 'Object Repository/Final Object Repo/New Registration - Registration Module Pages/New Reg - OTC to RO/Special Case - All Related Objects/Click Search' is clicked on

2018-12-07 00:47:27 - [MESSAGE][PASSED] - Object: 'Object Repository/Final Object Repo/New Registration - Registration Module Pages/New Reg - OTC to RO/Special Case - All Related Objects/Click Search' is clicked on

2018-12-07 00:47:27 - [TEST_STEP][PASSED] - delay: Delayed 2 second(s)

2018-12-07 00:47:29 - [MESSAGE][PASSED] - Delayed 2 second(s)

2018-12-07 00:47:29 - [TEST_STEP][PASSED] - click: Object: 'Object Repository/Final Object Repo/New Registration - Registration Module Pages/New Reg - OTC to RO/Special Case - All Related Objects/Click to Continue Workflow' is clicked on

2018-12-07 00:47:33 - [MESSAGE][PASSED] - Object: 'Object Repository/Final Object Repo/New Registration - Registration Module Pages/New Reg - OTC to RO/Special Case - All Related Objects/Click to Continue Workflow' is clicked on

2018-12-07 00:47:33 - [TEST_STEP][PASSED] - delay: Delayed 2 second(s)

2018-12-07 00:47:35 - [MESSAGE][PASSED] - Delayed 2 second(s)

2018-12-07 00:47:35 - [TEST_STEP][PASSED] - click: Object: 'Object Repository/Final Object Repo/New Registration - Registration Module Pages/New Reg - OTC to RO/Special Case - All Related Objects/Continue Button in verifying case' is clicked on

2018-12-07 00:47:37 - [MESSAGE][PASSED] - Object: 'Object Repository/Final Object Repo/New Registration - Registration Module Pages/New Reg - OTC to RO/Special Case - All Related Objects/Continue Button in verifying case' is clicked on

2018-12-07 00:47:37 - [TEST_STEP][PASSED] - delay: Delayed 2 second(s)

2018-12-07 00:47:39 - [MESSAGE][PASSED] - Delayed 2 second(s)

2018-12-07 00:47:39 - [TEST_STEP][PASSED] - click: Object: 'Object Repository/Final Object Repo/Page_Update Add New Employee - ASSIST/Save  Continue Button' is clicked on

2018-12-07 00:47:40 - [MESSAGE][PASSED] - Object: 'Object Repository/Final Object Repo/Page_Update Add New Employee - ASSIST/Save  Continue Button' is clicked on

2018-12-07 00:47:40 - [TEST_STEP][PASSED] - delay: Delayed 4 second(s)

2018-12-07 00:47:44 - [MESSAGE][PASSED] - Delayed 4 second(s)

2018-12-07 00:47:44 - [TEST_STEP][PASSED] - click: Object: 'Object Repository/Final Object Repo/Page_Update Add New Employee - ASSIST/Save  Continue Third Screen' is clicked on

2018-12-07 00:47:47 - [MESSAGE][PASSED] - Object: 'Object Repository/Final Object Repo/Page_Update Add New Employee - ASSIST/Save  Continue Third Screen' is clicked on

2018-12-07 00:47:47 - [TEST_STEP][PASSED] - delay: Delayed 4 second(s)

2018-12-07 00:47:51 - [MESSAGE][PASSED] - Delayed 4 second(s)

2018-12-07 00:47:51 - [TEST_STEP][PASSED] - click: Object: 'Object Repository/Final Object Repo/Page_Update Add New Employee - ASSIST/Save   Continue Supporting Doc Page' is clicked on

2018-12-07 00:47:51 - [MESSAGE][PASSED] - Object: 'Object Repository/Final Object Repo/Page_Update Add New Employee - ASSIST/Save   Continue Supporting Doc Page' is clicked on

2018-12-07 00:47:51 - [TEST_STEP][PASSED] - delay: Delayed 4 second(s)

2018-12-07 00:47:55 - [MESSAGE][PASSED] - Delayed 4 second(s)

2018-12-07 00:47:55 - [TEST_STEP][PASSED] - click: Object: 'Object Repository/Final Object Repo/Page_Update Add New Employee - ASSIST/Submit Button' is clicked on

2018-12-07 00:47:55 - [MESSAGE][PASSED] - Object: 'Object Repository/Final Object Repo/Page_Update Add New Employee - ASSIST/Submit Button' is clicked on

2018-12-07 00:47:55 - [TEST_STEP][PASSED] - delay: Delayed 4 second(s)

2018-12-07 00:47:59 - [MESSAGE][PASSED] - Delayed 4 second(s)

2018-12-07 00:47:59 - [TEST_STEP][PASSED] - click: Object: 'Object Repository/Final Object Repo/Page_Update Add New Employee - ASSIST/Confirm Submit Button' is clicked on

2018-12-07 00:47:59 - [MESSAGE][PASSED] - Object: 'Object Repository/Final Object Repo/Page_Update Add New Employee - ASSIST/Confirm Submit Button' is clicked on

2018-12-07 00:47:59 - [TEST_STEP][PASSED] - delay: Delayed 30 second(s)

2018-12-07 00:48:29 - [MESSAGE][PASSED] - Delayed 30 second(s)

2018-12-07 00:48:29 - [TEST_STEP][PASSED] - callTestCase: Call Test Case 'Test Cases/Final Aug 2018 - PKS Automation/Common/Screenshoting tool' successfully

2018-12-07 00:48:29 - [TEST_CASE][PASSED] - Test Cases/Final Aug 2018 - PKS Automation/Common/Screenshoting tool: Test Cases/Final Aug 2018 - PKS Automation/Common/Screenshoting tool

2018-12-07 00:48:29 - [TEST_STEP][PASSED] - delay: Delayed 15 second(s)

2018-12-07 00:48:44 - [MESSAGE][PASSED] - Delayed 15 second(s)

2018-12-07 00:48:44 - [TEST_STEP][PASSED] - Statement - driver = com.kms.katalon.core.webui.driver.DriverFactory.getWebDriver(): null

2018-12-07 00:48:44 - [TEST_STEP][PASSED] - Statement - driver.manage().timeouts().implicitlyWait(10, SECONDS): null

2018-12-07 00:48:44 - [TEST_STEP][PASSED] - Statement - PresavePath = KatalonScreenshots: null

2018-12-07 00:48:44 - [TEST_STEP][PASSED] - Statement - pathPrefix = "C:\Users\Public\Pictures\Sample Pictures\Katalon Screenshots\Automate Ending Screen": null

2018-12-07 00:48:44 - [TEST_STEP][PASSED] - Statement - finalPath = <not implemented yet for class: org.codehaus.groovy.ast.expr.EmptyExpression>: null

2018-12-07 00:48:44 - [TEST_STEP][PASSED] - Statement - scrFile = driver.getScreenshotAs(FILE): null

2018-12-07 00:48:45 - [TEST_STEP][PASSED] - Statement - PreSaveFile = new java.io.File(PresavePath): null

2018-12-07 00:48:45 - [TEST_STEP][PASSED] - Statement - counter = 0: null

2018-12-07 00:48:45 - [TEST_STEP][PASSED] - Statement - If (PreSaveFile.exists()): null

2018-12-07 00:48:45 - [TEST_STEP][PASSED] - Statement - While (PreSaveFile.exists()): null

2018-12-07 00:48:45 - [TEST_STEP][PASSED] - Statement - counter = counter + 1: null

2018-12-07 00:48:45 - [TEST_STEP][PASSED] - Statement - PreSaveFile = new java.io.File(((pathPrefix + java.lang.Integer.toString(counter)) + .png)): null

2018-12-07 00:48:45 - [TEST_STEP][PASSED] - Statement - counter = counter + 1: null

2018-12-07 00:48:45 - [TEST_STEP][PASSED] - Statement - PreSaveFile = new java.io.File(((pathPrefix + java.lang.Integer.toString(counter)) + .png)): null

2018-12-07 00:48:45 - [TEST_STEP][PASSED] - Statement - counter = counter + 1: null

2018-12-07 00:48:45 - [TEST_STEP][PASSED] - Statement - PreSaveFile = new java.io.File(((pathPrefix + java.lang.Integer.toString(counter)) + .png)): null

2018-12-07 00:48:45 - [TEST_STEP][PASSED] - Statement - counter = counter + 1: null

2018-12-07 00:48:45 - [TEST_STEP][PASSED] - Statement - PreSaveFile = new java.io.File(((pathPrefix + java.lang.Integer.toString(counter)) + .png)): null

2018-12-07 00:48:45 - [TEST_STEP][PASSED] - Statement - counter = counter + 1: null

2018-12-07 00:48:45 - [TEST_STEP][PASSED] - Statement - PreSaveFile = new java.io.File(((pathPrefix + java.lang.Integer.toString(counter)) + .png)): null

2018-12-07 00:48:45 - [TEST_STEP][PASSED] - Statement - counter = counter + 1: null

2018-12-07 00:48:45 - [TEST_STEP][PASSED] - Statement - PreSaveFile = new java.io.File(((pathPrefix + java.lang.Integer.toString(counter)) + .png)): null

2018-12-07 00:48:45 - [TEST_STEP][PASSED] - Statement - counter = counter + 1: null

2018-12-07 00:48:45 - [TEST_STEP][PASSED] - Statement - PreSaveFile = new java.io.File(((pathPrefix + java.lang.Integer.toString(counter)) + .png)): null

2018-12-07 00:48:45 - [TEST_STEP][PASSED] - Statement - counter = counter + 1: null

2018-12-07 00:48:45 - [TEST_STEP][PASSED] - Statement - PreSaveFile = new java.io.File(((pathPrefix + java.lang.Integer.toString(counter)) + .png)): null

2018-12-07 00:48:45 - [TEST_STEP][PASSED] - Statement - counter = counter + 1: null

2018-12-07 00:48:45 - [TEST_STEP][PASSED] - Statement - PreSaveFile = new java.io.File(((pathPrefix + java.lang.Integer.toString(counter)) + .png)): null

2018-12-07 00:48:45 - [TEST_STEP][PASSED] - Statement - counter = counter + 1: null

2018-12-07 00:48:45 - [TEST_STEP][PASSED] - Statement - PreSaveFile = new java.io.File(((pathPrefix + java.lang.Integer.toString(counter)) + .png)): null

2018-12-07 00:48:45 - [TEST_STEP][PASSED] - Statement - counter = counter + 1: null

2018-12-07 00:48:45 - [TEST_STEP][PASSED] - Statement - PreSaveFile = new java.io.File(((pathPrefix + java.lang.Integer.toString(counter)) + .png)): null

2018-12-07 00:48:45 - [TEST_STEP][PASSED] - Statement - counter = counter + 1: null

2018-12-07 00:48:45 - [TEST_STEP][PASSED] - Statement - PreSaveFile = new java.io.File(((pathPrefix + java.lang.Integer.toString(counter)) + .png)): null

2018-12-07 00:48:45 - [TEST_STEP][PASSED] - Statement - counter = counter + 1: null

2018-12-07 00:48:45 - [TEST_STEP][PASSED] - Statement - PreSaveFile = new java.io.File(((pathPrefix + java.lang.Integer.toString(counter)) + .png)): null

2018-12-07 00:48:45 - [TEST_STEP][PASSED] - Statement - counter = counter + 1: null

2018-12-07 00:48:45 - [TEST_STEP][PASSED] - Statement - PreSaveFile = new java.io.File(((pathPrefix + java.lang.Integer.toString(counter)) + .png)): null

2018-12-07 00:48:45 - [TEST_STEP][PASSED] - Statement - counter = counter + 1: null

2018-12-07 00:48:45 - [TEST_STEP][PASSED] - Statement - PreSaveFile = new java.io.File(((pathPrefix + java.lang.Integer.toString(counter)) + .png)): null

2018-12-07 00:48:45 - [TEST_STEP][PASSED] - Statement - counter = counter + 1: null

2018-12-07 00:48:45 - [TEST_STEP][PASSED] - Statement - PreSaveFile = new java.io.File(((pathPrefix + java.lang.Integer.toString(counter)) + .png)): null

2018-12-07 00:48:45 - [TEST_STEP][PASSED] - Statement - counter = counter + 1: null

2018-12-07 00:48:45 - [TEST_STEP][PASSED] - Statement - PreSaveFile = new java.io.File(((pathPrefix + java.lang.Integer.toString(counter)) + .png)): null

2018-12-07 00:48:45 - [TEST_STEP][PASSED] - Statement - counter = counter + 1: null

2018-12-07 00:48:45 - [TEST_STEP][PASSED] - Statement - PreSaveFile = new java.io.File(((pathPrefix + java.lang.Integer.toString(counter)) + .png)): null

2018-12-07 00:48:45 - [TEST_STEP][PASSED] - Statement - counter = counter + 1: null

2018-12-07 00:48:45 - [TEST_STEP][PASSED] - Statement - PreSaveFile = new java.io.File(((pathPrefix + java.lang.Integer.toString(counter)) + .png)): null

2018-12-07 00:48:45 - [TEST_STEP][PASSED] - Statement - counter = counter + 1: null

2018-12-07 00:48:45 - [TEST_STEP][PASSED] - Statement - PreSaveFile = new java.io.File(((pathPrefix + java.lang.Integer.toString(counter)) + .png)): null

2018-12-07 00:48:45 - [TEST_STEP][PASSED] - Statement - counter = counter + 1: null

2018-12-07 00:48:45 - [TEST_STEP][PASSED] - Statement - PreSaveFile = new java.io.File(((pathPrefix + java.lang.Integer.toString(counter)) + .png)): null

2018-12-07 00:48:45 - [TEST_STEP][PASSED] - Statement - counter = counter + 1: null

2018-12-07 00:48:45 - [TEST_STEP][PASSED] - Statement - PreSaveFile = new java.io.File(((pathPrefix + java.lang.Integer.toString(counter)) + .png)): null

2018-12-07 00:48:45 - [TEST_STEP][PASSED] - Statement - counter = counter + 1: null

2018-12-07 00:48:45 - [TEST_STEP][PASSED] - Statement - PreSaveFile = new java.io.File(((pathPrefix + java.lang.Integer.toString(counter)) + .png)): null

2018-12-07 00:48:45 - [TEST_STEP][PASSED] - Statement - counter = counter + 1: null

2018-12-07 00:48:45 - [TEST_STEP][PASSED] - Statement - PreSaveFile = new java.io.File(((pathPrefix + java.lang.Integer.toString(counter)) + .png)): null

2018-12-07 00:48:45 - [TEST_STEP][PASSED] - Statement - counter = counter + 1: null

2018-12-07 00:48:45 - [TEST_STEP][PASSED] - Statement - PreSaveFile = new java.io.File(((pathPrefix + java.lang.Integer.toString(counter)) + .png)): null

2018-12-07 00:48:45 - [TEST_STEP][PASSED] - Statement - counter = counter + 1: null

2018-12-07 00:48:45 - [TEST_STEP][PASSED] - Statement - PreSaveFile = new java.io.File(((pathPrefix + java.lang.Integer.toString(counter)) + .png)): null

2018-12-07 00:48:45 - [TEST_STEP][PASSED] - Statement - counter = counter + 1: null

2018-12-07 00:48:45 - [TEST_STEP][PASSED] - Statement - PreSaveFile = new java.io.File(((pathPrefix + java.lang.Integer.toString(counter)) + .png)): null

2018-12-07 00:48:45 - [TEST_STEP][PASSED] - Statement - counter = counter + 1: null

2018-12-07 00:48:45 - [TEST_STEP][PASSED] - Statement - PreSaveFile = new java.io.File(((pathPrefix + java.lang.Integer.toString(counter)) + .png)): null

2018-12-07 00:48:45 - [TEST_STEP][PASSED] - Statement - counter = counter + 1: null

2018-12-07 00:48:45 - [TEST_STEP][PASSED] - Statement - PreSaveFile = new java.io.File(((pathPrefix + java.lang.Integer.toString(counter)) + .png)): null

2018-12-07 00:48:45 - [TEST_STEP][PASSED] - Statement - counter = counter + 1: null

2018-12-07 00:48:45 - [TEST_STEP][PASSED] - Statement - PreSaveFile = new java.io.File(((pathPrefix + java.lang.Integer.toString(counter)) + .png)): null

2018-12-07 00:48:45 - [TEST_STEP][PASSED] - Statement - counter = counter + 1: null

2018-12-07 00:48:45 - [TEST_STEP][PASSED] - Statement - PreSaveFile = new java.io.File(((pathPrefix + java.lang.Integer.toString(counter)) + .png)): null

2018-12-07 00:48:45 - [TEST_STEP][PASSED] - Statement - counter = counter + 1: null

2018-12-07 00:48:45 - [TEST_STEP][PASSED] - Statement - PreSaveFile = new java.io.File(((pathPrefix + java.lang.Integer.toString(counter)) + .png)): null

2018-12-07 00:48:45 - [TEST_STEP][PASSED] - Statement - counter = counter + 1: null

2018-12-07 00:48:45 - [TEST_STEP][PASSED] - Statement - PreSaveFile = new java.io.File(((pathPrefix + java.lang.Integer.toString(counter)) + .png)): null

2018-12-07 00:48:45 - [TEST_STEP][PASSED] - Statement - counter = counter + 1: null

2018-12-07 00:48:45 - [TEST_STEP][PASSED] - Statement - PreSaveFile = new java.io.File(((pathPrefix + java.lang.Integer.toString(counter)) + .png)): null

2018-12-07 00:48:45 - [TEST_STEP][PASSED] - Statement - counter = counter + 1: null

2018-12-07 00:48:45 - [TEST_STEP][PASSED] - Statement - PreSaveFile = new java.io.File(((pathPrefix + java.lang.Integer.toString(counter)) + .png)): null

2018-12-07 00:48:45 - [TEST_STEP][PASSED] - Statement - counter = counter + 1: null

2018-12-07 00:48:45 - [TEST_STEP][PASSED] - Statement - PreSaveFile = new java.io.File(((pathPrefix + java.lang.Integer.toString(counter)) + .png)): null

2018-12-07 00:48:45 - [TEST_STEP][PASSED] - Statement - counter = counter + 1: null

2018-12-07 00:48:45 - [TEST_STEP][PASSED] - Statement - PreSaveFile = new java.io.File(((pathPrefix + java.lang.Integer.toString(counter)) + .png)): null

2018-12-07 00:48:45 - [TEST_STEP][PASSED] - Statement - counter = counter + 1: null

2018-12-07 00:48:45 - [TEST_STEP][PASSED] - Statement - PreSaveFile = new java.io.File(((pathPrefix + java.lang.Integer.toString(counter)) + .png)): null

2018-12-07 00:48:45 - [TEST_STEP][PASSED] - Statement - counter = counter + 1: null

2018-12-07 00:48:45 - [TEST_STEP][PASSED] - Statement - PreSaveFile = new java.io.File(((pathPrefix + java.lang.Integer.toString(counter)) + .png)): null

2018-12-07 00:48:45 - [TEST_STEP][PASSED] - Statement - counter = counter + 1: null

2018-12-07 00:48:45 - [TEST_STEP][PASSED] - Statement - PreSaveFile = new java.io.File(((pathPrefix + java.lang.Integer.toString(counter)) + .png)): null

2018-12-07 00:48:45 - [TEST_STEP][PASSED] - Statement - counter = counter + 1: null

2018-12-07 00:48:45 - [TEST_STEP][PASSED] - Statement - PreSaveFile = new java.io.File(((pathPrefix + java.lang.Integer.toString(counter)) + .png)): null

2018-12-07 00:48:45 - [TEST_STEP][PASSED] - Statement - counter = counter + 1: null

2018-12-07 00:48:45 - [TEST_STEP][PASSED] - Statement - PreSaveFile = new java.io.File(((pathPrefix + java.lang.Integer.toString(counter)) + .png)): null

2018-12-07 00:48:45 - [TEST_STEP][PASSED] - Statement - counter = counter + 1: null

2018-12-07 00:48:45 - [TEST_STEP][PASSED] - Statement - PreSaveFile = new java.io.File(((pathPrefix + java.lang.Integer.toString(counter)) + .png)): null

2018-12-07 00:48:45 - [TEST_STEP][PASSED] - Statement - counter = counter + 1: null

2018-12-07 00:48:45 - [TEST_STEP][PASSED] - Statement - PreSaveFile = new java.io.File(((pathPrefix + java.lang.Integer.toString(counter)) + .png)): null

2018-12-07 00:48:45 - [TEST_STEP][PASSED] - Statement - counter = counter + 1: null

2018-12-07 00:48:45 - [TEST_STEP][PASSED] - Statement - PreSaveFile = new java.io.File(((pathPrefix + java.lang.Integer.toString(counter)) + .png)): null

2018-12-07 00:48:45 - [TEST_STEP][PASSED] - Statement - counter = counter + 1: null

2018-12-07 00:48:45 - [TEST_STEP][PASSED] - Statement - PreSaveFile = new java.io.File(((pathPrefix + java.lang.Integer.toString(counter)) + .png)): null

2018-12-07 00:48:45 - [TEST_STEP][PASSED] - Statement - counter = counter + 1: null

2018-12-07 00:48:45 - [TEST_STEP][PASSED] - Statement - PreSaveFile = new java.io.File(((pathPrefix + java.lang.Integer.toString(counter)) + .png)): null

2018-12-07 00:48:45 - [TEST_STEP][PASSED] - Statement - counter = counter + 1: null

2018-12-07 00:48:45 - [TEST_STEP][PASSED] - Statement - PreSaveFile = new java.io.File(((pathPrefix + java.lang.Integer.toString(counter)) + .png)): null

2018-12-07 00:48:45 - [TEST_STEP][PASSED] - Statement - counter = counter + 1: null

2018-12-07 00:48:45 - [TEST_STEP][PASSED] - Statement - PreSaveFile = new java.io.File(((pathPrefix + java.lang.Integer.toString(counter)) + .png)): null

2018-12-07 00:48:45 - [TEST_STEP][PASSED] - Statement - counter = counter + 1: null

2018-12-07 00:48:45 - [TEST_STEP][PASSED] - Statement - PreSaveFile = new java.io.File(((pathPrefix + java.lang.Integer.toString(counter)) + .png)): null

2018-12-07 00:48:45 - [TEST_STEP][PASSED] - Statement - counter = counter + 1: null

2018-12-07 00:48:45 - [TEST_STEP][PASSED] - Statement - PreSaveFile = new java.io.File(((pathPrefix + java.lang.Integer.toString(counter)) + .png)): null

2018-12-07 00:48:45 - [TEST_STEP][PASSED] - Statement - counter = counter + 1: null

2018-12-07 00:48:45 - [TEST_STEP][PASSED] - Statement - PreSaveFile = new java.io.File(((pathPrefix + java.lang.Integer.toString(counter)) + .png)): null

2018-12-07 00:48:45 - [TEST_STEP][PASSED] - Statement - counter = counter + 1: null

2018-12-07 00:48:45 - [TEST_STEP][PASSED] - Statement - PreSaveFile = new java.io.File(((pathPrefix + java.lang.Integer.toString(counter)) + .png)): null

2018-12-07 00:48:45 - [TEST_STEP][PASSED] - Statement - counter = counter + 1: null

2018-12-07 00:48:45 - [TEST_STEP][PASSED] - Statement - PreSaveFile = new java.io.File(((pathPrefix + java.lang.Integer.toString(counter)) + .png)): null

2018-12-07 00:48:45 - [TEST_STEP][PASSED] - Statement - counter = counter + 1: null

2018-12-07 00:48:45 - [TEST_STEP][PASSED] - Statement - PreSaveFile = new java.io.File(((pathPrefix + java.lang.Integer.toString(counter)) + .png)): null

2018-12-07 00:48:45 - [TEST_STEP][PASSED] - Statement - counter = counter + 1: null

2018-12-07 00:48:45 - [TEST_STEP][PASSED] - Statement - PreSaveFile = new java.io.File(((pathPrefix + java.lang.Integer.toString(counter)) + .png)): null

2018-12-07 00:48:45 - [TEST_STEP][PASSED] - Statement - counter = counter + 1: null

2018-12-07 00:48:45 - [TEST_STEP][PASSED] - Statement - PreSaveFile = new java.io.File(((pathPrefix + java.lang.Integer.toString(counter)) + .png)): null

2018-12-07 00:48:45 - [TEST_STEP][PASSED] - Statement - counter = counter + 1: null

2018-12-07 00:48:45 - [TEST_STEP][PASSED] - Statement - PreSaveFile = new java.io.File(((pathPrefix + java.lang.Integer.toString(counter)) + .png)): null

2018-12-07 00:48:45 - [TEST_STEP][PASSED] - Statement - counter = counter + 1: null

2018-12-07 00:48:45 - [TEST_STEP][PASSED] - Statement - PreSaveFile = new java.io.File(((pathPrefix + java.lang.Integer.toString(counter)) + .png)): null

2018-12-07 00:48:45 - [TEST_STEP][PASSED] - Statement - counter = counter + 1: null

2018-12-07 00:48:45 - [TEST_STEP][PASSED] - Statement - PreSaveFile = new java.io.File(((pathPrefix + java.lang.Integer.toString(counter)) + .png)): null

2018-12-07 00:48:45 - [TEST_STEP][PASSED] - Statement - counter = counter + 1: null

2018-12-07 00:48:45 - [TEST_STEP][PASSED] - Statement - PreSaveFile = new java.io.File(((pathPrefix + java.lang.Integer.toString(counter)) + .png)): null

2018-12-07 00:48:45 - [TEST_STEP][PASSED] - Statement - counter = counter + 1: null

2018-12-07 00:48:45 - [TEST_STEP][PASSED] - Statement - PreSaveFile = new java.io.File(((pathPrefix + java.lang.Integer.toString(counter)) + .png)): null

2018-12-07 00:48:45 - [TEST_STEP][PASSED] - Statement - counter = counter + 1: null

2018-12-07 00:48:45 - [TEST_STEP][PASSED] - Statement - PreSaveFile = new java.io.File(((pathPrefix + java.lang.Integer.toString(counter)) + .png)): null

2018-12-07 00:48:45 - [TEST_STEP][PASSED] - Statement - counter = counter + 1: null

2018-12-07 00:48:45 - [TEST_STEP][PASSED] - Statement - PreSaveFile = new java.io.File(((pathPrefix + java.lang.Integer.toString(counter)) + .png)): null

2018-12-07 00:48:45 - [TEST_STEP][PASSED] - Statement - counter = counter + 1: null

2018-12-07 00:48:45 - [TEST_STEP][PASSED] - Statement - PreSaveFile = new java.io.File(((pathPrefix + java.lang.Integer.toString(counter)) + .png)): null

2018-12-07 00:48:45 - [TEST_STEP][PASSED] - Statement - counter = counter + 1: null

2018-12-07 00:48:45 - [TEST_STEP][PASSED] - Statement - PreSaveFile = new java.io.File(((pathPrefix + java.lang.Integer.toString(counter)) + .png)): null

2018-12-07 00:48:45 - [TEST_STEP][PASSED] - Statement - counter = counter + 1: null

2018-12-07 00:48:45 - [TEST_STEP][PASSED] - Statement - PreSaveFile = new java.io.File(((pathPrefix + java.lang.Integer.toString(counter)) + .png)): null

2018-12-07 00:48:45 - [TEST_STEP][PASSED] - Statement - counter = counter + 1: null

2018-12-07 00:48:45 - [TEST_STEP][PASSED] - Statement - PreSaveFile = new java.io.File(((pathPrefix + java.lang.Integer.toString(counter)) + .png)): null

2018-12-07 00:48:45 - [TEST_STEP][PASSED] - Statement - counter = counter + 1: null

2018-12-07 00:48:45 - [TEST_STEP][PASSED] - Statement - PreSaveFile = new java.io.File(((pathPrefix + java.lang.Integer.toString(counter)) + .png)): null

2018-12-07 00:48:45 - [TEST_STEP][PASSED] - Statement - counter = counter + 1: null

2018-12-07 00:48:45 - [TEST_STEP][PASSED] - Statement - PreSaveFile = new java.io.File(((pathPrefix + java.lang.Integer.toString(counter)) + .png)): null

2018-12-07 00:48:45 - [TEST_STEP][PASSED] - Statement - counter = counter + 1: null

2018-12-07 00:48:45 - [TEST_STEP][PASSED] - Statement - PreSaveFile = new java.io.File(((pathPrefix + java.lang.Integer.toString(counter)) + .png)): null

2018-12-07 00:48:45 - [TEST_STEP][PASSED] - Statement - counter = counter + 1: null

2018-12-07 00:48:45 - [TEST_STEP][PASSED] - Statement - PreSaveFile = new java.io.File(((pathPrefix + java.lang.Integer.toString(counter)) + .png)): null

2018-12-07 00:48:45 - [TEST_STEP][PASSED] - Statement - counter = counter + 1: null

2018-12-07 00:48:45 - [TEST_STEP][PASSED] - Statement - PreSaveFile = new java.io.File(((pathPrefix + java.lang.Integer.toString(counter)) + .png)): null

2018-12-07 00:48:45 - [TEST_STEP][PASSED] - Statement - counter = counter + 1: null

2018-12-07 00:48:45 - [TEST_STEP][PASSED] - Statement - PreSaveFile = new java.io.File(((pathPrefix + java.lang.Integer.toString(counter)) + .png)): null

2018-12-07 00:48:45 - [TEST_STEP][PASSED] - Statement - counter = counter + 1: null

2018-12-07 00:48:45 - [TEST_STEP][PASSED] - Statement - PreSaveFile = new java.io.File(((pathPrefix + java.lang.Integer.toString(counter)) + .png)): null

2018-12-07 00:48:45 - [TEST_STEP][PASSED] - Statement - counter = counter + 1: null

2018-12-07 00:48:45 - [TEST_STEP][PASSED] - Statement - PreSaveFile = new java.io.File(((pathPrefix + java.lang.Integer.toString(counter)) + .png)): null

2018-12-07 00:48:45 - [TEST_STEP][PASSED] - Statement - finalPath = pathPrefix + java.lang.Integer.toString(counter) + ".png": null

2018-12-07 00:48:45 - [TEST_STEP][PASSED] - Statement - SaveFile = new java.io.File(finalPath): null

2018-12-07 00:48:45 - [TEST_STEP][PASSED] - Statement - Try: null

2018-12-07 00:48:45 - [TEST_STEP][PASSED] - Statement - org.apache.commons.io.FileUtils.copyFile(scrFile, SaveFile): null

2018-12-07 00:48:45 - [TEST_STEP][PASSED] - Statement - out.println("file kept"): null

2018-12-07 00:48:45 - [TEST_STEP][PASSED] - delay: Delayed 10 second(s)

2018-12-07 00:48:55 - [MESSAGE][PASSED] - Delayed 10 second(s)

2018-12-07 00:48:55 - [MESSAGE][PASSED] - Call Test Case 'Test Cases/Final Aug 2018 - PKS Automation/Common/Screenshoting tool' successfully]]></system-out>
         <system-err><![CDATA[2018-12-07 00:33:28 - [TEST_CASE][FAILED] - Test Cases/Final Aug 2018 - PKS Automation/Registration Module/Workflow/Update Add New Employee/Special Case (OTC - RO Query - OTC Upload Pending Case - RO Approve): Test Cases/Final Aug 2018 - PKS Automation/Registration Module/Workflow/Update Add New Employee/Special Case (OTC - RO Query - OTC Upload Pending Case - RO Approve) FAILED because (of) (Stack trace: com.kms.katalon.core.exception.StepFailedException: Unable to set text 'CAN12201800002273' of object 'Object Repository/Final Object Repo/New Registration - Registration Module Pages/New Reg - OTC to RO/Special Case - All Related Objects/TextBox RefNo in Workbasket' (Root cause: org.openqa.selenium.ElementNotVisibleException: element not interactable
  (Session info: chrome=70.0.3538.110)
  (Driver info: chromedriver=2.43.600210 (68dcf5eebde37173d4027fa8635e332711d2874a),platform=Windows NT 6.1.7601 SP1 x86_64) (WARNING: The server did not provide any stacktrace information)
Command duration or timeout: 0 milliseconds
Build info: version: '3.7.1', revision: '8a0099a', time: '2017-11-06T21:07:36.161Z'
System info: host: 'WIN7TEST02', ip: '10.20.3.72', os.name: 'Windows 7', os.arch: 'amd64', os.version: '6.1', java.version: '1.8.0_181'
Driver info: com.kms.katalon.selenium.driver.CChromeDriver
Capabilities {acceptInsecureCerts: false, acceptSslCerts: false, applicationCacheEnabled: false, browserConnectionEnabled: false, browserName: chrome, chrome: {chromedriverVersion: 2.43.600210 (68dcf5eebde371..., userDataDir: C:\Users\Admin\AppData\Loca...}, cssSelectorsEnabled: true, databaseEnabled: false, goog:chromeOptions: {debuggerAddress: localhost:63182}, handlesAlerts: true, hasTouchScreen: false, javascriptEnabled: true, locationContextEnabled: true, mobileEmulationEnabled: false, nativeEvents: true, networkConnectionEnabled: false, pageLoadStrategy: normal, platform: XP, platformName: XP, rotatable: false, setWindowRect: true, takesHeapSnapshot: true, takesScreenshot: true, unexpectedAlertBehaviour: , unhandledPromptBehavior: , version: 70.0.3538.110, webStorageEnabled: true}
Session ID: 4bbb2178bc486606940e84da254da949)
	at com.kms.katalon.core.keyword.internal.KeywordMain.stepFailed(KeywordMain.groovy:32)
	at com.kms.katalon.core.webui.keyword.internal.WebUIKeywordMain.stepFailed(WebUIKeywordMain.groovy:65)
	at com.kms.katalon.core.webui.keyword.internal.WebUIKeywordMain.runKeyword(WebUIKeywordMain.groovy:27)
	at com.kms.katalon.core.webui.keyword.builtin.SetTextKeyword.setText(SetTextKeyword.groovy:65)
	at com.kms.katalon.core.webui.keyword.builtin.SetTextKeyword.execute(SetTextKeyword.groovy:37)
	at com.kms.katalon.core.keyword.internal.KeywordExecutor.executeKeywordForPlatform(KeywordExecutor.groovy:53)
	at com.kms.katalon.core.webui.keyword.WebUiBuiltInKeywords.setText(WebUiBuiltInKeywords.groovy:950)
	at com.kms.katalon.core.webui.keyword.WebUiBuiltInKeywords$setText$1.call(Unknown Source)
	at org.codehaus.groovy.runtime.callsite.CallSiteArray.defaultCall(CallSiteArray.java:48)
	at org.codehaus.groovy.runtime.callsite.AbstractCallSite.call(AbstractCallSite.java:113)
	at org.codehaus.groovy.runtime.callsite.AbstractCallSite.call(AbstractCallSite.java:133)
	at Script1536201277272.run(Script1536201277272.groovy:167)
	at com.kms.katalon.core.main.ScriptEngine.run(ScriptEngine.java:183)
	at com.kms.katalon.core.main.ScriptEngine.runScriptAsRawText(ScriptEngine.java:108)
	at com.kms.katalon.core.main.TestCaseExecutor.runScript(TestCaseExecutor.java:294)
	at com.kms.katalon.core.main.TestCaseExecutor.doExecute(TestCaseExecutor.java:285)
	at com.kms.katalon.core.main.TestCaseExecutor.processExecutionPhase(TestCaseExecutor.java:264)
	at com.kms.katalon.core.main.TestCaseExecutor.accessMainPhase(TestCaseExecutor.java:256)
	at com.kms.katalon.core.main.TestCaseExecutor.execute(TestCaseExecutor.java:200)
	at com.kms.katalon.core.main.TestSuiteExecutor.accessTestCaseMainPhase(TestSuiteExecutor.java:129)
	at com.kms.katalon.core.main.TestSuiteExecutor.accessTestSuiteMainPhase(TestSuiteExecutor.java:112)
	at com.kms.katalon.core.main.TestSuiteExecutor.execute(TestSuiteExecutor.java:81)
	at com.kms.katalon.core.main.TestCaseMain.startTestSuite(TestCaseMain.java:142)
	at com.kms.katalon.core.main.TestCaseMain$startTestSuite$0.call(Unknown Source)
	at org.codehaus.groovy.runtime.callsite.CallSiteArray.defaultCall(CallSiteArray.java:48)
	at org.codehaus.groovy.runtime.callsite.AbstractCallSite.call(AbstractCallSite.java:113)
	at org.codehaus.groovy.runtime.callsite.AbstractCallSite.call(AbstractCallSite.java:141)
	at TempTestSuite1544087655094.run(TempTestSuite1544087655094.groovy:36)
	at groovy.lang.GroovyShell.runScriptOrMainOrTestOrRunnable(GroovyShell.java:263)
	at groovy.lang.GroovyShell.run(GroovyShell.java:518)
	at groovy.lang.GroovyShell.run(GroovyShell.java:507)
	at groovy.ui.GroovyMain.processOnce(GroovyMain.java:653)
	at groovy.ui.GroovyMain.run(GroovyMain.java:384)
	at groovy.ui.GroovyMain.process(GroovyMain.java:370)
	at groovy.ui.GroovyMain.processArgs(GroovyMain.java:129)
	at groovy.ui.GroovyMain.main(GroovyMain.java:109)
	at sun.reflect.NativeMethodAccessorImpl.invoke0(Native Method)
	at sun.reflect.NativeMethodAccessorImpl.invoke(NativeMethodAccessorImpl.java:62)
	at sun.reflect.DelegatingMethodAccessorImpl.invoke(DelegatingMethodAccessorImpl.java:43)
	at java.lang.reflect.Method.invoke(Method.java:498)
	at org.codehaus.groovy.tools.GroovyStarter.rootLoader(GroovyStarter.java:109)
	at org.codehaus.groovy.tools.GroovyStarter.main(GroovyStarter.java:131)
)]]></system-err>
      </testcase>
      <testcase name="Test Cases/Final Aug 2018 - PKS Automation/Registration Module/Workflow/Update Add New Employee/Special Case (OTC - RO Under Enforcement)" classname="Test Cases/Final Aug 2018 - PKS Automation/Registration Module/Workflow/Update Add New Employee/Special Case (OTC - RO Under Enforcement)" status="FAILED">
         <failure type="FAILED" message="(Stack trace: com.kms.katalon.core.exception.StepFailedException: Unable to set text 'CAN12201800002274' of object 'Object Repository/Final Object Repo/New Registration - Registration Module Pages/New Reg - OTC to RO/Special Case - All Related Objects/TextBox RefNo in Workbasket' (Root cause: org.openqa.selenium.ElementNotVisibleException: element not interactable
  (Session info: chrome=70.0.3538.110)
  (Driver info: chromedriver=2.43.600210 (68dcf5eebde37173d4027fa8635e332711d2874a),platform=Windows NT 6.1.7601 SP1 x86_64) (WARNING: The server did not provide any stacktrace information)
Command duration or timeout: 0 milliseconds
Build info: version: '3.7.1', revision: '8a0099a', time: '2017-11-06T21:07:36.161Z'
System info: host: 'WIN7TEST02', ip: '10.20.3.72', os.name: 'Windows 7', os.arch: 'amd64', os.version: '6.1', java.version: '1.8.0_181'
Driver info: com.kms.katalon.selenium.driver.CChromeDriver
Capabilities {acceptInsecureCerts: false, acceptSslCerts: false, applicationCacheEnabled: false, browserConnectionEnabled: false, browserName: chrome, chrome: {chromedriverVersion: 2.43.600210 (68dcf5eebde371..., userDataDir: C:\Users\Admin\AppData\Loca...}, cssSelectorsEnabled: true, databaseEnabled: false, goog:chromeOptions: {debuggerAddress: localhost:63363}, handlesAlerts: true, hasTouchScreen: false, javascriptEnabled: true, locationContextEnabled: true, mobileEmulationEnabled: false, nativeEvents: true, networkConnectionEnabled: false, pageLoadStrategy: normal, platform: XP, platformName: XP, rotatable: false, setWindowRect: true, takesHeapSnapshot: true, takesScreenshot: true, unexpectedAlertBehaviour: , unhandledPromptBehavior: , version: 70.0.3538.110, webStorageEnabled: true}
Session ID: b7efdde9f71f4a2b8d1dbbb9800ac3c0)
	at com.kms.katalon.core.keyword.internal.KeywordMain.stepFailed(KeywordMain.groovy:32)
	at com.kms.katalon.core.webui.keyword.internal.WebUIKeywordMain.stepFailed(WebUIKeywordMain.groovy:65)
	at com.kms.katalon.core.webui.keyword.internal.WebUIKeywordMain.runKeyword(WebUIKeywordMain.groovy:27)
	at com.kms.katalon.core.webui.keyword.builtin.SetTextKeyword.setText(SetTextKeyword.groovy:65)
	at com.kms.katalon.core.webui.keyword.builtin.SetTextKeyword.execute(SetTextKeyword.groovy:37)
	at com.kms.katalon.core.keyword.internal.KeywordExecutor.executeKeywordForPlatform(KeywordExecutor.groovy:53)
	at com.kms.katalon.core.webui.keyword.WebUiBuiltInKeywords.setText(WebUiBuiltInKeywords.groovy:950)
	at com.kms.katalon.core.webui.keyword.WebUiBuiltInKeywords$setText$1.call(Unknown Source)
	at org.codehaus.groovy.runtime.callsite.CallSiteArray.defaultCall(CallSiteArray.java:48)
	at org.codehaus.groovy.runtime.callsite.AbstractCallSite.call(AbstractCallSite.java:113)
	at org.codehaus.groovy.runtime.callsite.AbstractCallSite.call(AbstractCallSite.java:133)
	at Script1536200585960.run(Script1536200585960.groovy:165)
	at com.kms.katalon.core.main.ScriptEngine.run(ScriptEngine.java:183)
	at com.kms.katalon.core.main.ScriptEngine.runScriptAsRawText(ScriptEngine.java:108)
	at com.kms.katalon.core.main.TestCaseExecutor.runScript(TestCaseExecutor.java:294)
	at com.kms.katalon.core.main.TestCaseExecutor.doExecute(TestCaseExecutor.java:285)
	at com.kms.katalon.core.main.TestCaseExecutor.processExecutionPhase(TestCaseExecutor.java:264)
	at com.kms.katalon.core.main.TestCaseExecutor.accessMainPhase(TestCaseExecutor.java:256)
	at com.kms.katalon.core.main.TestCaseExecutor.execute(TestCaseExecutor.java:200)
	at com.kms.katalon.core.main.TestSuiteExecutor.accessTestCaseMainPhase(TestSuiteExecutor.java:129)
	at com.kms.katalon.core.main.TestSuiteExecutor.accessTestSuiteMainPhase(TestSuiteExecutor.java:112)
	at com.kms.katalon.core.main.TestSuiteExecutor.execute(TestSuiteExecutor.java:81)
	at com.kms.katalon.core.main.TestCaseMain.startTestSuite(TestCaseMain.java:142)
	at com.kms.katalon.core.main.TestCaseMain$startTestSuite$0.call(Unknown Source)
	at org.codehaus.groovy.runtime.callsite.CallSiteArray.defaultCall(CallSiteArray.java:48)
	at org.codehaus.groovy.runtime.callsite.AbstractCallSite.call(AbstractCallSite.java:113)
	at org.codehaus.groovy.runtime.callsite.AbstractCallSite.call(AbstractCallSite.java:141)
	at TempTestSuite1544087655094.run(TempTestSuite1544087655094.groovy:36)
	at groovy.lang.GroovyShell.runScriptOrMainOrTestOrRunnable(GroovyShell.java:263)
	at groovy.lang.GroovyShell.run(GroovyShell.java:518)
	at groovy.lang.GroovyShell.run(GroovyShell.java:507)
	at groovy.ui.GroovyMain.processOnce(GroovyMain.java:653)
	at groovy.ui.GroovyMain.run(GroovyMain.java:384)
	at groovy.ui.GroovyMain.process(GroovyMain.java:370)
	at groovy.ui.GroovyMain.processArgs(GroovyMain.java:129)
	at groovy.ui.GroovyMain.main(GroovyMain.java:109)
	at sun.reflect.NativeMethodAccessorImpl.invoke0(Native Method)
	at sun.reflect.NativeMethodAccessorImpl.invoke(NativeMethodAccessorImpl.java:62)
	at sun.reflect.DelegatingMethodAccessorImpl.invoke(DelegatingMethodAccessorImpl.java:43)
	at java.lang.reflect.Method.invoke(Method.java:498)
	at org.codehaus.groovy.tools.GroovyStarter.rootLoader(GroovyStarter.java:109)
	at org.codehaus.groovy.tools.GroovyStarter.main(GroovyStarter.java:131)
)"/>
         <system-out><![CDATA[2018-12-07 00:48:55 - [TEST_CASE][FAILED] - Test Cases/Final Aug 2018 - PKS Automation/Registration Module/Workflow/Update Add New Employee/Special Case (OTC - RO Under Enforcement): Test Cases/Final Aug 2018 - PKS Automation/Registration Module/Workflow/Update Add New Employee/Special Case (OTC - RO Under Enforcement) FAILED because (of) (Stack trace: com.kms.katalon.core.exception.StepFailedException: Unable to set text 'CAN12201800002274' of object 'Object Repository/Final Object Repo/New Registration - Registration Module Pages/New Reg - OTC to RO/Special Case - All Related Objects/TextBox RefNo in Workbasket' (Root cause: org.openqa.selenium.ElementNotVisibleException: element not interactable
  (Session info: chrome=70.0.3538.110)
  (Driver info: chromedriver=2.43.600210 (68dcf5eebde37173d4027fa8635e332711d2874a),platform=Windows NT 6.1.7601 SP1 x86_64) (WARNING: The server did not provide any stacktrace information)
Command duration or timeout: 0 milliseconds
Build info: version: '3.7.1', revision: '8a0099a', time: '2017-11-06T21:07:36.161Z'
System info: host: 'WIN7TEST02', ip: '10.20.3.72', os.name: 'Windows 7', os.arch: 'amd64', os.version: '6.1', java.version: '1.8.0_181'
Driver info: com.kms.katalon.selenium.driver.CChromeDriver
Capabilities {acceptInsecureCerts: false, acceptSslCerts: false, applicationCacheEnabled: false, browserConnectionEnabled: false, browserName: chrome, chrome: {chromedriverVersion: 2.43.600210 (68dcf5eebde371..., userDataDir: C:\Users\Admin\AppData\Loca...}, cssSelectorsEnabled: true, databaseEnabled: false, goog:chromeOptions: {debuggerAddress: localhost:63363}, handlesAlerts: true, hasTouchScreen: false, javascriptEnabled: true, locationContextEnabled: true, mobileEmulationEnabled: false, nativeEvents: true, networkConnectionEnabled: false, pageLoadStrategy: normal, platform: XP, platformName: XP, rotatable: false, setWindowRect: true, takesHeapSnapshot: true, takesScreenshot: true, unexpectedAlertBehaviour: , unhandledPromptBehavior: , version: 70.0.3538.110, webStorageEnabled: true}
Session ID: b7efdde9f71f4a2b8d1dbbb9800ac3c0)
	at com.kms.katalon.core.keyword.internal.KeywordMain.stepFailed(KeywordMain.groovy:32)
	at com.kms.katalon.core.webui.keyword.internal.WebUIKeywordMain.stepFailed(WebUIKeywordMain.groovy:65)
	at com.kms.katalon.core.webui.keyword.internal.WebUIKeywordMain.runKeyword(WebUIKeywordMain.groovy:27)
	at com.kms.katalon.core.webui.keyword.builtin.SetTextKeyword.setText(SetTextKeyword.groovy:65)
	at com.kms.katalon.core.webui.keyword.builtin.SetTextKeyword.execute(SetTextKeyword.groovy:37)
	at com.kms.katalon.core.keyword.internal.KeywordExecutor.executeKeywordForPlatform(KeywordExecutor.groovy:53)
	at com.kms.katalon.core.webui.keyword.WebUiBuiltInKeywords.setText(WebUiBuiltInKeywords.groovy:950)
	at com.kms.katalon.core.webui.keyword.WebUiBuiltInKeywords$setText$1.call(Unknown Source)
	at org.codehaus.groovy.runtime.callsite.CallSiteArray.defaultCall(CallSiteArray.java:48)
	at org.codehaus.groovy.runtime.callsite.AbstractCallSite.call(AbstractCallSite.java:113)
	at org.codehaus.groovy.runtime.callsite.AbstractCallSite.call(AbstractCallSite.java:133)
	at Script1536200585960.run(Script1536200585960.groovy:165)
	at com.kms.katalon.core.main.ScriptEngine.run(ScriptEngine.java:183)
	at com.kms.katalon.core.main.ScriptEngine.runScriptAsRawText(ScriptEngine.java:108)
	at com.kms.katalon.core.main.TestCaseExecutor.runScript(TestCaseExecutor.java:294)
	at com.kms.katalon.core.main.TestCaseExecutor.doExecute(TestCaseExecutor.java:285)
	at com.kms.katalon.core.main.TestCaseExecutor.processExecutionPhase(TestCaseExecutor.java:264)
	at com.kms.katalon.core.main.TestCaseExecutor.accessMainPhase(TestCaseExecutor.java:256)
	at com.kms.katalon.core.main.TestCaseExecutor.execute(TestCaseExecutor.java:200)
	at com.kms.katalon.core.main.TestSuiteExecutor.accessTestCaseMainPhase(TestSuiteExecutor.java:129)
	at com.kms.katalon.core.main.TestSuiteExecutor.accessTestSuiteMainPhase(TestSuiteExecutor.java:112)
	at com.kms.katalon.core.main.TestSuiteExecutor.execute(TestSuiteExecutor.java:81)
	at com.kms.katalon.core.main.TestCaseMain.startTestSuite(TestCaseMain.java:142)
	at com.kms.katalon.core.main.TestCaseMain$startTestSuite$0.call(Unknown Source)
	at org.codehaus.groovy.runtime.callsite.CallSiteArray.defaultCall(CallSiteArray.java:48)
	at org.codehaus.groovy.runtime.callsite.AbstractCallSite.call(AbstractCallSite.java:113)
	at org.codehaus.groovy.runtime.callsite.AbstractCallSite.call(AbstractCallSite.java:141)
	at TempTestSuite1544087655094.run(TempTestSuite1544087655094.groovy:36)
	at groovy.lang.GroovyShell.runScriptOrMainOrTestOrRunnable(GroovyShell.java:263)
	at groovy.lang.GroovyShell.run(GroovyShell.java:518)
	at groovy.lang.GroovyShell.run(GroovyShell.java:507)
	at groovy.ui.GroovyMain.processOnce(GroovyMain.java:653)
	at groovy.ui.GroovyMain.run(GroovyMain.java:384)
	at groovy.ui.GroovyMain.process(GroovyMain.java:370)
	at groovy.ui.GroovyMain.processArgs(GroovyMain.java:129)
	at groovy.ui.GroovyMain.main(GroovyMain.java:109)
	at sun.reflect.NativeMethodAccessorImpl.invoke0(Native Method)
	at sun.reflect.NativeMethodAccessorImpl.invoke(NativeMethodAccessorImpl.java:62)
	at sun.reflect.DelegatingMethodAccessorImpl.invoke(DelegatingMethodAccessorImpl.java:43)
	at java.lang.reflect.Method.invoke(Method.java:498)
	at org.codehaus.groovy.tools.GroovyStarter.rootLoader(GroovyStarter.java:109)
	at org.codehaus.groovy.tools.GroovyStarter.main(GroovyStarter.java:131)
)

2018-12-07 00:48:55 - [TEST_STEP][PASSED] - callTestCase: Call Test Case 'Test Cases/Final Aug 2018 - PKS Automation/Registration Module/Workflow/Update Add New Employee/Template/New Company for Update Add New' successfully

2018-12-07 00:48:55 - [TEST_CASE][PASSED] - Test Cases/Final Aug 2018 - PKS Automation/Registration Module/Workflow/Update Add New Employee/Template/New Company for Update Add New: Test Cases/Final Aug 2018 - PKS Automation/Registration Module/Workflow/Update Add New Employee/Template/New Company for Update Add New

2018-12-07 00:48:55 - [TEST_STEP][PASSED] - callTestCase: Call Test Case 'Test Cases/Final Aug 2018 - PKS Automation/Registration Module/New Registration/Form 1/Form 1 - Corporation - BHD' successfully

2018-12-07 00:48:55 - [TEST_CASE][PASSED] - Test Cases/Final Aug 2018 - PKS Automation/Registration Module/New Registration/Form 1/Form 1 - Corporation - BHD: Test Cases/Final Aug 2018 - PKS Automation/Registration Module/New Registration/Form 1/Form 1 - Corporation - BHD

2018-12-07 00:48:55 - [TEST_STEP][PASSED] - openBrowser: Browser is opened with url: ''

2018-12-07 00:48:55 - [MESSAGE][WARNING] - A browser is already opened. Closing browser and opening a new one

2018-12-07 00:48:59 - [MESSAGE][PASSED] - Browser is opened with url: ''

2018-12-07 00:48:59 - [TEST_STEP][PASSED] - navigateToUrl: Navigate to 'https://assist2-uat.perkeso.gov.my/login' successfully

2018-12-07 00:49:00 - [MESSAGE][PASSED] - Navigate to 'https://assist2-uat.perkeso.gov.my/login' successfully

2018-12-07 00:49:00 - [TEST_STEP][PASSED] - setText: Text 'johorotc1@gmail.com' is set on object 'Object Repository/Final Object Repo/Login Page/Internal User/Email Address'

2018-12-07 00:49:01 - [MESSAGE][PASSED] - Text 'johorotc1@gmail.com' is set on object 'Object Repository/Final Object Repo/Login Page/Internal User/Email Address'

2018-12-07 00:49:01 - [TEST_STEP][PASSED] - click: Object: 'Object Repository/Final Object Repo/Login Page/Internal User/Next Button' is clicked on

2018-12-07 00:49:01 - [MESSAGE][PASSED] - Object: 'Object Repository/Final Object Repo/Login Page/Internal User/Next Button' is clicked on

2018-12-07 00:49:01 - [TEST_STEP][PASSED] - delay: Delayed 1 second(s)

2018-12-07 00:49:02 - [MESSAGE][PASSED] - Delayed 1 second(s)

2018-12-07 00:49:02 - [TEST_STEP][PASSED] - setEncryptedText: Text ****** has been set on object 'Object Repository/Final Object Repo/Login Page/Internal User/Password'

2018-12-07 00:49:02 - [MESSAGE][PASSED] - Text ****** has been set on object 'Object Repository/Final Object Repo/Login Page/Internal User/Password'

2018-12-07 00:49:02 - [TEST_STEP][PASSED] - click: Object: 'Object Repository/Final Object Repo/Login Page/Internal User/Login Button' is clicked on

2018-12-07 00:49:02 - [MESSAGE][PASSED] - Object: 'Object Repository/Final Object Repo/Login Page/Internal User/Login Button' is clicked on

2018-12-07 00:49:02 - [TEST_STEP][PASSED] - delay: Delayed 1 second(s)

2018-12-07 00:49:03 - [MESSAGE][PASSED] - Delayed 1 second(s)

2018-12-07 00:49:03 - [TEST_STEP][PASSED] - Statement - Try: Delayed 2 second(s)

2018-12-07 00:49:03 - [TEST_STEP][PASSED] - Statement - Checker = false: null

2018-12-07 00:49:03 - [TEST_STEP][PASSED] - Statement - Checker = com.kms.katalon.core.webui.keyword.WebUiBuiltInKeywords.verifyElementHasAttribute(com.kms.katalon.core.testobject.ObjectRepository.findTestObject(Final Object Repo/Landing Page/BM Detecting), "href", 20, OPTIONAL): Object 'Object Repository/Final Object Repo/Landing Page/BM Detecting' has attribute 'href'

2018-12-07 00:49:04 - [MESSAGE][PASSED] - Object 'Object Repository/Final Object Repo/Landing Page/BM Detecting' has attribute 'href'

2018-12-07 00:49:04 - [TEST_STEP][PASSED] - Statement - out.println(Checker): null

2018-12-07 00:49:04 - [TEST_STEP][PASSED] - Statement - If (Checker == false): null

2018-12-07 00:49:04 - [TEST_STEP][PASSED] - Statement - Else: null

2018-12-07 00:49:04 - [TEST_STEP][PASSED] - delay: Delayed 2 second(s)

2018-12-07 00:49:06 - [MESSAGE][PASSED] - Delayed 2 second(s)

2018-12-07 00:49:06 - [TEST_STEP][PASSED] - navigateToUrl: Navigate to 'https://assist2-uat.perkeso.gov.my/web/registration/registration' successfully

2018-12-07 00:49:08 - [MESSAGE][PASSED] - Navigate to 'https://assist2-uat.perkeso.gov.my/web/registration/registration' successfully

2018-12-07 00:49:08 - [TEST_STEP][PASSED] - click: Object: 'Object Repository/Final Object Repo/New Registration - Registration Module Pages/Form 1/AEC - No' is clicked on

2018-12-07 00:49:08 - [MESSAGE][PASSED] - Object: 'Object Repository/Final Object Repo/New Registration - Registration Module Pages/Form 1/AEC - No' is clicked on

2018-12-07 00:49:08 - [TEST_STEP][PASSED] - click: Object: 'Object Repository/Final Object Repo/New Registration - Registration Module Pages/Form 1/Business Entity' is clicked on

2018-12-07 00:49:08 - [MESSAGE][PASSED] - Object: 'Object Repository/Final Object Repo/New Registration - Registration Module Pages/Form 1/Business Entity' is clicked on

2018-12-07 00:49:08 - [TEST_STEP][PASSED] - click: Object: 'Object Repository/Final Object Repo/New Registration - Registration Module Pages/Form 1/Businees Entity - Corporation' is clicked on

2018-12-07 00:49:09 - [MESSAGE][PASSED] - Object: 'Object Repository/Final Object Repo/New Registration - Registration Module Pages/Form 1/Businees Entity - Corporation' is clicked on

2018-12-07 00:49:09 - [TEST_STEP][PASSED] - delay: Delayed 1 second(s)

2018-12-07 00:49:10 - [MESSAGE][PASSED] - Delayed 1 second(s)

2018-12-07 00:49:10 - [TEST_STEP][PASSED] - click: Object: 'Object Repository/Final Object Repo/New Registration - Registration Module Pages/Form 1/Sub Business Entity' is clicked on

2018-12-07 00:49:10 - [MESSAGE][PASSED] - Object: 'Object Repository/Final Object Repo/New Registration - Registration Module Pages/Form 1/Sub Business Entity' is clicked on

2018-12-07 00:49:10 - [TEST_STEP][PASSED] - click: Object: 'Object Repository/Final Object Repo/New Registration - Registration Module Pages/Form 1/Sub Business Entity - Berhad' is clicked on

2018-12-07 00:49:10 - [MESSAGE][PASSED] - Object: 'Object Repository/Final Object Repo/New Registration - Registration Module Pages/Form 1/Sub Business Entity - Berhad' is clicked on

2018-12-07 00:49:10 - [TEST_STEP][PASSED] - delay: Delayed 1 second(s)

2018-12-07 00:49:11 - [MESSAGE][PASSED] - Delayed 1 second(s)

2018-12-07 00:49:11 - [TEST_STEP][PASSED] - setText: Text '123' is set on object 'Object Repository/Final Object Repo/New Registration - Registration Module Pages/Form 1/Registration Number'

2018-12-07 00:49:11 - [MESSAGE][PASSED] - Text '123' is set on object 'Object Repository/Final Object Repo/New Registration - Registration Module Pages/Form 1/Registration Number'

2018-12-07 00:49:11 - [TEST_STEP][PASSED] - click: Object: 'Object Repository/Final Object Repo/New Registration - Registration Module Pages/Form 1/Registred with SSM - Before Feb' is clicked on

2018-12-07 00:49:11 - [MESSAGE][PASSED] - Object: 'Object Repository/Final Object Repo/New Registration - Registration Module Pages/Form 1/Registred with SSM - Before Feb' is clicked on

2018-12-07 00:49:11 - [TEST_STEP][PASSED] - click: Object: 'Object Repository/Final Object Repo/New Registration - Registration Module Pages/Form 1/Registered As a Branch - Yes' is clicked on

2018-12-07 00:49:12 - [MESSAGE][PASSED] - Object: 'Object Repository/Final Object Repo/New Registration - Registration Module Pages/Form 1/Registered As a Branch - Yes' is clicked on

2018-12-07 00:49:12 - [TEST_STEP][PASSED] - click: Object: 'Object Repository/Final Object Repo/New Registration - Registration Module Pages/Form 1/Acknowledgement' is clicked on

2018-12-07 00:49:12 - [MESSAGE][PASSED] - Object: 'Object Repository/Final Object Repo/New Registration - Registration Module Pages/Form 1/Acknowledgement' is clicked on

2018-12-07 00:49:12 - [TEST_STEP][PASSED] - setText: Text 'perkeso' is set on object 'Object Repository/Final Object Repo/New Registration - Registration Module Pages/Form 1/Industry name'

2018-12-07 00:49:12 - [MESSAGE][PASSED] - Text 'perkeso' is set on object 'Object Repository/Final Object Repo/New Registration - Registration Module Pages/Form 1/Industry name'

2018-12-07 00:49:12 - [TEST_STEP][PASSED] - setText: Text 'perkeso1' is set on object 'Object Repository/Final Object Repo/New Registration - Registration Module Pages/Form 1/Postal Address1'

2018-12-07 00:49:12 - [MESSAGE][PASSED] - Text 'perkeso1' is set on object 'Object Repository/Final Object Repo/New Registration - Registration Module Pages/Form 1/Postal Address1'

2018-12-07 00:49:12 - [TEST_STEP][PASSED] - setText: Text 'perkeso2' is set on object 'Object Repository/Final Object Repo/New Registration - Registration Module Pages/Form 1/Postal Address2'

2018-12-07 00:49:13 - [MESSAGE][PASSED] - Text 'perkeso2' is set on object 'Object Repository/Final Object Repo/New Registration - Registration Module Pages/Form 1/Postal Address2'

2018-12-07 00:49:13 - [TEST_STEP][PASSED] - setText: Text 'perkeso3' is set on object 'Object Repository/Final Object Repo/New Registration - Registration Module Pages/Form 1/Postal Address3'

2018-12-07 00:49:13 - [MESSAGE][PASSED] - Text 'perkeso3' is set on object 'Object Repository/Final Object Repo/New Registration - Registration Module Pages/Form 1/Postal Address3'

2018-12-07 00:49:13 - [TEST_STEP][PASSED] - click: Object: 'Object Repository/Final Object Repo/New Registration - Registration Module Pages/Form 1/State' is clicked on

2018-12-07 00:49:13 - [MESSAGE][PASSED] - Object: 'Object Repository/Final Object Repo/New Registration - Registration Module Pages/Form 1/State' is clicked on

2018-12-07 00:49:13 - [TEST_STEP][PASSED] - click: Object: 'Object Repository/Final Object Repo/New Registration - Registration Module Pages/Form 1/State - Johor' is clicked on

2018-12-07 00:49:13 - [MESSAGE][PASSED] - Object: 'Object Repository/Final Object Repo/New Registration - Registration Module Pages/Form 1/State - Johor' is clicked on

2018-12-07 00:49:13 - [TEST_STEP][PASSED] - delay: Delayed 1 second(s)

2018-12-07 00:49:14 - [MESSAGE][PASSED] - Delayed 1 second(s)

2018-12-07 00:49:14 - [TEST_STEP][PASSED] - click: Object: 'Object Repository/Final Object Repo/New Registration - Registration Module Pages/Form 1/City' is clicked on

2018-12-07 00:49:15 - [MESSAGE][PASSED] - Object: 'Object Repository/Final Object Repo/New Registration - Registration Module Pages/Form 1/City' is clicked on

2018-12-07 00:49:15 - [TEST_STEP][PASSED] - setText: Text 'joh' is set on object 'Object Repository/Final Object Repo/New Registration - Registration Module Pages/Form 1/Postcode - 810'

2018-12-07 00:49:15 - [MESSAGE][PASSED] - Text 'joh' is set on object 'Object Repository/Final Object Repo/New Registration - Registration Module Pages/Form 1/Postcode - 810'

2018-12-07 00:49:15 - [TEST_STEP][PASSED] - delay: Delayed 1 second(s)

2018-12-07 00:49:16 - [MESSAGE][PASSED] - Delayed 1 second(s)

2018-12-07 00:49:16 - [TEST_STEP][PASSED] - click: Object: 'Object Repository/Final Object Repo/New Registration - Registration Module Pages/Form 1/City - Johor Bharu' is clicked on

2018-12-07 00:49:16 - [MESSAGE][PASSED] - Object: 'Object Repository/Final Object Repo/New Registration - Registration Module Pages/Form 1/City - Johor Bharu' is clicked on

2018-12-07 00:49:16 - [TEST_STEP][PASSED] - delay: Delayed 1 second(s)

2018-12-07 00:49:17 - [MESSAGE][PASSED] - Delayed 1 second(s)

2018-12-07 00:49:17 - [TEST_STEP][PASSED] - click: Object: 'Object Repository/Final Object Repo/New Registration - Registration Module Pages/Form 1/Postcode' is clicked on

2018-12-07 00:49:17 - [MESSAGE][PASSED] - Object: 'Object Repository/Final Object Repo/New Registration - Registration Module Pages/Form 1/Postcode' is clicked on

2018-12-07 00:49:17 - [TEST_STEP][PASSED] - delay: Delayed 1 second(s)

2018-12-07 00:49:18 - [MESSAGE][PASSED] - Delayed 1 second(s)

2018-12-07 00:49:18 - [TEST_STEP][PASSED] - setText: Text '810' is set on object 'Object Repository/Final Object Repo/New Registration - Registration Module Pages/Form 1/Postcode - 810'

2018-12-07 00:49:18 - [MESSAGE][PASSED] - Text '810' is set on object 'Object Repository/Final Object Repo/New Registration - Registration Module Pages/Form 1/Postcode - 810'

2018-12-07 00:49:18 - [TEST_STEP][PASSED] - delay: Delayed 3 second(s)

2018-12-07 00:49:21 - [MESSAGE][PASSED] - Delayed 3 second(s)

2018-12-07 00:49:21 - [TEST_STEP][PASSED] - click: Object: 'Object Repository/Final Object Repo/New Registration - Registration Module Pages/Form 1/Postcode - 81000' is clicked on

2018-12-07 00:49:22 - [MESSAGE][PASSED] - Object: 'Object Repository/Final Object Repo/New Registration - Registration Module Pages/Form 1/Postcode - 81000' is clicked on

2018-12-07 00:49:22 - [TEST_STEP][PASSED] - delay: Delayed 1 second(s)

2018-12-07 00:49:23 - [MESSAGE][PASSED] - Delayed 1 second(s)

2018-12-07 00:49:23 - [TEST_STEP][PASSED] - setText: Text '100' is set on object 'Object Repository/Final Object Repo/New Registration - Registration Module Pages/Form 1/P.O.BOX'

2018-12-07 00:49:23 - [MESSAGE][PASSED] - Text '100' is set on object 'Object Repository/Final Object Repo/New Registration - Registration Module Pages/Form 1/P.O.BOX'

2018-12-07 00:49:23 - [TEST_STEP][PASSED] - setText: Text '100' is set on object 'Object Repository/Final Object Repo/New Registration - Registration Module Pages/Form 1/Locked Bag No'

2018-12-07 00:49:23 - [MESSAGE][PASSED] - Text '100' is set on object 'Object Repository/Final Object Repo/New Registration - Registration Module Pages/Form 1/Locked Bag No'

2018-12-07 00:49:23 - [TEST_STEP][PASSED] - click: Object: 'Object Repository/Final Object Repo/New Registration - Registration Module Pages/Form 1/SOCSO Office Location' is clicked on

2018-12-07 00:49:23 - [MESSAGE][PASSED] - Object: 'Object Repository/Final Object Repo/New Registration - Registration Module Pages/Form 1/SOCSO Office Location' is clicked on

2018-12-07 00:49:23 - [TEST_STEP][PASSED] - click: Object: 'Object Repository/Final Object Repo/New Registration - Registration Module Pages/Form 1/SOCSO Office Location - Pejabat PERKESO Negeri Johor' is clicked on

2018-12-07 00:49:24 - [MESSAGE][PASSED] - Object: 'Object Repository/Final Object Repo/New Registration - Registration Module Pages/Form 1/SOCSO Office Location - Pejabat PERKESO Negeri Johor' is clicked on

2018-12-07 00:49:24 - [TEST_STEP][PASSED] - delay: Delayed 1 second(s)

2018-12-07 00:49:25 - [MESSAGE][PASSED] - Delayed 1 second(s)

2018-12-07 00:49:25 - [TEST_STEP][PASSED] - check: Object 'Object Repository/Final Object Repo/New Registration - Registration Module Pages/Form 1/Indusrty Address Same As Postal Address' is checked

2018-12-07 00:49:25 - [MESSAGE][PASSED] - Object 'Object Repository/Final Object Repo/New Registration - Registration Module Pages/Form 1/Indusrty Address Same As Postal Address' is checked

2018-12-07 00:49:25 - [TEST_STEP][PASSED] - delay: Delayed 3 second(s)

2018-12-07 00:49:28 - [MESSAGE][PASSED] - Delayed 3 second(s)

2018-12-07 00:49:28 - [TEST_STEP][PASSED] - click: Object: 'Object Repository/Final Object Repo/New Registration - Registration Module Pages/Form 1/Indusry Address Same As Postal Address False' is clicked on

2018-12-07 00:49:28 - [MESSAGE][PASSED] - Object: 'Object Repository/Final Object Repo/New Registration - Registration Module Pages/Form 1/Indusry Address Same As Postal Address False' is clicked on

2018-12-07 00:49:28 - [TEST_STEP][PASSED] - delay: Delayed 1 second(s)

2018-12-07 00:49:29 - [MESSAGE][PASSED] - Delayed 1 second(s)

2018-12-07 00:49:29 - [TEST_STEP][PASSED] - setText: Text 'perkeso1' is set on object 'Object Repository/Final Object Repo/New Registration - Registration Module Pages/Form 1/Industry Address1'

2018-12-07 00:49:29 - [MESSAGE][PASSED] - Text 'perkeso1' is set on object 'Object Repository/Final Object Repo/New Registration - Registration Module Pages/Form 1/Industry Address1'

2018-12-07 00:49:29 - [TEST_STEP][PASSED] - setText: Text 'perkeso2' is set on object 'Object Repository/Final Object Repo/New Registration - Registration Module Pages/Form 1/Industry Address2'

2018-12-07 00:49:30 - [MESSAGE][PASSED] - Text 'perkeso2' is set on object 'Object Repository/Final Object Repo/New Registration - Registration Module Pages/Form 1/Industry Address2'

2018-12-07 00:49:30 - [TEST_STEP][PASSED] - setText: Text 'perkeso3' is set on object 'Object Repository/Final Object Repo/New Registration - Registration Module Pages/Form 1/Industry Address3'

2018-12-07 00:49:30 - [MESSAGE][PASSED] - Text 'perkeso3' is set on object 'Object Repository/Final Object Repo/New Registration - Registration Module Pages/Form 1/Industry Address3'

2018-12-07 00:49:30 - [TEST_STEP][PASSED] - click: Object: 'Object Repository/Final Object Repo/New Registration - Registration Module Pages/Form 1/Industry State' is clicked on

2018-12-07 00:49:30 - [MESSAGE][PASSED] - Object: 'Object Repository/Final Object Repo/New Registration - Registration Module Pages/Form 1/Industry State' is clicked on

2018-12-07 00:49:30 - [TEST_STEP][PASSED] - delay: Delayed 2 second(s)

2018-12-07 00:49:32 - [MESSAGE][PASSED] - Delayed 2 second(s)

2018-12-07 00:49:32 - [TEST_STEP][PASSED] - click: Object: 'Object Repository/Final Object Repo/New Registration - Registration Module Pages/Form 1/Industry State - Johor' is clicked on

2018-12-07 00:49:33 - [MESSAGE][PASSED] - Object: 'Object Repository/Final Object Repo/New Registration - Registration Module Pages/Form 1/Industry State - Johor' is clicked on

2018-12-07 00:49:33 - [TEST_STEP][PASSED] - delay: Delayed 2 second(s)

2018-12-07 00:49:35 - [MESSAGE][PASSED] - Delayed 2 second(s)

2018-12-07 00:49:35 - [TEST_STEP][PASSED] - click: Object: 'Object Repository/Final Object Repo/New Registration - Registration Module Pages/Form 1/Industry Ciry' is clicked on

2018-12-07 00:49:35 - [MESSAGE][PASSED] - Object: 'Object Repository/Final Object Repo/New Registration - Registration Module Pages/Form 1/Industry Ciry' is clicked on

2018-12-07 00:49:35 - [TEST_STEP][PASSED] - setText: Text 'joh' is set on object 'Object Repository/Final Object Repo/New Registration - Registration Module Pages/Form 1/Industry Ciry - joh'

2018-12-07 00:49:35 - [MESSAGE][PASSED] - Text 'joh' is set on object 'Object Repository/Final Object Repo/New Registration - Registration Module Pages/Form 1/Industry Ciry - joh'

2018-12-07 00:49:35 - [TEST_STEP][PASSED] - delay: Delayed 2 second(s)

2018-12-07 00:49:37 - [MESSAGE][PASSED] - Delayed 2 second(s)

2018-12-07 00:49:37 - [TEST_STEP][PASSED] - click: Object: 'Object Repository/Final Object Repo/New Registration - Registration Module Pages/Form 1/Industy State - Johor Bharu' is clicked on

2018-12-07 00:49:37 - [MESSAGE][PASSED] - Object: 'Object Repository/Final Object Repo/New Registration - Registration Module Pages/Form 1/Industy State - Johor Bharu' is clicked on

2018-12-07 00:49:37 - [TEST_STEP][PASSED] - delay: Delayed 1 second(s)

2018-12-07 00:49:38 - [MESSAGE][PASSED] - Delayed 1 second(s)

2018-12-07 00:49:38 - [TEST_STEP][PASSED] - click: Object: 'Object Repository/Final Object Repo/New Registration - Registration Module Pages/Form 1/Indusry PostCode' is clicked on

2018-12-07 00:49:38 - [MESSAGE][PASSED] - Object: 'Object Repository/Final Object Repo/New Registration - Registration Module Pages/Form 1/Indusry PostCode' is clicked on

2018-12-07 00:49:38 - [TEST_STEP][PASSED] - delay: Delayed 1 second(s)

2018-12-07 00:49:39 - [MESSAGE][PASSED] - Delayed 1 second(s)

2018-12-07 00:49:39 - [TEST_STEP][PASSED] - setText: Text '810' is set on object 'Object Repository/Final Object Repo/New Registration - Registration Module Pages/Form 1/Insutry Post Code - 810'

2018-12-07 00:49:39 - [MESSAGE][PASSED] - Text '810' is set on object 'Object Repository/Final Object Repo/New Registration - Registration Module Pages/Form 1/Insutry Post Code - 810'

2018-12-07 00:49:39 - [TEST_STEP][PASSED] - delay: Delayed 1 second(s)

2018-12-07 00:49:40 - [MESSAGE][PASSED] - Delayed 1 second(s)

2018-12-07 00:49:40 - [TEST_STEP][PASSED] - click: Object: 'Object Repository/Final Object Repo/New Registration - Registration Module Pages/Form 1/Insutry Post Code - 81000' is clicked on

2018-12-07 00:49:41 - [MESSAGE][PASSED] - Object: 'Object Repository/Final Object Repo/New Registration - Registration Module Pages/Form 1/Insutry Post Code - 81000' is clicked on

2018-12-07 00:49:41 - [TEST_STEP][PASSED] - delay: Delayed 1 second(s)

2018-12-07 00:49:42 - [MESSAGE][PASSED] - Delayed 1 second(s)

2018-12-07 00:49:42 - [TEST_STEP][PASSED] - setText: Text '100' is set on object 'Object Repository/Final Object Repo/New Registration - Registration Module Pages/Form 1/Industry P.O.BOX'

2018-12-07 00:49:42 - [MESSAGE][PASSED] - Text '100' is set on object 'Object Repository/Final Object Repo/New Registration - Registration Module Pages/Form 1/Industry P.O.BOX'

2018-12-07 00:49:42 - [TEST_STEP][PASSED] - setText: Text '100' is set on object 'Object Repository/Final Object Repo/New Registration - Registration Module Pages/Form 1/Industry Locked Bag No'

2018-12-07 00:49:42 - [MESSAGE][PASSED] - Text '100' is set on object 'Object Repository/Final Object Repo/New Registration - Registration Module Pages/Form 1/Industry Locked Bag No'

2018-12-07 00:49:42 - [TEST_STEP][PASSED] - setText: Text '123456789' is set on object 'Object Repository/Final Object Repo/New Registration - Registration Module Pages/Form 1/Telephone No'

2018-12-07 00:49:43 - [MESSAGE][PASSED] - Text '123456789' is set on object 'Object Repository/Final Object Repo/New Registration - Registration Module Pages/Form 1/Telephone No'

2018-12-07 00:49:43 - [TEST_STEP][PASSED] - setText: Text '123456789' is set on object 'Object Repository/Final Object Repo/New Registration - Registration Module Pages/Form 1/Mobile No'

2018-12-07 00:49:43 - [MESSAGE][PASSED] - Text '123456789' is set on object 'Object Repository/Final Object Repo/New Registration - Registration Module Pages/Form 1/Mobile No'

2018-12-07 00:49:43 - [TEST_STEP][PASSED] - setText: Text '123456789' is set on object 'Object Repository/Final Object Repo/New Registration - Registration Module Pages/Form 1/Fax No'

2018-12-07 00:49:43 - [MESSAGE][PASSED] - Text '123456789' is set on object 'Object Repository/Final Object Repo/New Registration - Registration Module Pages/Form 1/Fax No'

2018-12-07 00:49:43 - [TEST_STEP][PASSED] - click: Object: 'Object Repository/Final Object Repo/New Registration - Registration Module Pages/Form 1/Industry Code' is clicked on

2018-12-07 00:49:44 - [MESSAGE][PASSED] - Object: 'Object Repository/Final Object Repo/New Registration - Registration Module Pages/Form 1/Industry Code' is clicked on

2018-12-07 00:49:44 - [TEST_STEP][PASSED] - click: Object: 'Object Repository/Final Object Repo/New Registration - Registration Module Pages/Form 1/Indudustry Code - Crops and Animal' is clicked on

2018-12-07 00:49:44 - [MESSAGE][PASSED] - Object: 'Object Repository/Final Object Repo/New Registration - Registration Module Pages/Form 1/Indudustry Code - Crops and Animal' is clicked on

2018-12-07 00:49:44 - [TEST_STEP][PASSED] - delay: Delayed 1 second(s)

2018-12-07 00:49:45 - [MESSAGE][PASSED] - Delayed 1 second(s)

2018-12-07 00:49:45 - [TEST_STEP][PASSED] - click: Object: 'Object Repository/Final Object Repo/New Registration - Registration Module Pages/Form 1/Sub Industry Code List' is clicked on

2018-12-07 00:49:45 - [MESSAGE][PASSED] - Object: 'Object Repository/Final Object Repo/New Registration - Registration Module Pages/Form 1/Sub Industry Code List' is clicked on

2018-12-07 00:49:45 - [TEST_STEP][PASSED] - click: Object: 'Object Repository/Final Object Repo/New Registration - Registration Module Pages/Form 1/Sub Industry Code List - Growing of Maize' is clicked on

2018-12-07 00:49:45 - [MESSAGE][PASSED] - Object: 'Object Repository/Final Object Repo/New Registration - Registration Module Pages/Form 1/Sub Industry Code List - Growing of Maize' is clicked on

2018-12-07 00:49:45 - [TEST_STEP][PASSED] - setText: Text 'perkeso123@gmail.com' is set on object 'Object Repository/Final Object Repo/New Registration - Registration Module Pages/Form 1/Email'

2018-12-07 00:49:46 - [MESSAGE][PASSED] - Text 'perkeso123@gmail.com' is set on object 'Object Repository/Final Object Repo/New Registration - Registration Module Pages/Form 1/Email'

2018-12-07 00:49:46 - [TEST_STEP][PASSED] - click: Object: 'Object Repository/Final Object Repo/New Registration - Registration Module Pages/Form 1/Method of Contribution Payment' is clicked on

2018-12-07 00:49:46 - [MESSAGE][PASSED] - Object: 'Object Repository/Final Object Repo/New Registration - Registration Module Pages/Form 1/Method of Contribution Payment' is clicked on

2018-12-07 00:49:46 - [TEST_STEP][PASSED] - click: Object: 'Object Repository/Final Object Repo/New Registration - Registration Module Pages/Form 1/Method of Contribution Payment - Portal' is clicked on

2018-12-07 00:49:46 - [MESSAGE][PASSED] - Object: 'Object Repository/Final Object Repo/New Registration - Registration Module Pages/Form 1/Method of Contribution Payment - Portal' is clicked on

2018-12-07 00:49:46 - [TEST_STEP][PASSED] - click: Object: 'Object Repository/Final Object Repo/New Registration - Registration Module Pages/Form 1/Servide Type' is clicked on

2018-12-07 00:49:46 - [MESSAGE][PASSED] - Object: 'Object Repository/Final Object Repo/New Registration - Registration Module Pages/Form 1/Servide Type' is clicked on

2018-12-07 00:49:46 - [TEST_STEP][PASSED] - click: Object: 'Object Repository/Final Object Repo/New Registration - Registration Module Pages/Form 1/Servide Type - Professional Bodies' is clicked on

2018-12-07 00:49:47 - [MESSAGE][PASSED] - Object: 'Object Repository/Final Object Repo/New Registration - Registration Module Pages/Form 1/Servide Type - Professional Bodies' is clicked on

2018-12-07 00:49:47 - [TEST_STEP][PASSED] - click: Object: 'Object Repository/Final Object Repo/New Registration - Registration Module Pages/Form 1/Industry Venue' is clicked on

2018-12-07 00:49:47 - [MESSAGE][PASSED] - Object: 'Object Repository/Final Object Repo/New Registration - Registration Module Pages/Form 1/Industry Venue' is clicked on

2018-12-07 00:49:47 - [TEST_STEP][PASSED] - click: Object: 'Object Repository/Final Object Repo/New Registration - Registration Module Pages/Form 1/Industry Venue -  PPN JOHOR' is clicked on

2018-12-07 00:49:47 - [MESSAGE][PASSED] - Object: 'Object Repository/Final Object Repo/New Registration - Registration Module Pages/Form 1/Industry Venue -  PPN JOHOR' is clicked on

2018-12-07 00:49:47 - [TEST_STEP][PASSED] - click: Object: 'Object Repository/Final Object Repo/New Registration - Registration Module Pages/Form 1/Save  Continue' is clicked on

2018-12-07 00:49:47 - [MESSAGE][PASSED] - Object: 'Object Repository/Final Object Repo/New Registration - Registration Module Pages/Form 1/Save  Continue' is clicked on

2018-12-07 00:49:47 - [MESSAGE][PASSED] - Call Test Case 'Test Cases/Final Aug 2018 - PKS Automation/Registration Module/New Registration/Form 1/Form 1 - Corporation - BHD' successfully

2018-12-07 00:49:47 - [TEST_STEP][PASSED] - callTestCase: Call Test Case 'Test Cases/Final Aug 2018 - PKS Automation/Registration Module/New Registration/Form 2/Add 1 Eligible' successfully

2018-12-07 00:49:47 - [TEST_CASE][PASSED] - Test Cases/Final Aug 2018 - PKS Automation/Registration Module/New Registration/Form 2/Add 1 Eligible: Test Cases/Final Aug 2018 - PKS Automation/Registration Module/New Registration/Form 2/Add 1 Eligible

2018-12-07 00:49:47 - [TEST_STEP][PASSED] - delay: Delayed 2 second(s)

2018-12-07 00:49:49 - [MESSAGE][PASSED] - Delayed 2 second(s)

2018-12-07 00:49:49 - [TEST_STEP][PASSED] - callTestCase: Call Test Case 'Test Cases/Final Aug 2018 - PKS Automation/Registration Module/New Registration/Form 2/Date Updater' successfully

2018-12-07 00:49:49 - [TEST_CASE][PASSED] - Test Cases/Final Aug 2018 - PKS Automation/Registration Module/New Registration/Form 2/Date Updater: Test Cases/Final Aug 2018 - PKS Automation/Registration Module/New Registration/Form 2/Date Updater

2018-12-07 00:49:49 - [TEST_STEP][PASSED] - Statement - TodayDate = new java.util.Date(): null

2018-12-07 00:49:49 - [TEST_STEP][PASSED] - Statement - CurrentDateNoFilter = new java.text.SimpleDateFormat(): null

2018-12-07 00:49:49 - [TEST_STEP][PASSED] - Statement - CurrentDateNoFilter.applyPattern("MM"): null

2018-12-07 00:49:49 - [TEST_STEP][PASSED] - Statement - monthContainerMatcher = java.lang.Integer.parseInt(CurrentDateNoFilter.format(TodayDate)): null

2018-12-07 00:49:49 - [TEST_STEP][PASSED] - Statement - monthContainerMatcher = monthContainerMatcher - 1: null

2018-12-07 00:49:49 - [TEST_STEP][PASSED] - Statement - CurrentMonth = monthContainerMatcher.toString(): null

2018-12-07 00:49:49 - [TEST_STEP][PASSED] - Statement - CurrentMonth = CurrentMonth: null

2018-12-07 00:49:49 - [TEST_STEP][PASSED] - Statement - CurrentDateNoFilter.applyPattern("yyyy"): null

2018-12-07 00:49:49 - [TEST_STEP][PASSED] - Statement - CurrentYear = CurrentDateNoFilter.format(TodayDate): null

2018-12-07 00:49:49 - [TEST_STEP][PASSED] - Statement - CurrentYear = CurrentYear: null

2018-12-07 00:49:49 - [TEST_STEP][PASSED] - Statement - intCurrentYear = java.lang.Integer.parseInt(CurrentDateNoFilter.format(TodayDate)): null

2018-12-07 00:49:49 - [TEST_STEP][PASSED] - Statement - eighteenYrsAgo = intCurrentYear - 18: null

2018-12-07 00:49:49 - [TEST_STEP][PASSED] - Statement - eighteenYrsBeforeThisYr = eighteenYrsAgo.toString(): null

2018-12-07 00:49:49 - [TEST_STEP][PASSED] - Statement - EighteenYrsBefore = eighteenYrsBeforeThisYr: null

2018-12-07 00:49:49 - [TEST_STEP][PASSED] - Statement - fiftysevenYrsAgo = intCurrentYear - 57: null

2018-12-07 00:49:49 - [TEST_STEP][PASSED] - Statement - fiftysevenYrsBeforeThisYr = fiftysevenYrsAgo.toString(): null

2018-12-07 00:49:49 - [TEST_STEP][PASSED] - Statement - FiftysevenYrsBefore = fiftysevenYrsBeforeThisYr: null

2018-12-07 00:49:49 - [TEST_STEP][PASSED] - Statement - leapYear = false: null

2018-12-07 00:49:49 - [TEST_STEP][PASSED] - Statement - leapYear = intCurrentYear % 4 == 0: null

2018-12-07 00:49:49 - [TEST_STEP][PASSED] - Statement - CurrentDateNoFilter.applyPattern("dd"): null

2018-12-07 00:49:49 - [TEST_STEP][PASSED] - Statement - CurrentDate = CurrentDateNoFilter.format(TodayDate): null

2018-12-07 00:49:49 - [TEST_STEP][PASSED] - Statement - CurrentDate = java.lang.Integer.parseInt(CurrentDate): null

2018-12-07 00:49:49 - [TEST_STEP][PASSED] - Statement - CurrentDate = CurrentDate: null

2018-12-07 00:49:49 - [TEST_STEP][PASSED] - Statement - CurrentDay = java.lang.Integer.parseInt(CurrentDate): null

2018-12-07 00:49:49 - [TEST_STEP][PASSED] - Statement - ConfAdder = <not implemented yet for class: org.codehaus.groovy.ast.expr.EmptyExpression>: null

2018-12-07 00:49:49 - [TEST_STEP][PASSED] - Statement - out.println(CurrentMonth): null

2018-12-07 00:49:49 - [TEST_STEP][PASSED] - Statement - out.println(CurrentDate): null

2018-12-07 00:49:49 - [TEST_STEP][PASSED] - Statement - switch (CurrentDate): null

2018-12-07 00:49:49 - [TEST_STEP][PASSED] - Statement - Default: null

2018-12-07 00:49:49 - [TEST_STEP][PASSED] - Statement - ConfAdder = true: null

2018-12-07 00:49:49 - [TEST_STEP][PASSED] - Statement - Break: null

2018-12-07 00:49:49 - [TEST_STEP][PASSED] - Statement - aDayBefore = <not implemented yet for class: org.codehaus.groovy.ast.expr.EmptyExpression>: null

2018-12-07 00:49:50 - [TEST_STEP][PASSED] - Statement - out.println(ConfAdder): null

2018-12-07 00:49:50 - [TEST_STEP][PASSED] - Statement - If (ConfAdder == true): null

2018-12-07 00:49:50 - [TEST_STEP][PASSED] - Statement - aDayBefore = CurrentDay + 1: null

2018-12-07 00:49:50 - [TEST_STEP][PASSED] - Statement - out.println(aDayBefore): null

2018-12-07 00:49:50 - [TEST_STEP][PASSED] - Statement - If (aDayBefore == 1 && CurrentMonth == 11): null

2018-12-07 00:49:50 - [TEST_STEP][PASSED] - Statement - DayBefore = aDayBefore.toString(): null

2018-12-07 00:49:50 - [TEST_STEP][PASSED] - Statement - OneDayBefore = DayBefore: null

2018-12-07 00:49:50 - [MESSAGE][PASSED] - Call Test Case 'Test Cases/Final Aug 2018 - PKS Automation/Registration Module/New Registration/Form 2/Date Updater' successfully

2018-12-07 00:49:50 - [TEST_STEP][PASSED] - delay: Delayed 1 second(s)

2018-12-07 00:49:51 - [MESSAGE][PASSED] - Delayed 1 second(s)

2018-12-07 00:49:51 - [TEST_STEP][PASSED] - Statement - CaseReferenceNo = com.kms.katalon.core.webui.keyword.WebUiBuiltInKeywords.getText(com.kms.katalon.core.testobject.ObjectRepository.findTestObject(Final Object Repo/New Registration - Registration Module Pages/Form 2/RefNo Acquiring)): Text of object 'Object Repository/Final Object Repo/New Registration - Registration Module Pages/Form 2/RefNo Acquiring' is: 'CRN12201800123075'

2018-12-07 00:49:51 - [MESSAGE][PASSED] - Text of object 'Object Repository/Final Object Repo/New Registration - Registration Module Pages/Form 2/RefNo Acquiring' is: 'CRN12201800123075'

2018-12-07 00:49:51 - [TEST_STEP][PASSED] - delay: Delayed 1 second(s)

2018-12-07 00:49:52 - [MESSAGE][PASSED] - Delayed 1 second(s)

2018-12-07 00:49:52 - [TEST_STEP][PASSED] - click: Object: 'Object Repository/Final Object Repo/New Registration - Registration Module Pages/Form 2/Add Employee Button' is clicked on

2018-12-07 00:49:52 - [MESSAGE][PASSED] - Object: 'Object Repository/Final Object Repo/New Registration - Registration Module Pages/Form 2/Add Employee Button' is clicked on

2018-12-07 00:49:52 - [TEST_STEP][PASSED] - delay: Delayed 1 second(s)

2018-12-07 00:49:53 - [MESSAGE][PASSED] - Delayed 1 second(s)

2018-12-07 00:49:53 - [TEST_STEP][PASSED] - setText: Text '010903091963' is set on object 'Object Repository/Final Object Repo/New Registration - Registration Module Pages/Form 2/NRIC Input'

2018-12-07 00:49:53 - [MESSAGE][PASSED] - Text '010903091963' is set on object 'Object Repository/Final Object Repo/New Registration - Registration Module Pages/Form 2/NRIC Input'

2018-12-07 00:49:53 - [TEST_STEP][PASSED] - click: Object: 'Object Repository/Final Object Repo/New Registration - Registration Module Pages/Form 2/button for search for IC' is clicked on

2018-12-07 00:49:53 - [MESSAGE][PASSED] - Object: 'Object Repository/Final Object Repo/New Registration - Registration Module Pages/Form 2/button for search for IC' is clicked on

2018-12-07 00:49:53 - [TEST_STEP][PASSED] - delay: Delayed 2 second(s)

2018-12-07 00:49:55 - [MESSAGE][PASSED] - Delayed 2 second(s)

2018-12-07 00:49:55 - [TEST_STEP][PASSED] - setText: Text 'Automate001 eligible 1' is set on object 'Object Repository/Final Object Repo/New Registration - Registration Module Pages/Form 2/Employee Name Input'

2018-12-07 00:49:56 - [MESSAGE][PASSED] - Text 'Automate001 eligible 1' is set on object 'Object Repository/Final Object Repo/New Registration - Registration Module Pages/Form 2/Employee Name Input'

2018-12-07 00:49:56 - [TEST_STEP][PASSED] - delay: Delayed 2 second(s)

2018-12-07 00:49:58 - [MESSAGE][PASSED] - Delayed 2 second(s)

2018-12-07 00:49:58 - [TEST_STEP][PASSED] - click: Object: 'Object Repository/Final Object Repo/New Registration - Registration Module Pages/Form 2/DatePicker Pop Up' is clicked on

2018-12-07 00:49:58 - [MESSAGE][PASSED] - Object: 'Object Repository/Final Object Repo/New Registration - Registration Module Pages/Form 2/DatePicker Pop Up' is clicked on

2018-12-07 00:49:58 - [TEST_STEP][PASSED] - click: Object: 'Object Repository/Final Object Repo/New Registration - Registration Module Pages/Form 2/DOB Month' is clicked on

2018-12-07 00:49:58 - [MESSAGE][PASSED] - Object: 'Object Repository/Final Object Repo/New Registration - Registration Module Pages/Form 2/DOB Month' is clicked on

2018-12-07 00:49:58 - [TEST_STEP][PASSED] - Statement - CurrentMonth = CurrentMonth: null

2018-12-07 00:49:58 - [TEST_STEP][PASSED] - Statement - selectMonth = new com.kms.katalon.core.testobject.TestObject(): null

2018-12-07 00:49:58 - [TEST_STEP][PASSED] - Statement - selectMonth.addProperty("xpath", EQUALS, "//body/div/div/div/select/option[@value='" + CurrentMonth + "']", true): null

2018-12-07 00:49:58 - [TEST_STEP][PASSED] - click: Object: '' is clicked on

2018-12-07 00:49:58 - [MESSAGE][PASSED] - Object: '' is clicked on

2018-12-07 00:49:58 - [TEST_STEP][PASSED] - click: Object: 'Object Repository/Final Object Repo/New Registration - Registration Module Pages/Form 2/DOB Year' is clicked on

2018-12-07 00:49:59 - [MESSAGE][PASSED] - Object: 'Object Repository/Final Object Repo/New Registration - Registration Module Pages/Form 2/DOB Year' is clicked on

2018-12-07 00:49:59 - [TEST_STEP][PASSED] - Statement - Eyearsbf = EighteenYrsBefore: null

2018-12-07 00:49:59 - [TEST_STEP][PASSED] - Statement - selectYear = new com.kms.katalon.core.testobject.TestObject(): null

2018-12-07 00:49:59 - [TEST_STEP][PASSED] - Statement - selectYear.addProperty("xpath", EQUALS, "//div/div/div/select/option[@value='" + Eyearsbf + "']", true): null

2018-12-07 00:49:59 - [TEST_STEP][PASSED] - click: Object: '' is clicked on

2018-12-07 00:49:59 - [MESSAGE][PASSED] - Object: '' is clicked on

2018-12-07 00:49:59 - [TEST_STEP][PASSED] - Statement - UpdatedSelectDate = com.kms.katalon.core.webui.keyword.WebUiBuiltInKeywords.modifyObjectProperty(com.kms.katalon.core.testobject.ObjectRepository.findTestObject(Final Object Repo/New Registration - Registration Module Pages/Form 2/DOB Date), "xpath", "equals", "//body/div/table/tbody/tr/td/a[text()="" + CurrentDate + ""]", true): Modify property of object successfully

2018-12-07 00:49:59 - [MESSAGE][PASSED] - Modify property of object successfully

2018-12-07 00:49:59 - [TEST_STEP][PASSED] - delay: Delayed 3 second(s)

2018-12-07 00:50:02 - [MESSAGE][PASSED] - Delayed 3 second(s)

2018-12-07 00:50:02 - [TEST_STEP][PASSED] - click: Object: 'Object Repository/Final Object Repo/New Registration - Registration Module Pages/Form 2/DOB Date' is clicked on

2018-12-07 00:50:02 - [MESSAGE][PASSED] - Object: 'Object Repository/Final Object Repo/New Registration - Registration Module Pages/Form 2/DOB Date' is clicked on

2018-12-07 00:50:02 - [TEST_STEP][PASSED] - delay: Delayed 2 second(s)

2018-12-07 00:50:04 - [MESSAGE][PASSED] - Delayed 2 second(s)

2018-12-07 00:50:04 - [TEST_STEP][PASSED] - click: Object: 'Object Repository/Final Object Repo/New Registration - Registration Module Pages/Form 2/EmploymentStartDate Pop Up' is clicked on

2018-12-07 00:50:04 - [MESSAGE][PASSED] - Object: 'Object Repository/Final Object Repo/New Registration - Registration Module Pages/Form 2/EmploymentStartDate Pop Up' is clicked on

2018-12-07 00:50:04 - [TEST_STEP][PASSED] - delay: Delayed 2 second(s)

2018-12-07 00:50:06 - [MESSAGE][PASSED] - Delayed 2 second(s)

2018-12-07 00:50:06 - [TEST_STEP][PASSED] - click: Object: 'Object Repository/Final Object Repo/New Registration - Registration Module Pages/Form 2/Socso Employment StartDate Month' is clicked on

2018-12-07 00:50:06 - [MESSAGE][PASSED] - Object: 'Object Repository/Final Object Repo/New Registration - Registration Module Pages/Form 2/Socso Employment StartDate Month' is clicked on

2018-12-07 00:50:06 - [TEST_STEP][PASSED] - delay: Delayed 1 second(s)

2018-12-07 00:50:07 - [MESSAGE][PASSED] - Delayed 1 second(s)

2018-12-07 00:50:07 - [TEST_STEP][PASSED] - click: Object: 'Object Repository/Final Object Repo/New Registration - Registration Module Pages/Form 2/Select Socso Employement Startdate Month' is clicked on

2018-12-07 00:50:07 - [MESSAGE][PASSED] - Object: 'Object Repository/Final Object Repo/New Registration - Registration Module Pages/Form 2/Select Socso Employement Startdate Month' is clicked on

2018-12-07 00:50:07 - [TEST_STEP][PASSED] - delay: Delayed 2 second(s)

2018-12-07 00:50:09 - [MESSAGE][PASSED] - Delayed 2 second(s)

2018-12-07 00:50:09 - [TEST_STEP][PASSED] - click: Object: 'Object Repository/Final Object Repo/New Registration - Registration Module Pages/Form 2/Socso Employment StartDate Year' is clicked on

2018-12-07 00:50:10 - [MESSAGE][PASSED] - Object: 'Object Repository/Final Object Repo/New Registration - Registration Module Pages/Form 2/Socso Employment StartDate Year' is clicked on

2018-12-07 00:50:10 - [TEST_STEP][PASSED] - delay: Delayed 1 second(s)

2018-12-07 00:50:11 - [MESSAGE][PASSED] - Delayed 1 second(s)

2018-12-07 00:50:11 - [TEST_STEP][PASSED] - click: Object: 'Object Repository/Final Object Repo/New Registration - Registration Module Pages/Form 2/Select Socso Employment Startdate Year' is clicked on

2018-12-07 00:50:11 - [MESSAGE][PASSED] - Object: 'Object Repository/Final Object Repo/New Registration - Registration Module Pages/Form 2/Select Socso Employment Startdate Year' is clicked on

2018-12-07 00:50:11 - [TEST_STEP][PASSED] - delay: Delayed 2 second(s)

2018-12-07 00:50:13 - [MESSAGE][PASSED] - Delayed 2 second(s)

2018-12-07 00:50:13 - [TEST_STEP][PASSED] - click: Object: 'Object Repository/Final Object Repo/New Registration - Registration Module Pages/Form 2/Socso Employment Start Date Day' is clicked on

2018-12-07 00:50:13 - [MESSAGE][PASSED] - Object: 'Object Repository/Final Object Repo/New Registration - Registration Module Pages/Form 2/Socso Employment Start Date Day' is clicked on

2018-12-07 00:50:13 - [TEST_STEP][PASSED] - delay: Delayed 2 second(s)

2018-12-07 00:50:15 - [MESSAGE][PASSED] - Delayed 2 second(s)

2018-12-07 00:50:15 - [TEST_STEP][PASSED] - click: Object: 'Object Repository/Final Object Repo/New Registration - Registration Module Pages/Form 2/Save Button for Add Employee' is clicked on

2018-12-07 00:50:15 - [MESSAGE][PASSED] - Object: 'Object Repository/Final Object Repo/New Registration - Registration Module Pages/Form 2/Save Button for Add Employee' is clicked on

2018-12-07 00:50:15 - [TEST_STEP][PASSED] - delay: Delayed 6 second(s)

2018-12-07 00:50:21 - [MESSAGE][PASSED] - Delayed 6 second(s)

2018-12-07 00:50:21 - [TEST_STEP][PASSED] - click: Object: 'Object Repository/Final Object Repo/New Registration - Registration Module Pages/Form 2/Save and Continue Form 2' is clicked on

2018-12-07 00:50:21 - [MESSAGE][PASSED] - Object: 'Object Repository/Final Object Repo/New Registration - Registration Module Pages/Form 2/Save and Continue Form 2' is clicked on

2018-12-07 00:50:21 - [MESSAGE][PASSED] - Call Test Case 'Test Cases/Final Aug 2018 - PKS Automation/Registration Module/New Registration/Form 2/Add 1 Eligible' successfully

2018-12-07 00:50:21 - [TEST_STEP][PASSED] - callTestCase: Call Test Case 'Test Cases/Final Aug 2018 - PKS Automation/Registration Module/New Registration/Flow of New Registration/Third Screen - Upload Supporting Doc - Preview' successfully

2018-12-07 00:50:21 - [TEST_CASE][PASSED] - Test Cases/Final Aug 2018 - PKS Automation/Registration Module/New Registration/Flow of New Registration/Third Screen - Upload Supporting Doc - Preview: Test Cases/Final Aug 2018 - PKS Automation/Registration Module/New Registration/Flow of New Registration/Third Screen - Upload Supporting Doc - Preview

2018-12-07 00:50:21 - [TEST_STEP][PASSED] - waitForPageLoad: Wait for page load successfully

2018-12-07 00:50:22 - [MESSAGE][PASSED] - Wait for page load successfully

2018-12-07 00:50:22 - [TEST_STEP][PASSED] - Statement - CaseReferenceNo = com.kms.katalon.core.webui.keyword.WebUiBuiltInKeywords.getText(com.kms.katalon.core.testobject.ObjectRepository.findTestObject(Final Object Repo/New Registration - Registration Module Pages/Third Screen - Upload Supporting Doc- Preview/RefNo Acquiring)): Text of object 'Object Repository/Final Object Repo/New Registration - Registration Module Pages/Third Screen - Upload Supporting Doc- Preview/RefNo Acquiring' is: 'CRN12201800123075'

2018-12-07 00:50:22 - [MESSAGE][PASSED] - Text of object 'Object Repository/Final Object Repo/New Registration - Registration Module Pages/Third Screen - Upload Supporting Doc- Preview/RefNo Acquiring' is: 'CRN12201800123075'

2018-12-07 00:50:22 - [TEST_STEP][PASSED] - delay: Delayed 2 second(s)

2018-12-07 00:50:24 - [MESSAGE][PASSED] - Delayed 2 second(s)

2018-12-07 00:50:24 - [TEST_STEP][PASSED] - callTestCase: Call Test Case 'Test Cases/Final Aug 2018 - PKS Automation/Common/Reference Number Setter' successfully

2018-12-07 00:50:24 - [TEST_CASE][PASSED] - Test Cases/Final Aug 2018 - PKS Automation/Common/Reference Number Setter: Test Cases/Final Aug 2018 - PKS Automation/Common/Reference Number Setter

2018-12-07 00:50:24 - [TEST_STEP][PASSED] - Statement - RefNoOldFile = new java.io.File(C://Users//Admin//Desktop//PKS//Automation Reference Point//KatalonReference.txt): null

2018-12-07 00:50:24 - [TEST_STEP][PASSED] - Statement - RefNoOldFile.delete(): null

2018-12-07 00:50:24 - [TEST_STEP][PASSED] - delay: Delayed 5 second(s)

2018-12-07 00:50:29 - [MESSAGE][PASSED] - Delayed 5 second(s)

2018-12-07 00:50:29 - [TEST_STEP][PASSED] - Statement - RefNo = new java.io.File(C://Users//Admin//Desktop//PKS//Automation Reference Point//KatalonReference.txt): null

2018-12-07 00:50:29 - [TEST_STEP][PASSED] - Statement - f2 = new java.io.FileWriter(RefNo, false): null

2018-12-07 00:50:29 - [TEST_STEP][PASSED] - Statement - f2.write(CaseReferenceNo): null

2018-12-07 00:50:29 - [TEST_STEP][PASSED] - Statement - f2.close(): null

2018-12-07 00:50:29 - [TEST_STEP][PASSED] - Statement - out.println("


" + CaseReferenceNo + "


"): null

2018-12-07 00:50:29 - [MESSAGE][PASSED] - Call Test Case 'Test Cases/Final Aug 2018 - PKS Automation/Common/Reference Number Setter' successfully

2018-12-07 00:50:29 - [TEST_STEP][PASSED] - waitForElementClickable: Object 'Object Repository/Final Object Repo/New Registration - Registration Module Pages/Third Screen - Upload Supporting Doc- Preview/Save n Continue in SIP Employee Listing Page' is clickable

2018-12-07 00:50:29 - [MESSAGE][PASSED] - Object 'Object Repository/Final Object Repo/New Registration - Registration Module Pages/Third Screen - Upload Supporting Doc- Preview/Save n Continue in SIP Employee Listing Page' is clickable

2018-12-07 00:50:29 - [TEST_STEP][PASSED] - click: Object: 'Object Repository/Final Object Repo/New Registration - Registration Module Pages/Third Screen - Upload Supporting Doc- Preview/Save n Continue in SIP Employee Listing Page' is clicked on

2018-12-07 00:50:35 - [MESSAGE][PASSED] - Object: 'Object Repository/Final Object Repo/New Registration - Registration Module Pages/Third Screen - Upload Supporting Doc- Preview/Save n Continue in SIP Employee Listing Page' is clicked on

2018-12-07 00:50:35 - [TEST_STEP][PASSED] - delay: Delayed 7 second(s)

2018-12-07 00:50:42 - [MESSAGE][PASSED] - Delayed 7 second(s)

2018-12-07 00:50:42 - [TEST_STEP][PASSED] - click: Object: 'Object Repository/Final Object Repo/New Registration - Registration Module Pages/Third Screen - Upload Supporting Doc- Preview/Add Document Button' is clicked on

2018-12-07 00:50:42 - [MESSAGE][PASSED] - Object: 'Object Repository/Final Object Repo/New Registration - Registration Module Pages/Third Screen - Upload Supporting Doc- Preview/Add Document Button' is clicked on

2018-12-07 00:50:42 - [TEST_STEP][PASSED] - delay: Delayed 30 second(s)

2018-12-07 00:51:12 - [MESSAGE][PASSED] - Delayed 30 second(s)

2018-12-07 00:51:12 - [TEST_STEP][PASSED] - click: Object: 'Object Repository/Final Object Repo/New Registration - Registration Module Pages/Third Screen - Upload Supporting Doc- Preview/Supporting Doc Please Select Drop Down' is clicked on

2018-12-07 00:51:12 - [MESSAGE][PASSED] - Object: 'Object Repository/Final Object Repo/New Registration - Registration Module Pages/Third Screen - Upload Supporting Doc- Preview/Supporting Doc Please Select Drop Down' is clicked on

2018-12-07 00:51:12 - [TEST_STEP][PASSED] - delay: Delayed 2 second(s)

2018-12-07 00:51:14 - [MESSAGE][PASSED] - Delayed 2 second(s)

2018-12-07 00:51:14 - [TEST_STEP][PASSED] - click: Object: 'Object Repository/Final Object Repo/New Registration - Registration Module Pages/Third Screen - Upload Supporting Doc- Preview/Select to Upload Form 1' is clicked on

2018-12-07 00:51:14 - [MESSAGE][PASSED] - Object: 'Object Repository/Final Object Repo/New Registration - Registration Module Pages/Third Screen - Upload Supporting Doc- Preview/Select to Upload Form 1' is clicked on

2018-12-07 00:51:14 - [TEST_STEP][PASSED] - delay: Delayed 2 second(s)

2018-12-07 00:51:16 - [MESSAGE][PASSED] - Delayed 2 second(s)

2018-12-07 00:51:16 - [TEST_STEP][PASSED] - uploadFile: File 'C:\Users\Public\Pictures\Sample Pictures\Koala.jpg' sent to object: 'Object Repository/Final Object Repo/New Registration - Registration Module Pages/Third Screen - Upload Supporting Doc- Preview/Upload File Adding'

2018-12-07 00:51:16 - [MESSAGE][PASSED] - File 'C:\Users\Public\Pictures\Sample Pictures\Koala.jpg' sent to object: 'Object Repository/Final Object Repo/New Registration - Registration Module Pages/Third Screen - Upload Supporting Doc- Preview/Upload File Adding'

2018-12-07 00:51:16 - [TEST_STEP][PASSED] - delay: Delayed 5 second(s)

2018-12-07 00:51:21 - [MESSAGE][PASSED] - Delayed 5 second(s)

2018-12-07 00:51:21 - [TEST_STEP][PASSED] - click: Object: 'Object Repository/Final Object Repo/New Registration - Registration Module Pages/Third Screen - Upload Supporting Doc- Preview/Inner Form Add Document Button' is clicked on

2018-12-07 00:51:21 - [MESSAGE][PASSED] - Object: 'Object Repository/Final Object Repo/New Registration - Registration Module Pages/Third Screen - Upload Supporting Doc- Preview/Inner Form Add Document Button' is clicked on

2018-12-07 00:51:21 - [TEST_STEP][PASSED] - delay: Delayed 3 second(s)

2018-12-07 00:51:24 - [MESSAGE][PASSED] - Delayed 3 second(s)

2018-12-07 00:51:24 - [TEST_STEP][PASSED] - click: Object: 'Object Repository/Final Object Repo/New Registration - Registration Module Pages/Third Screen - Upload Supporting Doc- Preview/Add Document Button' is clicked on

2018-12-07 00:51:26 - [MESSAGE][PASSED] - Object: 'Object Repository/Final Object Repo/New Registration - Registration Module Pages/Third Screen - Upload Supporting Doc- Preview/Add Document Button' is clicked on

2018-12-07 00:51:26 - [TEST_STEP][PASSED] - delay: Delayed 30 second(s)

2018-12-07 00:51:56 - [MESSAGE][PASSED] - Delayed 30 second(s)

2018-12-07 00:51:56 - [TEST_STEP][PASSED] - click: Object: 'Object Repository/Final Object Repo/New Registration - Registration Module Pages/Third Screen - Upload Supporting Doc- Preview/Supporting Doc Please Select Drop Down' is clicked on

2018-12-07 00:51:56 - [MESSAGE][PASSED] - Object: 'Object Repository/Final Object Repo/New Registration - Registration Module Pages/Third Screen - Upload Supporting Doc- Preview/Supporting Doc Please Select Drop Down' is clicked on

2018-12-07 00:51:56 - [TEST_STEP][PASSED] - delay: Delayed 2 second(s)

2018-12-07 00:51:58 - [MESSAGE][PASSED] - Delayed 2 second(s)

2018-12-07 00:51:58 - [TEST_STEP][PASSED] - click: Object: 'Object Repository/Final Object Repo/New Registration - Registration Module Pages/Third Screen - Upload Supporting Doc- Preview/Select to Upload Form 2' is clicked on

2018-12-07 00:51:58 - [MESSAGE][PASSED] - Object: 'Object Repository/Final Object Repo/New Registration - Registration Module Pages/Third Screen - Upload Supporting Doc- Preview/Select to Upload Form 2' is clicked on

2018-12-07 00:51:58 - [TEST_STEP][PASSED] - delay: Delayed 2 second(s)

2018-12-07 00:52:00 - [MESSAGE][PASSED] - Delayed 2 second(s)

2018-12-07 00:52:00 - [TEST_STEP][PASSED] - uploadFile: File 'C:\Users\Public\Pictures\Sample Pictures\Koala.jpg' sent to object: 'Object Repository/Final Object Repo/New Registration - Registration Module Pages/Third Screen - Upload Supporting Doc- Preview/Upload File Adding'

2018-12-07 00:52:00 - [MESSAGE][PASSED] - File 'C:\Users\Public\Pictures\Sample Pictures\Koala.jpg' sent to object: 'Object Repository/Final Object Repo/New Registration - Registration Module Pages/Third Screen - Upload Supporting Doc- Preview/Upload File Adding'

2018-12-07 00:52:00 - [TEST_STEP][PASSED] - click: Object: 'Object Repository/Final Object Repo/New Registration - Registration Module Pages/Third Screen - Upload Supporting Doc- Preview/Inner Form Add Document Button' is clicked on

2018-12-07 00:52:00 - [MESSAGE][PASSED] - Object: 'Object Repository/Final Object Repo/New Registration - Registration Module Pages/Third Screen - Upload Supporting Doc- Preview/Inner Form Add Document Button' is clicked on

2018-12-07 00:52:00 - [TEST_STEP][PASSED] - delay: Delayed 5 second(s)

2018-12-07 00:52:05 - [MESSAGE][PASSED] - Delayed 5 second(s)

2018-12-07 00:52:05 - [TEST_STEP][PASSED] - click: Object: 'Object Repository/Final Object Repo/New Registration - Registration Module Pages/Third Screen - Upload Supporting Doc- Preview/Add Document Button' is clicked on

2018-12-07 00:52:06 - [MESSAGE][PASSED] - Object: 'Object Repository/Final Object Repo/New Registration - Registration Module Pages/Third Screen - Upload Supporting Doc- Preview/Add Document Button' is clicked on

2018-12-07 00:52:06 - [TEST_STEP][PASSED] - delay: Delayed 30 second(s)

2018-12-07 00:52:36 - [MESSAGE][PASSED] - Delayed 30 second(s)

2018-12-07 00:52:36 - [TEST_STEP][PASSED] - click: Object: 'Object Repository/Final Object Repo/New Registration - Registration Module Pages/Third Screen - Upload Supporting Doc- Preview/Supporting Doc Please Select Drop Down' is clicked on

2018-12-07 00:52:36 - [MESSAGE][PASSED] - Object: 'Object Repository/Final Object Repo/New Registration - Registration Module Pages/Third Screen - Upload Supporting Doc- Preview/Supporting Doc Please Select Drop Down' is clicked on

2018-12-07 00:52:36 - [TEST_STEP][PASSED] - click: Object: 'Object Repository/Final Object Repo/New Registration - Registration Module Pages/Third Screen - Upload Supporting Doc- Preview/Select to Upload Borang SIP 1' is clicked on

2018-12-07 00:52:36 - [MESSAGE][PASSED] - Object: 'Object Repository/Final Object Repo/New Registration - Registration Module Pages/Third Screen - Upload Supporting Doc- Preview/Select to Upload Borang SIP 1' is clicked on

2018-12-07 00:52:36 - [TEST_STEP][PASSED] - delay: Delayed 2 second(s)

2018-12-07 00:52:38 - [MESSAGE][PASSED] - Delayed 2 second(s)

2018-12-07 00:52:38 - [TEST_STEP][PASSED] - uploadFile: File 'C:\Users\Public\Pictures\Sample Pictures\Koala.jpg' sent to object: 'Object Repository/Final Object Repo/New Registration - Registration Module Pages/Third Screen - Upload Supporting Doc- Preview/Upload File Adding'

2018-12-07 00:52:38 - [MESSAGE][PASSED] - File 'C:\Users\Public\Pictures\Sample Pictures\Koala.jpg' sent to object: 'Object Repository/Final Object Repo/New Registration - Registration Module Pages/Third Screen - Upload Supporting Doc- Preview/Upload File Adding'

2018-12-07 00:52:38 - [TEST_STEP][PASSED] - click: Object: 'Object Repository/Final Object Repo/New Registration - Registration Module Pages/Third Screen - Upload Supporting Doc- Preview/Inner Form Add Document Button' is clicked on

2018-12-07 00:52:38 - [MESSAGE][PASSED] - Object: 'Object Repository/Final Object Repo/New Registration - Registration Module Pages/Third Screen - Upload Supporting Doc- Preview/Inner Form Add Document Button' is clicked on

2018-12-07 00:52:38 - [TEST_STEP][PASSED] - delay: Delayed 5 second(s)

2018-12-07 00:52:43 - [MESSAGE][PASSED] - Delayed 5 second(s)

2018-12-07 00:52:43 - [TEST_STEP][PASSED] - click: Object: 'Object Repository/Final Object Repo/New Registration - Registration Module Pages/Third Screen - Upload Supporting Doc- Preview/Add Document Button' is clicked on

2018-12-07 00:52:43 - [MESSAGE][PASSED] - Object: 'Object Repository/Final Object Repo/New Registration - Registration Module Pages/Third Screen - Upload Supporting Doc- Preview/Add Document Button' is clicked on

2018-12-07 00:52:43 - [TEST_STEP][PASSED] - delay: Delayed 30 second(s)

2018-12-07 00:53:13 - [MESSAGE][PASSED] - Delayed 30 second(s)

2018-12-07 00:53:13 - [TEST_STEP][PASSED] - click: Object: 'Object Repository/Final Object Repo/New Registration - Registration Module Pages/Third Screen - Upload Supporting Doc- Preview/Supporting Doc Please Select Drop Down' is clicked on

2018-12-07 00:53:14 - [MESSAGE][PASSED] - Object: 'Object Repository/Final Object Repo/New Registration - Registration Module Pages/Third Screen - Upload Supporting Doc- Preview/Supporting Doc Please Select Drop Down' is clicked on

2018-12-07 00:53:14 - [TEST_STEP][PASSED] - delay: Delayed 3 second(s)

2018-12-07 00:53:17 - [MESSAGE][PASSED] - Delayed 3 second(s)

2018-12-07 00:53:17 - [TEST_STEP][PASSED] - click: Object: 'Object Repository/Final Object Repo/New Registration - Registration Module Pages/Third Screen - Upload Supporting Doc- Preview/Select to Upload Borang SIP 2' is clicked on

2018-12-07 00:53:17 - [MESSAGE][PASSED] - Object: 'Object Repository/Final Object Repo/New Registration - Registration Module Pages/Third Screen - Upload Supporting Doc- Preview/Select to Upload Borang SIP 2' is clicked on

2018-12-07 00:53:17 - [TEST_STEP][PASSED] - delay: Delayed 2 second(s)

2018-12-07 00:53:19 - [MESSAGE][PASSED] - Delayed 2 second(s)

2018-12-07 00:53:19 - [TEST_STEP][PASSED] - uploadFile: File 'C:\Users\Public\Pictures\Sample Pictures\Koala.jpg' sent to object: 'Object Repository/Final Object Repo/New Registration - Registration Module Pages/Third Screen - Upload Supporting Doc- Preview/Upload File Adding'

2018-12-07 00:53:19 - [MESSAGE][PASSED] - File 'C:\Users\Public\Pictures\Sample Pictures\Koala.jpg' sent to object: 'Object Repository/Final Object Repo/New Registration - Registration Module Pages/Third Screen - Upload Supporting Doc- Preview/Upload File Adding'

2018-12-07 00:53:19 - [TEST_STEP][PASSED] - delay: Delayed 5 second(s)

2018-12-07 00:53:24 - [MESSAGE][PASSED] - Delayed 5 second(s)

2018-12-07 00:53:24 - [TEST_STEP][PASSED] - click: Object: 'Object Repository/Final Object Repo/New Registration - Registration Module Pages/Third Screen - Upload Supporting Doc- Preview/Inner Form Add Document Button' is clicked on

2018-12-07 00:53:24 - [MESSAGE][PASSED] - Object: 'Object Repository/Final Object Repo/New Registration - Registration Module Pages/Third Screen - Upload Supporting Doc- Preview/Inner Form Add Document Button' is clicked on

2018-12-07 00:53:24 - [TEST_STEP][PASSED] - delay: Delayed 3 second(s)

2018-12-07 00:53:27 - [MESSAGE][PASSED] - Delayed 3 second(s)

2018-12-07 00:53:27 - [TEST_STEP][PASSED] - waitForElementClickable: Object 'Object Repository/Final Object Repo/New Registration - Registration Module Pages/Third Screen - Upload Supporting Doc- Preview/Save n Continue in Uploading Supporting Doc Page' is clickable

2018-12-07 00:53:28 - [MESSAGE][PASSED] - Object 'Object Repository/Final Object Repo/New Registration - Registration Module Pages/Third Screen - Upload Supporting Doc- Preview/Save n Continue in Uploading Supporting Doc Page' is clickable

2018-12-07 00:53:28 - [TEST_STEP][PASSED] - click: Object: 'Object Repository/Final Object Repo/New Registration - Registration Module Pages/Third Screen - Upload Supporting Doc- Preview/Save n Continue in Uploading Supporting Doc Page' is clicked on

2018-12-07 00:53:28 - [MESSAGE][PASSED] - Object: 'Object Repository/Final Object Repo/New Registration - Registration Module Pages/Third Screen - Upload Supporting Doc- Preview/Save n Continue in Uploading Supporting Doc Page' is clicked on

2018-12-07 00:53:28 - [MESSAGE][PASSED] - Call Test Case 'Test Cases/Final Aug 2018 - PKS Automation/Registration Module/New Registration/Flow of New Registration/Third Screen - Upload Supporting Doc - Preview' successfully

2018-12-07 00:53:28 - [TEST_STEP][PASSED] - callTestCase: Call Test Case 'Test Cases/Final Aug 2018 - PKS Automation/Registration Module/New Registration/Submit and Screenshot/Submit Registration and Screenshot - Copy' successfully

2018-12-07 00:53:28 - [TEST_CASE][PASSED] - Test Cases/Final Aug 2018 - PKS Automation/Registration Module/New Registration/Submit and Screenshot/Submit Registration and Screenshot - Copy: Test Cases/Final Aug 2018 - PKS Automation/Registration Module/New Registration/Submit and Screenshot/Submit Registration and Screenshot - Copy

2018-12-07 00:53:28 - [TEST_STEP][PASSED] - delay: Delayed 6 second(s)

2018-12-07 00:53:34 - [MESSAGE][PASSED] - Delayed 6 second(s)

2018-12-07 00:53:34 - [TEST_STEP][PASSED] - click: Object: 'Object Repository/Final Object Repo/New Registration - Registration Module Pages/Third Screen - Upload Supporting Doc- Preview/Preview Submit Button' is clicked on

2018-12-07 00:53:35 - [MESSAGE][PASSED] - Object: 'Object Repository/Final Object Repo/New Registration - Registration Module Pages/Third Screen - Upload Supporting Doc- Preview/Preview Submit Button' is clicked on

2018-12-07 00:53:35 - [TEST_STEP][PASSED] - delay: Delayed 2 second(s)

2018-12-07 00:53:37 - [MESSAGE][PASSED] - Delayed 2 second(s)

2018-12-07 00:53:37 - [TEST_STEP][PASSED] - click: Object: 'Object Repository/Final Object Repo/New Registration - Registration Module Pages/Third Screen - Upload Supporting Doc- Preview/Preview Submit - Confirm' is clicked on

2018-12-07 00:53:37 - [MESSAGE][PASSED] - Object: 'Object Repository/Final Object Repo/New Registration - Registration Module Pages/Third Screen - Upload Supporting Doc- Preview/Preview Submit - Confirm' is clicked on

2018-12-07 00:53:37 - [TEST_STEP][PASSED] - delay: Delayed 15 second(s)

2018-12-07 00:53:52 - [MESSAGE][PASSED] - Delayed 15 second(s)

2018-12-07 00:53:52 - [TEST_STEP][PASSED] - Statement - driver = com.kms.katalon.core.webui.driver.DriverFactory.getWebDriver(): null

2018-12-07 00:53:52 - [TEST_STEP][PASSED] - Statement - driver.manage().timeouts().implicitlyWait(10, SECONDS): null

2018-12-07 00:53:52 - [TEST_STEP][PASSED] - Statement - PresavePath = KatalonScreenshots: null

2018-12-07 00:53:52 - [TEST_STEP][PASSED] - Statement - pathPrefix = "C:\Users\Public\Pictures\Sample Pictures\Katalon Screenshots\Automate Ending Screen": null

2018-12-07 00:53:52 - [TEST_STEP][PASSED] - Statement - finalPath = <not implemented yet for class: org.codehaus.groovy.ast.expr.EmptyExpression>: null

2018-12-07 00:53:52 - [TEST_STEP][PASSED] - Statement - scrFile = driver.getScreenshotAs(FILE): null

2018-12-07 00:53:52 - [TEST_STEP][PASSED] - Statement - PreSaveFile = new java.io.File(PresavePath): null

2018-12-07 00:53:52 - [TEST_STEP][PASSED] - Statement - counter = 0: null

2018-12-07 00:53:52 - [TEST_STEP][PASSED] - Statement - If (PreSaveFile.exists()): null

2018-12-07 00:53:52 - [TEST_STEP][PASSED] - Statement - While (PreSaveFile.exists()): null

2018-12-07 00:53:52 - [TEST_STEP][PASSED] - Statement - counter = counter + 1: null

2018-12-07 00:53:52 - [TEST_STEP][PASSED] - Statement - PreSaveFile = new java.io.File(((pathPrefix + java.lang.Integer.toString(counter)) + .png)): null

2018-12-07 00:53:52 - [TEST_STEP][PASSED] - Statement - counter = counter + 1: null

2018-12-07 00:53:52 - [TEST_STEP][PASSED] - Statement - PreSaveFile = new java.io.File(((pathPrefix + java.lang.Integer.toString(counter)) + .png)): null

2018-12-07 00:53:52 - [TEST_STEP][PASSED] - Statement - counter = counter + 1: null

2018-12-07 00:53:52 - [TEST_STEP][PASSED] - Statement - PreSaveFile = new java.io.File(((pathPrefix + java.lang.Integer.toString(counter)) + .png)): null

2018-12-07 00:53:52 - [TEST_STEP][PASSED] - Statement - counter = counter + 1: null

2018-12-07 00:53:52 - [TEST_STEP][PASSED] - Statement - PreSaveFile = new java.io.File(((pathPrefix + java.lang.Integer.toString(counter)) + .png)): null

2018-12-07 00:53:52 - [TEST_STEP][PASSED] - Statement - counter = counter + 1: null

2018-12-07 00:53:52 - [TEST_STEP][PASSED] - Statement - PreSaveFile = new java.io.File(((pathPrefix + java.lang.Integer.toString(counter)) + .png)): null

2018-12-07 00:53:52 - [TEST_STEP][PASSED] - Statement - counter = counter + 1: null

2018-12-07 00:53:52 - [TEST_STEP][PASSED] - Statement - PreSaveFile = new java.io.File(((pathPrefix + java.lang.Integer.toString(counter)) + .png)): null

2018-12-07 00:53:52 - [TEST_STEP][PASSED] - Statement - counter = counter + 1: null

2018-12-07 00:53:52 - [TEST_STEP][PASSED] - Statement - PreSaveFile = new java.io.File(((pathPrefix + java.lang.Integer.toString(counter)) + .png)): null

2018-12-07 00:53:52 - [TEST_STEP][PASSED] - Statement - counter = counter + 1: null

2018-12-07 00:53:52 - [TEST_STEP][PASSED] - Statement - PreSaveFile = new java.io.File(((pathPrefix + java.lang.Integer.toString(counter)) + .png)): null

2018-12-07 00:53:52 - [TEST_STEP][PASSED] - Statement - counter = counter + 1: null

2018-12-07 00:53:52 - [TEST_STEP][PASSED] - Statement - PreSaveFile = new java.io.File(((pathPrefix + java.lang.Integer.toString(counter)) + .png)): null

2018-12-07 00:53:52 - [TEST_STEP][PASSED] - Statement - counter = counter + 1: null

2018-12-07 00:53:52 - [TEST_STEP][PASSED] - Statement - PreSaveFile = new java.io.File(((pathPrefix + java.lang.Integer.toString(counter)) + .png)): null

2018-12-07 00:53:52 - [TEST_STEP][PASSED] - Statement - counter = counter + 1: null

2018-12-07 00:53:52 - [TEST_STEP][PASSED] - Statement - PreSaveFile = new java.io.File(((pathPrefix + java.lang.Integer.toString(counter)) + .png)): null

2018-12-07 00:53:52 - [TEST_STEP][PASSED] - Statement - counter = counter + 1: null

2018-12-07 00:53:52 - [TEST_STEP][PASSED] - Statement - PreSaveFile = new java.io.File(((pathPrefix + java.lang.Integer.toString(counter)) + .png)): null

2018-12-07 00:53:52 - [TEST_STEP][PASSED] - Statement - counter = counter + 1: null

2018-12-07 00:53:52 - [TEST_STEP][PASSED] - Statement - PreSaveFile = new java.io.File(((pathPrefix + java.lang.Integer.toString(counter)) + .png)): null

2018-12-07 00:53:52 - [TEST_STEP][PASSED] - Statement - counter = counter + 1: null

2018-12-07 00:53:52 - [TEST_STEP][PASSED] - Statement - PreSaveFile = new java.io.File(((pathPrefix + java.lang.Integer.toString(counter)) + .png)): null

2018-12-07 00:53:52 - [TEST_STEP][PASSED] - Statement - counter = counter + 1: null

2018-12-07 00:53:52 - [TEST_STEP][PASSED] - Statement - PreSaveFile = new java.io.File(((pathPrefix + java.lang.Integer.toString(counter)) + .png)): null

2018-12-07 00:53:52 - [TEST_STEP][PASSED] - Statement - counter = counter + 1: null

2018-12-07 00:53:52 - [TEST_STEP][PASSED] - Statement - PreSaveFile = new java.io.File(((pathPrefix + java.lang.Integer.toString(counter)) + .png)): null

2018-12-07 00:53:52 - [TEST_STEP][PASSED] - Statement - counter = counter + 1: null

2018-12-07 00:53:52 - [TEST_STEP][PASSED] - Statement - PreSaveFile = new java.io.File(((pathPrefix + java.lang.Integer.toString(counter)) + .png)): null

2018-12-07 00:53:52 - [TEST_STEP][PASSED] - Statement - counter = counter + 1: null

2018-12-07 00:53:52 - [TEST_STEP][PASSED] - Statement - PreSaveFile = new java.io.File(((pathPrefix + java.lang.Integer.toString(counter)) + .png)): null

2018-12-07 00:53:52 - [TEST_STEP][PASSED] - Statement - counter = counter + 1: null

2018-12-07 00:53:52 - [TEST_STEP][PASSED] - Statement - PreSaveFile = new java.io.File(((pathPrefix + java.lang.Integer.toString(counter)) + .png)): null

2018-12-07 00:53:52 - [TEST_STEP][PASSED] - Statement - counter = counter + 1: null

2018-12-07 00:53:52 - [TEST_STEP][PASSED] - Statement - PreSaveFile = new java.io.File(((pathPrefix + java.lang.Integer.toString(counter)) + .png)): null

2018-12-07 00:53:52 - [TEST_STEP][PASSED] - Statement - counter = counter + 1: null

2018-12-07 00:53:52 - [TEST_STEP][PASSED] - Statement - PreSaveFile = new java.io.File(((pathPrefix + java.lang.Integer.toString(counter)) + .png)): null

2018-12-07 00:53:52 - [TEST_STEP][PASSED] - Statement - counter = counter + 1: null

2018-12-07 00:53:52 - [TEST_STEP][PASSED] - Statement - PreSaveFile = new java.io.File(((pathPrefix + java.lang.Integer.toString(counter)) + .png)): null

2018-12-07 00:53:52 - [TEST_STEP][PASSED] - Statement - counter = counter + 1: null

2018-12-07 00:53:52 - [TEST_STEP][PASSED] - Statement - PreSaveFile = new java.io.File(((pathPrefix + java.lang.Integer.toString(counter)) + .png)): null

2018-12-07 00:53:52 - [TEST_STEP][PASSED] - Statement - counter = counter + 1: null

2018-12-07 00:53:52 - [TEST_STEP][PASSED] - Statement - PreSaveFile = new java.io.File(((pathPrefix + java.lang.Integer.toString(counter)) + .png)): null

2018-12-07 00:53:52 - [TEST_STEP][PASSED] - Statement - counter = counter + 1: null

2018-12-07 00:53:52 - [TEST_STEP][PASSED] - Statement - PreSaveFile = new java.io.File(((pathPrefix + java.lang.Integer.toString(counter)) + .png)): null

2018-12-07 00:53:52 - [TEST_STEP][PASSED] - Statement - counter = counter + 1: null

2018-12-07 00:53:52 - [TEST_STEP][PASSED] - Statement - PreSaveFile = new java.io.File(((pathPrefix + java.lang.Integer.toString(counter)) + .png)): null

2018-12-07 00:53:52 - [TEST_STEP][PASSED] - Statement - counter = counter + 1: null

2018-12-07 00:53:52 - [TEST_STEP][PASSED] - Statement - PreSaveFile = new java.io.File(((pathPrefix + java.lang.Integer.toString(counter)) + .png)): null

2018-12-07 00:53:52 - [TEST_STEP][PASSED] - Statement - counter = counter + 1: null

2018-12-07 00:53:52 - [TEST_STEP][PASSED] - Statement - PreSaveFile = new java.io.File(((pathPrefix + java.lang.Integer.toString(counter)) + .png)): null

2018-12-07 00:53:52 - [TEST_STEP][PASSED] - Statement - counter = counter + 1: null

2018-12-07 00:53:52 - [TEST_STEP][PASSED] - Statement - PreSaveFile = new java.io.File(((pathPrefix + java.lang.Integer.toString(counter)) + .png)): null

2018-12-07 00:53:52 - [TEST_STEP][PASSED] - Statement - counter = counter + 1: null

2018-12-07 00:53:52 - [TEST_STEP][PASSED] - Statement - PreSaveFile = new java.io.File(((pathPrefix + java.lang.Integer.toString(counter)) + .png)): null

2018-12-07 00:53:52 - [TEST_STEP][PASSED] - Statement - counter = counter + 1: null

2018-12-07 00:53:52 - [TEST_STEP][PASSED] - Statement - PreSaveFile = new java.io.File(((pathPrefix + java.lang.Integer.toString(counter)) + .png)): null

2018-12-07 00:53:52 - [TEST_STEP][PASSED] - Statement - counter = counter + 1: null

2018-12-07 00:53:52 - [TEST_STEP][PASSED] - Statement - PreSaveFile = new java.io.File(((pathPrefix + java.lang.Integer.toString(counter)) + .png)): null

2018-12-07 00:53:52 - [TEST_STEP][PASSED] - Statement - counter = counter + 1: null

2018-12-07 00:53:52 - [TEST_STEP][PASSED] - Statement - PreSaveFile = new java.io.File(((pathPrefix + java.lang.Integer.toString(counter)) + .png)): null

2018-12-07 00:53:52 - [TEST_STEP][PASSED] - Statement - counter = counter + 1: null

2018-12-07 00:53:52 - [TEST_STEP][PASSED] - Statement - PreSaveFile = new java.io.File(((pathPrefix + java.lang.Integer.toString(counter)) + .png)): null

2018-12-07 00:53:52 - [TEST_STEP][PASSED] - Statement - counter = counter + 1: null

2018-12-07 00:53:52 - [TEST_STEP][PASSED] - Statement - PreSaveFile = new java.io.File(((pathPrefix + java.lang.Integer.toString(counter)) + .png)): null

2018-12-07 00:53:52 - [TEST_STEP][PASSED] - Statement - counter = counter + 1: null

2018-12-07 00:53:52 - [TEST_STEP][PASSED] - Statement - PreSaveFile = new java.io.File(((pathPrefix + java.lang.Integer.toString(counter)) + .png)): null

2018-12-07 00:53:52 - [TEST_STEP][PASSED] - Statement - counter = counter + 1: null

2018-12-07 00:53:52 - [TEST_STEP][PASSED] - Statement - PreSaveFile = new java.io.File(((pathPrefix + java.lang.Integer.toString(counter)) + .png)): null

2018-12-07 00:53:52 - [TEST_STEP][PASSED] - Statement - counter = counter + 1: null

2018-12-07 00:53:52 - [TEST_STEP][PASSED] - Statement - PreSaveFile = new java.io.File(((pathPrefix + java.lang.Integer.toString(counter)) + .png)): null

2018-12-07 00:53:52 - [TEST_STEP][PASSED] - Statement - counter = counter + 1: null

2018-12-07 00:53:52 - [TEST_STEP][PASSED] - Statement - PreSaveFile = new java.io.File(((pathPrefix + java.lang.Integer.toString(counter)) + .png)): null

2018-12-07 00:53:52 - [TEST_STEP][PASSED] - Statement - counter = counter + 1: null

2018-12-07 00:53:52 - [TEST_STEP][PASSED] - Statement - PreSaveFile = new java.io.File(((pathPrefix + java.lang.Integer.toString(counter)) + .png)): null

2018-12-07 00:53:52 - [TEST_STEP][PASSED] - Statement - counter = counter + 1: null

2018-12-07 00:53:52 - [TEST_STEP][PASSED] - Statement - PreSaveFile = new java.io.File(((pathPrefix + java.lang.Integer.toString(counter)) + .png)): null

2018-12-07 00:53:52 - [TEST_STEP][PASSED] - Statement - counter = counter + 1: null

2018-12-07 00:53:52 - [TEST_STEP][PASSED] - Statement - PreSaveFile = new java.io.File(((pathPrefix + java.lang.Integer.toString(counter)) + .png)): null

2018-12-07 00:53:52 - [TEST_STEP][PASSED] - Statement - counter = counter + 1: null

2018-12-07 00:53:52 - [TEST_STEP][PASSED] - Statement - PreSaveFile = new java.io.File(((pathPrefix + java.lang.Integer.toString(counter)) + .png)): null

2018-12-07 00:53:52 - [TEST_STEP][PASSED] - Statement - counter = counter + 1: null

2018-12-07 00:53:52 - [TEST_STEP][PASSED] - Statement - PreSaveFile = new java.io.File(((pathPrefix + java.lang.Integer.toString(counter)) + .png)): null

2018-12-07 00:53:52 - [TEST_STEP][PASSED] - Statement - counter = counter + 1: null

2018-12-07 00:53:52 - [TEST_STEP][PASSED] - Statement - PreSaveFile = new java.io.File(((pathPrefix + java.lang.Integer.toString(counter)) + .png)): null

2018-12-07 00:53:52 - [TEST_STEP][PASSED] - Statement - counter = counter + 1: null

2018-12-07 00:53:52 - [TEST_STEP][PASSED] - Statement - PreSaveFile = new java.io.File(((pathPrefix + java.lang.Integer.toString(counter)) + .png)): null

2018-12-07 00:53:52 - [TEST_STEP][PASSED] - Statement - counter = counter + 1: null

2018-12-07 00:53:52 - [TEST_STEP][PASSED] - Statement - PreSaveFile = new java.io.File(((pathPrefix + java.lang.Integer.toString(counter)) + .png)): null

2018-12-07 00:53:52 - [TEST_STEP][PASSED] - Statement - counter = counter + 1: null

2018-12-07 00:53:52 - [TEST_STEP][PASSED] - Statement - PreSaveFile = new java.io.File(((pathPrefix + java.lang.Integer.toString(counter)) + .png)): null

2018-12-07 00:53:52 - [TEST_STEP][PASSED] - Statement - counter = counter + 1: null

2018-12-07 00:53:52 - [TEST_STEP][PASSED] - Statement - PreSaveFile = new java.io.File(((pathPrefix + java.lang.Integer.toString(counter)) + .png)): null

2018-12-07 00:53:52 - [TEST_STEP][PASSED] - Statement - counter = counter + 1: null

2018-12-07 00:53:52 - [TEST_STEP][PASSED] - Statement - PreSaveFile = new java.io.File(((pathPrefix + java.lang.Integer.toString(counter)) + .png)): null

2018-12-07 00:53:52 - [TEST_STEP][PASSED] - Statement - counter = counter + 1: null

2018-12-07 00:53:52 - [TEST_STEP][PASSED] - Statement - PreSaveFile = new java.io.File(((pathPrefix + java.lang.Integer.toString(counter)) + .png)): null

2018-12-07 00:53:52 - [TEST_STEP][PASSED] - Statement - counter = counter + 1: null

2018-12-07 00:53:52 - [TEST_STEP][PASSED] - Statement - PreSaveFile = new java.io.File(((pathPrefix + java.lang.Integer.toString(counter)) + .png)): null

2018-12-07 00:53:52 - [TEST_STEP][PASSED] - Statement - counter = counter + 1: null

2018-12-07 00:53:52 - [TEST_STEP][PASSED] - Statement - PreSaveFile = new java.io.File(((pathPrefix + java.lang.Integer.toString(counter)) + .png)): null

2018-12-07 00:53:52 - [TEST_STEP][PASSED] - Statement - counter = counter + 1: null

2018-12-07 00:53:52 - [TEST_STEP][PASSED] - Statement - PreSaveFile = new java.io.File(((pathPrefix + java.lang.Integer.toString(counter)) + .png)): null

2018-12-07 00:53:52 - [TEST_STEP][PASSED] - Statement - counter = counter + 1: null

2018-12-07 00:53:52 - [TEST_STEP][PASSED] - Statement - PreSaveFile = new java.io.File(((pathPrefix + java.lang.Integer.toString(counter)) + .png)): null

2018-12-07 00:53:52 - [TEST_STEP][PASSED] - Statement - counter = counter + 1: null

2018-12-07 00:53:52 - [TEST_STEP][PASSED] - Statement - PreSaveFile = new java.io.File(((pathPrefix + java.lang.Integer.toString(counter)) + .png)): null

2018-12-07 00:53:52 - [TEST_STEP][PASSED] - Statement - counter = counter + 1: null

2018-12-07 00:53:52 - [TEST_STEP][PASSED] - Statement - PreSaveFile = new java.io.File(((pathPrefix + java.lang.Integer.toString(counter)) + .png)): null

2018-12-07 00:53:52 - [TEST_STEP][PASSED] - Statement - counter = counter + 1: null

2018-12-07 00:53:52 - [TEST_STEP][PASSED] - Statement - PreSaveFile = new java.io.File(((pathPrefix + java.lang.Integer.toString(counter)) + .png)): null

2018-12-07 00:53:52 - [TEST_STEP][PASSED] - Statement - counter = counter + 1: null

2018-12-07 00:53:52 - [TEST_STEP][PASSED] - Statement - PreSaveFile = new java.io.File(((pathPrefix + java.lang.Integer.toString(counter)) + .png)): null

2018-12-07 00:53:52 - [TEST_STEP][PASSED] - Statement - counter = counter + 1: null

2018-12-07 00:53:52 - [TEST_STEP][PASSED] - Statement - PreSaveFile = new java.io.File(((pathPrefix + java.lang.Integer.toString(counter)) + .png)): null

2018-12-07 00:53:52 - [TEST_STEP][PASSED] - Statement - counter = counter + 1: null

2018-12-07 00:53:52 - [TEST_STEP][PASSED] - Statement - PreSaveFile = new java.io.File(((pathPrefix + java.lang.Integer.toString(counter)) + .png)): null

2018-12-07 00:53:52 - [TEST_STEP][PASSED] - Statement - counter = counter + 1: null

2018-12-07 00:53:52 - [TEST_STEP][PASSED] - Statement - PreSaveFile = new java.io.File(((pathPrefix + java.lang.Integer.toString(counter)) + .png)): null

2018-12-07 00:53:52 - [TEST_STEP][PASSED] - Statement - counter = counter + 1: null

2018-12-07 00:53:52 - [TEST_STEP][PASSED] - Statement - PreSaveFile = new java.io.File(((pathPrefix + java.lang.Integer.toString(counter)) + .png)): null

2018-12-07 00:53:52 - [TEST_STEP][PASSED] - Statement - counter = counter + 1: null

2018-12-07 00:53:52 - [TEST_STEP][PASSED] - Statement - PreSaveFile = new java.io.File(((pathPrefix + java.lang.Integer.toString(counter)) + .png)): null

2018-12-07 00:53:52 - [TEST_STEP][PASSED] - Statement - counter = counter + 1: null

2018-12-07 00:53:52 - [TEST_STEP][PASSED] - Statement - PreSaveFile = new java.io.File(((pathPrefix + java.lang.Integer.toString(counter)) + .png)): null

2018-12-07 00:53:52 - [TEST_STEP][PASSED] - Statement - counter = counter + 1: null

2018-12-07 00:53:52 - [TEST_STEP][PASSED] - Statement - PreSaveFile = new java.io.File(((pathPrefix + java.lang.Integer.toString(counter)) + .png)): null

2018-12-07 00:53:52 - [TEST_STEP][PASSED] - Statement - counter = counter + 1: null

2018-12-07 00:53:52 - [TEST_STEP][PASSED] - Statement - PreSaveFile = new java.io.File(((pathPrefix + java.lang.Integer.toString(counter)) + .png)): null

2018-12-07 00:53:52 - [TEST_STEP][PASSED] - Statement - counter = counter + 1: null

2018-12-07 00:53:52 - [TEST_STEP][PASSED] - Statement - PreSaveFile = new java.io.File(((pathPrefix + java.lang.Integer.toString(counter)) + .png)): null

2018-12-07 00:53:52 - [TEST_STEP][PASSED] - Statement - counter = counter + 1: null

2018-12-07 00:53:52 - [TEST_STEP][PASSED] - Statement - PreSaveFile = new java.io.File(((pathPrefix + java.lang.Integer.toString(counter)) + .png)): null

2018-12-07 00:53:52 - [TEST_STEP][PASSED] - Statement - counter = counter + 1: null

2018-12-07 00:53:52 - [TEST_STEP][PASSED] - Statement - PreSaveFile = new java.io.File(((pathPrefix + java.lang.Integer.toString(counter)) + .png)): null

2018-12-07 00:53:52 - [TEST_STEP][PASSED] - Statement - counter = counter + 1: null

2018-12-07 00:53:52 - [TEST_STEP][PASSED] - Statement - PreSaveFile = new java.io.File(((pathPrefix + java.lang.Integer.toString(counter)) + .png)): null

2018-12-07 00:53:52 - [TEST_STEP][PASSED] - Statement - counter = counter + 1: null

2018-12-07 00:53:52 - [TEST_STEP][PASSED] - Statement - PreSaveFile = new java.io.File(((pathPrefix + java.lang.Integer.toString(counter)) + .png)): null

2018-12-07 00:53:52 - [TEST_STEP][PASSED] - Statement - counter = counter + 1: null

2018-12-07 00:53:52 - [TEST_STEP][PASSED] - Statement - PreSaveFile = new java.io.File(((pathPrefix + java.lang.Integer.toString(counter)) + .png)): null

2018-12-07 00:53:52 - [TEST_STEP][PASSED] - Statement - counter = counter + 1: null

2018-12-07 00:53:52 - [TEST_STEP][PASSED] - Statement - PreSaveFile = new java.io.File(((pathPrefix + java.lang.Integer.toString(counter)) + .png)): null

2018-12-07 00:53:52 - [TEST_STEP][PASSED] - Statement - counter = counter + 1: null

2018-12-07 00:53:52 - [TEST_STEP][PASSED] - Statement - PreSaveFile = new java.io.File(((pathPrefix + java.lang.Integer.toString(counter)) + .png)): null

2018-12-07 00:53:52 - [TEST_STEP][PASSED] - Statement - counter = counter + 1: null

2018-12-07 00:53:52 - [TEST_STEP][PASSED] - Statement - PreSaveFile = new java.io.File(((pathPrefix + java.lang.Integer.toString(counter)) + .png)): null

2018-12-07 00:53:52 - [TEST_STEP][PASSED] - Statement - counter = counter + 1: null

2018-12-07 00:53:52 - [TEST_STEP][PASSED] - Statement - PreSaveFile = new java.io.File(((pathPrefix + java.lang.Integer.toString(counter)) + .png)): null

2018-12-07 00:53:52 - [TEST_STEP][PASSED] - Statement - finalPath = pathPrefix + java.lang.Integer.toString(counter) + ".png": null

2018-12-07 00:53:52 - [TEST_STEP][PASSED] - Statement - SaveFile = new java.io.File(finalPath): null

2018-12-07 00:53:52 - [TEST_STEP][PASSED] - Statement - Try: null

2018-12-07 00:53:52 - [TEST_STEP][PASSED] - Statement - org.apache.commons.io.FileUtils.copyFile(scrFile, SaveFile): null

2018-12-07 00:53:52 - [TEST_STEP][PASSED] - Statement - out.println("file kept"): null

2018-12-07 00:53:52 - [TEST_STEP][PASSED] - delay: Delayed 10 second(s)

2018-12-07 00:54:02 - [MESSAGE][PASSED] - Delayed 10 second(s)

2018-12-07 00:54:02 - [MESSAGE][PASSED] - Call Test Case 'Test Cases/Final Aug 2018 - PKS Automation/Registration Module/New Registration/Submit and Screenshot/Submit Registration and Screenshot - Copy' successfully

2018-12-07 00:54:02 - [TEST_STEP][PASSED] - Statement - UpdateAddNewECode = com.kms.katalon.core.webui.keyword.WebUiBuiltInKeywords.getText(com.kms.katalon.core.testobject.ObjectRepository.findTestObject(Object Repository/Final Object Repo/Page_Update Add New Employee - ASSIST/getEmpCode)): Text of object 'Object Repository/Final Object Repo/Page_Update Add New Employee - ASSIST/getEmpCode' is: 'E1102070657K'

2018-12-07 00:54:02 - [MESSAGE][PASSED] - Text of object 'Object Repository/Final Object Repo/Page_Update Add New Employee - ASSIST/getEmpCode' is: 'E1102070657K'

2018-12-07 00:54:02 - [TEST_STEP][PASSED] - callTestCase: Call Test Case 'Test Cases/Final Aug 2018 - PKS Automation/Common/Emp Code Setter' successfully

2018-12-07 00:54:02 - [TEST_CASE][PASSED] - Test Cases/Final Aug 2018 - PKS Automation/Common/Emp Code Setter: Test Cases/Final Aug 2018 - PKS Automation/Common/Emp Code Setter

2018-12-07 00:54:03 - [TEST_STEP][PASSED] - Statement - EmpCodeOld = new java.io.File(C://Users//Admin//Desktop//PKS//Automation Reference Point//EmpCode.txt): null

2018-12-07 00:54:03 - [TEST_STEP][PASSED] - Statement - EmpCodeOld.delete(): null

2018-12-07 00:54:03 - [TEST_STEP][PASSED] - Statement - EmpCode = new java.io.File(C://Users//Admin//Desktop//PKS//Automation Reference Point//EmpCode.txt): null

2018-12-07 00:54:03 - [TEST_STEP][PASSED] - Statement - f2 = new java.io.FileWriter(EmpCode, false): null

2018-12-07 00:54:03 - [TEST_STEP][PASSED] - Statement - f2.write(UpdateAddNewECode): null

2018-12-07 00:54:03 - [TEST_STEP][PASSED] - Statement - f2.close(): null

2018-12-07 00:54:03 - [TEST_STEP][PASSED] - Statement - out.println("


" + UpdateAddNewECode + "


"): null

2018-12-07 00:54:03 - [MESSAGE][PASSED] - Call Test Case 'Test Cases/Final Aug 2018 - PKS Automation/Common/Emp Code Setter' successfully

2018-12-07 00:54:03 - [MESSAGE][PASSED] - Call Test Case 'Test Cases/Final Aug 2018 - PKS Automation/Registration Module/Workflow/Update Add New Employee/Template/New Company for Update Add New' successfully

2018-12-07 00:54:03 - [TEST_STEP][PASSED] - callTestCase: Call Test Case 'Test Cases/Final Aug 2018 - PKS Automation/Registration Module/Log Out/log out avoiding katalon tagging' successfully

2018-12-07 00:54:03 - [TEST_CASE][PASSED] - Test Cases/Final Aug 2018 - PKS Automation/Registration Module/Log Out/log out avoiding katalon tagging: Test Cases/Final Aug 2018 - PKS Automation/Registration Module/Log Out/log out avoiding katalon tagging

2018-12-07 00:54:03 - [TEST_STEP][PASSED] - navigateToUrl: Navigate to 'https://assist2-uat.perkeso.gov.my/c/portal/logout' successfully

2018-12-07 00:54:04 - [MESSAGE][PASSED] - Navigate to 'https://assist2-uat.perkeso.gov.my/c/portal/logout' successfully

2018-12-07 00:54:04 - [MESSAGE][PASSED] - Call Test Case 'Test Cases/Final Aug 2018 - PKS Automation/Registration Module/Log Out/log out avoiding katalon tagging' successfully

2018-12-07 00:54:04 - [TEST_STEP][PASSED] - callTestCase: Call Test Case 'Test Cases/Final Aug 2018 - PKS Automation/Registration Module/New Registration/Form 2/Date Updater' successfully

2018-12-07 00:54:04 - [TEST_CASE][PASSED] - Test Cases/Final Aug 2018 - PKS Automation/Registration Module/New Registration/Form 2/Date Updater: Test Cases/Final Aug 2018 - PKS Automation/Registration Module/New Registration/Form 2/Date Updater

2018-12-07 00:54:04 - [TEST_STEP][PASSED] - Statement - TodayDate = new java.util.Date(): null

2018-12-07 00:54:04 - [TEST_STEP][PASSED] - Statement - CurrentDateNoFilter = new java.text.SimpleDateFormat(): null

2018-12-07 00:54:04 - [TEST_STEP][PASSED] - Statement - CurrentDateNoFilter.applyPattern("MM"): null

2018-12-07 00:54:04 - [TEST_STEP][PASSED] - Statement - monthContainerMatcher = java.lang.Integer.parseInt(CurrentDateNoFilter.format(TodayDate)): null

2018-12-07 00:54:04 - [TEST_STEP][PASSED] - Statement - monthContainerMatcher = monthContainerMatcher - 1: null

2018-12-07 00:54:04 - [TEST_STEP][PASSED] - Statement - CurrentMonth = monthContainerMatcher.toString(): null

2018-12-07 00:54:04 - [TEST_STEP][PASSED] - Statement - CurrentMonth = CurrentMonth: null

2018-12-07 00:54:04 - [TEST_STEP][PASSED] - Statement - CurrentDateNoFilter.applyPattern("yyyy"): null

2018-12-07 00:54:04 - [TEST_STEP][PASSED] - Statement - CurrentYear = CurrentDateNoFilter.format(TodayDate): null

2018-12-07 00:54:04 - [TEST_STEP][PASSED] - Statement - CurrentYear = CurrentYear: null

2018-12-07 00:54:04 - [TEST_STEP][PASSED] - Statement - intCurrentYear = java.lang.Integer.parseInt(CurrentDateNoFilter.format(TodayDate)): null

2018-12-07 00:54:04 - [TEST_STEP][PASSED] - Statement - eighteenYrsAgo = intCurrentYear - 18: null

2018-12-07 00:54:04 - [TEST_STEP][PASSED] - Statement - eighteenYrsBeforeThisYr = eighteenYrsAgo.toString(): null

2018-12-07 00:54:04 - [TEST_STEP][PASSED] - Statement - EighteenYrsBefore = eighteenYrsBeforeThisYr: null

2018-12-07 00:54:04 - [TEST_STEP][PASSED] - Statement - fiftysevenYrsAgo = intCurrentYear - 57: null

2018-12-07 00:54:04 - [TEST_STEP][PASSED] - Statement - fiftysevenYrsBeforeThisYr = fiftysevenYrsAgo.toString(): null

2018-12-07 00:54:04 - [TEST_STEP][PASSED] - Statement - FiftysevenYrsBefore = fiftysevenYrsBeforeThisYr: null

2018-12-07 00:54:04 - [TEST_STEP][PASSED] - Statement - leapYear = false: null

2018-12-07 00:54:04 - [TEST_STEP][PASSED] - Statement - leapYear = intCurrentYear % 4 == 0: null

2018-12-07 00:54:04 - [TEST_STEP][PASSED] - Statement - CurrentDateNoFilter.applyPattern("dd"): null

2018-12-07 00:54:04 - [TEST_STEP][PASSED] - Statement - CurrentDate = CurrentDateNoFilter.format(TodayDate): null

2018-12-07 00:54:04 - [TEST_STEP][PASSED] - Statement - CurrentDate = java.lang.Integer.parseInt(CurrentDate): null

2018-12-07 00:54:04 - [TEST_STEP][PASSED] - Statement - CurrentDate = CurrentDate: null

2018-12-07 00:54:04 - [TEST_STEP][PASSED] - Statement - CurrentDay = java.lang.Integer.parseInt(CurrentDate): null

2018-12-07 00:54:04 - [TEST_STEP][PASSED] - Statement - ConfAdder = <not implemented yet for class: org.codehaus.groovy.ast.expr.EmptyExpression>: null

2018-12-07 00:54:04 - [TEST_STEP][PASSED] - Statement - out.println(CurrentMonth): null

2018-12-07 00:54:04 - [TEST_STEP][PASSED] - Statement - out.println(CurrentDate): null

2018-12-07 00:54:04 - [TEST_STEP][PASSED] - Statement - switch (CurrentDate): null

2018-12-07 00:54:04 - [TEST_STEP][PASSED] - Statement - Default: null

2018-12-07 00:54:04 - [TEST_STEP][PASSED] - Statement - ConfAdder = true: null

2018-12-07 00:54:04 - [TEST_STEP][PASSED] - Statement - Break: null

2018-12-07 00:54:04 - [TEST_STEP][PASSED] - Statement - aDayBefore = <not implemented yet for class: org.codehaus.groovy.ast.expr.EmptyExpression>: null

2018-12-07 00:54:04 - [TEST_STEP][PASSED] - Statement - out.println(ConfAdder): null

2018-12-07 00:54:04 - [TEST_STEP][PASSED] - Statement - If (ConfAdder == true): null

2018-12-07 00:54:04 - [TEST_STEP][PASSED] - Statement - aDayBefore = CurrentDay + 1: null

2018-12-07 00:54:04 - [TEST_STEP][PASSED] - Statement - out.println(aDayBefore): null

2018-12-07 00:54:04 - [TEST_STEP][PASSED] - Statement - If (aDayBefore == 1 && CurrentMonth == 11): null

2018-12-07 00:54:04 - [TEST_STEP][PASSED] - Statement - DayBefore = aDayBefore.toString(): null

2018-12-07 00:54:04 - [TEST_STEP][PASSED] - Statement - OneDayBefore = DayBefore: null

2018-12-07 00:54:04 - [MESSAGE][PASSED] - Call Test Case 'Test Cases/Final Aug 2018 - PKS Automation/Registration Module/New Registration/Form 2/Date Updater' successfully

2018-12-07 00:54:04 - [TEST_STEP][PASSED] - delay: Delayed 2 second(s)

2018-12-07 00:54:06 - [MESSAGE][PASSED] - Delayed 2 second(s)

2018-12-07 00:54:06 - [TEST_STEP][PASSED] - setText: Text 'klotc2@gmail.com' is set on object 'Object Repository/Final Object Repo/Page_Update Add New Employee - ASSIST/Email TextBox'

2018-12-07 00:54:06 - [MESSAGE][PASSED] - Text 'klotc2@gmail.com' is set on object 'Object Repository/Final Object Repo/Page_Update Add New Employee - ASSIST/Email TextBox'

2018-12-07 00:54:06 - [TEST_STEP][PASSED] - click: Object: 'Object Repository/Final Object Repo/Page_Update Add New Employee - ASSIST/Next Button' is clicked on

2018-12-07 00:54:06 - [MESSAGE][PASSED] - Object: 'Object Repository/Final Object Repo/Page_Update Add New Employee - ASSIST/Next Button' is clicked on

2018-12-07 00:54:06 - [TEST_STEP][PASSED] - delay: Delayed 2 second(s)

2018-12-07 00:54:08 - [MESSAGE][PASSED] - Delayed 2 second(s)

2018-12-07 00:54:08 - [TEST_STEP][PASSED] - setText: Text 'Test1@3456789' is set on object 'Object Repository/Final Object Repo/Page_Update Add New Employee - ASSIST/Password TextBox'

2018-12-07 00:54:08 - [MESSAGE][PASSED] - Text 'Test1@3456789' is set on object 'Object Repository/Final Object Repo/Page_Update Add New Employee - ASSIST/Password TextBox'

2018-12-07 00:54:08 - [TEST_STEP][PASSED] - delay: Delayed 2 second(s)

2018-12-07 00:54:10 - [MESSAGE][PASSED] - Delayed 2 second(s)

2018-12-07 00:54:10 - [TEST_STEP][PASSED] - click: Object: 'Object Repository/Final Object Repo/Page_Update Add New Employee - ASSIST/Login Button' is clicked on

2018-12-07 00:54:11 - [MESSAGE][PASSED] - Object: 'Object Repository/Final Object Repo/Page_Update Add New Employee - ASSIST/Login Button' is clicked on

2018-12-07 00:54:11 - [TEST_STEP][PASSED] - delay: Delayed 4 second(s)

2018-12-07 00:54:15 - [MESSAGE][PASSED] - Delayed 4 second(s)

2018-12-07 00:54:15 - [TEST_STEP][PASSED] - Statement - Try: Delayed 2 second(s)

2018-12-07 00:54:15 - [TEST_STEP][PASSED] - Statement - Checker = false: null

2018-12-07 00:54:15 - [TEST_STEP][PASSED] - Statement - Checker = com.kms.katalon.core.webui.keyword.WebUiBuiltInKeywords.verifyElementHasAttribute(com.kms.katalon.core.testobject.ObjectRepository.findTestObject(Final Object Repo/Landing Page/BM Detecting), "href", 20, OPTIONAL): Object 'Object Repository/Final Object Repo/Landing Page/BM Detecting' has attribute 'href'

2018-12-07 00:54:15 - [MESSAGE][PASSED] - Object 'Object Repository/Final Object Repo/Landing Page/BM Detecting' has attribute 'href'

2018-12-07 00:54:15 - [TEST_STEP][PASSED] - Statement - out.println(Checker): null

2018-12-07 00:54:15 - [TEST_STEP][PASSED] - Statement - If (Checker == false): null

2018-12-07 00:54:15 - [TEST_STEP][PASSED] - Statement - Else: null

2018-12-07 00:54:15 - [TEST_STEP][PASSED] - delay: Delayed 2 second(s)

2018-12-07 00:54:17 - [MESSAGE][PASSED] - Delayed 2 second(s)

2018-12-07 00:54:17 - [TEST_STEP][PASSED] - delay: Delayed 4 second(s)

2018-12-07 00:54:21 - [MESSAGE][PASSED] - Delayed 4 second(s)

2018-12-07 00:54:21 - [TEST_STEP][PASSED] - click: Object: 'Object Repository/Final Object Repo/Page_Update Add New Employee - ASSIST/My Sites Drop Down' is clicked on

2018-12-07 00:54:21 - [MESSAGE][PASSED] - Object: 'Object Repository/Final Object Repo/Page_Update Add New Employee - ASSIST/My Sites Drop Down' is clicked on

2018-12-07 00:54:21 - [TEST_STEP][PASSED] - click: Object: 'Object Repository/Final Object Repo/Page_Update Add New Employee - ASSIST/Select to Registration Module' is clicked on

2018-12-07 00:54:22 - [MESSAGE][PASSED] - Object: 'Object Repository/Final Object Repo/Page_Update Add New Employee - ASSIST/Select to Registration Module' is clicked on

2018-12-07 00:54:22 - [TEST_STEP][PASSED] - navigateToUrl: Navigate to 'https://assist2-uat.perkeso.gov.my/web/registration/myassist' successfully

2018-12-07 00:54:23 - [MESSAGE][PASSED] - Navigate to 'https://assist2-uat.perkeso.gov.my/web/registration/myassist' successfully

2018-12-07 00:54:23 - [TEST_STEP][PASSED] - mouseOver: Object: 'Object Repository/Final Object Repo/Page_Update Add New Employee - ASSIST/Select to Update Akta 4 Tab' is hovered

2018-12-07 00:54:23 - [MESSAGE][PASSED] - Object: 'Object Repository/Final Object Repo/Page_Update Add New Employee - ASSIST/Select to Update Akta 4 Tab' is hovered

2018-12-07 00:54:23 - [TEST_STEP][PASSED] - delay: Delayed 2 second(s)

2018-12-07 00:54:25 - [MESSAGE][PASSED] - Delayed 2 second(s)

2018-12-07 00:54:25 - [TEST_STEP][PASSED] - click: Object: 'Object Repository/Final Object Repo/Page_Update Add New Employee - ASSIST/Select to Update Add New Employee' is clicked on

2018-12-07 00:54:25 - [MESSAGE][PASSED] - Object: 'Object Repository/Final Object Repo/Page_Update Add New Employee - ASSIST/Select to Update Add New Employee' is clicked on

2018-12-07 00:54:25 - [TEST_STEP][PASSED] - delay: Delayed 2 second(s)

2018-12-07 00:54:27 - [MESSAGE][PASSED] - Delayed 2 second(s)

2018-12-07 00:54:27 - [TEST_STEP][PASSED] - setText: Text 'E1102070657K' is set on object 'Object Repository/Final Object Repo/Page_Update Add New Employee - ASSIST/Employer Code input textbox'

2018-12-07 00:54:28 - [MESSAGE][PASSED] - Text 'E1102070657K' is set on object 'Object Repository/Final Object Repo/Page_Update Add New Employee - ASSIST/Employer Code input textbox'

2018-12-07 00:54:28 - [TEST_STEP][PASSED] - delay: Delayed 2 second(s)

2018-12-07 00:54:30 - [MESSAGE][PASSED] - Delayed 2 second(s)

2018-12-07 00:54:30 - [TEST_STEP][PASSED] - click: Object: 'Object Repository/Final Object Repo/Page_Update Add New Employee - ASSIST/Search Button for Employer Code' is clicked on

2018-12-07 00:54:30 - [MESSAGE][PASSED] - Object: 'Object Repository/Final Object Repo/Page_Update Add New Employee - ASSIST/Search Button for Employer Code' is clicked on

2018-12-07 00:54:30 - [TEST_STEP][PASSED] - delay: Delayed 4 second(s)

2018-12-07 00:54:34 - [MESSAGE][PASSED] - Delayed 4 second(s)

2018-12-07 00:54:34 - [TEST_STEP][PASSED] - click: Object: 'Object Repository/Final Object Repo/Page_Update Add New Employee - ASSIST/Click to Edit Case' is clicked on

2018-12-07 00:54:36 - [MESSAGE][PASSED] - Object: 'Object Repository/Final Object Repo/Page_Update Add New Employee - ASSIST/Click to Edit Case' is clicked on

2018-12-07 00:54:36 - [TEST_STEP][PASSED] - callTestCase: Call Test Case 'Test Cases/Final Aug 2018 - PKS Automation/Registration Module/Workflow/Update Add New Employee/Template/Employee Adding/Employee Set Decider' successfully

2018-12-07 00:54:36 - [TEST_CASE][PASSED] - Test Cases/Final Aug 2018 - PKS Automation/Registration Module/Workflow/Update Add New Employee/Template/Employee Adding/Employee Set Decider: Test Cases/Final Aug 2018 - PKS Automation/Registration Module/Workflow/Update Add New Employee/Template/Employee Adding/Employee Set Decider

2018-12-07 00:54:36 - [TEST_STEP][PASSED] - delay: Delayed 4 second(s)

2018-12-07 00:54:40 - [MESSAGE][PASSED] - Delayed 4 second(s)

2018-12-07 00:54:40 - [TEST_STEP][PASSED] - click: Object: 'Object Repository/Final Object Repo/Page_Update Add New Employee - ASSIST/Add Employee Button' is clicked on

2018-12-07 00:54:41 - [MESSAGE][PASSED] - Object: 'Object Repository/Final Object Repo/Page_Update Add New Employee - ASSIST/Add Employee Button' is clicked on

2018-12-07 00:54:41 - [TEST_STEP][PASSED] - delay: Delayed 3 second(s)

2018-12-07 00:54:44 - [MESSAGE][PASSED] - Delayed 3 second(s)

2018-12-07 00:54:44 - [TEST_STEP][PASSED] - setText: Text '010903091920' is set on object 'Object Repository/Final Object Repo/Page_Update Add New Employee - ASSIST/NRIC Input'

2018-12-07 00:54:44 - [MESSAGE][PASSED] - Text '010903091920' is set on object 'Object Repository/Final Object Repo/Page_Update Add New Employee - ASSIST/NRIC Input'

2018-12-07 00:54:44 - [TEST_STEP][PASSED] - click: Object: 'Object Repository/Final Object Repo/Page_Update Add New Employee - ASSIST/button for search for IC' is clicked on

2018-12-07 00:54:44 - [MESSAGE][PASSED] - Object: 'Object Repository/Final Object Repo/Page_Update Add New Employee - ASSIST/button for search for IC' is clicked on

2018-12-07 00:54:44 - [TEST_STEP][PASSED] - delay: Delayed 2 second(s)

2018-12-07 00:54:46 - [MESSAGE][PASSED] - Delayed 2 second(s)

2018-12-07 00:54:46 - [TEST_STEP][PASSED] - sendKeys: Keys 'CONTROL + a' sent to object: 'Object Repository/Final Object Repo/Page_Update Add New Employee - ASSIST/Employee Name Input'

2018-12-07 00:54:46 - [MESSAGE][PASSED] - Keys 'CONTROL + a' sent to object: 'Object Repository/Final Object Repo/Page_Update Add New Employee - ASSIST/Employee Name Input'

2018-12-07 00:54:46 - [TEST_STEP][PASSED] - sendKeys: Keys 'CONTROL + c' sent to object: 'Object Repository/Final Object Repo/Page_Update Add New Employee - ASSIST/Employee Name Input'

2018-12-07 00:54:46 - [MESSAGE][PASSED] - Keys 'CONTROL + c' sent to object: 'Object Repository/Final Object Repo/Page_Update Add New Employee - ASSIST/Employee Name Input'

2018-12-07 00:54:46 - [TEST_STEP][PASSED] - Statement - toolkit = java.awt.Toolkit.getDefaultToolkit(): null

2018-12-07 00:54:46 - [TEST_STEP][PASSED] - Statement - clipboard = toolkit.getSystemClipboard(): null

2018-12-07 00:54:46 - [TEST_STEP][PASSED] - Statement - CurrentName = clipboard.getData(stringFlavor): null

2018-12-07 00:54:46 - [TEST_STEP][PASSED] - Statement - out.println("String from Clipboard:" + CurrentName): null

2018-12-07 00:54:46 - [TEST_STEP][PASSED] - Statement - If (CurrentName == "AUTOMATE002 ELIGIBLE 1"): null

2018-12-07 00:54:46 - [TEST_STEP][PASSED] - Statement - Else If (CurrentName == "AUTOMATE003 ELIGIBLE 1"): Call Test Case 'Test Cases/Final Aug 2018 - PKS Automation/Registration Module/Workflow/Update Add New Employee/Template/Employee Adding/Employee Adding Action Repeat IC - set 2' successfully

2018-12-07 00:54:46 - [TEST_STEP][PASSED] - callTestCase: Call Test Case 'Test Cases/Final Aug 2018 - PKS Automation/Registration Module/Workflow/Update Add New Employee/Template/Employee Adding/Employee Adding Action Repeat IC - set 2' successfully

2018-12-07 00:54:46 - [TEST_CASE][PASSED] - Test Cases/Final Aug 2018 - PKS Automation/Registration Module/Workflow/Update Add New Employee/Template/Employee Adding/Employee Adding Action Repeat IC - set 2: Test Cases/Final Aug 2018 - PKS Automation/Registration Module/Workflow/Update Add New Employee/Template/Employee Adding/Employee Adding Action Repeat IC - set 2

2018-12-07 00:54:46 - [TEST_STEP][PASSED] - setText: Text 'Automate002 eligible 1' is set on object 'Object Repository/Final Object Repo/Page_Update Add New Employee - ASSIST/Employee Name Input'

2018-12-07 00:54:47 - [MESSAGE][PASSED] - Text 'Automate002 eligible 1' is set on object 'Object Repository/Final Object Repo/Page_Update Add New Employee - ASSIST/Employee Name Input'

2018-12-07 00:54:47 - [TEST_STEP][PASSED] - delay: Delayed 2 second(s)

2018-12-07 00:54:49 - [MESSAGE][PASSED] - Delayed 2 second(s)

2018-12-07 00:54:49 - [TEST_STEP][PASSED] - click: Object: 'Object Repository/Final Object Repo/Page_Update Add New Employee - ASSIST/DatePicker Pop Up' is clicked on

2018-12-07 00:54:49 - [MESSAGE][PASSED] - Object: 'Object Repository/Final Object Repo/Page_Update Add New Employee - ASSIST/DatePicker Pop Up' is clicked on

2018-12-07 00:54:49 - [TEST_STEP][PASSED] - click: Object: 'Object Repository/Final Object Repo/Page_Update Add New Employee - ASSIST/DOB Month' is clicked on

2018-12-07 00:54:49 - [MESSAGE][PASSED] - Object: 'Object Repository/Final Object Repo/Page_Update Add New Employee - ASSIST/DOB Month' is clicked on

2018-12-07 00:54:49 - [TEST_STEP][PASSED] - Statement - CurrentMonth = CurrentMonth: null

2018-12-07 00:54:49 - [TEST_STEP][PASSED] - Statement - selectMonth = new com.kms.katalon.core.testobject.TestObject(): null

2018-12-07 00:54:49 - [TEST_STEP][PASSED] - Statement - selectMonth.addProperty("xpath", EQUALS, "//body/div/div/div/select/option[@value='" + CurrentMonth + "']", true): null

2018-12-07 00:54:49 - [TEST_STEP][PASSED] - click: Object: '' is clicked on

2018-12-07 00:54:49 - [MESSAGE][PASSED] - Object: '' is clicked on

2018-12-07 00:54:49 - [TEST_STEP][PASSED] - click: Object: 'Object Repository/Final Object Repo/Page_Update Add New Employee - ASSIST/DOB Year' is clicked on

2018-12-07 00:54:50 - [MESSAGE][PASSED] - Object: 'Object Repository/Final Object Repo/Page_Update Add New Employee - ASSIST/DOB Year' is clicked on

2018-12-07 00:54:50 - [TEST_STEP][PASSED] - Statement - Eyearsbf = EighteenYrsBefore: null

2018-12-07 00:54:50 - [TEST_STEP][PASSED] - Statement - selectYear = new com.kms.katalon.core.testobject.TestObject(): null

2018-12-07 00:54:50 - [TEST_STEP][PASSED] - Statement - selectYear.addProperty("xpath", EQUALS, "//div/div/div/select/option[@value='" + Eyearsbf + "']", true): null

2018-12-07 00:54:50 - [TEST_STEP][PASSED] - click: Object: '' is clicked on

2018-12-07 00:54:50 - [MESSAGE][PASSED] - Object: '' is clicked on

2018-12-07 00:54:50 - [TEST_STEP][PASSED] - Statement - UpdatedSelectDate = com.kms.katalon.core.webui.keyword.WebUiBuiltInKeywords.modifyObjectProperty(com.kms.katalon.core.testobject.ObjectRepository.findTestObject(Final Object Repo/Page_Update Add New Employee - ASSIST/DOB Date), "xpath", "equals", "//body/div/table/tbody/tr/td/a[text()="" + CurrentDate + ""]", true): Modify property of object successfully

2018-12-07 00:54:50 - [MESSAGE][PASSED] - Modify property of object successfully

2018-12-07 00:54:50 - [TEST_STEP][PASSED] - delay: Delayed 3 second(s)

2018-12-07 00:54:53 - [MESSAGE][PASSED] - Delayed 3 second(s)

2018-12-07 00:54:53 - [TEST_STEP][PASSED] - click: Object: 'Object Repository/Final Object Repo/Page_Update Add New Employee - ASSIST/DOB Date' is clicked on

2018-12-07 00:54:53 - [MESSAGE][PASSED] - Object: 'Object Repository/Final Object Repo/Page_Update Add New Employee - ASSIST/DOB Date' is clicked on

2018-12-07 00:54:53 - [TEST_STEP][PASSED] - delay: Delayed 2 second(s)

2018-12-07 00:54:55 - [MESSAGE][PASSED] - Delayed 2 second(s)

2018-12-07 00:54:55 - [TEST_STEP][PASSED] - click: Object: 'Object Repository/Final Object Repo/Page_Update Add New Employee - ASSIST/EmploymentStartDate Pop Up' is clicked on

2018-12-07 00:54:55 - [MESSAGE][PASSED] - Object: 'Object Repository/Final Object Repo/Page_Update Add New Employee - ASSIST/EmploymentStartDate Pop Up' is clicked on

2018-12-07 00:54:55 - [TEST_STEP][PASSED] - delay: Delayed 2 second(s)

2018-12-07 00:54:57 - [MESSAGE][PASSED] - Delayed 2 second(s)

2018-12-07 00:54:57 - [TEST_STEP][PASSED] - click: Object: 'Object Repository/Final Object Repo/Page_Update Add New Employee - ASSIST/Socso Employment StartDate Month' is clicked on

2018-12-07 00:54:57 - [MESSAGE][PASSED] - Object: 'Object Repository/Final Object Repo/Page_Update Add New Employee - ASSIST/Socso Employment StartDate Month' is clicked on

2018-12-07 00:54:57 - [TEST_STEP][PASSED] - delay: Delayed 1 second(s)

2018-12-07 00:54:58 - [MESSAGE][PASSED] - Delayed 1 second(s)

2018-12-07 00:54:58 - [TEST_STEP][PASSED] - click: Object: 'Object Repository/Final Object Repo/Page_Update Add New Employee - ASSIST/Select Socso Employement Startdate Month' is clicked on

2018-12-07 00:54:58 - [MESSAGE][PASSED] - Object: 'Object Repository/Final Object Repo/Page_Update Add New Employee - ASSIST/Select Socso Employement Startdate Month' is clicked on

2018-12-07 00:54:58 - [TEST_STEP][PASSED] - delay: Delayed 2 second(s)

2018-12-07 00:55:00 - [MESSAGE][PASSED] - Delayed 2 second(s)

2018-12-07 00:55:00 - [TEST_STEP][PASSED] - click: Object: 'Object Repository/Final Object Repo/Page_Update Add New Employee - ASSIST/Socso Employment StartDate Year' is clicked on

2018-12-07 00:55:01 - [MESSAGE][PASSED] - Object: 'Object Repository/Final Object Repo/Page_Update Add New Employee - ASSIST/Socso Employment StartDate Year' is clicked on

2018-12-07 00:55:01 - [TEST_STEP][PASSED] - delay: Delayed 1 second(s)

2018-12-07 00:55:02 - [MESSAGE][PASSED] - Delayed 1 second(s)

2018-12-07 00:55:02 - [TEST_STEP][PASSED] - click: Object: 'Object Repository/Final Object Repo/Page_Update Add New Employee - ASSIST/Select Socso Employment Startdate Year' is clicked on

2018-12-07 00:55:02 - [MESSAGE][PASSED] - Object: 'Object Repository/Final Object Repo/Page_Update Add New Employee - ASSIST/Select Socso Employment Startdate Year' is clicked on

2018-12-07 00:55:02 - [TEST_STEP][PASSED] - delay: Delayed 2 second(s)

2018-12-07 00:55:04 - [MESSAGE][PASSED] - Delayed 2 second(s)

2018-12-07 00:55:04 - [TEST_STEP][PASSED] - click: Object: 'Object Repository/Final Object Repo/Page_Update Add New Employee - ASSIST/Socso Employment Start Date Day' is clicked on

2018-12-07 00:55:04 - [MESSAGE][PASSED] - Object: 'Object Repository/Final Object Repo/Page_Update Add New Employee - ASSIST/Socso Employment Start Date Day' is clicked on

2018-12-07 00:55:04 - [TEST_STEP][PASSED] - delay: Delayed 2 second(s)

2018-12-07 00:55:06 - [MESSAGE][PASSED] - Delayed 2 second(s)

2018-12-07 00:55:06 - [TEST_STEP][PASSED] - click: Object: 'Object Repository/Final Object Repo/Page_Update Add New Employee - ASSIST/Save Button for Add Employee' is clicked on

2018-12-07 00:55:06 - [MESSAGE][PASSED] - Object: 'Object Repository/Final Object Repo/Page_Update Add New Employee - ASSIST/Save Button for Add Employee' is clicked on

2018-12-07 00:55:06 - [TEST_STEP][PASSED] - delay: Delayed 10 second(s)

2018-12-07 00:55:16 - [MESSAGE][PASSED] - Delayed 10 second(s)

2018-12-07 00:55:16 - [TEST_STEP][PASSED] - click: Object: 'Object Repository/Final Object Repo/Page_Update Add New Employee - ASSIST/Add Employee Button' is clicked on

2018-12-07 00:55:16 - [MESSAGE][PASSED] - Object: 'Object Repository/Final Object Repo/Page_Update Add New Employee - ASSIST/Add Employee Button' is clicked on

2018-12-07 00:55:16 - [TEST_STEP][PASSED] - delay: Delayed 6 second(s)

2018-12-07 00:55:22 - [MESSAGE][PASSED] - Delayed 6 second(s)

2018-12-07 00:55:22 - [TEST_STEP][PASSED] - setText: Text '620904059600' is set on object 'Object Repository/Final Object Repo/Page_Update Add New Employee - ASSIST/NRIC Input'

2018-12-07 00:55:23 - [MESSAGE][PASSED] - Text '620904059600' is set on object 'Object Repository/Final Object Repo/Page_Update Add New Employee - ASSIST/NRIC Input'

2018-12-07 00:55:23 - [TEST_STEP][PASSED] - click: Object: 'Object Repository/Final Object Repo/Page_Update Add New Employee - ASSIST/button for search for IC' is clicked on

2018-12-07 00:55:23 - [MESSAGE][PASSED] - Object: 'Object Repository/Final Object Repo/Page_Update Add New Employee - ASSIST/button for search for IC' is clicked on

2018-12-07 00:55:23 - [TEST_STEP][PASSED] - delay: Delayed 2 second(s)

2018-12-07 00:55:25 - [MESSAGE][PASSED] - Delayed 2 second(s)

2018-12-07 00:55:25 - [TEST_STEP][PASSED] - setText: Text 'Automate002 eligible 2' is set on object 'Object Repository/Final Object Repo/Page_Update Add New Employee - ASSIST/Employee Name Input'

2018-12-07 00:55:25 - [MESSAGE][PASSED] - Text 'Automate002 eligible 2' is set on object 'Object Repository/Final Object Repo/Page_Update Add New Employee - ASSIST/Employee Name Input'

2018-12-07 00:55:25 - [TEST_STEP][PASSED] - delay: Delayed 2 second(s)

2018-12-07 00:55:27 - [MESSAGE][PASSED] - Delayed 2 second(s)

2018-12-07 00:55:27 - [TEST_STEP][PASSED] - click: Object: 'Object Repository/Final Object Repo/Page_Update Add New Employee - ASSIST/DatePicker Pop Up' is clicked on

2018-12-07 00:55:28 - [MESSAGE][PASSED] - Object: 'Object Repository/Final Object Repo/Page_Update Add New Employee - ASSIST/DatePicker Pop Up' is clicked on

2018-12-07 00:55:28 - [TEST_STEP][PASSED] - delay: Delayed 2 second(s)

2018-12-07 00:55:30 - [MESSAGE][PASSED] - Delayed 2 second(s)

2018-12-07 00:55:30 - [TEST_STEP][PASSED] - click: Object: 'Object Repository/Final Object Repo/Page_Update Add New Employee - ASSIST/DOB Month' is clicked on

2018-12-07 00:55:30 - [MESSAGE][PASSED] - Object: 'Object Repository/Final Object Repo/Page_Update Add New Employee - ASSIST/DOB Month' is clicked on

2018-12-07 00:55:30 - [TEST_STEP][PASSED] - Statement - selectMonth = com.kms.katalon.core.webui.keyword.WebUiBuiltInKeywords.modifyObjectProperty(selectMonth, "xpath", "equals", "//body/div/div/div/select/option[@value="" + CurrentMonth + ""]", true): Modify property of object successfully

2018-12-07 00:55:30 - [MESSAGE][PASSED] - Modify property of object successfully

2018-12-07 00:55:30 - [TEST_STEP][PASSED] - click: Object: '' is clicked on

2018-12-07 00:55:30 - [MESSAGE][PASSED] - Object: '' is clicked on

2018-12-07 00:55:30 - [TEST_STEP][PASSED] - click: Object: 'Object Repository/Final Object Repo/Page_Update Add New Employee - ASSIST/DOB Year' is clicked on

2018-12-07 00:55:30 - [MESSAGE][PASSED] - Object: 'Object Repository/Final Object Repo/Page_Update Add New Employee - ASSIST/DOB Year' is clicked on

2018-12-07 00:55:30 - [TEST_STEP][PASSED] - Statement - selectYear = com.kms.katalon.core.webui.keyword.WebUiBuiltInKeywords.modifyObjectProperty(selectYear, "xpath", "equals", "//div/div/div/select/option[@value="" + FiftysevenYrsBefore + ""]", true): Modify property of object successfully

2018-12-07 00:55:30 - [MESSAGE][PASSED] - Modify property of object successfully

2018-12-07 00:55:30 - [TEST_STEP][PASSED] - click: Object: '' is clicked on

2018-12-07 00:55:30 - [MESSAGE][PASSED] - Object: '' is clicked on

2018-12-07 00:55:30 - [TEST_STEP][PASSED] - Statement - UpdatedSelectDate = com.kms.katalon.core.webui.keyword.WebUiBuiltInKeywords.modifyObjectProperty(com.kms.katalon.core.testobject.ObjectRepository.findTestObject(Final Object Repo/Page_Update Add New Employee - ASSIST/DOB Date), "xpath", "equals", "//body/div/table/tbody/tr/td/a[text()="" + OneDayBefore + ""]", true): Modify property of object successfully

2018-12-07 00:55:30 - [MESSAGE][PASSED] - Modify property of object successfully

2018-12-07 00:55:30 - [TEST_STEP][PASSED] - click: Object: 'Object Repository/Final Object Repo/Page_Update Add New Employee - ASSIST/DOB Date' is clicked on

2018-12-07 00:55:30 - [MESSAGE][PASSED] - Object: 'Object Repository/Final Object Repo/Page_Update Add New Employee - ASSIST/DOB Date' is clicked on

2018-12-07 00:55:30 - [TEST_STEP][PASSED] - delay: Delayed 2 second(s)

2018-12-07 00:55:32 - [MESSAGE][PASSED] - Delayed 2 second(s)

2018-12-07 00:55:32 - [TEST_STEP][PASSED] - click: Object: 'Object Repository/Final Object Repo/Page_Update Add New Employee - ASSIST/EmploymentStartDate Pop Up' is clicked on

2018-12-07 00:55:33 - [MESSAGE][PASSED] - Object: 'Object Repository/Final Object Repo/Page_Update Add New Employee - ASSIST/EmploymentStartDate Pop Up' is clicked on

2018-12-07 00:55:33 - [TEST_STEP][PASSED] - delay: Delayed 2 second(s)

2018-12-07 00:55:35 - [MESSAGE][PASSED] - Delayed 2 second(s)

2018-12-07 00:55:35 - [TEST_STEP][PASSED] - click: Object: 'Object Repository/Final Object Repo/Page_Update Add New Employee - ASSIST/Socso Employment StartDate Month' is clicked on

2018-12-07 00:55:35 - [MESSAGE][PASSED] - Object: 'Object Repository/Final Object Repo/Page_Update Add New Employee - ASSIST/Socso Employment StartDate Month' is clicked on

2018-12-07 00:55:35 - [TEST_STEP][PASSED] - delay: Delayed 1 second(s)

2018-12-07 00:55:36 - [MESSAGE][PASSED] - Delayed 1 second(s)

2018-12-07 00:55:36 - [TEST_STEP][PASSED] - click: Object: 'Object Repository/Final Object Repo/Page_Update Add New Employee - ASSIST/Select Socso Employement Startdate Month' is clicked on

2018-12-07 00:55:36 - [MESSAGE][PASSED] - Object: 'Object Repository/Final Object Repo/Page_Update Add New Employee - ASSIST/Select Socso Employement Startdate Month' is clicked on

2018-12-07 00:55:36 - [TEST_STEP][PASSED] - delay: Delayed 2 second(s)

2018-12-07 00:55:38 - [MESSAGE][PASSED] - Delayed 2 second(s)

2018-12-07 00:55:38 - [TEST_STEP][PASSED] - click: Object: 'Object Repository/Final Object Repo/Page_Update Add New Employee - ASSIST/Socso Employment StartDate Year' is clicked on

2018-12-07 00:55:38 - [MESSAGE][PASSED] - Object: 'Object Repository/Final Object Repo/Page_Update Add New Employee - ASSIST/Socso Employment StartDate Year' is clicked on

2018-12-07 00:55:38 - [TEST_STEP][PASSED] - delay: Delayed 1 second(s)

2018-12-07 00:55:39 - [MESSAGE][PASSED] - Delayed 1 second(s)

2018-12-07 00:55:39 - [TEST_STEP][PASSED] - click: Object: 'Object Repository/Final Object Repo/Page_Update Add New Employee - ASSIST/Select Socso Employment Startdate Year' is clicked on

2018-12-07 00:55:39 - [MESSAGE][PASSED] - Object: 'Object Repository/Final Object Repo/Page_Update Add New Employee - ASSIST/Select Socso Employment Startdate Year' is clicked on

2018-12-07 00:55:39 - [TEST_STEP][PASSED] - delay: Delayed 2 second(s)

2018-12-07 00:55:41 - [MESSAGE][PASSED] - Delayed 2 second(s)

2018-12-07 00:55:41 - [TEST_STEP][PASSED] - click: Object: 'Object Repository/Final Object Repo/Page_Update Add New Employee - ASSIST/Socso Employment Start Date Day' is clicked on

2018-12-07 00:55:41 - [MESSAGE][PASSED] - Object: 'Object Repository/Final Object Repo/Page_Update Add New Employee - ASSIST/Socso Employment Start Date Day' is clicked on

2018-12-07 00:55:41 - [TEST_STEP][PASSED] - delay: Delayed 2 second(s)

2018-12-07 00:55:43 - [MESSAGE][PASSED] - Delayed 2 second(s)

2018-12-07 00:55:43 - [TEST_STEP][PASSED] - click: Object: 'Object Repository/Final Object Repo/Page_Update Add New Employee - ASSIST/Save Button for Add Employee' is clicked on

2018-12-07 00:55:44 - [MESSAGE][PASSED] - Object: 'Object Repository/Final Object Repo/Page_Update Add New Employee - ASSIST/Save Button for Add Employee' is clicked on

2018-12-07 00:55:44 - [TEST_STEP][PASSED] - delay: Delayed 5 second(s)

2018-12-07 00:55:49 - [MESSAGE][PASSED] - Delayed 5 second(s)

2018-12-07 00:55:49 - [TEST_STEP][PASSED] - waitForElementClickable: Object 'Object Repository/Final Object Repo/Page_Update Add New Employee - ASSIST/Add Employee Button' is clickable

2018-12-07 00:55:49 - [MESSAGE][PASSED] - Object 'Object Repository/Final Object Repo/Page_Update Add New Employee - ASSIST/Add Employee Button' is clickable

2018-12-07 00:55:49 - [TEST_STEP][PASSED] - click: Object: 'Object Repository/Final Object Repo/Page_Update Add New Employee - ASSIST/Add Employee Button' is clicked on

2018-12-07 00:55:49 - [MESSAGE][PASSED] - Object: 'Object Repository/Final Object Repo/Page_Update Add New Employee - ASSIST/Add Employee Button' is clicked on

2018-12-07 00:55:49 - [TEST_STEP][PASSED] - delay: Delayed 4 second(s)

2018-12-07 00:55:53 - [MESSAGE][PASSED] - Delayed 4 second(s)

2018-12-07 00:55:53 - [TEST_STEP][PASSED] - setText: Text '000209039100' is set on object 'Object Repository/Final Object Repo/Page_Update Add New Employee - ASSIST/NRIC Input'

2018-12-07 00:55:53 - [MESSAGE][PASSED] - Text '000209039100' is set on object 'Object Repository/Final Object Repo/Page_Update Add New Employee - ASSIST/NRIC Input'

2018-12-07 00:55:53 - [TEST_STEP][PASSED] - click: Object: 'Object Repository/Final Object Repo/Page_Update Add New Employee - ASSIST/button for search for IC' is clicked on

2018-12-07 00:55:53 - [MESSAGE][PASSED] - Object: 'Object Repository/Final Object Repo/Page_Update Add New Employee - ASSIST/button for search for IC' is clicked on

2018-12-07 00:55:53 - [TEST_STEP][PASSED] - delay: Delayed 2 second(s)

2018-12-07 00:55:55 - [MESSAGE][PASSED] - Delayed 2 second(s)

2018-12-07 00:55:55 - [TEST_STEP][PASSED] - setText: Text 'Automate002 not eligible 1' is set on object 'Object Repository/Final Object Repo/Page_Update Add New Employee - ASSIST/Employee Name Input'

2018-12-07 00:55:56 - [MESSAGE][PASSED] - Text 'Automate002 not eligible 1' is set on object 'Object Repository/Final Object Repo/Page_Update Add New Employee - ASSIST/Employee Name Input'

2018-12-07 00:55:56 - [TEST_STEP][PASSED] - delay: Delayed 2 second(s)

2018-12-07 00:55:58 - [MESSAGE][PASSED] - Delayed 2 second(s)

2018-12-07 00:55:58 - [TEST_STEP][PASSED] - click: Object: 'Object Repository/Final Object Repo/Page_Update Add New Employee - ASSIST/DatePicker Pop Up' is clicked on

2018-12-07 00:55:58 - [MESSAGE][PASSED] - Object: 'Object Repository/Final Object Repo/Page_Update Add New Employee - ASSIST/DatePicker Pop Up' is clicked on

2018-12-07 00:55:58 - [TEST_STEP][PASSED] - delay: Delayed 2 second(s)

2018-12-07 00:56:00 - [MESSAGE][PASSED] - Delayed 2 second(s)

2018-12-07 00:56:00 - [TEST_STEP][PASSED] - click: Object: 'Object Repository/Final Object Repo/Page_Update Add New Employee - ASSIST/DOB Month' is clicked on

2018-12-07 00:56:00 - [MESSAGE][PASSED] - Object: 'Object Repository/Final Object Repo/Page_Update Add New Employee - ASSIST/DOB Month' is clicked on

2018-12-07 00:56:00 - [TEST_STEP][PASSED] - Statement - selectMonth = com.kms.katalon.core.webui.keyword.WebUiBuiltInKeywords.modifyObjectProperty(selectMonth, "xpath", "equals", "//body/div/div/div/select/option[@value="" + CurrentMonth + ""]", true): Modify property of object successfully

2018-12-07 00:56:00 - [MESSAGE][PASSED] - Modify property of object successfully

2018-12-07 00:56:00 - [TEST_STEP][PASSED] - click: Object: '' is clicked on

2018-12-07 00:56:00 - [MESSAGE][PASSED] - Object: '' is clicked on

2018-12-07 00:56:00 - [TEST_STEP][PASSED] - click: Object: 'Object Repository/Final Object Repo/Page_Update Add New Employee - ASSIST/DOB Year' is clicked on

2018-12-07 00:56:01 - [MESSAGE][PASSED] - Object: 'Object Repository/Final Object Repo/Page_Update Add New Employee - ASSIST/DOB Year' is clicked on

2018-12-07 00:56:01 - [TEST_STEP][PASSED] - Statement - selectYear = com.kms.katalon.core.webui.keyword.WebUiBuiltInKeywords.modifyObjectProperty(selectYear, "xpath", "equals", "//div/div/div/select/option[@value="" + EighteenYrsBefore + ""]", true): Modify property of object successfully

2018-12-07 00:56:01 - [MESSAGE][PASSED] - Modify property of object successfully

2018-12-07 00:56:01 - [TEST_STEP][PASSED] - click: Object: '' is clicked on

2018-12-07 00:56:01 - [MESSAGE][PASSED] - Object: '' is clicked on

2018-12-07 00:56:01 - [TEST_STEP][PASSED] - Statement - UpdatedSelectDate = com.kms.katalon.core.webui.keyword.WebUiBuiltInKeywords.modifyObjectProperty(com.kms.katalon.core.testobject.ObjectRepository.findTestObject(Final Object Repo/Page_Update Add New Employee - ASSIST/DOB Date), "xpath", "equals", "//body/div/table/tbody/tr/td/a[text()="" + OneDayBefore + ""]", true): Modify property of object successfully

2018-12-07 00:56:01 - [MESSAGE][PASSED] - Modify property of object successfully

2018-12-07 00:56:01 - [TEST_STEP][PASSED] - click: Object: 'Object Repository/Final Object Repo/Page_Update Add New Employee - ASSIST/DOB Date' is clicked on

2018-12-07 00:56:01 - [MESSAGE][PASSED] - Object: 'Object Repository/Final Object Repo/Page_Update Add New Employee - ASSIST/DOB Date' is clicked on

2018-12-07 00:56:01 - [TEST_STEP][PASSED] - delay: Delayed 2 second(s)

2018-12-07 00:56:03 - [MESSAGE][PASSED] - Delayed 2 second(s)

2018-12-07 00:56:03 - [TEST_STEP][PASSED] - click: Object: 'Object Repository/Final Object Repo/Page_Update Add New Employee - ASSIST/EmploymentStartDate Pop Up' is clicked on

2018-12-07 00:56:03 - [MESSAGE][PASSED] - Object: 'Object Repository/Final Object Repo/Page_Update Add New Employee - ASSIST/EmploymentStartDate Pop Up' is clicked on

2018-12-07 00:56:03 - [TEST_STEP][PASSED] - delay: Delayed 2 second(s)

2018-12-07 00:56:05 - [MESSAGE][PASSED] - Delayed 2 second(s)

2018-12-07 00:56:05 - [TEST_STEP][PASSED] - click: Object: 'Object Repository/Final Object Repo/Page_Update Add New Employee - ASSIST/Socso Employment StartDate Month' is clicked on

2018-12-07 00:56:05 - [MESSAGE][PASSED] - Object: 'Object Repository/Final Object Repo/Page_Update Add New Employee - ASSIST/Socso Employment StartDate Month' is clicked on

2018-12-07 00:56:05 - [TEST_STEP][PASSED] - delay: Delayed 1 second(s)

2018-12-07 00:56:06 - [MESSAGE][PASSED] - Delayed 1 second(s)

2018-12-07 00:56:06 - [TEST_STEP][PASSED] - click: Object: 'Object Repository/Final Object Repo/Page_Update Add New Employee - ASSIST/Select Socso Employement Startdate Month' is clicked on

2018-12-07 00:56:06 - [MESSAGE][PASSED] - Object: 'Object Repository/Final Object Repo/Page_Update Add New Employee - ASSIST/Select Socso Employement Startdate Month' is clicked on

2018-12-07 00:56:06 - [TEST_STEP][PASSED] - delay: Delayed 2 second(s)

2018-12-07 00:56:08 - [MESSAGE][PASSED] - Delayed 2 second(s)

2018-12-07 00:56:08 - [TEST_STEP][PASSED] - click: Object: 'Object Repository/Final Object Repo/Page_Update Add New Employee - ASSIST/Socso Employment StartDate Year' is clicked on

2018-12-07 00:56:09 - [MESSAGE][PASSED] - Object: 'Object Repository/Final Object Repo/Page_Update Add New Employee - ASSIST/Socso Employment StartDate Year' is clicked on

2018-12-07 00:56:09 - [TEST_STEP][PASSED] - delay: Delayed 1 second(s)

2018-12-07 00:56:10 - [MESSAGE][PASSED] - Delayed 1 second(s)

2018-12-07 00:56:10 - [TEST_STEP][PASSED] - click: Object: 'Object Repository/Final Object Repo/Page_Update Add New Employee - ASSIST/Select Socso Employment Startdate Year' is clicked on

2018-12-07 00:56:10 - [MESSAGE][PASSED] - Object: 'Object Repository/Final Object Repo/Page_Update Add New Employee - ASSIST/Select Socso Employment Startdate Year' is clicked on

2018-12-07 00:56:10 - [TEST_STEP][PASSED] - delay: Delayed 2 second(s)

2018-12-07 00:56:12 - [MESSAGE][PASSED] - Delayed 2 second(s)

2018-12-07 00:56:12 - [TEST_STEP][PASSED] - click: Object: 'Object Repository/Final Object Repo/Page_Update Add New Employee - ASSIST/Socso Employment Start Date Day' is clicked on

2018-12-07 00:56:12 - [MESSAGE][PASSED] - Object: 'Object Repository/Final Object Repo/Page_Update Add New Employee - ASSIST/Socso Employment Start Date Day' is clicked on

2018-12-07 00:56:12 - [TEST_STEP][PASSED] - delay: Delayed 2 second(s)

2018-12-07 00:56:14 - [MESSAGE][PASSED] - Delayed 2 second(s)

2018-12-07 00:56:14 - [TEST_STEP][PASSED] - click: Object: 'Object Repository/Final Object Repo/Page_Update Add New Employee - ASSIST/Save Button for Add Employee' is clicked on

2018-12-07 00:56:14 - [MESSAGE][PASSED] - Object: 'Object Repository/Final Object Repo/Page_Update Add New Employee - ASSIST/Save Button for Add Employee' is clicked on

2018-12-07 00:56:14 - [TEST_STEP][PASSED] - delay: Delayed 20 second(s)

2018-12-07 00:56:34 - [MESSAGE][PASSED] - Delayed 20 second(s)

2018-12-07 00:56:34 - [TEST_STEP][PASSED] - click: Object: 'Object Repository/Final Object Repo/Page_Update Add New Employee - ASSIST/Add Employee Button' is clicked on

2018-12-07 00:56:34 - [MESSAGE][PASSED] - Object: 'Object Repository/Final Object Repo/Page_Update Add New Employee - ASSIST/Add Employee Button' is clicked on

2018-12-07 00:56:34 - [TEST_STEP][PASSED] - delay: Delayed 4 second(s)

2018-12-07 00:56:38 - [MESSAGE][PASSED] - Delayed 4 second(s)

2018-12-07 00:56:38 - [TEST_STEP][PASSED] - setText: Text '600203039104' is set on object 'Object Repository/Final Object Repo/Page_Update Add New Employee - ASSIST/NRIC Input'

2018-12-07 00:56:39 - [MESSAGE][PASSED] - Text '600203039104' is set on object 'Object Repository/Final Object Repo/Page_Update Add New Employee - ASSIST/NRIC Input'

2018-12-07 00:56:39 - [TEST_STEP][PASSED] - click: Object: 'Object Repository/Final Object Repo/Page_Update Add New Employee - ASSIST/button for search for IC' is clicked on

2018-12-07 00:56:39 - [MESSAGE][PASSED] - Object: 'Object Repository/Final Object Repo/Page_Update Add New Employee - ASSIST/button for search for IC' is clicked on

2018-12-07 00:56:39 - [TEST_STEP][PASSED] - delay: Delayed 2 second(s)

2018-12-07 00:56:41 - [MESSAGE][PASSED] - Delayed 2 second(s)

2018-12-07 00:56:41 - [TEST_STEP][PASSED] - setText: Text 'Automate002 not eligible 2' is set on object 'Object Repository/Final Object Repo/Page_Update Add New Employee - ASSIST/Employee Name Input'

2018-12-07 00:56:41 - [MESSAGE][PASSED] - Text 'Automate002 not eligible 2' is set on object 'Object Repository/Final Object Repo/Page_Update Add New Employee - ASSIST/Employee Name Input'

2018-12-07 00:56:41 - [TEST_STEP][PASSED] - delay: Delayed 2 second(s)

2018-12-07 00:56:43 - [MESSAGE][PASSED] - Delayed 2 second(s)

2018-12-07 00:56:43 - [TEST_STEP][PASSED] - click: Object: 'Object Repository/Final Object Repo/Page_Update Add New Employee - ASSIST/DatePicker Pop Up' is clicked on

2018-12-07 00:56:44 - [MESSAGE][PASSED] - Object: 'Object Repository/Final Object Repo/Page_Update Add New Employee - ASSIST/DatePicker Pop Up' is clicked on

2018-12-07 00:56:44 - [TEST_STEP][PASSED] - delay: Delayed 2 second(s)

2018-12-07 00:56:46 - [MESSAGE][PASSED] - Delayed 2 second(s)

2018-12-07 00:56:46 - [TEST_STEP][PASSED] - click: Object: 'Object Repository/Final Object Repo/Page_Update Add New Employee - ASSIST/DOB Month' is clicked on

2018-12-07 00:56:46 - [MESSAGE][PASSED] - Object: 'Object Repository/Final Object Repo/Page_Update Add New Employee - ASSIST/DOB Month' is clicked on

2018-12-07 00:56:46 - [TEST_STEP][PASSED] - Statement - selectMonth = com.kms.katalon.core.webui.keyword.WebUiBuiltInKeywords.modifyObjectProperty(selectMonth, "xpath", "equals", "//body/div/div/div/select/option[@value="" + CurrentMonth + ""]", true): Modify property of object successfully

2018-12-07 00:56:46 - [MESSAGE][PASSED] - Modify property of object successfully

2018-12-07 00:56:46 - [TEST_STEP][PASSED] - click: Object: '' is clicked on

2018-12-07 00:56:46 - [MESSAGE][PASSED] - Object: '' is clicked on

2018-12-07 00:56:46 - [TEST_STEP][PASSED] - click: Object: 'Object Repository/Final Object Repo/Page_Update Add New Employee - ASSIST/DOB Year' is clicked on

2018-12-07 00:56:46 - [MESSAGE][PASSED] - Object: 'Object Repository/Final Object Repo/Page_Update Add New Employee - ASSIST/DOB Year' is clicked on

2018-12-07 00:56:46 - [TEST_STEP][PASSED] - Statement - selectYear = com.kms.katalon.core.webui.keyword.WebUiBuiltInKeywords.modifyObjectProperty(selectYear, "xpath", "equals", "//div/div/div/select/option[@value="" + FiftysevenYrsBefore + ""]", true): Modify property of object successfully

2018-12-07 00:56:46 - [MESSAGE][PASSED] - Modify property of object successfully

2018-12-07 00:56:46 - [TEST_STEP][PASSED] - click: Object: '' is clicked on

2018-12-07 00:56:46 - [MESSAGE][PASSED] - Object: '' is clicked on

2018-12-07 00:56:46 - [TEST_STEP][PASSED] - Statement - UpdatedSelectDate = com.kms.katalon.core.webui.keyword.WebUiBuiltInKeywords.modifyObjectProperty(com.kms.katalon.core.testobject.ObjectRepository.findTestObject(Final Object Repo/Page_Update Add New Employee - ASSIST/DOB Date), "xpath", "equals", "//body/div/table/tbody/tr/td/a[text()="" + CurrentDate + ""]", true): Modify property of object successfully

2018-12-07 00:56:46 - [MESSAGE][PASSED] - Modify property of object successfully

2018-12-07 00:56:46 - [TEST_STEP][PASSED] - click: Object: 'Object Repository/Final Object Repo/Page_Update Add New Employee - ASSIST/DOB Date' is clicked on

2018-12-07 00:56:46 - [MESSAGE][PASSED] - Object: 'Object Repository/Final Object Repo/Page_Update Add New Employee - ASSIST/DOB Date' is clicked on

2018-12-07 00:56:46 - [TEST_STEP][PASSED] - click: Object: 'Object Repository/Final Object Repo/Page_Update Add New Employee - ASSIST/EmploymentStartDate Pop Up' is clicked on

2018-12-07 00:56:47 - [MESSAGE][PASSED] - Object: 'Object Repository/Final Object Repo/Page_Update Add New Employee - ASSIST/EmploymentStartDate Pop Up' is clicked on

2018-12-07 00:56:47 - [TEST_STEP][PASSED] - delay: Delayed 2 second(s)

2018-12-07 00:56:49 - [MESSAGE][PASSED] - Delayed 2 second(s)

2018-12-07 00:56:49 - [TEST_STEP][PASSED] - click: Object: 'Object Repository/Final Object Repo/Page_Update Add New Employee - ASSIST/Socso Employment StartDate Month' is clicked on

2018-12-07 00:56:49 - [MESSAGE][PASSED] - Object: 'Object Repository/Final Object Repo/Page_Update Add New Employee - ASSIST/Socso Employment StartDate Month' is clicked on

2018-12-07 00:56:49 - [TEST_STEP][PASSED] - delay: Delayed 1 second(s)

2018-12-07 00:56:50 - [MESSAGE][PASSED] - Delayed 1 second(s)

2018-12-07 00:56:50 - [TEST_STEP][PASSED] - click: Object: 'Object Repository/Final Object Repo/Page_Update Add New Employee - ASSIST/Select Socso Employement Startdate Month' is clicked on

2018-12-07 00:56:50 - [MESSAGE][PASSED] - Object: 'Object Repository/Final Object Repo/Page_Update Add New Employee - ASSIST/Select Socso Employement Startdate Month' is clicked on

2018-12-07 00:56:50 - [TEST_STEP][PASSED] - delay: Delayed 2 second(s)

2018-12-07 00:56:52 - [MESSAGE][PASSED] - Delayed 2 second(s)

2018-12-07 00:56:52 - [TEST_STEP][PASSED] - click: Object: 'Object Repository/Final Object Repo/Page_Update Add New Employee - ASSIST/Socso Employment StartDate Year' is clicked on

2018-12-07 00:56:52 - [MESSAGE][PASSED] - Object: 'Object Repository/Final Object Repo/Page_Update Add New Employee - ASSIST/Socso Employment StartDate Year' is clicked on

2018-12-07 00:56:52 - [TEST_STEP][PASSED] - delay: Delayed 1 second(s)

2018-12-07 00:56:53 - [MESSAGE][PASSED] - Delayed 1 second(s)

2018-12-07 00:56:53 - [TEST_STEP][PASSED] - click: Object: 'Object Repository/Final Object Repo/Page_Update Add New Employee - ASSIST/Select Socso Employment Startdate Year' is clicked on

2018-12-07 00:56:53 - [MESSAGE][PASSED] - Object: 'Object Repository/Final Object Repo/Page_Update Add New Employee - ASSIST/Select Socso Employment Startdate Year' is clicked on

2018-12-07 00:56:53 - [TEST_STEP][PASSED] - delay: Delayed 2 second(s)

2018-12-07 00:56:55 - [MESSAGE][PASSED] - Delayed 2 second(s)

2018-12-07 00:56:55 - [TEST_STEP][PASSED] - click: Object: 'Object Repository/Final Object Repo/Page_Update Add New Employee - ASSIST/Socso Employment Start Date Day' is clicked on

2018-12-07 00:56:56 - [MESSAGE][PASSED] - Object: 'Object Repository/Final Object Repo/Page_Update Add New Employee - ASSIST/Socso Employment Start Date Day' is clicked on

2018-12-07 00:56:56 - [TEST_STEP][PASSED] - delay: Delayed 2 second(s)

2018-12-07 00:56:58 - [MESSAGE][PASSED] - Delayed 2 second(s)

2018-12-07 00:56:58 - [TEST_STEP][PASSED] - click: Object: 'Object Repository/Final Object Repo/Page_Update Add New Employee - ASSIST/Save Button for Add Employee' is clicked on

2018-12-07 00:56:58 - [MESSAGE][PASSED] - Object: 'Object Repository/Final Object Repo/Page_Update Add New Employee - ASSIST/Save Button for Add Employee' is clicked on

2018-12-07 00:56:58 - [MESSAGE][PASSED] - Call Test Case 'Test Cases/Final Aug 2018 - PKS Automation/Registration Module/Workflow/Update Add New Employee/Template/Employee Adding/Employee Adding Action Repeat IC - set 2' successfully

2018-12-07 00:56:58 - [MESSAGE][PASSED] - Call Test Case 'Test Cases/Final Aug 2018 - PKS Automation/Registration Module/Workflow/Update Add New Employee/Template/Employee Adding/Employee Set Decider' successfully

2018-12-07 00:56:58 - [TEST_STEP][PASSED] - delay: Delayed 4 second(s)

2018-12-07 00:57:02 - [MESSAGE][PASSED] - Delayed 4 second(s)

2018-12-07 00:57:02 - [TEST_STEP][PASSED] - Statement - CaseReferenceNo = com.kms.katalon.core.webui.keyword.WebUiBuiltInKeywords.getText(com.kms.katalon.core.testobject.ObjectRepository.findTestObject(Final Object Repo/Page_Update Add New Employee - ASSIST/RefNo)): Text of object 'Object Repository/Final Object Repo/Page_Update Add New Employee - ASSIST/RefNo' is: 'CAN12201800002274'

2018-12-07 00:57:02 - [MESSAGE][PASSED] - Text of object 'Object Repository/Final Object Repo/Page_Update Add New Employee - ASSIST/RefNo' is: 'CAN12201800002274'

2018-12-07 00:57:02 - [TEST_STEP][PASSED] - callTestCase: Call Test Case 'Test Cases/Final Aug 2018 - PKS Automation/Common/Reference Number Setter' successfully

2018-12-07 00:57:02 - [TEST_CASE][PASSED] - Test Cases/Final Aug 2018 - PKS Automation/Common/Reference Number Setter: Test Cases/Final Aug 2018 - PKS Automation/Common/Reference Number Setter

2018-12-07 00:57:02 - [TEST_STEP][PASSED] - Statement - RefNoOldFile = new java.io.File(C://Users//Admin//Desktop//PKS//Automation Reference Point//KatalonReference.txt): null

2018-12-07 00:57:02 - [TEST_STEP][PASSED] - Statement - RefNoOldFile.delete(): null

2018-12-07 00:57:02 - [TEST_STEP][PASSED] - delay: Delayed 5 second(s)

2018-12-07 00:57:07 - [MESSAGE][PASSED] - Delayed 5 second(s)

2018-12-07 00:57:07 - [TEST_STEP][PASSED] - Statement - RefNo = new java.io.File(C://Users//Admin//Desktop//PKS//Automation Reference Point//KatalonReference.txt): null

2018-12-07 00:57:07 - [TEST_STEP][PASSED] - Statement - f2 = new java.io.FileWriter(RefNo, false): null

2018-12-07 00:57:07 - [TEST_STEP][PASSED] - Statement - f2.write(CaseReferenceNo): null

2018-12-07 00:57:07 - [TEST_STEP][PASSED] - Statement - f2.close(): null

2018-12-07 00:57:07 - [TEST_STEP][PASSED] - Statement - out.println("


" + CaseReferenceNo + "


"): null

2018-12-07 00:57:07 - [MESSAGE][PASSED] - Call Test Case 'Test Cases/Final Aug 2018 - PKS Automation/Common/Reference Number Setter' successfully

2018-12-07 00:57:07 - [TEST_STEP][PASSED] - delay: Delayed 5 second(s)

2018-12-07 00:57:12 - [MESSAGE][PASSED] - Delayed 5 second(s)

2018-12-07 00:57:12 - [TEST_STEP][PASSED] - click: Object: 'Object Repository/Final Object Repo/Page_Update Add New Employee - ASSIST/Save  Continue Button' is clicked on

2018-12-07 00:57:12 - [MESSAGE][PASSED] - Object: 'Object Repository/Final Object Repo/Page_Update Add New Employee - ASSIST/Save  Continue Button' is clicked on

2018-12-07 00:57:12 - [TEST_STEP][PASSED] - delay: Delayed 5 second(s)

2018-12-07 00:57:17 - [MESSAGE][PASSED] - Delayed 5 second(s)

2018-12-07 00:57:17 - [TEST_STEP][PASSED] - click: Object: 'Object Repository/Final Object Repo/Page_Update Add New Employee - ASSIST/Save  Continue Third Screen' is clicked on

2018-12-07 00:57:20 - [MESSAGE][PASSED] - Object: 'Object Repository/Final Object Repo/Page_Update Add New Employee - ASSIST/Save  Continue Third Screen' is clicked on

2018-12-07 00:57:20 - [TEST_STEP][PASSED] - delay: Delayed 4 second(s)

2018-12-07 00:57:24 - [MESSAGE][PASSED] - Delayed 4 second(s)

2018-12-07 00:57:24 - [TEST_STEP][PASSED] - click: Object: 'Object Repository/Final Object Repo/Page_Update Add New Employee - ASSIST/Save   Continue Supporting Doc Page' is clicked on

2018-12-07 00:57:24 - [MESSAGE][PASSED] - Object: 'Object Repository/Final Object Repo/Page_Update Add New Employee - ASSIST/Save   Continue Supporting Doc Page' is clicked on

2018-12-07 00:57:24 - [TEST_STEP][PASSED] - delay: Delayed 4 second(s)

2018-12-07 00:57:28 - [MESSAGE][PASSED] - Delayed 4 second(s)

2018-12-07 00:57:28 - [TEST_STEP][PASSED] - click: Object: 'Object Repository/Final Object Repo/Page_Update Add New Employee - ASSIST/Submit Button' is clicked on

2018-12-07 00:57:29 - [MESSAGE][PASSED] - Object: 'Object Repository/Final Object Repo/Page_Update Add New Employee - ASSIST/Submit Button' is clicked on

2018-12-07 00:57:29 - [TEST_STEP][PASSED] - delay: Delayed 4 second(s)

2018-12-07 00:57:33 - [MESSAGE][PASSED] - Delayed 4 second(s)

2018-12-07 00:57:33 - [TEST_STEP][PASSED] - click: Object: 'Object Repository/Final Object Repo/Page_Update Add New Employee - ASSIST/Confirm Submit Button' is clicked on

2018-12-07 00:57:33 - [MESSAGE][PASSED] - Object: 'Object Repository/Final Object Repo/Page_Update Add New Employee - ASSIST/Confirm Submit Button' is clicked on

2018-12-07 00:57:33 - [TEST_STEP][PASSED] - delay: Delayed 30 second(s)

2018-12-07 00:58:03 - [MESSAGE][PASSED] - Delayed 30 second(s)

2018-12-07 00:58:03 - [TEST_STEP][PASSED] - callTestCase: Call Test Case 'Test Cases/Final Aug 2018 - PKS Automation/Common/Screenshoting tool' successfully

2018-12-07 00:58:03 - [TEST_CASE][PASSED] - Test Cases/Final Aug 2018 - PKS Automation/Common/Screenshoting tool: Test Cases/Final Aug 2018 - PKS Automation/Common/Screenshoting tool

2018-12-07 00:58:03 - [TEST_STEP][PASSED] - delay: Delayed 15 second(s)

2018-12-07 00:58:18 - [MESSAGE][PASSED] - Delayed 15 second(s)

2018-12-07 00:58:18 - [TEST_STEP][PASSED] - Statement - driver = com.kms.katalon.core.webui.driver.DriverFactory.getWebDriver(): null

2018-12-07 00:58:18 - [TEST_STEP][PASSED] - Statement - driver.manage().timeouts().implicitlyWait(10, SECONDS): null

2018-12-07 00:58:18 - [TEST_STEP][PASSED] - Statement - PresavePath = KatalonScreenshots: null

2018-12-07 00:58:18 - [TEST_STEP][PASSED] - Statement - pathPrefix = "C:\Users\Public\Pictures\Sample Pictures\Katalon Screenshots\Automate Ending Screen": null

2018-12-07 00:58:18 - [TEST_STEP][PASSED] - Statement - finalPath = <not implemented yet for class: org.codehaus.groovy.ast.expr.EmptyExpression>: null

2018-12-07 00:58:18 - [TEST_STEP][PASSED] - Statement - scrFile = driver.getScreenshotAs(FILE): null

2018-12-07 00:58:18 - [TEST_STEP][PASSED] - Statement - PreSaveFile = new java.io.File(PresavePath): null

2018-12-07 00:58:18 - [TEST_STEP][PASSED] - Statement - counter = 0: null

2018-12-07 00:58:18 - [TEST_STEP][PASSED] - Statement - If (PreSaveFile.exists()): null

2018-12-07 00:58:18 - [TEST_STEP][PASSED] - Statement - While (PreSaveFile.exists()): null

2018-12-07 00:58:18 - [TEST_STEP][PASSED] - Statement - counter = counter + 1: null

2018-12-07 00:58:18 - [TEST_STEP][PASSED] - Statement - PreSaveFile = new java.io.File(((pathPrefix + java.lang.Integer.toString(counter)) + .png)): null

2018-12-07 00:58:18 - [TEST_STEP][PASSED] - Statement - counter = counter + 1: null

2018-12-07 00:58:18 - [TEST_STEP][PASSED] - Statement - PreSaveFile = new java.io.File(((pathPrefix + java.lang.Integer.toString(counter)) + .png)): null

2018-12-07 00:58:18 - [TEST_STEP][PASSED] - Statement - counter = counter + 1: null

2018-12-07 00:58:18 - [TEST_STEP][PASSED] - Statement - PreSaveFile = new java.io.File(((pathPrefix + java.lang.Integer.toString(counter)) + .png)): null

2018-12-07 00:58:18 - [TEST_STEP][PASSED] - Statement - counter = counter + 1: null

2018-12-07 00:58:18 - [TEST_STEP][PASSED] - Statement - PreSaveFile = new java.io.File(((pathPrefix + java.lang.Integer.toString(counter)) + .png)): null

2018-12-07 00:58:18 - [TEST_STEP][PASSED] - Statement - counter = counter + 1: null

2018-12-07 00:58:18 - [TEST_STEP][PASSED] - Statement - PreSaveFile = new java.io.File(((pathPrefix + java.lang.Integer.toString(counter)) + .png)): null

2018-12-07 00:58:18 - [TEST_STEP][PASSED] - Statement - counter = counter + 1: null

2018-12-07 00:58:18 - [TEST_STEP][PASSED] - Statement - PreSaveFile = new java.io.File(((pathPrefix + java.lang.Integer.toString(counter)) + .png)): null

2018-12-07 00:58:18 - [TEST_STEP][PASSED] - Statement - counter = counter + 1: null

2018-12-07 00:58:18 - [TEST_STEP][PASSED] - Statement - PreSaveFile = new java.io.File(((pathPrefix + java.lang.Integer.toString(counter)) + .png)): null

2018-12-07 00:58:18 - [TEST_STEP][PASSED] - Statement - counter = counter + 1: null

2018-12-07 00:58:18 - [TEST_STEP][PASSED] - Statement - PreSaveFile = new java.io.File(((pathPrefix + java.lang.Integer.toString(counter)) + .png)): null

2018-12-07 00:58:18 - [TEST_STEP][PASSED] - Statement - counter = counter + 1: null

2018-12-07 00:58:18 - [TEST_STEP][PASSED] - Statement - PreSaveFile = new java.io.File(((pathPrefix + java.lang.Integer.toString(counter)) + .png)): null

2018-12-07 00:58:18 - [TEST_STEP][PASSED] - Statement - counter = counter + 1: null

2018-12-07 00:58:18 - [TEST_STEP][PASSED] - Statement - PreSaveFile = new java.io.File(((pathPrefix + java.lang.Integer.toString(counter)) + .png)): null

2018-12-07 00:58:18 - [TEST_STEP][PASSED] - Statement - counter = counter + 1: null

2018-12-07 00:58:18 - [TEST_STEP][PASSED] - Statement - PreSaveFile = new java.io.File(((pathPrefix + java.lang.Integer.toString(counter)) + .png)): null

2018-12-07 00:58:18 - [TEST_STEP][PASSED] - Statement - counter = counter + 1: null

2018-12-07 00:58:18 - [TEST_STEP][PASSED] - Statement - PreSaveFile = new java.io.File(((pathPrefix + java.lang.Integer.toString(counter)) + .png)): null

2018-12-07 00:58:18 - [TEST_STEP][PASSED] - Statement - counter = counter + 1: null

2018-12-07 00:58:18 - [TEST_STEP][PASSED] - Statement - PreSaveFile = new java.io.File(((pathPrefix + java.lang.Integer.toString(counter)) + .png)): null

2018-12-07 00:58:18 - [TEST_STEP][PASSED] - Statement - counter = counter + 1: null

2018-12-07 00:58:18 - [TEST_STEP][PASSED] - Statement - PreSaveFile = new java.io.File(((pathPrefix + java.lang.Integer.toString(counter)) + .png)): null

2018-12-07 00:58:18 - [TEST_STEP][PASSED] - Statement - counter = counter + 1: null

2018-12-07 00:58:18 - [TEST_STEP][PASSED] - Statement - PreSaveFile = new java.io.File(((pathPrefix + java.lang.Integer.toString(counter)) + .png)): null

2018-12-07 00:58:18 - [TEST_STEP][PASSED] - Statement - counter = counter + 1: null

2018-12-07 00:58:18 - [TEST_STEP][PASSED] - Statement - PreSaveFile = new java.io.File(((pathPrefix + java.lang.Integer.toString(counter)) + .png)): null

2018-12-07 00:58:18 - [TEST_STEP][PASSED] - Statement - counter = counter + 1: null

2018-12-07 00:58:18 - [TEST_STEP][PASSED] - Statement - PreSaveFile = new java.io.File(((pathPrefix + java.lang.Integer.toString(counter)) + .png)): null

2018-12-07 00:58:18 - [TEST_STEP][PASSED] - Statement - counter = counter + 1: null

2018-12-07 00:58:18 - [TEST_STEP][PASSED] - Statement - PreSaveFile = new java.io.File(((pathPrefix + java.lang.Integer.toString(counter)) + .png)): null

2018-12-07 00:58:18 - [TEST_STEP][PASSED] - Statement - counter = counter + 1: null

2018-12-07 00:58:18 - [TEST_STEP][PASSED] - Statement - PreSaveFile = new java.io.File(((pathPrefix + java.lang.Integer.toString(counter)) + .png)): null

2018-12-07 00:58:18 - [TEST_STEP][PASSED] - Statement - counter = counter + 1: null

2018-12-07 00:58:18 - [TEST_STEP][PASSED] - Statement - PreSaveFile = new java.io.File(((pathPrefix + java.lang.Integer.toString(counter)) + .png)): null

2018-12-07 00:58:18 - [TEST_STEP][PASSED] - Statement - counter = counter + 1: null

2018-12-07 00:58:18 - [TEST_STEP][PASSED] - Statement - PreSaveFile = new java.io.File(((pathPrefix + java.lang.Integer.toString(counter)) + .png)): null

2018-12-07 00:58:18 - [TEST_STEP][PASSED] - Statement - counter = counter + 1: null

2018-12-07 00:58:18 - [TEST_STEP][PASSED] - Statement - PreSaveFile = new java.io.File(((pathPrefix + java.lang.Integer.toString(counter)) + .png)): null

2018-12-07 00:58:18 - [TEST_STEP][PASSED] - Statement - counter = counter + 1: null

2018-12-07 00:58:18 - [TEST_STEP][PASSED] - Statement - PreSaveFile = new java.io.File(((pathPrefix + java.lang.Integer.toString(counter)) + .png)): null

2018-12-07 00:58:18 - [TEST_STEP][PASSED] - Statement - counter = counter + 1: null

2018-12-07 00:58:18 - [TEST_STEP][PASSED] - Statement - PreSaveFile = new java.io.File(((pathPrefix + java.lang.Integer.toString(counter)) + .png)): null

2018-12-07 00:58:18 - [TEST_STEP][PASSED] - Statement - counter = counter + 1: null

2018-12-07 00:58:18 - [TEST_STEP][PASSED] - Statement - PreSaveFile = new java.io.File(((pathPrefix + java.lang.Integer.toString(counter)) + .png)): null

2018-12-07 00:58:18 - [TEST_STEP][PASSED] - Statement - counter = counter + 1: null

2018-12-07 00:58:18 - [TEST_STEP][PASSED] - Statement - PreSaveFile = new java.io.File(((pathPrefix + java.lang.Integer.toString(counter)) + .png)): null

2018-12-07 00:58:18 - [TEST_STEP][PASSED] - Statement - counter = counter + 1: null

2018-12-07 00:58:18 - [TEST_STEP][PASSED] - Statement - PreSaveFile = new java.io.File(((pathPrefix + java.lang.Integer.toString(counter)) + .png)): null

2018-12-07 00:58:18 - [TEST_STEP][PASSED] - Statement - counter = counter + 1: null

2018-12-07 00:58:18 - [TEST_STEP][PASSED] - Statement - PreSaveFile = new java.io.File(((pathPrefix + java.lang.Integer.toString(counter)) + .png)): null

2018-12-07 00:58:18 - [TEST_STEP][PASSED] - Statement - counter = counter + 1: null

2018-12-07 00:58:18 - [TEST_STEP][PASSED] - Statement - PreSaveFile = new java.io.File(((pathPrefix + java.lang.Integer.toString(counter)) + .png)): null

2018-12-07 00:58:18 - [TEST_STEP][PASSED] - Statement - counter = counter + 1: null

2018-12-07 00:58:18 - [TEST_STEP][PASSED] - Statement - PreSaveFile = new java.io.File(((pathPrefix + java.lang.Integer.toString(counter)) + .png)): null

2018-12-07 00:58:18 - [TEST_STEP][PASSED] - Statement - counter = counter + 1: null

2018-12-07 00:58:18 - [TEST_STEP][PASSED] - Statement - PreSaveFile = new java.io.File(((pathPrefix + java.lang.Integer.toString(counter)) + .png)): null

2018-12-07 00:58:18 - [TEST_STEP][PASSED] - Statement - counter = counter + 1: null

2018-12-07 00:58:18 - [TEST_STEP][PASSED] - Statement - PreSaveFile = new java.io.File(((pathPrefix + java.lang.Integer.toString(counter)) + .png)): null

2018-12-07 00:58:18 - [TEST_STEP][PASSED] - Statement - counter = counter + 1: null

2018-12-07 00:58:18 - [TEST_STEP][PASSED] - Statement - PreSaveFile = new java.io.File(((pathPrefix + java.lang.Integer.toString(counter)) + .png)): null

2018-12-07 00:58:18 - [TEST_STEP][PASSED] - Statement - counter = counter + 1: null

2018-12-07 00:58:18 - [TEST_STEP][PASSED] - Statement - PreSaveFile = new java.io.File(((pathPrefix + java.lang.Integer.toString(counter)) + .png)): null

2018-12-07 00:58:18 - [TEST_STEP][PASSED] - Statement - counter = counter + 1: null

2018-12-07 00:58:18 - [TEST_STEP][PASSED] - Statement - PreSaveFile = new java.io.File(((pathPrefix + java.lang.Integer.toString(counter)) + .png)): null

2018-12-07 00:58:18 - [TEST_STEP][PASSED] - Statement - counter = counter + 1: null

2018-12-07 00:58:18 - [TEST_STEP][PASSED] - Statement - PreSaveFile = new java.io.File(((pathPrefix + java.lang.Integer.toString(counter)) + .png)): null

2018-12-07 00:58:18 - [TEST_STEP][PASSED] - Statement - counter = counter + 1: null

2018-12-07 00:58:18 - [TEST_STEP][PASSED] - Statement - PreSaveFile = new java.io.File(((pathPrefix + java.lang.Integer.toString(counter)) + .png)): null

2018-12-07 00:58:18 - [TEST_STEP][PASSED] - Statement - counter = counter + 1: null

2018-12-07 00:58:18 - [TEST_STEP][PASSED] - Statement - PreSaveFile = new java.io.File(((pathPrefix + java.lang.Integer.toString(counter)) + .png)): null

2018-12-07 00:58:18 - [TEST_STEP][PASSED] - Statement - counter = counter + 1: null

2018-12-07 00:58:18 - [TEST_STEP][PASSED] - Statement - PreSaveFile = new java.io.File(((pathPrefix + java.lang.Integer.toString(counter)) + .png)): null

2018-12-07 00:58:18 - [TEST_STEP][PASSED] - Statement - counter = counter + 1: null

2018-12-07 00:58:18 - [TEST_STEP][PASSED] - Statement - PreSaveFile = new java.io.File(((pathPrefix + java.lang.Integer.toString(counter)) + .png)): null

2018-12-07 00:58:18 - [TEST_STEP][PASSED] - Statement - counter = counter + 1: null

2018-12-07 00:58:18 - [TEST_STEP][PASSED] - Statement - PreSaveFile = new java.io.File(((pathPrefix + java.lang.Integer.toString(counter)) + .png)): null

2018-12-07 00:58:18 - [TEST_STEP][PASSED] - Statement - counter = counter + 1: null

2018-12-07 00:58:18 - [TEST_STEP][PASSED] - Statement - PreSaveFile = new java.io.File(((pathPrefix + java.lang.Integer.toString(counter)) + .png)): null

2018-12-07 00:58:18 - [TEST_STEP][PASSED] - Statement - counter = counter + 1: null

2018-12-07 00:58:18 - [TEST_STEP][PASSED] - Statement - PreSaveFile = new java.io.File(((pathPrefix + java.lang.Integer.toString(counter)) + .png)): null

2018-12-07 00:58:18 - [TEST_STEP][PASSED] - Statement - counter = counter + 1: null

2018-12-07 00:58:18 - [TEST_STEP][PASSED] - Statement - PreSaveFile = new java.io.File(((pathPrefix + java.lang.Integer.toString(counter)) + .png)): null

2018-12-07 00:58:18 - [TEST_STEP][PASSED] - Statement - counter = counter + 1: null

2018-12-07 00:58:18 - [TEST_STEP][PASSED] - Statement - PreSaveFile = new java.io.File(((pathPrefix + java.lang.Integer.toString(counter)) + .png)): null

2018-12-07 00:58:18 - [TEST_STEP][PASSED] - Statement - counter = counter + 1: null

2018-12-07 00:58:18 - [TEST_STEP][PASSED] - Statement - PreSaveFile = new java.io.File(((pathPrefix + java.lang.Integer.toString(counter)) + .png)): null

2018-12-07 00:58:18 - [TEST_STEP][PASSED] - Statement - counter = counter + 1: null

2018-12-07 00:58:18 - [TEST_STEP][PASSED] - Statement - PreSaveFile = new java.io.File(((pathPrefix + java.lang.Integer.toString(counter)) + .png)): null

2018-12-07 00:58:18 - [TEST_STEP][PASSED] - Statement - counter = counter + 1: null

2018-12-07 00:58:18 - [TEST_STEP][PASSED] - Statement - PreSaveFile = new java.io.File(((pathPrefix + java.lang.Integer.toString(counter)) + .png)): null

2018-12-07 00:58:18 - [TEST_STEP][PASSED] - Statement - counter = counter + 1: null

2018-12-07 00:58:18 - [TEST_STEP][PASSED] - Statement - PreSaveFile = new java.io.File(((pathPrefix + java.lang.Integer.toString(counter)) + .png)): null

2018-12-07 00:58:18 - [TEST_STEP][PASSED] - Statement - counter = counter + 1: null

2018-12-07 00:58:18 - [TEST_STEP][PASSED] - Statement - PreSaveFile = new java.io.File(((pathPrefix + java.lang.Integer.toString(counter)) + .png)): null

2018-12-07 00:58:18 - [TEST_STEP][PASSED] - Statement - counter = counter + 1: null

2018-12-07 00:58:18 - [TEST_STEP][PASSED] - Statement - PreSaveFile = new java.io.File(((pathPrefix + java.lang.Integer.toString(counter)) + .png)): null

2018-12-07 00:58:18 - [TEST_STEP][PASSED] - Statement - counter = counter + 1: null

2018-12-07 00:58:18 - [TEST_STEP][PASSED] - Statement - PreSaveFile = new java.io.File(((pathPrefix + java.lang.Integer.toString(counter)) + .png)): null

2018-12-07 00:58:18 - [TEST_STEP][PASSED] - Statement - counter = counter + 1: null

2018-12-07 00:58:18 - [TEST_STEP][PASSED] - Statement - PreSaveFile = new java.io.File(((pathPrefix + java.lang.Integer.toString(counter)) + .png)): null

2018-12-07 00:58:18 - [TEST_STEP][PASSED] - Statement - counter = counter + 1: null

2018-12-07 00:58:18 - [TEST_STEP][PASSED] - Statement - PreSaveFile = new java.io.File(((pathPrefix + java.lang.Integer.toString(counter)) + .png)): null

2018-12-07 00:58:18 - [TEST_STEP][PASSED] - Statement - counter = counter + 1: null

2018-12-07 00:58:18 - [TEST_STEP][PASSED] - Statement - PreSaveFile = new java.io.File(((pathPrefix + java.lang.Integer.toString(counter)) + .png)): null

2018-12-07 00:58:18 - [TEST_STEP][PASSED] - Statement - counter = counter + 1: null

2018-12-07 00:58:18 - [TEST_STEP][PASSED] - Statement - PreSaveFile = new java.io.File(((pathPrefix + java.lang.Integer.toString(counter)) + .png)): null

2018-12-07 00:58:18 - [TEST_STEP][PASSED] - Statement - counter = counter + 1: null

2018-12-07 00:58:18 - [TEST_STEP][PASSED] - Statement - PreSaveFile = new java.io.File(((pathPrefix + java.lang.Integer.toString(counter)) + .png)): null

2018-12-07 00:58:18 - [TEST_STEP][PASSED] - Statement - counter = counter + 1: null

2018-12-07 00:58:18 - [TEST_STEP][PASSED] - Statement - PreSaveFile = new java.io.File(((pathPrefix + java.lang.Integer.toString(counter)) + .png)): null

2018-12-07 00:58:18 - [TEST_STEP][PASSED] - Statement - counter = counter + 1: null

2018-12-07 00:58:18 - [TEST_STEP][PASSED] - Statement - PreSaveFile = new java.io.File(((pathPrefix + java.lang.Integer.toString(counter)) + .png)): null

2018-12-07 00:58:18 - [TEST_STEP][PASSED] - Statement - counter = counter + 1: null

2018-12-07 00:58:18 - [TEST_STEP][PASSED] - Statement - PreSaveFile = new java.io.File(((pathPrefix + java.lang.Integer.toString(counter)) + .png)): null

2018-12-07 00:58:18 - [TEST_STEP][PASSED] - Statement - counter = counter + 1: null

2018-12-07 00:58:18 - [TEST_STEP][PASSED] - Statement - PreSaveFile = new java.io.File(((pathPrefix + java.lang.Integer.toString(counter)) + .png)): null

2018-12-07 00:58:18 - [TEST_STEP][PASSED] - Statement - counter = counter + 1: null

2018-12-07 00:58:18 - [TEST_STEP][PASSED] - Statement - PreSaveFile = new java.io.File(((pathPrefix + java.lang.Integer.toString(counter)) + .png)): null

2018-12-07 00:58:18 - [TEST_STEP][PASSED] - Statement - counter = counter + 1: null

2018-12-07 00:58:18 - [TEST_STEP][PASSED] - Statement - PreSaveFile = new java.io.File(((pathPrefix + java.lang.Integer.toString(counter)) + .png)): null

2018-12-07 00:58:18 - [TEST_STEP][PASSED] - Statement - counter = counter + 1: null

2018-12-07 00:58:18 - [TEST_STEP][PASSED] - Statement - PreSaveFile = new java.io.File(((pathPrefix + java.lang.Integer.toString(counter)) + .png)): null

2018-12-07 00:58:18 - [TEST_STEP][PASSED] - Statement - counter = counter + 1: null

2018-12-07 00:58:18 - [TEST_STEP][PASSED] - Statement - PreSaveFile = new java.io.File(((pathPrefix + java.lang.Integer.toString(counter)) + .png)): null

2018-12-07 00:58:18 - [TEST_STEP][PASSED] - Statement - counter = counter + 1: null

2018-12-07 00:58:18 - [TEST_STEP][PASSED] - Statement - PreSaveFile = new java.io.File(((pathPrefix + java.lang.Integer.toString(counter)) + .png)): null

2018-12-07 00:58:18 - [TEST_STEP][PASSED] - Statement - counter = counter + 1: null

2018-12-07 00:58:18 - [TEST_STEP][PASSED] - Statement - PreSaveFile = new java.io.File(((pathPrefix + java.lang.Integer.toString(counter)) + .png)): null

2018-12-07 00:58:18 - [TEST_STEP][PASSED] - Statement - counter = counter + 1: null

2018-12-07 00:58:18 - [TEST_STEP][PASSED] - Statement - PreSaveFile = new java.io.File(((pathPrefix + java.lang.Integer.toString(counter)) + .png)): null

2018-12-07 00:58:18 - [TEST_STEP][PASSED] - Statement - counter = counter + 1: null

2018-12-07 00:58:18 - [TEST_STEP][PASSED] - Statement - PreSaveFile = new java.io.File(((pathPrefix + java.lang.Integer.toString(counter)) + .png)): null

2018-12-07 00:58:18 - [TEST_STEP][PASSED] - Statement - counter = counter + 1: null

2018-12-07 00:58:18 - [TEST_STEP][PASSED] - Statement - PreSaveFile = new java.io.File(((pathPrefix + java.lang.Integer.toString(counter)) + .png)): null

2018-12-07 00:58:18 - [TEST_STEP][PASSED] - Statement - counter = counter + 1: null

2018-12-07 00:58:18 - [TEST_STEP][PASSED] - Statement - PreSaveFile = new java.io.File(((pathPrefix + java.lang.Integer.toString(counter)) + .png)): null

2018-12-07 00:58:18 - [TEST_STEP][PASSED] - Statement - counter = counter + 1: null

2018-12-07 00:58:18 - [TEST_STEP][PASSED] - Statement - PreSaveFile = new java.io.File(((pathPrefix + java.lang.Integer.toString(counter)) + .png)): null

2018-12-07 00:58:18 - [TEST_STEP][PASSED] - Statement - counter = counter + 1: null

2018-12-07 00:58:18 - [TEST_STEP][PASSED] - Statement - PreSaveFile = new java.io.File(((pathPrefix + java.lang.Integer.toString(counter)) + .png)): null

2018-12-07 00:58:18 - [TEST_STEP][PASSED] - Statement - counter = counter + 1: null

2018-12-07 00:58:18 - [TEST_STEP][PASSED] - Statement - PreSaveFile = new java.io.File(((pathPrefix + java.lang.Integer.toString(counter)) + .png)): null

2018-12-07 00:58:18 - [TEST_STEP][PASSED] - Statement - counter = counter + 1: null

2018-12-07 00:58:18 - [TEST_STEP][PASSED] - Statement - PreSaveFile = new java.io.File(((pathPrefix + java.lang.Integer.toString(counter)) + .png)): null

2018-12-07 00:58:18 - [TEST_STEP][PASSED] - Statement - counter = counter + 1: null

2018-12-07 00:58:18 - [TEST_STEP][PASSED] - Statement - PreSaveFile = new java.io.File(((pathPrefix + java.lang.Integer.toString(counter)) + .png)): null

2018-12-07 00:58:18 - [TEST_STEP][PASSED] - Statement - counter = counter + 1: null

2018-12-07 00:58:18 - [TEST_STEP][PASSED] - Statement - PreSaveFile = new java.io.File(((pathPrefix + java.lang.Integer.toString(counter)) + .png)): null

2018-12-07 00:58:18 - [TEST_STEP][PASSED] - Statement - counter = counter + 1: null

2018-12-07 00:58:19 - [TEST_STEP][PASSED] - Statement - PreSaveFile = new java.io.File(((pathPrefix + java.lang.Integer.toString(counter)) + .png)): null

2018-12-07 00:58:19 - [TEST_STEP][PASSED] - Statement - finalPath = pathPrefix + java.lang.Integer.toString(counter) + ".png": null

2018-12-07 00:58:19 - [TEST_STEP][PASSED] - Statement - SaveFile = new java.io.File(finalPath): null

2018-12-07 00:58:19 - [TEST_STEP][PASSED] - Statement - Try: null

2018-12-07 00:58:19 - [TEST_STEP][PASSED] - Statement - org.apache.commons.io.FileUtils.copyFile(scrFile, SaveFile): null

2018-12-07 00:58:19 - [TEST_STEP][PASSED] - Statement - out.println("file kept"): null

2018-12-07 00:58:19 - [TEST_STEP][PASSED] - delay: Delayed 10 second(s)

2018-12-07 00:58:29 - [MESSAGE][PASSED] - Delayed 10 second(s)

2018-12-07 00:58:29 - [MESSAGE][PASSED] - Call Test Case 'Test Cases/Final Aug 2018 - PKS Automation/Common/Screenshoting tool' successfully

2018-12-07 00:58:29 - [TEST_STEP][PASSED] - callTestCase: Call Test Case 'Test Cases/Final Aug 2018 - PKS Automation/Registration Module/Log Out/log out avoiding katalon tagging' successfully

2018-12-07 00:58:29 - [TEST_CASE][PASSED] - Test Cases/Final Aug 2018 - PKS Automation/Registration Module/Log Out/log out avoiding katalon tagging: Test Cases/Final Aug 2018 - PKS Automation/Registration Module/Log Out/log out avoiding katalon tagging

2018-12-07 00:58:29 - [TEST_STEP][PASSED] - navigateToUrl: Navigate to 'https://assist2-uat.perkeso.gov.my/c/portal/logout' successfully

2018-12-07 00:58:29 - [MESSAGE][PASSED] - Navigate to 'https://assist2-uat.perkeso.gov.my/c/portal/logout' successfully

2018-12-07 00:58:29 - [MESSAGE][PASSED] - Call Test Case 'Test Cases/Final Aug 2018 - PKS Automation/Registration Module/Log Out/log out avoiding katalon tagging' successfully

2018-12-07 00:58:29 - [TEST_STEP][PASSED] - callTestCase: Call Test Case 'Test Cases/Final Aug 2018 - PKS Automation/Common/Workflow Owner Finder' successfully

2018-12-07 00:58:29 - [TEST_CASE][PASSED] - Test Cases/Final Aug 2018 - PKS Automation/Common/Workflow Owner Finder: Test Cases/Final Aug 2018 - PKS Automation/Common/Workflow Owner Finder

2018-12-07 00:58:29 - [TEST_STEP][PASSED] - openBrowser: Browser is opened with url: ''

2018-12-07 00:58:29 - [MESSAGE][WARNING] - A browser is already opened. Closing browser and opening a new one

2018-12-07 00:58:33 - [MESSAGE][PASSED] - Browser is opened with url: ''

2018-12-07 00:58:33 - [TEST_STEP][PASSED] - navigateToUrl: Navigate to 'https://assist2-uat.perkeso.gov.my/login' successfully

2018-12-07 00:58:34 - [MESSAGE][PASSED] - Navigate to 'https://assist2-uat.perkeso.gov.my/login' successfully

2018-12-07 00:58:34 - [TEST_STEP][PASSED] - delay: Delayed 5 second(s)

2018-12-07 00:58:39 - [MESSAGE][PASSED] - Delayed 5 second(s)

2018-12-07 00:58:39 - [TEST_STEP][PASSED] - setText: Text 'test@liferay.com' is set on object 'Object Repository/Final Object Repo/Login Page/Internal User/Email Address'

2018-12-07 00:58:40 - [MESSAGE][PASSED] - Text 'test@liferay.com' is set on object 'Object Repository/Final Object Repo/Login Page/Internal User/Email Address'

2018-12-07 00:58:40 - [TEST_STEP][PASSED] - click: Object: 'Object Repository/Final Object Repo/Login Page/Internal User/Next Button' is clicked on

2018-12-07 00:58:40 - [MESSAGE][PASSED] - Object: 'Object Repository/Final Object Repo/Login Page/Internal User/Next Button' is clicked on

2018-12-07 00:58:40 - [TEST_STEP][PASSED] - delay: Delayed 2 second(s)

2018-12-07 00:58:42 - [MESSAGE][PASSED] - Delayed 2 second(s)

2018-12-07 00:58:42 - [TEST_STEP][PASSED] - setText: Text 'test' is set on object 'Object Repository/Final Object Repo/Login Page/Internal User/Password'

2018-12-07 00:58:42 - [MESSAGE][PASSED] - Text 'test' is set on object 'Object Repository/Final Object Repo/Login Page/Internal User/Password'

2018-12-07 00:58:42 - [TEST_STEP][PASSED] - delay: Delayed 2 second(s)

2018-12-07 00:58:44 - [MESSAGE][PASSED] - Delayed 2 second(s)

2018-12-07 00:58:44 - [TEST_STEP][PASSED] - click: Object: 'Object Repository/Final Object Repo/Login Page/Internal User/Login Button' is clicked on

2018-12-07 00:58:44 - [MESSAGE][PASSED] - Object: 'Object Repository/Final Object Repo/Login Page/Internal User/Login Button' is clicked on

2018-12-07 00:58:44 - [TEST_STEP][PASSED] - Statement - tester = com.kms.katalon.core.testobject.ObjectRepository.findTestObject(Final Object Repo/Landing Page/Select to English): Finding Test Object with id 'Object Repository/Final Object Repo/Landing Page/Select to English'

2018-12-07 00:58:44 - [TEST_STEP][PASSED] - Statement - Try: Delayed 2 second(s)

2018-12-07 00:58:44 - [TEST_STEP][PASSED] - Statement - Checker = com.kms.katalon.core.webui.keyword.WebUiBuiltInKeywords.verifyElementNotPresent(tester, 3): Web element with id: 'Object Repository/Final Object Repo/Landing Page/Select to English' located by 'By.xpath: //a[@class = 'taglib-language-list-text' and @lang = 'en-US' and (contains(text(), 'EN') or contains(., 'EN'))]' is not present after '3' second(s)

2018-12-07 00:58:46 - [MESSAGE][PASSED] - Web element with id: 'Object Repository/Final Object Repo/Landing Page/Select to English' located by 'By.xpath: //a[@class = 'taglib-language-list-text' and @lang = 'en-US' and (contains(text(), 'EN') or contains(., 'EN'))]' is not present after '3' second(s)

2018-12-07 00:58:46 - [TEST_STEP][PASSED] - Statement - If (Checker == false): null

2018-12-07 00:58:46 - [TEST_STEP][PASSED] - delay: Delayed 2 second(s)

2018-12-07 00:58:48 - [MESSAGE][PASSED] - Delayed 2 second(s)

2018-12-07 00:58:48 - [TEST_STEP][PASSED] - delay: Delayed 5 second(s)

2018-12-07 00:58:53 - [MESSAGE][PASSED] - Delayed 5 second(s)

2018-12-07 00:58:53 - [TEST_STEP][PASSED] - mouseOver: Object: 'Object Repository/Final Object Repo/Landing Page/WorkFlow Menu' is hovered

2018-12-07 00:58:54 - [MESSAGE][PASSED] - Object: 'Object Repository/Final Object Repo/Landing Page/WorkFlow Menu' is hovered

2018-12-07 00:58:54 - [TEST_STEP][PASSED] - delay: Delayed 2 second(s)

2018-12-07 00:58:56 - [MESSAGE][PASSED] - Delayed 2 second(s)

2018-12-07 00:58:56 - [TEST_STEP][PASSED] - click: Object: 'Object Repository/Final Object Repo/Landing Page/Select to Workflow Listing' is clicked on

2018-12-07 00:58:57 - [MESSAGE][PASSED] - Object: 'Object Repository/Final Object Repo/Landing Page/Select to Workflow Listing' is clicked on

2018-12-07 00:58:57 - [TEST_STEP][PASSED] - delay: Delayed 2 second(s)

2018-12-07 00:58:59 - [MESSAGE][PASSED] - Delayed 2 second(s)

2018-12-07 00:58:59 - [TEST_STEP][PASSED] - click: Object: 'Object Repository/Final Object Repo/WorkFlow Listing Page/Search Information - To Put Ref No' is clicked on

2018-12-07 00:58:59 - [MESSAGE][PASSED] - Object: 'Object Repository/Final Object Repo/WorkFlow Listing Page/Search Information - To Put Ref No' is clicked on

2018-12-07 00:58:59 - [TEST_STEP][PASSED] - delay: Delayed 2 second(s)

2018-12-07 00:59:01 - [MESSAGE][PASSED] - Delayed 2 second(s)

2018-12-07 00:59:01 - [TEST_STEP][PASSED] - callTestCase: Call Test Case 'Test Cases/Final Aug 2018 - PKS Automation/Common/Reference Number Getter' successfully

2018-12-07 00:59:01 - [TEST_CASE][PASSED] - Test Cases/Final Aug 2018 - PKS Automation/Common/Reference Number Getter: Test Cases/Final Aug 2018 - PKS Automation/Common/Reference Number Getter

2018-12-07 00:59:01 - [TEST_STEP][PASSED] - Statement - Try: null

2018-12-07 00:59:01 - [TEST_STEP][PASSED] - Statement - RefNo = new java.io.File(C://Users//Admin//Desktop//PKS//Automation Reference Point//KatalonReference.txt): null

2018-12-07 00:59:01 - [TEST_STEP][PASSED] - Statement - bufferread = new java.io.BufferedReader(new java.io.FileReader(RefNo)): null

2018-12-07 00:59:01 - [TEST_STEP][PASSED] - Statement - readedVal = bufferread.readLine(): null

2018-12-07 00:59:01 - [TEST_STEP][PASSED] - Statement - out.println(CaseReferenceNo): null

2018-12-07 00:59:01 - [TEST_STEP][PASSED] - Statement - out.println(readedVal): null

2018-12-07 00:59:01 - [TEST_STEP][PASSED] - Statement - CaseReferenceNo = "": null

2018-12-07 00:59:01 - [TEST_STEP][PASSED] - Statement - CaseReferenceNo = readedVal: null

2018-12-07 00:59:01 - [MESSAGE][PASSED] - Call Test Case 'Test Cases/Final Aug 2018 - PKS Automation/Common/Reference Number Getter' successfully

2018-12-07 00:59:01 - [TEST_STEP][PASSED] - setText: Text 'CAN12201800002274' is set on object 'Object Repository/Final Object Repo/WorkFlow Listing Page/Ref No Set Text'

2018-12-07 00:59:01 - [MESSAGE][PASSED] - Text 'CAN12201800002274' is set on object 'Object Repository/Final Object Repo/WorkFlow Listing Page/Ref No Set Text'

2018-12-07 00:59:01 - [TEST_STEP][PASSED] - delay: Delayed 2 second(s)

2018-12-07 00:59:03 - [MESSAGE][PASSED] - Delayed 2 second(s)

2018-12-07 00:59:03 - [TEST_STEP][PASSED] - click: Object: 'Object Repository/Final Object Repo/WorkFlow Listing Page/Search Ref No Search Button' is clicked on

2018-12-07 00:59:03 - [MESSAGE][PASSED] - Object: 'Object Repository/Final Object Repo/WorkFlow Listing Page/Search Ref No Search Button' is clicked on

2018-12-07 00:59:03 - [TEST_STEP][PASSED] - delay: Delayed 6 second(s)

2018-12-07 00:59:09 - [MESSAGE][PASSED] - Delayed 6 second(s)

2018-12-07 00:59:09 - [TEST_STEP][PASSED] - click: Object: 'Object Repository/Final Object Repo/WorkFlow Listing Page/Click Continue Tooltip' is clicked on

2018-12-07 00:59:10 - [MESSAGE][PASSED] - Object: 'Object Repository/Final Object Repo/WorkFlow Listing Page/Click Continue Tooltip' is clicked on

2018-12-07 00:59:10 - [TEST_STEP][PASSED] - delay: Delayed 5 second(s)

2018-12-07 00:59:15 - [MESSAGE][PASSED] - Delayed 5 second(s)

2018-12-07 00:59:15 - [TEST_STEP][PASSED] - doubleClick: Object: 'Object Repository/Final Object Repo/WorkFlow Listing Page/Workflow Found - Listing 1' is double clicked on

2018-12-07 00:59:15 - [MESSAGE][PASSED] - Object: 'Object Repository/Final Object Repo/WorkFlow Listing Page/Workflow Found - Listing 1' is double clicked on

2018-12-07 00:59:15 - [TEST_STEP][PASSED] - Statement - println(OwnerID): null

2018-12-07 00:59:15 - [TEST_STEP][PASSED] - Statement - OwnerID = com.kms.katalon.core.webui.keyword.WebUiBuiltInKeywords.getText(com.kms.katalon.core.testobject.ObjectRepository.findTestObject(Final Object Repo/WorkFlow Listing Page/Workflow Found - Listing 1), STOP_ON_FAILURE): Text of object 'Object Repository/Final Object Repo/WorkFlow Listing Page/Workflow Found - Listing 1' is: 'JOHORro3'

2018-12-07 00:59:15 - [MESSAGE][PASSED] - Text of object 'Object Repository/Final Object Repo/WorkFlow Listing Page/Workflow Found - Listing 1' is: 'JOHORro3'

2018-12-07 00:59:15 - [TEST_STEP][PASSED] - Statement - OwnerID = OwnerID.toLowerCase() + "@gmail.com": null

2018-12-07 00:59:15 - [TEST_STEP][PASSED] - Statement - println(OwnerID): null

2018-12-07 00:59:15 - [TEST_STEP][PASSED] - delay: Delayed 2 second(s)

2018-12-07 00:59:17 - [MESSAGE][PASSED] - Delayed 2 second(s)

2018-12-07 00:59:17 - [MESSAGE][PASSED] - Call Test Case 'Test Cases/Final Aug 2018 - PKS Automation/Common/Workflow Owner Finder' successfully

2018-12-07 00:59:17 - [TEST_STEP][PASSED] - callTestCase: Call Test Case 'Test Cases/Final Aug 2018 - PKS Automation/Registration Module/Log Out/log out avoiding katalon tagging' successfully

2018-12-07 00:59:18 - [TEST_CASE][PASSED] - Test Cases/Final Aug 2018 - PKS Automation/Registration Module/Log Out/log out avoiding katalon tagging: Test Cases/Final Aug 2018 - PKS Automation/Registration Module/Log Out/log out avoiding katalon tagging

2018-12-07 00:59:18 - [TEST_STEP][PASSED] - navigateToUrl: Navigate to 'https://assist2-uat.perkeso.gov.my/c/portal/logout' successfully

2018-12-07 00:59:18 - [MESSAGE][PASSED] - Navigate to 'https://assist2-uat.perkeso.gov.my/c/portal/logout' successfully

2018-12-07 00:59:18 - [MESSAGE][PASSED] - Call Test Case 'Test Cases/Final Aug 2018 - PKS Automation/Registration Module/Log Out/log out avoiding katalon tagging' successfully

2018-12-07 00:59:18 - [TEST_STEP][PASSED] - delay: Delayed 2 second(s)

2018-12-07 00:59:20 - [MESSAGE][PASSED] - Delayed 2 second(s)

2018-12-07 00:59:20 - [TEST_STEP][PASSED] - setText: Text 'johorro3@gmail.com' is set on object 'Object Repository/Final Object Repo/Page_Update Add New Employee - ASSIST/Email TextBox'

2018-12-07 00:59:21 - [MESSAGE][PASSED] - Text 'johorro3@gmail.com' is set on object 'Object Repository/Final Object Repo/Page_Update Add New Employee - ASSIST/Email TextBox'

2018-12-07 00:59:21 - [TEST_STEP][PASSED] - click: Object: 'Object Repository/Final Object Repo/Page_Update Add New Employee - ASSIST/Next Button' is clicked on

2018-12-07 00:59:21 - [MESSAGE][PASSED] - Object: 'Object Repository/Final Object Repo/Page_Update Add New Employee - ASSIST/Next Button' is clicked on

2018-12-07 00:59:21 - [TEST_STEP][PASSED] - delay: Delayed 2 second(s)

2018-12-07 00:59:23 - [MESSAGE][PASSED] - Delayed 2 second(s)

2018-12-07 00:59:23 - [TEST_STEP][PASSED] - setText: Text 'Test1@3456789' is set on object 'Object Repository/Final Object Repo/Page_Update Add New Employee - ASSIST/Password TextBox'

2018-12-07 00:59:23 - [MESSAGE][PASSED] - Text 'Test1@3456789' is set on object 'Object Repository/Final Object Repo/Page_Update Add New Employee - ASSIST/Password TextBox'

2018-12-07 00:59:23 - [TEST_STEP][PASSED] - delay: Delayed 2 second(s)

2018-12-07 00:59:25 - [MESSAGE][PASSED] - Delayed 2 second(s)

2018-12-07 00:59:25 - [TEST_STEP][PASSED] - click: Object: 'Object Repository/Final Object Repo/Page_Update Add New Employee - ASSIST/Login Button' is clicked on

2018-12-07 00:59:25 - [MESSAGE][PASSED] - Object: 'Object Repository/Final Object Repo/Page_Update Add New Employee - ASSIST/Login Button' is clicked on

2018-12-07 00:59:25 - [TEST_STEP][PASSED] - delay: Delayed 4 second(s)

2018-12-07 00:59:29 - [MESSAGE][PASSED] - Delayed 4 second(s)

2018-12-07 00:59:29 - [TEST_STEP][PASSED] - Statement - Try: Delayed 2 second(s)

2018-12-07 00:59:29 - [TEST_STEP][PASSED] - Statement - Checker = false: null

2018-12-07 00:59:29 - [TEST_STEP][PASSED] - Statement - Checker = com.kms.katalon.core.webui.keyword.WebUiBuiltInKeywords.verifyElementHasAttribute(com.kms.katalon.core.testobject.ObjectRepository.findTestObject(Final Object Repo/Landing Page/BM Detecting), "href", 20, OPTIONAL): Object 'Object Repository/Final Object Repo/Landing Page/BM Detecting' has attribute 'href'

2018-12-07 00:59:29 - [MESSAGE][PASSED] - Object 'Object Repository/Final Object Repo/Landing Page/BM Detecting' has attribute 'href'

2018-12-07 00:59:29 - [TEST_STEP][PASSED] - Statement - out.println(Checker): null

2018-12-07 00:59:29 - [TEST_STEP][PASSED] - Statement - If (Checker == false): null

2018-12-07 00:59:29 - [TEST_STEP][PASSED] - Statement - Else: null

2018-12-07 00:59:29 - [TEST_STEP][PASSED] - delay: Delayed 2 second(s)

2018-12-07 00:59:31 - [MESSAGE][PASSED] - Delayed 2 second(s)

2018-12-07 00:59:31 - [TEST_STEP][PASSED] - delay: Delayed 4 second(s)

2018-12-07 00:59:35 - [MESSAGE][PASSED] - Delayed 4 second(s)

2018-12-07 00:59:35 - [TEST_STEP][PASSED] - click: Object: 'Object Repository/Final Object Repo/New Registration - Registration Module Pages/New Reg - OTC to RO/Special Case - All Related Objects/Expand to Search' is clicked on

2018-12-07 00:59:36 - [MESSAGE][PASSED] - Object: 'Object Repository/Final Object Repo/New Registration - Registration Module Pages/New Reg - OTC to RO/Special Case - All Related Objects/Expand to Search' is clicked on

2018-12-07 00:59:36 - [TEST_STEP][FAILED] - setText: Unable to set text 'CAN12201800002274' of object 'Object Repository/Final Object Repo/New Registration - Registration Module Pages/New Reg - OTC to RO/Special Case - All Related Objects/TextBox RefNo in Workbasket' (Root cause: org.openqa.selenium.ElementNotVisibleException: element not interactable
  (Session info: chrome=70.0.3538.110)
  (Driver info: chromedriver=2.43.600210 (68dcf5eebde37173d4027fa8635e332711d2874a),platform=Windows NT 6.1.7601 SP1 x86_64) (WARNING: The server did not provide any stacktrace information)
Command duration or timeout: 0 milliseconds
Build info: version: '3.7.1', revision: '8a0099a', time: '2017-11-06T21:07:36.161Z'
System info: host: 'WIN7TEST02', ip: '10.20.3.72', os.name: 'Windows 7', os.arch: 'amd64', os.version: '6.1', java.version: '1.8.0_181'
Driver info: com.kms.katalon.selenium.driver.CChromeDriver
Capabilities {acceptInsecureCerts: false, acceptSslCerts: false, applicationCacheEnabled: false, browserConnectionEnabled: false, browserName: chrome, chrome: {chromedriverVersion: 2.43.600210 (68dcf5eebde371..., userDataDir: C:\Users\Admin\AppData\Loca...}, cssSelectorsEnabled: true, databaseEnabled: false, goog:chromeOptions: {debuggerAddress: localhost:63363}, handlesAlerts: true, hasTouchScreen: false, javascriptEnabled: true, locationContextEnabled: true, mobileEmulationEnabled: false, nativeEvents: true, networkConnectionEnabled: false, pageLoadStrategy: normal, platform: XP, platformName: XP, rotatable: false, setWindowRect: true, takesHeapSnapshot: true, takesScreenshot: true, unexpectedAlertBehaviour: , unhandledPromptBehavior: , version: 70.0.3538.110, webStorageEnabled: true}
Session ID: b7efdde9f71f4a2b8d1dbbb9800ac3c0)

2018-12-07 00:59:36 - [MESSAGE][FAILED] - Unable to set text 'CAN12201800002274' of object 'Object Repository/Final Object Repo/New Registration - Registration Module Pages/New Reg - OTC to RO/Special Case - All Related Objects/TextBox RefNo in Workbasket' (Root cause: org.openqa.selenium.ElementNotVisibleException: element not interactable
  (Session info: chrome=70.0.3538.110)
  (Driver info: chromedriver=2.43.600210 (68dcf5eebde37173d4027fa8635e332711d2874a),platform=Windows NT 6.1.7601 SP1 x86_64) (WARNING: The server did not provide any stacktrace information)
Command duration or timeout: 0 milliseconds
Build info: version: '3.7.1', revision: '8a0099a', time: '2017-11-06T21:07:36.161Z'
System info: host: 'WIN7TEST02', ip: '10.20.3.72', os.name: 'Windows 7', os.arch: 'amd64', os.version: '6.1', java.version: '1.8.0_181'
Driver info: com.kms.katalon.selenium.driver.CChromeDriver
Capabilities {acceptInsecureCerts: false, acceptSslCerts: false, applicationCacheEnabled: false, browserConnectionEnabled: false, browserName: chrome, chrome: {chromedriverVersion: 2.43.600210 (68dcf5eebde371..., userDataDir: C:\Users\Admin\AppData\Loca...}, cssSelectorsEnabled: true, databaseEnabled: false, goog:chromeOptions: {debuggerAddress: localhost:63363}, handlesAlerts: true, hasTouchScreen: false, javascriptEnabled: true, locationContextEnabled: true, mobileEmulationEnabled: false, nativeEvents: true, networkConnectionEnabled: false, pageLoadStrategy: normal, platform: XP, platformName: XP, rotatable: false, setWindowRect: true, takesHeapSnapshot: true, takesScreenshot: true, unexpectedAlertBehaviour: , unhandledPromptBehavior: , version: 70.0.3538.110, webStorageEnabled: true}
Session ID: b7efdde9f71f4a2b8d1dbbb9800ac3c0)
[[ATTACHMENT|C:\\Users\\Admin\\Desktop\\PKS\\Perkeso Phase A\\Reports\\Workflow\\Update Add New Employee\\20181206_171415\\1544115576218.png]]

2018-12-07 00:59:36 - [TEST_STEP][PASSED] - delay: Delayed 2 second(s)

2018-12-07 00:59:38 - [MESSAGE][PASSED] - Delayed 2 second(s)

2018-12-07 00:59:38 - [TEST_STEP][PASSED] - click: Object: 'Object Repository/Final Object Repo/New Registration - Registration Module Pages/New Reg - OTC to RO/Special Case - All Related Objects/Click Search' is clicked on

2018-12-07 00:59:38 - [MESSAGE][PASSED] - Object: 'Object Repository/Final Object Repo/New Registration - Registration Module Pages/New Reg - OTC to RO/Special Case - All Related Objects/Click Search' is clicked on

2018-12-07 00:59:38 - [TEST_STEP][PASSED] - delay: Delayed 10 second(s)

2018-12-07 00:59:48 - [MESSAGE][PASSED] - Delayed 10 second(s)

2018-12-07 00:59:48 - [TEST_STEP][PASSED] - click: Object: 'Object Repository/Final Object Repo/New Registration - Registration Module Pages/New Reg - OTC to RO/Special Case - All Related Objects/Click to Continue Workflow' is clicked on

2018-12-07 00:59:53 - [MESSAGE][PASSED] - Object: 'Object Repository/Final Object Repo/New Registration - Registration Module Pages/New Reg - OTC to RO/Special Case - All Related Objects/Click to Continue Workflow' is clicked on

2018-12-07 00:59:53 - [TEST_STEP][PASSED] - delay: Delayed 10 second(s)

2018-12-07 01:00:03 - [MESSAGE][PASSED] - Delayed 10 second(s)

2018-12-07 01:00:03 - [TEST_STEP][PASSED] - click: Object: 'Object Repository/Final Object Repo/New Registration - Registration Module Pages/New Reg - OTC to RO/Special Case - All Related Objects/Continue Button in verifying case' is clicked on

2018-12-07 01:00:06 - [MESSAGE][PASSED] - Object: 'Object Repository/Final Object Repo/New Registration - Registration Module Pages/New Reg - OTC to RO/Special Case - All Related Objects/Continue Button in verifying case' is clicked on

2018-12-07 01:00:06 - [TEST_STEP][PASSED] - delay: Delayed 2 second(s)

2018-12-07 01:00:08 - [MESSAGE][PASSED] - Delayed 2 second(s)

2018-12-07 01:00:08 - [TEST_STEP][PASSED] - click: Object: 'Object Repository/Final Object Repo/Page_Update Add New Employee - ASSIST/Save  Continue Button' is clicked on

2018-12-07 01:00:09 - [MESSAGE][PASSED] - Object: 'Object Repository/Final Object Repo/Page_Update Add New Employee - ASSIST/Save  Continue Button' is clicked on

2018-12-07 01:00:09 - [TEST_STEP][PASSED] - delay: Delayed 8 second(s)

2018-12-07 01:00:17 - [MESSAGE][PASSED] - Delayed 8 second(s)

2018-12-07 01:00:17 - [TEST_STEP][PASSED] - click: Object: 'Object Repository/Final Object Repo/Page_Update Add New Employee - ASSIST/Save  Continue Third Screen' is clicked on

2018-12-07 01:00:20 - [MESSAGE][PASSED] - Object: 'Object Repository/Final Object Repo/Page_Update Add New Employee - ASSIST/Save  Continue Third Screen' is clicked on

2018-12-07 01:00:20 - [TEST_STEP][PASSED] - delay: Delayed 4 second(s)

2018-12-07 01:00:24 - [MESSAGE][PASSED] - Delayed 4 second(s)

2018-12-07 01:00:24 - [TEST_STEP][PASSED] - click: Object: 'Object Repository/Final Object Repo/Page_Update Add New Employee - ASSIST/Save   Continue Supporting Doc Page' is clicked on

2018-12-07 01:00:24 - [MESSAGE][PASSED] - Object: 'Object Repository/Final Object Repo/Page_Update Add New Employee - ASSIST/Save   Continue Supporting Doc Page' is clicked on

2018-12-07 01:00:24 - [TEST_STEP][PASSED] - delay: Delayed 4 second(s)

2018-12-07 01:00:28 - [MESSAGE][PASSED] - Delayed 4 second(s)

2018-12-07 01:00:28 - [TEST_STEP][PASSED] - click: Object: 'Object Repository/Final Object Repo/Page_Update Add New Employee - ASSIST/Under Enforcement Button at Preview Screen of RO' is clicked on

2018-12-07 01:00:28 - [MESSAGE][PASSED] - Object: 'Object Repository/Final Object Repo/Page_Update Add New Employee - ASSIST/Under Enforcement Button at Preview Screen of RO' is clicked on

2018-12-07 01:00:28 - [TEST_STEP][PASSED] - delay: Delayed 4 second(s)

2018-12-07 01:00:32 - [MESSAGE][PASSED] - Delayed 4 second(s)

2018-12-07 01:00:32 - [TEST_STEP][PASSED] - click: Object: 'Object Repository/Final Object Repo/Page_Update Add New Employee - ASSIST/Under Enforcement - inner form' is clicked on

2018-12-07 01:00:32 - [MESSAGE][PASSED] - Object: 'Object Repository/Final Object Repo/Page_Update Add New Employee - ASSIST/Under Enforcement - inner form' is clicked on

2018-12-07 01:00:32 - [TEST_STEP][PASSED] - delay: Delayed 4 second(s)

2018-12-07 01:00:36 - [MESSAGE][PASSED] - Delayed 4 second(s)

2018-12-07 01:00:36 - [TEST_STEP][PASSED] - callTestCase: Call Test Case 'Test Cases/Final Aug 2018 - PKS Automation/Common/Screenshoting tool' successfully

2018-12-07 01:00:36 - [TEST_CASE][PASSED] - Test Cases/Final Aug 2018 - PKS Automation/Common/Screenshoting tool: Test Cases/Final Aug 2018 - PKS Automation/Common/Screenshoting tool

2018-12-07 01:00:36 - [TEST_STEP][PASSED] - delay: Delayed 15 second(s)

2018-12-07 01:00:51 - [MESSAGE][PASSED] - Delayed 15 second(s)

2018-12-07 01:00:51 - [TEST_STEP][PASSED] - Statement - driver = com.kms.katalon.core.webui.driver.DriverFactory.getWebDriver(): null

2018-12-07 01:00:51 - [TEST_STEP][PASSED] - Statement - driver.manage().timeouts().implicitlyWait(10, SECONDS): null

2018-12-07 01:00:51 - [TEST_STEP][PASSED] - Statement - PresavePath = KatalonScreenshots: null

2018-12-07 01:00:51 - [TEST_STEP][PASSED] - Statement - pathPrefix = "C:\Users\Public\Pictures\Sample Pictures\Katalon Screenshots\Automate Ending Screen": null

2018-12-07 01:00:51 - [TEST_STEP][PASSED] - Statement - finalPath = <not implemented yet for class: org.codehaus.groovy.ast.expr.EmptyExpression>: null

2018-12-07 01:00:51 - [TEST_STEP][PASSED] - Statement - scrFile = driver.getScreenshotAs(FILE): null

2018-12-07 01:00:51 - [TEST_STEP][PASSED] - Statement - PreSaveFile = new java.io.File(PresavePath): null

2018-12-07 01:00:51 - [TEST_STEP][PASSED] - Statement - counter = 0: null

2018-12-07 01:00:51 - [TEST_STEP][PASSED] - Statement - If (PreSaveFile.exists()): null

2018-12-07 01:00:51 - [TEST_STEP][PASSED] - Statement - While (PreSaveFile.exists()): null

2018-12-07 01:00:51 - [TEST_STEP][PASSED] - Statement - counter = counter + 1: null

2018-12-07 01:00:51 - [TEST_STEP][PASSED] - Statement - PreSaveFile = new java.io.File(((pathPrefix + java.lang.Integer.toString(counter)) + .png)): null

2018-12-07 01:00:51 - [TEST_STEP][PASSED] - Statement - counter = counter + 1: null

2018-12-07 01:00:51 - [TEST_STEP][PASSED] - Statement - PreSaveFile = new java.io.File(((pathPrefix + java.lang.Integer.toString(counter)) + .png)): null

2018-12-07 01:00:51 - [TEST_STEP][PASSED] - Statement - counter = counter + 1: null

2018-12-07 01:00:51 - [TEST_STEP][PASSED] - Statement - PreSaveFile = new java.io.File(((pathPrefix + java.lang.Integer.toString(counter)) + .png)): null

2018-12-07 01:00:51 - [TEST_STEP][PASSED] - Statement - counter = counter + 1: null

2018-12-07 01:00:51 - [TEST_STEP][PASSED] - Statement - PreSaveFile = new java.io.File(((pathPrefix + java.lang.Integer.toString(counter)) + .png)): null

2018-12-07 01:00:51 - [TEST_STEP][PASSED] - Statement - counter = counter + 1: null

2018-12-07 01:00:51 - [TEST_STEP][PASSED] - Statement - PreSaveFile = new java.io.File(((pathPrefix + java.lang.Integer.toString(counter)) + .png)): null

2018-12-07 01:00:51 - [TEST_STEP][PASSED] - Statement - counter = counter + 1: null

2018-12-07 01:00:51 - [TEST_STEP][PASSED] - Statement - PreSaveFile = new java.io.File(((pathPrefix + java.lang.Integer.toString(counter)) + .png)): null

2018-12-07 01:00:51 - [TEST_STEP][PASSED] - Statement - counter = counter + 1: null

2018-12-07 01:00:51 - [TEST_STEP][PASSED] - Statement - PreSaveFile = new java.io.File(((pathPrefix + java.lang.Integer.toString(counter)) + .png)): null

2018-12-07 01:00:51 - [TEST_STEP][PASSED] - Statement - counter = counter + 1: null

2018-12-07 01:00:51 - [TEST_STEP][PASSED] - Statement - PreSaveFile = new java.io.File(((pathPrefix + java.lang.Integer.toString(counter)) + .png)): null

2018-12-07 01:00:51 - [TEST_STEP][PASSED] - Statement - counter = counter + 1: null

2018-12-07 01:00:51 - [TEST_STEP][PASSED] - Statement - PreSaveFile = new java.io.File(((pathPrefix + java.lang.Integer.toString(counter)) + .png)): null

2018-12-07 01:00:51 - [TEST_STEP][PASSED] - Statement - counter = counter + 1: null

2018-12-07 01:00:51 - [TEST_STEP][PASSED] - Statement - PreSaveFile = new java.io.File(((pathPrefix + java.lang.Integer.toString(counter)) + .png)): null

2018-12-07 01:00:51 - [TEST_STEP][PASSED] - Statement - counter = counter + 1: null

2018-12-07 01:00:51 - [TEST_STEP][PASSED] - Statement - PreSaveFile = new java.io.File(((pathPrefix + java.lang.Integer.toString(counter)) + .png)): null

2018-12-07 01:00:51 - [TEST_STEP][PASSED] - Statement - counter = counter + 1: null

2018-12-07 01:00:51 - [TEST_STEP][PASSED] - Statement - PreSaveFile = new java.io.File(((pathPrefix + java.lang.Integer.toString(counter)) + .png)): null

2018-12-07 01:00:51 - [TEST_STEP][PASSED] - Statement - counter = counter + 1: null

2018-12-07 01:00:51 - [TEST_STEP][PASSED] - Statement - PreSaveFile = new java.io.File(((pathPrefix + java.lang.Integer.toString(counter)) + .png)): null

2018-12-07 01:00:51 - [TEST_STEP][PASSED] - Statement - counter = counter + 1: null

2018-12-07 01:00:51 - [TEST_STEP][PASSED] - Statement - PreSaveFile = new java.io.File(((pathPrefix + java.lang.Integer.toString(counter)) + .png)): null

2018-12-07 01:00:51 - [TEST_STEP][PASSED] - Statement - counter = counter + 1: null

2018-12-07 01:00:51 - [TEST_STEP][PASSED] - Statement - PreSaveFile = new java.io.File(((pathPrefix + java.lang.Integer.toString(counter)) + .png)): null

2018-12-07 01:00:51 - [TEST_STEP][PASSED] - Statement - counter = counter + 1: null

2018-12-07 01:00:51 - [TEST_STEP][PASSED] - Statement - PreSaveFile = new java.io.File(((pathPrefix + java.lang.Integer.toString(counter)) + .png)): null

2018-12-07 01:00:51 - [TEST_STEP][PASSED] - Statement - counter = counter + 1: null

2018-12-07 01:00:51 - [TEST_STEP][PASSED] - Statement - PreSaveFile = new java.io.File(((pathPrefix + java.lang.Integer.toString(counter)) + .png)): null

2018-12-07 01:00:51 - [TEST_STEP][PASSED] - Statement - counter = counter + 1: null

2018-12-07 01:00:51 - [TEST_STEP][PASSED] - Statement - PreSaveFile = new java.io.File(((pathPrefix + java.lang.Integer.toString(counter)) + .png)): null

2018-12-07 01:00:51 - [TEST_STEP][PASSED] - Statement - counter = counter + 1: null

2018-12-07 01:00:51 - [TEST_STEP][PASSED] - Statement - PreSaveFile = new java.io.File(((pathPrefix + java.lang.Integer.toString(counter)) + .png)): null

2018-12-07 01:00:51 - [TEST_STEP][PASSED] - Statement - counter = counter + 1: null

2018-12-07 01:00:51 - [TEST_STEP][PASSED] - Statement - PreSaveFile = new java.io.File(((pathPrefix + java.lang.Integer.toString(counter)) + .png)): null

2018-12-07 01:00:51 - [TEST_STEP][PASSED] - Statement - counter = counter + 1: null

2018-12-07 01:00:51 - [TEST_STEP][PASSED] - Statement - PreSaveFile = new java.io.File(((pathPrefix + java.lang.Integer.toString(counter)) + .png)): null

2018-12-07 01:00:51 - [TEST_STEP][PASSED] - Statement - counter = counter + 1: null

2018-12-07 01:00:51 - [TEST_STEP][PASSED] - Statement - PreSaveFile = new java.io.File(((pathPrefix + java.lang.Integer.toString(counter)) + .png)): null

2018-12-07 01:00:51 - [TEST_STEP][PASSED] - Statement - counter = counter + 1: null

2018-12-07 01:00:51 - [TEST_STEP][PASSED] - Statement - PreSaveFile = new java.io.File(((pathPrefix + java.lang.Integer.toString(counter)) + .png)): null

2018-12-07 01:00:51 - [TEST_STEP][PASSED] - Statement - counter = counter + 1: null

2018-12-07 01:00:51 - [TEST_STEP][PASSED] - Statement - PreSaveFile = new java.io.File(((pathPrefix + java.lang.Integer.toString(counter)) + .png)): null

2018-12-07 01:00:51 - [TEST_STEP][PASSED] - Statement - counter = counter + 1: null

2018-12-07 01:00:51 - [TEST_STEP][PASSED] - Statement - PreSaveFile = new java.io.File(((pathPrefix + java.lang.Integer.toString(counter)) + .png)): null

2018-12-07 01:00:51 - [TEST_STEP][PASSED] - Statement - counter = counter + 1: null

2018-12-07 01:00:52 - [TEST_STEP][PASSED] - Statement - PreSaveFile = new java.io.File(((pathPrefix + java.lang.Integer.toString(counter)) + .png)): null

2018-12-07 01:00:52 - [TEST_STEP][PASSED] - Statement - counter = counter + 1: null

2018-12-07 01:00:52 - [TEST_STEP][PASSED] - Statement - PreSaveFile = new java.io.File(((pathPrefix + java.lang.Integer.toString(counter)) + .png)): null

2018-12-07 01:00:52 - [TEST_STEP][PASSED] - Statement - counter = counter + 1: null

2018-12-07 01:00:52 - [TEST_STEP][PASSED] - Statement - PreSaveFile = new java.io.File(((pathPrefix + java.lang.Integer.toString(counter)) + .png)): null

2018-12-07 01:00:52 - [TEST_STEP][PASSED] - Statement - counter = counter + 1: null

2018-12-07 01:00:52 - [TEST_STEP][PASSED] - Statement - PreSaveFile = new java.io.File(((pathPrefix + java.lang.Integer.toString(counter)) + .png)): null

2018-12-07 01:00:52 - [TEST_STEP][PASSED] - Statement - counter = counter + 1: null

2018-12-07 01:00:52 - [TEST_STEP][PASSED] - Statement - PreSaveFile = new java.io.File(((pathPrefix + java.lang.Integer.toString(counter)) + .png)): null

2018-12-07 01:00:52 - [TEST_STEP][PASSED] - Statement - counter = counter + 1: null

2018-12-07 01:00:52 - [TEST_STEP][PASSED] - Statement - PreSaveFile = new java.io.File(((pathPrefix + java.lang.Integer.toString(counter)) + .png)): null

2018-12-07 01:00:52 - [TEST_STEP][PASSED] - Statement - counter = counter + 1: null

2018-12-07 01:00:52 - [TEST_STEP][PASSED] - Statement - PreSaveFile = new java.io.File(((pathPrefix + java.lang.Integer.toString(counter)) + .png)): null

2018-12-07 01:00:52 - [TEST_STEP][PASSED] - Statement - counter = counter + 1: null

2018-12-07 01:00:52 - [TEST_STEP][PASSED] - Statement - PreSaveFile = new java.io.File(((pathPrefix + java.lang.Integer.toString(counter)) + .png)): null

2018-12-07 01:00:52 - [TEST_STEP][PASSED] - Statement - counter = counter + 1: null

2018-12-07 01:00:52 - [TEST_STEP][PASSED] - Statement - PreSaveFile = new java.io.File(((pathPrefix + java.lang.Integer.toString(counter)) + .png)): null

2018-12-07 01:00:52 - [TEST_STEP][PASSED] - Statement - counter = counter + 1: null

2018-12-07 01:00:52 - [TEST_STEP][PASSED] - Statement - PreSaveFile = new java.io.File(((pathPrefix + java.lang.Integer.toString(counter)) + .png)): null

2018-12-07 01:00:52 - [TEST_STEP][PASSED] - Statement - counter = counter + 1: null

2018-12-07 01:00:52 - [TEST_STEP][PASSED] - Statement - PreSaveFile = new java.io.File(((pathPrefix + java.lang.Integer.toString(counter)) + .png)): null

2018-12-07 01:00:52 - [TEST_STEP][PASSED] - Statement - counter = counter + 1: null

2018-12-07 01:00:52 - [TEST_STEP][PASSED] - Statement - PreSaveFile = new java.io.File(((pathPrefix + java.lang.Integer.toString(counter)) + .png)): null

2018-12-07 01:00:52 - [TEST_STEP][PASSED] - Statement - counter = counter + 1: null

2018-12-07 01:00:52 - [TEST_STEP][PASSED] - Statement - PreSaveFile = new java.io.File(((pathPrefix + java.lang.Integer.toString(counter)) + .png)): null

2018-12-07 01:00:52 - [TEST_STEP][PASSED] - Statement - counter = counter + 1: null

2018-12-07 01:00:52 - [TEST_STEP][PASSED] - Statement - PreSaveFile = new java.io.File(((pathPrefix + java.lang.Integer.toString(counter)) + .png)): null

2018-12-07 01:00:52 - [TEST_STEP][PASSED] - Statement - counter = counter + 1: null

2018-12-07 01:00:52 - [TEST_STEP][PASSED] - Statement - PreSaveFile = new java.io.File(((pathPrefix + java.lang.Integer.toString(counter)) + .png)): null

2018-12-07 01:00:52 - [TEST_STEP][PASSED] - Statement - counter = counter + 1: null

2018-12-07 01:00:52 - [TEST_STEP][PASSED] - Statement - PreSaveFile = new java.io.File(((pathPrefix + java.lang.Integer.toString(counter)) + .png)): null

2018-12-07 01:00:52 - [TEST_STEP][PASSED] - Statement - counter = counter + 1: null

2018-12-07 01:00:52 - [TEST_STEP][PASSED] - Statement - PreSaveFile = new java.io.File(((pathPrefix + java.lang.Integer.toString(counter)) + .png)): null

2018-12-07 01:00:52 - [TEST_STEP][PASSED] - Statement - counter = counter + 1: null

2018-12-07 01:00:52 - [TEST_STEP][PASSED] - Statement - PreSaveFile = new java.io.File(((pathPrefix + java.lang.Integer.toString(counter)) + .png)): null

2018-12-07 01:00:52 - [TEST_STEP][PASSED] - Statement - counter = counter + 1: null

2018-12-07 01:00:52 - [TEST_STEP][PASSED] - Statement - PreSaveFile = new java.io.File(((pathPrefix + java.lang.Integer.toString(counter)) + .png)): null

2018-12-07 01:00:52 - [TEST_STEP][PASSED] - Statement - counter = counter + 1: null

2018-12-07 01:00:52 - [TEST_STEP][PASSED] - Statement - PreSaveFile = new java.io.File(((pathPrefix + java.lang.Integer.toString(counter)) + .png)): null

2018-12-07 01:00:52 - [TEST_STEP][PASSED] - Statement - counter = counter + 1: null

2018-12-07 01:00:52 - [TEST_STEP][PASSED] - Statement - PreSaveFile = new java.io.File(((pathPrefix + java.lang.Integer.toString(counter)) + .png)): null

2018-12-07 01:00:52 - [TEST_STEP][PASSED] - Statement - counter = counter + 1: null

2018-12-07 01:00:52 - [TEST_STEP][PASSED] - Statement - PreSaveFile = new java.io.File(((pathPrefix + java.lang.Integer.toString(counter)) + .png)): null

2018-12-07 01:00:52 - [TEST_STEP][PASSED] - Statement - counter = counter + 1: null

2018-12-07 01:00:52 - [TEST_STEP][PASSED] - Statement - PreSaveFile = new java.io.File(((pathPrefix + java.lang.Integer.toString(counter)) + .png)): null

2018-12-07 01:00:52 - [TEST_STEP][PASSED] - Statement - counter = counter + 1: null

2018-12-07 01:00:52 - [TEST_STEP][PASSED] - Statement - PreSaveFile = new java.io.File(((pathPrefix + java.lang.Integer.toString(counter)) + .png)): null

2018-12-07 01:00:52 - [TEST_STEP][PASSED] - Statement - counter = counter + 1: null

2018-12-07 01:00:52 - [TEST_STEP][PASSED] - Statement - PreSaveFile = new java.io.File(((pathPrefix + java.lang.Integer.toString(counter)) + .png)): null

2018-12-07 01:00:52 - [TEST_STEP][PASSED] - Statement - counter = counter + 1: null

2018-12-07 01:00:52 - [TEST_STEP][PASSED] - Statement - PreSaveFile = new java.io.File(((pathPrefix + java.lang.Integer.toString(counter)) + .png)): null

2018-12-07 01:00:52 - [TEST_STEP][PASSED] - Statement - counter = counter + 1: null

2018-12-07 01:00:52 - [TEST_STEP][PASSED] - Statement - PreSaveFile = new java.io.File(((pathPrefix + java.lang.Integer.toString(counter)) + .png)): null

2018-12-07 01:00:52 - [TEST_STEP][PASSED] - Statement - counter = counter + 1: null

2018-12-07 01:00:52 - [TEST_STEP][PASSED] - Statement - PreSaveFile = new java.io.File(((pathPrefix + java.lang.Integer.toString(counter)) + .png)): null

2018-12-07 01:00:52 - [TEST_STEP][PASSED] - Statement - counter = counter + 1: null

2018-12-07 01:00:52 - [TEST_STEP][PASSED] - Statement - PreSaveFile = new java.io.File(((pathPrefix + java.lang.Integer.toString(counter)) + .png)): null

2018-12-07 01:00:52 - [TEST_STEP][PASSED] - Statement - counter = counter + 1: null

2018-12-07 01:00:52 - [TEST_STEP][PASSED] - Statement - PreSaveFile = new java.io.File(((pathPrefix + java.lang.Integer.toString(counter)) + .png)): null

2018-12-07 01:00:52 - [TEST_STEP][PASSED] - Statement - counter = counter + 1: null

2018-12-07 01:00:52 - [TEST_STEP][PASSED] - Statement - PreSaveFile = new java.io.File(((pathPrefix + java.lang.Integer.toString(counter)) + .png)): null

2018-12-07 01:00:52 - [TEST_STEP][PASSED] - Statement - counter = counter + 1: null

2018-12-07 01:00:52 - [TEST_STEP][PASSED] - Statement - PreSaveFile = new java.io.File(((pathPrefix + java.lang.Integer.toString(counter)) + .png)): null

2018-12-07 01:00:52 - [TEST_STEP][PASSED] - Statement - counter = counter + 1: null

2018-12-07 01:00:52 - [TEST_STEP][PASSED] - Statement - PreSaveFile = new java.io.File(((pathPrefix + java.lang.Integer.toString(counter)) + .png)): null

2018-12-07 01:00:52 - [TEST_STEP][PASSED] - Statement - counter = counter + 1: null

2018-12-07 01:00:52 - [TEST_STEP][PASSED] - Statement - PreSaveFile = new java.io.File(((pathPrefix + java.lang.Integer.toString(counter)) + .png)): null

2018-12-07 01:00:52 - [TEST_STEP][PASSED] - Statement - counter = counter + 1: null

2018-12-07 01:00:52 - [TEST_STEP][PASSED] - Statement - PreSaveFile = new java.io.File(((pathPrefix + java.lang.Integer.toString(counter)) + .png)): null

2018-12-07 01:00:52 - [TEST_STEP][PASSED] - Statement - counter = counter + 1: null

2018-12-07 01:00:52 - [TEST_STEP][PASSED] - Statement - PreSaveFile = new java.io.File(((pathPrefix + java.lang.Integer.toString(counter)) + .png)): null

2018-12-07 01:00:52 - [TEST_STEP][PASSED] - Statement - counter = counter + 1: null

2018-12-07 01:00:52 - [TEST_STEP][PASSED] - Statement - PreSaveFile = new java.io.File(((pathPrefix + java.lang.Integer.toString(counter)) + .png)): null

2018-12-07 01:00:52 - [TEST_STEP][PASSED] - Statement - counter = counter + 1: null

2018-12-07 01:00:52 - [TEST_STEP][PASSED] - Statement - PreSaveFile = new java.io.File(((pathPrefix + java.lang.Integer.toString(counter)) + .png)): null

2018-12-07 01:00:52 - [TEST_STEP][PASSED] - Statement - counter = counter + 1: null

2018-12-07 01:00:52 - [TEST_STEP][PASSED] - Statement - PreSaveFile = new java.io.File(((pathPrefix + java.lang.Integer.toString(counter)) + .png)): null

2018-12-07 01:00:52 - [TEST_STEP][PASSED] - Statement - counter = counter + 1: null

2018-12-07 01:00:52 - [TEST_STEP][PASSED] - Statement - PreSaveFile = new java.io.File(((pathPrefix + java.lang.Integer.toString(counter)) + .png)): null

2018-12-07 01:00:52 - [TEST_STEP][PASSED] - Statement - counter = counter + 1: null

2018-12-07 01:00:52 - [TEST_STEP][PASSED] - Statement - PreSaveFile = new java.io.File(((pathPrefix + java.lang.Integer.toString(counter)) + .png)): null

2018-12-07 01:00:52 - [TEST_STEP][PASSED] - Statement - counter = counter + 1: null

2018-12-07 01:00:52 - [TEST_STEP][PASSED] - Statement - PreSaveFile = new java.io.File(((pathPrefix + java.lang.Integer.toString(counter)) + .png)): null

2018-12-07 01:00:52 - [TEST_STEP][PASSED] - Statement - counter = counter + 1: null

2018-12-07 01:00:52 - [TEST_STEP][PASSED] - Statement - PreSaveFile = new java.io.File(((pathPrefix + java.lang.Integer.toString(counter)) + .png)): null

2018-12-07 01:00:52 - [TEST_STEP][PASSED] - Statement - counter = counter + 1: null

2018-12-07 01:00:52 - [TEST_STEP][PASSED] - Statement - PreSaveFile = new java.io.File(((pathPrefix + java.lang.Integer.toString(counter)) + .png)): null

2018-12-07 01:00:52 - [TEST_STEP][PASSED] - Statement - counter = counter + 1: null

2018-12-07 01:00:52 - [TEST_STEP][PASSED] - Statement - PreSaveFile = new java.io.File(((pathPrefix + java.lang.Integer.toString(counter)) + .png)): null

2018-12-07 01:00:52 - [TEST_STEP][PASSED] - Statement - counter = counter + 1: null

2018-12-07 01:00:52 - [TEST_STEP][PASSED] - Statement - PreSaveFile = new java.io.File(((pathPrefix + java.lang.Integer.toString(counter)) + .png)): null

2018-12-07 01:00:52 - [TEST_STEP][PASSED] - Statement - counter = counter + 1: null

2018-12-07 01:00:52 - [TEST_STEP][PASSED] - Statement - PreSaveFile = new java.io.File(((pathPrefix + java.lang.Integer.toString(counter)) + .png)): null

2018-12-07 01:00:52 - [TEST_STEP][PASSED] - Statement - counter = counter + 1: null

2018-12-07 01:00:52 - [TEST_STEP][PASSED] - Statement - PreSaveFile = new java.io.File(((pathPrefix + java.lang.Integer.toString(counter)) + .png)): null

2018-12-07 01:00:52 - [TEST_STEP][PASSED] - Statement - counter = counter + 1: null

2018-12-07 01:00:52 - [TEST_STEP][PASSED] - Statement - PreSaveFile = new java.io.File(((pathPrefix + java.lang.Integer.toString(counter)) + .png)): null

2018-12-07 01:00:52 - [TEST_STEP][PASSED] - Statement - counter = counter + 1: null

2018-12-07 01:00:52 - [TEST_STEP][PASSED] - Statement - PreSaveFile = new java.io.File(((pathPrefix + java.lang.Integer.toString(counter)) + .png)): null

2018-12-07 01:00:52 - [TEST_STEP][PASSED] - Statement - counter = counter + 1: null

2018-12-07 01:00:52 - [TEST_STEP][PASSED] - Statement - PreSaveFile = new java.io.File(((pathPrefix + java.lang.Integer.toString(counter)) + .png)): null

2018-12-07 01:00:52 - [TEST_STEP][PASSED] - Statement - counter = counter + 1: null

2018-12-07 01:00:52 - [TEST_STEP][PASSED] - Statement - PreSaveFile = new java.io.File(((pathPrefix + java.lang.Integer.toString(counter)) + .png)): null

2018-12-07 01:00:52 - [TEST_STEP][PASSED] - Statement - counter = counter + 1: null

2018-12-07 01:00:52 - [TEST_STEP][PASSED] - Statement - PreSaveFile = new java.io.File(((pathPrefix + java.lang.Integer.toString(counter)) + .png)): null

2018-12-07 01:00:52 - [TEST_STEP][PASSED] - Statement - counter = counter + 1: null

2018-12-07 01:00:52 - [TEST_STEP][PASSED] - Statement - PreSaveFile = new java.io.File(((pathPrefix + java.lang.Integer.toString(counter)) + .png)): null

2018-12-07 01:00:52 - [TEST_STEP][PASSED] - Statement - finalPath = pathPrefix + java.lang.Integer.toString(counter) + ".png": null

2018-12-07 01:00:52 - [TEST_STEP][PASSED] - Statement - SaveFile = new java.io.File(finalPath): null

2018-12-07 01:00:52 - [TEST_STEP][PASSED] - Statement - Try: null

2018-12-07 01:00:52 - [TEST_STEP][PASSED] - Statement - org.apache.commons.io.FileUtils.copyFile(scrFile, SaveFile): null

2018-12-07 01:00:52 - [TEST_STEP][PASSED] - Statement - out.println("file kept"): null

2018-12-07 01:00:52 - [TEST_STEP][PASSED] - delay: Delayed 10 second(s)

2018-12-07 01:01:02 - [MESSAGE][PASSED] - Delayed 10 second(s)

2018-12-07 01:01:02 - [MESSAGE][PASSED] - Call Test Case 'Test Cases/Final Aug 2018 - PKS Automation/Common/Screenshoting tool' successfully

2018-12-07 01:01:02 - [TEST_STEP][PASSED] - callTestCase: Call Test Case 'Test Cases/Final Aug 2018 - PKS Automation/Registration Module/Log Out/log out avoiding katalon tagging' successfully

2018-12-07 01:01:02 - [TEST_CASE][PASSED] - Test Cases/Final Aug 2018 - PKS Automation/Registration Module/Log Out/log out avoiding katalon tagging: Test Cases/Final Aug 2018 - PKS Automation/Registration Module/Log Out/log out avoiding katalon tagging

2018-12-07 01:01:02 - [TEST_STEP][PASSED] - navigateToUrl: Navigate to 'https://assist2-uat.perkeso.gov.my/c/portal/logout' successfully

2018-12-07 01:01:02 - [MESSAGE][PASSED] - Navigate to 'https://assist2-uat.perkeso.gov.my/c/portal/logout' successfully

2018-12-07 01:01:02 - [MESSAGE][PASSED] - Call Test Case 'Test Cases/Final Aug 2018 - PKS Automation/Registration Module/Log Out/log out avoiding katalon tagging' successfully

2018-12-07 01:01:02 - [TEST_STEP][PASSED] - callTestCase: Call Test Case 'Test Cases/Final Aug 2018 - PKS Automation/Common/Workflow Owner Finder' successfully

2018-12-07 01:01:03 - [TEST_CASE][PASSED] - Test Cases/Final Aug 2018 - PKS Automation/Common/Workflow Owner Finder: Test Cases/Final Aug 2018 - PKS Automation/Common/Workflow Owner Finder

2018-12-07 01:01:03 - [TEST_STEP][PASSED] - openBrowser: Browser is opened with url: ''

2018-12-07 01:01:03 - [MESSAGE][WARNING] - A browser is already opened. Closing browser and opening a new one

2018-12-07 01:01:06 - [MESSAGE][PASSED] - Browser is opened with url: ''

2018-12-07 01:01:06 - [TEST_STEP][PASSED] - navigateToUrl: Navigate to 'https://assist2-uat.perkeso.gov.my/login' successfully

2018-12-07 01:01:07 - [MESSAGE][PASSED] - Navigate to 'https://assist2-uat.perkeso.gov.my/login' successfully

2018-12-07 01:01:07 - [TEST_STEP][PASSED] - delay: Delayed 5 second(s)

2018-12-07 01:01:12 - [MESSAGE][PASSED] - Delayed 5 second(s)

2018-12-07 01:01:12 - [TEST_STEP][PASSED] - setText: Text 'test@liferay.com' is set on object 'Object Repository/Final Object Repo/Login Page/Internal User/Email Address'

2018-12-07 01:01:13 - [MESSAGE][PASSED] - Text 'test@liferay.com' is set on object 'Object Repository/Final Object Repo/Login Page/Internal User/Email Address'

2018-12-07 01:01:13 - [TEST_STEP][PASSED] - click: Object: 'Object Repository/Final Object Repo/Login Page/Internal User/Next Button' is clicked on

2018-12-07 01:01:13 - [MESSAGE][PASSED] - Object: 'Object Repository/Final Object Repo/Login Page/Internal User/Next Button' is clicked on

2018-12-07 01:01:13 - [TEST_STEP][PASSED] - delay: Delayed 2 second(s)

2018-12-07 01:01:15 - [MESSAGE][PASSED] - Delayed 2 second(s)

2018-12-07 01:01:15 - [TEST_STEP][PASSED] - setText: Text 'test' is set on object 'Object Repository/Final Object Repo/Login Page/Internal User/Password'

2018-12-07 01:01:15 - [MESSAGE][PASSED] - Text 'test' is set on object 'Object Repository/Final Object Repo/Login Page/Internal User/Password'

2018-12-07 01:01:15 - [TEST_STEP][PASSED] - delay: Delayed 2 second(s)

2018-12-07 01:01:17 - [MESSAGE][PASSED] - Delayed 2 second(s)

2018-12-07 01:01:17 - [TEST_STEP][PASSED] - click: Object: 'Object Repository/Final Object Repo/Login Page/Internal User/Login Button' is clicked on

2018-12-07 01:01:17 - [MESSAGE][PASSED] - Object: 'Object Repository/Final Object Repo/Login Page/Internal User/Login Button' is clicked on

2018-12-07 01:01:17 - [TEST_STEP][PASSED] - Statement - tester = com.kms.katalon.core.testobject.ObjectRepository.findTestObject(Final Object Repo/Landing Page/Select to English): Finding Test Object with id 'Object Repository/Final Object Repo/Landing Page/Select to English'

2018-12-07 01:01:17 - [TEST_STEP][PASSED] - Statement - Try: Delayed 2 second(s)

2018-12-07 01:01:17 - [TEST_STEP][PASSED] - Statement - Checker = com.kms.katalon.core.webui.keyword.WebUiBuiltInKeywords.verifyElementNotPresent(tester, 3): Web element with id: 'Object Repository/Final Object Repo/Landing Page/Select to English' located by 'By.xpath: //a[@class = 'taglib-language-list-text' and @lang = 'en-US' and (contains(text(), 'EN') or contains(., 'EN'))]' is not present after '3' second(s)

2018-12-07 01:01:19 - [MESSAGE][PASSED] - Web element with id: 'Object Repository/Final Object Repo/Landing Page/Select to English' located by 'By.xpath: //a[@class = 'taglib-language-list-text' and @lang = 'en-US' and (contains(text(), 'EN') or contains(., 'EN'))]' is not present after '3' second(s)

2018-12-07 01:01:19 - [TEST_STEP][PASSED] - Statement - If (Checker == false): null

2018-12-07 01:01:19 - [TEST_STEP][PASSED] - delay: Delayed 2 second(s)

2018-12-07 01:01:21 - [MESSAGE][PASSED] - Delayed 2 second(s)

2018-12-07 01:01:21 - [TEST_STEP][PASSED] - delay: Delayed 5 second(s)

2018-12-07 01:01:26 - [MESSAGE][PASSED] - Delayed 5 second(s)

2018-12-07 01:01:26 - [TEST_STEP][PASSED] - mouseOver: Object: 'Object Repository/Final Object Repo/Landing Page/WorkFlow Menu' is hovered

2018-12-07 01:01:26 - [MESSAGE][PASSED] - Object: 'Object Repository/Final Object Repo/Landing Page/WorkFlow Menu' is hovered

2018-12-07 01:01:26 - [TEST_STEP][PASSED] - delay: Delayed 2 second(s)

2018-12-07 01:01:28 - [MESSAGE][PASSED] - Delayed 2 second(s)

2018-12-07 01:01:28 - [TEST_STEP][PASSED] - click: Object: 'Object Repository/Final Object Repo/Landing Page/Select to Workflow Listing' is clicked on

2018-12-07 01:01:30 - [MESSAGE][PASSED] - Object: 'Object Repository/Final Object Repo/Landing Page/Select to Workflow Listing' is clicked on

2018-12-07 01:01:30 - [TEST_STEP][PASSED] - delay: Delayed 2 second(s)

2018-12-07 01:01:32 - [MESSAGE][PASSED] - Delayed 2 second(s)

2018-12-07 01:01:32 - [TEST_STEP][PASSED] - click: Object: 'Object Repository/Final Object Repo/WorkFlow Listing Page/Search Information - To Put Ref No' is clicked on

2018-12-07 01:01:32 - [MESSAGE][PASSED] - Object: 'Object Repository/Final Object Repo/WorkFlow Listing Page/Search Information - To Put Ref No' is clicked on

2018-12-07 01:01:32 - [TEST_STEP][PASSED] - delay: Delayed 2 second(s)

2018-12-07 01:01:34 - [MESSAGE][PASSED] - Delayed 2 second(s)

2018-12-07 01:01:34 - [TEST_STEP][PASSED] - callTestCase: Call Test Case 'Test Cases/Final Aug 2018 - PKS Automation/Common/Reference Number Getter' successfully

2018-12-07 01:01:34 - [TEST_CASE][PASSED] - Test Cases/Final Aug 2018 - PKS Automation/Common/Reference Number Getter: Test Cases/Final Aug 2018 - PKS Automation/Common/Reference Number Getter

2018-12-07 01:01:34 - [TEST_STEP][PASSED] - Statement - Try: null

2018-12-07 01:01:34 - [TEST_STEP][PASSED] - Statement - RefNo = new java.io.File(C://Users//Admin//Desktop//PKS//Automation Reference Point//KatalonReference.txt): null

2018-12-07 01:01:34 - [TEST_STEP][PASSED] - Statement - bufferread = new java.io.BufferedReader(new java.io.FileReader(RefNo)): null

2018-12-07 01:01:34 - [TEST_STEP][PASSED] - Statement - readedVal = bufferread.readLine(): null

2018-12-07 01:01:34 - [TEST_STEP][PASSED] - Statement - out.println(CaseReferenceNo): null

2018-12-07 01:01:34 - [TEST_STEP][PASSED] - Statement - out.println(readedVal): null

2018-12-07 01:01:34 - [TEST_STEP][PASSED] - Statement - CaseReferenceNo = "": null

2018-12-07 01:01:34 - [TEST_STEP][PASSED] - Statement - CaseReferenceNo = readedVal: null

2018-12-07 01:01:34 - [MESSAGE][PASSED] - Call Test Case 'Test Cases/Final Aug 2018 - PKS Automation/Common/Reference Number Getter' successfully

2018-12-07 01:01:34 - [TEST_STEP][PASSED] - setText: Text 'CAN12201800002274' is set on object 'Object Repository/Final Object Repo/WorkFlow Listing Page/Ref No Set Text'

2018-12-07 01:01:34 - [MESSAGE][PASSED] - Text 'CAN12201800002274' is set on object 'Object Repository/Final Object Repo/WorkFlow Listing Page/Ref No Set Text'

2018-12-07 01:01:34 - [TEST_STEP][PASSED] - delay: Delayed 2 second(s)

2018-12-07 01:01:36 - [MESSAGE][PASSED] - Delayed 2 second(s)

2018-12-07 01:01:36 - [TEST_STEP][PASSED] - click: Object: 'Object Repository/Final Object Repo/WorkFlow Listing Page/Search Ref No Search Button' is clicked on

2018-12-07 01:01:36 - [MESSAGE][PASSED] - Object: 'Object Repository/Final Object Repo/WorkFlow Listing Page/Search Ref No Search Button' is clicked on

2018-12-07 01:01:36 - [TEST_STEP][PASSED] - delay: Delayed 6 second(s)

2018-12-07 01:01:42 - [MESSAGE][PASSED] - Delayed 6 second(s)

2018-12-07 01:01:42 - [TEST_STEP][PASSED] - click: Object: 'Object Repository/Final Object Repo/WorkFlow Listing Page/Click Continue Tooltip' is clicked on

2018-12-07 01:01:43 - [MESSAGE][PASSED] - Object: 'Object Repository/Final Object Repo/WorkFlow Listing Page/Click Continue Tooltip' is clicked on

2018-12-07 01:01:43 - [TEST_STEP][PASSED] - delay: Delayed 5 second(s)

2018-12-07 01:01:48 - [MESSAGE][PASSED] - Delayed 5 second(s)

2018-12-07 01:01:48 - [TEST_STEP][PASSED] - doubleClick: Object: 'Object Repository/Final Object Repo/WorkFlow Listing Page/Workflow Found - Listing 1' is double clicked on

2018-12-07 01:01:48 - [MESSAGE][PASSED] - Object: 'Object Repository/Final Object Repo/WorkFlow Listing Page/Workflow Found - Listing 1' is double clicked on

2018-12-07 01:01:48 - [TEST_STEP][PASSED] - Statement - println(OwnerID): null

2018-12-07 01:01:48 - [TEST_STEP][PASSED] - Statement - OwnerID = com.kms.katalon.core.webui.keyword.WebUiBuiltInKeywords.getText(com.kms.katalon.core.testobject.ObjectRepository.findTestObject(Final Object Repo/WorkFlow Listing Page/Workflow Found - Listing 1), STOP_ON_FAILURE): Text of object 'Object Repository/Final Object Repo/WorkFlow Listing Page/Workflow Found - Listing 1' is: 'JOHORro3'

2018-12-07 01:01:48 - [MESSAGE][PASSED] - Text of object 'Object Repository/Final Object Repo/WorkFlow Listing Page/Workflow Found - Listing 1' is: 'JOHORro3'

2018-12-07 01:01:48 - [TEST_STEP][PASSED] - Statement - OwnerID = OwnerID.toLowerCase() + "@gmail.com": null

2018-12-07 01:01:48 - [TEST_STEP][PASSED] - Statement - println(OwnerID): null

2018-12-07 01:01:48 - [TEST_STEP][PASSED] - delay: Delayed 2 second(s)

2018-12-07 01:01:50 - [MESSAGE][PASSED] - Delayed 2 second(s)

2018-12-07 01:01:50 - [MESSAGE][PASSED] - Call Test Case 'Test Cases/Final Aug 2018 - PKS Automation/Common/Workflow Owner Finder' successfully

2018-12-07 01:01:50 - [TEST_STEP][PASSED] - callTestCase: Call Test Case 'Test Cases/Final Aug 2018 - PKS Automation/Registration Module/Log Out/log out avoiding katalon tagging' successfully

2018-12-07 01:01:51 - [TEST_CASE][PASSED] - Test Cases/Final Aug 2018 - PKS Automation/Registration Module/Log Out/log out avoiding katalon tagging: Test Cases/Final Aug 2018 - PKS Automation/Registration Module/Log Out/log out avoiding katalon tagging

2018-12-07 01:01:51 - [TEST_STEP][PASSED] - navigateToUrl: Navigate to 'https://assist2-uat.perkeso.gov.my/c/portal/logout' successfully

2018-12-07 01:01:51 - [MESSAGE][PASSED] - Navigate to 'https://assist2-uat.perkeso.gov.my/c/portal/logout' successfully

2018-12-07 01:01:51 - [MESSAGE][PASSED] - Call Test Case 'Test Cases/Final Aug 2018 - PKS Automation/Registration Module/Log Out/log out avoiding katalon tagging' successfully

2018-12-07 01:01:51 - [TEST_STEP][PASSED] - delay: Delayed 2 second(s)

2018-12-07 01:01:53 - [MESSAGE][PASSED] - Delayed 2 second(s)

2018-12-07 01:01:53 - [TEST_STEP][PASSED] - setText: Text 'johorro3@gmail.com' is set on object 'Object Repository/Final Object Repo/Page_Update Add New Employee - ASSIST/Email TextBox'

2018-12-07 01:01:54 - [MESSAGE][PASSED] - Text 'johorro3@gmail.com' is set on object 'Object Repository/Final Object Repo/Page_Update Add New Employee - ASSIST/Email TextBox'

2018-12-07 01:01:54 - [TEST_STEP][PASSED] - click: Object: 'Object Repository/Final Object Repo/Page_Update Add New Employee - ASSIST/Next Button' is clicked on

2018-12-07 01:01:54 - [MESSAGE][PASSED] - Object: 'Object Repository/Final Object Repo/Page_Update Add New Employee - ASSIST/Next Button' is clicked on

2018-12-07 01:01:54 - [TEST_STEP][PASSED] - delay: Delayed 2 second(s)

2018-12-07 01:01:56 - [MESSAGE][PASSED] - Delayed 2 second(s)

2018-12-07 01:01:56 - [TEST_STEP][PASSED] - setText: Text 'Test1@3456789' is set on object 'Object Repository/Final Object Repo/Page_Update Add New Employee - ASSIST/Password TextBox'

2018-12-07 01:01:56 - [MESSAGE][PASSED] - Text 'Test1@3456789' is set on object 'Object Repository/Final Object Repo/Page_Update Add New Employee - ASSIST/Password TextBox'

2018-12-07 01:01:56 - [TEST_STEP][PASSED] - delay: Delayed 2 second(s)

2018-12-07 01:01:58 - [MESSAGE][PASSED] - Delayed 2 second(s)

2018-12-07 01:01:58 - [TEST_STEP][PASSED] - click: Object: 'Object Repository/Final Object Repo/Page_Update Add New Employee - ASSIST/Login Button' is clicked on

2018-12-07 01:01:58 - [MESSAGE][PASSED] - Object: 'Object Repository/Final Object Repo/Page_Update Add New Employee - ASSIST/Login Button' is clicked on

2018-12-07 01:01:58 - [TEST_STEP][PASSED] - delay: Delayed 4 second(s)

2018-12-07 01:02:02 - [MESSAGE][PASSED] - Delayed 4 second(s)

2018-12-07 01:02:02 - [TEST_STEP][PASSED] - Statement - Try: Delayed 2 second(s)

2018-12-07 01:02:02 - [TEST_STEP][PASSED] - Statement - Checker = false: null

2018-12-07 01:02:02 - [TEST_STEP][PASSED] - Statement - Checker = com.kms.katalon.core.webui.keyword.WebUiBuiltInKeywords.verifyElementHasAttribute(com.kms.katalon.core.testobject.ObjectRepository.findTestObject(Final Object Repo/Landing Page/BM Detecting), "href", 20, OPTIONAL): Object 'Object Repository/Final Object Repo/Landing Page/BM Detecting' has attribute 'href'

2018-12-07 01:02:02 - [MESSAGE][PASSED] - Object 'Object Repository/Final Object Repo/Landing Page/BM Detecting' has attribute 'href'

2018-12-07 01:02:02 - [TEST_STEP][PASSED] - Statement - out.println(Checker): null

2018-12-07 01:02:02 - [TEST_STEP][PASSED] - Statement - If (Checker == false): null

2018-12-07 01:02:02 - [TEST_STEP][PASSED] - Statement - Else: null

2018-12-07 01:02:02 - [TEST_STEP][PASSED] - delay: Delayed 2 second(s)

2018-12-07 01:02:04 - [MESSAGE][PASSED] - Delayed 2 second(s)

2018-12-07 01:02:04 - [TEST_STEP][PASSED] - delay: Delayed 4 second(s)

2018-12-07 01:02:08 - [MESSAGE][PASSED] - Delayed 4 second(s)

2018-12-07 01:02:08 - [TEST_STEP][PASSED] - click: Object: 'Object Repository/Final Object Repo/New Registration - Registration Module Pages/New Reg - OTC to RO/Special Case - All Related Objects/Expand to Search' is clicked on

2018-12-07 01:02:08 - [MESSAGE][PASSED] - Object: 'Object Repository/Final Object Repo/New Registration - Registration Module Pages/New Reg - OTC to RO/Special Case - All Related Objects/Expand to Search' is clicked on

2018-12-07 01:02:08 - [TEST_STEP][FAILED] - setText: Unable to set text 'CAN12201800002274' of object 'Object Repository/Final Object Repo/New Registration - Registration Module Pages/New Reg - OTC to RO/Special Case - All Related Objects/TextBox RefNo in Workbasket' (Root cause: org.openqa.selenium.ElementNotVisibleException: element not interactable
  (Session info: chrome=70.0.3538.110)
  (Driver info: chromedriver=2.43.600210 (68dcf5eebde37173d4027fa8635e332711d2874a),platform=Windows NT 6.1.7601 SP1 x86_64) (WARNING: The server did not provide any stacktrace information)
Command duration or timeout: 0 milliseconds
Build info: version: '3.7.1', revision: '8a0099a', time: '2017-11-06T21:07:36.161Z'
System info: host: 'WIN7TEST02', ip: '10.20.3.72', os.name: 'Windows 7', os.arch: 'amd64', os.version: '6.1', java.version: '1.8.0_181'
Driver info: com.kms.katalon.selenium.driver.CChromeDriver
Capabilities {acceptInsecureCerts: false, acceptSslCerts: false, applicationCacheEnabled: false, browserConnectionEnabled: false, browserName: chrome, chrome: {chromedriverVersion: 2.43.600210 (68dcf5eebde371..., userDataDir: C:\Users\Admin\AppData\Loca...}, cssSelectorsEnabled: true, databaseEnabled: false, goog:chromeOptions: {debuggerAddress: localhost:63413}, handlesAlerts: true, hasTouchScreen: false, javascriptEnabled: true, locationContextEnabled: true, mobileEmulationEnabled: false, nativeEvents: true, networkConnectionEnabled: false, pageLoadStrategy: normal, platform: XP, platformName: XP, rotatable: false, setWindowRect: true, takesHeapSnapshot: true, takesScreenshot: true, unexpectedAlertBehaviour: , unhandledPromptBehavior: , version: 70.0.3538.110, webStorageEnabled: true}
Session ID: daad0c6682ed302e6c062647501980f3)

2018-12-07 01:02:09 - [MESSAGE][FAILED] - Unable to set text 'CAN12201800002274' of object 'Object Repository/Final Object Repo/New Registration - Registration Module Pages/New Reg - OTC to RO/Special Case - All Related Objects/TextBox RefNo in Workbasket' (Root cause: org.openqa.selenium.ElementNotVisibleException: element not interactable
  (Session info: chrome=70.0.3538.110)
  (Driver info: chromedriver=2.43.600210 (68dcf5eebde37173d4027fa8635e332711d2874a),platform=Windows NT 6.1.7601 SP1 x86_64) (WARNING: The server did not provide any stacktrace information)
Command duration or timeout: 0 milliseconds
Build info: version: '3.7.1', revision: '8a0099a', time: '2017-11-06T21:07:36.161Z'
System info: host: 'WIN7TEST02', ip: '10.20.3.72', os.name: 'Windows 7', os.arch: 'amd64', os.version: '6.1', java.version: '1.8.0_181'
Driver info: com.kms.katalon.selenium.driver.CChromeDriver
Capabilities {acceptInsecureCerts: false, acceptSslCerts: false, applicationCacheEnabled: false, browserConnectionEnabled: false, browserName: chrome, chrome: {chromedriverVersion: 2.43.600210 (68dcf5eebde371..., userDataDir: C:\Users\Admin\AppData\Loca...}, cssSelectorsEnabled: true, databaseEnabled: false, goog:chromeOptions: {debuggerAddress: localhost:63413}, handlesAlerts: true, hasTouchScreen: false, javascriptEnabled: true, locationContextEnabled: true, mobileEmulationEnabled: false, nativeEvents: true, networkConnectionEnabled: false, pageLoadStrategy: normal, platform: XP, platformName: XP, rotatable: false, setWindowRect: true, takesHeapSnapshot: true, takesScreenshot: true, unexpectedAlertBehaviour: , unhandledPromptBehavior: , version: 70.0.3538.110, webStorageEnabled: true}
Session ID: daad0c6682ed302e6c062647501980f3)
[[ATTACHMENT|C:\\Users\\Admin\\Desktop\\PKS\\Perkeso Phase A\\Reports\\Workflow\\Update Add New Employee\\20181206_171415\\1544115729045.png]]

2018-12-07 01:02:09 - [TEST_STEP][PASSED] - delay: Delayed 2 second(s)

2018-12-07 01:02:11 - [MESSAGE][PASSED] - Delayed 2 second(s)

2018-12-07 01:02:11 - [TEST_STEP][PASSED] - click: Object: 'Object Repository/Final Object Repo/New Registration - Registration Module Pages/New Reg - OTC to RO/Special Case - All Related Objects/Click Search' is clicked on

2018-12-07 01:02:11 - [MESSAGE][PASSED] - Object: 'Object Repository/Final Object Repo/New Registration - Registration Module Pages/New Reg - OTC to RO/Special Case - All Related Objects/Click Search' is clicked on

2018-12-07 01:02:11 - [TEST_STEP][PASSED] - delay: Delayed 2 second(s)

2018-12-07 01:02:13 - [MESSAGE][PASSED] - Delayed 2 second(s)

2018-12-07 01:02:13 - [TEST_STEP][PASSED] - click: Object: 'Object Repository/Final Object Repo/New Registration - Registration Module Pages/New Reg - OTC to RO/Special Case - All Related Objects/Click to Continue Workflow' is clicked on

2018-12-07 01:02:17 - [MESSAGE][PASSED] - Object: 'Object Repository/Final Object Repo/New Registration - Registration Module Pages/New Reg - OTC to RO/Special Case - All Related Objects/Click to Continue Workflow' is clicked on

2018-12-07 01:02:17 - [TEST_STEP][PASSED] - delay: Delayed 10 second(s)

2018-12-07 01:02:27 - [MESSAGE][PASSED] - Delayed 10 second(s)

2018-12-07 01:02:27 - [TEST_STEP][PASSED] - click: Object: 'Object Repository/Final Object Repo/New Registration - Registration Module Pages/New Reg - OTC to RO/Special Case - All Related Objects/Continue Button in verifying case' is clicked on

2018-12-07 01:02:30 - [MESSAGE][PASSED] - Object: 'Object Repository/Final Object Repo/New Registration - Registration Module Pages/New Reg - OTC to RO/Special Case - All Related Objects/Continue Button in verifying case' is clicked on

2018-12-07 01:02:30 - [TEST_STEP][PASSED] - delay: Delayed 2 second(s)

2018-12-07 01:02:32 - [MESSAGE][PASSED] - Delayed 2 second(s)

2018-12-07 01:02:32 - [TEST_STEP][PASSED] - click: Object: 'Object Repository/Final Object Repo/Page_Update Add New Employee - ASSIST/Save  Continue Button' is clicked on

2018-12-07 01:02:33 - [MESSAGE][PASSED] - Object: 'Object Repository/Final Object Repo/Page_Update Add New Employee - ASSIST/Save  Continue Button' is clicked on

2018-12-07 01:02:33 - [TEST_STEP][PASSED] - delay: Delayed 4 second(s)

2018-12-07 01:02:37 - [MESSAGE][PASSED] - Delayed 4 second(s)

2018-12-07 01:02:37 - [TEST_STEP][PASSED] - click: Object: 'Object Repository/Final Object Repo/Page_Update Add New Employee - ASSIST/Save  Continue Third Screen' is clicked on

2018-12-07 01:02:40 - [MESSAGE][PASSED] - Object: 'Object Repository/Final Object Repo/Page_Update Add New Employee - ASSIST/Save  Continue Third Screen' is clicked on

2018-12-07 01:02:40 - [TEST_STEP][PASSED] - delay: Delayed 4 second(s)

2018-12-07 01:02:44 - [MESSAGE][PASSED] - Delayed 4 second(s)

2018-12-07 01:02:44 - [TEST_STEP][PASSED] - click: Object: 'Object Repository/Final Object Repo/Page_Update Add New Employee - ASSIST/Save   Continue Supporting Doc Page' is clicked on

2018-12-07 01:02:44 - [MESSAGE][PASSED] - Object: 'Object Repository/Final Object Repo/Page_Update Add New Employee - ASSIST/Save   Continue Supporting Doc Page' is clicked on

2018-12-07 01:02:44 - [TEST_STEP][PASSED] - delay: Delayed 4 second(s)

2018-12-07 01:02:48 - [MESSAGE][PASSED] - Delayed 4 second(s)

2018-12-07 01:02:48 - [TEST_STEP][PASSED] - click: Object: 'Object Repository/Final Object Repo/Page_Update Add New Employee - ASSIST/Submit Button' is clicked on

2018-12-07 01:02:48 - [MESSAGE][PASSED] - Object: 'Object Repository/Final Object Repo/Page_Update Add New Employee - ASSIST/Submit Button' is clicked on

2018-12-07 01:02:48 - [TEST_STEP][PASSED] - delay: Delayed 4 second(s)

2018-12-07 01:02:52 - [MESSAGE][PASSED] - Delayed 4 second(s)

2018-12-07 01:02:52 - [TEST_STEP][PASSED] - click: Object: 'Object Repository/Final Object Repo/Page_Update Add New Employee - ASSIST/Confirm Submit Button' is clicked on

2018-12-07 01:02:52 - [MESSAGE][PASSED] - Object: 'Object Repository/Final Object Repo/Page_Update Add New Employee - ASSIST/Confirm Submit Button' is clicked on

2018-12-07 01:02:52 - [TEST_STEP][PASSED] - delay: Delayed 30 second(s)

2018-12-07 01:03:22 - [MESSAGE][PASSED] - Delayed 30 second(s)

2018-12-07 01:03:22 - [TEST_STEP][PASSED] - callTestCase: Call Test Case 'Test Cases/Final Aug 2018 - PKS Automation/Common/Screenshoting tool' successfully

2018-12-07 01:03:22 - [TEST_CASE][PASSED] - Test Cases/Final Aug 2018 - PKS Automation/Common/Screenshoting tool: Test Cases/Final Aug 2018 - PKS Automation/Common/Screenshoting tool

2018-12-07 01:03:22 - [TEST_STEP][PASSED] - delay: Delayed 15 second(s)

2018-12-07 01:03:37 - [MESSAGE][PASSED] - Delayed 15 second(s)

2018-12-07 01:03:37 - [TEST_STEP][PASSED] - Statement - driver = com.kms.katalon.core.webui.driver.DriverFactory.getWebDriver(): null

2018-12-07 01:03:37 - [TEST_STEP][PASSED] - Statement - driver.manage().timeouts().implicitlyWait(10, SECONDS): null

2018-12-07 01:03:37 - [TEST_STEP][PASSED] - Statement - PresavePath = KatalonScreenshots: null

2018-12-07 01:03:37 - [TEST_STEP][PASSED] - Statement - pathPrefix = "C:\Users\Public\Pictures\Sample Pictures\Katalon Screenshots\Automate Ending Screen": null

2018-12-07 01:03:37 - [TEST_STEP][PASSED] - Statement - finalPath = <not implemented yet for class: org.codehaus.groovy.ast.expr.EmptyExpression>: null

2018-12-07 01:03:37 - [TEST_STEP][PASSED] - Statement - scrFile = driver.getScreenshotAs(FILE): null

2018-12-07 01:03:38 - [TEST_STEP][PASSED] - Statement - PreSaveFile = new java.io.File(PresavePath): null

2018-12-07 01:03:38 - [TEST_STEP][PASSED] - Statement - counter = 0: null

2018-12-07 01:03:38 - [TEST_STEP][PASSED] - Statement - If (PreSaveFile.exists()): null

2018-12-07 01:03:38 - [TEST_STEP][PASSED] - Statement - While (PreSaveFile.exists()): null

2018-12-07 01:03:38 - [TEST_STEP][PASSED] - Statement - counter = counter + 1: null

2018-12-07 01:03:38 - [TEST_STEP][PASSED] - Statement - PreSaveFile = new java.io.File(((pathPrefix + java.lang.Integer.toString(counter)) + .png)): null

2018-12-07 01:03:38 - [TEST_STEP][PASSED] - Statement - counter = counter + 1: null

2018-12-07 01:03:38 - [TEST_STEP][PASSED] - Statement - PreSaveFile = new java.io.File(((pathPrefix + java.lang.Integer.toString(counter)) + .png)): null

2018-12-07 01:03:38 - [TEST_STEP][PASSED] - Statement - counter = counter + 1: null

2018-12-07 01:03:38 - [TEST_STEP][PASSED] - Statement - PreSaveFile = new java.io.File(((pathPrefix + java.lang.Integer.toString(counter)) + .png)): null

2018-12-07 01:03:38 - [TEST_STEP][PASSED] - Statement - counter = counter + 1: null

2018-12-07 01:03:38 - [TEST_STEP][PASSED] - Statement - PreSaveFile = new java.io.File(((pathPrefix + java.lang.Integer.toString(counter)) + .png)): null

2018-12-07 01:03:38 - [TEST_STEP][PASSED] - Statement - counter = counter + 1: null

2018-12-07 01:03:38 - [TEST_STEP][PASSED] - Statement - PreSaveFile = new java.io.File(((pathPrefix + java.lang.Integer.toString(counter)) + .png)): null

2018-12-07 01:03:38 - [TEST_STEP][PASSED] - Statement - counter = counter + 1: null

2018-12-07 01:03:38 - [TEST_STEP][PASSED] - Statement - PreSaveFile = new java.io.File(((pathPrefix + java.lang.Integer.toString(counter)) + .png)): null

2018-12-07 01:03:38 - [TEST_STEP][PASSED] - Statement - counter = counter + 1: null

2018-12-07 01:03:38 - [TEST_STEP][PASSED] - Statement - PreSaveFile = new java.io.File(((pathPrefix + java.lang.Integer.toString(counter)) + .png)): null

2018-12-07 01:03:38 - [TEST_STEP][PASSED] - Statement - counter = counter + 1: null

2018-12-07 01:03:38 - [TEST_STEP][PASSED] - Statement - PreSaveFile = new java.io.File(((pathPrefix + java.lang.Integer.toString(counter)) + .png)): null

2018-12-07 01:03:38 - [TEST_STEP][PASSED] - Statement - counter = counter + 1: null

2018-12-07 01:03:38 - [TEST_STEP][PASSED] - Statement - PreSaveFile = new java.io.File(((pathPrefix + java.lang.Integer.toString(counter)) + .png)): null

2018-12-07 01:03:38 - [TEST_STEP][PASSED] - Statement - counter = counter + 1: null

2018-12-07 01:03:38 - [TEST_STEP][PASSED] - Statement - PreSaveFile = new java.io.File(((pathPrefix + java.lang.Integer.toString(counter)) + .png)): null

2018-12-07 01:03:38 - [TEST_STEP][PASSED] - Statement - counter = counter + 1: null

2018-12-07 01:03:38 - [TEST_STEP][PASSED] - Statement - PreSaveFile = new java.io.File(((pathPrefix + java.lang.Integer.toString(counter)) + .png)): null

2018-12-07 01:03:38 - [TEST_STEP][PASSED] - Statement - counter = counter + 1: null

2018-12-07 01:03:38 - [TEST_STEP][PASSED] - Statement - PreSaveFile = new java.io.File(((pathPrefix + java.lang.Integer.toString(counter)) + .png)): null

2018-12-07 01:03:38 - [TEST_STEP][PASSED] - Statement - counter = counter + 1: null

2018-12-07 01:03:38 - [TEST_STEP][PASSED] - Statement - PreSaveFile = new java.io.File(((pathPrefix + java.lang.Integer.toString(counter)) + .png)): null

2018-12-07 01:03:38 - [TEST_STEP][PASSED] - Statement - counter = counter + 1: null

2018-12-07 01:03:38 - [TEST_STEP][PASSED] - Statement - PreSaveFile = new java.io.File(((pathPrefix + java.lang.Integer.toString(counter)) + .png)): null

2018-12-07 01:03:38 - [TEST_STEP][PASSED] - Statement - counter = counter + 1: null

2018-12-07 01:03:38 - [TEST_STEP][PASSED] - Statement - PreSaveFile = new java.io.File(((pathPrefix + java.lang.Integer.toString(counter)) + .png)): null

2018-12-07 01:03:38 - [TEST_STEP][PASSED] - Statement - counter = counter + 1: null

2018-12-07 01:03:38 - [TEST_STEP][PASSED] - Statement - PreSaveFile = new java.io.File(((pathPrefix + java.lang.Integer.toString(counter)) + .png)): null

2018-12-07 01:03:38 - [TEST_STEP][PASSED] - Statement - counter = counter + 1: null

2018-12-07 01:03:38 - [TEST_STEP][PASSED] - Statement - PreSaveFile = new java.io.File(((pathPrefix + java.lang.Integer.toString(counter)) + .png)): null

2018-12-07 01:03:38 - [TEST_STEP][PASSED] - Statement - counter = counter + 1: null

2018-12-07 01:03:38 - [TEST_STEP][PASSED] - Statement - PreSaveFile = new java.io.File(((pathPrefix + java.lang.Integer.toString(counter)) + .png)): null

2018-12-07 01:03:38 - [TEST_STEP][PASSED] - Statement - counter = counter + 1: null

2018-12-07 01:03:38 - [TEST_STEP][PASSED] - Statement - PreSaveFile = new java.io.File(((pathPrefix + java.lang.Integer.toString(counter)) + .png)): null

2018-12-07 01:03:38 - [TEST_STEP][PASSED] - Statement - counter = counter + 1: null

2018-12-07 01:03:38 - [TEST_STEP][PASSED] - Statement - PreSaveFile = new java.io.File(((pathPrefix + java.lang.Integer.toString(counter)) + .png)): null

2018-12-07 01:03:38 - [TEST_STEP][PASSED] - Statement - counter = counter + 1: null

2018-12-07 01:03:38 - [TEST_STEP][PASSED] - Statement - PreSaveFile = new java.io.File(((pathPrefix + java.lang.Integer.toString(counter)) + .png)): null

2018-12-07 01:03:38 - [TEST_STEP][PASSED] - Statement - counter = counter + 1: null

2018-12-07 01:03:38 - [TEST_STEP][PASSED] - Statement - PreSaveFile = new java.io.File(((pathPrefix + java.lang.Integer.toString(counter)) + .png)): null

2018-12-07 01:03:38 - [TEST_STEP][PASSED] - Statement - counter = counter + 1: null

2018-12-07 01:03:38 - [TEST_STEP][PASSED] - Statement - PreSaveFile = new java.io.File(((pathPrefix + java.lang.Integer.toString(counter)) + .png)): null

2018-12-07 01:03:38 - [TEST_STEP][PASSED] - Statement - counter = counter + 1: null

2018-12-07 01:03:38 - [TEST_STEP][PASSED] - Statement - PreSaveFile = new java.io.File(((pathPrefix + java.lang.Integer.toString(counter)) + .png)): null

2018-12-07 01:03:38 - [TEST_STEP][PASSED] - Statement - counter = counter + 1: null

2018-12-07 01:03:38 - [TEST_STEP][PASSED] - Statement - PreSaveFile = new java.io.File(((pathPrefix + java.lang.Integer.toString(counter)) + .png)): null

2018-12-07 01:03:38 - [TEST_STEP][PASSED] - Statement - counter = counter + 1: null

2018-12-07 01:03:38 - [TEST_STEP][PASSED] - Statement - PreSaveFile = new java.io.File(((pathPrefix + java.lang.Integer.toString(counter)) + .png)): null

2018-12-07 01:03:38 - [TEST_STEP][PASSED] - Statement - counter = counter + 1: null

2018-12-07 01:03:38 - [TEST_STEP][PASSED] - Statement - PreSaveFile = new java.io.File(((pathPrefix + java.lang.Integer.toString(counter)) + .png)): null

2018-12-07 01:03:38 - [TEST_STEP][PASSED] - Statement - counter = counter + 1: null

2018-12-07 01:03:38 - [TEST_STEP][PASSED] - Statement - PreSaveFile = new java.io.File(((pathPrefix + java.lang.Integer.toString(counter)) + .png)): null

2018-12-07 01:03:38 - [TEST_STEP][PASSED] - Statement - counter = counter + 1: null

2018-12-07 01:03:38 - [TEST_STEP][PASSED] - Statement - PreSaveFile = new java.io.File(((pathPrefix + java.lang.Integer.toString(counter)) + .png)): null

2018-12-07 01:03:38 - [TEST_STEP][PASSED] - Statement - counter = counter + 1: null

2018-12-07 01:03:38 - [TEST_STEP][PASSED] - Statement - PreSaveFile = new java.io.File(((pathPrefix + java.lang.Integer.toString(counter)) + .png)): null

2018-12-07 01:03:38 - [TEST_STEP][PASSED] - Statement - counter = counter + 1: null

2018-12-07 01:03:38 - [TEST_STEP][PASSED] - Statement - PreSaveFile = new java.io.File(((pathPrefix + java.lang.Integer.toString(counter)) + .png)): null

2018-12-07 01:03:38 - [TEST_STEP][PASSED] - Statement - counter = counter + 1: null

2018-12-07 01:03:38 - [TEST_STEP][PASSED] - Statement - PreSaveFile = new java.io.File(((pathPrefix + java.lang.Integer.toString(counter)) + .png)): null

2018-12-07 01:03:38 - [TEST_STEP][PASSED] - Statement - counter = counter + 1: null

2018-12-07 01:03:38 - [TEST_STEP][PASSED] - Statement - PreSaveFile = new java.io.File(((pathPrefix + java.lang.Integer.toString(counter)) + .png)): null

2018-12-07 01:03:38 - [TEST_STEP][PASSED] - Statement - counter = counter + 1: null

2018-12-07 01:03:38 - [TEST_STEP][PASSED] - Statement - PreSaveFile = new java.io.File(((pathPrefix + java.lang.Integer.toString(counter)) + .png)): null

2018-12-07 01:03:38 - [TEST_STEP][PASSED] - Statement - counter = counter + 1: null

2018-12-07 01:03:38 - [TEST_STEP][PASSED] - Statement - PreSaveFile = new java.io.File(((pathPrefix + java.lang.Integer.toString(counter)) + .png)): null

2018-12-07 01:03:38 - [TEST_STEP][PASSED] - Statement - counter = counter + 1: null

2018-12-07 01:03:38 - [TEST_STEP][PASSED] - Statement - PreSaveFile = new java.io.File(((pathPrefix + java.lang.Integer.toString(counter)) + .png)): null

2018-12-07 01:03:38 - [TEST_STEP][PASSED] - Statement - counter = counter + 1: null

2018-12-07 01:03:38 - [TEST_STEP][PASSED] - Statement - PreSaveFile = new java.io.File(((pathPrefix + java.lang.Integer.toString(counter)) + .png)): null

2018-12-07 01:03:38 - [TEST_STEP][PASSED] - Statement - counter = counter + 1: null

2018-12-07 01:03:38 - [TEST_STEP][PASSED] - Statement - PreSaveFile = new java.io.File(((pathPrefix + java.lang.Integer.toString(counter)) + .png)): null

2018-12-07 01:03:38 - [TEST_STEP][PASSED] - Statement - counter = counter + 1: null

2018-12-07 01:03:38 - [TEST_STEP][PASSED] - Statement - PreSaveFile = new java.io.File(((pathPrefix + java.lang.Integer.toString(counter)) + .png)): null

2018-12-07 01:03:38 - [TEST_STEP][PASSED] - Statement - counter = counter + 1: null

2018-12-07 01:03:38 - [TEST_STEP][PASSED] - Statement - PreSaveFile = new java.io.File(((pathPrefix + java.lang.Integer.toString(counter)) + .png)): null

2018-12-07 01:03:38 - [TEST_STEP][PASSED] - Statement - counter = counter + 1: null

2018-12-07 01:03:38 - [TEST_STEP][PASSED] - Statement - PreSaveFile = new java.io.File(((pathPrefix + java.lang.Integer.toString(counter)) + .png)): null

2018-12-07 01:03:38 - [TEST_STEP][PASSED] - Statement - counter = counter + 1: null

2018-12-07 01:03:38 - [TEST_STEP][PASSED] - Statement - PreSaveFile = new java.io.File(((pathPrefix + java.lang.Integer.toString(counter)) + .png)): null

2018-12-07 01:03:38 - [TEST_STEP][PASSED] - Statement - counter = counter + 1: null

2018-12-07 01:03:38 - [TEST_STEP][PASSED] - Statement - PreSaveFile = new java.io.File(((pathPrefix + java.lang.Integer.toString(counter)) + .png)): null

2018-12-07 01:03:38 - [TEST_STEP][PASSED] - Statement - counter = counter + 1: null

2018-12-07 01:03:38 - [TEST_STEP][PASSED] - Statement - PreSaveFile = new java.io.File(((pathPrefix + java.lang.Integer.toString(counter)) + .png)): null

2018-12-07 01:03:38 - [TEST_STEP][PASSED] - Statement - counter = counter + 1: null

2018-12-07 01:03:38 - [TEST_STEP][PASSED] - Statement - PreSaveFile = new java.io.File(((pathPrefix + java.lang.Integer.toString(counter)) + .png)): null

2018-12-07 01:03:38 - [TEST_STEP][PASSED] - Statement - counter = counter + 1: null

2018-12-07 01:03:38 - [TEST_STEP][PASSED] - Statement - PreSaveFile = new java.io.File(((pathPrefix + java.lang.Integer.toString(counter)) + .png)): null

2018-12-07 01:03:38 - [TEST_STEP][PASSED] - Statement - counter = counter + 1: null

2018-12-07 01:03:38 - [TEST_STEP][PASSED] - Statement - PreSaveFile = new java.io.File(((pathPrefix + java.lang.Integer.toString(counter)) + .png)): null

2018-12-07 01:03:38 - [TEST_STEP][PASSED] - Statement - counter = counter + 1: null

2018-12-07 01:03:38 - [TEST_STEP][PASSED] - Statement - PreSaveFile = new java.io.File(((pathPrefix + java.lang.Integer.toString(counter)) + .png)): null

2018-12-07 01:03:38 - [TEST_STEP][PASSED] - Statement - counter = counter + 1: null

2018-12-07 01:03:38 - [TEST_STEP][PASSED] - Statement - PreSaveFile = new java.io.File(((pathPrefix + java.lang.Integer.toString(counter)) + .png)): null

2018-12-07 01:03:38 - [TEST_STEP][PASSED] - Statement - counter = counter + 1: null

2018-12-07 01:03:38 - [TEST_STEP][PASSED] - Statement - PreSaveFile = new java.io.File(((pathPrefix + java.lang.Integer.toString(counter)) + .png)): null

2018-12-07 01:03:38 - [TEST_STEP][PASSED] - Statement - counter = counter + 1: null

2018-12-07 01:03:38 - [TEST_STEP][PASSED] - Statement - PreSaveFile = new java.io.File(((pathPrefix + java.lang.Integer.toString(counter)) + .png)): null

2018-12-07 01:03:38 - [TEST_STEP][PASSED] - Statement - counter = counter + 1: null

2018-12-07 01:03:38 - [TEST_STEP][PASSED] - Statement - PreSaveFile = new java.io.File(((pathPrefix + java.lang.Integer.toString(counter)) + .png)): null

2018-12-07 01:03:38 - [TEST_STEP][PASSED] - Statement - counter = counter + 1: null

2018-12-07 01:03:38 - [TEST_STEP][PASSED] - Statement - PreSaveFile = new java.io.File(((pathPrefix + java.lang.Integer.toString(counter)) + .png)): null

2018-12-07 01:03:38 - [TEST_STEP][PASSED] - Statement - counter = counter + 1: null

2018-12-07 01:03:38 - [TEST_STEP][PASSED] - Statement - PreSaveFile = new java.io.File(((pathPrefix + java.lang.Integer.toString(counter)) + .png)): null

2018-12-07 01:03:38 - [TEST_STEP][PASSED] - Statement - counter = counter + 1: null

2018-12-07 01:03:38 - [TEST_STEP][PASSED] - Statement - PreSaveFile = new java.io.File(((pathPrefix + java.lang.Integer.toString(counter)) + .png)): null

2018-12-07 01:03:38 - [TEST_STEP][PASSED] - Statement - counter = counter + 1: null

2018-12-07 01:03:38 - [TEST_STEP][PASSED] - Statement - PreSaveFile = new java.io.File(((pathPrefix + java.lang.Integer.toString(counter)) + .png)): null

2018-12-07 01:03:38 - [TEST_STEP][PASSED] - Statement - counter = counter + 1: null

2018-12-07 01:03:38 - [TEST_STEP][PASSED] - Statement - PreSaveFile = new java.io.File(((pathPrefix + java.lang.Integer.toString(counter)) + .png)): null

2018-12-07 01:03:38 - [TEST_STEP][PASSED] - Statement - counter = counter + 1: null

2018-12-07 01:03:38 - [TEST_STEP][PASSED] - Statement - PreSaveFile = new java.io.File(((pathPrefix + java.lang.Integer.toString(counter)) + .png)): null

2018-12-07 01:03:38 - [TEST_STEP][PASSED] - Statement - counter = counter + 1: null

2018-12-07 01:03:38 - [TEST_STEP][PASSED] - Statement - PreSaveFile = new java.io.File(((pathPrefix + java.lang.Integer.toString(counter)) + .png)): null

2018-12-07 01:03:38 - [TEST_STEP][PASSED] - Statement - counter = counter + 1: null

2018-12-07 01:03:38 - [TEST_STEP][PASSED] - Statement - PreSaveFile = new java.io.File(((pathPrefix + java.lang.Integer.toString(counter)) + .png)): null

2018-12-07 01:03:38 - [TEST_STEP][PASSED] - Statement - counter = counter + 1: null

2018-12-07 01:03:38 - [TEST_STEP][PASSED] - Statement - PreSaveFile = new java.io.File(((pathPrefix + java.lang.Integer.toString(counter)) + .png)): null

2018-12-07 01:03:38 - [TEST_STEP][PASSED] - Statement - counter = counter + 1: null

2018-12-07 01:03:38 - [TEST_STEP][PASSED] - Statement - PreSaveFile = new java.io.File(((pathPrefix + java.lang.Integer.toString(counter)) + .png)): null

2018-12-07 01:03:38 - [TEST_STEP][PASSED] - Statement - counter = counter + 1: null

2018-12-07 01:03:38 - [TEST_STEP][PASSED] - Statement - PreSaveFile = new java.io.File(((pathPrefix + java.lang.Integer.toString(counter)) + .png)): null

2018-12-07 01:03:38 - [TEST_STEP][PASSED] - Statement - counter = counter + 1: null

2018-12-07 01:03:38 - [TEST_STEP][PASSED] - Statement - PreSaveFile = new java.io.File(((pathPrefix + java.lang.Integer.toString(counter)) + .png)): null

2018-12-07 01:03:38 - [TEST_STEP][PASSED] - Statement - counter = counter + 1: null

2018-12-07 01:03:38 - [TEST_STEP][PASSED] - Statement - PreSaveFile = new java.io.File(((pathPrefix + java.lang.Integer.toString(counter)) + .png)): null

2018-12-07 01:03:38 - [TEST_STEP][PASSED] - Statement - counter = counter + 1: null

2018-12-07 01:03:38 - [TEST_STEP][PASSED] - Statement - PreSaveFile = new java.io.File(((pathPrefix + java.lang.Integer.toString(counter)) + .png)): null

2018-12-07 01:03:38 - [TEST_STEP][PASSED] - Statement - counter = counter + 1: null

2018-12-07 01:03:38 - [TEST_STEP][PASSED] - Statement - PreSaveFile = new java.io.File(((pathPrefix + java.lang.Integer.toString(counter)) + .png)): null

2018-12-07 01:03:38 - [TEST_STEP][PASSED] - Statement - counter = counter + 1: null

2018-12-07 01:03:38 - [TEST_STEP][PASSED] - Statement - PreSaveFile = new java.io.File(((pathPrefix + java.lang.Integer.toString(counter)) + .png)): null

2018-12-07 01:03:38 - [TEST_STEP][PASSED] - Statement - counter = counter + 1: null

2018-12-07 01:03:38 - [TEST_STEP][PASSED] - Statement - PreSaveFile = new java.io.File(((pathPrefix + java.lang.Integer.toString(counter)) + .png)): null

2018-12-07 01:03:38 - [TEST_STEP][PASSED] - Statement - counter = counter + 1: null

2018-12-07 01:03:38 - [TEST_STEP][PASSED] - Statement - PreSaveFile = new java.io.File(((pathPrefix + java.lang.Integer.toString(counter)) + .png)): null

2018-12-07 01:03:38 - [TEST_STEP][PASSED] - Statement - counter = counter + 1: null

2018-12-07 01:03:38 - [TEST_STEP][PASSED] - Statement - PreSaveFile = new java.io.File(((pathPrefix + java.lang.Integer.toString(counter)) + .png)): null

2018-12-07 01:03:38 - [TEST_STEP][PASSED] - Statement - counter = counter + 1: null

2018-12-07 01:03:38 - [TEST_STEP][PASSED] - Statement - PreSaveFile = new java.io.File(((pathPrefix + java.lang.Integer.toString(counter)) + .png)): null

2018-12-07 01:03:38 - [TEST_STEP][PASSED] - Statement - counter = counter + 1: null

2018-12-07 01:03:38 - [TEST_STEP][PASSED] - Statement - PreSaveFile = new java.io.File(((pathPrefix + java.lang.Integer.toString(counter)) + .png)): null

2018-12-07 01:03:38 - [TEST_STEP][PASSED] - Statement - counter = counter + 1: null

2018-12-07 01:03:38 - [TEST_STEP][PASSED] - Statement - PreSaveFile = new java.io.File(((pathPrefix + java.lang.Integer.toString(counter)) + .png)): null

2018-12-07 01:03:38 - [TEST_STEP][PASSED] - Statement - counter = counter + 1: null

2018-12-07 01:03:38 - [TEST_STEP][PASSED] - Statement - PreSaveFile = new java.io.File(((pathPrefix + java.lang.Integer.toString(counter)) + .png)): null

2018-12-07 01:03:38 - [TEST_STEP][PASSED] - Statement - counter = counter + 1: null

2018-12-07 01:03:38 - [TEST_STEP][PASSED] - Statement - PreSaveFile = new java.io.File(((pathPrefix + java.lang.Integer.toString(counter)) + .png)): null

2018-12-07 01:03:38 - [TEST_STEP][PASSED] - Statement - counter = counter + 1: null

2018-12-07 01:03:38 - [TEST_STEP][PASSED] - Statement - PreSaveFile = new java.io.File(((pathPrefix + java.lang.Integer.toString(counter)) + .png)): null

2018-12-07 01:03:38 - [TEST_STEP][PASSED] - Statement - counter = counter + 1: null

2018-12-07 01:03:38 - [TEST_STEP][PASSED] - Statement - PreSaveFile = new java.io.File(((pathPrefix + java.lang.Integer.toString(counter)) + .png)): null

2018-12-07 01:03:38 - [TEST_STEP][PASSED] - Statement - counter = counter + 1: null

2018-12-07 01:03:38 - [TEST_STEP][PASSED] - Statement - PreSaveFile = new java.io.File(((pathPrefix + java.lang.Integer.toString(counter)) + .png)): null

2018-12-07 01:03:38 - [TEST_STEP][PASSED] - Statement - counter = counter + 1: null

2018-12-07 01:03:38 - [TEST_STEP][PASSED] - Statement - PreSaveFile = new java.io.File(((pathPrefix + java.lang.Integer.toString(counter)) + .png)): null

2018-12-07 01:03:38 - [TEST_STEP][PASSED] - Statement - finalPath = pathPrefix + java.lang.Integer.toString(counter) + ".png": null

2018-12-07 01:03:38 - [TEST_STEP][PASSED] - Statement - SaveFile = new java.io.File(finalPath): null

2018-12-07 01:03:38 - [TEST_STEP][PASSED] - Statement - Try: null

2018-12-07 01:03:38 - [TEST_STEP][PASSED] - Statement - org.apache.commons.io.FileUtils.copyFile(scrFile, SaveFile): null

2018-12-07 01:03:38 - [TEST_STEP][PASSED] - Statement - out.println("file kept"): null

2018-12-07 01:03:38 - [TEST_STEP][PASSED] - delay: Delayed 10 second(s)

2018-12-07 01:03:48 - [MESSAGE][PASSED] - Delayed 10 second(s)

2018-12-07 01:03:48 - [MESSAGE][PASSED] - Call Test Case 'Test Cases/Final Aug 2018 - PKS Automation/Common/Screenshoting tool' successfully]]></system-out>
         <system-err><![CDATA[2018-12-07 00:48:55 - [TEST_CASE][FAILED] - Test Cases/Final Aug 2018 - PKS Automation/Registration Module/Workflow/Update Add New Employee/Special Case (OTC - RO Under Enforcement): Test Cases/Final Aug 2018 - PKS Automation/Registration Module/Workflow/Update Add New Employee/Special Case (OTC - RO Under Enforcement) FAILED because (of) (Stack trace: com.kms.katalon.core.exception.StepFailedException: Unable to set text 'CAN12201800002274' of object 'Object Repository/Final Object Repo/New Registration - Registration Module Pages/New Reg - OTC to RO/Special Case - All Related Objects/TextBox RefNo in Workbasket' (Root cause: org.openqa.selenium.ElementNotVisibleException: element not interactable
  (Session info: chrome=70.0.3538.110)
  (Driver info: chromedriver=2.43.600210 (68dcf5eebde37173d4027fa8635e332711d2874a),platform=Windows NT 6.1.7601 SP1 x86_64) (WARNING: The server did not provide any stacktrace information)
Command duration or timeout: 0 milliseconds
Build info: version: '3.7.1', revision: '8a0099a', time: '2017-11-06T21:07:36.161Z'
System info: host: 'WIN7TEST02', ip: '10.20.3.72', os.name: 'Windows 7', os.arch: 'amd64', os.version: '6.1', java.version: '1.8.0_181'
Driver info: com.kms.katalon.selenium.driver.CChromeDriver
Capabilities {acceptInsecureCerts: false, acceptSslCerts: false, applicationCacheEnabled: false, browserConnectionEnabled: false, browserName: chrome, chrome: {chromedriverVersion: 2.43.600210 (68dcf5eebde371..., userDataDir: C:\Users\Admin\AppData\Loca...}, cssSelectorsEnabled: true, databaseEnabled: false, goog:chromeOptions: {debuggerAddress: localhost:63363}, handlesAlerts: true, hasTouchScreen: false, javascriptEnabled: true, locationContextEnabled: true, mobileEmulationEnabled: false, nativeEvents: true, networkConnectionEnabled: false, pageLoadStrategy: normal, platform: XP, platformName: XP, rotatable: false, setWindowRect: true, takesHeapSnapshot: true, takesScreenshot: true, unexpectedAlertBehaviour: , unhandledPromptBehavior: , version: 70.0.3538.110, webStorageEnabled: true}
Session ID: b7efdde9f71f4a2b8d1dbbb9800ac3c0)
	at com.kms.katalon.core.keyword.internal.KeywordMain.stepFailed(KeywordMain.groovy:32)
	at com.kms.katalon.core.webui.keyword.internal.WebUIKeywordMain.stepFailed(WebUIKeywordMain.groovy:65)
	at com.kms.katalon.core.webui.keyword.internal.WebUIKeywordMain.runKeyword(WebUIKeywordMain.groovy:27)
	at com.kms.katalon.core.webui.keyword.builtin.SetTextKeyword.setText(SetTextKeyword.groovy:65)
	at com.kms.katalon.core.webui.keyword.builtin.SetTextKeyword.execute(SetTextKeyword.groovy:37)
	at com.kms.katalon.core.keyword.internal.KeywordExecutor.executeKeywordForPlatform(KeywordExecutor.groovy:53)
	at com.kms.katalon.core.webui.keyword.WebUiBuiltInKeywords.setText(WebUiBuiltInKeywords.groovy:950)
	at com.kms.katalon.core.webui.keyword.WebUiBuiltInKeywords$setText$1.call(Unknown Source)
	at org.codehaus.groovy.runtime.callsite.CallSiteArray.defaultCall(CallSiteArray.java:48)
	at org.codehaus.groovy.runtime.callsite.AbstractCallSite.call(AbstractCallSite.java:113)
	at org.codehaus.groovy.runtime.callsite.AbstractCallSite.call(AbstractCallSite.java:133)
	at Script1536200585960.run(Script1536200585960.groovy:165)
	at com.kms.katalon.core.main.ScriptEngine.run(ScriptEngine.java:183)
	at com.kms.katalon.core.main.ScriptEngine.runScriptAsRawText(ScriptEngine.java:108)
	at com.kms.katalon.core.main.TestCaseExecutor.runScript(TestCaseExecutor.java:294)
	at com.kms.katalon.core.main.TestCaseExecutor.doExecute(TestCaseExecutor.java:285)
	at com.kms.katalon.core.main.TestCaseExecutor.processExecutionPhase(TestCaseExecutor.java:264)
	at com.kms.katalon.core.main.TestCaseExecutor.accessMainPhase(TestCaseExecutor.java:256)
	at com.kms.katalon.core.main.TestCaseExecutor.execute(TestCaseExecutor.java:200)
	at com.kms.katalon.core.main.TestSuiteExecutor.accessTestCaseMainPhase(TestSuiteExecutor.java:129)
	at com.kms.katalon.core.main.TestSuiteExecutor.accessTestSuiteMainPhase(TestSuiteExecutor.java:112)
	at com.kms.katalon.core.main.TestSuiteExecutor.execute(TestSuiteExecutor.java:81)
	at com.kms.katalon.core.main.TestCaseMain.startTestSuite(TestCaseMain.java:142)
	at com.kms.katalon.core.main.TestCaseMain$startTestSuite$0.call(Unknown Source)
	at org.codehaus.groovy.runtime.callsite.CallSiteArray.defaultCall(CallSiteArray.java:48)
	at org.codehaus.groovy.runtime.callsite.AbstractCallSite.call(AbstractCallSite.java:113)
	at org.codehaus.groovy.runtime.callsite.AbstractCallSite.call(AbstractCallSite.java:141)
	at TempTestSuite1544087655094.run(TempTestSuite1544087655094.groovy:36)
	at groovy.lang.GroovyShell.runScriptOrMainOrTestOrRunnable(GroovyShell.java:263)
	at groovy.lang.GroovyShell.run(GroovyShell.java:518)
	at groovy.lang.GroovyShell.run(GroovyShell.java:507)
	at groovy.ui.GroovyMain.processOnce(GroovyMain.java:653)
	at groovy.ui.GroovyMain.run(GroovyMain.java:384)
	at groovy.ui.GroovyMain.process(GroovyMain.java:370)
	at groovy.ui.GroovyMain.processArgs(GroovyMain.java:129)
	at groovy.ui.GroovyMain.main(GroovyMain.java:109)
	at sun.reflect.NativeMethodAccessorImpl.invoke0(Native Method)
	at sun.reflect.NativeMethodAccessorImpl.invoke(NativeMethodAccessorImpl.java:62)
	at sun.reflect.DelegatingMethodAccessorImpl.invoke(DelegatingMethodAccessorImpl.java:43)
	at java.lang.reflect.Method.invoke(Method.java:498)
	at org.codehaus.groovy.tools.GroovyStarter.rootLoader(GroovyStarter.java:109)
	at org.codehaus.groovy.tools.GroovyStarter.main(GroovyStarter.java:131)
)]]></system-err>
      </testcase>
      <testcase name="Test Cases/Final Aug 2018 - PKS Automation/Registration Module/Workflow/Update Add New Employee/Special Case (PKR BO - RO Approve)" classname="Test Cases/Final Aug 2018 - PKS Automation/Registration Module/Workflow/Update Add New Employee/Special Case (PKR BO - RO Approve)" status="FAILED">
         <failure type="FAILED" message="(Stack trace: com.kms.katalon.core.exception.StepFailedException: Unable to set text 'CAN12201800002275' of object 'Object Repository/Final Object Repo/New Registration - Registration Module Pages/New Reg - OTC to RO/Special Case - All Related Objects/TextBox RefNo in Workbasket' (Root cause: org.openqa.selenium.ElementNotVisibleException: element not interactable
  (Session info: chrome=70.0.3538.110)
  (Driver info: chromedriver=2.43.600210 (68dcf5eebde37173d4027fa8635e332711d2874a),platform=Windows NT 6.1.7601 SP1 x86_64) (WARNING: The server did not provide any stacktrace information)
Command duration or timeout: 0 milliseconds
Build info: version: '3.7.1', revision: '8a0099a', time: '2017-11-06T21:07:36.161Z'
System info: host: 'WIN7TEST02', ip: '10.20.3.72', os.name: 'Windows 7', os.arch: 'amd64', os.version: '6.1', java.version: '1.8.0_181'
Driver info: com.kms.katalon.selenium.driver.CChromeDriver
Capabilities {acceptInsecureCerts: false, acceptSslCerts: false, applicationCacheEnabled: false, browserConnectionEnabled: false, browserName: chrome, chrome: {chromedriverVersion: 2.43.600210 (68dcf5eebde371..., userDataDir: C:\Users\Admin\AppData\Loca...}, cssSelectorsEnabled: true, databaseEnabled: false, goog:chromeOptions: {debuggerAddress: localhost:63536}, handlesAlerts: true, hasTouchScreen: false, javascriptEnabled: true, locationContextEnabled: true, mobileEmulationEnabled: false, nativeEvents: true, networkConnectionEnabled: false, pageLoadStrategy: normal, platform: XP, platformName: XP, rotatable: false, setWindowRect: true, takesHeapSnapshot: true, takesScreenshot: true, unexpectedAlertBehaviour: , unhandledPromptBehavior: , version: 70.0.3538.110, webStorageEnabled: true}
Session ID: e23b8f86cbb04a0916630954a4ff9cad)
	at com.kms.katalon.core.keyword.internal.KeywordMain.stepFailed(KeywordMain.groovy:32)
	at com.kms.katalon.core.webui.keyword.internal.WebUIKeywordMain.stepFailed(WebUIKeywordMain.groovy:65)
	at com.kms.katalon.core.webui.keyword.internal.WebUIKeywordMain.runKeyword(WebUIKeywordMain.groovy:27)
	at com.kms.katalon.core.webui.keyword.builtin.SetTextKeyword.setText(SetTextKeyword.groovy:65)
	at com.kms.katalon.core.webui.keyword.builtin.SetTextKeyword.execute(SetTextKeyword.groovy:37)
	at com.kms.katalon.core.keyword.internal.KeywordExecutor.executeKeywordForPlatform(KeywordExecutor.groovy:53)
	at com.kms.katalon.core.webui.keyword.WebUiBuiltInKeywords.setText(WebUiBuiltInKeywords.groovy:950)
	at com.kms.katalon.core.webui.keyword.WebUiBuiltInKeywords$setText$1.call(Unknown Source)
	at org.codehaus.groovy.runtime.callsite.CallSiteArray.defaultCall(CallSiteArray.java:48)
	at org.codehaus.groovy.runtime.callsite.AbstractCallSite.call(AbstractCallSite.java:113)
	at org.codehaus.groovy.runtime.callsite.AbstractCallSite.call(AbstractCallSite.java:133)
	at Script1536116130372.run(Script1536116130372.groovy:165)
	at com.kms.katalon.core.main.ScriptEngine.run(ScriptEngine.java:183)
	at com.kms.katalon.core.main.ScriptEngine.runScriptAsRawText(ScriptEngine.java:108)
	at com.kms.katalon.core.main.TestCaseExecutor.runScript(TestCaseExecutor.java:294)
	at com.kms.katalon.core.main.TestCaseExecutor.doExecute(TestCaseExecutor.java:285)
	at com.kms.katalon.core.main.TestCaseExecutor.processExecutionPhase(TestCaseExecutor.java:264)
	at com.kms.katalon.core.main.TestCaseExecutor.accessMainPhase(TestCaseExecutor.java:256)
	at com.kms.katalon.core.main.TestCaseExecutor.execute(TestCaseExecutor.java:200)
	at com.kms.katalon.core.main.TestSuiteExecutor.accessTestCaseMainPhase(TestSuiteExecutor.java:129)
	at com.kms.katalon.core.main.TestSuiteExecutor.accessTestSuiteMainPhase(TestSuiteExecutor.java:112)
	at com.kms.katalon.core.main.TestSuiteExecutor.execute(TestSuiteExecutor.java:81)
	at com.kms.katalon.core.main.TestCaseMain.startTestSuite(TestCaseMain.java:142)
	at com.kms.katalon.core.main.TestCaseMain$startTestSuite$0.call(Unknown Source)
	at org.codehaus.groovy.runtime.callsite.CallSiteArray.defaultCall(CallSiteArray.java:48)
	at org.codehaus.groovy.runtime.callsite.AbstractCallSite.call(AbstractCallSite.java:113)
	at org.codehaus.groovy.runtime.callsite.AbstractCallSite.call(AbstractCallSite.java:141)
	at TempTestSuite1544087655094.run(TempTestSuite1544087655094.groovy:36)
	at groovy.lang.GroovyShell.runScriptOrMainOrTestOrRunnable(GroovyShell.java:263)
	at groovy.lang.GroovyShell.run(GroovyShell.java:518)
	at groovy.lang.GroovyShell.run(GroovyShell.java:507)
	at groovy.ui.GroovyMain.processOnce(GroovyMain.java:653)
	at groovy.ui.GroovyMain.run(GroovyMain.java:384)
	at groovy.ui.GroovyMain.process(GroovyMain.java:370)
	at groovy.ui.GroovyMain.processArgs(GroovyMain.java:129)
	at groovy.ui.GroovyMain.main(GroovyMain.java:109)
	at sun.reflect.NativeMethodAccessorImpl.invoke0(Native Method)
	at sun.reflect.NativeMethodAccessorImpl.invoke(NativeMethodAccessorImpl.java:62)
	at sun.reflect.DelegatingMethodAccessorImpl.invoke(DelegatingMethodAccessorImpl.java:43)
	at java.lang.reflect.Method.invoke(Method.java:498)
	at org.codehaus.groovy.tools.GroovyStarter.rootLoader(GroovyStarter.java:109)
	at org.codehaus.groovy.tools.GroovyStarter.main(GroovyStarter.java:131)
)"/>
         <system-out><![CDATA[2018-12-07 01:03:48 - [TEST_CASE][FAILED] - Test Cases/Final Aug 2018 - PKS Automation/Registration Module/Workflow/Update Add New Employee/Special Case (PKR BO - RO Approve): Test Cases/Final Aug 2018 - PKS Automation/Registration Module/Workflow/Update Add New Employee/Special Case (PKR BO - RO Approve) FAILED because (of) (Stack trace: com.kms.katalon.core.exception.StepFailedException: Unable to set text 'CAN12201800002275' of object 'Object Repository/Final Object Repo/New Registration - Registration Module Pages/New Reg - OTC to RO/Special Case - All Related Objects/TextBox RefNo in Workbasket' (Root cause: org.openqa.selenium.ElementNotVisibleException: element not interactable
  (Session info: chrome=70.0.3538.110)
  (Driver info: chromedriver=2.43.600210 (68dcf5eebde37173d4027fa8635e332711d2874a),platform=Windows NT 6.1.7601 SP1 x86_64) (WARNING: The server did not provide any stacktrace information)
Command duration or timeout: 0 milliseconds
Build info: version: '3.7.1', revision: '8a0099a', time: '2017-11-06T21:07:36.161Z'
System info: host: 'WIN7TEST02', ip: '10.20.3.72', os.name: 'Windows 7', os.arch: 'amd64', os.version: '6.1', java.version: '1.8.0_181'
Driver info: com.kms.katalon.selenium.driver.CChromeDriver
Capabilities {acceptInsecureCerts: false, acceptSslCerts: false, applicationCacheEnabled: false, browserConnectionEnabled: false, browserName: chrome, chrome: {chromedriverVersion: 2.43.600210 (68dcf5eebde371..., userDataDir: C:\Users\Admin\AppData\Loca...}, cssSelectorsEnabled: true, databaseEnabled: false, goog:chromeOptions: {debuggerAddress: localhost:63536}, handlesAlerts: true, hasTouchScreen: false, javascriptEnabled: true, locationContextEnabled: true, mobileEmulationEnabled: false, nativeEvents: true, networkConnectionEnabled: false, pageLoadStrategy: normal, platform: XP, platformName: XP, rotatable: false, setWindowRect: true, takesHeapSnapshot: true, takesScreenshot: true, unexpectedAlertBehaviour: , unhandledPromptBehavior: , version: 70.0.3538.110, webStorageEnabled: true}
Session ID: e23b8f86cbb04a0916630954a4ff9cad)
	at com.kms.katalon.core.keyword.internal.KeywordMain.stepFailed(KeywordMain.groovy:32)
	at com.kms.katalon.core.webui.keyword.internal.WebUIKeywordMain.stepFailed(WebUIKeywordMain.groovy:65)
	at com.kms.katalon.core.webui.keyword.internal.WebUIKeywordMain.runKeyword(WebUIKeywordMain.groovy:27)
	at com.kms.katalon.core.webui.keyword.builtin.SetTextKeyword.setText(SetTextKeyword.groovy:65)
	at com.kms.katalon.core.webui.keyword.builtin.SetTextKeyword.execute(SetTextKeyword.groovy:37)
	at com.kms.katalon.core.keyword.internal.KeywordExecutor.executeKeywordForPlatform(KeywordExecutor.groovy:53)
	at com.kms.katalon.core.webui.keyword.WebUiBuiltInKeywords.setText(WebUiBuiltInKeywords.groovy:950)
	at com.kms.katalon.core.webui.keyword.WebUiBuiltInKeywords$setText$1.call(Unknown Source)
	at org.codehaus.groovy.runtime.callsite.CallSiteArray.defaultCall(CallSiteArray.java:48)
	at org.codehaus.groovy.runtime.callsite.AbstractCallSite.call(AbstractCallSite.java:113)
	at org.codehaus.groovy.runtime.callsite.AbstractCallSite.call(AbstractCallSite.java:133)
	at Script1536116130372.run(Script1536116130372.groovy:165)
	at com.kms.katalon.core.main.ScriptEngine.run(ScriptEngine.java:183)
	at com.kms.katalon.core.main.ScriptEngine.runScriptAsRawText(ScriptEngine.java:108)
	at com.kms.katalon.core.main.TestCaseExecutor.runScript(TestCaseExecutor.java:294)
	at com.kms.katalon.core.main.TestCaseExecutor.doExecute(TestCaseExecutor.java:285)
	at com.kms.katalon.core.main.TestCaseExecutor.processExecutionPhase(TestCaseExecutor.java:264)
	at com.kms.katalon.core.main.TestCaseExecutor.accessMainPhase(TestCaseExecutor.java:256)
	at com.kms.katalon.core.main.TestCaseExecutor.execute(TestCaseExecutor.java:200)
	at com.kms.katalon.core.main.TestSuiteExecutor.accessTestCaseMainPhase(TestSuiteExecutor.java:129)
	at com.kms.katalon.core.main.TestSuiteExecutor.accessTestSuiteMainPhase(TestSuiteExecutor.java:112)
	at com.kms.katalon.core.main.TestSuiteExecutor.execute(TestSuiteExecutor.java:81)
	at com.kms.katalon.core.main.TestCaseMain.startTestSuite(TestCaseMain.java:142)
	at com.kms.katalon.core.main.TestCaseMain$startTestSuite$0.call(Unknown Source)
	at org.codehaus.groovy.runtime.callsite.CallSiteArray.defaultCall(CallSiteArray.java:48)
	at org.codehaus.groovy.runtime.callsite.AbstractCallSite.call(AbstractCallSite.java:113)
	at org.codehaus.groovy.runtime.callsite.AbstractCallSite.call(AbstractCallSite.java:141)
	at TempTestSuite1544087655094.run(TempTestSuite1544087655094.groovy:36)
	at groovy.lang.GroovyShell.runScriptOrMainOrTestOrRunnable(GroovyShell.java:263)
	at groovy.lang.GroovyShell.run(GroovyShell.java:518)
	at groovy.lang.GroovyShell.run(GroovyShell.java:507)
	at groovy.ui.GroovyMain.processOnce(GroovyMain.java:653)
	at groovy.ui.GroovyMain.run(GroovyMain.java:384)
	at groovy.ui.GroovyMain.process(GroovyMain.java:370)
	at groovy.ui.GroovyMain.processArgs(GroovyMain.java:129)
	at groovy.ui.GroovyMain.main(GroovyMain.java:109)
	at sun.reflect.NativeMethodAccessorImpl.invoke0(Native Method)
	at sun.reflect.NativeMethodAccessorImpl.invoke(NativeMethodAccessorImpl.java:62)
	at sun.reflect.DelegatingMethodAccessorImpl.invoke(DelegatingMethodAccessorImpl.java:43)
	at java.lang.reflect.Method.invoke(Method.java:498)
	at org.codehaus.groovy.tools.GroovyStarter.rootLoader(GroovyStarter.java:109)
	at org.codehaus.groovy.tools.GroovyStarter.main(GroovyStarter.java:131)
)

2018-12-07 01:03:48 - [TEST_STEP][PASSED] - callTestCase: Call Test Case 'Test Cases/Final Aug 2018 - PKS Automation/Registration Module/Workflow/Update Add New Employee/Template/New Company for Update Add New' successfully

2018-12-07 01:03:48 - [TEST_CASE][PASSED] - Test Cases/Final Aug 2018 - PKS Automation/Registration Module/Workflow/Update Add New Employee/Template/New Company for Update Add New: Test Cases/Final Aug 2018 - PKS Automation/Registration Module/Workflow/Update Add New Employee/Template/New Company for Update Add New

2018-12-07 01:03:48 - [TEST_STEP][PASSED] - callTestCase: Call Test Case 'Test Cases/Final Aug 2018 - PKS Automation/Registration Module/New Registration/Form 1/Form 1 - Corporation - BHD' successfully

2018-12-07 01:03:48 - [TEST_CASE][PASSED] - Test Cases/Final Aug 2018 - PKS Automation/Registration Module/New Registration/Form 1/Form 1 - Corporation - BHD: Test Cases/Final Aug 2018 - PKS Automation/Registration Module/New Registration/Form 1/Form 1 - Corporation - BHD

2018-12-07 01:03:48 - [TEST_STEP][PASSED] - openBrowser: Browser is opened with url: ''

2018-12-07 01:03:48 - [MESSAGE][WARNING] - A browser is already opened. Closing browser and opening a new one

2018-12-07 01:03:52 - [MESSAGE][PASSED] - Browser is opened with url: ''

2018-12-07 01:03:52 - [TEST_STEP][PASSED] - navigateToUrl: Navigate to 'https://assist2-uat.perkeso.gov.my/login' successfully

2018-12-07 01:03:53 - [MESSAGE][PASSED] - Navigate to 'https://assist2-uat.perkeso.gov.my/login' successfully

2018-12-07 01:03:53 - [TEST_STEP][PASSED] - setText: Text 'johorotc1@gmail.com' is set on object 'Object Repository/Final Object Repo/Login Page/Internal User/Email Address'

2018-12-07 01:03:54 - [MESSAGE][PASSED] - Text 'johorotc1@gmail.com' is set on object 'Object Repository/Final Object Repo/Login Page/Internal User/Email Address'

2018-12-07 01:03:54 - [TEST_STEP][PASSED] - click: Object: 'Object Repository/Final Object Repo/Login Page/Internal User/Next Button' is clicked on

2018-12-07 01:03:54 - [MESSAGE][PASSED] - Object: 'Object Repository/Final Object Repo/Login Page/Internal User/Next Button' is clicked on

2018-12-07 01:03:54 - [TEST_STEP][PASSED] - delay: Delayed 1 second(s)

2018-12-07 01:03:55 - [MESSAGE][PASSED] - Delayed 1 second(s)

2018-12-07 01:03:55 - [TEST_STEP][PASSED] - setEncryptedText: Text ****** has been set on object 'Object Repository/Final Object Repo/Login Page/Internal User/Password'

2018-12-07 01:03:55 - [MESSAGE][PASSED] - Text ****** has been set on object 'Object Repository/Final Object Repo/Login Page/Internal User/Password'

2018-12-07 01:03:55 - [TEST_STEP][PASSED] - click: Object: 'Object Repository/Final Object Repo/Login Page/Internal User/Login Button' is clicked on

2018-12-07 01:03:55 - [MESSAGE][PASSED] - Object: 'Object Repository/Final Object Repo/Login Page/Internal User/Login Button' is clicked on

2018-12-07 01:03:55 - [TEST_STEP][PASSED] - delay: Delayed 1 second(s)

2018-12-07 01:03:56 - [MESSAGE][PASSED] - Delayed 1 second(s)

2018-12-07 01:03:56 - [TEST_STEP][PASSED] - Statement - Try: Delayed 2 second(s)

2018-12-07 01:03:56 - [TEST_STEP][PASSED] - Statement - Checker = false: null

2018-12-07 01:03:56 - [TEST_STEP][PASSED] - Statement - Checker = com.kms.katalon.core.webui.keyword.WebUiBuiltInKeywords.verifyElementHasAttribute(com.kms.katalon.core.testobject.ObjectRepository.findTestObject(Final Object Repo/Landing Page/BM Detecting), "href", 20, OPTIONAL): Object 'Object Repository/Final Object Repo/Landing Page/BM Detecting' has attribute 'href'

2018-12-07 01:03:57 - [MESSAGE][PASSED] - Object 'Object Repository/Final Object Repo/Landing Page/BM Detecting' has attribute 'href'

2018-12-07 01:03:57 - [TEST_STEP][PASSED] - Statement - out.println(Checker): null

2018-12-07 01:03:57 - [TEST_STEP][PASSED] - Statement - If (Checker == false): null

2018-12-07 01:03:57 - [TEST_STEP][PASSED] - Statement - Else: null

2018-12-07 01:03:57 - [TEST_STEP][PASSED] - delay: Delayed 2 second(s)

2018-12-07 01:03:59 - [MESSAGE][PASSED] - Delayed 2 second(s)

2018-12-07 01:03:59 - [TEST_STEP][PASSED] - navigateToUrl: Navigate to 'https://assist2-uat.perkeso.gov.my/web/registration/registration' successfully

2018-12-07 01:04:00 - [MESSAGE][PASSED] - Navigate to 'https://assist2-uat.perkeso.gov.my/web/registration/registration' successfully

2018-12-07 01:04:00 - [TEST_STEP][PASSED] - click: Object: 'Object Repository/Final Object Repo/New Registration - Registration Module Pages/Form 1/AEC - No' is clicked on

2018-12-07 01:04:01 - [MESSAGE][PASSED] - Object: 'Object Repository/Final Object Repo/New Registration - Registration Module Pages/Form 1/AEC - No' is clicked on

2018-12-07 01:04:01 - [TEST_STEP][PASSED] - click: Object: 'Object Repository/Final Object Repo/New Registration - Registration Module Pages/Form 1/Business Entity' is clicked on

2018-12-07 01:04:01 - [MESSAGE][PASSED] - Object: 'Object Repository/Final Object Repo/New Registration - Registration Module Pages/Form 1/Business Entity' is clicked on

2018-12-07 01:04:01 - [TEST_STEP][PASSED] - click: Object: 'Object Repository/Final Object Repo/New Registration - Registration Module Pages/Form 1/Businees Entity - Corporation' is clicked on

2018-12-07 01:04:01 - [MESSAGE][PASSED] - Object: 'Object Repository/Final Object Repo/New Registration - Registration Module Pages/Form 1/Businees Entity - Corporation' is clicked on

2018-12-07 01:04:01 - [TEST_STEP][PASSED] - delay: Delayed 1 second(s)

2018-12-07 01:04:02 - [MESSAGE][PASSED] - Delayed 1 second(s)

2018-12-07 01:04:02 - [TEST_STEP][PASSED] - click: Object: 'Object Repository/Final Object Repo/New Registration - Registration Module Pages/Form 1/Sub Business Entity' is clicked on

2018-12-07 01:04:02 - [MESSAGE][PASSED] - Object: 'Object Repository/Final Object Repo/New Registration - Registration Module Pages/Form 1/Sub Business Entity' is clicked on

2018-12-07 01:04:02 - [TEST_STEP][PASSED] - click: Object: 'Object Repository/Final Object Repo/New Registration - Registration Module Pages/Form 1/Sub Business Entity - Berhad' is clicked on

2018-12-07 01:04:02 - [MESSAGE][PASSED] - Object: 'Object Repository/Final Object Repo/New Registration - Registration Module Pages/Form 1/Sub Business Entity - Berhad' is clicked on

2018-12-07 01:04:02 - [TEST_STEP][PASSED] - delay: Delayed 1 second(s)

2018-12-07 01:04:03 - [MESSAGE][PASSED] - Delayed 1 second(s)

2018-12-07 01:04:03 - [TEST_STEP][PASSED] - setText: Text '123' is set on object 'Object Repository/Final Object Repo/New Registration - Registration Module Pages/Form 1/Registration Number'

2018-12-07 01:04:04 - [MESSAGE][PASSED] - Text '123' is set on object 'Object Repository/Final Object Repo/New Registration - Registration Module Pages/Form 1/Registration Number'

2018-12-07 01:04:04 - [TEST_STEP][PASSED] - click: Object: 'Object Repository/Final Object Repo/New Registration - Registration Module Pages/Form 1/Registred with SSM - Before Feb' is clicked on

2018-12-07 01:04:04 - [MESSAGE][PASSED] - Object: 'Object Repository/Final Object Repo/New Registration - Registration Module Pages/Form 1/Registred with SSM - Before Feb' is clicked on

2018-12-07 01:04:04 - [TEST_STEP][PASSED] - click: Object: 'Object Repository/Final Object Repo/New Registration - Registration Module Pages/Form 1/Registered As a Branch - Yes' is clicked on

2018-12-07 01:04:04 - [MESSAGE][PASSED] - Object: 'Object Repository/Final Object Repo/New Registration - Registration Module Pages/Form 1/Registered As a Branch - Yes' is clicked on

2018-12-07 01:04:04 - [TEST_STEP][PASSED] - click: Object: 'Object Repository/Final Object Repo/New Registration - Registration Module Pages/Form 1/Acknowledgement' is clicked on

2018-12-07 01:04:04 - [MESSAGE][PASSED] - Object: 'Object Repository/Final Object Repo/New Registration - Registration Module Pages/Form 1/Acknowledgement' is clicked on

2018-12-07 01:04:04 - [TEST_STEP][PASSED] - setText: Text 'perkeso' is set on object 'Object Repository/Final Object Repo/New Registration - Registration Module Pages/Form 1/Industry name'

2018-12-07 01:04:04 - [MESSAGE][PASSED] - Text 'perkeso' is set on object 'Object Repository/Final Object Repo/New Registration - Registration Module Pages/Form 1/Industry name'

2018-12-07 01:04:04 - [TEST_STEP][PASSED] - setText: Text 'perkeso1' is set on object 'Object Repository/Final Object Repo/New Registration - Registration Module Pages/Form 1/Postal Address1'

2018-12-07 01:04:05 - [MESSAGE][PASSED] - Text 'perkeso1' is set on object 'Object Repository/Final Object Repo/New Registration - Registration Module Pages/Form 1/Postal Address1'

2018-12-07 01:04:05 - [TEST_STEP][PASSED] - setText: Text 'perkeso2' is set on object 'Object Repository/Final Object Repo/New Registration - Registration Module Pages/Form 1/Postal Address2'

2018-12-07 01:04:05 - [MESSAGE][PASSED] - Text 'perkeso2' is set on object 'Object Repository/Final Object Repo/New Registration - Registration Module Pages/Form 1/Postal Address2'

2018-12-07 01:04:05 - [TEST_STEP][PASSED] - setText: Text 'perkeso3' is set on object 'Object Repository/Final Object Repo/New Registration - Registration Module Pages/Form 1/Postal Address3'

2018-12-07 01:04:05 - [MESSAGE][PASSED] - Text 'perkeso3' is set on object 'Object Repository/Final Object Repo/New Registration - Registration Module Pages/Form 1/Postal Address3'

2018-12-07 01:04:05 - [TEST_STEP][PASSED] - click: Object: 'Object Repository/Final Object Repo/New Registration - Registration Module Pages/Form 1/State' is clicked on

2018-12-07 01:04:06 - [MESSAGE][PASSED] - Object: 'Object Repository/Final Object Repo/New Registration - Registration Module Pages/Form 1/State' is clicked on

2018-12-07 01:04:06 - [TEST_STEP][PASSED] - click: Object: 'Object Repository/Final Object Repo/New Registration - Registration Module Pages/Form 1/State - Johor' is clicked on

2018-12-07 01:04:06 - [MESSAGE][PASSED] - Object: 'Object Repository/Final Object Repo/New Registration - Registration Module Pages/Form 1/State - Johor' is clicked on

2018-12-07 01:04:06 - [TEST_STEP][PASSED] - delay: Delayed 1 second(s)

2018-12-07 01:04:07 - [MESSAGE][PASSED] - Delayed 1 second(s)

2018-12-07 01:04:07 - [TEST_STEP][PASSED] - click: Object: 'Object Repository/Final Object Repo/New Registration - Registration Module Pages/Form 1/City' is clicked on

2018-12-07 01:04:07 - [MESSAGE][PASSED] - Object: 'Object Repository/Final Object Repo/New Registration - Registration Module Pages/Form 1/City' is clicked on

2018-12-07 01:04:07 - [TEST_STEP][PASSED] - setText: Text 'joh' is set on object 'Object Repository/Final Object Repo/New Registration - Registration Module Pages/Form 1/Postcode - 810'

2018-12-07 01:04:07 - [MESSAGE][PASSED] - Text 'joh' is set on object 'Object Repository/Final Object Repo/New Registration - Registration Module Pages/Form 1/Postcode - 810'

2018-12-07 01:04:07 - [TEST_STEP][PASSED] - delay: Delayed 1 second(s)

2018-12-07 01:04:08 - [MESSAGE][PASSED] - Delayed 1 second(s)

2018-12-07 01:04:08 - [TEST_STEP][PASSED] - click: Object: 'Object Repository/Final Object Repo/New Registration - Registration Module Pages/Form 1/City - Johor Bharu' is clicked on

2018-12-07 01:04:09 - [MESSAGE][PASSED] - Object: 'Object Repository/Final Object Repo/New Registration - Registration Module Pages/Form 1/City - Johor Bharu' is clicked on

2018-12-07 01:04:09 - [TEST_STEP][PASSED] - delay: Delayed 1 second(s)

2018-12-07 01:04:10 - [MESSAGE][PASSED] - Delayed 1 second(s)

2018-12-07 01:04:10 - [TEST_STEP][PASSED] - click: Object: 'Object Repository/Final Object Repo/New Registration - Registration Module Pages/Form 1/Postcode' is clicked on

2018-12-07 01:04:10 - [MESSAGE][PASSED] - Object: 'Object Repository/Final Object Repo/New Registration - Registration Module Pages/Form 1/Postcode' is clicked on

2018-12-07 01:04:10 - [TEST_STEP][PASSED] - delay: Delayed 1 second(s)

2018-12-07 01:04:11 - [MESSAGE][PASSED] - Delayed 1 second(s)

2018-12-07 01:04:11 - [TEST_STEP][PASSED] - setText: Text '810' is set on object 'Object Repository/Final Object Repo/New Registration - Registration Module Pages/Form 1/Postcode - 810'

2018-12-07 01:04:11 - [MESSAGE][PASSED] - Text '810' is set on object 'Object Repository/Final Object Repo/New Registration - Registration Module Pages/Form 1/Postcode - 810'

2018-12-07 01:04:11 - [TEST_STEP][PASSED] - delay: Delayed 3 second(s)

2018-12-07 01:04:14 - [MESSAGE][PASSED] - Delayed 3 second(s)

2018-12-07 01:04:14 - [TEST_STEP][PASSED] - click: Object: 'Object Repository/Final Object Repo/New Registration - Registration Module Pages/Form 1/Postcode - 81000' is clicked on

2018-12-07 01:04:14 - [MESSAGE][PASSED] - Object: 'Object Repository/Final Object Repo/New Registration - Registration Module Pages/Form 1/Postcode - 81000' is clicked on

2018-12-07 01:04:14 - [TEST_STEP][PASSED] - delay: Delayed 1 second(s)

2018-12-07 01:04:15 - [MESSAGE][PASSED] - Delayed 1 second(s)

2018-12-07 01:04:15 - [TEST_STEP][PASSED] - setText: Text '100' is set on object 'Object Repository/Final Object Repo/New Registration - Registration Module Pages/Form 1/P.O.BOX'

2018-12-07 01:04:15 - [MESSAGE][PASSED] - Text '100' is set on object 'Object Repository/Final Object Repo/New Registration - Registration Module Pages/Form 1/P.O.BOX'

2018-12-07 01:04:15 - [TEST_STEP][PASSED] - setText: Text '100' is set on object 'Object Repository/Final Object Repo/New Registration - Registration Module Pages/Form 1/Locked Bag No'

2018-12-07 01:04:16 - [MESSAGE][PASSED] - Text '100' is set on object 'Object Repository/Final Object Repo/New Registration - Registration Module Pages/Form 1/Locked Bag No'

2018-12-07 01:04:16 - [TEST_STEP][PASSED] - click: Object: 'Object Repository/Final Object Repo/New Registration - Registration Module Pages/Form 1/SOCSO Office Location' is clicked on

2018-12-07 01:04:16 - [MESSAGE][PASSED] - Object: 'Object Repository/Final Object Repo/New Registration - Registration Module Pages/Form 1/SOCSO Office Location' is clicked on

2018-12-07 01:04:16 - [TEST_STEP][PASSED] - click: Object: 'Object Repository/Final Object Repo/New Registration - Registration Module Pages/Form 1/SOCSO Office Location - Pejabat PERKESO Negeri Johor' is clicked on

2018-12-07 01:04:16 - [MESSAGE][PASSED] - Object: 'Object Repository/Final Object Repo/New Registration - Registration Module Pages/Form 1/SOCSO Office Location - Pejabat PERKESO Negeri Johor' is clicked on

2018-12-07 01:04:16 - [TEST_STEP][PASSED] - delay: Delayed 1 second(s)

2018-12-07 01:04:17 - [MESSAGE][PASSED] - Delayed 1 second(s)

2018-12-07 01:04:17 - [TEST_STEP][PASSED] - check: Object 'Object Repository/Final Object Repo/New Registration - Registration Module Pages/Form 1/Indusrty Address Same As Postal Address' is checked

2018-12-07 01:04:17 - [MESSAGE][PASSED] - Object 'Object Repository/Final Object Repo/New Registration - Registration Module Pages/Form 1/Indusrty Address Same As Postal Address' is checked

2018-12-07 01:04:17 - [TEST_STEP][PASSED] - delay: Delayed 3 second(s)

2018-12-07 01:04:20 - [MESSAGE][PASSED] - Delayed 3 second(s)

2018-12-07 01:04:20 - [TEST_STEP][PASSED] - click: Object: 'Object Repository/Final Object Repo/New Registration - Registration Module Pages/Form 1/Indusry Address Same As Postal Address False' is clicked on

2018-12-07 01:04:20 - [MESSAGE][PASSED] - Object: 'Object Repository/Final Object Repo/New Registration - Registration Module Pages/Form 1/Indusry Address Same As Postal Address False' is clicked on

2018-12-07 01:04:20 - [TEST_STEP][PASSED] - delay: Delayed 1 second(s)

2018-12-07 01:04:21 - [MESSAGE][PASSED] - Delayed 1 second(s)

2018-12-07 01:04:21 - [TEST_STEP][PASSED] - setText: Text 'perkeso1' is set on object 'Object Repository/Final Object Repo/New Registration - Registration Module Pages/Form 1/Industry Address1'

2018-12-07 01:04:22 - [MESSAGE][PASSED] - Text 'perkeso1' is set on object 'Object Repository/Final Object Repo/New Registration - Registration Module Pages/Form 1/Industry Address1'

2018-12-07 01:04:22 - [TEST_STEP][PASSED] - setText: Text 'perkeso2' is set on object 'Object Repository/Final Object Repo/New Registration - Registration Module Pages/Form 1/Industry Address2'

2018-12-07 01:04:22 - [MESSAGE][PASSED] - Text 'perkeso2' is set on object 'Object Repository/Final Object Repo/New Registration - Registration Module Pages/Form 1/Industry Address2'

2018-12-07 01:04:22 - [TEST_STEP][PASSED] - setText: Text 'perkeso3' is set on object 'Object Repository/Final Object Repo/New Registration - Registration Module Pages/Form 1/Industry Address3'

2018-12-07 01:04:22 - [MESSAGE][PASSED] - Text 'perkeso3' is set on object 'Object Repository/Final Object Repo/New Registration - Registration Module Pages/Form 1/Industry Address3'

2018-12-07 01:04:22 - [TEST_STEP][PASSED] - click: Object: 'Object Repository/Final Object Repo/New Registration - Registration Module Pages/Form 1/Industry State' is clicked on

2018-12-07 01:04:23 - [MESSAGE][PASSED] - Object: 'Object Repository/Final Object Repo/New Registration - Registration Module Pages/Form 1/Industry State' is clicked on

2018-12-07 01:04:23 - [TEST_STEP][PASSED] - delay: Delayed 2 second(s)

2018-12-07 01:04:25 - [MESSAGE][PASSED] - Delayed 2 second(s)

2018-12-07 01:04:25 - [TEST_STEP][PASSED] - click: Object: 'Object Repository/Final Object Repo/New Registration - Registration Module Pages/Form 1/Industry State - Johor' is clicked on

2018-12-07 01:04:25 - [MESSAGE][PASSED] - Object: 'Object Repository/Final Object Repo/New Registration - Registration Module Pages/Form 1/Industry State - Johor' is clicked on

2018-12-07 01:04:25 - [TEST_STEP][PASSED] - delay: Delayed 2 second(s)

2018-12-07 01:04:27 - [MESSAGE][PASSED] - Delayed 2 second(s)

2018-12-07 01:04:27 - [TEST_STEP][PASSED] - click: Object: 'Object Repository/Final Object Repo/New Registration - Registration Module Pages/Form 1/Industry Ciry' is clicked on

2018-12-07 01:04:27 - [MESSAGE][PASSED] - Object: 'Object Repository/Final Object Repo/New Registration - Registration Module Pages/Form 1/Industry Ciry' is clicked on

2018-12-07 01:04:27 - [TEST_STEP][PASSED] - setText: Text 'joh' is set on object 'Object Repository/Final Object Repo/New Registration - Registration Module Pages/Form 1/Industry Ciry - joh'

2018-12-07 01:04:27 - [MESSAGE][PASSED] - Text 'joh' is set on object 'Object Repository/Final Object Repo/New Registration - Registration Module Pages/Form 1/Industry Ciry - joh'

2018-12-07 01:04:27 - [TEST_STEP][PASSED] - delay: Delayed 2 second(s)

2018-12-07 01:04:29 - [MESSAGE][PASSED] - Delayed 2 second(s)

2018-12-07 01:04:29 - [TEST_STEP][PASSED] - click: Object: 'Object Repository/Final Object Repo/New Registration - Registration Module Pages/Form 1/Industy State - Johor Bharu' is clicked on

2018-12-07 01:04:29 - [MESSAGE][PASSED] - Object: 'Object Repository/Final Object Repo/New Registration - Registration Module Pages/Form 1/Industy State - Johor Bharu' is clicked on

2018-12-07 01:04:29 - [TEST_STEP][PASSED] - delay: Delayed 1 second(s)

2018-12-07 01:04:30 - [MESSAGE][PASSED] - Delayed 1 second(s)

2018-12-07 01:04:30 - [TEST_STEP][PASSED] - click: Object: 'Object Repository/Final Object Repo/New Registration - Registration Module Pages/Form 1/Indusry PostCode' is clicked on

2018-12-07 01:04:31 - [MESSAGE][PASSED] - Object: 'Object Repository/Final Object Repo/New Registration - Registration Module Pages/Form 1/Indusry PostCode' is clicked on

2018-12-07 01:04:31 - [TEST_STEP][PASSED] - delay: Delayed 1 second(s)

2018-12-07 01:04:32 - [MESSAGE][PASSED] - Delayed 1 second(s)

2018-12-07 01:04:32 - [TEST_STEP][PASSED] - setText: Text '810' is set on object 'Object Repository/Final Object Repo/New Registration - Registration Module Pages/Form 1/Insutry Post Code - 810'

2018-12-07 01:04:32 - [MESSAGE][PASSED] - Text '810' is set on object 'Object Repository/Final Object Repo/New Registration - Registration Module Pages/Form 1/Insutry Post Code - 810'

2018-12-07 01:04:32 - [TEST_STEP][PASSED] - delay: Delayed 1 second(s)

2018-12-07 01:04:33 - [MESSAGE][PASSED] - Delayed 1 second(s)

2018-12-07 01:04:33 - [TEST_STEP][PASSED] - click: Object: 'Object Repository/Final Object Repo/New Registration - Registration Module Pages/Form 1/Insutry Post Code - 81000' is clicked on

2018-12-07 01:04:33 - [MESSAGE][PASSED] - Object: 'Object Repository/Final Object Repo/New Registration - Registration Module Pages/Form 1/Insutry Post Code - 81000' is clicked on

2018-12-07 01:04:33 - [TEST_STEP][PASSED] - delay: Delayed 1 second(s)

2018-12-07 01:04:34 - [MESSAGE][PASSED] - Delayed 1 second(s)

2018-12-07 01:04:34 - [TEST_STEP][PASSED] - setText: Text '100' is set on object 'Object Repository/Final Object Repo/New Registration - Registration Module Pages/Form 1/Industry P.O.BOX'

2018-12-07 01:04:34 - [MESSAGE][PASSED] - Text '100' is set on object 'Object Repository/Final Object Repo/New Registration - Registration Module Pages/Form 1/Industry P.O.BOX'

2018-12-07 01:04:34 - [TEST_STEP][PASSED] - setText: Text '100' is set on object 'Object Repository/Final Object Repo/New Registration - Registration Module Pages/Form 1/Industry Locked Bag No'

2018-12-07 01:04:35 - [MESSAGE][PASSED] - Text '100' is set on object 'Object Repository/Final Object Repo/New Registration - Registration Module Pages/Form 1/Industry Locked Bag No'

2018-12-07 01:04:35 - [TEST_STEP][PASSED] - setText: Text '123456789' is set on object 'Object Repository/Final Object Repo/New Registration - Registration Module Pages/Form 1/Telephone No'

2018-12-07 01:04:35 - [MESSAGE][PASSED] - Text '123456789' is set on object 'Object Repository/Final Object Repo/New Registration - Registration Module Pages/Form 1/Telephone No'

2018-12-07 01:04:35 - [TEST_STEP][PASSED] - setText: Text '123456789' is set on object 'Object Repository/Final Object Repo/New Registration - Registration Module Pages/Form 1/Mobile No'

2018-12-07 01:04:35 - [MESSAGE][PASSED] - Text '123456789' is set on object 'Object Repository/Final Object Repo/New Registration - Registration Module Pages/Form 1/Mobile No'

2018-12-07 01:04:35 - [TEST_STEP][PASSED] - setText: Text '123456789' is set on object 'Object Repository/Final Object Repo/New Registration - Registration Module Pages/Form 1/Fax No'

2018-12-07 01:04:36 - [MESSAGE][PASSED] - Text '123456789' is set on object 'Object Repository/Final Object Repo/New Registration - Registration Module Pages/Form 1/Fax No'

2018-12-07 01:04:36 - [TEST_STEP][PASSED] - click: Object: 'Object Repository/Final Object Repo/New Registration - Registration Module Pages/Form 1/Industry Code' is clicked on

2018-12-07 01:04:36 - [MESSAGE][PASSED] - Object: 'Object Repository/Final Object Repo/New Registration - Registration Module Pages/Form 1/Industry Code' is clicked on

2018-12-07 01:04:36 - [TEST_STEP][PASSED] - click: Object: 'Object Repository/Final Object Repo/New Registration - Registration Module Pages/Form 1/Indudustry Code - Crops and Animal' is clicked on

2018-12-07 01:04:36 - [MESSAGE][PASSED] - Object: 'Object Repository/Final Object Repo/New Registration - Registration Module Pages/Form 1/Indudustry Code - Crops and Animal' is clicked on

2018-12-07 01:04:36 - [TEST_STEP][PASSED] - delay: Delayed 1 second(s)

2018-12-07 01:04:37 - [MESSAGE][PASSED] - Delayed 1 second(s)

2018-12-07 01:04:37 - [TEST_STEP][PASSED] - click: Object: 'Object Repository/Final Object Repo/New Registration - Registration Module Pages/Form 1/Sub Industry Code List' is clicked on

2018-12-07 01:04:37 - [MESSAGE][PASSED] - Object: 'Object Repository/Final Object Repo/New Registration - Registration Module Pages/Form 1/Sub Industry Code List' is clicked on

2018-12-07 01:04:37 - [TEST_STEP][PASSED] - click: Object: 'Object Repository/Final Object Repo/New Registration - Registration Module Pages/Form 1/Sub Industry Code List - Growing of Maize' is clicked on

2018-12-07 01:04:38 - [MESSAGE][PASSED] - Object: 'Object Repository/Final Object Repo/New Registration - Registration Module Pages/Form 1/Sub Industry Code List - Growing of Maize' is clicked on

2018-12-07 01:04:38 - [TEST_STEP][PASSED] - setText: Text 'perkeso123@gmail.com' is set on object 'Object Repository/Final Object Repo/New Registration - Registration Module Pages/Form 1/Email'

2018-12-07 01:04:38 - [MESSAGE][PASSED] - Text 'perkeso123@gmail.com' is set on object 'Object Repository/Final Object Repo/New Registration - Registration Module Pages/Form 1/Email'

2018-12-07 01:04:38 - [TEST_STEP][PASSED] - click: Object: 'Object Repository/Final Object Repo/New Registration - Registration Module Pages/Form 1/Method of Contribution Payment' is clicked on

2018-12-07 01:04:38 - [MESSAGE][PASSED] - Object: 'Object Repository/Final Object Repo/New Registration - Registration Module Pages/Form 1/Method of Contribution Payment' is clicked on

2018-12-07 01:04:38 - [TEST_STEP][PASSED] - click: Object: 'Object Repository/Final Object Repo/New Registration - Registration Module Pages/Form 1/Method of Contribution Payment - Portal' is clicked on

2018-12-07 01:04:39 - [MESSAGE][PASSED] - Object: 'Object Repository/Final Object Repo/New Registration - Registration Module Pages/Form 1/Method of Contribution Payment - Portal' is clicked on

2018-12-07 01:04:39 - [TEST_STEP][PASSED] - click: Object: 'Object Repository/Final Object Repo/New Registration - Registration Module Pages/Form 1/Servide Type' is clicked on

2018-12-07 01:04:39 - [MESSAGE][PASSED] - Object: 'Object Repository/Final Object Repo/New Registration - Registration Module Pages/Form 1/Servide Type' is clicked on

2018-12-07 01:04:39 - [TEST_STEP][PASSED] - click: Object: 'Object Repository/Final Object Repo/New Registration - Registration Module Pages/Form 1/Servide Type - Professional Bodies' is clicked on

2018-12-07 01:04:39 - [MESSAGE][PASSED] - Object: 'Object Repository/Final Object Repo/New Registration - Registration Module Pages/Form 1/Servide Type - Professional Bodies' is clicked on

2018-12-07 01:04:39 - [TEST_STEP][PASSED] - click: Object: 'Object Repository/Final Object Repo/New Registration - Registration Module Pages/Form 1/Industry Venue' is clicked on

2018-12-07 01:04:39 - [MESSAGE][PASSED] - Object: 'Object Repository/Final Object Repo/New Registration - Registration Module Pages/Form 1/Industry Venue' is clicked on

2018-12-07 01:04:39 - [TEST_STEP][PASSED] - click: Object: 'Object Repository/Final Object Repo/New Registration - Registration Module Pages/Form 1/Industry Venue -  PPN JOHOR' is clicked on

2018-12-07 01:04:39 - [MESSAGE][PASSED] - Object: 'Object Repository/Final Object Repo/New Registration - Registration Module Pages/Form 1/Industry Venue -  PPN JOHOR' is clicked on

2018-12-07 01:04:39 - [TEST_STEP][PASSED] - click: Object: 'Object Repository/Final Object Repo/New Registration - Registration Module Pages/Form 1/Save  Continue' is clicked on

2018-12-07 01:04:40 - [MESSAGE][PASSED] - Object: 'Object Repository/Final Object Repo/New Registration - Registration Module Pages/Form 1/Save  Continue' is clicked on

2018-12-07 01:04:40 - [MESSAGE][PASSED] - Call Test Case 'Test Cases/Final Aug 2018 - PKS Automation/Registration Module/New Registration/Form 1/Form 1 - Corporation - BHD' successfully

2018-12-07 01:04:40 - [TEST_STEP][PASSED] - callTestCase: Call Test Case 'Test Cases/Final Aug 2018 - PKS Automation/Registration Module/New Registration/Form 2/Add 1 Eligible' successfully

2018-12-07 01:04:40 - [TEST_CASE][PASSED] - Test Cases/Final Aug 2018 - PKS Automation/Registration Module/New Registration/Form 2/Add 1 Eligible: Test Cases/Final Aug 2018 - PKS Automation/Registration Module/New Registration/Form 2/Add 1 Eligible

2018-12-07 01:04:40 - [TEST_STEP][PASSED] - delay: Delayed 2 second(s)

2018-12-07 01:04:42 - [MESSAGE][PASSED] - Delayed 2 second(s)

2018-12-07 01:04:42 - [TEST_STEP][PASSED] - callTestCase: Call Test Case 'Test Cases/Final Aug 2018 - PKS Automation/Registration Module/New Registration/Form 2/Date Updater' successfully

2018-12-07 01:04:42 - [TEST_CASE][PASSED] - Test Cases/Final Aug 2018 - PKS Automation/Registration Module/New Registration/Form 2/Date Updater: Test Cases/Final Aug 2018 - PKS Automation/Registration Module/New Registration/Form 2/Date Updater

2018-12-07 01:04:42 - [TEST_STEP][PASSED] - Statement - TodayDate = new java.util.Date(): null

2018-12-07 01:04:42 - [TEST_STEP][PASSED] - Statement - CurrentDateNoFilter = new java.text.SimpleDateFormat(): null

2018-12-07 01:04:42 - [TEST_STEP][PASSED] - Statement - CurrentDateNoFilter.applyPattern("MM"): null

2018-12-07 01:04:42 - [TEST_STEP][PASSED] - Statement - monthContainerMatcher = java.lang.Integer.parseInt(CurrentDateNoFilter.format(TodayDate)): null

2018-12-07 01:04:42 - [TEST_STEP][PASSED] - Statement - monthContainerMatcher = monthContainerMatcher - 1: null

2018-12-07 01:04:42 - [TEST_STEP][PASSED] - Statement - CurrentMonth = monthContainerMatcher.toString(): null

2018-12-07 01:04:42 - [TEST_STEP][PASSED] - Statement - CurrentMonth = CurrentMonth: null

2018-12-07 01:04:42 - [TEST_STEP][PASSED] - Statement - CurrentDateNoFilter.applyPattern("yyyy"): null

2018-12-07 01:04:42 - [TEST_STEP][PASSED] - Statement - CurrentYear = CurrentDateNoFilter.format(TodayDate): null

2018-12-07 01:04:42 - [TEST_STEP][PASSED] - Statement - CurrentYear = CurrentYear: null

2018-12-07 01:04:42 - [TEST_STEP][PASSED] - Statement - intCurrentYear = java.lang.Integer.parseInt(CurrentDateNoFilter.format(TodayDate)): null

2018-12-07 01:04:42 - [TEST_STEP][PASSED] - Statement - eighteenYrsAgo = intCurrentYear - 18: null

2018-12-07 01:04:42 - [TEST_STEP][PASSED] - Statement - eighteenYrsBeforeThisYr = eighteenYrsAgo.toString(): null

2018-12-07 01:04:42 - [TEST_STEP][PASSED] - Statement - EighteenYrsBefore = eighteenYrsBeforeThisYr: null

2018-12-07 01:04:42 - [TEST_STEP][PASSED] - Statement - fiftysevenYrsAgo = intCurrentYear - 57: null

2018-12-07 01:04:42 - [TEST_STEP][PASSED] - Statement - fiftysevenYrsBeforeThisYr = fiftysevenYrsAgo.toString(): null

2018-12-07 01:04:42 - [TEST_STEP][PASSED] - Statement - FiftysevenYrsBefore = fiftysevenYrsBeforeThisYr: null

2018-12-07 01:04:42 - [TEST_STEP][PASSED] - Statement - leapYear = false: null

2018-12-07 01:04:42 - [TEST_STEP][PASSED] - Statement - leapYear = intCurrentYear % 4 == 0: null

2018-12-07 01:04:42 - [TEST_STEP][PASSED] - Statement - CurrentDateNoFilter.applyPattern("dd"): null

2018-12-07 01:04:42 - [TEST_STEP][PASSED] - Statement - CurrentDate = CurrentDateNoFilter.format(TodayDate): null

2018-12-07 01:04:42 - [TEST_STEP][PASSED] - Statement - CurrentDate = java.lang.Integer.parseInt(CurrentDate): null

2018-12-07 01:04:42 - [TEST_STEP][PASSED] - Statement - CurrentDate = CurrentDate: null

2018-12-07 01:04:42 - [TEST_STEP][PASSED] - Statement - CurrentDay = java.lang.Integer.parseInt(CurrentDate): null

2018-12-07 01:04:42 - [TEST_STEP][PASSED] - Statement - ConfAdder = <not implemented yet for class: org.codehaus.groovy.ast.expr.EmptyExpression>: null

2018-12-07 01:04:42 - [TEST_STEP][PASSED] - Statement - out.println(CurrentMonth): null

2018-12-07 01:04:42 - [TEST_STEP][PASSED] - Statement - out.println(CurrentDate): null

2018-12-07 01:04:42 - [TEST_STEP][PASSED] - Statement - switch (CurrentDate): null

2018-12-07 01:04:42 - [TEST_STEP][PASSED] - Statement - Default: null

2018-12-07 01:04:42 - [TEST_STEP][PASSED] - Statement - ConfAdder = true: null

2018-12-07 01:04:42 - [TEST_STEP][PASSED] - Statement - Break: null

2018-12-07 01:04:42 - [TEST_STEP][PASSED] - Statement - aDayBefore = <not implemented yet for class: org.codehaus.groovy.ast.expr.EmptyExpression>: null

2018-12-07 01:04:42 - [TEST_STEP][PASSED] - Statement - out.println(ConfAdder): null

2018-12-07 01:04:42 - [TEST_STEP][PASSED] - Statement - If (ConfAdder == true): null

2018-12-07 01:04:42 - [TEST_STEP][PASSED] - Statement - aDayBefore = CurrentDay + 1: null

2018-12-07 01:04:42 - [TEST_STEP][PASSED] - Statement - out.println(aDayBefore): null

2018-12-07 01:04:42 - [TEST_STEP][PASSED] - Statement - If (aDayBefore == 1 && CurrentMonth == 11): null

2018-12-07 01:04:42 - [TEST_STEP][PASSED] - Statement - DayBefore = aDayBefore.toString(): null

2018-12-07 01:04:42 - [TEST_STEP][PASSED] - Statement - OneDayBefore = DayBefore: null

2018-12-07 01:04:42 - [MESSAGE][PASSED] - Call Test Case 'Test Cases/Final Aug 2018 - PKS Automation/Registration Module/New Registration/Form 2/Date Updater' successfully

2018-12-07 01:04:42 - [TEST_STEP][PASSED] - delay: Delayed 1 second(s)

2018-12-07 01:04:43 - [MESSAGE][PASSED] - Delayed 1 second(s)

2018-12-07 01:04:43 - [TEST_STEP][PASSED] - Statement - CaseReferenceNo = com.kms.katalon.core.webui.keyword.WebUiBuiltInKeywords.getText(com.kms.katalon.core.testobject.ObjectRepository.findTestObject(Final Object Repo/New Registration - Registration Module Pages/Form 2/RefNo Acquiring)): Text of object 'Object Repository/Final Object Repo/New Registration - Registration Module Pages/Form 2/RefNo Acquiring' is: 'CRN12201800123076'

2018-12-07 01:04:43 - [MESSAGE][PASSED] - Text of object 'Object Repository/Final Object Repo/New Registration - Registration Module Pages/Form 2/RefNo Acquiring' is: 'CRN12201800123076'

2018-12-07 01:04:43 - [TEST_STEP][PASSED] - delay: Delayed 1 second(s)

2018-12-07 01:04:44 - [MESSAGE][PASSED] - Delayed 1 second(s)

2018-12-07 01:04:44 - [TEST_STEP][PASSED] - click: Object: 'Object Repository/Final Object Repo/New Registration - Registration Module Pages/Form 2/Add Employee Button' is clicked on

2018-12-07 01:04:44 - [MESSAGE][PASSED] - Object: 'Object Repository/Final Object Repo/New Registration - Registration Module Pages/Form 2/Add Employee Button' is clicked on

2018-12-07 01:04:44 - [TEST_STEP][PASSED] - delay: Delayed 1 second(s)

2018-12-07 01:04:45 - [MESSAGE][PASSED] - Delayed 1 second(s)

2018-12-07 01:04:45 - [TEST_STEP][PASSED] - setText: Text '010903091963' is set on object 'Object Repository/Final Object Repo/New Registration - Registration Module Pages/Form 2/NRIC Input'

2018-12-07 01:04:45 - [MESSAGE][PASSED] - Text '010903091963' is set on object 'Object Repository/Final Object Repo/New Registration - Registration Module Pages/Form 2/NRIC Input'

2018-12-07 01:04:45 - [TEST_STEP][PASSED] - click: Object: 'Object Repository/Final Object Repo/New Registration - Registration Module Pages/Form 2/button for search for IC' is clicked on

2018-12-07 01:04:45 - [MESSAGE][PASSED] - Object: 'Object Repository/Final Object Repo/New Registration - Registration Module Pages/Form 2/button for search for IC' is clicked on

2018-12-07 01:04:45 - [TEST_STEP][PASSED] - delay: Delayed 2 second(s)

2018-12-07 01:04:47 - [MESSAGE][PASSED] - Delayed 2 second(s)

2018-12-07 01:04:47 - [TEST_STEP][PASSED] - setText: Text 'Automate001 eligible 1' is set on object 'Object Repository/Final Object Repo/New Registration - Registration Module Pages/Form 2/Employee Name Input'

2018-12-07 01:04:48 - [MESSAGE][PASSED] - Text 'Automate001 eligible 1' is set on object 'Object Repository/Final Object Repo/New Registration - Registration Module Pages/Form 2/Employee Name Input'

2018-12-07 01:04:48 - [TEST_STEP][PASSED] - delay: Delayed 2 second(s)

2018-12-07 01:04:50 - [MESSAGE][PASSED] - Delayed 2 second(s)

2018-12-07 01:04:50 - [TEST_STEP][PASSED] - click: Object: 'Object Repository/Final Object Repo/New Registration - Registration Module Pages/Form 2/DatePicker Pop Up' is clicked on

2018-12-07 01:04:50 - [MESSAGE][PASSED] - Object: 'Object Repository/Final Object Repo/New Registration - Registration Module Pages/Form 2/DatePicker Pop Up' is clicked on

2018-12-07 01:04:50 - [TEST_STEP][PASSED] - click: Object: 'Object Repository/Final Object Repo/New Registration - Registration Module Pages/Form 2/DOB Month' is clicked on

2018-12-07 01:04:50 - [MESSAGE][PASSED] - Object: 'Object Repository/Final Object Repo/New Registration - Registration Module Pages/Form 2/DOB Month' is clicked on

2018-12-07 01:04:50 - [TEST_STEP][PASSED] - Statement - CurrentMonth = CurrentMonth: null

2018-12-07 01:04:50 - [TEST_STEP][PASSED] - Statement - selectMonth = new com.kms.katalon.core.testobject.TestObject(): null

2018-12-07 01:04:50 - [TEST_STEP][PASSED] - Statement - selectMonth.addProperty("xpath", EQUALS, "//body/div/div/div/select/option[@value='" + CurrentMonth + "']", true): null

2018-12-07 01:04:50 - [TEST_STEP][PASSED] - click: Object: '' is clicked on

2018-12-07 01:04:50 - [MESSAGE][PASSED] - Object: '' is clicked on

2018-12-07 01:04:50 - [TEST_STEP][PASSED] - click: Object: 'Object Repository/Final Object Repo/New Registration - Registration Module Pages/Form 2/DOB Year' is clicked on

2018-12-07 01:04:51 - [MESSAGE][PASSED] - Object: 'Object Repository/Final Object Repo/New Registration - Registration Module Pages/Form 2/DOB Year' is clicked on

2018-12-07 01:04:51 - [TEST_STEP][PASSED] - Statement - Eyearsbf = EighteenYrsBefore: null

2018-12-07 01:04:51 - [TEST_STEP][PASSED] - Statement - selectYear = new com.kms.katalon.core.testobject.TestObject(): null

2018-12-07 01:04:51 - [TEST_STEP][PASSED] - Statement - selectYear.addProperty("xpath", EQUALS, "//div/div/div/select/option[@value='" + Eyearsbf + "']", true): null

2018-12-07 01:04:51 - [TEST_STEP][PASSED] - click: Object: '' is clicked on

2018-12-07 01:04:51 - [MESSAGE][PASSED] - Object: '' is clicked on

2018-12-07 01:04:51 - [TEST_STEP][PASSED] - Statement - UpdatedSelectDate = com.kms.katalon.core.webui.keyword.WebUiBuiltInKeywords.modifyObjectProperty(com.kms.katalon.core.testobject.ObjectRepository.findTestObject(Final Object Repo/New Registration - Registration Module Pages/Form 2/DOB Date), "xpath", "equals", "//body/div/table/tbody/tr/td/a[text()="" + CurrentDate + ""]", true): Modify property of object successfully

2018-12-07 01:04:51 - [MESSAGE][PASSED] - Modify property of object successfully

2018-12-07 01:04:51 - [TEST_STEP][PASSED] - delay: Delayed 3 second(s)

2018-12-07 01:04:54 - [MESSAGE][PASSED] - Delayed 3 second(s)

2018-12-07 01:04:54 - [TEST_STEP][PASSED] - click: Object: 'Object Repository/Final Object Repo/New Registration - Registration Module Pages/Form 2/DOB Date' is clicked on

2018-12-07 01:04:54 - [MESSAGE][PASSED] - Object: 'Object Repository/Final Object Repo/New Registration - Registration Module Pages/Form 2/DOB Date' is clicked on

2018-12-07 01:04:54 - [TEST_STEP][PASSED] - delay: Delayed 2 second(s)

2018-12-07 01:04:56 - [MESSAGE][PASSED] - Delayed 2 second(s)

2018-12-07 01:04:56 - [TEST_STEP][PASSED] - click: Object: 'Object Repository/Final Object Repo/New Registration - Registration Module Pages/Form 2/EmploymentStartDate Pop Up' is clicked on

2018-12-07 01:04:56 - [MESSAGE][PASSED] - Object: 'Object Repository/Final Object Repo/New Registration - Registration Module Pages/Form 2/EmploymentStartDate Pop Up' is clicked on

2018-12-07 01:04:56 - [TEST_STEP][PASSED] - delay: Delayed 2 second(s)

2018-12-07 01:04:58 - [MESSAGE][PASSED] - Delayed 2 second(s)

2018-12-07 01:04:58 - [TEST_STEP][PASSED] - click: Object: 'Object Repository/Final Object Repo/New Registration - Registration Module Pages/Form 2/Socso Employment StartDate Month' is clicked on

2018-12-07 01:04:58 - [MESSAGE][PASSED] - Object: 'Object Repository/Final Object Repo/New Registration - Registration Module Pages/Form 2/Socso Employment StartDate Month' is clicked on

2018-12-07 01:04:58 - [TEST_STEP][PASSED] - delay: Delayed 1 second(s)

2018-12-07 01:04:59 - [MESSAGE][PASSED] - Delayed 1 second(s)

2018-12-07 01:04:59 - [TEST_STEP][PASSED] - click: Object: 'Object Repository/Final Object Repo/New Registration - Registration Module Pages/Form 2/Select Socso Employement Startdate Month' is clicked on

2018-12-07 01:04:59 - [MESSAGE][PASSED] - Object: 'Object Repository/Final Object Repo/New Registration - Registration Module Pages/Form 2/Select Socso Employement Startdate Month' is clicked on

2018-12-07 01:04:59 - [TEST_STEP][PASSED] - delay: Delayed 2 second(s)

2018-12-07 01:05:01 - [MESSAGE][PASSED] - Delayed 2 second(s)

2018-12-07 01:05:01 - [TEST_STEP][PASSED] - click: Object: 'Object Repository/Final Object Repo/New Registration - Registration Module Pages/Form 2/Socso Employment StartDate Year' is clicked on

2018-12-07 01:05:02 - [MESSAGE][PASSED] - Object: 'Object Repository/Final Object Repo/New Registration - Registration Module Pages/Form 2/Socso Employment StartDate Year' is clicked on

2018-12-07 01:05:02 - [TEST_STEP][PASSED] - delay: Delayed 1 second(s)

2018-12-07 01:05:03 - [MESSAGE][PASSED] - Delayed 1 second(s)

2018-12-07 01:05:03 - [TEST_STEP][PASSED] - click: Object: 'Object Repository/Final Object Repo/New Registration - Registration Module Pages/Form 2/Select Socso Employment Startdate Year' is clicked on

2018-12-07 01:05:03 - [MESSAGE][PASSED] - Object: 'Object Repository/Final Object Repo/New Registration - Registration Module Pages/Form 2/Select Socso Employment Startdate Year' is clicked on

2018-12-07 01:05:03 - [TEST_STEP][PASSED] - delay: Delayed 2 second(s)

2018-12-07 01:05:05 - [MESSAGE][PASSED] - Delayed 2 second(s)

2018-12-07 01:05:05 - [TEST_STEP][PASSED] - click: Object: 'Object Repository/Final Object Repo/New Registration - Registration Module Pages/Form 2/Socso Employment Start Date Day' is clicked on

2018-12-07 01:05:05 - [MESSAGE][PASSED] - Object: 'Object Repository/Final Object Repo/New Registration - Registration Module Pages/Form 2/Socso Employment Start Date Day' is clicked on

2018-12-07 01:05:05 - [TEST_STEP][PASSED] - delay: Delayed 2 second(s)

2018-12-07 01:05:07 - [MESSAGE][PASSED] - Delayed 2 second(s)

2018-12-07 01:05:07 - [TEST_STEP][PASSED] - click: Object: 'Object Repository/Final Object Repo/New Registration - Registration Module Pages/Form 2/Save Button for Add Employee' is clicked on

2018-12-07 01:05:07 - [MESSAGE][PASSED] - Object: 'Object Repository/Final Object Repo/New Registration - Registration Module Pages/Form 2/Save Button for Add Employee' is clicked on

2018-12-07 01:05:07 - [TEST_STEP][PASSED] - delay: Delayed 6 second(s)

2018-12-07 01:05:13 - [MESSAGE][PASSED] - Delayed 6 second(s)

2018-12-07 01:05:13 - [TEST_STEP][PASSED] - click: Object: 'Object Repository/Final Object Repo/New Registration - Registration Module Pages/Form 2/Save and Continue Form 2' is clicked on

2018-12-07 01:05:13 - [MESSAGE][PASSED] - Object: 'Object Repository/Final Object Repo/New Registration - Registration Module Pages/Form 2/Save and Continue Form 2' is clicked on

2018-12-07 01:05:13 - [MESSAGE][PASSED] - Call Test Case 'Test Cases/Final Aug 2018 - PKS Automation/Registration Module/New Registration/Form 2/Add 1 Eligible' successfully

2018-12-07 01:05:13 - [TEST_STEP][PASSED] - callTestCase: Call Test Case 'Test Cases/Final Aug 2018 - PKS Automation/Registration Module/New Registration/Flow of New Registration/Third Screen - Upload Supporting Doc - Preview' successfully

2018-12-07 01:05:13 - [TEST_CASE][PASSED] - Test Cases/Final Aug 2018 - PKS Automation/Registration Module/New Registration/Flow of New Registration/Third Screen - Upload Supporting Doc - Preview: Test Cases/Final Aug 2018 - PKS Automation/Registration Module/New Registration/Flow of New Registration/Third Screen - Upload Supporting Doc - Preview

2018-12-07 01:05:13 - [TEST_STEP][PASSED] - waitForPageLoad: Wait for page load successfully

2018-12-07 01:05:14 - [MESSAGE][PASSED] - Wait for page load successfully

2018-12-07 01:05:14 - [TEST_STEP][PASSED] - Statement - CaseReferenceNo = com.kms.katalon.core.webui.keyword.WebUiBuiltInKeywords.getText(com.kms.katalon.core.testobject.ObjectRepository.findTestObject(Final Object Repo/New Registration - Registration Module Pages/Third Screen - Upload Supporting Doc- Preview/RefNo Acquiring)): Text of object 'Object Repository/Final Object Repo/New Registration - Registration Module Pages/Third Screen - Upload Supporting Doc- Preview/RefNo Acquiring' is: 'CRN12201800123076'

2018-12-07 01:05:14 - [MESSAGE][PASSED] - Text of object 'Object Repository/Final Object Repo/New Registration - Registration Module Pages/Third Screen - Upload Supporting Doc- Preview/RefNo Acquiring' is: 'CRN12201800123076'

2018-12-07 01:05:14 - [TEST_STEP][PASSED] - delay: Delayed 2 second(s)

2018-12-07 01:05:16 - [MESSAGE][PASSED] - Delayed 2 second(s)

2018-12-07 01:05:16 - [TEST_STEP][PASSED] - callTestCase: Call Test Case 'Test Cases/Final Aug 2018 - PKS Automation/Common/Reference Number Setter' successfully

2018-12-07 01:05:16 - [TEST_CASE][PASSED] - Test Cases/Final Aug 2018 - PKS Automation/Common/Reference Number Setter: Test Cases/Final Aug 2018 - PKS Automation/Common/Reference Number Setter

2018-12-07 01:05:16 - [TEST_STEP][PASSED] - Statement - RefNoOldFile = new java.io.File(C://Users//Admin//Desktop//PKS//Automation Reference Point//KatalonReference.txt): null

2018-12-07 01:05:16 - [TEST_STEP][PASSED] - Statement - RefNoOldFile.delete(): null

2018-12-07 01:05:16 - [TEST_STEP][PASSED] - delay: Delayed 5 second(s)

2018-12-07 01:05:21 - [MESSAGE][PASSED] - Delayed 5 second(s)

2018-12-07 01:05:21 - [TEST_STEP][PASSED] - Statement - RefNo = new java.io.File(C://Users//Admin//Desktop//PKS//Automation Reference Point//KatalonReference.txt): null

2018-12-07 01:05:21 - [TEST_STEP][PASSED] - Statement - f2 = new java.io.FileWriter(RefNo, false): null

2018-12-07 01:05:21 - [TEST_STEP][PASSED] - Statement - f2.write(CaseReferenceNo): null

2018-12-07 01:05:21 - [TEST_STEP][PASSED] - Statement - f2.close(): null

2018-12-07 01:05:21 - [TEST_STEP][PASSED] - Statement - out.println("


" + CaseReferenceNo + "


"): null

2018-12-07 01:05:21 - [MESSAGE][PASSED] - Call Test Case 'Test Cases/Final Aug 2018 - PKS Automation/Common/Reference Number Setter' successfully

2018-12-07 01:05:21 - [TEST_STEP][PASSED] - waitForElementClickable: Object 'Object Repository/Final Object Repo/New Registration - Registration Module Pages/Third Screen - Upload Supporting Doc- Preview/Save n Continue in SIP Employee Listing Page' is clickable

2018-12-07 01:05:21 - [MESSAGE][PASSED] - Object 'Object Repository/Final Object Repo/New Registration - Registration Module Pages/Third Screen - Upload Supporting Doc- Preview/Save n Continue in SIP Employee Listing Page' is clickable

2018-12-07 01:05:21 - [TEST_STEP][PASSED] - click: Object: 'Object Repository/Final Object Repo/New Registration - Registration Module Pages/Third Screen - Upload Supporting Doc- Preview/Save n Continue in SIP Employee Listing Page' is clicked on

2018-12-07 01:05:26 - [MESSAGE][PASSED] - Object: 'Object Repository/Final Object Repo/New Registration - Registration Module Pages/Third Screen - Upload Supporting Doc- Preview/Save n Continue in SIP Employee Listing Page' is clicked on

2018-12-07 01:05:26 - [TEST_STEP][PASSED] - delay: Delayed 7 second(s)

2018-12-07 01:05:33 - [MESSAGE][PASSED] - Delayed 7 second(s)

2018-12-07 01:05:33 - [TEST_STEP][PASSED] - click: Object: 'Object Repository/Final Object Repo/New Registration - Registration Module Pages/Third Screen - Upload Supporting Doc- Preview/Add Document Button' is clicked on

2018-12-07 01:05:34 - [MESSAGE][PASSED] - Object: 'Object Repository/Final Object Repo/New Registration - Registration Module Pages/Third Screen - Upload Supporting Doc- Preview/Add Document Button' is clicked on

2018-12-07 01:05:34 - [TEST_STEP][PASSED] - delay: Delayed 30 second(s)

2018-12-07 01:06:04 - [MESSAGE][PASSED] - Delayed 30 second(s)

2018-12-07 01:06:04 - [TEST_STEP][PASSED] - click: Object: 'Object Repository/Final Object Repo/New Registration - Registration Module Pages/Third Screen - Upload Supporting Doc- Preview/Supporting Doc Please Select Drop Down' is clicked on

2018-12-07 01:06:04 - [MESSAGE][PASSED] - Object: 'Object Repository/Final Object Repo/New Registration - Registration Module Pages/Third Screen - Upload Supporting Doc- Preview/Supporting Doc Please Select Drop Down' is clicked on

2018-12-07 01:06:04 - [TEST_STEP][PASSED] - delay: Delayed 2 second(s)

2018-12-07 01:06:06 - [MESSAGE][PASSED] - Delayed 2 second(s)

2018-12-07 01:06:06 - [TEST_STEP][PASSED] - click: Object: 'Object Repository/Final Object Repo/New Registration - Registration Module Pages/Third Screen - Upload Supporting Doc- Preview/Select to Upload Form 1' is clicked on

2018-12-07 01:06:06 - [MESSAGE][PASSED] - Object: 'Object Repository/Final Object Repo/New Registration - Registration Module Pages/Third Screen - Upload Supporting Doc- Preview/Select to Upload Form 1' is clicked on

2018-12-07 01:06:06 - [TEST_STEP][PASSED] - delay: Delayed 2 second(s)

2018-12-07 01:06:08 - [MESSAGE][PASSED] - Delayed 2 second(s)

2018-12-07 01:06:08 - [TEST_STEP][PASSED] - uploadFile: File 'C:\Users\Public\Pictures\Sample Pictures\Koala.jpg' sent to object: 'Object Repository/Final Object Repo/New Registration - Registration Module Pages/Third Screen - Upload Supporting Doc- Preview/Upload File Adding'

2018-12-07 01:06:08 - [MESSAGE][PASSED] - File 'C:\Users\Public\Pictures\Sample Pictures\Koala.jpg' sent to object: 'Object Repository/Final Object Repo/New Registration - Registration Module Pages/Third Screen - Upload Supporting Doc- Preview/Upload File Adding'

2018-12-07 01:06:08 - [TEST_STEP][PASSED] - delay: Delayed 5 second(s)

2018-12-07 01:06:13 - [MESSAGE][PASSED] - Delayed 5 second(s)

2018-12-07 01:06:13 - [TEST_STEP][PASSED] - click: Object: 'Object Repository/Final Object Repo/New Registration - Registration Module Pages/Third Screen - Upload Supporting Doc- Preview/Inner Form Add Document Button' is clicked on

2018-12-07 01:06:13 - [MESSAGE][PASSED] - Object: 'Object Repository/Final Object Repo/New Registration - Registration Module Pages/Third Screen - Upload Supporting Doc- Preview/Inner Form Add Document Button' is clicked on

2018-12-07 01:06:13 - [TEST_STEP][PASSED] - delay: Delayed 3 second(s)

2018-12-07 01:06:16 - [MESSAGE][PASSED] - Delayed 3 second(s)

2018-12-07 01:06:16 - [TEST_STEP][PASSED] - click: Object: 'Object Repository/Final Object Repo/New Registration - Registration Module Pages/Third Screen - Upload Supporting Doc- Preview/Add Document Button' is clicked on

2018-12-07 01:06:18 - [MESSAGE][PASSED] - Object: 'Object Repository/Final Object Repo/New Registration - Registration Module Pages/Third Screen - Upload Supporting Doc- Preview/Add Document Button' is clicked on

2018-12-07 01:06:18 - [TEST_STEP][PASSED] - delay: Delayed 30 second(s)

2018-12-07 01:06:48 - [MESSAGE][PASSED] - Delayed 30 second(s)

2018-12-07 01:06:48 - [TEST_STEP][PASSED] - click: Object: 'Object Repository/Final Object Repo/New Registration - Registration Module Pages/Third Screen - Upload Supporting Doc- Preview/Supporting Doc Please Select Drop Down' is clicked on

2018-12-07 01:06:48 - [MESSAGE][PASSED] - Object: 'Object Repository/Final Object Repo/New Registration - Registration Module Pages/Third Screen - Upload Supporting Doc- Preview/Supporting Doc Please Select Drop Down' is clicked on

2018-12-07 01:06:48 - [TEST_STEP][PASSED] - delay: Delayed 2 second(s)

2018-12-07 01:06:50 - [MESSAGE][PASSED] - Delayed 2 second(s)

2018-12-07 01:06:50 - [TEST_STEP][PASSED] - click: Object: 'Object Repository/Final Object Repo/New Registration - Registration Module Pages/Third Screen - Upload Supporting Doc- Preview/Select to Upload Form 2' is clicked on

2018-12-07 01:06:50 - [MESSAGE][PASSED] - Object: 'Object Repository/Final Object Repo/New Registration - Registration Module Pages/Third Screen - Upload Supporting Doc- Preview/Select to Upload Form 2' is clicked on

2018-12-07 01:06:50 - [TEST_STEP][PASSED] - delay: Delayed 2 second(s)

2018-12-07 01:06:52 - [MESSAGE][PASSED] - Delayed 2 second(s)

2018-12-07 01:06:52 - [TEST_STEP][PASSED] - uploadFile: File 'C:\Users\Public\Pictures\Sample Pictures\Koala.jpg' sent to object: 'Object Repository/Final Object Repo/New Registration - Registration Module Pages/Third Screen - Upload Supporting Doc- Preview/Upload File Adding'

2018-12-07 01:06:52 - [MESSAGE][PASSED] - File 'C:\Users\Public\Pictures\Sample Pictures\Koala.jpg' sent to object: 'Object Repository/Final Object Repo/New Registration - Registration Module Pages/Third Screen - Upload Supporting Doc- Preview/Upload File Adding'

2018-12-07 01:06:52 - [TEST_STEP][PASSED] - click: Object: 'Object Repository/Final Object Repo/New Registration - Registration Module Pages/Third Screen - Upload Supporting Doc- Preview/Inner Form Add Document Button' is clicked on

2018-12-07 01:06:52 - [MESSAGE][PASSED] - Object: 'Object Repository/Final Object Repo/New Registration - Registration Module Pages/Third Screen - Upload Supporting Doc- Preview/Inner Form Add Document Button' is clicked on

2018-12-07 01:06:52 - [TEST_STEP][PASSED] - delay: Delayed 5 second(s)

2018-12-07 01:06:57 - [MESSAGE][PASSED] - Delayed 5 second(s)

2018-12-07 01:06:57 - [TEST_STEP][PASSED] - click: Object: 'Object Repository/Final Object Repo/New Registration - Registration Module Pages/Third Screen - Upload Supporting Doc- Preview/Add Document Button' is clicked on

2018-12-07 01:06:57 - [MESSAGE][PASSED] - Object: 'Object Repository/Final Object Repo/New Registration - Registration Module Pages/Third Screen - Upload Supporting Doc- Preview/Add Document Button' is clicked on

2018-12-07 01:06:57 - [TEST_STEP][PASSED] - delay: Delayed 30 second(s)

2018-12-07 01:07:27 - [MESSAGE][PASSED] - Delayed 30 second(s)

2018-12-07 01:07:27 - [TEST_STEP][PASSED] - click: Object: 'Object Repository/Final Object Repo/New Registration - Registration Module Pages/Third Screen - Upload Supporting Doc- Preview/Supporting Doc Please Select Drop Down' is clicked on

2018-12-07 01:07:28 - [MESSAGE][PASSED] - Object: 'Object Repository/Final Object Repo/New Registration - Registration Module Pages/Third Screen - Upload Supporting Doc- Preview/Supporting Doc Please Select Drop Down' is clicked on

2018-12-07 01:07:28 - [TEST_STEP][PASSED] - click: Object: 'Object Repository/Final Object Repo/New Registration - Registration Module Pages/Third Screen - Upload Supporting Doc- Preview/Select to Upload Borang SIP 1' is clicked on

2018-12-07 01:07:28 - [MESSAGE][PASSED] - Object: 'Object Repository/Final Object Repo/New Registration - Registration Module Pages/Third Screen - Upload Supporting Doc- Preview/Select to Upload Borang SIP 1' is clicked on

2018-12-07 01:07:28 - [TEST_STEP][PASSED] - delay: Delayed 2 second(s)

2018-12-07 01:07:30 - [MESSAGE][PASSED] - Delayed 2 second(s)

2018-12-07 01:07:30 - [TEST_STEP][PASSED] - uploadFile: File 'C:\Users\Public\Pictures\Sample Pictures\Koala.jpg' sent to object: 'Object Repository/Final Object Repo/New Registration - Registration Module Pages/Third Screen - Upload Supporting Doc- Preview/Upload File Adding'

2018-12-07 01:07:30 - [MESSAGE][PASSED] - File 'C:\Users\Public\Pictures\Sample Pictures\Koala.jpg' sent to object: 'Object Repository/Final Object Repo/New Registration - Registration Module Pages/Third Screen - Upload Supporting Doc- Preview/Upload File Adding'

2018-12-07 01:07:30 - [TEST_STEP][PASSED] - click: Object: 'Object Repository/Final Object Repo/New Registration - Registration Module Pages/Third Screen - Upload Supporting Doc- Preview/Inner Form Add Document Button' is clicked on

2018-12-07 01:07:30 - [MESSAGE][PASSED] - Object: 'Object Repository/Final Object Repo/New Registration - Registration Module Pages/Third Screen - Upload Supporting Doc- Preview/Inner Form Add Document Button' is clicked on

2018-12-07 01:07:30 - [TEST_STEP][PASSED] - delay: Delayed 5 second(s)

2018-12-07 01:07:35 - [MESSAGE][PASSED] - Delayed 5 second(s)

2018-12-07 01:07:35 - [TEST_STEP][PASSED] - click: Object: 'Object Repository/Final Object Repo/New Registration - Registration Module Pages/Third Screen - Upload Supporting Doc- Preview/Add Document Button' is clicked on

2018-12-07 01:07:35 - [MESSAGE][PASSED] - Object: 'Object Repository/Final Object Repo/New Registration - Registration Module Pages/Third Screen - Upload Supporting Doc- Preview/Add Document Button' is clicked on

2018-12-07 01:07:35 - [TEST_STEP][PASSED] - delay: Delayed 30 second(s)

2018-12-07 01:08:05 - [MESSAGE][PASSED] - Delayed 30 second(s)

2018-12-07 01:08:05 - [TEST_STEP][PASSED] - click: Object: 'Object Repository/Final Object Repo/New Registration - Registration Module Pages/Third Screen - Upload Supporting Doc- Preview/Supporting Doc Please Select Drop Down' is clicked on

2018-12-07 01:08:06 - [MESSAGE][PASSED] - Object: 'Object Repository/Final Object Repo/New Registration - Registration Module Pages/Third Screen - Upload Supporting Doc- Preview/Supporting Doc Please Select Drop Down' is clicked on

2018-12-07 01:08:06 - [TEST_STEP][PASSED] - delay: Delayed 3 second(s)

2018-12-07 01:08:09 - [MESSAGE][PASSED] - Delayed 3 second(s)

2018-12-07 01:08:09 - [TEST_STEP][PASSED] - click: Object: 'Object Repository/Final Object Repo/New Registration - Registration Module Pages/Third Screen - Upload Supporting Doc- Preview/Select to Upload Borang SIP 2' is clicked on

2018-12-07 01:08:09 - [MESSAGE][PASSED] - Object: 'Object Repository/Final Object Repo/New Registration - Registration Module Pages/Third Screen - Upload Supporting Doc- Preview/Select to Upload Borang SIP 2' is clicked on

2018-12-07 01:08:09 - [TEST_STEP][PASSED] - delay: Delayed 2 second(s)

2018-12-07 01:08:11 - [MESSAGE][PASSED] - Delayed 2 second(s)

2018-12-07 01:08:11 - [TEST_STEP][PASSED] - uploadFile: File 'C:\Users\Public\Pictures\Sample Pictures\Koala.jpg' sent to object: 'Object Repository/Final Object Repo/New Registration - Registration Module Pages/Third Screen - Upload Supporting Doc- Preview/Upload File Adding'

2018-12-07 01:08:11 - [MESSAGE][PASSED] - File 'C:\Users\Public\Pictures\Sample Pictures\Koala.jpg' sent to object: 'Object Repository/Final Object Repo/New Registration - Registration Module Pages/Third Screen - Upload Supporting Doc- Preview/Upload File Adding'

2018-12-07 01:08:11 - [TEST_STEP][PASSED] - delay: Delayed 5 second(s)

2018-12-07 01:08:16 - [MESSAGE][PASSED] - Delayed 5 second(s)

2018-12-07 01:08:16 - [TEST_STEP][PASSED] - click: Object: 'Object Repository/Final Object Repo/New Registration - Registration Module Pages/Third Screen - Upload Supporting Doc- Preview/Inner Form Add Document Button' is clicked on

2018-12-07 01:08:16 - [MESSAGE][PASSED] - Object: 'Object Repository/Final Object Repo/New Registration - Registration Module Pages/Third Screen - Upload Supporting Doc- Preview/Inner Form Add Document Button' is clicked on

2018-12-07 01:08:16 - [TEST_STEP][PASSED] - delay: Delayed 3 second(s)

2018-12-07 01:08:19 - [MESSAGE][PASSED] - Delayed 3 second(s)

2018-12-07 01:08:19 - [TEST_STEP][PASSED] - waitForElementClickable: Object 'Object Repository/Final Object Repo/New Registration - Registration Module Pages/Third Screen - Upload Supporting Doc- Preview/Save n Continue in Uploading Supporting Doc Page' is clickable

2018-12-07 01:08:20 - [MESSAGE][PASSED] - Object 'Object Repository/Final Object Repo/New Registration - Registration Module Pages/Third Screen - Upload Supporting Doc- Preview/Save n Continue in Uploading Supporting Doc Page' is clickable

2018-12-07 01:08:20 - [TEST_STEP][PASSED] - click: Object: 'Object Repository/Final Object Repo/New Registration - Registration Module Pages/Third Screen - Upload Supporting Doc- Preview/Save n Continue in Uploading Supporting Doc Page' is clicked on

2018-12-07 01:08:20 - [MESSAGE][PASSED] - Object: 'Object Repository/Final Object Repo/New Registration - Registration Module Pages/Third Screen - Upload Supporting Doc- Preview/Save n Continue in Uploading Supporting Doc Page' is clicked on

2018-12-07 01:08:20 - [MESSAGE][PASSED] - Call Test Case 'Test Cases/Final Aug 2018 - PKS Automation/Registration Module/New Registration/Flow of New Registration/Third Screen - Upload Supporting Doc - Preview' successfully

2018-12-07 01:08:20 - [TEST_STEP][PASSED] - callTestCase: Call Test Case 'Test Cases/Final Aug 2018 - PKS Automation/Registration Module/New Registration/Submit and Screenshot/Submit Registration and Screenshot - Copy' successfully

2018-12-07 01:08:20 - [TEST_CASE][PASSED] - Test Cases/Final Aug 2018 - PKS Automation/Registration Module/New Registration/Submit and Screenshot/Submit Registration and Screenshot - Copy: Test Cases/Final Aug 2018 - PKS Automation/Registration Module/New Registration/Submit and Screenshot/Submit Registration and Screenshot - Copy

2018-12-07 01:08:20 - [TEST_STEP][PASSED] - delay: Delayed 6 second(s)

2018-12-07 01:08:26 - [MESSAGE][PASSED] - Delayed 6 second(s)

2018-12-07 01:08:26 - [TEST_STEP][PASSED] - click: Object: 'Object Repository/Final Object Repo/New Registration - Registration Module Pages/Third Screen - Upload Supporting Doc- Preview/Preview Submit Button' is clicked on

2018-12-07 01:08:26 - [MESSAGE][PASSED] - Object: 'Object Repository/Final Object Repo/New Registration - Registration Module Pages/Third Screen - Upload Supporting Doc- Preview/Preview Submit Button' is clicked on

2018-12-07 01:08:26 - [TEST_STEP][PASSED] - delay: Delayed 2 second(s)

2018-12-07 01:08:28 - [MESSAGE][PASSED] - Delayed 2 second(s)

2018-12-07 01:08:28 - [TEST_STEP][PASSED] - click: Object: 'Object Repository/Final Object Repo/New Registration - Registration Module Pages/Third Screen - Upload Supporting Doc- Preview/Preview Submit - Confirm' is clicked on

2018-12-07 01:08:29 - [MESSAGE][PASSED] - Object: 'Object Repository/Final Object Repo/New Registration - Registration Module Pages/Third Screen - Upload Supporting Doc- Preview/Preview Submit - Confirm' is clicked on

2018-12-07 01:08:29 - [TEST_STEP][PASSED] - delay: Delayed 15 second(s)

2018-12-07 01:08:44 - [MESSAGE][PASSED] - Delayed 15 second(s)

2018-12-07 01:08:44 - [TEST_STEP][PASSED] - Statement - driver = com.kms.katalon.core.webui.driver.DriverFactory.getWebDriver(): null

2018-12-07 01:08:44 - [TEST_STEP][PASSED] - Statement - driver.manage().timeouts().implicitlyWait(10, SECONDS): null

2018-12-07 01:08:44 - [TEST_STEP][PASSED] - Statement - PresavePath = KatalonScreenshots: null

2018-12-07 01:08:44 - [TEST_STEP][PASSED] - Statement - pathPrefix = "C:\Users\Public\Pictures\Sample Pictures\Katalon Screenshots\Automate Ending Screen": null

2018-12-07 01:08:44 - [TEST_STEP][PASSED] - Statement - finalPath = <not implemented yet for class: org.codehaus.groovy.ast.expr.EmptyExpression>: null

2018-12-07 01:08:44 - [TEST_STEP][PASSED] - Statement - scrFile = driver.getScreenshotAs(FILE): null

2018-12-07 01:08:48 - [TEST_STEP][PASSED] - Statement - PreSaveFile = new java.io.File(PresavePath): null

2018-12-07 01:08:48 - [TEST_STEP][PASSED] - Statement - counter = 0: null

2018-12-07 01:08:48 - [TEST_STEP][PASSED] - Statement - If (PreSaveFile.exists()): null

2018-12-07 01:08:48 - [TEST_STEP][PASSED] - Statement - While (PreSaveFile.exists()): null

2018-12-07 01:08:48 - [TEST_STEP][PASSED] - Statement - counter = counter + 1: null

2018-12-07 01:08:48 - [TEST_STEP][PASSED] - Statement - PreSaveFile = new java.io.File(((pathPrefix + java.lang.Integer.toString(counter)) + .png)): null

2018-12-07 01:08:48 - [TEST_STEP][PASSED] - Statement - counter = counter + 1: null

2018-12-07 01:08:48 - [TEST_STEP][PASSED] - Statement - PreSaveFile = new java.io.File(((pathPrefix + java.lang.Integer.toString(counter)) + .png)): null

2018-12-07 01:08:48 - [TEST_STEP][PASSED] - Statement - counter = counter + 1: null

2018-12-07 01:08:48 - [TEST_STEP][PASSED] - Statement - PreSaveFile = new java.io.File(((pathPrefix + java.lang.Integer.toString(counter)) + .png)): null

2018-12-07 01:08:48 - [TEST_STEP][PASSED] - Statement - counter = counter + 1: null

2018-12-07 01:08:48 - [TEST_STEP][PASSED] - Statement - PreSaveFile = new java.io.File(((pathPrefix + java.lang.Integer.toString(counter)) + .png)): null

2018-12-07 01:08:48 - [TEST_STEP][PASSED] - Statement - counter = counter + 1: null

2018-12-07 01:08:48 - [TEST_STEP][PASSED] - Statement - PreSaveFile = new java.io.File(((pathPrefix + java.lang.Integer.toString(counter)) + .png)): null

2018-12-07 01:08:48 - [TEST_STEP][PASSED] - Statement - counter = counter + 1: null

2018-12-07 01:08:48 - [TEST_STEP][PASSED] - Statement - PreSaveFile = new java.io.File(((pathPrefix + java.lang.Integer.toString(counter)) + .png)): null

2018-12-07 01:08:48 - [TEST_STEP][PASSED] - Statement - counter = counter + 1: null

2018-12-07 01:08:48 - [TEST_STEP][PASSED] - Statement - PreSaveFile = new java.io.File(((pathPrefix + java.lang.Integer.toString(counter)) + .png)): null

2018-12-07 01:08:48 - [TEST_STEP][PASSED] - Statement - counter = counter + 1: null

2018-12-07 01:08:48 - [TEST_STEP][PASSED] - Statement - PreSaveFile = new java.io.File(((pathPrefix + java.lang.Integer.toString(counter)) + .png)): null

2018-12-07 01:08:48 - [TEST_STEP][PASSED] - Statement - counter = counter + 1: null

2018-12-07 01:08:48 - [TEST_STEP][PASSED] - Statement - PreSaveFile = new java.io.File(((pathPrefix + java.lang.Integer.toString(counter)) + .png)): null

2018-12-07 01:08:48 - [TEST_STEP][PASSED] - Statement - counter = counter + 1: null

2018-12-07 01:08:48 - [TEST_STEP][PASSED] - Statement - PreSaveFile = new java.io.File(((pathPrefix + java.lang.Integer.toString(counter)) + .png)): null

2018-12-07 01:08:48 - [TEST_STEP][PASSED] - Statement - counter = counter + 1: null

2018-12-07 01:08:48 - [TEST_STEP][PASSED] - Statement - PreSaveFile = new java.io.File(((pathPrefix + java.lang.Integer.toString(counter)) + .png)): null

2018-12-07 01:08:48 - [TEST_STEP][PASSED] - Statement - counter = counter + 1: null

2018-12-07 01:08:48 - [TEST_STEP][PASSED] - Statement - PreSaveFile = new java.io.File(((pathPrefix + java.lang.Integer.toString(counter)) + .png)): null

2018-12-07 01:08:48 - [TEST_STEP][PASSED] - Statement - counter = counter + 1: null

2018-12-07 01:08:48 - [TEST_STEP][PASSED] - Statement - PreSaveFile = new java.io.File(((pathPrefix + java.lang.Integer.toString(counter)) + .png)): null

2018-12-07 01:08:48 - [TEST_STEP][PASSED] - Statement - counter = counter + 1: null

2018-12-07 01:08:48 - [TEST_STEP][PASSED] - Statement - PreSaveFile = new java.io.File(((pathPrefix + java.lang.Integer.toString(counter)) + .png)): null

2018-12-07 01:08:48 - [TEST_STEP][PASSED] - Statement - counter = counter + 1: null

2018-12-07 01:08:48 - [TEST_STEP][PASSED] - Statement - PreSaveFile = new java.io.File(((pathPrefix + java.lang.Integer.toString(counter)) + .png)): null

2018-12-07 01:08:48 - [TEST_STEP][PASSED] - Statement - counter = counter + 1: null

2018-12-07 01:08:48 - [TEST_STEP][PASSED] - Statement - PreSaveFile = new java.io.File(((pathPrefix + java.lang.Integer.toString(counter)) + .png)): null

2018-12-07 01:08:48 - [TEST_STEP][PASSED] - Statement - counter = counter + 1: null

2018-12-07 01:08:48 - [TEST_STEP][PASSED] - Statement - PreSaveFile = new java.io.File(((pathPrefix + java.lang.Integer.toString(counter)) + .png)): null

2018-12-07 01:08:48 - [TEST_STEP][PASSED] - Statement - counter = counter + 1: null

2018-12-07 01:08:48 - [TEST_STEP][PASSED] - Statement - PreSaveFile = new java.io.File(((pathPrefix + java.lang.Integer.toString(counter)) + .png)): null

2018-12-07 01:08:48 - [TEST_STEP][PASSED] - Statement - counter = counter + 1: null

2018-12-07 01:08:48 - [TEST_STEP][PASSED] - Statement - PreSaveFile = new java.io.File(((pathPrefix + java.lang.Integer.toString(counter)) + .png)): null

2018-12-07 01:08:48 - [TEST_STEP][PASSED] - Statement - counter = counter + 1: null

2018-12-07 01:08:48 - [TEST_STEP][PASSED] - Statement - PreSaveFile = new java.io.File(((pathPrefix + java.lang.Integer.toString(counter)) + .png)): null

2018-12-07 01:08:48 - [TEST_STEP][PASSED] - Statement - counter = counter + 1: null

2018-12-07 01:08:48 - [TEST_STEP][PASSED] - Statement - PreSaveFile = new java.io.File(((pathPrefix + java.lang.Integer.toString(counter)) + .png)): null

2018-12-07 01:08:48 - [TEST_STEP][PASSED] - Statement - counter = counter + 1: null

2018-12-07 01:08:48 - [TEST_STEP][PASSED] - Statement - PreSaveFile = new java.io.File(((pathPrefix + java.lang.Integer.toString(counter)) + .png)): null

2018-12-07 01:08:48 - [TEST_STEP][PASSED] - Statement - counter = counter + 1: null

2018-12-07 01:08:48 - [TEST_STEP][PASSED] - Statement - PreSaveFile = new java.io.File(((pathPrefix + java.lang.Integer.toString(counter)) + .png)): null

2018-12-07 01:08:48 - [TEST_STEP][PASSED] - Statement - counter = counter + 1: null

2018-12-07 01:08:48 - [TEST_STEP][PASSED] - Statement - PreSaveFile = new java.io.File(((pathPrefix + java.lang.Integer.toString(counter)) + .png)): null

2018-12-07 01:08:48 - [TEST_STEP][PASSED] - Statement - counter = counter + 1: null

2018-12-07 01:08:48 - [TEST_STEP][PASSED] - Statement - PreSaveFile = new java.io.File(((pathPrefix + java.lang.Integer.toString(counter)) + .png)): null

2018-12-07 01:08:48 - [TEST_STEP][PASSED] - Statement - counter = counter + 1: null

2018-12-07 01:08:48 - [TEST_STEP][PASSED] - Statement - PreSaveFile = new java.io.File(((pathPrefix + java.lang.Integer.toString(counter)) + .png)): null

2018-12-07 01:08:48 - [TEST_STEP][PASSED] - Statement - counter = counter + 1: null

2018-12-07 01:08:48 - [TEST_STEP][PASSED] - Statement - PreSaveFile = new java.io.File(((pathPrefix + java.lang.Integer.toString(counter)) + .png)): null

2018-12-07 01:08:48 - [TEST_STEP][PASSED] - Statement - counter = counter + 1: null

2018-12-07 01:08:48 - [TEST_STEP][PASSED] - Statement - PreSaveFile = new java.io.File(((pathPrefix + java.lang.Integer.toString(counter)) + .png)): null

2018-12-07 01:08:48 - [TEST_STEP][PASSED] - Statement - counter = counter + 1: null

2018-12-07 01:08:48 - [TEST_STEP][PASSED] - Statement - PreSaveFile = new java.io.File(((pathPrefix + java.lang.Integer.toString(counter)) + .png)): null

2018-12-07 01:08:48 - [TEST_STEP][PASSED] - Statement - counter = counter + 1: null

2018-12-07 01:08:48 - [TEST_STEP][PASSED] - Statement - PreSaveFile = new java.io.File(((pathPrefix + java.lang.Integer.toString(counter)) + .png)): null

2018-12-07 01:08:48 - [TEST_STEP][PASSED] - Statement - counter = counter + 1: null

2018-12-07 01:08:48 - [TEST_STEP][PASSED] - Statement - PreSaveFile = new java.io.File(((pathPrefix + java.lang.Integer.toString(counter)) + .png)): null

2018-12-07 01:08:48 - [TEST_STEP][PASSED] - Statement - counter = counter + 1: null

2018-12-07 01:08:48 - [TEST_STEP][PASSED] - Statement - PreSaveFile = new java.io.File(((pathPrefix + java.lang.Integer.toString(counter)) + .png)): null

2018-12-07 01:08:48 - [TEST_STEP][PASSED] - Statement - counter = counter + 1: null

2018-12-07 01:08:48 - [TEST_STEP][PASSED] - Statement - PreSaveFile = new java.io.File(((pathPrefix + java.lang.Integer.toString(counter)) + .png)): null

2018-12-07 01:08:48 - [TEST_STEP][PASSED] - Statement - counter = counter + 1: null

2018-12-07 01:08:48 - [TEST_STEP][PASSED] - Statement - PreSaveFile = new java.io.File(((pathPrefix + java.lang.Integer.toString(counter)) + .png)): null

2018-12-07 01:08:48 - [TEST_STEP][PASSED] - Statement - counter = counter + 1: null

2018-12-07 01:08:48 - [TEST_STEP][PASSED] - Statement - PreSaveFile = new java.io.File(((pathPrefix + java.lang.Integer.toString(counter)) + .png)): null

2018-12-07 01:08:48 - [TEST_STEP][PASSED] - Statement - counter = counter + 1: null

2018-12-07 01:08:48 - [TEST_STEP][PASSED] - Statement - PreSaveFile = new java.io.File(((pathPrefix + java.lang.Integer.toString(counter)) + .png)): null

2018-12-07 01:08:49 - [TEST_STEP][PASSED] - Statement - counter = counter + 1: null

2018-12-07 01:08:49 - [TEST_STEP][PASSED] - Statement - PreSaveFile = new java.io.File(((pathPrefix + java.lang.Integer.toString(counter)) + .png)): null

2018-12-07 01:08:49 - [TEST_STEP][PASSED] - Statement - counter = counter + 1: null

2018-12-07 01:08:49 - [TEST_STEP][PASSED] - Statement - PreSaveFile = new java.io.File(((pathPrefix + java.lang.Integer.toString(counter)) + .png)): null

2018-12-07 01:08:49 - [TEST_STEP][PASSED] - Statement - counter = counter + 1: null

2018-12-07 01:08:49 - [TEST_STEP][PASSED] - Statement - PreSaveFile = new java.io.File(((pathPrefix + java.lang.Integer.toString(counter)) + .png)): null

2018-12-07 01:08:49 - [TEST_STEP][PASSED] - Statement - counter = counter + 1: null

2018-12-07 01:08:49 - [TEST_STEP][PASSED] - Statement - PreSaveFile = new java.io.File(((pathPrefix + java.lang.Integer.toString(counter)) + .png)): null

2018-12-07 01:08:49 - [TEST_STEP][PASSED] - Statement - counter = counter + 1: null

2018-12-07 01:08:49 - [TEST_STEP][PASSED] - Statement - PreSaveFile = new java.io.File(((pathPrefix + java.lang.Integer.toString(counter)) + .png)): null

2018-12-07 01:08:49 - [TEST_STEP][PASSED] - Statement - counter = counter + 1: null

2018-12-07 01:08:49 - [TEST_STEP][PASSED] - Statement - PreSaveFile = new java.io.File(((pathPrefix + java.lang.Integer.toString(counter)) + .png)): null

2018-12-07 01:08:49 - [TEST_STEP][PASSED] - Statement - counter = counter + 1: null

2018-12-07 01:08:49 - [TEST_STEP][PASSED] - Statement - PreSaveFile = new java.io.File(((pathPrefix + java.lang.Integer.toString(counter)) + .png)): null

2018-12-07 01:08:49 - [TEST_STEP][PASSED] - Statement - counter = counter + 1: null

2018-12-07 01:08:49 - [TEST_STEP][PASSED] - Statement - PreSaveFile = new java.io.File(((pathPrefix + java.lang.Integer.toString(counter)) + .png)): null

2018-12-07 01:08:49 - [TEST_STEP][PASSED] - Statement - counter = counter + 1: null

2018-12-07 01:08:49 - [TEST_STEP][PASSED] - Statement - PreSaveFile = new java.io.File(((pathPrefix + java.lang.Integer.toString(counter)) + .png)): null

2018-12-07 01:08:49 - [TEST_STEP][PASSED] - Statement - counter = counter + 1: null

2018-12-07 01:08:49 - [TEST_STEP][PASSED] - Statement - PreSaveFile = new java.io.File(((pathPrefix + java.lang.Integer.toString(counter)) + .png)): null

2018-12-07 01:08:49 - [TEST_STEP][PASSED] - Statement - counter = counter + 1: null

2018-12-07 01:08:49 - [TEST_STEP][PASSED] - Statement - PreSaveFile = new java.io.File(((pathPrefix + java.lang.Integer.toString(counter)) + .png)): null

2018-12-07 01:08:49 - [TEST_STEP][PASSED] - Statement - counter = counter + 1: null

2018-12-07 01:08:49 - [TEST_STEP][PASSED] - Statement - PreSaveFile = new java.io.File(((pathPrefix + java.lang.Integer.toString(counter)) + .png)): null

2018-12-07 01:08:49 - [TEST_STEP][PASSED] - Statement - counter = counter + 1: null

2018-12-07 01:08:49 - [TEST_STEP][PASSED] - Statement - PreSaveFile = new java.io.File(((pathPrefix + java.lang.Integer.toString(counter)) + .png)): null

2018-12-07 01:08:49 - [TEST_STEP][PASSED] - Statement - counter = counter + 1: null

2018-12-07 01:08:49 - [TEST_STEP][PASSED] - Statement - PreSaveFile = new java.io.File(((pathPrefix + java.lang.Integer.toString(counter)) + .png)): null

2018-12-07 01:08:49 - [TEST_STEP][PASSED] - Statement - counter = counter + 1: null

2018-12-07 01:08:49 - [TEST_STEP][PASSED] - Statement - PreSaveFile = new java.io.File(((pathPrefix + java.lang.Integer.toString(counter)) + .png)): null

2018-12-07 01:08:49 - [TEST_STEP][PASSED] - Statement - counter = counter + 1: null

2018-12-07 01:08:49 - [TEST_STEP][PASSED] - Statement - PreSaveFile = new java.io.File(((pathPrefix + java.lang.Integer.toString(counter)) + .png)): null

2018-12-07 01:08:49 - [TEST_STEP][PASSED] - Statement - counter = counter + 1: null

2018-12-07 01:08:49 - [TEST_STEP][PASSED] - Statement - PreSaveFile = new java.io.File(((pathPrefix + java.lang.Integer.toString(counter)) + .png)): null

2018-12-07 01:08:49 - [TEST_STEP][PASSED] - Statement - counter = counter + 1: null

2018-12-07 01:08:49 - [TEST_STEP][PASSED] - Statement - PreSaveFile = new java.io.File(((pathPrefix + java.lang.Integer.toString(counter)) + .png)): null

2018-12-07 01:08:49 - [TEST_STEP][PASSED] - Statement - counter = counter + 1: null

2018-12-07 01:08:49 - [TEST_STEP][PASSED] - Statement - PreSaveFile = new java.io.File(((pathPrefix + java.lang.Integer.toString(counter)) + .png)): null

2018-12-07 01:08:49 - [TEST_STEP][PASSED] - Statement - counter = counter + 1: null

2018-12-07 01:08:49 - [TEST_STEP][PASSED] - Statement - PreSaveFile = new java.io.File(((pathPrefix + java.lang.Integer.toString(counter)) + .png)): null

2018-12-07 01:08:49 - [TEST_STEP][PASSED] - Statement - counter = counter + 1: null

2018-12-07 01:08:49 - [TEST_STEP][PASSED] - Statement - PreSaveFile = new java.io.File(((pathPrefix + java.lang.Integer.toString(counter)) + .png)): null

2018-12-07 01:08:49 - [TEST_STEP][PASSED] - Statement - counter = counter + 1: null

2018-12-07 01:08:49 - [TEST_STEP][PASSED] - Statement - PreSaveFile = new java.io.File(((pathPrefix + java.lang.Integer.toString(counter)) + .png)): null

2018-12-07 01:08:49 - [TEST_STEP][PASSED] - Statement - counter = counter + 1: null

2018-12-07 01:08:49 - [TEST_STEP][PASSED] - Statement - PreSaveFile = new java.io.File(((pathPrefix + java.lang.Integer.toString(counter)) + .png)): null

2018-12-07 01:08:49 - [TEST_STEP][PASSED] - Statement - counter = counter + 1: null

2018-12-07 01:08:49 - [TEST_STEP][PASSED] - Statement - PreSaveFile = new java.io.File(((pathPrefix + java.lang.Integer.toString(counter)) + .png)): null

2018-12-07 01:08:49 - [TEST_STEP][PASSED] - Statement - counter = counter + 1: null

2018-12-07 01:08:49 - [TEST_STEP][PASSED] - Statement - PreSaveFile = new java.io.File(((pathPrefix + java.lang.Integer.toString(counter)) + .png)): null

2018-12-07 01:08:49 - [TEST_STEP][PASSED] - Statement - counter = counter + 1: null

2018-12-07 01:08:49 - [TEST_STEP][PASSED] - Statement - PreSaveFile = new java.io.File(((pathPrefix + java.lang.Integer.toString(counter)) + .png)): null

2018-12-07 01:08:49 - [TEST_STEP][PASSED] - Statement - counter = counter + 1: null

2018-12-07 01:08:49 - [TEST_STEP][PASSED] - Statement - PreSaveFile = new java.io.File(((pathPrefix + java.lang.Integer.toString(counter)) + .png)): null

2018-12-07 01:08:49 - [TEST_STEP][PASSED] - Statement - counter = counter + 1: null

2018-12-07 01:08:49 - [TEST_STEP][PASSED] - Statement - PreSaveFile = new java.io.File(((pathPrefix + java.lang.Integer.toString(counter)) + .png)): null

2018-12-07 01:08:49 - [TEST_STEP][PASSED] - Statement - counter = counter + 1: null

2018-12-07 01:08:49 - [TEST_STEP][PASSED] - Statement - PreSaveFile = new java.io.File(((pathPrefix + java.lang.Integer.toString(counter)) + .png)): null

2018-12-07 01:08:49 - [TEST_STEP][PASSED] - Statement - counter = counter + 1: null

2018-12-07 01:08:49 - [TEST_STEP][PASSED] - Statement - PreSaveFile = new java.io.File(((pathPrefix + java.lang.Integer.toString(counter)) + .png)): null

2018-12-07 01:08:49 - [TEST_STEP][PASSED] - Statement - counter = counter + 1: null

2018-12-07 01:08:49 - [TEST_STEP][PASSED] - Statement - PreSaveFile = new java.io.File(((pathPrefix + java.lang.Integer.toString(counter)) + .png)): null

2018-12-07 01:08:49 - [TEST_STEP][PASSED] - Statement - counter = counter + 1: null

2018-12-07 01:08:49 - [TEST_STEP][PASSED] - Statement - PreSaveFile = new java.io.File(((pathPrefix + java.lang.Integer.toString(counter)) + .png)): null

2018-12-07 01:08:49 - [TEST_STEP][PASSED] - Statement - counter = counter + 1: null

2018-12-07 01:08:49 - [TEST_STEP][PASSED] - Statement - PreSaveFile = new java.io.File(((pathPrefix + java.lang.Integer.toString(counter)) + .png)): null

2018-12-07 01:08:49 - [TEST_STEP][PASSED] - Statement - counter = counter + 1: null

2018-12-07 01:08:49 - [TEST_STEP][PASSED] - Statement - PreSaveFile = new java.io.File(((pathPrefix + java.lang.Integer.toString(counter)) + .png)): null

2018-12-07 01:08:49 - [TEST_STEP][PASSED] - Statement - counter = counter + 1: null

2018-12-07 01:08:49 - [TEST_STEP][PASSED] - Statement - PreSaveFile = new java.io.File(((pathPrefix + java.lang.Integer.toString(counter)) + .png)): null

2018-12-07 01:08:49 - [TEST_STEP][PASSED] - Statement - counter = counter + 1: null

2018-12-07 01:08:49 - [TEST_STEP][PASSED] - Statement - PreSaveFile = new java.io.File(((pathPrefix + java.lang.Integer.toString(counter)) + .png)): null

2018-12-07 01:08:49 - [TEST_STEP][PASSED] - Statement - counter = counter + 1: null

2018-12-07 01:08:49 - [TEST_STEP][PASSED] - Statement - PreSaveFile = new java.io.File(((pathPrefix + java.lang.Integer.toString(counter)) + .png)): null

2018-12-07 01:08:49 - [TEST_STEP][PASSED] - Statement - counter = counter + 1: null

2018-12-07 01:08:49 - [TEST_STEP][PASSED] - Statement - PreSaveFile = new java.io.File(((pathPrefix + java.lang.Integer.toString(counter)) + .png)): null

2018-12-07 01:08:49 - [TEST_STEP][PASSED] - Statement - counter = counter + 1: null

2018-12-07 01:08:49 - [TEST_STEP][PASSED] - Statement - PreSaveFile = new java.io.File(((pathPrefix + java.lang.Integer.toString(counter)) + .png)): null

2018-12-07 01:08:49 - [TEST_STEP][PASSED] - Statement - counter = counter + 1: null

2018-12-07 01:08:49 - [TEST_STEP][PASSED] - Statement - PreSaveFile = new java.io.File(((pathPrefix + java.lang.Integer.toString(counter)) + .png)): null

2018-12-07 01:08:49 - [TEST_STEP][PASSED] - Statement - counter = counter + 1: null

2018-12-07 01:08:49 - [TEST_STEP][PASSED] - Statement - PreSaveFile = new java.io.File(((pathPrefix + java.lang.Integer.toString(counter)) + .png)): null

2018-12-07 01:08:49 - [TEST_STEP][PASSED] - Statement - counter = counter + 1: null

2018-12-07 01:08:49 - [TEST_STEP][PASSED] - Statement - PreSaveFile = new java.io.File(((pathPrefix + java.lang.Integer.toString(counter)) + .png)): null

2018-12-07 01:08:49 - [TEST_STEP][PASSED] - Statement - counter = counter + 1: null

2018-12-07 01:08:49 - [TEST_STEP][PASSED] - Statement - PreSaveFile = new java.io.File(((pathPrefix + java.lang.Integer.toString(counter)) + .png)): null

2018-12-07 01:08:49 - [TEST_STEP][PASSED] - Statement - counter = counter + 1: null

2018-12-07 01:08:49 - [TEST_STEP][PASSED] - Statement - PreSaveFile = new java.io.File(((pathPrefix + java.lang.Integer.toString(counter)) + .png)): null

2018-12-07 01:08:49 - [TEST_STEP][PASSED] - Statement - counter = counter + 1: null

2018-12-07 01:08:49 - [TEST_STEP][PASSED] - Statement - PreSaveFile = new java.io.File(((pathPrefix + java.lang.Integer.toString(counter)) + .png)): null

2018-12-07 01:08:49 - [TEST_STEP][PASSED] - Statement - finalPath = pathPrefix + java.lang.Integer.toString(counter) + ".png": null

2018-12-07 01:08:49 - [TEST_STEP][PASSED] - Statement - SaveFile = new java.io.File(finalPath): null

2018-12-07 01:08:49 - [TEST_STEP][PASSED] - Statement - Try: null

2018-12-07 01:08:49 - [TEST_STEP][PASSED] - Statement - org.apache.commons.io.FileUtils.copyFile(scrFile, SaveFile): null

2018-12-07 01:08:49 - [TEST_STEP][PASSED] - Statement - out.println("file kept"): null

2018-12-07 01:08:49 - [TEST_STEP][PASSED] - delay: Delayed 10 second(s)

2018-12-07 01:08:59 - [MESSAGE][PASSED] - Delayed 10 second(s)

2018-12-07 01:08:59 - [MESSAGE][PASSED] - Call Test Case 'Test Cases/Final Aug 2018 - PKS Automation/Registration Module/New Registration/Submit and Screenshot/Submit Registration and Screenshot - Copy' successfully

2018-12-07 01:08:59 - [TEST_STEP][PASSED] - Statement - UpdateAddNewECode = com.kms.katalon.core.webui.keyword.WebUiBuiltInKeywords.getText(com.kms.katalon.core.testobject.ObjectRepository.findTestObject(Object Repository/Final Object Repo/Page_Update Add New Employee - ASSIST/getEmpCode)): Text of object 'Object Repository/Final Object Repo/Page_Update Add New Employee - ASSIST/getEmpCode' is: 'E1102070658B'

2018-12-07 01:08:59 - [MESSAGE][PASSED] - Text of object 'Object Repository/Final Object Repo/Page_Update Add New Employee - ASSIST/getEmpCode' is: 'E1102070658B'

2018-12-07 01:08:59 - [TEST_STEP][PASSED] - callTestCase: Call Test Case 'Test Cases/Final Aug 2018 - PKS Automation/Common/Emp Code Setter' successfully

2018-12-07 01:08:59 - [TEST_CASE][PASSED] - Test Cases/Final Aug 2018 - PKS Automation/Common/Emp Code Setter: Test Cases/Final Aug 2018 - PKS Automation/Common/Emp Code Setter

2018-12-07 01:08:59 - [TEST_STEP][PASSED] - Statement - EmpCodeOld = new java.io.File(C://Users//Admin//Desktop//PKS//Automation Reference Point//EmpCode.txt): null

2018-12-07 01:08:59 - [TEST_STEP][PASSED] - Statement - EmpCodeOld.delete(): null

2018-12-07 01:08:59 - [TEST_STEP][PASSED] - Statement - EmpCode = new java.io.File(C://Users//Admin//Desktop//PKS//Automation Reference Point//EmpCode.txt): null

2018-12-07 01:08:59 - [TEST_STEP][PASSED] - Statement - f2 = new java.io.FileWriter(EmpCode, false): null

2018-12-07 01:08:59 - [TEST_STEP][PASSED] - Statement - f2.write(UpdateAddNewECode): null

2018-12-07 01:08:59 - [TEST_STEP][PASSED] - Statement - f2.close(): null

2018-12-07 01:08:59 - [TEST_STEP][PASSED] - Statement - out.println("


" + UpdateAddNewECode + "


"): null

2018-12-07 01:08:59 - [MESSAGE][PASSED] - Call Test Case 'Test Cases/Final Aug 2018 - PKS Automation/Common/Emp Code Setter' successfully

2018-12-07 01:08:59 - [MESSAGE][PASSED] - Call Test Case 'Test Cases/Final Aug 2018 - PKS Automation/Registration Module/Workflow/Update Add New Employee/Template/New Company for Update Add New' successfully

2018-12-07 01:08:59 - [TEST_STEP][PASSED] - callTestCase: Call Test Case 'Test Cases/Final Aug 2018 - PKS Automation/Registration Module/Log Out/log out avoiding katalon tagging' successfully

2018-12-07 01:08:59 - [TEST_CASE][PASSED] - Test Cases/Final Aug 2018 - PKS Automation/Registration Module/Log Out/log out avoiding katalon tagging: Test Cases/Final Aug 2018 - PKS Automation/Registration Module/Log Out/log out avoiding katalon tagging

2018-12-07 01:08:59 - [TEST_STEP][PASSED] - navigateToUrl: Navigate to 'https://assist2-uat.perkeso.gov.my/c/portal/logout' successfully

2018-12-07 01:09:00 - [MESSAGE][PASSED] - Navigate to 'https://assist2-uat.perkeso.gov.my/c/portal/logout' successfully

2018-12-07 01:09:00 - [MESSAGE][PASSED] - Call Test Case 'Test Cases/Final Aug 2018 - PKS Automation/Registration Module/Log Out/log out avoiding katalon tagging' successfully

2018-12-07 01:09:00 - [TEST_STEP][PASSED] - callTestCase: Call Test Case 'Test Cases/Final Aug 2018 - PKS Automation/Registration Module/New Registration/Form 2/Date Updater' successfully

2018-12-07 01:09:00 - [TEST_CASE][PASSED] - Test Cases/Final Aug 2018 - PKS Automation/Registration Module/New Registration/Form 2/Date Updater: Test Cases/Final Aug 2018 - PKS Automation/Registration Module/New Registration/Form 2/Date Updater

2018-12-07 01:09:00 - [TEST_STEP][PASSED] - Statement - TodayDate = new java.util.Date(): null

2018-12-07 01:09:00 - [TEST_STEP][PASSED] - Statement - CurrentDateNoFilter = new java.text.SimpleDateFormat(): null

2018-12-07 01:09:00 - [TEST_STEP][PASSED] - Statement - CurrentDateNoFilter.applyPattern("MM"): null

2018-12-07 01:09:00 - [TEST_STEP][PASSED] - Statement - monthContainerMatcher = java.lang.Integer.parseInt(CurrentDateNoFilter.format(TodayDate)): null

2018-12-07 01:09:00 - [TEST_STEP][PASSED] - Statement - monthContainerMatcher = monthContainerMatcher - 1: null

2018-12-07 01:09:00 - [TEST_STEP][PASSED] - Statement - CurrentMonth = monthContainerMatcher.toString(): null

2018-12-07 01:09:00 - [TEST_STEP][PASSED] - Statement - CurrentMonth = CurrentMonth: null

2018-12-07 01:09:00 - [TEST_STEP][PASSED] - Statement - CurrentDateNoFilter.applyPattern("yyyy"): null

2018-12-07 01:09:00 - [TEST_STEP][PASSED] - Statement - CurrentYear = CurrentDateNoFilter.format(TodayDate): null

2018-12-07 01:09:00 - [TEST_STEP][PASSED] - Statement - CurrentYear = CurrentYear: null

2018-12-07 01:09:00 - [TEST_STEP][PASSED] - Statement - intCurrentYear = java.lang.Integer.parseInt(CurrentDateNoFilter.format(TodayDate)): null

2018-12-07 01:09:00 - [TEST_STEP][PASSED] - Statement - eighteenYrsAgo = intCurrentYear - 18: null

2018-12-07 01:09:00 - [TEST_STEP][PASSED] - Statement - eighteenYrsBeforeThisYr = eighteenYrsAgo.toString(): null

2018-12-07 01:09:00 - [TEST_STEP][PASSED] - Statement - EighteenYrsBefore = eighteenYrsBeforeThisYr: null

2018-12-07 01:09:00 - [TEST_STEP][PASSED] - Statement - fiftysevenYrsAgo = intCurrentYear - 57: null

2018-12-07 01:09:00 - [TEST_STEP][PASSED] - Statement - fiftysevenYrsBeforeThisYr = fiftysevenYrsAgo.toString(): null

2018-12-07 01:09:00 - [TEST_STEP][PASSED] - Statement - FiftysevenYrsBefore = fiftysevenYrsBeforeThisYr: null

2018-12-07 01:09:00 - [TEST_STEP][PASSED] - Statement - leapYear = false: null

2018-12-07 01:09:00 - [TEST_STEP][PASSED] - Statement - leapYear = intCurrentYear % 4 == 0: null

2018-12-07 01:09:00 - [TEST_STEP][PASSED] - Statement - CurrentDateNoFilter.applyPattern("dd"): null

2018-12-07 01:09:00 - [TEST_STEP][PASSED] - Statement - CurrentDate = CurrentDateNoFilter.format(TodayDate): null

2018-12-07 01:09:00 - [TEST_STEP][PASSED] - Statement - CurrentDate = java.lang.Integer.parseInt(CurrentDate): null

2018-12-07 01:09:00 - [TEST_STEP][PASSED] - Statement - CurrentDate = CurrentDate: null

2018-12-07 01:09:00 - [TEST_STEP][PASSED] - Statement - CurrentDay = java.lang.Integer.parseInt(CurrentDate): null

2018-12-07 01:09:00 - [TEST_STEP][PASSED] - Statement - ConfAdder = <not implemented yet for class: org.codehaus.groovy.ast.expr.EmptyExpression>: null

2018-12-07 01:09:00 - [TEST_STEP][PASSED] - Statement - out.println(CurrentMonth): null

2018-12-07 01:09:00 - [TEST_STEP][PASSED] - Statement - out.println(CurrentDate): null

2018-12-07 01:09:00 - [TEST_STEP][PASSED] - Statement - switch (CurrentDate): null

2018-12-07 01:09:00 - [TEST_STEP][PASSED] - Statement - Default: null

2018-12-07 01:09:00 - [TEST_STEP][PASSED] - Statement - ConfAdder = true: null

2018-12-07 01:09:00 - [TEST_STEP][PASSED] - Statement - Break: null

2018-12-07 01:09:00 - [TEST_STEP][PASSED] - Statement - aDayBefore = <not implemented yet for class: org.codehaus.groovy.ast.expr.EmptyExpression>: null

2018-12-07 01:09:00 - [TEST_STEP][PASSED] - Statement - out.println(ConfAdder): null

2018-12-07 01:09:00 - [TEST_STEP][PASSED] - Statement - If (ConfAdder == true): null

2018-12-07 01:09:00 - [TEST_STEP][PASSED] - Statement - aDayBefore = CurrentDay + 1: null

2018-12-07 01:09:00 - [TEST_STEP][PASSED] - Statement - out.println(aDayBefore): null

2018-12-07 01:09:00 - [TEST_STEP][PASSED] - Statement - If (aDayBefore == 1 && CurrentMonth == 11): null

2018-12-07 01:09:00 - [TEST_STEP][PASSED] - Statement - DayBefore = aDayBefore.toString(): null

2018-12-07 01:09:00 - [TEST_STEP][PASSED] - Statement - OneDayBefore = DayBefore: null

2018-12-07 01:09:00 - [MESSAGE][PASSED] - Call Test Case 'Test Cases/Final Aug 2018 - PKS Automation/Registration Module/New Registration/Form 2/Date Updater' successfully

2018-12-07 01:09:00 - [TEST_STEP][PASSED] - delay: Delayed 2 second(s)

2018-12-07 01:09:02 - [MESSAGE][PASSED] - Delayed 2 second(s)

2018-12-07 01:09:02 - [TEST_STEP][PASSED] - setText: Text 'klpkrbo2@gmail.com' is set on object 'Object Repository/Final Object Repo/Page_Update Add New Employee - ASSIST/Email TextBox'

2018-12-07 01:09:02 - [MESSAGE][PASSED] - Text 'klpkrbo2@gmail.com' is set on object 'Object Repository/Final Object Repo/Page_Update Add New Employee - ASSIST/Email TextBox'

2018-12-07 01:09:02 - [TEST_STEP][PASSED] - click: Object: 'Object Repository/Final Object Repo/Page_Update Add New Employee - ASSIST/Next Button' is clicked on

2018-12-07 01:09:02 - [MESSAGE][PASSED] - Object: 'Object Repository/Final Object Repo/Page_Update Add New Employee - ASSIST/Next Button' is clicked on

2018-12-07 01:09:02 - [TEST_STEP][PASSED] - delay: Delayed 2 second(s)

2018-12-07 01:09:04 - [MESSAGE][PASSED] - Delayed 2 second(s)

2018-12-07 01:09:04 - [TEST_STEP][PASSED] - setText: Text 'Test1@3456789' is set on object 'Object Repository/Final Object Repo/Page_Update Add New Employee - ASSIST/Password TextBox'

2018-12-07 01:09:05 - [MESSAGE][PASSED] - Text 'Test1@3456789' is set on object 'Object Repository/Final Object Repo/Page_Update Add New Employee - ASSIST/Password TextBox'

2018-12-07 01:09:05 - [TEST_STEP][PASSED] - delay: Delayed 2 second(s)

2018-12-07 01:09:07 - [MESSAGE][PASSED] - Delayed 2 second(s)

2018-12-07 01:09:07 - [TEST_STEP][PASSED] - click: Object: 'Object Repository/Final Object Repo/Page_Update Add New Employee - ASSIST/Login Button' is clicked on

2018-12-07 01:09:07 - [MESSAGE][PASSED] - Object: 'Object Repository/Final Object Repo/Page_Update Add New Employee - ASSIST/Login Button' is clicked on

2018-12-07 01:09:07 - [TEST_STEP][PASSED] - delay: Delayed 4 second(s)

2018-12-07 01:09:11 - [MESSAGE][PASSED] - Delayed 4 second(s)

2018-12-07 01:09:11 - [TEST_STEP][PASSED] - Statement - Try: Delayed 2 second(s)

2018-12-07 01:09:11 - [TEST_STEP][PASSED] - Statement - Checker = false: null

2018-12-07 01:09:11 - [TEST_STEP][PASSED] - Statement - Checker = com.kms.katalon.core.webui.keyword.WebUiBuiltInKeywords.verifyElementHasAttribute(com.kms.katalon.core.testobject.ObjectRepository.findTestObject(Final Object Repo/Landing Page/BM Detecting), "href", 20, OPTIONAL): Object 'Object Repository/Final Object Repo/Landing Page/BM Detecting' has attribute 'href'

2018-12-07 01:09:11 - [MESSAGE][PASSED] - Object 'Object Repository/Final Object Repo/Landing Page/BM Detecting' has attribute 'href'

2018-12-07 01:09:11 - [TEST_STEP][PASSED] - Statement - out.println(Checker): null

2018-12-07 01:09:11 - [TEST_STEP][PASSED] - Statement - If (Checker == false): null

2018-12-07 01:09:11 - [TEST_STEP][PASSED] - Statement - Else: null

2018-12-07 01:09:11 - [TEST_STEP][PASSED] - delay: Delayed 2 second(s)

2018-12-07 01:09:13 - [MESSAGE][PASSED] - Delayed 2 second(s)

2018-12-07 01:09:13 - [TEST_STEP][PASSED] - delay: Delayed 4 second(s)

2018-12-07 01:09:17 - [MESSAGE][PASSED] - Delayed 4 second(s)

2018-12-07 01:09:17 - [TEST_STEP][PASSED] - click: Object: 'Object Repository/Final Object Repo/Page_Update Add New Employee - ASSIST/My Sites Drop Down' is clicked on

2018-12-07 01:09:17 - [MESSAGE][PASSED] - Object: 'Object Repository/Final Object Repo/Page_Update Add New Employee - ASSIST/My Sites Drop Down' is clicked on

2018-12-07 01:09:17 - [TEST_STEP][PASSED] - click: Object: 'Object Repository/Final Object Repo/Page_Update Add New Employee - ASSIST/Select to Registration Module' is clicked on

2018-12-07 01:09:18 - [MESSAGE][PASSED] - Object: 'Object Repository/Final Object Repo/Page_Update Add New Employee - ASSIST/Select to Registration Module' is clicked on

2018-12-07 01:09:18 - [TEST_STEP][PASSED] - navigateToUrl: Navigate to 'https://assist2-uat.perkeso.gov.my/web/registration/myassist' successfully

2018-12-07 01:09:19 - [MESSAGE][PASSED] - Navigate to 'https://assist2-uat.perkeso.gov.my/web/registration/myassist' successfully

2018-12-07 01:09:19 - [TEST_STEP][PASSED] - mouseOver: Object: 'Object Repository/Final Object Repo/Page_Update Add New Employee - ASSIST/Select to Update Akta 4 Tab' is hovered

2018-12-07 01:09:19 - [MESSAGE][PASSED] - Object: 'Object Repository/Final Object Repo/Page_Update Add New Employee - ASSIST/Select to Update Akta 4 Tab' is hovered

2018-12-07 01:09:19 - [TEST_STEP][PASSED] - delay: Delayed 2 second(s)

2018-12-07 01:09:21 - [MESSAGE][PASSED] - Delayed 2 second(s)

2018-12-07 01:09:21 - [TEST_STEP][PASSED] - click: Object: 'Object Repository/Final Object Repo/Page_Update Add New Employee - ASSIST/Select to Update Add New Employee' is clicked on

2018-12-07 01:09:22 - [MESSAGE][PASSED] - Object: 'Object Repository/Final Object Repo/Page_Update Add New Employee - ASSIST/Select to Update Add New Employee' is clicked on

2018-12-07 01:09:22 - [TEST_STEP][PASSED] - delay: Delayed 2 second(s)

2018-12-07 01:09:24 - [MESSAGE][PASSED] - Delayed 2 second(s)

2018-12-07 01:09:24 - [TEST_STEP][PASSED] - setText: Text 'E1102070658B' is set on object 'Object Repository/Final Object Repo/Page_Update Add New Employee - ASSIST/Employer Code input textbox'

2018-12-07 01:09:24 - [MESSAGE][PASSED] - Text 'E1102070658B' is set on object 'Object Repository/Final Object Repo/Page_Update Add New Employee - ASSIST/Employer Code input textbox'

2018-12-07 01:09:24 - [TEST_STEP][PASSED] - delay: Delayed 2 second(s)

2018-12-07 01:09:26 - [MESSAGE][PASSED] - Delayed 2 second(s)

2018-12-07 01:09:26 - [TEST_STEP][PASSED] - click: Object: 'Object Repository/Final Object Repo/Page_Update Add New Employee - ASSIST/Search Button for Employer Code' is clicked on

2018-12-07 01:09:26 - [MESSAGE][PASSED] - Object: 'Object Repository/Final Object Repo/Page_Update Add New Employee - ASSIST/Search Button for Employer Code' is clicked on

2018-12-07 01:09:26 - [TEST_STEP][PASSED] - delay: Delayed 4 second(s)

2018-12-07 01:09:30 - [MESSAGE][PASSED] - Delayed 4 second(s)

2018-12-07 01:09:30 - [TEST_STEP][PASSED] - click: Object: 'Object Repository/Final Object Repo/Page_Update Add New Employee - ASSIST/Click to Edit Case' is clicked on

2018-12-07 01:09:32 - [MESSAGE][PASSED] - Object: 'Object Repository/Final Object Repo/Page_Update Add New Employee - ASSIST/Click to Edit Case' is clicked on

2018-12-07 01:09:32 - [TEST_STEP][PASSED] - callTestCase: Call Test Case 'Test Cases/Final Aug 2018 - PKS Automation/Registration Module/Workflow/Update Add New Employee/Template/Employee Adding/Employee Set Decider' successfully

2018-12-07 01:09:33 - [TEST_CASE][PASSED] - Test Cases/Final Aug 2018 - PKS Automation/Registration Module/Workflow/Update Add New Employee/Template/Employee Adding/Employee Set Decider: Test Cases/Final Aug 2018 - PKS Automation/Registration Module/Workflow/Update Add New Employee/Template/Employee Adding/Employee Set Decider

2018-12-07 01:09:33 - [TEST_STEP][PASSED] - delay: Delayed 4 second(s)

2018-12-07 01:09:37 - [MESSAGE][PASSED] - Delayed 4 second(s)

2018-12-07 01:09:37 - [TEST_STEP][PASSED] - click: Object: 'Object Repository/Final Object Repo/Page_Update Add New Employee - ASSIST/Add Employee Button' is clicked on

2018-12-07 01:09:37 - [MESSAGE][PASSED] - Object: 'Object Repository/Final Object Repo/Page_Update Add New Employee - ASSIST/Add Employee Button' is clicked on

2018-12-07 01:09:37 - [TEST_STEP][PASSED] - delay: Delayed 3 second(s)

2018-12-07 01:09:40 - [MESSAGE][PASSED] - Delayed 3 second(s)

2018-12-07 01:09:40 - [TEST_STEP][PASSED] - setText: Text '010903091920' is set on object 'Object Repository/Final Object Repo/Page_Update Add New Employee - ASSIST/NRIC Input'

2018-12-07 01:09:40 - [MESSAGE][PASSED] - Text '010903091920' is set on object 'Object Repository/Final Object Repo/Page_Update Add New Employee - ASSIST/NRIC Input'

2018-12-07 01:09:40 - [TEST_STEP][PASSED] - click: Object: 'Object Repository/Final Object Repo/Page_Update Add New Employee - ASSIST/button for search for IC' is clicked on

2018-12-07 01:09:40 - [MESSAGE][PASSED] - Object: 'Object Repository/Final Object Repo/Page_Update Add New Employee - ASSIST/button for search for IC' is clicked on

2018-12-07 01:09:40 - [TEST_STEP][PASSED] - delay: Delayed 2 second(s)

2018-12-07 01:09:42 - [MESSAGE][PASSED] - Delayed 2 second(s)

2018-12-07 01:09:42 - [TEST_STEP][PASSED] - sendKeys: Keys 'CONTROL + a' sent to object: 'Object Repository/Final Object Repo/Page_Update Add New Employee - ASSIST/Employee Name Input'

2018-12-07 01:09:42 - [MESSAGE][PASSED] - Keys 'CONTROL + a' sent to object: 'Object Repository/Final Object Repo/Page_Update Add New Employee - ASSIST/Employee Name Input'

2018-12-07 01:09:42 - [TEST_STEP][PASSED] - sendKeys: Keys 'CONTROL + c' sent to object: 'Object Repository/Final Object Repo/Page_Update Add New Employee - ASSIST/Employee Name Input'

2018-12-07 01:09:42 - [MESSAGE][PASSED] - Keys 'CONTROL + c' sent to object: 'Object Repository/Final Object Repo/Page_Update Add New Employee - ASSIST/Employee Name Input'

2018-12-07 01:09:42 - [TEST_STEP][PASSED] - Statement - toolkit = java.awt.Toolkit.getDefaultToolkit(): null

2018-12-07 01:09:42 - [TEST_STEP][PASSED] - Statement - clipboard = toolkit.getSystemClipboard(): null

2018-12-07 01:09:42 - [TEST_STEP][PASSED] - Statement - CurrentName = clipboard.getData(stringFlavor): null

2018-12-07 01:09:42 - [TEST_STEP][PASSED] - Statement - out.println("String from Clipboard:" + CurrentName): null

2018-12-07 01:09:42 - [TEST_STEP][PASSED] - Statement - If (CurrentName == "AUTOMATE002 ELIGIBLE 1"): Call Test Case 'Test Cases/Final Aug 2018 - PKS Automation/Registration Module/Workflow/Update Add New Employee/Template/Employee Adding/Employee Adding Action Repeat IC - set 1' successfully

2018-12-07 01:09:42 - [TEST_STEP][PASSED] - callTestCase: Call Test Case 'Test Cases/Final Aug 2018 - PKS Automation/Registration Module/Workflow/Update Add New Employee/Template/Employee Adding/Employee Adding Action Repeat IC - set 1' successfully

2018-12-07 01:09:43 - [TEST_CASE][PASSED] - Test Cases/Final Aug 2018 - PKS Automation/Registration Module/Workflow/Update Add New Employee/Template/Employee Adding/Employee Adding Action Repeat IC - set 1: Test Cases/Final Aug 2018 - PKS Automation/Registration Module/Workflow/Update Add New Employee/Template/Employee Adding/Employee Adding Action Repeat IC - set 1

2018-12-07 01:09:43 - [TEST_STEP][PASSED] - setText: Text 'Automate003 eligible 1' is set on object 'Object Repository/Final Object Repo/Page_Update Add New Employee - ASSIST/Employee Name Input'

2018-12-07 01:09:43 - [MESSAGE][PASSED] - Text 'Automate003 eligible 1' is set on object 'Object Repository/Final Object Repo/Page_Update Add New Employee - ASSIST/Employee Name Input'

2018-12-07 01:09:43 - [TEST_STEP][PASSED] - delay: Delayed 2 second(s)

2018-12-07 01:09:45 - [MESSAGE][PASSED] - Delayed 2 second(s)

2018-12-07 01:09:45 - [TEST_STEP][PASSED] - click: Object: 'Object Repository/Final Object Repo/Page_Update Add New Employee - ASSIST/DatePicker Pop Up' is clicked on

2018-12-07 01:09:45 - [MESSAGE][PASSED] - Object: 'Object Repository/Final Object Repo/Page_Update Add New Employee - ASSIST/DatePicker Pop Up' is clicked on

2018-12-07 01:09:45 - [TEST_STEP][PASSED] - click: Object: 'Object Repository/Final Object Repo/Page_Update Add New Employee - ASSIST/DOB Month' is clicked on

2018-12-07 01:09:45 - [MESSAGE][PASSED] - Object: 'Object Repository/Final Object Repo/Page_Update Add New Employee - ASSIST/DOB Month' is clicked on

2018-12-07 01:09:45 - [TEST_STEP][PASSED] - Statement - CurrentMonth = CurrentMonth: null

2018-12-07 01:09:45 - [TEST_STEP][PASSED] - Statement - selectMonth = new com.kms.katalon.core.testobject.TestObject(): null

2018-12-07 01:09:45 - [TEST_STEP][PASSED] - Statement - selectMonth.addProperty("xpath", EQUALS, "//body/div/div/div/select/option[@value='" + CurrentMonth + "']", true): null

2018-12-07 01:09:45 - [TEST_STEP][PASSED] - click: Object: '' is clicked on

2018-12-07 01:09:46 - [MESSAGE][PASSED] - Object: '' is clicked on

2018-12-07 01:09:46 - [TEST_STEP][PASSED] - click: Object: 'Object Repository/Final Object Repo/Page_Update Add New Employee - ASSIST/DOB Year' is clicked on

2018-12-07 01:09:46 - [MESSAGE][PASSED] - Object: 'Object Repository/Final Object Repo/Page_Update Add New Employee - ASSIST/DOB Year' is clicked on

2018-12-07 01:09:46 - [TEST_STEP][PASSED] - Statement - Eyearsbf = EighteenYrsBefore: null

2018-12-07 01:09:46 - [TEST_STEP][PASSED] - Statement - selectYear = new com.kms.katalon.core.testobject.TestObject(): null

2018-12-07 01:09:46 - [TEST_STEP][PASSED] - Statement - selectYear.addProperty("xpath", EQUALS, "//div/div/div/select/option[@value='" + Eyearsbf + "']", true): null

2018-12-07 01:09:46 - [TEST_STEP][PASSED] - click: Object: '' is clicked on

2018-12-07 01:09:46 - [MESSAGE][PASSED] - Object: '' is clicked on

2018-12-07 01:09:46 - [TEST_STEP][PASSED] - Statement - UpdatedSelectDate = com.kms.katalon.core.webui.keyword.WebUiBuiltInKeywords.modifyObjectProperty(com.kms.katalon.core.testobject.ObjectRepository.findTestObject(Final Object Repo/Page_Update Add New Employee - ASSIST/DOB Date), "xpath", "equals", "//body/div/table/tbody/tr/td/a[text()="" + CurrentDate + ""]", true): Modify property of object successfully

2018-12-07 01:09:46 - [MESSAGE][PASSED] - Modify property of object successfully

2018-12-07 01:09:46 - [TEST_STEP][PASSED] - delay: Delayed 3 second(s)

2018-12-07 01:09:49 - [MESSAGE][PASSED] - Delayed 3 second(s)

2018-12-07 01:09:49 - [TEST_STEP][PASSED] - click: Object: 'Object Repository/Final Object Repo/Page_Update Add New Employee - ASSIST/DOB Date' is clicked on

2018-12-07 01:09:49 - [MESSAGE][PASSED] - Object: 'Object Repository/Final Object Repo/Page_Update Add New Employee - ASSIST/DOB Date' is clicked on

2018-12-07 01:09:49 - [TEST_STEP][PASSED] - delay: Delayed 2 second(s)

2018-12-07 01:09:51 - [MESSAGE][PASSED] - Delayed 2 second(s)

2018-12-07 01:09:51 - [TEST_STEP][PASSED] - click: Object: 'Object Repository/Final Object Repo/Page_Update Add New Employee - ASSIST/EmploymentStartDate Pop Up' is clicked on

2018-12-07 01:09:51 - [MESSAGE][PASSED] - Object: 'Object Repository/Final Object Repo/Page_Update Add New Employee - ASSIST/EmploymentStartDate Pop Up' is clicked on

2018-12-07 01:09:51 - [TEST_STEP][PASSED] - delay: Delayed 2 second(s)

2018-12-07 01:09:53 - [MESSAGE][PASSED] - Delayed 2 second(s)

2018-12-07 01:09:53 - [TEST_STEP][PASSED] - click: Object: 'Object Repository/Final Object Repo/Page_Update Add New Employee - ASSIST/Socso Employment StartDate Month' is clicked on

2018-12-07 01:09:53 - [MESSAGE][PASSED] - Object: 'Object Repository/Final Object Repo/Page_Update Add New Employee - ASSIST/Socso Employment StartDate Month' is clicked on

2018-12-07 01:09:53 - [TEST_STEP][PASSED] - delay: Delayed 1 second(s)

2018-12-07 01:09:54 - [MESSAGE][PASSED] - Delayed 1 second(s)

2018-12-07 01:09:54 - [TEST_STEP][PASSED] - click: Object: 'Object Repository/Final Object Repo/Page_Update Add New Employee - ASSIST/Select Socso Employement Startdate Month' is clicked on

2018-12-07 01:09:54 - [MESSAGE][PASSED] - Object: 'Object Repository/Final Object Repo/Page_Update Add New Employee - ASSIST/Select Socso Employement Startdate Month' is clicked on

2018-12-07 01:09:54 - [TEST_STEP][PASSED] - delay: Delayed 2 second(s)

2018-12-07 01:09:56 - [MESSAGE][PASSED] - Delayed 2 second(s)

2018-12-07 01:09:56 - [TEST_STEP][PASSED] - click: Object: 'Object Repository/Final Object Repo/Page_Update Add New Employee - ASSIST/Socso Employment StartDate Year' is clicked on

2018-12-07 01:09:57 - [MESSAGE][PASSED] - Object: 'Object Repository/Final Object Repo/Page_Update Add New Employee - ASSIST/Socso Employment StartDate Year' is clicked on

2018-12-07 01:09:57 - [TEST_STEP][PASSED] - delay: Delayed 1 second(s)

2018-12-07 01:09:58 - [MESSAGE][PASSED] - Delayed 1 second(s)

2018-12-07 01:09:58 - [TEST_STEP][PASSED] - click: Object: 'Object Repository/Final Object Repo/Page_Update Add New Employee - ASSIST/Select Socso Employment Startdate Year' is clicked on

2018-12-07 01:09:58 - [MESSAGE][PASSED] - Object: 'Object Repository/Final Object Repo/Page_Update Add New Employee - ASSIST/Select Socso Employment Startdate Year' is clicked on

2018-12-07 01:09:58 - [TEST_STEP][PASSED] - delay: Delayed 2 second(s)

2018-12-07 01:10:00 - [MESSAGE][PASSED] - Delayed 2 second(s)

2018-12-07 01:10:00 - [TEST_STEP][PASSED] - click: Object: 'Object Repository/Final Object Repo/Page_Update Add New Employee - ASSIST/Socso Employment Start Date Day' is clicked on

2018-12-07 01:10:00 - [MESSAGE][PASSED] - Object: 'Object Repository/Final Object Repo/Page_Update Add New Employee - ASSIST/Socso Employment Start Date Day' is clicked on

2018-12-07 01:10:00 - [TEST_STEP][PASSED] - delay: Delayed 2 second(s)

2018-12-07 01:10:02 - [MESSAGE][PASSED] - Delayed 2 second(s)

2018-12-07 01:10:02 - [TEST_STEP][PASSED] - click: Object: 'Object Repository/Final Object Repo/Page_Update Add New Employee - ASSIST/Save Button for Add Employee' is clicked on

2018-12-07 01:10:02 - [MESSAGE][PASSED] - Object: 'Object Repository/Final Object Repo/Page_Update Add New Employee - ASSIST/Save Button for Add Employee' is clicked on

2018-12-07 01:10:02 - [TEST_STEP][PASSED] - delay: Delayed 6 second(s)

2018-12-07 01:10:08 - [MESSAGE][PASSED] - Delayed 6 second(s)

2018-12-07 01:10:08 - [TEST_STEP][PASSED] - click: Object: 'Object Repository/Final Object Repo/Page_Update Add New Employee - ASSIST/Add Employee Button' is clicked on

2018-12-07 01:10:08 - [MESSAGE][PASSED] - Object: 'Object Repository/Final Object Repo/Page_Update Add New Employee - ASSIST/Add Employee Button' is clicked on

2018-12-07 01:10:08 - [TEST_STEP][PASSED] - delay: Delayed 4 second(s)

2018-12-07 01:10:12 - [MESSAGE][PASSED] - Delayed 4 second(s)

2018-12-07 01:10:12 - [TEST_STEP][PASSED] - setText: Text '620904059600' is set on object 'Object Repository/Final Object Repo/Page_Update Add New Employee - ASSIST/NRIC Input'

2018-12-07 01:10:13 - [MESSAGE][PASSED] - Text '620904059600' is set on object 'Object Repository/Final Object Repo/Page_Update Add New Employee - ASSIST/NRIC Input'

2018-12-07 01:10:13 - [TEST_STEP][PASSED] - click: Object: 'Object Repository/Final Object Repo/Page_Update Add New Employee - ASSIST/button for search for IC' is clicked on

2018-12-07 01:10:13 - [MESSAGE][PASSED] - Object: 'Object Repository/Final Object Repo/Page_Update Add New Employee - ASSIST/button for search for IC' is clicked on

2018-12-07 01:10:13 - [TEST_STEP][PASSED] - delay: Delayed 2 second(s)

2018-12-07 01:10:15 - [MESSAGE][PASSED] - Delayed 2 second(s)

2018-12-07 01:10:15 - [TEST_STEP][PASSED] - setText: Text 'Automate003 eligible 2' is set on object 'Object Repository/Final Object Repo/Page_Update Add New Employee - ASSIST/Employee Name Input'

2018-12-07 01:10:15 - [MESSAGE][PASSED] - Text 'Automate003 eligible 2' is set on object 'Object Repository/Final Object Repo/Page_Update Add New Employee - ASSIST/Employee Name Input'

2018-12-07 01:10:15 - [TEST_STEP][PASSED] - delay: Delayed 2 second(s)

2018-12-07 01:10:17 - [MESSAGE][PASSED] - Delayed 2 second(s)

2018-12-07 01:10:17 - [TEST_STEP][PASSED] - click: Object: 'Object Repository/Final Object Repo/Page_Update Add New Employee - ASSIST/DatePicker Pop Up' is clicked on

2018-12-07 01:10:18 - [MESSAGE][PASSED] - Object: 'Object Repository/Final Object Repo/Page_Update Add New Employee - ASSIST/DatePicker Pop Up' is clicked on

2018-12-07 01:10:18 - [TEST_STEP][PASSED] - delay: Delayed 2 second(s)

2018-12-07 01:10:20 - [MESSAGE][PASSED] - Delayed 2 second(s)

2018-12-07 01:10:20 - [TEST_STEP][PASSED] - click: Object: 'Object Repository/Final Object Repo/Page_Update Add New Employee - ASSIST/DOB Month' is clicked on

2018-12-07 01:10:20 - [MESSAGE][PASSED] - Object: 'Object Repository/Final Object Repo/Page_Update Add New Employee - ASSIST/DOB Month' is clicked on

2018-12-07 01:10:20 - [TEST_STEP][PASSED] - Statement - selectMonth = com.kms.katalon.core.webui.keyword.WebUiBuiltInKeywords.modifyObjectProperty(selectMonth, "xpath", "equals", "//body/div/div/div/select/option[@value="" + CurrentMonth + ""]", true): Modify property of object successfully

2018-12-07 01:10:20 - [MESSAGE][PASSED] - Modify property of object successfully

2018-12-07 01:10:20 - [TEST_STEP][PASSED] - click: Object: '' is clicked on

2018-12-07 01:10:20 - [MESSAGE][PASSED] - Object: '' is clicked on

2018-12-07 01:10:20 - [TEST_STEP][PASSED] - click: Object: 'Object Repository/Final Object Repo/Page_Update Add New Employee - ASSIST/DOB Year' is clicked on

2018-12-07 01:10:20 - [MESSAGE][PASSED] - Object: 'Object Repository/Final Object Repo/Page_Update Add New Employee - ASSIST/DOB Year' is clicked on

2018-12-07 01:10:20 - [TEST_STEP][PASSED] - Statement - selectYear = com.kms.katalon.core.webui.keyword.WebUiBuiltInKeywords.modifyObjectProperty(selectYear, "xpath", "equals", "//div/div/div/select/option[@value="" + FiftysevenYrsBefore + ""]", true): Modify property of object successfully

2018-12-07 01:10:20 - [MESSAGE][PASSED] - Modify property of object successfully

2018-12-07 01:10:20 - [TEST_STEP][PASSED] - click: Object: '' is clicked on

2018-12-07 01:10:20 - [MESSAGE][PASSED] - Object: '' is clicked on

2018-12-07 01:10:20 - [TEST_STEP][PASSED] - Statement - UpdatedSelectDate = com.kms.katalon.core.webui.keyword.WebUiBuiltInKeywords.modifyObjectProperty(com.kms.katalon.core.testobject.ObjectRepository.findTestObject(Final Object Repo/Page_Update Add New Employee - ASSIST/DOB Date), "xpath", "equals", "//body/div/table/tbody/tr/td/a[text()="" + OneDayBefore + ""]", true): Modify property of object successfully

2018-12-07 01:10:20 - [MESSAGE][PASSED] - Modify property of object successfully

2018-12-07 01:10:20 - [TEST_STEP][PASSED] - click: Object: 'Object Repository/Final Object Repo/Page_Update Add New Employee - ASSIST/DOB Date' is clicked on

2018-12-07 01:10:20 - [MESSAGE][PASSED] - Object: 'Object Repository/Final Object Repo/Page_Update Add New Employee - ASSIST/DOB Date' is clicked on

2018-12-07 01:10:20 - [TEST_STEP][PASSED] - delay: Delayed 2 second(s)

2018-12-07 01:10:22 - [MESSAGE][PASSED] - Delayed 2 second(s)

2018-12-07 01:10:22 - [TEST_STEP][PASSED] - click: Object: 'Object Repository/Final Object Repo/Page_Update Add New Employee - ASSIST/EmploymentStartDate Pop Up' is clicked on

2018-12-07 01:10:23 - [MESSAGE][PASSED] - Object: 'Object Repository/Final Object Repo/Page_Update Add New Employee - ASSIST/EmploymentStartDate Pop Up' is clicked on

2018-12-07 01:10:23 - [TEST_STEP][PASSED] - delay: Delayed 2 second(s)

2018-12-07 01:10:25 - [MESSAGE][PASSED] - Delayed 2 second(s)

2018-12-07 01:10:25 - [TEST_STEP][PASSED] - click: Object: 'Object Repository/Final Object Repo/Page_Update Add New Employee - ASSIST/Socso Employment StartDate Month' is clicked on

2018-12-07 01:10:25 - [MESSAGE][PASSED] - Object: 'Object Repository/Final Object Repo/Page_Update Add New Employee - ASSIST/Socso Employment StartDate Month' is clicked on

2018-12-07 01:10:25 - [TEST_STEP][PASSED] - delay: Delayed 1 second(s)

2018-12-07 01:10:26 - [MESSAGE][PASSED] - Delayed 1 second(s)

2018-12-07 01:10:26 - [TEST_STEP][PASSED] - click: Object: 'Object Repository/Final Object Repo/Page_Update Add New Employee - ASSIST/Select Socso Employement Startdate Month' is clicked on

2018-12-07 01:10:26 - [MESSAGE][PASSED] - Object: 'Object Repository/Final Object Repo/Page_Update Add New Employee - ASSIST/Select Socso Employement Startdate Month' is clicked on

2018-12-07 01:10:26 - [TEST_STEP][PASSED] - delay: Delayed 2 second(s)

2018-12-07 01:10:28 - [MESSAGE][PASSED] - Delayed 2 second(s)

2018-12-07 01:10:28 - [TEST_STEP][PASSED] - click: Object: 'Object Repository/Final Object Repo/Page_Update Add New Employee - ASSIST/Socso Employment StartDate Year' is clicked on

2018-12-07 01:10:28 - [MESSAGE][PASSED] - Object: 'Object Repository/Final Object Repo/Page_Update Add New Employee - ASSIST/Socso Employment StartDate Year' is clicked on

2018-12-07 01:10:28 - [TEST_STEP][PASSED] - delay: Delayed 1 second(s)

2018-12-07 01:10:29 - [MESSAGE][PASSED] - Delayed 1 second(s)

2018-12-07 01:10:29 - [TEST_STEP][PASSED] - click: Object: 'Object Repository/Final Object Repo/Page_Update Add New Employee - ASSIST/Select Socso Employment Startdate Year' is clicked on

2018-12-07 01:10:29 - [MESSAGE][PASSED] - Object: 'Object Repository/Final Object Repo/Page_Update Add New Employee - ASSIST/Select Socso Employment Startdate Year' is clicked on

2018-12-07 01:10:29 - [TEST_STEP][PASSED] - delay: Delayed 2 second(s)

2018-12-07 01:10:31 - [MESSAGE][PASSED] - Delayed 2 second(s)

2018-12-07 01:10:31 - [TEST_STEP][PASSED] - click: Object: 'Object Repository/Final Object Repo/Page_Update Add New Employee - ASSIST/Socso Employment Start Date Day' is clicked on

2018-12-07 01:10:31 - [MESSAGE][PASSED] - Object: 'Object Repository/Final Object Repo/Page_Update Add New Employee - ASSIST/Socso Employment Start Date Day' is clicked on

2018-12-07 01:10:31 - [TEST_STEP][PASSED] - delay: Delayed 2 second(s)

2018-12-07 01:10:33 - [MESSAGE][PASSED] - Delayed 2 second(s)

2018-12-07 01:10:33 - [TEST_STEP][PASSED] - click: Object: 'Object Repository/Final Object Repo/Page_Update Add New Employee - ASSIST/Save Button for Add Employee' is clicked on

2018-12-07 01:10:33 - [MESSAGE][PASSED] - Object: 'Object Repository/Final Object Repo/Page_Update Add New Employee - ASSIST/Save Button for Add Employee' is clicked on

2018-12-07 01:10:34 - [TEST_STEP][PASSED] - delay: Delayed 10 second(s)

2018-12-07 01:10:44 - [MESSAGE][PASSED] - Delayed 10 second(s)

2018-12-07 01:10:44 - [TEST_STEP][PASSED] - waitForElementClickable: Object 'Object Repository/Final Object Repo/Page_Update Add New Employee - ASSIST/Add Employee Button' is clickable

2018-12-07 01:10:44 - [MESSAGE][PASSED] - Object 'Object Repository/Final Object Repo/Page_Update Add New Employee - ASSIST/Add Employee Button' is clickable

2018-12-07 01:10:44 - [TEST_STEP][PASSED] - click: Object: 'Object Repository/Final Object Repo/Page_Update Add New Employee - ASSIST/Add Employee Button' is clicked on

2018-12-07 01:10:44 - [MESSAGE][PASSED] - Object: 'Object Repository/Final Object Repo/Page_Update Add New Employee - ASSIST/Add Employee Button' is clicked on

2018-12-07 01:10:44 - [TEST_STEP][PASSED] - delay: Delayed 4 second(s)

2018-12-07 01:10:48 - [MESSAGE][PASSED] - Delayed 4 second(s)

2018-12-07 01:10:48 - [TEST_STEP][PASSED] - setText: Text '000209039100' is set on object 'Object Repository/Final Object Repo/Page_Update Add New Employee - ASSIST/NRIC Input'

2018-12-07 01:10:48 - [MESSAGE][PASSED] - Text '000209039100' is set on object 'Object Repository/Final Object Repo/Page_Update Add New Employee - ASSIST/NRIC Input'

2018-12-07 01:10:48 - [TEST_STEP][PASSED] - click: Object: 'Object Repository/Final Object Repo/Page_Update Add New Employee - ASSIST/button for search for IC' is clicked on

2018-12-07 01:10:48 - [MESSAGE][PASSED] - Object: 'Object Repository/Final Object Repo/Page_Update Add New Employee - ASSIST/button for search for IC' is clicked on

2018-12-07 01:10:48 - [TEST_STEP][PASSED] - delay: Delayed 2 second(s)

2018-12-07 01:10:50 - [MESSAGE][PASSED] - Delayed 2 second(s)

2018-12-07 01:10:50 - [TEST_STEP][PASSED] - setText: Text 'Automate003 not eligible 1' is set on object 'Object Repository/Final Object Repo/Page_Update Add New Employee - ASSIST/Employee Name Input'

2018-12-07 01:10:51 - [MESSAGE][PASSED] - Text 'Automate003 not eligible 1' is set on object 'Object Repository/Final Object Repo/Page_Update Add New Employee - ASSIST/Employee Name Input'

2018-12-07 01:10:51 - [TEST_STEP][PASSED] - delay: Delayed 2 second(s)

2018-12-07 01:10:53 - [MESSAGE][PASSED] - Delayed 2 second(s)

2018-12-07 01:10:53 - [TEST_STEP][PASSED] - click: Object: 'Object Repository/Final Object Repo/Page_Update Add New Employee - ASSIST/DatePicker Pop Up' is clicked on

2018-12-07 01:10:53 - [MESSAGE][PASSED] - Object: 'Object Repository/Final Object Repo/Page_Update Add New Employee - ASSIST/DatePicker Pop Up' is clicked on

2018-12-07 01:10:53 - [TEST_STEP][PASSED] - delay: Delayed 2 second(s)

2018-12-07 01:10:55 - [MESSAGE][PASSED] - Delayed 2 second(s)

2018-12-07 01:10:55 - [TEST_STEP][PASSED] - click: Object: 'Object Repository/Final Object Repo/Page_Update Add New Employee - ASSIST/DOB Month' is clicked on

2018-12-07 01:10:55 - [MESSAGE][PASSED] - Object: 'Object Repository/Final Object Repo/Page_Update Add New Employee - ASSIST/DOB Month' is clicked on

2018-12-07 01:10:55 - [TEST_STEP][PASSED] - Statement - selectMonth = com.kms.katalon.core.webui.keyword.WebUiBuiltInKeywords.modifyObjectProperty(selectMonth, "xpath", "equals", "//body/div/div/div/select/option[@value="" + CurrentMonth + ""]", true): Modify property of object successfully

2018-12-07 01:10:55 - [MESSAGE][PASSED] - Modify property of object successfully

2018-12-07 01:10:55 - [TEST_STEP][PASSED] - click: Object: '' is clicked on

2018-12-07 01:10:55 - [MESSAGE][PASSED] - Object: '' is clicked on

2018-12-07 01:10:55 - [TEST_STEP][PASSED] - click: Object: 'Object Repository/Final Object Repo/Page_Update Add New Employee - ASSIST/DOB Year' is clicked on

2018-12-07 01:10:56 - [MESSAGE][PASSED] - Object: 'Object Repository/Final Object Repo/Page_Update Add New Employee - ASSIST/DOB Year' is clicked on

2018-12-07 01:10:56 - [TEST_STEP][PASSED] - Statement - selectYear = com.kms.katalon.core.webui.keyword.WebUiBuiltInKeywords.modifyObjectProperty(selectYear, "xpath", "equals", "//div/div/div/select/option[@value="" + EighteenYrsBefore + ""]", true): Modify property of object successfully

2018-12-07 01:10:56 - [MESSAGE][PASSED] - Modify property of object successfully

2018-12-07 01:10:56 - [TEST_STEP][PASSED] - click: Object: '' is clicked on

2018-12-07 01:10:56 - [MESSAGE][PASSED] - Object: '' is clicked on

2018-12-07 01:10:56 - [TEST_STEP][PASSED] - Statement - UpdatedSelectDate = com.kms.katalon.core.webui.keyword.WebUiBuiltInKeywords.modifyObjectProperty(com.kms.katalon.core.testobject.ObjectRepository.findTestObject(Final Object Repo/Page_Update Add New Employee - ASSIST/DOB Date), "xpath", "equals", "//body/div/table/tbody/tr/td/a[text()="" + OneDayBefore + ""]", true): Modify property of object successfully

2018-12-07 01:10:56 - [MESSAGE][PASSED] - Modify property of object successfully

2018-12-07 01:10:56 - [TEST_STEP][PASSED] - click: Object: 'Object Repository/Final Object Repo/Page_Update Add New Employee - ASSIST/DOB Date' is clicked on

2018-12-07 01:10:56 - [MESSAGE][PASSED] - Object: 'Object Repository/Final Object Repo/Page_Update Add New Employee - ASSIST/DOB Date' is clicked on

2018-12-07 01:10:56 - [TEST_STEP][PASSED] - delay: Delayed 2 second(s)

2018-12-07 01:10:58 - [MESSAGE][PASSED] - Delayed 2 second(s)

2018-12-07 01:10:58 - [TEST_STEP][PASSED] - click: Object: 'Object Repository/Final Object Repo/Page_Update Add New Employee - ASSIST/EmploymentStartDate Pop Up' is clicked on

2018-12-07 01:10:58 - [MESSAGE][PASSED] - Object: 'Object Repository/Final Object Repo/Page_Update Add New Employee - ASSIST/EmploymentStartDate Pop Up' is clicked on

2018-12-07 01:10:58 - [TEST_STEP][PASSED] - delay: Delayed 2 second(s)

2018-12-07 01:11:00 - [MESSAGE][PASSED] - Delayed 2 second(s)

2018-12-07 01:11:00 - [TEST_STEP][PASSED] - click: Object: 'Object Repository/Final Object Repo/Page_Update Add New Employee - ASSIST/Socso Employment StartDate Month' is clicked on

2018-12-07 01:11:00 - [MESSAGE][PASSED] - Object: 'Object Repository/Final Object Repo/Page_Update Add New Employee - ASSIST/Socso Employment StartDate Month' is clicked on

2018-12-07 01:11:00 - [TEST_STEP][PASSED] - delay: Delayed 1 second(s)

2018-12-07 01:11:01 - [MESSAGE][PASSED] - Delayed 1 second(s)

2018-12-07 01:11:01 - [TEST_STEP][PASSED] - click: Object: 'Object Repository/Final Object Repo/Page_Update Add New Employee - ASSIST/Select Socso Employement Startdate Month' is clicked on

2018-12-07 01:11:01 - [MESSAGE][PASSED] - Object: 'Object Repository/Final Object Repo/Page_Update Add New Employee - ASSIST/Select Socso Employement Startdate Month' is clicked on

2018-12-07 01:11:01 - [TEST_STEP][PASSED] - delay: Delayed 2 second(s)

2018-12-07 01:11:03 - [MESSAGE][PASSED] - Delayed 2 second(s)

2018-12-07 01:11:03 - [TEST_STEP][PASSED] - click: Object: 'Object Repository/Final Object Repo/Page_Update Add New Employee - ASSIST/Socso Employment StartDate Year' is clicked on

2018-12-07 01:11:04 - [MESSAGE][PASSED] - Object: 'Object Repository/Final Object Repo/Page_Update Add New Employee - ASSIST/Socso Employment StartDate Year' is clicked on

2018-12-07 01:11:04 - [TEST_STEP][PASSED] - delay: Delayed 1 second(s)

2018-12-07 01:11:05 - [MESSAGE][PASSED] - Delayed 1 second(s)

2018-12-07 01:11:05 - [TEST_STEP][PASSED] - click: Object: 'Object Repository/Final Object Repo/Page_Update Add New Employee - ASSIST/Select Socso Employment Startdate Year' is clicked on

2018-12-07 01:11:05 - [MESSAGE][PASSED] - Object: 'Object Repository/Final Object Repo/Page_Update Add New Employee - ASSIST/Select Socso Employment Startdate Year' is clicked on

2018-12-07 01:11:05 - [TEST_STEP][PASSED] - delay: Delayed 2 second(s)

2018-12-07 01:11:07 - [MESSAGE][PASSED] - Delayed 2 second(s)

2018-12-07 01:11:07 - [TEST_STEP][PASSED] - click: Object: 'Object Repository/Final Object Repo/Page_Update Add New Employee - ASSIST/Socso Employment Start Date Day' is clicked on

2018-12-07 01:11:07 - [MESSAGE][PASSED] - Object: 'Object Repository/Final Object Repo/Page_Update Add New Employee - ASSIST/Socso Employment Start Date Day' is clicked on

2018-12-07 01:11:07 - [TEST_STEP][PASSED] - delay: Delayed 2 second(s)

2018-12-07 01:11:09 - [MESSAGE][PASSED] - Delayed 2 second(s)

2018-12-07 01:11:09 - [TEST_STEP][PASSED] - click: Object: 'Object Repository/Final Object Repo/Page_Update Add New Employee - ASSIST/Save Button for Add Employee' is clicked on

2018-12-07 01:11:09 - [MESSAGE][PASSED] - Object: 'Object Repository/Final Object Repo/Page_Update Add New Employee - ASSIST/Save Button for Add Employee' is clicked on

2018-12-07 01:11:09 - [TEST_STEP][PASSED] - delay: Delayed 20 second(s)

2018-12-07 01:11:29 - [MESSAGE][PASSED] - Delayed 20 second(s)

2018-12-07 01:11:29 - [TEST_STEP][PASSED] - click: Object: 'Object Repository/Final Object Repo/Page_Update Add New Employee - ASSIST/Add Employee Button' is clicked on

2018-12-07 01:11:29 - [MESSAGE][PASSED] - Object: 'Object Repository/Final Object Repo/Page_Update Add New Employee - ASSIST/Add Employee Button' is clicked on

2018-12-07 01:11:29 - [TEST_STEP][PASSED] - delay: Delayed 4 second(s)

2018-12-07 01:11:33 - [MESSAGE][PASSED] - Delayed 4 second(s)

2018-12-07 01:11:33 - [TEST_STEP][PASSED] - setText: Text '600203039104' is set on object 'Object Repository/Final Object Repo/Page_Update Add New Employee - ASSIST/NRIC Input'

2018-12-07 01:11:34 - [MESSAGE][PASSED] - Text '600203039104' is set on object 'Object Repository/Final Object Repo/Page_Update Add New Employee - ASSIST/NRIC Input'

2018-12-07 01:11:34 - [TEST_STEP][PASSED] - click: Object: 'Object Repository/Final Object Repo/Page_Update Add New Employee - ASSIST/button for search for IC' is clicked on

2018-12-07 01:11:34 - [MESSAGE][PASSED] - Object: 'Object Repository/Final Object Repo/Page_Update Add New Employee - ASSIST/button for search for IC' is clicked on

2018-12-07 01:11:34 - [TEST_STEP][PASSED] - delay: Delayed 2 second(s)

2018-12-07 01:11:36 - [MESSAGE][PASSED] - Delayed 2 second(s)

2018-12-07 01:11:36 - [TEST_STEP][PASSED] - setText: Text 'Automate003 not eligible 2' is set on object 'Object Repository/Final Object Repo/Page_Update Add New Employee - ASSIST/Employee Name Input'

2018-12-07 01:11:36 - [MESSAGE][PASSED] - Text 'Automate003 not eligible 2' is set on object 'Object Repository/Final Object Repo/Page_Update Add New Employee - ASSIST/Employee Name Input'

2018-12-07 01:11:36 - [TEST_STEP][PASSED] - delay: Delayed 2 second(s)

2018-12-07 01:11:38 - [MESSAGE][PASSED] - Delayed 2 second(s)

2018-12-07 01:11:38 - [TEST_STEP][PASSED] - click: Object: 'Object Repository/Final Object Repo/Page_Update Add New Employee - ASSIST/DatePicker Pop Up' is clicked on

2018-12-07 01:11:39 - [MESSAGE][PASSED] - Object: 'Object Repository/Final Object Repo/Page_Update Add New Employee - ASSIST/DatePicker Pop Up' is clicked on

2018-12-07 01:11:39 - [TEST_STEP][PASSED] - delay: Delayed 2 second(s)

2018-12-07 01:11:41 - [MESSAGE][PASSED] - Delayed 2 second(s)

2018-12-07 01:11:41 - [TEST_STEP][PASSED] - click: Object: 'Object Repository/Final Object Repo/Page_Update Add New Employee - ASSIST/DOB Month' is clicked on

2018-12-07 01:11:41 - [MESSAGE][PASSED] - Object: 'Object Repository/Final Object Repo/Page_Update Add New Employee - ASSIST/DOB Month' is clicked on

2018-12-07 01:11:41 - [TEST_STEP][PASSED] - Statement - selectMonth = com.kms.katalon.core.webui.keyword.WebUiBuiltInKeywords.modifyObjectProperty(selectMonth, "xpath", "equals", "//body/div/div/div/select/option[@value="" + CurrentMonth + ""]", true): Modify property of object successfully

2018-12-07 01:11:41 - [MESSAGE][PASSED] - Modify property of object successfully

2018-12-07 01:11:41 - [TEST_STEP][PASSED] - click: Object: '' is clicked on

2018-12-07 01:11:41 - [MESSAGE][PASSED] - Object: '' is clicked on

2018-12-07 01:11:41 - [TEST_STEP][PASSED] - click: Object: 'Object Repository/Final Object Repo/Page_Update Add New Employee - ASSIST/DOB Year' is clicked on

2018-12-07 01:11:41 - [MESSAGE][PASSED] - Object: 'Object Repository/Final Object Repo/Page_Update Add New Employee - ASSIST/DOB Year' is clicked on

2018-12-07 01:11:41 - [TEST_STEP][PASSED] - Statement - selectYear = com.kms.katalon.core.webui.keyword.WebUiBuiltInKeywords.modifyObjectProperty(selectYear, "xpath", "equals", "//div/div/div/select/option[@value="" + FiftysevenYrsBefore + ""]", true): Modify property of object successfully

2018-12-07 01:11:41 - [MESSAGE][PASSED] - Modify property of object successfully

2018-12-07 01:11:41 - [TEST_STEP][PASSED] - click: Object: '' is clicked on

2018-12-07 01:11:41 - [MESSAGE][PASSED] - Object: '' is clicked on

2018-12-07 01:11:41 - [TEST_STEP][PASSED] - Statement - UpdatedSelectDate = com.kms.katalon.core.webui.keyword.WebUiBuiltInKeywords.modifyObjectProperty(com.kms.katalon.core.testobject.ObjectRepository.findTestObject(Final Object Repo/Page_Update Add New Employee - ASSIST/DOB Date), "xpath", "equals", "//body/div/table/tbody/tr/td/a[text()="" + CurrentDate + ""]", true): Modify property of object successfully

2018-12-07 01:11:41 - [MESSAGE][PASSED] - Modify property of object successfully

2018-12-07 01:11:41 - [TEST_STEP][PASSED] - click: Object: 'Object Repository/Final Object Repo/Page_Update Add New Employee - ASSIST/DOB Date' is clicked on

2018-12-07 01:11:41 - [MESSAGE][PASSED] - Object: 'Object Repository/Final Object Repo/Page_Update Add New Employee - ASSIST/DOB Date' is clicked on

2018-12-07 01:11:41 - [TEST_STEP][PASSED] - click: Object: 'Object Repository/Final Object Repo/Page_Update Add New Employee - ASSIST/EmploymentStartDate Pop Up' is clicked on

2018-12-07 01:11:42 - [MESSAGE][PASSED] - Object: 'Object Repository/Final Object Repo/Page_Update Add New Employee - ASSIST/EmploymentStartDate Pop Up' is clicked on

2018-12-07 01:11:42 - [TEST_STEP][PASSED] - delay: Delayed 2 second(s)

2018-12-07 01:11:44 - [MESSAGE][PASSED] - Delayed 2 second(s)

2018-12-07 01:11:44 - [TEST_STEP][PASSED] - click: Object: 'Object Repository/Final Object Repo/Page_Update Add New Employee - ASSIST/Socso Employment StartDate Month' is clicked on

2018-12-07 01:11:44 - [MESSAGE][PASSED] - Object: 'Object Repository/Final Object Repo/Page_Update Add New Employee - ASSIST/Socso Employment StartDate Month' is clicked on

2018-12-07 01:11:44 - [TEST_STEP][PASSED] - delay: Delayed 1 second(s)

2018-12-07 01:11:45 - [MESSAGE][PASSED] - Delayed 1 second(s)

2018-12-07 01:11:45 - [TEST_STEP][PASSED] - click: Object: 'Object Repository/Final Object Repo/Page_Update Add New Employee - ASSIST/Select Socso Employement Startdate Month' is clicked on

2018-12-07 01:11:45 - [MESSAGE][PASSED] - Object: 'Object Repository/Final Object Repo/Page_Update Add New Employee - ASSIST/Select Socso Employement Startdate Month' is clicked on

2018-12-07 01:11:45 - [TEST_STEP][PASSED] - delay: Delayed 2 second(s)

2018-12-07 01:11:47 - [MESSAGE][PASSED] - Delayed 2 second(s)

2018-12-07 01:11:47 - [TEST_STEP][PASSED] - click: Object: 'Object Repository/Final Object Repo/Page_Update Add New Employee - ASSIST/Socso Employment StartDate Year' is clicked on

2018-12-07 01:11:47 - [MESSAGE][PASSED] - Object: 'Object Repository/Final Object Repo/Page_Update Add New Employee - ASSIST/Socso Employment StartDate Year' is clicked on

2018-12-07 01:11:47 - [TEST_STEP][PASSED] - delay: Delayed 1 second(s)

2018-12-07 01:11:48 - [MESSAGE][PASSED] - Delayed 1 second(s)

2018-12-07 01:11:48 - [TEST_STEP][PASSED] - click: Object: 'Object Repository/Final Object Repo/Page_Update Add New Employee - ASSIST/Select Socso Employment Startdate Year' is clicked on

2018-12-07 01:11:48 - [MESSAGE][PASSED] - Object: 'Object Repository/Final Object Repo/Page_Update Add New Employee - ASSIST/Select Socso Employment Startdate Year' is clicked on

2018-12-07 01:11:48 - [TEST_STEP][PASSED] - delay: Delayed 2 second(s)

2018-12-07 01:11:50 - [MESSAGE][PASSED] - Delayed 2 second(s)

2018-12-07 01:11:50 - [TEST_STEP][PASSED] - click: Object: 'Object Repository/Final Object Repo/Page_Update Add New Employee - ASSIST/Socso Employment Start Date Day' is clicked on

2018-12-07 01:11:50 - [MESSAGE][PASSED] - Object: 'Object Repository/Final Object Repo/Page_Update Add New Employee - ASSIST/Socso Employment Start Date Day' is clicked on

2018-12-07 01:11:50 - [TEST_STEP][PASSED] - delay: Delayed 2 second(s)

2018-12-07 01:11:52 - [MESSAGE][PASSED] - Delayed 2 second(s)

2018-12-07 01:11:52 - [TEST_STEP][PASSED] - click: Object: 'Object Repository/Final Object Repo/Page_Update Add New Employee - ASSIST/Save Button for Add Employee' is clicked on

2018-12-07 01:11:53 - [MESSAGE][PASSED] - Object: 'Object Repository/Final Object Repo/Page_Update Add New Employee - ASSIST/Save Button for Add Employee' is clicked on

2018-12-07 01:11:53 - [MESSAGE][PASSED] - Call Test Case 'Test Cases/Final Aug 2018 - PKS Automation/Registration Module/Workflow/Update Add New Employee/Template/Employee Adding/Employee Adding Action Repeat IC - set 1' successfully

2018-12-07 01:11:53 - [MESSAGE][PASSED] - Call Test Case 'Test Cases/Final Aug 2018 - PKS Automation/Registration Module/Workflow/Update Add New Employee/Template/Employee Adding/Employee Set Decider' successfully

2018-12-07 01:11:53 - [TEST_STEP][PASSED] - delay: Delayed 4 second(s)

2018-12-07 01:11:57 - [MESSAGE][PASSED] - Delayed 4 second(s)

2018-12-07 01:11:57 - [TEST_STEP][PASSED] - Statement - CaseReferenceNo = com.kms.katalon.core.webui.keyword.WebUiBuiltInKeywords.getText(com.kms.katalon.core.testobject.ObjectRepository.findTestObject(Final Object Repo/Page_Update Add New Employee - ASSIST/RefNo)): Text of object 'Object Repository/Final Object Repo/Page_Update Add New Employee - ASSIST/RefNo' is: 'CAN12201800002275'

2018-12-07 01:11:57 - [MESSAGE][PASSED] - Text of object 'Object Repository/Final Object Repo/Page_Update Add New Employee - ASSIST/RefNo' is: 'CAN12201800002275'

2018-12-07 01:11:57 - [TEST_STEP][PASSED] - callTestCase: Call Test Case 'Test Cases/Final Aug 2018 - PKS Automation/Common/Reference Number Setter' successfully

2018-12-07 01:11:57 - [TEST_CASE][PASSED] - Test Cases/Final Aug 2018 - PKS Automation/Common/Reference Number Setter: Test Cases/Final Aug 2018 - PKS Automation/Common/Reference Number Setter

2018-12-07 01:11:57 - [TEST_STEP][PASSED] - Statement - RefNoOldFile = new java.io.File(C://Users//Admin//Desktop//PKS//Automation Reference Point//KatalonReference.txt): null

2018-12-07 01:11:57 - [TEST_STEP][PASSED] - Statement - RefNoOldFile.delete(): null

2018-12-07 01:11:57 - [TEST_STEP][PASSED] - delay: Delayed 5 second(s)

2018-12-07 01:12:02 - [MESSAGE][PASSED] - Delayed 5 second(s)

2018-12-07 01:12:02 - [TEST_STEP][PASSED] - Statement - RefNo = new java.io.File(C://Users//Admin//Desktop//PKS//Automation Reference Point//KatalonReference.txt): null

2018-12-07 01:12:02 - [TEST_STEP][PASSED] - Statement - f2 = new java.io.FileWriter(RefNo, false): null

2018-12-07 01:12:02 - [TEST_STEP][PASSED] - Statement - f2.write(CaseReferenceNo): null

2018-12-07 01:12:02 - [TEST_STEP][PASSED] - Statement - f2.close(): null

2018-12-07 01:12:02 - [TEST_STEP][PASSED] - Statement - out.println("


" + CaseReferenceNo + "


"): null

2018-12-07 01:12:02 - [MESSAGE][PASSED] - Call Test Case 'Test Cases/Final Aug 2018 - PKS Automation/Common/Reference Number Setter' successfully

2018-12-07 01:12:02 - [TEST_STEP][PASSED] - delay: Delayed 5 second(s)

2018-12-07 01:12:07 - [MESSAGE][PASSED] - Delayed 5 second(s)

2018-12-07 01:12:07 - [TEST_STEP][PASSED] - click: Object: 'Object Repository/Final Object Repo/Page_Update Add New Employee - ASSIST/Save  Continue Button' is clicked on

2018-12-07 01:12:07 - [MESSAGE][PASSED] - Object: 'Object Repository/Final Object Repo/Page_Update Add New Employee - ASSIST/Save  Continue Button' is clicked on

2018-12-07 01:12:07 - [TEST_STEP][PASSED] - delay: Delayed 4 second(s)

2018-12-07 01:12:11 - [MESSAGE][PASSED] - Delayed 4 second(s)

2018-12-07 01:12:11 - [TEST_STEP][PASSED] - click: Object: 'Object Repository/Final Object Repo/Page_Update Add New Employee - ASSIST/Save  Continue Third Screen' is clicked on

2018-12-07 01:12:14 - [MESSAGE][PASSED] - Object: 'Object Repository/Final Object Repo/Page_Update Add New Employee - ASSIST/Save  Continue Third Screen' is clicked on

2018-12-07 01:12:14 - [TEST_STEP][PASSED] - delay: Delayed 4 second(s)

2018-12-07 01:12:18 - [MESSAGE][PASSED] - Delayed 4 second(s)

2018-12-07 01:12:18 - [TEST_STEP][PASSED] - click: Object: 'Object Repository/Final Object Repo/Page_Update Add New Employee - ASSIST/Save   Continue Supporting Doc Page' is clicked on

2018-12-07 01:12:18 - [MESSAGE][PASSED] - Object: 'Object Repository/Final Object Repo/Page_Update Add New Employee - ASSIST/Save   Continue Supporting Doc Page' is clicked on

2018-12-07 01:12:18 - [TEST_STEP][PASSED] - delay: Delayed 4 second(s)

2018-12-07 01:12:22 - [MESSAGE][PASSED] - Delayed 4 second(s)

2018-12-07 01:12:22 - [TEST_STEP][PASSED] - click: Object: 'Object Repository/Final Object Repo/Page_Update Add New Employee - ASSIST/Submit Button' is clicked on

2018-12-07 01:12:22 - [MESSAGE][PASSED] - Object: 'Object Repository/Final Object Repo/Page_Update Add New Employee - ASSIST/Submit Button' is clicked on

2018-12-07 01:12:22 - [TEST_STEP][PASSED] - delay: Delayed 4 second(s)

2018-12-07 01:12:26 - [MESSAGE][PASSED] - Delayed 4 second(s)

2018-12-07 01:12:26 - [TEST_STEP][PASSED] - click: Object: 'Object Repository/Final Object Repo/Page_Update Add New Employee - ASSIST/Confirm Submit Button' is clicked on

2018-12-07 01:12:27 - [MESSAGE][PASSED] - Object: 'Object Repository/Final Object Repo/Page_Update Add New Employee - ASSIST/Confirm Submit Button' is clicked on

2018-12-07 01:12:27 - [TEST_STEP][PASSED] - delay: Delayed 30 second(s)

2018-12-07 01:12:57 - [MESSAGE][PASSED] - Delayed 30 second(s)

2018-12-07 01:12:57 - [TEST_STEP][PASSED] - callTestCase: Call Test Case 'Test Cases/Final Aug 2018 - PKS Automation/Common/Screenshoting tool' successfully

2018-12-07 01:12:57 - [TEST_CASE][PASSED] - Test Cases/Final Aug 2018 - PKS Automation/Common/Screenshoting tool: Test Cases/Final Aug 2018 - PKS Automation/Common/Screenshoting tool

2018-12-07 01:12:57 - [TEST_STEP][PASSED] - delay: Delayed 15 second(s)

2018-12-07 01:13:12 - [MESSAGE][PASSED] - Delayed 15 second(s)

2018-12-07 01:13:12 - [TEST_STEP][PASSED] - Statement - driver = com.kms.katalon.core.webui.driver.DriverFactory.getWebDriver(): null

2018-12-07 01:13:12 - [TEST_STEP][PASSED] - Statement - driver.manage().timeouts().implicitlyWait(10, SECONDS): null

2018-12-07 01:13:12 - [TEST_STEP][PASSED] - Statement - PresavePath = KatalonScreenshots: null

2018-12-07 01:13:12 - [TEST_STEP][PASSED] - Statement - pathPrefix = "C:\Users\Public\Pictures\Sample Pictures\Katalon Screenshots\Automate Ending Screen": null

2018-12-07 01:13:12 - [TEST_STEP][PASSED] - Statement - finalPath = <not implemented yet for class: org.codehaus.groovy.ast.expr.EmptyExpression>: null

2018-12-07 01:13:12 - [TEST_STEP][PASSED] - Statement - scrFile = driver.getScreenshotAs(FILE): null

2018-12-07 01:13:12 - [TEST_STEP][PASSED] - Statement - PreSaveFile = new java.io.File(PresavePath): null

2018-12-07 01:13:12 - [TEST_STEP][PASSED] - Statement - counter = 0: null

2018-12-07 01:13:12 - [TEST_STEP][PASSED] - Statement - If (PreSaveFile.exists()): null

2018-12-07 01:13:12 - [TEST_STEP][PASSED] - Statement - While (PreSaveFile.exists()): null

2018-12-07 01:13:12 - [TEST_STEP][PASSED] - Statement - counter = counter + 1: null

2018-12-07 01:13:12 - [TEST_STEP][PASSED] - Statement - PreSaveFile = new java.io.File(((pathPrefix + java.lang.Integer.toString(counter)) + .png)): null

2018-12-07 01:13:12 - [TEST_STEP][PASSED] - Statement - counter = counter + 1: null

2018-12-07 01:13:12 - [TEST_STEP][PASSED] - Statement - PreSaveFile = new java.io.File(((pathPrefix + java.lang.Integer.toString(counter)) + .png)): null

2018-12-07 01:13:12 - [TEST_STEP][PASSED] - Statement - counter = counter + 1: null

2018-12-07 01:13:12 - [TEST_STEP][PASSED] - Statement - PreSaveFile = new java.io.File(((pathPrefix + java.lang.Integer.toString(counter)) + .png)): null

2018-12-07 01:13:12 - [TEST_STEP][PASSED] - Statement - counter = counter + 1: null

2018-12-07 01:13:12 - [TEST_STEP][PASSED] - Statement - PreSaveFile = new java.io.File(((pathPrefix + java.lang.Integer.toString(counter)) + .png)): null

2018-12-07 01:13:12 - [TEST_STEP][PASSED] - Statement - counter = counter + 1: null

2018-12-07 01:13:12 - [TEST_STEP][PASSED] - Statement - PreSaveFile = new java.io.File(((pathPrefix + java.lang.Integer.toString(counter)) + .png)): null

2018-12-07 01:13:12 - [TEST_STEP][PASSED] - Statement - counter = counter + 1: null

2018-12-07 01:13:12 - [TEST_STEP][PASSED] - Statement - PreSaveFile = new java.io.File(((pathPrefix + java.lang.Integer.toString(counter)) + .png)): null

2018-12-07 01:13:12 - [TEST_STEP][PASSED] - Statement - counter = counter + 1: null

2018-12-07 01:13:12 - [TEST_STEP][PASSED] - Statement - PreSaveFile = new java.io.File(((pathPrefix + java.lang.Integer.toString(counter)) + .png)): null

2018-12-07 01:13:12 - [TEST_STEP][PASSED] - Statement - counter = counter + 1: null

2018-12-07 01:13:12 - [TEST_STEP][PASSED] - Statement - PreSaveFile = new java.io.File(((pathPrefix + java.lang.Integer.toString(counter)) + .png)): null

2018-12-07 01:13:12 - [TEST_STEP][PASSED] - Statement - counter = counter + 1: null

2018-12-07 01:13:12 - [TEST_STEP][PASSED] - Statement - PreSaveFile = new java.io.File(((pathPrefix + java.lang.Integer.toString(counter)) + .png)): null

2018-12-07 01:13:12 - [TEST_STEP][PASSED] - Statement - counter = counter + 1: null

2018-12-07 01:13:12 - [TEST_STEP][PASSED] - Statement - PreSaveFile = new java.io.File(((pathPrefix + java.lang.Integer.toString(counter)) + .png)): null

2018-12-07 01:13:12 - [TEST_STEP][PASSED] - Statement - counter = counter + 1: null

2018-12-07 01:13:12 - [TEST_STEP][PASSED] - Statement - PreSaveFile = new java.io.File(((pathPrefix + java.lang.Integer.toString(counter)) + .png)): null

2018-12-07 01:13:12 - [TEST_STEP][PASSED] - Statement - counter = counter + 1: null

2018-12-07 01:13:12 - [TEST_STEP][PASSED] - Statement - PreSaveFile = new java.io.File(((pathPrefix + java.lang.Integer.toString(counter)) + .png)): null

2018-12-07 01:13:12 - [TEST_STEP][PASSED] - Statement - counter = counter + 1: null

2018-12-07 01:13:12 - [TEST_STEP][PASSED] - Statement - PreSaveFile = new java.io.File(((pathPrefix + java.lang.Integer.toString(counter)) + .png)): null

2018-12-07 01:13:12 - [TEST_STEP][PASSED] - Statement - counter = counter + 1: null

2018-12-07 01:13:12 - [TEST_STEP][PASSED] - Statement - PreSaveFile = new java.io.File(((pathPrefix + java.lang.Integer.toString(counter)) + .png)): null

2018-12-07 01:13:12 - [TEST_STEP][PASSED] - Statement - counter = counter + 1: null

2018-12-07 01:13:12 - [TEST_STEP][PASSED] - Statement - PreSaveFile = new java.io.File(((pathPrefix + java.lang.Integer.toString(counter)) + .png)): null

2018-12-07 01:13:12 - [TEST_STEP][PASSED] - Statement - counter = counter + 1: null

2018-12-07 01:13:12 - [TEST_STEP][PASSED] - Statement - PreSaveFile = new java.io.File(((pathPrefix + java.lang.Integer.toString(counter)) + .png)): null

2018-12-07 01:13:12 - [TEST_STEP][PASSED] - Statement - counter = counter + 1: null

2018-12-07 01:13:12 - [TEST_STEP][PASSED] - Statement - PreSaveFile = new java.io.File(((pathPrefix + java.lang.Integer.toString(counter)) + .png)): null

2018-12-07 01:13:12 - [TEST_STEP][PASSED] - Statement - counter = counter + 1: null

2018-12-07 01:13:12 - [TEST_STEP][PASSED] - Statement - PreSaveFile = new java.io.File(((pathPrefix + java.lang.Integer.toString(counter)) + .png)): null

2018-12-07 01:13:12 - [TEST_STEP][PASSED] - Statement - counter = counter + 1: null

2018-12-07 01:13:12 - [TEST_STEP][PASSED] - Statement - PreSaveFile = new java.io.File(((pathPrefix + java.lang.Integer.toString(counter)) + .png)): null

2018-12-07 01:13:12 - [TEST_STEP][PASSED] - Statement - counter = counter + 1: null

2018-12-07 01:13:12 - [TEST_STEP][PASSED] - Statement - PreSaveFile = new java.io.File(((pathPrefix + java.lang.Integer.toString(counter)) + .png)): null

2018-12-07 01:13:12 - [TEST_STEP][PASSED] - Statement - counter = counter + 1: null

2018-12-07 01:13:12 - [TEST_STEP][PASSED] - Statement - PreSaveFile = new java.io.File(((pathPrefix + java.lang.Integer.toString(counter)) + .png)): null

2018-12-07 01:13:12 - [TEST_STEP][PASSED] - Statement - counter = counter + 1: null

2018-12-07 01:13:12 - [TEST_STEP][PASSED] - Statement - PreSaveFile = new java.io.File(((pathPrefix + java.lang.Integer.toString(counter)) + .png)): null

2018-12-07 01:13:12 - [TEST_STEP][PASSED] - Statement - counter = counter + 1: null

2018-12-07 01:13:12 - [TEST_STEP][PASSED] - Statement - PreSaveFile = new java.io.File(((pathPrefix + java.lang.Integer.toString(counter)) + .png)): null

2018-12-07 01:13:12 - [TEST_STEP][PASSED] - Statement - counter = counter + 1: null

2018-12-07 01:13:12 - [TEST_STEP][PASSED] - Statement - PreSaveFile = new java.io.File(((pathPrefix + java.lang.Integer.toString(counter)) + .png)): null

2018-12-07 01:13:12 - [TEST_STEP][PASSED] - Statement - counter = counter + 1: null

2018-12-07 01:13:12 - [TEST_STEP][PASSED] - Statement - PreSaveFile = new java.io.File(((pathPrefix + java.lang.Integer.toString(counter)) + .png)): null

2018-12-07 01:13:12 - [TEST_STEP][PASSED] - Statement - counter = counter + 1: null

2018-12-07 01:13:12 - [TEST_STEP][PASSED] - Statement - PreSaveFile = new java.io.File(((pathPrefix + java.lang.Integer.toString(counter)) + .png)): null

2018-12-07 01:13:12 - [TEST_STEP][PASSED] - Statement - counter = counter + 1: null

2018-12-07 01:13:12 - [TEST_STEP][PASSED] - Statement - PreSaveFile = new java.io.File(((pathPrefix + java.lang.Integer.toString(counter)) + .png)): null

2018-12-07 01:13:12 - [TEST_STEP][PASSED] - Statement - counter = counter + 1: null

2018-12-07 01:13:12 - [TEST_STEP][PASSED] - Statement - PreSaveFile = new java.io.File(((pathPrefix + java.lang.Integer.toString(counter)) + .png)): null

2018-12-07 01:13:12 - [TEST_STEP][PASSED] - Statement - counter = counter + 1: null

2018-12-07 01:13:12 - [TEST_STEP][PASSED] - Statement - PreSaveFile = new java.io.File(((pathPrefix + java.lang.Integer.toString(counter)) + .png)): null

2018-12-07 01:13:12 - [TEST_STEP][PASSED] - Statement - counter = counter + 1: null

2018-12-07 01:13:12 - [TEST_STEP][PASSED] - Statement - PreSaveFile = new java.io.File(((pathPrefix + java.lang.Integer.toString(counter)) + .png)): null

2018-12-07 01:13:12 - [TEST_STEP][PASSED] - Statement - counter = counter + 1: null

2018-12-07 01:13:12 - [TEST_STEP][PASSED] - Statement - PreSaveFile = new java.io.File(((pathPrefix + java.lang.Integer.toString(counter)) + .png)): null

2018-12-07 01:13:12 - [TEST_STEP][PASSED] - Statement - counter = counter + 1: null

2018-12-07 01:13:12 - [TEST_STEP][PASSED] - Statement - PreSaveFile = new java.io.File(((pathPrefix + java.lang.Integer.toString(counter)) + .png)): null

2018-12-07 01:13:12 - [TEST_STEP][PASSED] - Statement - counter = counter + 1: null

2018-12-07 01:13:12 - [TEST_STEP][PASSED] - Statement - PreSaveFile = new java.io.File(((pathPrefix + java.lang.Integer.toString(counter)) + .png)): null

2018-12-07 01:13:12 - [TEST_STEP][PASSED] - Statement - counter = counter + 1: null

2018-12-07 01:13:12 - [TEST_STEP][PASSED] - Statement - PreSaveFile = new java.io.File(((pathPrefix + java.lang.Integer.toString(counter)) + .png)): null

2018-12-07 01:13:12 - [TEST_STEP][PASSED] - Statement - counter = counter + 1: null

2018-12-07 01:13:12 - [TEST_STEP][PASSED] - Statement - PreSaveFile = new java.io.File(((pathPrefix + java.lang.Integer.toString(counter)) + .png)): null

2018-12-07 01:13:12 - [TEST_STEP][PASSED] - Statement - counter = counter + 1: null

2018-12-07 01:13:12 - [TEST_STEP][PASSED] - Statement - PreSaveFile = new java.io.File(((pathPrefix + java.lang.Integer.toString(counter)) + .png)): null

2018-12-07 01:13:12 - [TEST_STEP][PASSED] - Statement - counter = counter + 1: null

2018-12-07 01:13:12 - [TEST_STEP][PASSED] - Statement - PreSaveFile = new java.io.File(((pathPrefix + java.lang.Integer.toString(counter)) + .png)): null

2018-12-07 01:13:12 - [TEST_STEP][PASSED] - Statement - counter = counter + 1: null

2018-12-07 01:13:12 - [TEST_STEP][PASSED] - Statement - PreSaveFile = new java.io.File(((pathPrefix + java.lang.Integer.toString(counter)) + .png)): null

2018-12-07 01:13:12 - [TEST_STEP][PASSED] - Statement - counter = counter + 1: null

2018-12-07 01:13:12 - [TEST_STEP][PASSED] - Statement - PreSaveFile = new java.io.File(((pathPrefix + java.lang.Integer.toString(counter)) + .png)): null

2018-12-07 01:13:12 - [TEST_STEP][PASSED] - Statement - counter = counter + 1: null

2018-12-07 01:13:12 - [TEST_STEP][PASSED] - Statement - PreSaveFile = new java.io.File(((pathPrefix + java.lang.Integer.toString(counter)) + .png)): null

2018-12-07 01:13:12 - [TEST_STEP][PASSED] - Statement - counter = counter + 1: null

2018-12-07 01:13:12 - [TEST_STEP][PASSED] - Statement - PreSaveFile = new java.io.File(((pathPrefix + java.lang.Integer.toString(counter)) + .png)): null

2018-12-07 01:13:12 - [TEST_STEP][PASSED] - Statement - counter = counter + 1: null

2018-12-07 01:13:12 - [TEST_STEP][PASSED] - Statement - PreSaveFile = new java.io.File(((pathPrefix + java.lang.Integer.toString(counter)) + .png)): null

2018-12-07 01:13:12 - [TEST_STEP][PASSED] - Statement - counter = counter + 1: null

2018-12-07 01:13:12 - [TEST_STEP][PASSED] - Statement - PreSaveFile = new java.io.File(((pathPrefix + java.lang.Integer.toString(counter)) + .png)): null

2018-12-07 01:13:12 - [TEST_STEP][PASSED] - Statement - counter = counter + 1: null

2018-12-07 01:13:12 - [TEST_STEP][PASSED] - Statement - PreSaveFile = new java.io.File(((pathPrefix + java.lang.Integer.toString(counter)) + .png)): null

2018-12-07 01:13:12 - [TEST_STEP][PASSED] - Statement - counter = counter + 1: null

2018-12-07 01:13:12 - [TEST_STEP][PASSED] - Statement - PreSaveFile = new java.io.File(((pathPrefix + java.lang.Integer.toString(counter)) + .png)): null

2018-12-07 01:13:12 - [TEST_STEP][PASSED] - Statement - counter = counter + 1: null

2018-12-07 01:13:12 - [TEST_STEP][PASSED] - Statement - PreSaveFile = new java.io.File(((pathPrefix + java.lang.Integer.toString(counter)) + .png)): null

2018-12-07 01:13:12 - [TEST_STEP][PASSED] - Statement - counter = counter + 1: null

2018-12-07 01:13:12 - [TEST_STEP][PASSED] - Statement - PreSaveFile = new java.io.File(((pathPrefix + java.lang.Integer.toString(counter)) + .png)): null

2018-12-07 01:13:12 - [TEST_STEP][PASSED] - Statement - counter = counter + 1: null

2018-12-07 01:13:12 - [TEST_STEP][PASSED] - Statement - PreSaveFile = new java.io.File(((pathPrefix + java.lang.Integer.toString(counter)) + .png)): null

2018-12-07 01:13:12 - [TEST_STEP][PASSED] - Statement - counter = counter + 1: null

2018-12-07 01:13:12 - [TEST_STEP][PASSED] - Statement - PreSaveFile = new java.io.File(((pathPrefix + java.lang.Integer.toString(counter)) + .png)): null

2018-12-07 01:13:12 - [TEST_STEP][PASSED] - Statement - counter = counter + 1: null

2018-12-07 01:13:12 - [TEST_STEP][PASSED] - Statement - PreSaveFile = new java.io.File(((pathPrefix + java.lang.Integer.toString(counter)) + .png)): null

2018-12-07 01:13:12 - [TEST_STEP][PASSED] - Statement - counter = counter + 1: null

2018-12-07 01:13:12 - [TEST_STEP][PASSED] - Statement - PreSaveFile = new java.io.File(((pathPrefix + java.lang.Integer.toString(counter)) + .png)): null

2018-12-07 01:13:12 - [TEST_STEP][PASSED] - Statement - counter = counter + 1: null

2018-12-07 01:13:12 - [TEST_STEP][PASSED] - Statement - PreSaveFile = new java.io.File(((pathPrefix + java.lang.Integer.toString(counter)) + .png)): null

2018-12-07 01:13:12 - [TEST_STEP][PASSED] - Statement - counter = counter + 1: null

2018-12-07 01:13:12 - [TEST_STEP][PASSED] - Statement - PreSaveFile = new java.io.File(((pathPrefix + java.lang.Integer.toString(counter)) + .png)): null

2018-12-07 01:13:12 - [TEST_STEP][PASSED] - Statement - counter = counter + 1: null

2018-12-07 01:13:12 - [TEST_STEP][PASSED] - Statement - PreSaveFile = new java.io.File(((pathPrefix + java.lang.Integer.toString(counter)) + .png)): null

2018-12-07 01:13:12 - [TEST_STEP][PASSED] - Statement - counter = counter + 1: null

2018-12-07 01:13:12 - [TEST_STEP][PASSED] - Statement - PreSaveFile = new java.io.File(((pathPrefix + java.lang.Integer.toString(counter)) + .png)): null

2018-12-07 01:13:12 - [TEST_STEP][PASSED] - Statement - counter = counter + 1: null

2018-12-07 01:13:12 - [TEST_STEP][PASSED] - Statement - PreSaveFile = new java.io.File(((pathPrefix + java.lang.Integer.toString(counter)) + .png)): null

2018-12-07 01:13:12 - [TEST_STEP][PASSED] - Statement - counter = counter + 1: null

2018-12-07 01:13:12 - [TEST_STEP][PASSED] - Statement - PreSaveFile = new java.io.File(((pathPrefix + java.lang.Integer.toString(counter)) + .png)): null

2018-12-07 01:13:12 - [TEST_STEP][PASSED] - Statement - counter = counter + 1: null

2018-12-07 01:13:12 - [TEST_STEP][PASSED] - Statement - PreSaveFile = new java.io.File(((pathPrefix + java.lang.Integer.toString(counter)) + .png)): null

2018-12-07 01:13:12 - [TEST_STEP][PASSED] - Statement - counter = counter + 1: null

2018-12-07 01:13:12 - [TEST_STEP][PASSED] - Statement - PreSaveFile = new java.io.File(((pathPrefix + java.lang.Integer.toString(counter)) + .png)): null

2018-12-07 01:13:12 - [TEST_STEP][PASSED] - Statement - counter = counter + 1: null

2018-12-07 01:13:12 - [TEST_STEP][PASSED] - Statement - PreSaveFile = new java.io.File(((pathPrefix + java.lang.Integer.toString(counter)) + .png)): null

2018-12-07 01:13:12 - [TEST_STEP][PASSED] - Statement - counter = counter + 1: null

2018-12-07 01:13:12 - [TEST_STEP][PASSED] - Statement - PreSaveFile = new java.io.File(((pathPrefix + java.lang.Integer.toString(counter)) + .png)): null

2018-12-07 01:13:12 - [TEST_STEP][PASSED] - Statement - counter = counter + 1: null

2018-12-07 01:13:12 - [TEST_STEP][PASSED] - Statement - PreSaveFile = new java.io.File(((pathPrefix + java.lang.Integer.toString(counter)) + .png)): null

2018-12-07 01:13:12 - [TEST_STEP][PASSED] - Statement - counter = counter + 1: null

2018-12-07 01:13:12 - [TEST_STEP][PASSED] - Statement - PreSaveFile = new java.io.File(((pathPrefix + java.lang.Integer.toString(counter)) + .png)): null

2018-12-07 01:13:12 - [TEST_STEP][PASSED] - Statement - counter = counter + 1: null

2018-12-07 01:13:12 - [TEST_STEP][PASSED] - Statement - PreSaveFile = new java.io.File(((pathPrefix + java.lang.Integer.toString(counter)) + .png)): null

2018-12-07 01:13:12 - [TEST_STEP][PASSED] - Statement - counter = counter + 1: null

2018-12-07 01:13:12 - [TEST_STEP][PASSED] - Statement - PreSaveFile = new java.io.File(((pathPrefix + java.lang.Integer.toString(counter)) + .png)): null

2018-12-07 01:13:12 - [TEST_STEP][PASSED] - Statement - counter = counter + 1: null

2018-12-07 01:13:12 - [TEST_STEP][PASSED] - Statement - PreSaveFile = new java.io.File(((pathPrefix + java.lang.Integer.toString(counter)) + .png)): null

2018-12-07 01:13:12 - [TEST_STEP][PASSED] - Statement - counter = counter + 1: null

2018-12-07 01:13:12 - [TEST_STEP][PASSED] - Statement - PreSaveFile = new java.io.File(((pathPrefix + java.lang.Integer.toString(counter)) + .png)): null

2018-12-07 01:13:12 - [TEST_STEP][PASSED] - Statement - counter = counter + 1: null

2018-12-07 01:13:12 - [TEST_STEP][PASSED] - Statement - PreSaveFile = new java.io.File(((pathPrefix + java.lang.Integer.toString(counter)) + .png)): null

2018-12-07 01:13:12 - [TEST_STEP][PASSED] - Statement - counter = counter + 1: null

2018-12-07 01:13:12 - [TEST_STEP][PASSED] - Statement - PreSaveFile = new java.io.File(((pathPrefix + java.lang.Integer.toString(counter)) + .png)): null

2018-12-07 01:13:12 - [TEST_STEP][PASSED] - Statement - counter = counter + 1: null

2018-12-07 01:13:12 - [TEST_STEP][PASSED] - Statement - PreSaveFile = new java.io.File(((pathPrefix + java.lang.Integer.toString(counter)) + .png)): null

2018-12-07 01:13:12 - [TEST_STEP][PASSED] - Statement - counter = counter + 1: null

2018-12-07 01:13:12 - [TEST_STEP][PASSED] - Statement - PreSaveFile = new java.io.File(((pathPrefix + java.lang.Integer.toString(counter)) + .png)): null

2018-12-07 01:13:12 - [TEST_STEP][PASSED] - Statement - counter = counter + 1: null

2018-12-07 01:13:12 - [TEST_STEP][PASSED] - Statement - PreSaveFile = new java.io.File(((pathPrefix + java.lang.Integer.toString(counter)) + .png)): null

2018-12-07 01:13:12 - [TEST_STEP][PASSED] - Statement - counter = counter + 1: null

2018-12-07 01:13:12 - [TEST_STEP][PASSED] - Statement - PreSaveFile = new java.io.File(((pathPrefix + java.lang.Integer.toString(counter)) + .png)): null

2018-12-07 01:13:12 - [TEST_STEP][PASSED] - Statement - counter = counter + 1: null

2018-12-07 01:13:12 - [TEST_STEP][PASSED] - Statement - PreSaveFile = new java.io.File(((pathPrefix + java.lang.Integer.toString(counter)) + .png)): null

2018-12-07 01:13:12 - [TEST_STEP][PASSED] - Statement - counter = counter + 1: null

2018-12-07 01:13:12 - [TEST_STEP][PASSED] - Statement - PreSaveFile = new java.io.File(((pathPrefix + java.lang.Integer.toString(counter)) + .png)): null

2018-12-07 01:13:12 - [TEST_STEP][PASSED] - Statement - counter = counter + 1: null

2018-12-07 01:13:12 - [TEST_STEP][PASSED] - Statement - PreSaveFile = new java.io.File(((pathPrefix + java.lang.Integer.toString(counter)) + .png)): null

2018-12-07 01:13:12 - [TEST_STEP][PASSED] - Statement - counter = counter + 1: null

2018-12-07 01:13:12 - [TEST_STEP][PASSED] - Statement - PreSaveFile = new java.io.File(((pathPrefix + java.lang.Integer.toString(counter)) + .png)): null

2018-12-07 01:13:12 - [TEST_STEP][PASSED] - Statement - counter = counter + 1: null

2018-12-07 01:13:12 - [TEST_STEP][PASSED] - Statement - PreSaveFile = new java.io.File(((pathPrefix + java.lang.Integer.toString(counter)) + .png)): null

2018-12-07 01:13:12 - [TEST_STEP][PASSED] - Statement - counter = counter + 1: null

2018-12-07 01:13:12 - [TEST_STEP][PASSED] - Statement - PreSaveFile = new java.io.File(((pathPrefix + java.lang.Integer.toString(counter)) + .png)): null

2018-12-07 01:13:12 - [TEST_STEP][PASSED] - Statement - counter = counter + 1: null

2018-12-07 01:13:12 - [TEST_STEP][PASSED] - Statement - PreSaveFile = new java.io.File(((pathPrefix + java.lang.Integer.toString(counter)) + .png)): null

2018-12-07 01:13:12 - [TEST_STEP][PASSED] - Statement - counter = counter + 1: null

2018-12-07 01:13:12 - [TEST_STEP][PASSED] - Statement - PreSaveFile = new java.io.File(((pathPrefix + java.lang.Integer.toString(counter)) + .png)): null

2018-12-07 01:13:12 - [TEST_STEP][PASSED] - Statement - counter = counter + 1: null

2018-12-07 01:13:12 - [TEST_STEP][PASSED] - Statement - PreSaveFile = new java.io.File(((pathPrefix + java.lang.Integer.toString(counter)) + .png)): null

2018-12-07 01:13:12 - [TEST_STEP][PASSED] - Statement - finalPath = pathPrefix + java.lang.Integer.toString(counter) + ".png": null

2018-12-07 01:13:12 - [TEST_STEP][PASSED] - Statement - SaveFile = new java.io.File(finalPath): null

2018-12-07 01:13:12 - [TEST_STEP][PASSED] - Statement - Try: null

2018-12-07 01:13:12 - [TEST_STEP][PASSED] - Statement - org.apache.commons.io.FileUtils.copyFile(scrFile, SaveFile): null

2018-12-07 01:13:12 - [TEST_STEP][PASSED] - Statement - out.println("file kept"): null

2018-12-07 01:13:12 - [TEST_STEP][PASSED] - delay: Delayed 10 second(s)

2018-12-07 01:13:22 - [MESSAGE][PASSED] - Delayed 10 second(s)

2018-12-07 01:13:22 - [MESSAGE][PASSED] - Call Test Case 'Test Cases/Final Aug 2018 - PKS Automation/Common/Screenshoting tool' successfully

2018-12-07 01:13:22 - [TEST_STEP][PASSED] - callTestCase: Call Test Case 'Test Cases/Final Aug 2018 - PKS Automation/Registration Module/Log Out/log out avoiding katalon tagging' successfully

2018-12-07 01:13:22 - [TEST_CASE][PASSED] - Test Cases/Final Aug 2018 - PKS Automation/Registration Module/Log Out/log out avoiding katalon tagging: Test Cases/Final Aug 2018 - PKS Automation/Registration Module/Log Out/log out avoiding katalon tagging

2018-12-07 01:13:22 - [TEST_STEP][PASSED] - navigateToUrl: Navigate to 'https://assist2-uat.perkeso.gov.my/c/portal/logout' successfully

2018-12-07 01:13:23 - [MESSAGE][PASSED] - Navigate to 'https://assist2-uat.perkeso.gov.my/c/portal/logout' successfully

2018-12-07 01:13:23 - [MESSAGE][PASSED] - Call Test Case 'Test Cases/Final Aug 2018 - PKS Automation/Registration Module/Log Out/log out avoiding katalon tagging' successfully

2018-12-07 01:13:23 - [TEST_STEP][PASSED] - callTestCase: Call Test Case 'Test Cases/Final Aug 2018 - PKS Automation/Common/Workflow Owner Finder' successfully

2018-12-07 01:13:23 - [TEST_CASE][PASSED] - Test Cases/Final Aug 2018 - PKS Automation/Common/Workflow Owner Finder: Test Cases/Final Aug 2018 - PKS Automation/Common/Workflow Owner Finder

2018-12-07 01:13:23 - [TEST_STEP][PASSED] - openBrowser: Browser is opened with url: ''

2018-12-07 01:13:23 - [MESSAGE][WARNING] - A browser is already opened. Closing browser and opening a new one

2018-12-07 01:13:28 - [MESSAGE][PASSED] - Browser is opened with url: ''

2018-12-07 01:13:28 - [TEST_STEP][PASSED] - navigateToUrl: Navigate to 'https://assist2-uat.perkeso.gov.my/login' successfully

2018-12-07 01:13:29 - [MESSAGE][PASSED] - Navigate to 'https://assist2-uat.perkeso.gov.my/login' successfully

2018-12-07 01:13:29 - [TEST_STEP][PASSED] - delay: Delayed 5 second(s)

2018-12-07 01:13:34 - [MESSAGE][PASSED] - Delayed 5 second(s)

2018-12-07 01:13:34 - [TEST_STEP][PASSED] - setText: Text 'test@liferay.com' is set on object 'Object Repository/Final Object Repo/Login Page/Internal User/Email Address'

2018-12-07 01:13:34 - [MESSAGE][PASSED] - Text 'test@liferay.com' is set on object 'Object Repository/Final Object Repo/Login Page/Internal User/Email Address'

2018-12-07 01:13:34 - [TEST_STEP][PASSED] - click: Object: 'Object Repository/Final Object Repo/Login Page/Internal User/Next Button' is clicked on

2018-12-07 01:13:34 - [MESSAGE][PASSED] - Object: 'Object Repository/Final Object Repo/Login Page/Internal User/Next Button' is clicked on

2018-12-07 01:13:34 - [TEST_STEP][PASSED] - delay: Delayed 2 second(s)

2018-12-07 01:13:36 - [MESSAGE][PASSED] - Delayed 2 second(s)

2018-12-07 01:13:36 - [TEST_STEP][PASSED] - setText: Text 'test' is set on object 'Object Repository/Final Object Repo/Login Page/Internal User/Password'

2018-12-07 01:13:36 - [MESSAGE][PASSED] - Text 'test' is set on object 'Object Repository/Final Object Repo/Login Page/Internal User/Password'

2018-12-07 01:13:36 - [TEST_STEP][PASSED] - delay: Delayed 2 second(s)

2018-12-07 01:13:38 - [MESSAGE][PASSED] - Delayed 2 second(s)

2018-12-07 01:13:38 - [TEST_STEP][PASSED] - click: Object: 'Object Repository/Final Object Repo/Login Page/Internal User/Login Button' is clicked on

2018-12-07 01:13:39 - [MESSAGE][PASSED] - Object: 'Object Repository/Final Object Repo/Login Page/Internal User/Login Button' is clicked on

2018-12-07 01:13:39 - [TEST_STEP][PASSED] - Statement - tester = com.kms.katalon.core.testobject.ObjectRepository.findTestObject(Final Object Repo/Landing Page/Select to English): Finding Test Object with id 'Object Repository/Final Object Repo/Landing Page/Select to English'

2018-12-07 01:13:39 - [TEST_STEP][PASSED] - Statement - Try: Delayed 2 second(s)

2018-12-07 01:13:39 - [TEST_STEP][PASSED] - Statement - Checker = com.kms.katalon.core.webui.keyword.WebUiBuiltInKeywords.verifyElementNotPresent(tester, 3): Web element with id: 'Object Repository/Final Object Repo/Landing Page/Select to English' located by 'By.xpath: //a[@class = 'taglib-language-list-text' and @lang = 'en-US' and (contains(text(), 'EN') or contains(., 'EN'))]' is not present after '3' second(s)

2018-12-07 01:13:41 - [MESSAGE][PASSED] - Web element with id: 'Object Repository/Final Object Repo/Landing Page/Select to English' located by 'By.xpath: //a[@class = 'taglib-language-list-text' and @lang = 'en-US' and (contains(text(), 'EN') or contains(., 'EN'))]' is not present after '3' second(s)

2018-12-07 01:13:41 - [TEST_STEP][PASSED] - Statement - If (Checker == false): null

2018-12-07 01:13:41 - [TEST_STEP][PASSED] - delay: Delayed 2 second(s)

2018-12-07 01:13:43 - [MESSAGE][PASSED] - Delayed 2 second(s)

2018-12-07 01:13:43 - [TEST_STEP][PASSED] - delay: Delayed 5 second(s)

2018-12-07 01:13:48 - [MESSAGE][PASSED] - Delayed 5 second(s)

2018-12-07 01:13:48 - [TEST_STEP][PASSED] - mouseOver: Object: 'Object Repository/Final Object Repo/Landing Page/WorkFlow Menu' is hovered

2018-12-07 01:13:48 - [MESSAGE][PASSED] - Object: 'Object Repository/Final Object Repo/Landing Page/WorkFlow Menu' is hovered

2018-12-07 01:13:48 - [TEST_STEP][PASSED] - delay: Delayed 2 second(s)

2018-12-07 01:13:50 - [MESSAGE][PASSED] - Delayed 2 second(s)

2018-12-07 01:13:50 - [TEST_STEP][PASSED] - click: Object: 'Object Repository/Final Object Repo/Landing Page/Select to Workflow Listing' is clicked on

2018-12-07 01:13:51 - [MESSAGE][PASSED] - Object: 'Object Repository/Final Object Repo/Landing Page/Select to Workflow Listing' is clicked on

2018-12-07 01:13:51 - [TEST_STEP][PASSED] - delay: Delayed 2 second(s)

2018-12-07 01:13:53 - [MESSAGE][PASSED] - Delayed 2 second(s)

2018-12-07 01:13:53 - [TEST_STEP][PASSED] - click: Object: 'Object Repository/Final Object Repo/WorkFlow Listing Page/Search Information - To Put Ref No' is clicked on

2018-12-07 01:13:53 - [MESSAGE][PASSED] - Object: 'Object Repository/Final Object Repo/WorkFlow Listing Page/Search Information - To Put Ref No' is clicked on

2018-12-07 01:13:53 - [TEST_STEP][PASSED] - delay: Delayed 2 second(s)

2018-12-07 01:13:55 - [MESSAGE][PASSED] - Delayed 2 second(s)

2018-12-07 01:13:55 - [TEST_STEP][PASSED] - callTestCase: Call Test Case 'Test Cases/Final Aug 2018 - PKS Automation/Common/Reference Number Getter' successfully

2018-12-07 01:13:55 - [TEST_CASE][PASSED] - Test Cases/Final Aug 2018 - PKS Automation/Common/Reference Number Getter: Test Cases/Final Aug 2018 - PKS Automation/Common/Reference Number Getter

2018-12-07 01:13:55 - [TEST_STEP][PASSED] - Statement - Try: null

2018-12-07 01:13:55 - [TEST_STEP][PASSED] - Statement - RefNo = new java.io.File(C://Users//Admin//Desktop//PKS//Automation Reference Point//KatalonReference.txt): null

2018-12-07 01:13:55 - [TEST_STEP][PASSED] - Statement - bufferread = new java.io.BufferedReader(new java.io.FileReader(RefNo)): null

2018-12-07 01:13:55 - [TEST_STEP][PASSED] - Statement - readedVal = bufferread.readLine(): null

2018-12-07 01:13:55 - [TEST_STEP][PASSED] - Statement - out.println(CaseReferenceNo): null

2018-12-07 01:13:55 - [TEST_STEP][PASSED] - Statement - out.println(readedVal): null

2018-12-07 01:13:55 - [TEST_STEP][PASSED] - Statement - CaseReferenceNo = "": null

2018-12-07 01:13:55 - [TEST_STEP][PASSED] - Statement - CaseReferenceNo = readedVal: null

2018-12-07 01:13:55 - [MESSAGE][PASSED] - Call Test Case 'Test Cases/Final Aug 2018 - PKS Automation/Common/Reference Number Getter' successfully

2018-12-07 01:13:55 - [TEST_STEP][PASSED] - setText: Text 'CAN12201800002275' is set on object 'Object Repository/Final Object Repo/WorkFlow Listing Page/Ref No Set Text'

2018-12-07 01:13:56 - [MESSAGE][PASSED] - Text 'CAN12201800002275' is set on object 'Object Repository/Final Object Repo/WorkFlow Listing Page/Ref No Set Text'

2018-12-07 01:13:56 - [TEST_STEP][PASSED] - delay: Delayed 2 second(s)

2018-12-07 01:13:58 - [MESSAGE][PASSED] - Delayed 2 second(s)

2018-12-07 01:13:58 - [TEST_STEP][PASSED] - click: Object: 'Object Repository/Final Object Repo/WorkFlow Listing Page/Search Ref No Search Button' is clicked on

2018-12-07 01:13:58 - [MESSAGE][PASSED] - Object: 'Object Repository/Final Object Repo/WorkFlow Listing Page/Search Ref No Search Button' is clicked on

2018-12-07 01:13:58 - [TEST_STEP][PASSED] - delay: Delayed 6 second(s)

2018-12-07 01:14:04 - [MESSAGE][PASSED] - Delayed 6 second(s)

2018-12-07 01:14:04 - [TEST_STEP][PASSED] - click: Object: 'Object Repository/Final Object Repo/WorkFlow Listing Page/Click Continue Tooltip' is clicked on

2018-12-07 01:14:05 - [MESSAGE][PASSED] - Object: 'Object Repository/Final Object Repo/WorkFlow Listing Page/Click Continue Tooltip' is clicked on

2018-12-07 01:14:05 - [TEST_STEP][PASSED] - delay: Delayed 5 second(s)

2018-12-07 01:14:10 - [MESSAGE][PASSED] - Delayed 5 second(s)

2018-12-07 01:14:10 - [TEST_STEP][PASSED] - doubleClick: Object: 'Object Repository/Final Object Repo/WorkFlow Listing Page/Workflow Found - Listing 1' is double clicked on

2018-12-07 01:14:10 - [MESSAGE][PASSED] - Object: 'Object Repository/Final Object Repo/WorkFlow Listing Page/Workflow Found - Listing 1' is double clicked on

2018-12-07 01:14:10 - [TEST_STEP][PASSED] - Statement - println(OwnerID): null

2018-12-07 01:14:10 - [TEST_STEP][PASSED] - Statement - OwnerID = com.kms.katalon.core.webui.keyword.WebUiBuiltInKeywords.getText(com.kms.katalon.core.testobject.ObjectRepository.findTestObject(Final Object Repo/WorkFlow Listing Page/Workflow Found - Listing 1), STOP_ON_FAILURE): Text of object 'Object Repository/Final Object Repo/WorkFlow Listing Page/Workflow Found - Listing 1' is: 'JOHORro1'

2018-12-07 01:14:10 - [MESSAGE][PASSED] - Text of object 'Object Repository/Final Object Repo/WorkFlow Listing Page/Workflow Found - Listing 1' is: 'JOHORro1'

2018-12-07 01:14:10 - [TEST_STEP][PASSED] - Statement - OwnerID = OwnerID.toLowerCase() + "@gmail.com": null

2018-12-07 01:14:10 - [TEST_STEP][PASSED] - Statement - println(OwnerID): null

2018-12-07 01:14:10 - [TEST_STEP][PASSED] - delay: Delayed 2 second(s)

2018-12-07 01:14:12 - [MESSAGE][PASSED] - Delayed 2 second(s)

2018-12-07 01:14:12 - [MESSAGE][PASSED] - Call Test Case 'Test Cases/Final Aug 2018 - PKS Automation/Common/Workflow Owner Finder' successfully

2018-12-07 01:14:12 - [TEST_STEP][PASSED] - callTestCase: Call Test Case 'Test Cases/Final Aug 2018 - PKS Automation/Registration Module/Log Out/log out avoiding katalon tagging' successfully

2018-12-07 01:14:12 - [TEST_CASE][PASSED] - Test Cases/Final Aug 2018 - PKS Automation/Registration Module/Log Out/log out avoiding katalon tagging: Test Cases/Final Aug 2018 - PKS Automation/Registration Module/Log Out/log out avoiding katalon tagging

2018-12-07 01:14:12 - [TEST_STEP][PASSED] - navigateToUrl: Navigate to 'https://assist2-uat.perkeso.gov.my/c/portal/logout' successfully

2018-12-07 01:14:13 - [MESSAGE][PASSED] - Navigate to 'https://assist2-uat.perkeso.gov.my/c/portal/logout' successfully

2018-12-07 01:14:13 - [MESSAGE][PASSED] - Call Test Case 'Test Cases/Final Aug 2018 - PKS Automation/Registration Module/Log Out/log out avoiding katalon tagging' successfully

2018-12-07 01:14:13 - [TEST_STEP][PASSED] - delay: Delayed 2 second(s)

2018-12-07 01:14:15 - [MESSAGE][PASSED] - Delayed 2 second(s)

2018-12-07 01:14:15 - [TEST_STEP][PASSED] - setText: Text 'johorro1@gmail.com' is set on object 'Object Repository/Final Object Repo/Page_Update Add New Employee - ASSIST/Email TextBox'

2018-12-07 01:14:15 - [MESSAGE][PASSED] - Text 'johorro1@gmail.com' is set on object 'Object Repository/Final Object Repo/Page_Update Add New Employee - ASSIST/Email TextBox'

2018-12-07 01:14:15 - [TEST_STEP][PASSED] - click: Object: 'Object Repository/Final Object Repo/Page_Update Add New Employee - ASSIST/Next Button' is clicked on

2018-12-07 01:14:15 - [MESSAGE][PASSED] - Object: 'Object Repository/Final Object Repo/Page_Update Add New Employee - ASSIST/Next Button' is clicked on

2018-12-07 01:14:15 - [TEST_STEP][PASSED] - delay: Delayed 2 second(s)

2018-12-07 01:14:17 - [MESSAGE][PASSED] - Delayed 2 second(s)

2018-12-07 01:14:17 - [TEST_STEP][PASSED] - setText: Text 'Test1@3456789' is set on object 'Object Repository/Final Object Repo/Page_Update Add New Employee - ASSIST/Password TextBox'

2018-12-07 01:14:17 - [MESSAGE][PASSED] - Text 'Test1@3456789' is set on object 'Object Repository/Final Object Repo/Page_Update Add New Employee - ASSIST/Password TextBox'

2018-12-07 01:14:17 - [TEST_STEP][PASSED] - delay: Delayed 2 second(s)

2018-12-07 01:14:19 - [MESSAGE][PASSED] - Delayed 2 second(s)

2018-12-07 01:14:19 - [TEST_STEP][PASSED] - click: Object: 'Object Repository/Final Object Repo/Page_Update Add New Employee - ASSIST/Login Button' is clicked on

2018-12-07 01:14:20 - [MESSAGE][PASSED] - Object: 'Object Repository/Final Object Repo/Page_Update Add New Employee - ASSIST/Login Button' is clicked on

2018-12-07 01:14:20 - [TEST_STEP][PASSED] - delay: Delayed 4 second(s)

2018-12-07 01:14:24 - [MESSAGE][PASSED] - Delayed 4 second(s)

2018-12-07 01:14:24 - [TEST_STEP][PASSED] - Statement - Try: Delayed 2 second(s)

2018-12-07 01:14:24 - [TEST_STEP][PASSED] - Statement - Checker = false: null

2018-12-07 01:14:24 - [TEST_STEP][PASSED] - Statement - Checker = com.kms.katalon.core.webui.keyword.WebUiBuiltInKeywords.verifyElementHasAttribute(com.kms.katalon.core.testobject.ObjectRepository.findTestObject(Final Object Repo/Landing Page/BM Detecting), "href", 20, OPTIONAL): Object 'Object Repository/Final Object Repo/Landing Page/BM Detecting' has attribute 'href'

2018-12-07 01:14:24 - [MESSAGE][PASSED] - Object 'Object Repository/Final Object Repo/Landing Page/BM Detecting' has attribute 'href'

2018-12-07 01:14:24 - [TEST_STEP][PASSED] - Statement - out.println(Checker): null

2018-12-07 01:14:24 - [TEST_STEP][PASSED] - Statement - If (Checker == false): null

2018-12-07 01:14:24 - [TEST_STEP][PASSED] - Statement - Else: null

2018-12-07 01:14:24 - [TEST_STEP][PASSED] - delay: Delayed 2 second(s)

2018-12-07 01:14:26 - [MESSAGE][PASSED] - Delayed 2 second(s)

2018-12-07 01:14:26 - [TEST_STEP][PASSED] - delay: Delayed 4 second(s)

2018-12-07 01:14:30 - [MESSAGE][PASSED] - Delayed 4 second(s)

2018-12-07 01:14:30 - [TEST_STEP][PASSED] - click: Object: 'Object Repository/Final Object Repo/New Registration - Registration Module Pages/New Reg - OTC to RO/Special Case - All Related Objects/Expand to Search' is clicked on

2018-12-07 01:14:30 - [MESSAGE][PASSED] - Object: 'Object Repository/Final Object Repo/New Registration - Registration Module Pages/New Reg - OTC to RO/Special Case - All Related Objects/Expand to Search' is clicked on

2018-12-07 01:14:30 - [TEST_STEP][FAILED] - setText: Unable to set text 'CAN12201800002275' of object 'Object Repository/Final Object Repo/New Registration - Registration Module Pages/New Reg - OTC to RO/Special Case - All Related Objects/TextBox RefNo in Workbasket' (Root cause: org.openqa.selenium.ElementNotVisibleException: element not interactable
  (Session info: chrome=70.0.3538.110)
  (Driver info: chromedriver=2.43.600210 (68dcf5eebde37173d4027fa8635e332711d2874a),platform=Windows NT 6.1.7601 SP1 x86_64) (WARNING: The server did not provide any stacktrace information)
Command duration or timeout: 0 milliseconds
Build info: version: '3.7.1', revision: '8a0099a', time: '2017-11-06T21:07:36.161Z'
System info: host: 'WIN7TEST02', ip: '10.20.3.72', os.name: 'Windows 7', os.arch: 'amd64', os.version: '6.1', java.version: '1.8.0_181'
Driver info: com.kms.katalon.selenium.driver.CChromeDriver
Capabilities {acceptInsecureCerts: false, acceptSslCerts: false, applicationCacheEnabled: false, browserConnectionEnabled: false, browserName: chrome, chrome: {chromedriverVersion: 2.43.600210 (68dcf5eebde371..., userDataDir: C:\Users\Admin\AppData\Loca...}, cssSelectorsEnabled: true, databaseEnabled: false, goog:chromeOptions: {debuggerAddress: localhost:63536}, handlesAlerts: true, hasTouchScreen: false, javascriptEnabled: true, locationContextEnabled: true, mobileEmulationEnabled: false, nativeEvents: true, networkConnectionEnabled: false, pageLoadStrategy: normal, platform: XP, platformName: XP, rotatable: false, setWindowRect: true, takesHeapSnapshot: true, takesScreenshot: true, unexpectedAlertBehaviour: , unhandledPromptBehavior: , version: 70.0.3538.110, webStorageEnabled: true}
Session ID: e23b8f86cbb04a0916630954a4ff9cad)

2018-12-07 01:14:30 - [MESSAGE][FAILED] - Unable to set text 'CAN12201800002275' of object 'Object Repository/Final Object Repo/New Registration - Registration Module Pages/New Reg - OTC to RO/Special Case - All Related Objects/TextBox RefNo in Workbasket' (Root cause: org.openqa.selenium.ElementNotVisibleException: element not interactable
  (Session info: chrome=70.0.3538.110)
  (Driver info: chromedriver=2.43.600210 (68dcf5eebde37173d4027fa8635e332711d2874a),platform=Windows NT 6.1.7601 SP1 x86_64) (WARNING: The server did not provide any stacktrace information)
Command duration or timeout: 0 milliseconds
Build info: version: '3.7.1', revision: '8a0099a', time: '2017-11-06T21:07:36.161Z'
System info: host: 'WIN7TEST02', ip: '10.20.3.72', os.name: 'Windows 7', os.arch: 'amd64', os.version: '6.1', java.version: '1.8.0_181'
Driver info: com.kms.katalon.selenium.driver.CChromeDriver
Capabilities {acceptInsecureCerts: false, acceptSslCerts: false, applicationCacheEnabled: false, browserConnectionEnabled: false, browserName: chrome, chrome: {chromedriverVersion: 2.43.600210 (68dcf5eebde371..., userDataDir: C:\Users\Admin\AppData\Loca...}, cssSelectorsEnabled: true, databaseEnabled: false, goog:chromeOptions: {debuggerAddress: localhost:63536}, handlesAlerts: true, hasTouchScreen: false, javascriptEnabled: true, locationContextEnabled: true, mobileEmulationEnabled: false, nativeEvents: true, networkConnectionEnabled: false, pageLoadStrategy: normal, platform: XP, platformName: XP, rotatable: false, setWindowRect: true, takesHeapSnapshot: true, takesScreenshot: true, unexpectedAlertBehaviour: , unhandledPromptBehavior: , version: 70.0.3538.110, webStorageEnabled: true}
Session ID: e23b8f86cbb04a0916630954a4ff9cad)
[[ATTACHMENT|C:\\Users\\Admin\\Desktop\\PKS\\Perkeso Phase A\\Reports\\Workflow\\Update Add New Employee\\20181206_171415\\1544116470431.png]]

2018-12-07 01:14:30 - [TEST_STEP][PASSED] - delay: Delayed 2 second(s)

2018-12-07 01:14:32 - [MESSAGE][PASSED] - Delayed 2 second(s)

2018-12-07 01:14:32 - [TEST_STEP][PASSED] - click: Object: 'Object Repository/Final Object Repo/New Registration - Registration Module Pages/New Reg - OTC to RO/Special Case - All Related Objects/Click Search' is clicked on

2018-12-07 01:14:32 - [MESSAGE][PASSED] - Object: 'Object Repository/Final Object Repo/New Registration - Registration Module Pages/New Reg - OTC to RO/Special Case - All Related Objects/Click Search' is clicked on

2018-12-07 01:14:32 - [TEST_STEP][PASSED] - delay: Delayed 2 second(s)

2018-12-07 01:14:34 - [MESSAGE][PASSED] - Delayed 2 second(s)

2018-12-07 01:14:34 - [TEST_STEP][PASSED] - click: Object: 'Object Repository/Final Object Repo/New Registration - Registration Module Pages/New Reg - OTC to RO/Special Case - All Related Objects/Click to Continue Workflow' is clicked on

2018-12-07 01:14:39 - [MESSAGE][PASSED] - Object: 'Object Repository/Final Object Repo/New Registration - Registration Module Pages/New Reg - OTC to RO/Special Case - All Related Objects/Click to Continue Workflow' is clicked on

2018-12-07 01:14:39 - [TEST_STEP][PASSED] - delay: Delayed 2 second(s)

2018-12-07 01:14:41 - [MESSAGE][PASSED] - Delayed 2 second(s)

2018-12-07 01:14:41 - [TEST_STEP][PASSED] - click: Object: 'Object Repository/Final Object Repo/New Registration - Registration Module Pages/New Reg - OTC to RO/Special Case - All Related Objects/Continue Button in verifying case' is clicked on

2018-12-07 01:14:44 - [MESSAGE][PASSED] - Object: 'Object Repository/Final Object Repo/New Registration - Registration Module Pages/New Reg - OTC to RO/Special Case - All Related Objects/Continue Button in verifying case' is clicked on

2018-12-07 01:14:44 - [TEST_STEP][PASSED] - delay: Delayed 2 second(s)

2018-12-07 01:14:46 - [MESSAGE][PASSED] - Delayed 2 second(s)

2018-12-07 01:14:46 - [TEST_STEP][PASSED] - click: Object: 'Object Repository/Final Object Repo/Page_Update Add New Employee - ASSIST/Save  Continue Button' is clicked on

2018-12-07 01:14:46 - [MESSAGE][PASSED] - Object: 'Object Repository/Final Object Repo/Page_Update Add New Employee - ASSIST/Save  Continue Button' is clicked on

2018-12-07 01:14:46 - [TEST_STEP][PASSED] - delay: Delayed 4 second(s)

2018-12-07 01:14:50 - [MESSAGE][PASSED] - Delayed 4 second(s)

2018-12-07 01:14:50 - [TEST_STEP][PASSED] - click: Object: 'Object Repository/Final Object Repo/Page_Update Add New Employee - ASSIST/Save  Continue Third Screen' is clicked on

2018-12-07 01:14:53 - [MESSAGE][PASSED] - Object: 'Object Repository/Final Object Repo/Page_Update Add New Employee - ASSIST/Save  Continue Third Screen' is clicked on

2018-12-07 01:14:53 - [TEST_STEP][PASSED] - delay: Delayed 4 second(s)

2018-12-07 01:14:57 - [MESSAGE][PASSED] - Delayed 4 second(s)

2018-12-07 01:14:57 - [TEST_STEP][PASSED] - click: Object: 'Object Repository/Final Object Repo/Page_Update Add New Employee - ASSIST/Save   Continue Supporting Doc Page' is clicked on

2018-12-07 01:14:57 - [MESSAGE][PASSED] - Object: 'Object Repository/Final Object Repo/Page_Update Add New Employee - ASSIST/Save   Continue Supporting Doc Page' is clicked on

2018-12-07 01:14:57 - [TEST_STEP][PASSED] - delay: Delayed 4 second(s)

2018-12-07 01:15:01 - [MESSAGE][PASSED] - Delayed 4 second(s)

2018-12-07 01:15:01 - [TEST_STEP][PASSED] - click: Object: 'Object Repository/Final Object Repo/Page_Update Add New Employee - ASSIST/Submit Button' is clicked on

2018-12-07 01:15:01 - [MESSAGE][PASSED] - Object: 'Object Repository/Final Object Repo/Page_Update Add New Employee - ASSIST/Submit Button' is clicked on

2018-12-07 01:15:01 - [TEST_STEP][PASSED] - delay: Delayed 4 second(s)

2018-12-07 01:15:05 - [MESSAGE][PASSED] - Delayed 4 second(s)

2018-12-07 01:15:05 - [TEST_STEP][PASSED] - click: Object: 'Object Repository/Final Object Repo/Page_Update Add New Employee - ASSIST/Confirm Submit Button' is clicked on

2018-12-07 01:15:05 - [MESSAGE][PASSED] - Object: 'Object Repository/Final Object Repo/Page_Update Add New Employee - ASSIST/Confirm Submit Button' is clicked on

2018-12-07 01:15:05 - [TEST_STEP][PASSED] - delay: Delayed 30 second(s)

2018-12-07 01:15:35 - [MESSAGE][PASSED] - Delayed 30 second(s)

2018-12-07 01:15:35 - [TEST_STEP][PASSED] - callTestCase: Call Test Case 'Test Cases/Final Aug 2018 - PKS Automation/Common/Screenshoting tool' successfully

2018-12-07 01:15:35 - [TEST_CASE][PASSED] - Test Cases/Final Aug 2018 - PKS Automation/Common/Screenshoting tool: Test Cases/Final Aug 2018 - PKS Automation/Common/Screenshoting tool

2018-12-07 01:15:36 - [TEST_STEP][PASSED] - delay: Delayed 15 second(s)

2018-12-07 01:15:51 - [MESSAGE][PASSED] - Delayed 15 second(s)

2018-12-07 01:15:51 - [TEST_STEP][PASSED] - Statement - driver = com.kms.katalon.core.webui.driver.DriverFactory.getWebDriver(): null

2018-12-07 01:15:51 - [TEST_STEP][PASSED] - Statement - driver.manage().timeouts().implicitlyWait(10, SECONDS): null

2018-12-07 01:15:51 - [TEST_STEP][PASSED] - Statement - PresavePath = KatalonScreenshots: null

2018-12-07 01:15:51 - [TEST_STEP][PASSED] - Statement - pathPrefix = "C:\Users\Public\Pictures\Sample Pictures\Katalon Screenshots\Automate Ending Screen": null

2018-12-07 01:15:51 - [TEST_STEP][PASSED] - Statement - finalPath = <not implemented yet for class: org.codehaus.groovy.ast.expr.EmptyExpression>: null

2018-12-07 01:15:51 - [TEST_STEP][PASSED] - Statement - scrFile = driver.getScreenshotAs(FILE): null

2018-12-07 01:15:51 - [TEST_STEP][PASSED] - Statement - PreSaveFile = new java.io.File(PresavePath): null

2018-12-07 01:15:51 - [TEST_STEP][PASSED] - Statement - counter = 0: null

2018-12-07 01:15:51 - [TEST_STEP][PASSED] - Statement - If (PreSaveFile.exists()): null

2018-12-07 01:15:51 - [TEST_STEP][PASSED] - Statement - While (PreSaveFile.exists()): null

2018-12-07 01:15:51 - [TEST_STEP][PASSED] - Statement - counter = counter + 1: null

2018-12-07 01:15:51 - [TEST_STEP][PASSED] - Statement - PreSaveFile = new java.io.File(((pathPrefix + java.lang.Integer.toString(counter)) + .png)): null

2018-12-07 01:15:51 - [TEST_STEP][PASSED] - Statement - counter = counter + 1: null

2018-12-07 01:15:51 - [TEST_STEP][PASSED] - Statement - PreSaveFile = new java.io.File(((pathPrefix + java.lang.Integer.toString(counter)) + .png)): null

2018-12-07 01:15:51 - [TEST_STEP][PASSED] - Statement - counter = counter + 1: null

2018-12-07 01:15:51 - [TEST_STEP][PASSED] - Statement - PreSaveFile = new java.io.File(((pathPrefix + java.lang.Integer.toString(counter)) + .png)): null

2018-12-07 01:15:51 - [TEST_STEP][PASSED] - Statement - counter = counter + 1: null

2018-12-07 01:15:51 - [TEST_STEP][PASSED] - Statement - PreSaveFile = new java.io.File(((pathPrefix + java.lang.Integer.toString(counter)) + .png)): null

2018-12-07 01:15:51 - [TEST_STEP][PASSED] - Statement - counter = counter + 1: null

2018-12-07 01:15:51 - [TEST_STEP][PASSED] - Statement - PreSaveFile = new java.io.File(((pathPrefix + java.lang.Integer.toString(counter)) + .png)): null

2018-12-07 01:15:51 - [TEST_STEP][PASSED] - Statement - counter = counter + 1: null

2018-12-07 01:15:51 - [TEST_STEP][PASSED] - Statement - PreSaveFile = new java.io.File(((pathPrefix + java.lang.Integer.toString(counter)) + .png)): null

2018-12-07 01:15:51 - [TEST_STEP][PASSED] - Statement - counter = counter + 1: null

2018-12-07 01:15:51 - [TEST_STEP][PASSED] - Statement - PreSaveFile = new java.io.File(((pathPrefix + java.lang.Integer.toString(counter)) + .png)): null

2018-12-07 01:15:51 - [TEST_STEP][PASSED] - Statement - counter = counter + 1: null

2018-12-07 01:15:51 - [TEST_STEP][PASSED] - Statement - PreSaveFile = new java.io.File(((pathPrefix + java.lang.Integer.toString(counter)) + .png)): null

2018-12-07 01:15:51 - [TEST_STEP][PASSED] - Statement - counter = counter + 1: null

2018-12-07 01:15:51 - [TEST_STEP][PASSED] - Statement - PreSaveFile = new java.io.File(((pathPrefix + java.lang.Integer.toString(counter)) + .png)): null

2018-12-07 01:15:51 - [TEST_STEP][PASSED] - Statement - counter = counter + 1: null

2018-12-07 01:15:51 - [TEST_STEP][PASSED] - Statement - PreSaveFile = new java.io.File(((pathPrefix + java.lang.Integer.toString(counter)) + .png)): null

2018-12-07 01:15:51 - [TEST_STEP][PASSED] - Statement - counter = counter + 1: null

2018-12-07 01:15:51 - [TEST_STEP][PASSED] - Statement - PreSaveFile = new java.io.File(((pathPrefix + java.lang.Integer.toString(counter)) + .png)): null

2018-12-07 01:15:51 - [TEST_STEP][PASSED] - Statement - counter = counter + 1: null

2018-12-07 01:15:51 - [TEST_STEP][PASSED] - Statement - PreSaveFile = new java.io.File(((pathPrefix + java.lang.Integer.toString(counter)) + .png)): null

2018-12-07 01:15:51 - [TEST_STEP][PASSED] - Statement - counter = counter + 1: null

2018-12-07 01:15:51 - [TEST_STEP][PASSED] - Statement - PreSaveFile = new java.io.File(((pathPrefix + java.lang.Integer.toString(counter)) + .png)): null

2018-12-07 01:15:51 - [TEST_STEP][PASSED] - Statement - counter = counter + 1: null

2018-12-07 01:15:51 - [TEST_STEP][PASSED] - Statement - PreSaveFile = new java.io.File(((pathPrefix + java.lang.Integer.toString(counter)) + .png)): null

2018-12-07 01:15:51 - [TEST_STEP][PASSED] - Statement - counter = counter + 1: null

2018-12-07 01:15:51 - [TEST_STEP][PASSED] - Statement - PreSaveFile = new java.io.File(((pathPrefix + java.lang.Integer.toString(counter)) + .png)): null

2018-12-07 01:15:51 - [TEST_STEP][PASSED] - Statement - counter = counter + 1: null

2018-12-07 01:15:51 - [TEST_STEP][PASSED] - Statement - PreSaveFile = new java.io.File(((pathPrefix + java.lang.Integer.toString(counter)) + .png)): null

2018-12-07 01:15:51 - [TEST_STEP][PASSED] - Statement - counter = counter + 1: null

2018-12-07 01:15:51 - [TEST_STEP][PASSED] - Statement - PreSaveFile = new java.io.File(((pathPrefix + java.lang.Integer.toString(counter)) + .png)): null

2018-12-07 01:15:51 - [TEST_STEP][PASSED] - Statement - counter = counter + 1: null

2018-12-07 01:15:51 - [TEST_STEP][PASSED] - Statement - PreSaveFile = new java.io.File(((pathPrefix + java.lang.Integer.toString(counter)) + .png)): null

2018-12-07 01:15:51 - [TEST_STEP][PASSED] - Statement - counter = counter + 1: null

2018-12-07 01:15:51 - [TEST_STEP][PASSED] - Statement - PreSaveFile = new java.io.File(((pathPrefix + java.lang.Integer.toString(counter)) + .png)): null

2018-12-07 01:15:51 - [TEST_STEP][PASSED] - Statement - counter = counter + 1: null

2018-12-07 01:15:51 - [TEST_STEP][PASSED] - Statement - PreSaveFile = new java.io.File(((pathPrefix + java.lang.Integer.toString(counter)) + .png)): null

2018-12-07 01:15:51 - [TEST_STEP][PASSED] - Statement - counter = counter + 1: null

2018-12-07 01:15:51 - [TEST_STEP][PASSED] - Statement - PreSaveFile = new java.io.File(((pathPrefix + java.lang.Integer.toString(counter)) + .png)): null

2018-12-07 01:15:51 - [TEST_STEP][PASSED] - Statement - counter = counter + 1: null

2018-12-07 01:15:51 - [TEST_STEP][PASSED] - Statement - PreSaveFile = new java.io.File(((pathPrefix + java.lang.Integer.toString(counter)) + .png)): null

2018-12-07 01:15:51 - [TEST_STEP][PASSED] - Statement - counter = counter + 1: null

2018-12-07 01:15:51 - [TEST_STEP][PASSED] - Statement - PreSaveFile = new java.io.File(((pathPrefix + java.lang.Integer.toString(counter)) + .png)): null

2018-12-07 01:15:51 - [TEST_STEP][PASSED] - Statement - counter = counter + 1: null

2018-12-07 01:15:51 - [TEST_STEP][PASSED] - Statement - PreSaveFile = new java.io.File(((pathPrefix + java.lang.Integer.toString(counter)) + .png)): null

2018-12-07 01:15:51 - [TEST_STEP][PASSED] - Statement - counter = counter + 1: null

2018-12-07 01:15:51 - [TEST_STEP][PASSED] - Statement - PreSaveFile = new java.io.File(((pathPrefix + java.lang.Integer.toString(counter)) + .png)): null

2018-12-07 01:15:51 - [TEST_STEP][PASSED] - Statement - counter = counter + 1: null

2018-12-07 01:15:51 - [TEST_STEP][PASSED] - Statement - PreSaveFile = new java.io.File(((pathPrefix + java.lang.Integer.toString(counter)) + .png)): null

2018-12-07 01:15:51 - [TEST_STEP][PASSED] - Statement - counter = counter + 1: null

2018-12-07 01:15:51 - [TEST_STEP][PASSED] - Statement - PreSaveFile = new java.io.File(((pathPrefix + java.lang.Integer.toString(counter)) + .png)): null

2018-12-07 01:15:51 - [TEST_STEP][PASSED] - Statement - counter = counter + 1: null

2018-12-07 01:15:51 - [TEST_STEP][PASSED] - Statement - PreSaveFile = new java.io.File(((pathPrefix + java.lang.Integer.toString(counter)) + .png)): null

2018-12-07 01:15:51 - [TEST_STEP][PASSED] - Statement - counter = counter + 1: null

2018-12-07 01:15:51 - [TEST_STEP][PASSED] - Statement - PreSaveFile = new java.io.File(((pathPrefix + java.lang.Integer.toString(counter)) + .png)): null

2018-12-07 01:15:51 - [TEST_STEP][PASSED] - Statement - counter = counter + 1: null

2018-12-07 01:15:51 - [TEST_STEP][PASSED] - Statement - PreSaveFile = new java.io.File(((pathPrefix + java.lang.Integer.toString(counter)) + .png)): null

2018-12-07 01:15:51 - [TEST_STEP][PASSED] - Statement - counter = counter + 1: null

2018-12-07 01:15:51 - [TEST_STEP][PASSED] - Statement - PreSaveFile = new java.io.File(((pathPrefix + java.lang.Integer.toString(counter)) + .png)): null

2018-12-07 01:15:51 - [TEST_STEP][PASSED] - Statement - counter = counter + 1: null

2018-12-07 01:15:51 - [TEST_STEP][PASSED] - Statement - PreSaveFile = new java.io.File(((pathPrefix + java.lang.Integer.toString(counter)) + .png)): null

2018-12-07 01:15:51 - [TEST_STEP][PASSED] - Statement - counter = counter + 1: null

2018-12-07 01:15:51 - [TEST_STEP][PASSED] - Statement - PreSaveFile = new java.io.File(((pathPrefix + java.lang.Integer.toString(counter)) + .png)): null

2018-12-07 01:15:51 - [TEST_STEP][PASSED] - Statement - counter = counter + 1: null

2018-12-07 01:15:51 - [TEST_STEP][PASSED] - Statement - PreSaveFile = new java.io.File(((pathPrefix + java.lang.Integer.toString(counter)) + .png)): null

2018-12-07 01:15:51 - [TEST_STEP][PASSED] - Statement - counter = counter + 1: null

2018-12-07 01:15:51 - [TEST_STEP][PASSED] - Statement - PreSaveFile = new java.io.File(((pathPrefix + java.lang.Integer.toString(counter)) + .png)): null

2018-12-07 01:15:51 - [TEST_STEP][PASSED] - Statement - counter = counter + 1: null

2018-12-07 01:15:51 - [TEST_STEP][PASSED] - Statement - PreSaveFile = new java.io.File(((pathPrefix + java.lang.Integer.toString(counter)) + .png)): null

2018-12-07 01:15:51 - [TEST_STEP][PASSED] - Statement - counter = counter + 1: null

2018-12-07 01:15:51 - [TEST_STEP][PASSED] - Statement - PreSaveFile = new java.io.File(((pathPrefix + java.lang.Integer.toString(counter)) + .png)): null

2018-12-07 01:15:51 - [TEST_STEP][PASSED] - Statement - counter = counter + 1: null

2018-12-07 01:15:51 - [TEST_STEP][PASSED] - Statement - PreSaveFile = new java.io.File(((pathPrefix + java.lang.Integer.toString(counter)) + .png)): null

2018-12-07 01:15:51 - [TEST_STEP][PASSED] - Statement - counter = counter + 1: null

2018-12-07 01:15:51 - [TEST_STEP][PASSED] - Statement - PreSaveFile = new java.io.File(((pathPrefix + java.lang.Integer.toString(counter)) + .png)): null

2018-12-07 01:15:51 - [TEST_STEP][PASSED] - Statement - counter = counter + 1: null

2018-12-07 01:15:51 - [TEST_STEP][PASSED] - Statement - PreSaveFile = new java.io.File(((pathPrefix + java.lang.Integer.toString(counter)) + .png)): null

2018-12-07 01:15:51 - [TEST_STEP][PASSED] - Statement - counter = counter + 1: null

2018-12-07 01:15:51 - [TEST_STEP][PASSED] - Statement - PreSaveFile = new java.io.File(((pathPrefix + java.lang.Integer.toString(counter)) + .png)): null

2018-12-07 01:15:51 - [TEST_STEP][PASSED] - Statement - counter = counter + 1: null

2018-12-07 01:15:51 - [TEST_STEP][PASSED] - Statement - PreSaveFile = new java.io.File(((pathPrefix + java.lang.Integer.toString(counter)) + .png)): null

2018-12-07 01:15:51 - [TEST_STEP][PASSED] - Statement - counter = counter + 1: null

2018-12-07 01:15:51 - [TEST_STEP][PASSED] - Statement - PreSaveFile = new java.io.File(((pathPrefix + java.lang.Integer.toString(counter)) + .png)): null

2018-12-07 01:15:51 - [TEST_STEP][PASSED] - Statement - counter = counter + 1: null

2018-12-07 01:15:51 - [TEST_STEP][PASSED] - Statement - PreSaveFile = new java.io.File(((pathPrefix + java.lang.Integer.toString(counter)) + .png)): null

2018-12-07 01:15:51 - [TEST_STEP][PASSED] - Statement - counter = counter + 1: null

2018-12-07 01:15:51 - [TEST_STEP][PASSED] - Statement - PreSaveFile = new java.io.File(((pathPrefix + java.lang.Integer.toString(counter)) + .png)): null

2018-12-07 01:15:51 - [TEST_STEP][PASSED] - Statement - counter = counter + 1: null

2018-12-07 01:15:51 - [TEST_STEP][PASSED] - Statement - PreSaveFile = new java.io.File(((pathPrefix + java.lang.Integer.toString(counter)) + .png)): null

2018-12-07 01:15:51 - [TEST_STEP][PASSED] - Statement - counter = counter + 1: null

2018-12-07 01:15:51 - [TEST_STEP][PASSED] - Statement - PreSaveFile = new java.io.File(((pathPrefix + java.lang.Integer.toString(counter)) + .png)): null

2018-12-07 01:15:51 - [TEST_STEP][PASSED] - Statement - counter = counter + 1: null

2018-12-07 01:15:51 - [TEST_STEP][PASSED] - Statement - PreSaveFile = new java.io.File(((pathPrefix + java.lang.Integer.toString(counter)) + .png)): null

2018-12-07 01:15:51 - [TEST_STEP][PASSED] - Statement - counter = counter + 1: null

2018-12-07 01:15:51 - [TEST_STEP][PASSED] - Statement - PreSaveFile = new java.io.File(((pathPrefix + java.lang.Integer.toString(counter)) + .png)): null

2018-12-07 01:15:51 - [TEST_STEP][PASSED] - Statement - counter = counter + 1: null

2018-12-07 01:15:51 - [TEST_STEP][PASSED] - Statement - PreSaveFile = new java.io.File(((pathPrefix + java.lang.Integer.toString(counter)) + .png)): null

2018-12-07 01:15:51 - [TEST_STEP][PASSED] - Statement - counter = counter + 1: null

2018-12-07 01:15:51 - [TEST_STEP][PASSED] - Statement - PreSaveFile = new java.io.File(((pathPrefix + java.lang.Integer.toString(counter)) + .png)): null

2018-12-07 01:15:51 - [TEST_STEP][PASSED] - Statement - counter = counter + 1: null

2018-12-07 01:15:51 - [TEST_STEP][PASSED] - Statement - PreSaveFile = new java.io.File(((pathPrefix + java.lang.Integer.toString(counter)) + .png)): null

2018-12-07 01:15:51 - [TEST_STEP][PASSED] - Statement - counter = counter + 1: null

2018-12-07 01:15:51 - [TEST_STEP][PASSED] - Statement - PreSaveFile = new java.io.File(((pathPrefix + java.lang.Integer.toString(counter)) + .png)): null

2018-12-07 01:15:51 - [TEST_STEP][PASSED] - Statement - counter = counter + 1: null

2018-12-07 01:15:51 - [TEST_STEP][PASSED] - Statement - PreSaveFile = new java.io.File(((pathPrefix + java.lang.Integer.toString(counter)) + .png)): null

2018-12-07 01:15:51 - [TEST_STEP][PASSED] - Statement - counter = counter + 1: null

2018-12-07 01:15:51 - [TEST_STEP][PASSED] - Statement - PreSaveFile = new java.io.File(((pathPrefix + java.lang.Integer.toString(counter)) + .png)): null

2018-12-07 01:15:51 - [TEST_STEP][PASSED] - Statement - counter = counter + 1: null

2018-12-07 01:15:51 - [TEST_STEP][PASSED] - Statement - PreSaveFile = new java.io.File(((pathPrefix + java.lang.Integer.toString(counter)) + .png)): null

2018-12-07 01:15:51 - [TEST_STEP][PASSED] - Statement - counter = counter + 1: null

2018-12-07 01:15:51 - [TEST_STEP][PASSED] - Statement - PreSaveFile = new java.io.File(((pathPrefix + java.lang.Integer.toString(counter)) + .png)): null

2018-12-07 01:15:51 - [TEST_STEP][PASSED] - Statement - counter = counter + 1: null

2018-12-07 01:15:51 - [TEST_STEP][PASSED] - Statement - PreSaveFile = new java.io.File(((pathPrefix + java.lang.Integer.toString(counter)) + .png)): null

2018-12-07 01:15:51 - [TEST_STEP][PASSED] - Statement - counter = counter + 1: null

2018-12-07 01:15:51 - [TEST_STEP][PASSED] - Statement - PreSaveFile = new java.io.File(((pathPrefix + java.lang.Integer.toString(counter)) + .png)): null

2018-12-07 01:15:51 - [TEST_STEP][PASSED] - Statement - counter = counter + 1: null

2018-12-07 01:15:51 - [TEST_STEP][PASSED] - Statement - PreSaveFile = new java.io.File(((pathPrefix + java.lang.Integer.toString(counter)) + .png)): null

2018-12-07 01:15:51 - [TEST_STEP][PASSED] - Statement - counter = counter + 1: null

2018-12-07 01:15:51 - [TEST_STEP][PASSED] - Statement - PreSaveFile = new java.io.File(((pathPrefix + java.lang.Integer.toString(counter)) + .png)): null

2018-12-07 01:15:51 - [TEST_STEP][PASSED] - Statement - counter = counter + 1: null

2018-12-07 01:15:51 - [TEST_STEP][PASSED] - Statement - PreSaveFile = new java.io.File(((pathPrefix + java.lang.Integer.toString(counter)) + .png)): null

2018-12-07 01:15:51 - [TEST_STEP][PASSED] - Statement - counter = counter + 1: null

2018-12-07 01:15:51 - [TEST_STEP][PASSED] - Statement - PreSaveFile = new java.io.File(((pathPrefix + java.lang.Integer.toString(counter)) + .png)): null

2018-12-07 01:15:51 - [TEST_STEP][PASSED] - Statement - counter = counter + 1: null

2018-12-07 01:15:51 - [TEST_STEP][PASSED] - Statement - PreSaveFile = new java.io.File(((pathPrefix + java.lang.Integer.toString(counter)) + .png)): null

2018-12-07 01:15:51 - [TEST_STEP][PASSED] - Statement - counter = counter + 1: null

2018-12-07 01:15:51 - [TEST_STEP][PASSED] - Statement - PreSaveFile = new java.io.File(((pathPrefix + java.lang.Integer.toString(counter)) + .png)): null

2018-12-07 01:15:51 - [TEST_STEP][PASSED] - Statement - counter = counter + 1: null

2018-12-07 01:15:51 - [TEST_STEP][PASSED] - Statement - PreSaveFile = new java.io.File(((pathPrefix + java.lang.Integer.toString(counter)) + .png)): null

2018-12-07 01:15:51 - [TEST_STEP][PASSED] - Statement - counter = counter + 1: null

2018-12-07 01:15:51 - [TEST_STEP][PASSED] - Statement - PreSaveFile = new java.io.File(((pathPrefix + java.lang.Integer.toString(counter)) + .png)): null

2018-12-07 01:15:51 - [TEST_STEP][PASSED] - Statement - counter = counter + 1: null

2018-12-07 01:15:51 - [TEST_STEP][PASSED] - Statement - PreSaveFile = new java.io.File(((pathPrefix + java.lang.Integer.toString(counter)) + .png)): null

2018-12-07 01:15:51 - [TEST_STEP][PASSED] - Statement - counter = counter + 1: null

2018-12-07 01:15:51 - [TEST_STEP][PASSED] - Statement - PreSaveFile = new java.io.File(((pathPrefix + java.lang.Integer.toString(counter)) + .png)): null

2018-12-07 01:15:51 - [TEST_STEP][PASSED] - Statement - counter = counter + 1: null

2018-12-07 01:15:51 - [TEST_STEP][PASSED] - Statement - PreSaveFile = new java.io.File(((pathPrefix + java.lang.Integer.toString(counter)) + .png)): null

2018-12-07 01:15:51 - [TEST_STEP][PASSED] - Statement - counter = counter + 1: null

2018-12-07 01:15:51 - [TEST_STEP][PASSED] - Statement - PreSaveFile = new java.io.File(((pathPrefix + java.lang.Integer.toString(counter)) + .png)): null

2018-12-07 01:15:51 - [TEST_STEP][PASSED] - Statement - counter = counter + 1: null

2018-12-07 01:15:51 - [TEST_STEP][PASSED] - Statement - PreSaveFile = new java.io.File(((pathPrefix + java.lang.Integer.toString(counter)) + .png)): null

2018-12-07 01:15:51 - [TEST_STEP][PASSED] - Statement - counter = counter + 1: null

2018-12-07 01:15:51 - [TEST_STEP][PASSED] - Statement - PreSaveFile = new java.io.File(((pathPrefix + java.lang.Integer.toString(counter)) + .png)): null

2018-12-07 01:15:51 - [TEST_STEP][PASSED] - Statement - counter = counter + 1: null

2018-12-07 01:15:51 - [TEST_STEP][PASSED] - Statement - PreSaveFile = new java.io.File(((pathPrefix + java.lang.Integer.toString(counter)) + .png)): null

2018-12-07 01:15:51 - [TEST_STEP][PASSED] - Statement - counter = counter + 1: null

2018-12-07 01:15:51 - [TEST_STEP][PASSED] - Statement - PreSaveFile = new java.io.File(((pathPrefix + java.lang.Integer.toString(counter)) + .png)): null

2018-12-07 01:15:51 - [TEST_STEP][PASSED] - Statement - counter = counter + 1: null

2018-12-07 01:15:51 - [TEST_STEP][PASSED] - Statement - PreSaveFile = new java.io.File(((pathPrefix + java.lang.Integer.toString(counter)) + .png)): null

2018-12-07 01:15:51 - [TEST_STEP][PASSED] - Statement - counter = counter + 1: null

2018-12-07 01:15:51 - [TEST_STEP][PASSED] - Statement - PreSaveFile = new java.io.File(((pathPrefix + java.lang.Integer.toString(counter)) + .png)): null

2018-12-07 01:15:51 - [TEST_STEP][PASSED] - Statement - counter = counter + 1: null

2018-12-07 01:15:51 - [TEST_STEP][PASSED] - Statement - PreSaveFile = new java.io.File(((pathPrefix + java.lang.Integer.toString(counter)) + .png)): null

2018-12-07 01:15:51 - [TEST_STEP][PASSED] - Statement - counter = counter + 1: null

2018-12-07 01:15:51 - [TEST_STEP][PASSED] - Statement - PreSaveFile = new java.io.File(((pathPrefix + java.lang.Integer.toString(counter)) + .png)): null

2018-12-07 01:15:51 - [TEST_STEP][PASSED] - Statement - counter = counter + 1: null

2018-12-07 01:15:51 - [TEST_STEP][PASSED] - Statement - PreSaveFile = new java.io.File(((pathPrefix + java.lang.Integer.toString(counter)) + .png)): null

2018-12-07 01:15:51 - [TEST_STEP][PASSED] - Statement - counter = counter + 1: null

2018-12-07 01:15:51 - [TEST_STEP][PASSED] - Statement - PreSaveFile = new java.io.File(((pathPrefix + java.lang.Integer.toString(counter)) + .png)): null

2018-12-07 01:15:51 - [TEST_STEP][PASSED] - Statement - counter = counter + 1: null

2018-12-07 01:15:51 - [TEST_STEP][PASSED] - Statement - PreSaveFile = new java.io.File(((pathPrefix + java.lang.Integer.toString(counter)) + .png)): null

2018-12-07 01:15:51 - [TEST_STEP][PASSED] - Statement - counter = counter + 1: null

2018-12-07 01:15:51 - [TEST_STEP][PASSED] - Statement - PreSaveFile = new java.io.File(((pathPrefix + java.lang.Integer.toString(counter)) + .png)): null

2018-12-07 01:15:51 - [TEST_STEP][PASSED] - Statement - finalPath = pathPrefix + java.lang.Integer.toString(counter) + ".png": null

2018-12-07 01:15:51 - [TEST_STEP][PASSED] - Statement - SaveFile = new java.io.File(finalPath): null

2018-12-07 01:15:51 - [TEST_STEP][PASSED] - Statement - Try: null

2018-12-07 01:15:51 - [TEST_STEP][PASSED] - Statement - org.apache.commons.io.FileUtils.copyFile(scrFile, SaveFile): null

2018-12-07 01:15:51 - [TEST_STEP][PASSED] - Statement - out.println("file kept"): null

2018-12-07 01:15:51 - [TEST_STEP][PASSED] - delay: Delayed 10 second(s)

2018-12-07 01:16:01 - [MESSAGE][PASSED] - Delayed 10 second(s)

2018-12-07 01:16:01 - [MESSAGE][PASSED] - Call Test Case 'Test Cases/Final Aug 2018 - PKS Automation/Common/Screenshoting tool' successfully]]></system-out>
         <system-err><![CDATA[2018-12-07 01:03:48 - [TEST_CASE][FAILED] - Test Cases/Final Aug 2018 - PKS Automation/Registration Module/Workflow/Update Add New Employee/Special Case (PKR BO - RO Approve): Test Cases/Final Aug 2018 - PKS Automation/Registration Module/Workflow/Update Add New Employee/Special Case (PKR BO - RO Approve) FAILED because (of) (Stack trace: com.kms.katalon.core.exception.StepFailedException: Unable to set text 'CAN12201800002275' of object 'Object Repository/Final Object Repo/New Registration - Registration Module Pages/New Reg - OTC to RO/Special Case - All Related Objects/TextBox RefNo in Workbasket' (Root cause: org.openqa.selenium.ElementNotVisibleException: element not interactable
  (Session info: chrome=70.0.3538.110)
  (Driver info: chromedriver=2.43.600210 (68dcf5eebde37173d4027fa8635e332711d2874a),platform=Windows NT 6.1.7601 SP1 x86_64) (WARNING: The server did not provide any stacktrace information)
Command duration or timeout: 0 milliseconds
Build info: version: '3.7.1', revision: '8a0099a', time: '2017-11-06T21:07:36.161Z'
System info: host: 'WIN7TEST02', ip: '10.20.3.72', os.name: 'Windows 7', os.arch: 'amd64', os.version: '6.1', java.version: '1.8.0_181'
Driver info: com.kms.katalon.selenium.driver.CChromeDriver
Capabilities {acceptInsecureCerts: false, acceptSslCerts: false, applicationCacheEnabled: false, browserConnectionEnabled: false, browserName: chrome, chrome: {chromedriverVersion: 2.43.600210 (68dcf5eebde371..., userDataDir: C:\Users\Admin\AppData\Loca...}, cssSelectorsEnabled: true, databaseEnabled: false, goog:chromeOptions: {debuggerAddress: localhost:63536}, handlesAlerts: true, hasTouchScreen: false, javascriptEnabled: true, locationContextEnabled: true, mobileEmulationEnabled: false, nativeEvents: true, networkConnectionEnabled: false, pageLoadStrategy: normal, platform: XP, platformName: XP, rotatable: false, setWindowRect: true, takesHeapSnapshot: true, takesScreenshot: true, unexpectedAlertBehaviour: , unhandledPromptBehavior: , version: 70.0.3538.110, webStorageEnabled: true}
Session ID: e23b8f86cbb04a0916630954a4ff9cad)
	at com.kms.katalon.core.keyword.internal.KeywordMain.stepFailed(KeywordMain.groovy:32)
	at com.kms.katalon.core.webui.keyword.internal.WebUIKeywordMain.stepFailed(WebUIKeywordMain.groovy:65)
	at com.kms.katalon.core.webui.keyword.internal.WebUIKeywordMain.runKeyword(WebUIKeywordMain.groovy:27)
	at com.kms.katalon.core.webui.keyword.builtin.SetTextKeyword.setText(SetTextKeyword.groovy:65)
	at com.kms.katalon.core.webui.keyword.builtin.SetTextKeyword.execute(SetTextKeyword.groovy:37)
	at com.kms.katalon.core.keyword.internal.KeywordExecutor.executeKeywordForPlatform(KeywordExecutor.groovy:53)
	at com.kms.katalon.core.webui.keyword.WebUiBuiltInKeywords.setText(WebUiBuiltInKeywords.groovy:950)
	at com.kms.katalon.core.webui.keyword.WebUiBuiltInKeywords$setText$1.call(Unknown Source)
	at org.codehaus.groovy.runtime.callsite.CallSiteArray.defaultCall(CallSiteArray.java:48)
	at org.codehaus.groovy.runtime.callsite.AbstractCallSite.call(AbstractCallSite.java:113)
	at org.codehaus.groovy.runtime.callsite.AbstractCallSite.call(AbstractCallSite.java:133)
	at Script1536116130372.run(Script1536116130372.groovy:165)
	at com.kms.katalon.core.main.ScriptEngine.run(ScriptEngine.java:183)
	at com.kms.katalon.core.main.ScriptEngine.runScriptAsRawText(ScriptEngine.java:108)
	at com.kms.katalon.core.main.TestCaseExecutor.runScript(TestCaseExecutor.java:294)
	at com.kms.katalon.core.main.TestCaseExecutor.doExecute(TestCaseExecutor.java:285)
	at com.kms.katalon.core.main.TestCaseExecutor.processExecutionPhase(TestCaseExecutor.java:264)
	at com.kms.katalon.core.main.TestCaseExecutor.accessMainPhase(TestCaseExecutor.java:256)
	at com.kms.katalon.core.main.TestCaseExecutor.execute(TestCaseExecutor.java:200)
	at com.kms.katalon.core.main.TestSuiteExecutor.accessTestCaseMainPhase(TestSuiteExecutor.java:129)
	at com.kms.katalon.core.main.TestSuiteExecutor.accessTestSuiteMainPhase(TestSuiteExecutor.java:112)
	at com.kms.katalon.core.main.TestSuiteExecutor.execute(TestSuiteExecutor.java:81)
	at com.kms.katalon.core.main.TestCaseMain.startTestSuite(TestCaseMain.java:142)
	at com.kms.katalon.core.main.TestCaseMain$startTestSuite$0.call(Unknown Source)
	at org.codehaus.groovy.runtime.callsite.CallSiteArray.defaultCall(CallSiteArray.java:48)
	at org.codehaus.groovy.runtime.callsite.AbstractCallSite.call(AbstractCallSite.java:113)
	at org.codehaus.groovy.runtime.callsite.AbstractCallSite.call(AbstractCallSite.java:141)
	at TempTestSuite1544087655094.run(TempTestSuite1544087655094.groovy:36)
	at groovy.lang.GroovyShell.runScriptOrMainOrTestOrRunnable(GroovyShell.java:263)
	at groovy.lang.GroovyShell.run(GroovyShell.java:518)
	at groovy.lang.GroovyShell.run(GroovyShell.java:507)
	at groovy.ui.GroovyMain.processOnce(GroovyMain.java:653)
	at groovy.ui.GroovyMain.run(GroovyMain.java:384)
	at groovy.ui.GroovyMain.process(GroovyMain.java:370)
	at groovy.ui.GroovyMain.processArgs(GroovyMain.java:129)
	at groovy.ui.GroovyMain.main(GroovyMain.java:109)
	at sun.reflect.NativeMethodAccessorImpl.invoke0(Native Method)
	at sun.reflect.NativeMethodAccessorImpl.invoke(NativeMethodAccessorImpl.java:62)
	at sun.reflect.DelegatingMethodAccessorImpl.invoke(DelegatingMethodAccessorImpl.java:43)
	at java.lang.reflect.Method.invoke(Method.java:498)
	at org.codehaus.groovy.tools.GroovyStarter.rootLoader(GroovyStarter.java:109)
	at org.codehaus.groovy.tools.GroovyStarter.main(GroovyStarter.java:131)
)]]></system-err>
      </testcase>
      <testcase name="Test Cases/Final Aug 2018 - PKS Automation/Registration Module/Workflow/Update Add New Employee/Special Case (PKR BO - RO Query - OTC Upload Pending Case - RO Approve)" classname="Test Cases/Final Aug 2018 - PKS Automation/Registration Module/Workflow/Update Add New Employee/Special Case (PKR BO - RO Query - OTC Upload Pending Case - RO Approve)" status="FAILED">
         <failure type="FAILED" message="(Stack trace: com.kms.katalon.core.exception.StepFailedException: Unable to set text 'CAN12201800002276' of object 'Object Repository/Final Object Repo/New Registration - Registration Module Pages/New Reg - OTC to RO/Special Case - All Related Objects/TextBox RefNo in Workbasket' (Root cause: org.openqa.selenium.ElementNotVisibleException: element not interactable
  (Session info: chrome=70.0.3538.110)
  (Driver info: chromedriver=2.43.600210 (68dcf5eebde37173d4027fa8635e332711d2874a),platform=Windows NT 6.1.7601 SP1 x86_64) (WARNING: The server did not provide any stacktrace information)
Command duration or timeout: 0 milliseconds
Build info: version: '3.7.1', revision: '8a0099a', time: '2017-11-06T21:07:36.161Z'
System info: host: 'WIN7TEST02', ip: '10.20.3.72', os.name: 'Windows 7', os.arch: 'amd64', os.version: '6.1', java.version: '1.8.0_181'
Driver info: com.kms.katalon.selenium.driver.CChromeDriver
Capabilities {acceptInsecureCerts: false, acceptSslCerts: false, applicationCacheEnabled: false, browserConnectionEnabled: false, browserName: chrome, chrome: {chromedriverVersion: 2.43.600210 (68dcf5eebde371..., userDataDir: C:\Users\Admin\AppData\Loca...}, cssSelectorsEnabled: true, databaseEnabled: false, goog:chromeOptions: {debuggerAddress: localhost:63661}, handlesAlerts: true, hasTouchScreen: false, javascriptEnabled: true, locationContextEnabled: true, mobileEmulationEnabled: false, nativeEvents: true, networkConnectionEnabled: false, pageLoadStrategy: normal, platform: XP, platformName: XP, rotatable: false, setWindowRect: true, takesHeapSnapshot: true, takesScreenshot: true, unexpectedAlertBehaviour: , unhandledPromptBehavior: , version: 70.0.3538.110, webStorageEnabled: true}
Session ID: 1a8df5ebbf55e883c109760b645dabc4)
	at com.kms.katalon.core.keyword.internal.KeywordMain.stepFailed(KeywordMain.groovy:32)
	at com.kms.katalon.core.webui.keyword.internal.WebUIKeywordMain.stepFailed(WebUIKeywordMain.groovy:65)
	at com.kms.katalon.core.webui.keyword.internal.WebUIKeywordMain.runKeyword(WebUIKeywordMain.groovy:27)
	at com.kms.katalon.core.webui.keyword.builtin.SetTextKeyword.setText(SetTextKeyword.groovy:65)
	at com.kms.katalon.core.webui.keyword.builtin.SetTextKeyword.execute(SetTextKeyword.groovy:37)
	at com.kms.katalon.core.keyword.internal.KeywordExecutor.executeKeywordForPlatform(KeywordExecutor.groovy:53)
	at com.kms.katalon.core.webui.keyword.WebUiBuiltInKeywords.setText(WebUiBuiltInKeywords.groovy:950)
	at com.kms.katalon.core.webui.keyword.WebUiBuiltInKeywords$setText$1.call(Unknown Source)
	at org.codehaus.groovy.runtime.callsite.CallSiteArray.defaultCall(CallSiteArray.java:48)
	at org.codehaus.groovy.runtime.callsite.AbstractCallSite.call(AbstractCallSite.java:113)
	at org.codehaus.groovy.runtime.callsite.AbstractCallSite.call(AbstractCallSite.java:133)
	at Script1536220866356.run(Script1536220866356.groovy:169)
	at com.kms.katalon.core.main.ScriptEngine.run(ScriptEngine.java:183)
	at com.kms.katalon.core.main.ScriptEngine.runScriptAsRawText(ScriptEngine.java:108)
	at com.kms.katalon.core.main.TestCaseExecutor.runScript(TestCaseExecutor.java:294)
	at com.kms.katalon.core.main.TestCaseExecutor.doExecute(TestCaseExecutor.java:285)
	at com.kms.katalon.core.main.TestCaseExecutor.processExecutionPhase(TestCaseExecutor.java:264)
	at com.kms.katalon.core.main.TestCaseExecutor.accessMainPhase(TestCaseExecutor.java:256)
	at com.kms.katalon.core.main.TestCaseExecutor.execute(TestCaseExecutor.java:200)
	at com.kms.katalon.core.main.TestSuiteExecutor.accessTestCaseMainPhase(TestSuiteExecutor.java:129)
	at com.kms.katalon.core.main.TestSuiteExecutor.accessTestSuiteMainPhase(TestSuiteExecutor.java:112)
	at com.kms.katalon.core.main.TestSuiteExecutor.execute(TestSuiteExecutor.java:81)
	at com.kms.katalon.core.main.TestCaseMain.startTestSuite(TestCaseMain.java:142)
	at com.kms.katalon.core.main.TestCaseMain$startTestSuite$0.call(Unknown Source)
	at org.codehaus.groovy.runtime.callsite.CallSiteArray.defaultCall(CallSiteArray.java:48)
	at org.codehaus.groovy.runtime.callsite.AbstractCallSite.call(AbstractCallSite.java:113)
	at org.codehaus.groovy.runtime.callsite.AbstractCallSite.call(AbstractCallSite.java:141)
	at TempTestSuite1544087655094.run(TempTestSuite1544087655094.groovy:36)
	at groovy.lang.GroovyShell.runScriptOrMainOrTestOrRunnable(GroovyShell.java:263)
	at groovy.lang.GroovyShell.run(GroovyShell.java:518)
	at groovy.lang.GroovyShell.run(GroovyShell.java:507)
	at groovy.ui.GroovyMain.processOnce(GroovyMain.java:653)
	at groovy.ui.GroovyMain.run(GroovyMain.java:384)
	at groovy.ui.GroovyMain.process(GroovyMain.java:370)
	at groovy.ui.GroovyMain.processArgs(GroovyMain.java:129)
	at groovy.ui.GroovyMain.main(GroovyMain.java:109)
	at sun.reflect.NativeMethodAccessorImpl.invoke0(Native Method)
	at sun.reflect.NativeMethodAccessorImpl.invoke(NativeMethodAccessorImpl.java:62)
	at sun.reflect.DelegatingMethodAccessorImpl.invoke(DelegatingMethodAccessorImpl.java:43)
	at java.lang.reflect.Method.invoke(Method.java:498)
	at org.codehaus.groovy.tools.GroovyStarter.rootLoader(GroovyStarter.java:109)
	at org.codehaus.groovy.tools.GroovyStarter.main(GroovyStarter.java:131)
)"/>
         <system-out><![CDATA[2018-12-07 01:16:01 - [TEST_CASE][FAILED] - Test Cases/Final Aug 2018 - PKS Automation/Registration Module/Workflow/Update Add New Employee/Special Case (PKR BO - RO Query - OTC Upload Pending Case - RO Approve): Test Cases/Final Aug 2018 - PKS Automation/Registration Module/Workflow/Update Add New Employee/Special Case (PKR BO - RO Query - OTC Upload Pending Case - RO Approve) FAILED because (of) (Stack trace: com.kms.katalon.core.exception.StepFailedException: Unable to set text 'CAN12201800002276' of object 'Object Repository/Final Object Repo/New Registration - Registration Module Pages/New Reg - OTC to RO/Special Case - All Related Objects/TextBox RefNo in Workbasket' (Root cause: org.openqa.selenium.ElementNotVisibleException: element not interactable
  (Session info: chrome=70.0.3538.110)
  (Driver info: chromedriver=2.43.600210 (68dcf5eebde37173d4027fa8635e332711d2874a),platform=Windows NT 6.1.7601 SP1 x86_64) (WARNING: The server did not provide any stacktrace information)
Command duration or timeout: 0 milliseconds
Build info: version: '3.7.1', revision: '8a0099a', time: '2017-11-06T21:07:36.161Z'
System info: host: 'WIN7TEST02', ip: '10.20.3.72', os.name: 'Windows 7', os.arch: 'amd64', os.version: '6.1', java.version: '1.8.0_181'
Driver info: com.kms.katalon.selenium.driver.CChromeDriver
Capabilities {acceptInsecureCerts: false, acceptSslCerts: false, applicationCacheEnabled: false, browserConnectionEnabled: false, browserName: chrome, chrome: {chromedriverVersion: 2.43.600210 (68dcf5eebde371..., userDataDir: C:\Users\Admin\AppData\Loca...}, cssSelectorsEnabled: true, databaseEnabled: false, goog:chromeOptions: {debuggerAddress: localhost:63661}, handlesAlerts: true, hasTouchScreen: false, javascriptEnabled: true, locationContextEnabled: true, mobileEmulationEnabled: false, nativeEvents: true, networkConnectionEnabled: false, pageLoadStrategy: normal, platform: XP, platformName: XP, rotatable: false, setWindowRect: true, takesHeapSnapshot: true, takesScreenshot: true, unexpectedAlertBehaviour: , unhandledPromptBehavior: , version: 70.0.3538.110, webStorageEnabled: true}
Session ID: 1a8df5ebbf55e883c109760b645dabc4)
	at com.kms.katalon.core.keyword.internal.KeywordMain.stepFailed(KeywordMain.groovy:32)
	at com.kms.katalon.core.webui.keyword.internal.WebUIKeywordMain.stepFailed(WebUIKeywordMain.groovy:65)
	at com.kms.katalon.core.webui.keyword.internal.WebUIKeywordMain.runKeyword(WebUIKeywordMain.groovy:27)
	at com.kms.katalon.core.webui.keyword.builtin.SetTextKeyword.setText(SetTextKeyword.groovy:65)
	at com.kms.katalon.core.webui.keyword.builtin.SetTextKeyword.execute(SetTextKeyword.groovy:37)
	at com.kms.katalon.core.keyword.internal.KeywordExecutor.executeKeywordForPlatform(KeywordExecutor.groovy:53)
	at com.kms.katalon.core.webui.keyword.WebUiBuiltInKeywords.setText(WebUiBuiltInKeywords.groovy:950)
	at com.kms.katalon.core.webui.keyword.WebUiBuiltInKeywords$setText$1.call(Unknown Source)
	at org.codehaus.groovy.runtime.callsite.CallSiteArray.defaultCall(CallSiteArray.java:48)
	at org.codehaus.groovy.runtime.callsite.AbstractCallSite.call(AbstractCallSite.java:113)
	at org.codehaus.groovy.runtime.callsite.AbstractCallSite.call(AbstractCallSite.java:133)
	at Script1536220866356.run(Script1536220866356.groovy:169)
	at com.kms.katalon.core.main.ScriptEngine.run(ScriptEngine.java:183)
	at com.kms.katalon.core.main.ScriptEngine.runScriptAsRawText(ScriptEngine.java:108)
	at com.kms.katalon.core.main.TestCaseExecutor.runScript(TestCaseExecutor.java:294)
	at com.kms.katalon.core.main.TestCaseExecutor.doExecute(TestCaseExecutor.java:285)
	at com.kms.katalon.core.main.TestCaseExecutor.processExecutionPhase(TestCaseExecutor.java:264)
	at com.kms.katalon.core.main.TestCaseExecutor.accessMainPhase(TestCaseExecutor.java:256)
	at com.kms.katalon.core.main.TestCaseExecutor.execute(TestCaseExecutor.java:200)
	at com.kms.katalon.core.main.TestSuiteExecutor.accessTestCaseMainPhase(TestSuiteExecutor.java:129)
	at com.kms.katalon.core.main.TestSuiteExecutor.accessTestSuiteMainPhase(TestSuiteExecutor.java:112)
	at com.kms.katalon.core.main.TestSuiteExecutor.execute(TestSuiteExecutor.java:81)
	at com.kms.katalon.core.main.TestCaseMain.startTestSuite(TestCaseMain.java:142)
	at com.kms.katalon.core.main.TestCaseMain$startTestSuite$0.call(Unknown Source)
	at org.codehaus.groovy.runtime.callsite.CallSiteArray.defaultCall(CallSiteArray.java:48)
	at org.codehaus.groovy.runtime.callsite.AbstractCallSite.call(AbstractCallSite.java:113)
	at org.codehaus.groovy.runtime.callsite.AbstractCallSite.call(AbstractCallSite.java:141)
	at TempTestSuite1544087655094.run(TempTestSuite1544087655094.groovy:36)
	at groovy.lang.GroovyShell.runScriptOrMainOrTestOrRunnable(GroovyShell.java:263)
	at groovy.lang.GroovyShell.run(GroovyShell.java:518)
	at groovy.lang.GroovyShell.run(GroovyShell.java:507)
	at groovy.ui.GroovyMain.processOnce(GroovyMain.java:653)
	at groovy.ui.GroovyMain.run(GroovyMain.java:384)
	at groovy.ui.GroovyMain.process(GroovyMain.java:370)
	at groovy.ui.GroovyMain.processArgs(GroovyMain.java:129)
	at groovy.ui.GroovyMain.main(GroovyMain.java:109)
	at sun.reflect.NativeMethodAccessorImpl.invoke0(Native Method)
	at sun.reflect.NativeMethodAccessorImpl.invoke(NativeMethodAccessorImpl.java:62)
	at sun.reflect.DelegatingMethodAccessorImpl.invoke(DelegatingMethodAccessorImpl.java:43)
	at java.lang.reflect.Method.invoke(Method.java:498)
	at org.codehaus.groovy.tools.GroovyStarter.rootLoader(GroovyStarter.java:109)
	at org.codehaus.groovy.tools.GroovyStarter.main(GroovyStarter.java:131)
)

2018-12-07 01:16:01 - [TEST_STEP][PASSED] - callTestCase: Call Test Case 'Test Cases/Final Aug 2018 - PKS Automation/Registration Module/Workflow/Update Add New Employee/Template/New Company for Update Add New' successfully

2018-12-07 01:16:02 - [TEST_CASE][PASSED] - Test Cases/Final Aug 2018 - PKS Automation/Registration Module/Workflow/Update Add New Employee/Template/New Company for Update Add New: Test Cases/Final Aug 2018 - PKS Automation/Registration Module/Workflow/Update Add New Employee/Template/New Company for Update Add New

2018-12-07 01:16:02 - [TEST_STEP][PASSED] - callTestCase: Call Test Case 'Test Cases/Final Aug 2018 - PKS Automation/Registration Module/New Registration/Form 1/Form 1 - Corporation - BHD' successfully

2018-12-07 01:16:02 - [TEST_CASE][PASSED] - Test Cases/Final Aug 2018 - PKS Automation/Registration Module/New Registration/Form 1/Form 1 - Corporation - BHD: Test Cases/Final Aug 2018 - PKS Automation/Registration Module/New Registration/Form 1/Form 1 - Corporation - BHD

2018-12-07 01:16:02 - [TEST_STEP][PASSED] - openBrowser: Browser is opened with url: ''

2018-12-07 01:16:02 - [MESSAGE][WARNING] - A browser is already opened. Closing browser and opening a new one

2018-12-07 01:16:05 - [MESSAGE][PASSED] - Browser is opened with url: ''

2018-12-07 01:16:05 - [TEST_STEP][PASSED] - navigateToUrl: Navigate to 'https://assist2-uat.perkeso.gov.my/login' successfully

2018-12-07 01:16:07 - [MESSAGE][PASSED] - Navigate to 'https://assist2-uat.perkeso.gov.my/login' successfully

2018-12-07 01:16:07 - [TEST_STEP][PASSED] - setText: Text 'johorotc1@gmail.com' is set on object 'Object Repository/Final Object Repo/Login Page/Internal User/Email Address'

2018-12-07 01:16:07 - [MESSAGE][PASSED] - Text 'johorotc1@gmail.com' is set on object 'Object Repository/Final Object Repo/Login Page/Internal User/Email Address'

2018-12-07 01:16:07 - [TEST_STEP][PASSED] - click: Object: 'Object Repository/Final Object Repo/Login Page/Internal User/Next Button' is clicked on

2018-12-07 01:16:07 - [MESSAGE][PASSED] - Object: 'Object Repository/Final Object Repo/Login Page/Internal User/Next Button' is clicked on

2018-12-07 01:16:07 - [TEST_STEP][PASSED] - delay: Delayed 1 second(s)

2018-12-07 01:16:08 - [MESSAGE][PASSED] - Delayed 1 second(s)

2018-12-07 01:16:08 - [TEST_STEP][PASSED] - setEncryptedText: Text ****** has been set on object 'Object Repository/Final Object Repo/Login Page/Internal User/Password'

2018-12-07 01:16:08 - [MESSAGE][PASSED] - Text ****** has been set on object 'Object Repository/Final Object Repo/Login Page/Internal User/Password'

2018-12-07 01:16:08 - [TEST_STEP][PASSED] - click: Object: 'Object Repository/Final Object Repo/Login Page/Internal User/Login Button' is clicked on

2018-12-07 01:16:08 - [MESSAGE][PASSED] - Object: 'Object Repository/Final Object Repo/Login Page/Internal User/Login Button' is clicked on

2018-12-07 01:16:08 - [TEST_STEP][PASSED] - delay: Delayed 1 second(s)

2018-12-07 01:16:09 - [MESSAGE][PASSED] - Delayed 1 second(s)

2018-12-07 01:16:09 - [TEST_STEP][PASSED] - Statement - Try: Delayed 2 second(s)

2018-12-07 01:16:09 - [TEST_STEP][PASSED] - Statement - Checker = false: null

2018-12-07 01:16:09 - [TEST_STEP][PASSED] - Statement - Checker = com.kms.katalon.core.webui.keyword.WebUiBuiltInKeywords.verifyElementHasAttribute(com.kms.katalon.core.testobject.ObjectRepository.findTestObject(Final Object Repo/Landing Page/BM Detecting), "href", 20, OPTIONAL): Object 'Object Repository/Final Object Repo/Landing Page/BM Detecting' has attribute 'href'

2018-12-07 01:16:10 - [MESSAGE][PASSED] - Object 'Object Repository/Final Object Repo/Landing Page/BM Detecting' has attribute 'href'

2018-12-07 01:16:10 - [TEST_STEP][PASSED] - Statement - out.println(Checker): null

2018-12-07 01:16:10 - [TEST_STEP][PASSED] - Statement - If (Checker == false): null

2018-12-07 01:16:10 - [TEST_STEP][PASSED] - Statement - Else: null

2018-12-07 01:16:10 - [TEST_STEP][PASSED] - delay: Delayed 2 second(s)

2018-12-07 01:16:12 - [MESSAGE][PASSED] - Delayed 2 second(s)

2018-12-07 01:16:12 - [TEST_STEP][PASSED] - navigateToUrl: Navigate to 'https://assist2-uat.perkeso.gov.my/web/registration/registration' successfully

2018-12-07 01:16:14 - [MESSAGE][PASSED] - Navigate to 'https://assist2-uat.perkeso.gov.my/web/registration/registration' successfully

2018-12-07 01:16:14 - [TEST_STEP][PASSED] - click: Object: 'Object Repository/Final Object Repo/New Registration - Registration Module Pages/Form 1/AEC - No' is clicked on

2018-12-07 01:16:14 - [MESSAGE][PASSED] - Object: 'Object Repository/Final Object Repo/New Registration - Registration Module Pages/Form 1/AEC - No' is clicked on

2018-12-07 01:16:14 - [TEST_STEP][PASSED] - click: Object: 'Object Repository/Final Object Repo/New Registration - Registration Module Pages/Form 1/Business Entity' is clicked on

2018-12-07 01:16:14 - [MESSAGE][PASSED] - Object: 'Object Repository/Final Object Repo/New Registration - Registration Module Pages/Form 1/Business Entity' is clicked on

2018-12-07 01:16:14 - [TEST_STEP][PASSED] - click: Object: 'Object Repository/Final Object Repo/New Registration - Registration Module Pages/Form 1/Businees Entity - Corporation' is clicked on

2018-12-07 01:16:15 - [MESSAGE][PASSED] - Object: 'Object Repository/Final Object Repo/New Registration - Registration Module Pages/Form 1/Businees Entity - Corporation' is clicked on

2018-12-07 01:16:15 - [TEST_STEP][PASSED] - delay: Delayed 1 second(s)

2018-12-07 01:16:16 - [MESSAGE][PASSED] - Delayed 1 second(s)

2018-12-07 01:16:16 - [TEST_STEP][PASSED] - click: Object: 'Object Repository/Final Object Repo/New Registration - Registration Module Pages/Form 1/Sub Business Entity' is clicked on

2018-12-07 01:16:16 - [MESSAGE][PASSED] - Object: 'Object Repository/Final Object Repo/New Registration - Registration Module Pages/Form 1/Sub Business Entity' is clicked on

2018-12-07 01:16:16 - [TEST_STEP][PASSED] - click: Object: 'Object Repository/Final Object Repo/New Registration - Registration Module Pages/Form 1/Sub Business Entity - Berhad' is clicked on

2018-12-07 01:16:16 - [MESSAGE][PASSED] - Object: 'Object Repository/Final Object Repo/New Registration - Registration Module Pages/Form 1/Sub Business Entity - Berhad' is clicked on

2018-12-07 01:16:16 - [TEST_STEP][PASSED] - delay: Delayed 1 second(s)

2018-12-07 01:16:17 - [MESSAGE][PASSED] - Delayed 1 second(s)

2018-12-07 01:16:17 - [TEST_STEP][PASSED] - setText: Text '123' is set on object 'Object Repository/Final Object Repo/New Registration - Registration Module Pages/Form 1/Registration Number'

2018-12-07 01:16:17 - [MESSAGE][PASSED] - Text '123' is set on object 'Object Repository/Final Object Repo/New Registration - Registration Module Pages/Form 1/Registration Number'

2018-12-07 01:16:17 - [TEST_STEP][PASSED] - click: Object: 'Object Repository/Final Object Repo/New Registration - Registration Module Pages/Form 1/Registred with SSM - Before Feb' is clicked on

2018-12-07 01:16:17 - [MESSAGE][PASSED] - Object: 'Object Repository/Final Object Repo/New Registration - Registration Module Pages/Form 1/Registred with SSM - Before Feb' is clicked on

2018-12-07 01:16:17 - [TEST_STEP][PASSED] - click: Object: 'Object Repository/Final Object Repo/New Registration - Registration Module Pages/Form 1/Registered As a Branch - Yes' is clicked on

2018-12-07 01:16:18 - [MESSAGE][PASSED] - Object: 'Object Repository/Final Object Repo/New Registration - Registration Module Pages/Form 1/Registered As a Branch - Yes' is clicked on

2018-12-07 01:16:18 - [TEST_STEP][PASSED] - click: Object: 'Object Repository/Final Object Repo/New Registration - Registration Module Pages/Form 1/Acknowledgement' is clicked on

2018-12-07 01:16:18 - [MESSAGE][PASSED] - Object: 'Object Repository/Final Object Repo/New Registration - Registration Module Pages/Form 1/Acknowledgement' is clicked on

2018-12-07 01:16:18 - [TEST_STEP][PASSED] - setText: Text 'perkeso' is set on object 'Object Repository/Final Object Repo/New Registration - Registration Module Pages/Form 1/Industry name'

2018-12-07 01:16:18 - [MESSAGE][PASSED] - Text 'perkeso' is set on object 'Object Repository/Final Object Repo/New Registration - Registration Module Pages/Form 1/Industry name'

2018-12-07 01:16:18 - [TEST_STEP][PASSED] - setText: Text 'perkeso1' is set on object 'Object Repository/Final Object Repo/New Registration - Registration Module Pages/Form 1/Postal Address1'

2018-12-07 01:16:18 - [MESSAGE][PASSED] - Text 'perkeso1' is set on object 'Object Repository/Final Object Repo/New Registration - Registration Module Pages/Form 1/Postal Address1'

2018-12-07 01:16:18 - [TEST_STEP][PASSED] - setText: Text 'perkeso2' is set on object 'Object Repository/Final Object Repo/New Registration - Registration Module Pages/Form 1/Postal Address2'

2018-12-07 01:16:19 - [MESSAGE][PASSED] - Text 'perkeso2' is set on object 'Object Repository/Final Object Repo/New Registration - Registration Module Pages/Form 1/Postal Address2'

2018-12-07 01:16:19 - [TEST_STEP][PASSED] - setText: Text 'perkeso3' is set on object 'Object Repository/Final Object Repo/New Registration - Registration Module Pages/Form 1/Postal Address3'

2018-12-07 01:16:19 - [MESSAGE][PASSED] - Text 'perkeso3' is set on object 'Object Repository/Final Object Repo/New Registration - Registration Module Pages/Form 1/Postal Address3'

2018-12-07 01:16:19 - [TEST_STEP][PASSED] - click: Object: 'Object Repository/Final Object Repo/New Registration - Registration Module Pages/Form 1/State' is clicked on

2018-12-07 01:16:19 - [MESSAGE][PASSED] - Object: 'Object Repository/Final Object Repo/New Registration - Registration Module Pages/Form 1/State' is clicked on

2018-12-07 01:16:19 - [TEST_STEP][PASSED] - click: Object: 'Object Repository/Final Object Repo/New Registration - Registration Module Pages/Form 1/State - Johor' is clicked on

2018-12-07 01:16:20 - [MESSAGE][PASSED] - Object: 'Object Repository/Final Object Repo/New Registration - Registration Module Pages/Form 1/State - Johor' is clicked on

2018-12-07 01:16:20 - [TEST_STEP][PASSED] - delay: Delayed 1 second(s)

2018-12-07 01:16:21 - [MESSAGE][PASSED] - Delayed 1 second(s)

2018-12-07 01:16:21 - [TEST_STEP][PASSED] - click: Object: 'Object Repository/Final Object Repo/New Registration - Registration Module Pages/Form 1/City' is clicked on

2018-12-07 01:16:21 - [MESSAGE][PASSED] - Object: 'Object Repository/Final Object Repo/New Registration - Registration Module Pages/Form 1/City' is clicked on

2018-12-07 01:16:21 - [TEST_STEP][PASSED] - setText: Text 'joh' is set on object 'Object Repository/Final Object Repo/New Registration - Registration Module Pages/Form 1/Postcode - 810'

2018-12-07 01:16:21 - [MESSAGE][PASSED] - Text 'joh' is set on object 'Object Repository/Final Object Repo/New Registration - Registration Module Pages/Form 1/Postcode - 810'

2018-12-07 01:16:21 - [TEST_STEP][PASSED] - delay: Delayed 1 second(s)

2018-12-07 01:16:22 - [MESSAGE][PASSED] - Delayed 1 second(s)

2018-12-07 01:16:22 - [TEST_STEP][PASSED] - click: Object: 'Object Repository/Final Object Repo/New Registration - Registration Module Pages/Form 1/City - Johor Bharu' is clicked on

2018-12-07 01:16:22 - [MESSAGE][PASSED] - Object: 'Object Repository/Final Object Repo/New Registration - Registration Module Pages/Form 1/City - Johor Bharu' is clicked on

2018-12-07 01:16:22 - [TEST_STEP][PASSED] - delay: Delayed 1 second(s)

2018-12-07 01:16:23 - [MESSAGE][PASSED] - Delayed 1 second(s)

2018-12-07 01:16:23 - [TEST_STEP][PASSED] - click: Object: 'Object Repository/Final Object Repo/New Registration - Registration Module Pages/Form 1/Postcode' is clicked on

2018-12-07 01:16:23 - [MESSAGE][PASSED] - Object: 'Object Repository/Final Object Repo/New Registration - Registration Module Pages/Form 1/Postcode' is clicked on

2018-12-07 01:16:23 - [TEST_STEP][PASSED] - delay: Delayed 1 second(s)

2018-12-07 01:16:24 - [MESSAGE][PASSED] - Delayed 1 second(s)

2018-12-07 01:16:24 - [TEST_STEP][PASSED] - setText: Text '810' is set on object 'Object Repository/Final Object Repo/New Registration - Registration Module Pages/Form 1/Postcode - 810'

2018-12-07 01:16:24 - [MESSAGE][PASSED] - Text '810' is set on object 'Object Repository/Final Object Repo/New Registration - Registration Module Pages/Form 1/Postcode - 810'

2018-12-07 01:16:24 - [TEST_STEP][PASSED] - delay: Delayed 3 second(s)

2018-12-07 01:16:27 - [MESSAGE][PASSED] - Delayed 3 second(s)

2018-12-07 01:16:27 - [TEST_STEP][PASSED] - click: Object: 'Object Repository/Final Object Repo/New Registration - Registration Module Pages/Form 1/Postcode - 81000' is clicked on

2018-12-07 01:16:28 - [MESSAGE][PASSED] - Object: 'Object Repository/Final Object Repo/New Registration - Registration Module Pages/Form 1/Postcode - 81000' is clicked on

2018-12-07 01:16:28 - [TEST_STEP][PASSED] - delay: Delayed 1 second(s)

2018-12-07 01:16:29 - [MESSAGE][PASSED] - Delayed 1 second(s)

2018-12-07 01:16:29 - [TEST_STEP][PASSED] - setText: Text '100' is set on object 'Object Repository/Final Object Repo/New Registration - Registration Module Pages/Form 1/P.O.BOX'

2018-12-07 01:16:29 - [MESSAGE][PASSED] - Text '100' is set on object 'Object Repository/Final Object Repo/New Registration - Registration Module Pages/Form 1/P.O.BOX'

2018-12-07 01:16:29 - [TEST_STEP][PASSED] - setText: Text '100' is set on object 'Object Repository/Final Object Repo/New Registration - Registration Module Pages/Form 1/Locked Bag No'

2018-12-07 01:16:29 - [MESSAGE][PASSED] - Text '100' is set on object 'Object Repository/Final Object Repo/New Registration - Registration Module Pages/Form 1/Locked Bag No'

2018-12-07 01:16:29 - [TEST_STEP][PASSED] - click: Object: 'Object Repository/Final Object Repo/New Registration - Registration Module Pages/Form 1/SOCSO Office Location' is clicked on

2018-12-07 01:16:29 - [MESSAGE][PASSED] - Object: 'Object Repository/Final Object Repo/New Registration - Registration Module Pages/Form 1/SOCSO Office Location' is clicked on

2018-12-07 01:16:29 - [TEST_STEP][PASSED] - click: Object: 'Object Repository/Final Object Repo/New Registration - Registration Module Pages/Form 1/SOCSO Office Location - Pejabat PERKESO Negeri Johor' is clicked on

2018-12-07 01:16:30 - [MESSAGE][PASSED] - Object: 'Object Repository/Final Object Repo/New Registration - Registration Module Pages/Form 1/SOCSO Office Location - Pejabat PERKESO Negeri Johor' is clicked on

2018-12-07 01:16:30 - [TEST_STEP][PASSED] - delay: Delayed 1 second(s)

2018-12-07 01:16:31 - [MESSAGE][PASSED] - Delayed 1 second(s)

2018-12-07 01:16:31 - [TEST_STEP][PASSED] - check: Object 'Object Repository/Final Object Repo/New Registration - Registration Module Pages/Form 1/Indusrty Address Same As Postal Address' is checked

2018-12-07 01:16:31 - [MESSAGE][PASSED] - Object 'Object Repository/Final Object Repo/New Registration - Registration Module Pages/Form 1/Indusrty Address Same As Postal Address' is checked

2018-12-07 01:16:31 - [TEST_STEP][PASSED] - delay: Delayed 3 second(s)

2018-12-07 01:16:34 - [MESSAGE][PASSED] - Delayed 3 second(s)

2018-12-07 01:16:34 - [TEST_STEP][PASSED] - click: Object: 'Object Repository/Final Object Repo/New Registration - Registration Module Pages/Form 1/Indusry Address Same As Postal Address False' is clicked on

2018-12-07 01:16:34 - [MESSAGE][PASSED] - Object: 'Object Repository/Final Object Repo/New Registration - Registration Module Pages/Form 1/Indusry Address Same As Postal Address False' is clicked on

2018-12-07 01:16:34 - [TEST_STEP][PASSED] - delay: Delayed 1 second(s)

2018-12-07 01:16:35 - [MESSAGE][PASSED] - Delayed 1 second(s)

2018-12-07 01:16:35 - [TEST_STEP][PASSED] - setText: Text 'perkeso1' is set on object 'Object Repository/Final Object Repo/New Registration - Registration Module Pages/Form 1/Industry Address1'

2018-12-07 01:16:35 - [MESSAGE][PASSED] - Text 'perkeso1' is set on object 'Object Repository/Final Object Repo/New Registration - Registration Module Pages/Form 1/Industry Address1'

2018-12-07 01:16:35 - [TEST_STEP][PASSED] - setText: Text 'perkeso2' is set on object 'Object Repository/Final Object Repo/New Registration - Registration Module Pages/Form 1/Industry Address2'

2018-12-07 01:16:36 - [MESSAGE][PASSED] - Text 'perkeso2' is set on object 'Object Repository/Final Object Repo/New Registration - Registration Module Pages/Form 1/Industry Address2'

2018-12-07 01:16:36 - [TEST_STEP][PASSED] - setText: Text 'perkeso3' is set on object 'Object Repository/Final Object Repo/New Registration - Registration Module Pages/Form 1/Industry Address3'

2018-12-07 01:16:36 - [MESSAGE][PASSED] - Text 'perkeso3' is set on object 'Object Repository/Final Object Repo/New Registration - Registration Module Pages/Form 1/Industry Address3'

2018-12-07 01:16:36 - [TEST_STEP][PASSED] - click: Object: 'Object Repository/Final Object Repo/New Registration - Registration Module Pages/Form 1/Industry State' is clicked on

2018-12-07 01:16:36 - [MESSAGE][PASSED] - Object: 'Object Repository/Final Object Repo/New Registration - Registration Module Pages/Form 1/Industry State' is clicked on

2018-12-07 01:16:36 - [TEST_STEP][PASSED] - delay: Delayed 2 second(s)

2018-12-07 01:16:38 - [MESSAGE][PASSED] - Delayed 2 second(s)

2018-12-07 01:16:38 - [TEST_STEP][PASSED] - click: Object: 'Object Repository/Final Object Repo/New Registration - Registration Module Pages/Form 1/Industry State - Johor' is clicked on

2018-12-07 01:16:39 - [MESSAGE][PASSED] - Object: 'Object Repository/Final Object Repo/New Registration - Registration Module Pages/Form 1/Industry State - Johor' is clicked on

2018-12-07 01:16:39 - [TEST_STEP][PASSED] - delay: Delayed 2 second(s)

2018-12-07 01:16:41 - [MESSAGE][PASSED] - Delayed 2 second(s)

2018-12-07 01:16:41 - [TEST_STEP][PASSED] - click: Object: 'Object Repository/Final Object Repo/New Registration - Registration Module Pages/Form 1/Industry Ciry' is clicked on

2018-12-07 01:16:41 - [MESSAGE][PASSED] - Object: 'Object Repository/Final Object Repo/New Registration - Registration Module Pages/Form 1/Industry Ciry' is clicked on

2018-12-07 01:16:41 - [TEST_STEP][PASSED] - setText: Text 'joh' is set on object 'Object Repository/Final Object Repo/New Registration - Registration Module Pages/Form 1/Industry Ciry - joh'

2018-12-07 01:16:41 - [MESSAGE][PASSED] - Text 'joh' is set on object 'Object Repository/Final Object Repo/New Registration - Registration Module Pages/Form 1/Industry Ciry - joh'

2018-12-07 01:16:41 - [TEST_STEP][PASSED] - delay: Delayed 2 second(s)

2018-12-07 01:16:43 - [MESSAGE][PASSED] - Delayed 2 second(s)

2018-12-07 01:16:43 - [TEST_STEP][PASSED] - click: Object: 'Object Repository/Final Object Repo/New Registration - Registration Module Pages/Form 1/Industy State - Johor Bharu' is clicked on

2018-12-07 01:16:43 - [MESSAGE][PASSED] - Object: 'Object Repository/Final Object Repo/New Registration - Registration Module Pages/Form 1/Industy State - Johor Bharu' is clicked on

2018-12-07 01:16:43 - [TEST_STEP][PASSED] - delay: Delayed 1 second(s)

2018-12-07 01:16:44 - [MESSAGE][PASSED] - Delayed 1 second(s)

2018-12-07 01:16:44 - [TEST_STEP][PASSED] - click: Object: 'Object Repository/Final Object Repo/New Registration - Registration Module Pages/Form 1/Indusry PostCode' is clicked on

2018-12-07 01:16:44 - [MESSAGE][PASSED] - Object: 'Object Repository/Final Object Repo/New Registration - Registration Module Pages/Form 1/Indusry PostCode' is clicked on

2018-12-07 01:16:44 - [TEST_STEP][PASSED] - delay: Delayed 1 second(s)

2018-12-07 01:16:45 - [MESSAGE][PASSED] - Delayed 1 second(s)

2018-12-07 01:16:45 - [TEST_STEP][PASSED] - setText: Text '810' is set on object 'Object Repository/Final Object Repo/New Registration - Registration Module Pages/Form 1/Insutry Post Code - 810'

2018-12-07 01:16:46 - [MESSAGE][PASSED] - Text '810' is set on object 'Object Repository/Final Object Repo/New Registration - Registration Module Pages/Form 1/Insutry Post Code - 810'

2018-12-07 01:16:46 - [TEST_STEP][PASSED] - delay: Delayed 1 second(s)

2018-12-07 01:16:47 - [MESSAGE][PASSED] - Delayed 1 second(s)

2018-12-07 01:16:47 - [TEST_STEP][PASSED] - click: Object: 'Object Repository/Final Object Repo/New Registration - Registration Module Pages/Form 1/Insutry Post Code - 81000' is clicked on

2018-12-07 01:16:47 - [MESSAGE][PASSED] - Object: 'Object Repository/Final Object Repo/New Registration - Registration Module Pages/Form 1/Insutry Post Code - 81000' is clicked on

2018-12-07 01:16:47 - [TEST_STEP][PASSED] - delay: Delayed 1 second(s)

2018-12-07 01:16:48 - [MESSAGE][PASSED] - Delayed 1 second(s)

2018-12-07 01:16:48 - [TEST_STEP][PASSED] - setText: Text '100' is set on object 'Object Repository/Final Object Repo/New Registration - Registration Module Pages/Form 1/Industry P.O.BOX'

2018-12-07 01:16:48 - [MESSAGE][PASSED] - Text '100' is set on object 'Object Repository/Final Object Repo/New Registration - Registration Module Pages/Form 1/Industry P.O.BOX'

2018-12-07 01:16:48 - [TEST_STEP][PASSED] - setText: Text '100' is set on object 'Object Repository/Final Object Repo/New Registration - Registration Module Pages/Form 1/Industry Locked Bag No'

2018-12-07 01:16:48 - [MESSAGE][PASSED] - Text '100' is set on object 'Object Repository/Final Object Repo/New Registration - Registration Module Pages/Form 1/Industry Locked Bag No'

2018-12-07 01:16:48 - [TEST_STEP][PASSED] - setText: Text '123456789' is set on object 'Object Repository/Final Object Repo/New Registration - Registration Module Pages/Form 1/Telephone No'

2018-12-07 01:16:49 - [MESSAGE][PASSED] - Text '123456789' is set on object 'Object Repository/Final Object Repo/New Registration - Registration Module Pages/Form 1/Telephone No'

2018-12-07 01:16:49 - [TEST_STEP][PASSED] - setText: Text '123456789' is set on object 'Object Repository/Final Object Repo/New Registration - Registration Module Pages/Form 1/Mobile No'

2018-12-07 01:16:49 - [MESSAGE][PASSED] - Text '123456789' is set on object 'Object Repository/Final Object Repo/New Registration - Registration Module Pages/Form 1/Mobile No'

2018-12-07 01:16:49 - [TEST_STEP][PASSED] - setText: Text '123456789' is set on object 'Object Repository/Final Object Repo/New Registration - Registration Module Pages/Form 1/Fax No'

2018-12-07 01:16:49 - [MESSAGE][PASSED] - Text '123456789' is set on object 'Object Repository/Final Object Repo/New Registration - Registration Module Pages/Form 1/Fax No'

2018-12-07 01:16:49 - [TEST_STEP][PASSED] - click: Object: 'Object Repository/Final Object Repo/New Registration - Registration Module Pages/Form 1/Industry Code' is clicked on

2018-12-07 01:16:50 - [MESSAGE][PASSED] - Object: 'Object Repository/Final Object Repo/New Registration - Registration Module Pages/Form 1/Industry Code' is clicked on

2018-12-07 01:16:50 - [TEST_STEP][PASSED] - click: Object: 'Object Repository/Final Object Repo/New Registration - Registration Module Pages/Form 1/Indudustry Code - Crops and Animal' is clicked on

2018-12-07 01:16:50 - [MESSAGE][PASSED] - Object: 'Object Repository/Final Object Repo/New Registration - Registration Module Pages/Form 1/Indudustry Code - Crops and Animal' is clicked on

2018-12-07 01:16:50 - [TEST_STEP][PASSED] - delay: Delayed 1 second(s)

2018-12-07 01:16:51 - [MESSAGE][PASSED] - Delayed 1 second(s)

2018-12-07 01:16:51 - [TEST_STEP][PASSED] - click: Object: 'Object Repository/Final Object Repo/New Registration - Registration Module Pages/Form 1/Sub Industry Code List' is clicked on

2018-12-07 01:16:51 - [MESSAGE][PASSED] - Object: 'Object Repository/Final Object Repo/New Registration - Registration Module Pages/Form 1/Sub Industry Code List' is clicked on

2018-12-07 01:16:51 - [TEST_STEP][PASSED] - click: Object: 'Object Repository/Final Object Repo/New Registration - Registration Module Pages/Form 1/Sub Industry Code List - Growing of Maize' is clicked on

2018-12-07 01:16:51 - [MESSAGE][PASSED] - Object: 'Object Repository/Final Object Repo/New Registration - Registration Module Pages/Form 1/Sub Industry Code List - Growing of Maize' is clicked on

2018-12-07 01:16:51 - [TEST_STEP][PASSED] - setText: Text 'perkeso123@gmail.com' is set on object 'Object Repository/Final Object Repo/New Registration - Registration Module Pages/Form 1/Email'

2018-12-07 01:16:52 - [MESSAGE][PASSED] - Text 'perkeso123@gmail.com' is set on object 'Object Repository/Final Object Repo/New Registration - Registration Module Pages/Form 1/Email'

2018-12-07 01:16:52 - [TEST_STEP][PASSED] - click: Object: 'Object Repository/Final Object Repo/New Registration - Registration Module Pages/Form 1/Method of Contribution Payment' is clicked on

2018-12-07 01:16:52 - [MESSAGE][PASSED] - Object: 'Object Repository/Final Object Repo/New Registration - Registration Module Pages/Form 1/Method of Contribution Payment' is clicked on

2018-12-07 01:16:52 - [TEST_STEP][PASSED] - click: Object: 'Object Repository/Final Object Repo/New Registration - Registration Module Pages/Form 1/Method of Contribution Payment - Portal' is clicked on

2018-12-07 01:16:53 - [MESSAGE][PASSED] - Object: 'Object Repository/Final Object Repo/New Registration - Registration Module Pages/Form 1/Method of Contribution Payment - Portal' is clicked on

2018-12-07 01:16:53 - [TEST_STEP][PASSED] - click: Object: 'Object Repository/Final Object Repo/New Registration - Registration Module Pages/Form 1/Servide Type' is clicked on

2018-12-07 01:16:53 - [MESSAGE][PASSED] - Object: 'Object Repository/Final Object Repo/New Registration - Registration Module Pages/Form 1/Servide Type' is clicked on

2018-12-07 01:16:53 - [TEST_STEP][PASSED] - click: Object: 'Object Repository/Final Object Repo/New Registration - Registration Module Pages/Form 1/Servide Type - Professional Bodies' is clicked on

2018-12-07 01:16:53 - [MESSAGE][PASSED] - Object: 'Object Repository/Final Object Repo/New Registration - Registration Module Pages/Form 1/Servide Type - Professional Bodies' is clicked on

2018-12-07 01:16:53 - [TEST_STEP][PASSED] - click: Object: 'Object Repository/Final Object Repo/New Registration - Registration Module Pages/Form 1/Industry Venue' is clicked on

2018-12-07 01:16:53 - [MESSAGE][PASSED] - Object: 'Object Repository/Final Object Repo/New Registration - Registration Module Pages/Form 1/Industry Venue' is clicked on

2018-12-07 01:16:53 - [TEST_STEP][PASSED] - click: Object: 'Object Repository/Final Object Repo/New Registration - Registration Module Pages/Form 1/Industry Venue -  PPN JOHOR' is clicked on

2018-12-07 01:16:53 - [MESSAGE][PASSED] - Object: 'Object Repository/Final Object Repo/New Registration - Registration Module Pages/Form 1/Industry Venue -  PPN JOHOR' is clicked on

2018-12-07 01:16:53 - [TEST_STEP][PASSED] - click: Object: 'Object Repository/Final Object Repo/New Registration - Registration Module Pages/Form 1/Save  Continue' is clicked on

2018-12-07 01:16:54 - [MESSAGE][PASSED] - Object: 'Object Repository/Final Object Repo/New Registration - Registration Module Pages/Form 1/Save  Continue' is clicked on

2018-12-07 01:16:54 - [MESSAGE][PASSED] - Call Test Case 'Test Cases/Final Aug 2018 - PKS Automation/Registration Module/New Registration/Form 1/Form 1 - Corporation - BHD' successfully

2018-12-07 01:16:54 - [TEST_STEP][PASSED] - callTestCase: Call Test Case 'Test Cases/Final Aug 2018 - PKS Automation/Registration Module/New Registration/Form 2/Add 1 Eligible' successfully

2018-12-07 01:16:54 - [TEST_CASE][PASSED] - Test Cases/Final Aug 2018 - PKS Automation/Registration Module/New Registration/Form 2/Add 1 Eligible: Test Cases/Final Aug 2018 - PKS Automation/Registration Module/New Registration/Form 2/Add 1 Eligible

2018-12-07 01:16:54 - [TEST_STEP][PASSED] - delay: Delayed 2 second(s)

2018-12-07 01:16:56 - [MESSAGE][PASSED] - Delayed 2 second(s)

2018-12-07 01:16:56 - [TEST_STEP][PASSED] - callTestCase: Call Test Case 'Test Cases/Final Aug 2018 - PKS Automation/Registration Module/New Registration/Form 2/Date Updater' successfully

2018-12-07 01:16:56 - [TEST_CASE][PASSED] - Test Cases/Final Aug 2018 - PKS Automation/Registration Module/New Registration/Form 2/Date Updater: Test Cases/Final Aug 2018 - PKS Automation/Registration Module/New Registration/Form 2/Date Updater

2018-12-07 01:16:56 - [TEST_STEP][PASSED] - Statement - TodayDate = new java.util.Date(): null

2018-12-07 01:16:56 - [TEST_STEP][PASSED] - Statement - CurrentDateNoFilter = new java.text.SimpleDateFormat(): null

2018-12-07 01:16:56 - [TEST_STEP][PASSED] - Statement - CurrentDateNoFilter.applyPattern("MM"): null

2018-12-07 01:16:56 - [TEST_STEP][PASSED] - Statement - monthContainerMatcher = java.lang.Integer.parseInt(CurrentDateNoFilter.format(TodayDate)): null

2018-12-07 01:16:56 - [TEST_STEP][PASSED] - Statement - monthContainerMatcher = monthContainerMatcher - 1: null

2018-12-07 01:16:56 - [TEST_STEP][PASSED] - Statement - CurrentMonth = monthContainerMatcher.toString(): null

2018-12-07 01:16:56 - [TEST_STEP][PASSED] - Statement - CurrentMonth = CurrentMonth: null

2018-12-07 01:16:56 - [TEST_STEP][PASSED] - Statement - CurrentDateNoFilter.applyPattern("yyyy"): null

2018-12-07 01:16:56 - [TEST_STEP][PASSED] - Statement - CurrentYear = CurrentDateNoFilter.format(TodayDate): null

2018-12-07 01:16:56 - [TEST_STEP][PASSED] - Statement - CurrentYear = CurrentYear: null

2018-12-07 01:16:56 - [TEST_STEP][PASSED] - Statement - intCurrentYear = java.lang.Integer.parseInt(CurrentDateNoFilter.format(TodayDate)): null

2018-12-07 01:16:56 - [TEST_STEP][PASSED] - Statement - eighteenYrsAgo = intCurrentYear - 18: null

2018-12-07 01:16:56 - [TEST_STEP][PASSED] - Statement - eighteenYrsBeforeThisYr = eighteenYrsAgo.toString(): null

2018-12-07 01:16:56 - [TEST_STEP][PASSED] - Statement - EighteenYrsBefore = eighteenYrsBeforeThisYr: null

2018-12-07 01:16:56 - [TEST_STEP][PASSED] - Statement - fiftysevenYrsAgo = intCurrentYear - 57: null

2018-12-07 01:16:56 - [TEST_STEP][PASSED] - Statement - fiftysevenYrsBeforeThisYr = fiftysevenYrsAgo.toString(): null

2018-12-07 01:16:56 - [TEST_STEP][PASSED] - Statement - FiftysevenYrsBefore = fiftysevenYrsBeforeThisYr: null

2018-12-07 01:16:56 - [TEST_STEP][PASSED] - Statement - leapYear = false: null

2018-12-07 01:16:56 - [TEST_STEP][PASSED] - Statement - leapYear = intCurrentYear % 4 == 0: null

2018-12-07 01:16:56 - [TEST_STEP][PASSED] - Statement - CurrentDateNoFilter.applyPattern("dd"): null

2018-12-07 01:16:56 - [TEST_STEP][PASSED] - Statement - CurrentDate = CurrentDateNoFilter.format(TodayDate): null

2018-12-07 01:16:56 - [TEST_STEP][PASSED] - Statement - CurrentDate = java.lang.Integer.parseInt(CurrentDate): null

2018-12-07 01:16:56 - [TEST_STEP][PASSED] - Statement - CurrentDate = CurrentDate: null

2018-12-07 01:16:56 - [TEST_STEP][PASSED] - Statement - CurrentDay = java.lang.Integer.parseInt(CurrentDate): null

2018-12-07 01:16:56 - [TEST_STEP][PASSED] - Statement - ConfAdder = <not implemented yet for class: org.codehaus.groovy.ast.expr.EmptyExpression>: null

2018-12-07 01:16:56 - [TEST_STEP][PASSED] - Statement - out.println(CurrentMonth): null

2018-12-07 01:16:56 - [TEST_STEP][PASSED] - Statement - out.println(CurrentDate): null

2018-12-07 01:16:56 - [TEST_STEP][PASSED] - Statement - switch (CurrentDate): null

2018-12-07 01:16:56 - [TEST_STEP][PASSED] - Statement - Default: null

2018-12-07 01:16:56 - [TEST_STEP][PASSED] - Statement - ConfAdder = true: null

2018-12-07 01:16:56 - [TEST_STEP][PASSED] - Statement - Break: null

2018-12-07 01:16:56 - [TEST_STEP][PASSED] - Statement - aDayBefore = <not implemented yet for class: org.codehaus.groovy.ast.expr.EmptyExpression>: null

2018-12-07 01:16:56 - [TEST_STEP][PASSED] - Statement - out.println(ConfAdder): null

2018-12-07 01:16:56 - [TEST_STEP][PASSED] - Statement - If (ConfAdder == true): null

2018-12-07 01:16:56 - [TEST_STEP][PASSED] - Statement - aDayBefore = CurrentDay + 1: null

2018-12-07 01:16:56 - [TEST_STEP][PASSED] - Statement - out.println(aDayBefore): null

2018-12-07 01:16:56 - [TEST_STEP][PASSED] - Statement - If (aDayBefore == 1 && CurrentMonth == 11): null

2018-12-07 01:16:56 - [TEST_STEP][PASSED] - Statement - DayBefore = aDayBefore.toString(): null

2018-12-07 01:16:56 - [TEST_STEP][PASSED] - Statement - OneDayBefore = DayBefore: null

2018-12-07 01:16:56 - [MESSAGE][PASSED] - Call Test Case 'Test Cases/Final Aug 2018 - PKS Automation/Registration Module/New Registration/Form 2/Date Updater' successfully

2018-12-07 01:16:56 - [TEST_STEP][PASSED] - delay: Delayed 1 second(s)

2018-12-07 01:16:57 - [MESSAGE][PASSED] - Delayed 1 second(s)

2018-12-07 01:16:57 - [TEST_STEP][PASSED] - Statement - CaseReferenceNo = com.kms.katalon.core.webui.keyword.WebUiBuiltInKeywords.getText(com.kms.katalon.core.testobject.ObjectRepository.findTestObject(Final Object Repo/New Registration - Registration Module Pages/Form 2/RefNo Acquiring)): Text of object 'Object Repository/Final Object Repo/New Registration - Registration Module Pages/Form 2/RefNo Acquiring' is: 'CRN12201800123077'

2018-12-07 01:16:57 - [MESSAGE][PASSED] - Text of object 'Object Repository/Final Object Repo/New Registration - Registration Module Pages/Form 2/RefNo Acquiring' is: 'CRN12201800123077'

2018-12-07 01:16:57 - [TEST_STEP][PASSED] - delay: Delayed 1 second(s)

2018-12-07 01:16:58 - [MESSAGE][PASSED] - Delayed 1 second(s)

2018-12-07 01:16:58 - [TEST_STEP][PASSED] - click: Object: 'Object Repository/Final Object Repo/New Registration - Registration Module Pages/Form 2/Add Employee Button' is clicked on

2018-12-07 01:16:58 - [MESSAGE][PASSED] - Object: 'Object Repository/Final Object Repo/New Registration - Registration Module Pages/Form 2/Add Employee Button' is clicked on

2018-12-07 01:16:58 - [TEST_STEP][PASSED] - delay: Delayed 1 second(s)

2018-12-07 01:16:59 - [MESSAGE][PASSED] - Delayed 1 second(s)

2018-12-07 01:16:59 - [TEST_STEP][PASSED] - setText: Text '010903091963' is set on object 'Object Repository/Final Object Repo/New Registration - Registration Module Pages/Form 2/NRIC Input'

2018-12-07 01:16:59 - [MESSAGE][PASSED] - Text '010903091963' is set on object 'Object Repository/Final Object Repo/New Registration - Registration Module Pages/Form 2/NRIC Input'

2018-12-07 01:16:59 - [TEST_STEP][PASSED] - click: Object: 'Object Repository/Final Object Repo/New Registration - Registration Module Pages/Form 2/button for search for IC' is clicked on

2018-12-07 01:17:00 - [MESSAGE][PASSED] - Object: 'Object Repository/Final Object Repo/New Registration - Registration Module Pages/Form 2/button for search for IC' is clicked on

2018-12-07 01:17:00 - [TEST_STEP][PASSED] - delay: Delayed 2 second(s)

2018-12-07 01:17:02 - [MESSAGE][PASSED] - Delayed 2 second(s)

2018-12-07 01:17:02 - [TEST_STEP][PASSED] - setText: Text 'Automate001 eligible 1' is set on object 'Object Repository/Final Object Repo/New Registration - Registration Module Pages/Form 2/Employee Name Input'

2018-12-07 01:17:02 - [MESSAGE][PASSED] - Text 'Automate001 eligible 1' is set on object 'Object Repository/Final Object Repo/New Registration - Registration Module Pages/Form 2/Employee Name Input'

2018-12-07 01:17:02 - [TEST_STEP][PASSED] - delay: Delayed 2 second(s)

2018-12-07 01:17:04 - [MESSAGE][PASSED] - Delayed 2 second(s)

2018-12-07 01:17:04 - [TEST_STEP][PASSED] - click: Object: 'Object Repository/Final Object Repo/New Registration - Registration Module Pages/Form 2/DatePicker Pop Up' is clicked on

2018-12-07 01:17:04 - [MESSAGE][PASSED] - Object: 'Object Repository/Final Object Repo/New Registration - Registration Module Pages/Form 2/DatePicker Pop Up' is clicked on

2018-12-07 01:17:04 - [TEST_STEP][PASSED] - click: Object: 'Object Repository/Final Object Repo/New Registration - Registration Module Pages/Form 2/DOB Month' is clicked on

2018-12-07 01:17:04 - [MESSAGE][PASSED] - Object: 'Object Repository/Final Object Repo/New Registration - Registration Module Pages/Form 2/DOB Month' is clicked on

2018-12-07 01:17:04 - [TEST_STEP][PASSED] - Statement - CurrentMonth = CurrentMonth: null

2018-12-07 01:17:04 - [TEST_STEP][PASSED] - Statement - selectMonth = new com.kms.katalon.core.testobject.TestObject(): null

2018-12-07 01:17:04 - [TEST_STEP][PASSED] - Statement - selectMonth.addProperty("xpath", EQUALS, "//body/div/div/div/select/option[@value='" + CurrentMonth + "']", true): null

2018-12-07 01:17:04 - [TEST_STEP][PASSED] - click: Object: '' is clicked on

2018-12-07 01:17:05 - [MESSAGE][PASSED] - Object: '' is clicked on

2018-12-07 01:17:05 - [TEST_STEP][PASSED] - click: Object: 'Object Repository/Final Object Repo/New Registration - Registration Module Pages/Form 2/DOB Year' is clicked on

2018-12-07 01:17:05 - [MESSAGE][PASSED] - Object: 'Object Repository/Final Object Repo/New Registration - Registration Module Pages/Form 2/DOB Year' is clicked on

2018-12-07 01:17:05 - [TEST_STEP][PASSED] - Statement - Eyearsbf = EighteenYrsBefore: null

2018-12-07 01:17:05 - [TEST_STEP][PASSED] - Statement - selectYear = new com.kms.katalon.core.testobject.TestObject(): null

2018-12-07 01:17:05 - [TEST_STEP][PASSED] - Statement - selectYear.addProperty("xpath", EQUALS, "//div/div/div/select/option[@value='" + Eyearsbf + "']", true): null

2018-12-07 01:17:05 - [TEST_STEP][PASSED] - click: Object: '' is clicked on

2018-12-07 01:17:05 - [MESSAGE][PASSED] - Object: '' is clicked on

2018-12-07 01:17:05 - [TEST_STEP][PASSED] - Statement - UpdatedSelectDate = com.kms.katalon.core.webui.keyword.WebUiBuiltInKeywords.modifyObjectProperty(com.kms.katalon.core.testobject.ObjectRepository.findTestObject(Final Object Repo/New Registration - Registration Module Pages/Form 2/DOB Date), "xpath", "equals", "//body/div/table/tbody/tr/td/a[text()="" + CurrentDate + ""]", true): Modify property of object successfully

2018-12-07 01:17:05 - [MESSAGE][PASSED] - Modify property of object successfully

2018-12-07 01:17:05 - [TEST_STEP][PASSED] - delay: Delayed 3 second(s)

2018-12-07 01:17:08 - [MESSAGE][PASSED] - Delayed 3 second(s)

2018-12-07 01:17:08 - [TEST_STEP][PASSED] - click: Object: 'Object Repository/Final Object Repo/New Registration - Registration Module Pages/Form 2/DOB Date' is clicked on

2018-12-07 01:17:08 - [MESSAGE][PASSED] - Object: 'Object Repository/Final Object Repo/New Registration - Registration Module Pages/Form 2/DOB Date' is clicked on

2018-12-07 01:17:08 - [TEST_STEP][PASSED] - delay: Delayed 2 second(s)

2018-12-07 01:17:10 - [MESSAGE][PASSED] - Delayed 2 second(s)

2018-12-07 01:17:10 - [TEST_STEP][PASSED] - click: Object: 'Object Repository/Final Object Repo/New Registration - Registration Module Pages/Form 2/EmploymentStartDate Pop Up' is clicked on

2018-12-07 01:17:10 - [MESSAGE][PASSED] - Object: 'Object Repository/Final Object Repo/New Registration - Registration Module Pages/Form 2/EmploymentStartDate Pop Up' is clicked on

2018-12-07 01:17:10 - [TEST_STEP][PASSED] - delay: Delayed 2 second(s)

2018-12-07 01:17:12 - [MESSAGE][PASSED] - Delayed 2 second(s)

2018-12-07 01:17:12 - [TEST_STEP][PASSED] - click: Object: 'Object Repository/Final Object Repo/New Registration - Registration Module Pages/Form 2/Socso Employment StartDate Month' is clicked on

2018-12-07 01:17:12 - [MESSAGE][PASSED] - Object: 'Object Repository/Final Object Repo/New Registration - Registration Module Pages/Form 2/Socso Employment StartDate Month' is clicked on

2018-12-07 01:17:12 - [TEST_STEP][PASSED] - delay: Delayed 1 second(s)

2018-12-07 01:17:13 - [MESSAGE][PASSED] - Delayed 1 second(s)

2018-12-07 01:17:13 - [TEST_STEP][PASSED] - click: Object: 'Object Repository/Final Object Repo/New Registration - Registration Module Pages/Form 2/Select Socso Employement Startdate Month' is clicked on

2018-12-07 01:17:13 - [MESSAGE][PASSED] - Object: 'Object Repository/Final Object Repo/New Registration - Registration Module Pages/Form 2/Select Socso Employement Startdate Month' is clicked on

2018-12-07 01:17:13 - [TEST_STEP][PASSED] - delay: Delayed 2 second(s)

2018-12-07 01:17:15 - [MESSAGE][PASSED] - Delayed 2 second(s)

2018-12-07 01:17:15 - [TEST_STEP][PASSED] - click: Object: 'Object Repository/Final Object Repo/New Registration - Registration Module Pages/Form 2/Socso Employment StartDate Year' is clicked on

2018-12-07 01:17:16 - [MESSAGE][PASSED] - Object: 'Object Repository/Final Object Repo/New Registration - Registration Module Pages/Form 2/Socso Employment StartDate Year' is clicked on

2018-12-07 01:17:16 - [TEST_STEP][PASSED] - delay: Delayed 1 second(s)

2018-12-07 01:17:17 - [MESSAGE][PASSED] - Delayed 1 second(s)

2018-12-07 01:17:17 - [TEST_STEP][PASSED] - click: Object: 'Object Repository/Final Object Repo/New Registration - Registration Module Pages/Form 2/Select Socso Employment Startdate Year' is clicked on

2018-12-07 01:17:17 - [MESSAGE][PASSED] - Object: 'Object Repository/Final Object Repo/New Registration - Registration Module Pages/Form 2/Select Socso Employment Startdate Year' is clicked on

2018-12-07 01:17:17 - [TEST_STEP][PASSED] - delay: Delayed 2 second(s)

2018-12-07 01:17:19 - [MESSAGE][PASSED] - Delayed 2 second(s)

2018-12-07 01:17:19 - [TEST_STEP][PASSED] - click: Object: 'Object Repository/Final Object Repo/New Registration - Registration Module Pages/Form 2/Socso Employment Start Date Day' is clicked on

2018-12-07 01:17:19 - [MESSAGE][PASSED] - Object: 'Object Repository/Final Object Repo/New Registration - Registration Module Pages/Form 2/Socso Employment Start Date Day' is clicked on

2018-12-07 01:17:19 - [TEST_STEP][PASSED] - delay: Delayed 2 second(s)

2018-12-07 01:17:21 - [MESSAGE][PASSED] - Delayed 2 second(s)

2018-12-07 01:17:21 - [TEST_STEP][PASSED] - click: Object: 'Object Repository/Final Object Repo/New Registration - Registration Module Pages/Form 2/Save Button for Add Employee' is clicked on

2018-12-07 01:17:21 - [MESSAGE][PASSED] - Object: 'Object Repository/Final Object Repo/New Registration - Registration Module Pages/Form 2/Save Button for Add Employee' is clicked on

2018-12-07 01:17:21 - [TEST_STEP][PASSED] - delay: Delayed 6 second(s)

2018-12-07 01:17:27 - [MESSAGE][PASSED] - Delayed 6 second(s)

2018-12-07 01:17:27 - [TEST_STEP][PASSED] - click: Object: 'Object Repository/Final Object Repo/New Registration - Registration Module Pages/Form 2/Save and Continue Form 2' is clicked on

2018-12-07 01:17:27 - [MESSAGE][PASSED] - Object: 'Object Repository/Final Object Repo/New Registration - Registration Module Pages/Form 2/Save and Continue Form 2' is clicked on

2018-12-07 01:17:27 - [MESSAGE][PASSED] - Call Test Case 'Test Cases/Final Aug 2018 - PKS Automation/Registration Module/New Registration/Form 2/Add 1 Eligible' successfully

2018-12-07 01:17:27 - [TEST_STEP][PASSED] - callTestCase: Call Test Case 'Test Cases/Final Aug 2018 - PKS Automation/Registration Module/New Registration/Flow of New Registration/Third Screen - Upload Supporting Doc - Preview' successfully

2018-12-07 01:17:27 - [TEST_CASE][PASSED] - Test Cases/Final Aug 2018 - PKS Automation/Registration Module/New Registration/Flow of New Registration/Third Screen - Upload Supporting Doc - Preview: Test Cases/Final Aug 2018 - PKS Automation/Registration Module/New Registration/Flow of New Registration/Third Screen - Upload Supporting Doc - Preview

2018-12-07 01:17:27 - [TEST_STEP][PASSED] - waitForPageLoad: Wait for page load successfully

2018-12-07 01:17:28 - [MESSAGE][PASSED] - Wait for page load successfully

2018-12-07 01:17:28 - [TEST_STEP][PASSED] - Statement - CaseReferenceNo = com.kms.katalon.core.webui.keyword.WebUiBuiltInKeywords.getText(com.kms.katalon.core.testobject.ObjectRepository.findTestObject(Final Object Repo/New Registration - Registration Module Pages/Third Screen - Upload Supporting Doc- Preview/RefNo Acquiring)): Text of object 'Object Repository/Final Object Repo/New Registration - Registration Module Pages/Third Screen - Upload Supporting Doc- Preview/RefNo Acquiring' is: 'CRN12201800123077'

2018-12-07 01:17:28 - [MESSAGE][PASSED] - Text of object 'Object Repository/Final Object Repo/New Registration - Registration Module Pages/Third Screen - Upload Supporting Doc- Preview/RefNo Acquiring' is: 'CRN12201800123077'

2018-12-07 01:17:28 - [TEST_STEP][PASSED] - delay: Delayed 2 second(s)

2018-12-07 01:17:30 - [MESSAGE][PASSED] - Delayed 2 second(s)

2018-12-07 01:17:30 - [TEST_STEP][PASSED] - callTestCase: Call Test Case 'Test Cases/Final Aug 2018 - PKS Automation/Common/Reference Number Setter' successfully

2018-12-07 01:17:30 - [TEST_CASE][PASSED] - Test Cases/Final Aug 2018 - PKS Automation/Common/Reference Number Setter: Test Cases/Final Aug 2018 - PKS Automation/Common/Reference Number Setter

2018-12-07 01:17:30 - [TEST_STEP][PASSED] - Statement - RefNoOldFile = new java.io.File(C://Users//Admin//Desktop//PKS//Automation Reference Point//KatalonReference.txt): null

2018-12-07 01:17:30 - [TEST_STEP][PASSED] - Statement - RefNoOldFile.delete(): null

2018-12-07 01:17:30 - [TEST_STEP][PASSED] - delay: Delayed 5 second(s)

2018-12-07 01:17:35 - [MESSAGE][PASSED] - Delayed 5 second(s)

2018-12-07 01:17:35 - [TEST_STEP][PASSED] - Statement - RefNo = new java.io.File(C://Users//Admin//Desktop//PKS//Automation Reference Point//KatalonReference.txt): null

2018-12-07 01:17:35 - [TEST_STEP][PASSED] - Statement - f2 = new java.io.FileWriter(RefNo, false): null

2018-12-07 01:17:35 - [TEST_STEP][PASSED] - Statement - f2.write(CaseReferenceNo): null

2018-12-07 01:17:35 - [TEST_STEP][PASSED] - Statement - f2.close(): null

2018-12-07 01:17:35 - [TEST_STEP][PASSED] - Statement - out.println("


" + CaseReferenceNo + "


"): null

2018-12-07 01:17:35 - [MESSAGE][PASSED] - Call Test Case 'Test Cases/Final Aug 2018 - PKS Automation/Common/Reference Number Setter' successfully

2018-12-07 01:17:35 - [TEST_STEP][PASSED] - waitForElementClickable: Object 'Object Repository/Final Object Repo/New Registration - Registration Module Pages/Third Screen - Upload Supporting Doc- Preview/Save n Continue in SIP Employee Listing Page' is clickable

2018-12-07 01:17:35 - [MESSAGE][PASSED] - Object 'Object Repository/Final Object Repo/New Registration - Registration Module Pages/Third Screen - Upload Supporting Doc- Preview/Save n Continue in SIP Employee Listing Page' is clickable

2018-12-07 01:17:35 - [TEST_STEP][PASSED] - click: Object: 'Object Repository/Final Object Repo/New Registration - Registration Module Pages/Third Screen - Upload Supporting Doc- Preview/Save n Continue in SIP Employee Listing Page' is clicked on

2018-12-07 01:17:41 - [MESSAGE][PASSED] - Object: 'Object Repository/Final Object Repo/New Registration - Registration Module Pages/Third Screen - Upload Supporting Doc- Preview/Save n Continue in SIP Employee Listing Page' is clicked on

2018-12-07 01:17:41 - [TEST_STEP][PASSED] - delay: Delayed 7 second(s)

2018-12-07 01:17:48 - [MESSAGE][PASSED] - Delayed 7 second(s)

2018-12-07 01:17:48 - [TEST_STEP][PASSED] - click: Object: 'Object Repository/Final Object Repo/New Registration - Registration Module Pages/Third Screen - Upload Supporting Doc- Preview/Add Document Button' is clicked on

2018-12-07 01:17:48 - [MESSAGE][PASSED] - Object: 'Object Repository/Final Object Repo/New Registration - Registration Module Pages/Third Screen - Upload Supporting Doc- Preview/Add Document Button' is clicked on

2018-12-07 01:17:48 - [TEST_STEP][PASSED] - delay: Delayed 30 second(s)

2018-12-07 01:18:18 - [MESSAGE][PASSED] - Delayed 30 second(s)

2018-12-07 01:18:18 - [TEST_STEP][PASSED] - click: Object: 'Object Repository/Final Object Repo/New Registration - Registration Module Pages/Third Screen - Upload Supporting Doc- Preview/Supporting Doc Please Select Drop Down' is clicked on

2018-12-07 01:18:19 - [MESSAGE][PASSED] - Object: 'Object Repository/Final Object Repo/New Registration - Registration Module Pages/Third Screen - Upload Supporting Doc- Preview/Supporting Doc Please Select Drop Down' is clicked on

2018-12-07 01:18:19 - [TEST_STEP][PASSED] - delay: Delayed 2 second(s)

2018-12-07 01:18:21 - [MESSAGE][PASSED] - Delayed 2 second(s)

2018-12-07 01:18:21 - [TEST_STEP][PASSED] - click: Object: 'Object Repository/Final Object Repo/New Registration - Registration Module Pages/Third Screen - Upload Supporting Doc- Preview/Select to Upload Form 1' is clicked on

2018-12-07 01:18:21 - [MESSAGE][PASSED] - Object: 'Object Repository/Final Object Repo/New Registration - Registration Module Pages/Third Screen - Upload Supporting Doc- Preview/Select to Upload Form 1' is clicked on

2018-12-07 01:18:21 - [TEST_STEP][PASSED] - delay: Delayed 2 second(s)

2018-12-07 01:18:23 - [MESSAGE][PASSED] - Delayed 2 second(s)

2018-12-07 01:18:23 - [TEST_STEP][PASSED] - uploadFile: File 'C:\Users\Public\Pictures\Sample Pictures\Koala.jpg' sent to object: 'Object Repository/Final Object Repo/New Registration - Registration Module Pages/Third Screen - Upload Supporting Doc- Preview/Upload File Adding'

2018-12-07 01:18:23 - [MESSAGE][PASSED] - File 'C:\Users\Public\Pictures\Sample Pictures\Koala.jpg' sent to object: 'Object Repository/Final Object Repo/New Registration - Registration Module Pages/Third Screen - Upload Supporting Doc- Preview/Upload File Adding'

2018-12-07 01:18:23 - [TEST_STEP][PASSED] - delay: Delayed 5 second(s)

2018-12-07 01:18:28 - [MESSAGE][PASSED] - Delayed 5 second(s)

2018-12-07 01:18:28 - [TEST_STEP][PASSED] - click: Object: 'Object Repository/Final Object Repo/New Registration - Registration Module Pages/Third Screen - Upload Supporting Doc- Preview/Inner Form Add Document Button' is clicked on

2018-12-07 01:18:28 - [MESSAGE][PASSED] - Object: 'Object Repository/Final Object Repo/New Registration - Registration Module Pages/Third Screen - Upload Supporting Doc- Preview/Inner Form Add Document Button' is clicked on

2018-12-07 01:18:28 - [TEST_STEP][PASSED] - delay: Delayed 3 second(s)

2018-12-07 01:18:31 - [MESSAGE][PASSED] - Delayed 3 second(s)

2018-12-07 01:18:31 - [TEST_STEP][PASSED] - click: Object: 'Object Repository/Final Object Repo/New Registration - Registration Module Pages/Third Screen - Upload Supporting Doc- Preview/Add Document Button' is clicked on

2018-12-07 01:18:32 - [MESSAGE][PASSED] - Object: 'Object Repository/Final Object Repo/New Registration - Registration Module Pages/Third Screen - Upload Supporting Doc- Preview/Add Document Button' is clicked on

2018-12-07 01:18:32 - [TEST_STEP][PASSED] - delay: Delayed 30 second(s)

2018-12-07 01:19:02 - [MESSAGE][PASSED] - Delayed 30 second(s)

2018-12-07 01:19:02 - [TEST_STEP][PASSED] - click: Object: 'Object Repository/Final Object Repo/New Registration - Registration Module Pages/Third Screen - Upload Supporting Doc- Preview/Supporting Doc Please Select Drop Down' is clicked on

2018-12-07 01:19:02 - [MESSAGE][PASSED] - Object: 'Object Repository/Final Object Repo/New Registration - Registration Module Pages/Third Screen - Upload Supporting Doc- Preview/Supporting Doc Please Select Drop Down' is clicked on

2018-12-07 01:19:02 - [TEST_STEP][PASSED] - delay: Delayed 2 second(s)

2018-12-07 01:19:04 - [MESSAGE][PASSED] - Delayed 2 second(s)

2018-12-07 01:19:04 - [TEST_STEP][PASSED] - click: Object: 'Object Repository/Final Object Repo/New Registration - Registration Module Pages/Third Screen - Upload Supporting Doc- Preview/Select to Upload Form 2' is clicked on

2018-12-07 01:19:05 - [MESSAGE][PASSED] - Object: 'Object Repository/Final Object Repo/New Registration - Registration Module Pages/Third Screen - Upload Supporting Doc- Preview/Select to Upload Form 2' is clicked on

2018-12-07 01:19:05 - [TEST_STEP][PASSED] - delay: Delayed 2 second(s)

2018-12-07 01:19:07 - [MESSAGE][PASSED] - Delayed 2 second(s)

2018-12-07 01:19:07 - [TEST_STEP][PASSED] - uploadFile: File 'C:\Users\Public\Pictures\Sample Pictures\Koala.jpg' sent to object: 'Object Repository/Final Object Repo/New Registration - Registration Module Pages/Third Screen - Upload Supporting Doc- Preview/Upload File Adding'

2018-12-07 01:19:07 - [MESSAGE][PASSED] - File 'C:\Users\Public\Pictures\Sample Pictures\Koala.jpg' sent to object: 'Object Repository/Final Object Repo/New Registration - Registration Module Pages/Third Screen - Upload Supporting Doc- Preview/Upload File Adding'

2018-12-07 01:19:07 - [TEST_STEP][PASSED] - click: Object: 'Object Repository/Final Object Repo/New Registration - Registration Module Pages/Third Screen - Upload Supporting Doc- Preview/Inner Form Add Document Button' is clicked on

2018-12-07 01:19:07 - [MESSAGE][PASSED] - Object: 'Object Repository/Final Object Repo/New Registration - Registration Module Pages/Third Screen - Upload Supporting Doc- Preview/Inner Form Add Document Button' is clicked on

2018-12-07 01:19:07 - [TEST_STEP][PASSED] - delay: Delayed 5 second(s)

2018-12-07 01:19:12 - [MESSAGE][PASSED] - Delayed 5 second(s)

2018-12-07 01:19:12 - [TEST_STEP][PASSED] - click: Object: 'Object Repository/Final Object Repo/New Registration - Registration Module Pages/Third Screen - Upload Supporting Doc- Preview/Add Document Button' is clicked on

2018-12-07 01:19:12 - [MESSAGE][PASSED] - Object: 'Object Repository/Final Object Repo/New Registration - Registration Module Pages/Third Screen - Upload Supporting Doc- Preview/Add Document Button' is clicked on

2018-12-07 01:19:12 - [TEST_STEP][PASSED] - delay: Delayed 30 second(s)

2018-12-07 01:19:42 - [MESSAGE][PASSED] - Delayed 30 second(s)

2018-12-07 01:19:42 - [TEST_STEP][PASSED] - click: Object: 'Object Repository/Final Object Repo/New Registration - Registration Module Pages/Third Screen - Upload Supporting Doc- Preview/Supporting Doc Please Select Drop Down' is clicked on

2018-12-07 01:19:42 - [MESSAGE][PASSED] - Object: 'Object Repository/Final Object Repo/New Registration - Registration Module Pages/Third Screen - Upload Supporting Doc- Preview/Supporting Doc Please Select Drop Down' is clicked on

2018-12-07 01:19:42 - [TEST_STEP][PASSED] - click: Object: 'Object Repository/Final Object Repo/New Registration - Registration Module Pages/Third Screen - Upload Supporting Doc- Preview/Select to Upload Borang SIP 1' is clicked on

2018-12-07 01:19:42 - [MESSAGE][PASSED] - Object: 'Object Repository/Final Object Repo/New Registration - Registration Module Pages/Third Screen - Upload Supporting Doc- Preview/Select to Upload Borang SIP 1' is clicked on

2018-12-07 01:19:42 - [TEST_STEP][PASSED] - delay: Delayed 2 second(s)

2018-12-07 01:19:44 - [MESSAGE][PASSED] - Delayed 2 second(s)

2018-12-07 01:19:44 - [TEST_STEP][PASSED] - uploadFile: File 'C:\Users\Public\Pictures\Sample Pictures\Koala.jpg' sent to object: 'Object Repository/Final Object Repo/New Registration - Registration Module Pages/Third Screen - Upload Supporting Doc- Preview/Upload File Adding'

2018-12-07 01:19:44 - [MESSAGE][PASSED] - File 'C:\Users\Public\Pictures\Sample Pictures\Koala.jpg' sent to object: 'Object Repository/Final Object Repo/New Registration - Registration Module Pages/Third Screen - Upload Supporting Doc- Preview/Upload File Adding'

2018-12-07 01:19:44 - [TEST_STEP][PASSED] - click: Object: 'Object Repository/Final Object Repo/New Registration - Registration Module Pages/Third Screen - Upload Supporting Doc- Preview/Inner Form Add Document Button' is clicked on

2018-12-07 01:19:45 - [MESSAGE][PASSED] - Object: 'Object Repository/Final Object Repo/New Registration - Registration Module Pages/Third Screen - Upload Supporting Doc- Preview/Inner Form Add Document Button' is clicked on

2018-12-07 01:19:45 - [TEST_STEP][PASSED] - delay: Delayed 5 second(s)

2018-12-07 01:19:50 - [MESSAGE][PASSED] - Delayed 5 second(s)

2018-12-07 01:19:50 - [TEST_STEP][PASSED] - click: Object: 'Object Repository/Final Object Repo/New Registration - Registration Module Pages/Third Screen - Upload Supporting Doc- Preview/Add Document Button' is clicked on

2018-12-07 01:19:50 - [MESSAGE][PASSED] - Object: 'Object Repository/Final Object Repo/New Registration - Registration Module Pages/Third Screen - Upload Supporting Doc- Preview/Add Document Button' is clicked on

2018-12-07 01:19:50 - [TEST_STEP][PASSED] - delay: Delayed 30 second(s)

2018-12-07 01:20:20 - [MESSAGE][PASSED] - Delayed 30 second(s)

2018-12-07 01:20:20 - [TEST_STEP][PASSED] - click: Object: 'Object Repository/Final Object Repo/New Registration - Registration Module Pages/Third Screen - Upload Supporting Doc- Preview/Supporting Doc Please Select Drop Down' is clicked on

2018-12-07 01:20:20 - [MESSAGE][PASSED] - Object: 'Object Repository/Final Object Repo/New Registration - Registration Module Pages/Third Screen - Upload Supporting Doc- Preview/Supporting Doc Please Select Drop Down' is clicked on

2018-12-07 01:20:20 - [TEST_STEP][PASSED] - delay: Delayed 3 second(s)

2018-12-07 01:20:23 - [MESSAGE][PASSED] - Delayed 3 second(s)

2018-12-07 01:20:23 - [TEST_STEP][PASSED] - click: Object: 'Object Repository/Final Object Repo/New Registration - Registration Module Pages/Third Screen - Upload Supporting Doc- Preview/Select to Upload Borang SIP 2' is clicked on

2018-12-07 01:20:23 - [MESSAGE][PASSED] - Object: 'Object Repository/Final Object Repo/New Registration - Registration Module Pages/Third Screen - Upload Supporting Doc- Preview/Select to Upload Borang SIP 2' is clicked on

2018-12-07 01:20:23 - [TEST_STEP][PASSED] - delay: Delayed 2 second(s)

2018-12-07 01:20:25 - [MESSAGE][PASSED] - Delayed 2 second(s)

2018-12-07 01:20:25 - [TEST_STEP][PASSED] - uploadFile: File 'C:\Users\Public\Pictures\Sample Pictures\Koala.jpg' sent to object: 'Object Repository/Final Object Repo/New Registration - Registration Module Pages/Third Screen - Upload Supporting Doc- Preview/Upload File Adding'

2018-12-07 01:20:25 - [MESSAGE][PASSED] - File 'C:\Users\Public\Pictures\Sample Pictures\Koala.jpg' sent to object: 'Object Repository/Final Object Repo/New Registration - Registration Module Pages/Third Screen - Upload Supporting Doc- Preview/Upload File Adding'

2018-12-07 01:20:25 - [TEST_STEP][PASSED] - delay: Delayed 5 second(s)

2018-12-07 01:20:30 - [MESSAGE][PASSED] - Delayed 5 second(s)

2018-12-07 01:20:30 - [TEST_STEP][PASSED] - click: Object: 'Object Repository/Final Object Repo/New Registration - Registration Module Pages/Third Screen - Upload Supporting Doc- Preview/Inner Form Add Document Button' is clicked on

2018-12-07 01:20:30 - [MESSAGE][PASSED] - Object: 'Object Repository/Final Object Repo/New Registration - Registration Module Pages/Third Screen - Upload Supporting Doc- Preview/Inner Form Add Document Button' is clicked on

2018-12-07 01:20:30 - [TEST_STEP][PASSED] - delay: Delayed 3 second(s)

2018-12-07 01:20:33 - [MESSAGE][PASSED] - Delayed 3 second(s)

2018-12-07 01:20:33 - [TEST_STEP][PASSED] - waitForElementClickable: Object 'Object Repository/Final Object Repo/New Registration - Registration Module Pages/Third Screen - Upload Supporting Doc- Preview/Save n Continue in Uploading Supporting Doc Page' is clickable

2018-12-07 01:20:35 - [MESSAGE][PASSED] - Object 'Object Repository/Final Object Repo/New Registration - Registration Module Pages/Third Screen - Upload Supporting Doc- Preview/Save n Continue in Uploading Supporting Doc Page' is clickable

2018-12-07 01:20:35 - [TEST_STEP][PASSED] - click: Object: 'Object Repository/Final Object Repo/New Registration - Registration Module Pages/Third Screen - Upload Supporting Doc- Preview/Save n Continue in Uploading Supporting Doc Page' is clicked on

2018-12-07 01:20:35 - [MESSAGE][PASSED] - Object: 'Object Repository/Final Object Repo/New Registration - Registration Module Pages/Third Screen - Upload Supporting Doc- Preview/Save n Continue in Uploading Supporting Doc Page' is clicked on

2018-12-07 01:20:35 - [MESSAGE][PASSED] - Call Test Case 'Test Cases/Final Aug 2018 - PKS Automation/Registration Module/New Registration/Flow of New Registration/Third Screen - Upload Supporting Doc - Preview' successfully

2018-12-07 01:20:35 - [TEST_STEP][PASSED] - callTestCase: Call Test Case 'Test Cases/Final Aug 2018 - PKS Automation/Registration Module/New Registration/Submit and Screenshot/Submit Registration and Screenshot - Copy' successfully

2018-12-07 01:20:35 - [TEST_CASE][PASSED] - Test Cases/Final Aug 2018 - PKS Automation/Registration Module/New Registration/Submit and Screenshot/Submit Registration and Screenshot - Copy: Test Cases/Final Aug 2018 - PKS Automation/Registration Module/New Registration/Submit and Screenshot/Submit Registration and Screenshot - Copy

2018-12-07 01:20:35 - [TEST_STEP][PASSED] - delay: Delayed 6 second(s)

2018-12-07 01:20:41 - [MESSAGE][PASSED] - Delayed 6 second(s)

2018-12-07 01:20:41 - [TEST_STEP][PASSED] - click: Object: 'Object Repository/Final Object Repo/New Registration - Registration Module Pages/Third Screen - Upload Supporting Doc- Preview/Preview Submit Button' is clicked on

2018-12-07 01:20:41 - [MESSAGE][PASSED] - Object: 'Object Repository/Final Object Repo/New Registration - Registration Module Pages/Third Screen - Upload Supporting Doc- Preview/Preview Submit Button' is clicked on

2018-12-07 01:20:41 - [TEST_STEP][PASSED] - delay: Delayed 2 second(s)

2018-12-07 01:20:43 - [MESSAGE][PASSED] - Delayed 2 second(s)

2018-12-07 01:20:43 - [TEST_STEP][PASSED] - click: Object: 'Object Repository/Final Object Repo/New Registration - Registration Module Pages/Third Screen - Upload Supporting Doc- Preview/Preview Submit - Confirm' is clicked on

2018-12-07 01:20:43 - [MESSAGE][PASSED] - Object: 'Object Repository/Final Object Repo/New Registration - Registration Module Pages/Third Screen - Upload Supporting Doc- Preview/Preview Submit - Confirm' is clicked on

2018-12-07 01:20:43 - [TEST_STEP][PASSED] - delay: Delayed 15 second(s)

2018-12-07 01:20:58 - [MESSAGE][PASSED] - Delayed 15 second(s)

2018-12-07 01:20:58 - [TEST_STEP][PASSED] - Statement - driver = com.kms.katalon.core.webui.driver.DriverFactory.getWebDriver(): null

2018-12-07 01:20:58 - [TEST_STEP][PASSED] - Statement - driver.manage().timeouts().implicitlyWait(10, SECONDS): null

2018-12-07 01:20:58 - [TEST_STEP][PASSED] - Statement - PresavePath = KatalonScreenshots: null

2018-12-07 01:20:58 - [TEST_STEP][PASSED] - Statement - pathPrefix = "C:\Users\Public\Pictures\Sample Pictures\Katalon Screenshots\Automate Ending Screen": null

2018-12-07 01:20:58 - [TEST_STEP][PASSED] - Statement - finalPath = <not implemented yet for class: org.codehaus.groovy.ast.expr.EmptyExpression>: null

2018-12-07 01:20:58 - [TEST_STEP][PASSED] - Statement - scrFile = driver.getScreenshotAs(FILE): null

2018-12-07 01:20:58 - [TEST_STEP][PASSED] - Statement - PreSaveFile = new java.io.File(PresavePath): null

2018-12-07 01:20:58 - [TEST_STEP][PASSED] - Statement - counter = 0: null

2018-12-07 01:20:58 - [TEST_STEP][PASSED] - Statement - If (PreSaveFile.exists()): null

2018-12-07 01:20:58 - [TEST_STEP][PASSED] - Statement - While (PreSaveFile.exists()): null

2018-12-07 01:20:58 - [TEST_STEP][PASSED] - Statement - counter = counter + 1: null

2018-12-07 01:20:58 - [TEST_STEP][PASSED] - Statement - PreSaveFile = new java.io.File(((pathPrefix + java.lang.Integer.toString(counter)) + .png)): null

2018-12-07 01:20:58 - [TEST_STEP][PASSED] - Statement - counter = counter + 1: null

2018-12-07 01:20:58 - [TEST_STEP][PASSED] - Statement - PreSaveFile = new java.io.File(((pathPrefix + java.lang.Integer.toString(counter)) + .png)): null

2018-12-07 01:20:58 - [TEST_STEP][PASSED] - Statement - counter = counter + 1: null

2018-12-07 01:20:58 - [TEST_STEP][PASSED] - Statement - PreSaveFile = new java.io.File(((pathPrefix + java.lang.Integer.toString(counter)) + .png)): null

2018-12-07 01:20:58 - [TEST_STEP][PASSED] - Statement - counter = counter + 1: null

2018-12-07 01:20:58 - [TEST_STEP][PASSED] - Statement - PreSaveFile = new java.io.File(((pathPrefix + java.lang.Integer.toString(counter)) + .png)): null

2018-12-07 01:20:58 - [TEST_STEP][PASSED] - Statement - counter = counter + 1: null

2018-12-07 01:20:58 - [TEST_STEP][PASSED] - Statement - PreSaveFile = new java.io.File(((pathPrefix + java.lang.Integer.toString(counter)) + .png)): null

2018-12-07 01:20:58 - [TEST_STEP][PASSED] - Statement - counter = counter + 1: null

2018-12-07 01:20:58 - [TEST_STEP][PASSED] - Statement - PreSaveFile = new java.io.File(((pathPrefix + java.lang.Integer.toString(counter)) + .png)): null

2018-12-07 01:20:58 - [TEST_STEP][PASSED] - Statement - counter = counter + 1: null

2018-12-07 01:20:58 - [TEST_STEP][PASSED] - Statement - PreSaveFile = new java.io.File(((pathPrefix + java.lang.Integer.toString(counter)) + .png)): null

2018-12-07 01:20:58 - [TEST_STEP][PASSED] - Statement - counter = counter + 1: null

2018-12-07 01:20:58 - [TEST_STEP][PASSED] - Statement - PreSaveFile = new java.io.File(((pathPrefix + java.lang.Integer.toString(counter)) + .png)): null

2018-12-07 01:20:58 - [TEST_STEP][PASSED] - Statement - counter = counter + 1: null

2018-12-07 01:20:58 - [TEST_STEP][PASSED] - Statement - PreSaveFile = new java.io.File(((pathPrefix + java.lang.Integer.toString(counter)) + .png)): null

2018-12-07 01:20:58 - [TEST_STEP][PASSED] - Statement - counter = counter + 1: null

2018-12-07 01:20:58 - [TEST_STEP][PASSED] - Statement - PreSaveFile = new java.io.File(((pathPrefix + java.lang.Integer.toString(counter)) + .png)): null

2018-12-07 01:20:58 - [TEST_STEP][PASSED] - Statement - counter = counter + 1: null

2018-12-07 01:20:58 - [TEST_STEP][PASSED] - Statement - PreSaveFile = new java.io.File(((pathPrefix + java.lang.Integer.toString(counter)) + .png)): null

2018-12-07 01:20:58 - [TEST_STEP][PASSED] - Statement - counter = counter + 1: null

2018-12-07 01:20:58 - [TEST_STEP][PASSED] - Statement - PreSaveFile = new java.io.File(((pathPrefix + java.lang.Integer.toString(counter)) + .png)): null

2018-12-07 01:20:58 - [TEST_STEP][PASSED] - Statement - counter = counter + 1: null

2018-12-07 01:20:58 - [TEST_STEP][PASSED] - Statement - PreSaveFile = new java.io.File(((pathPrefix + java.lang.Integer.toString(counter)) + .png)): null

2018-12-07 01:20:58 - [TEST_STEP][PASSED] - Statement - counter = counter + 1: null

2018-12-07 01:20:58 - [TEST_STEP][PASSED] - Statement - PreSaveFile = new java.io.File(((pathPrefix + java.lang.Integer.toString(counter)) + .png)): null

2018-12-07 01:20:58 - [TEST_STEP][PASSED] - Statement - counter = counter + 1: null

2018-12-07 01:20:58 - [TEST_STEP][PASSED] - Statement - PreSaveFile = new java.io.File(((pathPrefix + java.lang.Integer.toString(counter)) + .png)): null

2018-12-07 01:20:58 - [TEST_STEP][PASSED] - Statement - counter = counter + 1: null

2018-12-07 01:20:58 - [TEST_STEP][PASSED] - Statement - PreSaveFile = new java.io.File(((pathPrefix + java.lang.Integer.toString(counter)) + .png)): null

2018-12-07 01:20:58 - [TEST_STEP][PASSED] - Statement - counter = counter + 1: null

2018-12-07 01:20:58 - [TEST_STEP][PASSED] - Statement - PreSaveFile = new java.io.File(((pathPrefix + java.lang.Integer.toString(counter)) + .png)): null

2018-12-07 01:20:58 - [TEST_STEP][PASSED] - Statement - counter = counter + 1: null

2018-12-07 01:20:58 - [TEST_STEP][PASSED] - Statement - PreSaveFile = new java.io.File(((pathPrefix + java.lang.Integer.toString(counter)) + .png)): null

2018-12-07 01:20:58 - [TEST_STEP][PASSED] - Statement - counter = counter + 1: null

2018-12-07 01:20:58 - [TEST_STEP][PASSED] - Statement - PreSaveFile = new java.io.File(((pathPrefix + java.lang.Integer.toString(counter)) + .png)): null

2018-12-07 01:20:58 - [TEST_STEP][PASSED] - Statement - counter = counter + 1: null

2018-12-07 01:20:58 - [TEST_STEP][PASSED] - Statement - PreSaveFile = new java.io.File(((pathPrefix + java.lang.Integer.toString(counter)) + .png)): null

2018-12-07 01:20:58 - [TEST_STEP][PASSED] - Statement - counter = counter + 1: null

2018-12-07 01:20:58 - [TEST_STEP][PASSED] - Statement - PreSaveFile = new java.io.File(((pathPrefix + java.lang.Integer.toString(counter)) + .png)): null

2018-12-07 01:20:58 - [TEST_STEP][PASSED] - Statement - counter = counter + 1: null

2018-12-07 01:20:58 - [TEST_STEP][PASSED] - Statement - PreSaveFile = new java.io.File(((pathPrefix + java.lang.Integer.toString(counter)) + .png)): null

2018-12-07 01:20:58 - [TEST_STEP][PASSED] - Statement - counter = counter + 1: null

2018-12-07 01:20:58 - [TEST_STEP][PASSED] - Statement - PreSaveFile = new java.io.File(((pathPrefix + java.lang.Integer.toString(counter)) + .png)): null

2018-12-07 01:20:58 - [TEST_STEP][PASSED] - Statement - counter = counter + 1: null

2018-12-07 01:20:58 - [TEST_STEP][PASSED] - Statement - PreSaveFile = new java.io.File(((pathPrefix + java.lang.Integer.toString(counter)) + .png)): null

2018-12-07 01:20:58 - [TEST_STEP][PASSED] - Statement - counter = counter + 1: null

2018-12-07 01:20:58 - [TEST_STEP][PASSED] - Statement - PreSaveFile = new java.io.File(((pathPrefix + java.lang.Integer.toString(counter)) + .png)): null

2018-12-07 01:20:58 - [TEST_STEP][PASSED] - Statement - counter = counter + 1: null

2018-12-07 01:20:59 - [TEST_STEP][PASSED] - Statement - PreSaveFile = new java.io.File(((pathPrefix + java.lang.Integer.toString(counter)) + .png)): null

2018-12-07 01:20:59 - [TEST_STEP][PASSED] - Statement - counter = counter + 1: null

2018-12-07 01:20:59 - [TEST_STEP][PASSED] - Statement - PreSaveFile = new java.io.File(((pathPrefix + java.lang.Integer.toString(counter)) + .png)): null

2018-12-07 01:20:59 - [TEST_STEP][PASSED] - Statement - counter = counter + 1: null

2018-12-07 01:20:59 - [TEST_STEP][PASSED] - Statement - PreSaveFile = new java.io.File(((pathPrefix + java.lang.Integer.toString(counter)) + .png)): null

2018-12-07 01:20:59 - [TEST_STEP][PASSED] - Statement - counter = counter + 1: null

2018-12-07 01:20:59 - [TEST_STEP][PASSED] - Statement - PreSaveFile = new java.io.File(((pathPrefix + java.lang.Integer.toString(counter)) + .png)): null

2018-12-07 01:20:59 - [TEST_STEP][PASSED] - Statement - counter = counter + 1: null

2018-12-07 01:20:59 - [TEST_STEP][PASSED] - Statement - PreSaveFile = new java.io.File(((pathPrefix + java.lang.Integer.toString(counter)) + .png)): null

2018-12-07 01:20:59 - [TEST_STEP][PASSED] - Statement - counter = counter + 1: null

2018-12-07 01:20:59 - [TEST_STEP][PASSED] - Statement - PreSaveFile = new java.io.File(((pathPrefix + java.lang.Integer.toString(counter)) + .png)): null

2018-12-07 01:20:59 - [TEST_STEP][PASSED] - Statement - counter = counter + 1: null

2018-12-07 01:20:59 - [TEST_STEP][PASSED] - Statement - PreSaveFile = new java.io.File(((pathPrefix + java.lang.Integer.toString(counter)) + .png)): null

2018-12-07 01:20:59 - [TEST_STEP][PASSED] - Statement - counter = counter + 1: null

2018-12-07 01:20:59 - [TEST_STEP][PASSED] - Statement - PreSaveFile = new java.io.File(((pathPrefix + java.lang.Integer.toString(counter)) + .png)): null

2018-12-07 01:20:59 - [TEST_STEP][PASSED] - Statement - counter = counter + 1: null

2018-12-07 01:20:59 - [TEST_STEP][PASSED] - Statement - PreSaveFile = new java.io.File(((pathPrefix + java.lang.Integer.toString(counter)) + .png)): null

2018-12-07 01:20:59 - [TEST_STEP][PASSED] - Statement - counter = counter + 1: null

2018-12-07 01:20:59 - [TEST_STEP][PASSED] - Statement - PreSaveFile = new java.io.File(((pathPrefix + java.lang.Integer.toString(counter)) + .png)): null

2018-12-07 01:20:59 - [TEST_STEP][PASSED] - Statement - counter = counter + 1: null

2018-12-07 01:20:59 - [TEST_STEP][PASSED] - Statement - PreSaveFile = new java.io.File(((pathPrefix + java.lang.Integer.toString(counter)) + .png)): null

2018-12-07 01:20:59 - [TEST_STEP][PASSED] - Statement - counter = counter + 1: null

2018-12-07 01:20:59 - [TEST_STEP][PASSED] - Statement - PreSaveFile = new java.io.File(((pathPrefix + java.lang.Integer.toString(counter)) + .png)): null

2018-12-07 01:20:59 - [TEST_STEP][PASSED] - Statement - counter = counter + 1: null

2018-12-07 01:20:59 - [TEST_STEP][PASSED] - Statement - PreSaveFile = new java.io.File(((pathPrefix + java.lang.Integer.toString(counter)) + .png)): null

2018-12-07 01:20:59 - [TEST_STEP][PASSED] - Statement - counter = counter + 1: null

2018-12-07 01:20:59 - [TEST_STEP][PASSED] - Statement - PreSaveFile = new java.io.File(((pathPrefix + java.lang.Integer.toString(counter)) + .png)): null

2018-12-07 01:20:59 - [TEST_STEP][PASSED] - Statement - counter = counter + 1: null

2018-12-07 01:20:59 - [TEST_STEP][PASSED] - Statement - PreSaveFile = new java.io.File(((pathPrefix + java.lang.Integer.toString(counter)) + .png)): null

2018-12-07 01:20:59 - [TEST_STEP][PASSED] - Statement - counter = counter + 1: null

2018-12-07 01:20:59 - [TEST_STEP][PASSED] - Statement - PreSaveFile = new java.io.File(((pathPrefix + java.lang.Integer.toString(counter)) + .png)): null

2018-12-07 01:20:59 - [TEST_STEP][PASSED] - Statement - counter = counter + 1: null

2018-12-07 01:20:59 - [TEST_STEP][PASSED] - Statement - PreSaveFile = new java.io.File(((pathPrefix + java.lang.Integer.toString(counter)) + .png)): null

2018-12-07 01:20:59 - [TEST_STEP][PASSED] - Statement - counter = counter + 1: null

2018-12-07 01:20:59 - [TEST_STEP][PASSED] - Statement - PreSaveFile = new java.io.File(((pathPrefix + java.lang.Integer.toString(counter)) + .png)): null

2018-12-07 01:20:59 - [TEST_STEP][PASSED] - Statement - counter = counter + 1: null

2018-12-07 01:20:59 - [TEST_STEP][PASSED] - Statement - PreSaveFile = new java.io.File(((pathPrefix + java.lang.Integer.toString(counter)) + .png)): null

2018-12-07 01:20:59 - [TEST_STEP][PASSED] - Statement - counter = counter + 1: null

2018-12-07 01:20:59 - [TEST_STEP][PASSED] - Statement - PreSaveFile = new java.io.File(((pathPrefix + java.lang.Integer.toString(counter)) + .png)): null

2018-12-07 01:20:59 - [TEST_STEP][PASSED] - Statement - counter = counter + 1: null

2018-12-07 01:20:59 - [TEST_STEP][PASSED] - Statement - PreSaveFile = new java.io.File(((pathPrefix + java.lang.Integer.toString(counter)) + .png)): null

2018-12-07 01:20:59 - [TEST_STEP][PASSED] - Statement - counter = counter + 1: null

2018-12-07 01:20:59 - [TEST_STEP][PASSED] - Statement - PreSaveFile = new java.io.File(((pathPrefix + java.lang.Integer.toString(counter)) + .png)): null

2018-12-07 01:20:59 - [TEST_STEP][PASSED] - Statement - counter = counter + 1: null

2018-12-07 01:20:59 - [TEST_STEP][PASSED] - Statement - PreSaveFile = new java.io.File(((pathPrefix + java.lang.Integer.toString(counter)) + .png)): null

2018-12-07 01:20:59 - [TEST_STEP][PASSED] - Statement - counter = counter + 1: null

2018-12-07 01:20:59 - [TEST_STEP][PASSED] - Statement - PreSaveFile = new java.io.File(((pathPrefix + java.lang.Integer.toString(counter)) + .png)): null

2018-12-07 01:20:59 - [TEST_STEP][PASSED] - Statement - counter = counter + 1: null

2018-12-07 01:20:59 - [TEST_STEP][PASSED] - Statement - PreSaveFile = new java.io.File(((pathPrefix + java.lang.Integer.toString(counter)) + .png)): null

2018-12-07 01:20:59 - [TEST_STEP][PASSED] - Statement - counter = counter + 1: null

2018-12-07 01:20:59 - [TEST_STEP][PASSED] - Statement - PreSaveFile = new java.io.File(((pathPrefix + java.lang.Integer.toString(counter)) + .png)): null

2018-12-07 01:20:59 - [TEST_STEP][PASSED] - Statement - counter = counter + 1: null

2018-12-07 01:20:59 - [TEST_STEP][PASSED] - Statement - PreSaveFile = new java.io.File(((pathPrefix + java.lang.Integer.toString(counter)) + .png)): null

2018-12-07 01:20:59 - [TEST_STEP][PASSED] - Statement - counter = counter + 1: null

2018-12-07 01:20:59 - [TEST_STEP][PASSED] - Statement - PreSaveFile = new java.io.File(((pathPrefix + java.lang.Integer.toString(counter)) + .png)): null

2018-12-07 01:20:59 - [TEST_STEP][PASSED] - Statement - counter = counter + 1: null

2018-12-07 01:20:59 - [TEST_STEP][PASSED] - Statement - PreSaveFile = new java.io.File(((pathPrefix + java.lang.Integer.toString(counter)) + .png)): null

2018-12-07 01:20:59 - [TEST_STEP][PASSED] - Statement - counter = counter + 1: null

2018-12-07 01:20:59 - [TEST_STEP][PASSED] - Statement - PreSaveFile = new java.io.File(((pathPrefix + java.lang.Integer.toString(counter)) + .png)): null

2018-12-07 01:20:59 - [TEST_STEP][PASSED] - Statement - counter = counter + 1: null

2018-12-07 01:20:59 - [TEST_STEP][PASSED] - Statement - PreSaveFile = new java.io.File(((pathPrefix + java.lang.Integer.toString(counter)) + .png)): null

2018-12-07 01:20:59 - [TEST_STEP][PASSED] - Statement - counter = counter + 1: null

2018-12-07 01:20:59 - [TEST_STEP][PASSED] - Statement - PreSaveFile = new java.io.File(((pathPrefix + java.lang.Integer.toString(counter)) + .png)): null

2018-12-07 01:20:59 - [TEST_STEP][PASSED] - Statement - counter = counter + 1: null

2018-12-07 01:20:59 - [TEST_STEP][PASSED] - Statement - PreSaveFile = new java.io.File(((pathPrefix + java.lang.Integer.toString(counter)) + .png)): null

2018-12-07 01:20:59 - [TEST_STEP][PASSED] - Statement - counter = counter + 1: null

2018-12-07 01:20:59 - [TEST_STEP][PASSED] - Statement - PreSaveFile = new java.io.File(((pathPrefix + java.lang.Integer.toString(counter)) + .png)): null

2018-12-07 01:20:59 - [TEST_STEP][PASSED] - Statement - counter = counter + 1: null

2018-12-07 01:20:59 - [TEST_STEP][PASSED] - Statement - PreSaveFile = new java.io.File(((pathPrefix + java.lang.Integer.toString(counter)) + .png)): null

2018-12-07 01:20:59 - [TEST_STEP][PASSED] - Statement - counter = counter + 1: null

2018-12-07 01:20:59 - [TEST_STEP][PASSED] - Statement - PreSaveFile = new java.io.File(((pathPrefix + java.lang.Integer.toString(counter)) + .png)): null

2018-12-07 01:20:59 - [TEST_STEP][PASSED] - Statement - counter = counter + 1: null

2018-12-07 01:20:59 - [TEST_STEP][PASSED] - Statement - PreSaveFile = new java.io.File(((pathPrefix + java.lang.Integer.toString(counter)) + .png)): null

2018-12-07 01:20:59 - [TEST_STEP][PASSED] - Statement - counter = counter + 1: null

2018-12-07 01:20:59 - [TEST_STEP][PASSED] - Statement - PreSaveFile = new java.io.File(((pathPrefix + java.lang.Integer.toString(counter)) + .png)): null

2018-12-07 01:20:59 - [TEST_STEP][PASSED] - Statement - counter = counter + 1: null

2018-12-07 01:20:59 - [TEST_STEP][PASSED] - Statement - PreSaveFile = new java.io.File(((pathPrefix + java.lang.Integer.toString(counter)) + .png)): null

2018-12-07 01:20:59 - [TEST_STEP][PASSED] - Statement - counter = counter + 1: null

2018-12-07 01:20:59 - [TEST_STEP][PASSED] - Statement - PreSaveFile = new java.io.File(((pathPrefix + java.lang.Integer.toString(counter)) + .png)): null

2018-12-07 01:20:59 - [TEST_STEP][PASSED] - Statement - counter = counter + 1: null

2018-12-07 01:20:59 - [TEST_STEP][PASSED] - Statement - PreSaveFile = new java.io.File(((pathPrefix + java.lang.Integer.toString(counter)) + .png)): null

2018-12-07 01:20:59 - [TEST_STEP][PASSED] - Statement - counter = counter + 1: null

2018-12-07 01:20:59 - [TEST_STEP][PASSED] - Statement - PreSaveFile = new java.io.File(((pathPrefix + java.lang.Integer.toString(counter)) + .png)): null

2018-12-07 01:20:59 - [TEST_STEP][PASSED] - Statement - counter = counter + 1: null

2018-12-07 01:20:59 - [TEST_STEP][PASSED] - Statement - PreSaveFile = new java.io.File(((pathPrefix + java.lang.Integer.toString(counter)) + .png)): null

2018-12-07 01:20:59 - [TEST_STEP][PASSED] - Statement - counter = counter + 1: null

2018-12-07 01:20:59 - [TEST_STEP][PASSED] - Statement - PreSaveFile = new java.io.File(((pathPrefix + java.lang.Integer.toString(counter)) + .png)): null

2018-12-07 01:20:59 - [TEST_STEP][PASSED] - Statement - counter = counter + 1: null

2018-12-07 01:20:59 - [TEST_STEP][PASSED] - Statement - PreSaveFile = new java.io.File(((pathPrefix + java.lang.Integer.toString(counter)) + .png)): null

2018-12-07 01:20:59 - [TEST_STEP][PASSED] - Statement - counter = counter + 1: null

2018-12-07 01:20:59 - [TEST_STEP][PASSED] - Statement - PreSaveFile = new java.io.File(((pathPrefix + java.lang.Integer.toString(counter)) + .png)): null

2018-12-07 01:20:59 - [TEST_STEP][PASSED] - Statement - counter = counter + 1: null

2018-12-07 01:20:59 - [TEST_STEP][PASSED] - Statement - PreSaveFile = new java.io.File(((pathPrefix + java.lang.Integer.toString(counter)) + .png)): null

2018-12-07 01:20:59 - [TEST_STEP][PASSED] - Statement - counter = counter + 1: null

2018-12-07 01:20:59 - [TEST_STEP][PASSED] - Statement - PreSaveFile = new java.io.File(((pathPrefix + java.lang.Integer.toString(counter)) + .png)): null

2018-12-07 01:20:59 - [TEST_STEP][PASSED] - Statement - counter = counter + 1: null

2018-12-07 01:20:59 - [TEST_STEP][PASSED] - Statement - PreSaveFile = new java.io.File(((pathPrefix + java.lang.Integer.toString(counter)) + .png)): null

2018-12-07 01:20:59 - [TEST_STEP][PASSED] - Statement - counter = counter + 1: null

2018-12-07 01:20:59 - [TEST_STEP][PASSED] - Statement - PreSaveFile = new java.io.File(((pathPrefix + java.lang.Integer.toString(counter)) + .png)): null

2018-12-07 01:20:59 - [TEST_STEP][PASSED] - Statement - counter = counter + 1: null

2018-12-07 01:20:59 - [TEST_STEP][PASSED] - Statement - PreSaveFile = new java.io.File(((pathPrefix + java.lang.Integer.toString(counter)) + .png)): null

2018-12-07 01:20:59 - [TEST_STEP][PASSED] - Statement - counter = counter + 1: null

2018-12-07 01:20:59 - [TEST_STEP][PASSED] - Statement - PreSaveFile = new java.io.File(((pathPrefix + java.lang.Integer.toString(counter)) + .png)): null

2018-12-07 01:20:59 - [TEST_STEP][PASSED] - Statement - counter = counter + 1: null

2018-12-07 01:20:59 - [TEST_STEP][PASSED] - Statement - PreSaveFile = new java.io.File(((pathPrefix + java.lang.Integer.toString(counter)) + .png)): null

2018-12-07 01:20:59 - [TEST_STEP][PASSED] - Statement - counter = counter + 1: null

2018-12-07 01:20:59 - [TEST_STEP][PASSED] - Statement - PreSaveFile = new java.io.File(((pathPrefix + java.lang.Integer.toString(counter)) + .png)): null

2018-12-07 01:20:59 - [TEST_STEP][PASSED] - Statement - counter = counter + 1: null

2018-12-07 01:20:59 - [TEST_STEP][PASSED] - Statement - PreSaveFile = new java.io.File(((pathPrefix + java.lang.Integer.toString(counter)) + .png)): null

2018-12-07 01:20:59 - [TEST_STEP][PASSED] - Statement - counter = counter + 1: null

2018-12-07 01:20:59 - [TEST_STEP][PASSED] - Statement - PreSaveFile = new java.io.File(((pathPrefix + java.lang.Integer.toString(counter)) + .png)): null

2018-12-07 01:20:59 - [TEST_STEP][PASSED] - Statement - counter = counter + 1: null

2018-12-07 01:20:59 - [TEST_STEP][PASSED] - Statement - PreSaveFile = new java.io.File(((pathPrefix + java.lang.Integer.toString(counter)) + .png)): null

2018-12-07 01:20:59 - [TEST_STEP][PASSED] - Statement - counter = counter + 1: null

2018-12-07 01:20:59 - [TEST_STEP][PASSED] - Statement - PreSaveFile = new java.io.File(((pathPrefix + java.lang.Integer.toString(counter)) + .png)): null

2018-12-07 01:20:59 - [TEST_STEP][PASSED] - Statement - counter = counter + 1: null

2018-12-07 01:20:59 - [TEST_STEP][PASSED] - Statement - PreSaveFile = new java.io.File(((pathPrefix + java.lang.Integer.toString(counter)) + .png)): null

2018-12-07 01:20:59 - [TEST_STEP][PASSED] - Statement - finalPath = pathPrefix + java.lang.Integer.toString(counter) + ".png": null

2018-12-07 01:20:59 - [TEST_STEP][PASSED] - Statement - SaveFile = new java.io.File(finalPath): null

2018-12-07 01:20:59 - [TEST_STEP][PASSED] - Statement - Try: null

2018-12-07 01:20:59 - [TEST_STEP][PASSED] - Statement - org.apache.commons.io.FileUtils.copyFile(scrFile, SaveFile): null

2018-12-07 01:20:59 - [TEST_STEP][PASSED] - Statement - out.println("file kept"): null

2018-12-07 01:20:59 - [TEST_STEP][PASSED] - delay: Delayed 10 second(s)

2018-12-07 01:21:09 - [MESSAGE][PASSED] - Delayed 10 second(s)

2018-12-07 01:21:09 - [MESSAGE][PASSED] - Call Test Case 'Test Cases/Final Aug 2018 - PKS Automation/Registration Module/New Registration/Submit and Screenshot/Submit Registration and Screenshot - Copy' successfully

2018-12-07 01:21:09 - [TEST_STEP][PASSED] - Statement - UpdateAddNewECode = com.kms.katalon.core.webui.keyword.WebUiBuiltInKeywords.getText(com.kms.katalon.core.testobject.ObjectRepository.findTestObject(Object Repository/Final Object Repo/Page_Update Add New Employee - ASSIST/getEmpCode)): Text of object 'Object Repository/Final Object Repo/Page_Update Add New Employee - ASSIST/getEmpCode' is: 'E1102070659Z'

2018-12-07 01:21:09 - [MESSAGE][PASSED] - Text of object 'Object Repository/Final Object Repo/Page_Update Add New Employee - ASSIST/getEmpCode' is: 'E1102070659Z'

2018-12-07 01:21:09 - [TEST_STEP][PASSED] - callTestCase: Call Test Case 'Test Cases/Final Aug 2018 - PKS Automation/Common/Emp Code Setter' successfully

2018-12-07 01:21:09 - [TEST_CASE][PASSED] - Test Cases/Final Aug 2018 - PKS Automation/Common/Emp Code Setter: Test Cases/Final Aug 2018 - PKS Automation/Common/Emp Code Setter

2018-12-07 01:21:09 - [TEST_STEP][PASSED] - Statement - EmpCodeOld = new java.io.File(C://Users//Admin//Desktop//PKS//Automation Reference Point//EmpCode.txt): null

2018-12-07 01:21:09 - [TEST_STEP][PASSED] - Statement - EmpCodeOld.delete(): null

2018-12-07 01:21:09 - [TEST_STEP][PASSED] - Statement - EmpCode = new java.io.File(C://Users//Admin//Desktop//PKS//Automation Reference Point//EmpCode.txt): null

2018-12-07 01:21:09 - [TEST_STEP][PASSED] - Statement - f2 = new java.io.FileWriter(EmpCode, false): null

2018-12-07 01:21:09 - [TEST_STEP][PASSED] - Statement - f2.write(UpdateAddNewECode): null

2018-12-07 01:21:09 - [TEST_STEP][PASSED] - Statement - f2.close(): null

2018-12-07 01:21:09 - [TEST_STEP][PASSED] - Statement - out.println("


" + UpdateAddNewECode + "


"): null

2018-12-07 01:21:09 - [MESSAGE][PASSED] - Call Test Case 'Test Cases/Final Aug 2018 - PKS Automation/Common/Emp Code Setter' successfully

2018-12-07 01:21:09 - [MESSAGE][PASSED] - Call Test Case 'Test Cases/Final Aug 2018 - PKS Automation/Registration Module/Workflow/Update Add New Employee/Template/New Company for Update Add New' successfully

2018-12-07 01:21:09 - [TEST_STEP][PASSED] - callTestCase: Call Test Case 'Test Cases/Final Aug 2018 - PKS Automation/Registration Module/Log Out/log out avoiding katalon tagging' successfully

2018-12-07 01:21:09 - [TEST_CASE][PASSED] - Test Cases/Final Aug 2018 - PKS Automation/Registration Module/Log Out/log out avoiding katalon tagging: Test Cases/Final Aug 2018 - PKS Automation/Registration Module/Log Out/log out avoiding katalon tagging

2018-12-07 01:21:09 - [TEST_STEP][PASSED] - navigateToUrl: Navigate to 'https://assist2-uat.perkeso.gov.my/c/portal/logout' successfully

2018-12-07 01:21:10 - [MESSAGE][PASSED] - Navigate to 'https://assist2-uat.perkeso.gov.my/c/portal/logout' successfully

2018-12-07 01:21:10 - [MESSAGE][PASSED] - Call Test Case 'Test Cases/Final Aug 2018 - PKS Automation/Registration Module/Log Out/log out avoiding katalon tagging' successfully

2018-12-07 01:21:10 - [TEST_STEP][PASSED] - callTestCase: Call Test Case 'Test Cases/Final Aug 2018 - PKS Automation/Registration Module/New Registration/Form 2/Date Updater' successfully

2018-12-07 01:21:10 - [TEST_CASE][PASSED] - Test Cases/Final Aug 2018 - PKS Automation/Registration Module/New Registration/Form 2/Date Updater: Test Cases/Final Aug 2018 - PKS Automation/Registration Module/New Registration/Form 2/Date Updater

2018-12-07 01:21:10 - [TEST_STEP][PASSED] - Statement - TodayDate = new java.util.Date(): null

2018-12-07 01:21:10 - [TEST_STEP][PASSED] - Statement - CurrentDateNoFilter = new java.text.SimpleDateFormat(): null

2018-12-07 01:21:10 - [TEST_STEP][PASSED] - Statement - CurrentDateNoFilter.applyPattern("MM"): null

2018-12-07 01:21:10 - [TEST_STEP][PASSED] - Statement - monthContainerMatcher = java.lang.Integer.parseInt(CurrentDateNoFilter.format(TodayDate)): null

2018-12-07 01:21:10 - [TEST_STEP][PASSED] - Statement - monthContainerMatcher = monthContainerMatcher - 1: null

2018-12-07 01:21:10 - [TEST_STEP][PASSED] - Statement - CurrentMonth = monthContainerMatcher.toString(): null

2018-12-07 01:21:10 - [TEST_STEP][PASSED] - Statement - CurrentMonth = CurrentMonth: null

2018-12-07 01:21:10 - [TEST_STEP][PASSED] - Statement - CurrentDateNoFilter.applyPattern("yyyy"): null

2018-12-07 01:21:10 - [TEST_STEP][PASSED] - Statement - CurrentYear = CurrentDateNoFilter.format(TodayDate): null

2018-12-07 01:21:10 - [TEST_STEP][PASSED] - Statement - CurrentYear = CurrentYear: null

2018-12-07 01:21:10 - [TEST_STEP][PASSED] - Statement - intCurrentYear = java.lang.Integer.parseInt(CurrentDateNoFilter.format(TodayDate)): null

2018-12-07 01:21:10 - [TEST_STEP][PASSED] - Statement - eighteenYrsAgo = intCurrentYear - 18: null

2018-12-07 01:21:10 - [TEST_STEP][PASSED] - Statement - eighteenYrsBeforeThisYr = eighteenYrsAgo.toString(): null

2018-12-07 01:21:10 - [TEST_STEP][PASSED] - Statement - EighteenYrsBefore = eighteenYrsBeforeThisYr: null

2018-12-07 01:21:10 - [TEST_STEP][PASSED] - Statement - fiftysevenYrsAgo = intCurrentYear - 57: null

2018-12-07 01:21:10 - [TEST_STEP][PASSED] - Statement - fiftysevenYrsBeforeThisYr = fiftysevenYrsAgo.toString(): null

2018-12-07 01:21:10 - [TEST_STEP][PASSED] - Statement - FiftysevenYrsBefore = fiftysevenYrsBeforeThisYr: null

2018-12-07 01:21:10 - [TEST_STEP][PASSED] - Statement - leapYear = false: null

2018-12-07 01:21:10 - [TEST_STEP][PASSED] - Statement - leapYear = intCurrentYear % 4 == 0: null

2018-12-07 01:21:10 - [TEST_STEP][PASSED] - Statement - CurrentDateNoFilter.applyPattern("dd"): null

2018-12-07 01:21:10 - [TEST_STEP][PASSED] - Statement - CurrentDate = CurrentDateNoFilter.format(TodayDate): null

2018-12-07 01:21:10 - [TEST_STEP][PASSED] - Statement - CurrentDate = java.lang.Integer.parseInt(CurrentDate): null

2018-12-07 01:21:10 - [TEST_STEP][PASSED] - Statement - CurrentDate = CurrentDate: null

2018-12-07 01:21:10 - [TEST_STEP][PASSED] - Statement - CurrentDay = java.lang.Integer.parseInt(CurrentDate): null

2018-12-07 01:21:10 - [TEST_STEP][PASSED] - Statement - ConfAdder = <not implemented yet for class: org.codehaus.groovy.ast.expr.EmptyExpression>: null

2018-12-07 01:21:10 - [TEST_STEP][PASSED] - Statement - out.println(CurrentMonth): null

2018-12-07 01:21:10 - [TEST_STEP][PASSED] - Statement - out.println(CurrentDate): null

2018-12-07 01:21:10 - [TEST_STEP][PASSED] - Statement - switch (CurrentDate): null

2018-12-07 01:21:10 - [TEST_STEP][PASSED] - Statement - Default: null

2018-12-07 01:21:10 - [TEST_STEP][PASSED] - Statement - ConfAdder = true: null

2018-12-07 01:21:10 - [TEST_STEP][PASSED] - Statement - Break: null

2018-12-07 01:21:10 - [TEST_STEP][PASSED] - Statement - aDayBefore = <not implemented yet for class: org.codehaus.groovy.ast.expr.EmptyExpression>: null

2018-12-07 01:21:10 - [TEST_STEP][PASSED] - Statement - out.println(ConfAdder): null

2018-12-07 01:21:10 - [TEST_STEP][PASSED] - Statement - If (ConfAdder == true): null

2018-12-07 01:21:10 - [TEST_STEP][PASSED] - Statement - aDayBefore = CurrentDay + 1: null

2018-12-07 01:21:10 - [TEST_STEP][PASSED] - Statement - out.println(aDayBefore): null

2018-12-07 01:21:10 - [TEST_STEP][PASSED] - Statement - If (aDayBefore == 1 && CurrentMonth == 11): null

2018-12-07 01:21:10 - [TEST_STEP][PASSED] - Statement - DayBefore = aDayBefore.toString(): null

2018-12-07 01:21:10 - [TEST_STEP][PASSED] - Statement - OneDayBefore = DayBefore: null

2018-12-07 01:21:10 - [MESSAGE][PASSED] - Call Test Case 'Test Cases/Final Aug 2018 - PKS Automation/Registration Module/New Registration/Form 2/Date Updater' successfully

2018-12-07 01:21:10 - [TEST_STEP][PASSED] - delay: Delayed 2 second(s)

2018-12-07 01:21:12 - [MESSAGE][PASSED] - Delayed 2 second(s)

2018-12-07 01:21:12 - [TEST_STEP][PASSED] - setText: Text 'klotc2@gmail.com' is set on object 'Object Repository/Final Object Repo/Page_Update Add New Employee - ASSIST/Email TextBox'

2018-12-07 01:21:12 - [MESSAGE][PASSED] - Text 'klotc2@gmail.com' is set on object 'Object Repository/Final Object Repo/Page_Update Add New Employee - ASSIST/Email TextBox'

2018-12-07 01:21:12 - [TEST_STEP][PASSED] - click: Object: 'Object Repository/Final Object Repo/Page_Update Add New Employee - ASSIST/Next Button' is clicked on

2018-12-07 01:21:12 - [MESSAGE][PASSED] - Object: 'Object Repository/Final Object Repo/Page_Update Add New Employee - ASSIST/Next Button' is clicked on

2018-12-07 01:21:12 - [TEST_STEP][PASSED] - delay: Delayed 2 second(s)

2018-12-07 01:21:14 - [MESSAGE][PASSED] - Delayed 2 second(s)

2018-12-07 01:21:14 - [TEST_STEP][PASSED] - setText: Text 'Test1@3456789' is set on object 'Object Repository/Final Object Repo/Page_Update Add New Employee - ASSIST/Password TextBox'

2018-12-07 01:21:15 - [MESSAGE][PASSED] - Text 'Test1@3456789' is set on object 'Object Repository/Final Object Repo/Page_Update Add New Employee - ASSIST/Password TextBox'

2018-12-07 01:21:15 - [TEST_STEP][PASSED] - delay: Delayed 2 second(s)

2018-12-07 01:21:17 - [MESSAGE][PASSED] - Delayed 2 second(s)

2018-12-07 01:21:17 - [TEST_STEP][PASSED] - click: Object: 'Object Repository/Final Object Repo/Page_Update Add New Employee - ASSIST/Login Button' is clicked on

2018-12-07 01:21:17 - [MESSAGE][PASSED] - Object: 'Object Repository/Final Object Repo/Page_Update Add New Employee - ASSIST/Login Button' is clicked on

2018-12-07 01:21:17 - [TEST_STEP][PASSED] - delay: Delayed 4 second(s)

2018-12-07 01:21:21 - [MESSAGE][PASSED] - Delayed 4 second(s)

2018-12-07 01:21:21 - [TEST_STEP][PASSED] - Statement - Try: Delayed 2 second(s)

2018-12-07 01:21:21 - [TEST_STEP][PASSED] - Statement - Checker = false: null

2018-12-07 01:21:21 - [TEST_STEP][PASSED] - Statement - Checker = com.kms.katalon.core.webui.keyword.WebUiBuiltInKeywords.verifyElementHasAttribute(com.kms.katalon.core.testobject.ObjectRepository.findTestObject(Final Object Repo/Landing Page/BM Detecting), "href", 20, OPTIONAL): Object 'Object Repository/Final Object Repo/Landing Page/BM Detecting' has attribute 'href'

2018-12-07 01:21:21 - [MESSAGE][PASSED] - Object 'Object Repository/Final Object Repo/Landing Page/BM Detecting' has attribute 'href'

2018-12-07 01:21:21 - [TEST_STEP][PASSED] - Statement - out.println(Checker): null

2018-12-07 01:21:21 - [TEST_STEP][PASSED] - Statement - If (Checker == false): null

2018-12-07 01:21:21 - [TEST_STEP][PASSED] - Statement - Else: null

2018-12-07 01:21:21 - [TEST_STEP][PASSED] - delay: Delayed 2 second(s)

2018-12-07 01:21:23 - [MESSAGE][PASSED] - Delayed 2 second(s)

2018-12-07 01:21:23 - [TEST_STEP][PASSED] - delay: Delayed 4 second(s)

2018-12-07 01:21:27 - [MESSAGE][PASSED] - Delayed 4 second(s)

2018-12-07 01:21:27 - [TEST_STEP][PASSED] - click: Object: 'Object Repository/Final Object Repo/Page_Update Add New Employee - ASSIST/My Sites Drop Down' is clicked on

2018-12-07 01:21:27 - [MESSAGE][PASSED] - Object: 'Object Repository/Final Object Repo/Page_Update Add New Employee - ASSIST/My Sites Drop Down' is clicked on

2018-12-07 01:21:27 - [TEST_STEP][PASSED] - click: Object: 'Object Repository/Final Object Repo/Page_Update Add New Employee - ASSIST/Select to Registration Module' is clicked on

2018-12-07 01:21:28 - [MESSAGE][PASSED] - Object: 'Object Repository/Final Object Repo/Page_Update Add New Employee - ASSIST/Select to Registration Module' is clicked on

2018-12-07 01:21:28 - [TEST_STEP][PASSED] - navigateToUrl: Navigate to 'https://assist2-uat.perkeso.gov.my/web/registration/myassist' successfully

2018-12-07 01:21:29 - [MESSAGE][PASSED] - Navigate to 'https://assist2-uat.perkeso.gov.my/web/registration/myassist' successfully

2018-12-07 01:21:29 - [TEST_STEP][PASSED] - mouseOver: Object: 'Object Repository/Final Object Repo/Page_Update Add New Employee - ASSIST/Select to Update Akta 4 Tab' is hovered

2018-12-07 01:21:29 - [MESSAGE][PASSED] - Object: 'Object Repository/Final Object Repo/Page_Update Add New Employee - ASSIST/Select to Update Akta 4 Tab' is hovered

2018-12-07 01:21:29 - [TEST_STEP][PASSED] - delay: Delayed 2 second(s)

2018-12-07 01:21:31 - [MESSAGE][PASSED] - Delayed 2 second(s)

2018-12-07 01:21:31 - [TEST_STEP][PASSED] - click: Object: 'Object Repository/Final Object Repo/Page_Update Add New Employee - ASSIST/Select to Update Add New Employee' is clicked on

2018-12-07 01:21:31 - [MESSAGE][PASSED] - Object: 'Object Repository/Final Object Repo/Page_Update Add New Employee - ASSIST/Select to Update Add New Employee' is clicked on

2018-12-07 01:21:31 - [TEST_STEP][PASSED] - delay: Delayed 2 second(s)

2018-12-07 01:21:33 - [MESSAGE][PASSED] - Delayed 2 second(s)

2018-12-07 01:21:33 - [TEST_STEP][PASSED] - setText: Text 'E1102070659Z' is set on object 'Object Repository/Final Object Repo/Page_Update Add New Employee - ASSIST/Employer Code input textbox'

2018-12-07 01:21:34 - [MESSAGE][PASSED] - Text 'E1102070659Z' is set on object 'Object Repository/Final Object Repo/Page_Update Add New Employee - ASSIST/Employer Code input textbox'

2018-12-07 01:21:34 - [TEST_STEP][PASSED] - delay: Delayed 2 second(s)

2018-12-07 01:21:36 - [MESSAGE][PASSED] - Delayed 2 second(s)

2018-12-07 01:21:36 - [TEST_STEP][PASSED] - click: Object: 'Object Repository/Final Object Repo/Page_Update Add New Employee - ASSIST/Search Button for Employer Code' is clicked on

2018-12-07 01:21:36 - [MESSAGE][PASSED] - Object: 'Object Repository/Final Object Repo/Page_Update Add New Employee - ASSIST/Search Button for Employer Code' is clicked on

2018-12-07 01:21:36 - [TEST_STEP][PASSED] - delay: Delayed 4 second(s)

2018-12-07 01:21:40 - [MESSAGE][PASSED] - Delayed 4 second(s)

2018-12-07 01:21:40 - [TEST_STEP][PASSED] - click: Object: 'Object Repository/Final Object Repo/Page_Update Add New Employee - ASSIST/Click to Edit Case' is clicked on

2018-12-07 01:21:42 - [MESSAGE][PASSED] - Object: 'Object Repository/Final Object Repo/Page_Update Add New Employee - ASSIST/Click to Edit Case' is clicked on

2018-12-07 01:21:42 - [TEST_STEP][PASSED] - delay: Delayed 2 second(s)

2018-12-07 01:21:44 - [MESSAGE][PASSED] - Delayed 2 second(s)

2018-12-07 01:21:44 - [TEST_STEP][PASSED] - callTestCase: Call Test Case 'Test Cases/Final Aug 2018 - PKS Automation/Registration Module/Workflow/Update Add New Employee/Template/Employee Adding/Employee Set Decider' successfully

2018-12-07 01:21:44 - [TEST_CASE][PASSED] - Test Cases/Final Aug 2018 - PKS Automation/Registration Module/Workflow/Update Add New Employee/Template/Employee Adding/Employee Set Decider: Test Cases/Final Aug 2018 - PKS Automation/Registration Module/Workflow/Update Add New Employee/Template/Employee Adding/Employee Set Decider

2018-12-07 01:21:44 - [TEST_STEP][PASSED] - delay: Delayed 4 second(s)

2018-12-07 01:21:48 - [MESSAGE][PASSED] - Delayed 4 second(s)

2018-12-07 01:21:48 - [TEST_STEP][PASSED] - click: Object: 'Object Repository/Final Object Repo/Page_Update Add New Employee - ASSIST/Add Employee Button' is clicked on

2018-12-07 01:21:48 - [MESSAGE][PASSED] - Object: 'Object Repository/Final Object Repo/Page_Update Add New Employee - ASSIST/Add Employee Button' is clicked on

2018-12-07 01:21:48 - [TEST_STEP][PASSED] - delay: Delayed 3 second(s)

2018-12-07 01:21:51 - [MESSAGE][PASSED] - Delayed 3 second(s)

2018-12-07 01:21:51 - [TEST_STEP][PASSED] - setText: Text '010903091920' is set on object 'Object Repository/Final Object Repo/Page_Update Add New Employee - ASSIST/NRIC Input'

2018-12-07 01:21:52 - [MESSAGE][PASSED] - Text '010903091920' is set on object 'Object Repository/Final Object Repo/Page_Update Add New Employee - ASSIST/NRIC Input'

2018-12-07 01:21:52 - [TEST_STEP][PASSED] - click: Object: 'Object Repository/Final Object Repo/Page_Update Add New Employee - ASSIST/button for search for IC' is clicked on

2018-12-07 01:21:52 - [MESSAGE][PASSED] - Object: 'Object Repository/Final Object Repo/Page_Update Add New Employee - ASSIST/button for search for IC' is clicked on

2018-12-07 01:21:52 - [TEST_STEP][PASSED] - delay: Delayed 2 second(s)

2018-12-07 01:21:54 - [MESSAGE][PASSED] - Delayed 2 second(s)

2018-12-07 01:21:54 - [TEST_STEP][PASSED] - sendKeys: Keys 'CONTROL + a' sent to object: 'Object Repository/Final Object Repo/Page_Update Add New Employee - ASSIST/Employee Name Input'

2018-12-07 01:21:54 - [MESSAGE][PASSED] - Keys 'CONTROL + a' sent to object: 'Object Repository/Final Object Repo/Page_Update Add New Employee - ASSIST/Employee Name Input'

2018-12-07 01:21:54 - [TEST_STEP][PASSED] - sendKeys: Keys 'CONTROL + c' sent to object: 'Object Repository/Final Object Repo/Page_Update Add New Employee - ASSIST/Employee Name Input'

2018-12-07 01:21:54 - [MESSAGE][PASSED] - Keys 'CONTROL + c' sent to object: 'Object Repository/Final Object Repo/Page_Update Add New Employee - ASSIST/Employee Name Input'

2018-12-07 01:21:54 - [TEST_STEP][PASSED] - Statement - toolkit = java.awt.Toolkit.getDefaultToolkit(): null

2018-12-07 01:21:54 - [TEST_STEP][PASSED] - Statement - clipboard = toolkit.getSystemClipboard(): null

2018-12-07 01:21:54 - [TEST_STEP][PASSED] - Statement - CurrentName = clipboard.getData(stringFlavor): null

2018-12-07 01:21:54 - [TEST_STEP][PASSED] - Statement - out.println("String from Clipboard:" + CurrentName): null

2018-12-07 01:21:54 - [TEST_STEP][PASSED] - Statement - If (CurrentName == "AUTOMATE002 ELIGIBLE 1"): null

2018-12-07 01:21:54 - [TEST_STEP][PASSED] - Statement - Else If (CurrentName == "AUTOMATE003 ELIGIBLE 1"): Call Test Case 'Test Cases/Final Aug 2018 - PKS Automation/Registration Module/Workflow/Update Add New Employee/Template/Employee Adding/Employee Adding Action Repeat IC - set 2' successfully

2018-12-07 01:21:54 - [TEST_STEP][PASSED] - callTestCase: Call Test Case 'Test Cases/Final Aug 2018 - PKS Automation/Registration Module/Workflow/Update Add New Employee/Template/Employee Adding/Employee Adding Action Repeat IC - set 2' successfully

2018-12-07 01:21:54 - [TEST_CASE][PASSED] - Test Cases/Final Aug 2018 - PKS Automation/Registration Module/Workflow/Update Add New Employee/Template/Employee Adding/Employee Adding Action Repeat IC - set 2: Test Cases/Final Aug 2018 - PKS Automation/Registration Module/Workflow/Update Add New Employee/Template/Employee Adding/Employee Adding Action Repeat IC - set 2

2018-12-07 01:21:54 - [TEST_STEP][PASSED] - setText: Text 'Automate002 eligible 1' is set on object 'Object Repository/Final Object Repo/Page_Update Add New Employee - ASSIST/Employee Name Input'

2018-12-07 01:21:55 - [MESSAGE][PASSED] - Text 'Automate002 eligible 1' is set on object 'Object Repository/Final Object Repo/Page_Update Add New Employee - ASSIST/Employee Name Input'

2018-12-07 01:21:55 - [TEST_STEP][PASSED] - delay: Delayed 2 second(s)

2018-12-07 01:21:57 - [MESSAGE][PASSED] - Delayed 2 second(s)

2018-12-07 01:21:57 - [TEST_STEP][PASSED] - click: Object: 'Object Repository/Final Object Repo/Page_Update Add New Employee - ASSIST/DatePicker Pop Up' is clicked on

2018-12-07 01:21:57 - [MESSAGE][PASSED] - Object: 'Object Repository/Final Object Repo/Page_Update Add New Employee - ASSIST/DatePicker Pop Up' is clicked on

2018-12-07 01:21:57 - [TEST_STEP][PASSED] - click: Object: 'Object Repository/Final Object Repo/Page_Update Add New Employee - ASSIST/DOB Month' is clicked on

2018-12-07 01:21:57 - [MESSAGE][PASSED] - Object: 'Object Repository/Final Object Repo/Page_Update Add New Employee - ASSIST/DOB Month' is clicked on

2018-12-07 01:21:57 - [TEST_STEP][PASSED] - Statement - CurrentMonth = CurrentMonth: null

2018-12-07 01:21:57 - [TEST_STEP][PASSED] - Statement - selectMonth = new com.kms.katalon.core.testobject.TestObject(): null

2018-12-07 01:21:57 - [TEST_STEP][PASSED] - Statement - selectMonth.addProperty("xpath", EQUALS, "//body/div/div/div/select/option[@value='" + CurrentMonth + "']", true): null

2018-12-07 01:21:57 - [TEST_STEP][PASSED] - click: Object: '' is clicked on

2018-12-07 01:21:57 - [MESSAGE][PASSED] - Object: '' is clicked on

2018-12-07 01:21:57 - [TEST_STEP][PASSED] - click: Object: 'Object Repository/Final Object Repo/Page_Update Add New Employee - ASSIST/DOB Year' is clicked on

2018-12-07 01:21:57 - [MESSAGE][PASSED] - Object: 'Object Repository/Final Object Repo/Page_Update Add New Employee - ASSIST/DOB Year' is clicked on

2018-12-07 01:21:57 - [TEST_STEP][PASSED] - Statement - Eyearsbf = EighteenYrsBefore: null

2018-12-07 01:21:57 - [TEST_STEP][PASSED] - Statement - selectYear = new com.kms.katalon.core.testobject.TestObject(): null

2018-12-07 01:21:57 - [TEST_STEP][PASSED] - Statement - selectYear.addProperty("xpath", EQUALS, "//div/div/div/select/option[@value='" + Eyearsbf + "']", true): null

2018-12-07 01:21:57 - [TEST_STEP][PASSED] - click: Object: '' is clicked on

2018-12-07 01:21:58 - [MESSAGE][PASSED] - Object: '' is clicked on

2018-12-07 01:21:58 - [TEST_STEP][PASSED] - Statement - UpdatedSelectDate = com.kms.katalon.core.webui.keyword.WebUiBuiltInKeywords.modifyObjectProperty(com.kms.katalon.core.testobject.ObjectRepository.findTestObject(Final Object Repo/Page_Update Add New Employee - ASSIST/DOB Date), "xpath", "equals", "//body/div/table/tbody/tr/td/a[text()="" + CurrentDate + ""]", true): Modify property of object successfully

2018-12-07 01:21:58 - [MESSAGE][PASSED] - Modify property of object successfully

2018-12-07 01:21:58 - [TEST_STEP][PASSED] - delay: Delayed 3 second(s)

2018-12-07 01:22:01 - [MESSAGE][PASSED] - Delayed 3 second(s)

2018-12-07 01:22:01 - [TEST_STEP][PASSED] - click: Object: 'Object Repository/Final Object Repo/Page_Update Add New Employee - ASSIST/DOB Date' is clicked on

2018-12-07 01:22:01 - [MESSAGE][PASSED] - Object: 'Object Repository/Final Object Repo/Page_Update Add New Employee - ASSIST/DOB Date' is clicked on

2018-12-07 01:22:01 - [TEST_STEP][PASSED] - delay: Delayed 2 second(s)

2018-12-07 01:22:03 - [MESSAGE][PASSED] - Delayed 2 second(s)

2018-12-07 01:22:03 - [TEST_STEP][PASSED] - click: Object: 'Object Repository/Final Object Repo/Page_Update Add New Employee - ASSIST/EmploymentStartDate Pop Up' is clicked on

2018-12-07 01:22:03 - [MESSAGE][PASSED] - Object: 'Object Repository/Final Object Repo/Page_Update Add New Employee - ASSIST/EmploymentStartDate Pop Up' is clicked on

2018-12-07 01:22:03 - [TEST_STEP][PASSED] - delay: Delayed 2 second(s)

2018-12-07 01:22:05 - [MESSAGE][PASSED] - Delayed 2 second(s)

2018-12-07 01:22:05 - [TEST_STEP][PASSED] - click: Object: 'Object Repository/Final Object Repo/Page_Update Add New Employee - ASSIST/Socso Employment StartDate Month' is clicked on

2018-12-07 01:22:05 - [MESSAGE][PASSED] - Object: 'Object Repository/Final Object Repo/Page_Update Add New Employee - ASSIST/Socso Employment StartDate Month' is clicked on

2018-12-07 01:22:05 - [TEST_STEP][PASSED] - delay: Delayed 1 second(s)

2018-12-07 01:22:06 - [MESSAGE][PASSED] - Delayed 1 second(s)

2018-12-07 01:22:06 - [TEST_STEP][PASSED] - click: Object: 'Object Repository/Final Object Repo/Page_Update Add New Employee - ASSIST/Select Socso Employement Startdate Month' is clicked on

2018-12-07 01:22:06 - [MESSAGE][PASSED] - Object: 'Object Repository/Final Object Repo/Page_Update Add New Employee - ASSIST/Select Socso Employement Startdate Month' is clicked on

2018-12-07 01:22:06 - [TEST_STEP][PASSED] - delay: Delayed 2 second(s)

2018-12-07 01:22:08 - [MESSAGE][PASSED] - Delayed 2 second(s)

2018-12-07 01:22:08 - [TEST_STEP][PASSED] - click: Object: 'Object Repository/Final Object Repo/Page_Update Add New Employee - ASSIST/Socso Employment StartDate Year' is clicked on

2018-12-07 01:22:08 - [MESSAGE][PASSED] - Object: 'Object Repository/Final Object Repo/Page_Update Add New Employee - ASSIST/Socso Employment StartDate Year' is clicked on

2018-12-07 01:22:08 - [TEST_STEP][PASSED] - delay: Delayed 1 second(s)

2018-12-07 01:22:09 - [MESSAGE][PASSED] - Delayed 1 second(s)

2018-12-07 01:22:09 - [TEST_STEP][PASSED] - click: Object: 'Object Repository/Final Object Repo/Page_Update Add New Employee - ASSIST/Select Socso Employment Startdate Year' is clicked on

2018-12-07 01:22:10 - [MESSAGE][PASSED] - Object: 'Object Repository/Final Object Repo/Page_Update Add New Employee - ASSIST/Select Socso Employment Startdate Year' is clicked on

2018-12-07 01:22:10 - [TEST_STEP][PASSED] - delay: Delayed 2 second(s)

2018-12-07 01:22:12 - [MESSAGE][PASSED] - Delayed 2 second(s)

2018-12-07 01:22:12 - [TEST_STEP][PASSED] - click: Object: 'Object Repository/Final Object Repo/Page_Update Add New Employee - ASSIST/Socso Employment Start Date Day' is clicked on

2018-12-07 01:22:12 - [MESSAGE][PASSED] - Object: 'Object Repository/Final Object Repo/Page_Update Add New Employee - ASSIST/Socso Employment Start Date Day' is clicked on

2018-12-07 01:22:12 - [TEST_STEP][PASSED] - delay: Delayed 2 second(s)

2018-12-07 01:22:14 - [MESSAGE][PASSED] - Delayed 2 second(s)

2018-12-07 01:22:14 - [TEST_STEP][PASSED] - click: Object: 'Object Repository/Final Object Repo/Page_Update Add New Employee - ASSIST/Save Button for Add Employee' is clicked on

2018-12-07 01:22:14 - [MESSAGE][PASSED] - Object: 'Object Repository/Final Object Repo/Page_Update Add New Employee - ASSIST/Save Button for Add Employee' is clicked on

2018-12-07 01:22:14 - [TEST_STEP][PASSED] - delay: Delayed 10 second(s)

2018-12-07 01:22:24 - [MESSAGE][PASSED] - Delayed 10 second(s)

2018-12-07 01:22:24 - [TEST_STEP][PASSED] - click: Object: 'Object Repository/Final Object Repo/Page_Update Add New Employee - ASSIST/Add Employee Button' is clicked on

2018-12-07 01:22:24 - [MESSAGE][PASSED] - Object: 'Object Repository/Final Object Repo/Page_Update Add New Employee - ASSIST/Add Employee Button' is clicked on

2018-12-07 01:22:24 - [TEST_STEP][PASSED] - delay: Delayed 6 second(s)

2018-12-07 01:22:30 - [MESSAGE][PASSED] - Delayed 6 second(s)

2018-12-07 01:22:30 - [TEST_STEP][PASSED] - setText: Text '620904059600' is set on object 'Object Repository/Final Object Repo/Page_Update Add New Employee - ASSIST/NRIC Input'

2018-12-07 01:22:31 - [MESSAGE][PASSED] - Text '620904059600' is set on object 'Object Repository/Final Object Repo/Page_Update Add New Employee - ASSIST/NRIC Input'

2018-12-07 01:22:31 - [TEST_STEP][PASSED] - click: Object: 'Object Repository/Final Object Repo/Page_Update Add New Employee - ASSIST/button for search for IC' is clicked on

2018-12-07 01:22:31 - [MESSAGE][PASSED] - Object: 'Object Repository/Final Object Repo/Page_Update Add New Employee - ASSIST/button for search for IC' is clicked on

2018-12-07 01:22:31 - [TEST_STEP][PASSED] - delay: Delayed 2 second(s)

2018-12-07 01:22:33 - [MESSAGE][PASSED] - Delayed 2 second(s)

2018-12-07 01:22:33 - [TEST_STEP][PASSED] - setText: Text 'Automate002 eligible 2' is set on object 'Object Repository/Final Object Repo/Page_Update Add New Employee - ASSIST/Employee Name Input'

2018-12-07 01:22:33 - [MESSAGE][PASSED] - Text 'Automate002 eligible 2' is set on object 'Object Repository/Final Object Repo/Page_Update Add New Employee - ASSIST/Employee Name Input'

2018-12-07 01:22:33 - [TEST_STEP][PASSED] - delay: Delayed 2 second(s)

2018-12-07 01:22:35 - [MESSAGE][PASSED] - Delayed 2 second(s)

2018-12-07 01:22:35 - [TEST_STEP][PASSED] - click: Object: 'Object Repository/Final Object Repo/Page_Update Add New Employee - ASSIST/DatePicker Pop Up' is clicked on

2018-12-07 01:22:35 - [MESSAGE][PASSED] - Object: 'Object Repository/Final Object Repo/Page_Update Add New Employee - ASSIST/DatePicker Pop Up' is clicked on

2018-12-07 01:22:35 - [TEST_STEP][PASSED] - delay: Delayed 2 second(s)

2018-12-07 01:22:38 - [MESSAGE][PASSED] - Delayed 2 second(s)

2018-12-07 01:22:38 - [TEST_STEP][PASSED] - click: Object: 'Object Repository/Final Object Repo/Page_Update Add New Employee - ASSIST/DOB Month' is clicked on

2018-12-07 01:22:38 - [MESSAGE][PASSED] - Object: 'Object Repository/Final Object Repo/Page_Update Add New Employee - ASSIST/DOB Month' is clicked on

2018-12-07 01:22:38 - [TEST_STEP][PASSED] - Statement - selectMonth = com.kms.katalon.core.webui.keyword.WebUiBuiltInKeywords.modifyObjectProperty(selectMonth, "xpath", "equals", "//body/div/div/div/select/option[@value="" + CurrentMonth + ""]", true): Modify property of object successfully

2018-12-07 01:22:38 - [MESSAGE][PASSED] - Modify property of object successfully

2018-12-07 01:22:38 - [TEST_STEP][PASSED] - click: Object: '' is clicked on

2018-12-07 01:22:38 - [MESSAGE][PASSED] - Object: '' is clicked on

2018-12-07 01:22:38 - [TEST_STEP][PASSED] - click: Object: 'Object Repository/Final Object Repo/Page_Update Add New Employee - ASSIST/DOB Year' is clicked on

2018-12-07 01:22:38 - [MESSAGE][PASSED] - Object: 'Object Repository/Final Object Repo/Page_Update Add New Employee - ASSIST/DOB Year' is clicked on

2018-12-07 01:22:38 - [TEST_STEP][PASSED] - Statement - selectYear = com.kms.katalon.core.webui.keyword.WebUiBuiltInKeywords.modifyObjectProperty(selectYear, "xpath", "equals", "//div/div/div/select/option[@value="" + FiftysevenYrsBefore + ""]", true): Modify property of object successfully

2018-12-07 01:22:38 - [MESSAGE][PASSED] - Modify property of object successfully

2018-12-07 01:22:38 - [TEST_STEP][PASSED] - click: Object: '' is clicked on

2018-12-07 01:22:38 - [MESSAGE][PASSED] - Object: '' is clicked on

2018-12-07 01:22:38 - [TEST_STEP][PASSED] - Statement - UpdatedSelectDate = com.kms.katalon.core.webui.keyword.WebUiBuiltInKeywords.modifyObjectProperty(com.kms.katalon.core.testobject.ObjectRepository.findTestObject(Final Object Repo/Page_Update Add New Employee - ASSIST/DOB Date), "xpath", "equals", "//body/div/table/tbody/tr/td/a[text()="" + OneDayBefore + ""]", true): Modify property of object successfully

2018-12-07 01:22:38 - [MESSAGE][PASSED] - Modify property of object successfully

2018-12-07 01:22:38 - [TEST_STEP][PASSED] - click: Object: 'Object Repository/Final Object Repo/Page_Update Add New Employee - ASSIST/DOB Date' is clicked on

2018-12-07 01:22:38 - [MESSAGE][PASSED] - Object: 'Object Repository/Final Object Repo/Page_Update Add New Employee - ASSIST/DOB Date' is clicked on

2018-12-07 01:22:38 - [TEST_STEP][PASSED] - delay: Delayed 2 second(s)

2018-12-07 01:22:40 - [MESSAGE][PASSED] - Delayed 2 second(s)

2018-12-07 01:22:40 - [TEST_STEP][PASSED] - click: Object: 'Object Repository/Final Object Repo/Page_Update Add New Employee - ASSIST/EmploymentStartDate Pop Up' is clicked on

2018-12-07 01:22:40 - [MESSAGE][PASSED] - Object: 'Object Repository/Final Object Repo/Page_Update Add New Employee - ASSIST/EmploymentStartDate Pop Up' is clicked on

2018-12-07 01:22:40 - [TEST_STEP][PASSED] - delay: Delayed 2 second(s)

2018-12-07 01:22:42 - [MESSAGE][PASSED] - Delayed 2 second(s)

2018-12-07 01:22:42 - [TEST_STEP][PASSED] - click: Object: 'Object Repository/Final Object Repo/Page_Update Add New Employee - ASSIST/Socso Employment StartDate Month' is clicked on

2018-12-07 01:22:43 - [MESSAGE][PASSED] - Object: 'Object Repository/Final Object Repo/Page_Update Add New Employee - ASSIST/Socso Employment StartDate Month' is clicked on

2018-12-07 01:22:43 - [TEST_STEP][PASSED] - delay: Delayed 1 second(s)

2018-12-07 01:22:44 - [MESSAGE][PASSED] - Delayed 1 second(s)

2018-12-07 01:22:44 - [TEST_STEP][PASSED] - click: Object: 'Object Repository/Final Object Repo/Page_Update Add New Employee - ASSIST/Select Socso Employement Startdate Month' is clicked on

2018-12-07 01:22:44 - [MESSAGE][PASSED] - Object: 'Object Repository/Final Object Repo/Page_Update Add New Employee - ASSIST/Select Socso Employement Startdate Month' is clicked on

2018-12-07 01:22:44 - [TEST_STEP][PASSED] - delay: Delayed 2 second(s)

2018-12-07 01:22:46 - [MESSAGE][PASSED] - Delayed 2 second(s)

2018-12-07 01:22:46 - [TEST_STEP][PASSED] - click: Object: 'Object Repository/Final Object Repo/Page_Update Add New Employee - ASSIST/Socso Employment StartDate Year' is clicked on

2018-12-07 01:22:46 - [MESSAGE][PASSED] - Object: 'Object Repository/Final Object Repo/Page_Update Add New Employee - ASSIST/Socso Employment StartDate Year' is clicked on

2018-12-07 01:22:46 - [TEST_STEP][PASSED] - delay: Delayed 1 second(s)

2018-12-07 01:22:47 - [MESSAGE][PASSED] - Delayed 1 second(s)

2018-12-07 01:22:47 - [TEST_STEP][PASSED] - click: Object: 'Object Repository/Final Object Repo/Page_Update Add New Employee - ASSIST/Select Socso Employment Startdate Year' is clicked on

2018-12-07 01:22:47 - [MESSAGE][PASSED] - Object: 'Object Repository/Final Object Repo/Page_Update Add New Employee - ASSIST/Select Socso Employment Startdate Year' is clicked on

2018-12-07 01:22:47 - [TEST_STEP][PASSED] - delay: Delayed 2 second(s)

2018-12-07 01:22:49 - [MESSAGE][PASSED] - Delayed 2 second(s)

2018-12-07 01:22:49 - [TEST_STEP][PASSED] - click: Object: 'Object Repository/Final Object Repo/Page_Update Add New Employee - ASSIST/Socso Employment Start Date Day' is clicked on

2018-12-07 01:22:49 - [MESSAGE][PASSED] - Object: 'Object Repository/Final Object Repo/Page_Update Add New Employee - ASSIST/Socso Employment Start Date Day' is clicked on

2018-12-07 01:22:49 - [TEST_STEP][PASSED] - delay: Delayed 2 second(s)

2018-12-07 01:22:51 - [MESSAGE][PASSED] - Delayed 2 second(s)

2018-12-07 01:22:51 - [TEST_STEP][PASSED] - click: Object: 'Object Repository/Final Object Repo/Page_Update Add New Employee - ASSIST/Save Button for Add Employee' is clicked on

2018-12-07 01:22:51 - [MESSAGE][PASSED] - Object: 'Object Repository/Final Object Repo/Page_Update Add New Employee - ASSIST/Save Button for Add Employee' is clicked on

2018-12-07 01:22:51 - [TEST_STEP][PASSED] - delay: Delayed 5 second(s)

2018-12-07 01:22:56 - [MESSAGE][PASSED] - Delayed 5 second(s)

2018-12-07 01:22:56 - [TEST_STEP][PASSED] - waitForElementClickable: Object 'Object Repository/Final Object Repo/Page_Update Add New Employee - ASSIST/Add Employee Button' is clickable

2018-12-07 01:22:57 - [MESSAGE][PASSED] - Object 'Object Repository/Final Object Repo/Page_Update Add New Employee - ASSIST/Add Employee Button' is clickable

2018-12-07 01:22:57 - [TEST_STEP][PASSED] - click: Object: 'Object Repository/Final Object Repo/Page_Update Add New Employee - ASSIST/Add Employee Button' is clicked on

2018-12-07 01:22:57 - [MESSAGE][PASSED] - Object: 'Object Repository/Final Object Repo/Page_Update Add New Employee - ASSIST/Add Employee Button' is clicked on

2018-12-07 01:22:57 - [TEST_STEP][PASSED] - delay: Delayed 4 second(s)

2018-12-07 01:23:01 - [MESSAGE][PASSED] - Delayed 4 second(s)

2018-12-07 01:23:01 - [TEST_STEP][PASSED] - setText: Text '000209039100' is set on object 'Object Repository/Final Object Repo/Page_Update Add New Employee - ASSIST/NRIC Input'

2018-12-07 01:23:01 - [MESSAGE][PASSED] - Text '000209039100' is set on object 'Object Repository/Final Object Repo/Page_Update Add New Employee - ASSIST/NRIC Input'

2018-12-07 01:23:01 - [TEST_STEP][PASSED] - click: Object: 'Object Repository/Final Object Repo/Page_Update Add New Employee - ASSIST/button for search for IC' is clicked on

2018-12-07 01:23:01 - [MESSAGE][PASSED] - Object: 'Object Repository/Final Object Repo/Page_Update Add New Employee - ASSIST/button for search for IC' is clicked on

2018-12-07 01:23:01 - [TEST_STEP][PASSED] - delay: Delayed 2 second(s)

2018-12-07 01:23:03 - [MESSAGE][PASSED] - Delayed 2 second(s)

2018-12-07 01:23:03 - [TEST_STEP][PASSED] - setText: Text 'Automate002 not eligible 1' is set on object 'Object Repository/Final Object Repo/Page_Update Add New Employee - ASSIST/Employee Name Input'

2018-12-07 01:23:04 - [MESSAGE][PASSED] - Text 'Automate002 not eligible 1' is set on object 'Object Repository/Final Object Repo/Page_Update Add New Employee - ASSIST/Employee Name Input'

2018-12-07 01:23:04 - [TEST_STEP][PASSED] - delay: Delayed 2 second(s)

2018-12-07 01:23:06 - [MESSAGE][PASSED] - Delayed 2 second(s)

2018-12-07 01:23:06 - [TEST_STEP][PASSED] - click: Object: 'Object Repository/Final Object Repo/Page_Update Add New Employee - ASSIST/DatePicker Pop Up' is clicked on

2018-12-07 01:23:06 - [MESSAGE][PASSED] - Object: 'Object Repository/Final Object Repo/Page_Update Add New Employee - ASSIST/DatePicker Pop Up' is clicked on

2018-12-07 01:23:06 - [TEST_STEP][PASSED] - delay: Delayed 2 second(s)

2018-12-07 01:23:08 - [MESSAGE][PASSED] - Delayed 2 second(s)

2018-12-07 01:23:08 - [TEST_STEP][PASSED] - click: Object: 'Object Repository/Final Object Repo/Page_Update Add New Employee - ASSIST/DOB Month' is clicked on

2018-12-07 01:23:08 - [MESSAGE][PASSED] - Object: 'Object Repository/Final Object Repo/Page_Update Add New Employee - ASSIST/DOB Month' is clicked on

2018-12-07 01:23:08 - [TEST_STEP][PASSED] - Statement - selectMonth = com.kms.katalon.core.webui.keyword.WebUiBuiltInKeywords.modifyObjectProperty(selectMonth, "xpath", "equals", "//body/div/div/div/select/option[@value="" + CurrentMonth + ""]", true): Modify property of object successfully

2018-12-07 01:23:08 - [MESSAGE][PASSED] - Modify property of object successfully

2018-12-07 01:23:08 - [TEST_STEP][PASSED] - click: Object: '' is clicked on

2018-12-07 01:23:08 - [MESSAGE][PASSED] - Object: '' is clicked on

2018-12-07 01:23:08 - [TEST_STEP][PASSED] - click: Object: 'Object Repository/Final Object Repo/Page_Update Add New Employee - ASSIST/DOB Year' is clicked on

2018-12-07 01:23:09 - [MESSAGE][PASSED] - Object: 'Object Repository/Final Object Repo/Page_Update Add New Employee - ASSIST/DOB Year' is clicked on

2018-12-07 01:23:09 - [TEST_STEP][PASSED] - Statement - selectYear = com.kms.katalon.core.webui.keyword.WebUiBuiltInKeywords.modifyObjectProperty(selectYear, "xpath", "equals", "//div/div/div/select/option[@value="" + EighteenYrsBefore + ""]", true): Modify property of object successfully

2018-12-07 01:23:09 - [MESSAGE][PASSED] - Modify property of object successfully

2018-12-07 01:23:09 - [TEST_STEP][PASSED] - click: Object: '' is clicked on

2018-12-07 01:23:09 - [MESSAGE][PASSED] - Object: '' is clicked on

2018-12-07 01:23:09 - [TEST_STEP][PASSED] - Statement - UpdatedSelectDate = com.kms.katalon.core.webui.keyword.WebUiBuiltInKeywords.modifyObjectProperty(com.kms.katalon.core.testobject.ObjectRepository.findTestObject(Final Object Repo/Page_Update Add New Employee - ASSIST/DOB Date), "xpath", "equals", "//body/div/table/tbody/tr/td/a[text()="" + OneDayBefore + ""]", true): Modify property of object successfully

2018-12-07 01:23:09 - [MESSAGE][PASSED] - Modify property of object successfully

2018-12-07 01:23:09 - [TEST_STEP][PASSED] - click: Object: 'Object Repository/Final Object Repo/Page_Update Add New Employee - ASSIST/DOB Date' is clicked on

2018-12-07 01:23:09 - [MESSAGE][PASSED] - Object: 'Object Repository/Final Object Repo/Page_Update Add New Employee - ASSIST/DOB Date' is clicked on

2018-12-07 01:23:09 - [TEST_STEP][PASSED] - delay: Delayed 2 second(s)

2018-12-07 01:23:11 - [MESSAGE][PASSED] - Delayed 2 second(s)

2018-12-07 01:23:11 - [TEST_STEP][PASSED] - click: Object: 'Object Repository/Final Object Repo/Page_Update Add New Employee - ASSIST/EmploymentStartDate Pop Up' is clicked on

2018-12-07 01:23:11 - [MESSAGE][PASSED] - Object: 'Object Repository/Final Object Repo/Page_Update Add New Employee - ASSIST/EmploymentStartDate Pop Up' is clicked on

2018-12-07 01:23:11 - [TEST_STEP][PASSED] - delay: Delayed 2 second(s)

2018-12-07 01:23:13 - [MESSAGE][PASSED] - Delayed 2 second(s)

2018-12-07 01:23:13 - [TEST_STEP][PASSED] - click: Object: 'Object Repository/Final Object Repo/Page_Update Add New Employee - ASSIST/Socso Employment StartDate Month' is clicked on

2018-12-07 01:23:13 - [MESSAGE][PASSED] - Object: 'Object Repository/Final Object Repo/Page_Update Add New Employee - ASSIST/Socso Employment StartDate Month' is clicked on

2018-12-07 01:23:13 - [TEST_STEP][PASSED] - delay: Delayed 1 second(s)

2018-12-07 01:23:14 - [MESSAGE][PASSED] - Delayed 1 second(s)

2018-12-07 01:23:14 - [TEST_STEP][PASSED] - click: Object: 'Object Repository/Final Object Repo/Page_Update Add New Employee - ASSIST/Select Socso Employement Startdate Month' is clicked on

2018-12-07 01:23:14 - [MESSAGE][PASSED] - Object: 'Object Repository/Final Object Repo/Page_Update Add New Employee - ASSIST/Select Socso Employement Startdate Month' is clicked on

2018-12-07 01:23:14 - [TEST_STEP][PASSED] - delay: Delayed 2 second(s)

2018-12-07 01:23:16 - [MESSAGE][PASSED] - Delayed 2 second(s)

2018-12-07 01:23:16 - [TEST_STEP][PASSED] - click: Object: 'Object Repository/Final Object Repo/Page_Update Add New Employee - ASSIST/Socso Employment StartDate Year' is clicked on

2018-12-07 01:23:17 - [MESSAGE][PASSED] - Object: 'Object Repository/Final Object Repo/Page_Update Add New Employee - ASSIST/Socso Employment StartDate Year' is clicked on

2018-12-07 01:23:17 - [TEST_STEP][PASSED] - delay: Delayed 1 second(s)

2018-12-07 01:23:18 - [MESSAGE][PASSED] - Delayed 1 second(s)

2018-12-07 01:23:18 - [TEST_STEP][PASSED] - click: Object: 'Object Repository/Final Object Repo/Page_Update Add New Employee - ASSIST/Select Socso Employment Startdate Year' is clicked on

2018-12-07 01:23:18 - [MESSAGE][PASSED] - Object: 'Object Repository/Final Object Repo/Page_Update Add New Employee - ASSIST/Select Socso Employment Startdate Year' is clicked on

2018-12-07 01:23:18 - [TEST_STEP][PASSED] - delay: Delayed 2 second(s)

2018-12-07 01:23:20 - [MESSAGE][PASSED] - Delayed 2 second(s)

2018-12-07 01:23:20 - [TEST_STEP][PASSED] - click: Object: 'Object Repository/Final Object Repo/Page_Update Add New Employee - ASSIST/Socso Employment Start Date Day' is clicked on

2018-12-07 01:23:20 - [MESSAGE][PASSED] - Object: 'Object Repository/Final Object Repo/Page_Update Add New Employee - ASSIST/Socso Employment Start Date Day' is clicked on

2018-12-07 01:23:20 - [TEST_STEP][PASSED] - delay: Delayed 2 second(s)

2018-12-07 01:23:22 - [MESSAGE][PASSED] - Delayed 2 second(s)

2018-12-07 01:23:22 - [TEST_STEP][PASSED] - click: Object: 'Object Repository/Final Object Repo/Page_Update Add New Employee - ASSIST/Save Button for Add Employee' is clicked on

2018-12-07 01:23:22 - [MESSAGE][PASSED] - Object: 'Object Repository/Final Object Repo/Page_Update Add New Employee - ASSIST/Save Button for Add Employee' is clicked on

2018-12-07 01:23:22 - [TEST_STEP][PASSED] - delay: Delayed 20 second(s)

2018-12-07 01:23:42 - [MESSAGE][PASSED] - Delayed 20 second(s)

2018-12-07 01:23:42 - [TEST_STEP][PASSED] - click: Object: 'Object Repository/Final Object Repo/Page_Update Add New Employee - ASSIST/Add Employee Button' is clicked on

2018-12-07 01:23:42 - [MESSAGE][PASSED] - Object: 'Object Repository/Final Object Repo/Page_Update Add New Employee - ASSIST/Add Employee Button' is clicked on

2018-12-07 01:23:42 - [TEST_STEP][PASSED] - delay: Delayed 4 second(s)

2018-12-07 01:23:46 - [MESSAGE][PASSED] - Delayed 4 second(s)

2018-12-07 01:23:46 - [TEST_STEP][PASSED] - setText: Text '600203039104' is set on object 'Object Repository/Final Object Repo/Page_Update Add New Employee - ASSIST/NRIC Input'

2018-12-07 01:23:47 - [MESSAGE][PASSED] - Text '600203039104' is set on object 'Object Repository/Final Object Repo/Page_Update Add New Employee - ASSIST/NRIC Input'

2018-12-07 01:23:47 - [TEST_STEP][PASSED] - click: Object: 'Object Repository/Final Object Repo/Page_Update Add New Employee - ASSIST/button for search for IC' is clicked on

2018-12-07 01:23:47 - [MESSAGE][PASSED] - Object: 'Object Repository/Final Object Repo/Page_Update Add New Employee - ASSIST/button for search for IC' is clicked on

2018-12-07 01:23:47 - [TEST_STEP][PASSED] - delay: Delayed 2 second(s)

2018-12-07 01:23:49 - [MESSAGE][PASSED] - Delayed 2 second(s)

2018-12-07 01:23:49 - [TEST_STEP][PASSED] - setText: Text 'Automate002 not eligible 2' is set on object 'Object Repository/Final Object Repo/Page_Update Add New Employee - ASSIST/Employee Name Input'

2018-12-07 01:23:49 - [MESSAGE][PASSED] - Text 'Automate002 not eligible 2' is set on object 'Object Repository/Final Object Repo/Page_Update Add New Employee - ASSIST/Employee Name Input'

2018-12-07 01:23:49 - [TEST_STEP][PASSED] - delay: Delayed 2 second(s)

2018-12-07 01:23:51 - [MESSAGE][PASSED] - Delayed 2 second(s)

2018-12-07 01:23:51 - [TEST_STEP][PASSED] - click: Object: 'Object Repository/Final Object Repo/Page_Update Add New Employee - ASSIST/DatePicker Pop Up' is clicked on

2018-12-07 01:23:52 - [MESSAGE][PASSED] - Object: 'Object Repository/Final Object Repo/Page_Update Add New Employee - ASSIST/DatePicker Pop Up' is clicked on

2018-12-07 01:23:52 - [TEST_STEP][PASSED] - delay: Delayed 2 second(s)

2018-12-07 01:23:54 - [MESSAGE][PASSED] - Delayed 2 second(s)

2018-12-07 01:23:54 - [TEST_STEP][PASSED] - click: Object: 'Object Repository/Final Object Repo/Page_Update Add New Employee - ASSIST/DOB Month' is clicked on

2018-12-07 01:23:54 - [MESSAGE][PASSED] - Object: 'Object Repository/Final Object Repo/Page_Update Add New Employee - ASSIST/DOB Month' is clicked on

2018-12-07 01:23:54 - [TEST_STEP][PASSED] - Statement - selectMonth = com.kms.katalon.core.webui.keyword.WebUiBuiltInKeywords.modifyObjectProperty(selectMonth, "xpath", "equals", "//body/div/div/div/select/option[@value="" + CurrentMonth + ""]", true): Modify property of object successfully

2018-12-07 01:23:54 - [MESSAGE][PASSED] - Modify property of object successfully

2018-12-07 01:23:54 - [TEST_STEP][PASSED] - click: Object: '' is clicked on

2018-12-07 01:23:54 - [MESSAGE][PASSED] - Object: '' is clicked on

2018-12-07 01:23:54 - [TEST_STEP][PASSED] - click: Object: 'Object Repository/Final Object Repo/Page_Update Add New Employee - ASSIST/DOB Year' is clicked on

2018-12-07 01:23:54 - [MESSAGE][PASSED] - Object: 'Object Repository/Final Object Repo/Page_Update Add New Employee - ASSIST/DOB Year' is clicked on

2018-12-07 01:23:54 - [TEST_STEP][PASSED] - Statement - selectYear = com.kms.katalon.core.webui.keyword.WebUiBuiltInKeywords.modifyObjectProperty(selectYear, "xpath", "equals", "//div/div/div/select/option[@value="" + FiftysevenYrsBefore + ""]", true): Modify property of object successfully

2018-12-07 01:23:54 - [MESSAGE][PASSED] - Modify property of object successfully

2018-12-07 01:23:54 - [TEST_STEP][PASSED] - click: Object: '' is clicked on

2018-12-07 01:23:54 - [MESSAGE][PASSED] - Object: '' is clicked on

2018-12-07 01:23:54 - [TEST_STEP][PASSED] - Statement - UpdatedSelectDate = com.kms.katalon.core.webui.keyword.WebUiBuiltInKeywords.modifyObjectProperty(com.kms.katalon.core.testobject.ObjectRepository.findTestObject(Final Object Repo/Page_Update Add New Employee - ASSIST/DOB Date), "xpath", "equals", "//body/div/table/tbody/tr/td/a[text()="" + CurrentDate + ""]", true): Modify property of object successfully

2018-12-07 01:23:54 - [MESSAGE][PASSED] - Modify property of object successfully

2018-12-07 01:23:54 - [TEST_STEP][PASSED] - click: Object: 'Object Repository/Final Object Repo/Page_Update Add New Employee - ASSIST/DOB Date' is clicked on

2018-12-07 01:23:54 - [MESSAGE][PASSED] - Object: 'Object Repository/Final Object Repo/Page_Update Add New Employee - ASSIST/DOB Date' is clicked on

2018-12-07 01:23:54 - [TEST_STEP][PASSED] - click: Object: 'Object Repository/Final Object Repo/Page_Update Add New Employee - ASSIST/EmploymentStartDate Pop Up' is clicked on

2018-12-07 01:23:55 - [MESSAGE][PASSED] - Object: 'Object Repository/Final Object Repo/Page_Update Add New Employee - ASSIST/EmploymentStartDate Pop Up' is clicked on

2018-12-07 01:23:55 - [TEST_STEP][PASSED] - delay: Delayed 2 second(s)

2018-12-07 01:23:57 - [MESSAGE][PASSED] - Delayed 2 second(s)

2018-12-07 01:23:57 - [TEST_STEP][PASSED] - click: Object: 'Object Repository/Final Object Repo/Page_Update Add New Employee - ASSIST/Socso Employment StartDate Month' is clicked on

2018-12-07 01:23:57 - [MESSAGE][PASSED] - Object: 'Object Repository/Final Object Repo/Page_Update Add New Employee - ASSIST/Socso Employment StartDate Month' is clicked on

2018-12-07 01:23:57 - [TEST_STEP][PASSED] - delay: Delayed 1 second(s)

2018-12-07 01:23:58 - [MESSAGE][PASSED] - Delayed 1 second(s)

2018-12-07 01:23:58 - [TEST_STEP][PASSED] - click: Object: 'Object Repository/Final Object Repo/Page_Update Add New Employee - ASSIST/Select Socso Employement Startdate Month' is clicked on

2018-12-07 01:23:58 - [MESSAGE][PASSED] - Object: 'Object Repository/Final Object Repo/Page_Update Add New Employee - ASSIST/Select Socso Employement Startdate Month' is clicked on

2018-12-07 01:23:58 - [TEST_STEP][PASSED] - delay: Delayed 2 second(s)

2018-12-07 01:24:00 - [MESSAGE][PASSED] - Delayed 2 second(s)

2018-12-07 01:24:00 - [TEST_STEP][PASSED] - click: Object: 'Object Repository/Final Object Repo/Page_Update Add New Employee - ASSIST/Socso Employment StartDate Year' is clicked on

2018-12-07 01:24:00 - [MESSAGE][PASSED] - Object: 'Object Repository/Final Object Repo/Page_Update Add New Employee - ASSIST/Socso Employment StartDate Year' is clicked on

2018-12-07 01:24:00 - [TEST_STEP][PASSED] - delay: Delayed 1 second(s)

2018-12-07 01:24:01 - [MESSAGE][PASSED] - Delayed 1 second(s)

2018-12-07 01:24:01 - [TEST_STEP][PASSED] - click: Object: 'Object Repository/Final Object Repo/Page_Update Add New Employee - ASSIST/Select Socso Employment Startdate Year' is clicked on

2018-12-07 01:24:01 - [MESSAGE][PASSED] - Object: 'Object Repository/Final Object Repo/Page_Update Add New Employee - ASSIST/Select Socso Employment Startdate Year' is clicked on

2018-12-07 01:24:01 - [TEST_STEP][PASSED] - delay: Delayed 2 second(s)

2018-12-07 01:24:03 - [MESSAGE][PASSED] - Delayed 2 second(s)

2018-12-07 01:24:03 - [TEST_STEP][PASSED] - click: Object: 'Object Repository/Final Object Repo/Page_Update Add New Employee - ASSIST/Socso Employment Start Date Day' is clicked on

2018-12-07 01:24:03 - [MESSAGE][PASSED] - Object: 'Object Repository/Final Object Repo/Page_Update Add New Employee - ASSIST/Socso Employment Start Date Day' is clicked on

2018-12-07 01:24:03 - [TEST_STEP][PASSED] - delay: Delayed 2 second(s)

2018-12-07 01:24:05 - [MESSAGE][PASSED] - Delayed 2 second(s)

2018-12-07 01:24:05 - [TEST_STEP][PASSED] - click: Object: 'Object Repository/Final Object Repo/Page_Update Add New Employee - ASSIST/Save Button for Add Employee' is clicked on

2018-12-07 01:24:06 - [MESSAGE][PASSED] - Object: 'Object Repository/Final Object Repo/Page_Update Add New Employee - ASSIST/Save Button for Add Employee' is clicked on

2018-12-07 01:24:06 - [MESSAGE][PASSED] - Call Test Case 'Test Cases/Final Aug 2018 - PKS Automation/Registration Module/Workflow/Update Add New Employee/Template/Employee Adding/Employee Adding Action Repeat IC - set 2' successfully

2018-12-07 01:24:06 - [MESSAGE][PASSED] - Call Test Case 'Test Cases/Final Aug 2018 - PKS Automation/Registration Module/Workflow/Update Add New Employee/Template/Employee Adding/Employee Set Decider' successfully

2018-12-07 01:24:06 - [TEST_STEP][PASSED] - delay: Delayed 4 second(s)

2018-12-07 01:24:10 - [MESSAGE][PASSED] - Delayed 4 second(s)

2018-12-07 01:24:10 - [TEST_STEP][PASSED] - Statement - CaseReferenceNo = com.kms.katalon.core.webui.keyword.WebUiBuiltInKeywords.getText(com.kms.katalon.core.testobject.ObjectRepository.findTestObject(Final Object Repo/Page_Update Add New Employee - ASSIST/RefNo)): Text of object 'Object Repository/Final Object Repo/Page_Update Add New Employee - ASSIST/RefNo' is: 'CAN12201800002276'

2018-12-07 01:24:10 - [MESSAGE][PASSED] - Text of object 'Object Repository/Final Object Repo/Page_Update Add New Employee - ASSIST/RefNo' is: 'CAN12201800002276'

2018-12-07 01:24:10 - [TEST_STEP][PASSED] - callTestCase: Call Test Case 'Test Cases/Final Aug 2018 - PKS Automation/Common/Reference Number Setter' successfully

2018-12-07 01:24:10 - [TEST_CASE][PASSED] - Test Cases/Final Aug 2018 - PKS Automation/Common/Reference Number Setter: Test Cases/Final Aug 2018 - PKS Automation/Common/Reference Number Setter

2018-12-07 01:24:10 - [TEST_STEP][PASSED] - Statement - RefNoOldFile = new java.io.File(C://Users//Admin//Desktop//PKS//Automation Reference Point//KatalonReference.txt): null

2018-12-07 01:24:10 - [TEST_STEP][PASSED] - Statement - RefNoOldFile.delete(): null

2018-12-07 01:24:10 - [TEST_STEP][PASSED] - delay: Delayed 5 second(s)

2018-12-07 01:24:15 - [MESSAGE][PASSED] - Delayed 5 second(s)

2018-12-07 01:24:15 - [TEST_STEP][PASSED] - Statement - RefNo = new java.io.File(C://Users//Admin//Desktop//PKS//Automation Reference Point//KatalonReference.txt): null

2018-12-07 01:24:15 - [TEST_STEP][PASSED] - Statement - f2 = new java.io.FileWriter(RefNo, false): null

2018-12-07 01:24:15 - [TEST_STEP][PASSED] - Statement - f2.write(CaseReferenceNo): null

2018-12-07 01:24:15 - [TEST_STEP][PASSED] - Statement - f2.close(): null

2018-12-07 01:24:15 - [TEST_STEP][PASSED] - Statement - out.println("


" + CaseReferenceNo + "


"): null

2018-12-07 01:24:15 - [MESSAGE][PASSED] - Call Test Case 'Test Cases/Final Aug 2018 - PKS Automation/Common/Reference Number Setter' successfully

2018-12-07 01:24:15 - [TEST_STEP][PASSED] - delay: Delayed 5 second(s)

2018-12-07 01:24:20 - [MESSAGE][PASSED] - Delayed 5 second(s)

2018-12-07 01:24:20 - [TEST_STEP][PASSED] - click: Object: 'Object Repository/Final Object Repo/Page_Update Add New Employee - ASSIST/Save  Continue Button' is clicked on

2018-12-07 01:24:20 - [MESSAGE][PASSED] - Object: 'Object Repository/Final Object Repo/Page_Update Add New Employee - ASSIST/Save  Continue Button' is clicked on

2018-12-07 01:24:20 - [TEST_STEP][PASSED] - delay: Delayed 4 second(s)

2018-12-07 01:24:24 - [MESSAGE][PASSED] - Delayed 4 second(s)

2018-12-07 01:24:24 - [TEST_STEP][PASSED] - callTestCase: Call Test Case 'Test Cases/Final Aug 2018 - PKS Automation/Common/Reference Number Getter' successfully

2018-12-07 01:24:24 - [TEST_CASE][PASSED] - Test Cases/Final Aug 2018 - PKS Automation/Common/Reference Number Getter: Test Cases/Final Aug 2018 - PKS Automation/Common/Reference Number Getter

2018-12-07 01:24:24 - [TEST_STEP][PASSED] - Statement - Try: null

2018-12-07 01:24:24 - [TEST_STEP][PASSED] - Statement - RefNo = new java.io.File(C://Users//Admin//Desktop//PKS//Automation Reference Point//KatalonReference.txt): null

2018-12-07 01:24:24 - [TEST_STEP][PASSED] - Statement - bufferread = new java.io.BufferedReader(new java.io.FileReader(RefNo)): null

2018-12-07 01:24:24 - [TEST_STEP][PASSED] - Statement - readedVal = bufferread.readLine(): null

2018-12-07 01:24:24 - [TEST_STEP][PASSED] - Statement - out.println(CaseReferenceNo): null

2018-12-07 01:24:24 - [TEST_STEP][PASSED] - Statement - out.println(readedVal): null

2018-12-07 01:24:24 - [TEST_STEP][PASSED] - Statement - CaseReferenceNo = "": null

2018-12-07 01:24:24 - [TEST_STEP][PASSED] - Statement - CaseReferenceNo = readedVal: null

2018-12-07 01:24:24 - [MESSAGE][PASSED] - Call Test Case 'Test Cases/Final Aug 2018 - PKS Automation/Common/Reference Number Getter' successfully

2018-12-07 01:24:24 - [TEST_STEP][PASSED] - click: Object: 'Object Repository/Final Object Repo/Page_Update Add New Employee - ASSIST/Save  Continue Third Screen' is clicked on

2018-12-07 01:24:27 - [MESSAGE][PASSED] - Object: 'Object Repository/Final Object Repo/Page_Update Add New Employee - ASSIST/Save  Continue Third Screen' is clicked on

2018-12-07 01:24:27 - [TEST_STEP][PASSED] - delay: Delayed 4 second(s)

2018-12-07 01:24:31 - [MESSAGE][PASSED] - Delayed 4 second(s)

2018-12-07 01:24:31 - [TEST_STEP][PASSED] - click: Object: 'Object Repository/Final Object Repo/Page_Update Add New Employee - ASSIST/Save   Continue Supporting Doc Page' is clicked on

2018-12-07 01:24:32 - [MESSAGE][PASSED] - Object: 'Object Repository/Final Object Repo/Page_Update Add New Employee - ASSIST/Save   Continue Supporting Doc Page' is clicked on

2018-12-07 01:24:32 - [TEST_STEP][PASSED] - delay: Delayed 4 second(s)

2018-12-07 01:24:36 - [MESSAGE][PASSED] - Delayed 4 second(s)

2018-12-07 01:24:36 - [TEST_STEP][PASSED] - click: Object: 'Object Repository/Final Object Repo/Page_Update Add New Employee - ASSIST/Submit Button' is clicked on

2018-12-07 01:24:36 - [MESSAGE][PASSED] - Object: 'Object Repository/Final Object Repo/Page_Update Add New Employee - ASSIST/Submit Button' is clicked on

2018-12-07 01:24:36 - [TEST_STEP][PASSED] - delay: Delayed 4 second(s)

2018-12-07 01:24:40 - [MESSAGE][PASSED] - Delayed 4 second(s)

2018-12-07 01:24:40 - [TEST_STEP][PASSED] - click: Object: 'Object Repository/Final Object Repo/Page_Update Add New Employee - ASSIST/Confirm Submit Button' is clicked on

2018-12-07 01:24:40 - [MESSAGE][PASSED] - Object: 'Object Repository/Final Object Repo/Page_Update Add New Employee - ASSIST/Confirm Submit Button' is clicked on

2018-12-07 01:24:40 - [TEST_STEP][PASSED] - delay: Delayed 20 second(s)

2018-12-07 01:25:00 - [MESSAGE][PASSED] - Delayed 20 second(s)

2018-12-07 01:25:00 - [TEST_STEP][PASSED] - callTestCase: Call Test Case 'Test Cases/Final Aug 2018 - PKS Automation/Common/Screenshoting tool' successfully

2018-12-07 01:25:00 - [TEST_CASE][PASSED] - Test Cases/Final Aug 2018 - PKS Automation/Common/Screenshoting tool: Test Cases/Final Aug 2018 - PKS Automation/Common/Screenshoting tool

2018-12-07 01:25:00 - [TEST_STEP][PASSED] - delay: Delayed 15 second(s)

2018-12-07 01:25:15 - [MESSAGE][PASSED] - Delayed 15 second(s)

2018-12-07 01:25:15 - [TEST_STEP][PASSED] - Statement - driver = com.kms.katalon.core.webui.driver.DriverFactory.getWebDriver(): null

2018-12-07 01:25:15 - [TEST_STEP][PASSED] - Statement - driver.manage().timeouts().implicitlyWait(10, SECONDS): null

2018-12-07 01:25:15 - [TEST_STEP][PASSED] - Statement - PresavePath = KatalonScreenshots: null

2018-12-07 01:25:15 - [TEST_STEP][PASSED] - Statement - pathPrefix = "C:\Users\Public\Pictures\Sample Pictures\Katalon Screenshots\Automate Ending Screen": null

2018-12-07 01:25:15 - [TEST_STEP][PASSED] - Statement - finalPath = <not implemented yet for class: org.codehaus.groovy.ast.expr.EmptyExpression>: null

2018-12-07 01:25:15 - [TEST_STEP][PASSED] - Statement - scrFile = driver.getScreenshotAs(FILE): null

2018-12-07 01:25:15 - [TEST_STEP][PASSED] - Statement - PreSaveFile = new java.io.File(PresavePath): null

2018-12-07 01:25:15 - [TEST_STEP][PASSED] - Statement - counter = 0: null

2018-12-07 01:25:15 - [TEST_STEP][PASSED] - Statement - If (PreSaveFile.exists()): null

2018-12-07 01:25:15 - [TEST_STEP][PASSED] - Statement - While (PreSaveFile.exists()): null

2018-12-07 01:25:15 - [TEST_STEP][PASSED] - Statement - counter = counter + 1: null

2018-12-07 01:25:15 - [TEST_STEP][PASSED] - Statement - PreSaveFile = new java.io.File(((pathPrefix + java.lang.Integer.toString(counter)) + .png)): null

2018-12-07 01:25:15 - [TEST_STEP][PASSED] - Statement - counter = counter + 1: null

2018-12-07 01:25:15 - [TEST_STEP][PASSED] - Statement - PreSaveFile = new java.io.File(((pathPrefix + java.lang.Integer.toString(counter)) + .png)): null

2018-12-07 01:25:15 - [TEST_STEP][PASSED] - Statement - counter = counter + 1: null

2018-12-07 01:25:15 - [TEST_STEP][PASSED] - Statement - PreSaveFile = new java.io.File(((pathPrefix + java.lang.Integer.toString(counter)) + .png)): null

2018-12-07 01:25:15 - [TEST_STEP][PASSED] - Statement - counter = counter + 1: null

2018-12-07 01:25:15 - [TEST_STEP][PASSED] - Statement - PreSaveFile = new java.io.File(((pathPrefix + java.lang.Integer.toString(counter)) + .png)): null

2018-12-07 01:25:15 - [TEST_STEP][PASSED] - Statement - counter = counter + 1: null

2018-12-07 01:25:15 - [TEST_STEP][PASSED] - Statement - PreSaveFile = new java.io.File(((pathPrefix + java.lang.Integer.toString(counter)) + .png)): null

2018-12-07 01:25:15 - [TEST_STEP][PASSED] - Statement - counter = counter + 1: null

2018-12-07 01:25:15 - [TEST_STEP][PASSED] - Statement - PreSaveFile = new java.io.File(((pathPrefix + java.lang.Integer.toString(counter)) + .png)): null

2018-12-07 01:25:15 - [TEST_STEP][PASSED] - Statement - counter = counter + 1: null

2018-12-07 01:25:15 - [TEST_STEP][PASSED] - Statement - PreSaveFile = new java.io.File(((pathPrefix + java.lang.Integer.toString(counter)) + .png)): null

2018-12-07 01:25:15 - [TEST_STEP][PASSED] - Statement - counter = counter + 1: null

2018-12-07 01:25:15 - [TEST_STEP][PASSED] - Statement - PreSaveFile = new java.io.File(((pathPrefix + java.lang.Integer.toString(counter)) + .png)): null

2018-12-07 01:25:15 - [TEST_STEP][PASSED] - Statement - counter = counter + 1: null

2018-12-07 01:25:15 - [TEST_STEP][PASSED] - Statement - PreSaveFile = new java.io.File(((pathPrefix + java.lang.Integer.toString(counter)) + .png)): null

2018-12-07 01:25:15 - [TEST_STEP][PASSED] - Statement - counter = counter + 1: null

2018-12-07 01:25:15 - [TEST_STEP][PASSED] - Statement - PreSaveFile = new java.io.File(((pathPrefix + java.lang.Integer.toString(counter)) + .png)): null

2018-12-07 01:25:15 - [TEST_STEP][PASSED] - Statement - counter = counter + 1: null

2018-12-07 01:25:15 - [TEST_STEP][PASSED] - Statement - PreSaveFile = new java.io.File(((pathPrefix + java.lang.Integer.toString(counter)) + .png)): null

2018-12-07 01:25:15 - [TEST_STEP][PASSED] - Statement - counter = counter + 1: null

2018-12-07 01:25:15 - [TEST_STEP][PASSED] - Statement - PreSaveFile = new java.io.File(((pathPrefix + java.lang.Integer.toString(counter)) + .png)): null

2018-12-07 01:25:15 - [TEST_STEP][PASSED] - Statement - counter = counter + 1: null

2018-12-07 01:25:15 - [TEST_STEP][PASSED] - Statement - PreSaveFile = new java.io.File(((pathPrefix + java.lang.Integer.toString(counter)) + .png)): null

2018-12-07 01:25:15 - [TEST_STEP][PASSED] - Statement - counter = counter + 1: null

2018-12-07 01:25:15 - [TEST_STEP][PASSED] - Statement - PreSaveFile = new java.io.File(((pathPrefix + java.lang.Integer.toString(counter)) + .png)): null

2018-12-07 01:25:15 - [TEST_STEP][PASSED] - Statement - counter = counter + 1: null

2018-12-07 01:25:15 - [TEST_STEP][PASSED] - Statement - PreSaveFile = new java.io.File(((pathPrefix + java.lang.Integer.toString(counter)) + .png)): null

2018-12-07 01:25:15 - [TEST_STEP][PASSED] - Statement - counter = counter + 1: null

2018-12-07 01:25:15 - [TEST_STEP][PASSED] - Statement - PreSaveFile = new java.io.File(((pathPrefix + java.lang.Integer.toString(counter)) + .png)): null

2018-12-07 01:25:15 - [TEST_STEP][PASSED] - Statement - counter = counter + 1: null

2018-12-07 01:25:15 - [TEST_STEP][PASSED] - Statement - PreSaveFile = new java.io.File(((pathPrefix + java.lang.Integer.toString(counter)) + .png)): null

2018-12-07 01:25:15 - [TEST_STEP][PASSED] - Statement - counter = counter + 1: null

2018-12-07 01:25:15 - [TEST_STEP][PASSED] - Statement - PreSaveFile = new java.io.File(((pathPrefix + java.lang.Integer.toString(counter)) + .png)): null

2018-12-07 01:25:15 - [TEST_STEP][PASSED] - Statement - counter = counter + 1: null

2018-12-07 01:25:15 - [TEST_STEP][PASSED] - Statement - PreSaveFile = new java.io.File(((pathPrefix + java.lang.Integer.toString(counter)) + .png)): null

2018-12-07 01:25:15 - [TEST_STEP][PASSED] - Statement - counter = counter + 1: null

2018-12-07 01:25:15 - [TEST_STEP][PASSED] - Statement - PreSaveFile = new java.io.File(((pathPrefix + java.lang.Integer.toString(counter)) + .png)): null

2018-12-07 01:25:15 - [TEST_STEP][PASSED] - Statement - counter = counter + 1: null

2018-12-07 01:25:15 - [TEST_STEP][PASSED] - Statement - PreSaveFile = new java.io.File(((pathPrefix + java.lang.Integer.toString(counter)) + .png)): null

2018-12-07 01:25:15 - [TEST_STEP][PASSED] - Statement - counter = counter + 1: null

2018-12-07 01:25:15 - [TEST_STEP][PASSED] - Statement - PreSaveFile = new java.io.File(((pathPrefix + java.lang.Integer.toString(counter)) + .png)): null

2018-12-07 01:25:15 - [TEST_STEP][PASSED] - Statement - counter = counter + 1: null

2018-12-07 01:25:15 - [TEST_STEP][PASSED] - Statement - PreSaveFile = new java.io.File(((pathPrefix + java.lang.Integer.toString(counter)) + .png)): null

2018-12-07 01:25:15 - [TEST_STEP][PASSED] - Statement - counter = counter + 1: null

2018-12-07 01:25:15 - [TEST_STEP][PASSED] - Statement - PreSaveFile = new java.io.File(((pathPrefix + java.lang.Integer.toString(counter)) + .png)): null

2018-12-07 01:25:15 - [TEST_STEP][PASSED] - Statement - counter = counter + 1: null

2018-12-07 01:25:15 - [TEST_STEP][PASSED] - Statement - PreSaveFile = new java.io.File(((pathPrefix + java.lang.Integer.toString(counter)) + .png)): null

2018-12-07 01:25:15 - [TEST_STEP][PASSED] - Statement - counter = counter + 1: null

2018-12-07 01:25:15 - [TEST_STEP][PASSED] - Statement - PreSaveFile = new java.io.File(((pathPrefix + java.lang.Integer.toString(counter)) + .png)): null

2018-12-07 01:25:15 - [TEST_STEP][PASSED] - Statement - counter = counter + 1: null

2018-12-07 01:25:15 - [TEST_STEP][PASSED] - Statement - PreSaveFile = new java.io.File(((pathPrefix + java.lang.Integer.toString(counter)) + .png)): null

2018-12-07 01:25:15 - [TEST_STEP][PASSED] - Statement - counter = counter + 1: null

2018-12-07 01:25:15 - [TEST_STEP][PASSED] - Statement - PreSaveFile = new java.io.File(((pathPrefix + java.lang.Integer.toString(counter)) + .png)): null

2018-12-07 01:25:15 - [TEST_STEP][PASSED] - Statement - counter = counter + 1: null

2018-12-07 01:25:15 - [TEST_STEP][PASSED] - Statement - PreSaveFile = new java.io.File(((pathPrefix + java.lang.Integer.toString(counter)) + .png)): null

2018-12-07 01:25:15 - [TEST_STEP][PASSED] - Statement - counter = counter + 1: null

2018-12-07 01:25:15 - [TEST_STEP][PASSED] - Statement - PreSaveFile = new java.io.File(((pathPrefix + java.lang.Integer.toString(counter)) + .png)): null

2018-12-07 01:25:15 - [TEST_STEP][PASSED] - Statement - counter = counter + 1: null

2018-12-07 01:25:15 - [TEST_STEP][PASSED] - Statement - PreSaveFile = new java.io.File(((pathPrefix + java.lang.Integer.toString(counter)) + .png)): null

2018-12-07 01:25:15 - [TEST_STEP][PASSED] - Statement - counter = counter + 1: null

2018-12-07 01:25:15 - [TEST_STEP][PASSED] - Statement - PreSaveFile = new java.io.File(((pathPrefix + java.lang.Integer.toString(counter)) + .png)): null

2018-12-07 01:25:15 - [TEST_STEP][PASSED] - Statement - counter = counter + 1: null

2018-12-07 01:25:15 - [TEST_STEP][PASSED] - Statement - PreSaveFile = new java.io.File(((pathPrefix + java.lang.Integer.toString(counter)) + .png)): null

2018-12-07 01:25:15 - [TEST_STEP][PASSED] - Statement - counter = counter + 1: null

2018-12-07 01:25:15 - [TEST_STEP][PASSED] - Statement - PreSaveFile = new java.io.File(((pathPrefix + java.lang.Integer.toString(counter)) + .png)): null

2018-12-07 01:25:15 - [TEST_STEP][PASSED] - Statement - counter = counter + 1: null

2018-12-07 01:25:15 - [TEST_STEP][PASSED] - Statement - PreSaveFile = new java.io.File(((pathPrefix + java.lang.Integer.toString(counter)) + .png)): null

2018-12-07 01:25:15 - [TEST_STEP][PASSED] - Statement - counter = counter + 1: null

2018-12-07 01:25:15 - [TEST_STEP][PASSED] - Statement - PreSaveFile = new java.io.File(((pathPrefix + java.lang.Integer.toString(counter)) + .png)): null

2018-12-07 01:25:15 - [TEST_STEP][PASSED] - Statement - counter = counter + 1: null

2018-12-07 01:25:15 - [TEST_STEP][PASSED] - Statement - PreSaveFile = new java.io.File(((pathPrefix + java.lang.Integer.toString(counter)) + .png)): null

2018-12-07 01:25:15 - [TEST_STEP][PASSED] - Statement - counter = counter + 1: null

2018-12-07 01:25:15 - [TEST_STEP][PASSED] - Statement - PreSaveFile = new java.io.File(((pathPrefix + java.lang.Integer.toString(counter)) + .png)): null

2018-12-07 01:25:15 - [TEST_STEP][PASSED] - Statement - counter = counter + 1: null

2018-12-07 01:25:15 - [TEST_STEP][PASSED] - Statement - PreSaveFile = new java.io.File(((pathPrefix + java.lang.Integer.toString(counter)) + .png)): null

2018-12-07 01:25:15 - [TEST_STEP][PASSED] - Statement - counter = counter + 1: null

2018-12-07 01:25:15 - [TEST_STEP][PASSED] - Statement - PreSaveFile = new java.io.File(((pathPrefix + java.lang.Integer.toString(counter)) + .png)): null

2018-12-07 01:25:15 - [TEST_STEP][PASSED] - Statement - counter = counter + 1: null

2018-12-07 01:25:15 - [TEST_STEP][PASSED] - Statement - PreSaveFile = new java.io.File(((pathPrefix + java.lang.Integer.toString(counter)) + .png)): null

2018-12-07 01:25:15 - [TEST_STEP][PASSED] - Statement - counter = counter + 1: null

2018-12-07 01:25:15 - [TEST_STEP][PASSED] - Statement - PreSaveFile = new java.io.File(((pathPrefix + java.lang.Integer.toString(counter)) + .png)): null

2018-12-07 01:25:15 - [TEST_STEP][PASSED] - Statement - counter = counter + 1: null

2018-12-07 01:25:15 - [TEST_STEP][PASSED] - Statement - PreSaveFile = new java.io.File(((pathPrefix + java.lang.Integer.toString(counter)) + .png)): null

2018-12-07 01:25:15 - [TEST_STEP][PASSED] - Statement - counter = counter + 1: null

2018-12-07 01:25:15 - [TEST_STEP][PASSED] - Statement - PreSaveFile = new java.io.File(((pathPrefix + java.lang.Integer.toString(counter)) + .png)): null

2018-12-07 01:25:15 - [TEST_STEP][PASSED] - Statement - counter = counter + 1: null

2018-12-07 01:25:15 - [TEST_STEP][PASSED] - Statement - PreSaveFile = new java.io.File(((pathPrefix + java.lang.Integer.toString(counter)) + .png)): null

2018-12-07 01:25:15 - [TEST_STEP][PASSED] - Statement - counter = counter + 1: null

2018-12-07 01:25:15 - [TEST_STEP][PASSED] - Statement - PreSaveFile = new java.io.File(((pathPrefix + java.lang.Integer.toString(counter)) + .png)): null

2018-12-07 01:25:15 - [TEST_STEP][PASSED] - Statement - counter = counter + 1: null

2018-12-07 01:25:15 - [TEST_STEP][PASSED] - Statement - PreSaveFile = new java.io.File(((pathPrefix + java.lang.Integer.toString(counter)) + .png)): null

2018-12-07 01:25:15 - [TEST_STEP][PASSED] - Statement - counter = counter + 1: null

2018-12-07 01:25:15 - [TEST_STEP][PASSED] - Statement - PreSaveFile = new java.io.File(((pathPrefix + java.lang.Integer.toString(counter)) + .png)): null

2018-12-07 01:25:15 - [TEST_STEP][PASSED] - Statement - counter = counter + 1: null

2018-12-07 01:25:15 - [TEST_STEP][PASSED] - Statement - PreSaveFile = new java.io.File(((pathPrefix + java.lang.Integer.toString(counter)) + .png)): null

2018-12-07 01:25:15 - [TEST_STEP][PASSED] - Statement - counter = counter + 1: null

2018-12-07 01:25:15 - [TEST_STEP][PASSED] - Statement - PreSaveFile = new java.io.File(((pathPrefix + java.lang.Integer.toString(counter)) + .png)): null

2018-12-07 01:25:15 - [TEST_STEP][PASSED] - Statement - counter = counter + 1: null

2018-12-07 01:25:15 - [TEST_STEP][PASSED] - Statement - PreSaveFile = new java.io.File(((pathPrefix + java.lang.Integer.toString(counter)) + .png)): null

2018-12-07 01:25:15 - [TEST_STEP][PASSED] - Statement - counter = counter + 1: null

2018-12-07 01:25:15 - [TEST_STEP][PASSED] - Statement - PreSaveFile = new java.io.File(((pathPrefix + java.lang.Integer.toString(counter)) + .png)): null

2018-12-07 01:25:15 - [TEST_STEP][PASSED] - Statement - counter = counter + 1: null

2018-12-07 01:25:15 - [TEST_STEP][PASSED] - Statement - PreSaveFile = new java.io.File(((pathPrefix + java.lang.Integer.toString(counter)) + .png)): null

2018-12-07 01:25:15 - [TEST_STEP][PASSED] - Statement - counter = counter + 1: null

2018-12-07 01:25:15 - [TEST_STEP][PASSED] - Statement - PreSaveFile = new java.io.File(((pathPrefix + java.lang.Integer.toString(counter)) + .png)): null

2018-12-07 01:25:15 - [TEST_STEP][PASSED] - Statement - counter = counter + 1: null

2018-12-07 01:25:15 - [TEST_STEP][PASSED] - Statement - PreSaveFile = new java.io.File(((pathPrefix + java.lang.Integer.toString(counter)) + .png)): null

2018-12-07 01:25:15 - [TEST_STEP][PASSED] - Statement - counter = counter + 1: null

2018-12-07 01:25:15 - [TEST_STEP][PASSED] - Statement - PreSaveFile = new java.io.File(((pathPrefix + java.lang.Integer.toString(counter)) + .png)): null

2018-12-07 01:25:15 - [TEST_STEP][PASSED] - Statement - counter = counter + 1: null

2018-12-07 01:25:15 - [TEST_STEP][PASSED] - Statement - PreSaveFile = new java.io.File(((pathPrefix + java.lang.Integer.toString(counter)) + .png)): null

2018-12-07 01:25:15 - [TEST_STEP][PASSED] - Statement - counter = counter + 1: null

2018-12-07 01:25:15 - [TEST_STEP][PASSED] - Statement - PreSaveFile = new java.io.File(((pathPrefix + java.lang.Integer.toString(counter)) + .png)): null

2018-12-07 01:25:15 - [TEST_STEP][PASSED] - Statement - counter = counter + 1: null

2018-12-07 01:25:15 - [TEST_STEP][PASSED] - Statement - PreSaveFile = new java.io.File(((pathPrefix + java.lang.Integer.toString(counter)) + .png)): null

2018-12-07 01:25:15 - [TEST_STEP][PASSED] - Statement - counter = counter + 1: null

2018-12-07 01:25:15 - [TEST_STEP][PASSED] - Statement - PreSaveFile = new java.io.File(((pathPrefix + java.lang.Integer.toString(counter)) + .png)): null

2018-12-07 01:25:15 - [TEST_STEP][PASSED] - Statement - counter = counter + 1: null

2018-12-07 01:25:15 - [TEST_STEP][PASSED] - Statement - PreSaveFile = new java.io.File(((pathPrefix + java.lang.Integer.toString(counter)) + .png)): null

2018-12-07 01:25:15 - [TEST_STEP][PASSED] - Statement - counter = counter + 1: null

2018-12-07 01:25:15 - [TEST_STEP][PASSED] - Statement - PreSaveFile = new java.io.File(((pathPrefix + java.lang.Integer.toString(counter)) + .png)): null

2018-12-07 01:25:15 - [TEST_STEP][PASSED] - Statement - counter = counter + 1: null

2018-12-07 01:25:15 - [TEST_STEP][PASSED] - Statement - PreSaveFile = new java.io.File(((pathPrefix + java.lang.Integer.toString(counter)) + .png)): null

2018-12-07 01:25:15 - [TEST_STEP][PASSED] - Statement - counter = counter + 1: null

2018-12-07 01:25:15 - [TEST_STEP][PASSED] - Statement - PreSaveFile = new java.io.File(((pathPrefix + java.lang.Integer.toString(counter)) + .png)): null

2018-12-07 01:25:15 - [TEST_STEP][PASSED] - Statement - counter = counter + 1: null

2018-12-07 01:25:15 - [TEST_STEP][PASSED] - Statement - PreSaveFile = new java.io.File(((pathPrefix + java.lang.Integer.toString(counter)) + .png)): null

2018-12-07 01:25:15 - [TEST_STEP][PASSED] - Statement - counter = counter + 1: null

2018-12-07 01:25:15 - [TEST_STEP][PASSED] - Statement - PreSaveFile = new java.io.File(((pathPrefix + java.lang.Integer.toString(counter)) + .png)): null

2018-12-07 01:25:16 - [TEST_STEP][PASSED] - Statement - counter = counter + 1: null

2018-12-07 01:25:16 - [TEST_STEP][PASSED] - Statement - PreSaveFile = new java.io.File(((pathPrefix + java.lang.Integer.toString(counter)) + .png)): null

2018-12-07 01:25:16 - [TEST_STEP][PASSED] - Statement - counter = counter + 1: null

2018-12-07 01:25:16 - [TEST_STEP][PASSED] - Statement - PreSaveFile = new java.io.File(((pathPrefix + java.lang.Integer.toString(counter)) + .png)): null

2018-12-07 01:25:16 - [TEST_STEP][PASSED] - Statement - counter = counter + 1: null

2018-12-07 01:25:16 - [TEST_STEP][PASSED] - Statement - PreSaveFile = new java.io.File(((pathPrefix + java.lang.Integer.toString(counter)) + .png)): null

2018-12-07 01:25:16 - [TEST_STEP][PASSED] - Statement - counter = counter + 1: null

2018-12-07 01:25:16 - [TEST_STEP][PASSED] - Statement - PreSaveFile = new java.io.File(((pathPrefix + java.lang.Integer.toString(counter)) + .png)): null

2018-12-07 01:25:16 - [TEST_STEP][PASSED] - Statement - counter = counter + 1: null

2018-12-07 01:25:16 - [TEST_STEP][PASSED] - Statement - PreSaveFile = new java.io.File(((pathPrefix + java.lang.Integer.toString(counter)) + .png)): null

2018-12-07 01:25:16 - [TEST_STEP][PASSED] - Statement - counter = counter + 1: null

2018-12-07 01:25:16 - [TEST_STEP][PASSED] - Statement - PreSaveFile = new java.io.File(((pathPrefix + java.lang.Integer.toString(counter)) + .png)): null

2018-12-07 01:25:16 - [TEST_STEP][PASSED] - Statement - counter = counter + 1: null

2018-12-07 01:25:16 - [TEST_STEP][PASSED] - Statement - PreSaveFile = new java.io.File(((pathPrefix + java.lang.Integer.toString(counter)) + .png)): null

2018-12-07 01:25:16 - [TEST_STEP][PASSED] - Statement - counter = counter + 1: null

2018-12-07 01:25:16 - [TEST_STEP][PASSED] - Statement - PreSaveFile = new java.io.File(((pathPrefix + java.lang.Integer.toString(counter)) + .png)): null

2018-12-07 01:25:16 - [TEST_STEP][PASSED] - Statement - counter = counter + 1: null

2018-12-07 01:25:16 - [TEST_STEP][PASSED] - Statement - PreSaveFile = new java.io.File(((pathPrefix + java.lang.Integer.toString(counter)) + .png)): null

2018-12-07 01:25:16 - [TEST_STEP][PASSED] - Statement - counter = counter + 1: null

2018-12-07 01:25:16 - [TEST_STEP][PASSED] - Statement - PreSaveFile = new java.io.File(((pathPrefix + java.lang.Integer.toString(counter)) + .png)): null

2018-12-07 01:25:16 - [TEST_STEP][PASSED] - Statement - counter = counter + 1: null

2018-12-07 01:25:16 - [TEST_STEP][PASSED] - Statement - PreSaveFile = new java.io.File(((pathPrefix + java.lang.Integer.toString(counter)) + .png)): null

2018-12-07 01:25:16 - [TEST_STEP][PASSED] - Statement - counter = counter + 1: null

2018-12-07 01:25:16 - [TEST_STEP][PASSED] - Statement - PreSaveFile = new java.io.File(((pathPrefix + java.lang.Integer.toString(counter)) + .png)): null

2018-12-07 01:25:16 - [TEST_STEP][PASSED] - Statement - counter = counter + 1: null

2018-12-07 01:25:16 - [TEST_STEP][PASSED] - Statement - PreSaveFile = new java.io.File(((pathPrefix + java.lang.Integer.toString(counter)) + .png)): null

2018-12-07 01:25:16 - [TEST_STEP][PASSED] - Statement - counter = counter + 1: null

2018-12-07 01:25:16 - [TEST_STEP][PASSED] - Statement - PreSaveFile = new java.io.File(((pathPrefix + java.lang.Integer.toString(counter)) + .png)): null

2018-12-07 01:25:16 - [TEST_STEP][PASSED] - Statement - counter = counter + 1: null

2018-12-07 01:25:16 - [TEST_STEP][PASSED] - Statement - PreSaveFile = new java.io.File(((pathPrefix + java.lang.Integer.toString(counter)) + .png)): null

2018-12-07 01:25:16 - [TEST_STEP][PASSED] - Statement - counter = counter + 1: null

2018-12-07 01:25:16 - [TEST_STEP][PASSED] - Statement - PreSaveFile = new java.io.File(((pathPrefix + java.lang.Integer.toString(counter)) + .png)): null

2018-12-07 01:25:16 - [TEST_STEP][PASSED] - Statement - counter = counter + 1: null

2018-12-07 01:25:16 - [TEST_STEP][PASSED] - Statement - PreSaveFile = new java.io.File(((pathPrefix + java.lang.Integer.toString(counter)) + .png)): null

2018-12-07 01:25:16 - [TEST_STEP][PASSED] - Statement - counter = counter + 1: null

2018-12-07 01:25:16 - [TEST_STEP][PASSED] - Statement - PreSaveFile = new java.io.File(((pathPrefix + java.lang.Integer.toString(counter)) + .png)): null

2018-12-07 01:25:16 - [TEST_STEP][PASSED] - Statement - counter = counter + 1: null

2018-12-07 01:25:16 - [TEST_STEP][PASSED] - Statement - PreSaveFile = new java.io.File(((pathPrefix + java.lang.Integer.toString(counter)) + .png)): null

2018-12-07 01:25:16 - [TEST_STEP][PASSED] - Statement - finalPath = pathPrefix + java.lang.Integer.toString(counter) + ".png": null

2018-12-07 01:25:16 - [TEST_STEP][PASSED] - Statement - SaveFile = new java.io.File(finalPath): null

2018-12-07 01:25:16 - [TEST_STEP][PASSED] - Statement - Try: null

2018-12-07 01:25:16 - [TEST_STEP][PASSED] - Statement - org.apache.commons.io.FileUtils.copyFile(scrFile, SaveFile): null

2018-12-07 01:25:16 - [TEST_STEP][PASSED] - Statement - out.println("file kept"): null

2018-12-07 01:25:16 - [TEST_STEP][PASSED] - delay: Delayed 10 second(s)

2018-12-07 01:25:26 - [MESSAGE][PASSED] - Delayed 10 second(s)

2018-12-07 01:25:26 - [MESSAGE][PASSED] - Call Test Case 'Test Cases/Final Aug 2018 - PKS Automation/Common/Screenshoting tool' successfully

2018-12-07 01:25:26 - [TEST_STEP][PASSED] - callTestCase: Call Test Case 'Test Cases/Final Aug 2018 - PKS Automation/Registration Module/Log Out/log out avoiding katalon tagging' successfully

2018-12-07 01:25:26 - [TEST_CASE][PASSED] - Test Cases/Final Aug 2018 - PKS Automation/Registration Module/Log Out/log out avoiding katalon tagging: Test Cases/Final Aug 2018 - PKS Automation/Registration Module/Log Out/log out avoiding katalon tagging

2018-12-07 01:25:26 - [TEST_STEP][PASSED] - navigateToUrl: Navigate to 'https://assist2-uat.perkeso.gov.my/c/portal/logout' successfully

2018-12-07 01:25:26 - [MESSAGE][PASSED] - Navigate to 'https://assist2-uat.perkeso.gov.my/c/portal/logout' successfully

2018-12-07 01:25:26 - [MESSAGE][PASSED] - Call Test Case 'Test Cases/Final Aug 2018 - PKS Automation/Registration Module/Log Out/log out avoiding katalon tagging' successfully

2018-12-07 01:25:26 - [TEST_STEP][PASSED] - callTestCase: Call Test Case 'Test Cases/Final Aug 2018 - PKS Automation/Common/Workflow Owner Finder' successfully

2018-12-07 01:25:27 - [TEST_CASE][PASSED] - Test Cases/Final Aug 2018 - PKS Automation/Common/Workflow Owner Finder: Test Cases/Final Aug 2018 - PKS Automation/Common/Workflow Owner Finder

2018-12-07 01:25:27 - [TEST_STEP][PASSED] - openBrowser: Browser is opened with url: ''

2018-12-07 01:25:27 - [MESSAGE][WARNING] - A browser is already opened. Closing browser and opening a new one

2018-12-07 01:25:30 - [MESSAGE][PASSED] - Browser is opened with url: ''

2018-12-07 01:25:30 - [TEST_STEP][PASSED] - navigateToUrl: Navigate to 'https://assist2-uat.perkeso.gov.my/login' successfully

2018-12-07 01:25:31 - [MESSAGE][PASSED] - Navigate to 'https://assist2-uat.perkeso.gov.my/login' successfully

2018-12-07 01:25:31 - [TEST_STEP][PASSED] - delay: Delayed 5 second(s)

2018-12-07 01:25:36 - [MESSAGE][PASSED] - Delayed 5 second(s)

2018-12-07 01:25:36 - [TEST_STEP][PASSED] - setText: Text 'test@liferay.com' is set on object 'Object Repository/Final Object Repo/Login Page/Internal User/Email Address'

2018-12-07 01:25:37 - [MESSAGE][PASSED] - Text 'test@liferay.com' is set on object 'Object Repository/Final Object Repo/Login Page/Internal User/Email Address'

2018-12-07 01:25:37 - [TEST_STEP][PASSED] - click: Object: 'Object Repository/Final Object Repo/Login Page/Internal User/Next Button' is clicked on

2018-12-07 01:25:37 - [MESSAGE][PASSED] - Object: 'Object Repository/Final Object Repo/Login Page/Internal User/Next Button' is clicked on

2018-12-07 01:25:37 - [TEST_STEP][PASSED] - delay: Delayed 2 second(s)

2018-12-07 01:25:39 - [MESSAGE][PASSED] - Delayed 2 second(s)

2018-12-07 01:25:39 - [TEST_STEP][PASSED] - setText: Text 'test' is set on object 'Object Repository/Final Object Repo/Login Page/Internal User/Password'

2018-12-07 01:25:39 - [MESSAGE][PASSED] - Text 'test' is set on object 'Object Repository/Final Object Repo/Login Page/Internal User/Password'

2018-12-07 01:25:39 - [TEST_STEP][PASSED] - delay: Delayed 2 second(s)

2018-12-07 01:25:41 - [MESSAGE][PASSED] - Delayed 2 second(s)

2018-12-07 01:25:41 - [TEST_STEP][PASSED] - click: Object: 'Object Repository/Final Object Repo/Login Page/Internal User/Login Button' is clicked on

2018-12-07 01:25:41 - [MESSAGE][PASSED] - Object: 'Object Repository/Final Object Repo/Login Page/Internal User/Login Button' is clicked on

2018-12-07 01:25:41 - [TEST_STEP][PASSED] - Statement - tester = com.kms.katalon.core.testobject.ObjectRepository.findTestObject(Final Object Repo/Landing Page/Select to English): Finding Test Object with id 'Object Repository/Final Object Repo/Landing Page/Select to English'

2018-12-07 01:25:41 - [TEST_STEP][PASSED] - Statement - Try: Delayed 2 second(s)

2018-12-07 01:25:41 - [TEST_STEP][PASSED] - Statement - Checker = com.kms.katalon.core.webui.keyword.WebUiBuiltInKeywords.verifyElementNotPresent(tester, 3): Web element with id: 'Object Repository/Final Object Repo/Landing Page/Select to English' located by 'By.xpath: //a[@class = 'taglib-language-list-text' and @lang = 'en-US' and (contains(text(), 'EN') or contains(., 'EN'))]' is not present after '3' second(s)

2018-12-07 01:25:44 - [MESSAGE][PASSED] - Web element with id: 'Object Repository/Final Object Repo/Landing Page/Select to English' located by 'By.xpath: //a[@class = 'taglib-language-list-text' and @lang = 'en-US' and (contains(text(), 'EN') or contains(., 'EN'))]' is not present after '3' second(s)

2018-12-07 01:25:44 - [TEST_STEP][PASSED] - Statement - If (Checker == false): null

2018-12-07 01:25:44 - [TEST_STEP][PASSED] - delay: Delayed 2 second(s)

2018-12-07 01:25:46 - [MESSAGE][PASSED] - Delayed 2 second(s)

2018-12-07 01:25:46 - [TEST_STEP][PASSED] - delay: Delayed 5 second(s)

2018-12-07 01:25:51 - [MESSAGE][PASSED] - Delayed 5 second(s)

2018-12-07 01:25:51 - [TEST_STEP][PASSED] - mouseOver: Object: 'Object Repository/Final Object Repo/Landing Page/WorkFlow Menu' is hovered

2018-12-07 01:25:51 - [MESSAGE][PASSED] - Object: 'Object Repository/Final Object Repo/Landing Page/WorkFlow Menu' is hovered

2018-12-07 01:25:51 - [TEST_STEP][PASSED] - delay: Delayed 2 second(s)

2018-12-07 01:25:53 - [MESSAGE][PASSED] - Delayed 2 second(s)

2018-12-07 01:25:53 - [TEST_STEP][PASSED] - click: Object: 'Object Repository/Final Object Repo/Landing Page/Select to Workflow Listing' is clicked on

2018-12-07 01:25:54 - [MESSAGE][PASSED] - Object: 'Object Repository/Final Object Repo/Landing Page/Select to Workflow Listing' is clicked on

2018-12-07 01:25:54 - [TEST_STEP][PASSED] - delay: Delayed 2 second(s)

2018-12-07 01:25:56 - [MESSAGE][PASSED] - Delayed 2 second(s)

2018-12-07 01:25:56 - [TEST_STEP][PASSED] - click: Object: 'Object Repository/Final Object Repo/WorkFlow Listing Page/Search Information - To Put Ref No' is clicked on

2018-12-07 01:25:56 - [MESSAGE][PASSED] - Object: 'Object Repository/Final Object Repo/WorkFlow Listing Page/Search Information - To Put Ref No' is clicked on

2018-12-07 01:25:56 - [TEST_STEP][PASSED] - delay: Delayed 2 second(s)

2018-12-07 01:25:58 - [MESSAGE][PASSED] - Delayed 2 second(s)

2018-12-07 01:25:58 - [TEST_STEP][PASSED] - callTestCase: Call Test Case 'Test Cases/Final Aug 2018 - PKS Automation/Common/Reference Number Getter' successfully

2018-12-07 01:25:58 - [TEST_CASE][PASSED] - Test Cases/Final Aug 2018 - PKS Automation/Common/Reference Number Getter: Test Cases/Final Aug 2018 - PKS Automation/Common/Reference Number Getter

2018-12-07 01:25:58 - [TEST_STEP][PASSED] - Statement - Try: null

2018-12-07 01:25:58 - [TEST_STEP][PASSED] - Statement - RefNo = new java.io.File(C://Users//Admin//Desktop//PKS//Automation Reference Point//KatalonReference.txt): null

2018-12-07 01:25:58 - [TEST_STEP][PASSED] - Statement - bufferread = new java.io.BufferedReader(new java.io.FileReader(RefNo)): null

2018-12-07 01:25:58 - [TEST_STEP][PASSED] - Statement - readedVal = bufferread.readLine(): null

2018-12-07 01:25:58 - [TEST_STEP][PASSED] - Statement - out.println(CaseReferenceNo): null

2018-12-07 01:25:58 - [TEST_STEP][PASSED] - Statement - out.println(readedVal): null

2018-12-07 01:25:58 - [TEST_STEP][PASSED] - Statement - CaseReferenceNo = "": null

2018-12-07 01:25:58 - [TEST_STEP][PASSED] - Statement - CaseReferenceNo = readedVal: null

2018-12-07 01:25:58 - [MESSAGE][PASSED] - Call Test Case 'Test Cases/Final Aug 2018 - PKS Automation/Common/Reference Number Getter' successfully

2018-12-07 01:25:58 - [TEST_STEP][PASSED] - setText: Text 'CAN12201800002276' is set on object 'Object Repository/Final Object Repo/WorkFlow Listing Page/Ref No Set Text'

2018-12-07 01:25:59 - [MESSAGE][PASSED] - Text 'CAN12201800002276' is set on object 'Object Repository/Final Object Repo/WorkFlow Listing Page/Ref No Set Text'

2018-12-07 01:25:59 - [TEST_STEP][PASSED] - delay: Delayed 2 second(s)

2018-12-07 01:26:01 - [MESSAGE][PASSED] - Delayed 2 second(s)

2018-12-07 01:26:01 - [TEST_STEP][PASSED] - click: Object: 'Object Repository/Final Object Repo/WorkFlow Listing Page/Search Ref No Search Button' is clicked on

2018-12-07 01:26:01 - [MESSAGE][PASSED] - Object: 'Object Repository/Final Object Repo/WorkFlow Listing Page/Search Ref No Search Button' is clicked on

2018-12-07 01:26:01 - [TEST_STEP][PASSED] - delay: Delayed 6 second(s)

2018-12-07 01:26:07 - [MESSAGE][PASSED] - Delayed 6 second(s)

2018-12-07 01:26:07 - [TEST_STEP][PASSED] - click: Object: 'Object Repository/Final Object Repo/WorkFlow Listing Page/Click Continue Tooltip' is clicked on

2018-12-07 01:26:08 - [MESSAGE][PASSED] - Object: 'Object Repository/Final Object Repo/WorkFlow Listing Page/Click Continue Tooltip' is clicked on

2018-12-07 01:26:08 - [TEST_STEP][PASSED] - delay: Delayed 5 second(s)

2018-12-07 01:26:13 - [MESSAGE][PASSED] - Delayed 5 second(s)

2018-12-07 01:26:13 - [TEST_STEP][PASSED] - doubleClick: Object: 'Object Repository/Final Object Repo/WorkFlow Listing Page/Workflow Found - Listing 1' is double clicked on

2018-12-07 01:26:13 - [MESSAGE][PASSED] - Object: 'Object Repository/Final Object Repo/WorkFlow Listing Page/Workflow Found - Listing 1' is double clicked on

2018-12-07 01:26:13 - [TEST_STEP][PASSED] - Statement - println(OwnerID): null

2018-12-07 01:26:13 - [TEST_STEP][PASSED] - Statement - OwnerID = com.kms.katalon.core.webui.keyword.WebUiBuiltInKeywords.getText(com.kms.katalon.core.testobject.ObjectRepository.findTestObject(Final Object Repo/WorkFlow Listing Page/Workflow Found - Listing 1), STOP_ON_FAILURE): Text of object 'Object Repository/Final Object Repo/WorkFlow Listing Page/Workflow Found - Listing 1' is: 'JOHORro2'

2018-12-07 01:26:13 - [MESSAGE][PASSED] - Text of object 'Object Repository/Final Object Repo/WorkFlow Listing Page/Workflow Found - Listing 1' is: 'JOHORro2'

2018-12-07 01:26:13 - [TEST_STEP][PASSED] - Statement - OwnerID = OwnerID.toLowerCase() + "@gmail.com": null

2018-12-07 01:26:13 - [TEST_STEP][PASSED] - Statement - println(OwnerID): null

2018-12-07 01:26:13 - [TEST_STEP][PASSED] - delay: Delayed 2 second(s)

2018-12-07 01:26:15 - [MESSAGE][PASSED] - Delayed 2 second(s)

2018-12-07 01:26:15 - [MESSAGE][PASSED] - Call Test Case 'Test Cases/Final Aug 2018 - PKS Automation/Common/Workflow Owner Finder' successfully

2018-12-07 01:26:15 - [TEST_STEP][PASSED] - callTestCase: Call Test Case 'Test Cases/Final Aug 2018 - PKS Automation/Registration Module/Log Out/log out avoiding katalon tagging' successfully

2018-12-07 01:26:15 - [TEST_CASE][PASSED] - Test Cases/Final Aug 2018 - PKS Automation/Registration Module/Log Out/log out avoiding katalon tagging: Test Cases/Final Aug 2018 - PKS Automation/Registration Module/Log Out/log out avoiding katalon tagging

2018-12-07 01:26:15 - [TEST_STEP][PASSED] - navigateToUrl: Navigate to 'https://assist2-uat.perkeso.gov.my/c/portal/logout' successfully

2018-12-07 01:26:16 - [MESSAGE][PASSED] - Navigate to 'https://assist2-uat.perkeso.gov.my/c/portal/logout' successfully

2018-12-07 01:26:16 - [MESSAGE][PASSED] - Call Test Case 'Test Cases/Final Aug 2018 - PKS Automation/Registration Module/Log Out/log out avoiding katalon tagging' successfully

2018-12-07 01:26:16 - [TEST_STEP][PASSED] - delay: Delayed 2 second(s)

2018-12-07 01:26:18 - [MESSAGE][PASSED] - Delayed 2 second(s)

2018-12-07 01:26:18 - [TEST_STEP][PASSED] - setText: Text 'johorro2@gmail.com' is set on object 'Object Repository/Final Object Repo/Page_Update Add New Employee - ASSIST/Email TextBox'

2018-12-07 01:26:18 - [MESSAGE][PASSED] - Text 'johorro2@gmail.com' is set on object 'Object Repository/Final Object Repo/Page_Update Add New Employee - ASSIST/Email TextBox'

2018-12-07 01:26:18 - [TEST_STEP][PASSED] - click: Object: 'Object Repository/Final Object Repo/Page_Update Add New Employee - ASSIST/Next Button' is clicked on

2018-12-07 01:26:18 - [MESSAGE][PASSED] - Object: 'Object Repository/Final Object Repo/Page_Update Add New Employee - ASSIST/Next Button' is clicked on

2018-12-07 01:26:18 - [TEST_STEP][PASSED] - delay: Delayed 2 second(s)

2018-12-07 01:26:20 - [MESSAGE][PASSED] - Delayed 2 second(s)

2018-12-07 01:26:20 - [TEST_STEP][PASSED] - setText: Text 'Test1@3456789' is set on object 'Object Repository/Final Object Repo/Page_Update Add New Employee - ASSIST/Password TextBox'

2018-12-07 01:26:21 - [MESSAGE][PASSED] - Text 'Test1@3456789' is set on object 'Object Repository/Final Object Repo/Page_Update Add New Employee - ASSIST/Password TextBox'

2018-12-07 01:26:21 - [TEST_STEP][PASSED] - delay: Delayed 2 second(s)

2018-12-07 01:26:23 - [MESSAGE][PASSED] - Delayed 2 second(s)

2018-12-07 01:26:23 - [TEST_STEP][PASSED] - click: Object: 'Object Repository/Final Object Repo/Page_Update Add New Employee - ASSIST/Login Button' is clicked on

2018-12-07 01:26:23 - [MESSAGE][PASSED] - Object: 'Object Repository/Final Object Repo/Page_Update Add New Employee - ASSIST/Login Button' is clicked on

2018-12-07 01:26:23 - [TEST_STEP][PASSED] - delay: Delayed 4 second(s)

2018-12-07 01:26:27 - [MESSAGE][PASSED] - Delayed 4 second(s)

2018-12-07 01:26:27 - [TEST_STEP][PASSED] - Statement - Try: Delayed 2 second(s)

2018-12-07 01:26:27 - [TEST_STEP][PASSED] - Statement - Checker = false: null

2018-12-07 01:26:27 - [TEST_STEP][PASSED] - Statement - Checker = com.kms.katalon.core.webui.keyword.WebUiBuiltInKeywords.verifyElementHasAttribute(com.kms.katalon.core.testobject.ObjectRepository.findTestObject(Final Object Repo/Landing Page/BM Detecting), "href", 20, OPTIONAL): Object 'Object Repository/Final Object Repo/Landing Page/BM Detecting' has attribute 'href'

2018-12-07 01:26:27 - [MESSAGE][PASSED] - Object 'Object Repository/Final Object Repo/Landing Page/BM Detecting' has attribute 'href'

2018-12-07 01:26:27 - [TEST_STEP][PASSED] - Statement - out.println(Checker): null

2018-12-07 01:26:27 - [TEST_STEP][PASSED] - Statement - If (Checker == false): null

2018-12-07 01:26:27 - [TEST_STEP][PASSED] - Statement - Else: null

2018-12-07 01:26:27 - [TEST_STEP][PASSED] - delay: Delayed 2 second(s)

2018-12-07 01:26:29 - [MESSAGE][PASSED] - Delayed 2 second(s)

2018-12-07 01:26:29 - [TEST_STEP][PASSED] - delay: Delayed 4 second(s)

2018-12-07 01:26:33 - [MESSAGE][PASSED] - Delayed 4 second(s)

2018-12-07 01:26:33 - [TEST_STEP][PASSED] - click: Object: 'Object Repository/Final Object Repo/New Registration - Registration Module Pages/New Reg - OTC to RO/Special Case - All Related Objects/Expand to Search' is clicked on

2018-12-07 01:26:33 - [MESSAGE][PASSED] - Object: 'Object Repository/Final Object Repo/New Registration - Registration Module Pages/New Reg - OTC to RO/Special Case - All Related Objects/Expand to Search' is clicked on

2018-12-07 01:26:33 - [TEST_STEP][FAILED] - setText: Unable to set text 'CAN12201800002276' of object 'Object Repository/Final Object Repo/New Registration - Registration Module Pages/New Reg - OTC to RO/Special Case - All Related Objects/TextBox RefNo in Workbasket' (Root cause: org.openqa.selenium.ElementNotVisibleException: element not interactable
  (Session info: chrome=70.0.3538.110)
  (Driver info: chromedriver=2.43.600210 (68dcf5eebde37173d4027fa8635e332711d2874a),platform=Windows NT 6.1.7601 SP1 x86_64) (WARNING: The server did not provide any stacktrace information)
Command duration or timeout: 0 milliseconds
Build info: version: '3.7.1', revision: '8a0099a', time: '2017-11-06T21:07:36.161Z'
System info: host: 'WIN7TEST02', ip: '10.20.3.72', os.name: 'Windows 7', os.arch: 'amd64', os.version: '6.1', java.version: '1.8.0_181'
Driver info: com.kms.katalon.selenium.driver.CChromeDriver
Capabilities {acceptInsecureCerts: false, acceptSslCerts: false, applicationCacheEnabled: false, browserConnectionEnabled: false, browserName: chrome, chrome: {chromedriverVersion: 2.43.600210 (68dcf5eebde371..., userDataDir: C:\Users\Admin\AppData\Loca...}, cssSelectorsEnabled: true, databaseEnabled: false, goog:chromeOptions: {debuggerAddress: localhost:63661}, handlesAlerts: true, hasTouchScreen: false, javascriptEnabled: true, locationContextEnabled: true, mobileEmulationEnabled: false, nativeEvents: true, networkConnectionEnabled: false, pageLoadStrategy: normal, platform: XP, platformName: XP, rotatable: false, setWindowRect: true, takesHeapSnapshot: true, takesScreenshot: true, unexpectedAlertBehaviour: , unhandledPromptBehavior: , version: 70.0.3538.110, webStorageEnabled: true}
Session ID: 1a8df5ebbf55e883c109760b645dabc4)

2018-12-07 01:26:33 - [MESSAGE][FAILED] - Unable to set text 'CAN12201800002276' of object 'Object Repository/Final Object Repo/New Registration - Registration Module Pages/New Reg - OTC to RO/Special Case - All Related Objects/TextBox RefNo in Workbasket' (Root cause: org.openqa.selenium.ElementNotVisibleException: element not interactable
  (Session info: chrome=70.0.3538.110)
  (Driver info: chromedriver=2.43.600210 (68dcf5eebde37173d4027fa8635e332711d2874a),platform=Windows NT 6.1.7601 SP1 x86_64) (WARNING: The server did not provide any stacktrace information)
Command duration or timeout: 0 milliseconds
Build info: version: '3.7.1', revision: '8a0099a', time: '2017-11-06T21:07:36.161Z'
System info: host: 'WIN7TEST02', ip: '10.20.3.72', os.name: 'Windows 7', os.arch: 'amd64', os.version: '6.1', java.version: '1.8.0_181'
Driver info: com.kms.katalon.selenium.driver.CChromeDriver
Capabilities {acceptInsecureCerts: false, acceptSslCerts: false, applicationCacheEnabled: false, browserConnectionEnabled: false, browserName: chrome, chrome: {chromedriverVersion: 2.43.600210 (68dcf5eebde371..., userDataDir: C:\Users\Admin\AppData\Loca...}, cssSelectorsEnabled: true, databaseEnabled: false, goog:chromeOptions: {debuggerAddress: localhost:63661}, handlesAlerts: true, hasTouchScreen: false, javascriptEnabled: true, locationContextEnabled: true, mobileEmulationEnabled: false, nativeEvents: true, networkConnectionEnabled: false, pageLoadStrategy: normal, platform: XP, platformName: XP, rotatable: false, setWindowRect: true, takesHeapSnapshot: true, takesScreenshot: true, unexpectedAlertBehaviour: , unhandledPromptBehavior: , version: 70.0.3538.110, webStorageEnabled: true}
Session ID: 1a8df5ebbf55e883c109760b645dabc4)
[[ATTACHMENT|C:\\Users\\Admin\\Desktop\\PKS\\Perkeso Phase A\\Reports\\Workflow\\Update Add New Employee\\20181206_171415\\1544117193514.png]]

2018-12-07 01:26:33 - [TEST_STEP][PASSED] - delay: Delayed 2 second(s)

2018-12-07 01:26:35 - [MESSAGE][PASSED] - Delayed 2 second(s)

2018-12-07 01:26:35 - [TEST_STEP][PASSED] - click: Object: 'Object Repository/Final Object Repo/New Registration - Registration Module Pages/New Reg - OTC to RO/Special Case - All Related Objects/Click Search' is clicked on

2018-12-07 01:26:36 - [MESSAGE][PASSED] - Object: 'Object Repository/Final Object Repo/New Registration - Registration Module Pages/New Reg - OTC to RO/Special Case - All Related Objects/Click Search' is clicked on

2018-12-07 01:26:36 - [TEST_STEP][PASSED] - delay: Delayed 2 second(s)

2018-12-07 01:26:38 - [MESSAGE][PASSED] - Delayed 2 second(s)

2018-12-07 01:26:38 - [TEST_STEP][PASSED] - click: Object: 'Object Repository/Final Object Repo/New Registration - Registration Module Pages/New Reg - OTC to RO/Special Case - All Related Objects/Click to Continue Workflow' is clicked on

2018-12-07 01:26:42 - [MESSAGE][PASSED] - Object: 'Object Repository/Final Object Repo/New Registration - Registration Module Pages/New Reg - OTC to RO/Special Case - All Related Objects/Click to Continue Workflow' is clicked on

2018-12-07 01:26:42 - [TEST_STEP][PASSED] - delay: Delayed 10 second(s)

2018-12-07 01:26:52 - [MESSAGE][PASSED] - Delayed 10 second(s)

2018-12-07 01:26:52 - [TEST_STEP][PASSED] - click: Object: 'Object Repository/Final Object Repo/New Registration - Registration Module Pages/New Reg - OTC to RO/Special Case - All Related Objects/Continue Button in verifying case' is clicked on

2018-12-07 01:26:55 - [MESSAGE][PASSED] - Object: 'Object Repository/Final Object Repo/New Registration - Registration Module Pages/New Reg - OTC to RO/Special Case - All Related Objects/Continue Button in verifying case' is clicked on

2018-12-07 01:26:55 - [TEST_STEP][PASSED] - delay: Delayed 2 second(s)

2018-12-07 01:26:57 - [MESSAGE][PASSED] - Delayed 2 second(s)

2018-12-07 01:26:57 - [TEST_STEP][PASSED] - click: Object: 'Object Repository/Final Object Repo/Page_Update Add New Employee - ASSIST/Save  Continue Button' is clicked on

2018-12-07 01:26:57 - [MESSAGE][PASSED] - Object: 'Object Repository/Final Object Repo/Page_Update Add New Employee - ASSIST/Save  Continue Button' is clicked on

2018-12-07 01:26:57 - [TEST_STEP][PASSED] - delay: Delayed 4 second(s)

2018-12-07 01:27:01 - [MESSAGE][PASSED] - Delayed 4 second(s)

2018-12-07 01:27:01 - [TEST_STEP][PASSED] - click: Object: 'Object Repository/Final Object Repo/Page_Update Add New Employee - ASSIST/Save  Continue Third Screen' is clicked on

2018-12-07 01:27:04 - [MESSAGE][PASSED] - Object: 'Object Repository/Final Object Repo/Page_Update Add New Employee - ASSIST/Save  Continue Third Screen' is clicked on

2018-12-07 01:27:04 - [TEST_STEP][PASSED] - delay: Delayed 4 second(s)

2018-12-07 01:27:08 - [MESSAGE][PASSED] - Delayed 4 second(s)

2018-12-07 01:27:08 - [TEST_STEP][PASSED] - setText: Text 'Query the Case' is set on object 'Object Repository/Final Object Repo/Page_Update Add New Employee - ASSIST/Query Text Input'

2018-12-07 01:27:08 - [MESSAGE][PASSED] - Text 'Query the Case' is set on object 'Object Repository/Final Object Repo/Page_Update Add New Employee - ASSIST/Query Text Input'

2018-12-07 01:27:08 - [TEST_STEP][PASSED] - delay: Delayed 4 second(s)

2018-12-07 01:27:12 - [MESSAGE][PASSED] - Delayed 4 second(s)

2018-12-07 01:27:12 - [TEST_STEP][PASSED] - click: Object: 'Object Repository/Final Object Repo/Page_Update Add New Employee - ASSIST/Save   Continue Supporting Doc Page' is clicked on

2018-12-07 01:27:13 - [MESSAGE][PASSED] - Object: 'Object Repository/Final Object Repo/Page_Update Add New Employee - ASSIST/Save   Continue Supporting Doc Page' is clicked on

2018-12-07 01:27:13 - [TEST_STEP][PASSED] - delay: Delayed 4 second(s)

2018-12-07 01:27:17 - [MESSAGE][PASSED] - Delayed 4 second(s)

2018-12-07 01:27:17 - [TEST_STEP][PASSED] - click: Object: 'Object Repository/Final Object Repo/Page_Update Add New Employee - ASSIST/Query Button' is clicked on

2018-12-07 01:27:17 - [MESSAGE][PASSED] - Object: 'Object Repository/Final Object Repo/Page_Update Add New Employee - ASSIST/Query Button' is clicked on

2018-12-07 01:27:17 - [TEST_STEP][PASSED] - delay: Delayed 4 second(s)

2018-12-07 01:27:21 - [MESSAGE][PASSED] - Delayed 4 second(s)

2018-12-07 01:27:21 - [TEST_STEP][PASSED] - click: Object: 'Object Repository/Final Object Repo/Page_Update Add New Employee - ASSIST/Confirm to Query' is clicked on

2018-12-07 01:27:21 - [MESSAGE][PASSED] - Object: 'Object Repository/Final Object Repo/Page_Update Add New Employee - ASSIST/Confirm to Query' is clicked on

2018-12-07 01:27:21 - [TEST_STEP][PASSED] - delay: Delayed 20 second(s)

2018-12-07 01:27:41 - [MESSAGE][PASSED] - Delayed 20 second(s)

2018-12-07 01:27:41 - [TEST_STEP][PASSED] - callTestCase: Call Test Case 'Test Cases/Final Aug 2018 - PKS Automation/Common/Screenshoting tool' successfully

2018-12-07 01:27:41 - [TEST_CASE][PASSED] - Test Cases/Final Aug 2018 - PKS Automation/Common/Screenshoting tool: Test Cases/Final Aug 2018 - PKS Automation/Common/Screenshoting tool

2018-12-07 01:27:41 - [TEST_STEP][PASSED] - delay: Delayed 15 second(s)

2018-12-07 01:27:56 - [MESSAGE][PASSED] - Delayed 15 second(s)

2018-12-07 01:27:56 - [TEST_STEP][PASSED] - Statement - driver = com.kms.katalon.core.webui.driver.DriverFactory.getWebDriver(): null

2018-12-07 01:27:56 - [TEST_STEP][PASSED] - Statement - driver.manage().timeouts().implicitlyWait(10, SECONDS): null

2018-12-07 01:27:56 - [TEST_STEP][PASSED] - Statement - PresavePath = KatalonScreenshots: null

2018-12-07 01:27:56 - [TEST_STEP][PASSED] - Statement - pathPrefix = "C:\Users\Public\Pictures\Sample Pictures\Katalon Screenshots\Automate Ending Screen": null

2018-12-07 01:27:56 - [TEST_STEP][PASSED] - Statement - finalPath = <not implemented yet for class: org.codehaus.groovy.ast.expr.EmptyExpression>: null

2018-12-07 01:27:56 - [TEST_STEP][PASSED] - Statement - scrFile = driver.getScreenshotAs(FILE): null

2018-12-07 01:27:56 - [TEST_STEP][PASSED] - Statement - PreSaveFile = new java.io.File(PresavePath): null

2018-12-07 01:27:56 - [TEST_STEP][PASSED] - Statement - counter = 0: null

2018-12-07 01:27:56 - [TEST_STEP][PASSED] - Statement - If (PreSaveFile.exists()): null

2018-12-07 01:27:56 - [TEST_STEP][PASSED] - Statement - While (PreSaveFile.exists()): null

2018-12-07 01:27:56 - [TEST_STEP][PASSED] - Statement - counter = counter + 1: null

2018-12-07 01:27:56 - [TEST_STEP][PASSED] - Statement - PreSaveFile = new java.io.File(((pathPrefix + java.lang.Integer.toString(counter)) + .png)): null

2018-12-07 01:27:56 - [TEST_STEP][PASSED] - Statement - counter = counter + 1: null

2018-12-07 01:27:56 - [TEST_STEP][PASSED] - Statement - PreSaveFile = new java.io.File(((pathPrefix + java.lang.Integer.toString(counter)) + .png)): null

2018-12-07 01:27:56 - [TEST_STEP][PASSED] - Statement - counter = counter + 1: null

2018-12-07 01:27:56 - [TEST_STEP][PASSED] - Statement - PreSaveFile = new java.io.File(((pathPrefix + java.lang.Integer.toString(counter)) + .png)): null

2018-12-07 01:27:56 - [TEST_STEP][PASSED] - Statement - counter = counter + 1: null

2018-12-07 01:27:56 - [TEST_STEP][PASSED] - Statement - PreSaveFile = new java.io.File(((pathPrefix + java.lang.Integer.toString(counter)) + .png)): null

2018-12-07 01:27:56 - [TEST_STEP][PASSED] - Statement - counter = counter + 1: null

2018-12-07 01:27:56 - [TEST_STEP][PASSED] - Statement - PreSaveFile = new java.io.File(((pathPrefix + java.lang.Integer.toString(counter)) + .png)): null

2018-12-07 01:27:56 - [TEST_STEP][PASSED] - Statement - counter = counter + 1: null

2018-12-07 01:27:56 - [TEST_STEP][PASSED] - Statement - PreSaveFile = new java.io.File(((pathPrefix + java.lang.Integer.toString(counter)) + .png)): null

2018-12-07 01:27:56 - [TEST_STEP][PASSED] - Statement - counter = counter + 1: null

2018-12-07 01:27:56 - [TEST_STEP][PASSED] - Statement - PreSaveFile = new java.io.File(((pathPrefix + java.lang.Integer.toString(counter)) + .png)): null

2018-12-07 01:27:56 - [TEST_STEP][PASSED] - Statement - counter = counter + 1: null

2018-12-07 01:27:56 - [TEST_STEP][PASSED] - Statement - PreSaveFile = new java.io.File(((pathPrefix + java.lang.Integer.toString(counter)) + .png)): null

2018-12-07 01:27:56 - [TEST_STEP][PASSED] - Statement - counter = counter + 1: null

2018-12-07 01:27:56 - [TEST_STEP][PASSED] - Statement - PreSaveFile = new java.io.File(((pathPrefix + java.lang.Integer.toString(counter)) + .png)): null

2018-12-07 01:27:56 - [TEST_STEP][PASSED] - Statement - counter = counter + 1: null

2018-12-07 01:27:56 - [TEST_STEP][PASSED] - Statement - PreSaveFile = new java.io.File(((pathPrefix + java.lang.Integer.toString(counter)) + .png)): null

2018-12-07 01:27:56 - [TEST_STEP][PASSED] - Statement - counter = counter + 1: null

2018-12-07 01:27:56 - [TEST_STEP][PASSED] - Statement - PreSaveFile = new java.io.File(((pathPrefix + java.lang.Integer.toString(counter)) + .png)): null

2018-12-07 01:27:56 - [TEST_STEP][PASSED] - Statement - counter = counter + 1: null

2018-12-07 01:27:56 - [TEST_STEP][PASSED] - Statement - PreSaveFile = new java.io.File(((pathPrefix + java.lang.Integer.toString(counter)) + .png)): null

2018-12-07 01:27:56 - [TEST_STEP][PASSED] - Statement - counter = counter + 1: null

2018-12-07 01:27:56 - [TEST_STEP][PASSED] - Statement - PreSaveFile = new java.io.File(((pathPrefix + java.lang.Integer.toString(counter)) + .png)): null

2018-12-07 01:27:56 - [TEST_STEP][PASSED] - Statement - counter = counter + 1: null

2018-12-07 01:27:56 - [TEST_STEP][PASSED] - Statement - PreSaveFile = new java.io.File(((pathPrefix + java.lang.Integer.toString(counter)) + .png)): null

2018-12-07 01:27:56 - [TEST_STEP][PASSED] - Statement - counter = counter + 1: null

2018-12-07 01:27:56 - [TEST_STEP][PASSED] - Statement - PreSaveFile = new java.io.File(((pathPrefix + java.lang.Integer.toString(counter)) + .png)): null

2018-12-07 01:27:56 - [TEST_STEP][PASSED] - Statement - counter = counter + 1: null

2018-12-07 01:27:56 - [TEST_STEP][PASSED] - Statement - PreSaveFile = new java.io.File(((pathPrefix + java.lang.Integer.toString(counter)) + .png)): null

2018-12-07 01:27:56 - [TEST_STEP][PASSED] - Statement - counter = counter + 1: null

2018-12-07 01:27:56 - [TEST_STEP][PASSED] - Statement - PreSaveFile = new java.io.File(((pathPrefix + java.lang.Integer.toString(counter)) + .png)): null

2018-12-07 01:27:56 - [TEST_STEP][PASSED] - Statement - counter = counter + 1: null

2018-12-07 01:27:56 - [TEST_STEP][PASSED] - Statement - PreSaveFile = new java.io.File(((pathPrefix + java.lang.Integer.toString(counter)) + .png)): null

2018-12-07 01:27:56 - [TEST_STEP][PASSED] - Statement - counter = counter + 1: null

2018-12-07 01:27:56 - [TEST_STEP][PASSED] - Statement - PreSaveFile = new java.io.File(((pathPrefix + java.lang.Integer.toString(counter)) + .png)): null

2018-12-07 01:27:56 - [TEST_STEP][PASSED] - Statement - counter = counter + 1: null

2018-12-07 01:27:56 - [TEST_STEP][PASSED] - Statement - PreSaveFile = new java.io.File(((pathPrefix + java.lang.Integer.toString(counter)) + .png)): null

2018-12-07 01:27:56 - [TEST_STEP][PASSED] - Statement - counter = counter + 1: null

2018-12-07 01:27:56 - [TEST_STEP][PASSED] - Statement - PreSaveFile = new java.io.File(((pathPrefix + java.lang.Integer.toString(counter)) + .png)): null

2018-12-07 01:27:56 - [TEST_STEP][PASSED] - Statement - counter = counter + 1: null

2018-12-07 01:27:56 - [TEST_STEP][PASSED] - Statement - PreSaveFile = new java.io.File(((pathPrefix + java.lang.Integer.toString(counter)) + .png)): null

2018-12-07 01:27:56 - [TEST_STEP][PASSED] - Statement - counter = counter + 1: null

2018-12-07 01:27:56 - [TEST_STEP][PASSED] - Statement - PreSaveFile = new java.io.File(((pathPrefix + java.lang.Integer.toString(counter)) + .png)): null

2018-12-07 01:27:56 - [TEST_STEP][PASSED] - Statement - counter = counter + 1: null

2018-12-07 01:27:56 - [TEST_STEP][PASSED] - Statement - PreSaveFile = new java.io.File(((pathPrefix + java.lang.Integer.toString(counter)) + .png)): null

2018-12-07 01:27:56 - [TEST_STEP][PASSED] - Statement - counter = counter + 1: null

2018-12-07 01:27:56 - [TEST_STEP][PASSED] - Statement - PreSaveFile = new java.io.File(((pathPrefix + java.lang.Integer.toString(counter)) + .png)): null

2018-12-07 01:27:56 - [TEST_STEP][PASSED] - Statement - counter = counter + 1: null

2018-12-07 01:27:56 - [TEST_STEP][PASSED] - Statement - PreSaveFile = new java.io.File(((pathPrefix + java.lang.Integer.toString(counter)) + .png)): null

2018-12-07 01:27:56 - [TEST_STEP][PASSED] - Statement - counter = counter + 1: null

2018-12-07 01:27:56 - [TEST_STEP][PASSED] - Statement - PreSaveFile = new java.io.File(((pathPrefix + java.lang.Integer.toString(counter)) + .png)): null

2018-12-07 01:27:56 - [TEST_STEP][PASSED] - Statement - counter = counter + 1: null

2018-12-07 01:27:56 - [TEST_STEP][PASSED] - Statement - PreSaveFile = new java.io.File(((pathPrefix + java.lang.Integer.toString(counter)) + .png)): null

2018-12-07 01:27:56 - [TEST_STEP][PASSED] - Statement - counter = counter + 1: null

2018-12-07 01:27:56 - [TEST_STEP][PASSED] - Statement - PreSaveFile = new java.io.File(((pathPrefix + java.lang.Integer.toString(counter)) + .png)): null

2018-12-07 01:27:56 - [TEST_STEP][PASSED] - Statement - counter = counter + 1: null

2018-12-07 01:27:56 - [TEST_STEP][PASSED] - Statement - PreSaveFile = new java.io.File(((pathPrefix + java.lang.Integer.toString(counter)) + .png)): null

2018-12-07 01:27:56 - [TEST_STEP][PASSED] - Statement - counter = counter + 1: null

2018-12-07 01:27:56 - [TEST_STEP][PASSED] - Statement - PreSaveFile = new java.io.File(((pathPrefix + java.lang.Integer.toString(counter)) + .png)): null

2018-12-07 01:27:56 - [TEST_STEP][PASSED] - Statement - counter = counter + 1: null

2018-12-07 01:27:56 - [TEST_STEP][PASSED] - Statement - PreSaveFile = new java.io.File(((pathPrefix + java.lang.Integer.toString(counter)) + .png)): null

2018-12-07 01:27:56 - [TEST_STEP][PASSED] - Statement - counter = counter + 1: null

2018-12-07 01:27:56 - [TEST_STEP][PASSED] - Statement - PreSaveFile = new java.io.File(((pathPrefix + java.lang.Integer.toString(counter)) + .png)): null

2018-12-07 01:27:56 - [TEST_STEP][PASSED] - Statement - counter = counter + 1: null

2018-12-07 01:27:56 - [TEST_STEP][PASSED] - Statement - PreSaveFile = new java.io.File(((pathPrefix + java.lang.Integer.toString(counter)) + .png)): null

2018-12-07 01:27:56 - [TEST_STEP][PASSED] - Statement - counter = counter + 1: null

2018-12-07 01:27:56 - [TEST_STEP][PASSED] - Statement - PreSaveFile = new java.io.File(((pathPrefix + java.lang.Integer.toString(counter)) + .png)): null

2018-12-07 01:27:56 - [TEST_STEP][PASSED] - Statement - counter = counter + 1: null

2018-12-07 01:27:56 - [TEST_STEP][PASSED] - Statement - PreSaveFile = new java.io.File(((pathPrefix + java.lang.Integer.toString(counter)) + .png)): null

2018-12-07 01:27:56 - [TEST_STEP][PASSED] - Statement - counter = counter + 1: null

2018-12-07 01:27:56 - [TEST_STEP][PASSED] - Statement - PreSaveFile = new java.io.File(((pathPrefix + java.lang.Integer.toString(counter)) + .png)): null

2018-12-07 01:27:56 - [TEST_STEP][PASSED] - Statement - counter = counter + 1: null

2018-12-07 01:27:56 - [TEST_STEP][PASSED] - Statement - PreSaveFile = new java.io.File(((pathPrefix + java.lang.Integer.toString(counter)) + .png)): null

2018-12-07 01:27:56 - [TEST_STEP][PASSED] - Statement - counter = counter + 1: null

2018-12-07 01:27:56 - [TEST_STEP][PASSED] - Statement - PreSaveFile = new java.io.File(((pathPrefix + java.lang.Integer.toString(counter)) + .png)): null

2018-12-07 01:27:56 - [TEST_STEP][PASSED] - Statement - counter = counter + 1: null

2018-12-07 01:27:56 - [TEST_STEP][PASSED] - Statement - PreSaveFile = new java.io.File(((pathPrefix + java.lang.Integer.toString(counter)) + .png)): null

2018-12-07 01:27:56 - [TEST_STEP][PASSED] - Statement - counter = counter + 1: null

2018-12-07 01:27:56 - [TEST_STEP][PASSED] - Statement - PreSaveFile = new java.io.File(((pathPrefix + java.lang.Integer.toString(counter)) + .png)): null

2018-12-07 01:27:56 - [TEST_STEP][PASSED] - Statement - counter = counter + 1: null

2018-12-07 01:27:56 - [TEST_STEP][PASSED] - Statement - PreSaveFile = new java.io.File(((pathPrefix + java.lang.Integer.toString(counter)) + .png)): null

2018-12-07 01:27:56 - [TEST_STEP][PASSED] - Statement - counter = counter + 1: null

2018-12-07 01:27:56 - [TEST_STEP][PASSED] - Statement - PreSaveFile = new java.io.File(((pathPrefix + java.lang.Integer.toString(counter)) + .png)): null

2018-12-07 01:27:56 - [TEST_STEP][PASSED] - Statement - counter = counter + 1: null

2018-12-07 01:27:56 - [TEST_STEP][PASSED] - Statement - PreSaveFile = new java.io.File(((pathPrefix + java.lang.Integer.toString(counter)) + .png)): null

2018-12-07 01:27:56 - [TEST_STEP][PASSED] - Statement - counter = counter + 1: null

2018-12-07 01:27:56 - [TEST_STEP][PASSED] - Statement - PreSaveFile = new java.io.File(((pathPrefix + java.lang.Integer.toString(counter)) + .png)): null

2018-12-07 01:27:56 - [TEST_STEP][PASSED] - Statement - counter = counter + 1: null

2018-12-07 01:27:56 - [TEST_STEP][PASSED] - Statement - PreSaveFile = new java.io.File(((pathPrefix + java.lang.Integer.toString(counter)) + .png)): null

2018-12-07 01:27:56 - [TEST_STEP][PASSED] - Statement - counter = counter + 1: null

2018-12-07 01:27:56 - [TEST_STEP][PASSED] - Statement - PreSaveFile = new java.io.File(((pathPrefix + java.lang.Integer.toString(counter)) + .png)): null

2018-12-07 01:27:56 - [TEST_STEP][PASSED] - Statement - counter = counter + 1: null

2018-12-07 01:27:56 - [TEST_STEP][PASSED] - Statement - PreSaveFile = new java.io.File(((pathPrefix + java.lang.Integer.toString(counter)) + .png)): null

2018-12-07 01:27:56 - [TEST_STEP][PASSED] - Statement - counter = counter + 1: null

2018-12-07 01:27:56 - [TEST_STEP][PASSED] - Statement - PreSaveFile = new java.io.File(((pathPrefix + java.lang.Integer.toString(counter)) + .png)): null

2018-12-07 01:27:56 - [TEST_STEP][PASSED] - Statement - counter = counter + 1: null

2018-12-07 01:27:56 - [TEST_STEP][PASSED] - Statement - PreSaveFile = new java.io.File(((pathPrefix + java.lang.Integer.toString(counter)) + .png)): null

2018-12-07 01:27:56 - [TEST_STEP][PASSED] - Statement - counter = counter + 1: null

2018-12-07 01:27:56 - [TEST_STEP][PASSED] - Statement - PreSaveFile = new java.io.File(((pathPrefix + java.lang.Integer.toString(counter)) + .png)): null

2018-12-07 01:27:56 - [TEST_STEP][PASSED] - Statement - counter = counter + 1: null

2018-12-07 01:27:56 - [TEST_STEP][PASSED] - Statement - PreSaveFile = new java.io.File(((pathPrefix + java.lang.Integer.toString(counter)) + .png)): null

2018-12-07 01:27:56 - [TEST_STEP][PASSED] - Statement - counter = counter + 1: null

2018-12-07 01:27:56 - [TEST_STEP][PASSED] - Statement - PreSaveFile = new java.io.File(((pathPrefix + java.lang.Integer.toString(counter)) + .png)): null

2018-12-07 01:27:56 - [TEST_STEP][PASSED] - Statement - counter = counter + 1: null

2018-12-07 01:27:56 - [TEST_STEP][PASSED] - Statement - PreSaveFile = new java.io.File(((pathPrefix + java.lang.Integer.toString(counter)) + .png)): null

2018-12-07 01:27:56 - [TEST_STEP][PASSED] - Statement - counter = counter + 1: null

2018-12-07 01:27:56 - [TEST_STEP][PASSED] - Statement - PreSaveFile = new java.io.File(((pathPrefix + java.lang.Integer.toString(counter)) + .png)): null

2018-12-07 01:27:56 - [TEST_STEP][PASSED] - Statement - counter = counter + 1: null

2018-12-07 01:27:56 - [TEST_STEP][PASSED] - Statement - PreSaveFile = new java.io.File(((pathPrefix + java.lang.Integer.toString(counter)) + .png)): null

2018-12-07 01:27:56 - [TEST_STEP][PASSED] - Statement - counter = counter + 1: null

2018-12-07 01:27:56 - [TEST_STEP][PASSED] - Statement - PreSaveFile = new java.io.File(((pathPrefix + java.lang.Integer.toString(counter)) + .png)): null

2018-12-07 01:27:56 - [TEST_STEP][PASSED] - Statement - counter = counter + 1: null

2018-12-07 01:27:56 - [TEST_STEP][PASSED] - Statement - PreSaveFile = new java.io.File(((pathPrefix + java.lang.Integer.toString(counter)) + .png)): null

2018-12-07 01:27:56 - [TEST_STEP][PASSED] - Statement - counter = counter + 1: null

2018-12-07 01:27:56 - [TEST_STEP][PASSED] - Statement - PreSaveFile = new java.io.File(((pathPrefix + java.lang.Integer.toString(counter)) + .png)): null

2018-12-07 01:27:56 - [TEST_STEP][PASSED] - Statement - counter = counter + 1: null

2018-12-07 01:27:56 - [TEST_STEP][PASSED] - Statement - PreSaveFile = new java.io.File(((pathPrefix + java.lang.Integer.toString(counter)) + .png)): null

2018-12-07 01:27:56 - [TEST_STEP][PASSED] - Statement - counter = counter + 1: null

2018-12-07 01:27:56 - [TEST_STEP][PASSED] - Statement - PreSaveFile = new java.io.File(((pathPrefix + java.lang.Integer.toString(counter)) + .png)): null

2018-12-07 01:27:56 - [TEST_STEP][PASSED] - Statement - counter = counter + 1: null

2018-12-07 01:27:56 - [TEST_STEP][PASSED] - Statement - PreSaveFile = new java.io.File(((pathPrefix + java.lang.Integer.toString(counter)) + .png)): null

2018-12-07 01:27:56 - [TEST_STEP][PASSED] - Statement - counter = counter + 1: null

2018-12-07 01:27:56 - [TEST_STEP][PASSED] - Statement - PreSaveFile = new java.io.File(((pathPrefix + java.lang.Integer.toString(counter)) + .png)): null

2018-12-07 01:27:56 - [TEST_STEP][PASSED] - Statement - counter = counter + 1: null

2018-12-07 01:27:56 - [TEST_STEP][PASSED] - Statement - PreSaveFile = new java.io.File(((pathPrefix + java.lang.Integer.toString(counter)) + .png)): null

2018-12-07 01:27:56 - [TEST_STEP][PASSED] - Statement - counter = counter + 1: null

2018-12-07 01:27:56 - [TEST_STEP][PASSED] - Statement - PreSaveFile = new java.io.File(((pathPrefix + java.lang.Integer.toString(counter)) + .png)): null

2018-12-07 01:27:56 - [TEST_STEP][PASSED] - Statement - counter = counter + 1: null

2018-12-07 01:27:56 - [TEST_STEP][PASSED] - Statement - PreSaveFile = new java.io.File(((pathPrefix + java.lang.Integer.toString(counter)) + .png)): null

2018-12-07 01:27:56 - [TEST_STEP][PASSED] - Statement - counter = counter + 1: null

2018-12-07 01:27:56 - [TEST_STEP][PASSED] - Statement - PreSaveFile = new java.io.File(((pathPrefix + java.lang.Integer.toString(counter)) + .png)): null

2018-12-07 01:27:56 - [TEST_STEP][PASSED] - Statement - counter = counter + 1: null

2018-12-07 01:27:56 - [TEST_STEP][PASSED] - Statement - PreSaveFile = new java.io.File(((pathPrefix + java.lang.Integer.toString(counter)) + .png)): null

2018-12-07 01:27:56 - [TEST_STEP][PASSED] - Statement - counter = counter + 1: null

2018-12-07 01:27:56 - [TEST_STEP][PASSED] - Statement - PreSaveFile = new java.io.File(((pathPrefix + java.lang.Integer.toString(counter)) + .png)): null

2018-12-07 01:27:56 - [TEST_STEP][PASSED] - Statement - counter = counter + 1: null

2018-12-07 01:27:56 - [TEST_STEP][PASSED] - Statement - PreSaveFile = new java.io.File(((pathPrefix + java.lang.Integer.toString(counter)) + .png)): null

2018-12-07 01:27:56 - [TEST_STEP][PASSED] - Statement - counter = counter + 1: null

2018-12-07 01:27:57 - [TEST_STEP][PASSED] - Statement - PreSaveFile = new java.io.File(((pathPrefix + java.lang.Integer.toString(counter)) + .png)): null

2018-12-07 01:27:57 - [TEST_STEP][PASSED] - Statement - counter = counter + 1: null

2018-12-07 01:27:57 - [TEST_STEP][PASSED] - Statement - PreSaveFile = new java.io.File(((pathPrefix + java.lang.Integer.toString(counter)) + .png)): null

2018-12-07 01:27:57 - [TEST_STEP][PASSED] - Statement - counter = counter + 1: null

2018-12-07 01:27:57 - [TEST_STEP][PASSED] - Statement - PreSaveFile = new java.io.File(((pathPrefix + java.lang.Integer.toString(counter)) + .png)): null

2018-12-07 01:27:57 - [TEST_STEP][PASSED] - Statement - counter = counter + 1: null

2018-12-07 01:27:57 - [TEST_STEP][PASSED] - Statement - PreSaveFile = new java.io.File(((pathPrefix + java.lang.Integer.toString(counter)) + .png)): null

2018-12-07 01:27:57 - [TEST_STEP][PASSED] - Statement - counter = counter + 1: null

2018-12-07 01:27:57 - [TEST_STEP][PASSED] - Statement - PreSaveFile = new java.io.File(((pathPrefix + java.lang.Integer.toString(counter)) + .png)): null

2018-12-07 01:27:57 - [TEST_STEP][PASSED] - Statement - counter = counter + 1: null

2018-12-07 01:27:57 - [TEST_STEP][PASSED] - Statement - PreSaveFile = new java.io.File(((pathPrefix + java.lang.Integer.toString(counter)) + .png)): null

2018-12-07 01:27:57 - [TEST_STEP][PASSED] - Statement - counter = counter + 1: null

2018-12-07 01:27:57 - [TEST_STEP][PASSED] - Statement - PreSaveFile = new java.io.File(((pathPrefix + java.lang.Integer.toString(counter)) + .png)): null

2018-12-07 01:27:57 - [TEST_STEP][PASSED] - Statement - counter = counter + 1: null

2018-12-07 01:27:57 - [TEST_STEP][PASSED] - Statement - PreSaveFile = new java.io.File(((pathPrefix + java.lang.Integer.toString(counter)) + .png)): null

2018-12-07 01:27:57 - [TEST_STEP][PASSED] - Statement - counter = counter + 1: null

2018-12-07 01:27:57 - [TEST_STEP][PASSED] - Statement - PreSaveFile = new java.io.File(((pathPrefix + java.lang.Integer.toString(counter)) + .png)): null

2018-12-07 01:27:57 - [TEST_STEP][PASSED] - Statement - counter = counter + 1: null

2018-12-07 01:27:57 - [TEST_STEP][PASSED] - Statement - PreSaveFile = new java.io.File(((pathPrefix + java.lang.Integer.toString(counter)) + .png)): null

2018-12-07 01:27:57 - [TEST_STEP][PASSED] - Statement - counter = counter + 1: null

2018-12-07 01:27:57 - [TEST_STEP][PASSED] - Statement - PreSaveFile = new java.io.File(((pathPrefix + java.lang.Integer.toString(counter)) + .png)): null

2018-12-07 01:27:57 - [TEST_STEP][PASSED] - Statement - counter = counter + 1: null

2018-12-07 01:27:57 - [TEST_STEP][PASSED] - Statement - PreSaveFile = new java.io.File(((pathPrefix + java.lang.Integer.toString(counter)) + .png)): null

2018-12-07 01:27:57 - [TEST_STEP][PASSED] - Statement - counter = counter + 1: null

2018-12-07 01:27:57 - [TEST_STEP][PASSED] - Statement - PreSaveFile = new java.io.File(((pathPrefix + java.lang.Integer.toString(counter)) + .png)): null

2018-12-07 01:27:57 - [TEST_STEP][PASSED] - Statement - counter = counter + 1: null

2018-12-07 01:27:57 - [TEST_STEP][PASSED] - Statement - PreSaveFile = new java.io.File(((pathPrefix + java.lang.Integer.toString(counter)) + .png)): null

2018-12-07 01:27:57 - [TEST_STEP][PASSED] - Statement - counter = counter + 1: null

2018-12-07 01:27:57 - [TEST_STEP][PASSED] - Statement - PreSaveFile = new java.io.File(((pathPrefix + java.lang.Integer.toString(counter)) + .png)): null

2018-12-07 01:27:57 - [TEST_STEP][PASSED] - Statement - counter = counter + 1: null

2018-12-07 01:27:57 - [TEST_STEP][PASSED] - Statement - PreSaveFile = new java.io.File(((pathPrefix + java.lang.Integer.toString(counter)) + .png)): null

2018-12-07 01:27:57 - [TEST_STEP][PASSED] - Statement - finalPath = pathPrefix + java.lang.Integer.toString(counter) + ".png": null

2018-12-07 01:27:57 - [TEST_STEP][PASSED] - Statement - SaveFile = new java.io.File(finalPath): null

2018-12-07 01:27:57 - [TEST_STEP][PASSED] - Statement - Try: null

2018-12-07 01:27:57 - [TEST_STEP][PASSED] - Statement - org.apache.commons.io.FileUtils.copyFile(scrFile, SaveFile): null

2018-12-07 01:27:57 - [TEST_STEP][PASSED] - Statement - out.println("file kept"): null

2018-12-07 01:27:57 - [TEST_STEP][PASSED] - delay: Delayed 10 second(s)

2018-12-07 01:28:07 - [MESSAGE][PASSED] - Delayed 10 second(s)

2018-12-07 01:28:07 - [MESSAGE][PASSED] - Call Test Case 'Test Cases/Final Aug 2018 - PKS Automation/Common/Screenshoting tool' successfully

2018-12-07 01:28:07 - [TEST_STEP][PASSED] - callTestCase: Call Test Case 'Test Cases/Final Aug 2018 - PKS Automation/Registration Module/Log Out/log out avoiding katalon tagging' successfully

2018-12-07 01:28:07 - [TEST_CASE][PASSED] - Test Cases/Final Aug 2018 - PKS Automation/Registration Module/Log Out/log out avoiding katalon tagging: Test Cases/Final Aug 2018 - PKS Automation/Registration Module/Log Out/log out avoiding katalon tagging

2018-12-07 01:28:07 - [TEST_STEP][PASSED] - navigateToUrl: Navigate to 'https://assist2-uat.perkeso.gov.my/c/portal/logout' successfully

2018-12-07 01:28:07 - [MESSAGE][PASSED] - Navigate to 'https://assist2-uat.perkeso.gov.my/c/portal/logout' successfully

2018-12-07 01:28:07 - [MESSAGE][PASSED] - Call Test Case 'Test Cases/Final Aug 2018 - PKS Automation/Registration Module/Log Out/log out avoiding katalon tagging' successfully

2018-12-07 01:28:07 - [TEST_STEP][PASSED] - delay: Delayed 4 second(s)

2018-12-07 01:28:11 - [MESSAGE][PASSED] - Delayed 4 second(s)

2018-12-07 01:28:11 - [TEST_STEP][PASSED] - setText: Text 'klotc2@gmail.com' is set on object 'Object Repository/Final Object Repo/Login Page/Internal User/Email Address'

2018-12-07 01:28:12 - [MESSAGE][PASSED] - Text 'klotc2@gmail.com' is set on object 'Object Repository/Final Object Repo/Login Page/Internal User/Email Address'

2018-12-07 01:28:12 - [TEST_STEP][PASSED] - click: Object: 'Object Repository/Final Object Repo/Login Page/Internal User/Next Button' is clicked on

2018-12-07 01:28:12 - [MESSAGE][PASSED] - Object: 'Object Repository/Final Object Repo/Login Page/Internal User/Next Button' is clicked on

2018-12-07 01:28:12 - [TEST_STEP][PASSED] - delay: Delayed 2 second(s)

2018-12-07 01:28:14 - [MESSAGE][PASSED] - Delayed 2 second(s)

2018-12-07 01:28:14 - [TEST_STEP][PASSED] - setText: Text 'Test1@3456789' is set on object 'Object Repository/Final Object Repo/Login Page/Internal User/Password'

2018-12-07 01:28:14 - [MESSAGE][PASSED] - Text 'Test1@3456789' is set on object 'Object Repository/Final Object Repo/Login Page/Internal User/Password'

2018-12-07 01:28:14 - [TEST_STEP][PASSED] - delay: Delayed 2 second(s)

2018-12-07 01:28:16 - [MESSAGE][PASSED] - Delayed 2 second(s)

2018-12-07 01:28:16 - [TEST_STEP][PASSED] - click: Object: 'Object Repository/Final Object Repo/Login Page/Internal User/Login Button' is clicked on

2018-12-07 01:28:16 - [MESSAGE][PASSED] - Object: 'Object Repository/Final Object Repo/Login Page/Internal User/Login Button' is clicked on

2018-12-07 01:28:16 - [TEST_STEP][PASSED] - delay: Delayed 4 second(s)

2018-12-07 01:28:20 - [MESSAGE][PASSED] - Delayed 4 second(s)

2018-12-07 01:28:20 - [TEST_STEP][PASSED] - Statement - Try: Delayed 2 second(s)

2018-12-07 01:28:20 - [TEST_STEP][PASSED] - Statement - Checker = false: null

2018-12-07 01:28:20 - [TEST_STEP][PASSED] - Statement - Checker = com.kms.katalon.core.webui.keyword.WebUiBuiltInKeywords.verifyElementHasAttribute(com.kms.katalon.core.testobject.ObjectRepository.findTestObject(Final Object Repo/Landing Page/BM Detecting), "href", 20, OPTIONAL): Object 'Object Repository/Final Object Repo/Landing Page/BM Detecting' has attribute 'href'

2018-12-07 01:28:20 - [MESSAGE][PASSED] - Object 'Object Repository/Final Object Repo/Landing Page/BM Detecting' has attribute 'href'

2018-12-07 01:28:20 - [TEST_STEP][PASSED] - Statement - out.println(Checker): null

2018-12-07 01:28:20 - [TEST_STEP][PASSED] - Statement - If (Checker == false): null

2018-12-07 01:28:20 - [TEST_STEP][PASSED] - Statement - Else: null

2018-12-07 01:28:20 - [TEST_STEP][PASSED] - delay: Delayed 2 second(s)

2018-12-07 01:28:22 - [MESSAGE][PASSED] - Delayed 2 second(s)

2018-12-07 01:28:22 - [TEST_STEP][PASSED] - delay: Delayed 4 second(s)

2018-12-07 01:28:26 - [MESSAGE][PASSED] - Delayed 4 second(s)

2018-12-07 01:28:26 - [TEST_STEP][PASSED] - click: Object: 'Object Repository/Final Object Repo/Landing Page/My Sites Drop Down' is clicked on

2018-12-07 01:28:27 - [MESSAGE][PASSED] - Object: 'Object Repository/Final Object Repo/Landing Page/My Sites Drop Down' is clicked on

2018-12-07 01:28:27 - [TEST_STEP][PASSED] - click: Object: 'Object Repository/Final Object Repo/Landing Page/Select to Registration Module' is clicked on

2018-12-07 01:28:27 - [MESSAGE][PASSED] - Object: 'Object Repository/Final Object Repo/Landing Page/Select to Registration Module' is clicked on

2018-12-07 01:28:27 - [TEST_STEP][PASSED] - delay: Delayed 2 second(s)

2018-12-07 01:28:29 - [MESSAGE][PASSED] - Delayed 2 second(s)

2018-12-07 01:28:29 - [TEST_STEP][PASSED] - mouseOver: Object: 'Object Repository/Final Object Repo/Page_Update Add New Employee - ASSIST/Hover Over Search Drop Down' is hovered

2018-12-07 01:28:30 - [MESSAGE][PASSED] - Object: 'Object Repository/Final Object Repo/Page_Update Add New Employee - ASSIST/Hover Over Search Drop Down' is hovered

2018-12-07 01:28:30 - [TEST_STEP][PASSED] - click: Object: 'Object Repository/Final Object Repo/Page_Update Add New Employee - ASSIST/Select Search Pending Case' is clicked on

2018-12-07 01:28:30 - [MESSAGE][PASSED] - Object: 'Object Repository/Final Object Repo/Page_Update Add New Employee - ASSIST/Select Search Pending Case' is clicked on

2018-12-07 01:28:30 - [TEST_STEP][PASSED] - click: Object: 'Object Repository/Final Object Repo/Page_Update Add New Employee - ASSIST/Select Searching Method (Employer Code)' is clicked on

2018-12-07 01:28:31 - [MESSAGE][PASSED] - Object: 'Object Repository/Final Object Repo/Page_Update Add New Employee - ASSIST/Select Searching Method (Employer Code)' is clicked on

2018-12-07 01:28:31 - [TEST_STEP][PASSED] - click: Object: 'Object Repository/Final Object Repo/Page_Update Add New Employee - ASSIST/Select Searching Method to Reference ID' is clicked on

2018-12-07 01:28:31 - [MESSAGE][PASSED] - Object: 'Object Repository/Final Object Repo/Page_Update Add New Employee - ASSIST/Select Searching Method to Reference ID' is clicked on

2018-12-07 01:28:31 - [TEST_STEP][PASSED] - setText: Text 'CAN12201800002276' is set on object 'Object Repository/Final Object Repo/Page_Update Add New Employee - ASSIST/Pending Case Ref NO'

2018-12-07 01:28:31 - [MESSAGE][PASSED] - Text 'CAN12201800002276' is set on object 'Object Repository/Final Object Repo/Page_Update Add New Employee - ASSIST/Pending Case Ref NO'

2018-12-07 01:28:31 - [TEST_STEP][PASSED] - click: Object: 'Object Repository/Final Object Repo/Page_Update Add New Employee - ASSIST/Search Pending Case Based on Ref No' is clicked on

2018-12-07 01:28:31 - [MESSAGE][PASSED] - Object: 'Object Repository/Final Object Repo/Page_Update Add New Employee - ASSIST/Search Pending Case Based on Ref No' is clicked on

2018-12-07 01:28:31 - [TEST_STEP][PASSED] - click: Object: 'Object Repository/Final Object Repo/Page_Update Add New Employee - ASSIST/Action Button after found case' is clicked on

2018-12-07 01:28:35 - [MESSAGE][PASSED] - Object: 'Object Repository/Final Object Repo/Page_Update Add New Employee - ASSIST/Action Button after found case' is clicked on

2018-12-07 01:28:35 - [TEST_STEP][PASSED] - click: Object: 'Object Repository/Final Object Repo/Page_Update Add New Employee - ASSIST/Next Button in Pending Case First Page' is clicked on

2018-12-07 01:28:36 - [MESSAGE][PASSED] - Object: 'Object Repository/Final Object Repo/Page_Update Add New Employee - ASSIST/Next Button in Pending Case First Page' is clicked on

2018-12-07 01:28:36 - [TEST_STEP][PASSED] - click: Object: 'Object Repository/Final Object Repo/Page_Update Add New Employee - ASSIST/Next Button in Third Screen' is clicked on

2018-12-07 01:28:39 - [MESSAGE][PASSED] - Object: 'Object Repository/Final Object Repo/Page_Update Add New Employee - ASSIST/Next Button in Third Screen' is clicked on

2018-12-07 01:28:39 - [TEST_STEP][PASSED] - click: Object: 'Object Repository/Final Object Repo/Page_Update Add New Employee - ASSIST/Add Document for Pending Case' is clicked on

2018-12-07 01:28:40 - [MESSAGE][PASSED] - Object: 'Object Repository/Final Object Repo/Page_Update Add New Employee - ASSIST/Add Document for Pending Case' is clicked on

2018-12-07 01:28:40 - [TEST_STEP][PASSED] - delay: Delayed 10 second(s)

2018-12-07 01:28:50 - [MESSAGE][PASSED] - Delayed 10 second(s)

2018-12-07 01:28:50 - [TEST_STEP][PASSED] - click: Object: 'Object Repository/Final Object Repo/Page_Update Add New Employee - ASSIST/Upload Pending Doc - Please Select' is clicked on

2018-12-07 01:28:50 - [MESSAGE][PASSED] - Object: 'Object Repository/Final Object Repo/Page_Update Add New Employee - ASSIST/Upload Pending Doc - Please Select' is clicked on

2018-12-07 01:28:50 - [TEST_STEP][PASSED] - click: Object: 'Object Repository/Final Object Repo/Page_Update Add New Employee - ASSIST/Select to Others to Upload' is clicked on

2018-12-07 01:28:50 - [MESSAGE][PASSED] - Object: 'Object Repository/Final Object Repo/Page_Update Add New Employee - ASSIST/Select to Others to Upload' is clicked on

2018-12-07 01:28:50 - [TEST_STEP][PASSED] - uploadFile: File 'C:\Users\Public\Pictures\Sample Pictures\Koala.jpg' sent to object: 'Object Repository/Final Object Repo/Page_Update Add New Employee - ASSIST/Uploading Pending Case Action'

2018-12-07 01:28:50 - [MESSAGE][PASSED] - File 'C:\Users\Public\Pictures\Sample Pictures\Koala.jpg' sent to object: 'Object Repository/Final Object Repo/Page_Update Add New Employee - ASSIST/Uploading Pending Case Action'

2018-12-07 01:28:50 - [TEST_STEP][PASSED] - click: Object: 'Object Repository/Final Object Repo/Page_Update Add New Employee - ASSIST/Inner form Add Document Button Pending Case' is clicked on

2018-12-07 01:28:50 - [MESSAGE][PASSED] - Object: 'Object Repository/Final Object Repo/Page_Update Add New Employee - ASSIST/Inner form Add Document Button Pending Case' is clicked on

2018-12-07 01:28:50 - [TEST_STEP][PASSED] - delay: Delayed 2 second(s)

2018-12-07 01:28:52 - [MESSAGE][PASSED] - Delayed 2 second(s)

2018-12-07 01:28:52 - [TEST_STEP][PASSED] - click: Object: 'Object Repository/Final Object Repo/Page_Update Add New Employee - ASSIST/Pending Case Exit' is clicked on

2018-12-07 01:28:55 - [MESSAGE][PASSED] - Object: 'Object Repository/Final Object Repo/Page_Update Add New Employee - ASSIST/Pending Case Exit' is clicked on

2018-12-07 01:28:55 - [TEST_STEP][PASSED] - callTestCase: Call Test Case 'Test Cases/Final Aug 2018 - PKS Automation/Registration Module/Log Out/log out avoiding katalon tagging' successfully

2018-12-07 01:28:55 - [TEST_CASE][PASSED] - Test Cases/Final Aug 2018 - PKS Automation/Registration Module/Log Out/log out avoiding katalon tagging: Test Cases/Final Aug 2018 - PKS Automation/Registration Module/Log Out/log out avoiding katalon tagging

2018-12-07 01:28:55 - [TEST_STEP][PASSED] - navigateToUrl: Navigate to 'https://assist2-uat.perkeso.gov.my/c/portal/logout' successfully

2018-12-07 01:28:56 - [MESSAGE][PASSED] - Navigate to 'https://assist2-uat.perkeso.gov.my/c/portal/logout' successfully

2018-12-07 01:28:56 - [MESSAGE][PASSED] - Call Test Case 'Test Cases/Final Aug 2018 - PKS Automation/Registration Module/Log Out/log out avoiding katalon tagging' successfully

2018-12-07 01:28:56 - [TEST_STEP][PASSED] - callTestCase: Call Test Case 'Test Cases/Final Aug 2018 - PKS Automation/Common/Workflow Owner Finder' successfully

2018-12-07 01:28:56 - [TEST_CASE][PASSED] - Test Cases/Final Aug 2018 - PKS Automation/Common/Workflow Owner Finder: Test Cases/Final Aug 2018 - PKS Automation/Common/Workflow Owner Finder

2018-12-07 01:28:56 - [TEST_STEP][PASSED] - openBrowser: Browser is opened with url: ''

2018-12-07 01:28:56 - [MESSAGE][WARNING] - A browser is already opened. Closing browser and opening a new one

2018-12-07 01:29:00 - [MESSAGE][PASSED] - Browser is opened with url: ''

2018-12-07 01:29:00 - [TEST_STEP][PASSED] - navigateToUrl: Navigate to 'https://assist2-uat.perkeso.gov.my/login' successfully

2018-12-07 01:29:01 - [MESSAGE][PASSED] - Navigate to 'https://assist2-uat.perkeso.gov.my/login' successfully

2018-12-07 01:29:01 - [TEST_STEP][PASSED] - delay: Delayed 5 second(s)

2018-12-07 01:29:06 - [MESSAGE][PASSED] - Delayed 5 second(s)

2018-12-07 01:29:06 - [TEST_STEP][PASSED] - setText: Text 'test@liferay.com' is set on object 'Object Repository/Final Object Repo/Login Page/Internal User/Email Address'

2018-12-07 01:29:06 - [MESSAGE][PASSED] - Text 'test@liferay.com' is set on object 'Object Repository/Final Object Repo/Login Page/Internal User/Email Address'

2018-12-07 01:29:06 - [TEST_STEP][PASSED] - click: Object: 'Object Repository/Final Object Repo/Login Page/Internal User/Next Button' is clicked on

2018-12-07 01:29:06 - [MESSAGE][PASSED] - Object: 'Object Repository/Final Object Repo/Login Page/Internal User/Next Button' is clicked on

2018-12-07 01:29:06 - [TEST_STEP][PASSED] - delay: Delayed 2 second(s)

2018-12-07 01:29:08 - [MESSAGE][PASSED] - Delayed 2 second(s)

2018-12-07 01:29:08 - [TEST_STEP][PASSED] - setText: Text 'test' is set on object 'Object Repository/Final Object Repo/Login Page/Internal User/Password'

2018-12-07 01:29:08 - [MESSAGE][PASSED] - Text 'test' is set on object 'Object Repository/Final Object Repo/Login Page/Internal User/Password'

2018-12-07 01:29:08 - [TEST_STEP][PASSED] - delay: Delayed 2 second(s)

2018-12-07 01:29:10 - [MESSAGE][PASSED] - Delayed 2 second(s)

2018-12-07 01:29:10 - [TEST_STEP][PASSED] - click: Object: 'Object Repository/Final Object Repo/Login Page/Internal User/Login Button' is clicked on

2018-12-07 01:29:11 - [MESSAGE][PASSED] - Object: 'Object Repository/Final Object Repo/Login Page/Internal User/Login Button' is clicked on

2018-12-07 01:29:11 - [TEST_STEP][PASSED] - Statement - tester = com.kms.katalon.core.testobject.ObjectRepository.findTestObject(Final Object Repo/Landing Page/Select to English): Finding Test Object with id 'Object Repository/Final Object Repo/Landing Page/Select to English'

2018-12-07 01:29:11 - [TEST_STEP][PASSED] - Statement - Try: Delayed 2 second(s)

2018-12-07 01:29:11 - [TEST_STEP][PASSED] - Statement - Checker = com.kms.katalon.core.webui.keyword.WebUiBuiltInKeywords.verifyElementNotPresent(tester, 3): Web element with id: 'Object Repository/Final Object Repo/Landing Page/Select to English' located by 'By.xpath: //a[@class = 'taglib-language-list-text' and @lang = 'en-US' and (contains(text(), 'EN') or contains(., 'EN'))]' is not present after '3' second(s)

2018-12-07 01:29:12 - [MESSAGE][PASSED] - Web element with id: 'Object Repository/Final Object Repo/Landing Page/Select to English' located by 'By.xpath: //a[@class = 'taglib-language-list-text' and @lang = 'en-US' and (contains(text(), 'EN') or contains(., 'EN'))]' is not present after '3' second(s)

2018-12-07 01:29:12 - [TEST_STEP][PASSED] - Statement - If (Checker == false): null

2018-12-07 01:29:12 - [TEST_STEP][PASSED] - delay: Delayed 2 second(s)

2018-12-07 01:29:14 - [MESSAGE][PASSED] - Delayed 2 second(s)

2018-12-07 01:29:14 - [TEST_STEP][PASSED] - delay: Delayed 5 second(s)

2018-12-07 01:29:19 - [MESSAGE][PASSED] - Delayed 5 second(s)

2018-12-07 01:29:19 - [TEST_STEP][PASSED] - mouseOver: Object: 'Object Repository/Final Object Repo/Landing Page/WorkFlow Menu' is hovered

2018-12-07 01:29:20 - [MESSAGE][PASSED] - Object: 'Object Repository/Final Object Repo/Landing Page/WorkFlow Menu' is hovered

2018-12-07 01:29:20 - [TEST_STEP][PASSED] - delay: Delayed 2 second(s)

2018-12-07 01:29:22 - [MESSAGE][PASSED] - Delayed 2 second(s)

2018-12-07 01:29:22 - [TEST_STEP][PASSED] - click: Object: 'Object Repository/Final Object Repo/Landing Page/Select to Workflow Listing' is clicked on

2018-12-07 01:29:23 - [MESSAGE][PASSED] - Object: 'Object Repository/Final Object Repo/Landing Page/Select to Workflow Listing' is clicked on

2018-12-07 01:29:23 - [TEST_STEP][PASSED] - delay: Delayed 2 second(s)

2018-12-07 01:29:25 - [MESSAGE][PASSED] - Delayed 2 second(s)

2018-12-07 01:29:25 - [TEST_STEP][PASSED] - click: Object: 'Object Repository/Final Object Repo/WorkFlow Listing Page/Search Information - To Put Ref No' is clicked on

2018-12-07 01:29:25 - [MESSAGE][PASSED] - Object: 'Object Repository/Final Object Repo/WorkFlow Listing Page/Search Information - To Put Ref No' is clicked on

2018-12-07 01:29:25 - [TEST_STEP][PASSED] - delay: Delayed 2 second(s)

2018-12-07 01:29:27 - [MESSAGE][PASSED] - Delayed 2 second(s)

2018-12-07 01:29:27 - [TEST_STEP][PASSED] - callTestCase: Call Test Case 'Test Cases/Final Aug 2018 - PKS Automation/Common/Reference Number Getter' successfully

2018-12-07 01:29:27 - [TEST_CASE][PASSED] - Test Cases/Final Aug 2018 - PKS Automation/Common/Reference Number Getter: Test Cases/Final Aug 2018 - PKS Automation/Common/Reference Number Getter

2018-12-07 01:29:27 - [TEST_STEP][PASSED] - Statement - Try: null

2018-12-07 01:29:27 - [TEST_STEP][PASSED] - Statement - RefNo = new java.io.File(C://Users//Admin//Desktop//PKS//Automation Reference Point//KatalonReference.txt): null

2018-12-07 01:29:27 - [TEST_STEP][PASSED] - Statement - bufferread = new java.io.BufferedReader(new java.io.FileReader(RefNo)): null

2018-12-07 01:29:27 - [TEST_STEP][PASSED] - Statement - readedVal = bufferread.readLine(): null

2018-12-07 01:29:27 - [TEST_STEP][PASSED] - Statement - out.println(CaseReferenceNo): null

2018-12-07 01:29:27 - [TEST_STEP][PASSED] - Statement - out.println(readedVal): null

2018-12-07 01:29:27 - [TEST_STEP][PASSED] - Statement - CaseReferenceNo = "": null

2018-12-07 01:29:27 - [TEST_STEP][PASSED] - Statement - CaseReferenceNo = readedVal: null

2018-12-07 01:29:27 - [MESSAGE][PASSED] - Call Test Case 'Test Cases/Final Aug 2018 - PKS Automation/Common/Reference Number Getter' successfully

2018-12-07 01:29:27 - [TEST_STEP][PASSED] - setText: Text 'CAN12201800002276' is set on object 'Object Repository/Final Object Repo/WorkFlow Listing Page/Ref No Set Text'

2018-12-07 01:29:27 - [MESSAGE][PASSED] - Text 'CAN12201800002276' is set on object 'Object Repository/Final Object Repo/WorkFlow Listing Page/Ref No Set Text'

2018-12-07 01:29:27 - [TEST_STEP][PASSED] - delay: Delayed 2 second(s)

2018-12-07 01:29:29 - [MESSAGE][PASSED] - Delayed 2 second(s)

2018-12-07 01:29:29 - [TEST_STEP][PASSED] - click: Object: 'Object Repository/Final Object Repo/WorkFlow Listing Page/Search Ref No Search Button' is clicked on

2018-12-07 01:29:30 - [MESSAGE][PASSED] - Object: 'Object Repository/Final Object Repo/WorkFlow Listing Page/Search Ref No Search Button' is clicked on

2018-12-07 01:29:30 - [TEST_STEP][PASSED] - delay: Delayed 6 second(s)

2018-12-07 01:29:36 - [MESSAGE][PASSED] - Delayed 6 second(s)

2018-12-07 01:29:36 - [TEST_STEP][PASSED] - click: Object: 'Object Repository/Final Object Repo/WorkFlow Listing Page/Click Continue Tooltip' is clicked on

2018-12-07 01:29:36 - [MESSAGE][PASSED] - Object: 'Object Repository/Final Object Repo/WorkFlow Listing Page/Click Continue Tooltip' is clicked on

2018-12-07 01:29:36 - [TEST_STEP][PASSED] - delay: Delayed 5 second(s)

2018-12-07 01:29:41 - [MESSAGE][PASSED] - Delayed 5 second(s)

2018-12-07 01:29:41 - [TEST_STEP][PASSED] - doubleClick: Object: 'Object Repository/Final Object Repo/WorkFlow Listing Page/Workflow Found - Listing 1' is double clicked on

2018-12-07 01:29:42 - [MESSAGE][PASSED] - Object: 'Object Repository/Final Object Repo/WorkFlow Listing Page/Workflow Found - Listing 1' is double clicked on

2018-12-07 01:29:42 - [TEST_STEP][PASSED] - Statement - println(OwnerID): null

2018-12-07 01:29:42 - [TEST_STEP][PASSED] - Statement - OwnerID = com.kms.katalon.core.webui.keyword.WebUiBuiltInKeywords.getText(com.kms.katalon.core.testobject.ObjectRepository.findTestObject(Final Object Repo/WorkFlow Listing Page/Workflow Found - Listing 1), STOP_ON_FAILURE): Text of object 'Object Repository/Final Object Repo/WorkFlow Listing Page/Workflow Found - Listing 1' is: 'JOHORro2'

2018-12-07 01:29:42 - [MESSAGE][PASSED] - Text of object 'Object Repository/Final Object Repo/WorkFlow Listing Page/Workflow Found - Listing 1' is: 'JOHORro2'

2018-12-07 01:29:42 - [TEST_STEP][PASSED] - Statement - OwnerID = OwnerID.toLowerCase() + "@gmail.com": null

2018-12-07 01:29:42 - [TEST_STEP][PASSED] - Statement - println(OwnerID): null

2018-12-07 01:29:42 - [TEST_STEP][PASSED] - delay: Delayed 2 second(s)

2018-12-07 01:29:44 - [MESSAGE][PASSED] - Delayed 2 second(s)

2018-12-07 01:29:44 - [MESSAGE][PASSED] - Call Test Case 'Test Cases/Final Aug 2018 - PKS Automation/Common/Workflow Owner Finder' successfully

2018-12-07 01:29:44 - [TEST_STEP][PASSED] - callTestCase: Call Test Case 'Test Cases/Final Aug 2018 - PKS Automation/Registration Module/Log Out/log out avoiding katalon tagging' successfully

2018-12-07 01:29:44 - [TEST_CASE][PASSED] - Test Cases/Final Aug 2018 - PKS Automation/Registration Module/Log Out/log out avoiding katalon tagging: Test Cases/Final Aug 2018 - PKS Automation/Registration Module/Log Out/log out avoiding katalon tagging

2018-12-07 01:29:44 - [TEST_STEP][PASSED] - navigateToUrl: Navigate to 'https://assist2-uat.perkeso.gov.my/c/portal/logout' successfully

2018-12-07 01:29:44 - [MESSAGE][PASSED] - Navigate to 'https://assist2-uat.perkeso.gov.my/c/portal/logout' successfully

2018-12-07 01:29:44 - [MESSAGE][PASSED] - Call Test Case 'Test Cases/Final Aug 2018 - PKS Automation/Registration Module/Log Out/log out avoiding katalon tagging' successfully

2018-12-07 01:29:44 - [TEST_STEP][PASSED] - delay: Delayed 2 second(s)

2018-12-07 01:29:46 - [MESSAGE][PASSED] - Delayed 2 second(s)

2018-12-07 01:29:46 - [TEST_STEP][PASSED] - setText: Text 'johorro2@gmail.com' is set on object 'Object Repository/Final Object Repo/Page_Update Add New Employee - ASSIST/Email TextBox'

2018-12-07 01:29:47 - [MESSAGE][PASSED] - Text 'johorro2@gmail.com' is set on object 'Object Repository/Final Object Repo/Page_Update Add New Employee - ASSIST/Email TextBox'

2018-12-07 01:29:47 - [TEST_STEP][PASSED] - click: Object: 'Object Repository/Final Object Repo/Page_Update Add New Employee - ASSIST/Next Button' is clicked on

2018-12-07 01:29:47 - [MESSAGE][PASSED] - Object: 'Object Repository/Final Object Repo/Page_Update Add New Employee - ASSIST/Next Button' is clicked on

2018-12-07 01:29:47 - [TEST_STEP][PASSED] - delay: Delayed 2 second(s)

2018-12-07 01:29:49 - [MESSAGE][PASSED] - Delayed 2 second(s)

2018-12-07 01:29:49 - [TEST_STEP][PASSED] - setText: Text 'Test1@3456789' is set on object 'Object Repository/Final Object Repo/Page_Update Add New Employee - ASSIST/Password TextBox'

2018-12-07 01:29:49 - [MESSAGE][PASSED] - Text 'Test1@3456789' is set on object 'Object Repository/Final Object Repo/Page_Update Add New Employee - ASSIST/Password TextBox'

2018-12-07 01:29:49 - [TEST_STEP][PASSED] - delay: Delayed 2 second(s)

2018-12-07 01:29:51 - [MESSAGE][PASSED] - Delayed 2 second(s)

2018-12-07 01:29:51 - [TEST_STEP][PASSED] - click: Object: 'Object Repository/Final Object Repo/Page_Update Add New Employee - ASSIST/Login Button' is clicked on

2018-12-07 01:29:51 - [MESSAGE][PASSED] - Object: 'Object Repository/Final Object Repo/Page_Update Add New Employee - ASSIST/Login Button' is clicked on

2018-12-07 01:29:51 - [TEST_STEP][PASSED] - delay: Delayed 4 second(s)

2018-12-07 01:29:55 - [MESSAGE][PASSED] - Delayed 4 second(s)

2018-12-07 01:29:55 - [TEST_STEP][PASSED] - Statement - Try: Delayed 2 second(s)

2018-12-07 01:29:55 - [TEST_STEP][PASSED] - Statement - Checker = false: null

2018-12-07 01:29:55 - [TEST_STEP][PASSED] - Statement - Checker = com.kms.katalon.core.webui.keyword.WebUiBuiltInKeywords.verifyElementHasAttribute(com.kms.katalon.core.testobject.ObjectRepository.findTestObject(Final Object Repo/Landing Page/BM Detecting), "href", 20, OPTIONAL): Object 'Object Repository/Final Object Repo/Landing Page/BM Detecting' has attribute 'href'

2018-12-07 01:29:55 - [MESSAGE][PASSED] - Object 'Object Repository/Final Object Repo/Landing Page/BM Detecting' has attribute 'href'

2018-12-07 01:29:55 - [TEST_STEP][PASSED] - Statement - out.println(Checker): null

2018-12-07 01:29:55 - [TEST_STEP][PASSED] - Statement - If (Checker == false): null

2018-12-07 01:29:55 - [TEST_STEP][PASSED] - Statement - Else: null

2018-12-07 01:29:55 - [TEST_STEP][PASSED] - delay: Delayed 2 second(s)

2018-12-07 01:29:57 - [MESSAGE][PASSED] - Delayed 2 second(s)

2018-12-07 01:29:57 - [TEST_STEP][PASSED] - delay: Delayed 4 second(s)

2018-12-07 01:30:01 - [MESSAGE][PASSED] - Delayed 4 second(s)

2018-12-07 01:30:01 - [TEST_STEP][PASSED] - click: Object: 'Object Repository/Final Object Repo/New Registration - Registration Module Pages/New Reg - OTC to RO/Special Case - All Related Objects/Expand to Search' is clicked on

2018-12-07 01:30:02 - [MESSAGE][PASSED] - Object: 'Object Repository/Final Object Repo/New Registration - Registration Module Pages/New Reg - OTC to RO/Special Case - All Related Objects/Expand to Search' is clicked on

2018-12-07 01:30:02 - [TEST_STEP][FAILED] - setText: Unable to set text 'CAN12201800002276' of object 'Object Repository/Final Object Repo/New Registration - Registration Module Pages/New Reg - OTC to RO/Special Case - All Related Objects/TextBox RefNo in Workbasket' (Root cause: org.openqa.selenium.ElementNotVisibleException: element not interactable
  (Session info: chrome=70.0.3538.110)
  (Driver info: chromedriver=2.43.600210 (68dcf5eebde37173d4027fa8635e332711d2874a),platform=Windows NT 6.1.7601 SP1 x86_64) (WARNING: The server did not provide any stacktrace information)
Command duration or timeout: 0 milliseconds
Build info: version: '3.7.1', revision: '8a0099a', time: '2017-11-06T21:07:36.161Z'
System info: host: 'WIN7TEST02', ip: '10.20.3.72', os.name: 'Windows 7', os.arch: 'amd64', os.version: '6.1', java.version: '1.8.0_181'
Driver info: com.kms.katalon.selenium.driver.CChromeDriver
Capabilities {acceptInsecureCerts: false, acceptSslCerts: false, applicationCacheEnabled: false, browserConnectionEnabled: false, browserName: chrome, chrome: {chromedriverVersion: 2.43.600210 (68dcf5eebde371..., userDataDir: C:\Users\Admin\AppData\Loca...}, cssSelectorsEnabled: true, databaseEnabled: false, goog:chromeOptions: {debuggerAddress: localhost:63716}, handlesAlerts: true, hasTouchScreen: false, javascriptEnabled: true, locationContextEnabled: true, mobileEmulationEnabled: false, nativeEvents: true, networkConnectionEnabled: false, pageLoadStrategy: normal, platform: XP, platformName: XP, rotatable: false, setWindowRect: true, takesHeapSnapshot: true, takesScreenshot: true, unexpectedAlertBehaviour: , unhandledPromptBehavior: , version: 70.0.3538.110, webStorageEnabled: true}
Session ID: 10e0b9da3b8d041b64c334fe5ce66ffa)

2018-12-07 01:30:02 - [MESSAGE][FAILED] - Unable to set text 'CAN12201800002276' of object 'Object Repository/Final Object Repo/New Registration - Registration Module Pages/New Reg - OTC to RO/Special Case - All Related Objects/TextBox RefNo in Workbasket' (Root cause: org.openqa.selenium.ElementNotVisibleException: element not interactable
  (Session info: chrome=70.0.3538.110)
  (Driver info: chromedriver=2.43.600210 (68dcf5eebde37173d4027fa8635e332711d2874a),platform=Windows NT 6.1.7601 SP1 x86_64) (WARNING: The server did not provide any stacktrace information)
Command duration or timeout: 0 milliseconds
Build info: version: '3.7.1', revision: '8a0099a', time: '2017-11-06T21:07:36.161Z'
System info: host: 'WIN7TEST02', ip: '10.20.3.72', os.name: 'Windows 7', os.arch: 'amd64', os.version: '6.1', java.version: '1.8.0_181'
Driver info: com.kms.katalon.selenium.driver.CChromeDriver
Capabilities {acceptInsecureCerts: false, acceptSslCerts: false, applicationCacheEnabled: false, browserConnectionEnabled: false, browserName: chrome, chrome: {chromedriverVersion: 2.43.600210 (68dcf5eebde371..., userDataDir: C:\Users\Admin\AppData\Loca...}, cssSelectorsEnabled: true, databaseEnabled: false, goog:chromeOptions: {debuggerAddress: localhost:63716}, handlesAlerts: true, hasTouchScreen: false, javascriptEnabled: true, locationContextEnabled: true, mobileEmulationEnabled: false, nativeEvents: true, networkConnectionEnabled: false, pageLoadStrategy: normal, platform: XP, platformName: XP, rotatable: false, setWindowRect: true, takesHeapSnapshot: true, takesScreenshot: true, unexpectedAlertBehaviour: , unhandledPromptBehavior: , version: 70.0.3538.110, webStorageEnabled: true}
Session ID: 10e0b9da3b8d041b64c334fe5ce66ffa)
[[ATTACHMENT|C:\\Users\\Admin\\Desktop\\PKS\\Perkeso Phase A\\Reports\\Workflow\\Update Add New Employee\\20181206_171415\\1544117402232.png]]

2018-12-07 01:30:02 - [TEST_STEP][PASSED] - delay: Delayed 4 second(s)

2018-12-07 01:30:06 - [MESSAGE][PASSED] - Delayed 4 second(s)

2018-12-07 01:30:06 - [TEST_STEP][PASSED] - click: Object: 'Object Repository/Final Object Repo/New Registration - Registration Module Pages/New Reg - OTC to RO/Special Case - All Related Objects/Click Search' is clicked on

2018-12-07 01:30:06 - [MESSAGE][PASSED] - Object: 'Object Repository/Final Object Repo/New Registration - Registration Module Pages/New Reg - OTC to RO/Special Case - All Related Objects/Click Search' is clicked on

2018-12-07 01:30:06 - [TEST_STEP][PASSED] - delay: Delayed 2 second(s)

2018-12-07 01:30:08 - [MESSAGE][PASSED] - Delayed 2 second(s)

2018-12-07 01:30:08 - [TEST_STEP][PASSED] - click: Object: 'Object Repository/Final Object Repo/New Registration - Registration Module Pages/New Reg - OTC to RO/Special Case - All Related Objects/Click to Continue Workflow' is clicked on

2018-12-07 01:30:12 - [MESSAGE][PASSED] - Object: 'Object Repository/Final Object Repo/New Registration - Registration Module Pages/New Reg - OTC to RO/Special Case - All Related Objects/Click to Continue Workflow' is clicked on

2018-12-07 01:30:12 - [TEST_STEP][PASSED] - delay: Delayed 0 second(s)

2018-12-07 01:30:12 - [MESSAGE][PASSED] - Delayed 0 second(s)

2018-12-07 01:30:12 - [TEST_STEP][PASSED] - click: Object: 'Object Repository/Final Object Repo/New Registration - Registration Module Pages/New Reg - OTC to RO/Special Case - All Related Objects/Continue Button in verifying case' is clicked on

2018-12-07 01:30:15 - [MESSAGE][PASSED] - Object: 'Object Repository/Final Object Repo/New Registration - Registration Module Pages/New Reg - OTC to RO/Special Case - All Related Objects/Continue Button in verifying case' is clicked on

2018-12-07 01:30:15 - [TEST_STEP][PASSED] - delay: Delayed 2 second(s)

2018-12-07 01:30:17 - [MESSAGE][PASSED] - Delayed 2 second(s)

2018-12-07 01:30:17 - [TEST_STEP][PASSED] - click: Object: 'Object Repository/Final Object Repo/Page_Update Add New Employee - ASSIST/Save  Continue Button' is clicked on

2018-12-07 01:30:18 - [MESSAGE][PASSED] - Object: 'Object Repository/Final Object Repo/Page_Update Add New Employee - ASSIST/Save  Continue Button' is clicked on

2018-12-07 01:30:18 - [TEST_STEP][PASSED] - delay: Delayed 4 second(s)

2018-12-07 01:30:22 - [MESSAGE][PASSED] - Delayed 4 second(s)

2018-12-07 01:30:22 - [TEST_STEP][PASSED] - click: Object: 'Object Repository/Final Object Repo/Page_Update Add New Employee - ASSIST/Save  Continue Third Screen' is clicked on

2018-12-07 01:30:25 - [MESSAGE][PASSED] - Object: 'Object Repository/Final Object Repo/Page_Update Add New Employee - ASSIST/Save  Continue Third Screen' is clicked on

2018-12-07 01:30:25 - [TEST_STEP][PASSED] - delay: Delayed 4 second(s)

2018-12-07 01:30:29 - [MESSAGE][PASSED] - Delayed 4 second(s)

2018-12-07 01:30:29 - [TEST_STEP][PASSED] - click: Object: 'Object Repository/Final Object Repo/Page_Update Add New Employee - ASSIST/Save   Continue Supporting Doc Page' is clicked on

2018-12-07 01:30:29 - [MESSAGE][PASSED] - Object: 'Object Repository/Final Object Repo/Page_Update Add New Employee - ASSIST/Save   Continue Supporting Doc Page' is clicked on

2018-12-07 01:30:29 - [TEST_STEP][PASSED] - delay: Delayed 4 second(s)

2018-12-07 01:30:33 - [MESSAGE][PASSED] - Delayed 4 second(s)

2018-12-07 01:30:33 - [TEST_STEP][PASSED] - click: Object: 'Object Repository/Final Object Repo/Page_Update Add New Employee - ASSIST/Submit Button' is clicked on

2018-12-07 01:30:33 - [MESSAGE][PASSED] - Object: 'Object Repository/Final Object Repo/Page_Update Add New Employee - ASSIST/Submit Button' is clicked on

2018-12-07 01:30:33 - [TEST_STEP][PASSED] - delay: Delayed 4 second(s)

2018-12-07 01:30:37 - [MESSAGE][PASSED] - Delayed 4 second(s)

2018-12-07 01:30:37 - [TEST_STEP][PASSED] - click: Object: 'Object Repository/Final Object Repo/Page_Update Add New Employee - ASSIST/Confirm Submit Button' is clicked on

2018-12-07 01:30:37 - [MESSAGE][PASSED] - Object: 'Object Repository/Final Object Repo/Page_Update Add New Employee - ASSIST/Confirm Submit Button' is clicked on

2018-12-07 01:30:37 - [TEST_STEP][PASSED] - delay: Delayed 30 second(s)

2018-12-07 01:31:07 - [MESSAGE][PASSED] - Delayed 30 second(s)

2018-12-07 01:31:07 - [TEST_STEP][PASSED] - callTestCase: Call Test Case 'Test Cases/Final Aug 2018 - PKS Automation/Common/Screenshoting tool' successfully

2018-12-07 01:31:07 - [TEST_CASE][PASSED] - Test Cases/Final Aug 2018 - PKS Automation/Common/Screenshoting tool: Test Cases/Final Aug 2018 - PKS Automation/Common/Screenshoting tool

2018-12-07 01:31:07 - [TEST_STEP][PASSED] - delay: Delayed 15 second(s)

2018-12-07 01:31:22 - [MESSAGE][PASSED] - Delayed 15 second(s)

2018-12-07 01:31:22 - [TEST_STEP][PASSED] - Statement - driver = com.kms.katalon.core.webui.driver.DriverFactory.getWebDriver(): null

2018-12-07 01:31:22 - [TEST_STEP][PASSED] - Statement - driver.manage().timeouts().implicitlyWait(10, SECONDS): null

2018-12-07 01:31:22 - [TEST_STEP][PASSED] - Statement - PresavePath = KatalonScreenshots: null

2018-12-07 01:31:22 - [TEST_STEP][PASSED] - Statement - pathPrefix = "C:\Users\Public\Pictures\Sample Pictures\Katalon Screenshots\Automate Ending Screen": null

2018-12-07 01:31:22 - [TEST_STEP][PASSED] - Statement - finalPath = <not implemented yet for class: org.codehaus.groovy.ast.expr.EmptyExpression>: null

2018-12-07 01:31:22 - [TEST_STEP][PASSED] - Statement - scrFile = driver.getScreenshotAs(FILE): null

2018-12-07 01:31:23 - [TEST_STEP][PASSED] - Statement - PreSaveFile = new java.io.File(PresavePath): null

2018-12-07 01:31:23 - [TEST_STEP][PASSED] - Statement - counter = 0: null

2018-12-07 01:31:23 - [TEST_STEP][PASSED] - Statement - If (PreSaveFile.exists()): null

2018-12-07 01:31:23 - [TEST_STEP][PASSED] - Statement - While (PreSaveFile.exists()): null

2018-12-07 01:31:23 - [TEST_STEP][PASSED] - Statement - counter = counter + 1: null

2018-12-07 01:31:23 - [TEST_STEP][PASSED] - Statement - PreSaveFile = new java.io.File(((pathPrefix + java.lang.Integer.toString(counter)) + .png)): null

2018-12-07 01:31:23 - [TEST_STEP][PASSED] - Statement - counter = counter + 1: null

2018-12-07 01:31:23 - [TEST_STEP][PASSED] - Statement - PreSaveFile = new java.io.File(((pathPrefix + java.lang.Integer.toString(counter)) + .png)): null

2018-12-07 01:31:23 - [TEST_STEP][PASSED] - Statement - counter = counter + 1: null

2018-12-07 01:31:23 - [TEST_STEP][PASSED] - Statement - PreSaveFile = new java.io.File(((pathPrefix + java.lang.Integer.toString(counter)) + .png)): null

2018-12-07 01:31:23 - [TEST_STEP][PASSED] - Statement - counter = counter + 1: null

2018-12-07 01:31:23 - [TEST_STEP][PASSED] - Statement - PreSaveFile = new java.io.File(((pathPrefix + java.lang.Integer.toString(counter)) + .png)): null

2018-12-07 01:31:23 - [TEST_STEP][PASSED] - Statement - counter = counter + 1: null

2018-12-07 01:31:23 - [TEST_STEP][PASSED] - Statement - PreSaveFile = new java.io.File(((pathPrefix + java.lang.Integer.toString(counter)) + .png)): null

2018-12-07 01:31:23 - [TEST_STEP][PASSED] - Statement - counter = counter + 1: null

2018-12-07 01:31:23 - [TEST_STEP][PASSED] - Statement - PreSaveFile = new java.io.File(((pathPrefix + java.lang.Integer.toString(counter)) + .png)): null

2018-12-07 01:31:23 - [TEST_STEP][PASSED] - Statement - counter = counter + 1: null

2018-12-07 01:31:23 - [TEST_STEP][PASSED] - Statement - PreSaveFile = new java.io.File(((pathPrefix + java.lang.Integer.toString(counter)) + .png)): null

2018-12-07 01:31:23 - [TEST_STEP][PASSED] - Statement - counter = counter + 1: null

2018-12-07 01:31:23 - [TEST_STEP][PASSED] - Statement - PreSaveFile = new java.io.File(((pathPrefix + java.lang.Integer.toString(counter)) + .png)): null

2018-12-07 01:31:23 - [TEST_STEP][PASSED] - Statement - counter = counter + 1: null

2018-12-07 01:31:23 - [TEST_STEP][PASSED] - Statement - PreSaveFile = new java.io.File(((pathPrefix + java.lang.Integer.toString(counter)) + .png)): null

2018-12-07 01:31:23 - [TEST_STEP][PASSED] - Statement - counter = counter + 1: null

2018-12-07 01:31:23 - [TEST_STEP][PASSED] - Statement - PreSaveFile = new java.io.File(((pathPrefix + java.lang.Integer.toString(counter)) + .png)): null

2018-12-07 01:31:23 - [TEST_STEP][PASSED] - Statement - counter = counter + 1: null

2018-12-07 01:31:23 - [TEST_STEP][PASSED] - Statement - PreSaveFile = new java.io.File(((pathPrefix + java.lang.Integer.toString(counter)) + .png)): null

2018-12-07 01:31:23 - [TEST_STEP][PASSED] - Statement - counter = counter + 1: null

2018-12-07 01:31:23 - [TEST_STEP][PASSED] - Statement - PreSaveFile = new java.io.File(((pathPrefix + java.lang.Integer.toString(counter)) + .png)): null

2018-12-07 01:31:23 - [TEST_STEP][PASSED] - Statement - counter = counter + 1: null

2018-12-07 01:31:23 - [TEST_STEP][PASSED] - Statement - PreSaveFile = new java.io.File(((pathPrefix + java.lang.Integer.toString(counter)) + .png)): null

2018-12-07 01:31:23 - [TEST_STEP][PASSED] - Statement - counter = counter + 1: null

2018-12-07 01:31:23 - [TEST_STEP][PASSED] - Statement - PreSaveFile = new java.io.File(((pathPrefix + java.lang.Integer.toString(counter)) + .png)): null

2018-12-07 01:31:23 - [TEST_STEP][PASSED] - Statement - counter = counter + 1: null

2018-12-07 01:31:23 - [TEST_STEP][PASSED] - Statement - PreSaveFile = new java.io.File(((pathPrefix + java.lang.Integer.toString(counter)) + .png)): null

2018-12-07 01:31:23 - [TEST_STEP][PASSED] - Statement - counter = counter + 1: null

2018-12-07 01:31:23 - [TEST_STEP][PASSED] - Statement - PreSaveFile = new java.io.File(((pathPrefix + java.lang.Integer.toString(counter)) + .png)): null

2018-12-07 01:31:23 - [TEST_STEP][PASSED] - Statement - counter = counter + 1: null

2018-12-07 01:31:23 - [TEST_STEP][PASSED] - Statement - PreSaveFile = new java.io.File(((pathPrefix + java.lang.Integer.toString(counter)) + .png)): null

2018-12-07 01:31:23 - [TEST_STEP][PASSED] - Statement - counter = counter + 1: null

2018-12-07 01:31:23 - [TEST_STEP][PASSED] - Statement - PreSaveFile = new java.io.File(((pathPrefix + java.lang.Integer.toString(counter)) + .png)): null

2018-12-07 01:31:23 - [TEST_STEP][PASSED] - Statement - counter = counter + 1: null

2018-12-07 01:31:23 - [TEST_STEP][PASSED] - Statement - PreSaveFile = new java.io.File(((pathPrefix + java.lang.Integer.toString(counter)) + .png)): null

2018-12-07 01:31:23 - [TEST_STEP][PASSED] - Statement - counter = counter + 1: null

2018-12-07 01:31:23 - [TEST_STEP][PASSED] - Statement - PreSaveFile = new java.io.File(((pathPrefix + java.lang.Integer.toString(counter)) + .png)): null

2018-12-07 01:31:23 - [TEST_STEP][PASSED] - Statement - counter = counter + 1: null

2018-12-07 01:31:23 - [TEST_STEP][PASSED] - Statement - PreSaveFile = new java.io.File(((pathPrefix + java.lang.Integer.toString(counter)) + .png)): null

2018-12-07 01:31:23 - [TEST_STEP][PASSED] - Statement - counter = counter + 1: null

2018-12-07 01:31:23 - [TEST_STEP][PASSED] - Statement - PreSaveFile = new java.io.File(((pathPrefix + java.lang.Integer.toString(counter)) + .png)): null

2018-12-07 01:31:23 - [TEST_STEP][PASSED] - Statement - counter = counter + 1: null

2018-12-07 01:31:23 - [TEST_STEP][PASSED] - Statement - PreSaveFile = new java.io.File(((pathPrefix + java.lang.Integer.toString(counter)) + .png)): null

2018-12-07 01:31:23 - [TEST_STEP][PASSED] - Statement - counter = counter + 1: null

2018-12-07 01:31:23 - [TEST_STEP][PASSED] - Statement - PreSaveFile = new java.io.File(((pathPrefix + java.lang.Integer.toString(counter)) + .png)): null

2018-12-07 01:31:23 - [TEST_STEP][PASSED] - Statement - counter = counter + 1: null

2018-12-07 01:31:23 - [TEST_STEP][PASSED] - Statement - PreSaveFile = new java.io.File(((pathPrefix + java.lang.Integer.toString(counter)) + .png)): null

2018-12-07 01:31:23 - [TEST_STEP][PASSED] - Statement - counter = counter + 1: null

2018-12-07 01:31:23 - [TEST_STEP][PASSED] - Statement - PreSaveFile = new java.io.File(((pathPrefix + java.lang.Integer.toString(counter)) + .png)): null

2018-12-07 01:31:23 - [TEST_STEP][PASSED] - Statement - counter = counter + 1: null

2018-12-07 01:31:23 - [TEST_STEP][PASSED] - Statement - PreSaveFile = new java.io.File(((pathPrefix + java.lang.Integer.toString(counter)) + .png)): null

2018-12-07 01:31:23 - [TEST_STEP][PASSED] - Statement - counter = counter + 1: null

2018-12-07 01:31:23 - [TEST_STEP][PASSED] - Statement - PreSaveFile = new java.io.File(((pathPrefix + java.lang.Integer.toString(counter)) + .png)): null

2018-12-07 01:31:23 - [TEST_STEP][PASSED] - Statement - counter = counter + 1: null

2018-12-07 01:31:23 - [TEST_STEP][PASSED] - Statement - PreSaveFile = new java.io.File(((pathPrefix + java.lang.Integer.toString(counter)) + .png)): null

2018-12-07 01:31:23 - [TEST_STEP][PASSED] - Statement - counter = counter + 1: null

2018-12-07 01:31:23 - [TEST_STEP][PASSED] - Statement - PreSaveFile = new java.io.File(((pathPrefix + java.lang.Integer.toString(counter)) + .png)): null

2018-12-07 01:31:23 - [TEST_STEP][PASSED] - Statement - counter = counter + 1: null

2018-12-07 01:31:23 - [TEST_STEP][PASSED] - Statement - PreSaveFile = new java.io.File(((pathPrefix + java.lang.Integer.toString(counter)) + .png)): null

2018-12-07 01:31:23 - [TEST_STEP][PASSED] - Statement - counter = counter + 1: null

2018-12-07 01:31:23 - [TEST_STEP][PASSED] - Statement - PreSaveFile = new java.io.File(((pathPrefix + java.lang.Integer.toString(counter)) + .png)): null

2018-12-07 01:31:23 - [TEST_STEP][PASSED] - Statement - counter = counter + 1: null

2018-12-07 01:31:23 - [TEST_STEP][PASSED] - Statement - PreSaveFile = new java.io.File(((pathPrefix + java.lang.Integer.toString(counter)) + .png)): null

2018-12-07 01:31:23 - [TEST_STEP][PASSED] - Statement - counter = counter + 1: null

2018-12-07 01:31:23 - [TEST_STEP][PASSED] - Statement - PreSaveFile = new java.io.File(((pathPrefix + java.lang.Integer.toString(counter)) + .png)): null

2018-12-07 01:31:23 - [TEST_STEP][PASSED] - Statement - counter = counter + 1: null

2018-12-07 01:31:23 - [TEST_STEP][PASSED] - Statement - PreSaveFile = new java.io.File(((pathPrefix + java.lang.Integer.toString(counter)) + .png)): null

2018-12-07 01:31:23 - [TEST_STEP][PASSED] - Statement - counter = counter + 1: null

2018-12-07 01:31:23 - [TEST_STEP][PASSED] - Statement - PreSaveFile = new java.io.File(((pathPrefix + java.lang.Integer.toString(counter)) + .png)): null

2018-12-07 01:31:23 - [TEST_STEP][PASSED] - Statement - counter = counter + 1: null

2018-12-07 01:31:23 - [TEST_STEP][PASSED] - Statement - PreSaveFile = new java.io.File(((pathPrefix + java.lang.Integer.toString(counter)) + .png)): null

2018-12-07 01:31:23 - [TEST_STEP][PASSED] - Statement - counter = counter + 1: null

2018-12-07 01:31:23 - [TEST_STEP][PASSED] - Statement - PreSaveFile = new java.io.File(((pathPrefix + java.lang.Integer.toString(counter)) + .png)): null

2018-12-07 01:31:23 - [TEST_STEP][PASSED] - Statement - counter = counter + 1: null

2018-12-07 01:31:23 - [TEST_STEP][PASSED] - Statement - PreSaveFile = new java.io.File(((pathPrefix + java.lang.Integer.toString(counter)) + .png)): null

2018-12-07 01:31:23 - [TEST_STEP][PASSED] - Statement - counter = counter + 1: null

2018-12-07 01:31:23 - [TEST_STEP][PASSED] - Statement - PreSaveFile = new java.io.File(((pathPrefix + java.lang.Integer.toString(counter)) + .png)): null

2018-12-07 01:31:23 - [TEST_STEP][PASSED] - Statement - counter = counter + 1: null

2018-12-07 01:31:23 - [TEST_STEP][PASSED] - Statement - PreSaveFile = new java.io.File(((pathPrefix + java.lang.Integer.toString(counter)) + .png)): null

2018-12-07 01:31:23 - [TEST_STEP][PASSED] - Statement - counter = counter + 1: null

2018-12-07 01:31:23 - [TEST_STEP][PASSED] - Statement - PreSaveFile = new java.io.File(((pathPrefix + java.lang.Integer.toString(counter)) + .png)): null

2018-12-07 01:31:23 - [TEST_STEP][PASSED] - Statement - counter = counter + 1: null

2018-12-07 01:31:23 - [TEST_STEP][PASSED] - Statement - PreSaveFile = new java.io.File(((pathPrefix + java.lang.Integer.toString(counter)) + .png)): null

2018-12-07 01:31:23 - [TEST_STEP][PASSED] - Statement - counter = counter + 1: null

2018-12-07 01:31:23 - [TEST_STEP][PASSED] - Statement - PreSaveFile = new java.io.File(((pathPrefix + java.lang.Integer.toString(counter)) + .png)): null

2018-12-07 01:31:23 - [TEST_STEP][PASSED] - Statement - counter = counter + 1: null

2018-12-07 01:31:23 - [TEST_STEP][PASSED] - Statement - PreSaveFile = new java.io.File(((pathPrefix + java.lang.Integer.toString(counter)) + .png)): null

2018-12-07 01:31:23 - [TEST_STEP][PASSED] - Statement - counter = counter + 1: null

2018-12-07 01:31:23 - [TEST_STEP][PASSED] - Statement - PreSaveFile = new java.io.File(((pathPrefix + java.lang.Integer.toString(counter)) + .png)): null

2018-12-07 01:31:23 - [TEST_STEP][PASSED] - Statement - counter = counter + 1: null

2018-12-07 01:31:23 - [TEST_STEP][PASSED] - Statement - PreSaveFile = new java.io.File(((pathPrefix + java.lang.Integer.toString(counter)) + .png)): null

2018-12-07 01:31:23 - [TEST_STEP][PASSED] - Statement - counter = counter + 1: null

2018-12-07 01:31:23 - [TEST_STEP][PASSED] - Statement - PreSaveFile = new java.io.File(((pathPrefix + java.lang.Integer.toString(counter)) + .png)): null

2018-12-07 01:31:23 - [TEST_STEP][PASSED] - Statement - counter = counter + 1: null

2018-12-07 01:31:23 - [TEST_STEP][PASSED] - Statement - PreSaveFile = new java.io.File(((pathPrefix + java.lang.Integer.toString(counter)) + .png)): null

2018-12-07 01:31:23 - [TEST_STEP][PASSED] - Statement - counter = counter + 1: null

2018-12-07 01:31:23 - [TEST_STEP][PASSED] - Statement - PreSaveFile = new java.io.File(((pathPrefix + java.lang.Integer.toString(counter)) + .png)): null

2018-12-07 01:31:23 - [TEST_STEP][PASSED] - Statement - counter = counter + 1: null

2018-12-07 01:31:23 - [TEST_STEP][PASSED] - Statement - PreSaveFile = new java.io.File(((pathPrefix + java.lang.Integer.toString(counter)) + .png)): null

2018-12-07 01:31:23 - [TEST_STEP][PASSED] - Statement - counter = counter + 1: null

2018-12-07 01:31:23 - [TEST_STEP][PASSED] - Statement - PreSaveFile = new java.io.File(((pathPrefix + java.lang.Integer.toString(counter)) + .png)): null

2018-12-07 01:31:23 - [TEST_STEP][PASSED] - Statement - counter = counter + 1: null

2018-12-07 01:31:23 - [TEST_STEP][PASSED] - Statement - PreSaveFile = new java.io.File(((pathPrefix + java.lang.Integer.toString(counter)) + .png)): null

2018-12-07 01:31:23 - [TEST_STEP][PASSED] - Statement - counter = counter + 1: null

2018-12-07 01:31:23 - [TEST_STEP][PASSED] - Statement - PreSaveFile = new java.io.File(((pathPrefix + java.lang.Integer.toString(counter)) + .png)): null

2018-12-07 01:31:23 - [TEST_STEP][PASSED] - Statement - counter = counter + 1: null

2018-12-07 01:31:23 - [TEST_STEP][PASSED] - Statement - PreSaveFile = new java.io.File(((pathPrefix + java.lang.Integer.toString(counter)) + .png)): null

2018-12-07 01:31:23 - [TEST_STEP][PASSED] - Statement - counter = counter + 1: null

2018-12-07 01:31:23 - [TEST_STEP][PASSED] - Statement - PreSaveFile = new java.io.File(((pathPrefix + java.lang.Integer.toString(counter)) + .png)): null

2018-12-07 01:31:23 - [TEST_STEP][PASSED] - Statement - counter = counter + 1: null

2018-12-07 01:31:23 - [TEST_STEP][PASSED] - Statement - PreSaveFile = new java.io.File(((pathPrefix + java.lang.Integer.toString(counter)) + .png)): null

2018-12-07 01:31:23 - [TEST_STEP][PASSED] - Statement - counter = counter + 1: null

2018-12-07 01:31:23 - [TEST_STEP][PASSED] - Statement - PreSaveFile = new java.io.File(((pathPrefix + java.lang.Integer.toString(counter)) + .png)): null

2018-12-07 01:31:23 - [TEST_STEP][PASSED] - Statement - counter = counter + 1: null

2018-12-07 01:31:23 - [TEST_STEP][PASSED] - Statement - PreSaveFile = new java.io.File(((pathPrefix + java.lang.Integer.toString(counter)) + .png)): null

2018-12-07 01:31:23 - [TEST_STEP][PASSED] - Statement - counter = counter + 1: null

2018-12-07 01:31:23 - [TEST_STEP][PASSED] - Statement - PreSaveFile = new java.io.File(((pathPrefix + java.lang.Integer.toString(counter)) + .png)): null

2018-12-07 01:31:23 - [TEST_STEP][PASSED] - Statement - counter = counter + 1: null

2018-12-07 01:31:23 - [TEST_STEP][PASSED] - Statement - PreSaveFile = new java.io.File(((pathPrefix + java.lang.Integer.toString(counter)) + .png)): null

2018-12-07 01:31:23 - [TEST_STEP][PASSED] - Statement - counter = counter + 1: null

2018-12-07 01:31:23 - [TEST_STEP][PASSED] - Statement - PreSaveFile = new java.io.File(((pathPrefix + java.lang.Integer.toString(counter)) + .png)): null

2018-12-07 01:31:23 - [TEST_STEP][PASSED] - Statement - counter = counter + 1: null

2018-12-07 01:31:23 - [TEST_STEP][PASSED] - Statement - PreSaveFile = new java.io.File(((pathPrefix + java.lang.Integer.toString(counter)) + .png)): null

2018-12-07 01:31:23 - [TEST_STEP][PASSED] - Statement - counter = counter + 1: null

2018-12-07 01:31:23 - [TEST_STEP][PASSED] - Statement - PreSaveFile = new java.io.File(((pathPrefix + java.lang.Integer.toString(counter)) + .png)): null

2018-12-07 01:31:23 - [TEST_STEP][PASSED] - Statement - counter = counter + 1: null

2018-12-07 01:31:23 - [TEST_STEP][PASSED] - Statement - PreSaveFile = new java.io.File(((pathPrefix + java.lang.Integer.toString(counter)) + .png)): null

2018-12-07 01:31:23 - [TEST_STEP][PASSED] - Statement - counter = counter + 1: null

2018-12-07 01:31:23 - [TEST_STEP][PASSED] - Statement - PreSaveFile = new java.io.File(((pathPrefix + java.lang.Integer.toString(counter)) + .png)): null

2018-12-07 01:31:23 - [TEST_STEP][PASSED] - Statement - counter = counter + 1: null

2018-12-07 01:31:23 - [TEST_STEP][PASSED] - Statement - PreSaveFile = new java.io.File(((pathPrefix + java.lang.Integer.toString(counter)) + .png)): null

2018-12-07 01:31:23 - [TEST_STEP][PASSED] - Statement - counter = counter + 1: null

2018-12-07 01:31:23 - [TEST_STEP][PASSED] - Statement - PreSaveFile = new java.io.File(((pathPrefix + java.lang.Integer.toString(counter)) + .png)): null

2018-12-07 01:31:23 - [TEST_STEP][PASSED] - Statement - counter = counter + 1: null

2018-12-07 01:31:23 - [TEST_STEP][PASSED] - Statement - PreSaveFile = new java.io.File(((pathPrefix + java.lang.Integer.toString(counter)) + .png)): null

2018-12-07 01:31:23 - [TEST_STEP][PASSED] - Statement - counter = counter + 1: null

2018-12-07 01:31:23 - [TEST_STEP][PASSED] - Statement - PreSaveFile = new java.io.File(((pathPrefix + java.lang.Integer.toString(counter)) + .png)): null

2018-12-07 01:31:23 - [TEST_STEP][PASSED] - Statement - counter = counter + 1: null

2018-12-07 01:31:23 - [TEST_STEP][PASSED] - Statement - PreSaveFile = new java.io.File(((pathPrefix + java.lang.Integer.toString(counter)) + .png)): null

2018-12-07 01:31:23 - [TEST_STEP][PASSED] - Statement - counter = counter + 1: null

2018-12-07 01:31:23 - [TEST_STEP][PASSED] - Statement - PreSaveFile = new java.io.File(((pathPrefix + java.lang.Integer.toString(counter)) + .png)): null

2018-12-07 01:31:23 - [TEST_STEP][PASSED] - Statement - counter = counter + 1: null

2018-12-07 01:31:23 - [TEST_STEP][PASSED] - Statement - PreSaveFile = new java.io.File(((pathPrefix + java.lang.Integer.toString(counter)) + .png)): null

2018-12-07 01:31:23 - [TEST_STEP][PASSED] - Statement - counter = counter + 1: null

2018-12-07 01:31:23 - [TEST_STEP][PASSED] - Statement - PreSaveFile = new java.io.File(((pathPrefix + java.lang.Integer.toString(counter)) + .png)): null

2018-12-07 01:31:23 - [TEST_STEP][PASSED] - Statement - counter = counter + 1: null

2018-12-07 01:31:23 - [TEST_STEP][PASSED] - Statement - PreSaveFile = new java.io.File(((pathPrefix + java.lang.Integer.toString(counter)) + .png)): null

2018-12-07 01:31:23 - [TEST_STEP][PASSED] - Statement - counter = counter + 1: null

2018-12-07 01:31:23 - [TEST_STEP][PASSED] - Statement - PreSaveFile = new java.io.File(((pathPrefix + java.lang.Integer.toString(counter)) + .png)): null

2018-12-07 01:31:23 - [TEST_STEP][PASSED] - Statement - counter = counter + 1: null

2018-12-07 01:31:23 - [TEST_STEP][PASSED] - Statement - PreSaveFile = new java.io.File(((pathPrefix + java.lang.Integer.toString(counter)) + .png)): null

2018-12-07 01:31:23 - [TEST_STEP][PASSED] - Statement - counter = counter + 1: null

2018-12-07 01:31:23 - [TEST_STEP][PASSED] - Statement - PreSaveFile = new java.io.File(((pathPrefix + java.lang.Integer.toString(counter)) + .png)): null

2018-12-07 01:31:23 - [TEST_STEP][PASSED] - Statement - counter = counter + 1: null

2018-12-07 01:31:23 - [TEST_STEP][PASSED] - Statement - PreSaveFile = new java.io.File(((pathPrefix + java.lang.Integer.toString(counter)) + .png)): null

2018-12-07 01:31:23 - [TEST_STEP][PASSED] - Statement - counter = counter + 1: null

2018-12-07 01:31:23 - [TEST_STEP][PASSED] - Statement - PreSaveFile = new java.io.File(((pathPrefix + java.lang.Integer.toString(counter)) + .png)): null

2018-12-07 01:31:23 - [TEST_STEP][PASSED] - Statement - counter = counter + 1: null

2018-12-07 01:31:23 - [TEST_STEP][PASSED] - Statement - PreSaveFile = new java.io.File(((pathPrefix + java.lang.Integer.toString(counter)) + .png)): null

2018-12-07 01:31:23 - [TEST_STEP][PASSED] - Statement - counter = counter + 1: null

2018-12-07 01:31:23 - [TEST_STEP][PASSED] - Statement - PreSaveFile = new java.io.File(((pathPrefix + java.lang.Integer.toString(counter)) + .png)): null

2018-12-07 01:31:23 - [TEST_STEP][PASSED] - Statement - counter = counter + 1: null

2018-12-07 01:31:23 - [TEST_STEP][PASSED] - Statement - PreSaveFile = new java.io.File(((pathPrefix + java.lang.Integer.toString(counter)) + .png)): null

2018-12-07 01:31:23 - [TEST_STEP][PASSED] - Statement - counter = counter + 1: null

2018-12-07 01:31:23 - [TEST_STEP][PASSED] - Statement - PreSaveFile = new java.io.File(((pathPrefix + java.lang.Integer.toString(counter)) + .png)): null

2018-12-07 01:31:23 - [TEST_STEP][PASSED] - Statement - counter = counter + 1: null

2018-12-07 01:31:23 - [TEST_STEP][PASSED] - Statement - PreSaveFile = new java.io.File(((pathPrefix + java.lang.Integer.toString(counter)) + .png)): null

2018-12-07 01:31:23 - [TEST_STEP][PASSED] - Statement - counter = counter + 1: null

2018-12-07 01:31:23 - [TEST_STEP][PASSED] - Statement - PreSaveFile = new java.io.File(((pathPrefix + java.lang.Integer.toString(counter)) + .png)): null

2018-12-07 01:31:23 - [TEST_STEP][PASSED] - Statement - counter = counter + 1: null

2018-12-07 01:31:23 - [TEST_STEP][PASSED] - Statement - PreSaveFile = new java.io.File(((pathPrefix + java.lang.Integer.toString(counter)) + .png)): null

2018-12-07 01:31:23 - [TEST_STEP][PASSED] - Statement - finalPath = pathPrefix + java.lang.Integer.toString(counter) + ".png": null

2018-12-07 01:31:23 - [TEST_STEP][PASSED] - Statement - SaveFile = new java.io.File(finalPath): null

2018-12-07 01:31:23 - [TEST_STEP][PASSED] - Statement - Try: null

2018-12-07 01:31:23 - [TEST_STEP][PASSED] - Statement - org.apache.commons.io.FileUtils.copyFile(scrFile, SaveFile): null

2018-12-07 01:31:23 - [TEST_STEP][PASSED] - Statement - out.println("file kept"): null

2018-12-07 01:31:23 - [TEST_STEP][PASSED] - delay: Delayed 10 second(s)

2018-12-07 01:31:33 - [MESSAGE][PASSED] - Delayed 10 second(s)

2018-12-07 01:31:33 - [MESSAGE][PASSED] - Call Test Case 'Test Cases/Final Aug 2018 - PKS Automation/Common/Screenshoting tool' successfully]]></system-out>
         <system-err><![CDATA[2018-12-07 01:16:01 - [TEST_CASE][FAILED] - Test Cases/Final Aug 2018 - PKS Automation/Registration Module/Workflow/Update Add New Employee/Special Case (PKR BO - RO Query - OTC Upload Pending Case - RO Approve): Test Cases/Final Aug 2018 - PKS Automation/Registration Module/Workflow/Update Add New Employee/Special Case (PKR BO - RO Query - OTC Upload Pending Case - RO Approve) FAILED because (of) (Stack trace: com.kms.katalon.core.exception.StepFailedException: Unable to set text 'CAN12201800002276' of object 'Object Repository/Final Object Repo/New Registration - Registration Module Pages/New Reg - OTC to RO/Special Case - All Related Objects/TextBox RefNo in Workbasket' (Root cause: org.openqa.selenium.ElementNotVisibleException: element not interactable
  (Session info: chrome=70.0.3538.110)
  (Driver info: chromedriver=2.43.600210 (68dcf5eebde37173d4027fa8635e332711d2874a),platform=Windows NT 6.1.7601 SP1 x86_64) (WARNING: The server did not provide any stacktrace information)
Command duration or timeout: 0 milliseconds
Build info: version: '3.7.1', revision: '8a0099a', time: '2017-11-06T21:07:36.161Z'
System info: host: 'WIN7TEST02', ip: '10.20.3.72', os.name: 'Windows 7', os.arch: 'amd64', os.version: '6.1', java.version: '1.8.0_181'
Driver info: com.kms.katalon.selenium.driver.CChromeDriver
Capabilities {acceptInsecureCerts: false, acceptSslCerts: false, applicationCacheEnabled: false, browserConnectionEnabled: false, browserName: chrome, chrome: {chromedriverVersion: 2.43.600210 (68dcf5eebde371..., userDataDir: C:\Users\Admin\AppData\Loca...}, cssSelectorsEnabled: true, databaseEnabled: false, goog:chromeOptions: {debuggerAddress: localhost:63661}, handlesAlerts: true, hasTouchScreen: false, javascriptEnabled: true, locationContextEnabled: true, mobileEmulationEnabled: false, nativeEvents: true, networkConnectionEnabled: false, pageLoadStrategy: normal, platform: XP, platformName: XP, rotatable: false, setWindowRect: true, takesHeapSnapshot: true, takesScreenshot: true, unexpectedAlertBehaviour: , unhandledPromptBehavior: , version: 70.0.3538.110, webStorageEnabled: true}
Session ID: 1a8df5ebbf55e883c109760b645dabc4)
	at com.kms.katalon.core.keyword.internal.KeywordMain.stepFailed(KeywordMain.groovy:32)
	at com.kms.katalon.core.webui.keyword.internal.WebUIKeywordMain.stepFailed(WebUIKeywordMain.groovy:65)
	at com.kms.katalon.core.webui.keyword.internal.WebUIKeywordMain.runKeyword(WebUIKeywordMain.groovy:27)
	at com.kms.katalon.core.webui.keyword.builtin.SetTextKeyword.setText(SetTextKeyword.groovy:65)
	at com.kms.katalon.core.webui.keyword.builtin.SetTextKeyword.execute(SetTextKeyword.groovy:37)
	at com.kms.katalon.core.keyword.internal.KeywordExecutor.executeKeywordForPlatform(KeywordExecutor.groovy:53)
	at com.kms.katalon.core.webui.keyword.WebUiBuiltInKeywords.setText(WebUiBuiltInKeywords.groovy:950)
	at com.kms.katalon.core.webui.keyword.WebUiBuiltInKeywords$setText$1.call(Unknown Source)
	at org.codehaus.groovy.runtime.callsite.CallSiteArray.defaultCall(CallSiteArray.java:48)
	at org.codehaus.groovy.runtime.callsite.AbstractCallSite.call(AbstractCallSite.java:113)
	at org.codehaus.groovy.runtime.callsite.AbstractCallSite.call(AbstractCallSite.java:133)
	at Script1536220866356.run(Script1536220866356.groovy:169)
	at com.kms.katalon.core.main.ScriptEngine.run(ScriptEngine.java:183)
	at com.kms.katalon.core.main.ScriptEngine.runScriptAsRawText(ScriptEngine.java:108)
	at com.kms.katalon.core.main.TestCaseExecutor.runScript(TestCaseExecutor.java:294)
	at com.kms.katalon.core.main.TestCaseExecutor.doExecute(TestCaseExecutor.java:285)
	at com.kms.katalon.core.main.TestCaseExecutor.processExecutionPhase(TestCaseExecutor.java:264)
	at com.kms.katalon.core.main.TestCaseExecutor.accessMainPhase(TestCaseExecutor.java:256)
	at com.kms.katalon.core.main.TestCaseExecutor.execute(TestCaseExecutor.java:200)
	at com.kms.katalon.core.main.TestSuiteExecutor.accessTestCaseMainPhase(TestSuiteExecutor.java:129)
	at com.kms.katalon.core.main.TestSuiteExecutor.accessTestSuiteMainPhase(TestSuiteExecutor.java:112)
	at com.kms.katalon.core.main.TestSuiteExecutor.execute(TestSuiteExecutor.java:81)
	at com.kms.katalon.core.main.TestCaseMain.startTestSuite(TestCaseMain.java:142)
	at com.kms.katalon.core.main.TestCaseMain$startTestSuite$0.call(Unknown Source)
	at org.codehaus.groovy.runtime.callsite.CallSiteArray.defaultCall(CallSiteArray.java:48)
	at org.codehaus.groovy.runtime.callsite.AbstractCallSite.call(AbstractCallSite.java:113)
	at org.codehaus.groovy.runtime.callsite.AbstractCallSite.call(AbstractCallSite.java:141)
	at TempTestSuite1544087655094.run(TempTestSuite1544087655094.groovy:36)
	at groovy.lang.GroovyShell.runScriptOrMainOrTestOrRunnable(GroovyShell.java:263)
	at groovy.lang.GroovyShell.run(GroovyShell.java:518)
	at groovy.lang.GroovyShell.run(GroovyShell.java:507)
	at groovy.ui.GroovyMain.processOnce(GroovyMain.java:653)
	at groovy.ui.GroovyMain.run(GroovyMain.java:384)
	at groovy.ui.GroovyMain.process(GroovyMain.java:370)
	at groovy.ui.GroovyMain.processArgs(GroovyMain.java:129)
	at groovy.ui.GroovyMain.main(GroovyMain.java:109)
	at sun.reflect.NativeMethodAccessorImpl.invoke0(Native Method)
	at sun.reflect.NativeMethodAccessorImpl.invoke(NativeMethodAccessorImpl.java:62)
	at sun.reflect.DelegatingMethodAccessorImpl.invoke(DelegatingMethodAccessorImpl.java:43)
	at java.lang.reflect.Method.invoke(Method.java:498)
	at org.codehaus.groovy.tools.GroovyStarter.rootLoader(GroovyStarter.java:109)
	at org.codehaus.groovy.tools.GroovyStarter.main(GroovyStarter.java:131)
)]]></system-err>
      </testcase>
      <testcase name="Test Cases/Final Aug 2018 - PKS Automation/Registration Module/Workflow/Update Add New Employee/Special Case (PKR BO - RO Under Enforcement)" classname="Test Cases/Final Aug 2018 - PKS Automation/Registration Module/Workflow/Update Add New Employee/Special Case (PKR BO - RO Under Enforcement)" status="FAILED">
         <failure type="FAILED" message="(Stack trace: com.kms.katalon.core.exception.StepFailedException: Unable to set text 'CAN12201800002277' of object 'Object Repository/Final Object Repo/New Registration - Registration Module Pages/New Reg - OTC to RO/Special Case - All Related Objects/TextBox RefNo in Workbasket' (Root cause: org.openqa.selenium.ElementNotVisibleException: element not interactable
  (Session info: chrome=70.0.3538.110)
  (Driver info: chromedriver=2.43.600210 (68dcf5eebde37173d4027fa8635e332711d2874a),platform=Windows NT 6.1.7601 SP1 x86_64) (WARNING: The server did not provide any stacktrace information)
Command duration or timeout: 0 milliseconds
Build info: version: '3.7.1', revision: '8a0099a', time: '2017-11-06T21:07:36.161Z'
System info: host: 'WIN7TEST02', ip: '10.20.3.72', os.name: 'Windows 7', os.arch: 'amd64', os.version: '6.1', java.version: '1.8.0_181'
Driver info: com.kms.katalon.selenium.driver.CChromeDriver
Capabilities {acceptInsecureCerts: false, acceptSslCerts: false, applicationCacheEnabled: false, browserConnectionEnabled: false, browserName: chrome, chrome: {chromedriverVersion: 2.43.600210 (68dcf5eebde371..., userDataDir: C:\Users\Admin\AppData\Loca...}, cssSelectorsEnabled: true, databaseEnabled: false, goog:chromeOptions: {debuggerAddress: localhost:63844}, handlesAlerts: true, hasTouchScreen: false, javascriptEnabled: true, locationContextEnabled: true, mobileEmulationEnabled: false, nativeEvents: true, networkConnectionEnabled: false, pageLoadStrategy: normal, platform: XP, platformName: XP, rotatable: false, setWindowRect: true, takesHeapSnapshot: true, takesScreenshot: true, unexpectedAlertBehaviour: , unhandledPromptBehavior: , version: 70.0.3538.110, webStorageEnabled: true}
Session ID: 58e726149567cb2c3b0af0fbbc997604)
	at com.kms.katalon.core.keyword.internal.KeywordMain.stepFailed(KeywordMain.groovy:32)
	at com.kms.katalon.core.webui.keyword.internal.WebUIKeywordMain.stepFailed(WebUIKeywordMain.groovy:65)
	at com.kms.katalon.core.webui.keyword.internal.WebUIKeywordMain.runKeyword(WebUIKeywordMain.groovy:27)
	at com.kms.katalon.core.webui.keyword.builtin.SetTextKeyword.setText(SetTextKeyword.groovy:65)
	at com.kms.katalon.core.webui.keyword.builtin.SetTextKeyword.execute(SetTextKeyword.groovy:37)
	at com.kms.katalon.core.keyword.internal.KeywordExecutor.executeKeywordForPlatform(KeywordExecutor.groovy:53)
	at com.kms.katalon.core.webui.keyword.WebUiBuiltInKeywords.setText(WebUiBuiltInKeywords.groovy:950)
	at com.kms.katalon.core.webui.keyword.WebUiBuiltInKeywords$setText$1.call(Unknown Source)
	at org.codehaus.groovy.runtime.callsite.CallSiteArray.defaultCall(CallSiteArray.java:48)
	at org.codehaus.groovy.runtime.callsite.AbstractCallSite.call(AbstractCallSite.java:113)
	at org.codehaus.groovy.runtime.callsite.AbstractCallSite.call(AbstractCallSite.java:133)
	at Script1536116240292.run(Script1536116240292.groovy:165)
	at com.kms.katalon.core.main.ScriptEngine.run(ScriptEngine.java:183)
	at com.kms.katalon.core.main.ScriptEngine.runScriptAsRawText(ScriptEngine.java:108)
	at com.kms.katalon.core.main.TestCaseExecutor.runScript(TestCaseExecutor.java:294)
	at com.kms.katalon.core.main.TestCaseExecutor.doExecute(TestCaseExecutor.java:285)
	at com.kms.katalon.core.main.TestCaseExecutor.processExecutionPhase(TestCaseExecutor.java:264)
	at com.kms.katalon.core.main.TestCaseExecutor.accessMainPhase(TestCaseExecutor.java:256)
	at com.kms.katalon.core.main.TestCaseExecutor.execute(TestCaseExecutor.java:200)
	at com.kms.katalon.core.main.TestSuiteExecutor.accessTestCaseMainPhase(TestSuiteExecutor.java:129)
	at com.kms.katalon.core.main.TestSuiteExecutor.accessTestSuiteMainPhase(TestSuiteExecutor.java:112)
	at com.kms.katalon.core.main.TestSuiteExecutor.execute(TestSuiteExecutor.java:81)
	at com.kms.katalon.core.main.TestCaseMain.startTestSuite(TestCaseMain.java:142)
	at com.kms.katalon.core.main.TestCaseMain$startTestSuite$0.call(Unknown Source)
	at org.codehaus.groovy.runtime.callsite.CallSiteArray.defaultCall(CallSiteArray.java:48)
	at org.codehaus.groovy.runtime.callsite.AbstractCallSite.call(AbstractCallSite.java:113)
	at org.codehaus.groovy.runtime.callsite.AbstractCallSite.call(AbstractCallSite.java:141)
	at TempTestSuite1544087655094.run(TempTestSuite1544087655094.groovy:36)
	at groovy.lang.GroovyShell.runScriptOrMainOrTestOrRunnable(GroovyShell.java:263)
	at groovy.lang.GroovyShell.run(GroovyShell.java:518)
	at groovy.lang.GroovyShell.run(GroovyShell.java:507)
	at groovy.ui.GroovyMain.processOnce(GroovyMain.java:653)
	at groovy.ui.GroovyMain.run(GroovyMain.java:384)
	at groovy.ui.GroovyMain.process(GroovyMain.java:370)
	at groovy.ui.GroovyMain.processArgs(GroovyMain.java:129)
	at groovy.ui.GroovyMain.main(GroovyMain.java:109)
	at sun.reflect.NativeMethodAccessorImpl.invoke0(Native Method)
	at sun.reflect.NativeMethodAccessorImpl.invoke(NativeMethodAccessorImpl.java:62)
	at sun.reflect.DelegatingMethodAccessorImpl.invoke(DelegatingMethodAccessorImpl.java:43)
	at java.lang.reflect.Method.invoke(Method.java:498)
	at org.codehaus.groovy.tools.GroovyStarter.rootLoader(GroovyStarter.java:109)
	at org.codehaus.groovy.tools.GroovyStarter.main(GroovyStarter.java:131)
)"/>
         <system-out><![CDATA[2018-12-07 01:31:33 - [TEST_CASE][FAILED] - Test Cases/Final Aug 2018 - PKS Automation/Registration Module/Workflow/Update Add New Employee/Special Case (PKR BO - RO Under Enforcement): Test Cases/Final Aug 2018 - PKS Automation/Registration Module/Workflow/Update Add New Employee/Special Case (PKR BO - RO Under Enforcement) FAILED because (of) (Stack trace: com.kms.katalon.core.exception.StepFailedException: Unable to set text 'CAN12201800002277' of object 'Object Repository/Final Object Repo/New Registration - Registration Module Pages/New Reg - OTC to RO/Special Case - All Related Objects/TextBox RefNo in Workbasket' (Root cause: org.openqa.selenium.ElementNotVisibleException: element not interactable
  (Session info: chrome=70.0.3538.110)
  (Driver info: chromedriver=2.43.600210 (68dcf5eebde37173d4027fa8635e332711d2874a),platform=Windows NT 6.1.7601 SP1 x86_64) (WARNING: The server did not provide any stacktrace information)
Command duration or timeout: 0 milliseconds
Build info: version: '3.7.1', revision: '8a0099a', time: '2017-11-06T21:07:36.161Z'
System info: host: 'WIN7TEST02', ip: '10.20.3.72', os.name: 'Windows 7', os.arch: 'amd64', os.version: '6.1', java.version: '1.8.0_181'
Driver info: com.kms.katalon.selenium.driver.CChromeDriver
Capabilities {acceptInsecureCerts: false, acceptSslCerts: false, applicationCacheEnabled: false, browserConnectionEnabled: false, browserName: chrome, chrome: {chromedriverVersion: 2.43.600210 (68dcf5eebde371..., userDataDir: C:\Users\Admin\AppData\Loca...}, cssSelectorsEnabled: true, databaseEnabled: false, goog:chromeOptions: {debuggerAddress: localhost:63844}, handlesAlerts: true, hasTouchScreen: false, javascriptEnabled: true, locationContextEnabled: true, mobileEmulationEnabled: false, nativeEvents: true, networkConnectionEnabled: false, pageLoadStrategy: normal, platform: XP, platformName: XP, rotatable: false, setWindowRect: true, takesHeapSnapshot: true, takesScreenshot: true, unexpectedAlertBehaviour: , unhandledPromptBehavior: , version: 70.0.3538.110, webStorageEnabled: true}
Session ID: 58e726149567cb2c3b0af0fbbc997604)
	at com.kms.katalon.core.keyword.internal.KeywordMain.stepFailed(KeywordMain.groovy:32)
	at com.kms.katalon.core.webui.keyword.internal.WebUIKeywordMain.stepFailed(WebUIKeywordMain.groovy:65)
	at com.kms.katalon.core.webui.keyword.internal.WebUIKeywordMain.runKeyword(WebUIKeywordMain.groovy:27)
	at com.kms.katalon.core.webui.keyword.builtin.SetTextKeyword.setText(SetTextKeyword.groovy:65)
	at com.kms.katalon.core.webui.keyword.builtin.SetTextKeyword.execute(SetTextKeyword.groovy:37)
	at com.kms.katalon.core.keyword.internal.KeywordExecutor.executeKeywordForPlatform(KeywordExecutor.groovy:53)
	at com.kms.katalon.core.webui.keyword.WebUiBuiltInKeywords.setText(WebUiBuiltInKeywords.groovy:950)
	at com.kms.katalon.core.webui.keyword.WebUiBuiltInKeywords$setText$1.call(Unknown Source)
	at org.codehaus.groovy.runtime.callsite.CallSiteArray.defaultCall(CallSiteArray.java:48)
	at org.codehaus.groovy.runtime.callsite.AbstractCallSite.call(AbstractCallSite.java:113)
	at org.codehaus.groovy.runtime.callsite.AbstractCallSite.call(AbstractCallSite.java:133)
	at Script1536116240292.run(Script1536116240292.groovy:165)
	at com.kms.katalon.core.main.ScriptEngine.run(ScriptEngine.java:183)
	at com.kms.katalon.core.main.ScriptEngine.runScriptAsRawText(ScriptEngine.java:108)
	at com.kms.katalon.core.main.TestCaseExecutor.runScript(TestCaseExecutor.java:294)
	at com.kms.katalon.core.main.TestCaseExecutor.doExecute(TestCaseExecutor.java:285)
	at com.kms.katalon.core.main.TestCaseExecutor.processExecutionPhase(TestCaseExecutor.java:264)
	at com.kms.katalon.core.main.TestCaseExecutor.accessMainPhase(TestCaseExecutor.java:256)
	at com.kms.katalon.core.main.TestCaseExecutor.execute(TestCaseExecutor.java:200)
	at com.kms.katalon.core.main.TestSuiteExecutor.accessTestCaseMainPhase(TestSuiteExecutor.java:129)
	at com.kms.katalon.core.main.TestSuiteExecutor.accessTestSuiteMainPhase(TestSuiteExecutor.java:112)
	at com.kms.katalon.core.main.TestSuiteExecutor.execute(TestSuiteExecutor.java:81)
	at com.kms.katalon.core.main.TestCaseMain.startTestSuite(TestCaseMain.java:142)
	at com.kms.katalon.core.main.TestCaseMain$startTestSuite$0.call(Unknown Source)
	at org.codehaus.groovy.runtime.callsite.CallSiteArray.defaultCall(CallSiteArray.java:48)
	at org.codehaus.groovy.runtime.callsite.AbstractCallSite.call(AbstractCallSite.java:113)
	at org.codehaus.groovy.runtime.callsite.AbstractCallSite.call(AbstractCallSite.java:141)
	at TempTestSuite1544087655094.run(TempTestSuite1544087655094.groovy:36)
	at groovy.lang.GroovyShell.runScriptOrMainOrTestOrRunnable(GroovyShell.java:263)
	at groovy.lang.GroovyShell.run(GroovyShell.java:518)
	at groovy.lang.GroovyShell.run(GroovyShell.java:507)
	at groovy.ui.GroovyMain.processOnce(GroovyMain.java:653)
	at groovy.ui.GroovyMain.run(GroovyMain.java:384)
	at groovy.ui.GroovyMain.process(GroovyMain.java:370)
	at groovy.ui.GroovyMain.processArgs(GroovyMain.java:129)
	at groovy.ui.GroovyMain.main(GroovyMain.java:109)
	at sun.reflect.NativeMethodAccessorImpl.invoke0(Native Method)
	at sun.reflect.NativeMethodAccessorImpl.invoke(NativeMethodAccessorImpl.java:62)
	at sun.reflect.DelegatingMethodAccessorImpl.invoke(DelegatingMethodAccessorImpl.java:43)
	at java.lang.reflect.Method.invoke(Method.java:498)
	at org.codehaus.groovy.tools.GroovyStarter.rootLoader(GroovyStarter.java:109)
	at org.codehaus.groovy.tools.GroovyStarter.main(GroovyStarter.java:131)
)

2018-12-07 01:31:33 - [TEST_STEP][PASSED] - callTestCase: Call Test Case 'Test Cases/Final Aug 2018 - PKS Automation/Registration Module/Workflow/Update Add New Employee/Template/New Company for Update Add New' successfully

2018-12-07 01:31:33 - [TEST_CASE][PASSED] - Test Cases/Final Aug 2018 - PKS Automation/Registration Module/Workflow/Update Add New Employee/Template/New Company for Update Add New: Test Cases/Final Aug 2018 - PKS Automation/Registration Module/Workflow/Update Add New Employee/Template/New Company for Update Add New

2018-12-07 01:31:33 - [TEST_STEP][PASSED] - callTestCase: Call Test Case 'Test Cases/Final Aug 2018 - PKS Automation/Registration Module/New Registration/Form 1/Form 1 - Corporation - BHD' successfully

2018-12-07 01:31:33 - [TEST_CASE][PASSED] - Test Cases/Final Aug 2018 - PKS Automation/Registration Module/New Registration/Form 1/Form 1 - Corporation - BHD: Test Cases/Final Aug 2018 - PKS Automation/Registration Module/New Registration/Form 1/Form 1 - Corporation - BHD

2018-12-07 01:31:33 - [TEST_STEP][PASSED] - openBrowser: Browser is opened with url: ''

2018-12-07 01:31:33 - [MESSAGE][WARNING] - A browser is already opened. Closing browser and opening a new one

2018-12-07 01:31:37 - [MESSAGE][PASSED] - Browser is opened with url: ''

2018-12-07 01:31:37 - [TEST_STEP][PASSED] - navigateToUrl: Navigate to 'https://assist2-uat.perkeso.gov.my/login' successfully

2018-12-07 01:31:38 - [MESSAGE][PASSED] - Navigate to 'https://assist2-uat.perkeso.gov.my/login' successfully

2018-12-07 01:31:38 - [TEST_STEP][PASSED] - setText: Text 'johorotc1@gmail.com' is set on object 'Object Repository/Final Object Repo/Login Page/Internal User/Email Address'

2018-12-07 01:31:39 - [MESSAGE][PASSED] - Text 'johorotc1@gmail.com' is set on object 'Object Repository/Final Object Repo/Login Page/Internal User/Email Address'

2018-12-07 01:31:39 - [TEST_STEP][PASSED] - click: Object: 'Object Repository/Final Object Repo/Login Page/Internal User/Next Button' is clicked on

2018-12-07 01:31:39 - [MESSAGE][PASSED] - Object: 'Object Repository/Final Object Repo/Login Page/Internal User/Next Button' is clicked on

2018-12-07 01:31:39 - [TEST_STEP][PASSED] - delay: Delayed 1 second(s)

2018-12-07 01:31:40 - [MESSAGE][PASSED] - Delayed 1 second(s)

2018-12-07 01:31:40 - [TEST_STEP][PASSED] - setEncryptedText: Text ****** has been set on object 'Object Repository/Final Object Repo/Login Page/Internal User/Password'

2018-12-07 01:31:40 - [MESSAGE][PASSED] - Text ****** has been set on object 'Object Repository/Final Object Repo/Login Page/Internal User/Password'

2018-12-07 01:31:40 - [TEST_STEP][PASSED] - click: Object: 'Object Repository/Final Object Repo/Login Page/Internal User/Login Button' is clicked on

2018-12-07 01:31:40 - [MESSAGE][PASSED] - Object: 'Object Repository/Final Object Repo/Login Page/Internal User/Login Button' is clicked on

2018-12-07 01:31:40 - [TEST_STEP][PASSED] - delay: Delayed 1 second(s)

2018-12-07 01:31:41 - [MESSAGE][PASSED] - Delayed 1 second(s)

2018-12-07 01:31:41 - [TEST_STEP][PASSED] - Statement - Try: Delayed 2 second(s)

2018-12-07 01:31:41 - [TEST_STEP][PASSED] - Statement - Checker = false: null

2018-12-07 01:31:41 - [TEST_STEP][PASSED] - Statement - Checker = com.kms.katalon.core.webui.keyword.WebUiBuiltInKeywords.verifyElementHasAttribute(com.kms.katalon.core.testobject.ObjectRepository.findTestObject(Final Object Repo/Landing Page/BM Detecting), "href", 20, OPTIONAL): Object 'Object Repository/Final Object Repo/Landing Page/BM Detecting' has attribute 'href'

2018-12-07 01:31:42 - [MESSAGE][PASSED] - Object 'Object Repository/Final Object Repo/Landing Page/BM Detecting' has attribute 'href'

2018-12-07 01:31:42 - [TEST_STEP][PASSED] - Statement - out.println(Checker): null

2018-12-07 01:31:42 - [TEST_STEP][PASSED] - Statement - If (Checker == false): null

2018-12-07 01:31:42 - [TEST_STEP][PASSED] - Statement - Else: null

2018-12-07 01:31:42 - [TEST_STEP][PASSED] - delay: Delayed 2 second(s)

2018-12-07 01:31:44 - [MESSAGE][PASSED] - Delayed 2 second(s)

2018-12-07 01:31:44 - [TEST_STEP][PASSED] - navigateToUrl: Navigate to 'https://assist2-uat.perkeso.gov.my/web/registration/registration' successfully

2018-12-07 01:31:46 - [MESSAGE][PASSED] - Navigate to 'https://assist2-uat.perkeso.gov.my/web/registration/registration' successfully

2018-12-07 01:31:46 - [TEST_STEP][PASSED] - click: Object: 'Object Repository/Final Object Repo/New Registration - Registration Module Pages/Form 1/AEC - No' is clicked on

2018-12-07 01:31:46 - [MESSAGE][PASSED] - Object: 'Object Repository/Final Object Repo/New Registration - Registration Module Pages/Form 1/AEC - No' is clicked on

2018-12-07 01:31:46 - [TEST_STEP][PASSED] - click: Object: 'Object Repository/Final Object Repo/New Registration - Registration Module Pages/Form 1/Business Entity' is clicked on

2018-12-07 01:31:46 - [MESSAGE][PASSED] - Object: 'Object Repository/Final Object Repo/New Registration - Registration Module Pages/Form 1/Business Entity' is clicked on

2018-12-07 01:31:46 - [TEST_STEP][PASSED] - click: Object: 'Object Repository/Final Object Repo/New Registration - Registration Module Pages/Form 1/Businees Entity - Corporation' is clicked on

2018-12-07 01:31:46 - [MESSAGE][PASSED] - Object: 'Object Repository/Final Object Repo/New Registration - Registration Module Pages/Form 1/Businees Entity - Corporation' is clicked on

2018-12-07 01:31:46 - [TEST_STEP][PASSED] - delay: Delayed 1 second(s)

2018-12-07 01:31:47 - [MESSAGE][PASSED] - Delayed 1 second(s)

2018-12-07 01:31:47 - [TEST_STEP][PASSED] - click: Object: 'Object Repository/Final Object Repo/New Registration - Registration Module Pages/Form 1/Sub Business Entity' is clicked on

2018-12-07 01:31:47 - [MESSAGE][PASSED] - Object: 'Object Repository/Final Object Repo/New Registration - Registration Module Pages/Form 1/Sub Business Entity' is clicked on

2018-12-07 01:31:47 - [TEST_STEP][PASSED] - click: Object: 'Object Repository/Final Object Repo/New Registration - Registration Module Pages/Form 1/Sub Business Entity - Berhad' is clicked on

2018-12-07 01:31:48 - [MESSAGE][PASSED] - Object: 'Object Repository/Final Object Repo/New Registration - Registration Module Pages/Form 1/Sub Business Entity - Berhad' is clicked on

2018-12-07 01:31:48 - [TEST_STEP][PASSED] - delay: Delayed 1 second(s)

2018-12-07 01:31:49 - [MESSAGE][PASSED] - Delayed 1 second(s)

2018-12-07 01:31:49 - [TEST_STEP][PASSED] - setText: Text '123' is set on object 'Object Repository/Final Object Repo/New Registration - Registration Module Pages/Form 1/Registration Number'

2018-12-07 01:31:49 - [MESSAGE][PASSED] - Text '123' is set on object 'Object Repository/Final Object Repo/New Registration - Registration Module Pages/Form 1/Registration Number'

2018-12-07 01:31:49 - [TEST_STEP][PASSED] - click: Object: 'Object Repository/Final Object Repo/New Registration - Registration Module Pages/Form 1/Registred with SSM - Before Feb' is clicked on

2018-12-07 01:31:49 - [MESSAGE][PASSED] - Object: 'Object Repository/Final Object Repo/New Registration - Registration Module Pages/Form 1/Registred with SSM - Before Feb' is clicked on

2018-12-07 01:31:49 - [TEST_STEP][PASSED] - click: Object: 'Object Repository/Final Object Repo/New Registration - Registration Module Pages/Form 1/Registered As a Branch - Yes' is clicked on

2018-12-07 01:31:49 - [MESSAGE][PASSED] - Object: 'Object Repository/Final Object Repo/New Registration - Registration Module Pages/Form 1/Registered As a Branch - Yes' is clicked on

2018-12-07 01:31:49 - [TEST_STEP][PASSED] - click: Object: 'Object Repository/Final Object Repo/New Registration - Registration Module Pages/Form 1/Acknowledgement' is clicked on

2018-12-07 01:31:49 - [MESSAGE][PASSED] - Object: 'Object Repository/Final Object Repo/New Registration - Registration Module Pages/Form 1/Acknowledgement' is clicked on

2018-12-07 01:31:49 - [TEST_STEP][PASSED] - setText: Text 'perkeso' is set on object 'Object Repository/Final Object Repo/New Registration - Registration Module Pages/Form 1/Industry name'

2018-12-07 01:31:50 - [MESSAGE][PASSED] - Text 'perkeso' is set on object 'Object Repository/Final Object Repo/New Registration - Registration Module Pages/Form 1/Industry name'

2018-12-07 01:31:50 - [TEST_STEP][PASSED] - setText: Text 'perkeso1' is set on object 'Object Repository/Final Object Repo/New Registration - Registration Module Pages/Form 1/Postal Address1'

2018-12-07 01:31:50 - [MESSAGE][PASSED] - Text 'perkeso1' is set on object 'Object Repository/Final Object Repo/New Registration - Registration Module Pages/Form 1/Postal Address1'

2018-12-07 01:31:50 - [TEST_STEP][PASSED] - setText: Text 'perkeso2' is set on object 'Object Repository/Final Object Repo/New Registration - Registration Module Pages/Form 1/Postal Address2'

2018-12-07 01:31:50 - [MESSAGE][PASSED] - Text 'perkeso2' is set on object 'Object Repository/Final Object Repo/New Registration - Registration Module Pages/Form 1/Postal Address2'

2018-12-07 01:31:50 - [TEST_STEP][PASSED] - setText: Text 'perkeso3' is set on object 'Object Repository/Final Object Repo/New Registration - Registration Module Pages/Form 1/Postal Address3'

2018-12-07 01:31:51 - [MESSAGE][PASSED] - Text 'perkeso3' is set on object 'Object Repository/Final Object Repo/New Registration - Registration Module Pages/Form 1/Postal Address3'

2018-12-07 01:31:51 - [TEST_STEP][PASSED] - click: Object: 'Object Repository/Final Object Repo/New Registration - Registration Module Pages/Form 1/State' is clicked on

2018-12-07 01:31:51 - [MESSAGE][PASSED] - Object: 'Object Repository/Final Object Repo/New Registration - Registration Module Pages/Form 1/State' is clicked on

2018-12-07 01:31:51 - [TEST_STEP][PASSED] - click: Object: 'Object Repository/Final Object Repo/New Registration - Registration Module Pages/Form 1/State - Johor' is clicked on

2018-12-07 01:31:51 - [MESSAGE][PASSED] - Object: 'Object Repository/Final Object Repo/New Registration - Registration Module Pages/Form 1/State - Johor' is clicked on

2018-12-07 01:31:51 - [TEST_STEP][PASSED] - delay: Delayed 1 second(s)

2018-12-07 01:31:52 - [MESSAGE][PASSED] - Delayed 1 second(s)

2018-12-07 01:31:52 - [TEST_STEP][PASSED] - click: Object: 'Object Repository/Final Object Repo/New Registration - Registration Module Pages/Form 1/City' is clicked on

2018-12-07 01:31:52 - [MESSAGE][PASSED] - Object: 'Object Repository/Final Object Repo/New Registration - Registration Module Pages/Form 1/City' is clicked on

2018-12-07 01:31:52 - [TEST_STEP][PASSED] - setText: Text 'joh' is set on object 'Object Repository/Final Object Repo/New Registration - Registration Module Pages/Form 1/Postcode - 810'

2018-12-07 01:31:53 - [MESSAGE][PASSED] - Text 'joh' is set on object 'Object Repository/Final Object Repo/New Registration - Registration Module Pages/Form 1/Postcode - 810'

2018-12-07 01:31:53 - [TEST_STEP][PASSED] - delay: Delayed 1 second(s)

2018-12-07 01:31:54 - [MESSAGE][PASSED] - Delayed 1 second(s)

2018-12-07 01:31:54 - [TEST_STEP][PASSED] - click: Object: 'Object Repository/Final Object Repo/New Registration - Registration Module Pages/Form 1/City - Johor Bharu' is clicked on

2018-12-07 01:31:54 - [MESSAGE][PASSED] - Object: 'Object Repository/Final Object Repo/New Registration - Registration Module Pages/Form 1/City - Johor Bharu' is clicked on

2018-12-07 01:31:54 - [TEST_STEP][PASSED] - delay: Delayed 1 second(s)

2018-12-07 01:31:55 - [MESSAGE][PASSED] - Delayed 1 second(s)

2018-12-07 01:31:55 - [TEST_STEP][PASSED] - click: Object: 'Object Repository/Final Object Repo/New Registration - Registration Module Pages/Form 1/Postcode' is clicked on

2018-12-07 01:31:55 - [MESSAGE][PASSED] - Object: 'Object Repository/Final Object Repo/New Registration - Registration Module Pages/Form 1/Postcode' is clicked on

2018-12-07 01:31:55 - [TEST_STEP][PASSED] - delay: Delayed 1 second(s)

2018-12-07 01:31:56 - [MESSAGE][PASSED] - Delayed 1 second(s)

2018-12-07 01:31:56 - [TEST_STEP][PASSED] - setText: Text '810' is set on object 'Object Repository/Final Object Repo/New Registration - Registration Module Pages/Form 1/Postcode - 810'

2018-12-07 01:31:56 - [MESSAGE][PASSED] - Text '810' is set on object 'Object Repository/Final Object Repo/New Registration - Registration Module Pages/Form 1/Postcode - 810'

2018-12-07 01:31:56 - [TEST_STEP][PASSED] - delay: Delayed 3 second(s)

2018-12-07 01:31:59 - [MESSAGE][PASSED] - Delayed 3 second(s)

2018-12-07 01:31:59 - [TEST_STEP][PASSED] - click: Object: 'Object Repository/Final Object Repo/New Registration - Registration Module Pages/Form 1/Postcode - 81000' is clicked on

2018-12-07 01:31:59 - [MESSAGE][PASSED] - Object: 'Object Repository/Final Object Repo/New Registration - Registration Module Pages/Form 1/Postcode - 81000' is clicked on

2018-12-07 01:31:59 - [TEST_STEP][PASSED] - delay: Delayed 1 second(s)

2018-12-07 01:32:00 - [MESSAGE][PASSED] - Delayed 1 second(s)

2018-12-07 01:32:00 - [TEST_STEP][PASSED] - setText: Text '100' is set on object 'Object Repository/Final Object Repo/New Registration - Registration Module Pages/Form 1/P.O.BOX'

2018-12-07 01:32:01 - [MESSAGE][PASSED] - Text '100' is set on object 'Object Repository/Final Object Repo/New Registration - Registration Module Pages/Form 1/P.O.BOX'

2018-12-07 01:32:01 - [TEST_STEP][PASSED] - setText: Text '100' is set on object 'Object Repository/Final Object Repo/New Registration - Registration Module Pages/Form 1/Locked Bag No'

2018-12-07 01:32:01 - [MESSAGE][PASSED] - Text '100' is set on object 'Object Repository/Final Object Repo/New Registration - Registration Module Pages/Form 1/Locked Bag No'

2018-12-07 01:32:01 - [TEST_STEP][PASSED] - click: Object: 'Object Repository/Final Object Repo/New Registration - Registration Module Pages/Form 1/SOCSO Office Location' is clicked on

2018-12-07 01:32:01 - [MESSAGE][PASSED] - Object: 'Object Repository/Final Object Repo/New Registration - Registration Module Pages/Form 1/SOCSO Office Location' is clicked on

2018-12-07 01:32:01 - [TEST_STEP][PASSED] - click: Object: 'Object Repository/Final Object Repo/New Registration - Registration Module Pages/Form 1/SOCSO Office Location - Pejabat PERKESO Negeri Johor' is clicked on

2018-12-07 01:32:01 - [MESSAGE][PASSED] - Object: 'Object Repository/Final Object Repo/New Registration - Registration Module Pages/Form 1/SOCSO Office Location - Pejabat PERKESO Negeri Johor' is clicked on

2018-12-07 01:32:01 - [TEST_STEP][PASSED] - delay: Delayed 1 second(s)

2018-12-07 01:32:02 - [MESSAGE][PASSED] - Delayed 1 second(s)

2018-12-07 01:32:02 - [TEST_STEP][PASSED] - check: Object 'Object Repository/Final Object Repo/New Registration - Registration Module Pages/Form 1/Indusrty Address Same As Postal Address' is checked

2018-12-07 01:32:02 - [MESSAGE][PASSED] - Object 'Object Repository/Final Object Repo/New Registration - Registration Module Pages/Form 1/Indusrty Address Same As Postal Address' is checked

2018-12-07 01:32:02 - [TEST_STEP][PASSED] - delay: Delayed 3 second(s)

2018-12-07 01:32:05 - [MESSAGE][PASSED] - Delayed 3 second(s)

2018-12-07 01:32:05 - [TEST_STEP][PASSED] - click: Object: 'Object Repository/Final Object Repo/New Registration - Registration Module Pages/Form 1/Indusry Address Same As Postal Address False' is clicked on

2018-12-07 01:32:06 - [MESSAGE][PASSED] - Object: 'Object Repository/Final Object Repo/New Registration - Registration Module Pages/Form 1/Indusry Address Same As Postal Address False' is clicked on

2018-12-07 01:32:06 - [TEST_STEP][PASSED] - delay: Delayed 1 second(s)

2018-12-07 01:32:07 - [MESSAGE][PASSED] - Delayed 1 second(s)

2018-12-07 01:32:07 - [TEST_STEP][PASSED] - setText: Text 'perkeso1' is set on object 'Object Repository/Final Object Repo/New Registration - Registration Module Pages/Form 1/Industry Address1'

2018-12-07 01:32:07 - [MESSAGE][PASSED] - Text 'perkeso1' is set on object 'Object Repository/Final Object Repo/New Registration - Registration Module Pages/Form 1/Industry Address1'

2018-12-07 01:32:07 - [TEST_STEP][PASSED] - setText: Text 'perkeso2' is set on object 'Object Repository/Final Object Repo/New Registration - Registration Module Pages/Form 1/Industry Address2'

2018-12-07 01:32:07 - [MESSAGE][PASSED] - Text 'perkeso2' is set on object 'Object Repository/Final Object Repo/New Registration - Registration Module Pages/Form 1/Industry Address2'

2018-12-07 01:32:07 - [TEST_STEP][PASSED] - setText: Text 'perkeso3' is set on object 'Object Repository/Final Object Repo/New Registration - Registration Module Pages/Form 1/Industry Address3'

2018-12-07 01:32:08 - [MESSAGE][PASSED] - Text 'perkeso3' is set on object 'Object Repository/Final Object Repo/New Registration - Registration Module Pages/Form 1/Industry Address3'

2018-12-07 01:32:08 - [TEST_STEP][PASSED] - click: Object: 'Object Repository/Final Object Repo/New Registration - Registration Module Pages/Form 1/Industry State' is clicked on

2018-12-07 01:32:08 - [MESSAGE][PASSED] - Object: 'Object Repository/Final Object Repo/New Registration - Registration Module Pages/Form 1/Industry State' is clicked on

2018-12-07 01:32:08 - [TEST_STEP][PASSED] - delay: Delayed 2 second(s)

2018-12-07 01:32:10 - [MESSAGE][PASSED] - Delayed 2 second(s)

2018-12-07 01:32:10 - [TEST_STEP][PASSED] - click: Object: 'Object Repository/Final Object Repo/New Registration - Registration Module Pages/Form 1/Industry State - Johor' is clicked on

2018-12-07 01:32:10 - [MESSAGE][PASSED] - Object: 'Object Repository/Final Object Repo/New Registration - Registration Module Pages/Form 1/Industry State - Johor' is clicked on

2018-12-07 01:32:10 - [TEST_STEP][PASSED] - delay: Delayed 2 second(s)

2018-12-07 01:32:12 - [MESSAGE][PASSED] - Delayed 2 second(s)

2018-12-07 01:32:12 - [TEST_STEP][PASSED] - click: Object: 'Object Repository/Final Object Repo/New Registration - Registration Module Pages/Form 1/Industry Ciry' is clicked on

2018-12-07 01:32:12 - [MESSAGE][PASSED] - Object: 'Object Repository/Final Object Repo/New Registration - Registration Module Pages/Form 1/Industry Ciry' is clicked on

2018-12-07 01:32:12 - [TEST_STEP][PASSED] - setText: Text 'joh' is set on object 'Object Repository/Final Object Repo/New Registration - Registration Module Pages/Form 1/Industry Ciry - joh'

2018-12-07 01:32:12 - [MESSAGE][PASSED] - Text 'joh' is set on object 'Object Repository/Final Object Repo/New Registration - Registration Module Pages/Form 1/Industry Ciry - joh'

2018-12-07 01:32:12 - [TEST_STEP][PASSED] - delay: Delayed 2 second(s)

2018-12-07 01:32:14 - [MESSAGE][PASSED] - Delayed 2 second(s)

2018-12-07 01:32:14 - [TEST_STEP][PASSED] - click: Object: 'Object Repository/Final Object Repo/New Registration - Registration Module Pages/Form 1/Industy State - Johor Bharu' is clicked on

2018-12-07 01:32:15 - [MESSAGE][PASSED] - Object: 'Object Repository/Final Object Repo/New Registration - Registration Module Pages/Form 1/Industy State - Johor Bharu' is clicked on

2018-12-07 01:32:15 - [TEST_STEP][PASSED] - delay: Delayed 1 second(s)

2018-12-07 01:32:16 - [MESSAGE][PASSED] - Delayed 1 second(s)

2018-12-07 01:32:16 - [TEST_STEP][PASSED] - click: Object: 'Object Repository/Final Object Repo/New Registration - Registration Module Pages/Form 1/Indusry PostCode' is clicked on

2018-12-07 01:32:16 - [MESSAGE][PASSED] - Object: 'Object Repository/Final Object Repo/New Registration - Registration Module Pages/Form 1/Indusry PostCode' is clicked on

2018-12-07 01:32:16 - [TEST_STEP][PASSED] - delay: Delayed 1 second(s)

2018-12-07 01:32:17 - [MESSAGE][PASSED] - Delayed 1 second(s)

2018-12-07 01:32:17 - [TEST_STEP][PASSED] - setText: Text '810' is set on object 'Object Repository/Final Object Repo/New Registration - Registration Module Pages/Form 1/Insutry Post Code - 810'

2018-12-07 01:32:17 - [MESSAGE][PASSED] - Text '810' is set on object 'Object Repository/Final Object Repo/New Registration - Registration Module Pages/Form 1/Insutry Post Code - 810'

2018-12-07 01:32:17 - [TEST_STEP][PASSED] - delay: Delayed 1 second(s)

2018-12-07 01:32:18 - [MESSAGE][PASSED] - Delayed 1 second(s)

2018-12-07 01:32:18 - [TEST_STEP][PASSED] - click: Object: 'Object Repository/Final Object Repo/New Registration - Registration Module Pages/Form 1/Insutry Post Code - 81000' is clicked on

2018-12-07 01:32:18 - [MESSAGE][PASSED] - Object: 'Object Repository/Final Object Repo/New Registration - Registration Module Pages/Form 1/Insutry Post Code - 81000' is clicked on

2018-12-07 01:32:18 - [TEST_STEP][PASSED] - delay: Delayed 1 second(s)

2018-12-07 01:32:19 - [MESSAGE][PASSED] - Delayed 1 second(s)

2018-12-07 01:32:19 - [TEST_STEP][PASSED] - setText: Text '100' is set on object 'Object Repository/Final Object Repo/New Registration - Registration Module Pages/Form 1/Industry P.O.BOX'

2018-12-07 01:32:20 - [MESSAGE][PASSED] - Text '100' is set on object 'Object Repository/Final Object Repo/New Registration - Registration Module Pages/Form 1/Industry P.O.BOX'

2018-12-07 01:32:20 - [TEST_STEP][PASSED] - setText: Text '100' is set on object 'Object Repository/Final Object Repo/New Registration - Registration Module Pages/Form 1/Industry Locked Bag No'

2018-12-07 01:32:20 - [MESSAGE][PASSED] - Text '100' is set on object 'Object Repository/Final Object Repo/New Registration - Registration Module Pages/Form 1/Industry Locked Bag No'

2018-12-07 01:32:20 - [TEST_STEP][PASSED] - setText: Text '123456789' is set on object 'Object Repository/Final Object Repo/New Registration - Registration Module Pages/Form 1/Telephone No'

2018-12-07 01:32:20 - [MESSAGE][PASSED] - Text '123456789' is set on object 'Object Repository/Final Object Repo/New Registration - Registration Module Pages/Form 1/Telephone No'

2018-12-07 01:32:20 - [TEST_STEP][PASSED] - setText: Text '123456789' is set on object 'Object Repository/Final Object Repo/New Registration - Registration Module Pages/Form 1/Mobile No'

2018-12-07 01:32:21 - [MESSAGE][PASSED] - Text '123456789' is set on object 'Object Repository/Final Object Repo/New Registration - Registration Module Pages/Form 1/Mobile No'

2018-12-07 01:32:21 - [TEST_STEP][PASSED] - setText: Text '123456789' is set on object 'Object Repository/Final Object Repo/New Registration - Registration Module Pages/Form 1/Fax No'

2018-12-07 01:32:21 - [MESSAGE][PASSED] - Text '123456789' is set on object 'Object Repository/Final Object Repo/New Registration - Registration Module Pages/Form 1/Fax No'

2018-12-07 01:32:21 - [TEST_STEP][PASSED] - click: Object: 'Object Repository/Final Object Repo/New Registration - Registration Module Pages/Form 1/Industry Code' is clicked on

2018-12-07 01:32:21 - [MESSAGE][PASSED] - Object: 'Object Repository/Final Object Repo/New Registration - Registration Module Pages/Form 1/Industry Code' is clicked on

2018-12-07 01:32:21 - [TEST_STEP][PASSED] - click: Object: 'Object Repository/Final Object Repo/New Registration - Registration Module Pages/Form 1/Indudustry Code - Crops and Animal' is clicked on

2018-12-07 01:32:21 - [MESSAGE][PASSED] - Object: 'Object Repository/Final Object Repo/New Registration - Registration Module Pages/Form 1/Indudustry Code - Crops and Animal' is clicked on

2018-12-07 01:32:21 - [TEST_STEP][PASSED] - delay: Delayed 1 second(s)

2018-12-07 01:32:22 - [MESSAGE][PASSED] - Delayed 1 second(s)

2018-12-07 01:32:22 - [TEST_STEP][PASSED] - click: Object: 'Object Repository/Final Object Repo/New Registration - Registration Module Pages/Form 1/Sub Industry Code List' is clicked on

2018-12-07 01:32:23 - [MESSAGE][PASSED] - Object: 'Object Repository/Final Object Repo/New Registration - Registration Module Pages/Form 1/Sub Industry Code List' is clicked on

2018-12-07 01:32:23 - [TEST_STEP][PASSED] - click: Object: 'Object Repository/Final Object Repo/New Registration - Registration Module Pages/Form 1/Sub Industry Code List - Growing of Maize' is clicked on

2018-12-07 01:32:23 - [MESSAGE][PASSED] - Object: 'Object Repository/Final Object Repo/New Registration - Registration Module Pages/Form 1/Sub Industry Code List - Growing of Maize' is clicked on

2018-12-07 01:32:23 - [TEST_STEP][PASSED] - setText: Text 'perkeso123@gmail.com' is set on object 'Object Repository/Final Object Repo/New Registration - Registration Module Pages/Form 1/Email'

2018-12-07 01:32:23 - [MESSAGE][PASSED] - Text 'perkeso123@gmail.com' is set on object 'Object Repository/Final Object Repo/New Registration - Registration Module Pages/Form 1/Email'

2018-12-07 01:32:24 - [TEST_STEP][PASSED] - click: Object: 'Object Repository/Final Object Repo/New Registration - Registration Module Pages/Form 1/Method of Contribution Payment' is clicked on

2018-12-07 01:32:24 - [MESSAGE][PASSED] - Object: 'Object Repository/Final Object Repo/New Registration - Registration Module Pages/Form 1/Method of Contribution Payment' is clicked on

2018-12-07 01:32:24 - [TEST_STEP][PASSED] - click: Object: 'Object Repository/Final Object Repo/New Registration - Registration Module Pages/Form 1/Method of Contribution Payment - Portal' is clicked on

2018-12-07 01:32:24 - [MESSAGE][PASSED] - Object: 'Object Repository/Final Object Repo/New Registration - Registration Module Pages/Form 1/Method of Contribution Payment - Portal' is clicked on

2018-12-07 01:32:24 - [TEST_STEP][PASSED] - click: Object: 'Object Repository/Final Object Repo/New Registration - Registration Module Pages/Form 1/Servide Type' is clicked on

2018-12-07 01:32:24 - [MESSAGE][PASSED] - Object: 'Object Repository/Final Object Repo/New Registration - Registration Module Pages/Form 1/Servide Type' is clicked on

2018-12-07 01:32:24 - [TEST_STEP][PASSED] - click: Object: 'Object Repository/Final Object Repo/New Registration - Registration Module Pages/Form 1/Servide Type - Professional Bodies' is clicked on

2018-12-07 01:32:24 - [MESSAGE][PASSED] - Object: 'Object Repository/Final Object Repo/New Registration - Registration Module Pages/Form 1/Servide Type - Professional Bodies' is clicked on

2018-12-07 01:32:24 - [TEST_STEP][PASSED] - click: Object: 'Object Repository/Final Object Repo/New Registration - Registration Module Pages/Form 1/Industry Venue' is clicked on

2018-12-07 01:32:25 - [MESSAGE][PASSED] - Object: 'Object Repository/Final Object Repo/New Registration - Registration Module Pages/Form 1/Industry Venue' is clicked on

2018-12-07 01:32:25 - [TEST_STEP][PASSED] - click: Object: 'Object Repository/Final Object Repo/New Registration - Registration Module Pages/Form 1/Industry Venue -  PPN JOHOR' is clicked on

2018-12-07 01:32:25 - [MESSAGE][PASSED] - Object: 'Object Repository/Final Object Repo/New Registration - Registration Module Pages/Form 1/Industry Venue -  PPN JOHOR' is clicked on

2018-12-07 01:32:25 - [TEST_STEP][PASSED] - click: Object: 'Object Repository/Final Object Repo/New Registration - Registration Module Pages/Form 1/Save  Continue' is clicked on

2018-12-07 01:32:25 - [MESSAGE][PASSED] - Object: 'Object Repository/Final Object Repo/New Registration - Registration Module Pages/Form 1/Save  Continue' is clicked on

2018-12-07 01:32:25 - [MESSAGE][PASSED] - Call Test Case 'Test Cases/Final Aug 2018 - PKS Automation/Registration Module/New Registration/Form 1/Form 1 - Corporation - BHD' successfully

2018-12-07 01:32:25 - [TEST_STEP][PASSED] - callTestCase: Call Test Case 'Test Cases/Final Aug 2018 - PKS Automation/Registration Module/New Registration/Form 2/Add 1 Eligible' successfully

2018-12-07 01:32:25 - [TEST_CASE][PASSED] - Test Cases/Final Aug 2018 - PKS Automation/Registration Module/New Registration/Form 2/Add 1 Eligible: Test Cases/Final Aug 2018 - PKS Automation/Registration Module/New Registration/Form 2/Add 1 Eligible

2018-12-07 01:32:25 - [TEST_STEP][PASSED] - delay: Delayed 2 second(s)

2018-12-07 01:32:27 - [MESSAGE][PASSED] - Delayed 2 second(s)

2018-12-07 01:32:27 - [TEST_STEP][PASSED] - callTestCase: Call Test Case 'Test Cases/Final Aug 2018 - PKS Automation/Registration Module/New Registration/Form 2/Date Updater' successfully

2018-12-07 01:32:27 - [TEST_CASE][PASSED] - Test Cases/Final Aug 2018 - PKS Automation/Registration Module/New Registration/Form 2/Date Updater: Test Cases/Final Aug 2018 - PKS Automation/Registration Module/New Registration/Form 2/Date Updater

2018-12-07 01:32:27 - [TEST_STEP][PASSED] - Statement - TodayDate = new java.util.Date(): null

2018-12-07 01:32:27 - [TEST_STEP][PASSED] - Statement - CurrentDateNoFilter = new java.text.SimpleDateFormat(): null

2018-12-07 01:32:27 - [TEST_STEP][PASSED] - Statement - CurrentDateNoFilter.applyPattern("MM"): null

2018-12-07 01:32:27 - [TEST_STEP][PASSED] - Statement - monthContainerMatcher = java.lang.Integer.parseInt(CurrentDateNoFilter.format(TodayDate)): null

2018-12-07 01:32:27 - [TEST_STEP][PASSED] - Statement - monthContainerMatcher = monthContainerMatcher - 1: null

2018-12-07 01:32:27 - [TEST_STEP][PASSED] - Statement - CurrentMonth = monthContainerMatcher.toString(): null

2018-12-07 01:32:27 - [TEST_STEP][PASSED] - Statement - CurrentMonth = CurrentMonth: null

2018-12-07 01:32:27 - [TEST_STEP][PASSED] - Statement - CurrentDateNoFilter.applyPattern("yyyy"): null

2018-12-07 01:32:27 - [TEST_STEP][PASSED] - Statement - CurrentYear = CurrentDateNoFilter.format(TodayDate): null

2018-12-07 01:32:27 - [TEST_STEP][PASSED] - Statement - CurrentYear = CurrentYear: null

2018-12-07 01:32:27 - [TEST_STEP][PASSED] - Statement - intCurrentYear = java.lang.Integer.parseInt(CurrentDateNoFilter.format(TodayDate)): null

2018-12-07 01:32:27 - [TEST_STEP][PASSED] - Statement - eighteenYrsAgo = intCurrentYear - 18: null

2018-12-07 01:32:27 - [TEST_STEP][PASSED] - Statement - eighteenYrsBeforeThisYr = eighteenYrsAgo.toString(): null

2018-12-07 01:32:27 - [TEST_STEP][PASSED] - Statement - EighteenYrsBefore = eighteenYrsBeforeThisYr: null

2018-12-07 01:32:27 - [TEST_STEP][PASSED] - Statement - fiftysevenYrsAgo = intCurrentYear - 57: null

2018-12-07 01:32:27 - [TEST_STEP][PASSED] - Statement - fiftysevenYrsBeforeThisYr = fiftysevenYrsAgo.toString(): null

2018-12-07 01:32:27 - [TEST_STEP][PASSED] - Statement - FiftysevenYrsBefore = fiftysevenYrsBeforeThisYr: null

2018-12-07 01:32:27 - [TEST_STEP][PASSED] - Statement - leapYear = false: null

2018-12-07 01:32:27 - [TEST_STEP][PASSED] - Statement - leapYear = intCurrentYear % 4 == 0: null

2018-12-07 01:32:27 - [TEST_STEP][PASSED] - Statement - CurrentDateNoFilter.applyPattern("dd"): null

2018-12-07 01:32:27 - [TEST_STEP][PASSED] - Statement - CurrentDate = CurrentDateNoFilter.format(TodayDate): null

2018-12-07 01:32:27 - [TEST_STEP][PASSED] - Statement - CurrentDate = java.lang.Integer.parseInt(CurrentDate): null

2018-12-07 01:32:27 - [TEST_STEP][PASSED] - Statement - CurrentDate = CurrentDate: null

2018-12-07 01:32:27 - [TEST_STEP][PASSED] - Statement - CurrentDay = java.lang.Integer.parseInt(CurrentDate): null

2018-12-07 01:32:27 - [TEST_STEP][PASSED] - Statement - ConfAdder = <not implemented yet for class: org.codehaus.groovy.ast.expr.EmptyExpression>: null

2018-12-07 01:32:27 - [TEST_STEP][PASSED] - Statement - out.println(CurrentMonth): null

2018-12-07 01:32:27 - [TEST_STEP][PASSED] - Statement - out.println(CurrentDate): null

2018-12-07 01:32:27 - [TEST_STEP][PASSED] - Statement - switch (CurrentDate): null

2018-12-07 01:32:27 - [TEST_STEP][PASSED] - Statement - Default: null

2018-12-07 01:32:27 - [TEST_STEP][PASSED] - Statement - ConfAdder = true: null

2018-12-07 01:32:27 - [TEST_STEP][PASSED] - Statement - Break: null

2018-12-07 01:32:27 - [TEST_STEP][PASSED] - Statement - aDayBefore = <not implemented yet for class: org.codehaus.groovy.ast.expr.EmptyExpression>: null

2018-12-07 01:32:27 - [TEST_STEP][PASSED] - Statement - out.println(ConfAdder): null

2018-12-07 01:32:27 - [TEST_STEP][PASSED] - Statement - If (ConfAdder == true): null

2018-12-07 01:32:27 - [TEST_STEP][PASSED] - Statement - aDayBefore = CurrentDay + 1: null

2018-12-07 01:32:27 - [TEST_STEP][PASSED] - Statement - out.println(aDayBefore): null

2018-12-07 01:32:27 - [TEST_STEP][PASSED] - Statement - If (aDayBefore == 1 && CurrentMonth == 11): null

2018-12-07 01:32:27 - [TEST_STEP][PASSED] - Statement - DayBefore = aDayBefore.toString(): null

2018-12-07 01:32:27 - [TEST_STEP][PASSED] - Statement - OneDayBefore = DayBefore: null

2018-12-07 01:32:27 - [MESSAGE][PASSED] - Call Test Case 'Test Cases/Final Aug 2018 - PKS Automation/Registration Module/New Registration/Form 2/Date Updater' successfully

2018-12-07 01:32:27 - [TEST_STEP][PASSED] - delay: Delayed 1 second(s)

2018-12-07 01:32:28 - [MESSAGE][PASSED] - Delayed 1 second(s)

2018-12-07 01:32:28 - [TEST_STEP][PASSED] - Statement - CaseReferenceNo = com.kms.katalon.core.webui.keyword.WebUiBuiltInKeywords.getText(com.kms.katalon.core.testobject.ObjectRepository.findTestObject(Final Object Repo/New Registration - Registration Module Pages/Form 2/RefNo Acquiring)): Text of object 'Object Repository/Final Object Repo/New Registration - Registration Module Pages/Form 2/RefNo Acquiring' is: 'CRN12201800123078'

2018-12-07 01:32:28 - [MESSAGE][PASSED] - Text of object 'Object Repository/Final Object Repo/New Registration - Registration Module Pages/Form 2/RefNo Acquiring' is: 'CRN12201800123078'

2018-12-07 01:32:28 - [TEST_STEP][PASSED] - delay: Delayed 1 second(s)

2018-12-07 01:32:29 - [MESSAGE][PASSED] - Delayed 1 second(s)

2018-12-07 01:32:29 - [TEST_STEP][PASSED] - click: Object: 'Object Repository/Final Object Repo/New Registration - Registration Module Pages/Form 2/Add Employee Button' is clicked on

2018-12-07 01:32:29 - [MESSAGE][PASSED] - Object: 'Object Repository/Final Object Repo/New Registration - Registration Module Pages/Form 2/Add Employee Button' is clicked on

2018-12-07 01:32:29 - [TEST_STEP][PASSED] - delay: Delayed 1 second(s)

2018-12-07 01:32:30 - [MESSAGE][PASSED] - Delayed 1 second(s)

2018-12-07 01:32:30 - [TEST_STEP][PASSED] - setText: Text '010903091963' is set on object 'Object Repository/Final Object Repo/New Registration - Registration Module Pages/Form 2/NRIC Input'

2018-12-07 01:32:31 - [MESSAGE][PASSED] - Text '010903091963' is set on object 'Object Repository/Final Object Repo/New Registration - Registration Module Pages/Form 2/NRIC Input'

2018-12-07 01:32:31 - [TEST_STEP][PASSED] - click: Object: 'Object Repository/Final Object Repo/New Registration - Registration Module Pages/Form 2/button for search for IC' is clicked on

2018-12-07 01:32:31 - [MESSAGE][PASSED] - Object: 'Object Repository/Final Object Repo/New Registration - Registration Module Pages/Form 2/button for search for IC' is clicked on

2018-12-07 01:32:31 - [TEST_STEP][PASSED] - delay: Delayed 2 second(s)

2018-12-07 01:32:33 - [MESSAGE][PASSED] - Delayed 2 second(s)

2018-12-07 01:32:33 - [TEST_STEP][PASSED] - setText: Text 'Automate001 eligible 1' is set on object 'Object Repository/Final Object Repo/New Registration - Registration Module Pages/Form 2/Employee Name Input'

2018-12-07 01:32:33 - [MESSAGE][PASSED] - Text 'Automate001 eligible 1' is set on object 'Object Repository/Final Object Repo/New Registration - Registration Module Pages/Form 2/Employee Name Input'

2018-12-07 01:32:33 - [TEST_STEP][PASSED] - delay: Delayed 2 second(s)

2018-12-07 01:32:35 - [MESSAGE][PASSED] - Delayed 2 second(s)

2018-12-07 01:32:35 - [TEST_STEP][PASSED] - click: Object: 'Object Repository/Final Object Repo/New Registration - Registration Module Pages/Form 2/DatePicker Pop Up' is clicked on

2018-12-07 01:32:36 - [MESSAGE][PASSED] - Object: 'Object Repository/Final Object Repo/New Registration - Registration Module Pages/Form 2/DatePicker Pop Up' is clicked on

2018-12-07 01:32:36 - [TEST_STEP][PASSED] - click: Object: 'Object Repository/Final Object Repo/New Registration - Registration Module Pages/Form 2/DOB Month' is clicked on

2018-12-07 01:32:36 - [MESSAGE][PASSED] - Object: 'Object Repository/Final Object Repo/New Registration - Registration Module Pages/Form 2/DOB Month' is clicked on

2018-12-07 01:32:36 - [TEST_STEP][PASSED] - Statement - CurrentMonth = CurrentMonth: null

2018-12-07 01:32:36 - [TEST_STEP][PASSED] - Statement - selectMonth = new com.kms.katalon.core.testobject.TestObject(): null

2018-12-07 01:32:36 - [TEST_STEP][PASSED] - Statement - selectMonth.addProperty("xpath", EQUALS, "//body/div/div/div/select/option[@value='" + CurrentMonth + "']", true): null

2018-12-07 01:32:36 - [TEST_STEP][PASSED] - click: Object: '' is clicked on

2018-12-07 01:32:36 - [MESSAGE][PASSED] - Object: '' is clicked on

2018-12-07 01:32:36 - [TEST_STEP][PASSED] - click: Object: 'Object Repository/Final Object Repo/New Registration - Registration Module Pages/Form 2/DOB Year' is clicked on

2018-12-07 01:32:36 - [MESSAGE][PASSED] - Object: 'Object Repository/Final Object Repo/New Registration - Registration Module Pages/Form 2/DOB Year' is clicked on

2018-12-07 01:32:36 - [TEST_STEP][PASSED] - Statement - Eyearsbf = EighteenYrsBefore: null

2018-12-07 01:32:36 - [TEST_STEP][PASSED] - Statement - selectYear = new com.kms.katalon.core.testobject.TestObject(): null

2018-12-07 01:32:36 - [TEST_STEP][PASSED] - Statement - selectYear.addProperty("xpath", EQUALS, "//div/div/div/select/option[@value='" + Eyearsbf + "']", true): null

2018-12-07 01:32:36 - [TEST_STEP][PASSED] - click: Object: '' is clicked on

2018-12-07 01:32:36 - [MESSAGE][PASSED] - Object: '' is clicked on

2018-12-07 01:32:36 - [TEST_STEP][PASSED] - Statement - UpdatedSelectDate = com.kms.katalon.core.webui.keyword.WebUiBuiltInKeywords.modifyObjectProperty(com.kms.katalon.core.testobject.ObjectRepository.findTestObject(Final Object Repo/New Registration - Registration Module Pages/Form 2/DOB Date), "xpath", "equals", "//body/div/table/tbody/tr/td/a[text()="" + CurrentDate + ""]", true): Modify property of object successfully

2018-12-07 01:32:36 - [MESSAGE][PASSED] - Modify property of object successfully

2018-12-07 01:32:36 - [TEST_STEP][PASSED] - delay: Delayed 3 second(s)

2018-12-07 01:32:39 - [MESSAGE][PASSED] - Delayed 3 second(s)

2018-12-07 01:32:39 - [TEST_STEP][PASSED] - click: Object: 'Object Repository/Final Object Repo/New Registration - Registration Module Pages/Form 2/DOB Date' is clicked on

2018-12-07 01:32:39 - [MESSAGE][PASSED] - Object: 'Object Repository/Final Object Repo/New Registration - Registration Module Pages/Form 2/DOB Date' is clicked on

2018-12-07 01:32:39 - [TEST_STEP][PASSED] - delay: Delayed 2 second(s)

2018-12-07 01:32:41 - [MESSAGE][PASSED] - Delayed 2 second(s)

2018-12-07 01:32:41 - [TEST_STEP][PASSED] - click: Object: 'Object Repository/Final Object Repo/New Registration - Registration Module Pages/Form 2/EmploymentStartDate Pop Up' is clicked on

2018-12-07 01:32:41 - [MESSAGE][PASSED] - Object: 'Object Repository/Final Object Repo/New Registration - Registration Module Pages/Form 2/EmploymentStartDate Pop Up' is clicked on

2018-12-07 01:32:41 - [TEST_STEP][PASSED] - delay: Delayed 2 second(s)

2018-12-07 01:32:43 - [MESSAGE][PASSED] - Delayed 2 second(s)

2018-12-07 01:32:43 - [TEST_STEP][PASSED] - click: Object: 'Object Repository/Final Object Repo/New Registration - Registration Module Pages/Form 2/Socso Employment StartDate Month' is clicked on

2018-12-07 01:32:44 - [MESSAGE][PASSED] - Object: 'Object Repository/Final Object Repo/New Registration - Registration Module Pages/Form 2/Socso Employment StartDate Month' is clicked on

2018-12-07 01:32:44 - [TEST_STEP][PASSED] - delay: Delayed 1 second(s)

2018-12-07 01:32:45 - [MESSAGE][PASSED] - Delayed 1 second(s)

2018-12-07 01:32:45 - [TEST_STEP][PASSED] - click: Object: 'Object Repository/Final Object Repo/New Registration - Registration Module Pages/Form 2/Select Socso Employement Startdate Month' is clicked on

2018-12-07 01:32:45 - [MESSAGE][PASSED] - Object: 'Object Repository/Final Object Repo/New Registration - Registration Module Pages/Form 2/Select Socso Employement Startdate Month' is clicked on

2018-12-07 01:32:45 - [TEST_STEP][PASSED] - delay: Delayed 2 second(s)

2018-12-07 01:32:47 - [MESSAGE][PASSED] - Delayed 2 second(s)

2018-12-07 01:32:47 - [TEST_STEP][PASSED] - click: Object: 'Object Repository/Final Object Repo/New Registration - Registration Module Pages/Form 2/Socso Employment StartDate Year' is clicked on

2018-12-07 01:32:47 - [MESSAGE][PASSED] - Object: 'Object Repository/Final Object Repo/New Registration - Registration Module Pages/Form 2/Socso Employment StartDate Year' is clicked on

2018-12-07 01:32:47 - [TEST_STEP][PASSED] - delay: Delayed 1 second(s)

2018-12-07 01:32:48 - [MESSAGE][PASSED] - Delayed 1 second(s)

2018-12-07 01:32:48 - [TEST_STEP][PASSED] - click: Object: 'Object Repository/Final Object Repo/New Registration - Registration Module Pages/Form 2/Select Socso Employment Startdate Year' is clicked on

2018-12-07 01:32:48 - [MESSAGE][PASSED] - Object: 'Object Repository/Final Object Repo/New Registration - Registration Module Pages/Form 2/Select Socso Employment Startdate Year' is clicked on

2018-12-07 01:32:48 - [TEST_STEP][PASSED] - delay: Delayed 2 second(s)

2018-12-07 01:32:50 - [MESSAGE][PASSED] - Delayed 2 second(s)

2018-12-07 01:32:50 - [TEST_STEP][PASSED] - click: Object: 'Object Repository/Final Object Repo/New Registration - Registration Module Pages/Form 2/Socso Employment Start Date Day' is clicked on

2018-12-07 01:32:50 - [MESSAGE][PASSED] - Object: 'Object Repository/Final Object Repo/New Registration - Registration Module Pages/Form 2/Socso Employment Start Date Day' is clicked on

2018-12-07 01:32:50 - [TEST_STEP][PASSED] - delay: Delayed 2 second(s)

2018-12-07 01:32:52 - [MESSAGE][PASSED] - Delayed 2 second(s)

2018-12-07 01:32:52 - [TEST_STEP][PASSED] - click: Object: 'Object Repository/Final Object Repo/New Registration - Registration Module Pages/Form 2/Save Button for Add Employee' is clicked on

2018-12-07 01:32:53 - [MESSAGE][PASSED] - Object: 'Object Repository/Final Object Repo/New Registration - Registration Module Pages/Form 2/Save Button for Add Employee' is clicked on

2018-12-07 01:32:53 - [TEST_STEP][PASSED] - delay: Delayed 6 second(s)

2018-12-07 01:32:59 - [MESSAGE][PASSED] - Delayed 6 second(s)

2018-12-07 01:32:59 - [TEST_STEP][PASSED] - click: Object: 'Object Repository/Final Object Repo/New Registration - Registration Module Pages/Form 2/Save and Continue Form 2' is clicked on

2018-12-07 01:32:59 - [MESSAGE][PASSED] - Object: 'Object Repository/Final Object Repo/New Registration - Registration Module Pages/Form 2/Save and Continue Form 2' is clicked on

2018-12-07 01:32:59 - [MESSAGE][PASSED] - Call Test Case 'Test Cases/Final Aug 2018 - PKS Automation/Registration Module/New Registration/Form 2/Add 1 Eligible' successfully

2018-12-07 01:32:59 - [TEST_STEP][PASSED] - callTestCase: Call Test Case 'Test Cases/Final Aug 2018 - PKS Automation/Registration Module/New Registration/Flow of New Registration/Third Screen - Upload Supporting Doc - Preview' successfully

2018-12-07 01:32:59 - [TEST_CASE][PASSED] - Test Cases/Final Aug 2018 - PKS Automation/Registration Module/New Registration/Flow of New Registration/Third Screen - Upload Supporting Doc - Preview: Test Cases/Final Aug 2018 - PKS Automation/Registration Module/New Registration/Flow of New Registration/Third Screen - Upload Supporting Doc - Preview

2018-12-07 01:32:59 - [TEST_STEP][PASSED] - waitForPageLoad: Wait for page load successfully

2018-12-07 01:33:00 - [MESSAGE][PASSED] - Wait for page load successfully

2018-12-07 01:33:00 - [TEST_STEP][PASSED] - Statement - CaseReferenceNo = com.kms.katalon.core.webui.keyword.WebUiBuiltInKeywords.getText(com.kms.katalon.core.testobject.ObjectRepository.findTestObject(Final Object Repo/New Registration - Registration Module Pages/Third Screen - Upload Supporting Doc- Preview/RefNo Acquiring)): Text of object 'Object Repository/Final Object Repo/New Registration - Registration Module Pages/Third Screen - Upload Supporting Doc- Preview/RefNo Acquiring' is: 'CRN12201800123078'

2018-12-07 01:33:00 - [MESSAGE][PASSED] - Text of object 'Object Repository/Final Object Repo/New Registration - Registration Module Pages/Third Screen - Upload Supporting Doc- Preview/RefNo Acquiring' is: 'CRN12201800123078'

2018-12-07 01:33:00 - [TEST_STEP][PASSED] - delay: Delayed 2 second(s)

2018-12-07 01:33:02 - [MESSAGE][PASSED] - Delayed 2 second(s)

2018-12-07 01:33:02 - [TEST_STEP][PASSED] - callTestCase: Call Test Case 'Test Cases/Final Aug 2018 - PKS Automation/Common/Reference Number Setter' successfully

2018-12-07 01:33:02 - [TEST_CASE][PASSED] - Test Cases/Final Aug 2018 - PKS Automation/Common/Reference Number Setter: Test Cases/Final Aug 2018 - PKS Automation/Common/Reference Number Setter

2018-12-07 01:33:02 - [TEST_STEP][PASSED] - Statement - RefNoOldFile = new java.io.File(C://Users//Admin//Desktop//PKS//Automation Reference Point//KatalonReference.txt): null

2018-12-07 01:33:02 - [TEST_STEP][PASSED] - Statement - RefNoOldFile.delete(): null

2018-12-07 01:33:02 - [TEST_STEP][PASSED] - delay: Delayed 5 second(s)

2018-12-07 01:33:07 - [MESSAGE][PASSED] - Delayed 5 second(s)

2018-12-07 01:33:07 - [TEST_STEP][PASSED] - Statement - RefNo = new java.io.File(C://Users//Admin//Desktop//PKS//Automation Reference Point//KatalonReference.txt): null

2018-12-07 01:33:07 - [TEST_STEP][PASSED] - Statement - f2 = new java.io.FileWriter(RefNo, false): null

2018-12-07 01:33:07 - [TEST_STEP][PASSED] - Statement - f2.write(CaseReferenceNo): null

2018-12-07 01:33:07 - [TEST_STEP][PASSED] - Statement - f2.close(): null

2018-12-07 01:33:07 - [TEST_STEP][PASSED] - Statement - out.println("


" + CaseReferenceNo + "


"): null

2018-12-07 01:33:07 - [MESSAGE][PASSED] - Call Test Case 'Test Cases/Final Aug 2018 - PKS Automation/Common/Reference Number Setter' successfully

2018-12-07 01:33:07 - [TEST_STEP][PASSED] - waitForElementClickable: Object 'Object Repository/Final Object Repo/New Registration - Registration Module Pages/Third Screen - Upload Supporting Doc- Preview/Save n Continue in SIP Employee Listing Page' is clickable

2018-12-07 01:33:07 - [MESSAGE][PASSED] - Object 'Object Repository/Final Object Repo/New Registration - Registration Module Pages/Third Screen - Upload Supporting Doc- Preview/Save n Continue in SIP Employee Listing Page' is clickable

2018-12-07 01:33:07 - [TEST_STEP][PASSED] - click: Object: 'Object Repository/Final Object Repo/New Registration - Registration Module Pages/Third Screen - Upload Supporting Doc- Preview/Save n Continue in SIP Employee Listing Page' is clicked on

2018-12-07 01:33:12 - [MESSAGE][PASSED] - Object: 'Object Repository/Final Object Repo/New Registration - Registration Module Pages/Third Screen - Upload Supporting Doc- Preview/Save n Continue in SIP Employee Listing Page' is clicked on

2018-12-07 01:33:12 - [TEST_STEP][PASSED] - delay: Delayed 7 second(s)

2018-12-07 01:33:19 - [MESSAGE][PASSED] - Delayed 7 second(s)

2018-12-07 01:33:19 - [TEST_STEP][PASSED] - click: Object: 'Object Repository/Final Object Repo/New Registration - Registration Module Pages/Third Screen - Upload Supporting Doc- Preview/Add Document Button' is clicked on

2018-12-07 01:33:20 - [MESSAGE][PASSED] - Object: 'Object Repository/Final Object Repo/New Registration - Registration Module Pages/Third Screen - Upload Supporting Doc- Preview/Add Document Button' is clicked on

2018-12-07 01:33:20 - [TEST_STEP][PASSED] - delay: Delayed 30 second(s)

2018-12-07 01:33:50 - [MESSAGE][PASSED] - Delayed 30 second(s)

2018-12-07 01:33:50 - [TEST_STEP][PASSED] - click: Object: 'Object Repository/Final Object Repo/New Registration - Registration Module Pages/Third Screen - Upload Supporting Doc- Preview/Supporting Doc Please Select Drop Down' is clicked on

2018-12-07 01:33:50 - [MESSAGE][PASSED] - Object: 'Object Repository/Final Object Repo/New Registration - Registration Module Pages/Third Screen - Upload Supporting Doc- Preview/Supporting Doc Please Select Drop Down' is clicked on

2018-12-07 01:33:50 - [TEST_STEP][PASSED] - delay: Delayed 2 second(s)

2018-12-07 01:33:52 - [MESSAGE][PASSED] - Delayed 2 second(s)

2018-12-07 01:33:52 - [TEST_STEP][PASSED] - click: Object: 'Object Repository/Final Object Repo/New Registration - Registration Module Pages/Third Screen - Upload Supporting Doc- Preview/Select to Upload Form 1' is clicked on

2018-12-07 01:33:52 - [MESSAGE][PASSED] - Object: 'Object Repository/Final Object Repo/New Registration - Registration Module Pages/Third Screen - Upload Supporting Doc- Preview/Select to Upload Form 1' is clicked on

2018-12-07 01:33:52 - [TEST_STEP][PASSED] - delay: Delayed 2 second(s)

2018-12-07 01:33:54 - [MESSAGE][PASSED] - Delayed 2 second(s)

2018-12-07 01:33:54 - [TEST_STEP][PASSED] - uploadFile: File 'C:\Users\Public\Pictures\Sample Pictures\Koala.jpg' sent to object: 'Object Repository/Final Object Repo/New Registration - Registration Module Pages/Third Screen - Upload Supporting Doc- Preview/Upload File Adding'

2018-12-07 01:33:54 - [MESSAGE][PASSED] - File 'C:\Users\Public\Pictures\Sample Pictures\Koala.jpg' sent to object: 'Object Repository/Final Object Repo/New Registration - Registration Module Pages/Third Screen - Upload Supporting Doc- Preview/Upload File Adding'

2018-12-07 01:33:54 - [TEST_STEP][PASSED] - delay: Delayed 5 second(s)

2018-12-07 01:33:59 - [MESSAGE][PASSED] - Delayed 5 second(s)

2018-12-07 01:33:59 - [TEST_STEP][PASSED] - click: Object: 'Object Repository/Final Object Repo/New Registration - Registration Module Pages/Third Screen - Upload Supporting Doc- Preview/Inner Form Add Document Button' is clicked on

2018-12-07 01:33:59 - [MESSAGE][PASSED] - Object: 'Object Repository/Final Object Repo/New Registration - Registration Module Pages/Third Screen - Upload Supporting Doc- Preview/Inner Form Add Document Button' is clicked on

2018-12-07 01:33:59 - [TEST_STEP][PASSED] - delay: Delayed 3 second(s)

2018-12-07 01:34:02 - [MESSAGE][PASSED] - Delayed 3 second(s)

2018-12-07 01:34:02 - [TEST_STEP][PASSED] - click: Object: 'Object Repository/Final Object Repo/New Registration - Registration Module Pages/Third Screen - Upload Supporting Doc- Preview/Add Document Button' is clicked on

2018-12-07 01:34:03 - [MESSAGE][PASSED] - Object: 'Object Repository/Final Object Repo/New Registration - Registration Module Pages/Third Screen - Upload Supporting Doc- Preview/Add Document Button' is clicked on

2018-12-07 01:34:03 - [TEST_STEP][PASSED] - delay: Delayed 30 second(s)

2018-12-07 01:34:33 - [MESSAGE][PASSED] - Delayed 30 second(s)

2018-12-07 01:34:33 - [TEST_STEP][PASSED] - click: Object: 'Object Repository/Final Object Repo/New Registration - Registration Module Pages/Third Screen - Upload Supporting Doc- Preview/Supporting Doc Please Select Drop Down' is clicked on

2018-12-07 01:34:34 - [MESSAGE][PASSED] - Object: 'Object Repository/Final Object Repo/New Registration - Registration Module Pages/Third Screen - Upload Supporting Doc- Preview/Supporting Doc Please Select Drop Down' is clicked on

2018-12-07 01:34:34 - [TEST_STEP][PASSED] - delay: Delayed 2 second(s)

2018-12-07 01:34:36 - [MESSAGE][PASSED] - Delayed 2 second(s)

2018-12-07 01:34:36 - [TEST_STEP][PASSED] - click: Object: 'Object Repository/Final Object Repo/New Registration - Registration Module Pages/Third Screen - Upload Supporting Doc- Preview/Select to Upload Form 2' is clicked on

2018-12-07 01:34:36 - [MESSAGE][PASSED] - Object: 'Object Repository/Final Object Repo/New Registration - Registration Module Pages/Third Screen - Upload Supporting Doc- Preview/Select to Upload Form 2' is clicked on

2018-12-07 01:34:36 - [TEST_STEP][PASSED] - delay: Delayed 2 second(s)

2018-12-07 01:34:38 - [MESSAGE][PASSED] - Delayed 2 second(s)

2018-12-07 01:34:38 - [TEST_STEP][PASSED] - uploadFile: File 'C:\Users\Public\Pictures\Sample Pictures\Koala.jpg' sent to object: 'Object Repository/Final Object Repo/New Registration - Registration Module Pages/Third Screen - Upload Supporting Doc- Preview/Upload File Adding'

2018-12-07 01:34:38 - [MESSAGE][PASSED] - File 'C:\Users\Public\Pictures\Sample Pictures\Koala.jpg' sent to object: 'Object Repository/Final Object Repo/New Registration - Registration Module Pages/Third Screen - Upload Supporting Doc- Preview/Upload File Adding'

2018-12-07 01:34:38 - [TEST_STEP][PASSED] - click: Object: 'Object Repository/Final Object Repo/New Registration - Registration Module Pages/Third Screen - Upload Supporting Doc- Preview/Inner Form Add Document Button' is clicked on

2018-12-07 01:34:38 - [MESSAGE][PASSED] - Object: 'Object Repository/Final Object Repo/New Registration - Registration Module Pages/Third Screen - Upload Supporting Doc- Preview/Inner Form Add Document Button' is clicked on

2018-12-07 01:34:38 - [TEST_STEP][PASSED] - delay: Delayed 5 second(s)

2018-12-07 01:34:43 - [MESSAGE][PASSED] - Delayed 5 second(s)

2018-12-07 01:34:43 - [TEST_STEP][PASSED] - click: Object: 'Object Repository/Final Object Repo/New Registration - Registration Module Pages/Third Screen - Upload Supporting Doc- Preview/Add Document Button' is clicked on

2018-12-07 01:34:43 - [MESSAGE][PASSED] - Object: 'Object Repository/Final Object Repo/New Registration - Registration Module Pages/Third Screen - Upload Supporting Doc- Preview/Add Document Button' is clicked on

2018-12-07 01:34:43 - [TEST_STEP][PASSED] - delay: Delayed 30 second(s)

2018-12-07 01:35:13 - [MESSAGE][PASSED] - Delayed 30 second(s)

2018-12-07 01:35:13 - [TEST_STEP][PASSED] - click: Object: 'Object Repository/Final Object Repo/New Registration - Registration Module Pages/Third Screen - Upload Supporting Doc- Preview/Supporting Doc Please Select Drop Down' is clicked on

2018-12-07 01:35:13 - [MESSAGE][PASSED] - Object: 'Object Repository/Final Object Repo/New Registration - Registration Module Pages/Third Screen - Upload Supporting Doc- Preview/Supporting Doc Please Select Drop Down' is clicked on

2018-12-07 01:35:13 - [TEST_STEP][PASSED] - click: Object: 'Object Repository/Final Object Repo/New Registration - Registration Module Pages/Third Screen - Upload Supporting Doc- Preview/Select to Upload Borang SIP 1' is clicked on

2018-12-07 01:35:14 - [MESSAGE][PASSED] - Object: 'Object Repository/Final Object Repo/New Registration - Registration Module Pages/Third Screen - Upload Supporting Doc- Preview/Select to Upload Borang SIP 1' is clicked on

2018-12-07 01:35:14 - [TEST_STEP][PASSED] - delay: Delayed 2 second(s)

2018-12-07 01:35:16 - [MESSAGE][PASSED] - Delayed 2 second(s)

2018-12-07 01:35:16 - [TEST_STEP][PASSED] - uploadFile: File 'C:\Users\Public\Pictures\Sample Pictures\Koala.jpg' sent to object: 'Object Repository/Final Object Repo/New Registration - Registration Module Pages/Third Screen - Upload Supporting Doc- Preview/Upload File Adding'

2018-12-07 01:35:16 - [MESSAGE][PASSED] - File 'C:\Users\Public\Pictures\Sample Pictures\Koala.jpg' sent to object: 'Object Repository/Final Object Repo/New Registration - Registration Module Pages/Third Screen - Upload Supporting Doc- Preview/Upload File Adding'

2018-12-07 01:35:16 - [TEST_STEP][PASSED] - click: Object: 'Object Repository/Final Object Repo/New Registration - Registration Module Pages/Third Screen - Upload Supporting Doc- Preview/Inner Form Add Document Button' is clicked on

2018-12-07 01:35:16 - [MESSAGE][PASSED] - Object: 'Object Repository/Final Object Repo/New Registration - Registration Module Pages/Third Screen - Upload Supporting Doc- Preview/Inner Form Add Document Button' is clicked on

2018-12-07 01:35:16 - [TEST_STEP][PASSED] - delay: Delayed 5 second(s)

2018-12-07 01:35:21 - [MESSAGE][PASSED] - Delayed 5 second(s)

2018-12-07 01:35:21 - [TEST_STEP][PASSED] - click: Object: 'Object Repository/Final Object Repo/New Registration - Registration Module Pages/Third Screen - Upload Supporting Doc- Preview/Add Document Button' is clicked on

2018-12-07 01:35:30 - [MESSAGE][PASSED] - Object: 'Object Repository/Final Object Repo/New Registration - Registration Module Pages/Third Screen - Upload Supporting Doc- Preview/Add Document Button' is clicked on

2018-12-07 01:35:30 - [TEST_STEP][PASSED] - delay: Delayed 30 second(s)

2018-12-07 01:36:00 - [MESSAGE][PASSED] - Delayed 30 second(s)

2018-12-07 01:36:00 - [TEST_STEP][PASSED] - click: Object: 'Object Repository/Final Object Repo/New Registration - Registration Module Pages/Third Screen - Upload Supporting Doc- Preview/Supporting Doc Please Select Drop Down' is clicked on

2018-12-07 01:36:00 - [MESSAGE][PASSED] - Object: 'Object Repository/Final Object Repo/New Registration - Registration Module Pages/Third Screen - Upload Supporting Doc- Preview/Supporting Doc Please Select Drop Down' is clicked on

2018-12-07 01:36:00 - [TEST_STEP][PASSED] - delay: Delayed 3 second(s)

2018-12-07 01:36:03 - [MESSAGE][PASSED] - Delayed 3 second(s)

2018-12-07 01:36:03 - [TEST_STEP][PASSED] - click: Object: 'Object Repository/Final Object Repo/New Registration - Registration Module Pages/Third Screen - Upload Supporting Doc- Preview/Select to Upload Borang SIP 2' is clicked on

2018-12-07 01:36:03 - [MESSAGE][PASSED] - Object: 'Object Repository/Final Object Repo/New Registration - Registration Module Pages/Third Screen - Upload Supporting Doc- Preview/Select to Upload Borang SIP 2' is clicked on

2018-12-07 01:36:03 - [TEST_STEP][PASSED] - delay: Delayed 2 second(s)

2018-12-07 01:36:05 - [MESSAGE][PASSED] - Delayed 2 second(s)

2018-12-07 01:36:05 - [TEST_STEP][PASSED] - uploadFile: File 'C:\Users\Public\Pictures\Sample Pictures\Koala.jpg' sent to object: 'Object Repository/Final Object Repo/New Registration - Registration Module Pages/Third Screen - Upload Supporting Doc- Preview/Upload File Adding'

2018-12-07 01:36:05 - [MESSAGE][PASSED] - File 'C:\Users\Public\Pictures\Sample Pictures\Koala.jpg' sent to object: 'Object Repository/Final Object Repo/New Registration - Registration Module Pages/Third Screen - Upload Supporting Doc- Preview/Upload File Adding'

2018-12-07 01:36:05 - [TEST_STEP][PASSED] - delay: Delayed 5 second(s)

2018-12-07 01:36:10 - [MESSAGE][PASSED] - Delayed 5 second(s)

2018-12-07 01:36:10 - [TEST_STEP][PASSED] - click: Object: 'Object Repository/Final Object Repo/New Registration - Registration Module Pages/Third Screen - Upload Supporting Doc- Preview/Inner Form Add Document Button' is clicked on

2018-12-07 01:36:11 - [MESSAGE][PASSED] - Object: 'Object Repository/Final Object Repo/New Registration - Registration Module Pages/Third Screen - Upload Supporting Doc- Preview/Inner Form Add Document Button' is clicked on

2018-12-07 01:36:11 - [TEST_STEP][PASSED] - delay: Delayed 3 second(s)

2018-12-07 01:36:14 - [MESSAGE][PASSED] - Delayed 3 second(s)

2018-12-07 01:36:14 - [TEST_STEP][PASSED] - waitForElementClickable: Object 'Object Repository/Final Object Repo/New Registration - Registration Module Pages/Third Screen - Upload Supporting Doc- Preview/Save n Continue in Uploading Supporting Doc Page' is clickable

2018-12-07 01:36:14 - [MESSAGE][PASSED] - Object 'Object Repository/Final Object Repo/New Registration - Registration Module Pages/Third Screen - Upload Supporting Doc- Preview/Save n Continue in Uploading Supporting Doc Page' is clickable

2018-12-07 01:36:14 - [TEST_STEP][PASSED] - click: Object: 'Object Repository/Final Object Repo/New Registration - Registration Module Pages/Third Screen - Upload Supporting Doc- Preview/Save n Continue in Uploading Supporting Doc Page' is clicked on

2018-12-07 01:36:15 - [MESSAGE][PASSED] - Object: 'Object Repository/Final Object Repo/New Registration - Registration Module Pages/Third Screen - Upload Supporting Doc- Preview/Save n Continue in Uploading Supporting Doc Page' is clicked on

2018-12-07 01:36:15 - [MESSAGE][PASSED] - Call Test Case 'Test Cases/Final Aug 2018 - PKS Automation/Registration Module/New Registration/Flow of New Registration/Third Screen - Upload Supporting Doc - Preview' successfully

2018-12-07 01:36:15 - [TEST_STEP][PASSED] - callTestCase: Call Test Case 'Test Cases/Final Aug 2018 - PKS Automation/Registration Module/New Registration/Submit and Screenshot/Submit Registration and Screenshot - Copy' successfully

2018-12-07 01:36:15 - [TEST_CASE][PASSED] - Test Cases/Final Aug 2018 - PKS Automation/Registration Module/New Registration/Submit and Screenshot/Submit Registration and Screenshot - Copy: Test Cases/Final Aug 2018 - PKS Automation/Registration Module/New Registration/Submit and Screenshot/Submit Registration and Screenshot - Copy

2018-12-07 01:36:15 - [TEST_STEP][PASSED] - delay: Delayed 6 second(s)

2018-12-07 01:36:21 - [MESSAGE][PASSED] - Delayed 6 second(s)

2018-12-07 01:36:21 - [TEST_STEP][PASSED] - click: Object: 'Object Repository/Final Object Repo/New Registration - Registration Module Pages/Third Screen - Upload Supporting Doc- Preview/Preview Submit Button' is clicked on

2018-12-07 01:36:21 - [MESSAGE][PASSED] - Object: 'Object Repository/Final Object Repo/New Registration - Registration Module Pages/Third Screen - Upload Supporting Doc- Preview/Preview Submit Button' is clicked on

2018-12-07 01:36:21 - [TEST_STEP][PASSED] - delay: Delayed 2 second(s)

2018-12-07 01:36:23 - [MESSAGE][PASSED] - Delayed 2 second(s)

2018-12-07 01:36:23 - [TEST_STEP][PASSED] - click: Object: 'Object Repository/Final Object Repo/New Registration - Registration Module Pages/Third Screen - Upload Supporting Doc- Preview/Preview Submit - Confirm' is clicked on

2018-12-07 01:36:23 - [MESSAGE][PASSED] - Object: 'Object Repository/Final Object Repo/New Registration - Registration Module Pages/Third Screen - Upload Supporting Doc- Preview/Preview Submit - Confirm' is clicked on

2018-12-07 01:36:23 - [TEST_STEP][PASSED] - delay: Delayed 15 second(s)

2018-12-07 01:36:38 - [MESSAGE][PASSED] - Delayed 15 second(s)

2018-12-07 01:36:38 - [TEST_STEP][PASSED] - Statement - driver = com.kms.katalon.core.webui.driver.DriverFactory.getWebDriver(): null

2018-12-07 01:36:38 - [TEST_STEP][PASSED] - Statement - driver.manage().timeouts().implicitlyWait(10, SECONDS): null

2018-12-07 01:36:38 - [TEST_STEP][PASSED] - Statement - PresavePath = KatalonScreenshots: null

2018-12-07 01:36:38 - [TEST_STEP][PASSED] - Statement - pathPrefix = "C:\Users\Public\Pictures\Sample Pictures\Katalon Screenshots\Automate Ending Screen": null

2018-12-07 01:36:38 - [TEST_STEP][PASSED] - Statement - finalPath = <not implemented yet for class: org.codehaus.groovy.ast.expr.EmptyExpression>: null

2018-12-07 01:36:38 - [TEST_STEP][PASSED] - Statement - scrFile = driver.getScreenshotAs(FILE): null

2018-12-07 01:36:39 - [TEST_STEP][PASSED] - Statement - PreSaveFile = new java.io.File(PresavePath): null

2018-12-07 01:36:39 - [TEST_STEP][PASSED] - Statement - counter = 0: null

2018-12-07 01:36:39 - [TEST_STEP][PASSED] - Statement - If (PreSaveFile.exists()): null

2018-12-07 01:36:39 - [TEST_STEP][PASSED] - Statement - While (PreSaveFile.exists()): null

2018-12-07 01:36:39 - [TEST_STEP][PASSED] - Statement - counter = counter + 1: null

2018-12-07 01:36:39 - [TEST_STEP][PASSED] - Statement - PreSaveFile = new java.io.File(((pathPrefix + java.lang.Integer.toString(counter)) + .png)): null

2018-12-07 01:36:39 - [TEST_STEP][PASSED] - Statement - counter = counter + 1: null

2018-12-07 01:36:39 - [TEST_STEP][PASSED] - Statement - PreSaveFile = new java.io.File(((pathPrefix + java.lang.Integer.toString(counter)) + .png)): null

2018-12-07 01:36:39 - [TEST_STEP][PASSED] - Statement - counter = counter + 1: null

2018-12-07 01:36:39 - [TEST_STEP][PASSED] - Statement - PreSaveFile = new java.io.File(((pathPrefix + java.lang.Integer.toString(counter)) + .png)): null

2018-12-07 01:36:39 - [TEST_STEP][PASSED] - Statement - counter = counter + 1: null

2018-12-07 01:36:39 - [TEST_STEP][PASSED] - Statement - PreSaveFile = new java.io.File(((pathPrefix + java.lang.Integer.toString(counter)) + .png)): null

2018-12-07 01:36:39 - [TEST_STEP][PASSED] - Statement - counter = counter + 1: null

2018-12-07 01:36:39 - [TEST_STEP][PASSED] - Statement - PreSaveFile = new java.io.File(((pathPrefix + java.lang.Integer.toString(counter)) + .png)): null

2018-12-07 01:36:39 - [TEST_STEP][PASSED] - Statement - counter = counter + 1: null

2018-12-07 01:36:39 - [TEST_STEP][PASSED] - Statement - PreSaveFile = new java.io.File(((pathPrefix + java.lang.Integer.toString(counter)) + .png)): null

2018-12-07 01:36:39 - [TEST_STEP][PASSED] - Statement - counter = counter + 1: null

2018-12-07 01:36:39 - [TEST_STEP][PASSED] - Statement - PreSaveFile = new java.io.File(((pathPrefix + java.lang.Integer.toString(counter)) + .png)): null

2018-12-07 01:36:39 - [TEST_STEP][PASSED] - Statement - counter = counter + 1: null

2018-12-07 01:36:39 - [TEST_STEP][PASSED] - Statement - PreSaveFile = new java.io.File(((pathPrefix + java.lang.Integer.toString(counter)) + .png)): null

2018-12-07 01:36:39 - [TEST_STEP][PASSED] - Statement - counter = counter + 1: null

2018-12-07 01:36:39 - [TEST_STEP][PASSED] - Statement - PreSaveFile = new java.io.File(((pathPrefix + java.lang.Integer.toString(counter)) + .png)): null

2018-12-07 01:36:39 - [TEST_STEP][PASSED] - Statement - counter = counter + 1: null

2018-12-07 01:36:39 - [TEST_STEP][PASSED] - Statement - PreSaveFile = new java.io.File(((pathPrefix + java.lang.Integer.toString(counter)) + .png)): null

2018-12-07 01:36:39 - [TEST_STEP][PASSED] - Statement - counter = counter + 1: null

2018-12-07 01:36:39 - [TEST_STEP][PASSED] - Statement - PreSaveFile = new java.io.File(((pathPrefix + java.lang.Integer.toString(counter)) + .png)): null

2018-12-07 01:36:39 - [TEST_STEP][PASSED] - Statement - counter = counter + 1: null

2018-12-07 01:36:39 - [TEST_STEP][PASSED] - Statement - PreSaveFile = new java.io.File(((pathPrefix + java.lang.Integer.toString(counter)) + .png)): null

2018-12-07 01:36:39 - [TEST_STEP][PASSED] - Statement - counter = counter + 1: null

2018-12-07 01:36:39 - [TEST_STEP][PASSED] - Statement - PreSaveFile = new java.io.File(((pathPrefix + java.lang.Integer.toString(counter)) + .png)): null

2018-12-07 01:36:39 - [TEST_STEP][PASSED] - Statement - counter = counter + 1: null

2018-12-07 01:36:39 - [TEST_STEP][PASSED] - Statement - PreSaveFile = new java.io.File(((pathPrefix + java.lang.Integer.toString(counter)) + .png)): null

2018-12-07 01:36:39 - [TEST_STEP][PASSED] - Statement - counter = counter + 1: null

2018-12-07 01:36:39 - [TEST_STEP][PASSED] - Statement - PreSaveFile = new java.io.File(((pathPrefix + java.lang.Integer.toString(counter)) + .png)): null

2018-12-07 01:36:39 - [TEST_STEP][PASSED] - Statement - counter = counter + 1: null

2018-12-07 01:36:39 - [TEST_STEP][PASSED] - Statement - PreSaveFile = new java.io.File(((pathPrefix + java.lang.Integer.toString(counter)) + .png)): null

2018-12-07 01:36:39 - [TEST_STEP][PASSED] - Statement - counter = counter + 1: null

2018-12-07 01:36:39 - [TEST_STEP][PASSED] - Statement - PreSaveFile = new java.io.File(((pathPrefix + java.lang.Integer.toString(counter)) + .png)): null

2018-12-07 01:36:39 - [TEST_STEP][PASSED] - Statement - counter = counter + 1: null

2018-12-07 01:36:39 - [TEST_STEP][PASSED] - Statement - PreSaveFile = new java.io.File(((pathPrefix + java.lang.Integer.toString(counter)) + .png)): null

2018-12-07 01:36:39 - [TEST_STEP][PASSED] - Statement - counter = counter + 1: null

2018-12-07 01:36:39 - [TEST_STEP][PASSED] - Statement - PreSaveFile = new java.io.File(((pathPrefix + java.lang.Integer.toString(counter)) + .png)): null

2018-12-07 01:36:39 - [TEST_STEP][PASSED] - Statement - counter = counter + 1: null

2018-12-07 01:36:39 - [TEST_STEP][PASSED] - Statement - PreSaveFile = new java.io.File(((pathPrefix + java.lang.Integer.toString(counter)) + .png)): null

2018-12-07 01:36:39 - [TEST_STEP][PASSED] - Statement - counter = counter + 1: null

2018-12-07 01:36:39 - [TEST_STEP][PASSED] - Statement - PreSaveFile = new java.io.File(((pathPrefix + java.lang.Integer.toString(counter)) + .png)): null

2018-12-07 01:36:39 - [TEST_STEP][PASSED] - Statement - counter = counter + 1: null

2018-12-07 01:36:39 - [TEST_STEP][PASSED] - Statement - PreSaveFile = new java.io.File(((pathPrefix + java.lang.Integer.toString(counter)) + .png)): null

2018-12-07 01:36:39 - [TEST_STEP][PASSED] - Statement - counter = counter + 1: null

2018-12-07 01:36:39 - [TEST_STEP][PASSED] - Statement - PreSaveFile = new java.io.File(((pathPrefix + java.lang.Integer.toString(counter)) + .png)): null

2018-12-07 01:36:39 - [TEST_STEP][PASSED] - Statement - counter = counter + 1: null

2018-12-07 01:36:39 - [TEST_STEP][PASSED] - Statement - PreSaveFile = new java.io.File(((pathPrefix + java.lang.Integer.toString(counter)) + .png)): null

2018-12-07 01:36:39 - [TEST_STEP][PASSED] - Statement - counter = counter + 1: null

2018-12-07 01:36:39 - [TEST_STEP][PASSED] - Statement - PreSaveFile = new java.io.File(((pathPrefix + java.lang.Integer.toString(counter)) + .png)): null

2018-12-07 01:36:39 - [TEST_STEP][PASSED] - Statement - counter = counter + 1: null

2018-12-07 01:36:39 - [TEST_STEP][PASSED] - Statement - PreSaveFile = new java.io.File(((pathPrefix + java.lang.Integer.toString(counter)) + .png)): null

2018-12-07 01:36:39 - [TEST_STEP][PASSED] - Statement - counter = counter + 1: null

2018-12-07 01:36:39 - [TEST_STEP][PASSED] - Statement - PreSaveFile = new java.io.File(((pathPrefix + java.lang.Integer.toString(counter)) + .png)): null

2018-12-07 01:36:39 - [TEST_STEP][PASSED] - Statement - counter = counter + 1: null

2018-12-07 01:36:39 - [TEST_STEP][PASSED] - Statement - PreSaveFile = new java.io.File(((pathPrefix + java.lang.Integer.toString(counter)) + .png)): null

2018-12-07 01:36:39 - [TEST_STEP][PASSED] - Statement - counter = counter + 1: null

2018-12-07 01:36:39 - [TEST_STEP][PASSED] - Statement - PreSaveFile = new java.io.File(((pathPrefix + java.lang.Integer.toString(counter)) + .png)): null

2018-12-07 01:36:39 - [TEST_STEP][PASSED] - Statement - counter = counter + 1: null

2018-12-07 01:36:39 - [TEST_STEP][PASSED] - Statement - PreSaveFile = new java.io.File(((pathPrefix + java.lang.Integer.toString(counter)) + .png)): null

2018-12-07 01:36:39 - [TEST_STEP][PASSED] - Statement - counter = counter + 1: null

2018-12-07 01:36:39 - [TEST_STEP][PASSED] - Statement - PreSaveFile = new java.io.File(((pathPrefix + java.lang.Integer.toString(counter)) + .png)): null

2018-12-07 01:36:39 - [TEST_STEP][PASSED] - Statement - counter = counter + 1: null

2018-12-07 01:36:39 - [TEST_STEP][PASSED] - Statement - PreSaveFile = new java.io.File(((pathPrefix + java.lang.Integer.toString(counter)) + .png)): null

2018-12-07 01:36:39 - [TEST_STEP][PASSED] - Statement - counter = counter + 1: null

2018-12-07 01:36:39 - [TEST_STEP][PASSED] - Statement - PreSaveFile = new java.io.File(((pathPrefix + java.lang.Integer.toString(counter)) + .png)): null

2018-12-07 01:36:39 - [TEST_STEP][PASSED] - Statement - counter = counter + 1: null

2018-12-07 01:36:39 - [TEST_STEP][PASSED] - Statement - PreSaveFile = new java.io.File(((pathPrefix + java.lang.Integer.toString(counter)) + .png)): null

2018-12-07 01:36:39 - [TEST_STEP][PASSED] - Statement - counter = counter + 1: null

2018-12-07 01:36:39 - [TEST_STEP][PASSED] - Statement - PreSaveFile = new java.io.File(((pathPrefix + java.lang.Integer.toString(counter)) + .png)): null

2018-12-07 01:36:39 - [TEST_STEP][PASSED] - Statement - counter = counter + 1: null

2018-12-07 01:36:39 - [TEST_STEP][PASSED] - Statement - PreSaveFile = new java.io.File(((pathPrefix + java.lang.Integer.toString(counter)) + .png)): null

2018-12-07 01:36:39 - [TEST_STEP][PASSED] - Statement - counter = counter + 1: null

2018-12-07 01:36:39 - [TEST_STEP][PASSED] - Statement - PreSaveFile = new java.io.File(((pathPrefix + java.lang.Integer.toString(counter)) + .png)): null

2018-12-07 01:36:39 - [TEST_STEP][PASSED] - Statement - counter = counter + 1: null

2018-12-07 01:36:39 - [TEST_STEP][PASSED] - Statement - PreSaveFile = new java.io.File(((pathPrefix + java.lang.Integer.toString(counter)) + .png)): null

2018-12-07 01:36:39 - [TEST_STEP][PASSED] - Statement - counter = counter + 1: null

2018-12-07 01:36:39 - [TEST_STEP][PASSED] - Statement - PreSaveFile = new java.io.File(((pathPrefix + java.lang.Integer.toString(counter)) + .png)): null

2018-12-07 01:36:39 - [TEST_STEP][PASSED] - Statement - counter = counter + 1: null

2018-12-07 01:36:39 - [TEST_STEP][PASSED] - Statement - PreSaveFile = new java.io.File(((pathPrefix + java.lang.Integer.toString(counter)) + .png)): null

2018-12-07 01:36:39 - [TEST_STEP][PASSED] - Statement - counter = counter + 1: null

2018-12-07 01:36:39 - [TEST_STEP][PASSED] - Statement - PreSaveFile = new java.io.File(((pathPrefix + java.lang.Integer.toString(counter)) + .png)): null

2018-12-07 01:36:39 - [TEST_STEP][PASSED] - Statement - counter = counter + 1: null

2018-12-07 01:36:39 - [TEST_STEP][PASSED] - Statement - PreSaveFile = new java.io.File(((pathPrefix + java.lang.Integer.toString(counter)) + .png)): null

2018-12-07 01:36:39 - [TEST_STEP][PASSED] - Statement - counter = counter + 1: null

2018-12-07 01:36:39 - [TEST_STEP][PASSED] - Statement - PreSaveFile = new java.io.File(((pathPrefix + java.lang.Integer.toString(counter)) + .png)): null

2018-12-07 01:36:39 - [TEST_STEP][PASSED] - Statement - counter = counter + 1: null

2018-12-07 01:36:39 - [TEST_STEP][PASSED] - Statement - PreSaveFile = new java.io.File(((pathPrefix + java.lang.Integer.toString(counter)) + .png)): null

2018-12-07 01:36:39 - [TEST_STEP][PASSED] - Statement - counter = counter + 1: null

2018-12-07 01:36:39 - [TEST_STEP][PASSED] - Statement - PreSaveFile = new java.io.File(((pathPrefix + java.lang.Integer.toString(counter)) + .png)): null

2018-12-07 01:36:39 - [TEST_STEP][PASSED] - Statement - counter = counter + 1: null

2018-12-07 01:36:39 - [TEST_STEP][PASSED] - Statement - PreSaveFile = new java.io.File(((pathPrefix + java.lang.Integer.toString(counter)) + .png)): null

2018-12-07 01:36:39 - [TEST_STEP][PASSED] - Statement - counter = counter + 1: null

2018-12-07 01:36:39 - [TEST_STEP][PASSED] - Statement - PreSaveFile = new java.io.File(((pathPrefix + java.lang.Integer.toString(counter)) + .png)): null

2018-12-07 01:36:39 - [TEST_STEP][PASSED] - Statement - counter = counter + 1: null

2018-12-07 01:36:39 - [TEST_STEP][PASSED] - Statement - PreSaveFile = new java.io.File(((pathPrefix + java.lang.Integer.toString(counter)) + .png)): null

2018-12-07 01:36:39 - [TEST_STEP][PASSED] - Statement - counter = counter + 1: null

2018-12-07 01:36:39 - [TEST_STEP][PASSED] - Statement - PreSaveFile = new java.io.File(((pathPrefix + java.lang.Integer.toString(counter)) + .png)): null

2018-12-07 01:36:39 - [TEST_STEP][PASSED] - Statement - counter = counter + 1: null

2018-12-07 01:36:39 - [TEST_STEP][PASSED] - Statement - PreSaveFile = new java.io.File(((pathPrefix + java.lang.Integer.toString(counter)) + .png)): null

2018-12-07 01:36:39 - [TEST_STEP][PASSED] - Statement - counter = counter + 1: null

2018-12-07 01:36:39 - [TEST_STEP][PASSED] - Statement - PreSaveFile = new java.io.File(((pathPrefix + java.lang.Integer.toString(counter)) + .png)): null

2018-12-07 01:36:39 - [TEST_STEP][PASSED] - Statement - counter = counter + 1: null

2018-12-07 01:36:39 - [TEST_STEP][PASSED] - Statement - PreSaveFile = new java.io.File(((pathPrefix + java.lang.Integer.toString(counter)) + .png)): null

2018-12-07 01:36:39 - [TEST_STEP][PASSED] - Statement - counter = counter + 1: null

2018-12-07 01:36:39 - [TEST_STEP][PASSED] - Statement - PreSaveFile = new java.io.File(((pathPrefix + java.lang.Integer.toString(counter)) + .png)): null

2018-12-07 01:36:39 - [TEST_STEP][PASSED] - Statement - counter = counter + 1: null

2018-12-07 01:36:39 - [TEST_STEP][PASSED] - Statement - PreSaveFile = new java.io.File(((pathPrefix + java.lang.Integer.toString(counter)) + .png)): null

2018-12-07 01:36:39 - [TEST_STEP][PASSED] - Statement - counter = counter + 1: null

2018-12-07 01:36:39 - [TEST_STEP][PASSED] - Statement - PreSaveFile = new java.io.File(((pathPrefix + java.lang.Integer.toString(counter)) + .png)): null

2018-12-07 01:36:39 - [TEST_STEP][PASSED] - Statement - counter = counter + 1: null

2018-12-07 01:36:39 - [TEST_STEP][PASSED] - Statement - PreSaveFile = new java.io.File(((pathPrefix + java.lang.Integer.toString(counter)) + .png)): null

2018-12-07 01:36:39 - [TEST_STEP][PASSED] - Statement - counter = counter + 1: null

2018-12-07 01:36:39 - [TEST_STEP][PASSED] - Statement - PreSaveFile = new java.io.File(((pathPrefix + java.lang.Integer.toString(counter)) + .png)): null

2018-12-07 01:36:39 - [TEST_STEP][PASSED] - Statement - counter = counter + 1: null

2018-12-07 01:36:39 - [TEST_STEP][PASSED] - Statement - PreSaveFile = new java.io.File(((pathPrefix + java.lang.Integer.toString(counter)) + .png)): null

2018-12-07 01:36:39 - [TEST_STEP][PASSED] - Statement - counter = counter + 1: null

2018-12-07 01:36:39 - [TEST_STEP][PASSED] - Statement - PreSaveFile = new java.io.File(((pathPrefix + java.lang.Integer.toString(counter)) + .png)): null

2018-12-07 01:36:39 - [TEST_STEP][PASSED] - Statement - counter = counter + 1: null

2018-12-07 01:36:39 - [TEST_STEP][PASSED] - Statement - PreSaveFile = new java.io.File(((pathPrefix + java.lang.Integer.toString(counter)) + .png)): null

2018-12-07 01:36:39 - [TEST_STEP][PASSED] - Statement - counter = counter + 1: null

2018-12-07 01:36:39 - [TEST_STEP][PASSED] - Statement - PreSaveFile = new java.io.File(((pathPrefix + java.lang.Integer.toString(counter)) + .png)): null

2018-12-07 01:36:39 - [TEST_STEP][PASSED] - Statement - counter = counter + 1: null

2018-12-07 01:36:39 - [TEST_STEP][PASSED] - Statement - PreSaveFile = new java.io.File(((pathPrefix + java.lang.Integer.toString(counter)) + .png)): null

2018-12-07 01:36:39 - [TEST_STEP][PASSED] - Statement - counter = counter + 1: null

2018-12-07 01:36:39 - [TEST_STEP][PASSED] - Statement - PreSaveFile = new java.io.File(((pathPrefix + java.lang.Integer.toString(counter)) + .png)): null

2018-12-07 01:36:39 - [TEST_STEP][PASSED] - Statement - counter = counter + 1: null

2018-12-07 01:36:39 - [TEST_STEP][PASSED] - Statement - PreSaveFile = new java.io.File(((pathPrefix + java.lang.Integer.toString(counter)) + .png)): null

2018-12-07 01:36:39 - [TEST_STEP][PASSED] - Statement - counter = counter + 1: null

2018-12-07 01:36:39 - [TEST_STEP][PASSED] - Statement - PreSaveFile = new java.io.File(((pathPrefix + java.lang.Integer.toString(counter)) + .png)): null

2018-12-07 01:36:39 - [TEST_STEP][PASSED] - Statement - counter = counter + 1: null

2018-12-07 01:36:39 - [TEST_STEP][PASSED] - Statement - PreSaveFile = new java.io.File(((pathPrefix + java.lang.Integer.toString(counter)) + .png)): null

2018-12-07 01:36:39 - [TEST_STEP][PASSED] - Statement - counter = counter + 1: null

2018-12-07 01:36:39 - [TEST_STEP][PASSED] - Statement - PreSaveFile = new java.io.File(((pathPrefix + java.lang.Integer.toString(counter)) + .png)): null

2018-12-07 01:36:39 - [TEST_STEP][PASSED] - Statement - counter = counter + 1: null

2018-12-07 01:36:39 - [TEST_STEP][PASSED] - Statement - PreSaveFile = new java.io.File(((pathPrefix + java.lang.Integer.toString(counter)) + .png)): null

2018-12-07 01:36:39 - [TEST_STEP][PASSED] - Statement - counter = counter + 1: null

2018-12-07 01:36:39 - [TEST_STEP][PASSED] - Statement - PreSaveFile = new java.io.File(((pathPrefix + java.lang.Integer.toString(counter)) + .png)): null

2018-12-07 01:36:39 - [TEST_STEP][PASSED] - Statement - counter = counter + 1: null

2018-12-07 01:36:39 - [TEST_STEP][PASSED] - Statement - PreSaveFile = new java.io.File(((pathPrefix + java.lang.Integer.toString(counter)) + .png)): null

2018-12-07 01:36:39 - [TEST_STEP][PASSED] - Statement - counter = counter + 1: null

2018-12-07 01:36:39 - [TEST_STEP][PASSED] - Statement - PreSaveFile = new java.io.File(((pathPrefix + java.lang.Integer.toString(counter)) + .png)): null

2018-12-07 01:36:39 - [TEST_STEP][PASSED] - Statement - counter = counter + 1: null

2018-12-07 01:36:39 - [TEST_STEP][PASSED] - Statement - PreSaveFile = new java.io.File(((pathPrefix + java.lang.Integer.toString(counter)) + .png)): null

2018-12-07 01:36:39 - [TEST_STEP][PASSED] - Statement - counter = counter + 1: null

2018-12-07 01:36:39 - [TEST_STEP][PASSED] - Statement - PreSaveFile = new java.io.File(((pathPrefix + java.lang.Integer.toString(counter)) + .png)): null

2018-12-07 01:36:39 - [TEST_STEP][PASSED] - Statement - counter = counter + 1: null

2018-12-07 01:36:39 - [TEST_STEP][PASSED] - Statement - PreSaveFile = new java.io.File(((pathPrefix + java.lang.Integer.toString(counter)) + .png)): null

2018-12-07 01:36:39 - [TEST_STEP][PASSED] - Statement - counter = counter + 1: null

2018-12-07 01:36:39 - [TEST_STEP][PASSED] - Statement - PreSaveFile = new java.io.File(((pathPrefix + java.lang.Integer.toString(counter)) + .png)): null

2018-12-07 01:36:39 - [TEST_STEP][PASSED] - Statement - counter = counter + 1: null

2018-12-07 01:36:39 - [TEST_STEP][PASSED] - Statement - PreSaveFile = new java.io.File(((pathPrefix + java.lang.Integer.toString(counter)) + .png)): null

2018-12-07 01:36:39 - [TEST_STEP][PASSED] - Statement - counter = counter + 1: null

2018-12-07 01:36:39 - [TEST_STEP][PASSED] - Statement - PreSaveFile = new java.io.File(((pathPrefix + java.lang.Integer.toString(counter)) + .png)): null

2018-12-07 01:36:39 - [TEST_STEP][PASSED] - Statement - counter = counter + 1: null

2018-12-07 01:36:39 - [TEST_STEP][PASSED] - Statement - PreSaveFile = new java.io.File(((pathPrefix + java.lang.Integer.toString(counter)) + .png)): null

2018-12-07 01:36:39 - [TEST_STEP][PASSED] - Statement - counter = counter + 1: null

2018-12-07 01:36:39 - [TEST_STEP][PASSED] - Statement - PreSaveFile = new java.io.File(((pathPrefix + java.lang.Integer.toString(counter)) + .png)): null

2018-12-07 01:36:39 - [TEST_STEP][PASSED] - Statement - counter = counter + 1: null

2018-12-07 01:36:39 - [TEST_STEP][PASSED] - Statement - PreSaveFile = new java.io.File(((pathPrefix + java.lang.Integer.toString(counter)) + .png)): null

2018-12-07 01:36:39 - [TEST_STEP][PASSED] - Statement - counter = counter + 1: null

2018-12-07 01:36:39 - [TEST_STEP][PASSED] - Statement - PreSaveFile = new java.io.File(((pathPrefix + java.lang.Integer.toString(counter)) + .png)): null

2018-12-07 01:36:39 - [TEST_STEP][PASSED] - Statement - counter = counter + 1: null

2018-12-07 01:36:39 - [TEST_STEP][PASSED] - Statement - PreSaveFile = new java.io.File(((pathPrefix + java.lang.Integer.toString(counter)) + .png)): null

2018-12-07 01:36:39 - [TEST_STEP][PASSED] - Statement - counter = counter + 1: null

2018-12-07 01:36:39 - [TEST_STEP][PASSED] - Statement - PreSaveFile = new java.io.File(((pathPrefix + java.lang.Integer.toString(counter)) + .png)): null

2018-12-07 01:36:39 - [TEST_STEP][PASSED] - Statement - counter = counter + 1: null

2018-12-07 01:36:39 - [TEST_STEP][PASSED] - Statement - PreSaveFile = new java.io.File(((pathPrefix + java.lang.Integer.toString(counter)) + .png)): null

2018-12-07 01:36:39 - [TEST_STEP][PASSED] - Statement - counter = counter + 1: null

2018-12-07 01:36:39 - [TEST_STEP][PASSED] - Statement - PreSaveFile = new java.io.File(((pathPrefix + java.lang.Integer.toString(counter)) + .png)): null

2018-12-07 01:36:39 - [TEST_STEP][PASSED] - Statement - counter = counter + 1: null

2018-12-07 01:36:39 - [TEST_STEP][PASSED] - Statement - PreSaveFile = new java.io.File(((pathPrefix + java.lang.Integer.toString(counter)) + .png)): null

2018-12-07 01:36:39 - [TEST_STEP][PASSED] - Statement - counter = counter + 1: null

2018-12-07 01:36:39 - [TEST_STEP][PASSED] - Statement - PreSaveFile = new java.io.File(((pathPrefix + java.lang.Integer.toString(counter)) + .png)): null

2018-12-07 01:36:39 - [TEST_STEP][PASSED] - Statement - counter = counter + 1: null

2018-12-07 01:36:39 - [TEST_STEP][PASSED] - Statement - PreSaveFile = new java.io.File(((pathPrefix + java.lang.Integer.toString(counter)) + .png)): null

2018-12-07 01:36:39 - [TEST_STEP][PASSED] - Statement - finalPath = pathPrefix + java.lang.Integer.toString(counter) + ".png": null

2018-12-07 01:36:39 - [TEST_STEP][PASSED] - Statement - SaveFile = new java.io.File(finalPath): null

2018-12-07 01:36:39 - [TEST_STEP][PASSED] - Statement - Try: null

2018-12-07 01:36:39 - [TEST_STEP][PASSED] - Statement - org.apache.commons.io.FileUtils.copyFile(scrFile, SaveFile): null

2018-12-07 01:36:39 - [TEST_STEP][PASSED] - Statement - out.println("file kept"): null

2018-12-07 01:36:39 - [TEST_STEP][PASSED] - delay: Delayed 10 second(s)

2018-12-07 01:36:49 - [MESSAGE][PASSED] - Delayed 10 second(s)

2018-12-07 01:36:49 - [MESSAGE][PASSED] - Call Test Case 'Test Cases/Final Aug 2018 - PKS Automation/Registration Module/New Registration/Submit and Screenshot/Submit Registration and Screenshot - Copy' successfully

2018-12-07 01:36:49 - [TEST_STEP][PASSED] - Statement - UpdateAddNewECode = com.kms.katalon.core.webui.keyword.WebUiBuiltInKeywords.getText(com.kms.katalon.core.testobject.ObjectRepository.findTestObject(Object Repository/Final Object Repo/Page_Update Add New Employee - ASSIST/getEmpCode)): Text of object 'Object Repository/Final Object Repo/Page_Update Add New Employee - ASSIST/getEmpCode' is: 'E1102070660F'

2018-12-07 01:36:49 - [MESSAGE][PASSED] - Text of object 'Object Repository/Final Object Repo/Page_Update Add New Employee - ASSIST/getEmpCode' is: 'E1102070660F'

2018-12-07 01:36:49 - [TEST_STEP][PASSED] - callTestCase: Call Test Case 'Test Cases/Final Aug 2018 - PKS Automation/Common/Emp Code Setter' successfully

2018-12-07 01:36:49 - [TEST_CASE][PASSED] - Test Cases/Final Aug 2018 - PKS Automation/Common/Emp Code Setter: Test Cases/Final Aug 2018 - PKS Automation/Common/Emp Code Setter

2018-12-07 01:36:49 - [TEST_STEP][PASSED] - Statement - EmpCodeOld = new java.io.File(C://Users//Admin//Desktop//PKS//Automation Reference Point//EmpCode.txt): null

2018-12-07 01:36:49 - [TEST_STEP][PASSED] - Statement - EmpCodeOld.delete(): null

2018-12-07 01:36:49 - [TEST_STEP][PASSED] - Statement - EmpCode = new java.io.File(C://Users//Admin//Desktop//PKS//Automation Reference Point//EmpCode.txt): null

2018-12-07 01:36:49 - [TEST_STEP][PASSED] - Statement - f2 = new java.io.FileWriter(EmpCode, false): null

2018-12-07 01:36:49 - [TEST_STEP][PASSED] - Statement - f2.write(UpdateAddNewECode): null

2018-12-07 01:36:49 - [TEST_STEP][PASSED] - Statement - f2.close(): null

2018-12-07 01:36:49 - [TEST_STEP][PASSED] - Statement - out.println("


" + UpdateAddNewECode + "


"): null

2018-12-07 01:36:49 - [MESSAGE][PASSED] - Call Test Case 'Test Cases/Final Aug 2018 - PKS Automation/Common/Emp Code Setter' successfully

2018-12-07 01:36:49 - [MESSAGE][PASSED] - Call Test Case 'Test Cases/Final Aug 2018 - PKS Automation/Registration Module/Workflow/Update Add New Employee/Template/New Company for Update Add New' successfully

2018-12-07 01:36:49 - [TEST_STEP][PASSED] - callTestCase: Call Test Case 'Test Cases/Final Aug 2018 - PKS Automation/Registration Module/Log Out/log out avoiding katalon tagging' successfully

2018-12-07 01:36:49 - [TEST_CASE][PASSED] - Test Cases/Final Aug 2018 - PKS Automation/Registration Module/Log Out/log out avoiding katalon tagging: Test Cases/Final Aug 2018 - PKS Automation/Registration Module/Log Out/log out avoiding katalon tagging

2018-12-07 01:36:49 - [TEST_STEP][PASSED] - navigateToUrl: Navigate to 'https://assist2-uat.perkeso.gov.my/c/portal/logout' successfully

2018-12-07 01:36:50 - [MESSAGE][PASSED] - Navigate to 'https://assist2-uat.perkeso.gov.my/c/portal/logout' successfully

2018-12-07 01:36:50 - [MESSAGE][PASSED] - Call Test Case 'Test Cases/Final Aug 2018 - PKS Automation/Registration Module/Log Out/log out avoiding katalon tagging' successfully

2018-12-07 01:36:50 - [TEST_STEP][PASSED] - callTestCase: Call Test Case 'Test Cases/Final Aug 2018 - PKS Automation/Registration Module/New Registration/Form 2/Date Updater' successfully

2018-12-07 01:36:50 - [TEST_CASE][PASSED] - Test Cases/Final Aug 2018 - PKS Automation/Registration Module/New Registration/Form 2/Date Updater: Test Cases/Final Aug 2018 - PKS Automation/Registration Module/New Registration/Form 2/Date Updater

2018-12-07 01:36:50 - [TEST_STEP][PASSED] - Statement - TodayDate = new java.util.Date(): null

2018-12-07 01:36:50 - [TEST_STEP][PASSED] - Statement - CurrentDateNoFilter = new java.text.SimpleDateFormat(): null

2018-12-07 01:36:50 - [TEST_STEP][PASSED] - Statement - CurrentDateNoFilter.applyPattern("MM"): null

2018-12-07 01:36:50 - [TEST_STEP][PASSED] - Statement - monthContainerMatcher = java.lang.Integer.parseInt(CurrentDateNoFilter.format(TodayDate)): null

2018-12-07 01:36:50 - [TEST_STEP][PASSED] - Statement - monthContainerMatcher = monthContainerMatcher - 1: null

2018-12-07 01:36:50 - [TEST_STEP][PASSED] - Statement - CurrentMonth = monthContainerMatcher.toString(): null

2018-12-07 01:36:50 - [TEST_STEP][PASSED] - Statement - CurrentMonth = CurrentMonth: null

2018-12-07 01:36:50 - [TEST_STEP][PASSED] - Statement - CurrentDateNoFilter.applyPattern("yyyy"): null

2018-12-07 01:36:50 - [TEST_STEP][PASSED] - Statement - CurrentYear = CurrentDateNoFilter.format(TodayDate): null

2018-12-07 01:36:50 - [TEST_STEP][PASSED] - Statement - CurrentYear = CurrentYear: null

2018-12-07 01:36:50 - [TEST_STEP][PASSED] - Statement - intCurrentYear = java.lang.Integer.parseInt(CurrentDateNoFilter.format(TodayDate)): null

2018-12-07 01:36:50 - [TEST_STEP][PASSED] - Statement - eighteenYrsAgo = intCurrentYear - 18: null

2018-12-07 01:36:50 - [TEST_STEP][PASSED] - Statement - eighteenYrsBeforeThisYr = eighteenYrsAgo.toString(): null

2018-12-07 01:36:50 - [TEST_STEP][PASSED] - Statement - EighteenYrsBefore = eighteenYrsBeforeThisYr: null

2018-12-07 01:36:50 - [TEST_STEP][PASSED] - Statement - fiftysevenYrsAgo = intCurrentYear - 57: null

2018-12-07 01:36:50 - [TEST_STEP][PASSED] - Statement - fiftysevenYrsBeforeThisYr = fiftysevenYrsAgo.toString(): null

2018-12-07 01:36:50 - [TEST_STEP][PASSED] - Statement - FiftysevenYrsBefore = fiftysevenYrsBeforeThisYr: null

2018-12-07 01:36:50 - [TEST_STEP][PASSED] - Statement - leapYear = false: null

2018-12-07 01:36:50 - [TEST_STEP][PASSED] - Statement - leapYear = intCurrentYear % 4 == 0: null

2018-12-07 01:36:50 - [TEST_STEP][PASSED] - Statement - CurrentDateNoFilter.applyPattern("dd"): null

2018-12-07 01:36:50 - [TEST_STEP][PASSED] - Statement - CurrentDate = CurrentDateNoFilter.format(TodayDate): null

2018-12-07 01:36:50 - [TEST_STEP][PASSED] - Statement - CurrentDate = java.lang.Integer.parseInt(CurrentDate): null

2018-12-07 01:36:50 - [TEST_STEP][PASSED] - Statement - CurrentDate = CurrentDate: null

2018-12-07 01:36:50 - [TEST_STEP][PASSED] - Statement - CurrentDay = java.lang.Integer.parseInt(CurrentDate): null

2018-12-07 01:36:50 - [TEST_STEP][PASSED] - Statement - ConfAdder = <not implemented yet for class: org.codehaus.groovy.ast.expr.EmptyExpression>: null

2018-12-07 01:36:50 - [TEST_STEP][PASSED] - Statement - out.println(CurrentMonth): null

2018-12-07 01:36:50 - [TEST_STEP][PASSED] - Statement - out.println(CurrentDate): null

2018-12-07 01:36:50 - [TEST_STEP][PASSED] - Statement - switch (CurrentDate): null

2018-12-07 01:36:50 - [TEST_STEP][PASSED] - Statement - Default: null

2018-12-07 01:36:50 - [TEST_STEP][PASSED] - Statement - ConfAdder = true: null

2018-12-07 01:36:50 - [TEST_STEP][PASSED] - Statement - Break: null

2018-12-07 01:36:50 - [TEST_STEP][PASSED] - Statement - aDayBefore = <not implemented yet for class: org.codehaus.groovy.ast.expr.EmptyExpression>: null

2018-12-07 01:36:50 - [TEST_STEP][PASSED] - Statement - out.println(ConfAdder): null

2018-12-07 01:36:50 - [TEST_STEP][PASSED] - Statement - If (ConfAdder == true): null

2018-12-07 01:36:50 - [TEST_STEP][PASSED] - Statement - aDayBefore = CurrentDay + 1: null

2018-12-07 01:36:50 - [TEST_STEP][PASSED] - Statement - out.println(aDayBefore): null

2018-12-07 01:36:50 - [TEST_STEP][PASSED] - Statement - If (aDayBefore == 1 && CurrentMonth == 11): null

2018-12-07 01:36:50 - [TEST_STEP][PASSED] - Statement - DayBefore = aDayBefore.toString(): null

2018-12-07 01:36:50 - [TEST_STEP][PASSED] - Statement - OneDayBefore = DayBefore: null

2018-12-07 01:36:50 - [MESSAGE][PASSED] - Call Test Case 'Test Cases/Final Aug 2018 - PKS Automation/Registration Module/New Registration/Form 2/Date Updater' successfully

2018-12-07 01:36:50 - [TEST_STEP][PASSED] - delay: Delayed 2 second(s)

2018-12-07 01:36:52 - [MESSAGE][PASSED] - Delayed 2 second(s)

2018-12-07 01:36:52 - [TEST_STEP][PASSED] - setText: Text 'klpkrbo2@gmail.com' is set on object 'Object Repository/Final Object Repo/Page_Update Add New Employee - ASSIST/Email TextBox'

2018-12-07 01:36:52 - [MESSAGE][PASSED] - Text 'klpkrbo2@gmail.com' is set on object 'Object Repository/Final Object Repo/Page_Update Add New Employee - ASSIST/Email TextBox'

2018-12-07 01:36:52 - [TEST_STEP][PASSED] - click: Object: 'Object Repository/Final Object Repo/Page_Update Add New Employee - ASSIST/Next Button' is clicked on

2018-12-07 01:36:53 - [MESSAGE][PASSED] - Object: 'Object Repository/Final Object Repo/Page_Update Add New Employee - ASSIST/Next Button' is clicked on

2018-12-07 01:36:53 - [TEST_STEP][PASSED] - delay: Delayed 2 second(s)

2018-12-07 01:36:55 - [MESSAGE][PASSED] - Delayed 2 second(s)

2018-12-07 01:36:55 - [TEST_STEP][PASSED] - setText: Text 'Test1@3456789' is set on object 'Object Repository/Final Object Repo/Page_Update Add New Employee - ASSIST/Password TextBox'

2018-12-07 01:36:55 - [MESSAGE][PASSED] - Text 'Test1@3456789' is set on object 'Object Repository/Final Object Repo/Page_Update Add New Employee - ASSIST/Password TextBox'

2018-12-07 01:36:55 - [TEST_STEP][PASSED] - delay: Delayed 2 second(s)

2018-12-07 01:36:57 - [MESSAGE][PASSED] - Delayed 2 second(s)

2018-12-07 01:36:57 - [TEST_STEP][PASSED] - click: Object: 'Object Repository/Final Object Repo/Page_Update Add New Employee - ASSIST/Login Button' is clicked on

2018-12-07 01:36:57 - [MESSAGE][PASSED] - Object: 'Object Repository/Final Object Repo/Page_Update Add New Employee - ASSIST/Login Button' is clicked on

2018-12-07 01:36:57 - [TEST_STEP][PASSED] - delay: Delayed 4 second(s)

2018-12-07 01:37:01 - [MESSAGE][PASSED] - Delayed 4 second(s)

2018-12-07 01:37:01 - [TEST_STEP][PASSED] - Statement - Try: Delayed 2 second(s)

2018-12-07 01:37:01 - [TEST_STEP][PASSED] - Statement - Checker = false: null

2018-12-07 01:37:01 - [TEST_STEP][PASSED] - Statement - Checker = com.kms.katalon.core.webui.keyword.WebUiBuiltInKeywords.verifyElementHasAttribute(com.kms.katalon.core.testobject.ObjectRepository.findTestObject(Final Object Repo/Landing Page/BM Detecting), "href", 20, OPTIONAL): Object 'Object Repository/Final Object Repo/Landing Page/BM Detecting' has attribute 'href'

2018-12-07 01:37:01 - [MESSAGE][PASSED] - Object 'Object Repository/Final Object Repo/Landing Page/BM Detecting' has attribute 'href'

2018-12-07 01:37:01 - [TEST_STEP][PASSED] - Statement - out.println(Checker): null

2018-12-07 01:37:01 - [TEST_STEP][PASSED] - Statement - If (Checker == false): null

2018-12-07 01:37:01 - [TEST_STEP][PASSED] - Statement - Else: null

2018-12-07 01:37:01 - [TEST_STEP][PASSED] - delay: Delayed 2 second(s)

2018-12-07 01:37:03 - [MESSAGE][PASSED] - Delayed 2 second(s)

2018-12-07 01:37:03 - [TEST_STEP][PASSED] - delay: Delayed 4 second(s)

2018-12-07 01:37:07 - [MESSAGE][PASSED] - Delayed 4 second(s)

2018-12-07 01:37:07 - [TEST_STEP][PASSED] - click: Object: 'Object Repository/Final Object Repo/Page_Update Add New Employee - ASSIST/My Sites Drop Down' is clicked on

2018-12-07 01:37:07 - [MESSAGE][PASSED] - Object: 'Object Repository/Final Object Repo/Page_Update Add New Employee - ASSIST/My Sites Drop Down' is clicked on

2018-12-07 01:37:07 - [TEST_STEP][PASSED] - click: Object: 'Object Repository/Final Object Repo/Page_Update Add New Employee - ASSIST/Select to Registration Module' is clicked on

2018-12-07 01:37:08 - [MESSAGE][PASSED] - Object: 'Object Repository/Final Object Repo/Page_Update Add New Employee - ASSIST/Select to Registration Module' is clicked on

2018-12-07 01:37:08 - [TEST_STEP][PASSED] - navigateToUrl: Navigate to 'https://assist2-uat.perkeso.gov.my/web/registration/myassist' successfully

2018-12-07 01:37:09 - [MESSAGE][PASSED] - Navigate to 'https://assist2-uat.perkeso.gov.my/web/registration/myassist' successfully

2018-12-07 01:37:09 - [TEST_STEP][PASSED] - mouseOver: Object: 'Object Repository/Final Object Repo/Page_Update Add New Employee - ASSIST/Select to Update Akta 4 Tab' is hovered

2018-12-07 01:37:09 - [MESSAGE][PASSED] - Object: 'Object Repository/Final Object Repo/Page_Update Add New Employee - ASSIST/Select to Update Akta 4 Tab' is hovered

2018-12-07 01:37:09 - [TEST_STEP][PASSED] - delay: Delayed 2 second(s)

2018-12-07 01:37:11 - [MESSAGE][PASSED] - Delayed 2 second(s)

2018-12-07 01:37:11 - [TEST_STEP][PASSED] - click: Object: 'Object Repository/Final Object Repo/Page_Update Add New Employee - ASSIST/Select to Update Add New Employee' is clicked on

2018-12-07 01:37:12 - [MESSAGE][PASSED] - Object: 'Object Repository/Final Object Repo/Page_Update Add New Employee - ASSIST/Select to Update Add New Employee' is clicked on

2018-12-07 01:37:12 - [TEST_STEP][PASSED] - delay: Delayed 2 second(s)

2018-12-07 01:37:14 - [MESSAGE][PASSED] - Delayed 2 second(s)

2018-12-07 01:37:14 - [TEST_STEP][PASSED] - setText: Text 'E1102070660F' is set on object 'Object Repository/Final Object Repo/Page_Update Add New Employee - ASSIST/Employer Code input textbox'

2018-12-07 01:37:14 - [MESSAGE][PASSED] - Text 'E1102070660F' is set on object 'Object Repository/Final Object Repo/Page_Update Add New Employee - ASSIST/Employer Code input textbox'

2018-12-07 01:37:14 - [TEST_STEP][PASSED] - delay: Delayed 2 second(s)

2018-12-07 01:37:16 - [MESSAGE][PASSED] - Delayed 2 second(s)

2018-12-07 01:37:16 - [TEST_STEP][PASSED] - click: Object: 'Object Repository/Final Object Repo/Page_Update Add New Employee - ASSIST/Search Button for Employer Code' is clicked on

2018-12-07 01:37:16 - [MESSAGE][PASSED] - Object: 'Object Repository/Final Object Repo/Page_Update Add New Employee - ASSIST/Search Button for Employer Code' is clicked on

2018-12-07 01:37:16 - [TEST_STEP][PASSED] - delay: Delayed 4 second(s)

2018-12-07 01:37:20 - [MESSAGE][PASSED] - Delayed 4 second(s)

2018-12-07 01:37:20 - [TEST_STEP][PASSED] - click: Object: 'Object Repository/Final Object Repo/Page_Update Add New Employee - ASSIST/Click to Edit Case' is clicked on

2018-12-07 01:37:23 - [MESSAGE][PASSED] - Object: 'Object Repository/Final Object Repo/Page_Update Add New Employee - ASSIST/Click to Edit Case' is clicked on

2018-12-07 01:37:23 - [TEST_STEP][PASSED] - callTestCase: Call Test Case 'Test Cases/Final Aug 2018 - PKS Automation/Registration Module/Workflow/Update Add New Employee/Template/Employee Adding/Employee Set Decider' successfully

2018-12-07 01:37:23 - [TEST_CASE][PASSED] - Test Cases/Final Aug 2018 - PKS Automation/Registration Module/Workflow/Update Add New Employee/Template/Employee Adding/Employee Set Decider: Test Cases/Final Aug 2018 - PKS Automation/Registration Module/Workflow/Update Add New Employee/Template/Employee Adding/Employee Set Decider

2018-12-07 01:37:23 - [TEST_STEP][PASSED] - delay: Delayed 4 second(s)

2018-12-07 01:37:27 - [MESSAGE][PASSED] - Delayed 4 second(s)

2018-12-07 01:37:27 - [TEST_STEP][PASSED] - click: Object: 'Object Repository/Final Object Repo/Page_Update Add New Employee - ASSIST/Add Employee Button' is clicked on

2018-12-07 01:37:27 - [MESSAGE][PASSED] - Object: 'Object Repository/Final Object Repo/Page_Update Add New Employee - ASSIST/Add Employee Button' is clicked on

2018-12-07 01:37:27 - [TEST_STEP][PASSED] - delay: Delayed 3 second(s)

2018-12-07 01:37:30 - [MESSAGE][PASSED] - Delayed 3 second(s)

2018-12-07 01:37:30 - [TEST_STEP][PASSED] - setText: Text '010903091920' is set on object 'Object Repository/Final Object Repo/Page_Update Add New Employee - ASSIST/NRIC Input'

2018-12-07 01:37:30 - [MESSAGE][PASSED] - Text '010903091920' is set on object 'Object Repository/Final Object Repo/Page_Update Add New Employee - ASSIST/NRIC Input'

2018-12-07 01:37:30 - [TEST_STEP][PASSED] - click: Object: 'Object Repository/Final Object Repo/Page_Update Add New Employee - ASSIST/button for search for IC' is clicked on

2018-12-07 01:37:31 - [MESSAGE][PASSED] - Object: 'Object Repository/Final Object Repo/Page_Update Add New Employee - ASSIST/button for search for IC' is clicked on

2018-12-07 01:37:31 - [TEST_STEP][PASSED] - delay: Delayed 2 second(s)

2018-12-07 01:37:33 - [MESSAGE][PASSED] - Delayed 2 second(s)

2018-12-07 01:37:33 - [TEST_STEP][PASSED] - sendKeys: Keys 'CONTROL + a' sent to object: 'Object Repository/Final Object Repo/Page_Update Add New Employee - ASSIST/Employee Name Input'

2018-12-07 01:37:33 - [MESSAGE][PASSED] - Keys 'CONTROL + a' sent to object: 'Object Repository/Final Object Repo/Page_Update Add New Employee - ASSIST/Employee Name Input'

2018-12-07 01:37:33 - [TEST_STEP][PASSED] - sendKeys: Keys 'CONTROL + c' sent to object: 'Object Repository/Final Object Repo/Page_Update Add New Employee - ASSIST/Employee Name Input'

2018-12-07 01:37:33 - [MESSAGE][PASSED] - Keys 'CONTROL + c' sent to object: 'Object Repository/Final Object Repo/Page_Update Add New Employee - ASSIST/Employee Name Input'

2018-12-07 01:37:33 - [TEST_STEP][PASSED] - Statement - toolkit = java.awt.Toolkit.getDefaultToolkit(): null

2018-12-07 01:37:33 - [TEST_STEP][PASSED] - Statement - clipboard = toolkit.getSystemClipboard(): null

2018-12-07 01:37:33 - [TEST_STEP][PASSED] - Statement - CurrentName = clipboard.getData(stringFlavor): null

2018-12-07 01:37:33 - [TEST_STEP][PASSED] - Statement - out.println("String from Clipboard:" + CurrentName): null

2018-12-07 01:37:33 - [TEST_STEP][PASSED] - Statement - If (CurrentName == "AUTOMATE002 ELIGIBLE 1"): Call Test Case 'Test Cases/Final Aug 2018 - PKS Automation/Registration Module/Workflow/Update Add New Employee/Template/Employee Adding/Employee Adding Action Repeat IC - set 1' successfully

2018-12-07 01:37:33 - [TEST_STEP][PASSED] - callTestCase: Call Test Case 'Test Cases/Final Aug 2018 - PKS Automation/Registration Module/Workflow/Update Add New Employee/Template/Employee Adding/Employee Adding Action Repeat IC - set 1' successfully

2018-12-07 01:37:33 - [TEST_CASE][PASSED] - Test Cases/Final Aug 2018 - PKS Automation/Registration Module/Workflow/Update Add New Employee/Template/Employee Adding/Employee Adding Action Repeat IC - set 1: Test Cases/Final Aug 2018 - PKS Automation/Registration Module/Workflow/Update Add New Employee/Template/Employee Adding/Employee Adding Action Repeat IC - set 1

2018-12-07 01:37:33 - [TEST_STEP][PASSED] - setText: Text 'Automate003 eligible 1' is set on object 'Object Repository/Final Object Repo/Page_Update Add New Employee - ASSIST/Employee Name Input'

2018-12-07 01:37:33 - [MESSAGE][PASSED] - Text 'Automate003 eligible 1' is set on object 'Object Repository/Final Object Repo/Page_Update Add New Employee - ASSIST/Employee Name Input'

2018-12-07 01:37:33 - [TEST_STEP][PASSED] - delay: Delayed 2 second(s)

2018-12-07 01:37:35 - [MESSAGE][PASSED] - Delayed 2 second(s)

2018-12-07 01:37:35 - [TEST_STEP][PASSED] - click: Object: 'Object Repository/Final Object Repo/Page_Update Add New Employee - ASSIST/DatePicker Pop Up' is clicked on

2018-12-07 01:37:36 - [MESSAGE][PASSED] - Object: 'Object Repository/Final Object Repo/Page_Update Add New Employee - ASSIST/DatePicker Pop Up' is clicked on

2018-12-07 01:37:36 - [TEST_STEP][PASSED] - click: Object: 'Object Repository/Final Object Repo/Page_Update Add New Employee - ASSIST/DOB Month' is clicked on

2018-12-07 01:37:36 - [MESSAGE][PASSED] - Object: 'Object Repository/Final Object Repo/Page_Update Add New Employee - ASSIST/DOB Month' is clicked on

2018-12-07 01:37:36 - [TEST_STEP][PASSED] - Statement - CurrentMonth = CurrentMonth: null

2018-12-07 01:37:36 - [TEST_STEP][PASSED] - Statement - selectMonth = new com.kms.katalon.core.testobject.TestObject(): null

2018-12-07 01:37:36 - [TEST_STEP][PASSED] - Statement - selectMonth.addProperty("xpath", EQUALS, "//body/div/div/div/select/option[@value='" + CurrentMonth + "']", true): null

2018-12-07 01:37:36 - [TEST_STEP][PASSED] - click: Object: '' is clicked on

2018-12-07 01:37:36 - [MESSAGE][PASSED] - Object: '' is clicked on

2018-12-07 01:37:36 - [TEST_STEP][PASSED] - click: Object: 'Object Repository/Final Object Repo/Page_Update Add New Employee - ASSIST/DOB Year' is clicked on

2018-12-07 01:37:36 - [MESSAGE][PASSED] - Object: 'Object Repository/Final Object Repo/Page_Update Add New Employee - ASSIST/DOB Year' is clicked on

2018-12-07 01:37:36 - [TEST_STEP][PASSED] - Statement - Eyearsbf = EighteenYrsBefore: null

2018-12-07 01:37:36 - [TEST_STEP][PASSED] - Statement - selectYear = new com.kms.katalon.core.testobject.TestObject(): null

2018-12-07 01:37:36 - [TEST_STEP][PASSED] - Statement - selectYear.addProperty("xpath", EQUALS, "//div/div/div/select/option[@value='" + Eyearsbf + "']", true): null

2018-12-07 01:37:36 - [TEST_STEP][PASSED] - click: Object: '' is clicked on

2018-12-07 01:37:36 - [MESSAGE][PASSED] - Object: '' is clicked on

2018-12-07 01:37:36 - [TEST_STEP][PASSED] - Statement - UpdatedSelectDate = com.kms.katalon.core.webui.keyword.WebUiBuiltInKeywords.modifyObjectProperty(com.kms.katalon.core.testobject.ObjectRepository.findTestObject(Final Object Repo/Page_Update Add New Employee - ASSIST/DOB Date), "xpath", "equals", "//body/div/table/tbody/tr/td/a[text()="" + CurrentDate + ""]", true): Modify property of object successfully

2018-12-07 01:37:36 - [MESSAGE][PASSED] - Modify property of object successfully

2018-12-07 01:37:36 - [TEST_STEP][PASSED] - delay: Delayed 3 second(s)

2018-12-07 01:37:39 - [MESSAGE][PASSED] - Delayed 3 second(s)

2018-12-07 01:37:39 - [TEST_STEP][PASSED] - click: Object: 'Object Repository/Final Object Repo/Page_Update Add New Employee - ASSIST/DOB Date' is clicked on

2018-12-07 01:37:39 - [MESSAGE][PASSED] - Object: 'Object Repository/Final Object Repo/Page_Update Add New Employee - ASSIST/DOB Date' is clicked on

2018-12-07 01:37:39 - [TEST_STEP][PASSED] - delay: Delayed 2 second(s)

2018-12-07 01:37:41 - [MESSAGE][PASSED] - Delayed 2 second(s)

2018-12-07 01:37:41 - [TEST_STEP][PASSED] - click: Object: 'Object Repository/Final Object Repo/Page_Update Add New Employee - ASSIST/EmploymentStartDate Pop Up' is clicked on

2018-12-07 01:37:41 - [MESSAGE][PASSED] - Object: 'Object Repository/Final Object Repo/Page_Update Add New Employee - ASSIST/EmploymentStartDate Pop Up' is clicked on

2018-12-07 01:37:41 - [TEST_STEP][PASSED] - delay: Delayed 2 second(s)

2018-12-07 01:37:43 - [MESSAGE][PASSED] - Delayed 2 second(s)

2018-12-07 01:37:43 - [TEST_STEP][PASSED] - click: Object: 'Object Repository/Final Object Repo/Page_Update Add New Employee - ASSIST/Socso Employment StartDate Month' is clicked on

2018-12-07 01:37:44 - [MESSAGE][PASSED] - Object: 'Object Repository/Final Object Repo/Page_Update Add New Employee - ASSIST/Socso Employment StartDate Month' is clicked on

2018-12-07 01:37:44 - [TEST_STEP][PASSED] - delay: Delayed 1 second(s)

2018-12-07 01:37:45 - [MESSAGE][PASSED] - Delayed 1 second(s)

2018-12-07 01:37:45 - [TEST_STEP][PASSED] - click: Object: 'Object Repository/Final Object Repo/Page_Update Add New Employee - ASSIST/Select Socso Employement Startdate Month' is clicked on

2018-12-07 01:37:45 - [MESSAGE][PASSED] - Object: 'Object Repository/Final Object Repo/Page_Update Add New Employee - ASSIST/Select Socso Employement Startdate Month' is clicked on

2018-12-07 01:37:45 - [TEST_STEP][PASSED] - delay: Delayed 2 second(s)

2018-12-07 01:37:47 - [MESSAGE][PASSED] - Delayed 2 second(s)

2018-12-07 01:37:47 - [TEST_STEP][PASSED] - click: Object: 'Object Repository/Final Object Repo/Page_Update Add New Employee - ASSIST/Socso Employment StartDate Year' is clicked on

2018-12-07 01:37:47 - [MESSAGE][PASSED] - Object: 'Object Repository/Final Object Repo/Page_Update Add New Employee - ASSIST/Socso Employment StartDate Year' is clicked on

2018-12-07 01:37:47 - [TEST_STEP][PASSED] - delay: Delayed 1 second(s)

2018-12-07 01:37:48 - [MESSAGE][PASSED] - Delayed 1 second(s)

2018-12-07 01:37:48 - [TEST_STEP][PASSED] - click: Object: 'Object Repository/Final Object Repo/Page_Update Add New Employee - ASSIST/Select Socso Employment Startdate Year' is clicked on

2018-12-07 01:37:48 - [MESSAGE][PASSED] - Object: 'Object Repository/Final Object Repo/Page_Update Add New Employee - ASSIST/Select Socso Employment Startdate Year' is clicked on

2018-12-07 01:37:48 - [TEST_STEP][PASSED] - delay: Delayed 2 second(s)

2018-12-07 01:37:50 - [MESSAGE][PASSED] - Delayed 2 second(s)

2018-12-07 01:37:50 - [TEST_STEP][PASSED] - click: Object: 'Object Repository/Final Object Repo/Page_Update Add New Employee - ASSIST/Socso Employment Start Date Day' is clicked on

2018-12-07 01:37:50 - [MESSAGE][PASSED] - Object: 'Object Repository/Final Object Repo/Page_Update Add New Employee - ASSIST/Socso Employment Start Date Day' is clicked on

2018-12-07 01:37:50 - [TEST_STEP][PASSED] - delay: Delayed 2 second(s)

2018-12-07 01:37:52 - [MESSAGE][PASSED] - Delayed 2 second(s)

2018-12-07 01:37:52 - [TEST_STEP][PASSED] - click: Object: 'Object Repository/Final Object Repo/Page_Update Add New Employee - ASSIST/Save Button for Add Employee' is clicked on

2018-12-07 01:37:53 - [MESSAGE][PASSED] - Object: 'Object Repository/Final Object Repo/Page_Update Add New Employee - ASSIST/Save Button for Add Employee' is clicked on

2018-12-07 01:37:53 - [TEST_STEP][PASSED] - delay: Delayed 6 second(s)

2018-12-07 01:37:59 - [MESSAGE][PASSED] - Delayed 6 second(s)

2018-12-07 01:37:59 - [TEST_STEP][PASSED] - click: Object: 'Object Repository/Final Object Repo/Page_Update Add New Employee - ASSIST/Add Employee Button' is clicked on

2018-12-07 01:37:59 - [MESSAGE][PASSED] - Object: 'Object Repository/Final Object Repo/Page_Update Add New Employee - ASSIST/Add Employee Button' is clicked on

2018-12-07 01:37:59 - [TEST_STEP][PASSED] - delay: Delayed 4 second(s)

2018-12-07 01:38:03 - [MESSAGE][PASSED] - Delayed 4 second(s)

2018-12-07 01:38:03 - [TEST_STEP][PASSED] - setText: Text '620904059600' is set on object 'Object Repository/Final Object Repo/Page_Update Add New Employee - ASSIST/NRIC Input'

2018-12-07 01:38:03 - [MESSAGE][PASSED] - Text '620904059600' is set on object 'Object Repository/Final Object Repo/Page_Update Add New Employee - ASSIST/NRIC Input'

2018-12-07 01:38:03 - [TEST_STEP][PASSED] - click: Object: 'Object Repository/Final Object Repo/Page_Update Add New Employee - ASSIST/button for search for IC' is clicked on

2018-12-07 01:38:03 - [MESSAGE][PASSED] - Object: 'Object Repository/Final Object Repo/Page_Update Add New Employee - ASSIST/button for search for IC' is clicked on

2018-12-07 01:38:03 - [TEST_STEP][PASSED] - delay: Delayed 2 second(s)

2018-12-07 01:38:05 - [MESSAGE][PASSED] - Delayed 2 second(s)

2018-12-07 01:38:05 - [TEST_STEP][PASSED] - setText: Text 'Automate003 eligible 2' is set on object 'Object Repository/Final Object Repo/Page_Update Add New Employee - ASSIST/Employee Name Input'

2018-12-07 01:38:06 - [MESSAGE][PASSED] - Text 'Automate003 eligible 2' is set on object 'Object Repository/Final Object Repo/Page_Update Add New Employee - ASSIST/Employee Name Input'

2018-12-07 01:38:06 - [TEST_STEP][PASSED] - delay: Delayed 2 second(s)

2018-12-07 01:38:08 - [MESSAGE][PASSED] - Delayed 2 second(s)

2018-12-07 01:38:08 - [TEST_STEP][PASSED] - click: Object: 'Object Repository/Final Object Repo/Page_Update Add New Employee - ASSIST/DatePicker Pop Up' is clicked on

2018-12-07 01:38:08 - [MESSAGE][PASSED] - Object: 'Object Repository/Final Object Repo/Page_Update Add New Employee - ASSIST/DatePicker Pop Up' is clicked on

2018-12-07 01:38:08 - [TEST_STEP][PASSED] - delay: Delayed 2 second(s)

2018-12-07 01:38:10 - [MESSAGE][PASSED] - Delayed 2 second(s)

2018-12-07 01:38:10 - [TEST_STEP][PASSED] - click: Object: 'Object Repository/Final Object Repo/Page_Update Add New Employee - ASSIST/DOB Month' is clicked on

2018-12-07 01:38:10 - [MESSAGE][PASSED] - Object: 'Object Repository/Final Object Repo/Page_Update Add New Employee - ASSIST/DOB Month' is clicked on

2018-12-07 01:38:10 - [TEST_STEP][PASSED] - Statement - selectMonth = com.kms.katalon.core.webui.keyword.WebUiBuiltInKeywords.modifyObjectProperty(selectMonth, "xpath", "equals", "//body/div/div/div/select/option[@value="" + CurrentMonth + ""]", true): Modify property of object successfully

2018-12-07 01:38:10 - [MESSAGE][PASSED] - Modify property of object successfully

2018-12-07 01:38:10 - [TEST_STEP][PASSED] - click: Object: '' is clicked on

2018-12-07 01:38:10 - [MESSAGE][PASSED] - Object: '' is clicked on

2018-12-07 01:38:10 - [TEST_STEP][PASSED] - click: Object: 'Object Repository/Final Object Repo/Page_Update Add New Employee - ASSIST/DOB Year' is clicked on

2018-12-07 01:38:11 - [MESSAGE][PASSED] - Object: 'Object Repository/Final Object Repo/Page_Update Add New Employee - ASSIST/DOB Year' is clicked on

2018-12-07 01:38:11 - [TEST_STEP][PASSED] - Statement - selectYear = com.kms.katalon.core.webui.keyword.WebUiBuiltInKeywords.modifyObjectProperty(selectYear, "xpath", "equals", "//div/div/div/select/option[@value="" + FiftysevenYrsBefore + ""]", true): Modify property of object successfully

2018-12-07 01:38:11 - [MESSAGE][PASSED] - Modify property of object successfully

2018-12-07 01:38:11 - [TEST_STEP][PASSED] - click: Object: '' is clicked on

2018-12-07 01:38:11 - [MESSAGE][PASSED] - Object: '' is clicked on

2018-12-07 01:38:11 - [TEST_STEP][PASSED] - Statement - UpdatedSelectDate = com.kms.katalon.core.webui.keyword.WebUiBuiltInKeywords.modifyObjectProperty(com.kms.katalon.core.testobject.ObjectRepository.findTestObject(Final Object Repo/Page_Update Add New Employee - ASSIST/DOB Date), "xpath", "equals", "//body/div/table/tbody/tr/td/a[text()="" + OneDayBefore + ""]", true): Modify property of object successfully

2018-12-07 01:38:11 - [MESSAGE][PASSED] - Modify property of object successfully

2018-12-07 01:38:11 - [TEST_STEP][PASSED] - click: Object: 'Object Repository/Final Object Repo/Page_Update Add New Employee - ASSIST/DOB Date' is clicked on

2018-12-07 01:38:11 - [MESSAGE][PASSED] - Object: 'Object Repository/Final Object Repo/Page_Update Add New Employee - ASSIST/DOB Date' is clicked on

2018-12-07 01:38:11 - [TEST_STEP][PASSED] - delay: Delayed 2 second(s)

2018-12-07 01:38:13 - [MESSAGE][PASSED] - Delayed 2 second(s)

2018-12-07 01:38:13 - [TEST_STEP][PASSED] - click: Object: 'Object Repository/Final Object Repo/Page_Update Add New Employee - ASSIST/EmploymentStartDate Pop Up' is clicked on

2018-12-07 01:38:13 - [MESSAGE][PASSED] - Object: 'Object Repository/Final Object Repo/Page_Update Add New Employee - ASSIST/EmploymentStartDate Pop Up' is clicked on

2018-12-07 01:38:13 - [TEST_STEP][PASSED] - delay: Delayed 2 second(s)

2018-12-07 01:38:15 - [MESSAGE][PASSED] - Delayed 2 second(s)

2018-12-07 01:38:15 - [TEST_STEP][PASSED] - click: Object: 'Object Repository/Final Object Repo/Page_Update Add New Employee - ASSIST/Socso Employment StartDate Month' is clicked on

2018-12-07 01:38:15 - [MESSAGE][PASSED] - Object: 'Object Repository/Final Object Repo/Page_Update Add New Employee - ASSIST/Socso Employment StartDate Month' is clicked on

2018-12-07 01:38:15 - [TEST_STEP][PASSED] - delay: Delayed 1 second(s)

2018-12-07 01:38:16 - [MESSAGE][PASSED] - Delayed 1 second(s)

2018-12-07 01:38:16 - [TEST_STEP][PASSED] - click: Object: 'Object Repository/Final Object Repo/Page_Update Add New Employee - ASSIST/Select Socso Employement Startdate Month' is clicked on

2018-12-07 01:38:16 - [MESSAGE][PASSED] - Object: 'Object Repository/Final Object Repo/Page_Update Add New Employee - ASSIST/Select Socso Employement Startdate Month' is clicked on

2018-12-07 01:38:16 - [TEST_STEP][PASSED] - delay: Delayed 2 second(s)

2018-12-07 01:38:18 - [MESSAGE][PASSED] - Delayed 2 second(s)

2018-12-07 01:38:18 - [TEST_STEP][PASSED] - click: Object: 'Object Repository/Final Object Repo/Page_Update Add New Employee - ASSIST/Socso Employment StartDate Year' is clicked on

2018-12-07 01:38:19 - [MESSAGE][PASSED] - Object: 'Object Repository/Final Object Repo/Page_Update Add New Employee - ASSIST/Socso Employment StartDate Year' is clicked on

2018-12-07 01:38:19 - [TEST_STEP][PASSED] - delay: Delayed 1 second(s)

2018-12-07 01:38:20 - [MESSAGE][PASSED] - Delayed 1 second(s)

2018-12-07 01:38:20 - [TEST_STEP][PASSED] - click: Object: 'Object Repository/Final Object Repo/Page_Update Add New Employee - ASSIST/Select Socso Employment Startdate Year' is clicked on

2018-12-07 01:38:20 - [MESSAGE][PASSED] - Object: 'Object Repository/Final Object Repo/Page_Update Add New Employee - ASSIST/Select Socso Employment Startdate Year' is clicked on

2018-12-07 01:38:20 - [TEST_STEP][PASSED] - delay: Delayed 2 second(s)

2018-12-07 01:38:22 - [MESSAGE][PASSED] - Delayed 2 second(s)

2018-12-07 01:38:22 - [TEST_STEP][PASSED] - click: Object: 'Object Repository/Final Object Repo/Page_Update Add New Employee - ASSIST/Socso Employment Start Date Day' is clicked on

2018-12-07 01:38:22 - [MESSAGE][PASSED] - Object: 'Object Repository/Final Object Repo/Page_Update Add New Employee - ASSIST/Socso Employment Start Date Day' is clicked on

2018-12-07 01:38:22 - [TEST_STEP][PASSED] - delay: Delayed 2 second(s)

2018-12-07 01:38:24 - [MESSAGE][PASSED] - Delayed 2 second(s)

2018-12-07 01:38:24 - [TEST_STEP][PASSED] - click: Object: 'Object Repository/Final Object Repo/Page_Update Add New Employee - ASSIST/Save Button for Add Employee' is clicked on

2018-12-07 01:38:24 - [MESSAGE][PASSED] - Object: 'Object Repository/Final Object Repo/Page_Update Add New Employee - ASSIST/Save Button for Add Employee' is clicked on

2018-12-07 01:38:24 - [TEST_STEP][PASSED] - delay: Delayed 10 second(s)

2018-12-07 01:38:34 - [MESSAGE][PASSED] - Delayed 10 second(s)

2018-12-07 01:38:34 - [TEST_STEP][PASSED] - waitForElementClickable: Object 'Object Repository/Final Object Repo/Page_Update Add New Employee - ASSIST/Add Employee Button' is clickable

2018-12-07 01:38:34 - [MESSAGE][PASSED] - Object 'Object Repository/Final Object Repo/Page_Update Add New Employee - ASSIST/Add Employee Button' is clickable

2018-12-07 01:38:34 - [TEST_STEP][PASSED] - click: Object: 'Object Repository/Final Object Repo/Page_Update Add New Employee - ASSIST/Add Employee Button' is clicked on

2018-12-07 01:38:34 - [MESSAGE][PASSED] - Object: 'Object Repository/Final Object Repo/Page_Update Add New Employee - ASSIST/Add Employee Button' is clicked on

2018-12-07 01:38:34 - [TEST_STEP][PASSED] - delay: Delayed 4 second(s)

2018-12-07 01:38:38 - [MESSAGE][PASSED] - Delayed 4 second(s)

2018-12-07 01:38:38 - [TEST_STEP][PASSED] - setText: Text '000209039100' is set on object 'Object Repository/Final Object Repo/Page_Update Add New Employee - ASSIST/NRIC Input'

2018-12-07 01:38:39 - [MESSAGE][PASSED] - Text '000209039100' is set on object 'Object Repository/Final Object Repo/Page_Update Add New Employee - ASSIST/NRIC Input'

2018-12-07 01:38:39 - [TEST_STEP][PASSED] - click: Object: 'Object Repository/Final Object Repo/Page_Update Add New Employee - ASSIST/button for search for IC' is clicked on

2018-12-07 01:38:39 - [MESSAGE][PASSED] - Object: 'Object Repository/Final Object Repo/Page_Update Add New Employee - ASSIST/button for search for IC' is clicked on

2018-12-07 01:38:39 - [TEST_STEP][PASSED] - delay: Delayed 2 second(s)

2018-12-07 01:38:41 - [MESSAGE][PASSED] - Delayed 2 second(s)

2018-12-07 01:38:41 - [TEST_STEP][PASSED] - setText: Text 'Automate003 not eligible 1' is set on object 'Object Repository/Final Object Repo/Page_Update Add New Employee - ASSIST/Employee Name Input'

2018-12-07 01:38:41 - [MESSAGE][PASSED] - Text 'Automate003 not eligible 1' is set on object 'Object Repository/Final Object Repo/Page_Update Add New Employee - ASSIST/Employee Name Input'

2018-12-07 01:38:41 - [TEST_STEP][PASSED] - delay: Delayed 2 second(s)

2018-12-07 01:38:43 - [MESSAGE][PASSED] - Delayed 2 second(s)

2018-12-07 01:38:43 - [TEST_STEP][PASSED] - click: Object: 'Object Repository/Final Object Repo/Page_Update Add New Employee - ASSIST/DatePicker Pop Up' is clicked on

2018-12-07 01:38:44 - [MESSAGE][PASSED] - Object: 'Object Repository/Final Object Repo/Page_Update Add New Employee - ASSIST/DatePicker Pop Up' is clicked on

2018-12-07 01:38:44 - [TEST_STEP][PASSED] - delay: Delayed 2 second(s)

2018-12-07 01:38:46 - [MESSAGE][PASSED] - Delayed 2 second(s)

2018-12-07 01:38:46 - [TEST_STEP][PASSED] - click: Object: 'Object Repository/Final Object Repo/Page_Update Add New Employee - ASSIST/DOB Month' is clicked on

2018-12-07 01:38:46 - [MESSAGE][PASSED] - Object: 'Object Repository/Final Object Repo/Page_Update Add New Employee - ASSIST/DOB Month' is clicked on

2018-12-07 01:38:46 - [TEST_STEP][PASSED] - Statement - selectMonth = com.kms.katalon.core.webui.keyword.WebUiBuiltInKeywords.modifyObjectProperty(selectMonth, "xpath", "equals", "//body/div/div/div/select/option[@value="" + CurrentMonth + ""]", true): Modify property of object successfully

2018-12-07 01:38:46 - [MESSAGE][PASSED] - Modify property of object successfully

2018-12-07 01:38:46 - [TEST_STEP][PASSED] - click: Object: '' is clicked on

2018-12-07 01:38:46 - [MESSAGE][PASSED] - Object: '' is clicked on

2018-12-07 01:38:46 - [TEST_STEP][PASSED] - click: Object: 'Object Repository/Final Object Repo/Page_Update Add New Employee - ASSIST/DOB Year' is clicked on

2018-12-07 01:38:46 - [MESSAGE][PASSED] - Object: 'Object Repository/Final Object Repo/Page_Update Add New Employee - ASSIST/DOB Year' is clicked on

2018-12-07 01:38:46 - [TEST_STEP][PASSED] - Statement - selectYear = com.kms.katalon.core.webui.keyword.WebUiBuiltInKeywords.modifyObjectProperty(selectYear, "xpath", "equals", "//div/div/div/select/option[@value="" + EighteenYrsBefore + ""]", true): Modify property of object successfully

2018-12-07 01:38:46 - [MESSAGE][PASSED] - Modify property of object successfully

2018-12-07 01:38:46 - [TEST_STEP][PASSED] - click: Object: '' is clicked on

2018-12-07 01:38:46 - [MESSAGE][PASSED] - Object: '' is clicked on

2018-12-07 01:38:46 - [TEST_STEP][PASSED] - Statement - UpdatedSelectDate = com.kms.katalon.core.webui.keyword.WebUiBuiltInKeywords.modifyObjectProperty(com.kms.katalon.core.testobject.ObjectRepository.findTestObject(Final Object Repo/Page_Update Add New Employee - ASSIST/DOB Date), "xpath", "equals", "//body/div/table/tbody/tr/td/a[text()="" + OneDayBefore + ""]", true): Modify property of object successfully

2018-12-07 01:38:46 - [MESSAGE][PASSED] - Modify property of object successfully

2018-12-07 01:38:46 - [TEST_STEP][PASSED] - click: Object: 'Object Repository/Final Object Repo/Page_Update Add New Employee - ASSIST/DOB Date' is clicked on

2018-12-07 01:38:46 - [MESSAGE][PASSED] - Object: 'Object Repository/Final Object Repo/Page_Update Add New Employee - ASSIST/DOB Date' is clicked on

2018-12-07 01:38:46 - [TEST_STEP][PASSED] - delay: Delayed 2 second(s)

2018-12-07 01:38:48 - [MESSAGE][PASSED] - Delayed 2 second(s)

2018-12-07 01:38:48 - [TEST_STEP][PASSED] - click: Object: 'Object Repository/Final Object Repo/Page_Update Add New Employee - ASSIST/EmploymentStartDate Pop Up' is clicked on

2018-12-07 01:38:49 - [MESSAGE][PASSED] - Object: 'Object Repository/Final Object Repo/Page_Update Add New Employee - ASSIST/EmploymentStartDate Pop Up' is clicked on

2018-12-07 01:38:49 - [TEST_STEP][PASSED] - delay: Delayed 2 second(s)

2018-12-07 01:38:51 - [MESSAGE][PASSED] - Delayed 2 second(s)

2018-12-07 01:38:51 - [TEST_STEP][PASSED] - click: Object: 'Object Repository/Final Object Repo/Page_Update Add New Employee - ASSIST/Socso Employment StartDate Month' is clicked on

2018-12-07 01:38:51 - [MESSAGE][PASSED] - Object: 'Object Repository/Final Object Repo/Page_Update Add New Employee - ASSIST/Socso Employment StartDate Month' is clicked on

2018-12-07 01:38:51 - [TEST_STEP][PASSED] - delay: Delayed 1 second(s)

2018-12-07 01:38:52 - [MESSAGE][PASSED] - Delayed 1 second(s)

2018-12-07 01:38:52 - [TEST_STEP][PASSED] - click: Object: 'Object Repository/Final Object Repo/Page_Update Add New Employee - ASSIST/Select Socso Employement Startdate Month' is clicked on

2018-12-07 01:38:52 - [MESSAGE][PASSED] - Object: 'Object Repository/Final Object Repo/Page_Update Add New Employee - ASSIST/Select Socso Employement Startdate Month' is clicked on

2018-12-07 01:38:52 - [TEST_STEP][PASSED] - delay: Delayed 2 second(s)

2018-12-07 01:38:54 - [MESSAGE][PASSED] - Delayed 2 second(s)

2018-12-07 01:38:54 - [TEST_STEP][PASSED] - click: Object: 'Object Repository/Final Object Repo/Page_Update Add New Employee - ASSIST/Socso Employment StartDate Year' is clicked on

2018-12-07 01:38:54 - [MESSAGE][PASSED] - Object: 'Object Repository/Final Object Repo/Page_Update Add New Employee - ASSIST/Socso Employment StartDate Year' is clicked on

2018-12-07 01:38:54 - [TEST_STEP][PASSED] - delay: Delayed 1 second(s)

2018-12-07 01:38:55 - [MESSAGE][PASSED] - Delayed 1 second(s)

2018-12-07 01:38:55 - [TEST_STEP][PASSED] - click: Object: 'Object Repository/Final Object Repo/Page_Update Add New Employee - ASSIST/Select Socso Employment Startdate Year' is clicked on

2018-12-07 01:38:55 - [MESSAGE][PASSED] - Object: 'Object Repository/Final Object Repo/Page_Update Add New Employee - ASSIST/Select Socso Employment Startdate Year' is clicked on

2018-12-07 01:38:55 - [TEST_STEP][PASSED] - delay: Delayed 2 second(s)

2018-12-07 01:38:57 - [MESSAGE][PASSED] - Delayed 2 second(s)

2018-12-07 01:38:57 - [TEST_STEP][PASSED] - click: Object: 'Object Repository/Final Object Repo/Page_Update Add New Employee - ASSIST/Socso Employment Start Date Day' is clicked on

2018-12-07 01:38:57 - [MESSAGE][PASSED] - Object: 'Object Repository/Final Object Repo/Page_Update Add New Employee - ASSIST/Socso Employment Start Date Day' is clicked on

2018-12-07 01:38:57 - [TEST_STEP][PASSED] - delay: Delayed 2 second(s)

2018-12-07 01:38:59 - [MESSAGE][PASSED] - Delayed 2 second(s)

2018-12-07 01:38:59 - [TEST_STEP][PASSED] - click: Object: 'Object Repository/Final Object Repo/Page_Update Add New Employee - ASSIST/Save Button for Add Employee' is clicked on

2018-12-07 01:39:00 - [MESSAGE][PASSED] - Object: 'Object Repository/Final Object Repo/Page_Update Add New Employee - ASSIST/Save Button for Add Employee' is clicked on

2018-12-07 01:39:00 - [TEST_STEP][PASSED] - delay: Delayed 20 second(s)

2018-12-07 01:39:20 - [MESSAGE][PASSED] - Delayed 20 second(s)

2018-12-07 01:39:20 - [TEST_STEP][PASSED] - click: Object: 'Object Repository/Final Object Repo/Page_Update Add New Employee - ASSIST/Add Employee Button' is clicked on

2018-12-07 01:39:20 - [MESSAGE][PASSED] - Object: 'Object Repository/Final Object Repo/Page_Update Add New Employee - ASSIST/Add Employee Button' is clicked on

2018-12-07 01:39:20 - [TEST_STEP][PASSED] - delay: Delayed 4 second(s)

2018-12-07 01:39:24 - [MESSAGE][PASSED] - Delayed 4 second(s)

2018-12-07 01:39:24 - [TEST_STEP][PASSED] - setText: Text '600203039104' is set on object 'Object Repository/Final Object Repo/Page_Update Add New Employee - ASSIST/NRIC Input'

2018-12-07 01:39:24 - [MESSAGE][PASSED] - Text '600203039104' is set on object 'Object Repository/Final Object Repo/Page_Update Add New Employee - ASSIST/NRIC Input'

2018-12-07 01:39:24 - [TEST_STEP][PASSED] - click: Object: 'Object Repository/Final Object Repo/Page_Update Add New Employee - ASSIST/button for search for IC' is clicked on

2018-12-07 01:39:24 - [MESSAGE][PASSED] - Object: 'Object Repository/Final Object Repo/Page_Update Add New Employee - ASSIST/button for search for IC' is clicked on

2018-12-07 01:39:24 - [TEST_STEP][PASSED] - delay: Delayed 2 second(s)

2018-12-07 01:39:26 - [MESSAGE][PASSED] - Delayed 2 second(s)

2018-12-07 01:39:26 - [TEST_STEP][PASSED] - setText: Text 'Automate003 not eligible 2' is set on object 'Object Repository/Final Object Repo/Page_Update Add New Employee - ASSIST/Employee Name Input'

2018-12-07 01:39:27 - [MESSAGE][PASSED] - Text 'Automate003 not eligible 2' is set on object 'Object Repository/Final Object Repo/Page_Update Add New Employee - ASSIST/Employee Name Input'

2018-12-07 01:39:27 - [TEST_STEP][PASSED] - delay: Delayed 2 second(s)

2018-12-07 01:39:29 - [MESSAGE][PASSED] - Delayed 2 second(s)

2018-12-07 01:39:29 - [TEST_STEP][PASSED] - click: Object: 'Object Repository/Final Object Repo/Page_Update Add New Employee - ASSIST/DatePicker Pop Up' is clicked on

2018-12-07 01:39:29 - [MESSAGE][PASSED] - Object: 'Object Repository/Final Object Repo/Page_Update Add New Employee - ASSIST/DatePicker Pop Up' is clicked on

2018-12-07 01:39:29 - [TEST_STEP][PASSED] - delay: Delayed 2 second(s)

2018-12-07 01:39:31 - [MESSAGE][PASSED] - Delayed 2 second(s)

2018-12-07 01:39:31 - [TEST_STEP][PASSED] - click: Object: 'Object Repository/Final Object Repo/Page_Update Add New Employee - ASSIST/DOB Month' is clicked on

2018-12-07 01:39:31 - [MESSAGE][PASSED] - Object: 'Object Repository/Final Object Repo/Page_Update Add New Employee - ASSIST/DOB Month' is clicked on

2018-12-07 01:39:31 - [TEST_STEP][PASSED] - Statement - selectMonth = com.kms.katalon.core.webui.keyword.WebUiBuiltInKeywords.modifyObjectProperty(selectMonth, "xpath", "equals", "//body/div/div/div/select/option[@value="" + CurrentMonth + ""]", true): Modify property of object successfully

2018-12-07 01:39:31 - [MESSAGE][PASSED] - Modify property of object successfully

2018-12-07 01:39:31 - [TEST_STEP][PASSED] - click: Object: '' is clicked on

2018-12-07 01:39:31 - [MESSAGE][PASSED] - Object: '' is clicked on

2018-12-07 01:39:31 - [TEST_STEP][PASSED] - click: Object: 'Object Repository/Final Object Repo/Page_Update Add New Employee - ASSIST/DOB Year' is clicked on

2018-12-07 01:39:32 - [MESSAGE][PASSED] - Object: 'Object Repository/Final Object Repo/Page_Update Add New Employee - ASSIST/DOB Year' is clicked on

2018-12-07 01:39:32 - [TEST_STEP][PASSED] - Statement - selectYear = com.kms.katalon.core.webui.keyword.WebUiBuiltInKeywords.modifyObjectProperty(selectYear, "xpath", "equals", "//div/div/div/select/option[@value="" + FiftysevenYrsBefore + ""]", true): Modify property of object successfully

2018-12-07 01:39:32 - [MESSAGE][PASSED] - Modify property of object successfully

2018-12-07 01:39:32 - [TEST_STEP][PASSED] - click: Object: '' is clicked on

2018-12-07 01:39:32 - [MESSAGE][PASSED] - Object: '' is clicked on

2018-12-07 01:39:32 - [TEST_STEP][PASSED] - Statement - UpdatedSelectDate = com.kms.katalon.core.webui.keyword.WebUiBuiltInKeywords.modifyObjectProperty(com.kms.katalon.core.testobject.ObjectRepository.findTestObject(Final Object Repo/Page_Update Add New Employee - ASSIST/DOB Date), "xpath", "equals", "//body/div/table/tbody/tr/td/a[text()="" + CurrentDate + ""]", true): Modify property of object successfully

2018-12-07 01:39:32 - [MESSAGE][PASSED] - Modify property of object successfully

2018-12-07 01:39:32 - [TEST_STEP][PASSED] - click: Object: 'Object Repository/Final Object Repo/Page_Update Add New Employee - ASSIST/DOB Date' is clicked on

2018-12-07 01:39:32 - [MESSAGE][PASSED] - Object: 'Object Repository/Final Object Repo/Page_Update Add New Employee - ASSIST/DOB Date' is clicked on

2018-12-07 01:39:32 - [TEST_STEP][PASSED] - click: Object: 'Object Repository/Final Object Repo/Page_Update Add New Employee - ASSIST/EmploymentStartDate Pop Up' is clicked on

2018-12-07 01:39:32 - [MESSAGE][PASSED] - Object: 'Object Repository/Final Object Repo/Page_Update Add New Employee - ASSIST/EmploymentStartDate Pop Up' is clicked on

2018-12-07 01:39:32 - [TEST_STEP][PASSED] - delay: Delayed 2 second(s)

2018-12-07 01:39:34 - [MESSAGE][PASSED] - Delayed 2 second(s)

2018-12-07 01:39:34 - [TEST_STEP][PASSED] - click: Object: 'Object Repository/Final Object Repo/Page_Update Add New Employee - ASSIST/Socso Employment StartDate Month' is clicked on

2018-12-07 01:39:34 - [MESSAGE][PASSED] - Object: 'Object Repository/Final Object Repo/Page_Update Add New Employee - ASSIST/Socso Employment StartDate Month' is clicked on

2018-12-07 01:39:34 - [TEST_STEP][PASSED] - delay: Delayed 1 second(s)

2018-12-07 01:39:35 - [MESSAGE][PASSED] - Delayed 1 second(s)

2018-12-07 01:39:35 - [TEST_STEP][PASSED] - click: Object: 'Object Repository/Final Object Repo/Page_Update Add New Employee - ASSIST/Select Socso Employement Startdate Month' is clicked on

2018-12-07 01:39:35 - [MESSAGE][PASSED] - Object: 'Object Repository/Final Object Repo/Page_Update Add New Employee - ASSIST/Select Socso Employement Startdate Month' is clicked on

2018-12-07 01:39:35 - [TEST_STEP][PASSED] - delay: Delayed 2 second(s)

2018-12-07 01:39:37 - [MESSAGE][PASSED] - Delayed 2 second(s)

2018-12-07 01:39:37 - [TEST_STEP][PASSED] - click: Object: 'Object Repository/Final Object Repo/Page_Update Add New Employee - ASSIST/Socso Employment StartDate Year' is clicked on

2018-12-07 01:39:38 - [MESSAGE][PASSED] - Object: 'Object Repository/Final Object Repo/Page_Update Add New Employee - ASSIST/Socso Employment StartDate Year' is clicked on

2018-12-07 01:39:38 - [TEST_STEP][PASSED] - delay: Delayed 1 second(s)

2018-12-07 01:39:39 - [MESSAGE][PASSED] - Delayed 1 second(s)

2018-12-07 01:39:39 - [TEST_STEP][PASSED] - click: Object: 'Object Repository/Final Object Repo/Page_Update Add New Employee - ASSIST/Select Socso Employment Startdate Year' is clicked on

2018-12-07 01:39:39 - [MESSAGE][PASSED] - Object: 'Object Repository/Final Object Repo/Page_Update Add New Employee - ASSIST/Select Socso Employment Startdate Year' is clicked on

2018-12-07 01:39:39 - [TEST_STEP][PASSED] - delay: Delayed 2 second(s)

2018-12-07 01:39:41 - [MESSAGE][PASSED] - Delayed 2 second(s)

2018-12-07 01:39:41 - [TEST_STEP][PASSED] - click: Object: 'Object Repository/Final Object Repo/Page_Update Add New Employee - ASSIST/Socso Employment Start Date Day' is clicked on

2018-12-07 01:39:41 - [MESSAGE][PASSED] - Object: 'Object Repository/Final Object Repo/Page_Update Add New Employee - ASSIST/Socso Employment Start Date Day' is clicked on

2018-12-07 01:39:41 - [TEST_STEP][PASSED] - delay: Delayed 2 second(s)

2018-12-07 01:39:43 - [MESSAGE][PASSED] - Delayed 2 second(s)

2018-12-07 01:39:43 - [TEST_STEP][PASSED] - click: Object: 'Object Repository/Final Object Repo/Page_Update Add New Employee - ASSIST/Save Button for Add Employee' is clicked on

2018-12-07 01:39:43 - [MESSAGE][PASSED] - Object: 'Object Repository/Final Object Repo/Page_Update Add New Employee - ASSIST/Save Button for Add Employee' is clicked on

2018-12-07 01:39:43 - [MESSAGE][PASSED] - Call Test Case 'Test Cases/Final Aug 2018 - PKS Automation/Registration Module/Workflow/Update Add New Employee/Template/Employee Adding/Employee Adding Action Repeat IC - set 1' successfully

2018-12-07 01:39:43 - [MESSAGE][PASSED] - Call Test Case 'Test Cases/Final Aug 2018 - PKS Automation/Registration Module/Workflow/Update Add New Employee/Template/Employee Adding/Employee Set Decider' successfully

2018-12-07 01:39:43 - [TEST_STEP][PASSED] - delay: Delayed 4 second(s)

2018-12-07 01:39:47 - [MESSAGE][PASSED] - Delayed 4 second(s)

2018-12-07 01:39:47 - [TEST_STEP][PASSED] - Statement - CaseReferenceNo = com.kms.katalon.core.webui.keyword.WebUiBuiltInKeywords.getText(com.kms.katalon.core.testobject.ObjectRepository.findTestObject(Final Object Repo/Page_Update Add New Employee - ASSIST/RefNo)): Text of object 'Object Repository/Final Object Repo/Page_Update Add New Employee - ASSIST/RefNo' is: 'CAN12201800002277'

2018-12-07 01:39:47 - [MESSAGE][PASSED] - Text of object 'Object Repository/Final Object Repo/Page_Update Add New Employee - ASSIST/RefNo' is: 'CAN12201800002277'

2018-12-07 01:39:47 - [TEST_STEP][PASSED] - callTestCase: Call Test Case 'Test Cases/Final Aug 2018 - PKS Automation/Common/Reference Number Setter' successfully

2018-12-07 01:39:47 - [TEST_CASE][PASSED] - Test Cases/Final Aug 2018 - PKS Automation/Common/Reference Number Setter: Test Cases/Final Aug 2018 - PKS Automation/Common/Reference Number Setter

2018-12-07 01:39:47 - [TEST_STEP][PASSED] - Statement - RefNoOldFile = new java.io.File(C://Users//Admin//Desktop//PKS//Automation Reference Point//KatalonReference.txt): null

2018-12-07 01:39:47 - [TEST_STEP][PASSED] - Statement - RefNoOldFile.delete(): null

2018-12-07 01:39:47 - [TEST_STEP][PASSED] - delay: Delayed 5 second(s)

2018-12-07 01:39:52 - [MESSAGE][PASSED] - Delayed 5 second(s)

2018-12-07 01:39:52 - [TEST_STEP][PASSED] - Statement - RefNo = new java.io.File(C://Users//Admin//Desktop//PKS//Automation Reference Point//KatalonReference.txt): null

2018-12-07 01:39:52 - [TEST_STEP][PASSED] - Statement - f2 = new java.io.FileWriter(RefNo, false): null

2018-12-07 01:39:52 - [TEST_STEP][PASSED] - Statement - f2.write(CaseReferenceNo): null

2018-12-07 01:39:52 - [TEST_STEP][PASSED] - Statement - f2.close(): null

2018-12-07 01:39:52 - [TEST_STEP][PASSED] - Statement - out.println("


" + CaseReferenceNo + "


"): null

2018-12-07 01:39:52 - [MESSAGE][PASSED] - Call Test Case 'Test Cases/Final Aug 2018 - PKS Automation/Common/Reference Number Setter' successfully

2018-12-07 01:39:52 - [TEST_STEP][PASSED] - delay: Delayed 5 second(s)

2018-12-07 01:39:57 - [MESSAGE][PASSED] - Delayed 5 second(s)

2018-12-07 01:39:57 - [TEST_STEP][PASSED] - click: Object: 'Object Repository/Final Object Repo/Page_Update Add New Employee - ASSIST/Save  Continue Button' is clicked on

2018-12-07 01:39:57 - [MESSAGE][PASSED] - Object: 'Object Repository/Final Object Repo/Page_Update Add New Employee - ASSIST/Save  Continue Button' is clicked on

2018-12-07 01:39:57 - [TEST_STEP][PASSED] - delay: Delayed 5 second(s)

2018-12-07 01:40:02 - [MESSAGE][PASSED] - Delayed 5 second(s)

2018-12-07 01:40:02 - [TEST_STEP][PASSED] - click: Object: 'Object Repository/Final Object Repo/Page_Update Add New Employee - ASSIST/Save  Continue Third Screen' is clicked on

2018-12-07 01:40:06 - [MESSAGE][PASSED] - Object: 'Object Repository/Final Object Repo/Page_Update Add New Employee - ASSIST/Save  Continue Third Screen' is clicked on

2018-12-07 01:40:06 - [TEST_STEP][PASSED] - delay: Delayed 4 second(s)

2018-12-07 01:40:10 - [MESSAGE][PASSED] - Delayed 4 second(s)

2018-12-07 01:40:10 - [TEST_STEP][PASSED] - click: Object: 'Object Repository/Final Object Repo/Page_Update Add New Employee - ASSIST/Save   Continue Supporting Doc Page' is clicked on

2018-12-07 01:40:10 - [MESSAGE][PASSED] - Object: 'Object Repository/Final Object Repo/Page_Update Add New Employee - ASSIST/Save   Continue Supporting Doc Page' is clicked on

2018-12-07 01:40:10 - [TEST_STEP][PASSED] - delay: Delayed 4 second(s)

2018-12-07 01:40:14 - [MESSAGE][PASSED] - Delayed 4 second(s)

2018-12-07 01:40:14 - [TEST_STEP][PASSED] - click: Object: 'Object Repository/Final Object Repo/Page_Update Add New Employee - ASSIST/Submit Button' is clicked on

2018-12-07 01:40:14 - [MESSAGE][PASSED] - Object: 'Object Repository/Final Object Repo/Page_Update Add New Employee - ASSIST/Submit Button' is clicked on

2018-12-07 01:40:14 - [TEST_STEP][PASSED] - delay: Delayed 4 second(s)

2018-12-07 01:40:18 - [MESSAGE][PASSED] - Delayed 4 second(s)

2018-12-07 01:40:18 - [TEST_STEP][PASSED] - click: Object: 'Object Repository/Final Object Repo/Page_Update Add New Employee - ASSIST/Confirm Submit Button' is clicked on

2018-12-07 01:40:18 - [MESSAGE][PASSED] - Object: 'Object Repository/Final Object Repo/Page_Update Add New Employee - ASSIST/Confirm Submit Button' is clicked on

2018-12-07 01:40:18 - [TEST_STEP][PASSED] - delay: Delayed 30 second(s)

2018-12-07 01:40:48 - [MESSAGE][PASSED] - Delayed 30 second(s)

2018-12-07 01:40:48 - [TEST_STEP][PASSED] - callTestCase: Call Test Case 'Test Cases/Final Aug 2018 - PKS Automation/Common/Screenshoting tool' successfully

2018-12-07 01:40:48 - [TEST_CASE][PASSED] - Test Cases/Final Aug 2018 - PKS Automation/Common/Screenshoting tool: Test Cases/Final Aug 2018 - PKS Automation/Common/Screenshoting tool

2018-12-07 01:40:48 - [TEST_STEP][PASSED] - delay: Delayed 15 second(s)

2018-12-07 01:41:03 - [MESSAGE][PASSED] - Delayed 15 second(s)

2018-12-07 01:41:03 - [TEST_STEP][PASSED] - Statement - driver = com.kms.katalon.core.webui.driver.DriverFactory.getWebDriver(): null

2018-12-07 01:41:03 - [TEST_STEP][PASSED] - Statement - driver.manage().timeouts().implicitlyWait(10, SECONDS): null

2018-12-07 01:41:03 - [TEST_STEP][PASSED] - Statement - PresavePath = KatalonScreenshots: null

2018-12-07 01:41:03 - [TEST_STEP][PASSED] - Statement - pathPrefix = "C:\Users\Public\Pictures\Sample Pictures\Katalon Screenshots\Automate Ending Screen": null

2018-12-07 01:41:03 - [TEST_STEP][PASSED] - Statement - finalPath = <not implemented yet for class: org.codehaus.groovy.ast.expr.EmptyExpression>: null

2018-12-07 01:41:03 - [TEST_STEP][PASSED] - Statement - scrFile = driver.getScreenshotAs(FILE): null

2018-12-07 01:41:04 - [TEST_STEP][PASSED] - Statement - PreSaveFile = new java.io.File(PresavePath): null

2018-12-07 01:41:04 - [TEST_STEP][PASSED] - Statement - counter = 0: null

2018-12-07 01:41:04 - [TEST_STEP][PASSED] - Statement - If (PreSaveFile.exists()): null

2018-12-07 01:41:04 - [TEST_STEP][PASSED] - Statement - While (PreSaveFile.exists()): null

2018-12-07 01:41:04 - [TEST_STEP][PASSED] - Statement - counter = counter + 1: null

2018-12-07 01:41:04 - [TEST_STEP][PASSED] - Statement - PreSaveFile = new java.io.File(((pathPrefix + java.lang.Integer.toString(counter)) + .png)): null

2018-12-07 01:41:04 - [TEST_STEP][PASSED] - Statement - counter = counter + 1: null

2018-12-07 01:41:04 - [TEST_STEP][PASSED] - Statement - PreSaveFile = new java.io.File(((pathPrefix + java.lang.Integer.toString(counter)) + .png)): null

2018-12-07 01:41:04 - [TEST_STEP][PASSED] - Statement - counter = counter + 1: null

2018-12-07 01:41:04 - [TEST_STEP][PASSED] - Statement - PreSaveFile = new java.io.File(((pathPrefix + java.lang.Integer.toString(counter)) + .png)): null

2018-12-07 01:41:04 - [TEST_STEP][PASSED] - Statement - counter = counter + 1: null

2018-12-07 01:41:04 - [TEST_STEP][PASSED] - Statement - PreSaveFile = new java.io.File(((pathPrefix + java.lang.Integer.toString(counter)) + .png)): null

2018-12-07 01:41:04 - [TEST_STEP][PASSED] - Statement - counter = counter + 1: null

2018-12-07 01:41:04 - [TEST_STEP][PASSED] - Statement - PreSaveFile = new java.io.File(((pathPrefix + java.lang.Integer.toString(counter)) + .png)): null

2018-12-07 01:41:04 - [TEST_STEP][PASSED] - Statement - counter = counter + 1: null

2018-12-07 01:41:04 - [TEST_STEP][PASSED] - Statement - PreSaveFile = new java.io.File(((pathPrefix + java.lang.Integer.toString(counter)) + .png)): null

2018-12-07 01:41:04 - [TEST_STEP][PASSED] - Statement - counter = counter + 1: null

2018-12-07 01:41:04 - [TEST_STEP][PASSED] - Statement - PreSaveFile = new java.io.File(((pathPrefix + java.lang.Integer.toString(counter)) + .png)): null

2018-12-07 01:41:04 - [TEST_STEP][PASSED] - Statement - counter = counter + 1: null

2018-12-07 01:41:04 - [TEST_STEP][PASSED] - Statement - PreSaveFile = new java.io.File(((pathPrefix + java.lang.Integer.toString(counter)) + .png)): null

2018-12-07 01:41:04 - [TEST_STEP][PASSED] - Statement - counter = counter + 1: null

2018-12-07 01:41:04 - [TEST_STEP][PASSED] - Statement - PreSaveFile = new java.io.File(((pathPrefix + java.lang.Integer.toString(counter)) + .png)): null

2018-12-07 01:41:04 - [TEST_STEP][PASSED] - Statement - counter = counter + 1: null

2018-12-07 01:41:04 - [TEST_STEP][PASSED] - Statement - PreSaveFile = new java.io.File(((pathPrefix + java.lang.Integer.toString(counter)) + .png)): null

2018-12-07 01:41:04 - [TEST_STEP][PASSED] - Statement - counter = counter + 1: null

2018-12-07 01:41:04 - [TEST_STEP][PASSED] - Statement - PreSaveFile = new java.io.File(((pathPrefix + java.lang.Integer.toString(counter)) + .png)): null

2018-12-07 01:41:04 - [TEST_STEP][PASSED] - Statement - counter = counter + 1: null

2018-12-07 01:41:04 - [TEST_STEP][PASSED] - Statement - PreSaveFile = new java.io.File(((pathPrefix + java.lang.Integer.toString(counter)) + .png)): null

2018-12-07 01:41:04 - [TEST_STEP][PASSED] - Statement - counter = counter + 1: null

2018-12-07 01:41:04 - [TEST_STEP][PASSED] - Statement - PreSaveFile = new java.io.File(((pathPrefix + java.lang.Integer.toString(counter)) + .png)): null

2018-12-07 01:41:04 - [TEST_STEP][PASSED] - Statement - counter = counter + 1: null

2018-12-07 01:41:04 - [TEST_STEP][PASSED] - Statement - PreSaveFile = new java.io.File(((pathPrefix + java.lang.Integer.toString(counter)) + .png)): null

2018-12-07 01:41:04 - [TEST_STEP][PASSED] - Statement - counter = counter + 1: null

2018-12-07 01:41:04 - [TEST_STEP][PASSED] - Statement - PreSaveFile = new java.io.File(((pathPrefix + java.lang.Integer.toString(counter)) + .png)): null

2018-12-07 01:41:04 - [TEST_STEP][PASSED] - Statement - counter = counter + 1: null

2018-12-07 01:41:04 - [TEST_STEP][PASSED] - Statement - PreSaveFile = new java.io.File(((pathPrefix + java.lang.Integer.toString(counter)) + .png)): null

2018-12-07 01:41:04 - [TEST_STEP][PASSED] - Statement - counter = counter + 1: null

2018-12-07 01:41:04 - [TEST_STEP][PASSED] - Statement - PreSaveFile = new java.io.File(((pathPrefix + java.lang.Integer.toString(counter)) + .png)): null

2018-12-07 01:41:04 - [TEST_STEP][PASSED] - Statement - counter = counter + 1: null

2018-12-07 01:41:04 - [TEST_STEP][PASSED] - Statement - PreSaveFile = new java.io.File(((pathPrefix + java.lang.Integer.toString(counter)) + .png)): null

2018-12-07 01:41:04 - [TEST_STEP][PASSED] - Statement - counter = counter + 1: null

2018-12-07 01:41:04 - [TEST_STEP][PASSED] - Statement - PreSaveFile = new java.io.File(((pathPrefix + java.lang.Integer.toString(counter)) + .png)): null

2018-12-07 01:41:04 - [TEST_STEP][PASSED] - Statement - counter = counter + 1: null

2018-12-07 01:41:04 - [TEST_STEP][PASSED] - Statement - PreSaveFile = new java.io.File(((pathPrefix + java.lang.Integer.toString(counter)) + .png)): null

2018-12-07 01:41:04 - [TEST_STEP][PASSED] - Statement - counter = counter + 1: null

2018-12-07 01:41:04 - [TEST_STEP][PASSED] - Statement - PreSaveFile = new java.io.File(((pathPrefix + java.lang.Integer.toString(counter)) + .png)): null

2018-12-07 01:41:04 - [TEST_STEP][PASSED] - Statement - counter = counter + 1: null

2018-12-07 01:41:04 - [TEST_STEP][PASSED] - Statement - PreSaveFile = new java.io.File(((pathPrefix + java.lang.Integer.toString(counter)) + .png)): null

2018-12-07 01:41:04 - [TEST_STEP][PASSED] - Statement - counter = counter + 1: null

2018-12-07 01:41:04 - [TEST_STEP][PASSED] - Statement - PreSaveFile = new java.io.File(((pathPrefix + java.lang.Integer.toString(counter)) + .png)): null

2018-12-07 01:41:04 - [TEST_STEP][PASSED] - Statement - counter = counter + 1: null

2018-12-07 01:41:04 - [TEST_STEP][PASSED] - Statement - PreSaveFile = new java.io.File(((pathPrefix + java.lang.Integer.toString(counter)) + .png)): null

2018-12-07 01:41:04 - [TEST_STEP][PASSED] - Statement - counter = counter + 1: null

2018-12-07 01:41:04 - [TEST_STEP][PASSED] - Statement - PreSaveFile = new java.io.File(((pathPrefix + java.lang.Integer.toString(counter)) + .png)): null

2018-12-07 01:41:04 - [TEST_STEP][PASSED] - Statement - counter = counter + 1: null

2018-12-07 01:41:04 - [TEST_STEP][PASSED] - Statement - PreSaveFile = new java.io.File(((pathPrefix + java.lang.Integer.toString(counter)) + .png)): null

2018-12-07 01:41:04 - [TEST_STEP][PASSED] - Statement - counter = counter + 1: null

2018-12-07 01:41:04 - [TEST_STEP][PASSED] - Statement - PreSaveFile = new java.io.File(((pathPrefix + java.lang.Integer.toString(counter)) + .png)): null

2018-12-07 01:41:04 - [TEST_STEP][PASSED] - Statement - counter = counter + 1: null

2018-12-07 01:41:04 - [TEST_STEP][PASSED] - Statement - PreSaveFile = new java.io.File(((pathPrefix + java.lang.Integer.toString(counter)) + .png)): null

2018-12-07 01:41:04 - [TEST_STEP][PASSED] - Statement - counter = counter + 1: null

2018-12-07 01:41:04 - [TEST_STEP][PASSED] - Statement - PreSaveFile = new java.io.File(((pathPrefix + java.lang.Integer.toString(counter)) + .png)): null

2018-12-07 01:41:04 - [TEST_STEP][PASSED] - Statement - counter = counter + 1: null

2018-12-07 01:41:04 - [TEST_STEP][PASSED] - Statement - PreSaveFile = new java.io.File(((pathPrefix + java.lang.Integer.toString(counter)) + .png)): null

2018-12-07 01:41:04 - [TEST_STEP][PASSED] - Statement - counter = counter + 1: null

2018-12-07 01:41:04 - [TEST_STEP][PASSED] - Statement - PreSaveFile = new java.io.File(((pathPrefix + java.lang.Integer.toString(counter)) + .png)): null

2018-12-07 01:41:04 - [TEST_STEP][PASSED] - Statement - counter = counter + 1: null

2018-12-07 01:41:04 - [TEST_STEP][PASSED] - Statement - PreSaveFile = new java.io.File(((pathPrefix + java.lang.Integer.toString(counter)) + .png)): null

2018-12-07 01:41:04 - [TEST_STEP][PASSED] - Statement - counter = counter + 1: null

2018-12-07 01:41:04 - [TEST_STEP][PASSED] - Statement - PreSaveFile = new java.io.File(((pathPrefix + java.lang.Integer.toString(counter)) + .png)): null

2018-12-07 01:41:04 - [TEST_STEP][PASSED] - Statement - counter = counter + 1: null

2018-12-07 01:41:04 - [TEST_STEP][PASSED] - Statement - PreSaveFile = new java.io.File(((pathPrefix + java.lang.Integer.toString(counter)) + .png)): null

2018-12-07 01:41:04 - [TEST_STEP][PASSED] - Statement - counter = counter + 1: null

2018-12-07 01:41:04 - [TEST_STEP][PASSED] - Statement - PreSaveFile = new java.io.File(((pathPrefix + java.lang.Integer.toString(counter)) + .png)): null

2018-12-07 01:41:04 - [TEST_STEP][PASSED] - Statement - counter = counter + 1: null

2018-12-07 01:41:04 - [TEST_STEP][PASSED] - Statement - PreSaveFile = new java.io.File(((pathPrefix + java.lang.Integer.toString(counter)) + .png)): null

2018-12-07 01:41:04 - [TEST_STEP][PASSED] - Statement - counter = counter + 1: null

2018-12-07 01:41:04 - [TEST_STEP][PASSED] - Statement - PreSaveFile = new java.io.File(((pathPrefix + java.lang.Integer.toString(counter)) + .png)): null

2018-12-07 01:41:04 - [TEST_STEP][PASSED] - Statement - counter = counter + 1: null

2018-12-07 01:41:04 - [TEST_STEP][PASSED] - Statement - PreSaveFile = new java.io.File(((pathPrefix + java.lang.Integer.toString(counter)) + .png)): null

2018-12-07 01:41:04 - [TEST_STEP][PASSED] - Statement - counter = counter + 1: null

2018-12-07 01:41:04 - [TEST_STEP][PASSED] - Statement - PreSaveFile = new java.io.File(((pathPrefix + java.lang.Integer.toString(counter)) + .png)): null

2018-12-07 01:41:04 - [TEST_STEP][PASSED] - Statement - counter = counter + 1: null

2018-12-07 01:41:04 - [TEST_STEP][PASSED] - Statement - PreSaveFile = new java.io.File(((pathPrefix + java.lang.Integer.toString(counter)) + .png)): null

2018-12-07 01:41:04 - [TEST_STEP][PASSED] - Statement - counter = counter + 1: null

2018-12-07 01:41:04 - [TEST_STEP][PASSED] - Statement - PreSaveFile = new java.io.File(((pathPrefix + java.lang.Integer.toString(counter)) + .png)): null

2018-12-07 01:41:04 - [TEST_STEP][PASSED] - Statement - counter = counter + 1: null

2018-12-07 01:41:04 - [TEST_STEP][PASSED] - Statement - PreSaveFile = new java.io.File(((pathPrefix + java.lang.Integer.toString(counter)) + .png)): null

2018-12-07 01:41:04 - [TEST_STEP][PASSED] - Statement - counter = counter + 1: null

2018-12-07 01:41:04 - [TEST_STEP][PASSED] - Statement - PreSaveFile = new java.io.File(((pathPrefix + java.lang.Integer.toString(counter)) + .png)): null

2018-12-07 01:41:04 - [TEST_STEP][PASSED] - Statement - counter = counter + 1: null

2018-12-07 01:41:04 - [TEST_STEP][PASSED] - Statement - PreSaveFile = new java.io.File(((pathPrefix + java.lang.Integer.toString(counter)) + .png)): null

2018-12-07 01:41:04 - [TEST_STEP][PASSED] - Statement - counter = counter + 1: null

2018-12-07 01:41:04 - [TEST_STEP][PASSED] - Statement - PreSaveFile = new java.io.File(((pathPrefix + java.lang.Integer.toString(counter)) + .png)): null

2018-12-07 01:41:04 - [TEST_STEP][PASSED] - Statement - counter = counter + 1: null

2018-12-07 01:41:04 - [TEST_STEP][PASSED] - Statement - PreSaveFile = new java.io.File(((pathPrefix + java.lang.Integer.toString(counter)) + .png)): null

2018-12-07 01:41:04 - [TEST_STEP][PASSED] - Statement - counter = counter + 1: null

2018-12-07 01:41:04 - [TEST_STEP][PASSED] - Statement - PreSaveFile = new java.io.File(((pathPrefix + java.lang.Integer.toString(counter)) + .png)): null

2018-12-07 01:41:04 - [TEST_STEP][PASSED] - Statement - counter = counter + 1: null

2018-12-07 01:41:04 - [TEST_STEP][PASSED] - Statement - PreSaveFile = new java.io.File(((pathPrefix + java.lang.Integer.toString(counter)) + .png)): null

2018-12-07 01:41:04 - [TEST_STEP][PASSED] - Statement - counter = counter + 1: null

2018-12-07 01:41:04 - [TEST_STEP][PASSED] - Statement - PreSaveFile = new java.io.File(((pathPrefix + java.lang.Integer.toString(counter)) + .png)): null

2018-12-07 01:41:04 - [TEST_STEP][PASSED] - Statement - counter = counter + 1: null

2018-12-07 01:41:04 - [TEST_STEP][PASSED] - Statement - PreSaveFile = new java.io.File(((pathPrefix + java.lang.Integer.toString(counter)) + .png)): null

2018-12-07 01:41:04 - [TEST_STEP][PASSED] - Statement - counter = counter + 1: null

2018-12-07 01:41:04 - [TEST_STEP][PASSED] - Statement - PreSaveFile = new java.io.File(((pathPrefix + java.lang.Integer.toString(counter)) + .png)): null

2018-12-07 01:41:04 - [TEST_STEP][PASSED] - Statement - counter = counter + 1: null

2018-12-07 01:41:04 - [TEST_STEP][PASSED] - Statement - PreSaveFile = new java.io.File(((pathPrefix + java.lang.Integer.toString(counter)) + .png)): null

2018-12-07 01:41:04 - [TEST_STEP][PASSED] - Statement - counter = counter + 1: null

2018-12-07 01:41:04 - [TEST_STEP][PASSED] - Statement - PreSaveFile = new java.io.File(((pathPrefix + java.lang.Integer.toString(counter)) + .png)): null

2018-12-07 01:41:04 - [TEST_STEP][PASSED] - Statement - counter = counter + 1: null

2018-12-07 01:41:04 - [TEST_STEP][PASSED] - Statement - PreSaveFile = new java.io.File(((pathPrefix + java.lang.Integer.toString(counter)) + .png)): null

2018-12-07 01:41:04 - [TEST_STEP][PASSED] - Statement - counter = counter + 1: null

2018-12-07 01:41:04 - [TEST_STEP][PASSED] - Statement - PreSaveFile = new java.io.File(((pathPrefix + java.lang.Integer.toString(counter)) + .png)): null

2018-12-07 01:41:04 - [TEST_STEP][PASSED] - Statement - counter = counter + 1: null

2018-12-07 01:41:04 - [TEST_STEP][PASSED] - Statement - PreSaveFile = new java.io.File(((pathPrefix + java.lang.Integer.toString(counter)) + .png)): null

2018-12-07 01:41:04 - [TEST_STEP][PASSED] - Statement - counter = counter + 1: null

2018-12-07 01:41:04 - [TEST_STEP][PASSED] - Statement - PreSaveFile = new java.io.File(((pathPrefix + java.lang.Integer.toString(counter)) + .png)): null

2018-12-07 01:41:04 - [TEST_STEP][PASSED] - Statement - counter = counter + 1: null

2018-12-07 01:41:04 - [TEST_STEP][PASSED] - Statement - PreSaveFile = new java.io.File(((pathPrefix + java.lang.Integer.toString(counter)) + .png)): null

2018-12-07 01:41:04 - [TEST_STEP][PASSED] - Statement - counter = counter + 1: null

2018-12-07 01:41:04 - [TEST_STEP][PASSED] - Statement - PreSaveFile = new java.io.File(((pathPrefix + java.lang.Integer.toString(counter)) + .png)): null

2018-12-07 01:41:04 - [TEST_STEP][PASSED] - Statement - counter = counter + 1: null

2018-12-07 01:41:04 - [TEST_STEP][PASSED] - Statement - PreSaveFile = new java.io.File(((pathPrefix + java.lang.Integer.toString(counter)) + .png)): null

2018-12-07 01:41:04 - [TEST_STEP][PASSED] - Statement - counter = counter + 1: null

2018-12-07 01:41:04 - [TEST_STEP][PASSED] - Statement - PreSaveFile = new java.io.File(((pathPrefix + java.lang.Integer.toString(counter)) + .png)): null

2018-12-07 01:41:04 - [TEST_STEP][PASSED] - Statement - counter = counter + 1: null

2018-12-07 01:41:04 - [TEST_STEP][PASSED] - Statement - PreSaveFile = new java.io.File(((pathPrefix + java.lang.Integer.toString(counter)) + .png)): null

2018-12-07 01:41:04 - [TEST_STEP][PASSED] - Statement - counter = counter + 1: null

2018-12-07 01:41:04 - [TEST_STEP][PASSED] - Statement - PreSaveFile = new java.io.File(((pathPrefix + java.lang.Integer.toString(counter)) + .png)): null

2018-12-07 01:41:04 - [TEST_STEP][PASSED] - Statement - counter = counter + 1: null

2018-12-07 01:41:04 - [TEST_STEP][PASSED] - Statement - PreSaveFile = new java.io.File(((pathPrefix + java.lang.Integer.toString(counter)) + .png)): null

2018-12-07 01:41:04 - [TEST_STEP][PASSED] - Statement - counter = counter + 1: null

2018-12-07 01:41:04 - [TEST_STEP][PASSED] - Statement - PreSaveFile = new java.io.File(((pathPrefix + java.lang.Integer.toString(counter)) + .png)): null

2018-12-07 01:41:04 - [TEST_STEP][PASSED] - Statement - counter = counter + 1: null

2018-12-07 01:41:04 - [TEST_STEP][PASSED] - Statement - PreSaveFile = new java.io.File(((pathPrefix + java.lang.Integer.toString(counter)) + .png)): null

2018-12-07 01:41:04 - [TEST_STEP][PASSED] - Statement - counter = counter + 1: null

2018-12-07 01:41:04 - [TEST_STEP][PASSED] - Statement - PreSaveFile = new java.io.File(((pathPrefix + java.lang.Integer.toString(counter)) + .png)): null

2018-12-07 01:41:04 - [TEST_STEP][PASSED] - Statement - counter = counter + 1: null

2018-12-07 01:41:04 - [TEST_STEP][PASSED] - Statement - PreSaveFile = new java.io.File(((pathPrefix + java.lang.Integer.toString(counter)) + .png)): null

2018-12-07 01:41:04 - [TEST_STEP][PASSED] - Statement - counter = counter + 1: null

2018-12-07 01:41:04 - [TEST_STEP][PASSED] - Statement - PreSaveFile = new java.io.File(((pathPrefix + java.lang.Integer.toString(counter)) + .png)): null

2018-12-07 01:41:04 - [TEST_STEP][PASSED] - Statement - counter = counter + 1: null

2018-12-07 01:41:04 - [TEST_STEP][PASSED] - Statement - PreSaveFile = new java.io.File(((pathPrefix + java.lang.Integer.toString(counter)) + .png)): null

2018-12-07 01:41:04 - [TEST_STEP][PASSED] - Statement - counter = counter + 1: null

2018-12-07 01:41:04 - [TEST_STEP][PASSED] - Statement - PreSaveFile = new java.io.File(((pathPrefix + java.lang.Integer.toString(counter)) + .png)): null

2018-12-07 01:41:04 - [TEST_STEP][PASSED] - Statement - counter = counter + 1: null

2018-12-07 01:41:04 - [TEST_STEP][PASSED] - Statement - PreSaveFile = new java.io.File(((pathPrefix + java.lang.Integer.toString(counter)) + .png)): null

2018-12-07 01:41:04 - [TEST_STEP][PASSED] - Statement - counter = counter + 1: null

2018-12-07 01:41:04 - [TEST_STEP][PASSED] - Statement - PreSaveFile = new java.io.File(((pathPrefix + java.lang.Integer.toString(counter)) + .png)): null

2018-12-07 01:41:04 - [TEST_STEP][PASSED] - Statement - counter = counter + 1: null

2018-12-07 01:41:04 - [TEST_STEP][PASSED] - Statement - PreSaveFile = new java.io.File(((pathPrefix + java.lang.Integer.toString(counter)) + .png)): null

2018-12-07 01:41:04 - [TEST_STEP][PASSED] - Statement - counter = counter + 1: null

2018-12-07 01:41:04 - [TEST_STEP][PASSED] - Statement - PreSaveFile = new java.io.File(((pathPrefix + java.lang.Integer.toString(counter)) + .png)): null

2018-12-07 01:41:04 - [TEST_STEP][PASSED] - Statement - counter = counter + 1: null

2018-12-07 01:41:04 - [TEST_STEP][PASSED] - Statement - PreSaveFile = new java.io.File(((pathPrefix + java.lang.Integer.toString(counter)) + .png)): null

2018-12-07 01:41:04 - [TEST_STEP][PASSED] - Statement - counter = counter + 1: null

2018-12-07 01:41:04 - [TEST_STEP][PASSED] - Statement - PreSaveFile = new java.io.File(((pathPrefix + java.lang.Integer.toString(counter)) + .png)): null

2018-12-07 01:41:04 - [TEST_STEP][PASSED] - Statement - counter = counter + 1: null

2018-12-07 01:41:04 - [TEST_STEP][PASSED] - Statement - PreSaveFile = new java.io.File(((pathPrefix + java.lang.Integer.toString(counter)) + .png)): null

2018-12-07 01:41:04 - [TEST_STEP][PASSED] - Statement - counter = counter + 1: null

2018-12-07 01:41:04 - [TEST_STEP][PASSED] - Statement - PreSaveFile = new java.io.File(((pathPrefix + java.lang.Integer.toString(counter)) + .png)): null

2018-12-07 01:41:04 - [TEST_STEP][PASSED] - Statement - counter = counter + 1: null

2018-12-07 01:41:04 - [TEST_STEP][PASSED] - Statement - PreSaveFile = new java.io.File(((pathPrefix + java.lang.Integer.toString(counter)) + .png)): null

2018-12-07 01:41:04 - [TEST_STEP][PASSED] - Statement - counter = counter + 1: null

2018-12-07 01:41:04 - [TEST_STEP][PASSED] - Statement - PreSaveFile = new java.io.File(((pathPrefix + java.lang.Integer.toString(counter)) + .png)): null

2018-12-07 01:41:04 - [TEST_STEP][PASSED] - Statement - counter = counter + 1: null

2018-12-07 01:41:04 - [TEST_STEP][PASSED] - Statement - PreSaveFile = new java.io.File(((pathPrefix + java.lang.Integer.toString(counter)) + .png)): null

2018-12-07 01:41:04 - [TEST_STEP][PASSED] - Statement - counter = counter + 1: null

2018-12-07 01:41:04 - [TEST_STEP][PASSED] - Statement - PreSaveFile = new java.io.File(((pathPrefix + java.lang.Integer.toString(counter)) + .png)): null

2018-12-07 01:41:04 - [TEST_STEP][PASSED] - Statement - counter = counter + 1: null

2018-12-07 01:41:04 - [TEST_STEP][PASSED] - Statement - PreSaveFile = new java.io.File(((pathPrefix + java.lang.Integer.toString(counter)) + .png)): null

2018-12-07 01:41:04 - [TEST_STEP][PASSED] - Statement - counter = counter + 1: null

2018-12-07 01:41:04 - [TEST_STEP][PASSED] - Statement - PreSaveFile = new java.io.File(((pathPrefix + java.lang.Integer.toString(counter)) + .png)): null

2018-12-07 01:41:04 - [TEST_STEP][PASSED] - Statement - counter = counter + 1: null

2018-12-07 01:41:04 - [TEST_STEP][PASSED] - Statement - PreSaveFile = new java.io.File(((pathPrefix + java.lang.Integer.toString(counter)) + .png)): null

2018-12-07 01:41:04 - [TEST_STEP][PASSED] - Statement - counter = counter + 1: null

2018-12-07 01:41:04 - [TEST_STEP][PASSED] - Statement - PreSaveFile = new java.io.File(((pathPrefix + java.lang.Integer.toString(counter)) + .png)): null

2018-12-07 01:41:04 - [TEST_STEP][PASSED] - Statement - counter = counter + 1: null

2018-12-07 01:41:04 - [TEST_STEP][PASSED] - Statement - PreSaveFile = new java.io.File(((pathPrefix + java.lang.Integer.toString(counter)) + .png)): null

2018-12-07 01:41:04 - [TEST_STEP][PASSED] - Statement - counter = counter + 1: null

2018-12-07 01:41:04 - [TEST_STEP][PASSED] - Statement - PreSaveFile = new java.io.File(((pathPrefix + java.lang.Integer.toString(counter)) + .png)): null

2018-12-07 01:41:04 - [TEST_STEP][PASSED] - Statement - finalPath = pathPrefix + java.lang.Integer.toString(counter) + ".png": null

2018-12-07 01:41:04 - [TEST_STEP][PASSED] - Statement - SaveFile = new java.io.File(finalPath): null

2018-12-07 01:41:04 - [TEST_STEP][PASSED] - Statement - Try: null

2018-12-07 01:41:04 - [TEST_STEP][PASSED] - Statement - org.apache.commons.io.FileUtils.copyFile(scrFile, SaveFile): null

2018-12-07 01:41:04 - [TEST_STEP][PASSED] - Statement - out.println("file kept"): null

2018-12-07 01:41:04 - [TEST_STEP][PASSED] - delay: Delayed 10 second(s)

2018-12-07 01:41:14 - [MESSAGE][PASSED] - Delayed 10 second(s)

2018-12-07 01:41:14 - [MESSAGE][PASSED] - Call Test Case 'Test Cases/Final Aug 2018 - PKS Automation/Common/Screenshoting tool' successfully

2018-12-07 01:41:14 - [TEST_STEP][PASSED] - callTestCase: Call Test Case 'Test Cases/Final Aug 2018 - PKS Automation/Registration Module/Log Out/log out avoiding katalon tagging' successfully

2018-12-07 01:41:14 - [TEST_CASE][PASSED] - Test Cases/Final Aug 2018 - PKS Automation/Registration Module/Log Out/log out avoiding katalon tagging: Test Cases/Final Aug 2018 - PKS Automation/Registration Module/Log Out/log out avoiding katalon tagging

2018-12-07 01:41:14 - [TEST_STEP][PASSED] - navigateToUrl: Navigate to 'https://assist2-uat.perkeso.gov.my/c/portal/logout' successfully

2018-12-07 01:41:15 - [MESSAGE][PASSED] - Navigate to 'https://assist2-uat.perkeso.gov.my/c/portal/logout' successfully

2018-12-07 01:41:15 - [MESSAGE][PASSED] - Call Test Case 'Test Cases/Final Aug 2018 - PKS Automation/Registration Module/Log Out/log out avoiding katalon tagging' successfully

2018-12-07 01:41:15 - [TEST_STEP][PASSED] - callTestCase: Call Test Case 'Test Cases/Final Aug 2018 - PKS Automation/Common/Workflow Owner Finder' successfully

2018-12-07 01:41:15 - [TEST_CASE][PASSED] - Test Cases/Final Aug 2018 - PKS Automation/Common/Workflow Owner Finder: Test Cases/Final Aug 2018 - PKS Automation/Common/Workflow Owner Finder

2018-12-07 01:41:15 - [TEST_STEP][PASSED] - openBrowser: Browser is opened with url: ''

2018-12-07 01:41:15 - [MESSAGE][WARNING] - A browser is already opened. Closing browser and opening a new one

2018-12-07 01:41:19 - [MESSAGE][PASSED] - Browser is opened with url: ''

2018-12-07 01:41:19 - [TEST_STEP][PASSED] - navigateToUrl: Navigate to 'https://assist2-uat.perkeso.gov.my/login' successfully

2018-12-07 01:41:20 - [MESSAGE][PASSED] - Navigate to 'https://assist2-uat.perkeso.gov.my/login' successfully

2018-12-07 01:41:20 - [TEST_STEP][PASSED] - delay: Delayed 5 second(s)

2018-12-07 01:41:25 - [MESSAGE][PASSED] - Delayed 5 second(s)

2018-12-07 01:41:25 - [TEST_STEP][PASSED] - setText: Text 'test@liferay.com' is set on object 'Object Repository/Final Object Repo/Login Page/Internal User/Email Address'

2018-12-07 01:41:25 - [MESSAGE][PASSED] - Text 'test@liferay.com' is set on object 'Object Repository/Final Object Repo/Login Page/Internal User/Email Address'

2018-12-07 01:41:25 - [TEST_STEP][PASSED] - click: Object: 'Object Repository/Final Object Repo/Login Page/Internal User/Next Button' is clicked on

2018-12-07 01:41:26 - [MESSAGE][PASSED] - Object: 'Object Repository/Final Object Repo/Login Page/Internal User/Next Button' is clicked on

2018-12-07 01:41:26 - [TEST_STEP][PASSED] - delay: Delayed 2 second(s)

2018-12-07 01:41:28 - [MESSAGE][PASSED] - Delayed 2 second(s)

2018-12-07 01:41:28 - [TEST_STEP][PASSED] - setText: Text 'test' is set on object 'Object Repository/Final Object Repo/Login Page/Internal User/Password'

2018-12-07 01:41:28 - [MESSAGE][PASSED] - Text 'test' is set on object 'Object Repository/Final Object Repo/Login Page/Internal User/Password'

2018-12-07 01:41:28 - [TEST_STEP][PASSED] - delay: Delayed 2 second(s)

2018-12-07 01:41:30 - [MESSAGE][PASSED] - Delayed 2 second(s)

2018-12-07 01:41:30 - [TEST_STEP][PASSED] - click: Object: 'Object Repository/Final Object Repo/Login Page/Internal User/Login Button' is clicked on

2018-12-07 01:41:30 - [MESSAGE][PASSED] - Object: 'Object Repository/Final Object Repo/Login Page/Internal User/Login Button' is clicked on

2018-12-07 01:41:30 - [TEST_STEP][PASSED] - Statement - tester = com.kms.katalon.core.testobject.ObjectRepository.findTestObject(Final Object Repo/Landing Page/Select to English): Finding Test Object with id 'Object Repository/Final Object Repo/Landing Page/Select to English'

2018-12-07 01:41:30 - [TEST_STEP][PASSED] - Statement - Try: Delayed 2 second(s)

2018-12-07 01:41:30 - [TEST_STEP][PASSED] - Statement - Checker = com.kms.katalon.core.webui.keyword.WebUiBuiltInKeywords.verifyElementNotPresent(tester, 3): Web element with id: 'Object Repository/Final Object Repo/Landing Page/Select to English' located by 'By.xpath: //a[@class = 'taglib-language-list-text' and @lang = 'en-US' and (contains(text(), 'EN') or contains(., 'EN'))]' is not present after '3' second(s)

2018-12-07 01:41:32 - [MESSAGE][PASSED] - Web element with id: 'Object Repository/Final Object Repo/Landing Page/Select to English' located by 'By.xpath: //a[@class = 'taglib-language-list-text' and @lang = 'en-US' and (contains(text(), 'EN') or contains(., 'EN'))]' is not present after '3' second(s)

2018-12-07 01:41:32 - [TEST_STEP][PASSED] - Statement - If (Checker == false): null

2018-12-07 01:41:32 - [TEST_STEP][PASSED] - delay: Delayed 2 second(s)

2018-12-07 01:41:34 - [MESSAGE][PASSED] - Delayed 2 second(s)

2018-12-07 01:41:34 - [TEST_STEP][PASSED] - delay: Delayed 5 second(s)

2018-12-07 01:41:39 - [MESSAGE][PASSED] - Delayed 5 second(s)

2018-12-07 01:41:39 - [TEST_STEP][PASSED] - mouseOver: Object: 'Object Repository/Final Object Repo/Landing Page/WorkFlow Menu' is hovered

2018-12-07 01:41:39 - [MESSAGE][PASSED] - Object: 'Object Repository/Final Object Repo/Landing Page/WorkFlow Menu' is hovered

2018-12-07 01:41:39 - [TEST_STEP][PASSED] - delay: Delayed 2 second(s)

2018-12-07 01:41:41 - [MESSAGE][PASSED] - Delayed 2 second(s)

2018-12-07 01:41:41 - [TEST_STEP][PASSED] - click: Object: 'Object Repository/Final Object Repo/Landing Page/Select to Workflow Listing' is clicked on

2018-12-07 01:41:42 - [MESSAGE][PASSED] - Object: 'Object Repository/Final Object Repo/Landing Page/Select to Workflow Listing' is clicked on

2018-12-07 01:41:42 - [TEST_STEP][PASSED] - delay: Delayed 2 second(s)

2018-12-07 01:41:44 - [MESSAGE][PASSED] - Delayed 2 second(s)

2018-12-07 01:41:44 - [TEST_STEP][PASSED] - click: Object: 'Object Repository/Final Object Repo/WorkFlow Listing Page/Search Information - To Put Ref No' is clicked on

2018-12-07 01:41:44 - [MESSAGE][PASSED] - Object: 'Object Repository/Final Object Repo/WorkFlow Listing Page/Search Information - To Put Ref No' is clicked on

2018-12-07 01:41:44 - [TEST_STEP][PASSED] - delay: Delayed 2 second(s)

2018-12-07 01:41:46 - [MESSAGE][PASSED] - Delayed 2 second(s)

2018-12-07 01:41:46 - [TEST_STEP][PASSED] - callTestCase: Call Test Case 'Test Cases/Final Aug 2018 - PKS Automation/Common/Reference Number Getter' successfully

2018-12-07 01:41:46 - [TEST_CASE][PASSED] - Test Cases/Final Aug 2018 - PKS Automation/Common/Reference Number Getter: Test Cases/Final Aug 2018 - PKS Automation/Common/Reference Number Getter

2018-12-07 01:41:46 - [TEST_STEP][PASSED] - Statement - Try: null

2018-12-07 01:41:46 - [TEST_STEP][PASSED] - Statement - RefNo = new java.io.File(C://Users//Admin//Desktop//PKS//Automation Reference Point//KatalonReference.txt): null

2018-12-07 01:41:46 - [TEST_STEP][PASSED] - Statement - bufferread = new java.io.BufferedReader(new java.io.FileReader(RefNo)): null

2018-12-07 01:41:46 - [TEST_STEP][PASSED] - Statement - readedVal = bufferread.readLine(): null

2018-12-07 01:41:46 - [TEST_STEP][PASSED] - Statement - out.println(CaseReferenceNo): null

2018-12-07 01:41:46 - [TEST_STEP][PASSED] - Statement - out.println(readedVal): null

2018-12-07 01:41:46 - [TEST_STEP][PASSED] - Statement - CaseReferenceNo = "": null

2018-12-07 01:41:46 - [TEST_STEP][PASSED] - Statement - CaseReferenceNo = readedVal: null

2018-12-07 01:41:46 - [MESSAGE][PASSED] - Call Test Case 'Test Cases/Final Aug 2018 - PKS Automation/Common/Reference Number Getter' successfully

2018-12-07 01:41:46 - [TEST_STEP][PASSED] - setText: Text 'CAN12201800002277' is set on object 'Object Repository/Final Object Repo/WorkFlow Listing Page/Ref No Set Text'

2018-12-07 01:41:47 - [MESSAGE][PASSED] - Text 'CAN12201800002277' is set on object 'Object Repository/Final Object Repo/WorkFlow Listing Page/Ref No Set Text'

2018-12-07 01:41:47 - [TEST_STEP][PASSED] - delay: Delayed 2 second(s)

2018-12-07 01:41:49 - [MESSAGE][PASSED] - Delayed 2 second(s)

2018-12-07 01:41:49 - [TEST_STEP][PASSED] - click: Object: 'Object Repository/Final Object Repo/WorkFlow Listing Page/Search Ref No Search Button' is clicked on

2018-12-07 01:41:49 - [MESSAGE][PASSED] - Object: 'Object Repository/Final Object Repo/WorkFlow Listing Page/Search Ref No Search Button' is clicked on

2018-12-07 01:41:49 - [TEST_STEP][PASSED] - delay: Delayed 6 second(s)

2018-12-07 01:41:55 - [MESSAGE][PASSED] - Delayed 6 second(s)

2018-12-07 01:41:55 - [TEST_STEP][PASSED] - click: Object: 'Object Repository/Final Object Repo/WorkFlow Listing Page/Click Continue Tooltip' is clicked on

2018-12-07 01:41:56 - [MESSAGE][PASSED] - Object: 'Object Repository/Final Object Repo/WorkFlow Listing Page/Click Continue Tooltip' is clicked on

2018-12-07 01:41:56 - [TEST_STEP][PASSED] - delay: Delayed 5 second(s)

2018-12-07 01:42:01 - [MESSAGE][PASSED] - Delayed 5 second(s)

2018-12-07 01:42:01 - [TEST_STEP][PASSED] - doubleClick: Object: 'Object Repository/Final Object Repo/WorkFlow Listing Page/Workflow Found - Listing 1' is double clicked on

2018-12-07 01:42:01 - [MESSAGE][PASSED] - Object: 'Object Repository/Final Object Repo/WorkFlow Listing Page/Workflow Found - Listing 1' is double clicked on

2018-12-07 01:42:01 - [TEST_STEP][PASSED] - Statement - println(OwnerID): null

2018-12-07 01:42:01 - [TEST_STEP][PASSED] - Statement - OwnerID = com.kms.katalon.core.webui.keyword.WebUiBuiltInKeywords.getText(com.kms.katalon.core.testobject.ObjectRepository.findTestObject(Final Object Repo/WorkFlow Listing Page/Workflow Found - Listing 1), STOP_ON_FAILURE): Text of object 'Object Repository/Final Object Repo/WorkFlow Listing Page/Workflow Found - Listing 1' is: 'JOHORro3'

2018-12-07 01:42:01 - [MESSAGE][PASSED] - Text of object 'Object Repository/Final Object Repo/WorkFlow Listing Page/Workflow Found - Listing 1' is: 'JOHORro3'

2018-12-07 01:42:01 - [TEST_STEP][PASSED] - Statement - OwnerID = OwnerID.toLowerCase() + "@gmail.com": null

2018-12-07 01:42:01 - [TEST_STEP][PASSED] - Statement - println(OwnerID): null

2018-12-07 01:42:01 - [TEST_STEP][PASSED] - delay: Delayed 2 second(s)

2018-12-07 01:42:03 - [MESSAGE][PASSED] - Delayed 2 second(s)

2018-12-07 01:42:03 - [MESSAGE][PASSED] - Call Test Case 'Test Cases/Final Aug 2018 - PKS Automation/Common/Workflow Owner Finder' successfully

2018-12-07 01:42:03 - [TEST_STEP][PASSED] - callTestCase: Call Test Case 'Test Cases/Final Aug 2018 - PKS Automation/Registration Module/Log Out/log out avoiding katalon tagging' successfully

2018-12-07 01:42:03 - [TEST_CASE][PASSED] - Test Cases/Final Aug 2018 - PKS Automation/Registration Module/Log Out/log out avoiding katalon tagging: Test Cases/Final Aug 2018 - PKS Automation/Registration Module/Log Out/log out avoiding katalon tagging

2018-12-07 01:42:03 - [TEST_STEP][PASSED] - navigateToUrl: Navigate to 'https://assist2-uat.perkeso.gov.my/c/portal/logout' successfully

2018-12-07 01:42:04 - [MESSAGE][PASSED] - Navigate to 'https://assist2-uat.perkeso.gov.my/c/portal/logout' successfully

2018-12-07 01:42:04 - [MESSAGE][PASSED] - Call Test Case 'Test Cases/Final Aug 2018 - PKS Automation/Registration Module/Log Out/log out avoiding katalon tagging' successfully

2018-12-07 01:42:04 - [TEST_STEP][PASSED] - delay: Delayed 2 second(s)

2018-12-07 01:42:06 - [MESSAGE][PASSED] - Delayed 2 second(s)

2018-12-07 01:42:06 - [TEST_STEP][PASSED] - setText: Text 'johorro3@gmail.com' is set on object 'Object Repository/Final Object Repo/Page_Update Add New Employee - ASSIST/Email TextBox'

2018-12-07 01:42:06 - [MESSAGE][PASSED] - Text 'johorro3@gmail.com' is set on object 'Object Repository/Final Object Repo/Page_Update Add New Employee - ASSIST/Email TextBox'

2018-12-07 01:42:06 - [TEST_STEP][PASSED] - click: Object: 'Object Repository/Final Object Repo/Page_Update Add New Employee - ASSIST/Next Button' is clicked on

2018-12-07 01:42:06 - [MESSAGE][PASSED] - Object: 'Object Repository/Final Object Repo/Page_Update Add New Employee - ASSIST/Next Button' is clicked on

2018-12-07 01:42:06 - [TEST_STEP][PASSED] - delay: Delayed 2 second(s)

2018-12-07 01:42:08 - [MESSAGE][PASSED] - Delayed 2 second(s)

2018-12-07 01:42:08 - [TEST_STEP][PASSED] - setText: Text 'Test1@3456789' is set on object 'Object Repository/Final Object Repo/Page_Update Add New Employee - ASSIST/Password TextBox'

2018-12-07 01:42:09 - [MESSAGE][PASSED] - Text 'Test1@3456789' is set on object 'Object Repository/Final Object Repo/Page_Update Add New Employee - ASSIST/Password TextBox'

2018-12-07 01:42:09 - [TEST_STEP][PASSED] - delay: Delayed 2 second(s)

2018-12-07 01:42:11 - [MESSAGE][PASSED] - Delayed 2 second(s)

2018-12-07 01:42:11 - [TEST_STEP][PASSED] - click: Object: 'Object Repository/Final Object Repo/Page_Update Add New Employee - ASSIST/Login Button' is clicked on

2018-12-07 01:42:11 - [MESSAGE][PASSED] - Object: 'Object Repository/Final Object Repo/Page_Update Add New Employee - ASSIST/Login Button' is clicked on

2018-12-07 01:42:11 - [TEST_STEP][PASSED] - delay: Delayed 4 second(s)

2018-12-07 01:42:15 - [MESSAGE][PASSED] - Delayed 4 second(s)

2018-12-07 01:42:15 - [TEST_STEP][PASSED] - Statement - Try: Delayed 2 second(s)

2018-12-07 01:42:15 - [TEST_STEP][PASSED] - Statement - Checker = false: null

2018-12-07 01:42:15 - [TEST_STEP][PASSED] - Statement - Checker = com.kms.katalon.core.webui.keyword.WebUiBuiltInKeywords.verifyElementHasAttribute(com.kms.katalon.core.testobject.ObjectRepository.findTestObject(Final Object Repo/Landing Page/BM Detecting), "href", 20, OPTIONAL): Object 'Object Repository/Final Object Repo/Landing Page/BM Detecting' has attribute 'href'

2018-12-07 01:42:15 - [MESSAGE][PASSED] - Object 'Object Repository/Final Object Repo/Landing Page/BM Detecting' has attribute 'href'

2018-12-07 01:42:15 - [TEST_STEP][PASSED] - Statement - out.println(Checker): null

2018-12-07 01:42:15 - [TEST_STEP][PASSED] - Statement - If (Checker == false): null

2018-12-07 01:42:15 - [TEST_STEP][PASSED] - Statement - Else: null

2018-12-07 01:42:15 - [TEST_STEP][PASSED] - delay: Delayed 2 second(s)

2018-12-07 01:42:17 - [MESSAGE][PASSED] - Delayed 2 second(s)

2018-12-07 01:42:17 - [TEST_STEP][PASSED] - delay: Delayed 4 second(s)

2018-12-07 01:42:21 - [MESSAGE][PASSED] - Delayed 4 second(s)

2018-12-07 01:42:21 - [TEST_STEP][PASSED] - click: Object: 'Object Repository/Final Object Repo/New Registration - Registration Module Pages/New Reg - OTC to RO/Special Case - All Related Objects/Expand to Search' is clicked on

2018-12-07 01:42:21 - [MESSAGE][PASSED] - Object: 'Object Repository/Final Object Repo/New Registration - Registration Module Pages/New Reg - OTC to RO/Special Case - All Related Objects/Expand to Search' is clicked on

2018-12-07 01:42:21 - [TEST_STEP][FAILED] - setText: Unable to set text 'CAN12201800002277' of object 'Object Repository/Final Object Repo/New Registration - Registration Module Pages/New Reg - OTC to RO/Special Case - All Related Objects/TextBox RefNo in Workbasket' (Root cause: org.openqa.selenium.ElementNotVisibleException: element not interactable
  (Session info: chrome=70.0.3538.110)
  (Driver info: chromedriver=2.43.600210 (68dcf5eebde37173d4027fa8635e332711d2874a),platform=Windows NT 6.1.7601 SP1 x86_64) (WARNING: The server did not provide any stacktrace information)
Command duration or timeout: 0 milliseconds
Build info: version: '3.7.1', revision: '8a0099a', time: '2017-11-06T21:07:36.161Z'
System info: host: 'WIN7TEST02', ip: '10.20.3.72', os.name: 'Windows 7', os.arch: 'amd64', os.version: '6.1', java.version: '1.8.0_181'
Driver info: com.kms.katalon.selenium.driver.CChromeDriver
Capabilities {acceptInsecureCerts: false, acceptSslCerts: false, applicationCacheEnabled: false, browserConnectionEnabled: false, browserName: chrome, chrome: {chromedriverVersion: 2.43.600210 (68dcf5eebde371..., userDataDir: C:\Users\Admin\AppData\Loca...}, cssSelectorsEnabled: true, databaseEnabled: false, goog:chromeOptions: {debuggerAddress: localhost:63844}, handlesAlerts: true, hasTouchScreen: false, javascriptEnabled: true, locationContextEnabled: true, mobileEmulationEnabled: false, nativeEvents: true, networkConnectionEnabled: false, pageLoadStrategy: normal, platform: XP, platformName: XP, rotatable: false, setWindowRect: true, takesHeapSnapshot: true, takesScreenshot: true, unexpectedAlertBehaviour: , unhandledPromptBehavior: , version: 70.0.3538.110, webStorageEnabled: true}
Session ID: 58e726149567cb2c3b0af0fbbc997604)

2018-12-07 01:42:22 - [MESSAGE][FAILED] - Unable to set text 'CAN12201800002277' of object 'Object Repository/Final Object Repo/New Registration - Registration Module Pages/New Reg - OTC to RO/Special Case - All Related Objects/TextBox RefNo in Workbasket' (Root cause: org.openqa.selenium.ElementNotVisibleException: element not interactable
  (Session info: chrome=70.0.3538.110)
  (Driver info: chromedriver=2.43.600210 (68dcf5eebde37173d4027fa8635e332711d2874a),platform=Windows NT 6.1.7601 SP1 x86_64) (WARNING: The server did not provide any stacktrace information)
Command duration or timeout: 0 milliseconds
Build info: version: '3.7.1', revision: '8a0099a', time: '2017-11-06T21:07:36.161Z'
System info: host: 'WIN7TEST02', ip: '10.20.3.72', os.name: 'Windows 7', os.arch: 'amd64', os.version: '6.1', java.version: '1.8.0_181'
Driver info: com.kms.katalon.selenium.driver.CChromeDriver
Capabilities {acceptInsecureCerts: false, acceptSslCerts: false, applicationCacheEnabled: false, browserConnectionEnabled: false, browserName: chrome, chrome: {chromedriverVersion: 2.43.600210 (68dcf5eebde371..., userDataDir: C:\Users\Admin\AppData\Loca...}, cssSelectorsEnabled: true, databaseEnabled: false, goog:chromeOptions: {debuggerAddress: localhost:63844}, handlesAlerts: true, hasTouchScreen: false, javascriptEnabled: true, locationContextEnabled: true, mobileEmulationEnabled: false, nativeEvents: true, networkConnectionEnabled: false, pageLoadStrategy: normal, platform: XP, platformName: XP, rotatable: false, setWindowRect: true, takesHeapSnapshot: true, takesScreenshot: true, unexpectedAlertBehaviour: , unhandledPromptBehavior: , version: 70.0.3538.110, webStorageEnabled: true}
Session ID: 58e726149567cb2c3b0af0fbbc997604)
[[ATTACHMENT|C:\\Users\\Admin\\Desktop\\PKS\\Perkeso Phase A\\Reports\\Workflow\\Update Add New Employee\\20181206_171415\\1544118141648.png]]

2018-12-07 01:42:22 - [TEST_STEP][PASSED] - delay: Delayed 2 second(s)

2018-12-07 01:42:24 - [MESSAGE][PASSED] - Delayed 2 second(s)

2018-12-07 01:42:24 - [TEST_STEP][PASSED] - click: Object: 'Object Repository/Final Object Repo/New Registration - Registration Module Pages/New Reg - OTC to RO/Special Case - All Related Objects/Click Search' is clicked on

2018-12-07 01:42:24 - [MESSAGE][PASSED] - Object: 'Object Repository/Final Object Repo/New Registration - Registration Module Pages/New Reg - OTC to RO/Special Case - All Related Objects/Click Search' is clicked on

2018-12-07 01:42:24 - [TEST_STEP][PASSED] - delay: Delayed 10 second(s)

2018-12-07 01:42:34 - [MESSAGE][PASSED] - Delayed 10 second(s)

2018-12-07 01:42:34 - [TEST_STEP][PASSED] - click: Object: 'Object Repository/Final Object Repo/New Registration - Registration Module Pages/New Reg - OTC to RO/Special Case - All Related Objects/Click to Continue Workflow' is clicked on

2018-12-07 01:42:38 - [MESSAGE][PASSED] - Object: 'Object Repository/Final Object Repo/New Registration - Registration Module Pages/New Reg - OTC to RO/Special Case - All Related Objects/Click to Continue Workflow' is clicked on

2018-12-07 01:42:38 - [TEST_STEP][PASSED] - delay: Delayed 10 second(s)

2018-12-07 01:42:48 - [MESSAGE][PASSED] - Delayed 10 second(s)

2018-12-07 01:42:48 - [TEST_STEP][PASSED] - click: Object: 'Object Repository/Final Object Repo/New Registration - Registration Module Pages/New Reg - OTC to RO/Special Case - All Related Objects/Continue Button in verifying case' is clicked on

2018-12-07 01:42:51 - [MESSAGE][PASSED] - Object: 'Object Repository/Final Object Repo/New Registration - Registration Module Pages/New Reg - OTC to RO/Special Case - All Related Objects/Continue Button in verifying case' is clicked on

2018-12-07 01:42:51 - [TEST_STEP][PASSED] - delay: Delayed 2 second(s)

2018-12-07 01:42:53 - [MESSAGE][PASSED] - Delayed 2 second(s)

2018-12-07 01:42:53 - [TEST_STEP][PASSED] - click: Object: 'Object Repository/Final Object Repo/Page_Update Add New Employee - ASSIST/Save  Continue Button' is clicked on

2018-12-07 01:42:53 - [MESSAGE][PASSED] - Object: 'Object Repository/Final Object Repo/Page_Update Add New Employee - ASSIST/Save  Continue Button' is clicked on

2018-12-07 01:42:53 - [TEST_STEP][PASSED] - delay: Delayed 8 second(s)

2018-12-07 01:43:01 - [MESSAGE][PASSED] - Delayed 8 second(s)

2018-12-07 01:43:01 - [TEST_STEP][PASSED] - click: Object: 'Object Repository/Final Object Repo/Page_Update Add New Employee - ASSIST/Save  Continue Third Screen' is clicked on

2018-12-07 01:43:04 - [MESSAGE][PASSED] - Object: 'Object Repository/Final Object Repo/Page_Update Add New Employee - ASSIST/Save  Continue Third Screen' is clicked on

2018-12-07 01:43:04 - [TEST_STEP][PASSED] - delay: Delayed 4 second(s)

2018-12-07 01:43:08 - [MESSAGE][PASSED] - Delayed 4 second(s)

2018-12-07 01:43:08 - [TEST_STEP][PASSED] - click: Object: 'Object Repository/Final Object Repo/Page_Update Add New Employee - ASSIST/Save   Continue Supporting Doc Page' is clicked on

2018-12-07 01:43:08 - [MESSAGE][PASSED] - Object: 'Object Repository/Final Object Repo/Page_Update Add New Employee - ASSIST/Save   Continue Supporting Doc Page' is clicked on

2018-12-07 01:43:08 - [TEST_STEP][PASSED] - delay: Delayed 4 second(s)

2018-12-07 01:43:12 - [MESSAGE][PASSED] - Delayed 4 second(s)

2018-12-07 01:43:12 - [TEST_STEP][PASSED] - click: Object: 'Object Repository/Final Object Repo/Page_Update Add New Employee - ASSIST/Under Enforcement Button at Preview Screen of RO' is clicked on

2018-12-07 01:43:13 - [MESSAGE][PASSED] - Object: 'Object Repository/Final Object Repo/Page_Update Add New Employee - ASSIST/Under Enforcement Button at Preview Screen of RO' is clicked on

2018-12-07 01:43:13 - [TEST_STEP][PASSED] - delay: Delayed 4 second(s)

2018-12-07 01:43:17 - [MESSAGE][PASSED] - Delayed 4 second(s)

2018-12-07 01:43:17 - [TEST_STEP][PASSED] - click: Object: 'Object Repository/Final Object Repo/Page_Update Add New Employee - ASSIST/Under Enforcement - inner form' is clicked on

2018-12-07 01:43:17 - [MESSAGE][PASSED] - Object: 'Object Repository/Final Object Repo/Page_Update Add New Employee - ASSIST/Under Enforcement - inner form' is clicked on

2018-12-07 01:43:17 - [TEST_STEP][PASSED] - delay: Delayed 4 second(s)

2018-12-07 01:43:21 - [MESSAGE][PASSED] - Delayed 4 second(s)

2018-12-07 01:43:21 - [TEST_STEP][PASSED] - callTestCase: Call Test Case 'Test Cases/Final Aug 2018 - PKS Automation/Common/Screenshoting tool' successfully

2018-12-07 01:43:21 - [TEST_CASE][PASSED] - Test Cases/Final Aug 2018 - PKS Automation/Common/Screenshoting tool: Test Cases/Final Aug 2018 - PKS Automation/Common/Screenshoting tool

2018-12-07 01:43:21 - [TEST_STEP][PASSED] - delay: Delayed 15 second(s)

2018-12-07 01:43:36 - [MESSAGE][PASSED] - Delayed 15 second(s)

2018-12-07 01:43:36 - [TEST_STEP][PASSED] - Statement - driver = com.kms.katalon.core.webui.driver.DriverFactory.getWebDriver(): null

2018-12-07 01:43:36 - [TEST_STEP][PASSED] - Statement - driver.manage().timeouts().implicitlyWait(10, SECONDS): null

2018-12-07 01:43:36 - [TEST_STEP][PASSED] - Statement - PresavePath = KatalonScreenshots: null

2018-12-07 01:43:36 - [TEST_STEP][PASSED] - Statement - pathPrefix = "C:\Users\Public\Pictures\Sample Pictures\Katalon Screenshots\Automate Ending Screen": null

2018-12-07 01:43:36 - [TEST_STEP][PASSED] - Statement - finalPath = <not implemented yet for class: org.codehaus.groovy.ast.expr.EmptyExpression>: null

2018-12-07 01:43:36 - [TEST_STEP][PASSED] - Statement - scrFile = driver.getScreenshotAs(FILE): null

2018-12-07 01:43:36 - [TEST_STEP][PASSED] - Statement - PreSaveFile = new java.io.File(PresavePath): null

2018-12-07 01:43:36 - [TEST_STEP][PASSED] - Statement - counter = 0: null

2018-12-07 01:43:36 - [TEST_STEP][PASSED] - Statement - If (PreSaveFile.exists()): null

2018-12-07 01:43:36 - [TEST_STEP][PASSED] - Statement - While (PreSaveFile.exists()): null

2018-12-07 01:43:36 - [TEST_STEP][PASSED] - Statement - counter = counter + 1: null

2018-12-07 01:43:36 - [TEST_STEP][PASSED] - Statement - PreSaveFile = new java.io.File(((pathPrefix + java.lang.Integer.toString(counter)) + .png)): null

2018-12-07 01:43:36 - [TEST_STEP][PASSED] - Statement - counter = counter + 1: null

2018-12-07 01:43:36 - [TEST_STEP][PASSED] - Statement - PreSaveFile = new java.io.File(((pathPrefix + java.lang.Integer.toString(counter)) + .png)): null

2018-12-07 01:43:36 - [TEST_STEP][PASSED] - Statement - counter = counter + 1: null

2018-12-07 01:43:36 - [TEST_STEP][PASSED] - Statement - PreSaveFile = new java.io.File(((pathPrefix + java.lang.Integer.toString(counter)) + .png)): null

2018-12-07 01:43:36 - [TEST_STEP][PASSED] - Statement - counter = counter + 1: null

2018-12-07 01:43:36 - [TEST_STEP][PASSED] - Statement - PreSaveFile = new java.io.File(((pathPrefix + java.lang.Integer.toString(counter)) + .png)): null

2018-12-07 01:43:36 - [TEST_STEP][PASSED] - Statement - counter = counter + 1: null

2018-12-07 01:43:36 - [TEST_STEP][PASSED] - Statement - PreSaveFile = new java.io.File(((pathPrefix + java.lang.Integer.toString(counter)) + .png)): null

2018-12-07 01:43:36 - [TEST_STEP][PASSED] - Statement - counter = counter + 1: null

2018-12-07 01:43:36 - [TEST_STEP][PASSED] - Statement - PreSaveFile = new java.io.File(((pathPrefix + java.lang.Integer.toString(counter)) + .png)): null

2018-12-07 01:43:36 - [TEST_STEP][PASSED] - Statement - counter = counter + 1: null

2018-12-07 01:43:36 - [TEST_STEP][PASSED] - Statement - PreSaveFile = new java.io.File(((pathPrefix + java.lang.Integer.toString(counter)) + .png)): null

2018-12-07 01:43:36 - [TEST_STEP][PASSED] - Statement - counter = counter + 1: null

2018-12-07 01:43:36 - [TEST_STEP][PASSED] - Statement - PreSaveFile = new java.io.File(((pathPrefix + java.lang.Integer.toString(counter)) + .png)): null

2018-12-07 01:43:36 - [TEST_STEP][PASSED] - Statement - counter = counter + 1: null

2018-12-07 01:43:36 - [TEST_STEP][PASSED] - Statement - PreSaveFile = new java.io.File(((pathPrefix + java.lang.Integer.toString(counter)) + .png)): null

2018-12-07 01:43:36 - [TEST_STEP][PASSED] - Statement - counter = counter + 1: null

2018-12-07 01:43:36 - [TEST_STEP][PASSED] - Statement - PreSaveFile = new java.io.File(((pathPrefix + java.lang.Integer.toString(counter)) + .png)): null

2018-12-07 01:43:36 - [TEST_STEP][PASSED] - Statement - counter = counter + 1: null

2018-12-07 01:43:36 - [TEST_STEP][PASSED] - Statement - PreSaveFile = new java.io.File(((pathPrefix + java.lang.Integer.toString(counter)) + .png)): null

2018-12-07 01:43:36 - [TEST_STEP][PASSED] - Statement - counter = counter + 1: null

2018-12-07 01:43:36 - [TEST_STEP][PASSED] - Statement - PreSaveFile = new java.io.File(((pathPrefix + java.lang.Integer.toString(counter)) + .png)): null

2018-12-07 01:43:36 - [TEST_STEP][PASSED] - Statement - counter = counter + 1: null

2018-12-07 01:43:36 - [TEST_STEP][PASSED] - Statement - PreSaveFile = new java.io.File(((pathPrefix + java.lang.Integer.toString(counter)) + .png)): null

2018-12-07 01:43:36 - [TEST_STEP][PASSED] - Statement - counter = counter + 1: null

2018-12-07 01:43:36 - [TEST_STEP][PASSED] - Statement - PreSaveFile = new java.io.File(((pathPrefix + java.lang.Integer.toString(counter)) + .png)): null

2018-12-07 01:43:36 - [TEST_STEP][PASSED] - Statement - counter = counter + 1: null

2018-12-07 01:43:36 - [TEST_STEP][PASSED] - Statement - PreSaveFile = new java.io.File(((pathPrefix + java.lang.Integer.toString(counter)) + .png)): null

2018-12-07 01:43:36 - [TEST_STEP][PASSED] - Statement - counter = counter + 1: null

2018-12-07 01:43:36 - [TEST_STEP][PASSED] - Statement - PreSaveFile = new java.io.File(((pathPrefix + java.lang.Integer.toString(counter)) + .png)): null

2018-12-07 01:43:36 - [TEST_STEP][PASSED] - Statement - counter = counter + 1: null

2018-12-07 01:43:36 - [TEST_STEP][PASSED] - Statement - PreSaveFile = new java.io.File(((pathPrefix + java.lang.Integer.toString(counter)) + .png)): null

2018-12-07 01:43:36 - [TEST_STEP][PASSED] - Statement - counter = counter + 1: null

2018-12-07 01:43:36 - [TEST_STEP][PASSED] - Statement - PreSaveFile = new java.io.File(((pathPrefix + java.lang.Integer.toString(counter)) + .png)): null

2018-12-07 01:43:36 - [TEST_STEP][PASSED] - Statement - counter = counter + 1: null

2018-12-07 01:43:36 - [TEST_STEP][PASSED] - Statement - PreSaveFile = new java.io.File(((pathPrefix + java.lang.Integer.toString(counter)) + .png)): null

2018-12-07 01:43:36 - [TEST_STEP][PASSED] - Statement - counter = counter + 1: null

2018-12-07 01:43:36 - [TEST_STEP][PASSED] - Statement - PreSaveFile = new java.io.File(((pathPrefix + java.lang.Integer.toString(counter)) + .png)): null

2018-12-07 01:43:36 - [TEST_STEP][PASSED] - Statement - counter = counter + 1: null

2018-12-07 01:43:36 - [TEST_STEP][PASSED] - Statement - PreSaveFile = new java.io.File(((pathPrefix + java.lang.Integer.toString(counter)) + .png)): null

2018-12-07 01:43:36 - [TEST_STEP][PASSED] - Statement - counter = counter + 1: null

2018-12-07 01:43:36 - [TEST_STEP][PASSED] - Statement - PreSaveFile = new java.io.File(((pathPrefix + java.lang.Integer.toString(counter)) + .png)): null

2018-12-07 01:43:36 - [TEST_STEP][PASSED] - Statement - counter = counter + 1: null

2018-12-07 01:43:36 - [TEST_STEP][PASSED] - Statement - PreSaveFile = new java.io.File(((pathPrefix + java.lang.Integer.toString(counter)) + .png)): null

2018-12-07 01:43:36 - [TEST_STEP][PASSED] - Statement - counter = counter + 1: null

2018-12-07 01:43:36 - [TEST_STEP][PASSED] - Statement - PreSaveFile = new java.io.File(((pathPrefix + java.lang.Integer.toString(counter)) + .png)): null

2018-12-07 01:43:36 - [TEST_STEP][PASSED] - Statement - counter = counter + 1: null

2018-12-07 01:43:36 - [TEST_STEP][PASSED] - Statement - PreSaveFile = new java.io.File(((pathPrefix + java.lang.Integer.toString(counter)) + .png)): null

2018-12-07 01:43:36 - [TEST_STEP][PASSED] - Statement - counter = counter + 1: null

2018-12-07 01:43:36 - [TEST_STEP][PASSED] - Statement - PreSaveFile = new java.io.File(((pathPrefix + java.lang.Integer.toString(counter)) + .png)): null

2018-12-07 01:43:36 - [TEST_STEP][PASSED] - Statement - counter = counter + 1: null

2018-12-07 01:43:36 - [TEST_STEP][PASSED] - Statement - PreSaveFile = new java.io.File(((pathPrefix + java.lang.Integer.toString(counter)) + .png)): null

2018-12-07 01:43:36 - [TEST_STEP][PASSED] - Statement - counter = counter + 1: null

2018-12-07 01:43:36 - [TEST_STEP][PASSED] - Statement - PreSaveFile = new java.io.File(((pathPrefix + java.lang.Integer.toString(counter)) + .png)): null

2018-12-07 01:43:36 - [TEST_STEP][PASSED] - Statement - counter = counter + 1: null

2018-12-07 01:43:36 - [TEST_STEP][PASSED] - Statement - PreSaveFile = new java.io.File(((pathPrefix + java.lang.Integer.toString(counter)) + .png)): null

2018-12-07 01:43:36 - [TEST_STEP][PASSED] - Statement - counter = counter + 1: null

2018-12-07 01:43:36 - [TEST_STEP][PASSED] - Statement - PreSaveFile = new java.io.File(((pathPrefix + java.lang.Integer.toString(counter)) + .png)): null

2018-12-07 01:43:36 - [TEST_STEP][PASSED] - Statement - counter = counter + 1: null

2018-12-07 01:43:36 - [TEST_STEP][PASSED] - Statement - PreSaveFile = new java.io.File(((pathPrefix + java.lang.Integer.toString(counter)) + .png)): null

2018-12-07 01:43:36 - [TEST_STEP][PASSED] - Statement - counter = counter + 1: null

2018-12-07 01:43:36 - [TEST_STEP][PASSED] - Statement - PreSaveFile = new java.io.File(((pathPrefix + java.lang.Integer.toString(counter)) + .png)): null

2018-12-07 01:43:36 - [TEST_STEP][PASSED] - Statement - counter = counter + 1: null

2018-12-07 01:43:36 - [TEST_STEP][PASSED] - Statement - PreSaveFile = new java.io.File(((pathPrefix + java.lang.Integer.toString(counter)) + .png)): null

2018-12-07 01:43:36 - [TEST_STEP][PASSED] - Statement - counter = counter + 1: null

2018-12-07 01:43:36 - [TEST_STEP][PASSED] - Statement - PreSaveFile = new java.io.File(((pathPrefix + java.lang.Integer.toString(counter)) + .png)): null

2018-12-07 01:43:36 - [TEST_STEP][PASSED] - Statement - counter = counter + 1: null

2018-12-07 01:43:36 - [TEST_STEP][PASSED] - Statement - PreSaveFile = new java.io.File(((pathPrefix + java.lang.Integer.toString(counter)) + .png)): null

2018-12-07 01:43:36 - [TEST_STEP][PASSED] - Statement - counter = counter + 1: null

2018-12-07 01:43:36 - [TEST_STEP][PASSED] - Statement - PreSaveFile = new java.io.File(((pathPrefix + java.lang.Integer.toString(counter)) + .png)): null

2018-12-07 01:43:36 - [TEST_STEP][PASSED] - Statement - counter = counter + 1: null

2018-12-07 01:43:36 - [TEST_STEP][PASSED] - Statement - PreSaveFile = new java.io.File(((pathPrefix + java.lang.Integer.toString(counter)) + .png)): null

2018-12-07 01:43:36 - [TEST_STEP][PASSED] - Statement - counter = counter + 1: null

2018-12-07 01:43:36 - [TEST_STEP][PASSED] - Statement - PreSaveFile = new java.io.File(((pathPrefix + java.lang.Integer.toString(counter)) + .png)): null

2018-12-07 01:43:36 - [TEST_STEP][PASSED] - Statement - counter = counter + 1: null

2018-12-07 01:43:36 - [TEST_STEP][PASSED] - Statement - PreSaveFile = new java.io.File(((pathPrefix + java.lang.Integer.toString(counter)) + .png)): null

2018-12-07 01:43:36 - [TEST_STEP][PASSED] - Statement - counter = counter + 1: null

2018-12-07 01:43:36 - [TEST_STEP][PASSED] - Statement - PreSaveFile = new java.io.File(((pathPrefix + java.lang.Integer.toString(counter)) + .png)): null

2018-12-07 01:43:36 - [TEST_STEP][PASSED] - Statement - counter = counter + 1: null

2018-12-07 01:43:36 - [TEST_STEP][PASSED] - Statement - PreSaveFile = new java.io.File(((pathPrefix + java.lang.Integer.toString(counter)) + .png)): null

2018-12-07 01:43:36 - [TEST_STEP][PASSED] - Statement - counter = counter + 1: null

2018-12-07 01:43:36 - [TEST_STEP][PASSED] - Statement - PreSaveFile = new java.io.File(((pathPrefix + java.lang.Integer.toString(counter)) + .png)): null

2018-12-07 01:43:36 - [TEST_STEP][PASSED] - Statement - counter = counter + 1: null

2018-12-07 01:43:36 - [TEST_STEP][PASSED] - Statement - PreSaveFile = new java.io.File(((pathPrefix + java.lang.Integer.toString(counter)) + .png)): null

2018-12-07 01:43:36 - [TEST_STEP][PASSED] - Statement - counter = counter + 1: null

2018-12-07 01:43:36 - [TEST_STEP][PASSED] - Statement - PreSaveFile = new java.io.File(((pathPrefix + java.lang.Integer.toString(counter)) + .png)): null

2018-12-07 01:43:36 - [TEST_STEP][PASSED] - Statement - counter = counter + 1: null

2018-12-07 01:43:36 - [TEST_STEP][PASSED] - Statement - PreSaveFile = new java.io.File(((pathPrefix + java.lang.Integer.toString(counter)) + .png)): null

2018-12-07 01:43:36 - [TEST_STEP][PASSED] - Statement - counter = counter + 1: null

2018-12-07 01:43:36 - [TEST_STEP][PASSED] - Statement - PreSaveFile = new java.io.File(((pathPrefix + java.lang.Integer.toString(counter)) + .png)): null

2018-12-07 01:43:36 - [TEST_STEP][PASSED] - Statement - counter = counter + 1: null

2018-12-07 01:43:36 - [TEST_STEP][PASSED] - Statement - PreSaveFile = new java.io.File(((pathPrefix + java.lang.Integer.toString(counter)) + .png)): null

2018-12-07 01:43:36 - [TEST_STEP][PASSED] - Statement - counter = counter + 1: null

2018-12-07 01:43:36 - [TEST_STEP][PASSED] - Statement - PreSaveFile = new java.io.File(((pathPrefix + java.lang.Integer.toString(counter)) + .png)): null

2018-12-07 01:43:36 - [TEST_STEP][PASSED] - Statement - counter = counter + 1: null

2018-12-07 01:43:36 - [TEST_STEP][PASSED] - Statement - PreSaveFile = new java.io.File(((pathPrefix + java.lang.Integer.toString(counter)) + .png)): null

2018-12-07 01:43:36 - [TEST_STEP][PASSED] - Statement - counter = counter + 1: null

2018-12-07 01:43:36 - [TEST_STEP][PASSED] - Statement - PreSaveFile = new java.io.File(((pathPrefix + java.lang.Integer.toString(counter)) + .png)): null

2018-12-07 01:43:36 - [TEST_STEP][PASSED] - Statement - counter = counter + 1: null

2018-12-07 01:43:36 - [TEST_STEP][PASSED] - Statement - PreSaveFile = new java.io.File(((pathPrefix + java.lang.Integer.toString(counter)) + .png)): null

2018-12-07 01:43:36 - [TEST_STEP][PASSED] - Statement - counter = counter + 1: null

2018-12-07 01:43:36 - [TEST_STEP][PASSED] - Statement - PreSaveFile = new java.io.File(((pathPrefix + java.lang.Integer.toString(counter)) + .png)): null

2018-12-07 01:43:36 - [TEST_STEP][PASSED] - Statement - counter = counter + 1: null

2018-12-07 01:43:36 - [TEST_STEP][PASSED] - Statement - PreSaveFile = new java.io.File(((pathPrefix + java.lang.Integer.toString(counter)) + .png)): null

2018-12-07 01:43:36 - [TEST_STEP][PASSED] - Statement - counter = counter + 1: null

2018-12-07 01:43:36 - [TEST_STEP][PASSED] - Statement - PreSaveFile = new java.io.File(((pathPrefix + java.lang.Integer.toString(counter)) + .png)): null

2018-12-07 01:43:36 - [TEST_STEP][PASSED] - Statement - counter = counter + 1: null

2018-12-07 01:43:36 - [TEST_STEP][PASSED] - Statement - PreSaveFile = new java.io.File(((pathPrefix + java.lang.Integer.toString(counter)) + .png)): null

2018-12-07 01:43:36 - [TEST_STEP][PASSED] - Statement - counter = counter + 1: null

2018-12-07 01:43:36 - [TEST_STEP][PASSED] - Statement - PreSaveFile = new java.io.File(((pathPrefix + java.lang.Integer.toString(counter)) + .png)): null

2018-12-07 01:43:36 - [TEST_STEP][PASSED] - Statement - counter = counter + 1: null

2018-12-07 01:43:36 - [TEST_STEP][PASSED] - Statement - PreSaveFile = new java.io.File(((pathPrefix + java.lang.Integer.toString(counter)) + .png)): null

2018-12-07 01:43:36 - [TEST_STEP][PASSED] - Statement - counter = counter + 1: null

2018-12-07 01:43:36 - [TEST_STEP][PASSED] - Statement - PreSaveFile = new java.io.File(((pathPrefix + java.lang.Integer.toString(counter)) + .png)): null

2018-12-07 01:43:36 - [TEST_STEP][PASSED] - Statement - counter = counter + 1: null

2018-12-07 01:43:36 - [TEST_STEP][PASSED] - Statement - PreSaveFile = new java.io.File(((pathPrefix + java.lang.Integer.toString(counter)) + .png)): null

2018-12-07 01:43:36 - [TEST_STEP][PASSED] - Statement - counter = counter + 1: null

2018-12-07 01:43:36 - [TEST_STEP][PASSED] - Statement - PreSaveFile = new java.io.File(((pathPrefix + java.lang.Integer.toString(counter)) + .png)): null

2018-12-07 01:43:36 - [TEST_STEP][PASSED] - Statement - counter = counter + 1: null

2018-12-07 01:43:36 - [TEST_STEP][PASSED] - Statement - PreSaveFile = new java.io.File(((pathPrefix + java.lang.Integer.toString(counter)) + .png)): null

2018-12-07 01:43:36 - [TEST_STEP][PASSED] - Statement - counter = counter + 1: null

2018-12-07 01:43:36 - [TEST_STEP][PASSED] - Statement - PreSaveFile = new java.io.File(((pathPrefix + java.lang.Integer.toString(counter)) + .png)): null

2018-12-07 01:43:36 - [TEST_STEP][PASSED] - Statement - counter = counter + 1: null

2018-12-07 01:43:36 - [TEST_STEP][PASSED] - Statement - PreSaveFile = new java.io.File(((pathPrefix + java.lang.Integer.toString(counter)) + .png)): null

2018-12-07 01:43:36 - [TEST_STEP][PASSED] - Statement - counter = counter + 1: null

2018-12-07 01:43:36 - [TEST_STEP][PASSED] - Statement - PreSaveFile = new java.io.File(((pathPrefix + java.lang.Integer.toString(counter)) + .png)): null

2018-12-07 01:43:36 - [TEST_STEP][PASSED] - Statement - counter = counter + 1: null

2018-12-07 01:43:36 - [TEST_STEP][PASSED] - Statement - PreSaveFile = new java.io.File(((pathPrefix + java.lang.Integer.toString(counter)) + .png)): null

2018-12-07 01:43:36 - [TEST_STEP][PASSED] - Statement - counter = counter + 1: null

2018-12-07 01:43:36 - [TEST_STEP][PASSED] - Statement - PreSaveFile = new java.io.File(((pathPrefix + java.lang.Integer.toString(counter)) + .png)): null

2018-12-07 01:43:36 - [TEST_STEP][PASSED] - Statement - counter = counter + 1: null

2018-12-07 01:43:36 - [TEST_STEP][PASSED] - Statement - PreSaveFile = new java.io.File(((pathPrefix + java.lang.Integer.toString(counter)) + .png)): null

2018-12-07 01:43:36 - [TEST_STEP][PASSED] - Statement - counter = counter + 1: null

2018-12-07 01:43:36 - [TEST_STEP][PASSED] - Statement - PreSaveFile = new java.io.File(((pathPrefix + java.lang.Integer.toString(counter)) + .png)): null

2018-12-07 01:43:36 - [TEST_STEP][PASSED] - Statement - counter = counter + 1: null

2018-12-07 01:43:36 - [TEST_STEP][PASSED] - Statement - PreSaveFile = new java.io.File(((pathPrefix + java.lang.Integer.toString(counter)) + .png)): null

2018-12-07 01:43:36 - [TEST_STEP][PASSED] - Statement - counter = counter + 1: null

2018-12-07 01:43:36 - [TEST_STEP][PASSED] - Statement - PreSaveFile = new java.io.File(((pathPrefix + java.lang.Integer.toString(counter)) + .png)): null

2018-12-07 01:43:36 - [TEST_STEP][PASSED] - Statement - counter = counter + 1: null

2018-12-07 01:43:36 - [TEST_STEP][PASSED] - Statement - PreSaveFile = new java.io.File(((pathPrefix + java.lang.Integer.toString(counter)) + .png)): null

2018-12-07 01:43:36 - [TEST_STEP][PASSED] - Statement - counter = counter + 1: null

2018-12-07 01:43:36 - [TEST_STEP][PASSED] - Statement - PreSaveFile = new java.io.File(((pathPrefix + java.lang.Integer.toString(counter)) + .png)): null

2018-12-07 01:43:36 - [TEST_STEP][PASSED] - Statement - counter = counter + 1: null

2018-12-07 01:43:36 - [TEST_STEP][PASSED] - Statement - PreSaveFile = new java.io.File(((pathPrefix + java.lang.Integer.toString(counter)) + .png)): null

2018-12-07 01:43:36 - [TEST_STEP][PASSED] - Statement - counter = counter + 1: null

2018-12-07 01:43:36 - [TEST_STEP][PASSED] - Statement - PreSaveFile = new java.io.File(((pathPrefix + java.lang.Integer.toString(counter)) + .png)): null

2018-12-07 01:43:36 - [TEST_STEP][PASSED] - Statement - counter = counter + 1: null

2018-12-07 01:43:36 - [TEST_STEP][PASSED] - Statement - PreSaveFile = new java.io.File(((pathPrefix + java.lang.Integer.toString(counter)) + .png)): null

2018-12-07 01:43:36 - [TEST_STEP][PASSED] - Statement - counter = counter + 1: null

2018-12-07 01:43:36 - [TEST_STEP][PASSED] - Statement - PreSaveFile = new java.io.File(((pathPrefix + java.lang.Integer.toString(counter)) + .png)): null

2018-12-07 01:43:36 - [TEST_STEP][PASSED] - Statement - counter = counter + 1: null

2018-12-07 01:43:36 - [TEST_STEP][PASSED] - Statement - PreSaveFile = new java.io.File(((pathPrefix + java.lang.Integer.toString(counter)) + .png)): null

2018-12-07 01:43:36 - [TEST_STEP][PASSED] - Statement - counter = counter + 1: null

2018-12-07 01:43:36 - [TEST_STEP][PASSED] - Statement - PreSaveFile = new java.io.File(((pathPrefix + java.lang.Integer.toString(counter)) + .png)): null

2018-12-07 01:43:36 - [TEST_STEP][PASSED] - Statement - counter = counter + 1: null

2018-12-07 01:43:36 - [TEST_STEP][PASSED] - Statement - PreSaveFile = new java.io.File(((pathPrefix + java.lang.Integer.toString(counter)) + .png)): null

2018-12-07 01:43:36 - [TEST_STEP][PASSED] - Statement - counter = counter + 1: null

2018-12-07 01:43:36 - [TEST_STEP][PASSED] - Statement - PreSaveFile = new java.io.File(((pathPrefix + java.lang.Integer.toString(counter)) + .png)): null

2018-12-07 01:43:36 - [TEST_STEP][PASSED] - Statement - counter = counter + 1: null

2018-12-07 01:43:36 - [TEST_STEP][PASSED] - Statement - PreSaveFile = new java.io.File(((pathPrefix + java.lang.Integer.toString(counter)) + .png)): null

2018-12-07 01:43:36 - [TEST_STEP][PASSED] - Statement - counter = counter + 1: null

2018-12-07 01:43:36 - [TEST_STEP][PASSED] - Statement - PreSaveFile = new java.io.File(((pathPrefix + java.lang.Integer.toString(counter)) + .png)): null

2018-12-07 01:43:36 - [TEST_STEP][PASSED] - Statement - counter = counter + 1: null

2018-12-07 01:43:36 - [TEST_STEP][PASSED] - Statement - PreSaveFile = new java.io.File(((pathPrefix + java.lang.Integer.toString(counter)) + .png)): null

2018-12-07 01:43:36 - [TEST_STEP][PASSED] - Statement - counter = counter + 1: null

2018-12-07 01:43:36 - [TEST_STEP][PASSED] - Statement - PreSaveFile = new java.io.File(((pathPrefix + java.lang.Integer.toString(counter)) + .png)): null

2018-12-07 01:43:36 - [TEST_STEP][PASSED] - Statement - counter = counter + 1: null

2018-12-07 01:43:36 - [TEST_STEP][PASSED] - Statement - PreSaveFile = new java.io.File(((pathPrefix + java.lang.Integer.toString(counter)) + .png)): null

2018-12-07 01:43:36 - [TEST_STEP][PASSED] - Statement - counter = counter + 1: null

2018-12-07 01:43:36 - [TEST_STEP][PASSED] - Statement - PreSaveFile = new java.io.File(((pathPrefix + java.lang.Integer.toString(counter)) + .png)): null

2018-12-07 01:43:36 - [TEST_STEP][PASSED] - Statement - counter = counter + 1: null

2018-12-07 01:43:36 - [TEST_STEP][PASSED] - Statement - PreSaveFile = new java.io.File(((pathPrefix + java.lang.Integer.toString(counter)) + .png)): null

2018-12-07 01:43:36 - [TEST_STEP][PASSED] - Statement - counter = counter + 1: null

2018-12-07 01:43:36 - [TEST_STEP][PASSED] - Statement - PreSaveFile = new java.io.File(((pathPrefix + java.lang.Integer.toString(counter)) + .png)): null

2018-12-07 01:43:36 - [TEST_STEP][PASSED] - Statement - counter = counter + 1: null

2018-12-07 01:43:36 - [TEST_STEP][PASSED] - Statement - PreSaveFile = new java.io.File(((pathPrefix + java.lang.Integer.toString(counter)) + .png)): null

2018-12-07 01:43:36 - [TEST_STEP][PASSED] - Statement - counter = counter + 1: null

2018-12-07 01:43:36 - [TEST_STEP][PASSED] - Statement - PreSaveFile = new java.io.File(((pathPrefix + java.lang.Integer.toString(counter)) + .png)): null

2018-12-07 01:43:36 - [TEST_STEP][PASSED] - Statement - finalPath = pathPrefix + java.lang.Integer.toString(counter) + ".png": null

2018-12-07 01:43:36 - [TEST_STEP][PASSED] - Statement - SaveFile = new java.io.File(finalPath): null

2018-12-07 01:43:36 - [TEST_STEP][PASSED] - Statement - Try: null

2018-12-07 01:43:36 - [TEST_STEP][PASSED] - Statement - org.apache.commons.io.FileUtils.copyFile(scrFile, SaveFile): null

2018-12-07 01:43:36 - [TEST_STEP][PASSED] - Statement - out.println("file kept"): null

2018-12-07 01:43:36 - [TEST_STEP][PASSED] - delay: Delayed 10 second(s)

2018-12-07 01:43:46 - [MESSAGE][PASSED] - Delayed 10 second(s)

2018-12-07 01:43:46 - [MESSAGE][PASSED] - Call Test Case 'Test Cases/Final Aug 2018 - PKS Automation/Common/Screenshoting tool' successfully

2018-12-07 01:43:46 - [TEST_STEP][PASSED] - callTestCase: Call Test Case 'Test Cases/Final Aug 2018 - PKS Automation/Registration Module/Log Out/log out avoiding katalon tagging' successfully

2018-12-07 01:43:47 - [TEST_CASE][PASSED] - Test Cases/Final Aug 2018 - PKS Automation/Registration Module/Log Out/log out avoiding katalon tagging: Test Cases/Final Aug 2018 - PKS Automation/Registration Module/Log Out/log out avoiding katalon tagging

2018-12-07 01:43:47 - [TEST_STEP][PASSED] - navigateToUrl: Navigate to 'https://assist2-uat.perkeso.gov.my/c/portal/logout' successfully

2018-12-07 01:43:47 - [MESSAGE][PASSED] - Navigate to 'https://assist2-uat.perkeso.gov.my/c/portal/logout' successfully

2018-12-07 01:43:47 - [MESSAGE][PASSED] - Call Test Case 'Test Cases/Final Aug 2018 - PKS Automation/Registration Module/Log Out/log out avoiding katalon tagging' successfully

2018-12-07 01:43:47 - [TEST_STEP][PASSED] - callTestCase: Call Test Case 'Test Cases/Final Aug 2018 - PKS Automation/Common/Workflow Owner Finder' successfully

2018-12-07 01:43:47 - [TEST_CASE][PASSED] - Test Cases/Final Aug 2018 - PKS Automation/Common/Workflow Owner Finder: Test Cases/Final Aug 2018 - PKS Automation/Common/Workflow Owner Finder

2018-12-07 01:43:47 - [TEST_STEP][PASSED] - openBrowser: Browser is opened with url: ''

2018-12-07 01:43:47 - [MESSAGE][WARNING] - A browser is already opened. Closing browser and opening a new one

2018-12-07 01:43:51 - [MESSAGE][PASSED] - Browser is opened with url: ''

2018-12-07 01:43:51 - [TEST_STEP][PASSED] - navigateToUrl: Navigate to 'https://assist2-uat.perkeso.gov.my/login' successfully

2018-12-07 01:43:52 - [MESSAGE][PASSED] - Navigate to 'https://assist2-uat.perkeso.gov.my/login' successfully

2018-12-07 01:43:52 - [TEST_STEP][PASSED] - delay: Delayed 5 second(s)

2018-12-07 01:43:57 - [MESSAGE][PASSED] - Delayed 5 second(s)

2018-12-07 01:43:57 - [TEST_STEP][PASSED] - setText: Text 'test@liferay.com' is set on object 'Object Repository/Final Object Repo/Login Page/Internal User/Email Address'

2018-12-07 01:43:57 - [MESSAGE][PASSED] - Text 'test@liferay.com' is set on object 'Object Repository/Final Object Repo/Login Page/Internal User/Email Address'

2018-12-07 01:43:57 - [TEST_STEP][PASSED] - click: Object: 'Object Repository/Final Object Repo/Login Page/Internal User/Next Button' is clicked on

2018-12-07 01:43:58 - [MESSAGE][PASSED] - Object: 'Object Repository/Final Object Repo/Login Page/Internal User/Next Button' is clicked on

2018-12-07 01:43:58 - [TEST_STEP][PASSED] - delay: Delayed 2 second(s)

2018-12-07 01:44:00 - [MESSAGE][PASSED] - Delayed 2 second(s)

2018-12-07 01:44:00 - [TEST_STEP][PASSED] - setText: Text 'test' is set on object 'Object Repository/Final Object Repo/Login Page/Internal User/Password'

2018-12-07 01:44:00 - [MESSAGE][PASSED] - Text 'test' is set on object 'Object Repository/Final Object Repo/Login Page/Internal User/Password'

2018-12-07 01:44:00 - [TEST_STEP][PASSED] - delay: Delayed 2 second(s)

2018-12-07 01:44:02 - [MESSAGE][PASSED] - Delayed 2 second(s)

2018-12-07 01:44:02 - [TEST_STEP][PASSED] - click: Object: 'Object Repository/Final Object Repo/Login Page/Internal User/Login Button' is clicked on

2018-12-07 01:44:02 - [MESSAGE][PASSED] - Object: 'Object Repository/Final Object Repo/Login Page/Internal User/Login Button' is clicked on

2018-12-07 01:44:02 - [TEST_STEP][PASSED] - Statement - tester = com.kms.katalon.core.testobject.ObjectRepository.findTestObject(Final Object Repo/Landing Page/Select to English): Finding Test Object with id 'Object Repository/Final Object Repo/Landing Page/Select to English'

2018-12-07 01:44:02 - [TEST_STEP][PASSED] - Statement - Try: Delayed 2 second(s)

2018-12-07 01:44:02 - [TEST_STEP][PASSED] - Statement - Checker = com.kms.katalon.core.webui.keyword.WebUiBuiltInKeywords.verifyElementNotPresent(tester, 3): Web element with id: 'Object Repository/Final Object Repo/Landing Page/Select to English' located by 'By.xpath: //a[@class = 'taglib-language-list-text' and @lang = 'en-US' and (contains(text(), 'EN') or contains(., 'EN'))]' is not present after '3' second(s)

2018-12-07 01:44:04 - [MESSAGE][PASSED] - Web element with id: 'Object Repository/Final Object Repo/Landing Page/Select to English' located by 'By.xpath: //a[@class = 'taglib-language-list-text' and @lang = 'en-US' and (contains(text(), 'EN') or contains(., 'EN'))]' is not present after '3' second(s)

2018-12-07 01:44:04 - [TEST_STEP][PASSED] - Statement - If (Checker == false): null

2018-12-07 01:44:04 - [TEST_STEP][PASSED] - delay: Delayed 2 second(s)

2018-12-07 01:44:06 - [MESSAGE][PASSED] - Delayed 2 second(s)

2018-12-07 01:44:06 - [TEST_STEP][PASSED] - delay: Delayed 5 second(s)

2018-12-07 01:44:11 - [MESSAGE][PASSED] - Delayed 5 second(s)

2018-12-07 01:44:11 - [TEST_STEP][PASSED] - mouseOver: Object: 'Object Repository/Final Object Repo/Landing Page/WorkFlow Menu' is hovered

2018-12-07 01:44:11 - [MESSAGE][PASSED] - Object: 'Object Repository/Final Object Repo/Landing Page/WorkFlow Menu' is hovered

2018-12-07 01:44:11 - [TEST_STEP][PASSED] - delay: Delayed 2 second(s)

2018-12-07 01:44:13 - [MESSAGE][PASSED] - Delayed 2 second(s)

2018-12-07 01:44:13 - [TEST_STEP][PASSED] - click: Object: 'Object Repository/Final Object Repo/Landing Page/Select to Workflow Listing' is clicked on

2018-12-07 01:44:14 - [MESSAGE][PASSED] - Object: 'Object Repository/Final Object Repo/Landing Page/Select to Workflow Listing' is clicked on

2018-12-07 01:44:14 - [TEST_STEP][PASSED] - delay: Delayed 2 second(s)

2018-12-07 01:44:16 - [MESSAGE][PASSED] - Delayed 2 second(s)

2018-12-07 01:44:16 - [TEST_STEP][PASSED] - click: Object: 'Object Repository/Final Object Repo/WorkFlow Listing Page/Search Information - To Put Ref No' is clicked on

2018-12-07 01:44:16 - [MESSAGE][PASSED] - Object: 'Object Repository/Final Object Repo/WorkFlow Listing Page/Search Information - To Put Ref No' is clicked on

2018-12-07 01:44:16 - [TEST_STEP][PASSED] - delay: Delayed 2 second(s)

2018-12-07 01:44:18 - [MESSAGE][PASSED] - Delayed 2 second(s)

2018-12-07 01:44:18 - [TEST_STEP][PASSED] - callTestCase: Call Test Case 'Test Cases/Final Aug 2018 - PKS Automation/Common/Reference Number Getter' successfully

2018-12-07 01:44:18 - [TEST_CASE][PASSED] - Test Cases/Final Aug 2018 - PKS Automation/Common/Reference Number Getter: Test Cases/Final Aug 2018 - PKS Automation/Common/Reference Number Getter

2018-12-07 01:44:18 - [TEST_STEP][PASSED] - Statement - Try: null

2018-12-07 01:44:18 - [TEST_STEP][PASSED] - Statement - RefNo = new java.io.File(C://Users//Admin//Desktop//PKS//Automation Reference Point//KatalonReference.txt): null

2018-12-07 01:44:18 - [TEST_STEP][PASSED] - Statement - bufferread = new java.io.BufferedReader(new java.io.FileReader(RefNo)): null

2018-12-07 01:44:18 - [TEST_STEP][PASSED] - Statement - readedVal = bufferread.readLine(): null

2018-12-07 01:44:18 - [TEST_STEP][PASSED] - Statement - out.println(CaseReferenceNo): null

2018-12-07 01:44:18 - [TEST_STEP][PASSED] - Statement - out.println(readedVal): null

2018-12-07 01:44:18 - [TEST_STEP][PASSED] - Statement - CaseReferenceNo = "": null

2018-12-07 01:44:18 - [TEST_STEP][PASSED] - Statement - CaseReferenceNo = readedVal: null

2018-12-07 01:44:18 - [MESSAGE][PASSED] - Call Test Case 'Test Cases/Final Aug 2018 - PKS Automation/Common/Reference Number Getter' successfully

2018-12-07 01:44:18 - [TEST_STEP][PASSED] - setText: Text 'CAN12201800002277' is set on object 'Object Repository/Final Object Repo/WorkFlow Listing Page/Ref No Set Text'

2018-12-07 01:44:18 - [MESSAGE][PASSED] - Text 'CAN12201800002277' is set on object 'Object Repository/Final Object Repo/WorkFlow Listing Page/Ref No Set Text'

2018-12-07 01:44:18 - [TEST_STEP][PASSED] - delay: Delayed 2 second(s)

2018-12-07 01:44:20 - [MESSAGE][PASSED] - Delayed 2 second(s)

2018-12-07 01:44:20 - [TEST_STEP][PASSED] - click: Object: 'Object Repository/Final Object Repo/WorkFlow Listing Page/Search Ref No Search Button' is clicked on

2018-12-07 01:44:21 - [MESSAGE][PASSED] - Object: 'Object Repository/Final Object Repo/WorkFlow Listing Page/Search Ref No Search Button' is clicked on

2018-12-07 01:44:21 - [TEST_STEP][PASSED] - delay: Delayed 6 second(s)

2018-12-07 01:44:27 - [MESSAGE][PASSED] - Delayed 6 second(s)

2018-12-07 01:44:27 - [TEST_STEP][PASSED] - click: Object: 'Object Repository/Final Object Repo/WorkFlow Listing Page/Click Continue Tooltip' is clicked on

2018-12-07 01:44:27 - [MESSAGE][PASSED] - Object: 'Object Repository/Final Object Repo/WorkFlow Listing Page/Click Continue Tooltip' is clicked on

2018-12-07 01:44:27 - [TEST_STEP][PASSED] - delay: Delayed 5 second(s)

2018-12-07 01:44:32 - [MESSAGE][PASSED] - Delayed 5 second(s)

2018-12-07 01:44:32 - [TEST_STEP][PASSED] - doubleClick: Object: 'Object Repository/Final Object Repo/WorkFlow Listing Page/Workflow Found - Listing 1' is double clicked on

2018-12-07 01:44:33 - [MESSAGE][PASSED] - Object: 'Object Repository/Final Object Repo/WorkFlow Listing Page/Workflow Found - Listing 1' is double clicked on

2018-12-07 01:44:33 - [TEST_STEP][PASSED] - Statement - println(OwnerID): null

2018-12-07 01:44:33 - [TEST_STEP][PASSED] - Statement - OwnerID = com.kms.katalon.core.webui.keyword.WebUiBuiltInKeywords.getText(com.kms.katalon.core.testobject.ObjectRepository.findTestObject(Final Object Repo/WorkFlow Listing Page/Workflow Found - Listing 1), STOP_ON_FAILURE): Text of object 'Object Repository/Final Object Repo/WorkFlow Listing Page/Workflow Found - Listing 1' is: 'JOHORro3'

2018-12-07 01:44:33 - [MESSAGE][PASSED] - Text of object 'Object Repository/Final Object Repo/WorkFlow Listing Page/Workflow Found - Listing 1' is: 'JOHORro3'

2018-12-07 01:44:33 - [TEST_STEP][PASSED] - Statement - OwnerID = OwnerID.toLowerCase() + "@gmail.com": null

2018-12-07 01:44:33 - [TEST_STEP][PASSED] - Statement - println(OwnerID): null

2018-12-07 01:44:33 - [TEST_STEP][PASSED] - delay: Delayed 2 second(s)

2018-12-07 01:44:35 - [MESSAGE][PASSED] - Delayed 2 second(s)

2018-12-07 01:44:35 - [MESSAGE][PASSED] - Call Test Case 'Test Cases/Final Aug 2018 - PKS Automation/Common/Workflow Owner Finder' successfully

2018-12-07 01:44:35 - [TEST_STEP][PASSED] - callTestCase: Call Test Case 'Test Cases/Final Aug 2018 - PKS Automation/Registration Module/Log Out/log out avoiding katalon tagging' successfully

2018-12-07 01:44:35 - [TEST_CASE][PASSED] - Test Cases/Final Aug 2018 - PKS Automation/Registration Module/Log Out/log out avoiding katalon tagging: Test Cases/Final Aug 2018 - PKS Automation/Registration Module/Log Out/log out avoiding katalon tagging

2018-12-07 01:44:35 - [TEST_STEP][PASSED] - navigateToUrl: Navigate to 'https://assist2-uat.perkeso.gov.my/c/portal/logout' successfully

2018-12-07 01:44:36 - [MESSAGE][PASSED] - Navigate to 'https://assist2-uat.perkeso.gov.my/c/portal/logout' successfully

2018-12-07 01:44:36 - [MESSAGE][PASSED] - Call Test Case 'Test Cases/Final Aug 2018 - PKS Automation/Registration Module/Log Out/log out avoiding katalon tagging' successfully

2018-12-07 01:44:36 - [TEST_STEP][PASSED] - delay: Delayed 2 second(s)

2018-12-07 01:44:38 - [MESSAGE][PASSED] - Delayed 2 second(s)

2018-12-07 01:44:38 - [TEST_STEP][PASSED] - setText: Text 'johorro3@gmail.com' is set on object 'Object Repository/Final Object Repo/Page_Update Add New Employee - ASSIST/Email TextBox'

2018-12-07 01:44:38 - [MESSAGE][PASSED] - Text 'johorro3@gmail.com' is set on object 'Object Repository/Final Object Repo/Page_Update Add New Employee - ASSIST/Email TextBox'

2018-12-07 01:44:38 - [TEST_STEP][PASSED] - click: Object: 'Object Repository/Final Object Repo/Page_Update Add New Employee - ASSIST/Next Button' is clicked on

2018-12-07 01:44:38 - [MESSAGE][PASSED] - Object: 'Object Repository/Final Object Repo/Page_Update Add New Employee - ASSIST/Next Button' is clicked on

2018-12-07 01:44:38 - [TEST_STEP][PASSED] - delay: Delayed 2 second(s)

2018-12-07 01:44:40 - [MESSAGE][PASSED] - Delayed 2 second(s)

2018-12-07 01:44:40 - [TEST_STEP][PASSED] - setText: Text 'Test1@3456789' is set on object 'Object Repository/Final Object Repo/Page_Update Add New Employee - ASSIST/Password TextBox'

2018-12-07 01:44:40 - [MESSAGE][PASSED] - Text 'Test1@3456789' is set on object 'Object Repository/Final Object Repo/Page_Update Add New Employee - ASSIST/Password TextBox'

2018-12-07 01:44:40 - [TEST_STEP][PASSED] - delay: Delayed 2 second(s)

2018-12-07 01:44:42 - [MESSAGE][PASSED] - Delayed 2 second(s)

2018-12-07 01:44:42 - [TEST_STEP][PASSED] - click: Object: 'Object Repository/Final Object Repo/Page_Update Add New Employee - ASSIST/Login Button' is clicked on

2018-12-07 01:44:43 - [MESSAGE][PASSED] - Object: 'Object Repository/Final Object Repo/Page_Update Add New Employee - ASSIST/Login Button' is clicked on

2018-12-07 01:44:43 - [TEST_STEP][PASSED] - delay: Delayed 4 second(s)

2018-12-07 01:44:47 - [MESSAGE][PASSED] - Delayed 4 second(s)

2018-12-07 01:44:47 - [TEST_STEP][PASSED] - Statement - Try: Delayed 2 second(s)

2018-12-07 01:44:47 - [TEST_STEP][PASSED] - Statement - Checker = false: null

2018-12-07 01:44:47 - [TEST_STEP][PASSED] - Statement - Checker = com.kms.katalon.core.webui.keyword.WebUiBuiltInKeywords.verifyElementHasAttribute(com.kms.katalon.core.testobject.ObjectRepository.findTestObject(Final Object Repo/Landing Page/BM Detecting), "href", 20, OPTIONAL): Object 'Object Repository/Final Object Repo/Landing Page/BM Detecting' has attribute 'href'

2018-12-07 01:44:47 - [MESSAGE][PASSED] - Object 'Object Repository/Final Object Repo/Landing Page/BM Detecting' has attribute 'href'

2018-12-07 01:44:47 - [TEST_STEP][PASSED] - Statement - out.println(Checker): null

2018-12-07 01:44:47 - [TEST_STEP][PASSED] - Statement - If (Checker == false): null

2018-12-07 01:44:47 - [TEST_STEP][PASSED] - Statement - Else: null

2018-12-07 01:44:47 - [TEST_STEP][PASSED] - delay: Delayed 2 second(s)

2018-12-07 01:44:49 - [MESSAGE][PASSED] - Delayed 2 second(s)

2018-12-07 01:44:49 - [TEST_STEP][PASSED] - delay: Delayed 4 second(s)

2018-12-07 01:44:53 - [MESSAGE][PASSED] - Delayed 4 second(s)

2018-12-07 01:44:53 - [TEST_STEP][PASSED] - click: Object: 'Object Repository/Final Object Repo/New Registration - Registration Module Pages/New Reg - OTC to RO/Special Case - All Related Objects/Expand to Search' is clicked on

2018-12-07 01:44:53 - [MESSAGE][PASSED] - Object: 'Object Repository/Final Object Repo/New Registration - Registration Module Pages/New Reg - OTC to RO/Special Case - All Related Objects/Expand to Search' is clicked on

2018-12-07 01:44:53 - [TEST_STEP][FAILED] - setText: Unable to set text 'CAN12201800002277' of object 'Object Repository/Final Object Repo/New Registration - Registration Module Pages/New Reg - OTC to RO/Special Case - All Related Objects/TextBox RefNo in Workbasket' (Root cause: org.openqa.selenium.ElementNotVisibleException: element not interactable
  (Session info: chrome=70.0.3538.110)
  (Driver info: chromedriver=2.43.600210 (68dcf5eebde37173d4027fa8635e332711d2874a),platform=Windows NT 6.1.7601 SP1 x86_64) (WARNING: The server did not provide any stacktrace information)
Command duration or timeout: 0 milliseconds
Build info: version: '3.7.1', revision: '8a0099a', time: '2017-11-06T21:07:36.161Z'
System info: host: 'WIN7TEST02', ip: '10.20.3.72', os.name: 'Windows 7', os.arch: 'amd64', os.version: '6.1', java.version: '1.8.0_181'
Driver info: com.kms.katalon.selenium.driver.CChromeDriver
Capabilities {acceptInsecureCerts: false, acceptSslCerts: false, applicationCacheEnabled: false, browserConnectionEnabled: false, browserName: chrome, chrome: {chromedriverVersion: 2.43.600210 (68dcf5eebde371..., userDataDir: C:\Users\Admin\AppData\Loca...}, cssSelectorsEnabled: true, databaseEnabled: false, goog:chromeOptions: {debuggerAddress: localhost:63894}, handlesAlerts: true, hasTouchScreen: false, javascriptEnabled: true, locationContextEnabled: true, mobileEmulationEnabled: false, nativeEvents: true, networkConnectionEnabled: false, pageLoadStrategy: normal, platform: XP, platformName: XP, rotatable: false, setWindowRect: true, takesHeapSnapshot: true, takesScreenshot: true, unexpectedAlertBehaviour: , unhandledPromptBehavior: , version: 70.0.3538.110, webStorageEnabled: true}
Session ID: 667783c1516b4215c32b77ec39066bdc)

2018-12-07 01:44:53 - [MESSAGE][FAILED] - Unable to set text 'CAN12201800002277' of object 'Object Repository/Final Object Repo/New Registration - Registration Module Pages/New Reg - OTC to RO/Special Case - All Related Objects/TextBox RefNo in Workbasket' (Root cause: org.openqa.selenium.ElementNotVisibleException: element not interactable
  (Session info: chrome=70.0.3538.110)
  (Driver info: chromedriver=2.43.600210 (68dcf5eebde37173d4027fa8635e332711d2874a),platform=Windows NT 6.1.7601 SP1 x86_64) (WARNING: The server did not provide any stacktrace information)
Command duration or timeout: 0 milliseconds
Build info: version: '3.7.1', revision: '8a0099a', time: '2017-11-06T21:07:36.161Z'
System info: host: 'WIN7TEST02', ip: '10.20.3.72', os.name: 'Windows 7', os.arch: 'amd64', os.version: '6.1', java.version: '1.8.0_181'
Driver info: com.kms.katalon.selenium.driver.CChromeDriver
Capabilities {acceptInsecureCerts: false, acceptSslCerts: false, applicationCacheEnabled: false, browserConnectionEnabled: false, browserName: chrome, chrome: {chromedriverVersion: 2.43.600210 (68dcf5eebde371..., userDataDir: C:\Users\Admin\AppData\Loca...}, cssSelectorsEnabled: true, databaseEnabled: false, goog:chromeOptions: {debuggerAddress: localhost:63894}, handlesAlerts: true, hasTouchScreen: false, javascriptEnabled: true, locationContextEnabled: true, mobileEmulationEnabled: false, nativeEvents: true, networkConnectionEnabled: false, pageLoadStrategy: normal, platform: XP, platformName: XP, rotatable: false, setWindowRect: true, takesHeapSnapshot: true, takesScreenshot: true, unexpectedAlertBehaviour: , unhandledPromptBehavior: , version: 70.0.3538.110, webStorageEnabled: true}
Session ID: 667783c1516b4215c32b77ec39066bdc)
[[ATTACHMENT|C:\\Users\\Admin\\Desktop\\PKS\\Perkeso Phase A\\Reports\\Workflow\\Update Add New Employee\\20181206_171415\\1544118293341.png]]

2018-12-07 01:44:53 - [TEST_STEP][PASSED] - delay: Delayed 2 second(s)

2018-12-07 01:44:55 - [MESSAGE][PASSED] - Delayed 2 second(s)

2018-12-07 01:44:55 - [TEST_STEP][PASSED] - click: Object: 'Object Repository/Final Object Repo/New Registration - Registration Module Pages/New Reg - OTC to RO/Special Case - All Related Objects/Click Search' is clicked on

2018-12-07 01:44:55 - [MESSAGE][PASSED] - Object: 'Object Repository/Final Object Repo/New Registration - Registration Module Pages/New Reg - OTC to RO/Special Case - All Related Objects/Click Search' is clicked on

2018-12-07 01:44:55 - [TEST_STEP][PASSED] - delay: Delayed 2 second(s)

2018-12-07 01:44:57 - [MESSAGE][PASSED] - Delayed 2 second(s)

2018-12-07 01:44:57 - [TEST_STEP][PASSED] - click: Object: 'Object Repository/Final Object Repo/New Registration - Registration Module Pages/New Reg - OTC to RO/Special Case - All Related Objects/Click to Continue Workflow' is clicked on

2018-12-07 01:45:02 - [MESSAGE][PASSED] - Object: 'Object Repository/Final Object Repo/New Registration - Registration Module Pages/New Reg - OTC to RO/Special Case - All Related Objects/Click to Continue Workflow' is clicked on

2018-12-07 01:45:02 - [TEST_STEP][PASSED] - delay: Delayed 10 second(s)

2018-12-07 01:45:12 - [MESSAGE][PASSED] - Delayed 10 second(s)

2018-12-07 01:45:12 - [TEST_STEP][PASSED] - click: Object: 'Object Repository/Final Object Repo/New Registration - Registration Module Pages/New Reg - OTC to RO/Special Case - All Related Objects/Continue Button in verifying case' is clicked on

2018-12-07 01:45:15 - [MESSAGE][PASSED] - Object: 'Object Repository/Final Object Repo/New Registration - Registration Module Pages/New Reg - OTC to RO/Special Case - All Related Objects/Continue Button in verifying case' is clicked on

2018-12-07 01:45:15 - [TEST_STEP][PASSED] - delay: Delayed 2 second(s)

2018-12-07 01:45:17 - [MESSAGE][PASSED] - Delayed 2 second(s)

2018-12-07 01:45:17 - [TEST_STEP][PASSED] - click: Object: 'Object Repository/Final Object Repo/Page_Update Add New Employee - ASSIST/Save  Continue Button' is clicked on

2018-12-07 01:45:17 - [MESSAGE][PASSED] - Object: 'Object Repository/Final Object Repo/Page_Update Add New Employee - ASSIST/Save  Continue Button' is clicked on

2018-12-07 01:45:17 - [TEST_STEP][PASSED] - delay: Delayed 4 second(s)

2018-12-07 01:45:21 - [MESSAGE][PASSED] - Delayed 4 second(s)

2018-12-07 01:45:21 - [TEST_STEP][PASSED] - click: Object: 'Object Repository/Final Object Repo/Page_Update Add New Employee - ASSIST/Save  Continue Third Screen' is clicked on

2018-12-07 01:45:24 - [MESSAGE][PASSED] - Object: 'Object Repository/Final Object Repo/Page_Update Add New Employee - ASSIST/Save  Continue Third Screen' is clicked on

2018-12-07 01:45:24 - [TEST_STEP][PASSED] - delay: Delayed 4 second(s)

2018-12-07 01:45:28 - [MESSAGE][PASSED] - Delayed 4 second(s)

2018-12-07 01:45:28 - [TEST_STEP][PASSED] - click: Object: 'Object Repository/Final Object Repo/Page_Update Add New Employee - ASSIST/Save   Continue Supporting Doc Page' is clicked on

2018-12-07 01:45:28 - [MESSAGE][PASSED] - Object: 'Object Repository/Final Object Repo/Page_Update Add New Employee - ASSIST/Save   Continue Supporting Doc Page' is clicked on

2018-12-07 01:45:28 - [TEST_STEP][PASSED] - delay: Delayed 4 second(s)

2018-12-07 01:45:32 - [MESSAGE][PASSED] - Delayed 4 second(s)

2018-12-07 01:45:32 - [TEST_STEP][PASSED] - click: Object: 'Object Repository/Final Object Repo/Page_Update Add New Employee - ASSIST/Submit Button' is clicked on

2018-12-07 01:45:32 - [MESSAGE][PASSED] - Object: 'Object Repository/Final Object Repo/Page_Update Add New Employee - ASSIST/Submit Button' is clicked on

2018-12-07 01:45:32 - [TEST_STEP][PASSED] - delay: Delayed 4 second(s)

2018-12-07 01:45:36 - [MESSAGE][PASSED] - Delayed 4 second(s)

2018-12-07 01:45:36 - [TEST_STEP][PASSED] - click: Object: 'Object Repository/Final Object Repo/Page_Update Add New Employee - ASSIST/Confirm Submit Button' is clicked on

2018-12-07 01:45:37 - [MESSAGE][PASSED] - Object: 'Object Repository/Final Object Repo/Page_Update Add New Employee - ASSIST/Confirm Submit Button' is clicked on

2018-12-07 01:45:37 - [TEST_STEP][PASSED] - delay: Delayed 30 second(s)

2018-12-07 01:46:07 - [MESSAGE][PASSED] - Delayed 30 second(s)

2018-12-07 01:46:07 - [TEST_STEP][PASSED] - callTestCase: Call Test Case 'Test Cases/Final Aug 2018 - PKS Automation/Common/Screenshoting tool' successfully

2018-12-07 01:46:07 - [TEST_CASE][PASSED] - Test Cases/Final Aug 2018 - PKS Automation/Common/Screenshoting tool: Test Cases/Final Aug 2018 - PKS Automation/Common/Screenshoting tool

2018-12-07 01:46:07 - [TEST_STEP][PASSED] - delay: Delayed 15 second(s)

2018-12-07 01:46:22 - [MESSAGE][PASSED] - Delayed 15 second(s)

2018-12-07 01:46:22 - [TEST_STEP][PASSED] - Statement - driver = com.kms.katalon.core.webui.driver.DriverFactory.getWebDriver(): null

2018-12-07 01:46:22 - [TEST_STEP][PASSED] - Statement - driver.manage().timeouts().implicitlyWait(10, SECONDS): null

2018-12-07 01:46:22 - [TEST_STEP][PASSED] - Statement - PresavePath = KatalonScreenshots: null

2018-12-07 01:46:22 - [TEST_STEP][PASSED] - Statement - pathPrefix = "C:\Users\Public\Pictures\Sample Pictures\Katalon Screenshots\Automate Ending Screen": null

2018-12-07 01:46:22 - [TEST_STEP][PASSED] - Statement - finalPath = <not implemented yet for class: org.codehaus.groovy.ast.expr.EmptyExpression>: null

2018-12-07 01:46:22 - [TEST_STEP][PASSED] - Statement - scrFile = driver.getScreenshotAs(FILE): null

2018-12-07 01:46:22 - [TEST_STEP][PASSED] - Statement - PreSaveFile = new java.io.File(PresavePath): null

2018-12-07 01:46:22 - [TEST_STEP][PASSED] - Statement - counter = 0: null

2018-12-07 01:46:22 - [TEST_STEP][PASSED] - Statement - If (PreSaveFile.exists()): null

2018-12-07 01:46:22 - [TEST_STEP][PASSED] - Statement - While (PreSaveFile.exists()): null

2018-12-07 01:46:22 - [TEST_STEP][PASSED] - Statement - counter = counter + 1: null

2018-12-07 01:46:22 - [TEST_STEP][PASSED] - Statement - PreSaveFile = new java.io.File(((pathPrefix + java.lang.Integer.toString(counter)) + .png)): null

2018-12-07 01:46:22 - [TEST_STEP][PASSED] - Statement - counter = counter + 1: null

2018-12-07 01:46:22 - [TEST_STEP][PASSED] - Statement - PreSaveFile = new java.io.File(((pathPrefix + java.lang.Integer.toString(counter)) + .png)): null

2018-12-07 01:46:22 - [TEST_STEP][PASSED] - Statement - counter = counter + 1: null

2018-12-07 01:46:22 - [TEST_STEP][PASSED] - Statement - PreSaveFile = new java.io.File(((pathPrefix + java.lang.Integer.toString(counter)) + .png)): null

2018-12-07 01:46:22 - [TEST_STEP][PASSED] - Statement - counter = counter + 1: null

2018-12-07 01:46:22 - [TEST_STEP][PASSED] - Statement - PreSaveFile = new java.io.File(((pathPrefix + java.lang.Integer.toString(counter)) + .png)): null

2018-12-07 01:46:22 - [TEST_STEP][PASSED] - Statement - counter = counter + 1: null

2018-12-07 01:46:22 - [TEST_STEP][PASSED] - Statement - PreSaveFile = new java.io.File(((pathPrefix + java.lang.Integer.toString(counter)) + .png)): null

2018-12-07 01:46:22 - [TEST_STEP][PASSED] - Statement - counter = counter + 1: null

2018-12-07 01:46:22 - [TEST_STEP][PASSED] - Statement - PreSaveFile = new java.io.File(((pathPrefix + java.lang.Integer.toString(counter)) + .png)): null

2018-12-07 01:46:22 - [TEST_STEP][PASSED] - Statement - counter = counter + 1: null

2018-12-07 01:46:22 - [TEST_STEP][PASSED] - Statement - PreSaveFile = new java.io.File(((pathPrefix + java.lang.Integer.toString(counter)) + .png)): null

2018-12-07 01:46:22 - [TEST_STEP][PASSED] - Statement - counter = counter + 1: null

2018-12-07 01:46:22 - [TEST_STEP][PASSED] - Statement - PreSaveFile = new java.io.File(((pathPrefix + java.lang.Integer.toString(counter)) + .png)): null

2018-12-07 01:46:22 - [TEST_STEP][PASSED] - Statement - counter = counter + 1: null

2018-12-07 01:46:22 - [TEST_STEP][PASSED] - Statement - PreSaveFile = new java.io.File(((pathPrefix + java.lang.Integer.toString(counter)) + .png)): null

2018-12-07 01:46:22 - [TEST_STEP][PASSED] - Statement - counter = counter + 1: null

2018-12-07 01:46:22 - [TEST_STEP][PASSED] - Statement - PreSaveFile = new java.io.File(((pathPrefix + java.lang.Integer.toString(counter)) + .png)): null

2018-12-07 01:46:22 - [TEST_STEP][PASSED] - Statement - counter = counter + 1: null

2018-12-07 01:46:22 - [TEST_STEP][PASSED] - Statement - PreSaveFile = new java.io.File(((pathPrefix + java.lang.Integer.toString(counter)) + .png)): null

2018-12-07 01:46:22 - [TEST_STEP][PASSED] - Statement - counter = counter + 1: null

2018-12-07 01:46:22 - [TEST_STEP][PASSED] - Statement - PreSaveFile = new java.io.File(((pathPrefix + java.lang.Integer.toString(counter)) + .png)): null

2018-12-07 01:46:22 - [TEST_STEP][PASSED] - Statement - counter = counter + 1: null

2018-12-07 01:46:22 - [TEST_STEP][PASSED] - Statement - PreSaveFile = new java.io.File(((pathPrefix + java.lang.Integer.toString(counter)) + .png)): null

2018-12-07 01:46:22 - [TEST_STEP][PASSED] - Statement - counter = counter + 1: null

2018-12-07 01:46:22 - [TEST_STEP][PASSED] - Statement - PreSaveFile = new java.io.File(((pathPrefix + java.lang.Integer.toString(counter)) + .png)): null

2018-12-07 01:46:22 - [TEST_STEP][PASSED] - Statement - counter = counter + 1: null

2018-12-07 01:46:22 - [TEST_STEP][PASSED] - Statement - PreSaveFile = new java.io.File(((pathPrefix + java.lang.Integer.toString(counter)) + .png)): null

2018-12-07 01:46:22 - [TEST_STEP][PASSED] - Statement - counter = counter + 1: null

2018-12-07 01:46:22 - [TEST_STEP][PASSED] - Statement - PreSaveFile = new java.io.File(((pathPrefix + java.lang.Integer.toString(counter)) + .png)): null

2018-12-07 01:46:22 - [TEST_STEP][PASSED] - Statement - counter = counter + 1: null

2018-12-07 01:46:22 - [TEST_STEP][PASSED] - Statement - PreSaveFile = new java.io.File(((pathPrefix + java.lang.Integer.toString(counter)) + .png)): null

2018-12-07 01:46:22 - [TEST_STEP][PASSED] - Statement - counter = counter + 1: null

2018-12-07 01:46:22 - [TEST_STEP][PASSED] - Statement - PreSaveFile = new java.io.File(((pathPrefix + java.lang.Integer.toString(counter)) + .png)): null

2018-12-07 01:46:22 - [TEST_STEP][PASSED] - Statement - counter = counter + 1: null

2018-12-07 01:46:22 - [TEST_STEP][PASSED] - Statement - PreSaveFile = new java.io.File(((pathPrefix + java.lang.Integer.toString(counter)) + .png)): null

2018-12-07 01:46:22 - [TEST_STEP][PASSED] - Statement - counter = counter + 1: null

2018-12-07 01:46:22 - [TEST_STEP][PASSED] - Statement - PreSaveFile = new java.io.File(((pathPrefix + java.lang.Integer.toString(counter)) + .png)): null

2018-12-07 01:46:22 - [TEST_STEP][PASSED] - Statement - counter = counter + 1: null

2018-12-07 01:46:22 - [TEST_STEP][PASSED] - Statement - PreSaveFile = new java.io.File(((pathPrefix + java.lang.Integer.toString(counter)) + .png)): null

2018-12-07 01:46:22 - [TEST_STEP][PASSED] - Statement - counter = counter + 1: null

2018-12-07 01:46:22 - [TEST_STEP][PASSED] - Statement - PreSaveFile = new java.io.File(((pathPrefix + java.lang.Integer.toString(counter)) + .png)): null

2018-12-07 01:46:22 - [TEST_STEP][PASSED] - Statement - counter = counter + 1: null

2018-12-07 01:46:22 - [TEST_STEP][PASSED] - Statement - PreSaveFile = new java.io.File(((pathPrefix + java.lang.Integer.toString(counter)) + .png)): null

2018-12-07 01:46:22 - [TEST_STEP][PASSED] - Statement - counter = counter + 1: null

2018-12-07 01:46:22 - [TEST_STEP][PASSED] - Statement - PreSaveFile = new java.io.File(((pathPrefix + java.lang.Integer.toString(counter)) + .png)): null

2018-12-07 01:46:22 - [TEST_STEP][PASSED] - Statement - counter = counter + 1: null

2018-12-07 01:46:22 - [TEST_STEP][PASSED] - Statement - PreSaveFile = new java.io.File(((pathPrefix + java.lang.Integer.toString(counter)) + .png)): null

2018-12-07 01:46:22 - [TEST_STEP][PASSED] - Statement - counter = counter + 1: null

2018-12-07 01:46:22 - [TEST_STEP][PASSED] - Statement - PreSaveFile = new java.io.File(((pathPrefix + java.lang.Integer.toString(counter)) + .png)): null

2018-12-07 01:46:22 - [TEST_STEP][PASSED] - Statement - counter = counter + 1: null

2018-12-07 01:46:22 - [TEST_STEP][PASSED] - Statement - PreSaveFile = new java.io.File(((pathPrefix + java.lang.Integer.toString(counter)) + .png)): null

2018-12-07 01:46:22 - [TEST_STEP][PASSED] - Statement - counter = counter + 1: null

2018-12-07 01:46:22 - [TEST_STEP][PASSED] - Statement - PreSaveFile = new java.io.File(((pathPrefix + java.lang.Integer.toString(counter)) + .png)): null

2018-12-07 01:46:22 - [TEST_STEP][PASSED] - Statement - counter = counter + 1: null

2018-12-07 01:46:22 - [TEST_STEP][PASSED] - Statement - PreSaveFile = new java.io.File(((pathPrefix + java.lang.Integer.toString(counter)) + .png)): null

2018-12-07 01:46:22 - [TEST_STEP][PASSED] - Statement - counter = counter + 1: null

2018-12-07 01:46:22 - [TEST_STEP][PASSED] - Statement - PreSaveFile = new java.io.File(((pathPrefix + java.lang.Integer.toString(counter)) + .png)): null

2018-12-07 01:46:22 - [TEST_STEP][PASSED] - Statement - counter = counter + 1: null

2018-12-07 01:46:22 - [TEST_STEP][PASSED] - Statement - PreSaveFile = new java.io.File(((pathPrefix + java.lang.Integer.toString(counter)) + .png)): null

2018-12-07 01:46:22 - [TEST_STEP][PASSED] - Statement - counter = counter + 1: null

2018-12-07 01:46:22 - [TEST_STEP][PASSED] - Statement - PreSaveFile = new java.io.File(((pathPrefix + java.lang.Integer.toString(counter)) + .png)): null

2018-12-07 01:46:22 - [TEST_STEP][PASSED] - Statement - counter = counter + 1: null

2018-12-07 01:46:22 - [TEST_STEP][PASSED] - Statement - PreSaveFile = new java.io.File(((pathPrefix + java.lang.Integer.toString(counter)) + .png)): null

2018-12-07 01:46:22 - [TEST_STEP][PASSED] - Statement - counter = counter + 1: null

2018-12-07 01:46:22 - [TEST_STEP][PASSED] - Statement - PreSaveFile = new java.io.File(((pathPrefix + java.lang.Integer.toString(counter)) + .png)): null

2018-12-07 01:46:22 - [TEST_STEP][PASSED] - Statement - counter = counter + 1: null

2018-12-07 01:46:22 - [TEST_STEP][PASSED] - Statement - PreSaveFile = new java.io.File(((pathPrefix + java.lang.Integer.toString(counter)) + .png)): null

2018-12-07 01:46:22 - [TEST_STEP][PASSED] - Statement - counter = counter + 1: null

2018-12-07 01:46:22 - [TEST_STEP][PASSED] - Statement - PreSaveFile = new java.io.File(((pathPrefix + java.lang.Integer.toString(counter)) + .png)): null

2018-12-07 01:46:22 - [TEST_STEP][PASSED] - Statement - counter = counter + 1: null

2018-12-07 01:46:22 - [TEST_STEP][PASSED] - Statement - PreSaveFile = new java.io.File(((pathPrefix + java.lang.Integer.toString(counter)) + .png)): null

2018-12-07 01:46:22 - [TEST_STEP][PASSED] - Statement - counter = counter + 1: null

2018-12-07 01:46:22 - [TEST_STEP][PASSED] - Statement - PreSaveFile = new java.io.File(((pathPrefix + java.lang.Integer.toString(counter)) + .png)): null

2018-12-07 01:46:22 - [TEST_STEP][PASSED] - Statement - counter = counter + 1: null

2018-12-07 01:46:22 - [TEST_STEP][PASSED] - Statement - PreSaveFile = new java.io.File(((pathPrefix + java.lang.Integer.toString(counter)) + .png)): null

2018-12-07 01:46:22 - [TEST_STEP][PASSED] - Statement - counter = counter + 1: null

2018-12-07 01:46:22 - [TEST_STEP][PASSED] - Statement - PreSaveFile = new java.io.File(((pathPrefix + java.lang.Integer.toString(counter)) + .png)): null

2018-12-07 01:46:22 - [TEST_STEP][PASSED] - Statement - counter = counter + 1: null

2018-12-07 01:46:22 - [TEST_STEP][PASSED] - Statement - PreSaveFile = new java.io.File(((pathPrefix + java.lang.Integer.toString(counter)) + .png)): null

2018-12-07 01:46:22 - [TEST_STEP][PASSED] - Statement - counter = counter + 1: null

2018-12-07 01:46:22 - [TEST_STEP][PASSED] - Statement - PreSaveFile = new java.io.File(((pathPrefix + java.lang.Integer.toString(counter)) + .png)): null

2018-12-07 01:46:22 - [TEST_STEP][PASSED] - Statement - counter = counter + 1: null

2018-12-07 01:46:22 - [TEST_STEP][PASSED] - Statement - PreSaveFile = new java.io.File(((pathPrefix + java.lang.Integer.toString(counter)) + .png)): null

2018-12-07 01:46:22 - [TEST_STEP][PASSED] - Statement - counter = counter + 1: null

2018-12-07 01:46:22 - [TEST_STEP][PASSED] - Statement - PreSaveFile = new java.io.File(((pathPrefix + java.lang.Integer.toString(counter)) + .png)): null

2018-12-07 01:46:22 - [TEST_STEP][PASSED] - Statement - counter = counter + 1: null

2018-12-07 01:46:22 - [TEST_STEP][PASSED] - Statement - PreSaveFile = new java.io.File(((pathPrefix + java.lang.Integer.toString(counter)) + .png)): null

2018-12-07 01:46:22 - [TEST_STEP][PASSED] - Statement - counter = counter + 1: null

2018-12-07 01:46:22 - [TEST_STEP][PASSED] - Statement - PreSaveFile = new java.io.File(((pathPrefix + java.lang.Integer.toString(counter)) + .png)): null

2018-12-07 01:46:22 - [TEST_STEP][PASSED] - Statement - counter = counter + 1: null

2018-12-07 01:46:22 - [TEST_STEP][PASSED] - Statement - PreSaveFile = new java.io.File(((pathPrefix + java.lang.Integer.toString(counter)) + .png)): null

2018-12-07 01:46:22 - [TEST_STEP][PASSED] - Statement - counter = counter + 1: null

2018-12-07 01:46:22 - [TEST_STEP][PASSED] - Statement - PreSaveFile = new java.io.File(((pathPrefix + java.lang.Integer.toString(counter)) + .png)): null

2018-12-07 01:46:22 - [TEST_STEP][PASSED] - Statement - counter = counter + 1: null

2018-12-07 01:46:22 - [TEST_STEP][PASSED] - Statement - PreSaveFile = new java.io.File(((pathPrefix + java.lang.Integer.toString(counter)) + .png)): null

2018-12-07 01:46:22 - [TEST_STEP][PASSED] - Statement - counter = counter + 1: null

2018-12-07 01:46:22 - [TEST_STEP][PASSED] - Statement - PreSaveFile = new java.io.File(((pathPrefix + java.lang.Integer.toString(counter)) + .png)): null

2018-12-07 01:46:22 - [TEST_STEP][PASSED] - Statement - counter = counter + 1: null

2018-12-07 01:46:22 - [TEST_STEP][PASSED] - Statement - PreSaveFile = new java.io.File(((pathPrefix + java.lang.Integer.toString(counter)) + .png)): null

2018-12-07 01:46:22 - [TEST_STEP][PASSED] - Statement - counter = counter + 1: null

2018-12-07 01:46:22 - [TEST_STEP][PASSED] - Statement - PreSaveFile = new java.io.File(((pathPrefix + java.lang.Integer.toString(counter)) + .png)): null

2018-12-07 01:46:22 - [TEST_STEP][PASSED] - Statement - counter = counter + 1: null

2018-12-07 01:46:22 - [TEST_STEP][PASSED] - Statement - PreSaveFile = new java.io.File(((pathPrefix + java.lang.Integer.toString(counter)) + .png)): null

2018-12-07 01:46:22 - [TEST_STEP][PASSED] - Statement - counter = counter + 1: null

2018-12-07 01:46:22 - [TEST_STEP][PASSED] - Statement - PreSaveFile = new java.io.File(((pathPrefix + java.lang.Integer.toString(counter)) + .png)): null

2018-12-07 01:46:22 - [TEST_STEP][PASSED] - Statement - counter = counter + 1: null

2018-12-07 01:46:22 - [TEST_STEP][PASSED] - Statement - PreSaveFile = new java.io.File(((pathPrefix + java.lang.Integer.toString(counter)) + .png)): null

2018-12-07 01:46:22 - [TEST_STEP][PASSED] - Statement - counter = counter + 1: null

2018-12-07 01:46:22 - [TEST_STEP][PASSED] - Statement - PreSaveFile = new java.io.File(((pathPrefix + java.lang.Integer.toString(counter)) + .png)): null

2018-12-07 01:46:22 - [TEST_STEP][PASSED] - Statement - counter = counter + 1: null

2018-12-07 01:46:22 - [TEST_STEP][PASSED] - Statement - PreSaveFile = new java.io.File(((pathPrefix + java.lang.Integer.toString(counter)) + .png)): null

2018-12-07 01:46:22 - [TEST_STEP][PASSED] - Statement - counter = counter + 1: null

2018-12-07 01:46:22 - [TEST_STEP][PASSED] - Statement - PreSaveFile = new java.io.File(((pathPrefix + java.lang.Integer.toString(counter)) + .png)): null

2018-12-07 01:46:22 - [TEST_STEP][PASSED] - Statement - counter = counter + 1: null

2018-12-07 01:46:22 - [TEST_STEP][PASSED] - Statement - PreSaveFile = new java.io.File(((pathPrefix + java.lang.Integer.toString(counter)) + .png)): null

2018-12-07 01:46:22 - [TEST_STEP][PASSED] - Statement - counter = counter + 1: null

2018-12-07 01:46:22 - [TEST_STEP][PASSED] - Statement - PreSaveFile = new java.io.File(((pathPrefix + java.lang.Integer.toString(counter)) + .png)): null

2018-12-07 01:46:22 - [TEST_STEP][PASSED] - Statement - counter = counter + 1: null

2018-12-07 01:46:22 - [TEST_STEP][PASSED] - Statement - PreSaveFile = new java.io.File(((pathPrefix + java.lang.Integer.toString(counter)) + .png)): null

2018-12-07 01:46:22 - [TEST_STEP][PASSED] - Statement - counter = counter + 1: null

2018-12-07 01:46:22 - [TEST_STEP][PASSED] - Statement - PreSaveFile = new java.io.File(((pathPrefix + java.lang.Integer.toString(counter)) + .png)): null

2018-12-07 01:46:22 - [TEST_STEP][PASSED] - Statement - counter = counter + 1: null

2018-12-07 01:46:22 - [TEST_STEP][PASSED] - Statement - PreSaveFile = new java.io.File(((pathPrefix + java.lang.Integer.toString(counter)) + .png)): null

2018-12-07 01:46:22 - [TEST_STEP][PASSED] - Statement - counter = counter + 1: null

2018-12-07 01:46:22 - [TEST_STEP][PASSED] - Statement - PreSaveFile = new java.io.File(((pathPrefix + java.lang.Integer.toString(counter)) + .png)): null

2018-12-07 01:46:22 - [TEST_STEP][PASSED] - Statement - counter = counter + 1: null

2018-12-07 01:46:22 - [TEST_STEP][PASSED] - Statement - PreSaveFile = new java.io.File(((pathPrefix + java.lang.Integer.toString(counter)) + .png)): null

2018-12-07 01:46:22 - [TEST_STEP][PASSED] - Statement - counter = counter + 1: null

2018-12-07 01:46:22 - [TEST_STEP][PASSED] - Statement - PreSaveFile = new java.io.File(((pathPrefix + java.lang.Integer.toString(counter)) + .png)): null

2018-12-07 01:46:22 - [TEST_STEP][PASSED] - Statement - counter = counter + 1: null

2018-12-07 01:46:22 - [TEST_STEP][PASSED] - Statement - PreSaveFile = new java.io.File(((pathPrefix + java.lang.Integer.toString(counter)) + .png)): null

2018-12-07 01:46:22 - [TEST_STEP][PASSED] - Statement - counter = counter + 1: null

2018-12-07 01:46:22 - [TEST_STEP][PASSED] - Statement - PreSaveFile = new java.io.File(((pathPrefix + java.lang.Integer.toString(counter)) + .png)): null

2018-12-07 01:46:22 - [TEST_STEP][PASSED] - Statement - counter = counter + 1: null

2018-12-07 01:46:22 - [TEST_STEP][PASSED] - Statement - PreSaveFile = new java.io.File(((pathPrefix + java.lang.Integer.toString(counter)) + .png)): null

2018-12-07 01:46:22 - [TEST_STEP][PASSED] - Statement - counter = counter + 1: null

2018-12-07 01:46:22 - [TEST_STEP][PASSED] - Statement - PreSaveFile = new java.io.File(((pathPrefix + java.lang.Integer.toString(counter)) + .png)): null

2018-12-07 01:46:22 - [TEST_STEP][PASSED] - Statement - counter = counter + 1: null

2018-12-07 01:46:22 - [TEST_STEP][PASSED] - Statement - PreSaveFile = new java.io.File(((pathPrefix + java.lang.Integer.toString(counter)) + .png)): null

2018-12-07 01:46:22 - [TEST_STEP][PASSED] - Statement - counter = counter + 1: null

2018-12-07 01:46:22 - [TEST_STEP][PASSED] - Statement - PreSaveFile = new java.io.File(((pathPrefix + java.lang.Integer.toString(counter)) + .png)): null

2018-12-07 01:46:22 - [TEST_STEP][PASSED] - Statement - counter = counter + 1: null

2018-12-07 01:46:22 - [TEST_STEP][PASSED] - Statement - PreSaveFile = new java.io.File(((pathPrefix + java.lang.Integer.toString(counter)) + .png)): null

2018-12-07 01:46:22 - [TEST_STEP][PASSED] - Statement - counter = counter + 1: null

2018-12-07 01:46:22 - [TEST_STEP][PASSED] - Statement - PreSaveFile = new java.io.File(((pathPrefix + java.lang.Integer.toString(counter)) + .png)): null

2018-12-07 01:46:22 - [TEST_STEP][PASSED] - Statement - counter = counter + 1: null

2018-12-07 01:46:22 - [TEST_STEP][PASSED] - Statement - PreSaveFile = new java.io.File(((pathPrefix + java.lang.Integer.toString(counter)) + .png)): null

2018-12-07 01:46:22 - [TEST_STEP][PASSED] - Statement - counter = counter + 1: null

2018-12-07 01:46:22 - [TEST_STEP][PASSED] - Statement - PreSaveFile = new java.io.File(((pathPrefix + java.lang.Integer.toString(counter)) + .png)): null

2018-12-07 01:46:22 - [TEST_STEP][PASSED] - Statement - counter = counter + 1: null

2018-12-07 01:46:22 - [TEST_STEP][PASSED] - Statement - PreSaveFile = new java.io.File(((pathPrefix + java.lang.Integer.toString(counter)) + .png)): null

2018-12-07 01:46:22 - [TEST_STEP][PASSED] - Statement - counter = counter + 1: null

2018-12-07 01:46:22 - [TEST_STEP][PASSED] - Statement - PreSaveFile = new java.io.File(((pathPrefix + java.lang.Integer.toString(counter)) + .png)): null

2018-12-07 01:46:22 - [TEST_STEP][PASSED] - Statement - counter = counter + 1: null

2018-12-07 01:46:22 - [TEST_STEP][PASSED] - Statement - PreSaveFile = new java.io.File(((pathPrefix + java.lang.Integer.toString(counter)) + .png)): null

2018-12-07 01:46:22 - [TEST_STEP][PASSED] - Statement - counter = counter + 1: null

2018-12-07 01:46:22 - [TEST_STEP][PASSED] - Statement - PreSaveFile = new java.io.File(((pathPrefix + java.lang.Integer.toString(counter)) + .png)): null

2018-12-07 01:46:22 - [TEST_STEP][PASSED] - Statement - counter = counter + 1: null

2018-12-07 01:46:22 - [TEST_STEP][PASSED] - Statement - PreSaveFile = new java.io.File(((pathPrefix + java.lang.Integer.toString(counter)) + .png)): null

2018-12-07 01:46:22 - [TEST_STEP][PASSED] - Statement - counter = counter + 1: null

2018-12-07 01:46:22 - [TEST_STEP][PASSED] - Statement - PreSaveFile = new java.io.File(((pathPrefix + java.lang.Integer.toString(counter)) + .png)): null

2018-12-07 01:46:22 - [TEST_STEP][PASSED] - Statement - counter = counter + 1: null

2018-12-07 01:46:22 - [TEST_STEP][PASSED] - Statement - PreSaveFile = new java.io.File(((pathPrefix + java.lang.Integer.toString(counter)) + .png)): null

2018-12-07 01:46:22 - [TEST_STEP][PASSED] - Statement - counter = counter + 1: null

2018-12-07 01:46:22 - [TEST_STEP][PASSED] - Statement - PreSaveFile = new java.io.File(((pathPrefix + java.lang.Integer.toString(counter)) + .png)): null

2018-12-07 01:46:22 - [TEST_STEP][PASSED] - Statement - counter = counter + 1: null

2018-12-07 01:46:22 - [TEST_STEP][PASSED] - Statement - PreSaveFile = new java.io.File(((pathPrefix + java.lang.Integer.toString(counter)) + .png)): null

2018-12-07 01:46:22 - [TEST_STEP][PASSED] - Statement - counter = counter + 1: null

2018-12-07 01:46:22 - [TEST_STEP][PASSED] - Statement - PreSaveFile = new java.io.File(((pathPrefix + java.lang.Integer.toString(counter)) + .png)): null

2018-12-07 01:46:22 - [TEST_STEP][PASSED] - Statement - counter = counter + 1: null

2018-12-07 01:46:22 - [TEST_STEP][PASSED] - Statement - PreSaveFile = new java.io.File(((pathPrefix + java.lang.Integer.toString(counter)) + .png)): null

2018-12-07 01:46:22 - [TEST_STEP][PASSED] - Statement - counter = counter + 1: null

2018-12-07 01:46:22 - [TEST_STEP][PASSED] - Statement - PreSaveFile = new java.io.File(((pathPrefix + java.lang.Integer.toString(counter)) + .png)): null

2018-12-07 01:46:22 - [TEST_STEP][PASSED] - Statement - counter = counter + 1: null

2018-12-07 01:46:22 - [TEST_STEP][PASSED] - Statement - PreSaveFile = new java.io.File(((pathPrefix + java.lang.Integer.toString(counter)) + .png)): null

2018-12-07 01:46:22 - [TEST_STEP][PASSED] - Statement - counter = counter + 1: null

2018-12-07 01:46:22 - [TEST_STEP][PASSED] - Statement - PreSaveFile = new java.io.File(((pathPrefix + java.lang.Integer.toString(counter)) + .png)): null

2018-12-07 01:46:22 - [TEST_STEP][PASSED] - Statement - counter = counter + 1: null

2018-12-07 01:46:22 - [TEST_STEP][PASSED] - Statement - PreSaveFile = new java.io.File(((pathPrefix + java.lang.Integer.toString(counter)) + .png)): null

2018-12-07 01:46:22 - [TEST_STEP][PASSED] - Statement - finalPath = pathPrefix + java.lang.Integer.toString(counter) + ".png": null

2018-12-07 01:46:22 - [TEST_STEP][PASSED] - Statement - SaveFile = new java.io.File(finalPath): null

2018-12-07 01:46:22 - [TEST_STEP][PASSED] - Statement - Try: null

2018-12-07 01:46:22 - [TEST_STEP][PASSED] - Statement - org.apache.commons.io.FileUtils.copyFile(scrFile, SaveFile): null

2018-12-07 01:46:22 - [TEST_STEP][PASSED] - Statement - out.println("file kept"): null

2018-12-07 01:46:22 - [TEST_STEP][PASSED] - delay: Delayed 10 second(s)

2018-12-07 01:46:32 - [MESSAGE][PASSED] - Delayed 10 second(s)

2018-12-07 01:46:32 - [MESSAGE][PASSED] - Call Test Case 'Test Cases/Final Aug 2018 - PKS Automation/Common/Screenshoting tool' successfully]]></system-out>
         <system-err><![CDATA[2018-12-07 01:31:33 - [TEST_CASE][FAILED] - Test Cases/Final Aug 2018 - PKS Automation/Registration Module/Workflow/Update Add New Employee/Special Case (PKR BO - RO Under Enforcement): Test Cases/Final Aug 2018 - PKS Automation/Registration Module/Workflow/Update Add New Employee/Special Case (PKR BO - RO Under Enforcement) FAILED because (of) (Stack trace: com.kms.katalon.core.exception.StepFailedException: Unable to set text 'CAN12201800002277' of object 'Object Repository/Final Object Repo/New Registration - Registration Module Pages/New Reg - OTC to RO/Special Case - All Related Objects/TextBox RefNo in Workbasket' (Root cause: org.openqa.selenium.ElementNotVisibleException: element not interactable
  (Session info: chrome=70.0.3538.110)
  (Driver info: chromedriver=2.43.600210 (68dcf5eebde37173d4027fa8635e332711d2874a),platform=Windows NT 6.1.7601 SP1 x86_64) (WARNING: The server did not provide any stacktrace information)
Command duration or timeout: 0 milliseconds
Build info: version: '3.7.1', revision: '8a0099a', time: '2017-11-06T21:07:36.161Z'
System info: host: 'WIN7TEST02', ip: '10.20.3.72', os.name: 'Windows 7', os.arch: 'amd64', os.version: '6.1', java.version: '1.8.0_181'
Driver info: com.kms.katalon.selenium.driver.CChromeDriver
Capabilities {acceptInsecureCerts: false, acceptSslCerts: false, applicationCacheEnabled: false, browserConnectionEnabled: false, browserName: chrome, chrome: {chromedriverVersion: 2.43.600210 (68dcf5eebde371..., userDataDir: C:\Users\Admin\AppData\Loca...}, cssSelectorsEnabled: true, databaseEnabled: false, goog:chromeOptions: {debuggerAddress: localhost:63844}, handlesAlerts: true, hasTouchScreen: false, javascriptEnabled: true, locationContextEnabled: true, mobileEmulationEnabled: false, nativeEvents: true, networkConnectionEnabled: false, pageLoadStrategy: normal, platform: XP, platformName: XP, rotatable: false, setWindowRect: true, takesHeapSnapshot: true, takesScreenshot: true, unexpectedAlertBehaviour: , unhandledPromptBehavior: , version: 70.0.3538.110, webStorageEnabled: true}
Session ID: 58e726149567cb2c3b0af0fbbc997604)
	at com.kms.katalon.core.keyword.internal.KeywordMain.stepFailed(KeywordMain.groovy:32)
	at com.kms.katalon.core.webui.keyword.internal.WebUIKeywordMain.stepFailed(WebUIKeywordMain.groovy:65)
	at com.kms.katalon.core.webui.keyword.internal.WebUIKeywordMain.runKeyword(WebUIKeywordMain.groovy:27)
	at com.kms.katalon.core.webui.keyword.builtin.SetTextKeyword.setText(SetTextKeyword.groovy:65)
	at com.kms.katalon.core.webui.keyword.builtin.SetTextKeyword.execute(SetTextKeyword.groovy:37)
	at com.kms.katalon.core.keyword.internal.KeywordExecutor.executeKeywordForPlatform(KeywordExecutor.groovy:53)
	at com.kms.katalon.core.webui.keyword.WebUiBuiltInKeywords.setText(WebUiBuiltInKeywords.groovy:950)
	at com.kms.katalon.core.webui.keyword.WebUiBuiltInKeywords$setText$1.call(Unknown Source)
	at org.codehaus.groovy.runtime.callsite.CallSiteArray.defaultCall(CallSiteArray.java:48)
	at org.codehaus.groovy.runtime.callsite.AbstractCallSite.call(AbstractCallSite.java:113)
	at org.codehaus.groovy.runtime.callsite.AbstractCallSite.call(AbstractCallSite.java:133)
	at Script1536116240292.run(Script1536116240292.groovy:165)
	at com.kms.katalon.core.main.ScriptEngine.run(ScriptEngine.java:183)
	at com.kms.katalon.core.main.ScriptEngine.runScriptAsRawText(ScriptEngine.java:108)
	at com.kms.katalon.core.main.TestCaseExecutor.runScript(TestCaseExecutor.java:294)
	at com.kms.katalon.core.main.TestCaseExecutor.doExecute(TestCaseExecutor.java:285)
	at com.kms.katalon.core.main.TestCaseExecutor.processExecutionPhase(TestCaseExecutor.java:264)
	at com.kms.katalon.core.main.TestCaseExecutor.accessMainPhase(TestCaseExecutor.java:256)
	at com.kms.katalon.core.main.TestCaseExecutor.execute(TestCaseExecutor.java:200)
	at com.kms.katalon.core.main.TestSuiteExecutor.accessTestCaseMainPhase(TestSuiteExecutor.java:129)
	at com.kms.katalon.core.main.TestSuiteExecutor.accessTestSuiteMainPhase(TestSuiteExecutor.java:112)
	at com.kms.katalon.core.main.TestSuiteExecutor.execute(TestSuiteExecutor.java:81)
	at com.kms.katalon.core.main.TestCaseMain.startTestSuite(TestCaseMain.java:142)
	at com.kms.katalon.core.main.TestCaseMain$startTestSuite$0.call(Unknown Source)
	at org.codehaus.groovy.runtime.callsite.CallSiteArray.defaultCall(CallSiteArray.java:48)
	at org.codehaus.groovy.runtime.callsite.AbstractCallSite.call(AbstractCallSite.java:113)
	at org.codehaus.groovy.runtime.callsite.AbstractCallSite.call(AbstractCallSite.java:141)
	at TempTestSuite1544087655094.run(TempTestSuite1544087655094.groovy:36)
	at groovy.lang.GroovyShell.runScriptOrMainOrTestOrRunnable(GroovyShell.java:263)
	at groovy.lang.GroovyShell.run(GroovyShell.java:518)
	at groovy.lang.GroovyShell.run(GroovyShell.java:507)
	at groovy.ui.GroovyMain.processOnce(GroovyMain.java:653)
	at groovy.ui.GroovyMain.run(GroovyMain.java:384)
	at groovy.ui.GroovyMain.process(GroovyMain.java:370)
	at groovy.ui.GroovyMain.processArgs(GroovyMain.java:129)
	at groovy.ui.GroovyMain.main(GroovyMain.java:109)
	at sun.reflect.NativeMethodAccessorImpl.invoke0(Native Method)
	at sun.reflect.NativeMethodAccessorImpl.invoke(NativeMethodAccessorImpl.java:62)
	at sun.reflect.DelegatingMethodAccessorImpl.invoke(DelegatingMethodAccessorImpl.java:43)
	at java.lang.reflect.Method.invoke(Method.java:498)
	at org.codehaus.groovy.tools.GroovyStarter.rootLoader(GroovyStarter.java:109)
	at org.codehaus.groovy.tools.GroovyStarter.main(GroovyStarter.java:131)
)]]></system-err>
      </testcase>
      <system-out><![CDATA[2018-12-06 22:36:37 - [TEST_SUITE][FAILED] - Update Add New Employee: Test Cases/Final Aug 2018 - PKS Automation/Registration Module/Workflow/Update Add New Employee/Add Employee and Set Incomplete ( OTC - PKRBO) FAILED because (of) (Stack trace: com.kms.katalon.core.exception.StepFailedException: Unable to set text 'CAN12201800002265' of object 'Object Repository/Final Object Repo/New Registration - Registration Module Pages/New Reg - OTC to RO/Special Case - All Related Objects/TextBox RefNo in Workbasket' (Root cause: org.openqa.selenium.ElementNotVisibleException: element not interactable
  (Session info: chrome=70.0.3538.110)
  (Driver info: chromedriver=2.43.600210 (68dcf5eebde37173d4027fa8635e332711d2874a),platform=Windows NT 6.1.7601 SP1 x86_64) (WARNING: The server did not provide any stacktrace information)
Command duration or timeout: 0 milliseconds
Build info: version: '3.7.1', revision: '8a0099a', time: '2017-11-06T21:07:36.161Z'
System info: host: 'WIN7TEST02', ip: '10.20.3.72', os.name: 'Windows 7', os.arch: 'amd64', os.version: '6.1', java.version: '1.8.0_181'
Driver info: com.kms.katalon.selenium.driver.CChromeDriver
Capabilities {acceptInsecureCerts: false, acceptSslCerts: false, applicationCacheEnabled: false, browserConnectionEnabled: false, browserName: chrome, chrome: {chromedriverVersion: 2.43.600210 (68dcf5eebde371..., userDataDir: C:\Users\Admin\AppData\Loca...}, cssSelectorsEnabled: true, databaseEnabled: false, goog:chromeOptions: {debuggerAddress: localhost:61463}, handlesAlerts: true, hasTouchScreen: false, javascriptEnabled: true, locationContextEnabled: true, mobileEmulationEnabled: false, nativeEvents: true, networkConnectionEnabled: false, pageLoadStrategy: normal, platform: XP, platformName: XP, rotatable: false, setWindowRect: true, takesHeapSnapshot: true, takesScreenshot: true, unexpectedAlertBehaviour: , unhandledPromptBehavior: , version: 70.0.3538.110, webStorageEnabled: true}
Session ID: 8fdb98bcd889cc9575350c667fe77ab9)
	at com.kms.katalon.core.keyword.internal.KeywordMain.stepFailed(KeywordMain.groovy:32)
	at com.kms.katalon.core.webui.keyword.internal.WebUIKeywordMain.stepFailed(WebUIKeywordMain.groovy:65)
	at com.kms.katalon.core.webui.keyword.internal.WebUIKeywordMain.runKeyword(WebUIKeywordMain.groovy:27)
	at com.kms.katalon.core.webui.keyword.builtin.SetTextKeyword.setText(SetTextKeyword.groovy:65)
	at com.kms.katalon.core.webui.keyword.builtin.SetTextKeyword.execute(SetTextKeyword.groovy:37)
	at com.kms.katalon.core.keyword.internal.KeywordExecutor.executeKeywordForPlatform(KeywordExecutor.groovy:53)
	at com.kms.katalon.core.webui.keyword.WebUiBuiltInKeywords.setText(WebUiBuiltInKeywords.groovy:950)
	at com.kms.katalon.core.webui.keyword.WebUiBuiltInKeywords$setText$1.call(Unknown Source)
	at org.codehaus.groovy.runtime.callsite.CallSiteArray.defaultCall(CallSiteArray.java:48)
	at org.codehaus.groovy.runtime.callsite.AbstractCallSite.call(AbstractCallSite.java:113)
	at org.codehaus.groovy.runtime.callsite.AbstractCallSite.call(AbstractCallSite.java:133)
	at Script1535947244917.run(Script1535947244917.groovy:159)
	at com.kms.katalon.core.main.ScriptEngine.run(ScriptEngine.java:183)
	at com.kms.katalon.core.main.ScriptEngine.runScriptAsRawText(ScriptEngine.java:108)
	at com.kms.katalon.core.main.TestCaseExecutor.runScript(TestCaseExecutor.java:294)
	at com.kms.katalon.core.main.TestCaseExecutor.doExecute(TestCaseExecutor.java:285)
	at com.kms.katalon.core.main.TestCaseExecutor.processExecutionPhase(TestCaseExecutor.java:264)
	at com.kms.katalon.core.main.TestCaseExecutor.accessMainPhase(TestCaseExecutor.java:256)
	at com.kms.katalon.core.main.TestCaseExecutor.execute(TestCaseExecutor.java:200)
	at com.kms.katalon.core.main.TestSuiteExecutor.accessTestCaseMainPhase(TestSuiteExecutor.java:129)
	at com.kms.katalon.core.main.TestSuiteExecutor.accessTestSuiteMainPhase(TestSuiteExecutor.java:112)
	at com.kms.katalon.core.main.TestSuiteExecutor.execute(TestSuiteExecutor.java:81)
	at com.kms.katalon.core.main.TestCaseMain.startTestSuite(TestCaseMain.java:142)
	at com.kms.katalon.core.main.TestCaseMain$startTestSuite$0.call(Unknown Source)
	at org.codehaus.groovy.runtime.callsite.CallSiteArray.defaultCall(CallSiteArray.java:48)
	at org.codehaus.groovy.runtime.callsite.AbstractCallSite.call(AbstractCallSite.java:113)
	at org.codehaus.groovy.runtime.callsite.AbstractCallSite.call(AbstractCallSite.java:141)
	at TempTestSuite1544087655094.run(TempTestSuite1544087655094.groovy:36)
	at groovy.lang.GroovyShell.runScriptOrMainOrTestOrRunnable(GroovyShell.java:263)
	at groovy.lang.GroovyShell.run(GroovyShell.java:518)
	at groovy.lang.GroovyShell.run(GroovyShell.java:507)
	at groovy.ui.GroovyMain.processOnce(GroovyMain.java:653)
	at groovy.ui.GroovyMain.run(GroovyMain.java:384)
	at groovy.ui.GroovyMain.process(GroovyMain.java:370)
	at groovy.ui.GroovyMain.processArgs(GroovyMain.java:129)
	at groovy.ui.GroovyMain.main(GroovyMain.java:109)
	at sun.reflect.NativeMethodAccessorImpl.invoke0(Native Method)
	at sun.reflect.NativeMethodAccessorImpl.invoke(NativeMethodAccessorImpl.java:62)
	at sun.reflect.DelegatingMethodAccessorImpl.invoke(DelegatingMethodAccessorImpl.java:43)
	at java.lang.reflect.Method.invoke(Method.java:498)
	at org.codehaus.groovy.tools.GroovyStarter.rootLoader(GroovyStarter.java:109)
	at org.codehaus.groovy.tools.GroovyStarter.main(GroovyStarter.java:131)
)]]></system-out>
      <system-err><![CDATA[2018-12-06 22:36:37 - [TEST_SUITE][FAILED] - Update Add New Employee: Test Cases/Final Aug 2018 - PKS Automation/Registration Module/Workflow/Update Add New Employee/Add Employee and Set Incomplete ( OTC - PKRBO) FAILED because (of) (Stack trace: com.kms.katalon.core.exception.StepFailedException: Unable to set text 'CAN12201800002265' of object 'Object Repository/Final Object Repo/New Registration - Registration Module Pages/New Reg - OTC to RO/Special Case - All Related Objects/TextBox RefNo in Workbasket' (Root cause: org.openqa.selenium.ElementNotVisibleException: element not interactable
  (Session info: chrome=70.0.3538.110)
  (Driver info: chromedriver=2.43.600210 (68dcf5eebde37173d4027fa8635e332711d2874a),platform=Windows NT 6.1.7601 SP1 x86_64) (WARNING: The server did not provide any stacktrace information)
Command duration or timeout: 0 milliseconds
Build info: version: '3.7.1', revision: '8a0099a', time: '2017-11-06T21:07:36.161Z'
System info: host: 'WIN7TEST02', ip: '10.20.3.72', os.name: 'Windows 7', os.arch: 'amd64', os.version: '6.1', java.version: '1.8.0_181'
Driver info: com.kms.katalon.selenium.driver.CChromeDriver
Capabilities {acceptInsecureCerts: false, acceptSslCerts: false, applicationCacheEnabled: false, browserConnectionEnabled: false, browserName: chrome, chrome: {chromedriverVersion: 2.43.600210 (68dcf5eebde371..., userDataDir: C:\Users\Admin\AppData\Loca...}, cssSelectorsEnabled: true, databaseEnabled: false, goog:chromeOptions: {debuggerAddress: localhost:61463}, handlesAlerts: true, hasTouchScreen: false, javascriptEnabled: true, locationContextEnabled: true, mobileEmulationEnabled: false, nativeEvents: true, networkConnectionEnabled: false, pageLoadStrategy: normal, platform: XP, platformName: XP, rotatable: false, setWindowRect: true, takesHeapSnapshot: true, takesScreenshot: true, unexpectedAlertBehaviour: , unhandledPromptBehavior: , version: 70.0.3538.110, webStorageEnabled: true}
Session ID: 8fdb98bcd889cc9575350c667fe77ab9)
	at com.kms.katalon.core.keyword.internal.KeywordMain.stepFailed(KeywordMain.groovy:32)
	at com.kms.katalon.core.webui.keyword.internal.WebUIKeywordMain.stepFailed(WebUIKeywordMain.groovy:65)
	at com.kms.katalon.core.webui.keyword.internal.WebUIKeywordMain.runKeyword(WebUIKeywordMain.groovy:27)
	at com.kms.katalon.core.webui.keyword.builtin.SetTextKeyword.setText(SetTextKeyword.groovy:65)
	at com.kms.katalon.core.webui.keyword.builtin.SetTextKeyword.execute(SetTextKeyword.groovy:37)
	at com.kms.katalon.core.keyword.internal.KeywordExecutor.executeKeywordForPlatform(KeywordExecutor.groovy:53)
	at com.kms.katalon.core.webui.keyword.WebUiBuiltInKeywords.setText(WebUiBuiltInKeywords.groovy:950)
	at com.kms.katalon.core.webui.keyword.WebUiBuiltInKeywords$setText$1.call(Unknown Source)
	at org.codehaus.groovy.runtime.callsite.CallSiteArray.defaultCall(CallSiteArray.java:48)
	at org.codehaus.groovy.runtime.callsite.AbstractCallSite.call(AbstractCallSite.java:113)
	at org.codehaus.groovy.runtime.callsite.AbstractCallSite.call(AbstractCallSite.java:133)
	at Script1535947244917.run(Script1535947244917.groovy:159)
	at com.kms.katalon.core.main.ScriptEngine.run(ScriptEngine.java:183)
	at com.kms.katalon.core.main.ScriptEngine.runScriptAsRawText(ScriptEngine.java:108)
	at com.kms.katalon.core.main.TestCaseExecutor.runScript(TestCaseExecutor.java:294)
	at com.kms.katalon.core.main.TestCaseExecutor.doExecute(TestCaseExecutor.java:285)
	at com.kms.katalon.core.main.TestCaseExecutor.processExecutionPhase(TestCaseExecutor.java:264)
	at com.kms.katalon.core.main.TestCaseExecutor.accessMainPhase(TestCaseExecutor.java:256)
	at com.kms.katalon.core.main.TestCaseExecutor.execute(TestCaseExecutor.java:200)
	at com.kms.katalon.core.main.TestSuiteExecutor.accessTestCaseMainPhase(TestSuiteExecutor.java:129)
	at com.kms.katalon.core.main.TestSuiteExecutor.accessTestSuiteMainPhase(TestSuiteExecutor.java:112)
	at com.kms.katalon.core.main.TestSuiteExecutor.execute(TestSuiteExecutor.java:81)
	at com.kms.katalon.core.main.TestCaseMain.startTestSuite(TestCaseMain.java:142)
	at com.kms.katalon.core.main.TestCaseMain$startTestSuite$0.call(Unknown Source)
	at org.codehaus.groovy.runtime.callsite.CallSiteArray.defaultCall(CallSiteArray.java:48)
	at org.codehaus.groovy.runtime.callsite.AbstractCallSite.call(AbstractCallSite.java:113)
	at org.codehaus.groovy.runtime.callsite.AbstractCallSite.call(AbstractCallSite.java:141)
	at TempTestSuite1544087655094.run(TempTestSuite1544087655094.groovy:36)
	at groovy.lang.GroovyShell.runScriptOrMainOrTestOrRunnable(GroovyShell.java:263)
	at groovy.lang.GroovyShell.run(GroovyShell.java:518)
	at groovy.lang.GroovyShell.run(GroovyShell.java:507)
	at groovy.ui.GroovyMain.processOnce(GroovyMain.java:653)
	at groovy.ui.GroovyMain.run(GroovyMain.java:384)
	at groovy.ui.GroovyMain.process(GroovyMain.java:370)
	at groovy.ui.GroovyMain.processArgs(GroovyMain.java:129)
	at groovy.ui.GroovyMain.main(GroovyMain.java:109)
	at sun.reflect.NativeMethodAccessorImpl.invoke0(Native Method)
	at sun.reflect.NativeMethodAccessorImpl.invoke(NativeMethodAccessorImpl.java:62)
	at sun.reflect.DelegatingMethodAccessorImpl.invoke(DelegatingMethodAccessorImpl.java:43)
	at java.lang.reflect.Method.invoke(Method.java:498)
	at org.codehaus.groovy.tools.GroovyStarter.rootLoader(GroovyStarter.java:109)
	at org.codehaus.groovy.tools.GroovyStarter.main(GroovyStarter.java:131)
)]]></system-err>
   </testsuite>
</testsuites>
