<?xml version="1.0" encoding="UTF-8"?>
<testsuites name="Form 1A - Cessation as Employer" time="4216" tests="12" failures="0" errors="0">
   <testsuite name="Form 1A - Cessation as Employer" tests="12" failures="0" errors="0" time="4216" timestamp="2018-12-11 11:01:52" hostname="Admin - Win7Test02" id="Test Suites/Workflow/Form 1A - Cessation as Employer">
      <properties>
         <property name="deviceName" value=""/>
         <property name="devicePlatform" value=""/>
         <property name="logFolder" value="C:\\Users\\Admin\\Desktop\\PKS\\Perkeso Phase A\\Reports\\Workflow\\Form 1A - Cessation as Employer\\20181211_110146"/>
         <property name="logFiles" value="C:\\Users\\Admin\\Desktop\\PKS\\Perkeso Phase A\\Reports\\Workflow\\Form 1A - Cessation as Employer\\20181211_110146\\execution0.log"/>
         <property name="attachments" value=""/>
         <property name="hostName" value="Admin - Win7Test02"/>
         <property name="os" value="Windows 7 64bit"/>
         <property name="katalonVersion" value="5.8.6.1"/>
         <property name="browser" value="Chrome 70.0.3538.110"/>
         <property name="hostAddress" value="10.20.3.72"/>
         <property name="sessionId" value="4ff14a01c4c39a1758b4df735afd1daa"/>
         <property name="seleniumVersion" value="3.7.1"/>
         <property name="proxyInformation" value="ProxyInformation{proxyOption=NO_PROXY, proxyServerType=HTTP, password=, proxyServerAddress=, proxyServerPort=0}"/>
         <property name="platform" value="Windows 7"/>
      </properties>
      <testcase name="Test Cases/Final Aug 2018 - PKS Automation/Registration Module/Workflow/Form 1A - Cessation As Employer/Employer to UO (Approve)" classname="Test Cases/Final Aug 2018 - PKS Automation/Registration Module/Workflow/Form 1A - Cessation As Employer/Employer to UO (Approve)" status="PASSED">
         <system-out><![CDATA[2018-12-11 11:01:52 - [TEST_CASE][PASSED] - Test Cases/Final Aug 2018 - PKS Automation/Registration Module/Workflow/Form 1A - Cessation As Employer/Employer to UO (Approve): Test Cases/Final Aug 2018 - PKS Automation/Registration Module/Workflow/Form 1A - Cessation As Employer/Employer to UO (Approve)

2018-12-11 11:01:53 - [TEST_STEP][PASSED] - callTestCase: Call Test Case 'Test Cases/Final Aug 2018 - PKS Automation/Registration Module/Workflow/Form 1A - Cessation As Employer/Template/Form 1 A - Cessation As Employer (Employer)' successfully

2018-12-11 11:01:53 - [TEST_CASE][PASSED] - Test Cases/Final Aug 2018 - PKS Automation/Registration Module/Workflow/Form 1A - Cessation As Employer/Template/Form 1 A - Cessation As Employer (Employer): Test Cases/Final Aug 2018 - PKS Automation/Registration Module/Workflow/Form 1A - Cessation As Employer/Template/Form 1 A - Cessation As Employer (Employer)

2018-12-11 11:01:53 - [TEST_STEP][PASSED] - callTestCase: Call Test Case 'Test Cases/Final Aug 2018 - PKS Automation/Registration Module/Workflow/Update Add New Employee/Template/New Company for Update Add New - Employer' successfully

2018-12-11 11:01:53 - [TEST_CASE][PASSED] - Test Cases/Final Aug 2018 - PKS Automation/Registration Module/Workflow/Update Add New Employee/Template/New Company for Update Add New - Employer: Test Cases/Final Aug 2018 - PKS Automation/Registration Module/Workflow/Update Add New Employee/Template/New Company for Update Add New - Employer

2018-12-11 11:01:54 - [TEST_STEP][PASSED] - callTestCase: Call Test Case 'Test Cases/Final Aug 2018 - PKS Automation/Create Employer Acc/Create Employer Account' successfully

2018-12-11 11:01:54 - [TEST_CASE][PASSED] - Test Cases/Final Aug 2018 - PKS Automation/Create Employer Acc/Create Employer Account: Test Cases/Final Aug 2018 - PKS Automation/Create Employer Acc/Create Employer Account

2018-12-11 11:01:54 - [TEST_STEP][PASSED] - callTestCase: Call Test Case 'Test Cases/Final Aug 2018 - PKS Automation/Create Employer Acc/Template/Register Employer' successfully

2018-12-11 11:01:54 - [TEST_CASE][PASSED] - Test Cases/Final Aug 2018 - PKS Automation/Create Employer Acc/Template/Register Employer: Test Cases/Final Aug 2018 - PKS Automation/Create Employer Acc/Template/Register Employer

2018-12-11 11:01:54 - [TEST_STEP][PASSED] - openBrowser: Browser is opened with url: ''

2018-12-11 11:01:58 - [MESSAGE][PASSED] - Browser is opened with url: ''

2018-12-11 11:01:58 - [TEST_STEP][PASSED] - navigateToUrl: Navigate to 'https://assist2-uat.perkeso.gov.my/login' successfully

2018-12-11 11:01:59 - [MESSAGE][PASSED] - Navigate to 'https://assist2-uat.perkeso.gov.my/login' successfully

2018-12-11 11:01:59 - [TEST_STEP][PASSED] - setText: Text 'johorotc1@gmail.com' is set on object 'Object Repository/Final Object Repo/Login Page/Internal User/Email Address'

2018-12-11 11:02:00 - [MESSAGE][PASSED] - Text 'johorotc1@gmail.com' is set on object 'Object Repository/Final Object Repo/Login Page/Internal User/Email Address'

2018-12-11 11:02:00 - [TEST_STEP][PASSED] - click: Object: 'Object Repository/Final Object Repo/Login Page/Internal User/Next Button' is clicked on

2018-12-11 11:02:00 - [MESSAGE][PASSED] - Object: 'Object Repository/Final Object Repo/Login Page/Internal User/Next Button' is clicked on

2018-12-11 11:02:00 - [TEST_STEP][PASSED] - delay: Delayed 1 second(s)

2018-12-11 11:02:01 - [MESSAGE][PASSED] - Delayed 1 second(s)

2018-12-11 11:02:01 - [TEST_STEP][PASSED] - setEncryptedText: Text ****** has been set on object 'Object Repository/Final Object Repo/Login Page/Internal User/Password'

2018-12-11 11:02:01 - [MESSAGE][PASSED] - Text ****** has been set on object 'Object Repository/Final Object Repo/Login Page/Internal User/Password'

2018-12-11 11:02:01 - [TEST_STEP][PASSED] - click: Object: 'Object Repository/Final Object Repo/Login Page/Internal User/Login Button' is clicked on

2018-12-11 11:02:02 - [MESSAGE][PASSED] - Object: 'Object Repository/Final Object Repo/Login Page/Internal User/Login Button' is clicked on

2018-12-11 11:02:02 - [TEST_STEP][PASSED] - delay: Delayed 1 second(s)

2018-12-11 11:02:03 - [MESSAGE][PASSED] - Delayed 1 second(s)

2018-12-11 11:02:03 - [TEST_STEP][PASSED] - navigateToUrl: Navigate to 'https://assist2-uat.perkeso.gov.my/web/base/portal-id/registration' successfully

2018-12-11 11:02:05 - [MESSAGE][PASSED] - Navigate to 'https://assist2-uat.perkeso.gov.my/web/base/portal-id/registration' successfully

2018-12-11 11:02:05 - [TEST_STEP][PASSED] - setText: Text 'AUTOMATION EMPLOYER' is set on object 'Object Repository/Final Object Repo/Creating Employer Account/Page_Registration - ASSIST (Base)/Employer Name'

2018-12-11 11:02:05 - [MESSAGE][PASSED] - Text 'AUTOMATION EMPLOYER' is set on object 'Object Repository/Final Object Repo/Creating Employer Account/Page_Registration - ASSIST (Base)/Employer Name'

2018-12-11 11:02:05 - [TEST_STEP][PASSED] - delay: Delayed 2 second(s)

2018-12-11 11:02:07 - [MESSAGE][PASSED] - Delayed 2 second(s)

2018-12-11 11:02:07 - [TEST_STEP][PASSED] - click: Object: 'Object Repository/Final Object Repo/Creating Employer Account/Page_Registration - ASSIST (Base)/Registration Type' is clicked on

2018-12-11 11:02:08 - [MESSAGE][PASSED] - Object: 'Object Repository/Final Object Repo/Creating Employer Account/Page_Registration - ASSIST (Base)/Registration Type' is clicked on

2018-12-11 11:02:08 - [TEST_STEP][PASSED] - delay: Delayed 2 second(s)

2018-12-11 11:02:10 - [MESSAGE][PASSED] - Delayed 2 second(s)

2018-12-11 11:02:10 - [TEST_STEP][PASSED] - click: Object: 'Object Repository/Final Object Repo/Creating Employer Account/Page_Registration - ASSIST (Base)/Registration Type - Registration No' is clicked on

2018-12-11 11:02:10 - [MESSAGE][PASSED] - Object: 'Object Repository/Final Object Repo/Creating Employer Account/Page_Registration - ASSIST (Base)/Registration Type - Registration No' is clicked on

2018-12-11 11:02:10 - [TEST_STEP][PASSED] - delay: Delayed 2 second(s)

2018-12-11 11:02:12 - [MESSAGE][PASSED] - Delayed 2 second(s)

2018-12-11 11:02:12 - [TEST_STEP][PASSED] - setText: Text 'AUTOMATE001' is set on object 'Object Repository/Final Object Repo/Creating Employer Account/Page_Registration - ASSIST (Base)/Registration Number'

2018-12-11 11:02:12 - [MESSAGE][PASSED] - Text 'AUTOMATE001' is set on object 'Object Repository/Final Object Repo/Creating Employer Account/Page_Registration - ASSIST (Base)/Registration Number'

2018-12-11 11:02:12 - [TEST_STEP][PASSED] - delay: Delayed 2 second(s)

2018-12-11 11:02:14 - [MESSAGE][PASSED] - Delayed 2 second(s)

2018-12-11 11:02:14 - [TEST_STEP][PASSED] - setText: Text 'ADDRESS 1' is set on object 'Object Repository/Final Object Repo/Creating Employer Account/Page_Registration - ASSIST (Base)/Postal Address 1'

2018-12-11 11:02:15 - [MESSAGE][PASSED] - Text 'ADDRESS 1' is set on object 'Object Repository/Final Object Repo/Creating Employer Account/Page_Registration - ASSIST (Base)/Postal Address 1'

2018-12-11 11:02:15 - [TEST_STEP][PASSED] - setText: Text 'ADDRESS 2' is set on object 'Object Repository/Final Object Repo/Creating Employer Account/Page_Registration - ASSIST (Base)/Postal Address 2'

2018-12-11 11:02:15 - [MESSAGE][PASSED] - Text 'ADDRESS 2' is set on object 'Object Repository/Final Object Repo/Creating Employer Account/Page_Registration - ASSIST (Base)/Postal Address 2'

2018-12-11 11:02:15 - [TEST_STEP][PASSED] - click: Object: 'Object Repository/Final Object Repo/Creating Employer Account/Page_Registration - ASSIST (Base)/State' is clicked on

2018-12-11 11:02:15 - [MESSAGE][PASSED] - Object: 'Object Repository/Final Object Repo/Creating Employer Account/Page_Registration - ASSIST (Base)/State' is clicked on

2018-12-11 11:02:15 - [TEST_STEP][PASSED] - delay: Delayed 2 second(s)

2018-12-11 11:02:17 - [MESSAGE][PASSED] - Delayed 2 second(s)

2018-12-11 11:02:17 - [TEST_STEP][PASSED] - click: Object: 'Object Repository/Final Object Repo/Creating Employer Account/Page_Registration - ASSIST (Base)/State - Johor' is clicked on

2018-12-11 11:02:17 - [MESSAGE][PASSED] - Object: 'Object Repository/Final Object Repo/Creating Employer Account/Page_Registration - ASSIST (Base)/State - Johor' is clicked on

2018-12-11 11:02:17 - [TEST_STEP][PASSED] - delay: Delayed 2 second(s)

2018-12-11 11:02:19 - [MESSAGE][PASSED] - Delayed 2 second(s)

2018-12-11 11:02:19 - [TEST_STEP][PASSED] - click: Object: 'Object Repository/Final Object Repo/Creating Employer Account/Page_Registration - ASSIST (Base)/City' is clicked on

2018-12-11 11:02:19 - [MESSAGE][PASSED] - Object: 'Object Repository/Final Object Repo/Creating Employer Account/Page_Registration - ASSIST (Base)/City' is clicked on

2018-12-11 11:02:19 - [TEST_STEP][PASSED] - delay: Delayed 2 second(s)

2018-12-11 11:02:21 - [MESSAGE][PASSED] - Delayed 2 second(s)

2018-12-11 11:02:21 - [TEST_STEP][PASSED] - setText: Text 'joh' is set on object 'Object Repository/Final Object Repo/Creating Employer Account/Page_Registration - ASSIST (Base)/City - joh'

2018-12-11 11:02:22 - [MESSAGE][PASSED] - Text 'joh' is set on object 'Object Repository/Final Object Repo/Creating Employer Account/Page_Registration - ASSIST (Base)/City - joh'

2018-12-11 11:02:22 - [TEST_STEP][PASSED] - delay: Delayed 2 second(s)

2018-12-11 11:02:24 - [MESSAGE][PASSED] - Delayed 2 second(s)

2018-12-11 11:02:24 - [TEST_STEP][PASSED] - click: Object: 'Object Repository/Final Object Repo/Creating Employer Account/Page_Registration - ASSIST (Base)/City - Johor Bharu' is clicked on

2018-12-11 11:02:24 - [MESSAGE][PASSED] - Object: 'Object Repository/Final Object Repo/Creating Employer Account/Page_Registration - ASSIST (Base)/City - Johor Bharu' is clicked on

2018-12-11 11:02:24 - [TEST_STEP][PASSED] - delay: Delayed 2 second(s)

2018-12-11 11:02:26 - [MESSAGE][PASSED] - Delayed 2 second(s)

2018-12-11 11:02:26 - [TEST_STEP][PASSED] - click: Object: 'Object Repository/Final Object Repo/Creating Employer Account/Page_Registration - ASSIST (Base)/Post Code' is clicked on

2018-12-11 11:02:26 - [MESSAGE][PASSED] - Object: 'Object Repository/Final Object Repo/Creating Employer Account/Page_Registration - ASSIST (Base)/Post Code' is clicked on

2018-12-11 11:02:26 - [TEST_STEP][PASSED] - delay: Delayed 2 second(s)

2018-12-11 11:02:28 - [MESSAGE][PASSED] - Delayed 2 second(s)

2018-12-11 11:02:28 - [TEST_STEP][PASSED] - setText: Text '810' is set on object 'Object Repository/Final Object Repo/Creating Employer Account/Page_Registration - ASSIST (Base)/Post Code - 810'

2018-12-11 11:02:28 - [MESSAGE][PASSED] - Text '810' is set on object 'Object Repository/Final Object Repo/Creating Employer Account/Page_Registration - ASSIST (Base)/Post Code - 810'

2018-12-11 11:02:28 - [TEST_STEP][PASSED] - delay: Delayed 2 second(s)

2018-12-11 11:02:30 - [MESSAGE][PASSED] - Delayed 2 second(s)

2018-12-11 11:02:30 - [TEST_STEP][PASSED] - click: Object: 'Object Repository/Final Object Repo/Creating Employer Account/Page_Registration - ASSIST (Base)/Post Code - 81000' is clicked on

2018-12-11 11:02:30 - [MESSAGE][PASSED] - Object: 'Object Repository/Final Object Repo/Creating Employer Account/Page_Registration - ASSIST (Base)/Post Code - 81000' is clicked on

2018-12-11 11:02:30 - [TEST_STEP][PASSED] - delay: Delayed 2 second(s)

2018-12-11 11:02:32 - [MESSAGE][PASSED] - Delayed 2 second(s)

2018-12-11 11:02:32 - [TEST_STEP][PASSED] - setText: Text 'PERKESO' is set on object 'Object Repository/Final Object Repo/Creating Employer Account/Page_Registration - ASSIST (Base)/Full Name'

2018-12-11 11:02:33 - [MESSAGE][PASSED] - Text 'PERKESO' is set on object 'Object Repository/Final Object Repo/Creating Employer Account/Page_Registration - ASSIST (Base)/Full Name'

2018-12-11 11:02:33 - [TEST_STEP][PASSED] - Statement - rnd = new java.util.Random(): null

2018-12-11 11:02:33 - [TEST_STEP][PASSED] - Statement - snum = rnd.nextInt(899999 + 1) + 100000: null

2018-12-11 11:02:33 - [TEST_STEP][PASSED] - Statement - tnum = rnd.nextInt(899999 + 1) + 100000: null

2018-12-11 11:02:33 - [TEST_STEP][PASSED] - Statement - IC = java.lang.Integer.toString(snum) + java.lang.Integer.toString(tnum): null

2018-12-11 11:02:33 - [TEST_STEP][PASSED] - Statement - out.println(IC): null

2018-12-11 11:02:33 - [TEST_STEP][PASSED] - setText: Text '764163750816' is set on object 'Object Repository/Final Object Repo/Creating Employer Account/Page_Registration - ASSIST (Base)/Identification Number'

2018-12-11 11:02:33 - [MESSAGE][PASSED] - Text '764163750816' is set on object 'Object Repository/Final Object Repo/Creating Employer Account/Page_Registration - ASSIST (Base)/Identification Number'

2018-12-11 11:02:33 - [TEST_STEP][PASSED] - delay: Delayed 2 second(s)

2018-12-11 11:02:35 - [MESSAGE][PASSED] - Delayed 2 second(s)

2018-12-11 11:02:35 - [TEST_STEP][PASSED] - setText: Text '123456789012' is set on object 'Object Repository/Final Object Repo/Creating Employer Account/Page_Registration - ASSIST (Base)/Contact Number'

2018-12-11 11:02:36 - [MESSAGE][PASSED] - Text '123456789012' is set on object 'Object Repository/Final Object Repo/Creating Employer Account/Page_Registration - ASSIST (Base)/Contact Number'

2018-12-11 11:02:36 - [TEST_STEP][PASSED] - Statement - Email = "perkeso" + IC + "@gmail.com": null

2018-12-11 11:02:36 - [TEST_STEP][PASSED] - delay: Delayed 2 second(s)

2018-12-11 11:02:38 - [MESSAGE][PASSED] - Delayed 2 second(s)

2018-12-11 11:02:38 - [TEST_STEP][PASSED] - callTestCase: Call Test Case 'Test Cases/Final Aug 2018 - PKS Automation/Create Employer Acc/Template/Employer Email Settler' successfully

2018-12-11 11:02:38 - [TEST_CASE][PASSED] - Test Cases/Final Aug 2018 - PKS Automation/Create Employer Acc/Template/Employer Email Settler: Test Cases/Final Aug 2018 - PKS Automation/Create Employer Acc/Template/Employer Email Settler

2018-12-11 11:02:38 - [TEST_STEP][PASSED] - Statement - EmpEmailOld = new java.io.File(C://Users//Admin//Desktop//PKS//Automation Reference Point//EmpEmail.txt): null

2018-12-11 11:02:38 - [TEST_STEP][PASSED] - Statement - EmpEmailOld.delete(): null

2018-12-11 11:02:38 - [TEST_STEP][PASSED] - delay: Delayed 5 second(s)

2018-12-11 11:02:43 - [MESSAGE][PASSED] - Delayed 5 second(s)

2018-12-11 11:02:43 - [TEST_STEP][PASSED] - Statement - EmpEmail = new java.io.File(C://Users//Admin//Desktop//PKS//Automation Reference Point//EmpEmail.txt): null

2018-12-11 11:02:43 - [TEST_STEP][PASSED] - Statement - f2 = new java.io.FileWriter(EmpEmail, false): null

2018-12-11 11:02:43 - [TEST_STEP][PASSED] - Statement - f2.write(Email): null

2018-12-11 11:02:43 - [TEST_STEP][PASSED] - Statement - f2.close(): null

2018-12-11 11:02:43 - [TEST_STEP][PASSED] - Statement - out.println(Email): null

2018-12-11 11:02:43 - [MESSAGE][PASSED] - Call Test Case 'Test Cases/Final Aug 2018 - PKS Automation/Create Employer Acc/Template/Employer Email Settler' successfully

2018-12-11 11:02:43 - [TEST_STEP][PASSED] - delay: Delayed 2 second(s)

2018-12-11 11:02:45 - [MESSAGE][PASSED] - Delayed 2 second(s)

2018-12-11 11:02:45 - [TEST_STEP][PASSED] - setText: Text 'perkeso764163750816@gmail.com' is set on object 'Object Repository/Final Object Repo/Creating Employer Account/Page_Registration - ASSIST (Base)/Email'

2018-12-11 11:02:46 - [MESSAGE][PASSED] - Text 'perkeso764163750816@gmail.com' is set on object 'Object Repository/Final Object Repo/Creating Employer Account/Page_Registration - ASSIST (Base)/Email'

2018-12-11 11:02:46 - [TEST_STEP][PASSED] - setText: Text '123' is set on object 'Object Repository/Final Object Repo/Creating Employer Account/Page_Registration - ASSIST (Base)/Security Phase'

2018-12-11 11:02:46 - [MESSAGE][PASSED] - Text '123' is set on object 'Object Repository/Final Object Repo/Creating Employer Account/Page_Registration - ASSIST (Base)/Security Phase'

2018-12-11 11:02:46 - [TEST_STEP][PASSED] - click: Object: 'Object Repository/Final Object Repo/Creating Employer Account/Page_Registration - ASSIST (Base)/Save  Continue' is clicked on

2018-12-11 11:02:46 - [MESSAGE][PASSED] - Object: 'Object Repository/Final Object Repo/Creating Employer Account/Page_Registration - ASSIST (Base)/Save  Continue' is clicked on

2018-12-11 11:02:46 - [TEST_STEP][PASSED] - delay: Delayed 2 second(s)

2018-12-11 11:02:48 - [MESSAGE][PASSED] - Delayed 2 second(s)

2018-12-11 11:02:48 - [TEST_STEP][PASSED] - click: Object: 'Object Repository/Final Object Repo/Creating Employer Account/Page_Registration - ASSIST (Base)/Add Document' is clicked on

2018-12-11 11:02:48 - [MESSAGE][PASSED] - Object: 'Object Repository/Final Object Repo/Creating Employer Account/Page_Registration - ASSIST (Base)/Add Document' is clicked on

2018-12-11 11:02:48 - [TEST_STEP][PASSED] - delay: Delayed 2 second(s)

2018-12-11 11:02:50 - [MESSAGE][PASSED] - Delayed 2 second(s)

2018-12-11 11:02:50 - [TEST_STEP][PASSED] - click: Object: 'Object Repository/Final Object Repo/Creating Employer Account/Page_Registration - ASSIST (Base)/Document Type' is clicked on

2018-12-11 11:02:50 - [MESSAGE][PASSED] - Object: 'Object Repository/Final Object Repo/Creating Employer Account/Page_Registration - ASSIST (Base)/Document Type' is clicked on

2018-12-11 11:02:50 - [TEST_STEP][PASSED] - delay: Delayed 2 second(s)

2018-12-11 11:02:52 - [MESSAGE][PASSED] - Delayed 2 second(s)

2018-12-11 11:02:52 - [TEST_STEP][PASSED] - click: Object: 'Object Repository/Final Object Repo/Creating Employer Account/Page_Registration - ASSIST (Base)/Document Type - Letter of Authorization' is clicked on

2018-12-11 11:02:53 - [MESSAGE][PASSED] - Object: 'Object Repository/Final Object Repo/Creating Employer Account/Page_Registration - ASSIST (Base)/Document Type - Letter of Authorization' is clicked on

2018-12-11 11:02:53 - [TEST_STEP][PASSED] - delay: Delayed 2 second(s)

2018-12-11 11:02:55 - [MESSAGE][PASSED] - Delayed 2 second(s)

2018-12-11 11:02:55 - [TEST_STEP][PASSED] - sendKeys: Keys 'C:\Users\Public\Pictures\Sample Pictures\Koala.jpg' sent to object: 'Object Repository/Final Object Repo/Creating Employer Account/Page_Registration - ASSIST (Base)/Uploading File'

2018-12-11 11:02:55 - [MESSAGE][PASSED] - Keys 'C:\Users\Public\Pictures\Sample Pictures\Koala.jpg' sent to object: 'Object Repository/Final Object Repo/Creating Employer Account/Page_Registration - ASSIST (Base)/Uploading File'

2018-12-11 11:02:55 - [TEST_STEP][PASSED] - delay: Delayed 2 second(s)

2018-12-11 11:02:57 - [MESSAGE][PASSED] - Delayed 2 second(s)

2018-12-11 11:02:57 - [TEST_STEP][PASSED] - click: Object: 'Object Repository/Final Object Repo/Creating Employer Account/Page_Registration - ASSIST (Base)/Add Document in Uploading File' is clicked on

2018-12-11 11:02:57 - [MESSAGE][PASSED] - Object: 'Object Repository/Final Object Repo/Creating Employer Account/Page_Registration - ASSIST (Base)/Add Document in Uploading File' is clicked on

2018-12-11 11:02:57 - [TEST_STEP][PASSED] - delay: Delayed 2 second(s)

2018-12-11 11:02:59 - [MESSAGE][PASSED] - Delayed 2 second(s)

2018-12-11 11:02:59 - [TEST_STEP][PASSED] - click: Object: 'Object Repository/Final Object Repo/Creating Employer Account/Page_Registration - ASSIST (Base)/Save' is clicked on

2018-12-11 11:03:00 - [MESSAGE][PASSED] - Object: 'Object Repository/Final Object Repo/Creating Employer Account/Page_Registration - ASSIST (Base)/Save' is clicked on

2018-12-11 11:03:00 - [TEST_STEP][PASSED] - delay: Delayed 2 second(s)

2018-12-11 11:03:02 - [MESSAGE][PASSED] - Delayed 2 second(s)

2018-12-11 11:03:02 - [TEST_STEP][PASSED] - click: Object: 'Object Repository/Final Object Repo/Creating Employer Account/Page_Registration - ASSIST (Base)/Submit' is clicked on

2018-12-11 11:03:02 - [MESSAGE][PASSED] - Object: 'Object Repository/Final Object Repo/Creating Employer Account/Page_Registration - ASSIST (Base)/Submit' is clicked on

2018-12-11 11:03:02 - [TEST_STEP][PASSED] - delay: Delayed 2 second(s)

2018-12-11 11:03:04 - [MESSAGE][PASSED] - Delayed 2 second(s)

2018-12-11 11:03:04 - [TEST_STEP][PASSED] - click: Object: 'Object Repository/Final Object Repo/Creating Employer Account/Page_Registration - ASSIST (Base)/Confirm' is clicked on

2018-12-11 11:03:04 - [MESSAGE][PASSED] - Object: 'Object Repository/Final Object Repo/Creating Employer Account/Page_Registration - ASSIST (Base)/Confirm' is clicked on

2018-12-11 11:03:04 - [MESSAGE][PASSED] - Call Test Case 'Test Cases/Final Aug 2018 - PKS Automation/Create Employer Acc/Template/Register Employer' successfully

2018-12-11 11:03:04 - [TEST_STEP][PASSED] - delay: Delayed 1 second(s)

2018-12-11 11:03:05 - [MESSAGE][PASSED] - Delayed 1 second(s)

2018-12-11 11:03:05 - [TEST_STEP][PASSED] - navigateToUrl: Navigate to 'https://assist2-uat.perkeso.gov.my/c/portal/logout' successfully

2018-12-11 11:03:07 - [MESSAGE][PASSED] - Navigate to 'https://assist2-uat.perkeso.gov.my/c/portal/logout' successfully

2018-12-11 11:03:07 - [TEST_STEP][PASSED] - delay: Delayed 1 second(s)

2018-12-11 11:03:08 - [MESSAGE][PASSED] - Delayed 1 second(s)

2018-12-11 11:03:08 - [TEST_STEP][PASSED] - callTestCase: Call Test Case 'Test Cases/Final Aug 2018 - PKS Automation/Create Employer Acc/Template/Change Password of Employer' successfully

2018-12-11 11:03:08 - [TEST_CASE][PASSED] - Test Cases/Final Aug 2018 - PKS Automation/Create Employer Acc/Template/Change Password of Employer: Test Cases/Final Aug 2018 - PKS Automation/Create Employer Acc/Template/Change Password of Employer

2018-12-11 11:03:08 - [TEST_STEP][PASSED] - openBrowser: Browser is opened with url: ''

2018-12-11 11:03:08 - [MESSAGE][WARNING] - A browser is already opened. Closing browser and opening a new one

2018-12-11 11:03:12 - [MESSAGE][PASSED] - Browser is opened with url: ''

2018-12-11 11:03:12 - [TEST_STEP][PASSED] - navigateToUrl: Navigate to 'https://assist2-uat.perkeso.gov.my/login' successfully

2018-12-11 11:03:13 - [MESSAGE][PASSED] - Navigate to 'https://assist2-uat.perkeso.gov.my/login' successfully

2018-12-11 11:03:13 - [TEST_STEP][PASSED] - delay: Delayed 5 second(s)

2018-12-11 11:03:18 - [MESSAGE][PASSED] - Delayed 5 second(s)

2018-12-11 11:03:18 - [TEST_STEP][PASSED] - setText: Text 'test@liferay.com' is set on object 'Object Repository/Final Object Repo/Login Page/Internal User/Email Address'

2018-12-11 11:03:18 - [MESSAGE][PASSED] - Text 'test@liferay.com' is set on object 'Object Repository/Final Object Repo/Login Page/Internal User/Email Address'

2018-12-11 11:03:18 - [TEST_STEP][PASSED] - click: Object: 'Object Repository/Final Object Repo/Login Page/Internal User/Next Button' is clicked on

2018-12-11 11:03:18 - [MESSAGE][PASSED] - Object: 'Object Repository/Final Object Repo/Login Page/Internal User/Next Button' is clicked on

2018-12-11 11:03:18 - [TEST_STEP][PASSED] - delay: Delayed 2 second(s)

2018-12-11 11:03:20 - [MESSAGE][PASSED] - Delayed 2 second(s)

2018-12-11 11:03:20 - [TEST_STEP][PASSED] - setText: Text 'test' is set on object 'Object Repository/Final Object Repo/Login Page/Internal User/Password'

2018-12-11 11:03:20 - [MESSAGE][PASSED] - Text 'test' is set on object 'Object Repository/Final Object Repo/Login Page/Internal User/Password'

2018-12-11 11:03:20 - [TEST_STEP][PASSED] - delay: Delayed 2 second(s)

2018-12-11 11:03:22 - [MESSAGE][PASSED] - Delayed 2 second(s)

2018-12-11 11:03:22 - [TEST_STEP][PASSED] - click: Object: 'Object Repository/Final Object Repo/Login Page/Internal User/Login Button' is clicked on

2018-12-11 11:03:23 - [MESSAGE][PASSED] - Object: 'Object Repository/Final Object Repo/Login Page/Internal User/Login Button' is clicked on

2018-12-11 11:03:23 - [TEST_STEP][PASSED] - delay: Delayed 3 second(s)

2018-12-11 11:03:26 - [MESSAGE][PASSED] - Delayed 3 second(s)

2018-12-11 11:03:26 - [TEST_STEP][PASSED] - navigateToUrl: Navigate to 'https://assist2-uat.perkeso.gov.my/group/control_panel/manage?p_p_id=125&p_p_lifecycle=0&p_p_state=maximized&p_p_mode=view&refererPlid=20455&_125_usersListView=flat-users&_125_toolbarItem=view-all-users&_125_saveUsersListView=true&_125_struts_action=%2Fusers_admin%2Fview' successfully

2018-12-11 11:03:28 - [MESSAGE][PASSED] - Navigate to 'https://assist2-uat.perkeso.gov.my/group/control_panel/manage?p_p_id=125&p_p_lifecycle=0&p_p_state=maximized&p_p_mode=view&refererPlid=20455&_125_usersListView=flat-users&_125_toolbarItem=view-all-users&_125_saveUsersListView=true&_125_struts_action=%2Fusers_admin%2Fview' successfully

2018-12-11 11:03:28 - [TEST_STEP][PASSED] - delay: Delayed 3 second(s)

2018-12-11 11:03:31 - [MESSAGE][PASSED] - Delayed 3 second(s)

2018-12-11 11:03:31 - [TEST_STEP][PASSED] - setText: Text 'perkeso764163750816@gmail.com' is set on object 'Object Repository/Final Object Repo/Creating Employer Account/Page_Users and Organizations - ASSIST/Employer name'

2018-12-11 11:03:31 - [MESSAGE][PASSED] - Text 'perkeso764163750816@gmail.com' is set on object 'Object Repository/Final Object Repo/Creating Employer Account/Page_Users and Organizations - ASSIST/Employer name'

2018-12-11 11:03:31 - [TEST_STEP][PASSED] - delay: Delayed 3 second(s)

2018-12-11 11:03:34 - [MESSAGE][PASSED] - Delayed 3 second(s)

2018-12-11 11:03:34 - [TEST_STEP][PASSED] - click: Object: 'Object Repository/Final Object Repo/Creating Employer Account/Page_Users and Organizations - ASSIST/Search' is clicked on

2018-12-11 11:03:34 - [MESSAGE][PASSED] - Object: 'Object Repository/Final Object Repo/Creating Employer Account/Page_Users and Organizations - ASSIST/Search' is clicked on

2018-12-11 11:03:34 - [TEST_STEP][PASSED] - delay: Delayed 3 second(s)

2018-12-11 11:03:37 - [MESSAGE][PASSED] - Delayed 3 second(s)

2018-12-11 11:03:37 - [TEST_STEP][PASSED] - click: Object: 'Object Repository/Final Object Repo/Creating Employer Account/Page_Users and Organizations - ASSIST/Action' is clicked on

2018-12-11 11:03:38 - [MESSAGE][PASSED] - Object: 'Object Repository/Final Object Repo/Creating Employer Account/Page_Users and Organizations - ASSIST/Action' is clicked on

2018-12-11 11:03:38 - [TEST_STEP][PASSED] - delay: Delayed 3 second(s)

2018-12-11 11:03:41 - [MESSAGE][PASSED] - Delayed 3 second(s)

2018-12-11 11:03:41 - [TEST_STEP][PASSED] - click: Object: 'Object Repository/Final Object Repo/Creating Employer Account/Page_Users and Organizations - ASSIST/Edit' is clicked on

2018-12-11 11:03:42 - [MESSAGE][PASSED] - Object: 'Object Repository/Final Object Repo/Creating Employer Account/Page_Users and Organizations - ASSIST/Edit' is clicked on

2018-12-11 11:03:42 - [TEST_STEP][PASSED] - delay: Delayed 3 second(s)

2018-12-11 11:03:45 - [MESSAGE][PASSED] - Delayed 3 second(s)

2018-12-11 11:03:45 - [TEST_STEP][PASSED] - click: Object: 'Object Repository/Final Object Repo/Creating Employer Account/Page_PERKESO - Users and Organizati/a_Password (Modified)' is clicked on

2018-12-11 11:03:45 - [MESSAGE][PASSED] - Object: 'Object Repository/Final Object Repo/Creating Employer Account/Page_PERKESO - Users and Organizati/a_Password (Modified)' is clicked on

2018-12-11 11:03:45 - [TEST_STEP][PASSED] - delay: Delayed 3 second(s)

2018-12-11 11:03:48 - [MESSAGE][PASSED] - Delayed 3 second(s)

2018-12-11 11:03:48 - [TEST_STEP][PASSED] - setEncryptedText: Text ****** has been set on object 'Object Repository/Final Object Repo/Creating Employer Account/Page_PERKESO - Users and Organizati/input__125_password1'

2018-12-11 11:03:48 - [MESSAGE][PASSED] - Text ****** has been set on object 'Object Repository/Final Object Repo/Creating Employer Account/Page_PERKESO - Users and Organizati/input__125_password1'

2018-12-11 11:03:48 - [TEST_STEP][PASSED] - delay: Delayed 3 second(s)

2018-12-11 11:03:51 - [MESSAGE][PASSED] - Delayed 3 second(s)

2018-12-11 11:03:51 - [TEST_STEP][PASSED] - setEncryptedText: Text ****** has been set on object 'Object Repository/Final Object Repo/Creating Employer Account/Page_PERKESO - Users and Organizati/input__125_password2'

2018-12-11 11:03:52 - [MESSAGE][PASSED] - Text ****** has been set on object 'Object Repository/Final Object Repo/Creating Employer Account/Page_PERKESO - Users and Organizati/input__125_password2'

2018-12-11 11:03:52 - [TEST_STEP][PASSED] - delay: Delayed 3 second(s)

2018-12-11 11:03:55 - [MESSAGE][PASSED] - Delayed 3 second(s)

2018-12-11 11:03:55 - [TEST_STEP][PASSED] - click: Object: 'Object Repository/Final Object Repo/Creating Employer Account/Page_PERKESO - Users and Organizati/Save' is clicked on

2018-12-11 11:03:56 - [MESSAGE][PASSED] - Object: 'Object Repository/Final Object Repo/Creating Employer Account/Page_PERKESO - Users and Organizati/Save' is clicked on

2018-12-11 11:03:56 - [MESSAGE][PASSED] - Call Test Case 'Test Cases/Final Aug 2018 - PKS Automation/Create Employer Acc/Template/Change Password of Employer' successfully

2018-12-11 11:03:56 - [TEST_STEP][PASSED] - delay: Delayed 1 second(s)

2018-12-11 11:03:57 - [MESSAGE][PASSED] - Delayed 1 second(s)

2018-12-11 11:03:57 - [TEST_STEP][PASSED] - navigateToUrl: Navigate to 'https://assist2-uat.perkeso.gov.my/c/portal/logout' successfully

2018-12-11 11:03:58 - [MESSAGE][PASSED] - Navigate to 'https://assist2-uat.perkeso.gov.my/c/portal/logout' successfully

2018-12-11 11:03:58 - [TEST_STEP][PASSED] - delay: Delayed 1 second(s)

2018-12-11 11:03:59 - [MESSAGE][PASSED] - Delayed 1 second(s)

2018-12-11 11:03:59 - [TEST_STEP][PASSED] - callTestCase: Call Test Case 'Test Cases/Final Aug 2018 - PKS Automation/Create Employer Acc/Template/Login to Employer Account (First Time)' successfully

2018-12-11 11:03:59 - [TEST_CASE][PASSED] - Test Cases/Final Aug 2018 - PKS Automation/Create Employer Acc/Template/Login to Employer Account (First Time): Test Cases/Final Aug 2018 - PKS Automation/Create Employer Acc/Template/Login to Employer Account (First Time)

2018-12-11 11:04:00 - [TEST_STEP][PASSED] - openBrowser: Browser is opened with url: ''

2018-12-11 11:04:00 - [MESSAGE][WARNING] - A browser is already opened. Closing browser and opening a new one

2018-12-11 11:04:06 - [MESSAGE][PASSED] - Browser is opened with url: ''

2018-12-11 11:04:06 - [TEST_STEP][PASSED] - navigateToUrl: Navigate to 'https://assist2-uat.perkeso.gov.my/employer/login' successfully

2018-12-11 11:04:07 - [MESSAGE][PASSED] - Navigate to 'https://assist2-uat.perkeso.gov.my/employer/login' successfully

2018-12-11 11:04:07 - [TEST_STEP][PASSED] - delay: Delayed 3 second(s)

2018-12-11 11:04:10 - [MESSAGE][PASSED] - Delayed 3 second(s)

2018-12-11 11:04:10 - [TEST_STEP][PASSED] - callTestCase: Call Test Case 'Test Cases/Final Aug 2018 - PKS Automation/Create Employer Acc/Template/Employer Email Getter' successfully

2018-12-11 11:04:10 - [TEST_CASE][PASSED] - Test Cases/Final Aug 2018 - PKS Automation/Create Employer Acc/Template/Employer Email Getter: Test Cases/Final Aug 2018 - PKS Automation/Create Employer Acc/Template/Employer Email Getter

2018-12-11 11:04:10 - [TEST_STEP][PASSED] - Statement - Try: null

2018-12-11 11:04:10 - [TEST_STEP][PASSED] - Statement - EmpEmail = new java.io.File(C://Users//Admin//Desktop//PKS//Automation Reference Point//EmpEmail.txt): null

2018-12-11 11:04:10 - [TEST_STEP][PASSED] - Statement - bufferread = new java.io.BufferedReader(new java.io.FileReader(EmpEmail)): null

2018-12-11 11:04:10 - [TEST_STEP][PASSED] - Statement - readedVal = bufferread.readLine(): null

2018-12-11 11:04:10 - [TEST_STEP][PASSED] - Statement - out.println(readedVal): null

2018-12-11 11:04:10 - [TEST_STEP][PASSED] - Statement - Email = readedVal: null

2018-12-11 11:04:10 - [MESSAGE][PASSED] - Call Test Case 'Test Cases/Final Aug 2018 - PKS Automation/Create Employer Acc/Template/Employer Email Getter' successfully

2018-12-11 11:04:10 - [TEST_STEP][PASSED] - setText: Text 'perkeso764163750816@gmail.com' is set on object 'Object Repository/Final Object Repo/Login Page/External Login Page/Email'

2018-12-11 11:04:11 - [MESSAGE][PASSED] - Text 'perkeso764163750816@gmail.com' is set on object 'Object Repository/Final Object Repo/Login Page/External Login Page/Email'

2018-12-11 11:04:11 - [TEST_STEP][PASSED] - click: Object: 'Object Repository/Final Object Repo/Login Page/External Login Page/Next' is clicked on

2018-12-11 11:04:11 - [MESSAGE][PASSED] - Object: 'Object Repository/Final Object Repo/Login Page/External Login Page/Next' is clicked on

2018-12-11 11:04:11 - [TEST_STEP][PASSED] - delay: Delayed 3 second(s)

2018-12-11 11:04:14 - [MESSAGE][PASSED] - Delayed 3 second(s)

2018-12-11 11:04:14 - [TEST_STEP][PASSED] - setEncryptedText: Text ****** has been set on object 'Object Repository/Final Object Repo/Login Page/External Login Page/Password'

2018-12-11 11:04:14 - [MESSAGE][PASSED] - Text ****** has been set on object 'Object Repository/Final Object Repo/Login Page/External Login Page/Password'

2018-12-11 11:04:14 - [TEST_STEP][PASSED] - click: Object: 'Object Repository/Final Object Repo/Login Page/External Login Page/Login' is clicked on

2018-12-11 11:04:15 - [MESSAGE][PASSED] - Object: 'Object Repository/Final Object Repo/Login Page/External Login Page/Login' is clicked on

2018-12-11 11:04:15 - [TEST_STEP][PASSED] - delay: Delayed 3 second(s)

2018-12-11 11:04:18 - [MESSAGE][PASSED] - Delayed 3 second(s)

2018-12-11 11:04:18 - [TEST_STEP][PASSED] - click: Object: 'Object Repository/Final Object Repo/Creating Employer Account/Page_Terms of Use - ASSIST/button_I Agree' is clicked on

2018-12-11 11:04:18 - [MESSAGE][PASSED] - Object: 'Object Repository/Final Object Repo/Creating Employer Account/Page_Terms of Use - ASSIST/button_I Agree' is clicked on

2018-12-11 11:04:18 - [TEST_STEP][PASSED] - delay: Delayed 2 second(s)

2018-12-11 11:04:20 - [MESSAGE][PASSED] - Delayed 2 second(s)

2018-12-11 11:04:20 - [TEST_STEP][PASSED] - setEncryptedText: Text ****** has been set on object 'Object Repository/Final Object Repo/Creating Employer Account/Page_New Password - ASSIST/input_password1'

2018-12-11 11:04:21 - [MESSAGE][PASSED] - Text ****** has been set on object 'Object Repository/Final Object Repo/Creating Employer Account/Page_New Password - ASSIST/input_password1'

2018-12-11 11:04:21 - [TEST_STEP][PASSED] - setEncryptedText: Text ****** has been set on object 'Object Repository/Final Object Repo/Creating Employer Account/Page_New Password - ASSIST/input_password2'

2018-12-11 11:04:21 - [MESSAGE][PASSED] - Text ****** has been set on object 'Object Repository/Final Object Repo/Creating Employer Account/Page_New Password - ASSIST/input_password2'

2018-12-11 11:04:21 - [TEST_STEP][PASSED] - delay: Delayed 2 second(s)

2018-12-11 11:04:23 - [MESSAGE][PASSED] - Delayed 2 second(s)

2018-12-11 11:04:23 - [TEST_STEP][PASSED] - click: Object: 'Object Repository/Final Object Repo/Creating Employer Account/Page_New Password - ASSIST/Save' is clicked on

2018-12-11 11:04:23 - [MESSAGE][PASSED] - Object: 'Object Repository/Final Object Repo/Creating Employer Account/Page_New Password - ASSIST/Save' is clicked on

2018-12-11 11:04:23 - [TEST_STEP][PASSED] - delay: Delayed 2 second(s)

2018-12-11 11:04:25 - [MESSAGE][PASSED] - Delayed 2 second(s)

2018-12-11 11:04:25 - [TEST_STEP][PASSED] - setText: Text 'test' is set on object 'Object Repository/Final Object Repo/Creating Employer Account/Page_Password Reminder - ASSIST/Reminder Query Answer'

2018-12-11 11:04:25 - [MESSAGE][PASSED] - Text 'test' is set on object 'Object Repository/Final Object Repo/Creating Employer Account/Page_Password Reminder - ASSIST/Reminder Query Answer'

2018-12-11 11:04:25 - [TEST_STEP][PASSED] - delay: Delayed 2 second(s)

2018-12-11 11:04:27 - [MESSAGE][PASSED] - Delayed 2 second(s)

2018-12-11 11:04:27 - [TEST_STEP][PASSED] - doubleClick: Object: 'Object Repository/Final Object Repo/Creating Employer Account/Page_Password Reminder - ASSIST/Save' is double clicked on

2018-12-11 11:04:28 - [MESSAGE][PASSED] - Object: 'Object Repository/Final Object Repo/Creating Employer Account/Page_Password Reminder - ASSIST/Save' is double clicked on

2018-12-11 11:04:28 - [MESSAGE][PASSED] - Call Test Case 'Test Cases/Final Aug 2018 - PKS Automation/Create Employer Acc/Template/Login to Employer Account (First Time)' successfully

2018-12-11 11:04:28 - [MESSAGE][PASSED] - Call Test Case 'Test Cases/Final Aug 2018 - PKS Automation/Create Employer Acc/Create Employer Account' successfully

2018-12-11 11:04:28 - [TEST_STEP][PASSED] - callTestCase: Call Test Case 'Test Cases/Final Aug 2018 - PKS Automation/Registration Module/Log Out/log out avoiding katalon tagging' successfully

2018-12-11 11:04:28 - [TEST_CASE][PASSED] - Test Cases/Final Aug 2018 - PKS Automation/Registration Module/Log Out/log out avoiding katalon tagging: Test Cases/Final Aug 2018 - PKS Automation/Registration Module/Log Out/log out avoiding katalon tagging

2018-12-11 11:04:28 - [TEST_STEP][PASSED] - navigateToUrl: Navigate to 'https://assist2-uat.perkeso.gov.my/c/portal/logout' successfully

2018-12-11 11:04:31 - [MESSAGE][PASSED] - Navigate to 'https://assist2-uat.perkeso.gov.my/c/portal/logout' successfully

2018-12-11 11:04:31 - [MESSAGE][PASSED] - Call Test Case 'Test Cases/Final Aug 2018 - PKS Automation/Registration Module/Log Out/log out avoiding katalon tagging' successfully

2018-12-11 11:04:31 - [TEST_STEP][PASSED] - callTestCase: Call Test Case 'Test Cases/Final Aug 2018 - PKS Automation/Create Employer Acc/Login to Employer Account (Second time)' successfully

2018-12-11 11:04:31 - [TEST_CASE][PASSED] - Test Cases/Final Aug 2018 - PKS Automation/Create Employer Acc/Login to Employer Account (Second time): Test Cases/Final Aug 2018 - PKS Automation/Create Employer Acc/Login to Employer Account (Second time)

2018-12-11 11:04:31 - [TEST_STEP][PASSED] - openBrowser: Browser is opened with url: ''

2018-12-11 11:04:31 - [MESSAGE][WARNING] - A browser is already opened. Closing browser and opening a new one

2018-12-11 11:04:34 - [MESSAGE][PASSED] - Browser is opened with url: ''

2018-12-11 11:04:34 - [TEST_STEP][PASSED] - navigateToUrl: Navigate to 'https://assist2-uat.perkeso.gov.my/employer/login' successfully

2018-12-11 11:04:35 - [MESSAGE][PASSED] - Navigate to 'https://assist2-uat.perkeso.gov.my/employer/login' successfully

2018-12-11 11:04:35 - [TEST_STEP][PASSED] - delay: Delayed 3 second(s)

2018-12-11 11:04:38 - [MESSAGE][PASSED] - Delayed 3 second(s)

2018-12-11 11:04:38 - [TEST_STEP][PASSED] - callTestCase: Call Test Case 'Test Cases/Final Aug 2018 - PKS Automation/Create Employer Acc/Template/Employer Email Getter' successfully

2018-12-11 11:04:39 - [TEST_CASE][PASSED] - Test Cases/Final Aug 2018 - PKS Automation/Create Employer Acc/Template/Employer Email Getter: Test Cases/Final Aug 2018 - PKS Automation/Create Employer Acc/Template/Employer Email Getter

2018-12-11 11:04:39 - [TEST_STEP][PASSED] - Statement - Try: null

2018-12-11 11:04:39 - [TEST_STEP][PASSED] - Statement - EmpEmail = new java.io.File(C://Users//Admin//Desktop//PKS//Automation Reference Point//EmpEmail.txt): null

2018-12-11 11:04:39 - [TEST_STEP][PASSED] - Statement - bufferread = new java.io.BufferedReader(new java.io.FileReader(EmpEmail)): null

2018-12-11 11:04:39 - [TEST_STEP][PASSED] - Statement - readedVal = bufferread.readLine(): null

2018-12-11 11:04:39 - [TEST_STEP][PASSED] - Statement - out.println(readedVal): null

2018-12-11 11:04:39 - [TEST_STEP][PASSED] - Statement - Email = readedVal: null

2018-12-11 11:04:39 - [MESSAGE][PASSED] - Call Test Case 'Test Cases/Final Aug 2018 - PKS Automation/Create Employer Acc/Template/Employer Email Getter' successfully

2018-12-11 11:04:39 - [TEST_STEP][PASSED] - setText: Text 'perkeso764163750816@gmail.com' is set on object 'Object Repository/Final Object Repo/Login Page/External Login Page/Email'

2018-12-11 11:04:39 - [MESSAGE][PASSED] - Text 'perkeso764163750816@gmail.com' is set on object 'Object Repository/Final Object Repo/Login Page/External Login Page/Email'

2018-12-11 11:04:39 - [TEST_STEP][PASSED] - click: Object: 'Object Repository/Final Object Repo/Login Page/External Login Page/Next' is clicked on

2018-12-11 11:04:39 - [MESSAGE][PASSED] - Object: 'Object Repository/Final Object Repo/Login Page/External Login Page/Next' is clicked on

2018-12-11 11:04:39 - [TEST_STEP][PASSED] - delay: Delayed 3 second(s)

2018-12-11 11:04:42 - [MESSAGE][PASSED] - Delayed 3 second(s)

2018-12-11 11:04:42 - [TEST_STEP][PASSED] - setEncryptedText: Text ****** has been set on object 'Object Repository/Final Object Repo/Login Page/External Login Page/Password'

2018-12-11 11:04:42 - [MESSAGE][PASSED] - Text ****** has been set on object 'Object Repository/Final Object Repo/Login Page/External Login Page/Password'

2018-12-11 11:04:42 - [TEST_STEP][PASSED] - click: Object: 'Object Repository/Final Object Repo/Login Page/External Login Page/Login' is clicked on

2018-12-11 11:04:43 - [MESSAGE][PASSED] - Object: 'Object Repository/Final Object Repo/Login Page/External Login Page/Login' is clicked on

2018-12-11 11:04:43 - [TEST_STEP][PASSED] - delay: Delayed 5 second(s)

2018-12-11 11:04:48 - [MESSAGE][PASSED] - Delayed 5 second(s)

2018-12-11 11:04:48 - [MESSAGE][PASSED] - Call Test Case 'Test Cases/Final Aug 2018 - PKS Automation/Create Employer Acc/Login to Employer Account (Second time)' successfully

2018-12-11 11:04:48 - [TEST_STEP][PASSED] - delay: Delayed 4 second(s)

2018-12-11 11:04:52 - [MESSAGE][PASSED] - Delayed 4 second(s)

2018-12-11 11:04:52 - [TEST_STEP][PASSED] - Statement - Try: Delayed 2 second(s)

2018-12-11 11:04:52 - [TEST_STEP][PASSED] - Statement - Checker = false: null

2018-12-11 11:04:52 - [TEST_STEP][PASSED] - Statement - Checker = com.kms.katalon.core.webui.keyword.WebUiBuiltInKeywords.verifyElementHasAttribute(com.kms.katalon.core.testobject.ObjectRepository.findTestObject(Final Object Repo/Landing Page/BM Detecting), "href", 20, OPTIONAL): Object 'Object Repository/Final Object Repo/Landing Page/BM Detecting' has attribute 'href'

2018-12-11 11:04:52 - [MESSAGE][PASSED] - Object 'Object Repository/Final Object Repo/Landing Page/BM Detecting' has attribute 'href'

2018-12-11 11:04:52 - [TEST_STEP][PASSED] - Statement - out.println(Checker): null

2018-12-11 11:04:52 - [TEST_STEP][PASSED] - Statement - If (Checker == false): null

2018-12-11 11:04:52 - [TEST_STEP][PASSED] - Statement - Else: null

2018-12-11 11:04:52 - [TEST_STEP][PASSED] - delay: Delayed 2 second(s)

2018-12-11 11:04:54 - [MESSAGE][PASSED] - Delayed 2 second(s)

2018-12-11 11:04:54 - [TEST_STEP][PASSED] - delay: Delayed 4 second(s)

2018-12-11 11:04:58 - [MESSAGE][PASSED] - Delayed 4 second(s)

2018-12-11 11:04:58 - [TEST_STEP][PASSED] - click: Object: 'Object Repository/Final Object Repo/Landing Page/My Sites Drop Down' is clicked on

2018-12-11 11:04:58 - [MESSAGE][PASSED] - Object: 'Object Repository/Final Object Repo/Landing Page/My Sites Drop Down' is clicked on

2018-12-11 11:04:58 - [TEST_STEP][PASSED] - click: Object: 'Object Repository/Final Object Repo/Landing Page/Select to Registration Module' is clicked on

2018-12-11 11:05:01 - [MESSAGE][PASSED] - Object: 'Object Repository/Final Object Repo/Landing Page/Select to Registration Module' is clicked on

2018-12-11 11:05:01 - [TEST_STEP][PASSED] - click: Object: 'Object Repository/Final Object Repo/Landing Page/Registration Button' is clicked on

2018-12-11 11:05:03 - [MESSAGE][PASSED] - Object: 'Object Repository/Final Object Repo/Landing Page/Registration Button' is clicked on

2018-12-11 11:05:03 - [TEST_STEP][PASSED] - delay: Delayed 2 second(s)

2018-12-11 11:05:05 - [MESSAGE][PASSED] - Delayed 2 second(s)

2018-12-11 11:05:05 - [TEST_STEP][PASSED] - click: Object: 'Object Repository/Final Object Repo/New Registration - Registration Module Pages/New Reg - OTC to RO/Special Case - OTC - Form 1/AEC NO' is clicked on

2018-12-11 11:05:05 - [MESSAGE][PASSED] - Object: 'Object Repository/Final Object Repo/New Registration - Registration Module Pages/New Reg - OTC to RO/Special Case - OTC - Form 1/AEC NO' is clicked on

2018-12-11 11:05:05 - [TEST_STEP][PASSED] - click: Object: 'Object Repository/Final Object Repo/New Registration - Registration Module Pages/New Reg - OTC to RO/Special Case - OTC - Form 1/Business Entity - Please Select' is clicked on

2018-12-11 11:05:05 - [MESSAGE][PASSED] - Object: 'Object Repository/Final Object Repo/New Registration - Registration Module Pages/New Reg - OTC to RO/Special Case - OTC - Form 1/Business Entity - Please Select' is clicked on

2018-12-11 11:05:05 - [TEST_STEP][PASSED] - click: Object: 'Object Repository/Final Object Repo/New Registration - Registration Module Pages/New Reg - OTC to RO/Special Case - OTC - Form 1/Selected - Corporation' is clicked on

2018-12-11 11:05:05 - [MESSAGE][PASSED] - Object: 'Object Repository/Final Object Repo/New Registration - Registration Module Pages/New Reg - OTC to RO/Special Case - OTC - Form 1/Selected - Corporation' is clicked on

2018-12-11 11:05:05 - [TEST_STEP][PASSED] - delay: Delayed 2 second(s)

2018-12-11 11:05:07 - [MESSAGE][PASSED] - Delayed 2 second(s)

2018-12-11 11:05:07 - [TEST_STEP][PASSED] - click: Object: 'Object Repository/Final Object Repo/New Registration - Registration Module Pages/New Reg - OTC to RO/Special Case - OTC - Form 1/Sub Business Entity - Please Select' is clicked on

2018-12-11 11:05:07 - [MESSAGE][PASSED] - Object: 'Object Repository/Final Object Repo/New Registration - Registration Module Pages/New Reg - OTC to RO/Special Case - OTC - Form 1/Sub Business Entity - Please Select' is clicked on

2018-12-11 11:05:07 - [TEST_STEP][PASSED] - delay: Delayed 2 second(s)

2018-12-11 11:05:09 - [MESSAGE][PASSED] - Delayed 2 second(s)

2018-12-11 11:05:09 - [TEST_STEP][PASSED] - click: Object: 'Object Repository/Final Object Repo/New Registration - Registration Module Pages/New Reg - OTC to RO/Special Case - OTC - Form 1/Selected - Sendirian Berhad' is clicked on

2018-12-11 11:05:10 - [MESSAGE][PASSED] - Object: 'Object Repository/Final Object Repo/New Registration - Registration Module Pages/New Reg - OTC to RO/Special Case - OTC - Form 1/Selected - Sendirian Berhad' is clicked on

2018-12-11 11:05:10 - [TEST_STEP][PASSED] - setText: Text 'AUTOMATE001' is set on object 'Object Repository/Final Object Repo/New Registration - Registration Module Pages/New Reg - OTC to RO/Special Case - OTC - Form 1/Input BRN Number'

2018-12-11 11:05:10 - [MESSAGE][PASSED] - Text 'AUTOMATE001' is set on object 'Object Repository/Final Object Repo/New Registration - Registration Module Pages/New Reg - OTC to RO/Special Case - OTC - Form 1/Input BRN Number'

2018-12-11 11:05:10 - [TEST_STEP][PASSED] - delay: Delayed 2 second(s)

2018-12-11 11:05:12 - [MESSAGE][PASSED] - Delayed 2 second(s)

2018-12-11 11:05:12 - [TEST_STEP][PASSED] - click: Object: 'Object Repository/Final Object Repo/New Registration - Registration Module Pages/New Reg - OTC to RO/Special Case - OTC - Form 1/BRN Search' is clicked on

2018-12-11 11:05:12 - [MESSAGE][PASSED] - Object: 'Object Repository/Final Object Repo/New Registration - Registration Module Pages/New Reg - OTC to RO/Special Case - OTC - Form 1/BRN Search' is clicked on

2018-12-11 11:05:12 - [TEST_STEP][PASSED] - delay: Delayed 4 second(s)

2018-12-11 11:05:16 - [MESSAGE][PASSED] - Delayed 4 second(s)

2018-12-11 11:05:16 - [TEST_STEP][PASSED] - click: Object: 'Object Repository/Final Object Repo/New Registration - Registration Module Pages/New Reg - OTC to RO/Special Case - OTC - Form 1/Registered with SSM - After Feb 2017' is clicked on

2018-12-11 11:05:19 - [MESSAGE][PASSED] - Object: 'Object Repository/Final Object Repo/New Registration - Registration Module Pages/New Reg - OTC to RO/Special Case - OTC - Form 1/Registered with SSM - After Feb 2017' is clicked on

2018-12-11 11:05:19 - [TEST_STEP][PASSED] - delay: Delayed 2 second(s)

2018-12-11 11:05:21 - [MESSAGE][PASSED] - Delayed 2 second(s)

2018-12-11 11:05:21 - [TEST_STEP][PASSED] - click: Object: 'Object Repository/Final Object Repo/New Registration - Registration Module Pages/Form 1/Registered As a Branch - Yes' is clicked on

2018-12-11 11:05:21 - [MESSAGE][PASSED] - Object: 'Object Repository/Final Object Repo/New Registration - Registration Module Pages/Form 1/Registered As a Branch - Yes' is clicked on

2018-12-11 11:05:21 - [TEST_STEP][PASSED] - click: Object: 'Object Repository/Final Object Repo/New Registration - Registration Module Pages/New Reg - OTC to RO/Special Case - OTC - Form 1/Acknowledgement Ticked' is clicked on

2018-12-11 11:05:22 - [MESSAGE][PASSED] - Object: 'Object Repository/Final Object Repo/New Registration - Registration Module Pages/New Reg - OTC to RO/Special Case - OTC - Form 1/Acknowledgement Ticked' is clicked on

2018-12-11 11:05:22 - [TEST_STEP][PASSED] - setText: Text 'perkeso764163750816@gmail.com' is set on object 'Object Repository/Final Object Repo/New Registration - Registration Module Pages/Form 1/Email'

2018-12-11 11:05:22 - [MESSAGE][PASSED] - Text 'perkeso764163750816@gmail.com' is set on object 'Object Repository/Final Object Repo/New Registration - Registration Module Pages/Form 1/Email'

2018-12-11 11:05:22 - [TEST_STEP][PASSED] - click: Object: 'Object Repository/Final Object Repo/New Registration - Registration Module Pages/New Reg - OTC to RO/Special Case - OTC - Form 1/Submit Button' is clicked on

2018-12-11 11:05:23 - [MESSAGE][PASSED] - Object: 'Object Repository/Final Object Repo/New Registration - Registration Module Pages/New Reg - OTC to RO/Special Case - OTC - Form 1/Submit Button' is clicked on

2018-12-11 11:05:23 - [TEST_STEP][PASSED] - callTestCase: Call Test Case 'Test Cases/Final Aug 2018 - PKS Automation/Registration Module/New Registration/Form 2/Add 1 Eligible - Employer Account Use' successfully

2018-12-11 11:05:23 - [TEST_CASE][PASSED] - Test Cases/Final Aug 2018 - PKS Automation/Registration Module/New Registration/Form 2/Add 1 Eligible - Employer Account Use: Test Cases/Final Aug 2018 - PKS Automation/Registration Module/New Registration/Form 2/Add 1 Eligible - Employer Account Use

2018-12-11 11:05:23 - [TEST_STEP][PASSED] - delay: Delayed 2 second(s)

2018-12-11 11:05:25 - [MESSAGE][PASSED] - Delayed 2 second(s)

2018-12-11 11:05:25 - [TEST_STEP][PASSED] - callTestCase: Call Test Case 'Test Cases/Final Aug 2018 - PKS Automation/Registration Module/New Registration/Form 2/Date Updater' successfully

2018-12-11 11:05:25 - [TEST_CASE][PASSED] - Test Cases/Final Aug 2018 - PKS Automation/Registration Module/New Registration/Form 2/Date Updater: Test Cases/Final Aug 2018 - PKS Automation/Registration Module/New Registration/Form 2/Date Updater

2018-12-11 11:05:26 - [TEST_STEP][PASSED] - Statement - TodayDate = new java.util.Date(): null

2018-12-11 11:05:26 - [TEST_STEP][PASSED] - Statement - CurrentDateNoFilter = new java.text.SimpleDateFormat(): null

2018-12-11 11:05:26 - [TEST_STEP][PASSED] - Statement - CurrentDateNoFilter.applyPattern("MM"): null

2018-12-11 11:05:26 - [TEST_STEP][PASSED] - Statement - monthContainerMatcher = java.lang.Integer.parseInt(CurrentDateNoFilter.format(TodayDate)): null

2018-12-11 11:05:26 - [TEST_STEP][PASSED] - Statement - monthContainerMatcher = monthContainerMatcher - 1: null

2018-12-11 11:05:26 - [TEST_STEP][PASSED] - Statement - CurrentMonth = monthContainerMatcher.toString(): null

2018-12-11 11:05:26 - [TEST_STEP][PASSED] - Statement - CurrentMonth = CurrentMonth: null

2018-12-11 11:05:26 - [TEST_STEP][PASSED] - Statement - CurrentDateNoFilter.applyPattern("yyyy"): null

2018-12-11 11:05:26 - [TEST_STEP][PASSED] - Statement - CurrentYear = CurrentDateNoFilter.format(TodayDate): null

2018-12-11 11:05:26 - [TEST_STEP][PASSED] - Statement - CurrentYear = CurrentYear: null

2018-12-11 11:05:26 - [TEST_STEP][PASSED] - Statement - intCurrentYear = java.lang.Integer.parseInt(CurrentDateNoFilter.format(TodayDate)): null

2018-12-11 11:05:26 - [TEST_STEP][PASSED] - Statement - eighteenYrsAgo = intCurrentYear - 18: null

2018-12-11 11:05:26 - [TEST_STEP][PASSED] - Statement - eighteenYrsBeforeThisYr = eighteenYrsAgo.toString(): null

2018-12-11 11:05:26 - [TEST_STEP][PASSED] - Statement - EighteenYrsBefore = eighteenYrsBeforeThisYr: null

2018-12-11 11:05:26 - [TEST_STEP][PASSED] - Statement - fiftysevenYrsAgo = intCurrentYear - 57: null

2018-12-11 11:05:26 - [TEST_STEP][PASSED] - Statement - fiftysevenYrsBeforeThisYr = fiftysevenYrsAgo.toString(): null

2018-12-11 11:05:26 - [TEST_STEP][PASSED] - Statement - FiftysevenYrsBefore = fiftysevenYrsBeforeThisYr: null

2018-12-11 11:05:26 - [TEST_STEP][PASSED] - Statement - leapYear = false: null

2018-12-11 11:05:26 - [TEST_STEP][PASSED] - Statement - leapYear = intCurrentYear % 4 == 0: null

2018-12-11 11:05:26 - [TEST_STEP][PASSED] - Statement - CurrentDateNoFilter.applyPattern("dd"): null

2018-12-11 11:05:26 - [TEST_STEP][PASSED] - Statement - CurrentDate = CurrentDateNoFilter.format(TodayDate): null

2018-12-11 11:05:26 - [TEST_STEP][PASSED] - Statement - CurrentDate = java.lang.Integer.parseInt(CurrentDate): null

2018-12-11 11:05:26 - [TEST_STEP][PASSED] - Statement - CurrentDate = CurrentDate: null

2018-12-11 11:05:26 - [TEST_STEP][PASSED] - Statement - CurrentDay = java.lang.Integer.parseInt(CurrentDate): null

2018-12-11 11:05:26 - [TEST_STEP][PASSED] - Statement - ConfAdder = <not implemented yet for class: org.codehaus.groovy.ast.expr.EmptyExpression>: null

2018-12-11 11:05:26 - [TEST_STEP][PASSED] - Statement - out.println(CurrentMonth): null

2018-12-11 11:05:26 - [TEST_STEP][PASSED] - Statement - out.println(CurrentDate): null

2018-12-11 11:05:26 - [TEST_STEP][PASSED] - Statement - switch (CurrentDate): null

2018-12-11 11:05:26 - [TEST_STEP][PASSED] - Statement - Default: null

2018-12-11 11:05:26 - [TEST_STEP][PASSED] - Statement - ConfAdder = true: null

2018-12-11 11:05:26 - [TEST_STEP][PASSED] - Statement - Break: null

2018-12-11 11:05:26 - [TEST_STEP][PASSED] - Statement - aDayBefore = <not implemented yet for class: org.codehaus.groovy.ast.expr.EmptyExpression>: null

2018-12-11 11:05:26 - [TEST_STEP][PASSED] - Statement - out.println(ConfAdder): null

2018-12-11 11:05:26 - [TEST_STEP][PASSED] - Statement - If (ConfAdder == true): null

2018-12-11 11:05:26 - [TEST_STEP][PASSED] - Statement - aDayBefore = CurrentDay + 1: null

2018-12-11 11:05:26 - [TEST_STEP][PASSED] - Statement - out.println(aDayBefore): null

2018-12-11 11:05:26 - [TEST_STEP][PASSED] - Statement - If (aDayBefore == 1 && CurrentMonth == 11): null

2018-12-11 11:05:26 - [TEST_STEP][PASSED] - Statement - DayBefore = aDayBefore.toString(): null

2018-12-11 11:05:26 - [TEST_STEP][PASSED] - Statement - OneDayBefore = DayBefore: null

2018-12-11 11:05:26 - [MESSAGE][PASSED] - Call Test Case 'Test Cases/Final Aug 2018 - PKS Automation/Registration Module/New Registration/Form 2/Date Updater' successfully

2018-12-11 11:05:26 - [TEST_STEP][PASSED] - delay: Delayed 1 second(s)

2018-12-11 11:05:27 - [MESSAGE][PASSED] - Delayed 1 second(s)

2018-12-11 11:05:27 - [TEST_STEP][PASSED] - Statement - CaseReferenceNo = com.kms.katalon.core.webui.keyword.WebUiBuiltInKeywords.getText(com.kms.katalon.core.testobject.ObjectRepository.findTestObject(Final Object Repo/New Registration - Registration Module Pages/Form 2/RefNo Acquiring)): Text of object 'Object Repository/Final Object Repo/New Registration - Registration Module Pages/Form 2/RefNo Acquiring' is: 'CRN12201800123160'

2018-12-11 11:05:27 - [MESSAGE][PASSED] - Text of object 'Object Repository/Final Object Repo/New Registration - Registration Module Pages/Form 2/RefNo Acquiring' is: 'CRN12201800123160'

2018-12-11 11:05:27 - [TEST_STEP][PASSED] - delay: Delayed 1 second(s)

2018-12-11 11:05:28 - [MESSAGE][PASSED] - Delayed 1 second(s)

2018-12-11 11:05:28 - [TEST_STEP][PASSED] - click: Object: 'Object Repository/Final Object Repo/New Registration - Registration Module Pages/Form 2/Add Employee Button' is clicked on

2018-12-11 11:05:28 - [MESSAGE][PASSED] - Object: 'Object Repository/Final Object Repo/New Registration - Registration Module Pages/Form 2/Add Employee Button' is clicked on

2018-12-11 11:05:28 - [TEST_STEP][PASSED] - delay: Delayed 1 second(s)

2018-12-11 11:05:29 - [MESSAGE][PASSED] - Delayed 1 second(s)

2018-12-11 11:05:29 - [TEST_STEP][PASSED] - setText: Text '010903091948' is set on object 'Object Repository/Final Object Repo/New Registration - Registration Module Pages/Form 2/NRIC Input'

2018-12-11 11:05:31 - [MESSAGE][PASSED] - Text '010903091948' is set on object 'Object Repository/Final Object Repo/New Registration - Registration Module Pages/Form 2/NRIC Input'

2018-12-11 11:05:31 - [TEST_STEP][PASSED] - delay: Delayed 2 second(s)

2018-12-11 11:05:33 - [MESSAGE][PASSED] - Delayed 2 second(s)

2018-12-11 11:05:33 - [TEST_STEP][PASSED] - setText: Text 'Automate001 eligible 1' is set on object 'Object Repository/Final Object Repo/New Registration - Registration Module Pages/Form 2/Employee Name Input'

2018-12-11 11:05:33 - [MESSAGE][PASSED] - Text 'Automate001 eligible 1' is set on object 'Object Repository/Final Object Repo/New Registration - Registration Module Pages/Form 2/Employee Name Input'

2018-12-11 11:05:33 - [TEST_STEP][PASSED] - delay: Delayed 2 second(s)

2018-12-11 11:05:35 - [MESSAGE][PASSED] - Delayed 2 second(s)

2018-12-11 11:05:35 - [TEST_STEP][PASSED] - click: Object: 'Object Repository/Final Object Repo/New Registration - Registration Module Pages/Form 2/DatePicker Pop Up' is clicked on

2018-12-11 11:05:35 - [MESSAGE][PASSED] - Object: 'Object Repository/Final Object Repo/New Registration - Registration Module Pages/Form 2/DatePicker Pop Up' is clicked on

2018-12-11 11:05:35 - [TEST_STEP][PASSED] - click: Object: 'Object Repository/Final Object Repo/New Registration - Registration Module Pages/Form 2/DOB Month' is clicked on

2018-12-11 11:05:36 - [MESSAGE][PASSED] - Object: 'Object Repository/Final Object Repo/New Registration - Registration Module Pages/Form 2/DOB Month' is clicked on

2018-12-11 11:05:36 - [TEST_STEP][PASSED] - Statement - CurrentMonth = CurrentMonth: null

2018-12-11 11:05:36 - [TEST_STEP][PASSED] - Statement - selectMonth = new com.kms.katalon.core.testobject.TestObject(): null

2018-12-11 11:05:36 - [TEST_STEP][PASSED] - Statement - selectMonth.addProperty("xpath", EQUALS, "//body/div/div/div/select/option[@value='" + CurrentMonth + "']", true): null

2018-12-11 11:05:36 - [TEST_STEP][PASSED] - click: Object: '' is clicked on

2018-12-11 11:05:36 - [MESSAGE][PASSED] - Object: '' is clicked on

2018-12-11 11:05:36 - [TEST_STEP][PASSED] - click: Object: 'Object Repository/Final Object Repo/New Registration - Registration Module Pages/Form 2/DOB Year' is clicked on

2018-12-11 11:05:36 - [MESSAGE][PASSED] - Object: 'Object Repository/Final Object Repo/New Registration - Registration Module Pages/Form 2/DOB Year' is clicked on

2018-12-11 11:05:36 - [TEST_STEP][PASSED] - Statement - Eyearsbf = EighteenYrsBefore: null

2018-12-11 11:05:36 - [TEST_STEP][PASSED] - Statement - selectYear = new com.kms.katalon.core.testobject.TestObject(): null

2018-12-11 11:05:36 - [TEST_STEP][PASSED] - Statement - selectYear.addProperty("xpath", EQUALS, "//div/div/div/select/option[@value='" + Eyearsbf + "']", true): null

2018-12-11 11:05:36 - [TEST_STEP][PASSED] - click: Object: '' is clicked on

2018-12-11 11:05:36 - [MESSAGE][PASSED] - Object: '' is clicked on

2018-12-11 11:05:36 - [TEST_STEP][PASSED] - Statement - UpdatedSelectDate = com.kms.katalon.core.webui.keyword.WebUiBuiltInKeywords.modifyObjectProperty(com.kms.katalon.core.testobject.ObjectRepository.findTestObject(Final Object Repo/New Registration - Registration Module Pages/Form 2/DOB Date), "xpath", "equals", "//body/div/table/tbody/tr/td/a[text()="" + CurrentDate + ""]", true): Modify property of object successfully

2018-12-11 11:05:36 - [MESSAGE][PASSED] - Modify property of object successfully

2018-12-11 11:05:36 - [TEST_STEP][PASSED] - delay: Delayed 3 second(s)

2018-12-11 11:05:39 - [MESSAGE][PASSED] - Delayed 3 second(s)

2018-12-11 11:05:39 - [TEST_STEP][PASSED] - click: Object: 'Object Repository/Final Object Repo/New Registration - Registration Module Pages/Form 2/DOB Date' is clicked on

2018-12-11 11:05:39 - [MESSAGE][PASSED] - Object: 'Object Repository/Final Object Repo/New Registration - Registration Module Pages/Form 2/DOB Date' is clicked on

2018-12-11 11:05:39 - [TEST_STEP][PASSED] - delay: Delayed 2 second(s)

2018-12-11 11:05:41 - [MESSAGE][PASSED] - Delayed 2 second(s)

2018-12-11 11:05:41 - [TEST_STEP][PASSED] - click: Object: 'Object Repository/Final Object Repo/New Registration - Registration Module Pages/Form 2/EmploymentStartDate Pop Up' is clicked on

2018-12-11 11:05:41 - [MESSAGE][PASSED] - Object: 'Object Repository/Final Object Repo/New Registration - Registration Module Pages/Form 2/EmploymentStartDate Pop Up' is clicked on

2018-12-11 11:05:41 - [TEST_STEP][PASSED] - delay: Delayed 2 second(s)

2018-12-11 11:05:43 - [MESSAGE][PASSED] - Delayed 2 second(s)

2018-12-11 11:05:43 - [TEST_STEP][PASSED] - click: Object: 'Object Repository/Final Object Repo/New Registration - Registration Module Pages/Form 2/Socso Employment StartDate Month' is clicked on

2018-12-11 11:05:44 - [MESSAGE][PASSED] - Object: 'Object Repository/Final Object Repo/New Registration - Registration Module Pages/Form 2/Socso Employment StartDate Month' is clicked on

2018-12-11 11:05:44 - [TEST_STEP][PASSED] - delay: Delayed 1 second(s)

2018-12-11 11:05:45 - [MESSAGE][PASSED] - Delayed 1 second(s)

2018-12-11 11:05:45 - [TEST_STEP][PASSED] - click: Object: 'Object Repository/Final Object Repo/New Registration - Registration Module Pages/Form 2/Select Socso Employement Startdate Month' is clicked on

2018-12-11 11:05:45 - [MESSAGE][PASSED] - Object: 'Object Repository/Final Object Repo/New Registration - Registration Module Pages/Form 2/Select Socso Employement Startdate Month' is clicked on

2018-12-11 11:05:45 - [TEST_STEP][PASSED] - delay: Delayed 2 second(s)

2018-12-11 11:05:47 - [MESSAGE][PASSED] - Delayed 2 second(s)

2018-12-11 11:05:47 - [TEST_STEP][PASSED] - click: Object: 'Object Repository/Final Object Repo/New Registration - Registration Module Pages/Form 2/Socso Employment StartDate Year' is clicked on

2018-12-11 11:05:47 - [MESSAGE][PASSED] - Object: 'Object Repository/Final Object Repo/New Registration - Registration Module Pages/Form 2/Socso Employment StartDate Year' is clicked on

2018-12-11 11:05:47 - [TEST_STEP][PASSED] - delay: Delayed 1 second(s)

2018-12-11 11:05:48 - [MESSAGE][PASSED] - Delayed 1 second(s)

2018-12-11 11:05:48 - [TEST_STEP][PASSED] - click: Object: 'Object Repository/Final Object Repo/New Registration - Registration Module Pages/Form 2/Select Socso Employment Startdate Year' is clicked on

2018-12-11 11:05:48 - [MESSAGE][PASSED] - Object: 'Object Repository/Final Object Repo/New Registration - Registration Module Pages/Form 2/Select Socso Employment Startdate Year' is clicked on

2018-12-11 11:05:48 - [TEST_STEP][PASSED] - delay: Delayed 2 second(s)

2018-12-11 11:05:50 - [MESSAGE][PASSED] - Delayed 2 second(s)

2018-12-11 11:05:50 - [TEST_STEP][PASSED] - click: Object: 'Object Repository/Final Object Repo/New Registration - Registration Module Pages/Form 2/Socso Employment Start Date Day' is clicked on

2018-12-11 11:05:50 - [MESSAGE][PASSED] - Object: 'Object Repository/Final Object Repo/New Registration - Registration Module Pages/Form 2/Socso Employment Start Date Day' is clicked on

2018-12-11 11:05:50 - [TEST_STEP][PASSED] - delay: Delayed 2 second(s)

2018-12-11 11:05:52 - [MESSAGE][PASSED] - Delayed 2 second(s)

2018-12-11 11:05:52 - [TEST_STEP][PASSED] - click: Object: 'Object Repository/Final Object Repo/New Registration - Registration Module Pages/Form 2/Save Button for Add Employee' is clicked on

2018-12-11 11:05:52 - [MESSAGE][PASSED] - Object: 'Object Repository/Final Object Repo/New Registration - Registration Module Pages/Form 2/Save Button for Add Employee' is clicked on

2018-12-11 11:05:52 - [TEST_STEP][PASSED] - delay: Delayed 6 second(s)

2018-12-11 11:05:58 - [MESSAGE][PASSED] - Delayed 6 second(s)

2018-12-11 11:05:58 - [TEST_STEP][PASSED] - click: Object: 'Object Repository/Final Object Repo/New Registration - Registration Module Pages/Form 2/Save and Continue Form 2' is clicked on

2018-12-11 11:05:59 - [MESSAGE][PASSED] - Object: 'Object Repository/Final Object Repo/New Registration - Registration Module Pages/Form 2/Save and Continue Form 2' is clicked on

2018-12-11 11:05:59 - [MESSAGE][PASSED] - Call Test Case 'Test Cases/Final Aug 2018 - PKS Automation/Registration Module/New Registration/Form 2/Add 1 Eligible - Employer Account Use' successfully

2018-12-11 11:05:59 - [TEST_STEP][PASSED] - callTestCase: Call Test Case 'Test Cases/Final Aug 2018 - PKS Automation/Registration Module/New Registration/Flow of New Registration/Third Screen - Upload Supporting Doc - Preview' successfully

2018-12-11 11:05:59 - [TEST_CASE][PASSED] - Test Cases/Final Aug 2018 - PKS Automation/Registration Module/New Registration/Flow of New Registration/Third Screen - Upload Supporting Doc - Preview: Test Cases/Final Aug 2018 - PKS Automation/Registration Module/New Registration/Flow of New Registration/Third Screen - Upload Supporting Doc - Preview

2018-12-11 11:05:59 - [TEST_STEP][PASSED] - waitForPageLoad: Wait for page load successfully

2018-12-11 11:06:01 - [MESSAGE][PASSED] - Wait for page load successfully

2018-12-11 11:06:01 - [TEST_STEP][PASSED] - Statement - CaseReferenceNo = com.kms.katalon.core.webui.keyword.WebUiBuiltInKeywords.getText(com.kms.katalon.core.testobject.ObjectRepository.findTestObject(Final Object Repo/New Registration - Registration Module Pages/Third Screen - Upload Supporting Doc- Preview/RefNo Acquiring)): Text of object 'Object Repository/Final Object Repo/New Registration - Registration Module Pages/Third Screen - Upload Supporting Doc- Preview/RefNo Acquiring' is: 'CRN12201800123160'

2018-12-11 11:06:01 - [MESSAGE][PASSED] - Text of object 'Object Repository/Final Object Repo/New Registration - Registration Module Pages/Third Screen - Upload Supporting Doc- Preview/RefNo Acquiring' is: 'CRN12201800123160'

2018-12-11 11:06:01 - [TEST_STEP][PASSED] - delay: Delayed 2 second(s)

2018-12-11 11:06:03 - [MESSAGE][PASSED] - Delayed 2 second(s)

2018-12-11 11:06:03 - [TEST_STEP][PASSED] - callTestCase: Call Test Case 'Test Cases/Final Aug 2018 - PKS Automation/Common/Reference Number Setter' successfully

2018-12-11 11:06:03 - [TEST_CASE][PASSED] - Test Cases/Final Aug 2018 - PKS Automation/Common/Reference Number Setter: Test Cases/Final Aug 2018 - PKS Automation/Common/Reference Number Setter

2018-12-11 11:06:04 - [TEST_STEP][PASSED] - Statement - RefNoOldFile = new java.io.File(C://Users//Admin//Desktop//PKS//Automation Reference Point//KatalonReference.txt): null

2018-12-11 11:06:04 - [TEST_STEP][PASSED] - Statement - RefNoOldFile.delete(): null

2018-12-11 11:06:04 - [TEST_STEP][PASSED] - delay: Delayed 5 second(s)

2018-12-11 11:06:09 - [MESSAGE][PASSED] - Delayed 5 second(s)

2018-12-11 11:06:09 - [TEST_STEP][PASSED] - Statement - RefNo = new java.io.File(C://Users//Admin//Desktop//PKS//Automation Reference Point//KatalonReference.txt): null

2018-12-11 11:06:09 - [TEST_STEP][PASSED] - Statement - f2 = new java.io.FileWriter(RefNo, false): null

2018-12-11 11:06:09 - [TEST_STEP][PASSED] - Statement - f2.write(CaseReferenceNo): null

2018-12-11 11:06:09 - [TEST_STEP][PASSED] - Statement - f2.close(): null

2018-12-11 11:06:09 - [TEST_STEP][PASSED] - Statement - out.println("


" + CaseReferenceNo + "


"): null

2018-12-11 11:06:09 - [MESSAGE][PASSED] - Call Test Case 'Test Cases/Final Aug 2018 - PKS Automation/Common/Reference Number Setter' successfully

2018-12-11 11:06:09 - [TEST_STEP][PASSED] - waitForElementClickable: Object 'Object Repository/Final Object Repo/New Registration - Registration Module Pages/Third Screen - Upload Supporting Doc- Preview/Save n Continue in SIP Employee Listing Page' is clickable

2018-12-11 11:06:09 - [MESSAGE][PASSED] - Object 'Object Repository/Final Object Repo/New Registration - Registration Module Pages/Third Screen - Upload Supporting Doc- Preview/Save n Continue in SIP Employee Listing Page' is clickable

2018-12-11 11:06:09 - [TEST_STEP][PASSED] - click: Object: 'Object Repository/Final Object Repo/New Registration - Registration Module Pages/Third Screen - Upload Supporting Doc- Preview/Save n Continue in SIP Employee Listing Page' is clicked on

2018-12-11 11:06:14 - [MESSAGE][PASSED] - Object: 'Object Repository/Final Object Repo/New Registration - Registration Module Pages/Third Screen - Upload Supporting Doc- Preview/Save n Continue in SIP Employee Listing Page' is clicked on

2018-12-11 11:06:14 - [TEST_STEP][PASSED] - delay: Delayed 7 second(s)

2018-12-11 11:06:21 - [MESSAGE][PASSED] - Delayed 7 second(s)

2018-12-11 11:06:21 - [TEST_STEP][PASSED] - click: Object: 'Object Repository/Final Object Repo/New Registration - Registration Module Pages/Third Screen - Upload Supporting Doc- Preview/Add Document Button' is clicked on

2018-12-11 11:06:21 - [MESSAGE][PASSED] - Object: 'Object Repository/Final Object Repo/New Registration - Registration Module Pages/Third Screen - Upload Supporting Doc- Preview/Add Document Button' is clicked on

2018-12-11 11:06:21 - [TEST_STEP][PASSED] - delay: Delayed 30 second(s)

2018-12-11 11:06:51 - [MESSAGE][PASSED] - Delayed 30 second(s)

2018-12-11 11:06:51 - [TEST_STEP][PASSED] - click: Object: 'Object Repository/Final Object Repo/New Registration - Registration Module Pages/Third Screen - Upload Supporting Doc- Preview/Supporting Doc Please Select Drop Down' is clicked on

2018-12-11 11:06:51 - [MESSAGE][PASSED] - Object: 'Object Repository/Final Object Repo/New Registration - Registration Module Pages/Third Screen - Upload Supporting Doc- Preview/Supporting Doc Please Select Drop Down' is clicked on

2018-12-11 11:06:51 - [TEST_STEP][PASSED] - delay: Delayed 2 second(s)

2018-12-11 11:06:53 - [MESSAGE][PASSED] - Delayed 2 second(s)

2018-12-11 11:06:53 - [TEST_STEP][PASSED] - click: Object: 'Object Repository/Final Object Repo/New Registration - Registration Module Pages/Third Screen - Upload Supporting Doc- Preview/Select to Upload Form 1' is clicked on

2018-12-11 11:06:54 - [MESSAGE][PASSED] - Object: 'Object Repository/Final Object Repo/New Registration - Registration Module Pages/Third Screen - Upload Supporting Doc- Preview/Select to Upload Form 1' is clicked on

2018-12-11 11:06:54 - [TEST_STEP][PASSED] - delay: Delayed 2 second(s)

2018-12-11 11:06:56 - [MESSAGE][PASSED] - Delayed 2 second(s)

2018-12-11 11:06:56 - [TEST_STEP][PASSED] - uploadFile: File 'C:\Users\Public\Pictures\Sample Pictures\Koala.jpg' sent to object: 'Object Repository/Final Object Repo/New Registration - Registration Module Pages/Third Screen - Upload Supporting Doc- Preview/Upload File Adding'

2018-12-11 11:06:56 - [MESSAGE][PASSED] - File 'C:\Users\Public\Pictures\Sample Pictures\Koala.jpg' sent to object: 'Object Repository/Final Object Repo/New Registration - Registration Module Pages/Third Screen - Upload Supporting Doc- Preview/Upload File Adding'

2018-12-11 11:06:56 - [TEST_STEP][PASSED] - delay: Delayed 5 second(s)

2018-12-11 11:07:01 - [MESSAGE][PASSED] - Delayed 5 second(s)

2018-12-11 11:07:01 - [TEST_STEP][PASSED] - click: Object: 'Object Repository/Final Object Repo/New Registration - Registration Module Pages/Third Screen - Upload Supporting Doc- Preview/Inner Form Add Document Button' is clicked on

2018-12-11 11:07:01 - [MESSAGE][PASSED] - Object: 'Object Repository/Final Object Repo/New Registration - Registration Module Pages/Third Screen - Upload Supporting Doc- Preview/Inner Form Add Document Button' is clicked on

2018-12-11 11:07:01 - [TEST_STEP][PASSED] - delay: Delayed 3 second(s)

2018-12-11 11:07:04 - [MESSAGE][PASSED] - Delayed 3 second(s)

2018-12-11 11:07:04 - [TEST_STEP][PASSED] - click: Object: 'Object Repository/Final Object Repo/New Registration - Registration Module Pages/Third Screen - Upload Supporting Doc- Preview/Add Document Button' is clicked on

2018-12-11 11:07:05 - [MESSAGE][PASSED] - Object: 'Object Repository/Final Object Repo/New Registration - Registration Module Pages/Third Screen - Upload Supporting Doc- Preview/Add Document Button' is clicked on

2018-12-11 11:07:05 - [TEST_STEP][PASSED] - delay: Delayed 30 second(s)

2018-12-11 11:07:35 - [MESSAGE][PASSED] - Delayed 30 second(s)

2018-12-11 11:07:35 - [TEST_STEP][PASSED] - click: Object: 'Object Repository/Final Object Repo/New Registration - Registration Module Pages/Third Screen - Upload Supporting Doc- Preview/Supporting Doc Please Select Drop Down' is clicked on

2018-12-11 11:07:36 - [MESSAGE][PASSED] - Object: 'Object Repository/Final Object Repo/New Registration - Registration Module Pages/Third Screen - Upload Supporting Doc- Preview/Supporting Doc Please Select Drop Down' is clicked on

2018-12-11 11:07:36 - [TEST_STEP][PASSED] - delay: Delayed 4 second(s)

2018-12-11 11:07:40 - [MESSAGE][PASSED] - Delayed 4 second(s)

2018-12-11 11:07:40 - [TEST_STEP][PASSED] - click: Object: 'Object Repository/Final Object Repo/New Registration - Registration Module Pages/Third Screen - Upload Supporting Doc- Preview/Select to Upload Form 2' is clicked on

2018-12-11 11:07:40 - [MESSAGE][PASSED] - Object: 'Object Repository/Final Object Repo/New Registration - Registration Module Pages/Third Screen - Upload Supporting Doc- Preview/Select to Upload Form 2' is clicked on

2018-12-11 11:07:40 - [TEST_STEP][PASSED] - delay: Delayed 2 second(s)

2018-12-11 11:07:42 - [MESSAGE][PASSED] - Delayed 2 second(s)

2018-12-11 11:07:42 - [TEST_STEP][PASSED] - uploadFile: File 'C:\Users\Public\Pictures\Sample Pictures\Koala.jpg' sent to object: 'Object Repository/Final Object Repo/New Registration - Registration Module Pages/Third Screen - Upload Supporting Doc- Preview/Upload File Adding'

2018-12-11 11:07:42 - [MESSAGE][PASSED] - File 'C:\Users\Public\Pictures\Sample Pictures\Koala.jpg' sent to object: 'Object Repository/Final Object Repo/New Registration - Registration Module Pages/Third Screen - Upload Supporting Doc- Preview/Upload File Adding'

2018-12-11 11:07:42 - [TEST_STEP][PASSED] - click: Object: 'Object Repository/Final Object Repo/New Registration - Registration Module Pages/Third Screen - Upload Supporting Doc- Preview/Inner Form Add Document Button' is clicked on

2018-12-11 11:07:42 - [MESSAGE][PASSED] - Object: 'Object Repository/Final Object Repo/New Registration - Registration Module Pages/Third Screen - Upload Supporting Doc- Preview/Inner Form Add Document Button' is clicked on

2018-12-11 11:07:42 - [TEST_STEP][PASSED] - delay: Delayed 5 second(s)

2018-12-11 11:07:47 - [MESSAGE][PASSED] - Delayed 5 second(s)

2018-12-11 11:07:47 - [TEST_STEP][PASSED] - click: Object: 'Object Repository/Final Object Repo/New Registration - Registration Module Pages/Third Screen - Upload Supporting Doc- Preview/Add Document Button' is clicked on

2018-12-11 11:07:47 - [MESSAGE][PASSED] - Object: 'Object Repository/Final Object Repo/New Registration - Registration Module Pages/Third Screen - Upload Supporting Doc- Preview/Add Document Button' is clicked on

2018-12-11 11:07:47 - [TEST_STEP][PASSED] - delay: Delayed 30 second(s)

2018-12-11 11:08:17 - [MESSAGE][PASSED] - Delayed 30 second(s)

2018-12-11 11:08:17 - [TEST_STEP][PASSED] - click: Object: 'Object Repository/Final Object Repo/New Registration - Registration Module Pages/Third Screen - Upload Supporting Doc- Preview/Supporting Doc Please Select Drop Down' is clicked on

2018-12-11 11:08:17 - [MESSAGE][PASSED] - Object: 'Object Repository/Final Object Repo/New Registration - Registration Module Pages/Third Screen - Upload Supporting Doc- Preview/Supporting Doc Please Select Drop Down' is clicked on

2018-12-11 11:08:17 - [TEST_STEP][PASSED] - click: Object: 'Object Repository/Final Object Repo/New Registration - Registration Module Pages/Third Screen - Upload Supporting Doc- Preview/Select to Upload Borang SIP 1' is clicked on

2018-12-11 11:08:18 - [MESSAGE][PASSED] - Object: 'Object Repository/Final Object Repo/New Registration - Registration Module Pages/Third Screen - Upload Supporting Doc- Preview/Select to Upload Borang SIP 1' is clicked on

2018-12-11 11:08:18 - [TEST_STEP][PASSED] - delay: Delayed 2 second(s)

2018-12-11 11:08:20 - [MESSAGE][PASSED] - Delayed 2 second(s)

2018-12-11 11:08:20 - [TEST_STEP][PASSED] - uploadFile: File 'C:\Users\Public\Pictures\Sample Pictures\Koala.jpg' sent to object: 'Object Repository/Final Object Repo/New Registration - Registration Module Pages/Third Screen - Upload Supporting Doc- Preview/Upload File Adding'

2018-12-11 11:08:20 - [MESSAGE][PASSED] - File 'C:\Users\Public\Pictures\Sample Pictures\Koala.jpg' sent to object: 'Object Repository/Final Object Repo/New Registration - Registration Module Pages/Third Screen - Upload Supporting Doc- Preview/Upload File Adding'

2018-12-11 11:08:20 - [TEST_STEP][PASSED] - click: Object: 'Object Repository/Final Object Repo/New Registration - Registration Module Pages/Third Screen - Upload Supporting Doc- Preview/Inner Form Add Document Button' is clicked on

2018-12-11 11:08:20 - [MESSAGE][PASSED] - Object: 'Object Repository/Final Object Repo/New Registration - Registration Module Pages/Third Screen - Upload Supporting Doc- Preview/Inner Form Add Document Button' is clicked on

2018-12-11 11:08:20 - [TEST_STEP][PASSED] - delay: Delayed 5 second(s)

2018-12-11 11:08:25 - [MESSAGE][PASSED] - Delayed 5 second(s)

2018-12-11 11:08:25 - [TEST_STEP][PASSED] - click: Object: 'Object Repository/Final Object Repo/New Registration - Registration Module Pages/Third Screen - Upload Supporting Doc- Preview/Add Document Button' is clicked on

2018-12-11 11:08:25 - [MESSAGE][PASSED] - Object: 'Object Repository/Final Object Repo/New Registration - Registration Module Pages/Third Screen - Upload Supporting Doc- Preview/Add Document Button' is clicked on

2018-12-11 11:08:25 - [TEST_STEP][PASSED] - delay: Delayed 30 second(s)

2018-12-11 11:08:55 - [MESSAGE][PASSED] - Delayed 30 second(s)

2018-12-11 11:08:55 - [TEST_STEP][PASSED] - click: Object: 'Object Repository/Final Object Repo/New Registration - Registration Module Pages/Third Screen - Upload Supporting Doc- Preview/Supporting Doc Please Select Drop Down' is clicked on

2018-12-11 11:08:55 - [MESSAGE][PASSED] - Object: 'Object Repository/Final Object Repo/New Registration - Registration Module Pages/Third Screen - Upload Supporting Doc- Preview/Supporting Doc Please Select Drop Down' is clicked on

2018-12-11 11:08:55 - [TEST_STEP][PASSED] - delay: Delayed 3 second(s)

2018-12-11 11:08:58 - [MESSAGE][PASSED] - Delayed 3 second(s)

2018-12-11 11:08:58 - [TEST_STEP][PASSED] - click: Object: 'Object Repository/Final Object Repo/New Registration - Registration Module Pages/Third Screen - Upload Supporting Doc- Preview/Select to Upload Borang SIP 2' is clicked on

2018-12-11 11:08:59 - [MESSAGE][PASSED] - Object: 'Object Repository/Final Object Repo/New Registration - Registration Module Pages/Third Screen - Upload Supporting Doc- Preview/Select to Upload Borang SIP 2' is clicked on

2018-12-11 11:08:59 - [TEST_STEP][PASSED] - delay: Delayed 2 second(s)

2018-12-11 11:09:01 - [MESSAGE][PASSED] - Delayed 2 second(s)

2018-12-11 11:09:01 - [TEST_STEP][PASSED] - uploadFile: File 'C:\Users\Public\Pictures\Sample Pictures\Koala.jpg' sent to object: 'Object Repository/Final Object Repo/New Registration - Registration Module Pages/Third Screen - Upload Supporting Doc- Preview/Upload File Adding'

2018-12-11 11:09:01 - [MESSAGE][PASSED] - File 'C:\Users\Public\Pictures\Sample Pictures\Koala.jpg' sent to object: 'Object Repository/Final Object Repo/New Registration - Registration Module Pages/Third Screen - Upload Supporting Doc- Preview/Upload File Adding'

2018-12-11 11:09:01 - [TEST_STEP][PASSED] - delay: Delayed 5 second(s)

2018-12-11 11:09:06 - [MESSAGE][PASSED] - Delayed 5 second(s)

2018-12-11 11:09:06 - [TEST_STEP][PASSED] - click: Object: 'Object Repository/Final Object Repo/New Registration - Registration Module Pages/Third Screen - Upload Supporting Doc- Preview/Inner Form Add Document Button' is clicked on

2018-12-11 11:09:06 - [MESSAGE][PASSED] - Object: 'Object Repository/Final Object Repo/New Registration - Registration Module Pages/Third Screen - Upload Supporting Doc- Preview/Inner Form Add Document Button' is clicked on

2018-12-11 11:09:06 - [TEST_STEP][PASSED] - delay: Delayed 3 second(s)

2018-12-11 11:09:09 - [MESSAGE][PASSED] - Delayed 3 second(s)

2018-12-11 11:09:09 - [TEST_STEP][PASSED] - waitForElementClickable: Object 'Object Repository/Final Object Repo/New Registration - Registration Module Pages/Third Screen - Upload Supporting Doc- Preview/Save n Continue in Uploading Supporting Doc Page' is clickable

2018-12-11 11:09:10 - [MESSAGE][PASSED] - Object 'Object Repository/Final Object Repo/New Registration - Registration Module Pages/Third Screen - Upload Supporting Doc- Preview/Save n Continue in Uploading Supporting Doc Page' is clickable

2018-12-11 11:09:10 - [TEST_STEP][PASSED] - click: Object: 'Object Repository/Final Object Repo/New Registration - Registration Module Pages/Third Screen - Upload Supporting Doc- Preview/Save n Continue in Uploading Supporting Doc Page' is clicked on

2018-12-11 11:09:10 - [MESSAGE][PASSED] - Object: 'Object Repository/Final Object Repo/New Registration - Registration Module Pages/Third Screen - Upload Supporting Doc- Preview/Save n Continue in Uploading Supporting Doc Page' is clicked on

2018-12-11 11:09:10 - [MESSAGE][PASSED] - Call Test Case 'Test Cases/Final Aug 2018 - PKS Automation/Registration Module/New Registration/Flow of New Registration/Third Screen - Upload Supporting Doc - Preview' successfully

2018-12-11 11:09:10 - [TEST_STEP][PASSED] - setText: Text 'Tester' is set on object 'Object Repository/Final Object Repo/New Registration - Registration Module Pages/New Reg - OTC to RO/Special Case - All Related Objects/Employer Preview Name'

2018-12-11 11:09:15 - [MESSAGE][PASSED] - Text 'Tester' is set on object 'Object Repository/Final Object Repo/New Registration - Registration Module Pages/New Reg - OTC to RO/Special Case - All Related Objects/Employer Preview Name'

2018-12-11 11:09:15 - [TEST_STEP][PASSED] - click: Object: 'Object Repository/Final Object Repo/New Registration - Registration Module Pages/New Reg - OTC to RO/Special Case - All Related Objects/IC Type Drop Down' is clicked on

2018-12-11 11:09:15 - [MESSAGE][PASSED] - Object: 'Object Repository/Final Object Repo/New Registration - Registration Module Pages/New Reg - OTC to RO/Special Case - All Related Objects/IC Type Drop Down' is clicked on

2018-12-11 11:09:15 - [TEST_STEP][PASSED] - click: Object: 'Object Repository/Final Object Repo/New Registration - Registration Module Pages/New Reg - OTC to RO/Special Case - All Related Objects/Select to NRIC' is clicked on

2018-12-11 11:09:15 - [MESSAGE][PASSED] - Object: 'Object Repository/Final Object Repo/New Registration - Registration Module Pages/New Reg - OTC to RO/Special Case - All Related Objects/Select to NRIC' is clicked on

2018-12-11 11:09:15 - [TEST_STEP][PASSED] - setText: Text '133245561223' is set on object 'Object Repository/Final Object Repo/New Registration - Registration Module Pages/New Reg - OTC to RO/Special Case - All Related Objects/IC Value'

2018-12-11 11:09:16 - [MESSAGE][PASSED] - Text '133245561223' is set on object 'Object Repository/Final Object Repo/New Registration - Registration Module Pages/New Reg - OTC to RO/Special Case - All Related Objects/IC Value'

2018-12-11 11:09:16 - [TEST_STEP][PASSED] - setText: Text 'Auto' is set on object 'Object Repository/Final Object Repo/New Registration - Registration Module Pages/New Reg - OTC to RO/Special Case - All Related Objects/Designation'

2018-12-11 11:09:16 - [MESSAGE][PASSED] - Text 'Auto' is set on object 'Object Repository/Final Object Repo/New Registration - Registration Module Pages/New Reg - OTC to RO/Special Case - All Related Objects/Designation'

2018-12-11 11:09:16 - [TEST_STEP][PASSED] - callTestCase: Call Test Case 'Test Cases/Final Aug 2018 - PKS Automation/Registration Module/New Registration/Submit and Screenshot/Submit Registration and Screenshot - Copy' successfully

2018-12-11 11:09:16 - [TEST_CASE][PASSED] - Test Cases/Final Aug 2018 - PKS Automation/Registration Module/New Registration/Submit and Screenshot/Submit Registration and Screenshot - Copy: Test Cases/Final Aug 2018 - PKS Automation/Registration Module/New Registration/Submit and Screenshot/Submit Registration and Screenshot - Copy

2018-12-11 11:09:16 - [TEST_STEP][PASSED] - delay: Delayed 6 second(s)

2018-12-11 11:09:22 - [MESSAGE][PASSED] - Delayed 6 second(s)

2018-12-11 11:09:22 - [TEST_STEP][PASSED] - click: Object: 'Object Repository/Final Object Repo/New Registration - Registration Module Pages/Third Screen - Upload Supporting Doc- Preview/Preview Submit Button' is clicked on

2018-12-11 11:09:23 - [MESSAGE][PASSED] - Object: 'Object Repository/Final Object Repo/New Registration - Registration Module Pages/Third Screen - Upload Supporting Doc- Preview/Preview Submit Button' is clicked on

2018-12-11 11:09:23 - [TEST_STEP][PASSED] - delay: Delayed 2 second(s)

2018-12-11 11:09:25 - [MESSAGE][PASSED] - Delayed 2 second(s)

2018-12-11 11:09:25 - [TEST_STEP][PASSED] - click: Object: 'Object Repository/Final Object Repo/New Registration - Registration Module Pages/Third Screen - Upload Supporting Doc- Preview/Preview Submit - Confirm' is clicked on

2018-12-11 11:09:25 - [MESSAGE][PASSED] - Object: 'Object Repository/Final Object Repo/New Registration - Registration Module Pages/Third Screen - Upload Supporting Doc- Preview/Preview Submit - Confirm' is clicked on

2018-12-11 11:09:25 - [TEST_STEP][PASSED] - delay: Delayed 15 second(s)

2018-12-11 11:09:40 - [MESSAGE][PASSED] - Delayed 15 second(s)

2018-12-11 11:09:40 - [TEST_STEP][PASSED] - Statement - driver = com.kms.katalon.core.webui.driver.DriverFactory.getWebDriver(): null

2018-12-11 11:09:40 - [TEST_STEP][PASSED] - Statement - driver.manage().timeouts().implicitlyWait(10, SECONDS): null

2018-12-11 11:09:40 - [TEST_STEP][PASSED] - Statement - PresavePath = KatalonScreenshots: null

2018-12-11 11:09:40 - [TEST_STEP][PASSED] - Statement - pathPrefix = "C:\Users\Public\Pictures\Sample Pictures\Katalon Screenshots\Automate Ending Screen": null

2018-12-11 11:09:40 - [TEST_STEP][PASSED] - Statement - finalPath = <not implemented yet for class: org.codehaus.groovy.ast.expr.EmptyExpression>: null

2018-12-11 11:09:40 - [TEST_STEP][PASSED] - Statement - scrFile = driver.getScreenshotAs(FILE): null

2018-12-11 11:09:41 - [TEST_STEP][PASSED] - Statement - PreSaveFile = new java.io.File(PresavePath): null

2018-12-11 11:09:41 - [TEST_STEP][PASSED] - Statement - counter = 0: null

2018-12-11 11:09:41 - [TEST_STEP][PASSED] - Statement - If (PreSaveFile.exists()): null

2018-12-11 11:09:41 - [TEST_STEP][PASSED] - Statement - While (PreSaveFile.exists()): null

2018-12-11 11:09:41 - [TEST_STEP][PASSED] - Statement - counter = counter + 1: null

2018-12-11 11:09:41 - [TEST_STEP][PASSED] - Statement - PreSaveFile = new java.io.File(((pathPrefix + java.lang.Integer.toString(counter)) + .png)): null

2018-12-11 11:09:41 - [TEST_STEP][PASSED] - Statement - counter = counter + 1: null

2018-12-11 11:09:41 - [TEST_STEP][PASSED] - Statement - PreSaveFile = new java.io.File(((pathPrefix + java.lang.Integer.toString(counter)) + .png)): null

2018-12-11 11:09:41 - [TEST_STEP][PASSED] - Statement - counter = counter + 1: null

2018-12-11 11:09:41 - [TEST_STEP][PASSED] - Statement - PreSaveFile = new java.io.File(((pathPrefix + java.lang.Integer.toString(counter)) + .png)): null

2018-12-11 11:09:41 - [TEST_STEP][PASSED] - Statement - counter = counter + 1: null

2018-12-11 11:09:41 - [TEST_STEP][PASSED] - Statement - PreSaveFile = new java.io.File(((pathPrefix + java.lang.Integer.toString(counter)) + .png)): null

2018-12-11 11:09:41 - [TEST_STEP][PASSED] - Statement - counter = counter + 1: null

2018-12-11 11:09:41 - [TEST_STEP][PASSED] - Statement - PreSaveFile = new java.io.File(((pathPrefix + java.lang.Integer.toString(counter)) + .png)): null

2018-12-11 11:09:41 - [TEST_STEP][PASSED] - Statement - counter = counter + 1: null

2018-12-11 11:09:41 - [TEST_STEP][PASSED] - Statement - PreSaveFile = new java.io.File(((pathPrefix + java.lang.Integer.toString(counter)) + .png)): null

2018-12-11 11:09:41 - [TEST_STEP][PASSED] - Statement - counter = counter + 1: null

2018-12-11 11:09:41 - [TEST_STEP][PASSED] - Statement - PreSaveFile = new java.io.File(((pathPrefix + java.lang.Integer.toString(counter)) + .png)): null

2018-12-11 11:09:41 - [TEST_STEP][PASSED] - Statement - counter = counter + 1: null

2018-12-11 11:09:41 - [TEST_STEP][PASSED] - Statement - PreSaveFile = new java.io.File(((pathPrefix + java.lang.Integer.toString(counter)) + .png)): null

2018-12-11 11:09:41 - [TEST_STEP][PASSED] - Statement - counter = counter + 1: null

2018-12-11 11:09:41 - [TEST_STEP][PASSED] - Statement - PreSaveFile = new java.io.File(((pathPrefix + java.lang.Integer.toString(counter)) + .png)): null

2018-12-11 11:09:41 - [TEST_STEP][PASSED] - Statement - counter = counter + 1: null

2018-12-11 11:09:41 - [TEST_STEP][PASSED] - Statement - PreSaveFile = new java.io.File(((pathPrefix + java.lang.Integer.toString(counter)) + .png)): null

2018-12-11 11:09:41 - [TEST_STEP][PASSED] - Statement - counter = counter + 1: null

2018-12-11 11:09:41 - [TEST_STEP][PASSED] - Statement - PreSaveFile = new java.io.File(((pathPrefix + java.lang.Integer.toString(counter)) + .png)): null

2018-12-11 11:09:41 - [TEST_STEP][PASSED] - Statement - counter = counter + 1: null

2018-12-11 11:09:41 - [TEST_STEP][PASSED] - Statement - PreSaveFile = new java.io.File(((pathPrefix + java.lang.Integer.toString(counter)) + .png)): null

2018-12-11 11:09:41 - [TEST_STEP][PASSED] - Statement - counter = counter + 1: null

2018-12-11 11:09:41 - [TEST_STEP][PASSED] - Statement - PreSaveFile = new java.io.File(((pathPrefix + java.lang.Integer.toString(counter)) + .png)): null

2018-12-11 11:09:41 - [TEST_STEP][PASSED] - Statement - counter = counter + 1: null

2018-12-11 11:09:41 - [TEST_STEP][PASSED] - Statement - PreSaveFile = new java.io.File(((pathPrefix + java.lang.Integer.toString(counter)) + .png)): null

2018-12-11 11:09:41 - [TEST_STEP][PASSED] - Statement - counter = counter + 1: null

2018-12-11 11:09:41 - [TEST_STEP][PASSED] - Statement - PreSaveFile = new java.io.File(((pathPrefix + java.lang.Integer.toString(counter)) + .png)): null

2018-12-11 11:09:41 - [TEST_STEP][PASSED] - Statement - counter = counter + 1: null

2018-12-11 11:09:41 - [TEST_STEP][PASSED] - Statement - PreSaveFile = new java.io.File(((pathPrefix + java.lang.Integer.toString(counter)) + .png)): null

2018-12-11 11:09:41 - [TEST_STEP][PASSED] - Statement - counter = counter + 1: null

2018-12-11 11:09:41 - [TEST_STEP][PASSED] - Statement - PreSaveFile = new java.io.File(((pathPrefix + java.lang.Integer.toString(counter)) + .png)): null

2018-12-11 11:09:41 - [TEST_STEP][PASSED] - Statement - counter = counter + 1: null

2018-12-11 11:09:41 - [TEST_STEP][PASSED] - Statement - PreSaveFile = new java.io.File(((pathPrefix + java.lang.Integer.toString(counter)) + .png)): null

2018-12-11 11:09:41 - [TEST_STEP][PASSED] - Statement - counter = counter + 1: null

2018-12-11 11:09:41 - [TEST_STEP][PASSED] - Statement - PreSaveFile = new java.io.File(((pathPrefix + java.lang.Integer.toString(counter)) + .png)): null

2018-12-11 11:09:41 - [TEST_STEP][PASSED] - Statement - counter = counter + 1: null

2018-12-11 11:09:41 - [TEST_STEP][PASSED] - Statement - PreSaveFile = new java.io.File(((pathPrefix + java.lang.Integer.toString(counter)) + .png)): null

2018-12-11 11:09:41 - [TEST_STEP][PASSED] - Statement - counter = counter + 1: null

2018-12-11 11:09:41 - [TEST_STEP][PASSED] - Statement - PreSaveFile = new java.io.File(((pathPrefix + java.lang.Integer.toString(counter)) + .png)): null

2018-12-11 11:09:41 - [TEST_STEP][PASSED] - Statement - counter = counter + 1: null

2018-12-11 11:09:41 - [TEST_STEP][PASSED] - Statement - PreSaveFile = new java.io.File(((pathPrefix + java.lang.Integer.toString(counter)) + .png)): null

2018-12-11 11:09:41 - [TEST_STEP][PASSED] - Statement - counter = counter + 1: null

2018-12-11 11:09:41 - [TEST_STEP][PASSED] - Statement - PreSaveFile = new java.io.File(((pathPrefix + java.lang.Integer.toString(counter)) + .png)): null

2018-12-11 11:09:41 - [TEST_STEP][PASSED] - Statement - counter = counter + 1: null

2018-12-11 11:09:41 - [TEST_STEP][PASSED] - Statement - PreSaveFile = new java.io.File(((pathPrefix + java.lang.Integer.toString(counter)) + .png)): null

2018-12-11 11:09:41 - [TEST_STEP][PASSED] - Statement - counter = counter + 1: null

2018-12-11 11:09:41 - [TEST_STEP][PASSED] - Statement - PreSaveFile = new java.io.File(((pathPrefix + java.lang.Integer.toString(counter)) + .png)): null

2018-12-11 11:09:41 - [TEST_STEP][PASSED] - Statement - counter = counter + 1: null

2018-12-11 11:09:41 - [TEST_STEP][PASSED] - Statement - PreSaveFile = new java.io.File(((pathPrefix + java.lang.Integer.toString(counter)) + .png)): null

2018-12-11 11:09:41 - [TEST_STEP][PASSED] - Statement - counter = counter + 1: null

2018-12-11 11:09:41 - [TEST_STEP][PASSED] - Statement - PreSaveFile = new java.io.File(((pathPrefix + java.lang.Integer.toString(counter)) + .png)): null

2018-12-11 11:09:41 - [TEST_STEP][PASSED] - Statement - counter = counter + 1: null

2018-12-11 11:09:41 - [TEST_STEP][PASSED] - Statement - PreSaveFile = new java.io.File(((pathPrefix + java.lang.Integer.toString(counter)) + .png)): null

2018-12-11 11:09:41 - [TEST_STEP][PASSED] - Statement - counter = counter + 1: null

2018-12-11 11:09:41 - [TEST_STEP][PASSED] - Statement - PreSaveFile = new java.io.File(((pathPrefix + java.lang.Integer.toString(counter)) + .png)): null

2018-12-11 11:09:41 - [TEST_STEP][PASSED] - Statement - counter = counter + 1: null

2018-12-11 11:09:41 - [TEST_STEP][PASSED] - Statement - PreSaveFile = new java.io.File(((pathPrefix + java.lang.Integer.toString(counter)) + .png)): null

2018-12-11 11:09:41 - [TEST_STEP][PASSED] - Statement - finalPath = pathPrefix + java.lang.Integer.toString(counter) + ".png": null

2018-12-11 11:09:41 - [TEST_STEP][PASSED] - Statement - SaveFile = new java.io.File(finalPath): null

2018-12-11 11:09:41 - [TEST_STEP][PASSED] - Statement - Try: null

2018-12-11 11:09:41 - [TEST_STEP][PASSED] - Statement - org.apache.commons.io.FileUtils.copyFile(scrFile, SaveFile): null

2018-12-11 11:09:41 - [TEST_STEP][PASSED] - Statement - out.println("file kept"): null

2018-12-11 11:09:41 - [TEST_STEP][PASSED] - delay: Delayed 10 second(s)

2018-12-11 11:09:51 - [MESSAGE][PASSED] - Delayed 10 second(s)

2018-12-11 11:09:51 - [MESSAGE][PASSED] - Call Test Case 'Test Cases/Final Aug 2018 - PKS Automation/Registration Module/New Registration/Submit and Screenshot/Submit Registration and Screenshot - Copy' successfully

2018-12-11 11:09:51 - [TEST_STEP][PASSED] - Statement - UpdateAddNewECode = com.kms.katalon.core.webui.keyword.WebUiBuiltInKeywords.getText(com.kms.katalon.core.testobject.ObjectRepository.findTestObject(Object Repository/Final Object Repo/Page_Update Add New Employee - ASSIST/getEmpCode)): Text of object 'Object Repository/Final Object Repo/Page_Update Add New Employee - ASSIST/getEmpCode' is: 'E1102070738B'

2018-12-11 11:09:51 - [MESSAGE][PASSED] - Text of object 'Object Repository/Final Object Repo/Page_Update Add New Employee - ASSIST/getEmpCode' is: 'E1102070738B'

2018-12-11 11:09:51 - [TEST_STEP][PASSED] - callTestCase: Call Test Case 'Test Cases/Final Aug 2018 - PKS Automation/Common/Emp Code Setter' successfully

2018-12-11 11:09:51 - [TEST_CASE][PASSED] - Test Cases/Final Aug 2018 - PKS Automation/Common/Emp Code Setter: Test Cases/Final Aug 2018 - PKS Automation/Common/Emp Code Setter

2018-12-11 11:09:51 - [TEST_STEP][PASSED] - Statement - EmpCodeOld = new java.io.File(C://Users//Admin//Desktop//PKS//Automation Reference Point//EmpCode.txt): null

2018-12-11 11:09:51 - [TEST_STEP][PASSED] - Statement - EmpCodeOld.delete(): null

2018-12-11 11:09:51 - [TEST_STEP][PASSED] - Statement - EmpCode = new java.io.File(C://Users//Admin//Desktop//PKS//Automation Reference Point//EmpCode.txt): null

2018-12-11 11:09:51 - [TEST_STEP][PASSED] - Statement - f2 = new java.io.FileWriter(EmpCode, false): null

2018-12-11 11:09:51 - [TEST_STEP][PASSED] - Statement - f2.write(UpdateAddNewECode): null

2018-12-11 11:09:51 - [TEST_STEP][PASSED] - Statement - f2.close(): null

2018-12-11 11:09:51 - [TEST_STEP][PASSED] - Statement - out.println("


" + UpdateAddNewECode + "


"): null

2018-12-11 11:09:51 - [MESSAGE][PASSED] - Call Test Case 'Test Cases/Final Aug 2018 - PKS Automation/Common/Emp Code Setter' successfully

2018-12-11 11:09:51 - [MESSAGE][PASSED] - Call Test Case 'Test Cases/Final Aug 2018 - PKS Automation/Registration Module/Workflow/Update Add New Employee/Template/New Company for Update Add New - Employer' successfully

2018-12-11 11:09:51 - [TEST_STEP][PASSED] - callTestCase: Call Test Case 'Test Cases/Final Aug 2018 - PKS Automation/Create Employer Acc/Login to Employer Account (Second time)' successfully

2018-12-11 11:09:51 - [TEST_CASE][PASSED] - Test Cases/Final Aug 2018 - PKS Automation/Create Employer Acc/Login to Employer Account (Second time): Test Cases/Final Aug 2018 - PKS Automation/Create Employer Acc/Login to Employer Account (Second time)

2018-12-11 11:09:51 - [TEST_STEP][PASSED] - openBrowser: Browser is opened with url: ''

2018-12-11 11:09:51 - [MESSAGE][WARNING] - A browser is already opened. Closing browser and opening a new one

2018-12-11 11:09:55 - [MESSAGE][PASSED] - Browser is opened with url: ''

2018-12-11 11:09:55 - [TEST_STEP][PASSED] - navigateToUrl: Navigate to 'https://assist2-uat.perkeso.gov.my/employer/login' successfully

2018-12-11 11:09:56 - [MESSAGE][PASSED] - Navigate to 'https://assist2-uat.perkeso.gov.my/employer/login' successfully

2018-12-11 11:09:56 - [TEST_STEP][PASSED] - delay: Delayed 3 second(s)

2018-12-11 11:09:59 - [MESSAGE][PASSED] - Delayed 3 second(s)

2018-12-11 11:09:59 - [TEST_STEP][PASSED] - callTestCase: Call Test Case 'Test Cases/Final Aug 2018 - PKS Automation/Create Employer Acc/Template/Employer Email Getter' successfully

2018-12-11 11:09:59 - [TEST_CASE][PASSED] - Test Cases/Final Aug 2018 - PKS Automation/Create Employer Acc/Template/Employer Email Getter: Test Cases/Final Aug 2018 - PKS Automation/Create Employer Acc/Template/Employer Email Getter

2018-12-11 11:09:59 - [TEST_STEP][PASSED] - Statement - Try: null

2018-12-11 11:09:59 - [TEST_STEP][PASSED] - Statement - EmpEmail = new java.io.File(C://Users//Admin//Desktop//PKS//Automation Reference Point//EmpEmail.txt): null

2018-12-11 11:09:59 - [TEST_STEP][PASSED] - Statement - bufferread = new java.io.BufferedReader(new java.io.FileReader(EmpEmail)): null

2018-12-11 11:09:59 - [TEST_STEP][PASSED] - Statement - readedVal = bufferread.readLine(): null

2018-12-11 11:09:59 - [TEST_STEP][PASSED] - Statement - out.println(readedVal): null

2018-12-11 11:09:59 - [TEST_STEP][PASSED] - Statement - Email = readedVal: null

2018-12-11 11:09:59 - [MESSAGE][PASSED] - Call Test Case 'Test Cases/Final Aug 2018 - PKS Automation/Create Employer Acc/Template/Employer Email Getter' successfully

2018-12-11 11:09:59 - [TEST_STEP][PASSED] - setText: Text 'perkeso764163750816@gmail.com' is set on object 'Object Repository/Final Object Repo/Login Page/External Login Page/Email'

2018-12-11 11:09:59 - [MESSAGE][PASSED] - Text 'perkeso764163750816@gmail.com' is set on object 'Object Repository/Final Object Repo/Login Page/External Login Page/Email'

2018-12-11 11:09:59 - [TEST_STEP][PASSED] - click: Object: 'Object Repository/Final Object Repo/Login Page/External Login Page/Next' is clicked on

2018-12-11 11:09:59 - [MESSAGE][PASSED] - Object: 'Object Repository/Final Object Repo/Login Page/External Login Page/Next' is clicked on

2018-12-11 11:09:59 - [TEST_STEP][PASSED] - delay: Delayed 3 second(s)

2018-12-11 11:10:02 - [MESSAGE][PASSED] - Delayed 3 second(s)

2018-12-11 11:10:02 - [TEST_STEP][PASSED] - setEncryptedText: Text ****** has been set on object 'Object Repository/Final Object Repo/Login Page/External Login Page/Password'

2018-12-11 11:10:03 - [MESSAGE][PASSED] - Text ****** has been set on object 'Object Repository/Final Object Repo/Login Page/External Login Page/Password'

2018-12-11 11:10:03 - [TEST_STEP][PASSED] - click: Object: 'Object Repository/Final Object Repo/Login Page/External Login Page/Login' is clicked on

2018-12-11 11:10:03 - [MESSAGE][PASSED] - Object: 'Object Repository/Final Object Repo/Login Page/External Login Page/Login' is clicked on

2018-12-11 11:10:03 - [TEST_STEP][PASSED] - delay: Delayed 5 second(s)

2018-12-11 11:10:08 - [MESSAGE][PASSED] - Delayed 5 second(s)

2018-12-11 11:10:08 - [MESSAGE][PASSED] - Call Test Case 'Test Cases/Final Aug 2018 - PKS Automation/Create Employer Acc/Login to Employer Account (Second time)' successfully

2018-12-11 11:10:08 - [TEST_STEP][PASSED] - navigateToUrl: Navigate to 'https://assist2-uat.perkeso.gov.my/web/registration/update/form-1a-cessation-as-employer-discontinue-business-' successfully

2018-12-11 11:10:09 - [MESSAGE][PASSED] - Navigate to 'https://assist2-uat.perkeso.gov.my/web/registration/update/form-1a-cessation-as-employer-discontinue-business-' successfully

2018-12-11 11:10:09 - [TEST_STEP][PASSED] - callTestCase: Call Test Case 'Test Cases/Final Aug 2018 - PKS Automation/Common/Emp Code Getter' successfully

2018-12-11 11:10:09 - [TEST_CASE][PASSED] - Test Cases/Final Aug 2018 - PKS Automation/Common/Emp Code Getter: Test Cases/Final Aug 2018 - PKS Automation/Common/Emp Code Getter

2018-12-11 11:10:09 - [TEST_STEP][PASSED] - Statement - Try: null

2018-12-11 11:10:09 - [TEST_STEP][PASSED] - Statement - EmpCode = new java.io.File(C://Users//Admin//Desktop//PKS//Automation Reference Point//EmpCode.txt): null

2018-12-11 11:10:09 - [TEST_STEP][PASSED] - Statement - bufferread = new java.io.BufferedReader(new java.io.FileReader(EmpCode)): null

2018-12-11 11:10:09 - [TEST_STEP][PASSED] - Statement - readedVal = bufferread.readLine(): null

2018-12-11 11:10:09 - [TEST_STEP][PASSED] - Statement - out.println(readedVal): null

2018-12-11 11:10:09 - [TEST_STEP][PASSED] - Statement - UpdateAddNewECode = readedVal: null

2018-12-11 11:10:09 - [MESSAGE][PASSED] - Call Test Case 'Test Cases/Final Aug 2018 - PKS Automation/Common/Emp Code Getter' successfully

2018-12-11 11:10:09 - [TEST_STEP][PASSED] - setText: Text 'E1102070738B' is set on object 'Object Repository/Final Object Repo/Page_Update Employer Information/Employer Code'

2018-12-11 11:10:10 - [MESSAGE][PASSED] - Text 'E1102070738B' is set on object 'Object Repository/Final Object Repo/Page_Update Employer Information/Employer Code'

2018-12-11 11:10:10 - [TEST_STEP][PASSED] - click: Object: 'Object Repository/Final Object Repo/Page_Update Employer Information/Search Button' is clicked on

2018-12-11 11:10:10 - [MESSAGE][PASSED] - Object: 'Object Repository/Final Object Repo/Page_Update Employer Information/Search Button' is clicked on

2018-12-11 11:10:10 - [TEST_STEP][PASSED] - delay: Delayed 2 second(s)

2018-12-11 11:10:12 - [MESSAGE][PASSED] - Delayed 2 second(s)

2018-12-11 11:10:12 - [TEST_STEP][PASSED] - click: Object: 'Object Repository/Final Object Repo/Page_Update Employer Information/Edit Button' is clicked on

2018-12-11 11:10:13 - [MESSAGE][PASSED] - Object: 'Object Repository/Final Object Repo/Page_Update Employer Information/Edit Button' is clicked on

2018-12-11 11:10:13 - [TEST_STEP][PASSED] - Statement - abc = com.kms.katalon.core.webui.keyword.WebUiBuiltInKeywords.getAttribute(com.kms.katalon.core.testobject.ObjectRepository.findTestObject(Final Object Repo/Page_Form 1A - Cessation As Employer/Employer Status), "value"): Attribute 'value' of object 'Object Repository/Final Object Repo/Page_Form 1A - Cessation As Employer/Employer Status' is: 'Active'

2018-12-11 11:10:13 - [MESSAGE][PASSED] - Attribute 'value' of object 'Object Repository/Final Object Repo/Page_Form 1A - Cessation As Employer/Employer Status' is: 'Active'

2018-12-11 11:10:13 - [TEST_STEP][PASSED] - Statement - out.println(abc): null

2018-12-11 11:10:13 - [TEST_STEP][PASSED] - Statement - If (abc == "Active"): Object: 'Object Repository/Final Object Repo/Page_Form 1A - Cessation As Employer/Change Employer Status to - Dormant' is clicked on

2018-12-11 11:10:13 - [TEST_STEP][PASSED] - click: Object: 'Object Repository/Final Object Repo/Page_Form 1A - Cessation As Employer/Change Employer Status to' is clicked on

2018-12-11 11:10:13 - [MESSAGE][PASSED] - Object: 'Object Repository/Final Object Repo/Page_Form 1A - Cessation As Employer/Change Employer Status to' is clicked on

2018-12-11 11:10:13 - [TEST_STEP][PASSED] - click: Object: 'Object Repository/Final Object Repo/Page_Form 1A - Cessation As Employer/Change Employer Status to - Dormant' is clicked on

2018-12-11 11:10:13 - [MESSAGE][PASSED] - Object: 'Object Repository/Final Object Repo/Page_Form 1A - Cessation As Employer/Change Employer Status to - Dormant' is clicked on

2018-12-11 11:10:13 - [TEST_STEP][PASSED] - click: Object: 'Object Repository/Final Object Repo/Page_Form 1A - Cessation As Employer/Calender' is clicked on

2018-12-11 11:10:14 - [MESSAGE][PASSED] - Object: 'Object Repository/Final Object Repo/Page_Form 1A - Cessation As Employer/Calender' is clicked on

2018-12-11 11:10:14 - [TEST_STEP][PASSED] - click: Object: 'Object Repository/Final Object Repo/Page_Form 1A - Cessation As Employer/Calender - Date' is clicked on

2018-12-11 11:10:14 - [MESSAGE][PASSED] - Object: 'Object Repository/Final Object Repo/Page_Form 1A - Cessation As Employer/Calender - Date' is clicked on

2018-12-11 11:10:14 - [TEST_STEP][PASSED] - delay: Delayed 2 second(s)

2018-12-11 11:10:16 - [MESSAGE][PASSED] - Delayed 2 second(s)

2018-12-11 11:10:16 - [TEST_STEP][PASSED] - click: Object: 'Object Repository/Final Object Repo/Page_Form 1A - Cessation As Employer/Save  Continue in Form 1A Page' is clicked on

2018-12-11 11:10:16 - [MESSAGE][PASSED] - Object: 'Object Repository/Final Object Repo/Page_Form 1A - Cessation As Employer/Save  Continue in Form 1A Page' is clicked on

2018-12-11 11:10:16 - [TEST_STEP][PASSED] - delay: Delayed 2 second(s)

2018-12-11 11:10:18 - [MESSAGE][PASSED] - Delayed 2 second(s)

2018-12-11 11:10:18 - [TEST_STEP][PASSED] - click: Object: 'Object Repository/Final Object Repo/Page_Form 1A - Cessation As Employer/Employment Resign Date' is clicked on

2018-12-11 11:10:18 - [MESSAGE][PASSED] - Object: 'Object Repository/Final Object Repo/Page_Form 1A - Cessation As Employer/Employment Resign Date' is clicked on

2018-12-11 11:10:18 - [TEST_STEP][PASSED] - delay: Delayed 1 second(s)

2018-12-11 11:10:19 - [MESSAGE][PASSED] - Delayed 1 second(s)

2018-12-11 11:10:19 - [TEST_STEP][PASSED] - Statement - CaseReferenceNo = com.kms.katalon.core.webui.keyword.WebUiBuiltInKeywords.getText(com.kms.katalon.core.testobject.ObjectRepository.findTestObject(Final Object Repo/Page_Update Employer Information/Reference Number in Update Employee Information Page)): Text of object 'Object Repository/Final Object Repo/Page_Update Employer Information/Reference Number in Update Employee Information Page' is: 'CUN122018C200001707'

2018-12-11 11:10:19 - [MESSAGE][PASSED] - Text of object 'Object Repository/Final Object Repo/Page_Update Employer Information/Reference Number in Update Employee Information Page' is: 'CUN122018C200001707'

2018-12-11 11:10:19 - [TEST_STEP][PASSED] - callTestCase: Call Test Case 'Test Cases/Final Aug 2018 - PKS Automation/Common/Reference Number Setter' successfully

2018-12-11 11:10:19 - [TEST_CASE][PASSED] - Test Cases/Final Aug 2018 - PKS Automation/Common/Reference Number Setter: Test Cases/Final Aug 2018 - PKS Automation/Common/Reference Number Setter

2018-12-11 11:10:19 - [TEST_STEP][PASSED] - Statement - RefNoOldFile = new java.io.File(C://Users//Admin//Desktop//PKS//Automation Reference Point//KatalonReference.txt): null

2018-12-11 11:10:19 - [TEST_STEP][PASSED] - Statement - RefNoOldFile.delete(): null

2018-12-11 11:10:19 - [TEST_STEP][PASSED] - delay: Delayed 5 second(s)

2018-12-11 11:10:24 - [MESSAGE][PASSED] - Delayed 5 second(s)

2018-12-11 11:10:24 - [TEST_STEP][PASSED] - Statement - RefNo = new java.io.File(C://Users//Admin//Desktop//PKS//Automation Reference Point//KatalonReference.txt): null

2018-12-11 11:10:24 - [TEST_STEP][PASSED] - Statement - f2 = new java.io.FileWriter(RefNo, false): null

2018-12-11 11:10:24 - [TEST_STEP][PASSED] - Statement - f2.write(CaseReferenceNo): null

2018-12-11 11:10:24 - [TEST_STEP][PASSED] - Statement - f2.close(): null

2018-12-11 11:10:24 - [TEST_STEP][PASSED] - Statement - out.println("


" + CaseReferenceNo + "


"): null

2018-12-11 11:10:24 - [MESSAGE][PASSED] - Call Test Case 'Test Cases/Final Aug 2018 - PKS Automation/Common/Reference Number Setter' successfully

2018-12-11 11:10:24 - [TEST_STEP][PASSED] - selectOptionByValue: All options with value '2030' are selected in object 'Object Repository/Final Object Repo/Page_Form 1A - Cessation As Employer/Employment Resign Date - Year' 

2018-12-11 11:10:25 - [MESSAGE][PASSED] - All options with value '2030' are selected in object 'Object Repository/Final Object Repo/Page_Form 1A - Cessation As Employer/Employment Resign Date - Year' 

2018-12-11 11:10:25 - [TEST_STEP][PASSED] - delay: Delayed 1 second(s)

2018-12-11 11:10:26 - [MESSAGE][PASSED] - Delayed 1 second(s)

2018-12-11 11:10:26 - [TEST_STEP][PASSED] - click: Object: 'Object Repository/Final Object Repo/Page_Form 1A - Cessation As Employer/Employment Resign Date - Year - Date' is clicked on

2018-12-11 11:10:26 - [MESSAGE][PASSED] - Object: 'Object Repository/Final Object Repo/Page_Form 1A - Cessation As Employer/Employment Resign Date - Year - Date' is clicked on

2018-12-11 11:10:26 - [TEST_STEP][PASSED] - delay: Delayed 2 second(s)

2018-12-11 11:10:28 - [MESSAGE][PASSED] - Delayed 2 second(s)

2018-12-11 11:10:28 - [TEST_STEP][PASSED] - click: Object: 'Object Repository/Final Object Repo/Page_Form 1A - Cessation As Employer/Save  Continue in Update Add Employee Resigned Date Page' is clicked on

2018-12-11 11:10:28 - [MESSAGE][PASSED] - Object: 'Object Repository/Final Object Repo/Page_Form 1A - Cessation As Employer/Save  Continue in Update Add Employee Resigned Date Page' is clicked on

2018-12-11 11:10:28 - [TEST_STEP][PASSED] - delay: Delayed 2 second(s)

2018-12-11 11:10:30 - [MESSAGE][PASSED] - Delayed 2 second(s)

2018-12-11 11:10:30 - [TEST_STEP][PASSED] - click: Object: 'Object Repository/Final Object Repo/Page_Form 1A - Cessation As Employer/Set Latest - Yes' is clicked on

2018-12-11 11:10:30 - [MESSAGE][PASSED] - Object: 'Object Repository/Final Object Repo/Page_Form 1A - Cessation As Employer/Set Latest - Yes' is clicked on

2018-12-11 11:10:30 - [TEST_STEP][PASSED] - delay: Delayed 2 second(s)

2018-12-11 11:10:32 - [MESSAGE][PASSED] - Delayed 2 second(s)

2018-12-11 11:10:32 - [TEST_STEP][PASSED] - click: Object: 'Object Repository/Final Object Repo/Page_Form 1A - Cessation As Employer/Add Document' is clicked on

2018-12-11 11:10:33 - [MESSAGE][PASSED] - Object: 'Object Repository/Final Object Repo/Page_Form 1A - Cessation As Employer/Add Document' is clicked on

2018-12-11 11:10:33 - [TEST_STEP][PASSED] - delay: Delayed 3 second(s)

2018-12-11 11:10:36 - [MESSAGE][PASSED] - Delayed 3 second(s)

2018-12-11 11:10:36 - [TEST_STEP][PASSED] - click: Object: 'Object Repository/Final Object Repo/Page_Form 1A - Cessation As Employer/Document Type' is clicked on

2018-12-11 11:10:37 - [MESSAGE][PASSED] - Object: 'Object Repository/Final Object Repo/Page_Form 1A - Cessation As Employer/Document Type' is clicked on

2018-12-11 11:10:37 - [TEST_STEP][PASSED] - delay: Delayed 2 second(s)

2018-12-11 11:10:39 - [MESSAGE][PASSED] - Delayed 2 second(s)

2018-12-11 11:10:39 - [TEST_STEP][PASSED] - click: Object: 'Object Repository/Final Object Repo/Page_Form 1A - Cessation As Employer/Document Type - Supporting Document For Cessation' is clicked on

2018-12-11 11:10:39 - [MESSAGE][PASSED] - Object: 'Object Repository/Final Object Repo/Page_Form 1A - Cessation As Employer/Document Type - Supporting Document For Cessation' is clicked on

2018-12-11 11:10:39 - [TEST_STEP][PASSED] - delay: Delayed 2 second(s)

2018-12-11 11:10:41 - [MESSAGE][PASSED] - Delayed 2 second(s)

2018-12-11 11:10:41 - [TEST_STEP][PASSED] - sendKeys: Keys 'C:\Users\Public\Pictures\Sample Pictures\Koala.jpg' sent to object: 'Object Repository/Final Object Repo/Page_Form 1A - Cessation As Employer/Uploading File'

2018-12-11 11:10:41 - [MESSAGE][PASSED] - Keys 'C:\Users\Public\Pictures\Sample Pictures\Koala.jpg' sent to object: 'Object Repository/Final Object Repo/Page_Form 1A - Cessation As Employer/Uploading File'

2018-12-11 11:10:41 - [TEST_STEP][PASSED] - delay: Delayed 2 second(s)

2018-12-11 11:10:43 - [MESSAGE][PASSED] - Delayed 2 second(s)

2018-12-11 11:10:43 - [TEST_STEP][PASSED] - click: Object: 'Object Repository/Final Object Repo/Page_Form 1A - Cessation As Employer/Add Document in Uploading Page' is clicked on

2018-12-11 11:10:43 - [MESSAGE][PASSED] - Object: 'Object Repository/Final Object Repo/Page_Form 1A - Cessation As Employer/Add Document in Uploading Page' is clicked on

2018-12-11 11:10:43 - [TEST_STEP][PASSED] - delay: Delayed 2 second(s)

2018-12-11 11:10:45 - [MESSAGE][PASSED] - Delayed 2 second(s)

2018-12-11 11:10:45 - [TEST_STEP][PASSED] - click: Object: 'Object Repository/Final Object Repo/Page_Form 1A - Cessation As Employer/Save  Continue in Uploading Page' is clicked on

2018-12-11 11:10:47 - [MESSAGE][PASSED] - Object: 'Object Repository/Final Object Repo/Page_Form 1A - Cessation As Employer/Save  Continue in Uploading Page' is clicked on

2018-12-11 11:10:47 - [TEST_STEP][PASSED] - delay: Delayed 2 second(s)

2018-12-11 11:10:49 - [MESSAGE][PASSED] - Delayed 2 second(s)

2018-12-11 11:10:49 - [TEST_STEP][PASSED] - click: Object: 'Object Repository/Final Object Repo/Page_Form 1A - Cessation As Employer/Submit2' is clicked on

2018-12-11 11:10:52 - [MESSAGE][PASSED] - Object: 'Object Repository/Final Object Repo/Page_Form 1A - Cessation As Employer/Submit2' is clicked on

2018-12-11 11:10:52 - [TEST_STEP][PASSED] - delay: Delayed 2 second(s)

2018-12-11 11:10:54 - [MESSAGE][PASSED] - Delayed 2 second(s)

2018-12-11 11:10:54 - [TEST_STEP][PASSED] - click: Object: 'Object Repository/Final Object Repo/Page_Form 1A - Cessation As Employer/Confirm' is clicked on

2018-12-11 11:10:54 - [MESSAGE][PASSED] - Object: 'Object Repository/Final Object Repo/Page_Form 1A - Cessation As Employer/Confirm' is clicked on

2018-12-11 11:10:54 - [TEST_STEP][PASSED] - delay: Delayed 2 second(s)

2018-12-11 11:10:56 - [MESSAGE][PASSED] - Delayed 2 second(s)

2018-12-11 11:10:56 - [TEST_STEP][PASSED] - verifyElementVisible: Object 'Object Repository/Final Object Repo/Page_Form 1A - Cessation As Employer/Message Your Request will be routed to UO' is visible

2018-12-11 11:11:00 - [MESSAGE][PASSED] - Object 'Object Repository/Final Object Repo/Page_Form 1A - Cessation As Employer/Message Your Request will be routed to UO' is visible

2018-12-11 11:11:00 - [TEST_STEP][PASSED] - delay: Delayed 1 second(s)

2018-12-11 11:11:01 - [MESSAGE][PASSED] - Delayed 1 second(s)

2018-12-11 11:11:01 - [TEST_STEP][PASSED] - verifyElementVisible: Object 'Object Repository/Final Object Repo/Page_Form 1A - Cessation As Employer/Letter of acknowledgement' is visible

2018-12-11 11:11:01 - [MESSAGE][PASSED] - Object 'Object Repository/Final Object Repo/Page_Form 1A - Cessation As Employer/Letter of acknowledgement' is visible

2018-12-11 11:11:01 - [MESSAGE][PASSED] - Call Test Case 'Test Cases/Final Aug 2018 - PKS Automation/Registration Module/Workflow/Form 1A - Cessation As Employer/Template/Form 1 A - Cessation As Employer (Employer)' successfully

2018-12-11 11:11:01 - [TEST_STEP][PASSED] - callTestCase: Call Test Case 'Test Cases/Final Aug 2018 - PKS Automation/Registration Module/Workflow/Form 1A - Cessation As Employer/Template/Form 1 A - Cessation As Employer (Approve)' successfully

2018-12-11 11:11:01 - [TEST_CASE][PASSED] - Test Cases/Final Aug 2018 - PKS Automation/Registration Module/Workflow/Form 1A - Cessation As Employer/Template/Form 1 A - Cessation As Employer (Approve): Test Cases/Final Aug 2018 - PKS Automation/Registration Module/Workflow/Form 1A - Cessation As Employer/Template/Form 1 A - Cessation As Employer (Approve)

2018-12-11 11:11:02 - [TEST_STEP][NOT_RUN] - callTestCase: NOT_RUN: callTestCase

2018-12-11 11:11:02 - [MESSAGE][NOT_RUN] - NOT_RUN: callTestCase

2018-12-11 11:11:02 - [TEST_STEP][PASSED] - delay: Delayed 1 second(s)

2018-12-11 11:11:03 - [MESSAGE][PASSED] - Delayed 1 second(s)

2018-12-11 11:11:03 - [TEST_STEP][PASSED] - navigateToUrl: Navigate to 'https://assist2-uat.perkeso.gov.my/c/portal/logout' successfully

2018-12-11 11:11:03 - [MESSAGE][PASSED] - Navigate to 'https://assist2-uat.perkeso.gov.my/c/portal/logout' successfully

2018-12-11 11:11:03 - [TEST_STEP][PASSED] - delay: Delayed 1 second(s)

2018-12-11 11:11:04 - [MESSAGE][PASSED] - Delayed 1 second(s)

2018-12-11 11:11:04 - [TEST_STEP][PASSED] - callTestCase: Call Test Case 'Test Cases/Final Aug 2018 - PKS Automation/Common/Reference Number Getter' successfully

2018-12-11 11:11:04 - [TEST_CASE][PASSED] - Test Cases/Final Aug 2018 - PKS Automation/Common/Reference Number Getter: Test Cases/Final Aug 2018 - PKS Automation/Common/Reference Number Getter

2018-12-11 11:11:05 - [TEST_STEP][PASSED] - Statement - Try: null

2018-12-11 11:11:05 - [TEST_STEP][PASSED] - Statement - RefNo = new java.io.File(C://Users//Admin//Desktop//PKS//Automation Reference Point//KatalonReference.txt): null

2018-12-11 11:11:05 - [TEST_STEP][PASSED] - Statement - bufferread = new java.io.BufferedReader(new java.io.FileReader(RefNo)): null

2018-12-11 11:11:05 - [TEST_STEP][PASSED] - Statement - readedVal = bufferread.readLine(): null

2018-12-11 11:11:05 - [TEST_STEP][PASSED] - Statement - out.println(CaseReferenceNo): null

2018-12-11 11:11:05 - [TEST_STEP][PASSED] - Statement - out.println(readedVal): null

2018-12-11 11:11:05 - [TEST_STEP][PASSED] - Statement - CaseReferenceNo = "": null

2018-12-11 11:11:05 - [TEST_STEP][PASSED] - Statement - CaseReferenceNo = readedVal: null

2018-12-11 11:11:05 - [MESSAGE][PASSED] - Call Test Case 'Test Cases/Final Aug 2018 - PKS Automation/Common/Reference Number Getter' successfully

2018-12-11 11:11:05 - [TEST_STEP][PASSED] - callTestCase: Call Test Case 'Test Cases/Final Aug 2018 - PKS Automation/Common/Workflow Owner Finder' successfully

2018-12-11 11:11:05 - [TEST_CASE][PASSED] - Test Cases/Final Aug 2018 - PKS Automation/Common/Workflow Owner Finder: Test Cases/Final Aug 2018 - PKS Automation/Common/Workflow Owner Finder

2018-12-11 11:11:05 - [TEST_STEP][PASSED] - openBrowser: Browser is opened with url: ''

2018-12-11 11:11:05 - [MESSAGE][WARNING] - A browser is already opened. Closing browser and opening a new one

2018-12-11 11:11:08 - [MESSAGE][PASSED] - Browser is opened with url: ''

2018-12-11 11:11:08 - [TEST_STEP][PASSED] - navigateToUrl: Navigate to 'https://assist2-uat.perkeso.gov.my/login' successfully

2018-12-11 11:11:09 - [MESSAGE][PASSED] - Navigate to 'https://assist2-uat.perkeso.gov.my/login' successfully

2018-12-11 11:11:09 - [TEST_STEP][PASSED] - delay: Delayed 5 second(s)

2018-12-11 11:11:14 - [MESSAGE][PASSED] - Delayed 5 second(s)

2018-12-11 11:11:14 - [TEST_STEP][PASSED] - setText: Text 'test@liferay.com' is set on object 'Object Repository/Final Object Repo/Login Page/Internal User/Email Address'

2018-12-11 11:11:15 - [MESSAGE][PASSED] - Text 'test@liferay.com' is set on object 'Object Repository/Final Object Repo/Login Page/Internal User/Email Address'

2018-12-11 11:11:15 - [TEST_STEP][PASSED] - click: Object: 'Object Repository/Final Object Repo/Login Page/Internal User/Next Button' is clicked on

2018-12-11 11:11:15 - [MESSAGE][PASSED] - Object: 'Object Repository/Final Object Repo/Login Page/Internal User/Next Button' is clicked on

2018-12-11 11:11:15 - [TEST_STEP][PASSED] - delay: Delayed 2 second(s)

2018-12-11 11:11:17 - [MESSAGE][PASSED] - Delayed 2 second(s)

2018-12-11 11:11:17 - [TEST_STEP][PASSED] - setText: Text 'test' is set on object 'Object Repository/Final Object Repo/Login Page/Internal User/Password'

2018-12-11 11:11:17 - [MESSAGE][PASSED] - Text 'test' is set on object 'Object Repository/Final Object Repo/Login Page/Internal User/Password'

2018-12-11 11:11:17 - [TEST_STEP][PASSED] - delay: Delayed 2 second(s)

2018-12-11 11:11:19 - [MESSAGE][PASSED] - Delayed 2 second(s)

2018-12-11 11:11:19 - [TEST_STEP][PASSED] - click: Object: 'Object Repository/Final Object Repo/Login Page/Internal User/Login Button' is clicked on

2018-12-11 11:11:19 - [MESSAGE][PASSED] - Object: 'Object Repository/Final Object Repo/Login Page/Internal User/Login Button' is clicked on

2018-12-11 11:11:19 - [TEST_STEP][PASSED] - Statement - tester = com.kms.katalon.core.testobject.ObjectRepository.findTestObject(Final Object Repo/Landing Page/Select to English): Finding Test Object with id 'Object Repository/Final Object Repo/Landing Page/Select to English'

2018-12-11 11:11:19 - [TEST_STEP][PASSED] - Statement - Try: Delayed 2 second(s)

2018-12-11 11:11:19 - [TEST_STEP][PASSED] - Statement - Checker = com.kms.katalon.core.webui.keyword.WebUiBuiltInKeywords.verifyElementNotPresent(tester, 3): Web element with id: 'Object Repository/Final Object Repo/Landing Page/Select to English' located by 'By.xpath: //a[@class = 'taglib-language-list-text' and @lang = 'en-US' and (contains(text(), 'EN') or contains(., 'EN'))]' is not present after '3' second(s)

2018-12-11 11:11:21 - [MESSAGE][PASSED] - Web element with id: 'Object Repository/Final Object Repo/Landing Page/Select to English' located by 'By.xpath: //a[@class = 'taglib-language-list-text' and @lang = 'en-US' and (contains(text(), 'EN') or contains(., 'EN'))]' is not present after '3' second(s)

2018-12-11 11:11:21 - [TEST_STEP][PASSED] - Statement - If (Checker == false): null

2018-12-11 11:11:21 - [TEST_STEP][PASSED] - delay: Delayed 2 second(s)

2018-12-11 11:11:23 - [MESSAGE][PASSED] - Delayed 2 second(s)

2018-12-11 11:11:23 - [TEST_STEP][PASSED] - delay: Delayed 5 second(s)

2018-12-11 11:11:28 - [MESSAGE][PASSED] - Delayed 5 second(s)

2018-12-11 11:11:28 - [TEST_STEP][PASSED] - mouseOver: Object: 'Object Repository/Final Object Repo/Landing Page/WorkFlow Menu' is hovered

2018-12-11 11:11:28 - [MESSAGE][PASSED] - Object: 'Object Repository/Final Object Repo/Landing Page/WorkFlow Menu' is hovered

2018-12-11 11:11:28 - [TEST_STEP][PASSED] - delay: Delayed 2 second(s)

2018-12-11 11:11:30 - [MESSAGE][PASSED] - Delayed 2 second(s)

2018-12-11 11:11:30 - [TEST_STEP][PASSED] - click: Object: 'Object Repository/Final Object Repo/Landing Page/Select to Workflow Listing' is clicked on

2018-12-11 11:11:32 - [MESSAGE][PASSED] - Object: 'Object Repository/Final Object Repo/Landing Page/Select to Workflow Listing' is clicked on

2018-12-11 11:11:32 - [TEST_STEP][PASSED] - delay: Delayed 2 second(s)

2018-12-11 11:11:34 - [MESSAGE][PASSED] - Delayed 2 second(s)

2018-12-11 11:11:34 - [TEST_STEP][PASSED] - click: Object: 'Object Repository/Final Object Repo/WorkFlow Listing Page/Search Information - To Put Ref No' is clicked on

2018-12-11 11:11:34 - [MESSAGE][PASSED] - Object: 'Object Repository/Final Object Repo/WorkFlow Listing Page/Search Information - To Put Ref No' is clicked on

2018-12-11 11:11:34 - [TEST_STEP][PASSED] - delay: Delayed 2 second(s)

2018-12-11 11:11:36 - [MESSAGE][PASSED] - Delayed 2 second(s)

2018-12-11 11:11:36 - [TEST_STEP][PASSED] - callTestCase: Call Test Case 'Test Cases/Final Aug 2018 - PKS Automation/Common/Reference Number Getter' successfully

2018-12-11 11:11:36 - [TEST_CASE][PASSED] - Test Cases/Final Aug 2018 - PKS Automation/Common/Reference Number Getter: Test Cases/Final Aug 2018 - PKS Automation/Common/Reference Number Getter

2018-12-11 11:11:36 - [TEST_STEP][PASSED] - Statement - Try: null

2018-12-11 11:11:36 - [TEST_STEP][PASSED] - Statement - RefNo = new java.io.File(C://Users//Admin//Desktop//PKS//Automation Reference Point//KatalonReference.txt): null

2018-12-11 11:11:36 - [TEST_STEP][PASSED] - Statement - bufferread = new java.io.BufferedReader(new java.io.FileReader(RefNo)): null

2018-12-11 11:11:36 - [TEST_STEP][PASSED] - Statement - readedVal = bufferread.readLine(): null

2018-12-11 11:11:36 - [TEST_STEP][PASSED] - Statement - out.println(CaseReferenceNo): null

2018-12-11 11:11:36 - [TEST_STEP][PASSED] - Statement - out.println(readedVal): null

2018-12-11 11:11:36 - [TEST_STEP][PASSED] - Statement - CaseReferenceNo = "": null

2018-12-11 11:11:36 - [TEST_STEP][PASSED] - Statement - CaseReferenceNo = readedVal: null

2018-12-11 11:11:36 - [MESSAGE][PASSED] - Call Test Case 'Test Cases/Final Aug 2018 - PKS Automation/Common/Reference Number Getter' successfully

2018-12-11 11:11:36 - [TEST_STEP][PASSED] - setText: Text 'CUN122018C200001707' is set on object 'Object Repository/Final Object Repo/WorkFlow Listing Page/Ref No Set Text'

2018-12-11 11:11:36 - [MESSAGE][PASSED] - Text 'CUN122018C200001707' is set on object 'Object Repository/Final Object Repo/WorkFlow Listing Page/Ref No Set Text'

2018-12-11 11:11:36 - [TEST_STEP][PASSED] - delay: Delayed 2 second(s)

2018-12-11 11:11:38 - [MESSAGE][PASSED] - Delayed 2 second(s)

2018-12-11 11:11:38 - [TEST_STEP][PASSED] - click: Object: 'Object Repository/Final Object Repo/WorkFlow Listing Page/Search Ref No Search Button' is clicked on

2018-12-11 11:11:39 - [MESSAGE][PASSED] - Object: 'Object Repository/Final Object Repo/WorkFlow Listing Page/Search Ref No Search Button' is clicked on

2018-12-11 11:11:39 - [TEST_STEP][PASSED] - delay: Delayed 6 second(s)

2018-12-11 11:11:45 - [MESSAGE][PASSED] - Delayed 6 second(s)

2018-12-11 11:11:45 - [TEST_STEP][PASSED] - click: Object: 'Object Repository/Final Object Repo/WorkFlow Listing Page/Click Continue Tooltip' is clicked on

2018-12-11 11:11:46 - [MESSAGE][PASSED] - Object: 'Object Repository/Final Object Repo/WorkFlow Listing Page/Click Continue Tooltip' is clicked on

2018-12-11 11:11:46 - [TEST_STEP][PASSED] - delay: Delayed 5 second(s)

2018-12-11 11:11:51 - [MESSAGE][PASSED] - Delayed 5 second(s)

2018-12-11 11:11:51 - [TEST_STEP][PASSED] - doubleClick: Object: 'Object Repository/Final Object Repo/WorkFlow Listing Page/Workflow Found - Listing 1' is double clicked on

2018-12-11 11:11:51 - [MESSAGE][PASSED] - Object: 'Object Repository/Final Object Repo/WorkFlow Listing Page/Workflow Found - Listing 1' is double clicked on

2018-12-11 11:11:51 - [TEST_STEP][PASSED] - Statement - println(OwnerID): null

2018-12-11 11:11:51 - [TEST_STEP][PASSED] - Statement - OwnerID = com.kms.katalon.core.webui.keyword.WebUiBuiltInKeywords.getText(com.kms.katalon.core.testobject.ObjectRepository.findTestObject(Final Object Repo/WorkFlow Listing Page/Workflow Found - Listing 1), STOP_ON_FAILURE): Text of object 'Object Repository/Final Object Repo/WorkFlow Listing Page/Workflow Found - Listing 1' is: 'JOHORuo3'

2018-12-11 11:11:51 - [MESSAGE][PASSED] - Text of object 'Object Repository/Final Object Repo/WorkFlow Listing Page/Workflow Found - Listing 1' is: 'JOHORuo3'

2018-12-11 11:11:51 - [TEST_STEP][PASSED] - Statement - OwnerID = OwnerID.toLowerCase() + "@gmail.com": null

2018-12-11 11:11:51 - [TEST_STEP][PASSED] - Statement - println(OwnerID): null

2018-12-11 11:11:51 - [TEST_STEP][PASSED] - delay: Delayed 2 second(s)

2018-12-11 11:11:53 - [MESSAGE][PASSED] - Delayed 2 second(s)

2018-12-11 11:11:53 - [MESSAGE][PASSED] - Call Test Case 'Test Cases/Final Aug 2018 - PKS Automation/Common/Workflow Owner Finder' successfully

2018-12-11 11:11:53 - [TEST_STEP][PASSED] - delay: Delayed 1 second(s)

2018-12-11 11:11:54 - [MESSAGE][PASSED] - Delayed 1 second(s)

2018-12-11 11:11:54 - [TEST_STEP][PASSED] - navigateToUrl: Navigate to 'https://assist2-uat.perkeso.gov.my/c/portal/logout' successfully

2018-12-11 11:11:55 - [MESSAGE][PASSED] - Navigate to 'https://assist2-uat.perkeso.gov.my/c/portal/logout' successfully

2018-12-11 11:11:55 - [TEST_STEP][PASSED] - delay: Delayed 1 second(s)

2018-12-11 11:11:56 - [MESSAGE][PASSED] - Delayed 1 second(s)

2018-12-11 11:11:56 - [TEST_STEP][PASSED] - callTestCase: Call Test Case 'Test Cases/Final Aug 2018 - PKS Automation/Registration Module/Workflow/Login and Search Case For Workflow' successfully

2018-12-11 11:11:56 - [TEST_CASE][PASSED] - Test Cases/Final Aug 2018 - PKS Automation/Registration Module/Workflow/Login and Search Case For Workflow: Test Cases/Final Aug 2018 - PKS Automation/Registration Module/Workflow/Login and Search Case For Workflow

2018-12-11 11:11:56 - [TEST_STEP][PASSED] - navigateToUrl: Navigate to 'https://assist2-uat.perkeso.gov.my/login' successfully

2018-12-11 11:11:57 - [MESSAGE][PASSED] - Navigate to 'https://assist2-uat.perkeso.gov.my/login' successfully

2018-12-11 11:11:57 - [TEST_STEP][PASSED] - setText: Text 'johoruo3@gmail.com' is set on object 'Object Repository/Final Object Repo/Login Page/Internal User/Email Address'

2018-12-11 11:11:57 - [MESSAGE][PASSED] - Text 'johoruo3@gmail.com' is set on object 'Object Repository/Final Object Repo/Login Page/Internal User/Email Address'

2018-12-11 11:11:57 - [TEST_STEP][PASSED] - click: Object: 'Object Repository/Final Object Repo/Login Page/Internal User/Next Button' is clicked on

2018-12-11 11:11:57 - [MESSAGE][PASSED] - Object: 'Object Repository/Final Object Repo/Login Page/Internal User/Next Button' is clicked on

2018-12-11 11:11:57 - [TEST_STEP][PASSED] - delay: Delayed 1 second(s)

2018-12-11 11:11:58 - [MESSAGE][PASSED] - Delayed 1 second(s)

2018-12-11 11:11:58 - [TEST_STEP][PASSED] - setEncryptedText: Text ****** has been set on object 'Object Repository/Final Object Repo/Login Page/Internal User/Password'

2018-12-11 11:11:58 - [MESSAGE][PASSED] - Text ****** has been set on object 'Object Repository/Final Object Repo/Login Page/Internal User/Password'

2018-12-11 11:11:58 - [TEST_STEP][PASSED] - click: Object: 'Object Repository/Final Object Repo/Login Page/Internal User/Login Button' is clicked on

2018-12-11 11:11:59 - [MESSAGE][PASSED] - Object: 'Object Repository/Final Object Repo/Login Page/Internal User/Login Button' is clicked on

2018-12-11 11:11:59 - [TEST_STEP][PASSED] - delay: Delayed 2 second(s)

2018-12-11 11:12:01 - [MESSAGE][PASSED] - Delayed 2 second(s)

2018-12-11 11:12:01 - [TEST_STEP][PASSED] - Statement - Try: Delayed 2 second(s)

2018-12-11 11:12:01 - [TEST_STEP][PASSED] - Statement - Checker = false: null

2018-12-11 11:12:01 - [TEST_STEP][PASSED] - Statement - Checker = com.kms.katalon.core.webui.keyword.WebUiBuiltInKeywords.verifyElementHasAttribute(com.kms.katalon.core.testobject.ObjectRepository.findTestObject(Final Object Repo/Landing Page/BM Detecting), "href", 20, OPTIONAL): Object 'Object Repository/Final Object Repo/Landing Page/BM Detecting' has attribute 'href'

2018-12-11 11:12:01 - [MESSAGE][PASSED] - Object 'Object Repository/Final Object Repo/Landing Page/BM Detecting' has attribute 'href'

2018-12-11 11:12:01 - [TEST_STEP][PASSED] - Statement - out.println(Checker): null

2018-12-11 11:12:01 - [TEST_STEP][PASSED] - Statement - If (Checker == false): null

2018-12-11 11:12:01 - [TEST_STEP][PASSED] - Statement - Else: null

2018-12-11 11:12:01 - [TEST_STEP][PASSED] - delay: Delayed 2 second(s)

2018-12-11 11:12:03 - [MESSAGE][PASSED] - Delayed 2 second(s)

2018-12-11 11:12:03 - [TEST_STEP][PASSED] - click: Object: 'Object Repository/Final Object Repo/Page_MyASSIST - ASSIST - Search Pending Case For Add Supporting Document/Search Information' is clicked on

2018-12-11 11:12:03 - [MESSAGE][PASSED] - Object: 'Object Repository/Final Object Repo/Page_MyASSIST - ASSIST - Search Pending Case For Add Supporting Document/Search Information' is clicked on

2018-12-11 11:12:03 - [TEST_STEP][PASSED] - delay: Delayed 3 second(s)

2018-12-11 11:12:06 - [MESSAGE][PASSED] - Delayed 3 second(s)

2018-12-11 11:12:06 - [TEST_STEP][PASSED] - sendKeys: Keys 'CUN122018C200001707' sent to object: 'Object Repository/Final Object Repo/Page_MyASSIST - ASSIST - Search Pending Case For Add Supporting Document/Reference No'

2018-12-11 11:12:06 - [MESSAGE][PASSED] - Keys 'CUN122018C200001707' sent to object: 'Object Repository/Final Object Repo/Page_MyASSIST - ASSIST - Search Pending Case For Add Supporting Document/Reference No'

2018-12-11 11:12:06 - [TEST_STEP][PASSED] - click: Object: 'Object Repository/Final Object Repo/Page_MyASSIST - ASSIST - Search Pending Case For Add Supporting Document/Search Reference No' is clicked on

2018-12-11 11:12:06 - [MESSAGE][PASSED] - Object: 'Object Repository/Final Object Repo/Page_MyASSIST - ASSIST - Search Pending Case For Add Supporting Document/Search Reference No' is clicked on

2018-12-11 11:12:06 - [TEST_STEP][PASSED] - delay: Delayed 2 second(s)

2018-12-11 11:12:08 - [MESSAGE][PASSED] - Delayed 2 second(s)

2018-12-11 11:12:08 - [TEST_STEP][PASSED] - click: Object: 'Object Repository/Final Object Repo/Page_MyASSIST - ASSIST - Search Pending Case For Add Supporting Document/Continue' is clicked on

2018-12-11 11:12:12 - [MESSAGE][PASSED] - Object: 'Object Repository/Final Object Repo/Page_MyASSIST - ASSIST - Search Pending Case For Add Supporting Document/Continue' is clicked on

2018-12-11 11:12:12 - [TEST_STEP][PASSED] - delay: Delayed 20 second(s)

2018-12-11 11:12:32 - [MESSAGE][PASSED] - Delayed 20 second(s)

2018-12-11 11:12:32 - [MESSAGE][PASSED] - Call Test Case 'Test Cases/Final Aug 2018 - PKS Automation/Registration Module/Workflow/Login and Search Case For Workflow' successfully

2018-12-11 11:12:32 - [TEST_STEP][PASSED] - click: Object: 'Object Repository/Final Object Repo/Page_Form 1A - Cessation As Employer/Page_Form 1A - Cessation As Employer (Approve)/Save  Continue in Form 1A Page' is clicked on

2018-12-11 11:12:32 - [MESSAGE][PASSED] - Object: 'Object Repository/Final Object Repo/Page_Form 1A - Cessation As Employer/Page_Form 1A - Cessation As Employer (Approve)/Save  Continue in Form 1A Page' is clicked on

2018-12-11 11:12:32 - [TEST_STEP][PASSED] - delay: Delayed 2 second(s)

2018-12-11 11:12:34 - [MESSAGE][PASSED] - Delayed 2 second(s)

2018-12-11 11:12:34 - [TEST_STEP][PASSED] - click: Object: 'Object Repository/Final Object Repo/Page_Form 1A - Cessation As Employer/Employment Resign Date' is clicked on

2018-12-11 11:12:34 - [MESSAGE][PASSED] - Object: 'Object Repository/Final Object Repo/Page_Form 1A - Cessation As Employer/Employment Resign Date' is clicked on

2018-12-11 11:12:34 - [TEST_STEP][PASSED] - delay: Delayed 1 second(s)

2018-12-11 11:12:35 - [MESSAGE][PASSED] - Delayed 1 second(s)

2018-12-11 11:12:35 - [TEST_STEP][PASSED] - selectOptionByValue: All options with value '2030' are selected in object 'Object Repository/Final Object Repo/Page_Form 1A - Cessation As Employer/Employment Resign Date - Year' 

2018-12-11 11:12:35 - [MESSAGE][PASSED] - All options with value '2030' are selected in object 'Object Repository/Final Object Repo/Page_Form 1A - Cessation As Employer/Employment Resign Date - Year' 

2018-12-11 11:12:35 - [TEST_STEP][PASSED] - delay: Delayed 1 second(s)

2018-12-11 11:12:36 - [MESSAGE][PASSED] - Delayed 1 second(s)

2018-12-11 11:12:36 - [TEST_STEP][PASSED] - click: Object: 'Object Repository/Final Object Repo/Page_Form 1A - Cessation As Employer/Employment Resign Date - Year - Date' is clicked on

2018-12-11 11:12:37 - [MESSAGE][PASSED] - Object: 'Object Repository/Final Object Repo/Page_Form 1A - Cessation As Employer/Employment Resign Date - Year - Date' is clicked on

2018-12-11 11:12:37 - [TEST_STEP][PASSED] - delay: Delayed 2 second(s)

2018-12-11 11:12:39 - [MESSAGE][PASSED] - Delayed 2 second(s)

2018-12-11 11:12:39 - [TEST_STEP][PASSED] - click: Object: 'Object Repository/Final Object Repo/Page_Form 1A - Cessation As Employer/Page_Form 1A - Cessation As Employer (Approve)/Save  Continue in Update Add Employee Resigned Date Page' is clicked on

2018-12-11 11:12:39 - [MESSAGE][PASSED] - Object: 'Object Repository/Final Object Repo/Page_Form 1A - Cessation As Employer/Page_Form 1A - Cessation As Employer (Approve)/Save  Continue in Update Add Employee Resigned Date Page' is clicked on

2018-12-11 11:12:39 - [TEST_STEP][PASSED] - delay: Delayed 2 second(s)

2018-12-11 11:12:41 - [MESSAGE][PASSED] - Delayed 2 second(s)

2018-12-11 11:12:41 - [TEST_STEP][PASSED] - click: Object: 'Object Repository/Final Object Repo/Page_Form 1A - Cessation As Employer/Set Latest - Yes' is clicked on

2018-12-11 11:12:41 - [MESSAGE][PASSED] - Object: 'Object Repository/Final Object Repo/Page_Form 1A - Cessation As Employer/Set Latest - Yes' is clicked on

2018-12-11 11:12:41 - [TEST_STEP][PASSED] - delay: Delayed 2 second(s)

2018-12-11 11:12:43 - [MESSAGE][PASSED] - Delayed 2 second(s)

2018-12-11 11:12:43 - [TEST_STEP][PASSED] - click: Object: 'Object Repository/Final Object Repo/Page_Form 1A - Cessation As Employer/Page_Form 1A - Cessation As Employer (Approve)/Save  Contine in Uploading Document Page' is clicked on

2018-12-11 11:12:44 - [MESSAGE][PASSED] - Object: 'Object Repository/Final Object Repo/Page_Form 1A - Cessation As Employer/Page_Form 1A - Cessation As Employer (Approve)/Save  Contine in Uploading Document Page' is clicked on

2018-12-11 11:12:44 - [TEST_STEP][PASSED] - delay: Delayed 2 second(s)

2018-12-11 11:12:46 - [MESSAGE][PASSED] - Delayed 2 second(s)

2018-12-11 11:12:46 - [TEST_STEP][PASSED] - click: Object: 'Object Repository/Final Object Repo/Page_Form 1A - Cessation As Employer/Page_Form 1A - Cessation As Employer (Approve)/Approve' is clicked on

2018-12-11 11:12:49 - [MESSAGE][PASSED] - Object: 'Object Repository/Final Object Repo/Page_Form 1A - Cessation As Employer/Page_Form 1A - Cessation As Employer (Approve)/Approve' is clicked on

2018-12-11 11:12:49 - [TEST_STEP][PASSED] - delay: Delayed 2 second(s)

2018-12-11 11:12:51 - [MESSAGE][PASSED] - Delayed 2 second(s)

2018-12-11 11:12:51 - [TEST_STEP][PASSED] - click: Object: 'Object Repository/Final Object Repo/Page_Form 1A - Cessation As Employer/Confirm' is clicked on

2018-12-11 11:12:51 - [MESSAGE][PASSED] - Object: 'Object Repository/Final Object Repo/Page_Form 1A - Cessation As Employer/Confirm' is clicked on

2018-12-11 11:12:51 - [TEST_STEP][PASSED] - delay: Delayed 2 second(s)

2018-12-11 11:12:53 - [MESSAGE][PASSED] - Delayed 2 second(s)

2018-12-11 11:12:53 - [TEST_STEP][PASSED] - click: Object: 'Object Repository/Final Object Repo/Page_Form 1A - Cessation As Employer/Page_Form 1A - Cessation As Employer (Approve)/Message Your Request    Form 1A ' is clicked on

2018-12-11 11:13:01 - [MESSAGE][PASSED] - Object: 'Object Repository/Final Object Repo/Page_Form 1A - Cessation As Employer/Page_Form 1A - Cessation As Employer (Approve)/Message Your Request    Form 1A ' is clicked on

2018-12-11 11:13:01 - [TEST_STEP][PASSED] - delay: Delayed 2 second(s)

2018-12-11 11:13:03 - [MESSAGE][PASSED] - Delayed 2 second(s)

2018-12-11 11:13:03 - [TEST_STEP][PASSED] - click: Object: 'Object Repository/Final Object Repo/Page_Form 1A - Cessation As Employer/Page_Form 1A - Cessation As Employer (Approve)/Letter of successful update' is clicked on

2018-12-11 11:13:04 - [MESSAGE][PASSED] - Object: 'Object Repository/Final Object Repo/Page_Form 1A - Cessation As Employer/Page_Form 1A - Cessation As Employer (Approve)/Letter of successful update' is clicked on

2018-12-11 11:13:04 - [MESSAGE][PASSED] - Call Test Case 'Test Cases/Final Aug 2018 - PKS Automation/Registration Module/Workflow/Form 1A - Cessation As Employer/Template/Form 1 A - Cessation As Employer (Approve)' successfully]]></system-out>
         <system-err><![CDATA[]]></system-err>
      </testcase>
      <testcase name="Test Cases/Final Aug 2018 - PKS Automation/Registration Module/Workflow/Form 1A - Cessation As Employer/Employer to UO (Query)" classname="Test Cases/Final Aug 2018 - PKS Automation/Registration Module/Workflow/Form 1A - Cessation As Employer/Employer to UO (Query)" status="PASSED">
         <system-out><![CDATA[2018-12-11 11:13:04 - [TEST_CASE][PASSED] - Test Cases/Final Aug 2018 - PKS Automation/Registration Module/Workflow/Form 1A - Cessation As Employer/Employer to UO (Query): Test Cases/Final Aug 2018 - PKS Automation/Registration Module/Workflow/Form 1A - Cessation As Employer/Employer to UO (Query)

2018-12-11 11:13:05 - [TEST_STEP][PASSED] - callTestCase: Call Test Case 'Test Cases/Final Aug 2018 - PKS Automation/Registration Module/Workflow/Form 1A - Cessation As Employer/Template/Form 1 A - Cessation As Employer (Employer)' successfully

2018-12-11 11:13:05 - [TEST_CASE][PASSED] - Test Cases/Final Aug 2018 - PKS Automation/Registration Module/Workflow/Form 1A - Cessation As Employer/Template/Form 1 A - Cessation As Employer (Employer): Test Cases/Final Aug 2018 - PKS Automation/Registration Module/Workflow/Form 1A - Cessation As Employer/Template/Form 1 A - Cessation As Employer (Employer)

2018-12-11 11:13:05 - [TEST_STEP][PASSED] - callTestCase: Call Test Case 'Test Cases/Final Aug 2018 - PKS Automation/Registration Module/Workflow/Update Add New Employee/Template/New Company for Update Add New - Employer' successfully

2018-12-11 11:13:05 - [TEST_CASE][PASSED] - Test Cases/Final Aug 2018 - PKS Automation/Registration Module/Workflow/Update Add New Employee/Template/New Company for Update Add New - Employer: Test Cases/Final Aug 2018 - PKS Automation/Registration Module/Workflow/Update Add New Employee/Template/New Company for Update Add New - Employer

2018-12-11 11:13:05 - [TEST_STEP][PASSED] - callTestCase: Call Test Case 'Test Cases/Final Aug 2018 - PKS Automation/Create Employer Acc/Create Employer Account' successfully

2018-12-11 11:13:05 - [TEST_CASE][PASSED] - Test Cases/Final Aug 2018 - PKS Automation/Create Employer Acc/Create Employer Account: Test Cases/Final Aug 2018 - PKS Automation/Create Employer Acc/Create Employer Account

2018-12-11 11:13:05 - [TEST_STEP][PASSED] - callTestCase: Call Test Case 'Test Cases/Final Aug 2018 - PKS Automation/Create Employer Acc/Template/Register Employer' successfully

2018-12-11 11:13:05 - [TEST_CASE][PASSED] - Test Cases/Final Aug 2018 - PKS Automation/Create Employer Acc/Template/Register Employer: Test Cases/Final Aug 2018 - PKS Automation/Create Employer Acc/Template/Register Employer

2018-12-11 11:13:05 - [TEST_STEP][PASSED] - openBrowser: Browser is opened with url: ''

2018-12-11 11:13:05 - [MESSAGE][WARNING] - A browser is already opened. Closing browser and opening a new one

2018-12-11 11:13:09 - [MESSAGE][PASSED] - Browser is opened with url: ''

2018-12-11 11:13:09 - [TEST_STEP][PASSED] - navigateToUrl: Navigate to 'https://assist2-uat.perkeso.gov.my/login' successfully

2018-12-11 11:13:10 - [MESSAGE][PASSED] - Navigate to 'https://assist2-uat.perkeso.gov.my/login' successfully

2018-12-11 11:13:10 - [TEST_STEP][PASSED] - setText: Text 'johorotc1@gmail.com' is set on object 'Object Repository/Final Object Repo/Login Page/Internal User/Email Address'

2018-12-11 11:13:10 - [MESSAGE][PASSED] - Text 'johorotc1@gmail.com' is set on object 'Object Repository/Final Object Repo/Login Page/Internal User/Email Address'

2018-12-11 11:13:10 - [TEST_STEP][PASSED] - click: Object: 'Object Repository/Final Object Repo/Login Page/Internal User/Next Button' is clicked on

2018-12-11 11:13:10 - [MESSAGE][PASSED] - Object: 'Object Repository/Final Object Repo/Login Page/Internal User/Next Button' is clicked on

2018-12-11 11:13:10 - [TEST_STEP][PASSED] - delay: Delayed 1 second(s)

2018-12-11 11:13:11 - [MESSAGE][PASSED] - Delayed 1 second(s)

2018-12-11 11:13:11 - [TEST_STEP][PASSED] - setEncryptedText: Text ****** has been set on object 'Object Repository/Final Object Repo/Login Page/Internal User/Password'

2018-12-11 11:13:12 - [MESSAGE][PASSED] - Text ****** has been set on object 'Object Repository/Final Object Repo/Login Page/Internal User/Password'

2018-12-11 11:13:12 - [TEST_STEP][PASSED] - click: Object: 'Object Repository/Final Object Repo/Login Page/Internal User/Login Button' is clicked on

2018-12-11 11:13:12 - [MESSAGE][PASSED] - Object: 'Object Repository/Final Object Repo/Login Page/Internal User/Login Button' is clicked on

2018-12-11 11:13:12 - [TEST_STEP][PASSED] - delay: Delayed 1 second(s)

2018-12-11 11:13:13 - [MESSAGE][PASSED] - Delayed 1 second(s)

2018-12-11 11:13:13 - [TEST_STEP][PASSED] - navigateToUrl: Navigate to 'https://assist2-uat.perkeso.gov.my/web/base/portal-id/registration' successfully

2018-12-11 11:13:15 - [MESSAGE][PASSED] - Navigate to 'https://assist2-uat.perkeso.gov.my/web/base/portal-id/registration' successfully

2018-12-11 11:13:15 - [TEST_STEP][PASSED] - setText: Text 'AUTOMATION EMPLOYER' is set on object 'Object Repository/Final Object Repo/Creating Employer Account/Page_Registration - ASSIST (Base)/Employer Name'

2018-12-11 11:13:15 - [MESSAGE][PASSED] - Text 'AUTOMATION EMPLOYER' is set on object 'Object Repository/Final Object Repo/Creating Employer Account/Page_Registration - ASSIST (Base)/Employer Name'

2018-12-11 11:13:15 - [TEST_STEP][PASSED] - delay: Delayed 2 second(s)

2018-12-11 11:13:17 - [MESSAGE][PASSED] - Delayed 2 second(s)

2018-12-11 11:13:17 - [TEST_STEP][PASSED] - click: Object: 'Object Repository/Final Object Repo/Creating Employer Account/Page_Registration - ASSIST (Base)/Registration Type' is clicked on

2018-12-11 11:13:18 - [MESSAGE][PASSED] - Object: 'Object Repository/Final Object Repo/Creating Employer Account/Page_Registration - ASSIST (Base)/Registration Type' is clicked on

2018-12-11 11:13:18 - [TEST_STEP][PASSED] - delay: Delayed 2 second(s)

2018-12-11 11:13:20 - [MESSAGE][PASSED] - Delayed 2 second(s)

2018-12-11 11:13:20 - [TEST_STEP][PASSED] - click: Object: 'Object Repository/Final Object Repo/Creating Employer Account/Page_Registration - ASSIST (Base)/Registration Type - Registration No' is clicked on

2018-12-11 11:13:20 - [MESSAGE][PASSED] - Object: 'Object Repository/Final Object Repo/Creating Employer Account/Page_Registration - ASSIST (Base)/Registration Type - Registration No' is clicked on

2018-12-11 11:13:20 - [TEST_STEP][PASSED] - delay: Delayed 2 second(s)

2018-12-11 11:13:22 - [MESSAGE][PASSED] - Delayed 2 second(s)

2018-12-11 11:13:22 - [TEST_STEP][PASSED] - setText: Text 'AUTOMATE001' is set on object 'Object Repository/Final Object Repo/Creating Employer Account/Page_Registration - ASSIST (Base)/Registration Number'

2018-12-11 11:13:22 - [MESSAGE][PASSED] - Text 'AUTOMATE001' is set on object 'Object Repository/Final Object Repo/Creating Employer Account/Page_Registration - ASSIST (Base)/Registration Number'

2018-12-11 11:13:22 - [TEST_STEP][PASSED] - delay: Delayed 2 second(s)

2018-12-11 11:13:24 - [MESSAGE][PASSED] - Delayed 2 second(s)

2018-12-11 11:13:24 - [TEST_STEP][PASSED] - setText: Text 'ADDRESS 1' is set on object 'Object Repository/Final Object Repo/Creating Employer Account/Page_Registration - ASSIST (Base)/Postal Address 1'

2018-12-11 11:13:25 - [MESSAGE][PASSED] - Text 'ADDRESS 1' is set on object 'Object Repository/Final Object Repo/Creating Employer Account/Page_Registration - ASSIST (Base)/Postal Address 1'

2018-12-11 11:13:25 - [TEST_STEP][PASSED] - setText: Text 'ADDRESS 2' is set on object 'Object Repository/Final Object Repo/Creating Employer Account/Page_Registration - ASSIST (Base)/Postal Address 2'

2018-12-11 11:13:25 - [MESSAGE][PASSED] - Text 'ADDRESS 2' is set on object 'Object Repository/Final Object Repo/Creating Employer Account/Page_Registration - ASSIST (Base)/Postal Address 2'

2018-12-11 11:13:25 - [TEST_STEP][PASSED] - click: Object: 'Object Repository/Final Object Repo/Creating Employer Account/Page_Registration - ASSIST (Base)/State' is clicked on

2018-12-11 11:13:25 - [MESSAGE][PASSED] - Object: 'Object Repository/Final Object Repo/Creating Employer Account/Page_Registration - ASSIST (Base)/State' is clicked on

2018-12-11 11:13:25 - [TEST_STEP][PASSED] - delay: Delayed 2 second(s)

2018-12-11 11:13:27 - [MESSAGE][PASSED] - Delayed 2 second(s)

2018-12-11 11:13:27 - [TEST_STEP][PASSED] - click: Object: 'Object Repository/Final Object Repo/Creating Employer Account/Page_Registration - ASSIST (Base)/State - Johor' is clicked on

2018-12-11 11:13:27 - [MESSAGE][PASSED] - Object: 'Object Repository/Final Object Repo/Creating Employer Account/Page_Registration - ASSIST (Base)/State - Johor' is clicked on

2018-12-11 11:13:27 - [TEST_STEP][PASSED] - delay: Delayed 2 second(s)

2018-12-11 11:13:29 - [MESSAGE][PASSED] - Delayed 2 second(s)

2018-12-11 11:13:29 - [TEST_STEP][PASSED] - click: Object: 'Object Repository/Final Object Repo/Creating Employer Account/Page_Registration - ASSIST (Base)/City' is clicked on

2018-12-11 11:13:29 - [MESSAGE][PASSED] - Object: 'Object Repository/Final Object Repo/Creating Employer Account/Page_Registration - ASSIST (Base)/City' is clicked on

2018-12-11 11:13:29 - [TEST_STEP][PASSED] - delay: Delayed 2 second(s)

2018-12-11 11:13:31 - [MESSAGE][PASSED] - Delayed 2 second(s)

2018-12-11 11:13:31 - [TEST_STEP][PASSED] - setText: Text 'joh' is set on object 'Object Repository/Final Object Repo/Creating Employer Account/Page_Registration - ASSIST (Base)/City - joh'

2018-12-11 11:13:32 - [MESSAGE][PASSED] - Text 'joh' is set on object 'Object Repository/Final Object Repo/Creating Employer Account/Page_Registration - ASSIST (Base)/City - joh'

2018-12-11 11:13:32 - [TEST_STEP][PASSED] - delay: Delayed 2 second(s)

2018-12-11 11:13:34 - [MESSAGE][PASSED] - Delayed 2 second(s)

2018-12-11 11:13:34 - [TEST_STEP][PASSED] - click: Object: 'Object Repository/Final Object Repo/Creating Employer Account/Page_Registration - ASSIST (Base)/City - Johor Bharu' is clicked on

2018-12-11 11:13:34 - [MESSAGE][PASSED] - Object: 'Object Repository/Final Object Repo/Creating Employer Account/Page_Registration - ASSIST (Base)/City - Johor Bharu' is clicked on

2018-12-11 11:13:34 - [TEST_STEP][PASSED] - delay: Delayed 2 second(s)

2018-12-11 11:13:36 - [MESSAGE][PASSED] - Delayed 2 second(s)

2018-12-11 11:13:36 - [TEST_STEP][PASSED] - click: Object: 'Object Repository/Final Object Repo/Creating Employer Account/Page_Registration - ASSIST (Base)/Post Code' is clicked on

2018-12-11 11:13:36 - [MESSAGE][PASSED] - Object: 'Object Repository/Final Object Repo/Creating Employer Account/Page_Registration - ASSIST (Base)/Post Code' is clicked on

2018-12-11 11:13:36 - [TEST_STEP][PASSED] - delay: Delayed 2 second(s)

2018-12-11 11:13:38 - [MESSAGE][PASSED] - Delayed 2 second(s)

2018-12-11 11:13:38 - [TEST_STEP][PASSED] - setText: Text '810' is set on object 'Object Repository/Final Object Repo/Creating Employer Account/Page_Registration - ASSIST (Base)/Post Code - 810'

2018-12-11 11:13:38 - [MESSAGE][PASSED] - Text '810' is set on object 'Object Repository/Final Object Repo/Creating Employer Account/Page_Registration - ASSIST (Base)/Post Code - 810'

2018-12-11 11:13:38 - [TEST_STEP][PASSED] - delay: Delayed 2 second(s)

2018-12-11 11:13:40 - [MESSAGE][PASSED] - Delayed 2 second(s)

2018-12-11 11:13:40 - [TEST_STEP][PASSED] - click: Object: 'Object Repository/Final Object Repo/Creating Employer Account/Page_Registration - ASSIST (Base)/Post Code - 81000' is clicked on

2018-12-11 11:13:40 - [MESSAGE][PASSED] - Object: 'Object Repository/Final Object Repo/Creating Employer Account/Page_Registration - ASSIST (Base)/Post Code - 81000' is clicked on

2018-12-11 11:13:40 - [TEST_STEP][PASSED] - delay: Delayed 2 second(s)

2018-12-11 11:13:42 - [MESSAGE][PASSED] - Delayed 2 second(s)

2018-12-11 11:13:42 - [TEST_STEP][PASSED] - setText: Text 'PERKESO' is set on object 'Object Repository/Final Object Repo/Creating Employer Account/Page_Registration - ASSIST (Base)/Full Name'

2018-12-11 11:13:43 - [MESSAGE][PASSED] - Text 'PERKESO' is set on object 'Object Repository/Final Object Repo/Creating Employer Account/Page_Registration - ASSIST (Base)/Full Name'

2018-12-11 11:13:43 - [TEST_STEP][PASSED] - Statement - rnd = new java.util.Random(): null

2018-12-11 11:13:43 - [TEST_STEP][PASSED] - Statement - snum = rnd.nextInt(899999 + 1) + 100000: null

2018-12-11 11:13:43 - [TEST_STEP][PASSED] - Statement - tnum = rnd.nextInt(899999 + 1) + 100000: null

2018-12-11 11:13:43 - [TEST_STEP][PASSED] - Statement - IC = java.lang.Integer.toString(snum) + java.lang.Integer.toString(tnum): null

2018-12-11 11:13:43 - [TEST_STEP][PASSED] - Statement - out.println(IC): null

2018-12-11 11:13:43 - [TEST_STEP][PASSED] - setText: Text '717714427175' is set on object 'Object Repository/Final Object Repo/Creating Employer Account/Page_Registration - ASSIST (Base)/Identification Number'

2018-12-11 11:13:43 - [MESSAGE][PASSED] - Text '717714427175' is set on object 'Object Repository/Final Object Repo/Creating Employer Account/Page_Registration - ASSIST (Base)/Identification Number'

2018-12-11 11:13:43 - [TEST_STEP][PASSED] - delay: Delayed 2 second(s)

2018-12-11 11:13:45 - [MESSAGE][PASSED] - Delayed 2 second(s)

2018-12-11 11:13:45 - [TEST_STEP][PASSED] - setText: Text '123456789012' is set on object 'Object Repository/Final Object Repo/Creating Employer Account/Page_Registration - ASSIST (Base)/Contact Number'

2018-12-11 11:13:46 - [MESSAGE][PASSED] - Text '123456789012' is set on object 'Object Repository/Final Object Repo/Creating Employer Account/Page_Registration - ASSIST (Base)/Contact Number'

2018-12-11 11:13:46 - [TEST_STEP][PASSED] - Statement - Email = "perkeso" + IC + "@gmail.com": null

2018-12-11 11:13:46 - [TEST_STEP][PASSED] - delay: Delayed 2 second(s)

2018-12-11 11:13:48 - [MESSAGE][PASSED] - Delayed 2 second(s)

2018-12-11 11:13:48 - [TEST_STEP][PASSED] - callTestCase: Call Test Case 'Test Cases/Final Aug 2018 - PKS Automation/Create Employer Acc/Template/Employer Email Settler' successfully

2018-12-11 11:13:48 - [TEST_CASE][PASSED] - Test Cases/Final Aug 2018 - PKS Automation/Create Employer Acc/Template/Employer Email Settler: Test Cases/Final Aug 2018 - PKS Automation/Create Employer Acc/Template/Employer Email Settler

2018-12-11 11:13:48 - [TEST_STEP][PASSED] - Statement - EmpEmailOld = new java.io.File(C://Users//Admin//Desktop//PKS//Automation Reference Point//EmpEmail.txt): null

2018-12-11 11:13:48 - [TEST_STEP][PASSED] - Statement - EmpEmailOld.delete(): null

2018-12-11 11:13:48 - [TEST_STEP][PASSED] - delay: Delayed 5 second(s)

2018-12-11 11:13:53 - [MESSAGE][PASSED] - Delayed 5 second(s)

2018-12-11 11:13:53 - [TEST_STEP][PASSED] - Statement - EmpEmail = new java.io.File(C://Users//Admin//Desktop//PKS//Automation Reference Point//EmpEmail.txt): null

2018-12-11 11:13:53 - [TEST_STEP][PASSED] - Statement - f2 = new java.io.FileWriter(EmpEmail, false): null

2018-12-11 11:13:53 - [TEST_STEP][PASSED] - Statement - f2.write(Email): null

2018-12-11 11:13:53 - [TEST_STEP][PASSED] - Statement - f2.close(): null

2018-12-11 11:13:53 - [TEST_STEP][PASSED] - Statement - out.println(Email): null

2018-12-11 11:13:53 - [MESSAGE][PASSED] - Call Test Case 'Test Cases/Final Aug 2018 - PKS Automation/Create Employer Acc/Template/Employer Email Settler' successfully

2018-12-11 11:13:53 - [TEST_STEP][PASSED] - delay: Delayed 2 second(s)

2018-12-11 11:13:55 - [MESSAGE][PASSED] - Delayed 2 second(s)

2018-12-11 11:13:55 - [TEST_STEP][PASSED] - setText: Text 'perkeso717714427175@gmail.com' is set on object 'Object Repository/Final Object Repo/Creating Employer Account/Page_Registration - ASSIST (Base)/Email'

2018-12-11 11:13:55 - [MESSAGE][PASSED] - Text 'perkeso717714427175@gmail.com' is set on object 'Object Repository/Final Object Repo/Creating Employer Account/Page_Registration - ASSIST (Base)/Email'

2018-12-11 11:13:55 - [TEST_STEP][PASSED] - setText: Text '123' is set on object 'Object Repository/Final Object Repo/Creating Employer Account/Page_Registration - ASSIST (Base)/Security Phase'

2018-12-11 11:13:55 - [MESSAGE][PASSED] - Text '123' is set on object 'Object Repository/Final Object Repo/Creating Employer Account/Page_Registration - ASSIST (Base)/Security Phase'

2018-12-11 11:13:55 - [TEST_STEP][PASSED] - click: Object: 'Object Repository/Final Object Repo/Creating Employer Account/Page_Registration - ASSIST (Base)/Save  Continue' is clicked on

2018-12-11 11:13:56 - [MESSAGE][PASSED] - Object: 'Object Repository/Final Object Repo/Creating Employer Account/Page_Registration - ASSIST (Base)/Save  Continue' is clicked on

2018-12-11 11:13:56 - [TEST_STEP][PASSED] - delay: Delayed 2 second(s)

2018-12-11 11:13:58 - [MESSAGE][PASSED] - Delayed 2 second(s)

2018-12-11 11:13:58 - [TEST_STEP][PASSED] - click: Object: 'Object Repository/Final Object Repo/Creating Employer Account/Page_Registration - ASSIST (Base)/Add Document' is clicked on

2018-12-11 11:13:58 - [MESSAGE][PASSED] - Object: 'Object Repository/Final Object Repo/Creating Employer Account/Page_Registration - ASSIST (Base)/Add Document' is clicked on

2018-12-11 11:13:58 - [TEST_STEP][PASSED] - delay: Delayed 2 second(s)

2018-12-11 11:14:00 - [MESSAGE][PASSED] - Delayed 2 second(s)

2018-12-11 11:14:00 - [TEST_STEP][PASSED] - click: Object: 'Object Repository/Final Object Repo/Creating Employer Account/Page_Registration - ASSIST (Base)/Document Type' is clicked on

2018-12-11 11:14:00 - [MESSAGE][PASSED] - Object: 'Object Repository/Final Object Repo/Creating Employer Account/Page_Registration - ASSIST (Base)/Document Type' is clicked on

2018-12-11 11:14:00 - [TEST_STEP][PASSED] - delay: Delayed 2 second(s)

2018-12-11 11:14:02 - [MESSAGE][PASSED] - Delayed 2 second(s)

2018-12-11 11:14:02 - [TEST_STEP][PASSED] - click: Object: 'Object Repository/Final Object Repo/Creating Employer Account/Page_Registration - ASSIST (Base)/Document Type - Letter of Authorization' is clicked on

2018-12-11 11:14:02 - [MESSAGE][PASSED] - Object: 'Object Repository/Final Object Repo/Creating Employer Account/Page_Registration - ASSIST (Base)/Document Type - Letter of Authorization' is clicked on

2018-12-11 11:14:02 - [TEST_STEP][PASSED] - delay: Delayed 2 second(s)

2018-12-11 11:14:04 - [MESSAGE][PASSED] - Delayed 2 second(s)

2018-12-11 11:14:04 - [TEST_STEP][PASSED] - sendKeys: Keys 'C:\Users\Public\Pictures\Sample Pictures\Koala.jpg' sent to object: 'Object Repository/Final Object Repo/Creating Employer Account/Page_Registration - ASSIST (Base)/Uploading File'

2018-12-11 11:14:04 - [MESSAGE][PASSED] - Keys 'C:\Users\Public\Pictures\Sample Pictures\Koala.jpg' sent to object: 'Object Repository/Final Object Repo/Creating Employer Account/Page_Registration - ASSIST (Base)/Uploading File'

2018-12-11 11:14:04 - [TEST_STEP][PASSED] - delay: Delayed 2 second(s)

2018-12-11 11:14:06 - [MESSAGE][PASSED] - Delayed 2 second(s)

2018-12-11 11:14:06 - [TEST_STEP][PASSED] - click: Object: 'Object Repository/Final Object Repo/Creating Employer Account/Page_Registration - ASSIST (Base)/Add Document in Uploading File' is clicked on

2018-12-11 11:14:06 - [MESSAGE][PASSED] - Object: 'Object Repository/Final Object Repo/Creating Employer Account/Page_Registration - ASSIST (Base)/Add Document in Uploading File' is clicked on

2018-12-11 11:14:06 - [TEST_STEP][PASSED] - delay: Delayed 2 second(s)

2018-12-11 11:14:08 - [MESSAGE][PASSED] - Delayed 2 second(s)

2018-12-11 11:14:08 - [TEST_STEP][PASSED] - click: Object: 'Object Repository/Final Object Repo/Creating Employer Account/Page_Registration - ASSIST (Base)/Save' is clicked on

2018-12-11 11:14:09 - [MESSAGE][PASSED] - Object: 'Object Repository/Final Object Repo/Creating Employer Account/Page_Registration - ASSIST (Base)/Save' is clicked on

2018-12-11 11:14:09 - [TEST_STEP][PASSED] - delay: Delayed 2 second(s)

2018-12-11 11:14:11 - [MESSAGE][PASSED] - Delayed 2 second(s)

2018-12-11 11:14:11 - [TEST_STEP][PASSED] - click: Object: 'Object Repository/Final Object Repo/Creating Employer Account/Page_Registration - ASSIST (Base)/Submit' is clicked on

2018-12-11 11:14:11 - [MESSAGE][PASSED] - Object: 'Object Repository/Final Object Repo/Creating Employer Account/Page_Registration - ASSIST (Base)/Submit' is clicked on

2018-12-11 11:14:11 - [TEST_STEP][PASSED] - delay: Delayed 2 second(s)

2018-12-11 11:14:13 - [MESSAGE][PASSED] - Delayed 2 second(s)

2018-12-11 11:14:13 - [TEST_STEP][PASSED] - click: Object: 'Object Repository/Final Object Repo/Creating Employer Account/Page_Registration - ASSIST (Base)/Confirm' is clicked on

2018-12-11 11:14:13 - [MESSAGE][PASSED] - Object: 'Object Repository/Final Object Repo/Creating Employer Account/Page_Registration - ASSIST (Base)/Confirm' is clicked on

2018-12-11 11:14:13 - [MESSAGE][PASSED] - Call Test Case 'Test Cases/Final Aug 2018 - PKS Automation/Create Employer Acc/Template/Register Employer' successfully

2018-12-11 11:14:13 - [TEST_STEP][PASSED] - delay: Delayed 1 second(s)

2018-12-11 11:14:14 - [MESSAGE][PASSED] - Delayed 1 second(s)

2018-12-11 11:14:14 - [TEST_STEP][PASSED] - navigateToUrl: Navigate to 'https://assist2-uat.perkeso.gov.my/c/portal/logout' successfully

2018-12-11 11:14:16 - [MESSAGE][PASSED] - Navigate to 'https://assist2-uat.perkeso.gov.my/c/portal/logout' successfully

2018-12-11 11:14:16 - [TEST_STEP][PASSED] - delay: Delayed 1 second(s)

2018-12-11 11:14:17 - [MESSAGE][PASSED] - Delayed 1 second(s)

2018-12-11 11:14:17 - [TEST_STEP][PASSED] - callTestCase: Call Test Case 'Test Cases/Final Aug 2018 - PKS Automation/Create Employer Acc/Template/Change Password of Employer' successfully

2018-12-11 11:14:17 - [TEST_CASE][PASSED] - Test Cases/Final Aug 2018 - PKS Automation/Create Employer Acc/Template/Change Password of Employer: Test Cases/Final Aug 2018 - PKS Automation/Create Employer Acc/Template/Change Password of Employer

2018-12-11 11:14:17 - [TEST_STEP][PASSED] - openBrowser: Browser is opened with url: ''

2018-12-11 11:14:17 - [MESSAGE][WARNING] - A browser is already opened. Closing browser and opening a new one

2018-12-11 11:14:20 - [MESSAGE][PASSED] - Browser is opened with url: ''

2018-12-11 11:14:20 - [TEST_STEP][PASSED] - navigateToUrl: Navigate to 'https://assist2-uat.perkeso.gov.my/login' successfully

2018-12-11 11:14:21 - [MESSAGE][PASSED] - Navigate to 'https://assist2-uat.perkeso.gov.my/login' successfully

2018-12-11 11:14:21 - [TEST_STEP][PASSED] - delay: Delayed 5 second(s)

2018-12-11 11:14:26 - [MESSAGE][PASSED] - Delayed 5 second(s)

2018-12-11 11:14:26 - [TEST_STEP][PASSED] - setText: Text 'test@liferay.com' is set on object 'Object Repository/Final Object Repo/Login Page/Internal User/Email Address'

2018-12-11 11:14:26 - [MESSAGE][PASSED] - Text 'test@liferay.com' is set on object 'Object Repository/Final Object Repo/Login Page/Internal User/Email Address'

2018-12-11 11:14:26 - [TEST_STEP][PASSED] - click: Object: 'Object Repository/Final Object Repo/Login Page/Internal User/Next Button' is clicked on

2018-12-11 11:14:26 - [MESSAGE][PASSED] - Object: 'Object Repository/Final Object Repo/Login Page/Internal User/Next Button' is clicked on

2018-12-11 11:14:26 - [TEST_STEP][PASSED] - delay: Delayed 2 second(s)

2018-12-11 11:14:28 - [MESSAGE][PASSED] - Delayed 2 second(s)

2018-12-11 11:14:28 - [TEST_STEP][PASSED] - setText: Text 'test' is set on object 'Object Repository/Final Object Repo/Login Page/Internal User/Password'

2018-12-11 11:14:29 - [MESSAGE][PASSED] - Text 'test' is set on object 'Object Repository/Final Object Repo/Login Page/Internal User/Password'

2018-12-11 11:14:29 - [TEST_STEP][PASSED] - delay: Delayed 2 second(s)

2018-12-11 11:14:31 - [MESSAGE][PASSED] - Delayed 2 second(s)

2018-12-11 11:14:31 - [TEST_STEP][PASSED] - click: Object: 'Object Repository/Final Object Repo/Login Page/Internal User/Login Button' is clicked on

2018-12-11 11:14:31 - [MESSAGE][PASSED] - Object: 'Object Repository/Final Object Repo/Login Page/Internal User/Login Button' is clicked on

2018-12-11 11:14:31 - [TEST_STEP][PASSED] - delay: Delayed 3 second(s)

2018-12-11 11:14:34 - [MESSAGE][PASSED] - Delayed 3 second(s)

2018-12-11 11:14:34 - [TEST_STEP][PASSED] - navigateToUrl: Navigate to 'https://assist2-uat.perkeso.gov.my/group/control_panel/manage?p_p_id=125&p_p_lifecycle=0&p_p_state=maximized&p_p_mode=view&refererPlid=20455&_125_usersListView=flat-users&_125_toolbarItem=view-all-users&_125_saveUsersListView=true&_125_struts_action=%2Fusers_admin%2Fview' successfully

2018-12-11 11:14:35 - [MESSAGE][PASSED] - Navigate to 'https://assist2-uat.perkeso.gov.my/group/control_panel/manage?p_p_id=125&p_p_lifecycle=0&p_p_state=maximized&p_p_mode=view&refererPlid=20455&_125_usersListView=flat-users&_125_toolbarItem=view-all-users&_125_saveUsersListView=true&_125_struts_action=%2Fusers_admin%2Fview' successfully

2018-12-11 11:14:35 - [TEST_STEP][PASSED] - delay: Delayed 3 second(s)

2018-12-11 11:14:38 - [MESSAGE][PASSED] - Delayed 3 second(s)

2018-12-11 11:14:38 - [TEST_STEP][PASSED] - setText: Text 'perkeso717714427175@gmail.com' is set on object 'Object Repository/Final Object Repo/Creating Employer Account/Page_Users and Organizations - ASSIST/Employer name'

2018-12-11 11:14:39 - [MESSAGE][PASSED] - Text 'perkeso717714427175@gmail.com' is set on object 'Object Repository/Final Object Repo/Creating Employer Account/Page_Users and Organizations - ASSIST/Employer name'

2018-12-11 11:14:39 - [TEST_STEP][PASSED] - delay: Delayed 3 second(s)

2018-12-11 11:14:42 - [MESSAGE][PASSED] - Delayed 3 second(s)

2018-12-11 11:14:42 - [TEST_STEP][PASSED] - click: Object: 'Object Repository/Final Object Repo/Creating Employer Account/Page_Users and Organizations - ASSIST/Search' is clicked on

2018-12-11 11:14:42 - [MESSAGE][PASSED] - Object: 'Object Repository/Final Object Repo/Creating Employer Account/Page_Users and Organizations - ASSIST/Search' is clicked on

2018-12-11 11:14:42 - [TEST_STEP][PASSED] - delay: Delayed 3 second(s)

2018-12-11 11:14:45 - [MESSAGE][PASSED] - Delayed 3 second(s)

2018-12-11 11:14:45 - [TEST_STEP][PASSED] - click: Object: 'Object Repository/Final Object Repo/Creating Employer Account/Page_Users and Organizations - ASSIST/Action' is clicked on

2018-12-11 11:14:45 - [MESSAGE][PASSED] - Object: 'Object Repository/Final Object Repo/Creating Employer Account/Page_Users and Organizations - ASSIST/Action' is clicked on

2018-12-11 11:14:45 - [TEST_STEP][PASSED] - delay: Delayed 3 second(s)

2018-12-11 11:14:48 - [MESSAGE][PASSED] - Delayed 3 second(s)

2018-12-11 11:14:48 - [TEST_STEP][PASSED] - click: Object: 'Object Repository/Final Object Repo/Creating Employer Account/Page_Users and Organizations - ASSIST/Edit' is clicked on

2018-12-11 11:14:50 - [MESSAGE][PASSED] - Object: 'Object Repository/Final Object Repo/Creating Employer Account/Page_Users and Organizations - ASSIST/Edit' is clicked on

2018-12-11 11:14:50 - [TEST_STEP][PASSED] - delay: Delayed 3 second(s)

2018-12-11 11:14:53 - [MESSAGE][PASSED] - Delayed 3 second(s)

2018-12-11 11:14:53 - [TEST_STEP][PASSED] - click: Object: 'Object Repository/Final Object Repo/Creating Employer Account/Page_PERKESO - Users and Organizati/a_Password (Modified)' is clicked on

2018-12-11 11:14:53 - [MESSAGE][PASSED] - Object: 'Object Repository/Final Object Repo/Creating Employer Account/Page_PERKESO - Users and Organizati/a_Password (Modified)' is clicked on

2018-12-11 11:14:53 - [TEST_STEP][PASSED] - delay: Delayed 3 second(s)

2018-12-11 11:14:56 - [MESSAGE][PASSED] - Delayed 3 second(s)

2018-12-11 11:14:56 - [TEST_STEP][PASSED] - setEncryptedText: Text ****** has been set on object 'Object Repository/Final Object Repo/Creating Employer Account/Page_PERKESO - Users and Organizati/input__125_password1'

2018-12-11 11:14:56 - [MESSAGE][PASSED] - Text ****** has been set on object 'Object Repository/Final Object Repo/Creating Employer Account/Page_PERKESO - Users and Organizati/input__125_password1'

2018-12-11 11:14:56 - [TEST_STEP][PASSED] - delay: Delayed 3 second(s)

2018-12-11 11:14:59 - [MESSAGE][PASSED] - Delayed 3 second(s)

2018-12-11 11:14:59 - [TEST_STEP][PASSED] - setEncryptedText: Text ****** has been set on object 'Object Repository/Final Object Repo/Creating Employer Account/Page_PERKESO - Users and Organizati/input__125_password2'

2018-12-11 11:14:59 - [MESSAGE][PASSED] - Text ****** has been set on object 'Object Repository/Final Object Repo/Creating Employer Account/Page_PERKESO - Users and Organizati/input__125_password2'

2018-12-11 11:14:59 - [TEST_STEP][PASSED] - delay: Delayed 3 second(s)

2018-12-11 11:15:02 - [MESSAGE][PASSED] - Delayed 3 second(s)

2018-12-11 11:15:02 - [TEST_STEP][PASSED] - click: Object: 'Object Repository/Final Object Repo/Creating Employer Account/Page_PERKESO - Users and Organizati/Save' is clicked on

2018-12-11 11:15:04 - [MESSAGE][PASSED] - Object: 'Object Repository/Final Object Repo/Creating Employer Account/Page_PERKESO - Users and Organizati/Save' is clicked on

2018-12-11 11:15:04 - [MESSAGE][PASSED] - Call Test Case 'Test Cases/Final Aug 2018 - PKS Automation/Create Employer Acc/Template/Change Password of Employer' successfully

2018-12-11 11:15:04 - [TEST_STEP][PASSED] - delay: Delayed 1 second(s)

2018-12-11 11:15:05 - [MESSAGE][PASSED] - Delayed 1 second(s)

2018-12-11 11:15:05 - [TEST_STEP][PASSED] - navigateToUrl: Navigate to 'https://assist2-uat.perkeso.gov.my/c/portal/logout' successfully

2018-12-11 11:15:06 - [MESSAGE][PASSED] - Navigate to 'https://assist2-uat.perkeso.gov.my/c/portal/logout' successfully

2018-12-11 11:15:06 - [TEST_STEP][PASSED] - delay: Delayed 1 second(s)

2018-12-11 11:15:07 - [MESSAGE][PASSED] - Delayed 1 second(s)

2018-12-11 11:15:07 - [TEST_STEP][PASSED] - callTestCase: Call Test Case 'Test Cases/Final Aug 2018 - PKS Automation/Create Employer Acc/Template/Login to Employer Account (First Time)' successfully

2018-12-11 11:15:07 - [TEST_CASE][PASSED] - Test Cases/Final Aug 2018 - PKS Automation/Create Employer Acc/Template/Login to Employer Account (First Time): Test Cases/Final Aug 2018 - PKS Automation/Create Employer Acc/Template/Login to Employer Account (First Time)

2018-12-11 11:15:07 - [TEST_STEP][PASSED] - openBrowser: Browser is opened with url: ''

2018-12-11 11:15:07 - [MESSAGE][WARNING] - A browser is already opened. Closing browser and opening a new one

2018-12-11 11:15:11 - [MESSAGE][PASSED] - Browser is opened with url: ''

2018-12-11 11:15:11 - [TEST_STEP][PASSED] - navigateToUrl: Navigate to 'https://assist2-uat.perkeso.gov.my/employer/login' successfully

2018-12-11 11:15:12 - [MESSAGE][PASSED] - Navigate to 'https://assist2-uat.perkeso.gov.my/employer/login' successfully

2018-12-11 11:15:12 - [TEST_STEP][PASSED] - delay: Delayed 3 second(s)

2018-12-11 11:15:15 - [MESSAGE][PASSED] - Delayed 3 second(s)

2018-12-11 11:15:15 - [TEST_STEP][PASSED] - callTestCase: Call Test Case 'Test Cases/Final Aug 2018 - PKS Automation/Create Employer Acc/Template/Employer Email Getter' successfully

2018-12-11 11:15:15 - [TEST_CASE][PASSED] - Test Cases/Final Aug 2018 - PKS Automation/Create Employer Acc/Template/Employer Email Getter: Test Cases/Final Aug 2018 - PKS Automation/Create Employer Acc/Template/Employer Email Getter

2018-12-11 11:15:15 - [TEST_STEP][PASSED] - Statement - Try: null

2018-12-11 11:15:15 - [TEST_STEP][PASSED] - Statement - EmpEmail = new java.io.File(C://Users//Admin//Desktop//PKS//Automation Reference Point//EmpEmail.txt): null

2018-12-11 11:15:15 - [TEST_STEP][PASSED] - Statement - bufferread = new java.io.BufferedReader(new java.io.FileReader(EmpEmail)): null

2018-12-11 11:15:15 - [TEST_STEP][PASSED] - Statement - readedVal = bufferread.readLine(): null

2018-12-11 11:15:15 - [TEST_STEP][PASSED] - Statement - out.println(readedVal): null

2018-12-11 11:15:15 - [TEST_STEP][PASSED] - Statement - Email = readedVal: null

2018-12-11 11:15:15 - [MESSAGE][PASSED] - Call Test Case 'Test Cases/Final Aug 2018 - PKS Automation/Create Employer Acc/Template/Employer Email Getter' successfully

2018-12-11 11:15:15 - [TEST_STEP][PASSED] - setText: Text 'perkeso717714427175@gmail.com' is set on object 'Object Repository/Final Object Repo/Login Page/External Login Page/Email'

2018-12-11 11:15:15 - [MESSAGE][PASSED] - Text 'perkeso717714427175@gmail.com' is set on object 'Object Repository/Final Object Repo/Login Page/External Login Page/Email'

2018-12-11 11:15:15 - [TEST_STEP][PASSED] - click: Object: 'Object Repository/Final Object Repo/Login Page/External Login Page/Next' is clicked on

2018-12-11 11:15:15 - [MESSAGE][PASSED] - Object: 'Object Repository/Final Object Repo/Login Page/External Login Page/Next' is clicked on

2018-12-11 11:15:15 - [TEST_STEP][PASSED] - delay: Delayed 3 second(s)

2018-12-11 11:15:18 - [MESSAGE][PASSED] - Delayed 3 second(s)

2018-12-11 11:15:18 - [TEST_STEP][PASSED] - setEncryptedText: Text ****** has been set on object 'Object Repository/Final Object Repo/Login Page/External Login Page/Password'

2018-12-11 11:15:19 - [MESSAGE][PASSED] - Text ****** has been set on object 'Object Repository/Final Object Repo/Login Page/External Login Page/Password'

2018-12-11 11:15:19 - [TEST_STEP][PASSED] - click: Object: 'Object Repository/Final Object Repo/Login Page/External Login Page/Login' is clicked on

2018-12-11 11:15:19 - [MESSAGE][PASSED] - Object: 'Object Repository/Final Object Repo/Login Page/External Login Page/Login' is clicked on

2018-12-11 11:15:19 - [TEST_STEP][PASSED] - delay: Delayed 3 second(s)

2018-12-11 11:15:22 - [MESSAGE][PASSED] - Delayed 3 second(s)

2018-12-11 11:15:22 - [TEST_STEP][PASSED] - click: Object: 'Object Repository/Final Object Repo/Creating Employer Account/Page_Terms of Use - ASSIST/button_I Agree' is clicked on

2018-12-11 11:15:23 - [MESSAGE][PASSED] - Object: 'Object Repository/Final Object Repo/Creating Employer Account/Page_Terms of Use - ASSIST/button_I Agree' is clicked on

2018-12-11 11:15:23 - [TEST_STEP][PASSED] - delay: Delayed 2 second(s)

2018-12-11 11:15:25 - [MESSAGE][PASSED] - Delayed 2 second(s)

2018-12-11 11:15:25 - [TEST_STEP][PASSED] - setEncryptedText: Text ****** has been set on object 'Object Repository/Final Object Repo/Creating Employer Account/Page_New Password - ASSIST/input_password1'

2018-12-11 11:15:25 - [MESSAGE][PASSED] - Text ****** has been set on object 'Object Repository/Final Object Repo/Creating Employer Account/Page_New Password - ASSIST/input_password1'

2018-12-11 11:15:25 - [TEST_STEP][PASSED] - setEncryptedText: Text ****** has been set on object 'Object Repository/Final Object Repo/Creating Employer Account/Page_New Password - ASSIST/input_password2'

2018-12-11 11:15:25 - [MESSAGE][PASSED] - Text ****** has been set on object 'Object Repository/Final Object Repo/Creating Employer Account/Page_New Password - ASSIST/input_password2'

2018-12-11 11:15:25 - [TEST_STEP][PASSED] - delay: Delayed 2 second(s)

2018-12-11 11:15:27 - [MESSAGE][PASSED] - Delayed 2 second(s)

2018-12-11 11:15:27 - [TEST_STEP][PASSED] - click: Object: 'Object Repository/Final Object Repo/Creating Employer Account/Page_New Password - ASSIST/Save' is clicked on

2018-12-11 11:15:27 - [MESSAGE][PASSED] - Object: 'Object Repository/Final Object Repo/Creating Employer Account/Page_New Password - ASSIST/Save' is clicked on

2018-12-11 11:15:27 - [TEST_STEP][PASSED] - delay: Delayed 2 second(s)

2018-12-11 11:15:29 - [MESSAGE][PASSED] - Delayed 2 second(s)

2018-12-11 11:15:29 - [TEST_STEP][PASSED] - setText: Text 'test' is set on object 'Object Repository/Final Object Repo/Creating Employer Account/Page_Password Reminder - ASSIST/Reminder Query Answer'

2018-12-11 11:15:30 - [MESSAGE][PASSED] - Text 'test' is set on object 'Object Repository/Final Object Repo/Creating Employer Account/Page_Password Reminder - ASSIST/Reminder Query Answer'

2018-12-11 11:15:30 - [TEST_STEP][PASSED] - delay: Delayed 2 second(s)

2018-12-11 11:15:32 - [MESSAGE][PASSED] - Delayed 2 second(s)

2018-12-11 11:15:32 - [TEST_STEP][PASSED] - doubleClick: Object: 'Object Repository/Final Object Repo/Creating Employer Account/Page_Password Reminder - ASSIST/Save' is double clicked on

2018-12-11 11:15:32 - [MESSAGE][PASSED] - Object: 'Object Repository/Final Object Repo/Creating Employer Account/Page_Password Reminder - ASSIST/Save' is double clicked on

2018-12-11 11:15:32 - [MESSAGE][PASSED] - Call Test Case 'Test Cases/Final Aug 2018 - PKS Automation/Create Employer Acc/Template/Login to Employer Account (First Time)' successfully

2018-12-11 11:15:32 - [MESSAGE][PASSED] - Call Test Case 'Test Cases/Final Aug 2018 - PKS Automation/Create Employer Acc/Create Employer Account' successfully

2018-12-11 11:15:32 - [TEST_STEP][PASSED] - callTestCase: Call Test Case 'Test Cases/Final Aug 2018 - PKS Automation/Registration Module/Log Out/log out avoiding katalon tagging' successfully

2018-12-11 11:15:32 - [TEST_CASE][PASSED] - Test Cases/Final Aug 2018 - PKS Automation/Registration Module/Log Out/log out avoiding katalon tagging: Test Cases/Final Aug 2018 - PKS Automation/Registration Module/Log Out/log out avoiding katalon tagging

2018-12-11 11:15:32 - [TEST_STEP][PASSED] - navigateToUrl: Navigate to 'https://assist2-uat.perkeso.gov.my/c/portal/logout' successfully

2018-12-11 11:15:35 - [MESSAGE][PASSED] - Navigate to 'https://assist2-uat.perkeso.gov.my/c/portal/logout' successfully

2018-12-11 11:15:35 - [MESSAGE][PASSED] - Call Test Case 'Test Cases/Final Aug 2018 - PKS Automation/Registration Module/Log Out/log out avoiding katalon tagging' successfully

2018-12-11 11:15:35 - [TEST_STEP][PASSED] - callTestCase: Call Test Case 'Test Cases/Final Aug 2018 - PKS Automation/Create Employer Acc/Login to Employer Account (Second time)' successfully

2018-12-11 11:15:35 - [TEST_CASE][PASSED] - Test Cases/Final Aug 2018 - PKS Automation/Create Employer Acc/Login to Employer Account (Second time): Test Cases/Final Aug 2018 - PKS Automation/Create Employer Acc/Login to Employer Account (Second time)

2018-12-11 11:15:35 - [TEST_STEP][PASSED] - openBrowser: Browser is opened with url: ''

2018-12-11 11:15:35 - [MESSAGE][WARNING] - A browser is already opened. Closing browser and opening a new one

2018-12-11 11:15:38 - [MESSAGE][PASSED] - Browser is opened with url: ''

2018-12-11 11:15:38 - [TEST_STEP][PASSED] - navigateToUrl: Navigate to 'https://assist2-uat.perkeso.gov.my/employer/login' successfully

2018-12-11 11:15:39 - [MESSAGE][PASSED] - Navigate to 'https://assist2-uat.perkeso.gov.my/employer/login' successfully

2018-12-11 11:15:39 - [TEST_STEP][PASSED] - delay: Delayed 3 second(s)

2018-12-11 11:15:42 - [MESSAGE][PASSED] - Delayed 3 second(s)

2018-12-11 11:15:42 - [TEST_STEP][PASSED] - callTestCase: Call Test Case 'Test Cases/Final Aug 2018 - PKS Automation/Create Employer Acc/Template/Employer Email Getter' successfully

2018-12-11 11:15:42 - [TEST_CASE][PASSED] - Test Cases/Final Aug 2018 - PKS Automation/Create Employer Acc/Template/Employer Email Getter: Test Cases/Final Aug 2018 - PKS Automation/Create Employer Acc/Template/Employer Email Getter

2018-12-11 11:15:42 - [TEST_STEP][PASSED] - Statement - Try: null

2018-12-11 11:15:42 - [TEST_STEP][PASSED] - Statement - EmpEmail = new java.io.File(C://Users//Admin//Desktop//PKS//Automation Reference Point//EmpEmail.txt): null

2018-12-11 11:15:42 - [TEST_STEP][PASSED] - Statement - bufferread = new java.io.BufferedReader(new java.io.FileReader(EmpEmail)): null

2018-12-11 11:15:42 - [TEST_STEP][PASSED] - Statement - readedVal = bufferread.readLine(): null

2018-12-11 11:15:42 - [TEST_STEP][PASSED] - Statement - out.println(readedVal): null

2018-12-11 11:15:42 - [TEST_STEP][PASSED] - Statement - Email = readedVal: null

2018-12-11 11:15:43 - [MESSAGE][PASSED] - Call Test Case 'Test Cases/Final Aug 2018 - PKS Automation/Create Employer Acc/Template/Employer Email Getter' successfully

2018-12-11 11:15:43 - [TEST_STEP][PASSED] - setText: Text 'perkeso717714427175@gmail.com' is set on object 'Object Repository/Final Object Repo/Login Page/External Login Page/Email'

2018-12-11 11:15:43 - [MESSAGE][PASSED] - Text 'perkeso717714427175@gmail.com' is set on object 'Object Repository/Final Object Repo/Login Page/External Login Page/Email'

2018-12-11 11:15:43 - [TEST_STEP][PASSED] - click: Object: 'Object Repository/Final Object Repo/Login Page/External Login Page/Next' is clicked on

2018-12-11 11:15:43 - [MESSAGE][PASSED] - Object: 'Object Repository/Final Object Repo/Login Page/External Login Page/Next' is clicked on

2018-12-11 11:15:43 - [TEST_STEP][PASSED] - delay: Delayed 3 second(s)

2018-12-11 11:15:46 - [MESSAGE][PASSED] - Delayed 3 second(s)

2018-12-11 11:15:46 - [TEST_STEP][PASSED] - setEncryptedText: Text ****** has been set on object 'Object Repository/Final Object Repo/Login Page/External Login Page/Password'

2018-12-11 11:15:46 - [MESSAGE][PASSED] - Text ****** has been set on object 'Object Repository/Final Object Repo/Login Page/External Login Page/Password'

2018-12-11 11:15:46 - [TEST_STEP][PASSED] - click: Object: 'Object Repository/Final Object Repo/Login Page/External Login Page/Login' is clicked on

2018-12-11 11:15:47 - [MESSAGE][PASSED] - Object: 'Object Repository/Final Object Repo/Login Page/External Login Page/Login' is clicked on

2018-12-11 11:15:47 - [TEST_STEP][PASSED] - delay: Delayed 5 second(s)

2018-12-11 11:15:52 - [MESSAGE][PASSED] - Delayed 5 second(s)

2018-12-11 11:15:52 - [MESSAGE][PASSED] - Call Test Case 'Test Cases/Final Aug 2018 - PKS Automation/Create Employer Acc/Login to Employer Account (Second time)' successfully

2018-12-11 11:15:52 - [TEST_STEP][PASSED] - delay: Delayed 4 second(s)

2018-12-11 11:15:56 - [MESSAGE][PASSED] - Delayed 4 second(s)

2018-12-11 11:15:56 - [TEST_STEP][PASSED] - Statement - Try: Delayed 2 second(s)

2018-12-11 11:15:56 - [TEST_STEP][PASSED] - Statement - Checker = false: null

2018-12-11 11:15:56 - [TEST_STEP][PASSED] - Statement - Checker = com.kms.katalon.core.webui.keyword.WebUiBuiltInKeywords.verifyElementHasAttribute(com.kms.katalon.core.testobject.ObjectRepository.findTestObject(Final Object Repo/Landing Page/BM Detecting), "href", 20, OPTIONAL): Object 'Object Repository/Final Object Repo/Landing Page/BM Detecting' has attribute 'href'

2018-12-11 11:15:56 - [MESSAGE][PASSED] - Object 'Object Repository/Final Object Repo/Landing Page/BM Detecting' has attribute 'href'

2018-12-11 11:15:56 - [TEST_STEP][PASSED] - Statement - out.println(Checker): null

2018-12-11 11:15:56 - [TEST_STEP][PASSED] - Statement - If (Checker == false): null

2018-12-11 11:15:56 - [TEST_STEP][PASSED] - Statement - Else: null

2018-12-11 11:15:56 - [TEST_STEP][PASSED] - delay: Delayed 2 second(s)

2018-12-11 11:15:58 - [MESSAGE][PASSED] - Delayed 2 second(s)

2018-12-11 11:15:58 - [TEST_STEP][PASSED] - delay: Delayed 4 second(s)

2018-12-11 11:16:02 - [MESSAGE][PASSED] - Delayed 4 second(s)

2018-12-11 11:16:02 - [TEST_STEP][PASSED] - click: Object: 'Object Repository/Final Object Repo/Landing Page/My Sites Drop Down' is clicked on

2018-12-11 11:16:02 - [MESSAGE][PASSED] - Object: 'Object Repository/Final Object Repo/Landing Page/My Sites Drop Down' is clicked on

2018-12-11 11:16:02 - [TEST_STEP][PASSED] - click: Object: 'Object Repository/Final Object Repo/Landing Page/Select to Registration Module' is clicked on

2018-12-11 11:16:05 - [MESSAGE][PASSED] - Object: 'Object Repository/Final Object Repo/Landing Page/Select to Registration Module' is clicked on

2018-12-11 11:16:05 - [TEST_STEP][PASSED] - click: Object: 'Object Repository/Final Object Repo/Landing Page/Registration Button' is clicked on

2018-12-11 11:16:06 - [MESSAGE][PASSED] - Object: 'Object Repository/Final Object Repo/Landing Page/Registration Button' is clicked on

2018-12-11 11:16:06 - [TEST_STEP][PASSED] - delay: Delayed 2 second(s)

2018-12-11 11:16:08 - [MESSAGE][PASSED] - Delayed 2 second(s)

2018-12-11 11:16:08 - [TEST_STEP][PASSED] - click: Object: 'Object Repository/Final Object Repo/New Registration - Registration Module Pages/New Reg - OTC to RO/Special Case - OTC - Form 1/AEC NO' is clicked on

2018-12-11 11:16:08 - [MESSAGE][PASSED] - Object: 'Object Repository/Final Object Repo/New Registration - Registration Module Pages/New Reg - OTC to RO/Special Case - OTC - Form 1/AEC NO' is clicked on

2018-12-11 11:16:08 - [TEST_STEP][PASSED] - click: Object: 'Object Repository/Final Object Repo/New Registration - Registration Module Pages/New Reg - OTC to RO/Special Case - OTC - Form 1/Business Entity - Please Select' is clicked on

2018-12-11 11:16:08 - [MESSAGE][PASSED] - Object: 'Object Repository/Final Object Repo/New Registration - Registration Module Pages/New Reg - OTC to RO/Special Case - OTC - Form 1/Business Entity - Please Select' is clicked on

2018-12-11 11:16:08 - [TEST_STEP][PASSED] - click: Object: 'Object Repository/Final Object Repo/New Registration - Registration Module Pages/New Reg - OTC to RO/Special Case - OTC - Form 1/Selected - Corporation' is clicked on

2018-12-11 11:16:09 - [MESSAGE][PASSED] - Object: 'Object Repository/Final Object Repo/New Registration - Registration Module Pages/New Reg - OTC to RO/Special Case - OTC - Form 1/Selected - Corporation' is clicked on

2018-12-11 11:16:09 - [TEST_STEP][PASSED] - delay: Delayed 2 second(s)

2018-12-11 11:16:11 - [MESSAGE][PASSED] - Delayed 2 second(s)

2018-12-11 11:16:11 - [TEST_STEP][PASSED] - click: Object: 'Object Repository/Final Object Repo/New Registration - Registration Module Pages/New Reg - OTC to RO/Special Case - OTC - Form 1/Sub Business Entity - Please Select' is clicked on

2018-12-11 11:16:11 - [MESSAGE][PASSED] - Object: 'Object Repository/Final Object Repo/New Registration - Registration Module Pages/New Reg - OTC to RO/Special Case - OTC - Form 1/Sub Business Entity - Please Select' is clicked on

2018-12-11 11:16:11 - [TEST_STEP][PASSED] - delay: Delayed 2 second(s)

2018-12-11 11:16:13 - [MESSAGE][PASSED] - Delayed 2 second(s)

2018-12-11 11:16:13 - [TEST_STEP][PASSED] - click: Object: 'Object Repository/Final Object Repo/New Registration - Registration Module Pages/New Reg - OTC to RO/Special Case - OTC - Form 1/Selected - Sendirian Berhad' is clicked on

2018-12-11 11:16:13 - [MESSAGE][PASSED] - Object: 'Object Repository/Final Object Repo/New Registration - Registration Module Pages/New Reg - OTC to RO/Special Case - OTC - Form 1/Selected - Sendirian Berhad' is clicked on

2018-12-11 11:16:13 - [TEST_STEP][PASSED] - setText: Text 'AUTOMATE001' is set on object 'Object Repository/Final Object Repo/New Registration - Registration Module Pages/New Reg - OTC to RO/Special Case - OTC - Form 1/Input BRN Number'

2018-12-11 11:16:14 - [MESSAGE][PASSED] - Text 'AUTOMATE001' is set on object 'Object Repository/Final Object Repo/New Registration - Registration Module Pages/New Reg - OTC to RO/Special Case - OTC - Form 1/Input BRN Number'

2018-12-11 11:16:14 - [TEST_STEP][PASSED] - delay: Delayed 2 second(s)

2018-12-11 11:16:16 - [MESSAGE][PASSED] - Delayed 2 second(s)

2018-12-11 11:16:16 - [TEST_STEP][PASSED] - click: Object: 'Object Repository/Final Object Repo/New Registration - Registration Module Pages/New Reg - OTC to RO/Special Case - OTC - Form 1/BRN Search' is clicked on

2018-12-11 11:16:16 - [MESSAGE][PASSED] - Object: 'Object Repository/Final Object Repo/New Registration - Registration Module Pages/New Reg - OTC to RO/Special Case - OTC - Form 1/BRN Search' is clicked on

2018-12-11 11:16:16 - [TEST_STEP][PASSED] - delay: Delayed 4 second(s)

2018-12-11 11:16:20 - [MESSAGE][PASSED] - Delayed 4 second(s)

2018-12-11 11:16:20 - [TEST_STEP][PASSED] - click: Object: 'Object Repository/Final Object Repo/New Registration - Registration Module Pages/New Reg - OTC to RO/Special Case - OTC - Form 1/Registered with SSM - After Feb 2017' is clicked on

2018-12-11 11:16:24 - [MESSAGE][PASSED] - Object: 'Object Repository/Final Object Repo/New Registration - Registration Module Pages/New Reg - OTC to RO/Special Case - OTC - Form 1/Registered with SSM - After Feb 2017' is clicked on

2018-12-11 11:16:24 - [TEST_STEP][PASSED] - delay: Delayed 2 second(s)

2018-12-11 11:16:26 - [MESSAGE][PASSED] - Delayed 2 second(s)

2018-12-11 11:16:26 - [TEST_STEP][PASSED] - click: Object: 'Object Repository/Final Object Repo/New Registration - Registration Module Pages/Form 1/Registered As a Branch - Yes' is clicked on

2018-12-11 11:16:29 - [MESSAGE][PASSED] - Object: 'Object Repository/Final Object Repo/New Registration - Registration Module Pages/Form 1/Registered As a Branch - Yes' is clicked on

2018-12-11 11:16:29 - [TEST_STEP][PASSED] - click: Object: 'Object Repository/Final Object Repo/New Registration - Registration Module Pages/New Reg - OTC to RO/Special Case - OTC - Form 1/Acknowledgement Ticked' is clicked on

2018-12-11 11:16:30 - [MESSAGE][PASSED] - Object: 'Object Repository/Final Object Repo/New Registration - Registration Module Pages/New Reg - OTC to RO/Special Case - OTC - Form 1/Acknowledgement Ticked' is clicked on

2018-12-11 11:16:30 - [TEST_STEP][PASSED] - setText: Text 'perkeso717714427175@gmail.com' is set on object 'Object Repository/Final Object Repo/New Registration - Registration Module Pages/Form 1/Email'

2018-12-11 11:16:31 - [MESSAGE][PASSED] - Text 'perkeso717714427175@gmail.com' is set on object 'Object Repository/Final Object Repo/New Registration - Registration Module Pages/Form 1/Email'

2018-12-11 11:16:31 - [TEST_STEP][PASSED] - click: Object: 'Object Repository/Final Object Repo/New Registration - Registration Module Pages/New Reg - OTC to RO/Special Case - OTC - Form 1/Submit Button' is clicked on

2018-12-11 11:16:31 - [MESSAGE][PASSED] - Object: 'Object Repository/Final Object Repo/New Registration - Registration Module Pages/New Reg - OTC to RO/Special Case - OTC - Form 1/Submit Button' is clicked on

2018-12-11 11:16:31 - [TEST_STEP][PASSED] - callTestCase: Call Test Case 'Test Cases/Final Aug 2018 - PKS Automation/Registration Module/New Registration/Form 2/Add 1 Eligible - Employer Account Use' successfully

2018-12-11 11:16:31 - [TEST_CASE][PASSED] - Test Cases/Final Aug 2018 - PKS Automation/Registration Module/New Registration/Form 2/Add 1 Eligible - Employer Account Use: Test Cases/Final Aug 2018 - PKS Automation/Registration Module/New Registration/Form 2/Add 1 Eligible - Employer Account Use

2018-12-11 11:16:31 - [TEST_STEP][PASSED] - delay: Delayed 2 second(s)

2018-12-11 11:16:33 - [MESSAGE][PASSED] - Delayed 2 second(s)

2018-12-11 11:16:33 - [TEST_STEP][PASSED] - callTestCase: Call Test Case 'Test Cases/Final Aug 2018 - PKS Automation/Registration Module/New Registration/Form 2/Date Updater' successfully

2018-12-11 11:16:33 - [TEST_CASE][PASSED] - Test Cases/Final Aug 2018 - PKS Automation/Registration Module/New Registration/Form 2/Date Updater: Test Cases/Final Aug 2018 - PKS Automation/Registration Module/New Registration/Form 2/Date Updater

2018-12-11 11:16:33 - [TEST_STEP][PASSED] - Statement - TodayDate = new java.util.Date(): null

2018-12-11 11:16:33 - [TEST_STEP][PASSED] - Statement - CurrentDateNoFilter = new java.text.SimpleDateFormat(): null

2018-12-11 11:16:33 - [TEST_STEP][PASSED] - Statement - CurrentDateNoFilter.applyPattern("MM"): null

2018-12-11 11:16:33 - [TEST_STEP][PASSED] - Statement - monthContainerMatcher = java.lang.Integer.parseInt(CurrentDateNoFilter.format(TodayDate)): null

2018-12-11 11:16:33 - [TEST_STEP][PASSED] - Statement - monthContainerMatcher = monthContainerMatcher - 1: null

2018-12-11 11:16:33 - [TEST_STEP][PASSED] - Statement - CurrentMonth = monthContainerMatcher.toString(): null

2018-12-11 11:16:33 - [TEST_STEP][PASSED] - Statement - CurrentMonth = CurrentMonth: null

2018-12-11 11:16:33 - [TEST_STEP][PASSED] - Statement - CurrentDateNoFilter.applyPattern("yyyy"): null

2018-12-11 11:16:33 - [TEST_STEP][PASSED] - Statement - CurrentYear = CurrentDateNoFilter.format(TodayDate): null

2018-12-11 11:16:33 - [TEST_STEP][PASSED] - Statement - CurrentYear = CurrentYear: null

2018-12-11 11:16:33 - [TEST_STEP][PASSED] - Statement - intCurrentYear = java.lang.Integer.parseInt(CurrentDateNoFilter.format(TodayDate)): null

2018-12-11 11:16:33 - [TEST_STEP][PASSED] - Statement - eighteenYrsAgo = intCurrentYear - 18: null

2018-12-11 11:16:33 - [TEST_STEP][PASSED] - Statement - eighteenYrsBeforeThisYr = eighteenYrsAgo.toString(): null

2018-12-11 11:16:33 - [TEST_STEP][PASSED] - Statement - EighteenYrsBefore = eighteenYrsBeforeThisYr: null

2018-12-11 11:16:33 - [TEST_STEP][PASSED] - Statement - fiftysevenYrsAgo = intCurrentYear - 57: null

2018-12-11 11:16:33 - [TEST_STEP][PASSED] - Statement - fiftysevenYrsBeforeThisYr = fiftysevenYrsAgo.toString(): null

2018-12-11 11:16:33 - [TEST_STEP][PASSED] - Statement - FiftysevenYrsBefore = fiftysevenYrsBeforeThisYr: null

2018-12-11 11:16:33 - [TEST_STEP][PASSED] - Statement - leapYear = false: null

2018-12-11 11:16:33 - [TEST_STEP][PASSED] - Statement - leapYear = intCurrentYear % 4 == 0: null

2018-12-11 11:16:33 - [TEST_STEP][PASSED] - Statement - CurrentDateNoFilter.applyPattern("dd"): null

2018-12-11 11:16:33 - [TEST_STEP][PASSED] - Statement - CurrentDate = CurrentDateNoFilter.format(TodayDate): null

2018-12-11 11:16:33 - [TEST_STEP][PASSED] - Statement - CurrentDate = java.lang.Integer.parseInt(CurrentDate): null

2018-12-11 11:16:33 - [TEST_STEP][PASSED] - Statement - CurrentDate = CurrentDate: null

2018-12-11 11:16:33 - [TEST_STEP][PASSED] - Statement - CurrentDay = java.lang.Integer.parseInt(CurrentDate): null

2018-12-11 11:16:33 - [TEST_STEP][PASSED] - Statement - ConfAdder = <not implemented yet for class: org.codehaus.groovy.ast.expr.EmptyExpression>: null

2018-12-11 11:16:33 - [TEST_STEP][PASSED] - Statement - out.println(CurrentMonth): null

2018-12-11 11:16:33 - [TEST_STEP][PASSED] - Statement - out.println(CurrentDate): null

2018-12-11 11:16:33 - [TEST_STEP][PASSED] - Statement - switch (CurrentDate): null

2018-12-11 11:16:33 - [TEST_STEP][PASSED] - Statement - Default: null

2018-12-11 11:16:33 - [TEST_STEP][PASSED] - Statement - ConfAdder = true: null

2018-12-11 11:16:33 - [TEST_STEP][PASSED] - Statement - Break: null

2018-12-11 11:16:33 - [TEST_STEP][PASSED] - Statement - aDayBefore = <not implemented yet for class: org.codehaus.groovy.ast.expr.EmptyExpression>: null

2018-12-11 11:16:33 - [TEST_STEP][PASSED] - Statement - out.println(ConfAdder): null

2018-12-11 11:16:33 - [TEST_STEP][PASSED] - Statement - If (ConfAdder == true): null

2018-12-11 11:16:33 - [TEST_STEP][PASSED] - Statement - aDayBefore = CurrentDay + 1: null

2018-12-11 11:16:33 - [TEST_STEP][PASSED] - Statement - out.println(aDayBefore): null

2018-12-11 11:16:33 - [TEST_STEP][PASSED] - Statement - If (aDayBefore == 1 && CurrentMonth == 11): null

2018-12-11 11:16:33 - [TEST_STEP][PASSED] - Statement - DayBefore = aDayBefore.toString(): null

2018-12-11 11:16:33 - [TEST_STEP][PASSED] - Statement - OneDayBefore = DayBefore: null

2018-12-11 11:16:33 - [MESSAGE][PASSED] - Call Test Case 'Test Cases/Final Aug 2018 - PKS Automation/Registration Module/New Registration/Form 2/Date Updater' successfully

2018-12-11 11:16:33 - [TEST_STEP][PASSED] - delay: Delayed 1 second(s)

2018-12-11 11:16:34 - [MESSAGE][PASSED] - Delayed 1 second(s)

2018-12-11 11:16:34 - [TEST_STEP][PASSED] - Statement - CaseReferenceNo = com.kms.katalon.core.webui.keyword.WebUiBuiltInKeywords.getText(com.kms.katalon.core.testobject.ObjectRepository.findTestObject(Final Object Repo/New Registration - Registration Module Pages/Form 2/RefNo Acquiring)): Text of object 'Object Repository/Final Object Repo/New Registration - Registration Module Pages/Form 2/RefNo Acquiring' is: 'CRN12201800123161'

2018-12-11 11:16:34 - [MESSAGE][PASSED] - Text of object 'Object Repository/Final Object Repo/New Registration - Registration Module Pages/Form 2/RefNo Acquiring' is: 'CRN12201800123161'

2018-12-11 11:16:34 - [TEST_STEP][PASSED] - delay: Delayed 1 second(s)

2018-12-11 11:16:35 - [MESSAGE][PASSED] - Delayed 1 second(s)

2018-12-11 11:16:35 - [TEST_STEP][PASSED] - click: Object: 'Object Repository/Final Object Repo/New Registration - Registration Module Pages/Form 2/Add Employee Button' is clicked on

2018-12-11 11:16:36 - [MESSAGE][PASSED] - Object: 'Object Repository/Final Object Repo/New Registration - Registration Module Pages/Form 2/Add Employee Button' is clicked on

2018-12-11 11:16:36 - [TEST_STEP][PASSED] - delay: Delayed 1 second(s)

2018-12-11 11:16:37 - [MESSAGE][PASSED] - Delayed 1 second(s)

2018-12-11 11:16:37 - [TEST_STEP][PASSED] - setText: Text '010903091948' is set on object 'Object Repository/Final Object Repo/New Registration - Registration Module Pages/Form 2/NRIC Input'

2018-12-11 11:16:37 - [MESSAGE][PASSED] - Text '010903091948' is set on object 'Object Repository/Final Object Repo/New Registration - Registration Module Pages/Form 2/NRIC Input'

2018-12-11 11:16:37 - [TEST_STEP][PASSED] - delay: Delayed 2 second(s)

2018-12-11 11:16:39 - [MESSAGE][PASSED] - Delayed 2 second(s)

2018-12-11 11:16:39 - [TEST_STEP][PASSED] - setText: Text 'Automate001 eligible 1' is set on object 'Object Repository/Final Object Repo/New Registration - Registration Module Pages/Form 2/Employee Name Input'

2018-12-11 11:16:39 - [MESSAGE][PASSED] - Text 'Automate001 eligible 1' is set on object 'Object Repository/Final Object Repo/New Registration - Registration Module Pages/Form 2/Employee Name Input'

2018-12-11 11:16:39 - [TEST_STEP][PASSED] - delay: Delayed 2 second(s)

2018-12-11 11:16:41 - [MESSAGE][PASSED] - Delayed 2 second(s)

2018-12-11 11:16:41 - [TEST_STEP][PASSED] - click: Object: 'Object Repository/Final Object Repo/New Registration - Registration Module Pages/Form 2/DatePicker Pop Up' is clicked on

2018-12-11 11:16:42 - [MESSAGE][PASSED] - Object: 'Object Repository/Final Object Repo/New Registration - Registration Module Pages/Form 2/DatePicker Pop Up' is clicked on

2018-12-11 11:16:42 - [TEST_STEP][PASSED] - click: Object: 'Object Repository/Final Object Repo/New Registration - Registration Module Pages/Form 2/DOB Month' is clicked on

2018-12-11 11:16:42 - [MESSAGE][PASSED] - Object: 'Object Repository/Final Object Repo/New Registration - Registration Module Pages/Form 2/DOB Month' is clicked on

2018-12-11 11:16:42 - [TEST_STEP][PASSED] - Statement - CurrentMonth = CurrentMonth: null

2018-12-11 11:16:42 - [TEST_STEP][PASSED] - Statement - selectMonth = new com.kms.katalon.core.testobject.TestObject(): null

2018-12-11 11:16:42 - [TEST_STEP][PASSED] - Statement - selectMonth.addProperty("xpath", EQUALS, "//body/div/div/div/select/option[@value='" + CurrentMonth + "']", true): null

2018-12-11 11:16:42 - [TEST_STEP][PASSED] - click: Object: '' is clicked on

2018-12-11 11:16:42 - [MESSAGE][PASSED] - Object: '' is clicked on

2018-12-11 11:16:42 - [TEST_STEP][PASSED] - click: Object: 'Object Repository/Final Object Repo/New Registration - Registration Module Pages/Form 2/DOB Year' is clicked on

2018-12-11 11:16:42 - [MESSAGE][PASSED] - Object: 'Object Repository/Final Object Repo/New Registration - Registration Module Pages/Form 2/DOB Year' is clicked on

2018-12-11 11:16:42 - [TEST_STEP][PASSED] - Statement - Eyearsbf = EighteenYrsBefore: null

2018-12-11 11:16:42 - [TEST_STEP][PASSED] - Statement - selectYear = new com.kms.katalon.core.testobject.TestObject(): null

2018-12-11 11:16:42 - [TEST_STEP][PASSED] - Statement - selectYear.addProperty("xpath", EQUALS, "//div/div/div/select/option[@value='" + Eyearsbf + "']", true): null

2018-12-11 11:16:42 - [TEST_STEP][PASSED] - click: Object: '' is clicked on

2018-12-11 11:16:42 - [MESSAGE][PASSED] - Object: '' is clicked on

2018-12-11 11:16:42 - [TEST_STEP][PASSED] - Statement - UpdatedSelectDate = com.kms.katalon.core.webui.keyword.WebUiBuiltInKeywords.modifyObjectProperty(com.kms.katalon.core.testobject.ObjectRepository.findTestObject(Final Object Repo/New Registration - Registration Module Pages/Form 2/DOB Date), "xpath", "equals", "//body/div/table/tbody/tr/td/a[text()="" + CurrentDate + ""]", true): Modify property of object successfully

2018-12-11 11:16:42 - [MESSAGE][PASSED] - Modify property of object successfully

2018-12-11 11:16:42 - [TEST_STEP][PASSED] - delay: Delayed 3 second(s)

2018-12-11 11:16:45 - [MESSAGE][PASSED] - Delayed 3 second(s)

2018-12-11 11:16:45 - [TEST_STEP][PASSED] - click: Object: 'Object Repository/Final Object Repo/New Registration - Registration Module Pages/Form 2/DOB Date' is clicked on

2018-12-11 11:16:45 - [MESSAGE][PASSED] - Object: 'Object Repository/Final Object Repo/New Registration - Registration Module Pages/Form 2/DOB Date' is clicked on

2018-12-11 11:16:45 - [TEST_STEP][PASSED] - delay: Delayed 2 second(s)

2018-12-11 11:16:47 - [MESSAGE][PASSED] - Delayed 2 second(s)

2018-12-11 11:16:47 - [TEST_STEP][PASSED] - click: Object: 'Object Repository/Final Object Repo/New Registration - Registration Module Pages/Form 2/EmploymentStartDate Pop Up' is clicked on

2018-12-11 11:16:48 - [MESSAGE][PASSED] - Object: 'Object Repository/Final Object Repo/New Registration - Registration Module Pages/Form 2/EmploymentStartDate Pop Up' is clicked on

2018-12-11 11:16:48 - [TEST_STEP][PASSED] - delay: Delayed 2 second(s)

2018-12-11 11:16:50 - [MESSAGE][PASSED] - Delayed 2 second(s)

2018-12-11 11:16:50 - [TEST_STEP][PASSED] - click: Object: 'Object Repository/Final Object Repo/New Registration - Registration Module Pages/Form 2/Socso Employment StartDate Month' is clicked on

2018-12-11 11:16:50 - [MESSAGE][PASSED] - Object: 'Object Repository/Final Object Repo/New Registration - Registration Module Pages/Form 2/Socso Employment StartDate Month' is clicked on

2018-12-11 11:16:50 - [TEST_STEP][PASSED] - delay: Delayed 1 second(s)

2018-12-11 11:16:51 - [MESSAGE][PASSED] - Delayed 1 second(s)

2018-12-11 11:16:51 - [TEST_STEP][PASSED] - click: Object: 'Object Repository/Final Object Repo/New Registration - Registration Module Pages/Form 2/Select Socso Employement Startdate Month' is clicked on

2018-12-11 11:16:51 - [MESSAGE][PASSED] - Object: 'Object Repository/Final Object Repo/New Registration - Registration Module Pages/Form 2/Select Socso Employement Startdate Month' is clicked on

2018-12-11 11:16:51 - [TEST_STEP][PASSED] - delay: Delayed 2 second(s)

2018-12-11 11:16:53 - [MESSAGE][PASSED] - Delayed 2 second(s)

2018-12-11 11:16:53 - [TEST_STEP][PASSED] - click: Object: 'Object Repository/Final Object Repo/New Registration - Registration Module Pages/Form 2/Socso Employment StartDate Year' is clicked on

2018-12-11 11:16:53 - [MESSAGE][PASSED] - Object: 'Object Repository/Final Object Repo/New Registration - Registration Module Pages/Form 2/Socso Employment StartDate Year' is clicked on

2018-12-11 11:16:53 - [TEST_STEP][PASSED] - delay: Delayed 1 second(s)

2018-12-11 11:16:54 - [MESSAGE][PASSED] - Delayed 1 second(s)

2018-12-11 11:16:54 - [TEST_STEP][PASSED] - click: Object: 'Object Repository/Final Object Repo/New Registration - Registration Module Pages/Form 2/Select Socso Employment Startdate Year' is clicked on

2018-12-11 11:16:54 - [MESSAGE][PASSED] - Object: 'Object Repository/Final Object Repo/New Registration - Registration Module Pages/Form 2/Select Socso Employment Startdate Year' is clicked on

2018-12-11 11:16:54 - [TEST_STEP][PASSED] - delay: Delayed 2 second(s)

2018-12-11 11:16:56 - [MESSAGE][PASSED] - Delayed 2 second(s)

2018-12-11 11:16:56 - [TEST_STEP][PASSED] - click: Object: 'Object Repository/Final Object Repo/New Registration - Registration Module Pages/Form 2/Socso Employment Start Date Day' is clicked on

2018-12-11 11:16:57 - [MESSAGE][PASSED] - Object: 'Object Repository/Final Object Repo/New Registration - Registration Module Pages/Form 2/Socso Employment Start Date Day' is clicked on

2018-12-11 11:16:57 - [TEST_STEP][PASSED] - delay: Delayed 2 second(s)

2018-12-11 11:16:59 - [MESSAGE][PASSED] - Delayed 2 second(s)

2018-12-11 11:16:59 - [TEST_STEP][PASSED] - click: Object: 'Object Repository/Final Object Repo/New Registration - Registration Module Pages/Form 2/Save Button for Add Employee' is clicked on

2018-12-11 11:16:59 - [MESSAGE][PASSED] - Object: 'Object Repository/Final Object Repo/New Registration - Registration Module Pages/Form 2/Save Button for Add Employee' is clicked on

2018-12-11 11:16:59 - [TEST_STEP][PASSED] - delay: Delayed 6 second(s)

2018-12-11 11:17:05 - [MESSAGE][PASSED] - Delayed 6 second(s)

2018-12-11 11:17:05 - [TEST_STEP][PASSED] - click: Object: 'Object Repository/Final Object Repo/New Registration - Registration Module Pages/Form 2/Save and Continue Form 2' is clicked on

2018-12-11 11:17:05 - [MESSAGE][PASSED] - Object: 'Object Repository/Final Object Repo/New Registration - Registration Module Pages/Form 2/Save and Continue Form 2' is clicked on

2018-12-11 11:17:05 - [MESSAGE][PASSED] - Call Test Case 'Test Cases/Final Aug 2018 - PKS Automation/Registration Module/New Registration/Form 2/Add 1 Eligible - Employer Account Use' successfully

2018-12-11 11:17:05 - [TEST_STEP][PASSED] - callTestCase: Call Test Case 'Test Cases/Final Aug 2018 - PKS Automation/Registration Module/New Registration/Flow of New Registration/Third Screen - Upload Supporting Doc - Preview' successfully

2018-12-11 11:17:05 - [TEST_CASE][PASSED] - Test Cases/Final Aug 2018 - PKS Automation/Registration Module/New Registration/Flow of New Registration/Third Screen - Upload Supporting Doc - Preview: Test Cases/Final Aug 2018 - PKS Automation/Registration Module/New Registration/Flow of New Registration/Third Screen - Upload Supporting Doc - Preview

2018-12-11 11:17:05 - [TEST_STEP][PASSED] - waitForPageLoad: Wait for page load successfully

2018-12-11 11:17:06 - [MESSAGE][PASSED] - Wait for page load successfully

2018-12-11 11:17:06 - [TEST_STEP][PASSED] - Statement - CaseReferenceNo = com.kms.katalon.core.webui.keyword.WebUiBuiltInKeywords.getText(com.kms.katalon.core.testobject.ObjectRepository.findTestObject(Final Object Repo/New Registration - Registration Module Pages/Third Screen - Upload Supporting Doc- Preview/RefNo Acquiring)): Text of object 'Object Repository/Final Object Repo/New Registration - Registration Module Pages/Third Screen - Upload Supporting Doc- Preview/RefNo Acquiring' is: 'CRN12201800123161'

2018-12-11 11:17:06 - [MESSAGE][PASSED] - Text of object 'Object Repository/Final Object Repo/New Registration - Registration Module Pages/Third Screen - Upload Supporting Doc- Preview/RefNo Acquiring' is: 'CRN12201800123161'

2018-12-11 11:17:06 - [TEST_STEP][PASSED] - delay: Delayed 2 second(s)

2018-12-11 11:17:08 - [MESSAGE][PASSED] - Delayed 2 second(s)

2018-12-11 11:17:08 - [TEST_STEP][PASSED] - callTestCase: Call Test Case 'Test Cases/Final Aug 2018 - PKS Automation/Common/Reference Number Setter' successfully

2018-12-11 11:17:08 - [TEST_CASE][PASSED] - Test Cases/Final Aug 2018 - PKS Automation/Common/Reference Number Setter: Test Cases/Final Aug 2018 - PKS Automation/Common/Reference Number Setter

2018-12-11 11:17:08 - [TEST_STEP][PASSED] - Statement - RefNoOldFile = new java.io.File(C://Users//Admin//Desktop//PKS//Automation Reference Point//KatalonReference.txt): null

2018-12-11 11:17:08 - [TEST_STEP][PASSED] - Statement - RefNoOldFile.delete(): null

2018-12-11 11:17:08 - [TEST_STEP][PASSED] - delay: Delayed 5 second(s)

2018-12-11 11:17:13 - [MESSAGE][PASSED] - Delayed 5 second(s)

2018-12-11 11:17:13 - [TEST_STEP][PASSED] - Statement - RefNo = new java.io.File(C://Users//Admin//Desktop//PKS//Automation Reference Point//KatalonReference.txt): null

2018-12-11 11:17:13 - [TEST_STEP][PASSED] - Statement - f2 = new java.io.FileWriter(RefNo, false): null

2018-12-11 11:17:13 - [TEST_STEP][PASSED] - Statement - f2.write(CaseReferenceNo): null

2018-12-11 11:17:13 - [TEST_STEP][PASSED] - Statement - f2.close(): null

2018-12-11 11:17:13 - [TEST_STEP][PASSED] - Statement - out.println("


" + CaseReferenceNo + "


"): null

2018-12-11 11:17:13 - [MESSAGE][PASSED] - Call Test Case 'Test Cases/Final Aug 2018 - PKS Automation/Common/Reference Number Setter' successfully

2018-12-11 11:17:13 - [TEST_STEP][PASSED] - waitForElementClickable: Object 'Object Repository/Final Object Repo/New Registration - Registration Module Pages/Third Screen - Upload Supporting Doc- Preview/Save n Continue in SIP Employee Listing Page' is clickable

2018-12-11 11:17:13 - [MESSAGE][PASSED] - Object 'Object Repository/Final Object Repo/New Registration - Registration Module Pages/Third Screen - Upload Supporting Doc- Preview/Save n Continue in SIP Employee Listing Page' is clickable

2018-12-11 11:17:13 - [TEST_STEP][PASSED] - click: Object: 'Object Repository/Final Object Repo/New Registration - Registration Module Pages/Third Screen - Upload Supporting Doc- Preview/Save n Continue in SIP Employee Listing Page' is clicked on

2018-12-11 11:17:18 - [MESSAGE][PASSED] - Object: 'Object Repository/Final Object Repo/New Registration - Registration Module Pages/Third Screen - Upload Supporting Doc- Preview/Save n Continue in SIP Employee Listing Page' is clicked on

2018-12-11 11:17:18 - [TEST_STEP][PASSED] - delay: Delayed 7 second(s)

2018-12-11 11:17:25 - [MESSAGE][PASSED] - Delayed 7 second(s)

2018-12-11 11:17:25 - [TEST_STEP][PASSED] - click: Object: 'Object Repository/Final Object Repo/New Registration - Registration Module Pages/Third Screen - Upload Supporting Doc- Preview/Add Document Button' is clicked on

2018-12-11 11:17:26 - [MESSAGE][PASSED] - Object: 'Object Repository/Final Object Repo/New Registration - Registration Module Pages/Third Screen - Upload Supporting Doc- Preview/Add Document Button' is clicked on

2018-12-11 11:17:26 - [TEST_STEP][PASSED] - delay: Delayed 30 second(s)

2018-12-11 11:17:56 - [MESSAGE][PASSED] - Delayed 30 second(s)

2018-12-11 11:17:56 - [TEST_STEP][PASSED] - click: Object: 'Object Repository/Final Object Repo/New Registration - Registration Module Pages/Third Screen - Upload Supporting Doc- Preview/Supporting Doc Please Select Drop Down' is clicked on

2018-12-11 11:17:56 - [MESSAGE][PASSED] - Object: 'Object Repository/Final Object Repo/New Registration - Registration Module Pages/Third Screen - Upload Supporting Doc- Preview/Supporting Doc Please Select Drop Down' is clicked on

2018-12-11 11:17:56 - [TEST_STEP][PASSED] - delay: Delayed 2 second(s)

2018-12-11 11:17:58 - [MESSAGE][PASSED] - Delayed 2 second(s)

2018-12-11 11:17:58 - [TEST_STEP][PASSED] - click: Object: 'Object Repository/Final Object Repo/New Registration - Registration Module Pages/Third Screen - Upload Supporting Doc- Preview/Select to Upload Form 1' is clicked on

2018-12-11 11:17:58 - [MESSAGE][PASSED] - Object: 'Object Repository/Final Object Repo/New Registration - Registration Module Pages/Third Screen - Upload Supporting Doc- Preview/Select to Upload Form 1' is clicked on

2018-12-11 11:17:58 - [TEST_STEP][PASSED] - delay: Delayed 2 second(s)

2018-12-11 11:18:00 - [MESSAGE][PASSED] - Delayed 2 second(s)

2018-12-11 11:18:00 - [TEST_STEP][PASSED] - uploadFile: File 'C:\Users\Public\Pictures\Sample Pictures\Koala.jpg' sent to object: 'Object Repository/Final Object Repo/New Registration - Registration Module Pages/Third Screen - Upload Supporting Doc- Preview/Upload File Adding'

2018-12-11 11:18:00 - [MESSAGE][PASSED] - File 'C:\Users\Public\Pictures\Sample Pictures\Koala.jpg' sent to object: 'Object Repository/Final Object Repo/New Registration - Registration Module Pages/Third Screen - Upload Supporting Doc- Preview/Upload File Adding'

2018-12-11 11:18:00 - [TEST_STEP][PASSED] - delay: Delayed 5 second(s)

2018-12-11 11:18:05 - [MESSAGE][PASSED] - Delayed 5 second(s)

2018-12-11 11:18:05 - [TEST_STEP][PASSED] - click: Object: 'Object Repository/Final Object Repo/New Registration - Registration Module Pages/Third Screen - Upload Supporting Doc- Preview/Inner Form Add Document Button' is clicked on

2018-12-11 11:18:05 - [MESSAGE][PASSED] - Object: 'Object Repository/Final Object Repo/New Registration - Registration Module Pages/Third Screen - Upload Supporting Doc- Preview/Inner Form Add Document Button' is clicked on

2018-12-11 11:18:05 - [TEST_STEP][PASSED] - delay: Delayed 3 second(s)

2018-12-11 11:18:08 - [MESSAGE][PASSED] - Delayed 3 second(s)

2018-12-11 11:18:08 - [TEST_STEP][PASSED] - click: Object: 'Object Repository/Final Object Repo/New Registration - Registration Module Pages/Third Screen - Upload Supporting Doc- Preview/Add Document Button' is clicked on

2018-12-11 11:18:09 - [MESSAGE][PASSED] - Object: 'Object Repository/Final Object Repo/New Registration - Registration Module Pages/Third Screen - Upload Supporting Doc- Preview/Add Document Button' is clicked on

2018-12-11 11:18:09 - [TEST_STEP][PASSED] - delay: Delayed 30 second(s)

2018-12-11 11:18:39 - [MESSAGE][PASSED] - Delayed 30 second(s)

2018-12-11 11:18:39 - [TEST_STEP][PASSED] - click: Object: 'Object Repository/Final Object Repo/New Registration - Registration Module Pages/Third Screen - Upload Supporting Doc- Preview/Supporting Doc Please Select Drop Down' is clicked on

2018-12-11 11:18:40 - [MESSAGE][PASSED] - Object: 'Object Repository/Final Object Repo/New Registration - Registration Module Pages/Third Screen - Upload Supporting Doc- Preview/Supporting Doc Please Select Drop Down' is clicked on

2018-12-11 11:18:40 - [TEST_STEP][PASSED] - delay: Delayed 4 second(s)

2018-12-11 11:18:44 - [MESSAGE][PASSED] - Delayed 4 second(s)

2018-12-11 11:18:44 - [TEST_STEP][PASSED] - click: Object: 'Object Repository/Final Object Repo/New Registration - Registration Module Pages/Third Screen - Upload Supporting Doc- Preview/Select to Upload Form 2' is clicked on

2018-12-11 11:18:44 - [MESSAGE][PASSED] - Object: 'Object Repository/Final Object Repo/New Registration - Registration Module Pages/Third Screen - Upload Supporting Doc- Preview/Select to Upload Form 2' is clicked on

2018-12-11 11:18:44 - [TEST_STEP][PASSED] - delay: Delayed 2 second(s)

2018-12-11 11:18:46 - [MESSAGE][PASSED] - Delayed 2 second(s)

2018-12-11 11:18:46 - [TEST_STEP][PASSED] - uploadFile: File 'C:\Users\Public\Pictures\Sample Pictures\Koala.jpg' sent to object: 'Object Repository/Final Object Repo/New Registration - Registration Module Pages/Third Screen - Upload Supporting Doc- Preview/Upload File Adding'

2018-12-11 11:18:46 - [MESSAGE][PASSED] - File 'C:\Users\Public\Pictures\Sample Pictures\Koala.jpg' sent to object: 'Object Repository/Final Object Repo/New Registration - Registration Module Pages/Third Screen - Upload Supporting Doc- Preview/Upload File Adding'

2018-12-11 11:18:46 - [TEST_STEP][PASSED] - click: Object: 'Object Repository/Final Object Repo/New Registration - Registration Module Pages/Third Screen - Upload Supporting Doc- Preview/Inner Form Add Document Button' is clicked on

2018-12-11 11:18:46 - [MESSAGE][PASSED] - Object: 'Object Repository/Final Object Repo/New Registration - Registration Module Pages/Third Screen - Upload Supporting Doc- Preview/Inner Form Add Document Button' is clicked on

2018-12-11 11:18:46 - [TEST_STEP][PASSED] - delay: Delayed 5 second(s)

2018-12-11 11:18:51 - [MESSAGE][PASSED] - Delayed 5 second(s)

2018-12-11 11:18:51 - [TEST_STEP][PASSED] - click: Object: 'Object Repository/Final Object Repo/New Registration - Registration Module Pages/Third Screen - Upload Supporting Doc- Preview/Add Document Button' is clicked on

2018-12-11 11:18:51 - [MESSAGE][PASSED] - Object: 'Object Repository/Final Object Repo/New Registration - Registration Module Pages/Third Screen - Upload Supporting Doc- Preview/Add Document Button' is clicked on

2018-12-11 11:18:51 - [TEST_STEP][PASSED] - delay: Delayed 30 second(s)

2018-12-11 11:19:21 - [MESSAGE][PASSED] - Delayed 30 second(s)

2018-12-11 11:19:21 - [TEST_STEP][PASSED] - click: Object: 'Object Repository/Final Object Repo/New Registration - Registration Module Pages/Third Screen - Upload Supporting Doc- Preview/Supporting Doc Please Select Drop Down' is clicked on

2018-12-11 11:19:22 - [MESSAGE][PASSED] - Object: 'Object Repository/Final Object Repo/New Registration - Registration Module Pages/Third Screen - Upload Supporting Doc- Preview/Supporting Doc Please Select Drop Down' is clicked on

2018-12-11 11:19:22 - [TEST_STEP][PASSED] - click: Object: 'Object Repository/Final Object Repo/New Registration - Registration Module Pages/Third Screen - Upload Supporting Doc- Preview/Select to Upload Borang SIP 1' is clicked on

2018-12-11 11:19:22 - [MESSAGE][PASSED] - Object: 'Object Repository/Final Object Repo/New Registration - Registration Module Pages/Third Screen - Upload Supporting Doc- Preview/Select to Upload Borang SIP 1' is clicked on

2018-12-11 11:19:22 - [TEST_STEP][PASSED] - delay: Delayed 2 second(s)

2018-12-11 11:19:24 - [MESSAGE][PASSED] - Delayed 2 second(s)

2018-12-11 11:19:24 - [TEST_STEP][PASSED] - uploadFile: File 'C:\Users\Public\Pictures\Sample Pictures\Koala.jpg' sent to object: 'Object Repository/Final Object Repo/New Registration - Registration Module Pages/Third Screen - Upload Supporting Doc- Preview/Upload File Adding'

2018-12-11 11:19:24 - [MESSAGE][PASSED] - File 'C:\Users\Public\Pictures\Sample Pictures\Koala.jpg' sent to object: 'Object Repository/Final Object Repo/New Registration - Registration Module Pages/Third Screen - Upload Supporting Doc- Preview/Upload File Adding'

2018-12-11 11:19:24 - [TEST_STEP][PASSED] - click: Object: 'Object Repository/Final Object Repo/New Registration - Registration Module Pages/Third Screen - Upload Supporting Doc- Preview/Inner Form Add Document Button' is clicked on

2018-12-11 11:19:24 - [MESSAGE][PASSED] - Object: 'Object Repository/Final Object Repo/New Registration - Registration Module Pages/Third Screen - Upload Supporting Doc- Preview/Inner Form Add Document Button' is clicked on

2018-12-11 11:19:24 - [TEST_STEP][PASSED] - delay: Delayed 5 second(s)

2018-12-11 11:19:29 - [MESSAGE][PASSED] - Delayed 5 second(s)

2018-12-11 11:19:29 - [TEST_STEP][PASSED] - click: Object: 'Object Repository/Final Object Repo/New Registration - Registration Module Pages/Third Screen - Upload Supporting Doc- Preview/Add Document Button' is clicked on

2018-12-11 11:19:29 - [MESSAGE][PASSED] - Object: 'Object Repository/Final Object Repo/New Registration - Registration Module Pages/Third Screen - Upload Supporting Doc- Preview/Add Document Button' is clicked on

2018-12-11 11:19:29 - [TEST_STEP][PASSED] - delay: Delayed 30 second(s)

2018-12-11 11:19:59 - [MESSAGE][PASSED] - Delayed 30 second(s)

2018-12-11 11:19:59 - [TEST_STEP][PASSED] - click: Object: 'Object Repository/Final Object Repo/New Registration - Registration Module Pages/Third Screen - Upload Supporting Doc- Preview/Supporting Doc Please Select Drop Down' is clicked on

2018-12-11 11:19:59 - [MESSAGE][PASSED] - Object: 'Object Repository/Final Object Repo/New Registration - Registration Module Pages/Third Screen - Upload Supporting Doc- Preview/Supporting Doc Please Select Drop Down' is clicked on

2018-12-11 11:19:59 - [TEST_STEP][PASSED] - delay: Delayed 3 second(s)

2018-12-11 11:20:02 - [MESSAGE][PASSED] - Delayed 3 second(s)

2018-12-11 11:20:02 - [TEST_STEP][PASSED] - click: Object: 'Object Repository/Final Object Repo/New Registration - Registration Module Pages/Third Screen - Upload Supporting Doc- Preview/Select to Upload Borang SIP 2' is clicked on

2018-12-11 11:20:03 - [MESSAGE][PASSED] - Object: 'Object Repository/Final Object Repo/New Registration - Registration Module Pages/Third Screen - Upload Supporting Doc- Preview/Select to Upload Borang SIP 2' is clicked on

2018-12-11 11:20:03 - [TEST_STEP][PASSED] - delay: Delayed 2 second(s)

2018-12-11 11:20:05 - [MESSAGE][PASSED] - Delayed 2 second(s)

2018-12-11 11:20:05 - [TEST_STEP][PASSED] - uploadFile: File 'C:\Users\Public\Pictures\Sample Pictures\Koala.jpg' sent to object: 'Object Repository/Final Object Repo/New Registration - Registration Module Pages/Third Screen - Upload Supporting Doc- Preview/Upload File Adding'

2018-12-11 11:20:05 - [MESSAGE][PASSED] - File 'C:\Users\Public\Pictures\Sample Pictures\Koala.jpg' sent to object: 'Object Repository/Final Object Repo/New Registration - Registration Module Pages/Third Screen - Upload Supporting Doc- Preview/Upload File Adding'

2018-12-11 11:20:05 - [TEST_STEP][PASSED] - delay: Delayed 5 second(s)

2018-12-11 11:20:10 - [MESSAGE][PASSED] - Delayed 5 second(s)

2018-12-11 11:20:10 - [TEST_STEP][PASSED] - click: Object: 'Object Repository/Final Object Repo/New Registration - Registration Module Pages/Third Screen - Upload Supporting Doc- Preview/Inner Form Add Document Button' is clicked on

2018-12-11 11:20:10 - [MESSAGE][PASSED] - Object: 'Object Repository/Final Object Repo/New Registration - Registration Module Pages/Third Screen - Upload Supporting Doc- Preview/Inner Form Add Document Button' is clicked on

2018-12-11 11:20:10 - [TEST_STEP][PASSED] - delay: Delayed 3 second(s)

2018-12-11 11:20:13 - [MESSAGE][PASSED] - Delayed 3 second(s)

2018-12-11 11:20:13 - [TEST_STEP][PASSED] - waitForElementClickable: Object 'Object Repository/Final Object Repo/New Registration - Registration Module Pages/Third Screen - Upload Supporting Doc- Preview/Save n Continue in Uploading Supporting Doc Page' is clickable

2018-12-11 11:20:14 - [MESSAGE][PASSED] - Object 'Object Repository/Final Object Repo/New Registration - Registration Module Pages/Third Screen - Upload Supporting Doc- Preview/Save n Continue in Uploading Supporting Doc Page' is clickable

2018-12-11 11:20:14 - [TEST_STEP][PASSED] - click: Object: 'Object Repository/Final Object Repo/New Registration - Registration Module Pages/Third Screen - Upload Supporting Doc- Preview/Save n Continue in Uploading Supporting Doc Page' is clicked on

2018-12-11 11:20:14 - [MESSAGE][PASSED] - Object: 'Object Repository/Final Object Repo/New Registration - Registration Module Pages/Third Screen - Upload Supporting Doc- Preview/Save n Continue in Uploading Supporting Doc Page' is clicked on

2018-12-11 11:20:14 - [MESSAGE][PASSED] - Call Test Case 'Test Cases/Final Aug 2018 - PKS Automation/Registration Module/New Registration/Flow of New Registration/Third Screen - Upload Supporting Doc - Preview' successfully

2018-12-11 11:20:14 - [TEST_STEP][PASSED] - setText: Text 'Tester' is set on object 'Object Repository/Final Object Repo/New Registration - Registration Module Pages/New Reg - OTC to RO/Special Case - All Related Objects/Employer Preview Name'

2018-12-11 11:20:19 - [MESSAGE][PASSED] - Text 'Tester' is set on object 'Object Repository/Final Object Repo/New Registration - Registration Module Pages/New Reg - OTC to RO/Special Case - All Related Objects/Employer Preview Name'

2018-12-11 11:20:19 - [TEST_STEP][PASSED] - click: Object: 'Object Repository/Final Object Repo/New Registration - Registration Module Pages/New Reg - OTC to RO/Special Case - All Related Objects/IC Type Drop Down' is clicked on

2018-12-11 11:20:19 - [MESSAGE][PASSED] - Object: 'Object Repository/Final Object Repo/New Registration - Registration Module Pages/New Reg - OTC to RO/Special Case - All Related Objects/IC Type Drop Down' is clicked on

2018-12-11 11:20:19 - [TEST_STEP][PASSED] - click: Object: 'Object Repository/Final Object Repo/New Registration - Registration Module Pages/New Reg - OTC to RO/Special Case - All Related Objects/Select to NRIC' is clicked on

2018-12-11 11:20:19 - [MESSAGE][PASSED] - Object: 'Object Repository/Final Object Repo/New Registration - Registration Module Pages/New Reg - OTC to RO/Special Case - All Related Objects/Select to NRIC' is clicked on

2018-12-11 11:20:19 - [TEST_STEP][PASSED] - setText: Text '133245561223' is set on object 'Object Repository/Final Object Repo/New Registration - Registration Module Pages/New Reg - OTC to RO/Special Case - All Related Objects/IC Value'

2018-12-11 11:20:20 - [MESSAGE][PASSED] - Text '133245561223' is set on object 'Object Repository/Final Object Repo/New Registration - Registration Module Pages/New Reg - OTC to RO/Special Case - All Related Objects/IC Value'

2018-12-11 11:20:20 - [TEST_STEP][PASSED] - setText: Text 'Auto' is set on object 'Object Repository/Final Object Repo/New Registration - Registration Module Pages/New Reg - OTC to RO/Special Case - All Related Objects/Designation'

2018-12-11 11:20:20 - [MESSAGE][PASSED] - Text 'Auto' is set on object 'Object Repository/Final Object Repo/New Registration - Registration Module Pages/New Reg - OTC to RO/Special Case - All Related Objects/Designation'

2018-12-11 11:20:20 - [TEST_STEP][PASSED] - callTestCase: Call Test Case 'Test Cases/Final Aug 2018 - PKS Automation/Registration Module/New Registration/Submit and Screenshot/Submit Registration and Screenshot - Copy' successfully

2018-12-11 11:20:20 - [TEST_CASE][PASSED] - Test Cases/Final Aug 2018 - PKS Automation/Registration Module/New Registration/Submit and Screenshot/Submit Registration and Screenshot - Copy: Test Cases/Final Aug 2018 - PKS Automation/Registration Module/New Registration/Submit and Screenshot/Submit Registration and Screenshot - Copy

2018-12-11 11:20:20 - [TEST_STEP][PASSED] - delay: Delayed 6 second(s)

2018-12-11 11:20:26 - [MESSAGE][PASSED] - Delayed 6 second(s)

2018-12-11 11:20:26 - [TEST_STEP][PASSED] - click: Object: 'Object Repository/Final Object Repo/New Registration - Registration Module Pages/Third Screen - Upload Supporting Doc- Preview/Preview Submit Button' is clicked on

2018-12-11 11:20:26 - [MESSAGE][PASSED] - Object: 'Object Repository/Final Object Repo/New Registration - Registration Module Pages/Third Screen - Upload Supporting Doc- Preview/Preview Submit Button' is clicked on

2018-12-11 11:20:26 - [TEST_STEP][PASSED] - delay: Delayed 2 second(s)

2018-12-11 11:20:28 - [MESSAGE][PASSED] - Delayed 2 second(s)

2018-12-11 11:20:28 - [TEST_STEP][PASSED] - click: Object: 'Object Repository/Final Object Repo/New Registration - Registration Module Pages/Third Screen - Upload Supporting Doc- Preview/Preview Submit - Confirm' is clicked on

2018-12-11 11:20:28 - [MESSAGE][PASSED] - Object: 'Object Repository/Final Object Repo/New Registration - Registration Module Pages/Third Screen - Upload Supporting Doc- Preview/Preview Submit - Confirm' is clicked on

2018-12-11 11:20:28 - [TEST_STEP][PASSED] - delay: Delayed 15 second(s)

2018-12-11 11:20:43 - [MESSAGE][PASSED] - Delayed 15 second(s)

2018-12-11 11:20:43 - [TEST_STEP][PASSED] - Statement - driver = com.kms.katalon.core.webui.driver.DriverFactory.getWebDriver(): null

2018-12-11 11:20:43 - [TEST_STEP][PASSED] - Statement - driver.manage().timeouts().implicitlyWait(10, SECONDS): null

2018-12-11 11:20:43 - [TEST_STEP][PASSED] - Statement - PresavePath = KatalonScreenshots: null

2018-12-11 11:20:43 - [TEST_STEP][PASSED] - Statement - pathPrefix = "C:\Users\Public\Pictures\Sample Pictures\Katalon Screenshots\Automate Ending Screen": null

2018-12-11 11:20:43 - [TEST_STEP][PASSED] - Statement - finalPath = <not implemented yet for class: org.codehaus.groovy.ast.expr.EmptyExpression>: null

2018-12-11 11:20:43 - [TEST_STEP][PASSED] - Statement - scrFile = driver.getScreenshotAs(FILE): null

2018-12-11 11:20:44 - [TEST_STEP][PASSED] - Statement - PreSaveFile = new java.io.File(PresavePath): null

2018-12-11 11:20:44 - [TEST_STEP][PASSED] - Statement - counter = 0: null

2018-12-11 11:20:44 - [TEST_STEP][PASSED] - Statement - If (PreSaveFile.exists()): null

2018-12-11 11:20:44 - [TEST_STEP][PASSED] - Statement - While (PreSaveFile.exists()): null

2018-12-11 11:20:44 - [TEST_STEP][PASSED] - Statement - counter = counter + 1: null

2018-12-11 11:20:44 - [TEST_STEP][PASSED] - Statement - PreSaveFile = new java.io.File(((pathPrefix + java.lang.Integer.toString(counter)) + .png)): null

2018-12-11 11:20:44 - [TEST_STEP][PASSED] - Statement - counter = counter + 1: null

2018-12-11 11:20:44 - [TEST_STEP][PASSED] - Statement - PreSaveFile = new java.io.File(((pathPrefix + java.lang.Integer.toString(counter)) + .png)): null

2018-12-11 11:20:44 - [TEST_STEP][PASSED] - Statement - counter = counter + 1: null

2018-12-11 11:20:44 - [TEST_STEP][PASSED] - Statement - PreSaveFile = new java.io.File(((pathPrefix + java.lang.Integer.toString(counter)) + .png)): null

2018-12-11 11:20:44 - [TEST_STEP][PASSED] - Statement - counter = counter + 1: null

2018-12-11 11:20:44 - [TEST_STEP][PASSED] - Statement - PreSaveFile = new java.io.File(((pathPrefix + java.lang.Integer.toString(counter)) + .png)): null

2018-12-11 11:20:44 - [TEST_STEP][PASSED] - Statement - counter = counter + 1: null

2018-12-11 11:20:44 - [TEST_STEP][PASSED] - Statement - PreSaveFile = new java.io.File(((pathPrefix + java.lang.Integer.toString(counter)) + .png)): null

2018-12-11 11:20:44 - [TEST_STEP][PASSED] - Statement - counter = counter + 1: null

2018-12-11 11:20:44 - [TEST_STEP][PASSED] - Statement - PreSaveFile = new java.io.File(((pathPrefix + java.lang.Integer.toString(counter)) + .png)): null

2018-12-11 11:20:44 - [TEST_STEP][PASSED] - Statement - counter = counter + 1: null

2018-12-11 11:20:44 - [TEST_STEP][PASSED] - Statement - PreSaveFile = new java.io.File(((pathPrefix + java.lang.Integer.toString(counter)) + .png)): null

2018-12-11 11:20:44 - [TEST_STEP][PASSED] - Statement - counter = counter + 1: null

2018-12-11 11:20:44 - [TEST_STEP][PASSED] - Statement - PreSaveFile = new java.io.File(((pathPrefix + java.lang.Integer.toString(counter)) + .png)): null

2018-12-11 11:20:44 - [TEST_STEP][PASSED] - Statement - counter = counter + 1: null

2018-12-11 11:20:44 - [TEST_STEP][PASSED] - Statement - PreSaveFile = new java.io.File(((pathPrefix + java.lang.Integer.toString(counter)) + .png)): null

2018-12-11 11:20:44 - [TEST_STEP][PASSED] - Statement - counter = counter + 1: null

2018-12-11 11:20:44 - [TEST_STEP][PASSED] - Statement - PreSaveFile = new java.io.File(((pathPrefix + java.lang.Integer.toString(counter)) + .png)): null

2018-12-11 11:20:44 - [TEST_STEP][PASSED] - Statement - counter = counter + 1: null

2018-12-11 11:20:44 - [TEST_STEP][PASSED] - Statement - PreSaveFile = new java.io.File(((pathPrefix + java.lang.Integer.toString(counter)) + .png)): null

2018-12-11 11:20:44 - [TEST_STEP][PASSED] - Statement - counter = counter + 1: null

2018-12-11 11:20:44 - [TEST_STEP][PASSED] - Statement - PreSaveFile = new java.io.File(((pathPrefix + java.lang.Integer.toString(counter)) + .png)): null

2018-12-11 11:20:44 - [TEST_STEP][PASSED] - Statement - counter = counter + 1: null

2018-12-11 11:20:44 - [TEST_STEP][PASSED] - Statement - PreSaveFile = new java.io.File(((pathPrefix + java.lang.Integer.toString(counter)) + .png)): null

2018-12-11 11:20:44 - [TEST_STEP][PASSED] - Statement - counter = counter + 1: null

2018-12-11 11:20:44 - [TEST_STEP][PASSED] - Statement - PreSaveFile = new java.io.File(((pathPrefix + java.lang.Integer.toString(counter)) + .png)): null

2018-12-11 11:20:44 - [TEST_STEP][PASSED] - Statement - counter = counter + 1: null

2018-12-11 11:20:44 - [TEST_STEP][PASSED] - Statement - PreSaveFile = new java.io.File(((pathPrefix + java.lang.Integer.toString(counter)) + .png)): null

2018-12-11 11:20:44 - [TEST_STEP][PASSED] - Statement - counter = counter + 1: null

2018-12-11 11:20:44 - [TEST_STEP][PASSED] - Statement - PreSaveFile = new java.io.File(((pathPrefix + java.lang.Integer.toString(counter)) + .png)): null

2018-12-11 11:20:44 - [TEST_STEP][PASSED] - Statement - counter = counter + 1: null

2018-12-11 11:20:44 - [TEST_STEP][PASSED] - Statement - PreSaveFile = new java.io.File(((pathPrefix + java.lang.Integer.toString(counter)) + .png)): null

2018-12-11 11:20:44 - [TEST_STEP][PASSED] - Statement - counter = counter + 1: null

2018-12-11 11:20:44 - [TEST_STEP][PASSED] - Statement - PreSaveFile = new java.io.File(((pathPrefix + java.lang.Integer.toString(counter)) + .png)): null

2018-12-11 11:20:44 - [TEST_STEP][PASSED] - Statement - counter = counter + 1: null

2018-12-11 11:20:44 - [TEST_STEP][PASSED] - Statement - PreSaveFile = new java.io.File(((pathPrefix + java.lang.Integer.toString(counter)) + .png)): null

2018-12-11 11:20:44 - [TEST_STEP][PASSED] - Statement - counter = counter + 1: null

2018-12-11 11:20:44 - [TEST_STEP][PASSED] - Statement - PreSaveFile = new java.io.File(((pathPrefix + java.lang.Integer.toString(counter)) + .png)): null

2018-12-11 11:20:44 - [TEST_STEP][PASSED] - Statement - counter = counter + 1: null

2018-12-11 11:20:44 - [TEST_STEP][PASSED] - Statement - PreSaveFile = new java.io.File(((pathPrefix + java.lang.Integer.toString(counter)) + .png)): null

2018-12-11 11:20:44 - [TEST_STEP][PASSED] - Statement - counter = counter + 1: null

2018-12-11 11:20:44 - [TEST_STEP][PASSED] - Statement - PreSaveFile = new java.io.File(((pathPrefix + java.lang.Integer.toString(counter)) + .png)): null

2018-12-11 11:20:44 - [TEST_STEP][PASSED] - Statement - counter = counter + 1: null

2018-12-11 11:20:44 - [TEST_STEP][PASSED] - Statement - PreSaveFile = new java.io.File(((pathPrefix + java.lang.Integer.toString(counter)) + .png)): null

2018-12-11 11:20:44 - [TEST_STEP][PASSED] - Statement - counter = counter + 1: null

2018-12-11 11:20:44 - [TEST_STEP][PASSED] - Statement - PreSaveFile = new java.io.File(((pathPrefix + java.lang.Integer.toString(counter)) + .png)): null

2018-12-11 11:20:44 - [TEST_STEP][PASSED] - Statement - counter = counter + 1: null

2018-12-11 11:20:44 - [TEST_STEP][PASSED] - Statement - PreSaveFile = new java.io.File(((pathPrefix + java.lang.Integer.toString(counter)) + .png)): null

2018-12-11 11:20:44 - [TEST_STEP][PASSED] - Statement - counter = counter + 1: null

2018-12-11 11:20:44 - [TEST_STEP][PASSED] - Statement - PreSaveFile = new java.io.File(((pathPrefix + java.lang.Integer.toString(counter)) + .png)): null

2018-12-11 11:20:44 - [TEST_STEP][PASSED] - Statement - counter = counter + 1: null

2018-12-11 11:20:44 - [TEST_STEP][PASSED] - Statement - PreSaveFile = new java.io.File(((pathPrefix + java.lang.Integer.toString(counter)) + .png)): null

2018-12-11 11:20:44 - [TEST_STEP][PASSED] - Statement - counter = counter + 1: null

2018-12-11 11:20:44 - [TEST_STEP][PASSED] - Statement - PreSaveFile = new java.io.File(((pathPrefix + java.lang.Integer.toString(counter)) + .png)): null

2018-12-11 11:20:44 - [TEST_STEP][PASSED] - Statement - counter = counter + 1: null

2018-12-11 11:20:44 - [TEST_STEP][PASSED] - Statement - PreSaveFile = new java.io.File(((pathPrefix + java.lang.Integer.toString(counter)) + .png)): null

2018-12-11 11:20:44 - [TEST_STEP][PASSED] - Statement - counter = counter + 1: null

2018-12-11 11:20:44 - [TEST_STEP][PASSED] - Statement - PreSaveFile = new java.io.File(((pathPrefix + java.lang.Integer.toString(counter)) + .png)): null

2018-12-11 11:20:44 - [TEST_STEP][PASSED] - Statement - counter = counter + 1: null

2018-12-11 11:20:44 - [TEST_STEP][PASSED] - Statement - PreSaveFile = new java.io.File(((pathPrefix + java.lang.Integer.toString(counter)) + .png)): null

2018-12-11 11:20:44 - [TEST_STEP][PASSED] - Statement - finalPath = pathPrefix + java.lang.Integer.toString(counter) + ".png": null

2018-12-11 11:20:44 - [TEST_STEP][PASSED] - Statement - SaveFile = new java.io.File(finalPath): null

2018-12-11 11:20:44 - [TEST_STEP][PASSED] - Statement - Try: null

2018-12-11 11:20:44 - [TEST_STEP][PASSED] - Statement - org.apache.commons.io.FileUtils.copyFile(scrFile, SaveFile): null

2018-12-11 11:20:44 - [TEST_STEP][PASSED] - Statement - out.println("file kept"): null

2018-12-11 11:20:44 - [TEST_STEP][PASSED] - delay: Delayed 10 second(s)

2018-12-11 11:20:54 - [MESSAGE][PASSED] - Delayed 10 second(s)

2018-12-11 11:20:54 - [MESSAGE][PASSED] - Call Test Case 'Test Cases/Final Aug 2018 - PKS Automation/Registration Module/New Registration/Submit and Screenshot/Submit Registration and Screenshot - Copy' successfully

2018-12-11 11:20:54 - [TEST_STEP][PASSED] - Statement - UpdateAddNewECode = com.kms.katalon.core.webui.keyword.WebUiBuiltInKeywords.getText(com.kms.katalon.core.testobject.ObjectRepository.findTestObject(Object Repository/Final Object Repo/Page_Update Add New Employee - ASSIST/getEmpCode)): Text of object 'Object Repository/Final Object Repo/Page_Update Add New Employee - ASSIST/getEmpCode' is: 'E1102070739Z'

2018-12-11 11:20:54 - [MESSAGE][PASSED] - Text of object 'Object Repository/Final Object Repo/Page_Update Add New Employee - ASSIST/getEmpCode' is: 'E1102070739Z'

2018-12-11 11:20:54 - [TEST_STEP][PASSED] - callTestCase: Call Test Case 'Test Cases/Final Aug 2018 - PKS Automation/Common/Emp Code Setter' successfully

2018-12-11 11:20:54 - [TEST_CASE][PASSED] - Test Cases/Final Aug 2018 - PKS Automation/Common/Emp Code Setter: Test Cases/Final Aug 2018 - PKS Automation/Common/Emp Code Setter

2018-12-11 11:20:54 - [TEST_STEP][PASSED] - Statement - EmpCodeOld = new java.io.File(C://Users//Admin//Desktop//PKS//Automation Reference Point//EmpCode.txt): null

2018-12-11 11:20:54 - [TEST_STEP][PASSED] - Statement - EmpCodeOld.delete(): null

2018-12-11 11:20:54 - [TEST_STEP][PASSED] - Statement - EmpCode = new java.io.File(C://Users//Admin//Desktop//PKS//Automation Reference Point//EmpCode.txt): null

2018-12-11 11:20:54 - [TEST_STEP][PASSED] - Statement - f2 = new java.io.FileWriter(EmpCode, false): null

2018-12-11 11:20:54 - [TEST_STEP][PASSED] - Statement - f2.write(UpdateAddNewECode): null

2018-12-11 11:20:54 - [TEST_STEP][PASSED] - Statement - f2.close(): null

2018-12-11 11:20:54 - [TEST_STEP][PASSED] - Statement - out.println("


" + UpdateAddNewECode + "


"): null

2018-12-11 11:20:54 - [MESSAGE][PASSED] - Call Test Case 'Test Cases/Final Aug 2018 - PKS Automation/Common/Emp Code Setter' successfully

2018-12-11 11:20:54 - [MESSAGE][PASSED] - Call Test Case 'Test Cases/Final Aug 2018 - PKS Automation/Registration Module/Workflow/Update Add New Employee/Template/New Company for Update Add New - Employer' successfully

2018-12-11 11:20:54 - [TEST_STEP][PASSED] - callTestCase: Call Test Case 'Test Cases/Final Aug 2018 - PKS Automation/Create Employer Acc/Login to Employer Account (Second time)' successfully

2018-12-11 11:20:54 - [TEST_CASE][PASSED] - Test Cases/Final Aug 2018 - PKS Automation/Create Employer Acc/Login to Employer Account (Second time): Test Cases/Final Aug 2018 - PKS Automation/Create Employer Acc/Login to Employer Account (Second time)

2018-12-11 11:20:54 - [TEST_STEP][PASSED] - openBrowser: Browser is opened with url: ''

2018-12-11 11:20:54 - [MESSAGE][WARNING] - A browser is already opened. Closing browser and opening a new one

2018-12-11 11:20:58 - [MESSAGE][PASSED] - Browser is opened with url: ''

2018-12-11 11:20:58 - [TEST_STEP][PASSED] - navigateToUrl: Navigate to 'https://assist2-uat.perkeso.gov.my/employer/login' successfully

2018-12-11 11:20:59 - [MESSAGE][PASSED] - Navigate to 'https://assist2-uat.perkeso.gov.my/employer/login' successfully

2018-12-11 11:20:59 - [TEST_STEP][PASSED] - delay: Delayed 3 second(s)

2018-12-11 11:21:02 - [MESSAGE][PASSED] - Delayed 3 second(s)

2018-12-11 11:21:02 - [TEST_STEP][PASSED] - callTestCase: Call Test Case 'Test Cases/Final Aug 2018 - PKS Automation/Create Employer Acc/Template/Employer Email Getter' successfully

2018-12-11 11:21:02 - [TEST_CASE][PASSED] - Test Cases/Final Aug 2018 - PKS Automation/Create Employer Acc/Template/Employer Email Getter: Test Cases/Final Aug 2018 - PKS Automation/Create Employer Acc/Template/Employer Email Getter

2018-12-11 11:21:02 - [TEST_STEP][PASSED] - Statement - Try: null

2018-12-11 11:21:02 - [TEST_STEP][PASSED] - Statement - EmpEmail = new java.io.File(C://Users//Admin//Desktop//PKS//Automation Reference Point//EmpEmail.txt): null

2018-12-11 11:21:02 - [TEST_STEP][PASSED] - Statement - bufferread = new java.io.BufferedReader(new java.io.FileReader(EmpEmail)): null

2018-12-11 11:21:02 - [TEST_STEP][PASSED] - Statement - readedVal = bufferread.readLine(): null

2018-12-11 11:21:02 - [TEST_STEP][PASSED] - Statement - out.println(readedVal): null

2018-12-11 11:21:02 - [TEST_STEP][PASSED] - Statement - Email = readedVal: null

2018-12-11 11:21:02 - [MESSAGE][PASSED] - Call Test Case 'Test Cases/Final Aug 2018 - PKS Automation/Create Employer Acc/Template/Employer Email Getter' successfully

2018-12-11 11:21:02 - [TEST_STEP][PASSED] - setText: Text 'perkeso717714427175@gmail.com' is set on object 'Object Repository/Final Object Repo/Login Page/External Login Page/Email'

2018-12-11 11:21:02 - [MESSAGE][PASSED] - Text 'perkeso717714427175@gmail.com' is set on object 'Object Repository/Final Object Repo/Login Page/External Login Page/Email'

2018-12-11 11:21:02 - [TEST_STEP][PASSED] - click: Object: 'Object Repository/Final Object Repo/Login Page/External Login Page/Next' is clicked on

2018-12-11 11:21:03 - [MESSAGE][PASSED] - Object: 'Object Repository/Final Object Repo/Login Page/External Login Page/Next' is clicked on

2018-12-11 11:21:03 - [TEST_STEP][PASSED] - delay: Delayed 3 second(s)

2018-12-11 11:21:06 - [MESSAGE][PASSED] - Delayed 3 second(s)

2018-12-11 11:21:06 - [TEST_STEP][PASSED] - setEncryptedText: Text ****** has been set on object 'Object Repository/Final Object Repo/Login Page/External Login Page/Password'

2018-12-11 11:21:06 - [MESSAGE][PASSED] - Text ****** has been set on object 'Object Repository/Final Object Repo/Login Page/External Login Page/Password'

2018-12-11 11:21:06 - [TEST_STEP][PASSED] - click: Object: 'Object Repository/Final Object Repo/Login Page/External Login Page/Login' is clicked on

2018-12-11 11:21:06 - [MESSAGE][PASSED] - Object: 'Object Repository/Final Object Repo/Login Page/External Login Page/Login' is clicked on

2018-12-11 11:21:06 - [TEST_STEP][PASSED] - delay: Delayed 5 second(s)

2018-12-11 11:21:11 - [MESSAGE][PASSED] - Delayed 5 second(s)

2018-12-11 11:21:11 - [MESSAGE][PASSED] - Call Test Case 'Test Cases/Final Aug 2018 - PKS Automation/Create Employer Acc/Login to Employer Account (Second time)' successfully

2018-12-11 11:21:11 - [TEST_STEP][PASSED] - navigateToUrl: Navigate to 'https://assist2-uat.perkeso.gov.my/web/registration/update/form-1a-cessation-as-employer-discontinue-business-' successfully

2018-12-11 11:21:12 - [MESSAGE][PASSED] - Navigate to 'https://assist2-uat.perkeso.gov.my/web/registration/update/form-1a-cessation-as-employer-discontinue-business-' successfully

2018-12-11 11:21:12 - [TEST_STEP][PASSED] - callTestCase: Call Test Case 'Test Cases/Final Aug 2018 - PKS Automation/Common/Emp Code Getter' successfully

2018-12-11 11:21:12 - [TEST_CASE][PASSED] - Test Cases/Final Aug 2018 - PKS Automation/Common/Emp Code Getter: Test Cases/Final Aug 2018 - PKS Automation/Common/Emp Code Getter

2018-12-11 11:21:12 - [TEST_STEP][PASSED] - Statement - Try: null

2018-12-11 11:21:12 - [TEST_STEP][PASSED] - Statement - EmpCode = new java.io.File(C://Users//Admin//Desktop//PKS//Automation Reference Point//EmpCode.txt): null

2018-12-11 11:21:12 - [TEST_STEP][PASSED] - Statement - bufferread = new java.io.BufferedReader(new java.io.FileReader(EmpCode)): null

2018-12-11 11:21:12 - [TEST_STEP][PASSED] - Statement - readedVal = bufferread.readLine(): null

2018-12-11 11:21:12 - [TEST_STEP][PASSED] - Statement - out.println(readedVal): null

2018-12-11 11:21:12 - [TEST_STEP][PASSED] - Statement - UpdateAddNewECode = readedVal: null

2018-12-11 11:21:12 - [MESSAGE][PASSED] - Call Test Case 'Test Cases/Final Aug 2018 - PKS Automation/Common/Emp Code Getter' successfully

2018-12-11 11:21:12 - [TEST_STEP][PASSED] - setText: Text 'E1102070739Z' is set on object 'Object Repository/Final Object Repo/Page_Update Employer Information/Employer Code'

2018-12-11 11:21:12 - [MESSAGE][PASSED] - Text 'E1102070739Z' is set on object 'Object Repository/Final Object Repo/Page_Update Employer Information/Employer Code'

2018-12-11 11:21:12 - [TEST_STEP][PASSED] - click: Object: 'Object Repository/Final Object Repo/Page_Update Employer Information/Search Button' is clicked on

2018-12-11 11:21:12 - [MESSAGE][PASSED] - Object: 'Object Repository/Final Object Repo/Page_Update Employer Information/Search Button' is clicked on

2018-12-11 11:21:12 - [TEST_STEP][PASSED] - delay: Delayed 2 second(s)

2018-12-11 11:21:14 - [MESSAGE][PASSED] - Delayed 2 second(s)

2018-12-11 11:21:14 - [TEST_STEP][PASSED] - click: Object: 'Object Repository/Final Object Repo/Page_Update Employer Information/Edit Button' is clicked on

2018-12-11 11:21:15 - [MESSAGE][PASSED] - Object: 'Object Repository/Final Object Repo/Page_Update Employer Information/Edit Button' is clicked on

2018-12-11 11:21:15 - [TEST_STEP][PASSED] - Statement - abc = com.kms.katalon.core.webui.keyword.WebUiBuiltInKeywords.getAttribute(com.kms.katalon.core.testobject.ObjectRepository.findTestObject(Final Object Repo/Page_Form 1A - Cessation As Employer/Employer Status), "value"): Attribute 'value' of object 'Object Repository/Final Object Repo/Page_Form 1A - Cessation As Employer/Employer Status' is: 'Active'

2018-12-11 11:21:15 - [MESSAGE][PASSED] - Attribute 'value' of object 'Object Repository/Final Object Repo/Page_Form 1A - Cessation As Employer/Employer Status' is: 'Active'

2018-12-11 11:21:15 - [TEST_STEP][PASSED] - Statement - out.println(abc): null

2018-12-11 11:21:15 - [TEST_STEP][PASSED] - Statement - If (abc == "Active"): Object: 'Object Repository/Final Object Repo/Page_Form 1A - Cessation As Employer/Change Employer Status to - Dormant' is clicked on

2018-12-11 11:21:15 - [TEST_STEP][PASSED] - click: Object: 'Object Repository/Final Object Repo/Page_Form 1A - Cessation As Employer/Change Employer Status to' is clicked on

2018-12-11 11:21:16 - [MESSAGE][PASSED] - Object: 'Object Repository/Final Object Repo/Page_Form 1A - Cessation As Employer/Change Employer Status to' is clicked on

2018-12-11 11:21:16 - [TEST_STEP][PASSED] - click: Object: 'Object Repository/Final Object Repo/Page_Form 1A - Cessation As Employer/Change Employer Status to - Dormant' is clicked on

2018-12-11 11:21:16 - [MESSAGE][PASSED] - Object: 'Object Repository/Final Object Repo/Page_Form 1A - Cessation As Employer/Change Employer Status to - Dormant' is clicked on

2018-12-11 11:21:16 - [TEST_STEP][PASSED] - click: Object: 'Object Repository/Final Object Repo/Page_Form 1A - Cessation As Employer/Calender' is clicked on

2018-12-11 11:21:16 - [MESSAGE][PASSED] - Object: 'Object Repository/Final Object Repo/Page_Form 1A - Cessation As Employer/Calender' is clicked on

2018-12-11 11:21:16 - [TEST_STEP][PASSED] - click: Object: 'Object Repository/Final Object Repo/Page_Form 1A - Cessation As Employer/Calender - Date' is clicked on

2018-12-11 11:21:16 - [MESSAGE][PASSED] - Object: 'Object Repository/Final Object Repo/Page_Form 1A - Cessation As Employer/Calender - Date' is clicked on

2018-12-11 11:21:16 - [TEST_STEP][PASSED] - delay: Delayed 2 second(s)

2018-12-11 11:21:18 - [MESSAGE][PASSED] - Delayed 2 second(s)

2018-12-11 11:21:18 - [TEST_STEP][PASSED] - click: Object: 'Object Repository/Final Object Repo/Page_Form 1A - Cessation As Employer/Save  Continue in Form 1A Page' is clicked on

2018-12-11 11:21:19 - [MESSAGE][PASSED] - Object: 'Object Repository/Final Object Repo/Page_Form 1A - Cessation As Employer/Save  Continue in Form 1A Page' is clicked on

2018-12-11 11:21:19 - [TEST_STEP][PASSED] - delay: Delayed 2 second(s)

2018-12-11 11:21:21 - [MESSAGE][PASSED] - Delayed 2 second(s)

2018-12-11 11:21:21 - [TEST_STEP][PASSED] - click: Object: 'Object Repository/Final Object Repo/Page_Form 1A - Cessation As Employer/Employment Resign Date' is clicked on

2018-12-11 11:21:21 - [MESSAGE][PASSED] - Object: 'Object Repository/Final Object Repo/Page_Form 1A - Cessation As Employer/Employment Resign Date' is clicked on

2018-12-11 11:21:21 - [TEST_STEP][PASSED] - delay: Delayed 1 second(s)

2018-12-11 11:21:22 - [MESSAGE][PASSED] - Delayed 1 second(s)

2018-12-11 11:21:22 - [TEST_STEP][PASSED] - Statement - CaseReferenceNo = com.kms.katalon.core.webui.keyword.WebUiBuiltInKeywords.getText(com.kms.katalon.core.testobject.ObjectRepository.findTestObject(Final Object Repo/Page_Update Employer Information/Reference Number in Update Employee Information Page)): Text of object 'Object Repository/Final Object Repo/Page_Update Employer Information/Reference Number in Update Employee Information Page' is: 'CUN122018C200001708'

2018-12-11 11:21:22 - [MESSAGE][PASSED] - Text of object 'Object Repository/Final Object Repo/Page_Update Employer Information/Reference Number in Update Employee Information Page' is: 'CUN122018C200001708'

2018-12-11 11:21:22 - [TEST_STEP][PASSED] - callTestCase: Call Test Case 'Test Cases/Final Aug 2018 - PKS Automation/Common/Reference Number Setter' successfully

2018-12-11 11:21:22 - [TEST_CASE][PASSED] - Test Cases/Final Aug 2018 - PKS Automation/Common/Reference Number Setter: Test Cases/Final Aug 2018 - PKS Automation/Common/Reference Number Setter

2018-12-11 11:21:22 - [TEST_STEP][PASSED] - Statement - RefNoOldFile = new java.io.File(C://Users//Admin//Desktop//PKS//Automation Reference Point//KatalonReference.txt): null

2018-12-11 11:21:22 - [TEST_STEP][PASSED] - Statement - RefNoOldFile.delete(): null

2018-12-11 11:21:22 - [TEST_STEP][PASSED] - delay: Delayed 5 second(s)

2018-12-11 11:21:27 - [MESSAGE][PASSED] - Delayed 5 second(s)

2018-12-11 11:21:27 - [TEST_STEP][PASSED] - Statement - RefNo = new java.io.File(C://Users//Admin//Desktop//PKS//Automation Reference Point//KatalonReference.txt): null

2018-12-11 11:21:27 - [TEST_STEP][PASSED] - Statement - f2 = new java.io.FileWriter(RefNo, false): null

2018-12-11 11:21:27 - [TEST_STEP][PASSED] - Statement - f2.write(CaseReferenceNo): null

2018-12-11 11:21:27 - [TEST_STEP][PASSED] - Statement - f2.close(): null

2018-12-11 11:21:27 - [TEST_STEP][PASSED] - Statement - out.println("


" + CaseReferenceNo + "


"): null

2018-12-11 11:21:27 - [MESSAGE][PASSED] - Call Test Case 'Test Cases/Final Aug 2018 - PKS Automation/Common/Reference Number Setter' successfully

2018-12-11 11:21:27 - [TEST_STEP][PASSED] - selectOptionByValue: All options with value '2030' are selected in object 'Object Repository/Final Object Repo/Page_Form 1A - Cessation As Employer/Employment Resign Date - Year' 

2018-12-11 11:21:27 - [MESSAGE][PASSED] - All options with value '2030' are selected in object 'Object Repository/Final Object Repo/Page_Form 1A - Cessation As Employer/Employment Resign Date - Year' 

2018-12-11 11:21:27 - [TEST_STEP][PASSED] - delay: Delayed 1 second(s)

2018-12-11 11:21:28 - [MESSAGE][PASSED] - Delayed 1 second(s)

2018-12-11 11:21:28 - [TEST_STEP][PASSED] - click: Object: 'Object Repository/Final Object Repo/Page_Form 1A - Cessation As Employer/Employment Resign Date - Year - Date' is clicked on

2018-12-11 11:21:28 - [MESSAGE][PASSED] - Object: 'Object Repository/Final Object Repo/Page_Form 1A - Cessation As Employer/Employment Resign Date - Year - Date' is clicked on

2018-12-11 11:21:28 - [TEST_STEP][PASSED] - delay: Delayed 2 second(s)

2018-12-11 11:21:30 - [MESSAGE][PASSED] - Delayed 2 second(s)

2018-12-11 11:21:30 - [TEST_STEP][PASSED] - click: Object: 'Object Repository/Final Object Repo/Page_Form 1A - Cessation As Employer/Save  Continue in Update Add Employee Resigned Date Page' is clicked on

2018-12-11 11:21:31 - [MESSAGE][PASSED] - Object: 'Object Repository/Final Object Repo/Page_Form 1A - Cessation As Employer/Save  Continue in Update Add Employee Resigned Date Page' is clicked on

2018-12-11 11:21:31 - [TEST_STEP][PASSED] - delay: Delayed 2 second(s)

2018-12-11 11:21:33 - [MESSAGE][PASSED] - Delayed 2 second(s)

2018-12-11 11:21:33 - [TEST_STEP][PASSED] - click: Object: 'Object Repository/Final Object Repo/Page_Form 1A - Cessation As Employer/Set Latest - Yes' is clicked on

2018-12-11 11:21:33 - [MESSAGE][PASSED] - Object: 'Object Repository/Final Object Repo/Page_Form 1A - Cessation As Employer/Set Latest - Yes' is clicked on

2018-12-11 11:21:33 - [TEST_STEP][PASSED] - delay: Delayed 2 second(s)

2018-12-11 11:21:35 - [MESSAGE][PASSED] - Delayed 2 second(s)

2018-12-11 11:21:35 - [TEST_STEP][PASSED] - click: Object: 'Object Repository/Final Object Repo/Page_Form 1A - Cessation As Employer/Add Document' is clicked on

2018-12-11 11:21:36 - [MESSAGE][PASSED] - Object: 'Object Repository/Final Object Repo/Page_Form 1A - Cessation As Employer/Add Document' is clicked on

2018-12-11 11:21:36 - [TEST_STEP][PASSED] - delay: Delayed 3 second(s)

2018-12-11 11:21:39 - [MESSAGE][PASSED] - Delayed 3 second(s)

2018-12-11 11:21:39 - [TEST_STEP][PASSED] - click: Object: 'Object Repository/Final Object Repo/Page_Form 1A - Cessation As Employer/Document Type' is clicked on

2018-12-11 11:21:39 - [MESSAGE][PASSED] - Object: 'Object Repository/Final Object Repo/Page_Form 1A - Cessation As Employer/Document Type' is clicked on

2018-12-11 11:21:39 - [TEST_STEP][PASSED] - delay: Delayed 2 second(s)

2018-12-11 11:21:41 - [MESSAGE][PASSED] - Delayed 2 second(s)

2018-12-11 11:21:41 - [TEST_STEP][PASSED] - click: Object: 'Object Repository/Final Object Repo/Page_Form 1A - Cessation As Employer/Document Type - Supporting Document For Cessation' is clicked on

2018-12-11 11:21:41 - [MESSAGE][PASSED] - Object: 'Object Repository/Final Object Repo/Page_Form 1A - Cessation As Employer/Document Type - Supporting Document For Cessation' is clicked on

2018-12-11 11:21:41 - [TEST_STEP][PASSED] - delay: Delayed 2 second(s)

2018-12-11 11:21:43 - [MESSAGE][PASSED] - Delayed 2 second(s)

2018-12-11 11:21:43 - [TEST_STEP][PASSED] - sendKeys: Keys 'C:\Users\Public\Pictures\Sample Pictures\Koala.jpg' sent to object: 'Object Repository/Final Object Repo/Page_Form 1A - Cessation As Employer/Uploading File'

2018-12-11 11:21:44 - [MESSAGE][PASSED] - Keys 'C:\Users\Public\Pictures\Sample Pictures\Koala.jpg' sent to object: 'Object Repository/Final Object Repo/Page_Form 1A - Cessation As Employer/Uploading File'

2018-12-11 11:21:44 - [TEST_STEP][PASSED] - delay: Delayed 2 second(s)

2018-12-11 11:21:46 - [MESSAGE][PASSED] - Delayed 2 second(s)

2018-12-11 11:21:46 - [TEST_STEP][PASSED] - click: Object: 'Object Repository/Final Object Repo/Page_Form 1A - Cessation As Employer/Add Document in Uploading Page' is clicked on

2018-12-11 11:21:46 - [MESSAGE][PASSED] - Object: 'Object Repository/Final Object Repo/Page_Form 1A - Cessation As Employer/Add Document in Uploading Page' is clicked on

2018-12-11 11:21:46 - [TEST_STEP][PASSED] - delay: Delayed 2 second(s)

2018-12-11 11:21:48 - [MESSAGE][PASSED] - Delayed 2 second(s)

2018-12-11 11:21:48 - [TEST_STEP][PASSED] - click: Object: 'Object Repository/Final Object Repo/Page_Form 1A - Cessation As Employer/Save  Continue in Uploading Page' is clicked on

2018-12-11 11:21:50 - [MESSAGE][PASSED] - Object: 'Object Repository/Final Object Repo/Page_Form 1A - Cessation As Employer/Save  Continue in Uploading Page' is clicked on

2018-12-11 11:21:50 - [TEST_STEP][PASSED] - delay: Delayed 2 second(s)

2018-12-11 11:21:52 - [MESSAGE][PASSED] - Delayed 2 second(s)

2018-12-11 11:21:52 - [TEST_STEP][PASSED] - click: Object: 'Object Repository/Final Object Repo/Page_Form 1A - Cessation As Employer/Submit2' is clicked on

2018-12-11 11:21:55 - [MESSAGE][PASSED] - Object: 'Object Repository/Final Object Repo/Page_Form 1A - Cessation As Employer/Submit2' is clicked on

2018-12-11 11:21:55 - [TEST_STEP][PASSED] - delay: Delayed 2 second(s)

2018-12-11 11:21:57 - [MESSAGE][PASSED] - Delayed 2 second(s)

2018-12-11 11:21:57 - [TEST_STEP][PASSED] - click: Object: 'Object Repository/Final Object Repo/Page_Form 1A - Cessation As Employer/Confirm' is clicked on

2018-12-11 11:21:57 - [MESSAGE][PASSED] - Object: 'Object Repository/Final Object Repo/Page_Form 1A - Cessation As Employer/Confirm' is clicked on

2018-12-11 11:21:57 - [TEST_STEP][PASSED] - delay: Delayed 2 second(s)

2018-12-11 11:21:59 - [MESSAGE][PASSED] - Delayed 2 second(s)

2018-12-11 11:21:59 - [TEST_STEP][PASSED] - verifyElementVisible: Object 'Object Repository/Final Object Repo/Page_Form 1A - Cessation As Employer/Message Your Request will be routed to UO' is visible

2018-12-11 11:22:03 - [MESSAGE][PASSED] - Object 'Object Repository/Final Object Repo/Page_Form 1A - Cessation As Employer/Message Your Request will be routed to UO' is visible

2018-12-11 11:22:03 - [TEST_STEP][PASSED] - delay: Delayed 1 second(s)

2018-12-11 11:22:04 - [MESSAGE][PASSED] - Delayed 1 second(s)

2018-12-11 11:22:04 - [TEST_STEP][PASSED] - verifyElementVisible: Object 'Object Repository/Final Object Repo/Page_Form 1A - Cessation As Employer/Letter of acknowledgement' is visible

2018-12-11 11:22:04 - [MESSAGE][PASSED] - Object 'Object Repository/Final Object Repo/Page_Form 1A - Cessation As Employer/Letter of acknowledgement' is visible

2018-12-11 11:22:04 - [MESSAGE][PASSED] - Call Test Case 'Test Cases/Final Aug 2018 - PKS Automation/Registration Module/Workflow/Form 1A - Cessation As Employer/Template/Form 1 A - Cessation As Employer (Employer)' successfully

2018-12-11 11:22:04 - [TEST_STEP][PASSED] - callTestCase: Call Test Case 'Test Cases/Final Aug 2018 - PKS Automation/Registration Module/Workflow/Form 1A - Cessation As Employer/Template/Form 1 A - Cessation As Employer (Query)' successfully

2018-12-11 11:22:04 - [TEST_CASE][PASSED] - Test Cases/Final Aug 2018 - PKS Automation/Registration Module/Workflow/Form 1A - Cessation As Employer/Template/Form 1 A - Cessation As Employer (Query): Test Cases/Final Aug 2018 - PKS Automation/Registration Module/Workflow/Form 1A - Cessation As Employer/Template/Form 1 A - Cessation As Employer (Query)

2018-12-11 11:22:04 - [TEST_STEP][NOT_RUN] - callTestCase: NOT_RUN: callTestCase

2018-12-11 11:22:04 - [MESSAGE][NOT_RUN] - NOT_RUN: callTestCase

2018-12-11 11:22:04 - [TEST_STEP][PASSED] - delay: Delayed 1 second(s)

2018-12-11 11:22:05 - [MESSAGE][PASSED] - Delayed 1 second(s)

2018-12-11 11:22:05 - [TEST_STEP][PASSED] - navigateToUrl: Navigate to 'https://assist2-uat.perkeso.gov.my/c/portal/logout' successfully

2018-12-11 11:22:06 - [MESSAGE][PASSED] - Navigate to 'https://assist2-uat.perkeso.gov.my/c/portal/logout' successfully

2018-12-11 11:22:06 - [TEST_STEP][PASSED] - delay: Delayed 1 second(s)

2018-12-11 11:22:07 - [MESSAGE][PASSED] - Delayed 1 second(s)

2018-12-11 11:22:07 - [TEST_STEP][PASSED] - callTestCase: Call Test Case 'Test Cases/Final Aug 2018 - PKS Automation/Common/Reference Number Getter' successfully

2018-12-11 11:22:07 - [TEST_CASE][PASSED] - Test Cases/Final Aug 2018 - PKS Automation/Common/Reference Number Getter: Test Cases/Final Aug 2018 - PKS Automation/Common/Reference Number Getter

2018-12-11 11:22:07 - [TEST_STEP][PASSED] - Statement - Try: null

2018-12-11 11:22:07 - [TEST_STEP][PASSED] - Statement - RefNo = new java.io.File(C://Users//Admin//Desktop//PKS//Automation Reference Point//KatalonReference.txt): null

2018-12-11 11:22:07 - [TEST_STEP][PASSED] - Statement - bufferread = new java.io.BufferedReader(new java.io.FileReader(RefNo)): null

2018-12-11 11:22:07 - [TEST_STEP][PASSED] - Statement - readedVal = bufferread.readLine(): null

2018-12-11 11:22:07 - [TEST_STEP][PASSED] - Statement - out.println(CaseReferenceNo): null

2018-12-11 11:22:07 - [TEST_STEP][PASSED] - Statement - out.println(readedVal): null

2018-12-11 11:22:07 - [TEST_STEP][PASSED] - Statement - CaseReferenceNo = "": null

2018-12-11 11:22:07 - [TEST_STEP][PASSED] - Statement - CaseReferenceNo = readedVal: null

2018-12-11 11:22:07 - [MESSAGE][PASSED] - Call Test Case 'Test Cases/Final Aug 2018 - PKS Automation/Common/Reference Number Getter' successfully

2018-12-11 11:22:07 - [TEST_STEP][PASSED] - callTestCase: Call Test Case 'Test Cases/Final Aug 2018 - PKS Automation/Common/Workflow Owner Finder' successfully

2018-12-11 11:22:07 - [TEST_CASE][PASSED] - Test Cases/Final Aug 2018 - PKS Automation/Common/Workflow Owner Finder: Test Cases/Final Aug 2018 - PKS Automation/Common/Workflow Owner Finder

2018-12-11 11:22:07 - [TEST_STEP][PASSED] - openBrowser: Browser is opened with url: ''

2018-12-11 11:22:07 - [MESSAGE][WARNING] - A browser is already opened. Closing browser and opening a new one

2018-12-11 11:22:10 - [MESSAGE][PASSED] - Browser is opened with url: ''

2018-12-11 11:22:10 - [TEST_STEP][PASSED] - navigateToUrl: Navigate to 'https://assist2-uat.perkeso.gov.my/login' successfully

2018-12-11 11:22:11 - [MESSAGE][PASSED] - Navigate to 'https://assist2-uat.perkeso.gov.my/login' successfully

2018-12-11 11:22:11 - [TEST_STEP][PASSED] - delay: Delayed 5 second(s)

2018-12-11 11:22:16 - [MESSAGE][PASSED] - Delayed 5 second(s)

2018-12-11 11:22:16 - [TEST_STEP][PASSED] - setText: Text 'test@liferay.com' is set on object 'Object Repository/Final Object Repo/Login Page/Internal User/Email Address'

2018-12-11 11:22:17 - [MESSAGE][PASSED] - Text 'test@liferay.com' is set on object 'Object Repository/Final Object Repo/Login Page/Internal User/Email Address'

2018-12-11 11:22:17 - [TEST_STEP][PASSED] - click: Object: 'Object Repository/Final Object Repo/Login Page/Internal User/Next Button' is clicked on

2018-12-11 11:22:17 - [MESSAGE][PASSED] - Object: 'Object Repository/Final Object Repo/Login Page/Internal User/Next Button' is clicked on

2018-12-11 11:22:17 - [TEST_STEP][PASSED] - delay: Delayed 2 second(s)

2018-12-11 11:22:19 - [MESSAGE][PASSED] - Delayed 2 second(s)

2018-12-11 11:22:19 - [TEST_STEP][PASSED] - setText: Text 'test' is set on object 'Object Repository/Final Object Repo/Login Page/Internal User/Password'

2018-12-11 11:22:19 - [MESSAGE][PASSED] - Text 'test' is set on object 'Object Repository/Final Object Repo/Login Page/Internal User/Password'

2018-12-11 11:22:19 - [TEST_STEP][PASSED] - delay: Delayed 2 second(s)

2018-12-11 11:22:21 - [MESSAGE][PASSED] - Delayed 2 second(s)

2018-12-11 11:22:21 - [TEST_STEP][PASSED] - click: Object: 'Object Repository/Final Object Repo/Login Page/Internal User/Login Button' is clicked on

2018-12-11 11:22:21 - [MESSAGE][PASSED] - Object: 'Object Repository/Final Object Repo/Login Page/Internal User/Login Button' is clicked on

2018-12-11 11:22:21 - [TEST_STEP][PASSED] - Statement - tester = com.kms.katalon.core.testobject.ObjectRepository.findTestObject(Final Object Repo/Landing Page/Select to English): Finding Test Object with id 'Object Repository/Final Object Repo/Landing Page/Select to English'

2018-12-11 11:22:21 - [TEST_STEP][PASSED] - Statement - Try: Delayed 2 second(s)

2018-12-11 11:22:21 - [TEST_STEP][PASSED] - Statement - Checker = com.kms.katalon.core.webui.keyword.WebUiBuiltInKeywords.verifyElementNotPresent(tester, 3): Web element with id: 'Object Repository/Final Object Repo/Landing Page/Select to English' located by 'By.xpath: //a[@class = 'taglib-language-list-text' and @lang = 'en-US' and (contains(text(), 'EN') or contains(., 'EN'))]' is not present after '3' second(s)

2018-12-11 11:22:23 - [MESSAGE][PASSED] - Web element with id: 'Object Repository/Final Object Repo/Landing Page/Select to English' located by 'By.xpath: //a[@class = 'taglib-language-list-text' and @lang = 'en-US' and (contains(text(), 'EN') or contains(., 'EN'))]' is not present after '3' second(s)

2018-12-11 11:22:23 - [TEST_STEP][PASSED] - Statement - If (Checker == false): null

2018-12-11 11:22:23 - [TEST_STEP][PASSED] - delay: Delayed 2 second(s)

2018-12-11 11:22:25 - [MESSAGE][PASSED] - Delayed 2 second(s)

2018-12-11 11:22:25 - [TEST_STEP][PASSED] - delay: Delayed 5 second(s)

2018-12-11 11:22:30 - [MESSAGE][PASSED] - Delayed 5 second(s)

2018-12-11 11:22:30 - [TEST_STEP][PASSED] - mouseOver: Object: 'Object Repository/Final Object Repo/Landing Page/WorkFlow Menu' is hovered

2018-12-11 11:22:30 - [MESSAGE][PASSED] - Object: 'Object Repository/Final Object Repo/Landing Page/WorkFlow Menu' is hovered

2018-12-11 11:22:30 - [TEST_STEP][PASSED] - delay: Delayed 2 second(s)

2018-12-11 11:22:32 - [MESSAGE][PASSED] - Delayed 2 second(s)

2018-12-11 11:22:32 - [TEST_STEP][PASSED] - click: Object: 'Object Repository/Final Object Repo/Landing Page/Select to Workflow Listing' is clicked on

2018-12-11 11:22:33 - [MESSAGE][PASSED] - Object: 'Object Repository/Final Object Repo/Landing Page/Select to Workflow Listing' is clicked on

2018-12-11 11:22:33 - [TEST_STEP][PASSED] - delay: Delayed 2 second(s)

2018-12-11 11:22:35 - [MESSAGE][PASSED] - Delayed 2 second(s)

2018-12-11 11:22:35 - [TEST_STEP][PASSED] - click: Object: 'Object Repository/Final Object Repo/WorkFlow Listing Page/Search Information - To Put Ref No' is clicked on

2018-12-11 11:22:35 - [MESSAGE][PASSED] - Object: 'Object Repository/Final Object Repo/WorkFlow Listing Page/Search Information - To Put Ref No' is clicked on

2018-12-11 11:22:35 - [TEST_STEP][PASSED] - delay: Delayed 2 second(s)

2018-12-11 11:22:37 - [MESSAGE][PASSED] - Delayed 2 second(s)

2018-12-11 11:22:37 - [TEST_STEP][PASSED] - callTestCase: Call Test Case 'Test Cases/Final Aug 2018 - PKS Automation/Common/Reference Number Getter' successfully

2018-12-11 11:22:38 - [TEST_CASE][PASSED] - Test Cases/Final Aug 2018 - PKS Automation/Common/Reference Number Getter: Test Cases/Final Aug 2018 - PKS Automation/Common/Reference Number Getter

2018-12-11 11:22:38 - [TEST_STEP][PASSED] - Statement - Try: null

2018-12-11 11:22:38 - [TEST_STEP][PASSED] - Statement - RefNo = new java.io.File(C://Users//Admin//Desktop//PKS//Automation Reference Point//KatalonReference.txt): null

2018-12-11 11:22:38 - [TEST_STEP][PASSED] - Statement - bufferread = new java.io.BufferedReader(new java.io.FileReader(RefNo)): null

2018-12-11 11:22:38 - [TEST_STEP][PASSED] - Statement - readedVal = bufferread.readLine(): null

2018-12-11 11:22:38 - [TEST_STEP][PASSED] - Statement - out.println(CaseReferenceNo): null

2018-12-11 11:22:38 - [TEST_STEP][PASSED] - Statement - out.println(readedVal): null

2018-12-11 11:22:38 - [TEST_STEP][PASSED] - Statement - CaseReferenceNo = "": null

2018-12-11 11:22:38 - [TEST_STEP][PASSED] - Statement - CaseReferenceNo = readedVal: null

2018-12-11 11:22:38 - [MESSAGE][PASSED] - Call Test Case 'Test Cases/Final Aug 2018 - PKS Automation/Common/Reference Number Getter' successfully

2018-12-11 11:22:38 - [TEST_STEP][PASSED] - setText: Text 'CUN122018C200001708' is set on object 'Object Repository/Final Object Repo/WorkFlow Listing Page/Ref No Set Text'

2018-12-11 11:22:38 - [MESSAGE][PASSED] - Text 'CUN122018C200001708' is set on object 'Object Repository/Final Object Repo/WorkFlow Listing Page/Ref No Set Text'

2018-12-11 11:22:38 - [TEST_STEP][PASSED] - delay: Delayed 2 second(s)

2018-12-11 11:22:40 - [MESSAGE][PASSED] - Delayed 2 second(s)

2018-12-11 11:22:40 - [TEST_STEP][PASSED] - click: Object: 'Object Repository/Final Object Repo/WorkFlow Listing Page/Search Ref No Search Button' is clicked on

2018-12-11 11:22:40 - [MESSAGE][PASSED] - Object: 'Object Repository/Final Object Repo/WorkFlow Listing Page/Search Ref No Search Button' is clicked on

2018-12-11 11:22:40 - [TEST_STEP][PASSED] - delay: Delayed 6 second(s)

2018-12-11 11:22:46 - [MESSAGE][PASSED] - Delayed 6 second(s)

2018-12-11 11:22:46 - [TEST_STEP][PASSED] - click: Object: 'Object Repository/Final Object Repo/WorkFlow Listing Page/Click Continue Tooltip' is clicked on

2018-12-11 11:22:47 - [MESSAGE][PASSED] - Object: 'Object Repository/Final Object Repo/WorkFlow Listing Page/Click Continue Tooltip' is clicked on

2018-12-11 11:22:47 - [TEST_STEP][PASSED] - delay: Delayed 5 second(s)

2018-12-11 11:22:52 - [MESSAGE][PASSED] - Delayed 5 second(s)

2018-12-11 11:22:52 - [TEST_STEP][PASSED] - doubleClick: Object: 'Object Repository/Final Object Repo/WorkFlow Listing Page/Workflow Found - Listing 1' is double clicked on

2018-12-11 11:22:52 - [MESSAGE][PASSED] - Object: 'Object Repository/Final Object Repo/WorkFlow Listing Page/Workflow Found - Listing 1' is double clicked on

2018-12-11 11:22:52 - [TEST_STEP][PASSED] - Statement - println(OwnerID): null

2018-12-11 11:22:52 - [TEST_STEP][PASSED] - Statement - OwnerID = com.kms.katalon.core.webui.keyword.WebUiBuiltInKeywords.getText(com.kms.katalon.core.testobject.ObjectRepository.findTestObject(Final Object Repo/WorkFlow Listing Page/Workflow Found - Listing 1), STOP_ON_FAILURE): Text of object 'Object Repository/Final Object Repo/WorkFlow Listing Page/Workflow Found - Listing 1' is: 'JOHORuo1'

2018-12-11 11:22:52 - [MESSAGE][PASSED] - Text of object 'Object Repository/Final Object Repo/WorkFlow Listing Page/Workflow Found - Listing 1' is: 'JOHORuo1'

2018-12-11 11:22:52 - [TEST_STEP][PASSED] - Statement - OwnerID = OwnerID.toLowerCase() + "@gmail.com": null

2018-12-11 11:22:52 - [TEST_STEP][PASSED] - Statement - println(OwnerID): null

2018-12-11 11:22:52 - [TEST_STEP][PASSED] - delay: Delayed 2 second(s)

2018-12-11 11:22:54 - [MESSAGE][PASSED] - Delayed 2 second(s)

2018-12-11 11:22:54 - [MESSAGE][PASSED] - Call Test Case 'Test Cases/Final Aug 2018 - PKS Automation/Common/Workflow Owner Finder' successfully

2018-12-11 11:22:54 - [TEST_STEP][PASSED] - delay: Delayed 1 second(s)

2018-12-11 11:22:55 - [MESSAGE][PASSED] - Delayed 1 second(s)

2018-12-11 11:22:55 - [TEST_STEP][PASSED] - navigateToUrl: Navigate to 'https://assist2-uat.perkeso.gov.my/c/portal/logout' successfully

2018-12-11 11:22:56 - [MESSAGE][PASSED] - Navigate to 'https://assist2-uat.perkeso.gov.my/c/portal/logout' successfully

2018-12-11 11:22:56 - [TEST_STEP][PASSED] - delay: Delayed 1 second(s)

2018-12-11 11:22:57 - [MESSAGE][PASSED] - Delayed 1 second(s)

2018-12-11 11:22:57 - [TEST_STEP][PASSED] - callTestCase: Call Test Case 'Test Cases/Final Aug 2018 - PKS Automation/Registration Module/Workflow/Login and Search Case For Workflow' successfully

2018-12-11 11:22:57 - [TEST_CASE][PASSED] - Test Cases/Final Aug 2018 - PKS Automation/Registration Module/Workflow/Login and Search Case For Workflow: Test Cases/Final Aug 2018 - PKS Automation/Registration Module/Workflow/Login and Search Case For Workflow

2018-12-11 11:22:57 - [TEST_STEP][PASSED] - navigateToUrl: Navigate to 'https://assist2-uat.perkeso.gov.my/login' successfully

2018-12-11 11:22:58 - [MESSAGE][PASSED] - Navigate to 'https://assist2-uat.perkeso.gov.my/login' successfully

2018-12-11 11:22:58 - [TEST_STEP][PASSED] - setText: Text 'johoruo1@gmail.com' is set on object 'Object Repository/Final Object Repo/Login Page/Internal User/Email Address'

2018-12-11 11:22:58 - [MESSAGE][PASSED] - Text 'johoruo1@gmail.com' is set on object 'Object Repository/Final Object Repo/Login Page/Internal User/Email Address'

2018-12-11 11:22:58 - [TEST_STEP][PASSED] - click: Object: 'Object Repository/Final Object Repo/Login Page/Internal User/Next Button' is clicked on

2018-12-11 11:22:58 - [MESSAGE][PASSED] - Object: 'Object Repository/Final Object Repo/Login Page/Internal User/Next Button' is clicked on

2018-12-11 11:22:58 - [TEST_STEP][PASSED] - delay: Delayed 1 second(s)

2018-12-11 11:22:59 - [MESSAGE][PASSED] - Delayed 1 second(s)

2018-12-11 11:22:59 - [TEST_STEP][PASSED] - setEncryptedText: Text ****** has been set on object 'Object Repository/Final Object Repo/Login Page/Internal User/Password'

2018-12-11 11:22:59 - [MESSAGE][PASSED] - Text ****** has been set on object 'Object Repository/Final Object Repo/Login Page/Internal User/Password'

2018-12-11 11:22:59 - [TEST_STEP][PASSED] - click: Object: 'Object Repository/Final Object Repo/Login Page/Internal User/Login Button' is clicked on

2018-12-11 11:23:00 - [MESSAGE][PASSED] - Object: 'Object Repository/Final Object Repo/Login Page/Internal User/Login Button' is clicked on

2018-12-11 11:23:00 - [TEST_STEP][PASSED] - delay: Delayed 2 second(s)

2018-12-11 11:23:02 - [MESSAGE][PASSED] - Delayed 2 second(s)

2018-12-11 11:23:02 - [TEST_STEP][PASSED] - Statement - Try: Delayed 2 second(s)

2018-12-11 11:23:02 - [TEST_STEP][PASSED] - Statement - Checker = false: null

2018-12-11 11:23:02 - [TEST_STEP][PASSED] - Statement - Checker = com.kms.katalon.core.webui.keyword.WebUiBuiltInKeywords.verifyElementHasAttribute(com.kms.katalon.core.testobject.ObjectRepository.findTestObject(Final Object Repo/Landing Page/BM Detecting), "href", 20, OPTIONAL): Object 'Object Repository/Final Object Repo/Landing Page/BM Detecting' has attribute 'href'

2018-12-11 11:23:02 - [MESSAGE][PASSED] - Object 'Object Repository/Final Object Repo/Landing Page/BM Detecting' has attribute 'href'

2018-12-11 11:23:02 - [TEST_STEP][PASSED] - Statement - out.println(Checker): null

2018-12-11 11:23:02 - [TEST_STEP][PASSED] - Statement - If (Checker == false): null

2018-12-11 11:23:02 - [TEST_STEP][PASSED] - Statement - Else: null

2018-12-11 11:23:02 - [TEST_STEP][PASSED] - delay: Delayed 2 second(s)

2018-12-11 11:23:04 - [MESSAGE][PASSED] - Delayed 2 second(s)

2018-12-11 11:23:04 - [TEST_STEP][PASSED] - click: Object: 'Object Repository/Final Object Repo/Page_MyASSIST - ASSIST - Search Pending Case For Add Supporting Document/Search Information' is clicked on

2018-12-11 11:23:04 - [MESSAGE][PASSED] - Object: 'Object Repository/Final Object Repo/Page_MyASSIST - ASSIST - Search Pending Case For Add Supporting Document/Search Information' is clicked on

2018-12-11 11:23:04 - [TEST_STEP][PASSED] - delay: Delayed 3 second(s)

2018-12-11 11:23:07 - [MESSAGE][PASSED] - Delayed 3 second(s)

2018-12-11 11:23:07 - [TEST_STEP][PASSED] - sendKeys: Keys 'CUN122018C200001708' sent to object: 'Object Repository/Final Object Repo/Page_MyASSIST - ASSIST - Search Pending Case For Add Supporting Document/Reference No'

2018-12-11 11:23:07 - [MESSAGE][PASSED] - Keys 'CUN122018C200001708' sent to object: 'Object Repository/Final Object Repo/Page_MyASSIST - ASSIST - Search Pending Case For Add Supporting Document/Reference No'

2018-12-11 11:23:07 - [TEST_STEP][PASSED] - click: Object: 'Object Repository/Final Object Repo/Page_MyASSIST - ASSIST - Search Pending Case For Add Supporting Document/Search Reference No' is clicked on

2018-12-11 11:23:07 - [MESSAGE][PASSED] - Object: 'Object Repository/Final Object Repo/Page_MyASSIST - ASSIST - Search Pending Case For Add Supporting Document/Search Reference No' is clicked on

2018-12-11 11:23:07 - [TEST_STEP][PASSED] - delay: Delayed 2 second(s)

2018-12-11 11:23:09 - [MESSAGE][PASSED] - Delayed 2 second(s)

2018-12-11 11:23:09 - [TEST_STEP][PASSED] - click: Object: 'Object Repository/Final Object Repo/Page_MyASSIST - ASSIST - Search Pending Case For Add Supporting Document/Continue' is clicked on

2018-12-11 11:23:13 - [MESSAGE][PASSED] - Object: 'Object Repository/Final Object Repo/Page_MyASSIST - ASSIST - Search Pending Case For Add Supporting Document/Continue' is clicked on

2018-12-11 11:23:13 - [TEST_STEP][PASSED] - delay: Delayed 20 second(s)

2018-12-11 11:23:33 - [MESSAGE][PASSED] - Delayed 20 second(s)

2018-12-11 11:23:33 - [MESSAGE][PASSED] - Call Test Case 'Test Cases/Final Aug 2018 - PKS Automation/Registration Module/Workflow/Login and Search Case For Workflow' successfully

2018-12-11 11:23:33 - [TEST_STEP][PASSED] - click: Object: 'Object Repository/Final Object Repo/Page_Form 1A - Cessation As Employer/Page_Form 1A - Cessation As Employer (Approve)/Save  Continue in Form 1A Page' is clicked on

2018-12-11 11:23:33 - [MESSAGE][PASSED] - Object: 'Object Repository/Final Object Repo/Page_Form 1A - Cessation As Employer/Page_Form 1A - Cessation As Employer (Approve)/Save  Continue in Form 1A Page' is clicked on

2018-12-11 11:23:33 - [TEST_STEP][PASSED] - delay: Delayed 2 second(s)

2018-12-11 11:23:35 - [MESSAGE][PASSED] - Delayed 2 second(s)

2018-12-11 11:23:35 - [TEST_STEP][PASSED] - click: Object: 'Object Repository/Final Object Repo/Page_Form 1A - Cessation As Employer/Employment Resign Date' is clicked on

2018-12-11 11:23:35 - [MESSAGE][PASSED] - Object: 'Object Repository/Final Object Repo/Page_Form 1A - Cessation As Employer/Employment Resign Date' is clicked on

2018-12-11 11:23:35 - [TEST_STEP][PASSED] - delay: Delayed 1 second(s)

2018-12-11 11:23:36 - [MESSAGE][PASSED] - Delayed 1 second(s)

2018-12-11 11:23:36 - [TEST_STEP][PASSED] - selectOptionByValue: All options with value '2030' are selected in object 'Object Repository/Final Object Repo/Page_Form 1A - Cessation As Employer/Employment Resign Date - Year' 

2018-12-11 11:23:36 - [MESSAGE][PASSED] - All options with value '2030' are selected in object 'Object Repository/Final Object Repo/Page_Form 1A - Cessation As Employer/Employment Resign Date - Year' 

2018-12-11 11:23:36 - [TEST_STEP][PASSED] - delay: Delayed 1 second(s)

2018-12-11 11:23:37 - [MESSAGE][PASSED] - Delayed 1 second(s)

2018-12-11 11:23:37 - [TEST_STEP][PASSED] - click: Object: 'Object Repository/Final Object Repo/Page_Form 1A - Cessation As Employer/Employment Resign Date - Year - Date' is clicked on

2018-12-11 11:23:37 - [MESSAGE][PASSED] - Object: 'Object Repository/Final Object Repo/Page_Form 1A - Cessation As Employer/Employment Resign Date - Year - Date' is clicked on

2018-12-11 11:23:37 - [TEST_STEP][PASSED] - delay: Delayed 2 second(s)

2018-12-11 11:23:39 - [MESSAGE][PASSED] - Delayed 2 second(s)

2018-12-11 11:23:39 - [TEST_STEP][PASSED] - click: Object: 'Object Repository/Final Object Repo/Page_Form 1A - Cessation As Employer/Page_Form 1A - Cessation As Employer (Approve)/Save  Continue in Update Add Employee Resigned Date Page' is clicked on

2018-12-11 11:23:40 - [MESSAGE][PASSED] - Object: 'Object Repository/Final Object Repo/Page_Form 1A - Cessation As Employer/Page_Form 1A - Cessation As Employer (Approve)/Save  Continue in Update Add Employee Resigned Date Page' is clicked on

2018-12-11 11:23:40 - [TEST_STEP][PASSED] - delay: Delayed 2 second(s)

2018-12-11 11:23:42 - [MESSAGE][PASSED] - Delayed 2 second(s)

2018-12-11 11:23:42 - [TEST_STEP][PASSED] - click: Object: 'Object Repository/Final Object Repo/Page_Form 1A - Cessation As Employer/Set Latest - Yes' is clicked on

2018-12-11 11:23:42 - [MESSAGE][PASSED] - Object: 'Object Repository/Final Object Repo/Page_Form 1A - Cessation As Employer/Set Latest - Yes' is clicked on

2018-12-11 11:23:42 - [TEST_STEP][PASSED] - delay: Delayed 2 second(s)

2018-12-11 11:23:44 - [MESSAGE][PASSED] - Delayed 2 second(s)

2018-12-11 11:23:44 - [TEST_STEP][PASSED] - setText: Text 'remark' is set on object 'Object Repository/Final Object Repo/Page_Form 1A - Cessation As Employer/Page_Form 1A - Cessation As Employer (Query)/Query - remark'

2018-12-11 11:23:45 - [MESSAGE][PASSED] - Text 'remark' is set on object 'Object Repository/Final Object Repo/Page_Form 1A - Cessation As Employer/Page_Form 1A - Cessation As Employer (Query)/Query - remark'

2018-12-11 11:23:45 - [TEST_STEP][PASSED] - delay: Delayed 2 second(s)

2018-12-11 11:23:47 - [MESSAGE][PASSED] - Delayed 2 second(s)

2018-12-11 11:23:47 - [TEST_STEP][PASSED] - click: Object: 'Object Repository/Final Object Repo/Page_Form 1A - Cessation As Employer/Page_Form 1A - Cessation As Employer (Approve)/Save  Contine in Uploading Document Page' is clicked on

2018-12-11 11:23:47 - [MESSAGE][PASSED] - Object: 'Object Repository/Final Object Repo/Page_Form 1A - Cessation As Employer/Page_Form 1A - Cessation As Employer (Approve)/Save  Contine in Uploading Document Page' is clicked on

2018-12-11 11:23:47 - [TEST_STEP][PASSED] - delay: Delayed 2 second(s)

2018-12-11 11:23:49 - [MESSAGE][PASSED] - Delayed 2 second(s)

2018-12-11 11:23:49 - [TEST_STEP][PASSED] - click: Object: 'Object Repository/Final Object Repo/Page_Form 1A - Cessation As Employer/Page_Form 1A - Cessation As Employer (Query)/Query' is clicked on

2018-12-11 11:23:52 - [MESSAGE][PASSED] - Object: 'Object Repository/Final Object Repo/Page_Form 1A - Cessation As Employer/Page_Form 1A - Cessation As Employer (Query)/Query' is clicked on

2018-12-11 11:23:52 - [TEST_STEP][PASSED] - delay: Delayed 2 second(s)

2018-12-11 11:23:54 - [MESSAGE][PASSED] - Delayed 2 second(s)

2018-12-11 11:23:54 - [TEST_STEP][PASSED] - click: Object: 'Object Repository/Final Object Repo/Page_Form 1A - Cessation As Employer/Page_Form 1A - Cessation As Employer (Query)/Confirm' is clicked on

2018-12-11 11:24:02 - [MESSAGE][PASSED] - Object: 'Object Repository/Final Object Repo/Page_Form 1A - Cessation As Employer/Page_Form 1A - Cessation As Employer (Query)/Confirm' is clicked on

2018-12-11 11:24:02 - [TEST_STEP][PASSED] - delay: Delayed 2 second(s)

2018-12-11 11:24:04 - [MESSAGE][PASSED] - Delayed 2 second(s)

2018-12-11 11:24:04 - [TEST_STEP][PASSED] - verifyElementVisible: Object 'Object Repository/Final Object Repo/Page_Form 1A - Cessation As Employer/Page_Form 1A - Cessation As Employer (Query)/MessageThe Case Is Under Query' is visible

2018-12-11 11:24:04 - [MESSAGE][PASSED] - Object 'Object Repository/Final Object Repo/Page_Form 1A - Cessation As Employer/Page_Form 1A - Cessation As Employer (Query)/MessageThe Case Is Under Query' is visible

2018-12-11 11:24:04 - [TEST_STEP][PASSED] - delay: Delayed 1 second(s)

2018-12-11 11:24:05 - [MESSAGE][PASSED] - Delayed 1 second(s)

2018-12-11 11:24:05 - [TEST_STEP][PASSED] - verifyElementVisible: Object 'Object Repository/Final Object Repo/Page_Form 1A - Cessation As Employer/Page_Form 1A - Cessation As Employer (Query)/Letter of inquiry' is visible

2018-12-11 11:24:05 - [MESSAGE][PASSED] - Object 'Object Repository/Final Object Repo/Page_Form 1A - Cessation As Employer/Page_Form 1A - Cessation As Employer (Query)/Letter of inquiry' is visible

2018-12-11 11:24:05 - [TEST_STEP][PASSED] - delay: Delayed 1 second(s)

2018-12-11 11:24:06 - [MESSAGE][PASSED] - Delayed 1 second(s)

2018-12-11 11:24:06 - [TEST_STEP][PASSED] - navigateToUrl: Navigate to 'https://assist2-uat.perkeso.gov.my/c/portal/logout' successfully

2018-12-11 11:24:06 - [MESSAGE][PASSED] - Navigate to 'https://assist2-uat.perkeso.gov.my/c/portal/logout' successfully

2018-12-11 11:24:06 - [TEST_STEP][PASSED] - delay: Delayed 1 second(s)

2018-12-11 11:24:07 - [MESSAGE][PASSED] - Delayed 1 second(s)

2018-12-11 11:24:07 - [TEST_STEP][PASSED] - callTestCase: Call Test Case 'Test Cases/Final Aug 2018 - PKS Automation/Registration Module/Workflow/Search Pending Case For Add Supporting Document (OTC)' successfully

2018-12-11 11:24:07 - [TEST_CASE][PASSED] - Test Cases/Final Aug 2018 - PKS Automation/Registration Module/Workflow/Search Pending Case For Add Supporting Document (OTC): Test Cases/Final Aug 2018 - PKS Automation/Registration Module/Workflow/Search Pending Case For Add Supporting Document (OTC)

2018-12-11 11:24:08 - [TEST_STEP][PASSED] - openBrowser: Browser is opened with url: ''

2018-12-11 11:24:08 - [MESSAGE][WARNING] - A browser is already opened. Closing browser and opening a new one

2018-12-11 11:24:11 - [MESSAGE][PASSED] - Browser is opened with url: ''

2018-12-11 11:24:11 - [TEST_STEP][PASSED] - navigateToUrl: Navigate to 'https://assist2-uat.perkeso.gov.my/login' successfully

2018-12-11 11:24:12 - [MESSAGE][PASSED] - Navigate to 'https://assist2-uat.perkeso.gov.my/login' successfully

2018-12-11 11:24:12 - [TEST_STEP][PASSED] - setText: Text 'johorotc1@gmail.com' is set on object 'Object Repository/Final Object Repo/Login Page/Internal User/Email Address'

2018-12-11 11:24:13 - [MESSAGE][PASSED] - Text 'johorotc1@gmail.com' is set on object 'Object Repository/Final Object Repo/Login Page/Internal User/Email Address'

2018-12-11 11:24:13 - [TEST_STEP][PASSED] - click: Object: 'Object Repository/Final Object Repo/Login Page/Internal User/Next Button' is clicked on

2018-12-11 11:24:13 - [MESSAGE][PASSED] - Object: 'Object Repository/Final Object Repo/Login Page/Internal User/Next Button' is clicked on

2018-12-11 11:24:13 - [TEST_STEP][PASSED] - delay: Delayed 1 second(s)

2018-12-11 11:24:14 - [MESSAGE][PASSED] - Delayed 1 second(s)

2018-12-11 11:24:14 - [TEST_STEP][PASSED] - setEncryptedText: Text ****** has been set on object 'Object Repository/Final Object Repo/Login Page/Internal User/Password'

2018-12-11 11:24:14 - [MESSAGE][PASSED] - Text ****** has been set on object 'Object Repository/Final Object Repo/Login Page/Internal User/Password'

2018-12-11 11:24:14 - [TEST_STEP][PASSED] - click: Object: 'Object Repository/Final Object Repo/Login Page/Internal User/Login Button' is clicked on

2018-12-11 11:24:14 - [MESSAGE][PASSED] - Object: 'Object Repository/Final Object Repo/Login Page/Internal User/Login Button' is clicked on

2018-12-11 11:24:14 - [TEST_STEP][PASSED] - delay: Delayed 1 second(s)

2018-12-11 11:24:15 - [MESSAGE][PASSED] - Delayed 1 second(s)

2018-12-11 11:24:15 - [TEST_STEP][PASSED] - Statement - Try: Delayed 2 second(s)

2018-12-11 11:24:15 - [TEST_STEP][PASSED] - Statement - Checker = false: null

2018-12-11 11:24:15 - [TEST_STEP][PASSED] - Statement - Checker = com.kms.katalon.core.webui.keyword.WebUiBuiltInKeywords.verifyElementHasAttribute(com.kms.katalon.core.testobject.ObjectRepository.findTestObject(Final Object Repo/Landing Page/BM Detecting), "href", 20, OPTIONAL): Object 'Object Repository/Final Object Repo/Landing Page/BM Detecting' has attribute 'href'

2018-12-11 11:24:16 - [MESSAGE][PASSED] - Object 'Object Repository/Final Object Repo/Landing Page/BM Detecting' has attribute 'href'

2018-12-11 11:24:16 - [TEST_STEP][PASSED] - Statement - out.println(Checker): null

2018-12-11 11:24:16 - [TEST_STEP][PASSED] - Statement - If (Checker == false): null

2018-12-11 11:24:16 - [TEST_STEP][PASSED] - Statement - Else: null

2018-12-11 11:24:16 - [TEST_STEP][PASSED] - delay: Delayed 2 second(s)

2018-12-11 11:24:18 - [MESSAGE][PASSED] - Delayed 2 second(s)

2018-12-11 11:24:18 - [TEST_STEP][PASSED] - navigateToUrl: Navigate to 'https://assist2-uat.perkeso.gov.my/web/registration/search/search-pending-case-for-add-supporting-document' successfully

2018-12-11 11:24:19 - [MESSAGE][PASSED] - Navigate to 'https://assist2-uat.perkeso.gov.my/web/registration/search/search-pending-case-for-add-supporting-document' successfully

2018-12-11 11:24:19 - [TEST_STEP][PASSED] - click: Object: 'Object Repository/Final Object Repo/Page_Search Pending Case For Add Suporting Document/Search By' is clicked on

2018-12-11 11:24:19 - [MESSAGE][PASSED] - Object: 'Object Repository/Final Object Repo/Page_Search Pending Case For Add Suporting Document/Search By' is clicked on

2018-12-11 11:24:19 - [TEST_STEP][PASSED] - click: Object: 'Object Repository/Final Object Repo/Page_Search Pending Case For Add Suporting Document/Search By - Reference ID' is clicked on

2018-12-11 11:24:20 - [MESSAGE][PASSED] - Object: 'Object Repository/Final Object Repo/Page_Search Pending Case For Add Suporting Document/Search By - Reference ID' is clicked on

2018-12-11 11:24:20 - [TEST_STEP][PASSED] - delay: Delayed 2 second(s)

2018-12-11 11:24:22 - [MESSAGE][PASSED] - Delayed 2 second(s)

2018-12-11 11:24:22 - [TEST_STEP][PASSED] - setText: Text 'CUN122018C200001708' is set on object 'Object Repository/Final Object Repo/Page_Search Pending Case For Add Suporting Document/Reference ID'

2018-12-11 11:24:22 - [MESSAGE][PASSED] - Text 'CUN122018C200001708' is set on object 'Object Repository/Final Object Repo/Page_Search Pending Case For Add Suporting Document/Reference ID'

2018-12-11 11:24:22 - [TEST_STEP][PASSED] - click: Object: 'Object Repository/Final Object Repo/Page_Search Pending Case For Add Suporting Document/Search' is clicked on

2018-12-11 11:24:22 - [MESSAGE][PASSED] - Object: 'Object Repository/Final Object Repo/Page_Search Pending Case For Add Suporting Document/Search' is clicked on

2018-12-11 11:24:22 - [TEST_STEP][PASSED] - delay: Delayed 2 second(s)

2018-12-11 11:24:24 - [MESSAGE][PASSED] - Delayed 2 second(s)

2018-12-11 11:24:24 - [TEST_STEP][PASSED] - click: Object: 'Object Repository/Final Object Repo/Page_Search Pending Case For Add Suporting Document/Edit' is clicked on

2018-12-11 11:24:27 - [MESSAGE][PASSED] - Object: 'Object Repository/Final Object Repo/Page_Search Pending Case For Add Suporting Document/Edit' is clicked on

2018-12-11 11:24:27 - [MESSAGE][PASSED] - Call Test Case 'Test Cases/Final Aug 2018 - PKS Automation/Registration Module/Workflow/Search Pending Case For Add Supporting Document (OTC)' successfully

2018-12-11 11:24:27 - [TEST_STEP][PASSED] - click: Object: 'Object Repository/Final Object Repo/Page_Form 1A - Cessation As Employer/Page_Form 1A - Cessation As Employer (Query -OTC -UO)/Next in Form 1A Page' is clicked on

2018-12-11 11:24:28 - [MESSAGE][PASSED] - Object: 'Object Repository/Final Object Repo/Page_Form 1A - Cessation As Employer/Page_Form 1A - Cessation As Employer (Query -OTC -UO)/Next in Form 1A Page' is clicked on

2018-12-11 11:24:28 - [TEST_STEP][PASSED] - delay: Delayed 2 second(s)

2018-12-11 11:24:30 - [MESSAGE][PASSED] - Delayed 2 second(s)

2018-12-11 11:24:30 - [TEST_STEP][PASSED] - click: Object: 'Object Repository/Final Object Repo/Page_Form 1A - Cessation As Employer/Page_Form 1A - Cessation As Employer (Query -OTC -UO)/Next in Resigned Date Page' is clicked on

2018-12-11 11:24:33 - [MESSAGE][PASSED] - Object: 'Object Repository/Final Object Repo/Page_Form 1A - Cessation As Employer/Page_Form 1A - Cessation As Employer (Query -OTC -UO)/Next in Resigned Date Page' is clicked on

2018-12-11 11:24:33 - [TEST_STEP][PASSED] - delay: Delayed 2 second(s)

2018-12-11 11:24:35 - [MESSAGE][PASSED] - Delayed 2 second(s)

2018-12-11 11:24:35 - [TEST_STEP][PASSED] - click: Object: 'Object Repository/Final Object Repo/Page_Form 1A - Cessation As Employer/Page_Form 1A - Cessation As Employer (Query -OTC -UO)/Add Document' is clicked on

2018-12-11 11:24:36 - [MESSAGE][PASSED] - Object: 'Object Repository/Final Object Repo/Page_Form 1A - Cessation As Employer/Page_Form 1A - Cessation As Employer (Query -OTC -UO)/Add Document' is clicked on

2018-12-11 11:24:36 - [TEST_STEP][PASSED] - delay: Delayed 2 second(s)

2018-12-11 11:24:38 - [MESSAGE][PASSED] - Delayed 2 second(s)

2018-12-11 11:24:38 - [TEST_STEP][PASSED] - click: Object: 'Object Repository/Final Object Repo/Page_Form 1A - Cessation As Employer/Page_Form 1A - Cessation As Employer (Query -OTC -UO)/Document Type' is clicked on

2018-12-11 11:24:38 - [MESSAGE][PASSED] - Object: 'Object Repository/Final Object Repo/Page_Form 1A - Cessation As Employer/Page_Form 1A - Cessation As Employer (Query -OTC -UO)/Document Type' is clicked on

2018-12-11 11:24:38 - [TEST_STEP][PASSED] - click: Object: 'Object Repository/Final Object Repo/Page_Form 1A - Cessation As Employer/Page_Form 1A - Cessation As Employer (Query -OTC -UO)/Document Type - Others' is clicked on

2018-12-11 11:24:39 - [MESSAGE][PASSED] - Object: 'Object Repository/Final Object Repo/Page_Form 1A - Cessation As Employer/Page_Form 1A - Cessation As Employer (Query -OTC -UO)/Document Type - Others' is clicked on

2018-12-11 11:24:39 - [TEST_STEP][PASSED] - delay: Delayed 2 second(s)

2018-12-11 11:24:41 - [MESSAGE][PASSED] - Delayed 2 second(s)

2018-12-11 11:24:41 - [TEST_STEP][PASSED] - sendKeys: Keys 'C:\Users\Public\Pictures\Sample Pictures\Koala.jpg' sent to object: 'Object Repository/Final Object Repo/Page_Form 1A - Cessation As Employer/Uploading File'

2018-12-11 11:24:41 - [MESSAGE][PASSED] - Keys 'C:\Users\Public\Pictures\Sample Pictures\Koala.jpg' sent to object: 'Object Repository/Final Object Repo/Page_Form 1A - Cessation As Employer/Uploading File'

2018-12-11 11:24:41 - [TEST_STEP][PASSED] - delay: Delayed 2 second(s)

2018-12-11 11:24:43 - [MESSAGE][PASSED] - Delayed 2 second(s)

2018-12-11 11:24:43 - [TEST_STEP][PASSED] - click: Object: 'Object Repository/Final Object Repo/Page_Form 1A - Cessation As Employer/Page_Form 1A - Cessation As Employer (Query -OTC -UO)/Add Document in Uploading Page' is clicked on

2018-12-11 11:24:43 - [MESSAGE][PASSED] - Object: 'Object Repository/Final Object Repo/Page_Form 1A - Cessation As Employer/Page_Form 1A - Cessation As Employer (Query -OTC -UO)/Add Document in Uploading Page' is clicked on

2018-12-11 11:24:43 - [TEST_STEP][PASSED] - delay: Delayed 4 second(s)

2018-12-11 11:24:47 - [MESSAGE][PASSED] - Delayed 4 second(s)

2018-12-11 11:24:47 - [TEST_STEP][PASSED] - click: Object: 'Object Repository/Final Object Repo/Page_Form 1A - Cessation As Employer/Page_Form 1A - Cessation As Employer (Query -OTC -UO)/Exit' is clicked on

2018-12-11 11:24:48 - [MESSAGE][PASSED] - Object: 'Object Repository/Final Object Repo/Page_Form 1A - Cessation As Employer/Page_Form 1A - Cessation As Employer (Query -OTC -UO)/Exit' is clicked on

2018-12-11 11:24:48 - [TEST_STEP][PASSED] - delay: Delayed 1 second(s)

2018-12-11 11:24:49 - [MESSAGE][PASSED] - Delayed 1 second(s)

2018-12-11 11:24:49 - [TEST_STEP][PASSED] - navigateToUrl: Navigate to 'https://assist2-uat.perkeso.gov.my/c/portal/logout' successfully

2018-12-11 11:24:50 - [MESSAGE][PASSED] - Navigate to 'https://assist2-uat.perkeso.gov.my/c/portal/logout' successfully

2018-12-11 11:24:50 - [TEST_STEP][PASSED] - delay: Delayed 1 second(s)

2018-12-11 11:24:51 - [MESSAGE][PASSED] - Delayed 1 second(s)

2018-12-11 11:24:51 - [TEST_STEP][PASSED] - callTestCase: Call Test Case 'Test Cases/Final Aug 2018 - PKS Automation/Registration Module/Workflow/Login and Search Case For Workflow' successfully

2018-12-11 11:24:51 - [TEST_CASE][PASSED] - Test Cases/Final Aug 2018 - PKS Automation/Registration Module/Workflow/Login and Search Case For Workflow: Test Cases/Final Aug 2018 - PKS Automation/Registration Module/Workflow/Login and Search Case For Workflow

2018-12-11 11:24:51 - [TEST_STEP][PASSED] - navigateToUrl: Navigate to 'https://assist2-uat.perkeso.gov.my/login' successfully

2018-12-11 11:24:51 - [MESSAGE][PASSED] - Navigate to 'https://assist2-uat.perkeso.gov.my/login' successfully

2018-12-11 11:24:51 - [TEST_STEP][PASSED] - setText: Text 'johoruo1@gmail.com' is set on object 'Object Repository/Final Object Repo/Login Page/Internal User/Email Address'

2018-12-11 11:24:52 - [MESSAGE][PASSED] - Text 'johoruo1@gmail.com' is set on object 'Object Repository/Final Object Repo/Login Page/Internal User/Email Address'

2018-12-11 11:24:52 - [TEST_STEP][PASSED] - click: Object: 'Object Repository/Final Object Repo/Login Page/Internal User/Next Button' is clicked on

2018-12-11 11:24:52 - [MESSAGE][PASSED] - Object: 'Object Repository/Final Object Repo/Login Page/Internal User/Next Button' is clicked on

2018-12-11 11:24:52 - [TEST_STEP][PASSED] - delay: Delayed 1 second(s)

2018-12-11 11:24:53 - [MESSAGE][PASSED] - Delayed 1 second(s)

2018-12-11 11:24:53 - [TEST_STEP][PASSED] - setEncryptedText: Text ****** has been set on object 'Object Repository/Final Object Repo/Login Page/Internal User/Password'

2018-12-11 11:24:53 - [MESSAGE][PASSED] - Text ****** has been set on object 'Object Repository/Final Object Repo/Login Page/Internal User/Password'

2018-12-11 11:24:53 - [TEST_STEP][PASSED] - click: Object: 'Object Repository/Final Object Repo/Login Page/Internal User/Login Button' is clicked on

2018-12-11 11:24:53 - [MESSAGE][PASSED] - Object: 'Object Repository/Final Object Repo/Login Page/Internal User/Login Button' is clicked on

2018-12-11 11:24:53 - [TEST_STEP][PASSED] - delay: Delayed 2 second(s)

2018-12-11 11:24:55 - [MESSAGE][PASSED] - Delayed 2 second(s)

2018-12-11 11:24:55 - [TEST_STEP][PASSED] - Statement - Try: Delayed 2 second(s)

2018-12-11 11:24:55 - [TEST_STEP][PASSED] - Statement - Checker = false: null

2018-12-11 11:24:55 - [TEST_STEP][PASSED] - Statement - Checker = com.kms.katalon.core.webui.keyword.WebUiBuiltInKeywords.verifyElementHasAttribute(com.kms.katalon.core.testobject.ObjectRepository.findTestObject(Final Object Repo/Landing Page/BM Detecting), "href", 20, OPTIONAL): Object 'Object Repository/Final Object Repo/Landing Page/BM Detecting' has attribute 'href'

2018-12-11 11:24:55 - [MESSAGE][PASSED] - Object 'Object Repository/Final Object Repo/Landing Page/BM Detecting' has attribute 'href'

2018-12-11 11:24:55 - [TEST_STEP][PASSED] - Statement - out.println(Checker): null

2018-12-11 11:24:55 - [TEST_STEP][PASSED] - Statement - If (Checker == false): null

2018-12-11 11:24:55 - [TEST_STEP][PASSED] - Statement - Else: null

2018-12-11 11:24:55 - [TEST_STEP][PASSED] - delay: Delayed 2 second(s)

2018-12-11 11:24:57 - [MESSAGE][PASSED] - Delayed 2 second(s)

2018-12-11 11:24:57 - [TEST_STEP][PASSED] - click: Object: 'Object Repository/Final Object Repo/Page_MyASSIST - ASSIST - Search Pending Case For Add Supporting Document/Search Information' is clicked on

2018-12-11 11:24:57 - [MESSAGE][PASSED] - Object: 'Object Repository/Final Object Repo/Page_MyASSIST - ASSIST - Search Pending Case For Add Supporting Document/Search Information' is clicked on

2018-12-11 11:24:57 - [TEST_STEP][PASSED] - delay: Delayed 3 second(s)

2018-12-11 11:25:00 - [MESSAGE][PASSED] - Delayed 3 second(s)

2018-12-11 11:25:00 - [TEST_STEP][PASSED] - sendKeys: Keys 'CUN122018C200001708' sent to object: 'Object Repository/Final Object Repo/Page_MyASSIST - ASSIST - Search Pending Case For Add Supporting Document/Reference No'

2018-12-11 11:25:01 - [MESSAGE][PASSED] - Keys 'CUN122018C200001708' sent to object: 'Object Repository/Final Object Repo/Page_MyASSIST - ASSIST - Search Pending Case For Add Supporting Document/Reference No'

2018-12-11 11:25:01 - [TEST_STEP][PASSED] - click: Object: 'Object Repository/Final Object Repo/Page_MyASSIST - ASSIST - Search Pending Case For Add Supporting Document/Search Reference No' is clicked on

2018-12-11 11:25:01 - [MESSAGE][PASSED] - Object: 'Object Repository/Final Object Repo/Page_MyASSIST - ASSIST - Search Pending Case For Add Supporting Document/Search Reference No' is clicked on

2018-12-11 11:25:01 - [TEST_STEP][PASSED] - delay: Delayed 2 second(s)

2018-12-11 11:25:03 - [MESSAGE][PASSED] - Delayed 2 second(s)

2018-12-11 11:25:03 - [TEST_STEP][PASSED] - click: Object: 'Object Repository/Final Object Repo/Page_MyASSIST - ASSIST - Search Pending Case For Add Supporting Document/Continue' is clicked on

2018-12-11 11:25:06 - [MESSAGE][PASSED] - Object: 'Object Repository/Final Object Repo/Page_MyASSIST - ASSIST - Search Pending Case For Add Supporting Document/Continue' is clicked on

2018-12-11 11:25:06 - [TEST_STEP][PASSED] - delay: Delayed 20 second(s)

2018-12-11 11:25:26 - [MESSAGE][PASSED] - Delayed 20 second(s)

2018-12-11 11:25:26 - [MESSAGE][PASSED] - Call Test Case 'Test Cases/Final Aug 2018 - PKS Automation/Registration Module/Workflow/Login and Search Case For Workflow' successfully

2018-12-11 11:25:26 - [TEST_STEP][PASSED] - click: Object: 'Object Repository/Final Object Repo/Page_Form 1A - Cessation As Employer/Page_Form 1A - Cessation As Employer (Approve)/Save  Continue in Form 1A Page' is clicked on

2018-12-11 11:25:26 - [MESSAGE][PASSED] - Object: 'Object Repository/Final Object Repo/Page_Form 1A - Cessation As Employer/Page_Form 1A - Cessation As Employer (Approve)/Save  Continue in Form 1A Page' is clicked on

2018-12-11 11:25:26 - [TEST_STEP][PASSED] - delay: Delayed 3 second(s)

2018-12-11 11:25:29 - [MESSAGE][PASSED] - Delayed 3 second(s)

2018-12-11 11:25:29 - [TEST_STEP][PASSED] - click: Object: 'Object Repository/Final Object Repo/Page_Form 1A - Cessation As Employer/Page_Form 1A - Cessation As Employer (Approve)/Save  Continue in Update Add Employee Resigned Date Page' is clicked on

2018-12-11 11:25:30 - [MESSAGE][PASSED] - Object: 'Object Repository/Final Object Repo/Page_Form 1A - Cessation As Employer/Page_Form 1A - Cessation As Employer (Approve)/Save  Continue in Update Add Employee Resigned Date Page' is clicked on

2018-12-11 11:25:30 - [TEST_STEP][PASSED] - delay: Delayed 3 second(s)

2018-12-11 11:25:33 - [MESSAGE][PASSED] - Delayed 3 second(s)

2018-12-11 11:25:33 - [TEST_STEP][PASSED] - click: Object: 'Object Repository/Final Object Repo/Page_Form 1A - Cessation As Employer/Page_Form 1A - Cessation As Employer (Approve)/Save  Contine in Uploading Document Page' is clicked on

2018-12-11 11:25:33 - [MESSAGE][PASSED] - Object: 'Object Repository/Final Object Repo/Page_Form 1A - Cessation As Employer/Page_Form 1A - Cessation As Employer (Approve)/Save  Contine in Uploading Document Page' is clicked on

2018-12-11 11:25:33 - [TEST_STEP][PASSED] - delay: Delayed 3 second(s)

2018-12-11 11:25:36 - [MESSAGE][PASSED] - Delayed 3 second(s)

2018-12-11 11:25:36 - [TEST_STEP][PASSED] - click: Object: 'Object Repository/Final Object Repo/Page_Form 1A - Cessation As Employer/Page_Form 1A - Cessation As Employer (Approve)/Approve' is clicked on

2018-12-11 11:25:38 - [MESSAGE][PASSED] - Object: 'Object Repository/Final Object Repo/Page_Form 1A - Cessation As Employer/Page_Form 1A - Cessation As Employer (Approve)/Approve' is clicked on

2018-12-11 11:25:38 - [TEST_STEP][PASSED] - delay: Delayed 2 second(s)

2018-12-11 11:25:40 - [MESSAGE][PASSED] - Delayed 2 second(s)

2018-12-11 11:25:40 - [TEST_STEP][PASSED] - click: Object: 'Object Repository/Final Object Repo/Page_Form 1A - Cessation As Employer/Confirm' is clicked on

2018-12-11 11:25:40 - [MESSAGE][PASSED] - Object: 'Object Repository/Final Object Repo/Page_Form 1A - Cessation As Employer/Confirm' is clicked on

2018-12-11 11:25:40 - [TEST_STEP][PASSED] - delay: Delayed 2 second(s)

2018-12-11 11:25:42 - [MESSAGE][PASSED] - Delayed 2 second(s)

2018-12-11 11:25:42 - [TEST_STEP][PASSED] - click: Object: 'Object Repository/Final Object Repo/Page_Form 1A - Cessation As Employer/Page_Form 1A - Cessation As Employer (Approve)/Message Your Request    Form 1A ' is clicked on

2018-12-11 11:25:50 - [MESSAGE][PASSED] - Object: 'Object Repository/Final Object Repo/Page_Form 1A - Cessation As Employer/Page_Form 1A - Cessation As Employer (Approve)/Message Your Request    Form 1A ' is clicked on

2018-12-11 11:25:50 - [TEST_STEP][PASSED] - delay: Delayed 2 second(s)

2018-12-11 11:25:52 - [MESSAGE][PASSED] - Delayed 2 second(s)

2018-12-11 11:25:52 - [TEST_STEP][PASSED] - click: Object: 'Object Repository/Final Object Repo/Page_Form 1A - Cessation As Employer/Page_Form 1A - Cessation As Employer (Approve)/Letter of successful update' is clicked on

2018-12-11 11:25:53 - [MESSAGE][PASSED] - Object: 'Object Repository/Final Object Repo/Page_Form 1A - Cessation As Employer/Page_Form 1A - Cessation As Employer (Approve)/Letter of successful update' is clicked on

2018-12-11 11:25:53 - [MESSAGE][PASSED] - Call Test Case 'Test Cases/Final Aug 2018 - PKS Automation/Registration Module/Workflow/Form 1A - Cessation As Employer/Template/Form 1 A - Cessation As Employer (Query)' successfully]]></system-out>
         <system-err><![CDATA[]]></system-err>
      </testcase>
      <testcase name="Test Cases/Final Aug 2018 - PKS Automation/Registration Module/Workflow/Form 1A - Cessation As Employer/Employer to UO (Reject)" classname="Test Cases/Final Aug 2018 - PKS Automation/Registration Module/Workflow/Form 1A - Cessation As Employer/Employer to UO (Reject)" status="PASSED">
         <system-out><![CDATA[2018-12-11 11:25:53 - [TEST_CASE][PASSED] - Test Cases/Final Aug 2018 - PKS Automation/Registration Module/Workflow/Form 1A - Cessation As Employer/Employer to UO (Reject): Test Cases/Final Aug 2018 - PKS Automation/Registration Module/Workflow/Form 1A - Cessation As Employer/Employer to UO (Reject)

2018-12-11 11:25:54 - [TEST_STEP][PASSED] - callTestCase: Call Test Case 'Test Cases/Final Aug 2018 - PKS Automation/Registration Module/Workflow/Form 1A - Cessation As Employer/Template/Form 1 A - Cessation As Employer (Employer)' successfully

2018-12-11 11:25:54 - [TEST_CASE][PASSED] - Test Cases/Final Aug 2018 - PKS Automation/Registration Module/Workflow/Form 1A - Cessation As Employer/Template/Form 1 A - Cessation As Employer (Employer): Test Cases/Final Aug 2018 - PKS Automation/Registration Module/Workflow/Form 1A - Cessation As Employer/Template/Form 1 A - Cessation As Employer (Employer)

2018-12-11 11:25:54 - [TEST_STEP][PASSED] - callTestCase: Call Test Case 'Test Cases/Final Aug 2018 - PKS Automation/Registration Module/Workflow/Update Add New Employee/Template/New Company for Update Add New - Employer' successfully

2018-12-11 11:25:54 - [TEST_CASE][PASSED] - Test Cases/Final Aug 2018 - PKS Automation/Registration Module/Workflow/Update Add New Employee/Template/New Company for Update Add New - Employer: Test Cases/Final Aug 2018 - PKS Automation/Registration Module/Workflow/Update Add New Employee/Template/New Company for Update Add New - Employer

2018-12-11 11:25:54 - [TEST_STEP][PASSED] - callTestCase: Call Test Case 'Test Cases/Final Aug 2018 - PKS Automation/Create Employer Acc/Create Employer Account' successfully

2018-12-11 11:25:54 - [TEST_CASE][PASSED] - Test Cases/Final Aug 2018 - PKS Automation/Create Employer Acc/Create Employer Account: Test Cases/Final Aug 2018 - PKS Automation/Create Employer Acc/Create Employer Account

2018-12-11 11:25:54 - [TEST_STEP][PASSED] - callTestCase: Call Test Case 'Test Cases/Final Aug 2018 - PKS Automation/Create Employer Acc/Template/Register Employer' successfully

2018-12-11 11:25:54 - [TEST_CASE][PASSED] - Test Cases/Final Aug 2018 - PKS Automation/Create Employer Acc/Template/Register Employer: Test Cases/Final Aug 2018 - PKS Automation/Create Employer Acc/Template/Register Employer

2018-12-11 11:25:54 - [TEST_STEP][PASSED] - openBrowser: Browser is opened with url: ''

2018-12-11 11:25:54 - [MESSAGE][WARNING] - A browser is already opened. Closing browser and opening a new one

2018-12-11 11:25:57 - [MESSAGE][PASSED] - Browser is opened with url: ''

2018-12-11 11:25:57 - [TEST_STEP][PASSED] - navigateToUrl: Navigate to 'https://assist2-uat.perkeso.gov.my/login' successfully

2018-12-11 11:25:58 - [MESSAGE][PASSED] - Navigate to 'https://assist2-uat.perkeso.gov.my/login' successfully

2018-12-11 11:25:58 - [TEST_STEP][PASSED] - setText: Text 'johorotc1@gmail.com' is set on object 'Object Repository/Final Object Repo/Login Page/Internal User/Email Address'

2018-12-11 11:25:59 - [MESSAGE][PASSED] - Text 'johorotc1@gmail.com' is set on object 'Object Repository/Final Object Repo/Login Page/Internal User/Email Address'

2018-12-11 11:25:59 - [TEST_STEP][PASSED] - click: Object: 'Object Repository/Final Object Repo/Login Page/Internal User/Next Button' is clicked on

2018-12-11 11:25:59 - [MESSAGE][PASSED] - Object: 'Object Repository/Final Object Repo/Login Page/Internal User/Next Button' is clicked on

2018-12-11 11:25:59 - [TEST_STEP][PASSED] - delay: Delayed 1 second(s)

2018-12-11 11:26:00 - [MESSAGE][PASSED] - Delayed 1 second(s)

2018-12-11 11:26:00 - [TEST_STEP][PASSED] - setEncryptedText: Text ****** has been set on object 'Object Repository/Final Object Repo/Login Page/Internal User/Password'

2018-12-11 11:26:00 - [MESSAGE][PASSED] - Text ****** has been set on object 'Object Repository/Final Object Repo/Login Page/Internal User/Password'

2018-12-11 11:26:00 - [TEST_STEP][PASSED] - click: Object: 'Object Repository/Final Object Repo/Login Page/Internal User/Login Button' is clicked on

2018-12-11 11:26:00 - [MESSAGE][PASSED] - Object: 'Object Repository/Final Object Repo/Login Page/Internal User/Login Button' is clicked on

2018-12-11 11:26:00 - [TEST_STEP][PASSED] - delay: Delayed 1 second(s)

2018-12-11 11:26:01 - [MESSAGE][PASSED] - Delayed 1 second(s)

2018-12-11 11:26:01 - [TEST_STEP][PASSED] - navigateToUrl: Navigate to 'https://assist2-uat.perkeso.gov.my/web/base/portal-id/registration' successfully

2018-12-11 11:26:03 - [MESSAGE][PASSED] - Navigate to 'https://assist2-uat.perkeso.gov.my/web/base/portal-id/registration' successfully

2018-12-11 11:26:03 - [TEST_STEP][PASSED] - setText: Text 'AUTOMATION EMPLOYER' is set on object 'Object Repository/Final Object Repo/Creating Employer Account/Page_Registration - ASSIST (Base)/Employer Name'

2018-12-11 11:26:04 - [MESSAGE][PASSED] - Text 'AUTOMATION EMPLOYER' is set on object 'Object Repository/Final Object Repo/Creating Employer Account/Page_Registration - ASSIST (Base)/Employer Name'

2018-12-11 11:26:04 - [TEST_STEP][PASSED] - delay: Delayed 2 second(s)

2018-12-11 11:26:06 - [MESSAGE][PASSED] - Delayed 2 second(s)

2018-12-11 11:26:06 - [TEST_STEP][PASSED] - click: Object: 'Object Repository/Final Object Repo/Creating Employer Account/Page_Registration - ASSIST (Base)/Registration Type' is clicked on

2018-12-11 11:26:06 - [MESSAGE][PASSED] - Object: 'Object Repository/Final Object Repo/Creating Employer Account/Page_Registration - ASSIST (Base)/Registration Type' is clicked on

2018-12-11 11:26:06 - [TEST_STEP][PASSED] - delay: Delayed 2 second(s)

2018-12-11 11:26:08 - [MESSAGE][PASSED] - Delayed 2 second(s)

2018-12-11 11:26:08 - [TEST_STEP][PASSED] - click: Object: 'Object Repository/Final Object Repo/Creating Employer Account/Page_Registration - ASSIST (Base)/Registration Type - Registration No' is clicked on

2018-12-11 11:26:08 - [MESSAGE][PASSED] - Object: 'Object Repository/Final Object Repo/Creating Employer Account/Page_Registration - ASSIST (Base)/Registration Type - Registration No' is clicked on

2018-12-11 11:26:08 - [TEST_STEP][PASSED] - delay: Delayed 2 second(s)

2018-12-11 11:26:10 - [MESSAGE][PASSED] - Delayed 2 second(s)

2018-12-11 11:26:10 - [TEST_STEP][PASSED] - setText: Text 'AUTOMATE001' is set on object 'Object Repository/Final Object Repo/Creating Employer Account/Page_Registration - ASSIST (Base)/Registration Number'

2018-12-11 11:26:11 - [MESSAGE][PASSED] - Text 'AUTOMATE001' is set on object 'Object Repository/Final Object Repo/Creating Employer Account/Page_Registration - ASSIST (Base)/Registration Number'

2018-12-11 11:26:11 - [TEST_STEP][PASSED] - delay: Delayed 2 second(s)

2018-12-11 11:26:13 - [MESSAGE][PASSED] - Delayed 2 second(s)

2018-12-11 11:26:13 - [TEST_STEP][PASSED] - setText: Text 'ADDRESS 1' is set on object 'Object Repository/Final Object Repo/Creating Employer Account/Page_Registration - ASSIST (Base)/Postal Address 1'

2018-12-11 11:26:13 - [MESSAGE][PASSED] - Text 'ADDRESS 1' is set on object 'Object Repository/Final Object Repo/Creating Employer Account/Page_Registration - ASSIST (Base)/Postal Address 1'

2018-12-11 11:26:13 - [TEST_STEP][PASSED] - setText: Text 'ADDRESS 2' is set on object 'Object Repository/Final Object Repo/Creating Employer Account/Page_Registration - ASSIST (Base)/Postal Address 2'

2018-12-11 11:26:13 - [MESSAGE][PASSED] - Text 'ADDRESS 2' is set on object 'Object Repository/Final Object Repo/Creating Employer Account/Page_Registration - ASSIST (Base)/Postal Address 2'

2018-12-11 11:26:13 - [TEST_STEP][PASSED] - click: Object: 'Object Repository/Final Object Repo/Creating Employer Account/Page_Registration - ASSIST (Base)/State' is clicked on

2018-12-11 11:26:13 - [MESSAGE][PASSED] - Object: 'Object Repository/Final Object Repo/Creating Employer Account/Page_Registration - ASSIST (Base)/State' is clicked on

2018-12-11 11:26:13 - [TEST_STEP][PASSED] - delay: Delayed 2 second(s)

2018-12-11 11:26:15 - [MESSAGE][PASSED] - Delayed 2 second(s)

2018-12-11 11:26:15 - [TEST_STEP][PASSED] - click: Object: 'Object Repository/Final Object Repo/Creating Employer Account/Page_Registration - ASSIST (Base)/State - Johor' is clicked on

2018-12-11 11:26:16 - [MESSAGE][PASSED] - Object: 'Object Repository/Final Object Repo/Creating Employer Account/Page_Registration - ASSIST (Base)/State - Johor' is clicked on

2018-12-11 11:26:16 - [TEST_STEP][PASSED] - delay: Delayed 2 second(s)

2018-12-11 11:26:18 - [MESSAGE][PASSED] - Delayed 2 second(s)

2018-12-11 11:26:18 - [TEST_STEP][PASSED] - click: Object: 'Object Repository/Final Object Repo/Creating Employer Account/Page_Registration - ASSIST (Base)/City' is clicked on

2018-12-11 11:26:18 - [MESSAGE][PASSED] - Object: 'Object Repository/Final Object Repo/Creating Employer Account/Page_Registration - ASSIST (Base)/City' is clicked on

2018-12-11 11:26:18 - [TEST_STEP][PASSED] - delay: Delayed 2 second(s)

2018-12-11 11:26:20 - [MESSAGE][PASSED] - Delayed 2 second(s)

2018-12-11 11:26:20 - [TEST_STEP][PASSED] - setText: Text 'joh' is set on object 'Object Repository/Final Object Repo/Creating Employer Account/Page_Registration - ASSIST (Base)/City - joh'

2018-12-11 11:26:20 - [MESSAGE][PASSED] - Text 'joh' is set on object 'Object Repository/Final Object Repo/Creating Employer Account/Page_Registration - ASSIST (Base)/City - joh'

2018-12-11 11:26:20 - [TEST_STEP][PASSED] - delay: Delayed 2 second(s)

2018-12-11 11:26:22 - [MESSAGE][PASSED] - Delayed 2 second(s)

2018-12-11 11:26:22 - [TEST_STEP][PASSED] - click: Object: 'Object Repository/Final Object Repo/Creating Employer Account/Page_Registration - ASSIST (Base)/City - Johor Bharu' is clicked on

2018-12-11 11:26:22 - [MESSAGE][PASSED] - Object: 'Object Repository/Final Object Repo/Creating Employer Account/Page_Registration - ASSIST (Base)/City - Johor Bharu' is clicked on

2018-12-11 11:26:22 - [TEST_STEP][PASSED] - delay: Delayed 2 second(s)

2018-12-11 11:26:24 - [MESSAGE][PASSED] - Delayed 2 second(s)

2018-12-11 11:26:24 - [TEST_STEP][PASSED] - click: Object: 'Object Repository/Final Object Repo/Creating Employer Account/Page_Registration - ASSIST (Base)/Post Code' is clicked on

2018-12-11 11:26:24 - [MESSAGE][PASSED] - Object: 'Object Repository/Final Object Repo/Creating Employer Account/Page_Registration - ASSIST (Base)/Post Code' is clicked on

2018-12-11 11:26:24 - [TEST_STEP][PASSED] - delay: Delayed 2 second(s)

2018-12-11 11:26:26 - [MESSAGE][PASSED] - Delayed 2 second(s)

2018-12-11 11:26:26 - [TEST_STEP][PASSED] - setText: Text '810' is set on object 'Object Repository/Final Object Repo/Creating Employer Account/Page_Registration - ASSIST (Base)/Post Code - 810'

2018-12-11 11:26:27 - [MESSAGE][PASSED] - Text '810' is set on object 'Object Repository/Final Object Repo/Creating Employer Account/Page_Registration - ASSIST (Base)/Post Code - 810'

2018-12-11 11:26:27 - [TEST_STEP][PASSED] - delay: Delayed 2 second(s)

2018-12-11 11:26:29 - [MESSAGE][PASSED] - Delayed 2 second(s)

2018-12-11 11:26:29 - [TEST_STEP][PASSED] - click: Object: 'Object Repository/Final Object Repo/Creating Employer Account/Page_Registration - ASSIST (Base)/Post Code - 81000' is clicked on

2018-12-11 11:26:29 - [MESSAGE][PASSED] - Object: 'Object Repository/Final Object Repo/Creating Employer Account/Page_Registration - ASSIST (Base)/Post Code - 81000' is clicked on

2018-12-11 11:26:29 - [TEST_STEP][PASSED] - delay: Delayed 2 second(s)

2018-12-11 11:26:31 - [MESSAGE][PASSED] - Delayed 2 second(s)

2018-12-11 11:26:31 - [TEST_STEP][PASSED] - setText: Text 'PERKESO' is set on object 'Object Repository/Final Object Repo/Creating Employer Account/Page_Registration - ASSIST (Base)/Full Name'

2018-12-11 11:26:31 - [MESSAGE][PASSED] - Text 'PERKESO' is set on object 'Object Repository/Final Object Repo/Creating Employer Account/Page_Registration - ASSIST (Base)/Full Name'

2018-12-11 11:26:31 - [TEST_STEP][PASSED] - Statement - rnd = new java.util.Random(): null

2018-12-11 11:26:31 - [TEST_STEP][PASSED] - Statement - snum = rnd.nextInt(899999 + 1) + 100000: null

2018-12-11 11:26:31 - [TEST_STEP][PASSED] - Statement - tnum = rnd.nextInt(899999 + 1) + 100000: null

2018-12-11 11:26:31 - [TEST_STEP][PASSED] - Statement - IC = java.lang.Integer.toString(snum) + java.lang.Integer.toString(tnum): null

2018-12-11 11:26:31 - [TEST_STEP][PASSED] - Statement - out.println(IC): null

2018-12-11 11:26:31 - [TEST_STEP][PASSED] - setText: Text '646576822255' is set on object 'Object Repository/Final Object Repo/Creating Employer Account/Page_Registration - ASSIST (Base)/Identification Number'

2018-12-11 11:26:31 - [MESSAGE][PASSED] - Text '646576822255' is set on object 'Object Repository/Final Object Repo/Creating Employer Account/Page_Registration - ASSIST (Base)/Identification Number'

2018-12-11 11:26:31 - [TEST_STEP][PASSED] - delay: Delayed 2 second(s)

2018-12-11 11:26:33 - [MESSAGE][PASSED] - Delayed 2 second(s)

2018-12-11 11:26:33 - [TEST_STEP][PASSED] - setText: Text '123456789012' is set on object 'Object Repository/Final Object Repo/Creating Employer Account/Page_Registration - ASSIST (Base)/Contact Number'

2018-12-11 11:26:34 - [MESSAGE][PASSED] - Text '123456789012' is set on object 'Object Repository/Final Object Repo/Creating Employer Account/Page_Registration - ASSIST (Base)/Contact Number'

2018-12-11 11:26:34 - [TEST_STEP][PASSED] - Statement - Email = "perkeso" + IC + "@gmail.com": null

2018-12-11 11:26:34 - [TEST_STEP][PASSED] - delay: Delayed 2 second(s)

2018-12-11 11:26:36 - [MESSAGE][PASSED] - Delayed 2 second(s)

2018-12-11 11:26:36 - [TEST_STEP][PASSED] - callTestCase: Call Test Case 'Test Cases/Final Aug 2018 - PKS Automation/Create Employer Acc/Template/Employer Email Settler' successfully

2018-12-11 11:26:36 - [TEST_CASE][PASSED] - Test Cases/Final Aug 2018 - PKS Automation/Create Employer Acc/Template/Employer Email Settler: Test Cases/Final Aug 2018 - PKS Automation/Create Employer Acc/Template/Employer Email Settler

2018-12-11 11:26:36 - [TEST_STEP][PASSED] - Statement - EmpEmailOld = new java.io.File(C://Users//Admin//Desktop//PKS//Automation Reference Point//EmpEmail.txt): null

2018-12-11 11:26:36 - [TEST_STEP][PASSED] - Statement - EmpEmailOld.delete(): null

2018-12-11 11:26:36 - [TEST_STEP][PASSED] - delay: Delayed 5 second(s)

2018-12-11 11:26:41 - [MESSAGE][PASSED] - Delayed 5 second(s)

2018-12-11 11:26:41 - [TEST_STEP][PASSED] - Statement - EmpEmail = new java.io.File(C://Users//Admin//Desktop//PKS//Automation Reference Point//EmpEmail.txt): null

2018-12-11 11:26:41 - [TEST_STEP][PASSED] - Statement - f2 = new java.io.FileWriter(EmpEmail, false): null

2018-12-11 11:26:41 - [TEST_STEP][PASSED] - Statement - f2.write(Email): null

2018-12-11 11:26:41 - [TEST_STEP][PASSED] - Statement - f2.close(): null

2018-12-11 11:26:41 - [TEST_STEP][PASSED] - Statement - out.println(Email): null

2018-12-11 11:26:41 - [MESSAGE][PASSED] - Call Test Case 'Test Cases/Final Aug 2018 - PKS Automation/Create Employer Acc/Template/Employer Email Settler' successfully

2018-12-11 11:26:41 - [TEST_STEP][PASSED] - delay: Delayed 2 second(s)

2018-12-11 11:26:43 - [MESSAGE][PASSED] - Delayed 2 second(s)

2018-12-11 11:26:43 - [TEST_STEP][PASSED] - setText: Text 'perkeso646576822255@gmail.com' is set on object 'Object Repository/Final Object Repo/Creating Employer Account/Page_Registration - ASSIST (Base)/Email'

2018-12-11 11:26:43 - [MESSAGE][PASSED] - Text 'perkeso646576822255@gmail.com' is set on object 'Object Repository/Final Object Repo/Creating Employer Account/Page_Registration - ASSIST (Base)/Email'

2018-12-11 11:26:43 - [TEST_STEP][PASSED] - setText: Text '123' is set on object 'Object Repository/Final Object Repo/Creating Employer Account/Page_Registration - ASSIST (Base)/Security Phase'

2018-12-11 11:26:44 - [MESSAGE][PASSED] - Text '123' is set on object 'Object Repository/Final Object Repo/Creating Employer Account/Page_Registration - ASSIST (Base)/Security Phase'

2018-12-11 11:26:44 - [TEST_STEP][PASSED] - click: Object: 'Object Repository/Final Object Repo/Creating Employer Account/Page_Registration - ASSIST (Base)/Save  Continue' is clicked on

2018-12-11 11:26:44 - [MESSAGE][PASSED] - Object: 'Object Repository/Final Object Repo/Creating Employer Account/Page_Registration - ASSIST (Base)/Save  Continue' is clicked on

2018-12-11 11:26:44 - [TEST_STEP][PASSED] - delay: Delayed 2 second(s)

2018-12-11 11:26:46 - [MESSAGE][PASSED] - Delayed 2 second(s)

2018-12-11 11:26:46 - [TEST_STEP][PASSED] - click: Object: 'Object Repository/Final Object Repo/Creating Employer Account/Page_Registration - ASSIST (Base)/Add Document' is clicked on

2018-12-11 11:26:46 - [MESSAGE][PASSED] - Object: 'Object Repository/Final Object Repo/Creating Employer Account/Page_Registration - ASSIST (Base)/Add Document' is clicked on

2018-12-11 11:26:46 - [TEST_STEP][PASSED] - delay: Delayed 2 second(s)

2018-12-11 11:26:48 - [MESSAGE][PASSED] - Delayed 2 second(s)

2018-12-11 11:26:48 - [TEST_STEP][PASSED] - click: Object: 'Object Repository/Final Object Repo/Creating Employer Account/Page_Registration - ASSIST (Base)/Document Type' is clicked on

2018-12-11 11:26:48 - [MESSAGE][PASSED] - Object: 'Object Repository/Final Object Repo/Creating Employer Account/Page_Registration - ASSIST (Base)/Document Type' is clicked on

2018-12-11 11:26:48 - [TEST_STEP][PASSED] - delay: Delayed 2 second(s)

2018-12-11 11:26:50 - [MESSAGE][PASSED] - Delayed 2 second(s)

2018-12-11 11:26:50 - [TEST_STEP][PASSED] - click: Object: 'Object Repository/Final Object Repo/Creating Employer Account/Page_Registration - ASSIST (Base)/Document Type - Letter of Authorization' is clicked on

2018-12-11 11:26:50 - [MESSAGE][PASSED] - Object: 'Object Repository/Final Object Repo/Creating Employer Account/Page_Registration - ASSIST (Base)/Document Type - Letter of Authorization' is clicked on

2018-12-11 11:26:50 - [TEST_STEP][PASSED] - delay: Delayed 2 second(s)

2018-12-11 11:26:52 - [MESSAGE][PASSED] - Delayed 2 second(s)

2018-12-11 11:26:52 - [TEST_STEP][PASSED] - sendKeys: Keys 'C:\Users\Public\Pictures\Sample Pictures\Koala.jpg' sent to object: 'Object Repository/Final Object Repo/Creating Employer Account/Page_Registration - ASSIST (Base)/Uploading File'

2018-12-11 11:26:52 - [MESSAGE][PASSED] - Keys 'C:\Users\Public\Pictures\Sample Pictures\Koala.jpg' sent to object: 'Object Repository/Final Object Repo/Creating Employer Account/Page_Registration - ASSIST (Base)/Uploading File'

2018-12-11 11:26:52 - [TEST_STEP][PASSED] - delay: Delayed 2 second(s)

2018-12-11 11:26:54 - [MESSAGE][PASSED] - Delayed 2 second(s)

2018-12-11 11:26:54 - [TEST_STEP][PASSED] - click: Object: 'Object Repository/Final Object Repo/Creating Employer Account/Page_Registration - ASSIST (Base)/Add Document in Uploading File' is clicked on

2018-12-11 11:26:55 - [MESSAGE][PASSED] - Object: 'Object Repository/Final Object Repo/Creating Employer Account/Page_Registration - ASSIST (Base)/Add Document in Uploading File' is clicked on

2018-12-11 11:26:55 - [TEST_STEP][PASSED] - delay: Delayed 2 second(s)

2018-12-11 11:26:57 - [MESSAGE][PASSED] - Delayed 2 second(s)

2018-12-11 11:26:57 - [TEST_STEP][PASSED] - click: Object: 'Object Repository/Final Object Repo/Creating Employer Account/Page_Registration - ASSIST (Base)/Save' is clicked on

2018-12-11 11:26:57 - [MESSAGE][PASSED] - Object: 'Object Repository/Final Object Repo/Creating Employer Account/Page_Registration - ASSIST (Base)/Save' is clicked on

2018-12-11 11:26:57 - [TEST_STEP][PASSED] - delay: Delayed 2 second(s)

2018-12-11 11:26:59 - [MESSAGE][PASSED] - Delayed 2 second(s)

2018-12-11 11:26:59 - [TEST_STEP][PASSED] - click: Object: 'Object Repository/Final Object Repo/Creating Employer Account/Page_Registration - ASSIST (Base)/Submit' is clicked on

2018-12-11 11:26:59 - [MESSAGE][PASSED] - Object: 'Object Repository/Final Object Repo/Creating Employer Account/Page_Registration - ASSIST (Base)/Submit' is clicked on

2018-12-11 11:26:59 - [TEST_STEP][PASSED] - delay: Delayed 2 second(s)

2018-12-11 11:27:01 - [MESSAGE][PASSED] - Delayed 2 second(s)

2018-12-11 11:27:01 - [TEST_STEP][PASSED] - click: Object: 'Object Repository/Final Object Repo/Creating Employer Account/Page_Registration - ASSIST (Base)/Confirm' is clicked on

2018-12-11 11:27:01 - [MESSAGE][PASSED] - Object: 'Object Repository/Final Object Repo/Creating Employer Account/Page_Registration - ASSIST (Base)/Confirm' is clicked on

2018-12-11 11:27:01 - [MESSAGE][PASSED] - Call Test Case 'Test Cases/Final Aug 2018 - PKS Automation/Create Employer Acc/Template/Register Employer' successfully

2018-12-11 11:27:01 - [TEST_STEP][PASSED] - delay: Delayed 1 second(s)

2018-12-11 11:27:02 - [MESSAGE][PASSED] - Delayed 1 second(s)

2018-12-11 11:27:02 - [TEST_STEP][PASSED] - navigateToUrl: Navigate to 'https://assist2-uat.perkeso.gov.my/c/portal/logout' successfully

2018-12-11 11:27:04 - [MESSAGE][PASSED] - Navigate to 'https://assist2-uat.perkeso.gov.my/c/portal/logout' successfully

2018-12-11 11:27:04 - [TEST_STEP][PASSED] - delay: Delayed 1 second(s)

2018-12-11 11:27:05 - [MESSAGE][PASSED] - Delayed 1 second(s)

2018-12-11 11:27:05 - [TEST_STEP][PASSED] - callTestCase: Call Test Case 'Test Cases/Final Aug 2018 - PKS Automation/Create Employer Acc/Template/Change Password of Employer' successfully

2018-12-11 11:27:05 - [TEST_CASE][PASSED] - Test Cases/Final Aug 2018 - PKS Automation/Create Employer Acc/Template/Change Password of Employer: Test Cases/Final Aug 2018 - PKS Automation/Create Employer Acc/Template/Change Password of Employer

2018-12-11 11:27:05 - [TEST_STEP][PASSED] - openBrowser: Browser is opened with url: ''

2018-12-11 11:27:05 - [MESSAGE][WARNING] - A browser is already opened. Closing browser and opening a new one

2018-12-11 11:27:08 - [MESSAGE][PASSED] - Browser is opened with url: ''

2018-12-11 11:27:08 - [TEST_STEP][PASSED] - navigateToUrl: Navigate to 'https://assist2-uat.perkeso.gov.my/login' successfully

2018-12-11 11:27:09 - [MESSAGE][PASSED] - Navigate to 'https://assist2-uat.perkeso.gov.my/login' successfully

2018-12-11 11:27:09 - [TEST_STEP][PASSED] - delay: Delayed 5 second(s)

2018-12-11 11:27:14 - [MESSAGE][PASSED] - Delayed 5 second(s)

2018-12-11 11:27:14 - [TEST_STEP][PASSED] - setText: Text 'test@liferay.com' is set on object 'Object Repository/Final Object Repo/Login Page/Internal User/Email Address'

2018-12-11 11:27:14 - [MESSAGE][PASSED] - Text 'test@liferay.com' is set on object 'Object Repository/Final Object Repo/Login Page/Internal User/Email Address'

2018-12-11 11:27:14 - [TEST_STEP][PASSED] - click: Object: 'Object Repository/Final Object Repo/Login Page/Internal User/Next Button' is clicked on

2018-12-11 11:27:15 - [MESSAGE][PASSED] - Object: 'Object Repository/Final Object Repo/Login Page/Internal User/Next Button' is clicked on

2018-12-11 11:27:15 - [TEST_STEP][PASSED] - delay: Delayed 2 second(s)

2018-12-11 11:27:17 - [MESSAGE][PASSED] - Delayed 2 second(s)

2018-12-11 11:27:17 - [TEST_STEP][PASSED] - setText: Text 'test' is set on object 'Object Repository/Final Object Repo/Login Page/Internal User/Password'

2018-12-11 11:27:17 - [MESSAGE][PASSED] - Text 'test' is set on object 'Object Repository/Final Object Repo/Login Page/Internal User/Password'

2018-12-11 11:27:17 - [TEST_STEP][PASSED] - delay: Delayed 2 second(s)

2018-12-11 11:27:19 - [MESSAGE][PASSED] - Delayed 2 second(s)

2018-12-11 11:27:19 - [TEST_STEP][PASSED] - click: Object: 'Object Repository/Final Object Repo/Login Page/Internal User/Login Button' is clicked on

2018-12-11 11:27:19 - [MESSAGE][PASSED] - Object: 'Object Repository/Final Object Repo/Login Page/Internal User/Login Button' is clicked on

2018-12-11 11:27:19 - [TEST_STEP][PASSED] - delay: Delayed 3 second(s)

2018-12-11 11:27:22 - [MESSAGE][PASSED] - Delayed 3 second(s)

2018-12-11 11:27:22 - [TEST_STEP][PASSED] - navigateToUrl: Navigate to 'https://assist2-uat.perkeso.gov.my/group/control_panel/manage?p_p_id=125&p_p_lifecycle=0&p_p_state=maximized&p_p_mode=view&refererPlid=20455&_125_usersListView=flat-users&_125_toolbarItem=view-all-users&_125_saveUsersListView=true&_125_struts_action=%2Fusers_admin%2Fview' successfully

2018-12-11 11:27:23 - [MESSAGE][PASSED] - Navigate to 'https://assist2-uat.perkeso.gov.my/group/control_panel/manage?p_p_id=125&p_p_lifecycle=0&p_p_state=maximized&p_p_mode=view&refererPlid=20455&_125_usersListView=flat-users&_125_toolbarItem=view-all-users&_125_saveUsersListView=true&_125_struts_action=%2Fusers_admin%2Fview' successfully

2018-12-11 11:27:23 - [TEST_STEP][PASSED] - delay: Delayed 3 second(s)

2018-12-11 11:27:26 - [MESSAGE][PASSED] - Delayed 3 second(s)

2018-12-11 11:27:26 - [TEST_STEP][PASSED] - setText: Text 'perkeso646576822255@gmail.com' is set on object 'Object Repository/Final Object Repo/Creating Employer Account/Page_Users and Organizations - ASSIST/Employer name'

2018-12-11 11:27:27 - [MESSAGE][PASSED] - Text 'perkeso646576822255@gmail.com' is set on object 'Object Repository/Final Object Repo/Creating Employer Account/Page_Users and Organizations - ASSIST/Employer name'

2018-12-11 11:27:27 - [TEST_STEP][PASSED] - delay: Delayed 3 second(s)

2018-12-11 11:27:30 - [MESSAGE][PASSED] - Delayed 3 second(s)

2018-12-11 11:27:30 - [TEST_STEP][PASSED] - click: Object: 'Object Repository/Final Object Repo/Creating Employer Account/Page_Users and Organizations - ASSIST/Search' is clicked on

2018-12-11 11:27:30 - [MESSAGE][PASSED] - Object: 'Object Repository/Final Object Repo/Creating Employer Account/Page_Users and Organizations - ASSIST/Search' is clicked on

2018-12-11 11:27:30 - [TEST_STEP][PASSED] - delay: Delayed 3 second(s)

2018-12-11 11:27:33 - [MESSAGE][PASSED] - Delayed 3 second(s)

2018-12-11 11:27:33 - [TEST_STEP][PASSED] - click: Object: 'Object Repository/Final Object Repo/Creating Employer Account/Page_Users and Organizations - ASSIST/Action' is clicked on

2018-12-11 11:27:33 - [MESSAGE][PASSED] - Object: 'Object Repository/Final Object Repo/Creating Employer Account/Page_Users and Organizations - ASSIST/Action' is clicked on

2018-12-11 11:27:33 - [TEST_STEP][PASSED] - delay: Delayed 3 second(s)

2018-12-11 11:27:36 - [MESSAGE][PASSED] - Delayed 3 second(s)

2018-12-11 11:27:36 - [TEST_STEP][PASSED] - click: Object: 'Object Repository/Final Object Repo/Creating Employer Account/Page_Users and Organizations - ASSIST/Edit' is clicked on

2018-12-11 11:27:38 - [MESSAGE][PASSED] - Object: 'Object Repository/Final Object Repo/Creating Employer Account/Page_Users and Organizations - ASSIST/Edit' is clicked on

2018-12-11 11:27:38 - [TEST_STEP][PASSED] - delay: Delayed 3 second(s)

2018-12-11 11:27:41 - [MESSAGE][PASSED] - Delayed 3 second(s)

2018-12-11 11:27:41 - [TEST_STEP][PASSED] - click: Object: 'Object Repository/Final Object Repo/Creating Employer Account/Page_PERKESO - Users and Organizati/a_Password (Modified)' is clicked on

2018-12-11 11:27:41 - [MESSAGE][PASSED] - Object: 'Object Repository/Final Object Repo/Creating Employer Account/Page_PERKESO - Users and Organizati/a_Password (Modified)' is clicked on

2018-12-11 11:27:41 - [TEST_STEP][PASSED] - delay: Delayed 3 second(s)

2018-12-11 11:27:44 - [MESSAGE][PASSED] - Delayed 3 second(s)

2018-12-11 11:27:44 - [TEST_STEP][PASSED] - setEncryptedText: Text ****** has been set on object 'Object Repository/Final Object Repo/Creating Employer Account/Page_PERKESO - Users and Organizati/input__125_password1'

2018-12-11 11:27:44 - [MESSAGE][PASSED] - Text ****** has been set on object 'Object Repository/Final Object Repo/Creating Employer Account/Page_PERKESO - Users and Organizati/input__125_password1'

2018-12-11 11:27:44 - [TEST_STEP][PASSED] - delay: Delayed 3 second(s)

2018-12-11 11:27:47 - [MESSAGE][PASSED] - Delayed 3 second(s)

2018-12-11 11:27:47 - [TEST_STEP][PASSED] - setEncryptedText: Text ****** has been set on object 'Object Repository/Final Object Repo/Creating Employer Account/Page_PERKESO - Users and Organizati/input__125_password2'

2018-12-11 11:27:47 - [MESSAGE][PASSED] - Text ****** has been set on object 'Object Repository/Final Object Repo/Creating Employer Account/Page_PERKESO - Users and Organizati/input__125_password2'

2018-12-11 11:27:47 - [TEST_STEP][PASSED] - delay: Delayed 3 second(s)

2018-12-11 11:27:50 - [MESSAGE][PASSED] - Delayed 3 second(s)

2018-12-11 11:27:50 - [TEST_STEP][PASSED] - click: Object: 'Object Repository/Final Object Repo/Creating Employer Account/Page_PERKESO - Users and Organizati/Save' is clicked on

2018-12-11 11:27:52 - [MESSAGE][PASSED] - Object: 'Object Repository/Final Object Repo/Creating Employer Account/Page_PERKESO - Users and Organizati/Save' is clicked on

2018-12-11 11:27:52 - [MESSAGE][PASSED] - Call Test Case 'Test Cases/Final Aug 2018 - PKS Automation/Create Employer Acc/Template/Change Password of Employer' successfully

2018-12-11 11:27:52 - [TEST_STEP][PASSED] - delay: Delayed 1 second(s)

2018-12-11 11:27:53 - [MESSAGE][PASSED] - Delayed 1 second(s)

2018-12-11 11:27:53 - [TEST_STEP][PASSED] - navigateToUrl: Navigate to 'https://assist2-uat.perkeso.gov.my/c/portal/logout' successfully

2018-12-11 11:27:54 - [MESSAGE][PASSED] - Navigate to 'https://assist2-uat.perkeso.gov.my/c/portal/logout' successfully

2018-12-11 11:27:54 - [TEST_STEP][PASSED] - delay: Delayed 1 second(s)

2018-12-11 11:27:55 - [MESSAGE][PASSED] - Delayed 1 second(s)

2018-12-11 11:27:55 - [TEST_STEP][PASSED] - callTestCase: Call Test Case 'Test Cases/Final Aug 2018 - PKS Automation/Create Employer Acc/Template/Login to Employer Account (First Time)' successfully

2018-12-11 11:27:55 - [TEST_CASE][PASSED] - Test Cases/Final Aug 2018 - PKS Automation/Create Employer Acc/Template/Login to Employer Account (First Time): Test Cases/Final Aug 2018 - PKS Automation/Create Employer Acc/Template/Login to Employer Account (First Time)

2018-12-11 11:27:55 - [TEST_STEP][PASSED] - openBrowser: Browser is opened with url: ''

2018-12-11 11:27:55 - [MESSAGE][WARNING] - A browser is already opened. Closing browser and opening a new one

2018-12-11 11:27:58 - [MESSAGE][PASSED] - Browser is opened with url: ''

2018-12-11 11:27:58 - [TEST_STEP][PASSED] - navigateToUrl: Navigate to 'https://assist2-uat.perkeso.gov.my/employer/login' successfully

2018-12-11 11:27:59 - [MESSAGE][PASSED] - Navigate to 'https://assist2-uat.perkeso.gov.my/employer/login' successfully

2018-12-11 11:27:59 - [TEST_STEP][PASSED] - delay: Delayed 3 second(s)

2018-12-11 11:28:02 - [MESSAGE][PASSED] - Delayed 3 second(s)

2018-12-11 11:28:02 - [TEST_STEP][PASSED] - callTestCase: Call Test Case 'Test Cases/Final Aug 2018 - PKS Automation/Create Employer Acc/Template/Employer Email Getter' successfully

2018-12-11 11:28:03 - [TEST_CASE][PASSED] - Test Cases/Final Aug 2018 - PKS Automation/Create Employer Acc/Template/Employer Email Getter: Test Cases/Final Aug 2018 - PKS Automation/Create Employer Acc/Template/Employer Email Getter

2018-12-11 11:28:03 - [TEST_STEP][PASSED] - Statement - Try: null

2018-12-11 11:28:03 - [TEST_STEP][PASSED] - Statement - EmpEmail = new java.io.File(C://Users//Admin//Desktop//PKS//Automation Reference Point//EmpEmail.txt): null

2018-12-11 11:28:03 - [TEST_STEP][PASSED] - Statement - bufferread = new java.io.BufferedReader(new java.io.FileReader(EmpEmail)): null

2018-12-11 11:28:03 - [TEST_STEP][PASSED] - Statement - readedVal = bufferread.readLine(): null

2018-12-11 11:28:03 - [TEST_STEP][PASSED] - Statement - out.println(readedVal): null

2018-12-11 11:28:03 - [TEST_STEP][PASSED] - Statement - Email = readedVal: null

2018-12-11 11:28:03 - [MESSAGE][PASSED] - Call Test Case 'Test Cases/Final Aug 2018 - PKS Automation/Create Employer Acc/Template/Employer Email Getter' successfully

2018-12-11 11:28:03 - [TEST_STEP][PASSED] - setText: Text 'perkeso646576822255@gmail.com' is set on object 'Object Repository/Final Object Repo/Login Page/External Login Page/Email'

2018-12-11 11:28:03 - [MESSAGE][PASSED] - Text 'perkeso646576822255@gmail.com' is set on object 'Object Repository/Final Object Repo/Login Page/External Login Page/Email'

2018-12-11 11:28:03 - [TEST_STEP][PASSED] - click: Object: 'Object Repository/Final Object Repo/Login Page/External Login Page/Next' is clicked on

2018-12-11 11:28:03 - [MESSAGE][PASSED] - Object: 'Object Repository/Final Object Repo/Login Page/External Login Page/Next' is clicked on

2018-12-11 11:28:03 - [TEST_STEP][PASSED] - delay: Delayed 3 second(s)

2018-12-11 11:28:06 - [MESSAGE][PASSED] - Delayed 3 second(s)

2018-12-11 11:28:06 - [TEST_STEP][PASSED] - setEncryptedText: Text ****** has been set on object 'Object Repository/Final Object Repo/Login Page/External Login Page/Password'

2018-12-11 11:28:06 - [MESSAGE][PASSED] - Text ****** has been set on object 'Object Repository/Final Object Repo/Login Page/External Login Page/Password'

2018-12-11 11:28:06 - [TEST_STEP][PASSED] - click: Object: 'Object Repository/Final Object Repo/Login Page/External Login Page/Login' is clicked on

2018-12-11 11:28:07 - [MESSAGE][PASSED] - Object: 'Object Repository/Final Object Repo/Login Page/External Login Page/Login' is clicked on

2018-12-11 11:28:07 - [TEST_STEP][PASSED] - delay: Delayed 3 second(s)

2018-12-11 11:28:10 - [MESSAGE][PASSED] - Delayed 3 second(s)

2018-12-11 11:28:10 - [TEST_STEP][PASSED] - click: Object: 'Object Repository/Final Object Repo/Creating Employer Account/Page_Terms of Use - ASSIST/button_I Agree' is clicked on

2018-12-11 11:28:10 - [MESSAGE][PASSED] - Object: 'Object Repository/Final Object Repo/Creating Employer Account/Page_Terms of Use - ASSIST/button_I Agree' is clicked on

2018-12-11 11:28:10 - [TEST_STEP][PASSED] - delay: Delayed 2 second(s)

2018-12-11 11:28:12 - [MESSAGE][PASSED] - Delayed 2 second(s)

2018-12-11 11:28:12 - [TEST_STEP][PASSED] - setEncryptedText: Text ****** has been set on object 'Object Repository/Final Object Repo/Creating Employer Account/Page_New Password - ASSIST/input_password1'

2018-12-11 11:28:13 - [MESSAGE][PASSED] - Text ****** has been set on object 'Object Repository/Final Object Repo/Creating Employer Account/Page_New Password - ASSIST/input_password1'

2018-12-11 11:28:13 - [TEST_STEP][PASSED] - setEncryptedText: Text ****** has been set on object 'Object Repository/Final Object Repo/Creating Employer Account/Page_New Password - ASSIST/input_password2'

2018-12-11 11:28:13 - [MESSAGE][PASSED] - Text ****** has been set on object 'Object Repository/Final Object Repo/Creating Employer Account/Page_New Password - ASSIST/input_password2'

2018-12-11 11:28:13 - [TEST_STEP][PASSED] - delay: Delayed 2 second(s)

2018-12-11 11:28:15 - [MESSAGE][PASSED] - Delayed 2 second(s)

2018-12-11 11:28:15 - [TEST_STEP][PASSED] - click: Object: 'Object Repository/Final Object Repo/Creating Employer Account/Page_New Password - ASSIST/Save' is clicked on

2018-12-11 11:28:15 - [MESSAGE][PASSED] - Object: 'Object Repository/Final Object Repo/Creating Employer Account/Page_New Password - ASSIST/Save' is clicked on

2018-12-11 11:28:15 - [TEST_STEP][PASSED] - delay: Delayed 2 second(s)

2018-12-11 11:28:17 - [MESSAGE][PASSED] - Delayed 2 second(s)

2018-12-11 11:28:17 - [TEST_STEP][PASSED] - setText: Text 'test' is set on object 'Object Repository/Final Object Repo/Creating Employer Account/Page_Password Reminder - ASSIST/Reminder Query Answer'

2018-12-11 11:28:17 - [MESSAGE][PASSED] - Text 'test' is set on object 'Object Repository/Final Object Repo/Creating Employer Account/Page_Password Reminder - ASSIST/Reminder Query Answer'

2018-12-11 11:28:17 - [TEST_STEP][PASSED] - delay: Delayed 2 second(s)

2018-12-11 11:28:19 - [MESSAGE][PASSED] - Delayed 2 second(s)

2018-12-11 11:28:19 - [TEST_STEP][PASSED] - doubleClick: Object: 'Object Repository/Final Object Repo/Creating Employer Account/Page_Password Reminder - ASSIST/Save' is double clicked on

2018-12-11 11:28:20 - [MESSAGE][PASSED] - Object: 'Object Repository/Final Object Repo/Creating Employer Account/Page_Password Reminder - ASSIST/Save' is double clicked on

2018-12-11 11:28:20 - [MESSAGE][PASSED] - Call Test Case 'Test Cases/Final Aug 2018 - PKS Automation/Create Employer Acc/Template/Login to Employer Account (First Time)' successfully

2018-12-11 11:28:20 - [MESSAGE][PASSED] - Call Test Case 'Test Cases/Final Aug 2018 - PKS Automation/Create Employer Acc/Create Employer Account' successfully

2018-12-11 11:28:20 - [TEST_STEP][PASSED] - callTestCase: Call Test Case 'Test Cases/Final Aug 2018 - PKS Automation/Registration Module/Log Out/log out avoiding katalon tagging' successfully

2018-12-11 11:28:20 - [TEST_CASE][PASSED] - Test Cases/Final Aug 2018 - PKS Automation/Registration Module/Log Out/log out avoiding katalon tagging: Test Cases/Final Aug 2018 - PKS Automation/Registration Module/Log Out/log out avoiding katalon tagging

2018-12-11 11:28:20 - [TEST_STEP][PASSED] - navigateToUrl: Navigate to 'https://assist2-uat.perkeso.gov.my/c/portal/logout' successfully

2018-12-11 11:28:23 - [MESSAGE][PASSED] - Navigate to 'https://assist2-uat.perkeso.gov.my/c/portal/logout' successfully

2018-12-11 11:28:23 - [MESSAGE][PASSED] - Call Test Case 'Test Cases/Final Aug 2018 - PKS Automation/Registration Module/Log Out/log out avoiding katalon tagging' successfully

2018-12-11 11:28:23 - [TEST_STEP][PASSED] - callTestCase: Call Test Case 'Test Cases/Final Aug 2018 - PKS Automation/Create Employer Acc/Login to Employer Account (Second time)' successfully

2018-12-11 11:28:23 - [TEST_CASE][PASSED] - Test Cases/Final Aug 2018 - PKS Automation/Create Employer Acc/Login to Employer Account (Second time): Test Cases/Final Aug 2018 - PKS Automation/Create Employer Acc/Login to Employer Account (Second time)

2018-12-11 11:28:23 - [TEST_STEP][PASSED] - openBrowser: Browser is opened with url: ''

2018-12-11 11:28:23 - [MESSAGE][WARNING] - A browser is already opened. Closing browser and opening a new one

2018-12-11 11:28:26 - [MESSAGE][PASSED] - Browser is opened with url: ''

2018-12-11 11:28:26 - [TEST_STEP][PASSED] - navigateToUrl: Navigate to 'https://assist2-uat.perkeso.gov.my/employer/login' successfully

2018-12-11 11:28:27 - [MESSAGE][PASSED] - Navigate to 'https://assist2-uat.perkeso.gov.my/employer/login' successfully

2018-12-11 11:28:27 - [TEST_STEP][PASSED] - delay: Delayed 3 second(s)

2018-12-11 11:28:30 - [MESSAGE][PASSED] - Delayed 3 second(s)

2018-12-11 11:28:30 - [TEST_STEP][PASSED] - callTestCase: Call Test Case 'Test Cases/Final Aug 2018 - PKS Automation/Create Employer Acc/Template/Employer Email Getter' successfully

2018-12-11 11:28:30 - [TEST_CASE][PASSED] - Test Cases/Final Aug 2018 - PKS Automation/Create Employer Acc/Template/Employer Email Getter: Test Cases/Final Aug 2018 - PKS Automation/Create Employer Acc/Template/Employer Email Getter

2018-12-11 11:28:30 - [TEST_STEP][PASSED] - Statement - Try: null

2018-12-11 11:28:30 - [TEST_STEP][PASSED] - Statement - EmpEmail = new java.io.File(C://Users//Admin//Desktop//PKS//Automation Reference Point//EmpEmail.txt): null

2018-12-11 11:28:30 - [TEST_STEP][PASSED] - Statement - bufferread = new java.io.BufferedReader(new java.io.FileReader(EmpEmail)): null

2018-12-11 11:28:30 - [TEST_STEP][PASSED] - Statement - readedVal = bufferread.readLine(): null

2018-12-11 11:28:30 - [TEST_STEP][PASSED] - Statement - out.println(readedVal): null

2018-12-11 11:28:30 - [TEST_STEP][PASSED] - Statement - Email = readedVal: null

2018-12-11 11:28:30 - [MESSAGE][PASSED] - Call Test Case 'Test Cases/Final Aug 2018 - PKS Automation/Create Employer Acc/Template/Employer Email Getter' successfully

2018-12-11 11:28:30 - [TEST_STEP][PASSED] - setText: Text 'perkeso646576822255@gmail.com' is set on object 'Object Repository/Final Object Repo/Login Page/External Login Page/Email'

2018-12-11 11:28:31 - [MESSAGE][PASSED] - Text 'perkeso646576822255@gmail.com' is set on object 'Object Repository/Final Object Repo/Login Page/External Login Page/Email'

2018-12-11 11:28:31 - [TEST_STEP][PASSED] - click: Object: 'Object Repository/Final Object Repo/Login Page/External Login Page/Next' is clicked on

2018-12-11 11:28:31 - [MESSAGE][PASSED] - Object: 'Object Repository/Final Object Repo/Login Page/External Login Page/Next' is clicked on

2018-12-11 11:28:31 - [TEST_STEP][PASSED] - delay: Delayed 3 second(s)

2018-12-11 11:28:34 - [MESSAGE][PASSED] - Delayed 3 second(s)

2018-12-11 11:28:34 - [TEST_STEP][PASSED] - setEncryptedText: Text ****** has been set on object 'Object Repository/Final Object Repo/Login Page/External Login Page/Password'

2018-12-11 11:28:34 - [MESSAGE][PASSED] - Text ****** has been set on object 'Object Repository/Final Object Repo/Login Page/External Login Page/Password'

2018-12-11 11:28:34 - [TEST_STEP][PASSED] - click: Object: 'Object Repository/Final Object Repo/Login Page/External Login Page/Login' is clicked on

2018-12-11 11:28:34 - [MESSAGE][PASSED] - Object: 'Object Repository/Final Object Repo/Login Page/External Login Page/Login' is clicked on

2018-12-11 11:28:34 - [TEST_STEP][PASSED] - delay: Delayed 5 second(s)

2018-12-11 11:28:39 - [MESSAGE][PASSED] - Delayed 5 second(s)

2018-12-11 11:28:39 - [MESSAGE][PASSED] - Call Test Case 'Test Cases/Final Aug 2018 - PKS Automation/Create Employer Acc/Login to Employer Account (Second time)' successfully

2018-12-11 11:28:39 - [TEST_STEP][PASSED] - delay: Delayed 4 second(s)

2018-12-11 11:28:43 - [MESSAGE][PASSED] - Delayed 4 second(s)

2018-12-11 11:28:43 - [TEST_STEP][PASSED] - Statement - Try: Delayed 2 second(s)

2018-12-11 11:28:43 - [TEST_STEP][PASSED] - Statement - Checker = false: null

2018-12-11 11:28:43 - [TEST_STEP][PASSED] - Statement - Checker = com.kms.katalon.core.webui.keyword.WebUiBuiltInKeywords.verifyElementHasAttribute(com.kms.katalon.core.testobject.ObjectRepository.findTestObject(Final Object Repo/Landing Page/BM Detecting), "href", 20, OPTIONAL): Object 'Object Repository/Final Object Repo/Landing Page/BM Detecting' has attribute 'href'

2018-12-11 11:28:43 - [MESSAGE][PASSED] - Object 'Object Repository/Final Object Repo/Landing Page/BM Detecting' has attribute 'href'

2018-12-11 11:28:43 - [TEST_STEP][PASSED] - Statement - out.println(Checker): null

2018-12-11 11:28:43 - [TEST_STEP][PASSED] - Statement - If (Checker == false): null

2018-12-11 11:28:43 - [TEST_STEP][PASSED] - Statement - Else: null

2018-12-11 11:28:43 - [TEST_STEP][PASSED] - delay: Delayed 2 second(s)

2018-12-11 11:28:45 - [MESSAGE][PASSED] - Delayed 2 second(s)

2018-12-11 11:28:45 - [TEST_STEP][PASSED] - delay: Delayed 4 second(s)

2018-12-11 11:28:49 - [MESSAGE][PASSED] - Delayed 4 second(s)

2018-12-11 11:28:49 - [TEST_STEP][PASSED] - click: Object: 'Object Repository/Final Object Repo/Landing Page/My Sites Drop Down' is clicked on

2018-12-11 11:28:49 - [MESSAGE][PASSED] - Object: 'Object Repository/Final Object Repo/Landing Page/My Sites Drop Down' is clicked on

2018-12-11 11:28:49 - [TEST_STEP][PASSED] - click: Object: 'Object Repository/Final Object Repo/Landing Page/Select to Registration Module' is clicked on

2018-12-11 11:28:52 - [MESSAGE][PASSED] - Object: 'Object Repository/Final Object Repo/Landing Page/Select to Registration Module' is clicked on

2018-12-11 11:28:52 - [TEST_STEP][PASSED] - click: Object: 'Object Repository/Final Object Repo/Landing Page/Registration Button' is clicked on

2018-12-11 11:28:54 - [MESSAGE][PASSED] - Object: 'Object Repository/Final Object Repo/Landing Page/Registration Button' is clicked on

2018-12-11 11:28:54 - [TEST_STEP][PASSED] - delay: Delayed 2 second(s)

2018-12-11 11:28:56 - [MESSAGE][PASSED] - Delayed 2 second(s)

2018-12-11 11:28:56 - [TEST_STEP][PASSED] - click: Object: 'Object Repository/Final Object Repo/New Registration - Registration Module Pages/New Reg - OTC to RO/Special Case - OTC - Form 1/AEC NO' is clicked on

2018-12-11 11:28:56 - [MESSAGE][PASSED] - Object: 'Object Repository/Final Object Repo/New Registration - Registration Module Pages/New Reg - OTC to RO/Special Case - OTC - Form 1/AEC NO' is clicked on

2018-12-11 11:28:56 - [TEST_STEP][PASSED] - click: Object: 'Object Repository/Final Object Repo/New Registration - Registration Module Pages/New Reg - OTC to RO/Special Case - OTC - Form 1/Business Entity - Please Select' is clicked on

2018-12-11 11:28:56 - [MESSAGE][PASSED] - Object: 'Object Repository/Final Object Repo/New Registration - Registration Module Pages/New Reg - OTC to RO/Special Case - OTC - Form 1/Business Entity - Please Select' is clicked on

2018-12-11 11:28:56 - [TEST_STEP][PASSED] - click: Object: 'Object Repository/Final Object Repo/New Registration - Registration Module Pages/New Reg - OTC to RO/Special Case - OTC - Form 1/Selected - Corporation' is clicked on

2018-12-11 11:28:57 - [MESSAGE][PASSED] - Object: 'Object Repository/Final Object Repo/New Registration - Registration Module Pages/New Reg - OTC to RO/Special Case - OTC - Form 1/Selected - Corporation' is clicked on

2018-12-11 11:28:57 - [TEST_STEP][PASSED] - delay: Delayed 2 second(s)

2018-12-11 11:28:59 - [MESSAGE][PASSED] - Delayed 2 second(s)

2018-12-11 11:28:59 - [TEST_STEP][PASSED] - click: Object: 'Object Repository/Final Object Repo/New Registration - Registration Module Pages/New Reg - OTC to RO/Special Case - OTC - Form 1/Sub Business Entity - Please Select' is clicked on

2018-12-11 11:28:59 - [MESSAGE][PASSED] - Object: 'Object Repository/Final Object Repo/New Registration - Registration Module Pages/New Reg - OTC to RO/Special Case - OTC - Form 1/Sub Business Entity - Please Select' is clicked on

2018-12-11 11:28:59 - [TEST_STEP][PASSED] - delay: Delayed 2 second(s)

2018-12-11 11:29:01 - [MESSAGE][PASSED] - Delayed 2 second(s)

2018-12-11 11:29:01 - [TEST_STEP][PASSED] - click: Object: 'Object Repository/Final Object Repo/New Registration - Registration Module Pages/New Reg - OTC to RO/Special Case - OTC - Form 1/Selected - Sendirian Berhad' is clicked on

2018-12-11 11:29:01 - [MESSAGE][PASSED] - Object: 'Object Repository/Final Object Repo/New Registration - Registration Module Pages/New Reg - OTC to RO/Special Case - OTC - Form 1/Selected - Sendirian Berhad' is clicked on

2018-12-11 11:29:01 - [TEST_STEP][PASSED] - setText: Text 'AUTOMATE001' is set on object 'Object Repository/Final Object Repo/New Registration - Registration Module Pages/New Reg - OTC to RO/Special Case - OTC - Form 1/Input BRN Number'

2018-12-11 11:29:01 - [MESSAGE][PASSED] - Text 'AUTOMATE001' is set on object 'Object Repository/Final Object Repo/New Registration - Registration Module Pages/New Reg - OTC to RO/Special Case - OTC - Form 1/Input BRN Number'

2018-12-11 11:29:01 - [TEST_STEP][PASSED] - delay: Delayed 2 second(s)

2018-12-11 11:29:03 - [MESSAGE][PASSED] - Delayed 2 second(s)

2018-12-11 11:29:03 - [TEST_STEP][PASSED] - click: Object: 'Object Repository/Final Object Repo/New Registration - Registration Module Pages/New Reg - OTC to RO/Special Case - OTC - Form 1/BRN Search' is clicked on

2018-12-11 11:29:04 - [MESSAGE][PASSED] - Object: 'Object Repository/Final Object Repo/New Registration - Registration Module Pages/New Reg - OTC to RO/Special Case - OTC - Form 1/BRN Search' is clicked on

2018-12-11 11:29:04 - [TEST_STEP][PASSED] - delay: Delayed 4 second(s)

2018-12-11 11:29:08 - [MESSAGE][PASSED] - Delayed 4 second(s)

2018-12-11 11:29:08 - [TEST_STEP][PASSED] - click: Object: 'Object Repository/Final Object Repo/New Registration - Registration Module Pages/New Reg - OTC to RO/Special Case - OTC - Form 1/Registered with SSM - After Feb 2017' is clicked on

2018-12-11 11:29:08 - [MESSAGE][PASSED] - Object: 'Object Repository/Final Object Repo/New Registration - Registration Module Pages/New Reg - OTC to RO/Special Case - OTC - Form 1/Registered with SSM - After Feb 2017' is clicked on

2018-12-11 11:29:08 - [TEST_STEP][PASSED] - delay: Delayed 2 second(s)

2018-12-11 11:29:10 - [MESSAGE][PASSED] - Delayed 2 second(s)

2018-12-11 11:29:10 - [TEST_STEP][PASSED] - click: Object: 'Object Repository/Final Object Repo/New Registration - Registration Module Pages/Form 1/Registered As a Branch - Yes' is clicked on

2018-12-11 11:29:10 - [MESSAGE][PASSED] - Object: 'Object Repository/Final Object Repo/New Registration - Registration Module Pages/Form 1/Registered As a Branch - Yes' is clicked on

2018-12-11 11:29:10 - [TEST_STEP][PASSED] - click: Object: 'Object Repository/Final Object Repo/New Registration - Registration Module Pages/New Reg - OTC to RO/Special Case - OTC - Form 1/Acknowledgement Ticked' is clicked on

2018-12-11 11:29:10 - [MESSAGE][PASSED] - Object: 'Object Repository/Final Object Repo/New Registration - Registration Module Pages/New Reg - OTC to RO/Special Case - OTC - Form 1/Acknowledgement Ticked' is clicked on

2018-12-11 11:29:10 - [TEST_STEP][PASSED] - setText: Text 'perkeso646576822255@gmail.com' is set on object 'Object Repository/Final Object Repo/New Registration - Registration Module Pages/Form 1/Email'

2018-12-11 11:29:11 - [MESSAGE][PASSED] - Text 'perkeso646576822255@gmail.com' is set on object 'Object Repository/Final Object Repo/New Registration - Registration Module Pages/Form 1/Email'

2018-12-11 11:29:11 - [TEST_STEP][PASSED] - click: Object: 'Object Repository/Final Object Repo/New Registration - Registration Module Pages/New Reg - OTC to RO/Special Case - OTC - Form 1/Submit Button' is clicked on

2018-12-11 11:29:11 - [MESSAGE][PASSED] - Object: 'Object Repository/Final Object Repo/New Registration - Registration Module Pages/New Reg - OTC to RO/Special Case - OTC - Form 1/Submit Button' is clicked on

2018-12-11 11:29:11 - [TEST_STEP][PASSED] - callTestCase: Call Test Case 'Test Cases/Final Aug 2018 - PKS Automation/Registration Module/New Registration/Form 2/Add 1 Eligible - Employer Account Use' successfully

2018-12-11 11:29:11 - [TEST_CASE][PASSED] - Test Cases/Final Aug 2018 - PKS Automation/Registration Module/New Registration/Form 2/Add 1 Eligible - Employer Account Use: Test Cases/Final Aug 2018 - PKS Automation/Registration Module/New Registration/Form 2/Add 1 Eligible - Employer Account Use

2018-12-11 11:29:11 - [TEST_STEP][PASSED] - delay: Delayed 2 second(s)

2018-12-11 11:29:13 - [MESSAGE][PASSED] - Delayed 2 second(s)

2018-12-11 11:29:13 - [TEST_STEP][PASSED] - callTestCase: Call Test Case 'Test Cases/Final Aug 2018 - PKS Automation/Registration Module/New Registration/Form 2/Date Updater' successfully

2018-12-11 11:29:13 - [TEST_CASE][PASSED] - Test Cases/Final Aug 2018 - PKS Automation/Registration Module/New Registration/Form 2/Date Updater: Test Cases/Final Aug 2018 - PKS Automation/Registration Module/New Registration/Form 2/Date Updater

2018-12-11 11:29:13 - [TEST_STEP][PASSED] - Statement - TodayDate = new java.util.Date(): null

2018-12-11 11:29:13 - [TEST_STEP][PASSED] - Statement - CurrentDateNoFilter = new java.text.SimpleDateFormat(): null

2018-12-11 11:29:13 - [TEST_STEP][PASSED] - Statement - CurrentDateNoFilter.applyPattern("MM"): null

2018-12-11 11:29:13 - [TEST_STEP][PASSED] - Statement - monthContainerMatcher = java.lang.Integer.parseInt(CurrentDateNoFilter.format(TodayDate)): null

2018-12-11 11:29:13 - [TEST_STEP][PASSED] - Statement - monthContainerMatcher = monthContainerMatcher - 1: null

2018-12-11 11:29:13 - [TEST_STEP][PASSED] - Statement - CurrentMonth = monthContainerMatcher.toString(): null

2018-12-11 11:29:13 - [TEST_STEP][PASSED] - Statement - CurrentMonth = CurrentMonth: null

2018-12-11 11:29:13 - [TEST_STEP][PASSED] - Statement - CurrentDateNoFilter.applyPattern("yyyy"): null

2018-12-11 11:29:13 - [TEST_STEP][PASSED] - Statement - CurrentYear = CurrentDateNoFilter.format(TodayDate): null

2018-12-11 11:29:13 - [TEST_STEP][PASSED] - Statement - CurrentYear = CurrentYear: null

2018-12-11 11:29:13 - [TEST_STEP][PASSED] - Statement - intCurrentYear = java.lang.Integer.parseInt(CurrentDateNoFilter.format(TodayDate)): null

2018-12-11 11:29:13 - [TEST_STEP][PASSED] - Statement - eighteenYrsAgo = intCurrentYear - 18: null

2018-12-11 11:29:13 - [TEST_STEP][PASSED] - Statement - eighteenYrsBeforeThisYr = eighteenYrsAgo.toString(): null

2018-12-11 11:29:13 - [TEST_STEP][PASSED] - Statement - EighteenYrsBefore = eighteenYrsBeforeThisYr: null

2018-12-11 11:29:13 - [TEST_STEP][PASSED] - Statement - fiftysevenYrsAgo = intCurrentYear - 57: null

2018-12-11 11:29:13 - [TEST_STEP][PASSED] - Statement - fiftysevenYrsBeforeThisYr = fiftysevenYrsAgo.toString(): null

2018-12-11 11:29:13 - [TEST_STEP][PASSED] - Statement - FiftysevenYrsBefore = fiftysevenYrsBeforeThisYr: null

2018-12-11 11:29:13 - [TEST_STEP][PASSED] - Statement - leapYear = false: null

2018-12-11 11:29:13 - [TEST_STEP][PASSED] - Statement - leapYear = intCurrentYear % 4 == 0: null

2018-12-11 11:29:13 - [TEST_STEP][PASSED] - Statement - CurrentDateNoFilter.applyPattern("dd"): null

2018-12-11 11:29:13 - [TEST_STEP][PASSED] - Statement - CurrentDate = CurrentDateNoFilter.format(TodayDate): null

2018-12-11 11:29:13 - [TEST_STEP][PASSED] - Statement - CurrentDate = java.lang.Integer.parseInt(CurrentDate): null

2018-12-11 11:29:13 - [TEST_STEP][PASSED] - Statement - CurrentDate = CurrentDate: null

2018-12-11 11:29:13 - [TEST_STEP][PASSED] - Statement - CurrentDay = java.lang.Integer.parseInt(CurrentDate): null

2018-12-11 11:29:13 - [TEST_STEP][PASSED] - Statement - ConfAdder = <not implemented yet for class: org.codehaus.groovy.ast.expr.EmptyExpression>: null

2018-12-11 11:29:13 - [TEST_STEP][PASSED] - Statement - out.println(CurrentMonth): null

2018-12-11 11:29:13 - [TEST_STEP][PASSED] - Statement - out.println(CurrentDate): null

2018-12-11 11:29:13 - [TEST_STEP][PASSED] - Statement - switch (CurrentDate): null

2018-12-11 11:29:13 - [TEST_STEP][PASSED] - Statement - Default: null

2018-12-11 11:29:13 - [TEST_STEP][PASSED] - Statement - ConfAdder = true: null

2018-12-11 11:29:13 - [TEST_STEP][PASSED] - Statement - Break: null

2018-12-11 11:29:13 - [TEST_STEP][PASSED] - Statement - aDayBefore = <not implemented yet for class: org.codehaus.groovy.ast.expr.EmptyExpression>: null

2018-12-11 11:29:13 - [TEST_STEP][PASSED] - Statement - out.println(ConfAdder): null

2018-12-11 11:29:13 - [TEST_STEP][PASSED] - Statement - If (ConfAdder == true): null

2018-12-11 11:29:13 - [TEST_STEP][PASSED] - Statement - aDayBefore = CurrentDay + 1: null

2018-12-11 11:29:13 - [TEST_STEP][PASSED] - Statement - out.println(aDayBefore): null

2018-12-11 11:29:13 - [TEST_STEP][PASSED] - Statement - If (aDayBefore == 1 && CurrentMonth == 11): null

2018-12-11 11:29:13 - [TEST_STEP][PASSED] - Statement - DayBefore = aDayBefore.toString(): null

2018-12-11 11:29:13 - [TEST_STEP][PASSED] - Statement - OneDayBefore = DayBefore: null

2018-12-11 11:29:13 - [MESSAGE][PASSED] - Call Test Case 'Test Cases/Final Aug 2018 - PKS Automation/Registration Module/New Registration/Form 2/Date Updater' successfully

2018-12-11 11:29:13 - [TEST_STEP][PASSED] - delay: Delayed 1 second(s)

2018-12-11 11:29:14 - [MESSAGE][PASSED] - Delayed 1 second(s)

2018-12-11 11:29:14 - [TEST_STEP][PASSED] - Statement - CaseReferenceNo = com.kms.katalon.core.webui.keyword.WebUiBuiltInKeywords.getText(com.kms.katalon.core.testobject.ObjectRepository.findTestObject(Final Object Repo/New Registration - Registration Module Pages/Form 2/RefNo Acquiring)): Text of object 'Object Repository/Final Object Repo/New Registration - Registration Module Pages/Form 2/RefNo Acquiring' is: 'CRN12201800123162'

2018-12-11 11:29:14 - [MESSAGE][PASSED] - Text of object 'Object Repository/Final Object Repo/New Registration - Registration Module Pages/Form 2/RefNo Acquiring' is: 'CRN12201800123162'

2018-12-11 11:29:14 - [TEST_STEP][PASSED] - delay: Delayed 1 second(s)

2018-12-11 11:29:15 - [MESSAGE][PASSED] - Delayed 1 second(s)

2018-12-11 11:29:15 - [TEST_STEP][PASSED] - click: Object: 'Object Repository/Final Object Repo/New Registration - Registration Module Pages/Form 2/Add Employee Button' is clicked on

2018-12-11 11:29:16 - [MESSAGE][PASSED] - Object: 'Object Repository/Final Object Repo/New Registration - Registration Module Pages/Form 2/Add Employee Button' is clicked on

2018-12-11 11:29:16 - [TEST_STEP][PASSED] - delay: Delayed 1 second(s)

2018-12-11 11:29:17 - [MESSAGE][PASSED] - Delayed 1 second(s)

2018-12-11 11:29:17 - [TEST_STEP][PASSED] - setText: Text '010903091948' is set on object 'Object Repository/Final Object Repo/New Registration - Registration Module Pages/Form 2/NRIC Input'

2018-12-11 11:29:17 - [MESSAGE][PASSED] - Text '010903091948' is set on object 'Object Repository/Final Object Repo/New Registration - Registration Module Pages/Form 2/NRIC Input'

2018-12-11 11:29:17 - [TEST_STEP][PASSED] - delay: Delayed 2 second(s)

2018-12-11 11:29:19 - [MESSAGE][PASSED] - Delayed 2 second(s)

2018-12-11 11:29:19 - [TEST_STEP][PASSED] - setText: Text 'Automate001 eligible 1' is set on object 'Object Repository/Final Object Repo/New Registration - Registration Module Pages/Form 2/Employee Name Input'

2018-12-11 11:29:19 - [MESSAGE][PASSED] - Text 'Automate001 eligible 1' is set on object 'Object Repository/Final Object Repo/New Registration - Registration Module Pages/Form 2/Employee Name Input'

2018-12-11 11:29:19 - [TEST_STEP][PASSED] - delay: Delayed 2 second(s)

2018-12-11 11:29:21 - [MESSAGE][PASSED] - Delayed 2 second(s)

2018-12-11 11:29:21 - [TEST_STEP][PASSED] - click: Object: 'Object Repository/Final Object Repo/New Registration - Registration Module Pages/Form 2/DatePicker Pop Up' is clicked on

2018-12-11 11:29:22 - [MESSAGE][PASSED] - Object: 'Object Repository/Final Object Repo/New Registration - Registration Module Pages/Form 2/DatePicker Pop Up' is clicked on

2018-12-11 11:29:22 - [TEST_STEP][PASSED] - click: Object: 'Object Repository/Final Object Repo/New Registration - Registration Module Pages/Form 2/DOB Month' is clicked on

2018-12-11 11:29:22 - [MESSAGE][PASSED] - Object: 'Object Repository/Final Object Repo/New Registration - Registration Module Pages/Form 2/DOB Month' is clicked on

2018-12-11 11:29:22 - [TEST_STEP][PASSED] - Statement - CurrentMonth = CurrentMonth: null

2018-12-11 11:29:22 - [TEST_STEP][PASSED] - Statement - selectMonth = new com.kms.katalon.core.testobject.TestObject(): null

2018-12-11 11:29:22 - [TEST_STEP][PASSED] - Statement - selectMonth.addProperty("xpath", EQUALS, "//body/div/div/div/select/option[@value='" + CurrentMonth + "']", true): null

2018-12-11 11:29:22 - [TEST_STEP][PASSED] - click: Object: '' is clicked on

2018-12-11 11:29:22 - [MESSAGE][PASSED] - Object: '' is clicked on

2018-12-11 11:29:22 - [TEST_STEP][PASSED] - click: Object: 'Object Repository/Final Object Repo/New Registration - Registration Module Pages/Form 2/DOB Year' is clicked on

2018-12-11 11:29:22 - [MESSAGE][PASSED] - Object: 'Object Repository/Final Object Repo/New Registration - Registration Module Pages/Form 2/DOB Year' is clicked on

2018-12-11 11:29:22 - [TEST_STEP][PASSED] - Statement - Eyearsbf = EighteenYrsBefore: null

2018-12-11 11:29:22 - [TEST_STEP][PASSED] - Statement - selectYear = new com.kms.katalon.core.testobject.TestObject(): null

2018-12-11 11:29:22 - [TEST_STEP][PASSED] - Statement - selectYear.addProperty("xpath", EQUALS, "//div/div/div/select/option[@value='" + Eyearsbf + "']", true): null

2018-12-11 11:29:22 - [TEST_STEP][PASSED] - click: Object: '' is clicked on

2018-12-11 11:29:22 - [MESSAGE][PASSED] - Object: '' is clicked on

2018-12-11 11:29:22 - [TEST_STEP][PASSED] - Statement - UpdatedSelectDate = com.kms.katalon.core.webui.keyword.WebUiBuiltInKeywords.modifyObjectProperty(com.kms.katalon.core.testobject.ObjectRepository.findTestObject(Final Object Repo/New Registration - Registration Module Pages/Form 2/DOB Date), "xpath", "equals", "//body/div/table/tbody/tr/td/a[text()="" + CurrentDate + ""]", true): Modify property of object successfully

2018-12-11 11:29:22 - [MESSAGE][PASSED] - Modify property of object successfully

2018-12-11 11:29:22 - [TEST_STEP][PASSED] - delay: Delayed 3 second(s)

2018-12-11 11:29:25 - [MESSAGE][PASSED] - Delayed 3 second(s)

2018-12-11 11:29:25 - [TEST_STEP][PASSED] - click: Object: 'Object Repository/Final Object Repo/New Registration - Registration Module Pages/Form 2/DOB Date' is clicked on

2018-12-11 11:29:25 - [MESSAGE][PASSED] - Object: 'Object Repository/Final Object Repo/New Registration - Registration Module Pages/Form 2/DOB Date' is clicked on

2018-12-11 11:29:25 - [TEST_STEP][PASSED] - delay: Delayed 2 second(s)

2018-12-11 11:29:27 - [MESSAGE][PASSED] - Delayed 2 second(s)

2018-12-11 11:29:27 - [TEST_STEP][PASSED] - click: Object: 'Object Repository/Final Object Repo/New Registration - Registration Module Pages/Form 2/EmploymentStartDate Pop Up' is clicked on

2018-12-11 11:29:28 - [MESSAGE][PASSED] - Object: 'Object Repository/Final Object Repo/New Registration - Registration Module Pages/Form 2/EmploymentStartDate Pop Up' is clicked on

2018-12-11 11:29:28 - [TEST_STEP][PASSED] - delay: Delayed 2 second(s)

2018-12-11 11:29:30 - [MESSAGE][PASSED] - Delayed 2 second(s)

2018-12-11 11:29:30 - [TEST_STEP][PASSED] - click: Object: 'Object Repository/Final Object Repo/New Registration - Registration Module Pages/Form 2/Socso Employment StartDate Month' is clicked on

2018-12-11 11:29:30 - [MESSAGE][PASSED] - Object: 'Object Repository/Final Object Repo/New Registration - Registration Module Pages/Form 2/Socso Employment StartDate Month' is clicked on

2018-12-11 11:29:30 - [TEST_STEP][PASSED] - delay: Delayed 1 second(s)

2018-12-11 11:29:31 - [MESSAGE][PASSED] - Delayed 1 second(s)

2018-12-11 11:29:31 - [TEST_STEP][PASSED] - click: Object: 'Object Repository/Final Object Repo/New Registration - Registration Module Pages/Form 2/Select Socso Employement Startdate Month' is clicked on

2018-12-11 11:29:31 - [MESSAGE][PASSED] - Object: 'Object Repository/Final Object Repo/New Registration - Registration Module Pages/Form 2/Select Socso Employement Startdate Month' is clicked on

2018-12-11 11:29:31 - [TEST_STEP][PASSED] - delay: Delayed 2 second(s)

2018-12-11 11:29:33 - [MESSAGE][PASSED] - Delayed 2 second(s)

2018-12-11 11:29:33 - [TEST_STEP][PASSED] - click: Object: 'Object Repository/Final Object Repo/New Registration - Registration Module Pages/Form 2/Socso Employment StartDate Year' is clicked on

2018-12-11 11:29:33 - [MESSAGE][PASSED] - Object: 'Object Repository/Final Object Repo/New Registration - Registration Module Pages/Form 2/Socso Employment StartDate Year' is clicked on

2018-12-11 11:29:33 - [TEST_STEP][PASSED] - delay: Delayed 1 second(s)

2018-12-11 11:29:34 - [MESSAGE][PASSED] - Delayed 1 second(s)

2018-12-11 11:29:34 - [TEST_STEP][PASSED] - click: Object: 'Object Repository/Final Object Repo/New Registration - Registration Module Pages/Form 2/Select Socso Employment Startdate Year' is clicked on

2018-12-11 11:29:34 - [MESSAGE][PASSED] - Object: 'Object Repository/Final Object Repo/New Registration - Registration Module Pages/Form 2/Select Socso Employment Startdate Year' is clicked on

2018-12-11 11:29:34 - [TEST_STEP][PASSED] - delay: Delayed 2 second(s)

2018-12-11 11:29:36 - [MESSAGE][PASSED] - Delayed 2 second(s)

2018-12-11 11:29:36 - [TEST_STEP][PASSED] - click: Object: 'Object Repository/Final Object Repo/New Registration - Registration Module Pages/Form 2/Socso Employment Start Date Day' is clicked on

2018-12-11 11:29:36 - [MESSAGE][PASSED] - Object: 'Object Repository/Final Object Repo/New Registration - Registration Module Pages/Form 2/Socso Employment Start Date Day' is clicked on

2018-12-11 11:29:36 - [TEST_STEP][PASSED] - delay: Delayed 2 second(s)

2018-12-11 11:29:38 - [MESSAGE][PASSED] - Delayed 2 second(s)

2018-12-11 11:29:38 - [TEST_STEP][PASSED] - click: Object: 'Object Repository/Final Object Repo/New Registration - Registration Module Pages/Form 2/Save Button for Add Employee' is clicked on

2018-12-11 11:29:39 - [MESSAGE][PASSED] - Object: 'Object Repository/Final Object Repo/New Registration - Registration Module Pages/Form 2/Save Button for Add Employee' is clicked on

2018-12-11 11:29:39 - [TEST_STEP][PASSED] - delay: Delayed 6 second(s)

2018-12-11 11:29:45 - [MESSAGE][PASSED] - Delayed 6 second(s)

2018-12-11 11:29:45 - [TEST_STEP][PASSED] - click: Object: 'Object Repository/Final Object Repo/New Registration - Registration Module Pages/Form 2/Save and Continue Form 2' is clicked on

2018-12-11 11:29:45 - [MESSAGE][PASSED] - Object: 'Object Repository/Final Object Repo/New Registration - Registration Module Pages/Form 2/Save and Continue Form 2' is clicked on

2018-12-11 11:29:45 - [MESSAGE][PASSED] - Call Test Case 'Test Cases/Final Aug 2018 - PKS Automation/Registration Module/New Registration/Form 2/Add 1 Eligible - Employer Account Use' successfully

2018-12-11 11:29:45 - [TEST_STEP][PASSED] - callTestCase: Call Test Case 'Test Cases/Final Aug 2018 - PKS Automation/Registration Module/New Registration/Flow of New Registration/Third Screen - Upload Supporting Doc - Preview' successfully

2018-12-11 11:29:45 - [TEST_CASE][PASSED] - Test Cases/Final Aug 2018 - PKS Automation/Registration Module/New Registration/Flow of New Registration/Third Screen - Upload Supporting Doc - Preview: Test Cases/Final Aug 2018 - PKS Automation/Registration Module/New Registration/Flow of New Registration/Third Screen - Upload Supporting Doc - Preview

2018-12-11 11:29:45 - [TEST_STEP][PASSED] - waitForPageLoad: Wait for page load successfully

2018-12-11 11:29:46 - [MESSAGE][PASSED] - Wait for page load successfully

2018-12-11 11:29:46 - [TEST_STEP][PASSED] - Statement - CaseReferenceNo = com.kms.katalon.core.webui.keyword.WebUiBuiltInKeywords.getText(com.kms.katalon.core.testobject.ObjectRepository.findTestObject(Final Object Repo/New Registration - Registration Module Pages/Third Screen - Upload Supporting Doc- Preview/RefNo Acquiring)): Text of object 'Object Repository/Final Object Repo/New Registration - Registration Module Pages/Third Screen - Upload Supporting Doc- Preview/RefNo Acquiring' is: 'CRN12201800123162'

2018-12-11 11:29:46 - [MESSAGE][PASSED] - Text of object 'Object Repository/Final Object Repo/New Registration - Registration Module Pages/Third Screen - Upload Supporting Doc- Preview/RefNo Acquiring' is: 'CRN12201800123162'

2018-12-11 11:29:46 - [TEST_STEP][PASSED] - delay: Delayed 2 second(s)

2018-12-11 11:29:48 - [MESSAGE][PASSED] - Delayed 2 second(s)

2018-12-11 11:29:48 - [TEST_STEP][PASSED] - callTestCase: Call Test Case 'Test Cases/Final Aug 2018 - PKS Automation/Common/Reference Number Setter' successfully

2018-12-11 11:29:48 - [TEST_CASE][PASSED] - Test Cases/Final Aug 2018 - PKS Automation/Common/Reference Number Setter: Test Cases/Final Aug 2018 - PKS Automation/Common/Reference Number Setter

2018-12-11 11:29:48 - [TEST_STEP][PASSED] - Statement - RefNoOldFile = new java.io.File(C://Users//Admin//Desktop//PKS//Automation Reference Point//KatalonReference.txt): null

2018-12-11 11:29:48 - [TEST_STEP][PASSED] - Statement - RefNoOldFile.delete(): null

2018-12-11 11:29:48 - [TEST_STEP][PASSED] - delay: Delayed 5 second(s)

2018-12-11 11:29:53 - [MESSAGE][PASSED] - Delayed 5 second(s)

2018-12-11 11:29:53 - [TEST_STEP][PASSED] - Statement - RefNo = new java.io.File(C://Users//Admin//Desktop//PKS//Automation Reference Point//KatalonReference.txt): null

2018-12-11 11:29:53 - [TEST_STEP][PASSED] - Statement - f2 = new java.io.FileWriter(RefNo, false): null

2018-12-11 11:29:53 - [TEST_STEP][PASSED] - Statement - f2.write(CaseReferenceNo): null

2018-12-11 11:29:53 - [TEST_STEP][PASSED] - Statement - f2.close(): null

2018-12-11 11:29:53 - [TEST_STEP][PASSED] - Statement - out.println("


" + CaseReferenceNo + "


"): null

2018-12-11 11:29:53 - [MESSAGE][PASSED] - Call Test Case 'Test Cases/Final Aug 2018 - PKS Automation/Common/Reference Number Setter' successfully

2018-12-11 11:29:53 - [TEST_STEP][PASSED] - waitForElementClickable: Object 'Object Repository/Final Object Repo/New Registration - Registration Module Pages/Third Screen - Upload Supporting Doc- Preview/Save n Continue in SIP Employee Listing Page' is clickable

2018-12-11 11:29:53 - [MESSAGE][PASSED] - Object 'Object Repository/Final Object Repo/New Registration - Registration Module Pages/Third Screen - Upload Supporting Doc- Preview/Save n Continue in SIP Employee Listing Page' is clickable

2018-12-11 11:29:53 - [TEST_STEP][PASSED] - click: Object: 'Object Repository/Final Object Repo/New Registration - Registration Module Pages/Third Screen - Upload Supporting Doc- Preview/Save n Continue in SIP Employee Listing Page' is clicked on

2018-12-11 11:29:58 - [MESSAGE][PASSED] - Object: 'Object Repository/Final Object Repo/New Registration - Registration Module Pages/Third Screen - Upload Supporting Doc- Preview/Save n Continue in SIP Employee Listing Page' is clicked on

2018-12-11 11:29:58 - [TEST_STEP][PASSED] - delay: Delayed 7 second(s)

2018-12-11 11:30:05 - [MESSAGE][PASSED] - Delayed 7 second(s)

2018-12-11 11:30:05 - [TEST_STEP][PASSED] - click: Object: 'Object Repository/Final Object Repo/New Registration - Registration Module Pages/Third Screen - Upload Supporting Doc- Preview/Add Document Button' is clicked on

2018-12-11 11:30:05 - [MESSAGE][PASSED] - Object: 'Object Repository/Final Object Repo/New Registration - Registration Module Pages/Third Screen - Upload Supporting Doc- Preview/Add Document Button' is clicked on

2018-12-11 11:30:05 - [TEST_STEP][PASSED] - delay: Delayed 30 second(s)

2018-12-11 11:30:35 - [MESSAGE][PASSED] - Delayed 30 second(s)

2018-12-11 11:30:35 - [TEST_STEP][PASSED] - click: Object: 'Object Repository/Final Object Repo/New Registration - Registration Module Pages/Third Screen - Upload Supporting Doc- Preview/Supporting Doc Please Select Drop Down' is clicked on

2018-12-11 11:30:36 - [MESSAGE][PASSED] - Object: 'Object Repository/Final Object Repo/New Registration - Registration Module Pages/Third Screen - Upload Supporting Doc- Preview/Supporting Doc Please Select Drop Down' is clicked on

2018-12-11 11:30:36 - [TEST_STEP][PASSED] - delay: Delayed 2 second(s)

2018-12-11 11:30:38 - [MESSAGE][PASSED] - Delayed 2 second(s)

2018-12-11 11:30:38 - [TEST_STEP][PASSED] - click: Object: 'Object Repository/Final Object Repo/New Registration - Registration Module Pages/Third Screen - Upload Supporting Doc- Preview/Select to Upload Form 1' is clicked on

2018-12-11 11:30:38 - [MESSAGE][PASSED] - Object: 'Object Repository/Final Object Repo/New Registration - Registration Module Pages/Third Screen - Upload Supporting Doc- Preview/Select to Upload Form 1' is clicked on

2018-12-11 11:30:38 - [TEST_STEP][PASSED] - delay: Delayed 2 second(s)

2018-12-11 11:30:40 - [MESSAGE][PASSED] - Delayed 2 second(s)

2018-12-11 11:30:40 - [TEST_STEP][PASSED] - uploadFile: File 'C:\Users\Public\Pictures\Sample Pictures\Koala.jpg' sent to object: 'Object Repository/Final Object Repo/New Registration - Registration Module Pages/Third Screen - Upload Supporting Doc- Preview/Upload File Adding'

2018-12-11 11:30:40 - [MESSAGE][PASSED] - File 'C:\Users\Public\Pictures\Sample Pictures\Koala.jpg' sent to object: 'Object Repository/Final Object Repo/New Registration - Registration Module Pages/Third Screen - Upload Supporting Doc- Preview/Upload File Adding'

2018-12-11 11:30:40 - [TEST_STEP][PASSED] - delay: Delayed 5 second(s)

2018-12-11 11:30:45 - [MESSAGE][PASSED] - Delayed 5 second(s)

2018-12-11 11:30:45 - [TEST_STEP][PASSED] - click: Object: 'Object Repository/Final Object Repo/New Registration - Registration Module Pages/Third Screen - Upload Supporting Doc- Preview/Inner Form Add Document Button' is clicked on

2018-12-11 11:30:45 - [MESSAGE][PASSED] - Object: 'Object Repository/Final Object Repo/New Registration - Registration Module Pages/Third Screen - Upload Supporting Doc- Preview/Inner Form Add Document Button' is clicked on

2018-12-11 11:30:45 - [TEST_STEP][PASSED] - delay: Delayed 3 second(s)

2018-12-11 11:30:48 - [MESSAGE][PASSED] - Delayed 3 second(s)

2018-12-11 11:30:48 - [TEST_STEP][PASSED] - click: Object: 'Object Repository/Final Object Repo/New Registration - Registration Module Pages/Third Screen - Upload Supporting Doc- Preview/Add Document Button' is clicked on

2018-12-11 11:30:50 - [MESSAGE][PASSED] - Object: 'Object Repository/Final Object Repo/New Registration - Registration Module Pages/Third Screen - Upload Supporting Doc- Preview/Add Document Button' is clicked on

2018-12-11 11:30:50 - [TEST_STEP][PASSED] - delay: Delayed 30 second(s)

2018-12-11 11:31:20 - [MESSAGE][PASSED] - Delayed 30 second(s)

2018-12-11 11:31:20 - [TEST_STEP][PASSED] - click: Object: 'Object Repository/Final Object Repo/New Registration - Registration Module Pages/Third Screen - Upload Supporting Doc- Preview/Supporting Doc Please Select Drop Down' is clicked on

2018-12-11 11:31:20 - [MESSAGE][PASSED] - Object: 'Object Repository/Final Object Repo/New Registration - Registration Module Pages/Third Screen - Upload Supporting Doc- Preview/Supporting Doc Please Select Drop Down' is clicked on

2018-12-11 11:31:20 - [TEST_STEP][PASSED] - delay: Delayed 4 second(s)

2018-12-11 11:31:24 - [MESSAGE][PASSED] - Delayed 4 second(s)

2018-12-11 11:31:24 - [TEST_STEP][PASSED] - click: Object: 'Object Repository/Final Object Repo/New Registration - Registration Module Pages/Third Screen - Upload Supporting Doc- Preview/Select to Upload Form 2' is clicked on

2018-12-11 11:31:24 - [MESSAGE][PASSED] - Object: 'Object Repository/Final Object Repo/New Registration - Registration Module Pages/Third Screen - Upload Supporting Doc- Preview/Select to Upload Form 2' is clicked on

2018-12-11 11:31:24 - [TEST_STEP][PASSED] - delay: Delayed 2 second(s)

2018-12-11 11:31:26 - [MESSAGE][PASSED] - Delayed 2 second(s)

2018-12-11 11:31:26 - [TEST_STEP][PASSED] - uploadFile: File 'C:\Users\Public\Pictures\Sample Pictures\Koala.jpg' sent to object: 'Object Repository/Final Object Repo/New Registration - Registration Module Pages/Third Screen - Upload Supporting Doc- Preview/Upload File Adding'

2018-12-11 11:31:26 - [MESSAGE][PASSED] - File 'C:\Users\Public\Pictures\Sample Pictures\Koala.jpg' sent to object: 'Object Repository/Final Object Repo/New Registration - Registration Module Pages/Third Screen - Upload Supporting Doc- Preview/Upload File Adding'

2018-12-11 11:31:26 - [TEST_STEP][PASSED] - click: Object: 'Object Repository/Final Object Repo/New Registration - Registration Module Pages/Third Screen - Upload Supporting Doc- Preview/Inner Form Add Document Button' is clicked on

2018-12-11 11:31:26 - [MESSAGE][PASSED] - Object: 'Object Repository/Final Object Repo/New Registration - Registration Module Pages/Third Screen - Upload Supporting Doc- Preview/Inner Form Add Document Button' is clicked on

2018-12-11 11:31:26 - [TEST_STEP][PASSED] - delay: Delayed 5 second(s)

2018-12-11 11:31:31 - [MESSAGE][PASSED] - Delayed 5 second(s)

2018-12-11 11:31:31 - [TEST_STEP][PASSED] - click: Object: 'Object Repository/Final Object Repo/New Registration - Registration Module Pages/Third Screen - Upload Supporting Doc- Preview/Add Document Button' is clicked on

2018-12-11 11:31:31 - [MESSAGE][PASSED] - Object: 'Object Repository/Final Object Repo/New Registration - Registration Module Pages/Third Screen - Upload Supporting Doc- Preview/Add Document Button' is clicked on

2018-12-11 11:31:31 - [TEST_STEP][PASSED] - delay: Delayed 30 second(s)

2018-12-11 11:32:01 - [MESSAGE][PASSED] - Delayed 30 second(s)

2018-12-11 11:32:01 - [TEST_STEP][PASSED] - click: Object: 'Object Repository/Final Object Repo/New Registration - Registration Module Pages/Third Screen - Upload Supporting Doc- Preview/Supporting Doc Please Select Drop Down' is clicked on

2018-12-11 11:32:02 - [MESSAGE][PASSED] - Object: 'Object Repository/Final Object Repo/New Registration - Registration Module Pages/Third Screen - Upload Supporting Doc- Preview/Supporting Doc Please Select Drop Down' is clicked on

2018-12-11 11:32:02 - [TEST_STEP][PASSED] - click: Object: 'Object Repository/Final Object Repo/New Registration - Registration Module Pages/Third Screen - Upload Supporting Doc- Preview/Select to Upload Borang SIP 1' is clicked on

2018-12-11 11:32:02 - [MESSAGE][PASSED] - Object: 'Object Repository/Final Object Repo/New Registration - Registration Module Pages/Third Screen - Upload Supporting Doc- Preview/Select to Upload Borang SIP 1' is clicked on

2018-12-11 11:32:02 - [TEST_STEP][PASSED] - delay: Delayed 2 second(s)

2018-12-11 11:32:04 - [MESSAGE][PASSED] - Delayed 2 second(s)

2018-12-11 11:32:04 - [TEST_STEP][PASSED] - uploadFile: File 'C:\Users\Public\Pictures\Sample Pictures\Koala.jpg' sent to object: 'Object Repository/Final Object Repo/New Registration - Registration Module Pages/Third Screen - Upload Supporting Doc- Preview/Upload File Adding'

2018-12-11 11:32:04 - [MESSAGE][PASSED] - File 'C:\Users\Public\Pictures\Sample Pictures\Koala.jpg' sent to object: 'Object Repository/Final Object Repo/New Registration - Registration Module Pages/Third Screen - Upload Supporting Doc- Preview/Upload File Adding'

2018-12-11 11:32:04 - [TEST_STEP][PASSED] - click: Object: 'Object Repository/Final Object Repo/New Registration - Registration Module Pages/Third Screen - Upload Supporting Doc- Preview/Inner Form Add Document Button' is clicked on

2018-12-11 11:32:04 - [MESSAGE][PASSED] - Object: 'Object Repository/Final Object Repo/New Registration - Registration Module Pages/Third Screen - Upload Supporting Doc- Preview/Inner Form Add Document Button' is clicked on

2018-12-11 11:32:04 - [TEST_STEP][PASSED] - delay: Delayed 5 second(s)

2018-12-11 11:32:09 - [MESSAGE][PASSED] - Delayed 5 second(s)

2018-12-11 11:32:09 - [TEST_STEP][PASSED] - click: Object: 'Object Repository/Final Object Repo/New Registration - Registration Module Pages/Third Screen - Upload Supporting Doc- Preview/Add Document Button' is clicked on

2018-12-11 11:32:09 - [MESSAGE][PASSED] - Object: 'Object Repository/Final Object Repo/New Registration - Registration Module Pages/Third Screen - Upload Supporting Doc- Preview/Add Document Button' is clicked on

2018-12-11 11:32:09 - [TEST_STEP][PASSED] - delay: Delayed 30 second(s)

2018-12-11 11:32:39 - [MESSAGE][PASSED] - Delayed 30 second(s)

2018-12-11 11:32:39 - [TEST_STEP][PASSED] - click: Object: 'Object Repository/Final Object Repo/New Registration - Registration Module Pages/Third Screen - Upload Supporting Doc- Preview/Supporting Doc Please Select Drop Down' is clicked on

2018-12-11 11:32:39 - [MESSAGE][PASSED] - Object: 'Object Repository/Final Object Repo/New Registration - Registration Module Pages/Third Screen - Upload Supporting Doc- Preview/Supporting Doc Please Select Drop Down' is clicked on

2018-12-11 11:32:39 - [TEST_STEP][PASSED] - delay: Delayed 3 second(s)

2018-12-11 11:32:42 - [MESSAGE][PASSED] - Delayed 3 second(s)

2018-12-11 11:32:42 - [TEST_STEP][PASSED] - click: Object: 'Object Repository/Final Object Repo/New Registration - Registration Module Pages/Third Screen - Upload Supporting Doc- Preview/Select to Upload Borang SIP 2' is clicked on

2018-12-11 11:32:43 - [MESSAGE][PASSED] - Object: 'Object Repository/Final Object Repo/New Registration - Registration Module Pages/Third Screen - Upload Supporting Doc- Preview/Select to Upload Borang SIP 2' is clicked on

2018-12-11 11:32:43 - [TEST_STEP][PASSED] - delay: Delayed 2 second(s)

2018-12-11 11:32:45 - [MESSAGE][PASSED] - Delayed 2 second(s)

2018-12-11 11:32:45 - [TEST_STEP][PASSED] - uploadFile: File 'C:\Users\Public\Pictures\Sample Pictures\Koala.jpg' sent to object: 'Object Repository/Final Object Repo/New Registration - Registration Module Pages/Third Screen - Upload Supporting Doc- Preview/Upload File Adding'

2018-12-11 11:32:45 - [MESSAGE][PASSED] - File 'C:\Users\Public\Pictures\Sample Pictures\Koala.jpg' sent to object: 'Object Repository/Final Object Repo/New Registration - Registration Module Pages/Third Screen - Upload Supporting Doc- Preview/Upload File Adding'

2018-12-11 11:32:45 - [TEST_STEP][PASSED] - delay: Delayed 5 second(s)

2018-12-11 11:32:50 - [MESSAGE][PASSED] - Delayed 5 second(s)

2018-12-11 11:32:50 - [TEST_STEP][PASSED] - click: Object: 'Object Repository/Final Object Repo/New Registration - Registration Module Pages/Third Screen - Upload Supporting Doc- Preview/Inner Form Add Document Button' is clicked on

2018-12-11 11:32:50 - [MESSAGE][PASSED] - Object: 'Object Repository/Final Object Repo/New Registration - Registration Module Pages/Third Screen - Upload Supporting Doc- Preview/Inner Form Add Document Button' is clicked on

2018-12-11 11:32:50 - [TEST_STEP][PASSED] - delay: Delayed 3 second(s)

2018-12-11 11:32:53 - [MESSAGE][PASSED] - Delayed 3 second(s)

2018-12-11 11:32:53 - [TEST_STEP][PASSED] - waitForElementClickable: Object 'Object Repository/Final Object Repo/New Registration - Registration Module Pages/Third Screen - Upload Supporting Doc- Preview/Save n Continue in Uploading Supporting Doc Page' is clickable

2018-12-11 11:32:54 - [MESSAGE][PASSED] - Object 'Object Repository/Final Object Repo/New Registration - Registration Module Pages/Third Screen - Upload Supporting Doc- Preview/Save n Continue in Uploading Supporting Doc Page' is clickable

2018-12-11 11:32:54 - [TEST_STEP][PASSED] - click: Object: 'Object Repository/Final Object Repo/New Registration - Registration Module Pages/Third Screen - Upload Supporting Doc- Preview/Save n Continue in Uploading Supporting Doc Page' is clicked on

2018-12-11 11:32:54 - [MESSAGE][PASSED] - Object: 'Object Repository/Final Object Repo/New Registration - Registration Module Pages/Third Screen - Upload Supporting Doc- Preview/Save n Continue in Uploading Supporting Doc Page' is clicked on

2018-12-11 11:32:54 - [MESSAGE][PASSED] - Call Test Case 'Test Cases/Final Aug 2018 - PKS Automation/Registration Module/New Registration/Flow of New Registration/Third Screen - Upload Supporting Doc - Preview' successfully

2018-12-11 11:32:54 - [TEST_STEP][PASSED] - setText: Text 'Tester' is set on object 'Object Repository/Final Object Repo/New Registration - Registration Module Pages/New Reg - OTC to RO/Special Case - All Related Objects/Employer Preview Name'

2018-12-11 11:33:00 - [MESSAGE][PASSED] - Text 'Tester' is set on object 'Object Repository/Final Object Repo/New Registration - Registration Module Pages/New Reg - OTC to RO/Special Case - All Related Objects/Employer Preview Name'

2018-12-11 11:33:00 - [TEST_STEP][PASSED] - click: Object: 'Object Repository/Final Object Repo/New Registration - Registration Module Pages/New Reg - OTC to RO/Special Case - All Related Objects/IC Type Drop Down' is clicked on

2018-12-11 11:33:00 - [MESSAGE][PASSED] - Object: 'Object Repository/Final Object Repo/New Registration - Registration Module Pages/New Reg - OTC to RO/Special Case - All Related Objects/IC Type Drop Down' is clicked on

2018-12-11 11:33:00 - [TEST_STEP][PASSED] - click: Object: 'Object Repository/Final Object Repo/New Registration - Registration Module Pages/New Reg - OTC to RO/Special Case - All Related Objects/Select to NRIC' is clicked on

2018-12-11 11:33:00 - [MESSAGE][PASSED] - Object: 'Object Repository/Final Object Repo/New Registration - Registration Module Pages/New Reg - OTC to RO/Special Case - All Related Objects/Select to NRIC' is clicked on

2018-12-11 11:33:00 - [TEST_STEP][PASSED] - setText: Text '133245561223' is set on object 'Object Repository/Final Object Repo/New Registration - Registration Module Pages/New Reg - OTC to RO/Special Case - All Related Objects/IC Value'

2018-12-11 11:33:00 - [MESSAGE][PASSED] - Text '133245561223' is set on object 'Object Repository/Final Object Repo/New Registration - Registration Module Pages/New Reg - OTC to RO/Special Case - All Related Objects/IC Value'

2018-12-11 11:33:00 - [TEST_STEP][PASSED] - setText: Text 'Auto' is set on object 'Object Repository/Final Object Repo/New Registration - Registration Module Pages/New Reg - OTC to RO/Special Case - All Related Objects/Designation'

2018-12-11 11:33:01 - [MESSAGE][PASSED] - Text 'Auto' is set on object 'Object Repository/Final Object Repo/New Registration - Registration Module Pages/New Reg - OTC to RO/Special Case - All Related Objects/Designation'

2018-12-11 11:33:01 - [TEST_STEP][PASSED] - callTestCase: Call Test Case 'Test Cases/Final Aug 2018 - PKS Automation/Registration Module/New Registration/Submit and Screenshot/Submit Registration and Screenshot - Copy' successfully

2018-12-11 11:33:01 - [TEST_CASE][PASSED] - Test Cases/Final Aug 2018 - PKS Automation/Registration Module/New Registration/Submit and Screenshot/Submit Registration and Screenshot - Copy: Test Cases/Final Aug 2018 - PKS Automation/Registration Module/New Registration/Submit and Screenshot/Submit Registration and Screenshot - Copy

2018-12-11 11:33:01 - [TEST_STEP][PASSED] - delay: Delayed 6 second(s)

2018-12-11 11:33:07 - [MESSAGE][PASSED] - Delayed 6 second(s)

2018-12-11 11:33:07 - [TEST_STEP][PASSED] - click: Object: 'Object Repository/Final Object Repo/New Registration - Registration Module Pages/Third Screen - Upload Supporting Doc- Preview/Preview Submit Button' is clicked on

2018-12-11 11:33:07 - [MESSAGE][PASSED] - Object: 'Object Repository/Final Object Repo/New Registration - Registration Module Pages/Third Screen - Upload Supporting Doc- Preview/Preview Submit Button' is clicked on

2018-12-11 11:33:07 - [TEST_STEP][PASSED] - delay: Delayed 2 second(s)

2018-12-11 11:33:09 - [MESSAGE][PASSED] - Delayed 2 second(s)

2018-12-11 11:33:09 - [TEST_STEP][PASSED] - click: Object: 'Object Repository/Final Object Repo/New Registration - Registration Module Pages/Third Screen - Upload Supporting Doc- Preview/Preview Submit - Confirm' is clicked on

2018-12-11 11:33:09 - [MESSAGE][PASSED] - Object: 'Object Repository/Final Object Repo/New Registration - Registration Module Pages/Third Screen - Upload Supporting Doc- Preview/Preview Submit - Confirm' is clicked on

2018-12-11 11:33:09 - [TEST_STEP][PASSED] - delay: Delayed 15 second(s)

2018-12-11 11:33:24 - [MESSAGE][PASSED] - Delayed 15 second(s)

2018-12-11 11:33:24 - [TEST_STEP][PASSED] - Statement - driver = com.kms.katalon.core.webui.driver.DriverFactory.getWebDriver(): null

2018-12-11 11:33:24 - [TEST_STEP][PASSED] - Statement - driver.manage().timeouts().implicitlyWait(10, SECONDS): null

2018-12-11 11:33:24 - [TEST_STEP][PASSED] - Statement - PresavePath = KatalonScreenshots: null

2018-12-11 11:33:24 - [TEST_STEP][PASSED] - Statement - pathPrefix = "C:\Users\Public\Pictures\Sample Pictures\Katalon Screenshots\Automate Ending Screen": null

2018-12-11 11:33:24 - [TEST_STEP][PASSED] - Statement - finalPath = <not implemented yet for class: org.codehaus.groovy.ast.expr.EmptyExpression>: null

2018-12-11 11:33:24 - [TEST_STEP][PASSED] - Statement - scrFile = driver.getScreenshotAs(FILE): null

2018-12-11 11:33:24 - [TEST_STEP][PASSED] - Statement - PreSaveFile = new java.io.File(PresavePath): null

2018-12-11 11:33:24 - [TEST_STEP][PASSED] - Statement - counter = 0: null

2018-12-11 11:33:24 - [TEST_STEP][PASSED] - Statement - If (PreSaveFile.exists()): null

2018-12-11 11:33:24 - [TEST_STEP][PASSED] - Statement - While (PreSaveFile.exists()): null

2018-12-11 11:33:24 - [TEST_STEP][PASSED] - Statement - counter = counter + 1: null

2018-12-11 11:33:24 - [TEST_STEP][PASSED] - Statement - PreSaveFile = new java.io.File(((pathPrefix + java.lang.Integer.toString(counter)) + .png)): null

2018-12-11 11:33:24 - [TEST_STEP][PASSED] - Statement - counter = counter + 1: null

2018-12-11 11:33:24 - [TEST_STEP][PASSED] - Statement - PreSaveFile = new java.io.File(((pathPrefix + java.lang.Integer.toString(counter)) + .png)): null

2018-12-11 11:33:24 - [TEST_STEP][PASSED] - Statement - counter = counter + 1: null

2018-12-11 11:33:24 - [TEST_STEP][PASSED] - Statement - PreSaveFile = new java.io.File(((pathPrefix + java.lang.Integer.toString(counter)) + .png)): null

2018-12-11 11:33:24 - [TEST_STEP][PASSED] - Statement - counter = counter + 1: null

2018-12-11 11:33:24 - [TEST_STEP][PASSED] - Statement - PreSaveFile = new java.io.File(((pathPrefix + java.lang.Integer.toString(counter)) + .png)): null

2018-12-11 11:33:24 - [TEST_STEP][PASSED] - Statement - counter = counter + 1: null

2018-12-11 11:33:24 - [TEST_STEP][PASSED] - Statement - PreSaveFile = new java.io.File(((pathPrefix + java.lang.Integer.toString(counter)) + .png)): null

2018-12-11 11:33:24 - [TEST_STEP][PASSED] - Statement - counter = counter + 1: null

2018-12-11 11:33:24 - [TEST_STEP][PASSED] - Statement - PreSaveFile = new java.io.File(((pathPrefix + java.lang.Integer.toString(counter)) + .png)): null

2018-12-11 11:33:24 - [TEST_STEP][PASSED] - Statement - counter = counter + 1: null

2018-12-11 11:33:24 - [TEST_STEP][PASSED] - Statement - PreSaveFile = new java.io.File(((pathPrefix + java.lang.Integer.toString(counter)) + .png)): null

2018-12-11 11:33:24 - [TEST_STEP][PASSED] - Statement - counter = counter + 1: null

2018-12-11 11:33:24 - [TEST_STEP][PASSED] - Statement - PreSaveFile = new java.io.File(((pathPrefix + java.lang.Integer.toString(counter)) + .png)): null

2018-12-11 11:33:24 - [TEST_STEP][PASSED] - Statement - counter = counter + 1: null

2018-12-11 11:33:24 - [TEST_STEP][PASSED] - Statement - PreSaveFile = new java.io.File(((pathPrefix + java.lang.Integer.toString(counter)) + .png)): null

2018-12-11 11:33:24 - [TEST_STEP][PASSED] - Statement - counter = counter + 1: null

2018-12-11 11:33:24 - [TEST_STEP][PASSED] - Statement - PreSaveFile = new java.io.File(((pathPrefix + java.lang.Integer.toString(counter)) + .png)): null

2018-12-11 11:33:24 - [TEST_STEP][PASSED] - Statement - counter = counter + 1: null

2018-12-11 11:33:24 - [TEST_STEP][PASSED] - Statement - PreSaveFile = new java.io.File(((pathPrefix + java.lang.Integer.toString(counter)) + .png)): null

2018-12-11 11:33:24 - [TEST_STEP][PASSED] - Statement - counter = counter + 1: null

2018-12-11 11:33:24 - [TEST_STEP][PASSED] - Statement - PreSaveFile = new java.io.File(((pathPrefix + java.lang.Integer.toString(counter)) + .png)): null

2018-12-11 11:33:24 - [TEST_STEP][PASSED] - Statement - counter = counter + 1: null

2018-12-11 11:33:24 - [TEST_STEP][PASSED] - Statement - PreSaveFile = new java.io.File(((pathPrefix + java.lang.Integer.toString(counter)) + .png)): null

2018-12-11 11:33:24 - [TEST_STEP][PASSED] - Statement - counter = counter + 1: null

2018-12-11 11:33:24 - [TEST_STEP][PASSED] - Statement - PreSaveFile = new java.io.File(((pathPrefix + java.lang.Integer.toString(counter)) + .png)): null

2018-12-11 11:33:24 - [TEST_STEP][PASSED] - Statement - counter = counter + 1: null

2018-12-11 11:33:24 - [TEST_STEP][PASSED] - Statement - PreSaveFile = new java.io.File(((pathPrefix + java.lang.Integer.toString(counter)) + .png)): null

2018-12-11 11:33:24 - [TEST_STEP][PASSED] - Statement - counter = counter + 1: null

2018-12-11 11:33:24 - [TEST_STEP][PASSED] - Statement - PreSaveFile = new java.io.File(((pathPrefix + java.lang.Integer.toString(counter)) + .png)): null

2018-12-11 11:33:24 - [TEST_STEP][PASSED] - Statement - counter = counter + 1: null

2018-12-11 11:33:24 - [TEST_STEP][PASSED] - Statement - PreSaveFile = new java.io.File(((pathPrefix + java.lang.Integer.toString(counter)) + .png)): null

2018-12-11 11:33:24 - [TEST_STEP][PASSED] - Statement - counter = counter + 1: null

2018-12-11 11:33:24 - [TEST_STEP][PASSED] - Statement - PreSaveFile = new java.io.File(((pathPrefix + java.lang.Integer.toString(counter)) + .png)): null

2018-12-11 11:33:24 - [TEST_STEP][PASSED] - Statement - counter = counter + 1: null

2018-12-11 11:33:24 - [TEST_STEP][PASSED] - Statement - PreSaveFile = new java.io.File(((pathPrefix + java.lang.Integer.toString(counter)) + .png)): null

2018-12-11 11:33:24 - [TEST_STEP][PASSED] - Statement - counter = counter + 1: null

2018-12-11 11:33:24 - [TEST_STEP][PASSED] - Statement - PreSaveFile = new java.io.File(((pathPrefix + java.lang.Integer.toString(counter)) + .png)): null

2018-12-11 11:33:24 - [TEST_STEP][PASSED] - Statement - counter = counter + 1: null

2018-12-11 11:33:24 - [TEST_STEP][PASSED] - Statement - PreSaveFile = new java.io.File(((pathPrefix + java.lang.Integer.toString(counter)) + .png)): null

2018-12-11 11:33:24 - [TEST_STEP][PASSED] - Statement - counter = counter + 1: null

2018-12-11 11:33:24 - [TEST_STEP][PASSED] - Statement - PreSaveFile = new java.io.File(((pathPrefix + java.lang.Integer.toString(counter)) + .png)): null

2018-12-11 11:33:24 - [TEST_STEP][PASSED] - Statement - counter = counter + 1: null

2018-12-11 11:33:24 - [TEST_STEP][PASSED] - Statement - PreSaveFile = new java.io.File(((pathPrefix + java.lang.Integer.toString(counter)) + .png)): null

2018-12-11 11:33:24 - [TEST_STEP][PASSED] - Statement - counter = counter + 1: null

2018-12-11 11:33:24 - [TEST_STEP][PASSED] - Statement - PreSaveFile = new java.io.File(((pathPrefix + java.lang.Integer.toString(counter)) + .png)): null

2018-12-11 11:33:24 - [TEST_STEP][PASSED] - Statement - counter = counter + 1: null

2018-12-11 11:33:24 - [TEST_STEP][PASSED] - Statement - PreSaveFile = new java.io.File(((pathPrefix + java.lang.Integer.toString(counter)) + .png)): null

2018-12-11 11:33:24 - [TEST_STEP][PASSED] - Statement - counter = counter + 1: null

2018-12-11 11:33:24 - [TEST_STEP][PASSED] - Statement - PreSaveFile = new java.io.File(((pathPrefix + java.lang.Integer.toString(counter)) + .png)): null

2018-12-11 11:33:24 - [TEST_STEP][PASSED] - Statement - counter = counter + 1: null

2018-12-11 11:33:24 - [TEST_STEP][PASSED] - Statement - PreSaveFile = new java.io.File(((pathPrefix + java.lang.Integer.toString(counter)) + .png)): null

2018-12-11 11:33:24 - [TEST_STEP][PASSED] - Statement - counter = counter + 1: null

2018-12-11 11:33:24 - [TEST_STEP][PASSED] - Statement - PreSaveFile = new java.io.File(((pathPrefix + java.lang.Integer.toString(counter)) + .png)): null

2018-12-11 11:33:24 - [TEST_STEP][PASSED] - Statement - counter = counter + 1: null

2018-12-11 11:33:24 - [TEST_STEP][PASSED] - Statement - PreSaveFile = new java.io.File(((pathPrefix + java.lang.Integer.toString(counter)) + .png)): null

2018-12-11 11:33:24 - [TEST_STEP][PASSED] - Statement - counter = counter + 1: null

2018-12-11 11:33:24 - [TEST_STEP][PASSED] - Statement - PreSaveFile = new java.io.File(((pathPrefix + java.lang.Integer.toString(counter)) + .png)): null

2018-12-11 11:33:24 - [TEST_STEP][PASSED] - Statement - counter = counter + 1: null

2018-12-11 11:33:24 - [TEST_STEP][PASSED] - Statement - PreSaveFile = new java.io.File(((pathPrefix + java.lang.Integer.toString(counter)) + .png)): null

2018-12-11 11:33:24 - [TEST_STEP][PASSED] - Statement - counter = counter + 1: null

2018-12-11 11:33:24 - [TEST_STEP][PASSED] - Statement - PreSaveFile = new java.io.File(((pathPrefix + java.lang.Integer.toString(counter)) + .png)): null

2018-12-11 11:33:24 - [TEST_STEP][PASSED] - Statement - finalPath = pathPrefix + java.lang.Integer.toString(counter) + ".png": null

2018-12-11 11:33:24 - [TEST_STEP][PASSED] - Statement - SaveFile = new java.io.File(finalPath): null

2018-12-11 11:33:24 - [TEST_STEP][PASSED] - Statement - Try: null

2018-12-11 11:33:24 - [TEST_STEP][PASSED] - Statement - org.apache.commons.io.FileUtils.copyFile(scrFile, SaveFile): null

2018-12-11 11:33:24 - [TEST_STEP][PASSED] - Statement - out.println("file kept"): null

2018-12-11 11:33:24 - [TEST_STEP][PASSED] - delay: Delayed 10 second(s)

2018-12-11 11:33:34 - [MESSAGE][PASSED] - Delayed 10 second(s)

2018-12-11 11:33:34 - [MESSAGE][PASSED] - Call Test Case 'Test Cases/Final Aug 2018 - PKS Automation/Registration Module/New Registration/Submit and Screenshot/Submit Registration and Screenshot - Copy' successfully

2018-12-11 11:33:34 - [TEST_STEP][PASSED] - Statement - UpdateAddNewECode = com.kms.katalon.core.webui.keyword.WebUiBuiltInKeywords.getText(com.kms.katalon.core.testobject.ObjectRepository.findTestObject(Object Repository/Final Object Repo/Page_Update Add New Employee - ASSIST/getEmpCode)): Text of object 'Object Repository/Final Object Repo/Page_Update Add New Employee - ASSIST/getEmpCode' is: 'E1102070740F'

2018-12-11 11:33:35 - [MESSAGE][PASSED] - Text of object 'Object Repository/Final Object Repo/Page_Update Add New Employee - ASSIST/getEmpCode' is: 'E1102070740F'

2018-12-11 11:33:35 - [TEST_STEP][PASSED] - callTestCase: Call Test Case 'Test Cases/Final Aug 2018 - PKS Automation/Common/Emp Code Setter' successfully

2018-12-11 11:33:35 - [TEST_CASE][PASSED] - Test Cases/Final Aug 2018 - PKS Automation/Common/Emp Code Setter: Test Cases/Final Aug 2018 - PKS Automation/Common/Emp Code Setter

2018-12-11 11:33:35 - [TEST_STEP][PASSED] - Statement - EmpCodeOld = new java.io.File(C://Users//Admin//Desktop//PKS//Automation Reference Point//EmpCode.txt): null

2018-12-11 11:33:35 - [TEST_STEP][PASSED] - Statement - EmpCodeOld.delete(): null

2018-12-11 11:33:35 - [TEST_STEP][PASSED] - Statement - EmpCode = new java.io.File(C://Users//Admin//Desktop//PKS//Automation Reference Point//EmpCode.txt): null

2018-12-11 11:33:35 - [TEST_STEP][PASSED] - Statement - f2 = new java.io.FileWriter(EmpCode, false): null

2018-12-11 11:33:35 - [TEST_STEP][PASSED] - Statement - f2.write(UpdateAddNewECode): null

2018-12-11 11:33:35 - [TEST_STEP][PASSED] - Statement - f2.close(): null

2018-12-11 11:33:35 - [TEST_STEP][PASSED] - Statement - out.println("


" + UpdateAddNewECode + "


"): null

2018-12-11 11:33:35 - [MESSAGE][PASSED] - Call Test Case 'Test Cases/Final Aug 2018 - PKS Automation/Common/Emp Code Setter' successfully

2018-12-11 11:33:35 - [MESSAGE][PASSED] - Call Test Case 'Test Cases/Final Aug 2018 - PKS Automation/Registration Module/Workflow/Update Add New Employee/Template/New Company for Update Add New - Employer' successfully

2018-12-11 11:33:35 - [TEST_STEP][PASSED] - callTestCase: Call Test Case 'Test Cases/Final Aug 2018 - PKS Automation/Create Employer Acc/Login to Employer Account (Second time)' successfully

2018-12-11 11:33:35 - [TEST_CASE][PASSED] - Test Cases/Final Aug 2018 - PKS Automation/Create Employer Acc/Login to Employer Account (Second time): Test Cases/Final Aug 2018 - PKS Automation/Create Employer Acc/Login to Employer Account (Second time)

2018-12-11 11:33:35 - [TEST_STEP][PASSED] - openBrowser: Browser is opened with url: ''

2018-12-11 11:33:35 - [MESSAGE][WARNING] - A browser is already opened. Closing browser and opening a new one

2018-12-11 11:33:38 - [MESSAGE][PASSED] - Browser is opened with url: ''

2018-12-11 11:33:38 - [TEST_STEP][PASSED] - navigateToUrl: Navigate to 'https://assist2-uat.perkeso.gov.my/employer/login' successfully

2018-12-11 11:33:39 - [MESSAGE][PASSED] - Navigate to 'https://assist2-uat.perkeso.gov.my/employer/login' successfully

2018-12-11 11:33:39 - [TEST_STEP][PASSED] - delay: Delayed 3 second(s)

2018-12-11 11:33:42 - [MESSAGE][PASSED] - Delayed 3 second(s)

2018-12-11 11:33:42 - [TEST_STEP][PASSED] - callTestCase: Call Test Case 'Test Cases/Final Aug 2018 - PKS Automation/Create Employer Acc/Template/Employer Email Getter' successfully

2018-12-11 11:33:42 - [TEST_CASE][PASSED] - Test Cases/Final Aug 2018 - PKS Automation/Create Employer Acc/Template/Employer Email Getter: Test Cases/Final Aug 2018 - PKS Automation/Create Employer Acc/Template/Employer Email Getter

2018-12-11 11:33:42 - [TEST_STEP][PASSED] - Statement - Try: null

2018-12-11 11:33:42 - [TEST_STEP][PASSED] - Statement - EmpEmail = new java.io.File(C://Users//Admin//Desktop//PKS//Automation Reference Point//EmpEmail.txt): null

2018-12-11 11:33:42 - [TEST_STEP][PASSED] - Statement - bufferread = new java.io.BufferedReader(new java.io.FileReader(EmpEmail)): null

2018-12-11 11:33:42 - [TEST_STEP][PASSED] - Statement - readedVal = bufferread.readLine(): null

2018-12-11 11:33:42 - [TEST_STEP][PASSED] - Statement - out.println(readedVal): null

2018-12-11 11:33:42 - [TEST_STEP][PASSED] - Statement - Email = readedVal: null

2018-12-11 11:33:42 - [MESSAGE][PASSED] - Call Test Case 'Test Cases/Final Aug 2018 - PKS Automation/Create Employer Acc/Template/Employer Email Getter' successfully

2018-12-11 11:33:42 - [TEST_STEP][PASSED] - setText: Text 'perkeso646576822255@gmail.com' is set on object 'Object Repository/Final Object Repo/Login Page/External Login Page/Email'

2018-12-11 11:33:43 - [MESSAGE][PASSED] - Text 'perkeso646576822255@gmail.com' is set on object 'Object Repository/Final Object Repo/Login Page/External Login Page/Email'

2018-12-11 11:33:43 - [TEST_STEP][PASSED] - click: Object: 'Object Repository/Final Object Repo/Login Page/External Login Page/Next' is clicked on

2018-12-11 11:33:43 - [MESSAGE][PASSED] - Object: 'Object Repository/Final Object Repo/Login Page/External Login Page/Next' is clicked on

2018-12-11 11:33:43 - [TEST_STEP][PASSED] - delay: Delayed 3 second(s)

2018-12-11 11:33:46 - [MESSAGE][PASSED] - Delayed 3 second(s)

2018-12-11 11:33:46 - [TEST_STEP][PASSED] - setEncryptedText: Text ****** has been set on object 'Object Repository/Final Object Repo/Login Page/External Login Page/Password'

2018-12-11 11:33:46 - [MESSAGE][PASSED] - Text ****** has been set on object 'Object Repository/Final Object Repo/Login Page/External Login Page/Password'

2018-12-11 11:33:46 - [TEST_STEP][PASSED] - click: Object: 'Object Repository/Final Object Repo/Login Page/External Login Page/Login' is clicked on

2018-12-11 11:33:46 - [MESSAGE][PASSED] - Object: 'Object Repository/Final Object Repo/Login Page/External Login Page/Login' is clicked on

2018-12-11 11:33:46 - [TEST_STEP][PASSED] - delay: Delayed 5 second(s)

2018-12-11 11:33:51 - [MESSAGE][PASSED] - Delayed 5 second(s)

2018-12-11 11:33:51 - [MESSAGE][PASSED] - Call Test Case 'Test Cases/Final Aug 2018 - PKS Automation/Create Employer Acc/Login to Employer Account (Second time)' successfully

2018-12-11 11:33:51 - [TEST_STEP][PASSED] - navigateToUrl: Navigate to 'https://assist2-uat.perkeso.gov.my/web/registration/update/form-1a-cessation-as-employer-discontinue-business-' successfully

2018-12-11 11:33:52 - [MESSAGE][PASSED] - Navigate to 'https://assist2-uat.perkeso.gov.my/web/registration/update/form-1a-cessation-as-employer-discontinue-business-' successfully

2018-12-11 11:33:52 - [TEST_STEP][PASSED] - callTestCase: Call Test Case 'Test Cases/Final Aug 2018 - PKS Automation/Common/Emp Code Getter' successfully

2018-12-11 11:33:52 - [TEST_CASE][PASSED] - Test Cases/Final Aug 2018 - PKS Automation/Common/Emp Code Getter: Test Cases/Final Aug 2018 - PKS Automation/Common/Emp Code Getter

2018-12-11 11:33:52 - [TEST_STEP][PASSED] - Statement - Try: null

2018-12-11 11:33:52 - [TEST_STEP][PASSED] - Statement - EmpCode = new java.io.File(C://Users//Admin//Desktop//PKS//Automation Reference Point//EmpCode.txt): null

2018-12-11 11:33:52 - [TEST_STEP][PASSED] - Statement - bufferread = new java.io.BufferedReader(new java.io.FileReader(EmpCode)): null

2018-12-11 11:33:52 - [TEST_STEP][PASSED] - Statement - readedVal = bufferread.readLine(): null

2018-12-11 11:33:52 - [TEST_STEP][PASSED] - Statement - out.println(readedVal): null

2018-12-11 11:33:52 - [TEST_STEP][PASSED] - Statement - UpdateAddNewECode = readedVal: null

2018-12-11 11:33:52 - [MESSAGE][PASSED] - Call Test Case 'Test Cases/Final Aug 2018 - PKS Automation/Common/Emp Code Getter' successfully

2018-12-11 11:33:52 - [TEST_STEP][PASSED] - setText: Text 'E1102070740F' is set on object 'Object Repository/Final Object Repo/Page_Update Employer Information/Employer Code'

2018-12-11 11:33:53 - [MESSAGE][PASSED] - Text 'E1102070740F' is set on object 'Object Repository/Final Object Repo/Page_Update Employer Information/Employer Code'

2018-12-11 11:33:53 - [TEST_STEP][PASSED] - click: Object: 'Object Repository/Final Object Repo/Page_Update Employer Information/Search Button' is clicked on

2018-12-11 11:33:53 - [MESSAGE][PASSED] - Object: 'Object Repository/Final Object Repo/Page_Update Employer Information/Search Button' is clicked on

2018-12-11 11:33:53 - [TEST_STEP][PASSED] - delay: Delayed 2 second(s)

2018-12-11 11:33:55 - [MESSAGE][PASSED] - Delayed 2 second(s)

2018-12-11 11:33:55 - [TEST_STEP][PASSED] - click: Object: 'Object Repository/Final Object Repo/Page_Update Employer Information/Edit Button' is clicked on

2018-12-11 11:33:56 - [MESSAGE][PASSED] - Object: 'Object Repository/Final Object Repo/Page_Update Employer Information/Edit Button' is clicked on

2018-12-11 11:33:56 - [TEST_STEP][PASSED] - Statement - abc = com.kms.katalon.core.webui.keyword.WebUiBuiltInKeywords.getAttribute(com.kms.katalon.core.testobject.ObjectRepository.findTestObject(Final Object Repo/Page_Form 1A - Cessation As Employer/Employer Status), "value"): Attribute 'value' of object 'Object Repository/Final Object Repo/Page_Form 1A - Cessation As Employer/Employer Status' is: 'Active'

2018-12-11 11:33:56 - [MESSAGE][PASSED] - Attribute 'value' of object 'Object Repository/Final Object Repo/Page_Form 1A - Cessation As Employer/Employer Status' is: 'Active'

2018-12-11 11:33:56 - [TEST_STEP][PASSED] - Statement - out.println(abc): null

2018-12-11 11:33:56 - [TEST_STEP][PASSED] - Statement - If (abc == "Active"): Object: 'Object Repository/Final Object Repo/Page_Form 1A - Cessation As Employer/Change Employer Status to - Dormant' is clicked on

2018-12-11 11:33:56 - [TEST_STEP][PASSED] - click: Object: 'Object Repository/Final Object Repo/Page_Form 1A - Cessation As Employer/Change Employer Status to' is clicked on

2018-12-11 11:33:56 - [MESSAGE][PASSED] - Object: 'Object Repository/Final Object Repo/Page_Form 1A - Cessation As Employer/Change Employer Status to' is clicked on

2018-12-11 11:33:56 - [TEST_STEP][PASSED] - click: Object: 'Object Repository/Final Object Repo/Page_Form 1A - Cessation As Employer/Change Employer Status to - Dormant' is clicked on

2018-12-11 11:33:57 - [MESSAGE][PASSED] - Object: 'Object Repository/Final Object Repo/Page_Form 1A - Cessation As Employer/Change Employer Status to - Dormant' is clicked on

2018-12-11 11:33:57 - [TEST_STEP][PASSED] - click: Object: 'Object Repository/Final Object Repo/Page_Form 1A - Cessation As Employer/Calender' is clicked on

2018-12-11 11:33:57 - [MESSAGE][PASSED] - Object: 'Object Repository/Final Object Repo/Page_Form 1A - Cessation As Employer/Calender' is clicked on

2018-12-11 11:33:57 - [TEST_STEP][PASSED] - click: Object: 'Object Repository/Final Object Repo/Page_Form 1A - Cessation As Employer/Calender - Date' is clicked on

2018-12-11 11:33:57 - [MESSAGE][PASSED] - Object: 'Object Repository/Final Object Repo/Page_Form 1A - Cessation As Employer/Calender - Date' is clicked on

2018-12-11 11:33:57 - [TEST_STEP][PASSED] - delay: Delayed 2 second(s)

2018-12-11 11:33:59 - [MESSAGE][PASSED] - Delayed 2 second(s)

2018-12-11 11:33:59 - [TEST_STEP][PASSED] - click: Object: 'Object Repository/Final Object Repo/Page_Form 1A - Cessation As Employer/Save  Continue in Form 1A Page' is clicked on

2018-12-11 11:33:59 - [MESSAGE][PASSED] - Object: 'Object Repository/Final Object Repo/Page_Form 1A - Cessation As Employer/Save  Continue in Form 1A Page' is clicked on

2018-12-11 11:33:59 - [TEST_STEP][PASSED] - delay: Delayed 2 second(s)

2018-12-11 11:34:01 - [MESSAGE][PASSED] - Delayed 2 second(s)

2018-12-11 11:34:01 - [TEST_STEP][PASSED] - click: Object: 'Object Repository/Final Object Repo/Page_Form 1A - Cessation As Employer/Employment Resign Date' is clicked on

2018-12-11 11:34:02 - [MESSAGE][PASSED] - Object: 'Object Repository/Final Object Repo/Page_Form 1A - Cessation As Employer/Employment Resign Date' is clicked on

2018-12-11 11:34:02 - [TEST_STEP][PASSED] - delay: Delayed 1 second(s)

2018-12-11 11:34:03 - [MESSAGE][PASSED] - Delayed 1 second(s)

2018-12-11 11:34:03 - [TEST_STEP][PASSED] - Statement - CaseReferenceNo = com.kms.katalon.core.webui.keyword.WebUiBuiltInKeywords.getText(com.kms.katalon.core.testobject.ObjectRepository.findTestObject(Final Object Repo/Page_Update Employer Information/Reference Number in Update Employee Information Page)): Text of object 'Object Repository/Final Object Repo/Page_Update Employer Information/Reference Number in Update Employee Information Page' is: 'CUN122018C200001709'

2018-12-11 11:34:03 - [MESSAGE][PASSED] - Text of object 'Object Repository/Final Object Repo/Page_Update Employer Information/Reference Number in Update Employee Information Page' is: 'CUN122018C200001709'

2018-12-11 11:34:03 - [TEST_STEP][PASSED] - callTestCase: Call Test Case 'Test Cases/Final Aug 2018 - PKS Automation/Common/Reference Number Setter' successfully

2018-12-11 11:34:03 - [TEST_CASE][PASSED] - Test Cases/Final Aug 2018 - PKS Automation/Common/Reference Number Setter: Test Cases/Final Aug 2018 - PKS Automation/Common/Reference Number Setter

2018-12-11 11:34:03 - [TEST_STEP][PASSED] - Statement - RefNoOldFile = new java.io.File(C://Users//Admin//Desktop//PKS//Automation Reference Point//KatalonReference.txt): null

2018-12-11 11:34:03 - [TEST_STEP][PASSED] - Statement - RefNoOldFile.delete(): null

2018-12-11 11:34:03 - [TEST_STEP][PASSED] - delay: Delayed 5 second(s)

2018-12-11 11:34:08 - [MESSAGE][PASSED] - Delayed 5 second(s)

2018-12-11 11:34:08 - [TEST_STEP][PASSED] - Statement - RefNo = new java.io.File(C://Users//Admin//Desktop//PKS//Automation Reference Point//KatalonReference.txt): null

2018-12-11 11:34:08 - [TEST_STEP][PASSED] - Statement - f2 = new java.io.FileWriter(RefNo, false): null

2018-12-11 11:34:08 - [TEST_STEP][PASSED] - Statement - f2.write(CaseReferenceNo): null

2018-12-11 11:34:08 - [TEST_STEP][PASSED] - Statement - f2.close(): null

2018-12-11 11:34:08 - [TEST_STEP][PASSED] - Statement - out.println("


" + CaseReferenceNo + "


"): null

2018-12-11 11:34:08 - [MESSAGE][PASSED] - Call Test Case 'Test Cases/Final Aug 2018 - PKS Automation/Common/Reference Number Setter' successfully

2018-12-11 11:34:08 - [TEST_STEP][PASSED] - selectOptionByValue: All options with value '2030' are selected in object 'Object Repository/Final Object Repo/Page_Form 1A - Cessation As Employer/Employment Resign Date - Year' 

2018-12-11 11:34:08 - [MESSAGE][PASSED] - All options with value '2030' are selected in object 'Object Repository/Final Object Repo/Page_Form 1A - Cessation As Employer/Employment Resign Date - Year' 

2018-12-11 11:34:08 - [TEST_STEP][PASSED] - delay: Delayed 1 second(s)

2018-12-11 11:34:09 - [MESSAGE][PASSED] - Delayed 1 second(s)

2018-12-11 11:34:09 - [TEST_STEP][PASSED] - click: Object: 'Object Repository/Final Object Repo/Page_Form 1A - Cessation As Employer/Employment Resign Date - Year - Date' is clicked on

2018-12-11 11:34:09 - [MESSAGE][PASSED] - Object: 'Object Repository/Final Object Repo/Page_Form 1A - Cessation As Employer/Employment Resign Date - Year - Date' is clicked on

2018-12-11 11:34:09 - [TEST_STEP][PASSED] - delay: Delayed 2 second(s)

2018-12-11 11:34:11 - [MESSAGE][PASSED] - Delayed 2 second(s)

2018-12-11 11:34:11 - [TEST_STEP][PASSED] - click: Object: 'Object Repository/Final Object Repo/Page_Form 1A - Cessation As Employer/Save  Continue in Update Add Employee Resigned Date Page' is clicked on

2018-12-11 11:34:11 - [MESSAGE][PASSED] - Object: 'Object Repository/Final Object Repo/Page_Form 1A - Cessation As Employer/Save  Continue in Update Add Employee Resigned Date Page' is clicked on

2018-12-11 11:34:11 - [TEST_STEP][PASSED] - delay: Delayed 2 second(s)

2018-12-11 11:34:13 - [MESSAGE][PASSED] - Delayed 2 second(s)

2018-12-11 11:34:13 - [TEST_STEP][PASSED] - click: Object: 'Object Repository/Final Object Repo/Page_Form 1A - Cessation As Employer/Set Latest - Yes' is clicked on

2018-12-11 11:34:13 - [MESSAGE][PASSED] - Object: 'Object Repository/Final Object Repo/Page_Form 1A - Cessation As Employer/Set Latest - Yes' is clicked on

2018-12-11 11:34:13 - [TEST_STEP][PASSED] - delay: Delayed 2 second(s)

2018-12-11 11:34:15 - [MESSAGE][PASSED] - Delayed 2 second(s)

2018-12-11 11:34:15 - [TEST_STEP][PASSED] - click: Object: 'Object Repository/Final Object Repo/Page_Form 1A - Cessation As Employer/Add Document' is clicked on

2018-12-11 11:34:17 - [MESSAGE][PASSED] - Object: 'Object Repository/Final Object Repo/Page_Form 1A - Cessation As Employer/Add Document' is clicked on

2018-12-11 11:34:17 - [TEST_STEP][PASSED] - delay: Delayed 3 second(s)

2018-12-11 11:34:20 - [MESSAGE][PASSED] - Delayed 3 second(s)

2018-12-11 11:34:20 - [TEST_STEP][PASSED] - click: Object: 'Object Repository/Final Object Repo/Page_Form 1A - Cessation As Employer/Document Type' is clicked on

2018-12-11 11:34:20 - [MESSAGE][PASSED] - Object: 'Object Repository/Final Object Repo/Page_Form 1A - Cessation As Employer/Document Type' is clicked on

2018-12-11 11:34:20 - [TEST_STEP][PASSED] - delay: Delayed 2 second(s)

2018-12-11 11:34:22 - [MESSAGE][PASSED] - Delayed 2 second(s)

2018-12-11 11:34:22 - [TEST_STEP][PASSED] - click: Object: 'Object Repository/Final Object Repo/Page_Form 1A - Cessation As Employer/Document Type - Supporting Document For Cessation' is clicked on

2018-12-11 11:34:22 - [MESSAGE][PASSED] - Object: 'Object Repository/Final Object Repo/Page_Form 1A - Cessation As Employer/Document Type - Supporting Document For Cessation' is clicked on

2018-12-11 11:34:22 - [TEST_STEP][PASSED] - delay: Delayed 2 second(s)

2018-12-11 11:34:24 - [MESSAGE][PASSED] - Delayed 2 second(s)

2018-12-11 11:34:24 - [TEST_STEP][PASSED] - sendKeys: Keys 'C:\Users\Public\Pictures\Sample Pictures\Koala.jpg' sent to object: 'Object Repository/Final Object Repo/Page_Form 1A - Cessation As Employer/Uploading File'

2018-12-11 11:34:24 - [MESSAGE][PASSED] - Keys 'C:\Users\Public\Pictures\Sample Pictures\Koala.jpg' sent to object: 'Object Repository/Final Object Repo/Page_Form 1A - Cessation As Employer/Uploading File'

2018-12-11 11:34:24 - [TEST_STEP][PASSED] - delay: Delayed 2 second(s)

2018-12-11 11:34:26 - [MESSAGE][PASSED] - Delayed 2 second(s)

2018-12-11 11:34:26 - [TEST_STEP][PASSED] - click: Object: 'Object Repository/Final Object Repo/Page_Form 1A - Cessation As Employer/Add Document in Uploading Page' is clicked on

2018-12-11 11:34:26 - [MESSAGE][PASSED] - Object: 'Object Repository/Final Object Repo/Page_Form 1A - Cessation As Employer/Add Document in Uploading Page' is clicked on

2018-12-11 11:34:26 - [TEST_STEP][PASSED] - delay: Delayed 2 second(s)

2018-12-11 11:34:28 - [MESSAGE][PASSED] - Delayed 2 second(s)

2018-12-11 11:34:28 - [TEST_STEP][PASSED] - click: Object: 'Object Repository/Final Object Repo/Page_Form 1A - Cessation As Employer/Save  Continue in Uploading Page' is clicked on

2018-12-11 11:34:30 - [MESSAGE][PASSED] - Object: 'Object Repository/Final Object Repo/Page_Form 1A - Cessation As Employer/Save  Continue in Uploading Page' is clicked on

2018-12-11 11:34:30 - [TEST_STEP][PASSED] - delay: Delayed 2 second(s)

2018-12-11 11:34:32 - [MESSAGE][PASSED] - Delayed 2 second(s)

2018-12-11 11:34:32 - [TEST_STEP][PASSED] - click: Object: 'Object Repository/Final Object Repo/Page_Form 1A - Cessation As Employer/Submit2' is clicked on

2018-12-11 11:34:35 - [MESSAGE][PASSED] - Object: 'Object Repository/Final Object Repo/Page_Form 1A - Cessation As Employer/Submit2' is clicked on

2018-12-11 11:34:35 - [TEST_STEP][PASSED] - delay: Delayed 2 second(s)

2018-12-11 11:34:37 - [MESSAGE][PASSED] - Delayed 2 second(s)

2018-12-11 11:34:37 - [TEST_STEP][PASSED] - click: Object: 'Object Repository/Final Object Repo/Page_Form 1A - Cessation As Employer/Confirm' is clicked on

2018-12-11 11:34:38 - [MESSAGE][PASSED] - Object: 'Object Repository/Final Object Repo/Page_Form 1A - Cessation As Employer/Confirm' is clicked on

2018-12-11 11:34:38 - [TEST_STEP][PASSED] - delay: Delayed 2 second(s)

2018-12-11 11:34:40 - [MESSAGE][PASSED] - Delayed 2 second(s)

2018-12-11 11:34:40 - [TEST_STEP][PASSED] - verifyElementVisible: Object 'Object Repository/Final Object Repo/Page_Form 1A - Cessation As Employer/Message Your Request will be routed to UO' is visible

2018-12-11 11:34:43 - [MESSAGE][PASSED] - Object 'Object Repository/Final Object Repo/Page_Form 1A - Cessation As Employer/Message Your Request will be routed to UO' is visible

2018-12-11 11:34:43 - [TEST_STEP][PASSED] - delay: Delayed 1 second(s)

2018-12-11 11:34:44 - [MESSAGE][PASSED] - Delayed 1 second(s)

2018-12-11 11:34:44 - [TEST_STEP][PASSED] - verifyElementVisible: Object 'Object Repository/Final Object Repo/Page_Form 1A - Cessation As Employer/Letter of acknowledgement' is visible

2018-12-11 11:34:45 - [MESSAGE][PASSED] - Object 'Object Repository/Final Object Repo/Page_Form 1A - Cessation As Employer/Letter of acknowledgement' is visible

2018-12-11 11:34:45 - [MESSAGE][PASSED] - Call Test Case 'Test Cases/Final Aug 2018 - PKS Automation/Registration Module/Workflow/Form 1A - Cessation As Employer/Template/Form 1 A - Cessation As Employer (Employer)' successfully

2018-12-11 11:34:45 - [TEST_STEP][PASSED] - callTestCase: Call Test Case 'Test Cases/Final Aug 2018 - PKS Automation/Registration Module/Workflow/Form 1A - Cessation As Employer/Template/Form 1 A - Cessation As Employer (Reject)' successfully

2018-12-11 11:34:45 - [TEST_CASE][PASSED] - Test Cases/Final Aug 2018 - PKS Automation/Registration Module/Workflow/Form 1A - Cessation As Employer/Template/Form 1 A - Cessation As Employer (Reject): Test Cases/Final Aug 2018 - PKS Automation/Registration Module/Workflow/Form 1A - Cessation As Employer/Template/Form 1 A - Cessation As Employer (Reject)

2018-12-11 11:34:45 - [TEST_STEP][PASSED] - callTestCase: Call Test Case 'Test Cases/Final Aug 2018 - PKS Automation/Registration Module/Workflow/Form 1A - Cessation As Employer/Template/Form 1 A - Cessation As Employer (OTC)' successfully

2018-12-11 11:34:45 - [TEST_CASE][PASSED] - Test Cases/Final Aug 2018 - PKS Automation/Registration Module/Workflow/Form 1A - Cessation As Employer/Template/Form 1 A - Cessation As Employer (OTC): Test Cases/Final Aug 2018 - PKS Automation/Registration Module/Workflow/Form 1A - Cessation As Employer/Template/Form 1 A - Cessation As Employer (OTC)

2018-12-11 11:34:45 - [TEST_STEP][PASSED] - openBrowser: Browser is opened with url: ''

2018-12-11 11:34:45 - [MESSAGE][WARNING] - A browser is already opened. Closing browser and opening a new one

2018-12-11 11:34:49 - [MESSAGE][PASSED] - Browser is opened with url: ''

2018-12-11 11:34:49 - [TEST_STEP][PASSED] - navigateToUrl: Navigate to 'https://assist2-uat.perkeso.gov.my/login' successfully

2018-12-11 11:34:50 - [MESSAGE][PASSED] - Navigate to 'https://assist2-uat.perkeso.gov.my/login' successfully

2018-12-11 11:34:50 - [TEST_STEP][PASSED] - setText: Text 'johorotc1@gmail.com' is set on object 'Object Repository/Final Object Repo/Login Page/Internal User/Email Address'

2018-12-11 11:34:50 - [MESSAGE][PASSED] - Text 'johorotc1@gmail.com' is set on object 'Object Repository/Final Object Repo/Login Page/Internal User/Email Address'

2018-12-11 11:34:50 - [TEST_STEP][PASSED] - click: Object: 'Object Repository/Final Object Repo/Login Page/Internal User/Next Button' is clicked on

2018-12-11 11:34:50 - [MESSAGE][PASSED] - Object: 'Object Repository/Final Object Repo/Login Page/Internal User/Next Button' is clicked on

2018-12-11 11:34:50 - [TEST_STEP][PASSED] - delay: Delayed 1 second(s)

2018-12-11 11:34:51 - [MESSAGE][PASSED] - Delayed 1 second(s)

2018-12-11 11:34:51 - [TEST_STEP][PASSED] - setEncryptedText: Text ****** has been set on object 'Object Repository/Final Object Repo/Login Page/Internal User/Password'

2018-12-11 11:34:52 - [MESSAGE][PASSED] - Text ****** has been set on object 'Object Repository/Final Object Repo/Login Page/Internal User/Password'

2018-12-11 11:34:52 - [TEST_STEP][PASSED] - click: Object: 'Object Repository/Final Object Repo/Login Page/Internal User/Login Button' is clicked on

2018-12-11 11:34:52 - [MESSAGE][PASSED] - Object: 'Object Repository/Final Object Repo/Login Page/Internal User/Login Button' is clicked on

2018-12-11 11:34:52 - [TEST_STEP][PASSED] - delay: Delayed 1 second(s)

2018-12-11 11:34:53 - [MESSAGE][PASSED] - Delayed 1 second(s)

2018-12-11 11:34:53 - [TEST_STEP][PASSED] - Statement - Try: Delayed 2 second(s)

2018-12-11 11:34:53 - [TEST_STEP][PASSED] - Statement - Checker = false: null

2018-12-11 11:34:53 - [TEST_STEP][PASSED] - Statement - Checker = com.kms.katalon.core.webui.keyword.WebUiBuiltInKeywords.verifyElementHasAttribute(com.kms.katalon.core.testobject.ObjectRepository.findTestObject(Final Object Repo/Landing Page/BM Detecting), "href", 20, OPTIONAL): Object 'Object Repository/Final Object Repo/Landing Page/BM Detecting' has attribute 'href'

2018-12-11 11:34:54 - [MESSAGE][PASSED] - Object 'Object Repository/Final Object Repo/Landing Page/BM Detecting' has attribute 'href'

2018-12-11 11:34:54 - [TEST_STEP][PASSED] - Statement - out.println(Checker): null

2018-12-11 11:34:54 - [TEST_STEP][PASSED] - Statement - If (Checker == false): null

2018-12-11 11:34:54 - [TEST_STEP][PASSED] - Statement - Else: null

2018-12-11 11:34:54 - [TEST_STEP][PASSED] - delay: Delayed 2 second(s)

2018-12-11 11:34:56 - [MESSAGE][PASSED] - Delayed 2 second(s)

2018-12-11 11:34:56 - [TEST_STEP][PASSED] - navigateToUrl: Navigate to 'https://assist2-uat.perkeso.gov.my/web/registration/update/form-1a-cessation-as-employer-discontinue-business-' successfully

2018-12-11 11:34:57 - [MESSAGE][PASSED] - Navigate to 'https://assist2-uat.perkeso.gov.my/web/registration/update/form-1a-cessation-as-employer-discontinue-business-' successfully

2018-12-11 11:34:57 - [TEST_STEP][PASSED] - setText: Text 'E1102069770Z' is set on object 'Object Repository/Final Object Repo/Page_Update Employer Information/Employer Code'

2018-12-11 11:34:57 - [MESSAGE][PASSED] - Text 'E1102069770Z' is set on object 'Object Repository/Final Object Repo/Page_Update Employer Information/Employer Code'

2018-12-11 11:34:57 - [TEST_STEP][PASSED] - click: Object: 'Object Repository/Final Object Repo/Page_Update Employer Information/Search Button' is clicked on

2018-12-11 11:34:57 - [MESSAGE][PASSED] - Object: 'Object Repository/Final Object Repo/Page_Update Employer Information/Search Button' is clicked on

2018-12-11 11:34:57 - [TEST_STEP][PASSED] - click: Object: 'Object Repository/Final Object Repo/Page_Update Employer Information/Edit Button' is clicked on

2018-12-11 11:35:00 - [MESSAGE][PASSED] - Object: 'Object Repository/Final Object Repo/Page_Update Employer Information/Edit Button' is clicked on

2018-12-11 11:35:00 - [TEST_STEP][PASSED] - Statement - abc = com.kms.katalon.core.webui.keyword.WebUiBuiltInKeywords.getAttribute(com.kms.katalon.core.testobject.ObjectRepository.findTestObject(Final Object Repo/Page_Form 1A - Cessation As Employer/Employer Status), "value"): Attribute 'value' of object 'Object Repository/Final Object Repo/Page_Form 1A - Cessation As Employer/Employer Status' is: 'Dormant'

2018-12-11 11:35:00 - [MESSAGE][PASSED] - Attribute 'value' of object 'Object Repository/Final Object Repo/Page_Form 1A - Cessation As Employer/Employer Status' is: 'Dormant'

2018-12-11 11:35:00 - [TEST_STEP][PASSED] - Statement - out.println(abc): null

2018-12-11 11:35:00 - [TEST_STEP][PASSED] - Statement - If (abc == "Active"): null

2018-12-11 11:35:00 - [TEST_STEP][PASSED] - Statement - Else If (abc == "Cancel"): null

2018-12-11 11:35:00 - [TEST_STEP][PASSED] - Statement - Else If (abc == "Dormant"): Object: 'Object Repository/Final Object Repo/Page_Form 1A - Cessation As Employer/Change Employer Status to - Dormant' is clicked on

2018-12-11 11:35:00 - [TEST_STEP][PASSED] - click: Object: 'Object Repository/Final Object Repo/Page_Form 1A - Cessation As Employer/Change Employer Status to' is clicked on

2018-12-11 11:35:00 - [MESSAGE][PASSED] - Object: 'Object Repository/Final Object Repo/Page_Form 1A - Cessation As Employer/Change Employer Status to' is clicked on

2018-12-11 11:35:00 - [TEST_STEP][PASSED] - click: Object: 'Object Repository/Final Object Repo/Page_Form 1A - Cessation As Employer/Change Employer Status to - Dormant' is clicked on

2018-12-11 11:35:01 - [MESSAGE][PASSED] - Object: 'Object Repository/Final Object Repo/Page_Form 1A - Cessation As Employer/Change Employer Status to - Dormant' is clicked on

2018-12-11 11:35:01 - [TEST_STEP][PASSED] - click: Object: 'Object Repository/Final Object Repo/Page_Form 1A - Cessation As Employer/Calender' is clicked on

2018-12-11 11:35:01 - [MESSAGE][PASSED] - Object: 'Object Repository/Final Object Repo/Page_Form 1A - Cessation As Employer/Calender' is clicked on

2018-12-11 11:35:01 - [TEST_STEP][PASSED] - click: Object: 'Object Repository/Final Object Repo/Page_Form 1A - Cessation As Employer/Calender - Date' is clicked on

2018-12-11 11:35:01 - [MESSAGE][PASSED] - Object: 'Object Repository/Final Object Repo/Page_Form 1A - Cessation As Employer/Calender - Date' is clicked on

2018-12-11 11:35:01 - [TEST_STEP][PASSED] - delay: Delayed 2 second(s)

2018-12-11 11:35:03 - [MESSAGE][PASSED] - Delayed 2 second(s)

2018-12-11 11:35:03 - [TEST_STEP][PASSED] - click: Object: 'Object Repository/Final Object Repo/Page_Form 1A - Cessation As Employer/Save  Continue in Form 1A Page' is clicked on

2018-12-11 11:35:03 - [MESSAGE][PASSED] - Object: 'Object Repository/Final Object Repo/Page_Form 1A - Cessation As Employer/Save  Continue in Form 1A Page' is clicked on

2018-12-11 11:35:03 - [TEST_STEP][PASSED] - delay: Delayed 2 second(s)

2018-12-11 11:35:05 - [MESSAGE][PASSED] - Delayed 2 second(s)

2018-12-11 11:35:05 - [TEST_STEP][PASSED] - click: Object: 'Object Repository/Final Object Repo/Page_Form 1A - Cessation As Employer/Employment Resign Date' is clicked on

2018-12-11 11:35:06 - [MESSAGE][PASSED] - Object: 'Object Repository/Final Object Repo/Page_Form 1A - Cessation As Employer/Employment Resign Date' is clicked on

2018-12-11 11:35:06 - [TEST_STEP][PASSED] - delay: Delayed 1 second(s)

2018-12-11 11:35:07 - [MESSAGE][PASSED] - Delayed 1 second(s)

2018-12-11 11:35:07 - [TEST_STEP][PASSED] - Statement - CaseReferenceNo = com.kms.katalon.core.webui.keyword.WebUiBuiltInKeywords.getText(com.kms.katalon.core.testobject.ObjectRepository.findTestObject(Final Object Repo/Page_Update Employer Information/Reference Number in Update Employee Information Page)): Text of object 'Object Repository/Final Object Repo/Page_Update Employer Information/Reference Number in Update Employee Information Page' is: 'CUN122018C200001710'

2018-12-11 11:35:07 - [MESSAGE][PASSED] - Text of object 'Object Repository/Final Object Repo/Page_Update Employer Information/Reference Number in Update Employee Information Page' is: 'CUN122018C200001710'

2018-12-11 11:35:07 - [TEST_STEP][PASSED] - callTestCase: Call Test Case 'Test Cases/Final Aug 2018 - PKS Automation/Common/Reference Number Setter' successfully

2018-12-11 11:35:07 - [TEST_CASE][PASSED] - Test Cases/Final Aug 2018 - PKS Automation/Common/Reference Number Setter: Test Cases/Final Aug 2018 - PKS Automation/Common/Reference Number Setter

2018-12-11 11:35:07 - [TEST_STEP][PASSED] - Statement - RefNoOldFile = new java.io.File(C://Users//Admin//Desktop//PKS//Automation Reference Point//KatalonReference.txt): null

2018-12-11 11:35:07 - [TEST_STEP][PASSED] - Statement - RefNoOldFile.delete(): null

2018-12-11 11:35:07 - [TEST_STEP][PASSED] - delay: Delayed 5 second(s)

2018-12-11 11:35:12 - [MESSAGE][PASSED] - Delayed 5 second(s)

2018-12-11 11:35:12 - [TEST_STEP][PASSED] - Statement - RefNo = new java.io.File(C://Users//Admin//Desktop//PKS//Automation Reference Point//KatalonReference.txt): null

2018-12-11 11:35:12 - [TEST_STEP][PASSED] - Statement - f2 = new java.io.FileWriter(RefNo, false): null

2018-12-11 11:35:12 - [TEST_STEP][PASSED] - Statement - f2.write(CaseReferenceNo): null

2018-12-11 11:35:12 - [TEST_STEP][PASSED] - Statement - f2.close(): null

2018-12-11 11:35:12 - [TEST_STEP][PASSED] - Statement - out.println("


" + CaseReferenceNo + "


"): null

2018-12-11 11:35:12 - [MESSAGE][PASSED] - Call Test Case 'Test Cases/Final Aug 2018 - PKS Automation/Common/Reference Number Setter' successfully

2018-12-11 11:35:12 - [TEST_STEP][PASSED] - selectOptionByValue: All options with value '2030' are selected in object 'Object Repository/Final Object Repo/Page_Form 1A - Cessation As Employer/Employment Resign Date - Year' 

2018-12-11 11:35:12 - [MESSAGE][PASSED] - All options with value '2030' are selected in object 'Object Repository/Final Object Repo/Page_Form 1A - Cessation As Employer/Employment Resign Date - Year' 

2018-12-11 11:35:12 - [TEST_STEP][PASSED] - delay: Delayed 1 second(s)

2018-12-11 11:35:13 - [MESSAGE][PASSED] - Delayed 1 second(s)

2018-12-11 11:35:13 - [TEST_STEP][PASSED] - click: Object: 'Object Repository/Final Object Repo/Page_Form 1A - Cessation As Employer/Employment Resign Date - Year - Date' is clicked on

2018-12-11 11:35:13 - [MESSAGE][PASSED] - Object: 'Object Repository/Final Object Repo/Page_Form 1A - Cessation As Employer/Employment Resign Date - Year - Date' is clicked on

2018-12-11 11:35:13 - [TEST_STEP][PASSED] - delay: Delayed 2 second(s)

2018-12-11 11:35:15 - [MESSAGE][PASSED] - Delayed 2 second(s)

2018-12-11 11:35:15 - [TEST_STEP][PASSED] - click: Object: 'Object Repository/Final Object Repo/Page_Form 1A - Cessation As Employer/Save  Continue in Update Add Employee Resigned Date Page' is clicked on

2018-12-11 11:35:16 - [MESSAGE][PASSED] - Object: 'Object Repository/Final Object Repo/Page_Form 1A - Cessation As Employer/Save  Continue in Update Add Employee Resigned Date Page' is clicked on

2018-12-11 11:35:16 - [TEST_STEP][PASSED] - delay: Delayed 2 second(s)

2018-12-11 11:35:18 - [MESSAGE][PASSED] - Delayed 2 second(s)

2018-12-11 11:35:18 - [TEST_STEP][PASSED] - click: Object: 'Object Repository/Final Object Repo/Page_Form 1A - Cessation As Employer/Set Latest - Yes' is clicked on

2018-12-11 11:35:18 - [MESSAGE][PASSED] - Object: 'Object Repository/Final Object Repo/Page_Form 1A - Cessation As Employer/Set Latest - Yes' is clicked on

2018-12-11 11:35:18 - [TEST_STEP][PASSED] - delay: Delayed 2 second(s)

2018-12-11 11:35:20 - [MESSAGE][PASSED] - Delayed 2 second(s)

2018-12-11 11:35:20 - [TEST_STEP][PASSED] - click: Object: 'Object Repository/Final Object Repo/Page_Form 1A - Cessation As Employer/Add Document' is clicked on

2018-12-11 11:35:21 - [MESSAGE][PASSED] - Object: 'Object Repository/Final Object Repo/Page_Form 1A - Cessation As Employer/Add Document' is clicked on

2018-12-11 11:35:21 - [TEST_STEP][PASSED] - delay: Delayed 2 second(s)

2018-12-11 11:35:23 - [MESSAGE][PASSED] - Delayed 2 second(s)

2018-12-11 11:35:23 - [TEST_STEP][PASSED] - click: Object: 'Object Repository/Final Object Repo/Page_Form 1A - Cessation As Employer/Document Type' is clicked on

2018-12-11 11:35:24 - [MESSAGE][PASSED] - Object: 'Object Repository/Final Object Repo/Page_Form 1A - Cessation As Employer/Document Type' is clicked on

2018-12-11 11:35:24 - [TEST_STEP][PASSED] - delay: Delayed 2 second(s)

2018-12-11 11:35:26 - [MESSAGE][PASSED] - Delayed 2 second(s)

2018-12-11 11:35:26 - [TEST_STEP][PASSED] - click: Object: 'Object Repository/Final Object Repo/Page_Form 1A - Cessation As Employer/Document Type - Supporting Document For Cessation' is clicked on

2018-12-11 11:35:26 - [MESSAGE][PASSED] - Object: 'Object Repository/Final Object Repo/Page_Form 1A - Cessation As Employer/Document Type - Supporting Document For Cessation' is clicked on

2018-12-11 11:35:26 - [TEST_STEP][PASSED] - delay: Delayed 2 second(s)

2018-12-11 11:35:28 - [MESSAGE][PASSED] - Delayed 2 second(s)

2018-12-11 11:35:28 - [TEST_STEP][PASSED] - sendKeys: Keys 'C:\Users\Public\Pictures\Sample Pictures\Koala.jpg' sent to object: 'Object Repository/Final Object Repo/Page_Form 1A - Cessation As Employer/Uploading File'

2018-12-11 11:35:28 - [MESSAGE][PASSED] - Keys 'C:\Users\Public\Pictures\Sample Pictures\Koala.jpg' sent to object: 'Object Repository/Final Object Repo/Page_Form 1A - Cessation As Employer/Uploading File'

2018-12-11 11:35:28 - [TEST_STEP][PASSED] - delay: Delayed 2 second(s)

2018-12-11 11:35:30 - [MESSAGE][PASSED] - Delayed 2 second(s)

2018-12-11 11:35:30 - [TEST_STEP][PASSED] - click: Object: 'Object Repository/Final Object Repo/Page_Form 1A - Cessation As Employer/Add Document in Uploading Page' is clicked on

2018-12-11 11:35:30 - [MESSAGE][PASSED] - Object: 'Object Repository/Final Object Repo/Page_Form 1A - Cessation As Employer/Add Document in Uploading Page' is clicked on

2018-12-11 11:35:30 - [TEST_STEP][PASSED] - delay: Delayed 20 second(s)

2018-12-11 11:35:50 - [MESSAGE][PASSED] - Delayed 20 second(s)

2018-12-11 11:35:50 - [TEST_STEP][PASSED] - click: Object: 'Object Repository/Final Object Repo/Page_Form 1A - Cessation As Employer/Save  Continue in Uploading Page' is clicked on

2018-12-11 11:35:50 - [MESSAGE][PASSED] - Object: 'Object Repository/Final Object Repo/Page_Form 1A - Cessation As Employer/Save  Continue in Uploading Page' is clicked on

2018-12-11 11:35:50 - [TEST_STEP][PASSED] - delay: Delayed 2 second(s)

2018-12-11 11:35:52 - [MESSAGE][PASSED] - Delayed 2 second(s)

2018-12-11 11:35:52 - [TEST_STEP][PASSED] - click: Object: 'Object Repository/Final Object Repo/Page_Form 1A - Cessation As Employer/Submit2' is clicked on

2018-12-11 11:35:55 - [MESSAGE][PASSED] - Object: 'Object Repository/Final Object Repo/Page_Form 1A - Cessation As Employer/Submit2' is clicked on

2018-12-11 11:35:55 - [TEST_STEP][PASSED] - delay: Delayed 2 second(s)

2018-12-11 11:35:57 - [MESSAGE][PASSED] - Delayed 2 second(s)

2018-12-11 11:35:57 - [TEST_STEP][PASSED] - click: Object: 'Object Repository/Final Object Repo/Page_Form 1A - Cessation As Employer/Confirm' is clicked on

2018-12-11 11:35:57 - [MESSAGE][PASSED] - Object: 'Object Repository/Final Object Repo/Page_Form 1A - Cessation As Employer/Confirm' is clicked on

2018-12-11 11:35:57 - [TEST_STEP][PASSED] - delay: Delayed 2 second(s)

2018-12-11 11:35:59 - [MESSAGE][PASSED] - Delayed 2 second(s)

2018-12-11 11:35:59 - [TEST_STEP][PASSED] - verifyElementVisible: Object 'Object Repository/Final Object Repo/Page_Form 1A - Cessation As Employer/Message Your Request will be routed to UO' is visible

2018-12-11 11:36:03 - [MESSAGE][PASSED] - Object 'Object Repository/Final Object Repo/Page_Form 1A - Cessation As Employer/Message Your Request will be routed to UO' is visible

2018-12-11 11:36:03 - [TEST_STEP][PASSED] - delay: Delayed 1 second(s)

2018-12-11 11:36:04 - [MESSAGE][PASSED] - Delayed 1 second(s)

2018-12-11 11:36:04 - [TEST_STEP][PASSED] - verifyElementVisible: Object 'Object Repository/Final Object Repo/Page_Form 1A - Cessation As Employer/Letter of acknowledgement' is visible

2018-12-11 11:36:04 - [MESSAGE][PASSED] - Object 'Object Repository/Final Object Repo/Page_Form 1A - Cessation As Employer/Letter of acknowledgement' is visible

2018-12-11 11:36:04 - [MESSAGE][PASSED] - Call Test Case 'Test Cases/Final Aug 2018 - PKS Automation/Registration Module/Workflow/Form 1A - Cessation As Employer/Template/Form 1 A - Cessation As Employer (OTC)' successfully

2018-12-11 11:36:04 - [TEST_STEP][PASSED] - delay: Delayed 1 second(s)

2018-12-11 11:36:05 - [MESSAGE][PASSED] - Delayed 1 second(s)

2018-12-11 11:36:05 - [TEST_STEP][PASSED] - navigateToUrl: Navigate to 'https://assist2-uat.perkeso.gov.my/c/portal/logout' successfully

2018-12-11 11:36:05 - [MESSAGE][PASSED] - Navigate to 'https://assist2-uat.perkeso.gov.my/c/portal/logout' successfully

2018-12-11 11:36:05 - [TEST_STEP][PASSED] - delay: Delayed 1 second(s)

2018-12-11 11:36:06 - [MESSAGE][PASSED] - Delayed 1 second(s)

2018-12-11 11:36:06 - [TEST_STEP][PASSED] - callTestCase: Call Test Case 'Test Cases/Final Aug 2018 - PKS Automation/Common/Reference Number Getter' successfully

2018-12-11 11:36:07 - [TEST_CASE][PASSED] - Test Cases/Final Aug 2018 - PKS Automation/Common/Reference Number Getter: Test Cases/Final Aug 2018 - PKS Automation/Common/Reference Number Getter

2018-12-11 11:36:07 - [TEST_STEP][PASSED] - Statement - Try: null

2018-12-11 11:36:07 - [TEST_STEP][PASSED] - Statement - RefNo = new java.io.File(C://Users//Admin//Desktop//PKS//Automation Reference Point//KatalonReference.txt): null

2018-12-11 11:36:07 - [TEST_STEP][PASSED] - Statement - bufferread = new java.io.BufferedReader(new java.io.FileReader(RefNo)): null

2018-12-11 11:36:07 - [TEST_STEP][PASSED] - Statement - readedVal = bufferread.readLine(): null

2018-12-11 11:36:07 - [TEST_STEP][PASSED] - Statement - out.println(CaseReferenceNo): null

2018-12-11 11:36:07 - [TEST_STEP][PASSED] - Statement - out.println(readedVal): null

2018-12-11 11:36:07 - [TEST_STEP][PASSED] - Statement - CaseReferenceNo = "": null

2018-12-11 11:36:07 - [TEST_STEP][PASSED] - Statement - CaseReferenceNo = readedVal: null

2018-12-11 11:36:07 - [MESSAGE][PASSED] - Call Test Case 'Test Cases/Final Aug 2018 - PKS Automation/Common/Reference Number Getter' successfully

2018-12-11 11:36:07 - [TEST_STEP][PASSED] - callTestCase: Call Test Case 'Test Cases/Final Aug 2018 - PKS Automation/Common/Workflow Owner Finder' successfully

2018-12-11 11:36:07 - [TEST_CASE][PASSED] - Test Cases/Final Aug 2018 - PKS Automation/Common/Workflow Owner Finder: Test Cases/Final Aug 2018 - PKS Automation/Common/Workflow Owner Finder

2018-12-11 11:36:07 - [TEST_STEP][PASSED] - openBrowser: Browser is opened with url: ''

2018-12-11 11:36:07 - [MESSAGE][WARNING] - A browser is already opened. Closing browser and opening a new one

2018-12-11 11:36:10 - [MESSAGE][PASSED] - Browser is opened with url: ''

2018-12-11 11:36:10 - [TEST_STEP][PASSED] - navigateToUrl: Navigate to 'https://assist2-uat.perkeso.gov.my/login' successfully

2018-12-11 11:36:11 - [MESSAGE][PASSED] - Navigate to 'https://assist2-uat.perkeso.gov.my/login' successfully

2018-12-11 11:36:11 - [TEST_STEP][PASSED] - delay: Delayed 5 second(s)

2018-12-11 11:36:16 - [MESSAGE][PASSED] - Delayed 5 second(s)

2018-12-11 11:36:16 - [TEST_STEP][PASSED] - setText: Text 'test@liferay.com' is set on object 'Object Repository/Final Object Repo/Login Page/Internal User/Email Address'

2018-12-11 11:36:16 - [MESSAGE][PASSED] - Text 'test@liferay.com' is set on object 'Object Repository/Final Object Repo/Login Page/Internal User/Email Address'

2018-12-11 11:36:16 - [TEST_STEP][PASSED] - click: Object: 'Object Repository/Final Object Repo/Login Page/Internal User/Next Button' is clicked on

2018-12-11 11:36:17 - [MESSAGE][PASSED] - Object: 'Object Repository/Final Object Repo/Login Page/Internal User/Next Button' is clicked on

2018-12-11 11:36:17 - [TEST_STEP][PASSED] - delay: Delayed 2 second(s)

2018-12-11 11:36:19 - [MESSAGE][PASSED] - Delayed 2 second(s)

2018-12-11 11:36:19 - [TEST_STEP][PASSED] - setText: Text 'test' is set on object 'Object Repository/Final Object Repo/Login Page/Internal User/Password'

2018-12-11 11:36:19 - [MESSAGE][PASSED] - Text 'test' is set on object 'Object Repository/Final Object Repo/Login Page/Internal User/Password'

2018-12-11 11:36:19 - [TEST_STEP][PASSED] - delay: Delayed 2 second(s)

2018-12-11 11:36:21 - [MESSAGE][PASSED] - Delayed 2 second(s)

2018-12-11 11:36:21 - [TEST_STEP][PASSED] - click: Object: 'Object Repository/Final Object Repo/Login Page/Internal User/Login Button' is clicked on

2018-12-11 11:36:21 - [MESSAGE][PASSED] - Object: 'Object Repository/Final Object Repo/Login Page/Internal User/Login Button' is clicked on

2018-12-11 11:36:21 - [TEST_STEP][PASSED] - Statement - tester = com.kms.katalon.core.testobject.ObjectRepository.findTestObject(Final Object Repo/Landing Page/Select to English): Finding Test Object with id 'Object Repository/Final Object Repo/Landing Page/Select to English'

2018-12-11 11:36:21 - [TEST_STEP][PASSED] - Statement - Try: Delayed 2 second(s)

2018-12-11 11:36:21 - [TEST_STEP][PASSED] - Statement - Checker = com.kms.katalon.core.webui.keyword.WebUiBuiltInKeywords.verifyElementNotPresent(tester, 3): Web element with id: 'Object Repository/Final Object Repo/Landing Page/Select to English' located by 'By.xpath: //a[@class = 'taglib-language-list-text' and @lang = 'en-US' and (contains(text(), 'EN') or contains(., 'EN'))]' is not present after '3' second(s)

2018-12-11 11:36:23 - [MESSAGE][PASSED] - Web element with id: 'Object Repository/Final Object Repo/Landing Page/Select to English' located by 'By.xpath: //a[@class = 'taglib-language-list-text' and @lang = 'en-US' and (contains(text(), 'EN') or contains(., 'EN'))]' is not present after '3' second(s)

2018-12-11 11:36:23 - [TEST_STEP][PASSED] - Statement - If (Checker == false): null

2018-12-11 11:36:23 - [TEST_STEP][PASSED] - delay: Delayed 2 second(s)

2018-12-11 11:36:25 - [MESSAGE][PASSED] - Delayed 2 second(s)

2018-12-11 11:36:25 - [TEST_STEP][PASSED] - delay: Delayed 5 second(s)

2018-12-11 11:36:30 - [MESSAGE][PASSED] - Delayed 5 second(s)

2018-12-11 11:36:30 - [TEST_STEP][PASSED] - mouseOver: Object: 'Object Repository/Final Object Repo/Landing Page/WorkFlow Menu' is hovered

2018-12-11 11:36:30 - [MESSAGE][PASSED] - Object: 'Object Repository/Final Object Repo/Landing Page/WorkFlow Menu' is hovered

2018-12-11 11:36:30 - [TEST_STEP][PASSED] - delay: Delayed 2 second(s)

2018-12-11 11:36:32 - [MESSAGE][PASSED] - Delayed 2 second(s)

2018-12-11 11:36:32 - [TEST_STEP][PASSED] - click: Object: 'Object Repository/Final Object Repo/Landing Page/Select to Workflow Listing' is clicked on

2018-12-11 11:36:33 - [MESSAGE][PASSED] - Object: 'Object Repository/Final Object Repo/Landing Page/Select to Workflow Listing' is clicked on

2018-12-11 11:36:33 - [TEST_STEP][PASSED] - delay: Delayed 2 second(s)

2018-12-11 11:36:35 - [MESSAGE][PASSED] - Delayed 2 second(s)

2018-12-11 11:36:35 - [TEST_STEP][PASSED] - click: Object: 'Object Repository/Final Object Repo/WorkFlow Listing Page/Search Information - To Put Ref No' is clicked on

2018-12-11 11:36:35 - [MESSAGE][PASSED] - Object: 'Object Repository/Final Object Repo/WorkFlow Listing Page/Search Information - To Put Ref No' is clicked on

2018-12-11 11:36:35 - [TEST_STEP][PASSED] - delay: Delayed 2 second(s)

2018-12-11 11:36:37 - [MESSAGE][PASSED] - Delayed 2 second(s)

2018-12-11 11:36:37 - [TEST_STEP][PASSED] - callTestCase: Call Test Case 'Test Cases/Final Aug 2018 - PKS Automation/Common/Reference Number Getter' successfully

2018-12-11 11:36:37 - [TEST_CASE][PASSED] - Test Cases/Final Aug 2018 - PKS Automation/Common/Reference Number Getter: Test Cases/Final Aug 2018 - PKS Automation/Common/Reference Number Getter

2018-12-11 11:36:37 - [TEST_STEP][PASSED] - Statement - Try: null

2018-12-11 11:36:37 - [TEST_STEP][PASSED] - Statement - RefNo = new java.io.File(C://Users//Admin//Desktop//PKS//Automation Reference Point//KatalonReference.txt): null

2018-12-11 11:36:37 - [TEST_STEP][PASSED] - Statement - bufferread = new java.io.BufferedReader(new java.io.FileReader(RefNo)): null

2018-12-11 11:36:37 - [TEST_STEP][PASSED] - Statement - readedVal = bufferread.readLine(): null

2018-12-11 11:36:37 - [TEST_STEP][PASSED] - Statement - out.println(CaseReferenceNo): null

2018-12-11 11:36:37 - [TEST_STEP][PASSED] - Statement - out.println(readedVal): null

2018-12-11 11:36:37 - [TEST_STEP][PASSED] - Statement - CaseReferenceNo = "": null

2018-12-11 11:36:37 - [TEST_STEP][PASSED] - Statement - CaseReferenceNo = readedVal: null

2018-12-11 11:36:37 - [MESSAGE][PASSED] - Call Test Case 'Test Cases/Final Aug 2018 - PKS Automation/Common/Reference Number Getter' successfully

2018-12-11 11:36:37 - [TEST_STEP][PASSED] - setText: Text 'CUN122018C200001710' is set on object 'Object Repository/Final Object Repo/WorkFlow Listing Page/Ref No Set Text'

2018-12-11 11:36:38 - [MESSAGE][PASSED] - Text 'CUN122018C200001710' is set on object 'Object Repository/Final Object Repo/WorkFlow Listing Page/Ref No Set Text'

2018-12-11 11:36:38 - [TEST_STEP][PASSED] - delay: Delayed 2 second(s)

2018-12-11 11:36:40 - [MESSAGE][PASSED] - Delayed 2 second(s)

2018-12-11 11:36:40 - [TEST_STEP][PASSED] - click: Object: 'Object Repository/Final Object Repo/WorkFlow Listing Page/Search Ref No Search Button' is clicked on

2018-12-11 11:36:40 - [MESSAGE][PASSED] - Object: 'Object Repository/Final Object Repo/WorkFlow Listing Page/Search Ref No Search Button' is clicked on

2018-12-11 11:36:40 - [TEST_STEP][PASSED] - delay: Delayed 6 second(s)

2018-12-11 11:36:46 - [MESSAGE][PASSED] - Delayed 6 second(s)

2018-12-11 11:36:46 - [TEST_STEP][PASSED] - click: Object: 'Object Repository/Final Object Repo/WorkFlow Listing Page/Click Continue Tooltip' is clicked on

2018-12-11 11:36:47 - [MESSAGE][PASSED] - Object: 'Object Repository/Final Object Repo/WorkFlow Listing Page/Click Continue Tooltip' is clicked on

2018-12-11 11:36:47 - [TEST_STEP][PASSED] - delay: Delayed 5 second(s)

2018-12-11 11:36:52 - [MESSAGE][PASSED] - Delayed 5 second(s)

2018-12-11 11:36:52 - [TEST_STEP][PASSED] - doubleClick: Object: 'Object Repository/Final Object Repo/WorkFlow Listing Page/Workflow Found - Listing 1' is double clicked on

2018-12-11 11:36:52 - [MESSAGE][PASSED] - Object: 'Object Repository/Final Object Repo/WorkFlow Listing Page/Workflow Found - Listing 1' is double clicked on

2018-12-11 11:36:52 - [TEST_STEP][PASSED] - Statement - println(OwnerID): null

2018-12-11 11:36:52 - [TEST_STEP][PASSED] - Statement - OwnerID = com.kms.katalon.core.webui.keyword.WebUiBuiltInKeywords.getText(com.kms.katalon.core.testobject.ObjectRepository.findTestObject(Final Object Repo/WorkFlow Listing Page/Workflow Found - Listing 1), STOP_ON_FAILURE): Text of object 'Object Repository/Final Object Repo/WorkFlow Listing Page/Workflow Found - Listing 1' is: 'JOHORuo3'

2018-12-11 11:36:52 - [MESSAGE][PASSED] - Text of object 'Object Repository/Final Object Repo/WorkFlow Listing Page/Workflow Found - Listing 1' is: 'JOHORuo3'

2018-12-11 11:36:52 - [TEST_STEP][PASSED] - Statement - OwnerID = OwnerID.toLowerCase() + "@gmail.com": null

2018-12-11 11:36:52 - [TEST_STEP][PASSED] - Statement - println(OwnerID): null

2018-12-11 11:36:52 - [TEST_STEP][PASSED] - delay: Delayed 2 second(s)

2018-12-11 11:36:54 - [MESSAGE][PASSED] - Delayed 2 second(s)

2018-12-11 11:36:54 - [MESSAGE][PASSED] - Call Test Case 'Test Cases/Final Aug 2018 - PKS Automation/Common/Workflow Owner Finder' successfully

2018-12-11 11:36:54 - [TEST_STEP][PASSED] - delay: Delayed 1 second(s)

2018-12-11 11:36:55 - [MESSAGE][PASSED] - Delayed 1 second(s)

2018-12-11 11:36:55 - [TEST_STEP][PASSED] - navigateToUrl: Navigate to 'https://assist2-uat.perkeso.gov.my/c/portal/logout' successfully

2018-12-11 11:36:56 - [MESSAGE][PASSED] - Navigate to 'https://assist2-uat.perkeso.gov.my/c/portal/logout' successfully

2018-12-11 11:36:56 - [TEST_STEP][PASSED] - delay: Delayed 1 second(s)

2018-12-11 11:36:57 - [MESSAGE][PASSED] - Delayed 1 second(s)

2018-12-11 11:36:57 - [TEST_STEP][PASSED] - callTestCase: Call Test Case 'Test Cases/Final Aug 2018 - PKS Automation/Registration Module/Workflow/Login and Search Case For Workflow' successfully

2018-12-11 11:36:57 - [TEST_CASE][PASSED] - Test Cases/Final Aug 2018 - PKS Automation/Registration Module/Workflow/Login and Search Case For Workflow: Test Cases/Final Aug 2018 - PKS Automation/Registration Module/Workflow/Login and Search Case For Workflow

2018-12-11 11:36:57 - [TEST_STEP][PASSED] - navigateToUrl: Navigate to 'https://assist2-uat.perkeso.gov.my/login' successfully

2018-12-11 11:36:57 - [MESSAGE][PASSED] - Navigate to 'https://assist2-uat.perkeso.gov.my/login' successfully

2018-12-11 11:36:57 - [TEST_STEP][PASSED] - setText: Text 'johoruo3@gmail.com' is set on object 'Object Repository/Final Object Repo/Login Page/Internal User/Email Address'

2018-12-11 11:36:58 - [MESSAGE][PASSED] - Text 'johoruo3@gmail.com' is set on object 'Object Repository/Final Object Repo/Login Page/Internal User/Email Address'

2018-12-11 11:36:58 - [TEST_STEP][PASSED] - click: Object: 'Object Repository/Final Object Repo/Login Page/Internal User/Next Button' is clicked on

2018-12-11 11:36:58 - [MESSAGE][PASSED] - Object: 'Object Repository/Final Object Repo/Login Page/Internal User/Next Button' is clicked on

2018-12-11 11:36:58 - [TEST_STEP][PASSED] - delay: Delayed 1 second(s)

2018-12-11 11:36:59 - [MESSAGE][PASSED] - Delayed 1 second(s)

2018-12-11 11:36:59 - [TEST_STEP][PASSED] - setEncryptedText: Text ****** has been set on object 'Object Repository/Final Object Repo/Login Page/Internal User/Password'

2018-12-11 11:36:59 - [MESSAGE][PASSED] - Text ****** has been set on object 'Object Repository/Final Object Repo/Login Page/Internal User/Password'

2018-12-11 11:36:59 - [TEST_STEP][PASSED] - click: Object: 'Object Repository/Final Object Repo/Login Page/Internal User/Login Button' is clicked on

2018-12-11 11:36:59 - [MESSAGE][PASSED] - Object: 'Object Repository/Final Object Repo/Login Page/Internal User/Login Button' is clicked on

2018-12-11 11:36:59 - [TEST_STEP][PASSED] - delay: Delayed 2 second(s)

2018-12-11 11:37:01 - [MESSAGE][PASSED] - Delayed 2 second(s)

2018-12-11 11:37:01 - [TEST_STEP][PASSED] - Statement - Try: Delayed 2 second(s)

2018-12-11 11:37:01 - [TEST_STEP][PASSED] - Statement - Checker = false: null

2018-12-11 11:37:01 - [TEST_STEP][PASSED] - Statement - Checker = com.kms.katalon.core.webui.keyword.WebUiBuiltInKeywords.verifyElementHasAttribute(com.kms.katalon.core.testobject.ObjectRepository.findTestObject(Final Object Repo/Landing Page/BM Detecting), "href", 20, OPTIONAL): Object 'Object Repository/Final Object Repo/Landing Page/BM Detecting' has attribute 'href'

2018-12-11 11:37:01 - [MESSAGE][PASSED] - Object 'Object Repository/Final Object Repo/Landing Page/BM Detecting' has attribute 'href'

2018-12-11 11:37:01 - [TEST_STEP][PASSED] - Statement - out.println(Checker): null

2018-12-11 11:37:01 - [TEST_STEP][PASSED] - Statement - If (Checker == false): null

2018-12-11 11:37:01 - [TEST_STEP][PASSED] - Statement - Else: null

2018-12-11 11:37:01 - [TEST_STEP][PASSED] - delay: Delayed 2 second(s)

2018-12-11 11:37:03 - [MESSAGE][PASSED] - Delayed 2 second(s)

2018-12-11 11:37:03 - [TEST_STEP][PASSED] - click: Object: 'Object Repository/Final Object Repo/Page_MyASSIST - ASSIST - Search Pending Case For Add Supporting Document/Search Information' is clicked on

2018-12-11 11:37:04 - [MESSAGE][PASSED] - Object: 'Object Repository/Final Object Repo/Page_MyASSIST - ASSIST - Search Pending Case For Add Supporting Document/Search Information' is clicked on

2018-12-11 11:37:04 - [TEST_STEP][PASSED] - delay: Delayed 3 second(s)

2018-12-11 11:37:07 - [MESSAGE][PASSED] - Delayed 3 second(s)

2018-12-11 11:37:07 - [TEST_STEP][PASSED] - sendKeys: Keys 'CUN122018C200001710' sent to object: 'Object Repository/Final Object Repo/Page_MyASSIST - ASSIST - Search Pending Case For Add Supporting Document/Reference No'

2018-12-11 11:37:07 - [MESSAGE][PASSED] - Keys 'CUN122018C200001710' sent to object: 'Object Repository/Final Object Repo/Page_MyASSIST - ASSIST - Search Pending Case For Add Supporting Document/Reference No'

2018-12-11 11:37:07 - [TEST_STEP][PASSED] - click: Object: 'Object Repository/Final Object Repo/Page_MyASSIST - ASSIST - Search Pending Case For Add Supporting Document/Search Reference No' is clicked on

2018-12-11 11:37:07 - [MESSAGE][PASSED] - Object: 'Object Repository/Final Object Repo/Page_MyASSIST - ASSIST - Search Pending Case For Add Supporting Document/Search Reference No' is clicked on

2018-12-11 11:37:07 - [TEST_STEP][PASSED] - delay: Delayed 2 second(s)

2018-12-11 11:37:09 - [MESSAGE][PASSED] - Delayed 2 second(s)

2018-12-11 11:37:09 - [TEST_STEP][PASSED] - click: Object: 'Object Repository/Final Object Repo/Page_MyASSIST - ASSIST - Search Pending Case For Add Supporting Document/Continue' is clicked on

2018-12-11 11:37:12 - [MESSAGE][PASSED] - Object: 'Object Repository/Final Object Repo/Page_MyASSIST - ASSIST - Search Pending Case For Add Supporting Document/Continue' is clicked on

2018-12-11 11:37:12 - [TEST_STEP][PASSED] - delay: Delayed 20 second(s)

2018-12-11 11:37:32 - [MESSAGE][PASSED] - Delayed 20 second(s)

2018-12-11 11:37:32 - [MESSAGE][PASSED] - Call Test Case 'Test Cases/Final Aug 2018 - PKS Automation/Registration Module/Workflow/Login and Search Case For Workflow' successfully

2018-12-11 11:37:32 - [TEST_STEP][PASSED] - click: Object: 'Object Repository/Final Object Repo/Page_Form 1A - Cessation As Employer/Page_Form 1A - Cessation As Employer (Approve)/Save  Continue in Form 1A Page' is clicked on

2018-12-11 11:37:33 - [MESSAGE][PASSED] - Object: 'Object Repository/Final Object Repo/Page_Form 1A - Cessation As Employer/Page_Form 1A - Cessation As Employer (Approve)/Save  Continue in Form 1A Page' is clicked on

2018-12-11 11:37:33 - [TEST_STEP][PASSED] - delay: Delayed 2 second(s)

2018-12-11 11:37:35 - [MESSAGE][PASSED] - Delayed 2 second(s)

2018-12-11 11:37:35 - [TEST_STEP][PASSED] - click: Object: 'Object Repository/Final Object Repo/Page_Form 1A - Cessation As Employer/Employment Resign Date' is clicked on

2018-12-11 11:37:35 - [MESSAGE][PASSED] - Object: 'Object Repository/Final Object Repo/Page_Form 1A - Cessation As Employer/Employment Resign Date' is clicked on

2018-12-11 11:37:35 - [TEST_STEP][PASSED] - delay: Delayed 1 second(s)

2018-12-11 11:37:36 - [MESSAGE][PASSED] - Delayed 1 second(s)

2018-12-11 11:37:36 - [TEST_STEP][PASSED] - selectOptionByValue: All options with value '2030' are selected in object 'Object Repository/Final Object Repo/Page_Form 1A - Cessation As Employer/Employment Resign Date - Year' 

2018-12-11 11:37:36 - [MESSAGE][PASSED] - All options with value '2030' are selected in object 'Object Repository/Final Object Repo/Page_Form 1A - Cessation As Employer/Employment Resign Date - Year' 

2018-12-11 11:37:36 - [TEST_STEP][PASSED] - delay: Delayed 1 second(s)

2018-12-11 11:37:37 - [MESSAGE][PASSED] - Delayed 1 second(s)

2018-12-11 11:37:37 - [TEST_STEP][PASSED] - click: Object: 'Object Repository/Final Object Repo/Page_Form 1A - Cessation As Employer/Employment Resign Date - Year - Date' is clicked on

2018-12-11 11:37:37 - [MESSAGE][PASSED] - Object: 'Object Repository/Final Object Repo/Page_Form 1A - Cessation As Employer/Employment Resign Date - Year - Date' is clicked on

2018-12-11 11:37:37 - [TEST_STEP][PASSED] - delay: Delayed 2 second(s)

2018-12-11 11:37:39 - [MESSAGE][PASSED] - Delayed 2 second(s)

2018-12-11 11:37:39 - [TEST_STEP][PASSED] - click: Object: 'Object Repository/Final Object Repo/Page_Form 1A - Cessation As Employer/Page_Form 1A - Cessation As Employer (Approve)/Save  Continue in Update Add Employee Resigned Date Page' is clicked on

2018-12-11 11:37:39 - [MESSAGE][PASSED] - Object: 'Object Repository/Final Object Repo/Page_Form 1A - Cessation As Employer/Page_Form 1A - Cessation As Employer (Approve)/Save  Continue in Update Add Employee Resigned Date Page' is clicked on

2018-12-11 11:37:39 - [TEST_STEP][PASSED] - delay: Delayed 2 second(s)

2018-12-11 11:37:41 - [MESSAGE][PASSED] - Delayed 2 second(s)

2018-12-11 11:37:41 - [TEST_STEP][PASSED] - click: Object: 'Object Repository/Final Object Repo/Page_Form 1A - Cessation As Employer/Set Latest - Yes' is clicked on

2018-12-11 11:37:42 - [MESSAGE][PASSED] - Object: 'Object Repository/Final Object Repo/Page_Form 1A - Cessation As Employer/Set Latest - Yes' is clicked on

2018-12-11 11:37:42 - [TEST_STEP][PASSED] - delay: Delayed 2 second(s)

2018-12-11 11:37:44 - [MESSAGE][PASSED] - Delayed 2 second(s)

2018-12-11 11:37:44 - [TEST_STEP][PASSED] - click: Object: 'Object Repository/Final Object Repo/Page_Form 1A - Cessation As Employer/Page_Form 1A - Cessation As Employer (Approve)/Save  Contine in Uploading Document Page' is clicked on

2018-12-11 11:37:45 - [MESSAGE][PASSED] - Object: 'Object Repository/Final Object Repo/Page_Form 1A - Cessation As Employer/Page_Form 1A - Cessation As Employer (Approve)/Save  Contine in Uploading Document Page' is clicked on

2018-12-11 11:37:45 - [TEST_STEP][PASSED] - delay: Delayed 2 second(s)

2018-12-11 11:37:47 - [MESSAGE][PASSED] - Delayed 2 second(s)

2018-12-11 11:37:47 - [TEST_STEP][PASSED] - click: Object: 'Object Repository/Final Object Repo/Page_Form 1A - Cessation As Employer/Page_Form 1A - Cessation As Employer (Reject)/Reject' is clicked on

2018-12-11 11:37:50 - [MESSAGE][PASSED] - Object: 'Object Repository/Final Object Repo/Page_Form 1A - Cessation As Employer/Page_Form 1A - Cessation As Employer (Reject)/Reject' is clicked on

2018-12-11 11:37:50 - [TEST_STEP][PASSED] - delay: Delayed 2 second(s)

2018-12-11 11:37:52 - [MESSAGE][PASSED] - Delayed 2 second(s)

2018-12-11 11:37:52 - [TEST_STEP][PASSED] - click: Object: 'Object Repository/Final Object Repo/Page_Form 1A - Cessation As Employer/Page_Form 1A - Cessation As Employer (Reject)/Confirm' is clicked on

2018-12-11 11:37:52 - [MESSAGE][PASSED] - Object: 'Object Repository/Final Object Repo/Page_Form 1A - Cessation As Employer/Page_Form 1A - Cessation As Employer (Reject)/Confirm' is clicked on

2018-12-11 11:37:52 - [TEST_STEP][PASSED] - delay: Delayed 2 second(s)

2018-12-11 11:37:54 - [MESSAGE][PASSED] - Delayed 2 second(s)

2018-12-11 11:37:54 - [TEST_STEP][PASSED] - verifyElementVisible: Object 'Object Repository/Final Object Repo/Page_Form 1A - Cessation As Employer/Page_Form 1A - Cessation As Employer (Reject)/Message This Case has been Rejected' is visible

2018-12-11 11:37:57 - [MESSAGE][PASSED] - Object 'Object Repository/Final Object Repo/Page_Form 1A - Cessation As Employer/Page_Form 1A - Cessation As Employer (Reject)/Message This Case has been Rejected' is visible

2018-12-11 11:37:57 - [TEST_STEP][PASSED] - delay: Delayed 1 second(s)

2018-12-11 11:37:58 - [MESSAGE][PASSED] - Delayed 1 second(s)

2018-12-11 11:37:58 - [TEST_STEP][PASSED] - verifyElementVisible: Object 'Object Repository/Final Object Repo/Page_Form 1A - Cessation As Employer/Page_Form 1A - Cessation As Employer (Reject)/Letter of update rejection' is visible

2018-12-11 11:37:58 - [MESSAGE][PASSED] - Object 'Object Repository/Final Object Repo/Page_Form 1A - Cessation As Employer/Page_Form 1A - Cessation As Employer (Reject)/Letter of update rejection' is visible

2018-12-11 11:37:58 - [MESSAGE][PASSED] - Call Test Case 'Test Cases/Final Aug 2018 - PKS Automation/Registration Module/Workflow/Form 1A - Cessation As Employer/Template/Form 1 A - Cessation As Employer (Reject)' successfully]]></system-out>
         <system-err><![CDATA[]]></system-err>
      </testcase>
      <testcase name="Test Cases/Final Aug 2018 - PKS Automation/Registration Module/Workflow/Form 1A - Cessation As Employer/Employer to UO (Under enforcement)" classname="Test Cases/Final Aug 2018 - PKS Automation/Registration Module/Workflow/Form 1A - Cessation As Employer/Employer to UO (Under enforcement)" status="PASSED">
         <system-out><![CDATA[2018-12-11 11:37:58 - [TEST_CASE][PASSED] - Test Cases/Final Aug 2018 - PKS Automation/Registration Module/Workflow/Form 1A - Cessation As Employer/Employer to UO (Under enforcement): Test Cases/Final Aug 2018 - PKS Automation/Registration Module/Workflow/Form 1A - Cessation As Employer/Employer to UO (Under enforcement)

2018-12-11 11:37:59 - [TEST_STEP][PASSED] - callTestCase: Call Test Case 'Test Cases/Final Aug 2018 - PKS Automation/Registration Module/Workflow/Form 1A - Cessation As Employer/Template/Form 1 A - Cessation As Employer (OTC)' successfully

2018-12-11 11:37:59 - [TEST_CASE][PASSED] - Test Cases/Final Aug 2018 - PKS Automation/Registration Module/Workflow/Form 1A - Cessation As Employer/Template/Form 1 A - Cessation As Employer (OTC): Test Cases/Final Aug 2018 - PKS Automation/Registration Module/Workflow/Form 1A - Cessation As Employer/Template/Form 1 A - Cessation As Employer (OTC)

2018-12-11 11:37:59 - [TEST_STEP][PASSED] - openBrowser: Browser is opened with url: ''

2018-12-11 11:37:59 - [MESSAGE][WARNING] - A browser is already opened. Closing browser and opening a new one

2018-12-11 11:38:02 - [MESSAGE][PASSED] - Browser is opened with url: ''

2018-12-11 11:38:02 - [TEST_STEP][PASSED] - navigateToUrl: Navigate to 'https://assist2-uat.perkeso.gov.my/login' successfully

2018-12-11 11:38:03 - [MESSAGE][PASSED] - Navigate to 'https://assist2-uat.perkeso.gov.my/login' successfully

2018-12-11 11:38:03 - [TEST_STEP][PASSED] - setText: Text 'johorotc1@gmail.com' is set on object 'Object Repository/Final Object Repo/Login Page/Internal User/Email Address'

2018-12-11 11:38:03 - [MESSAGE][PASSED] - Text 'johorotc1@gmail.com' is set on object 'Object Repository/Final Object Repo/Login Page/Internal User/Email Address'

2018-12-11 11:38:03 - [TEST_STEP][PASSED] - click: Object: 'Object Repository/Final Object Repo/Login Page/Internal User/Next Button' is clicked on

2018-12-11 11:38:04 - [MESSAGE][PASSED] - Object: 'Object Repository/Final Object Repo/Login Page/Internal User/Next Button' is clicked on

2018-12-11 11:38:04 - [TEST_STEP][PASSED] - delay: Delayed 1 second(s)

2018-12-11 11:38:05 - [MESSAGE][PASSED] - Delayed 1 second(s)

2018-12-11 11:38:05 - [TEST_STEP][PASSED] - setEncryptedText: Text ****** has been set on object 'Object Repository/Final Object Repo/Login Page/Internal User/Password'

2018-12-11 11:38:05 - [MESSAGE][PASSED] - Text ****** has been set on object 'Object Repository/Final Object Repo/Login Page/Internal User/Password'

2018-12-11 11:38:05 - [TEST_STEP][PASSED] - click: Object: 'Object Repository/Final Object Repo/Login Page/Internal User/Login Button' is clicked on

2018-12-11 11:38:05 - [MESSAGE][PASSED] - Object: 'Object Repository/Final Object Repo/Login Page/Internal User/Login Button' is clicked on

2018-12-11 11:38:05 - [TEST_STEP][PASSED] - delay: Delayed 1 second(s)

2018-12-11 11:38:06 - [MESSAGE][PASSED] - Delayed 1 second(s)

2018-12-11 11:38:06 - [TEST_STEP][PASSED] - Statement - Try: Delayed 2 second(s)

2018-12-11 11:38:06 - [TEST_STEP][PASSED] - Statement - Checker = false: null

2018-12-11 11:38:06 - [TEST_STEP][PASSED] - Statement - Checker = com.kms.katalon.core.webui.keyword.WebUiBuiltInKeywords.verifyElementHasAttribute(com.kms.katalon.core.testobject.ObjectRepository.findTestObject(Final Object Repo/Landing Page/BM Detecting), "href", 20, OPTIONAL): Object 'Object Repository/Final Object Repo/Landing Page/BM Detecting' has attribute 'href'

2018-12-11 11:38:07 - [MESSAGE][PASSED] - Object 'Object Repository/Final Object Repo/Landing Page/BM Detecting' has attribute 'href'

2018-12-11 11:38:07 - [TEST_STEP][PASSED] - Statement - out.println(Checker): null

2018-12-11 11:38:07 - [TEST_STEP][PASSED] - Statement - If (Checker == false): null

2018-12-11 11:38:07 - [TEST_STEP][PASSED] - Statement - Else: null

2018-12-11 11:38:07 - [TEST_STEP][PASSED] - delay: Delayed 2 second(s)

2018-12-11 11:38:09 - [MESSAGE][PASSED] - Delayed 2 second(s)

2018-12-11 11:38:09 - [TEST_STEP][PASSED] - navigateToUrl: Navigate to 'https://assist2-uat.perkeso.gov.my/web/registration/update/form-1a-cessation-as-employer-discontinue-business-' successfully

2018-12-11 11:38:10 - [MESSAGE][PASSED] - Navigate to 'https://assist2-uat.perkeso.gov.my/web/registration/update/form-1a-cessation-as-employer-discontinue-business-' successfully

2018-12-11 11:38:10 - [TEST_STEP][PASSED] - setText: Text 'E1102069770Z' is set on object 'Object Repository/Final Object Repo/Page_Update Employer Information/Employer Code'

2018-12-11 11:38:10 - [MESSAGE][PASSED] - Text 'E1102069770Z' is set on object 'Object Repository/Final Object Repo/Page_Update Employer Information/Employer Code'

2018-12-11 11:38:10 - [TEST_STEP][PASSED] - click: Object: 'Object Repository/Final Object Repo/Page_Update Employer Information/Search Button' is clicked on

2018-12-11 11:38:11 - [MESSAGE][PASSED] - Object: 'Object Repository/Final Object Repo/Page_Update Employer Information/Search Button' is clicked on

2018-12-11 11:38:11 - [TEST_STEP][PASSED] - click: Object: 'Object Repository/Final Object Repo/Page_Update Employer Information/Edit Button' is clicked on

2018-12-11 11:38:13 - [MESSAGE][PASSED] - Object: 'Object Repository/Final Object Repo/Page_Update Employer Information/Edit Button' is clicked on

2018-12-11 11:38:13 - [TEST_STEP][PASSED] - Statement - abc = com.kms.katalon.core.webui.keyword.WebUiBuiltInKeywords.getAttribute(com.kms.katalon.core.testobject.ObjectRepository.findTestObject(Final Object Repo/Page_Form 1A - Cessation As Employer/Employer Status), "value"): Attribute 'value' of object 'Object Repository/Final Object Repo/Page_Form 1A - Cessation As Employer/Employer Status' is: 'Dormant'

2018-12-11 11:38:13 - [MESSAGE][PASSED] - Attribute 'value' of object 'Object Repository/Final Object Repo/Page_Form 1A - Cessation As Employer/Employer Status' is: 'Dormant'

2018-12-11 11:38:13 - [TEST_STEP][PASSED] - Statement - out.println(abc): null

2018-12-11 11:38:13 - [TEST_STEP][PASSED] - Statement - If (abc == "Active"): null

2018-12-11 11:38:13 - [TEST_STEP][PASSED] - Statement - Else If (abc == "Cancel"): null

2018-12-11 11:38:13 - [TEST_STEP][PASSED] - Statement - Else If (abc == "Dormant"): Object: 'Object Repository/Final Object Repo/Page_Form 1A - Cessation As Employer/Change Employer Status to - Dormant' is clicked on

2018-12-11 11:38:13 - [TEST_STEP][PASSED] - click: Object: 'Object Repository/Final Object Repo/Page_Form 1A - Cessation As Employer/Change Employer Status to' is clicked on

2018-12-11 11:38:13 - [MESSAGE][PASSED] - Object: 'Object Repository/Final Object Repo/Page_Form 1A - Cessation As Employer/Change Employer Status to' is clicked on

2018-12-11 11:38:13 - [TEST_STEP][PASSED] - click: Object: 'Object Repository/Final Object Repo/Page_Form 1A - Cessation As Employer/Change Employer Status to - Dormant' is clicked on

2018-12-11 11:38:13 - [MESSAGE][PASSED] - Object: 'Object Repository/Final Object Repo/Page_Form 1A - Cessation As Employer/Change Employer Status to - Dormant' is clicked on

2018-12-11 11:38:13 - [TEST_STEP][PASSED] - click: Object: 'Object Repository/Final Object Repo/Page_Form 1A - Cessation As Employer/Calender' is clicked on

2018-12-11 11:38:14 - [MESSAGE][PASSED] - Object: 'Object Repository/Final Object Repo/Page_Form 1A - Cessation As Employer/Calender' is clicked on

2018-12-11 11:38:14 - [TEST_STEP][PASSED] - click: Object: 'Object Repository/Final Object Repo/Page_Form 1A - Cessation As Employer/Calender - Date' is clicked on

2018-12-11 11:38:14 - [MESSAGE][PASSED] - Object: 'Object Repository/Final Object Repo/Page_Form 1A - Cessation As Employer/Calender - Date' is clicked on

2018-12-11 11:38:14 - [TEST_STEP][PASSED] - delay: Delayed 2 second(s)

2018-12-11 11:38:16 - [MESSAGE][PASSED] - Delayed 2 second(s)

2018-12-11 11:38:16 - [TEST_STEP][PASSED] - click: Object: 'Object Repository/Final Object Repo/Page_Form 1A - Cessation As Employer/Save  Continue in Form 1A Page' is clicked on

2018-12-11 11:38:16 - [MESSAGE][PASSED] - Object: 'Object Repository/Final Object Repo/Page_Form 1A - Cessation As Employer/Save  Continue in Form 1A Page' is clicked on

2018-12-11 11:38:16 - [TEST_STEP][PASSED] - delay: Delayed 2 second(s)

2018-12-11 11:38:18 - [MESSAGE][PASSED] - Delayed 2 second(s)

2018-12-11 11:38:18 - [TEST_STEP][PASSED] - click: Object: 'Object Repository/Final Object Repo/Page_Form 1A - Cessation As Employer/Employment Resign Date' is clicked on

2018-12-11 11:38:18 - [MESSAGE][PASSED] - Object: 'Object Repository/Final Object Repo/Page_Form 1A - Cessation As Employer/Employment Resign Date' is clicked on

2018-12-11 11:38:18 - [TEST_STEP][PASSED] - delay: Delayed 1 second(s)

2018-12-11 11:38:19 - [MESSAGE][PASSED] - Delayed 1 second(s)

2018-12-11 11:38:19 - [TEST_STEP][PASSED] - Statement - CaseReferenceNo = com.kms.katalon.core.webui.keyword.WebUiBuiltInKeywords.getText(com.kms.katalon.core.testobject.ObjectRepository.findTestObject(Final Object Repo/Page_Update Employer Information/Reference Number in Update Employee Information Page)): Text of object 'Object Repository/Final Object Repo/Page_Update Employer Information/Reference Number in Update Employee Information Page' is: 'CUN122018C200001711'

2018-12-11 11:38:19 - [MESSAGE][PASSED] - Text of object 'Object Repository/Final Object Repo/Page_Update Employer Information/Reference Number in Update Employee Information Page' is: 'CUN122018C200001711'

2018-12-11 11:38:19 - [TEST_STEP][PASSED] - callTestCase: Call Test Case 'Test Cases/Final Aug 2018 - PKS Automation/Common/Reference Number Setter' successfully

2018-12-11 11:38:19 - [TEST_CASE][PASSED] - Test Cases/Final Aug 2018 - PKS Automation/Common/Reference Number Setter: Test Cases/Final Aug 2018 - PKS Automation/Common/Reference Number Setter

2018-12-11 11:38:19 - [TEST_STEP][PASSED] - Statement - RefNoOldFile = new java.io.File(C://Users//Admin//Desktop//PKS//Automation Reference Point//KatalonReference.txt): null

2018-12-11 11:38:19 - [TEST_STEP][PASSED] - Statement - RefNoOldFile.delete(): null

2018-12-11 11:38:19 - [TEST_STEP][PASSED] - delay: Delayed 5 second(s)

2018-12-11 11:38:24 - [MESSAGE][PASSED] - Delayed 5 second(s)

2018-12-11 11:38:24 - [TEST_STEP][PASSED] - Statement - RefNo = new java.io.File(C://Users//Admin//Desktop//PKS//Automation Reference Point//KatalonReference.txt): null

2018-12-11 11:38:24 - [TEST_STEP][PASSED] - Statement - f2 = new java.io.FileWriter(RefNo, false): null

2018-12-11 11:38:24 - [TEST_STEP][PASSED] - Statement - f2.write(CaseReferenceNo): null

2018-12-11 11:38:24 - [TEST_STEP][PASSED] - Statement - f2.close(): null

2018-12-11 11:38:24 - [TEST_STEP][PASSED] - Statement - out.println("


" + CaseReferenceNo + "


"): null

2018-12-11 11:38:24 - [MESSAGE][PASSED] - Call Test Case 'Test Cases/Final Aug 2018 - PKS Automation/Common/Reference Number Setter' successfully

2018-12-11 11:38:24 - [TEST_STEP][PASSED] - selectOptionByValue: All options with value '2030' are selected in object 'Object Repository/Final Object Repo/Page_Form 1A - Cessation As Employer/Employment Resign Date - Year' 

2018-12-11 11:38:25 - [MESSAGE][PASSED] - All options with value '2030' are selected in object 'Object Repository/Final Object Repo/Page_Form 1A - Cessation As Employer/Employment Resign Date - Year' 

2018-12-11 11:38:25 - [TEST_STEP][PASSED] - delay: Delayed 1 second(s)

2018-12-11 11:38:26 - [MESSAGE][PASSED] - Delayed 1 second(s)

2018-12-11 11:38:26 - [TEST_STEP][PASSED] - click: Object: 'Object Repository/Final Object Repo/Page_Form 1A - Cessation As Employer/Employment Resign Date - Year - Date' is clicked on

2018-12-11 11:38:26 - [MESSAGE][PASSED] - Object: 'Object Repository/Final Object Repo/Page_Form 1A - Cessation As Employer/Employment Resign Date - Year - Date' is clicked on

2018-12-11 11:38:26 - [TEST_STEP][PASSED] - delay: Delayed 2 second(s)

2018-12-11 11:38:28 - [MESSAGE][PASSED] - Delayed 2 second(s)

2018-12-11 11:38:28 - [TEST_STEP][PASSED] - click: Object: 'Object Repository/Final Object Repo/Page_Form 1A - Cessation As Employer/Save  Continue in Update Add Employee Resigned Date Page' is clicked on

2018-12-11 11:38:28 - [MESSAGE][PASSED] - Object: 'Object Repository/Final Object Repo/Page_Form 1A - Cessation As Employer/Save  Continue in Update Add Employee Resigned Date Page' is clicked on

2018-12-11 11:38:28 - [TEST_STEP][PASSED] - delay: Delayed 2 second(s)

2018-12-11 11:38:30 - [MESSAGE][PASSED] - Delayed 2 second(s)

2018-12-11 11:38:30 - [TEST_STEP][PASSED] - click: Object: 'Object Repository/Final Object Repo/Page_Form 1A - Cessation As Employer/Set Latest - Yes' is clicked on

2018-12-11 11:38:30 - [MESSAGE][PASSED] - Object: 'Object Repository/Final Object Repo/Page_Form 1A - Cessation As Employer/Set Latest - Yes' is clicked on

2018-12-11 11:38:30 - [TEST_STEP][PASSED] - delay: Delayed 2 second(s)

2018-12-11 11:38:32 - [MESSAGE][PASSED] - Delayed 2 second(s)

2018-12-11 11:38:32 - [TEST_STEP][PASSED] - click: Object: 'Object Repository/Final Object Repo/Page_Form 1A - Cessation As Employer/Add Document' is clicked on

2018-12-11 11:38:34 - [MESSAGE][PASSED] - Object: 'Object Repository/Final Object Repo/Page_Form 1A - Cessation As Employer/Add Document' is clicked on

2018-12-11 11:38:34 - [TEST_STEP][PASSED] - delay: Delayed 2 second(s)

2018-12-11 11:38:36 - [MESSAGE][PASSED] - Delayed 2 second(s)

2018-12-11 11:38:36 - [TEST_STEP][PASSED] - click: Object: 'Object Repository/Final Object Repo/Page_Form 1A - Cessation As Employer/Document Type' is clicked on

2018-12-11 11:38:37 - [MESSAGE][PASSED] - Object: 'Object Repository/Final Object Repo/Page_Form 1A - Cessation As Employer/Document Type' is clicked on

2018-12-11 11:38:37 - [TEST_STEP][PASSED] - delay: Delayed 2 second(s)

2018-12-11 11:38:39 - [MESSAGE][PASSED] - Delayed 2 second(s)

2018-12-11 11:38:39 - [TEST_STEP][PASSED] - click: Object: 'Object Repository/Final Object Repo/Page_Form 1A - Cessation As Employer/Document Type - Supporting Document For Cessation' is clicked on

2018-12-11 11:38:39 - [MESSAGE][PASSED] - Object: 'Object Repository/Final Object Repo/Page_Form 1A - Cessation As Employer/Document Type - Supporting Document For Cessation' is clicked on

2018-12-11 11:38:39 - [TEST_STEP][PASSED] - delay: Delayed 2 second(s)

2018-12-11 11:38:41 - [MESSAGE][PASSED] - Delayed 2 second(s)

2018-12-11 11:38:41 - [TEST_STEP][PASSED] - sendKeys: Keys 'C:\Users\Public\Pictures\Sample Pictures\Koala.jpg' sent to object: 'Object Repository/Final Object Repo/Page_Form 1A - Cessation As Employer/Uploading File'

2018-12-11 11:38:41 - [MESSAGE][PASSED] - Keys 'C:\Users\Public\Pictures\Sample Pictures\Koala.jpg' sent to object: 'Object Repository/Final Object Repo/Page_Form 1A - Cessation As Employer/Uploading File'

2018-12-11 11:38:41 - [TEST_STEP][PASSED] - delay: Delayed 2 second(s)

2018-12-11 11:38:43 - [MESSAGE][PASSED] - Delayed 2 second(s)

2018-12-11 11:38:43 - [TEST_STEP][PASSED] - click: Object: 'Object Repository/Final Object Repo/Page_Form 1A - Cessation As Employer/Add Document in Uploading Page' is clicked on

2018-12-11 11:38:44 - [MESSAGE][PASSED] - Object: 'Object Repository/Final Object Repo/Page_Form 1A - Cessation As Employer/Add Document in Uploading Page' is clicked on

2018-12-11 11:38:44 - [TEST_STEP][PASSED] - delay: Delayed 20 second(s)

2018-12-11 11:39:04 - [MESSAGE][PASSED] - Delayed 20 second(s)

2018-12-11 11:39:04 - [TEST_STEP][PASSED] - click: Object: 'Object Repository/Final Object Repo/Page_Form 1A - Cessation As Employer/Save  Continue in Uploading Page' is clicked on

2018-12-11 11:39:04 - [MESSAGE][PASSED] - Object: 'Object Repository/Final Object Repo/Page_Form 1A - Cessation As Employer/Save  Continue in Uploading Page' is clicked on

2018-12-11 11:39:04 - [TEST_STEP][PASSED] - delay: Delayed 2 second(s)

2018-12-11 11:39:06 - [MESSAGE][PASSED] - Delayed 2 second(s)

2018-12-11 11:39:06 - [TEST_STEP][PASSED] - click: Object: 'Object Repository/Final Object Repo/Page_Form 1A - Cessation As Employer/Submit2' is clicked on

2018-12-11 11:39:09 - [MESSAGE][PASSED] - Object: 'Object Repository/Final Object Repo/Page_Form 1A - Cessation As Employer/Submit2' is clicked on

2018-12-11 11:39:09 - [TEST_STEP][PASSED] - delay: Delayed 2 second(s)

2018-12-11 11:39:11 - [MESSAGE][PASSED] - Delayed 2 second(s)

2018-12-11 11:39:11 - [TEST_STEP][PASSED] - click: Object: 'Object Repository/Final Object Repo/Page_Form 1A - Cessation As Employer/Confirm' is clicked on

2018-12-11 11:39:11 - [MESSAGE][PASSED] - Object: 'Object Repository/Final Object Repo/Page_Form 1A - Cessation As Employer/Confirm' is clicked on

2018-12-11 11:39:11 - [TEST_STEP][PASSED] - delay: Delayed 2 second(s)

2018-12-11 11:39:13 - [MESSAGE][PASSED] - Delayed 2 second(s)

2018-12-11 11:39:13 - [TEST_STEP][PASSED] - verifyElementVisible: Object 'Object Repository/Final Object Repo/Page_Form 1A - Cessation As Employer/Message Your Request will be routed to UO' is visible

2018-12-11 11:39:16 - [MESSAGE][PASSED] - Object 'Object Repository/Final Object Repo/Page_Form 1A - Cessation As Employer/Message Your Request will be routed to UO' is visible

2018-12-11 11:39:16 - [TEST_STEP][PASSED] - delay: Delayed 1 second(s)

2018-12-11 11:39:17 - [MESSAGE][PASSED] - Delayed 1 second(s)

2018-12-11 11:39:17 - [TEST_STEP][PASSED] - verifyElementVisible: Object 'Object Repository/Final Object Repo/Page_Form 1A - Cessation As Employer/Letter of acknowledgement' is visible

2018-12-11 11:39:17 - [MESSAGE][PASSED] - Object 'Object Repository/Final Object Repo/Page_Form 1A - Cessation As Employer/Letter of acknowledgement' is visible

2018-12-11 11:39:17 - [MESSAGE][PASSED] - Call Test Case 'Test Cases/Final Aug 2018 - PKS Automation/Registration Module/Workflow/Form 1A - Cessation As Employer/Template/Form 1 A - Cessation As Employer (OTC)' successfully

2018-12-11 11:39:17 - [TEST_STEP][PASSED] - callTestCase: Call Test Case 'Test Cases/Final Aug 2018 - PKS Automation/Registration Module/Workflow/Form 1A - Cessation As Employer/Template/Form 1 A - Cessation As Employer (Under enforcement)' successfully

2018-12-11 11:39:17 - [TEST_CASE][PASSED] - Test Cases/Final Aug 2018 - PKS Automation/Registration Module/Workflow/Form 1A - Cessation As Employer/Template/Form 1 A - Cessation As Employer (Under enforcement): Test Cases/Final Aug 2018 - PKS Automation/Registration Module/Workflow/Form 1A - Cessation As Employer/Template/Form 1 A - Cessation As Employer (Under enforcement)

2018-12-11 11:39:18 - [TEST_STEP][NOT_RUN] - callTestCase: NOT_RUN: callTestCase

2018-12-11 11:39:18 - [MESSAGE][NOT_RUN] - NOT_RUN: callTestCase

2018-12-11 11:39:18 - [TEST_STEP][PASSED] - delay: Delayed 1 second(s)

2018-12-11 11:39:19 - [MESSAGE][PASSED] - Delayed 1 second(s)

2018-12-11 11:39:19 - [TEST_STEP][PASSED] - navigateToUrl: Navigate to 'https://assist2-uat.perkeso.gov.my/c/portal/logout' successfully

2018-12-11 11:39:19 - [MESSAGE][PASSED] - Navigate to 'https://assist2-uat.perkeso.gov.my/c/portal/logout' successfully

2018-12-11 11:39:19 - [TEST_STEP][PASSED] - delay: Delayed 1 second(s)

2018-12-11 11:39:20 - [MESSAGE][PASSED] - Delayed 1 second(s)

2018-12-11 11:39:20 - [TEST_STEP][PASSED] - callTestCase: Call Test Case 'Test Cases/Final Aug 2018 - PKS Automation/Common/Reference Number Getter' successfully

2018-12-11 11:39:20 - [TEST_CASE][PASSED] - Test Cases/Final Aug 2018 - PKS Automation/Common/Reference Number Getter: Test Cases/Final Aug 2018 - PKS Automation/Common/Reference Number Getter

2018-12-11 11:39:20 - [TEST_STEP][PASSED] - Statement - Try: null

2018-12-11 11:39:20 - [TEST_STEP][PASSED] - Statement - RefNo = new java.io.File(C://Users//Admin//Desktop//PKS//Automation Reference Point//KatalonReference.txt): null

2018-12-11 11:39:20 - [TEST_STEP][PASSED] - Statement - bufferread = new java.io.BufferedReader(new java.io.FileReader(RefNo)): null

2018-12-11 11:39:20 - [TEST_STEP][PASSED] - Statement - readedVal = bufferread.readLine(): null

2018-12-11 11:39:20 - [TEST_STEP][PASSED] - Statement - out.println(CaseReferenceNo): null

2018-12-11 11:39:20 - [TEST_STEP][PASSED] - Statement - out.println(readedVal): null

2018-12-11 11:39:20 - [TEST_STEP][PASSED] - Statement - CaseReferenceNo = "": null

2018-12-11 11:39:20 - [TEST_STEP][PASSED] - Statement - CaseReferenceNo = readedVal: null

2018-12-11 11:39:20 - [MESSAGE][PASSED] - Call Test Case 'Test Cases/Final Aug 2018 - PKS Automation/Common/Reference Number Getter' successfully

2018-12-11 11:39:20 - [TEST_STEP][PASSED] - callTestCase: Call Test Case 'Test Cases/Final Aug 2018 - PKS Automation/Common/Workflow Owner Finder' successfully

2018-12-11 11:39:20 - [TEST_CASE][PASSED] - Test Cases/Final Aug 2018 - PKS Automation/Common/Workflow Owner Finder: Test Cases/Final Aug 2018 - PKS Automation/Common/Workflow Owner Finder

2018-12-11 11:39:21 - [TEST_STEP][PASSED] - openBrowser: Browser is opened with url: ''

2018-12-11 11:39:21 - [MESSAGE][WARNING] - A browser is already opened. Closing browser and opening a new one

2018-12-11 11:39:24 - [MESSAGE][PASSED] - Browser is opened with url: ''

2018-12-11 11:39:24 - [TEST_STEP][PASSED] - navigateToUrl: Navigate to 'https://assist2-uat.perkeso.gov.my/login' successfully

2018-12-11 11:39:25 - [MESSAGE][PASSED] - Navigate to 'https://assist2-uat.perkeso.gov.my/login' successfully

2018-12-11 11:39:25 - [TEST_STEP][PASSED] - delay: Delayed 5 second(s)

2018-12-11 11:39:30 - [MESSAGE][PASSED] - Delayed 5 second(s)

2018-12-11 11:39:30 - [TEST_STEP][PASSED] - setText: Text 'test@liferay.com' is set on object 'Object Repository/Final Object Repo/Login Page/Internal User/Email Address'

2018-12-11 11:39:30 - [MESSAGE][PASSED] - Text 'test@liferay.com' is set on object 'Object Repository/Final Object Repo/Login Page/Internal User/Email Address'

2018-12-11 11:39:30 - [TEST_STEP][PASSED] - click: Object: 'Object Repository/Final Object Repo/Login Page/Internal User/Next Button' is clicked on

2018-12-11 11:39:30 - [MESSAGE][PASSED] - Object: 'Object Repository/Final Object Repo/Login Page/Internal User/Next Button' is clicked on

2018-12-11 11:39:30 - [TEST_STEP][PASSED] - delay: Delayed 2 second(s)

2018-12-11 11:39:32 - [MESSAGE][PASSED] - Delayed 2 second(s)

2018-12-11 11:39:32 - [TEST_STEP][PASSED] - setText: Text 'test' is set on object 'Object Repository/Final Object Repo/Login Page/Internal User/Password'

2018-12-11 11:39:33 - [MESSAGE][PASSED] - Text 'test' is set on object 'Object Repository/Final Object Repo/Login Page/Internal User/Password'

2018-12-11 11:39:33 - [TEST_STEP][PASSED] - delay: Delayed 2 second(s)

2018-12-11 11:39:35 - [MESSAGE][PASSED] - Delayed 2 second(s)

2018-12-11 11:39:35 - [TEST_STEP][PASSED] - click: Object: 'Object Repository/Final Object Repo/Login Page/Internal User/Login Button' is clicked on

2018-12-11 11:39:35 - [MESSAGE][PASSED] - Object: 'Object Repository/Final Object Repo/Login Page/Internal User/Login Button' is clicked on

2018-12-11 11:39:35 - [TEST_STEP][PASSED] - Statement - tester = com.kms.katalon.core.testobject.ObjectRepository.findTestObject(Final Object Repo/Landing Page/Select to English): Finding Test Object with id 'Object Repository/Final Object Repo/Landing Page/Select to English'

2018-12-11 11:39:35 - [TEST_STEP][PASSED] - Statement - Try: Delayed 2 second(s)

2018-12-11 11:39:35 - [TEST_STEP][PASSED] - Statement - Checker = com.kms.katalon.core.webui.keyword.WebUiBuiltInKeywords.verifyElementNotPresent(tester, 3): Web element with id: 'Object Repository/Final Object Repo/Landing Page/Select to English' located by 'By.xpath: //a[@class = 'taglib-language-list-text' and @lang = 'en-US' and (contains(text(), 'EN') or contains(., 'EN'))]' is not present after '3' second(s)

2018-12-11 11:39:37 - [MESSAGE][PASSED] - Web element with id: 'Object Repository/Final Object Repo/Landing Page/Select to English' located by 'By.xpath: //a[@class = 'taglib-language-list-text' and @lang = 'en-US' and (contains(text(), 'EN') or contains(., 'EN'))]' is not present after '3' second(s)

2018-12-11 11:39:37 - [TEST_STEP][PASSED] - Statement - If (Checker == false): null

2018-12-11 11:39:37 - [TEST_STEP][PASSED] - delay: Delayed 2 second(s)

2018-12-11 11:39:39 - [MESSAGE][PASSED] - Delayed 2 second(s)

2018-12-11 11:39:39 - [TEST_STEP][PASSED] - delay: Delayed 5 second(s)

2018-12-11 11:39:44 - [MESSAGE][PASSED] - Delayed 5 second(s)

2018-12-11 11:39:44 - [TEST_STEP][PASSED] - mouseOver: Object: 'Object Repository/Final Object Repo/Landing Page/WorkFlow Menu' is hovered

2018-12-11 11:39:44 - [MESSAGE][PASSED] - Object: 'Object Repository/Final Object Repo/Landing Page/WorkFlow Menu' is hovered

2018-12-11 11:39:44 - [TEST_STEP][PASSED] - delay: Delayed 2 second(s)

2018-12-11 11:39:46 - [MESSAGE][PASSED] - Delayed 2 second(s)

2018-12-11 11:39:46 - [TEST_STEP][PASSED] - click: Object: 'Object Repository/Final Object Repo/Landing Page/Select to Workflow Listing' is clicked on

2018-12-11 11:39:47 - [MESSAGE][PASSED] - Object: 'Object Repository/Final Object Repo/Landing Page/Select to Workflow Listing' is clicked on

2018-12-11 11:39:47 - [TEST_STEP][PASSED] - delay: Delayed 2 second(s)

2018-12-11 11:39:49 - [MESSAGE][PASSED] - Delayed 2 second(s)

2018-12-11 11:39:49 - [TEST_STEP][PASSED] - click: Object: 'Object Repository/Final Object Repo/WorkFlow Listing Page/Search Information - To Put Ref No' is clicked on

2018-12-11 11:39:49 - [MESSAGE][PASSED] - Object: 'Object Repository/Final Object Repo/WorkFlow Listing Page/Search Information - To Put Ref No' is clicked on

2018-12-11 11:39:49 - [TEST_STEP][PASSED] - delay: Delayed 2 second(s)

2018-12-11 11:39:51 - [MESSAGE][PASSED] - Delayed 2 second(s)

2018-12-11 11:39:51 - [TEST_STEP][PASSED] - callTestCase: Call Test Case 'Test Cases/Final Aug 2018 - PKS Automation/Common/Reference Number Getter' successfully

2018-12-11 11:39:52 - [TEST_CASE][PASSED] - Test Cases/Final Aug 2018 - PKS Automation/Common/Reference Number Getter: Test Cases/Final Aug 2018 - PKS Automation/Common/Reference Number Getter

2018-12-11 11:39:52 - [TEST_STEP][PASSED] - Statement - Try: null

2018-12-11 11:39:52 - [TEST_STEP][PASSED] - Statement - RefNo = new java.io.File(C://Users//Admin//Desktop//PKS//Automation Reference Point//KatalonReference.txt): null

2018-12-11 11:39:52 - [TEST_STEP][PASSED] - Statement - bufferread = new java.io.BufferedReader(new java.io.FileReader(RefNo)): null

2018-12-11 11:39:52 - [TEST_STEP][PASSED] - Statement - readedVal = bufferread.readLine(): null

2018-12-11 11:39:52 - [TEST_STEP][PASSED] - Statement - out.println(CaseReferenceNo): null

2018-12-11 11:39:52 - [TEST_STEP][PASSED] - Statement - out.println(readedVal): null

2018-12-11 11:39:52 - [TEST_STEP][PASSED] - Statement - CaseReferenceNo = "": null

2018-12-11 11:39:52 - [TEST_STEP][PASSED] - Statement - CaseReferenceNo = readedVal: null

2018-12-11 11:39:52 - [MESSAGE][PASSED] - Call Test Case 'Test Cases/Final Aug 2018 - PKS Automation/Common/Reference Number Getter' successfully

2018-12-11 11:39:52 - [TEST_STEP][PASSED] - setText: Text 'CUN122018C200001711' is set on object 'Object Repository/Final Object Repo/WorkFlow Listing Page/Ref No Set Text'

2018-12-11 11:39:52 - [MESSAGE][PASSED] - Text 'CUN122018C200001711' is set on object 'Object Repository/Final Object Repo/WorkFlow Listing Page/Ref No Set Text'

2018-12-11 11:39:52 - [TEST_STEP][PASSED] - delay: Delayed 2 second(s)

2018-12-11 11:39:54 - [MESSAGE][PASSED] - Delayed 2 second(s)

2018-12-11 11:39:54 - [TEST_STEP][PASSED] - click: Object: 'Object Repository/Final Object Repo/WorkFlow Listing Page/Search Ref No Search Button' is clicked on

2018-12-11 11:39:54 - [MESSAGE][PASSED] - Object: 'Object Repository/Final Object Repo/WorkFlow Listing Page/Search Ref No Search Button' is clicked on

2018-12-11 11:39:54 - [TEST_STEP][PASSED] - delay: Delayed 6 second(s)

2018-12-11 11:40:00 - [MESSAGE][PASSED] - Delayed 6 second(s)

2018-12-11 11:40:00 - [TEST_STEP][PASSED] - click: Object: 'Object Repository/Final Object Repo/WorkFlow Listing Page/Click Continue Tooltip' is clicked on

2018-12-11 11:40:01 - [MESSAGE][PASSED] - Object: 'Object Repository/Final Object Repo/WorkFlow Listing Page/Click Continue Tooltip' is clicked on

2018-12-11 11:40:01 - [TEST_STEP][PASSED] - delay: Delayed 5 second(s)

2018-12-11 11:40:06 - [MESSAGE][PASSED] - Delayed 5 second(s)

2018-12-11 11:40:06 - [TEST_STEP][PASSED] - doubleClick: Object: 'Object Repository/Final Object Repo/WorkFlow Listing Page/Workflow Found - Listing 1' is double clicked on

2018-12-11 11:40:06 - [MESSAGE][PASSED] - Object: 'Object Repository/Final Object Repo/WorkFlow Listing Page/Workflow Found - Listing 1' is double clicked on

2018-12-11 11:40:06 - [TEST_STEP][PASSED] - Statement - println(OwnerID): null

2018-12-11 11:40:06 - [TEST_STEP][PASSED] - Statement - OwnerID = com.kms.katalon.core.webui.keyword.WebUiBuiltInKeywords.getText(com.kms.katalon.core.testobject.ObjectRepository.findTestObject(Final Object Repo/WorkFlow Listing Page/Workflow Found - Listing 1), STOP_ON_FAILURE): Text of object 'Object Repository/Final Object Repo/WorkFlow Listing Page/Workflow Found - Listing 1' is: 'JOHORuo1'

2018-12-11 11:40:06 - [MESSAGE][PASSED] - Text of object 'Object Repository/Final Object Repo/WorkFlow Listing Page/Workflow Found - Listing 1' is: 'JOHORuo1'

2018-12-11 11:40:06 - [TEST_STEP][PASSED] - Statement - OwnerID = OwnerID.toLowerCase() + "@gmail.com": null

2018-12-11 11:40:06 - [TEST_STEP][PASSED] - Statement - println(OwnerID): null

2018-12-11 11:40:06 - [TEST_STEP][PASSED] - delay: Delayed 2 second(s)

2018-12-11 11:40:08 - [MESSAGE][PASSED] - Delayed 2 second(s)

2018-12-11 11:40:08 - [MESSAGE][PASSED] - Call Test Case 'Test Cases/Final Aug 2018 - PKS Automation/Common/Workflow Owner Finder' successfully

2018-12-11 11:40:08 - [TEST_STEP][PASSED] - delay: Delayed 1 second(s)

2018-12-11 11:40:09 - [MESSAGE][PASSED] - Delayed 1 second(s)

2018-12-11 11:40:09 - [TEST_STEP][PASSED] - navigateToUrl: Navigate to 'https://assist2-uat.perkeso.gov.my/c/portal/logout' successfully

2018-12-11 11:40:10 - [MESSAGE][PASSED] - Navigate to 'https://assist2-uat.perkeso.gov.my/c/portal/logout' successfully

2018-12-11 11:40:10 - [TEST_STEP][PASSED] - delay: Delayed 1 second(s)

2018-12-11 11:40:11 - [MESSAGE][PASSED] - Delayed 1 second(s)

2018-12-11 11:40:11 - [TEST_STEP][PASSED] - callTestCase: Call Test Case 'Test Cases/Final Aug 2018 - PKS Automation/Registration Module/Workflow/Login and Search Case For Workflow' successfully

2018-12-11 11:40:11 - [TEST_CASE][PASSED] - Test Cases/Final Aug 2018 - PKS Automation/Registration Module/Workflow/Login and Search Case For Workflow: Test Cases/Final Aug 2018 - PKS Automation/Registration Module/Workflow/Login and Search Case For Workflow

2018-12-11 11:40:11 - [TEST_STEP][PASSED] - navigateToUrl: Navigate to 'https://assist2-uat.perkeso.gov.my/login' successfully

2018-12-11 11:40:11 - [MESSAGE][PASSED] - Navigate to 'https://assist2-uat.perkeso.gov.my/login' successfully

2018-12-11 11:40:11 - [TEST_STEP][PASSED] - setText: Text 'johoruo1@gmail.com' is set on object 'Object Repository/Final Object Repo/Login Page/Internal User/Email Address'

2018-12-11 11:40:12 - [MESSAGE][PASSED] - Text 'johoruo1@gmail.com' is set on object 'Object Repository/Final Object Repo/Login Page/Internal User/Email Address'

2018-12-11 11:40:12 - [TEST_STEP][PASSED] - click: Object: 'Object Repository/Final Object Repo/Login Page/Internal User/Next Button' is clicked on

2018-12-11 11:40:12 - [MESSAGE][PASSED] - Object: 'Object Repository/Final Object Repo/Login Page/Internal User/Next Button' is clicked on

2018-12-11 11:40:12 - [TEST_STEP][PASSED] - delay: Delayed 1 second(s)

2018-12-11 11:40:13 - [MESSAGE][PASSED] - Delayed 1 second(s)

2018-12-11 11:40:13 - [TEST_STEP][PASSED] - setEncryptedText: Text ****** has been set on object 'Object Repository/Final Object Repo/Login Page/Internal User/Password'

2018-12-11 11:40:13 - [MESSAGE][PASSED] - Text ****** has been set on object 'Object Repository/Final Object Repo/Login Page/Internal User/Password'

2018-12-11 11:40:13 - [TEST_STEP][PASSED] - click: Object: 'Object Repository/Final Object Repo/Login Page/Internal User/Login Button' is clicked on

2018-12-11 11:40:13 - [MESSAGE][PASSED] - Object: 'Object Repository/Final Object Repo/Login Page/Internal User/Login Button' is clicked on

2018-12-11 11:40:13 - [TEST_STEP][PASSED] - delay: Delayed 2 second(s)

2018-12-11 11:40:15 - [MESSAGE][PASSED] - Delayed 2 second(s)

2018-12-11 11:40:15 - [TEST_STEP][PASSED] - Statement - Try: Delayed 2 second(s)

2018-12-11 11:40:15 - [TEST_STEP][PASSED] - Statement - Checker = false: null

2018-12-11 11:40:15 - [TEST_STEP][PASSED] - Statement - Checker = com.kms.katalon.core.webui.keyword.WebUiBuiltInKeywords.verifyElementHasAttribute(com.kms.katalon.core.testobject.ObjectRepository.findTestObject(Final Object Repo/Landing Page/BM Detecting), "href", 20, OPTIONAL): Object 'Object Repository/Final Object Repo/Landing Page/BM Detecting' has attribute 'href'

2018-12-11 11:40:15 - [MESSAGE][PASSED] - Object 'Object Repository/Final Object Repo/Landing Page/BM Detecting' has attribute 'href'

2018-12-11 11:40:15 - [TEST_STEP][PASSED] - Statement - out.println(Checker): null

2018-12-11 11:40:15 - [TEST_STEP][PASSED] - Statement - If (Checker == false): null

2018-12-11 11:40:15 - [TEST_STEP][PASSED] - Statement - Else: null

2018-12-11 11:40:15 - [TEST_STEP][PASSED] - delay: Delayed 2 second(s)

2018-12-11 11:40:17 - [MESSAGE][PASSED] - Delayed 2 second(s)

2018-12-11 11:40:17 - [TEST_STEP][PASSED] - click: Object: 'Object Repository/Final Object Repo/Page_MyASSIST - ASSIST - Search Pending Case For Add Supporting Document/Search Information' is clicked on

2018-12-11 11:40:18 - [MESSAGE][PASSED] - Object: 'Object Repository/Final Object Repo/Page_MyASSIST - ASSIST - Search Pending Case For Add Supporting Document/Search Information' is clicked on

2018-12-11 11:40:18 - [TEST_STEP][PASSED] - delay: Delayed 3 second(s)

2018-12-11 11:40:21 - [MESSAGE][PASSED] - Delayed 3 second(s)

2018-12-11 11:40:21 - [TEST_STEP][PASSED] - sendKeys: Keys 'CUN122018C200001711' sent to object: 'Object Repository/Final Object Repo/Page_MyASSIST - ASSIST - Search Pending Case For Add Supporting Document/Reference No'

2018-12-11 11:40:21 - [MESSAGE][PASSED] - Keys 'CUN122018C200001711' sent to object: 'Object Repository/Final Object Repo/Page_MyASSIST - ASSIST - Search Pending Case For Add Supporting Document/Reference No'

2018-12-11 11:40:21 - [TEST_STEP][PASSED] - click: Object: 'Object Repository/Final Object Repo/Page_MyASSIST - ASSIST - Search Pending Case For Add Supporting Document/Search Reference No' is clicked on

2018-12-11 11:40:21 - [MESSAGE][PASSED] - Object: 'Object Repository/Final Object Repo/Page_MyASSIST - ASSIST - Search Pending Case For Add Supporting Document/Search Reference No' is clicked on

2018-12-11 11:40:21 - [TEST_STEP][PASSED] - delay: Delayed 2 second(s)

2018-12-11 11:40:23 - [MESSAGE][PASSED] - Delayed 2 second(s)

2018-12-11 11:40:23 - [TEST_STEP][PASSED] - click: Object: 'Object Repository/Final Object Repo/Page_MyASSIST - ASSIST - Search Pending Case For Add Supporting Document/Continue' is clicked on

2018-12-11 11:40:26 - [MESSAGE][PASSED] - Object: 'Object Repository/Final Object Repo/Page_MyASSIST - ASSIST - Search Pending Case For Add Supporting Document/Continue' is clicked on

2018-12-11 11:40:26 - [TEST_STEP][PASSED] - delay: Delayed 20 second(s)

2018-12-11 11:40:46 - [MESSAGE][PASSED] - Delayed 20 second(s)

2018-12-11 11:40:46 - [MESSAGE][PASSED] - Call Test Case 'Test Cases/Final Aug 2018 - PKS Automation/Registration Module/Workflow/Login and Search Case For Workflow' successfully

2018-12-11 11:40:46 - [TEST_STEP][PASSED] - click: Object: 'Object Repository/Final Object Repo/Page_Form 1A - Cessation As Employer/Page_Form 1A - Cessation As Employer (Approve)/Save  Continue in Form 1A Page' is clicked on

2018-12-11 11:40:47 - [MESSAGE][PASSED] - Object: 'Object Repository/Final Object Repo/Page_Form 1A - Cessation As Employer/Page_Form 1A - Cessation As Employer (Approve)/Save  Continue in Form 1A Page' is clicked on

2018-12-11 11:40:47 - [TEST_STEP][PASSED] - delay: Delayed 2 second(s)

2018-12-11 11:40:49 - [MESSAGE][PASSED] - Delayed 2 second(s)

2018-12-11 11:40:49 - [TEST_STEP][PASSED] - click: Object: 'Object Repository/Final Object Repo/Page_Form 1A - Cessation As Employer/Employment Resign Date' is clicked on

2018-12-11 11:40:49 - [MESSAGE][PASSED] - Object: 'Object Repository/Final Object Repo/Page_Form 1A - Cessation As Employer/Employment Resign Date' is clicked on

2018-12-11 11:40:49 - [TEST_STEP][PASSED] - delay: Delayed 1 second(s)

2018-12-11 11:40:50 - [MESSAGE][PASSED] - Delayed 1 second(s)

2018-12-11 11:40:50 - [TEST_STEP][PASSED] - selectOptionByValue: All options with value '2030' are selected in object 'Object Repository/Final Object Repo/Page_Form 1A - Cessation As Employer/Employment Resign Date - Year' 

2018-12-11 11:40:50 - [MESSAGE][PASSED] - All options with value '2030' are selected in object 'Object Repository/Final Object Repo/Page_Form 1A - Cessation As Employer/Employment Resign Date - Year' 

2018-12-11 11:40:50 - [TEST_STEP][PASSED] - delay: Delayed 1 second(s)

2018-12-11 11:40:51 - [MESSAGE][PASSED] - Delayed 1 second(s)

2018-12-11 11:40:51 - [TEST_STEP][PASSED] - click: Object: 'Object Repository/Final Object Repo/Page_Form 1A - Cessation As Employer/Employment Resign Date - Year - Date' is clicked on

2018-12-11 11:40:51 - [MESSAGE][PASSED] - Object: 'Object Repository/Final Object Repo/Page_Form 1A - Cessation As Employer/Employment Resign Date - Year - Date' is clicked on

2018-12-11 11:40:51 - [TEST_STEP][PASSED] - delay: Delayed 2 second(s)

2018-12-11 11:40:53 - [MESSAGE][PASSED] - Delayed 2 second(s)

2018-12-11 11:40:53 - [TEST_STEP][PASSED] - click: Object: 'Object Repository/Final Object Repo/Page_Form 1A - Cessation As Employer/Page_Form 1A - Cessation As Employer (Approve)/Save  Continue in Update Add Employee Resigned Date Page' is clicked on

2018-12-11 11:40:54 - [MESSAGE][PASSED] - Object: 'Object Repository/Final Object Repo/Page_Form 1A - Cessation As Employer/Page_Form 1A - Cessation As Employer (Approve)/Save  Continue in Update Add Employee Resigned Date Page' is clicked on

2018-12-11 11:40:54 - [TEST_STEP][PASSED] - delay: Delayed 2 second(s)

2018-12-11 11:40:56 - [MESSAGE][PASSED] - Delayed 2 second(s)

2018-12-11 11:40:56 - [TEST_STEP][PASSED] - click: Object: 'Object Repository/Final Object Repo/Page_Form 1A - Cessation As Employer/Set Latest - Yes' is clicked on

2018-12-11 11:40:56 - [MESSAGE][PASSED] - Object: 'Object Repository/Final Object Repo/Page_Form 1A - Cessation As Employer/Set Latest - Yes' is clicked on

2018-12-11 11:40:56 - [TEST_STEP][PASSED] - delay: Delayed 2 second(s)

2018-12-11 11:40:58 - [MESSAGE][PASSED] - Delayed 2 second(s)

2018-12-11 11:40:58 - [TEST_STEP][PASSED] - click: Object: 'Object Repository/Final Object Repo/Page_Form 1A - Cessation As Employer/Page_Form 1A - Cessation As Employer (Approve)/Save  Contine in Uploading Document Page' is clicked on

2018-12-11 11:40:59 - [MESSAGE][PASSED] - Object: 'Object Repository/Final Object Repo/Page_Form 1A - Cessation As Employer/Page_Form 1A - Cessation As Employer (Approve)/Save  Contine in Uploading Document Page' is clicked on

2018-12-11 11:40:59 - [TEST_STEP][PASSED] - delay: Delayed 2 second(s)

2018-12-11 11:41:01 - [MESSAGE][PASSED] - Delayed 2 second(s)

2018-12-11 11:41:01 - [TEST_STEP][PASSED] - click: Object: 'Object Repository/Final Object Repo/Page_Form 1A - Cessation As Employer/Page_Form 1A - Cessation As Employer (Under enforcement)/Under enforcement' is clicked on

2018-12-11 11:41:03 - [MESSAGE][PASSED] - Object: 'Object Repository/Final Object Repo/Page_Form 1A - Cessation As Employer/Page_Form 1A - Cessation As Employer (Under enforcement)/Under enforcement' is clicked on

2018-12-11 11:41:03 - [TEST_STEP][PASSED] - delay: Delayed 2 second(s)

2018-12-11 11:41:05 - [MESSAGE][PASSED] - Delayed 2 second(s)

2018-12-11 11:41:05 - [TEST_STEP][PASSED] - setText: Text 'remark' is set on object 'Object Repository/Final Object Repo/Page_Form 1A - Cessation As Employer/Page_Form 1A - Cessation As Employer (Under enforcement)/Under enforcement - remark'

2018-12-11 11:41:06 - [MESSAGE][PASSED] - Text 'remark' is set on object 'Object Repository/Final Object Repo/Page_Form 1A - Cessation As Employer/Page_Form 1A - Cessation As Employer (Under enforcement)/Under enforcement - remark'

2018-12-11 11:41:06 - [TEST_STEP][PASSED] - delay: Delayed 2 second(s)

2018-12-11 11:41:08 - [MESSAGE][PASSED] - Delayed 2 second(s)

2018-12-11 11:41:08 - [TEST_STEP][PASSED] - click: Object: 'Object Repository/Final Object Repo/Page_Form 1A - Cessation As Employer/Page_Form 1A - Cessation As Employer (Under enforcement)/Save  Continue in Under enforcement Page' is clicked on

2018-12-11 11:41:08 - [MESSAGE][PASSED] - Object: 'Object Repository/Final Object Repo/Page_Form 1A - Cessation As Employer/Page_Form 1A - Cessation As Employer (Under enforcement)/Save  Continue in Under enforcement Page' is clicked on

2018-12-11 11:41:08 - [TEST_STEP][PASSED] - delay: Delayed 2 second(s)

2018-12-11 11:41:10 - [MESSAGE][PASSED] - Delayed 2 second(s)

2018-12-11 11:41:10 - [TEST_STEP][PASSED] - click: Object: 'Object Repository/Final Object Repo/Page_Form 1A - Cessation As Employer/Page_Form 1A - Cessation As Employer (Under enforcement)/Message The case is under enforcement' is clicked on

2018-12-11 11:41:12 - [MESSAGE][PASSED] - Object: 'Object Repository/Final Object Repo/Page_Form 1A - Cessation As Employer/Page_Form 1A - Cessation As Employer (Under enforcement)/Message The case is under enforcement' is clicked on

2018-12-11 11:41:12 - [MESSAGE][PASSED] - Call Test Case 'Test Cases/Final Aug 2018 - PKS Automation/Registration Module/Workflow/Form 1A - Cessation As Employer/Template/Form 1 A - Cessation As Employer (Under enforcement)' successfully]]></system-out>
         <system-err><![CDATA[]]></system-err>
      </testcase>
      <testcase name="Test Cases/Final Aug 2018 - PKS Automation/Registration Module/Workflow/Form 1A - Cessation As Employer/OTC to UO (Approve)" classname="Test Cases/Final Aug 2018 - PKS Automation/Registration Module/Workflow/Form 1A - Cessation As Employer/OTC to UO (Approve)" status="PASSED">
         <system-out><![CDATA[2018-12-11 11:41:12 - [TEST_CASE][PASSED] - Test Cases/Final Aug 2018 - PKS Automation/Registration Module/Workflow/Form 1A - Cessation As Employer/OTC to UO (Approve): Test Cases/Final Aug 2018 - PKS Automation/Registration Module/Workflow/Form 1A - Cessation As Employer/OTC to UO (Approve)

2018-12-11 11:41:12 - [TEST_STEP][PASSED] - callTestCase: Call Test Case 'Test Cases/Final Aug 2018 - PKS Automation/Registration Module/Workflow/Form 1A - Cessation As Employer/Template/Form 1 A - Cessation As Employer (OTC)' successfully

2018-12-11 11:41:13 - [TEST_CASE][PASSED] - Test Cases/Final Aug 2018 - PKS Automation/Registration Module/Workflow/Form 1A - Cessation As Employer/Template/Form 1 A - Cessation As Employer (OTC): Test Cases/Final Aug 2018 - PKS Automation/Registration Module/Workflow/Form 1A - Cessation As Employer/Template/Form 1 A - Cessation As Employer (OTC)

2018-12-11 11:41:13 - [TEST_STEP][PASSED] - openBrowser: Browser is opened with url: ''

2018-12-11 11:41:13 - [MESSAGE][WARNING] - A browser is already opened. Closing browser and opening a new one

2018-12-11 11:41:16 - [MESSAGE][PASSED] - Browser is opened with url: ''

2018-12-11 11:41:16 - [TEST_STEP][PASSED] - navigateToUrl: Navigate to 'https://assist2-uat.perkeso.gov.my/login' successfully

2018-12-11 11:41:17 - [MESSAGE][PASSED] - Navigate to 'https://assist2-uat.perkeso.gov.my/login' successfully

2018-12-11 11:41:17 - [TEST_STEP][PASSED] - setText: Text 'johorotc1@gmail.com' is set on object 'Object Repository/Final Object Repo/Login Page/Internal User/Email Address'

2018-12-11 11:41:17 - [MESSAGE][PASSED] - Text 'johorotc1@gmail.com' is set on object 'Object Repository/Final Object Repo/Login Page/Internal User/Email Address'

2018-12-11 11:41:17 - [TEST_STEP][PASSED] - click: Object: 'Object Repository/Final Object Repo/Login Page/Internal User/Next Button' is clicked on

2018-12-11 11:41:18 - [MESSAGE][PASSED] - Object: 'Object Repository/Final Object Repo/Login Page/Internal User/Next Button' is clicked on

2018-12-11 11:41:18 - [TEST_STEP][PASSED] - delay: Delayed 1 second(s)

2018-12-11 11:41:19 - [MESSAGE][PASSED] - Delayed 1 second(s)

2018-12-11 11:41:19 - [TEST_STEP][PASSED] - setEncryptedText: Text ****** has been set on object 'Object Repository/Final Object Repo/Login Page/Internal User/Password'

2018-12-11 11:41:19 - [MESSAGE][PASSED] - Text ****** has been set on object 'Object Repository/Final Object Repo/Login Page/Internal User/Password'

2018-12-11 11:41:19 - [TEST_STEP][PASSED] - click: Object: 'Object Repository/Final Object Repo/Login Page/Internal User/Login Button' is clicked on

2018-12-11 11:41:19 - [MESSAGE][PASSED] - Object: 'Object Repository/Final Object Repo/Login Page/Internal User/Login Button' is clicked on

2018-12-11 11:41:19 - [TEST_STEP][PASSED] - delay: Delayed 1 second(s)

2018-12-11 11:41:20 - [MESSAGE][PASSED] - Delayed 1 second(s)

2018-12-11 11:41:20 - [TEST_STEP][PASSED] - Statement - Try: Delayed 2 second(s)

2018-12-11 11:41:20 - [TEST_STEP][PASSED] - Statement - Checker = false: null

2018-12-11 11:41:20 - [TEST_STEP][PASSED] - Statement - Checker = com.kms.katalon.core.webui.keyword.WebUiBuiltInKeywords.verifyElementHasAttribute(com.kms.katalon.core.testobject.ObjectRepository.findTestObject(Final Object Repo/Landing Page/BM Detecting), "href", 20, OPTIONAL): Object 'Object Repository/Final Object Repo/Landing Page/BM Detecting' has attribute 'href'

2018-12-11 11:41:21 - [MESSAGE][PASSED] - Object 'Object Repository/Final Object Repo/Landing Page/BM Detecting' has attribute 'href'

2018-12-11 11:41:21 - [TEST_STEP][PASSED] - Statement - out.println(Checker): null

2018-12-11 11:41:21 - [TEST_STEP][PASSED] - Statement - If (Checker == false): null

2018-12-11 11:41:21 - [TEST_STEP][PASSED] - Statement - Else: null

2018-12-11 11:41:21 - [TEST_STEP][PASSED] - delay: Delayed 2 second(s)

2018-12-11 11:41:23 - [MESSAGE][PASSED] - Delayed 2 second(s)

2018-12-11 11:41:23 - [TEST_STEP][PASSED] - navigateToUrl: Navigate to 'https://assist2-uat.perkeso.gov.my/web/registration/update/form-1a-cessation-as-employer-discontinue-business-' successfully

2018-12-11 11:41:24 - [MESSAGE][PASSED] - Navigate to 'https://assist2-uat.perkeso.gov.my/web/registration/update/form-1a-cessation-as-employer-discontinue-business-' successfully

2018-12-11 11:41:24 - [TEST_STEP][PASSED] - setText: Text 'E1102069770Z' is set on object 'Object Repository/Final Object Repo/Page_Update Employer Information/Employer Code'

2018-12-11 11:41:24 - [MESSAGE][PASSED] - Text 'E1102069770Z' is set on object 'Object Repository/Final Object Repo/Page_Update Employer Information/Employer Code'

2018-12-11 11:41:24 - [TEST_STEP][PASSED] - click: Object: 'Object Repository/Final Object Repo/Page_Update Employer Information/Search Button' is clicked on

2018-12-11 11:41:24 - [MESSAGE][PASSED] - Object: 'Object Repository/Final Object Repo/Page_Update Employer Information/Search Button' is clicked on

2018-12-11 11:41:24 - [TEST_STEP][PASSED] - click: Object: 'Object Repository/Final Object Repo/Page_Update Employer Information/Edit Button' is clicked on

2018-12-11 11:41:27 - [MESSAGE][PASSED] - Object: 'Object Repository/Final Object Repo/Page_Update Employer Information/Edit Button' is clicked on

2018-12-11 11:41:27 - [TEST_STEP][PASSED] - Statement - abc = com.kms.katalon.core.webui.keyword.WebUiBuiltInKeywords.getAttribute(com.kms.katalon.core.testobject.ObjectRepository.findTestObject(Final Object Repo/Page_Form 1A - Cessation As Employer/Employer Status), "value"): Attribute 'value' of object 'Object Repository/Final Object Repo/Page_Form 1A - Cessation As Employer/Employer Status' is: 'Dormant'

2018-12-11 11:41:27 - [MESSAGE][PASSED] - Attribute 'value' of object 'Object Repository/Final Object Repo/Page_Form 1A - Cessation As Employer/Employer Status' is: 'Dormant'

2018-12-11 11:41:27 - [TEST_STEP][PASSED] - Statement - out.println(abc): null

2018-12-11 11:41:27 - [TEST_STEP][PASSED] - Statement - If (abc == "Active"): null

2018-12-11 11:41:27 - [TEST_STEP][PASSED] - Statement - Else If (abc == "Cancel"): null

2018-12-11 11:41:27 - [TEST_STEP][PASSED] - Statement - Else If (abc == "Dormant"): Object: 'Object Repository/Final Object Repo/Page_Form 1A - Cessation As Employer/Change Employer Status to - Dormant' is clicked on

2018-12-11 11:41:27 - [TEST_STEP][PASSED] - click: Object: 'Object Repository/Final Object Repo/Page_Form 1A - Cessation As Employer/Change Employer Status to' is clicked on

2018-12-11 11:41:27 - [MESSAGE][PASSED] - Object: 'Object Repository/Final Object Repo/Page_Form 1A - Cessation As Employer/Change Employer Status to' is clicked on

2018-12-11 11:41:27 - [TEST_STEP][PASSED] - click: Object: 'Object Repository/Final Object Repo/Page_Form 1A - Cessation As Employer/Change Employer Status to - Dormant' is clicked on

2018-12-11 11:41:27 - [MESSAGE][PASSED] - Object: 'Object Repository/Final Object Repo/Page_Form 1A - Cessation As Employer/Change Employer Status to - Dormant' is clicked on

2018-12-11 11:41:27 - [TEST_STEP][PASSED] - click: Object: 'Object Repository/Final Object Repo/Page_Form 1A - Cessation As Employer/Calender' is clicked on

2018-12-11 11:41:28 - [MESSAGE][PASSED] - Object: 'Object Repository/Final Object Repo/Page_Form 1A - Cessation As Employer/Calender' is clicked on

2018-12-11 11:41:28 - [TEST_STEP][PASSED] - click: Object: 'Object Repository/Final Object Repo/Page_Form 1A - Cessation As Employer/Calender - Date' is clicked on

2018-12-11 11:41:28 - [MESSAGE][PASSED] - Object: 'Object Repository/Final Object Repo/Page_Form 1A - Cessation As Employer/Calender - Date' is clicked on

2018-12-11 11:41:28 - [TEST_STEP][PASSED] - delay: Delayed 2 second(s)

2018-12-11 11:41:30 - [MESSAGE][PASSED] - Delayed 2 second(s)

2018-12-11 11:41:30 - [TEST_STEP][PASSED] - click: Object: 'Object Repository/Final Object Repo/Page_Form 1A - Cessation As Employer/Save  Continue in Form 1A Page' is clicked on

2018-12-11 11:41:30 - [MESSAGE][PASSED] - Object: 'Object Repository/Final Object Repo/Page_Form 1A - Cessation As Employer/Save  Continue in Form 1A Page' is clicked on

2018-12-11 11:41:30 - [TEST_STEP][PASSED] - delay: Delayed 2 second(s)

2018-12-11 11:41:32 - [MESSAGE][PASSED] - Delayed 2 second(s)

2018-12-11 11:41:32 - [TEST_STEP][PASSED] - click: Object: 'Object Repository/Final Object Repo/Page_Form 1A - Cessation As Employer/Employment Resign Date' is clicked on

2018-12-11 11:41:32 - [MESSAGE][PASSED] - Object: 'Object Repository/Final Object Repo/Page_Form 1A - Cessation As Employer/Employment Resign Date' is clicked on

2018-12-11 11:41:32 - [TEST_STEP][PASSED] - delay: Delayed 1 second(s)

2018-12-11 11:41:33 - [MESSAGE][PASSED] - Delayed 1 second(s)

2018-12-11 11:41:33 - [TEST_STEP][PASSED] - Statement - CaseReferenceNo = com.kms.katalon.core.webui.keyword.WebUiBuiltInKeywords.getText(com.kms.katalon.core.testobject.ObjectRepository.findTestObject(Final Object Repo/Page_Update Employer Information/Reference Number in Update Employee Information Page)): Text of object 'Object Repository/Final Object Repo/Page_Update Employer Information/Reference Number in Update Employee Information Page' is: 'CUN122018C200001712'

2018-12-11 11:41:33 - [MESSAGE][PASSED] - Text of object 'Object Repository/Final Object Repo/Page_Update Employer Information/Reference Number in Update Employee Information Page' is: 'CUN122018C200001712'

2018-12-11 11:41:33 - [TEST_STEP][PASSED] - callTestCase: Call Test Case 'Test Cases/Final Aug 2018 - PKS Automation/Common/Reference Number Setter' successfully

2018-12-11 11:41:33 - [TEST_CASE][PASSED] - Test Cases/Final Aug 2018 - PKS Automation/Common/Reference Number Setter: Test Cases/Final Aug 2018 - PKS Automation/Common/Reference Number Setter

2018-12-11 11:41:33 - [TEST_STEP][PASSED] - Statement - RefNoOldFile = new java.io.File(C://Users//Admin//Desktop//PKS//Automation Reference Point//KatalonReference.txt): null

2018-12-11 11:41:33 - [TEST_STEP][PASSED] - Statement - RefNoOldFile.delete(): null

2018-12-11 11:41:33 - [TEST_STEP][PASSED] - delay: Delayed 5 second(s)

2018-12-11 11:41:38 - [MESSAGE][PASSED] - Delayed 5 second(s)

2018-12-11 11:41:38 - [TEST_STEP][PASSED] - Statement - RefNo = new java.io.File(C://Users//Admin//Desktop//PKS//Automation Reference Point//KatalonReference.txt): null

2018-12-11 11:41:38 - [TEST_STEP][PASSED] - Statement - f2 = new java.io.FileWriter(RefNo, false): null

2018-12-11 11:41:38 - [TEST_STEP][PASSED] - Statement - f2.write(CaseReferenceNo): null

2018-12-11 11:41:38 - [TEST_STEP][PASSED] - Statement - f2.close(): null

2018-12-11 11:41:38 - [TEST_STEP][PASSED] - Statement - out.println("


" + CaseReferenceNo + "


"): null

2018-12-11 11:41:38 - [MESSAGE][PASSED] - Call Test Case 'Test Cases/Final Aug 2018 - PKS Automation/Common/Reference Number Setter' successfully

2018-12-11 11:41:38 - [TEST_STEP][PASSED] - selectOptionByValue: All options with value '2030' are selected in object 'Object Repository/Final Object Repo/Page_Form 1A - Cessation As Employer/Employment Resign Date - Year' 

2018-12-11 11:41:39 - [MESSAGE][PASSED] - All options with value '2030' are selected in object 'Object Repository/Final Object Repo/Page_Form 1A - Cessation As Employer/Employment Resign Date - Year' 

2018-12-11 11:41:39 - [TEST_STEP][PASSED] - delay: Delayed 1 second(s)

2018-12-11 11:41:40 - [MESSAGE][PASSED] - Delayed 1 second(s)

2018-12-11 11:41:40 - [TEST_STEP][PASSED] - click: Object: 'Object Repository/Final Object Repo/Page_Form 1A - Cessation As Employer/Employment Resign Date - Year - Date' is clicked on

2018-12-11 11:41:40 - [MESSAGE][PASSED] - Object: 'Object Repository/Final Object Repo/Page_Form 1A - Cessation As Employer/Employment Resign Date - Year - Date' is clicked on

2018-12-11 11:41:40 - [TEST_STEP][PASSED] - delay: Delayed 2 second(s)

2018-12-11 11:41:42 - [MESSAGE][PASSED] - Delayed 2 second(s)

2018-12-11 11:41:42 - [TEST_STEP][PASSED] - click: Object: 'Object Repository/Final Object Repo/Page_Form 1A - Cessation As Employer/Save  Continue in Update Add Employee Resigned Date Page' is clicked on

2018-12-11 11:41:42 - [MESSAGE][PASSED] - Object: 'Object Repository/Final Object Repo/Page_Form 1A - Cessation As Employer/Save  Continue in Update Add Employee Resigned Date Page' is clicked on

2018-12-11 11:41:42 - [TEST_STEP][PASSED] - delay: Delayed 2 second(s)

2018-12-11 11:41:44 - [MESSAGE][PASSED] - Delayed 2 second(s)

2018-12-11 11:41:44 - [TEST_STEP][PASSED] - click: Object: 'Object Repository/Final Object Repo/Page_Form 1A - Cessation As Employer/Set Latest - Yes' is clicked on

2018-12-11 11:41:44 - [MESSAGE][PASSED] - Object: 'Object Repository/Final Object Repo/Page_Form 1A - Cessation As Employer/Set Latest - Yes' is clicked on

2018-12-11 11:41:44 - [TEST_STEP][PASSED] - delay: Delayed 2 second(s)

2018-12-11 11:41:46 - [MESSAGE][PASSED] - Delayed 2 second(s)

2018-12-11 11:41:46 - [TEST_STEP][PASSED] - click: Object: 'Object Repository/Final Object Repo/Page_Form 1A - Cessation As Employer/Add Document' is clicked on

2018-12-11 11:41:47 - [MESSAGE][PASSED] - Object: 'Object Repository/Final Object Repo/Page_Form 1A - Cessation As Employer/Add Document' is clicked on

2018-12-11 11:41:47 - [TEST_STEP][PASSED] - delay: Delayed 2 second(s)

2018-12-11 11:41:49 - [MESSAGE][PASSED] - Delayed 2 second(s)

2018-12-11 11:41:49 - [TEST_STEP][PASSED] - click: Object: 'Object Repository/Final Object Repo/Page_Form 1A - Cessation As Employer/Document Type' is clicked on

2018-12-11 11:41:51 - [MESSAGE][PASSED] - Object: 'Object Repository/Final Object Repo/Page_Form 1A - Cessation As Employer/Document Type' is clicked on

2018-12-11 11:41:51 - [TEST_STEP][PASSED] - delay: Delayed 2 second(s)

2018-12-11 11:41:53 - [MESSAGE][PASSED] - Delayed 2 second(s)

2018-12-11 11:41:53 - [TEST_STEP][PASSED] - click: Object: 'Object Repository/Final Object Repo/Page_Form 1A - Cessation As Employer/Document Type - Supporting Document For Cessation' is clicked on

2018-12-11 11:41:53 - [MESSAGE][PASSED] - Object: 'Object Repository/Final Object Repo/Page_Form 1A - Cessation As Employer/Document Type - Supporting Document For Cessation' is clicked on

2018-12-11 11:41:53 - [TEST_STEP][PASSED] - delay: Delayed 2 second(s)

2018-12-11 11:41:55 - [MESSAGE][PASSED] - Delayed 2 second(s)

2018-12-11 11:41:55 - [TEST_STEP][PASSED] - sendKeys: Keys 'C:\Users\Public\Pictures\Sample Pictures\Koala.jpg' sent to object: 'Object Repository/Final Object Repo/Page_Form 1A - Cessation As Employer/Uploading File'

2018-12-11 11:41:55 - [MESSAGE][PASSED] - Keys 'C:\Users\Public\Pictures\Sample Pictures\Koala.jpg' sent to object: 'Object Repository/Final Object Repo/Page_Form 1A - Cessation As Employer/Uploading File'

2018-12-11 11:41:55 - [TEST_STEP][PASSED] - delay: Delayed 2 second(s)

2018-12-11 11:41:57 - [MESSAGE][PASSED] - Delayed 2 second(s)

2018-12-11 11:41:57 - [TEST_STEP][PASSED] - click: Object: 'Object Repository/Final Object Repo/Page_Form 1A - Cessation As Employer/Add Document in Uploading Page' is clicked on

2018-12-11 11:41:57 - [MESSAGE][PASSED] - Object: 'Object Repository/Final Object Repo/Page_Form 1A - Cessation As Employer/Add Document in Uploading Page' is clicked on

2018-12-11 11:41:57 - [TEST_STEP][PASSED] - delay: Delayed 20 second(s)

2018-12-11 11:42:17 - [MESSAGE][PASSED] - Delayed 20 second(s)

2018-12-11 11:42:17 - [TEST_STEP][PASSED] - click: Object: 'Object Repository/Final Object Repo/Page_Form 1A - Cessation As Employer/Save  Continue in Uploading Page' is clicked on

2018-12-11 11:42:17 - [MESSAGE][PASSED] - Object: 'Object Repository/Final Object Repo/Page_Form 1A - Cessation As Employer/Save  Continue in Uploading Page' is clicked on

2018-12-11 11:42:17 - [TEST_STEP][PASSED] - delay: Delayed 2 second(s)

2018-12-11 11:42:19 - [MESSAGE][PASSED] - Delayed 2 second(s)

2018-12-11 11:42:19 - [TEST_STEP][PASSED] - click: Object: 'Object Repository/Final Object Repo/Page_Form 1A - Cessation As Employer/Submit2' is clicked on

2018-12-11 11:42:22 - [MESSAGE][PASSED] - Object: 'Object Repository/Final Object Repo/Page_Form 1A - Cessation As Employer/Submit2' is clicked on

2018-12-11 11:42:22 - [TEST_STEP][PASSED] - delay: Delayed 2 second(s)

2018-12-11 11:42:24 - [MESSAGE][PASSED] - Delayed 2 second(s)

2018-12-11 11:42:24 - [TEST_STEP][PASSED] - click: Object: 'Object Repository/Final Object Repo/Page_Form 1A - Cessation As Employer/Confirm' is clicked on

2018-12-11 11:42:24 - [MESSAGE][PASSED] - Object: 'Object Repository/Final Object Repo/Page_Form 1A - Cessation As Employer/Confirm' is clicked on

2018-12-11 11:42:24 - [TEST_STEP][PASSED] - delay: Delayed 2 second(s)

2018-12-11 11:42:26 - [MESSAGE][PASSED] - Delayed 2 second(s)

2018-12-11 11:42:26 - [TEST_STEP][PASSED] - verifyElementVisible: Object 'Object Repository/Final Object Repo/Page_Form 1A - Cessation As Employer/Message Your Request will be routed to UO' is visible

2018-12-11 11:42:30 - [MESSAGE][PASSED] - Object 'Object Repository/Final Object Repo/Page_Form 1A - Cessation As Employer/Message Your Request will be routed to UO' is visible

2018-12-11 11:42:30 - [TEST_STEP][PASSED] - delay: Delayed 1 second(s)

2018-12-11 11:42:31 - [MESSAGE][PASSED] - Delayed 1 second(s)

2018-12-11 11:42:31 - [TEST_STEP][PASSED] - verifyElementVisible: Object 'Object Repository/Final Object Repo/Page_Form 1A - Cessation As Employer/Letter of acknowledgement' is visible

2018-12-11 11:42:31 - [MESSAGE][PASSED] - Object 'Object Repository/Final Object Repo/Page_Form 1A - Cessation As Employer/Letter of acknowledgement' is visible

2018-12-11 11:42:31 - [MESSAGE][PASSED] - Call Test Case 'Test Cases/Final Aug 2018 - PKS Automation/Registration Module/Workflow/Form 1A - Cessation As Employer/Template/Form 1 A - Cessation As Employer (OTC)' successfully

2018-12-11 11:42:31 - [TEST_STEP][PASSED] - callTestCase: Call Test Case 'Test Cases/Final Aug 2018 - PKS Automation/Registration Module/Workflow/Form 1A - Cessation As Employer/Template/Form 1 A - Cessation As Employer (Approve)' successfully

2018-12-11 11:42:31 - [TEST_CASE][PASSED] - Test Cases/Final Aug 2018 - PKS Automation/Registration Module/Workflow/Form 1A - Cessation As Employer/Template/Form 1 A - Cessation As Employer (Approve): Test Cases/Final Aug 2018 - PKS Automation/Registration Module/Workflow/Form 1A - Cessation As Employer/Template/Form 1 A - Cessation As Employer (Approve)

2018-12-11 11:42:31 - [TEST_STEP][NOT_RUN] - callTestCase: NOT_RUN: callTestCase

2018-12-11 11:42:31 - [MESSAGE][NOT_RUN] - NOT_RUN: callTestCase

2018-12-11 11:42:31 - [TEST_STEP][PASSED] - delay: Delayed 1 second(s)

2018-12-11 11:42:32 - [MESSAGE][PASSED] - Delayed 1 second(s)

2018-12-11 11:42:32 - [TEST_STEP][PASSED] - navigateToUrl: Navigate to 'https://assist2-uat.perkeso.gov.my/c/portal/logout' successfully

2018-12-11 11:42:33 - [MESSAGE][PASSED] - Navigate to 'https://assist2-uat.perkeso.gov.my/c/portal/logout' successfully

2018-12-11 11:42:33 - [TEST_STEP][PASSED] - delay: Delayed 1 second(s)

2018-12-11 11:42:34 - [MESSAGE][PASSED] - Delayed 1 second(s)

2018-12-11 11:42:34 - [TEST_STEP][PASSED] - callTestCase: Call Test Case 'Test Cases/Final Aug 2018 - PKS Automation/Common/Reference Number Getter' successfully

2018-12-11 11:42:34 - [TEST_CASE][PASSED] - Test Cases/Final Aug 2018 - PKS Automation/Common/Reference Number Getter: Test Cases/Final Aug 2018 - PKS Automation/Common/Reference Number Getter

2018-12-11 11:42:34 - [TEST_STEP][PASSED] - Statement - Try: null

2018-12-11 11:42:34 - [TEST_STEP][PASSED] - Statement - RefNo = new java.io.File(C://Users//Admin//Desktop//PKS//Automation Reference Point//KatalonReference.txt): null

2018-12-11 11:42:34 - [TEST_STEP][PASSED] - Statement - bufferread = new java.io.BufferedReader(new java.io.FileReader(RefNo)): null

2018-12-11 11:42:34 - [TEST_STEP][PASSED] - Statement - readedVal = bufferread.readLine(): null

2018-12-11 11:42:34 - [TEST_STEP][PASSED] - Statement - out.println(CaseReferenceNo): null

2018-12-11 11:42:34 - [TEST_STEP][PASSED] - Statement - out.println(readedVal): null

2018-12-11 11:42:34 - [TEST_STEP][PASSED] - Statement - CaseReferenceNo = "": null

2018-12-11 11:42:34 - [TEST_STEP][PASSED] - Statement - CaseReferenceNo = readedVal: null

2018-12-11 11:42:34 - [MESSAGE][PASSED] - Call Test Case 'Test Cases/Final Aug 2018 - PKS Automation/Common/Reference Number Getter' successfully

2018-12-11 11:42:34 - [TEST_STEP][PASSED] - callTestCase: Call Test Case 'Test Cases/Final Aug 2018 - PKS Automation/Common/Workflow Owner Finder' successfully

2018-12-11 11:42:34 - [TEST_CASE][PASSED] - Test Cases/Final Aug 2018 - PKS Automation/Common/Workflow Owner Finder: Test Cases/Final Aug 2018 - PKS Automation/Common/Workflow Owner Finder

2018-12-11 11:42:34 - [TEST_STEP][PASSED] - openBrowser: Browser is opened with url: ''

2018-12-11 11:42:34 - [MESSAGE][WARNING] - A browser is already opened. Closing browser and opening a new one

2018-12-11 11:42:38 - [MESSAGE][PASSED] - Browser is opened with url: ''

2018-12-11 11:42:38 - [TEST_STEP][PASSED] - navigateToUrl: Navigate to 'https://assist2-uat.perkeso.gov.my/login' successfully

2018-12-11 11:42:39 - [MESSAGE][PASSED] - Navigate to 'https://assist2-uat.perkeso.gov.my/login' successfully

2018-12-11 11:42:39 - [TEST_STEP][PASSED] - delay: Delayed 5 second(s)

2018-12-11 11:42:44 - [MESSAGE][PASSED] - Delayed 5 second(s)

2018-12-11 11:42:44 - [TEST_STEP][PASSED] - setText: Text 'test@liferay.com' is set on object 'Object Repository/Final Object Repo/Login Page/Internal User/Email Address'

2018-12-11 11:42:44 - [MESSAGE][PASSED] - Text 'test@liferay.com' is set on object 'Object Repository/Final Object Repo/Login Page/Internal User/Email Address'

2018-12-11 11:42:44 - [TEST_STEP][PASSED] - click: Object: 'Object Repository/Final Object Repo/Login Page/Internal User/Next Button' is clicked on

2018-12-11 11:42:44 - [MESSAGE][PASSED] - Object: 'Object Repository/Final Object Repo/Login Page/Internal User/Next Button' is clicked on

2018-12-11 11:42:44 - [TEST_STEP][PASSED] - delay: Delayed 2 second(s)

2018-12-11 11:42:46 - [MESSAGE][PASSED] - Delayed 2 second(s)

2018-12-11 11:42:46 - [TEST_STEP][PASSED] - setText: Text 'test' is set on object 'Object Repository/Final Object Repo/Login Page/Internal User/Password'

2018-12-11 11:42:47 - [MESSAGE][PASSED] - Text 'test' is set on object 'Object Repository/Final Object Repo/Login Page/Internal User/Password'

2018-12-11 11:42:47 - [TEST_STEP][PASSED] - delay: Delayed 2 second(s)

2018-12-11 11:42:49 - [MESSAGE][PASSED] - Delayed 2 second(s)

2018-12-11 11:42:49 - [TEST_STEP][PASSED] - click: Object: 'Object Repository/Final Object Repo/Login Page/Internal User/Login Button' is clicked on

2018-12-11 11:42:49 - [MESSAGE][PASSED] - Object: 'Object Repository/Final Object Repo/Login Page/Internal User/Login Button' is clicked on

2018-12-11 11:42:49 - [TEST_STEP][PASSED] - Statement - tester = com.kms.katalon.core.testobject.ObjectRepository.findTestObject(Final Object Repo/Landing Page/Select to English): Finding Test Object with id 'Object Repository/Final Object Repo/Landing Page/Select to English'

2018-12-11 11:42:49 - [TEST_STEP][PASSED] - Statement - Try: Delayed 2 second(s)

2018-12-11 11:42:49 - [TEST_STEP][PASSED] - Statement - Checker = com.kms.katalon.core.webui.keyword.WebUiBuiltInKeywords.verifyElementNotPresent(tester, 3): Web element with id: 'Object Repository/Final Object Repo/Landing Page/Select to English' located by 'By.xpath: //a[@class = 'taglib-language-list-text' and @lang = 'en-US' and (contains(text(), 'EN') or contains(., 'EN'))]' is not present after '3' second(s)

2018-12-11 11:42:51 - [MESSAGE][PASSED] - Web element with id: 'Object Repository/Final Object Repo/Landing Page/Select to English' located by 'By.xpath: //a[@class = 'taglib-language-list-text' and @lang = 'en-US' and (contains(text(), 'EN') or contains(., 'EN'))]' is not present after '3' second(s)

2018-12-11 11:42:51 - [TEST_STEP][PASSED] - Statement - If (Checker == false): null

2018-12-11 11:42:51 - [TEST_STEP][PASSED] - delay: Delayed 2 second(s)

2018-12-11 11:42:53 - [MESSAGE][PASSED] - Delayed 2 second(s)

2018-12-11 11:42:53 - [TEST_STEP][PASSED] - delay: Delayed 5 second(s)

2018-12-11 11:42:58 - [MESSAGE][PASSED] - Delayed 5 second(s)

2018-12-11 11:42:58 - [TEST_STEP][PASSED] - mouseOver: Object: 'Object Repository/Final Object Repo/Landing Page/WorkFlow Menu' is hovered

2018-12-11 11:42:58 - [MESSAGE][PASSED] - Object: 'Object Repository/Final Object Repo/Landing Page/WorkFlow Menu' is hovered

2018-12-11 11:42:58 - [TEST_STEP][PASSED] - delay: Delayed 2 second(s)

2018-12-11 11:43:00 - [MESSAGE][PASSED] - Delayed 2 second(s)

2018-12-11 11:43:00 - [TEST_STEP][PASSED] - click: Object: 'Object Repository/Final Object Repo/Landing Page/Select to Workflow Listing' is clicked on

2018-12-11 11:43:01 - [MESSAGE][PASSED] - Object: 'Object Repository/Final Object Repo/Landing Page/Select to Workflow Listing' is clicked on

2018-12-11 11:43:01 - [TEST_STEP][PASSED] - delay: Delayed 2 second(s)

2018-12-11 11:43:03 - [MESSAGE][PASSED] - Delayed 2 second(s)

2018-12-11 11:43:03 - [TEST_STEP][PASSED] - click: Object: 'Object Repository/Final Object Repo/WorkFlow Listing Page/Search Information - To Put Ref No' is clicked on

2018-12-11 11:43:03 - [MESSAGE][PASSED] - Object: 'Object Repository/Final Object Repo/WorkFlow Listing Page/Search Information - To Put Ref No' is clicked on

2018-12-11 11:43:03 - [TEST_STEP][PASSED] - delay: Delayed 2 second(s)

2018-12-11 11:43:05 - [MESSAGE][PASSED] - Delayed 2 second(s)

2018-12-11 11:43:05 - [TEST_STEP][PASSED] - callTestCase: Call Test Case 'Test Cases/Final Aug 2018 - PKS Automation/Common/Reference Number Getter' successfully

2018-12-11 11:43:05 - [TEST_CASE][PASSED] - Test Cases/Final Aug 2018 - PKS Automation/Common/Reference Number Getter: Test Cases/Final Aug 2018 - PKS Automation/Common/Reference Number Getter

2018-12-11 11:43:05 - [TEST_STEP][PASSED] - Statement - Try: null

2018-12-11 11:43:05 - [TEST_STEP][PASSED] - Statement - RefNo = new java.io.File(C://Users//Admin//Desktop//PKS//Automation Reference Point//KatalonReference.txt): null

2018-12-11 11:43:05 - [TEST_STEP][PASSED] - Statement - bufferread = new java.io.BufferedReader(new java.io.FileReader(RefNo)): null

2018-12-11 11:43:05 - [TEST_STEP][PASSED] - Statement - readedVal = bufferread.readLine(): null

2018-12-11 11:43:05 - [TEST_STEP][PASSED] - Statement - out.println(CaseReferenceNo): null

2018-12-11 11:43:05 - [TEST_STEP][PASSED] - Statement - out.println(readedVal): null

2018-12-11 11:43:05 - [TEST_STEP][PASSED] - Statement - CaseReferenceNo = "": null

2018-12-11 11:43:05 - [TEST_STEP][PASSED] - Statement - CaseReferenceNo = readedVal: null

2018-12-11 11:43:05 - [MESSAGE][PASSED] - Call Test Case 'Test Cases/Final Aug 2018 - PKS Automation/Common/Reference Number Getter' successfully

2018-12-11 11:43:05 - [TEST_STEP][PASSED] - setText: Text 'CUN122018C200001712' is set on object 'Object Repository/Final Object Repo/WorkFlow Listing Page/Ref No Set Text'

2018-12-11 11:43:06 - [MESSAGE][PASSED] - Text 'CUN122018C200001712' is set on object 'Object Repository/Final Object Repo/WorkFlow Listing Page/Ref No Set Text'

2018-12-11 11:43:06 - [TEST_STEP][PASSED] - delay: Delayed 2 second(s)

2018-12-11 11:43:08 - [MESSAGE][PASSED] - Delayed 2 second(s)

2018-12-11 11:43:08 - [TEST_STEP][PASSED] - click: Object: 'Object Repository/Final Object Repo/WorkFlow Listing Page/Search Ref No Search Button' is clicked on

2018-12-11 11:43:08 - [MESSAGE][PASSED] - Object: 'Object Repository/Final Object Repo/WorkFlow Listing Page/Search Ref No Search Button' is clicked on

2018-12-11 11:43:08 - [TEST_STEP][PASSED] - delay: Delayed 6 second(s)

2018-12-11 11:43:14 - [MESSAGE][PASSED] - Delayed 6 second(s)

2018-12-11 11:43:14 - [TEST_STEP][PASSED] - click: Object: 'Object Repository/Final Object Repo/WorkFlow Listing Page/Click Continue Tooltip' is clicked on

2018-12-11 11:43:15 - [MESSAGE][PASSED] - Object: 'Object Repository/Final Object Repo/WorkFlow Listing Page/Click Continue Tooltip' is clicked on

2018-12-11 11:43:15 - [TEST_STEP][PASSED] - delay: Delayed 5 second(s)

2018-12-11 11:43:20 - [MESSAGE][PASSED] - Delayed 5 second(s)

2018-12-11 11:43:20 - [TEST_STEP][PASSED] - doubleClick: Object: 'Object Repository/Final Object Repo/WorkFlow Listing Page/Workflow Found - Listing 1' is double clicked on

2018-12-11 11:43:20 - [MESSAGE][PASSED] - Object: 'Object Repository/Final Object Repo/WorkFlow Listing Page/Workflow Found - Listing 1' is double clicked on

2018-12-11 11:43:20 - [TEST_STEP][PASSED] - Statement - println(OwnerID): null

2018-12-11 11:43:20 - [TEST_STEP][PASSED] - Statement - OwnerID = com.kms.katalon.core.webui.keyword.WebUiBuiltInKeywords.getText(com.kms.katalon.core.testobject.ObjectRepository.findTestObject(Final Object Repo/WorkFlow Listing Page/Workflow Found - Listing 1), STOP_ON_FAILURE): Text of object 'Object Repository/Final Object Repo/WorkFlow Listing Page/Workflow Found - Listing 1' is: 'JOHORuo2'

2018-12-11 11:43:20 - [MESSAGE][PASSED] - Text of object 'Object Repository/Final Object Repo/WorkFlow Listing Page/Workflow Found - Listing 1' is: 'JOHORuo2'

2018-12-11 11:43:20 - [TEST_STEP][PASSED] - Statement - OwnerID = OwnerID.toLowerCase() + "@gmail.com": null

2018-12-11 11:43:20 - [TEST_STEP][PASSED] - Statement - println(OwnerID): null

2018-12-11 11:43:20 - [TEST_STEP][PASSED] - delay: Delayed 2 second(s)

2018-12-11 11:43:22 - [MESSAGE][PASSED] - Delayed 2 second(s)

2018-12-11 11:43:22 - [MESSAGE][PASSED] - Call Test Case 'Test Cases/Final Aug 2018 - PKS Automation/Common/Workflow Owner Finder' successfully

2018-12-11 11:43:22 - [TEST_STEP][PASSED] - delay: Delayed 1 second(s)

2018-12-11 11:43:23 - [MESSAGE][PASSED] - Delayed 1 second(s)

2018-12-11 11:43:23 - [TEST_STEP][PASSED] - navigateToUrl: Navigate to 'https://assist2-uat.perkeso.gov.my/c/portal/logout' successfully

2018-12-11 11:43:24 - [MESSAGE][PASSED] - Navigate to 'https://assist2-uat.perkeso.gov.my/c/portal/logout' successfully

2018-12-11 11:43:24 - [TEST_STEP][PASSED] - delay: Delayed 1 second(s)

2018-12-11 11:43:25 - [MESSAGE][PASSED] - Delayed 1 second(s)

2018-12-11 11:43:25 - [TEST_STEP][PASSED] - callTestCase: Call Test Case 'Test Cases/Final Aug 2018 - PKS Automation/Registration Module/Workflow/Login and Search Case For Workflow' successfully

2018-12-11 11:43:25 - [TEST_CASE][PASSED] - Test Cases/Final Aug 2018 - PKS Automation/Registration Module/Workflow/Login and Search Case For Workflow: Test Cases/Final Aug 2018 - PKS Automation/Registration Module/Workflow/Login and Search Case For Workflow

2018-12-11 11:43:25 - [TEST_STEP][PASSED] - navigateToUrl: Navigate to 'https://assist2-uat.perkeso.gov.my/login' successfully

2018-12-11 11:43:25 - [MESSAGE][PASSED] - Navigate to 'https://assist2-uat.perkeso.gov.my/login' successfully

2018-12-11 11:43:25 - [TEST_STEP][PASSED] - setText: Text 'johoruo2@gmail.com' is set on object 'Object Repository/Final Object Repo/Login Page/Internal User/Email Address'

2018-12-11 11:43:26 - [MESSAGE][PASSED] - Text 'johoruo2@gmail.com' is set on object 'Object Repository/Final Object Repo/Login Page/Internal User/Email Address'

2018-12-11 11:43:26 - [TEST_STEP][PASSED] - click: Object: 'Object Repository/Final Object Repo/Login Page/Internal User/Next Button' is clicked on

2018-12-11 11:43:26 - [MESSAGE][PASSED] - Object: 'Object Repository/Final Object Repo/Login Page/Internal User/Next Button' is clicked on

2018-12-11 11:43:26 - [TEST_STEP][PASSED] - delay: Delayed 1 second(s)

2018-12-11 11:43:27 - [MESSAGE][PASSED] - Delayed 1 second(s)

2018-12-11 11:43:27 - [TEST_STEP][PASSED] - setEncryptedText: Text ****** has been set on object 'Object Repository/Final Object Repo/Login Page/Internal User/Password'

2018-12-11 11:43:27 - [MESSAGE][PASSED] - Text ****** has been set on object 'Object Repository/Final Object Repo/Login Page/Internal User/Password'

2018-12-11 11:43:27 - [TEST_STEP][PASSED] - click: Object: 'Object Repository/Final Object Repo/Login Page/Internal User/Login Button' is clicked on

2018-12-11 11:43:27 - [MESSAGE][PASSED] - Object: 'Object Repository/Final Object Repo/Login Page/Internal User/Login Button' is clicked on

2018-12-11 11:43:27 - [TEST_STEP][PASSED] - delay: Delayed 2 second(s)

2018-12-11 11:43:29 - [MESSAGE][PASSED] - Delayed 2 second(s)

2018-12-11 11:43:29 - [TEST_STEP][PASSED] - Statement - Try: Delayed 2 second(s)

2018-12-11 11:43:29 - [TEST_STEP][PASSED] - Statement - Checker = false: null

2018-12-11 11:43:29 - [TEST_STEP][PASSED] - Statement - Checker = com.kms.katalon.core.webui.keyword.WebUiBuiltInKeywords.verifyElementHasAttribute(com.kms.katalon.core.testobject.ObjectRepository.findTestObject(Final Object Repo/Landing Page/BM Detecting), "href", 20, OPTIONAL): Object 'Object Repository/Final Object Repo/Landing Page/BM Detecting' has attribute 'href'

2018-12-11 11:43:29 - [MESSAGE][PASSED] - Object 'Object Repository/Final Object Repo/Landing Page/BM Detecting' has attribute 'href'

2018-12-11 11:43:29 - [TEST_STEP][PASSED] - Statement - out.println(Checker): null

2018-12-11 11:43:29 - [TEST_STEP][PASSED] - Statement - If (Checker == false): null

2018-12-11 11:43:29 - [TEST_STEP][PASSED] - Statement - Else: null

2018-12-11 11:43:29 - [TEST_STEP][PASSED] - delay: Delayed 2 second(s)

2018-12-11 11:43:31 - [MESSAGE][PASSED] - Delayed 2 second(s)

2018-12-11 11:43:31 - [TEST_STEP][PASSED] - click: Object: 'Object Repository/Final Object Repo/Page_MyASSIST - ASSIST - Search Pending Case For Add Supporting Document/Search Information' is clicked on

2018-12-11 11:43:31 - [MESSAGE][PASSED] - Object: 'Object Repository/Final Object Repo/Page_MyASSIST - ASSIST - Search Pending Case For Add Supporting Document/Search Information' is clicked on

2018-12-11 11:43:31 - [TEST_STEP][PASSED] - delay: Delayed 3 second(s)

2018-12-11 11:43:34 - [MESSAGE][PASSED] - Delayed 3 second(s)

2018-12-11 11:43:34 - [TEST_STEP][PASSED] - sendKeys: Keys 'CUN122018C200001712' sent to object: 'Object Repository/Final Object Repo/Page_MyASSIST - ASSIST - Search Pending Case For Add Supporting Document/Reference No'

2018-12-11 11:43:35 - [MESSAGE][PASSED] - Keys 'CUN122018C200001712' sent to object: 'Object Repository/Final Object Repo/Page_MyASSIST - ASSIST - Search Pending Case For Add Supporting Document/Reference No'

2018-12-11 11:43:35 - [TEST_STEP][PASSED] - click: Object: 'Object Repository/Final Object Repo/Page_MyASSIST - ASSIST - Search Pending Case For Add Supporting Document/Search Reference No' is clicked on

2018-12-11 11:43:35 - [MESSAGE][PASSED] - Object: 'Object Repository/Final Object Repo/Page_MyASSIST - ASSIST - Search Pending Case For Add Supporting Document/Search Reference No' is clicked on

2018-12-11 11:43:35 - [TEST_STEP][PASSED] - delay: Delayed 2 second(s)

2018-12-11 11:43:37 - [MESSAGE][PASSED] - Delayed 2 second(s)

2018-12-11 11:43:37 - [TEST_STEP][PASSED] - click: Object: 'Object Repository/Final Object Repo/Page_MyASSIST - ASSIST - Search Pending Case For Add Supporting Document/Continue' is clicked on

2018-12-11 11:43:40 - [MESSAGE][PASSED] - Object: 'Object Repository/Final Object Repo/Page_MyASSIST - ASSIST - Search Pending Case For Add Supporting Document/Continue' is clicked on

2018-12-11 11:43:40 - [TEST_STEP][PASSED] - delay: Delayed 20 second(s)

2018-12-11 11:44:00 - [MESSAGE][PASSED] - Delayed 20 second(s)

2018-12-11 11:44:00 - [MESSAGE][PASSED] - Call Test Case 'Test Cases/Final Aug 2018 - PKS Automation/Registration Module/Workflow/Login and Search Case For Workflow' successfully

2018-12-11 11:44:00 - [TEST_STEP][PASSED] - click: Object: 'Object Repository/Final Object Repo/Page_Form 1A - Cessation As Employer/Page_Form 1A - Cessation As Employer (Approve)/Save  Continue in Form 1A Page' is clicked on

2018-12-11 11:44:01 - [MESSAGE][PASSED] - Object: 'Object Repository/Final Object Repo/Page_Form 1A - Cessation As Employer/Page_Form 1A - Cessation As Employer (Approve)/Save  Continue in Form 1A Page' is clicked on

2018-12-11 11:44:01 - [TEST_STEP][PASSED] - delay: Delayed 2 second(s)

2018-12-11 11:44:03 - [MESSAGE][PASSED] - Delayed 2 second(s)

2018-12-11 11:44:03 - [TEST_STEP][PASSED] - click: Object: 'Object Repository/Final Object Repo/Page_Form 1A - Cessation As Employer/Employment Resign Date' is clicked on

2018-12-11 11:44:03 - [MESSAGE][PASSED] - Object: 'Object Repository/Final Object Repo/Page_Form 1A - Cessation As Employer/Employment Resign Date' is clicked on

2018-12-11 11:44:03 - [TEST_STEP][PASSED] - delay: Delayed 1 second(s)

2018-12-11 11:44:04 - [MESSAGE][PASSED] - Delayed 1 second(s)

2018-12-11 11:44:04 - [TEST_STEP][PASSED] - selectOptionByValue: All options with value '2030' are selected in object 'Object Repository/Final Object Repo/Page_Form 1A - Cessation As Employer/Employment Resign Date - Year' 

2018-12-11 11:44:04 - [MESSAGE][PASSED] - All options with value '2030' are selected in object 'Object Repository/Final Object Repo/Page_Form 1A - Cessation As Employer/Employment Resign Date - Year' 

2018-12-11 11:44:04 - [TEST_STEP][PASSED] - delay: Delayed 1 second(s)

2018-12-11 11:44:05 - [MESSAGE][PASSED] - Delayed 1 second(s)

2018-12-11 11:44:05 - [TEST_STEP][PASSED] - click: Object: 'Object Repository/Final Object Repo/Page_Form 1A - Cessation As Employer/Employment Resign Date - Year - Date' is clicked on

2018-12-11 11:44:05 - [MESSAGE][PASSED] - Object: 'Object Repository/Final Object Repo/Page_Form 1A - Cessation As Employer/Employment Resign Date - Year - Date' is clicked on

2018-12-11 11:44:05 - [TEST_STEP][PASSED] - delay: Delayed 2 second(s)

2018-12-11 11:44:07 - [MESSAGE][PASSED] - Delayed 2 second(s)

2018-12-11 11:44:07 - [TEST_STEP][PASSED] - click: Object: 'Object Repository/Final Object Repo/Page_Form 1A - Cessation As Employer/Page_Form 1A - Cessation As Employer (Approve)/Save  Continue in Update Add Employee Resigned Date Page' is clicked on

2018-12-11 11:44:07 - [MESSAGE][PASSED] - Object: 'Object Repository/Final Object Repo/Page_Form 1A - Cessation As Employer/Page_Form 1A - Cessation As Employer (Approve)/Save  Continue in Update Add Employee Resigned Date Page' is clicked on

2018-12-11 11:44:07 - [TEST_STEP][PASSED] - delay: Delayed 2 second(s)

2018-12-11 11:44:09 - [MESSAGE][PASSED] - Delayed 2 second(s)

2018-12-11 11:44:09 - [TEST_STEP][PASSED] - click: Object: 'Object Repository/Final Object Repo/Page_Form 1A - Cessation As Employer/Set Latest - Yes' is clicked on

2018-12-11 11:44:10 - [MESSAGE][PASSED] - Object: 'Object Repository/Final Object Repo/Page_Form 1A - Cessation As Employer/Set Latest - Yes' is clicked on

2018-12-11 11:44:10 - [TEST_STEP][PASSED] - delay: Delayed 2 second(s)

2018-12-11 11:44:12 - [MESSAGE][PASSED] - Delayed 2 second(s)

2018-12-11 11:44:12 - [TEST_STEP][PASSED] - click: Object: 'Object Repository/Final Object Repo/Page_Form 1A - Cessation As Employer/Page_Form 1A - Cessation As Employer (Approve)/Save  Contine in Uploading Document Page' is clicked on

2018-12-11 11:44:13 - [MESSAGE][PASSED] - Object: 'Object Repository/Final Object Repo/Page_Form 1A - Cessation As Employer/Page_Form 1A - Cessation As Employer (Approve)/Save  Contine in Uploading Document Page' is clicked on

2018-12-11 11:44:13 - [TEST_STEP][PASSED] - delay: Delayed 2 second(s)

2018-12-11 11:44:15 - [MESSAGE][PASSED] - Delayed 2 second(s)

2018-12-11 11:44:15 - [TEST_STEP][PASSED] - click: Object: 'Object Repository/Final Object Repo/Page_Form 1A - Cessation As Employer/Page_Form 1A - Cessation As Employer (Approve)/Approve' is clicked on

2018-12-11 11:44:17 - [MESSAGE][PASSED] - Object: 'Object Repository/Final Object Repo/Page_Form 1A - Cessation As Employer/Page_Form 1A - Cessation As Employer (Approve)/Approve' is clicked on

2018-12-11 11:44:17 - [TEST_STEP][PASSED] - delay: Delayed 2 second(s)

2018-12-11 11:44:19 - [MESSAGE][PASSED] - Delayed 2 second(s)

2018-12-11 11:44:19 - [TEST_STEP][PASSED] - click: Object: 'Object Repository/Final Object Repo/Page_Form 1A - Cessation As Employer/Confirm' is clicked on

2018-12-11 11:44:19 - [MESSAGE][PASSED] - Object: 'Object Repository/Final Object Repo/Page_Form 1A - Cessation As Employer/Confirm' is clicked on

2018-12-11 11:44:19 - [TEST_STEP][PASSED] - delay: Delayed 2 second(s)

2018-12-11 11:44:21 - [MESSAGE][PASSED] - Delayed 2 second(s)

2018-12-11 11:44:21 - [TEST_STEP][PASSED] - click: Object: 'Object Repository/Final Object Repo/Page_Form 1A - Cessation As Employer/Page_Form 1A - Cessation As Employer (Approve)/Message Your Request    Form 1A ' is clicked on

2018-12-11 11:44:29 - [MESSAGE][PASSED] - Object: 'Object Repository/Final Object Repo/Page_Form 1A - Cessation As Employer/Page_Form 1A - Cessation As Employer (Approve)/Message Your Request    Form 1A ' is clicked on

2018-12-11 11:44:29 - [TEST_STEP][PASSED] - delay: Delayed 2 second(s)

2018-12-11 11:44:31 - [MESSAGE][PASSED] - Delayed 2 second(s)

2018-12-11 11:44:31 - [TEST_STEP][PASSED] - click: Object: 'Object Repository/Final Object Repo/Page_Form 1A - Cessation As Employer/Page_Form 1A - Cessation As Employer (Approve)/Letter of successful update' is clicked on

2018-12-11 11:44:32 - [MESSAGE][PASSED] - Object: 'Object Repository/Final Object Repo/Page_Form 1A - Cessation As Employer/Page_Form 1A - Cessation As Employer (Approve)/Letter of successful update' is clicked on

2018-12-11 11:44:32 - [MESSAGE][PASSED] - Call Test Case 'Test Cases/Final Aug 2018 - PKS Automation/Registration Module/Workflow/Form 1A - Cessation As Employer/Template/Form 1 A - Cessation As Employer (Approve)' successfully]]></system-out>
         <system-err><![CDATA[]]></system-err>
      </testcase>
      <testcase name="Test Cases/Final Aug 2018 - PKS Automation/Registration Module/Workflow/Form 1A - Cessation As Employer/OTC to UO (Query)" classname="Test Cases/Final Aug 2018 - PKS Automation/Registration Module/Workflow/Form 1A - Cessation As Employer/OTC to UO (Query)" status="PASSED">
         <system-out><![CDATA[2018-12-11 11:44:32 - [TEST_CASE][PASSED] - Test Cases/Final Aug 2018 - PKS Automation/Registration Module/Workflow/Form 1A - Cessation As Employer/OTC to UO (Query): Test Cases/Final Aug 2018 - PKS Automation/Registration Module/Workflow/Form 1A - Cessation As Employer/OTC to UO (Query)

2018-12-11 11:44:33 - [TEST_STEP][PASSED] - callTestCase: Call Test Case 'Test Cases/Final Aug 2018 - PKS Automation/Registration Module/Workflow/Form 1A - Cessation As Employer/Template/Form 1 A - Cessation As Employer (OTC)' successfully

2018-12-11 11:44:33 - [TEST_CASE][PASSED] - Test Cases/Final Aug 2018 - PKS Automation/Registration Module/Workflow/Form 1A - Cessation As Employer/Template/Form 1 A - Cessation As Employer (OTC): Test Cases/Final Aug 2018 - PKS Automation/Registration Module/Workflow/Form 1A - Cessation As Employer/Template/Form 1 A - Cessation As Employer (OTC)

2018-12-11 11:44:33 - [TEST_STEP][PASSED] - openBrowser: Browser is opened with url: ''

2018-12-11 11:44:33 - [MESSAGE][WARNING] - A browser is already opened. Closing browser and opening a new one

2018-12-11 11:44:37 - [MESSAGE][PASSED] - Browser is opened with url: ''

2018-12-11 11:44:37 - [TEST_STEP][PASSED] - navigateToUrl: Navigate to 'https://assist2-uat.perkeso.gov.my/login' successfully

2018-12-11 11:44:38 - [MESSAGE][PASSED] - Navigate to 'https://assist2-uat.perkeso.gov.my/login' successfully

2018-12-11 11:44:38 - [TEST_STEP][PASSED] - setText: Text 'johorotc1@gmail.com' is set on object 'Object Repository/Final Object Repo/Login Page/Internal User/Email Address'

2018-12-11 11:44:38 - [MESSAGE][PASSED] - Text 'johorotc1@gmail.com' is set on object 'Object Repository/Final Object Repo/Login Page/Internal User/Email Address'

2018-12-11 11:44:38 - [TEST_STEP][PASSED] - click: Object: 'Object Repository/Final Object Repo/Login Page/Internal User/Next Button' is clicked on

2018-12-11 11:44:38 - [MESSAGE][PASSED] - Object: 'Object Repository/Final Object Repo/Login Page/Internal User/Next Button' is clicked on

2018-12-11 11:44:38 - [TEST_STEP][PASSED] - delay: Delayed 1 second(s)

2018-12-11 11:44:39 - [MESSAGE][PASSED] - Delayed 1 second(s)

2018-12-11 11:44:39 - [TEST_STEP][PASSED] - setEncryptedText: Text ****** has been set on object 'Object Repository/Final Object Repo/Login Page/Internal User/Password'

2018-12-11 11:44:39 - [MESSAGE][PASSED] - Text ****** has been set on object 'Object Repository/Final Object Repo/Login Page/Internal User/Password'

2018-12-11 11:44:39 - [TEST_STEP][PASSED] - click: Object: 'Object Repository/Final Object Repo/Login Page/Internal User/Login Button' is clicked on

2018-12-11 11:44:40 - [MESSAGE][PASSED] - Object: 'Object Repository/Final Object Repo/Login Page/Internal User/Login Button' is clicked on

2018-12-11 11:44:40 - [TEST_STEP][PASSED] - delay: Delayed 1 second(s)

2018-12-11 11:44:41 - [MESSAGE][PASSED] - Delayed 1 second(s)

2018-12-11 11:44:41 - [TEST_STEP][PASSED] - Statement - Try: Delayed 2 second(s)

2018-12-11 11:44:41 - [TEST_STEP][PASSED] - Statement - Checker = false: null

2018-12-11 11:44:41 - [TEST_STEP][PASSED] - Statement - Checker = com.kms.katalon.core.webui.keyword.WebUiBuiltInKeywords.verifyElementHasAttribute(com.kms.katalon.core.testobject.ObjectRepository.findTestObject(Final Object Repo/Landing Page/BM Detecting), "href", 20, OPTIONAL): Object 'Object Repository/Final Object Repo/Landing Page/BM Detecting' has attribute 'href'

2018-12-11 11:44:41 - [MESSAGE][PASSED] - Object 'Object Repository/Final Object Repo/Landing Page/BM Detecting' has attribute 'href'

2018-12-11 11:44:41 - [TEST_STEP][PASSED] - Statement - out.println(Checker): null

2018-12-11 11:44:41 - [TEST_STEP][PASSED] - Statement - If (Checker == false): null

2018-12-11 11:44:41 - [TEST_STEP][PASSED] - Statement - Else: null

2018-12-11 11:44:41 - [TEST_STEP][PASSED] - delay: Delayed 2 second(s)

2018-12-11 11:44:43 - [MESSAGE][PASSED] - Delayed 2 second(s)

2018-12-11 11:44:43 - [TEST_STEP][PASSED] - navigateToUrl: Navigate to 'https://assist2-uat.perkeso.gov.my/web/registration/update/form-1a-cessation-as-employer-discontinue-business-' successfully

2018-12-11 11:44:44 - [MESSAGE][PASSED] - Navigate to 'https://assist2-uat.perkeso.gov.my/web/registration/update/form-1a-cessation-as-employer-discontinue-business-' successfully

2018-12-11 11:44:44 - [TEST_STEP][PASSED] - setText: Text 'E1102069770Z' is set on object 'Object Repository/Final Object Repo/Page_Update Employer Information/Employer Code'

2018-12-11 11:44:45 - [MESSAGE][PASSED] - Text 'E1102069770Z' is set on object 'Object Repository/Final Object Repo/Page_Update Employer Information/Employer Code'

2018-12-11 11:44:45 - [TEST_STEP][PASSED] - click: Object: 'Object Repository/Final Object Repo/Page_Update Employer Information/Search Button' is clicked on

2018-12-11 11:44:45 - [MESSAGE][PASSED] - Object: 'Object Repository/Final Object Repo/Page_Update Employer Information/Search Button' is clicked on

2018-12-11 11:44:45 - [TEST_STEP][PASSED] - click: Object: 'Object Repository/Final Object Repo/Page_Update Employer Information/Edit Button' is clicked on

2018-12-11 11:44:47 - [MESSAGE][PASSED] - Object: 'Object Repository/Final Object Repo/Page_Update Employer Information/Edit Button' is clicked on

2018-12-11 11:44:47 - [TEST_STEP][PASSED] - Statement - abc = com.kms.katalon.core.webui.keyword.WebUiBuiltInKeywords.getAttribute(com.kms.katalon.core.testobject.ObjectRepository.findTestObject(Final Object Repo/Page_Form 1A - Cessation As Employer/Employer Status), "value"): Attribute 'value' of object 'Object Repository/Final Object Repo/Page_Form 1A - Cessation As Employer/Employer Status' is: 'Dormant'

2018-12-11 11:44:47 - [MESSAGE][PASSED] - Attribute 'value' of object 'Object Repository/Final Object Repo/Page_Form 1A - Cessation As Employer/Employer Status' is: 'Dormant'

2018-12-11 11:44:47 - [TEST_STEP][PASSED] - Statement - out.println(abc): null

2018-12-11 11:44:47 - [TEST_STEP][PASSED] - Statement - If (abc == "Active"): null

2018-12-11 11:44:47 - [TEST_STEP][PASSED] - Statement - Else If (abc == "Cancel"): null

2018-12-11 11:44:47 - [TEST_STEP][PASSED] - Statement - Else If (abc == "Dormant"): Object: 'Object Repository/Final Object Repo/Page_Form 1A - Cessation As Employer/Change Employer Status to - Dormant' is clicked on

2018-12-11 11:44:47 - [TEST_STEP][PASSED] - click: Object: 'Object Repository/Final Object Repo/Page_Form 1A - Cessation As Employer/Change Employer Status to' is clicked on

2018-12-11 11:44:48 - [MESSAGE][PASSED] - Object: 'Object Repository/Final Object Repo/Page_Form 1A - Cessation As Employer/Change Employer Status to' is clicked on

2018-12-11 11:44:48 - [TEST_STEP][PASSED] - click: Object: 'Object Repository/Final Object Repo/Page_Form 1A - Cessation As Employer/Change Employer Status to - Dormant' is clicked on

2018-12-11 11:44:48 - [MESSAGE][PASSED] - Object: 'Object Repository/Final Object Repo/Page_Form 1A - Cessation As Employer/Change Employer Status to - Dormant' is clicked on

2018-12-11 11:44:48 - [TEST_STEP][PASSED] - click: Object: 'Object Repository/Final Object Repo/Page_Form 1A - Cessation As Employer/Calender' is clicked on

2018-12-11 11:44:48 - [MESSAGE][PASSED] - Object: 'Object Repository/Final Object Repo/Page_Form 1A - Cessation As Employer/Calender' is clicked on

2018-12-11 11:44:48 - [TEST_STEP][PASSED] - click: Object: 'Object Repository/Final Object Repo/Page_Form 1A - Cessation As Employer/Calender - Date' is clicked on

2018-12-11 11:44:48 - [MESSAGE][PASSED] - Object: 'Object Repository/Final Object Repo/Page_Form 1A - Cessation As Employer/Calender - Date' is clicked on

2018-12-11 11:44:48 - [TEST_STEP][PASSED] - delay: Delayed 2 second(s)

2018-12-11 11:44:50 - [MESSAGE][PASSED] - Delayed 2 second(s)

2018-12-11 11:44:50 - [TEST_STEP][PASSED] - click: Object: 'Object Repository/Final Object Repo/Page_Form 1A - Cessation As Employer/Save  Continue in Form 1A Page' is clicked on

2018-12-11 11:44:50 - [MESSAGE][PASSED] - Object: 'Object Repository/Final Object Repo/Page_Form 1A - Cessation As Employer/Save  Continue in Form 1A Page' is clicked on

2018-12-11 11:44:50 - [TEST_STEP][PASSED] - delay: Delayed 2 second(s)

2018-12-11 11:44:52 - [MESSAGE][PASSED] - Delayed 2 second(s)

2018-12-11 11:44:52 - [TEST_STEP][PASSED] - click: Object: 'Object Repository/Final Object Repo/Page_Form 1A - Cessation As Employer/Employment Resign Date' is clicked on

2018-12-11 11:44:53 - [MESSAGE][PASSED] - Object: 'Object Repository/Final Object Repo/Page_Form 1A - Cessation As Employer/Employment Resign Date' is clicked on

2018-12-11 11:44:53 - [TEST_STEP][PASSED] - delay: Delayed 1 second(s)

2018-12-11 11:44:54 - [MESSAGE][PASSED] - Delayed 1 second(s)

2018-12-11 11:44:54 - [TEST_STEP][PASSED] - Statement - CaseReferenceNo = com.kms.katalon.core.webui.keyword.WebUiBuiltInKeywords.getText(com.kms.katalon.core.testobject.ObjectRepository.findTestObject(Final Object Repo/Page_Update Employer Information/Reference Number in Update Employee Information Page)): Text of object 'Object Repository/Final Object Repo/Page_Update Employer Information/Reference Number in Update Employee Information Page' is: 'CUN122018C200001713'

2018-12-11 11:44:54 - [MESSAGE][PASSED] - Text of object 'Object Repository/Final Object Repo/Page_Update Employer Information/Reference Number in Update Employee Information Page' is: 'CUN122018C200001713'

2018-12-11 11:44:54 - [TEST_STEP][PASSED] - callTestCase: Call Test Case 'Test Cases/Final Aug 2018 - PKS Automation/Common/Reference Number Setter' successfully

2018-12-11 11:44:54 - [TEST_CASE][PASSED] - Test Cases/Final Aug 2018 - PKS Automation/Common/Reference Number Setter: Test Cases/Final Aug 2018 - PKS Automation/Common/Reference Number Setter

2018-12-11 11:44:54 - [TEST_STEP][PASSED] - Statement - RefNoOldFile = new java.io.File(C://Users//Admin//Desktop//PKS//Automation Reference Point//KatalonReference.txt): null

2018-12-11 11:44:54 - [TEST_STEP][PASSED] - Statement - RefNoOldFile.delete(): null

2018-12-11 11:44:54 - [TEST_STEP][PASSED] - delay: Delayed 5 second(s)

2018-12-11 11:44:59 - [MESSAGE][PASSED] - Delayed 5 second(s)

2018-12-11 11:44:59 - [TEST_STEP][PASSED] - Statement - RefNo = new java.io.File(C://Users//Admin//Desktop//PKS//Automation Reference Point//KatalonReference.txt): null

2018-12-11 11:44:59 - [TEST_STEP][PASSED] - Statement - f2 = new java.io.FileWriter(RefNo, false): null

2018-12-11 11:44:59 - [TEST_STEP][PASSED] - Statement - f2.write(CaseReferenceNo): null

2018-12-11 11:44:59 - [TEST_STEP][PASSED] - Statement - f2.close(): null

2018-12-11 11:44:59 - [TEST_STEP][PASSED] - Statement - out.println("


" + CaseReferenceNo + "


"): null

2018-12-11 11:44:59 - [MESSAGE][PASSED] - Call Test Case 'Test Cases/Final Aug 2018 - PKS Automation/Common/Reference Number Setter' successfully

2018-12-11 11:44:59 - [TEST_STEP][PASSED] - selectOptionByValue: All options with value '2030' are selected in object 'Object Repository/Final Object Repo/Page_Form 1A - Cessation As Employer/Employment Resign Date - Year' 

2018-12-11 11:44:59 - [MESSAGE][PASSED] - All options with value '2030' are selected in object 'Object Repository/Final Object Repo/Page_Form 1A - Cessation As Employer/Employment Resign Date - Year' 

2018-12-11 11:44:59 - [TEST_STEP][PASSED] - delay: Delayed 1 second(s)

2018-12-11 11:45:00 - [MESSAGE][PASSED] - Delayed 1 second(s)

2018-12-11 11:45:00 - [TEST_STEP][PASSED] - click: Object: 'Object Repository/Final Object Repo/Page_Form 1A - Cessation As Employer/Employment Resign Date - Year - Date' is clicked on

2018-12-11 11:45:00 - [MESSAGE][PASSED] - Object: 'Object Repository/Final Object Repo/Page_Form 1A - Cessation As Employer/Employment Resign Date - Year - Date' is clicked on

2018-12-11 11:45:00 - [TEST_STEP][PASSED] - delay: Delayed 2 second(s)

2018-12-11 11:45:02 - [MESSAGE][PASSED] - Delayed 2 second(s)

2018-12-11 11:45:02 - [TEST_STEP][PASSED] - click: Object: 'Object Repository/Final Object Repo/Page_Form 1A - Cessation As Employer/Save  Continue in Update Add Employee Resigned Date Page' is clicked on

2018-12-11 11:45:02 - [MESSAGE][PASSED] - Object: 'Object Repository/Final Object Repo/Page_Form 1A - Cessation As Employer/Save  Continue in Update Add Employee Resigned Date Page' is clicked on

2018-12-11 11:45:02 - [TEST_STEP][PASSED] - delay: Delayed 2 second(s)

2018-12-11 11:45:04 - [MESSAGE][PASSED] - Delayed 2 second(s)

2018-12-11 11:45:04 - [TEST_STEP][PASSED] - click: Object: 'Object Repository/Final Object Repo/Page_Form 1A - Cessation As Employer/Set Latest - Yes' is clicked on

2018-12-11 11:45:05 - [MESSAGE][PASSED] - Object: 'Object Repository/Final Object Repo/Page_Form 1A - Cessation As Employer/Set Latest - Yes' is clicked on

2018-12-11 11:45:05 - [TEST_STEP][PASSED] - delay: Delayed 2 second(s)

2018-12-11 11:45:07 - [MESSAGE][PASSED] - Delayed 2 second(s)

2018-12-11 11:45:07 - [TEST_STEP][PASSED] - click: Object: 'Object Repository/Final Object Repo/Page_Form 1A - Cessation As Employer/Add Document' is clicked on

2018-12-11 11:45:07 - [MESSAGE][PASSED] - Object: 'Object Repository/Final Object Repo/Page_Form 1A - Cessation As Employer/Add Document' is clicked on

2018-12-11 11:45:07 - [TEST_STEP][PASSED] - delay: Delayed 2 second(s)

2018-12-11 11:45:09 - [MESSAGE][PASSED] - Delayed 2 second(s)

2018-12-11 11:45:09 - [TEST_STEP][PASSED] - click: Object: 'Object Repository/Final Object Repo/Page_Form 1A - Cessation As Employer/Document Type' is clicked on

2018-12-11 11:45:10 - [MESSAGE][PASSED] - Object: 'Object Repository/Final Object Repo/Page_Form 1A - Cessation As Employer/Document Type' is clicked on

2018-12-11 11:45:10 - [TEST_STEP][PASSED] - delay: Delayed 2 second(s)

2018-12-11 11:45:12 - [MESSAGE][PASSED] - Delayed 2 second(s)

2018-12-11 11:45:12 - [TEST_STEP][PASSED] - click: Object: 'Object Repository/Final Object Repo/Page_Form 1A - Cessation As Employer/Document Type - Supporting Document For Cessation' is clicked on

2018-12-11 11:45:12 - [MESSAGE][PASSED] - Object: 'Object Repository/Final Object Repo/Page_Form 1A - Cessation As Employer/Document Type - Supporting Document For Cessation' is clicked on

2018-12-11 11:45:12 - [TEST_STEP][PASSED] - delay: Delayed 2 second(s)

2018-12-11 11:45:14 - [MESSAGE][PASSED] - Delayed 2 second(s)

2018-12-11 11:45:14 - [TEST_STEP][PASSED] - sendKeys: Keys 'C:\Users\Public\Pictures\Sample Pictures\Koala.jpg' sent to object: 'Object Repository/Final Object Repo/Page_Form 1A - Cessation As Employer/Uploading File'

2018-12-11 11:45:14 - [MESSAGE][PASSED] - Keys 'C:\Users\Public\Pictures\Sample Pictures\Koala.jpg' sent to object: 'Object Repository/Final Object Repo/Page_Form 1A - Cessation As Employer/Uploading File'

2018-12-11 11:45:14 - [TEST_STEP][PASSED] - delay: Delayed 2 second(s)

2018-12-11 11:45:16 - [MESSAGE][PASSED] - Delayed 2 second(s)

2018-12-11 11:45:16 - [TEST_STEP][PASSED] - click: Object: 'Object Repository/Final Object Repo/Page_Form 1A - Cessation As Employer/Add Document in Uploading Page' is clicked on

2018-12-11 11:45:17 - [MESSAGE][PASSED] - Object: 'Object Repository/Final Object Repo/Page_Form 1A - Cessation As Employer/Add Document in Uploading Page' is clicked on

2018-12-11 11:45:17 - [TEST_STEP][PASSED] - delay: Delayed 20 second(s)

2018-12-11 11:45:37 - [MESSAGE][PASSED] - Delayed 20 second(s)

2018-12-11 11:45:37 - [TEST_STEP][PASSED] - click: Object: 'Object Repository/Final Object Repo/Page_Form 1A - Cessation As Employer/Save  Continue in Uploading Page' is clicked on

2018-12-11 11:45:37 - [MESSAGE][PASSED] - Object: 'Object Repository/Final Object Repo/Page_Form 1A - Cessation As Employer/Save  Continue in Uploading Page' is clicked on

2018-12-11 11:45:37 - [TEST_STEP][PASSED] - delay: Delayed 2 second(s)

2018-12-11 11:45:39 - [MESSAGE][PASSED] - Delayed 2 second(s)

2018-12-11 11:45:39 - [TEST_STEP][PASSED] - click: Object: 'Object Repository/Final Object Repo/Page_Form 1A - Cessation As Employer/Submit2' is clicked on

2018-12-11 11:45:42 - [MESSAGE][PASSED] - Object: 'Object Repository/Final Object Repo/Page_Form 1A - Cessation As Employer/Submit2' is clicked on

2018-12-11 11:45:42 - [TEST_STEP][PASSED] - delay: Delayed 2 second(s)

2018-12-11 11:45:44 - [MESSAGE][PASSED] - Delayed 2 second(s)

2018-12-11 11:45:44 - [TEST_STEP][PASSED] - click: Object: 'Object Repository/Final Object Repo/Page_Form 1A - Cessation As Employer/Confirm' is clicked on

2018-12-11 11:45:44 - [MESSAGE][PASSED] - Object: 'Object Repository/Final Object Repo/Page_Form 1A - Cessation As Employer/Confirm' is clicked on

2018-12-11 11:45:44 - [TEST_STEP][PASSED] - delay: Delayed 2 second(s)

2018-12-11 11:45:46 - [MESSAGE][PASSED] - Delayed 2 second(s)

2018-12-11 11:45:46 - [TEST_STEP][PASSED] - verifyElementVisible: Object 'Object Repository/Final Object Repo/Page_Form 1A - Cessation As Employer/Message Your Request will be routed to UO' is visible

2018-12-11 11:45:49 - [MESSAGE][PASSED] - Object 'Object Repository/Final Object Repo/Page_Form 1A - Cessation As Employer/Message Your Request will be routed to UO' is visible

2018-12-11 11:45:49 - [TEST_STEP][PASSED] - delay: Delayed 1 second(s)

2018-12-11 11:45:50 - [MESSAGE][PASSED] - Delayed 1 second(s)

2018-12-11 11:45:50 - [TEST_STEP][PASSED] - verifyElementVisible: Object 'Object Repository/Final Object Repo/Page_Form 1A - Cessation As Employer/Letter of acknowledgement' is visible

2018-12-11 11:45:50 - [MESSAGE][PASSED] - Object 'Object Repository/Final Object Repo/Page_Form 1A - Cessation As Employer/Letter of acknowledgement' is visible

2018-12-11 11:45:50 - [MESSAGE][PASSED] - Call Test Case 'Test Cases/Final Aug 2018 - PKS Automation/Registration Module/Workflow/Form 1A - Cessation As Employer/Template/Form 1 A - Cessation As Employer (OTC)' successfully

2018-12-11 11:45:50 - [TEST_STEP][PASSED] - callTestCase: Call Test Case 'Test Cases/Final Aug 2018 - PKS Automation/Registration Module/Workflow/Form 1A - Cessation As Employer/Template/Form 1 A - Cessation As Employer (Query)' successfully

2018-12-11 11:45:51 - [TEST_CASE][PASSED] - Test Cases/Final Aug 2018 - PKS Automation/Registration Module/Workflow/Form 1A - Cessation As Employer/Template/Form 1 A - Cessation As Employer (Query): Test Cases/Final Aug 2018 - PKS Automation/Registration Module/Workflow/Form 1A - Cessation As Employer/Template/Form 1 A - Cessation As Employer (Query)

2018-12-11 11:45:51 - [TEST_STEP][NOT_RUN] - callTestCase: NOT_RUN: callTestCase

2018-12-11 11:45:51 - [MESSAGE][NOT_RUN] - NOT_RUN: callTestCase

2018-12-11 11:45:51 - [TEST_STEP][PASSED] - delay: Delayed 1 second(s)

2018-12-11 11:45:52 - [MESSAGE][PASSED] - Delayed 1 second(s)

2018-12-11 11:45:52 - [TEST_STEP][PASSED] - navigateToUrl: Navigate to 'https://assist2-uat.perkeso.gov.my/c/portal/logout' successfully

2018-12-11 11:45:52 - [MESSAGE][PASSED] - Navigate to 'https://assist2-uat.perkeso.gov.my/c/portal/logout' successfully

2018-12-11 11:45:52 - [TEST_STEP][PASSED] - delay: Delayed 1 second(s)

2018-12-11 11:45:53 - [MESSAGE][PASSED] - Delayed 1 second(s)

2018-12-11 11:45:53 - [TEST_STEP][PASSED] - callTestCase: Call Test Case 'Test Cases/Final Aug 2018 - PKS Automation/Common/Reference Number Getter' successfully

2018-12-11 11:45:53 - [TEST_CASE][PASSED] - Test Cases/Final Aug 2018 - PKS Automation/Common/Reference Number Getter: Test Cases/Final Aug 2018 - PKS Automation/Common/Reference Number Getter

2018-12-11 11:45:53 - [TEST_STEP][PASSED] - Statement - Try: null

2018-12-11 11:45:53 - [TEST_STEP][PASSED] - Statement - RefNo = new java.io.File(C://Users//Admin//Desktop//PKS//Automation Reference Point//KatalonReference.txt): null

2018-12-11 11:45:53 - [TEST_STEP][PASSED] - Statement - bufferread = new java.io.BufferedReader(new java.io.FileReader(RefNo)): null

2018-12-11 11:45:53 - [TEST_STEP][PASSED] - Statement - readedVal = bufferread.readLine(): null

2018-12-11 11:45:53 - [TEST_STEP][PASSED] - Statement - out.println(CaseReferenceNo): null

2018-12-11 11:45:53 - [TEST_STEP][PASSED] - Statement - out.println(readedVal): null

2018-12-11 11:45:53 - [TEST_STEP][PASSED] - Statement - CaseReferenceNo = "": null

2018-12-11 11:45:53 - [TEST_STEP][PASSED] - Statement - CaseReferenceNo = readedVal: null

2018-12-11 11:45:53 - [MESSAGE][PASSED] - Call Test Case 'Test Cases/Final Aug 2018 - PKS Automation/Common/Reference Number Getter' successfully

2018-12-11 11:45:53 - [TEST_STEP][PASSED] - callTestCase: Call Test Case 'Test Cases/Final Aug 2018 - PKS Automation/Common/Workflow Owner Finder' successfully

2018-12-11 11:45:53 - [TEST_CASE][PASSED] - Test Cases/Final Aug 2018 - PKS Automation/Common/Workflow Owner Finder: Test Cases/Final Aug 2018 - PKS Automation/Common/Workflow Owner Finder

2018-12-11 11:45:53 - [TEST_STEP][PASSED] - openBrowser: Browser is opened with url: ''

2018-12-11 11:45:53 - [MESSAGE][WARNING] - A browser is already opened. Closing browser and opening a new one

2018-12-11 11:45:57 - [MESSAGE][PASSED] - Browser is opened with url: ''

2018-12-11 11:45:57 - [TEST_STEP][PASSED] - navigateToUrl: Navigate to 'https://assist2-uat.perkeso.gov.my/login' successfully

2018-12-11 11:45:58 - [MESSAGE][PASSED] - Navigate to 'https://assist2-uat.perkeso.gov.my/login' successfully

2018-12-11 11:45:58 - [TEST_STEP][PASSED] - delay: Delayed 5 second(s)

2018-12-11 11:46:03 - [MESSAGE][PASSED] - Delayed 5 second(s)

2018-12-11 11:46:03 - [TEST_STEP][PASSED] - setText: Text 'test@liferay.com' is set on object 'Object Repository/Final Object Repo/Login Page/Internal User/Email Address'

2018-12-11 11:46:03 - [MESSAGE][PASSED] - Text 'test@liferay.com' is set on object 'Object Repository/Final Object Repo/Login Page/Internal User/Email Address'

2018-12-11 11:46:03 - [TEST_STEP][PASSED] - click: Object: 'Object Repository/Final Object Repo/Login Page/Internal User/Next Button' is clicked on

2018-12-11 11:46:03 - [MESSAGE][PASSED] - Object: 'Object Repository/Final Object Repo/Login Page/Internal User/Next Button' is clicked on

2018-12-11 11:46:03 - [TEST_STEP][PASSED] - delay: Delayed 2 second(s)

2018-12-11 11:46:05 - [MESSAGE][PASSED] - Delayed 2 second(s)

2018-12-11 11:46:05 - [TEST_STEP][PASSED] - setText: Text 'test' is set on object 'Object Repository/Final Object Repo/Login Page/Internal User/Password'

2018-12-11 11:46:05 - [MESSAGE][PASSED] - Text 'test' is set on object 'Object Repository/Final Object Repo/Login Page/Internal User/Password'

2018-12-11 11:46:05 - [TEST_STEP][PASSED] - delay: Delayed 2 second(s)

2018-12-11 11:46:07 - [MESSAGE][PASSED] - Delayed 2 second(s)

2018-12-11 11:46:07 - [TEST_STEP][PASSED] - click: Object: 'Object Repository/Final Object Repo/Login Page/Internal User/Login Button' is clicked on

2018-12-11 11:46:08 - [MESSAGE][PASSED] - Object: 'Object Repository/Final Object Repo/Login Page/Internal User/Login Button' is clicked on

2018-12-11 11:46:08 - [TEST_STEP][PASSED] - Statement - tester = com.kms.katalon.core.testobject.ObjectRepository.findTestObject(Final Object Repo/Landing Page/Select to English): Finding Test Object with id 'Object Repository/Final Object Repo/Landing Page/Select to English'

2018-12-11 11:46:08 - [TEST_STEP][PASSED] - Statement - Try: Delayed 2 second(s)

2018-12-11 11:46:08 - [TEST_STEP][PASSED] - Statement - Checker = com.kms.katalon.core.webui.keyword.WebUiBuiltInKeywords.verifyElementNotPresent(tester, 3): Web element with id: 'Object Repository/Final Object Repo/Landing Page/Select to English' located by 'By.xpath: //a[@class = 'taglib-language-list-text' and @lang = 'en-US' and (contains(text(), 'EN') or contains(., 'EN'))]' is not present after '3' second(s)

2018-12-11 11:46:10 - [MESSAGE][PASSED] - Web element with id: 'Object Repository/Final Object Repo/Landing Page/Select to English' located by 'By.xpath: //a[@class = 'taglib-language-list-text' and @lang = 'en-US' and (contains(text(), 'EN') or contains(., 'EN'))]' is not present after '3' second(s)

2018-12-11 11:46:10 - [TEST_STEP][PASSED] - Statement - If (Checker == false): null

2018-12-11 11:46:10 - [TEST_STEP][PASSED] - delay: Delayed 2 second(s)

2018-12-11 11:46:12 - [MESSAGE][PASSED] - Delayed 2 second(s)

2018-12-11 11:46:12 - [TEST_STEP][PASSED] - delay: Delayed 5 second(s)

2018-12-11 11:46:17 - [MESSAGE][PASSED] - Delayed 5 second(s)

2018-12-11 11:46:17 - [TEST_STEP][PASSED] - mouseOver: Object: 'Object Repository/Final Object Repo/Landing Page/WorkFlow Menu' is hovered

2018-12-11 11:46:17 - [MESSAGE][PASSED] - Object: 'Object Repository/Final Object Repo/Landing Page/WorkFlow Menu' is hovered

2018-12-11 11:46:17 - [TEST_STEP][PASSED] - delay: Delayed 2 second(s)

2018-12-11 11:46:19 - [MESSAGE][PASSED] - Delayed 2 second(s)

2018-12-11 11:46:19 - [TEST_STEP][PASSED] - click: Object: 'Object Repository/Final Object Repo/Landing Page/Select to Workflow Listing' is clicked on

2018-12-11 11:46:20 - [MESSAGE][PASSED] - Object: 'Object Repository/Final Object Repo/Landing Page/Select to Workflow Listing' is clicked on

2018-12-11 11:46:20 - [TEST_STEP][PASSED] - delay: Delayed 2 second(s)

2018-12-11 11:46:22 - [MESSAGE][PASSED] - Delayed 2 second(s)

2018-12-11 11:46:22 - [TEST_STEP][PASSED] - click: Object: 'Object Repository/Final Object Repo/WorkFlow Listing Page/Search Information - To Put Ref No' is clicked on

2018-12-11 11:46:22 - [MESSAGE][PASSED] - Object: 'Object Repository/Final Object Repo/WorkFlow Listing Page/Search Information - To Put Ref No' is clicked on

2018-12-11 11:46:22 - [TEST_STEP][PASSED] - delay: Delayed 2 second(s)

2018-12-11 11:46:24 - [MESSAGE][PASSED] - Delayed 2 second(s)

2018-12-11 11:46:24 - [TEST_STEP][PASSED] - callTestCase: Call Test Case 'Test Cases/Final Aug 2018 - PKS Automation/Common/Reference Number Getter' successfully

2018-12-11 11:46:24 - [TEST_CASE][PASSED] - Test Cases/Final Aug 2018 - PKS Automation/Common/Reference Number Getter: Test Cases/Final Aug 2018 - PKS Automation/Common/Reference Number Getter

2018-12-11 11:46:24 - [TEST_STEP][PASSED] - Statement - Try: null

2018-12-11 11:46:24 - [TEST_STEP][PASSED] - Statement - RefNo = new java.io.File(C://Users//Admin//Desktop//PKS//Automation Reference Point//KatalonReference.txt): null

2018-12-11 11:46:24 - [TEST_STEP][PASSED] - Statement - bufferread = new java.io.BufferedReader(new java.io.FileReader(RefNo)): null

2018-12-11 11:46:24 - [TEST_STEP][PASSED] - Statement - readedVal = bufferread.readLine(): null

2018-12-11 11:46:24 - [TEST_STEP][PASSED] - Statement - out.println(CaseReferenceNo): null

2018-12-11 11:46:24 - [TEST_STEP][PASSED] - Statement - out.println(readedVal): null

2018-12-11 11:46:24 - [TEST_STEP][PASSED] - Statement - CaseReferenceNo = "": null

2018-12-11 11:46:24 - [TEST_STEP][PASSED] - Statement - CaseReferenceNo = readedVal: null

2018-12-11 11:46:24 - [MESSAGE][PASSED] - Call Test Case 'Test Cases/Final Aug 2018 - PKS Automation/Common/Reference Number Getter' successfully

2018-12-11 11:46:24 - [TEST_STEP][PASSED] - setText: Text 'CUN122018C200001713' is set on object 'Object Repository/Final Object Repo/WorkFlow Listing Page/Ref No Set Text'

2018-12-11 11:46:25 - [MESSAGE][PASSED] - Text 'CUN122018C200001713' is set on object 'Object Repository/Final Object Repo/WorkFlow Listing Page/Ref No Set Text'

2018-12-11 11:46:25 - [TEST_STEP][PASSED] - delay: Delayed 2 second(s)

2018-12-11 11:46:27 - [MESSAGE][PASSED] - Delayed 2 second(s)

2018-12-11 11:46:27 - [TEST_STEP][PASSED] - click: Object: 'Object Repository/Final Object Repo/WorkFlow Listing Page/Search Ref No Search Button' is clicked on

2018-12-11 11:46:27 - [MESSAGE][PASSED] - Object: 'Object Repository/Final Object Repo/WorkFlow Listing Page/Search Ref No Search Button' is clicked on

2018-12-11 11:46:27 - [TEST_STEP][PASSED] - delay: Delayed 6 second(s)

2018-12-11 11:46:33 - [MESSAGE][PASSED] - Delayed 6 second(s)

2018-12-11 11:46:33 - [TEST_STEP][PASSED] - click: Object: 'Object Repository/Final Object Repo/WorkFlow Listing Page/Click Continue Tooltip' is clicked on

2018-12-11 11:46:34 - [MESSAGE][PASSED] - Object: 'Object Repository/Final Object Repo/WorkFlow Listing Page/Click Continue Tooltip' is clicked on

2018-12-11 11:46:34 - [TEST_STEP][PASSED] - delay: Delayed 5 second(s)

2018-12-11 11:46:39 - [MESSAGE][PASSED] - Delayed 5 second(s)

2018-12-11 11:46:39 - [TEST_STEP][PASSED] - doubleClick: Object: 'Object Repository/Final Object Repo/WorkFlow Listing Page/Workflow Found - Listing 1' is double clicked on

2018-12-11 11:46:39 - [MESSAGE][PASSED] - Object: 'Object Repository/Final Object Repo/WorkFlow Listing Page/Workflow Found - Listing 1' is double clicked on

2018-12-11 11:46:39 - [TEST_STEP][PASSED] - Statement - println(OwnerID): null

2018-12-11 11:46:39 - [TEST_STEP][PASSED] - Statement - OwnerID = com.kms.katalon.core.webui.keyword.WebUiBuiltInKeywords.getText(com.kms.katalon.core.testobject.ObjectRepository.findTestObject(Final Object Repo/WorkFlow Listing Page/Workflow Found - Listing 1), STOP_ON_FAILURE): Text of object 'Object Repository/Final Object Repo/WorkFlow Listing Page/Workflow Found - Listing 1' is: 'JOHORuo3'

2018-12-11 11:46:39 - [MESSAGE][PASSED] - Text of object 'Object Repository/Final Object Repo/WorkFlow Listing Page/Workflow Found - Listing 1' is: 'JOHORuo3'

2018-12-11 11:46:39 - [TEST_STEP][PASSED] - Statement - OwnerID = OwnerID.toLowerCase() + "@gmail.com": null

2018-12-11 11:46:39 - [TEST_STEP][PASSED] - Statement - println(OwnerID): null

2018-12-11 11:46:39 - [TEST_STEP][PASSED] - delay: Delayed 2 second(s)

2018-12-11 11:46:41 - [MESSAGE][PASSED] - Delayed 2 second(s)

2018-12-11 11:46:41 - [MESSAGE][PASSED] - Call Test Case 'Test Cases/Final Aug 2018 - PKS Automation/Common/Workflow Owner Finder' successfully

2018-12-11 11:46:41 - [TEST_STEP][PASSED] - delay: Delayed 1 second(s)

2018-12-11 11:46:42 - [MESSAGE][PASSED] - Delayed 1 second(s)

2018-12-11 11:46:42 - [TEST_STEP][PASSED] - navigateToUrl: Navigate to 'https://assist2-uat.perkeso.gov.my/c/portal/logout' successfully

2018-12-11 11:46:43 - [MESSAGE][PASSED] - Navigate to 'https://assist2-uat.perkeso.gov.my/c/portal/logout' successfully

2018-12-11 11:46:43 - [TEST_STEP][PASSED] - delay: Delayed 1 second(s)

2018-12-11 11:46:44 - [MESSAGE][PASSED] - Delayed 1 second(s)

2018-12-11 11:46:44 - [TEST_STEP][PASSED] - callTestCase: Call Test Case 'Test Cases/Final Aug 2018 - PKS Automation/Registration Module/Workflow/Login and Search Case For Workflow' successfully

2018-12-11 11:46:44 - [TEST_CASE][PASSED] - Test Cases/Final Aug 2018 - PKS Automation/Registration Module/Workflow/Login and Search Case For Workflow: Test Cases/Final Aug 2018 - PKS Automation/Registration Module/Workflow/Login and Search Case For Workflow

2018-12-11 11:46:44 - [TEST_STEP][PASSED] - navigateToUrl: Navigate to 'https://assist2-uat.perkeso.gov.my/login' successfully

2018-12-11 11:46:44 - [MESSAGE][PASSED] - Navigate to 'https://assist2-uat.perkeso.gov.my/login' successfully

2018-12-11 11:46:44 - [TEST_STEP][PASSED] - setText: Text 'johoruo3@gmail.com' is set on object 'Object Repository/Final Object Repo/Login Page/Internal User/Email Address'

2018-12-11 11:46:45 - [MESSAGE][PASSED] - Text 'johoruo3@gmail.com' is set on object 'Object Repository/Final Object Repo/Login Page/Internal User/Email Address'

2018-12-11 11:46:45 - [TEST_STEP][PASSED] - click: Object: 'Object Repository/Final Object Repo/Login Page/Internal User/Next Button' is clicked on

2018-12-11 11:46:45 - [MESSAGE][PASSED] - Object: 'Object Repository/Final Object Repo/Login Page/Internal User/Next Button' is clicked on

2018-12-11 11:46:45 - [TEST_STEP][PASSED] - delay: Delayed 1 second(s)

2018-12-11 11:46:46 - [MESSAGE][PASSED] - Delayed 1 second(s)

2018-12-11 11:46:46 - [TEST_STEP][PASSED] - setEncryptedText: Text ****** has been set on object 'Object Repository/Final Object Repo/Login Page/Internal User/Password'

2018-12-11 11:46:46 - [MESSAGE][PASSED] - Text ****** has been set on object 'Object Repository/Final Object Repo/Login Page/Internal User/Password'

2018-12-11 11:46:46 - [TEST_STEP][PASSED] - click: Object: 'Object Repository/Final Object Repo/Login Page/Internal User/Login Button' is clicked on

2018-12-11 11:46:46 - [MESSAGE][PASSED] - Object: 'Object Repository/Final Object Repo/Login Page/Internal User/Login Button' is clicked on

2018-12-11 11:46:46 - [TEST_STEP][PASSED] - delay: Delayed 2 second(s)

2018-12-11 11:46:48 - [MESSAGE][PASSED] - Delayed 2 second(s)

2018-12-11 11:46:48 - [TEST_STEP][PASSED] - Statement - Try: Delayed 2 second(s)

2018-12-11 11:46:48 - [TEST_STEP][PASSED] - Statement - Checker = false: null

2018-12-11 11:46:48 - [TEST_STEP][PASSED] - Statement - Checker = com.kms.katalon.core.webui.keyword.WebUiBuiltInKeywords.verifyElementHasAttribute(com.kms.katalon.core.testobject.ObjectRepository.findTestObject(Final Object Repo/Landing Page/BM Detecting), "href", 20, OPTIONAL): Object 'Object Repository/Final Object Repo/Landing Page/BM Detecting' has attribute 'href'

2018-12-11 11:46:48 - [MESSAGE][PASSED] - Object 'Object Repository/Final Object Repo/Landing Page/BM Detecting' has attribute 'href'

2018-12-11 11:46:48 - [TEST_STEP][PASSED] - Statement - out.println(Checker): null

2018-12-11 11:46:48 - [TEST_STEP][PASSED] - Statement - If (Checker == false): null

2018-12-11 11:46:48 - [TEST_STEP][PASSED] - Statement - Else: null

2018-12-11 11:46:48 - [TEST_STEP][PASSED] - delay: Delayed 2 second(s)

2018-12-11 11:46:50 - [MESSAGE][PASSED] - Delayed 2 second(s)

2018-12-11 11:46:50 - [TEST_STEP][PASSED] - click: Object: 'Object Repository/Final Object Repo/Page_MyASSIST - ASSIST - Search Pending Case For Add Supporting Document/Search Information' is clicked on

2018-12-11 11:46:51 - [MESSAGE][PASSED] - Object: 'Object Repository/Final Object Repo/Page_MyASSIST - ASSIST - Search Pending Case For Add Supporting Document/Search Information' is clicked on

2018-12-11 11:46:51 - [TEST_STEP][PASSED] - delay: Delayed 3 second(s)

2018-12-11 11:46:54 - [MESSAGE][PASSED] - Delayed 3 second(s)

2018-12-11 11:46:54 - [TEST_STEP][PASSED] - sendKeys: Keys 'CUN122018C200001713' sent to object: 'Object Repository/Final Object Repo/Page_MyASSIST - ASSIST - Search Pending Case For Add Supporting Document/Reference No'

2018-12-11 11:46:54 - [MESSAGE][PASSED] - Keys 'CUN122018C200001713' sent to object: 'Object Repository/Final Object Repo/Page_MyASSIST - ASSIST - Search Pending Case For Add Supporting Document/Reference No'

2018-12-11 11:46:54 - [TEST_STEP][PASSED] - click: Object: 'Object Repository/Final Object Repo/Page_MyASSIST - ASSIST - Search Pending Case For Add Supporting Document/Search Reference No' is clicked on

2018-12-11 11:46:54 - [MESSAGE][PASSED] - Object: 'Object Repository/Final Object Repo/Page_MyASSIST - ASSIST - Search Pending Case For Add Supporting Document/Search Reference No' is clicked on

2018-12-11 11:46:54 - [TEST_STEP][PASSED] - delay: Delayed 2 second(s)

2018-12-11 11:46:56 - [MESSAGE][PASSED] - Delayed 2 second(s)

2018-12-11 11:46:56 - [TEST_STEP][PASSED] - click: Object: 'Object Repository/Final Object Repo/Page_MyASSIST - ASSIST - Search Pending Case For Add Supporting Document/Continue' is clicked on

2018-12-11 11:46:59 - [MESSAGE][PASSED] - Object: 'Object Repository/Final Object Repo/Page_MyASSIST - ASSIST - Search Pending Case For Add Supporting Document/Continue' is clicked on

2018-12-11 11:46:59 - [TEST_STEP][PASSED] - delay: Delayed 20 second(s)

2018-12-11 11:47:19 - [MESSAGE][PASSED] - Delayed 20 second(s)

2018-12-11 11:47:19 - [MESSAGE][PASSED] - Call Test Case 'Test Cases/Final Aug 2018 - PKS Automation/Registration Module/Workflow/Login and Search Case For Workflow' successfully

2018-12-11 11:47:19 - [TEST_STEP][PASSED] - click: Object: 'Object Repository/Final Object Repo/Page_Form 1A - Cessation As Employer/Page_Form 1A - Cessation As Employer (Approve)/Save  Continue in Form 1A Page' is clicked on

2018-12-11 11:47:20 - [MESSAGE][PASSED] - Object: 'Object Repository/Final Object Repo/Page_Form 1A - Cessation As Employer/Page_Form 1A - Cessation As Employer (Approve)/Save  Continue in Form 1A Page' is clicked on

2018-12-11 11:47:20 - [TEST_STEP][PASSED] - delay: Delayed 2 second(s)

2018-12-11 11:47:22 - [MESSAGE][PASSED] - Delayed 2 second(s)

2018-12-11 11:47:22 - [TEST_STEP][PASSED] - click: Object: 'Object Repository/Final Object Repo/Page_Form 1A - Cessation As Employer/Employment Resign Date' is clicked on

2018-12-11 11:47:22 - [MESSAGE][PASSED] - Object: 'Object Repository/Final Object Repo/Page_Form 1A - Cessation As Employer/Employment Resign Date' is clicked on

2018-12-11 11:47:22 - [TEST_STEP][PASSED] - delay: Delayed 1 second(s)

2018-12-11 11:47:23 - [MESSAGE][PASSED] - Delayed 1 second(s)

2018-12-11 11:47:23 - [TEST_STEP][PASSED] - selectOptionByValue: All options with value '2030' are selected in object 'Object Repository/Final Object Repo/Page_Form 1A - Cessation As Employer/Employment Resign Date - Year' 

2018-12-11 11:47:23 - [MESSAGE][PASSED] - All options with value '2030' are selected in object 'Object Repository/Final Object Repo/Page_Form 1A - Cessation As Employer/Employment Resign Date - Year' 

2018-12-11 11:47:23 - [TEST_STEP][PASSED] - delay: Delayed 1 second(s)

2018-12-11 11:47:24 - [MESSAGE][PASSED] - Delayed 1 second(s)

2018-12-11 11:47:24 - [TEST_STEP][PASSED] - click: Object: 'Object Repository/Final Object Repo/Page_Form 1A - Cessation As Employer/Employment Resign Date - Year - Date' is clicked on

2018-12-11 11:47:24 - [MESSAGE][PASSED] - Object: 'Object Repository/Final Object Repo/Page_Form 1A - Cessation As Employer/Employment Resign Date - Year - Date' is clicked on

2018-12-11 11:47:24 - [TEST_STEP][PASSED] - delay: Delayed 2 second(s)

2018-12-11 11:47:26 - [MESSAGE][PASSED] - Delayed 2 second(s)

2018-12-11 11:47:26 - [TEST_STEP][PASSED] - click: Object: 'Object Repository/Final Object Repo/Page_Form 1A - Cessation As Employer/Page_Form 1A - Cessation As Employer (Approve)/Save  Continue in Update Add Employee Resigned Date Page' is clicked on

2018-12-11 11:47:26 - [MESSAGE][PASSED] - Object: 'Object Repository/Final Object Repo/Page_Form 1A - Cessation As Employer/Page_Form 1A - Cessation As Employer (Approve)/Save  Continue in Update Add Employee Resigned Date Page' is clicked on

2018-12-11 11:47:26 - [TEST_STEP][PASSED] - delay: Delayed 2 second(s)

2018-12-11 11:47:28 - [MESSAGE][PASSED] - Delayed 2 second(s)

2018-12-11 11:47:28 - [TEST_STEP][PASSED] - click: Object: 'Object Repository/Final Object Repo/Page_Form 1A - Cessation As Employer/Set Latest - Yes' is clicked on

2018-12-11 11:47:29 - [MESSAGE][PASSED] - Object: 'Object Repository/Final Object Repo/Page_Form 1A - Cessation As Employer/Set Latest - Yes' is clicked on

2018-12-11 11:47:29 - [TEST_STEP][PASSED] - delay: Delayed 2 second(s)

2018-12-11 11:47:31 - [MESSAGE][PASSED] - Delayed 2 second(s)

2018-12-11 11:47:31 - [TEST_STEP][PASSED] - setText: Text 'remark' is set on object 'Object Repository/Final Object Repo/Page_Form 1A - Cessation As Employer/Page_Form 1A - Cessation As Employer (Query)/Query - remark'

2018-12-11 11:47:32 - [MESSAGE][PASSED] - Text 'remark' is set on object 'Object Repository/Final Object Repo/Page_Form 1A - Cessation As Employer/Page_Form 1A - Cessation As Employer (Query)/Query - remark'

2018-12-11 11:47:32 - [TEST_STEP][PASSED] - delay: Delayed 2 second(s)

2018-12-11 11:47:34 - [MESSAGE][PASSED] - Delayed 2 second(s)

2018-12-11 11:47:34 - [TEST_STEP][PASSED] - click: Object: 'Object Repository/Final Object Repo/Page_Form 1A - Cessation As Employer/Page_Form 1A - Cessation As Employer (Approve)/Save  Contine in Uploading Document Page' is clicked on

2018-12-11 11:47:34 - [MESSAGE][PASSED] - Object: 'Object Repository/Final Object Repo/Page_Form 1A - Cessation As Employer/Page_Form 1A - Cessation As Employer (Approve)/Save  Contine in Uploading Document Page' is clicked on

2018-12-11 11:47:34 - [TEST_STEP][PASSED] - delay: Delayed 2 second(s)

2018-12-11 11:47:36 - [MESSAGE][PASSED] - Delayed 2 second(s)

2018-12-11 11:47:36 - [TEST_STEP][PASSED] - click: Object: 'Object Repository/Final Object Repo/Page_Form 1A - Cessation As Employer/Page_Form 1A - Cessation As Employer (Query)/Query' is clicked on

2018-12-11 11:47:39 - [MESSAGE][PASSED] - Object: 'Object Repository/Final Object Repo/Page_Form 1A - Cessation As Employer/Page_Form 1A - Cessation As Employer (Query)/Query' is clicked on

2018-12-11 11:47:39 - [TEST_STEP][PASSED] - delay: Delayed 2 second(s)

2018-12-11 11:47:41 - [MESSAGE][PASSED] - Delayed 2 second(s)

2018-12-11 11:47:41 - [TEST_STEP][PASSED] - click: Object: 'Object Repository/Final Object Repo/Page_Form 1A - Cessation As Employer/Page_Form 1A - Cessation As Employer (Query)/Confirm' is clicked on

2018-12-11 11:47:47 - [MESSAGE][PASSED] - Object: 'Object Repository/Final Object Repo/Page_Form 1A - Cessation As Employer/Page_Form 1A - Cessation As Employer (Query)/Confirm' is clicked on

2018-12-11 11:47:47 - [TEST_STEP][PASSED] - delay: Delayed 2 second(s)

2018-12-11 11:47:49 - [MESSAGE][PASSED] - Delayed 2 second(s)

2018-12-11 11:47:49 - [TEST_STEP][PASSED] - verifyElementVisible: Object 'Object Repository/Final Object Repo/Page_Form 1A - Cessation As Employer/Page_Form 1A - Cessation As Employer (Query)/MessageThe Case Is Under Query' is visible

2018-12-11 11:47:49 - [MESSAGE][PASSED] - Object 'Object Repository/Final Object Repo/Page_Form 1A - Cessation As Employer/Page_Form 1A - Cessation As Employer (Query)/MessageThe Case Is Under Query' is visible

2018-12-11 11:47:49 - [TEST_STEP][PASSED] - delay: Delayed 1 second(s)

2018-12-11 11:47:50 - [MESSAGE][PASSED] - Delayed 1 second(s)

2018-12-11 11:47:50 - [TEST_STEP][PASSED] - verifyElementVisible: Object 'Object Repository/Final Object Repo/Page_Form 1A - Cessation As Employer/Page_Form 1A - Cessation As Employer (Query)/Letter of inquiry' is visible

2018-12-11 11:47:51 - [MESSAGE][PASSED] - Object 'Object Repository/Final Object Repo/Page_Form 1A - Cessation As Employer/Page_Form 1A - Cessation As Employer (Query)/Letter of inquiry' is visible

2018-12-11 11:47:51 - [TEST_STEP][PASSED] - delay: Delayed 1 second(s)

2018-12-11 11:47:52 - [MESSAGE][PASSED] - Delayed 1 second(s)

2018-12-11 11:47:52 - [TEST_STEP][PASSED] - navigateToUrl: Navigate to 'https://assist2-uat.perkeso.gov.my/c/portal/logout' successfully

2018-12-11 11:47:52 - [MESSAGE][PASSED] - Navigate to 'https://assist2-uat.perkeso.gov.my/c/portal/logout' successfully

2018-12-11 11:47:52 - [TEST_STEP][PASSED] - delay: Delayed 1 second(s)

2018-12-11 11:47:53 - [MESSAGE][PASSED] - Delayed 1 second(s)

2018-12-11 11:47:53 - [TEST_STEP][PASSED] - callTestCase: Call Test Case 'Test Cases/Final Aug 2018 - PKS Automation/Registration Module/Workflow/Search Pending Case For Add Supporting Document (OTC)' successfully

2018-12-11 11:47:53 - [TEST_CASE][PASSED] - Test Cases/Final Aug 2018 - PKS Automation/Registration Module/Workflow/Search Pending Case For Add Supporting Document (OTC): Test Cases/Final Aug 2018 - PKS Automation/Registration Module/Workflow/Search Pending Case For Add Supporting Document (OTC)

2018-12-11 11:47:53 - [TEST_STEP][PASSED] - openBrowser: Browser is opened with url: ''

2018-12-11 11:47:53 - [MESSAGE][WARNING] - A browser is already opened. Closing browser and opening a new one

2018-12-11 11:47:56 - [MESSAGE][PASSED] - Browser is opened with url: ''

2018-12-11 11:47:56 - [TEST_STEP][PASSED] - navigateToUrl: Navigate to 'https://assist2-uat.perkeso.gov.my/login' successfully

2018-12-11 11:47:58 - [MESSAGE][PASSED] - Navigate to 'https://assist2-uat.perkeso.gov.my/login' successfully

2018-12-11 11:47:58 - [TEST_STEP][PASSED] - setText: Text 'johorotc1@gmail.com' is set on object 'Object Repository/Final Object Repo/Login Page/Internal User/Email Address'

2018-12-11 11:47:58 - [MESSAGE][PASSED] - Text 'johorotc1@gmail.com' is set on object 'Object Repository/Final Object Repo/Login Page/Internal User/Email Address'

2018-12-11 11:47:58 - [TEST_STEP][PASSED] - click: Object: 'Object Repository/Final Object Repo/Login Page/Internal User/Next Button' is clicked on

2018-12-11 11:47:58 - [MESSAGE][PASSED] - Object: 'Object Repository/Final Object Repo/Login Page/Internal User/Next Button' is clicked on

2018-12-11 11:47:58 - [TEST_STEP][PASSED] - delay: Delayed 1 second(s)

2018-12-11 11:47:59 - [MESSAGE][PASSED] - Delayed 1 second(s)

2018-12-11 11:47:59 - [TEST_STEP][PASSED] - setEncryptedText: Text ****** has been set on object 'Object Repository/Final Object Repo/Login Page/Internal User/Password'

2018-12-11 11:47:59 - [MESSAGE][PASSED] - Text ****** has been set on object 'Object Repository/Final Object Repo/Login Page/Internal User/Password'

2018-12-11 11:47:59 - [TEST_STEP][PASSED] - click: Object: 'Object Repository/Final Object Repo/Login Page/Internal User/Login Button' is clicked on

2018-12-11 11:48:00 - [MESSAGE][PASSED] - Object: 'Object Repository/Final Object Repo/Login Page/Internal User/Login Button' is clicked on

2018-12-11 11:48:00 - [TEST_STEP][PASSED] - delay: Delayed 1 second(s)

2018-12-11 11:48:01 - [MESSAGE][PASSED] - Delayed 1 second(s)

2018-12-11 11:48:01 - [TEST_STEP][PASSED] - Statement - Try: Delayed 2 second(s)

2018-12-11 11:48:01 - [TEST_STEP][PASSED] - Statement - Checker = false: null

2018-12-11 11:48:01 - [TEST_STEP][PASSED] - Statement - Checker = com.kms.katalon.core.webui.keyword.WebUiBuiltInKeywords.verifyElementHasAttribute(com.kms.katalon.core.testobject.ObjectRepository.findTestObject(Final Object Repo/Landing Page/BM Detecting), "href", 20, OPTIONAL): Object 'Object Repository/Final Object Repo/Landing Page/BM Detecting' has attribute 'href'

2018-12-11 11:48:01 - [MESSAGE][PASSED] - Object 'Object Repository/Final Object Repo/Landing Page/BM Detecting' has attribute 'href'

2018-12-11 11:48:01 - [TEST_STEP][PASSED] - Statement - out.println(Checker): null

2018-12-11 11:48:01 - [TEST_STEP][PASSED] - Statement - If (Checker == false): null

2018-12-11 11:48:01 - [TEST_STEP][PASSED] - Statement - Else: null

2018-12-11 11:48:01 - [TEST_STEP][PASSED] - delay: Delayed 2 second(s)

2018-12-11 11:48:03 - [MESSAGE][PASSED] - Delayed 2 second(s)

2018-12-11 11:48:03 - [TEST_STEP][PASSED] - navigateToUrl: Navigate to 'https://assist2-uat.perkeso.gov.my/web/registration/search/search-pending-case-for-add-supporting-document' successfully

2018-12-11 11:48:04 - [MESSAGE][PASSED] - Navigate to 'https://assist2-uat.perkeso.gov.my/web/registration/search/search-pending-case-for-add-supporting-document' successfully

2018-12-11 11:48:04 - [TEST_STEP][PASSED] - click: Object: 'Object Repository/Final Object Repo/Page_Search Pending Case For Add Suporting Document/Search By' is clicked on

2018-12-11 11:48:05 - [MESSAGE][PASSED] - Object: 'Object Repository/Final Object Repo/Page_Search Pending Case For Add Suporting Document/Search By' is clicked on

2018-12-11 11:48:05 - [TEST_STEP][PASSED] - click: Object: 'Object Repository/Final Object Repo/Page_Search Pending Case For Add Suporting Document/Search By - Reference ID' is clicked on

2018-12-11 11:48:05 - [MESSAGE][PASSED] - Object: 'Object Repository/Final Object Repo/Page_Search Pending Case For Add Suporting Document/Search By - Reference ID' is clicked on

2018-12-11 11:48:05 - [TEST_STEP][PASSED] - delay: Delayed 2 second(s)

2018-12-11 11:48:07 - [MESSAGE][PASSED] - Delayed 2 second(s)

2018-12-11 11:48:07 - [TEST_STEP][PASSED] - setText: Text 'CUN122018C200001713' is set on object 'Object Repository/Final Object Repo/Page_Search Pending Case For Add Suporting Document/Reference ID'

2018-12-11 11:48:07 - [MESSAGE][PASSED] - Text 'CUN122018C200001713' is set on object 'Object Repository/Final Object Repo/Page_Search Pending Case For Add Suporting Document/Reference ID'

2018-12-11 11:48:07 - [TEST_STEP][PASSED] - click: Object: 'Object Repository/Final Object Repo/Page_Search Pending Case For Add Suporting Document/Search' is clicked on

2018-12-11 11:48:07 - [MESSAGE][PASSED] - Object: 'Object Repository/Final Object Repo/Page_Search Pending Case For Add Suporting Document/Search' is clicked on

2018-12-11 11:48:07 - [TEST_STEP][PASSED] - delay: Delayed 2 second(s)

2018-12-11 11:48:09 - [MESSAGE][PASSED] - Delayed 2 second(s)

2018-12-11 11:48:09 - [TEST_STEP][PASSED] - click: Object: 'Object Repository/Final Object Repo/Page_Search Pending Case For Add Suporting Document/Edit' is clicked on

2018-12-11 11:48:12 - [MESSAGE][PASSED] - Object: 'Object Repository/Final Object Repo/Page_Search Pending Case For Add Suporting Document/Edit' is clicked on

2018-12-11 11:48:12 - [MESSAGE][PASSED] - Call Test Case 'Test Cases/Final Aug 2018 - PKS Automation/Registration Module/Workflow/Search Pending Case For Add Supporting Document (OTC)' successfully

2018-12-11 11:48:12 - [TEST_STEP][PASSED] - click: Object: 'Object Repository/Final Object Repo/Page_Form 1A - Cessation As Employer/Page_Form 1A - Cessation As Employer (Query -OTC -UO)/Next in Form 1A Page' is clicked on

2018-12-11 11:48:14 - [MESSAGE][PASSED] - Object: 'Object Repository/Final Object Repo/Page_Form 1A - Cessation As Employer/Page_Form 1A - Cessation As Employer (Query -OTC -UO)/Next in Form 1A Page' is clicked on

2018-12-11 11:48:14 - [TEST_STEP][PASSED] - delay: Delayed 2 second(s)

2018-12-11 11:48:16 - [MESSAGE][PASSED] - Delayed 2 second(s)

2018-12-11 11:48:16 - [TEST_STEP][PASSED] - click: Object: 'Object Repository/Final Object Repo/Page_Form 1A - Cessation As Employer/Page_Form 1A - Cessation As Employer (Query -OTC -UO)/Next in Resigned Date Page' is clicked on

2018-12-11 11:48:19 - [MESSAGE][PASSED] - Object: 'Object Repository/Final Object Repo/Page_Form 1A - Cessation As Employer/Page_Form 1A - Cessation As Employer (Query -OTC -UO)/Next in Resigned Date Page' is clicked on

2018-12-11 11:48:19 - [TEST_STEP][PASSED] - delay: Delayed 2 second(s)

2018-12-11 11:48:21 - [MESSAGE][PASSED] - Delayed 2 second(s)

2018-12-11 11:48:21 - [TEST_STEP][PASSED] - click: Object: 'Object Repository/Final Object Repo/Page_Form 1A - Cessation As Employer/Page_Form 1A - Cessation As Employer (Query -OTC -UO)/Add Document' is clicked on

2018-12-11 11:48:21 - [MESSAGE][PASSED] - Object: 'Object Repository/Final Object Repo/Page_Form 1A - Cessation As Employer/Page_Form 1A - Cessation As Employer (Query -OTC -UO)/Add Document' is clicked on

2018-12-11 11:48:21 - [TEST_STEP][PASSED] - delay: Delayed 2 second(s)

2018-12-11 11:48:23 - [MESSAGE][PASSED] - Delayed 2 second(s)

2018-12-11 11:48:23 - [TEST_STEP][PASSED] - click: Object: 'Object Repository/Final Object Repo/Page_Form 1A - Cessation As Employer/Page_Form 1A - Cessation As Employer (Query -OTC -UO)/Document Type' is clicked on

2018-12-11 11:48:24 - [MESSAGE][PASSED] - Object: 'Object Repository/Final Object Repo/Page_Form 1A - Cessation As Employer/Page_Form 1A - Cessation As Employer (Query -OTC -UO)/Document Type' is clicked on

2018-12-11 11:48:24 - [TEST_STEP][PASSED] - click: Object: 'Object Repository/Final Object Repo/Page_Form 1A - Cessation As Employer/Page_Form 1A - Cessation As Employer (Query -OTC -UO)/Document Type - Others' is clicked on

2018-12-11 11:48:24 - [MESSAGE][PASSED] - Object: 'Object Repository/Final Object Repo/Page_Form 1A - Cessation As Employer/Page_Form 1A - Cessation As Employer (Query -OTC -UO)/Document Type - Others' is clicked on

2018-12-11 11:48:24 - [TEST_STEP][PASSED] - delay: Delayed 2 second(s)

2018-12-11 11:48:26 - [MESSAGE][PASSED] - Delayed 2 second(s)

2018-12-11 11:48:26 - [TEST_STEP][PASSED] - sendKeys: Keys 'C:\Users\Public\Pictures\Sample Pictures\Koala.jpg' sent to object: 'Object Repository/Final Object Repo/Page_Form 1A - Cessation As Employer/Uploading File'

2018-12-11 11:48:26 - [MESSAGE][PASSED] - Keys 'C:\Users\Public\Pictures\Sample Pictures\Koala.jpg' sent to object: 'Object Repository/Final Object Repo/Page_Form 1A - Cessation As Employer/Uploading File'

2018-12-11 11:48:26 - [TEST_STEP][PASSED] - delay: Delayed 2 second(s)

2018-12-11 11:48:28 - [MESSAGE][PASSED] - Delayed 2 second(s)

2018-12-11 11:48:28 - [TEST_STEP][PASSED] - click: Object: 'Object Repository/Final Object Repo/Page_Form 1A - Cessation As Employer/Page_Form 1A - Cessation As Employer (Query -OTC -UO)/Add Document in Uploading Page' is clicked on

2018-12-11 11:48:28 - [MESSAGE][PASSED] - Object: 'Object Repository/Final Object Repo/Page_Form 1A - Cessation As Employer/Page_Form 1A - Cessation As Employer (Query -OTC -UO)/Add Document in Uploading Page' is clicked on

2018-12-11 11:48:28 - [TEST_STEP][PASSED] - delay: Delayed 4 second(s)

2018-12-11 11:48:32 - [MESSAGE][PASSED] - Delayed 4 second(s)

2018-12-11 11:48:32 - [TEST_STEP][PASSED] - click: Object: 'Object Repository/Final Object Repo/Page_Form 1A - Cessation As Employer/Page_Form 1A - Cessation As Employer (Query -OTC -UO)/Exit' is clicked on

2018-12-11 11:48:33 - [MESSAGE][PASSED] - Object: 'Object Repository/Final Object Repo/Page_Form 1A - Cessation As Employer/Page_Form 1A - Cessation As Employer (Query -OTC -UO)/Exit' is clicked on

2018-12-11 11:48:33 - [TEST_STEP][PASSED] - delay: Delayed 1 second(s)

2018-12-11 11:48:34 - [MESSAGE][PASSED] - Delayed 1 second(s)

2018-12-11 11:48:34 - [TEST_STEP][PASSED] - navigateToUrl: Navigate to 'https://assist2-uat.perkeso.gov.my/c/portal/logout' successfully

2018-12-11 11:48:35 - [MESSAGE][PASSED] - Navigate to 'https://assist2-uat.perkeso.gov.my/c/portal/logout' successfully

2018-12-11 11:48:35 - [TEST_STEP][PASSED] - delay: Delayed 1 second(s)

2018-12-11 11:48:36 - [MESSAGE][PASSED] - Delayed 1 second(s)

2018-12-11 11:48:36 - [TEST_STEP][PASSED] - callTestCase: Call Test Case 'Test Cases/Final Aug 2018 - PKS Automation/Registration Module/Workflow/Login and Search Case For Workflow' successfully

2018-12-11 11:48:36 - [TEST_CASE][PASSED] - Test Cases/Final Aug 2018 - PKS Automation/Registration Module/Workflow/Login and Search Case For Workflow: Test Cases/Final Aug 2018 - PKS Automation/Registration Module/Workflow/Login and Search Case For Workflow

2018-12-11 11:48:36 - [TEST_STEP][PASSED] - navigateToUrl: Navigate to 'https://assist2-uat.perkeso.gov.my/login' successfully

2018-12-11 11:48:37 - [MESSAGE][PASSED] - Navigate to 'https://assist2-uat.perkeso.gov.my/login' successfully

2018-12-11 11:48:37 - [TEST_STEP][PASSED] - setText: Text 'johoruo3@gmail.com' is set on object 'Object Repository/Final Object Repo/Login Page/Internal User/Email Address'

2018-12-11 11:48:37 - [MESSAGE][PASSED] - Text 'johoruo3@gmail.com' is set on object 'Object Repository/Final Object Repo/Login Page/Internal User/Email Address'

2018-12-11 11:48:37 - [TEST_STEP][PASSED] - click: Object: 'Object Repository/Final Object Repo/Login Page/Internal User/Next Button' is clicked on

2018-12-11 11:48:37 - [MESSAGE][PASSED] - Object: 'Object Repository/Final Object Repo/Login Page/Internal User/Next Button' is clicked on

2018-12-11 11:48:37 - [TEST_STEP][PASSED] - delay: Delayed 1 second(s)

2018-12-11 11:48:38 - [MESSAGE][PASSED] - Delayed 1 second(s)

2018-12-11 11:48:38 - [TEST_STEP][PASSED] - setEncryptedText: Text ****** has been set on object 'Object Repository/Final Object Repo/Login Page/Internal User/Password'

2018-12-11 11:48:38 - [MESSAGE][PASSED] - Text ****** has been set on object 'Object Repository/Final Object Repo/Login Page/Internal User/Password'

2018-12-11 11:48:38 - [TEST_STEP][PASSED] - click: Object: 'Object Repository/Final Object Repo/Login Page/Internal User/Login Button' is clicked on

2018-12-11 11:48:39 - [MESSAGE][PASSED] - Object: 'Object Repository/Final Object Repo/Login Page/Internal User/Login Button' is clicked on

2018-12-11 11:48:39 - [TEST_STEP][PASSED] - delay: Delayed 2 second(s)

2018-12-11 11:48:41 - [MESSAGE][PASSED] - Delayed 2 second(s)

2018-12-11 11:48:41 - [TEST_STEP][PASSED] - Statement - Try: Delayed 2 second(s)

2018-12-11 11:48:41 - [TEST_STEP][PASSED] - Statement - Checker = false: null

2018-12-11 11:48:41 - [TEST_STEP][PASSED] - Statement - Checker = com.kms.katalon.core.webui.keyword.WebUiBuiltInKeywords.verifyElementHasAttribute(com.kms.katalon.core.testobject.ObjectRepository.findTestObject(Final Object Repo/Landing Page/BM Detecting), "href", 20, OPTIONAL): Object 'Object Repository/Final Object Repo/Landing Page/BM Detecting' has attribute 'href'

2018-12-11 11:48:41 - [MESSAGE][PASSED] - Object 'Object Repository/Final Object Repo/Landing Page/BM Detecting' has attribute 'href'

2018-12-11 11:48:41 - [TEST_STEP][PASSED] - Statement - out.println(Checker): null

2018-12-11 11:48:41 - [TEST_STEP][PASSED] - Statement - If (Checker == false): null

2018-12-11 11:48:41 - [TEST_STEP][PASSED] - Statement - Else: null

2018-12-11 11:48:41 - [TEST_STEP][PASSED] - delay: Delayed 2 second(s)

2018-12-11 11:48:43 - [MESSAGE][PASSED] - Delayed 2 second(s)

2018-12-11 11:48:43 - [TEST_STEP][PASSED] - click: Object: 'Object Repository/Final Object Repo/Page_MyASSIST - ASSIST - Search Pending Case For Add Supporting Document/Search Information' is clicked on

2018-12-11 11:48:43 - [MESSAGE][PASSED] - Object: 'Object Repository/Final Object Repo/Page_MyASSIST - ASSIST - Search Pending Case For Add Supporting Document/Search Information' is clicked on

2018-12-11 11:48:43 - [TEST_STEP][PASSED] - delay: Delayed 3 second(s)

2018-12-11 11:48:46 - [MESSAGE][PASSED] - Delayed 3 second(s)

2018-12-11 11:48:46 - [TEST_STEP][PASSED] - sendKeys: Keys 'CUN122018C200001713' sent to object: 'Object Repository/Final Object Repo/Page_MyASSIST - ASSIST - Search Pending Case For Add Supporting Document/Reference No'

2018-12-11 11:48:46 - [MESSAGE][PASSED] - Keys 'CUN122018C200001713' sent to object: 'Object Repository/Final Object Repo/Page_MyASSIST - ASSIST - Search Pending Case For Add Supporting Document/Reference No'

2018-12-11 11:48:46 - [TEST_STEP][PASSED] - click: Object: 'Object Repository/Final Object Repo/Page_MyASSIST - ASSIST - Search Pending Case For Add Supporting Document/Search Reference No' is clicked on

2018-12-11 11:48:46 - [MESSAGE][PASSED] - Object: 'Object Repository/Final Object Repo/Page_MyASSIST - ASSIST - Search Pending Case For Add Supporting Document/Search Reference No' is clicked on

2018-12-11 11:48:46 - [TEST_STEP][PASSED] - delay: Delayed 2 second(s)

2018-12-11 11:48:48 - [MESSAGE][PASSED] - Delayed 2 second(s)

2018-12-11 11:48:48 - [TEST_STEP][PASSED] - click: Object: 'Object Repository/Final Object Repo/Page_MyASSIST - ASSIST - Search Pending Case For Add Supporting Document/Continue' is clicked on

2018-12-11 11:48:52 - [MESSAGE][PASSED] - Object: 'Object Repository/Final Object Repo/Page_MyASSIST - ASSIST - Search Pending Case For Add Supporting Document/Continue' is clicked on

2018-12-11 11:48:52 - [TEST_STEP][PASSED] - delay: Delayed 20 second(s)

2018-12-11 11:49:12 - [MESSAGE][PASSED] - Delayed 20 second(s)

2018-12-11 11:49:12 - [MESSAGE][PASSED] - Call Test Case 'Test Cases/Final Aug 2018 - PKS Automation/Registration Module/Workflow/Login and Search Case For Workflow' successfully

2018-12-11 11:49:12 - [TEST_STEP][PASSED] - click: Object: 'Object Repository/Final Object Repo/Page_Form 1A - Cessation As Employer/Page_Form 1A - Cessation As Employer (Approve)/Save  Continue in Form 1A Page' is clicked on

2018-12-11 11:49:12 - [MESSAGE][PASSED] - Object: 'Object Repository/Final Object Repo/Page_Form 1A - Cessation As Employer/Page_Form 1A - Cessation As Employer (Approve)/Save  Continue in Form 1A Page' is clicked on

2018-12-11 11:49:12 - [TEST_STEP][PASSED] - delay: Delayed 3 second(s)

2018-12-11 11:49:15 - [MESSAGE][PASSED] - Delayed 3 second(s)

2018-12-11 11:49:15 - [TEST_STEP][PASSED] - click: Object: 'Object Repository/Final Object Repo/Page_Form 1A - Cessation As Employer/Page_Form 1A - Cessation As Employer (Approve)/Save  Continue in Update Add Employee Resigned Date Page' is clicked on

2018-12-11 11:49:15 - [MESSAGE][PASSED] - Object: 'Object Repository/Final Object Repo/Page_Form 1A - Cessation As Employer/Page_Form 1A - Cessation As Employer (Approve)/Save  Continue in Update Add Employee Resigned Date Page' is clicked on

2018-12-11 11:49:15 - [TEST_STEP][PASSED] - delay: Delayed 3 second(s)

2018-12-11 11:49:18 - [MESSAGE][PASSED] - Delayed 3 second(s)

2018-12-11 11:49:18 - [TEST_STEP][PASSED] - click: Object: 'Object Repository/Final Object Repo/Page_Form 1A - Cessation As Employer/Page_Form 1A - Cessation As Employer (Approve)/Save  Contine in Uploading Document Page' is clicked on

2018-12-11 11:49:18 - [MESSAGE][PASSED] - Object: 'Object Repository/Final Object Repo/Page_Form 1A - Cessation As Employer/Page_Form 1A - Cessation As Employer (Approve)/Save  Contine in Uploading Document Page' is clicked on

2018-12-11 11:49:18 - [TEST_STEP][PASSED] - delay: Delayed 3 second(s)

2018-12-11 11:49:21 - [MESSAGE][PASSED] - Delayed 3 second(s)

2018-12-11 11:49:21 - [TEST_STEP][PASSED] - click: Object: 'Object Repository/Final Object Repo/Page_Form 1A - Cessation As Employer/Page_Form 1A - Cessation As Employer (Approve)/Approve' is clicked on

2018-12-11 11:49:23 - [MESSAGE][PASSED] - Object: 'Object Repository/Final Object Repo/Page_Form 1A - Cessation As Employer/Page_Form 1A - Cessation As Employer (Approve)/Approve' is clicked on

2018-12-11 11:49:23 - [TEST_STEP][PASSED] - delay: Delayed 2 second(s)

2018-12-11 11:49:25 - [MESSAGE][PASSED] - Delayed 2 second(s)

2018-12-11 11:49:25 - [TEST_STEP][PASSED] - click: Object: 'Object Repository/Final Object Repo/Page_Form 1A - Cessation As Employer/Confirm' is clicked on

2018-12-11 11:49:25 - [MESSAGE][PASSED] - Object: 'Object Repository/Final Object Repo/Page_Form 1A - Cessation As Employer/Confirm' is clicked on

2018-12-11 11:49:25 - [TEST_STEP][PASSED] - delay: Delayed 2 second(s)

2018-12-11 11:49:27 - [MESSAGE][PASSED] - Delayed 2 second(s)

2018-12-11 11:49:27 - [TEST_STEP][PASSED] - click: Object: 'Object Repository/Final Object Repo/Page_Form 1A - Cessation As Employer/Page_Form 1A - Cessation As Employer (Approve)/Message Your Request    Form 1A ' is clicked on

2018-12-11 11:49:35 - [MESSAGE][PASSED] - Object: 'Object Repository/Final Object Repo/Page_Form 1A - Cessation As Employer/Page_Form 1A - Cessation As Employer (Approve)/Message Your Request    Form 1A ' is clicked on

2018-12-11 11:49:35 - [TEST_STEP][PASSED] - delay: Delayed 2 second(s)

2018-12-11 11:49:37 - [MESSAGE][PASSED] - Delayed 2 second(s)

2018-12-11 11:49:37 - [TEST_STEP][PASSED] - click: Object: 'Object Repository/Final Object Repo/Page_Form 1A - Cessation As Employer/Page_Form 1A - Cessation As Employer (Approve)/Letter of successful update' is clicked on

2018-12-11 11:49:37 - [MESSAGE][PASSED] - Object: 'Object Repository/Final Object Repo/Page_Form 1A - Cessation As Employer/Page_Form 1A - Cessation As Employer (Approve)/Letter of successful update' is clicked on

2018-12-11 11:49:37 - [MESSAGE][PASSED] - Call Test Case 'Test Cases/Final Aug 2018 - PKS Automation/Registration Module/Workflow/Form 1A - Cessation As Employer/Template/Form 1 A - Cessation As Employer (Query)' successfully]]></system-out>
         <system-err><![CDATA[]]></system-err>
      </testcase>
      <testcase name="Test Cases/Final Aug 2018 - PKS Automation/Registration Module/Workflow/Form 1A - Cessation As Employer/OTC to UO (Reject)" classname="Test Cases/Final Aug 2018 - PKS Automation/Registration Module/Workflow/Form 1A - Cessation As Employer/OTC to UO (Reject)" status="PASSED">
         <system-out><![CDATA[2018-12-11 11:49:37 - [TEST_CASE][PASSED] - Test Cases/Final Aug 2018 - PKS Automation/Registration Module/Workflow/Form 1A - Cessation As Employer/OTC to UO (Reject): Test Cases/Final Aug 2018 - PKS Automation/Registration Module/Workflow/Form 1A - Cessation As Employer/OTC to UO (Reject)

2018-12-11 11:49:38 - [TEST_STEP][PASSED] - callTestCase: Call Test Case 'Test Cases/Final Aug 2018 - PKS Automation/Registration Module/Workflow/Form 1A - Cessation As Employer/Template/Form 1 A - Cessation As Employer (OTC)' successfully

2018-12-11 11:49:38 - [TEST_CASE][PASSED] - Test Cases/Final Aug 2018 - PKS Automation/Registration Module/Workflow/Form 1A - Cessation As Employer/Template/Form 1 A - Cessation As Employer (OTC): Test Cases/Final Aug 2018 - PKS Automation/Registration Module/Workflow/Form 1A - Cessation As Employer/Template/Form 1 A - Cessation As Employer (OTC)

2018-12-11 11:49:38 - [TEST_STEP][PASSED] - openBrowser: Browser is opened with url: ''

2018-12-11 11:49:38 - [MESSAGE][WARNING] - A browser is already opened. Closing browser and opening a new one

2018-12-11 11:49:41 - [MESSAGE][PASSED] - Browser is opened with url: ''

2018-12-11 11:49:41 - [TEST_STEP][PASSED] - navigateToUrl: Navigate to 'https://assist2-uat.perkeso.gov.my/login' successfully

2018-12-11 11:49:42 - [MESSAGE][PASSED] - Navigate to 'https://assist2-uat.perkeso.gov.my/login' successfully

2018-12-11 11:49:42 - [TEST_STEP][PASSED] - setText: Text 'johorotc1@gmail.com' is set on object 'Object Repository/Final Object Repo/Login Page/Internal User/Email Address'

2018-12-11 11:49:43 - [MESSAGE][PASSED] - Text 'johorotc1@gmail.com' is set on object 'Object Repository/Final Object Repo/Login Page/Internal User/Email Address'

2018-12-11 11:49:43 - [TEST_STEP][PASSED] - click: Object: 'Object Repository/Final Object Repo/Login Page/Internal User/Next Button' is clicked on

2018-12-11 11:49:43 - [MESSAGE][PASSED] - Object: 'Object Repository/Final Object Repo/Login Page/Internal User/Next Button' is clicked on

2018-12-11 11:49:43 - [TEST_STEP][PASSED] - delay: Delayed 1 second(s)

2018-12-11 11:49:44 - [MESSAGE][PASSED] - Delayed 1 second(s)

2018-12-11 11:49:44 - [TEST_STEP][PASSED] - setEncryptedText: Text ****** has been set on object 'Object Repository/Final Object Repo/Login Page/Internal User/Password'

2018-12-11 11:49:44 - [MESSAGE][PASSED] - Text ****** has been set on object 'Object Repository/Final Object Repo/Login Page/Internal User/Password'

2018-12-11 11:49:44 - [TEST_STEP][PASSED] - click: Object: 'Object Repository/Final Object Repo/Login Page/Internal User/Login Button' is clicked on

2018-12-11 11:49:44 - [MESSAGE][PASSED] - Object: 'Object Repository/Final Object Repo/Login Page/Internal User/Login Button' is clicked on

2018-12-11 11:49:44 - [TEST_STEP][PASSED] - delay: Delayed 1 second(s)

2018-12-11 11:49:45 - [MESSAGE][PASSED] - Delayed 1 second(s)

2018-12-11 11:49:45 - [TEST_STEP][PASSED] - Statement - Try: Delayed 2 second(s)

2018-12-11 11:49:45 - [TEST_STEP][PASSED] - Statement - Checker = false: null

2018-12-11 11:49:45 - [TEST_STEP][PASSED] - Statement - Checker = com.kms.katalon.core.webui.keyword.WebUiBuiltInKeywords.verifyElementHasAttribute(com.kms.katalon.core.testobject.ObjectRepository.findTestObject(Final Object Repo/Landing Page/BM Detecting), "href", 20, OPTIONAL): Object 'Object Repository/Final Object Repo/Landing Page/BM Detecting' has attribute 'href'

2018-12-11 11:49:46 - [MESSAGE][PASSED] - Object 'Object Repository/Final Object Repo/Landing Page/BM Detecting' has attribute 'href'

2018-12-11 11:49:46 - [TEST_STEP][PASSED] - Statement - out.println(Checker): null

2018-12-11 11:49:46 - [TEST_STEP][PASSED] - Statement - If (Checker == false): null

2018-12-11 11:49:46 - [TEST_STEP][PASSED] - Statement - Else: null

2018-12-11 11:49:46 - [TEST_STEP][PASSED] - delay: Delayed 2 second(s)

2018-12-11 11:49:48 - [MESSAGE][PASSED] - Delayed 2 second(s)

2018-12-11 11:49:48 - [TEST_STEP][PASSED] - navigateToUrl: Navigate to 'https://assist2-uat.perkeso.gov.my/web/registration/update/form-1a-cessation-as-employer-discontinue-business-' successfully

2018-12-11 11:49:49 - [MESSAGE][PASSED] - Navigate to 'https://assist2-uat.perkeso.gov.my/web/registration/update/form-1a-cessation-as-employer-discontinue-business-' successfully

2018-12-11 11:49:49 - [TEST_STEP][PASSED] - setText: Text 'E1102069770Z' is set on object 'Object Repository/Final Object Repo/Page_Update Employer Information/Employer Code'

2018-12-11 11:49:49 - [MESSAGE][PASSED] - Text 'E1102069770Z' is set on object 'Object Repository/Final Object Repo/Page_Update Employer Information/Employer Code'

2018-12-11 11:49:49 - [TEST_STEP][PASSED] - click: Object: 'Object Repository/Final Object Repo/Page_Update Employer Information/Search Button' is clicked on

2018-12-11 11:49:49 - [MESSAGE][PASSED] - Object: 'Object Repository/Final Object Repo/Page_Update Employer Information/Search Button' is clicked on

2018-12-11 11:49:49 - [TEST_STEP][PASSED] - click: Object: 'Object Repository/Final Object Repo/Page_Update Employer Information/Edit Button' is clicked on

2018-12-11 11:49:52 - [MESSAGE][PASSED] - Object: 'Object Repository/Final Object Repo/Page_Update Employer Information/Edit Button' is clicked on

2018-12-11 11:49:52 - [TEST_STEP][PASSED] - Statement - abc = com.kms.katalon.core.webui.keyword.WebUiBuiltInKeywords.getAttribute(com.kms.katalon.core.testobject.ObjectRepository.findTestObject(Final Object Repo/Page_Form 1A - Cessation As Employer/Employer Status), "value"): Attribute 'value' of object 'Object Repository/Final Object Repo/Page_Form 1A - Cessation As Employer/Employer Status' is: 'Dormant'

2018-12-11 11:49:52 - [MESSAGE][PASSED] - Attribute 'value' of object 'Object Repository/Final Object Repo/Page_Form 1A - Cessation As Employer/Employer Status' is: 'Dormant'

2018-12-11 11:49:52 - [TEST_STEP][PASSED] - Statement - out.println(abc): null

2018-12-11 11:49:52 - [TEST_STEP][PASSED] - Statement - If (abc == "Active"): null

2018-12-11 11:49:52 - [TEST_STEP][PASSED] - Statement - Else If (abc == "Cancel"): null

2018-12-11 11:49:52 - [TEST_STEP][PASSED] - Statement - Else If (abc == "Dormant"): Object: 'Object Repository/Final Object Repo/Page_Form 1A - Cessation As Employer/Change Employer Status to - Dormant' is clicked on

2018-12-11 11:49:52 - [TEST_STEP][PASSED] - click: Object: 'Object Repository/Final Object Repo/Page_Form 1A - Cessation As Employer/Change Employer Status to' is clicked on

2018-12-11 11:49:52 - [MESSAGE][PASSED] - Object: 'Object Repository/Final Object Repo/Page_Form 1A - Cessation As Employer/Change Employer Status to' is clicked on

2018-12-11 11:49:52 - [TEST_STEP][PASSED] - click: Object: 'Object Repository/Final Object Repo/Page_Form 1A - Cessation As Employer/Change Employer Status to - Dormant' is clicked on

2018-12-11 11:49:52 - [MESSAGE][PASSED] - Object: 'Object Repository/Final Object Repo/Page_Form 1A - Cessation As Employer/Change Employer Status to - Dormant' is clicked on

2018-12-11 11:49:52 - [TEST_STEP][PASSED] - click: Object: 'Object Repository/Final Object Repo/Page_Form 1A - Cessation As Employer/Calender' is clicked on

2018-12-11 11:49:53 - [MESSAGE][PASSED] - Object: 'Object Repository/Final Object Repo/Page_Form 1A - Cessation As Employer/Calender' is clicked on

2018-12-11 11:49:53 - [TEST_STEP][PASSED] - click: Object: 'Object Repository/Final Object Repo/Page_Form 1A - Cessation As Employer/Calender - Date' is clicked on

2018-12-11 11:49:53 - [MESSAGE][PASSED] - Object: 'Object Repository/Final Object Repo/Page_Form 1A - Cessation As Employer/Calender - Date' is clicked on

2018-12-11 11:49:53 - [TEST_STEP][PASSED] - delay: Delayed 2 second(s)

2018-12-11 11:49:55 - [MESSAGE][PASSED] - Delayed 2 second(s)

2018-12-11 11:49:55 - [TEST_STEP][PASSED] - click: Object: 'Object Repository/Final Object Repo/Page_Form 1A - Cessation As Employer/Save  Continue in Form 1A Page' is clicked on

2018-12-11 11:49:55 - [MESSAGE][PASSED] - Object: 'Object Repository/Final Object Repo/Page_Form 1A - Cessation As Employer/Save  Continue in Form 1A Page' is clicked on

2018-12-11 11:49:55 - [TEST_STEP][PASSED] - delay: Delayed 2 second(s)

2018-12-11 11:49:57 - [MESSAGE][PASSED] - Delayed 2 second(s)

2018-12-11 11:49:57 - [TEST_STEP][PASSED] - click: Object: 'Object Repository/Final Object Repo/Page_Form 1A - Cessation As Employer/Employment Resign Date' is clicked on

2018-12-11 11:49:57 - [MESSAGE][PASSED] - Object: 'Object Repository/Final Object Repo/Page_Form 1A - Cessation As Employer/Employment Resign Date' is clicked on

2018-12-11 11:49:57 - [TEST_STEP][PASSED] - delay: Delayed 1 second(s)

2018-12-11 11:49:58 - [MESSAGE][PASSED] - Delayed 1 second(s)

2018-12-11 11:49:58 - [TEST_STEP][PASSED] - Statement - CaseReferenceNo = com.kms.katalon.core.webui.keyword.WebUiBuiltInKeywords.getText(com.kms.katalon.core.testobject.ObjectRepository.findTestObject(Final Object Repo/Page_Update Employer Information/Reference Number in Update Employee Information Page)): Text of object 'Object Repository/Final Object Repo/Page_Update Employer Information/Reference Number in Update Employee Information Page' is: 'CUN122018C200001714'

2018-12-11 11:49:58 - [MESSAGE][PASSED] - Text of object 'Object Repository/Final Object Repo/Page_Update Employer Information/Reference Number in Update Employee Information Page' is: 'CUN122018C200001714'

2018-12-11 11:49:58 - [TEST_STEP][PASSED] - callTestCase: Call Test Case 'Test Cases/Final Aug 2018 - PKS Automation/Common/Reference Number Setter' successfully

2018-12-11 11:49:58 - [TEST_CASE][PASSED] - Test Cases/Final Aug 2018 - PKS Automation/Common/Reference Number Setter: Test Cases/Final Aug 2018 - PKS Automation/Common/Reference Number Setter

2018-12-11 11:49:58 - [TEST_STEP][PASSED] - Statement - RefNoOldFile = new java.io.File(C://Users//Admin//Desktop//PKS//Automation Reference Point//KatalonReference.txt): null

2018-12-11 11:49:58 - [TEST_STEP][PASSED] - Statement - RefNoOldFile.delete(): null

2018-12-11 11:49:58 - [TEST_STEP][PASSED] - delay: Delayed 5 second(s)

2018-12-11 11:50:03 - [MESSAGE][PASSED] - Delayed 5 second(s)

2018-12-11 11:50:03 - [TEST_STEP][PASSED] - Statement - RefNo = new java.io.File(C://Users//Admin//Desktop//PKS//Automation Reference Point//KatalonReference.txt): null

2018-12-11 11:50:03 - [TEST_STEP][PASSED] - Statement - f2 = new java.io.FileWriter(RefNo, false): null

2018-12-11 11:50:03 - [TEST_STEP][PASSED] - Statement - f2.write(CaseReferenceNo): null

2018-12-11 11:50:03 - [TEST_STEP][PASSED] - Statement - f2.close(): null

2018-12-11 11:50:03 - [TEST_STEP][PASSED] - Statement - out.println("


" + CaseReferenceNo + "


"): null

2018-12-11 11:50:03 - [MESSAGE][PASSED] - Call Test Case 'Test Cases/Final Aug 2018 - PKS Automation/Common/Reference Number Setter' successfully

2018-12-11 11:50:03 - [TEST_STEP][PASSED] - selectOptionByValue: All options with value '2030' are selected in object 'Object Repository/Final Object Repo/Page_Form 1A - Cessation As Employer/Employment Resign Date - Year' 

2018-12-11 11:50:04 - [MESSAGE][PASSED] - All options with value '2030' are selected in object 'Object Repository/Final Object Repo/Page_Form 1A - Cessation As Employer/Employment Resign Date - Year' 

2018-12-11 11:50:04 - [TEST_STEP][PASSED] - delay: Delayed 1 second(s)

2018-12-11 11:50:05 - [MESSAGE][PASSED] - Delayed 1 second(s)

2018-12-11 11:50:05 - [TEST_STEP][PASSED] - click: Object: 'Object Repository/Final Object Repo/Page_Form 1A - Cessation As Employer/Employment Resign Date - Year - Date' is clicked on

2018-12-11 11:50:05 - [MESSAGE][PASSED] - Object: 'Object Repository/Final Object Repo/Page_Form 1A - Cessation As Employer/Employment Resign Date - Year - Date' is clicked on

2018-12-11 11:50:05 - [TEST_STEP][PASSED] - delay: Delayed 2 second(s)

2018-12-11 11:50:07 - [MESSAGE][PASSED] - Delayed 2 second(s)

2018-12-11 11:50:07 - [TEST_STEP][PASSED] - click: Object: 'Object Repository/Final Object Repo/Page_Form 1A - Cessation As Employer/Save  Continue in Update Add Employee Resigned Date Page' is clicked on

2018-12-11 11:50:07 - [MESSAGE][PASSED] - Object: 'Object Repository/Final Object Repo/Page_Form 1A - Cessation As Employer/Save  Continue in Update Add Employee Resigned Date Page' is clicked on

2018-12-11 11:50:07 - [TEST_STEP][PASSED] - delay: Delayed 2 second(s)

2018-12-11 11:50:09 - [MESSAGE][PASSED] - Delayed 2 second(s)

2018-12-11 11:50:09 - [TEST_STEP][PASSED] - click: Object: 'Object Repository/Final Object Repo/Page_Form 1A - Cessation As Employer/Set Latest - Yes' is clicked on

2018-12-11 11:50:09 - [MESSAGE][PASSED] - Object: 'Object Repository/Final Object Repo/Page_Form 1A - Cessation As Employer/Set Latest - Yes' is clicked on

2018-12-11 11:50:09 - [TEST_STEP][PASSED] - delay: Delayed 2 second(s)

2018-12-11 11:50:11 - [MESSAGE][PASSED] - Delayed 2 second(s)

2018-12-11 11:50:11 - [TEST_STEP][PASSED] - click: Object: 'Object Repository/Final Object Repo/Page_Form 1A - Cessation As Employer/Add Document' is clicked on

2018-12-11 11:50:12 - [MESSAGE][PASSED] - Object: 'Object Repository/Final Object Repo/Page_Form 1A - Cessation As Employer/Add Document' is clicked on

2018-12-11 11:50:12 - [TEST_STEP][PASSED] - delay: Delayed 2 second(s)

2018-12-11 11:50:14 - [MESSAGE][PASSED] - Delayed 2 second(s)

2018-12-11 11:50:14 - [TEST_STEP][PASSED] - click: Object: 'Object Repository/Final Object Repo/Page_Form 1A - Cessation As Employer/Document Type' is clicked on

2018-12-11 11:50:15 - [MESSAGE][PASSED] - Object: 'Object Repository/Final Object Repo/Page_Form 1A - Cessation As Employer/Document Type' is clicked on

2018-12-11 11:50:15 - [TEST_STEP][PASSED] - delay: Delayed 2 second(s)

2018-12-11 11:50:17 - [MESSAGE][PASSED] - Delayed 2 second(s)

2018-12-11 11:50:17 - [TEST_STEP][PASSED] - click: Object: 'Object Repository/Final Object Repo/Page_Form 1A - Cessation As Employer/Document Type - Supporting Document For Cessation' is clicked on

2018-12-11 11:50:18 - [MESSAGE][PASSED] - Object: 'Object Repository/Final Object Repo/Page_Form 1A - Cessation As Employer/Document Type - Supporting Document For Cessation' is clicked on

2018-12-11 11:50:18 - [TEST_STEP][PASSED] - delay: Delayed 2 second(s)

2018-12-11 11:50:20 - [MESSAGE][PASSED] - Delayed 2 second(s)

2018-12-11 11:50:20 - [TEST_STEP][PASSED] - sendKeys: Keys 'C:\Users\Public\Pictures\Sample Pictures\Koala.jpg' sent to object: 'Object Repository/Final Object Repo/Page_Form 1A - Cessation As Employer/Uploading File'

2018-12-11 11:50:20 - [MESSAGE][PASSED] - Keys 'C:\Users\Public\Pictures\Sample Pictures\Koala.jpg' sent to object: 'Object Repository/Final Object Repo/Page_Form 1A - Cessation As Employer/Uploading File'

2018-12-11 11:50:20 - [TEST_STEP][PASSED] - delay: Delayed 2 second(s)

2018-12-11 11:50:22 - [MESSAGE][PASSED] - Delayed 2 second(s)

2018-12-11 11:50:22 - [TEST_STEP][PASSED] - click: Object: 'Object Repository/Final Object Repo/Page_Form 1A - Cessation As Employer/Add Document in Uploading Page' is clicked on

2018-12-11 11:50:22 - [MESSAGE][PASSED] - Object: 'Object Repository/Final Object Repo/Page_Form 1A - Cessation As Employer/Add Document in Uploading Page' is clicked on

2018-12-11 11:50:22 - [TEST_STEP][PASSED] - delay: Delayed 20 second(s)

2018-12-11 11:50:42 - [MESSAGE][PASSED] - Delayed 20 second(s)

2018-12-11 11:50:42 - [TEST_STEP][PASSED] - click: Object: 'Object Repository/Final Object Repo/Page_Form 1A - Cessation As Employer/Save  Continue in Uploading Page' is clicked on

2018-12-11 11:50:42 - [MESSAGE][PASSED] - Object: 'Object Repository/Final Object Repo/Page_Form 1A - Cessation As Employer/Save  Continue in Uploading Page' is clicked on

2018-12-11 11:50:42 - [TEST_STEP][PASSED] - delay: Delayed 2 second(s)

2018-12-11 11:50:44 - [MESSAGE][PASSED] - Delayed 2 second(s)

2018-12-11 11:50:44 - [TEST_STEP][PASSED] - click: Object: 'Object Repository/Final Object Repo/Page_Form 1A - Cessation As Employer/Submit2' is clicked on

2018-12-11 11:50:48 - [MESSAGE][PASSED] - Object: 'Object Repository/Final Object Repo/Page_Form 1A - Cessation As Employer/Submit2' is clicked on

2018-12-11 11:50:48 - [TEST_STEP][PASSED] - delay: Delayed 2 second(s)

2018-12-11 11:50:50 - [MESSAGE][PASSED] - Delayed 2 second(s)

2018-12-11 11:50:50 - [TEST_STEP][PASSED] - click: Object: 'Object Repository/Final Object Repo/Page_Form 1A - Cessation As Employer/Confirm' is clicked on

2018-12-11 11:50:51 - [MESSAGE][PASSED] - Object: 'Object Repository/Final Object Repo/Page_Form 1A - Cessation As Employer/Confirm' is clicked on

2018-12-11 11:50:51 - [TEST_STEP][PASSED] - delay: Delayed 2 second(s)

2018-12-11 11:50:53 - [MESSAGE][PASSED] - Delayed 2 second(s)

2018-12-11 11:50:53 - [TEST_STEP][PASSED] - verifyElementVisible: Object 'Object Repository/Final Object Repo/Page_Form 1A - Cessation As Employer/Message Your Request will be routed to UO' is visible

2018-12-11 11:50:56 - [MESSAGE][PASSED] - Object 'Object Repository/Final Object Repo/Page_Form 1A - Cessation As Employer/Message Your Request will be routed to UO' is visible

2018-12-11 11:50:56 - [TEST_STEP][PASSED] - delay: Delayed 1 second(s)

2018-12-11 11:50:57 - [MESSAGE][PASSED] - Delayed 1 second(s)

2018-12-11 11:50:57 - [TEST_STEP][PASSED] - verifyElementVisible: Object 'Object Repository/Final Object Repo/Page_Form 1A - Cessation As Employer/Letter of acknowledgement' is visible

2018-12-11 11:50:57 - [MESSAGE][PASSED] - Object 'Object Repository/Final Object Repo/Page_Form 1A - Cessation As Employer/Letter of acknowledgement' is visible

2018-12-11 11:50:57 - [MESSAGE][PASSED] - Call Test Case 'Test Cases/Final Aug 2018 - PKS Automation/Registration Module/Workflow/Form 1A - Cessation As Employer/Template/Form 1 A - Cessation As Employer (OTC)' successfully

2018-12-11 11:50:57 - [TEST_STEP][PASSED] - callTestCase: Call Test Case 'Test Cases/Final Aug 2018 - PKS Automation/Registration Module/Workflow/Form 1A - Cessation As Employer/Template/Form 1 A - Cessation As Employer (Reject)' successfully

2018-12-11 11:50:57 - [TEST_CASE][PASSED] - Test Cases/Final Aug 2018 - PKS Automation/Registration Module/Workflow/Form 1A - Cessation As Employer/Template/Form 1 A - Cessation As Employer (Reject): Test Cases/Final Aug 2018 - PKS Automation/Registration Module/Workflow/Form 1A - Cessation As Employer/Template/Form 1 A - Cessation As Employer (Reject)

2018-12-11 11:50:57 - [TEST_STEP][PASSED] - callTestCase: Call Test Case 'Test Cases/Final Aug 2018 - PKS Automation/Registration Module/Workflow/Form 1A - Cessation As Employer/Template/Form 1 A - Cessation As Employer (OTC)' successfully

2018-12-11 11:50:57 - [TEST_CASE][PASSED] - Test Cases/Final Aug 2018 - PKS Automation/Registration Module/Workflow/Form 1A - Cessation As Employer/Template/Form 1 A - Cessation As Employer (OTC): Test Cases/Final Aug 2018 - PKS Automation/Registration Module/Workflow/Form 1A - Cessation As Employer/Template/Form 1 A - Cessation As Employer (OTC)

2018-12-11 11:50:57 - [TEST_STEP][PASSED] - openBrowser: Browser is opened with url: ''

2018-12-11 11:50:57 - [MESSAGE][WARNING] - A browser is already opened. Closing browser and opening a new one

2018-12-11 11:51:00 - [MESSAGE][PASSED] - Browser is opened with url: ''

2018-12-11 11:51:00 - [TEST_STEP][PASSED] - navigateToUrl: Navigate to 'https://assist2-uat.perkeso.gov.my/login' successfully

2018-12-11 11:51:02 - [MESSAGE][PASSED] - Navigate to 'https://assist2-uat.perkeso.gov.my/login' successfully

2018-12-11 11:51:02 - [TEST_STEP][PASSED] - setText: Text 'johorotc1@gmail.com' is set on object 'Object Repository/Final Object Repo/Login Page/Internal User/Email Address'

2018-12-11 11:51:02 - [MESSAGE][PASSED] - Text 'johorotc1@gmail.com' is set on object 'Object Repository/Final Object Repo/Login Page/Internal User/Email Address'

2018-12-11 11:51:02 - [TEST_STEP][PASSED] - click: Object: 'Object Repository/Final Object Repo/Login Page/Internal User/Next Button' is clicked on

2018-12-11 11:51:02 - [MESSAGE][PASSED] - Object: 'Object Repository/Final Object Repo/Login Page/Internal User/Next Button' is clicked on

2018-12-11 11:51:02 - [TEST_STEP][PASSED] - delay: Delayed 1 second(s)

2018-12-11 11:51:03 - [MESSAGE][PASSED] - Delayed 1 second(s)

2018-12-11 11:51:03 - [TEST_STEP][PASSED] - setEncryptedText: Text ****** has been set on object 'Object Repository/Final Object Repo/Login Page/Internal User/Password'

2018-12-11 11:51:03 - [MESSAGE][PASSED] - Text ****** has been set on object 'Object Repository/Final Object Repo/Login Page/Internal User/Password'

2018-12-11 11:51:03 - [TEST_STEP][PASSED] - click: Object: 'Object Repository/Final Object Repo/Login Page/Internal User/Login Button' is clicked on

2018-12-11 11:51:04 - [MESSAGE][PASSED] - Object: 'Object Repository/Final Object Repo/Login Page/Internal User/Login Button' is clicked on

2018-12-11 11:51:04 - [TEST_STEP][PASSED] - delay: Delayed 1 second(s)

2018-12-11 11:51:05 - [MESSAGE][PASSED] - Delayed 1 second(s)

2018-12-11 11:51:05 - [TEST_STEP][PASSED] - Statement - Try: Delayed 2 second(s)

2018-12-11 11:51:05 - [TEST_STEP][PASSED] - Statement - Checker = false: null

2018-12-11 11:51:05 - [TEST_STEP][PASSED] - Statement - Checker = com.kms.katalon.core.webui.keyword.WebUiBuiltInKeywords.verifyElementHasAttribute(com.kms.katalon.core.testobject.ObjectRepository.findTestObject(Final Object Repo/Landing Page/BM Detecting), "href", 20, OPTIONAL): Object 'Object Repository/Final Object Repo/Landing Page/BM Detecting' has attribute 'href'

2018-12-11 11:51:06 - [MESSAGE][PASSED] - Object 'Object Repository/Final Object Repo/Landing Page/BM Detecting' has attribute 'href'

2018-12-11 11:51:06 - [TEST_STEP][PASSED] - Statement - out.println(Checker): null

2018-12-11 11:51:06 - [TEST_STEP][PASSED] - Statement - If (Checker == false): null

2018-12-11 11:51:06 - [TEST_STEP][PASSED] - Statement - Else: null

2018-12-11 11:51:06 - [TEST_STEP][PASSED] - delay: Delayed 2 second(s)

2018-12-11 11:51:08 - [MESSAGE][PASSED] - Delayed 2 second(s)

2018-12-11 11:51:08 - [TEST_STEP][PASSED] - navigateToUrl: Navigate to 'https://assist2-uat.perkeso.gov.my/web/registration/update/form-1a-cessation-as-employer-discontinue-business-' successfully

2018-12-11 11:51:09 - [MESSAGE][PASSED] - Navigate to 'https://assist2-uat.perkeso.gov.my/web/registration/update/form-1a-cessation-as-employer-discontinue-business-' successfully

2018-12-11 11:51:09 - [TEST_STEP][PASSED] - setText: Text 'E1102069770Z' is set on object 'Object Repository/Final Object Repo/Page_Update Employer Information/Employer Code'

2018-12-11 11:51:10 - [MESSAGE][PASSED] - Text 'E1102069770Z' is set on object 'Object Repository/Final Object Repo/Page_Update Employer Information/Employer Code'

2018-12-11 11:51:10 - [TEST_STEP][PASSED] - click: Object: 'Object Repository/Final Object Repo/Page_Update Employer Information/Search Button' is clicked on

2018-12-11 11:51:10 - [MESSAGE][PASSED] - Object: 'Object Repository/Final Object Repo/Page_Update Employer Information/Search Button' is clicked on

2018-12-11 11:51:10 - [TEST_STEP][PASSED] - click: Object: 'Object Repository/Final Object Repo/Page_Update Employer Information/Edit Button' is clicked on

2018-12-11 11:51:14 - [MESSAGE][PASSED] - Object: 'Object Repository/Final Object Repo/Page_Update Employer Information/Edit Button' is clicked on

2018-12-11 11:51:14 - [TEST_STEP][PASSED] - Statement - abc = com.kms.katalon.core.webui.keyword.WebUiBuiltInKeywords.getAttribute(com.kms.katalon.core.testobject.ObjectRepository.findTestObject(Final Object Repo/Page_Form 1A - Cessation As Employer/Employer Status), "value"): Attribute 'value' of object 'Object Repository/Final Object Repo/Page_Form 1A - Cessation As Employer/Employer Status' is: 'Dormant'

2018-12-11 11:51:14 - [MESSAGE][PASSED] - Attribute 'value' of object 'Object Repository/Final Object Repo/Page_Form 1A - Cessation As Employer/Employer Status' is: 'Dormant'

2018-12-11 11:51:14 - [TEST_STEP][PASSED] - Statement - out.println(abc): null

2018-12-11 11:51:14 - [TEST_STEP][PASSED] - Statement - If (abc == "Active"): null

2018-12-11 11:51:14 - [TEST_STEP][PASSED] - Statement - Else If (abc == "Cancel"): null

2018-12-11 11:51:14 - [TEST_STEP][PASSED] - Statement - Else If (abc == "Dormant"): Object: 'Object Repository/Final Object Repo/Page_Form 1A - Cessation As Employer/Change Employer Status to - Dormant' is clicked on

2018-12-11 11:51:14 - [TEST_STEP][PASSED] - click: Object: 'Object Repository/Final Object Repo/Page_Form 1A - Cessation As Employer/Change Employer Status to' is clicked on

2018-12-11 11:51:15 - [MESSAGE][PASSED] - Object: 'Object Repository/Final Object Repo/Page_Form 1A - Cessation As Employer/Change Employer Status to' is clicked on

2018-12-11 11:51:15 - [TEST_STEP][PASSED] - click: Object: 'Object Repository/Final Object Repo/Page_Form 1A - Cessation As Employer/Change Employer Status to - Dormant' is clicked on

2018-12-11 11:51:15 - [MESSAGE][PASSED] - Object: 'Object Repository/Final Object Repo/Page_Form 1A - Cessation As Employer/Change Employer Status to - Dormant' is clicked on

2018-12-11 11:51:15 - [TEST_STEP][PASSED] - click: Object: 'Object Repository/Final Object Repo/Page_Form 1A - Cessation As Employer/Calender' is clicked on

2018-12-11 11:51:15 - [MESSAGE][PASSED] - Object: 'Object Repository/Final Object Repo/Page_Form 1A - Cessation As Employer/Calender' is clicked on

2018-12-11 11:51:15 - [TEST_STEP][PASSED] - click: Object: 'Object Repository/Final Object Repo/Page_Form 1A - Cessation As Employer/Calender - Date' is clicked on

2018-12-11 11:51:15 - [MESSAGE][PASSED] - Object: 'Object Repository/Final Object Repo/Page_Form 1A - Cessation As Employer/Calender - Date' is clicked on

2018-12-11 11:51:15 - [TEST_STEP][PASSED] - delay: Delayed 2 second(s)

2018-12-11 11:51:17 - [MESSAGE][PASSED] - Delayed 2 second(s)

2018-12-11 11:51:17 - [TEST_STEP][PASSED] - click: Object: 'Object Repository/Final Object Repo/Page_Form 1A - Cessation As Employer/Save  Continue in Form 1A Page' is clicked on

2018-12-11 11:51:17 - [MESSAGE][PASSED] - Object: 'Object Repository/Final Object Repo/Page_Form 1A - Cessation As Employer/Save  Continue in Form 1A Page' is clicked on

2018-12-11 11:51:17 - [TEST_STEP][PASSED] - delay: Delayed 2 second(s)

2018-12-11 11:51:19 - [MESSAGE][PASSED] - Delayed 2 second(s)

2018-12-11 11:51:19 - [TEST_STEP][PASSED] - click: Object: 'Object Repository/Final Object Repo/Page_Form 1A - Cessation As Employer/Employment Resign Date' is clicked on

2018-12-11 11:51:20 - [MESSAGE][PASSED] - Object: 'Object Repository/Final Object Repo/Page_Form 1A - Cessation As Employer/Employment Resign Date' is clicked on

2018-12-11 11:51:20 - [TEST_STEP][PASSED] - delay: Delayed 1 second(s)

2018-12-11 11:51:21 - [MESSAGE][PASSED] - Delayed 1 second(s)

2018-12-11 11:51:21 - [TEST_STEP][PASSED] - Statement - CaseReferenceNo = com.kms.katalon.core.webui.keyword.WebUiBuiltInKeywords.getText(com.kms.katalon.core.testobject.ObjectRepository.findTestObject(Final Object Repo/Page_Update Employer Information/Reference Number in Update Employee Information Page)): Text of object 'Object Repository/Final Object Repo/Page_Update Employer Information/Reference Number in Update Employee Information Page' is: 'CUN122018C200001715'

2018-12-11 11:51:21 - [MESSAGE][PASSED] - Text of object 'Object Repository/Final Object Repo/Page_Update Employer Information/Reference Number in Update Employee Information Page' is: 'CUN122018C200001715'

2018-12-11 11:51:21 - [TEST_STEP][PASSED] - callTestCase: Call Test Case 'Test Cases/Final Aug 2018 - PKS Automation/Common/Reference Number Setter' successfully

2018-12-11 11:51:21 - [TEST_CASE][PASSED] - Test Cases/Final Aug 2018 - PKS Automation/Common/Reference Number Setter: Test Cases/Final Aug 2018 - PKS Automation/Common/Reference Number Setter

2018-12-11 11:51:21 - [TEST_STEP][PASSED] - Statement - RefNoOldFile = new java.io.File(C://Users//Admin//Desktop//PKS//Automation Reference Point//KatalonReference.txt): null

2018-12-11 11:51:21 - [TEST_STEP][PASSED] - Statement - RefNoOldFile.delete(): null

2018-12-11 11:51:21 - [TEST_STEP][PASSED] - delay: Delayed 5 second(s)

2018-12-11 11:51:26 - [MESSAGE][PASSED] - Delayed 5 second(s)

2018-12-11 11:51:26 - [TEST_STEP][PASSED] - Statement - RefNo = new java.io.File(C://Users//Admin//Desktop//PKS//Automation Reference Point//KatalonReference.txt): null

2018-12-11 11:51:26 - [TEST_STEP][PASSED] - Statement - f2 = new java.io.FileWriter(RefNo, false): null

2018-12-11 11:51:26 - [TEST_STEP][PASSED] - Statement - f2.write(CaseReferenceNo): null

2018-12-11 11:51:26 - [TEST_STEP][PASSED] - Statement - f2.close(): null

2018-12-11 11:51:26 - [TEST_STEP][PASSED] - Statement - out.println("


" + CaseReferenceNo + "


"): null

2018-12-11 11:51:26 - [MESSAGE][PASSED] - Call Test Case 'Test Cases/Final Aug 2018 - PKS Automation/Common/Reference Number Setter' successfully

2018-12-11 11:51:26 - [TEST_STEP][PASSED] - selectOptionByValue: All options with value '2030' are selected in object 'Object Repository/Final Object Repo/Page_Form 1A - Cessation As Employer/Employment Resign Date - Year' 

2018-12-11 11:51:26 - [MESSAGE][PASSED] - All options with value '2030' are selected in object 'Object Repository/Final Object Repo/Page_Form 1A - Cessation As Employer/Employment Resign Date - Year' 

2018-12-11 11:51:26 - [TEST_STEP][PASSED] - delay: Delayed 1 second(s)

2018-12-11 11:51:27 - [MESSAGE][PASSED] - Delayed 1 second(s)

2018-12-11 11:51:27 - [TEST_STEP][PASSED] - click: Object: 'Object Repository/Final Object Repo/Page_Form 1A - Cessation As Employer/Employment Resign Date - Year - Date' is clicked on

2018-12-11 11:51:27 - [MESSAGE][PASSED] - Object: 'Object Repository/Final Object Repo/Page_Form 1A - Cessation As Employer/Employment Resign Date - Year - Date' is clicked on

2018-12-11 11:51:27 - [TEST_STEP][PASSED] - delay: Delayed 2 second(s)

2018-12-11 11:51:29 - [MESSAGE][PASSED] - Delayed 2 second(s)

2018-12-11 11:51:29 - [TEST_STEP][PASSED] - click: Object: 'Object Repository/Final Object Repo/Page_Form 1A - Cessation As Employer/Save  Continue in Update Add Employee Resigned Date Page' is clicked on

2018-12-11 11:51:29 - [MESSAGE][PASSED] - Object: 'Object Repository/Final Object Repo/Page_Form 1A - Cessation As Employer/Save  Continue in Update Add Employee Resigned Date Page' is clicked on

2018-12-11 11:51:29 - [TEST_STEP][PASSED] - delay: Delayed 2 second(s)

2018-12-11 11:51:31 - [MESSAGE][PASSED] - Delayed 2 second(s)

2018-12-11 11:51:31 - [TEST_STEP][PASSED] - click: Object: 'Object Repository/Final Object Repo/Page_Form 1A - Cessation As Employer/Set Latest - Yes' is clicked on

2018-12-11 11:51:32 - [MESSAGE][PASSED] - Object: 'Object Repository/Final Object Repo/Page_Form 1A - Cessation As Employer/Set Latest - Yes' is clicked on

2018-12-11 11:51:32 - [TEST_STEP][PASSED] - delay: Delayed 2 second(s)

2018-12-11 11:51:34 - [MESSAGE][PASSED] - Delayed 2 second(s)

2018-12-11 11:51:34 - [TEST_STEP][PASSED] - click: Object: 'Object Repository/Final Object Repo/Page_Form 1A - Cessation As Employer/Add Document' is clicked on

2018-12-11 11:51:35 - [MESSAGE][PASSED] - Object: 'Object Repository/Final Object Repo/Page_Form 1A - Cessation As Employer/Add Document' is clicked on

2018-12-11 11:51:35 - [TEST_STEP][PASSED] - delay: Delayed 2 second(s)

2018-12-11 11:51:37 - [MESSAGE][PASSED] - Delayed 2 second(s)

2018-12-11 11:51:37 - [TEST_STEP][PASSED] - click: Object: 'Object Repository/Final Object Repo/Page_Form 1A - Cessation As Employer/Document Type' is clicked on

2018-12-11 11:51:38 - [MESSAGE][PASSED] - Object: 'Object Repository/Final Object Repo/Page_Form 1A - Cessation As Employer/Document Type' is clicked on

2018-12-11 11:51:38 - [TEST_STEP][PASSED] - delay: Delayed 2 second(s)

2018-12-11 11:51:40 - [MESSAGE][PASSED] - Delayed 2 second(s)

2018-12-11 11:51:40 - [TEST_STEP][PASSED] - click: Object: 'Object Repository/Final Object Repo/Page_Form 1A - Cessation As Employer/Document Type - Supporting Document For Cessation' is clicked on

2018-12-11 11:51:40 - [MESSAGE][PASSED] - Object: 'Object Repository/Final Object Repo/Page_Form 1A - Cessation As Employer/Document Type - Supporting Document For Cessation' is clicked on

2018-12-11 11:51:40 - [TEST_STEP][PASSED] - delay: Delayed 2 second(s)

2018-12-11 11:51:42 - [MESSAGE][PASSED] - Delayed 2 second(s)

2018-12-11 11:51:42 - [TEST_STEP][PASSED] - sendKeys: Keys 'C:\Users\Public\Pictures\Sample Pictures\Koala.jpg' sent to object: 'Object Repository/Final Object Repo/Page_Form 1A - Cessation As Employer/Uploading File'

2018-12-11 11:51:42 - [MESSAGE][PASSED] - Keys 'C:\Users\Public\Pictures\Sample Pictures\Koala.jpg' sent to object: 'Object Repository/Final Object Repo/Page_Form 1A - Cessation As Employer/Uploading File'

2018-12-11 11:51:42 - [TEST_STEP][PASSED] - delay: Delayed 2 second(s)

2018-12-11 11:51:44 - [MESSAGE][PASSED] - Delayed 2 second(s)

2018-12-11 11:51:44 - [TEST_STEP][PASSED] - click: Object: 'Object Repository/Final Object Repo/Page_Form 1A - Cessation As Employer/Add Document in Uploading Page' is clicked on

2018-12-11 11:51:44 - [MESSAGE][PASSED] - Object: 'Object Repository/Final Object Repo/Page_Form 1A - Cessation As Employer/Add Document in Uploading Page' is clicked on

2018-12-11 11:51:44 - [TEST_STEP][PASSED] - delay: Delayed 20 second(s)

2018-12-11 11:52:04 - [MESSAGE][PASSED] - Delayed 20 second(s)

2018-12-11 11:52:04 - [TEST_STEP][PASSED] - click: Object: 'Object Repository/Final Object Repo/Page_Form 1A - Cessation As Employer/Save  Continue in Uploading Page' is clicked on

2018-12-11 11:52:04 - [MESSAGE][PASSED] - Object: 'Object Repository/Final Object Repo/Page_Form 1A - Cessation As Employer/Save  Continue in Uploading Page' is clicked on

2018-12-11 11:52:04 - [TEST_STEP][PASSED] - delay: Delayed 2 second(s)

2018-12-11 11:52:06 - [MESSAGE][PASSED] - Delayed 2 second(s)

2018-12-11 11:52:06 - [TEST_STEP][PASSED] - click: Object: 'Object Repository/Final Object Repo/Page_Form 1A - Cessation As Employer/Submit2' is clicked on

2018-12-11 11:52:09 - [MESSAGE][PASSED] - Object: 'Object Repository/Final Object Repo/Page_Form 1A - Cessation As Employer/Submit2' is clicked on

2018-12-11 11:52:09 - [TEST_STEP][PASSED] - delay: Delayed 2 second(s)

2018-12-11 11:52:11 - [MESSAGE][PASSED] - Delayed 2 second(s)

2018-12-11 11:52:11 - [TEST_STEP][PASSED] - click: Object: 'Object Repository/Final Object Repo/Page_Form 1A - Cessation As Employer/Confirm' is clicked on

2018-12-11 11:52:12 - [MESSAGE][PASSED] - Object: 'Object Repository/Final Object Repo/Page_Form 1A - Cessation As Employer/Confirm' is clicked on

2018-12-11 11:52:12 - [TEST_STEP][PASSED] - delay: Delayed 2 second(s)

2018-12-11 11:52:14 - [MESSAGE][PASSED] - Delayed 2 second(s)

2018-12-11 11:52:14 - [TEST_STEP][PASSED] - verifyElementVisible: Object 'Object Repository/Final Object Repo/Page_Form 1A - Cessation As Employer/Message Your Request will be routed to UO' is visible

2018-12-11 11:52:17 - [MESSAGE][PASSED] - Object 'Object Repository/Final Object Repo/Page_Form 1A - Cessation As Employer/Message Your Request will be routed to UO' is visible

2018-12-11 11:52:17 - [TEST_STEP][PASSED] - delay: Delayed 1 second(s)

2018-12-11 11:52:18 - [MESSAGE][PASSED] - Delayed 1 second(s)

2018-12-11 11:52:18 - [TEST_STEP][PASSED] - verifyElementVisible: Object 'Object Repository/Final Object Repo/Page_Form 1A - Cessation As Employer/Letter of acknowledgement' is visible

2018-12-11 11:52:18 - [MESSAGE][PASSED] - Object 'Object Repository/Final Object Repo/Page_Form 1A - Cessation As Employer/Letter of acknowledgement' is visible

2018-12-11 11:52:18 - [MESSAGE][PASSED] - Call Test Case 'Test Cases/Final Aug 2018 - PKS Automation/Registration Module/Workflow/Form 1A - Cessation As Employer/Template/Form 1 A - Cessation As Employer (OTC)' successfully

2018-12-11 11:52:18 - [TEST_STEP][PASSED] - delay: Delayed 1 second(s)

2018-12-11 11:52:19 - [MESSAGE][PASSED] - Delayed 1 second(s)

2018-12-11 11:52:19 - [TEST_STEP][PASSED] - navigateToUrl: Navigate to 'https://assist2-uat.perkeso.gov.my/c/portal/logout' successfully

2018-12-11 11:52:20 - [MESSAGE][PASSED] - Navigate to 'https://assist2-uat.perkeso.gov.my/c/portal/logout' successfully

2018-12-11 11:52:20 - [TEST_STEP][PASSED] - delay: Delayed 1 second(s)

2018-12-11 11:52:21 - [MESSAGE][PASSED] - Delayed 1 second(s)

2018-12-11 11:52:21 - [TEST_STEP][PASSED] - callTestCase: Call Test Case 'Test Cases/Final Aug 2018 - PKS Automation/Common/Reference Number Getter' successfully

2018-12-11 11:52:21 - [TEST_CASE][PASSED] - Test Cases/Final Aug 2018 - PKS Automation/Common/Reference Number Getter: Test Cases/Final Aug 2018 - PKS Automation/Common/Reference Number Getter

2018-12-11 11:52:21 - [TEST_STEP][PASSED] - Statement - Try: null

2018-12-11 11:52:21 - [TEST_STEP][PASSED] - Statement - RefNo = new java.io.File(C://Users//Admin//Desktop//PKS//Automation Reference Point//KatalonReference.txt): null

2018-12-11 11:52:21 - [TEST_STEP][PASSED] - Statement - bufferread = new java.io.BufferedReader(new java.io.FileReader(RefNo)): null

2018-12-11 11:52:21 - [TEST_STEP][PASSED] - Statement - readedVal = bufferread.readLine(): null

2018-12-11 11:52:21 - [TEST_STEP][PASSED] - Statement - out.println(CaseReferenceNo): null

2018-12-11 11:52:21 - [TEST_STEP][PASSED] - Statement - out.println(readedVal): null

2018-12-11 11:52:21 - [TEST_STEP][PASSED] - Statement - CaseReferenceNo = "": null

2018-12-11 11:52:21 - [TEST_STEP][PASSED] - Statement - CaseReferenceNo = readedVal: null

2018-12-11 11:52:21 - [MESSAGE][PASSED] - Call Test Case 'Test Cases/Final Aug 2018 - PKS Automation/Common/Reference Number Getter' successfully

2018-12-11 11:52:21 - [TEST_STEP][PASSED] - callTestCase: Call Test Case 'Test Cases/Final Aug 2018 - PKS Automation/Common/Workflow Owner Finder' successfully

2018-12-11 11:52:21 - [TEST_CASE][PASSED] - Test Cases/Final Aug 2018 - PKS Automation/Common/Workflow Owner Finder: Test Cases/Final Aug 2018 - PKS Automation/Common/Workflow Owner Finder

2018-12-11 11:52:21 - [TEST_STEP][PASSED] - openBrowser: Browser is opened with url: ''

2018-12-11 11:52:21 - [MESSAGE][WARNING] - A browser is already opened. Closing browser and opening a new one

2018-12-11 11:52:24 - [MESSAGE][PASSED] - Browser is opened with url: ''

2018-12-11 11:52:24 - [TEST_STEP][PASSED] - navigateToUrl: Navigate to 'https://assist2-uat.perkeso.gov.my/login' successfully

2018-12-11 11:52:25 - [MESSAGE][PASSED] - Navigate to 'https://assist2-uat.perkeso.gov.my/login' successfully

2018-12-11 11:52:25 - [TEST_STEP][PASSED] - delay: Delayed 5 second(s)

2018-12-11 11:52:30 - [MESSAGE][PASSED] - Delayed 5 second(s)

2018-12-11 11:52:30 - [TEST_STEP][PASSED] - setText: Text 'test@liferay.com' is set on object 'Object Repository/Final Object Repo/Login Page/Internal User/Email Address'

2018-12-11 11:52:31 - [MESSAGE][PASSED] - Text 'test@liferay.com' is set on object 'Object Repository/Final Object Repo/Login Page/Internal User/Email Address'

2018-12-11 11:52:31 - [TEST_STEP][PASSED] - click: Object: 'Object Repository/Final Object Repo/Login Page/Internal User/Next Button' is clicked on

2018-12-11 11:52:31 - [MESSAGE][PASSED] - Object: 'Object Repository/Final Object Repo/Login Page/Internal User/Next Button' is clicked on

2018-12-11 11:52:31 - [TEST_STEP][PASSED] - delay: Delayed 2 second(s)

2018-12-11 11:52:33 - [MESSAGE][PASSED] - Delayed 2 second(s)

2018-12-11 11:52:33 - [TEST_STEP][PASSED] - setText: Text 'test' is set on object 'Object Repository/Final Object Repo/Login Page/Internal User/Password'

2018-12-11 11:52:33 - [MESSAGE][PASSED] - Text 'test' is set on object 'Object Repository/Final Object Repo/Login Page/Internal User/Password'

2018-12-11 11:52:33 - [TEST_STEP][PASSED] - delay: Delayed 2 second(s)

2018-12-11 11:52:35 - [MESSAGE][PASSED] - Delayed 2 second(s)

2018-12-11 11:52:35 - [TEST_STEP][PASSED] - click: Object: 'Object Repository/Final Object Repo/Login Page/Internal User/Login Button' is clicked on

2018-12-11 11:52:35 - [MESSAGE][PASSED] - Object: 'Object Repository/Final Object Repo/Login Page/Internal User/Login Button' is clicked on

2018-12-11 11:52:35 - [TEST_STEP][PASSED] - Statement - tester = com.kms.katalon.core.testobject.ObjectRepository.findTestObject(Final Object Repo/Landing Page/Select to English): Finding Test Object with id 'Object Repository/Final Object Repo/Landing Page/Select to English'

2018-12-11 11:52:35 - [TEST_STEP][PASSED] - Statement - Try: Delayed 2 second(s)

2018-12-11 11:52:35 - [TEST_STEP][PASSED] - Statement - Checker = com.kms.katalon.core.webui.keyword.WebUiBuiltInKeywords.verifyElementNotPresent(tester, 3): Web element with id: 'Object Repository/Final Object Repo/Landing Page/Select to English' located by 'By.xpath: //a[@class = 'taglib-language-list-text' and @lang = 'en-US' and (contains(text(), 'EN') or contains(., 'EN'))]' is not present after '3' second(s)

2018-12-11 11:52:37 - [MESSAGE][PASSED] - Web element with id: 'Object Repository/Final Object Repo/Landing Page/Select to English' located by 'By.xpath: //a[@class = 'taglib-language-list-text' and @lang = 'en-US' and (contains(text(), 'EN') or contains(., 'EN'))]' is not present after '3' second(s)

2018-12-11 11:52:37 - [TEST_STEP][PASSED] - Statement - If (Checker == false): null

2018-12-11 11:52:37 - [TEST_STEP][PASSED] - delay: Delayed 2 second(s)

2018-12-11 11:52:39 - [MESSAGE][PASSED] - Delayed 2 second(s)

2018-12-11 11:52:39 - [TEST_STEP][PASSED] - delay: Delayed 5 second(s)

2018-12-11 11:52:44 - [MESSAGE][PASSED] - Delayed 5 second(s)

2018-12-11 11:52:44 - [TEST_STEP][PASSED] - mouseOver: Object: 'Object Repository/Final Object Repo/Landing Page/WorkFlow Menu' is hovered

2018-12-11 11:52:44 - [MESSAGE][PASSED] - Object: 'Object Repository/Final Object Repo/Landing Page/WorkFlow Menu' is hovered

2018-12-11 11:52:44 - [TEST_STEP][PASSED] - delay: Delayed 2 second(s)

2018-12-11 11:52:46 - [MESSAGE][PASSED] - Delayed 2 second(s)

2018-12-11 11:52:46 - [TEST_STEP][PASSED] - click: Object: 'Object Repository/Final Object Repo/Landing Page/Select to Workflow Listing' is clicked on

2018-12-11 11:52:47 - [MESSAGE][PASSED] - Object: 'Object Repository/Final Object Repo/Landing Page/Select to Workflow Listing' is clicked on

2018-12-11 11:52:47 - [TEST_STEP][PASSED] - delay: Delayed 2 second(s)

2018-12-11 11:52:49 - [MESSAGE][PASSED] - Delayed 2 second(s)

2018-12-11 11:52:49 - [TEST_STEP][PASSED] - click: Object: 'Object Repository/Final Object Repo/WorkFlow Listing Page/Search Information - To Put Ref No' is clicked on

2018-12-11 11:52:50 - [MESSAGE][PASSED] - Object: 'Object Repository/Final Object Repo/WorkFlow Listing Page/Search Information - To Put Ref No' is clicked on

2018-12-11 11:52:50 - [TEST_STEP][PASSED] - delay: Delayed 2 second(s)

2018-12-11 11:52:52 - [MESSAGE][PASSED] - Delayed 2 second(s)

2018-12-11 11:52:52 - [TEST_STEP][PASSED] - callTestCase: Call Test Case 'Test Cases/Final Aug 2018 - PKS Automation/Common/Reference Number Getter' successfully

2018-12-11 11:52:52 - [TEST_CASE][PASSED] - Test Cases/Final Aug 2018 - PKS Automation/Common/Reference Number Getter: Test Cases/Final Aug 2018 - PKS Automation/Common/Reference Number Getter

2018-12-11 11:52:52 - [TEST_STEP][PASSED] - Statement - Try: null

2018-12-11 11:52:52 - [TEST_STEP][PASSED] - Statement - RefNo = new java.io.File(C://Users//Admin//Desktop//PKS//Automation Reference Point//KatalonReference.txt): null

2018-12-11 11:52:52 - [TEST_STEP][PASSED] - Statement - bufferread = new java.io.BufferedReader(new java.io.FileReader(RefNo)): null

2018-12-11 11:52:52 - [TEST_STEP][PASSED] - Statement - readedVal = bufferread.readLine(): null

2018-12-11 11:52:52 - [TEST_STEP][PASSED] - Statement - out.println(CaseReferenceNo): null

2018-12-11 11:52:52 - [TEST_STEP][PASSED] - Statement - out.println(readedVal): null

2018-12-11 11:52:52 - [TEST_STEP][PASSED] - Statement - CaseReferenceNo = "": null

2018-12-11 11:52:52 - [TEST_STEP][PASSED] - Statement - CaseReferenceNo = readedVal: null

2018-12-11 11:52:52 - [MESSAGE][PASSED] - Call Test Case 'Test Cases/Final Aug 2018 - PKS Automation/Common/Reference Number Getter' successfully

2018-12-11 11:52:52 - [TEST_STEP][PASSED] - setText: Text 'CUN122018C200001715' is set on object 'Object Repository/Final Object Repo/WorkFlow Listing Page/Ref No Set Text'

2018-12-11 11:52:52 - [MESSAGE][PASSED] - Text 'CUN122018C200001715' is set on object 'Object Repository/Final Object Repo/WorkFlow Listing Page/Ref No Set Text'

2018-12-11 11:52:52 - [TEST_STEP][PASSED] - delay: Delayed 2 second(s)

2018-12-11 11:52:54 - [MESSAGE][PASSED] - Delayed 2 second(s)

2018-12-11 11:52:54 - [TEST_STEP][PASSED] - click: Object: 'Object Repository/Final Object Repo/WorkFlow Listing Page/Search Ref No Search Button' is clicked on

2018-12-11 11:52:54 - [MESSAGE][PASSED] - Object: 'Object Repository/Final Object Repo/WorkFlow Listing Page/Search Ref No Search Button' is clicked on

2018-12-11 11:52:54 - [TEST_STEP][PASSED] - delay: Delayed 6 second(s)

2018-12-11 11:53:00 - [MESSAGE][PASSED] - Delayed 6 second(s)

2018-12-11 11:53:00 - [TEST_STEP][PASSED] - click: Object: 'Object Repository/Final Object Repo/WorkFlow Listing Page/Click Continue Tooltip' is clicked on

2018-12-11 11:53:01 - [MESSAGE][PASSED] - Object: 'Object Repository/Final Object Repo/WorkFlow Listing Page/Click Continue Tooltip' is clicked on

2018-12-11 11:53:01 - [TEST_STEP][PASSED] - delay: Delayed 5 second(s)

2018-12-11 11:53:06 - [MESSAGE][PASSED] - Delayed 5 second(s)

2018-12-11 11:53:06 - [TEST_STEP][PASSED] - doubleClick: Object: 'Object Repository/Final Object Repo/WorkFlow Listing Page/Workflow Found - Listing 1' is double clicked on

2018-12-11 11:53:06 - [MESSAGE][PASSED] - Object: 'Object Repository/Final Object Repo/WorkFlow Listing Page/Workflow Found - Listing 1' is double clicked on

2018-12-11 11:53:06 - [TEST_STEP][PASSED] - Statement - println(OwnerID): null

2018-12-11 11:53:06 - [TEST_STEP][PASSED] - Statement - OwnerID = com.kms.katalon.core.webui.keyword.WebUiBuiltInKeywords.getText(com.kms.katalon.core.testobject.ObjectRepository.findTestObject(Final Object Repo/WorkFlow Listing Page/Workflow Found - Listing 1), STOP_ON_FAILURE): Text of object 'Object Repository/Final Object Repo/WorkFlow Listing Page/Workflow Found - Listing 1' is: 'JOHORuo2'

2018-12-11 11:53:06 - [MESSAGE][PASSED] - Text of object 'Object Repository/Final Object Repo/WorkFlow Listing Page/Workflow Found - Listing 1' is: 'JOHORuo2'

2018-12-11 11:53:06 - [TEST_STEP][PASSED] - Statement - OwnerID = OwnerID.toLowerCase() + "@gmail.com": null

2018-12-11 11:53:06 - [TEST_STEP][PASSED] - Statement - println(OwnerID): null

2018-12-11 11:53:06 - [TEST_STEP][PASSED] - delay: Delayed 2 second(s)

2018-12-11 11:53:08 - [MESSAGE][PASSED] - Delayed 2 second(s)

2018-12-11 11:53:08 - [MESSAGE][PASSED] - Call Test Case 'Test Cases/Final Aug 2018 - PKS Automation/Common/Workflow Owner Finder' successfully

2018-12-11 11:53:08 - [TEST_STEP][PASSED] - delay: Delayed 1 second(s)

2018-12-11 11:53:09 - [MESSAGE][PASSED] - Delayed 1 second(s)

2018-12-11 11:53:09 - [TEST_STEP][PASSED] - navigateToUrl: Navigate to 'https://assist2-uat.perkeso.gov.my/c/portal/logout' successfully

2018-12-11 11:53:10 - [MESSAGE][PASSED] - Navigate to 'https://assist2-uat.perkeso.gov.my/c/portal/logout' successfully

2018-12-11 11:53:10 - [TEST_STEP][PASSED] - delay: Delayed 1 second(s)

2018-12-11 11:53:11 - [MESSAGE][PASSED] - Delayed 1 second(s)

2018-12-11 11:53:11 - [TEST_STEP][PASSED] - callTestCase: Call Test Case 'Test Cases/Final Aug 2018 - PKS Automation/Registration Module/Workflow/Login and Search Case For Workflow' successfully

2018-12-11 11:53:11 - [TEST_CASE][PASSED] - Test Cases/Final Aug 2018 - PKS Automation/Registration Module/Workflow/Login and Search Case For Workflow: Test Cases/Final Aug 2018 - PKS Automation/Registration Module/Workflow/Login and Search Case For Workflow

2018-12-11 11:53:11 - [TEST_STEP][PASSED] - navigateToUrl: Navigate to 'https://assist2-uat.perkeso.gov.my/login' successfully

2018-12-11 11:53:12 - [MESSAGE][PASSED] - Navigate to 'https://assist2-uat.perkeso.gov.my/login' successfully

2018-12-11 11:53:12 - [TEST_STEP][PASSED] - setText: Text 'johoruo2@gmail.com' is set on object 'Object Repository/Final Object Repo/Login Page/Internal User/Email Address'

2018-12-11 11:53:12 - [MESSAGE][PASSED] - Text 'johoruo2@gmail.com' is set on object 'Object Repository/Final Object Repo/Login Page/Internal User/Email Address'

2018-12-11 11:53:12 - [TEST_STEP][PASSED] - click: Object: 'Object Repository/Final Object Repo/Login Page/Internal User/Next Button' is clicked on

2018-12-11 11:53:12 - [MESSAGE][PASSED] - Object: 'Object Repository/Final Object Repo/Login Page/Internal User/Next Button' is clicked on

2018-12-11 11:53:12 - [TEST_STEP][PASSED] - delay: Delayed 1 second(s)

2018-12-11 11:53:13 - [MESSAGE][PASSED] - Delayed 1 second(s)

2018-12-11 11:53:13 - [TEST_STEP][PASSED] - setEncryptedText: Text ****** has been set on object 'Object Repository/Final Object Repo/Login Page/Internal User/Password'

2018-12-11 11:53:14 - [MESSAGE][PASSED] - Text ****** has been set on object 'Object Repository/Final Object Repo/Login Page/Internal User/Password'

2018-12-11 11:53:14 - [TEST_STEP][PASSED] - click: Object: 'Object Repository/Final Object Repo/Login Page/Internal User/Login Button' is clicked on

2018-12-11 11:53:14 - [MESSAGE][PASSED] - Object: 'Object Repository/Final Object Repo/Login Page/Internal User/Login Button' is clicked on

2018-12-11 11:53:14 - [TEST_STEP][PASSED] - delay: Delayed 2 second(s)

2018-12-11 11:53:16 - [MESSAGE][PASSED] - Delayed 2 second(s)

2018-12-11 11:53:16 - [TEST_STEP][PASSED] - Statement - Try: Delayed 2 second(s)

2018-12-11 11:53:16 - [TEST_STEP][PASSED] - Statement - Checker = false: null

2018-12-11 11:53:16 - [TEST_STEP][PASSED] - Statement - Checker = com.kms.katalon.core.webui.keyword.WebUiBuiltInKeywords.verifyElementHasAttribute(com.kms.katalon.core.testobject.ObjectRepository.findTestObject(Final Object Repo/Landing Page/BM Detecting), "href", 20, OPTIONAL): Object 'Object Repository/Final Object Repo/Landing Page/BM Detecting' has attribute 'href'

2018-12-11 11:53:16 - [MESSAGE][PASSED] - Object 'Object Repository/Final Object Repo/Landing Page/BM Detecting' has attribute 'href'

2018-12-11 11:53:16 - [TEST_STEP][PASSED] - Statement - out.println(Checker): null

2018-12-11 11:53:16 - [TEST_STEP][PASSED] - Statement - If (Checker == false): null

2018-12-11 11:53:16 - [TEST_STEP][PASSED] - Statement - Else: null

2018-12-11 11:53:16 - [TEST_STEP][PASSED] - delay: Delayed 2 second(s)

2018-12-11 11:53:18 - [MESSAGE][PASSED] - Delayed 2 second(s)

2018-12-11 11:53:18 - [TEST_STEP][PASSED] - click: Object: 'Object Repository/Final Object Repo/Page_MyASSIST - ASSIST - Search Pending Case For Add Supporting Document/Search Information' is clicked on

2018-12-11 11:53:18 - [MESSAGE][PASSED] - Object: 'Object Repository/Final Object Repo/Page_MyASSIST - ASSIST - Search Pending Case For Add Supporting Document/Search Information' is clicked on

2018-12-11 11:53:18 - [TEST_STEP][PASSED] - delay: Delayed 3 second(s)

2018-12-11 11:53:21 - [MESSAGE][PASSED] - Delayed 3 second(s)

2018-12-11 11:53:21 - [TEST_STEP][PASSED] - sendKeys: Keys 'CUN122018C200001715' sent to object: 'Object Repository/Final Object Repo/Page_MyASSIST - ASSIST - Search Pending Case For Add Supporting Document/Reference No'

2018-12-11 11:53:21 - [MESSAGE][PASSED] - Keys 'CUN122018C200001715' sent to object: 'Object Repository/Final Object Repo/Page_MyASSIST - ASSIST - Search Pending Case For Add Supporting Document/Reference No'

2018-12-11 11:53:21 - [TEST_STEP][PASSED] - click: Object: 'Object Repository/Final Object Repo/Page_MyASSIST - ASSIST - Search Pending Case For Add Supporting Document/Search Reference No' is clicked on

2018-12-11 11:53:22 - [MESSAGE][PASSED] - Object: 'Object Repository/Final Object Repo/Page_MyASSIST - ASSIST - Search Pending Case For Add Supporting Document/Search Reference No' is clicked on

2018-12-11 11:53:22 - [TEST_STEP][PASSED] - delay: Delayed 2 second(s)

2018-12-11 11:53:24 - [MESSAGE][PASSED] - Delayed 2 second(s)

2018-12-11 11:53:24 - [TEST_STEP][PASSED] - click: Object: 'Object Repository/Final Object Repo/Page_MyASSIST - ASSIST - Search Pending Case For Add Supporting Document/Continue' is clicked on

2018-12-11 11:53:27 - [MESSAGE][PASSED] - Object: 'Object Repository/Final Object Repo/Page_MyASSIST - ASSIST - Search Pending Case For Add Supporting Document/Continue' is clicked on

2018-12-11 11:53:27 - [TEST_STEP][PASSED] - delay: Delayed 20 second(s)

2018-12-11 11:53:47 - [MESSAGE][PASSED] - Delayed 20 second(s)

2018-12-11 11:53:47 - [MESSAGE][PASSED] - Call Test Case 'Test Cases/Final Aug 2018 - PKS Automation/Registration Module/Workflow/Login and Search Case For Workflow' successfully

2018-12-11 11:53:47 - [TEST_STEP][PASSED] - click: Object: 'Object Repository/Final Object Repo/Page_Form 1A - Cessation As Employer/Page_Form 1A - Cessation As Employer (Approve)/Save  Continue in Form 1A Page' is clicked on

2018-12-11 11:53:47 - [MESSAGE][PASSED] - Object: 'Object Repository/Final Object Repo/Page_Form 1A - Cessation As Employer/Page_Form 1A - Cessation As Employer (Approve)/Save  Continue in Form 1A Page' is clicked on

2018-12-11 11:53:47 - [TEST_STEP][PASSED] - delay: Delayed 2 second(s)

2018-12-11 11:53:49 - [MESSAGE][PASSED] - Delayed 2 second(s)

2018-12-11 11:53:49 - [TEST_STEP][PASSED] - click: Object: 'Object Repository/Final Object Repo/Page_Form 1A - Cessation As Employer/Employment Resign Date' is clicked on

2018-12-11 11:53:49 - [MESSAGE][PASSED] - Object: 'Object Repository/Final Object Repo/Page_Form 1A - Cessation As Employer/Employment Resign Date' is clicked on

2018-12-11 11:53:49 - [TEST_STEP][PASSED] - delay: Delayed 1 second(s)

2018-12-11 11:53:50 - [MESSAGE][PASSED] - Delayed 1 second(s)

2018-12-11 11:53:50 - [TEST_STEP][PASSED] - selectOptionByValue: All options with value '2030' are selected in object 'Object Repository/Final Object Repo/Page_Form 1A - Cessation As Employer/Employment Resign Date - Year' 

2018-12-11 11:53:51 - [MESSAGE][PASSED] - All options with value '2030' are selected in object 'Object Repository/Final Object Repo/Page_Form 1A - Cessation As Employer/Employment Resign Date - Year' 

2018-12-11 11:53:51 - [TEST_STEP][PASSED] - delay: Delayed 1 second(s)

2018-12-11 11:53:52 - [MESSAGE][PASSED] - Delayed 1 second(s)

2018-12-11 11:53:52 - [TEST_STEP][PASSED] - click: Object: 'Object Repository/Final Object Repo/Page_Form 1A - Cessation As Employer/Employment Resign Date - Year - Date' is clicked on

2018-12-11 11:53:52 - [MESSAGE][PASSED] - Object: 'Object Repository/Final Object Repo/Page_Form 1A - Cessation As Employer/Employment Resign Date - Year - Date' is clicked on

2018-12-11 11:53:52 - [TEST_STEP][PASSED] - delay: Delayed 2 second(s)

2018-12-11 11:53:54 - [MESSAGE][PASSED] - Delayed 2 second(s)

2018-12-11 11:53:54 - [TEST_STEP][PASSED] - click: Object: 'Object Repository/Final Object Repo/Page_Form 1A - Cessation As Employer/Page_Form 1A - Cessation As Employer (Approve)/Save  Continue in Update Add Employee Resigned Date Page' is clicked on

2018-12-11 11:53:54 - [MESSAGE][PASSED] - Object: 'Object Repository/Final Object Repo/Page_Form 1A - Cessation As Employer/Page_Form 1A - Cessation As Employer (Approve)/Save  Continue in Update Add Employee Resigned Date Page' is clicked on

2018-12-11 11:53:54 - [TEST_STEP][PASSED] - delay: Delayed 2 second(s)

2018-12-11 11:53:56 - [MESSAGE][PASSED] - Delayed 2 second(s)

2018-12-11 11:53:56 - [TEST_STEP][PASSED] - click: Object: 'Object Repository/Final Object Repo/Page_Form 1A - Cessation As Employer/Set Latest - Yes' is clicked on

2018-12-11 11:53:56 - [MESSAGE][PASSED] - Object: 'Object Repository/Final Object Repo/Page_Form 1A - Cessation As Employer/Set Latest - Yes' is clicked on

2018-12-11 11:53:56 - [TEST_STEP][PASSED] - delay: Delayed 2 second(s)

2018-12-11 11:53:58 - [MESSAGE][PASSED] - Delayed 2 second(s)

2018-12-11 11:53:58 - [TEST_STEP][PASSED] - click: Object: 'Object Repository/Final Object Repo/Page_Form 1A - Cessation As Employer/Page_Form 1A - Cessation As Employer (Approve)/Save  Contine in Uploading Document Page' is clicked on

2018-12-11 11:53:59 - [MESSAGE][PASSED] - Object: 'Object Repository/Final Object Repo/Page_Form 1A - Cessation As Employer/Page_Form 1A - Cessation As Employer (Approve)/Save  Contine in Uploading Document Page' is clicked on

2018-12-11 11:53:59 - [TEST_STEP][PASSED] - delay: Delayed 2 second(s)

2018-12-11 11:54:01 - [MESSAGE][PASSED] - Delayed 2 second(s)

2018-12-11 11:54:01 - [TEST_STEP][PASSED] - click: Object: 'Object Repository/Final Object Repo/Page_Form 1A - Cessation As Employer/Page_Form 1A - Cessation As Employer (Reject)/Reject' is clicked on

2018-12-11 11:54:04 - [MESSAGE][PASSED] - Object: 'Object Repository/Final Object Repo/Page_Form 1A - Cessation As Employer/Page_Form 1A - Cessation As Employer (Reject)/Reject' is clicked on

2018-12-11 11:54:04 - [TEST_STEP][PASSED] - delay: Delayed 2 second(s)

2018-12-11 11:54:06 - [MESSAGE][PASSED] - Delayed 2 second(s)

2018-12-11 11:54:06 - [TEST_STEP][PASSED] - click: Object: 'Object Repository/Final Object Repo/Page_Form 1A - Cessation As Employer/Page_Form 1A - Cessation As Employer (Reject)/Confirm' is clicked on

2018-12-11 11:54:06 - [MESSAGE][PASSED] - Object: 'Object Repository/Final Object Repo/Page_Form 1A - Cessation As Employer/Page_Form 1A - Cessation As Employer (Reject)/Confirm' is clicked on

2018-12-11 11:54:06 - [TEST_STEP][PASSED] - delay: Delayed 2 second(s)

2018-12-11 11:54:08 - [MESSAGE][PASSED] - Delayed 2 second(s)

2018-12-11 11:54:08 - [TEST_STEP][PASSED] - verifyElementVisible: Object 'Object Repository/Final Object Repo/Page_Form 1A - Cessation As Employer/Page_Form 1A - Cessation As Employer (Reject)/Message This Case has been Rejected' is visible

2018-12-11 11:54:12 - [MESSAGE][PASSED] - Object 'Object Repository/Final Object Repo/Page_Form 1A - Cessation As Employer/Page_Form 1A - Cessation As Employer (Reject)/Message This Case has been Rejected' is visible

2018-12-11 11:54:12 - [TEST_STEP][PASSED] - delay: Delayed 1 second(s)

2018-12-11 11:54:13 - [MESSAGE][PASSED] - Delayed 1 second(s)

2018-12-11 11:54:13 - [TEST_STEP][PASSED] - verifyElementVisible: Object 'Object Repository/Final Object Repo/Page_Form 1A - Cessation As Employer/Page_Form 1A - Cessation As Employer (Reject)/Letter of update rejection' is visible

2018-12-11 11:54:13 - [MESSAGE][PASSED] - Object 'Object Repository/Final Object Repo/Page_Form 1A - Cessation As Employer/Page_Form 1A - Cessation As Employer (Reject)/Letter of update rejection' is visible

2018-12-11 11:54:13 - [MESSAGE][PASSED] - Call Test Case 'Test Cases/Final Aug 2018 - PKS Automation/Registration Module/Workflow/Form 1A - Cessation As Employer/Template/Form 1 A - Cessation As Employer (Reject)' successfully]]></system-out>
         <system-err><![CDATA[]]></system-err>
      </testcase>
      <testcase name="Test Cases/Final Aug 2018 - PKS Automation/Registration Module/Workflow/Form 1A - Cessation As Employer/OTC to UO (Under enforcement)" classname="Test Cases/Final Aug 2018 - PKS Automation/Registration Module/Workflow/Form 1A - Cessation As Employer/OTC to UO (Under enforcement)" status="PASSED">
         <system-out><![CDATA[2018-12-11 11:54:13 - [TEST_CASE][PASSED] - Test Cases/Final Aug 2018 - PKS Automation/Registration Module/Workflow/Form 1A - Cessation As Employer/OTC to UO (Under enforcement): Test Cases/Final Aug 2018 - PKS Automation/Registration Module/Workflow/Form 1A - Cessation As Employer/OTC to UO (Under enforcement)

2018-12-11 11:54:13 - [TEST_STEP][PASSED] - callTestCase: Call Test Case 'Test Cases/Final Aug 2018 - PKS Automation/Registration Module/Workflow/Form 1A - Cessation As Employer/Template/Form 1 A - Cessation As Employer (OTC)' successfully

2018-12-11 11:54:13 - [TEST_CASE][PASSED] - Test Cases/Final Aug 2018 - PKS Automation/Registration Module/Workflow/Form 1A - Cessation As Employer/Template/Form 1 A - Cessation As Employer (OTC): Test Cases/Final Aug 2018 - PKS Automation/Registration Module/Workflow/Form 1A - Cessation As Employer/Template/Form 1 A - Cessation As Employer (OTC)

2018-12-11 11:54:13 - [TEST_STEP][PASSED] - openBrowser: Browser is opened with url: ''

2018-12-11 11:54:13 - [MESSAGE][WARNING] - A browser is already opened. Closing browser and opening a new one

2018-12-11 11:54:17 - [MESSAGE][PASSED] - Browser is opened with url: ''

2018-12-11 11:54:17 - [TEST_STEP][PASSED] - navigateToUrl: Navigate to 'https://assist2-uat.perkeso.gov.my/login' successfully

2018-12-11 11:54:18 - [MESSAGE][PASSED] - Navigate to 'https://assist2-uat.perkeso.gov.my/login' successfully

2018-12-11 11:54:18 - [TEST_STEP][PASSED] - setText: Text 'johorotc1@gmail.com' is set on object 'Object Repository/Final Object Repo/Login Page/Internal User/Email Address'

2018-12-11 11:54:18 - [MESSAGE][PASSED] - Text 'johorotc1@gmail.com' is set on object 'Object Repository/Final Object Repo/Login Page/Internal User/Email Address'

2018-12-11 11:54:18 - [TEST_STEP][PASSED] - click: Object: 'Object Repository/Final Object Repo/Login Page/Internal User/Next Button' is clicked on

2018-12-11 11:54:18 - [MESSAGE][PASSED] - Object: 'Object Repository/Final Object Repo/Login Page/Internal User/Next Button' is clicked on

2018-12-11 11:54:18 - [TEST_STEP][PASSED] - delay: Delayed 1 second(s)

2018-12-11 11:54:19 - [MESSAGE][PASSED] - Delayed 1 second(s)

2018-12-11 11:54:19 - [TEST_STEP][PASSED] - setEncryptedText: Text ****** has been set on object 'Object Repository/Final Object Repo/Login Page/Internal User/Password'

2018-12-11 11:54:20 - [MESSAGE][PASSED] - Text ****** has been set on object 'Object Repository/Final Object Repo/Login Page/Internal User/Password'

2018-12-11 11:54:20 - [TEST_STEP][PASSED] - click: Object: 'Object Repository/Final Object Repo/Login Page/Internal User/Login Button' is clicked on

2018-12-11 11:54:20 - [MESSAGE][PASSED] - Object: 'Object Repository/Final Object Repo/Login Page/Internal User/Login Button' is clicked on

2018-12-11 11:54:20 - [TEST_STEP][PASSED] - delay: Delayed 1 second(s)

2018-12-11 11:54:21 - [MESSAGE][PASSED] - Delayed 1 second(s)

2018-12-11 11:54:21 - [TEST_STEP][PASSED] - Statement - Try: Delayed 2 second(s)

2018-12-11 11:54:21 - [TEST_STEP][PASSED] - Statement - Checker = false: null

2018-12-11 11:54:21 - [TEST_STEP][PASSED] - Statement - Checker = com.kms.katalon.core.webui.keyword.WebUiBuiltInKeywords.verifyElementHasAttribute(com.kms.katalon.core.testobject.ObjectRepository.findTestObject(Final Object Repo/Landing Page/BM Detecting), "href", 20, OPTIONAL): Object 'Object Repository/Final Object Repo/Landing Page/BM Detecting' has attribute 'href'

2018-12-11 11:54:22 - [MESSAGE][PASSED] - Object 'Object Repository/Final Object Repo/Landing Page/BM Detecting' has attribute 'href'

2018-12-11 11:54:22 - [TEST_STEP][PASSED] - Statement - out.println(Checker): null

2018-12-11 11:54:22 - [TEST_STEP][PASSED] - Statement - If (Checker == false): null

2018-12-11 11:54:22 - [TEST_STEP][PASSED] - Statement - Else: null

2018-12-11 11:54:22 - [TEST_STEP][PASSED] - delay: Delayed 2 second(s)

2018-12-11 11:54:24 - [MESSAGE][PASSED] - Delayed 2 second(s)

2018-12-11 11:54:24 - [TEST_STEP][PASSED] - navigateToUrl: Navigate to 'https://assist2-uat.perkeso.gov.my/web/registration/update/form-1a-cessation-as-employer-discontinue-business-' successfully

2018-12-11 11:54:25 - [MESSAGE][PASSED] - Navigate to 'https://assist2-uat.perkeso.gov.my/web/registration/update/form-1a-cessation-as-employer-discontinue-business-' successfully

2018-12-11 11:54:25 - [TEST_STEP][PASSED] - setText: Text 'E1102069770Z' is set on object 'Object Repository/Final Object Repo/Page_Update Employer Information/Employer Code'

2018-12-11 11:54:25 - [MESSAGE][PASSED] - Text 'E1102069770Z' is set on object 'Object Repository/Final Object Repo/Page_Update Employer Information/Employer Code'

2018-12-11 11:54:25 - [TEST_STEP][PASSED] - click: Object: 'Object Repository/Final Object Repo/Page_Update Employer Information/Search Button' is clicked on

2018-12-11 11:54:25 - [MESSAGE][PASSED] - Object: 'Object Repository/Final Object Repo/Page_Update Employer Information/Search Button' is clicked on

2018-12-11 11:54:25 - [TEST_STEP][PASSED] - click: Object: 'Object Repository/Final Object Repo/Page_Update Employer Information/Edit Button' is clicked on

2018-12-11 11:54:28 - [MESSAGE][PASSED] - Object: 'Object Repository/Final Object Repo/Page_Update Employer Information/Edit Button' is clicked on

2018-12-11 11:54:28 - [TEST_STEP][PASSED] - Statement - abc = com.kms.katalon.core.webui.keyword.WebUiBuiltInKeywords.getAttribute(com.kms.katalon.core.testobject.ObjectRepository.findTestObject(Final Object Repo/Page_Form 1A - Cessation As Employer/Employer Status), "value"): Attribute 'value' of object 'Object Repository/Final Object Repo/Page_Form 1A - Cessation As Employer/Employer Status' is: 'Dormant'

2018-12-11 11:54:28 - [MESSAGE][PASSED] - Attribute 'value' of object 'Object Repository/Final Object Repo/Page_Form 1A - Cessation As Employer/Employer Status' is: 'Dormant'

2018-12-11 11:54:28 - [TEST_STEP][PASSED] - Statement - out.println(abc): null

2018-12-11 11:54:28 - [TEST_STEP][PASSED] - Statement - If (abc == "Active"): null

2018-12-11 11:54:28 - [TEST_STEP][PASSED] - Statement - Else If (abc == "Cancel"): null

2018-12-11 11:54:28 - [TEST_STEP][PASSED] - Statement - Else If (abc == "Dormant"): Object: 'Object Repository/Final Object Repo/Page_Form 1A - Cessation As Employer/Change Employer Status to - Dormant' is clicked on

2018-12-11 11:54:28 - [TEST_STEP][PASSED] - click: Object: 'Object Repository/Final Object Repo/Page_Form 1A - Cessation As Employer/Change Employer Status to' is clicked on

2018-12-11 11:54:28 - [MESSAGE][PASSED] - Object: 'Object Repository/Final Object Repo/Page_Form 1A - Cessation As Employer/Change Employer Status to' is clicked on

2018-12-11 11:54:28 - [TEST_STEP][PASSED] - click: Object: 'Object Repository/Final Object Repo/Page_Form 1A - Cessation As Employer/Change Employer Status to - Dormant' is clicked on

2018-12-11 11:54:28 - [MESSAGE][PASSED] - Object: 'Object Repository/Final Object Repo/Page_Form 1A - Cessation As Employer/Change Employer Status to - Dormant' is clicked on

2018-12-11 11:54:28 - [TEST_STEP][PASSED] - click: Object: 'Object Repository/Final Object Repo/Page_Form 1A - Cessation As Employer/Calender' is clicked on

2018-12-11 11:54:29 - [MESSAGE][PASSED] - Object: 'Object Repository/Final Object Repo/Page_Form 1A - Cessation As Employer/Calender' is clicked on

2018-12-11 11:54:29 - [TEST_STEP][PASSED] - click: Object: 'Object Repository/Final Object Repo/Page_Form 1A - Cessation As Employer/Calender - Date' is clicked on

2018-12-11 11:54:29 - [MESSAGE][PASSED] - Object: 'Object Repository/Final Object Repo/Page_Form 1A - Cessation As Employer/Calender - Date' is clicked on

2018-12-11 11:54:29 - [TEST_STEP][PASSED] - delay: Delayed 2 second(s)

2018-12-11 11:54:31 - [MESSAGE][PASSED] - Delayed 2 second(s)

2018-12-11 11:54:31 - [TEST_STEP][PASSED] - click: Object: 'Object Repository/Final Object Repo/Page_Form 1A - Cessation As Employer/Save  Continue in Form 1A Page' is clicked on

2018-12-11 11:54:31 - [MESSAGE][PASSED] - Object: 'Object Repository/Final Object Repo/Page_Form 1A - Cessation As Employer/Save  Continue in Form 1A Page' is clicked on

2018-12-11 11:54:31 - [TEST_STEP][PASSED] - delay: Delayed 2 second(s)

2018-12-11 11:54:33 - [MESSAGE][PASSED] - Delayed 2 second(s)

2018-12-11 11:54:33 - [TEST_STEP][PASSED] - click: Object: 'Object Repository/Final Object Repo/Page_Form 1A - Cessation As Employer/Employment Resign Date' is clicked on

2018-12-11 11:54:33 - [MESSAGE][PASSED] - Object: 'Object Repository/Final Object Repo/Page_Form 1A - Cessation As Employer/Employment Resign Date' is clicked on

2018-12-11 11:54:33 - [TEST_STEP][PASSED] - delay: Delayed 1 second(s)

2018-12-11 11:54:34 - [MESSAGE][PASSED] - Delayed 1 second(s)

2018-12-11 11:54:34 - [TEST_STEP][PASSED] - Statement - CaseReferenceNo = com.kms.katalon.core.webui.keyword.WebUiBuiltInKeywords.getText(com.kms.katalon.core.testobject.ObjectRepository.findTestObject(Final Object Repo/Page_Update Employer Information/Reference Number in Update Employee Information Page)): Text of object 'Object Repository/Final Object Repo/Page_Update Employer Information/Reference Number in Update Employee Information Page' is: 'CUN122018C200001716'

2018-12-11 11:54:34 - [MESSAGE][PASSED] - Text of object 'Object Repository/Final Object Repo/Page_Update Employer Information/Reference Number in Update Employee Information Page' is: 'CUN122018C200001716'

2018-12-11 11:54:34 - [TEST_STEP][PASSED] - callTestCase: Call Test Case 'Test Cases/Final Aug 2018 - PKS Automation/Common/Reference Number Setter' successfully

2018-12-11 11:54:34 - [TEST_CASE][PASSED] - Test Cases/Final Aug 2018 - PKS Automation/Common/Reference Number Setter: Test Cases/Final Aug 2018 - PKS Automation/Common/Reference Number Setter

2018-12-11 11:54:34 - [TEST_STEP][PASSED] - Statement - RefNoOldFile = new java.io.File(C://Users//Admin//Desktop//PKS//Automation Reference Point//KatalonReference.txt): null

2018-12-11 11:54:34 - [TEST_STEP][PASSED] - Statement - RefNoOldFile.delete(): null

2018-12-11 11:54:34 - [TEST_STEP][PASSED] - delay: Delayed 5 second(s)

2018-12-11 11:54:39 - [MESSAGE][PASSED] - Delayed 5 second(s)

2018-12-11 11:54:39 - [TEST_STEP][PASSED] - Statement - RefNo = new java.io.File(C://Users//Admin//Desktop//PKS//Automation Reference Point//KatalonReference.txt): null

2018-12-11 11:54:39 - [TEST_STEP][PASSED] - Statement - f2 = new java.io.FileWriter(RefNo, false): null

2018-12-11 11:54:39 - [TEST_STEP][PASSED] - Statement - f2.write(CaseReferenceNo): null

2018-12-11 11:54:39 - [TEST_STEP][PASSED] - Statement - f2.close(): null

2018-12-11 11:54:39 - [TEST_STEP][PASSED] - Statement - out.println("


" + CaseReferenceNo + "


"): null

2018-12-11 11:54:39 - [MESSAGE][PASSED] - Call Test Case 'Test Cases/Final Aug 2018 - PKS Automation/Common/Reference Number Setter' successfully

2018-12-11 11:54:39 - [TEST_STEP][PASSED] - selectOptionByValue: All options with value '2030' are selected in object 'Object Repository/Final Object Repo/Page_Form 1A - Cessation As Employer/Employment Resign Date - Year' 

2018-12-11 11:54:40 - [MESSAGE][PASSED] - All options with value '2030' are selected in object 'Object Repository/Final Object Repo/Page_Form 1A - Cessation As Employer/Employment Resign Date - Year' 

2018-12-11 11:54:40 - [TEST_STEP][PASSED] - delay: Delayed 1 second(s)

2018-12-11 11:54:41 - [MESSAGE][PASSED] - Delayed 1 second(s)

2018-12-11 11:54:41 - [TEST_STEP][PASSED] - click: Object: 'Object Repository/Final Object Repo/Page_Form 1A - Cessation As Employer/Employment Resign Date - Year - Date' is clicked on

2018-12-11 11:54:41 - [MESSAGE][PASSED] - Object: 'Object Repository/Final Object Repo/Page_Form 1A - Cessation As Employer/Employment Resign Date - Year - Date' is clicked on

2018-12-11 11:54:41 - [TEST_STEP][PASSED] - delay: Delayed 2 second(s)

2018-12-11 11:54:43 - [MESSAGE][PASSED] - Delayed 2 second(s)

2018-12-11 11:54:43 - [TEST_STEP][PASSED] - click: Object: 'Object Repository/Final Object Repo/Page_Form 1A - Cessation As Employer/Save  Continue in Update Add Employee Resigned Date Page' is clicked on

2018-12-11 11:54:43 - [MESSAGE][PASSED] - Object: 'Object Repository/Final Object Repo/Page_Form 1A - Cessation As Employer/Save  Continue in Update Add Employee Resigned Date Page' is clicked on

2018-12-11 11:54:43 - [TEST_STEP][PASSED] - delay: Delayed 2 second(s)

2018-12-11 11:54:45 - [MESSAGE][PASSED] - Delayed 2 second(s)

2018-12-11 11:54:45 - [TEST_STEP][PASSED] - click: Object: 'Object Repository/Final Object Repo/Page_Form 1A - Cessation As Employer/Set Latest - Yes' is clicked on

2018-12-11 11:54:45 - [MESSAGE][PASSED] - Object: 'Object Repository/Final Object Repo/Page_Form 1A - Cessation As Employer/Set Latest - Yes' is clicked on

2018-12-11 11:54:45 - [TEST_STEP][PASSED] - delay: Delayed 2 second(s)

2018-12-11 11:54:47 - [MESSAGE][PASSED] - Delayed 2 second(s)

2018-12-11 11:54:47 - [TEST_STEP][PASSED] - click: Object: 'Object Repository/Final Object Repo/Page_Form 1A - Cessation As Employer/Add Document' is clicked on

2018-12-11 11:54:48 - [MESSAGE][PASSED] - Object: 'Object Repository/Final Object Repo/Page_Form 1A - Cessation As Employer/Add Document' is clicked on

2018-12-11 11:54:48 - [TEST_STEP][PASSED] - delay: Delayed 2 second(s)

2018-12-11 11:54:50 - [MESSAGE][PASSED] - Delayed 2 second(s)

2018-12-11 11:54:50 - [TEST_STEP][PASSED] - click: Object: 'Object Repository/Final Object Repo/Page_Form 1A - Cessation As Employer/Document Type' is clicked on

2018-12-11 11:54:51 - [MESSAGE][PASSED] - Object: 'Object Repository/Final Object Repo/Page_Form 1A - Cessation As Employer/Document Type' is clicked on

2018-12-11 11:54:51 - [TEST_STEP][PASSED] - delay: Delayed 2 second(s)

2018-12-11 11:54:53 - [MESSAGE][PASSED] - Delayed 2 second(s)

2018-12-11 11:54:53 - [TEST_STEP][PASSED] - click: Object: 'Object Repository/Final Object Repo/Page_Form 1A - Cessation As Employer/Document Type - Supporting Document For Cessation' is clicked on

2018-12-11 11:54:53 - [MESSAGE][PASSED] - Object: 'Object Repository/Final Object Repo/Page_Form 1A - Cessation As Employer/Document Type - Supporting Document For Cessation' is clicked on

2018-12-11 11:54:53 - [TEST_STEP][PASSED] - delay: Delayed 2 second(s)

2018-12-11 11:54:55 - [MESSAGE][PASSED] - Delayed 2 second(s)

2018-12-11 11:54:55 - [TEST_STEP][PASSED] - sendKeys: Keys 'C:\Users\Public\Pictures\Sample Pictures\Koala.jpg' sent to object: 'Object Repository/Final Object Repo/Page_Form 1A - Cessation As Employer/Uploading File'

2018-12-11 11:54:55 - [MESSAGE][PASSED] - Keys 'C:\Users\Public\Pictures\Sample Pictures\Koala.jpg' sent to object: 'Object Repository/Final Object Repo/Page_Form 1A - Cessation As Employer/Uploading File'

2018-12-11 11:54:55 - [TEST_STEP][PASSED] - delay: Delayed 2 second(s)

2018-12-11 11:54:57 - [MESSAGE][PASSED] - Delayed 2 second(s)

2018-12-11 11:54:57 - [TEST_STEP][PASSED] - click: Object: 'Object Repository/Final Object Repo/Page_Form 1A - Cessation As Employer/Add Document in Uploading Page' is clicked on

2018-12-11 11:54:58 - [MESSAGE][PASSED] - Object: 'Object Repository/Final Object Repo/Page_Form 1A - Cessation As Employer/Add Document in Uploading Page' is clicked on

2018-12-11 11:54:58 - [TEST_STEP][PASSED] - delay: Delayed 20 second(s)

2018-12-11 11:55:18 - [MESSAGE][PASSED] - Delayed 20 second(s)

2018-12-11 11:55:18 - [TEST_STEP][PASSED] - click: Object: 'Object Repository/Final Object Repo/Page_Form 1A - Cessation As Employer/Save  Continue in Uploading Page' is clicked on

2018-12-11 11:55:18 - [MESSAGE][PASSED] - Object: 'Object Repository/Final Object Repo/Page_Form 1A - Cessation As Employer/Save  Continue in Uploading Page' is clicked on

2018-12-11 11:55:18 - [TEST_STEP][PASSED] - delay: Delayed 2 second(s)

2018-12-11 11:55:20 - [MESSAGE][PASSED] - Delayed 2 second(s)

2018-12-11 11:55:20 - [TEST_STEP][PASSED] - click: Object: 'Object Repository/Final Object Repo/Page_Form 1A - Cessation As Employer/Submit2' is clicked on

2018-12-11 11:55:23 - [MESSAGE][PASSED] - Object: 'Object Repository/Final Object Repo/Page_Form 1A - Cessation As Employer/Submit2' is clicked on

2018-12-11 11:55:23 - [TEST_STEP][PASSED] - delay: Delayed 2 second(s)

2018-12-11 11:55:25 - [MESSAGE][PASSED] - Delayed 2 second(s)

2018-12-11 11:55:25 - [TEST_STEP][PASSED] - click: Object: 'Object Repository/Final Object Repo/Page_Form 1A - Cessation As Employer/Confirm' is clicked on

2018-12-11 11:55:25 - [MESSAGE][PASSED] - Object: 'Object Repository/Final Object Repo/Page_Form 1A - Cessation As Employer/Confirm' is clicked on

2018-12-11 11:55:25 - [TEST_STEP][PASSED] - delay: Delayed 2 second(s)

2018-12-11 11:55:27 - [MESSAGE][PASSED] - Delayed 2 second(s)

2018-12-11 11:55:27 - [TEST_STEP][PASSED] - verifyElementVisible: Object 'Object Repository/Final Object Repo/Page_Form 1A - Cessation As Employer/Message Your Request will be routed to UO' is visible

2018-12-11 11:55:31 - [MESSAGE][PASSED] - Object 'Object Repository/Final Object Repo/Page_Form 1A - Cessation As Employer/Message Your Request will be routed to UO' is visible

2018-12-11 11:55:31 - [TEST_STEP][PASSED] - delay: Delayed 1 second(s)

2018-12-11 11:55:32 - [MESSAGE][PASSED] - Delayed 1 second(s)

2018-12-11 11:55:32 - [TEST_STEP][PASSED] - verifyElementVisible: Object 'Object Repository/Final Object Repo/Page_Form 1A - Cessation As Employer/Letter of acknowledgement' is visible

2018-12-11 11:55:32 - [MESSAGE][PASSED] - Object 'Object Repository/Final Object Repo/Page_Form 1A - Cessation As Employer/Letter of acknowledgement' is visible

2018-12-11 11:55:32 - [MESSAGE][PASSED] - Call Test Case 'Test Cases/Final Aug 2018 - PKS Automation/Registration Module/Workflow/Form 1A - Cessation As Employer/Template/Form 1 A - Cessation As Employer (OTC)' successfully

2018-12-11 11:55:32 - [TEST_STEP][PASSED] - callTestCase: Call Test Case 'Test Cases/Final Aug 2018 - PKS Automation/Registration Module/Workflow/Form 1A - Cessation As Employer/Template/Form 1 A - Cessation As Employer (Under enforcement)' successfully

2018-12-11 11:55:32 - [TEST_CASE][PASSED] - Test Cases/Final Aug 2018 - PKS Automation/Registration Module/Workflow/Form 1A - Cessation As Employer/Template/Form 1 A - Cessation As Employer (Under enforcement): Test Cases/Final Aug 2018 - PKS Automation/Registration Module/Workflow/Form 1A - Cessation As Employer/Template/Form 1 A - Cessation As Employer (Under enforcement)

2018-12-11 11:55:32 - [TEST_STEP][NOT_RUN] - callTestCase: NOT_RUN: callTestCase

2018-12-11 11:55:32 - [MESSAGE][NOT_RUN] - NOT_RUN: callTestCase

2018-12-11 11:55:32 - [TEST_STEP][PASSED] - delay: Delayed 1 second(s)

2018-12-11 11:55:33 - [MESSAGE][PASSED] - Delayed 1 second(s)

2018-12-11 11:55:33 - [TEST_STEP][PASSED] - navigateToUrl: Navigate to 'https://assist2-uat.perkeso.gov.my/c/portal/logout' successfully

2018-12-11 11:55:34 - [MESSAGE][PASSED] - Navigate to 'https://assist2-uat.perkeso.gov.my/c/portal/logout' successfully

2018-12-11 11:55:34 - [TEST_STEP][PASSED] - delay: Delayed 1 second(s)

2018-12-11 11:55:35 - [MESSAGE][PASSED] - Delayed 1 second(s)

2018-12-11 11:55:35 - [TEST_STEP][PASSED] - callTestCase: Call Test Case 'Test Cases/Final Aug 2018 - PKS Automation/Common/Reference Number Getter' successfully

2018-12-11 11:55:35 - [TEST_CASE][PASSED] - Test Cases/Final Aug 2018 - PKS Automation/Common/Reference Number Getter: Test Cases/Final Aug 2018 - PKS Automation/Common/Reference Number Getter

2018-12-11 11:55:35 - [TEST_STEP][PASSED] - Statement - Try: null

2018-12-11 11:55:35 - [TEST_STEP][PASSED] - Statement - RefNo = new java.io.File(C://Users//Admin//Desktop//PKS//Automation Reference Point//KatalonReference.txt): null

2018-12-11 11:55:35 - [TEST_STEP][PASSED] - Statement - bufferread = new java.io.BufferedReader(new java.io.FileReader(RefNo)): null

2018-12-11 11:55:35 - [TEST_STEP][PASSED] - Statement - readedVal = bufferread.readLine(): null

2018-12-11 11:55:35 - [TEST_STEP][PASSED] - Statement - out.println(CaseReferenceNo): null

2018-12-11 11:55:35 - [TEST_STEP][PASSED] - Statement - out.println(readedVal): null

2018-12-11 11:55:35 - [TEST_STEP][PASSED] - Statement - CaseReferenceNo = "": null

2018-12-11 11:55:35 - [TEST_STEP][PASSED] - Statement - CaseReferenceNo = readedVal: null

2018-12-11 11:55:35 - [MESSAGE][PASSED] - Call Test Case 'Test Cases/Final Aug 2018 - PKS Automation/Common/Reference Number Getter' successfully

2018-12-11 11:55:35 - [TEST_STEP][PASSED] - callTestCase: Call Test Case 'Test Cases/Final Aug 2018 - PKS Automation/Common/Workflow Owner Finder' successfully

2018-12-11 11:55:35 - [TEST_CASE][PASSED] - Test Cases/Final Aug 2018 - PKS Automation/Common/Workflow Owner Finder: Test Cases/Final Aug 2018 - PKS Automation/Common/Workflow Owner Finder

2018-12-11 11:55:35 - [TEST_STEP][PASSED] - openBrowser: Browser is opened with url: ''

2018-12-11 11:55:35 - [MESSAGE][WARNING] - A browser is already opened. Closing browser and opening a new one

2018-12-11 11:55:38 - [MESSAGE][PASSED] - Browser is opened with url: ''

2018-12-11 11:55:38 - [TEST_STEP][PASSED] - navigateToUrl: Navigate to 'https://assist2-uat.perkeso.gov.my/login' successfully

2018-12-11 11:55:39 - [MESSAGE][PASSED] - Navigate to 'https://assist2-uat.perkeso.gov.my/login' successfully

2018-12-11 11:55:39 - [TEST_STEP][PASSED] - delay: Delayed 5 second(s)

2018-12-11 11:55:44 - [MESSAGE][PASSED] - Delayed 5 second(s)

2018-12-11 11:55:44 - [TEST_STEP][PASSED] - setText: Text 'test@liferay.com' is set on object 'Object Repository/Final Object Repo/Login Page/Internal User/Email Address'

2018-12-11 11:55:44 - [MESSAGE][PASSED] - Text 'test@liferay.com' is set on object 'Object Repository/Final Object Repo/Login Page/Internal User/Email Address'

2018-12-11 11:55:44 - [TEST_STEP][PASSED] - click: Object: 'Object Repository/Final Object Repo/Login Page/Internal User/Next Button' is clicked on

2018-12-11 11:55:44 - [MESSAGE][PASSED] - Object: 'Object Repository/Final Object Repo/Login Page/Internal User/Next Button' is clicked on

2018-12-11 11:55:44 - [TEST_STEP][PASSED] - delay: Delayed 2 second(s)

2018-12-11 11:55:46 - [MESSAGE][PASSED] - Delayed 2 second(s)

2018-12-11 11:55:46 - [TEST_STEP][PASSED] - setText: Text 'test' is set on object 'Object Repository/Final Object Repo/Login Page/Internal User/Password'

2018-12-11 11:55:47 - [MESSAGE][PASSED] - Text 'test' is set on object 'Object Repository/Final Object Repo/Login Page/Internal User/Password'

2018-12-11 11:55:47 - [TEST_STEP][PASSED] - delay: Delayed 2 second(s)

2018-12-11 11:55:49 - [MESSAGE][PASSED] - Delayed 2 second(s)

2018-12-11 11:55:49 - [TEST_STEP][PASSED] - click: Object: 'Object Repository/Final Object Repo/Login Page/Internal User/Login Button' is clicked on

2018-12-11 11:55:49 - [MESSAGE][PASSED] - Object: 'Object Repository/Final Object Repo/Login Page/Internal User/Login Button' is clicked on

2018-12-11 11:55:49 - [TEST_STEP][PASSED] - Statement - tester = com.kms.katalon.core.testobject.ObjectRepository.findTestObject(Final Object Repo/Landing Page/Select to English): Finding Test Object with id 'Object Repository/Final Object Repo/Landing Page/Select to English'

2018-12-11 11:55:49 - [TEST_STEP][PASSED] - Statement - Try: Delayed 2 second(s)

2018-12-11 11:55:49 - [TEST_STEP][PASSED] - Statement - Checker = com.kms.katalon.core.webui.keyword.WebUiBuiltInKeywords.verifyElementNotPresent(tester, 3): Web element with id: 'Object Repository/Final Object Repo/Landing Page/Select to English' located by 'By.xpath: //a[@class = 'taglib-language-list-text' and @lang = 'en-US' and (contains(text(), 'EN') or contains(., 'EN'))]' is not present after '3' second(s)

2018-12-11 11:55:51 - [MESSAGE][PASSED] - Web element with id: 'Object Repository/Final Object Repo/Landing Page/Select to English' located by 'By.xpath: //a[@class = 'taglib-language-list-text' and @lang = 'en-US' and (contains(text(), 'EN') or contains(., 'EN'))]' is not present after '3' second(s)

2018-12-11 11:55:51 - [TEST_STEP][PASSED] - Statement - If (Checker == false): null

2018-12-11 11:55:51 - [TEST_STEP][PASSED] - delay: Delayed 2 second(s)

2018-12-11 11:55:53 - [MESSAGE][PASSED] - Delayed 2 second(s)

2018-12-11 11:55:53 - [TEST_STEP][PASSED] - delay: Delayed 5 second(s)

2018-12-11 11:55:58 - [MESSAGE][PASSED] - Delayed 5 second(s)

2018-12-11 11:55:58 - [TEST_STEP][PASSED] - mouseOver: Object: 'Object Repository/Final Object Repo/Landing Page/WorkFlow Menu' is hovered

2018-12-11 11:55:58 - [MESSAGE][PASSED] - Object: 'Object Repository/Final Object Repo/Landing Page/WorkFlow Menu' is hovered

2018-12-11 11:55:58 - [TEST_STEP][PASSED] - delay: Delayed 2 second(s)

2018-12-11 11:56:00 - [MESSAGE][PASSED] - Delayed 2 second(s)

2018-12-11 11:56:00 - [TEST_STEP][PASSED] - click: Object: 'Object Repository/Final Object Repo/Landing Page/Select to Workflow Listing' is clicked on

2018-12-11 11:56:01 - [MESSAGE][PASSED] - Object: 'Object Repository/Final Object Repo/Landing Page/Select to Workflow Listing' is clicked on

2018-12-11 11:56:01 - [TEST_STEP][PASSED] - delay: Delayed 2 second(s)

2018-12-11 11:56:03 - [MESSAGE][PASSED] - Delayed 2 second(s)

2018-12-11 11:56:03 - [TEST_STEP][PASSED] - click: Object: 'Object Repository/Final Object Repo/WorkFlow Listing Page/Search Information - To Put Ref No' is clicked on

2018-12-11 11:56:03 - [MESSAGE][PASSED] - Object: 'Object Repository/Final Object Repo/WorkFlow Listing Page/Search Information - To Put Ref No' is clicked on

2018-12-11 11:56:03 - [TEST_STEP][PASSED] - delay: Delayed 2 second(s)

2018-12-11 11:56:05 - [MESSAGE][PASSED] - Delayed 2 second(s)

2018-12-11 11:56:05 - [TEST_STEP][PASSED] - callTestCase: Call Test Case 'Test Cases/Final Aug 2018 - PKS Automation/Common/Reference Number Getter' successfully

2018-12-11 11:56:05 - [TEST_CASE][PASSED] - Test Cases/Final Aug 2018 - PKS Automation/Common/Reference Number Getter: Test Cases/Final Aug 2018 - PKS Automation/Common/Reference Number Getter

2018-12-11 11:56:05 - [TEST_STEP][PASSED] - Statement - Try: null

2018-12-11 11:56:05 - [TEST_STEP][PASSED] - Statement - RefNo = new java.io.File(C://Users//Admin//Desktop//PKS//Automation Reference Point//KatalonReference.txt): null

2018-12-11 11:56:05 - [TEST_STEP][PASSED] - Statement - bufferread = new java.io.BufferedReader(new java.io.FileReader(RefNo)): null

2018-12-11 11:56:05 - [TEST_STEP][PASSED] - Statement - readedVal = bufferread.readLine(): null

2018-12-11 11:56:05 - [TEST_STEP][PASSED] - Statement - out.println(CaseReferenceNo): null

2018-12-11 11:56:05 - [TEST_STEP][PASSED] - Statement - out.println(readedVal): null

2018-12-11 11:56:05 - [TEST_STEP][PASSED] - Statement - CaseReferenceNo = "": null

2018-12-11 11:56:05 - [TEST_STEP][PASSED] - Statement - CaseReferenceNo = readedVal: null

2018-12-11 11:56:05 - [MESSAGE][PASSED] - Call Test Case 'Test Cases/Final Aug 2018 - PKS Automation/Common/Reference Number Getter' successfully

2018-12-11 11:56:05 - [TEST_STEP][PASSED] - setText: Text 'CUN122018C200001716' is set on object 'Object Repository/Final Object Repo/WorkFlow Listing Page/Ref No Set Text'

2018-12-11 11:56:05 - [MESSAGE][PASSED] - Text 'CUN122018C200001716' is set on object 'Object Repository/Final Object Repo/WorkFlow Listing Page/Ref No Set Text'

2018-12-11 11:56:06 - [TEST_STEP][PASSED] - delay: Delayed 2 second(s)

2018-12-11 11:56:08 - [MESSAGE][PASSED] - Delayed 2 second(s)

2018-12-11 11:56:08 - [TEST_STEP][PASSED] - click: Object: 'Object Repository/Final Object Repo/WorkFlow Listing Page/Search Ref No Search Button' is clicked on

2018-12-11 11:56:08 - [MESSAGE][PASSED] - Object: 'Object Repository/Final Object Repo/WorkFlow Listing Page/Search Ref No Search Button' is clicked on

2018-12-11 11:56:08 - [TEST_STEP][PASSED] - delay: Delayed 6 second(s)

2018-12-11 11:56:14 - [MESSAGE][PASSED] - Delayed 6 second(s)

2018-12-11 11:56:14 - [TEST_STEP][PASSED] - click: Object: 'Object Repository/Final Object Repo/WorkFlow Listing Page/Click Continue Tooltip' is clicked on

2018-12-11 11:56:15 - [MESSAGE][PASSED] - Object: 'Object Repository/Final Object Repo/WorkFlow Listing Page/Click Continue Tooltip' is clicked on

2018-12-11 11:56:15 - [TEST_STEP][PASSED] - delay: Delayed 5 second(s)

2018-12-11 11:56:20 - [MESSAGE][PASSED] - Delayed 5 second(s)

2018-12-11 11:56:20 - [TEST_STEP][PASSED] - doubleClick: Object: 'Object Repository/Final Object Repo/WorkFlow Listing Page/Workflow Found - Listing 1' is double clicked on

2018-12-11 11:56:20 - [MESSAGE][PASSED] - Object: 'Object Repository/Final Object Repo/WorkFlow Listing Page/Workflow Found - Listing 1' is double clicked on

2018-12-11 11:56:20 - [TEST_STEP][PASSED] - Statement - println(OwnerID): null

2018-12-11 11:56:20 - [TEST_STEP][PASSED] - Statement - OwnerID = com.kms.katalon.core.webui.keyword.WebUiBuiltInKeywords.getText(com.kms.katalon.core.testobject.ObjectRepository.findTestObject(Final Object Repo/WorkFlow Listing Page/Workflow Found - Listing 1), STOP_ON_FAILURE): Text of object 'Object Repository/Final Object Repo/WorkFlow Listing Page/Workflow Found - Listing 1' is: 'JOHORuo3'

2018-12-11 11:56:20 - [MESSAGE][PASSED] - Text of object 'Object Repository/Final Object Repo/WorkFlow Listing Page/Workflow Found - Listing 1' is: 'JOHORuo3'

2018-12-11 11:56:20 - [TEST_STEP][PASSED] - Statement - OwnerID = OwnerID.toLowerCase() + "@gmail.com": null

2018-12-11 11:56:20 - [TEST_STEP][PASSED] - Statement - println(OwnerID): null

2018-12-11 11:56:20 - [TEST_STEP][PASSED] - delay: Delayed 2 second(s)

2018-12-11 11:56:22 - [MESSAGE][PASSED] - Delayed 2 second(s)

2018-12-11 11:56:22 - [MESSAGE][PASSED] - Call Test Case 'Test Cases/Final Aug 2018 - PKS Automation/Common/Workflow Owner Finder' successfully

2018-12-11 11:56:22 - [TEST_STEP][PASSED] - delay: Delayed 1 second(s)

2018-12-11 11:56:23 - [MESSAGE][PASSED] - Delayed 1 second(s)

2018-12-11 11:56:23 - [TEST_STEP][PASSED] - navigateToUrl: Navigate to 'https://assist2-uat.perkeso.gov.my/c/portal/logout' successfully

2018-12-11 11:56:24 - [MESSAGE][PASSED] - Navigate to 'https://assist2-uat.perkeso.gov.my/c/portal/logout' successfully

2018-12-11 11:56:24 - [TEST_STEP][PASSED] - delay: Delayed 1 second(s)

2018-12-11 11:56:25 - [MESSAGE][PASSED] - Delayed 1 second(s)

2018-12-11 11:56:25 - [TEST_STEP][PASSED] - callTestCase: Call Test Case 'Test Cases/Final Aug 2018 - PKS Automation/Registration Module/Workflow/Login and Search Case For Workflow' successfully

2018-12-11 11:56:25 - [TEST_CASE][PASSED] - Test Cases/Final Aug 2018 - PKS Automation/Registration Module/Workflow/Login and Search Case For Workflow: Test Cases/Final Aug 2018 - PKS Automation/Registration Module/Workflow/Login and Search Case For Workflow

2018-12-11 11:56:25 - [TEST_STEP][PASSED] - navigateToUrl: Navigate to 'https://assist2-uat.perkeso.gov.my/login' successfully

2018-12-11 11:56:25 - [MESSAGE][PASSED] - Navigate to 'https://assist2-uat.perkeso.gov.my/login' successfully

2018-12-11 11:56:25 - [TEST_STEP][PASSED] - setText: Text 'johoruo3@gmail.com' is set on object 'Object Repository/Final Object Repo/Login Page/Internal User/Email Address'

2018-12-11 11:56:26 - [MESSAGE][PASSED] - Text 'johoruo3@gmail.com' is set on object 'Object Repository/Final Object Repo/Login Page/Internal User/Email Address'

2018-12-11 11:56:26 - [TEST_STEP][PASSED] - click: Object: 'Object Repository/Final Object Repo/Login Page/Internal User/Next Button' is clicked on

2018-12-11 11:56:26 - [MESSAGE][PASSED] - Object: 'Object Repository/Final Object Repo/Login Page/Internal User/Next Button' is clicked on

2018-12-11 11:56:26 - [TEST_STEP][PASSED] - delay: Delayed 1 second(s)

2018-12-11 11:56:27 - [MESSAGE][PASSED] - Delayed 1 second(s)

2018-12-11 11:56:27 - [TEST_STEP][PASSED] - setEncryptedText: Text ****** has been set on object 'Object Repository/Final Object Repo/Login Page/Internal User/Password'

2018-12-11 11:56:27 - [MESSAGE][PASSED] - Text ****** has been set on object 'Object Repository/Final Object Repo/Login Page/Internal User/Password'

2018-12-11 11:56:27 - [TEST_STEP][PASSED] - click: Object: 'Object Repository/Final Object Repo/Login Page/Internal User/Login Button' is clicked on

2018-12-11 11:56:27 - [MESSAGE][PASSED] - Object: 'Object Repository/Final Object Repo/Login Page/Internal User/Login Button' is clicked on

2018-12-11 11:56:27 - [TEST_STEP][PASSED] - delay: Delayed 2 second(s)

2018-12-11 11:56:29 - [MESSAGE][PASSED] - Delayed 2 second(s)

2018-12-11 11:56:29 - [TEST_STEP][PASSED] - Statement - Try: Delayed 2 second(s)

2018-12-11 11:56:29 - [TEST_STEP][PASSED] - Statement - Checker = false: null

2018-12-11 11:56:29 - [TEST_STEP][PASSED] - Statement - Checker = com.kms.katalon.core.webui.keyword.WebUiBuiltInKeywords.verifyElementHasAttribute(com.kms.katalon.core.testobject.ObjectRepository.findTestObject(Final Object Repo/Landing Page/BM Detecting), "href", 20, OPTIONAL): Object 'Object Repository/Final Object Repo/Landing Page/BM Detecting' has attribute 'href'

2018-12-11 11:56:29 - [MESSAGE][PASSED] - Object 'Object Repository/Final Object Repo/Landing Page/BM Detecting' has attribute 'href'

2018-12-11 11:56:29 - [TEST_STEP][PASSED] - Statement - out.println(Checker): null

2018-12-11 11:56:29 - [TEST_STEP][PASSED] - Statement - If (Checker == false): null

2018-12-11 11:56:29 - [TEST_STEP][PASSED] - Statement - Else: null

2018-12-11 11:56:29 - [TEST_STEP][PASSED] - delay: Delayed 2 second(s)

2018-12-11 11:56:31 - [MESSAGE][PASSED] - Delayed 2 second(s)

2018-12-11 11:56:31 - [TEST_STEP][PASSED] - click: Object: 'Object Repository/Final Object Repo/Page_MyASSIST - ASSIST - Search Pending Case For Add Supporting Document/Search Information' is clicked on

2018-12-11 11:56:32 - [MESSAGE][PASSED] - Object: 'Object Repository/Final Object Repo/Page_MyASSIST - ASSIST - Search Pending Case For Add Supporting Document/Search Information' is clicked on

2018-12-11 11:56:32 - [TEST_STEP][PASSED] - delay: Delayed 3 second(s)

2018-12-11 11:56:35 - [MESSAGE][PASSED] - Delayed 3 second(s)

2018-12-11 11:56:35 - [TEST_STEP][PASSED] - sendKeys: Keys 'CUN122018C200001716' sent to object: 'Object Repository/Final Object Repo/Page_MyASSIST - ASSIST - Search Pending Case For Add Supporting Document/Reference No'

2018-12-11 11:56:35 - [MESSAGE][PASSED] - Keys 'CUN122018C200001716' sent to object: 'Object Repository/Final Object Repo/Page_MyASSIST - ASSIST - Search Pending Case For Add Supporting Document/Reference No'

2018-12-11 11:56:35 - [TEST_STEP][PASSED] - click: Object: 'Object Repository/Final Object Repo/Page_MyASSIST - ASSIST - Search Pending Case For Add Supporting Document/Search Reference No' is clicked on

2018-12-11 11:56:35 - [MESSAGE][PASSED] - Object: 'Object Repository/Final Object Repo/Page_MyASSIST - ASSIST - Search Pending Case For Add Supporting Document/Search Reference No' is clicked on

2018-12-11 11:56:35 - [TEST_STEP][PASSED] - delay: Delayed 2 second(s)

2018-12-11 11:56:37 - [MESSAGE][PASSED] - Delayed 2 second(s)

2018-12-11 11:56:37 - [TEST_STEP][PASSED] - click: Object: 'Object Repository/Final Object Repo/Page_MyASSIST - ASSIST - Search Pending Case For Add Supporting Document/Continue' is clicked on

2018-12-11 11:56:40 - [MESSAGE][PASSED] - Object: 'Object Repository/Final Object Repo/Page_MyASSIST - ASSIST - Search Pending Case For Add Supporting Document/Continue' is clicked on

2018-12-11 11:56:40 - [TEST_STEP][PASSED] - delay: Delayed 20 second(s)

2018-12-11 11:57:00 - [MESSAGE][PASSED] - Delayed 20 second(s)

2018-12-11 11:57:00 - [MESSAGE][PASSED] - Call Test Case 'Test Cases/Final Aug 2018 - PKS Automation/Registration Module/Workflow/Login and Search Case For Workflow' successfully

2018-12-11 11:57:00 - [TEST_STEP][PASSED] - click: Object: 'Object Repository/Final Object Repo/Page_Form 1A - Cessation As Employer/Page_Form 1A - Cessation As Employer (Approve)/Save  Continue in Form 1A Page' is clicked on

2018-12-11 11:57:00 - [MESSAGE][PASSED] - Object: 'Object Repository/Final Object Repo/Page_Form 1A - Cessation As Employer/Page_Form 1A - Cessation As Employer (Approve)/Save  Continue in Form 1A Page' is clicked on

2018-12-11 11:57:00 - [TEST_STEP][PASSED] - delay: Delayed 2 second(s)

2018-12-11 11:57:02 - [MESSAGE][PASSED] - Delayed 2 second(s)

2018-12-11 11:57:02 - [TEST_STEP][PASSED] - click: Object: 'Object Repository/Final Object Repo/Page_Form 1A - Cessation As Employer/Employment Resign Date' is clicked on

2018-12-11 11:57:03 - [MESSAGE][PASSED] - Object: 'Object Repository/Final Object Repo/Page_Form 1A - Cessation As Employer/Employment Resign Date' is clicked on

2018-12-11 11:57:03 - [TEST_STEP][PASSED] - delay: Delayed 1 second(s)

2018-12-11 11:57:04 - [MESSAGE][PASSED] - Delayed 1 second(s)

2018-12-11 11:57:04 - [TEST_STEP][PASSED] - selectOptionByValue: All options with value '2030' are selected in object 'Object Repository/Final Object Repo/Page_Form 1A - Cessation As Employer/Employment Resign Date - Year' 

2018-12-11 11:57:04 - [MESSAGE][PASSED] - All options with value '2030' are selected in object 'Object Repository/Final Object Repo/Page_Form 1A - Cessation As Employer/Employment Resign Date - Year' 

2018-12-11 11:57:04 - [TEST_STEP][PASSED] - delay: Delayed 1 second(s)

2018-12-11 11:57:05 - [MESSAGE][PASSED] - Delayed 1 second(s)

2018-12-11 11:57:05 - [TEST_STEP][PASSED] - click: Object: 'Object Repository/Final Object Repo/Page_Form 1A - Cessation As Employer/Employment Resign Date - Year - Date' is clicked on

2018-12-11 11:57:05 - [MESSAGE][PASSED] - Object: 'Object Repository/Final Object Repo/Page_Form 1A - Cessation As Employer/Employment Resign Date - Year - Date' is clicked on

2018-12-11 11:57:05 - [TEST_STEP][PASSED] - delay: Delayed 2 second(s)

2018-12-11 11:57:07 - [MESSAGE][PASSED] - Delayed 2 second(s)

2018-12-11 11:57:07 - [TEST_STEP][PASSED] - click: Object: 'Object Repository/Final Object Repo/Page_Form 1A - Cessation As Employer/Page_Form 1A - Cessation As Employer (Approve)/Save  Continue in Update Add Employee Resigned Date Page' is clicked on

2018-12-11 11:57:07 - [MESSAGE][PASSED] - Object: 'Object Repository/Final Object Repo/Page_Form 1A - Cessation As Employer/Page_Form 1A - Cessation As Employer (Approve)/Save  Continue in Update Add Employee Resigned Date Page' is clicked on

2018-12-11 11:57:07 - [TEST_STEP][PASSED] - delay: Delayed 2 second(s)

2018-12-11 11:57:09 - [MESSAGE][PASSED] - Delayed 2 second(s)

2018-12-11 11:57:09 - [TEST_STEP][PASSED] - click: Object: 'Object Repository/Final Object Repo/Page_Form 1A - Cessation As Employer/Set Latest - Yes' is clicked on

2018-12-11 11:57:10 - [MESSAGE][PASSED] - Object: 'Object Repository/Final Object Repo/Page_Form 1A - Cessation As Employer/Set Latest - Yes' is clicked on

2018-12-11 11:57:10 - [TEST_STEP][PASSED] - delay: Delayed 2 second(s)

2018-12-11 11:57:12 - [MESSAGE][PASSED] - Delayed 2 second(s)

2018-12-11 11:57:12 - [TEST_STEP][PASSED] - click: Object: 'Object Repository/Final Object Repo/Page_Form 1A - Cessation As Employer/Page_Form 1A - Cessation As Employer (Approve)/Save  Contine in Uploading Document Page' is clicked on

2018-12-11 11:57:13 - [MESSAGE][PASSED] - Object: 'Object Repository/Final Object Repo/Page_Form 1A - Cessation As Employer/Page_Form 1A - Cessation As Employer (Approve)/Save  Contine in Uploading Document Page' is clicked on

2018-12-11 11:57:13 - [TEST_STEP][PASSED] - delay: Delayed 2 second(s)

2018-12-11 11:57:15 - [MESSAGE][PASSED] - Delayed 2 second(s)

2018-12-11 11:57:15 - [TEST_STEP][PASSED] - click: Object: 'Object Repository/Final Object Repo/Page_Form 1A - Cessation As Employer/Page_Form 1A - Cessation As Employer (Under enforcement)/Under enforcement' is clicked on

2018-12-11 11:57:17 - [MESSAGE][PASSED] - Object: 'Object Repository/Final Object Repo/Page_Form 1A - Cessation As Employer/Page_Form 1A - Cessation As Employer (Under enforcement)/Under enforcement' is clicked on

2018-12-11 11:57:17 - [TEST_STEP][PASSED] - delay: Delayed 2 second(s)

2018-12-11 11:57:19 - [MESSAGE][PASSED] - Delayed 2 second(s)

2018-12-11 11:57:19 - [TEST_STEP][PASSED] - setText: Text 'remark' is set on object 'Object Repository/Final Object Repo/Page_Form 1A - Cessation As Employer/Page_Form 1A - Cessation As Employer (Under enforcement)/Under enforcement - remark'

2018-12-11 11:57:20 - [MESSAGE][PASSED] - Text 'remark' is set on object 'Object Repository/Final Object Repo/Page_Form 1A - Cessation As Employer/Page_Form 1A - Cessation As Employer (Under enforcement)/Under enforcement - remark'

2018-12-11 11:57:20 - [TEST_STEP][PASSED] - delay: Delayed 2 second(s)

2018-12-11 11:57:22 - [MESSAGE][PASSED] - Delayed 2 second(s)

2018-12-11 11:57:22 - [TEST_STEP][PASSED] - click: Object: 'Object Repository/Final Object Repo/Page_Form 1A - Cessation As Employer/Page_Form 1A - Cessation As Employer (Under enforcement)/Save  Continue in Under enforcement Page' is clicked on

2018-12-11 11:57:22 - [MESSAGE][PASSED] - Object: 'Object Repository/Final Object Repo/Page_Form 1A - Cessation As Employer/Page_Form 1A - Cessation As Employer (Under enforcement)/Save  Continue in Under enforcement Page' is clicked on

2018-12-11 11:57:22 - [TEST_STEP][PASSED] - delay: Delayed 2 second(s)

2018-12-11 11:57:24 - [MESSAGE][PASSED] - Delayed 2 second(s)

2018-12-11 11:57:24 - [TEST_STEP][PASSED] - click: Object: 'Object Repository/Final Object Repo/Page_Form 1A - Cessation As Employer/Page_Form 1A - Cessation As Employer (Under enforcement)/Message The case is under enforcement' is clicked on

2018-12-11 11:57:26 - [MESSAGE][PASSED] - Object: 'Object Repository/Final Object Repo/Page_Form 1A - Cessation As Employer/Page_Form 1A - Cessation As Employer (Under enforcement)/Message The case is under enforcement' is clicked on

2018-12-11 11:57:26 - [MESSAGE][PASSED] - Call Test Case 'Test Cases/Final Aug 2018 - PKS Automation/Registration Module/Workflow/Form 1A - Cessation As Employer/Template/Form 1 A - Cessation As Employer (Under enforcement)' successfully]]></system-out>
         <system-err><![CDATA[]]></system-err>
      </testcase>
      <testcase name="Test Cases/Final Aug 2018 - PKS Automation/Registration Module/Workflow/Form 1A - Cessation As Employer/PKRBO to UO (Approve)" classname="Test Cases/Final Aug 2018 - PKS Automation/Registration Module/Workflow/Form 1A - Cessation As Employer/PKRBO to UO (Approve)" status="PASSED">
         <system-out><![CDATA[2018-12-11 11:57:26 - [TEST_CASE][PASSED] - Test Cases/Final Aug 2018 - PKS Automation/Registration Module/Workflow/Form 1A - Cessation As Employer/PKRBO to UO (Approve): Test Cases/Final Aug 2018 - PKS Automation/Registration Module/Workflow/Form 1A - Cessation As Employer/PKRBO to UO (Approve)

2018-12-11 11:57:26 - [TEST_STEP][PASSED] - callTestCase: Call Test Case 'Test Cases/Final Aug 2018 - PKS Automation/Registration Module/Workflow/Form 1A - Cessation As Employer/Template/Form 1 A - Cessation As Employer (PKRBO)' successfully

2018-12-11 11:57:26 - [TEST_CASE][PASSED] - Test Cases/Final Aug 2018 - PKS Automation/Registration Module/Workflow/Form 1A - Cessation As Employer/Template/Form 1 A - Cessation As Employer (PKRBO): Test Cases/Final Aug 2018 - PKS Automation/Registration Module/Workflow/Form 1A - Cessation As Employer/Template/Form 1 A - Cessation As Employer (PKRBO)

2018-12-11 11:57:26 - [TEST_STEP][PASSED] - openBrowser: Browser is opened with url: ''

2018-12-11 11:57:26 - [MESSAGE][WARNING] - A browser is already opened. Closing browser and opening a new one

2018-12-11 11:57:30 - [MESSAGE][PASSED] - Browser is opened with url: ''

2018-12-11 11:57:30 - [TEST_STEP][PASSED] - navigateToUrl: Navigate to 'https://assist2-uat.perkeso.gov.my/login' successfully

2018-12-11 11:57:31 - [MESSAGE][PASSED] - Navigate to 'https://assist2-uat.perkeso.gov.my/login' successfully

2018-12-11 11:57:31 - [TEST_STEP][PASSED] - setText: Text 'johorpkrbo1@gmail.com' is set on object 'Object Repository/Final Object Repo/Login Page/Internal User/Email Address'

2018-12-11 11:57:31 - [MESSAGE][PASSED] - Text 'johorpkrbo1@gmail.com' is set on object 'Object Repository/Final Object Repo/Login Page/Internal User/Email Address'

2018-12-11 11:57:31 - [TEST_STEP][PASSED] - click: Object: 'Object Repository/Final Object Repo/Login Page/Internal User/Next Button' is clicked on

2018-12-11 11:57:31 - [MESSAGE][PASSED] - Object: 'Object Repository/Final Object Repo/Login Page/Internal User/Next Button' is clicked on

2018-12-11 11:57:31 - [TEST_STEP][PASSED] - delay: Delayed 1 second(s)

2018-12-11 11:57:32 - [MESSAGE][PASSED] - Delayed 1 second(s)

2018-12-11 11:57:32 - [TEST_STEP][PASSED] - setEncryptedText: Text ****** has been set on object 'Object Repository/Final Object Repo/Login Page/Internal User/Password'

2018-12-11 11:57:33 - [MESSAGE][PASSED] - Text ****** has been set on object 'Object Repository/Final Object Repo/Login Page/Internal User/Password'

2018-12-11 11:57:33 - [TEST_STEP][PASSED] - click: Object: 'Object Repository/Final Object Repo/Login Page/Internal User/Login Button' is clicked on

2018-12-11 11:57:33 - [MESSAGE][PASSED] - Object: 'Object Repository/Final Object Repo/Login Page/Internal User/Login Button' is clicked on

2018-12-11 11:57:33 - [TEST_STEP][PASSED] - delay: Delayed 1 second(s)

2018-12-11 11:57:34 - [MESSAGE][PASSED] - Delayed 1 second(s)

2018-12-11 11:57:34 - [TEST_STEP][PASSED] - Statement - Try: Delayed 2 second(s)

2018-12-11 11:57:34 - [TEST_STEP][PASSED] - Statement - Checker = false: null

2018-12-11 11:57:34 - [TEST_STEP][PASSED] - Statement - Checker = com.kms.katalon.core.webui.keyword.WebUiBuiltInKeywords.verifyElementHasAttribute(com.kms.katalon.core.testobject.ObjectRepository.findTestObject(Final Object Repo/Landing Page/BM Detecting), "href", 20, OPTIONAL): Object 'Object Repository/Final Object Repo/Landing Page/BM Detecting' has attribute 'href'

2018-12-11 11:57:35 - [MESSAGE][PASSED] - Object 'Object Repository/Final Object Repo/Landing Page/BM Detecting' has attribute 'href'

2018-12-11 11:57:35 - [TEST_STEP][PASSED] - Statement - out.println(Checker): null

2018-12-11 11:57:35 - [TEST_STEP][PASSED] - Statement - If (Checker == false): null

2018-12-11 11:57:35 - [TEST_STEP][PASSED] - Statement - Else: null

2018-12-11 11:57:35 - [TEST_STEP][PASSED] - delay: Delayed 2 second(s)

2018-12-11 11:57:37 - [MESSAGE][PASSED] - Delayed 2 second(s)

2018-12-11 11:57:37 - [TEST_STEP][PASSED] - navigateToUrl: Navigate to 'https://assist2-uat.perkeso.gov.my/web/registration/update/form-1a-cessation-as-employer-discontinue-business-' successfully

2018-12-11 11:57:38 - [MESSAGE][PASSED] - Navigate to 'https://assist2-uat.perkeso.gov.my/web/registration/update/form-1a-cessation-as-employer-discontinue-business-' successfully

2018-12-11 11:57:38 - [TEST_STEP][PASSED] - setText: Text 'E1102069770Z' is set on object 'Object Repository/Final Object Repo/Page_Update Employer Information/Employer Code'

2018-12-11 11:57:38 - [MESSAGE][PASSED] - Text 'E1102069770Z' is set on object 'Object Repository/Final Object Repo/Page_Update Employer Information/Employer Code'

2018-12-11 11:57:38 - [TEST_STEP][PASSED] - click: Object: 'Object Repository/Final Object Repo/Page_Update Employer Information/Search Button' is clicked on

2018-12-11 11:57:38 - [MESSAGE][PASSED] - Object: 'Object Repository/Final Object Repo/Page_Update Employer Information/Search Button' is clicked on

2018-12-11 11:57:38 - [TEST_STEP][PASSED] - click: Object: 'Object Repository/Final Object Repo/Page_Update Employer Information/Edit Button' is clicked on

2018-12-11 11:57:41 - [MESSAGE][PASSED] - Object: 'Object Repository/Final Object Repo/Page_Update Employer Information/Edit Button' is clicked on

2018-12-11 11:57:41 - [TEST_STEP][PASSED] - Statement - abc = com.kms.katalon.core.webui.keyword.WebUiBuiltInKeywords.getAttribute(com.kms.katalon.core.testobject.ObjectRepository.findTestObject(Final Object Repo/Page_Form 1A - Cessation As Employer/Employer Status), "value"): Attribute 'value' of object 'Object Repository/Final Object Repo/Page_Form 1A - Cessation As Employer/Employer Status' is: 'Dormant'

2018-12-11 11:57:41 - [MESSAGE][PASSED] - Attribute 'value' of object 'Object Repository/Final Object Repo/Page_Form 1A - Cessation As Employer/Employer Status' is: 'Dormant'

2018-12-11 11:57:41 - [TEST_STEP][PASSED] - Statement - out.println(abc): null

2018-12-11 11:57:41 - [TEST_STEP][PASSED] - Statement - If (abc == "Active"): null

2018-12-11 11:57:41 - [TEST_STEP][PASSED] - Statement - Else If (abc == "Cancel"): null

2018-12-11 11:57:41 - [TEST_STEP][PASSED] - Statement - Else If (abc == "Dormant"): Object: 'Object Repository/Final Object Repo/Page_Form 1A - Cessation As Employer/Change Employer Status to - Dormant' is clicked on

2018-12-11 11:57:41 - [TEST_STEP][PASSED] - click: Object: 'Object Repository/Final Object Repo/Page_Form 1A - Cessation As Employer/Change Employer Status to' is clicked on

2018-12-11 11:57:41 - [MESSAGE][PASSED] - Object: 'Object Repository/Final Object Repo/Page_Form 1A - Cessation As Employer/Change Employer Status to' is clicked on

2018-12-11 11:57:41 - [TEST_STEP][PASSED] - click: Object: 'Object Repository/Final Object Repo/Page_Form 1A - Cessation As Employer/Change Employer Status to - Dormant' is clicked on

2018-12-11 11:57:41 - [MESSAGE][PASSED] - Object: 'Object Repository/Final Object Repo/Page_Form 1A - Cessation As Employer/Change Employer Status to - Dormant' is clicked on

2018-12-11 11:57:41 - [TEST_STEP][PASSED] - click: Object: 'Object Repository/Final Object Repo/Page_Form 1A - Cessation As Employer/Calender' is clicked on

2018-12-11 11:57:42 - [MESSAGE][PASSED] - Object: 'Object Repository/Final Object Repo/Page_Form 1A - Cessation As Employer/Calender' is clicked on

2018-12-11 11:57:42 - [TEST_STEP][PASSED] - click: Object: 'Object Repository/Final Object Repo/Page_Form 1A - Cessation As Employer/Calender - Date' is clicked on

2018-12-11 11:57:42 - [MESSAGE][PASSED] - Object: 'Object Repository/Final Object Repo/Page_Form 1A - Cessation As Employer/Calender - Date' is clicked on

2018-12-11 11:57:42 - [TEST_STEP][PASSED] - delay: Delayed 2 second(s)

2018-12-11 11:57:44 - [MESSAGE][PASSED] - Delayed 2 second(s)

2018-12-11 11:57:44 - [TEST_STEP][PASSED] - click: Object: 'Object Repository/Final Object Repo/Page_Form 1A - Cessation As Employer/Save  Continue in Form 1A Page' is clicked on

2018-12-11 11:57:44 - [MESSAGE][PASSED] - Object: 'Object Repository/Final Object Repo/Page_Form 1A - Cessation As Employer/Save  Continue in Form 1A Page' is clicked on

2018-12-11 11:57:44 - [TEST_STEP][PASSED] - delay: Delayed 2 second(s)

2018-12-11 11:57:46 - [MESSAGE][PASSED] - Delayed 2 second(s)

2018-12-11 11:57:46 - [TEST_STEP][PASSED] - click: Object: 'Object Repository/Final Object Repo/Page_Form 1A - Cessation As Employer/Employment Resign Date' is clicked on

2018-12-11 11:57:46 - [MESSAGE][PASSED] - Object: 'Object Repository/Final Object Repo/Page_Form 1A - Cessation As Employer/Employment Resign Date' is clicked on

2018-12-11 11:57:46 - [TEST_STEP][PASSED] - delay: Delayed 1 second(s)

2018-12-11 11:57:47 - [MESSAGE][PASSED] - Delayed 1 second(s)

2018-12-11 11:57:47 - [TEST_STEP][PASSED] - Statement - CaseReferenceNo = com.kms.katalon.core.webui.keyword.WebUiBuiltInKeywords.getText(com.kms.katalon.core.testobject.ObjectRepository.findTestObject(Final Object Repo/Page_Update Employer Information/Reference Number in Update Employee Information Page)): Text of object 'Object Repository/Final Object Repo/Page_Update Employer Information/Reference Number in Update Employee Information Page' is: 'CUN122018C200001717'

2018-12-11 11:57:47 - [MESSAGE][PASSED] - Text of object 'Object Repository/Final Object Repo/Page_Update Employer Information/Reference Number in Update Employee Information Page' is: 'CUN122018C200001717'

2018-12-11 11:57:47 - [TEST_STEP][PASSED] - Statement - out.println(CaseReferenceNo): null

2018-12-11 11:57:47 - [TEST_STEP][PASSED] - callTestCase: Call Test Case 'Test Cases/Final Aug 2018 - PKS Automation/Common/Reference Number Setter' successfully

2018-12-11 11:57:47 - [TEST_CASE][PASSED] - Test Cases/Final Aug 2018 - PKS Automation/Common/Reference Number Setter: Test Cases/Final Aug 2018 - PKS Automation/Common/Reference Number Setter

2018-12-11 11:57:47 - [TEST_STEP][PASSED] - Statement - RefNoOldFile = new java.io.File(C://Users//Admin//Desktop//PKS//Automation Reference Point//KatalonReference.txt): null

2018-12-11 11:57:47 - [TEST_STEP][PASSED] - Statement - RefNoOldFile.delete(): null

2018-12-11 11:57:47 - [TEST_STEP][PASSED] - delay: Delayed 5 second(s)

2018-12-11 11:57:52 - [MESSAGE][PASSED] - Delayed 5 second(s)

2018-12-11 11:57:52 - [TEST_STEP][PASSED] - Statement - RefNo = new java.io.File(C://Users//Admin//Desktop//PKS//Automation Reference Point//KatalonReference.txt): null

2018-12-11 11:57:52 - [TEST_STEP][PASSED] - Statement - f2 = new java.io.FileWriter(RefNo, false): null

2018-12-11 11:57:52 - [TEST_STEP][PASSED] - Statement - f2.write(CaseReferenceNo): null

2018-12-11 11:57:52 - [TEST_STEP][PASSED] - Statement - f2.close(): null

2018-12-11 11:57:52 - [TEST_STEP][PASSED] - Statement - out.println("


" + CaseReferenceNo + "


"): null

2018-12-11 11:57:52 - [MESSAGE][PASSED] - Call Test Case 'Test Cases/Final Aug 2018 - PKS Automation/Common/Reference Number Setter' successfully

2018-12-11 11:57:52 - [TEST_STEP][PASSED] - selectOptionByValue: All options with value '2030' are selected in object 'Object Repository/Final Object Repo/Page_Form 1A - Cessation As Employer/Employment Resign Date - Year' 

2018-12-11 11:57:52 - [MESSAGE][PASSED] - All options with value '2030' are selected in object 'Object Repository/Final Object Repo/Page_Form 1A - Cessation As Employer/Employment Resign Date - Year' 

2018-12-11 11:57:52 - [TEST_STEP][PASSED] - delay: Delayed 1 second(s)

2018-12-11 11:57:53 - [MESSAGE][PASSED] - Delayed 1 second(s)

2018-12-11 11:57:53 - [TEST_STEP][PASSED] - click: Object: 'Object Repository/Final Object Repo/Page_Form 1A - Cessation As Employer/Employment Resign Date - Year - Date' is clicked on

2018-12-11 11:57:54 - [MESSAGE][PASSED] - Object: 'Object Repository/Final Object Repo/Page_Form 1A - Cessation As Employer/Employment Resign Date - Year - Date' is clicked on

2018-12-11 11:57:54 - [TEST_STEP][PASSED] - delay: Delayed 2 second(s)

2018-12-11 11:57:56 - [MESSAGE][PASSED] - Delayed 2 second(s)

2018-12-11 11:57:56 - [TEST_STEP][PASSED] - click: Object: 'Object Repository/Final Object Repo/Page_Form 1A - Cessation As Employer/Save  Continue in Update Add Employee Resigned Date Page' is clicked on

2018-12-11 11:57:56 - [MESSAGE][PASSED] - Object: 'Object Repository/Final Object Repo/Page_Form 1A - Cessation As Employer/Save  Continue in Update Add Employee Resigned Date Page' is clicked on

2018-12-11 11:57:56 - [TEST_STEP][PASSED] - delay: Delayed 2 second(s)

2018-12-11 11:57:58 - [MESSAGE][PASSED] - Delayed 2 second(s)

2018-12-11 11:57:58 - [TEST_STEP][PASSED] - click: Object: 'Object Repository/Final Object Repo/Page_Form 1A - Cessation As Employer/Set Latest - Yes' is clicked on

2018-12-11 11:57:58 - [MESSAGE][PASSED] - Object: 'Object Repository/Final Object Repo/Page_Form 1A - Cessation As Employer/Set Latest - Yes' is clicked on

2018-12-11 11:57:58 - [TEST_STEP][PASSED] - delay: Delayed 2 second(s)

2018-12-11 11:58:00 - [MESSAGE][PASSED] - Delayed 2 second(s)

2018-12-11 11:58:00 - [TEST_STEP][PASSED] - click: Object: 'Object Repository/Final Object Repo/Page_Form 1A - Cessation As Employer/Add Document' is clicked on

2018-12-11 11:58:01 - [MESSAGE][PASSED] - Object: 'Object Repository/Final Object Repo/Page_Form 1A - Cessation As Employer/Add Document' is clicked on

2018-12-11 11:58:01 - [TEST_STEP][PASSED] - delay: Delayed 2 second(s)

2018-12-11 11:58:03 - [MESSAGE][PASSED] - Delayed 2 second(s)

2018-12-11 11:58:03 - [TEST_STEP][PASSED] - click: Object: 'Object Repository/Final Object Repo/Page_Form 1A - Cessation As Employer/Document Type' is clicked on

2018-12-11 11:58:04 - [MESSAGE][PASSED] - Object: 'Object Repository/Final Object Repo/Page_Form 1A - Cessation As Employer/Document Type' is clicked on

2018-12-11 11:58:04 - [TEST_STEP][PASSED] - delay: Delayed 2 second(s)

2018-12-11 11:58:06 - [MESSAGE][PASSED] - Delayed 2 second(s)

2018-12-11 11:58:06 - [TEST_STEP][PASSED] - click: Object: 'Object Repository/Final Object Repo/Page_Form 1A - Cessation As Employer/Document Type - Supporting Document For Cessation' is clicked on

2018-12-11 11:58:06 - [MESSAGE][PASSED] - Object: 'Object Repository/Final Object Repo/Page_Form 1A - Cessation As Employer/Document Type - Supporting Document For Cessation' is clicked on

2018-12-11 11:58:06 - [TEST_STEP][PASSED] - delay: Delayed 2 second(s)

2018-12-11 11:58:08 - [MESSAGE][PASSED] - Delayed 2 second(s)

2018-12-11 11:58:08 - [TEST_STEP][PASSED] - sendKeys: Keys 'C:\Users\Public\Pictures\Sample Pictures\Koala.jpg' sent to object: 'Object Repository/Final Object Repo/Page_Form 1A - Cessation As Employer/Uploading File'

2018-12-11 11:58:08 - [MESSAGE][PASSED] - Keys 'C:\Users\Public\Pictures\Sample Pictures\Koala.jpg' sent to object: 'Object Repository/Final Object Repo/Page_Form 1A - Cessation As Employer/Uploading File'

2018-12-11 11:58:08 - [TEST_STEP][PASSED] - delay: Delayed 2 second(s)

2018-12-11 11:58:10 - [MESSAGE][PASSED] - Delayed 2 second(s)

2018-12-11 11:58:10 - [TEST_STEP][PASSED] - click: Object: 'Object Repository/Final Object Repo/Page_Form 1A - Cessation As Employer/Add Document in Uploading Page' is clicked on

2018-12-11 11:58:10 - [MESSAGE][PASSED] - Object: 'Object Repository/Final Object Repo/Page_Form 1A - Cessation As Employer/Add Document in Uploading Page' is clicked on

2018-12-11 11:58:10 - [TEST_STEP][PASSED] - delay: Delayed 15 second(s)

2018-12-11 11:58:25 - [MESSAGE][PASSED] - Delayed 15 second(s)

2018-12-11 11:58:25 - [TEST_STEP][PASSED] - click: Object: 'Object Repository/Final Object Repo/Page_Form 1A - Cessation As Employer/Save  Continue in Uploading Page' is clicked on

2018-12-11 11:58:25 - [MESSAGE][PASSED] - Object: 'Object Repository/Final Object Repo/Page_Form 1A - Cessation As Employer/Save  Continue in Uploading Page' is clicked on

2018-12-11 11:58:25 - [TEST_STEP][PASSED] - delay: Delayed 2 second(s)

2018-12-11 11:58:27 - [MESSAGE][PASSED] - Delayed 2 second(s)

2018-12-11 11:58:27 - [TEST_STEP][PASSED] - click: Object: 'Object Repository/Final Object Repo/Page_Form 1A - Cessation As Employer/Submit2' is clicked on

2018-12-11 11:58:30 - [MESSAGE][PASSED] - Object: 'Object Repository/Final Object Repo/Page_Form 1A - Cessation As Employer/Submit2' is clicked on

2018-12-11 11:58:30 - [TEST_STEP][PASSED] - delay: Delayed 2 second(s)

2018-12-11 11:58:32 - [MESSAGE][PASSED] - Delayed 2 second(s)

2018-12-11 11:58:32 - [TEST_STEP][PASSED] - click: Object: 'Object Repository/Final Object Repo/Page_Form 1A - Cessation As Employer/Confirm' is clicked on

2018-12-11 11:58:32 - [MESSAGE][PASSED] - Object: 'Object Repository/Final Object Repo/Page_Form 1A - Cessation As Employer/Confirm' is clicked on

2018-12-11 11:58:32 - [TEST_STEP][PASSED] - delay: Delayed 2 second(s)

2018-12-11 11:58:34 - [MESSAGE][PASSED] - Delayed 2 second(s)

2018-12-11 11:58:34 - [TEST_STEP][PASSED] - verifyElementVisible: Object 'Object Repository/Final Object Repo/Page_Form 1A - Cessation As Employer/Message Your Request will be routed to UO' is visible

2018-12-11 11:58:38 - [MESSAGE][PASSED] - Object 'Object Repository/Final Object Repo/Page_Form 1A - Cessation As Employer/Message Your Request will be routed to UO' is visible

2018-12-11 11:58:38 - [TEST_STEP][PASSED] - delay: Delayed 1 second(s)

2018-12-11 11:58:39 - [MESSAGE][PASSED] - Delayed 1 second(s)

2018-12-11 11:58:39 - [TEST_STEP][PASSED] - verifyElementVisible: Object 'Object Repository/Final Object Repo/Page_Form 1A - Cessation As Employer/Letter of acknowledgement' is visible

2018-12-11 11:58:39 - [MESSAGE][PASSED] - Object 'Object Repository/Final Object Repo/Page_Form 1A - Cessation As Employer/Letter of acknowledgement' is visible

2018-12-11 11:58:39 - [MESSAGE][PASSED] - Call Test Case 'Test Cases/Final Aug 2018 - PKS Automation/Registration Module/Workflow/Form 1A - Cessation As Employer/Template/Form 1 A - Cessation As Employer (PKRBO)' successfully

2018-12-11 11:58:39 - [TEST_STEP][PASSED] - callTestCase: Call Test Case 'Test Cases/Final Aug 2018 - PKS Automation/Registration Module/Workflow/Form 1A - Cessation As Employer/Template/Form 1 A - Cessation As Employer (Approve)' successfully

2018-12-11 11:58:39 - [TEST_CASE][PASSED] - Test Cases/Final Aug 2018 - PKS Automation/Registration Module/Workflow/Form 1A - Cessation As Employer/Template/Form 1 A - Cessation As Employer (Approve): Test Cases/Final Aug 2018 - PKS Automation/Registration Module/Workflow/Form 1A - Cessation As Employer/Template/Form 1 A - Cessation As Employer (Approve)

2018-12-11 11:58:39 - [TEST_STEP][NOT_RUN] - callTestCase: NOT_RUN: callTestCase

2018-12-11 11:58:39 - [MESSAGE][NOT_RUN] - NOT_RUN: callTestCase

2018-12-11 11:58:39 - [TEST_STEP][PASSED] - delay: Delayed 1 second(s)

2018-12-11 11:58:40 - [MESSAGE][PASSED] - Delayed 1 second(s)

2018-12-11 11:58:40 - [TEST_STEP][PASSED] - navigateToUrl: Navigate to 'https://assist2-uat.perkeso.gov.my/c/portal/logout' successfully

2018-12-11 11:58:40 - [MESSAGE][PASSED] - Navigate to 'https://assist2-uat.perkeso.gov.my/c/portal/logout' successfully

2018-12-11 11:58:40 - [TEST_STEP][PASSED] - delay: Delayed 1 second(s)

2018-12-11 11:58:41 - [MESSAGE][PASSED] - Delayed 1 second(s)

2018-12-11 11:58:41 - [TEST_STEP][PASSED] - callTestCase: Call Test Case 'Test Cases/Final Aug 2018 - PKS Automation/Common/Reference Number Getter' successfully

2018-12-11 11:58:42 - [TEST_CASE][PASSED] - Test Cases/Final Aug 2018 - PKS Automation/Common/Reference Number Getter: Test Cases/Final Aug 2018 - PKS Automation/Common/Reference Number Getter

2018-12-11 11:58:42 - [TEST_STEP][PASSED] - Statement - Try: null

2018-12-11 11:58:42 - [TEST_STEP][PASSED] - Statement - RefNo = new java.io.File(C://Users//Admin//Desktop//PKS//Automation Reference Point//KatalonReference.txt): null

2018-12-11 11:58:42 - [TEST_STEP][PASSED] - Statement - bufferread = new java.io.BufferedReader(new java.io.FileReader(RefNo)): null

2018-12-11 11:58:42 - [TEST_STEP][PASSED] - Statement - readedVal = bufferread.readLine(): null

2018-12-11 11:58:42 - [TEST_STEP][PASSED] - Statement - out.println(CaseReferenceNo): null

2018-12-11 11:58:42 - [TEST_STEP][PASSED] - Statement - out.println(readedVal): null

2018-12-11 11:58:42 - [TEST_STEP][PASSED] - Statement - CaseReferenceNo = "": null

2018-12-11 11:58:42 - [TEST_STEP][PASSED] - Statement - CaseReferenceNo = readedVal: null

2018-12-11 11:58:42 - [MESSAGE][PASSED] - Call Test Case 'Test Cases/Final Aug 2018 - PKS Automation/Common/Reference Number Getter' successfully

2018-12-11 11:58:42 - [TEST_STEP][PASSED] - callTestCase: Call Test Case 'Test Cases/Final Aug 2018 - PKS Automation/Common/Workflow Owner Finder' successfully

2018-12-11 11:58:42 - [TEST_CASE][PASSED] - Test Cases/Final Aug 2018 - PKS Automation/Common/Workflow Owner Finder: Test Cases/Final Aug 2018 - PKS Automation/Common/Workflow Owner Finder

2018-12-11 11:58:42 - [TEST_STEP][PASSED] - openBrowser: Browser is opened with url: ''

2018-12-11 11:58:42 - [MESSAGE][WARNING] - A browser is already opened. Closing browser and opening a new one

2018-12-11 11:58:45 - [MESSAGE][PASSED] - Browser is opened with url: ''

2018-12-11 11:58:45 - [TEST_STEP][PASSED] - navigateToUrl: Navigate to 'https://assist2-uat.perkeso.gov.my/login' successfully

2018-12-11 11:58:46 - [MESSAGE][PASSED] - Navigate to 'https://assist2-uat.perkeso.gov.my/login' successfully

2018-12-11 11:58:46 - [TEST_STEP][PASSED] - delay: Delayed 5 second(s)

2018-12-11 11:58:51 - [MESSAGE][PASSED] - Delayed 5 second(s)

2018-12-11 11:58:51 - [TEST_STEP][PASSED] - setText: Text 'test@liferay.com' is set on object 'Object Repository/Final Object Repo/Login Page/Internal User/Email Address'

2018-12-11 11:58:52 - [MESSAGE][PASSED] - Text 'test@liferay.com' is set on object 'Object Repository/Final Object Repo/Login Page/Internal User/Email Address'

2018-12-11 11:58:52 - [TEST_STEP][PASSED] - click: Object: 'Object Repository/Final Object Repo/Login Page/Internal User/Next Button' is clicked on

2018-12-11 11:58:52 - [MESSAGE][PASSED] - Object: 'Object Repository/Final Object Repo/Login Page/Internal User/Next Button' is clicked on

2018-12-11 11:58:52 - [TEST_STEP][PASSED] - delay: Delayed 2 second(s)

2018-12-11 11:58:54 - [MESSAGE][PASSED] - Delayed 2 second(s)

2018-12-11 11:58:54 - [TEST_STEP][PASSED] - setText: Text 'test' is set on object 'Object Repository/Final Object Repo/Login Page/Internal User/Password'

2018-12-11 11:58:54 - [MESSAGE][PASSED] - Text 'test' is set on object 'Object Repository/Final Object Repo/Login Page/Internal User/Password'

2018-12-11 11:58:54 - [TEST_STEP][PASSED] - delay: Delayed 2 second(s)

2018-12-11 11:58:56 - [MESSAGE][PASSED] - Delayed 2 second(s)

2018-12-11 11:58:56 - [TEST_STEP][PASSED] - click: Object: 'Object Repository/Final Object Repo/Login Page/Internal User/Login Button' is clicked on

2018-12-11 11:58:56 - [MESSAGE][PASSED] - Object: 'Object Repository/Final Object Repo/Login Page/Internal User/Login Button' is clicked on

2018-12-11 11:58:56 - [TEST_STEP][PASSED] - Statement - tester = com.kms.katalon.core.testobject.ObjectRepository.findTestObject(Final Object Repo/Landing Page/Select to English): Finding Test Object with id 'Object Repository/Final Object Repo/Landing Page/Select to English'

2018-12-11 11:58:56 - [TEST_STEP][PASSED] - Statement - Try: Delayed 2 second(s)

2018-12-11 11:58:56 - [TEST_STEP][PASSED] - Statement - Checker = com.kms.katalon.core.webui.keyword.WebUiBuiltInKeywords.verifyElementNotPresent(tester, 3): Web element with id: 'Object Repository/Final Object Repo/Landing Page/Select to English' located by 'By.xpath: //a[@class = 'taglib-language-list-text' and @lang = 'en-US' and (contains(text(), 'EN') or contains(., 'EN'))]' is not present after '3' second(s)

2018-12-11 11:58:58 - [MESSAGE][PASSED] - Web element with id: 'Object Repository/Final Object Repo/Landing Page/Select to English' located by 'By.xpath: //a[@class = 'taglib-language-list-text' and @lang = 'en-US' and (contains(text(), 'EN') or contains(., 'EN'))]' is not present after '3' second(s)

2018-12-11 11:58:58 - [TEST_STEP][PASSED] - Statement - If (Checker == false): null

2018-12-11 11:58:58 - [TEST_STEP][PASSED] - delay: Delayed 2 second(s)

2018-12-11 11:59:00 - [MESSAGE][PASSED] - Delayed 2 second(s)

2018-12-11 11:59:00 - [TEST_STEP][PASSED] - delay: Delayed 5 second(s)

2018-12-11 11:59:05 - [MESSAGE][PASSED] - Delayed 5 second(s)

2018-12-11 11:59:05 - [TEST_STEP][PASSED] - mouseOver: Object: 'Object Repository/Final Object Repo/Landing Page/WorkFlow Menu' is hovered

2018-12-11 11:59:05 - [MESSAGE][PASSED] - Object: 'Object Repository/Final Object Repo/Landing Page/WorkFlow Menu' is hovered

2018-12-11 11:59:05 - [TEST_STEP][PASSED] - delay: Delayed 2 second(s)

2018-12-11 11:59:07 - [MESSAGE][PASSED] - Delayed 2 second(s)

2018-12-11 11:59:07 - [TEST_STEP][PASSED] - click: Object: 'Object Repository/Final Object Repo/Landing Page/Select to Workflow Listing' is clicked on

2018-12-11 11:59:08 - [MESSAGE][PASSED] - Object: 'Object Repository/Final Object Repo/Landing Page/Select to Workflow Listing' is clicked on

2018-12-11 11:59:08 - [TEST_STEP][PASSED] - delay: Delayed 2 second(s)

2018-12-11 11:59:10 - [MESSAGE][PASSED] - Delayed 2 second(s)

2018-12-11 11:59:10 - [TEST_STEP][PASSED] - click: Object: 'Object Repository/Final Object Repo/WorkFlow Listing Page/Search Information - To Put Ref No' is clicked on

2018-12-11 11:59:11 - [MESSAGE][PASSED] - Object: 'Object Repository/Final Object Repo/WorkFlow Listing Page/Search Information - To Put Ref No' is clicked on

2018-12-11 11:59:11 - [TEST_STEP][PASSED] - delay: Delayed 2 second(s)

2018-12-11 11:59:13 - [MESSAGE][PASSED] - Delayed 2 second(s)

2018-12-11 11:59:13 - [TEST_STEP][PASSED] - callTestCase: Call Test Case 'Test Cases/Final Aug 2018 - PKS Automation/Common/Reference Number Getter' successfully

2018-12-11 11:59:13 - [TEST_CASE][PASSED] - Test Cases/Final Aug 2018 - PKS Automation/Common/Reference Number Getter: Test Cases/Final Aug 2018 - PKS Automation/Common/Reference Number Getter

2018-12-11 11:59:13 - [TEST_STEP][PASSED] - Statement - Try: null

2018-12-11 11:59:13 - [TEST_STEP][PASSED] - Statement - RefNo = new java.io.File(C://Users//Admin//Desktop//PKS//Automation Reference Point//KatalonReference.txt): null

2018-12-11 11:59:13 - [TEST_STEP][PASSED] - Statement - bufferread = new java.io.BufferedReader(new java.io.FileReader(RefNo)): null

2018-12-11 11:59:13 - [TEST_STEP][PASSED] - Statement - readedVal = bufferread.readLine(): null

2018-12-11 11:59:13 - [TEST_STEP][PASSED] - Statement - out.println(CaseReferenceNo): null

2018-12-11 11:59:13 - [TEST_STEP][PASSED] - Statement - out.println(readedVal): null

2018-12-11 11:59:13 - [TEST_STEP][PASSED] - Statement - CaseReferenceNo = "": null

2018-12-11 11:59:13 - [TEST_STEP][PASSED] - Statement - CaseReferenceNo = readedVal: null

2018-12-11 11:59:13 - [MESSAGE][PASSED] - Call Test Case 'Test Cases/Final Aug 2018 - PKS Automation/Common/Reference Number Getter' successfully

2018-12-11 11:59:13 - [TEST_STEP][PASSED] - setText: Text 'CUN122018C200001717' is set on object 'Object Repository/Final Object Repo/WorkFlow Listing Page/Ref No Set Text'

2018-12-11 11:59:13 - [MESSAGE][PASSED] - Text 'CUN122018C200001717' is set on object 'Object Repository/Final Object Repo/WorkFlow Listing Page/Ref No Set Text'

2018-12-11 11:59:13 - [TEST_STEP][PASSED] - delay: Delayed 2 second(s)

2018-12-11 11:59:15 - [MESSAGE][PASSED] - Delayed 2 second(s)

2018-12-11 11:59:15 - [TEST_STEP][PASSED] - click: Object: 'Object Repository/Final Object Repo/WorkFlow Listing Page/Search Ref No Search Button' is clicked on

2018-12-11 11:59:15 - [MESSAGE][PASSED] - Object: 'Object Repository/Final Object Repo/WorkFlow Listing Page/Search Ref No Search Button' is clicked on

2018-12-11 11:59:15 - [TEST_STEP][PASSED] - delay: Delayed 6 second(s)

2018-12-11 11:59:21 - [MESSAGE][PASSED] - Delayed 6 second(s)

2018-12-11 11:59:21 - [TEST_STEP][PASSED] - click: Object: 'Object Repository/Final Object Repo/WorkFlow Listing Page/Click Continue Tooltip' is clicked on

2018-12-11 11:59:22 - [MESSAGE][PASSED] - Object: 'Object Repository/Final Object Repo/WorkFlow Listing Page/Click Continue Tooltip' is clicked on

2018-12-11 11:59:22 - [TEST_STEP][PASSED] - delay: Delayed 5 second(s)

2018-12-11 11:59:27 - [MESSAGE][PASSED] - Delayed 5 second(s)

2018-12-11 11:59:27 - [TEST_STEP][PASSED] - doubleClick: Object: 'Object Repository/Final Object Repo/WorkFlow Listing Page/Workflow Found - Listing 1' is double clicked on

2018-12-11 11:59:27 - [MESSAGE][PASSED] - Object: 'Object Repository/Final Object Repo/WorkFlow Listing Page/Workflow Found - Listing 1' is double clicked on

2018-12-11 11:59:27 - [TEST_STEP][PASSED] - Statement - println(OwnerID): null

2018-12-11 11:59:27 - [TEST_STEP][PASSED] - Statement - OwnerID = com.kms.katalon.core.webui.keyword.WebUiBuiltInKeywords.getText(com.kms.katalon.core.testobject.ObjectRepository.findTestObject(Final Object Repo/WorkFlow Listing Page/Workflow Found - Listing 1), STOP_ON_FAILURE): Text of object 'Object Repository/Final Object Repo/WorkFlow Listing Page/Workflow Found - Listing 1' is: 'JOHORuo1'

2018-12-11 11:59:27 - [MESSAGE][PASSED] - Text of object 'Object Repository/Final Object Repo/WorkFlow Listing Page/Workflow Found - Listing 1' is: 'JOHORuo1'

2018-12-11 11:59:27 - [TEST_STEP][PASSED] - Statement - OwnerID = OwnerID.toLowerCase() + "@gmail.com": null

2018-12-11 11:59:27 - [TEST_STEP][PASSED] - Statement - println(OwnerID): null

2018-12-11 11:59:27 - [TEST_STEP][PASSED] - delay: Delayed 2 second(s)

2018-12-11 11:59:29 - [MESSAGE][PASSED] - Delayed 2 second(s)

2018-12-11 11:59:29 - [MESSAGE][PASSED] - Call Test Case 'Test Cases/Final Aug 2018 - PKS Automation/Common/Workflow Owner Finder' successfully

2018-12-11 11:59:29 - [TEST_STEP][PASSED] - delay: Delayed 1 second(s)

2018-12-11 11:59:30 - [MESSAGE][PASSED] - Delayed 1 second(s)

2018-12-11 11:59:30 - [TEST_STEP][PASSED] - navigateToUrl: Navigate to 'https://assist2-uat.perkeso.gov.my/c/portal/logout' successfully

2018-12-11 11:59:31 - [MESSAGE][PASSED] - Navigate to 'https://assist2-uat.perkeso.gov.my/c/portal/logout' successfully

2018-12-11 11:59:31 - [TEST_STEP][PASSED] - delay: Delayed 1 second(s)

2018-12-11 11:59:32 - [MESSAGE][PASSED] - Delayed 1 second(s)

2018-12-11 11:59:32 - [TEST_STEP][PASSED] - callTestCase: Call Test Case 'Test Cases/Final Aug 2018 - PKS Automation/Registration Module/Workflow/Login and Search Case For Workflow' successfully

2018-12-11 11:59:32 - [TEST_CASE][PASSED] - Test Cases/Final Aug 2018 - PKS Automation/Registration Module/Workflow/Login and Search Case For Workflow: Test Cases/Final Aug 2018 - PKS Automation/Registration Module/Workflow/Login and Search Case For Workflow

2018-12-11 11:59:32 - [TEST_STEP][PASSED] - navigateToUrl: Navigate to 'https://assist2-uat.perkeso.gov.my/login' successfully

2018-12-11 11:59:33 - [MESSAGE][PASSED] - Navigate to 'https://assist2-uat.perkeso.gov.my/login' successfully

2018-12-11 11:59:33 - [TEST_STEP][PASSED] - setText: Text 'johoruo1@gmail.com' is set on object 'Object Repository/Final Object Repo/Login Page/Internal User/Email Address'

2018-12-11 11:59:33 - [MESSAGE][PASSED] - Text 'johoruo1@gmail.com' is set on object 'Object Repository/Final Object Repo/Login Page/Internal User/Email Address'

2018-12-11 11:59:33 - [TEST_STEP][PASSED] - click: Object: 'Object Repository/Final Object Repo/Login Page/Internal User/Next Button' is clicked on

2018-12-11 11:59:33 - [MESSAGE][PASSED] - Object: 'Object Repository/Final Object Repo/Login Page/Internal User/Next Button' is clicked on

2018-12-11 11:59:33 - [TEST_STEP][PASSED] - delay: Delayed 1 second(s)

2018-12-11 11:59:34 - [MESSAGE][PASSED] - Delayed 1 second(s)

2018-12-11 11:59:34 - [TEST_STEP][PASSED] - setEncryptedText: Text ****** has been set on object 'Object Repository/Final Object Repo/Login Page/Internal User/Password'

2018-12-11 11:59:35 - [MESSAGE][PASSED] - Text ****** has been set on object 'Object Repository/Final Object Repo/Login Page/Internal User/Password'

2018-12-11 11:59:35 - [TEST_STEP][PASSED] - click: Object: 'Object Repository/Final Object Repo/Login Page/Internal User/Login Button' is clicked on

2018-12-11 11:59:35 - [MESSAGE][PASSED] - Object: 'Object Repository/Final Object Repo/Login Page/Internal User/Login Button' is clicked on

2018-12-11 11:59:35 - [TEST_STEP][PASSED] - delay: Delayed 2 second(s)

2018-12-11 11:59:37 - [MESSAGE][PASSED] - Delayed 2 second(s)

2018-12-11 11:59:37 - [TEST_STEP][PASSED] - Statement - Try: Delayed 2 second(s)

2018-12-11 11:59:37 - [TEST_STEP][PASSED] - Statement - Checker = false: null

2018-12-11 11:59:37 - [TEST_STEP][PASSED] - Statement - Checker = com.kms.katalon.core.webui.keyword.WebUiBuiltInKeywords.verifyElementHasAttribute(com.kms.katalon.core.testobject.ObjectRepository.findTestObject(Final Object Repo/Landing Page/BM Detecting), "href", 20, OPTIONAL): Object 'Object Repository/Final Object Repo/Landing Page/BM Detecting' has attribute 'href'

2018-12-11 11:59:37 - [MESSAGE][PASSED] - Object 'Object Repository/Final Object Repo/Landing Page/BM Detecting' has attribute 'href'

2018-12-11 11:59:37 - [TEST_STEP][PASSED] - Statement - out.println(Checker): null

2018-12-11 11:59:37 - [TEST_STEP][PASSED] - Statement - If (Checker == false): null

2018-12-11 11:59:37 - [TEST_STEP][PASSED] - Statement - Else: null

2018-12-11 11:59:37 - [TEST_STEP][PASSED] - delay: Delayed 2 second(s)

2018-12-11 11:59:39 - [MESSAGE][PASSED] - Delayed 2 second(s)

2018-12-11 11:59:39 - [TEST_STEP][PASSED] - click: Object: 'Object Repository/Final Object Repo/Page_MyASSIST - ASSIST - Search Pending Case For Add Supporting Document/Search Information' is clicked on

2018-12-11 11:59:39 - [MESSAGE][PASSED] - Object: 'Object Repository/Final Object Repo/Page_MyASSIST - ASSIST - Search Pending Case For Add Supporting Document/Search Information' is clicked on

2018-12-11 11:59:39 - [TEST_STEP][PASSED] - delay: Delayed 3 second(s)

2018-12-11 11:59:42 - [MESSAGE][PASSED] - Delayed 3 second(s)

2018-12-11 11:59:42 - [TEST_STEP][PASSED] - sendKeys: Keys 'CUN122018C200001717' sent to object: 'Object Repository/Final Object Repo/Page_MyASSIST - ASSIST - Search Pending Case For Add Supporting Document/Reference No'

2018-12-11 11:59:42 - [MESSAGE][PASSED] - Keys 'CUN122018C200001717' sent to object: 'Object Repository/Final Object Repo/Page_MyASSIST - ASSIST - Search Pending Case For Add Supporting Document/Reference No'

2018-12-11 11:59:42 - [TEST_STEP][PASSED] - click: Object: 'Object Repository/Final Object Repo/Page_MyASSIST - ASSIST - Search Pending Case For Add Supporting Document/Search Reference No' is clicked on

2018-12-11 11:59:42 - [MESSAGE][PASSED] - Object: 'Object Repository/Final Object Repo/Page_MyASSIST - ASSIST - Search Pending Case For Add Supporting Document/Search Reference No' is clicked on

2018-12-11 11:59:42 - [TEST_STEP][PASSED] - delay: Delayed 2 second(s)

2018-12-11 11:59:44 - [MESSAGE][PASSED] - Delayed 2 second(s)

2018-12-11 11:59:44 - [TEST_STEP][PASSED] - click: Object: 'Object Repository/Final Object Repo/Page_MyASSIST - ASSIST - Search Pending Case For Add Supporting Document/Continue' is clicked on

2018-12-11 11:59:48 - [MESSAGE][PASSED] - Object: 'Object Repository/Final Object Repo/Page_MyASSIST - ASSIST - Search Pending Case For Add Supporting Document/Continue' is clicked on

2018-12-11 11:59:48 - [TEST_STEP][PASSED] - delay: Delayed 20 second(s)

2018-12-11 12:00:08 - [MESSAGE][PASSED] - Delayed 20 second(s)

2018-12-11 12:00:08 - [MESSAGE][PASSED] - Call Test Case 'Test Cases/Final Aug 2018 - PKS Automation/Registration Module/Workflow/Login and Search Case For Workflow' successfully

2018-12-11 12:00:08 - [TEST_STEP][PASSED] - click: Object: 'Object Repository/Final Object Repo/Page_Form 1A - Cessation As Employer/Page_Form 1A - Cessation As Employer (Approve)/Save  Continue in Form 1A Page' is clicked on

2018-12-11 12:00:08 - [MESSAGE][PASSED] - Object: 'Object Repository/Final Object Repo/Page_Form 1A - Cessation As Employer/Page_Form 1A - Cessation As Employer (Approve)/Save  Continue in Form 1A Page' is clicked on

2018-12-11 12:00:08 - [TEST_STEP][PASSED] - delay: Delayed 2 second(s)

2018-12-11 12:00:10 - [MESSAGE][PASSED] - Delayed 2 second(s)

2018-12-11 12:00:10 - [TEST_STEP][PASSED] - click: Object: 'Object Repository/Final Object Repo/Page_Form 1A - Cessation As Employer/Employment Resign Date' is clicked on

2018-12-11 12:00:10 - [MESSAGE][PASSED] - Object: 'Object Repository/Final Object Repo/Page_Form 1A - Cessation As Employer/Employment Resign Date' is clicked on

2018-12-11 12:00:10 - [TEST_STEP][PASSED] - delay: Delayed 1 second(s)

2018-12-11 12:00:11 - [MESSAGE][PASSED] - Delayed 1 second(s)

2018-12-11 12:00:11 - [TEST_STEP][PASSED] - selectOptionByValue: All options with value '2030' are selected in object 'Object Repository/Final Object Repo/Page_Form 1A - Cessation As Employer/Employment Resign Date - Year' 

2018-12-11 12:00:12 - [MESSAGE][PASSED] - All options with value '2030' are selected in object 'Object Repository/Final Object Repo/Page_Form 1A - Cessation As Employer/Employment Resign Date - Year' 

2018-12-11 12:00:12 - [TEST_STEP][PASSED] - delay: Delayed 1 second(s)

2018-12-11 12:00:13 - [MESSAGE][PASSED] - Delayed 1 second(s)

2018-12-11 12:00:13 - [TEST_STEP][PASSED] - click: Object: 'Object Repository/Final Object Repo/Page_Form 1A - Cessation As Employer/Employment Resign Date - Year - Date' is clicked on

2018-12-11 12:00:13 - [MESSAGE][PASSED] - Object: 'Object Repository/Final Object Repo/Page_Form 1A - Cessation As Employer/Employment Resign Date - Year - Date' is clicked on

2018-12-11 12:00:13 - [TEST_STEP][PASSED] - delay: Delayed 2 second(s)

2018-12-11 12:00:15 - [MESSAGE][PASSED] - Delayed 2 second(s)

2018-12-11 12:00:15 - [TEST_STEP][PASSED] - click: Object: 'Object Repository/Final Object Repo/Page_Form 1A - Cessation As Employer/Page_Form 1A - Cessation As Employer (Approve)/Save  Continue in Update Add Employee Resigned Date Page' is clicked on

2018-12-11 12:00:15 - [MESSAGE][PASSED] - Object: 'Object Repository/Final Object Repo/Page_Form 1A - Cessation As Employer/Page_Form 1A - Cessation As Employer (Approve)/Save  Continue in Update Add Employee Resigned Date Page' is clicked on

2018-12-11 12:00:15 - [TEST_STEP][PASSED] - delay: Delayed 2 second(s)

2018-12-11 12:00:17 - [MESSAGE][PASSED] - Delayed 2 second(s)

2018-12-11 12:00:17 - [TEST_STEP][PASSED] - click: Object: 'Object Repository/Final Object Repo/Page_Form 1A - Cessation As Employer/Set Latest - Yes' is clicked on

2018-12-11 12:00:17 - [MESSAGE][PASSED] - Object: 'Object Repository/Final Object Repo/Page_Form 1A - Cessation As Employer/Set Latest - Yes' is clicked on

2018-12-11 12:00:17 - [TEST_STEP][PASSED] - delay: Delayed 2 second(s)

2018-12-11 12:00:19 - [MESSAGE][PASSED] - Delayed 2 second(s)

2018-12-11 12:00:19 - [TEST_STEP][PASSED] - click: Object: 'Object Repository/Final Object Repo/Page_Form 1A - Cessation As Employer/Page_Form 1A - Cessation As Employer (Approve)/Save  Contine in Uploading Document Page' is clicked on

2018-12-11 12:00:20 - [MESSAGE][PASSED] - Object: 'Object Repository/Final Object Repo/Page_Form 1A - Cessation As Employer/Page_Form 1A - Cessation As Employer (Approve)/Save  Contine in Uploading Document Page' is clicked on

2018-12-11 12:00:20 - [TEST_STEP][PASSED] - delay: Delayed 2 second(s)

2018-12-11 12:00:22 - [MESSAGE][PASSED] - Delayed 2 second(s)

2018-12-11 12:00:22 - [TEST_STEP][PASSED] - click: Object: 'Object Repository/Final Object Repo/Page_Form 1A - Cessation As Employer/Page_Form 1A - Cessation As Employer (Approve)/Approve' is clicked on

2018-12-11 12:00:25 - [MESSAGE][PASSED] - Object: 'Object Repository/Final Object Repo/Page_Form 1A - Cessation As Employer/Page_Form 1A - Cessation As Employer (Approve)/Approve' is clicked on

2018-12-11 12:00:25 - [TEST_STEP][PASSED] - delay: Delayed 2 second(s)

2018-12-11 12:00:27 - [MESSAGE][PASSED] - Delayed 2 second(s)

2018-12-11 12:00:27 - [TEST_STEP][PASSED] - click: Object: 'Object Repository/Final Object Repo/Page_Form 1A - Cessation As Employer/Confirm' is clicked on

2018-12-11 12:00:27 - [MESSAGE][PASSED] - Object: 'Object Repository/Final Object Repo/Page_Form 1A - Cessation As Employer/Confirm' is clicked on

2018-12-11 12:00:27 - [TEST_STEP][PASSED] - delay: Delayed 2 second(s)

2018-12-11 12:00:29 - [MESSAGE][PASSED] - Delayed 2 second(s)

2018-12-11 12:00:29 - [TEST_STEP][PASSED] - click: Object: 'Object Repository/Final Object Repo/Page_Form 1A - Cessation As Employer/Page_Form 1A - Cessation As Employer (Approve)/Message Your Request    Form 1A ' is clicked on

2018-12-11 12:00:38 - [MESSAGE][PASSED] - Object: 'Object Repository/Final Object Repo/Page_Form 1A - Cessation As Employer/Page_Form 1A - Cessation As Employer (Approve)/Message Your Request    Form 1A ' is clicked on

2018-12-11 12:00:38 - [TEST_STEP][PASSED] - delay: Delayed 2 second(s)

2018-12-11 12:00:40 - [MESSAGE][PASSED] - Delayed 2 second(s)

2018-12-11 12:00:40 - [TEST_STEP][PASSED] - click: Object: 'Object Repository/Final Object Repo/Page_Form 1A - Cessation As Employer/Page_Form 1A - Cessation As Employer (Approve)/Letter of successful update' is clicked on

2018-12-11 12:00:40 - [MESSAGE][PASSED] - Object: 'Object Repository/Final Object Repo/Page_Form 1A - Cessation As Employer/Page_Form 1A - Cessation As Employer (Approve)/Letter of successful update' is clicked on

2018-12-11 12:00:40 - [MESSAGE][PASSED] - Call Test Case 'Test Cases/Final Aug 2018 - PKS Automation/Registration Module/Workflow/Form 1A - Cessation As Employer/Template/Form 1 A - Cessation As Employer (Approve)' successfully]]></system-out>
         <system-err><![CDATA[]]></system-err>
      </testcase>
      <testcase name="Test Cases/Final Aug 2018 - PKS Automation/Registration Module/Workflow/Form 1A - Cessation As Employer/PKRBO to UO (Query)" classname="Test Cases/Final Aug 2018 - PKS Automation/Registration Module/Workflow/Form 1A - Cessation As Employer/PKRBO to UO (Query)" status="PASSED">
         <system-out><![CDATA[2018-12-11 12:00:40 - [TEST_CASE][PASSED] - Test Cases/Final Aug 2018 - PKS Automation/Registration Module/Workflow/Form 1A - Cessation As Employer/PKRBO to UO (Query): Test Cases/Final Aug 2018 - PKS Automation/Registration Module/Workflow/Form 1A - Cessation As Employer/PKRBO to UO (Query)

2018-12-11 12:00:41 - [TEST_STEP][PASSED] - callTestCase: Call Test Case 'Test Cases/Final Aug 2018 - PKS Automation/Registration Module/Workflow/Form 1A - Cessation As Employer/Template/Form 1 A - Cessation As Employer (PKRBO)' successfully

2018-12-11 12:00:41 - [TEST_CASE][PASSED] - Test Cases/Final Aug 2018 - PKS Automation/Registration Module/Workflow/Form 1A - Cessation As Employer/Template/Form 1 A - Cessation As Employer (PKRBO): Test Cases/Final Aug 2018 - PKS Automation/Registration Module/Workflow/Form 1A - Cessation As Employer/Template/Form 1 A - Cessation As Employer (PKRBO)

2018-12-11 12:00:41 - [TEST_STEP][PASSED] - openBrowser: Browser is opened with url: ''

2018-12-11 12:00:41 - [MESSAGE][WARNING] - A browser is already opened. Closing browser and opening a new one

2018-12-11 12:00:44 - [MESSAGE][PASSED] - Browser is opened with url: ''

2018-12-11 12:00:44 - [TEST_STEP][PASSED] - navigateToUrl: Navigate to 'https://assist2-uat.perkeso.gov.my/login' successfully

2018-12-11 12:00:45 - [MESSAGE][PASSED] - Navigate to 'https://assist2-uat.perkeso.gov.my/login' successfully

2018-12-11 12:00:45 - [TEST_STEP][PASSED] - setText: Text 'johorpkrbo1@gmail.com' is set on object 'Object Repository/Final Object Repo/Login Page/Internal User/Email Address'

2018-12-11 12:00:45 - [MESSAGE][PASSED] - Text 'johorpkrbo1@gmail.com' is set on object 'Object Repository/Final Object Repo/Login Page/Internal User/Email Address'

2018-12-11 12:00:45 - [TEST_STEP][PASSED] - click: Object: 'Object Repository/Final Object Repo/Login Page/Internal User/Next Button' is clicked on

2018-12-11 12:00:46 - [MESSAGE][PASSED] - Object: 'Object Repository/Final Object Repo/Login Page/Internal User/Next Button' is clicked on

2018-12-11 12:00:46 - [TEST_STEP][PASSED] - delay: Delayed 1 second(s)

2018-12-11 12:00:47 - [MESSAGE][PASSED] - Delayed 1 second(s)

2018-12-11 12:00:47 - [TEST_STEP][PASSED] - setEncryptedText: Text ****** has been set on object 'Object Repository/Final Object Repo/Login Page/Internal User/Password'

2018-12-11 12:00:47 - [MESSAGE][PASSED] - Text ****** has been set on object 'Object Repository/Final Object Repo/Login Page/Internal User/Password'

2018-12-11 12:00:47 - [TEST_STEP][PASSED] - click: Object: 'Object Repository/Final Object Repo/Login Page/Internal User/Login Button' is clicked on

2018-12-11 12:00:47 - [MESSAGE][PASSED] - Object: 'Object Repository/Final Object Repo/Login Page/Internal User/Login Button' is clicked on

2018-12-11 12:00:47 - [TEST_STEP][PASSED] - delay: Delayed 1 second(s)

2018-12-11 12:00:48 - [MESSAGE][PASSED] - Delayed 1 second(s)

2018-12-11 12:00:48 - [TEST_STEP][PASSED] - Statement - Try: Delayed 2 second(s)

2018-12-11 12:00:48 - [TEST_STEP][PASSED] - Statement - Checker = false: null

2018-12-11 12:00:48 - [TEST_STEP][PASSED] - Statement - Checker = com.kms.katalon.core.webui.keyword.WebUiBuiltInKeywords.verifyElementHasAttribute(com.kms.katalon.core.testobject.ObjectRepository.findTestObject(Final Object Repo/Landing Page/BM Detecting), "href", 20, OPTIONAL): Object 'Object Repository/Final Object Repo/Landing Page/BM Detecting' has attribute 'href'

2018-12-11 12:00:49 - [MESSAGE][PASSED] - Object 'Object Repository/Final Object Repo/Landing Page/BM Detecting' has attribute 'href'

2018-12-11 12:00:49 - [TEST_STEP][PASSED] - Statement - out.println(Checker): null

2018-12-11 12:00:49 - [TEST_STEP][PASSED] - Statement - If (Checker == false): null

2018-12-11 12:00:49 - [TEST_STEP][PASSED] - Statement - Else: null

2018-12-11 12:00:49 - [TEST_STEP][PASSED] - delay: Delayed 2 second(s)

2018-12-11 12:00:51 - [MESSAGE][PASSED] - Delayed 2 second(s)

2018-12-11 12:00:51 - [TEST_STEP][PASSED] - navigateToUrl: Navigate to 'https://assist2-uat.perkeso.gov.my/web/registration/update/form-1a-cessation-as-employer-discontinue-business-' successfully

2018-12-11 12:00:52 - [MESSAGE][PASSED] - Navigate to 'https://assist2-uat.perkeso.gov.my/web/registration/update/form-1a-cessation-as-employer-discontinue-business-' successfully

2018-12-11 12:00:52 - [TEST_STEP][PASSED] - setText: Text 'E1102069770Z' is set on object 'Object Repository/Final Object Repo/Page_Update Employer Information/Employer Code'

2018-12-11 12:00:52 - [MESSAGE][PASSED] - Text 'E1102069770Z' is set on object 'Object Repository/Final Object Repo/Page_Update Employer Information/Employer Code'

2018-12-11 12:00:52 - [TEST_STEP][PASSED] - click: Object: 'Object Repository/Final Object Repo/Page_Update Employer Information/Search Button' is clicked on

2018-12-11 12:00:53 - [MESSAGE][PASSED] - Object: 'Object Repository/Final Object Repo/Page_Update Employer Information/Search Button' is clicked on

2018-12-11 12:00:53 - [TEST_STEP][PASSED] - click: Object: 'Object Repository/Final Object Repo/Page_Update Employer Information/Edit Button' is clicked on

2018-12-11 12:00:55 - [MESSAGE][PASSED] - Object: 'Object Repository/Final Object Repo/Page_Update Employer Information/Edit Button' is clicked on

2018-12-11 12:00:55 - [TEST_STEP][PASSED] - Statement - abc = com.kms.katalon.core.webui.keyword.WebUiBuiltInKeywords.getAttribute(com.kms.katalon.core.testobject.ObjectRepository.findTestObject(Final Object Repo/Page_Form 1A - Cessation As Employer/Employer Status), "value"): Attribute 'value' of object 'Object Repository/Final Object Repo/Page_Form 1A - Cessation As Employer/Employer Status' is: 'Dormant'

2018-12-11 12:00:55 - [MESSAGE][PASSED] - Attribute 'value' of object 'Object Repository/Final Object Repo/Page_Form 1A - Cessation As Employer/Employer Status' is: 'Dormant'

2018-12-11 12:00:55 - [TEST_STEP][PASSED] - Statement - out.println(abc): null

2018-12-11 12:00:55 - [TEST_STEP][PASSED] - Statement - If (abc == "Active"): null

2018-12-11 12:00:55 - [TEST_STEP][PASSED] - Statement - Else If (abc == "Cancel"): null

2018-12-11 12:00:55 - [TEST_STEP][PASSED] - Statement - Else If (abc == "Dormant"): Object: 'Object Repository/Final Object Repo/Page_Form 1A - Cessation As Employer/Change Employer Status to - Dormant' is clicked on

2018-12-11 12:00:55 - [TEST_STEP][PASSED] - click: Object: 'Object Repository/Final Object Repo/Page_Form 1A - Cessation As Employer/Change Employer Status to' is clicked on

2018-12-11 12:00:55 - [MESSAGE][PASSED] - Object: 'Object Repository/Final Object Repo/Page_Form 1A - Cessation As Employer/Change Employer Status to' is clicked on

2018-12-11 12:00:55 - [TEST_STEP][PASSED] - click: Object: 'Object Repository/Final Object Repo/Page_Form 1A - Cessation As Employer/Change Employer Status to - Dormant' is clicked on

2018-12-11 12:00:55 - [MESSAGE][PASSED] - Object: 'Object Repository/Final Object Repo/Page_Form 1A - Cessation As Employer/Change Employer Status to - Dormant' is clicked on

2018-12-11 12:00:55 - [TEST_STEP][PASSED] - click: Object: 'Object Repository/Final Object Repo/Page_Form 1A - Cessation As Employer/Calender' is clicked on

2018-12-11 12:00:56 - [MESSAGE][PASSED] - Object: 'Object Repository/Final Object Repo/Page_Form 1A - Cessation As Employer/Calender' is clicked on

2018-12-11 12:00:56 - [TEST_STEP][PASSED] - click: Object: 'Object Repository/Final Object Repo/Page_Form 1A - Cessation As Employer/Calender - Date' is clicked on

2018-12-11 12:00:56 - [MESSAGE][PASSED] - Object: 'Object Repository/Final Object Repo/Page_Form 1A - Cessation As Employer/Calender - Date' is clicked on

2018-12-11 12:00:56 - [TEST_STEP][PASSED] - delay: Delayed 2 second(s)

2018-12-11 12:00:58 - [MESSAGE][PASSED] - Delayed 2 second(s)

2018-12-11 12:00:58 - [TEST_STEP][PASSED] - click: Object: 'Object Repository/Final Object Repo/Page_Form 1A - Cessation As Employer/Save  Continue in Form 1A Page' is clicked on

2018-12-11 12:00:58 - [MESSAGE][PASSED] - Object: 'Object Repository/Final Object Repo/Page_Form 1A - Cessation As Employer/Save  Continue in Form 1A Page' is clicked on

2018-12-11 12:00:58 - [TEST_STEP][PASSED] - delay: Delayed 2 second(s)

2018-12-11 12:01:00 - [MESSAGE][PASSED] - Delayed 2 second(s)

2018-12-11 12:01:00 - [TEST_STEP][PASSED] - click: Object: 'Object Repository/Final Object Repo/Page_Form 1A - Cessation As Employer/Employment Resign Date' is clicked on

2018-12-11 12:01:00 - [MESSAGE][PASSED] - Object: 'Object Repository/Final Object Repo/Page_Form 1A - Cessation As Employer/Employment Resign Date' is clicked on

2018-12-11 12:01:00 - [TEST_STEP][PASSED] - delay: Delayed 1 second(s)

2018-12-11 12:01:01 - [MESSAGE][PASSED] - Delayed 1 second(s)

2018-12-11 12:01:01 - [TEST_STEP][PASSED] - Statement - CaseReferenceNo = com.kms.katalon.core.webui.keyword.WebUiBuiltInKeywords.getText(com.kms.katalon.core.testobject.ObjectRepository.findTestObject(Final Object Repo/Page_Update Employer Information/Reference Number in Update Employee Information Page)): Text of object 'Object Repository/Final Object Repo/Page_Update Employer Information/Reference Number in Update Employee Information Page' is: 'CUN122018C200001718'

2018-12-11 12:01:01 - [MESSAGE][PASSED] - Text of object 'Object Repository/Final Object Repo/Page_Update Employer Information/Reference Number in Update Employee Information Page' is: 'CUN122018C200001718'

2018-12-11 12:01:01 - [TEST_STEP][PASSED] - Statement - out.println(CaseReferenceNo): null

2018-12-11 12:01:01 - [TEST_STEP][PASSED] - callTestCase: Call Test Case 'Test Cases/Final Aug 2018 - PKS Automation/Common/Reference Number Setter' successfully

2018-12-11 12:01:01 - [TEST_CASE][PASSED] - Test Cases/Final Aug 2018 - PKS Automation/Common/Reference Number Setter: Test Cases/Final Aug 2018 - PKS Automation/Common/Reference Number Setter

2018-12-11 12:01:01 - [TEST_STEP][PASSED] - Statement - RefNoOldFile = new java.io.File(C://Users//Admin//Desktop//PKS//Automation Reference Point//KatalonReference.txt): null

2018-12-11 12:01:01 - [TEST_STEP][PASSED] - Statement - RefNoOldFile.delete(): null

2018-12-11 12:01:01 - [TEST_STEP][PASSED] - delay: Delayed 5 second(s)

2018-12-11 12:01:06 - [MESSAGE][PASSED] - Delayed 5 second(s)

2018-12-11 12:01:06 - [TEST_STEP][PASSED] - Statement - RefNo = new java.io.File(C://Users//Admin//Desktop//PKS//Automation Reference Point//KatalonReference.txt): null

2018-12-11 12:01:06 - [TEST_STEP][PASSED] - Statement - f2 = new java.io.FileWriter(RefNo, false): null

2018-12-11 12:01:06 - [TEST_STEP][PASSED] - Statement - f2.write(CaseReferenceNo): null

2018-12-11 12:01:06 - [TEST_STEP][PASSED] - Statement - f2.close(): null

2018-12-11 12:01:06 - [TEST_STEP][PASSED] - Statement - out.println("


" + CaseReferenceNo + "


"): null

2018-12-11 12:01:06 - [MESSAGE][PASSED] - Call Test Case 'Test Cases/Final Aug 2018 - PKS Automation/Common/Reference Number Setter' successfully

2018-12-11 12:01:06 - [TEST_STEP][PASSED] - selectOptionByValue: All options with value '2030' are selected in object 'Object Repository/Final Object Repo/Page_Form 1A - Cessation As Employer/Employment Resign Date - Year' 

2018-12-11 12:01:07 - [MESSAGE][PASSED] - All options with value '2030' are selected in object 'Object Repository/Final Object Repo/Page_Form 1A - Cessation As Employer/Employment Resign Date - Year' 

2018-12-11 12:01:07 - [TEST_STEP][PASSED] - delay: Delayed 1 second(s)

2018-12-11 12:01:08 - [MESSAGE][PASSED] - Delayed 1 second(s)

2018-12-11 12:01:08 - [TEST_STEP][PASSED] - click: Object: 'Object Repository/Final Object Repo/Page_Form 1A - Cessation As Employer/Employment Resign Date - Year - Date' is clicked on

2018-12-11 12:01:08 - [MESSAGE][PASSED] - Object: 'Object Repository/Final Object Repo/Page_Form 1A - Cessation As Employer/Employment Resign Date - Year - Date' is clicked on

2018-12-11 12:01:08 - [TEST_STEP][PASSED] - delay: Delayed 2 second(s)

2018-12-11 12:01:10 - [MESSAGE][PASSED] - Delayed 2 second(s)

2018-12-11 12:01:10 - [TEST_STEP][PASSED] - click: Object: 'Object Repository/Final Object Repo/Page_Form 1A - Cessation As Employer/Save  Continue in Update Add Employee Resigned Date Page' is clicked on

2018-12-11 12:01:10 - [MESSAGE][PASSED] - Object: 'Object Repository/Final Object Repo/Page_Form 1A - Cessation As Employer/Save  Continue in Update Add Employee Resigned Date Page' is clicked on

2018-12-11 12:01:10 - [TEST_STEP][PASSED] - delay: Delayed 2 second(s)

2018-12-11 12:01:12 - [MESSAGE][PASSED] - Delayed 2 second(s)

2018-12-11 12:01:12 - [TEST_STEP][PASSED] - click: Object: 'Object Repository/Final Object Repo/Page_Form 1A - Cessation As Employer/Set Latest - Yes' is clicked on

2018-12-11 12:01:12 - [MESSAGE][PASSED] - Object: 'Object Repository/Final Object Repo/Page_Form 1A - Cessation As Employer/Set Latest - Yes' is clicked on

2018-12-11 12:01:12 - [TEST_STEP][PASSED] - delay: Delayed 2 second(s)

2018-12-11 12:01:14 - [MESSAGE][PASSED] - Delayed 2 second(s)

2018-12-11 12:01:14 - [TEST_STEP][PASSED] - click: Object: 'Object Repository/Final Object Repo/Page_Form 1A - Cessation As Employer/Add Document' is clicked on

2018-12-11 12:01:15 - [MESSAGE][PASSED] - Object: 'Object Repository/Final Object Repo/Page_Form 1A - Cessation As Employer/Add Document' is clicked on

2018-12-11 12:01:15 - [TEST_STEP][PASSED] - delay: Delayed 2 second(s)

2018-12-11 12:01:17 - [MESSAGE][PASSED] - Delayed 2 second(s)

2018-12-11 12:01:17 - [TEST_STEP][PASSED] - click: Object: 'Object Repository/Final Object Repo/Page_Form 1A - Cessation As Employer/Document Type' is clicked on

2018-12-11 12:01:18 - [MESSAGE][PASSED] - Object: 'Object Repository/Final Object Repo/Page_Form 1A - Cessation As Employer/Document Type' is clicked on

2018-12-11 12:01:18 - [TEST_STEP][PASSED] - delay: Delayed 2 second(s)

2018-12-11 12:01:20 - [MESSAGE][PASSED] - Delayed 2 second(s)

2018-12-11 12:01:20 - [TEST_STEP][PASSED] - click: Object: 'Object Repository/Final Object Repo/Page_Form 1A - Cessation As Employer/Document Type - Supporting Document For Cessation' is clicked on

2018-12-11 12:01:20 - [MESSAGE][PASSED] - Object: 'Object Repository/Final Object Repo/Page_Form 1A - Cessation As Employer/Document Type - Supporting Document For Cessation' is clicked on

2018-12-11 12:01:20 - [TEST_STEP][PASSED] - delay: Delayed 2 second(s)

2018-12-11 12:01:22 - [MESSAGE][PASSED] - Delayed 2 second(s)

2018-12-11 12:01:22 - [TEST_STEP][PASSED] - sendKeys: Keys 'C:\Users\Public\Pictures\Sample Pictures\Koala.jpg' sent to object: 'Object Repository/Final Object Repo/Page_Form 1A - Cessation As Employer/Uploading File'

2018-12-11 12:01:22 - [MESSAGE][PASSED] - Keys 'C:\Users\Public\Pictures\Sample Pictures\Koala.jpg' sent to object: 'Object Repository/Final Object Repo/Page_Form 1A - Cessation As Employer/Uploading File'

2018-12-11 12:01:22 - [TEST_STEP][PASSED] - delay: Delayed 2 second(s)

2018-12-11 12:01:24 - [MESSAGE][PASSED] - Delayed 2 second(s)

2018-12-11 12:01:24 - [TEST_STEP][PASSED] - click: Object: 'Object Repository/Final Object Repo/Page_Form 1A - Cessation As Employer/Add Document in Uploading Page' is clicked on

2018-12-11 12:01:25 - [MESSAGE][PASSED] - Object: 'Object Repository/Final Object Repo/Page_Form 1A - Cessation As Employer/Add Document in Uploading Page' is clicked on

2018-12-11 12:01:25 - [TEST_STEP][PASSED] - delay: Delayed 15 second(s)

2018-12-11 12:01:40 - [MESSAGE][PASSED] - Delayed 15 second(s)

2018-12-11 12:01:40 - [TEST_STEP][PASSED] - click: Object: 'Object Repository/Final Object Repo/Page_Form 1A - Cessation As Employer/Save  Continue in Uploading Page' is clicked on

2018-12-11 12:01:40 - [MESSAGE][PASSED] - Object: 'Object Repository/Final Object Repo/Page_Form 1A - Cessation As Employer/Save  Continue in Uploading Page' is clicked on

2018-12-11 12:01:40 - [TEST_STEP][PASSED] - delay: Delayed 2 second(s)

2018-12-11 12:01:42 - [MESSAGE][PASSED] - Delayed 2 second(s)

2018-12-11 12:01:42 - [TEST_STEP][PASSED] - click: Object: 'Object Repository/Final Object Repo/Page_Form 1A - Cessation As Employer/Submit2' is clicked on

2018-12-11 12:01:45 - [MESSAGE][PASSED] - Object: 'Object Repository/Final Object Repo/Page_Form 1A - Cessation As Employer/Submit2' is clicked on

2018-12-11 12:01:45 - [TEST_STEP][PASSED] - delay: Delayed 2 second(s)

2018-12-11 12:01:47 - [MESSAGE][PASSED] - Delayed 2 second(s)

2018-12-11 12:01:47 - [TEST_STEP][PASSED] - click: Object: 'Object Repository/Final Object Repo/Page_Form 1A - Cessation As Employer/Confirm' is clicked on

2018-12-11 12:01:47 - [MESSAGE][PASSED] - Object: 'Object Repository/Final Object Repo/Page_Form 1A - Cessation As Employer/Confirm' is clicked on

2018-12-11 12:01:47 - [TEST_STEP][PASSED] - delay: Delayed 2 second(s)

2018-12-11 12:01:49 - [MESSAGE][PASSED] - Delayed 2 second(s)

2018-12-11 12:01:49 - [TEST_STEP][PASSED] - verifyElementVisible: Object 'Object Repository/Final Object Repo/Page_Form 1A - Cessation As Employer/Message Your Request will be routed to UO' is visible

2018-12-11 12:01:53 - [MESSAGE][PASSED] - Object 'Object Repository/Final Object Repo/Page_Form 1A - Cessation As Employer/Message Your Request will be routed to UO' is visible

2018-12-11 12:01:53 - [TEST_STEP][PASSED] - delay: Delayed 1 second(s)

2018-12-11 12:01:54 - [MESSAGE][PASSED] - Delayed 1 second(s)

2018-12-11 12:01:54 - [TEST_STEP][PASSED] - verifyElementVisible: Object 'Object Repository/Final Object Repo/Page_Form 1A - Cessation As Employer/Letter of acknowledgement' is visible

2018-12-11 12:01:54 - [MESSAGE][PASSED] - Object 'Object Repository/Final Object Repo/Page_Form 1A - Cessation As Employer/Letter of acknowledgement' is visible

2018-12-11 12:01:54 - [MESSAGE][PASSED] - Call Test Case 'Test Cases/Final Aug 2018 - PKS Automation/Registration Module/Workflow/Form 1A - Cessation As Employer/Template/Form 1 A - Cessation As Employer (PKRBO)' successfully

2018-12-11 12:01:54 - [TEST_STEP][PASSED] - callTestCase: Call Test Case 'Test Cases/Final Aug 2018 - PKS Automation/Registration Module/Workflow/Form 1A - Cessation As Employer/Template/Form 1 A - Cessation As Employer (Query)' successfully

2018-12-11 12:01:54 - [TEST_CASE][PASSED] - Test Cases/Final Aug 2018 - PKS Automation/Registration Module/Workflow/Form 1A - Cessation As Employer/Template/Form 1 A - Cessation As Employer (Query): Test Cases/Final Aug 2018 - PKS Automation/Registration Module/Workflow/Form 1A - Cessation As Employer/Template/Form 1 A - Cessation As Employer (Query)

2018-12-11 12:01:54 - [TEST_STEP][NOT_RUN] - callTestCase: NOT_RUN: callTestCase

2018-12-11 12:01:54 - [MESSAGE][NOT_RUN] - NOT_RUN: callTestCase

2018-12-11 12:01:54 - [TEST_STEP][PASSED] - delay: Delayed 1 second(s)

2018-12-11 12:01:55 - [MESSAGE][PASSED] - Delayed 1 second(s)

2018-12-11 12:01:55 - [TEST_STEP][PASSED] - navigateToUrl: Navigate to 'https://assist2-uat.perkeso.gov.my/c/portal/logout' successfully

2018-12-11 12:01:56 - [MESSAGE][PASSED] - Navigate to 'https://assist2-uat.perkeso.gov.my/c/portal/logout' successfully

2018-12-11 12:01:56 - [TEST_STEP][PASSED] - delay: Delayed 1 second(s)

2018-12-11 12:01:57 - [MESSAGE][PASSED] - Delayed 1 second(s)

2018-12-11 12:01:57 - [TEST_STEP][PASSED] - callTestCase: Call Test Case 'Test Cases/Final Aug 2018 - PKS Automation/Common/Reference Number Getter' successfully

2018-12-11 12:01:57 - [TEST_CASE][PASSED] - Test Cases/Final Aug 2018 - PKS Automation/Common/Reference Number Getter: Test Cases/Final Aug 2018 - PKS Automation/Common/Reference Number Getter

2018-12-11 12:01:57 - [TEST_STEP][PASSED] - Statement - Try: null

2018-12-11 12:01:57 - [TEST_STEP][PASSED] - Statement - RefNo = new java.io.File(C://Users//Admin//Desktop//PKS//Automation Reference Point//KatalonReference.txt): null

2018-12-11 12:01:57 - [TEST_STEP][PASSED] - Statement - bufferread = new java.io.BufferedReader(new java.io.FileReader(RefNo)): null

2018-12-11 12:01:57 - [TEST_STEP][PASSED] - Statement - readedVal = bufferread.readLine(): null

2018-12-11 12:01:57 - [TEST_STEP][PASSED] - Statement - out.println(CaseReferenceNo): null

2018-12-11 12:01:57 - [TEST_STEP][PASSED] - Statement - out.println(readedVal): null

2018-12-11 12:01:57 - [TEST_STEP][PASSED] - Statement - CaseReferenceNo = "": null

2018-12-11 12:01:57 - [TEST_STEP][PASSED] - Statement - CaseReferenceNo = readedVal: null

2018-12-11 12:01:57 - [MESSAGE][PASSED] - Call Test Case 'Test Cases/Final Aug 2018 - PKS Automation/Common/Reference Number Getter' successfully

2018-12-11 12:01:57 - [TEST_STEP][PASSED] - callTestCase: Call Test Case 'Test Cases/Final Aug 2018 - PKS Automation/Common/Workflow Owner Finder' successfully

2018-12-11 12:01:57 - [TEST_CASE][PASSED] - Test Cases/Final Aug 2018 - PKS Automation/Common/Workflow Owner Finder: Test Cases/Final Aug 2018 - PKS Automation/Common/Workflow Owner Finder

2018-12-11 12:01:57 - [TEST_STEP][PASSED] - openBrowser: Browser is opened with url: ''

2018-12-11 12:01:57 - [MESSAGE][WARNING] - A browser is already opened. Closing browser and opening a new one

2018-12-11 12:02:00 - [MESSAGE][PASSED] - Browser is opened with url: ''

2018-12-11 12:02:00 - [TEST_STEP][PASSED] - navigateToUrl: Navigate to 'https://assist2-uat.perkeso.gov.my/login' successfully

2018-12-11 12:02:01 - [MESSAGE][PASSED] - Navigate to 'https://assist2-uat.perkeso.gov.my/login' successfully

2018-12-11 12:02:01 - [TEST_STEP][PASSED] - delay: Delayed 5 second(s)

2018-12-11 12:02:06 - [MESSAGE][PASSED] - Delayed 5 second(s)

2018-12-11 12:02:06 - [TEST_STEP][PASSED] - setText: Text 'test@liferay.com' is set on object 'Object Repository/Final Object Repo/Login Page/Internal User/Email Address'

2018-12-11 12:02:07 - [MESSAGE][PASSED] - Text 'test@liferay.com' is set on object 'Object Repository/Final Object Repo/Login Page/Internal User/Email Address'

2018-12-11 12:02:07 - [TEST_STEP][PASSED] - click: Object: 'Object Repository/Final Object Repo/Login Page/Internal User/Next Button' is clicked on

2018-12-11 12:02:07 - [MESSAGE][PASSED] - Object: 'Object Repository/Final Object Repo/Login Page/Internal User/Next Button' is clicked on

2018-12-11 12:02:07 - [TEST_STEP][PASSED] - delay: Delayed 2 second(s)

2018-12-11 12:02:09 - [MESSAGE][PASSED] - Delayed 2 second(s)

2018-12-11 12:02:09 - [TEST_STEP][PASSED] - setText: Text 'test' is set on object 'Object Repository/Final Object Repo/Login Page/Internal User/Password'

2018-12-11 12:02:09 - [MESSAGE][PASSED] - Text 'test' is set on object 'Object Repository/Final Object Repo/Login Page/Internal User/Password'

2018-12-11 12:02:09 - [TEST_STEP][PASSED] - delay: Delayed 2 second(s)

2018-12-11 12:02:11 - [MESSAGE][PASSED] - Delayed 2 second(s)

2018-12-11 12:02:11 - [TEST_STEP][PASSED] - click: Object: 'Object Repository/Final Object Repo/Login Page/Internal User/Login Button' is clicked on

2018-12-11 12:02:11 - [MESSAGE][PASSED] - Object: 'Object Repository/Final Object Repo/Login Page/Internal User/Login Button' is clicked on

2018-12-11 12:02:11 - [TEST_STEP][PASSED] - Statement - tester = com.kms.katalon.core.testobject.ObjectRepository.findTestObject(Final Object Repo/Landing Page/Select to English): Finding Test Object with id 'Object Repository/Final Object Repo/Landing Page/Select to English'

2018-12-11 12:02:11 - [TEST_STEP][PASSED] - Statement - Try: Delayed 2 second(s)

2018-12-11 12:02:11 - [TEST_STEP][PASSED] - Statement - Checker = com.kms.katalon.core.webui.keyword.WebUiBuiltInKeywords.verifyElementNotPresent(tester, 3): Web element with id: 'Object Repository/Final Object Repo/Landing Page/Select to English' located by 'By.xpath: //a[@class = 'taglib-language-list-text' and @lang = 'en-US' and (contains(text(), 'EN') or contains(., 'EN'))]' is not present after '3' second(s)

2018-12-11 12:02:13 - [MESSAGE][PASSED] - Web element with id: 'Object Repository/Final Object Repo/Landing Page/Select to English' located by 'By.xpath: //a[@class = 'taglib-language-list-text' and @lang = 'en-US' and (contains(text(), 'EN') or contains(., 'EN'))]' is not present after '3' second(s)

2018-12-11 12:02:13 - [TEST_STEP][PASSED] - Statement - If (Checker == false): null

2018-12-11 12:02:13 - [TEST_STEP][PASSED] - delay: Delayed 2 second(s)

2018-12-11 12:02:15 - [MESSAGE][PASSED] - Delayed 2 second(s)

2018-12-11 12:02:15 - [TEST_STEP][PASSED] - delay: Delayed 5 second(s)

2018-12-11 12:02:20 - [MESSAGE][PASSED] - Delayed 5 second(s)

2018-12-11 12:02:20 - [TEST_STEP][PASSED] - mouseOver: Object: 'Object Repository/Final Object Repo/Landing Page/WorkFlow Menu' is hovered

2018-12-11 12:02:20 - [MESSAGE][PASSED] - Object: 'Object Repository/Final Object Repo/Landing Page/WorkFlow Menu' is hovered

2018-12-11 12:02:20 - [TEST_STEP][PASSED] - delay: Delayed 2 second(s)

2018-12-11 12:02:22 - [MESSAGE][PASSED] - Delayed 2 second(s)

2018-12-11 12:02:22 - [TEST_STEP][PASSED] - click: Object: 'Object Repository/Final Object Repo/Landing Page/Select to Workflow Listing' is clicked on

2018-12-11 12:02:23 - [MESSAGE][PASSED] - Object: 'Object Repository/Final Object Repo/Landing Page/Select to Workflow Listing' is clicked on

2018-12-11 12:02:23 - [TEST_STEP][PASSED] - delay: Delayed 2 second(s)

2018-12-11 12:02:25 - [MESSAGE][PASSED] - Delayed 2 second(s)

2018-12-11 12:02:25 - [TEST_STEP][PASSED] - click: Object: 'Object Repository/Final Object Repo/WorkFlow Listing Page/Search Information - To Put Ref No' is clicked on

2018-12-11 12:02:25 - [MESSAGE][PASSED] - Object: 'Object Repository/Final Object Repo/WorkFlow Listing Page/Search Information - To Put Ref No' is clicked on

2018-12-11 12:02:25 - [TEST_STEP][PASSED] - delay: Delayed 2 second(s)

2018-12-11 12:02:27 - [MESSAGE][PASSED] - Delayed 2 second(s)

2018-12-11 12:02:27 - [TEST_STEP][PASSED] - callTestCase: Call Test Case 'Test Cases/Final Aug 2018 - PKS Automation/Common/Reference Number Getter' successfully

2018-12-11 12:02:27 - [TEST_CASE][PASSED] - Test Cases/Final Aug 2018 - PKS Automation/Common/Reference Number Getter: Test Cases/Final Aug 2018 - PKS Automation/Common/Reference Number Getter

2018-12-11 12:02:27 - [TEST_STEP][PASSED] - Statement - Try: null

2018-12-11 12:02:27 - [TEST_STEP][PASSED] - Statement - RefNo = new java.io.File(C://Users//Admin//Desktop//PKS//Automation Reference Point//KatalonReference.txt): null

2018-12-11 12:02:27 - [TEST_STEP][PASSED] - Statement - bufferread = new java.io.BufferedReader(new java.io.FileReader(RefNo)): null

2018-12-11 12:02:27 - [TEST_STEP][PASSED] - Statement - readedVal = bufferread.readLine(): null

2018-12-11 12:02:27 - [TEST_STEP][PASSED] - Statement - out.println(CaseReferenceNo): null

2018-12-11 12:02:27 - [TEST_STEP][PASSED] - Statement - out.println(readedVal): null

2018-12-11 12:02:27 - [TEST_STEP][PASSED] - Statement - CaseReferenceNo = "": null

2018-12-11 12:02:27 - [TEST_STEP][PASSED] - Statement - CaseReferenceNo = readedVal: null

2018-12-11 12:02:27 - [MESSAGE][PASSED] - Call Test Case 'Test Cases/Final Aug 2018 - PKS Automation/Common/Reference Number Getter' successfully

2018-12-11 12:02:27 - [TEST_STEP][PASSED] - setText: Text 'CUN122018C200001718' is set on object 'Object Repository/Final Object Repo/WorkFlow Listing Page/Ref No Set Text'

2018-12-11 12:02:28 - [MESSAGE][PASSED] - Text 'CUN122018C200001718' is set on object 'Object Repository/Final Object Repo/WorkFlow Listing Page/Ref No Set Text'

2018-12-11 12:02:28 - [TEST_STEP][PASSED] - delay: Delayed 2 second(s)

2018-12-11 12:02:30 - [MESSAGE][PASSED] - Delayed 2 second(s)

2018-12-11 12:02:30 - [TEST_STEP][PASSED] - click: Object: 'Object Repository/Final Object Repo/WorkFlow Listing Page/Search Ref No Search Button' is clicked on

2018-12-11 12:02:30 - [MESSAGE][PASSED] - Object: 'Object Repository/Final Object Repo/WorkFlow Listing Page/Search Ref No Search Button' is clicked on

2018-12-11 12:02:30 - [TEST_STEP][PASSED] - delay: Delayed 6 second(s)

2018-12-11 12:02:36 - [MESSAGE][PASSED] - Delayed 6 second(s)

2018-12-11 12:02:36 - [TEST_STEP][PASSED] - click: Object: 'Object Repository/Final Object Repo/WorkFlow Listing Page/Click Continue Tooltip' is clicked on

2018-12-11 12:02:37 - [MESSAGE][PASSED] - Object: 'Object Repository/Final Object Repo/WorkFlow Listing Page/Click Continue Tooltip' is clicked on

2018-12-11 12:02:37 - [TEST_STEP][PASSED] - delay: Delayed 5 second(s)

2018-12-11 12:02:42 - [MESSAGE][PASSED] - Delayed 5 second(s)

2018-12-11 12:02:42 - [TEST_STEP][PASSED] - doubleClick: Object: 'Object Repository/Final Object Repo/WorkFlow Listing Page/Workflow Found - Listing 1' is double clicked on

2018-12-11 12:02:42 - [MESSAGE][PASSED] - Object: 'Object Repository/Final Object Repo/WorkFlow Listing Page/Workflow Found - Listing 1' is double clicked on

2018-12-11 12:02:42 - [TEST_STEP][PASSED] - Statement - println(OwnerID): null

2018-12-11 12:02:42 - [TEST_STEP][PASSED] - Statement - OwnerID = com.kms.katalon.core.webui.keyword.WebUiBuiltInKeywords.getText(com.kms.katalon.core.testobject.ObjectRepository.findTestObject(Final Object Repo/WorkFlow Listing Page/Workflow Found - Listing 1), STOP_ON_FAILURE): Text of object 'Object Repository/Final Object Repo/WorkFlow Listing Page/Workflow Found - Listing 1' is: 'JOHORuo2'

2018-12-11 12:02:42 - [MESSAGE][PASSED] - Text of object 'Object Repository/Final Object Repo/WorkFlow Listing Page/Workflow Found - Listing 1' is: 'JOHORuo2'

2018-12-11 12:02:42 - [TEST_STEP][PASSED] - Statement - OwnerID = OwnerID.toLowerCase() + "@gmail.com": null

2018-12-11 12:02:42 - [TEST_STEP][PASSED] - Statement - println(OwnerID): null

2018-12-11 12:02:42 - [TEST_STEP][PASSED] - delay: Delayed 2 second(s)

2018-12-11 12:02:44 - [MESSAGE][PASSED] - Delayed 2 second(s)

2018-12-11 12:02:44 - [MESSAGE][PASSED] - Call Test Case 'Test Cases/Final Aug 2018 - PKS Automation/Common/Workflow Owner Finder' successfully

2018-12-11 12:02:44 - [TEST_STEP][PASSED] - delay: Delayed 1 second(s)

2018-12-11 12:02:45 - [MESSAGE][PASSED] - Delayed 1 second(s)

2018-12-11 12:02:45 - [TEST_STEP][PASSED] - navigateToUrl: Navigate to 'https://assist2-uat.perkeso.gov.my/c/portal/logout' successfully

2018-12-11 12:02:46 - [MESSAGE][PASSED] - Navigate to 'https://assist2-uat.perkeso.gov.my/c/portal/logout' successfully

2018-12-11 12:02:46 - [TEST_STEP][PASSED] - delay: Delayed 1 second(s)

2018-12-11 12:02:47 - [MESSAGE][PASSED] - Delayed 1 second(s)

2018-12-11 12:02:47 - [TEST_STEP][PASSED] - callTestCase: Call Test Case 'Test Cases/Final Aug 2018 - PKS Automation/Registration Module/Workflow/Login and Search Case For Workflow' successfully

2018-12-11 12:02:47 - [TEST_CASE][PASSED] - Test Cases/Final Aug 2018 - PKS Automation/Registration Module/Workflow/Login and Search Case For Workflow: Test Cases/Final Aug 2018 - PKS Automation/Registration Module/Workflow/Login and Search Case For Workflow

2018-12-11 12:02:47 - [TEST_STEP][PASSED] - navigateToUrl: Navigate to 'https://assist2-uat.perkeso.gov.my/login' successfully

2018-12-11 12:02:48 - [MESSAGE][PASSED] - Navigate to 'https://assist2-uat.perkeso.gov.my/login' successfully

2018-12-11 12:02:48 - [TEST_STEP][PASSED] - setText: Text 'johoruo2@gmail.com' is set on object 'Object Repository/Final Object Repo/Login Page/Internal User/Email Address'

2018-12-11 12:02:48 - [MESSAGE][PASSED] - Text 'johoruo2@gmail.com' is set on object 'Object Repository/Final Object Repo/Login Page/Internal User/Email Address'

2018-12-11 12:02:48 - [TEST_STEP][PASSED] - click: Object: 'Object Repository/Final Object Repo/Login Page/Internal User/Next Button' is clicked on

2018-12-11 12:02:48 - [MESSAGE][PASSED] - Object: 'Object Repository/Final Object Repo/Login Page/Internal User/Next Button' is clicked on

2018-12-11 12:02:48 - [TEST_STEP][PASSED] - delay: Delayed 1 second(s)

2018-12-11 12:02:49 - [MESSAGE][PASSED] - Delayed 1 second(s)

2018-12-11 12:02:49 - [TEST_STEP][PASSED] - setEncryptedText: Text ****** has been set on object 'Object Repository/Final Object Repo/Login Page/Internal User/Password'

2018-12-11 12:02:49 - [MESSAGE][PASSED] - Text ****** has been set on object 'Object Repository/Final Object Repo/Login Page/Internal User/Password'

2018-12-11 12:02:49 - [TEST_STEP][PASSED] - click: Object: 'Object Repository/Final Object Repo/Login Page/Internal User/Login Button' is clicked on

2018-12-11 12:02:50 - [MESSAGE][PASSED] - Object: 'Object Repository/Final Object Repo/Login Page/Internal User/Login Button' is clicked on

2018-12-11 12:02:50 - [TEST_STEP][PASSED] - delay: Delayed 2 second(s)

2018-12-11 12:02:52 - [MESSAGE][PASSED] - Delayed 2 second(s)

2018-12-11 12:02:52 - [TEST_STEP][PASSED] - Statement - Try: Delayed 2 second(s)

2018-12-11 12:02:52 - [TEST_STEP][PASSED] - Statement - Checker = false: null

2018-12-11 12:02:52 - [TEST_STEP][PASSED] - Statement - Checker = com.kms.katalon.core.webui.keyword.WebUiBuiltInKeywords.verifyElementHasAttribute(com.kms.katalon.core.testobject.ObjectRepository.findTestObject(Final Object Repo/Landing Page/BM Detecting), "href", 20, OPTIONAL): Object 'Object Repository/Final Object Repo/Landing Page/BM Detecting' has attribute 'href'

2018-12-11 12:02:52 - [MESSAGE][PASSED] - Object 'Object Repository/Final Object Repo/Landing Page/BM Detecting' has attribute 'href'

2018-12-11 12:02:52 - [TEST_STEP][PASSED] - Statement - out.println(Checker): null

2018-12-11 12:02:52 - [TEST_STEP][PASSED] - Statement - If (Checker == false): null

2018-12-11 12:02:52 - [TEST_STEP][PASSED] - Statement - Else: null

2018-12-11 12:02:52 - [TEST_STEP][PASSED] - delay: Delayed 2 second(s)

2018-12-11 12:02:54 - [MESSAGE][PASSED] - Delayed 2 second(s)

2018-12-11 12:02:54 - [TEST_STEP][PASSED] - click: Object: 'Object Repository/Final Object Repo/Page_MyASSIST - ASSIST - Search Pending Case For Add Supporting Document/Search Information' is clicked on

2018-12-11 12:02:54 - [MESSAGE][PASSED] - Object: 'Object Repository/Final Object Repo/Page_MyASSIST - ASSIST - Search Pending Case For Add Supporting Document/Search Information' is clicked on

2018-12-11 12:02:54 - [TEST_STEP][PASSED] - delay: Delayed 3 second(s)

2018-12-11 12:02:57 - [MESSAGE][PASSED] - Delayed 3 second(s)

2018-12-11 12:02:57 - [TEST_STEP][PASSED] - sendKeys: Keys 'CUN122018C200001718' sent to object: 'Object Repository/Final Object Repo/Page_MyASSIST - ASSIST - Search Pending Case For Add Supporting Document/Reference No'

2018-12-11 12:02:57 - [MESSAGE][PASSED] - Keys 'CUN122018C200001718' sent to object: 'Object Repository/Final Object Repo/Page_MyASSIST - ASSIST - Search Pending Case For Add Supporting Document/Reference No'

2018-12-11 12:02:57 - [TEST_STEP][PASSED] - click: Object: 'Object Repository/Final Object Repo/Page_MyASSIST - ASSIST - Search Pending Case For Add Supporting Document/Search Reference No' is clicked on

2018-12-11 12:02:57 - [MESSAGE][PASSED] - Object: 'Object Repository/Final Object Repo/Page_MyASSIST - ASSIST - Search Pending Case For Add Supporting Document/Search Reference No' is clicked on

2018-12-11 12:02:57 - [TEST_STEP][PASSED] - delay: Delayed 2 second(s)

2018-12-11 12:02:59 - [MESSAGE][PASSED] - Delayed 2 second(s)

2018-12-11 12:02:59 - [TEST_STEP][PASSED] - click: Object: 'Object Repository/Final Object Repo/Page_MyASSIST - ASSIST - Search Pending Case For Add Supporting Document/Continue' is clicked on

2018-12-11 12:03:03 - [MESSAGE][PASSED] - Object: 'Object Repository/Final Object Repo/Page_MyASSIST - ASSIST - Search Pending Case For Add Supporting Document/Continue' is clicked on

2018-12-11 12:03:03 - [TEST_STEP][PASSED] - delay: Delayed 20 second(s)

2018-12-11 12:03:23 - [MESSAGE][PASSED] - Delayed 20 second(s)

2018-12-11 12:03:23 - [MESSAGE][PASSED] - Call Test Case 'Test Cases/Final Aug 2018 - PKS Automation/Registration Module/Workflow/Login and Search Case For Workflow' successfully

2018-12-11 12:03:23 - [TEST_STEP][PASSED] - click: Object: 'Object Repository/Final Object Repo/Page_Form 1A - Cessation As Employer/Page_Form 1A - Cessation As Employer (Approve)/Save  Continue in Form 1A Page' is clicked on

2018-12-11 12:03:23 - [MESSAGE][PASSED] - Object: 'Object Repository/Final Object Repo/Page_Form 1A - Cessation As Employer/Page_Form 1A - Cessation As Employer (Approve)/Save  Continue in Form 1A Page' is clicked on

2018-12-11 12:03:23 - [TEST_STEP][PASSED] - delay: Delayed 2 second(s)

2018-12-11 12:03:25 - [MESSAGE][PASSED] - Delayed 2 second(s)

2018-12-11 12:03:25 - [TEST_STEP][PASSED] - click: Object: 'Object Repository/Final Object Repo/Page_Form 1A - Cessation As Employer/Employment Resign Date' is clicked on

2018-12-11 12:03:25 - [MESSAGE][PASSED] - Object: 'Object Repository/Final Object Repo/Page_Form 1A - Cessation As Employer/Employment Resign Date' is clicked on

2018-12-11 12:03:25 - [TEST_STEP][PASSED] - delay: Delayed 1 second(s)

2018-12-11 12:03:26 - [MESSAGE][PASSED] - Delayed 1 second(s)

2018-12-11 12:03:26 - [TEST_STEP][PASSED] - selectOptionByValue: All options with value '2030' are selected in object 'Object Repository/Final Object Repo/Page_Form 1A - Cessation As Employer/Employment Resign Date - Year' 

2018-12-11 12:03:26 - [MESSAGE][PASSED] - All options with value '2030' are selected in object 'Object Repository/Final Object Repo/Page_Form 1A - Cessation As Employer/Employment Resign Date - Year' 

2018-12-11 12:03:26 - [TEST_STEP][PASSED] - delay: Delayed 1 second(s)

2018-12-11 12:03:27 - [MESSAGE][PASSED] - Delayed 1 second(s)

2018-12-11 12:03:27 - [TEST_STEP][PASSED] - click: Object: 'Object Repository/Final Object Repo/Page_Form 1A - Cessation As Employer/Employment Resign Date - Year - Date' is clicked on

2018-12-11 12:03:27 - [MESSAGE][PASSED] - Object: 'Object Repository/Final Object Repo/Page_Form 1A - Cessation As Employer/Employment Resign Date - Year - Date' is clicked on

2018-12-11 12:03:27 - [TEST_STEP][PASSED] - delay: Delayed 2 second(s)

2018-12-11 12:03:29 - [MESSAGE][PASSED] - Delayed 2 second(s)

2018-12-11 12:03:29 - [TEST_STEP][PASSED] - click: Object: 'Object Repository/Final Object Repo/Page_Form 1A - Cessation As Employer/Page_Form 1A - Cessation As Employer (Approve)/Save  Continue in Update Add Employee Resigned Date Page' is clicked on

2018-12-11 12:03:30 - [MESSAGE][PASSED] - Object: 'Object Repository/Final Object Repo/Page_Form 1A - Cessation As Employer/Page_Form 1A - Cessation As Employer (Approve)/Save  Continue in Update Add Employee Resigned Date Page' is clicked on

2018-12-11 12:03:30 - [TEST_STEP][PASSED] - delay: Delayed 2 second(s)

2018-12-11 12:03:32 - [MESSAGE][PASSED] - Delayed 2 second(s)

2018-12-11 12:03:32 - [TEST_STEP][PASSED] - click: Object: 'Object Repository/Final Object Repo/Page_Form 1A - Cessation As Employer/Set Latest - Yes' is clicked on

2018-12-11 12:03:32 - [MESSAGE][PASSED] - Object: 'Object Repository/Final Object Repo/Page_Form 1A - Cessation As Employer/Set Latest - Yes' is clicked on

2018-12-11 12:03:32 - [TEST_STEP][PASSED] - delay: Delayed 2 second(s)

2018-12-11 12:03:34 - [MESSAGE][PASSED] - Delayed 2 second(s)

2018-12-11 12:03:34 - [TEST_STEP][PASSED] - setText: Text 'remark' is set on object 'Object Repository/Final Object Repo/Page_Form 1A - Cessation As Employer/Page_Form 1A - Cessation As Employer (Query)/Query - remark'

2018-12-11 12:03:35 - [MESSAGE][PASSED] - Text 'remark' is set on object 'Object Repository/Final Object Repo/Page_Form 1A - Cessation As Employer/Page_Form 1A - Cessation As Employer (Query)/Query - remark'

2018-12-11 12:03:35 - [TEST_STEP][PASSED] - delay: Delayed 2 second(s)

2018-12-11 12:03:37 - [MESSAGE][PASSED] - Delayed 2 second(s)

2018-12-11 12:03:37 - [TEST_STEP][PASSED] - click: Object: 'Object Repository/Final Object Repo/Page_Form 1A - Cessation As Employer/Page_Form 1A - Cessation As Employer (Approve)/Save  Contine in Uploading Document Page' is clicked on

2018-12-11 12:03:37 - [MESSAGE][PASSED] - Object: 'Object Repository/Final Object Repo/Page_Form 1A - Cessation As Employer/Page_Form 1A - Cessation As Employer (Approve)/Save  Contine in Uploading Document Page' is clicked on

2018-12-11 12:03:37 - [TEST_STEP][PASSED] - delay: Delayed 2 second(s)

2018-12-11 12:03:39 - [MESSAGE][PASSED] - Delayed 2 second(s)

2018-12-11 12:03:39 - [TEST_STEP][PASSED] - click: Object: 'Object Repository/Final Object Repo/Page_Form 1A - Cessation As Employer/Page_Form 1A - Cessation As Employer (Query)/Query' is clicked on

2018-12-11 12:03:42 - [MESSAGE][PASSED] - Object: 'Object Repository/Final Object Repo/Page_Form 1A - Cessation As Employer/Page_Form 1A - Cessation As Employer (Query)/Query' is clicked on

2018-12-11 12:03:42 - [TEST_STEP][PASSED] - delay: Delayed 2 second(s)

2018-12-11 12:03:44 - [MESSAGE][PASSED] - Delayed 2 second(s)

2018-12-11 12:03:44 - [TEST_STEP][PASSED] - click: Object: 'Object Repository/Final Object Repo/Page_Form 1A - Cessation As Employer/Page_Form 1A - Cessation As Employer (Query)/Confirm' is clicked on

2018-12-11 12:03:51 - [MESSAGE][PASSED] - Object: 'Object Repository/Final Object Repo/Page_Form 1A - Cessation As Employer/Page_Form 1A - Cessation As Employer (Query)/Confirm' is clicked on

2018-12-11 12:03:51 - [TEST_STEP][PASSED] - delay: Delayed 2 second(s)

2018-12-11 12:03:53 - [MESSAGE][PASSED] - Delayed 2 second(s)

2018-12-11 12:03:53 - [TEST_STEP][PASSED] - verifyElementVisible: Object 'Object Repository/Final Object Repo/Page_Form 1A - Cessation As Employer/Page_Form 1A - Cessation As Employer (Query)/MessageThe Case Is Under Query' is visible

2018-12-11 12:03:53 - [MESSAGE][PASSED] - Object 'Object Repository/Final Object Repo/Page_Form 1A - Cessation As Employer/Page_Form 1A - Cessation As Employer (Query)/MessageThe Case Is Under Query' is visible

2018-12-11 12:03:53 - [TEST_STEP][PASSED] - delay: Delayed 1 second(s)

2018-12-11 12:03:54 - [MESSAGE][PASSED] - Delayed 1 second(s)

2018-12-11 12:03:54 - [TEST_STEP][PASSED] - verifyElementVisible: Object 'Object Repository/Final Object Repo/Page_Form 1A - Cessation As Employer/Page_Form 1A - Cessation As Employer (Query)/Letter of inquiry' is visible

2018-12-11 12:03:54 - [MESSAGE][PASSED] - Object 'Object Repository/Final Object Repo/Page_Form 1A - Cessation As Employer/Page_Form 1A - Cessation As Employer (Query)/Letter of inquiry' is visible

2018-12-11 12:03:54 - [TEST_STEP][PASSED] - delay: Delayed 1 second(s)

2018-12-11 12:03:55 - [MESSAGE][PASSED] - Delayed 1 second(s)

2018-12-11 12:03:55 - [TEST_STEP][PASSED] - navigateToUrl: Navigate to 'https://assist2-uat.perkeso.gov.my/c/portal/logout' successfully

2018-12-11 12:03:55 - [MESSAGE][PASSED] - Navigate to 'https://assist2-uat.perkeso.gov.my/c/portal/logout' successfully

2018-12-11 12:03:55 - [TEST_STEP][PASSED] - delay: Delayed 1 second(s)

2018-12-11 12:03:56 - [MESSAGE][PASSED] - Delayed 1 second(s)

2018-12-11 12:03:56 - [TEST_STEP][PASSED] - callTestCase: Call Test Case 'Test Cases/Final Aug 2018 - PKS Automation/Registration Module/Workflow/Search Pending Case For Add Supporting Document (OTC)' successfully

2018-12-11 12:03:57 - [TEST_CASE][PASSED] - Test Cases/Final Aug 2018 - PKS Automation/Registration Module/Workflow/Search Pending Case For Add Supporting Document (OTC): Test Cases/Final Aug 2018 - PKS Automation/Registration Module/Workflow/Search Pending Case For Add Supporting Document (OTC)

2018-12-11 12:03:57 - [TEST_STEP][PASSED] - openBrowser: Browser is opened with url: ''

2018-12-11 12:03:57 - [MESSAGE][WARNING] - A browser is already opened. Closing browser and opening a new one

2018-12-11 12:04:00 - [MESSAGE][PASSED] - Browser is opened with url: ''

2018-12-11 12:04:00 - [TEST_STEP][PASSED] - navigateToUrl: Navigate to 'https://assist2-uat.perkeso.gov.my/login' successfully

2018-12-11 12:04:01 - [MESSAGE][PASSED] - Navigate to 'https://assist2-uat.perkeso.gov.my/login' successfully

2018-12-11 12:04:01 - [TEST_STEP][PASSED] - setText: Text 'johorotc1@gmail.com' is set on object 'Object Repository/Final Object Repo/Login Page/Internal User/Email Address'

2018-12-11 12:04:01 - [MESSAGE][PASSED] - Text 'johorotc1@gmail.com' is set on object 'Object Repository/Final Object Repo/Login Page/Internal User/Email Address'

2018-12-11 12:04:01 - [TEST_STEP][PASSED] - click: Object: 'Object Repository/Final Object Repo/Login Page/Internal User/Next Button' is clicked on

2018-12-11 12:04:01 - [MESSAGE][PASSED] - Object: 'Object Repository/Final Object Repo/Login Page/Internal User/Next Button' is clicked on

2018-12-11 12:04:01 - [TEST_STEP][PASSED] - delay: Delayed 1 second(s)

2018-12-11 12:04:02 - [MESSAGE][PASSED] - Delayed 1 second(s)

2018-12-11 12:04:02 - [TEST_STEP][PASSED] - setEncryptedText: Text ****** has been set on object 'Object Repository/Final Object Repo/Login Page/Internal User/Password'

2018-12-11 12:04:03 - [MESSAGE][PASSED] - Text ****** has been set on object 'Object Repository/Final Object Repo/Login Page/Internal User/Password'

2018-12-11 12:04:03 - [TEST_STEP][PASSED] - click: Object: 'Object Repository/Final Object Repo/Login Page/Internal User/Login Button' is clicked on

2018-12-11 12:04:03 - [MESSAGE][PASSED] - Object: 'Object Repository/Final Object Repo/Login Page/Internal User/Login Button' is clicked on

2018-12-11 12:04:03 - [TEST_STEP][PASSED] - delay: Delayed 1 second(s)

2018-12-11 12:04:04 - [MESSAGE][PASSED] - Delayed 1 second(s)

2018-12-11 12:04:04 - [TEST_STEP][PASSED] - Statement - Try: Delayed 2 second(s)

2018-12-11 12:04:04 - [TEST_STEP][PASSED] - Statement - Checker = false: null

2018-12-11 12:04:04 - [TEST_STEP][PASSED] - Statement - Checker = com.kms.katalon.core.webui.keyword.WebUiBuiltInKeywords.verifyElementHasAttribute(com.kms.katalon.core.testobject.ObjectRepository.findTestObject(Final Object Repo/Landing Page/BM Detecting), "href", 20, OPTIONAL): Object 'Object Repository/Final Object Repo/Landing Page/BM Detecting' has attribute 'href'

2018-12-11 12:04:05 - [MESSAGE][PASSED] - Object 'Object Repository/Final Object Repo/Landing Page/BM Detecting' has attribute 'href'

2018-12-11 12:04:05 - [TEST_STEP][PASSED] - Statement - out.println(Checker): null

2018-12-11 12:04:05 - [TEST_STEP][PASSED] - Statement - If (Checker == false): null

2018-12-11 12:04:05 - [TEST_STEP][PASSED] - Statement - Else: null

2018-12-11 12:04:05 - [TEST_STEP][PASSED] - delay: Delayed 2 second(s)

2018-12-11 12:04:07 - [MESSAGE][PASSED] - Delayed 2 second(s)

2018-12-11 12:04:07 - [TEST_STEP][PASSED] - navigateToUrl: Navigate to 'https://assist2-uat.perkeso.gov.my/web/registration/search/search-pending-case-for-add-supporting-document' successfully

2018-12-11 12:04:08 - [MESSAGE][PASSED] - Navigate to 'https://assist2-uat.perkeso.gov.my/web/registration/search/search-pending-case-for-add-supporting-document' successfully

2018-12-11 12:04:08 - [TEST_STEP][PASSED] - click: Object: 'Object Repository/Final Object Repo/Page_Search Pending Case For Add Suporting Document/Search By' is clicked on

2018-12-11 12:04:08 - [MESSAGE][PASSED] - Object: 'Object Repository/Final Object Repo/Page_Search Pending Case For Add Suporting Document/Search By' is clicked on

2018-12-11 12:04:08 - [TEST_STEP][PASSED] - click: Object: 'Object Repository/Final Object Repo/Page_Search Pending Case For Add Suporting Document/Search By - Reference ID' is clicked on

2018-12-11 12:04:08 - [MESSAGE][PASSED] - Object: 'Object Repository/Final Object Repo/Page_Search Pending Case For Add Suporting Document/Search By - Reference ID' is clicked on

2018-12-11 12:04:08 - [TEST_STEP][PASSED] - delay: Delayed 2 second(s)

2018-12-11 12:04:10 - [MESSAGE][PASSED] - Delayed 2 second(s)

2018-12-11 12:04:10 - [TEST_STEP][PASSED] - setText: Text 'CUN122018C200001718' is set on object 'Object Repository/Final Object Repo/Page_Search Pending Case For Add Suporting Document/Reference ID'

2018-12-11 12:04:10 - [MESSAGE][PASSED] - Text 'CUN122018C200001718' is set on object 'Object Repository/Final Object Repo/Page_Search Pending Case For Add Suporting Document/Reference ID'

2018-12-11 12:04:10 - [TEST_STEP][PASSED] - click: Object: 'Object Repository/Final Object Repo/Page_Search Pending Case For Add Suporting Document/Search' is clicked on

2018-12-11 12:04:10 - [MESSAGE][PASSED] - Object: 'Object Repository/Final Object Repo/Page_Search Pending Case For Add Suporting Document/Search' is clicked on

2018-12-11 12:04:10 - [TEST_STEP][PASSED] - delay: Delayed 2 second(s)

2018-12-11 12:04:12 - [MESSAGE][PASSED] - Delayed 2 second(s)

2018-12-11 12:04:12 - [TEST_STEP][PASSED] - click: Object: 'Object Repository/Final Object Repo/Page_Search Pending Case For Add Suporting Document/Edit' is clicked on

2018-12-11 12:04:15 - [MESSAGE][PASSED] - Object: 'Object Repository/Final Object Repo/Page_Search Pending Case For Add Suporting Document/Edit' is clicked on

2018-12-11 12:04:15 - [MESSAGE][PASSED] - Call Test Case 'Test Cases/Final Aug 2018 - PKS Automation/Registration Module/Workflow/Search Pending Case For Add Supporting Document (OTC)' successfully

2018-12-11 12:04:15 - [TEST_STEP][PASSED] - click: Object: 'Object Repository/Final Object Repo/Page_Form 1A - Cessation As Employer/Page_Form 1A - Cessation As Employer (Query -OTC -UO)/Next in Form 1A Page' is clicked on

2018-12-11 12:04:17 - [MESSAGE][PASSED] - Object: 'Object Repository/Final Object Repo/Page_Form 1A - Cessation As Employer/Page_Form 1A - Cessation As Employer (Query -OTC -UO)/Next in Form 1A Page' is clicked on

2018-12-11 12:04:17 - [TEST_STEP][PASSED] - delay: Delayed 2 second(s)

2018-12-11 12:04:19 - [MESSAGE][PASSED] - Delayed 2 second(s)

2018-12-11 12:04:19 - [TEST_STEP][PASSED] - click: Object: 'Object Repository/Final Object Repo/Page_Form 1A - Cessation As Employer/Page_Form 1A - Cessation As Employer (Query -OTC -UO)/Next in Resigned Date Page' is clicked on

2018-12-11 12:04:21 - [MESSAGE][PASSED] - Object: 'Object Repository/Final Object Repo/Page_Form 1A - Cessation As Employer/Page_Form 1A - Cessation As Employer (Query -OTC -UO)/Next in Resigned Date Page' is clicked on

2018-12-11 12:04:21 - [TEST_STEP][PASSED] - delay: Delayed 2 second(s)

2018-12-11 12:04:23 - [MESSAGE][PASSED] - Delayed 2 second(s)

2018-12-11 12:04:23 - [TEST_STEP][PASSED] - click: Object: 'Object Repository/Final Object Repo/Page_Form 1A - Cessation As Employer/Page_Form 1A - Cessation As Employer (Query -OTC -UO)/Add Document' is clicked on

2018-12-11 12:04:24 - [MESSAGE][PASSED] - Object: 'Object Repository/Final Object Repo/Page_Form 1A - Cessation As Employer/Page_Form 1A - Cessation As Employer (Query -OTC -UO)/Add Document' is clicked on

2018-12-11 12:04:24 - [TEST_STEP][PASSED] - delay: Delayed 2 second(s)

2018-12-11 12:04:26 - [MESSAGE][PASSED] - Delayed 2 second(s)

2018-12-11 12:04:26 - [TEST_STEP][PASSED] - click: Object: 'Object Repository/Final Object Repo/Page_Form 1A - Cessation As Employer/Page_Form 1A - Cessation As Employer (Query -OTC -UO)/Document Type' is clicked on

2018-12-11 12:04:27 - [MESSAGE][PASSED] - Object: 'Object Repository/Final Object Repo/Page_Form 1A - Cessation As Employer/Page_Form 1A - Cessation As Employer (Query -OTC -UO)/Document Type' is clicked on

2018-12-11 12:04:27 - [TEST_STEP][PASSED] - click: Object: 'Object Repository/Final Object Repo/Page_Form 1A - Cessation As Employer/Page_Form 1A - Cessation As Employer (Query -OTC -UO)/Document Type - Others' is clicked on

2018-12-11 12:04:27 - [MESSAGE][PASSED] - Object: 'Object Repository/Final Object Repo/Page_Form 1A - Cessation As Employer/Page_Form 1A - Cessation As Employer (Query -OTC -UO)/Document Type - Others' is clicked on

2018-12-11 12:04:27 - [TEST_STEP][PASSED] - delay: Delayed 2 second(s)

2018-12-11 12:04:29 - [MESSAGE][PASSED] - Delayed 2 second(s)

2018-12-11 12:04:29 - [TEST_STEP][PASSED] - sendKeys: Keys 'C:\Users\Public\Pictures\Sample Pictures\Koala.jpg' sent to object: 'Object Repository/Final Object Repo/Page_Form 1A - Cessation As Employer/Uploading File'

2018-12-11 12:04:29 - [MESSAGE][PASSED] - Keys 'C:\Users\Public\Pictures\Sample Pictures\Koala.jpg' sent to object: 'Object Repository/Final Object Repo/Page_Form 1A - Cessation As Employer/Uploading File'

2018-12-11 12:04:29 - [TEST_STEP][PASSED] - delay: Delayed 2 second(s)

2018-12-11 12:04:31 - [MESSAGE][PASSED] - Delayed 2 second(s)

2018-12-11 12:04:31 - [TEST_STEP][PASSED] - click: Object: 'Object Repository/Final Object Repo/Page_Form 1A - Cessation As Employer/Page_Form 1A - Cessation As Employer (Query -OTC -UO)/Add Document in Uploading Page' is clicked on

2018-12-11 12:04:31 - [MESSAGE][PASSED] - Object: 'Object Repository/Final Object Repo/Page_Form 1A - Cessation As Employer/Page_Form 1A - Cessation As Employer (Query -OTC -UO)/Add Document in Uploading Page' is clicked on

2018-12-11 12:04:31 - [TEST_STEP][PASSED] - delay: Delayed 4 second(s)

2018-12-11 12:04:35 - [MESSAGE][PASSED] - Delayed 4 second(s)

2018-12-11 12:04:35 - [TEST_STEP][PASSED] - click: Object: 'Object Repository/Final Object Repo/Page_Form 1A - Cessation As Employer/Page_Form 1A - Cessation As Employer (Query -OTC -UO)/Exit' is clicked on

2018-12-11 12:04:36 - [MESSAGE][PASSED] - Object: 'Object Repository/Final Object Repo/Page_Form 1A - Cessation As Employer/Page_Form 1A - Cessation As Employer (Query -OTC -UO)/Exit' is clicked on

2018-12-11 12:04:36 - [TEST_STEP][PASSED] - delay: Delayed 1 second(s)

2018-12-11 12:04:37 - [MESSAGE][PASSED] - Delayed 1 second(s)

2018-12-11 12:04:37 - [TEST_STEP][PASSED] - navigateToUrl: Navigate to 'https://assist2-uat.perkeso.gov.my/c/portal/logout' successfully

2018-12-11 12:04:38 - [MESSAGE][PASSED] - Navigate to 'https://assist2-uat.perkeso.gov.my/c/portal/logout' successfully

2018-12-11 12:04:38 - [TEST_STEP][PASSED] - delay: Delayed 1 second(s)

2018-12-11 12:04:39 - [MESSAGE][PASSED] - Delayed 1 second(s)

2018-12-11 12:04:39 - [TEST_STEP][PASSED] - callTestCase: Call Test Case 'Test Cases/Final Aug 2018 - PKS Automation/Registration Module/Workflow/Login and Search Case For Workflow' successfully

2018-12-11 12:04:39 - [TEST_CASE][PASSED] - Test Cases/Final Aug 2018 - PKS Automation/Registration Module/Workflow/Login and Search Case For Workflow: Test Cases/Final Aug 2018 - PKS Automation/Registration Module/Workflow/Login and Search Case For Workflow

2018-12-11 12:04:39 - [TEST_STEP][PASSED] - navigateToUrl: Navigate to 'https://assist2-uat.perkeso.gov.my/login' successfully

2018-12-11 12:04:39 - [MESSAGE][PASSED] - Navigate to 'https://assist2-uat.perkeso.gov.my/login' successfully

2018-12-11 12:04:39 - [TEST_STEP][PASSED] - setText: Text 'johoruo2@gmail.com' is set on object 'Object Repository/Final Object Repo/Login Page/Internal User/Email Address'

2018-12-11 12:04:40 - [MESSAGE][PASSED] - Text 'johoruo2@gmail.com' is set on object 'Object Repository/Final Object Repo/Login Page/Internal User/Email Address'

2018-12-11 12:04:40 - [TEST_STEP][PASSED] - click: Object: 'Object Repository/Final Object Repo/Login Page/Internal User/Next Button' is clicked on

2018-12-11 12:04:40 - [MESSAGE][PASSED] - Object: 'Object Repository/Final Object Repo/Login Page/Internal User/Next Button' is clicked on

2018-12-11 12:04:40 - [TEST_STEP][PASSED] - delay: Delayed 1 second(s)

2018-12-11 12:04:41 - [MESSAGE][PASSED] - Delayed 1 second(s)

2018-12-11 12:04:41 - [TEST_STEP][PASSED] - setEncryptedText: Text ****** has been set on object 'Object Repository/Final Object Repo/Login Page/Internal User/Password'

2018-12-11 12:04:41 - [MESSAGE][PASSED] - Text ****** has been set on object 'Object Repository/Final Object Repo/Login Page/Internal User/Password'

2018-12-11 12:04:41 - [TEST_STEP][PASSED] - click: Object: 'Object Repository/Final Object Repo/Login Page/Internal User/Login Button' is clicked on

2018-12-11 12:04:41 - [MESSAGE][PASSED] - Object: 'Object Repository/Final Object Repo/Login Page/Internal User/Login Button' is clicked on

2018-12-11 12:04:41 - [TEST_STEP][PASSED] - delay: Delayed 2 second(s)

2018-12-11 12:04:43 - [MESSAGE][PASSED] - Delayed 2 second(s)

2018-12-11 12:04:43 - [TEST_STEP][PASSED] - Statement - Try: Delayed 2 second(s)

2018-12-11 12:04:43 - [TEST_STEP][PASSED] - Statement - Checker = false: null

2018-12-11 12:04:43 - [TEST_STEP][PASSED] - Statement - Checker = com.kms.katalon.core.webui.keyword.WebUiBuiltInKeywords.verifyElementHasAttribute(com.kms.katalon.core.testobject.ObjectRepository.findTestObject(Final Object Repo/Landing Page/BM Detecting), "href", 20, OPTIONAL): Object 'Object Repository/Final Object Repo/Landing Page/BM Detecting' has attribute 'href'

2018-12-11 12:04:43 - [MESSAGE][PASSED] - Object 'Object Repository/Final Object Repo/Landing Page/BM Detecting' has attribute 'href'

2018-12-11 12:04:43 - [TEST_STEP][PASSED] - Statement - out.println(Checker): null

2018-12-11 12:04:43 - [TEST_STEP][PASSED] - Statement - If (Checker == false): null

2018-12-11 12:04:43 - [TEST_STEP][PASSED] - Statement - Else: null

2018-12-11 12:04:43 - [TEST_STEP][PASSED] - delay: Delayed 2 second(s)

2018-12-11 12:04:45 - [MESSAGE][PASSED] - Delayed 2 second(s)

2018-12-11 12:04:45 - [TEST_STEP][PASSED] - click: Object: 'Object Repository/Final Object Repo/Page_MyASSIST - ASSIST - Search Pending Case For Add Supporting Document/Search Information' is clicked on

2018-12-11 12:04:46 - [MESSAGE][PASSED] - Object: 'Object Repository/Final Object Repo/Page_MyASSIST - ASSIST - Search Pending Case For Add Supporting Document/Search Information' is clicked on

2018-12-11 12:04:46 - [TEST_STEP][PASSED] - delay: Delayed 3 second(s)

2018-12-11 12:04:49 - [MESSAGE][PASSED] - Delayed 3 second(s)

2018-12-11 12:04:49 - [TEST_STEP][PASSED] - sendKeys: Keys 'CUN122018C200001718' sent to object: 'Object Repository/Final Object Repo/Page_MyASSIST - ASSIST - Search Pending Case For Add Supporting Document/Reference No'

2018-12-11 12:04:49 - [MESSAGE][PASSED] - Keys 'CUN122018C200001718' sent to object: 'Object Repository/Final Object Repo/Page_MyASSIST - ASSIST - Search Pending Case For Add Supporting Document/Reference No'

2018-12-11 12:04:49 - [TEST_STEP][PASSED] - click: Object: 'Object Repository/Final Object Repo/Page_MyASSIST - ASSIST - Search Pending Case For Add Supporting Document/Search Reference No' is clicked on

2018-12-11 12:04:49 - [MESSAGE][PASSED] - Object: 'Object Repository/Final Object Repo/Page_MyASSIST - ASSIST - Search Pending Case For Add Supporting Document/Search Reference No' is clicked on

2018-12-11 12:04:49 - [TEST_STEP][PASSED] - delay: Delayed 2 second(s)

2018-12-11 12:04:51 - [MESSAGE][PASSED] - Delayed 2 second(s)

2018-12-11 12:04:51 - [TEST_STEP][PASSED] - click: Object: 'Object Repository/Final Object Repo/Page_MyASSIST - ASSIST - Search Pending Case For Add Supporting Document/Continue' is clicked on

2018-12-11 12:04:54 - [MESSAGE][PASSED] - Object: 'Object Repository/Final Object Repo/Page_MyASSIST - ASSIST - Search Pending Case For Add Supporting Document/Continue' is clicked on

2018-12-11 12:04:54 - [TEST_STEP][PASSED] - delay: Delayed 20 second(s)

2018-12-11 12:05:14 - [MESSAGE][PASSED] - Delayed 20 second(s)

2018-12-11 12:05:14 - [MESSAGE][PASSED] - Call Test Case 'Test Cases/Final Aug 2018 - PKS Automation/Registration Module/Workflow/Login and Search Case For Workflow' successfully

2018-12-11 12:05:14 - [TEST_STEP][PASSED] - click: Object: 'Object Repository/Final Object Repo/Page_Form 1A - Cessation As Employer/Page_Form 1A - Cessation As Employer (Approve)/Save  Continue in Form 1A Page' is clicked on

2018-12-11 12:05:14 - [MESSAGE][PASSED] - Object: 'Object Repository/Final Object Repo/Page_Form 1A - Cessation As Employer/Page_Form 1A - Cessation As Employer (Approve)/Save  Continue in Form 1A Page' is clicked on

2018-12-11 12:05:14 - [TEST_STEP][PASSED] - delay: Delayed 3 second(s)

2018-12-11 12:05:17 - [MESSAGE][PASSED] - Delayed 3 second(s)

2018-12-11 12:05:17 - [TEST_STEP][PASSED] - click: Object: 'Object Repository/Final Object Repo/Page_Form 1A - Cessation As Employer/Page_Form 1A - Cessation As Employer (Approve)/Save  Continue in Update Add Employee Resigned Date Page' is clicked on

2018-12-11 12:05:18 - [MESSAGE][PASSED] - Object: 'Object Repository/Final Object Repo/Page_Form 1A - Cessation As Employer/Page_Form 1A - Cessation As Employer (Approve)/Save  Continue in Update Add Employee Resigned Date Page' is clicked on

2018-12-11 12:05:18 - [TEST_STEP][PASSED] - delay: Delayed 3 second(s)

2018-12-11 12:05:21 - [MESSAGE][PASSED] - Delayed 3 second(s)

2018-12-11 12:05:21 - [TEST_STEP][PASSED] - click: Object: 'Object Repository/Final Object Repo/Page_Form 1A - Cessation As Employer/Page_Form 1A - Cessation As Employer (Approve)/Save  Contine in Uploading Document Page' is clicked on

2018-12-11 12:05:21 - [MESSAGE][PASSED] - Object: 'Object Repository/Final Object Repo/Page_Form 1A - Cessation As Employer/Page_Form 1A - Cessation As Employer (Approve)/Save  Contine in Uploading Document Page' is clicked on

2018-12-11 12:05:21 - [TEST_STEP][PASSED] - delay: Delayed 3 second(s)

2018-12-11 12:05:24 - [MESSAGE][PASSED] - Delayed 3 second(s)

2018-12-11 12:05:24 - [TEST_STEP][PASSED] - click: Object: 'Object Repository/Final Object Repo/Page_Form 1A - Cessation As Employer/Page_Form 1A - Cessation As Employer (Approve)/Approve' is clicked on

2018-12-11 12:05:26 - [MESSAGE][PASSED] - Object: 'Object Repository/Final Object Repo/Page_Form 1A - Cessation As Employer/Page_Form 1A - Cessation As Employer (Approve)/Approve' is clicked on

2018-12-11 12:05:26 - [TEST_STEP][PASSED] - delay: Delayed 2 second(s)

2018-12-11 12:05:28 - [MESSAGE][PASSED] - Delayed 2 second(s)

2018-12-11 12:05:28 - [TEST_STEP][PASSED] - click: Object: 'Object Repository/Final Object Repo/Page_Form 1A - Cessation As Employer/Confirm' is clicked on

2018-12-11 12:05:28 - [MESSAGE][PASSED] - Object: 'Object Repository/Final Object Repo/Page_Form 1A - Cessation As Employer/Confirm' is clicked on

2018-12-11 12:05:28 - [TEST_STEP][PASSED] - delay: Delayed 2 second(s)

2018-12-11 12:05:30 - [MESSAGE][PASSED] - Delayed 2 second(s)

2018-12-11 12:05:30 - [TEST_STEP][PASSED] - click: Object: 'Object Repository/Final Object Repo/Page_Form 1A - Cessation As Employer/Page_Form 1A - Cessation As Employer (Approve)/Message Your Request    Form 1A ' is clicked on

2018-12-11 12:05:39 - [MESSAGE][PASSED] - Object: 'Object Repository/Final Object Repo/Page_Form 1A - Cessation As Employer/Page_Form 1A - Cessation As Employer (Approve)/Message Your Request    Form 1A ' is clicked on

2018-12-11 12:05:39 - [TEST_STEP][PASSED] - delay: Delayed 2 second(s)

2018-12-11 12:05:41 - [MESSAGE][PASSED] - Delayed 2 second(s)

2018-12-11 12:05:41 - [TEST_STEP][PASSED] - click: Object: 'Object Repository/Final Object Repo/Page_Form 1A - Cessation As Employer/Page_Form 1A - Cessation As Employer (Approve)/Letter of successful update' is clicked on

2018-12-11 12:05:41 - [MESSAGE][PASSED] - Object: 'Object Repository/Final Object Repo/Page_Form 1A - Cessation As Employer/Page_Form 1A - Cessation As Employer (Approve)/Letter of successful update' is clicked on

2018-12-11 12:05:41 - [MESSAGE][PASSED] - Call Test Case 'Test Cases/Final Aug 2018 - PKS Automation/Registration Module/Workflow/Form 1A - Cessation As Employer/Template/Form 1 A - Cessation As Employer (Query)' successfully]]></system-out>
         <system-err><![CDATA[]]></system-err>
      </testcase>
      <testcase name="Test Cases/Final Aug 2018 - PKS Automation/Registration Module/Workflow/Form 1A - Cessation As Employer/PKRBO to UO (Reject)" classname="Test Cases/Final Aug 2018 - PKS Automation/Registration Module/Workflow/Form 1A - Cessation As Employer/PKRBO to UO (Reject)" status="PASSED">
         <system-out><![CDATA[2018-12-11 12:05:41 - [TEST_CASE][PASSED] - Test Cases/Final Aug 2018 - PKS Automation/Registration Module/Workflow/Form 1A - Cessation As Employer/PKRBO to UO (Reject): Test Cases/Final Aug 2018 - PKS Automation/Registration Module/Workflow/Form 1A - Cessation As Employer/PKRBO to UO (Reject)

2018-12-11 12:05:42 - [TEST_STEP][PASSED] - callTestCase: Call Test Case 'Test Cases/Final Aug 2018 - PKS Automation/Registration Module/Workflow/Form 1A - Cessation As Employer/Template/Form 1 A - Cessation As Employer (PKRBO)' successfully

2018-12-11 12:05:42 - [TEST_CASE][PASSED] - Test Cases/Final Aug 2018 - PKS Automation/Registration Module/Workflow/Form 1A - Cessation As Employer/Template/Form 1 A - Cessation As Employer (PKRBO): Test Cases/Final Aug 2018 - PKS Automation/Registration Module/Workflow/Form 1A - Cessation As Employer/Template/Form 1 A - Cessation As Employer (PKRBO)

2018-12-11 12:05:42 - [TEST_STEP][PASSED] - openBrowser: Browser is opened with url: ''

2018-12-11 12:05:42 - [MESSAGE][WARNING] - A browser is already opened. Closing browser and opening a new one

2018-12-11 12:05:45 - [MESSAGE][PASSED] - Browser is opened with url: ''

2018-12-11 12:05:45 - [TEST_STEP][PASSED] - navigateToUrl: Navigate to 'https://assist2-uat.perkeso.gov.my/login' successfully

2018-12-11 12:05:46 - [MESSAGE][PASSED] - Navigate to 'https://assist2-uat.perkeso.gov.my/login' successfully

2018-12-11 12:05:46 - [TEST_STEP][PASSED] - setText: Text 'johorpkrbo1@gmail.com' is set on object 'Object Repository/Final Object Repo/Login Page/Internal User/Email Address'

2018-12-11 12:05:46 - [MESSAGE][PASSED] - Text 'johorpkrbo1@gmail.com' is set on object 'Object Repository/Final Object Repo/Login Page/Internal User/Email Address'

2018-12-11 12:05:46 - [TEST_STEP][PASSED] - click: Object: 'Object Repository/Final Object Repo/Login Page/Internal User/Next Button' is clicked on

2018-12-11 12:05:47 - [MESSAGE][PASSED] - Object: 'Object Repository/Final Object Repo/Login Page/Internal User/Next Button' is clicked on

2018-12-11 12:05:47 - [TEST_STEP][PASSED] - delay: Delayed 1 second(s)

2018-12-11 12:05:48 - [MESSAGE][PASSED] - Delayed 1 second(s)

2018-12-11 12:05:48 - [TEST_STEP][PASSED] - setEncryptedText: Text ****** has been set on object 'Object Repository/Final Object Repo/Login Page/Internal User/Password'

2018-12-11 12:05:48 - [MESSAGE][PASSED] - Text ****** has been set on object 'Object Repository/Final Object Repo/Login Page/Internal User/Password'

2018-12-11 12:05:48 - [TEST_STEP][PASSED] - click: Object: 'Object Repository/Final Object Repo/Login Page/Internal User/Login Button' is clicked on

2018-12-11 12:05:48 - [MESSAGE][PASSED] - Object: 'Object Repository/Final Object Repo/Login Page/Internal User/Login Button' is clicked on

2018-12-11 12:05:48 - [TEST_STEP][PASSED] - delay: Delayed 1 second(s)

2018-12-11 12:05:49 - [MESSAGE][PASSED] - Delayed 1 second(s)

2018-12-11 12:05:49 - [TEST_STEP][PASSED] - Statement - Try: Delayed 2 second(s)

2018-12-11 12:05:49 - [TEST_STEP][PASSED] - Statement - Checker = false: null

2018-12-11 12:05:49 - [TEST_STEP][PASSED] - Statement - Checker = com.kms.katalon.core.webui.keyword.WebUiBuiltInKeywords.verifyElementHasAttribute(com.kms.katalon.core.testobject.ObjectRepository.findTestObject(Final Object Repo/Landing Page/BM Detecting), "href", 20, OPTIONAL): Object 'Object Repository/Final Object Repo/Landing Page/BM Detecting' has attribute 'href'

2018-12-11 12:05:50 - [MESSAGE][PASSED] - Object 'Object Repository/Final Object Repo/Landing Page/BM Detecting' has attribute 'href'

2018-12-11 12:05:50 - [TEST_STEP][PASSED] - Statement - out.println(Checker): null

2018-12-11 12:05:50 - [TEST_STEP][PASSED] - Statement - If (Checker == false): null

2018-12-11 12:05:50 - [TEST_STEP][PASSED] - Statement - Else: null

2018-12-11 12:05:50 - [TEST_STEP][PASSED] - delay: Delayed 2 second(s)

2018-12-11 12:05:52 - [MESSAGE][PASSED] - Delayed 2 second(s)

2018-12-11 12:05:52 - [TEST_STEP][PASSED] - navigateToUrl: Navigate to 'https://assist2-uat.perkeso.gov.my/web/registration/update/form-1a-cessation-as-employer-discontinue-business-' successfully

2018-12-11 12:05:53 - [MESSAGE][PASSED] - Navigate to 'https://assist2-uat.perkeso.gov.my/web/registration/update/form-1a-cessation-as-employer-discontinue-business-' successfully

2018-12-11 12:05:53 - [TEST_STEP][PASSED] - setText: Text 'E1102069770Z' is set on object 'Object Repository/Final Object Repo/Page_Update Employer Information/Employer Code'

2018-12-11 12:05:53 - [MESSAGE][PASSED] - Text 'E1102069770Z' is set on object 'Object Repository/Final Object Repo/Page_Update Employer Information/Employer Code'

2018-12-11 12:05:53 - [TEST_STEP][PASSED] - click: Object: 'Object Repository/Final Object Repo/Page_Update Employer Information/Search Button' is clicked on

2018-12-11 12:05:53 - [MESSAGE][PASSED] - Object: 'Object Repository/Final Object Repo/Page_Update Employer Information/Search Button' is clicked on

2018-12-11 12:05:53 - [TEST_STEP][PASSED] - click: Object: 'Object Repository/Final Object Repo/Page_Update Employer Information/Edit Button' is clicked on

2018-12-11 12:05:56 - [MESSAGE][PASSED] - Object: 'Object Repository/Final Object Repo/Page_Update Employer Information/Edit Button' is clicked on

2018-12-11 12:05:56 - [TEST_STEP][PASSED] - Statement - abc = com.kms.katalon.core.webui.keyword.WebUiBuiltInKeywords.getAttribute(com.kms.katalon.core.testobject.ObjectRepository.findTestObject(Final Object Repo/Page_Form 1A - Cessation As Employer/Employer Status), "value"): Attribute 'value' of object 'Object Repository/Final Object Repo/Page_Form 1A - Cessation As Employer/Employer Status' is: 'Dormant'

2018-12-11 12:05:56 - [MESSAGE][PASSED] - Attribute 'value' of object 'Object Repository/Final Object Repo/Page_Form 1A - Cessation As Employer/Employer Status' is: 'Dormant'

2018-12-11 12:05:56 - [TEST_STEP][PASSED] - Statement - out.println(abc): null

2018-12-11 12:05:56 - [TEST_STEP][PASSED] - Statement - If (abc == "Active"): null

2018-12-11 12:05:56 - [TEST_STEP][PASSED] - Statement - Else If (abc == "Cancel"): null

2018-12-11 12:05:56 - [TEST_STEP][PASSED] - Statement - Else If (abc == "Dormant"): Object: 'Object Repository/Final Object Repo/Page_Form 1A - Cessation As Employer/Change Employer Status to - Dormant' is clicked on

2018-12-11 12:05:56 - [TEST_STEP][PASSED] - click: Object: 'Object Repository/Final Object Repo/Page_Form 1A - Cessation As Employer/Change Employer Status to' is clicked on

2018-12-11 12:05:56 - [MESSAGE][PASSED] - Object: 'Object Repository/Final Object Repo/Page_Form 1A - Cessation As Employer/Change Employer Status to' is clicked on

2018-12-11 12:05:56 - [TEST_STEP][PASSED] - click: Object: 'Object Repository/Final Object Repo/Page_Form 1A - Cessation As Employer/Change Employer Status to - Dormant' is clicked on

2018-12-11 12:05:56 - [MESSAGE][PASSED] - Object: 'Object Repository/Final Object Repo/Page_Form 1A - Cessation As Employer/Change Employer Status to - Dormant' is clicked on

2018-12-11 12:05:56 - [TEST_STEP][PASSED] - click: Object: 'Object Repository/Final Object Repo/Page_Form 1A - Cessation As Employer/Calender' is clicked on

2018-12-11 12:05:56 - [MESSAGE][PASSED] - Object: 'Object Repository/Final Object Repo/Page_Form 1A - Cessation As Employer/Calender' is clicked on

2018-12-11 12:05:56 - [TEST_STEP][PASSED] - click: Object: 'Object Repository/Final Object Repo/Page_Form 1A - Cessation As Employer/Calender - Date' is clicked on

2018-12-11 12:05:57 - [MESSAGE][PASSED] - Object: 'Object Repository/Final Object Repo/Page_Form 1A - Cessation As Employer/Calender - Date' is clicked on

2018-12-11 12:05:57 - [TEST_STEP][PASSED] - delay: Delayed 2 second(s)

2018-12-11 12:05:59 - [MESSAGE][PASSED] - Delayed 2 second(s)

2018-12-11 12:05:59 - [TEST_STEP][PASSED] - click: Object: 'Object Repository/Final Object Repo/Page_Form 1A - Cessation As Employer/Save  Continue in Form 1A Page' is clicked on

2018-12-11 12:05:59 - [MESSAGE][PASSED] - Object: 'Object Repository/Final Object Repo/Page_Form 1A - Cessation As Employer/Save  Continue in Form 1A Page' is clicked on

2018-12-11 12:05:59 - [TEST_STEP][PASSED] - delay: Delayed 2 second(s)

2018-12-11 12:06:01 - [MESSAGE][PASSED] - Delayed 2 second(s)

2018-12-11 12:06:01 - [TEST_STEP][PASSED] - click: Object: 'Object Repository/Final Object Repo/Page_Form 1A - Cessation As Employer/Employment Resign Date' is clicked on

2018-12-11 12:06:01 - [MESSAGE][PASSED] - Object: 'Object Repository/Final Object Repo/Page_Form 1A - Cessation As Employer/Employment Resign Date' is clicked on

2018-12-11 12:06:01 - [TEST_STEP][PASSED] - delay: Delayed 1 second(s)

2018-12-11 12:06:02 - [MESSAGE][PASSED] - Delayed 1 second(s)

2018-12-11 12:06:02 - [TEST_STEP][PASSED] - Statement - CaseReferenceNo = com.kms.katalon.core.webui.keyword.WebUiBuiltInKeywords.getText(com.kms.katalon.core.testobject.ObjectRepository.findTestObject(Final Object Repo/Page_Update Employer Information/Reference Number in Update Employee Information Page)): Text of object 'Object Repository/Final Object Repo/Page_Update Employer Information/Reference Number in Update Employee Information Page' is: 'CUN122018C200001719'

2018-12-11 12:06:02 - [MESSAGE][PASSED] - Text of object 'Object Repository/Final Object Repo/Page_Update Employer Information/Reference Number in Update Employee Information Page' is: 'CUN122018C200001719'

2018-12-11 12:06:02 - [TEST_STEP][PASSED] - Statement - out.println(CaseReferenceNo): null

2018-12-11 12:06:02 - [TEST_STEP][PASSED] - callTestCase: Call Test Case 'Test Cases/Final Aug 2018 - PKS Automation/Common/Reference Number Setter' successfully

2018-12-11 12:06:02 - [TEST_CASE][PASSED] - Test Cases/Final Aug 2018 - PKS Automation/Common/Reference Number Setter: Test Cases/Final Aug 2018 - PKS Automation/Common/Reference Number Setter

2018-12-11 12:06:02 - [TEST_STEP][PASSED] - Statement - RefNoOldFile = new java.io.File(C://Users//Admin//Desktop//PKS//Automation Reference Point//KatalonReference.txt): null

2018-12-11 12:06:02 - [TEST_STEP][PASSED] - Statement - RefNoOldFile.delete(): null

2018-12-11 12:06:02 - [TEST_STEP][PASSED] - delay: Delayed 5 second(s)

2018-12-11 12:06:07 - [MESSAGE][PASSED] - Delayed 5 second(s)

2018-12-11 12:06:07 - [TEST_STEP][PASSED] - Statement - RefNo = new java.io.File(C://Users//Admin//Desktop//PKS//Automation Reference Point//KatalonReference.txt): null

2018-12-11 12:06:07 - [TEST_STEP][PASSED] - Statement - f2 = new java.io.FileWriter(RefNo, false): null

2018-12-11 12:06:07 - [TEST_STEP][PASSED] - Statement - f2.write(CaseReferenceNo): null

2018-12-11 12:06:07 - [TEST_STEP][PASSED] - Statement - f2.close(): null

2018-12-11 12:06:07 - [TEST_STEP][PASSED] - Statement - out.println("


" + CaseReferenceNo + "


"): null

2018-12-11 12:06:07 - [MESSAGE][PASSED] - Call Test Case 'Test Cases/Final Aug 2018 - PKS Automation/Common/Reference Number Setter' successfully

2018-12-11 12:06:07 - [TEST_STEP][PASSED] - selectOptionByValue: All options with value '2030' are selected in object 'Object Repository/Final Object Repo/Page_Form 1A - Cessation As Employer/Employment Resign Date - Year' 

2018-12-11 12:06:07 - [MESSAGE][PASSED] - All options with value '2030' are selected in object 'Object Repository/Final Object Repo/Page_Form 1A - Cessation As Employer/Employment Resign Date - Year' 

2018-12-11 12:06:07 - [TEST_STEP][PASSED] - delay: Delayed 1 second(s)

2018-12-11 12:06:08 - [MESSAGE][PASSED] - Delayed 1 second(s)

2018-12-11 12:06:08 - [TEST_STEP][PASSED] - click: Object: 'Object Repository/Final Object Repo/Page_Form 1A - Cessation As Employer/Employment Resign Date - Year - Date' is clicked on

2018-12-11 12:06:09 - [MESSAGE][PASSED] - Object: 'Object Repository/Final Object Repo/Page_Form 1A - Cessation As Employer/Employment Resign Date - Year - Date' is clicked on

2018-12-11 12:06:09 - [TEST_STEP][PASSED] - delay: Delayed 2 second(s)

2018-12-11 12:06:11 - [MESSAGE][PASSED] - Delayed 2 second(s)

2018-12-11 12:06:11 - [TEST_STEP][PASSED] - click: Object: 'Object Repository/Final Object Repo/Page_Form 1A - Cessation As Employer/Save  Continue in Update Add Employee Resigned Date Page' is clicked on

2018-12-11 12:06:11 - [MESSAGE][PASSED] - Object: 'Object Repository/Final Object Repo/Page_Form 1A - Cessation As Employer/Save  Continue in Update Add Employee Resigned Date Page' is clicked on

2018-12-11 12:06:11 - [TEST_STEP][PASSED] - delay: Delayed 2 second(s)

2018-12-11 12:06:13 - [MESSAGE][PASSED] - Delayed 2 second(s)

2018-12-11 12:06:13 - [TEST_STEP][PASSED] - click: Object: 'Object Repository/Final Object Repo/Page_Form 1A - Cessation As Employer/Set Latest - Yes' is clicked on

2018-12-11 12:06:13 - [MESSAGE][PASSED] - Object: 'Object Repository/Final Object Repo/Page_Form 1A - Cessation As Employer/Set Latest - Yes' is clicked on

2018-12-11 12:06:13 - [TEST_STEP][PASSED] - delay: Delayed 2 second(s)

2018-12-11 12:06:15 - [MESSAGE][PASSED] - Delayed 2 second(s)

2018-12-11 12:06:15 - [TEST_STEP][PASSED] - click: Object: 'Object Repository/Final Object Repo/Page_Form 1A - Cessation As Employer/Add Document' is clicked on

2018-12-11 12:06:16 - [MESSAGE][PASSED] - Object: 'Object Repository/Final Object Repo/Page_Form 1A - Cessation As Employer/Add Document' is clicked on

2018-12-11 12:06:16 - [TEST_STEP][PASSED] - delay: Delayed 2 second(s)

2018-12-11 12:06:18 - [MESSAGE][PASSED] - Delayed 2 second(s)

2018-12-11 12:06:18 - [TEST_STEP][PASSED] - click: Object: 'Object Repository/Final Object Repo/Page_Form 1A - Cessation As Employer/Document Type' is clicked on

2018-12-11 12:06:19 - [MESSAGE][PASSED] - Object: 'Object Repository/Final Object Repo/Page_Form 1A - Cessation As Employer/Document Type' is clicked on

2018-12-11 12:06:19 - [TEST_STEP][PASSED] - delay: Delayed 2 second(s)

2018-12-11 12:06:21 - [MESSAGE][PASSED] - Delayed 2 second(s)

2018-12-11 12:06:21 - [TEST_STEP][PASSED] - click: Object: 'Object Repository/Final Object Repo/Page_Form 1A - Cessation As Employer/Document Type - Supporting Document For Cessation' is clicked on

2018-12-11 12:06:21 - [MESSAGE][PASSED] - Object: 'Object Repository/Final Object Repo/Page_Form 1A - Cessation As Employer/Document Type - Supporting Document For Cessation' is clicked on

2018-12-11 12:06:21 - [TEST_STEP][PASSED] - delay: Delayed 2 second(s)

2018-12-11 12:06:23 - [MESSAGE][PASSED] - Delayed 2 second(s)

2018-12-11 12:06:23 - [TEST_STEP][PASSED] - sendKeys: Keys 'C:\Users\Public\Pictures\Sample Pictures\Koala.jpg' sent to object: 'Object Repository/Final Object Repo/Page_Form 1A - Cessation As Employer/Uploading File'

2018-12-11 12:06:23 - [MESSAGE][PASSED] - Keys 'C:\Users\Public\Pictures\Sample Pictures\Koala.jpg' sent to object: 'Object Repository/Final Object Repo/Page_Form 1A - Cessation As Employer/Uploading File'

2018-12-11 12:06:23 - [TEST_STEP][PASSED] - delay: Delayed 2 second(s)

2018-12-11 12:06:25 - [MESSAGE][PASSED] - Delayed 2 second(s)

2018-12-11 12:06:25 - [TEST_STEP][PASSED] - click: Object: 'Object Repository/Final Object Repo/Page_Form 1A - Cessation As Employer/Add Document in Uploading Page' is clicked on

2018-12-11 12:06:25 - [MESSAGE][PASSED] - Object: 'Object Repository/Final Object Repo/Page_Form 1A - Cessation As Employer/Add Document in Uploading Page' is clicked on

2018-12-11 12:06:25 - [TEST_STEP][PASSED] - delay: Delayed 15 second(s)

2018-12-11 12:06:40 - [MESSAGE][PASSED] - Delayed 15 second(s)

2018-12-11 12:06:40 - [TEST_STEP][PASSED] - click: Object: 'Object Repository/Final Object Repo/Page_Form 1A - Cessation As Employer/Save  Continue in Uploading Page' is clicked on

2018-12-11 12:06:41 - [MESSAGE][PASSED] - Object: 'Object Repository/Final Object Repo/Page_Form 1A - Cessation As Employer/Save  Continue in Uploading Page' is clicked on

2018-12-11 12:06:41 - [TEST_STEP][PASSED] - delay: Delayed 2 second(s)

2018-12-11 12:06:43 - [MESSAGE][PASSED] - Delayed 2 second(s)

2018-12-11 12:06:43 - [TEST_STEP][PASSED] - click: Object: 'Object Repository/Final Object Repo/Page_Form 1A - Cessation As Employer/Submit2' is clicked on

2018-12-11 12:06:45 - [MESSAGE][PASSED] - Object: 'Object Repository/Final Object Repo/Page_Form 1A - Cessation As Employer/Submit2' is clicked on

2018-12-11 12:06:45 - [TEST_STEP][PASSED] - delay: Delayed 2 second(s)

2018-12-11 12:06:47 - [MESSAGE][PASSED] - Delayed 2 second(s)

2018-12-11 12:06:47 - [TEST_STEP][PASSED] - click: Object: 'Object Repository/Final Object Repo/Page_Form 1A - Cessation As Employer/Confirm' is clicked on

2018-12-11 12:06:47 - [MESSAGE][PASSED] - Object: 'Object Repository/Final Object Repo/Page_Form 1A - Cessation As Employer/Confirm' is clicked on

2018-12-11 12:06:47 - [TEST_STEP][PASSED] - delay: Delayed 2 second(s)

2018-12-11 12:06:49 - [MESSAGE][PASSED] - Delayed 2 second(s)

2018-12-11 12:06:49 - [TEST_STEP][PASSED] - verifyElementVisible: Object 'Object Repository/Final Object Repo/Page_Form 1A - Cessation As Employer/Message Your Request will be routed to UO' is visible

2018-12-11 12:06:53 - [MESSAGE][PASSED] - Object 'Object Repository/Final Object Repo/Page_Form 1A - Cessation As Employer/Message Your Request will be routed to UO' is visible

2018-12-11 12:06:53 - [TEST_STEP][PASSED] - delay: Delayed 1 second(s)

2018-12-11 12:06:54 - [MESSAGE][PASSED] - Delayed 1 second(s)

2018-12-11 12:06:54 - [TEST_STEP][PASSED] - verifyElementVisible: Object 'Object Repository/Final Object Repo/Page_Form 1A - Cessation As Employer/Letter of acknowledgement' is visible

2018-12-11 12:06:54 - [MESSAGE][PASSED] - Object 'Object Repository/Final Object Repo/Page_Form 1A - Cessation As Employer/Letter of acknowledgement' is visible

2018-12-11 12:06:54 - [MESSAGE][PASSED] - Call Test Case 'Test Cases/Final Aug 2018 - PKS Automation/Registration Module/Workflow/Form 1A - Cessation As Employer/Template/Form 1 A - Cessation As Employer (PKRBO)' successfully

2018-12-11 12:06:54 - [TEST_STEP][PASSED] - callTestCase: Call Test Case 'Test Cases/Final Aug 2018 - PKS Automation/Registration Module/Workflow/Form 1A - Cessation As Employer/Template/Form 1 A - Cessation As Employer (Approve)' successfully

2018-12-11 12:06:54 - [TEST_CASE][PASSED] - Test Cases/Final Aug 2018 - PKS Automation/Registration Module/Workflow/Form 1A - Cessation As Employer/Template/Form 1 A - Cessation As Employer (Approve): Test Cases/Final Aug 2018 - PKS Automation/Registration Module/Workflow/Form 1A - Cessation As Employer/Template/Form 1 A - Cessation As Employer (Approve)

2018-12-11 12:06:54 - [TEST_STEP][NOT_RUN] - callTestCase: NOT_RUN: callTestCase

2018-12-11 12:06:54 - [MESSAGE][NOT_RUN] - NOT_RUN: callTestCase

2018-12-11 12:06:54 - [TEST_STEP][PASSED] - delay: Delayed 1 second(s)

2018-12-11 12:06:55 - [MESSAGE][PASSED] - Delayed 1 second(s)

2018-12-11 12:06:55 - [TEST_STEP][PASSED] - navigateToUrl: Navigate to 'https://assist2-uat.perkeso.gov.my/c/portal/logout' successfully

2018-12-11 12:06:56 - [MESSAGE][PASSED] - Navigate to 'https://assist2-uat.perkeso.gov.my/c/portal/logout' successfully

2018-12-11 12:06:56 - [TEST_STEP][PASSED] - delay: Delayed 1 second(s)

2018-12-11 12:06:57 - [MESSAGE][PASSED] - Delayed 1 second(s)

2018-12-11 12:06:57 - [TEST_STEP][PASSED] - callTestCase: Call Test Case 'Test Cases/Final Aug 2018 - PKS Automation/Common/Reference Number Getter' successfully

2018-12-11 12:06:57 - [TEST_CASE][PASSED] - Test Cases/Final Aug 2018 - PKS Automation/Common/Reference Number Getter: Test Cases/Final Aug 2018 - PKS Automation/Common/Reference Number Getter

2018-12-11 12:06:57 - [TEST_STEP][PASSED] - Statement - Try: null

2018-12-11 12:06:57 - [TEST_STEP][PASSED] - Statement - RefNo = new java.io.File(C://Users//Admin//Desktop//PKS//Automation Reference Point//KatalonReference.txt): null

2018-12-11 12:06:57 - [TEST_STEP][PASSED] - Statement - bufferread = new java.io.BufferedReader(new java.io.FileReader(RefNo)): null

2018-12-11 12:06:57 - [TEST_STEP][PASSED] - Statement - readedVal = bufferread.readLine(): null

2018-12-11 12:06:57 - [TEST_STEP][PASSED] - Statement - out.println(CaseReferenceNo): null

2018-12-11 12:06:57 - [TEST_STEP][PASSED] - Statement - out.println(readedVal): null

2018-12-11 12:06:57 - [TEST_STEP][PASSED] - Statement - CaseReferenceNo = "": null

2018-12-11 12:06:57 - [TEST_STEP][PASSED] - Statement - CaseReferenceNo = readedVal: null

2018-12-11 12:06:57 - [MESSAGE][PASSED] - Call Test Case 'Test Cases/Final Aug 2018 - PKS Automation/Common/Reference Number Getter' successfully

2018-12-11 12:06:57 - [TEST_STEP][PASSED] - callTestCase: Call Test Case 'Test Cases/Final Aug 2018 - PKS Automation/Common/Workflow Owner Finder' successfully

2018-12-11 12:06:57 - [TEST_CASE][PASSED] - Test Cases/Final Aug 2018 - PKS Automation/Common/Workflow Owner Finder: Test Cases/Final Aug 2018 - PKS Automation/Common/Workflow Owner Finder

2018-12-11 12:06:57 - [TEST_STEP][PASSED] - openBrowser: Browser is opened with url: ''

2018-12-11 12:06:57 - [MESSAGE][WARNING] - A browser is already opened. Closing browser and opening a new one

2018-12-11 12:07:00 - [MESSAGE][PASSED] - Browser is opened with url: ''

2018-12-11 12:07:00 - [TEST_STEP][PASSED] - navigateToUrl: Navigate to 'https://assist2-uat.perkeso.gov.my/login' successfully

2018-12-11 12:07:01 - [MESSAGE][PASSED] - Navigate to 'https://assist2-uat.perkeso.gov.my/login' successfully

2018-12-11 12:07:01 - [TEST_STEP][PASSED] - delay: Delayed 5 second(s)

2018-12-11 12:07:06 - [MESSAGE][PASSED] - Delayed 5 second(s)

2018-12-11 12:07:06 - [TEST_STEP][PASSED] - setText: Text 'test@liferay.com' is set on object 'Object Repository/Final Object Repo/Login Page/Internal User/Email Address'

2018-12-11 12:07:07 - [MESSAGE][PASSED] - Text 'test@liferay.com' is set on object 'Object Repository/Final Object Repo/Login Page/Internal User/Email Address'

2018-12-11 12:07:07 - [TEST_STEP][PASSED] - click: Object: 'Object Repository/Final Object Repo/Login Page/Internal User/Next Button' is clicked on

2018-12-11 12:07:07 - [MESSAGE][PASSED] - Object: 'Object Repository/Final Object Repo/Login Page/Internal User/Next Button' is clicked on

2018-12-11 12:07:07 - [TEST_STEP][PASSED] - delay: Delayed 2 second(s)

2018-12-11 12:07:09 - [MESSAGE][PASSED] - Delayed 2 second(s)

2018-12-11 12:07:09 - [TEST_STEP][PASSED] - setText: Text 'test' is set on object 'Object Repository/Final Object Repo/Login Page/Internal User/Password'

2018-12-11 12:07:09 - [MESSAGE][PASSED] - Text 'test' is set on object 'Object Repository/Final Object Repo/Login Page/Internal User/Password'

2018-12-11 12:07:09 - [TEST_STEP][PASSED] - delay: Delayed 2 second(s)

2018-12-11 12:07:11 - [MESSAGE][PASSED] - Delayed 2 second(s)

2018-12-11 12:07:11 - [TEST_STEP][PASSED] - click: Object: 'Object Repository/Final Object Repo/Login Page/Internal User/Login Button' is clicked on

2018-12-11 12:07:11 - [MESSAGE][PASSED] - Object: 'Object Repository/Final Object Repo/Login Page/Internal User/Login Button' is clicked on

2018-12-11 12:07:11 - [TEST_STEP][PASSED] - Statement - tester = com.kms.katalon.core.testobject.ObjectRepository.findTestObject(Final Object Repo/Landing Page/Select to English): Finding Test Object with id 'Object Repository/Final Object Repo/Landing Page/Select to English'

2018-12-11 12:07:11 - [TEST_STEP][PASSED] - Statement - Try: Delayed 2 second(s)

2018-12-11 12:07:11 - [TEST_STEP][PASSED] - Statement - Checker = com.kms.katalon.core.webui.keyword.WebUiBuiltInKeywords.verifyElementNotPresent(tester, 3): Web element with id: 'Object Repository/Final Object Repo/Landing Page/Select to English' located by 'By.xpath: //a[@class = 'taglib-language-list-text' and @lang = 'en-US' and (contains(text(), 'EN') or contains(., 'EN'))]' is not present after '3' second(s)

2018-12-11 12:07:15 - [MESSAGE][PASSED] - Web element with id: 'Object Repository/Final Object Repo/Landing Page/Select to English' located by 'By.xpath: //a[@class = 'taglib-language-list-text' and @lang = 'en-US' and (contains(text(), 'EN') or contains(., 'EN'))]' is not present after '3' second(s)

2018-12-11 12:07:15 - [TEST_STEP][PASSED] - Statement - If (Checker == false): null

2018-12-11 12:07:15 - [TEST_STEP][PASSED] - delay: Delayed 2 second(s)

2018-12-11 12:07:17 - [MESSAGE][PASSED] - Delayed 2 second(s)

2018-12-11 12:07:17 - [TEST_STEP][PASSED] - delay: Delayed 5 second(s)

2018-12-11 12:07:22 - [MESSAGE][PASSED] - Delayed 5 second(s)

2018-12-11 12:07:22 - [TEST_STEP][PASSED] - mouseOver: Object: 'Object Repository/Final Object Repo/Landing Page/WorkFlow Menu' is hovered

2018-12-11 12:07:22 - [MESSAGE][PASSED] - Object: 'Object Repository/Final Object Repo/Landing Page/WorkFlow Menu' is hovered

2018-12-11 12:07:22 - [TEST_STEP][PASSED] - delay: Delayed 2 second(s)

2018-12-11 12:07:24 - [MESSAGE][PASSED] - Delayed 2 second(s)

2018-12-11 12:07:24 - [TEST_STEP][PASSED] - click: Object: 'Object Repository/Final Object Repo/Landing Page/Select to Workflow Listing' is clicked on

2018-12-11 12:07:25 - [MESSAGE][PASSED] - Object: 'Object Repository/Final Object Repo/Landing Page/Select to Workflow Listing' is clicked on

2018-12-11 12:07:25 - [TEST_STEP][PASSED] - delay: Delayed 2 second(s)

2018-12-11 12:07:27 - [MESSAGE][PASSED] - Delayed 2 second(s)

2018-12-11 12:07:27 - [TEST_STEP][PASSED] - click: Object: 'Object Repository/Final Object Repo/WorkFlow Listing Page/Search Information - To Put Ref No' is clicked on

2018-12-11 12:07:27 - [MESSAGE][PASSED] - Object: 'Object Repository/Final Object Repo/WorkFlow Listing Page/Search Information - To Put Ref No' is clicked on

2018-12-11 12:07:27 - [TEST_STEP][PASSED] - delay: Delayed 2 second(s)

2018-12-11 12:07:29 - [MESSAGE][PASSED] - Delayed 2 second(s)

2018-12-11 12:07:29 - [TEST_STEP][PASSED] - callTestCase: Call Test Case 'Test Cases/Final Aug 2018 - PKS Automation/Common/Reference Number Getter' successfully

2018-12-11 12:07:29 - [TEST_CASE][PASSED] - Test Cases/Final Aug 2018 - PKS Automation/Common/Reference Number Getter: Test Cases/Final Aug 2018 - PKS Automation/Common/Reference Number Getter

2018-12-11 12:07:29 - [TEST_STEP][PASSED] - Statement - Try: null

2018-12-11 12:07:29 - [TEST_STEP][PASSED] - Statement - RefNo = new java.io.File(C://Users//Admin//Desktop//PKS//Automation Reference Point//KatalonReference.txt): null

2018-12-11 12:07:29 - [TEST_STEP][PASSED] - Statement - bufferread = new java.io.BufferedReader(new java.io.FileReader(RefNo)): null

2018-12-11 12:07:29 - [TEST_STEP][PASSED] - Statement - readedVal = bufferread.readLine(): null

2018-12-11 12:07:29 - [TEST_STEP][PASSED] - Statement - out.println(CaseReferenceNo): null

2018-12-11 12:07:29 - [TEST_STEP][PASSED] - Statement - out.println(readedVal): null

2018-12-11 12:07:29 - [TEST_STEP][PASSED] - Statement - CaseReferenceNo = "": null

2018-12-11 12:07:29 - [TEST_STEP][PASSED] - Statement - CaseReferenceNo = readedVal: null

2018-12-11 12:07:29 - [MESSAGE][PASSED] - Call Test Case 'Test Cases/Final Aug 2018 - PKS Automation/Common/Reference Number Getter' successfully

2018-12-11 12:07:29 - [TEST_STEP][PASSED] - setText: Text 'CUN122018C200001719' is set on object 'Object Repository/Final Object Repo/WorkFlow Listing Page/Ref No Set Text'

2018-12-11 12:07:30 - [MESSAGE][PASSED] - Text 'CUN122018C200001719' is set on object 'Object Repository/Final Object Repo/WorkFlow Listing Page/Ref No Set Text'

2018-12-11 12:07:30 - [TEST_STEP][PASSED] - delay: Delayed 2 second(s)

2018-12-11 12:07:32 - [MESSAGE][PASSED] - Delayed 2 second(s)

2018-12-11 12:07:32 - [TEST_STEP][PASSED] - click: Object: 'Object Repository/Final Object Repo/WorkFlow Listing Page/Search Ref No Search Button' is clicked on

2018-12-11 12:07:32 - [MESSAGE][PASSED] - Object: 'Object Repository/Final Object Repo/WorkFlow Listing Page/Search Ref No Search Button' is clicked on

2018-12-11 12:07:32 - [TEST_STEP][PASSED] - delay: Delayed 6 second(s)

2018-12-11 12:07:38 - [MESSAGE][PASSED] - Delayed 6 second(s)

2018-12-11 12:07:38 - [TEST_STEP][PASSED] - click: Object: 'Object Repository/Final Object Repo/WorkFlow Listing Page/Click Continue Tooltip' is clicked on

2018-12-11 12:07:39 - [MESSAGE][PASSED] - Object: 'Object Repository/Final Object Repo/WorkFlow Listing Page/Click Continue Tooltip' is clicked on

2018-12-11 12:07:39 - [TEST_STEP][PASSED] - delay: Delayed 5 second(s)

2018-12-11 12:07:44 - [MESSAGE][PASSED] - Delayed 5 second(s)

2018-12-11 12:07:44 - [TEST_STEP][PASSED] - doubleClick: Object: 'Object Repository/Final Object Repo/WorkFlow Listing Page/Workflow Found - Listing 1' is double clicked on

2018-12-11 12:07:44 - [MESSAGE][PASSED] - Object: 'Object Repository/Final Object Repo/WorkFlow Listing Page/Workflow Found - Listing 1' is double clicked on

2018-12-11 12:07:44 - [TEST_STEP][PASSED] - Statement - println(OwnerID): null

2018-12-11 12:07:44 - [TEST_STEP][PASSED] - Statement - OwnerID = com.kms.katalon.core.webui.keyword.WebUiBuiltInKeywords.getText(com.kms.katalon.core.testobject.ObjectRepository.findTestObject(Final Object Repo/WorkFlow Listing Page/Workflow Found - Listing 1), STOP_ON_FAILURE): Text of object 'Object Repository/Final Object Repo/WorkFlow Listing Page/Workflow Found - Listing 1' is: 'JOHORuo3'

2018-12-11 12:07:44 - [MESSAGE][PASSED] - Text of object 'Object Repository/Final Object Repo/WorkFlow Listing Page/Workflow Found - Listing 1' is: 'JOHORuo3'

2018-12-11 12:07:44 - [TEST_STEP][PASSED] - Statement - OwnerID = OwnerID.toLowerCase() + "@gmail.com": null

2018-12-11 12:07:44 - [TEST_STEP][PASSED] - Statement - println(OwnerID): null

2018-12-11 12:07:44 - [TEST_STEP][PASSED] - delay: Delayed 2 second(s)

2018-12-11 12:07:46 - [MESSAGE][PASSED] - Delayed 2 second(s)

2018-12-11 12:07:46 - [MESSAGE][PASSED] - Call Test Case 'Test Cases/Final Aug 2018 - PKS Automation/Common/Workflow Owner Finder' successfully

2018-12-11 12:07:46 - [TEST_STEP][PASSED] - delay: Delayed 1 second(s)

2018-12-11 12:07:47 - [MESSAGE][PASSED] - Delayed 1 second(s)

2018-12-11 12:07:47 - [TEST_STEP][PASSED] - navigateToUrl: Navigate to 'https://assist2-uat.perkeso.gov.my/c/portal/logout' successfully

2018-12-11 12:07:48 - [MESSAGE][PASSED] - Navigate to 'https://assist2-uat.perkeso.gov.my/c/portal/logout' successfully

2018-12-11 12:07:48 - [TEST_STEP][PASSED] - delay: Delayed 1 second(s)

2018-12-11 12:07:49 - [MESSAGE][PASSED] - Delayed 1 second(s)

2018-12-11 12:07:49 - [TEST_STEP][PASSED] - callTestCase: Call Test Case 'Test Cases/Final Aug 2018 - PKS Automation/Registration Module/Workflow/Login and Search Case For Workflow' successfully

2018-12-11 12:07:49 - [TEST_CASE][PASSED] - Test Cases/Final Aug 2018 - PKS Automation/Registration Module/Workflow/Login and Search Case For Workflow: Test Cases/Final Aug 2018 - PKS Automation/Registration Module/Workflow/Login and Search Case For Workflow

2018-12-11 12:07:49 - [TEST_STEP][PASSED] - navigateToUrl: Navigate to 'https://assist2-uat.perkeso.gov.my/login' successfully

2018-12-11 12:07:49 - [MESSAGE][PASSED] - Navigate to 'https://assist2-uat.perkeso.gov.my/login' successfully

2018-12-11 12:07:49 - [TEST_STEP][PASSED] - setText: Text 'johoruo3@gmail.com' is set on object 'Object Repository/Final Object Repo/Login Page/Internal User/Email Address'

2018-12-11 12:07:50 - [MESSAGE][PASSED] - Text 'johoruo3@gmail.com' is set on object 'Object Repository/Final Object Repo/Login Page/Internal User/Email Address'

2018-12-11 12:07:50 - [TEST_STEP][PASSED] - click: Object: 'Object Repository/Final Object Repo/Login Page/Internal User/Next Button' is clicked on

2018-12-11 12:07:50 - [MESSAGE][PASSED] - Object: 'Object Repository/Final Object Repo/Login Page/Internal User/Next Button' is clicked on

2018-12-11 12:07:50 - [TEST_STEP][PASSED] - delay: Delayed 1 second(s)

2018-12-11 12:07:51 - [MESSAGE][PASSED] - Delayed 1 second(s)

2018-12-11 12:07:51 - [TEST_STEP][PASSED] - setEncryptedText: Text ****** has been set on object 'Object Repository/Final Object Repo/Login Page/Internal User/Password'

2018-12-11 12:07:51 - [MESSAGE][PASSED] - Text ****** has been set on object 'Object Repository/Final Object Repo/Login Page/Internal User/Password'

2018-12-11 12:07:51 - [TEST_STEP][PASSED] - click: Object: 'Object Repository/Final Object Repo/Login Page/Internal User/Login Button' is clicked on

2018-12-11 12:07:51 - [MESSAGE][PASSED] - Object: 'Object Repository/Final Object Repo/Login Page/Internal User/Login Button' is clicked on

2018-12-11 12:07:51 - [TEST_STEP][PASSED] - delay: Delayed 2 second(s)

2018-12-11 12:07:53 - [MESSAGE][PASSED] - Delayed 2 second(s)

2018-12-11 12:07:53 - [TEST_STEP][PASSED] - Statement - Try: Delayed 2 second(s)

2018-12-11 12:07:53 - [TEST_STEP][PASSED] - Statement - Checker = false: null

2018-12-11 12:07:53 - [TEST_STEP][PASSED] - Statement - Checker = com.kms.katalon.core.webui.keyword.WebUiBuiltInKeywords.verifyElementHasAttribute(com.kms.katalon.core.testobject.ObjectRepository.findTestObject(Final Object Repo/Landing Page/BM Detecting), "href", 20, OPTIONAL): Object 'Object Repository/Final Object Repo/Landing Page/BM Detecting' has attribute 'href'

2018-12-11 12:07:54 - [MESSAGE][PASSED] - Object 'Object Repository/Final Object Repo/Landing Page/BM Detecting' has attribute 'href'

2018-12-11 12:07:54 - [TEST_STEP][PASSED] - Statement - out.println(Checker): null

2018-12-11 12:07:54 - [TEST_STEP][PASSED] - Statement - If (Checker == false): null

2018-12-11 12:07:54 - [TEST_STEP][PASSED] - Statement - Else: null

2018-12-11 12:07:54 - [TEST_STEP][PASSED] - delay: Delayed 2 second(s)

2018-12-11 12:07:56 - [MESSAGE][PASSED] - Delayed 2 second(s)

2018-12-11 12:07:56 - [TEST_STEP][PASSED] - click: Object: 'Object Repository/Final Object Repo/Page_MyASSIST - ASSIST - Search Pending Case For Add Supporting Document/Search Information' is clicked on

2018-12-11 12:07:56 - [MESSAGE][PASSED] - Object: 'Object Repository/Final Object Repo/Page_MyASSIST - ASSIST - Search Pending Case For Add Supporting Document/Search Information' is clicked on

2018-12-11 12:07:56 - [TEST_STEP][PASSED] - delay: Delayed 3 second(s)

2018-12-11 12:07:59 - [MESSAGE][PASSED] - Delayed 3 second(s)

2018-12-11 12:07:59 - [TEST_STEP][PASSED] - sendKeys: Keys 'CUN122018C200001719' sent to object: 'Object Repository/Final Object Repo/Page_MyASSIST - ASSIST - Search Pending Case For Add Supporting Document/Reference No'

2018-12-11 12:07:59 - [MESSAGE][PASSED] - Keys 'CUN122018C200001719' sent to object: 'Object Repository/Final Object Repo/Page_MyASSIST - ASSIST - Search Pending Case For Add Supporting Document/Reference No'

2018-12-11 12:07:59 - [TEST_STEP][PASSED] - click: Object: 'Object Repository/Final Object Repo/Page_MyASSIST - ASSIST - Search Pending Case For Add Supporting Document/Search Reference No' is clicked on

2018-12-11 12:08:00 - [MESSAGE][PASSED] - Object: 'Object Repository/Final Object Repo/Page_MyASSIST - ASSIST - Search Pending Case For Add Supporting Document/Search Reference No' is clicked on

2018-12-11 12:08:00 - [TEST_STEP][PASSED] - delay: Delayed 2 second(s)

2018-12-11 12:08:02 - [MESSAGE][PASSED] - Delayed 2 second(s)

2018-12-11 12:08:02 - [TEST_STEP][PASSED] - click: Object: 'Object Repository/Final Object Repo/Page_MyASSIST - ASSIST - Search Pending Case For Add Supporting Document/Continue' is clicked on

2018-12-11 12:08:05 - [MESSAGE][PASSED] - Object: 'Object Repository/Final Object Repo/Page_MyASSIST - ASSIST - Search Pending Case For Add Supporting Document/Continue' is clicked on

2018-12-11 12:08:05 - [TEST_STEP][PASSED] - delay: Delayed 20 second(s)

2018-12-11 12:08:25 - [MESSAGE][PASSED] - Delayed 20 second(s)

2018-12-11 12:08:25 - [MESSAGE][PASSED] - Call Test Case 'Test Cases/Final Aug 2018 - PKS Automation/Registration Module/Workflow/Login and Search Case For Workflow' successfully

2018-12-11 12:08:25 - [TEST_STEP][PASSED] - click: Object: 'Object Repository/Final Object Repo/Page_Form 1A - Cessation As Employer/Page_Form 1A - Cessation As Employer (Approve)/Save  Continue in Form 1A Page' is clicked on

2018-12-11 12:08:25 - [MESSAGE][PASSED] - Object: 'Object Repository/Final Object Repo/Page_Form 1A - Cessation As Employer/Page_Form 1A - Cessation As Employer (Approve)/Save  Continue in Form 1A Page' is clicked on

2018-12-11 12:08:25 - [TEST_STEP][PASSED] - delay: Delayed 2 second(s)

2018-12-11 12:08:27 - [MESSAGE][PASSED] - Delayed 2 second(s)

2018-12-11 12:08:27 - [TEST_STEP][PASSED] - click: Object: 'Object Repository/Final Object Repo/Page_Form 1A - Cessation As Employer/Employment Resign Date' is clicked on

2018-12-11 12:08:27 - [MESSAGE][PASSED] - Object: 'Object Repository/Final Object Repo/Page_Form 1A - Cessation As Employer/Employment Resign Date' is clicked on

2018-12-11 12:08:27 - [TEST_STEP][PASSED] - delay: Delayed 1 second(s)

2018-12-11 12:08:28 - [MESSAGE][PASSED] - Delayed 1 second(s)

2018-12-11 12:08:28 - [TEST_STEP][PASSED] - selectOptionByValue: All options with value '2030' are selected in object 'Object Repository/Final Object Repo/Page_Form 1A - Cessation As Employer/Employment Resign Date - Year' 

2018-12-11 12:08:28 - [MESSAGE][PASSED] - All options with value '2030' are selected in object 'Object Repository/Final Object Repo/Page_Form 1A - Cessation As Employer/Employment Resign Date - Year' 

2018-12-11 12:08:28 - [TEST_STEP][PASSED] - delay: Delayed 1 second(s)

2018-12-11 12:08:29 - [MESSAGE][PASSED] - Delayed 1 second(s)

2018-12-11 12:08:29 - [TEST_STEP][PASSED] - click: Object: 'Object Repository/Final Object Repo/Page_Form 1A - Cessation As Employer/Employment Resign Date - Year - Date' is clicked on

2018-12-11 12:08:30 - [MESSAGE][PASSED] - Object: 'Object Repository/Final Object Repo/Page_Form 1A - Cessation As Employer/Employment Resign Date - Year - Date' is clicked on

2018-12-11 12:08:30 - [TEST_STEP][PASSED] - delay: Delayed 2 second(s)

2018-12-11 12:08:32 - [MESSAGE][PASSED] - Delayed 2 second(s)

2018-12-11 12:08:32 - [TEST_STEP][PASSED] - click: Object: 'Object Repository/Final Object Repo/Page_Form 1A - Cessation As Employer/Page_Form 1A - Cessation As Employer (Approve)/Save  Continue in Update Add Employee Resigned Date Page' is clicked on

2018-12-11 12:08:32 - [MESSAGE][PASSED] - Object: 'Object Repository/Final Object Repo/Page_Form 1A - Cessation As Employer/Page_Form 1A - Cessation As Employer (Approve)/Save  Continue in Update Add Employee Resigned Date Page' is clicked on

2018-12-11 12:08:32 - [TEST_STEP][PASSED] - delay: Delayed 2 second(s)

2018-12-11 12:08:34 - [MESSAGE][PASSED] - Delayed 2 second(s)

2018-12-11 12:08:34 - [TEST_STEP][PASSED] - click: Object: 'Object Repository/Final Object Repo/Page_Form 1A - Cessation As Employer/Set Latest - Yes' is clicked on

2018-12-11 12:08:34 - [MESSAGE][PASSED] - Object: 'Object Repository/Final Object Repo/Page_Form 1A - Cessation As Employer/Set Latest - Yes' is clicked on

2018-12-11 12:08:34 - [TEST_STEP][PASSED] - delay: Delayed 2 second(s)

2018-12-11 12:08:36 - [MESSAGE][PASSED] - Delayed 2 second(s)

2018-12-11 12:08:36 - [TEST_STEP][PASSED] - click: Object: 'Object Repository/Final Object Repo/Page_Form 1A - Cessation As Employer/Page_Form 1A - Cessation As Employer (Approve)/Save  Contine in Uploading Document Page' is clicked on

2018-12-11 12:08:37 - [MESSAGE][PASSED] - Object: 'Object Repository/Final Object Repo/Page_Form 1A - Cessation As Employer/Page_Form 1A - Cessation As Employer (Approve)/Save  Contine in Uploading Document Page' is clicked on

2018-12-11 12:08:37 - [TEST_STEP][PASSED] - delay: Delayed 2 second(s)

2018-12-11 12:08:39 - [MESSAGE][PASSED] - Delayed 2 second(s)

2018-12-11 12:08:39 - [TEST_STEP][PASSED] - click: Object: 'Object Repository/Final Object Repo/Page_Form 1A - Cessation As Employer/Page_Form 1A - Cessation As Employer (Approve)/Approve' is clicked on

2018-12-11 12:08:42 - [MESSAGE][PASSED] - Object: 'Object Repository/Final Object Repo/Page_Form 1A - Cessation As Employer/Page_Form 1A - Cessation As Employer (Approve)/Approve' is clicked on

2018-12-11 12:08:42 - [TEST_STEP][PASSED] - delay: Delayed 2 second(s)

2018-12-11 12:08:44 - [MESSAGE][PASSED] - Delayed 2 second(s)

2018-12-11 12:08:44 - [TEST_STEP][PASSED] - click: Object: 'Object Repository/Final Object Repo/Page_Form 1A - Cessation As Employer/Confirm' is clicked on

2018-12-11 12:08:44 - [MESSAGE][PASSED] - Object: 'Object Repository/Final Object Repo/Page_Form 1A - Cessation As Employer/Confirm' is clicked on

2018-12-11 12:08:44 - [TEST_STEP][PASSED] - delay: Delayed 2 second(s)

2018-12-11 12:08:46 - [MESSAGE][PASSED] - Delayed 2 second(s)

2018-12-11 12:08:46 - [TEST_STEP][PASSED] - click: Object: 'Object Repository/Final Object Repo/Page_Form 1A - Cessation As Employer/Page_Form 1A - Cessation As Employer (Approve)/Message Your Request    Form 1A ' is clicked on

2018-12-11 12:08:55 - [MESSAGE][PASSED] - Object: 'Object Repository/Final Object Repo/Page_Form 1A - Cessation As Employer/Page_Form 1A - Cessation As Employer (Approve)/Message Your Request    Form 1A ' is clicked on

2018-12-11 12:08:55 - [TEST_STEP][PASSED] - delay: Delayed 2 second(s)

2018-12-11 12:08:57 - [MESSAGE][PASSED] - Delayed 2 second(s)

2018-12-11 12:08:57 - [TEST_STEP][PASSED] - click: Object: 'Object Repository/Final Object Repo/Page_Form 1A - Cessation As Employer/Page_Form 1A - Cessation As Employer (Approve)/Letter of successful update' is clicked on

2018-12-11 12:08:57 - [MESSAGE][PASSED] - Object: 'Object Repository/Final Object Repo/Page_Form 1A - Cessation As Employer/Page_Form 1A - Cessation As Employer (Approve)/Letter of successful update' is clicked on

2018-12-11 12:08:57 - [MESSAGE][PASSED] - Call Test Case 'Test Cases/Final Aug 2018 - PKS Automation/Registration Module/Workflow/Form 1A - Cessation As Employer/Template/Form 1 A - Cessation As Employer (Approve)' successfully]]></system-out>
         <system-err><![CDATA[]]></system-err>
      </testcase>
      <testcase name="Test Cases/Final Aug 2018 - PKS Automation/Registration Module/Workflow/Form 1A - Cessation As Employer/PKRBO to UO (Under enforcement)" classname="Test Cases/Final Aug 2018 - PKS Automation/Registration Module/Workflow/Form 1A - Cessation As Employer/PKRBO to UO (Under enforcement)" status="PASSED">
         <system-out><![CDATA[2018-12-11 12:08:57 - [TEST_CASE][PASSED] - Test Cases/Final Aug 2018 - PKS Automation/Registration Module/Workflow/Form 1A - Cessation As Employer/PKRBO to UO (Under enforcement): Test Cases/Final Aug 2018 - PKS Automation/Registration Module/Workflow/Form 1A - Cessation As Employer/PKRBO to UO (Under enforcement)

2018-12-11 12:08:57 - [TEST_STEP][PASSED] - callTestCase: Call Test Case 'Test Cases/Final Aug 2018 - PKS Automation/Registration Module/Workflow/Form 1A - Cessation As Employer/Template/Form 1 A - Cessation As Employer (PKRBO)' successfully

2018-12-11 12:08:57 - [TEST_CASE][PASSED] - Test Cases/Final Aug 2018 - PKS Automation/Registration Module/Workflow/Form 1A - Cessation As Employer/Template/Form 1 A - Cessation As Employer (PKRBO): Test Cases/Final Aug 2018 - PKS Automation/Registration Module/Workflow/Form 1A - Cessation As Employer/Template/Form 1 A - Cessation As Employer (PKRBO)

2018-12-11 12:08:58 - [TEST_STEP][PASSED] - openBrowser: Browser is opened with url: ''

2018-12-11 12:08:58 - [MESSAGE][WARNING] - A browser is already opened. Closing browser and opening a new one

2018-12-11 12:09:01 - [MESSAGE][PASSED] - Browser is opened with url: ''

2018-12-11 12:09:01 - [TEST_STEP][PASSED] - navigateToUrl: Navigate to 'https://assist2-uat.perkeso.gov.my/login' successfully

2018-12-11 12:09:02 - [MESSAGE][PASSED] - Navigate to 'https://assist2-uat.perkeso.gov.my/login' successfully

2018-12-11 12:09:02 - [TEST_STEP][PASSED] - setText: Text 'johorpkrbo1@gmail.com' is set on object 'Object Repository/Final Object Repo/Login Page/Internal User/Email Address'

2018-12-11 12:09:02 - [MESSAGE][PASSED] - Text 'johorpkrbo1@gmail.com' is set on object 'Object Repository/Final Object Repo/Login Page/Internal User/Email Address'

2018-12-11 12:09:02 - [TEST_STEP][PASSED] - click: Object: 'Object Repository/Final Object Repo/Login Page/Internal User/Next Button' is clicked on

2018-12-11 12:09:03 - [MESSAGE][PASSED] - Object: 'Object Repository/Final Object Repo/Login Page/Internal User/Next Button' is clicked on

2018-12-11 12:09:03 - [TEST_STEP][PASSED] - delay: Delayed 1 second(s)

2018-12-11 12:09:04 - [MESSAGE][PASSED] - Delayed 1 second(s)

2018-12-11 12:09:04 - [TEST_STEP][PASSED] - setEncryptedText: Text ****** has been set on object 'Object Repository/Final Object Repo/Login Page/Internal User/Password'

2018-12-11 12:09:04 - [MESSAGE][PASSED] - Text ****** has been set on object 'Object Repository/Final Object Repo/Login Page/Internal User/Password'

2018-12-11 12:09:04 - [TEST_STEP][PASSED] - click: Object: 'Object Repository/Final Object Repo/Login Page/Internal User/Login Button' is clicked on

2018-12-11 12:09:04 - [MESSAGE][PASSED] - Object: 'Object Repository/Final Object Repo/Login Page/Internal User/Login Button' is clicked on

2018-12-11 12:09:04 - [TEST_STEP][PASSED] - delay: Delayed 1 second(s)

2018-12-11 12:09:05 - [MESSAGE][PASSED] - Delayed 1 second(s)

2018-12-11 12:09:05 - [TEST_STEP][PASSED] - Statement - Try: Delayed 2 second(s)

2018-12-11 12:09:05 - [TEST_STEP][PASSED] - Statement - Checker = false: null

2018-12-11 12:09:05 - [TEST_STEP][PASSED] - Statement - Checker = com.kms.katalon.core.webui.keyword.WebUiBuiltInKeywords.verifyElementHasAttribute(com.kms.katalon.core.testobject.ObjectRepository.findTestObject(Final Object Repo/Landing Page/BM Detecting), "href", 20, OPTIONAL): Object 'Object Repository/Final Object Repo/Landing Page/BM Detecting' has attribute 'href'

2018-12-11 12:09:06 - [MESSAGE][PASSED] - Object 'Object Repository/Final Object Repo/Landing Page/BM Detecting' has attribute 'href'

2018-12-11 12:09:06 - [TEST_STEP][PASSED] - Statement - out.println(Checker): null

2018-12-11 12:09:06 - [TEST_STEP][PASSED] - Statement - If (Checker == false): null

2018-12-11 12:09:06 - [TEST_STEP][PASSED] - Statement - Else: null

2018-12-11 12:09:06 - [TEST_STEP][PASSED] - delay: Delayed 2 second(s)

2018-12-11 12:09:08 - [MESSAGE][PASSED] - Delayed 2 second(s)

2018-12-11 12:09:08 - [TEST_STEP][PASSED] - navigateToUrl: Navigate to 'https://assist2-uat.perkeso.gov.my/web/registration/update/form-1a-cessation-as-employer-discontinue-business-' successfully

2018-12-11 12:09:09 - [MESSAGE][PASSED] - Navigate to 'https://assist2-uat.perkeso.gov.my/web/registration/update/form-1a-cessation-as-employer-discontinue-business-' successfully

2018-12-11 12:09:09 - [TEST_STEP][PASSED] - setText: Text 'E1102069770Z' is set on object 'Object Repository/Final Object Repo/Page_Update Employer Information/Employer Code'

2018-12-11 12:09:09 - [MESSAGE][PASSED] - Text 'E1102069770Z' is set on object 'Object Repository/Final Object Repo/Page_Update Employer Information/Employer Code'

2018-12-11 12:09:09 - [TEST_STEP][PASSED] - click: Object: 'Object Repository/Final Object Repo/Page_Update Employer Information/Search Button' is clicked on

2018-12-11 12:09:09 - [MESSAGE][PASSED] - Object: 'Object Repository/Final Object Repo/Page_Update Employer Information/Search Button' is clicked on

2018-12-11 12:09:09 - [TEST_STEP][PASSED] - click: Object: 'Object Repository/Final Object Repo/Page_Update Employer Information/Edit Button' is clicked on

2018-12-11 12:09:13 - [MESSAGE][PASSED] - Object: 'Object Repository/Final Object Repo/Page_Update Employer Information/Edit Button' is clicked on

2018-12-11 12:09:13 - [TEST_STEP][PASSED] - Statement - abc = com.kms.katalon.core.webui.keyword.WebUiBuiltInKeywords.getAttribute(com.kms.katalon.core.testobject.ObjectRepository.findTestObject(Final Object Repo/Page_Form 1A - Cessation As Employer/Employer Status), "value"): Attribute 'value' of object 'Object Repository/Final Object Repo/Page_Form 1A - Cessation As Employer/Employer Status' is: 'Dormant'

2018-12-11 12:09:13 - [MESSAGE][PASSED] - Attribute 'value' of object 'Object Repository/Final Object Repo/Page_Form 1A - Cessation As Employer/Employer Status' is: 'Dormant'

2018-12-11 12:09:13 - [TEST_STEP][PASSED] - Statement - out.println(abc): null

2018-12-11 12:09:13 - [TEST_STEP][PASSED] - Statement - If (abc == "Active"): null

2018-12-11 12:09:13 - [TEST_STEP][PASSED] - Statement - Else If (abc == "Cancel"): null

2018-12-11 12:09:13 - [TEST_STEP][PASSED] - Statement - Else If (abc == "Dormant"): Object: 'Object Repository/Final Object Repo/Page_Form 1A - Cessation As Employer/Change Employer Status to - Dormant' is clicked on

2018-12-11 12:09:13 - [TEST_STEP][PASSED] - click: Object: 'Object Repository/Final Object Repo/Page_Form 1A - Cessation As Employer/Change Employer Status to' is clicked on

2018-12-11 12:09:13 - [MESSAGE][PASSED] - Object: 'Object Repository/Final Object Repo/Page_Form 1A - Cessation As Employer/Change Employer Status to' is clicked on

2018-12-11 12:09:13 - [TEST_STEP][PASSED] - click: Object: 'Object Repository/Final Object Repo/Page_Form 1A - Cessation As Employer/Change Employer Status to - Dormant' is clicked on

2018-12-11 12:09:13 - [MESSAGE][PASSED] - Object: 'Object Repository/Final Object Repo/Page_Form 1A - Cessation As Employer/Change Employer Status to - Dormant' is clicked on

2018-12-11 12:09:13 - [TEST_STEP][PASSED] - click: Object: 'Object Repository/Final Object Repo/Page_Form 1A - Cessation As Employer/Calender' is clicked on

2018-12-11 12:09:14 - [MESSAGE][PASSED] - Object: 'Object Repository/Final Object Repo/Page_Form 1A - Cessation As Employer/Calender' is clicked on

2018-12-11 12:09:14 - [TEST_STEP][PASSED] - click: Object: 'Object Repository/Final Object Repo/Page_Form 1A - Cessation As Employer/Calender - Date' is clicked on

2018-12-11 12:09:14 - [MESSAGE][PASSED] - Object: 'Object Repository/Final Object Repo/Page_Form 1A - Cessation As Employer/Calender - Date' is clicked on

2018-12-11 12:09:14 - [TEST_STEP][PASSED] - delay: Delayed 2 second(s)

2018-12-11 12:09:16 - [MESSAGE][PASSED] - Delayed 2 second(s)

2018-12-11 12:09:16 - [TEST_STEP][PASSED] - click: Object: 'Object Repository/Final Object Repo/Page_Form 1A - Cessation As Employer/Save  Continue in Form 1A Page' is clicked on

2018-12-11 12:09:16 - [MESSAGE][PASSED] - Object: 'Object Repository/Final Object Repo/Page_Form 1A - Cessation As Employer/Save  Continue in Form 1A Page' is clicked on

2018-12-11 12:09:16 - [TEST_STEP][PASSED] - delay: Delayed 2 second(s)

2018-12-11 12:09:18 - [MESSAGE][PASSED] - Delayed 2 second(s)

2018-12-11 12:09:18 - [TEST_STEP][PASSED] - click: Object: 'Object Repository/Final Object Repo/Page_Form 1A - Cessation As Employer/Employment Resign Date' is clicked on

2018-12-11 12:09:18 - [MESSAGE][PASSED] - Object: 'Object Repository/Final Object Repo/Page_Form 1A - Cessation As Employer/Employment Resign Date' is clicked on

2018-12-11 12:09:18 - [TEST_STEP][PASSED] - delay: Delayed 1 second(s)

2018-12-11 12:09:19 - [MESSAGE][PASSED] - Delayed 1 second(s)

2018-12-11 12:09:19 - [TEST_STEP][PASSED] - Statement - CaseReferenceNo = com.kms.katalon.core.webui.keyword.WebUiBuiltInKeywords.getText(com.kms.katalon.core.testobject.ObjectRepository.findTestObject(Final Object Repo/Page_Update Employer Information/Reference Number in Update Employee Information Page)): Text of object 'Object Repository/Final Object Repo/Page_Update Employer Information/Reference Number in Update Employee Information Page' is: 'CUN122018C200001720'

2018-12-11 12:09:19 - [MESSAGE][PASSED] - Text of object 'Object Repository/Final Object Repo/Page_Update Employer Information/Reference Number in Update Employee Information Page' is: 'CUN122018C200001720'

2018-12-11 12:09:19 - [TEST_STEP][PASSED] - Statement - out.println(CaseReferenceNo): null

2018-12-11 12:09:19 - [TEST_STEP][PASSED] - callTestCase: Call Test Case 'Test Cases/Final Aug 2018 - PKS Automation/Common/Reference Number Setter' successfully

2018-12-11 12:09:19 - [TEST_CASE][PASSED] - Test Cases/Final Aug 2018 - PKS Automation/Common/Reference Number Setter: Test Cases/Final Aug 2018 - PKS Automation/Common/Reference Number Setter

2018-12-11 12:09:19 - [TEST_STEP][PASSED] - Statement - RefNoOldFile = new java.io.File(C://Users//Admin//Desktop//PKS//Automation Reference Point//KatalonReference.txt): null

2018-12-11 12:09:19 - [TEST_STEP][PASSED] - Statement - RefNoOldFile.delete(): null

2018-12-11 12:09:19 - [TEST_STEP][PASSED] - delay: Delayed 5 second(s)

2018-12-11 12:09:24 - [MESSAGE][PASSED] - Delayed 5 second(s)

2018-12-11 12:09:24 - [TEST_STEP][PASSED] - Statement - RefNo = new java.io.File(C://Users//Admin//Desktop//PKS//Automation Reference Point//KatalonReference.txt): null

2018-12-11 12:09:24 - [TEST_STEP][PASSED] - Statement - f2 = new java.io.FileWriter(RefNo, false): null

2018-12-11 12:09:24 - [TEST_STEP][PASSED] - Statement - f2.write(CaseReferenceNo): null

2018-12-11 12:09:24 - [TEST_STEP][PASSED] - Statement - f2.close(): null

2018-12-11 12:09:24 - [TEST_STEP][PASSED] - Statement - out.println("


" + CaseReferenceNo + "


"): null

2018-12-11 12:09:24 - [MESSAGE][PASSED] - Call Test Case 'Test Cases/Final Aug 2018 - PKS Automation/Common/Reference Number Setter' successfully

2018-12-11 12:09:24 - [TEST_STEP][PASSED] - selectOptionByValue: All options with value '2030' are selected in object 'Object Repository/Final Object Repo/Page_Form 1A - Cessation As Employer/Employment Resign Date - Year' 

2018-12-11 12:09:25 - [MESSAGE][PASSED] - All options with value '2030' are selected in object 'Object Repository/Final Object Repo/Page_Form 1A - Cessation As Employer/Employment Resign Date - Year' 

2018-12-11 12:09:25 - [TEST_STEP][PASSED] - delay: Delayed 1 second(s)

2018-12-11 12:09:26 - [MESSAGE][PASSED] - Delayed 1 second(s)

2018-12-11 12:09:26 - [TEST_STEP][PASSED] - click: Object: 'Object Repository/Final Object Repo/Page_Form 1A - Cessation As Employer/Employment Resign Date - Year - Date' is clicked on

2018-12-11 12:09:26 - [MESSAGE][PASSED] - Object: 'Object Repository/Final Object Repo/Page_Form 1A - Cessation As Employer/Employment Resign Date - Year - Date' is clicked on

2018-12-11 12:09:26 - [TEST_STEP][PASSED] - delay: Delayed 2 second(s)

2018-12-11 12:09:28 - [MESSAGE][PASSED] - Delayed 2 second(s)

2018-12-11 12:09:28 - [TEST_STEP][PASSED] - click: Object: 'Object Repository/Final Object Repo/Page_Form 1A - Cessation As Employer/Save  Continue in Update Add Employee Resigned Date Page' is clicked on

2018-12-11 12:09:28 - [MESSAGE][PASSED] - Object: 'Object Repository/Final Object Repo/Page_Form 1A - Cessation As Employer/Save  Continue in Update Add Employee Resigned Date Page' is clicked on

2018-12-11 12:09:28 - [TEST_STEP][PASSED] - delay: Delayed 2 second(s)

2018-12-11 12:09:30 - [MESSAGE][PASSED] - Delayed 2 second(s)

2018-12-11 12:09:30 - [TEST_STEP][PASSED] - click: Object: 'Object Repository/Final Object Repo/Page_Form 1A - Cessation As Employer/Set Latest - Yes' is clicked on

2018-12-11 12:09:30 - [MESSAGE][PASSED] - Object: 'Object Repository/Final Object Repo/Page_Form 1A - Cessation As Employer/Set Latest - Yes' is clicked on

2018-12-11 12:09:30 - [TEST_STEP][PASSED] - delay: Delayed 2 second(s)

2018-12-11 12:09:32 - [MESSAGE][PASSED] - Delayed 2 second(s)

2018-12-11 12:09:32 - [TEST_STEP][PASSED] - click: Object: 'Object Repository/Final Object Repo/Page_Form 1A - Cessation As Employer/Add Document' is clicked on

2018-12-11 12:09:33 - [MESSAGE][PASSED] - Object: 'Object Repository/Final Object Repo/Page_Form 1A - Cessation As Employer/Add Document' is clicked on

2018-12-11 12:09:33 - [TEST_STEP][PASSED] - delay: Delayed 2 second(s)

2018-12-11 12:09:35 - [MESSAGE][PASSED] - Delayed 2 second(s)

2018-12-11 12:09:35 - [TEST_STEP][PASSED] - click: Object: 'Object Repository/Final Object Repo/Page_Form 1A - Cessation As Employer/Document Type' is clicked on

2018-12-11 12:09:36 - [MESSAGE][PASSED] - Object: 'Object Repository/Final Object Repo/Page_Form 1A - Cessation As Employer/Document Type' is clicked on

2018-12-11 12:09:36 - [TEST_STEP][PASSED] - delay: Delayed 2 second(s)

2018-12-11 12:09:38 - [MESSAGE][PASSED] - Delayed 2 second(s)

2018-12-11 12:09:38 - [TEST_STEP][PASSED] - click: Object: 'Object Repository/Final Object Repo/Page_Form 1A - Cessation As Employer/Document Type - Supporting Document For Cessation' is clicked on

2018-12-11 12:09:39 - [MESSAGE][PASSED] - Object: 'Object Repository/Final Object Repo/Page_Form 1A - Cessation As Employer/Document Type - Supporting Document For Cessation' is clicked on

2018-12-11 12:09:39 - [TEST_STEP][PASSED] - delay: Delayed 2 second(s)

2018-12-11 12:09:41 - [MESSAGE][PASSED] - Delayed 2 second(s)

2018-12-11 12:09:41 - [TEST_STEP][PASSED] - sendKeys: Keys 'C:\Users\Public\Pictures\Sample Pictures\Koala.jpg' sent to object: 'Object Repository/Final Object Repo/Page_Form 1A - Cessation As Employer/Uploading File'

2018-12-11 12:09:41 - [MESSAGE][PASSED] - Keys 'C:\Users\Public\Pictures\Sample Pictures\Koala.jpg' sent to object: 'Object Repository/Final Object Repo/Page_Form 1A - Cessation As Employer/Uploading File'

2018-12-11 12:09:41 - [TEST_STEP][PASSED] - delay: Delayed 2 second(s)

2018-12-11 12:09:43 - [MESSAGE][PASSED] - Delayed 2 second(s)

2018-12-11 12:09:43 - [TEST_STEP][PASSED] - click: Object: 'Object Repository/Final Object Repo/Page_Form 1A - Cessation As Employer/Add Document in Uploading Page' is clicked on

2018-12-11 12:09:43 - [MESSAGE][PASSED] - Object: 'Object Repository/Final Object Repo/Page_Form 1A - Cessation As Employer/Add Document in Uploading Page' is clicked on

2018-12-11 12:09:43 - [TEST_STEP][PASSED] - delay: Delayed 15 second(s)

2018-12-11 12:09:58 - [MESSAGE][PASSED] - Delayed 15 second(s)

2018-12-11 12:09:58 - [TEST_STEP][PASSED] - click: Object: 'Object Repository/Final Object Repo/Page_Form 1A - Cessation As Employer/Save  Continue in Uploading Page' is clicked on

2018-12-11 12:09:58 - [MESSAGE][PASSED] - Object: 'Object Repository/Final Object Repo/Page_Form 1A - Cessation As Employer/Save  Continue in Uploading Page' is clicked on

2018-12-11 12:09:58 - [TEST_STEP][PASSED] - delay: Delayed 2 second(s)

2018-12-11 12:10:00 - [MESSAGE][PASSED] - Delayed 2 second(s)

2018-12-11 12:10:00 - [TEST_STEP][PASSED] - click: Object: 'Object Repository/Final Object Repo/Page_Form 1A - Cessation As Employer/Submit2' is clicked on

2018-12-11 12:10:03 - [MESSAGE][PASSED] - Object: 'Object Repository/Final Object Repo/Page_Form 1A - Cessation As Employer/Submit2' is clicked on

2018-12-11 12:10:03 - [TEST_STEP][PASSED] - delay: Delayed 2 second(s)

2018-12-11 12:10:05 - [MESSAGE][PASSED] - Delayed 2 second(s)

2018-12-11 12:10:05 - [TEST_STEP][PASSED] - click: Object: 'Object Repository/Final Object Repo/Page_Form 1A - Cessation As Employer/Confirm' is clicked on

2018-12-11 12:10:05 - [MESSAGE][PASSED] - Object: 'Object Repository/Final Object Repo/Page_Form 1A - Cessation As Employer/Confirm' is clicked on

2018-12-11 12:10:05 - [TEST_STEP][PASSED] - delay: Delayed 2 second(s)

2018-12-11 12:10:07 - [MESSAGE][PASSED] - Delayed 2 second(s)

2018-12-11 12:10:07 - [TEST_STEP][PASSED] - verifyElementVisible: Object 'Object Repository/Final Object Repo/Page_Form 1A - Cessation As Employer/Message Your Request will be routed to UO' is visible

2018-12-11 12:10:11 - [MESSAGE][PASSED] - Object 'Object Repository/Final Object Repo/Page_Form 1A - Cessation As Employer/Message Your Request will be routed to UO' is visible

2018-12-11 12:10:11 - [TEST_STEP][PASSED] - delay: Delayed 1 second(s)

2018-12-11 12:10:12 - [MESSAGE][PASSED] - Delayed 1 second(s)

2018-12-11 12:10:12 - [TEST_STEP][PASSED] - verifyElementVisible: Object 'Object Repository/Final Object Repo/Page_Form 1A - Cessation As Employer/Letter of acknowledgement' is visible

2018-12-11 12:10:12 - [MESSAGE][PASSED] - Object 'Object Repository/Final Object Repo/Page_Form 1A - Cessation As Employer/Letter of acknowledgement' is visible

2018-12-11 12:10:12 - [MESSAGE][PASSED] - Call Test Case 'Test Cases/Final Aug 2018 - PKS Automation/Registration Module/Workflow/Form 1A - Cessation As Employer/Template/Form 1 A - Cessation As Employer (PKRBO)' successfully

2018-12-11 12:10:12 - [TEST_STEP][PASSED] - callTestCase: Call Test Case 'Test Cases/Final Aug 2018 - PKS Automation/Registration Module/Workflow/Form 1A - Cessation As Employer/Template/Form 1 A - Cessation As Employer (Under enforcement)' successfully

2018-12-11 12:10:12 - [TEST_CASE][PASSED] - Test Cases/Final Aug 2018 - PKS Automation/Registration Module/Workflow/Form 1A - Cessation As Employer/Template/Form 1 A - Cessation As Employer (Under enforcement): Test Cases/Final Aug 2018 - PKS Automation/Registration Module/Workflow/Form 1A - Cessation As Employer/Template/Form 1 A - Cessation As Employer (Under enforcement)

2018-12-11 12:10:12 - [TEST_STEP][NOT_RUN] - callTestCase: NOT_RUN: callTestCase

2018-12-11 12:10:12 - [MESSAGE][NOT_RUN] - NOT_RUN: callTestCase

2018-12-11 12:10:12 - [TEST_STEP][PASSED] - delay: Delayed 1 second(s)

2018-12-11 12:10:13 - [MESSAGE][PASSED] - Delayed 1 second(s)

2018-12-11 12:10:13 - [TEST_STEP][PASSED] - navigateToUrl: Navigate to 'https://assist2-uat.perkeso.gov.my/c/portal/logout' successfully

2018-12-11 12:10:14 - [MESSAGE][PASSED] - Navigate to 'https://assist2-uat.perkeso.gov.my/c/portal/logout' successfully

2018-12-11 12:10:14 - [TEST_STEP][PASSED] - delay: Delayed 1 second(s)

2018-12-11 12:10:15 - [MESSAGE][PASSED] - Delayed 1 second(s)

2018-12-11 12:10:15 - [TEST_STEP][PASSED] - callTestCase: Call Test Case 'Test Cases/Final Aug 2018 - PKS Automation/Common/Reference Number Getter' successfully

2018-12-11 12:10:15 - [TEST_CASE][PASSED] - Test Cases/Final Aug 2018 - PKS Automation/Common/Reference Number Getter: Test Cases/Final Aug 2018 - PKS Automation/Common/Reference Number Getter

2018-12-11 12:10:15 - [TEST_STEP][PASSED] - Statement - Try: null

2018-12-11 12:10:15 - [TEST_STEP][PASSED] - Statement - RefNo = new java.io.File(C://Users//Admin//Desktop//PKS//Automation Reference Point//KatalonReference.txt): null

2018-12-11 12:10:15 - [TEST_STEP][PASSED] - Statement - bufferread = new java.io.BufferedReader(new java.io.FileReader(RefNo)): null

2018-12-11 12:10:15 - [TEST_STEP][PASSED] - Statement - readedVal = bufferread.readLine(): null

2018-12-11 12:10:15 - [TEST_STEP][PASSED] - Statement - out.println(CaseReferenceNo): null

2018-12-11 12:10:15 - [TEST_STEP][PASSED] - Statement - out.println(readedVal): null

2018-12-11 12:10:15 - [TEST_STEP][PASSED] - Statement - CaseReferenceNo = "": null

2018-12-11 12:10:15 - [TEST_STEP][PASSED] - Statement - CaseReferenceNo = readedVal: null

2018-12-11 12:10:15 - [MESSAGE][PASSED] - Call Test Case 'Test Cases/Final Aug 2018 - PKS Automation/Common/Reference Number Getter' successfully

2018-12-11 12:10:15 - [TEST_STEP][PASSED] - callTestCase: Call Test Case 'Test Cases/Final Aug 2018 - PKS Automation/Common/Workflow Owner Finder' successfully

2018-12-11 12:10:15 - [TEST_CASE][PASSED] - Test Cases/Final Aug 2018 - PKS Automation/Common/Workflow Owner Finder: Test Cases/Final Aug 2018 - PKS Automation/Common/Workflow Owner Finder

2018-12-11 12:10:15 - [TEST_STEP][PASSED] - openBrowser: Browser is opened with url: ''

2018-12-11 12:10:15 - [MESSAGE][WARNING] - A browser is already opened. Closing browser and opening a new one

2018-12-11 12:10:18 - [MESSAGE][PASSED] - Browser is opened with url: ''

2018-12-11 12:10:18 - [TEST_STEP][PASSED] - navigateToUrl: Navigate to 'https://assist2-uat.perkeso.gov.my/login' successfully

2018-12-11 12:10:19 - [MESSAGE][PASSED] - Navigate to 'https://assist2-uat.perkeso.gov.my/login' successfully

2018-12-11 12:10:19 - [TEST_STEP][PASSED] - delay: Delayed 5 second(s)

2018-12-11 12:10:24 - [MESSAGE][PASSED] - Delayed 5 second(s)

2018-12-11 12:10:24 - [TEST_STEP][PASSED] - setText: Text 'test@liferay.com' is set on object 'Object Repository/Final Object Repo/Login Page/Internal User/Email Address'

2018-12-11 12:10:25 - [MESSAGE][PASSED] - Text 'test@liferay.com' is set on object 'Object Repository/Final Object Repo/Login Page/Internal User/Email Address'

2018-12-11 12:10:25 - [TEST_STEP][PASSED] - click: Object: 'Object Repository/Final Object Repo/Login Page/Internal User/Next Button' is clicked on

2018-12-11 12:10:25 - [MESSAGE][PASSED] - Object: 'Object Repository/Final Object Repo/Login Page/Internal User/Next Button' is clicked on

2018-12-11 12:10:25 - [TEST_STEP][PASSED] - delay: Delayed 2 second(s)

2018-12-11 12:10:27 - [MESSAGE][PASSED] - Delayed 2 second(s)

2018-12-11 12:10:27 - [TEST_STEP][PASSED] - setText: Text 'test' is set on object 'Object Repository/Final Object Repo/Login Page/Internal User/Password'

2018-12-11 12:10:27 - [MESSAGE][PASSED] - Text 'test' is set on object 'Object Repository/Final Object Repo/Login Page/Internal User/Password'

2018-12-11 12:10:27 - [TEST_STEP][PASSED] - delay: Delayed 2 second(s)

2018-12-11 12:10:29 - [MESSAGE][PASSED] - Delayed 2 second(s)

2018-12-11 12:10:29 - [TEST_STEP][PASSED] - click: Object: 'Object Repository/Final Object Repo/Login Page/Internal User/Login Button' is clicked on

2018-12-11 12:10:29 - [MESSAGE][PASSED] - Object: 'Object Repository/Final Object Repo/Login Page/Internal User/Login Button' is clicked on

2018-12-11 12:10:29 - [TEST_STEP][PASSED] - Statement - tester = com.kms.katalon.core.testobject.ObjectRepository.findTestObject(Final Object Repo/Landing Page/Select to English): Finding Test Object with id 'Object Repository/Final Object Repo/Landing Page/Select to English'

2018-12-11 12:10:29 - [TEST_STEP][PASSED] - Statement - Try: Delayed 2 second(s)

2018-12-11 12:10:29 - [TEST_STEP][PASSED] - Statement - Checker = com.kms.katalon.core.webui.keyword.WebUiBuiltInKeywords.verifyElementNotPresent(tester, 3): Web element with id: 'Object Repository/Final Object Repo/Landing Page/Select to English' located by 'By.xpath: //a[@class = 'taglib-language-list-text' and @lang = 'en-US' and (contains(text(), 'EN') or contains(., 'EN'))]' is not present after '3' second(s)

2018-12-11 12:10:31 - [MESSAGE][PASSED] - Web element with id: 'Object Repository/Final Object Repo/Landing Page/Select to English' located by 'By.xpath: //a[@class = 'taglib-language-list-text' and @lang = 'en-US' and (contains(text(), 'EN') or contains(., 'EN'))]' is not present after '3' second(s)

2018-12-11 12:10:31 - [TEST_STEP][PASSED] - Statement - If (Checker == false): null

2018-12-11 12:10:31 - [TEST_STEP][PASSED] - delay: Delayed 2 second(s)

2018-12-11 12:10:33 - [MESSAGE][PASSED] - Delayed 2 second(s)

2018-12-11 12:10:33 - [TEST_STEP][PASSED] - delay: Delayed 5 second(s)

2018-12-11 12:10:38 - [MESSAGE][PASSED] - Delayed 5 second(s)

2018-12-11 12:10:38 - [TEST_STEP][PASSED] - mouseOver: Object: 'Object Repository/Final Object Repo/Landing Page/WorkFlow Menu' is hovered

2018-12-11 12:10:38 - [MESSAGE][PASSED] - Object: 'Object Repository/Final Object Repo/Landing Page/WorkFlow Menu' is hovered

2018-12-11 12:10:38 - [TEST_STEP][PASSED] - delay: Delayed 2 second(s)

2018-12-11 12:10:40 - [MESSAGE][PASSED] - Delayed 2 second(s)

2018-12-11 12:10:40 - [TEST_STEP][PASSED] - click: Object: 'Object Repository/Final Object Repo/Landing Page/Select to Workflow Listing' is clicked on

2018-12-11 12:10:41 - [MESSAGE][PASSED] - Object: 'Object Repository/Final Object Repo/Landing Page/Select to Workflow Listing' is clicked on

2018-12-11 12:10:41 - [TEST_STEP][PASSED] - delay: Delayed 2 second(s)

2018-12-11 12:10:43 - [MESSAGE][PASSED] - Delayed 2 second(s)

2018-12-11 12:10:43 - [TEST_STEP][PASSED] - click: Object: 'Object Repository/Final Object Repo/WorkFlow Listing Page/Search Information - To Put Ref No' is clicked on

2018-12-11 12:10:44 - [MESSAGE][PASSED] - Object: 'Object Repository/Final Object Repo/WorkFlow Listing Page/Search Information - To Put Ref No' is clicked on

2018-12-11 12:10:44 - [TEST_STEP][PASSED] - delay: Delayed 2 second(s)

2018-12-11 12:10:46 - [MESSAGE][PASSED] - Delayed 2 second(s)

2018-12-11 12:10:46 - [TEST_STEP][PASSED] - callTestCase: Call Test Case 'Test Cases/Final Aug 2018 - PKS Automation/Common/Reference Number Getter' successfully

2018-12-11 12:10:46 - [TEST_CASE][PASSED] - Test Cases/Final Aug 2018 - PKS Automation/Common/Reference Number Getter: Test Cases/Final Aug 2018 - PKS Automation/Common/Reference Number Getter

2018-12-11 12:10:46 - [TEST_STEP][PASSED] - Statement - Try: null

2018-12-11 12:10:46 - [TEST_STEP][PASSED] - Statement - RefNo = new java.io.File(C://Users//Admin//Desktop//PKS//Automation Reference Point//KatalonReference.txt): null

2018-12-11 12:10:46 - [TEST_STEP][PASSED] - Statement - bufferread = new java.io.BufferedReader(new java.io.FileReader(RefNo)): null

2018-12-11 12:10:46 - [TEST_STEP][PASSED] - Statement - readedVal = bufferread.readLine(): null

2018-12-11 12:10:46 - [TEST_STEP][PASSED] - Statement - out.println(CaseReferenceNo): null

2018-12-11 12:10:46 - [TEST_STEP][PASSED] - Statement - out.println(readedVal): null

2018-12-11 12:10:46 - [TEST_STEP][PASSED] - Statement - CaseReferenceNo = "": null

2018-12-11 12:10:46 - [TEST_STEP][PASSED] - Statement - CaseReferenceNo = readedVal: null

2018-12-11 12:10:46 - [MESSAGE][PASSED] - Call Test Case 'Test Cases/Final Aug 2018 - PKS Automation/Common/Reference Number Getter' successfully

2018-12-11 12:10:46 - [TEST_STEP][PASSED] - setText: Text 'CUN122018C200001720' is set on object 'Object Repository/Final Object Repo/WorkFlow Listing Page/Ref No Set Text'

2018-12-11 12:10:46 - [MESSAGE][PASSED] - Text 'CUN122018C200001720' is set on object 'Object Repository/Final Object Repo/WorkFlow Listing Page/Ref No Set Text'

2018-12-11 12:10:46 - [TEST_STEP][PASSED] - delay: Delayed 2 second(s)

2018-12-11 12:10:48 - [MESSAGE][PASSED] - Delayed 2 second(s)

2018-12-11 12:10:48 - [TEST_STEP][PASSED] - click: Object: 'Object Repository/Final Object Repo/WorkFlow Listing Page/Search Ref No Search Button' is clicked on

2018-12-11 12:10:48 - [MESSAGE][PASSED] - Object: 'Object Repository/Final Object Repo/WorkFlow Listing Page/Search Ref No Search Button' is clicked on

2018-12-11 12:10:48 - [TEST_STEP][PASSED] - delay: Delayed 6 second(s)

2018-12-11 12:10:54 - [MESSAGE][PASSED] - Delayed 6 second(s)

2018-12-11 12:10:54 - [TEST_STEP][PASSED] - click: Object: 'Object Repository/Final Object Repo/WorkFlow Listing Page/Click Continue Tooltip' is clicked on

2018-12-11 12:10:55 - [MESSAGE][PASSED] - Object: 'Object Repository/Final Object Repo/WorkFlow Listing Page/Click Continue Tooltip' is clicked on

2018-12-11 12:10:55 - [TEST_STEP][PASSED] - delay: Delayed 5 second(s)

2018-12-11 12:11:00 - [MESSAGE][PASSED] - Delayed 5 second(s)

2018-12-11 12:11:00 - [TEST_STEP][PASSED] - doubleClick: Object: 'Object Repository/Final Object Repo/WorkFlow Listing Page/Workflow Found - Listing 1' is double clicked on

2018-12-11 12:11:01 - [MESSAGE][PASSED] - Object: 'Object Repository/Final Object Repo/WorkFlow Listing Page/Workflow Found - Listing 1' is double clicked on

2018-12-11 12:11:01 - [TEST_STEP][PASSED] - Statement - println(OwnerID): null

2018-12-11 12:11:01 - [TEST_STEP][PASSED] - Statement - OwnerID = com.kms.katalon.core.webui.keyword.WebUiBuiltInKeywords.getText(com.kms.katalon.core.testobject.ObjectRepository.findTestObject(Final Object Repo/WorkFlow Listing Page/Workflow Found - Listing 1), STOP_ON_FAILURE): Text of object 'Object Repository/Final Object Repo/WorkFlow Listing Page/Workflow Found - Listing 1' is: 'JOHORuo1'

2018-12-11 12:11:01 - [MESSAGE][PASSED] - Text of object 'Object Repository/Final Object Repo/WorkFlow Listing Page/Workflow Found - Listing 1' is: 'JOHORuo1'

2018-12-11 12:11:01 - [TEST_STEP][PASSED] - Statement - OwnerID = OwnerID.toLowerCase() + "@gmail.com": null

2018-12-11 12:11:01 - [TEST_STEP][PASSED] - Statement - println(OwnerID): null

2018-12-11 12:11:01 - [TEST_STEP][PASSED] - delay: Delayed 2 second(s)

2018-12-11 12:11:03 - [MESSAGE][PASSED] - Delayed 2 second(s)

2018-12-11 12:11:03 - [MESSAGE][PASSED] - Call Test Case 'Test Cases/Final Aug 2018 - PKS Automation/Common/Workflow Owner Finder' successfully

2018-12-11 12:11:03 - [TEST_STEP][PASSED] - delay: Delayed 1 second(s)

2018-12-11 12:11:04 - [MESSAGE][PASSED] - Delayed 1 second(s)

2018-12-11 12:11:04 - [TEST_STEP][PASSED] - navigateToUrl: Navigate to 'https://assist2-uat.perkeso.gov.my/c/portal/logout' successfully

2018-12-11 12:11:04 - [MESSAGE][PASSED] - Navigate to 'https://assist2-uat.perkeso.gov.my/c/portal/logout' successfully

2018-12-11 12:11:04 - [TEST_STEP][PASSED] - delay: Delayed 1 second(s)

2018-12-11 12:11:05 - [MESSAGE][PASSED] - Delayed 1 second(s)

2018-12-11 12:11:05 - [TEST_STEP][PASSED] - callTestCase: Call Test Case 'Test Cases/Final Aug 2018 - PKS Automation/Registration Module/Workflow/Login and Search Case For Workflow' successfully

2018-12-11 12:11:05 - [TEST_CASE][PASSED] - Test Cases/Final Aug 2018 - PKS Automation/Registration Module/Workflow/Login and Search Case For Workflow: Test Cases/Final Aug 2018 - PKS Automation/Registration Module/Workflow/Login and Search Case For Workflow

2018-12-11 12:11:06 - [TEST_STEP][PASSED] - navigateToUrl: Navigate to 'https://assist2-uat.perkeso.gov.my/login' successfully

2018-12-11 12:11:06 - [MESSAGE][PASSED] - Navigate to 'https://assist2-uat.perkeso.gov.my/login' successfully

2018-12-11 12:11:06 - [TEST_STEP][PASSED] - setText: Text 'johoruo1@gmail.com' is set on object 'Object Repository/Final Object Repo/Login Page/Internal User/Email Address'

2018-12-11 12:11:06 - [MESSAGE][PASSED] - Text 'johoruo1@gmail.com' is set on object 'Object Repository/Final Object Repo/Login Page/Internal User/Email Address'

2018-12-11 12:11:06 - [TEST_STEP][PASSED] - click: Object: 'Object Repository/Final Object Repo/Login Page/Internal User/Next Button' is clicked on

2018-12-11 12:11:07 - [MESSAGE][PASSED] - Object: 'Object Repository/Final Object Repo/Login Page/Internal User/Next Button' is clicked on

2018-12-11 12:11:07 - [TEST_STEP][PASSED] - delay: Delayed 1 second(s)

2018-12-11 12:11:08 - [MESSAGE][PASSED] - Delayed 1 second(s)

2018-12-11 12:11:08 - [TEST_STEP][PASSED] - setEncryptedText: Text ****** has been set on object 'Object Repository/Final Object Repo/Login Page/Internal User/Password'

2018-12-11 12:11:08 - [MESSAGE][PASSED] - Text ****** has been set on object 'Object Repository/Final Object Repo/Login Page/Internal User/Password'

2018-12-11 12:11:08 - [TEST_STEP][PASSED] - click: Object: 'Object Repository/Final Object Repo/Login Page/Internal User/Login Button' is clicked on

2018-12-11 12:11:08 - [MESSAGE][PASSED] - Object: 'Object Repository/Final Object Repo/Login Page/Internal User/Login Button' is clicked on

2018-12-11 12:11:08 - [TEST_STEP][PASSED] - delay: Delayed 2 second(s)

2018-12-11 12:11:10 - [MESSAGE][PASSED] - Delayed 2 second(s)

2018-12-11 12:11:10 - [TEST_STEP][PASSED] - Statement - Try: Delayed 2 second(s)

2018-12-11 12:11:10 - [TEST_STEP][PASSED] - Statement - Checker = false: null

2018-12-11 12:11:10 - [TEST_STEP][PASSED] - Statement - Checker = com.kms.katalon.core.webui.keyword.WebUiBuiltInKeywords.verifyElementHasAttribute(com.kms.katalon.core.testobject.ObjectRepository.findTestObject(Final Object Repo/Landing Page/BM Detecting), "href", 20, OPTIONAL): Object 'Object Repository/Final Object Repo/Landing Page/BM Detecting' has attribute 'href'

2018-12-11 12:11:10 - [MESSAGE][PASSED] - Object 'Object Repository/Final Object Repo/Landing Page/BM Detecting' has attribute 'href'

2018-12-11 12:11:10 - [TEST_STEP][PASSED] - Statement - out.println(Checker): null

2018-12-11 12:11:10 - [TEST_STEP][PASSED] - Statement - If (Checker == false): null

2018-12-11 12:11:10 - [TEST_STEP][PASSED] - Statement - Else: null

2018-12-11 12:11:10 - [TEST_STEP][PASSED] - delay: Delayed 2 second(s)

2018-12-11 12:11:12 - [MESSAGE][PASSED] - Delayed 2 second(s)

2018-12-11 12:11:12 - [TEST_STEP][PASSED] - click: Object: 'Object Repository/Final Object Repo/Page_MyASSIST - ASSIST - Search Pending Case For Add Supporting Document/Search Information' is clicked on

2018-12-11 12:11:12 - [MESSAGE][PASSED] - Object: 'Object Repository/Final Object Repo/Page_MyASSIST - ASSIST - Search Pending Case For Add Supporting Document/Search Information' is clicked on

2018-12-11 12:11:12 - [TEST_STEP][PASSED] - delay: Delayed 3 second(s)

2018-12-11 12:11:15 - [MESSAGE][PASSED] - Delayed 3 second(s)

2018-12-11 12:11:15 - [TEST_STEP][PASSED] - sendKeys: Keys 'CUN122018C200001720' sent to object: 'Object Repository/Final Object Repo/Page_MyASSIST - ASSIST - Search Pending Case For Add Supporting Document/Reference No'

2018-12-11 12:11:16 - [MESSAGE][PASSED] - Keys 'CUN122018C200001720' sent to object: 'Object Repository/Final Object Repo/Page_MyASSIST - ASSIST - Search Pending Case For Add Supporting Document/Reference No'

2018-12-11 12:11:16 - [TEST_STEP][PASSED] - click: Object: 'Object Repository/Final Object Repo/Page_MyASSIST - ASSIST - Search Pending Case For Add Supporting Document/Search Reference No' is clicked on

2018-12-11 12:11:16 - [MESSAGE][PASSED] - Object: 'Object Repository/Final Object Repo/Page_MyASSIST - ASSIST - Search Pending Case For Add Supporting Document/Search Reference No' is clicked on

2018-12-11 12:11:16 - [TEST_STEP][PASSED] - delay: Delayed 2 second(s)

2018-12-11 12:11:18 - [MESSAGE][PASSED] - Delayed 2 second(s)

2018-12-11 12:11:18 - [TEST_STEP][PASSED] - click: Object: 'Object Repository/Final Object Repo/Page_MyASSIST - ASSIST - Search Pending Case For Add Supporting Document/Continue' is clicked on

2018-12-11 12:11:21 - [MESSAGE][PASSED] - Object: 'Object Repository/Final Object Repo/Page_MyASSIST - ASSIST - Search Pending Case For Add Supporting Document/Continue' is clicked on

2018-12-11 12:11:21 - [TEST_STEP][PASSED] - delay: Delayed 20 second(s)

2018-12-11 12:11:41 - [MESSAGE][PASSED] - Delayed 20 second(s)

2018-12-11 12:11:41 - [MESSAGE][PASSED] - Call Test Case 'Test Cases/Final Aug 2018 - PKS Automation/Registration Module/Workflow/Login and Search Case For Workflow' successfully

2018-12-11 12:11:41 - [TEST_STEP][PASSED] - click: Object: 'Object Repository/Final Object Repo/Page_Form 1A - Cessation As Employer/Page_Form 1A - Cessation As Employer (Approve)/Save  Continue in Form 1A Page' is clicked on

2018-12-11 12:11:41 - [MESSAGE][PASSED] - Object: 'Object Repository/Final Object Repo/Page_Form 1A - Cessation As Employer/Page_Form 1A - Cessation As Employer (Approve)/Save  Continue in Form 1A Page' is clicked on

2018-12-11 12:11:41 - [TEST_STEP][PASSED] - delay: Delayed 2 second(s)

2018-12-11 12:11:43 - [MESSAGE][PASSED] - Delayed 2 second(s)

2018-12-11 12:11:43 - [TEST_STEP][PASSED] - click: Object: 'Object Repository/Final Object Repo/Page_Form 1A - Cessation As Employer/Employment Resign Date' is clicked on

2018-12-11 12:11:43 - [MESSAGE][PASSED] - Object: 'Object Repository/Final Object Repo/Page_Form 1A - Cessation As Employer/Employment Resign Date' is clicked on

2018-12-11 12:11:43 - [TEST_STEP][PASSED] - delay: Delayed 1 second(s)

2018-12-11 12:11:44 - [MESSAGE][PASSED] - Delayed 1 second(s)

2018-12-11 12:11:44 - [TEST_STEP][PASSED] - selectOptionByValue: All options with value '2030' are selected in object 'Object Repository/Final Object Repo/Page_Form 1A - Cessation As Employer/Employment Resign Date - Year' 

2018-12-11 12:11:45 - [MESSAGE][PASSED] - All options with value '2030' are selected in object 'Object Repository/Final Object Repo/Page_Form 1A - Cessation As Employer/Employment Resign Date - Year' 

2018-12-11 12:11:45 - [TEST_STEP][PASSED] - delay: Delayed 1 second(s)

2018-12-11 12:11:46 - [MESSAGE][PASSED] - Delayed 1 second(s)

2018-12-11 12:11:46 - [TEST_STEP][PASSED] - click: Object: 'Object Repository/Final Object Repo/Page_Form 1A - Cessation As Employer/Employment Resign Date - Year - Date' is clicked on

2018-12-11 12:11:46 - [MESSAGE][PASSED] - Object: 'Object Repository/Final Object Repo/Page_Form 1A - Cessation As Employer/Employment Resign Date - Year - Date' is clicked on

2018-12-11 12:11:46 - [TEST_STEP][PASSED] - delay: Delayed 2 second(s)

2018-12-11 12:11:48 - [MESSAGE][PASSED] - Delayed 2 second(s)

2018-12-11 12:11:48 - [TEST_STEP][PASSED] - click: Object: 'Object Repository/Final Object Repo/Page_Form 1A - Cessation As Employer/Page_Form 1A - Cessation As Employer (Approve)/Save  Continue in Update Add Employee Resigned Date Page' is clicked on

2018-12-11 12:11:48 - [MESSAGE][PASSED] - Object: 'Object Repository/Final Object Repo/Page_Form 1A - Cessation As Employer/Page_Form 1A - Cessation As Employer (Approve)/Save  Continue in Update Add Employee Resigned Date Page' is clicked on

2018-12-11 12:11:48 - [TEST_STEP][PASSED] - delay: Delayed 2 second(s)

2018-12-11 12:11:50 - [MESSAGE][PASSED] - Delayed 2 second(s)

2018-12-11 12:11:50 - [TEST_STEP][PASSED] - click: Object: 'Object Repository/Final Object Repo/Page_Form 1A - Cessation As Employer/Set Latest - Yes' is clicked on

2018-12-11 12:11:50 - [MESSAGE][PASSED] - Object: 'Object Repository/Final Object Repo/Page_Form 1A - Cessation As Employer/Set Latest - Yes' is clicked on

2018-12-11 12:11:50 - [TEST_STEP][PASSED] - delay: Delayed 2 second(s)

2018-12-11 12:11:52 - [MESSAGE][PASSED] - Delayed 2 second(s)

2018-12-11 12:11:52 - [TEST_STEP][PASSED] - click: Object: 'Object Repository/Final Object Repo/Page_Form 1A - Cessation As Employer/Page_Form 1A - Cessation As Employer (Approve)/Save  Contine in Uploading Document Page' is clicked on

2018-12-11 12:11:54 - [MESSAGE][PASSED] - Object: 'Object Repository/Final Object Repo/Page_Form 1A - Cessation As Employer/Page_Form 1A - Cessation As Employer (Approve)/Save  Contine in Uploading Document Page' is clicked on

2018-12-11 12:11:54 - [TEST_STEP][PASSED] - delay: Delayed 2 second(s)

2018-12-11 12:11:56 - [MESSAGE][PASSED] - Delayed 2 second(s)

2018-12-11 12:11:56 - [TEST_STEP][PASSED] - click: Object: 'Object Repository/Final Object Repo/Page_Form 1A - Cessation As Employer/Page_Form 1A - Cessation As Employer (Under enforcement)/Under enforcement' is clicked on

2018-12-11 12:11:58 - [MESSAGE][PASSED] - Object: 'Object Repository/Final Object Repo/Page_Form 1A - Cessation As Employer/Page_Form 1A - Cessation As Employer (Under enforcement)/Under enforcement' is clicked on

2018-12-11 12:11:58 - [TEST_STEP][PASSED] - delay: Delayed 2 second(s)

2018-12-11 12:12:00 - [MESSAGE][PASSED] - Delayed 2 second(s)

2018-12-11 12:12:00 - [TEST_STEP][PASSED] - setText: Text 'remark' is set on object 'Object Repository/Final Object Repo/Page_Form 1A - Cessation As Employer/Page_Form 1A - Cessation As Employer (Under enforcement)/Under enforcement - remark'

2018-12-11 12:12:01 - [MESSAGE][PASSED] - Text 'remark' is set on object 'Object Repository/Final Object Repo/Page_Form 1A - Cessation As Employer/Page_Form 1A - Cessation As Employer (Under enforcement)/Under enforcement - remark'

2018-12-11 12:12:01 - [TEST_STEP][PASSED] - delay: Delayed 2 second(s)

2018-12-11 12:12:03 - [MESSAGE][PASSED] - Delayed 2 second(s)

2018-12-11 12:12:03 - [TEST_STEP][PASSED] - click: Object: 'Object Repository/Final Object Repo/Page_Form 1A - Cessation As Employer/Page_Form 1A - Cessation As Employer (Under enforcement)/Save  Continue in Under enforcement Page' is clicked on

2018-12-11 12:12:03 - [MESSAGE][PASSED] - Object: 'Object Repository/Final Object Repo/Page_Form 1A - Cessation As Employer/Page_Form 1A - Cessation As Employer (Under enforcement)/Save  Continue in Under enforcement Page' is clicked on

2018-12-11 12:12:03 - [TEST_STEP][PASSED] - delay: Delayed 2 second(s)

2018-12-11 12:12:05 - [MESSAGE][PASSED] - Delayed 2 second(s)

2018-12-11 12:12:05 - [TEST_STEP][PASSED] - click: Object: 'Object Repository/Final Object Repo/Page_Form 1A - Cessation As Employer/Page_Form 1A - Cessation As Employer (Under enforcement)/Message The case is under enforcement' is clicked on

2018-12-11 12:12:07 - [MESSAGE][PASSED] - Object: 'Object Repository/Final Object Repo/Page_Form 1A - Cessation As Employer/Page_Form 1A - Cessation As Employer (Under enforcement)/Message The case is under enforcement' is clicked on

2018-12-11 12:12:07 - [MESSAGE][PASSED] - Call Test Case 'Test Cases/Final Aug 2018 - PKS Automation/Registration Module/Workflow/Form 1A - Cessation As Employer/Template/Form 1 A - Cessation As Employer (Under enforcement)' successfully]]></system-out>
         <system-err><![CDATA[]]></system-err>
      </testcase>
      <system-out><![CDATA[2018-12-11 11:01:52 - [TEST_SUITE][PASSED] - Form 1A - Cessation as Employer: Test Cases/Final Aug 2018 - PKS Automation/Registration Module/Workflow/Form 1A - Cessation As Employer/PKRBO to UO (Under enforcement)]]></system-out>
      <system-err><![CDATA[]]></system-err>
   </testsuite>
</testsuites>
