<?xml version="1.0" encoding="UTF-8"?>
<testsuites name="Update Employee Information (Employee)" time="2427" tests="12" failures="0" errors="0">
   <testsuite name="Update Employee Information (Employee)" tests="12" failures="0" errors="0" time="2427" timestamp="2019-01-03 21:46:32" hostname="Admin - Win7Test02" id="Test Suites/Workflow/Update Employee Information (Employee)">
      <properties>
         <property name="deviceName" value=""/>
         <property name="devicePlatform" value=""/>
         <property name="logFolder" value="C:\\Users\\Admin\\Desktop\\PKS\\Perkeso Phase A\\Reports\\Workflow\\Update Employee Information (Employee)\\20190103_102114"/>
         <property name="logFiles" value="C:\\Users\\Admin\\Desktop\\PKS\\Perkeso Phase A\\Reports\\Workflow\\Update Employee Information (Employee)\\20190103_102114\\execution0.log"/>
         <property name="attachments" value=""/>
         <property name="hostName" value="Admin - Win7Test02"/>
         <property name="os" value="Windows 7 64bit"/>
         <property name="katalonVersion" value="5.8.6.1"/>
         <property name="browser" value="Chrome 71.0.3578.98"/>
         <property name="hostAddress" value="10.20.3.72"/>
         <property name="sessionId" value="fe4a33dbeeda5b2407f796498d73afdc"/>
         <property name="seleniumVersion" value="3.7.1"/>
         <property name="proxyInformation" value="ProxyInformation{proxyOption=NO_PROXY, proxyServerType=HTTP, password=, proxyServerAddress=, proxyServerPort=0}"/>
         <property name="platform" value="Windows 7"/>
      </properties>
      <testcase name="Test Cases/Final Aug 2018 - PKS Automation/Registration Module/Workflow/Update Employee Information (Employee)/OTC to UO (Approve)" classname="Test Cases/Final Aug 2018 - PKS Automation/Registration Module/Workflow/Update Employee Information (Employee)/OTC to UO (Approve)" status="PASSED">
         <system-out><![CDATA[2019-01-03 21:46:32 - [TEST_CASE][PASSED] - Test Cases/Final Aug 2018 - PKS Automation/Registration Module/Workflow/Update Employee Information (Employee)/OTC to UO (Approve): Test Cases/Final Aug 2018 - PKS Automation/Registration Module/Workflow/Update Employee Information (Employee)/OTC to UO (Approve)

2019-01-03 21:46:33 - [TEST_STEP][PASSED] - callTestCase: Call Test Case 'Test Cases/Final Aug 2018 - PKS Automation/Registration Module/Workflow/Update Employee Information (Employee)/Template/Update Employee Information - Special Case (OTC)' successfully

2019-01-03 21:46:33 - [TEST_CASE][PASSED] - Test Cases/Final Aug 2018 - PKS Automation/Registration Module/Workflow/Update Employee Information (Employee)/Template/Update Employee Information - Special Case (OTC): Test Cases/Final Aug 2018 - PKS Automation/Registration Module/Workflow/Update Employee Information (Employee)/Template/Update Employee Information - Special Case (OTC)

2019-01-03 21:46:33 - [TEST_STEP][PASSED] - openBrowser: Browser is opened with url: ''

2019-01-03 21:46:38 - [MESSAGE][PASSED] - Browser is opened with url: ''

2019-01-03 21:46:38 - [TEST_STEP][PASSED] - navigateToUrl: Navigate to 'https://assist2-uat.perkeso.gov.my/login' successfully

2019-01-03 21:46:39 - [MESSAGE][PASSED] - Navigate to 'https://assist2-uat.perkeso.gov.my/login' successfully

2019-01-03 21:46:39 - [TEST_STEP][PASSED] - setText: Text 'johorotc1@gmail.com' is set on object 'Object Repository/Final Object Repo/Login Page/Internal User/Email Address'

2019-01-03 21:46:39 - [MESSAGE][PASSED] - Text 'johorotc1@gmail.com' is set on object 'Object Repository/Final Object Repo/Login Page/Internal User/Email Address'

2019-01-03 21:46:39 - [TEST_STEP][PASSED] - click: Object: 'Object Repository/Final Object Repo/Login Page/Internal User/Next Button' is clicked on

2019-01-03 21:46:39 - [MESSAGE][PASSED] - Object: 'Object Repository/Final Object Repo/Login Page/Internal User/Next Button' is clicked on

2019-01-03 21:46:39 - [TEST_STEP][PASSED] - delay: Delayed 1 second(s)

2019-01-03 21:46:40 - [MESSAGE][PASSED] - Delayed 1 second(s)

2019-01-03 21:46:40 - [TEST_STEP][PASSED] - setEncryptedText: Text ****** has been set on object 'Object Repository/Final Object Repo/Login Page/Internal User/Password'

2019-01-03 21:46:41 - [MESSAGE][PASSED] - Text ****** has been set on object 'Object Repository/Final Object Repo/Login Page/Internal User/Password'

2019-01-03 21:46:41 - [TEST_STEP][PASSED] - click: Object: 'Object Repository/Final Object Repo/Login Page/Internal User/Login Button' is clicked on

2019-01-03 21:46:41 - [MESSAGE][PASSED] - Object: 'Object Repository/Final Object Repo/Login Page/Internal User/Login Button' is clicked on

2019-01-03 21:46:41 - [TEST_STEP][PASSED] - Statement - tester = com.kms.katalon.core.testobject.ObjectRepository.findTestObject(Final Object Repo/Landing Page/Select to English): Finding Test Object with id 'Object Repository/Final Object Repo/Landing Page/Select to English'

2019-01-03 21:46:41 - [TEST_STEP][PASSED] - Statement - Try: Delayed 2 second(s)

2019-01-03 21:46:41 - [TEST_STEP][PASSED] - Statement - Checker = com.kms.katalon.core.webui.keyword.WebUiBuiltInKeywords.verifyElementNotPresent(tester, 3): Web element with id: 'Object Repository/Final Object Repo/Landing Page/Select to English' located by 'By.xpath: //a[@class = 'taglib-language-list-text' and @lang = 'en-US' and (contains(text(), 'EN') or contains(., 'EN'))]' is not present after '3' second(s)

2019-01-03 21:46:43 - [MESSAGE][PASSED] - Web element with id: 'Object Repository/Final Object Repo/Landing Page/Select to English' located by 'By.xpath: //a[@class = 'taglib-language-list-text' and @lang = 'en-US' and (contains(text(), 'EN') or contains(., 'EN'))]' is not present after '3' second(s)

2019-01-03 21:46:43 - [TEST_STEP][PASSED] - Statement - If (Checker == false): null

2019-01-03 21:46:43 - [TEST_STEP][PASSED] - delay: Delayed 2 second(s)

2019-01-03 21:46:45 - [MESSAGE][PASSED] - Delayed 2 second(s)

2019-01-03 21:46:45 - [TEST_STEP][PASSED] - delay: Delayed 5 second(s)

2019-01-03 21:46:50 - [MESSAGE][PASSED] - Delayed 5 second(s)

2019-01-03 21:46:50 - [TEST_STEP][PASSED] - navigateToUrl: Navigate to 'https://assist2-uat.perkeso.gov.my/web/registration/update/update-employee-information-employee-' successfully

2019-01-03 21:46:51 - [MESSAGE][PASSED] - Navigate to 'https://assist2-uat.perkeso.gov.my/web/registration/update/update-employee-information-employee-' successfully

2019-01-03 21:46:51 - [TEST_STEP][PASSED] - click: Object: 'Object Repository/Final Object Repo/Page_Update Employee Information By Employee/Type of Identification' is clicked on

2019-01-03 21:46:51 - [MESSAGE][PASSED] - Object: 'Object Repository/Final Object Repo/Page_Update Employee Information By Employee/Type of Identification' is clicked on

2019-01-03 21:46:51 - [TEST_STEP][PASSED] - click: Object: 'Object Repository/Final Object Repo/Page Update Employee Information By Employee/Type of Identification - Name' is clicked on

2019-01-03 21:46:51 - [MESSAGE][PASSED] - Object: 'Object Repository/Final Object Repo/Page Update Employee Information By Employee/Type of Identification - Name' is clicked on

2019-01-03 21:46:51 - [TEST_STEP][PASSED] - setText: Text 'YUKI JR B' is set on object 'Object Repository/Final Object Repo/Page_Update Employee Information By Employee/New Identification'

2019-01-03 21:46:52 - [MESSAGE][PASSED] - Text 'YUKI JR B' is set on object 'Object Repository/Final Object Repo/Page_Update Employee Information By Employee/New Identification'

2019-01-03 21:46:52 - [TEST_STEP][PASSED] - click: Object: 'Object Repository/Final Object Repo/Page_Update Employee Information By Employee/Search Button' is clicked on

2019-01-03 21:46:52 - [MESSAGE][PASSED] - Object: 'Object Repository/Final Object Repo/Page_Update Employee Information By Employee/Search Button' is clicked on

2019-01-03 21:46:52 - [TEST_STEP][PASSED] - click: Object: 'Object Repository/Final Object Repo/Page_Update Employee Information By Employee/Edit Button' is clicked on

2019-01-03 21:46:57 - [MESSAGE][PASSED] - Object: 'Object Repository/Final Object Repo/Page_Update Employee Information By Employee/Edit Button' is clicked on

2019-01-03 21:46:57 - [TEST_STEP][PASSED] - delay: Delayed 2 second(s)

2019-01-03 21:46:59 - [MESSAGE][PASSED] - Delayed 2 second(s)

2019-01-03 21:46:59 - [TEST_STEP][PASSED] - click: Object: 'Object Repository/Final Object Repo/Page_Update Employee Information By Employee/Employee Information Edit Button' is clicked on

2019-01-03 21:46:59 - [MESSAGE][PASSED] - Object: 'Object Repository/Final Object Repo/Page_Update Employee Information By Employee/Employee Information Edit Button' is clicked on

2019-01-03 21:46:59 - [TEST_STEP][PASSED] - delay: Delayed 2 second(s)

2019-01-03 21:47:01 - [MESSAGE][PASSED] - Delayed 2 second(s)

2019-01-03 21:47:01 - [TEST_STEP][PASSED] - click: Object: 'Object Repository/Final Object Repo/Page_Update Employee Information By Employee/New Identification Number' is clicked on

2019-01-03 21:47:01 - [MESSAGE][PASSED] - Object: 'Object Repository/Final Object Repo/Page_Update Employee Information By Employee/New Identification Number' is clicked on

2019-01-03 21:47:01 - [TEST_STEP][PASSED] - setText: Text '' is set on object 'Object Repository/Final Object Repo/Page_Update Employee Information By Employee/New Identification Number'

2019-01-03 21:47:01 - [MESSAGE][PASSED] - Text '' is set on object 'Object Repository/Final Object Repo/Page_Update Employee Information By Employee/New Identification Number'

2019-01-03 21:47:01 - [TEST_STEP][PASSED] - Statement - rnd = new java.util.Random(): null

2019-01-03 21:47:01 - [TEST_STEP][PASSED] - Statement - snum = rnd.nextInt(899999 + 1) + 100000: null

2019-01-03 21:47:01 - [TEST_STEP][PASSED] - Statement - tnum = rnd.nextInt(899999 + 1) + 100000: null

2019-01-03 21:47:01 - [TEST_STEP][PASSED] - Statement - IC = java.lang.Integer.toString(snum) + java.lang.Integer.toString(tnum): null

2019-01-03 21:47:01 - [TEST_STEP][PASSED] - Statement - out.println(IC): null

2019-01-03 21:47:01 - [TEST_STEP][PASSED] - setText: Text '449228792753' is set on object 'Object Repository/Final Object Repo/Page_Update Employee Information By Employee/New Identification Number'

2019-01-03 21:47:02 - [MESSAGE][PASSED] - Text '449228792753' is set on object 'Object Repository/Final Object Repo/Page_Update Employee Information By Employee/New Identification Number'

2019-01-03 21:47:02 - [TEST_STEP][PASSED] - delay: Delayed 2 second(s)

2019-01-03 21:47:04 - [MESSAGE][PASSED] - Delayed 2 second(s)

2019-01-03 21:47:04 - [TEST_STEP][PASSED] - click: Object: 'Object Repository/Final Object Repo/Page_Update Employee Information By Employee/Save' is clicked on

2019-01-03 21:47:04 - [MESSAGE][PASSED] - Object: 'Object Repository/Final Object Repo/Page_Update Employee Information By Employee/Save' is clicked on

2019-01-03 21:47:04 - [TEST_STEP][PASSED] - delay: Delayed 10 second(s)

2019-01-03 21:47:14 - [MESSAGE][PASSED] - Delayed 10 second(s)

2019-01-03 21:47:14 - [TEST_STEP][PASSED] - click: Object: 'Object Repository/Final Object Repo/Page_Update Employee Information By Employee/Save  Continue in Update Employee Information' is clicked on

2019-01-03 21:47:14 - [MESSAGE][PASSED] - Object: 'Object Repository/Final Object Repo/Page_Update Employee Information By Employee/Save  Continue in Update Employee Information' is clicked on

2019-01-03 21:47:14 - [TEST_STEP][PASSED] - delay: Delayed 2 second(s)

2019-01-03 21:47:16 - [MESSAGE][PASSED] - Delayed 2 second(s)

2019-01-03 21:47:16 - [TEST_STEP][PASSED] - click: Object: 'Object Repository/Final Object Repo/Page_Update Employee Information By Employee/Save  Continue in Uploading Page' is clicked on

2019-01-03 21:47:17 - [MESSAGE][PASSED] - Object: 'Object Repository/Final Object Repo/Page_Update Employee Information By Employee/Save  Continue in Uploading Page' is clicked on

2019-01-03 21:47:17 - [TEST_STEP][PASSED] - delay: Delayed 2 second(s)

2019-01-03 21:47:19 - [MESSAGE][PASSED] - Delayed 2 second(s)

2019-01-03 21:47:19 - [TEST_STEP][PASSED] - Statement - CaseReferenceNo = com.kms.katalon.core.webui.keyword.WebUiBuiltInKeywords.getText(com.kms.katalon.core.testobject.ObjectRepository.findTestObject(Final Object Repo/Page_Update Employer Information/Reference Number in Update Employee Information Page)): Text of object 'Object Repository/Final Object Repo/Page_Update Employer Information/Reference Number in Update Employee Information Page' is: 'CUN012019C100006166'

2019-01-03 21:47:21 - [MESSAGE][PASSED] - Text of object 'Object Repository/Final Object Repo/Page_Update Employer Information/Reference Number in Update Employee Information Page' is: 'CUN012019C100006166'

2019-01-03 21:47:21 - [TEST_STEP][PASSED] - callTestCase: Call Test Case 'Test Cases/Final Aug 2018 - PKS Automation/Common/Reference Number Setter' successfully

2019-01-03 21:47:21 - [TEST_CASE][PASSED] - Test Cases/Final Aug 2018 - PKS Automation/Common/Reference Number Setter: Test Cases/Final Aug 2018 - PKS Automation/Common/Reference Number Setter

2019-01-03 21:47:22 - [TEST_STEP][PASSED] - Statement - RefNoOldFile = new java.io.File(C://Users//Admin//Desktop//PKS//Automation Reference Point//KatalonReference.txt): null

2019-01-03 21:47:22 - [TEST_STEP][PASSED] - Statement - RefNoOldFile.delete(): null

2019-01-03 21:47:22 - [TEST_STEP][PASSED] - delay: Delayed 5 second(s)

2019-01-03 21:47:27 - [MESSAGE][PASSED] - Delayed 5 second(s)

2019-01-03 21:47:27 - [TEST_STEP][PASSED] - Statement - RefNo = new java.io.File(C://Users//Admin//Desktop//PKS//Automation Reference Point//KatalonReference.txt): null

2019-01-03 21:47:27 - [TEST_STEP][PASSED] - Statement - f2 = new java.io.FileWriter(RefNo, false): null

2019-01-03 21:47:27 - [TEST_STEP][PASSED] - Statement - f2.write(CaseReferenceNo): null

2019-01-03 21:47:27 - [TEST_STEP][PASSED] - Statement - f2.close(): null

2019-01-03 21:47:27 - [TEST_STEP][PASSED] - Statement - out.println("


" + CaseReferenceNo + "


"): null

2019-01-03 21:47:27 - [MESSAGE][PASSED] - Call Test Case 'Test Cases/Final Aug 2018 - PKS Automation/Common/Reference Number Setter' successfully

2019-01-03 21:47:27 - [TEST_STEP][PASSED] - delay: Delayed 2 second(s)

2019-01-03 21:47:29 - [MESSAGE][PASSED] - Delayed 2 second(s)

2019-01-03 21:47:29 - [TEST_STEP][PASSED] - click: Object: 'Object Repository/Final Object Repo/Page_Update Employee Information By Employee/Submit' is clicked on

2019-01-03 21:47:29 - [MESSAGE][PASSED] - Object: 'Object Repository/Final Object Repo/Page_Update Employee Information By Employee/Submit' is clicked on

2019-01-03 21:47:29 - [TEST_STEP][PASSED] - delay: Delayed 2 second(s)

2019-01-03 21:47:31 - [MESSAGE][PASSED] - Delayed 2 second(s)

2019-01-03 21:47:31 - [TEST_STEP][PASSED] - click: Object: 'Object Repository/Final Object Repo/Page_Update Employee Information By Employee/Confirm Button' is clicked on

2019-01-03 21:47:31 - [MESSAGE][PASSED] - Object: 'Object Repository/Final Object Repo/Page_Update Employee Information By Employee/Confirm Button' is clicked on

2019-01-03 21:47:31 - [TEST_STEP][PASSED] - delay: Delayed 2 second(s)

2019-01-03 21:47:33 - [MESSAGE][PASSED] - Delayed 2 second(s)

2019-01-03 21:47:33 - [TEST_STEP][PASSED] - click: Object: 'Object Repository/Final Object Repo/Page_Update Employee Information By Employee/Successful Message Routed to UO' is clicked on

2019-01-03 21:47:34 - [MESSAGE][PASSED] - Object: 'Object Repository/Final Object Repo/Page_Update Employee Information By Employee/Successful Message Routed to UO' is clicked on

2019-01-03 21:47:34 - [MESSAGE][PASSED] - Call Test Case 'Test Cases/Final Aug 2018 - PKS Automation/Registration Module/Workflow/Update Employee Information (Employee)/Template/Update Employee Information - Special Case (OTC)' successfully

2019-01-03 21:47:34 - [TEST_STEP][PASSED] - callTestCase: Call Test Case 'Test Cases/Final Aug 2018 - PKS Automation/Registration Module/Workflow/Update Employee Information (Employee)/Template/Update Employee Information - Special Case - UO (Approve)' successfully

2019-01-03 21:47:35 - [TEST_CASE][PASSED] - Test Cases/Final Aug 2018 - PKS Automation/Registration Module/Workflow/Update Employee Information (Employee)/Template/Update Employee Information - Special Case - UO (Approve): Test Cases/Final Aug 2018 - PKS Automation/Registration Module/Workflow/Update Employee Information (Employee)/Template/Update Employee Information - Special Case - UO (Approve)

2019-01-03 21:47:35 - [TEST_STEP][NOT_RUN] - callTestCase: NOT_RUN: callTestCase

2019-01-03 21:47:35 - [MESSAGE][NOT_RUN] - NOT_RUN: callTestCase

2019-01-03 21:47:35 - [TEST_STEP][PASSED] - delay: Delayed 2 second(s)

2019-01-03 21:47:37 - [MESSAGE][PASSED] - Delayed 2 second(s)

2019-01-03 21:47:37 - [TEST_STEP][PASSED] - navigateToUrl: Navigate to 'https://assist2-uat.perkeso.gov.my/c/portal/logout' successfully

2019-01-03 21:47:38 - [MESSAGE][PASSED] - Navigate to 'https://assist2-uat.perkeso.gov.my/c/portal/logout' successfully

2019-01-03 21:47:38 - [TEST_STEP][PASSED] - delay: Delayed 2 second(s)

2019-01-03 21:47:40 - [MESSAGE][PASSED] - Delayed 2 second(s)

2019-01-03 21:47:40 - [TEST_STEP][PASSED] - callTestCase: Call Test Case 'Test Cases/Final Aug 2018 - PKS Automation/Common/Reference Number Getter' successfully

2019-01-03 21:47:40 - [TEST_CASE][PASSED] - Test Cases/Final Aug 2018 - PKS Automation/Common/Reference Number Getter: Test Cases/Final Aug 2018 - PKS Automation/Common/Reference Number Getter

2019-01-03 21:47:40 - [TEST_STEP][PASSED] - Statement - Try: null

2019-01-03 21:47:40 - [TEST_STEP][PASSED] - Statement - RefNo = new java.io.File(C://Users//Admin//Desktop//PKS//Automation Reference Point//KatalonReference.txt): null

2019-01-03 21:47:40 - [TEST_STEP][PASSED] - Statement - bufferread = new java.io.BufferedReader(new java.io.FileReader(RefNo)): null

2019-01-03 21:47:40 - [TEST_STEP][PASSED] - Statement - readedVal = bufferread.readLine(): null

2019-01-03 21:47:40 - [TEST_STEP][PASSED] - Statement - out.println(CaseReferenceNo): null

2019-01-03 21:47:40 - [TEST_STEP][PASSED] - Statement - out.println(readedVal): null

2019-01-03 21:47:40 - [TEST_STEP][PASSED] - Statement - CaseReferenceNo = "": null

2019-01-03 21:47:40 - [TEST_STEP][PASSED] - Statement - CaseReferenceNo = readedVal: null

2019-01-03 21:47:40 - [MESSAGE][PASSED] - Call Test Case 'Test Cases/Final Aug 2018 - PKS Automation/Common/Reference Number Getter' successfully

2019-01-03 21:47:40 - [TEST_STEP][PASSED] - callTestCase: Call Test Case 'Test Cases/Final Aug 2018 - PKS Automation/Common/Workflow Owner Finder' successfully

2019-01-03 21:47:40 - [TEST_CASE][PASSED] - Test Cases/Final Aug 2018 - PKS Automation/Common/Workflow Owner Finder: Test Cases/Final Aug 2018 - PKS Automation/Common/Workflow Owner Finder

2019-01-03 21:47:40 - [TEST_STEP][PASSED] - openBrowser: Browser is opened with url: ''

2019-01-03 21:47:40 - [MESSAGE][WARNING] - A browser is already opened. Closing browser and opening a new one

2019-01-03 21:47:45 - [MESSAGE][PASSED] - Browser is opened with url: ''

2019-01-03 21:47:45 - [TEST_STEP][PASSED] - navigateToUrl: Navigate to 'https://assist2-uat.perkeso.gov.my/login' successfully

2019-01-03 21:47:46 - [MESSAGE][PASSED] - Navigate to 'https://assist2-uat.perkeso.gov.my/login' successfully

2019-01-03 21:47:46 - [TEST_STEP][PASSED] - delay: Delayed 5 second(s)

2019-01-03 21:47:51 - [MESSAGE][PASSED] - Delayed 5 second(s)

2019-01-03 21:47:51 - [TEST_STEP][PASSED] - setText: Text 'test@liferay.com' is set on object 'Object Repository/Final Object Repo/Login Page/Internal User/Email Address'

2019-01-03 21:47:51 - [MESSAGE][PASSED] - Text 'test@liferay.com' is set on object 'Object Repository/Final Object Repo/Login Page/Internal User/Email Address'

2019-01-03 21:47:51 - [TEST_STEP][PASSED] - click: Object: 'Object Repository/Final Object Repo/Login Page/Internal User/Next Button' is clicked on

2019-01-03 21:47:51 - [MESSAGE][PASSED] - Object: 'Object Repository/Final Object Repo/Login Page/Internal User/Next Button' is clicked on

2019-01-03 21:47:51 - [TEST_STEP][PASSED] - delay: Delayed 2 second(s)

2019-01-03 21:47:53 - [MESSAGE][PASSED] - Delayed 2 second(s)

2019-01-03 21:47:53 - [TEST_STEP][PASSED] - setText: Text 'test' is set on object 'Object Repository/Final Object Repo/Login Page/Internal User/Password'

2019-01-03 21:47:53 - [MESSAGE][PASSED] - Text 'test' is set on object 'Object Repository/Final Object Repo/Login Page/Internal User/Password'

2019-01-03 21:47:53 - [TEST_STEP][PASSED] - delay: Delayed 2 second(s)

2019-01-03 21:47:55 - [MESSAGE][PASSED] - Delayed 2 second(s)

2019-01-03 21:47:55 - [TEST_STEP][PASSED] - click: Object: 'Object Repository/Final Object Repo/Login Page/Internal User/Login Button' is clicked on

2019-01-03 21:47:56 - [MESSAGE][PASSED] - Object: 'Object Repository/Final Object Repo/Login Page/Internal User/Login Button' is clicked on

2019-01-03 21:47:56 - [TEST_STEP][PASSED] - Statement - tester = com.kms.katalon.core.testobject.ObjectRepository.findTestObject(Final Object Repo/Landing Page/Select to English): Finding Test Object with id 'Object Repository/Final Object Repo/Landing Page/Select to English'

2019-01-03 21:47:56 - [TEST_STEP][PASSED] - Statement - Try: Delayed 2 second(s)

2019-01-03 21:47:56 - [TEST_STEP][PASSED] - Statement - Checker = com.kms.katalon.core.webui.keyword.WebUiBuiltInKeywords.verifyElementNotPresent(tester, 3): Web element with id: 'Object Repository/Final Object Repo/Landing Page/Select to English' located by 'By.xpath: //a[@class = 'taglib-language-list-text' and @lang = 'en-US' and (contains(text(), 'EN') or contains(., 'EN'))]' is not present after '3' second(s)

2019-01-03 21:47:57 - [MESSAGE][PASSED] - Web element with id: 'Object Repository/Final Object Repo/Landing Page/Select to English' located by 'By.xpath: //a[@class = 'taglib-language-list-text' and @lang = 'en-US' and (contains(text(), 'EN') or contains(., 'EN'))]' is not present after '3' second(s)

2019-01-03 21:47:57 - [TEST_STEP][PASSED] - Statement - If (Checker == false): null

2019-01-03 21:47:57 - [TEST_STEP][PASSED] - delay: Delayed 2 second(s)

2019-01-03 21:47:59 - [MESSAGE][PASSED] - Delayed 2 second(s)

2019-01-03 21:47:59 - [TEST_STEP][PASSED] - delay: Delayed 5 second(s)

2019-01-03 21:48:04 - [MESSAGE][PASSED] - Delayed 5 second(s)

2019-01-03 21:48:04 - [TEST_STEP][PASSED] - mouseOver: Object: 'Object Repository/Final Object Repo/Landing Page/WorkFlow Menu' is hovered

2019-01-03 21:48:05 - [MESSAGE][PASSED] - Object: 'Object Repository/Final Object Repo/Landing Page/WorkFlow Menu' is hovered

2019-01-03 21:48:05 - [TEST_STEP][PASSED] - delay: Delayed 2 second(s)

2019-01-03 21:48:07 - [MESSAGE][PASSED] - Delayed 2 second(s)

2019-01-03 21:48:07 - [TEST_STEP][PASSED] - click: Object: 'Object Repository/Final Object Repo/Landing Page/Select to Workflow Listing' is clicked on

2019-01-03 21:48:08 - [MESSAGE][PASSED] - Object: 'Object Repository/Final Object Repo/Landing Page/Select to Workflow Listing' is clicked on

2019-01-03 21:48:08 - [TEST_STEP][PASSED] - delay: Delayed 2 second(s)

2019-01-03 21:48:10 - [MESSAGE][PASSED] - Delayed 2 second(s)

2019-01-03 21:48:10 - [TEST_STEP][PASSED] - click: Object: 'Object Repository/Final Object Repo/WorkFlow Listing Page/Search Information - To Put Ref No' is clicked on

2019-01-03 21:48:10 - [MESSAGE][PASSED] - Object: 'Object Repository/Final Object Repo/WorkFlow Listing Page/Search Information - To Put Ref No' is clicked on

2019-01-03 21:48:10 - [TEST_STEP][PASSED] - delay: Delayed 2 second(s)

2019-01-03 21:48:12 - [MESSAGE][PASSED] - Delayed 2 second(s)

2019-01-03 21:48:12 - [TEST_STEP][PASSED] - callTestCase: Call Test Case 'Test Cases/Final Aug 2018 - PKS Automation/Common/Reference Number Getter' successfully

2019-01-03 21:48:12 - [TEST_CASE][PASSED] - Test Cases/Final Aug 2018 - PKS Automation/Common/Reference Number Getter: Test Cases/Final Aug 2018 - PKS Automation/Common/Reference Number Getter

2019-01-03 21:48:12 - [TEST_STEP][PASSED] - Statement - Try: null

2019-01-03 21:48:12 - [TEST_STEP][PASSED] - Statement - RefNo = new java.io.File(C://Users//Admin//Desktop//PKS//Automation Reference Point//KatalonReference.txt): null

2019-01-03 21:48:12 - [TEST_STEP][PASSED] - Statement - bufferread = new java.io.BufferedReader(new java.io.FileReader(RefNo)): null

2019-01-03 21:48:12 - [TEST_STEP][PASSED] - Statement - readedVal = bufferread.readLine(): null

2019-01-03 21:48:12 - [TEST_STEP][PASSED] - Statement - out.println(CaseReferenceNo): null

2019-01-03 21:48:12 - [TEST_STEP][PASSED] - Statement - out.println(readedVal): null

2019-01-03 21:48:12 - [TEST_STEP][PASSED] - Statement - CaseReferenceNo = "": null

2019-01-03 21:48:12 - [TEST_STEP][PASSED] - Statement - CaseReferenceNo = readedVal: null

2019-01-03 21:48:12 - [MESSAGE][PASSED] - Call Test Case 'Test Cases/Final Aug 2018 - PKS Automation/Common/Reference Number Getter' successfully

2019-01-03 21:48:12 - [TEST_STEP][PASSED] - setText: Text 'CUN012019C100006166' is set on object 'Object Repository/Final Object Repo/WorkFlow Listing Page/Ref No Set Text'

2019-01-03 21:48:12 - [MESSAGE][PASSED] - Text 'CUN012019C100006166' is set on object 'Object Repository/Final Object Repo/WorkFlow Listing Page/Ref No Set Text'

2019-01-03 21:48:12 - [TEST_STEP][PASSED] - delay: Delayed 2 second(s)

2019-01-03 21:48:14 - [MESSAGE][PASSED] - Delayed 2 second(s)

2019-01-03 21:48:14 - [TEST_STEP][PASSED] - click: Object: 'Object Repository/Final Object Repo/WorkFlow Listing Page/Search Ref No Search Button' is clicked on

2019-01-03 21:48:15 - [MESSAGE][PASSED] - Object: 'Object Repository/Final Object Repo/WorkFlow Listing Page/Search Ref No Search Button' is clicked on

2019-01-03 21:48:15 - [TEST_STEP][PASSED] - delay: Delayed 6 second(s)

2019-01-03 21:48:21 - [MESSAGE][PASSED] - Delayed 6 second(s)

2019-01-03 21:48:21 - [TEST_STEP][PASSED] - click: Object: 'Object Repository/Final Object Repo/WorkFlow Listing Page/Click Continue Tooltip' is clicked on

2019-01-03 21:48:21 - [MESSAGE][PASSED] - Object: 'Object Repository/Final Object Repo/WorkFlow Listing Page/Click Continue Tooltip' is clicked on

2019-01-03 21:48:21 - [TEST_STEP][PASSED] - delay: Delayed 5 second(s)

2019-01-03 21:48:26 - [MESSAGE][PASSED] - Delayed 5 second(s)

2019-01-03 21:48:26 - [TEST_STEP][PASSED] - doubleClick: Object: 'Object Repository/Final Object Repo/WorkFlow Listing Page/Workflow Found - Listing 1' is double clicked on

2019-01-03 21:48:27 - [MESSAGE][PASSED] - Object: 'Object Repository/Final Object Repo/WorkFlow Listing Page/Workflow Found - Listing 1' is double clicked on

2019-01-03 21:48:27 - [TEST_STEP][PASSED] - Statement - println(OwnerID): null

2019-01-03 21:48:27 - [TEST_STEP][PASSED] - Statement - OwnerID = com.kms.katalon.core.webui.keyword.WebUiBuiltInKeywords.getText(com.kms.katalon.core.testobject.ObjectRepository.findTestObject(Final Object Repo/WorkFlow Listing Page/Workflow Found - Listing 1), STOP_ON_FAILURE): Text of object 'Object Repository/Final Object Repo/WorkFlow Listing Page/Workflow Found - Listing 1' is: 'JOHORuo1'

2019-01-03 21:48:27 - [MESSAGE][PASSED] - Text of object 'Object Repository/Final Object Repo/WorkFlow Listing Page/Workflow Found - Listing 1' is: 'JOHORuo1'

2019-01-03 21:48:27 - [TEST_STEP][PASSED] - Statement - OwnerID = OwnerID.toLowerCase() + "@gmail.com": null

2019-01-03 21:48:27 - [TEST_STEP][PASSED] - Statement - println(OwnerID): null

2019-01-03 21:48:27 - [TEST_STEP][PASSED] - delay: Delayed 2 second(s)

2019-01-03 21:48:29 - [MESSAGE][PASSED] - Delayed 2 second(s)

2019-01-03 21:48:29 - [MESSAGE][PASSED] - Call Test Case 'Test Cases/Final Aug 2018 - PKS Automation/Common/Workflow Owner Finder' successfully

2019-01-03 21:48:29 - [TEST_STEP][PASSED] - delay: Delayed 2 second(s)

2019-01-03 21:48:31 - [MESSAGE][PASSED] - Delayed 2 second(s)

2019-01-03 21:48:31 - [TEST_STEP][PASSED] - navigateToUrl: Navigate to 'https://assist2-uat.perkeso.gov.my/c/portal/logout' successfully

2019-01-03 21:48:32 - [MESSAGE][PASSED] - Navigate to 'https://assist2-uat.perkeso.gov.my/c/portal/logout' successfully

2019-01-03 21:48:32 - [TEST_STEP][PASSED] - delay: Delayed 2 second(s)

2019-01-03 21:48:34 - [MESSAGE][PASSED] - Delayed 2 second(s)

2019-01-03 21:48:34 - [TEST_STEP][PASSED] - callTestCase: Call Test Case 'Test Cases/Final Aug 2018 - PKS Automation/Registration Module/Workflow/Login and Search Case For Workflow' successfully

2019-01-03 21:48:34 - [TEST_CASE][PASSED] - Test Cases/Final Aug 2018 - PKS Automation/Registration Module/Workflow/Login and Search Case For Workflow: Test Cases/Final Aug 2018 - PKS Automation/Registration Module/Workflow/Login and Search Case For Workflow

2019-01-03 21:48:34 - [TEST_STEP][PASSED] - navigateToUrl: Navigate to 'https://assist2-uat.perkeso.gov.my/login' successfully

2019-01-03 21:48:34 - [MESSAGE][PASSED] - Navigate to 'https://assist2-uat.perkeso.gov.my/login' successfully

2019-01-03 21:48:34 - [TEST_STEP][PASSED] - setText: Text 'johoruo1@gmail.com' is set on object 'Object Repository/Final Object Repo/Login Page/Internal User/Email Address'

2019-01-03 21:48:35 - [MESSAGE][PASSED] - Text 'johoruo1@gmail.com' is set on object 'Object Repository/Final Object Repo/Login Page/Internal User/Email Address'

2019-01-03 21:48:35 - [TEST_STEP][PASSED] - click: Object: 'Object Repository/Final Object Repo/Login Page/Internal User/Next Button' is clicked on

2019-01-03 21:48:35 - [MESSAGE][PASSED] - Object: 'Object Repository/Final Object Repo/Login Page/Internal User/Next Button' is clicked on

2019-01-03 21:48:35 - [TEST_STEP][PASSED] - delay: Delayed 1 second(s)

2019-01-03 21:48:36 - [MESSAGE][PASSED] - Delayed 1 second(s)

2019-01-03 21:48:36 - [TEST_STEP][PASSED] - setEncryptedText: Text ****** has been set on object 'Object Repository/Final Object Repo/Login Page/Internal User/Password'

2019-01-03 21:48:36 - [MESSAGE][PASSED] - Text ****** has been set on object 'Object Repository/Final Object Repo/Login Page/Internal User/Password'

2019-01-03 21:48:36 - [TEST_STEP][PASSED] - click: Object: 'Object Repository/Final Object Repo/Login Page/Internal User/Login Button' is clicked on

2019-01-03 21:48:36 - [MESSAGE][PASSED] - Object: 'Object Repository/Final Object Repo/Login Page/Internal User/Login Button' is clicked on

2019-01-03 21:48:36 - [TEST_STEP][PASSED] - delay: Delayed 2 second(s)

2019-01-03 21:48:38 - [MESSAGE][PASSED] - Delayed 2 second(s)

2019-01-03 21:48:38 - [TEST_STEP][PASSED] - Statement - Try: Delayed 2 second(s)

2019-01-03 21:48:38 - [TEST_STEP][PASSED] - Statement - Checker = false: null

2019-01-03 21:48:38 - [TEST_STEP][PASSED] - Statement - Checker = com.kms.katalon.core.webui.keyword.WebUiBuiltInKeywords.verifyElementHasAttribute(com.kms.katalon.core.testobject.ObjectRepository.findTestObject(Final Object Repo/Landing Page/BM Detecting), "href", 20, OPTIONAL): Object 'Object Repository/Final Object Repo/Landing Page/BM Detecting' has attribute 'href'

2019-01-03 21:48:38 - [MESSAGE][PASSED] - Object 'Object Repository/Final Object Repo/Landing Page/BM Detecting' has attribute 'href'

2019-01-03 21:48:38 - [TEST_STEP][PASSED] - Statement - out.println(Checker): null

2019-01-03 21:48:38 - [TEST_STEP][PASSED] - Statement - If (Checker == false): null

2019-01-03 21:48:38 - [TEST_STEP][PASSED] - Statement - Else: null

2019-01-03 21:48:38 - [TEST_STEP][PASSED] - delay: Delayed 2 second(s)

2019-01-03 21:48:40 - [MESSAGE][PASSED] - Delayed 2 second(s)

2019-01-03 21:48:40 - [TEST_STEP][PASSED] - click: Object: 'Object Repository/Final Object Repo/Page_MyASSIST - ASSIST - Search Pending Case For Add Supporting Document/Search Information' is clicked on

2019-01-03 21:48:41 - [MESSAGE][PASSED] - Object: 'Object Repository/Final Object Repo/Page_MyASSIST - ASSIST - Search Pending Case For Add Supporting Document/Search Information' is clicked on

2019-01-03 21:48:41 - [TEST_STEP][PASSED] - delay: Delayed 3 second(s)

2019-01-03 21:48:44 - [MESSAGE][PASSED] - Delayed 3 second(s)

2019-01-03 21:48:44 - [TEST_STEP][PASSED] - sendKeys: Keys 'CUN012019C100006166' sent to object: 'Object Repository/Final Object Repo/Page_MyASSIST - ASSIST - Search Pending Case For Add Supporting Document/Reference No'

2019-01-03 21:48:44 - [MESSAGE][PASSED] - Keys 'CUN012019C100006166' sent to object: 'Object Repository/Final Object Repo/Page_MyASSIST - ASSIST - Search Pending Case For Add Supporting Document/Reference No'

2019-01-03 21:48:44 - [TEST_STEP][PASSED] - click: Object: 'Object Repository/Final Object Repo/Page_MyASSIST - ASSIST - Search Pending Case For Add Supporting Document/Search Reference No' is clicked on

2019-01-03 21:48:44 - [MESSAGE][PASSED] - Object: 'Object Repository/Final Object Repo/Page_MyASSIST - ASSIST - Search Pending Case For Add Supporting Document/Search Reference No' is clicked on

2019-01-03 21:48:44 - [TEST_STEP][PASSED] - delay: Delayed 2 second(s)

2019-01-03 21:48:46 - [MESSAGE][PASSED] - Delayed 2 second(s)

2019-01-03 21:48:46 - [TEST_STEP][PASSED] - click: Object: 'Object Repository/Final Object Repo/Page_MyASSIST - ASSIST - Search Pending Case For Add Supporting Document/Continue' is clicked on

2019-01-03 21:48:50 - [MESSAGE][PASSED] - Object: 'Object Repository/Final Object Repo/Page_MyASSIST - ASSIST - Search Pending Case For Add Supporting Document/Continue' is clicked on

2019-01-03 21:48:50 - [TEST_STEP][PASSED] - delay: Delayed 20 second(s)

2019-01-03 21:49:10 - [MESSAGE][PASSED] - Delayed 20 second(s)

2019-01-03 21:49:10 - [MESSAGE][PASSED] - Call Test Case 'Test Cases/Final Aug 2018 - PKS Automation/Registration Module/Workflow/Login and Search Case For Workflow' successfully

2019-01-03 21:49:10 - [TEST_STEP][PASSED] - click: Object: 'Object Repository/Final Object Repo/Page_Update Employee Information By Employee/Page_Update Employee Information By Employee (Approve)/Continue' is clicked on

2019-01-03 21:49:14 - [MESSAGE][PASSED] - Object: 'Object Repository/Final Object Repo/Page_Update Employee Information By Employee/Page_Update Employee Information By Employee (Approve)/Continue' is clicked on

2019-01-03 21:49:14 - [TEST_STEP][PASSED] - delay: Delayed 2 second(s)

2019-01-03 21:49:16 - [MESSAGE][PASSED] - Delayed 2 second(s)

2019-01-03 21:49:16 - [TEST_STEP][PASSED] - click: Object: 'Object Repository/Final Object Repo/Page_Update Employee Information By Employee/Page_Update Employee Information By Employee (Approve)/Save  Continue in Update Employee Information Page' is clicked on

2019-01-03 21:49:16 - [MESSAGE][PASSED] - Object: 'Object Repository/Final Object Repo/Page_Update Employee Information By Employee/Page_Update Employee Information By Employee (Approve)/Save  Continue in Update Employee Information Page' is clicked on

2019-01-03 21:49:16 - [TEST_STEP][PASSED] - delay: Delayed 2 second(s)

2019-01-03 21:49:18 - [MESSAGE][PASSED] - Delayed 2 second(s)

2019-01-03 21:49:18 - [TEST_STEP][PASSED] - click: Object: 'Object Repository/Final Object Repo/Page_Update Employee Information By Employee/Page_Update Employee Information By Employee (Approve)/Save  Continue in Upload Supporting Doucument Page' is clicked on

2019-01-03 21:49:19 - [MESSAGE][PASSED] - Object: 'Object Repository/Final Object Repo/Page_Update Employee Information By Employee/Page_Update Employee Information By Employee (Approve)/Save  Continue in Upload Supporting Doucument Page' is clicked on

2019-01-03 21:49:19 - [TEST_STEP][PASSED] - delay: Delayed 2 second(s)

2019-01-03 21:49:21 - [MESSAGE][PASSED] - Delayed 2 second(s)

2019-01-03 21:49:21 - [TEST_STEP][PASSED] - click: Object: 'Object Repository/Final Object Repo/Page_Update Employee Information By Employee/Page_Update Employee Information By Employee (Approve)/Approve' is clicked on

2019-01-03 21:49:23 - [MESSAGE][PASSED] - Object: 'Object Repository/Final Object Repo/Page_Update Employee Information By Employee/Page_Update Employee Information By Employee (Approve)/Approve' is clicked on

2019-01-03 21:49:23 - [TEST_STEP][PASSED] - delay: Delayed 2 second(s)

2019-01-03 21:49:25 - [MESSAGE][PASSED] - Delayed 2 second(s)

2019-01-03 21:49:25 - [TEST_STEP][PASSED] - click: Object: 'Object Repository/Final Object Repo/Page_Update Employee Information By Employee/Page_Update Employee Information By Employee (Approve)/Confirm' is clicked on

2019-01-03 21:49:26 - [MESSAGE][PASSED] - Object: 'Object Repository/Final Object Repo/Page_Update Employee Information By Employee/Page_Update Employee Information By Employee (Approve)/Confirm' is clicked on

2019-01-03 21:49:26 - [TEST_STEP][PASSED] - delay: Delayed 2 second(s)

2019-01-03 21:49:28 - [MESSAGE][PASSED] - Delayed 2 second(s)

2019-01-03 21:49:28 - [TEST_STEP][PASSED] - click: Object: 'Object Repository/Final Object Repo/Page_Update Employee Information By Employee/Page_Update Employee Information By Employee (Approve)/Message Your Request    Update Emp' is clicked on

2019-01-03 21:49:32 - [MESSAGE][PASSED] - Object: 'Object Repository/Final Object Repo/Page_Update Employee Information By Employee/Page_Update Employee Information By Employee (Approve)/Message Your Request    Update Emp' is clicked on

2019-01-03 21:49:32 - [TEST_STEP][PASSED] - click: Object: 'Object Repository/Final Object Repo/Page_Update Employee Information By Employee/Page_Update Employee Information By Employee (Approve)/Letter of successful update' is clicked on

2019-01-03 21:49:33 - [MESSAGE][PASSED] - Object: 'Object Repository/Final Object Repo/Page_Update Employee Information By Employee/Page_Update Employee Information By Employee (Approve)/Letter of successful update' is clicked on

2019-01-03 21:49:33 - [MESSAGE][PASSED] - Call Test Case 'Test Cases/Final Aug 2018 - PKS Automation/Registration Module/Workflow/Update Employee Information (Employee)/Template/Update Employee Information - Special Case - UO (Approve)' successfully]]></system-out>
         <system-err><![CDATA[]]></system-err>
      </testcase>
      <testcase name="Test Cases/Final Aug 2018 - PKS Automation/Registration Module/Workflow/Update Employee Information (Employee)/OTC to UO (Query)" classname="Test Cases/Final Aug 2018 - PKS Automation/Registration Module/Workflow/Update Employee Information (Employee)/OTC to UO (Query)" status="PASSED">
         <system-out><![CDATA[2019-01-03 21:49:33 - [TEST_CASE][PASSED] - Test Cases/Final Aug 2018 - PKS Automation/Registration Module/Workflow/Update Employee Information (Employee)/OTC to UO (Query): Test Cases/Final Aug 2018 - PKS Automation/Registration Module/Workflow/Update Employee Information (Employee)/OTC to UO (Query)

2019-01-03 21:49:33 - [TEST_STEP][PASSED] - callTestCase: Call Test Case 'Test Cases/Final Aug 2018 - PKS Automation/Registration Module/Workflow/Update Employee Information (Employee)/Template/Update Employee Information - Special Case (OTC)' successfully

2019-01-03 21:49:33 - [TEST_CASE][PASSED] - Test Cases/Final Aug 2018 - PKS Automation/Registration Module/Workflow/Update Employee Information (Employee)/Template/Update Employee Information - Special Case (OTC): Test Cases/Final Aug 2018 - PKS Automation/Registration Module/Workflow/Update Employee Information (Employee)/Template/Update Employee Information - Special Case (OTC)

2019-01-03 21:49:33 - [TEST_STEP][PASSED] - openBrowser: Browser is opened with url: ''

2019-01-03 21:49:33 - [MESSAGE][WARNING] - A browser is already opened. Closing browser and opening a new one

2019-01-03 21:49:37 - [MESSAGE][PASSED] - Browser is opened with url: ''

2019-01-03 21:49:37 - [TEST_STEP][PASSED] - navigateToUrl: Navigate to 'https://assist2-uat.perkeso.gov.my/login' successfully

2019-01-03 21:49:38 - [MESSAGE][PASSED] - Navigate to 'https://assist2-uat.perkeso.gov.my/login' successfully

2019-01-03 21:49:38 - [TEST_STEP][PASSED] - setText: Text 'johorotc1@gmail.com' is set on object 'Object Repository/Final Object Repo/Login Page/Internal User/Email Address'

2019-01-03 21:49:38 - [MESSAGE][PASSED] - Text 'johorotc1@gmail.com' is set on object 'Object Repository/Final Object Repo/Login Page/Internal User/Email Address'

2019-01-03 21:49:38 - [TEST_STEP][PASSED] - click: Object: 'Object Repository/Final Object Repo/Login Page/Internal User/Next Button' is clicked on

2019-01-03 21:49:39 - [MESSAGE][PASSED] - Object: 'Object Repository/Final Object Repo/Login Page/Internal User/Next Button' is clicked on

2019-01-03 21:49:39 - [TEST_STEP][PASSED] - delay: Delayed 1 second(s)

2019-01-03 21:49:40 - [MESSAGE][PASSED] - Delayed 1 second(s)

2019-01-03 21:49:40 - [TEST_STEP][PASSED] - setEncryptedText: Text ****** has been set on object 'Object Repository/Final Object Repo/Login Page/Internal User/Password'

2019-01-03 21:49:40 - [MESSAGE][PASSED] - Text ****** has been set on object 'Object Repository/Final Object Repo/Login Page/Internal User/Password'

2019-01-03 21:49:40 - [TEST_STEP][PASSED] - click: Object: 'Object Repository/Final Object Repo/Login Page/Internal User/Login Button' is clicked on

2019-01-03 21:49:40 - [MESSAGE][PASSED] - Object: 'Object Repository/Final Object Repo/Login Page/Internal User/Login Button' is clicked on

2019-01-03 21:49:40 - [TEST_STEP][PASSED] - Statement - tester = com.kms.katalon.core.testobject.ObjectRepository.findTestObject(Final Object Repo/Landing Page/Select to English): Finding Test Object with id 'Object Repository/Final Object Repo/Landing Page/Select to English'

2019-01-03 21:49:40 - [TEST_STEP][PASSED] - Statement - Try: Delayed 2 second(s)

2019-01-03 21:49:40 - [TEST_STEP][PASSED] - Statement - Checker = com.kms.katalon.core.webui.keyword.WebUiBuiltInKeywords.verifyElementNotPresent(tester, 3): Web element with id: 'Object Repository/Final Object Repo/Landing Page/Select to English' located by 'By.xpath: //a[@class = 'taglib-language-list-text' and @lang = 'en-US' and (contains(text(), 'EN') or contains(., 'EN'))]' is not present after '3' second(s)

2019-01-03 21:49:42 - [MESSAGE][PASSED] - Web element with id: 'Object Repository/Final Object Repo/Landing Page/Select to English' located by 'By.xpath: //a[@class = 'taglib-language-list-text' and @lang = 'en-US' and (contains(text(), 'EN') or contains(., 'EN'))]' is not present after '3' second(s)

2019-01-03 21:49:42 - [TEST_STEP][PASSED] - Statement - If (Checker == false): null

2019-01-03 21:49:42 - [TEST_STEP][PASSED] - delay: Delayed 2 second(s)

2019-01-03 21:49:44 - [MESSAGE][PASSED] - Delayed 2 second(s)

2019-01-03 21:49:44 - [TEST_STEP][PASSED] - delay: Delayed 5 second(s)

2019-01-03 21:49:49 - [MESSAGE][PASSED] - Delayed 5 second(s)

2019-01-03 21:49:49 - [TEST_STEP][PASSED] - navigateToUrl: Navigate to 'https://assist2-uat.perkeso.gov.my/web/registration/update/update-employee-information-employee-' successfully

2019-01-03 21:49:50 - [MESSAGE][PASSED] - Navigate to 'https://assist2-uat.perkeso.gov.my/web/registration/update/update-employee-information-employee-' successfully

2019-01-03 21:49:50 - [TEST_STEP][PASSED] - click: Object: 'Object Repository/Final Object Repo/Page_Update Employee Information By Employee/Type of Identification' is clicked on

2019-01-03 21:49:50 - [MESSAGE][PASSED] - Object: 'Object Repository/Final Object Repo/Page_Update Employee Information By Employee/Type of Identification' is clicked on

2019-01-03 21:49:50 - [TEST_STEP][PASSED] - click: Object: 'Object Repository/Final Object Repo/Page Update Employee Information By Employee/Type of Identification - Name' is clicked on

2019-01-03 21:49:50 - [MESSAGE][PASSED] - Object: 'Object Repository/Final Object Repo/Page Update Employee Information By Employee/Type of Identification - Name' is clicked on

2019-01-03 21:49:50 - [TEST_STEP][PASSED] - setText: Text 'YUKI JR B' is set on object 'Object Repository/Final Object Repo/Page_Update Employee Information By Employee/New Identification'

2019-01-03 21:49:50 - [MESSAGE][PASSED] - Text 'YUKI JR B' is set on object 'Object Repository/Final Object Repo/Page_Update Employee Information By Employee/New Identification'

2019-01-03 21:49:50 - [TEST_STEP][PASSED] - click: Object: 'Object Repository/Final Object Repo/Page_Update Employee Information By Employee/Search Button' is clicked on

2019-01-03 21:49:50 - [MESSAGE][PASSED] - Object: 'Object Repository/Final Object Repo/Page_Update Employee Information By Employee/Search Button' is clicked on

2019-01-03 21:49:50 - [TEST_STEP][PASSED] - click: Object: 'Object Repository/Final Object Repo/Page_Update Employee Information By Employee/Edit Button' is clicked on

2019-01-03 21:49:55 - [MESSAGE][PASSED] - Object: 'Object Repository/Final Object Repo/Page_Update Employee Information By Employee/Edit Button' is clicked on

2019-01-03 21:49:55 - [TEST_STEP][PASSED] - delay: Delayed 2 second(s)

2019-01-03 21:49:57 - [MESSAGE][PASSED] - Delayed 2 second(s)

2019-01-03 21:49:57 - [TEST_STEP][PASSED] - click: Object: 'Object Repository/Final Object Repo/Page_Update Employee Information By Employee/Employee Information Edit Button' is clicked on

2019-01-03 21:49:57 - [MESSAGE][PASSED] - Object: 'Object Repository/Final Object Repo/Page_Update Employee Information By Employee/Employee Information Edit Button' is clicked on

2019-01-03 21:49:57 - [TEST_STEP][PASSED] - delay: Delayed 2 second(s)

2019-01-03 21:49:59 - [MESSAGE][PASSED] - Delayed 2 second(s)

2019-01-03 21:49:59 - [TEST_STEP][PASSED] - click: Object: 'Object Repository/Final Object Repo/Page_Update Employee Information By Employee/New Identification Number' is clicked on

2019-01-03 21:49:59 - [MESSAGE][PASSED] - Object: 'Object Repository/Final Object Repo/Page_Update Employee Information By Employee/New Identification Number' is clicked on

2019-01-03 21:49:59 - [TEST_STEP][PASSED] - setText: Text '' is set on object 'Object Repository/Final Object Repo/Page_Update Employee Information By Employee/New Identification Number'

2019-01-03 21:49:59 - [MESSAGE][PASSED] - Text '' is set on object 'Object Repository/Final Object Repo/Page_Update Employee Information By Employee/New Identification Number'

2019-01-03 21:49:59 - [TEST_STEP][PASSED] - Statement - rnd = new java.util.Random(): null

2019-01-03 21:49:59 - [TEST_STEP][PASSED] - Statement - snum = rnd.nextInt(899999 + 1) + 100000: null

2019-01-03 21:49:59 - [TEST_STEP][PASSED] - Statement - tnum = rnd.nextInt(899999 + 1) + 100000: null

2019-01-03 21:49:59 - [TEST_STEP][PASSED] - Statement - IC = java.lang.Integer.toString(snum) + java.lang.Integer.toString(tnum): null

2019-01-03 21:49:59 - [TEST_STEP][PASSED] - Statement - out.println(IC): null

2019-01-03 21:49:59 - [TEST_STEP][PASSED] - setText: Text '804464189566' is set on object 'Object Repository/Final Object Repo/Page_Update Employee Information By Employee/New Identification Number'

2019-01-03 21:50:00 - [MESSAGE][PASSED] - Text '804464189566' is set on object 'Object Repository/Final Object Repo/Page_Update Employee Information By Employee/New Identification Number'

2019-01-03 21:50:00 - [TEST_STEP][PASSED] - delay: Delayed 2 second(s)

2019-01-03 21:50:02 - [MESSAGE][PASSED] - Delayed 2 second(s)

2019-01-03 21:50:02 - [TEST_STEP][PASSED] - click: Object: 'Object Repository/Final Object Repo/Page_Update Employee Information By Employee/Save' is clicked on

2019-01-03 21:50:02 - [MESSAGE][PASSED] - Object: 'Object Repository/Final Object Repo/Page_Update Employee Information By Employee/Save' is clicked on

2019-01-03 21:50:02 - [TEST_STEP][PASSED] - delay: Delayed 10 second(s)

2019-01-03 21:50:12 - [MESSAGE][PASSED] - Delayed 10 second(s)

2019-01-03 21:50:12 - [TEST_STEP][PASSED] - click: Object: 'Object Repository/Final Object Repo/Page_Update Employee Information By Employee/Save  Continue in Update Employee Information' is clicked on

2019-01-03 21:50:12 - [MESSAGE][PASSED] - Object: 'Object Repository/Final Object Repo/Page_Update Employee Information By Employee/Save  Continue in Update Employee Information' is clicked on

2019-01-03 21:50:12 - [TEST_STEP][PASSED] - delay: Delayed 2 second(s)

2019-01-03 21:50:14 - [MESSAGE][PASSED] - Delayed 2 second(s)

2019-01-03 21:50:14 - [TEST_STEP][PASSED] - click: Object: 'Object Repository/Final Object Repo/Page_Update Employee Information By Employee/Save  Continue in Uploading Page' is clicked on

2019-01-03 21:50:15 - [MESSAGE][PASSED] - Object: 'Object Repository/Final Object Repo/Page_Update Employee Information By Employee/Save  Continue in Uploading Page' is clicked on

2019-01-03 21:50:15 - [TEST_STEP][PASSED] - delay: Delayed 2 second(s)

2019-01-03 21:50:17 - [MESSAGE][PASSED] - Delayed 2 second(s)

2019-01-03 21:50:17 - [TEST_STEP][PASSED] - Statement - CaseReferenceNo = com.kms.katalon.core.webui.keyword.WebUiBuiltInKeywords.getText(com.kms.katalon.core.testobject.ObjectRepository.findTestObject(Final Object Repo/Page_Update Employer Information/Reference Number in Update Employee Information Page)): Text of object 'Object Repository/Final Object Repo/Page_Update Employer Information/Reference Number in Update Employee Information Page' is: 'CUN012019C100006167'

2019-01-03 21:50:19 - [MESSAGE][PASSED] - Text of object 'Object Repository/Final Object Repo/Page_Update Employer Information/Reference Number in Update Employee Information Page' is: 'CUN012019C100006167'

2019-01-03 21:50:19 - [TEST_STEP][PASSED] - callTestCase: Call Test Case 'Test Cases/Final Aug 2018 - PKS Automation/Common/Reference Number Setter' successfully

2019-01-03 21:50:19 - [TEST_CASE][PASSED] - Test Cases/Final Aug 2018 - PKS Automation/Common/Reference Number Setter: Test Cases/Final Aug 2018 - PKS Automation/Common/Reference Number Setter

2019-01-03 21:50:19 - [TEST_STEP][PASSED] - Statement - RefNoOldFile = new java.io.File(C://Users//Admin//Desktop//PKS//Automation Reference Point//KatalonReference.txt): null

2019-01-03 21:50:19 - [TEST_STEP][PASSED] - Statement - RefNoOldFile.delete(): null

2019-01-03 21:50:19 - [TEST_STEP][PASSED] - delay: Delayed 5 second(s)

2019-01-03 21:50:24 - [MESSAGE][PASSED] - Delayed 5 second(s)

2019-01-03 21:50:24 - [TEST_STEP][PASSED] - Statement - RefNo = new java.io.File(C://Users//Admin//Desktop//PKS//Automation Reference Point//KatalonReference.txt): null

2019-01-03 21:50:24 - [TEST_STEP][PASSED] - Statement - f2 = new java.io.FileWriter(RefNo, false): null

2019-01-03 21:50:24 - [TEST_STEP][PASSED] - Statement - f2.write(CaseReferenceNo): null

2019-01-03 21:50:24 - [TEST_STEP][PASSED] - Statement - f2.close(): null

2019-01-03 21:50:24 - [TEST_STEP][PASSED] - Statement - out.println("


" + CaseReferenceNo + "


"): null

2019-01-03 21:50:24 - [MESSAGE][PASSED] - Call Test Case 'Test Cases/Final Aug 2018 - PKS Automation/Common/Reference Number Setter' successfully

2019-01-03 21:50:24 - [TEST_STEP][PASSED] - delay: Delayed 2 second(s)

2019-01-03 21:50:26 - [MESSAGE][PASSED] - Delayed 2 second(s)

2019-01-03 21:50:26 - [TEST_STEP][PASSED] - click: Object: 'Object Repository/Final Object Repo/Page_Update Employee Information By Employee/Submit' is clicked on

2019-01-03 21:50:26 - [MESSAGE][PASSED] - Object: 'Object Repository/Final Object Repo/Page_Update Employee Information By Employee/Submit' is clicked on

2019-01-03 21:50:26 - [TEST_STEP][PASSED] - delay: Delayed 2 second(s)

2019-01-03 21:50:28 - [MESSAGE][PASSED] - Delayed 2 second(s)

2019-01-03 21:50:28 - [TEST_STEP][PASSED] - click: Object: 'Object Repository/Final Object Repo/Page_Update Employee Information By Employee/Confirm Button' is clicked on

2019-01-03 21:50:29 - [MESSAGE][PASSED] - Object: 'Object Repository/Final Object Repo/Page_Update Employee Information By Employee/Confirm Button' is clicked on

2019-01-03 21:50:29 - [TEST_STEP][PASSED] - delay: Delayed 2 second(s)

2019-01-03 21:50:31 - [MESSAGE][PASSED] - Delayed 2 second(s)

2019-01-03 21:50:31 - [TEST_STEP][PASSED] - click: Object: 'Object Repository/Final Object Repo/Page_Update Employee Information By Employee/Successful Message Routed to UO' is clicked on

2019-01-03 21:50:32 - [MESSAGE][PASSED] - Object: 'Object Repository/Final Object Repo/Page_Update Employee Information By Employee/Successful Message Routed to UO' is clicked on

2019-01-03 21:50:32 - [MESSAGE][PASSED] - Call Test Case 'Test Cases/Final Aug 2018 - PKS Automation/Registration Module/Workflow/Update Employee Information (Employee)/Template/Update Employee Information - Special Case (OTC)' successfully

2019-01-03 21:50:32 - [TEST_STEP][PASSED] - callTestCase: Call Test Case 'Test Cases/Final Aug 2018 - PKS Automation/Registration Module/Workflow/Update Employee Information (Employee)/Template/Update Employee Information - Special Case - UO (Query)' successfully

2019-01-03 21:50:32 - [TEST_CASE][PASSED] - Test Cases/Final Aug 2018 - PKS Automation/Registration Module/Workflow/Update Employee Information (Employee)/Template/Update Employee Information - Special Case - UO (Query): Test Cases/Final Aug 2018 - PKS Automation/Registration Module/Workflow/Update Employee Information (Employee)/Template/Update Employee Information - Special Case - UO (Query)

2019-01-03 21:50:32 - [TEST_STEP][NOT_RUN] - callTestCase: NOT_RUN: callTestCase

2019-01-03 21:50:32 - [MESSAGE][NOT_RUN] - NOT_RUN: callTestCase

2019-01-03 21:50:32 - [TEST_STEP][PASSED] - delay: Delayed 2 second(s)

2019-01-03 21:50:34 - [MESSAGE][PASSED] - Delayed 2 second(s)

2019-01-03 21:50:34 - [TEST_STEP][PASSED] - navigateToUrl: Navigate to 'https://assist2-uat.perkeso.gov.my/c/portal/logout' successfully

2019-01-03 21:50:35 - [MESSAGE][PASSED] - Navigate to 'https://assist2-uat.perkeso.gov.my/c/portal/logout' successfully

2019-01-03 21:50:35 - [TEST_STEP][PASSED] - delay: Delayed 2 second(s)

2019-01-03 21:50:37 - [MESSAGE][PASSED] - Delayed 2 second(s)

2019-01-03 21:50:37 - [TEST_STEP][PASSED] - callTestCase: Call Test Case 'Test Cases/Final Aug 2018 - PKS Automation/Common/Reference Number Getter' successfully

2019-01-03 21:50:37 - [TEST_CASE][PASSED] - Test Cases/Final Aug 2018 - PKS Automation/Common/Reference Number Getter: Test Cases/Final Aug 2018 - PKS Automation/Common/Reference Number Getter

2019-01-03 21:50:37 - [TEST_STEP][PASSED] - Statement - Try: null

2019-01-03 21:50:37 - [TEST_STEP][PASSED] - Statement - RefNo = new java.io.File(C://Users//Admin//Desktop//PKS//Automation Reference Point//KatalonReference.txt): null

2019-01-03 21:50:37 - [TEST_STEP][PASSED] - Statement - bufferread = new java.io.BufferedReader(new java.io.FileReader(RefNo)): null

2019-01-03 21:50:37 - [TEST_STEP][PASSED] - Statement - readedVal = bufferread.readLine(): null

2019-01-03 21:50:37 - [TEST_STEP][PASSED] - Statement - out.println(CaseReferenceNo): null

2019-01-03 21:50:37 - [TEST_STEP][PASSED] - Statement - out.println(readedVal): null

2019-01-03 21:50:37 - [TEST_STEP][PASSED] - Statement - CaseReferenceNo = "": null

2019-01-03 21:50:37 - [TEST_STEP][PASSED] - Statement - CaseReferenceNo = readedVal: null

2019-01-03 21:50:37 - [MESSAGE][PASSED] - Call Test Case 'Test Cases/Final Aug 2018 - PKS Automation/Common/Reference Number Getter' successfully

2019-01-03 21:50:37 - [TEST_STEP][PASSED] - callTestCase: Call Test Case 'Test Cases/Final Aug 2018 - PKS Automation/Common/Workflow Owner Finder' successfully

2019-01-03 21:50:37 - [TEST_CASE][PASSED] - Test Cases/Final Aug 2018 - PKS Automation/Common/Workflow Owner Finder: Test Cases/Final Aug 2018 - PKS Automation/Common/Workflow Owner Finder

2019-01-03 21:50:37 - [TEST_STEP][PASSED] - openBrowser: Browser is opened with url: ''

2019-01-03 21:50:37 - [MESSAGE][WARNING] - A browser is already opened. Closing browser and opening a new one

2019-01-03 21:50:41 - [MESSAGE][PASSED] - Browser is opened with url: ''

2019-01-03 21:50:41 - [TEST_STEP][PASSED] - navigateToUrl: Navigate to 'https://assist2-uat.perkeso.gov.my/login' successfully

2019-01-03 21:50:42 - [MESSAGE][PASSED] - Navigate to 'https://assist2-uat.perkeso.gov.my/login' successfully

2019-01-03 21:50:42 - [TEST_STEP][PASSED] - delay: Delayed 5 second(s)

2019-01-03 21:50:47 - [MESSAGE][PASSED] - Delayed 5 second(s)

2019-01-03 21:50:47 - [TEST_STEP][PASSED] - setText: Text 'test@liferay.com' is set on object 'Object Repository/Final Object Repo/Login Page/Internal User/Email Address'

2019-01-03 21:50:47 - [MESSAGE][PASSED] - Text 'test@liferay.com' is set on object 'Object Repository/Final Object Repo/Login Page/Internal User/Email Address'

2019-01-03 21:50:47 - [TEST_STEP][PASSED] - click: Object: 'Object Repository/Final Object Repo/Login Page/Internal User/Next Button' is clicked on

2019-01-03 21:50:48 - [MESSAGE][PASSED] - Object: 'Object Repository/Final Object Repo/Login Page/Internal User/Next Button' is clicked on

2019-01-03 21:50:48 - [TEST_STEP][PASSED] - delay: Delayed 2 second(s)

2019-01-03 21:50:50 - [MESSAGE][PASSED] - Delayed 2 second(s)

2019-01-03 21:50:50 - [TEST_STEP][PASSED] - setText: Text 'test' is set on object 'Object Repository/Final Object Repo/Login Page/Internal User/Password'

2019-01-03 21:50:50 - [MESSAGE][PASSED] - Text 'test' is set on object 'Object Repository/Final Object Repo/Login Page/Internal User/Password'

2019-01-03 21:50:50 - [TEST_STEP][PASSED] - delay: Delayed 2 second(s)

2019-01-03 21:50:52 - [MESSAGE][PASSED] - Delayed 2 second(s)

2019-01-03 21:50:52 - [TEST_STEP][PASSED] - click: Object: 'Object Repository/Final Object Repo/Login Page/Internal User/Login Button' is clicked on

2019-01-03 21:50:52 - [MESSAGE][PASSED] - Object: 'Object Repository/Final Object Repo/Login Page/Internal User/Login Button' is clicked on

2019-01-03 21:50:52 - [TEST_STEP][PASSED] - Statement - tester = com.kms.katalon.core.testobject.ObjectRepository.findTestObject(Final Object Repo/Landing Page/Select to English): Finding Test Object with id 'Object Repository/Final Object Repo/Landing Page/Select to English'

2019-01-03 21:50:52 - [TEST_STEP][PASSED] - Statement - Try: Delayed 2 second(s)

2019-01-03 21:50:52 - [TEST_STEP][PASSED] - Statement - Checker = com.kms.katalon.core.webui.keyword.WebUiBuiltInKeywords.verifyElementNotPresent(tester, 3): Web element with id: 'Object Repository/Final Object Repo/Landing Page/Select to English' located by 'By.xpath: //a[@class = 'taglib-language-list-text' and @lang = 'en-US' and (contains(text(), 'EN') or contains(., 'EN'))]' is not present after '3' second(s)

2019-01-03 21:50:54 - [MESSAGE][PASSED] - Web element with id: 'Object Repository/Final Object Repo/Landing Page/Select to English' located by 'By.xpath: //a[@class = 'taglib-language-list-text' and @lang = 'en-US' and (contains(text(), 'EN') or contains(., 'EN'))]' is not present after '3' second(s)

2019-01-03 21:50:54 - [TEST_STEP][PASSED] - Statement - If (Checker == false): null

2019-01-03 21:50:54 - [TEST_STEP][PASSED] - delay: Delayed 2 second(s)

2019-01-03 21:50:56 - [MESSAGE][PASSED] - Delayed 2 second(s)

2019-01-03 21:50:56 - [TEST_STEP][PASSED] - delay: Delayed 5 second(s)

2019-01-03 21:51:01 - [MESSAGE][PASSED] - Delayed 5 second(s)

2019-01-03 21:51:01 - [TEST_STEP][PASSED] - mouseOver: Object: 'Object Repository/Final Object Repo/Landing Page/WorkFlow Menu' is hovered

2019-01-03 21:51:01 - [MESSAGE][PASSED] - Object: 'Object Repository/Final Object Repo/Landing Page/WorkFlow Menu' is hovered

2019-01-03 21:51:01 - [TEST_STEP][PASSED] - delay: Delayed 2 second(s)

2019-01-03 21:51:03 - [MESSAGE][PASSED] - Delayed 2 second(s)

2019-01-03 21:51:03 - [TEST_STEP][PASSED] - click: Object: 'Object Repository/Final Object Repo/Landing Page/Select to Workflow Listing' is clicked on

2019-01-03 21:51:04 - [MESSAGE][PASSED] - Object: 'Object Repository/Final Object Repo/Landing Page/Select to Workflow Listing' is clicked on

2019-01-03 21:51:04 - [TEST_STEP][PASSED] - delay: Delayed 2 second(s)

2019-01-03 21:51:06 - [MESSAGE][PASSED] - Delayed 2 second(s)

2019-01-03 21:51:06 - [TEST_STEP][PASSED] - click: Object: 'Object Repository/Final Object Repo/WorkFlow Listing Page/Search Information - To Put Ref No' is clicked on

2019-01-03 21:51:06 - [MESSAGE][PASSED] - Object: 'Object Repository/Final Object Repo/WorkFlow Listing Page/Search Information - To Put Ref No' is clicked on

2019-01-03 21:51:06 - [TEST_STEP][PASSED] - delay: Delayed 2 second(s)

2019-01-03 21:51:08 - [MESSAGE][PASSED] - Delayed 2 second(s)

2019-01-03 21:51:08 - [TEST_STEP][PASSED] - callTestCase: Call Test Case 'Test Cases/Final Aug 2018 - PKS Automation/Common/Reference Number Getter' successfully

2019-01-03 21:51:08 - [TEST_CASE][PASSED] - Test Cases/Final Aug 2018 - PKS Automation/Common/Reference Number Getter: Test Cases/Final Aug 2018 - PKS Automation/Common/Reference Number Getter

2019-01-03 21:51:08 - [TEST_STEP][PASSED] - Statement - Try: null

2019-01-03 21:51:08 - [TEST_STEP][PASSED] - Statement - RefNo = new java.io.File(C://Users//Admin//Desktop//PKS//Automation Reference Point//KatalonReference.txt): null

2019-01-03 21:51:08 - [TEST_STEP][PASSED] - Statement - bufferread = new java.io.BufferedReader(new java.io.FileReader(RefNo)): null

2019-01-03 21:51:08 - [TEST_STEP][PASSED] - Statement - readedVal = bufferread.readLine(): null

2019-01-03 21:51:08 - [TEST_STEP][PASSED] - Statement - out.println(CaseReferenceNo): null

2019-01-03 21:51:08 - [TEST_STEP][PASSED] - Statement - out.println(readedVal): null

2019-01-03 21:51:08 - [TEST_STEP][PASSED] - Statement - CaseReferenceNo = "": null

2019-01-03 21:51:08 - [TEST_STEP][PASSED] - Statement - CaseReferenceNo = readedVal: null

2019-01-03 21:51:08 - [MESSAGE][PASSED] - Call Test Case 'Test Cases/Final Aug 2018 - PKS Automation/Common/Reference Number Getter' successfully

2019-01-03 21:51:08 - [TEST_STEP][PASSED] - setText: Text 'CUN012019C100006167' is set on object 'Object Repository/Final Object Repo/WorkFlow Listing Page/Ref No Set Text'

2019-01-03 21:51:08 - [MESSAGE][PASSED] - Text 'CUN012019C100006167' is set on object 'Object Repository/Final Object Repo/WorkFlow Listing Page/Ref No Set Text'

2019-01-03 21:51:08 - [TEST_STEP][PASSED] - delay: Delayed 2 second(s)

2019-01-03 21:51:10 - [MESSAGE][PASSED] - Delayed 2 second(s)

2019-01-03 21:51:10 - [TEST_STEP][PASSED] - click: Object: 'Object Repository/Final Object Repo/WorkFlow Listing Page/Search Ref No Search Button' is clicked on

2019-01-03 21:51:11 - [MESSAGE][PASSED] - Object: 'Object Repository/Final Object Repo/WorkFlow Listing Page/Search Ref No Search Button' is clicked on

2019-01-03 21:51:11 - [TEST_STEP][PASSED] - delay: Delayed 6 second(s)

2019-01-03 21:51:17 - [MESSAGE][PASSED] - Delayed 6 second(s)

2019-01-03 21:51:17 - [TEST_STEP][PASSED] - click: Object: 'Object Repository/Final Object Repo/WorkFlow Listing Page/Click Continue Tooltip' is clicked on

2019-01-03 21:51:17 - [MESSAGE][PASSED] - Object: 'Object Repository/Final Object Repo/WorkFlow Listing Page/Click Continue Tooltip' is clicked on

2019-01-03 21:51:17 - [TEST_STEP][PASSED] - delay: Delayed 5 second(s)

2019-01-03 21:51:22 - [MESSAGE][PASSED] - Delayed 5 second(s)

2019-01-03 21:51:22 - [TEST_STEP][PASSED] - doubleClick: Object: 'Object Repository/Final Object Repo/WorkFlow Listing Page/Workflow Found - Listing 1' is double clicked on

2019-01-03 21:51:23 - [MESSAGE][PASSED] - Object: 'Object Repository/Final Object Repo/WorkFlow Listing Page/Workflow Found - Listing 1' is double clicked on

2019-01-03 21:51:23 - [TEST_STEP][PASSED] - Statement - println(OwnerID): null

2019-01-03 21:51:23 - [TEST_STEP][PASSED] - Statement - OwnerID = com.kms.katalon.core.webui.keyword.WebUiBuiltInKeywords.getText(com.kms.katalon.core.testobject.ObjectRepository.findTestObject(Final Object Repo/WorkFlow Listing Page/Workflow Found - Listing 1), STOP_ON_FAILURE): Text of object 'Object Repository/Final Object Repo/WorkFlow Listing Page/Workflow Found - Listing 1' is: 'JOHORuo2'

2019-01-03 21:51:23 - [MESSAGE][PASSED] - Text of object 'Object Repository/Final Object Repo/WorkFlow Listing Page/Workflow Found - Listing 1' is: 'JOHORuo2'

2019-01-03 21:51:23 - [TEST_STEP][PASSED] - Statement - OwnerID = OwnerID.toLowerCase() + "@gmail.com": null

2019-01-03 21:51:23 - [TEST_STEP][PASSED] - Statement - println(OwnerID): null

2019-01-03 21:51:23 - [TEST_STEP][PASSED] - delay: Delayed 2 second(s)

2019-01-03 21:51:25 - [MESSAGE][PASSED] - Delayed 2 second(s)

2019-01-03 21:51:25 - [MESSAGE][PASSED] - Call Test Case 'Test Cases/Final Aug 2018 - PKS Automation/Common/Workflow Owner Finder' successfully

2019-01-03 21:51:25 - [TEST_STEP][PASSED] - delay: Delayed 2 second(s)

2019-01-03 21:51:27 - [MESSAGE][PASSED] - Delayed 2 second(s)

2019-01-03 21:51:27 - [TEST_STEP][PASSED] - navigateToUrl: Navigate to 'https://assist2-uat.perkeso.gov.my/c/portal/logout' successfully

2019-01-03 21:51:27 - [MESSAGE][PASSED] - Navigate to 'https://assist2-uat.perkeso.gov.my/c/portal/logout' successfully

2019-01-03 21:51:27 - [TEST_STEP][PASSED] - delay: Delayed 2 second(s)

2019-01-03 21:51:29 - [MESSAGE][PASSED] - Delayed 2 second(s)

2019-01-03 21:51:29 - [TEST_STEP][PASSED] - callTestCase: Call Test Case 'Test Cases/Final Aug 2018 - PKS Automation/Registration Module/Workflow/Login and Search Case For Workflow' successfully

2019-01-03 21:51:29 - [TEST_CASE][PASSED] - Test Cases/Final Aug 2018 - PKS Automation/Registration Module/Workflow/Login and Search Case For Workflow: Test Cases/Final Aug 2018 - PKS Automation/Registration Module/Workflow/Login and Search Case For Workflow

2019-01-03 21:51:29 - [TEST_STEP][PASSED] - navigateToUrl: Navigate to 'https://assist2-uat.perkeso.gov.my/login' successfully

2019-01-03 21:51:30 - [MESSAGE][PASSED] - Navigate to 'https://assist2-uat.perkeso.gov.my/login' successfully

2019-01-03 21:51:30 - [TEST_STEP][PASSED] - setText: Text 'johoruo2@gmail.com' is set on object 'Object Repository/Final Object Repo/Login Page/Internal User/Email Address'

2019-01-03 21:51:30 - [MESSAGE][PASSED] - Text 'johoruo2@gmail.com' is set on object 'Object Repository/Final Object Repo/Login Page/Internal User/Email Address'

2019-01-03 21:51:30 - [TEST_STEP][PASSED] - click: Object: 'Object Repository/Final Object Repo/Login Page/Internal User/Next Button' is clicked on

2019-01-03 21:51:30 - [MESSAGE][PASSED] - Object: 'Object Repository/Final Object Repo/Login Page/Internal User/Next Button' is clicked on

2019-01-03 21:51:30 - [TEST_STEP][PASSED] - delay: Delayed 1 second(s)

2019-01-03 21:51:31 - [MESSAGE][PASSED] - Delayed 1 second(s)

2019-01-03 21:51:31 - [TEST_STEP][PASSED] - setEncryptedText: Text ****** has been set on object 'Object Repository/Final Object Repo/Login Page/Internal User/Password'

2019-01-03 21:51:32 - [MESSAGE][PASSED] - Text ****** has been set on object 'Object Repository/Final Object Repo/Login Page/Internal User/Password'

2019-01-03 21:51:32 - [TEST_STEP][PASSED] - click: Object: 'Object Repository/Final Object Repo/Login Page/Internal User/Login Button' is clicked on

2019-01-03 21:51:32 - [MESSAGE][PASSED] - Object: 'Object Repository/Final Object Repo/Login Page/Internal User/Login Button' is clicked on

2019-01-03 21:51:32 - [TEST_STEP][PASSED] - delay: Delayed 2 second(s)

2019-01-03 21:51:34 - [MESSAGE][PASSED] - Delayed 2 second(s)

2019-01-03 21:51:34 - [TEST_STEP][PASSED] - Statement - Try: Delayed 2 second(s)

2019-01-03 21:51:34 - [TEST_STEP][PASSED] - Statement - Checker = false: null

2019-01-03 21:51:34 - [TEST_STEP][PASSED] - Statement - Checker = com.kms.katalon.core.webui.keyword.WebUiBuiltInKeywords.verifyElementHasAttribute(com.kms.katalon.core.testobject.ObjectRepository.findTestObject(Final Object Repo/Landing Page/BM Detecting), "href", 20, OPTIONAL): Object 'Object Repository/Final Object Repo/Landing Page/BM Detecting' has attribute 'href'

2019-01-03 21:51:34 - [MESSAGE][PASSED] - Object 'Object Repository/Final Object Repo/Landing Page/BM Detecting' has attribute 'href'

2019-01-03 21:51:34 - [TEST_STEP][PASSED] - Statement - out.println(Checker): null

2019-01-03 21:51:34 - [TEST_STEP][PASSED] - Statement - If (Checker == false): null

2019-01-03 21:51:34 - [TEST_STEP][PASSED] - Statement - Else: null

2019-01-03 21:51:34 - [TEST_STEP][PASSED] - delay: Delayed 2 second(s)

2019-01-03 21:51:36 - [MESSAGE][PASSED] - Delayed 2 second(s)

2019-01-03 21:51:36 - [TEST_STEP][PASSED] - click: Object: 'Object Repository/Final Object Repo/Page_MyASSIST - ASSIST - Search Pending Case For Add Supporting Document/Search Information' is clicked on

2019-01-03 21:51:36 - [MESSAGE][PASSED] - Object: 'Object Repository/Final Object Repo/Page_MyASSIST - ASSIST - Search Pending Case For Add Supporting Document/Search Information' is clicked on

2019-01-03 21:51:36 - [TEST_STEP][PASSED] - delay: Delayed 3 second(s)

2019-01-03 21:51:39 - [MESSAGE][PASSED] - Delayed 3 second(s)

2019-01-03 21:51:39 - [TEST_STEP][PASSED] - sendKeys: Keys 'CUN012019C100006167' sent to object: 'Object Repository/Final Object Repo/Page_MyASSIST - ASSIST - Search Pending Case For Add Supporting Document/Reference No'

2019-01-03 21:51:39 - [MESSAGE][PASSED] - Keys 'CUN012019C100006167' sent to object: 'Object Repository/Final Object Repo/Page_MyASSIST - ASSIST - Search Pending Case For Add Supporting Document/Reference No'

2019-01-03 21:51:39 - [TEST_STEP][PASSED] - click: Object: 'Object Repository/Final Object Repo/Page_MyASSIST - ASSIST - Search Pending Case For Add Supporting Document/Search Reference No' is clicked on

2019-01-03 21:51:39 - [MESSAGE][PASSED] - Object: 'Object Repository/Final Object Repo/Page_MyASSIST - ASSIST - Search Pending Case For Add Supporting Document/Search Reference No' is clicked on

2019-01-03 21:51:39 - [TEST_STEP][PASSED] - delay: Delayed 2 second(s)

2019-01-03 21:51:41 - [MESSAGE][PASSED] - Delayed 2 second(s)

2019-01-03 21:51:41 - [TEST_STEP][PASSED] - click: Object: 'Object Repository/Final Object Repo/Page_MyASSIST - ASSIST - Search Pending Case For Add Supporting Document/Continue' is clicked on

2019-01-03 21:51:45 - [MESSAGE][PASSED] - Object: 'Object Repository/Final Object Repo/Page_MyASSIST - ASSIST - Search Pending Case For Add Supporting Document/Continue' is clicked on

2019-01-03 21:51:45 - [TEST_STEP][PASSED] - delay: Delayed 20 second(s)

2019-01-03 21:52:05 - [MESSAGE][PASSED] - Delayed 20 second(s)

2019-01-03 21:52:05 - [MESSAGE][PASSED] - Call Test Case 'Test Cases/Final Aug 2018 - PKS Automation/Registration Module/Workflow/Login and Search Case For Workflow' successfully

2019-01-03 21:52:05 - [TEST_STEP][PASSED] - click: Object: 'Object Repository/Final Object Repo/Page_Update Employee Information By Employee/Page_Update Employee Information By Employee (Approve)/Continue' is clicked on

2019-01-03 21:52:08 - [MESSAGE][PASSED] - Object: 'Object Repository/Final Object Repo/Page_Update Employee Information By Employee/Page_Update Employee Information By Employee (Approve)/Continue' is clicked on

2019-01-03 21:52:08 - [TEST_STEP][PASSED] - delay: Delayed 2 second(s)

2019-01-03 21:52:10 - [MESSAGE][PASSED] - Delayed 2 second(s)

2019-01-03 21:52:10 - [TEST_STEP][PASSED] - click: Object: 'Object Repository/Final Object Repo/Page_Update Employee Information By Employer/Page_Update Employee Information by Employer (Approve)/Save  Continue in Update Employee Information Page' is clicked on

2019-01-03 21:52:11 - [MESSAGE][PASSED] - Object: 'Object Repository/Final Object Repo/Page_Update Employee Information By Employer/Page_Update Employee Information by Employer (Approve)/Save  Continue in Update Employee Information Page' is clicked on

2019-01-03 21:52:11 - [TEST_STEP][PASSED] - delay: Delayed 2 second(s)

2019-01-03 21:52:13 - [MESSAGE][PASSED] - Delayed 2 second(s)

2019-01-03 21:52:13 - [TEST_STEP][PASSED] - setText: Text 'remark' is set on object 'Object Repository/Final Object Repo/Page_Update Employee Information By Employee/Page_Update Employee Information By Employee (Query)/Query - remark'

2019-01-03 21:52:14 - [MESSAGE][PASSED] - Text 'remark' is set on object 'Object Repository/Final Object Repo/Page_Update Employee Information By Employee/Page_Update Employee Information By Employee (Query)/Query - remark'

2019-01-03 21:52:14 - [TEST_STEP][PASSED] - click: Object: 'Object Repository/Final Object Repo/Page_Update Employee Information By Employer/Page_Update Employee Information by Employer (Approve)/Save  Continue in Upload Supporting Doucument Page' is clicked on

2019-01-03 21:52:14 - [MESSAGE][PASSED] - Object: 'Object Repository/Final Object Repo/Page_Update Employee Information By Employer/Page_Update Employee Information by Employer (Approve)/Save  Continue in Upload Supporting Doucument Page' is clicked on

2019-01-03 21:52:14 - [TEST_STEP][PASSED] - delay: Delayed 2 second(s)

2019-01-03 21:52:16 - [MESSAGE][PASSED] - Delayed 2 second(s)

2019-01-03 21:52:16 - [TEST_STEP][PASSED] - click: Object: 'Object Repository/Final Object Repo/Page_Update Employee Information By Employee/Page_Update Employee Information By Employee (Query)/Query' is clicked on

2019-01-03 21:52:18 - [MESSAGE][PASSED] - Object: 'Object Repository/Final Object Repo/Page_Update Employee Information By Employee/Page_Update Employee Information By Employee (Query)/Query' is clicked on

2019-01-03 21:52:18 - [TEST_STEP][PASSED] - delay: Delayed 2 second(s)

2019-01-03 21:52:20 - [MESSAGE][PASSED] - Delayed 2 second(s)

2019-01-03 21:52:20 - [TEST_STEP][PASSED] - click: Object: 'Object Repository/Final Object Repo/Page_Update Employee Information By Employee/Page_Update Employee Information By Employee (Query)/Confirm' is clicked on

2019-01-03 21:52:20 - [MESSAGE][PASSED] - Object: 'Object Repository/Final Object Repo/Page_Update Employee Information By Employee/Page_Update Employee Information By Employee (Query)/Confirm' is clicked on

2019-01-03 21:52:20 - [TEST_STEP][PASSED] - delay: Delayed 2 second(s)

2019-01-03 21:52:22 - [MESSAGE][PASSED] - Delayed 2 second(s)

2019-01-03 21:52:22 - [TEST_STEP][PASSED] - click: Object: 'Object Repository/Final Object Repo/Page_Update Employee Information By Employee/Page_Update Employee Information By Employee (Query)/Message The Case Is Under Query' is clicked on

2019-01-03 21:52:26 - [MESSAGE][PASSED] - Object: 'Object Repository/Final Object Repo/Page_Update Employee Information By Employee/Page_Update Employee Information By Employee (Query)/Message The Case Is Under Query' is clicked on

2019-01-03 21:52:26 - [TEST_STEP][PASSED] - click: Object: 'Object Repository/Final Object Repo/Page_Update Employee Information By Employee/Page_Update Employee Information By Employee (Query)/Letter of inquiry' is clicked on

2019-01-03 21:52:27 - [MESSAGE][PASSED] - Object: 'Object Repository/Final Object Repo/Page_Update Employee Information By Employee/Page_Update Employee Information By Employee (Query)/Letter of inquiry' is clicked on

2019-01-03 21:52:27 - [TEST_STEP][PASSED] - delay: Delayed 1 second(s)

2019-01-03 21:52:28 - [MESSAGE][PASSED] - Delayed 1 second(s)

2019-01-03 21:52:28 - [TEST_STEP][PASSED] - navigateToUrl: Navigate to 'https://assist2-uat.perkeso.gov.my/c/portal/logout' successfully

2019-01-03 21:52:29 - [MESSAGE][PASSED] - Navigate to 'https://assist2-uat.perkeso.gov.my/c/portal/logout' successfully

2019-01-03 21:52:29 - [TEST_STEP][PASSED] - delay: Delayed 1 second(s)

2019-01-03 21:52:30 - [MESSAGE][PASSED] - Delayed 1 second(s)

2019-01-03 21:52:30 - [TEST_STEP][PASSED] - callTestCase: Call Test Case 'Test Cases/Final Aug 2018 - PKS Automation/Registration Module/Workflow/Search Pending Case For Add Supporting Document (OTC)' successfully

2019-01-03 21:52:30 - [TEST_CASE][PASSED] - Test Cases/Final Aug 2018 - PKS Automation/Registration Module/Workflow/Search Pending Case For Add Supporting Document (OTC): Test Cases/Final Aug 2018 - PKS Automation/Registration Module/Workflow/Search Pending Case For Add Supporting Document (OTC)

2019-01-03 21:52:30 - [TEST_STEP][PASSED] - openBrowser: Browser is opened with url: ''

2019-01-03 21:52:30 - [MESSAGE][WARNING] - A browser is already opened. Closing browser and opening a new one

2019-01-03 21:52:34 - [MESSAGE][PASSED] - Browser is opened with url: ''

2019-01-03 21:52:34 - [TEST_STEP][PASSED] - navigateToUrl: Navigate to 'https://assist2-uat.perkeso.gov.my/login' successfully

2019-01-03 21:52:35 - [MESSAGE][PASSED] - Navigate to 'https://assist2-uat.perkeso.gov.my/login' successfully

2019-01-03 21:52:35 - [TEST_STEP][PASSED] - setText: Text 'johorotc1@gmail.com' is set on object 'Object Repository/Final Object Repo/Login Page/Internal User/Email Address'

2019-01-03 21:52:35 - [MESSAGE][PASSED] - Text 'johorotc1@gmail.com' is set on object 'Object Repository/Final Object Repo/Login Page/Internal User/Email Address'

2019-01-03 21:52:35 - [TEST_STEP][PASSED] - click: Object: 'Object Repository/Final Object Repo/Login Page/Internal User/Next Button' is clicked on

2019-01-03 21:52:36 - [MESSAGE][PASSED] - Object: 'Object Repository/Final Object Repo/Login Page/Internal User/Next Button' is clicked on

2019-01-03 21:52:36 - [TEST_STEP][PASSED] - delay: Delayed 1 second(s)

2019-01-03 21:52:37 - [MESSAGE][PASSED] - Delayed 1 second(s)

2019-01-03 21:52:37 - [TEST_STEP][PASSED] - setEncryptedText: Text ****** has been set on object 'Object Repository/Final Object Repo/Login Page/Internal User/Password'

2019-01-03 21:52:37 - [MESSAGE][PASSED] - Text ****** has been set on object 'Object Repository/Final Object Repo/Login Page/Internal User/Password'

2019-01-03 21:52:37 - [TEST_STEP][PASSED] - click: Object: 'Object Repository/Final Object Repo/Login Page/Internal User/Login Button' is clicked on

2019-01-03 21:52:37 - [MESSAGE][PASSED] - Object: 'Object Repository/Final Object Repo/Login Page/Internal User/Login Button' is clicked on

2019-01-03 21:52:37 - [TEST_STEP][PASSED] - delay: Delayed 1 second(s)

2019-01-03 21:52:38 - [MESSAGE][PASSED] - Delayed 1 second(s)

2019-01-03 21:52:38 - [TEST_STEP][PASSED] - Statement - Try: Delayed 2 second(s)

2019-01-03 21:52:38 - [TEST_STEP][PASSED] - Statement - Checker = false: null

2019-01-03 21:52:38 - [TEST_STEP][PASSED] - Statement - Checker = com.kms.katalon.core.webui.keyword.WebUiBuiltInKeywords.verifyElementHasAttribute(com.kms.katalon.core.testobject.ObjectRepository.findTestObject(Final Object Repo/Landing Page/BM Detecting), "href", 20, OPTIONAL): Object 'Object Repository/Final Object Repo/Landing Page/BM Detecting' has attribute 'href'

2019-01-03 21:52:39 - [MESSAGE][PASSED] - Object 'Object Repository/Final Object Repo/Landing Page/BM Detecting' has attribute 'href'

2019-01-03 21:52:39 - [TEST_STEP][PASSED] - Statement - out.println(Checker): null

2019-01-03 21:52:39 - [TEST_STEP][PASSED] - Statement - If (Checker == false): null

2019-01-03 21:52:39 - [TEST_STEP][PASSED] - Statement - Else: null

2019-01-03 21:52:39 - [TEST_STEP][PASSED] - delay: Delayed 2 second(s)

2019-01-03 21:52:41 - [MESSAGE][PASSED] - Delayed 2 second(s)

2019-01-03 21:52:41 - [TEST_STEP][PASSED] - navigateToUrl: Navigate to 'https://assist2-uat.perkeso.gov.my/web/registration/search/search-pending-case-for-add-supporting-document' successfully

2019-01-03 21:52:42 - [MESSAGE][PASSED] - Navigate to 'https://assist2-uat.perkeso.gov.my/web/registration/search/search-pending-case-for-add-supporting-document' successfully

2019-01-03 21:52:42 - [TEST_STEP][PASSED] - click: Object: 'Object Repository/Final Object Repo/Page_Search Pending Case For Add Suporting Document/Search By' is clicked on

2019-01-03 21:52:42 - [MESSAGE][PASSED] - Object: 'Object Repository/Final Object Repo/Page_Search Pending Case For Add Suporting Document/Search By' is clicked on

2019-01-03 21:52:42 - [TEST_STEP][PASSED] - click: Object: 'Object Repository/Final Object Repo/Page_Search Pending Case For Add Suporting Document/Search By - Reference ID' is clicked on

2019-01-03 21:52:42 - [MESSAGE][PASSED] - Object: 'Object Repository/Final Object Repo/Page_Search Pending Case For Add Suporting Document/Search By - Reference ID' is clicked on

2019-01-03 21:52:42 - [TEST_STEP][PASSED] - delay: Delayed 2 second(s)

2019-01-03 21:52:44 - [MESSAGE][PASSED] - Delayed 2 second(s)

2019-01-03 21:52:44 - [TEST_STEP][PASSED] - setText: Text 'CUN012019C100006167' is set on object 'Object Repository/Final Object Repo/Page_Search Pending Case For Add Suporting Document/Reference ID'

2019-01-03 21:52:44 - [MESSAGE][PASSED] - Text 'CUN012019C100006167' is set on object 'Object Repository/Final Object Repo/Page_Search Pending Case For Add Suporting Document/Reference ID'

2019-01-03 21:52:44 - [TEST_STEP][PASSED] - click: Object: 'Object Repository/Final Object Repo/Page_Search Pending Case For Add Suporting Document/Search' is clicked on

2019-01-03 21:52:45 - [MESSAGE][PASSED] - Object: 'Object Repository/Final Object Repo/Page_Search Pending Case For Add Suporting Document/Search' is clicked on

2019-01-03 21:52:45 - [TEST_STEP][PASSED] - delay: Delayed 2 second(s)

2019-01-03 21:52:47 - [MESSAGE][PASSED] - Delayed 2 second(s)

2019-01-03 21:52:47 - [TEST_STEP][PASSED] - click: Object: 'Object Repository/Final Object Repo/Page_Search Pending Case For Add Suporting Document/Edit' is clicked on

2019-01-03 21:52:50 - [MESSAGE][PASSED] - Object: 'Object Repository/Final Object Repo/Page_Search Pending Case For Add Suporting Document/Edit' is clicked on

2019-01-03 21:52:50 - [MESSAGE][PASSED] - Call Test Case 'Test Cases/Final Aug 2018 - PKS Automation/Registration Module/Workflow/Search Pending Case For Add Supporting Document (OTC)' successfully

2019-01-03 21:52:50 - [TEST_STEP][PASSED] - click: Object: 'Object Repository/Final Object Repo/Page_Update Employee Information By Employee/Page_Update Employee Information by Employee (Query -OTC -UO)/Next' is clicked on

2019-01-03 21:52:53 - [MESSAGE][PASSED] - Object: 'Object Repository/Final Object Repo/Page_Update Employee Information By Employee/Page_Update Employee Information by Employee (Query -OTC -UO)/Next' is clicked on

2019-01-03 21:52:53 - [TEST_STEP][PASSED] - delay: Delayed 2 second(s)

2019-01-03 21:52:55 - [MESSAGE][PASSED] - Delayed 2 second(s)

2019-01-03 21:52:55 - [TEST_STEP][PASSED] - click: Object: 'Object Repository/Final Object Repo/Page_Update Employee Information By Employee/Page_Update Employee Information by Employee (Query -OTC -UO)/Add Document' is clicked on

2019-01-03 21:52:55 - [MESSAGE][PASSED] - Object: 'Object Repository/Final Object Repo/Page_Update Employee Information By Employee/Page_Update Employee Information by Employee (Query -OTC -UO)/Add Document' is clicked on

2019-01-03 21:52:55 - [TEST_STEP][PASSED] - delay: Delayed 2 second(s)

2019-01-03 21:52:57 - [MESSAGE][PASSED] - Delayed 2 second(s)

2019-01-03 21:52:57 - [TEST_STEP][PASSED] - click: Object: 'Object Repository/Final Object Repo/Page_Update Employee Information By Employee/Page_Update Employee Information by Employee (Query -OTC -UO)/Document Type' is clicked on

2019-01-03 21:52:58 - [MESSAGE][PASSED] - Object: 'Object Repository/Final Object Repo/Page_Update Employee Information By Employee/Page_Update Employee Information by Employee (Query -OTC -UO)/Document Type' is clicked on

2019-01-03 21:52:58 - [TEST_STEP][PASSED] - delay: Delayed 2 second(s)

2019-01-03 21:53:00 - [MESSAGE][PASSED] - Delayed 2 second(s)

2019-01-03 21:53:00 - [TEST_STEP][PASSED] - click: Object: 'Object Repository/Final Object Repo/Page_Update Employee Information By Employee/Page_Update Employee Information by Employee (Query -OTC -UO)/Document Type - Other' is clicked on

2019-01-03 21:53:01 - [MESSAGE][PASSED] - Object: 'Object Repository/Final Object Repo/Page_Update Employee Information By Employee/Page_Update Employee Information by Employee (Query -OTC -UO)/Document Type - Other' is clicked on

2019-01-03 21:53:01 - [TEST_STEP][PASSED] - delay: Delayed 2 second(s)

2019-01-03 21:53:03 - [MESSAGE][PASSED] - Delayed 2 second(s)

2019-01-03 21:53:03 - [TEST_STEP][PASSED] - sendKeys: Keys 'C:\Users\Public\Pictures\Sample Pictures\Koala.jpg' sent to object: 'Object Repository/Final Object Repo/Page_Update Employee Information By Employee/Page_Update Employee Information by Employee (Query -OTC -UO)/Uploading File'

2019-01-03 21:53:03 - [MESSAGE][PASSED] - Keys 'C:\Users\Public\Pictures\Sample Pictures\Koala.jpg' sent to object: 'Object Repository/Final Object Repo/Page_Update Employee Information By Employee/Page_Update Employee Information by Employee (Query -OTC -UO)/Uploading File'

2019-01-03 21:53:03 - [TEST_STEP][PASSED] - delay: Delayed 2 second(s)

2019-01-03 21:53:05 - [MESSAGE][PASSED] - Delayed 2 second(s)

2019-01-03 21:53:05 - [TEST_STEP][PASSED] - click: Object: 'Object Repository/Final Object Repo/Page_Update Employee Information By Employee/Page_Update Employee Information by Employee (Query -OTC -UO)/Add Document in Uploading Page' is clicked on

2019-01-03 21:53:05 - [MESSAGE][PASSED] - Object: 'Object Repository/Final Object Repo/Page_Update Employee Information By Employee/Page_Update Employee Information by Employee (Query -OTC -UO)/Add Document in Uploading Page' is clicked on

2019-01-03 21:53:05 - [TEST_STEP][PASSED] - delay: Delayed 2 second(s)

2019-01-03 21:53:07 - [MESSAGE][PASSED] - Delayed 2 second(s)

2019-01-03 21:53:07 - [TEST_STEP][PASSED] - click: Object: 'Object Repository/Final Object Repo/Page_Update Employee Information By Employee/Page_Update Employee Information by Employee (Query -OTC -UO)/Exit' is clicked on

2019-01-03 21:53:10 - [MESSAGE][PASSED] - Object: 'Object Repository/Final Object Repo/Page_Update Employee Information By Employee/Page_Update Employee Information by Employee (Query -OTC -UO)/Exit' is clicked on

2019-01-03 21:53:10 - [TEST_STEP][PASSED] - delay: Delayed 1 second(s)

2019-01-03 21:53:11 - [MESSAGE][PASSED] - Delayed 1 second(s)

2019-01-03 21:53:11 - [TEST_STEP][PASSED] - navigateToUrl: Navigate to 'https://assist2-uat.perkeso.gov.my/c/portal/logout' successfully

2019-01-03 21:53:11 - [MESSAGE][PASSED] - Navigate to 'https://assist2-uat.perkeso.gov.my/c/portal/logout' successfully

2019-01-03 21:53:11 - [TEST_STEP][PASSED] - delay: Delayed 1 second(s)

2019-01-03 21:53:12 - [MESSAGE][PASSED] - Delayed 1 second(s)

2019-01-03 21:53:12 - [TEST_STEP][PASSED] - callTestCase: Call Test Case 'Test Cases/Final Aug 2018 - PKS Automation/Registration Module/Workflow/Login and Search Case For Workflow' successfully

2019-01-03 21:53:12 - [TEST_CASE][PASSED] - Test Cases/Final Aug 2018 - PKS Automation/Registration Module/Workflow/Login and Search Case For Workflow: Test Cases/Final Aug 2018 - PKS Automation/Registration Module/Workflow/Login and Search Case For Workflow

2019-01-03 21:53:12 - [TEST_STEP][PASSED] - navigateToUrl: Navigate to 'https://assist2-uat.perkeso.gov.my/login' successfully

2019-01-03 21:53:13 - [MESSAGE][PASSED] - Navigate to 'https://assist2-uat.perkeso.gov.my/login' successfully

2019-01-03 21:53:13 - [TEST_STEP][PASSED] - setText: Text 'johoruo2@gmail.com' is set on object 'Object Repository/Final Object Repo/Login Page/Internal User/Email Address'

2019-01-03 21:53:13 - [MESSAGE][PASSED] - Text 'johoruo2@gmail.com' is set on object 'Object Repository/Final Object Repo/Login Page/Internal User/Email Address'

2019-01-03 21:53:13 - [TEST_STEP][PASSED] - click: Object: 'Object Repository/Final Object Repo/Login Page/Internal User/Next Button' is clicked on

2019-01-03 21:53:13 - [MESSAGE][PASSED] - Object: 'Object Repository/Final Object Repo/Login Page/Internal User/Next Button' is clicked on

2019-01-03 21:53:13 - [TEST_STEP][PASSED] - delay: Delayed 1 second(s)

2019-01-03 21:53:14 - [MESSAGE][PASSED] - Delayed 1 second(s)

2019-01-03 21:53:14 - [TEST_STEP][PASSED] - setEncryptedText: Text ****** has been set on object 'Object Repository/Final Object Repo/Login Page/Internal User/Password'

2019-01-03 21:53:15 - [MESSAGE][PASSED] - Text ****** has been set on object 'Object Repository/Final Object Repo/Login Page/Internal User/Password'

2019-01-03 21:53:15 - [TEST_STEP][PASSED] - click: Object: 'Object Repository/Final Object Repo/Login Page/Internal User/Login Button' is clicked on

2019-01-03 21:53:15 - [MESSAGE][PASSED] - Object: 'Object Repository/Final Object Repo/Login Page/Internal User/Login Button' is clicked on

2019-01-03 21:53:15 - [TEST_STEP][PASSED] - delay: Delayed 2 second(s)

2019-01-03 21:53:17 - [MESSAGE][PASSED] - Delayed 2 second(s)

2019-01-03 21:53:17 - [TEST_STEP][PASSED] - Statement - Try: Delayed 2 second(s)

2019-01-03 21:53:17 - [TEST_STEP][PASSED] - Statement - Checker = false: null

2019-01-03 21:53:17 - [TEST_STEP][PASSED] - Statement - Checker = com.kms.katalon.core.webui.keyword.WebUiBuiltInKeywords.verifyElementHasAttribute(com.kms.katalon.core.testobject.ObjectRepository.findTestObject(Final Object Repo/Landing Page/BM Detecting), "href", 20, OPTIONAL): Object 'Object Repository/Final Object Repo/Landing Page/BM Detecting' has attribute 'href'

2019-01-03 21:53:17 - [MESSAGE][PASSED] - Object 'Object Repository/Final Object Repo/Landing Page/BM Detecting' has attribute 'href'

2019-01-03 21:53:17 - [TEST_STEP][PASSED] - Statement - out.println(Checker): null

2019-01-03 21:53:17 - [TEST_STEP][PASSED] - Statement - If (Checker == false): null

2019-01-03 21:53:17 - [TEST_STEP][PASSED] - Statement - Else: null

2019-01-03 21:53:17 - [TEST_STEP][PASSED] - delay: Delayed 2 second(s)

2019-01-03 21:53:19 - [MESSAGE][PASSED] - Delayed 2 second(s)

2019-01-03 21:53:19 - [TEST_STEP][PASSED] - click: Object: 'Object Repository/Final Object Repo/Page_MyASSIST - ASSIST - Search Pending Case For Add Supporting Document/Search Information' is clicked on

2019-01-03 21:53:19 - [MESSAGE][PASSED] - Object: 'Object Repository/Final Object Repo/Page_MyASSIST - ASSIST - Search Pending Case For Add Supporting Document/Search Information' is clicked on

2019-01-03 21:53:19 - [TEST_STEP][PASSED] - delay: Delayed 3 second(s)

2019-01-03 21:53:22 - [MESSAGE][PASSED] - Delayed 3 second(s)

2019-01-03 21:53:22 - [TEST_STEP][PASSED] - sendKeys: Keys 'CUN012019C100006167' sent to object: 'Object Repository/Final Object Repo/Page_MyASSIST - ASSIST - Search Pending Case For Add Supporting Document/Reference No'

2019-01-03 21:53:22 - [MESSAGE][PASSED] - Keys 'CUN012019C100006167' sent to object: 'Object Repository/Final Object Repo/Page_MyASSIST - ASSIST - Search Pending Case For Add Supporting Document/Reference No'

2019-01-03 21:53:22 - [TEST_STEP][PASSED] - click: Object: 'Object Repository/Final Object Repo/Page_MyASSIST - ASSIST - Search Pending Case For Add Supporting Document/Search Reference No' is clicked on

2019-01-03 21:53:22 - [MESSAGE][PASSED] - Object: 'Object Repository/Final Object Repo/Page_MyASSIST - ASSIST - Search Pending Case For Add Supporting Document/Search Reference No' is clicked on

2019-01-03 21:53:22 - [TEST_STEP][PASSED] - delay: Delayed 2 second(s)

2019-01-03 21:53:24 - [MESSAGE][PASSED] - Delayed 2 second(s)

2019-01-03 21:53:24 - [TEST_STEP][PASSED] - click: Object: 'Object Repository/Final Object Repo/Page_MyASSIST - ASSIST - Search Pending Case For Add Supporting Document/Continue' is clicked on

2019-01-03 21:53:29 - [MESSAGE][PASSED] - Object: 'Object Repository/Final Object Repo/Page_MyASSIST - ASSIST - Search Pending Case For Add Supporting Document/Continue' is clicked on

2019-01-03 21:53:29 - [TEST_STEP][PASSED] - delay: Delayed 20 second(s)

2019-01-03 21:53:49 - [MESSAGE][PASSED] - Delayed 20 second(s)

2019-01-03 21:53:49 - [MESSAGE][PASSED] - Call Test Case 'Test Cases/Final Aug 2018 - PKS Automation/Registration Module/Workflow/Login and Search Case For Workflow' successfully

2019-01-03 21:53:49 - [TEST_STEP][PASSED] - click: Object: 'Object Repository/Final Object Repo/Page_Update Employee Information By Employer/Page_Update Employee Information by Employer (Approve)/Continue' is clicked on

2019-01-03 21:53:52 - [MESSAGE][PASSED] - Object: 'Object Repository/Final Object Repo/Page_Update Employee Information By Employer/Page_Update Employee Information by Employer (Approve)/Continue' is clicked on

2019-01-03 21:53:52 - [TEST_STEP][PASSED] - delay: Delayed 2 second(s)

2019-01-03 21:53:54 - [MESSAGE][PASSED] - Delayed 2 second(s)

2019-01-03 21:53:54 - [TEST_STEP][PASSED] - click: Object: 'Object Repository/Final Object Repo/Page_Update Employee Information By Employer/Page_Update Employee Information by Employer (Approve)/Save  Continue in Update Employee Information Page' is clicked on

2019-01-03 21:53:54 - [MESSAGE][PASSED] - Object: 'Object Repository/Final Object Repo/Page_Update Employee Information By Employer/Page_Update Employee Information by Employer (Approve)/Save  Continue in Update Employee Information Page' is clicked on

2019-01-03 21:53:54 - [TEST_STEP][PASSED] - delay: Delayed 2 second(s)

2019-01-03 21:53:56 - [MESSAGE][PASSED] - Delayed 2 second(s)

2019-01-03 21:53:56 - [TEST_STEP][PASSED] - click: Object: 'Object Repository/Final Object Repo/Page_Update Employee Information By Employer/Page_Update Employee Information by Employer (Approve)/Save  Continue in Upload Supporting Doucument Page' is clicked on

2019-01-03 21:53:57 - [MESSAGE][PASSED] - Object: 'Object Repository/Final Object Repo/Page_Update Employee Information By Employer/Page_Update Employee Information by Employer (Approve)/Save  Continue in Upload Supporting Doucument Page' is clicked on

2019-01-03 21:53:57 - [TEST_STEP][PASSED] - delay: Delayed 2 second(s)

2019-01-03 21:53:59 - [MESSAGE][PASSED] - Delayed 2 second(s)

2019-01-03 21:53:59 - [TEST_STEP][PASSED] - click: Object: 'Object Repository/Final Object Repo/Page_Update Employee Information By Employer/Page_Update Employee Information by Employer (Approve)/Approve' is clicked on

2019-01-03 21:54:01 - [MESSAGE][PASSED] - Object: 'Object Repository/Final Object Repo/Page_Update Employee Information By Employer/Page_Update Employee Information by Employer (Approve)/Approve' is clicked on

2019-01-03 21:54:01 - [TEST_STEP][PASSED] - delay: Delayed 2 second(s)

2019-01-03 21:54:03 - [MESSAGE][PASSED] - Delayed 2 second(s)

2019-01-03 21:54:03 - [TEST_STEP][PASSED] - click: Object: 'Object Repository/Final Object Repo/Page_Update Employee Information By Employer/Page_Update Employee Information by Employer (Approve)/Confirm' is clicked on

2019-01-03 21:54:03 - [MESSAGE][PASSED] - Object: 'Object Repository/Final Object Repo/Page_Update Employee Information By Employer/Page_Update Employee Information by Employer (Approve)/Confirm' is clicked on

2019-01-03 21:54:03 - [TEST_STEP][PASSED] - delay: Delayed 2 second(s)

2019-01-03 21:54:05 - [MESSAGE][PASSED] - Delayed 2 second(s)

2019-01-03 21:54:05 - [TEST_STEP][PASSED] - click: Object: 'Object Repository/Final Object Repo/Page_Update Employee Information By Employee/Page_Update Employee Information By Employee (Approve)/Message Your Request    Update Emp' is clicked on

2019-01-03 21:54:09 - [MESSAGE][PASSED] - Object: 'Object Repository/Final Object Repo/Page_Update Employee Information By Employee/Page_Update Employee Information By Employee (Approve)/Message Your Request    Update Emp' is clicked on

2019-01-03 21:54:09 - [TEST_STEP][PASSED] - click: Object: 'Object Repository/Final Object Repo/Page_Update Employee Information By Employee/Page_Update Employee Information By Employee (Approve)/Letter of successful update' is clicked on

2019-01-03 21:54:10 - [MESSAGE][PASSED] - Object: 'Object Repository/Final Object Repo/Page_Update Employee Information By Employee/Page_Update Employee Information By Employee (Approve)/Letter of successful update' is clicked on

2019-01-03 21:54:10 - [MESSAGE][PASSED] - Call Test Case 'Test Cases/Final Aug 2018 - PKS Automation/Registration Module/Workflow/Update Employee Information (Employee)/Template/Update Employee Information - Special Case - UO (Query)' successfully]]></system-out>
         <system-err><![CDATA[]]></system-err>
      </testcase>
      <testcase name="Test Cases/Final Aug 2018 - PKS Automation/Registration Module/Workflow/Update Employee Information (Employee)/OTC to UO (Reject)" classname="Test Cases/Final Aug 2018 - PKS Automation/Registration Module/Workflow/Update Employee Information (Employee)/OTC to UO (Reject)" status="PASSED">
         <system-out><![CDATA[2019-01-03 21:54:10 - [TEST_CASE][PASSED] - Test Cases/Final Aug 2018 - PKS Automation/Registration Module/Workflow/Update Employee Information (Employee)/OTC to UO (Reject): Test Cases/Final Aug 2018 - PKS Automation/Registration Module/Workflow/Update Employee Information (Employee)/OTC to UO (Reject)

2019-01-03 21:54:10 - [TEST_STEP][PASSED] - callTestCase: Call Test Case 'Test Cases/Final Aug 2018 - PKS Automation/Registration Module/Workflow/Update Employee Information (Employee)/Template/Update Employee Information - Special Case (OTC)' successfully

2019-01-03 21:54:10 - [TEST_CASE][PASSED] - Test Cases/Final Aug 2018 - PKS Automation/Registration Module/Workflow/Update Employee Information (Employee)/Template/Update Employee Information - Special Case (OTC): Test Cases/Final Aug 2018 - PKS Automation/Registration Module/Workflow/Update Employee Information (Employee)/Template/Update Employee Information - Special Case (OTC)

2019-01-03 21:54:10 - [TEST_STEP][PASSED] - openBrowser: Browser is opened with url: ''

2019-01-03 21:54:10 - [MESSAGE][WARNING] - A browser is already opened. Closing browser and opening a new one

2019-01-03 21:54:14 - [MESSAGE][PASSED] - Browser is opened with url: ''

2019-01-03 21:54:14 - [TEST_STEP][PASSED] - navigateToUrl: Navigate to 'https://assist2-uat.perkeso.gov.my/login' successfully

2019-01-03 21:54:15 - [MESSAGE][PASSED] - Navigate to 'https://assist2-uat.perkeso.gov.my/login' successfully

2019-01-03 21:54:15 - [TEST_STEP][PASSED] - setText: Text 'johorotc1@gmail.com' is set on object 'Object Repository/Final Object Repo/Login Page/Internal User/Email Address'

2019-01-03 21:54:15 - [MESSAGE][PASSED] - Text 'johorotc1@gmail.com' is set on object 'Object Repository/Final Object Repo/Login Page/Internal User/Email Address'

2019-01-03 21:54:15 - [TEST_STEP][PASSED] - click: Object: 'Object Repository/Final Object Repo/Login Page/Internal User/Next Button' is clicked on

2019-01-03 21:54:15 - [MESSAGE][PASSED] - Object: 'Object Repository/Final Object Repo/Login Page/Internal User/Next Button' is clicked on

2019-01-03 21:54:15 - [TEST_STEP][PASSED] - delay: Delayed 1 second(s)

2019-01-03 21:54:16 - [MESSAGE][PASSED] - Delayed 1 second(s)

2019-01-03 21:54:16 - [TEST_STEP][PASSED] - setEncryptedText: Text ****** has been set on object 'Object Repository/Final Object Repo/Login Page/Internal User/Password'

2019-01-03 21:54:17 - [MESSAGE][PASSED] - Text ****** has been set on object 'Object Repository/Final Object Repo/Login Page/Internal User/Password'

2019-01-03 21:54:17 - [TEST_STEP][PASSED] - click: Object: 'Object Repository/Final Object Repo/Login Page/Internal User/Login Button' is clicked on

2019-01-03 21:54:17 - [MESSAGE][PASSED] - Object: 'Object Repository/Final Object Repo/Login Page/Internal User/Login Button' is clicked on

2019-01-03 21:54:17 - [TEST_STEP][PASSED] - Statement - tester = com.kms.katalon.core.testobject.ObjectRepository.findTestObject(Final Object Repo/Landing Page/Select to English): Finding Test Object with id 'Object Repository/Final Object Repo/Landing Page/Select to English'

2019-01-03 21:54:17 - [TEST_STEP][PASSED] - Statement - Try: Delayed 2 second(s)

2019-01-03 21:54:17 - [TEST_STEP][PASSED] - Statement - Checker = com.kms.katalon.core.webui.keyword.WebUiBuiltInKeywords.verifyElementNotPresent(tester, 3): Web element with id: 'Object Repository/Final Object Repo/Landing Page/Select to English' located by 'By.xpath: //a[@class = 'taglib-language-list-text' and @lang = 'en-US' and (contains(text(), 'EN') or contains(., 'EN'))]' is not present after '3' second(s)

2019-01-03 21:54:19 - [MESSAGE][PASSED] - Web element with id: 'Object Repository/Final Object Repo/Landing Page/Select to English' located by 'By.xpath: //a[@class = 'taglib-language-list-text' and @lang = 'en-US' and (contains(text(), 'EN') or contains(., 'EN'))]' is not present after '3' second(s)

2019-01-03 21:54:19 - [TEST_STEP][PASSED] - Statement - If (Checker == false): null

2019-01-03 21:54:19 - [TEST_STEP][PASSED] - delay: Delayed 2 second(s)

2019-01-03 21:54:21 - [MESSAGE][PASSED] - Delayed 2 second(s)

2019-01-03 21:54:21 - [TEST_STEP][PASSED] - delay: Delayed 5 second(s)

2019-01-03 21:54:26 - [MESSAGE][PASSED] - Delayed 5 second(s)

2019-01-03 21:54:26 - [TEST_STEP][PASSED] - navigateToUrl: Navigate to 'https://assist2-uat.perkeso.gov.my/web/registration/update/update-employee-information-employee-' successfully

2019-01-03 21:54:27 - [MESSAGE][PASSED] - Navigate to 'https://assist2-uat.perkeso.gov.my/web/registration/update/update-employee-information-employee-' successfully

2019-01-03 21:54:27 - [TEST_STEP][PASSED] - click: Object: 'Object Repository/Final Object Repo/Page_Update Employee Information By Employee/Type of Identification' is clicked on

2019-01-03 21:54:27 - [MESSAGE][PASSED] - Object: 'Object Repository/Final Object Repo/Page_Update Employee Information By Employee/Type of Identification' is clicked on

2019-01-03 21:54:27 - [TEST_STEP][PASSED] - click: Object: 'Object Repository/Final Object Repo/Page Update Employee Information By Employee/Type of Identification - Name' is clicked on

2019-01-03 21:54:27 - [MESSAGE][PASSED] - Object: 'Object Repository/Final Object Repo/Page Update Employee Information By Employee/Type of Identification - Name' is clicked on

2019-01-03 21:54:27 - [TEST_STEP][PASSED] - setText: Text 'YUKI JR B' is set on object 'Object Repository/Final Object Repo/Page_Update Employee Information By Employee/New Identification'

2019-01-03 21:54:27 - [MESSAGE][PASSED] - Text 'YUKI JR B' is set on object 'Object Repository/Final Object Repo/Page_Update Employee Information By Employee/New Identification'

2019-01-03 21:54:27 - [TEST_STEP][PASSED] - click: Object: 'Object Repository/Final Object Repo/Page_Update Employee Information By Employee/Search Button' is clicked on

2019-01-03 21:54:27 - [MESSAGE][PASSED] - Object: 'Object Repository/Final Object Repo/Page_Update Employee Information By Employee/Search Button' is clicked on

2019-01-03 21:54:27 - [TEST_STEP][PASSED] - click: Object: 'Object Repository/Final Object Repo/Page_Update Employee Information By Employee/Edit Button' is clicked on

2019-01-03 21:54:32 - [MESSAGE][PASSED] - Object: 'Object Repository/Final Object Repo/Page_Update Employee Information By Employee/Edit Button' is clicked on

2019-01-03 21:54:32 - [TEST_STEP][PASSED] - delay: Delayed 2 second(s)

2019-01-03 21:54:34 - [MESSAGE][PASSED] - Delayed 2 second(s)

2019-01-03 21:54:34 - [TEST_STEP][PASSED] - click: Object: 'Object Repository/Final Object Repo/Page_Update Employee Information By Employee/Employee Information Edit Button' is clicked on

2019-01-03 21:54:34 - [MESSAGE][PASSED] - Object: 'Object Repository/Final Object Repo/Page_Update Employee Information By Employee/Employee Information Edit Button' is clicked on

2019-01-03 21:54:34 - [TEST_STEP][PASSED] - delay: Delayed 2 second(s)

2019-01-03 21:54:36 - [MESSAGE][PASSED] - Delayed 2 second(s)

2019-01-03 21:54:36 - [TEST_STEP][PASSED] - click: Object: 'Object Repository/Final Object Repo/Page_Update Employee Information By Employee/New Identification Number' is clicked on

2019-01-03 21:54:36 - [MESSAGE][PASSED] - Object: 'Object Repository/Final Object Repo/Page_Update Employee Information By Employee/New Identification Number' is clicked on

2019-01-03 21:54:36 - [TEST_STEP][PASSED] - setText: Text '' is set on object 'Object Repository/Final Object Repo/Page_Update Employee Information By Employee/New Identification Number'

2019-01-03 21:54:36 - [MESSAGE][PASSED] - Text '' is set on object 'Object Repository/Final Object Repo/Page_Update Employee Information By Employee/New Identification Number'

2019-01-03 21:54:36 - [TEST_STEP][PASSED] - Statement - rnd = new java.util.Random(): null

2019-01-03 21:54:36 - [TEST_STEP][PASSED] - Statement - snum = rnd.nextInt(899999 + 1) + 100000: null

2019-01-03 21:54:36 - [TEST_STEP][PASSED] - Statement - tnum = rnd.nextInt(899999 + 1) + 100000: null

2019-01-03 21:54:36 - [TEST_STEP][PASSED] - Statement - IC = java.lang.Integer.toString(snum) + java.lang.Integer.toString(tnum): null

2019-01-03 21:54:36 - [TEST_STEP][PASSED] - Statement - out.println(IC): null

2019-01-03 21:54:36 - [TEST_STEP][PASSED] - setText: Text '641293216237' is set on object 'Object Repository/Final Object Repo/Page_Update Employee Information By Employee/New Identification Number'

2019-01-03 21:54:36 - [MESSAGE][PASSED] - Text '641293216237' is set on object 'Object Repository/Final Object Repo/Page_Update Employee Information By Employee/New Identification Number'

2019-01-03 21:54:36 - [TEST_STEP][PASSED] - delay: Delayed 2 second(s)

2019-01-03 21:54:38 - [MESSAGE][PASSED] - Delayed 2 second(s)

2019-01-03 21:54:38 - [TEST_STEP][PASSED] - click: Object: 'Object Repository/Final Object Repo/Page_Update Employee Information By Employee/Save' is clicked on

2019-01-03 21:54:39 - [MESSAGE][PASSED] - Object: 'Object Repository/Final Object Repo/Page_Update Employee Information By Employee/Save' is clicked on

2019-01-03 21:54:39 - [TEST_STEP][PASSED] - delay: Delayed 10 second(s)

2019-01-03 21:54:49 - [MESSAGE][PASSED] - Delayed 10 second(s)

2019-01-03 21:54:49 - [TEST_STEP][PASSED] - click: Object: 'Object Repository/Final Object Repo/Page_Update Employee Information By Employee/Save  Continue in Update Employee Information' is clicked on

2019-01-03 21:54:49 - [MESSAGE][PASSED] - Object: 'Object Repository/Final Object Repo/Page_Update Employee Information By Employee/Save  Continue in Update Employee Information' is clicked on

2019-01-03 21:54:49 - [TEST_STEP][PASSED] - delay: Delayed 2 second(s)

2019-01-03 21:54:51 - [MESSAGE][PASSED] - Delayed 2 second(s)

2019-01-03 21:54:51 - [TEST_STEP][PASSED] - click: Object: 'Object Repository/Final Object Repo/Page_Update Employee Information By Employee/Save  Continue in Uploading Page' is clicked on

2019-01-03 21:54:52 - [MESSAGE][PASSED] - Object: 'Object Repository/Final Object Repo/Page_Update Employee Information By Employee/Save  Continue in Uploading Page' is clicked on

2019-01-03 21:54:52 - [TEST_STEP][PASSED] - delay: Delayed 2 second(s)

2019-01-03 21:54:54 - [MESSAGE][PASSED] - Delayed 2 second(s)

2019-01-03 21:54:54 - [TEST_STEP][PASSED] - Statement - CaseReferenceNo = com.kms.katalon.core.webui.keyword.WebUiBuiltInKeywords.getText(com.kms.katalon.core.testobject.ObjectRepository.findTestObject(Final Object Repo/Page_Update Employer Information/Reference Number in Update Employee Information Page)): Text of object 'Object Repository/Final Object Repo/Page_Update Employer Information/Reference Number in Update Employee Information Page' is: 'CUN012019C100006168'

2019-01-03 21:54:56 - [MESSAGE][PASSED] - Text of object 'Object Repository/Final Object Repo/Page_Update Employer Information/Reference Number in Update Employee Information Page' is: 'CUN012019C100006168'

2019-01-03 21:54:56 - [TEST_STEP][PASSED] - callTestCase: Call Test Case 'Test Cases/Final Aug 2018 - PKS Automation/Common/Reference Number Setter' successfully

2019-01-03 21:54:56 - [TEST_CASE][PASSED] - Test Cases/Final Aug 2018 - PKS Automation/Common/Reference Number Setter: Test Cases/Final Aug 2018 - PKS Automation/Common/Reference Number Setter

2019-01-03 21:54:56 - [TEST_STEP][PASSED] - Statement - RefNoOldFile = new java.io.File(C://Users//Admin//Desktop//PKS//Automation Reference Point//KatalonReference.txt): null

2019-01-03 21:54:56 - [TEST_STEP][PASSED] - Statement - RefNoOldFile.delete(): null

2019-01-03 21:54:56 - [TEST_STEP][PASSED] - delay: Delayed 5 second(s)

2019-01-03 21:55:01 - [MESSAGE][PASSED] - Delayed 5 second(s)

2019-01-03 21:55:01 - [TEST_STEP][PASSED] - Statement - RefNo = new java.io.File(C://Users//Admin//Desktop//PKS//Automation Reference Point//KatalonReference.txt): null

2019-01-03 21:55:01 - [TEST_STEP][PASSED] - Statement - f2 = new java.io.FileWriter(RefNo, false): null

2019-01-03 21:55:01 - [TEST_STEP][PASSED] - Statement - f2.write(CaseReferenceNo): null

2019-01-03 21:55:01 - [TEST_STEP][PASSED] - Statement - f2.close(): null

2019-01-03 21:55:01 - [TEST_STEP][PASSED] - Statement - out.println("


" + CaseReferenceNo + "


"): null

2019-01-03 21:55:01 - [MESSAGE][PASSED] - Call Test Case 'Test Cases/Final Aug 2018 - PKS Automation/Common/Reference Number Setter' successfully

2019-01-03 21:55:01 - [TEST_STEP][PASSED] - delay: Delayed 2 second(s)

2019-01-03 21:55:03 - [MESSAGE][PASSED] - Delayed 2 second(s)

2019-01-03 21:55:03 - [TEST_STEP][PASSED] - click: Object: 'Object Repository/Final Object Repo/Page_Update Employee Information By Employee/Submit' is clicked on

2019-01-03 21:55:03 - [MESSAGE][PASSED] - Object: 'Object Repository/Final Object Repo/Page_Update Employee Information By Employee/Submit' is clicked on

2019-01-03 21:55:03 - [TEST_STEP][PASSED] - delay: Delayed 2 second(s)

2019-01-03 21:55:05 - [MESSAGE][PASSED] - Delayed 2 second(s)

2019-01-03 21:55:05 - [TEST_STEP][PASSED] - click: Object: 'Object Repository/Final Object Repo/Page_Update Employee Information By Employee/Confirm Button' is clicked on

2019-01-03 21:55:05 - [MESSAGE][PASSED] - Object: 'Object Repository/Final Object Repo/Page_Update Employee Information By Employee/Confirm Button' is clicked on

2019-01-03 21:55:05 - [TEST_STEP][PASSED] - delay: Delayed 2 second(s)

2019-01-03 21:55:07 - [MESSAGE][PASSED] - Delayed 2 second(s)

2019-01-03 21:55:07 - [TEST_STEP][PASSED] - click: Object: 'Object Repository/Final Object Repo/Page_Update Employee Information By Employee/Successful Message Routed to UO' is clicked on

2019-01-03 21:55:09 - [MESSAGE][PASSED] - Object: 'Object Repository/Final Object Repo/Page_Update Employee Information By Employee/Successful Message Routed to UO' is clicked on

2019-01-03 21:55:09 - [MESSAGE][PASSED] - Call Test Case 'Test Cases/Final Aug 2018 - PKS Automation/Registration Module/Workflow/Update Employee Information (Employee)/Template/Update Employee Information - Special Case (OTC)' successfully

2019-01-03 21:55:09 - [TEST_STEP][PASSED] - callTestCase: Call Test Case 'Test Cases/Final Aug 2018 - PKS Automation/Registration Module/Workflow/Update Employee Information (Employee)/Template/Update Employee Information - Special Case - UO (Reject)' successfully

2019-01-03 21:55:09 - [TEST_CASE][PASSED] - Test Cases/Final Aug 2018 - PKS Automation/Registration Module/Workflow/Update Employee Information (Employee)/Template/Update Employee Information - Special Case - UO (Reject): Test Cases/Final Aug 2018 - PKS Automation/Registration Module/Workflow/Update Employee Information (Employee)/Template/Update Employee Information - Special Case - UO (Reject)

2019-01-03 21:55:09 - [TEST_STEP][NOT_RUN] - callTestCase: NOT_RUN: callTestCase

2019-01-03 21:55:09 - [MESSAGE][NOT_RUN] - NOT_RUN: callTestCase

2019-01-03 21:55:09 - [TEST_STEP][PASSED] - delay: Delayed 2 second(s)

2019-01-03 21:55:11 - [MESSAGE][PASSED] - Delayed 2 second(s)

2019-01-03 21:55:11 - [TEST_STEP][PASSED] - navigateToUrl: Navigate to 'https://assist2-uat.perkeso.gov.my/c/portal/logout' successfully

2019-01-03 21:55:12 - [MESSAGE][PASSED] - Navigate to 'https://assist2-uat.perkeso.gov.my/c/portal/logout' successfully

2019-01-03 21:55:12 - [TEST_STEP][PASSED] - delay: Delayed 2 second(s)

2019-01-03 21:55:14 - [MESSAGE][PASSED] - Delayed 2 second(s)

2019-01-03 21:55:14 - [TEST_STEP][PASSED] - callTestCase: Call Test Case 'Test Cases/Final Aug 2018 - PKS Automation/Common/Reference Number Getter' successfully

2019-01-03 21:55:14 - [TEST_CASE][PASSED] - Test Cases/Final Aug 2018 - PKS Automation/Common/Reference Number Getter: Test Cases/Final Aug 2018 - PKS Automation/Common/Reference Number Getter

2019-01-03 21:55:14 - [TEST_STEP][PASSED] - Statement - Try: null

2019-01-03 21:55:14 - [TEST_STEP][PASSED] - Statement - RefNo = new java.io.File(C://Users//Admin//Desktop//PKS//Automation Reference Point//KatalonReference.txt): null

2019-01-03 21:55:14 - [TEST_STEP][PASSED] - Statement - bufferread = new java.io.BufferedReader(new java.io.FileReader(RefNo)): null

2019-01-03 21:55:14 - [TEST_STEP][PASSED] - Statement - readedVal = bufferread.readLine(): null

2019-01-03 21:55:14 - [TEST_STEP][PASSED] - Statement - out.println(CaseReferenceNo): null

2019-01-03 21:55:14 - [TEST_STEP][PASSED] - Statement - out.println(readedVal): null

2019-01-03 21:55:14 - [TEST_STEP][PASSED] - Statement - CaseReferenceNo = "": null

2019-01-03 21:55:14 - [TEST_STEP][PASSED] - Statement - CaseReferenceNo = readedVal: null

2019-01-03 21:55:14 - [MESSAGE][PASSED] - Call Test Case 'Test Cases/Final Aug 2018 - PKS Automation/Common/Reference Number Getter' successfully

2019-01-03 21:55:14 - [TEST_STEP][PASSED] - callTestCase: Call Test Case 'Test Cases/Final Aug 2018 - PKS Automation/Common/Workflow Owner Finder' successfully

2019-01-03 21:55:14 - [TEST_CASE][PASSED] - Test Cases/Final Aug 2018 - PKS Automation/Common/Workflow Owner Finder: Test Cases/Final Aug 2018 - PKS Automation/Common/Workflow Owner Finder

2019-01-03 21:55:14 - [TEST_STEP][PASSED] - openBrowser: Browser is opened with url: ''

2019-01-03 21:55:15 - [MESSAGE][WARNING] - A browser is already opened. Closing browser and opening a new one

2019-01-03 21:55:18 - [MESSAGE][PASSED] - Browser is opened with url: ''

2019-01-03 21:55:18 - [TEST_STEP][PASSED] - navigateToUrl: Navigate to 'https://assist2-uat.perkeso.gov.my/login' successfully

2019-01-03 21:55:19 - [MESSAGE][PASSED] - Navigate to 'https://assist2-uat.perkeso.gov.my/login' successfully

2019-01-03 21:55:19 - [TEST_STEP][PASSED] - delay: Delayed 5 second(s)

2019-01-03 21:55:24 - [MESSAGE][PASSED] - Delayed 5 second(s)

2019-01-03 21:55:24 - [TEST_STEP][PASSED] - setText: Text 'test@liferay.com' is set on object 'Object Repository/Final Object Repo/Login Page/Internal User/Email Address'

2019-01-03 21:55:25 - [MESSAGE][PASSED] - Text 'test@liferay.com' is set on object 'Object Repository/Final Object Repo/Login Page/Internal User/Email Address'

2019-01-03 21:55:25 - [TEST_STEP][PASSED] - click: Object: 'Object Repository/Final Object Repo/Login Page/Internal User/Next Button' is clicked on

2019-01-03 21:55:25 - [MESSAGE][PASSED] - Object: 'Object Repository/Final Object Repo/Login Page/Internal User/Next Button' is clicked on

2019-01-03 21:55:25 - [TEST_STEP][PASSED] - delay: Delayed 2 second(s)

2019-01-03 21:55:27 - [MESSAGE][PASSED] - Delayed 2 second(s)

2019-01-03 21:55:27 - [TEST_STEP][PASSED] - setText: Text 'test' is set on object 'Object Repository/Final Object Repo/Login Page/Internal User/Password'

2019-01-03 21:55:27 - [MESSAGE][PASSED] - Text 'test' is set on object 'Object Repository/Final Object Repo/Login Page/Internal User/Password'

2019-01-03 21:55:27 - [TEST_STEP][PASSED] - delay: Delayed 2 second(s)

2019-01-03 21:55:29 - [MESSAGE][PASSED] - Delayed 2 second(s)

2019-01-03 21:55:29 - [TEST_STEP][PASSED] - click: Object: 'Object Repository/Final Object Repo/Login Page/Internal User/Login Button' is clicked on

2019-01-03 21:55:29 - [MESSAGE][PASSED] - Object: 'Object Repository/Final Object Repo/Login Page/Internal User/Login Button' is clicked on

2019-01-03 21:55:29 - [TEST_STEP][PASSED] - Statement - tester = com.kms.katalon.core.testobject.ObjectRepository.findTestObject(Final Object Repo/Landing Page/Select to English): Finding Test Object with id 'Object Repository/Final Object Repo/Landing Page/Select to English'

2019-01-03 21:55:29 - [TEST_STEP][PASSED] - Statement - Try: Delayed 2 second(s)

2019-01-03 21:55:29 - [TEST_STEP][PASSED] - Statement - Checker = com.kms.katalon.core.webui.keyword.WebUiBuiltInKeywords.verifyElementNotPresent(tester, 3): Web element with id: 'Object Repository/Final Object Repo/Landing Page/Select to English' located by 'By.xpath: //a[@class = 'taglib-language-list-text' and @lang = 'en-US' and (contains(text(), 'EN') or contains(., 'EN'))]' is not present after '3' second(s)

2019-01-03 21:55:31 - [MESSAGE][PASSED] - Web element with id: 'Object Repository/Final Object Repo/Landing Page/Select to English' located by 'By.xpath: //a[@class = 'taglib-language-list-text' and @lang = 'en-US' and (contains(text(), 'EN') or contains(., 'EN'))]' is not present after '3' second(s)

2019-01-03 21:55:31 - [TEST_STEP][PASSED] - Statement - If (Checker == false): null

2019-01-03 21:55:31 - [TEST_STEP][PASSED] - delay: Delayed 2 second(s)

2019-01-03 21:55:33 - [MESSAGE][PASSED] - Delayed 2 second(s)

2019-01-03 21:55:33 - [TEST_STEP][PASSED] - delay: Delayed 5 second(s)

2019-01-03 21:55:38 - [MESSAGE][PASSED] - Delayed 5 second(s)

2019-01-03 21:55:38 - [TEST_STEP][PASSED] - mouseOver: Object: 'Object Repository/Final Object Repo/Landing Page/WorkFlow Menu' is hovered

2019-01-03 21:55:38 - [MESSAGE][PASSED] - Object: 'Object Repository/Final Object Repo/Landing Page/WorkFlow Menu' is hovered

2019-01-03 21:55:38 - [TEST_STEP][PASSED] - delay: Delayed 2 second(s)

2019-01-03 21:55:40 - [MESSAGE][PASSED] - Delayed 2 second(s)

2019-01-03 21:55:40 - [TEST_STEP][PASSED] - click: Object: 'Object Repository/Final Object Repo/Landing Page/Select to Workflow Listing' is clicked on

2019-01-03 21:55:41 - [MESSAGE][PASSED] - Object: 'Object Repository/Final Object Repo/Landing Page/Select to Workflow Listing' is clicked on

2019-01-03 21:55:41 - [TEST_STEP][PASSED] - delay: Delayed 2 second(s)

2019-01-03 21:55:43 - [MESSAGE][PASSED] - Delayed 2 second(s)

2019-01-03 21:55:43 - [TEST_STEP][PASSED] - click: Object: 'Object Repository/Final Object Repo/WorkFlow Listing Page/Search Information - To Put Ref No' is clicked on

2019-01-03 21:55:43 - [MESSAGE][PASSED] - Object: 'Object Repository/Final Object Repo/WorkFlow Listing Page/Search Information - To Put Ref No' is clicked on

2019-01-03 21:55:43 - [TEST_STEP][PASSED] - delay: Delayed 2 second(s)

2019-01-03 21:55:45 - [MESSAGE][PASSED] - Delayed 2 second(s)

2019-01-03 21:55:45 - [TEST_STEP][PASSED] - callTestCase: Call Test Case 'Test Cases/Final Aug 2018 - PKS Automation/Common/Reference Number Getter' successfully

2019-01-03 21:55:45 - [TEST_CASE][PASSED] - Test Cases/Final Aug 2018 - PKS Automation/Common/Reference Number Getter: Test Cases/Final Aug 2018 - PKS Automation/Common/Reference Number Getter

2019-01-03 21:55:46 - [TEST_STEP][PASSED] - Statement - Try: null

2019-01-03 21:55:46 - [TEST_STEP][PASSED] - Statement - RefNo = new java.io.File(C://Users//Admin//Desktop//PKS//Automation Reference Point//KatalonReference.txt): null

2019-01-03 21:55:46 - [TEST_STEP][PASSED] - Statement - bufferread = new java.io.BufferedReader(new java.io.FileReader(RefNo)): null

2019-01-03 21:55:46 - [TEST_STEP][PASSED] - Statement - readedVal = bufferread.readLine(): null

2019-01-03 21:55:46 - [TEST_STEP][PASSED] - Statement - out.println(CaseReferenceNo): null

2019-01-03 21:55:46 - [TEST_STEP][PASSED] - Statement - out.println(readedVal): null

2019-01-03 21:55:46 - [TEST_STEP][PASSED] - Statement - CaseReferenceNo = "": null

2019-01-03 21:55:46 - [TEST_STEP][PASSED] - Statement - CaseReferenceNo = readedVal: null

2019-01-03 21:55:46 - [MESSAGE][PASSED] - Call Test Case 'Test Cases/Final Aug 2018 - PKS Automation/Common/Reference Number Getter' successfully

2019-01-03 21:55:46 - [TEST_STEP][PASSED] - setText: Text 'CUN012019C100006168' is set on object 'Object Repository/Final Object Repo/WorkFlow Listing Page/Ref No Set Text'

2019-01-03 21:55:46 - [MESSAGE][PASSED] - Text 'CUN012019C100006168' is set on object 'Object Repository/Final Object Repo/WorkFlow Listing Page/Ref No Set Text'

2019-01-03 21:55:46 - [TEST_STEP][PASSED] - delay: Delayed 2 second(s)

2019-01-03 21:55:48 - [MESSAGE][PASSED] - Delayed 2 second(s)

2019-01-03 21:55:48 - [TEST_STEP][PASSED] - click: Object: 'Object Repository/Final Object Repo/WorkFlow Listing Page/Search Ref No Search Button' is clicked on

2019-01-03 21:55:48 - [MESSAGE][PASSED] - Object: 'Object Repository/Final Object Repo/WorkFlow Listing Page/Search Ref No Search Button' is clicked on

2019-01-03 21:55:48 - [TEST_STEP][PASSED] - delay: Delayed 6 second(s)

2019-01-03 21:55:54 - [MESSAGE][PASSED] - Delayed 6 second(s)

2019-01-03 21:55:54 - [TEST_STEP][PASSED] - click: Object: 'Object Repository/Final Object Repo/WorkFlow Listing Page/Click Continue Tooltip' is clicked on

2019-01-03 21:55:55 - [MESSAGE][PASSED] - Object: 'Object Repository/Final Object Repo/WorkFlow Listing Page/Click Continue Tooltip' is clicked on

2019-01-03 21:55:55 - [TEST_STEP][PASSED] - delay: Delayed 5 second(s)

2019-01-03 21:56:00 - [MESSAGE][PASSED] - Delayed 5 second(s)

2019-01-03 21:56:00 - [TEST_STEP][PASSED] - doubleClick: Object: 'Object Repository/Final Object Repo/WorkFlow Listing Page/Workflow Found - Listing 1' is double clicked on

2019-01-03 21:56:00 - [MESSAGE][PASSED] - Object: 'Object Repository/Final Object Repo/WorkFlow Listing Page/Workflow Found - Listing 1' is double clicked on

2019-01-03 21:56:00 - [TEST_STEP][PASSED] - Statement - println(OwnerID): null

2019-01-03 21:56:00 - [TEST_STEP][PASSED] - Statement - OwnerID = com.kms.katalon.core.webui.keyword.WebUiBuiltInKeywords.getText(com.kms.katalon.core.testobject.ObjectRepository.findTestObject(Final Object Repo/WorkFlow Listing Page/Workflow Found - Listing 1), STOP_ON_FAILURE): Text of object 'Object Repository/Final Object Repo/WorkFlow Listing Page/Workflow Found - Listing 1' is: 'JOHORuo3'

2019-01-03 21:56:00 - [MESSAGE][PASSED] - Text of object 'Object Repository/Final Object Repo/WorkFlow Listing Page/Workflow Found - Listing 1' is: 'JOHORuo3'

2019-01-03 21:56:00 - [TEST_STEP][PASSED] - Statement - OwnerID = OwnerID.toLowerCase() + "@gmail.com": null

2019-01-03 21:56:00 - [TEST_STEP][PASSED] - Statement - println(OwnerID): null

2019-01-03 21:56:00 - [TEST_STEP][PASSED] - delay: Delayed 2 second(s)

2019-01-03 21:56:02 - [MESSAGE][PASSED] - Delayed 2 second(s)

2019-01-03 21:56:02 - [MESSAGE][PASSED] - Call Test Case 'Test Cases/Final Aug 2018 - PKS Automation/Common/Workflow Owner Finder' successfully

2019-01-03 21:56:02 - [TEST_STEP][PASSED] - delay: Delayed 2 second(s)

2019-01-03 21:56:04 - [MESSAGE][PASSED] - Delayed 2 second(s)

2019-01-03 21:56:04 - [TEST_STEP][PASSED] - navigateToUrl: Navigate to 'https://assist2-uat.perkeso.gov.my/c/portal/logout' successfully

2019-01-03 21:56:05 - [MESSAGE][PASSED] - Navigate to 'https://assist2-uat.perkeso.gov.my/c/portal/logout' successfully

2019-01-03 21:56:05 - [TEST_STEP][PASSED] - delay: Delayed 2 second(s)

2019-01-03 21:56:07 - [MESSAGE][PASSED] - Delayed 2 second(s)

2019-01-03 21:56:07 - [TEST_STEP][PASSED] - callTestCase: Call Test Case 'Test Cases/Final Aug 2018 - PKS Automation/Registration Module/Workflow/Login and Search Case For Workflow' successfully

2019-01-03 21:56:07 - [TEST_CASE][PASSED] - Test Cases/Final Aug 2018 - PKS Automation/Registration Module/Workflow/Login and Search Case For Workflow: Test Cases/Final Aug 2018 - PKS Automation/Registration Module/Workflow/Login and Search Case For Workflow

2019-01-03 21:56:07 - [TEST_STEP][PASSED] - navigateToUrl: Navigate to 'https://assist2-uat.perkeso.gov.my/login' successfully

2019-01-03 21:56:08 - [MESSAGE][PASSED] - Navigate to 'https://assist2-uat.perkeso.gov.my/login' successfully

2019-01-03 21:56:08 - [TEST_STEP][PASSED] - setText: Text 'johoruo3@gmail.com' is set on object 'Object Repository/Final Object Repo/Login Page/Internal User/Email Address'

2019-01-03 21:56:08 - [MESSAGE][PASSED] - Text 'johoruo3@gmail.com' is set on object 'Object Repository/Final Object Repo/Login Page/Internal User/Email Address'

2019-01-03 21:56:08 - [TEST_STEP][PASSED] - click: Object: 'Object Repository/Final Object Repo/Login Page/Internal User/Next Button' is clicked on

2019-01-03 21:56:08 - [MESSAGE][PASSED] - Object: 'Object Repository/Final Object Repo/Login Page/Internal User/Next Button' is clicked on

2019-01-03 21:56:08 - [TEST_STEP][PASSED] - delay: Delayed 1 second(s)

2019-01-03 21:56:09 - [MESSAGE][PASSED] - Delayed 1 second(s)

2019-01-03 21:56:09 - [TEST_STEP][PASSED] - setEncryptedText: Text ****** has been set on object 'Object Repository/Final Object Repo/Login Page/Internal User/Password'

2019-01-03 21:56:09 - [MESSAGE][PASSED] - Text ****** has been set on object 'Object Repository/Final Object Repo/Login Page/Internal User/Password'

2019-01-03 21:56:09 - [TEST_STEP][PASSED] - click: Object: 'Object Repository/Final Object Repo/Login Page/Internal User/Login Button' is clicked on

2019-01-03 21:56:09 - [MESSAGE][PASSED] - Object: 'Object Repository/Final Object Repo/Login Page/Internal User/Login Button' is clicked on

2019-01-03 21:56:09 - [TEST_STEP][PASSED] - delay: Delayed 2 second(s)

2019-01-03 21:56:11 - [MESSAGE][PASSED] - Delayed 2 second(s)

2019-01-03 21:56:11 - [TEST_STEP][PASSED] - Statement - Try: Delayed 2 second(s)

2019-01-03 21:56:11 - [TEST_STEP][PASSED] - Statement - Checker = false: null

2019-01-03 21:56:11 - [TEST_STEP][PASSED] - Statement - Checker = com.kms.katalon.core.webui.keyword.WebUiBuiltInKeywords.verifyElementHasAttribute(com.kms.katalon.core.testobject.ObjectRepository.findTestObject(Final Object Repo/Landing Page/BM Detecting), "href", 20, OPTIONAL): Object 'Object Repository/Final Object Repo/Landing Page/BM Detecting' has attribute 'href'

2019-01-03 21:56:11 - [MESSAGE][PASSED] - Object 'Object Repository/Final Object Repo/Landing Page/BM Detecting' has attribute 'href'

2019-01-03 21:56:11 - [TEST_STEP][PASSED] - Statement - out.println(Checker): null

2019-01-03 21:56:11 - [TEST_STEP][PASSED] - Statement - If (Checker == false): null

2019-01-03 21:56:11 - [TEST_STEP][PASSED] - Statement - Else: null

2019-01-03 21:56:11 - [TEST_STEP][PASSED] - delay: Delayed 2 second(s)

2019-01-03 21:56:13 - [MESSAGE][PASSED] - Delayed 2 second(s)

2019-01-03 21:56:13 - [TEST_STEP][PASSED] - click: Object: 'Object Repository/Final Object Repo/Page_MyASSIST - ASSIST - Search Pending Case For Add Supporting Document/Search Information' is clicked on

2019-01-03 21:56:14 - [MESSAGE][PASSED] - Object: 'Object Repository/Final Object Repo/Page_MyASSIST - ASSIST - Search Pending Case For Add Supporting Document/Search Information' is clicked on

2019-01-03 21:56:14 - [TEST_STEP][PASSED] - delay: Delayed 3 second(s)

2019-01-03 21:56:17 - [MESSAGE][PASSED] - Delayed 3 second(s)

2019-01-03 21:56:17 - [TEST_STEP][PASSED] - sendKeys: Keys 'CUN012019C100006168' sent to object: 'Object Repository/Final Object Repo/Page_MyASSIST - ASSIST - Search Pending Case For Add Supporting Document/Reference No'

2019-01-03 21:56:17 - [MESSAGE][PASSED] - Keys 'CUN012019C100006168' sent to object: 'Object Repository/Final Object Repo/Page_MyASSIST - ASSIST - Search Pending Case For Add Supporting Document/Reference No'

2019-01-03 21:56:17 - [TEST_STEP][PASSED] - click: Object: 'Object Repository/Final Object Repo/Page_MyASSIST - ASSIST - Search Pending Case For Add Supporting Document/Search Reference No' is clicked on

2019-01-03 21:56:17 - [MESSAGE][PASSED] - Object: 'Object Repository/Final Object Repo/Page_MyASSIST - ASSIST - Search Pending Case For Add Supporting Document/Search Reference No' is clicked on

2019-01-03 21:56:17 - [TEST_STEP][PASSED] - delay: Delayed 2 second(s)

2019-01-03 21:56:19 - [MESSAGE][PASSED] - Delayed 2 second(s)

2019-01-03 21:56:19 - [TEST_STEP][PASSED] - click: Object: 'Object Repository/Final Object Repo/Page_MyASSIST - ASSIST - Search Pending Case For Add Supporting Document/Continue' is clicked on

2019-01-03 21:56:23 - [MESSAGE][PASSED] - Object: 'Object Repository/Final Object Repo/Page_MyASSIST - ASSIST - Search Pending Case For Add Supporting Document/Continue' is clicked on

2019-01-03 21:56:23 - [TEST_STEP][PASSED] - delay: Delayed 20 second(s)

2019-01-03 21:56:43 - [MESSAGE][PASSED] - Delayed 20 second(s)

2019-01-03 21:56:43 - [MESSAGE][PASSED] - Call Test Case 'Test Cases/Final Aug 2018 - PKS Automation/Registration Module/Workflow/Login and Search Case For Workflow' successfully

2019-01-03 21:56:43 - [TEST_STEP][PASSED] - delay: Delayed 2 second(s)

2019-01-03 21:56:45 - [MESSAGE][PASSED] - Delayed 2 second(s)

2019-01-03 21:56:45 - [TEST_STEP][PASSED] - click: Object: 'Object Repository/Final Object Repo/Page_Update Employee Information By Employee/Page_Update Employee Information By Employee (Approve)/Continue' is clicked on

2019-01-03 21:56:48 - [MESSAGE][PASSED] - Object: 'Object Repository/Final Object Repo/Page_Update Employee Information By Employee/Page_Update Employee Information By Employee (Approve)/Continue' is clicked on

2019-01-03 21:56:48 - [TEST_STEP][PASSED] - delay: Delayed 10 second(s)

2019-01-03 21:56:58 - [MESSAGE][PASSED] - Delayed 10 second(s)

2019-01-03 21:56:58 - [TEST_STEP][PASSED] - click: Object: 'Object Repository/Final Object Repo/Page_Update Employee Information By Employer/Page_Update Employee Information by Employer (Approve)/Save  Continue in Update Employee Information Page' is clicked on

2019-01-03 21:56:58 - [MESSAGE][PASSED] - Object: 'Object Repository/Final Object Repo/Page_Update Employee Information By Employer/Page_Update Employee Information by Employer (Approve)/Save  Continue in Update Employee Information Page' is clicked on

2019-01-03 21:56:58 - [TEST_STEP][PASSED] - delay: Delayed 2 second(s)

2019-01-03 21:57:00 - [MESSAGE][PASSED] - Delayed 2 second(s)

2019-01-03 21:57:00 - [TEST_STEP][PASSED] - click: Object: 'Object Repository/Final Object Repo/Page_Update Employee Information By Employer/Page_Update Employee Information by Employer (Approve)/Save  Continue in Upload Supporting Doucument Page' is clicked on

2019-01-03 21:57:02 - [MESSAGE][PASSED] - Object: 'Object Repository/Final Object Repo/Page_Update Employee Information By Employer/Page_Update Employee Information by Employer (Approve)/Save  Continue in Upload Supporting Doucument Page' is clicked on

2019-01-03 21:57:02 - [TEST_STEP][PASSED] - delay: Delayed 2 second(s)

2019-01-03 21:57:04 - [MESSAGE][PASSED] - Delayed 2 second(s)

2019-01-03 21:57:04 - [TEST_STEP][PASSED] - click: Object: 'Object Repository/Final Object Repo/Page_Update Employee Information By Employee/Page_Update Employee Information by Employee (Reject)/Reject' is clicked on

2019-01-03 21:57:06 - [MESSAGE][PASSED] - Object: 'Object Repository/Final Object Repo/Page_Update Employee Information By Employee/Page_Update Employee Information by Employee (Reject)/Reject' is clicked on

2019-01-03 21:57:06 - [TEST_STEP][PASSED] - delay: Delayed 2 second(s)

2019-01-03 21:57:08 - [MESSAGE][PASSED] - Delayed 2 second(s)

2019-01-03 21:57:08 - [TEST_STEP][PASSED] - click: Object: 'Object Repository/Final Object Repo/Page_Update Employee Information By Employee/Page_Update Employee Information by Employee (Reject)/Confirm' is clicked on

2019-01-03 21:57:08 - [MESSAGE][PASSED] - Object: 'Object Repository/Final Object Repo/Page_Update Employee Information By Employee/Page_Update Employee Information by Employee (Reject)/Confirm' is clicked on

2019-01-03 21:57:08 - [TEST_STEP][PASSED] - delay: Delayed 2 second(s)

2019-01-03 21:57:10 - [MESSAGE][PASSED] - Delayed 2 second(s)

2019-01-03 21:57:10 - [TEST_STEP][PASSED] - verifyElementVisible: Object 'Object Repository/Final Object Repo/Page_Update Employee Information By Employee/Page_Update Employee Information by Employee (Reject)/Message This Case has been Rejected' is visible

2019-01-03 21:57:13 - [MESSAGE][PASSED] - Object 'Object Repository/Final Object Repo/Page_Update Employee Information By Employee/Page_Update Employee Information by Employee (Reject)/Message This Case has been Rejected' is visible

2019-01-03 21:57:13 - [TEST_STEP][PASSED] - verifyElementVisible: Object 'Object Repository/Final Object Repo/Page_Update Employee Information By Employee/Page_Update Employee Information by Employee (Reject)/Letter of update rejection' is visible

2019-01-03 21:57:13 - [MESSAGE][PASSED] - Object 'Object Repository/Final Object Repo/Page_Update Employee Information By Employee/Page_Update Employee Information by Employee (Reject)/Letter of update rejection' is visible

2019-01-03 21:57:13 - [MESSAGE][PASSED] - Call Test Case 'Test Cases/Final Aug 2018 - PKS Automation/Registration Module/Workflow/Update Employee Information (Employee)/Template/Update Employee Information - Special Case - UO (Reject)' successfully]]></system-out>
         <system-err><![CDATA[]]></system-err>
      </testcase>
      <testcase name="Test Cases/Final Aug 2018 - PKS Automation/Registration Module/Workflow/Update Employee Information (Employee)/OTC to UO (Under enforcement)" classname="Test Cases/Final Aug 2018 - PKS Automation/Registration Module/Workflow/Update Employee Information (Employee)/OTC to UO (Under enforcement)" status="PASSED">
         <system-out><![CDATA[2019-01-03 21:57:13 - [TEST_CASE][PASSED] - Test Cases/Final Aug 2018 - PKS Automation/Registration Module/Workflow/Update Employee Information (Employee)/OTC to UO (Under enforcement): Test Cases/Final Aug 2018 - PKS Automation/Registration Module/Workflow/Update Employee Information (Employee)/OTC to UO (Under enforcement)

2019-01-03 21:57:13 - [TEST_STEP][PASSED] - callTestCase: Call Test Case 'Test Cases/Final Aug 2018 - PKS Automation/Registration Module/Workflow/Update Employee Information (Employee)/Template/Update Employee Information - Special Case (OTC)' successfully

2019-01-03 21:57:13 - [TEST_CASE][PASSED] - Test Cases/Final Aug 2018 - PKS Automation/Registration Module/Workflow/Update Employee Information (Employee)/Template/Update Employee Information - Special Case (OTC): Test Cases/Final Aug 2018 - PKS Automation/Registration Module/Workflow/Update Employee Information (Employee)/Template/Update Employee Information - Special Case (OTC)

2019-01-03 21:57:13 - [TEST_STEP][PASSED] - openBrowser: Browser is opened with url: ''

2019-01-03 21:57:13 - [MESSAGE][WARNING] - A browser is already opened. Closing browser and opening a new one

2019-01-03 21:57:17 - [MESSAGE][PASSED] - Browser is opened with url: ''

2019-01-03 21:57:17 - [TEST_STEP][PASSED] - navigateToUrl: Navigate to 'https://assist2-uat.perkeso.gov.my/login' successfully

2019-01-03 21:57:18 - [MESSAGE][PASSED] - Navigate to 'https://assist2-uat.perkeso.gov.my/login' successfully

2019-01-03 21:57:18 - [TEST_STEP][PASSED] - setText: Text 'johorotc1@gmail.com' is set on object 'Object Repository/Final Object Repo/Login Page/Internal User/Email Address'

2019-01-03 21:57:18 - [MESSAGE][PASSED] - Text 'johorotc1@gmail.com' is set on object 'Object Repository/Final Object Repo/Login Page/Internal User/Email Address'

2019-01-03 21:57:18 - [TEST_STEP][PASSED] - click: Object: 'Object Repository/Final Object Repo/Login Page/Internal User/Next Button' is clicked on

2019-01-03 21:57:19 - [MESSAGE][PASSED] - Object: 'Object Repository/Final Object Repo/Login Page/Internal User/Next Button' is clicked on

2019-01-03 21:57:19 - [TEST_STEP][PASSED] - delay: Delayed 1 second(s)

2019-01-03 21:57:20 - [MESSAGE][PASSED] - Delayed 1 second(s)

2019-01-03 21:57:20 - [TEST_STEP][PASSED] - setEncryptedText: Text ****** has been set on object 'Object Repository/Final Object Repo/Login Page/Internal User/Password'

2019-01-03 21:57:20 - [MESSAGE][PASSED] - Text ****** has been set on object 'Object Repository/Final Object Repo/Login Page/Internal User/Password'

2019-01-03 21:57:20 - [TEST_STEP][PASSED] - click: Object: 'Object Repository/Final Object Repo/Login Page/Internal User/Login Button' is clicked on

2019-01-03 21:57:20 - [MESSAGE][PASSED] - Object: 'Object Repository/Final Object Repo/Login Page/Internal User/Login Button' is clicked on

2019-01-03 21:57:20 - [TEST_STEP][PASSED] - Statement - tester = com.kms.katalon.core.testobject.ObjectRepository.findTestObject(Final Object Repo/Landing Page/Select to English): Finding Test Object with id 'Object Repository/Final Object Repo/Landing Page/Select to English'

2019-01-03 21:57:20 - [TEST_STEP][PASSED] - Statement - Try: Delayed 2 second(s)

2019-01-03 21:57:20 - [TEST_STEP][PASSED] - Statement - Checker = com.kms.katalon.core.webui.keyword.WebUiBuiltInKeywords.verifyElementNotPresent(tester, 3): Web element with id: 'Object Repository/Final Object Repo/Landing Page/Select to English' located by 'By.xpath: //a[@class = 'taglib-language-list-text' and @lang = 'en-US' and (contains(text(), 'EN') or contains(., 'EN'))]' is not present after '3' second(s)

2019-01-03 21:57:22 - [MESSAGE][PASSED] - Web element with id: 'Object Repository/Final Object Repo/Landing Page/Select to English' located by 'By.xpath: //a[@class = 'taglib-language-list-text' and @lang = 'en-US' and (contains(text(), 'EN') or contains(., 'EN'))]' is not present after '3' second(s)

2019-01-03 21:57:22 - [TEST_STEP][PASSED] - Statement - If (Checker == false): null

2019-01-03 21:57:22 - [TEST_STEP][PASSED] - delay: Delayed 2 second(s)

2019-01-03 21:57:24 - [MESSAGE][PASSED] - Delayed 2 second(s)

2019-01-03 21:57:24 - [TEST_STEP][PASSED] - delay: Delayed 5 second(s)

2019-01-03 21:57:29 - [MESSAGE][PASSED] - Delayed 5 second(s)

2019-01-03 21:57:29 - [TEST_STEP][PASSED] - navigateToUrl: Navigate to 'https://assist2-uat.perkeso.gov.my/web/registration/update/update-employee-information-employee-' successfully

2019-01-03 21:57:30 - [MESSAGE][PASSED] - Navigate to 'https://assist2-uat.perkeso.gov.my/web/registration/update/update-employee-information-employee-' successfully

2019-01-03 21:57:30 - [TEST_STEP][PASSED] - click: Object: 'Object Repository/Final Object Repo/Page_Update Employee Information By Employee/Type of Identification' is clicked on

2019-01-03 21:57:30 - [MESSAGE][PASSED] - Object: 'Object Repository/Final Object Repo/Page_Update Employee Information By Employee/Type of Identification' is clicked on

2019-01-03 21:57:30 - [TEST_STEP][PASSED] - click: Object: 'Object Repository/Final Object Repo/Page Update Employee Information By Employee/Type of Identification - Name' is clicked on

2019-01-03 21:57:30 - [MESSAGE][PASSED] - Object: 'Object Repository/Final Object Repo/Page Update Employee Information By Employee/Type of Identification - Name' is clicked on

2019-01-03 21:57:30 - [TEST_STEP][PASSED] - setText: Text 'YUKI JR B' is set on object 'Object Repository/Final Object Repo/Page_Update Employee Information By Employee/New Identification'

2019-01-03 21:57:30 - [MESSAGE][PASSED] - Text 'YUKI JR B' is set on object 'Object Repository/Final Object Repo/Page_Update Employee Information By Employee/New Identification'

2019-01-03 21:57:30 - [TEST_STEP][PASSED] - click: Object: 'Object Repository/Final Object Repo/Page_Update Employee Information By Employee/Search Button' is clicked on

2019-01-03 21:57:30 - [MESSAGE][PASSED] - Object: 'Object Repository/Final Object Repo/Page_Update Employee Information By Employee/Search Button' is clicked on

2019-01-03 21:57:30 - [TEST_STEP][PASSED] - click: Object: 'Object Repository/Final Object Repo/Page_Update Employee Information By Employee/Edit Button' is clicked on

2019-01-03 21:57:35 - [MESSAGE][PASSED] - Object: 'Object Repository/Final Object Repo/Page_Update Employee Information By Employee/Edit Button' is clicked on

2019-01-03 21:57:35 - [TEST_STEP][PASSED] - delay: Delayed 2 second(s)

2019-01-03 21:57:37 - [MESSAGE][PASSED] - Delayed 2 second(s)

2019-01-03 21:57:37 - [TEST_STEP][PASSED] - click: Object: 'Object Repository/Final Object Repo/Page_Update Employee Information By Employee/Employee Information Edit Button' is clicked on

2019-01-03 21:57:37 - [MESSAGE][PASSED] - Object: 'Object Repository/Final Object Repo/Page_Update Employee Information By Employee/Employee Information Edit Button' is clicked on

2019-01-03 21:57:37 - [TEST_STEP][PASSED] - delay: Delayed 2 second(s)

2019-01-03 21:57:39 - [MESSAGE][PASSED] - Delayed 2 second(s)

2019-01-03 21:57:39 - [TEST_STEP][PASSED] - click: Object: 'Object Repository/Final Object Repo/Page_Update Employee Information By Employee/New Identification Number' is clicked on

2019-01-03 21:57:39 - [MESSAGE][PASSED] - Object: 'Object Repository/Final Object Repo/Page_Update Employee Information By Employee/New Identification Number' is clicked on

2019-01-03 21:57:39 - [TEST_STEP][PASSED] - setText: Text '' is set on object 'Object Repository/Final Object Repo/Page_Update Employee Information By Employee/New Identification Number'

2019-01-03 21:57:39 - [MESSAGE][PASSED] - Text '' is set on object 'Object Repository/Final Object Repo/Page_Update Employee Information By Employee/New Identification Number'

2019-01-03 21:57:39 - [TEST_STEP][PASSED] - Statement - rnd = new java.util.Random(): null

2019-01-03 21:57:39 - [TEST_STEP][PASSED] - Statement - snum = rnd.nextInt(899999 + 1) + 100000: null

2019-01-03 21:57:39 - [TEST_STEP][PASSED] - Statement - tnum = rnd.nextInt(899999 + 1) + 100000: null

2019-01-03 21:57:39 - [TEST_STEP][PASSED] - Statement - IC = java.lang.Integer.toString(snum) + java.lang.Integer.toString(tnum): null

2019-01-03 21:57:39 - [TEST_STEP][PASSED] - Statement - out.println(IC): null

2019-01-03 21:57:39 - [TEST_STEP][PASSED] - setText: Text '592278660803' is set on object 'Object Repository/Final Object Repo/Page_Update Employee Information By Employee/New Identification Number'

2019-01-03 21:57:40 - [MESSAGE][PASSED] - Text '592278660803' is set on object 'Object Repository/Final Object Repo/Page_Update Employee Information By Employee/New Identification Number'

2019-01-03 21:57:40 - [TEST_STEP][PASSED] - delay: Delayed 2 second(s)

2019-01-03 21:57:42 - [MESSAGE][PASSED] - Delayed 2 second(s)

2019-01-03 21:57:42 - [TEST_STEP][PASSED] - click: Object: 'Object Repository/Final Object Repo/Page_Update Employee Information By Employee/Save' is clicked on

2019-01-03 21:57:42 - [MESSAGE][PASSED] - Object: 'Object Repository/Final Object Repo/Page_Update Employee Information By Employee/Save' is clicked on

2019-01-03 21:57:42 - [TEST_STEP][PASSED] - delay: Delayed 10 second(s)

2019-01-03 21:57:52 - [MESSAGE][PASSED] - Delayed 10 second(s)

2019-01-03 21:57:52 - [TEST_STEP][PASSED] - click: Object: 'Object Repository/Final Object Repo/Page_Update Employee Information By Employee/Save  Continue in Update Employee Information' is clicked on

2019-01-03 21:57:52 - [MESSAGE][PASSED] - Object: 'Object Repository/Final Object Repo/Page_Update Employee Information By Employee/Save  Continue in Update Employee Information' is clicked on

2019-01-03 21:57:52 - [TEST_STEP][PASSED] - delay: Delayed 2 second(s)

2019-01-03 21:57:54 - [MESSAGE][PASSED] - Delayed 2 second(s)

2019-01-03 21:57:54 - [TEST_STEP][PASSED] - click: Object: 'Object Repository/Final Object Repo/Page_Update Employee Information By Employee/Save  Continue in Uploading Page' is clicked on

2019-01-03 21:57:55 - [MESSAGE][PASSED] - Object: 'Object Repository/Final Object Repo/Page_Update Employee Information By Employee/Save  Continue in Uploading Page' is clicked on

2019-01-03 21:57:55 - [TEST_STEP][PASSED] - delay: Delayed 2 second(s)

2019-01-03 21:57:57 - [MESSAGE][PASSED] - Delayed 2 second(s)

2019-01-03 21:57:57 - [TEST_STEP][PASSED] - Statement - CaseReferenceNo = com.kms.katalon.core.webui.keyword.WebUiBuiltInKeywords.getText(com.kms.katalon.core.testobject.ObjectRepository.findTestObject(Final Object Repo/Page_Update Employer Information/Reference Number in Update Employee Information Page)): Text of object 'Object Repository/Final Object Repo/Page_Update Employer Information/Reference Number in Update Employee Information Page' is: 'CUN012019C100006169'

2019-01-03 21:57:59 - [MESSAGE][PASSED] - Text of object 'Object Repository/Final Object Repo/Page_Update Employer Information/Reference Number in Update Employee Information Page' is: 'CUN012019C100006169'

2019-01-03 21:57:59 - [TEST_STEP][PASSED] - callTestCase: Call Test Case 'Test Cases/Final Aug 2018 - PKS Automation/Common/Reference Number Setter' successfully

2019-01-03 21:57:59 - [TEST_CASE][PASSED] - Test Cases/Final Aug 2018 - PKS Automation/Common/Reference Number Setter: Test Cases/Final Aug 2018 - PKS Automation/Common/Reference Number Setter

2019-01-03 21:57:59 - [TEST_STEP][PASSED] - Statement - RefNoOldFile = new java.io.File(C://Users//Admin//Desktop//PKS//Automation Reference Point//KatalonReference.txt): null

2019-01-03 21:57:59 - [TEST_STEP][PASSED] - Statement - RefNoOldFile.delete(): null

2019-01-03 21:57:59 - [TEST_STEP][PASSED] - delay: Delayed 5 second(s)

2019-01-03 21:58:04 - [MESSAGE][PASSED] - Delayed 5 second(s)

2019-01-03 21:58:04 - [TEST_STEP][PASSED] - Statement - RefNo = new java.io.File(C://Users//Admin//Desktop//PKS//Automation Reference Point//KatalonReference.txt): null

2019-01-03 21:58:04 - [TEST_STEP][PASSED] - Statement - f2 = new java.io.FileWriter(RefNo, false): null

2019-01-03 21:58:04 - [TEST_STEP][PASSED] - Statement - f2.write(CaseReferenceNo): null

2019-01-03 21:58:04 - [TEST_STEP][PASSED] - Statement - f2.close(): null

2019-01-03 21:58:04 - [TEST_STEP][PASSED] - Statement - out.println("


" + CaseReferenceNo + "


"): null

2019-01-03 21:58:04 - [MESSAGE][PASSED] - Call Test Case 'Test Cases/Final Aug 2018 - PKS Automation/Common/Reference Number Setter' successfully

2019-01-03 21:58:04 - [TEST_STEP][PASSED] - delay: Delayed 2 second(s)

2019-01-03 21:58:06 - [MESSAGE][PASSED] - Delayed 2 second(s)

2019-01-03 21:58:06 - [TEST_STEP][PASSED] - click: Object: 'Object Repository/Final Object Repo/Page_Update Employee Information By Employee/Submit' is clicked on

2019-01-03 21:58:06 - [MESSAGE][PASSED] - Object: 'Object Repository/Final Object Repo/Page_Update Employee Information By Employee/Submit' is clicked on

2019-01-03 21:58:06 - [TEST_STEP][PASSED] - delay: Delayed 2 second(s)

2019-01-03 21:58:08 - [MESSAGE][PASSED] - Delayed 2 second(s)

2019-01-03 21:58:08 - [TEST_STEP][PASSED] - click: Object: 'Object Repository/Final Object Repo/Page_Update Employee Information By Employee/Confirm Button' is clicked on

2019-01-03 21:58:09 - [MESSAGE][PASSED] - Object: 'Object Repository/Final Object Repo/Page_Update Employee Information By Employee/Confirm Button' is clicked on

2019-01-03 21:58:09 - [TEST_STEP][PASSED] - delay: Delayed 2 second(s)

2019-01-03 21:58:11 - [MESSAGE][PASSED] - Delayed 2 second(s)

2019-01-03 21:58:11 - [TEST_STEP][PASSED] - click: Object: 'Object Repository/Final Object Repo/Page_Update Employee Information By Employee/Successful Message Routed to UO' is clicked on

2019-01-03 21:58:12 - [MESSAGE][PASSED] - Object: 'Object Repository/Final Object Repo/Page_Update Employee Information By Employee/Successful Message Routed to UO' is clicked on

2019-01-03 21:58:12 - [MESSAGE][PASSED] - Call Test Case 'Test Cases/Final Aug 2018 - PKS Automation/Registration Module/Workflow/Update Employee Information (Employee)/Template/Update Employee Information - Special Case (OTC)' successfully

2019-01-03 21:58:12 - [TEST_STEP][PASSED] - callTestCase: Call Test Case 'Test Cases/Final Aug 2018 - PKS Automation/Registration Module/Workflow/Update Employee Information (Employee)/Template/Update Employee Information - Special Case - UO (Under enforcement)' successfully

2019-01-03 21:58:12 - [TEST_CASE][PASSED] - Test Cases/Final Aug 2018 - PKS Automation/Registration Module/Workflow/Update Employee Information (Employee)/Template/Update Employee Information - Special Case - UO (Under enforcement): Test Cases/Final Aug 2018 - PKS Automation/Registration Module/Workflow/Update Employee Information (Employee)/Template/Update Employee Information - Special Case - UO (Under enforcement)

2019-01-03 21:58:12 - [TEST_STEP][NOT_RUN] - callTestCase: NOT_RUN: callTestCase

2019-01-03 21:58:12 - [MESSAGE][NOT_RUN] - NOT_RUN: callTestCase

2019-01-03 21:58:12 - [TEST_STEP][PASSED] - delay: Delayed 2 second(s)

2019-01-03 21:58:14 - [MESSAGE][PASSED] - Delayed 2 second(s)

2019-01-03 21:58:14 - [TEST_STEP][PASSED] - navigateToUrl: Navigate to 'https://assist2-uat.perkeso.gov.my/c/portal/logout' successfully

2019-01-03 21:58:15 - [MESSAGE][PASSED] - Navigate to 'https://assist2-uat.perkeso.gov.my/c/portal/logout' successfully

2019-01-03 21:58:15 - [TEST_STEP][PASSED] - delay: Delayed 2 second(s)

2019-01-03 21:58:17 - [MESSAGE][PASSED] - Delayed 2 second(s)

2019-01-03 21:58:17 - [TEST_STEP][PASSED] - callTestCase: Call Test Case 'Test Cases/Final Aug 2018 - PKS Automation/Common/Reference Number Getter' successfully

2019-01-03 21:58:17 - [TEST_CASE][PASSED] - Test Cases/Final Aug 2018 - PKS Automation/Common/Reference Number Getter: Test Cases/Final Aug 2018 - PKS Automation/Common/Reference Number Getter

2019-01-03 21:58:17 - [TEST_STEP][PASSED] - Statement - Try: null

2019-01-03 21:58:17 - [TEST_STEP][PASSED] - Statement - RefNo = new java.io.File(C://Users//Admin//Desktop//PKS//Automation Reference Point//KatalonReference.txt): null

2019-01-03 21:58:17 - [TEST_STEP][PASSED] - Statement - bufferread = new java.io.BufferedReader(new java.io.FileReader(RefNo)): null

2019-01-03 21:58:17 - [TEST_STEP][PASSED] - Statement - readedVal = bufferread.readLine(): null

2019-01-03 21:58:17 - [TEST_STEP][PASSED] - Statement - out.println(CaseReferenceNo): null

2019-01-03 21:58:17 - [TEST_STEP][PASSED] - Statement - out.println(readedVal): null

2019-01-03 21:58:17 - [TEST_STEP][PASSED] - Statement - CaseReferenceNo = "": null

2019-01-03 21:58:17 - [TEST_STEP][PASSED] - Statement - CaseReferenceNo = readedVal: null

2019-01-03 21:58:17 - [MESSAGE][PASSED] - Call Test Case 'Test Cases/Final Aug 2018 - PKS Automation/Common/Reference Number Getter' successfully

2019-01-03 21:58:17 - [TEST_STEP][PASSED] - callTestCase: Call Test Case 'Test Cases/Final Aug 2018 - PKS Automation/Common/Workflow Owner Finder' successfully

2019-01-03 21:58:17 - [TEST_CASE][PASSED] - Test Cases/Final Aug 2018 - PKS Automation/Common/Workflow Owner Finder: Test Cases/Final Aug 2018 - PKS Automation/Common/Workflow Owner Finder

2019-01-03 21:58:17 - [TEST_STEP][PASSED] - openBrowser: Browser is opened with url: ''

2019-01-03 21:58:17 - [MESSAGE][WARNING] - A browser is already opened. Closing browser and opening a new one

2019-01-03 21:58:21 - [MESSAGE][PASSED] - Browser is opened with url: ''

2019-01-03 21:58:21 - [TEST_STEP][PASSED] - navigateToUrl: Navigate to 'https://assist2-uat.perkeso.gov.my/login' successfully

2019-01-03 21:58:22 - [MESSAGE][PASSED] - Navigate to 'https://assist2-uat.perkeso.gov.my/login' successfully

2019-01-03 21:58:22 - [TEST_STEP][PASSED] - delay: Delayed 5 second(s)

2019-01-03 21:58:27 - [MESSAGE][PASSED] - Delayed 5 second(s)

2019-01-03 21:58:27 - [TEST_STEP][PASSED] - setText: Text 'test@liferay.com' is set on object 'Object Repository/Final Object Repo/Login Page/Internal User/Email Address'

2019-01-03 21:58:27 - [MESSAGE][PASSED] - Text 'test@liferay.com' is set on object 'Object Repository/Final Object Repo/Login Page/Internal User/Email Address'

2019-01-03 21:58:27 - [TEST_STEP][PASSED] - click: Object: 'Object Repository/Final Object Repo/Login Page/Internal User/Next Button' is clicked on

2019-01-03 21:58:28 - [MESSAGE][PASSED] - Object: 'Object Repository/Final Object Repo/Login Page/Internal User/Next Button' is clicked on

2019-01-03 21:58:28 - [TEST_STEP][PASSED] - delay: Delayed 2 second(s)

2019-01-03 21:58:30 - [MESSAGE][PASSED] - Delayed 2 second(s)

2019-01-03 21:58:30 - [TEST_STEP][PASSED] - setText: Text 'test' is set on object 'Object Repository/Final Object Repo/Login Page/Internal User/Password'

2019-01-03 21:58:30 - [MESSAGE][PASSED] - Text 'test' is set on object 'Object Repository/Final Object Repo/Login Page/Internal User/Password'

2019-01-03 21:58:30 - [TEST_STEP][PASSED] - delay: Delayed 2 second(s)

2019-01-03 21:58:32 - [MESSAGE][PASSED] - Delayed 2 second(s)

2019-01-03 21:58:32 - [TEST_STEP][PASSED] - click: Object: 'Object Repository/Final Object Repo/Login Page/Internal User/Login Button' is clicked on

2019-01-03 21:58:32 - [MESSAGE][PASSED] - Object: 'Object Repository/Final Object Repo/Login Page/Internal User/Login Button' is clicked on

2019-01-03 21:58:32 - [TEST_STEP][PASSED] - Statement - tester = com.kms.katalon.core.testobject.ObjectRepository.findTestObject(Final Object Repo/Landing Page/Select to English): Finding Test Object with id 'Object Repository/Final Object Repo/Landing Page/Select to English'

2019-01-03 21:58:32 - [TEST_STEP][PASSED] - Statement - Try: Delayed 2 second(s)

2019-01-03 21:58:32 - [TEST_STEP][PASSED] - Statement - Checker = com.kms.katalon.core.webui.keyword.WebUiBuiltInKeywords.verifyElementNotPresent(tester, 3): Web element with id: 'Object Repository/Final Object Repo/Landing Page/Select to English' located by 'By.xpath: //a[@class = 'taglib-language-list-text' and @lang = 'en-US' and (contains(text(), 'EN') or contains(., 'EN'))]' is not present after '3' second(s)

2019-01-03 21:58:34 - [MESSAGE][PASSED] - Web element with id: 'Object Repository/Final Object Repo/Landing Page/Select to English' located by 'By.xpath: //a[@class = 'taglib-language-list-text' and @lang = 'en-US' and (contains(text(), 'EN') or contains(., 'EN'))]' is not present after '3' second(s)

2019-01-03 21:58:34 - [TEST_STEP][PASSED] - Statement - If (Checker == false): null

2019-01-03 21:58:34 - [TEST_STEP][PASSED] - delay: Delayed 2 second(s)

2019-01-03 21:58:36 - [MESSAGE][PASSED] - Delayed 2 second(s)

2019-01-03 21:58:36 - [TEST_STEP][PASSED] - delay: Delayed 5 second(s)

2019-01-03 21:58:41 - [MESSAGE][PASSED] - Delayed 5 second(s)

2019-01-03 21:58:41 - [TEST_STEP][PASSED] - mouseOver: Object: 'Object Repository/Final Object Repo/Landing Page/WorkFlow Menu' is hovered

2019-01-03 21:58:41 - [MESSAGE][PASSED] - Object: 'Object Repository/Final Object Repo/Landing Page/WorkFlow Menu' is hovered

2019-01-03 21:58:41 - [TEST_STEP][PASSED] - delay: Delayed 2 second(s)

2019-01-03 21:58:43 - [MESSAGE][PASSED] - Delayed 2 second(s)

2019-01-03 21:58:43 - [TEST_STEP][PASSED] - click: Object: 'Object Repository/Final Object Repo/Landing Page/Select to Workflow Listing' is clicked on

2019-01-03 21:58:44 - [MESSAGE][PASSED] - Object: 'Object Repository/Final Object Repo/Landing Page/Select to Workflow Listing' is clicked on

2019-01-03 21:58:44 - [TEST_STEP][PASSED] - delay: Delayed 2 second(s)

2019-01-03 21:58:46 - [MESSAGE][PASSED] - Delayed 2 second(s)

2019-01-03 21:58:46 - [TEST_STEP][PASSED] - click: Object: 'Object Repository/Final Object Repo/WorkFlow Listing Page/Search Information - To Put Ref No' is clicked on

2019-01-03 21:58:46 - [MESSAGE][PASSED] - Object: 'Object Repository/Final Object Repo/WorkFlow Listing Page/Search Information - To Put Ref No' is clicked on

2019-01-03 21:58:46 - [TEST_STEP][PASSED] - delay: Delayed 2 second(s)

2019-01-03 21:58:48 - [MESSAGE][PASSED] - Delayed 2 second(s)

2019-01-03 21:58:48 - [TEST_STEP][PASSED] - callTestCase: Call Test Case 'Test Cases/Final Aug 2018 - PKS Automation/Common/Reference Number Getter' successfully

2019-01-03 21:58:48 - [TEST_CASE][PASSED] - Test Cases/Final Aug 2018 - PKS Automation/Common/Reference Number Getter: Test Cases/Final Aug 2018 - PKS Automation/Common/Reference Number Getter

2019-01-03 21:58:48 - [TEST_STEP][PASSED] - Statement - Try: null

2019-01-03 21:58:48 - [TEST_STEP][PASSED] - Statement - RefNo = new java.io.File(C://Users//Admin//Desktop//PKS//Automation Reference Point//KatalonReference.txt): null

2019-01-03 21:58:48 - [TEST_STEP][PASSED] - Statement - bufferread = new java.io.BufferedReader(new java.io.FileReader(RefNo)): null

2019-01-03 21:58:48 - [TEST_STEP][PASSED] - Statement - readedVal = bufferread.readLine(): null

2019-01-03 21:58:48 - [TEST_STEP][PASSED] - Statement - out.println(CaseReferenceNo): null

2019-01-03 21:58:48 - [TEST_STEP][PASSED] - Statement - out.println(readedVal): null

2019-01-03 21:58:48 - [TEST_STEP][PASSED] - Statement - CaseReferenceNo = "": null

2019-01-03 21:58:48 - [TEST_STEP][PASSED] - Statement - CaseReferenceNo = readedVal: null

2019-01-03 21:58:48 - [MESSAGE][PASSED] - Call Test Case 'Test Cases/Final Aug 2018 - PKS Automation/Common/Reference Number Getter' successfully

2019-01-03 21:58:48 - [TEST_STEP][PASSED] - setText: Text 'CUN012019C100006169' is set on object 'Object Repository/Final Object Repo/WorkFlow Listing Page/Ref No Set Text'

2019-01-03 21:58:49 - [MESSAGE][PASSED] - Text 'CUN012019C100006169' is set on object 'Object Repository/Final Object Repo/WorkFlow Listing Page/Ref No Set Text'

2019-01-03 21:58:49 - [TEST_STEP][PASSED] - delay: Delayed 2 second(s)

2019-01-03 21:58:51 - [MESSAGE][PASSED] - Delayed 2 second(s)

2019-01-03 21:58:51 - [TEST_STEP][PASSED] - click: Object: 'Object Repository/Final Object Repo/WorkFlow Listing Page/Search Ref No Search Button' is clicked on

2019-01-03 21:58:51 - [MESSAGE][PASSED] - Object: 'Object Repository/Final Object Repo/WorkFlow Listing Page/Search Ref No Search Button' is clicked on

2019-01-03 21:58:51 - [TEST_STEP][PASSED] - delay: Delayed 6 second(s)

2019-01-03 21:58:57 - [MESSAGE][PASSED] - Delayed 6 second(s)

2019-01-03 21:58:57 - [TEST_STEP][PASSED] - click: Object: 'Object Repository/Final Object Repo/WorkFlow Listing Page/Click Continue Tooltip' is clicked on

2019-01-03 21:58:58 - [MESSAGE][PASSED] - Object: 'Object Repository/Final Object Repo/WorkFlow Listing Page/Click Continue Tooltip' is clicked on

2019-01-03 21:58:58 - [TEST_STEP][PASSED] - delay: Delayed 5 second(s)

2019-01-03 21:59:03 - [MESSAGE][PASSED] - Delayed 5 second(s)

2019-01-03 21:59:03 - [TEST_STEP][PASSED] - doubleClick: Object: 'Object Repository/Final Object Repo/WorkFlow Listing Page/Workflow Found - Listing 1' is double clicked on

2019-01-03 21:59:03 - [MESSAGE][PASSED] - Object: 'Object Repository/Final Object Repo/WorkFlow Listing Page/Workflow Found - Listing 1' is double clicked on

2019-01-03 21:59:03 - [TEST_STEP][PASSED] - Statement - println(OwnerID): null

2019-01-03 21:59:03 - [TEST_STEP][PASSED] - Statement - OwnerID = com.kms.katalon.core.webui.keyword.WebUiBuiltInKeywords.getText(com.kms.katalon.core.testobject.ObjectRepository.findTestObject(Final Object Repo/WorkFlow Listing Page/Workflow Found - Listing 1), STOP_ON_FAILURE): Text of object 'Object Repository/Final Object Repo/WorkFlow Listing Page/Workflow Found - Listing 1' is: 'JOHORuo1'

2019-01-03 21:59:03 - [MESSAGE][PASSED] - Text of object 'Object Repository/Final Object Repo/WorkFlow Listing Page/Workflow Found - Listing 1' is: 'JOHORuo1'

2019-01-03 21:59:03 - [TEST_STEP][PASSED] - Statement - OwnerID = OwnerID.toLowerCase() + "@gmail.com": null

2019-01-03 21:59:03 - [TEST_STEP][PASSED] - Statement - println(OwnerID): null

2019-01-03 21:59:03 - [TEST_STEP][PASSED] - delay: Delayed 2 second(s)

2019-01-03 21:59:05 - [MESSAGE][PASSED] - Delayed 2 second(s)

2019-01-03 21:59:05 - [MESSAGE][PASSED] - Call Test Case 'Test Cases/Final Aug 2018 - PKS Automation/Common/Workflow Owner Finder' successfully

2019-01-03 21:59:05 - [TEST_STEP][PASSED] - delay: Delayed 2 second(s)

2019-01-03 21:59:07 - [MESSAGE][PASSED] - Delayed 2 second(s)

2019-01-03 21:59:07 - [TEST_STEP][PASSED] - navigateToUrl: Navigate to 'https://assist2-uat.perkeso.gov.my/c/portal/logout' successfully

2019-01-03 21:59:08 - [MESSAGE][PASSED] - Navigate to 'https://assist2-uat.perkeso.gov.my/c/portal/logout' successfully

2019-01-03 21:59:08 - [TEST_STEP][PASSED] - delay: Delayed 2 second(s)

2019-01-03 21:59:10 - [MESSAGE][PASSED] - Delayed 2 second(s)

2019-01-03 21:59:10 - [TEST_STEP][PASSED] - callTestCase: Call Test Case 'Test Cases/Final Aug 2018 - PKS Automation/Registration Module/Workflow/Login and Search Case For Workflow' successfully

2019-01-03 21:59:10 - [TEST_CASE][PASSED] - Test Cases/Final Aug 2018 - PKS Automation/Registration Module/Workflow/Login and Search Case For Workflow: Test Cases/Final Aug 2018 - PKS Automation/Registration Module/Workflow/Login and Search Case For Workflow

2019-01-03 21:59:10 - [TEST_STEP][PASSED] - navigateToUrl: Navigate to 'https://assist2-uat.perkeso.gov.my/login' successfully

2019-01-03 21:59:10 - [MESSAGE][PASSED] - Navigate to 'https://assist2-uat.perkeso.gov.my/login' successfully

2019-01-03 21:59:10 - [TEST_STEP][PASSED] - setText: Text 'johoruo1@gmail.com' is set on object 'Object Repository/Final Object Repo/Login Page/Internal User/Email Address'

2019-01-03 21:59:10 - [MESSAGE][PASSED] - Text 'johoruo1@gmail.com' is set on object 'Object Repository/Final Object Repo/Login Page/Internal User/Email Address'

2019-01-03 21:59:10 - [TEST_STEP][PASSED] - click: Object: 'Object Repository/Final Object Repo/Login Page/Internal User/Next Button' is clicked on

2019-01-03 21:59:11 - [MESSAGE][PASSED] - Object: 'Object Repository/Final Object Repo/Login Page/Internal User/Next Button' is clicked on

2019-01-03 21:59:11 - [TEST_STEP][PASSED] - delay: Delayed 1 second(s)

2019-01-03 21:59:12 - [MESSAGE][PASSED] - Delayed 1 second(s)

2019-01-03 21:59:12 - [TEST_STEP][PASSED] - setEncryptedText: Text ****** has been set on object 'Object Repository/Final Object Repo/Login Page/Internal User/Password'

2019-01-03 21:59:12 - [MESSAGE][PASSED] - Text ****** has been set on object 'Object Repository/Final Object Repo/Login Page/Internal User/Password'

2019-01-03 21:59:12 - [TEST_STEP][PASSED] - click: Object: 'Object Repository/Final Object Repo/Login Page/Internal User/Login Button' is clicked on

2019-01-03 21:59:12 - [MESSAGE][PASSED] - Object: 'Object Repository/Final Object Repo/Login Page/Internal User/Login Button' is clicked on

2019-01-03 21:59:12 - [TEST_STEP][PASSED] - delay: Delayed 2 second(s)

2019-01-03 21:59:14 - [MESSAGE][PASSED] - Delayed 2 second(s)

2019-01-03 21:59:14 - [TEST_STEP][PASSED] - Statement - Try: Delayed 2 second(s)

2019-01-03 21:59:14 - [TEST_STEP][PASSED] - Statement - Checker = false: null

2019-01-03 21:59:14 - [TEST_STEP][PASSED] - Statement - Checker = com.kms.katalon.core.webui.keyword.WebUiBuiltInKeywords.verifyElementHasAttribute(com.kms.katalon.core.testobject.ObjectRepository.findTestObject(Final Object Repo/Landing Page/BM Detecting), "href", 20, OPTIONAL): Object 'Object Repository/Final Object Repo/Landing Page/BM Detecting' has attribute 'href'

2019-01-03 21:59:14 - [MESSAGE][PASSED] - Object 'Object Repository/Final Object Repo/Landing Page/BM Detecting' has attribute 'href'

2019-01-03 21:59:14 - [TEST_STEP][PASSED] - Statement - out.println(Checker): null

2019-01-03 21:59:14 - [TEST_STEP][PASSED] - Statement - If (Checker == false): null

2019-01-03 21:59:14 - [TEST_STEP][PASSED] - Statement - Else: null

2019-01-03 21:59:14 - [TEST_STEP][PASSED] - delay: Delayed 2 second(s)

2019-01-03 21:59:16 - [MESSAGE][PASSED] - Delayed 2 second(s)

2019-01-03 21:59:16 - [TEST_STEP][PASSED] - click: Object: 'Object Repository/Final Object Repo/Page_MyASSIST - ASSIST - Search Pending Case For Add Supporting Document/Search Information' is clicked on

2019-01-03 21:59:16 - [MESSAGE][PASSED] - Object: 'Object Repository/Final Object Repo/Page_MyASSIST - ASSIST - Search Pending Case For Add Supporting Document/Search Information' is clicked on

2019-01-03 21:59:16 - [TEST_STEP][PASSED] - delay: Delayed 3 second(s)

2019-01-03 21:59:19 - [MESSAGE][PASSED] - Delayed 3 second(s)

2019-01-03 21:59:19 - [TEST_STEP][PASSED] - sendKeys: Keys 'CUN012019C100006169' sent to object: 'Object Repository/Final Object Repo/Page_MyASSIST - ASSIST - Search Pending Case For Add Supporting Document/Reference No'

2019-01-03 21:59:19 - [MESSAGE][PASSED] - Keys 'CUN012019C100006169' sent to object: 'Object Repository/Final Object Repo/Page_MyASSIST - ASSIST - Search Pending Case For Add Supporting Document/Reference No'

2019-01-03 21:59:19 - [TEST_STEP][PASSED] - click: Object: 'Object Repository/Final Object Repo/Page_MyASSIST - ASSIST - Search Pending Case For Add Supporting Document/Search Reference No' is clicked on

2019-01-03 21:59:20 - [MESSAGE][PASSED] - Object: 'Object Repository/Final Object Repo/Page_MyASSIST - ASSIST - Search Pending Case For Add Supporting Document/Search Reference No' is clicked on

2019-01-03 21:59:20 - [TEST_STEP][PASSED] - delay: Delayed 2 second(s)

2019-01-03 21:59:22 - [MESSAGE][PASSED] - Delayed 2 second(s)

2019-01-03 21:59:22 - [TEST_STEP][PASSED] - click: Object: 'Object Repository/Final Object Repo/Page_MyASSIST - ASSIST - Search Pending Case For Add Supporting Document/Continue' is clicked on

2019-01-03 21:59:26 - [MESSAGE][PASSED] - Object: 'Object Repository/Final Object Repo/Page_MyASSIST - ASSIST - Search Pending Case For Add Supporting Document/Continue' is clicked on

2019-01-03 21:59:26 - [TEST_STEP][PASSED] - delay: Delayed 20 second(s)

2019-01-03 21:59:46 - [MESSAGE][PASSED] - Delayed 20 second(s)

2019-01-03 21:59:46 - [MESSAGE][PASSED] - Call Test Case 'Test Cases/Final Aug 2018 - PKS Automation/Registration Module/Workflow/Login and Search Case For Workflow' successfully

2019-01-03 21:59:46 - [TEST_STEP][PASSED] - click: Object: 'Object Repository/Final Object Repo/Page_Update Employee Information By Employee/Page_Update Employee Information By Employee (Approve)/Continue' is clicked on

2019-01-03 21:59:49 - [MESSAGE][PASSED] - Object: 'Object Repository/Final Object Repo/Page_Update Employee Information By Employee/Page_Update Employee Information By Employee (Approve)/Continue' is clicked on

2019-01-03 21:59:49 - [TEST_STEP][PASSED] - delay: Delayed 2 second(s)

2019-01-03 21:59:51 - [MESSAGE][PASSED] - Delayed 2 second(s)

2019-01-03 21:59:51 - [TEST_STEP][PASSED] - click: Object: 'Object Repository/Final Object Repo/Page_Update Employee Information By Employer/Page_Update Employee Information by Employer (Approve)/Save  Continue in Update Employee Information Page' is clicked on

2019-01-03 21:59:51 - [MESSAGE][PASSED] - Object: 'Object Repository/Final Object Repo/Page_Update Employee Information By Employer/Page_Update Employee Information by Employer (Approve)/Save  Continue in Update Employee Information Page' is clicked on

2019-01-03 21:59:51 - [TEST_STEP][PASSED] - delay: Delayed 2 second(s)

2019-01-03 21:59:53 - [MESSAGE][PASSED] - Delayed 2 second(s)

2019-01-03 21:59:53 - [TEST_STEP][PASSED] - click: Object: 'Object Repository/Final Object Repo/Page_Update Employee Information By Employer/Page_Update Employee Information by Employer (Approve)/Save  Continue in Upload Supporting Doucument Page' is clicked on

2019-01-03 21:59:54 - [MESSAGE][PASSED] - Object: 'Object Repository/Final Object Repo/Page_Update Employee Information By Employer/Page_Update Employee Information by Employer (Approve)/Save  Continue in Upload Supporting Doucument Page' is clicked on

2019-01-03 21:59:54 - [TEST_STEP][PASSED] - delay: Delayed 2 second(s)

2019-01-03 21:59:56 - [MESSAGE][PASSED] - Delayed 2 second(s)

2019-01-03 21:59:56 - [TEST_STEP][PASSED] - click: Object: 'Object Repository/Final Object Repo/Page_Update Employee Information By Employee/Page_Update Employee Information by Employee (Under enforcement)/Under enforcement' is clicked on

2019-01-03 21:59:57 - [MESSAGE][PASSED] - Object: 'Object Repository/Final Object Repo/Page_Update Employee Information By Employee/Page_Update Employee Information by Employee (Under enforcement)/Under enforcement' is clicked on

2019-01-03 21:59:57 - [TEST_STEP][PASSED] - delay: Delayed 2 second(s)

2019-01-03 21:59:59 - [MESSAGE][PASSED] - Delayed 2 second(s)

2019-01-03 21:59:59 - [TEST_STEP][PASSED] - setText: Text 'remark' is set on object 'Object Repository/Final Object Repo/Page_Update Employee Information By Employee/Page_Update Employee Information by Employee (Under enforcement)/Under enforcement - remark'

2019-01-03 22:00:00 - [MESSAGE][PASSED] - Text 'remark' is set on object 'Object Repository/Final Object Repo/Page_Update Employee Information By Employee/Page_Update Employee Information by Employee (Under enforcement)/Under enforcement - remark'

2019-01-03 22:00:00 - [TEST_STEP][PASSED] - delay: Delayed 2 second(s)

2019-01-03 22:00:02 - [MESSAGE][PASSED] - Delayed 2 second(s)

2019-01-03 22:00:02 - [TEST_STEP][PASSED] - click: Object: 'Object Repository/Final Object Repo/Page_Update Employee Information By Employee/Page_Update Employee Information by Employee (Under enforcement)/Save  Continue in Under enforcement Page' is clicked on

2019-01-03 22:00:02 - [MESSAGE][PASSED] - Object: 'Object Repository/Final Object Repo/Page_Update Employee Information By Employee/Page_Update Employee Information by Employee (Under enforcement)/Save  Continue in Under enforcement Page' is clicked on

2019-01-03 22:00:02 - [TEST_STEP][PASSED] - click: Object: 'Object Repository/Final Object Repo/Page_Update Employee Information By Employee/Page_Update Employee Information by Employee (Under enforcement)/Message The case is under enforcement' is clicked on

2019-01-03 22:00:06 - [MESSAGE][PASSED] - Object: 'Object Repository/Final Object Repo/Page_Update Employee Information By Employee/Page_Update Employee Information by Employee (Under enforcement)/Message The case is under enforcement' is clicked on

2019-01-03 22:00:06 - [MESSAGE][PASSED] - Call Test Case 'Test Cases/Final Aug 2018 - PKS Automation/Registration Module/Workflow/Update Employee Information (Employee)/Template/Update Employee Information - Special Case - UO (Under enforcement)' successfully]]></system-out>
         <system-err><![CDATA[]]></system-err>
      </testcase>
      <testcase name="Test Cases/Final Aug 2018 - PKS Automation/Registration Module/Workflow/Update Employee Information (Employee)/PAU to UO (Approve)" classname="Test Cases/Final Aug 2018 - PKS Automation/Registration Module/Workflow/Update Employee Information (Employee)/PAU to UO (Approve)" status="PASSED">
         <system-out><![CDATA[2019-01-03 22:00:06 - [TEST_CASE][PASSED] - Test Cases/Final Aug 2018 - PKS Automation/Registration Module/Workflow/Update Employee Information (Employee)/PAU to UO (Approve): Test Cases/Final Aug 2018 - PKS Automation/Registration Module/Workflow/Update Employee Information (Employee)/PAU to UO (Approve)

2019-01-03 22:00:06 - [TEST_STEP][PASSED] - callTestCase: Call Test Case 'Test Cases/Final Aug 2018 - PKS Automation/Registration Module/Workflow/Update Employee Information (Employee)/Template/Update Employee Information - Special Case (PAU)' successfully

2019-01-03 22:00:06 - [TEST_CASE][PASSED] - Test Cases/Final Aug 2018 - PKS Automation/Registration Module/Workflow/Update Employee Information (Employee)/Template/Update Employee Information - Special Case (PAU): Test Cases/Final Aug 2018 - PKS Automation/Registration Module/Workflow/Update Employee Information (Employee)/Template/Update Employee Information - Special Case (PAU)

2019-01-03 22:00:07 - [TEST_STEP][PASSED] - openBrowser: Browser is opened with url: ''

2019-01-03 22:00:07 - [MESSAGE][WARNING] - A browser is already opened. Closing browser and opening a new one

2019-01-03 22:00:11 - [MESSAGE][PASSED] - Browser is opened with url: ''

2019-01-03 22:00:11 - [TEST_STEP][PASSED] - navigateToUrl: Navigate to 'https://assist2-uat.perkeso.gov.my/login' successfully

2019-01-03 22:00:12 - [MESSAGE][PASSED] - Navigate to 'https://assist2-uat.perkeso.gov.my/login' successfully

2019-01-03 22:00:12 - [TEST_STEP][PASSED] - setText: Text 'johorpau1@gmail.com' is set on object 'Object Repository/Final Object Repo/Login Page/Internal User/Email Address'

2019-01-03 22:00:12 - [MESSAGE][PASSED] - Text 'johorpau1@gmail.com' is set on object 'Object Repository/Final Object Repo/Login Page/Internal User/Email Address'

2019-01-03 22:00:12 - [TEST_STEP][PASSED] - click: Object: 'Object Repository/Final Object Repo/Login Page/Internal User/Next Button' is clicked on

2019-01-03 22:00:12 - [MESSAGE][PASSED] - Object: 'Object Repository/Final Object Repo/Login Page/Internal User/Next Button' is clicked on

2019-01-03 22:00:12 - [TEST_STEP][PASSED] - delay: Delayed 1 second(s)

2019-01-03 22:00:13 - [MESSAGE][PASSED] - Delayed 1 second(s)

2019-01-03 22:00:13 - [TEST_STEP][PASSED] - setEncryptedText: Text ****** has been set on object 'Object Repository/Final Object Repo/Login Page/Internal User/Password'

2019-01-03 22:00:13 - [MESSAGE][PASSED] - Text ****** has been set on object 'Object Repository/Final Object Repo/Login Page/Internal User/Password'

2019-01-03 22:00:13 - [TEST_STEP][PASSED] - click: Object: 'Object Repository/Final Object Repo/Login Page/Internal User/Login Button' is clicked on

2019-01-03 22:00:13 - [MESSAGE][PASSED] - Object: 'Object Repository/Final Object Repo/Login Page/Internal User/Login Button' is clicked on

2019-01-03 22:00:13 - [TEST_STEP][PASSED] - Statement - tester = com.kms.katalon.core.testobject.ObjectRepository.findTestObject(Final Object Repo/Landing Page/Select to English): Finding Test Object with id 'Object Repository/Final Object Repo/Landing Page/Select to English'

2019-01-03 22:00:13 - [TEST_STEP][PASSED] - Statement - Try: Delayed 2 second(s)

2019-01-03 22:00:13 - [TEST_STEP][PASSED] - Statement - Checker = com.kms.katalon.core.webui.keyword.WebUiBuiltInKeywords.verifyElementNotPresent(tester, 3): Web element with id: 'Object Repository/Final Object Repo/Landing Page/Select to English' located by 'By.xpath: //a[@class = 'taglib-language-list-text' and @lang = 'en-US' and (contains(text(), 'EN') or contains(., 'EN'))]' is not present after '3' second(s)

2019-01-03 22:00:16 - [MESSAGE][PASSED] - Web element with id: 'Object Repository/Final Object Repo/Landing Page/Select to English' located by 'By.xpath: //a[@class = 'taglib-language-list-text' and @lang = 'en-US' and (contains(text(), 'EN') or contains(., 'EN'))]' is not present after '3' second(s)

2019-01-03 22:00:16 - [TEST_STEP][PASSED] - Statement - If (Checker == false): null

2019-01-03 22:00:16 - [TEST_STEP][PASSED] - delay: Delayed 2 second(s)

2019-01-03 22:00:18 - [MESSAGE][PASSED] - Delayed 2 second(s)

2019-01-03 22:00:18 - [TEST_STEP][PASSED] - delay: Delayed 5 second(s)

2019-01-03 22:00:23 - [MESSAGE][PASSED] - Delayed 5 second(s)

2019-01-03 22:00:23 - [TEST_STEP][PASSED] - navigateToUrl: Navigate to 'https://assist2-uat.perkeso.gov.my/web/registration/update/update-employee-information-employee-' successfully

2019-01-03 22:00:23 - [MESSAGE][PASSED] - Navigate to 'https://assist2-uat.perkeso.gov.my/web/registration/update/update-employee-information-employee-' successfully

2019-01-03 22:00:23 - [TEST_STEP][PASSED] - click: Object: 'Object Repository/Final Object Repo/Page_Update Employee Information By Employee/Type of Identification' is clicked on

2019-01-03 22:00:24 - [MESSAGE][PASSED] - Object: 'Object Repository/Final Object Repo/Page_Update Employee Information By Employee/Type of Identification' is clicked on

2019-01-03 22:00:24 - [TEST_STEP][PASSED] - click: Object: 'Object Repository/Final Object Repo/Page Update Employee Information By Employee/Type of Identification - Name' is clicked on

2019-01-03 22:00:24 - [MESSAGE][PASSED] - Object: 'Object Repository/Final Object Repo/Page Update Employee Information By Employee/Type of Identification - Name' is clicked on

2019-01-03 22:00:24 - [TEST_STEP][PASSED] - setText: Text 'YUKI JR B' is set on object 'Object Repository/Final Object Repo/Page_Update Employee Information By Employee/New Identification'

2019-01-03 22:00:24 - [MESSAGE][PASSED] - Text 'YUKI JR B' is set on object 'Object Repository/Final Object Repo/Page_Update Employee Information By Employee/New Identification'

2019-01-03 22:00:24 - [TEST_STEP][PASSED] - click: Object: 'Object Repository/Final Object Repo/Page_Update Employee Information By Employee/Search Button' is clicked on

2019-01-03 22:00:24 - [MESSAGE][PASSED] - Object: 'Object Repository/Final Object Repo/Page_Update Employee Information By Employee/Search Button' is clicked on

2019-01-03 22:00:24 - [TEST_STEP][PASSED] - click: Object: 'Object Repository/Final Object Repo/Page_Update Employee Information By Employee/Edit Button' is clicked on

2019-01-03 22:00:28 - [MESSAGE][PASSED] - Object: 'Object Repository/Final Object Repo/Page_Update Employee Information By Employee/Edit Button' is clicked on

2019-01-03 22:00:28 - [TEST_STEP][PASSED] - delay: Delayed 2 second(s)

2019-01-03 22:00:30 - [MESSAGE][PASSED] - Delayed 2 second(s)

2019-01-03 22:00:30 - [TEST_STEP][PASSED] - click: Object: 'Object Repository/Final Object Repo/Page_Update Employee Information By Employee/Employee Information Edit Button' is clicked on

2019-01-03 22:00:31 - [MESSAGE][PASSED] - Object: 'Object Repository/Final Object Repo/Page_Update Employee Information By Employee/Employee Information Edit Button' is clicked on

2019-01-03 22:00:31 - [TEST_STEP][PASSED] - delay: Delayed 2 second(s)

2019-01-03 22:00:33 - [MESSAGE][PASSED] - Delayed 2 second(s)

2019-01-03 22:00:33 - [TEST_STEP][PASSED] - click: Object: 'Object Repository/Final Object Repo/Page_Update Employee Information By Employee/New Identification Number' is clicked on

2019-01-03 22:00:33 - [MESSAGE][PASSED] - Object: 'Object Repository/Final Object Repo/Page_Update Employee Information By Employee/New Identification Number' is clicked on

2019-01-03 22:00:33 - [TEST_STEP][PASSED] - setText: Text '' is set on object 'Object Repository/Final Object Repo/Page_Update Employee Information By Employee/New Identification Number'

2019-01-03 22:00:33 - [MESSAGE][PASSED] - Text '' is set on object 'Object Repository/Final Object Repo/Page_Update Employee Information By Employee/New Identification Number'

2019-01-03 22:00:33 - [TEST_STEP][PASSED] - Statement - rnd = new java.util.Random(): null

2019-01-03 22:00:33 - [TEST_STEP][PASSED] - Statement - snum = rnd.nextInt(899999 + 1) + 100000: null

2019-01-03 22:00:33 - [TEST_STEP][PASSED] - Statement - tnum = rnd.nextInt(899999 + 1) + 100000: null

2019-01-03 22:00:33 - [TEST_STEP][PASSED] - Statement - IC = java.lang.Integer.toString(snum) + java.lang.Integer.toString(tnum): null

2019-01-03 22:00:33 - [TEST_STEP][PASSED] - Statement - out.println(IC): null

2019-01-03 22:00:33 - [TEST_STEP][PASSED] - setText: Text '733324820745' is set on object 'Object Repository/Final Object Repo/Page_Update Employee Information By Employee/New Identification Number'

2019-01-03 22:00:33 - [MESSAGE][PASSED] - Text '733324820745' is set on object 'Object Repository/Final Object Repo/Page_Update Employee Information By Employee/New Identification Number'

2019-01-03 22:00:33 - [TEST_STEP][PASSED] - delay: Delayed 2 second(s)

2019-01-03 22:00:35 - [MESSAGE][PASSED] - Delayed 2 second(s)

2019-01-03 22:00:35 - [TEST_STEP][PASSED] - click: Object: 'Object Repository/Final Object Repo/Page_Update Employee Information By Employee/Save' is clicked on

2019-01-03 22:00:35 - [MESSAGE][PASSED] - Object: 'Object Repository/Final Object Repo/Page_Update Employee Information By Employee/Save' is clicked on

2019-01-03 22:00:35 - [TEST_STEP][PASSED] - delay: Delayed 10 second(s)

2019-01-03 22:00:45 - [MESSAGE][PASSED] - Delayed 10 second(s)

2019-01-03 22:00:45 - [TEST_STEP][PASSED] - click: Object: 'Object Repository/Final Object Repo/Page_Update Employee Information By Employee/Save  Continue in Update Employee Information' is clicked on

2019-01-03 22:00:46 - [MESSAGE][PASSED] - Object: 'Object Repository/Final Object Repo/Page_Update Employee Information By Employee/Save  Continue in Update Employee Information' is clicked on

2019-01-03 22:00:46 - [TEST_STEP][PASSED] - delay: Delayed 2 second(s)

2019-01-03 22:00:48 - [MESSAGE][PASSED] - Delayed 2 second(s)

2019-01-03 22:00:48 - [TEST_STEP][PASSED] - click: Object: 'Object Repository/Final Object Repo/Page_Update Employee Information By Employee/Save  Continue in Uploading Page' is clicked on

2019-01-03 22:00:49 - [MESSAGE][PASSED] - Object: 'Object Repository/Final Object Repo/Page_Update Employee Information By Employee/Save  Continue in Uploading Page' is clicked on

2019-01-03 22:00:49 - [TEST_STEP][PASSED] - delay: Delayed 2 second(s)

2019-01-03 22:00:51 - [MESSAGE][PASSED] - Delayed 2 second(s)

2019-01-03 22:00:51 - [TEST_STEP][PASSED] - Statement - CaseReferenceNo = com.kms.katalon.core.webui.keyword.WebUiBuiltInKeywords.getText(com.kms.katalon.core.testobject.ObjectRepository.findTestObject(Final Object Repo/Page_Update Employer Information/Reference Number in Update Employee Information Page)): Text of object 'Object Repository/Final Object Repo/Page_Update Employer Information/Reference Number in Update Employee Information Page' is: 'CUN012019C100006170'

2019-01-03 22:00:53 - [MESSAGE][PASSED] - Text of object 'Object Repository/Final Object Repo/Page_Update Employer Information/Reference Number in Update Employee Information Page' is: 'CUN012019C100006170'

2019-01-03 22:00:53 - [TEST_STEP][PASSED] - callTestCase: Call Test Case 'Test Cases/Final Aug 2018 - PKS Automation/Common/Reference Number Setter' successfully

2019-01-03 22:00:53 - [TEST_CASE][PASSED] - Test Cases/Final Aug 2018 - PKS Automation/Common/Reference Number Setter: Test Cases/Final Aug 2018 - PKS Automation/Common/Reference Number Setter

2019-01-03 22:00:53 - [TEST_STEP][PASSED] - Statement - RefNoOldFile = new java.io.File(C://Users//Admin//Desktop//PKS//Automation Reference Point//KatalonReference.txt): null

2019-01-03 22:00:53 - [TEST_STEP][PASSED] - Statement - RefNoOldFile.delete(): null

2019-01-03 22:00:53 - [TEST_STEP][PASSED] - delay: Delayed 5 second(s)

2019-01-03 22:00:58 - [MESSAGE][PASSED] - Delayed 5 second(s)

2019-01-03 22:00:58 - [TEST_STEP][PASSED] - Statement - RefNo = new java.io.File(C://Users//Admin//Desktop//PKS//Automation Reference Point//KatalonReference.txt): null

2019-01-03 22:00:58 - [TEST_STEP][PASSED] - Statement - f2 = new java.io.FileWriter(RefNo, false): null

2019-01-03 22:00:58 - [TEST_STEP][PASSED] - Statement - f2.write(CaseReferenceNo): null

2019-01-03 22:00:58 - [TEST_STEP][PASSED] - Statement - f2.close(): null

2019-01-03 22:00:58 - [TEST_STEP][PASSED] - Statement - out.println("


" + CaseReferenceNo + "


"): null

2019-01-03 22:00:58 - [MESSAGE][PASSED] - Call Test Case 'Test Cases/Final Aug 2018 - PKS Automation/Common/Reference Number Setter' successfully

2019-01-03 22:00:58 - [TEST_STEP][PASSED] - delay: Delayed 2 second(s)

2019-01-03 22:01:00 - [MESSAGE][PASSED] - Delayed 2 second(s)

2019-01-03 22:01:00 - [TEST_STEP][PASSED] - click: Object: 'Object Repository/Final Object Repo/Page_Update Employee Information By Employee/Submit' is clicked on

2019-01-03 22:01:00 - [MESSAGE][PASSED] - Object: 'Object Repository/Final Object Repo/Page_Update Employee Information By Employee/Submit' is clicked on

2019-01-03 22:01:00 - [TEST_STEP][PASSED] - delay: Delayed 2 second(s)

2019-01-03 22:01:02 - [MESSAGE][PASSED] - Delayed 2 second(s)

2019-01-03 22:01:02 - [TEST_STEP][PASSED] - click: Object: 'Object Repository/Final Object Repo/Page_Update Employee Information By Employee/Confirm Button' is clicked on

2019-01-03 22:01:02 - [MESSAGE][PASSED] - Object: 'Object Repository/Final Object Repo/Page_Update Employee Information By Employee/Confirm Button' is clicked on

2019-01-03 22:01:02 - [TEST_STEP][PASSED] - delay: Delayed 2 second(s)

2019-01-03 22:01:04 - [MESSAGE][PASSED] - Delayed 2 second(s)

2019-01-03 22:01:04 - [TEST_STEP][PASSED] - click: Object: 'Object Repository/Final Object Repo/Page_Update Employee Information By Employee/Successful Message Routed to UO' is clicked on

2019-01-03 22:01:06 - [MESSAGE][PASSED] - Object: 'Object Repository/Final Object Repo/Page_Update Employee Information By Employee/Successful Message Routed to UO' is clicked on

2019-01-03 22:01:06 - [MESSAGE][PASSED] - Call Test Case 'Test Cases/Final Aug 2018 - PKS Automation/Registration Module/Workflow/Update Employee Information (Employee)/Template/Update Employee Information - Special Case (PAU)' successfully

2019-01-03 22:01:06 - [TEST_STEP][PASSED] - callTestCase: Call Test Case 'Test Cases/Final Aug 2018 - PKS Automation/Registration Module/Workflow/Update Employee Information (Employee)/Template/Update Employee Information - Special Case - UO (Approve)' successfully

2019-01-03 22:01:06 - [TEST_CASE][PASSED] - Test Cases/Final Aug 2018 - PKS Automation/Registration Module/Workflow/Update Employee Information (Employee)/Template/Update Employee Information - Special Case - UO (Approve): Test Cases/Final Aug 2018 - PKS Automation/Registration Module/Workflow/Update Employee Information (Employee)/Template/Update Employee Information - Special Case - UO (Approve)

2019-01-03 22:01:06 - [TEST_STEP][NOT_RUN] - callTestCase: NOT_RUN: callTestCase

2019-01-03 22:01:06 - [MESSAGE][NOT_RUN] - NOT_RUN: callTestCase

2019-01-03 22:01:06 - [TEST_STEP][PASSED] - delay: Delayed 2 second(s)

2019-01-03 22:01:08 - [MESSAGE][PASSED] - Delayed 2 second(s)

2019-01-03 22:01:08 - [TEST_STEP][PASSED] - navigateToUrl: Navigate to 'https://assist2-uat.perkeso.gov.my/c/portal/logout' successfully

2019-01-03 22:01:09 - [MESSAGE][PASSED] - Navigate to 'https://assist2-uat.perkeso.gov.my/c/portal/logout' successfully

2019-01-03 22:01:09 - [TEST_STEP][PASSED] - delay: Delayed 2 second(s)

2019-01-03 22:01:11 - [MESSAGE][PASSED] - Delayed 2 second(s)

2019-01-03 22:01:11 - [TEST_STEP][PASSED] - callTestCase: Call Test Case 'Test Cases/Final Aug 2018 - PKS Automation/Common/Reference Number Getter' successfully

2019-01-03 22:01:11 - [TEST_CASE][PASSED] - Test Cases/Final Aug 2018 - PKS Automation/Common/Reference Number Getter: Test Cases/Final Aug 2018 - PKS Automation/Common/Reference Number Getter

2019-01-03 22:01:11 - [TEST_STEP][PASSED] - Statement - Try: null

2019-01-03 22:01:11 - [TEST_STEP][PASSED] - Statement - RefNo = new java.io.File(C://Users//Admin//Desktop//PKS//Automation Reference Point//KatalonReference.txt): null

2019-01-03 22:01:11 - [TEST_STEP][PASSED] - Statement - bufferread = new java.io.BufferedReader(new java.io.FileReader(RefNo)): null

2019-01-03 22:01:11 - [TEST_STEP][PASSED] - Statement - readedVal = bufferread.readLine(): null

2019-01-03 22:01:11 - [TEST_STEP][PASSED] - Statement - out.println(CaseReferenceNo): null

2019-01-03 22:01:11 - [TEST_STEP][PASSED] - Statement - out.println(readedVal): null

2019-01-03 22:01:11 - [TEST_STEP][PASSED] - Statement - CaseReferenceNo = "": null

2019-01-03 22:01:11 - [TEST_STEP][PASSED] - Statement - CaseReferenceNo = readedVal: null

2019-01-03 22:01:11 - [MESSAGE][PASSED] - Call Test Case 'Test Cases/Final Aug 2018 - PKS Automation/Common/Reference Number Getter' successfully

2019-01-03 22:01:11 - [TEST_STEP][PASSED] - callTestCase: Call Test Case 'Test Cases/Final Aug 2018 - PKS Automation/Common/Workflow Owner Finder' successfully

2019-01-03 22:01:11 - [TEST_CASE][PASSED] - Test Cases/Final Aug 2018 - PKS Automation/Common/Workflow Owner Finder: Test Cases/Final Aug 2018 - PKS Automation/Common/Workflow Owner Finder

2019-01-03 22:01:11 - [TEST_STEP][PASSED] - openBrowser: Browser is opened with url: ''

2019-01-03 22:01:11 - [MESSAGE][WARNING] - A browser is already opened. Closing browser and opening a new one

2019-01-03 22:01:15 - [MESSAGE][PASSED] - Browser is opened with url: ''

2019-01-03 22:01:15 - [TEST_STEP][PASSED] - navigateToUrl: Navigate to 'https://assist2-uat.perkeso.gov.my/login' successfully

2019-01-03 22:01:16 - [MESSAGE][PASSED] - Navigate to 'https://assist2-uat.perkeso.gov.my/login' successfully

2019-01-03 22:01:16 - [TEST_STEP][PASSED] - delay: Delayed 5 second(s)

2019-01-03 22:01:21 - [MESSAGE][PASSED] - Delayed 5 second(s)

2019-01-03 22:01:21 - [TEST_STEP][PASSED] - setText: Text 'test@liferay.com' is set on object 'Object Repository/Final Object Repo/Login Page/Internal User/Email Address'

2019-01-03 22:01:21 - [MESSAGE][PASSED] - Text 'test@liferay.com' is set on object 'Object Repository/Final Object Repo/Login Page/Internal User/Email Address'

2019-01-03 22:01:21 - [TEST_STEP][PASSED] - click: Object: 'Object Repository/Final Object Repo/Login Page/Internal User/Next Button' is clicked on

2019-01-03 22:01:21 - [MESSAGE][PASSED] - Object: 'Object Repository/Final Object Repo/Login Page/Internal User/Next Button' is clicked on

2019-01-03 22:01:21 - [TEST_STEP][PASSED] - delay: Delayed 2 second(s)

2019-01-03 22:01:23 - [MESSAGE][PASSED] - Delayed 2 second(s)

2019-01-03 22:01:23 - [TEST_STEP][PASSED] - setText: Text 'test' is set on object 'Object Repository/Final Object Repo/Login Page/Internal User/Password'

2019-01-03 22:01:24 - [MESSAGE][PASSED] - Text 'test' is set on object 'Object Repository/Final Object Repo/Login Page/Internal User/Password'

2019-01-03 22:01:24 - [TEST_STEP][PASSED] - delay: Delayed 2 second(s)

2019-01-03 22:01:26 - [MESSAGE][PASSED] - Delayed 2 second(s)

2019-01-03 22:01:26 - [TEST_STEP][PASSED] - click: Object: 'Object Repository/Final Object Repo/Login Page/Internal User/Login Button' is clicked on

2019-01-03 22:01:26 - [MESSAGE][PASSED] - Object: 'Object Repository/Final Object Repo/Login Page/Internal User/Login Button' is clicked on

2019-01-03 22:01:26 - [TEST_STEP][PASSED] - Statement - tester = com.kms.katalon.core.testobject.ObjectRepository.findTestObject(Final Object Repo/Landing Page/Select to English): Finding Test Object with id 'Object Repository/Final Object Repo/Landing Page/Select to English'

2019-01-03 22:01:26 - [TEST_STEP][PASSED] - Statement - Try: Delayed 2 second(s)

2019-01-03 22:01:26 - [TEST_STEP][PASSED] - Statement - Checker = com.kms.katalon.core.webui.keyword.WebUiBuiltInKeywords.verifyElementNotPresent(tester, 3): Web element with id: 'Object Repository/Final Object Repo/Landing Page/Select to English' located by 'By.xpath: //a[@class = 'taglib-language-list-text' and @lang = 'en-US' and (contains(text(), 'EN') or contains(., 'EN'))]' is not present after '3' second(s)

2019-01-03 22:01:28 - [MESSAGE][PASSED] - Web element with id: 'Object Repository/Final Object Repo/Landing Page/Select to English' located by 'By.xpath: //a[@class = 'taglib-language-list-text' and @lang = 'en-US' and (contains(text(), 'EN') or contains(., 'EN'))]' is not present after '3' second(s)

2019-01-03 22:01:28 - [TEST_STEP][PASSED] - Statement - If (Checker == false): null

2019-01-03 22:01:28 - [TEST_STEP][PASSED] - delay: Delayed 2 second(s)

2019-01-03 22:01:30 - [MESSAGE][PASSED] - Delayed 2 second(s)

2019-01-03 22:01:30 - [TEST_STEP][PASSED] - delay: Delayed 5 second(s)

2019-01-03 22:01:35 - [MESSAGE][PASSED] - Delayed 5 second(s)

2019-01-03 22:01:35 - [TEST_STEP][PASSED] - mouseOver: Object: 'Object Repository/Final Object Repo/Landing Page/WorkFlow Menu' is hovered

2019-01-03 22:01:35 - [MESSAGE][PASSED] - Object: 'Object Repository/Final Object Repo/Landing Page/WorkFlow Menu' is hovered

2019-01-03 22:01:35 - [TEST_STEP][PASSED] - delay: Delayed 2 second(s)

2019-01-03 22:01:37 - [MESSAGE][PASSED] - Delayed 2 second(s)

2019-01-03 22:01:37 - [TEST_STEP][PASSED] - click: Object: 'Object Repository/Final Object Repo/Landing Page/Select to Workflow Listing' is clicked on

2019-01-03 22:01:38 - [MESSAGE][PASSED] - Object: 'Object Repository/Final Object Repo/Landing Page/Select to Workflow Listing' is clicked on

2019-01-03 22:01:38 - [TEST_STEP][PASSED] - delay: Delayed 2 second(s)

2019-01-03 22:01:40 - [MESSAGE][PASSED] - Delayed 2 second(s)

2019-01-03 22:01:40 - [TEST_STEP][PASSED] - click: Object: 'Object Repository/Final Object Repo/WorkFlow Listing Page/Search Information - To Put Ref No' is clicked on

2019-01-03 22:01:40 - [MESSAGE][PASSED] - Object: 'Object Repository/Final Object Repo/WorkFlow Listing Page/Search Information - To Put Ref No' is clicked on

2019-01-03 22:01:40 - [TEST_STEP][PASSED] - delay: Delayed 2 second(s)

2019-01-03 22:01:42 - [MESSAGE][PASSED] - Delayed 2 second(s)

2019-01-03 22:01:42 - [TEST_STEP][PASSED] - callTestCase: Call Test Case 'Test Cases/Final Aug 2018 - PKS Automation/Common/Reference Number Getter' successfully

2019-01-03 22:01:42 - [TEST_CASE][PASSED] - Test Cases/Final Aug 2018 - PKS Automation/Common/Reference Number Getter: Test Cases/Final Aug 2018 - PKS Automation/Common/Reference Number Getter

2019-01-03 22:01:42 - [TEST_STEP][PASSED] - Statement - Try: null

2019-01-03 22:01:42 - [TEST_STEP][PASSED] - Statement - RefNo = new java.io.File(C://Users//Admin//Desktop//PKS//Automation Reference Point//KatalonReference.txt): null

2019-01-03 22:01:42 - [TEST_STEP][PASSED] - Statement - bufferread = new java.io.BufferedReader(new java.io.FileReader(RefNo)): null

2019-01-03 22:01:42 - [TEST_STEP][PASSED] - Statement - readedVal = bufferread.readLine(): null

2019-01-03 22:01:42 - [TEST_STEP][PASSED] - Statement - out.println(CaseReferenceNo): null

2019-01-03 22:01:42 - [TEST_STEP][PASSED] - Statement - out.println(readedVal): null

2019-01-03 22:01:42 - [TEST_STEP][PASSED] - Statement - CaseReferenceNo = "": null

2019-01-03 22:01:42 - [TEST_STEP][PASSED] - Statement - CaseReferenceNo = readedVal: null

2019-01-03 22:01:42 - [MESSAGE][PASSED] - Call Test Case 'Test Cases/Final Aug 2018 - PKS Automation/Common/Reference Number Getter' successfully

2019-01-03 22:01:42 - [TEST_STEP][PASSED] - setText: Text 'CUN012019C100006170' is set on object 'Object Repository/Final Object Repo/WorkFlow Listing Page/Ref No Set Text'

2019-01-03 22:01:42 - [MESSAGE][PASSED] - Text 'CUN012019C100006170' is set on object 'Object Repository/Final Object Repo/WorkFlow Listing Page/Ref No Set Text'

2019-01-03 22:01:42 - [TEST_STEP][PASSED] - delay: Delayed 2 second(s)

2019-01-03 22:01:44 - [MESSAGE][PASSED] - Delayed 2 second(s)

2019-01-03 22:01:44 - [TEST_STEP][PASSED] - click: Object: 'Object Repository/Final Object Repo/WorkFlow Listing Page/Search Ref No Search Button' is clicked on

2019-01-03 22:01:45 - [MESSAGE][PASSED] - Object: 'Object Repository/Final Object Repo/WorkFlow Listing Page/Search Ref No Search Button' is clicked on

2019-01-03 22:01:45 - [TEST_STEP][PASSED] - delay: Delayed 6 second(s)

2019-01-03 22:01:51 - [MESSAGE][PASSED] - Delayed 6 second(s)

2019-01-03 22:01:51 - [TEST_STEP][PASSED] - click: Object: 'Object Repository/Final Object Repo/WorkFlow Listing Page/Click Continue Tooltip' is clicked on

2019-01-03 22:01:52 - [MESSAGE][PASSED] - Object: 'Object Repository/Final Object Repo/WorkFlow Listing Page/Click Continue Tooltip' is clicked on

2019-01-03 22:01:52 - [TEST_STEP][PASSED] - delay: Delayed 5 second(s)

2019-01-03 22:01:57 - [MESSAGE][PASSED] - Delayed 5 second(s)

2019-01-03 22:01:57 - [TEST_STEP][PASSED] - doubleClick: Object: 'Object Repository/Final Object Repo/WorkFlow Listing Page/Workflow Found - Listing 1' is double clicked on

2019-01-03 22:01:57 - [MESSAGE][PASSED] - Object: 'Object Repository/Final Object Repo/WorkFlow Listing Page/Workflow Found - Listing 1' is double clicked on

2019-01-03 22:01:57 - [TEST_STEP][PASSED] - Statement - println(OwnerID): null

2019-01-03 22:01:57 - [TEST_STEP][PASSED] - Statement - OwnerID = com.kms.katalon.core.webui.keyword.WebUiBuiltInKeywords.getText(com.kms.katalon.core.testobject.ObjectRepository.findTestObject(Final Object Repo/WorkFlow Listing Page/Workflow Found - Listing 1), STOP_ON_FAILURE): Text of object 'Object Repository/Final Object Repo/WorkFlow Listing Page/Workflow Found - Listing 1' is: 'JOHORuo2'

2019-01-03 22:01:57 - [MESSAGE][PASSED] - Text of object 'Object Repository/Final Object Repo/WorkFlow Listing Page/Workflow Found - Listing 1' is: 'JOHORuo2'

2019-01-03 22:01:57 - [TEST_STEP][PASSED] - Statement - OwnerID = OwnerID.toLowerCase() + "@gmail.com": null

2019-01-03 22:01:57 - [TEST_STEP][PASSED] - Statement - println(OwnerID): null

2019-01-03 22:01:57 - [TEST_STEP][PASSED] - delay: Delayed 2 second(s)

2019-01-03 22:01:59 - [MESSAGE][PASSED] - Delayed 2 second(s)

2019-01-03 22:01:59 - [MESSAGE][PASSED] - Call Test Case 'Test Cases/Final Aug 2018 - PKS Automation/Common/Workflow Owner Finder' successfully

2019-01-03 22:01:59 - [TEST_STEP][PASSED] - delay: Delayed 2 second(s)

2019-01-03 22:02:01 - [MESSAGE][PASSED] - Delayed 2 second(s)

2019-01-03 22:02:01 - [TEST_STEP][PASSED] - navigateToUrl: Navigate to 'https://assist2-uat.perkeso.gov.my/c/portal/logout' successfully

2019-01-03 22:02:02 - [MESSAGE][PASSED] - Navigate to 'https://assist2-uat.perkeso.gov.my/c/portal/logout' successfully

2019-01-03 22:02:02 - [TEST_STEP][PASSED] - delay: Delayed 2 second(s)

2019-01-03 22:02:04 - [MESSAGE][PASSED] - Delayed 2 second(s)

2019-01-03 22:02:04 - [TEST_STEP][PASSED] - callTestCase: Call Test Case 'Test Cases/Final Aug 2018 - PKS Automation/Registration Module/Workflow/Login and Search Case For Workflow' successfully

2019-01-03 22:02:04 - [TEST_CASE][PASSED] - Test Cases/Final Aug 2018 - PKS Automation/Registration Module/Workflow/Login and Search Case For Workflow: Test Cases/Final Aug 2018 - PKS Automation/Registration Module/Workflow/Login and Search Case For Workflow

2019-01-03 22:02:04 - [TEST_STEP][PASSED] - navigateToUrl: Navigate to 'https://assist2-uat.perkeso.gov.my/login' successfully

2019-01-03 22:02:04 - [MESSAGE][PASSED] - Navigate to 'https://assist2-uat.perkeso.gov.my/login' successfully

2019-01-03 22:02:04 - [TEST_STEP][PASSED] - setText: Text 'johoruo2@gmail.com' is set on object 'Object Repository/Final Object Repo/Login Page/Internal User/Email Address'

2019-01-03 22:02:04 - [MESSAGE][PASSED] - Text 'johoruo2@gmail.com' is set on object 'Object Repository/Final Object Repo/Login Page/Internal User/Email Address'

2019-01-03 22:02:04 - [TEST_STEP][PASSED] - click: Object: 'Object Repository/Final Object Repo/Login Page/Internal User/Next Button' is clicked on

2019-01-03 22:02:05 - [MESSAGE][PASSED] - Object: 'Object Repository/Final Object Repo/Login Page/Internal User/Next Button' is clicked on

2019-01-03 22:02:05 - [TEST_STEP][PASSED] - delay: Delayed 1 second(s)

2019-01-03 22:02:06 - [MESSAGE][PASSED] - Delayed 1 second(s)

2019-01-03 22:02:06 - [TEST_STEP][PASSED] - setEncryptedText: Text ****** has been set on object 'Object Repository/Final Object Repo/Login Page/Internal User/Password'

2019-01-03 22:02:06 - [MESSAGE][PASSED] - Text ****** has been set on object 'Object Repository/Final Object Repo/Login Page/Internal User/Password'

2019-01-03 22:02:06 - [TEST_STEP][PASSED] - click: Object: 'Object Repository/Final Object Repo/Login Page/Internal User/Login Button' is clicked on

2019-01-03 22:02:06 - [MESSAGE][PASSED] - Object: 'Object Repository/Final Object Repo/Login Page/Internal User/Login Button' is clicked on

2019-01-03 22:02:06 - [TEST_STEP][PASSED] - delay: Delayed 2 second(s)

2019-01-03 22:02:08 - [MESSAGE][PASSED] - Delayed 2 second(s)

2019-01-03 22:02:08 - [TEST_STEP][PASSED] - Statement - Try: Delayed 2 second(s)

2019-01-03 22:02:08 - [TEST_STEP][PASSED] - Statement - Checker = false: null

2019-01-03 22:02:08 - [TEST_STEP][PASSED] - Statement - Checker = com.kms.katalon.core.webui.keyword.WebUiBuiltInKeywords.verifyElementHasAttribute(com.kms.katalon.core.testobject.ObjectRepository.findTestObject(Final Object Repo/Landing Page/BM Detecting), "href", 20, OPTIONAL): Object 'Object Repository/Final Object Repo/Landing Page/BM Detecting' has attribute 'href'

2019-01-03 22:02:08 - [MESSAGE][PASSED] - Object 'Object Repository/Final Object Repo/Landing Page/BM Detecting' has attribute 'href'

2019-01-03 22:02:08 - [TEST_STEP][PASSED] - Statement - out.println(Checker): null

2019-01-03 22:02:08 - [TEST_STEP][PASSED] - Statement - If (Checker == false): null

2019-01-03 22:02:08 - [TEST_STEP][PASSED] - Statement - Else: null

2019-01-03 22:02:08 - [TEST_STEP][PASSED] - delay: Delayed 2 second(s)

2019-01-03 22:02:10 - [MESSAGE][PASSED] - Delayed 2 second(s)

2019-01-03 22:02:10 - [TEST_STEP][PASSED] - click: Object: 'Object Repository/Final Object Repo/Page_MyASSIST - ASSIST - Search Pending Case For Add Supporting Document/Search Information' is clicked on

2019-01-03 22:02:10 - [MESSAGE][PASSED] - Object: 'Object Repository/Final Object Repo/Page_MyASSIST - ASSIST - Search Pending Case For Add Supporting Document/Search Information' is clicked on

2019-01-03 22:02:10 - [TEST_STEP][PASSED] - delay: Delayed 3 second(s)

2019-01-03 22:02:13 - [MESSAGE][PASSED] - Delayed 3 second(s)

2019-01-03 22:02:13 - [TEST_STEP][PASSED] - sendKeys: Keys 'CUN012019C100006170' sent to object: 'Object Repository/Final Object Repo/Page_MyASSIST - ASSIST - Search Pending Case For Add Supporting Document/Reference No'

2019-01-03 22:02:13 - [MESSAGE][PASSED] - Keys 'CUN012019C100006170' sent to object: 'Object Repository/Final Object Repo/Page_MyASSIST - ASSIST - Search Pending Case For Add Supporting Document/Reference No'

2019-01-03 22:02:13 - [TEST_STEP][PASSED] - click: Object: 'Object Repository/Final Object Repo/Page_MyASSIST - ASSIST - Search Pending Case For Add Supporting Document/Search Reference No' is clicked on

2019-01-03 22:02:13 - [MESSAGE][PASSED] - Object: 'Object Repository/Final Object Repo/Page_MyASSIST - ASSIST - Search Pending Case For Add Supporting Document/Search Reference No' is clicked on

2019-01-03 22:02:13 - [TEST_STEP][PASSED] - delay: Delayed 2 second(s)

2019-01-03 22:02:15 - [MESSAGE][PASSED] - Delayed 2 second(s)

2019-01-03 22:02:15 - [TEST_STEP][PASSED] - click: Object: 'Object Repository/Final Object Repo/Page_MyASSIST - ASSIST - Search Pending Case For Add Supporting Document/Continue' is clicked on

2019-01-03 22:02:20 - [MESSAGE][PASSED] - Object: 'Object Repository/Final Object Repo/Page_MyASSIST - ASSIST - Search Pending Case For Add Supporting Document/Continue' is clicked on

2019-01-03 22:02:20 - [TEST_STEP][PASSED] - delay: Delayed 20 second(s)

2019-01-03 22:02:40 - [MESSAGE][PASSED] - Delayed 20 second(s)

2019-01-03 22:02:40 - [MESSAGE][PASSED] - Call Test Case 'Test Cases/Final Aug 2018 - PKS Automation/Registration Module/Workflow/Login and Search Case For Workflow' successfully

2019-01-03 22:02:40 - [TEST_STEP][PASSED] - click: Object: 'Object Repository/Final Object Repo/Page_Update Employee Information By Employee/Page_Update Employee Information By Employee (Approve)/Continue' is clicked on

2019-01-03 22:02:43 - [MESSAGE][PASSED] - Object: 'Object Repository/Final Object Repo/Page_Update Employee Information By Employee/Page_Update Employee Information By Employee (Approve)/Continue' is clicked on

2019-01-03 22:02:43 - [TEST_STEP][PASSED] - delay: Delayed 2 second(s)

2019-01-03 22:02:45 - [MESSAGE][PASSED] - Delayed 2 second(s)

2019-01-03 22:02:45 - [TEST_STEP][PASSED] - click: Object: 'Object Repository/Final Object Repo/Page_Update Employee Information By Employee/Page_Update Employee Information By Employee (Approve)/Save  Continue in Update Employee Information Page' is clicked on

2019-01-03 22:02:45 - [MESSAGE][PASSED] - Object: 'Object Repository/Final Object Repo/Page_Update Employee Information By Employee/Page_Update Employee Information By Employee (Approve)/Save  Continue in Update Employee Information Page' is clicked on

2019-01-03 22:02:45 - [TEST_STEP][PASSED] - delay: Delayed 2 second(s)

2019-01-03 22:02:47 - [MESSAGE][PASSED] - Delayed 2 second(s)

2019-01-03 22:02:47 - [TEST_STEP][PASSED] - click: Object: 'Object Repository/Final Object Repo/Page_Update Employee Information By Employee/Page_Update Employee Information By Employee (Approve)/Save  Continue in Upload Supporting Doucument Page' is clicked on

2019-01-03 22:02:48 - [MESSAGE][PASSED] - Object: 'Object Repository/Final Object Repo/Page_Update Employee Information By Employee/Page_Update Employee Information By Employee (Approve)/Save  Continue in Upload Supporting Doucument Page' is clicked on

2019-01-03 22:02:48 - [TEST_STEP][PASSED] - delay: Delayed 2 second(s)

2019-01-03 22:02:50 - [MESSAGE][PASSED] - Delayed 2 second(s)

2019-01-03 22:02:50 - [TEST_STEP][PASSED] - click: Object: 'Object Repository/Final Object Repo/Page_Update Employee Information By Employee/Page_Update Employee Information By Employee (Approve)/Approve' is clicked on

2019-01-03 22:02:52 - [MESSAGE][PASSED] - Object: 'Object Repository/Final Object Repo/Page_Update Employee Information By Employee/Page_Update Employee Information By Employee (Approve)/Approve' is clicked on

2019-01-03 22:02:52 - [TEST_STEP][PASSED] - delay: Delayed 2 second(s)

2019-01-03 22:02:54 - [MESSAGE][PASSED] - Delayed 2 second(s)

2019-01-03 22:02:54 - [TEST_STEP][PASSED] - click: Object: 'Object Repository/Final Object Repo/Page_Update Employee Information By Employee/Page_Update Employee Information By Employee (Approve)/Confirm' is clicked on

2019-01-03 22:02:54 - [MESSAGE][PASSED] - Object: 'Object Repository/Final Object Repo/Page_Update Employee Information By Employee/Page_Update Employee Information By Employee (Approve)/Confirm' is clicked on

2019-01-03 22:02:54 - [TEST_STEP][PASSED] - delay: Delayed 2 second(s)

2019-01-03 22:02:56 - [MESSAGE][PASSED] - Delayed 2 second(s)

2019-01-03 22:02:56 - [TEST_STEP][PASSED] - click: Object: 'Object Repository/Final Object Repo/Page_Update Employee Information By Employee/Page_Update Employee Information By Employee (Approve)/Message Your Request    Update Emp' is clicked on

2019-01-03 22:03:00 - [MESSAGE][PASSED] - Object: 'Object Repository/Final Object Repo/Page_Update Employee Information By Employee/Page_Update Employee Information By Employee (Approve)/Message Your Request    Update Emp' is clicked on

2019-01-03 22:03:00 - [TEST_STEP][PASSED] - click: Object: 'Object Repository/Final Object Repo/Page_Update Employee Information By Employee/Page_Update Employee Information By Employee (Approve)/Letter of successful update' is clicked on

2019-01-03 22:03:01 - [MESSAGE][PASSED] - Object: 'Object Repository/Final Object Repo/Page_Update Employee Information By Employee/Page_Update Employee Information By Employee (Approve)/Letter of successful update' is clicked on

2019-01-03 22:03:01 - [MESSAGE][PASSED] - Call Test Case 'Test Cases/Final Aug 2018 - PKS Automation/Registration Module/Workflow/Update Employee Information (Employee)/Template/Update Employee Information - Special Case - UO (Approve)' successfully]]></system-out>
         <system-err><![CDATA[]]></system-err>
      </testcase>
      <testcase name="Test Cases/Final Aug 2018 - PKS Automation/Registration Module/Workflow/Update Employee Information (Employee)/PAU to UO (Query)" classname="Test Cases/Final Aug 2018 - PKS Automation/Registration Module/Workflow/Update Employee Information (Employee)/PAU to UO (Query)" status="PASSED">
         <system-out><![CDATA[2019-01-03 22:03:01 - [TEST_CASE][PASSED] - Test Cases/Final Aug 2018 - PKS Automation/Registration Module/Workflow/Update Employee Information (Employee)/PAU to UO (Query): Test Cases/Final Aug 2018 - PKS Automation/Registration Module/Workflow/Update Employee Information (Employee)/PAU to UO (Query)

2019-01-03 22:03:01 - [TEST_STEP][PASSED] - callTestCase: Call Test Case 'Test Cases/Final Aug 2018 - PKS Automation/Registration Module/Workflow/Update Employee Information (Employee)/Template/Update Employee Information - Special Case (PAU)' successfully

2019-01-03 22:03:01 - [TEST_CASE][PASSED] - Test Cases/Final Aug 2018 - PKS Automation/Registration Module/Workflow/Update Employee Information (Employee)/Template/Update Employee Information - Special Case (PAU): Test Cases/Final Aug 2018 - PKS Automation/Registration Module/Workflow/Update Employee Information (Employee)/Template/Update Employee Information - Special Case (PAU)

2019-01-03 22:03:01 - [TEST_STEP][PASSED] - openBrowser: Browser is opened with url: ''

2019-01-03 22:03:01 - [MESSAGE][WARNING] - A browser is already opened. Closing browser and opening a new one

2019-01-03 22:03:05 - [MESSAGE][PASSED] - Browser is opened with url: ''

2019-01-03 22:03:05 - [TEST_STEP][PASSED] - navigateToUrl: Navigate to 'https://assist2-uat.perkeso.gov.my/login' successfully

2019-01-03 22:03:06 - [MESSAGE][PASSED] - Navigate to 'https://assist2-uat.perkeso.gov.my/login' successfully

2019-01-03 22:03:06 - [TEST_STEP][PASSED] - setText: Text 'johorpau1@gmail.com' is set on object 'Object Repository/Final Object Repo/Login Page/Internal User/Email Address'

2019-01-03 22:03:06 - [MESSAGE][PASSED] - Text 'johorpau1@gmail.com' is set on object 'Object Repository/Final Object Repo/Login Page/Internal User/Email Address'

2019-01-03 22:03:06 - [TEST_STEP][PASSED] - click: Object: 'Object Repository/Final Object Repo/Login Page/Internal User/Next Button' is clicked on

2019-01-03 22:03:07 - [MESSAGE][PASSED] - Object: 'Object Repository/Final Object Repo/Login Page/Internal User/Next Button' is clicked on

2019-01-03 22:03:07 - [TEST_STEP][PASSED] - delay: Delayed 1 second(s)

2019-01-03 22:03:08 - [MESSAGE][PASSED] - Delayed 1 second(s)

2019-01-03 22:03:08 - [TEST_STEP][PASSED] - setEncryptedText: Text ****** has been set on object 'Object Repository/Final Object Repo/Login Page/Internal User/Password'

2019-01-03 22:03:08 - [MESSAGE][PASSED] - Text ****** has been set on object 'Object Repository/Final Object Repo/Login Page/Internal User/Password'

2019-01-03 22:03:08 - [TEST_STEP][PASSED] - click: Object: 'Object Repository/Final Object Repo/Login Page/Internal User/Login Button' is clicked on

2019-01-03 22:03:08 - [MESSAGE][PASSED] - Object: 'Object Repository/Final Object Repo/Login Page/Internal User/Login Button' is clicked on

2019-01-03 22:03:08 - [TEST_STEP][PASSED] - Statement - tester = com.kms.katalon.core.testobject.ObjectRepository.findTestObject(Final Object Repo/Landing Page/Select to English): Finding Test Object with id 'Object Repository/Final Object Repo/Landing Page/Select to English'

2019-01-03 22:03:08 - [TEST_STEP][PASSED] - Statement - Try: Delayed 2 second(s)

2019-01-03 22:03:08 - [TEST_STEP][PASSED] - Statement - Checker = com.kms.katalon.core.webui.keyword.WebUiBuiltInKeywords.verifyElementNotPresent(tester, 3): Web element with id: 'Object Repository/Final Object Repo/Landing Page/Select to English' located by 'By.xpath: //a[@class = 'taglib-language-list-text' and @lang = 'en-US' and (contains(text(), 'EN') or contains(., 'EN'))]' is not present after '3' second(s)

2019-01-03 22:03:10 - [MESSAGE][PASSED] - Web element with id: 'Object Repository/Final Object Repo/Landing Page/Select to English' located by 'By.xpath: //a[@class = 'taglib-language-list-text' and @lang = 'en-US' and (contains(text(), 'EN') or contains(., 'EN'))]' is not present after '3' second(s)

2019-01-03 22:03:10 - [TEST_STEP][PASSED] - Statement - If (Checker == false): null

2019-01-03 22:03:10 - [TEST_STEP][PASSED] - delay: Delayed 2 second(s)

2019-01-03 22:03:12 - [MESSAGE][PASSED] - Delayed 2 second(s)

2019-01-03 22:03:12 - [TEST_STEP][PASSED] - delay: Delayed 5 second(s)

2019-01-03 22:03:17 - [MESSAGE][PASSED] - Delayed 5 second(s)

2019-01-03 22:03:17 - [TEST_STEP][PASSED] - navigateToUrl: Navigate to 'https://assist2-uat.perkeso.gov.my/web/registration/update/update-employee-information-employee-' successfully

2019-01-03 22:03:18 - [MESSAGE][PASSED] - Navigate to 'https://assist2-uat.perkeso.gov.my/web/registration/update/update-employee-information-employee-' successfully

2019-01-03 22:03:18 - [TEST_STEP][PASSED] - click: Object: 'Object Repository/Final Object Repo/Page_Update Employee Information By Employee/Type of Identification' is clicked on

2019-01-03 22:03:18 - [MESSAGE][PASSED] - Object: 'Object Repository/Final Object Repo/Page_Update Employee Information By Employee/Type of Identification' is clicked on

2019-01-03 22:03:18 - [TEST_STEP][PASSED] - click: Object: 'Object Repository/Final Object Repo/Page Update Employee Information By Employee/Type of Identification - Name' is clicked on

2019-01-03 22:03:18 - [MESSAGE][PASSED] - Object: 'Object Repository/Final Object Repo/Page Update Employee Information By Employee/Type of Identification - Name' is clicked on

2019-01-03 22:03:18 - [TEST_STEP][PASSED] - setText: Text 'YUKI JR B' is set on object 'Object Repository/Final Object Repo/Page_Update Employee Information By Employee/New Identification'

2019-01-03 22:03:18 - [MESSAGE][PASSED] - Text 'YUKI JR B' is set on object 'Object Repository/Final Object Repo/Page_Update Employee Information By Employee/New Identification'

2019-01-03 22:03:18 - [TEST_STEP][PASSED] - click: Object: 'Object Repository/Final Object Repo/Page_Update Employee Information By Employee/Search Button' is clicked on

2019-01-03 22:03:18 - [MESSAGE][PASSED] - Object: 'Object Repository/Final Object Repo/Page_Update Employee Information By Employee/Search Button' is clicked on

2019-01-03 22:03:18 - [TEST_STEP][PASSED] - click: Object: 'Object Repository/Final Object Repo/Page_Update Employee Information By Employee/Edit Button' is clicked on

2019-01-03 22:03:23 - [MESSAGE][PASSED] - Object: 'Object Repository/Final Object Repo/Page_Update Employee Information By Employee/Edit Button' is clicked on

2019-01-03 22:03:23 - [TEST_STEP][PASSED] - delay: Delayed 2 second(s)

2019-01-03 22:03:25 - [MESSAGE][PASSED] - Delayed 2 second(s)

2019-01-03 22:03:25 - [TEST_STEP][PASSED] - click: Object: 'Object Repository/Final Object Repo/Page_Update Employee Information By Employee/Employee Information Edit Button' is clicked on

2019-01-03 22:03:25 - [MESSAGE][PASSED] - Object: 'Object Repository/Final Object Repo/Page_Update Employee Information By Employee/Employee Information Edit Button' is clicked on

2019-01-03 22:03:25 - [TEST_STEP][PASSED] - delay: Delayed 2 second(s)

2019-01-03 22:03:27 - [MESSAGE][PASSED] - Delayed 2 second(s)

2019-01-03 22:03:27 - [TEST_STEP][PASSED] - click: Object: 'Object Repository/Final Object Repo/Page_Update Employee Information By Employee/New Identification Number' is clicked on

2019-01-03 22:03:27 - [MESSAGE][PASSED] - Object: 'Object Repository/Final Object Repo/Page_Update Employee Information By Employee/New Identification Number' is clicked on

2019-01-03 22:03:27 - [TEST_STEP][PASSED] - setText: Text '' is set on object 'Object Repository/Final Object Repo/Page_Update Employee Information By Employee/New Identification Number'

2019-01-03 22:03:27 - [MESSAGE][PASSED] - Text '' is set on object 'Object Repository/Final Object Repo/Page_Update Employee Information By Employee/New Identification Number'

2019-01-03 22:03:27 - [TEST_STEP][PASSED] - Statement - rnd = new java.util.Random(): null

2019-01-03 22:03:27 - [TEST_STEP][PASSED] - Statement - snum = rnd.nextInt(899999 + 1) + 100000: null

2019-01-03 22:03:27 - [TEST_STEP][PASSED] - Statement - tnum = rnd.nextInt(899999 + 1) + 100000: null

2019-01-03 22:03:27 - [TEST_STEP][PASSED] - Statement - IC = java.lang.Integer.toString(snum) + java.lang.Integer.toString(tnum): null

2019-01-03 22:03:27 - [TEST_STEP][PASSED] - Statement - out.println(IC): null

2019-01-03 22:03:27 - [TEST_STEP][PASSED] - setText: Text '232748186740' is set on object 'Object Repository/Final Object Repo/Page_Update Employee Information By Employee/New Identification Number'

2019-01-03 22:03:27 - [MESSAGE][PASSED] - Text '232748186740' is set on object 'Object Repository/Final Object Repo/Page_Update Employee Information By Employee/New Identification Number'

2019-01-03 22:03:27 - [TEST_STEP][PASSED] - delay: Delayed 2 second(s)

2019-01-03 22:03:29 - [MESSAGE][PASSED] - Delayed 2 second(s)

2019-01-03 22:03:29 - [TEST_STEP][PASSED] - click: Object: 'Object Repository/Final Object Repo/Page_Update Employee Information By Employee/Save' is clicked on

2019-01-03 22:03:30 - [MESSAGE][PASSED] - Object: 'Object Repository/Final Object Repo/Page_Update Employee Information By Employee/Save' is clicked on

2019-01-03 22:03:30 - [TEST_STEP][PASSED] - delay: Delayed 10 second(s)

2019-01-03 22:03:40 - [MESSAGE][PASSED] - Delayed 10 second(s)

2019-01-03 22:03:40 - [TEST_STEP][PASSED] - click: Object: 'Object Repository/Final Object Repo/Page_Update Employee Information By Employee/Save  Continue in Update Employee Information' is clicked on

2019-01-03 22:03:40 - [MESSAGE][PASSED] - Object: 'Object Repository/Final Object Repo/Page_Update Employee Information By Employee/Save  Continue in Update Employee Information' is clicked on

2019-01-03 22:03:40 - [TEST_STEP][PASSED] - delay: Delayed 2 second(s)

2019-01-03 22:03:42 - [MESSAGE][PASSED] - Delayed 2 second(s)

2019-01-03 22:03:42 - [TEST_STEP][PASSED] - click: Object: 'Object Repository/Final Object Repo/Page_Update Employee Information By Employee/Save  Continue in Uploading Page' is clicked on

2019-01-03 22:03:43 - [MESSAGE][PASSED] - Object: 'Object Repository/Final Object Repo/Page_Update Employee Information By Employee/Save  Continue in Uploading Page' is clicked on

2019-01-03 22:03:43 - [TEST_STEP][PASSED] - delay: Delayed 2 second(s)

2019-01-03 22:03:45 - [MESSAGE][PASSED] - Delayed 2 second(s)

2019-01-03 22:03:45 - [TEST_STEP][PASSED] - Statement - CaseReferenceNo = com.kms.katalon.core.webui.keyword.WebUiBuiltInKeywords.getText(com.kms.katalon.core.testobject.ObjectRepository.findTestObject(Final Object Repo/Page_Update Employer Information/Reference Number in Update Employee Information Page)): Text of object 'Object Repository/Final Object Repo/Page_Update Employer Information/Reference Number in Update Employee Information Page' is: 'CUN012019C100006171'

2019-01-03 22:03:46 - [MESSAGE][PASSED] - Text of object 'Object Repository/Final Object Repo/Page_Update Employer Information/Reference Number in Update Employee Information Page' is: 'CUN012019C100006171'

2019-01-03 22:03:46 - [TEST_STEP][PASSED] - callTestCase: Call Test Case 'Test Cases/Final Aug 2018 - PKS Automation/Common/Reference Number Setter' successfully

2019-01-03 22:03:46 - [TEST_CASE][PASSED] - Test Cases/Final Aug 2018 - PKS Automation/Common/Reference Number Setter: Test Cases/Final Aug 2018 - PKS Automation/Common/Reference Number Setter

2019-01-03 22:03:46 - [TEST_STEP][PASSED] - Statement - RefNoOldFile = new java.io.File(C://Users//Admin//Desktop//PKS//Automation Reference Point//KatalonReference.txt): null

2019-01-03 22:03:46 - [TEST_STEP][PASSED] - Statement - RefNoOldFile.delete(): null

2019-01-03 22:03:46 - [TEST_STEP][PASSED] - delay: Delayed 5 second(s)

2019-01-03 22:03:51 - [MESSAGE][PASSED] - Delayed 5 second(s)

2019-01-03 22:03:51 - [TEST_STEP][PASSED] - Statement - RefNo = new java.io.File(C://Users//Admin//Desktop//PKS//Automation Reference Point//KatalonReference.txt): null

2019-01-03 22:03:51 - [TEST_STEP][PASSED] - Statement - f2 = new java.io.FileWriter(RefNo, false): null

2019-01-03 22:03:51 - [TEST_STEP][PASSED] - Statement - f2.write(CaseReferenceNo): null

2019-01-03 22:03:51 - [TEST_STEP][PASSED] - Statement - f2.close(): null

2019-01-03 22:03:51 - [TEST_STEP][PASSED] - Statement - out.println("


" + CaseReferenceNo + "


"): null

2019-01-03 22:03:51 - [MESSAGE][PASSED] - Call Test Case 'Test Cases/Final Aug 2018 - PKS Automation/Common/Reference Number Setter' successfully

2019-01-03 22:03:51 - [TEST_STEP][PASSED] - delay: Delayed 2 second(s)

2019-01-03 22:03:53 - [MESSAGE][PASSED] - Delayed 2 second(s)

2019-01-03 22:03:53 - [TEST_STEP][PASSED] - click: Object: 'Object Repository/Final Object Repo/Page_Update Employee Information By Employee/Submit' is clicked on

2019-01-03 22:03:54 - [MESSAGE][PASSED] - Object: 'Object Repository/Final Object Repo/Page_Update Employee Information By Employee/Submit' is clicked on

2019-01-03 22:03:54 - [TEST_STEP][PASSED] - delay: Delayed 2 second(s)

2019-01-03 22:03:56 - [MESSAGE][PASSED] - Delayed 2 second(s)

2019-01-03 22:03:56 - [TEST_STEP][PASSED] - click: Object: 'Object Repository/Final Object Repo/Page_Update Employee Information By Employee/Confirm Button' is clicked on

2019-01-03 22:03:56 - [MESSAGE][PASSED] - Object: 'Object Repository/Final Object Repo/Page_Update Employee Information By Employee/Confirm Button' is clicked on

2019-01-03 22:03:56 - [TEST_STEP][PASSED] - delay: Delayed 2 second(s)

2019-01-03 22:03:58 - [MESSAGE][PASSED] - Delayed 2 second(s)

2019-01-03 22:03:58 - [TEST_STEP][PASSED] - click: Object: 'Object Repository/Final Object Repo/Page_Update Employee Information By Employee/Successful Message Routed to UO' is clicked on

2019-01-03 22:03:59 - [MESSAGE][PASSED] - Object: 'Object Repository/Final Object Repo/Page_Update Employee Information By Employee/Successful Message Routed to UO' is clicked on

2019-01-03 22:03:59 - [MESSAGE][PASSED] - Call Test Case 'Test Cases/Final Aug 2018 - PKS Automation/Registration Module/Workflow/Update Employee Information (Employee)/Template/Update Employee Information - Special Case (PAU)' successfully

2019-01-03 22:03:59 - [TEST_STEP][PASSED] - callTestCase: Call Test Case 'Test Cases/Final Aug 2018 - PKS Automation/Registration Module/Workflow/Update Employee Information (Employee)/Template/Update Employee Information - Special Case - UO (Query)' successfully

2019-01-03 22:04:00 - [TEST_CASE][PASSED] - Test Cases/Final Aug 2018 - PKS Automation/Registration Module/Workflow/Update Employee Information (Employee)/Template/Update Employee Information - Special Case - UO (Query): Test Cases/Final Aug 2018 - PKS Automation/Registration Module/Workflow/Update Employee Information (Employee)/Template/Update Employee Information - Special Case - UO (Query)

2019-01-03 22:04:00 - [TEST_STEP][NOT_RUN] - callTestCase: NOT_RUN: callTestCase

2019-01-03 22:04:00 - [MESSAGE][NOT_RUN] - NOT_RUN: callTestCase

2019-01-03 22:04:00 - [TEST_STEP][PASSED] - delay: Delayed 2 second(s)

2019-01-03 22:04:02 - [MESSAGE][PASSED] - Delayed 2 second(s)

2019-01-03 22:04:02 - [TEST_STEP][PASSED] - navigateToUrl: Navigate to 'https://assist2-uat.perkeso.gov.my/c/portal/logout' successfully

2019-01-03 22:04:02 - [MESSAGE][PASSED] - Navigate to 'https://assist2-uat.perkeso.gov.my/c/portal/logout' successfully

2019-01-03 22:04:02 - [TEST_STEP][PASSED] - delay: Delayed 2 second(s)

2019-01-03 22:04:04 - [MESSAGE][PASSED] - Delayed 2 second(s)

2019-01-03 22:04:04 - [TEST_STEP][PASSED] - callTestCase: Call Test Case 'Test Cases/Final Aug 2018 - PKS Automation/Common/Reference Number Getter' successfully

2019-01-03 22:04:04 - [TEST_CASE][PASSED] - Test Cases/Final Aug 2018 - PKS Automation/Common/Reference Number Getter: Test Cases/Final Aug 2018 - PKS Automation/Common/Reference Number Getter

2019-01-03 22:04:04 - [TEST_STEP][PASSED] - Statement - Try: null

2019-01-03 22:04:04 - [TEST_STEP][PASSED] - Statement - RefNo = new java.io.File(C://Users//Admin//Desktop//PKS//Automation Reference Point//KatalonReference.txt): null

2019-01-03 22:04:04 - [TEST_STEP][PASSED] - Statement - bufferread = new java.io.BufferedReader(new java.io.FileReader(RefNo)): null

2019-01-03 22:04:04 - [TEST_STEP][PASSED] - Statement - readedVal = bufferread.readLine(): null

2019-01-03 22:04:04 - [TEST_STEP][PASSED] - Statement - out.println(CaseReferenceNo): null

2019-01-03 22:04:04 - [TEST_STEP][PASSED] - Statement - out.println(readedVal): null

2019-01-03 22:04:04 - [TEST_STEP][PASSED] - Statement - CaseReferenceNo = "": null

2019-01-03 22:04:04 - [TEST_STEP][PASSED] - Statement - CaseReferenceNo = readedVal: null

2019-01-03 22:04:04 - [MESSAGE][PASSED] - Call Test Case 'Test Cases/Final Aug 2018 - PKS Automation/Common/Reference Number Getter' successfully

2019-01-03 22:04:04 - [TEST_STEP][PASSED] - callTestCase: Call Test Case 'Test Cases/Final Aug 2018 - PKS Automation/Common/Workflow Owner Finder' successfully

2019-01-03 22:04:04 - [TEST_CASE][PASSED] - Test Cases/Final Aug 2018 - PKS Automation/Common/Workflow Owner Finder: Test Cases/Final Aug 2018 - PKS Automation/Common/Workflow Owner Finder

2019-01-03 22:04:04 - [TEST_STEP][PASSED] - openBrowser: Browser is opened with url: ''

2019-01-03 22:04:04 - [MESSAGE][WARNING] - A browser is already opened. Closing browser and opening a new one

2019-01-03 22:04:08 - [MESSAGE][PASSED] - Browser is opened with url: ''

2019-01-03 22:04:08 - [TEST_STEP][PASSED] - navigateToUrl: Navigate to 'https://assist2-uat.perkeso.gov.my/login' successfully

2019-01-03 22:04:09 - [MESSAGE][PASSED] - Navigate to 'https://assist2-uat.perkeso.gov.my/login' successfully

2019-01-03 22:04:09 - [TEST_STEP][PASSED] - delay: Delayed 5 second(s)

2019-01-03 22:04:14 - [MESSAGE][PASSED] - Delayed 5 second(s)

2019-01-03 22:04:14 - [TEST_STEP][PASSED] - setText: Text 'test@liferay.com' is set on object 'Object Repository/Final Object Repo/Login Page/Internal User/Email Address'

2019-01-03 22:04:15 - [MESSAGE][PASSED] - Text 'test@liferay.com' is set on object 'Object Repository/Final Object Repo/Login Page/Internal User/Email Address'

2019-01-03 22:04:15 - [TEST_STEP][PASSED] - click: Object: 'Object Repository/Final Object Repo/Login Page/Internal User/Next Button' is clicked on

2019-01-03 22:04:15 - [MESSAGE][PASSED] - Object: 'Object Repository/Final Object Repo/Login Page/Internal User/Next Button' is clicked on

2019-01-03 22:04:15 - [TEST_STEP][PASSED] - delay: Delayed 2 second(s)

2019-01-03 22:04:17 - [MESSAGE][PASSED] - Delayed 2 second(s)

2019-01-03 22:04:17 - [TEST_STEP][PASSED] - setText: Text 'test' is set on object 'Object Repository/Final Object Repo/Login Page/Internal User/Password'

2019-01-03 22:04:17 - [MESSAGE][PASSED] - Text 'test' is set on object 'Object Repository/Final Object Repo/Login Page/Internal User/Password'

2019-01-03 22:04:17 - [TEST_STEP][PASSED] - delay: Delayed 2 second(s)

2019-01-03 22:04:19 - [MESSAGE][PASSED] - Delayed 2 second(s)

2019-01-03 22:04:19 - [TEST_STEP][PASSED] - click: Object: 'Object Repository/Final Object Repo/Login Page/Internal User/Login Button' is clicked on

2019-01-03 22:04:19 - [MESSAGE][PASSED] - Object: 'Object Repository/Final Object Repo/Login Page/Internal User/Login Button' is clicked on

2019-01-03 22:04:19 - [TEST_STEP][PASSED] - Statement - tester = com.kms.katalon.core.testobject.ObjectRepository.findTestObject(Final Object Repo/Landing Page/Select to English): Finding Test Object with id 'Object Repository/Final Object Repo/Landing Page/Select to English'

2019-01-03 22:04:19 - [TEST_STEP][PASSED] - Statement - Try: Delayed 2 second(s)

2019-01-03 22:04:19 - [TEST_STEP][PASSED] - Statement - Checker = com.kms.katalon.core.webui.keyword.WebUiBuiltInKeywords.verifyElementNotPresent(tester, 3): Web element with id: 'Object Repository/Final Object Repo/Landing Page/Select to English' located by 'By.xpath: //a[@class = 'taglib-language-list-text' and @lang = 'en-US' and (contains(text(), 'EN') or contains(., 'EN'))]' is not present after '3' second(s)

2019-01-03 22:04:21 - [MESSAGE][PASSED] - Web element with id: 'Object Repository/Final Object Repo/Landing Page/Select to English' located by 'By.xpath: //a[@class = 'taglib-language-list-text' and @lang = 'en-US' and (contains(text(), 'EN') or contains(., 'EN'))]' is not present after '3' second(s)

2019-01-03 22:04:21 - [TEST_STEP][PASSED] - Statement - If (Checker == false): null

2019-01-03 22:04:21 - [TEST_STEP][PASSED] - delay: Delayed 2 second(s)

2019-01-03 22:04:23 - [MESSAGE][PASSED] - Delayed 2 second(s)

2019-01-03 22:04:23 - [TEST_STEP][PASSED] - delay: Delayed 5 second(s)

2019-01-03 22:04:28 - [MESSAGE][PASSED] - Delayed 5 second(s)

2019-01-03 22:04:28 - [TEST_STEP][PASSED] - mouseOver: Object: 'Object Repository/Final Object Repo/Landing Page/WorkFlow Menu' is hovered

2019-01-03 22:04:28 - [MESSAGE][PASSED] - Object: 'Object Repository/Final Object Repo/Landing Page/WorkFlow Menu' is hovered

2019-01-03 22:04:28 - [TEST_STEP][PASSED] - delay: Delayed 2 second(s)

2019-01-03 22:04:30 - [MESSAGE][PASSED] - Delayed 2 second(s)

2019-01-03 22:04:30 - [TEST_STEP][PASSED] - click: Object: 'Object Repository/Final Object Repo/Landing Page/Select to Workflow Listing' is clicked on

2019-01-03 22:04:31 - [MESSAGE][PASSED] - Object: 'Object Repository/Final Object Repo/Landing Page/Select to Workflow Listing' is clicked on

2019-01-03 22:04:31 - [TEST_STEP][PASSED] - delay: Delayed 2 second(s)

2019-01-03 22:04:33 - [MESSAGE][PASSED] - Delayed 2 second(s)

2019-01-03 22:04:33 - [TEST_STEP][PASSED] - click: Object: 'Object Repository/Final Object Repo/WorkFlow Listing Page/Search Information - To Put Ref No' is clicked on

2019-01-03 22:04:33 - [MESSAGE][PASSED] - Object: 'Object Repository/Final Object Repo/WorkFlow Listing Page/Search Information - To Put Ref No' is clicked on

2019-01-03 22:04:33 - [TEST_STEP][PASSED] - delay: Delayed 2 second(s)

2019-01-03 22:04:35 - [MESSAGE][PASSED] - Delayed 2 second(s)

2019-01-03 22:04:35 - [TEST_STEP][PASSED] - callTestCase: Call Test Case 'Test Cases/Final Aug 2018 - PKS Automation/Common/Reference Number Getter' successfully

2019-01-03 22:04:35 - [TEST_CASE][PASSED] - Test Cases/Final Aug 2018 - PKS Automation/Common/Reference Number Getter: Test Cases/Final Aug 2018 - PKS Automation/Common/Reference Number Getter

2019-01-03 22:04:35 - [TEST_STEP][PASSED] - Statement - Try: null

2019-01-03 22:04:35 - [TEST_STEP][PASSED] - Statement - RefNo = new java.io.File(C://Users//Admin//Desktop//PKS//Automation Reference Point//KatalonReference.txt): null

2019-01-03 22:04:35 - [TEST_STEP][PASSED] - Statement - bufferread = new java.io.BufferedReader(new java.io.FileReader(RefNo)): null

2019-01-03 22:04:35 - [TEST_STEP][PASSED] - Statement - readedVal = bufferread.readLine(): null

2019-01-03 22:04:35 - [TEST_STEP][PASSED] - Statement - out.println(CaseReferenceNo): null

2019-01-03 22:04:35 - [TEST_STEP][PASSED] - Statement - out.println(readedVal): null

2019-01-03 22:04:35 - [TEST_STEP][PASSED] - Statement - CaseReferenceNo = "": null

2019-01-03 22:04:35 - [TEST_STEP][PASSED] - Statement - CaseReferenceNo = readedVal: null

2019-01-03 22:04:35 - [MESSAGE][PASSED] - Call Test Case 'Test Cases/Final Aug 2018 - PKS Automation/Common/Reference Number Getter' successfully

2019-01-03 22:04:35 - [TEST_STEP][PASSED] - setText: Text 'CUN012019C100006171' is set on object 'Object Repository/Final Object Repo/WorkFlow Listing Page/Ref No Set Text'

2019-01-03 22:04:36 - [MESSAGE][PASSED] - Text 'CUN012019C100006171' is set on object 'Object Repository/Final Object Repo/WorkFlow Listing Page/Ref No Set Text'

2019-01-03 22:04:36 - [TEST_STEP][PASSED] - delay: Delayed 2 second(s)

2019-01-03 22:04:38 - [MESSAGE][PASSED] - Delayed 2 second(s)

2019-01-03 22:04:38 - [TEST_STEP][PASSED] - click: Object: 'Object Repository/Final Object Repo/WorkFlow Listing Page/Search Ref No Search Button' is clicked on

2019-01-03 22:04:38 - [MESSAGE][PASSED] - Object: 'Object Repository/Final Object Repo/WorkFlow Listing Page/Search Ref No Search Button' is clicked on

2019-01-03 22:04:38 - [TEST_STEP][PASSED] - delay: Delayed 6 second(s)

2019-01-03 22:04:44 - [MESSAGE][PASSED] - Delayed 6 second(s)

2019-01-03 22:04:44 - [TEST_STEP][PASSED] - click: Object: 'Object Repository/Final Object Repo/WorkFlow Listing Page/Click Continue Tooltip' is clicked on

2019-01-03 22:04:45 - [MESSAGE][PASSED] - Object: 'Object Repository/Final Object Repo/WorkFlow Listing Page/Click Continue Tooltip' is clicked on

2019-01-03 22:04:45 - [TEST_STEP][PASSED] - delay: Delayed 5 second(s)

2019-01-03 22:04:50 - [MESSAGE][PASSED] - Delayed 5 second(s)

2019-01-03 22:04:50 - [TEST_STEP][PASSED] - doubleClick: Object: 'Object Repository/Final Object Repo/WorkFlow Listing Page/Workflow Found - Listing 1' is double clicked on

2019-01-03 22:04:50 - [MESSAGE][PASSED] - Object: 'Object Repository/Final Object Repo/WorkFlow Listing Page/Workflow Found - Listing 1' is double clicked on

2019-01-03 22:04:50 - [TEST_STEP][PASSED] - Statement - println(OwnerID): null

2019-01-03 22:04:50 - [TEST_STEP][PASSED] - Statement - OwnerID = com.kms.katalon.core.webui.keyword.WebUiBuiltInKeywords.getText(com.kms.katalon.core.testobject.ObjectRepository.findTestObject(Final Object Repo/WorkFlow Listing Page/Workflow Found - Listing 1), STOP_ON_FAILURE): Text of object 'Object Repository/Final Object Repo/WorkFlow Listing Page/Workflow Found - Listing 1' is: 'JOHORuo3'

2019-01-03 22:04:50 - [MESSAGE][PASSED] - Text of object 'Object Repository/Final Object Repo/WorkFlow Listing Page/Workflow Found - Listing 1' is: 'JOHORuo3'

2019-01-03 22:04:50 - [TEST_STEP][PASSED] - Statement - OwnerID = OwnerID.toLowerCase() + "@gmail.com": null

2019-01-03 22:04:50 - [TEST_STEP][PASSED] - Statement - println(OwnerID): null

2019-01-03 22:04:50 - [TEST_STEP][PASSED] - delay: Delayed 2 second(s)

2019-01-03 22:04:52 - [MESSAGE][PASSED] - Delayed 2 second(s)

2019-01-03 22:04:52 - [MESSAGE][PASSED] - Call Test Case 'Test Cases/Final Aug 2018 - PKS Automation/Common/Workflow Owner Finder' successfully

2019-01-03 22:04:52 - [TEST_STEP][PASSED] - delay: Delayed 2 second(s)

2019-01-03 22:04:54 - [MESSAGE][PASSED] - Delayed 2 second(s)

2019-01-03 22:04:54 - [TEST_STEP][PASSED] - navigateToUrl: Navigate to 'https://assist2-uat.perkeso.gov.my/c/portal/logout' successfully

2019-01-03 22:04:55 - [MESSAGE][PASSED] - Navigate to 'https://assist2-uat.perkeso.gov.my/c/portal/logout' successfully

2019-01-03 22:04:55 - [TEST_STEP][PASSED] - delay: Delayed 2 second(s)

2019-01-03 22:04:57 - [MESSAGE][PASSED] - Delayed 2 second(s)

2019-01-03 22:04:57 - [TEST_STEP][PASSED] - callTestCase: Call Test Case 'Test Cases/Final Aug 2018 - PKS Automation/Registration Module/Workflow/Login and Search Case For Workflow' successfully

2019-01-03 22:04:57 - [TEST_CASE][PASSED] - Test Cases/Final Aug 2018 - PKS Automation/Registration Module/Workflow/Login and Search Case For Workflow: Test Cases/Final Aug 2018 - PKS Automation/Registration Module/Workflow/Login and Search Case For Workflow

2019-01-03 22:04:57 - [TEST_STEP][PASSED] - navigateToUrl: Navigate to 'https://assist2-uat.perkeso.gov.my/login' successfully

2019-01-03 22:04:57 - [MESSAGE][PASSED] - Navigate to 'https://assist2-uat.perkeso.gov.my/login' successfully

2019-01-03 22:04:57 - [TEST_STEP][PASSED] - setText: Text 'johoruo3@gmail.com' is set on object 'Object Repository/Final Object Repo/Login Page/Internal User/Email Address'

2019-01-03 22:04:58 - [MESSAGE][PASSED] - Text 'johoruo3@gmail.com' is set on object 'Object Repository/Final Object Repo/Login Page/Internal User/Email Address'

2019-01-03 22:04:58 - [TEST_STEP][PASSED] - click: Object: 'Object Repository/Final Object Repo/Login Page/Internal User/Next Button' is clicked on

2019-01-03 22:04:58 - [MESSAGE][PASSED] - Object: 'Object Repository/Final Object Repo/Login Page/Internal User/Next Button' is clicked on

2019-01-03 22:04:58 - [TEST_STEP][PASSED] - delay: Delayed 1 second(s)

2019-01-03 22:04:59 - [MESSAGE][PASSED] - Delayed 1 second(s)

2019-01-03 22:04:59 - [TEST_STEP][PASSED] - setEncryptedText: Text ****** has been set on object 'Object Repository/Final Object Repo/Login Page/Internal User/Password'

2019-01-03 22:04:59 - [MESSAGE][PASSED] - Text ****** has been set on object 'Object Repository/Final Object Repo/Login Page/Internal User/Password'

2019-01-03 22:04:59 - [TEST_STEP][PASSED] - click: Object: 'Object Repository/Final Object Repo/Login Page/Internal User/Login Button' is clicked on

2019-01-03 22:04:59 - [MESSAGE][PASSED] - Object: 'Object Repository/Final Object Repo/Login Page/Internal User/Login Button' is clicked on

2019-01-03 22:04:59 - [TEST_STEP][PASSED] - delay: Delayed 2 second(s)

2019-01-03 22:05:01 - [MESSAGE][PASSED] - Delayed 2 second(s)

2019-01-03 22:05:01 - [TEST_STEP][PASSED] - Statement - Try: Delayed 2 second(s)

2019-01-03 22:05:01 - [TEST_STEP][PASSED] - Statement - Checker = false: null

2019-01-03 22:05:01 - [TEST_STEP][PASSED] - Statement - Checker = com.kms.katalon.core.webui.keyword.WebUiBuiltInKeywords.verifyElementHasAttribute(com.kms.katalon.core.testobject.ObjectRepository.findTestObject(Final Object Repo/Landing Page/BM Detecting), "href", 20, OPTIONAL): Object 'Object Repository/Final Object Repo/Landing Page/BM Detecting' has attribute 'href'

2019-01-03 22:05:01 - [MESSAGE][PASSED] - Object 'Object Repository/Final Object Repo/Landing Page/BM Detecting' has attribute 'href'

2019-01-03 22:05:01 - [TEST_STEP][PASSED] - Statement - out.println(Checker): null

2019-01-03 22:05:01 - [TEST_STEP][PASSED] - Statement - If (Checker == false): null

2019-01-03 22:05:01 - [TEST_STEP][PASSED] - Statement - Else: null

2019-01-03 22:05:01 - [TEST_STEP][PASSED] - delay: Delayed 2 second(s)

2019-01-03 22:05:03 - [MESSAGE][PASSED] - Delayed 2 second(s)

2019-01-03 22:05:03 - [TEST_STEP][PASSED] - click: Object: 'Object Repository/Final Object Repo/Page_MyASSIST - ASSIST - Search Pending Case For Add Supporting Document/Search Information' is clicked on

2019-01-03 22:05:03 - [MESSAGE][PASSED] - Object: 'Object Repository/Final Object Repo/Page_MyASSIST - ASSIST - Search Pending Case For Add Supporting Document/Search Information' is clicked on

2019-01-03 22:05:03 - [TEST_STEP][PASSED] - delay: Delayed 3 second(s)

2019-01-03 22:05:06 - [MESSAGE][PASSED] - Delayed 3 second(s)

2019-01-03 22:05:06 - [TEST_STEP][PASSED] - sendKeys: Keys 'CUN012019C100006171' sent to object: 'Object Repository/Final Object Repo/Page_MyASSIST - ASSIST - Search Pending Case For Add Supporting Document/Reference No'

2019-01-03 22:05:07 - [MESSAGE][PASSED] - Keys 'CUN012019C100006171' sent to object: 'Object Repository/Final Object Repo/Page_MyASSIST - ASSIST - Search Pending Case For Add Supporting Document/Reference No'

2019-01-03 22:05:07 - [TEST_STEP][PASSED] - click: Object: 'Object Repository/Final Object Repo/Page_MyASSIST - ASSIST - Search Pending Case For Add Supporting Document/Search Reference No' is clicked on

2019-01-03 22:05:07 - [MESSAGE][PASSED] - Object: 'Object Repository/Final Object Repo/Page_MyASSIST - ASSIST - Search Pending Case For Add Supporting Document/Search Reference No' is clicked on

2019-01-03 22:05:07 - [TEST_STEP][PASSED] - delay: Delayed 2 second(s)

2019-01-03 22:05:09 - [MESSAGE][PASSED] - Delayed 2 second(s)

2019-01-03 22:05:09 - [TEST_STEP][PASSED] - click: Object: 'Object Repository/Final Object Repo/Page_MyASSIST - ASSIST - Search Pending Case For Add Supporting Document/Continue' is clicked on

2019-01-03 22:05:13 - [MESSAGE][PASSED] - Object: 'Object Repository/Final Object Repo/Page_MyASSIST - ASSIST - Search Pending Case For Add Supporting Document/Continue' is clicked on

2019-01-03 22:05:13 - [TEST_STEP][PASSED] - delay: Delayed 20 second(s)

2019-01-03 22:05:33 - [MESSAGE][PASSED] - Delayed 20 second(s)

2019-01-03 22:05:33 - [MESSAGE][PASSED] - Call Test Case 'Test Cases/Final Aug 2018 - PKS Automation/Registration Module/Workflow/Login and Search Case For Workflow' successfully

2019-01-03 22:05:33 - [TEST_STEP][PASSED] - click: Object: 'Object Repository/Final Object Repo/Page_Update Employee Information By Employee/Page_Update Employee Information By Employee (Approve)/Continue' is clicked on

2019-01-03 22:05:36 - [MESSAGE][PASSED] - Object: 'Object Repository/Final Object Repo/Page_Update Employee Information By Employee/Page_Update Employee Information By Employee (Approve)/Continue' is clicked on

2019-01-03 22:05:36 - [TEST_STEP][PASSED] - delay: Delayed 2 second(s)

2019-01-03 22:05:38 - [MESSAGE][PASSED] - Delayed 2 second(s)

2019-01-03 22:05:38 - [TEST_STEP][PASSED] - click: Object: 'Object Repository/Final Object Repo/Page_Update Employee Information By Employer/Page_Update Employee Information by Employer (Approve)/Save  Continue in Update Employee Information Page' is clicked on

2019-01-03 22:05:38 - [MESSAGE][PASSED] - Object: 'Object Repository/Final Object Repo/Page_Update Employee Information By Employer/Page_Update Employee Information by Employer (Approve)/Save  Continue in Update Employee Information Page' is clicked on

2019-01-03 22:05:38 - [TEST_STEP][PASSED] - delay: Delayed 2 second(s)

2019-01-03 22:05:40 - [MESSAGE][PASSED] - Delayed 2 second(s)

2019-01-03 22:05:40 - [TEST_STEP][PASSED] - setText: Text 'remark' is set on object 'Object Repository/Final Object Repo/Page_Update Employee Information By Employee/Page_Update Employee Information By Employee (Query)/Query - remark'

2019-01-03 22:05:41 - [MESSAGE][PASSED] - Text 'remark' is set on object 'Object Repository/Final Object Repo/Page_Update Employee Information By Employee/Page_Update Employee Information By Employee (Query)/Query - remark'

2019-01-03 22:05:41 - [TEST_STEP][PASSED] - click: Object: 'Object Repository/Final Object Repo/Page_Update Employee Information By Employer/Page_Update Employee Information by Employer (Approve)/Save  Continue in Upload Supporting Doucument Page' is clicked on

2019-01-03 22:05:41 - [MESSAGE][PASSED] - Object: 'Object Repository/Final Object Repo/Page_Update Employee Information By Employer/Page_Update Employee Information by Employer (Approve)/Save  Continue in Upload Supporting Doucument Page' is clicked on

2019-01-03 22:05:41 - [TEST_STEP][PASSED] - delay: Delayed 2 second(s)

2019-01-03 22:05:43 - [MESSAGE][PASSED] - Delayed 2 second(s)

2019-01-03 22:05:43 - [TEST_STEP][PASSED] - click: Object: 'Object Repository/Final Object Repo/Page_Update Employee Information By Employee/Page_Update Employee Information By Employee (Query)/Query' is clicked on

2019-01-03 22:05:45 - [MESSAGE][PASSED] - Object: 'Object Repository/Final Object Repo/Page_Update Employee Information By Employee/Page_Update Employee Information By Employee (Query)/Query' is clicked on

2019-01-03 22:05:45 - [TEST_STEP][PASSED] - delay: Delayed 2 second(s)

2019-01-03 22:05:47 - [MESSAGE][PASSED] - Delayed 2 second(s)

2019-01-03 22:05:47 - [TEST_STEP][PASSED] - click: Object: 'Object Repository/Final Object Repo/Page_Update Employee Information By Employee/Page_Update Employee Information By Employee (Query)/Confirm' is clicked on

2019-01-03 22:05:47 - [MESSAGE][PASSED] - Object: 'Object Repository/Final Object Repo/Page_Update Employee Information By Employee/Page_Update Employee Information By Employee (Query)/Confirm' is clicked on

2019-01-03 22:05:47 - [TEST_STEP][PASSED] - delay: Delayed 2 second(s)

2019-01-03 22:05:49 - [MESSAGE][PASSED] - Delayed 2 second(s)

2019-01-03 22:05:49 - [TEST_STEP][PASSED] - click: Object: 'Object Repository/Final Object Repo/Page_Update Employee Information By Employee/Page_Update Employee Information By Employee (Query)/Message The Case Is Under Query' is clicked on

2019-01-03 22:05:53 - [MESSAGE][PASSED] - Object: 'Object Repository/Final Object Repo/Page_Update Employee Information By Employee/Page_Update Employee Information By Employee (Query)/Message The Case Is Under Query' is clicked on

2019-01-03 22:05:53 - [TEST_STEP][PASSED] - click: Object: 'Object Repository/Final Object Repo/Page_Update Employee Information By Employee/Page_Update Employee Information By Employee (Query)/Letter of inquiry' is clicked on

2019-01-03 22:05:54 - [MESSAGE][PASSED] - Object: 'Object Repository/Final Object Repo/Page_Update Employee Information By Employee/Page_Update Employee Information By Employee (Query)/Letter of inquiry' is clicked on

2019-01-03 22:05:54 - [TEST_STEP][PASSED] - delay: Delayed 1 second(s)

2019-01-03 22:05:55 - [MESSAGE][PASSED] - Delayed 1 second(s)

2019-01-03 22:05:55 - [TEST_STEP][PASSED] - navigateToUrl: Navigate to 'https://assist2-uat.perkeso.gov.my/c/portal/logout' successfully

2019-01-03 22:05:55 - [MESSAGE][PASSED] - Navigate to 'https://assist2-uat.perkeso.gov.my/c/portal/logout' successfully

2019-01-03 22:05:55 - [TEST_STEP][PASSED] - delay: Delayed 1 second(s)

2019-01-03 22:05:56 - [MESSAGE][PASSED] - Delayed 1 second(s)

2019-01-03 22:05:56 - [TEST_STEP][PASSED] - callTestCase: Call Test Case 'Test Cases/Final Aug 2018 - PKS Automation/Registration Module/Workflow/Search Pending Case For Add Supporting Document (OTC)' successfully

2019-01-03 22:05:57 - [TEST_CASE][PASSED] - Test Cases/Final Aug 2018 - PKS Automation/Registration Module/Workflow/Search Pending Case For Add Supporting Document (OTC): Test Cases/Final Aug 2018 - PKS Automation/Registration Module/Workflow/Search Pending Case For Add Supporting Document (OTC)

2019-01-03 22:05:57 - [TEST_STEP][PASSED] - openBrowser: Browser is opened with url: ''

2019-01-03 22:05:57 - [MESSAGE][WARNING] - A browser is already opened. Closing browser and opening a new one

2019-01-03 22:06:00 - [MESSAGE][PASSED] - Browser is opened with url: ''

2019-01-03 22:06:00 - [TEST_STEP][PASSED] - navigateToUrl: Navigate to 'https://assist2-uat.perkeso.gov.my/login' successfully

2019-01-03 22:06:01 - [MESSAGE][PASSED] - Navigate to 'https://assist2-uat.perkeso.gov.my/login' successfully

2019-01-03 22:06:01 - [TEST_STEP][PASSED] - setText: Text 'johorotc1@gmail.com' is set on object 'Object Repository/Final Object Repo/Login Page/Internal User/Email Address'

2019-01-03 22:06:02 - [MESSAGE][PASSED] - Text 'johorotc1@gmail.com' is set on object 'Object Repository/Final Object Repo/Login Page/Internal User/Email Address'

2019-01-03 22:06:02 - [TEST_STEP][PASSED] - click: Object: 'Object Repository/Final Object Repo/Login Page/Internal User/Next Button' is clicked on

2019-01-03 22:06:02 - [MESSAGE][PASSED] - Object: 'Object Repository/Final Object Repo/Login Page/Internal User/Next Button' is clicked on

2019-01-03 22:06:02 - [TEST_STEP][PASSED] - delay: Delayed 1 second(s)

2019-01-03 22:06:03 - [MESSAGE][PASSED] - Delayed 1 second(s)

2019-01-03 22:06:03 - [TEST_STEP][PASSED] - setEncryptedText: Text ****** has been set on object 'Object Repository/Final Object Repo/Login Page/Internal User/Password'

2019-01-03 22:06:03 - [MESSAGE][PASSED] - Text ****** has been set on object 'Object Repository/Final Object Repo/Login Page/Internal User/Password'

2019-01-03 22:06:03 - [TEST_STEP][PASSED] - click: Object: 'Object Repository/Final Object Repo/Login Page/Internal User/Login Button' is clicked on

2019-01-03 22:06:03 - [MESSAGE][PASSED] - Object: 'Object Repository/Final Object Repo/Login Page/Internal User/Login Button' is clicked on

2019-01-03 22:06:03 - [TEST_STEP][PASSED] - delay: Delayed 1 second(s)

2019-01-03 22:06:04 - [MESSAGE][PASSED] - Delayed 1 second(s)

2019-01-03 22:06:04 - [TEST_STEP][PASSED] - Statement - Try: Delayed 2 second(s)

2019-01-03 22:06:04 - [TEST_STEP][PASSED] - Statement - Checker = false: null

2019-01-03 22:06:04 - [TEST_STEP][PASSED] - Statement - Checker = com.kms.katalon.core.webui.keyword.WebUiBuiltInKeywords.verifyElementHasAttribute(com.kms.katalon.core.testobject.ObjectRepository.findTestObject(Final Object Repo/Landing Page/BM Detecting), "href", 20, OPTIONAL): Object 'Object Repository/Final Object Repo/Landing Page/BM Detecting' has attribute 'href'

2019-01-03 22:06:05 - [MESSAGE][PASSED] - Object 'Object Repository/Final Object Repo/Landing Page/BM Detecting' has attribute 'href'

2019-01-03 22:06:05 - [TEST_STEP][PASSED] - Statement - out.println(Checker): null

2019-01-03 22:06:05 - [TEST_STEP][PASSED] - Statement - If (Checker == false): null

2019-01-03 22:06:05 - [TEST_STEP][PASSED] - Statement - Else: null

2019-01-03 22:06:05 - [TEST_STEP][PASSED] - delay: Delayed 2 second(s)

2019-01-03 22:06:07 - [MESSAGE][PASSED] - Delayed 2 second(s)

2019-01-03 22:06:07 - [TEST_STEP][PASSED] - navigateToUrl: Navigate to 'https://assist2-uat.perkeso.gov.my/web/registration/search/search-pending-case-for-add-supporting-document' successfully

2019-01-03 22:06:08 - [MESSAGE][PASSED] - Navigate to 'https://assist2-uat.perkeso.gov.my/web/registration/search/search-pending-case-for-add-supporting-document' successfully

2019-01-03 22:06:08 - [TEST_STEP][PASSED] - click: Object: 'Object Repository/Final Object Repo/Page_Search Pending Case For Add Suporting Document/Search By' is clicked on

2019-01-03 22:06:08 - [MESSAGE][PASSED] - Object: 'Object Repository/Final Object Repo/Page_Search Pending Case For Add Suporting Document/Search By' is clicked on

2019-01-03 22:06:08 - [TEST_STEP][PASSED] - click: Object: 'Object Repository/Final Object Repo/Page_Search Pending Case For Add Suporting Document/Search By - Reference ID' is clicked on

2019-01-03 22:06:08 - [MESSAGE][PASSED] - Object: 'Object Repository/Final Object Repo/Page_Search Pending Case For Add Suporting Document/Search By - Reference ID' is clicked on

2019-01-03 22:06:08 - [TEST_STEP][PASSED] - delay: Delayed 2 second(s)

2019-01-03 22:06:10 - [MESSAGE][PASSED] - Delayed 2 second(s)

2019-01-03 22:06:10 - [TEST_STEP][PASSED] - setText: Text 'CUN012019C100006171' is set on object 'Object Repository/Final Object Repo/Page_Search Pending Case For Add Suporting Document/Reference ID'

2019-01-03 22:06:11 - [MESSAGE][PASSED] - Text 'CUN012019C100006171' is set on object 'Object Repository/Final Object Repo/Page_Search Pending Case For Add Suporting Document/Reference ID'

2019-01-03 22:06:11 - [TEST_STEP][PASSED] - click: Object: 'Object Repository/Final Object Repo/Page_Search Pending Case For Add Suporting Document/Search' is clicked on

2019-01-03 22:06:11 - [MESSAGE][PASSED] - Object: 'Object Repository/Final Object Repo/Page_Search Pending Case For Add Suporting Document/Search' is clicked on

2019-01-03 22:06:11 - [TEST_STEP][PASSED] - delay: Delayed 2 second(s)

2019-01-03 22:06:13 - [MESSAGE][PASSED] - Delayed 2 second(s)

2019-01-03 22:06:13 - [TEST_STEP][PASSED] - click: Object: 'Object Repository/Final Object Repo/Page_Search Pending Case For Add Suporting Document/Edit' is clicked on

2019-01-03 22:06:16 - [MESSAGE][PASSED] - Object: 'Object Repository/Final Object Repo/Page_Search Pending Case For Add Suporting Document/Edit' is clicked on

2019-01-03 22:06:16 - [MESSAGE][PASSED] - Call Test Case 'Test Cases/Final Aug 2018 - PKS Automation/Registration Module/Workflow/Search Pending Case For Add Supporting Document (OTC)' successfully

2019-01-03 22:06:16 - [TEST_STEP][PASSED] - click: Object: 'Object Repository/Final Object Repo/Page_Update Employee Information By Employee/Page_Update Employee Information by Employee (Query -OTC -UO)/Next' is clicked on

2019-01-03 22:06:19 - [MESSAGE][PASSED] - Object: 'Object Repository/Final Object Repo/Page_Update Employee Information By Employee/Page_Update Employee Information by Employee (Query -OTC -UO)/Next' is clicked on

2019-01-03 22:06:19 - [TEST_STEP][PASSED] - delay: Delayed 2 second(s)

2019-01-03 22:06:21 - [MESSAGE][PASSED] - Delayed 2 second(s)

2019-01-03 22:06:21 - [TEST_STEP][PASSED] - click: Object: 'Object Repository/Final Object Repo/Page_Update Employee Information By Employee/Page_Update Employee Information by Employee (Query -OTC -UO)/Add Document' is clicked on

2019-01-03 22:06:21 - [MESSAGE][PASSED] - Object: 'Object Repository/Final Object Repo/Page_Update Employee Information By Employee/Page_Update Employee Information by Employee (Query -OTC -UO)/Add Document' is clicked on

2019-01-03 22:06:21 - [TEST_STEP][PASSED] - delay: Delayed 2 second(s)

2019-01-03 22:06:23 - [MESSAGE][PASSED] - Delayed 2 second(s)

2019-01-03 22:06:23 - [TEST_STEP][PASSED] - click: Object: 'Object Repository/Final Object Repo/Page_Update Employee Information By Employee/Page_Update Employee Information by Employee (Query -OTC -UO)/Document Type' is clicked on

2019-01-03 22:06:24 - [MESSAGE][PASSED] - Object: 'Object Repository/Final Object Repo/Page_Update Employee Information By Employee/Page_Update Employee Information by Employee (Query -OTC -UO)/Document Type' is clicked on

2019-01-03 22:06:24 - [TEST_STEP][PASSED] - delay: Delayed 2 second(s)

2019-01-03 22:06:26 - [MESSAGE][PASSED] - Delayed 2 second(s)

2019-01-03 22:06:26 - [TEST_STEP][PASSED] - click: Object: 'Object Repository/Final Object Repo/Page_Update Employee Information By Employee/Page_Update Employee Information by Employee (Query -OTC -UO)/Document Type - Other' is clicked on

2019-01-03 22:06:26 - [MESSAGE][PASSED] - Object: 'Object Repository/Final Object Repo/Page_Update Employee Information By Employee/Page_Update Employee Information by Employee (Query -OTC -UO)/Document Type - Other' is clicked on

2019-01-03 22:06:26 - [TEST_STEP][PASSED] - delay: Delayed 2 second(s)

2019-01-03 22:06:28 - [MESSAGE][PASSED] - Delayed 2 second(s)

2019-01-03 22:06:28 - [TEST_STEP][PASSED] - sendKeys: Keys 'C:\Users\Public\Pictures\Sample Pictures\Koala.jpg' sent to object: 'Object Repository/Final Object Repo/Page_Update Employee Information By Employee/Page_Update Employee Information by Employee (Query -OTC -UO)/Uploading File'

2019-01-03 22:06:28 - [MESSAGE][PASSED] - Keys 'C:\Users\Public\Pictures\Sample Pictures\Koala.jpg' sent to object: 'Object Repository/Final Object Repo/Page_Update Employee Information By Employee/Page_Update Employee Information by Employee (Query -OTC -UO)/Uploading File'

2019-01-03 22:06:28 - [TEST_STEP][PASSED] - delay: Delayed 2 second(s)

2019-01-03 22:06:30 - [MESSAGE][PASSED] - Delayed 2 second(s)

2019-01-03 22:06:30 - [TEST_STEP][PASSED] - click: Object: 'Object Repository/Final Object Repo/Page_Update Employee Information By Employee/Page_Update Employee Information by Employee (Query -OTC -UO)/Add Document in Uploading Page' is clicked on

2019-01-03 22:06:31 - [MESSAGE][PASSED] - Object: 'Object Repository/Final Object Repo/Page_Update Employee Information By Employee/Page_Update Employee Information by Employee (Query -OTC -UO)/Add Document in Uploading Page' is clicked on

2019-01-03 22:06:31 - [TEST_STEP][PASSED] - delay: Delayed 2 second(s)

2019-01-03 22:06:33 - [MESSAGE][PASSED] - Delayed 2 second(s)

2019-01-03 22:06:33 - [TEST_STEP][PASSED] - click: Object: 'Object Repository/Final Object Repo/Page_Update Employee Information By Employee/Page_Update Employee Information by Employee (Query -OTC -UO)/Exit' is clicked on

2019-01-03 22:06:36 - [MESSAGE][PASSED] - Object: 'Object Repository/Final Object Repo/Page_Update Employee Information By Employee/Page_Update Employee Information by Employee (Query -OTC -UO)/Exit' is clicked on

2019-01-03 22:06:36 - [TEST_STEP][PASSED] - delay: Delayed 1 second(s)

2019-01-03 22:06:37 - [MESSAGE][PASSED] - Delayed 1 second(s)

2019-01-03 22:06:37 - [TEST_STEP][PASSED] - navigateToUrl: Navigate to 'https://assist2-uat.perkeso.gov.my/c/portal/logout' successfully

2019-01-03 22:06:37 - [MESSAGE][PASSED] - Navigate to 'https://assist2-uat.perkeso.gov.my/c/portal/logout' successfully

2019-01-03 22:06:37 - [TEST_STEP][PASSED] - delay: Delayed 1 second(s)

2019-01-03 22:06:38 - [MESSAGE][PASSED] - Delayed 1 second(s)

2019-01-03 22:06:38 - [TEST_STEP][PASSED] - callTestCase: Call Test Case 'Test Cases/Final Aug 2018 - PKS Automation/Registration Module/Workflow/Login and Search Case For Workflow' successfully

2019-01-03 22:06:38 - [TEST_CASE][PASSED] - Test Cases/Final Aug 2018 - PKS Automation/Registration Module/Workflow/Login and Search Case For Workflow: Test Cases/Final Aug 2018 - PKS Automation/Registration Module/Workflow/Login and Search Case For Workflow

2019-01-03 22:06:38 - [TEST_STEP][PASSED] - navigateToUrl: Navigate to 'https://assist2-uat.perkeso.gov.my/login' successfully

2019-01-03 22:06:39 - [MESSAGE][PASSED] - Navigate to 'https://assist2-uat.perkeso.gov.my/login' successfully

2019-01-03 22:06:39 - [TEST_STEP][PASSED] - setText: Text 'johoruo3@gmail.com' is set on object 'Object Repository/Final Object Repo/Login Page/Internal User/Email Address'

2019-01-03 22:06:39 - [MESSAGE][PASSED] - Text 'johoruo3@gmail.com' is set on object 'Object Repository/Final Object Repo/Login Page/Internal User/Email Address'

2019-01-03 22:06:39 - [TEST_STEP][PASSED] - click: Object: 'Object Repository/Final Object Repo/Login Page/Internal User/Next Button' is clicked on

2019-01-03 22:06:39 - [MESSAGE][PASSED] - Object: 'Object Repository/Final Object Repo/Login Page/Internal User/Next Button' is clicked on

2019-01-03 22:06:39 - [TEST_STEP][PASSED] - delay: Delayed 1 second(s)

2019-01-03 22:06:40 - [MESSAGE][PASSED] - Delayed 1 second(s)

2019-01-03 22:06:40 - [TEST_STEP][PASSED] - setEncryptedText: Text ****** has been set on object 'Object Repository/Final Object Repo/Login Page/Internal User/Password'

2019-01-03 22:06:41 - [MESSAGE][PASSED] - Text ****** has been set on object 'Object Repository/Final Object Repo/Login Page/Internal User/Password'

2019-01-03 22:06:41 - [TEST_STEP][PASSED] - click: Object: 'Object Repository/Final Object Repo/Login Page/Internal User/Login Button' is clicked on

2019-01-03 22:06:41 - [MESSAGE][PASSED] - Object: 'Object Repository/Final Object Repo/Login Page/Internal User/Login Button' is clicked on

2019-01-03 22:06:41 - [TEST_STEP][PASSED] - delay: Delayed 2 second(s)

2019-01-03 22:06:43 - [MESSAGE][PASSED] - Delayed 2 second(s)

2019-01-03 22:06:43 - [TEST_STEP][PASSED] - Statement - Try: Delayed 2 second(s)

2019-01-03 22:06:43 - [TEST_STEP][PASSED] - Statement - Checker = false: null

2019-01-03 22:06:43 - [TEST_STEP][PASSED] - Statement - Checker = com.kms.katalon.core.webui.keyword.WebUiBuiltInKeywords.verifyElementHasAttribute(com.kms.katalon.core.testobject.ObjectRepository.findTestObject(Final Object Repo/Landing Page/BM Detecting), "href", 20, OPTIONAL): Object 'Object Repository/Final Object Repo/Landing Page/BM Detecting' has attribute 'href'

2019-01-03 22:06:43 - [MESSAGE][PASSED] - Object 'Object Repository/Final Object Repo/Landing Page/BM Detecting' has attribute 'href'

2019-01-03 22:06:43 - [TEST_STEP][PASSED] - Statement - out.println(Checker): null

2019-01-03 22:06:43 - [TEST_STEP][PASSED] - Statement - If (Checker == false): null

2019-01-03 22:06:43 - [TEST_STEP][PASSED] - Statement - Else: null

2019-01-03 22:06:43 - [TEST_STEP][PASSED] - delay: Delayed 2 second(s)

2019-01-03 22:06:45 - [MESSAGE][PASSED] - Delayed 2 second(s)

2019-01-03 22:06:45 - [TEST_STEP][PASSED] - click: Object: 'Object Repository/Final Object Repo/Page_MyASSIST - ASSIST - Search Pending Case For Add Supporting Document/Search Information' is clicked on

2019-01-03 22:06:45 - [MESSAGE][PASSED] - Object: 'Object Repository/Final Object Repo/Page_MyASSIST - ASSIST - Search Pending Case For Add Supporting Document/Search Information' is clicked on

2019-01-03 22:06:45 - [TEST_STEP][PASSED] - delay: Delayed 3 second(s)

2019-01-03 22:06:48 - [MESSAGE][PASSED] - Delayed 3 second(s)

2019-01-03 22:06:48 - [TEST_STEP][PASSED] - sendKeys: Keys 'CUN012019C100006171' sent to object: 'Object Repository/Final Object Repo/Page_MyASSIST - ASSIST - Search Pending Case For Add Supporting Document/Reference No'

2019-01-03 22:06:48 - [MESSAGE][PASSED] - Keys 'CUN012019C100006171' sent to object: 'Object Repository/Final Object Repo/Page_MyASSIST - ASSIST - Search Pending Case For Add Supporting Document/Reference No'

2019-01-03 22:06:48 - [TEST_STEP][PASSED] - click: Object: 'Object Repository/Final Object Repo/Page_MyASSIST - ASSIST - Search Pending Case For Add Supporting Document/Search Reference No' is clicked on

2019-01-03 22:06:48 - [MESSAGE][PASSED] - Object: 'Object Repository/Final Object Repo/Page_MyASSIST - ASSIST - Search Pending Case For Add Supporting Document/Search Reference No' is clicked on

2019-01-03 22:06:48 - [TEST_STEP][PASSED] - delay: Delayed 2 second(s)

2019-01-03 22:06:50 - [MESSAGE][PASSED] - Delayed 2 second(s)

2019-01-03 22:06:50 - [TEST_STEP][PASSED] - click: Object: 'Object Repository/Final Object Repo/Page_MyASSIST - ASSIST - Search Pending Case For Add Supporting Document/Continue' is clicked on

2019-01-03 22:06:55 - [MESSAGE][PASSED] - Object: 'Object Repository/Final Object Repo/Page_MyASSIST - ASSIST - Search Pending Case For Add Supporting Document/Continue' is clicked on

2019-01-03 22:06:55 - [TEST_STEP][PASSED] - delay: Delayed 20 second(s)

2019-01-03 22:07:15 - [MESSAGE][PASSED] - Delayed 20 second(s)

2019-01-03 22:07:15 - [MESSAGE][PASSED] - Call Test Case 'Test Cases/Final Aug 2018 - PKS Automation/Registration Module/Workflow/Login and Search Case For Workflow' successfully

2019-01-03 22:07:15 - [TEST_STEP][PASSED] - click: Object: 'Object Repository/Final Object Repo/Page_Update Employee Information By Employer/Page_Update Employee Information by Employer (Approve)/Continue' is clicked on

2019-01-03 22:07:18 - [MESSAGE][PASSED] - Object: 'Object Repository/Final Object Repo/Page_Update Employee Information By Employer/Page_Update Employee Information by Employer (Approve)/Continue' is clicked on

2019-01-03 22:07:18 - [TEST_STEP][PASSED] - delay: Delayed 2 second(s)

2019-01-03 22:07:20 - [MESSAGE][PASSED] - Delayed 2 second(s)

2019-01-03 22:07:20 - [TEST_STEP][PASSED] - click: Object: 'Object Repository/Final Object Repo/Page_Update Employee Information By Employer/Page_Update Employee Information by Employer (Approve)/Save  Continue in Update Employee Information Page' is clicked on

2019-01-03 22:07:20 - [MESSAGE][PASSED] - Object: 'Object Repository/Final Object Repo/Page_Update Employee Information By Employer/Page_Update Employee Information by Employer (Approve)/Save  Continue in Update Employee Information Page' is clicked on

2019-01-03 22:07:20 - [TEST_STEP][PASSED] - delay: Delayed 2 second(s)

2019-01-03 22:07:22 - [MESSAGE][PASSED] - Delayed 2 second(s)

2019-01-03 22:07:22 - [TEST_STEP][PASSED] - click: Object: 'Object Repository/Final Object Repo/Page_Update Employee Information By Employer/Page_Update Employee Information by Employer (Approve)/Save  Continue in Upload Supporting Doucument Page' is clicked on

2019-01-03 22:07:23 - [MESSAGE][PASSED] - Object: 'Object Repository/Final Object Repo/Page_Update Employee Information By Employer/Page_Update Employee Information by Employer (Approve)/Save  Continue in Upload Supporting Doucument Page' is clicked on

2019-01-03 22:07:23 - [TEST_STEP][PASSED] - delay: Delayed 2 second(s)

2019-01-03 22:07:25 - [MESSAGE][PASSED] - Delayed 2 second(s)

2019-01-03 22:07:25 - [TEST_STEP][PASSED] - click: Object: 'Object Repository/Final Object Repo/Page_Update Employee Information By Employer/Page_Update Employee Information by Employer (Approve)/Approve' is clicked on

2019-01-03 22:07:27 - [MESSAGE][PASSED] - Object: 'Object Repository/Final Object Repo/Page_Update Employee Information By Employer/Page_Update Employee Information by Employer (Approve)/Approve' is clicked on

2019-01-03 22:07:27 - [TEST_STEP][PASSED] - delay: Delayed 2 second(s)

2019-01-03 22:07:29 - [MESSAGE][PASSED] - Delayed 2 second(s)

2019-01-03 22:07:29 - [TEST_STEP][PASSED] - click: Object: 'Object Repository/Final Object Repo/Page_Update Employee Information By Employer/Page_Update Employee Information by Employer (Approve)/Confirm' is clicked on

2019-01-03 22:07:29 - [MESSAGE][PASSED] - Object: 'Object Repository/Final Object Repo/Page_Update Employee Information By Employer/Page_Update Employee Information by Employer (Approve)/Confirm' is clicked on

2019-01-03 22:07:29 - [TEST_STEP][PASSED] - delay: Delayed 2 second(s)

2019-01-03 22:07:31 - [MESSAGE][PASSED] - Delayed 2 second(s)

2019-01-03 22:07:31 - [TEST_STEP][PASSED] - click: Object: 'Object Repository/Final Object Repo/Page_Update Employee Information By Employee/Page_Update Employee Information By Employee (Approve)/Message Your Request    Update Emp' is clicked on

2019-01-03 22:07:35 - [MESSAGE][PASSED] - Object: 'Object Repository/Final Object Repo/Page_Update Employee Information By Employee/Page_Update Employee Information By Employee (Approve)/Message Your Request    Update Emp' is clicked on

2019-01-03 22:07:35 - [TEST_STEP][PASSED] - click: Object: 'Object Repository/Final Object Repo/Page_Update Employee Information By Employee/Page_Update Employee Information By Employee (Approve)/Letter of successful update' is clicked on

2019-01-03 22:07:36 - [MESSAGE][PASSED] - Object: 'Object Repository/Final Object Repo/Page_Update Employee Information By Employee/Page_Update Employee Information By Employee (Approve)/Letter of successful update' is clicked on

2019-01-03 22:07:36 - [MESSAGE][PASSED] - Call Test Case 'Test Cases/Final Aug 2018 - PKS Automation/Registration Module/Workflow/Update Employee Information (Employee)/Template/Update Employee Information - Special Case - UO (Query)' successfully]]></system-out>
         <system-err><![CDATA[]]></system-err>
      </testcase>
      <testcase name="Test Cases/Final Aug 2018 - PKS Automation/Registration Module/Workflow/Update Employee Information (Employee)/PAU to UO (Reject)" classname="Test Cases/Final Aug 2018 - PKS Automation/Registration Module/Workflow/Update Employee Information (Employee)/PAU to UO (Reject)" status="PASSED">
         <system-out><![CDATA[2019-01-03 22:07:36 - [TEST_CASE][PASSED] - Test Cases/Final Aug 2018 - PKS Automation/Registration Module/Workflow/Update Employee Information (Employee)/PAU to UO (Reject): Test Cases/Final Aug 2018 - PKS Automation/Registration Module/Workflow/Update Employee Information (Employee)/PAU to UO (Reject)

2019-01-03 22:07:36 - [TEST_STEP][PASSED] - callTestCase: Call Test Case 'Test Cases/Final Aug 2018 - PKS Automation/Registration Module/Workflow/Update Employee Information (Employee)/Template/Update Employee Information - Special Case (PAU)' successfully

2019-01-03 22:07:36 - [TEST_CASE][PASSED] - Test Cases/Final Aug 2018 - PKS Automation/Registration Module/Workflow/Update Employee Information (Employee)/Template/Update Employee Information - Special Case (PAU): Test Cases/Final Aug 2018 - PKS Automation/Registration Module/Workflow/Update Employee Information (Employee)/Template/Update Employee Information - Special Case (PAU)

2019-01-03 22:07:36 - [TEST_STEP][PASSED] - openBrowser: Browser is opened with url: ''

2019-01-03 22:07:36 - [MESSAGE][WARNING] - A browser is already opened. Closing browser and opening a new one

2019-01-03 22:07:40 - [MESSAGE][PASSED] - Browser is opened with url: ''

2019-01-03 22:07:40 - [TEST_STEP][PASSED] - navigateToUrl: Navigate to 'https://assist2-uat.perkeso.gov.my/login' successfully

2019-01-03 22:07:41 - [MESSAGE][PASSED] - Navigate to 'https://assist2-uat.perkeso.gov.my/login' successfully

2019-01-03 22:07:41 - [TEST_STEP][PASSED] - setText: Text 'johorpau1@gmail.com' is set on object 'Object Repository/Final Object Repo/Login Page/Internal User/Email Address'

2019-01-03 22:07:41 - [MESSAGE][PASSED] - Text 'johorpau1@gmail.com' is set on object 'Object Repository/Final Object Repo/Login Page/Internal User/Email Address'

2019-01-03 22:07:41 - [TEST_STEP][PASSED] - click: Object: 'Object Repository/Final Object Repo/Login Page/Internal User/Next Button' is clicked on

2019-01-03 22:07:41 - [MESSAGE][PASSED] - Object: 'Object Repository/Final Object Repo/Login Page/Internal User/Next Button' is clicked on

2019-01-03 22:07:41 - [TEST_STEP][PASSED] - delay: Delayed 1 second(s)

2019-01-03 22:07:42 - [MESSAGE][PASSED] - Delayed 1 second(s)

2019-01-03 22:07:42 - [TEST_STEP][PASSED] - setEncryptedText: Text ****** has been set on object 'Object Repository/Final Object Repo/Login Page/Internal User/Password'

2019-01-03 22:07:43 - [MESSAGE][PASSED] - Text ****** has been set on object 'Object Repository/Final Object Repo/Login Page/Internal User/Password'

2019-01-03 22:07:43 - [TEST_STEP][PASSED] - click: Object: 'Object Repository/Final Object Repo/Login Page/Internal User/Login Button' is clicked on

2019-01-03 22:07:43 - [MESSAGE][PASSED] - Object: 'Object Repository/Final Object Repo/Login Page/Internal User/Login Button' is clicked on

2019-01-03 22:07:43 - [TEST_STEP][PASSED] - Statement - tester = com.kms.katalon.core.testobject.ObjectRepository.findTestObject(Final Object Repo/Landing Page/Select to English): Finding Test Object with id 'Object Repository/Final Object Repo/Landing Page/Select to English'

2019-01-03 22:07:43 - [TEST_STEP][PASSED] - Statement - Try: Delayed 2 second(s)

2019-01-03 22:07:43 - [TEST_STEP][PASSED] - Statement - Checker = com.kms.katalon.core.webui.keyword.WebUiBuiltInKeywords.verifyElementNotPresent(tester, 3): Web element with id: 'Object Repository/Final Object Repo/Landing Page/Select to English' located by 'By.xpath: //a[@class = 'taglib-language-list-text' and @lang = 'en-US' and (contains(text(), 'EN') or contains(., 'EN'))]' is not present after '3' second(s)

2019-01-03 22:07:45 - [MESSAGE][PASSED] - Web element with id: 'Object Repository/Final Object Repo/Landing Page/Select to English' located by 'By.xpath: //a[@class = 'taglib-language-list-text' and @lang = 'en-US' and (contains(text(), 'EN') or contains(., 'EN'))]' is not present after '3' second(s)

2019-01-03 22:07:45 - [TEST_STEP][PASSED] - Statement - If (Checker == false): null

2019-01-03 22:07:45 - [TEST_STEP][PASSED] - delay: Delayed 2 second(s)

2019-01-03 22:07:47 - [MESSAGE][PASSED] - Delayed 2 second(s)

2019-01-03 22:07:47 - [TEST_STEP][PASSED] - delay: Delayed 5 second(s)

2019-01-03 22:07:52 - [MESSAGE][PASSED] - Delayed 5 second(s)

2019-01-03 22:07:52 - [TEST_STEP][PASSED] - navigateToUrl: Navigate to 'https://assist2-uat.perkeso.gov.my/web/registration/update/update-employee-information-employee-' successfully

2019-01-03 22:07:52 - [MESSAGE][PASSED] - Navigate to 'https://assist2-uat.perkeso.gov.my/web/registration/update/update-employee-information-employee-' successfully

2019-01-03 22:07:52 - [TEST_STEP][PASSED] - click: Object: 'Object Repository/Final Object Repo/Page_Update Employee Information By Employee/Type of Identification' is clicked on

2019-01-03 22:07:53 - [MESSAGE][PASSED] - Object: 'Object Repository/Final Object Repo/Page_Update Employee Information By Employee/Type of Identification' is clicked on

2019-01-03 22:07:53 - [TEST_STEP][PASSED] - click: Object: 'Object Repository/Final Object Repo/Page Update Employee Information By Employee/Type of Identification - Name' is clicked on

2019-01-03 22:07:53 - [MESSAGE][PASSED] - Object: 'Object Repository/Final Object Repo/Page Update Employee Information By Employee/Type of Identification - Name' is clicked on

2019-01-03 22:07:53 - [TEST_STEP][PASSED] - setText: Text 'YUKI JR B' is set on object 'Object Repository/Final Object Repo/Page_Update Employee Information By Employee/New Identification'

2019-01-03 22:07:53 - [MESSAGE][PASSED] - Text 'YUKI JR B' is set on object 'Object Repository/Final Object Repo/Page_Update Employee Information By Employee/New Identification'

2019-01-03 22:07:53 - [TEST_STEP][PASSED] - click: Object: 'Object Repository/Final Object Repo/Page_Update Employee Information By Employee/Search Button' is clicked on

2019-01-03 22:07:53 - [MESSAGE][PASSED] - Object: 'Object Repository/Final Object Repo/Page_Update Employee Information By Employee/Search Button' is clicked on

2019-01-03 22:07:53 - [TEST_STEP][PASSED] - click: Object: 'Object Repository/Final Object Repo/Page_Update Employee Information By Employee/Edit Button' is clicked on

2019-01-03 22:07:57 - [MESSAGE][PASSED] - Object: 'Object Repository/Final Object Repo/Page_Update Employee Information By Employee/Edit Button' is clicked on

2019-01-03 22:07:57 - [TEST_STEP][PASSED] - delay: Delayed 2 second(s)

2019-01-03 22:07:59 - [MESSAGE][PASSED] - Delayed 2 second(s)

2019-01-03 22:07:59 - [TEST_STEP][PASSED] - click: Object: 'Object Repository/Final Object Repo/Page_Update Employee Information By Employee/Employee Information Edit Button' is clicked on

2019-01-03 22:08:00 - [MESSAGE][PASSED] - Object: 'Object Repository/Final Object Repo/Page_Update Employee Information By Employee/Employee Information Edit Button' is clicked on

2019-01-03 22:08:00 - [TEST_STEP][PASSED] - delay: Delayed 2 second(s)

2019-01-03 22:08:02 - [MESSAGE][PASSED] - Delayed 2 second(s)

2019-01-03 22:08:02 - [TEST_STEP][PASSED] - click: Object: 'Object Repository/Final Object Repo/Page_Update Employee Information By Employee/New Identification Number' is clicked on

2019-01-03 22:08:02 - [MESSAGE][PASSED] - Object: 'Object Repository/Final Object Repo/Page_Update Employee Information By Employee/New Identification Number' is clicked on

2019-01-03 22:08:02 - [TEST_STEP][PASSED] - setText: Text '' is set on object 'Object Repository/Final Object Repo/Page_Update Employee Information By Employee/New Identification Number'

2019-01-03 22:08:02 - [MESSAGE][PASSED] - Text '' is set on object 'Object Repository/Final Object Repo/Page_Update Employee Information By Employee/New Identification Number'

2019-01-03 22:08:02 - [TEST_STEP][PASSED] - Statement - rnd = new java.util.Random(): null

2019-01-03 22:08:02 - [TEST_STEP][PASSED] - Statement - snum = rnd.nextInt(899999 + 1) + 100000: null

2019-01-03 22:08:02 - [TEST_STEP][PASSED] - Statement - tnum = rnd.nextInt(899999 + 1) + 100000: null

2019-01-03 22:08:02 - [TEST_STEP][PASSED] - Statement - IC = java.lang.Integer.toString(snum) + java.lang.Integer.toString(tnum): null

2019-01-03 22:08:02 - [TEST_STEP][PASSED] - Statement - out.println(IC): null

2019-01-03 22:08:02 - [TEST_STEP][PASSED] - setText: Text '378895373109' is set on object 'Object Repository/Final Object Repo/Page_Update Employee Information By Employee/New Identification Number'

2019-01-03 22:08:02 - [MESSAGE][PASSED] - Text '378895373109' is set on object 'Object Repository/Final Object Repo/Page_Update Employee Information By Employee/New Identification Number'

2019-01-03 22:08:02 - [TEST_STEP][PASSED] - delay: Delayed 2 second(s)

2019-01-03 22:08:04 - [MESSAGE][PASSED] - Delayed 2 second(s)

2019-01-03 22:08:04 - [TEST_STEP][PASSED] - click: Object: 'Object Repository/Final Object Repo/Page_Update Employee Information By Employee/Save' is clicked on

2019-01-03 22:08:04 - [MESSAGE][PASSED] - Object: 'Object Repository/Final Object Repo/Page_Update Employee Information By Employee/Save' is clicked on

2019-01-03 22:08:04 - [TEST_STEP][PASSED] - delay: Delayed 10 second(s)

2019-01-03 22:08:14 - [MESSAGE][PASSED] - Delayed 10 second(s)

2019-01-03 22:08:14 - [TEST_STEP][PASSED] - click: Object: 'Object Repository/Final Object Repo/Page_Update Employee Information By Employee/Save  Continue in Update Employee Information' is clicked on

2019-01-03 22:08:15 - [MESSAGE][PASSED] - Object: 'Object Repository/Final Object Repo/Page_Update Employee Information By Employee/Save  Continue in Update Employee Information' is clicked on

2019-01-03 22:08:15 - [TEST_STEP][PASSED] - delay: Delayed 2 second(s)

2019-01-03 22:08:17 - [MESSAGE][PASSED] - Delayed 2 second(s)

2019-01-03 22:08:17 - [TEST_STEP][PASSED] - click: Object: 'Object Repository/Final Object Repo/Page_Update Employee Information By Employee/Save  Continue in Uploading Page' is clicked on

2019-01-03 22:08:18 - [MESSAGE][PASSED] - Object: 'Object Repository/Final Object Repo/Page_Update Employee Information By Employee/Save  Continue in Uploading Page' is clicked on

2019-01-03 22:08:18 - [TEST_STEP][PASSED] - delay: Delayed 2 second(s)

2019-01-03 22:08:20 - [MESSAGE][PASSED] - Delayed 2 second(s)

2019-01-03 22:08:20 - [TEST_STEP][PASSED] - Statement - CaseReferenceNo = com.kms.katalon.core.webui.keyword.WebUiBuiltInKeywords.getText(com.kms.katalon.core.testobject.ObjectRepository.findTestObject(Final Object Repo/Page_Update Employer Information/Reference Number in Update Employee Information Page)): Text of object 'Object Repository/Final Object Repo/Page_Update Employer Information/Reference Number in Update Employee Information Page' is: 'CUN012019C100006172'

2019-01-03 22:08:21 - [MESSAGE][PASSED] - Text of object 'Object Repository/Final Object Repo/Page_Update Employer Information/Reference Number in Update Employee Information Page' is: 'CUN012019C100006172'

2019-01-03 22:08:21 - [TEST_STEP][PASSED] - callTestCase: Call Test Case 'Test Cases/Final Aug 2018 - PKS Automation/Common/Reference Number Setter' successfully

2019-01-03 22:08:22 - [TEST_CASE][PASSED] - Test Cases/Final Aug 2018 - PKS Automation/Common/Reference Number Setter: Test Cases/Final Aug 2018 - PKS Automation/Common/Reference Number Setter

2019-01-03 22:08:22 - [TEST_STEP][PASSED] - Statement - RefNoOldFile = new java.io.File(C://Users//Admin//Desktop//PKS//Automation Reference Point//KatalonReference.txt): null

2019-01-03 22:08:22 - [TEST_STEP][PASSED] - Statement - RefNoOldFile.delete(): null

2019-01-03 22:08:22 - [TEST_STEP][PASSED] - delay: Delayed 5 second(s)

2019-01-03 22:08:27 - [MESSAGE][PASSED] - Delayed 5 second(s)

2019-01-03 22:08:27 - [TEST_STEP][PASSED] - Statement - RefNo = new java.io.File(C://Users//Admin//Desktop//PKS//Automation Reference Point//KatalonReference.txt): null

2019-01-03 22:08:27 - [TEST_STEP][PASSED] - Statement - f2 = new java.io.FileWriter(RefNo, false): null

2019-01-03 22:08:27 - [TEST_STEP][PASSED] - Statement - f2.write(CaseReferenceNo): null

2019-01-03 22:08:27 - [TEST_STEP][PASSED] - Statement - f2.close(): null

2019-01-03 22:08:27 - [TEST_STEP][PASSED] - Statement - out.println("


" + CaseReferenceNo + "


"): null

2019-01-03 22:08:27 - [MESSAGE][PASSED] - Call Test Case 'Test Cases/Final Aug 2018 - PKS Automation/Common/Reference Number Setter' successfully

2019-01-03 22:08:27 - [TEST_STEP][PASSED] - delay: Delayed 2 second(s)

2019-01-03 22:08:29 - [MESSAGE][PASSED] - Delayed 2 second(s)

2019-01-03 22:08:29 - [TEST_STEP][PASSED] - click: Object: 'Object Repository/Final Object Repo/Page_Update Employee Information By Employee/Submit' is clicked on

2019-01-03 22:08:29 - [MESSAGE][PASSED] - Object: 'Object Repository/Final Object Repo/Page_Update Employee Information By Employee/Submit' is clicked on

2019-01-03 22:08:29 - [TEST_STEP][PASSED] - delay: Delayed 2 second(s)

2019-01-03 22:08:31 - [MESSAGE][PASSED] - Delayed 2 second(s)

2019-01-03 22:08:31 - [TEST_STEP][PASSED] - click: Object: 'Object Repository/Final Object Repo/Page_Update Employee Information By Employee/Confirm Button' is clicked on

2019-01-03 22:08:31 - [MESSAGE][PASSED] - Object: 'Object Repository/Final Object Repo/Page_Update Employee Information By Employee/Confirm Button' is clicked on

2019-01-03 22:08:31 - [TEST_STEP][PASSED] - delay: Delayed 2 second(s)

2019-01-03 22:08:33 - [MESSAGE][PASSED] - Delayed 2 second(s)

2019-01-03 22:08:33 - [TEST_STEP][PASSED] - click: Object: 'Object Repository/Final Object Repo/Page_Update Employee Information By Employee/Successful Message Routed to UO' is clicked on

2019-01-03 22:08:35 - [MESSAGE][PASSED] - Object: 'Object Repository/Final Object Repo/Page_Update Employee Information By Employee/Successful Message Routed to UO' is clicked on

2019-01-03 22:08:35 - [MESSAGE][PASSED] - Call Test Case 'Test Cases/Final Aug 2018 - PKS Automation/Registration Module/Workflow/Update Employee Information (Employee)/Template/Update Employee Information - Special Case (PAU)' successfully

2019-01-03 22:08:35 - [TEST_STEP][PASSED] - callTestCase: Call Test Case 'Test Cases/Final Aug 2018 - PKS Automation/Registration Module/Workflow/Update Employee Information (Employee)/Template/Update Employee Information - Special Case - UO (Reject)' successfully

2019-01-03 22:08:35 - [TEST_CASE][PASSED] - Test Cases/Final Aug 2018 - PKS Automation/Registration Module/Workflow/Update Employee Information (Employee)/Template/Update Employee Information - Special Case - UO (Reject): Test Cases/Final Aug 2018 - PKS Automation/Registration Module/Workflow/Update Employee Information (Employee)/Template/Update Employee Information - Special Case - UO (Reject)

2019-01-03 22:08:35 - [TEST_STEP][NOT_RUN] - callTestCase: NOT_RUN: callTestCase

2019-01-03 22:08:35 - [MESSAGE][NOT_RUN] - NOT_RUN: callTestCase

2019-01-03 22:08:35 - [TEST_STEP][PASSED] - delay: Delayed 2 second(s)

2019-01-03 22:08:37 - [MESSAGE][PASSED] - Delayed 2 second(s)

2019-01-03 22:08:37 - [TEST_STEP][PASSED] - navigateToUrl: Navigate to 'https://assist2-uat.perkeso.gov.my/c/portal/logout' successfully

2019-01-03 22:08:37 - [MESSAGE][PASSED] - Navigate to 'https://assist2-uat.perkeso.gov.my/c/portal/logout' successfully

2019-01-03 22:08:37 - [TEST_STEP][PASSED] - delay: Delayed 2 second(s)

2019-01-03 22:08:39 - [MESSAGE][PASSED] - Delayed 2 second(s)

2019-01-03 22:08:39 - [TEST_STEP][PASSED] - callTestCase: Call Test Case 'Test Cases/Final Aug 2018 - PKS Automation/Common/Reference Number Getter' successfully

2019-01-03 22:08:39 - [TEST_CASE][PASSED] - Test Cases/Final Aug 2018 - PKS Automation/Common/Reference Number Getter: Test Cases/Final Aug 2018 - PKS Automation/Common/Reference Number Getter

2019-01-03 22:08:39 - [TEST_STEP][PASSED] - Statement - Try: null

2019-01-03 22:08:39 - [TEST_STEP][PASSED] - Statement - RefNo = new java.io.File(C://Users//Admin//Desktop//PKS//Automation Reference Point//KatalonReference.txt): null

2019-01-03 22:08:39 - [TEST_STEP][PASSED] - Statement - bufferread = new java.io.BufferedReader(new java.io.FileReader(RefNo)): null

2019-01-03 22:08:39 - [TEST_STEP][PASSED] - Statement - readedVal = bufferread.readLine(): null

2019-01-03 22:08:39 - [TEST_STEP][PASSED] - Statement - out.println(CaseReferenceNo): null

2019-01-03 22:08:39 - [TEST_STEP][PASSED] - Statement - out.println(readedVal): null

2019-01-03 22:08:39 - [TEST_STEP][PASSED] - Statement - CaseReferenceNo = "": null

2019-01-03 22:08:39 - [TEST_STEP][PASSED] - Statement - CaseReferenceNo = readedVal: null

2019-01-03 22:08:39 - [MESSAGE][PASSED] - Call Test Case 'Test Cases/Final Aug 2018 - PKS Automation/Common/Reference Number Getter' successfully

2019-01-03 22:08:39 - [TEST_STEP][PASSED] - callTestCase: Call Test Case 'Test Cases/Final Aug 2018 - PKS Automation/Common/Workflow Owner Finder' successfully

2019-01-03 22:08:40 - [TEST_CASE][PASSED] - Test Cases/Final Aug 2018 - PKS Automation/Common/Workflow Owner Finder: Test Cases/Final Aug 2018 - PKS Automation/Common/Workflow Owner Finder

2019-01-03 22:08:40 - [TEST_STEP][PASSED] - openBrowser: Browser is opened with url: ''

2019-01-03 22:08:40 - [MESSAGE][WARNING] - A browser is already opened. Closing browser and opening a new one

2019-01-03 22:08:43 - [MESSAGE][PASSED] - Browser is opened with url: ''

2019-01-03 22:08:43 - [TEST_STEP][PASSED] - navigateToUrl: Navigate to 'https://assist2-uat.perkeso.gov.my/login' successfully

2019-01-03 22:08:44 - [MESSAGE][PASSED] - Navigate to 'https://assist2-uat.perkeso.gov.my/login' successfully

2019-01-03 22:08:44 - [TEST_STEP][PASSED] - delay: Delayed 5 second(s)

2019-01-03 22:08:49 - [MESSAGE][PASSED] - Delayed 5 second(s)

2019-01-03 22:08:49 - [TEST_STEP][PASSED] - setText: Text 'test@liferay.com' is set on object 'Object Repository/Final Object Repo/Login Page/Internal User/Email Address'

2019-01-03 22:08:50 - [MESSAGE][PASSED] - Text 'test@liferay.com' is set on object 'Object Repository/Final Object Repo/Login Page/Internal User/Email Address'

2019-01-03 22:08:50 - [TEST_STEP][PASSED] - click: Object: 'Object Repository/Final Object Repo/Login Page/Internal User/Next Button' is clicked on

2019-01-03 22:08:50 - [MESSAGE][PASSED] - Object: 'Object Repository/Final Object Repo/Login Page/Internal User/Next Button' is clicked on

2019-01-03 22:08:50 - [TEST_STEP][PASSED] - delay: Delayed 2 second(s)

2019-01-03 22:08:52 - [MESSAGE][PASSED] - Delayed 2 second(s)

2019-01-03 22:08:52 - [TEST_STEP][PASSED] - setText: Text 'test' is set on object 'Object Repository/Final Object Repo/Login Page/Internal User/Password'

2019-01-03 22:08:52 - [MESSAGE][PASSED] - Text 'test' is set on object 'Object Repository/Final Object Repo/Login Page/Internal User/Password'

2019-01-03 22:08:52 - [TEST_STEP][PASSED] - delay: Delayed 2 second(s)

2019-01-03 22:08:54 - [MESSAGE][PASSED] - Delayed 2 second(s)

2019-01-03 22:08:54 - [TEST_STEP][PASSED] - click: Object: 'Object Repository/Final Object Repo/Login Page/Internal User/Login Button' is clicked on

2019-01-03 22:08:54 - [MESSAGE][PASSED] - Object: 'Object Repository/Final Object Repo/Login Page/Internal User/Login Button' is clicked on

2019-01-03 22:08:54 - [TEST_STEP][PASSED] - Statement - tester = com.kms.katalon.core.testobject.ObjectRepository.findTestObject(Final Object Repo/Landing Page/Select to English): Finding Test Object with id 'Object Repository/Final Object Repo/Landing Page/Select to English'

2019-01-03 22:08:54 - [TEST_STEP][PASSED] - Statement - Try: Delayed 2 second(s)

2019-01-03 22:08:54 - [TEST_STEP][PASSED] - Statement - Checker = com.kms.katalon.core.webui.keyword.WebUiBuiltInKeywords.verifyElementNotPresent(tester, 3): Web element with id: 'Object Repository/Final Object Repo/Landing Page/Select to English' located by 'By.xpath: //a[@class = 'taglib-language-list-text' and @lang = 'en-US' and (contains(text(), 'EN') or contains(., 'EN'))]' is not present after '3' second(s)

2019-01-03 22:08:56 - [MESSAGE][PASSED] - Web element with id: 'Object Repository/Final Object Repo/Landing Page/Select to English' located by 'By.xpath: //a[@class = 'taglib-language-list-text' and @lang = 'en-US' and (contains(text(), 'EN') or contains(., 'EN'))]' is not present after '3' second(s)

2019-01-03 22:08:56 - [TEST_STEP][PASSED] - Statement - If (Checker == false): null

2019-01-03 22:08:56 - [TEST_STEP][PASSED] - delay: Delayed 2 second(s)

2019-01-03 22:08:58 - [MESSAGE][PASSED] - Delayed 2 second(s)

2019-01-03 22:08:58 - [TEST_STEP][PASSED] - delay: Delayed 5 second(s)

2019-01-03 22:09:03 - [MESSAGE][PASSED] - Delayed 5 second(s)

2019-01-03 22:09:03 - [TEST_STEP][PASSED] - mouseOver: Object: 'Object Repository/Final Object Repo/Landing Page/WorkFlow Menu' is hovered

2019-01-03 22:09:03 - [MESSAGE][PASSED] - Object: 'Object Repository/Final Object Repo/Landing Page/WorkFlow Menu' is hovered

2019-01-03 22:09:03 - [TEST_STEP][PASSED] - delay: Delayed 2 second(s)

2019-01-03 22:09:05 - [MESSAGE][PASSED] - Delayed 2 second(s)

2019-01-03 22:09:05 - [TEST_STEP][PASSED] - click: Object: 'Object Repository/Final Object Repo/Landing Page/Select to Workflow Listing' is clicked on

2019-01-03 22:09:06 - [MESSAGE][PASSED] - Object: 'Object Repository/Final Object Repo/Landing Page/Select to Workflow Listing' is clicked on

2019-01-03 22:09:06 - [TEST_STEP][PASSED] - delay: Delayed 2 second(s)

2019-01-03 22:09:08 - [MESSAGE][PASSED] - Delayed 2 second(s)

2019-01-03 22:09:08 - [TEST_STEP][PASSED] - click: Object: 'Object Repository/Final Object Repo/WorkFlow Listing Page/Search Information - To Put Ref No' is clicked on

2019-01-03 22:09:09 - [MESSAGE][PASSED] - Object: 'Object Repository/Final Object Repo/WorkFlow Listing Page/Search Information - To Put Ref No' is clicked on

2019-01-03 22:09:09 - [TEST_STEP][PASSED] - delay: Delayed 2 second(s)

2019-01-03 22:09:11 - [MESSAGE][PASSED] - Delayed 2 second(s)

2019-01-03 22:09:11 - [TEST_STEP][PASSED] - callTestCase: Call Test Case 'Test Cases/Final Aug 2018 - PKS Automation/Common/Reference Number Getter' successfully

2019-01-03 22:09:11 - [TEST_CASE][PASSED] - Test Cases/Final Aug 2018 - PKS Automation/Common/Reference Number Getter: Test Cases/Final Aug 2018 - PKS Automation/Common/Reference Number Getter

2019-01-03 22:09:11 - [TEST_STEP][PASSED] - Statement - Try: null

2019-01-03 22:09:11 - [TEST_STEP][PASSED] - Statement - RefNo = new java.io.File(C://Users//Admin//Desktop//PKS//Automation Reference Point//KatalonReference.txt): null

2019-01-03 22:09:11 - [TEST_STEP][PASSED] - Statement - bufferread = new java.io.BufferedReader(new java.io.FileReader(RefNo)): null

2019-01-03 22:09:11 - [TEST_STEP][PASSED] - Statement - readedVal = bufferread.readLine(): null

2019-01-03 22:09:11 - [TEST_STEP][PASSED] - Statement - out.println(CaseReferenceNo): null

2019-01-03 22:09:11 - [TEST_STEP][PASSED] - Statement - out.println(readedVal): null

2019-01-03 22:09:11 - [TEST_STEP][PASSED] - Statement - CaseReferenceNo = "": null

2019-01-03 22:09:11 - [TEST_STEP][PASSED] - Statement - CaseReferenceNo = readedVal: null

2019-01-03 22:09:11 - [MESSAGE][PASSED] - Call Test Case 'Test Cases/Final Aug 2018 - PKS Automation/Common/Reference Number Getter' successfully

2019-01-03 22:09:11 - [TEST_STEP][PASSED] - setText: Text 'CUN012019C100006172' is set on object 'Object Repository/Final Object Repo/WorkFlow Listing Page/Ref No Set Text'

2019-01-03 22:09:11 - [MESSAGE][PASSED] - Text 'CUN012019C100006172' is set on object 'Object Repository/Final Object Repo/WorkFlow Listing Page/Ref No Set Text'

2019-01-03 22:09:11 - [TEST_STEP][PASSED] - delay: Delayed 2 second(s)

2019-01-03 22:09:13 - [MESSAGE][PASSED] - Delayed 2 second(s)

2019-01-03 22:09:13 - [TEST_STEP][PASSED] - click: Object: 'Object Repository/Final Object Repo/WorkFlow Listing Page/Search Ref No Search Button' is clicked on

2019-01-03 22:09:13 - [MESSAGE][PASSED] - Object: 'Object Repository/Final Object Repo/WorkFlow Listing Page/Search Ref No Search Button' is clicked on

2019-01-03 22:09:13 - [TEST_STEP][PASSED] - delay: Delayed 6 second(s)

2019-01-03 22:09:19 - [MESSAGE][PASSED] - Delayed 6 second(s)

2019-01-03 22:09:19 - [TEST_STEP][PASSED] - click: Object: 'Object Repository/Final Object Repo/WorkFlow Listing Page/Click Continue Tooltip' is clicked on

2019-01-03 22:09:20 - [MESSAGE][PASSED] - Object: 'Object Repository/Final Object Repo/WorkFlow Listing Page/Click Continue Tooltip' is clicked on

2019-01-03 22:09:20 - [TEST_STEP][PASSED] - delay: Delayed 5 second(s)

2019-01-03 22:09:25 - [MESSAGE][PASSED] - Delayed 5 second(s)

2019-01-03 22:09:25 - [TEST_STEP][PASSED] - doubleClick: Object: 'Object Repository/Final Object Repo/WorkFlow Listing Page/Workflow Found - Listing 1' is double clicked on

2019-01-03 22:09:25 - [MESSAGE][PASSED] - Object: 'Object Repository/Final Object Repo/WorkFlow Listing Page/Workflow Found - Listing 1' is double clicked on

2019-01-03 22:09:25 - [TEST_STEP][PASSED] - Statement - println(OwnerID): null

2019-01-03 22:09:25 - [TEST_STEP][PASSED] - Statement - OwnerID = com.kms.katalon.core.webui.keyword.WebUiBuiltInKeywords.getText(com.kms.katalon.core.testobject.ObjectRepository.findTestObject(Final Object Repo/WorkFlow Listing Page/Workflow Found - Listing 1), STOP_ON_FAILURE): Text of object 'Object Repository/Final Object Repo/WorkFlow Listing Page/Workflow Found - Listing 1' is: 'JOHORuo1'

2019-01-03 22:09:25 - [MESSAGE][PASSED] - Text of object 'Object Repository/Final Object Repo/WorkFlow Listing Page/Workflow Found - Listing 1' is: 'JOHORuo1'

2019-01-03 22:09:25 - [TEST_STEP][PASSED] - Statement - OwnerID = OwnerID.toLowerCase() + "@gmail.com": null

2019-01-03 22:09:25 - [TEST_STEP][PASSED] - Statement - println(OwnerID): null

2019-01-03 22:09:25 - [TEST_STEP][PASSED] - delay: Delayed 2 second(s)

2019-01-03 22:09:27 - [MESSAGE][PASSED] - Delayed 2 second(s)

2019-01-03 22:09:27 - [MESSAGE][PASSED] - Call Test Case 'Test Cases/Final Aug 2018 - PKS Automation/Common/Workflow Owner Finder' successfully

2019-01-03 22:09:27 - [TEST_STEP][PASSED] - delay: Delayed 2 second(s)

2019-01-03 22:09:29 - [MESSAGE][PASSED] - Delayed 2 second(s)

2019-01-03 22:09:29 - [TEST_STEP][PASSED] - navigateToUrl: Navigate to 'https://assist2-uat.perkeso.gov.my/c/portal/logout' successfully

2019-01-03 22:09:30 - [MESSAGE][PASSED] - Navigate to 'https://assist2-uat.perkeso.gov.my/c/portal/logout' successfully

2019-01-03 22:09:30 - [TEST_STEP][PASSED] - delay: Delayed 2 second(s)

2019-01-03 22:09:32 - [MESSAGE][PASSED] - Delayed 2 second(s)

2019-01-03 22:09:32 - [TEST_STEP][PASSED] - callTestCase: Call Test Case 'Test Cases/Final Aug 2018 - PKS Automation/Registration Module/Workflow/Login and Search Case For Workflow' successfully

2019-01-03 22:09:32 - [TEST_CASE][PASSED] - Test Cases/Final Aug 2018 - PKS Automation/Registration Module/Workflow/Login and Search Case For Workflow: Test Cases/Final Aug 2018 - PKS Automation/Registration Module/Workflow/Login and Search Case For Workflow

2019-01-03 22:09:32 - [TEST_STEP][PASSED] - navigateToUrl: Navigate to 'https://assist2-uat.perkeso.gov.my/login' successfully

2019-01-03 22:09:33 - [MESSAGE][PASSED] - Navigate to 'https://assist2-uat.perkeso.gov.my/login' successfully

2019-01-03 22:09:33 - [TEST_STEP][PASSED] - setText: Text 'johoruo1@gmail.com' is set on object 'Object Repository/Final Object Repo/Login Page/Internal User/Email Address'

2019-01-03 22:09:33 - [MESSAGE][PASSED] - Text 'johoruo1@gmail.com' is set on object 'Object Repository/Final Object Repo/Login Page/Internal User/Email Address'

2019-01-03 22:09:33 - [TEST_STEP][PASSED] - click: Object: 'Object Repository/Final Object Repo/Login Page/Internal User/Next Button' is clicked on

2019-01-03 22:09:33 - [MESSAGE][PASSED] - Object: 'Object Repository/Final Object Repo/Login Page/Internal User/Next Button' is clicked on

2019-01-03 22:09:33 - [TEST_STEP][PASSED] - delay: Delayed 1 second(s)

2019-01-03 22:09:34 - [MESSAGE][PASSED] - Delayed 1 second(s)

2019-01-03 22:09:34 - [TEST_STEP][PASSED] - setEncryptedText: Text ****** has been set on object 'Object Repository/Final Object Repo/Login Page/Internal User/Password'

2019-01-03 22:09:34 - [MESSAGE][PASSED] - Text ****** has been set on object 'Object Repository/Final Object Repo/Login Page/Internal User/Password'

2019-01-03 22:09:34 - [TEST_STEP][PASSED] - click: Object: 'Object Repository/Final Object Repo/Login Page/Internal User/Login Button' is clicked on

2019-01-03 22:09:34 - [MESSAGE][PASSED] - Object: 'Object Repository/Final Object Repo/Login Page/Internal User/Login Button' is clicked on

2019-01-03 22:09:34 - [TEST_STEP][PASSED] - delay: Delayed 2 second(s)

2019-01-03 22:09:36 - [MESSAGE][PASSED] - Delayed 2 second(s)

2019-01-03 22:09:36 - [TEST_STEP][PASSED] - Statement - Try: Delayed 2 second(s)

2019-01-03 22:09:36 - [TEST_STEP][PASSED] - Statement - Checker = false: null

2019-01-03 22:09:36 - [TEST_STEP][PASSED] - Statement - Checker = com.kms.katalon.core.webui.keyword.WebUiBuiltInKeywords.verifyElementHasAttribute(com.kms.katalon.core.testobject.ObjectRepository.findTestObject(Final Object Repo/Landing Page/BM Detecting), "href", 20, OPTIONAL): Object 'Object Repository/Final Object Repo/Landing Page/BM Detecting' has attribute 'href'

2019-01-03 22:09:37 - [MESSAGE][PASSED] - Object 'Object Repository/Final Object Repo/Landing Page/BM Detecting' has attribute 'href'

2019-01-03 22:09:37 - [TEST_STEP][PASSED] - Statement - out.println(Checker): null

2019-01-03 22:09:37 - [TEST_STEP][PASSED] - Statement - If (Checker == false): null

2019-01-03 22:09:37 - [TEST_STEP][PASSED] - Statement - Else: null

2019-01-03 22:09:37 - [TEST_STEP][PASSED] - delay: Delayed 2 second(s)

2019-01-03 22:09:39 - [MESSAGE][PASSED] - Delayed 2 second(s)

2019-01-03 22:09:39 - [TEST_STEP][PASSED] - click: Object: 'Object Repository/Final Object Repo/Page_MyASSIST - ASSIST - Search Pending Case For Add Supporting Document/Search Information' is clicked on

2019-01-03 22:09:39 - [MESSAGE][PASSED] - Object: 'Object Repository/Final Object Repo/Page_MyASSIST - ASSIST - Search Pending Case For Add Supporting Document/Search Information' is clicked on

2019-01-03 22:09:39 - [TEST_STEP][PASSED] - delay: Delayed 3 second(s)

2019-01-03 22:09:42 - [MESSAGE][PASSED] - Delayed 3 second(s)

2019-01-03 22:09:42 - [TEST_STEP][PASSED] - sendKeys: Keys 'CUN012019C100006172' sent to object: 'Object Repository/Final Object Repo/Page_MyASSIST - ASSIST - Search Pending Case For Add Supporting Document/Reference No'

2019-01-03 22:09:42 - [MESSAGE][PASSED] - Keys 'CUN012019C100006172' sent to object: 'Object Repository/Final Object Repo/Page_MyASSIST - ASSIST - Search Pending Case For Add Supporting Document/Reference No'

2019-01-03 22:09:42 - [TEST_STEP][PASSED] - click: Object: 'Object Repository/Final Object Repo/Page_MyASSIST - ASSIST - Search Pending Case For Add Supporting Document/Search Reference No' is clicked on

2019-01-03 22:09:42 - [MESSAGE][PASSED] - Object: 'Object Repository/Final Object Repo/Page_MyASSIST - ASSIST - Search Pending Case For Add Supporting Document/Search Reference No' is clicked on

2019-01-03 22:09:42 - [TEST_STEP][PASSED] - delay: Delayed 2 second(s)

2019-01-03 22:09:44 - [MESSAGE][PASSED] - Delayed 2 second(s)

2019-01-03 22:09:44 - [TEST_STEP][PASSED] - click: Object: 'Object Repository/Final Object Repo/Page_MyASSIST - ASSIST - Search Pending Case For Add Supporting Document/Continue' is clicked on

2019-01-03 22:09:48 - [MESSAGE][PASSED] - Object: 'Object Repository/Final Object Repo/Page_MyASSIST - ASSIST - Search Pending Case For Add Supporting Document/Continue' is clicked on

2019-01-03 22:09:48 - [TEST_STEP][PASSED] - delay: Delayed 20 second(s)

2019-01-03 22:10:08 - [MESSAGE][PASSED] - Delayed 20 second(s)

2019-01-03 22:10:08 - [MESSAGE][PASSED] - Call Test Case 'Test Cases/Final Aug 2018 - PKS Automation/Registration Module/Workflow/Login and Search Case For Workflow' successfully

2019-01-03 22:10:08 - [TEST_STEP][PASSED] - delay: Delayed 2 second(s)

2019-01-03 22:10:10 - [MESSAGE][PASSED] - Delayed 2 second(s)

2019-01-03 22:10:10 - [TEST_STEP][PASSED] - click: Object: 'Object Repository/Final Object Repo/Page_Update Employee Information By Employee/Page_Update Employee Information By Employee (Approve)/Continue' is clicked on

2019-01-03 22:10:13 - [MESSAGE][PASSED] - Object: 'Object Repository/Final Object Repo/Page_Update Employee Information By Employee/Page_Update Employee Information By Employee (Approve)/Continue' is clicked on

2019-01-03 22:10:13 - [TEST_STEP][PASSED] - delay: Delayed 10 second(s)

2019-01-03 22:10:23 - [MESSAGE][PASSED] - Delayed 10 second(s)

2019-01-03 22:10:23 - [TEST_STEP][PASSED] - click: Object: 'Object Repository/Final Object Repo/Page_Update Employee Information By Employer/Page_Update Employee Information by Employer (Approve)/Save  Continue in Update Employee Information Page' is clicked on

2019-01-03 22:10:23 - [MESSAGE][PASSED] - Object: 'Object Repository/Final Object Repo/Page_Update Employee Information By Employer/Page_Update Employee Information by Employer (Approve)/Save  Continue in Update Employee Information Page' is clicked on

2019-01-03 22:10:23 - [TEST_STEP][PASSED] - delay: Delayed 2 second(s)

2019-01-03 22:10:25 - [MESSAGE][PASSED] - Delayed 2 second(s)

2019-01-03 22:10:25 - [TEST_STEP][PASSED] - click: Object: 'Object Repository/Final Object Repo/Page_Update Employee Information By Employer/Page_Update Employee Information by Employer (Approve)/Save  Continue in Upload Supporting Doucument Page' is clicked on

2019-01-03 22:10:27 - [MESSAGE][PASSED] - Object: 'Object Repository/Final Object Repo/Page_Update Employee Information By Employer/Page_Update Employee Information by Employer (Approve)/Save  Continue in Upload Supporting Doucument Page' is clicked on

2019-01-03 22:10:27 - [TEST_STEP][PASSED] - delay: Delayed 2 second(s)

2019-01-03 22:10:29 - [MESSAGE][PASSED] - Delayed 2 second(s)

2019-01-03 22:10:29 - [TEST_STEP][PASSED] - click: Object: 'Object Repository/Final Object Repo/Page_Update Employee Information By Employee/Page_Update Employee Information by Employee (Reject)/Reject' is clicked on

2019-01-03 22:10:31 - [MESSAGE][PASSED] - Object: 'Object Repository/Final Object Repo/Page_Update Employee Information By Employee/Page_Update Employee Information by Employee (Reject)/Reject' is clicked on

2019-01-03 22:10:31 - [TEST_STEP][PASSED] - delay: Delayed 2 second(s)

2019-01-03 22:10:33 - [MESSAGE][PASSED] - Delayed 2 second(s)

2019-01-03 22:10:33 - [TEST_STEP][PASSED] - click: Object: 'Object Repository/Final Object Repo/Page_Update Employee Information By Employee/Page_Update Employee Information by Employee (Reject)/Confirm' is clicked on

2019-01-03 22:10:33 - [MESSAGE][PASSED] - Object: 'Object Repository/Final Object Repo/Page_Update Employee Information By Employee/Page_Update Employee Information by Employee (Reject)/Confirm' is clicked on

2019-01-03 22:10:33 - [TEST_STEP][PASSED] - delay: Delayed 2 second(s)

2019-01-03 22:10:35 - [MESSAGE][PASSED] - Delayed 2 second(s)

2019-01-03 22:10:35 - [TEST_STEP][PASSED] - verifyElementVisible: Object 'Object Repository/Final Object Repo/Page_Update Employee Information By Employee/Page_Update Employee Information by Employee (Reject)/Message This Case has been Rejected' is visible

2019-01-03 22:10:39 - [MESSAGE][PASSED] - Object 'Object Repository/Final Object Repo/Page_Update Employee Information By Employee/Page_Update Employee Information by Employee (Reject)/Message This Case has been Rejected' is visible

2019-01-03 22:10:39 - [TEST_STEP][PASSED] - verifyElementVisible: Object 'Object Repository/Final Object Repo/Page_Update Employee Information By Employee/Page_Update Employee Information by Employee (Reject)/Letter of update rejection' is visible

2019-01-03 22:10:39 - [MESSAGE][PASSED] - Object 'Object Repository/Final Object Repo/Page_Update Employee Information By Employee/Page_Update Employee Information by Employee (Reject)/Letter of update rejection' is visible

2019-01-03 22:10:39 - [MESSAGE][PASSED] - Call Test Case 'Test Cases/Final Aug 2018 - PKS Automation/Registration Module/Workflow/Update Employee Information (Employee)/Template/Update Employee Information - Special Case - UO (Reject)' successfully]]></system-out>
         <system-err><![CDATA[]]></system-err>
      </testcase>
      <testcase name="Test Cases/Final Aug 2018 - PKS Automation/Registration Module/Workflow/Update Employee Information (Employee)/PAU to UO (Under enforcement)" classname="Test Cases/Final Aug 2018 - PKS Automation/Registration Module/Workflow/Update Employee Information (Employee)/PAU to UO (Under enforcement)" status="PASSED">
         <system-out><![CDATA[2019-01-03 22:10:39 - [TEST_CASE][PASSED] - Test Cases/Final Aug 2018 - PKS Automation/Registration Module/Workflow/Update Employee Information (Employee)/PAU to UO (Under enforcement): Test Cases/Final Aug 2018 - PKS Automation/Registration Module/Workflow/Update Employee Information (Employee)/PAU to UO (Under enforcement)

2019-01-03 22:10:39 - [TEST_STEP][PASSED] - callTestCase: Call Test Case 'Test Cases/Final Aug 2018 - PKS Automation/Registration Module/Workflow/Update Employee Information (Employee)/Template/Update Employee Information - Special Case (PAU)' successfully

2019-01-03 22:10:39 - [TEST_CASE][PASSED] - Test Cases/Final Aug 2018 - PKS Automation/Registration Module/Workflow/Update Employee Information (Employee)/Template/Update Employee Information - Special Case (PAU): Test Cases/Final Aug 2018 - PKS Automation/Registration Module/Workflow/Update Employee Information (Employee)/Template/Update Employee Information - Special Case (PAU)

2019-01-03 22:10:39 - [TEST_STEP][PASSED] - openBrowser: Browser is opened with url: ''

2019-01-03 22:10:39 - [MESSAGE][WARNING] - A browser is already opened. Closing browser and opening a new one

2019-01-03 22:10:43 - [MESSAGE][PASSED] - Browser is opened with url: ''

2019-01-03 22:10:43 - [TEST_STEP][PASSED] - navigateToUrl: Navigate to 'https://assist2-uat.perkeso.gov.my/login' successfully

2019-01-03 22:10:44 - [MESSAGE][PASSED] - Navigate to 'https://assist2-uat.perkeso.gov.my/login' successfully

2019-01-03 22:10:44 - [TEST_STEP][PASSED] - setText: Text 'johorpau1@gmail.com' is set on object 'Object Repository/Final Object Repo/Login Page/Internal User/Email Address'

2019-01-03 22:10:45 - [MESSAGE][PASSED] - Text 'johorpau1@gmail.com' is set on object 'Object Repository/Final Object Repo/Login Page/Internal User/Email Address'

2019-01-03 22:10:45 - [TEST_STEP][PASSED] - click: Object: 'Object Repository/Final Object Repo/Login Page/Internal User/Next Button' is clicked on

2019-01-03 22:10:45 - [MESSAGE][PASSED] - Object: 'Object Repository/Final Object Repo/Login Page/Internal User/Next Button' is clicked on

2019-01-03 22:10:45 - [TEST_STEP][PASSED] - delay: Delayed 1 second(s)

2019-01-03 22:10:46 - [MESSAGE][PASSED] - Delayed 1 second(s)

2019-01-03 22:10:46 - [TEST_STEP][PASSED] - setEncryptedText: Text ****** has been set on object 'Object Repository/Final Object Repo/Login Page/Internal User/Password'

2019-01-03 22:10:46 - [MESSAGE][PASSED] - Text ****** has been set on object 'Object Repository/Final Object Repo/Login Page/Internal User/Password'

2019-01-03 22:10:46 - [TEST_STEP][PASSED] - click: Object: 'Object Repository/Final Object Repo/Login Page/Internal User/Login Button' is clicked on

2019-01-03 22:10:46 - [MESSAGE][PASSED] - Object: 'Object Repository/Final Object Repo/Login Page/Internal User/Login Button' is clicked on

2019-01-03 22:10:46 - [TEST_STEP][PASSED] - Statement - tester = com.kms.katalon.core.testobject.ObjectRepository.findTestObject(Final Object Repo/Landing Page/Select to English): Finding Test Object with id 'Object Repository/Final Object Repo/Landing Page/Select to English'

2019-01-03 22:10:46 - [TEST_STEP][PASSED] - Statement - Try: Delayed 2 second(s)

2019-01-03 22:10:46 - [TEST_STEP][PASSED] - Statement - Checker = com.kms.katalon.core.webui.keyword.WebUiBuiltInKeywords.verifyElementNotPresent(tester, 3): Web element with id: 'Object Repository/Final Object Repo/Landing Page/Select to English' located by 'By.xpath: //a[@class = 'taglib-language-list-text' and @lang = 'en-US' and (contains(text(), 'EN') or contains(., 'EN'))]' is not present after '3' second(s)

2019-01-03 22:10:48 - [MESSAGE][PASSED] - Web element with id: 'Object Repository/Final Object Repo/Landing Page/Select to English' located by 'By.xpath: //a[@class = 'taglib-language-list-text' and @lang = 'en-US' and (contains(text(), 'EN') or contains(., 'EN'))]' is not present after '3' second(s)

2019-01-03 22:10:48 - [TEST_STEP][PASSED] - Statement - If (Checker == false): null

2019-01-03 22:10:48 - [TEST_STEP][PASSED] - delay: Delayed 2 second(s)

2019-01-03 22:10:50 - [MESSAGE][PASSED] - Delayed 2 second(s)

2019-01-03 22:10:50 - [TEST_STEP][PASSED] - delay: Delayed 5 second(s)

2019-01-03 22:10:55 - [MESSAGE][PASSED] - Delayed 5 second(s)

2019-01-03 22:10:55 - [TEST_STEP][PASSED] - navigateToUrl: Navigate to 'https://assist2-uat.perkeso.gov.my/web/registration/update/update-employee-information-employee-' successfully

2019-01-03 22:10:56 - [MESSAGE][PASSED] - Navigate to 'https://assist2-uat.perkeso.gov.my/web/registration/update/update-employee-information-employee-' successfully

2019-01-03 22:10:56 - [TEST_STEP][PASSED] - click: Object: 'Object Repository/Final Object Repo/Page_Update Employee Information By Employee/Type of Identification' is clicked on

2019-01-03 22:10:56 - [MESSAGE][PASSED] - Object: 'Object Repository/Final Object Repo/Page_Update Employee Information By Employee/Type of Identification' is clicked on

2019-01-03 22:10:56 - [TEST_STEP][PASSED] - click: Object: 'Object Repository/Final Object Repo/Page Update Employee Information By Employee/Type of Identification - Name' is clicked on

2019-01-03 22:10:56 - [MESSAGE][PASSED] - Object: 'Object Repository/Final Object Repo/Page Update Employee Information By Employee/Type of Identification - Name' is clicked on

2019-01-03 22:10:56 - [TEST_STEP][PASSED] - setText: Text 'YUKI JR B' is set on object 'Object Repository/Final Object Repo/Page_Update Employee Information By Employee/New Identification'

2019-01-03 22:10:56 - [MESSAGE][PASSED] - Text 'YUKI JR B' is set on object 'Object Repository/Final Object Repo/Page_Update Employee Information By Employee/New Identification'

2019-01-03 22:10:56 - [TEST_STEP][PASSED] - click: Object: 'Object Repository/Final Object Repo/Page_Update Employee Information By Employee/Search Button' is clicked on

2019-01-03 22:10:57 - [MESSAGE][PASSED] - Object: 'Object Repository/Final Object Repo/Page_Update Employee Information By Employee/Search Button' is clicked on

2019-01-03 22:10:57 - [TEST_STEP][PASSED] - click: Object: 'Object Repository/Final Object Repo/Page_Update Employee Information By Employee/Edit Button' is clicked on

2019-01-03 22:11:01 - [MESSAGE][PASSED] - Object: 'Object Repository/Final Object Repo/Page_Update Employee Information By Employee/Edit Button' is clicked on

2019-01-03 22:11:01 - [TEST_STEP][PASSED] - delay: Delayed 2 second(s)

2019-01-03 22:11:03 - [MESSAGE][PASSED] - Delayed 2 second(s)

2019-01-03 22:11:03 - [TEST_STEP][PASSED] - click: Object: 'Object Repository/Final Object Repo/Page_Update Employee Information By Employee/Employee Information Edit Button' is clicked on

2019-01-03 22:11:03 - [MESSAGE][PASSED] - Object: 'Object Repository/Final Object Repo/Page_Update Employee Information By Employee/Employee Information Edit Button' is clicked on

2019-01-03 22:11:03 - [TEST_STEP][PASSED] - delay: Delayed 2 second(s)

2019-01-03 22:11:05 - [MESSAGE][PASSED] - Delayed 2 second(s)

2019-01-03 22:11:05 - [TEST_STEP][PASSED] - click: Object: 'Object Repository/Final Object Repo/Page_Update Employee Information By Employee/New Identification Number' is clicked on

2019-01-03 22:11:05 - [MESSAGE][PASSED] - Object: 'Object Repository/Final Object Repo/Page_Update Employee Information By Employee/New Identification Number' is clicked on

2019-01-03 22:11:05 - [TEST_STEP][PASSED] - setText: Text '' is set on object 'Object Repository/Final Object Repo/Page_Update Employee Information By Employee/New Identification Number'

2019-01-03 22:11:05 - [MESSAGE][PASSED] - Text '' is set on object 'Object Repository/Final Object Repo/Page_Update Employee Information By Employee/New Identification Number'

2019-01-03 22:11:05 - [TEST_STEP][PASSED] - Statement - rnd = new java.util.Random(): null

2019-01-03 22:11:05 - [TEST_STEP][PASSED] - Statement - snum = rnd.nextInt(899999 + 1) + 100000: null

2019-01-03 22:11:05 - [TEST_STEP][PASSED] - Statement - tnum = rnd.nextInt(899999 + 1) + 100000: null

2019-01-03 22:11:05 - [TEST_STEP][PASSED] - Statement - IC = java.lang.Integer.toString(snum) + java.lang.Integer.toString(tnum): null

2019-01-03 22:11:05 - [TEST_STEP][PASSED] - Statement - out.println(IC): null

2019-01-03 22:11:05 - [TEST_STEP][PASSED] - setText: Text '316515400768' is set on object 'Object Repository/Final Object Repo/Page_Update Employee Information By Employee/New Identification Number'

2019-01-03 22:11:05 - [MESSAGE][PASSED] - Text '316515400768' is set on object 'Object Repository/Final Object Repo/Page_Update Employee Information By Employee/New Identification Number'

2019-01-03 22:11:05 - [TEST_STEP][PASSED] - delay: Delayed 2 second(s)

2019-01-03 22:11:07 - [MESSAGE][PASSED] - Delayed 2 second(s)

2019-01-03 22:11:07 - [TEST_STEP][PASSED] - click: Object: 'Object Repository/Final Object Repo/Page_Update Employee Information By Employee/Save' is clicked on

2019-01-03 22:11:08 - [MESSAGE][PASSED] - Object: 'Object Repository/Final Object Repo/Page_Update Employee Information By Employee/Save' is clicked on

2019-01-03 22:11:08 - [TEST_STEP][PASSED] - delay: Delayed 10 second(s)

2019-01-03 22:11:18 - [MESSAGE][PASSED] - Delayed 10 second(s)

2019-01-03 22:11:18 - [TEST_STEP][PASSED] - click: Object: 'Object Repository/Final Object Repo/Page_Update Employee Information By Employee/Save  Continue in Update Employee Information' is clicked on

2019-01-03 22:11:18 - [MESSAGE][PASSED] - Object: 'Object Repository/Final Object Repo/Page_Update Employee Information By Employee/Save  Continue in Update Employee Information' is clicked on

2019-01-03 22:11:18 - [TEST_STEP][PASSED] - delay: Delayed 2 second(s)

2019-01-03 22:11:20 - [MESSAGE][PASSED] - Delayed 2 second(s)

2019-01-03 22:11:20 - [TEST_STEP][PASSED] - click: Object: 'Object Repository/Final Object Repo/Page_Update Employee Information By Employee/Save  Continue in Uploading Page' is clicked on

2019-01-03 22:11:21 - [MESSAGE][PASSED] - Object: 'Object Repository/Final Object Repo/Page_Update Employee Information By Employee/Save  Continue in Uploading Page' is clicked on

2019-01-03 22:11:21 - [TEST_STEP][PASSED] - delay: Delayed 2 second(s)

2019-01-03 22:11:23 - [MESSAGE][PASSED] - Delayed 2 second(s)

2019-01-03 22:11:23 - [TEST_STEP][PASSED] - Statement - CaseReferenceNo = com.kms.katalon.core.webui.keyword.WebUiBuiltInKeywords.getText(com.kms.katalon.core.testobject.ObjectRepository.findTestObject(Final Object Repo/Page_Update Employer Information/Reference Number in Update Employee Information Page)): Text of object 'Object Repository/Final Object Repo/Page_Update Employer Information/Reference Number in Update Employee Information Page' is: 'CUN012019C100006173'

2019-01-03 22:11:25 - [MESSAGE][PASSED] - Text of object 'Object Repository/Final Object Repo/Page_Update Employer Information/Reference Number in Update Employee Information Page' is: 'CUN012019C100006173'

2019-01-03 22:11:25 - [TEST_STEP][PASSED] - callTestCase: Call Test Case 'Test Cases/Final Aug 2018 - PKS Automation/Common/Reference Number Setter' successfully

2019-01-03 22:11:25 - [TEST_CASE][PASSED] - Test Cases/Final Aug 2018 - PKS Automation/Common/Reference Number Setter: Test Cases/Final Aug 2018 - PKS Automation/Common/Reference Number Setter

2019-01-03 22:11:25 - [TEST_STEP][PASSED] - Statement - RefNoOldFile = new java.io.File(C://Users//Admin//Desktop//PKS//Automation Reference Point//KatalonReference.txt): null

2019-01-03 22:11:25 - [TEST_STEP][PASSED] - Statement - RefNoOldFile.delete(): null

2019-01-03 22:11:25 - [TEST_STEP][PASSED] - delay: Delayed 5 second(s)

2019-01-03 22:11:30 - [MESSAGE][PASSED] - Delayed 5 second(s)

2019-01-03 22:11:30 - [TEST_STEP][PASSED] - Statement - RefNo = new java.io.File(C://Users//Admin//Desktop//PKS//Automation Reference Point//KatalonReference.txt): null

2019-01-03 22:11:30 - [TEST_STEP][PASSED] - Statement - f2 = new java.io.FileWriter(RefNo, false): null

2019-01-03 22:11:30 - [TEST_STEP][PASSED] - Statement - f2.write(CaseReferenceNo): null

2019-01-03 22:11:30 - [TEST_STEP][PASSED] - Statement - f2.close(): null

2019-01-03 22:11:30 - [TEST_STEP][PASSED] - Statement - out.println("


" + CaseReferenceNo + "


"): null

2019-01-03 22:11:30 - [MESSAGE][PASSED] - Call Test Case 'Test Cases/Final Aug 2018 - PKS Automation/Common/Reference Number Setter' successfully

2019-01-03 22:11:30 - [TEST_STEP][PASSED] - delay: Delayed 2 second(s)

2019-01-03 22:11:32 - [MESSAGE][PASSED] - Delayed 2 second(s)

2019-01-03 22:11:32 - [TEST_STEP][PASSED] - click: Object: 'Object Repository/Final Object Repo/Page_Update Employee Information By Employee/Submit' is clicked on

2019-01-03 22:11:32 - [MESSAGE][PASSED] - Object: 'Object Repository/Final Object Repo/Page_Update Employee Information By Employee/Submit' is clicked on

2019-01-03 22:11:32 - [TEST_STEP][PASSED] - delay: Delayed 2 second(s)

2019-01-03 22:11:34 - [MESSAGE][PASSED] - Delayed 2 second(s)

2019-01-03 22:11:34 - [TEST_STEP][PASSED] - click: Object: 'Object Repository/Final Object Repo/Page_Update Employee Information By Employee/Confirm Button' is clicked on

2019-01-03 22:11:34 - [MESSAGE][PASSED] - Object: 'Object Repository/Final Object Repo/Page_Update Employee Information By Employee/Confirm Button' is clicked on

2019-01-03 22:11:34 - [TEST_STEP][PASSED] - delay: Delayed 2 second(s)

2019-01-03 22:11:36 - [MESSAGE][PASSED] - Delayed 2 second(s)

2019-01-03 22:11:36 - [TEST_STEP][PASSED] - click: Object: 'Object Repository/Final Object Repo/Page_Update Employee Information By Employee/Successful Message Routed to UO' is clicked on

2019-01-03 22:11:37 - [MESSAGE][PASSED] - Object: 'Object Repository/Final Object Repo/Page_Update Employee Information By Employee/Successful Message Routed to UO' is clicked on

2019-01-03 22:11:37 - [MESSAGE][PASSED] - Call Test Case 'Test Cases/Final Aug 2018 - PKS Automation/Registration Module/Workflow/Update Employee Information (Employee)/Template/Update Employee Information - Special Case (PAU)' successfully

2019-01-03 22:11:37 - [TEST_STEP][PASSED] - callTestCase: Call Test Case 'Test Cases/Final Aug 2018 - PKS Automation/Registration Module/Workflow/Update Employee Information (Employee)/Template/Update Employee Information - Special Case - UO (Under enforcement)' successfully

2019-01-03 22:11:37 - [TEST_CASE][PASSED] - Test Cases/Final Aug 2018 - PKS Automation/Registration Module/Workflow/Update Employee Information (Employee)/Template/Update Employee Information - Special Case - UO (Under enforcement): Test Cases/Final Aug 2018 - PKS Automation/Registration Module/Workflow/Update Employee Information (Employee)/Template/Update Employee Information - Special Case - UO (Under enforcement)

2019-01-03 22:11:37 - [TEST_STEP][NOT_RUN] - callTestCase: NOT_RUN: callTestCase

2019-01-03 22:11:37 - [MESSAGE][NOT_RUN] - NOT_RUN: callTestCase

2019-01-03 22:11:37 - [TEST_STEP][PASSED] - delay: Delayed 2 second(s)

2019-01-03 22:11:39 - [MESSAGE][PASSED] - Delayed 2 second(s)

2019-01-03 22:11:39 - [TEST_STEP][PASSED] - navigateToUrl: Navigate to 'https://assist2-uat.perkeso.gov.my/c/portal/logout' successfully

2019-01-03 22:11:40 - [MESSAGE][PASSED] - Navigate to 'https://assist2-uat.perkeso.gov.my/c/portal/logout' successfully

2019-01-03 22:11:40 - [TEST_STEP][PASSED] - delay: Delayed 2 second(s)

2019-01-03 22:11:42 - [MESSAGE][PASSED] - Delayed 2 second(s)

2019-01-03 22:11:42 - [TEST_STEP][PASSED] - callTestCase: Call Test Case 'Test Cases/Final Aug 2018 - PKS Automation/Common/Reference Number Getter' successfully

2019-01-03 22:11:42 - [TEST_CASE][PASSED] - Test Cases/Final Aug 2018 - PKS Automation/Common/Reference Number Getter: Test Cases/Final Aug 2018 - PKS Automation/Common/Reference Number Getter

2019-01-03 22:11:42 - [TEST_STEP][PASSED] - Statement - Try: null

2019-01-03 22:11:42 - [TEST_STEP][PASSED] - Statement - RefNo = new java.io.File(C://Users//Admin//Desktop//PKS//Automation Reference Point//KatalonReference.txt): null

2019-01-03 22:11:42 - [TEST_STEP][PASSED] - Statement - bufferread = new java.io.BufferedReader(new java.io.FileReader(RefNo)): null

2019-01-03 22:11:42 - [TEST_STEP][PASSED] - Statement - readedVal = bufferread.readLine(): null

2019-01-03 22:11:42 - [TEST_STEP][PASSED] - Statement - out.println(CaseReferenceNo): null

2019-01-03 22:11:42 - [TEST_STEP][PASSED] - Statement - out.println(readedVal): null

2019-01-03 22:11:42 - [TEST_STEP][PASSED] - Statement - CaseReferenceNo = "": null

2019-01-03 22:11:42 - [TEST_STEP][PASSED] - Statement - CaseReferenceNo = readedVal: null

2019-01-03 22:11:42 - [MESSAGE][PASSED] - Call Test Case 'Test Cases/Final Aug 2018 - PKS Automation/Common/Reference Number Getter' successfully

2019-01-03 22:11:42 - [TEST_STEP][PASSED] - callTestCase: Call Test Case 'Test Cases/Final Aug 2018 - PKS Automation/Common/Workflow Owner Finder' successfully

2019-01-03 22:11:42 - [TEST_CASE][PASSED] - Test Cases/Final Aug 2018 - PKS Automation/Common/Workflow Owner Finder: Test Cases/Final Aug 2018 - PKS Automation/Common/Workflow Owner Finder

2019-01-03 22:11:42 - [TEST_STEP][PASSED] - openBrowser: Browser is opened with url: ''

2019-01-03 22:11:42 - [MESSAGE][WARNING] - A browser is already opened. Closing browser and opening a new one

2019-01-03 22:11:46 - [MESSAGE][PASSED] - Browser is opened with url: ''

2019-01-03 22:11:46 - [TEST_STEP][PASSED] - navigateToUrl: Navigate to 'https://assist2-uat.perkeso.gov.my/login' successfully

2019-01-03 22:11:47 - [MESSAGE][PASSED] - Navigate to 'https://assist2-uat.perkeso.gov.my/login' successfully

2019-01-03 22:11:47 - [TEST_STEP][PASSED] - delay: Delayed 5 second(s)

2019-01-03 22:11:52 - [MESSAGE][PASSED] - Delayed 5 second(s)

2019-01-03 22:11:52 - [TEST_STEP][PASSED] - setText: Text 'test@liferay.com' is set on object 'Object Repository/Final Object Repo/Login Page/Internal User/Email Address'

2019-01-03 22:11:52 - [MESSAGE][PASSED] - Text 'test@liferay.com' is set on object 'Object Repository/Final Object Repo/Login Page/Internal User/Email Address'

2019-01-03 22:11:52 - [TEST_STEP][PASSED] - click: Object: 'Object Repository/Final Object Repo/Login Page/Internal User/Next Button' is clicked on

2019-01-03 22:11:52 - [MESSAGE][PASSED] - Object: 'Object Repository/Final Object Repo/Login Page/Internal User/Next Button' is clicked on

2019-01-03 22:11:52 - [TEST_STEP][PASSED] - delay: Delayed 2 second(s)

2019-01-03 22:11:54 - [MESSAGE][PASSED] - Delayed 2 second(s)

2019-01-03 22:11:54 - [TEST_STEP][PASSED] - setText: Text 'test' is set on object 'Object Repository/Final Object Repo/Login Page/Internal User/Password'

2019-01-03 22:11:55 - [MESSAGE][PASSED] - Text 'test' is set on object 'Object Repository/Final Object Repo/Login Page/Internal User/Password'

2019-01-03 22:11:55 - [TEST_STEP][PASSED] - delay: Delayed 2 second(s)

2019-01-03 22:11:57 - [MESSAGE][PASSED] - Delayed 2 second(s)

2019-01-03 22:11:57 - [TEST_STEP][PASSED] - click: Object: 'Object Repository/Final Object Repo/Login Page/Internal User/Login Button' is clicked on

2019-01-03 22:11:57 - [MESSAGE][PASSED] - Object: 'Object Repository/Final Object Repo/Login Page/Internal User/Login Button' is clicked on

2019-01-03 22:11:57 - [TEST_STEP][PASSED] - Statement - tester = com.kms.katalon.core.testobject.ObjectRepository.findTestObject(Final Object Repo/Landing Page/Select to English): Finding Test Object with id 'Object Repository/Final Object Repo/Landing Page/Select to English'

2019-01-03 22:11:57 - [TEST_STEP][PASSED] - Statement - Try: Delayed 2 second(s)

2019-01-03 22:11:57 - [TEST_STEP][PASSED] - Statement - Checker = com.kms.katalon.core.webui.keyword.WebUiBuiltInKeywords.verifyElementNotPresent(tester, 3): Web element with id: 'Object Repository/Final Object Repo/Landing Page/Select to English' located by 'By.xpath: //a[@class = 'taglib-language-list-text' and @lang = 'en-US' and (contains(text(), 'EN') or contains(., 'EN'))]' is not present after '3' second(s)

2019-01-03 22:11:59 - [MESSAGE][PASSED] - Web element with id: 'Object Repository/Final Object Repo/Landing Page/Select to English' located by 'By.xpath: //a[@class = 'taglib-language-list-text' and @lang = 'en-US' and (contains(text(), 'EN') or contains(., 'EN'))]' is not present after '3' second(s)

2019-01-03 22:11:59 - [TEST_STEP][PASSED] - Statement - If (Checker == false): null

2019-01-03 22:11:59 - [TEST_STEP][PASSED] - delay: Delayed 2 second(s)

2019-01-03 22:12:01 - [MESSAGE][PASSED] - Delayed 2 second(s)

2019-01-03 22:12:01 - [TEST_STEP][PASSED] - delay: Delayed 5 second(s)

2019-01-03 22:12:06 - [MESSAGE][PASSED] - Delayed 5 second(s)

2019-01-03 22:12:06 - [TEST_STEP][PASSED] - mouseOver: Object: 'Object Repository/Final Object Repo/Landing Page/WorkFlow Menu' is hovered

2019-01-03 22:12:06 - [MESSAGE][PASSED] - Object: 'Object Repository/Final Object Repo/Landing Page/WorkFlow Menu' is hovered

2019-01-03 22:12:06 - [TEST_STEP][PASSED] - delay: Delayed 2 second(s)

2019-01-03 22:12:08 - [MESSAGE][PASSED] - Delayed 2 second(s)

2019-01-03 22:12:08 - [TEST_STEP][PASSED] - click: Object: 'Object Repository/Final Object Repo/Landing Page/Select to Workflow Listing' is clicked on

2019-01-03 22:12:09 - [MESSAGE][PASSED] - Object: 'Object Repository/Final Object Repo/Landing Page/Select to Workflow Listing' is clicked on

2019-01-03 22:12:09 - [TEST_STEP][PASSED] - delay: Delayed 2 second(s)

2019-01-03 22:12:11 - [MESSAGE][PASSED] - Delayed 2 second(s)

2019-01-03 22:12:11 - [TEST_STEP][PASSED] - click: Object: 'Object Repository/Final Object Repo/WorkFlow Listing Page/Search Information - To Put Ref No' is clicked on

2019-01-03 22:12:11 - [MESSAGE][PASSED] - Object: 'Object Repository/Final Object Repo/WorkFlow Listing Page/Search Information - To Put Ref No' is clicked on

2019-01-03 22:12:11 - [TEST_STEP][PASSED] - delay: Delayed 2 second(s)

2019-01-03 22:12:13 - [MESSAGE][PASSED] - Delayed 2 second(s)

2019-01-03 22:12:13 - [TEST_STEP][PASSED] - callTestCase: Call Test Case 'Test Cases/Final Aug 2018 - PKS Automation/Common/Reference Number Getter' successfully

2019-01-03 22:12:13 - [TEST_CASE][PASSED] - Test Cases/Final Aug 2018 - PKS Automation/Common/Reference Number Getter: Test Cases/Final Aug 2018 - PKS Automation/Common/Reference Number Getter

2019-01-03 22:12:13 - [TEST_STEP][PASSED] - Statement - Try: null

2019-01-03 22:12:13 - [TEST_STEP][PASSED] - Statement - RefNo = new java.io.File(C://Users//Admin//Desktop//PKS//Automation Reference Point//KatalonReference.txt): null

2019-01-03 22:12:13 - [TEST_STEP][PASSED] - Statement - bufferread = new java.io.BufferedReader(new java.io.FileReader(RefNo)): null

2019-01-03 22:12:13 - [TEST_STEP][PASSED] - Statement - readedVal = bufferread.readLine(): null

2019-01-03 22:12:13 - [TEST_STEP][PASSED] - Statement - out.println(CaseReferenceNo): null

2019-01-03 22:12:13 - [TEST_STEP][PASSED] - Statement - out.println(readedVal): null

2019-01-03 22:12:13 - [TEST_STEP][PASSED] - Statement - CaseReferenceNo = "": null

2019-01-03 22:12:13 - [TEST_STEP][PASSED] - Statement - CaseReferenceNo = readedVal: null

2019-01-03 22:12:13 - [MESSAGE][PASSED] - Call Test Case 'Test Cases/Final Aug 2018 - PKS Automation/Common/Reference Number Getter' successfully

2019-01-03 22:12:13 - [TEST_STEP][PASSED] - setText: Text 'CUN012019C100006173' is set on object 'Object Repository/Final Object Repo/WorkFlow Listing Page/Ref No Set Text'

2019-01-03 22:12:14 - [MESSAGE][PASSED] - Text 'CUN012019C100006173' is set on object 'Object Repository/Final Object Repo/WorkFlow Listing Page/Ref No Set Text'

2019-01-03 22:12:14 - [TEST_STEP][PASSED] - delay: Delayed 2 second(s)

2019-01-03 22:12:16 - [MESSAGE][PASSED] - Delayed 2 second(s)

2019-01-03 22:12:16 - [TEST_STEP][PASSED] - click: Object: 'Object Repository/Final Object Repo/WorkFlow Listing Page/Search Ref No Search Button' is clicked on

2019-01-03 22:12:16 - [MESSAGE][PASSED] - Object: 'Object Repository/Final Object Repo/WorkFlow Listing Page/Search Ref No Search Button' is clicked on

2019-01-03 22:12:16 - [TEST_STEP][PASSED] - delay: Delayed 6 second(s)

2019-01-03 22:12:22 - [MESSAGE][PASSED] - Delayed 6 second(s)

2019-01-03 22:12:22 - [TEST_STEP][PASSED] - click: Object: 'Object Repository/Final Object Repo/WorkFlow Listing Page/Click Continue Tooltip' is clicked on

2019-01-03 22:12:23 - [MESSAGE][PASSED] - Object: 'Object Repository/Final Object Repo/WorkFlow Listing Page/Click Continue Tooltip' is clicked on

2019-01-03 22:12:23 - [TEST_STEP][PASSED] - delay: Delayed 5 second(s)

2019-01-03 22:12:28 - [MESSAGE][PASSED] - Delayed 5 second(s)

2019-01-03 22:12:28 - [TEST_STEP][PASSED] - doubleClick: Object: 'Object Repository/Final Object Repo/WorkFlow Listing Page/Workflow Found - Listing 1' is double clicked on

2019-01-03 22:12:28 - [MESSAGE][PASSED] - Object: 'Object Repository/Final Object Repo/WorkFlow Listing Page/Workflow Found - Listing 1' is double clicked on

2019-01-03 22:12:28 - [TEST_STEP][PASSED] - Statement - println(OwnerID): null

2019-01-03 22:12:28 - [TEST_STEP][PASSED] - Statement - OwnerID = com.kms.katalon.core.webui.keyword.WebUiBuiltInKeywords.getText(com.kms.katalon.core.testobject.ObjectRepository.findTestObject(Final Object Repo/WorkFlow Listing Page/Workflow Found - Listing 1), STOP_ON_FAILURE): Text of object 'Object Repository/Final Object Repo/WorkFlow Listing Page/Workflow Found - Listing 1' is: 'JOHORuo2'

2019-01-03 22:12:28 - [MESSAGE][PASSED] - Text of object 'Object Repository/Final Object Repo/WorkFlow Listing Page/Workflow Found - Listing 1' is: 'JOHORuo2'

2019-01-03 22:12:28 - [TEST_STEP][PASSED] - Statement - OwnerID = OwnerID.toLowerCase() + "@gmail.com": null

2019-01-03 22:12:28 - [TEST_STEP][PASSED] - Statement - println(OwnerID): null

2019-01-03 22:12:28 - [TEST_STEP][PASSED] - delay: Delayed 2 second(s)

2019-01-03 22:12:30 - [MESSAGE][PASSED] - Delayed 2 second(s)

2019-01-03 22:12:30 - [MESSAGE][PASSED] - Call Test Case 'Test Cases/Final Aug 2018 - PKS Automation/Common/Workflow Owner Finder' successfully

2019-01-03 22:12:30 - [TEST_STEP][PASSED] - delay: Delayed 2 second(s)

2019-01-03 22:12:32 - [MESSAGE][PASSED] - Delayed 2 second(s)

2019-01-03 22:12:32 - [TEST_STEP][PASSED] - navigateToUrl: Navigate to 'https://assist2-uat.perkeso.gov.my/c/portal/logout' successfully

2019-01-03 22:12:33 - [MESSAGE][PASSED] - Navigate to 'https://assist2-uat.perkeso.gov.my/c/portal/logout' successfully

2019-01-03 22:12:33 - [TEST_STEP][PASSED] - delay: Delayed 2 second(s)

2019-01-03 22:12:35 - [MESSAGE][PASSED] - Delayed 2 second(s)

2019-01-03 22:12:35 - [TEST_STEP][PASSED] - callTestCase: Call Test Case 'Test Cases/Final Aug 2018 - PKS Automation/Registration Module/Workflow/Login and Search Case For Workflow' successfully

2019-01-03 22:12:35 - [TEST_CASE][PASSED] - Test Cases/Final Aug 2018 - PKS Automation/Registration Module/Workflow/Login and Search Case For Workflow: Test Cases/Final Aug 2018 - PKS Automation/Registration Module/Workflow/Login and Search Case For Workflow

2019-01-03 22:12:35 - [TEST_STEP][PASSED] - navigateToUrl: Navigate to 'https://assist2-uat.perkeso.gov.my/login' successfully

2019-01-03 22:12:35 - [MESSAGE][PASSED] - Navigate to 'https://assist2-uat.perkeso.gov.my/login' successfully

2019-01-03 22:12:35 - [TEST_STEP][PASSED] - setText: Text 'johoruo2@gmail.com' is set on object 'Object Repository/Final Object Repo/Login Page/Internal User/Email Address'

2019-01-03 22:12:36 - [MESSAGE][PASSED] - Text 'johoruo2@gmail.com' is set on object 'Object Repository/Final Object Repo/Login Page/Internal User/Email Address'

2019-01-03 22:12:36 - [TEST_STEP][PASSED] - click: Object: 'Object Repository/Final Object Repo/Login Page/Internal User/Next Button' is clicked on

2019-01-03 22:12:36 - [MESSAGE][PASSED] - Object: 'Object Repository/Final Object Repo/Login Page/Internal User/Next Button' is clicked on

2019-01-03 22:12:36 - [TEST_STEP][PASSED] - delay: Delayed 1 second(s)

2019-01-03 22:12:37 - [MESSAGE][PASSED] - Delayed 1 second(s)

2019-01-03 22:12:37 - [TEST_STEP][PASSED] - setEncryptedText: Text ****** has been set on object 'Object Repository/Final Object Repo/Login Page/Internal User/Password'

2019-01-03 22:12:37 - [MESSAGE][PASSED] - Text ****** has been set on object 'Object Repository/Final Object Repo/Login Page/Internal User/Password'

2019-01-03 22:12:37 - [TEST_STEP][PASSED] - click: Object: 'Object Repository/Final Object Repo/Login Page/Internal User/Login Button' is clicked on

2019-01-03 22:12:37 - [MESSAGE][PASSED] - Object: 'Object Repository/Final Object Repo/Login Page/Internal User/Login Button' is clicked on

2019-01-03 22:12:37 - [TEST_STEP][PASSED] - delay: Delayed 2 second(s)

2019-01-03 22:12:39 - [MESSAGE][PASSED] - Delayed 2 second(s)

2019-01-03 22:12:39 - [TEST_STEP][PASSED] - Statement - Try: Delayed 2 second(s)

2019-01-03 22:12:39 - [TEST_STEP][PASSED] - Statement - Checker = false: null

2019-01-03 22:12:39 - [TEST_STEP][PASSED] - Statement - Checker = com.kms.katalon.core.webui.keyword.WebUiBuiltInKeywords.verifyElementHasAttribute(com.kms.katalon.core.testobject.ObjectRepository.findTestObject(Final Object Repo/Landing Page/BM Detecting), "href", 20, OPTIONAL): Object 'Object Repository/Final Object Repo/Landing Page/BM Detecting' has attribute 'href'

2019-01-03 22:12:39 - [MESSAGE][PASSED] - Object 'Object Repository/Final Object Repo/Landing Page/BM Detecting' has attribute 'href'

2019-01-03 22:12:39 - [TEST_STEP][PASSED] - Statement - out.println(Checker): null

2019-01-03 22:12:39 - [TEST_STEP][PASSED] - Statement - If (Checker == false): null

2019-01-03 22:12:39 - [TEST_STEP][PASSED] - Statement - Else: null

2019-01-03 22:12:39 - [TEST_STEP][PASSED] - delay: Delayed 2 second(s)

2019-01-03 22:12:41 - [MESSAGE][PASSED] - Delayed 2 second(s)

2019-01-03 22:12:41 - [TEST_STEP][PASSED] - click: Object: 'Object Repository/Final Object Repo/Page_MyASSIST - ASSIST - Search Pending Case For Add Supporting Document/Search Information' is clicked on

2019-01-03 22:12:42 - [MESSAGE][PASSED] - Object: 'Object Repository/Final Object Repo/Page_MyASSIST - ASSIST - Search Pending Case For Add Supporting Document/Search Information' is clicked on

2019-01-03 22:12:42 - [TEST_STEP][PASSED] - delay: Delayed 3 second(s)

2019-01-03 22:12:45 - [MESSAGE][PASSED] - Delayed 3 second(s)

2019-01-03 22:12:45 - [TEST_STEP][PASSED] - sendKeys: Keys 'CUN012019C100006173' sent to object: 'Object Repository/Final Object Repo/Page_MyASSIST - ASSIST - Search Pending Case For Add Supporting Document/Reference No'

2019-01-03 22:12:45 - [MESSAGE][PASSED] - Keys 'CUN012019C100006173' sent to object: 'Object Repository/Final Object Repo/Page_MyASSIST - ASSIST - Search Pending Case For Add Supporting Document/Reference No'

2019-01-03 22:12:45 - [TEST_STEP][PASSED] - click: Object: 'Object Repository/Final Object Repo/Page_MyASSIST - ASSIST - Search Pending Case For Add Supporting Document/Search Reference No' is clicked on

2019-01-03 22:12:45 - [MESSAGE][PASSED] - Object: 'Object Repository/Final Object Repo/Page_MyASSIST - ASSIST - Search Pending Case For Add Supporting Document/Search Reference No' is clicked on

2019-01-03 22:12:45 - [TEST_STEP][PASSED] - delay: Delayed 2 second(s)

2019-01-03 22:12:47 - [MESSAGE][PASSED] - Delayed 2 second(s)

2019-01-03 22:12:47 - [TEST_STEP][PASSED] - click: Object: 'Object Repository/Final Object Repo/Page_MyASSIST - ASSIST - Search Pending Case For Add Supporting Document/Continue' is clicked on

2019-01-03 22:12:51 - [MESSAGE][PASSED] - Object: 'Object Repository/Final Object Repo/Page_MyASSIST - ASSIST - Search Pending Case For Add Supporting Document/Continue' is clicked on

2019-01-03 22:12:51 - [TEST_STEP][PASSED] - delay: Delayed 20 second(s)

2019-01-03 22:13:11 - [MESSAGE][PASSED] - Delayed 20 second(s)

2019-01-03 22:13:11 - [MESSAGE][PASSED] - Call Test Case 'Test Cases/Final Aug 2018 - PKS Automation/Registration Module/Workflow/Login and Search Case For Workflow' successfully

2019-01-03 22:13:11 - [TEST_STEP][PASSED] - click: Object: 'Object Repository/Final Object Repo/Page_Update Employee Information By Employee/Page_Update Employee Information By Employee (Approve)/Continue' is clicked on

2019-01-03 22:13:14 - [MESSAGE][PASSED] - Object: 'Object Repository/Final Object Repo/Page_Update Employee Information By Employee/Page_Update Employee Information By Employee (Approve)/Continue' is clicked on

2019-01-03 22:13:14 - [TEST_STEP][PASSED] - delay: Delayed 2 second(s)

2019-01-03 22:13:16 - [MESSAGE][PASSED] - Delayed 2 second(s)

2019-01-03 22:13:16 - [TEST_STEP][PASSED] - click: Object: 'Object Repository/Final Object Repo/Page_Update Employee Information By Employer/Page_Update Employee Information by Employer (Approve)/Save  Continue in Update Employee Information Page' is clicked on

2019-01-03 22:13:17 - [MESSAGE][PASSED] - Object: 'Object Repository/Final Object Repo/Page_Update Employee Information By Employer/Page_Update Employee Information by Employer (Approve)/Save  Continue in Update Employee Information Page' is clicked on

2019-01-03 22:13:17 - [TEST_STEP][PASSED] - delay: Delayed 2 second(s)

2019-01-03 22:13:19 - [MESSAGE][PASSED] - Delayed 2 second(s)

2019-01-03 22:13:19 - [TEST_STEP][PASSED] - click: Object: 'Object Repository/Final Object Repo/Page_Update Employee Information By Employer/Page_Update Employee Information by Employer (Approve)/Save  Continue in Upload Supporting Doucument Page' is clicked on

2019-01-03 22:13:20 - [MESSAGE][PASSED] - Object: 'Object Repository/Final Object Repo/Page_Update Employee Information By Employer/Page_Update Employee Information by Employer (Approve)/Save  Continue in Upload Supporting Doucument Page' is clicked on

2019-01-03 22:13:20 - [TEST_STEP][PASSED] - delay: Delayed 2 second(s)

2019-01-03 22:13:22 - [MESSAGE][PASSED] - Delayed 2 second(s)

2019-01-03 22:13:22 - [TEST_STEP][PASSED] - click: Object: 'Object Repository/Final Object Repo/Page_Update Employee Information By Employee/Page_Update Employee Information by Employee (Under enforcement)/Under enforcement' is clicked on

2019-01-03 22:13:24 - [MESSAGE][PASSED] - Object: 'Object Repository/Final Object Repo/Page_Update Employee Information By Employee/Page_Update Employee Information by Employee (Under enforcement)/Under enforcement' is clicked on

2019-01-03 22:13:24 - [TEST_STEP][PASSED] - delay: Delayed 2 second(s)

2019-01-03 22:13:26 - [MESSAGE][PASSED] - Delayed 2 second(s)

2019-01-03 22:13:26 - [TEST_STEP][PASSED] - setText: Text 'remark' is set on object 'Object Repository/Final Object Repo/Page_Update Employee Information By Employee/Page_Update Employee Information by Employee (Under enforcement)/Under enforcement - remark'

2019-01-03 22:13:26 - [MESSAGE][PASSED] - Text 'remark' is set on object 'Object Repository/Final Object Repo/Page_Update Employee Information By Employee/Page_Update Employee Information by Employee (Under enforcement)/Under enforcement - remark'

2019-01-03 22:13:26 - [TEST_STEP][PASSED] - delay: Delayed 2 second(s)

2019-01-03 22:13:28 - [MESSAGE][PASSED] - Delayed 2 second(s)

2019-01-03 22:13:28 - [TEST_STEP][PASSED] - click: Object: 'Object Repository/Final Object Repo/Page_Update Employee Information By Employee/Page_Update Employee Information by Employee (Under enforcement)/Save  Continue in Under enforcement Page' is clicked on

2019-01-03 22:13:28 - [MESSAGE][PASSED] - Object: 'Object Repository/Final Object Repo/Page_Update Employee Information By Employee/Page_Update Employee Information by Employee (Under enforcement)/Save  Continue in Under enforcement Page' is clicked on

2019-01-03 22:13:28 - [TEST_STEP][PASSED] - click: Object: 'Object Repository/Final Object Repo/Page_Update Employee Information By Employee/Page_Update Employee Information by Employee (Under enforcement)/Message The case is under enforcement' is clicked on

2019-01-03 22:13:32 - [MESSAGE][PASSED] - Object: 'Object Repository/Final Object Repo/Page_Update Employee Information By Employee/Page_Update Employee Information by Employee (Under enforcement)/Message The case is under enforcement' is clicked on

2019-01-03 22:13:32 - [MESSAGE][PASSED] - Call Test Case 'Test Cases/Final Aug 2018 - PKS Automation/Registration Module/Workflow/Update Employee Information (Employee)/Template/Update Employee Information - Special Case - UO (Under enforcement)' successfully]]></system-out>
         <system-err><![CDATA[]]></system-err>
      </testcase>
      <testcase name="Test Cases/Final Aug 2018 - PKS Automation/Registration Module/Workflow/Update Employee Information (Employee)/PKRBO to UO (Approve)" classname="Test Cases/Final Aug 2018 - PKS Automation/Registration Module/Workflow/Update Employee Information (Employee)/PKRBO to UO (Approve)" status="PASSED">
         <system-out><![CDATA[2019-01-03 22:13:32 - [TEST_CASE][PASSED] - Test Cases/Final Aug 2018 - PKS Automation/Registration Module/Workflow/Update Employee Information (Employee)/PKRBO to UO (Approve): Test Cases/Final Aug 2018 - PKS Automation/Registration Module/Workflow/Update Employee Information (Employee)/PKRBO to UO (Approve)

2019-01-03 22:13:32 - [TEST_STEP][PASSED] - callTestCase: Call Test Case 'Test Cases/Final Aug 2018 - PKS Automation/Registration Module/Workflow/Update Employee Information (Employee)/Template/Update Employee Information - Special Case (PKRBO)' successfully

2019-01-03 22:13:32 - [TEST_CASE][PASSED] - Test Cases/Final Aug 2018 - PKS Automation/Registration Module/Workflow/Update Employee Information (Employee)/Template/Update Employee Information - Special Case (PKRBO): Test Cases/Final Aug 2018 - PKS Automation/Registration Module/Workflow/Update Employee Information (Employee)/Template/Update Employee Information - Special Case (PKRBO)

2019-01-03 22:13:32 - [TEST_STEP][PASSED] - openBrowser: Browser is opened with url: ''

2019-01-03 22:13:32 - [MESSAGE][WARNING] - A browser is already opened. Closing browser and opening a new one

2019-01-03 22:13:36 - [MESSAGE][PASSED] - Browser is opened with url: ''

2019-01-03 22:13:36 - [TEST_STEP][PASSED] - navigateToUrl: Navigate to 'https://assist2-uat.perkeso.gov.my/login' successfully

2019-01-03 22:13:37 - [MESSAGE][PASSED] - Navigate to 'https://assist2-uat.perkeso.gov.my/login' successfully

2019-01-03 22:13:37 - [TEST_STEP][PASSED] - setText: Text 'johorotc1@gmail.com' is set on object 'Object Repository/Final Object Repo/Login Page/Internal User/Email Address'

2019-01-03 22:13:37 - [MESSAGE][PASSED] - Text 'johorotc1@gmail.com' is set on object 'Object Repository/Final Object Repo/Login Page/Internal User/Email Address'

2019-01-03 22:13:37 - [TEST_STEP][PASSED] - click: Object: 'Object Repository/Final Object Repo/Login Page/Internal User/Next Button' is clicked on

2019-01-03 22:13:37 - [MESSAGE][PASSED] - Object: 'Object Repository/Final Object Repo/Login Page/Internal User/Next Button' is clicked on

2019-01-03 22:13:37 - [TEST_STEP][PASSED] - delay: Delayed 1 second(s)

2019-01-03 22:13:38 - [MESSAGE][PASSED] - Delayed 1 second(s)

2019-01-03 22:13:38 - [TEST_STEP][PASSED] - setEncryptedText: Text ****** has been set on object 'Object Repository/Final Object Repo/Login Page/Internal User/Password'

2019-01-03 22:13:39 - [MESSAGE][PASSED] - Text ****** has been set on object 'Object Repository/Final Object Repo/Login Page/Internal User/Password'

2019-01-03 22:13:39 - [TEST_STEP][PASSED] - click: Object: 'Object Repository/Final Object Repo/Login Page/Internal User/Login Button' is clicked on

2019-01-03 22:13:39 - [MESSAGE][PASSED] - Object: 'Object Repository/Final Object Repo/Login Page/Internal User/Login Button' is clicked on

2019-01-03 22:13:39 - [TEST_STEP][PASSED] - Statement - tester = com.kms.katalon.core.testobject.ObjectRepository.findTestObject(Final Object Repo/Landing Page/Select to English): Finding Test Object with id 'Object Repository/Final Object Repo/Landing Page/Select to English'

2019-01-03 22:13:39 - [TEST_STEP][PASSED] - Statement - Try: Delayed 2 second(s)

2019-01-03 22:13:39 - [TEST_STEP][PASSED] - Statement - Checker = com.kms.katalon.core.webui.keyword.WebUiBuiltInKeywords.verifyElementNotPresent(tester, 3): Web element with id: 'Object Repository/Final Object Repo/Landing Page/Select to English' located by 'By.xpath: //a[@class = 'taglib-language-list-text' and @lang = 'en-US' and (contains(text(), 'EN') or contains(., 'EN'))]' is not present after '3' second(s)

2019-01-03 22:13:41 - [MESSAGE][PASSED] - Web element with id: 'Object Repository/Final Object Repo/Landing Page/Select to English' located by 'By.xpath: //a[@class = 'taglib-language-list-text' and @lang = 'en-US' and (contains(text(), 'EN') or contains(., 'EN'))]' is not present after '3' second(s)

2019-01-03 22:13:41 - [TEST_STEP][PASSED] - Statement - If (Checker == false): null

2019-01-03 22:13:41 - [TEST_STEP][PASSED] - delay: Delayed 2 second(s)

2019-01-03 22:13:43 - [MESSAGE][PASSED] - Delayed 2 second(s)

2019-01-03 22:13:43 - [TEST_STEP][PASSED] - delay: Delayed 5 second(s)

2019-01-03 22:13:48 - [MESSAGE][PASSED] - Delayed 5 second(s)

2019-01-03 22:13:48 - [TEST_STEP][PASSED] - navigateToUrl: Navigate to 'https://assist2-uat.perkeso.gov.my/web/registration/update/update-employee-information-employee-' successfully

2019-01-03 22:13:49 - [MESSAGE][PASSED] - Navigate to 'https://assist2-uat.perkeso.gov.my/web/registration/update/update-employee-information-employee-' successfully

2019-01-03 22:13:49 - [TEST_STEP][PASSED] - click: Object: 'Object Repository/Final Object Repo/Page_Update Employee Information By Employee/Type of Identification' is clicked on

2019-01-03 22:13:49 - [MESSAGE][PASSED] - Object: 'Object Repository/Final Object Repo/Page_Update Employee Information By Employee/Type of Identification' is clicked on

2019-01-03 22:13:49 - [TEST_STEP][PASSED] - click: Object: 'Object Repository/Final Object Repo/Page Update Employee Information By Employee/Type of Identification - Name' is clicked on

2019-01-03 22:13:49 - [MESSAGE][PASSED] - Object: 'Object Repository/Final Object Repo/Page Update Employee Information By Employee/Type of Identification - Name' is clicked on

2019-01-03 22:13:49 - [TEST_STEP][PASSED] - setText: Text 'YUKI JR B' is set on object 'Object Repository/Final Object Repo/Page_Update Employee Information By Employee/New Identification'

2019-01-03 22:13:49 - [MESSAGE][PASSED] - Text 'YUKI JR B' is set on object 'Object Repository/Final Object Repo/Page_Update Employee Information By Employee/New Identification'

2019-01-03 22:13:49 - [TEST_STEP][PASSED] - click: Object: 'Object Repository/Final Object Repo/Page_Update Employee Information By Employee/Search Button' is clicked on

2019-01-03 22:13:49 - [MESSAGE][PASSED] - Object: 'Object Repository/Final Object Repo/Page_Update Employee Information By Employee/Search Button' is clicked on

2019-01-03 22:13:49 - [TEST_STEP][PASSED] - click: Object: 'Object Repository/Final Object Repo/Page_Update Employee Information By Employee/Edit Button' is clicked on

2019-01-03 22:13:54 - [MESSAGE][PASSED] - Object: 'Object Repository/Final Object Repo/Page_Update Employee Information By Employee/Edit Button' is clicked on

2019-01-03 22:13:54 - [TEST_STEP][PASSED] - delay: Delayed 2 second(s)

2019-01-03 22:13:56 - [MESSAGE][PASSED] - Delayed 2 second(s)

2019-01-03 22:13:56 - [TEST_STEP][PASSED] - click: Object: 'Object Repository/Final Object Repo/Page_Update Employee Information By Employee/Employee Information Edit Button' is clicked on

2019-01-03 22:13:56 - [MESSAGE][PASSED] - Object: 'Object Repository/Final Object Repo/Page_Update Employee Information By Employee/Employee Information Edit Button' is clicked on

2019-01-03 22:13:56 - [TEST_STEP][PASSED] - delay: Delayed 2 second(s)

2019-01-03 22:13:58 - [MESSAGE][PASSED] - Delayed 2 second(s)

2019-01-03 22:13:58 - [TEST_STEP][PASSED] - click: Object: 'Object Repository/Final Object Repo/Page_Update Employee Information By Employee/New Identification Number' is clicked on

2019-01-03 22:13:58 - [MESSAGE][PASSED] - Object: 'Object Repository/Final Object Repo/Page_Update Employee Information By Employee/New Identification Number' is clicked on

2019-01-03 22:13:58 - [TEST_STEP][PASSED] - setText: Text '' is set on object 'Object Repository/Final Object Repo/Page_Update Employee Information By Employee/New Identification Number'

2019-01-03 22:13:58 - [MESSAGE][PASSED] - Text '' is set on object 'Object Repository/Final Object Repo/Page_Update Employee Information By Employee/New Identification Number'

2019-01-03 22:13:58 - [TEST_STEP][PASSED] - Statement - rnd = new java.util.Random(): null

2019-01-03 22:13:58 - [TEST_STEP][PASSED] - Statement - snum = rnd.nextInt(899999 + 1) + 100000: null

2019-01-03 22:13:58 - [TEST_STEP][PASSED] - Statement - tnum = rnd.nextInt(899999 + 1) + 100000: null

2019-01-03 22:13:58 - [TEST_STEP][PASSED] - Statement - IC = java.lang.Integer.toString(snum) + java.lang.Integer.toString(tnum): null

2019-01-03 22:13:58 - [TEST_STEP][PASSED] - Statement - out.println(IC): null

2019-01-03 22:13:58 - [TEST_STEP][PASSED] - setText: Text '843097685385' is set on object 'Object Repository/Final Object Repo/Page_Update Employee Information By Employee/New Identification Number'

2019-01-03 22:13:59 - [MESSAGE][PASSED] - Text '843097685385' is set on object 'Object Repository/Final Object Repo/Page_Update Employee Information By Employee/New Identification Number'

2019-01-03 22:13:59 - [TEST_STEP][PASSED] - delay: Delayed 5 second(s)

2019-01-03 22:14:04 - [MESSAGE][PASSED] - Delayed 5 second(s)

2019-01-03 22:14:04 - [TEST_STEP][PASSED] - click: Object: 'Object Repository/Final Object Repo/Page_Update Employee Information By Employee/Save' is clicked on

2019-01-03 22:14:04 - [MESSAGE][PASSED] - Object: 'Object Repository/Final Object Repo/Page_Update Employee Information By Employee/Save' is clicked on

2019-01-03 22:14:04 - [TEST_STEP][PASSED] - delay: Delayed 5 second(s)

2019-01-03 22:14:09 - [MESSAGE][PASSED] - Delayed 5 second(s)

2019-01-03 22:14:09 - [TEST_STEP][PASSED] - click: Object: 'Object Repository/Final Object Repo/Page_Update Employee Information By Employee/Save  Continue in Update Employee Information' is clicked on

2019-01-03 22:14:09 - [MESSAGE][PASSED] - Object: 'Object Repository/Final Object Repo/Page_Update Employee Information By Employee/Save  Continue in Update Employee Information' is clicked on

2019-01-03 22:14:09 - [TEST_STEP][PASSED] - delay: Delayed 5 second(s)

2019-01-03 22:14:14 - [MESSAGE][PASSED] - Delayed 5 second(s)

2019-01-03 22:14:14 - [TEST_STEP][PASSED] - click: Object: 'Object Repository/Final Object Repo/Page_Update Employee Information By Employee/Save  Continue in Uploading Page' is clicked on

2019-01-03 22:14:14 - [MESSAGE][PASSED] - Object: 'Object Repository/Final Object Repo/Page_Update Employee Information By Employee/Save  Continue in Uploading Page' is clicked on

2019-01-03 22:14:14 - [TEST_STEP][PASSED] - delay: Delayed 2 second(s)

2019-01-03 22:14:16 - [MESSAGE][PASSED] - Delayed 2 second(s)

2019-01-03 22:14:16 - [TEST_STEP][PASSED] - Statement - CaseReferenceNo = com.kms.katalon.core.webui.keyword.WebUiBuiltInKeywords.getText(com.kms.katalon.core.testobject.ObjectRepository.findTestObject(Final Object Repo/Page_Update Employer Information/Reference Number in Update Employee Information Page)): Text of object 'Object Repository/Final Object Repo/Page_Update Employer Information/Reference Number in Update Employee Information Page' is: 'CUN012019C100006174'

2019-01-03 22:14:18 - [MESSAGE][PASSED] - Text of object 'Object Repository/Final Object Repo/Page_Update Employer Information/Reference Number in Update Employee Information Page' is: 'CUN012019C100006174'

2019-01-03 22:14:18 - [TEST_STEP][PASSED] - callTestCase: Call Test Case 'Test Cases/Final Aug 2018 - PKS Automation/Common/Reference Number Setter' successfully

2019-01-03 22:14:18 - [TEST_CASE][PASSED] - Test Cases/Final Aug 2018 - PKS Automation/Common/Reference Number Setter: Test Cases/Final Aug 2018 - PKS Automation/Common/Reference Number Setter

2019-01-03 22:14:18 - [TEST_STEP][PASSED] - Statement - RefNoOldFile = new java.io.File(C://Users//Admin//Desktop//PKS//Automation Reference Point//KatalonReference.txt): null

2019-01-03 22:14:18 - [TEST_STEP][PASSED] - Statement - RefNoOldFile.delete(): null

2019-01-03 22:14:18 - [TEST_STEP][PASSED] - delay: Delayed 5 second(s)

2019-01-03 22:14:23 - [MESSAGE][PASSED] - Delayed 5 second(s)

2019-01-03 22:14:23 - [TEST_STEP][PASSED] - Statement - RefNo = new java.io.File(C://Users//Admin//Desktop//PKS//Automation Reference Point//KatalonReference.txt): null

2019-01-03 22:14:23 - [TEST_STEP][PASSED] - Statement - f2 = new java.io.FileWriter(RefNo, false): null

2019-01-03 22:14:23 - [TEST_STEP][PASSED] - Statement - f2.write(CaseReferenceNo): null

2019-01-03 22:14:23 - [TEST_STEP][PASSED] - Statement - f2.close(): null

2019-01-03 22:14:23 - [TEST_STEP][PASSED] - Statement - out.println("


" + CaseReferenceNo + "


"): null

2019-01-03 22:14:23 - [MESSAGE][PASSED] - Call Test Case 'Test Cases/Final Aug 2018 - PKS Automation/Common/Reference Number Setter' successfully

2019-01-03 22:14:23 - [TEST_STEP][PASSED] - delay: Delayed 2 second(s)

2019-01-03 22:14:25 - [MESSAGE][PASSED] - Delayed 2 second(s)

2019-01-03 22:14:25 - [TEST_STEP][PASSED] - click: Object: 'Object Repository/Final Object Repo/Page_Update Employee Information By Employee/Submit' is clicked on

2019-01-03 22:14:25 - [MESSAGE][PASSED] - Object: 'Object Repository/Final Object Repo/Page_Update Employee Information By Employee/Submit' is clicked on

2019-01-03 22:14:25 - [TEST_STEP][PASSED] - delay: Delayed 2 second(s)

2019-01-03 22:14:27 - [MESSAGE][PASSED] - Delayed 2 second(s)

2019-01-03 22:14:27 - [TEST_STEP][PASSED] - click: Object: 'Object Repository/Final Object Repo/Page_Update Employee Information By Employee/Confirm Button' is clicked on

2019-01-03 22:14:27 - [MESSAGE][PASSED] - Object: 'Object Repository/Final Object Repo/Page_Update Employee Information By Employee/Confirm Button' is clicked on

2019-01-03 22:14:27 - [TEST_STEP][PASSED] - delay: Delayed 2 second(s)

2019-01-03 22:14:29 - [MESSAGE][PASSED] - Delayed 2 second(s)

2019-01-03 22:14:29 - [TEST_STEP][PASSED] - click: Object: 'Object Repository/Final Object Repo/Page_Update Employee Information By Employee/Successful Message Routed to UO' is clicked on

2019-01-03 22:14:31 - [MESSAGE][PASSED] - Object: 'Object Repository/Final Object Repo/Page_Update Employee Information By Employee/Successful Message Routed to UO' is clicked on

2019-01-03 22:14:31 - [MESSAGE][PASSED] - Call Test Case 'Test Cases/Final Aug 2018 - PKS Automation/Registration Module/Workflow/Update Employee Information (Employee)/Template/Update Employee Information - Special Case (PKRBO)' successfully

2019-01-03 22:14:31 - [TEST_STEP][PASSED] - callTestCase: Call Test Case 'Test Cases/Final Aug 2018 - PKS Automation/Registration Module/Workflow/Update Employee Information (Employee)/Template/Update Employee Information - Special Case - UO (Approve)' successfully

2019-01-03 22:14:31 - [TEST_CASE][PASSED] - Test Cases/Final Aug 2018 - PKS Automation/Registration Module/Workflow/Update Employee Information (Employee)/Template/Update Employee Information - Special Case - UO (Approve): Test Cases/Final Aug 2018 - PKS Automation/Registration Module/Workflow/Update Employee Information (Employee)/Template/Update Employee Information - Special Case - UO (Approve)

2019-01-03 22:14:31 - [TEST_STEP][NOT_RUN] - callTestCase: NOT_RUN: callTestCase

2019-01-03 22:14:31 - [MESSAGE][NOT_RUN] - NOT_RUN: callTestCase

2019-01-03 22:14:31 - [TEST_STEP][PASSED] - delay: Delayed 2 second(s)

2019-01-03 22:14:33 - [MESSAGE][PASSED] - Delayed 2 second(s)

2019-01-03 22:14:33 - [TEST_STEP][PASSED] - navigateToUrl: Navigate to 'https://assist2-uat.perkeso.gov.my/c/portal/logout' successfully

2019-01-03 22:14:34 - [MESSAGE][PASSED] - Navigate to 'https://assist2-uat.perkeso.gov.my/c/portal/logout' successfully

2019-01-03 22:14:34 - [TEST_STEP][PASSED] - delay: Delayed 2 second(s)

2019-01-03 22:14:36 - [MESSAGE][PASSED] - Delayed 2 second(s)

2019-01-03 22:14:36 - [TEST_STEP][PASSED] - callTestCase: Call Test Case 'Test Cases/Final Aug 2018 - PKS Automation/Common/Reference Number Getter' successfully

2019-01-03 22:14:36 - [TEST_CASE][PASSED] - Test Cases/Final Aug 2018 - PKS Automation/Common/Reference Number Getter: Test Cases/Final Aug 2018 - PKS Automation/Common/Reference Number Getter

2019-01-03 22:14:36 - [TEST_STEP][PASSED] - Statement - Try: null

2019-01-03 22:14:36 - [TEST_STEP][PASSED] - Statement - RefNo = new java.io.File(C://Users//Admin//Desktop//PKS//Automation Reference Point//KatalonReference.txt): null

2019-01-03 22:14:36 - [TEST_STEP][PASSED] - Statement - bufferread = new java.io.BufferedReader(new java.io.FileReader(RefNo)): null

2019-01-03 22:14:36 - [TEST_STEP][PASSED] - Statement - readedVal = bufferread.readLine(): null

2019-01-03 22:14:36 - [TEST_STEP][PASSED] - Statement - out.println(CaseReferenceNo): null

2019-01-03 22:14:36 - [TEST_STEP][PASSED] - Statement - out.println(readedVal): null

2019-01-03 22:14:36 - [TEST_STEP][PASSED] - Statement - CaseReferenceNo = "": null

2019-01-03 22:14:36 - [TEST_STEP][PASSED] - Statement - CaseReferenceNo = readedVal: null

2019-01-03 22:14:36 - [MESSAGE][PASSED] - Call Test Case 'Test Cases/Final Aug 2018 - PKS Automation/Common/Reference Number Getter' successfully

2019-01-03 22:14:36 - [TEST_STEP][PASSED] - callTestCase: Call Test Case 'Test Cases/Final Aug 2018 - PKS Automation/Common/Workflow Owner Finder' successfully

2019-01-03 22:14:36 - [TEST_CASE][PASSED] - Test Cases/Final Aug 2018 - PKS Automation/Common/Workflow Owner Finder: Test Cases/Final Aug 2018 - PKS Automation/Common/Workflow Owner Finder

2019-01-03 22:14:36 - [TEST_STEP][PASSED] - openBrowser: Browser is opened with url: ''

2019-01-03 22:14:36 - [MESSAGE][WARNING] - A browser is already opened. Closing browser and opening a new one

2019-01-03 22:14:40 - [MESSAGE][PASSED] - Browser is opened with url: ''

2019-01-03 22:14:40 - [TEST_STEP][PASSED] - navigateToUrl: Navigate to 'https://assist2-uat.perkeso.gov.my/login' successfully

2019-01-03 22:14:41 - [MESSAGE][PASSED] - Navigate to 'https://assist2-uat.perkeso.gov.my/login' successfully

2019-01-03 22:14:41 - [TEST_STEP][PASSED] - delay: Delayed 5 second(s)

2019-01-03 22:14:46 - [MESSAGE][PASSED] - Delayed 5 second(s)

2019-01-03 22:14:46 - [TEST_STEP][PASSED] - setText: Text 'test@liferay.com' is set on object 'Object Repository/Final Object Repo/Login Page/Internal User/Email Address'

2019-01-03 22:14:46 - [MESSAGE][PASSED] - Text 'test@liferay.com' is set on object 'Object Repository/Final Object Repo/Login Page/Internal User/Email Address'

2019-01-03 22:14:46 - [TEST_STEP][PASSED] - click: Object: 'Object Repository/Final Object Repo/Login Page/Internal User/Next Button' is clicked on

2019-01-03 22:14:46 - [MESSAGE][PASSED] - Object: 'Object Repository/Final Object Repo/Login Page/Internal User/Next Button' is clicked on

2019-01-03 22:14:46 - [TEST_STEP][PASSED] - delay: Delayed 2 second(s)

2019-01-03 22:14:48 - [MESSAGE][PASSED] - Delayed 2 second(s)

2019-01-03 22:14:48 - [TEST_STEP][PASSED] - setText: Text 'test' is set on object 'Object Repository/Final Object Repo/Login Page/Internal User/Password'

2019-01-03 22:14:48 - [MESSAGE][PASSED] - Text 'test' is set on object 'Object Repository/Final Object Repo/Login Page/Internal User/Password'

2019-01-03 22:14:48 - [TEST_STEP][PASSED] - delay: Delayed 2 second(s)

2019-01-03 22:14:50 - [MESSAGE][PASSED] - Delayed 2 second(s)

2019-01-03 22:14:50 - [TEST_STEP][PASSED] - click: Object: 'Object Repository/Final Object Repo/Login Page/Internal User/Login Button' is clicked on

2019-01-03 22:14:50 - [MESSAGE][PASSED] - Object: 'Object Repository/Final Object Repo/Login Page/Internal User/Login Button' is clicked on

2019-01-03 22:14:50 - [TEST_STEP][PASSED] - Statement - tester = com.kms.katalon.core.testobject.ObjectRepository.findTestObject(Final Object Repo/Landing Page/Select to English): Finding Test Object with id 'Object Repository/Final Object Repo/Landing Page/Select to English'

2019-01-03 22:14:50 - [TEST_STEP][PASSED] - Statement - Try: Delayed 2 second(s)

2019-01-03 22:14:50 - [TEST_STEP][PASSED] - Statement - Checker = com.kms.katalon.core.webui.keyword.WebUiBuiltInKeywords.verifyElementNotPresent(tester, 3): Web element with id: 'Object Repository/Final Object Repo/Landing Page/Select to English' located by 'By.xpath: //a[@class = 'taglib-language-list-text' and @lang = 'en-US' and (contains(text(), 'EN') or contains(., 'EN'))]' is not present after '3' second(s)

2019-01-03 22:14:52 - [MESSAGE][PASSED] - Web element with id: 'Object Repository/Final Object Repo/Landing Page/Select to English' located by 'By.xpath: //a[@class = 'taglib-language-list-text' and @lang = 'en-US' and (contains(text(), 'EN') or contains(., 'EN'))]' is not present after '3' second(s)

2019-01-03 22:14:52 - [TEST_STEP][PASSED] - Statement - If (Checker == false): null

2019-01-03 22:14:52 - [TEST_STEP][PASSED] - delay: Delayed 2 second(s)

2019-01-03 22:14:54 - [MESSAGE][PASSED] - Delayed 2 second(s)

2019-01-03 22:14:54 - [TEST_STEP][PASSED] - delay: Delayed 5 second(s)

2019-01-03 22:14:59 - [MESSAGE][PASSED] - Delayed 5 second(s)

2019-01-03 22:14:59 - [TEST_STEP][PASSED] - mouseOver: Object: 'Object Repository/Final Object Repo/Landing Page/WorkFlow Menu' is hovered

2019-01-03 22:14:59 - [MESSAGE][PASSED] - Object: 'Object Repository/Final Object Repo/Landing Page/WorkFlow Menu' is hovered

2019-01-03 22:14:59 - [TEST_STEP][PASSED] - delay: Delayed 2 second(s)

2019-01-03 22:15:01 - [MESSAGE][PASSED] - Delayed 2 second(s)

2019-01-03 22:15:01 - [TEST_STEP][PASSED] - click: Object: 'Object Repository/Final Object Repo/Landing Page/Select to Workflow Listing' is clicked on

2019-01-03 22:15:02 - [MESSAGE][PASSED] - Object: 'Object Repository/Final Object Repo/Landing Page/Select to Workflow Listing' is clicked on

2019-01-03 22:15:02 - [TEST_STEP][PASSED] - delay: Delayed 2 second(s)

2019-01-03 22:15:04 - [MESSAGE][PASSED] - Delayed 2 second(s)

2019-01-03 22:15:04 - [TEST_STEP][PASSED] - click: Object: 'Object Repository/Final Object Repo/WorkFlow Listing Page/Search Information - To Put Ref No' is clicked on

2019-01-03 22:15:05 - [MESSAGE][PASSED] - Object: 'Object Repository/Final Object Repo/WorkFlow Listing Page/Search Information - To Put Ref No' is clicked on

2019-01-03 22:15:05 - [TEST_STEP][PASSED] - delay: Delayed 2 second(s)

2019-01-03 22:15:07 - [MESSAGE][PASSED] - Delayed 2 second(s)

2019-01-03 22:15:07 - [TEST_STEP][PASSED] - callTestCase: Call Test Case 'Test Cases/Final Aug 2018 - PKS Automation/Common/Reference Number Getter' successfully

2019-01-03 22:15:07 - [TEST_CASE][PASSED] - Test Cases/Final Aug 2018 - PKS Automation/Common/Reference Number Getter: Test Cases/Final Aug 2018 - PKS Automation/Common/Reference Number Getter

2019-01-03 22:15:07 - [TEST_STEP][PASSED] - Statement - Try: null

2019-01-03 22:15:07 - [TEST_STEP][PASSED] - Statement - RefNo = new java.io.File(C://Users//Admin//Desktop//PKS//Automation Reference Point//KatalonReference.txt): null

2019-01-03 22:15:07 - [TEST_STEP][PASSED] - Statement - bufferread = new java.io.BufferedReader(new java.io.FileReader(RefNo)): null

2019-01-03 22:15:07 - [TEST_STEP][PASSED] - Statement - readedVal = bufferread.readLine(): null

2019-01-03 22:15:07 - [TEST_STEP][PASSED] - Statement - out.println(CaseReferenceNo): null

2019-01-03 22:15:07 - [TEST_STEP][PASSED] - Statement - out.println(readedVal): null

2019-01-03 22:15:07 - [TEST_STEP][PASSED] - Statement - CaseReferenceNo = "": null

2019-01-03 22:15:07 - [TEST_STEP][PASSED] - Statement - CaseReferenceNo = readedVal: null

2019-01-03 22:15:07 - [MESSAGE][PASSED] - Call Test Case 'Test Cases/Final Aug 2018 - PKS Automation/Common/Reference Number Getter' successfully

2019-01-03 22:15:07 - [TEST_STEP][PASSED] - setText: Text 'CUN012019C100006174' is set on object 'Object Repository/Final Object Repo/WorkFlow Listing Page/Ref No Set Text'

2019-01-03 22:15:07 - [MESSAGE][PASSED] - Text 'CUN012019C100006174' is set on object 'Object Repository/Final Object Repo/WorkFlow Listing Page/Ref No Set Text'

2019-01-03 22:15:07 - [TEST_STEP][PASSED] - delay: Delayed 2 second(s)

2019-01-03 22:15:09 - [MESSAGE][PASSED] - Delayed 2 second(s)

2019-01-03 22:15:09 - [TEST_STEP][PASSED] - click: Object: 'Object Repository/Final Object Repo/WorkFlow Listing Page/Search Ref No Search Button' is clicked on

2019-01-03 22:15:09 - [MESSAGE][PASSED] - Object: 'Object Repository/Final Object Repo/WorkFlow Listing Page/Search Ref No Search Button' is clicked on

2019-01-03 22:15:09 - [TEST_STEP][PASSED] - delay: Delayed 6 second(s)

2019-01-03 22:15:15 - [MESSAGE][PASSED] - Delayed 6 second(s)

2019-01-03 22:15:15 - [TEST_STEP][PASSED] - click: Object: 'Object Repository/Final Object Repo/WorkFlow Listing Page/Click Continue Tooltip' is clicked on

2019-01-03 22:15:16 - [MESSAGE][PASSED] - Object: 'Object Repository/Final Object Repo/WorkFlow Listing Page/Click Continue Tooltip' is clicked on

2019-01-03 22:15:16 - [TEST_STEP][PASSED] - delay: Delayed 5 second(s)

2019-01-03 22:15:21 - [MESSAGE][PASSED] - Delayed 5 second(s)

2019-01-03 22:15:21 - [TEST_STEP][PASSED] - doubleClick: Object: 'Object Repository/Final Object Repo/WorkFlow Listing Page/Workflow Found - Listing 1' is double clicked on

2019-01-03 22:15:21 - [MESSAGE][PASSED] - Object: 'Object Repository/Final Object Repo/WorkFlow Listing Page/Workflow Found - Listing 1' is double clicked on

2019-01-03 22:15:21 - [TEST_STEP][PASSED] - Statement - println(OwnerID): null

2019-01-03 22:15:21 - [TEST_STEP][PASSED] - Statement - OwnerID = com.kms.katalon.core.webui.keyword.WebUiBuiltInKeywords.getText(com.kms.katalon.core.testobject.ObjectRepository.findTestObject(Final Object Repo/WorkFlow Listing Page/Workflow Found - Listing 1), STOP_ON_FAILURE): Text of object 'Object Repository/Final Object Repo/WorkFlow Listing Page/Workflow Found - Listing 1' is: 'JOHORuo3'

2019-01-03 22:15:21 - [MESSAGE][PASSED] - Text of object 'Object Repository/Final Object Repo/WorkFlow Listing Page/Workflow Found - Listing 1' is: 'JOHORuo3'

2019-01-03 22:15:21 - [TEST_STEP][PASSED] - Statement - OwnerID = OwnerID.toLowerCase() + "@gmail.com": null

2019-01-03 22:15:21 - [TEST_STEP][PASSED] - Statement - println(OwnerID): null

2019-01-03 22:15:21 - [TEST_STEP][PASSED] - delay: Delayed 2 second(s)

2019-01-03 22:15:23 - [MESSAGE][PASSED] - Delayed 2 second(s)

2019-01-03 22:15:23 - [MESSAGE][PASSED] - Call Test Case 'Test Cases/Final Aug 2018 - PKS Automation/Common/Workflow Owner Finder' successfully

2019-01-03 22:15:23 - [TEST_STEP][PASSED] - delay: Delayed 2 second(s)

2019-01-03 22:15:25 - [MESSAGE][PASSED] - Delayed 2 second(s)

2019-01-03 22:15:25 - [TEST_STEP][PASSED] - navigateToUrl: Navigate to 'https://assist2-uat.perkeso.gov.my/c/portal/logout' successfully

2019-01-03 22:15:26 - [MESSAGE][PASSED] - Navigate to 'https://assist2-uat.perkeso.gov.my/c/portal/logout' successfully

2019-01-03 22:15:26 - [TEST_STEP][PASSED] - delay: Delayed 2 second(s)

2019-01-03 22:15:28 - [MESSAGE][PASSED] - Delayed 2 second(s)

2019-01-03 22:15:28 - [TEST_STEP][PASSED] - callTestCase: Call Test Case 'Test Cases/Final Aug 2018 - PKS Automation/Registration Module/Workflow/Login and Search Case For Workflow' successfully

2019-01-03 22:15:28 - [TEST_CASE][PASSED] - Test Cases/Final Aug 2018 - PKS Automation/Registration Module/Workflow/Login and Search Case For Workflow: Test Cases/Final Aug 2018 - PKS Automation/Registration Module/Workflow/Login and Search Case For Workflow

2019-01-03 22:15:28 - [TEST_STEP][PASSED] - navigateToUrl: Navigate to 'https://assist2-uat.perkeso.gov.my/login' successfully

2019-01-03 22:15:29 - [MESSAGE][PASSED] - Navigate to 'https://assist2-uat.perkeso.gov.my/login' successfully

2019-01-03 22:15:29 - [TEST_STEP][PASSED] - setText: Text 'johoruo3@gmail.com' is set on object 'Object Repository/Final Object Repo/Login Page/Internal User/Email Address'

2019-01-03 22:15:29 - [MESSAGE][PASSED] - Text 'johoruo3@gmail.com' is set on object 'Object Repository/Final Object Repo/Login Page/Internal User/Email Address'

2019-01-03 22:15:29 - [TEST_STEP][PASSED] - click: Object: 'Object Repository/Final Object Repo/Login Page/Internal User/Next Button' is clicked on

2019-01-03 22:15:29 - [MESSAGE][PASSED] - Object: 'Object Repository/Final Object Repo/Login Page/Internal User/Next Button' is clicked on

2019-01-03 22:15:29 - [TEST_STEP][PASSED] - delay: Delayed 1 second(s)

2019-01-03 22:15:30 - [MESSAGE][PASSED] - Delayed 1 second(s)

2019-01-03 22:15:30 - [TEST_STEP][PASSED] - setEncryptedText: Text ****** has been set on object 'Object Repository/Final Object Repo/Login Page/Internal User/Password'

2019-01-03 22:15:30 - [MESSAGE][PASSED] - Text ****** has been set on object 'Object Repository/Final Object Repo/Login Page/Internal User/Password'

2019-01-03 22:15:30 - [TEST_STEP][PASSED] - click: Object: 'Object Repository/Final Object Repo/Login Page/Internal User/Login Button' is clicked on

2019-01-03 22:15:30 - [MESSAGE][PASSED] - Object: 'Object Repository/Final Object Repo/Login Page/Internal User/Login Button' is clicked on

2019-01-03 22:15:30 - [TEST_STEP][PASSED] - delay: Delayed 2 second(s)

2019-01-03 22:15:32 - [MESSAGE][PASSED] - Delayed 2 second(s)

2019-01-03 22:15:32 - [TEST_STEP][PASSED] - Statement - Try: Delayed 2 second(s)

2019-01-03 22:15:32 - [TEST_STEP][PASSED] - Statement - Checker = false: null

2019-01-03 22:15:32 - [TEST_STEP][PASSED] - Statement - Checker = com.kms.katalon.core.webui.keyword.WebUiBuiltInKeywords.verifyElementHasAttribute(com.kms.katalon.core.testobject.ObjectRepository.findTestObject(Final Object Repo/Landing Page/BM Detecting), "href", 20, OPTIONAL): Object 'Object Repository/Final Object Repo/Landing Page/BM Detecting' has attribute 'href'

2019-01-03 22:15:33 - [MESSAGE][PASSED] - Object 'Object Repository/Final Object Repo/Landing Page/BM Detecting' has attribute 'href'

2019-01-03 22:15:33 - [TEST_STEP][PASSED] - Statement - out.println(Checker): null

2019-01-03 22:15:33 - [TEST_STEP][PASSED] - Statement - If (Checker == false): null

2019-01-03 22:15:33 - [TEST_STEP][PASSED] - Statement - Else: null

2019-01-03 22:15:33 - [TEST_STEP][PASSED] - delay: Delayed 2 second(s)

2019-01-03 22:15:35 - [MESSAGE][PASSED] - Delayed 2 second(s)

2019-01-03 22:15:35 - [TEST_STEP][PASSED] - click: Object: 'Object Repository/Final Object Repo/Page_MyASSIST - ASSIST - Search Pending Case For Add Supporting Document/Search Information' is clicked on

2019-01-03 22:15:35 - [MESSAGE][PASSED] - Object: 'Object Repository/Final Object Repo/Page_MyASSIST - ASSIST - Search Pending Case For Add Supporting Document/Search Information' is clicked on

2019-01-03 22:15:35 - [TEST_STEP][PASSED] - delay: Delayed 3 second(s)

2019-01-03 22:15:38 - [MESSAGE][PASSED] - Delayed 3 second(s)

2019-01-03 22:15:38 - [TEST_STEP][PASSED] - sendKeys: Keys 'CUN012019C100006174' sent to object: 'Object Repository/Final Object Repo/Page_MyASSIST - ASSIST - Search Pending Case For Add Supporting Document/Reference No'

2019-01-03 22:15:38 - [MESSAGE][PASSED] - Keys 'CUN012019C100006174' sent to object: 'Object Repository/Final Object Repo/Page_MyASSIST - ASSIST - Search Pending Case For Add Supporting Document/Reference No'

2019-01-03 22:15:38 - [TEST_STEP][PASSED] - click: Object: 'Object Repository/Final Object Repo/Page_MyASSIST - ASSIST - Search Pending Case For Add Supporting Document/Search Reference No' is clicked on

2019-01-03 22:15:38 - [MESSAGE][PASSED] - Object: 'Object Repository/Final Object Repo/Page_MyASSIST - ASSIST - Search Pending Case For Add Supporting Document/Search Reference No' is clicked on

2019-01-03 22:15:38 - [TEST_STEP][PASSED] - delay: Delayed 2 second(s)

2019-01-03 22:15:40 - [MESSAGE][PASSED] - Delayed 2 second(s)

2019-01-03 22:15:40 - [TEST_STEP][PASSED] - click: Object: 'Object Repository/Final Object Repo/Page_MyASSIST - ASSIST - Search Pending Case For Add Supporting Document/Continue' is clicked on

2019-01-03 22:15:45 - [MESSAGE][PASSED] - Object: 'Object Repository/Final Object Repo/Page_MyASSIST - ASSIST - Search Pending Case For Add Supporting Document/Continue' is clicked on

2019-01-03 22:15:45 - [TEST_STEP][PASSED] - delay: Delayed 20 second(s)

2019-01-03 22:16:05 - [MESSAGE][PASSED] - Delayed 20 second(s)

2019-01-03 22:16:05 - [MESSAGE][PASSED] - Call Test Case 'Test Cases/Final Aug 2018 - PKS Automation/Registration Module/Workflow/Login and Search Case For Workflow' successfully

2019-01-03 22:16:05 - [TEST_STEP][PASSED] - click: Object: 'Object Repository/Final Object Repo/Page_Update Employee Information By Employee/Page_Update Employee Information By Employee (Approve)/Continue' is clicked on

2019-01-03 22:16:08 - [MESSAGE][PASSED] - Object: 'Object Repository/Final Object Repo/Page_Update Employee Information By Employee/Page_Update Employee Information By Employee (Approve)/Continue' is clicked on

2019-01-03 22:16:08 - [TEST_STEP][PASSED] - delay: Delayed 2 second(s)

2019-01-03 22:16:10 - [MESSAGE][PASSED] - Delayed 2 second(s)

2019-01-03 22:16:10 - [TEST_STEP][PASSED] - click: Object: 'Object Repository/Final Object Repo/Page_Update Employee Information By Employee/Page_Update Employee Information By Employee (Approve)/Save  Continue in Update Employee Information Page' is clicked on

2019-01-03 22:16:10 - [MESSAGE][PASSED] - Object: 'Object Repository/Final Object Repo/Page_Update Employee Information By Employee/Page_Update Employee Information By Employee (Approve)/Save  Continue in Update Employee Information Page' is clicked on

2019-01-03 22:16:10 - [TEST_STEP][PASSED] - delay: Delayed 2 second(s)

2019-01-03 22:16:12 - [MESSAGE][PASSED] - Delayed 2 second(s)

2019-01-03 22:16:12 - [TEST_STEP][PASSED] - click: Object: 'Object Repository/Final Object Repo/Page_Update Employee Information By Employee/Page_Update Employee Information By Employee (Approve)/Save  Continue in Upload Supporting Doucument Page' is clicked on

2019-01-03 22:16:13 - [MESSAGE][PASSED] - Object: 'Object Repository/Final Object Repo/Page_Update Employee Information By Employee/Page_Update Employee Information By Employee (Approve)/Save  Continue in Upload Supporting Doucument Page' is clicked on

2019-01-03 22:16:13 - [TEST_STEP][PASSED] - delay: Delayed 2 second(s)

2019-01-03 22:16:15 - [MESSAGE][PASSED] - Delayed 2 second(s)

2019-01-03 22:16:15 - [TEST_STEP][PASSED] - click: Object: 'Object Repository/Final Object Repo/Page_Update Employee Information By Employee/Page_Update Employee Information By Employee (Approve)/Approve' is clicked on

2019-01-03 22:16:17 - [MESSAGE][PASSED] - Object: 'Object Repository/Final Object Repo/Page_Update Employee Information By Employee/Page_Update Employee Information By Employee (Approve)/Approve' is clicked on

2019-01-03 22:16:17 - [TEST_STEP][PASSED] - delay: Delayed 2 second(s)

2019-01-03 22:16:19 - [MESSAGE][PASSED] - Delayed 2 second(s)

2019-01-03 22:16:19 - [TEST_STEP][PASSED] - click: Object: 'Object Repository/Final Object Repo/Page_Update Employee Information By Employee/Page_Update Employee Information By Employee (Approve)/Confirm' is clicked on

2019-01-03 22:16:19 - [MESSAGE][PASSED] - Object: 'Object Repository/Final Object Repo/Page_Update Employee Information By Employee/Page_Update Employee Information By Employee (Approve)/Confirm' is clicked on

2019-01-03 22:16:19 - [TEST_STEP][PASSED] - delay: Delayed 2 second(s)

2019-01-03 22:16:21 - [MESSAGE][PASSED] - Delayed 2 second(s)

2019-01-03 22:16:21 - [TEST_STEP][PASSED] - click: Object: 'Object Repository/Final Object Repo/Page_Update Employee Information By Employee/Page_Update Employee Information By Employee (Approve)/Message Your Request    Update Emp' is clicked on

2019-01-03 22:16:25 - [MESSAGE][PASSED] - Object: 'Object Repository/Final Object Repo/Page_Update Employee Information By Employee/Page_Update Employee Information By Employee (Approve)/Message Your Request    Update Emp' is clicked on

2019-01-03 22:16:25 - [TEST_STEP][PASSED] - click: Object: 'Object Repository/Final Object Repo/Page_Update Employee Information By Employee/Page_Update Employee Information By Employee (Approve)/Letter of successful update' is clicked on

2019-01-03 22:16:26 - [MESSAGE][PASSED] - Object: 'Object Repository/Final Object Repo/Page_Update Employee Information By Employee/Page_Update Employee Information By Employee (Approve)/Letter of successful update' is clicked on

2019-01-03 22:16:26 - [MESSAGE][PASSED] - Call Test Case 'Test Cases/Final Aug 2018 - PKS Automation/Registration Module/Workflow/Update Employee Information (Employee)/Template/Update Employee Information - Special Case - UO (Approve)' successfully]]></system-out>
         <system-err><![CDATA[]]></system-err>
      </testcase>
      <testcase name="Test Cases/Final Aug 2018 - PKS Automation/Registration Module/Workflow/Update Employee Information (Employee)/PKRBO to UO (Query)" classname="Test Cases/Final Aug 2018 - PKS Automation/Registration Module/Workflow/Update Employee Information (Employee)/PKRBO to UO (Query)" status="PASSED">
         <system-out><![CDATA[2019-01-03 22:16:26 - [TEST_CASE][PASSED] - Test Cases/Final Aug 2018 - PKS Automation/Registration Module/Workflow/Update Employee Information (Employee)/PKRBO to UO (Query): Test Cases/Final Aug 2018 - PKS Automation/Registration Module/Workflow/Update Employee Information (Employee)/PKRBO to UO (Query)

2019-01-03 22:16:26 - [TEST_STEP][PASSED] - callTestCase: Call Test Case 'Test Cases/Final Aug 2018 - PKS Automation/Registration Module/Workflow/Update Employee Information (Employee)/Template/Update Employee Information - Special Case (PKRBO)' successfully

2019-01-03 22:16:26 - [TEST_CASE][PASSED] - Test Cases/Final Aug 2018 - PKS Automation/Registration Module/Workflow/Update Employee Information (Employee)/Template/Update Employee Information - Special Case (PKRBO): Test Cases/Final Aug 2018 - PKS Automation/Registration Module/Workflow/Update Employee Information (Employee)/Template/Update Employee Information - Special Case (PKRBO)

2019-01-03 22:16:26 - [TEST_STEP][PASSED] - openBrowser: Browser is opened with url: ''

2019-01-03 22:16:26 - [MESSAGE][WARNING] - A browser is already opened. Closing browser and opening a new one

2019-01-03 22:16:30 - [MESSAGE][PASSED] - Browser is opened with url: ''

2019-01-03 22:16:30 - [TEST_STEP][PASSED] - navigateToUrl: Navigate to 'https://assist2-uat.perkeso.gov.my/login' successfully

2019-01-03 22:16:31 - [MESSAGE][PASSED] - Navigate to 'https://assist2-uat.perkeso.gov.my/login' successfully

2019-01-03 22:16:31 - [TEST_STEP][PASSED] - setText: Text 'johorotc1@gmail.com' is set on object 'Object Repository/Final Object Repo/Login Page/Internal User/Email Address'

2019-01-03 22:16:31 - [MESSAGE][PASSED] - Text 'johorotc1@gmail.com' is set on object 'Object Repository/Final Object Repo/Login Page/Internal User/Email Address'

2019-01-03 22:16:31 - [TEST_STEP][PASSED] - click: Object: 'Object Repository/Final Object Repo/Login Page/Internal User/Next Button' is clicked on

2019-01-03 22:16:31 - [MESSAGE][PASSED] - Object: 'Object Repository/Final Object Repo/Login Page/Internal User/Next Button' is clicked on

2019-01-03 22:16:31 - [TEST_STEP][PASSED] - delay: Delayed 1 second(s)

2019-01-03 22:16:32 - [MESSAGE][PASSED] - Delayed 1 second(s)

2019-01-03 22:16:32 - [TEST_STEP][PASSED] - setEncryptedText: Text ****** has been set on object 'Object Repository/Final Object Repo/Login Page/Internal User/Password'

2019-01-03 22:16:33 - [MESSAGE][PASSED] - Text ****** has been set on object 'Object Repository/Final Object Repo/Login Page/Internal User/Password'

2019-01-03 22:16:33 - [TEST_STEP][PASSED] - click: Object: 'Object Repository/Final Object Repo/Login Page/Internal User/Login Button' is clicked on

2019-01-03 22:16:33 - [MESSAGE][PASSED] - Object: 'Object Repository/Final Object Repo/Login Page/Internal User/Login Button' is clicked on

2019-01-03 22:16:33 - [TEST_STEP][PASSED] - Statement - tester = com.kms.katalon.core.testobject.ObjectRepository.findTestObject(Final Object Repo/Landing Page/Select to English): Finding Test Object with id 'Object Repository/Final Object Repo/Landing Page/Select to English'

2019-01-03 22:16:33 - [TEST_STEP][PASSED] - Statement - Try: Delayed 2 second(s)

2019-01-03 22:16:33 - [TEST_STEP][PASSED] - Statement - Checker = com.kms.katalon.core.webui.keyword.WebUiBuiltInKeywords.verifyElementNotPresent(tester, 3): Web element with id: 'Object Repository/Final Object Repo/Landing Page/Select to English' located by 'By.xpath: //a[@class = 'taglib-language-list-text' and @lang = 'en-US' and (contains(text(), 'EN') or contains(., 'EN'))]' is not present after '3' second(s)

2019-01-03 22:16:35 - [MESSAGE][PASSED] - Web element with id: 'Object Repository/Final Object Repo/Landing Page/Select to English' located by 'By.xpath: //a[@class = 'taglib-language-list-text' and @lang = 'en-US' and (contains(text(), 'EN') or contains(., 'EN'))]' is not present after '3' second(s)

2019-01-03 22:16:35 - [TEST_STEP][PASSED] - Statement - If (Checker == false): null

2019-01-03 22:16:35 - [TEST_STEP][PASSED] - delay: Delayed 2 second(s)

2019-01-03 22:16:37 - [MESSAGE][PASSED] - Delayed 2 second(s)

2019-01-03 22:16:37 - [TEST_STEP][PASSED] - delay: Delayed 5 second(s)

2019-01-03 22:16:42 - [MESSAGE][PASSED] - Delayed 5 second(s)

2019-01-03 22:16:42 - [TEST_STEP][PASSED] - navigateToUrl: Navigate to 'https://assist2-uat.perkeso.gov.my/web/registration/update/update-employee-information-employee-' successfully

2019-01-03 22:16:43 - [MESSAGE][PASSED] - Navigate to 'https://assist2-uat.perkeso.gov.my/web/registration/update/update-employee-information-employee-' successfully

2019-01-03 22:16:43 - [TEST_STEP][PASSED] - click: Object: 'Object Repository/Final Object Repo/Page_Update Employee Information By Employee/Type of Identification' is clicked on

2019-01-03 22:16:43 - [MESSAGE][PASSED] - Object: 'Object Repository/Final Object Repo/Page_Update Employee Information By Employee/Type of Identification' is clicked on

2019-01-03 22:16:43 - [TEST_STEP][PASSED] - click: Object: 'Object Repository/Final Object Repo/Page Update Employee Information By Employee/Type of Identification - Name' is clicked on

2019-01-03 22:16:43 - [MESSAGE][PASSED] - Object: 'Object Repository/Final Object Repo/Page Update Employee Information By Employee/Type of Identification - Name' is clicked on

2019-01-03 22:16:43 - [TEST_STEP][PASSED] - setText: Text 'YUKI JR B' is set on object 'Object Repository/Final Object Repo/Page_Update Employee Information By Employee/New Identification'

2019-01-03 22:16:44 - [MESSAGE][PASSED] - Text 'YUKI JR B' is set on object 'Object Repository/Final Object Repo/Page_Update Employee Information By Employee/New Identification'

2019-01-03 22:16:44 - [TEST_STEP][PASSED] - click: Object: 'Object Repository/Final Object Repo/Page_Update Employee Information By Employee/Search Button' is clicked on

2019-01-03 22:16:44 - [MESSAGE][PASSED] - Object: 'Object Repository/Final Object Repo/Page_Update Employee Information By Employee/Search Button' is clicked on

2019-01-03 22:16:44 - [TEST_STEP][PASSED] - click: Object: 'Object Repository/Final Object Repo/Page_Update Employee Information By Employee/Edit Button' is clicked on

2019-01-03 22:16:48 - [MESSAGE][PASSED] - Object: 'Object Repository/Final Object Repo/Page_Update Employee Information By Employee/Edit Button' is clicked on

2019-01-03 22:16:48 - [TEST_STEP][PASSED] - delay: Delayed 2 second(s)

2019-01-03 22:16:50 - [MESSAGE][PASSED] - Delayed 2 second(s)

2019-01-03 22:16:50 - [TEST_STEP][PASSED] - click: Object: 'Object Repository/Final Object Repo/Page_Update Employee Information By Employee/Employee Information Edit Button' is clicked on

2019-01-03 22:16:51 - [MESSAGE][PASSED] - Object: 'Object Repository/Final Object Repo/Page_Update Employee Information By Employee/Employee Information Edit Button' is clicked on

2019-01-03 22:16:51 - [TEST_STEP][PASSED] - delay: Delayed 2 second(s)

2019-01-03 22:16:53 - [MESSAGE][PASSED] - Delayed 2 second(s)

2019-01-03 22:16:53 - [TEST_STEP][PASSED] - click: Object: 'Object Repository/Final Object Repo/Page_Update Employee Information By Employee/New Identification Number' is clicked on

2019-01-03 22:16:53 - [MESSAGE][PASSED] - Object: 'Object Repository/Final Object Repo/Page_Update Employee Information By Employee/New Identification Number' is clicked on

2019-01-03 22:16:53 - [TEST_STEP][PASSED] - setText: Text '' is set on object 'Object Repository/Final Object Repo/Page_Update Employee Information By Employee/New Identification Number'

2019-01-03 22:16:53 - [MESSAGE][PASSED] - Text '' is set on object 'Object Repository/Final Object Repo/Page_Update Employee Information By Employee/New Identification Number'

2019-01-03 22:16:53 - [TEST_STEP][PASSED] - Statement - rnd = new java.util.Random(): null

2019-01-03 22:16:53 - [TEST_STEP][PASSED] - Statement - snum = rnd.nextInt(899999 + 1) + 100000: null

2019-01-03 22:16:53 - [TEST_STEP][PASSED] - Statement - tnum = rnd.nextInt(899999 + 1) + 100000: null

2019-01-03 22:16:53 - [TEST_STEP][PASSED] - Statement - IC = java.lang.Integer.toString(snum) + java.lang.Integer.toString(tnum): null

2019-01-03 22:16:53 - [TEST_STEP][PASSED] - Statement - out.println(IC): null

2019-01-03 22:16:53 - [TEST_STEP][PASSED] - setText: Text '687112498545' is set on object 'Object Repository/Final Object Repo/Page_Update Employee Information By Employee/New Identification Number'

2019-01-03 22:16:53 - [MESSAGE][PASSED] - Text '687112498545' is set on object 'Object Repository/Final Object Repo/Page_Update Employee Information By Employee/New Identification Number'

2019-01-03 22:16:53 - [TEST_STEP][PASSED] - delay: Delayed 5 second(s)

2019-01-03 22:16:58 - [MESSAGE][PASSED] - Delayed 5 second(s)

2019-01-03 22:16:58 - [TEST_STEP][PASSED] - click: Object: 'Object Repository/Final Object Repo/Page_Update Employee Information By Employee/Save' is clicked on

2019-01-03 22:16:58 - [MESSAGE][PASSED] - Object: 'Object Repository/Final Object Repo/Page_Update Employee Information By Employee/Save' is clicked on

2019-01-03 22:16:58 - [TEST_STEP][PASSED] - delay: Delayed 5 second(s)

2019-01-03 22:17:03 - [MESSAGE][PASSED] - Delayed 5 second(s)

2019-01-03 22:17:03 - [TEST_STEP][PASSED] - click: Object: 'Object Repository/Final Object Repo/Page_Update Employee Information By Employee/Save  Continue in Update Employee Information' is clicked on

2019-01-03 22:17:04 - [MESSAGE][PASSED] - Object: 'Object Repository/Final Object Repo/Page_Update Employee Information By Employee/Save  Continue in Update Employee Information' is clicked on

2019-01-03 22:17:04 - [TEST_STEP][PASSED] - delay: Delayed 5 second(s)

2019-01-03 22:17:09 - [MESSAGE][PASSED] - Delayed 5 second(s)

2019-01-03 22:17:09 - [TEST_STEP][PASSED] - click: Object: 'Object Repository/Final Object Repo/Page_Update Employee Information By Employee/Save  Continue in Uploading Page' is clicked on

2019-01-03 22:17:09 - [MESSAGE][PASSED] - Object: 'Object Repository/Final Object Repo/Page_Update Employee Information By Employee/Save  Continue in Uploading Page' is clicked on

2019-01-03 22:17:09 - [TEST_STEP][PASSED] - delay: Delayed 2 second(s)

2019-01-03 22:17:11 - [MESSAGE][PASSED] - Delayed 2 second(s)

2019-01-03 22:17:11 - [TEST_STEP][PASSED] - Statement - CaseReferenceNo = com.kms.katalon.core.webui.keyword.WebUiBuiltInKeywords.getText(com.kms.katalon.core.testobject.ObjectRepository.findTestObject(Final Object Repo/Page_Update Employer Information/Reference Number in Update Employee Information Page)): Text of object 'Object Repository/Final Object Repo/Page_Update Employer Information/Reference Number in Update Employee Information Page' is: 'CUN012019C100006175'

2019-01-03 22:17:12 - [MESSAGE][PASSED] - Text of object 'Object Repository/Final Object Repo/Page_Update Employer Information/Reference Number in Update Employee Information Page' is: 'CUN012019C100006175'

2019-01-03 22:17:12 - [TEST_STEP][PASSED] - callTestCase: Call Test Case 'Test Cases/Final Aug 2018 - PKS Automation/Common/Reference Number Setter' successfully

2019-01-03 22:17:13 - [TEST_CASE][PASSED] - Test Cases/Final Aug 2018 - PKS Automation/Common/Reference Number Setter: Test Cases/Final Aug 2018 - PKS Automation/Common/Reference Number Setter

2019-01-03 22:17:13 - [TEST_STEP][PASSED] - Statement - RefNoOldFile = new java.io.File(C://Users//Admin//Desktop//PKS//Automation Reference Point//KatalonReference.txt): null

2019-01-03 22:17:13 - [TEST_STEP][PASSED] - Statement - RefNoOldFile.delete(): null

2019-01-03 22:17:13 - [TEST_STEP][PASSED] - delay: Delayed 5 second(s)

2019-01-03 22:17:18 - [MESSAGE][PASSED] - Delayed 5 second(s)

2019-01-03 22:17:18 - [TEST_STEP][PASSED] - Statement - RefNo = new java.io.File(C://Users//Admin//Desktop//PKS//Automation Reference Point//KatalonReference.txt): null

2019-01-03 22:17:18 - [TEST_STEP][PASSED] - Statement - f2 = new java.io.FileWriter(RefNo, false): null

2019-01-03 22:17:18 - [TEST_STEP][PASSED] - Statement - f2.write(CaseReferenceNo): null

2019-01-03 22:17:18 - [TEST_STEP][PASSED] - Statement - f2.close(): null

2019-01-03 22:17:18 - [TEST_STEP][PASSED] - Statement - out.println("


" + CaseReferenceNo + "


"): null

2019-01-03 22:17:18 - [MESSAGE][PASSED] - Call Test Case 'Test Cases/Final Aug 2018 - PKS Automation/Common/Reference Number Setter' successfully

2019-01-03 22:17:18 - [TEST_STEP][PASSED] - delay: Delayed 2 second(s)

2019-01-03 22:17:20 - [MESSAGE][PASSED] - Delayed 2 second(s)

2019-01-03 22:17:20 - [TEST_STEP][PASSED] - click: Object: 'Object Repository/Final Object Repo/Page_Update Employee Information By Employee/Submit' is clicked on

2019-01-03 22:17:20 - [MESSAGE][PASSED] - Object: 'Object Repository/Final Object Repo/Page_Update Employee Information By Employee/Submit' is clicked on

2019-01-03 22:17:20 - [TEST_STEP][PASSED] - delay: Delayed 2 second(s)

2019-01-03 22:17:22 - [MESSAGE][PASSED] - Delayed 2 second(s)

2019-01-03 22:17:22 - [TEST_STEP][PASSED] - click: Object: 'Object Repository/Final Object Repo/Page_Update Employee Information By Employee/Confirm Button' is clicked on

2019-01-03 22:17:22 - [MESSAGE][PASSED] - Object: 'Object Repository/Final Object Repo/Page_Update Employee Information By Employee/Confirm Button' is clicked on

2019-01-03 22:17:22 - [TEST_STEP][PASSED] - delay: Delayed 2 second(s)

2019-01-03 22:17:24 - [MESSAGE][PASSED] - Delayed 2 second(s)

2019-01-03 22:17:24 - [TEST_STEP][PASSED] - click: Object: 'Object Repository/Final Object Repo/Page_Update Employee Information By Employee/Successful Message Routed to UO' is clicked on

2019-01-03 22:17:25 - [MESSAGE][PASSED] - Object: 'Object Repository/Final Object Repo/Page_Update Employee Information By Employee/Successful Message Routed to UO' is clicked on

2019-01-03 22:17:25 - [MESSAGE][PASSED] - Call Test Case 'Test Cases/Final Aug 2018 - PKS Automation/Registration Module/Workflow/Update Employee Information (Employee)/Template/Update Employee Information - Special Case (PKRBO)' successfully

2019-01-03 22:17:25 - [TEST_STEP][PASSED] - callTestCase: Call Test Case 'Test Cases/Final Aug 2018 - PKS Automation/Registration Module/Workflow/Update Employee Information (Employee)/Template/Update Employee Information - Special Case - UO (Query)' successfully

2019-01-03 22:17:25 - [TEST_CASE][PASSED] - Test Cases/Final Aug 2018 - PKS Automation/Registration Module/Workflow/Update Employee Information (Employee)/Template/Update Employee Information - Special Case - UO (Query): Test Cases/Final Aug 2018 - PKS Automation/Registration Module/Workflow/Update Employee Information (Employee)/Template/Update Employee Information - Special Case - UO (Query)

2019-01-03 22:17:25 - [TEST_STEP][NOT_RUN] - callTestCase: NOT_RUN: callTestCase

2019-01-03 22:17:25 - [MESSAGE][NOT_RUN] - NOT_RUN: callTestCase

2019-01-03 22:17:25 - [TEST_STEP][PASSED] - delay: Delayed 2 second(s)

2019-01-03 22:17:27 - [MESSAGE][PASSED] - Delayed 2 second(s)

2019-01-03 22:17:27 - [TEST_STEP][PASSED] - navigateToUrl: Navigate to 'https://assist2-uat.perkeso.gov.my/c/portal/logout' successfully

2019-01-03 22:17:28 - [MESSAGE][PASSED] - Navigate to 'https://assist2-uat.perkeso.gov.my/c/portal/logout' successfully

2019-01-03 22:17:28 - [TEST_STEP][PASSED] - delay: Delayed 2 second(s)

2019-01-03 22:17:30 - [MESSAGE][PASSED] - Delayed 2 second(s)

2019-01-03 22:17:30 - [TEST_STEP][PASSED] - callTestCase: Call Test Case 'Test Cases/Final Aug 2018 - PKS Automation/Common/Reference Number Getter' successfully

2019-01-03 22:17:30 - [TEST_CASE][PASSED] - Test Cases/Final Aug 2018 - PKS Automation/Common/Reference Number Getter: Test Cases/Final Aug 2018 - PKS Automation/Common/Reference Number Getter

2019-01-03 22:17:30 - [TEST_STEP][PASSED] - Statement - Try: null

2019-01-03 22:17:30 - [TEST_STEP][PASSED] - Statement - RefNo = new java.io.File(C://Users//Admin//Desktop//PKS//Automation Reference Point//KatalonReference.txt): null

2019-01-03 22:17:30 - [TEST_STEP][PASSED] - Statement - bufferread = new java.io.BufferedReader(new java.io.FileReader(RefNo)): null

2019-01-03 22:17:30 - [TEST_STEP][PASSED] - Statement - readedVal = bufferread.readLine(): null

2019-01-03 22:17:30 - [TEST_STEP][PASSED] - Statement - out.println(CaseReferenceNo): null

2019-01-03 22:17:30 - [TEST_STEP][PASSED] - Statement - out.println(readedVal): null

2019-01-03 22:17:30 - [TEST_STEP][PASSED] - Statement - CaseReferenceNo = "": null

2019-01-03 22:17:30 - [TEST_STEP][PASSED] - Statement - CaseReferenceNo = readedVal: null

2019-01-03 22:17:30 - [MESSAGE][PASSED] - Call Test Case 'Test Cases/Final Aug 2018 - PKS Automation/Common/Reference Number Getter' successfully

2019-01-03 22:17:30 - [TEST_STEP][PASSED] - callTestCase: Call Test Case 'Test Cases/Final Aug 2018 - PKS Automation/Common/Workflow Owner Finder' successfully

2019-01-03 22:17:30 - [TEST_CASE][PASSED] - Test Cases/Final Aug 2018 - PKS Automation/Common/Workflow Owner Finder: Test Cases/Final Aug 2018 - PKS Automation/Common/Workflow Owner Finder

2019-01-03 22:17:30 - [TEST_STEP][PASSED] - openBrowser: Browser is opened with url: ''

2019-01-03 22:17:30 - [MESSAGE][WARNING] - A browser is already opened. Closing browser and opening a new one

2019-01-03 22:17:34 - [MESSAGE][PASSED] - Browser is opened with url: ''

2019-01-03 22:17:34 - [TEST_STEP][PASSED] - navigateToUrl: Navigate to 'https://assist2-uat.perkeso.gov.my/login' successfully

2019-01-03 22:17:35 - [MESSAGE][PASSED] - Navigate to 'https://assist2-uat.perkeso.gov.my/login' successfully

2019-01-03 22:17:35 - [TEST_STEP][PASSED] - delay: Delayed 5 second(s)

2019-01-03 22:17:40 - [MESSAGE][PASSED] - Delayed 5 second(s)

2019-01-03 22:17:40 - [TEST_STEP][PASSED] - setText: Text 'test@liferay.com' is set on object 'Object Repository/Final Object Repo/Login Page/Internal User/Email Address'

2019-01-03 22:17:40 - [MESSAGE][PASSED] - Text 'test@liferay.com' is set on object 'Object Repository/Final Object Repo/Login Page/Internal User/Email Address'

2019-01-03 22:17:40 - [TEST_STEP][PASSED] - click: Object: 'Object Repository/Final Object Repo/Login Page/Internal User/Next Button' is clicked on

2019-01-03 22:17:41 - [MESSAGE][PASSED] - Object: 'Object Repository/Final Object Repo/Login Page/Internal User/Next Button' is clicked on

2019-01-03 22:17:41 - [TEST_STEP][PASSED] - delay: Delayed 2 second(s)

2019-01-03 22:17:43 - [MESSAGE][PASSED] - Delayed 2 second(s)

2019-01-03 22:17:43 - [TEST_STEP][PASSED] - setText: Text 'test' is set on object 'Object Repository/Final Object Repo/Login Page/Internal User/Password'

2019-01-03 22:17:43 - [MESSAGE][PASSED] - Text 'test' is set on object 'Object Repository/Final Object Repo/Login Page/Internal User/Password'

2019-01-03 22:17:43 - [TEST_STEP][PASSED] - delay: Delayed 2 second(s)

2019-01-03 22:17:45 - [MESSAGE][PASSED] - Delayed 2 second(s)

2019-01-03 22:17:45 - [TEST_STEP][PASSED] - click: Object: 'Object Repository/Final Object Repo/Login Page/Internal User/Login Button' is clicked on

2019-01-03 22:17:45 - [MESSAGE][PASSED] - Object: 'Object Repository/Final Object Repo/Login Page/Internal User/Login Button' is clicked on

2019-01-03 22:17:45 - [TEST_STEP][PASSED] - Statement - tester = com.kms.katalon.core.testobject.ObjectRepository.findTestObject(Final Object Repo/Landing Page/Select to English): Finding Test Object with id 'Object Repository/Final Object Repo/Landing Page/Select to English'

2019-01-03 22:17:45 - [TEST_STEP][PASSED] - Statement - Try: Delayed 2 second(s)

2019-01-03 22:17:45 - [TEST_STEP][PASSED] - Statement - Checker = com.kms.katalon.core.webui.keyword.WebUiBuiltInKeywords.verifyElementNotPresent(tester, 3): Web element with id: 'Object Repository/Final Object Repo/Landing Page/Select to English' located by 'By.xpath: //a[@class = 'taglib-language-list-text' and @lang = 'en-US' and (contains(text(), 'EN') or contains(., 'EN'))]' is not present after '3' second(s)

2019-01-03 22:17:47 - [MESSAGE][PASSED] - Web element with id: 'Object Repository/Final Object Repo/Landing Page/Select to English' located by 'By.xpath: //a[@class = 'taglib-language-list-text' and @lang = 'en-US' and (contains(text(), 'EN') or contains(., 'EN'))]' is not present after '3' second(s)

2019-01-03 22:17:47 - [TEST_STEP][PASSED] - Statement - If (Checker == false): null

2019-01-03 22:17:47 - [TEST_STEP][PASSED] - delay: Delayed 2 second(s)

2019-01-03 22:17:49 - [MESSAGE][PASSED] - Delayed 2 second(s)

2019-01-03 22:17:49 - [TEST_STEP][PASSED] - delay: Delayed 5 second(s)

2019-01-03 22:17:54 - [MESSAGE][PASSED] - Delayed 5 second(s)

2019-01-03 22:17:54 - [TEST_STEP][PASSED] - mouseOver: Object: 'Object Repository/Final Object Repo/Landing Page/WorkFlow Menu' is hovered

2019-01-03 22:17:54 - [MESSAGE][PASSED] - Object: 'Object Repository/Final Object Repo/Landing Page/WorkFlow Menu' is hovered

2019-01-03 22:17:54 - [TEST_STEP][PASSED] - delay: Delayed 2 second(s)

2019-01-03 22:17:56 - [MESSAGE][PASSED] - Delayed 2 second(s)

2019-01-03 22:17:56 - [TEST_STEP][PASSED] - click: Object: 'Object Repository/Final Object Repo/Landing Page/Select to Workflow Listing' is clicked on

2019-01-03 22:17:57 - [MESSAGE][PASSED] - Object: 'Object Repository/Final Object Repo/Landing Page/Select to Workflow Listing' is clicked on

2019-01-03 22:17:57 - [TEST_STEP][PASSED] - delay: Delayed 2 second(s)

2019-01-03 22:17:59 - [MESSAGE][PASSED] - Delayed 2 second(s)

2019-01-03 22:17:59 - [TEST_STEP][PASSED] - click: Object: 'Object Repository/Final Object Repo/WorkFlow Listing Page/Search Information - To Put Ref No' is clicked on

2019-01-03 22:17:59 - [MESSAGE][PASSED] - Object: 'Object Repository/Final Object Repo/WorkFlow Listing Page/Search Information - To Put Ref No' is clicked on

2019-01-03 22:17:59 - [TEST_STEP][PASSED] - delay: Delayed 2 second(s)

2019-01-03 22:18:01 - [MESSAGE][PASSED] - Delayed 2 second(s)

2019-01-03 22:18:01 - [TEST_STEP][PASSED] - callTestCase: Call Test Case 'Test Cases/Final Aug 2018 - PKS Automation/Common/Reference Number Getter' successfully

2019-01-03 22:18:01 - [TEST_CASE][PASSED] - Test Cases/Final Aug 2018 - PKS Automation/Common/Reference Number Getter: Test Cases/Final Aug 2018 - PKS Automation/Common/Reference Number Getter

2019-01-03 22:18:01 - [TEST_STEP][PASSED] - Statement - Try: null

2019-01-03 22:18:01 - [TEST_STEP][PASSED] - Statement - RefNo = new java.io.File(C://Users//Admin//Desktop//PKS//Automation Reference Point//KatalonReference.txt): null

2019-01-03 22:18:01 - [TEST_STEP][PASSED] - Statement - bufferread = new java.io.BufferedReader(new java.io.FileReader(RefNo)): null

2019-01-03 22:18:01 - [TEST_STEP][PASSED] - Statement - readedVal = bufferread.readLine(): null

2019-01-03 22:18:01 - [TEST_STEP][PASSED] - Statement - out.println(CaseReferenceNo): null

2019-01-03 22:18:01 - [TEST_STEP][PASSED] - Statement - out.println(readedVal): null

2019-01-03 22:18:01 - [TEST_STEP][PASSED] - Statement - CaseReferenceNo = "": null

2019-01-03 22:18:01 - [TEST_STEP][PASSED] - Statement - CaseReferenceNo = readedVal: null

2019-01-03 22:18:01 - [MESSAGE][PASSED] - Call Test Case 'Test Cases/Final Aug 2018 - PKS Automation/Common/Reference Number Getter' successfully

2019-01-03 22:18:01 - [TEST_STEP][PASSED] - setText: Text 'CUN012019C100006175' is set on object 'Object Repository/Final Object Repo/WorkFlow Listing Page/Ref No Set Text'

2019-01-03 22:18:01 - [MESSAGE][PASSED] - Text 'CUN012019C100006175' is set on object 'Object Repository/Final Object Repo/WorkFlow Listing Page/Ref No Set Text'

2019-01-03 22:18:01 - [TEST_STEP][PASSED] - delay: Delayed 2 second(s)

2019-01-03 22:18:03 - [MESSAGE][PASSED] - Delayed 2 second(s)

2019-01-03 22:18:03 - [TEST_STEP][PASSED] - click: Object: 'Object Repository/Final Object Repo/WorkFlow Listing Page/Search Ref No Search Button' is clicked on

2019-01-03 22:18:04 - [MESSAGE][PASSED] - Object: 'Object Repository/Final Object Repo/WorkFlow Listing Page/Search Ref No Search Button' is clicked on

2019-01-03 22:18:04 - [TEST_STEP][PASSED] - delay: Delayed 6 second(s)

2019-01-03 22:18:10 - [MESSAGE][PASSED] - Delayed 6 second(s)

2019-01-03 22:18:10 - [TEST_STEP][PASSED] - click: Object: 'Object Repository/Final Object Repo/WorkFlow Listing Page/Click Continue Tooltip' is clicked on

2019-01-03 22:18:11 - [MESSAGE][PASSED] - Object: 'Object Repository/Final Object Repo/WorkFlow Listing Page/Click Continue Tooltip' is clicked on

2019-01-03 22:18:11 - [TEST_STEP][PASSED] - delay: Delayed 5 second(s)

2019-01-03 22:18:16 - [MESSAGE][PASSED] - Delayed 5 second(s)

2019-01-03 22:18:16 - [TEST_STEP][PASSED] - doubleClick: Object: 'Object Repository/Final Object Repo/WorkFlow Listing Page/Workflow Found - Listing 1' is double clicked on

2019-01-03 22:18:16 - [MESSAGE][PASSED] - Object: 'Object Repository/Final Object Repo/WorkFlow Listing Page/Workflow Found - Listing 1' is double clicked on

2019-01-03 22:18:16 - [TEST_STEP][PASSED] - Statement - println(OwnerID): null

2019-01-03 22:18:16 - [TEST_STEP][PASSED] - Statement - OwnerID = com.kms.katalon.core.webui.keyword.WebUiBuiltInKeywords.getText(com.kms.katalon.core.testobject.ObjectRepository.findTestObject(Final Object Repo/WorkFlow Listing Page/Workflow Found - Listing 1), STOP_ON_FAILURE): Text of object 'Object Repository/Final Object Repo/WorkFlow Listing Page/Workflow Found - Listing 1' is: 'JOHORuo1'

2019-01-03 22:18:16 - [MESSAGE][PASSED] - Text of object 'Object Repository/Final Object Repo/WorkFlow Listing Page/Workflow Found - Listing 1' is: 'JOHORuo1'

2019-01-03 22:18:16 - [TEST_STEP][PASSED] - Statement - OwnerID = OwnerID.toLowerCase() + "@gmail.com": null

2019-01-03 22:18:16 - [TEST_STEP][PASSED] - Statement - println(OwnerID): null

2019-01-03 22:18:16 - [TEST_STEP][PASSED] - delay: Delayed 2 second(s)

2019-01-03 22:18:18 - [MESSAGE][PASSED] - Delayed 2 second(s)

2019-01-03 22:18:18 - [MESSAGE][PASSED] - Call Test Case 'Test Cases/Final Aug 2018 - PKS Automation/Common/Workflow Owner Finder' successfully

2019-01-03 22:18:18 - [TEST_STEP][PASSED] - delay: Delayed 2 second(s)

2019-01-03 22:18:20 - [MESSAGE][PASSED] - Delayed 2 second(s)

2019-01-03 22:18:20 - [TEST_STEP][PASSED] - navigateToUrl: Navigate to 'https://assist2-uat.perkeso.gov.my/c/portal/logout' successfully

2019-01-03 22:18:21 - [MESSAGE][PASSED] - Navigate to 'https://assist2-uat.perkeso.gov.my/c/portal/logout' successfully

2019-01-03 22:18:21 - [TEST_STEP][PASSED] - delay: Delayed 2 second(s)

2019-01-03 22:18:23 - [MESSAGE][PASSED] - Delayed 2 second(s)

2019-01-03 22:18:23 - [TEST_STEP][PASSED] - callTestCase: Call Test Case 'Test Cases/Final Aug 2018 - PKS Automation/Registration Module/Workflow/Login and Search Case For Workflow' successfully

2019-01-03 22:18:23 - [TEST_CASE][PASSED] - Test Cases/Final Aug 2018 - PKS Automation/Registration Module/Workflow/Login and Search Case For Workflow: Test Cases/Final Aug 2018 - PKS Automation/Registration Module/Workflow/Login and Search Case For Workflow

2019-01-03 22:18:23 - [TEST_STEP][PASSED] - navigateToUrl: Navigate to 'https://assist2-uat.perkeso.gov.my/login' successfully

2019-01-03 22:18:23 - [MESSAGE][PASSED] - Navigate to 'https://assist2-uat.perkeso.gov.my/login' successfully

2019-01-03 22:18:23 - [TEST_STEP][PASSED] - setText: Text 'johoruo1@gmail.com' is set on object 'Object Repository/Final Object Repo/Login Page/Internal User/Email Address'

2019-01-03 22:18:23 - [MESSAGE][PASSED] - Text 'johoruo1@gmail.com' is set on object 'Object Repository/Final Object Repo/Login Page/Internal User/Email Address'

2019-01-03 22:18:23 - [TEST_STEP][PASSED] - click: Object: 'Object Repository/Final Object Repo/Login Page/Internal User/Next Button' is clicked on

2019-01-03 22:18:24 - [MESSAGE][PASSED] - Object: 'Object Repository/Final Object Repo/Login Page/Internal User/Next Button' is clicked on

2019-01-03 22:18:24 - [TEST_STEP][PASSED] - delay: Delayed 1 second(s)

2019-01-03 22:18:25 - [MESSAGE][PASSED] - Delayed 1 second(s)

2019-01-03 22:18:25 - [TEST_STEP][PASSED] - setEncryptedText: Text ****** has been set on object 'Object Repository/Final Object Repo/Login Page/Internal User/Password'

2019-01-03 22:18:25 - [MESSAGE][PASSED] - Text ****** has been set on object 'Object Repository/Final Object Repo/Login Page/Internal User/Password'

2019-01-03 22:18:25 - [TEST_STEP][PASSED] - click: Object: 'Object Repository/Final Object Repo/Login Page/Internal User/Login Button' is clicked on

2019-01-03 22:18:25 - [MESSAGE][PASSED] - Object: 'Object Repository/Final Object Repo/Login Page/Internal User/Login Button' is clicked on

2019-01-03 22:18:25 - [TEST_STEP][PASSED] - delay: Delayed 2 second(s)

2019-01-03 22:18:27 - [MESSAGE][PASSED] - Delayed 2 second(s)

2019-01-03 22:18:27 - [TEST_STEP][PASSED] - Statement - Try: Delayed 2 second(s)

2019-01-03 22:18:27 - [TEST_STEP][PASSED] - Statement - Checker = false: null

2019-01-03 22:18:27 - [TEST_STEP][PASSED] - Statement - Checker = com.kms.katalon.core.webui.keyword.WebUiBuiltInKeywords.verifyElementHasAttribute(com.kms.katalon.core.testobject.ObjectRepository.findTestObject(Final Object Repo/Landing Page/BM Detecting), "href", 20, OPTIONAL): Object 'Object Repository/Final Object Repo/Landing Page/BM Detecting' has attribute 'href'

2019-01-03 22:18:27 - [MESSAGE][PASSED] - Object 'Object Repository/Final Object Repo/Landing Page/BM Detecting' has attribute 'href'

2019-01-03 22:18:27 - [TEST_STEP][PASSED] - Statement - out.println(Checker): null

2019-01-03 22:18:27 - [TEST_STEP][PASSED] - Statement - If (Checker == false): null

2019-01-03 22:18:27 - [TEST_STEP][PASSED] - Statement - Else: null

2019-01-03 22:18:27 - [TEST_STEP][PASSED] - delay: Delayed 2 second(s)

2019-01-03 22:18:29 - [MESSAGE][PASSED] - Delayed 2 second(s)

2019-01-03 22:18:29 - [TEST_STEP][PASSED] - click: Object: 'Object Repository/Final Object Repo/Page_MyASSIST - ASSIST - Search Pending Case For Add Supporting Document/Search Information' is clicked on

2019-01-03 22:18:29 - [MESSAGE][PASSED] - Object: 'Object Repository/Final Object Repo/Page_MyASSIST - ASSIST - Search Pending Case For Add Supporting Document/Search Information' is clicked on

2019-01-03 22:18:29 - [TEST_STEP][PASSED] - delay: Delayed 3 second(s)

2019-01-03 22:18:32 - [MESSAGE][PASSED] - Delayed 3 second(s)

2019-01-03 22:18:32 - [TEST_STEP][PASSED] - sendKeys: Keys 'CUN012019C100006175' sent to object: 'Object Repository/Final Object Repo/Page_MyASSIST - ASSIST - Search Pending Case For Add Supporting Document/Reference No'

2019-01-03 22:18:32 - [MESSAGE][PASSED] - Keys 'CUN012019C100006175' sent to object: 'Object Repository/Final Object Repo/Page_MyASSIST - ASSIST - Search Pending Case For Add Supporting Document/Reference No'

2019-01-03 22:18:32 - [TEST_STEP][PASSED] - click: Object: 'Object Repository/Final Object Repo/Page_MyASSIST - ASSIST - Search Pending Case For Add Supporting Document/Search Reference No' is clicked on

2019-01-03 22:18:33 - [MESSAGE][PASSED] - Object: 'Object Repository/Final Object Repo/Page_MyASSIST - ASSIST - Search Pending Case For Add Supporting Document/Search Reference No' is clicked on

2019-01-03 22:18:33 - [TEST_STEP][PASSED] - delay: Delayed 2 second(s)

2019-01-03 22:18:35 - [MESSAGE][PASSED] - Delayed 2 second(s)

2019-01-03 22:18:35 - [TEST_STEP][PASSED] - click: Object: 'Object Repository/Final Object Repo/Page_MyASSIST - ASSIST - Search Pending Case For Add Supporting Document/Continue' is clicked on

2019-01-03 22:18:39 - [MESSAGE][PASSED] - Object: 'Object Repository/Final Object Repo/Page_MyASSIST - ASSIST - Search Pending Case For Add Supporting Document/Continue' is clicked on

2019-01-03 22:18:39 - [TEST_STEP][PASSED] - delay: Delayed 20 second(s)

2019-01-03 22:18:59 - [MESSAGE][PASSED] - Delayed 20 second(s)

2019-01-03 22:18:59 - [MESSAGE][PASSED] - Call Test Case 'Test Cases/Final Aug 2018 - PKS Automation/Registration Module/Workflow/Login and Search Case For Workflow' successfully

2019-01-03 22:18:59 - [TEST_STEP][PASSED] - click: Object: 'Object Repository/Final Object Repo/Page_Update Employee Information By Employee/Page_Update Employee Information By Employee (Approve)/Continue' is clicked on

2019-01-03 22:19:02 - [MESSAGE][PASSED] - Object: 'Object Repository/Final Object Repo/Page_Update Employee Information By Employee/Page_Update Employee Information By Employee (Approve)/Continue' is clicked on

2019-01-03 22:19:02 - [TEST_STEP][PASSED] - delay: Delayed 2 second(s)

2019-01-03 22:19:04 - [MESSAGE][PASSED] - Delayed 2 second(s)

2019-01-03 22:19:04 - [TEST_STEP][PASSED] - click: Object: 'Object Repository/Final Object Repo/Page_Update Employee Information By Employer/Page_Update Employee Information by Employer (Approve)/Save  Continue in Update Employee Information Page' is clicked on

2019-01-03 22:19:04 - [MESSAGE][PASSED] - Object: 'Object Repository/Final Object Repo/Page_Update Employee Information By Employer/Page_Update Employee Information by Employer (Approve)/Save  Continue in Update Employee Information Page' is clicked on

2019-01-03 22:19:04 - [TEST_STEP][PASSED] - delay: Delayed 2 second(s)

2019-01-03 22:19:06 - [MESSAGE][PASSED] - Delayed 2 second(s)

2019-01-03 22:19:06 - [TEST_STEP][PASSED] - setText: Text 'remark' is set on object 'Object Repository/Final Object Repo/Page_Update Employee Information By Employee/Page_Update Employee Information By Employee (Query)/Query - remark'

2019-01-03 22:19:07 - [MESSAGE][PASSED] - Text 'remark' is set on object 'Object Repository/Final Object Repo/Page_Update Employee Information By Employee/Page_Update Employee Information By Employee (Query)/Query - remark'

2019-01-03 22:19:07 - [TEST_STEP][PASSED] - click: Object: 'Object Repository/Final Object Repo/Page_Update Employee Information By Employer/Page_Update Employee Information by Employer (Approve)/Save  Continue in Upload Supporting Doucument Page' is clicked on

2019-01-03 22:19:07 - [MESSAGE][PASSED] - Object: 'Object Repository/Final Object Repo/Page_Update Employee Information By Employer/Page_Update Employee Information by Employer (Approve)/Save  Continue in Upload Supporting Doucument Page' is clicked on

2019-01-03 22:19:07 - [TEST_STEP][PASSED] - delay: Delayed 2 second(s)

2019-01-03 22:19:09 - [MESSAGE][PASSED] - Delayed 2 second(s)

2019-01-03 22:19:09 - [TEST_STEP][PASSED] - click: Object: 'Object Repository/Final Object Repo/Page_Update Employee Information By Employee/Page_Update Employee Information By Employee (Query)/Query' is clicked on

2019-01-03 22:19:11 - [MESSAGE][PASSED] - Object: 'Object Repository/Final Object Repo/Page_Update Employee Information By Employee/Page_Update Employee Information By Employee (Query)/Query' is clicked on

2019-01-03 22:19:11 - [TEST_STEP][PASSED] - delay: Delayed 2 second(s)

2019-01-03 22:19:13 - [MESSAGE][PASSED] - Delayed 2 second(s)

2019-01-03 22:19:13 - [TEST_STEP][PASSED] - click: Object: 'Object Repository/Final Object Repo/Page_Update Employee Information By Employee/Page_Update Employee Information By Employee (Query)/Confirm' is clicked on

2019-01-03 22:19:13 - [MESSAGE][PASSED] - Object: 'Object Repository/Final Object Repo/Page_Update Employee Information By Employee/Page_Update Employee Information By Employee (Query)/Confirm' is clicked on

2019-01-03 22:19:13 - [TEST_STEP][PASSED] - delay: Delayed 2 second(s)

2019-01-03 22:19:15 - [MESSAGE][PASSED] - Delayed 2 second(s)

2019-01-03 22:19:15 - [TEST_STEP][PASSED] - click: Object: 'Object Repository/Final Object Repo/Page_Update Employee Information By Employee/Page_Update Employee Information By Employee (Query)/Message The Case Is Under Query' is clicked on

2019-01-03 22:19:20 - [MESSAGE][PASSED] - Object: 'Object Repository/Final Object Repo/Page_Update Employee Information By Employee/Page_Update Employee Information By Employee (Query)/Message The Case Is Under Query' is clicked on

2019-01-03 22:19:20 - [TEST_STEP][PASSED] - click: Object: 'Object Repository/Final Object Repo/Page_Update Employee Information By Employee/Page_Update Employee Information By Employee (Query)/Letter of inquiry' is clicked on

2019-01-03 22:19:21 - [MESSAGE][PASSED] - Object: 'Object Repository/Final Object Repo/Page_Update Employee Information By Employee/Page_Update Employee Information By Employee (Query)/Letter of inquiry' is clicked on

2019-01-03 22:19:21 - [TEST_STEP][PASSED] - delay: Delayed 1 second(s)

2019-01-03 22:19:22 - [MESSAGE][PASSED] - Delayed 1 second(s)

2019-01-03 22:19:22 - [TEST_STEP][PASSED] - navigateToUrl: Navigate to 'https://assist2-uat.perkeso.gov.my/c/portal/logout' successfully

2019-01-03 22:19:22 - [MESSAGE][PASSED] - Navigate to 'https://assist2-uat.perkeso.gov.my/c/portal/logout' successfully

2019-01-03 22:19:22 - [TEST_STEP][PASSED] - delay: Delayed 1 second(s)

2019-01-03 22:19:23 - [MESSAGE][PASSED] - Delayed 1 second(s)

2019-01-03 22:19:23 - [TEST_STEP][PASSED] - callTestCase: Call Test Case 'Test Cases/Final Aug 2018 - PKS Automation/Registration Module/Workflow/Search Pending Case For Add Supporting Document (OTC)' successfully

2019-01-03 22:19:23 - [TEST_CASE][PASSED] - Test Cases/Final Aug 2018 - PKS Automation/Registration Module/Workflow/Search Pending Case For Add Supporting Document (OTC): Test Cases/Final Aug 2018 - PKS Automation/Registration Module/Workflow/Search Pending Case For Add Supporting Document (OTC)

2019-01-03 22:19:23 - [TEST_STEP][PASSED] - openBrowser: Browser is opened with url: ''

2019-01-03 22:19:23 - [MESSAGE][WARNING] - A browser is already opened. Closing browser and opening a new one

2019-01-03 22:19:27 - [MESSAGE][PASSED] - Browser is opened with url: ''

2019-01-03 22:19:27 - [TEST_STEP][PASSED] - navigateToUrl: Navigate to 'https://assist2-uat.perkeso.gov.my/login' successfully

2019-01-03 22:19:28 - [MESSAGE][PASSED] - Navigate to 'https://assist2-uat.perkeso.gov.my/login' successfully

2019-01-03 22:19:28 - [TEST_STEP][PASSED] - setText: Text 'johorotc1@gmail.com' is set on object 'Object Repository/Final Object Repo/Login Page/Internal User/Email Address'

2019-01-03 22:19:29 - [MESSAGE][PASSED] - Text 'johorotc1@gmail.com' is set on object 'Object Repository/Final Object Repo/Login Page/Internal User/Email Address'

2019-01-03 22:19:29 - [TEST_STEP][PASSED] - click: Object: 'Object Repository/Final Object Repo/Login Page/Internal User/Next Button' is clicked on

2019-01-03 22:19:29 - [MESSAGE][PASSED] - Object: 'Object Repository/Final Object Repo/Login Page/Internal User/Next Button' is clicked on

2019-01-03 22:19:29 - [TEST_STEP][PASSED] - delay: Delayed 1 second(s)

2019-01-03 22:19:30 - [MESSAGE][PASSED] - Delayed 1 second(s)

2019-01-03 22:19:30 - [TEST_STEP][PASSED] - setEncryptedText: Text ****** has been set on object 'Object Repository/Final Object Repo/Login Page/Internal User/Password'

2019-01-03 22:19:30 - [MESSAGE][PASSED] - Text ****** has been set on object 'Object Repository/Final Object Repo/Login Page/Internal User/Password'

2019-01-03 22:19:30 - [TEST_STEP][PASSED] - click: Object: 'Object Repository/Final Object Repo/Login Page/Internal User/Login Button' is clicked on

2019-01-03 22:19:30 - [MESSAGE][PASSED] - Object: 'Object Repository/Final Object Repo/Login Page/Internal User/Login Button' is clicked on

2019-01-03 22:19:30 - [TEST_STEP][PASSED] - delay: Delayed 1 second(s)

2019-01-03 22:19:31 - [MESSAGE][PASSED] - Delayed 1 second(s)

2019-01-03 22:19:31 - [TEST_STEP][PASSED] - Statement - Try: Delayed 2 second(s)

2019-01-03 22:19:31 - [TEST_STEP][PASSED] - Statement - Checker = false: null

2019-01-03 22:19:31 - [TEST_STEP][PASSED] - Statement - Checker = com.kms.katalon.core.webui.keyword.WebUiBuiltInKeywords.verifyElementHasAttribute(com.kms.katalon.core.testobject.ObjectRepository.findTestObject(Final Object Repo/Landing Page/BM Detecting), "href", 20, OPTIONAL): Object 'Object Repository/Final Object Repo/Landing Page/BM Detecting' has attribute 'href'

2019-01-03 22:19:32 - [MESSAGE][PASSED] - Object 'Object Repository/Final Object Repo/Landing Page/BM Detecting' has attribute 'href'

2019-01-03 22:19:32 - [TEST_STEP][PASSED] - Statement - out.println(Checker): null

2019-01-03 22:19:32 - [TEST_STEP][PASSED] - Statement - If (Checker == false): null

2019-01-03 22:19:32 - [TEST_STEP][PASSED] - Statement - Else: null

2019-01-03 22:19:32 - [TEST_STEP][PASSED] - delay: Delayed 2 second(s)

2019-01-03 22:19:34 - [MESSAGE][PASSED] - Delayed 2 second(s)

2019-01-03 22:19:34 - [TEST_STEP][PASSED] - navigateToUrl: Navigate to 'https://assist2-uat.perkeso.gov.my/web/registration/search/search-pending-case-for-add-supporting-document' successfully

2019-01-03 22:19:35 - [MESSAGE][PASSED] - Navigate to 'https://assist2-uat.perkeso.gov.my/web/registration/search/search-pending-case-for-add-supporting-document' successfully

2019-01-03 22:19:35 - [TEST_STEP][PASSED] - click: Object: 'Object Repository/Final Object Repo/Page_Search Pending Case For Add Suporting Document/Search By' is clicked on

2019-01-03 22:19:35 - [MESSAGE][PASSED] - Object: 'Object Repository/Final Object Repo/Page_Search Pending Case For Add Suporting Document/Search By' is clicked on

2019-01-03 22:19:35 - [TEST_STEP][PASSED] - click: Object: 'Object Repository/Final Object Repo/Page_Search Pending Case For Add Suporting Document/Search By - Reference ID' is clicked on

2019-01-03 22:19:35 - [MESSAGE][PASSED] - Object: 'Object Repository/Final Object Repo/Page_Search Pending Case For Add Suporting Document/Search By - Reference ID' is clicked on

2019-01-03 22:19:35 - [TEST_STEP][PASSED] - delay: Delayed 2 second(s)

2019-01-03 22:19:37 - [MESSAGE][PASSED] - Delayed 2 second(s)

2019-01-03 22:19:37 - [TEST_STEP][PASSED] - setText: Text 'CUN012019C100006175' is set on object 'Object Repository/Final Object Repo/Page_Search Pending Case For Add Suporting Document/Reference ID'

2019-01-03 22:19:37 - [MESSAGE][PASSED] - Text 'CUN012019C100006175' is set on object 'Object Repository/Final Object Repo/Page_Search Pending Case For Add Suporting Document/Reference ID'

2019-01-03 22:19:37 - [TEST_STEP][PASSED] - click: Object: 'Object Repository/Final Object Repo/Page_Search Pending Case For Add Suporting Document/Search' is clicked on

2019-01-03 22:19:37 - [MESSAGE][PASSED] - Object: 'Object Repository/Final Object Repo/Page_Search Pending Case For Add Suporting Document/Search' is clicked on

2019-01-03 22:19:37 - [TEST_STEP][PASSED] - delay: Delayed 2 second(s)

2019-01-03 22:19:39 - [MESSAGE][PASSED] - Delayed 2 second(s)

2019-01-03 22:19:39 - [TEST_STEP][PASSED] - click: Object: 'Object Repository/Final Object Repo/Page_Search Pending Case For Add Suporting Document/Edit' is clicked on

2019-01-03 22:19:43 - [MESSAGE][PASSED] - Object: 'Object Repository/Final Object Repo/Page_Search Pending Case For Add Suporting Document/Edit' is clicked on

2019-01-03 22:19:43 - [MESSAGE][PASSED] - Call Test Case 'Test Cases/Final Aug 2018 - PKS Automation/Registration Module/Workflow/Search Pending Case For Add Supporting Document (OTC)' successfully

2019-01-03 22:19:43 - [TEST_STEP][PASSED] - click: Object: 'Object Repository/Final Object Repo/Page_Update Employee Information By Employee/Page_Update Employee Information by Employee (Query -OTC -UO)/Next' is clicked on

2019-01-03 22:19:45 - [MESSAGE][PASSED] - Object: 'Object Repository/Final Object Repo/Page_Update Employee Information By Employee/Page_Update Employee Information by Employee (Query -OTC -UO)/Next' is clicked on

2019-01-03 22:19:45 - [TEST_STEP][PASSED] - delay: Delayed 2 second(s)

2019-01-03 22:19:47 - [MESSAGE][PASSED] - Delayed 2 second(s)

2019-01-03 22:19:47 - [TEST_STEP][PASSED] - click: Object: 'Object Repository/Final Object Repo/Page_Update Employee Information By Employee/Page_Update Employee Information by Employee (Query -OTC -UO)/Add Document' is clicked on

2019-01-03 22:19:48 - [MESSAGE][PASSED] - Object: 'Object Repository/Final Object Repo/Page_Update Employee Information By Employee/Page_Update Employee Information by Employee (Query -OTC -UO)/Add Document' is clicked on

2019-01-03 22:19:48 - [TEST_STEP][PASSED] - delay: Delayed 2 second(s)

2019-01-03 22:19:50 - [MESSAGE][PASSED] - Delayed 2 second(s)

2019-01-03 22:19:50 - [TEST_STEP][PASSED] - click: Object: 'Object Repository/Final Object Repo/Page_Update Employee Information By Employee/Page_Update Employee Information by Employee (Query -OTC -UO)/Document Type' is clicked on

2019-01-03 22:19:51 - [MESSAGE][PASSED] - Object: 'Object Repository/Final Object Repo/Page_Update Employee Information By Employee/Page_Update Employee Information by Employee (Query -OTC -UO)/Document Type' is clicked on

2019-01-03 22:19:51 - [TEST_STEP][PASSED] - delay: Delayed 2 second(s)

2019-01-03 22:19:53 - [MESSAGE][PASSED] - Delayed 2 second(s)

2019-01-03 22:19:53 - [TEST_STEP][PASSED] - click: Object: 'Object Repository/Final Object Repo/Page_Update Employee Information By Employee/Page_Update Employee Information by Employee (Query -OTC -UO)/Document Type - Other' is clicked on

2019-01-03 22:19:53 - [MESSAGE][PASSED] - Object: 'Object Repository/Final Object Repo/Page_Update Employee Information By Employee/Page_Update Employee Information by Employee (Query -OTC -UO)/Document Type - Other' is clicked on

2019-01-03 22:19:53 - [TEST_STEP][PASSED] - delay: Delayed 2 second(s)

2019-01-03 22:19:55 - [MESSAGE][PASSED] - Delayed 2 second(s)

2019-01-03 22:19:55 - [TEST_STEP][PASSED] - sendKeys: Keys 'C:\Users\Public\Pictures\Sample Pictures\Koala.jpg' sent to object: 'Object Repository/Final Object Repo/Page_Update Employee Information By Employee/Page_Update Employee Information by Employee (Query -OTC -UO)/Uploading File'

2019-01-03 22:19:55 - [MESSAGE][PASSED] - Keys 'C:\Users\Public\Pictures\Sample Pictures\Koala.jpg' sent to object: 'Object Repository/Final Object Repo/Page_Update Employee Information By Employee/Page_Update Employee Information by Employee (Query -OTC -UO)/Uploading File'

2019-01-03 22:19:55 - [TEST_STEP][PASSED] - delay: Delayed 2 second(s)

2019-01-03 22:19:57 - [MESSAGE][PASSED] - Delayed 2 second(s)

2019-01-03 22:19:57 - [TEST_STEP][PASSED] - click: Object: 'Object Repository/Final Object Repo/Page_Update Employee Information By Employee/Page_Update Employee Information by Employee (Query -OTC -UO)/Add Document in Uploading Page' is clicked on

2019-01-03 22:19:57 - [MESSAGE][PASSED] - Object: 'Object Repository/Final Object Repo/Page_Update Employee Information By Employee/Page_Update Employee Information by Employee (Query -OTC -UO)/Add Document in Uploading Page' is clicked on

2019-01-03 22:19:57 - [TEST_STEP][PASSED] - delay: Delayed 2 second(s)

2019-01-03 22:19:59 - [MESSAGE][PASSED] - Delayed 2 second(s)

2019-01-03 22:19:59 - [TEST_STEP][PASSED] - click: Object: 'Object Repository/Final Object Repo/Page_Update Employee Information By Employee/Page_Update Employee Information by Employee (Query -OTC -UO)/Exit' is clicked on

2019-01-03 22:20:02 - [MESSAGE][PASSED] - Object: 'Object Repository/Final Object Repo/Page_Update Employee Information By Employee/Page_Update Employee Information by Employee (Query -OTC -UO)/Exit' is clicked on

2019-01-03 22:20:02 - [TEST_STEP][PASSED] - delay: Delayed 1 second(s)

2019-01-03 22:20:03 - [MESSAGE][PASSED] - Delayed 1 second(s)

2019-01-03 22:20:03 - [TEST_STEP][PASSED] - navigateToUrl: Navigate to 'https://assist2-uat.perkeso.gov.my/c/portal/logout' successfully

2019-01-03 22:20:04 - [MESSAGE][PASSED] - Navigate to 'https://assist2-uat.perkeso.gov.my/c/portal/logout' successfully

2019-01-03 22:20:04 - [TEST_STEP][PASSED] - delay: Delayed 1 second(s)

2019-01-03 22:20:05 - [MESSAGE][PASSED] - Delayed 1 second(s)

2019-01-03 22:20:05 - [TEST_STEP][PASSED] - callTestCase: Call Test Case 'Test Cases/Final Aug 2018 - PKS Automation/Registration Module/Workflow/Login and Search Case For Workflow' successfully

2019-01-03 22:20:05 - [TEST_CASE][PASSED] - Test Cases/Final Aug 2018 - PKS Automation/Registration Module/Workflow/Login and Search Case For Workflow: Test Cases/Final Aug 2018 - PKS Automation/Registration Module/Workflow/Login and Search Case For Workflow

2019-01-03 22:20:05 - [TEST_STEP][PASSED] - navigateToUrl: Navigate to 'https://assist2-uat.perkeso.gov.my/login' successfully

2019-01-03 22:20:06 - [MESSAGE][PASSED] - Navigate to 'https://assist2-uat.perkeso.gov.my/login' successfully

2019-01-03 22:20:06 - [TEST_STEP][PASSED] - setText: Text 'johoruo1@gmail.com' is set on object 'Object Repository/Final Object Repo/Login Page/Internal User/Email Address'

2019-01-03 22:20:06 - [MESSAGE][PASSED] - Text 'johoruo1@gmail.com' is set on object 'Object Repository/Final Object Repo/Login Page/Internal User/Email Address'

2019-01-03 22:20:06 - [TEST_STEP][PASSED] - click: Object: 'Object Repository/Final Object Repo/Login Page/Internal User/Next Button' is clicked on

2019-01-03 22:20:06 - [MESSAGE][PASSED] - Object: 'Object Repository/Final Object Repo/Login Page/Internal User/Next Button' is clicked on

2019-01-03 22:20:06 - [TEST_STEP][PASSED] - delay: Delayed 1 second(s)

2019-01-03 22:20:07 - [MESSAGE][PASSED] - Delayed 1 second(s)

2019-01-03 22:20:07 - [TEST_STEP][PASSED] - setEncryptedText: Text ****** has been set on object 'Object Repository/Final Object Repo/Login Page/Internal User/Password'

2019-01-03 22:20:07 - [MESSAGE][PASSED] - Text ****** has been set on object 'Object Repository/Final Object Repo/Login Page/Internal User/Password'

2019-01-03 22:20:07 - [TEST_STEP][PASSED] - click: Object: 'Object Repository/Final Object Repo/Login Page/Internal User/Login Button' is clicked on

2019-01-03 22:20:08 - [MESSAGE][PASSED] - Object: 'Object Repository/Final Object Repo/Login Page/Internal User/Login Button' is clicked on

2019-01-03 22:20:08 - [TEST_STEP][PASSED] - delay: Delayed 2 second(s)

2019-01-03 22:20:10 - [MESSAGE][PASSED] - Delayed 2 second(s)

2019-01-03 22:20:10 - [TEST_STEP][PASSED] - Statement - Try: Delayed 2 second(s)

2019-01-03 22:20:10 - [TEST_STEP][PASSED] - Statement - Checker = false: null

2019-01-03 22:20:10 - [TEST_STEP][PASSED] - Statement - Checker = com.kms.katalon.core.webui.keyword.WebUiBuiltInKeywords.verifyElementHasAttribute(com.kms.katalon.core.testobject.ObjectRepository.findTestObject(Final Object Repo/Landing Page/BM Detecting), "href", 20, OPTIONAL): Object 'Object Repository/Final Object Repo/Landing Page/BM Detecting' has attribute 'href'

2019-01-03 22:20:10 - [MESSAGE][PASSED] - Object 'Object Repository/Final Object Repo/Landing Page/BM Detecting' has attribute 'href'

2019-01-03 22:20:10 - [TEST_STEP][PASSED] - Statement - out.println(Checker): null

2019-01-03 22:20:10 - [TEST_STEP][PASSED] - Statement - If (Checker == false): null

2019-01-03 22:20:10 - [TEST_STEP][PASSED] - Statement - Else: null

2019-01-03 22:20:10 - [TEST_STEP][PASSED] - delay: Delayed 2 second(s)

2019-01-03 22:20:12 - [MESSAGE][PASSED] - Delayed 2 second(s)

2019-01-03 22:20:12 - [TEST_STEP][PASSED] - click: Object: 'Object Repository/Final Object Repo/Page_MyASSIST - ASSIST - Search Pending Case For Add Supporting Document/Search Information' is clicked on

2019-01-03 22:20:12 - [MESSAGE][PASSED] - Object: 'Object Repository/Final Object Repo/Page_MyASSIST - ASSIST - Search Pending Case For Add Supporting Document/Search Information' is clicked on

2019-01-03 22:20:12 - [TEST_STEP][PASSED] - delay: Delayed 3 second(s)

2019-01-03 22:20:15 - [MESSAGE][PASSED] - Delayed 3 second(s)

2019-01-03 22:20:15 - [TEST_STEP][PASSED] - sendKeys: Keys 'CUN012019C100006175' sent to object: 'Object Repository/Final Object Repo/Page_MyASSIST - ASSIST - Search Pending Case For Add Supporting Document/Reference No'

2019-01-03 22:20:15 - [MESSAGE][PASSED] - Keys 'CUN012019C100006175' sent to object: 'Object Repository/Final Object Repo/Page_MyASSIST - ASSIST - Search Pending Case For Add Supporting Document/Reference No'

2019-01-03 22:20:15 - [TEST_STEP][PASSED] - click: Object: 'Object Repository/Final Object Repo/Page_MyASSIST - ASSIST - Search Pending Case For Add Supporting Document/Search Reference No' is clicked on

2019-01-03 22:20:15 - [MESSAGE][PASSED] - Object: 'Object Repository/Final Object Repo/Page_MyASSIST - ASSIST - Search Pending Case For Add Supporting Document/Search Reference No' is clicked on

2019-01-03 22:20:15 - [TEST_STEP][PASSED] - delay: Delayed 2 second(s)

2019-01-03 22:20:17 - [MESSAGE][PASSED] - Delayed 2 second(s)

2019-01-03 22:20:17 - [TEST_STEP][PASSED] - click: Object: 'Object Repository/Final Object Repo/Page_MyASSIST - ASSIST - Search Pending Case For Add Supporting Document/Continue' is clicked on

2019-01-03 22:20:21 - [MESSAGE][PASSED] - Object: 'Object Repository/Final Object Repo/Page_MyASSIST - ASSIST - Search Pending Case For Add Supporting Document/Continue' is clicked on

2019-01-03 22:20:21 - [TEST_STEP][PASSED] - delay: Delayed 20 second(s)

2019-01-03 22:20:41 - [MESSAGE][PASSED] - Delayed 20 second(s)

2019-01-03 22:20:41 - [MESSAGE][PASSED] - Call Test Case 'Test Cases/Final Aug 2018 - PKS Automation/Registration Module/Workflow/Login and Search Case For Workflow' successfully

2019-01-03 22:20:41 - [TEST_STEP][PASSED] - click: Object: 'Object Repository/Final Object Repo/Page_Update Employee Information By Employer/Page_Update Employee Information by Employer (Approve)/Continue' is clicked on

2019-01-03 22:20:44 - [MESSAGE][PASSED] - Object: 'Object Repository/Final Object Repo/Page_Update Employee Information By Employer/Page_Update Employee Information by Employer (Approve)/Continue' is clicked on

2019-01-03 22:20:44 - [TEST_STEP][PASSED] - delay: Delayed 2 second(s)

2019-01-03 22:20:46 - [MESSAGE][PASSED] - Delayed 2 second(s)

2019-01-03 22:20:46 - [TEST_STEP][PASSED] - click: Object: 'Object Repository/Final Object Repo/Page_Update Employee Information By Employer/Page_Update Employee Information by Employer (Approve)/Save  Continue in Update Employee Information Page' is clicked on

2019-01-03 22:20:46 - [MESSAGE][PASSED] - Object: 'Object Repository/Final Object Repo/Page_Update Employee Information By Employer/Page_Update Employee Information by Employer (Approve)/Save  Continue in Update Employee Information Page' is clicked on

2019-01-03 22:20:46 - [TEST_STEP][PASSED] - delay: Delayed 2 second(s)

2019-01-03 22:20:48 - [MESSAGE][PASSED] - Delayed 2 second(s)

2019-01-03 22:20:48 - [TEST_STEP][PASSED] - click: Object: 'Object Repository/Final Object Repo/Page_Update Employee Information By Employer/Page_Update Employee Information by Employer (Approve)/Save  Continue in Upload Supporting Doucument Page' is clicked on

2019-01-03 22:20:50 - [MESSAGE][PASSED] - Object: 'Object Repository/Final Object Repo/Page_Update Employee Information By Employer/Page_Update Employee Information by Employer (Approve)/Save  Continue in Upload Supporting Doucument Page' is clicked on

2019-01-03 22:20:50 - [TEST_STEP][PASSED] - delay: Delayed 2 second(s)

2019-01-03 22:20:52 - [MESSAGE][PASSED] - Delayed 2 second(s)

2019-01-03 22:20:52 - [TEST_STEP][PASSED] - click: Object: 'Object Repository/Final Object Repo/Page_Update Employee Information By Employer/Page_Update Employee Information by Employer (Approve)/Approve' is clicked on

2019-01-03 22:20:54 - [MESSAGE][PASSED] - Object: 'Object Repository/Final Object Repo/Page_Update Employee Information By Employer/Page_Update Employee Information by Employer (Approve)/Approve' is clicked on

2019-01-03 22:20:54 - [TEST_STEP][PASSED] - delay: Delayed 2 second(s)

2019-01-03 22:20:56 - [MESSAGE][PASSED] - Delayed 2 second(s)

2019-01-03 22:20:56 - [TEST_STEP][PASSED] - click: Object: 'Object Repository/Final Object Repo/Page_Update Employee Information By Employer/Page_Update Employee Information by Employer (Approve)/Confirm' is clicked on

2019-01-03 22:20:56 - [MESSAGE][PASSED] - Object: 'Object Repository/Final Object Repo/Page_Update Employee Information By Employer/Page_Update Employee Information by Employer (Approve)/Confirm' is clicked on

2019-01-03 22:20:56 - [TEST_STEP][PASSED] - delay: Delayed 2 second(s)

2019-01-03 22:20:58 - [MESSAGE][PASSED] - Delayed 2 second(s)

2019-01-03 22:20:58 - [TEST_STEP][PASSED] - click: Object: 'Object Repository/Final Object Repo/Page_Update Employee Information By Employee/Page_Update Employee Information By Employee (Approve)/Message Your Request    Update Emp' is clicked on

2019-01-03 22:21:02 - [MESSAGE][PASSED] - Object: 'Object Repository/Final Object Repo/Page_Update Employee Information By Employee/Page_Update Employee Information By Employee (Approve)/Message Your Request    Update Emp' is clicked on

2019-01-03 22:21:02 - [TEST_STEP][PASSED] - click: Object: 'Object Repository/Final Object Repo/Page_Update Employee Information By Employee/Page_Update Employee Information By Employee (Approve)/Letter of successful update' is clicked on

2019-01-03 22:21:03 - [MESSAGE][PASSED] - Object: 'Object Repository/Final Object Repo/Page_Update Employee Information By Employee/Page_Update Employee Information By Employee (Approve)/Letter of successful update' is clicked on

2019-01-03 22:21:03 - [MESSAGE][PASSED] - Call Test Case 'Test Cases/Final Aug 2018 - PKS Automation/Registration Module/Workflow/Update Employee Information (Employee)/Template/Update Employee Information - Special Case - UO (Query)' successfully]]></system-out>
         <system-err><![CDATA[]]></system-err>
      </testcase>
      <testcase name="Test Cases/Final Aug 2018 - PKS Automation/Registration Module/Workflow/Update Employee Information (Employee)/PKRBO to UO (Reject)" classname="Test Cases/Final Aug 2018 - PKS Automation/Registration Module/Workflow/Update Employee Information (Employee)/PKRBO to UO (Reject)" status="PASSED">
         <system-out><![CDATA[2019-01-03 22:21:03 - [TEST_CASE][PASSED] - Test Cases/Final Aug 2018 - PKS Automation/Registration Module/Workflow/Update Employee Information (Employee)/PKRBO to UO (Reject): Test Cases/Final Aug 2018 - PKS Automation/Registration Module/Workflow/Update Employee Information (Employee)/PKRBO to UO (Reject)

2019-01-03 22:21:03 - [TEST_STEP][PASSED] - callTestCase: Call Test Case 'Test Cases/Final Aug 2018 - PKS Automation/Registration Module/Workflow/Update Employee Information (Employee)/Template/Update Employee Information - Special Case (PKRBO)' successfully

2019-01-03 22:21:03 - [TEST_CASE][PASSED] - Test Cases/Final Aug 2018 - PKS Automation/Registration Module/Workflow/Update Employee Information (Employee)/Template/Update Employee Information - Special Case (PKRBO): Test Cases/Final Aug 2018 - PKS Automation/Registration Module/Workflow/Update Employee Information (Employee)/Template/Update Employee Information - Special Case (PKRBO)

2019-01-03 22:21:03 - [TEST_STEP][PASSED] - openBrowser: Browser is opened with url: ''

2019-01-03 22:21:03 - [MESSAGE][WARNING] - A browser is already opened. Closing browser and opening a new one

2019-01-03 22:21:07 - [MESSAGE][PASSED] - Browser is opened with url: ''

2019-01-03 22:21:07 - [TEST_STEP][PASSED] - navigateToUrl: Navigate to 'https://assist2-uat.perkeso.gov.my/login' successfully

2019-01-03 22:21:08 - [MESSAGE][PASSED] - Navigate to 'https://assist2-uat.perkeso.gov.my/login' successfully

2019-01-03 22:21:08 - [TEST_STEP][PASSED] - setText: Text 'johorotc1@gmail.com' is set on object 'Object Repository/Final Object Repo/Login Page/Internal User/Email Address'

2019-01-03 22:21:09 - [MESSAGE][PASSED] - Text 'johorotc1@gmail.com' is set on object 'Object Repository/Final Object Repo/Login Page/Internal User/Email Address'

2019-01-03 22:21:09 - [TEST_STEP][PASSED] - click: Object: 'Object Repository/Final Object Repo/Login Page/Internal User/Next Button' is clicked on

2019-01-03 22:21:09 - [MESSAGE][PASSED] - Object: 'Object Repository/Final Object Repo/Login Page/Internal User/Next Button' is clicked on

2019-01-03 22:21:09 - [TEST_STEP][PASSED] - delay: Delayed 1 second(s)

2019-01-03 22:21:10 - [MESSAGE][PASSED] - Delayed 1 second(s)

2019-01-03 22:21:10 - [TEST_STEP][PASSED] - setEncryptedText: Text ****** has been set on object 'Object Repository/Final Object Repo/Login Page/Internal User/Password'

2019-01-03 22:21:10 - [MESSAGE][PASSED] - Text ****** has been set on object 'Object Repository/Final Object Repo/Login Page/Internal User/Password'

2019-01-03 22:21:10 - [TEST_STEP][PASSED] - click: Object: 'Object Repository/Final Object Repo/Login Page/Internal User/Login Button' is clicked on

2019-01-03 22:21:10 - [MESSAGE][PASSED] - Object: 'Object Repository/Final Object Repo/Login Page/Internal User/Login Button' is clicked on

2019-01-03 22:21:10 - [TEST_STEP][PASSED] - Statement - tester = com.kms.katalon.core.testobject.ObjectRepository.findTestObject(Final Object Repo/Landing Page/Select to English): Finding Test Object with id 'Object Repository/Final Object Repo/Landing Page/Select to English'

2019-01-03 22:21:10 - [TEST_STEP][PASSED] - Statement - Try: Delayed 2 second(s)

2019-01-03 22:21:10 - [TEST_STEP][PASSED] - Statement - Checker = com.kms.katalon.core.webui.keyword.WebUiBuiltInKeywords.verifyElementNotPresent(tester, 3): Web element with id: 'Object Repository/Final Object Repo/Landing Page/Select to English' located by 'By.xpath: //a[@class = 'taglib-language-list-text' and @lang = 'en-US' and (contains(text(), 'EN') or contains(., 'EN'))]' is not present after '3' second(s)

2019-01-03 22:21:12 - [MESSAGE][PASSED] - Web element with id: 'Object Repository/Final Object Repo/Landing Page/Select to English' located by 'By.xpath: //a[@class = 'taglib-language-list-text' and @lang = 'en-US' and (contains(text(), 'EN') or contains(., 'EN'))]' is not present after '3' second(s)

2019-01-03 22:21:12 - [TEST_STEP][PASSED] - Statement - If (Checker == false): null

2019-01-03 22:21:12 - [TEST_STEP][PASSED] - delay: Delayed 2 second(s)

2019-01-03 22:21:14 - [MESSAGE][PASSED] - Delayed 2 second(s)

2019-01-03 22:21:14 - [TEST_STEP][PASSED] - delay: Delayed 5 second(s)

2019-01-03 22:21:19 - [MESSAGE][PASSED] - Delayed 5 second(s)

2019-01-03 22:21:19 - [TEST_STEP][PASSED] - navigateToUrl: Navigate to 'https://assist2-uat.perkeso.gov.my/web/registration/update/update-employee-information-employee-' successfully

2019-01-03 22:21:20 - [MESSAGE][PASSED] - Navigate to 'https://assist2-uat.perkeso.gov.my/web/registration/update/update-employee-information-employee-' successfully

2019-01-03 22:21:20 - [TEST_STEP][PASSED] - click: Object: 'Object Repository/Final Object Repo/Page_Update Employee Information By Employee/Type of Identification' is clicked on

2019-01-03 22:21:20 - [MESSAGE][PASSED] - Object: 'Object Repository/Final Object Repo/Page_Update Employee Information By Employee/Type of Identification' is clicked on

2019-01-03 22:21:20 - [TEST_STEP][PASSED] - click: Object: 'Object Repository/Final Object Repo/Page Update Employee Information By Employee/Type of Identification - Name' is clicked on

2019-01-03 22:21:20 - [MESSAGE][PASSED] - Object: 'Object Repository/Final Object Repo/Page Update Employee Information By Employee/Type of Identification - Name' is clicked on

2019-01-03 22:21:20 - [TEST_STEP][PASSED] - setText: Text 'YUKI JR B' is set on object 'Object Repository/Final Object Repo/Page_Update Employee Information By Employee/New Identification'

2019-01-03 22:21:20 - [MESSAGE][PASSED] - Text 'YUKI JR B' is set on object 'Object Repository/Final Object Repo/Page_Update Employee Information By Employee/New Identification'

2019-01-03 22:21:20 - [TEST_STEP][PASSED] - click: Object: 'Object Repository/Final Object Repo/Page_Update Employee Information By Employee/Search Button' is clicked on

2019-01-03 22:21:20 - [MESSAGE][PASSED] - Object: 'Object Repository/Final Object Repo/Page_Update Employee Information By Employee/Search Button' is clicked on

2019-01-03 22:21:20 - [TEST_STEP][PASSED] - click: Object: 'Object Repository/Final Object Repo/Page_Update Employee Information By Employee/Edit Button' is clicked on

2019-01-03 22:21:25 - [MESSAGE][PASSED] - Object: 'Object Repository/Final Object Repo/Page_Update Employee Information By Employee/Edit Button' is clicked on

2019-01-03 22:21:25 - [TEST_STEP][PASSED] - delay: Delayed 2 second(s)

2019-01-03 22:21:27 - [MESSAGE][PASSED] - Delayed 2 second(s)

2019-01-03 22:21:27 - [TEST_STEP][PASSED] - click: Object: 'Object Repository/Final Object Repo/Page_Update Employee Information By Employee/Employee Information Edit Button' is clicked on

2019-01-03 22:21:27 - [MESSAGE][PASSED] - Object: 'Object Repository/Final Object Repo/Page_Update Employee Information By Employee/Employee Information Edit Button' is clicked on

2019-01-03 22:21:27 - [TEST_STEP][PASSED] - delay: Delayed 2 second(s)

2019-01-03 22:21:29 - [MESSAGE][PASSED] - Delayed 2 second(s)

2019-01-03 22:21:29 - [TEST_STEP][PASSED] - click: Object: 'Object Repository/Final Object Repo/Page_Update Employee Information By Employee/New Identification Number' is clicked on

2019-01-03 22:21:29 - [MESSAGE][PASSED] - Object: 'Object Repository/Final Object Repo/Page_Update Employee Information By Employee/New Identification Number' is clicked on

2019-01-03 22:21:29 - [TEST_STEP][PASSED] - setText: Text '' is set on object 'Object Repository/Final Object Repo/Page_Update Employee Information By Employee/New Identification Number'

2019-01-03 22:21:29 - [MESSAGE][PASSED] - Text '' is set on object 'Object Repository/Final Object Repo/Page_Update Employee Information By Employee/New Identification Number'

2019-01-03 22:21:29 - [TEST_STEP][PASSED] - Statement - rnd = new java.util.Random(): null

2019-01-03 22:21:29 - [TEST_STEP][PASSED] - Statement - snum = rnd.nextInt(899999 + 1) + 100000: null

2019-01-03 22:21:29 - [TEST_STEP][PASSED] - Statement - tnum = rnd.nextInt(899999 + 1) + 100000: null

2019-01-03 22:21:29 - [TEST_STEP][PASSED] - Statement - IC = java.lang.Integer.toString(snum) + java.lang.Integer.toString(tnum): null

2019-01-03 22:21:29 - [TEST_STEP][PASSED] - Statement - out.println(IC): null

2019-01-03 22:21:29 - [TEST_STEP][PASSED] - setText: Text '848723571938' is set on object 'Object Repository/Final Object Repo/Page_Update Employee Information By Employee/New Identification Number'

2019-01-03 22:21:30 - [MESSAGE][PASSED] - Text '848723571938' is set on object 'Object Repository/Final Object Repo/Page_Update Employee Information By Employee/New Identification Number'

2019-01-03 22:21:30 - [TEST_STEP][PASSED] - delay: Delayed 5 second(s)

2019-01-03 22:21:35 - [MESSAGE][PASSED] - Delayed 5 second(s)

2019-01-03 22:21:35 - [TEST_STEP][PASSED] - click: Object: 'Object Repository/Final Object Repo/Page_Update Employee Information By Employee/Save' is clicked on

2019-01-03 22:21:35 - [MESSAGE][PASSED] - Object: 'Object Repository/Final Object Repo/Page_Update Employee Information By Employee/Save' is clicked on

2019-01-03 22:21:35 - [TEST_STEP][PASSED] - delay: Delayed 5 second(s)

2019-01-03 22:21:40 - [MESSAGE][PASSED] - Delayed 5 second(s)

2019-01-03 22:21:40 - [TEST_STEP][PASSED] - click: Object: 'Object Repository/Final Object Repo/Page_Update Employee Information By Employee/Save  Continue in Update Employee Information' is clicked on

2019-01-03 22:21:40 - [MESSAGE][PASSED] - Object: 'Object Repository/Final Object Repo/Page_Update Employee Information By Employee/Save  Continue in Update Employee Information' is clicked on

2019-01-03 22:21:40 - [TEST_STEP][PASSED] - delay: Delayed 5 second(s)

2019-01-03 22:21:45 - [MESSAGE][PASSED] - Delayed 5 second(s)

2019-01-03 22:21:45 - [TEST_STEP][PASSED] - click: Object: 'Object Repository/Final Object Repo/Page_Update Employee Information By Employee/Save  Continue in Uploading Page' is clicked on

2019-01-03 22:21:45 - [MESSAGE][PASSED] - Object: 'Object Repository/Final Object Repo/Page_Update Employee Information By Employee/Save  Continue in Uploading Page' is clicked on

2019-01-03 22:21:45 - [TEST_STEP][PASSED] - delay: Delayed 2 second(s)

2019-01-03 22:21:47 - [MESSAGE][PASSED] - Delayed 2 second(s)

2019-01-03 22:21:47 - [TEST_STEP][PASSED] - Statement - CaseReferenceNo = com.kms.katalon.core.webui.keyword.WebUiBuiltInKeywords.getText(com.kms.katalon.core.testobject.ObjectRepository.findTestObject(Final Object Repo/Page_Update Employer Information/Reference Number in Update Employee Information Page)): Text of object 'Object Repository/Final Object Repo/Page_Update Employer Information/Reference Number in Update Employee Information Page' is: 'CUN012019C100006176'

2019-01-03 22:21:49 - [MESSAGE][PASSED] - Text of object 'Object Repository/Final Object Repo/Page_Update Employer Information/Reference Number in Update Employee Information Page' is: 'CUN012019C100006176'

2019-01-03 22:21:49 - [TEST_STEP][PASSED] - callTestCase: Call Test Case 'Test Cases/Final Aug 2018 - PKS Automation/Common/Reference Number Setter' successfully

2019-01-03 22:21:49 - [TEST_CASE][PASSED] - Test Cases/Final Aug 2018 - PKS Automation/Common/Reference Number Setter: Test Cases/Final Aug 2018 - PKS Automation/Common/Reference Number Setter

2019-01-03 22:21:49 - [TEST_STEP][PASSED] - Statement - RefNoOldFile = new java.io.File(C://Users//Admin//Desktop//PKS//Automation Reference Point//KatalonReference.txt): null

2019-01-03 22:21:49 - [TEST_STEP][PASSED] - Statement - RefNoOldFile.delete(): null

2019-01-03 22:21:49 - [TEST_STEP][PASSED] - delay: Delayed 5 second(s)

2019-01-03 22:21:54 - [MESSAGE][PASSED] - Delayed 5 second(s)

2019-01-03 22:21:54 - [TEST_STEP][PASSED] - Statement - RefNo = new java.io.File(C://Users//Admin//Desktop//PKS//Automation Reference Point//KatalonReference.txt): null

2019-01-03 22:21:54 - [TEST_STEP][PASSED] - Statement - f2 = new java.io.FileWriter(RefNo, false): null

2019-01-03 22:21:54 - [TEST_STEP][PASSED] - Statement - f2.write(CaseReferenceNo): null

2019-01-03 22:21:54 - [TEST_STEP][PASSED] - Statement - f2.close(): null

2019-01-03 22:21:54 - [TEST_STEP][PASSED] - Statement - out.println("


" + CaseReferenceNo + "


"): null

2019-01-03 22:21:54 - [MESSAGE][PASSED] - Call Test Case 'Test Cases/Final Aug 2018 - PKS Automation/Common/Reference Number Setter' successfully

2019-01-03 22:21:54 - [TEST_STEP][PASSED] - delay: Delayed 2 second(s)

2019-01-03 22:21:56 - [MESSAGE][PASSED] - Delayed 2 second(s)

2019-01-03 22:21:56 - [TEST_STEP][PASSED] - click: Object: 'Object Repository/Final Object Repo/Page_Update Employee Information By Employee/Submit' is clicked on

2019-01-03 22:21:56 - [MESSAGE][PASSED] - Object: 'Object Repository/Final Object Repo/Page_Update Employee Information By Employee/Submit' is clicked on

2019-01-03 22:21:56 - [TEST_STEP][PASSED] - delay: Delayed 2 second(s)

2019-01-03 22:21:58 - [MESSAGE][PASSED] - Delayed 2 second(s)

2019-01-03 22:21:58 - [TEST_STEP][PASSED] - click: Object: 'Object Repository/Final Object Repo/Page_Update Employee Information By Employee/Confirm Button' is clicked on

2019-01-03 22:21:59 - [MESSAGE][PASSED] - Object: 'Object Repository/Final Object Repo/Page_Update Employee Information By Employee/Confirm Button' is clicked on

2019-01-03 22:21:59 - [TEST_STEP][PASSED] - delay: Delayed 2 second(s)

2019-01-03 22:22:01 - [MESSAGE][PASSED] - Delayed 2 second(s)

2019-01-03 22:22:01 - [TEST_STEP][PASSED] - click: Object: 'Object Repository/Final Object Repo/Page_Update Employee Information By Employee/Successful Message Routed to UO' is clicked on

2019-01-03 22:22:02 - [MESSAGE][PASSED] - Object: 'Object Repository/Final Object Repo/Page_Update Employee Information By Employee/Successful Message Routed to UO' is clicked on

2019-01-03 22:22:02 - [MESSAGE][PASSED] - Call Test Case 'Test Cases/Final Aug 2018 - PKS Automation/Registration Module/Workflow/Update Employee Information (Employee)/Template/Update Employee Information - Special Case (PKRBO)' successfully

2019-01-03 22:22:02 - [TEST_STEP][PASSED] - callTestCase: Call Test Case 'Test Cases/Final Aug 2018 - PKS Automation/Registration Module/Workflow/Update Employee Information (Employee)/Template/Update Employee Information - Special Case - UO (Reject)' successfully

2019-01-03 22:22:02 - [TEST_CASE][PASSED] - Test Cases/Final Aug 2018 - PKS Automation/Registration Module/Workflow/Update Employee Information (Employee)/Template/Update Employee Information - Special Case - UO (Reject): Test Cases/Final Aug 2018 - PKS Automation/Registration Module/Workflow/Update Employee Information (Employee)/Template/Update Employee Information - Special Case - UO (Reject)

2019-01-03 22:22:02 - [TEST_STEP][NOT_RUN] - callTestCase: NOT_RUN: callTestCase

2019-01-03 22:22:02 - [MESSAGE][NOT_RUN] - NOT_RUN: callTestCase

2019-01-03 22:22:02 - [TEST_STEP][PASSED] - delay: Delayed 2 second(s)

2019-01-03 22:22:04 - [MESSAGE][PASSED] - Delayed 2 second(s)

2019-01-03 22:22:04 - [TEST_STEP][PASSED] - navigateToUrl: Navigate to 'https://assist2-uat.perkeso.gov.my/c/portal/logout' successfully

2019-01-03 22:22:05 - [MESSAGE][PASSED] - Navigate to 'https://assist2-uat.perkeso.gov.my/c/portal/logout' successfully

2019-01-03 22:22:05 - [TEST_STEP][PASSED] - delay: Delayed 2 second(s)

2019-01-03 22:22:07 - [MESSAGE][PASSED] - Delayed 2 second(s)

2019-01-03 22:22:07 - [TEST_STEP][PASSED] - callTestCase: Call Test Case 'Test Cases/Final Aug 2018 - PKS Automation/Common/Reference Number Getter' successfully

2019-01-03 22:22:07 - [TEST_CASE][PASSED] - Test Cases/Final Aug 2018 - PKS Automation/Common/Reference Number Getter: Test Cases/Final Aug 2018 - PKS Automation/Common/Reference Number Getter

2019-01-03 22:22:07 - [TEST_STEP][PASSED] - Statement - Try: null

2019-01-03 22:22:07 - [TEST_STEP][PASSED] - Statement - RefNo = new java.io.File(C://Users//Admin//Desktop//PKS//Automation Reference Point//KatalonReference.txt): null

2019-01-03 22:22:07 - [TEST_STEP][PASSED] - Statement - bufferread = new java.io.BufferedReader(new java.io.FileReader(RefNo)): null

2019-01-03 22:22:07 - [TEST_STEP][PASSED] - Statement - readedVal = bufferread.readLine(): null

2019-01-03 22:22:07 - [TEST_STEP][PASSED] - Statement - out.println(CaseReferenceNo): null

2019-01-03 22:22:07 - [TEST_STEP][PASSED] - Statement - out.println(readedVal): null

2019-01-03 22:22:07 - [TEST_STEP][PASSED] - Statement - CaseReferenceNo = "": null

2019-01-03 22:22:07 - [TEST_STEP][PASSED] - Statement - CaseReferenceNo = readedVal: null

2019-01-03 22:22:07 - [MESSAGE][PASSED] - Call Test Case 'Test Cases/Final Aug 2018 - PKS Automation/Common/Reference Number Getter' successfully

2019-01-03 22:22:07 - [TEST_STEP][PASSED] - callTestCase: Call Test Case 'Test Cases/Final Aug 2018 - PKS Automation/Common/Workflow Owner Finder' successfully

2019-01-03 22:22:07 - [TEST_CASE][PASSED] - Test Cases/Final Aug 2018 - PKS Automation/Common/Workflow Owner Finder: Test Cases/Final Aug 2018 - PKS Automation/Common/Workflow Owner Finder

2019-01-03 22:22:07 - [TEST_STEP][PASSED] - openBrowser: Browser is opened with url: ''

2019-01-03 22:22:07 - [MESSAGE][WARNING] - A browser is already opened. Closing browser and opening a new one

2019-01-03 22:22:11 - [MESSAGE][PASSED] - Browser is opened with url: ''

2019-01-03 22:22:11 - [TEST_STEP][PASSED] - navigateToUrl: Navigate to 'https://assist2-uat.perkeso.gov.my/login' successfully

2019-01-03 22:22:12 - [MESSAGE][PASSED] - Navigate to 'https://assist2-uat.perkeso.gov.my/login' successfully

2019-01-03 22:22:12 - [TEST_STEP][PASSED] - delay: Delayed 5 second(s)

2019-01-03 22:22:17 - [MESSAGE][PASSED] - Delayed 5 second(s)

2019-01-03 22:22:17 - [TEST_STEP][PASSED] - setText: Text 'test@liferay.com' is set on object 'Object Repository/Final Object Repo/Login Page/Internal User/Email Address'

2019-01-03 22:22:17 - [MESSAGE][PASSED] - Text 'test@liferay.com' is set on object 'Object Repository/Final Object Repo/Login Page/Internal User/Email Address'

2019-01-03 22:22:17 - [TEST_STEP][PASSED] - click: Object: 'Object Repository/Final Object Repo/Login Page/Internal User/Next Button' is clicked on

2019-01-03 22:22:18 - [MESSAGE][PASSED] - Object: 'Object Repository/Final Object Repo/Login Page/Internal User/Next Button' is clicked on

2019-01-03 22:22:18 - [TEST_STEP][PASSED] - delay: Delayed 2 second(s)

2019-01-03 22:22:20 - [MESSAGE][PASSED] - Delayed 2 second(s)

2019-01-03 22:22:20 - [TEST_STEP][PASSED] - setText: Text 'test' is set on object 'Object Repository/Final Object Repo/Login Page/Internal User/Password'

2019-01-03 22:22:20 - [MESSAGE][PASSED] - Text 'test' is set on object 'Object Repository/Final Object Repo/Login Page/Internal User/Password'

2019-01-03 22:22:20 - [TEST_STEP][PASSED] - delay: Delayed 2 second(s)

2019-01-03 22:22:22 - [MESSAGE][PASSED] - Delayed 2 second(s)

2019-01-03 22:22:22 - [TEST_STEP][PASSED] - click: Object: 'Object Repository/Final Object Repo/Login Page/Internal User/Login Button' is clicked on

2019-01-03 22:22:22 - [MESSAGE][PASSED] - Object: 'Object Repository/Final Object Repo/Login Page/Internal User/Login Button' is clicked on

2019-01-03 22:22:22 - [TEST_STEP][PASSED] - Statement - tester = com.kms.katalon.core.testobject.ObjectRepository.findTestObject(Final Object Repo/Landing Page/Select to English): Finding Test Object with id 'Object Repository/Final Object Repo/Landing Page/Select to English'

2019-01-03 22:22:22 - [TEST_STEP][PASSED] - Statement - Try: Delayed 2 second(s)

2019-01-03 22:22:22 - [TEST_STEP][PASSED] - Statement - Checker = com.kms.katalon.core.webui.keyword.WebUiBuiltInKeywords.verifyElementNotPresent(tester, 3): Web element with id: 'Object Repository/Final Object Repo/Landing Page/Select to English' located by 'By.xpath: //a[@class = 'taglib-language-list-text' and @lang = 'en-US' and (contains(text(), 'EN') or contains(., 'EN'))]' is not present after '3' second(s)

2019-01-03 22:22:24 - [MESSAGE][PASSED] - Web element with id: 'Object Repository/Final Object Repo/Landing Page/Select to English' located by 'By.xpath: //a[@class = 'taglib-language-list-text' and @lang = 'en-US' and (contains(text(), 'EN') or contains(., 'EN'))]' is not present after '3' second(s)

2019-01-03 22:22:24 - [TEST_STEP][PASSED] - Statement - If (Checker == false): null

2019-01-03 22:22:24 - [TEST_STEP][PASSED] - delay: Delayed 2 second(s)

2019-01-03 22:22:26 - [MESSAGE][PASSED] - Delayed 2 second(s)

2019-01-03 22:22:26 - [TEST_STEP][PASSED] - delay: Delayed 5 second(s)

2019-01-03 22:22:31 - [MESSAGE][PASSED] - Delayed 5 second(s)

2019-01-03 22:22:31 - [TEST_STEP][PASSED] - mouseOver: Object: 'Object Repository/Final Object Repo/Landing Page/WorkFlow Menu' is hovered

2019-01-03 22:22:31 - [MESSAGE][PASSED] - Object: 'Object Repository/Final Object Repo/Landing Page/WorkFlow Menu' is hovered

2019-01-03 22:22:31 - [TEST_STEP][PASSED] - delay: Delayed 2 second(s)

2019-01-03 22:22:33 - [MESSAGE][PASSED] - Delayed 2 second(s)

2019-01-03 22:22:33 - [TEST_STEP][PASSED] - click: Object: 'Object Repository/Final Object Repo/Landing Page/Select to Workflow Listing' is clicked on

2019-01-03 22:22:34 - [MESSAGE][PASSED] - Object: 'Object Repository/Final Object Repo/Landing Page/Select to Workflow Listing' is clicked on

2019-01-03 22:22:34 - [TEST_STEP][PASSED] - delay: Delayed 2 second(s)

2019-01-03 22:22:36 - [MESSAGE][PASSED] - Delayed 2 second(s)

2019-01-03 22:22:36 - [TEST_STEP][PASSED] - click: Object: 'Object Repository/Final Object Repo/WorkFlow Listing Page/Search Information - To Put Ref No' is clicked on

2019-01-03 22:22:36 - [MESSAGE][PASSED] - Object: 'Object Repository/Final Object Repo/WorkFlow Listing Page/Search Information - To Put Ref No' is clicked on

2019-01-03 22:22:36 - [TEST_STEP][PASSED] - delay: Delayed 2 second(s)

2019-01-03 22:22:38 - [MESSAGE][PASSED] - Delayed 2 second(s)

2019-01-03 22:22:38 - [TEST_STEP][PASSED] - callTestCase: Call Test Case 'Test Cases/Final Aug 2018 - PKS Automation/Common/Reference Number Getter' successfully

2019-01-03 22:22:38 - [TEST_CASE][PASSED] - Test Cases/Final Aug 2018 - PKS Automation/Common/Reference Number Getter: Test Cases/Final Aug 2018 - PKS Automation/Common/Reference Number Getter

2019-01-03 22:22:38 - [TEST_STEP][PASSED] - Statement - Try: null

2019-01-03 22:22:38 - [TEST_STEP][PASSED] - Statement - RefNo = new java.io.File(C://Users//Admin//Desktop//PKS//Automation Reference Point//KatalonReference.txt): null

2019-01-03 22:22:38 - [TEST_STEP][PASSED] - Statement - bufferread = new java.io.BufferedReader(new java.io.FileReader(RefNo)): null

2019-01-03 22:22:38 - [TEST_STEP][PASSED] - Statement - readedVal = bufferread.readLine(): null

2019-01-03 22:22:38 - [TEST_STEP][PASSED] - Statement - out.println(CaseReferenceNo): null

2019-01-03 22:22:38 - [TEST_STEP][PASSED] - Statement - out.println(readedVal): null

2019-01-03 22:22:38 - [TEST_STEP][PASSED] - Statement - CaseReferenceNo = "": null

2019-01-03 22:22:38 - [TEST_STEP][PASSED] - Statement - CaseReferenceNo = readedVal: null

2019-01-03 22:22:38 - [MESSAGE][PASSED] - Call Test Case 'Test Cases/Final Aug 2018 - PKS Automation/Common/Reference Number Getter' successfully

2019-01-03 22:22:38 - [TEST_STEP][PASSED] - setText: Text 'CUN012019C100006176' is set on object 'Object Repository/Final Object Repo/WorkFlow Listing Page/Ref No Set Text'

2019-01-03 22:22:39 - [MESSAGE][PASSED] - Text 'CUN012019C100006176' is set on object 'Object Repository/Final Object Repo/WorkFlow Listing Page/Ref No Set Text'

2019-01-03 22:22:39 - [TEST_STEP][PASSED] - delay: Delayed 2 second(s)

2019-01-03 22:22:41 - [MESSAGE][PASSED] - Delayed 2 second(s)

2019-01-03 22:22:41 - [TEST_STEP][PASSED] - click: Object: 'Object Repository/Final Object Repo/WorkFlow Listing Page/Search Ref No Search Button' is clicked on

2019-01-03 22:22:41 - [MESSAGE][PASSED] - Object: 'Object Repository/Final Object Repo/WorkFlow Listing Page/Search Ref No Search Button' is clicked on

2019-01-03 22:22:41 - [TEST_STEP][PASSED] - delay: Delayed 6 second(s)

2019-01-03 22:22:47 - [MESSAGE][PASSED] - Delayed 6 second(s)

2019-01-03 22:22:47 - [TEST_STEP][PASSED] - click: Object: 'Object Repository/Final Object Repo/WorkFlow Listing Page/Click Continue Tooltip' is clicked on

2019-01-03 22:22:48 - [MESSAGE][PASSED] - Object: 'Object Repository/Final Object Repo/WorkFlow Listing Page/Click Continue Tooltip' is clicked on

2019-01-03 22:22:48 - [TEST_STEP][PASSED] - delay: Delayed 5 second(s)

2019-01-03 22:22:53 - [MESSAGE][PASSED] - Delayed 5 second(s)

2019-01-03 22:22:53 - [TEST_STEP][PASSED] - doubleClick: Object: 'Object Repository/Final Object Repo/WorkFlow Listing Page/Workflow Found - Listing 1' is double clicked on

2019-01-03 22:22:53 - [MESSAGE][PASSED] - Object: 'Object Repository/Final Object Repo/WorkFlow Listing Page/Workflow Found - Listing 1' is double clicked on

2019-01-03 22:22:53 - [TEST_STEP][PASSED] - Statement - println(OwnerID): null

2019-01-03 22:22:53 - [TEST_STEP][PASSED] - Statement - OwnerID = com.kms.katalon.core.webui.keyword.WebUiBuiltInKeywords.getText(com.kms.katalon.core.testobject.ObjectRepository.findTestObject(Final Object Repo/WorkFlow Listing Page/Workflow Found - Listing 1), STOP_ON_FAILURE): Text of object 'Object Repository/Final Object Repo/WorkFlow Listing Page/Workflow Found - Listing 1' is: 'JOHORuo2'

2019-01-03 22:22:53 - [MESSAGE][PASSED] - Text of object 'Object Repository/Final Object Repo/WorkFlow Listing Page/Workflow Found - Listing 1' is: 'JOHORuo2'

2019-01-03 22:22:53 - [TEST_STEP][PASSED] - Statement - OwnerID = OwnerID.toLowerCase() + "@gmail.com": null

2019-01-03 22:22:53 - [TEST_STEP][PASSED] - Statement - println(OwnerID): null

2019-01-03 22:22:53 - [TEST_STEP][PASSED] - delay: Delayed 2 second(s)

2019-01-03 22:22:55 - [MESSAGE][PASSED] - Delayed 2 second(s)

2019-01-03 22:22:55 - [MESSAGE][PASSED] - Call Test Case 'Test Cases/Final Aug 2018 - PKS Automation/Common/Workflow Owner Finder' successfully

2019-01-03 22:22:55 - [TEST_STEP][PASSED] - delay: Delayed 2 second(s)

2019-01-03 22:22:57 - [MESSAGE][PASSED] - Delayed 2 second(s)

2019-01-03 22:22:57 - [TEST_STEP][PASSED] - navigateToUrl: Navigate to 'https://assist2-uat.perkeso.gov.my/c/portal/logout' successfully

2019-01-03 22:22:58 - [MESSAGE][PASSED] - Navigate to 'https://assist2-uat.perkeso.gov.my/c/portal/logout' successfully

2019-01-03 22:22:58 - [TEST_STEP][PASSED] - delay: Delayed 2 second(s)

2019-01-03 22:23:00 - [MESSAGE][PASSED] - Delayed 2 second(s)

2019-01-03 22:23:00 - [TEST_STEP][PASSED] - callTestCase: Call Test Case 'Test Cases/Final Aug 2018 - PKS Automation/Registration Module/Workflow/Login and Search Case For Workflow' successfully

2019-01-03 22:23:00 - [TEST_CASE][PASSED] - Test Cases/Final Aug 2018 - PKS Automation/Registration Module/Workflow/Login and Search Case For Workflow: Test Cases/Final Aug 2018 - PKS Automation/Registration Module/Workflow/Login and Search Case For Workflow

2019-01-03 22:23:00 - [TEST_STEP][PASSED] - navigateToUrl: Navigate to 'https://assist2-uat.perkeso.gov.my/login' successfully

2019-01-03 22:23:00 - [MESSAGE][PASSED] - Navigate to 'https://assist2-uat.perkeso.gov.my/login' successfully

2019-01-03 22:23:00 - [TEST_STEP][PASSED] - setText: Text 'johoruo2@gmail.com' is set on object 'Object Repository/Final Object Repo/Login Page/Internal User/Email Address'

2019-01-03 22:23:01 - [MESSAGE][PASSED] - Text 'johoruo2@gmail.com' is set on object 'Object Repository/Final Object Repo/Login Page/Internal User/Email Address'

2019-01-03 22:23:01 - [TEST_STEP][PASSED] - click: Object: 'Object Repository/Final Object Repo/Login Page/Internal User/Next Button' is clicked on

2019-01-03 22:23:01 - [MESSAGE][PASSED] - Object: 'Object Repository/Final Object Repo/Login Page/Internal User/Next Button' is clicked on

2019-01-03 22:23:01 - [TEST_STEP][PASSED] - delay: Delayed 1 second(s)

2019-01-03 22:23:02 - [MESSAGE][PASSED] - Delayed 1 second(s)

2019-01-03 22:23:02 - [TEST_STEP][PASSED] - setEncryptedText: Text ****** has been set on object 'Object Repository/Final Object Repo/Login Page/Internal User/Password'

2019-01-03 22:23:02 - [MESSAGE][PASSED] - Text ****** has been set on object 'Object Repository/Final Object Repo/Login Page/Internal User/Password'

2019-01-03 22:23:02 - [TEST_STEP][PASSED] - click: Object: 'Object Repository/Final Object Repo/Login Page/Internal User/Login Button' is clicked on

2019-01-03 22:23:02 - [MESSAGE][PASSED] - Object: 'Object Repository/Final Object Repo/Login Page/Internal User/Login Button' is clicked on

2019-01-03 22:23:02 - [TEST_STEP][PASSED] - delay: Delayed 2 second(s)

2019-01-03 22:23:04 - [MESSAGE][PASSED] - Delayed 2 second(s)

2019-01-03 22:23:04 - [TEST_STEP][PASSED] - Statement - Try: Delayed 2 second(s)

2019-01-03 22:23:04 - [TEST_STEP][PASSED] - Statement - Checker = false: null

2019-01-03 22:23:04 - [TEST_STEP][PASSED] - Statement - Checker = com.kms.katalon.core.webui.keyword.WebUiBuiltInKeywords.verifyElementHasAttribute(com.kms.katalon.core.testobject.ObjectRepository.findTestObject(Final Object Repo/Landing Page/BM Detecting), "href", 20, OPTIONAL): Object 'Object Repository/Final Object Repo/Landing Page/BM Detecting' has attribute 'href'

2019-01-03 22:23:04 - [MESSAGE][PASSED] - Object 'Object Repository/Final Object Repo/Landing Page/BM Detecting' has attribute 'href'

2019-01-03 22:23:04 - [TEST_STEP][PASSED] - Statement - out.println(Checker): null

2019-01-03 22:23:04 - [TEST_STEP][PASSED] - Statement - If (Checker == false): null

2019-01-03 22:23:04 - [TEST_STEP][PASSED] - Statement - Else: null

2019-01-03 22:23:04 - [TEST_STEP][PASSED] - delay: Delayed 2 second(s)

2019-01-03 22:23:06 - [MESSAGE][PASSED] - Delayed 2 second(s)

2019-01-03 22:23:06 - [TEST_STEP][PASSED] - click: Object: 'Object Repository/Final Object Repo/Page_MyASSIST - ASSIST - Search Pending Case For Add Supporting Document/Search Information' is clicked on

2019-01-03 22:23:06 - [MESSAGE][PASSED] - Object: 'Object Repository/Final Object Repo/Page_MyASSIST - ASSIST - Search Pending Case For Add Supporting Document/Search Information' is clicked on

2019-01-03 22:23:06 - [TEST_STEP][PASSED] - delay: Delayed 3 second(s)

2019-01-03 22:23:09 - [MESSAGE][PASSED] - Delayed 3 second(s)

2019-01-03 22:23:09 - [TEST_STEP][PASSED] - sendKeys: Keys 'CUN012019C100006176' sent to object: 'Object Repository/Final Object Repo/Page_MyASSIST - ASSIST - Search Pending Case For Add Supporting Document/Reference No'

2019-01-03 22:23:10 - [MESSAGE][PASSED] - Keys 'CUN012019C100006176' sent to object: 'Object Repository/Final Object Repo/Page_MyASSIST - ASSIST - Search Pending Case For Add Supporting Document/Reference No'

2019-01-03 22:23:10 - [TEST_STEP][PASSED] - click: Object: 'Object Repository/Final Object Repo/Page_MyASSIST - ASSIST - Search Pending Case For Add Supporting Document/Search Reference No' is clicked on

2019-01-03 22:23:10 - [MESSAGE][PASSED] - Object: 'Object Repository/Final Object Repo/Page_MyASSIST - ASSIST - Search Pending Case For Add Supporting Document/Search Reference No' is clicked on

2019-01-03 22:23:10 - [TEST_STEP][PASSED] - delay: Delayed 2 second(s)

2019-01-03 22:23:12 - [MESSAGE][PASSED] - Delayed 2 second(s)

2019-01-03 22:23:12 - [TEST_STEP][PASSED] - click: Object: 'Object Repository/Final Object Repo/Page_MyASSIST - ASSIST - Search Pending Case For Add Supporting Document/Continue' is clicked on

2019-01-03 22:23:16 - [MESSAGE][PASSED] - Object: 'Object Repository/Final Object Repo/Page_MyASSIST - ASSIST - Search Pending Case For Add Supporting Document/Continue' is clicked on

2019-01-03 22:23:16 - [TEST_STEP][PASSED] - delay: Delayed 20 second(s)

2019-01-03 22:23:36 - [MESSAGE][PASSED] - Delayed 20 second(s)

2019-01-03 22:23:36 - [MESSAGE][PASSED] - Call Test Case 'Test Cases/Final Aug 2018 - PKS Automation/Registration Module/Workflow/Login and Search Case For Workflow' successfully

2019-01-03 22:23:36 - [TEST_STEP][PASSED] - delay: Delayed 2 second(s)

2019-01-03 22:23:38 - [MESSAGE][PASSED] - Delayed 2 second(s)

2019-01-03 22:23:38 - [TEST_STEP][PASSED] - click: Object: 'Object Repository/Final Object Repo/Page_Update Employee Information By Employee/Page_Update Employee Information By Employee (Approve)/Continue' is clicked on

2019-01-03 22:23:41 - [MESSAGE][PASSED] - Object: 'Object Repository/Final Object Repo/Page_Update Employee Information By Employee/Page_Update Employee Information By Employee (Approve)/Continue' is clicked on

2019-01-03 22:23:41 - [TEST_STEP][PASSED] - delay: Delayed 10 second(s)

2019-01-03 22:23:51 - [MESSAGE][PASSED] - Delayed 10 second(s)

2019-01-03 22:23:51 - [TEST_STEP][PASSED] - click: Object: 'Object Repository/Final Object Repo/Page_Update Employee Information By Employer/Page_Update Employee Information by Employer (Approve)/Save  Continue in Update Employee Information Page' is clicked on

2019-01-03 22:23:51 - [MESSAGE][PASSED] - Object: 'Object Repository/Final Object Repo/Page_Update Employee Information By Employer/Page_Update Employee Information by Employer (Approve)/Save  Continue in Update Employee Information Page' is clicked on

2019-01-03 22:23:51 - [TEST_STEP][PASSED] - delay: Delayed 2 second(s)

2019-01-03 22:23:53 - [MESSAGE][PASSED] - Delayed 2 second(s)

2019-01-03 22:23:53 - [TEST_STEP][PASSED] - click: Object: 'Object Repository/Final Object Repo/Page_Update Employee Information By Employer/Page_Update Employee Information by Employer (Approve)/Save  Continue in Upload Supporting Doucument Page' is clicked on

2019-01-03 22:23:55 - [MESSAGE][PASSED] - Object: 'Object Repository/Final Object Repo/Page_Update Employee Information By Employer/Page_Update Employee Information by Employer (Approve)/Save  Continue in Upload Supporting Doucument Page' is clicked on

2019-01-03 22:23:55 - [TEST_STEP][PASSED] - delay: Delayed 2 second(s)

2019-01-03 22:23:57 - [MESSAGE][PASSED] - Delayed 2 second(s)

2019-01-03 22:23:57 - [TEST_STEP][PASSED] - click: Object: 'Object Repository/Final Object Repo/Page_Update Employee Information By Employee/Page_Update Employee Information by Employee (Reject)/Reject' is clicked on

2019-01-03 22:23:58 - [MESSAGE][PASSED] - Object: 'Object Repository/Final Object Repo/Page_Update Employee Information By Employee/Page_Update Employee Information by Employee (Reject)/Reject' is clicked on

2019-01-03 22:23:58 - [TEST_STEP][PASSED] - delay: Delayed 2 second(s)

2019-01-03 22:24:00 - [MESSAGE][PASSED] - Delayed 2 second(s)

2019-01-03 22:24:00 - [TEST_STEP][PASSED] - click: Object: 'Object Repository/Final Object Repo/Page_Update Employee Information By Employee/Page_Update Employee Information by Employee (Reject)/Confirm' is clicked on

2019-01-03 22:24:00 - [MESSAGE][PASSED] - Object: 'Object Repository/Final Object Repo/Page_Update Employee Information By Employee/Page_Update Employee Information by Employee (Reject)/Confirm' is clicked on

2019-01-03 22:24:00 - [TEST_STEP][PASSED] - delay: Delayed 2 second(s)

2019-01-03 22:24:02 - [MESSAGE][PASSED] - Delayed 2 second(s)

2019-01-03 22:24:02 - [TEST_STEP][PASSED] - verifyElementVisible: Object 'Object Repository/Final Object Repo/Page_Update Employee Information By Employee/Page_Update Employee Information by Employee (Reject)/Message This Case has been Rejected' is visible

2019-01-03 22:24:06 - [MESSAGE][PASSED] - Object 'Object Repository/Final Object Repo/Page_Update Employee Information By Employee/Page_Update Employee Information by Employee (Reject)/Message This Case has been Rejected' is visible

2019-01-03 22:24:06 - [TEST_STEP][PASSED] - verifyElementVisible: Object 'Object Repository/Final Object Repo/Page_Update Employee Information By Employee/Page_Update Employee Information by Employee (Reject)/Letter of update rejection' is visible

2019-01-03 22:24:06 - [MESSAGE][PASSED] - Object 'Object Repository/Final Object Repo/Page_Update Employee Information By Employee/Page_Update Employee Information by Employee (Reject)/Letter of update rejection' is visible

2019-01-03 22:24:06 - [MESSAGE][PASSED] - Call Test Case 'Test Cases/Final Aug 2018 - PKS Automation/Registration Module/Workflow/Update Employee Information (Employee)/Template/Update Employee Information - Special Case - UO (Reject)' successfully]]></system-out>
         <system-err><![CDATA[]]></system-err>
      </testcase>
      <testcase name="Test Cases/Final Aug 2018 - PKS Automation/Registration Module/Workflow/Update Employee Information (Employee)/PKRBO to UO (Under enforcement)" classname="Test Cases/Final Aug 2018 - PKS Automation/Registration Module/Workflow/Update Employee Information (Employee)/PKRBO to UO (Under enforcement)" status="PASSED">
         <system-out><![CDATA[2019-01-03 22:24:06 - [TEST_CASE][PASSED] - Test Cases/Final Aug 2018 - PKS Automation/Registration Module/Workflow/Update Employee Information (Employee)/PKRBO to UO (Under enforcement): Test Cases/Final Aug 2018 - PKS Automation/Registration Module/Workflow/Update Employee Information (Employee)/PKRBO to UO (Under enforcement)

2019-01-03 22:24:06 - [TEST_STEP][PASSED] - callTestCase: Call Test Case 'Test Cases/Final Aug 2018 - PKS Automation/Registration Module/Workflow/Update Employee Information (Employee)/Template/Update Employee Information - Special Case (PKRBO)' successfully

2019-01-03 22:24:06 - [TEST_CASE][PASSED] - Test Cases/Final Aug 2018 - PKS Automation/Registration Module/Workflow/Update Employee Information (Employee)/Template/Update Employee Information - Special Case (PKRBO): Test Cases/Final Aug 2018 - PKS Automation/Registration Module/Workflow/Update Employee Information (Employee)/Template/Update Employee Information - Special Case (PKRBO)

2019-01-03 22:24:06 - [TEST_STEP][PASSED] - openBrowser: Browser is opened with url: ''

2019-01-03 22:24:06 - [MESSAGE][WARNING] - A browser is already opened. Closing browser and opening a new one

2019-01-03 22:24:10 - [MESSAGE][PASSED] - Browser is opened with url: ''

2019-01-03 22:24:10 - [TEST_STEP][PASSED] - navigateToUrl: Navigate to 'https://assist2-uat.perkeso.gov.my/login' successfully

2019-01-03 22:24:11 - [MESSAGE][PASSED] - Navigate to 'https://assist2-uat.perkeso.gov.my/login' successfully

2019-01-03 22:24:11 - [TEST_STEP][PASSED] - setText: Text 'johorotc1@gmail.com' is set on object 'Object Repository/Final Object Repo/Login Page/Internal User/Email Address'

2019-01-03 22:24:11 - [MESSAGE][PASSED] - Text 'johorotc1@gmail.com' is set on object 'Object Repository/Final Object Repo/Login Page/Internal User/Email Address'

2019-01-03 22:24:11 - [TEST_STEP][PASSED] - click: Object: 'Object Repository/Final Object Repo/Login Page/Internal User/Next Button' is clicked on

2019-01-03 22:24:11 - [MESSAGE][PASSED] - Object: 'Object Repository/Final Object Repo/Login Page/Internal User/Next Button' is clicked on

2019-01-03 22:24:11 - [TEST_STEP][PASSED] - delay: Delayed 1 second(s)

2019-01-03 22:24:12 - [MESSAGE][PASSED] - Delayed 1 second(s)

2019-01-03 22:24:12 - [TEST_STEP][PASSED] - setEncryptedText: Text ****** has been set on object 'Object Repository/Final Object Repo/Login Page/Internal User/Password'

2019-01-03 22:24:13 - [MESSAGE][PASSED] - Text ****** has been set on object 'Object Repository/Final Object Repo/Login Page/Internal User/Password'

2019-01-03 22:24:13 - [TEST_STEP][PASSED] - click: Object: 'Object Repository/Final Object Repo/Login Page/Internal User/Login Button' is clicked on

2019-01-03 22:24:13 - [MESSAGE][PASSED] - Object: 'Object Repository/Final Object Repo/Login Page/Internal User/Login Button' is clicked on

2019-01-03 22:24:13 - [TEST_STEP][PASSED] - Statement - tester = com.kms.katalon.core.testobject.ObjectRepository.findTestObject(Final Object Repo/Landing Page/Select to English): Finding Test Object with id 'Object Repository/Final Object Repo/Landing Page/Select to English'

2019-01-03 22:24:13 - [TEST_STEP][PASSED] - Statement - Try: Delayed 2 second(s)

2019-01-03 22:24:13 - [TEST_STEP][PASSED] - Statement - Checker = com.kms.katalon.core.webui.keyword.WebUiBuiltInKeywords.verifyElementNotPresent(tester, 3): Web element with id: 'Object Repository/Final Object Repo/Landing Page/Select to English' located by 'By.xpath: //a[@class = 'taglib-language-list-text' and @lang = 'en-US' and (contains(text(), 'EN') or contains(., 'EN'))]' is not present after '3' second(s)

2019-01-03 22:24:14 - [MESSAGE][PASSED] - Web element with id: 'Object Repository/Final Object Repo/Landing Page/Select to English' located by 'By.xpath: //a[@class = 'taglib-language-list-text' and @lang = 'en-US' and (contains(text(), 'EN') or contains(., 'EN'))]' is not present after '3' second(s)

2019-01-03 22:24:14 - [TEST_STEP][PASSED] - Statement - If (Checker == false): null

2019-01-03 22:24:14 - [TEST_STEP][PASSED] - delay: Delayed 2 second(s)

2019-01-03 22:24:16 - [MESSAGE][PASSED] - Delayed 2 second(s)

2019-01-03 22:24:16 - [TEST_STEP][PASSED] - delay: Delayed 5 second(s)

2019-01-03 22:24:21 - [MESSAGE][PASSED] - Delayed 5 second(s)

2019-01-03 22:24:21 - [TEST_STEP][PASSED] - navigateToUrl: Navigate to 'https://assist2-uat.perkeso.gov.my/web/registration/update/update-employee-information-employee-' successfully

2019-01-03 22:24:22 - [MESSAGE][PASSED] - Navigate to 'https://assist2-uat.perkeso.gov.my/web/registration/update/update-employee-information-employee-' successfully

2019-01-03 22:24:22 - [TEST_STEP][PASSED] - click: Object: 'Object Repository/Final Object Repo/Page_Update Employee Information By Employee/Type of Identification' is clicked on

2019-01-03 22:24:22 - [MESSAGE][PASSED] - Object: 'Object Repository/Final Object Repo/Page_Update Employee Information By Employee/Type of Identification' is clicked on

2019-01-03 22:24:22 - [TEST_STEP][PASSED] - click: Object: 'Object Repository/Final Object Repo/Page Update Employee Information By Employee/Type of Identification - Name' is clicked on

2019-01-03 22:24:23 - [MESSAGE][PASSED] - Object: 'Object Repository/Final Object Repo/Page Update Employee Information By Employee/Type of Identification - Name' is clicked on

2019-01-03 22:24:23 - [TEST_STEP][PASSED] - setText: Text 'YUKI JR B' is set on object 'Object Repository/Final Object Repo/Page_Update Employee Information By Employee/New Identification'

2019-01-03 22:24:23 - [MESSAGE][PASSED] - Text 'YUKI JR B' is set on object 'Object Repository/Final Object Repo/Page_Update Employee Information By Employee/New Identification'

2019-01-03 22:24:23 - [TEST_STEP][PASSED] - click: Object: 'Object Repository/Final Object Repo/Page_Update Employee Information By Employee/Search Button' is clicked on

2019-01-03 22:24:23 - [MESSAGE][PASSED] - Object: 'Object Repository/Final Object Repo/Page_Update Employee Information By Employee/Search Button' is clicked on

2019-01-03 22:24:23 - [TEST_STEP][PASSED] - click: Object: 'Object Repository/Final Object Repo/Page_Update Employee Information By Employee/Edit Button' is clicked on

2019-01-03 22:24:28 - [MESSAGE][PASSED] - Object: 'Object Repository/Final Object Repo/Page_Update Employee Information By Employee/Edit Button' is clicked on

2019-01-03 22:24:28 - [TEST_STEP][PASSED] - delay: Delayed 2 second(s)

2019-01-03 22:24:30 - [MESSAGE][PASSED] - Delayed 2 second(s)

2019-01-03 22:24:30 - [TEST_STEP][PASSED] - click: Object: 'Object Repository/Final Object Repo/Page_Update Employee Information By Employee/Employee Information Edit Button' is clicked on

2019-01-03 22:24:30 - [MESSAGE][PASSED] - Object: 'Object Repository/Final Object Repo/Page_Update Employee Information By Employee/Employee Information Edit Button' is clicked on

2019-01-03 22:24:30 - [TEST_STEP][PASSED] - delay: Delayed 2 second(s)

2019-01-03 22:24:32 - [MESSAGE][PASSED] - Delayed 2 second(s)

2019-01-03 22:24:32 - [TEST_STEP][PASSED] - click: Object: 'Object Repository/Final Object Repo/Page_Update Employee Information By Employee/New Identification Number' is clicked on

2019-01-03 22:24:32 - [MESSAGE][PASSED] - Object: 'Object Repository/Final Object Repo/Page_Update Employee Information By Employee/New Identification Number' is clicked on

2019-01-03 22:24:32 - [TEST_STEP][PASSED] - setText: Text '' is set on object 'Object Repository/Final Object Repo/Page_Update Employee Information By Employee/New Identification Number'

2019-01-03 22:24:32 - [MESSAGE][PASSED] - Text '' is set on object 'Object Repository/Final Object Repo/Page_Update Employee Information By Employee/New Identification Number'

2019-01-03 22:24:32 - [TEST_STEP][PASSED] - Statement - rnd = new java.util.Random(): null

2019-01-03 22:24:32 - [TEST_STEP][PASSED] - Statement - snum = rnd.nextInt(899999 + 1) + 100000: null

2019-01-03 22:24:32 - [TEST_STEP][PASSED] - Statement - tnum = rnd.nextInt(899999 + 1) + 100000: null

2019-01-03 22:24:32 - [TEST_STEP][PASSED] - Statement - IC = java.lang.Integer.toString(snum) + java.lang.Integer.toString(tnum): null

2019-01-03 22:24:32 - [TEST_STEP][PASSED] - Statement - out.println(IC): null

2019-01-03 22:24:32 - [TEST_STEP][PASSED] - setText: Text '496382485194' is set on object 'Object Repository/Final Object Repo/Page_Update Employee Information By Employee/New Identification Number'

2019-01-03 22:24:32 - [MESSAGE][PASSED] - Text '496382485194' is set on object 'Object Repository/Final Object Repo/Page_Update Employee Information By Employee/New Identification Number'

2019-01-03 22:24:32 - [TEST_STEP][PASSED] - delay: Delayed 5 second(s)

2019-01-03 22:24:37 - [MESSAGE][PASSED] - Delayed 5 second(s)

2019-01-03 22:24:37 - [TEST_STEP][PASSED] - click: Object: 'Object Repository/Final Object Repo/Page_Update Employee Information By Employee/Save' is clicked on

2019-01-03 22:24:37 - [MESSAGE][PASSED] - Object: 'Object Repository/Final Object Repo/Page_Update Employee Information By Employee/Save' is clicked on

2019-01-03 22:24:37 - [TEST_STEP][PASSED] - delay: Delayed 5 second(s)

2019-01-03 22:24:42 - [MESSAGE][PASSED] - Delayed 5 second(s)

2019-01-03 22:24:42 - [TEST_STEP][PASSED] - click: Object: 'Object Repository/Final Object Repo/Page_Update Employee Information By Employee/Save  Continue in Update Employee Information' is clicked on

2019-01-03 22:24:43 - [MESSAGE][PASSED] - Object: 'Object Repository/Final Object Repo/Page_Update Employee Information By Employee/Save  Continue in Update Employee Information' is clicked on

2019-01-03 22:24:43 - [TEST_STEP][PASSED] - delay: Delayed 5 second(s)

2019-01-03 22:24:48 - [MESSAGE][PASSED] - Delayed 5 second(s)

2019-01-03 22:24:48 - [TEST_STEP][PASSED] - click: Object: 'Object Repository/Final Object Repo/Page_Update Employee Information By Employee/Save  Continue in Uploading Page' is clicked on

2019-01-03 22:24:48 - [MESSAGE][PASSED] - Object: 'Object Repository/Final Object Repo/Page_Update Employee Information By Employee/Save  Continue in Uploading Page' is clicked on

2019-01-03 22:24:48 - [TEST_STEP][PASSED] - delay: Delayed 2 second(s)

2019-01-03 22:24:50 - [MESSAGE][PASSED] - Delayed 2 second(s)

2019-01-03 22:24:50 - [TEST_STEP][PASSED] - Statement - CaseReferenceNo = com.kms.katalon.core.webui.keyword.WebUiBuiltInKeywords.getText(com.kms.katalon.core.testobject.ObjectRepository.findTestObject(Final Object Repo/Page_Update Employer Information/Reference Number in Update Employee Information Page)): Text of object 'Object Repository/Final Object Repo/Page_Update Employer Information/Reference Number in Update Employee Information Page' is: 'CUN012019C100006177'

2019-01-03 22:24:52 - [MESSAGE][PASSED] - Text of object 'Object Repository/Final Object Repo/Page_Update Employer Information/Reference Number in Update Employee Information Page' is: 'CUN012019C100006177'

2019-01-03 22:24:52 - [TEST_STEP][PASSED] - callTestCase: Call Test Case 'Test Cases/Final Aug 2018 - PKS Automation/Common/Reference Number Setter' successfully

2019-01-03 22:24:52 - [TEST_CASE][PASSED] - Test Cases/Final Aug 2018 - PKS Automation/Common/Reference Number Setter: Test Cases/Final Aug 2018 - PKS Automation/Common/Reference Number Setter

2019-01-03 22:24:52 - [TEST_STEP][PASSED] - Statement - RefNoOldFile = new java.io.File(C://Users//Admin//Desktop//PKS//Automation Reference Point//KatalonReference.txt): null

2019-01-03 22:24:52 - [TEST_STEP][PASSED] - Statement - RefNoOldFile.delete(): null

2019-01-03 22:24:52 - [TEST_STEP][PASSED] - delay: Delayed 5 second(s)

2019-01-03 22:24:57 - [MESSAGE][PASSED] - Delayed 5 second(s)

2019-01-03 22:24:57 - [TEST_STEP][PASSED] - Statement - RefNo = new java.io.File(C://Users//Admin//Desktop//PKS//Automation Reference Point//KatalonReference.txt): null

2019-01-03 22:24:57 - [TEST_STEP][PASSED] - Statement - f2 = new java.io.FileWriter(RefNo, false): null

2019-01-03 22:24:57 - [TEST_STEP][PASSED] - Statement - f2.write(CaseReferenceNo): null

2019-01-03 22:24:57 - [TEST_STEP][PASSED] - Statement - f2.close(): null

2019-01-03 22:24:57 - [TEST_STEP][PASSED] - Statement - out.println("


" + CaseReferenceNo + "


"): null

2019-01-03 22:24:57 - [MESSAGE][PASSED] - Call Test Case 'Test Cases/Final Aug 2018 - PKS Automation/Common/Reference Number Setter' successfully

2019-01-03 22:24:57 - [TEST_STEP][PASSED] - delay: Delayed 2 second(s)

2019-01-03 22:24:59 - [MESSAGE][PASSED] - Delayed 2 second(s)

2019-01-03 22:24:59 - [TEST_STEP][PASSED] - click: Object: 'Object Repository/Final Object Repo/Page_Update Employee Information By Employee/Submit' is clicked on

2019-01-03 22:24:59 - [MESSAGE][PASSED] - Object: 'Object Repository/Final Object Repo/Page_Update Employee Information By Employee/Submit' is clicked on

2019-01-03 22:24:59 - [TEST_STEP][PASSED] - delay: Delayed 2 second(s)

2019-01-03 22:25:01 - [MESSAGE][PASSED] - Delayed 2 second(s)

2019-01-03 22:25:01 - [TEST_STEP][PASSED] - click: Object: 'Object Repository/Final Object Repo/Page_Update Employee Information By Employee/Confirm Button' is clicked on

2019-01-03 22:25:01 - [MESSAGE][PASSED] - Object: 'Object Repository/Final Object Repo/Page_Update Employee Information By Employee/Confirm Button' is clicked on

2019-01-03 22:25:01 - [TEST_STEP][PASSED] - delay: Delayed 2 second(s)

2019-01-03 22:25:03 - [MESSAGE][PASSED] - Delayed 2 second(s)

2019-01-03 22:25:03 - [TEST_STEP][PASSED] - click: Object: 'Object Repository/Final Object Repo/Page_Update Employee Information By Employee/Successful Message Routed to UO' is clicked on

2019-01-03 22:25:05 - [MESSAGE][PASSED] - Object: 'Object Repository/Final Object Repo/Page_Update Employee Information By Employee/Successful Message Routed to UO' is clicked on

2019-01-03 22:25:05 - [MESSAGE][PASSED] - Call Test Case 'Test Cases/Final Aug 2018 - PKS Automation/Registration Module/Workflow/Update Employee Information (Employee)/Template/Update Employee Information - Special Case (PKRBO)' successfully

2019-01-03 22:25:05 - [TEST_STEP][PASSED] - callTestCase: Call Test Case 'Test Cases/Final Aug 2018 - PKS Automation/Registration Module/Workflow/Update Employee Information (Employee)/Template/Update Employee Information - Special Case - UO (Under enforcement)' successfully

2019-01-03 22:25:05 - [TEST_CASE][PASSED] - Test Cases/Final Aug 2018 - PKS Automation/Registration Module/Workflow/Update Employee Information (Employee)/Template/Update Employee Information - Special Case - UO (Under enforcement): Test Cases/Final Aug 2018 - PKS Automation/Registration Module/Workflow/Update Employee Information (Employee)/Template/Update Employee Information - Special Case - UO (Under enforcement)

2019-01-03 22:25:05 - [TEST_STEP][NOT_RUN] - callTestCase: NOT_RUN: callTestCase

2019-01-03 22:25:05 - [MESSAGE][NOT_RUN] - NOT_RUN: callTestCase

2019-01-03 22:25:05 - [TEST_STEP][PASSED] - delay: Delayed 2 second(s)

2019-01-03 22:25:07 - [MESSAGE][PASSED] - Delayed 2 second(s)

2019-01-03 22:25:07 - [TEST_STEP][PASSED] - navigateToUrl: Navigate to 'https://assist2-uat.perkeso.gov.my/c/portal/logout' successfully

2019-01-03 22:25:08 - [MESSAGE][PASSED] - Navigate to 'https://assist2-uat.perkeso.gov.my/c/portal/logout' successfully

2019-01-03 22:25:08 - [TEST_STEP][PASSED] - delay: Delayed 2 second(s)

2019-01-03 22:25:10 - [MESSAGE][PASSED] - Delayed 2 second(s)

2019-01-03 22:25:10 - [TEST_STEP][PASSED] - callTestCase: Call Test Case 'Test Cases/Final Aug 2018 - PKS Automation/Common/Reference Number Getter' successfully

2019-01-03 22:25:10 - [TEST_CASE][PASSED] - Test Cases/Final Aug 2018 - PKS Automation/Common/Reference Number Getter: Test Cases/Final Aug 2018 - PKS Automation/Common/Reference Number Getter

2019-01-03 22:25:10 - [TEST_STEP][PASSED] - Statement - Try: null

2019-01-03 22:25:10 - [TEST_STEP][PASSED] - Statement - RefNo = new java.io.File(C://Users//Admin//Desktop//PKS//Automation Reference Point//KatalonReference.txt): null

2019-01-03 22:25:10 - [TEST_STEP][PASSED] - Statement - bufferread = new java.io.BufferedReader(new java.io.FileReader(RefNo)): null

2019-01-03 22:25:10 - [TEST_STEP][PASSED] - Statement - readedVal = bufferread.readLine(): null

2019-01-03 22:25:10 - [TEST_STEP][PASSED] - Statement - out.println(CaseReferenceNo): null

2019-01-03 22:25:10 - [TEST_STEP][PASSED] - Statement - out.println(readedVal): null

2019-01-03 22:25:10 - [TEST_STEP][PASSED] - Statement - CaseReferenceNo = "": null

2019-01-03 22:25:10 - [TEST_STEP][PASSED] - Statement - CaseReferenceNo = readedVal: null

2019-01-03 22:25:10 - [MESSAGE][PASSED] - Call Test Case 'Test Cases/Final Aug 2018 - PKS Automation/Common/Reference Number Getter' successfully

2019-01-03 22:25:10 - [TEST_STEP][PASSED] - callTestCase: Call Test Case 'Test Cases/Final Aug 2018 - PKS Automation/Common/Workflow Owner Finder' successfully

2019-01-03 22:25:10 - [TEST_CASE][PASSED] - Test Cases/Final Aug 2018 - PKS Automation/Common/Workflow Owner Finder: Test Cases/Final Aug 2018 - PKS Automation/Common/Workflow Owner Finder

2019-01-03 22:25:10 - [TEST_STEP][PASSED] - openBrowser: Browser is opened with url: ''

2019-01-03 22:25:10 - [MESSAGE][WARNING] - A browser is already opened. Closing browser and opening a new one

2019-01-03 22:25:14 - [MESSAGE][PASSED] - Browser is opened with url: ''

2019-01-03 22:25:14 - [TEST_STEP][PASSED] - navigateToUrl: Navigate to 'https://assist2-uat.perkeso.gov.my/login' successfully

2019-01-03 22:25:15 - [MESSAGE][PASSED] - Navigate to 'https://assist2-uat.perkeso.gov.my/login' successfully

2019-01-03 22:25:15 - [TEST_STEP][PASSED] - delay: Delayed 5 second(s)

2019-01-03 22:25:20 - [MESSAGE][PASSED] - Delayed 5 second(s)

2019-01-03 22:25:20 - [TEST_STEP][PASSED] - setText: Text 'test@liferay.com' is set on object 'Object Repository/Final Object Repo/Login Page/Internal User/Email Address'

2019-01-03 22:25:20 - [MESSAGE][PASSED] - Text 'test@liferay.com' is set on object 'Object Repository/Final Object Repo/Login Page/Internal User/Email Address'

2019-01-03 22:25:20 - [TEST_STEP][PASSED] - click: Object: 'Object Repository/Final Object Repo/Login Page/Internal User/Next Button' is clicked on

2019-01-03 22:25:20 - [MESSAGE][PASSED] - Object: 'Object Repository/Final Object Repo/Login Page/Internal User/Next Button' is clicked on

2019-01-03 22:25:20 - [TEST_STEP][PASSED] - delay: Delayed 2 second(s)

2019-01-03 22:25:22 - [MESSAGE][PASSED] - Delayed 2 second(s)

2019-01-03 22:25:22 - [TEST_STEP][PASSED] - setText: Text 'test' is set on object 'Object Repository/Final Object Repo/Login Page/Internal User/Password'

2019-01-03 22:25:22 - [MESSAGE][PASSED] - Text 'test' is set on object 'Object Repository/Final Object Repo/Login Page/Internal User/Password'

2019-01-03 22:25:22 - [TEST_STEP][PASSED] - delay: Delayed 2 second(s)

2019-01-03 22:25:24 - [MESSAGE][PASSED] - Delayed 2 second(s)

2019-01-03 22:25:24 - [TEST_STEP][PASSED] - click: Object: 'Object Repository/Final Object Repo/Login Page/Internal User/Login Button' is clicked on

2019-01-03 22:25:24 - [MESSAGE][PASSED] - Object: 'Object Repository/Final Object Repo/Login Page/Internal User/Login Button' is clicked on

2019-01-03 22:25:24 - [TEST_STEP][PASSED] - Statement - tester = com.kms.katalon.core.testobject.ObjectRepository.findTestObject(Final Object Repo/Landing Page/Select to English): Finding Test Object with id 'Object Repository/Final Object Repo/Landing Page/Select to English'

2019-01-03 22:25:24 - [TEST_STEP][PASSED] - Statement - Try: Delayed 2 second(s)

2019-01-03 22:25:24 - [TEST_STEP][PASSED] - Statement - Checker = com.kms.katalon.core.webui.keyword.WebUiBuiltInKeywords.verifyElementNotPresent(tester, 3): Web element with id: 'Object Repository/Final Object Repo/Landing Page/Select to English' located by 'By.xpath: //a[@class = 'taglib-language-list-text' and @lang = 'en-US' and (contains(text(), 'EN') or contains(., 'EN'))]' is not present after '3' second(s)

2019-01-03 22:25:26 - [MESSAGE][PASSED] - Web element with id: 'Object Repository/Final Object Repo/Landing Page/Select to English' located by 'By.xpath: //a[@class = 'taglib-language-list-text' and @lang = 'en-US' and (contains(text(), 'EN') or contains(., 'EN'))]' is not present after '3' second(s)

2019-01-03 22:25:26 - [TEST_STEP][PASSED] - Statement - If (Checker == false): null

2019-01-03 22:25:26 - [TEST_STEP][PASSED] - delay: Delayed 2 second(s)

2019-01-03 22:25:28 - [MESSAGE][PASSED] - Delayed 2 second(s)

2019-01-03 22:25:28 - [TEST_STEP][PASSED] - delay: Delayed 5 second(s)

2019-01-03 22:25:33 - [MESSAGE][PASSED] - Delayed 5 second(s)

2019-01-03 22:25:33 - [TEST_STEP][PASSED] - mouseOver: Object: 'Object Repository/Final Object Repo/Landing Page/WorkFlow Menu' is hovered

2019-01-03 22:25:33 - [MESSAGE][PASSED] - Object: 'Object Repository/Final Object Repo/Landing Page/WorkFlow Menu' is hovered

2019-01-03 22:25:33 - [TEST_STEP][PASSED] - delay: Delayed 2 second(s)

2019-01-03 22:25:35 - [MESSAGE][PASSED] - Delayed 2 second(s)

2019-01-03 22:25:35 - [TEST_STEP][PASSED] - click: Object: 'Object Repository/Final Object Repo/Landing Page/Select to Workflow Listing' is clicked on

2019-01-03 22:25:36 - [MESSAGE][PASSED] - Object: 'Object Repository/Final Object Repo/Landing Page/Select to Workflow Listing' is clicked on

2019-01-03 22:25:36 - [TEST_STEP][PASSED] - delay: Delayed 2 second(s)

2019-01-03 22:25:38 - [MESSAGE][PASSED] - Delayed 2 second(s)

2019-01-03 22:25:38 - [TEST_STEP][PASSED] - click: Object: 'Object Repository/Final Object Repo/WorkFlow Listing Page/Search Information - To Put Ref No' is clicked on

2019-01-03 22:25:39 - [MESSAGE][PASSED] - Object: 'Object Repository/Final Object Repo/WorkFlow Listing Page/Search Information - To Put Ref No' is clicked on

2019-01-03 22:25:39 - [TEST_STEP][PASSED] - delay: Delayed 2 second(s)

2019-01-03 22:25:41 - [MESSAGE][PASSED] - Delayed 2 second(s)

2019-01-03 22:25:41 - [TEST_STEP][PASSED] - callTestCase: Call Test Case 'Test Cases/Final Aug 2018 - PKS Automation/Common/Reference Number Getter' successfully

2019-01-03 22:25:41 - [TEST_CASE][PASSED] - Test Cases/Final Aug 2018 - PKS Automation/Common/Reference Number Getter: Test Cases/Final Aug 2018 - PKS Automation/Common/Reference Number Getter

2019-01-03 22:25:41 - [TEST_STEP][PASSED] - Statement - Try: null

2019-01-03 22:25:41 - [TEST_STEP][PASSED] - Statement - RefNo = new java.io.File(C://Users//Admin//Desktop//PKS//Automation Reference Point//KatalonReference.txt): null

2019-01-03 22:25:41 - [TEST_STEP][PASSED] - Statement - bufferread = new java.io.BufferedReader(new java.io.FileReader(RefNo)): null

2019-01-03 22:25:41 - [TEST_STEP][PASSED] - Statement - readedVal = bufferread.readLine(): null

2019-01-03 22:25:41 - [TEST_STEP][PASSED] - Statement - out.println(CaseReferenceNo): null

2019-01-03 22:25:41 - [TEST_STEP][PASSED] - Statement - out.println(readedVal): null

2019-01-03 22:25:41 - [TEST_STEP][PASSED] - Statement - CaseReferenceNo = "": null

2019-01-03 22:25:41 - [TEST_STEP][PASSED] - Statement - CaseReferenceNo = readedVal: null

2019-01-03 22:25:41 - [MESSAGE][PASSED] - Call Test Case 'Test Cases/Final Aug 2018 - PKS Automation/Common/Reference Number Getter' successfully

2019-01-03 22:25:41 - [TEST_STEP][PASSED] - setText: Text 'CUN012019C100006177' is set on object 'Object Repository/Final Object Repo/WorkFlow Listing Page/Ref No Set Text'

2019-01-03 22:25:41 - [MESSAGE][PASSED] - Text 'CUN012019C100006177' is set on object 'Object Repository/Final Object Repo/WorkFlow Listing Page/Ref No Set Text'

2019-01-03 22:25:41 - [TEST_STEP][PASSED] - delay: Delayed 2 second(s)

2019-01-03 22:25:43 - [MESSAGE][PASSED] - Delayed 2 second(s)

2019-01-03 22:25:43 - [TEST_STEP][PASSED] - click: Object: 'Object Repository/Final Object Repo/WorkFlow Listing Page/Search Ref No Search Button' is clicked on

2019-01-03 22:25:43 - [MESSAGE][PASSED] - Object: 'Object Repository/Final Object Repo/WorkFlow Listing Page/Search Ref No Search Button' is clicked on

2019-01-03 22:25:43 - [TEST_STEP][PASSED] - delay: Delayed 6 second(s)

2019-01-03 22:25:49 - [MESSAGE][PASSED] - Delayed 6 second(s)

2019-01-03 22:25:49 - [TEST_STEP][PASSED] - click: Object: 'Object Repository/Final Object Repo/WorkFlow Listing Page/Click Continue Tooltip' is clicked on

2019-01-03 22:25:50 - [MESSAGE][PASSED] - Object: 'Object Repository/Final Object Repo/WorkFlow Listing Page/Click Continue Tooltip' is clicked on

2019-01-03 22:25:50 - [TEST_STEP][PASSED] - delay: Delayed 5 second(s)

2019-01-03 22:25:55 - [MESSAGE][PASSED] - Delayed 5 second(s)

2019-01-03 22:25:55 - [TEST_STEP][PASSED] - doubleClick: Object: 'Object Repository/Final Object Repo/WorkFlow Listing Page/Workflow Found - Listing 1' is double clicked on

2019-01-03 22:25:55 - [MESSAGE][PASSED] - Object: 'Object Repository/Final Object Repo/WorkFlow Listing Page/Workflow Found - Listing 1' is double clicked on

2019-01-03 22:25:55 - [TEST_STEP][PASSED] - Statement - println(OwnerID): null

2019-01-03 22:25:55 - [TEST_STEP][PASSED] - Statement - OwnerID = com.kms.katalon.core.webui.keyword.WebUiBuiltInKeywords.getText(com.kms.katalon.core.testobject.ObjectRepository.findTestObject(Final Object Repo/WorkFlow Listing Page/Workflow Found - Listing 1), STOP_ON_FAILURE): Text of object 'Object Repository/Final Object Repo/WorkFlow Listing Page/Workflow Found - Listing 1' is: 'JOHORuo3'

2019-01-03 22:25:55 - [MESSAGE][PASSED] - Text of object 'Object Repository/Final Object Repo/WorkFlow Listing Page/Workflow Found - Listing 1' is: 'JOHORuo3'

2019-01-03 22:25:55 - [TEST_STEP][PASSED] - Statement - OwnerID = OwnerID.toLowerCase() + "@gmail.com": null

2019-01-03 22:25:55 - [TEST_STEP][PASSED] - Statement - println(OwnerID): null

2019-01-03 22:25:55 - [TEST_STEP][PASSED] - delay: Delayed 2 second(s)

2019-01-03 22:25:57 - [MESSAGE][PASSED] - Delayed 2 second(s)

2019-01-03 22:25:57 - [MESSAGE][PASSED] - Call Test Case 'Test Cases/Final Aug 2018 - PKS Automation/Common/Workflow Owner Finder' successfully

2019-01-03 22:25:57 - [TEST_STEP][PASSED] - delay: Delayed 2 second(s)

2019-01-03 22:25:59 - [MESSAGE][PASSED] - Delayed 2 second(s)

2019-01-03 22:25:59 - [TEST_STEP][PASSED] - navigateToUrl: Navigate to 'https://assist2-uat.perkeso.gov.my/c/portal/logout' successfully

2019-01-03 22:26:00 - [MESSAGE][PASSED] - Navigate to 'https://assist2-uat.perkeso.gov.my/c/portal/logout' successfully

2019-01-03 22:26:00 - [TEST_STEP][PASSED] - delay: Delayed 2 second(s)

2019-01-03 22:26:02 - [MESSAGE][PASSED] - Delayed 2 second(s)

2019-01-03 22:26:02 - [TEST_STEP][PASSED] - callTestCase: Call Test Case 'Test Cases/Final Aug 2018 - PKS Automation/Registration Module/Workflow/Login and Search Case For Workflow' successfully

2019-01-03 22:26:02 - [TEST_CASE][PASSED] - Test Cases/Final Aug 2018 - PKS Automation/Registration Module/Workflow/Login and Search Case For Workflow: Test Cases/Final Aug 2018 - PKS Automation/Registration Module/Workflow/Login and Search Case For Workflow

2019-01-03 22:26:02 - [TEST_STEP][PASSED] - navigateToUrl: Navigate to 'https://assist2-uat.perkeso.gov.my/login' successfully

2019-01-03 22:26:02 - [MESSAGE][PASSED] - Navigate to 'https://assist2-uat.perkeso.gov.my/login' successfully

2019-01-03 22:26:02 - [TEST_STEP][PASSED] - setText: Text 'johoruo3@gmail.com' is set on object 'Object Repository/Final Object Repo/Login Page/Internal User/Email Address'

2019-01-03 22:26:03 - [MESSAGE][PASSED] - Text 'johoruo3@gmail.com' is set on object 'Object Repository/Final Object Repo/Login Page/Internal User/Email Address'

2019-01-03 22:26:03 - [TEST_STEP][PASSED] - click: Object: 'Object Repository/Final Object Repo/Login Page/Internal User/Next Button' is clicked on

2019-01-03 22:26:03 - [MESSAGE][PASSED] - Object: 'Object Repository/Final Object Repo/Login Page/Internal User/Next Button' is clicked on

2019-01-03 22:26:03 - [TEST_STEP][PASSED] - delay: Delayed 1 second(s)

2019-01-03 22:26:04 - [MESSAGE][PASSED] - Delayed 1 second(s)

2019-01-03 22:26:04 - [TEST_STEP][PASSED] - setEncryptedText: Text ****** has been set on object 'Object Repository/Final Object Repo/Login Page/Internal User/Password'

2019-01-03 22:26:04 - [MESSAGE][PASSED] - Text ****** has been set on object 'Object Repository/Final Object Repo/Login Page/Internal User/Password'

2019-01-03 22:26:04 - [TEST_STEP][PASSED] - click: Object: 'Object Repository/Final Object Repo/Login Page/Internal User/Login Button' is clicked on

2019-01-03 22:26:04 - [MESSAGE][PASSED] - Object: 'Object Repository/Final Object Repo/Login Page/Internal User/Login Button' is clicked on

2019-01-03 22:26:04 - [TEST_STEP][PASSED] - delay: Delayed 2 second(s)

2019-01-03 22:26:06 - [MESSAGE][PASSED] - Delayed 2 second(s)

2019-01-03 22:26:06 - [TEST_STEP][PASSED] - Statement - Try: Delayed 2 second(s)

2019-01-03 22:26:06 - [TEST_STEP][PASSED] - Statement - Checker = false: null

2019-01-03 22:26:06 - [TEST_STEP][PASSED] - Statement - Checker = com.kms.katalon.core.webui.keyword.WebUiBuiltInKeywords.verifyElementHasAttribute(com.kms.katalon.core.testobject.ObjectRepository.findTestObject(Final Object Repo/Landing Page/BM Detecting), "href", 20, OPTIONAL): Object 'Object Repository/Final Object Repo/Landing Page/BM Detecting' has attribute 'href'

2019-01-03 22:26:06 - [MESSAGE][PASSED] - Object 'Object Repository/Final Object Repo/Landing Page/BM Detecting' has attribute 'href'

2019-01-03 22:26:06 - [TEST_STEP][PASSED] - Statement - out.println(Checker): null

2019-01-03 22:26:06 - [TEST_STEP][PASSED] - Statement - If (Checker == false): null

2019-01-03 22:26:06 - [TEST_STEP][PASSED] - Statement - Else: null

2019-01-03 22:26:06 - [TEST_STEP][PASSED] - delay: Delayed 2 second(s)

2019-01-03 22:26:08 - [MESSAGE][PASSED] - Delayed 2 second(s)

2019-01-03 22:26:08 - [TEST_STEP][PASSED] - click: Object: 'Object Repository/Final Object Repo/Page_MyASSIST - ASSIST - Search Pending Case For Add Supporting Document/Search Information' is clicked on

2019-01-03 22:26:08 - [MESSAGE][PASSED] - Object: 'Object Repository/Final Object Repo/Page_MyASSIST - ASSIST - Search Pending Case For Add Supporting Document/Search Information' is clicked on

2019-01-03 22:26:08 - [TEST_STEP][PASSED] - delay: Delayed 3 second(s)

2019-01-03 22:26:11 - [MESSAGE][PASSED] - Delayed 3 second(s)

2019-01-03 22:26:11 - [TEST_STEP][PASSED] - sendKeys: Keys 'CUN012019C100006177' sent to object: 'Object Repository/Final Object Repo/Page_MyASSIST - ASSIST - Search Pending Case For Add Supporting Document/Reference No'

2019-01-03 22:26:12 - [MESSAGE][PASSED] - Keys 'CUN012019C100006177' sent to object: 'Object Repository/Final Object Repo/Page_MyASSIST - ASSIST - Search Pending Case For Add Supporting Document/Reference No'

2019-01-03 22:26:12 - [TEST_STEP][PASSED] - click: Object: 'Object Repository/Final Object Repo/Page_MyASSIST - ASSIST - Search Pending Case For Add Supporting Document/Search Reference No' is clicked on

2019-01-03 22:26:12 - [MESSAGE][PASSED] - Object: 'Object Repository/Final Object Repo/Page_MyASSIST - ASSIST - Search Pending Case For Add Supporting Document/Search Reference No' is clicked on

2019-01-03 22:26:12 - [TEST_STEP][PASSED] - delay: Delayed 2 second(s)

2019-01-03 22:26:14 - [MESSAGE][PASSED] - Delayed 2 second(s)

2019-01-03 22:26:14 - [TEST_STEP][PASSED] - click: Object: 'Object Repository/Final Object Repo/Page_MyASSIST - ASSIST - Search Pending Case For Add Supporting Document/Continue' is clicked on

2019-01-03 22:26:18 - [MESSAGE][PASSED] - Object: 'Object Repository/Final Object Repo/Page_MyASSIST - ASSIST - Search Pending Case For Add Supporting Document/Continue' is clicked on

2019-01-03 22:26:18 - [TEST_STEP][PASSED] - delay: Delayed 20 second(s)

2019-01-03 22:26:38 - [MESSAGE][PASSED] - Delayed 20 second(s)

2019-01-03 22:26:38 - [MESSAGE][PASSED] - Call Test Case 'Test Cases/Final Aug 2018 - PKS Automation/Registration Module/Workflow/Login and Search Case For Workflow' successfully

2019-01-03 22:26:38 - [TEST_STEP][PASSED] - click: Object: 'Object Repository/Final Object Repo/Page_Update Employee Information By Employee/Page_Update Employee Information By Employee (Approve)/Continue' is clicked on

2019-01-03 22:26:41 - [MESSAGE][PASSED] - Object: 'Object Repository/Final Object Repo/Page_Update Employee Information By Employee/Page_Update Employee Information By Employee (Approve)/Continue' is clicked on

2019-01-03 22:26:41 - [TEST_STEP][PASSED] - delay: Delayed 2 second(s)

2019-01-03 22:26:43 - [MESSAGE][PASSED] - Delayed 2 second(s)

2019-01-03 22:26:43 - [TEST_STEP][PASSED] - click: Object: 'Object Repository/Final Object Repo/Page_Update Employee Information By Employer/Page_Update Employee Information by Employer (Approve)/Save  Continue in Update Employee Information Page' is clicked on

2019-01-03 22:26:43 - [MESSAGE][PASSED] - Object: 'Object Repository/Final Object Repo/Page_Update Employee Information By Employer/Page_Update Employee Information by Employer (Approve)/Save  Continue in Update Employee Information Page' is clicked on

2019-01-03 22:26:43 - [TEST_STEP][PASSED] - delay: Delayed 2 second(s)

2019-01-03 22:26:45 - [MESSAGE][PASSED] - Delayed 2 second(s)

2019-01-03 22:26:45 - [TEST_STEP][PASSED] - click: Object: 'Object Repository/Final Object Repo/Page_Update Employee Information By Employer/Page_Update Employee Information by Employer (Approve)/Save  Continue in Upload Supporting Doucument Page' is clicked on

2019-01-03 22:26:47 - [MESSAGE][PASSED] - Object: 'Object Repository/Final Object Repo/Page_Update Employee Information By Employer/Page_Update Employee Information by Employer (Approve)/Save  Continue in Upload Supporting Doucument Page' is clicked on

2019-01-03 22:26:47 - [TEST_STEP][PASSED] - delay: Delayed 2 second(s)

2019-01-03 22:26:49 - [MESSAGE][PASSED] - Delayed 2 second(s)

2019-01-03 22:26:49 - [TEST_STEP][PASSED] - click: Object: 'Object Repository/Final Object Repo/Page_Update Employee Information By Employee/Page_Update Employee Information by Employee (Under enforcement)/Under enforcement' is clicked on

2019-01-03 22:26:50 - [MESSAGE][PASSED] - Object: 'Object Repository/Final Object Repo/Page_Update Employee Information By Employee/Page_Update Employee Information by Employee (Under enforcement)/Under enforcement' is clicked on

2019-01-03 22:26:50 - [TEST_STEP][PASSED] - delay: Delayed 2 second(s)

2019-01-03 22:26:52 - [MESSAGE][PASSED] - Delayed 2 second(s)

2019-01-03 22:26:52 - [TEST_STEP][PASSED] - setText: Text 'remark' is set on object 'Object Repository/Final Object Repo/Page_Update Employee Information By Employee/Page_Update Employee Information by Employee (Under enforcement)/Under enforcement - remark'

2019-01-03 22:26:52 - [MESSAGE][PASSED] - Text 'remark' is set on object 'Object Repository/Final Object Repo/Page_Update Employee Information By Employee/Page_Update Employee Information by Employee (Under enforcement)/Under enforcement - remark'

2019-01-03 22:26:52 - [TEST_STEP][PASSED] - delay: Delayed 2 second(s)

2019-01-03 22:26:54 - [MESSAGE][PASSED] - Delayed 2 second(s)

2019-01-03 22:26:54 - [TEST_STEP][PASSED] - click: Object: 'Object Repository/Final Object Repo/Page_Update Employee Information By Employee/Page_Update Employee Information by Employee (Under enforcement)/Save  Continue in Under enforcement Page' is clicked on

2019-01-03 22:26:55 - [MESSAGE][PASSED] - Object: 'Object Repository/Final Object Repo/Page_Update Employee Information By Employee/Page_Update Employee Information by Employee (Under enforcement)/Save  Continue in Under enforcement Page' is clicked on

2019-01-03 22:26:55 - [TEST_STEP][PASSED] - click: Object: 'Object Repository/Final Object Repo/Page_Update Employee Information By Employee/Page_Update Employee Information by Employee (Under enforcement)/Message The case is under enforcement' is clicked on

2019-01-03 22:26:58 - [MESSAGE][PASSED] - Object: 'Object Repository/Final Object Repo/Page_Update Employee Information By Employee/Page_Update Employee Information by Employee (Under enforcement)/Message The case is under enforcement' is clicked on

2019-01-03 22:26:58 - [MESSAGE][PASSED] - Call Test Case 'Test Cases/Final Aug 2018 - PKS Automation/Registration Module/Workflow/Update Employee Information (Employee)/Template/Update Employee Information - Special Case - UO (Under enforcement)' successfully]]></system-out>
         <system-err><![CDATA[]]></system-err>
      </testcase>
      <system-out><![CDATA[2019-01-03 21:46:32 - [TEST_SUITE][PASSED] - Update Employee Information (Employee): Test Cases/Final Aug 2018 - PKS Automation/Registration Module/Workflow/Update Employee Information (Employee)/PKRBO to UO (Under enforcement)]]></system-out>
      <system-err><![CDATA[]]></system-err>
   </testsuite>
</testsuites>
