<?xml version="1.0" encoding="UTF-8"?>
<testsuites name="Update Add New Employee" time="5359" tests="0" failures="13" errors="0">
   <testsuite name="Update Add New Employee" tests="0" failures="13" errors="0" time="5359" timestamp="2018-10-20 17:35:53" hostname="Wei Zheng - 192.168.137.1" id="Test Suites/Workflow/Update Add New Employee">
      <properties>
         <property name="deviceName" value=""/>
         <property name="devicePlatform" value=""/>
         <property name="logFolder" value="C:\\Users\\LENOVO\\Katalon Studio\\Perkeso Phase A\\Reports\\Workflow\\Update Add New Employee\\20181020_131102"/>
         <property name="logFiles" value="C:\\Users\\LENOVO\\Katalon Studio\\Perkeso Phase A\\Reports\\Workflow\\Update Add New Employee\\20181020_131102\\execution0.log, C:\\Users\\LENOVO\\Katalon Studio\\Perkeso Phase A\\Reports\\Workflow\\Update Add New Employee\\20181020_131102\\execution1.log"/>
         <property name="attachments" value="C:\\Users\\LENOVO\\Katalon Studio\\Perkeso Phase A\\Reports\\Workflow\\Update Add New Employee\\20181020_131102\\1540028208659.png, C:\\Users\\LENOVO\\Katalon Studio\\Perkeso Phase A\\Reports\\Workflow\\Update Add New Employee\\20181020_131102\\1540028259957.png, C:\\Users\\LENOVO\\Katalon Studio\\Perkeso Phase A\\Reports\\Workflow\\Update Add New Employee\\20181020_131102\\1540028310185.png, C:\\Users\\LENOVO\\Katalon Studio\\Perkeso Phase A\\Reports\\Workflow\\Update Add New Employee\\20181020_131102\\1540028360322.png, C:\\Users\\LENOVO\\Katalon Studio\\Perkeso Phase A\\Reports\\Workflow\\Update Add New Employee\\20181020_131102\\1540028487683.png, C:\\Users\\LENOVO\\Katalon Studio\\Perkeso Phase A\\Reports\\Workflow\\Update Add New Employee\\20181020_131102\\1540028528265.png, C:\\Users\\LENOVO\\Katalon Studio\\Perkeso Phase A\\Reports\\Workflow\\Update Add New Employee\\20181020_131102\\1540029196253.png, C:\\Users\\LENOVO\\Katalon Studio\\Perkeso Phase A\\Reports\\Workflow\\Update Add New Employee\\20181020_131102\\1540029236498.png, C:\\Users\\LENOVO\\Katalon Studio\\Perkeso Phase A\\Reports\\Workflow\\Update Add New Employee\\20181020_131102\\1540029888276.png, C:\\Users\\LENOVO\\Katalon Studio\\Perkeso Phase A\\Reports\\Workflow\\Update Add New Employee\\20181020_131102\\1540029928586.png, C:\\Users\\LENOVO\\Katalon Studio\\Perkeso Phase A\\Reports\\Workflow\\Update Add New Employee\\20181020_131102\\1540030600463.png, C:\\Users\\LENOVO\\Katalon Studio\\Perkeso Phase A\\Reports\\Workflow\\Update Add New Employee\\20181020_131102\\1540030640437.png, C:\\Users\\LENOVO\\Katalon Studio\\Perkeso Phase A\\Reports\\Workflow\\Update Add New Employee\\20181020_131102\\1540030926301.png, C:\\Users\\LENOVO\\Katalon Studio\\Perkeso Phase A\\Reports\\Workflow\\Update Add New Employee\\20181020_131102\\1540030933881.png, C:\\Users\\LENOVO\\Katalon Studio\\Perkeso Phase A\\Reports\\Workflow\\Update Add New Employee\\20181020_131102\\1540030937319.png, C:\\Users\\LENOVO\\Katalon Studio\\Perkeso Phase A\\Reports\\Workflow\\Update Add New Employee\\20181020_131102\\1540031195846.png, C:\\Users\\LENOVO\\Katalon Studio\\Perkeso Phase A\\Reports\\Workflow\\Update Add New Employee\\20181020_131102\\1540031203398.png, C:\\Users\\LENOVO\\Katalon Studio\\Perkeso Phase A\\Reports\\Workflow\\Update Add New Employee\\20181020_131102\\1540031206846.png, C:\\Users\\LENOVO\\Katalon Studio\\Perkeso Phase A\\Reports\\Workflow\\Update Add New Employee\\20181020_131102\\1540031464658.png, C:\\Users\\LENOVO\\Katalon Studio\\Perkeso Phase A\\Reports\\Workflow\\Update Add New Employee\\20181020_131102\\1540031472216.png, C:\\Users\\LENOVO\\Katalon Studio\\Perkeso Phase A\\Reports\\Workflow\\Update Add New Employee\\20181020_131102\\1540031475643.png, C:\\Users\\LENOVO\\Katalon Studio\\Perkeso Phase A\\Reports\\Workflow\\Update Add New Employee\\20181020_131102\\1540031733133.png, C:\\Users\\LENOVO\\Katalon Studio\\Perkeso Phase A\\Reports\\Workflow\\Update Add New Employee\\20181020_131102\\1540031740686.png, C:\\Users\\LENOVO\\Katalon Studio\\Perkeso Phase A\\Reports\\Workflow\\Update Add New Employee\\20181020_131102\\1540031744116.png, C:\\Users\\LENOVO\\Katalon Studio\\Perkeso Phase A\\Reports\\Workflow\\Update Add New Employee\\20181020_131102\\1540032001824.png, C:\\Users\\LENOVO\\Katalon Studio\\Perkeso Phase A\\Reports\\Workflow\\Update Add New Employee\\20181020_131102\\1540032009393.png, C:\\Users\\LENOVO\\Katalon Studio\\Perkeso Phase A\\Reports\\Workflow\\Update Add New Employee\\20181020_131102\\1540032012845.png, C:\\Users\\LENOVO\\Katalon Studio\\Perkeso Phase A\\Reports\\Workflow\\Update Add New Employee\\20181020_131102\\1540032327513.png, C:\\Users\\LENOVO\\Katalon Studio\\Perkeso Phase A\\Reports\\Workflow\\Update Add New Employee\\20181020_131102\\1540032372421.png, C:\\Users\\LENOVO\\Katalon Studio\\Perkeso Phase A\\Reports\\Workflow\\Update Add New Employee\\20181020_131102\\1540032641389.png, C:\\Users\\LENOVO\\Katalon Studio\\Perkeso Phase A\\Reports\\Workflow\\Update Add New Employee\\20181020_131102\\1540032681378.png, C:\\Users\\LENOVO\\Katalon Studio\\Perkeso Phase A\\Reports\\Workflow\\Update Add New Employee\\20181020_131102\\1540032965472.png, C:\\Users\\LENOVO\\Katalon Studio\\Perkeso Phase A\\Reports\\Workflow\\Update Add New Employee\\20181020_131102\\1540032973037.png, C:\\Users\\LENOVO\\Katalon Studio\\Perkeso Phase A\\Reports\\Workflow\\Update Add New Employee\\20181020_131102\\1540032976512.png, C:\\Users\\LENOVO\\Katalon Studio\\Perkeso Phase A\\Reports\\Workflow\\Update Add New Employee\\20181020_131102\\1540033234208.png, C:\\Users\\LENOVO\\Katalon Studio\\Perkeso Phase A\\Reports\\Workflow\\Update Add New Employee\\20181020_131102\\1540033245004.png, C:\\Users\\LENOVO\\Katalon Studio\\Perkeso Phase A\\Reports\\Workflow\\Update Add New Employee\\20181020_131102\\1540033501924.png, C:\\Users\\LENOVO\\Katalon Studio\\Perkeso Phase A\\Reports\\Workflow\\Update Add New Employee\\20181020_131102\\1540033512670.png"/>
         <property name="hostName" value="Wei Zheng - 192.168.137.1"/>
         <property name="os" value="Windows 7 64bit"/>
         <property name="katalonVersion" value="5.7.1.1"/>
         <property name="browser" value="Chrome 69.0.3497.100"/>
         <property name="hostAddress" value="192.168.137.1"/>
         <property name="sessionId" value="b4bf198ec23cbdcc449a9b95eff65e2c"/>
         <property name="seleniumVersion" value="3.7.1"/>
         <property name="proxyInformation" value="ProxyInformation{proxyOption=USE_SYSTEM, proxyServerType=HTTP, password=, proxyServerAddress=, proxyServerPort=0}"/>
         <property name="platform" value="Windows 7"/>
      </properties>
      <testcase name="Test Cases/Final Aug 2018 - PKS Automation/Registration Module/Workflow/Update Add New Employee/Add Employee and Set Incomplete ( OTC - PKRBO)" classname="Test Cases/Final Aug 2018 - PKS Automation/Registration Module/Workflow/Update Add New Employee/Add Employee and Set Incomplete ( OTC - PKRBO)" status="FAILED">
         <failure type="FAILED" message="(Stack trace: com.kms.katalon.core.exception.StepFailedException: Unable to click on object 'Object Repository/Final Object Repo/Landing Page/Select to English' (Root cause: com.kms.katalon.core.webui.exception.WebElementNotFoundException: Web element with id: 'Object Repository/Final Object Repo/Landing Page/Select to English' located by 'By.xpath: //a[@class = 'taglib-language-list-text' and @lang = 'en-US' and (contains(text(), 'EN') or contains(., 'EN'))]' not found)
	at com.kms.katalon.core.keyword.internal.KeywordMain.stepFailed(KeywordMain.groovy:32)
	at com.kms.katalon.core.webui.keyword.internal.WebUIKeywordMain.stepFailed(WebUIKeywordMain.groovy:65)
	at com.kms.katalon.core.webui.keyword.internal.WebUIKeywordMain.runKeyword(WebUIKeywordMain.groovy:27)
	at com.kms.katalon.core.webui.keyword.builtin.ClickKeyword.click(ClickKeyword.groovy:86)
	at com.kms.katalon.core.webui.keyword.builtin.ClickKeyword.execute(ClickKeyword.groovy:67)
	at com.kms.katalon.core.keyword.internal.KeywordExecutor.executeKeywordForPlatform(KeywordExecutor.groovy:53)
	at com.kms.katalon.core.webui.keyword.WebUiBuiltInKeywords.click(WebUiBuiltInKeywords.groovy:604)
	at com.kms.katalon.core.webui.keyword.WebUiBuiltInKeywords$click$6.call(Unknown Source)
	at org.codehaus.groovy.runtime.callsite.CallSiteArray.defaultCall(CallSiteArray.java:48)
	at org.codehaus.groovy.runtime.callsite.AbstractCallSite.call(AbstractCallSite.java:113)
	at org.codehaus.groovy.runtime.callsite.AbstractCallSite.call(AbstractCallSite.java:133)
	at Script1534407542420.run(Script1534407542420.groovy:57)
	at com.kms.katalon.core.main.ScriptEngine.run(ScriptEngine.java:183)
	at com.kms.katalon.core.main.ScriptEngine.runScriptAsRawText(ScriptEngine.java:108)
	at com.kms.katalon.core.main.TestCaseExecutor.runScript(TestCaseExecutor.java:294)
	at com.kms.katalon.core.main.TestCaseExecutor.doExecute(TestCaseExecutor.java:285)
	at com.kms.katalon.core.main.TestCaseExecutor.processExecutionPhase(TestCaseExecutor.java:264)
	at com.kms.katalon.core.main.TestCaseExecutor.accessMainPhase(TestCaseExecutor.java:256)
	at com.kms.katalon.core.main.TestCaseExecutor.execute(TestCaseExecutor.java:200)
	at com.kms.katalon.core.main.TestCaseMain.runTestCase(TestCaseMain.java:99)
	at com.kms.katalon.core.keyword.builtin.CallTestCaseKeyword$_callTestCase_closure1.doCall(CallTestCaseKeyword.groovy:60)
	at com.kms.katalon.core.keyword.builtin.CallTestCaseKeyword$_callTestCase_closure1.call(CallTestCaseKeyword.groovy)
	at com.kms.katalon.core.keyword.internal.KeywordMain.runKeyword(KeywordMain.groovy:54)
	at com.kms.katalon.core.keyword.builtin.CallTestCaseKeyword.callTestCase(CallTestCaseKeyword.groovy:81)
	at com.kms.katalon.core.keyword.builtin.CallTestCaseKeyword.execute(CallTestCaseKeyword.groovy:45)
	at com.kms.katalon.core.keyword.internal.KeywordExecutor.executeKeywordForPlatform(KeywordExecutor.groovy:53)
	at com.kms.katalon.core.keyword.BuiltinKeywords.callTestCase(BuiltinKeywords.groovy:334)
	at sun.reflect.NativeMethodAccessorImpl.invoke0(Native Method)
	at sun.reflect.NativeMethodAccessorImpl.invoke(NativeMethodAccessorImpl.java:62)
	at sun.reflect.DelegatingMethodAccessorImpl.invoke(DelegatingMethodAccessorImpl.java:43)
	at java.lang.reflect.Method.invoke(Method.java:498)
	at org.codehaus.groovy.reflection.CachedMethod.invoke(CachedMethod.java:93)
	at groovy.lang.MetaMethod.doMethodInvoke(MetaMethod.java:325)
	at groovy.lang.MetaClassImpl.invokeStaticMethod(MetaClassImpl.java:1469)
	at org.codehaus.groovy.runtime.callsite.StaticMetaClassSite.call(StaticMetaClassSite.java:53)
	at org.codehaus.groovy.runtime.callsite.CallSiteArray.defaultCall(CallSiteArray.java:48)
	at org.codehaus.groovy.runtime.callsite.AbstractCallSite.call(AbstractCallSite.java:113)
	at org.codehaus.groovy.runtime.callsite.AbstractCallSite.call(AbstractCallSite.java:141)
	at Script1535947244917.run(Script1535947244917.groovy:129)
	at com.kms.katalon.core.main.ScriptEngine.run(ScriptEngine.java:183)
	at com.kms.katalon.core.main.ScriptEngine.runScriptAsRawText(ScriptEngine.java:108)
	at com.kms.katalon.core.main.TestCaseExecutor.runScript(TestCaseExecutor.java:294)
	at com.kms.katalon.core.main.TestCaseExecutor.doExecute(TestCaseExecutor.java:285)
	at com.kms.katalon.core.main.TestCaseExecutor.processExecutionPhase(TestCaseExecutor.java:264)
	at com.kms.katalon.core.main.TestCaseExecutor.accessMainPhase(TestCaseExecutor.java:256)
	at com.kms.katalon.core.main.TestCaseExecutor.execute(TestCaseExecutor.java:200)
	at com.kms.katalon.core.main.TestSuiteExecutor.accessTestCaseMainPhase(TestSuiteExecutor.java:129)
	at com.kms.katalon.core.main.TestSuiteExecutor.accessTestSuiteMainPhase(TestSuiteExecutor.java:112)
	at com.kms.katalon.core.main.TestSuiteExecutor.execute(TestSuiteExecutor.java:81)
	at com.kms.katalon.core.main.TestCaseMain.startTestSuite(TestCaseMain.java:142)
	at com.kms.katalon.core.main.TestCaseMain$startTestSuite$0.call(Unknown Source)
	at org.codehaus.groovy.runtime.callsite.CallSiteArray.defaultCall(CallSiteArray.java:48)
	at org.codehaus.groovy.runtime.callsite.AbstractCallSite.call(AbstractCallSite.java:113)
	at org.codehaus.groovy.runtime.callsite.AbstractCallSite.call(AbstractCallSite.java:141)
	at TempTestSuite1540012262067.run(TempTestSuite1540012262067.groovy:36)
	at groovy.lang.GroovyShell.runScriptOrMainOrTestOrRunnable(GroovyShell.java:263)
	at groovy.lang.GroovyShell.run(GroovyShell.java:518)
	at groovy.lang.GroovyShell.run(GroovyShell.java:507)
	at groovy.ui.GroovyMain.processOnce(GroovyMain.java:653)
	at groovy.ui.GroovyMain.run(GroovyMain.java:384)
	at groovy.ui.GroovyMain.process(GroovyMain.java:370)
	at groovy.ui.GroovyMain.processArgs(GroovyMain.java:129)
	at groovy.ui.GroovyMain.main(GroovyMain.java:109)
	at sun.reflect.NativeMethodAccessorImpl.invoke0(Native Method)
	at sun.reflect.NativeMethodAccessorImpl.invoke(NativeMethodAccessorImpl.java:62)
	at sun.reflect.DelegatingMethodAccessorImpl.invoke(DelegatingMethodAccessorImpl.java:43)
	at java.lang.reflect.Method.invoke(Method.java:498)
	at org.codehaus.groovy.tools.GroovyStarter.rootLoader(GroovyStarter.java:109)
	at org.codehaus.groovy.tools.GroovyStarter.main(GroovyStarter.java:131)
)"/>
         <system-out><![CDATA[2018-10-20 17:35:54 - [TEST_CASE][FAILED] - Test Cases/Final Aug 2018 - PKS Automation/Registration Module/Workflow/Update Add New Employee/Add Employee and Set Incomplete ( OTC - PKRBO): Test Cases/Final Aug 2018 - PKS Automation/Registration Module/Workflow/Update Add New Employee/Add Employee and Set Incomplete ( OTC - PKRBO) FAILED because (of) (Stack trace: com.kms.katalon.core.exception.StepFailedException: Unable to click on object 'Object Repository/Final Object Repo/Landing Page/Select to English' (Root cause: com.kms.katalon.core.webui.exception.WebElementNotFoundException: Web element with id: 'Object Repository/Final Object Repo/Landing Page/Select to English' located by 'By.xpath: //a[@class = 'taglib-language-list-text' and @lang = 'en-US' and (contains(text(), 'EN') or contains(., 'EN'))]' not found)
	at com.kms.katalon.core.keyword.internal.KeywordMain.stepFailed(KeywordMain.groovy:32)
	at com.kms.katalon.core.webui.keyword.internal.WebUIKeywordMain.stepFailed(WebUIKeywordMain.groovy:65)
	at com.kms.katalon.core.webui.keyword.internal.WebUIKeywordMain.runKeyword(WebUIKeywordMain.groovy:27)
	at com.kms.katalon.core.webui.keyword.builtin.ClickKeyword.click(ClickKeyword.groovy:86)
	at com.kms.katalon.core.webui.keyword.builtin.ClickKeyword.execute(ClickKeyword.groovy:67)
	at com.kms.katalon.core.keyword.internal.KeywordExecutor.executeKeywordForPlatform(KeywordExecutor.groovy:53)
	at com.kms.katalon.core.webui.keyword.WebUiBuiltInKeywords.click(WebUiBuiltInKeywords.groovy:604)
	at com.kms.katalon.core.webui.keyword.WebUiBuiltInKeywords$click$6.call(Unknown Source)
	at org.codehaus.groovy.runtime.callsite.CallSiteArray.defaultCall(CallSiteArray.java:48)
	at org.codehaus.groovy.runtime.callsite.AbstractCallSite.call(AbstractCallSite.java:113)
	at org.codehaus.groovy.runtime.callsite.AbstractCallSite.call(AbstractCallSite.java:133)
	at Script1534407542420.run(Script1534407542420.groovy:57)
	at com.kms.katalon.core.main.ScriptEngine.run(ScriptEngine.java:183)
	at com.kms.katalon.core.main.ScriptEngine.runScriptAsRawText(ScriptEngine.java:108)
	at com.kms.katalon.core.main.TestCaseExecutor.runScript(TestCaseExecutor.java:294)
	at com.kms.katalon.core.main.TestCaseExecutor.doExecute(TestCaseExecutor.java:285)
	at com.kms.katalon.core.main.TestCaseExecutor.processExecutionPhase(TestCaseExecutor.java:264)
	at com.kms.katalon.core.main.TestCaseExecutor.accessMainPhase(TestCaseExecutor.java:256)
	at com.kms.katalon.core.main.TestCaseExecutor.execute(TestCaseExecutor.java:200)
	at com.kms.katalon.core.main.TestCaseMain.runTestCase(TestCaseMain.java:99)
	at com.kms.katalon.core.keyword.builtin.CallTestCaseKeyword$_callTestCase_closure1.doCall(CallTestCaseKeyword.groovy:60)
	at com.kms.katalon.core.keyword.builtin.CallTestCaseKeyword$_callTestCase_closure1.call(CallTestCaseKeyword.groovy)
	at com.kms.katalon.core.keyword.internal.KeywordMain.runKeyword(KeywordMain.groovy:54)
	at com.kms.katalon.core.keyword.builtin.CallTestCaseKeyword.callTestCase(CallTestCaseKeyword.groovy:81)
	at com.kms.katalon.core.keyword.builtin.CallTestCaseKeyword.execute(CallTestCaseKeyword.groovy:45)
	at com.kms.katalon.core.keyword.internal.KeywordExecutor.executeKeywordForPlatform(KeywordExecutor.groovy:53)
	at com.kms.katalon.core.keyword.BuiltinKeywords.callTestCase(BuiltinKeywords.groovy:334)
	at sun.reflect.NativeMethodAccessorImpl.invoke0(Native Method)
	at sun.reflect.NativeMethodAccessorImpl.invoke(NativeMethodAccessorImpl.java:62)
	at sun.reflect.DelegatingMethodAccessorImpl.invoke(DelegatingMethodAccessorImpl.java:43)
	at java.lang.reflect.Method.invoke(Method.java:498)
	at org.codehaus.groovy.reflection.CachedMethod.invoke(CachedMethod.java:93)
	at groovy.lang.MetaMethod.doMethodInvoke(MetaMethod.java:325)
	at groovy.lang.MetaClassImpl.invokeStaticMethod(MetaClassImpl.java:1469)
	at org.codehaus.groovy.runtime.callsite.StaticMetaClassSite.call(StaticMetaClassSite.java:53)
	at org.codehaus.groovy.runtime.callsite.CallSiteArray.defaultCall(CallSiteArray.java:48)
	at org.codehaus.groovy.runtime.callsite.AbstractCallSite.call(AbstractCallSite.java:113)
	at org.codehaus.groovy.runtime.callsite.AbstractCallSite.call(AbstractCallSite.java:141)
	at Script1535947244917.run(Script1535947244917.groovy:129)
	at com.kms.katalon.core.main.ScriptEngine.run(ScriptEngine.java:183)
	at com.kms.katalon.core.main.ScriptEngine.runScriptAsRawText(ScriptEngine.java:108)
	at com.kms.katalon.core.main.TestCaseExecutor.runScript(TestCaseExecutor.java:294)
	at com.kms.katalon.core.main.TestCaseExecutor.doExecute(TestCaseExecutor.java:285)
	at com.kms.katalon.core.main.TestCaseExecutor.processExecutionPhase(TestCaseExecutor.java:264)
	at com.kms.katalon.core.main.TestCaseExecutor.accessMainPhase(TestCaseExecutor.java:256)
	at com.kms.katalon.core.main.TestCaseExecutor.execute(TestCaseExecutor.java:200)
	at com.kms.katalon.core.main.TestSuiteExecutor.accessTestCaseMainPhase(TestSuiteExecutor.java:129)
	at com.kms.katalon.core.main.TestSuiteExecutor.accessTestSuiteMainPhase(TestSuiteExecutor.java:112)
	at com.kms.katalon.core.main.TestSuiteExecutor.execute(TestSuiteExecutor.java:81)
	at com.kms.katalon.core.main.TestCaseMain.startTestSuite(TestCaseMain.java:142)
	at com.kms.katalon.core.main.TestCaseMain$startTestSuite$0.call(Unknown Source)
	at org.codehaus.groovy.runtime.callsite.CallSiteArray.defaultCall(CallSiteArray.java:48)
	at org.codehaus.groovy.runtime.callsite.AbstractCallSite.call(AbstractCallSite.java:113)
	at org.codehaus.groovy.runtime.callsite.AbstractCallSite.call(AbstractCallSite.java:141)
	at TempTestSuite1540012262067.run(TempTestSuite1540012262067.groovy:36)
	at groovy.lang.GroovyShell.runScriptOrMainOrTestOrRunnable(GroovyShell.java:263)
	at groovy.lang.GroovyShell.run(GroovyShell.java:518)
	at groovy.lang.GroovyShell.run(GroovyShell.java:507)
	at groovy.ui.GroovyMain.processOnce(GroovyMain.java:653)
	at groovy.ui.GroovyMain.run(GroovyMain.java:384)
	at groovy.ui.GroovyMain.process(GroovyMain.java:370)
	at groovy.ui.GroovyMain.processArgs(GroovyMain.java:129)
	at groovy.ui.GroovyMain.main(GroovyMain.java:109)
	at sun.reflect.NativeMethodAccessorImpl.invoke0(Native Method)
	at sun.reflect.NativeMethodAccessorImpl.invoke(NativeMethodAccessorImpl.java:62)
	at sun.reflect.DelegatingMethodAccessorImpl.invoke(DelegatingMethodAccessorImpl.java:43)
	at java.lang.reflect.Method.invoke(Method.java:498)
	at org.codehaus.groovy.tools.GroovyStarter.rootLoader(GroovyStarter.java:109)
	at org.codehaus.groovy.tools.GroovyStarter.main(GroovyStarter.java:131)
)

2018-10-20 17:35:55 - [TEST_STEP][PASSED] - openBrowser: Browser is opened with url: ''

2018-10-20 17:36:01 - [MESSAGE][PASSED] - Browser is opened with url: ''

2018-10-20 17:36:01 - [TEST_STEP][PASSED] - navigateToUrl: Navigate to 'https://assist2-uat.perkeso.gov.my/login' successfully

2018-10-20 17:36:03 - [MESSAGE][PASSED] - Navigate to 'https://assist2-uat.perkeso.gov.my/login' successfully

2018-10-20 17:36:03 - [TEST_STEP][PASSED] - callTestCase: Call Test Case 'Test Cases/Final Aug 2018 - PKS Automation/Registration Module/New Registration/Form 2/Date Updater' successfully

2018-10-20 17:36:03 - [TEST_CASE][PASSED] - Test Cases/Final Aug 2018 - PKS Automation/Registration Module/New Registration/Form 2/Date Updater: Test Cases/Final Aug 2018 - PKS Automation/Registration Module/New Registration/Form 2/Date Updater

2018-10-20 17:36:03 - [TEST_STEP][PASSED] - Statement - TodayDate = new java.util.Date(): null

2018-10-20 17:36:03 - [TEST_STEP][PASSED] - Statement - CurrentDateNoFilter = new java.text.SimpleDateFormat(): null

2018-10-20 17:36:03 - [TEST_STEP][PASSED] - Statement - CurrentDateNoFilter.applyPattern("dd"): null

2018-10-20 17:36:03 - [TEST_STEP][PASSED] - Statement - CurrentDate = CurrentDateNoFilter.format(TodayDate): null

2018-10-20 17:36:03 - [TEST_STEP][PASSED] - Statement - CurrentDate = java.lang.Integer.parseInt(CurrentDate): null

2018-10-20 17:36:03 - [TEST_STEP][PASSED] - Statement - CurrentDate = CurrentDate: null

2018-10-20 17:36:03 - [TEST_STEP][PASSED] - Statement - CurrentDay = java.lang.Integer.parseInt(CurrentDate): null

2018-10-20 17:36:03 - [TEST_STEP][PASSED] - Statement - aDayBefore = CurrentDay + 1: null

2018-10-20 17:36:03 - [TEST_STEP][PASSED] - Statement - DayBefore = aDayBefore.toString(): null

2018-10-20 17:36:03 - [TEST_STEP][PASSED] - Statement - OneDayBefore = DayBefore: null

2018-10-20 17:36:03 - [TEST_STEP][PASSED] - Statement - CurrentDateNoFilter.applyPattern("MM"): null

2018-10-20 17:36:03 - [TEST_STEP][PASSED] - Statement - monthContainerMatcher = java.lang.Integer.parseInt(CurrentDateNoFilter.format(TodayDate)): null

2018-10-20 17:36:03 - [TEST_STEP][PASSED] - Statement - monthContainerMatcher = monthContainerMatcher - 1: null

2018-10-20 17:36:03 - [TEST_STEP][PASSED] - Statement - CurrentMonth = monthContainerMatcher.toString(): null

2018-10-20 17:36:03 - [TEST_STEP][PASSED] - Statement - CurrentMonth = CurrentMonth: null

2018-10-20 17:36:03 - [TEST_STEP][PASSED] - Statement - CurrentDateNoFilter.applyPattern("yyyy"): null

2018-10-20 17:36:03 - [TEST_STEP][PASSED] - Statement - CurrentYear = CurrentDateNoFilter.format(TodayDate): null

2018-10-20 17:36:03 - [TEST_STEP][PASSED] - Statement - CurrentYear = CurrentYear: null

2018-10-20 17:36:03 - [TEST_STEP][PASSED] - Statement - intCurrentYear = java.lang.Integer.parseInt(CurrentDateNoFilter.format(TodayDate)): null

2018-10-20 17:36:03 - [TEST_STEP][PASSED] - Statement - eighteenYrsAgo = intCurrentYear - 18: null

2018-10-20 17:36:03 - [TEST_STEP][PASSED] - Statement - eighteenYrsBeforeThisYr = eighteenYrsAgo.toString(): null

2018-10-20 17:36:03 - [TEST_STEP][PASSED] - Statement - EighteenYrsBefore = eighteenYrsBeforeThisYr: null

2018-10-20 17:36:03 - [TEST_STEP][PASSED] - Statement - fiftysevenYrsAgo = intCurrentYear - 57: null

2018-10-20 17:36:03 - [TEST_STEP][PASSED] - Statement - fiftysevenYrsBeforeThisYr = fiftysevenYrsAgo.toString(): null

2018-10-20 17:36:03 - [TEST_STEP][PASSED] - Statement - FiftysevenYrsBefore = fiftysevenYrsBeforeThisYr: null

2018-10-20 17:36:03 - [MESSAGE][PASSED] - Call Test Case 'Test Cases/Final Aug 2018 - PKS Automation/Registration Module/New Registration/Form 2/Date Updater' successfully

2018-10-20 17:36:03 - [TEST_STEP][PASSED] - delay: Delayed 2 second(s)

2018-10-20 17:36:05 - [MESSAGE][PASSED] - Delayed 2 second(s)

2018-10-20 17:36:05 - [TEST_STEP][PASSED] - setText: Text 'klotc2@gmail.com' is set on object 'Object Repository/Final Object Repo/Page_Update Add New Employee - ASSIST/Email TextBox'

2018-10-20 17:36:06 - [MESSAGE][PASSED] - Text 'klotc2@gmail.com' is set on object 'Object Repository/Final Object Repo/Page_Update Add New Employee - ASSIST/Email TextBox'

2018-10-20 17:36:06 - [TEST_STEP][PASSED] - click: Object: 'Object Repository/Final Object Repo/Page_Update Add New Employee - ASSIST/Next Button' is clicked on

2018-10-20 17:36:06 - [MESSAGE][PASSED] - Object: 'Object Repository/Final Object Repo/Page_Update Add New Employee - ASSIST/Next Button' is clicked on

2018-10-20 17:36:06 - [TEST_STEP][PASSED] - delay: Delayed 2 second(s)

2018-10-20 17:36:08 - [MESSAGE][PASSED] - Delayed 2 second(s)

2018-10-20 17:36:08 - [TEST_STEP][PASSED] - setText: Text 'Test1@3456789' is set on object 'Object Repository/Final Object Repo/Page_Update Add New Employee - ASSIST/Password TextBox'

2018-10-20 17:36:08 - [MESSAGE][PASSED] - Text 'Test1@3456789' is set on object 'Object Repository/Final Object Repo/Page_Update Add New Employee - ASSIST/Password TextBox'

2018-10-20 17:36:08 - [TEST_STEP][PASSED] - delay: Delayed 2 second(s)

2018-10-20 17:36:10 - [MESSAGE][PASSED] - Delayed 2 second(s)

2018-10-20 17:36:10 - [TEST_STEP][PASSED] - click: Object: 'Object Repository/Final Object Repo/Page_Update Add New Employee - ASSIST/Login Button' is clicked on

2018-10-20 17:36:10 - [MESSAGE][PASSED] - Object: 'Object Repository/Final Object Repo/Page_Update Add New Employee - ASSIST/Login Button' is clicked on

2018-10-20 17:36:10 - [TEST_STEP][PASSED] - Statement - Try: Delayed 2 second(s)

2018-10-20 17:36:10 - [TEST_STEP][PASSED] - Statement - Checker = false: null

2018-10-20 17:36:10 - [TEST_STEP][PASSED] - Statement - Checker = com.kms.katalon.core.webui.keyword.WebUiBuiltInKeywords.verifyElementHasAttribute(com.kms.katalon.core.testobject.ObjectRepository.findTestObject(Final Object Repo/Landing Page/BM Detecting), "href", 20, OPTIONAL): Object 'Object Repository/Final Object Repo/Landing Page/BM Detecting' has attribute 'href'

2018-10-20 17:36:13 - [MESSAGE][PASSED] - Object 'Object Repository/Final Object Repo/Landing Page/BM Detecting' has attribute 'href'

2018-10-20 17:36:13 - [TEST_STEP][PASSED] - Statement - out.println(Checker): null

2018-10-20 17:36:13 - [TEST_STEP][PASSED] - Statement - If (Checker == false): null

2018-10-20 17:36:13 - [TEST_STEP][PASSED] - Statement - Else: null

2018-10-20 17:36:13 - [TEST_STEP][PASSED] - delay: Delayed 2 second(s)

2018-10-20 17:36:15 - [MESSAGE][PASSED] - Delayed 2 second(s)

2018-10-20 17:36:15 - [TEST_STEP][PASSED] - delay: Delayed 4 second(s)

2018-10-20 17:36:19 - [MESSAGE][PASSED] - Delayed 4 second(s)

2018-10-20 17:36:19 - [TEST_STEP][PASSED] - click: Object: 'Object Repository/Final Object Repo/Page_Update Add New Employee - ASSIST/My Sites Drop Down' is clicked on

2018-10-20 17:36:19 - [MESSAGE][PASSED] - Object: 'Object Repository/Final Object Repo/Page_Update Add New Employee - ASSIST/My Sites Drop Down' is clicked on

2018-10-20 17:36:19 - [TEST_STEP][PASSED] - click: Object: 'Object Repository/Final Object Repo/Page_Update Add New Employee - ASSIST/Select to Registration Module' is clicked on

2018-10-20 17:36:20 - [MESSAGE][PASSED] - Object: 'Object Repository/Final Object Repo/Page_Update Add New Employee - ASSIST/Select to Registration Module' is clicked on

2018-10-20 17:36:20 - [TEST_STEP][PASSED] - navigateToUrl: Navigate to 'https://assist2-uat.perkeso.gov.my/web/registration/myassist' successfully

2018-10-20 17:36:21 - [MESSAGE][PASSED] - Navigate to 'https://assist2-uat.perkeso.gov.my/web/registration/myassist' successfully

2018-10-20 17:36:21 - [TEST_STEP][PASSED] - mouseOver: Object: 'Object Repository/Final Object Repo/Page_Update Add New Employee - ASSIST/Select to Update Akta 4 Tab' is hovered

2018-10-20 17:36:21 - [MESSAGE][PASSED] - Object: 'Object Repository/Final Object Repo/Page_Update Add New Employee - ASSIST/Select to Update Akta 4 Tab' is hovered

2018-10-20 17:36:21 - [TEST_STEP][PASSED] - delay: Delayed 2 second(s)

2018-10-20 17:36:23 - [MESSAGE][PASSED] - Delayed 2 second(s)

2018-10-20 17:36:23 - [TEST_STEP][PASSED] - click: Object: 'Object Repository/Final Object Repo/Page_Update Add New Employee - ASSIST/Select to Update Add New Employee' is clicked on

2018-10-20 17:36:24 - [MESSAGE][PASSED] - Object: 'Object Repository/Final Object Repo/Page_Update Add New Employee - ASSIST/Select to Update Add New Employee' is clicked on

2018-10-20 17:36:24 - [TEST_STEP][PASSED] - delay: Delayed 2 second(s)

2018-10-20 17:36:26 - [MESSAGE][PASSED] - Delayed 2 second(s)

2018-10-20 17:36:26 - [TEST_STEP][PASSED] - setText: Text 'E1102069801V' is set on object 'Object Repository/Final Object Repo/Page_Update Add New Employee - ASSIST/Employer Code input textbox'

2018-10-20 17:36:26 - [MESSAGE][PASSED] - Text 'E1102069801V' is set on object 'Object Repository/Final Object Repo/Page_Update Add New Employee - ASSIST/Employer Code input textbox'

2018-10-20 17:36:26 - [TEST_STEP][PASSED] - delay: Delayed 2 second(s)

2018-10-20 17:36:28 - [MESSAGE][PASSED] - Delayed 2 second(s)

2018-10-20 17:36:28 - [TEST_STEP][PASSED] - click: Object: 'Object Repository/Final Object Repo/Page_Update Add New Employee - ASSIST/Search Button for Employer Code' is clicked on

2018-10-20 17:36:29 - [MESSAGE][PASSED] - Object: 'Object Repository/Final Object Repo/Page_Update Add New Employee - ASSIST/Search Button for Employer Code' is clicked on

2018-10-20 17:36:29 - [TEST_STEP][PASSED] - delay: Delayed 4 second(s)

2018-10-20 17:36:33 - [MESSAGE][PASSED] - Delayed 4 second(s)

2018-10-20 17:36:33 - [TEST_STEP][PASSED] - click: Object: 'Object Repository/Final Object Repo/Page_Update Add New Employee - ASSIST/Click to Edit Case' is clicked on

2018-10-20 17:36:35 - [MESSAGE][PASSED] - Object: 'Object Repository/Final Object Repo/Page_Update Add New Employee - ASSIST/Click to Edit Case' is clicked on

2018-10-20 17:36:35 - [TEST_STEP][PASSED] - callTestCase: Call Test Case 'Test Cases/Final Aug 2018 - PKS Automation/Registration Module/Workflow/Update Add New Employee/Template/Employee Adding/Employee Adding Action No Repeat IC' successfully

2018-10-20 17:36:35 - [TEST_CASE][PASSED] - Test Cases/Final Aug 2018 - PKS Automation/Registration Module/Workflow/Update Add New Employee/Template/Employee Adding/Employee Adding Action No Repeat IC: Test Cases/Final Aug 2018 - PKS Automation/Registration Module/Workflow/Update Add New Employee/Template/Employee Adding/Employee Adding Action No Repeat IC

2018-10-20 17:36:36 - [TEST_STEP][PASSED] - delay: Delayed 4 second(s)

2018-10-20 17:36:40 - [MESSAGE][PASSED] - Delayed 4 second(s)

2018-10-20 17:36:40 - [TEST_STEP][PASSED] - click: Object: 'Object Repository/Final Object Repo/Page_Update Add New Employee - ASSIST/Add Employee Button' is clicked on

2018-10-20 17:36:40 - [MESSAGE][PASSED] - Object: 'Object Repository/Final Object Repo/Page_Update Add New Employee - ASSIST/Add Employee Button' is clicked on

2018-10-20 17:36:40 - [TEST_STEP][PASSED] - delay: Delayed 3 second(s)

2018-10-20 17:36:43 - [MESSAGE][PASSED] - Delayed 3 second(s)

2018-10-20 17:36:43 - [TEST_STEP][PASSED] - Statement - While (com.kms.katalon.core.webui.keyword.WebUiBuiltInKeywords.verifyElementNotVisible(com.kms.katalon.core.testobject.ObjectRepository.findTestObject(Final Object Repo/Page_Update Add New Employee - ASSIST/No Duplicate Employee Cross), OPTIONAL)): Object 'Object Repository/Final Object Repo/Page_Update Add New Employee - ASSIST/No Duplicate Employee Cross' is visible

2018-10-20 17:36:43 - [MESSAGE][PASSED] - Object 'Object Repository/Final Object Repo/Page_Update Add New Employee - ASSIST/No Duplicate Employee Cross' is NOT visible

2018-10-20 17:36:43 - [TEST_STEP][PASSED] - callTestCase: Call Test Case 'Test Cases/Final Aug 2018 - PKS Automation/Common/IC Generator' successfully

2018-10-20 17:36:43 - [TEST_CASE][PASSED] - Test Cases/Final Aug 2018 - PKS Automation/Common/IC Generator: Test Cases/Final Aug 2018 - PKS Automation/Common/IC Generator

2018-10-20 17:36:43 - [TEST_STEP][PASSED] - Statement - rnd = new java.util.Random(): null

2018-10-20 17:36:44 - [TEST_STEP][PASSED] - Statement - snum = rnd.nextInt(899999 + 1) + 100000: null

2018-10-20 17:36:44 - [TEST_STEP][PASSED] - Statement - tnum = rnd.nextInt(899999 + 1) + 100000: null

2018-10-20 17:36:44 - [TEST_STEP][PASSED] - Statement - IC = java.lang.Integer.toString(snum) + java.lang.Integer.toString(tnum): null

2018-10-20 17:36:44 - [TEST_STEP][PASSED] - Statement - ICtoAdd = IC: null

2018-10-20 17:36:44 - [TEST_STEP][PASSED] - Statement - out.println(ICtoAdd): null

2018-10-20 17:36:44 - [MESSAGE][PASSED] - Call Test Case 'Test Cases/Final Aug 2018 - PKS Automation/Common/IC Generator' successfully

2018-10-20 17:36:44 - [TEST_STEP][PASSED] - delay: Delayed 1 second(s)

2018-10-20 17:36:45 - [MESSAGE][PASSED] - Delayed 1 second(s)

2018-10-20 17:36:45 - [TEST_STEP][PASSED] - setText: Text '577258636723' is set on object 'Object Repository/Final Object Repo/Page_Update Add New Employee - ASSIST/NRIC Input'

2018-10-20 17:36:45 - [MESSAGE][PASSED] - Text '577258636723' is set on object 'Object Repository/Final Object Repo/Page_Update Add New Employee - ASSIST/NRIC Input'

2018-10-20 17:36:45 - [TEST_STEP][PASSED] - delay: Delayed 2 second(s)

2018-10-20 17:36:47 - [MESSAGE][PASSED] - Delayed 2 second(s)

2018-10-20 17:36:47 - [TEST_STEP][PASSED] - click: Object: 'Object Repository/Final Object Repo/Page_Update Add New Employee - ASSIST/button for search for IC' is clicked on

2018-10-20 17:36:47 - [MESSAGE][PASSED] - Object: 'Object Repository/Final Object Repo/Page_Update Add New Employee - ASSIST/button for search for IC' is clicked on

2018-10-20 17:36:47 - [TEST_STEP][PASSED] - delay: Object 'Object Repository/Final Object Repo/Page_Update Add New Employee - ASSIST/No Duplicate Employee Cross' is visible

2018-10-20 17:36:48 - [MESSAGE][PASSED] - Delayed 1 second(s)

2018-10-20 17:36:48 - [MESSAGE][WARNING] - Object 'Object Repository/Final Object Repo/Page_Update Add New Employee - ASSIST/No Duplicate Employee Cross' is visible
[[ATTACHMENT|C:\\Users\\LENOVO\\Katalon Studio\\Perkeso Phase A\\Reports\\Workflow\\Update Add New Employee\\20181020_131102\\1540028208659.png]]

2018-10-20 17:36:48 - [TEST_STEP][PASSED] - delay: Delayed 2 second(s)

2018-10-20 17:36:51 - [MESSAGE][PASSED] - Delayed 2 second(s)

2018-10-20 17:36:51 - [TEST_STEP][PASSED] - setText: Text 'Automate002 eligible 1' is set on object 'Object Repository/Final Object Repo/Page_Update Add New Employee - ASSIST/Employee Name Input'

2018-10-20 17:36:51 - [MESSAGE][PASSED] - Text 'Automate002 eligible 1' is set on object 'Object Repository/Final Object Repo/Page_Update Add New Employee - ASSIST/Employee Name Input'

2018-10-20 17:36:51 - [TEST_STEP][PASSED] - delay: Delayed 2 second(s)

2018-10-20 17:36:53 - [MESSAGE][PASSED] - Delayed 2 second(s)

2018-10-20 17:36:53 - [TEST_STEP][PASSED] - click: Object: 'Object Repository/Final Object Repo/Page_Update Add New Employee - ASSIST/DatePicker Pop Up' is clicked on

2018-10-20 17:36:53 - [MESSAGE][PASSED] - Object: 'Object Repository/Final Object Repo/Page_Update Add New Employee - ASSIST/DatePicker Pop Up' is clicked on

2018-10-20 17:36:53 - [TEST_STEP][PASSED] - click: Object: 'Object Repository/Final Object Repo/Page_Update Add New Employee - ASSIST/DOB Month' is clicked on

2018-10-20 17:36:53 - [MESSAGE][PASSED] - Object: 'Object Repository/Final Object Repo/Page_Update Add New Employee - ASSIST/DOB Month' is clicked on

2018-10-20 17:36:53 - [TEST_STEP][PASSED] - Statement - CurrentMonth = CurrentMonth: null

2018-10-20 17:36:53 - [TEST_STEP][PASSED] - Statement - selectMonth = new com.kms.katalon.core.testobject.TestObject(): null

2018-10-20 17:36:53 - [TEST_STEP][PASSED] - Statement - selectMonth.addProperty("xpath", EQUALS, "//body/div/div/div/select/option[@value='" + CurrentMonth + "']", true): null

2018-10-20 17:36:53 - [TEST_STEP][PASSED] - click: Object: '' is clicked on

2018-10-20 17:36:54 - [MESSAGE][PASSED] - Object: '' is clicked on

2018-10-20 17:36:54 - [TEST_STEP][PASSED] - click: Object: 'Object Repository/Final Object Repo/Page_Update Add New Employee - ASSIST/DOB Year' is clicked on

2018-10-20 17:36:54 - [MESSAGE][PASSED] - Object: 'Object Repository/Final Object Repo/Page_Update Add New Employee - ASSIST/DOB Year' is clicked on

2018-10-20 17:36:54 - [TEST_STEP][PASSED] - Statement - Eyearsbf = EighteenYrsBefore: null

2018-10-20 17:36:54 - [TEST_STEP][PASSED] - Statement - selectYear = new com.kms.katalon.core.testobject.TestObject(): null

2018-10-20 17:36:54 - [TEST_STEP][PASSED] - Statement - selectYear.addProperty("xpath", EQUALS, "//div/div/div/select/option[@value='" + Eyearsbf + "']", true): null

2018-10-20 17:36:54 - [TEST_STEP][PASSED] - click: Object: '' is clicked on

2018-10-20 17:36:54 - [MESSAGE][PASSED] - Object: '' is clicked on

2018-10-20 17:36:54 - [TEST_STEP][PASSED] - Statement - UpdatedSelectDate = com.kms.katalon.core.webui.keyword.WebUiBuiltInKeywords.modifyObjectProperty(com.kms.katalon.core.testobject.ObjectRepository.findTestObject(Final Object Repo/Page_Update Add New Employee - ASSIST/DOB Date), "xpath", "equals", "//body/div/table/tbody/tr/td/a[text()="" + CurrentDate + ""]", true): Modify property of object successfully

2018-10-20 17:36:54 - [MESSAGE][PASSED] - Modify property of object successfully

2018-10-20 17:36:54 - [TEST_STEP][PASSED] - delay: Delayed 3 second(s)

2018-10-20 17:36:57 - [MESSAGE][PASSED] - Delayed 3 second(s)

2018-10-20 17:36:57 - [TEST_STEP][PASSED] - click: Object: 'Object Repository/Final Object Repo/Page_Update Add New Employee - ASSIST/DOB Date' is clicked on

2018-10-20 17:36:57 - [MESSAGE][PASSED] - Object: 'Object Repository/Final Object Repo/Page_Update Add New Employee - ASSIST/DOB Date' is clicked on

2018-10-20 17:36:57 - [TEST_STEP][PASSED] - delay: Delayed 2 second(s)

2018-10-20 17:36:59 - [MESSAGE][PASSED] - Delayed 2 second(s)

2018-10-20 17:36:59 - [TEST_STEP][PASSED] - click: Object: 'Object Repository/Final Object Repo/Page_Update Add New Employee - ASSIST/EmploymentStartDate Pop Up' is clicked on

2018-10-20 17:36:59 - [MESSAGE][PASSED] - Object: 'Object Repository/Final Object Repo/Page_Update Add New Employee - ASSIST/EmploymentStartDate Pop Up' is clicked on

2018-10-20 17:36:59 - [TEST_STEP][PASSED] - delay: Delayed 2 second(s)

2018-10-20 17:37:01 - [MESSAGE][PASSED] - Delayed 2 second(s)

2018-10-20 17:37:01 - [TEST_STEP][PASSED] - click: Object: 'Object Repository/Final Object Repo/Page_Update Add New Employee - ASSIST/Socso Employment StartDate Month' is clicked on

2018-10-20 17:37:01 - [MESSAGE][PASSED] - Object: 'Object Repository/Final Object Repo/Page_Update Add New Employee - ASSIST/Socso Employment StartDate Month' is clicked on

2018-10-20 17:37:01 - [TEST_STEP][PASSED] - delay: Delayed 1 second(s)

2018-10-20 17:37:02 - [MESSAGE][PASSED] - Delayed 1 second(s)

2018-10-20 17:37:02 - [TEST_STEP][PASSED] - click: Object: 'Object Repository/Final Object Repo/Page_Update Add New Employee - ASSIST/Select Socso Employement Startdate Month' is clicked on

2018-10-20 17:37:03 - [MESSAGE][PASSED] - Object: 'Object Repository/Final Object Repo/Page_Update Add New Employee - ASSIST/Select Socso Employement Startdate Month' is clicked on

2018-10-20 17:37:03 - [TEST_STEP][PASSED] - delay: Delayed 2 second(s)

2018-10-20 17:37:05 - [MESSAGE][PASSED] - Delayed 2 second(s)

2018-10-20 17:37:05 - [TEST_STEP][PASSED] - click: Object: 'Object Repository/Final Object Repo/Page_Update Add New Employee - ASSIST/Socso Employment StartDate Year' is clicked on

2018-10-20 17:37:05 - [MESSAGE][PASSED] - Object: 'Object Repository/Final Object Repo/Page_Update Add New Employee - ASSIST/Socso Employment StartDate Year' is clicked on

2018-10-20 17:37:05 - [TEST_STEP][PASSED] - delay: Delayed 1 second(s)

2018-10-20 17:37:06 - [MESSAGE][PASSED] - Delayed 1 second(s)

2018-10-20 17:37:06 - [TEST_STEP][PASSED] - click: Object: 'Object Repository/Final Object Repo/Page_Update Add New Employee - ASSIST/Select Socso Employment Startdate Year' is clicked on

2018-10-20 17:37:06 - [MESSAGE][PASSED] - Object: 'Object Repository/Final Object Repo/Page_Update Add New Employee - ASSIST/Select Socso Employment Startdate Year' is clicked on

2018-10-20 17:37:06 - [TEST_STEP][PASSED] - delay: Delayed 2 second(s)

2018-10-20 17:37:08 - [MESSAGE][PASSED] - Delayed 2 second(s)

2018-10-20 17:37:08 - [TEST_STEP][PASSED] - click: Object: 'Object Repository/Final Object Repo/Page_Update Add New Employee - ASSIST/Socso Employment Start Date Day' is clicked on

2018-10-20 17:37:08 - [MESSAGE][PASSED] - Object: 'Object Repository/Final Object Repo/Page_Update Add New Employee - ASSIST/Socso Employment Start Date Day' is clicked on

2018-10-20 17:37:08 - [TEST_STEP][PASSED] - delay: Delayed 2 second(s)

2018-10-20 17:37:10 - [MESSAGE][PASSED] - Delayed 2 second(s)

2018-10-20 17:37:10 - [TEST_STEP][PASSED] - click: Object: 'Object Repository/Final Object Repo/Page_Update Add New Employee - ASSIST/Save Button for Add Employee' is clicked on

2018-10-20 17:37:10 - [MESSAGE][PASSED] - Object: 'Object Repository/Final Object Repo/Page_Update Add New Employee - ASSIST/Save Button for Add Employee' is clicked on

2018-10-20 17:37:10 - [TEST_STEP][PASSED] - delay: Delayed 20 second(s)

2018-10-20 17:37:30 - [MESSAGE][PASSED] - Delayed 20 second(s)

2018-10-20 17:37:30 - [TEST_STEP][PASSED] - click: Object: 'Object Repository/Final Object Repo/Page_Update Add New Employee - ASSIST/Add Employee Button' is clicked on

2018-10-20 17:37:31 - [MESSAGE][PASSED] - Object: 'Object Repository/Final Object Repo/Page_Update Add New Employee - ASSIST/Add Employee Button' is clicked on

2018-10-20 17:37:31 - [TEST_STEP][PASSED] - delay: Delayed 4 second(s)

2018-10-20 17:37:35 - [MESSAGE][PASSED] - Delayed 4 second(s)

2018-10-20 17:37:35 - [TEST_STEP][PASSED] - Statement - While (com.kms.katalon.core.webui.keyword.WebUiBuiltInKeywords.verifyElementNotVisible(com.kms.katalon.core.testobject.ObjectRepository.findTestObject(Final Object Repo/Page_Update Add New Employee - ASSIST/No Duplicate Employee Cross), OPTIONAL)): Object 'Object Repository/Final Object Repo/Page_Update Add New Employee - ASSIST/No Duplicate Employee Cross' is visible

2018-10-20 17:37:35 - [MESSAGE][PASSED] - Object 'Object Repository/Final Object Repo/Page_Update Add New Employee - ASSIST/No Duplicate Employee Cross' is NOT visible

2018-10-20 17:37:35 - [TEST_STEP][PASSED] - callTestCase: Call Test Case 'Test Cases/Final Aug 2018 - PKS Automation/Common/IC Generator' successfully

2018-10-20 17:37:35 - [TEST_CASE][PASSED] - Test Cases/Final Aug 2018 - PKS Automation/Common/IC Generator: Test Cases/Final Aug 2018 - PKS Automation/Common/IC Generator

2018-10-20 17:37:35 - [TEST_STEP][PASSED] - Statement - rnd = new java.util.Random(): null

2018-10-20 17:37:35 - [TEST_STEP][PASSED] - Statement - snum = rnd.nextInt(899999 + 1) + 100000: null

2018-10-20 17:37:35 - [TEST_STEP][PASSED] - Statement - tnum = rnd.nextInt(899999 + 1) + 100000: null

2018-10-20 17:37:35 - [TEST_STEP][PASSED] - Statement - IC = java.lang.Integer.toString(snum) + java.lang.Integer.toString(tnum): null

2018-10-20 17:37:35 - [TEST_STEP][PASSED] - Statement - ICtoAdd = IC: null

2018-10-20 17:37:35 - [TEST_STEP][PASSED] - Statement - out.println(ICtoAdd): null

2018-10-20 17:37:35 - [MESSAGE][PASSED] - Call Test Case 'Test Cases/Final Aug 2018 - PKS Automation/Common/IC Generator' successfully

2018-10-20 17:37:35 - [TEST_STEP][PASSED] - delay: Delayed 1 second(s)

2018-10-20 17:37:36 - [MESSAGE][PASSED] - Delayed 1 second(s)

2018-10-20 17:37:36 - [TEST_STEP][PASSED] - setText: Text '512853718959' is set on object 'Object Repository/Final Object Repo/Page_Update Add New Employee - ASSIST/NRIC Input'

2018-10-20 17:37:36 - [MESSAGE][PASSED] - Text '512853718959' is set on object 'Object Repository/Final Object Repo/Page_Update Add New Employee - ASSIST/NRIC Input'

2018-10-20 17:37:36 - [TEST_STEP][PASSED] - delay: Delayed 2 second(s)

2018-10-20 17:37:38 - [MESSAGE][PASSED] - Delayed 2 second(s)

2018-10-20 17:37:38 - [TEST_STEP][PASSED] - click: Object: 'Object Repository/Final Object Repo/Page_Update Add New Employee - ASSIST/button for search for IC' is clicked on

2018-10-20 17:37:38 - [MESSAGE][PASSED] - Object: 'Object Repository/Final Object Repo/Page_Update Add New Employee - ASSIST/button for search for IC' is clicked on

2018-10-20 17:37:38 - [TEST_STEP][PASSED] - delay: Object 'Object Repository/Final Object Repo/Page_Update Add New Employee - ASSIST/No Duplicate Employee Cross' is visible

2018-10-20 17:37:39 - [MESSAGE][PASSED] - Delayed 1 second(s)

2018-10-20 17:37:40 - [MESSAGE][WARNING] - Object 'Object Repository/Final Object Repo/Page_Update Add New Employee - ASSIST/No Duplicate Employee Cross' is visible
[[ATTACHMENT|C:\\Users\\LENOVO\\Katalon Studio\\Perkeso Phase A\\Reports\\Workflow\\Update Add New Employee\\20181020_131102\\1540028259957.png]]

2018-10-20 17:37:40 - [TEST_STEP][PASSED] - delay: Delayed 2 second(s)

2018-10-20 17:37:42 - [MESSAGE][PASSED] - Delayed 2 second(s)

2018-10-20 17:37:42 - [TEST_STEP][PASSED] - setText: Text 'Automate002 eligible 2' is set on object 'Object Repository/Final Object Repo/Page_Update Add New Employee - ASSIST/Employee Name Input'

2018-10-20 17:37:42 - [MESSAGE][PASSED] - Text 'Automate002 eligible 2' is set on object 'Object Repository/Final Object Repo/Page_Update Add New Employee - ASSIST/Employee Name Input'

2018-10-20 17:37:42 - [TEST_STEP][PASSED] - delay: Delayed 2 second(s)

2018-10-20 17:37:44 - [MESSAGE][PASSED] - Delayed 2 second(s)

2018-10-20 17:37:44 - [TEST_STEP][PASSED] - click: Object: 'Object Repository/Final Object Repo/Page_Update Add New Employee - ASSIST/DatePicker Pop Up' is clicked on

2018-10-20 17:37:44 - [MESSAGE][PASSED] - Object: 'Object Repository/Final Object Repo/Page_Update Add New Employee - ASSIST/DatePicker Pop Up' is clicked on

2018-10-20 17:37:44 - [TEST_STEP][PASSED] - delay: Delayed 2 second(s)

2018-10-20 17:37:46 - [MESSAGE][PASSED] - Delayed 2 second(s)

2018-10-20 17:37:46 - [TEST_STEP][PASSED] - click: Object: 'Object Repository/Final Object Repo/Page_Update Add New Employee - ASSIST/DOB Month' is clicked on

2018-10-20 17:37:47 - [MESSAGE][PASSED] - Object: 'Object Repository/Final Object Repo/Page_Update Add New Employee - ASSIST/DOB Month' is clicked on

2018-10-20 17:37:47 - [TEST_STEP][PASSED] - Statement - selectMonth = com.kms.katalon.core.webui.keyword.WebUiBuiltInKeywords.modifyObjectProperty(selectMonth, "xpath", "equals", "//body/div/div/div/select/option[@value="" + CurrentMonth + ""]", true): Modify property of object successfully

2018-10-20 17:37:47 - [MESSAGE][PASSED] - Modify property of object successfully

2018-10-20 17:37:47 - [TEST_STEP][PASSED] - click: Object: '' is clicked on

2018-10-20 17:37:47 - [MESSAGE][PASSED] - Object: '' is clicked on

2018-10-20 17:37:47 - [TEST_STEP][PASSED] - click: Object: 'Object Repository/Final Object Repo/Page_Update Add New Employee - ASSIST/DOB Year' is clicked on

2018-10-20 17:37:47 - [MESSAGE][PASSED] - Object: 'Object Repository/Final Object Repo/Page_Update Add New Employee - ASSIST/DOB Year' is clicked on

2018-10-20 17:37:47 - [TEST_STEP][PASSED] - Statement - selectYear = com.kms.katalon.core.webui.keyword.WebUiBuiltInKeywords.modifyObjectProperty(selectYear, "xpath", "equals", "//div/div/div/select/option[@value="" + FiftysevenYrsBefore + ""]", true): Modify property of object successfully

2018-10-20 17:37:47 - [MESSAGE][PASSED] - Modify property of object successfully

2018-10-20 17:37:47 - [TEST_STEP][PASSED] - click: Object: '' is clicked on

2018-10-20 17:37:47 - [MESSAGE][PASSED] - Object: '' is clicked on

2018-10-20 17:37:47 - [TEST_STEP][PASSED] - Statement - UpdatedSelectDate = com.kms.katalon.core.webui.keyword.WebUiBuiltInKeywords.modifyObjectProperty(com.kms.katalon.core.testobject.ObjectRepository.findTestObject(Final Object Repo/Page_Update Add New Employee - ASSIST/DOB Date), "xpath", "equals", "//body/div/table/tbody/tr/td/a[text()="" + OneDayBefore + ""]", true): Modify property of object successfully

2018-10-20 17:37:47 - [MESSAGE][PASSED] - Modify property of object successfully

2018-10-20 17:37:47 - [TEST_STEP][PASSED] - click: Object: 'Object Repository/Final Object Repo/Page_Update Add New Employee - ASSIST/DOB Date' is clicked on

2018-10-20 17:37:47 - [MESSAGE][PASSED] - Object: 'Object Repository/Final Object Repo/Page_Update Add New Employee - ASSIST/DOB Date' is clicked on

2018-10-20 17:37:47 - [TEST_STEP][PASSED] - delay: Delayed 2 second(s)

2018-10-20 17:37:49 - [MESSAGE][PASSED] - Delayed 2 second(s)

2018-10-20 17:37:49 - [TEST_STEP][PASSED] - click: Object: 'Object Repository/Final Object Repo/Page_Update Add New Employee - ASSIST/EmploymentStartDate Pop Up' is clicked on

2018-10-20 17:37:49 - [MESSAGE][PASSED] - Object: 'Object Repository/Final Object Repo/Page_Update Add New Employee - ASSIST/EmploymentStartDate Pop Up' is clicked on

2018-10-20 17:37:49 - [TEST_STEP][PASSED] - delay: Delayed 2 second(s)

2018-10-20 17:37:51 - [MESSAGE][PASSED] - Delayed 2 second(s)

2018-10-20 17:37:51 - [TEST_STEP][PASSED] - click: Object: 'Object Repository/Final Object Repo/Page_Update Add New Employee - ASSIST/Socso Employment StartDate Month' is clicked on

2018-10-20 17:37:52 - [MESSAGE][PASSED] - Object: 'Object Repository/Final Object Repo/Page_Update Add New Employee - ASSIST/Socso Employment StartDate Month' is clicked on

2018-10-20 17:37:52 - [TEST_STEP][PASSED] - delay: Delayed 1 second(s)

2018-10-20 17:37:53 - [MESSAGE][PASSED] - Delayed 1 second(s)

2018-10-20 17:37:53 - [TEST_STEP][PASSED] - click: Object: 'Object Repository/Final Object Repo/Page_Update Add New Employee - ASSIST/Select Socso Employement Startdate Month' is clicked on

2018-10-20 17:37:53 - [MESSAGE][PASSED] - Object: 'Object Repository/Final Object Repo/Page_Update Add New Employee - ASSIST/Select Socso Employement Startdate Month' is clicked on

2018-10-20 17:37:53 - [TEST_STEP][PASSED] - delay: Delayed 2 second(s)

2018-10-20 17:37:55 - [MESSAGE][PASSED] - Delayed 2 second(s)

2018-10-20 17:37:55 - [TEST_STEP][PASSED] - click: Object: 'Object Repository/Final Object Repo/Page_Update Add New Employee - ASSIST/Socso Employment StartDate Year' is clicked on

2018-10-20 17:37:55 - [MESSAGE][PASSED] - Object: 'Object Repository/Final Object Repo/Page_Update Add New Employee - ASSIST/Socso Employment StartDate Year' is clicked on

2018-10-20 17:37:55 - [TEST_STEP][PASSED] - delay: Delayed 1 second(s)

2018-10-20 17:37:56 - [MESSAGE][PASSED] - Delayed 1 second(s)

2018-10-20 17:37:56 - [TEST_STEP][PASSED] - click: Object: 'Object Repository/Final Object Repo/Page_Update Add New Employee - ASSIST/Select Socso Employment Startdate Year' is clicked on

2018-10-20 17:37:56 - [MESSAGE][PASSED] - Object: 'Object Repository/Final Object Repo/Page_Update Add New Employee - ASSIST/Select Socso Employment Startdate Year' is clicked on

2018-10-20 17:37:56 - [TEST_STEP][PASSED] - delay: Delayed 2 second(s)

2018-10-20 17:37:58 - [MESSAGE][PASSED] - Delayed 2 second(s)

2018-10-20 17:37:58 - [TEST_STEP][PASSED] - click: Object: 'Object Repository/Final Object Repo/Page_Update Add New Employee - ASSIST/Socso Employment Start Date Day' is clicked on

2018-10-20 17:37:58 - [MESSAGE][PASSED] - Object: 'Object Repository/Final Object Repo/Page_Update Add New Employee - ASSIST/Socso Employment Start Date Day' is clicked on

2018-10-20 17:37:58 - [TEST_STEP][PASSED] - delay: Delayed 2 second(s)

2018-10-20 17:38:00 - [MESSAGE][PASSED] - Delayed 2 second(s)

2018-10-20 17:38:00 - [TEST_STEP][PASSED] - click: Object: 'Object Repository/Final Object Repo/Page_Update Add New Employee - ASSIST/Save Button for Add Employee' is clicked on

2018-10-20 17:38:01 - [MESSAGE][PASSED] - Object: 'Object Repository/Final Object Repo/Page_Update Add New Employee - ASSIST/Save Button for Add Employee' is clicked on

2018-10-20 17:38:01 - [TEST_STEP][PASSED] - delay: Delayed 20 second(s)

2018-10-20 17:38:21 - [MESSAGE][PASSED] - Delayed 20 second(s)

2018-10-20 17:38:21 - [TEST_STEP][PASSED] - waitForElementClickable: Object 'Object Repository/Final Object Repo/Page_Update Add New Employee - ASSIST/Add Employee Button' is clickable

2018-10-20 17:38:21 - [MESSAGE][PASSED] - Object 'Object Repository/Final Object Repo/Page_Update Add New Employee - ASSIST/Add Employee Button' is clickable

2018-10-20 17:38:21 - [TEST_STEP][PASSED] - click: Object: 'Object Repository/Final Object Repo/Page_Update Add New Employee - ASSIST/Add Employee Button' is clicked on

2018-10-20 17:38:21 - [MESSAGE][PASSED] - Object: 'Object Repository/Final Object Repo/Page_Update Add New Employee - ASSIST/Add Employee Button' is clicked on

2018-10-20 17:38:21 - [TEST_STEP][PASSED] - delay: Delayed 4 second(s)

2018-10-20 17:38:25 - [MESSAGE][PASSED] - Delayed 4 second(s)

2018-10-20 17:38:25 - [TEST_STEP][PASSED] - Statement - While (com.kms.katalon.core.webui.keyword.WebUiBuiltInKeywords.verifyElementNotVisible(com.kms.katalon.core.testobject.ObjectRepository.findTestObject(Final Object Repo/Page_Update Add New Employee - ASSIST/No Duplicate Employee Cross), OPTIONAL)): Object 'Object Repository/Final Object Repo/Page_Update Add New Employee - ASSIST/No Duplicate Employee Cross' is visible

2018-10-20 17:38:25 - [MESSAGE][PASSED] - Object 'Object Repository/Final Object Repo/Page_Update Add New Employee - ASSIST/No Duplicate Employee Cross' is NOT visible

2018-10-20 17:38:25 - [TEST_STEP][PASSED] - callTestCase: Call Test Case 'Test Cases/Final Aug 2018 - PKS Automation/Common/IC Generator' successfully

2018-10-20 17:38:25 - [TEST_CASE][PASSED] - Test Cases/Final Aug 2018 - PKS Automation/Common/IC Generator: Test Cases/Final Aug 2018 - PKS Automation/Common/IC Generator

2018-10-20 17:38:25 - [TEST_STEP][PASSED] - Statement - rnd = new java.util.Random(): null

2018-10-20 17:38:25 - [TEST_STEP][PASSED] - Statement - snum = rnd.nextInt(899999 + 1) + 100000: null

2018-10-20 17:38:25 - [TEST_STEP][PASSED] - Statement - tnum = rnd.nextInt(899999 + 1) + 100000: null

2018-10-20 17:38:25 - [TEST_STEP][PASSED] - Statement - IC = java.lang.Integer.toString(snum) + java.lang.Integer.toString(tnum): null

2018-10-20 17:38:25 - [TEST_STEP][PASSED] - Statement - ICtoAdd = IC: null

2018-10-20 17:38:25 - [TEST_STEP][PASSED] - Statement - out.println(ICtoAdd): null

2018-10-20 17:38:25 - [MESSAGE][PASSED] - Call Test Case 'Test Cases/Final Aug 2018 - PKS Automation/Common/IC Generator' successfully

2018-10-20 17:38:25 - [TEST_STEP][PASSED] - delay: Delayed 1 second(s)

2018-10-20 17:38:26 - [MESSAGE][PASSED] - Delayed 1 second(s)

2018-10-20 17:38:26 - [TEST_STEP][PASSED] - setText: Text '824145687340' is set on object 'Object Repository/Final Object Repo/Page_Update Add New Employee - ASSIST/NRIC Input'

2018-10-20 17:38:26 - [MESSAGE][PASSED] - Text '824145687340' is set on object 'Object Repository/Final Object Repo/Page_Update Add New Employee - ASSIST/NRIC Input'

2018-10-20 17:38:26 - [TEST_STEP][PASSED] - delay: Delayed 2 second(s)

2018-10-20 17:38:28 - [MESSAGE][PASSED] - Delayed 2 second(s)

2018-10-20 17:38:28 - [TEST_STEP][PASSED] - click: Object: 'Object Repository/Final Object Repo/Page_Update Add New Employee - ASSIST/button for search for IC' is clicked on

2018-10-20 17:38:29 - [MESSAGE][PASSED] - Object: 'Object Repository/Final Object Repo/Page_Update Add New Employee - ASSIST/button for search for IC' is clicked on

2018-10-20 17:38:29 - [TEST_STEP][PASSED] - delay: Object 'Object Repository/Final Object Repo/Page_Update Add New Employee - ASSIST/No Duplicate Employee Cross' is visible

2018-10-20 17:38:30 - [MESSAGE][PASSED] - Delayed 1 second(s)

2018-10-20 17:38:30 - [MESSAGE][WARNING] - Object 'Object Repository/Final Object Repo/Page_Update Add New Employee - ASSIST/No Duplicate Employee Cross' is visible
[[ATTACHMENT|C:\\Users\\LENOVO\\Katalon Studio\\Perkeso Phase A\\Reports\\Workflow\\Update Add New Employee\\20181020_131102\\1540028310185.png]]

2018-10-20 17:38:30 - [TEST_STEP][PASSED] - delay: Delayed 2 second(s)

2018-10-20 17:38:32 - [MESSAGE][PASSED] - Delayed 2 second(s)

2018-10-20 17:38:32 - [TEST_STEP][PASSED] - setText: Text 'Automate002 not eligible 1' is set on object 'Object Repository/Final Object Repo/Page_Update Add New Employee - ASSIST/Employee Name Input'

2018-10-20 17:38:32 - [MESSAGE][PASSED] - Text 'Automate002 not eligible 1' is set on object 'Object Repository/Final Object Repo/Page_Update Add New Employee - ASSIST/Employee Name Input'

2018-10-20 17:38:32 - [TEST_STEP][PASSED] - delay: Delayed 2 second(s)

2018-10-20 17:38:34 - [MESSAGE][PASSED] - Delayed 2 second(s)

2018-10-20 17:38:34 - [TEST_STEP][PASSED] - click: Object: 'Object Repository/Final Object Repo/Page_Update Add New Employee - ASSIST/DatePicker Pop Up' is clicked on

2018-10-20 17:38:35 - [MESSAGE][PASSED] - Object: 'Object Repository/Final Object Repo/Page_Update Add New Employee - ASSIST/DatePicker Pop Up' is clicked on

2018-10-20 17:38:35 - [TEST_STEP][PASSED] - delay: Delayed 2 second(s)

2018-10-20 17:38:37 - [MESSAGE][PASSED] - Delayed 2 second(s)

2018-10-20 17:38:37 - [TEST_STEP][PASSED] - click: Object: 'Object Repository/Final Object Repo/Page_Update Add New Employee - ASSIST/DOB Month' is clicked on

2018-10-20 17:38:37 - [MESSAGE][PASSED] - Object: 'Object Repository/Final Object Repo/Page_Update Add New Employee - ASSIST/DOB Month' is clicked on

2018-10-20 17:38:37 - [TEST_STEP][PASSED] - Statement - selectMonth = com.kms.katalon.core.webui.keyword.WebUiBuiltInKeywords.modifyObjectProperty(selectMonth, "xpath", "equals", "//body/div/div/div/select/option[@value="" + CurrentMonth + ""]", true): Modify property of object successfully

2018-10-20 17:38:37 - [MESSAGE][PASSED] - Modify property of object successfully

2018-10-20 17:38:37 - [TEST_STEP][PASSED] - click: Object: '' is clicked on

2018-10-20 17:38:37 - [MESSAGE][PASSED] - Object: '' is clicked on

2018-10-20 17:38:37 - [TEST_STEP][PASSED] - click: Object: 'Object Repository/Final Object Repo/Page_Update Add New Employee - ASSIST/DOB Year' is clicked on

2018-10-20 17:38:37 - [MESSAGE][PASSED] - Object: 'Object Repository/Final Object Repo/Page_Update Add New Employee - ASSIST/DOB Year' is clicked on

2018-10-20 17:38:37 - [TEST_STEP][PASSED] - Statement - selectYear = com.kms.katalon.core.webui.keyword.WebUiBuiltInKeywords.modifyObjectProperty(selectYear, "xpath", "equals", "//div/div/div/select/option[@value="" + EighteenYrsBefore + ""]", true): Modify property of object successfully

2018-10-20 17:38:37 - [MESSAGE][PASSED] - Modify property of object successfully

2018-10-20 17:38:37 - [TEST_STEP][PASSED] - click: Object: '' is clicked on

2018-10-20 17:38:37 - [MESSAGE][PASSED] - Object: '' is clicked on

2018-10-20 17:38:37 - [TEST_STEP][PASSED] - Statement - UpdatedSelectDate = com.kms.katalon.core.webui.keyword.WebUiBuiltInKeywords.modifyObjectProperty(com.kms.katalon.core.testobject.ObjectRepository.findTestObject(Final Object Repo/Page_Update Add New Employee - ASSIST/DOB Date), "xpath", "equals", "//body/div/table/tbody/tr/td/a[text()="" + OneDayBefore + ""]", true): Modify property of object successfully

2018-10-20 17:38:37 - [MESSAGE][PASSED] - Modify property of object successfully

2018-10-20 17:38:37 - [TEST_STEP][PASSED] - click: Object: 'Object Repository/Final Object Repo/Page_Update Add New Employee - ASSIST/DOB Date' is clicked on

2018-10-20 17:38:37 - [MESSAGE][PASSED] - Object: 'Object Repository/Final Object Repo/Page_Update Add New Employee - ASSIST/DOB Date' is clicked on

2018-10-20 17:38:37 - [TEST_STEP][PASSED] - delay: Delayed 2 second(s)

2018-10-20 17:38:39 - [MESSAGE][PASSED] - Delayed 2 second(s)

2018-10-20 17:38:39 - [TEST_STEP][PASSED] - click: Object: 'Object Repository/Final Object Repo/Page_Update Add New Employee - ASSIST/EmploymentStartDate Pop Up' is clicked on

2018-10-20 17:38:40 - [MESSAGE][PASSED] - Object: 'Object Repository/Final Object Repo/Page_Update Add New Employee - ASSIST/EmploymentStartDate Pop Up' is clicked on

2018-10-20 17:38:40 - [TEST_STEP][PASSED] - delay: Delayed 2 second(s)

2018-10-20 17:38:42 - [MESSAGE][PASSED] - Delayed 2 second(s)

2018-10-20 17:38:42 - [TEST_STEP][PASSED] - click: Object: 'Object Repository/Final Object Repo/Page_Update Add New Employee - ASSIST/Socso Employment StartDate Month' is clicked on

2018-10-20 17:38:42 - [MESSAGE][PASSED] - Object: 'Object Repository/Final Object Repo/Page_Update Add New Employee - ASSIST/Socso Employment StartDate Month' is clicked on

2018-10-20 17:38:42 - [TEST_STEP][PASSED] - delay: Delayed 1 second(s)

2018-10-20 17:38:43 - [MESSAGE][PASSED] - Delayed 1 second(s)

2018-10-20 17:38:43 - [TEST_STEP][PASSED] - click: Object: 'Object Repository/Final Object Repo/Page_Update Add New Employee - ASSIST/Select Socso Employement Startdate Month' is clicked on

2018-10-20 17:38:43 - [MESSAGE][PASSED] - Object: 'Object Repository/Final Object Repo/Page_Update Add New Employee - ASSIST/Select Socso Employement Startdate Month' is clicked on

2018-10-20 17:38:43 - [TEST_STEP][PASSED] - delay: Delayed 2 second(s)

2018-10-20 17:38:45 - [MESSAGE][PASSED] - Delayed 2 second(s)

2018-10-20 17:38:45 - [TEST_STEP][PASSED] - click: Object: 'Object Repository/Final Object Repo/Page_Update Add New Employee - ASSIST/Socso Employment StartDate Year' is clicked on

2018-10-20 17:38:45 - [MESSAGE][PASSED] - Object: 'Object Repository/Final Object Repo/Page_Update Add New Employee - ASSIST/Socso Employment StartDate Year' is clicked on

2018-10-20 17:38:45 - [TEST_STEP][PASSED] - delay: Delayed 1 second(s)

2018-10-20 17:38:46 - [MESSAGE][PASSED] - Delayed 1 second(s)

2018-10-20 17:38:46 - [TEST_STEP][PASSED] - click: Object: 'Object Repository/Final Object Repo/Page_Update Add New Employee - ASSIST/Select Socso Employment Startdate Year' is clicked on

2018-10-20 17:38:46 - [MESSAGE][PASSED] - Object: 'Object Repository/Final Object Repo/Page_Update Add New Employee - ASSIST/Select Socso Employment Startdate Year' is clicked on

2018-10-20 17:38:46 - [TEST_STEP][PASSED] - delay: Delayed 2 second(s)

2018-10-20 17:38:48 - [MESSAGE][PASSED] - Delayed 2 second(s)

2018-10-20 17:38:48 - [TEST_STEP][PASSED] - click: Object: 'Object Repository/Final Object Repo/Page_Update Add New Employee - ASSIST/Socso Employment Start Date Day' is clicked on

2018-10-20 17:38:49 - [MESSAGE][PASSED] - Object: 'Object Repository/Final Object Repo/Page_Update Add New Employee - ASSIST/Socso Employment Start Date Day' is clicked on

2018-10-20 17:38:49 - [TEST_STEP][PASSED] - delay: Delayed 2 second(s)

2018-10-20 17:38:51 - [MESSAGE][PASSED] - Delayed 2 second(s)

2018-10-20 17:38:51 - [TEST_STEP][PASSED] - click: Object: 'Object Repository/Final Object Repo/Page_Update Add New Employee - ASSIST/Save Button for Add Employee' is clicked on

2018-10-20 17:38:51 - [MESSAGE][PASSED] - Object: 'Object Repository/Final Object Repo/Page_Update Add New Employee - ASSIST/Save Button for Add Employee' is clicked on

2018-10-20 17:38:51 - [TEST_STEP][PASSED] - delay: Delayed 20 second(s)

2018-10-20 17:39:11 - [MESSAGE][PASSED] - Delayed 20 second(s)

2018-10-20 17:39:11 - [TEST_STEP][PASSED] - click: Object: 'Object Repository/Final Object Repo/Page_Update Add New Employee - ASSIST/Add Employee Button' is clicked on

2018-10-20 17:39:11 - [MESSAGE][PASSED] - Object: 'Object Repository/Final Object Repo/Page_Update Add New Employee - ASSIST/Add Employee Button' is clicked on

2018-10-20 17:39:11 - [TEST_STEP][PASSED] - delay: Delayed 4 second(s)

2018-10-20 17:39:15 - [MESSAGE][PASSED] - Delayed 4 second(s)

2018-10-20 17:39:15 - [TEST_STEP][PASSED] - Statement - While (com.kms.katalon.core.webui.keyword.WebUiBuiltInKeywords.verifyElementNotVisible(com.kms.katalon.core.testobject.ObjectRepository.findTestObject(Final Object Repo/Page_Update Add New Employee - ASSIST/No Duplicate Employee Cross), OPTIONAL)): Object 'Object Repository/Final Object Repo/Page_Update Add New Employee - ASSIST/No Duplicate Employee Cross' is visible

2018-10-20 17:39:15 - [MESSAGE][PASSED] - Object 'Object Repository/Final Object Repo/Page_Update Add New Employee - ASSIST/No Duplicate Employee Cross' is NOT visible

2018-10-20 17:39:15 - [TEST_STEP][PASSED] - callTestCase: Call Test Case 'Test Cases/Final Aug 2018 - PKS Automation/Common/IC Generator' successfully

2018-10-20 17:39:15 - [TEST_CASE][PASSED] - Test Cases/Final Aug 2018 - PKS Automation/Common/IC Generator: Test Cases/Final Aug 2018 - PKS Automation/Common/IC Generator

2018-10-20 17:39:15 - [TEST_STEP][PASSED] - Statement - rnd = new java.util.Random(): null

2018-10-20 17:39:15 - [TEST_STEP][PASSED] - Statement - snum = rnd.nextInt(899999 + 1) + 100000: null

2018-10-20 17:39:15 - [TEST_STEP][PASSED] - Statement - tnum = rnd.nextInt(899999 + 1) + 100000: null

2018-10-20 17:39:15 - [TEST_STEP][PASSED] - Statement - IC = java.lang.Integer.toString(snum) + java.lang.Integer.toString(tnum): null

2018-10-20 17:39:15 - [TEST_STEP][PASSED] - Statement - ICtoAdd = IC: null

2018-10-20 17:39:15 - [TEST_STEP][PASSED] - Statement - out.println(ICtoAdd): null

2018-10-20 17:39:15 - [MESSAGE][PASSED] - Call Test Case 'Test Cases/Final Aug 2018 - PKS Automation/Common/IC Generator' successfully

2018-10-20 17:39:15 - [TEST_STEP][PASSED] - delay: Delayed 1 second(s)

2018-10-20 17:39:16 - [MESSAGE][PASSED] - Delayed 1 second(s)

2018-10-20 17:39:16 - [TEST_STEP][PASSED] - setText: Text '380639554287' is set on object 'Object Repository/Final Object Repo/Page_Update Add New Employee - ASSIST/NRIC Input'

2018-10-20 17:39:17 - [MESSAGE][PASSED] - Text '380639554287' is set on object 'Object Repository/Final Object Repo/Page_Update Add New Employee - ASSIST/NRIC Input'

2018-10-20 17:39:17 - [TEST_STEP][PASSED] - delay: Delayed 2 second(s)

2018-10-20 17:39:19 - [MESSAGE][PASSED] - Delayed 2 second(s)

2018-10-20 17:39:19 - [TEST_STEP][PASSED] - click: Object: 'Object Repository/Final Object Repo/Page_Update Add New Employee - ASSIST/button for search for IC' is clicked on

2018-10-20 17:39:19 - [MESSAGE][PASSED] - Object: 'Object Repository/Final Object Repo/Page_Update Add New Employee - ASSIST/button for search for IC' is clicked on

2018-10-20 17:39:19 - [TEST_STEP][PASSED] - delay: Object 'Object Repository/Final Object Repo/Page_Update Add New Employee - ASSIST/No Duplicate Employee Cross' is visible

2018-10-20 17:39:20 - [MESSAGE][PASSED] - Delayed 1 second(s)

2018-10-20 17:39:20 - [MESSAGE][WARNING] - Object 'Object Repository/Final Object Repo/Page_Update Add New Employee - ASSIST/No Duplicate Employee Cross' is visible
[[ATTACHMENT|C:\\Users\\LENOVO\\Katalon Studio\\Perkeso Phase A\\Reports\\Workflow\\Update Add New Employee\\20181020_131102\\1540028360322.png]]

2018-10-20 17:39:20 - [TEST_STEP][PASSED] - delay: Delayed 2 second(s)

2018-10-20 17:39:22 - [MESSAGE][PASSED] - Delayed 2 second(s)

2018-10-20 17:39:22 - [TEST_STEP][PASSED] - setText: Text 'Automate002 not eligible 2' is set on object 'Object Repository/Final Object Repo/Page_Update Add New Employee - ASSIST/Employee Name Input'

2018-10-20 17:39:23 - [MESSAGE][PASSED] - Text 'Automate002 not eligible 2' is set on object 'Object Repository/Final Object Repo/Page_Update Add New Employee - ASSIST/Employee Name Input'

2018-10-20 17:39:23 - [TEST_STEP][PASSED] - delay: Delayed 2 second(s)

2018-10-20 17:39:25 - [MESSAGE][PASSED] - Delayed 2 second(s)

2018-10-20 17:39:25 - [TEST_STEP][PASSED] - click: Object: 'Object Repository/Final Object Repo/Page_Update Add New Employee - ASSIST/DatePicker Pop Up' is clicked on

2018-10-20 17:39:25 - [MESSAGE][PASSED] - Object: 'Object Repository/Final Object Repo/Page_Update Add New Employee - ASSIST/DatePicker Pop Up' is clicked on

2018-10-20 17:39:25 - [TEST_STEP][PASSED] - delay: Delayed 2 second(s)

2018-10-20 17:39:27 - [MESSAGE][PASSED] - Delayed 2 second(s)

2018-10-20 17:39:27 - [TEST_STEP][PASSED] - click: Object: 'Object Repository/Final Object Repo/Page_Update Add New Employee - ASSIST/DOB Month' is clicked on

2018-10-20 17:39:27 - [MESSAGE][PASSED] - Object: 'Object Repository/Final Object Repo/Page_Update Add New Employee - ASSIST/DOB Month' is clicked on

2018-10-20 17:39:27 - [TEST_STEP][PASSED] - Statement - selectMonth = com.kms.katalon.core.webui.keyword.WebUiBuiltInKeywords.modifyObjectProperty(selectMonth, "xpath", "equals", "//body/div/div/div/select/option[@value="" + CurrentMonth + ""]", true): Modify property of object successfully

2018-10-20 17:39:27 - [MESSAGE][PASSED] - Modify property of object successfully

2018-10-20 17:39:27 - [TEST_STEP][PASSED] - click: Object: '' is clicked on

2018-10-20 17:39:27 - [MESSAGE][PASSED] - Object: '' is clicked on

2018-10-20 17:39:27 - [TEST_STEP][PASSED] - click: Object: 'Object Repository/Final Object Repo/Page_Update Add New Employee - ASSIST/DOB Year' is clicked on

2018-10-20 17:39:27 - [MESSAGE][PASSED] - Object: 'Object Repository/Final Object Repo/Page_Update Add New Employee - ASSIST/DOB Year' is clicked on

2018-10-20 17:39:27 - [TEST_STEP][PASSED] - Statement - selectYear = com.kms.katalon.core.webui.keyword.WebUiBuiltInKeywords.modifyObjectProperty(selectYear, "xpath", "equals", "//div/div/div/select/option[@value="" + FiftysevenYrsBefore + ""]", true): Modify property of object successfully

2018-10-20 17:39:27 - [MESSAGE][PASSED] - Modify property of object successfully

2018-10-20 17:39:27 - [TEST_STEP][PASSED] - click: Object: '' is clicked on

2018-10-20 17:39:27 - [MESSAGE][PASSED] - Object: '' is clicked on

2018-10-20 17:39:27 - [TEST_STEP][PASSED] - Statement - UpdatedSelectDate = com.kms.katalon.core.webui.keyword.WebUiBuiltInKeywords.modifyObjectProperty(com.kms.katalon.core.testobject.ObjectRepository.findTestObject(Final Object Repo/Page_Update Add New Employee - ASSIST/DOB Date), "xpath", "equals", "//body/div/table/tbody/tr/td/a[text()="" + CurrentDate + ""]", true): Modify property of object successfully

2018-10-20 17:39:27 - [MESSAGE][PASSED] - Modify property of object successfully

2018-10-20 17:39:27 - [TEST_STEP][PASSED] - click: Object: 'Object Repository/Final Object Repo/Page_Update Add New Employee - ASSIST/DOB Date' is clicked on

2018-10-20 17:39:28 - [MESSAGE][PASSED] - Object: 'Object Repository/Final Object Repo/Page_Update Add New Employee - ASSIST/DOB Date' is clicked on

2018-10-20 17:39:28 - [TEST_STEP][PASSED] - click: Object: 'Object Repository/Final Object Repo/Page_Update Add New Employee - ASSIST/EmploymentStartDate Pop Up' is clicked on

2018-10-20 17:39:28 - [MESSAGE][PASSED] - Object: 'Object Repository/Final Object Repo/Page_Update Add New Employee - ASSIST/EmploymentStartDate Pop Up' is clicked on

2018-10-20 17:39:28 - [TEST_STEP][PASSED] - delay: Delayed 2 second(s)

2018-10-20 17:39:30 - [MESSAGE][PASSED] - Delayed 2 second(s)

2018-10-20 17:39:30 - [TEST_STEP][PASSED] - click: Object: 'Object Repository/Final Object Repo/Page_Update Add New Employee - ASSIST/Socso Employment StartDate Month' is clicked on

2018-10-20 17:39:30 - [MESSAGE][PASSED] - Object: 'Object Repository/Final Object Repo/Page_Update Add New Employee - ASSIST/Socso Employment StartDate Month' is clicked on

2018-10-20 17:39:30 - [TEST_STEP][PASSED] - delay: Delayed 1 second(s)

2018-10-20 17:39:31 - [MESSAGE][PASSED] - Delayed 1 second(s)

2018-10-20 17:39:31 - [TEST_STEP][PASSED] - click: Object: 'Object Repository/Final Object Repo/Page_Update Add New Employee - ASSIST/Select Socso Employement Startdate Month' is clicked on

2018-10-20 17:39:31 - [MESSAGE][PASSED] - Object: 'Object Repository/Final Object Repo/Page_Update Add New Employee - ASSIST/Select Socso Employement Startdate Month' is clicked on

2018-10-20 17:39:31 - [TEST_STEP][PASSED] - delay: Delayed 2 second(s)

2018-10-20 17:39:33 - [MESSAGE][PASSED] - Delayed 2 second(s)

2018-10-20 17:39:33 - [TEST_STEP][PASSED] - click: Object: 'Object Repository/Final Object Repo/Page_Update Add New Employee - ASSIST/Socso Employment StartDate Year' is clicked on

2018-10-20 17:39:33 - [MESSAGE][PASSED] - Object: 'Object Repository/Final Object Repo/Page_Update Add New Employee - ASSIST/Socso Employment StartDate Year' is clicked on

2018-10-20 17:39:33 - [TEST_STEP][PASSED] - delay: Delayed 1 second(s)

2018-10-20 17:39:34 - [MESSAGE][PASSED] - Delayed 1 second(s)

2018-10-20 17:39:34 - [TEST_STEP][PASSED] - click: Object: 'Object Repository/Final Object Repo/Page_Update Add New Employee - ASSIST/Select Socso Employment Startdate Year' is clicked on

2018-10-20 17:39:35 - [MESSAGE][PASSED] - Object: 'Object Repository/Final Object Repo/Page_Update Add New Employee - ASSIST/Select Socso Employment Startdate Year' is clicked on

2018-10-20 17:39:35 - [TEST_STEP][PASSED] - delay: Delayed 2 second(s)

2018-10-20 17:39:37 - [MESSAGE][PASSED] - Delayed 2 second(s)

2018-10-20 17:39:37 - [TEST_STEP][PASSED] - click: Object: 'Object Repository/Final Object Repo/Page_Update Add New Employee - ASSIST/Socso Employment Start Date Day' is clicked on

2018-10-20 17:39:37 - [MESSAGE][PASSED] - Object: 'Object Repository/Final Object Repo/Page_Update Add New Employee - ASSIST/Socso Employment Start Date Day' is clicked on

2018-10-20 17:39:37 - [TEST_STEP][PASSED] - delay: Delayed 2 second(s)

2018-10-20 17:39:39 - [MESSAGE][PASSED] - Delayed 2 second(s)

2018-10-20 17:39:39 - [TEST_STEP][PASSED] - click: Object: 'Object Repository/Final Object Repo/Page_Update Add New Employee - ASSIST/Save Button for Add Employee' is clicked on

2018-10-20 17:39:39 - [MESSAGE][PASSED] - Object: 'Object Repository/Final Object Repo/Page_Update Add New Employee - ASSIST/Save Button for Add Employee' is clicked on

2018-10-20 17:39:39 - [MESSAGE][PASSED] - Call Test Case 'Test Cases/Final Aug 2018 - PKS Automation/Registration Module/Workflow/Update Add New Employee/Template/Employee Adding/Employee Adding Action No Repeat IC' successfully

2018-10-20 17:39:39 - [TEST_STEP][PASSED] - delay: Delayed 4 second(s)

2018-10-20 17:39:43 - [MESSAGE][PASSED] - Delayed 4 second(s)

2018-10-20 17:39:43 - [TEST_STEP][PASSED] - Statement - CaseReferenceNo = com.kms.katalon.core.webui.keyword.WebUiBuiltInKeywords.getText(com.kms.katalon.core.testobject.ObjectRepository.findTestObject(Final Object Repo/Page_Update Add New Employee - ASSIST/RefNo)): Text of object 'Object Repository/Final Object Repo/Page_Update Add New Employee - ASSIST/RefNo' is: 'CAN10201800002060'

2018-10-20 17:39:43 - [MESSAGE][PASSED] - Text of object 'Object Repository/Final Object Repo/Page_Update Add New Employee - ASSIST/RefNo' is: 'CAN10201800002060'

2018-10-20 17:39:43 - [TEST_STEP][PASSED] - callTestCase: Call Test Case 'Test Cases/Final Aug 2018 - PKS Automation/Common/Reference Number Setter' successfully

2018-10-20 17:39:43 - [TEST_CASE][PASSED] - Test Cases/Final Aug 2018 - PKS Automation/Common/Reference Number Setter: Test Cases/Final Aug 2018 - PKS Automation/Common/Reference Number Setter

2018-10-20 17:39:43 - [TEST_STEP][PASSED] - Statement - RefNoOldFile = new java.io.File(C://KatalonReference.txt): null

2018-10-20 17:39:43 - [TEST_STEP][PASSED] - Statement - RefNoOldFile.delete(): null

2018-10-20 17:39:43 - [TEST_STEP][PASSED] - Statement - RefNo = new java.io.File(C://KatalonReference.txt): null

2018-10-20 17:39:43 - [TEST_STEP][PASSED] - Statement - RefNo.append(CaseReferenceNo): null

2018-10-20 17:39:43 - [TEST_STEP][PASSED] - Statement - out.println("


" + CaseReferenceNo + "


"): null

2018-10-20 17:39:43 - [MESSAGE][PASSED] - Call Test Case 'Test Cases/Final Aug 2018 - PKS Automation/Common/Reference Number Setter' successfully

2018-10-20 17:39:43 - [TEST_STEP][PASSED] - delay: Delayed 5 second(s)

2018-10-20 17:39:48 - [MESSAGE][PASSED] - Delayed 5 second(s)

2018-10-20 17:39:48 - [TEST_STEP][PASSED] - click: Object: 'Object Repository/Final Object Repo/Page_Update Add New Employee - ASSIST/Incomplete Checkbox' is clicked on

2018-10-20 17:39:49 - [MESSAGE][PASSED] - Object: 'Object Repository/Final Object Repo/Page_Update Add New Employee - ASSIST/Incomplete Checkbox' is clicked on

2018-10-20 17:39:49 - [TEST_STEP][PASSED] - delay: Delayed 2 second(s)

2018-10-20 17:39:51 - [MESSAGE][PASSED] - Delayed 2 second(s)

2018-10-20 17:39:51 - [TEST_STEP][PASSED] - click: Object: 'Object Repository/Final Object Repo/Page_Update Add New Employee - ASSIST/Save  Continue Button' is clicked on

2018-10-20 17:39:51 - [MESSAGE][PASSED] - Object: 'Object Repository/Final Object Repo/Page_Update Add New Employee - ASSIST/Save  Continue Button' is clicked on

2018-10-20 17:39:51 - [TEST_STEP][PASSED] - delay: Delayed 4 second(s)

2018-10-20 17:39:55 - [MESSAGE][PASSED] - Delayed 4 second(s)

2018-10-20 17:39:55 - [TEST_STEP][PASSED] - click: Object: 'Object Repository/Final Object Repo/Page_Update Add New Employee - ASSIST/Save  Continue Third Screen' is clicked on

2018-10-20 17:39:58 - [MESSAGE][PASSED] - Object: 'Object Repository/Final Object Repo/Page_Update Add New Employee - ASSIST/Save  Continue Third Screen' is clicked on

2018-10-20 17:39:58 - [TEST_STEP][PASSED] - delay: Delayed 4 second(s)

2018-10-20 17:40:02 - [MESSAGE][PASSED] - Delayed 4 second(s)

2018-10-20 17:40:02 - [TEST_STEP][PASSED] - click: Object: 'Object Repository/Final Object Repo/Page_Update Add New Employee - ASSIST/Save   Continue Supporting Doc Page' is clicked on

2018-10-20 17:40:02 - [MESSAGE][PASSED] - Object: 'Object Repository/Final Object Repo/Page_Update Add New Employee - ASSIST/Save   Continue Supporting Doc Page' is clicked on

2018-10-20 17:40:02 - [TEST_STEP][PASSED] - delay: Delayed 4 second(s)

2018-10-20 17:40:06 - [MESSAGE][PASSED] - Delayed 4 second(s)

2018-10-20 17:40:06 - [TEST_STEP][PASSED] - click: Object: 'Object Repository/Final Object Repo/Page_Update Add New Employee - ASSIST/Submit Button' is clicked on

2018-10-20 17:40:06 - [MESSAGE][PASSED] - Object: 'Object Repository/Final Object Repo/Page_Update Add New Employee - ASSIST/Submit Button' is clicked on

2018-10-20 17:40:06 - [TEST_STEP][PASSED] - delay: Delayed 4 second(s)

2018-10-20 17:40:10 - [MESSAGE][PASSED] - Delayed 4 second(s)

2018-10-20 17:40:10 - [TEST_STEP][PASSED] - click: Object: 'Object Repository/Final Object Repo/Page_Update Add New Employee - ASSIST/Confirm Submit Button' is clicked on

2018-10-20 17:40:10 - [MESSAGE][PASSED] - Object: 'Object Repository/Final Object Repo/Page_Update Add New Employee - ASSIST/Confirm Submit Button' is clicked on

2018-10-20 17:40:10 - [TEST_STEP][PASSED] - delay: Delayed 30 second(s)

2018-10-20 17:40:40 - [MESSAGE][PASSED] - Delayed 30 second(s)

2018-10-20 17:40:40 - [TEST_STEP][PASSED] - callTestCase: Call Test Case 'Test Cases/Final Aug 2018 - PKS Automation/Common/Screenshoting tool' successfully

2018-10-20 17:40:40 - [TEST_CASE][PASSED] - Test Cases/Final Aug 2018 - PKS Automation/Common/Screenshoting tool: Test Cases/Final Aug 2018 - PKS Automation/Common/Screenshoting tool

2018-10-20 17:40:41 - [TEST_STEP][PASSED] - delay: Delayed 15 second(s)

2018-10-20 17:40:56 - [MESSAGE][PASSED] - Delayed 15 second(s)

2018-10-20 17:40:56 - [TEST_STEP][PASSED] - Statement - driver = com.kms.katalon.core.webui.driver.DriverFactory.getWebDriver(): null

2018-10-20 17:40:56 - [TEST_STEP][PASSED] - Statement - driver.manage().timeouts().implicitlyWait(10, SECONDS): null

2018-10-20 17:40:56 - [TEST_STEP][PASSED] - Statement - PresavePath = KatalonScreenshots: null

2018-10-20 17:40:56 - [TEST_STEP][PASSED] - Statement - pathPrefix = "C:\Users\Public\Pictures\Sample Pictures\Katalon Screenshots\Automate Ending Screen": null

2018-10-20 17:40:56 - [TEST_STEP][PASSED] - Statement - finalPath = <not implemented yet for class: org.codehaus.groovy.ast.expr.EmptyExpression>: null

2018-10-20 17:40:56 - [TEST_STEP][PASSED] - Statement - scrFile = driver.getScreenshotAs(FILE): null

2018-10-20 17:40:56 - [TEST_STEP][PASSED] - Statement - PreSaveFile = new java.io.File(PresavePath): null

2018-10-20 17:40:56 - [TEST_STEP][PASSED] - Statement - counter = 0: null

2018-10-20 17:40:56 - [TEST_STEP][PASSED] - Statement - If (PreSaveFile.exists()): null

2018-10-20 17:40:56 - [TEST_STEP][PASSED] - Statement - While (PreSaveFile.exists()): null

2018-10-20 17:40:56 - [TEST_STEP][PASSED] - Statement - counter = counter + 1: null

2018-10-20 17:40:56 - [TEST_STEP][PASSED] - Statement - PreSaveFile = new java.io.File(((pathPrefix + java.lang.Integer.toString(counter)) + .png)): null

2018-10-20 17:40:56 - [TEST_STEP][PASSED] - Statement - counter = counter + 1: null

2018-10-20 17:40:56 - [TEST_STEP][PASSED] - Statement - PreSaveFile = new java.io.File(((pathPrefix + java.lang.Integer.toString(counter)) + .png)): null

2018-10-20 17:40:56 - [TEST_STEP][PASSED] - Statement - counter = counter + 1: null

2018-10-20 17:40:56 - [TEST_STEP][PASSED] - Statement - PreSaveFile = new java.io.File(((pathPrefix + java.lang.Integer.toString(counter)) + .png)): null

2018-10-20 17:40:56 - [TEST_STEP][PASSED] - Statement - counter = counter + 1: null

2018-10-20 17:40:56 - [TEST_STEP][PASSED] - Statement - PreSaveFile = new java.io.File(((pathPrefix + java.lang.Integer.toString(counter)) + .png)): null

2018-10-20 17:40:56 - [TEST_STEP][PASSED] - Statement - counter = counter + 1: null

2018-10-20 17:40:56 - [TEST_STEP][PASSED] - Statement - PreSaveFile = new java.io.File(((pathPrefix + java.lang.Integer.toString(counter)) + .png)): null

2018-10-20 17:40:56 - [TEST_STEP][PASSED] - Statement - counter = counter + 1: null

2018-10-20 17:40:56 - [TEST_STEP][PASSED] - Statement - PreSaveFile = new java.io.File(((pathPrefix + java.lang.Integer.toString(counter)) + .png)): null

2018-10-20 17:40:56 - [TEST_STEP][PASSED] - Statement - counter = counter + 1: null

2018-10-20 17:40:56 - [TEST_STEP][PASSED] - Statement - PreSaveFile = new java.io.File(((pathPrefix + java.lang.Integer.toString(counter)) + .png)): null

2018-10-20 17:40:56 - [TEST_STEP][PASSED] - Statement - counter = counter + 1: null

2018-10-20 17:40:56 - [TEST_STEP][PASSED] - Statement - PreSaveFile = new java.io.File(((pathPrefix + java.lang.Integer.toString(counter)) + .png)): null

2018-10-20 17:40:56 - [TEST_STEP][PASSED] - Statement - counter = counter + 1: null

2018-10-20 17:40:56 - [TEST_STEP][PASSED] - Statement - PreSaveFile = new java.io.File(((pathPrefix + java.lang.Integer.toString(counter)) + .png)): null

2018-10-20 17:40:56 - [TEST_STEP][PASSED] - Statement - counter = counter + 1: null

2018-10-20 17:40:56 - [TEST_STEP][PASSED] - Statement - PreSaveFile = new java.io.File(((pathPrefix + java.lang.Integer.toString(counter)) + .png)): null

2018-10-20 17:40:56 - [TEST_STEP][PASSED] - Statement - counter = counter + 1: null

2018-10-20 17:40:56 - [TEST_STEP][PASSED] - Statement - PreSaveFile = new java.io.File(((pathPrefix + java.lang.Integer.toString(counter)) + .png)): null

2018-10-20 17:40:56 - [TEST_STEP][PASSED] - Statement - counter = counter + 1: null

2018-10-20 17:40:56 - [TEST_STEP][PASSED] - Statement - PreSaveFile = new java.io.File(((pathPrefix + java.lang.Integer.toString(counter)) + .png)): null

2018-10-20 17:40:56 - [TEST_STEP][PASSED] - Statement - counter = counter + 1: null

2018-10-20 17:40:56 - [TEST_STEP][PASSED] - Statement - PreSaveFile = new java.io.File(((pathPrefix + java.lang.Integer.toString(counter)) + .png)): null

2018-10-20 17:40:56 - [TEST_STEP][PASSED] - Statement - counter = counter + 1: null

2018-10-20 17:40:56 - [TEST_STEP][PASSED] - Statement - PreSaveFile = new java.io.File(((pathPrefix + java.lang.Integer.toString(counter)) + .png)): null

2018-10-20 17:40:56 - [TEST_STEP][PASSED] - Statement - counter = counter + 1: null

2018-10-20 17:40:56 - [TEST_STEP][PASSED] - Statement - PreSaveFile = new java.io.File(((pathPrefix + java.lang.Integer.toString(counter)) + .png)): null

2018-10-20 17:40:56 - [TEST_STEP][PASSED] - Statement - counter = counter + 1: null

2018-10-20 17:40:56 - [TEST_STEP][PASSED] - Statement - PreSaveFile = new java.io.File(((pathPrefix + java.lang.Integer.toString(counter)) + .png)): null

2018-10-20 17:40:56 - [TEST_STEP][PASSED] - Statement - counter = counter + 1: null

2018-10-20 17:40:56 - [TEST_STEP][PASSED] - Statement - PreSaveFile = new java.io.File(((pathPrefix + java.lang.Integer.toString(counter)) + .png)): null

2018-10-20 17:40:56 - [TEST_STEP][PASSED] - Statement - counter = counter + 1: null

2018-10-20 17:40:56 - [TEST_STEP][PASSED] - Statement - PreSaveFile = new java.io.File(((pathPrefix + java.lang.Integer.toString(counter)) + .png)): null

2018-10-20 17:40:56 - [TEST_STEP][PASSED] - Statement - counter = counter + 1: null

2018-10-20 17:40:56 - [TEST_STEP][PASSED] - Statement - PreSaveFile = new java.io.File(((pathPrefix + java.lang.Integer.toString(counter)) + .png)): null

2018-10-20 17:40:56 - [TEST_STEP][PASSED] - Statement - counter = counter + 1: null

2018-10-20 17:40:56 - [TEST_STEP][PASSED] - Statement - PreSaveFile = new java.io.File(((pathPrefix + java.lang.Integer.toString(counter)) + .png)): null

2018-10-20 17:40:56 - [TEST_STEP][PASSED] - Statement - counter = counter + 1: null

2018-10-20 17:40:56 - [TEST_STEP][PASSED] - Statement - PreSaveFile = new java.io.File(((pathPrefix + java.lang.Integer.toString(counter)) + .png)): null

2018-10-20 17:40:56 - [TEST_STEP][PASSED] - Statement - counter = counter + 1: null

2018-10-20 17:40:56 - [TEST_STEP][PASSED] - Statement - PreSaveFile = new java.io.File(((pathPrefix + java.lang.Integer.toString(counter)) + .png)): null

2018-10-20 17:40:56 - [TEST_STEP][PASSED] - Statement - counter = counter + 1: null

2018-10-20 17:40:56 - [TEST_STEP][PASSED] - Statement - PreSaveFile = new java.io.File(((pathPrefix + java.lang.Integer.toString(counter)) + .png)): null

2018-10-20 17:40:56 - [TEST_STEP][PASSED] - Statement - counter = counter + 1: null

2018-10-20 17:40:56 - [TEST_STEP][PASSED] - Statement - PreSaveFile = new java.io.File(((pathPrefix + java.lang.Integer.toString(counter)) + .png)): null

2018-10-20 17:40:56 - [TEST_STEP][PASSED] - Statement - counter = counter + 1: null

2018-10-20 17:40:56 - [TEST_STEP][PASSED] - Statement - PreSaveFile = new java.io.File(((pathPrefix + java.lang.Integer.toString(counter)) + .png)): null

2018-10-20 17:40:56 - [TEST_STEP][PASSED] - Statement - counter = counter + 1: null

2018-10-20 17:40:56 - [TEST_STEP][PASSED] - Statement - PreSaveFile = new java.io.File(((pathPrefix + java.lang.Integer.toString(counter)) + .png)): null

2018-10-20 17:40:56 - [TEST_STEP][PASSED] - Statement - counter = counter + 1: null

2018-10-20 17:40:56 - [TEST_STEP][PASSED] - Statement - PreSaveFile = new java.io.File(((pathPrefix + java.lang.Integer.toString(counter)) + .png)): null

2018-10-20 17:40:56 - [TEST_STEP][PASSED] - Statement - counter = counter + 1: null

2018-10-20 17:40:56 - [TEST_STEP][PASSED] - Statement - PreSaveFile = new java.io.File(((pathPrefix + java.lang.Integer.toString(counter)) + .png)): null

2018-10-20 17:40:56 - [TEST_STEP][PASSED] - Statement - counter = counter + 1: null

2018-10-20 17:40:56 - [TEST_STEP][PASSED] - Statement - PreSaveFile = new java.io.File(((pathPrefix + java.lang.Integer.toString(counter)) + .png)): null

2018-10-20 17:40:56 - [TEST_STEP][PASSED] - Statement - counter = counter + 1: null

2018-10-20 17:40:56 - [TEST_STEP][PASSED] - Statement - PreSaveFile = new java.io.File(((pathPrefix + java.lang.Integer.toString(counter)) + .png)): null

2018-10-20 17:40:56 - [TEST_STEP][PASSED] - Statement - counter = counter + 1: null

2018-10-20 17:40:56 - [TEST_STEP][PASSED] - Statement - PreSaveFile = new java.io.File(((pathPrefix + java.lang.Integer.toString(counter)) + .png)): null

2018-10-20 17:40:56 - [TEST_STEP][PASSED] - Statement - counter = counter + 1: null

2018-10-20 17:40:56 - [TEST_STEP][PASSED] - Statement - PreSaveFile = new java.io.File(((pathPrefix + java.lang.Integer.toString(counter)) + .png)): null

2018-10-20 17:40:56 - [TEST_STEP][PASSED] - Statement - counter = counter + 1: null

2018-10-20 17:40:56 - [TEST_STEP][PASSED] - Statement - PreSaveFile = new java.io.File(((pathPrefix + java.lang.Integer.toString(counter)) + .png)): null

2018-10-20 17:40:56 - [TEST_STEP][PASSED] - Statement - counter = counter + 1: null

2018-10-20 17:40:56 - [TEST_STEP][PASSED] - Statement - PreSaveFile = new java.io.File(((pathPrefix + java.lang.Integer.toString(counter)) + .png)): null

2018-10-20 17:40:56 - [TEST_STEP][PASSED] - Statement - counter = counter + 1: null

2018-10-20 17:40:56 - [TEST_STEP][PASSED] - Statement - PreSaveFile = new java.io.File(((pathPrefix + java.lang.Integer.toString(counter)) + .png)): null

2018-10-20 17:40:56 - [TEST_STEP][PASSED] - Statement - counter = counter + 1: null

2018-10-20 17:40:56 - [TEST_STEP][PASSED] - Statement - PreSaveFile = new java.io.File(((pathPrefix + java.lang.Integer.toString(counter)) + .png)): null

2018-10-20 17:40:56 - [TEST_STEP][PASSED] - Statement - counter = counter + 1: null

2018-10-20 17:40:56 - [TEST_STEP][PASSED] - Statement - PreSaveFile = new java.io.File(((pathPrefix + java.lang.Integer.toString(counter)) + .png)): null

2018-10-20 17:40:56 - [TEST_STEP][PASSED] - Statement - counter = counter + 1: null

2018-10-20 17:40:56 - [TEST_STEP][PASSED] - Statement - PreSaveFile = new java.io.File(((pathPrefix + java.lang.Integer.toString(counter)) + .png)): null

2018-10-20 17:40:56 - [TEST_STEP][PASSED] - Statement - counter = counter + 1: null

2018-10-20 17:40:56 - [TEST_STEP][PASSED] - Statement - PreSaveFile = new java.io.File(((pathPrefix + java.lang.Integer.toString(counter)) + .png)): null

2018-10-20 17:40:56 - [TEST_STEP][PASSED] - Statement - counter = counter + 1: null

2018-10-20 17:40:56 - [TEST_STEP][PASSED] - Statement - PreSaveFile = new java.io.File(((pathPrefix + java.lang.Integer.toString(counter)) + .png)): null

2018-10-20 17:40:56 - [TEST_STEP][PASSED] - Statement - counter = counter + 1: null

2018-10-20 17:40:56 - [TEST_STEP][PASSED] - Statement - PreSaveFile = new java.io.File(((pathPrefix + java.lang.Integer.toString(counter)) + .png)): null

2018-10-20 17:40:56 - [TEST_STEP][PASSED] - Statement - counter = counter + 1: null

2018-10-20 17:40:56 - [TEST_STEP][PASSED] - Statement - PreSaveFile = new java.io.File(((pathPrefix + java.lang.Integer.toString(counter)) + .png)): null

2018-10-20 17:40:56 - [TEST_STEP][PASSED] - Statement - counter = counter + 1: null

2018-10-20 17:40:56 - [TEST_STEP][PASSED] - Statement - PreSaveFile = new java.io.File(((pathPrefix + java.lang.Integer.toString(counter)) + .png)): null

2018-10-20 17:40:56 - [TEST_STEP][PASSED] - Statement - counter = counter + 1: null

2018-10-20 17:40:56 - [TEST_STEP][PASSED] - Statement - PreSaveFile = new java.io.File(((pathPrefix + java.lang.Integer.toString(counter)) + .png)): null

2018-10-20 17:40:56 - [TEST_STEP][PASSED] - Statement - counter = counter + 1: null

2018-10-20 17:40:56 - [TEST_STEP][PASSED] - Statement - PreSaveFile = new java.io.File(((pathPrefix + java.lang.Integer.toString(counter)) + .png)): null

2018-10-20 17:40:56 - [TEST_STEP][PASSED] - Statement - counter = counter + 1: null

2018-10-20 17:40:56 - [TEST_STEP][PASSED] - Statement - PreSaveFile = new java.io.File(((pathPrefix + java.lang.Integer.toString(counter)) + .png)): null

2018-10-20 17:40:56 - [TEST_STEP][PASSED] - Statement - counter = counter + 1: null

2018-10-20 17:40:56 - [TEST_STEP][PASSED] - Statement - PreSaveFile = new java.io.File(((pathPrefix + java.lang.Integer.toString(counter)) + .png)): null

2018-10-20 17:40:56 - [TEST_STEP][PASSED] - Statement - counter = counter + 1: null

2018-10-20 17:40:56 - [TEST_STEP][PASSED] - Statement - PreSaveFile = new java.io.File(((pathPrefix + java.lang.Integer.toString(counter)) + .png)): null

2018-10-20 17:40:56 - [TEST_STEP][PASSED] - Statement - counter = counter + 1: null

2018-10-20 17:40:56 - [TEST_STEP][PASSED] - Statement - PreSaveFile = new java.io.File(((pathPrefix + java.lang.Integer.toString(counter)) + .png)): null

2018-10-20 17:40:56 - [TEST_STEP][PASSED] - Statement - counter = counter + 1: null

2018-10-20 17:40:56 - [TEST_STEP][PASSED] - Statement - PreSaveFile = new java.io.File(((pathPrefix + java.lang.Integer.toString(counter)) + .png)): null

2018-10-20 17:40:56 - [TEST_STEP][PASSED] - Statement - counter = counter + 1: null

2018-10-20 17:40:56 - [TEST_STEP][PASSED] - Statement - PreSaveFile = new java.io.File(((pathPrefix + java.lang.Integer.toString(counter)) + .png)): null

2018-10-20 17:40:56 - [TEST_STEP][PASSED] - Statement - counter = counter + 1: null

2018-10-20 17:40:56 - [TEST_STEP][PASSED] - Statement - PreSaveFile = new java.io.File(((pathPrefix + java.lang.Integer.toString(counter)) + .png)): null

2018-10-20 17:40:56 - [TEST_STEP][PASSED] - Statement - counter = counter + 1: null

2018-10-20 17:40:56 - [TEST_STEP][PASSED] - Statement - PreSaveFile = new java.io.File(((pathPrefix + java.lang.Integer.toString(counter)) + .png)): null

2018-10-20 17:40:56 - [TEST_STEP][PASSED] - Statement - counter = counter + 1: null

2018-10-20 17:40:56 - [TEST_STEP][PASSED] - Statement - PreSaveFile = new java.io.File(((pathPrefix + java.lang.Integer.toString(counter)) + .png)): null

2018-10-20 17:40:56 - [TEST_STEP][PASSED] - Statement - counter = counter + 1: null

2018-10-20 17:40:56 - [TEST_STEP][PASSED] - Statement - PreSaveFile = new java.io.File(((pathPrefix + java.lang.Integer.toString(counter)) + .png)): null

2018-10-20 17:40:56 - [TEST_STEP][PASSED] - Statement - counter = counter + 1: null

2018-10-20 17:40:56 - [TEST_STEP][PASSED] - Statement - PreSaveFile = new java.io.File(((pathPrefix + java.lang.Integer.toString(counter)) + .png)): null

2018-10-20 17:40:56 - [TEST_STEP][PASSED] - Statement - counter = counter + 1: null

2018-10-20 17:40:56 - [TEST_STEP][PASSED] - Statement - PreSaveFile = new java.io.File(((pathPrefix + java.lang.Integer.toString(counter)) + .png)): null

2018-10-20 17:40:56 - [TEST_STEP][PASSED] - Statement - counter = counter + 1: null

2018-10-20 17:40:56 - [TEST_STEP][PASSED] - Statement - PreSaveFile = new java.io.File(((pathPrefix + java.lang.Integer.toString(counter)) + .png)): null

2018-10-20 17:40:56 - [TEST_STEP][PASSED] - Statement - counter = counter + 1: null

2018-10-20 17:40:56 - [TEST_STEP][PASSED] - Statement - PreSaveFile = new java.io.File(((pathPrefix + java.lang.Integer.toString(counter)) + .png)): null

2018-10-20 17:40:56 - [TEST_STEP][PASSED] - Statement - counter = counter + 1: null

2018-10-20 17:40:57 - [TEST_STEP][PASSED] - Statement - PreSaveFile = new java.io.File(((pathPrefix + java.lang.Integer.toString(counter)) + .png)): null

2018-10-20 17:40:57 - [TEST_STEP][PASSED] - Statement - counter = counter + 1: null

2018-10-20 17:40:57 - [TEST_STEP][PASSED] - Statement - PreSaveFile = new java.io.File(((pathPrefix + java.lang.Integer.toString(counter)) + .png)): null

2018-10-20 17:40:57 - [TEST_STEP][PASSED] - Statement - counter = counter + 1: null

2018-10-20 17:40:57 - [TEST_STEP][PASSED] - Statement - PreSaveFile = new java.io.File(((pathPrefix + java.lang.Integer.toString(counter)) + .png)): null

2018-10-20 17:40:57 - [TEST_STEP][PASSED] - Statement - counter = counter + 1: null

2018-10-20 17:40:57 - [TEST_STEP][PASSED] - Statement - PreSaveFile = new java.io.File(((pathPrefix + java.lang.Integer.toString(counter)) + .png)): null

2018-10-20 17:40:57 - [TEST_STEP][PASSED] - Statement - counter = counter + 1: null

2018-10-20 17:40:57 - [TEST_STEP][PASSED] - Statement - PreSaveFile = new java.io.File(((pathPrefix + java.lang.Integer.toString(counter)) + .png)): null

2018-10-20 17:40:57 - [TEST_STEP][PASSED] - Statement - counter = counter + 1: null

2018-10-20 17:40:57 - [TEST_STEP][PASSED] - Statement - PreSaveFile = new java.io.File(((pathPrefix + java.lang.Integer.toString(counter)) + .png)): null

2018-10-20 17:40:57 - [TEST_STEP][PASSED] - Statement - counter = counter + 1: null

2018-10-20 17:40:57 - [TEST_STEP][PASSED] - Statement - PreSaveFile = new java.io.File(((pathPrefix + java.lang.Integer.toString(counter)) + .png)): null

2018-10-20 17:40:57 - [TEST_STEP][PASSED] - Statement - counter = counter + 1: null

2018-10-20 17:40:57 - [TEST_STEP][PASSED] - Statement - PreSaveFile = new java.io.File(((pathPrefix + java.lang.Integer.toString(counter)) + .png)): null

2018-10-20 17:40:57 - [TEST_STEP][PASSED] - Statement - counter = counter + 1: null

2018-10-20 17:40:57 - [TEST_STEP][PASSED] - Statement - PreSaveFile = new java.io.File(((pathPrefix + java.lang.Integer.toString(counter)) + .png)): null

2018-10-20 17:40:57 - [TEST_STEP][PASSED] - Statement - counter = counter + 1: null

2018-10-20 17:40:57 - [TEST_STEP][PASSED] - Statement - PreSaveFile = new java.io.File(((pathPrefix + java.lang.Integer.toString(counter)) + .png)): null

2018-10-20 17:40:57 - [TEST_STEP][PASSED] - Statement - counter = counter + 1: null

2018-10-20 17:40:57 - [TEST_STEP][PASSED] - Statement - PreSaveFile = new java.io.File(((pathPrefix + java.lang.Integer.toString(counter)) + .png)): null

2018-10-20 17:40:57 - [TEST_STEP][PASSED] - Statement - counter = counter + 1: null

2018-10-20 17:40:57 - [TEST_STEP][PASSED] - Statement - PreSaveFile = new java.io.File(((pathPrefix + java.lang.Integer.toString(counter)) + .png)): null

2018-10-20 17:40:57 - [TEST_STEP][PASSED] - Statement - counter = counter + 1: null

2018-10-20 17:40:57 - [TEST_STEP][PASSED] - Statement - PreSaveFile = new java.io.File(((pathPrefix + java.lang.Integer.toString(counter)) + .png)): null

2018-10-20 17:40:57 - [TEST_STEP][PASSED] - Statement - counter = counter + 1: null

2018-10-20 17:40:57 - [TEST_STEP][PASSED] - Statement - PreSaveFile = new java.io.File(((pathPrefix + java.lang.Integer.toString(counter)) + .png)): null

2018-10-20 17:40:57 - [TEST_STEP][PASSED] - Statement - counter = counter + 1: null

2018-10-20 17:40:57 - [TEST_STEP][PASSED] - Statement - PreSaveFile = new java.io.File(((pathPrefix + java.lang.Integer.toString(counter)) + .png)): null

2018-10-20 17:40:57 - [TEST_STEP][PASSED] - Statement - counter = counter + 1: null

2018-10-20 17:40:57 - [TEST_STEP][PASSED] - Statement - PreSaveFile = new java.io.File(((pathPrefix + java.lang.Integer.toString(counter)) + .png)): null

2018-10-20 17:40:57 - [TEST_STEP][PASSED] - Statement - counter = counter + 1: null

2018-10-20 17:40:57 - [TEST_STEP][PASSED] - Statement - PreSaveFile = new java.io.File(((pathPrefix + java.lang.Integer.toString(counter)) + .png)): null

2018-10-20 17:40:57 - [TEST_STEP][PASSED] - Statement - counter = counter + 1: null

2018-10-20 17:40:57 - [TEST_STEP][PASSED] - Statement - PreSaveFile = new java.io.File(((pathPrefix + java.lang.Integer.toString(counter)) + .png)): null

2018-10-20 17:40:57 - [TEST_STEP][PASSED] - Statement - counter = counter + 1: null

2018-10-20 17:40:57 - [TEST_STEP][PASSED] - Statement - PreSaveFile = new java.io.File(((pathPrefix + java.lang.Integer.toString(counter)) + .png)): null

2018-10-20 17:40:57 - [TEST_STEP][PASSED] - Statement - counter = counter + 1: null

2018-10-20 17:40:57 - [TEST_STEP][PASSED] - Statement - PreSaveFile = new java.io.File(((pathPrefix + java.lang.Integer.toString(counter)) + .png)): null

2018-10-20 17:40:57 - [TEST_STEP][PASSED] - Statement - counter = counter + 1: null

2018-10-20 17:40:57 - [TEST_STEP][PASSED] - Statement - PreSaveFile = new java.io.File(((pathPrefix + java.lang.Integer.toString(counter)) + .png)): null

2018-10-20 17:40:57 - [TEST_STEP][PASSED] - Statement - counter = counter + 1: null

2018-10-20 17:40:57 - [TEST_STEP][PASSED] - Statement - PreSaveFile = new java.io.File(((pathPrefix + java.lang.Integer.toString(counter)) + .png)): null

2018-10-20 17:40:57 - [TEST_STEP][PASSED] - Statement - counter = counter + 1: null

2018-10-20 17:40:57 - [TEST_STEP][PASSED] - Statement - PreSaveFile = new java.io.File(((pathPrefix + java.lang.Integer.toString(counter)) + .png)): null

2018-10-20 17:40:57 - [TEST_STEP][PASSED] - Statement - counter = counter + 1: null

2018-10-20 17:40:57 - [TEST_STEP][PASSED] - Statement - PreSaveFile = new java.io.File(((pathPrefix + java.lang.Integer.toString(counter)) + .png)): null

2018-10-20 17:40:57 - [TEST_STEP][PASSED] - Statement - counter = counter + 1: null

2018-10-20 17:40:57 - [TEST_STEP][PASSED] - Statement - PreSaveFile = new java.io.File(((pathPrefix + java.lang.Integer.toString(counter)) + .png)): null

2018-10-20 17:40:57 - [TEST_STEP][PASSED] - Statement - counter = counter + 1: null

2018-10-20 17:40:57 - [TEST_STEP][PASSED] - Statement - PreSaveFile = new java.io.File(((pathPrefix + java.lang.Integer.toString(counter)) + .png)): null

2018-10-20 17:40:57 - [TEST_STEP][PASSED] - Statement - counter = counter + 1: null

2018-10-20 17:40:57 - [TEST_STEP][PASSED] - Statement - PreSaveFile = new java.io.File(((pathPrefix + java.lang.Integer.toString(counter)) + .png)): null

2018-10-20 17:40:57 - [TEST_STEP][PASSED] - Statement - counter = counter + 1: null

2018-10-20 17:40:57 - [TEST_STEP][PASSED] - Statement - PreSaveFile = new java.io.File(((pathPrefix + java.lang.Integer.toString(counter)) + .png)): null

2018-10-20 17:40:57 - [TEST_STEP][PASSED] - Statement - counter = counter + 1: null

2018-10-20 17:40:57 - [TEST_STEP][PASSED] - Statement - PreSaveFile = new java.io.File(((pathPrefix + java.lang.Integer.toString(counter)) + .png)): null

2018-10-20 17:40:57 - [TEST_STEP][PASSED] - Statement - counter = counter + 1: null

2018-10-20 17:40:57 - [TEST_STEP][PASSED] - Statement - PreSaveFile = new java.io.File(((pathPrefix + java.lang.Integer.toString(counter)) + .png)): null

2018-10-20 17:40:57 - [TEST_STEP][PASSED] - Statement - counter = counter + 1: null

2018-10-20 17:40:57 - [TEST_STEP][PASSED] - Statement - PreSaveFile = new java.io.File(((pathPrefix + java.lang.Integer.toString(counter)) + .png)): null

2018-10-20 17:40:57 - [TEST_STEP][PASSED] - Statement - counter = counter + 1: null

2018-10-20 17:40:57 - [TEST_STEP][PASSED] - Statement - PreSaveFile = new java.io.File(((pathPrefix + java.lang.Integer.toString(counter)) + .png)): null

2018-10-20 17:40:57 - [TEST_STEP][PASSED] - Statement - counter = counter + 1: null

2018-10-20 17:40:57 - [TEST_STEP][PASSED] - Statement - PreSaveFile = new java.io.File(((pathPrefix + java.lang.Integer.toString(counter)) + .png)): null

2018-10-20 17:40:57 - [TEST_STEP][PASSED] - Statement - counter = counter + 1: null

2018-10-20 17:40:57 - [TEST_STEP][PASSED] - Statement - PreSaveFile = new java.io.File(((pathPrefix + java.lang.Integer.toString(counter)) + .png)): null

2018-10-20 17:40:57 - [TEST_STEP][PASSED] - Statement - counter = counter + 1: null

2018-10-20 17:40:57 - [TEST_STEP][PASSED] - Statement - PreSaveFile = new java.io.File(((pathPrefix + java.lang.Integer.toString(counter)) + .png)): null

2018-10-20 17:40:57 - [TEST_STEP][PASSED] - Statement - counter = counter + 1: null

2018-10-20 17:40:57 - [TEST_STEP][PASSED] - Statement - PreSaveFile = new java.io.File(((pathPrefix + java.lang.Integer.toString(counter)) + .png)): null

2018-10-20 17:40:57 - [TEST_STEP][PASSED] - Statement - finalPath = pathPrefix + java.lang.Integer.toString(counter) + ".png": null

2018-10-20 17:40:57 - [TEST_STEP][PASSED] - Statement - SaveFile = new java.io.File(finalPath): null

2018-10-20 17:40:57 - [TEST_STEP][PASSED] - Statement - Try: null

2018-10-20 17:40:57 - [TEST_STEP][PASSED] - Statement - org.apache.commons.io.FileUtils.copyFile(scrFile, SaveFile): null

2018-10-20 17:40:57 - [TEST_STEP][PASSED] - Statement - out.println("file kept"): null

2018-10-20 17:40:57 - [TEST_STEP][PASSED] - delay: Delayed 10 second(s)

2018-10-20 17:41:07 - [MESSAGE][PASSED] - Delayed 10 second(s)

2018-10-20 17:41:07 - [MESSAGE][PASSED] - Call Test Case 'Test Cases/Final Aug 2018 - PKS Automation/Common/Screenshoting tool' successfully

2018-10-20 17:41:07 - [TEST_STEP][PASSED] - callTestCase: Call Test Case 'Test Cases/Final Aug 2018 - PKS Automation/Registration Module/Log Out/log out avoiding katalon tagging' successfully

2018-10-20 17:41:07 - [TEST_CASE][PASSED] - Test Cases/Final Aug 2018 - PKS Automation/Registration Module/Log Out/log out avoiding katalon tagging: Test Cases/Final Aug 2018 - PKS Automation/Registration Module/Log Out/log out avoiding katalon tagging

2018-10-20 17:41:07 - [TEST_STEP][PASSED] - navigateToUrl: Navigate to 'https://assist2-uat.perkeso.gov.my/c/portal/logout' successfully

2018-10-20 17:41:08 - [MESSAGE][PASSED] - Navigate to 'https://assist2-uat.perkeso.gov.my/c/portal/logout' successfully

2018-10-20 17:41:08 - [MESSAGE][PASSED] - Call Test Case 'Test Cases/Final Aug 2018 - PKS Automation/Registration Module/Log Out/log out avoiding katalon tagging' successfully

2018-10-20 17:41:08 - [TEST_STEP][FAILED] - callTestCase: Unable to call Test Case with id 'Test Cases/Final Aug 2018 - PKS Automation/Common/Workflow Owner Finder' (Root cause: Call Test Case 'Test Cases/Final Aug 2018 - PKS Automation/Common/Workflow Owner Finder' failed)

2018-10-20 17:41:08 - [TEST_CASE][FAILED] - Test Cases/Final Aug 2018 - PKS Automation/Common/Workflow Owner Finder: Test Cases/Final Aug 2018 - PKS Automation/Common/Workflow Owner Finder FAILED because (of) (Stack trace: com.kms.katalon.core.exception.StepFailedException: Unable to click on object 'Object Repository/Final Object Repo/Landing Page/Select to English' (Root cause: com.kms.katalon.core.webui.exception.WebElementNotFoundException: Web element with id: 'Object Repository/Final Object Repo/Landing Page/Select to English' located by 'By.xpath: //a[@class = 'taglib-language-list-text' and @lang = 'en-US' and (contains(text(), 'EN') or contains(., 'EN'))]' not found)
	at com.kms.katalon.core.keyword.internal.KeywordMain.stepFailed(KeywordMain.groovy:32)
	at com.kms.katalon.core.webui.keyword.internal.WebUIKeywordMain.stepFailed(WebUIKeywordMain.groovy:65)
	at com.kms.katalon.core.webui.keyword.internal.WebUIKeywordMain.runKeyword(WebUIKeywordMain.groovy:27)
	at com.kms.katalon.core.webui.keyword.builtin.ClickKeyword.click(ClickKeyword.groovy:86)
	at com.kms.katalon.core.webui.keyword.builtin.ClickKeyword.execute(ClickKeyword.groovy:67)
	at com.kms.katalon.core.keyword.internal.KeywordExecutor.executeKeywordForPlatform(KeywordExecutor.groovy:53)
	at com.kms.katalon.core.webui.keyword.WebUiBuiltInKeywords.click(WebUiBuiltInKeywords.groovy:604)
	at com.kms.katalon.core.webui.keyword.WebUiBuiltInKeywords$click$6.call(Unknown Source)
	at org.codehaus.groovy.runtime.callsite.CallSiteArray.defaultCall(CallSiteArray.java:48)
	at org.codehaus.groovy.runtime.callsite.AbstractCallSite.call(AbstractCallSite.java:113)
	at org.codehaus.groovy.runtime.callsite.AbstractCallSite.call(AbstractCallSite.java:133)
	at Script1534407542420.run(Script1534407542420.groovy:57)
	at com.kms.katalon.core.main.ScriptEngine.run(ScriptEngine.java:183)
	at com.kms.katalon.core.main.ScriptEngine.runScriptAsRawText(ScriptEngine.java:108)
	at com.kms.katalon.core.main.TestCaseExecutor.runScript(TestCaseExecutor.java:294)
	at com.kms.katalon.core.main.TestCaseExecutor.doExecute(TestCaseExecutor.java:285)
	at com.kms.katalon.core.main.TestCaseExecutor.processExecutionPhase(TestCaseExecutor.java:264)
	at com.kms.katalon.core.main.TestCaseExecutor.accessMainPhase(TestCaseExecutor.java:256)
	at com.kms.katalon.core.main.TestCaseExecutor.execute(TestCaseExecutor.java:200)
	at com.kms.katalon.core.main.TestCaseMain.runTestCase(TestCaseMain.java:99)
	at com.kms.katalon.core.keyword.builtin.CallTestCaseKeyword$_callTestCase_closure1.doCall(CallTestCaseKeyword.groovy:60)
	at com.kms.katalon.core.keyword.builtin.CallTestCaseKeyword$_callTestCase_closure1.call(CallTestCaseKeyword.groovy)
	at com.kms.katalon.core.keyword.internal.KeywordMain.runKeyword(KeywordMain.groovy:54)
	at com.kms.katalon.core.keyword.builtin.CallTestCaseKeyword.callTestCase(CallTestCaseKeyword.groovy:81)
	at com.kms.katalon.core.keyword.builtin.CallTestCaseKeyword.execute(CallTestCaseKeyword.groovy:45)
	at com.kms.katalon.core.keyword.internal.KeywordExecutor.executeKeywordForPlatform(KeywordExecutor.groovy:53)
	at com.kms.katalon.core.keyword.BuiltinKeywords.callTestCase(BuiltinKeywords.groovy:334)
	at sun.reflect.NativeMethodAccessorImpl.invoke0(Native Method)
	at sun.reflect.NativeMethodAccessorImpl.invoke(NativeMethodAccessorImpl.java:62)
	at sun.reflect.DelegatingMethodAccessorImpl.invoke(DelegatingMethodAccessorImpl.java:43)
	at java.lang.reflect.Method.invoke(Method.java:498)
	at org.codehaus.groovy.reflection.CachedMethod.invoke(CachedMethod.java:93)
	at groovy.lang.MetaMethod.doMethodInvoke(MetaMethod.java:325)
	at groovy.lang.MetaClassImpl.invokeStaticMethod(MetaClassImpl.java:1469)
	at org.codehaus.groovy.runtime.callsite.StaticMetaClassSite.call(StaticMetaClassSite.java:53)
	at org.codehaus.groovy.runtime.callsite.CallSiteArray.defaultCall(CallSiteArray.java:48)
	at org.codehaus.groovy.runtime.callsite.AbstractCallSite.call(AbstractCallSite.java:113)
	at org.codehaus.groovy.runtime.callsite.AbstractCallSite.call(AbstractCallSite.java:141)
	at Script1535947244917.run(Script1535947244917.groovy:129)
	at com.kms.katalon.core.main.ScriptEngine.run(ScriptEngine.java:183)
	at com.kms.katalon.core.main.ScriptEngine.runScriptAsRawText(ScriptEngine.java:108)
	at com.kms.katalon.core.main.TestCaseExecutor.runScript(TestCaseExecutor.java:294)
	at com.kms.katalon.core.main.TestCaseExecutor.doExecute(TestCaseExecutor.java:285)
	at com.kms.katalon.core.main.TestCaseExecutor.processExecutionPhase(TestCaseExecutor.java:264)
	at com.kms.katalon.core.main.TestCaseExecutor.accessMainPhase(TestCaseExecutor.java:256)
	at com.kms.katalon.core.main.TestCaseExecutor.execute(TestCaseExecutor.java:200)
	at com.kms.katalon.core.main.TestSuiteExecutor.accessTestCaseMainPhase(TestSuiteExecutor.java:129)
	at com.kms.katalon.core.main.TestSuiteExecutor.accessTestSuiteMainPhase(TestSuiteExecutor.java:112)
	at com.kms.katalon.core.main.TestSuiteExecutor.execute(TestSuiteExecutor.java:81)
	at com.kms.katalon.core.main.TestCaseMain.startTestSuite(TestCaseMain.java:142)
	at com.kms.katalon.core.main.TestCaseMain$startTestSuite$0.call(Unknown Source)
	at org.codehaus.groovy.runtime.callsite.CallSiteArray.defaultCall(CallSiteArray.java:48)
	at org.codehaus.groovy.runtime.callsite.AbstractCallSite.call(AbstractCallSite.java:113)
	at org.codehaus.groovy.runtime.callsite.AbstractCallSite.call(AbstractCallSite.java:141)
	at TempTestSuite1540012262067.run(TempTestSuite1540012262067.groovy:36)
	at groovy.lang.GroovyShell.runScriptOrMainOrTestOrRunnable(GroovyShell.java:263)
	at groovy.lang.GroovyShell.run(GroovyShell.java:518)
	at groovy.lang.GroovyShell.run(GroovyShell.java:507)
	at groovy.ui.GroovyMain.processOnce(GroovyMain.java:653)
	at groovy.ui.GroovyMain.run(GroovyMain.java:384)
	at groovy.ui.GroovyMain.process(GroovyMain.java:370)
	at groovy.ui.GroovyMain.processArgs(GroovyMain.java:129)
	at groovy.ui.GroovyMain.main(GroovyMain.java:109)
	at sun.reflect.NativeMethodAccessorImpl.invoke0(Native Method)
	at sun.reflect.NativeMethodAccessorImpl.invoke(NativeMethodAccessorImpl.java:62)
	at sun.reflect.DelegatingMethodAccessorImpl.invoke(DelegatingMethodAccessorImpl.java:43)
	at java.lang.reflect.Method.invoke(Method.java:498)
	at org.codehaus.groovy.tools.GroovyStarter.rootLoader(GroovyStarter.java:109)
	at org.codehaus.groovy.tools.GroovyStarter.main(GroovyStarter.java:131)
)

2018-10-20 17:41:08 - [TEST_STEP][PASSED] - openBrowser: Browser is opened with url: ''

2018-10-20 17:41:08 - [MESSAGE][WARNING] - A browser is already opened. Closing browser and opening a new one

2018-10-20 17:41:12 - [MESSAGE][PASSED] - Browser is opened with url: ''

2018-10-20 17:41:12 - [TEST_STEP][PASSED] - navigateToUrl: Navigate to 'https://assist2-uat.perkeso.gov.my/login' successfully

2018-10-20 17:41:14 - [MESSAGE][PASSED] - Navigate to 'https://assist2-uat.perkeso.gov.my/login' successfully

2018-10-20 17:41:14 - [TEST_STEP][PASSED] - delay: Delayed 5 second(s)

2018-10-20 17:41:19 - [MESSAGE][PASSED] - Delayed 5 second(s)

2018-10-20 17:41:20 - [TEST_STEP][PASSED] - setText: Text 'test@liferay.com' is set on object 'Object Repository/Final Object Repo/Login Page/Internal User/Email Address'

2018-10-20 17:41:20 - [MESSAGE][PASSED] - Text 'test@liferay.com' is set on object 'Object Repository/Final Object Repo/Login Page/Internal User/Email Address'

2018-10-20 17:41:20 - [TEST_STEP][PASSED] - click: Object: 'Object Repository/Final Object Repo/Login Page/Internal User/Next Button' is clicked on

2018-10-20 17:41:20 - [MESSAGE][PASSED] - Object: 'Object Repository/Final Object Repo/Login Page/Internal User/Next Button' is clicked on

2018-10-20 17:41:20 - [TEST_STEP][PASSED] - delay: Delayed 2 second(s)

2018-10-20 17:41:22 - [MESSAGE][PASSED] - Delayed 2 second(s)

2018-10-20 17:41:22 - [TEST_STEP][PASSED] - setText: Text 'test' is set on object 'Object Repository/Final Object Repo/Login Page/Internal User/Password'

2018-10-20 17:41:22 - [MESSAGE][PASSED] - Text 'test' is set on object 'Object Repository/Final Object Repo/Login Page/Internal User/Password'

2018-10-20 17:41:22 - [TEST_STEP][PASSED] - delay: Delayed 2 second(s)

2018-10-20 17:41:24 - [MESSAGE][PASSED] - Delayed 2 second(s)

2018-10-20 17:41:24 - [TEST_STEP][PASSED] - click: Object: 'Object Repository/Final Object Repo/Login Page/Internal User/Login Button' is clicked on

2018-10-20 17:41:24 - [MESSAGE][PASSED] - Object: 'Object Repository/Final Object Repo/Login Page/Internal User/Login Button' is clicked on

2018-10-20 17:41:24 - [TEST_STEP][FAILED] - Statement - Try: Delayed 2 second(s)

2018-10-20 17:41:24 - [TEST_STEP][PASSED] - Statement - Checker = false: null

2018-10-20 17:41:24 - [TEST_STEP][PASSED] - Statement - Checker = com.kms.katalon.core.webui.keyword.WebUiBuiltInKeywords.verifyElementHasAttribute(com.kms.katalon.core.testobject.ObjectRepository.findTestObject(Final Object Repo/Landing Page/BM Detecting), "href", 20, OPTIONAL): Unable to verify if object 'Object Repository/Final Object Repo/Landing Page/BM Detecting' has attribute 'href' (Root cause: org.openqa.selenium.StaleElementReferenceException: stale element reference: element is not attached to the page document
  (Session info: chrome=69.0.3497.100)
  (Driver info: chromedriver=2.35.528161 (5b82f2d2aae0ca24b877009200ced9065a772e73),platform=Windows NT 6.1.7601 SP1 x86_64) (WARNING: The server did not provide any stacktrace information)
Command duration or timeout: 0 milliseconds
For documentation on this error, please visit: http://seleniumhq.org/exceptions/stale_element_reference.html
Build info: version: '3.7.1', revision: '8a0099a', time: '2017-11-06T21:07:36.161Z'
System info: host: 'WEIZHENG', ip: '192.168.137.1', os.name: 'Windows 7', os.arch: 'amd64', os.version: '6.1', java.version: '1.8.0_181'
Driver info: com.kms.katalon.selenium.driver.CChromeDriver
Capabilities {acceptInsecureCerts: false, acceptSslCerts: false, applicationCacheEnabled: false, browserConnectionEnabled: false, browserName: chrome, chrome: {chromedriverVersion: 2.35.528161 (5b82f2d2aae0ca..., userDataDir: C:\Users\WEIZHE~1\AppData\L...}, cssSelectorsEnabled: true, databaseEnabled: false, handlesAlerts: true, hasTouchScreen: false, javascriptEnabled: true, locationContextEnabled: true, mobileEmulationEnabled: false, nativeEvents: true, networkConnectionEnabled: false, pageLoadStrategy: normal, platform: XP, platformName: XP, rotatable: false, setWindowRect: true, takesHeapSnapshot: true, takesScreenshot: true, unexpectedAlertBehaviour: , unhandledPromptBehavior: , version: 69.0.3497.100, webStorageEnabled: true}
Session ID: f3c0595d55ec998a21748904415cc7bc)

2018-10-20 17:41:28 - [MESSAGE][WARNING] - Unable to verify if object 'Object Repository/Final Object Repo/Landing Page/BM Detecting' has attribute 'href' (Root cause: org.openqa.selenium.StaleElementReferenceException: stale element reference: element is not attached to the page document
  (Session info: chrome=69.0.3497.100)
  (Driver info: chromedriver=2.35.528161 (5b82f2d2aae0ca24b877009200ced9065a772e73),platform=Windows NT 6.1.7601 SP1 x86_64) (WARNING: The server did not provide any stacktrace information)
Command duration or timeout: 0 milliseconds
For documentation on this error, please visit: http://seleniumhq.org/exceptions/stale_element_reference.html
Build info: version: '3.7.1', revision: '8a0099a', time: '2017-11-06T21:07:36.161Z'
System info: host: 'WEIZHENG', ip: '192.168.137.1', os.name: 'Windows 7', os.arch: 'amd64', os.version: '6.1', java.version: '1.8.0_181'
Driver info: com.kms.katalon.selenium.driver.CChromeDriver
Capabilities {acceptInsecureCerts: false, acceptSslCerts: false, applicationCacheEnabled: false, browserConnectionEnabled: false, browserName: chrome, chrome: {chromedriverVersion: 2.35.528161 (5b82f2d2aae0ca..., userDataDir: C:\Users\WEIZHE~1\AppData\L...}, cssSelectorsEnabled: true, databaseEnabled: false, handlesAlerts: true, hasTouchScreen: false, javascriptEnabled: true, locationContextEnabled: true, mobileEmulationEnabled: false, nativeEvents: true, networkConnectionEnabled: false, pageLoadStrategy: normal, platform: XP, platformName: XP, rotatable: false, setWindowRect: true, takesHeapSnapshot: true, takesScreenshot: true, unexpectedAlertBehaviour: , unhandledPromptBehavior: , version: 69.0.3497.100, webStorageEnabled: true}
Session ID: f3c0595d55ec998a21748904415cc7bc)
[[ATTACHMENT|C:\\Users\\LENOVO\\Katalon Studio\\Perkeso Phase A\\Reports\\Workflow\\Update Add New Employee\\20181020_131102\\1540028487683.png]]

2018-10-20 17:41:28 - [TEST_STEP][PASSED] - Statement - out.println(Checker): null

2018-10-20 17:41:28 - [TEST_STEP][FAILED] - Statement - If (Checker == false): Unable to click on object 'Object Repository/Final Object Repo/Landing Page/Select to English' (Root cause: com.kms.katalon.core.webui.exception.WebElementNotFoundException: Web element with id: 'Object Repository/Final Object Repo/Landing Page/Select to English' located by 'By.xpath: //a[@class = 'taglib-language-list-text' and @lang = 'en-US' and (contains(text(), 'EN') or contains(., 'EN'))]' not found)

2018-10-20 17:41:28 - [TEST_STEP][FAILED] - click: Unable to click on object 'Object Repository/Final Object Repo/Landing Page/Select to English' (Root cause: com.kms.katalon.core.webui.exception.WebElementNotFoundException: Web element with id: 'Object Repository/Final Object Repo/Landing Page/Select to English' located by 'By.xpath: //a[@class = 'taglib-language-list-text' and @lang = 'en-US' and (contains(text(), 'EN') or contains(., 'EN'))]' not found)

2018-10-20 17:42:08 - [MESSAGE][FAILED] - Unable to click on object 'Object Repository/Final Object Repo/Landing Page/Select to English' (Root cause: com.kms.katalon.core.webui.exception.WebElementNotFoundException: Web element with id: 'Object Repository/Final Object Repo/Landing Page/Select to English' located by 'By.xpath: //a[@class = 'taglib-language-list-text' and @lang = 'en-US' and (contains(text(), 'EN') or contains(., 'EN'))]' not found)
[[ATTACHMENT|C:\\Users\\LENOVO\\Katalon Studio\\Perkeso Phase A\\Reports\\Workflow\\Update Add New Employee\\20181020_131102\\1540028528265.png]]

2018-10-20 17:42:08 - [TEST_STEP][PASSED] - delay: Delayed 2 second(s)

2018-10-20 17:42:10 - [MESSAGE][PASSED] - Delayed 2 second(s)

2018-10-20 17:42:10 - [TEST_STEP][PASSED] - delay: Delayed 3 second(s)

2018-10-20 17:42:13 - [MESSAGE][PASSED] - Delayed 3 second(s)

2018-10-20 17:42:13 - [TEST_STEP][PASSED] - mouseOver: Object: 'Object Repository/Final Object Repo/Landing Page/WorkFlow Menu' is hovered

2018-10-20 17:42:13 - [MESSAGE][PASSED] - Object: 'Object Repository/Final Object Repo/Landing Page/WorkFlow Menu' is hovered

2018-10-20 17:42:13 - [TEST_STEP][PASSED] - delay: Delayed 2 second(s)

2018-10-20 17:42:15 - [MESSAGE][PASSED] - Delayed 2 second(s)

2018-10-20 17:42:15 - [TEST_STEP][PASSED] - click: Object: 'Object Repository/Final Object Repo/Landing Page/Select to Workflow Listing' is clicked on

2018-10-20 17:42:16 - [MESSAGE][PASSED] - Object: 'Object Repository/Final Object Repo/Landing Page/Select to Workflow Listing' is clicked on

2018-10-20 17:42:16 - [TEST_STEP][PASSED] - delay: Delayed 2 second(s)

2018-10-20 17:42:18 - [MESSAGE][PASSED] - Delayed 2 second(s)

2018-10-20 17:42:18 - [TEST_STEP][PASSED] - click: Object: 'Object Repository/Final Object Repo/WorkFlow Listing Page/Search Information - To Put Ref No' is clicked on

2018-10-20 17:42:19 - [MESSAGE][PASSED] - Object: 'Object Repository/Final Object Repo/WorkFlow Listing Page/Search Information - To Put Ref No' is clicked on

2018-10-20 17:42:19 - [TEST_STEP][PASSED] - delay: Delayed 2 second(s)

2018-10-20 17:42:21 - [MESSAGE][PASSED] - Delayed 2 second(s)

2018-10-20 17:42:21 - [TEST_STEP][PASSED] - callTestCase: Call Test Case 'Test Cases/Final Aug 2018 - PKS Automation/Common/Reference Number Getter' successfully

2018-10-20 17:42:21 - [TEST_CASE][PASSED] - Test Cases/Final Aug 2018 - PKS Automation/Common/Reference Number Getter: Test Cases/Final Aug 2018 - PKS Automation/Common/Reference Number Getter

2018-10-20 17:42:21 - [TEST_STEP][PASSED] - Statement - Try: null

2018-10-20 17:42:21 - [TEST_STEP][PASSED] - Statement - RefNo = new java.io.File(C://KatalonReference.txt): null

2018-10-20 17:42:21 - [TEST_STEP][PASSED] - Statement - bufferread = new java.io.BufferedReader(new java.io.FileReader(RefNo)): null

2018-10-20 17:42:21 - [TEST_STEP][PASSED] - Statement - readedVal = bufferread.readLine(): null

2018-10-20 17:42:21 - [TEST_STEP][PASSED] - Statement - out.println(CaseReferenceNo): null

2018-10-20 17:42:21 - [TEST_STEP][PASSED] - Statement - out.println(readedVal): null

2018-10-20 17:42:21 - [TEST_STEP][PASSED] - Statement - CaseReferenceNo = readedVal: null

2018-10-20 17:42:21 - [MESSAGE][PASSED] - Call Test Case 'Test Cases/Final Aug 2018 - PKS Automation/Common/Reference Number Getter' successfully

2018-10-20 17:42:21 - [TEST_STEP][PASSED] - setText: Text 'CAN10201800002060' is set on object 'Object Repository/Final Object Repo/WorkFlow Listing Page/Ref No Set Text'

2018-10-20 17:42:21 - [MESSAGE][PASSED] - Text 'CAN10201800002060' is set on object 'Object Repository/Final Object Repo/WorkFlow Listing Page/Ref No Set Text'

2018-10-20 17:42:21 - [TEST_STEP][PASSED] - delay: Delayed 2 second(s)

2018-10-20 17:42:23 - [MESSAGE][PASSED] - Delayed 2 second(s)

2018-10-20 17:42:23 - [TEST_STEP][PASSED] - click: Object: 'Object Repository/Final Object Repo/WorkFlow Listing Page/Search Ref No Search Button' is clicked on

2018-10-20 17:42:23 - [MESSAGE][PASSED] - Object: 'Object Repository/Final Object Repo/WorkFlow Listing Page/Search Ref No Search Button' is clicked on

2018-10-20 17:42:23 - [TEST_STEP][PASSED] - delay: Delayed 4 second(s)

2018-10-20 17:42:27 - [MESSAGE][PASSED] - Delayed 4 second(s)

2018-10-20 17:42:27 - [TEST_STEP][PASSED] - click: Object: 'Object Repository/Final Object Repo/WorkFlow Listing Page/Click Continue Tooltip' is clicked on

2018-10-20 17:42:28 - [MESSAGE][PASSED] - Object: 'Object Repository/Final Object Repo/WorkFlow Listing Page/Click Continue Tooltip' is clicked on

2018-10-20 17:42:28 - [TEST_STEP][PASSED] - delay: Delayed 5 second(s)

2018-10-20 17:42:33 - [MESSAGE][PASSED] - Delayed 5 second(s)

2018-10-20 17:42:33 - [TEST_STEP][PASSED] - doubleClick: Object: 'Object Repository/Final Object Repo/WorkFlow Listing Page/Workflow Found - Listing 1' is double clicked on

2018-10-20 17:42:34 - [MESSAGE][PASSED] - Object: 'Object Repository/Final Object Repo/WorkFlow Listing Page/Workflow Found - Listing 1' is double clicked on

2018-10-20 17:42:34 - [TEST_STEP][PASSED] - Statement - println(OwnerID): null

2018-10-20 17:42:34 - [TEST_STEP][PASSED] - Statement - OwnerID = com.kms.katalon.core.webui.keyword.WebUiBuiltInKeywords.getText(com.kms.katalon.core.testobject.ObjectRepository.findTestObject(Final Object Repo/WorkFlow Listing Page/Workflow Found - Listing 1), STOP_ON_FAILURE): Text of object 'Object Repository/Final Object Repo/WorkFlow Listing Page/Workflow Found - Listing 1' is: 'KLpkrbo1'

2018-10-20 17:42:34 - [MESSAGE][PASSED] - Text of object 'Object Repository/Final Object Repo/WorkFlow Listing Page/Workflow Found - Listing 1' is: 'KLpkrbo1'

2018-10-20 17:42:34 - [TEST_STEP][PASSED] - Statement - OwnerID = OwnerID.toLowerCase() + "@gmail.com": null

2018-10-20 17:42:34 - [TEST_STEP][PASSED] - Statement - println(OwnerID): null

2018-10-20 17:42:34 - [TEST_STEP][PASSED] - delay: Delayed 2 second(s)

2018-10-20 17:42:36 - [MESSAGE][PASSED] - Delayed 2 second(s)

2018-10-20 17:42:36 - [MESSAGE][FAILED] - Unable to call Test Case with id 'Test Cases/Final Aug 2018 - PKS Automation/Common/Workflow Owner Finder' (Root cause: Call Test Case 'Test Cases/Final Aug 2018 - PKS Automation/Common/Workflow Owner Finder' failed)]]></system-out>
         <system-err><![CDATA[2018-10-20 17:35:54 - [TEST_CASE][FAILED] - Test Cases/Final Aug 2018 - PKS Automation/Registration Module/Workflow/Update Add New Employee/Add Employee and Set Incomplete ( OTC - PKRBO): Test Cases/Final Aug 2018 - PKS Automation/Registration Module/Workflow/Update Add New Employee/Add Employee and Set Incomplete ( OTC - PKRBO) FAILED because (of) (Stack trace: com.kms.katalon.core.exception.StepFailedException: Unable to click on object 'Object Repository/Final Object Repo/Landing Page/Select to English' (Root cause: com.kms.katalon.core.webui.exception.WebElementNotFoundException: Web element with id: 'Object Repository/Final Object Repo/Landing Page/Select to English' located by 'By.xpath: //a[@class = 'taglib-language-list-text' and @lang = 'en-US' and (contains(text(), 'EN') or contains(., 'EN'))]' not found)
	at com.kms.katalon.core.keyword.internal.KeywordMain.stepFailed(KeywordMain.groovy:32)
	at com.kms.katalon.core.webui.keyword.internal.WebUIKeywordMain.stepFailed(WebUIKeywordMain.groovy:65)
	at com.kms.katalon.core.webui.keyword.internal.WebUIKeywordMain.runKeyword(WebUIKeywordMain.groovy:27)
	at com.kms.katalon.core.webui.keyword.builtin.ClickKeyword.click(ClickKeyword.groovy:86)
	at com.kms.katalon.core.webui.keyword.builtin.ClickKeyword.execute(ClickKeyword.groovy:67)
	at com.kms.katalon.core.keyword.internal.KeywordExecutor.executeKeywordForPlatform(KeywordExecutor.groovy:53)
	at com.kms.katalon.core.webui.keyword.WebUiBuiltInKeywords.click(WebUiBuiltInKeywords.groovy:604)
	at com.kms.katalon.core.webui.keyword.WebUiBuiltInKeywords$click$6.call(Unknown Source)
	at org.codehaus.groovy.runtime.callsite.CallSiteArray.defaultCall(CallSiteArray.java:48)
	at org.codehaus.groovy.runtime.callsite.AbstractCallSite.call(AbstractCallSite.java:113)
	at org.codehaus.groovy.runtime.callsite.AbstractCallSite.call(AbstractCallSite.java:133)
	at Script1534407542420.run(Script1534407542420.groovy:57)
	at com.kms.katalon.core.main.ScriptEngine.run(ScriptEngine.java:183)
	at com.kms.katalon.core.main.ScriptEngine.runScriptAsRawText(ScriptEngine.java:108)
	at com.kms.katalon.core.main.TestCaseExecutor.runScript(TestCaseExecutor.java:294)
	at com.kms.katalon.core.main.TestCaseExecutor.doExecute(TestCaseExecutor.java:285)
	at com.kms.katalon.core.main.TestCaseExecutor.processExecutionPhase(TestCaseExecutor.java:264)
	at com.kms.katalon.core.main.TestCaseExecutor.accessMainPhase(TestCaseExecutor.java:256)
	at com.kms.katalon.core.main.TestCaseExecutor.execute(TestCaseExecutor.java:200)
	at com.kms.katalon.core.main.TestCaseMain.runTestCase(TestCaseMain.java:99)
	at com.kms.katalon.core.keyword.builtin.CallTestCaseKeyword$_callTestCase_closure1.doCall(CallTestCaseKeyword.groovy:60)
	at com.kms.katalon.core.keyword.builtin.CallTestCaseKeyword$_callTestCase_closure1.call(CallTestCaseKeyword.groovy)
	at com.kms.katalon.core.keyword.internal.KeywordMain.runKeyword(KeywordMain.groovy:54)
	at com.kms.katalon.core.keyword.builtin.CallTestCaseKeyword.callTestCase(CallTestCaseKeyword.groovy:81)
	at com.kms.katalon.core.keyword.builtin.CallTestCaseKeyword.execute(CallTestCaseKeyword.groovy:45)
	at com.kms.katalon.core.keyword.internal.KeywordExecutor.executeKeywordForPlatform(KeywordExecutor.groovy:53)
	at com.kms.katalon.core.keyword.BuiltinKeywords.callTestCase(BuiltinKeywords.groovy:334)
	at sun.reflect.NativeMethodAccessorImpl.invoke0(Native Method)
	at sun.reflect.NativeMethodAccessorImpl.invoke(NativeMethodAccessorImpl.java:62)
	at sun.reflect.DelegatingMethodAccessorImpl.invoke(DelegatingMethodAccessorImpl.java:43)
	at java.lang.reflect.Method.invoke(Method.java:498)
	at org.codehaus.groovy.reflection.CachedMethod.invoke(CachedMethod.java:93)
	at groovy.lang.MetaMethod.doMethodInvoke(MetaMethod.java:325)
	at groovy.lang.MetaClassImpl.invokeStaticMethod(MetaClassImpl.java:1469)
	at org.codehaus.groovy.runtime.callsite.StaticMetaClassSite.call(StaticMetaClassSite.java:53)
	at org.codehaus.groovy.runtime.callsite.CallSiteArray.defaultCall(CallSiteArray.java:48)
	at org.codehaus.groovy.runtime.callsite.AbstractCallSite.call(AbstractCallSite.java:113)
	at org.codehaus.groovy.runtime.callsite.AbstractCallSite.call(AbstractCallSite.java:141)
	at Script1535947244917.run(Script1535947244917.groovy:129)
	at com.kms.katalon.core.main.ScriptEngine.run(ScriptEngine.java:183)
	at com.kms.katalon.core.main.ScriptEngine.runScriptAsRawText(ScriptEngine.java:108)
	at com.kms.katalon.core.main.TestCaseExecutor.runScript(TestCaseExecutor.java:294)
	at com.kms.katalon.core.main.TestCaseExecutor.doExecute(TestCaseExecutor.java:285)
	at com.kms.katalon.core.main.TestCaseExecutor.processExecutionPhase(TestCaseExecutor.java:264)
	at com.kms.katalon.core.main.TestCaseExecutor.accessMainPhase(TestCaseExecutor.java:256)
	at com.kms.katalon.core.main.TestCaseExecutor.execute(TestCaseExecutor.java:200)
	at com.kms.katalon.core.main.TestSuiteExecutor.accessTestCaseMainPhase(TestSuiteExecutor.java:129)
	at com.kms.katalon.core.main.TestSuiteExecutor.accessTestSuiteMainPhase(TestSuiteExecutor.java:112)
	at com.kms.katalon.core.main.TestSuiteExecutor.execute(TestSuiteExecutor.java:81)
	at com.kms.katalon.core.main.TestCaseMain.startTestSuite(TestCaseMain.java:142)
	at com.kms.katalon.core.main.TestCaseMain$startTestSuite$0.call(Unknown Source)
	at org.codehaus.groovy.runtime.callsite.CallSiteArray.defaultCall(CallSiteArray.java:48)
	at org.codehaus.groovy.runtime.callsite.AbstractCallSite.call(AbstractCallSite.java:113)
	at org.codehaus.groovy.runtime.callsite.AbstractCallSite.call(AbstractCallSite.java:141)
	at TempTestSuite1540012262067.run(TempTestSuite1540012262067.groovy:36)
	at groovy.lang.GroovyShell.runScriptOrMainOrTestOrRunnable(GroovyShell.java:263)
	at groovy.lang.GroovyShell.run(GroovyShell.java:518)
	at groovy.lang.GroovyShell.run(GroovyShell.java:507)
	at groovy.ui.GroovyMain.processOnce(GroovyMain.java:653)
	at groovy.ui.GroovyMain.run(GroovyMain.java:384)
	at groovy.ui.GroovyMain.process(GroovyMain.java:370)
	at groovy.ui.GroovyMain.processArgs(GroovyMain.java:129)
	at groovy.ui.GroovyMain.main(GroovyMain.java:109)
	at sun.reflect.NativeMethodAccessorImpl.invoke0(Native Method)
	at sun.reflect.NativeMethodAccessorImpl.invoke(NativeMethodAccessorImpl.java:62)
	at sun.reflect.DelegatingMethodAccessorImpl.invoke(DelegatingMethodAccessorImpl.java:43)
	at java.lang.reflect.Method.invoke(Method.java:498)
	at org.codehaus.groovy.tools.GroovyStarter.rootLoader(GroovyStarter.java:109)
	at org.codehaus.groovy.tools.GroovyStarter.main(GroovyStarter.java:131)
)]]></system-err>
      </testcase>
      <testcase name="Test Cases/Final Aug 2018 - PKS Automation/Registration Module/Workflow/Update Add New Employee/Special Case (Employer - RO Approve)" classname="Test Cases/Final Aug 2018 - PKS Automation/Registration Module/Workflow/Update Add New Employee/Special Case (Employer - RO Approve)" status="FAILED">
         <failure type="FAILED" message="(Stack trace: com.kms.katalon.core.exception.StepFailedException: Unable to click on object 'Object Repository/Final Object Repo/Landing Page/Select to English' (Root cause: com.kms.katalon.core.webui.exception.WebElementNotFoundException: Web element with id: 'Object Repository/Final Object Repo/Landing Page/Select to English' located by 'By.xpath: //a[@class = 'taglib-language-list-text' and @lang = 'en-US' and (contains(text(), 'EN') or contains(., 'EN'))]' not found)
	at com.kms.katalon.core.keyword.internal.KeywordMain.stepFailed(KeywordMain.groovy:32)
	at com.kms.katalon.core.webui.keyword.internal.WebUIKeywordMain.stepFailed(WebUIKeywordMain.groovy:65)
	at com.kms.katalon.core.webui.keyword.internal.WebUIKeywordMain.runKeyword(WebUIKeywordMain.groovy:27)
	at com.kms.katalon.core.webui.keyword.builtin.ClickKeyword.click(ClickKeyword.groovy:86)
	at com.kms.katalon.core.webui.keyword.builtin.ClickKeyword.execute(ClickKeyword.groovy:67)
	at com.kms.katalon.core.keyword.internal.KeywordExecutor.executeKeywordForPlatform(KeywordExecutor.groovy:53)
	at com.kms.katalon.core.webui.keyword.WebUiBuiltInKeywords.click(WebUiBuiltInKeywords.groovy:604)
	at com.kms.katalon.core.webui.keyword.WebUiBuiltInKeywords$click$6.call(Unknown Source)
	at Script1534407542420.run(Script1534407542420.groovy:57)
	at com.kms.katalon.core.main.ScriptEngine.run(ScriptEngine.java:183)
	at com.kms.katalon.core.main.ScriptEngine.runScriptAsRawText(ScriptEngine.java:108)
	at com.kms.katalon.core.main.TestCaseExecutor.runScript(TestCaseExecutor.java:294)
	at com.kms.katalon.core.main.TestCaseExecutor.doExecute(TestCaseExecutor.java:285)
	at com.kms.katalon.core.main.TestCaseExecutor.processExecutionPhase(TestCaseExecutor.java:264)
	at com.kms.katalon.core.main.TestCaseExecutor.accessMainPhase(TestCaseExecutor.java:256)
	at com.kms.katalon.core.main.TestCaseExecutor.execute(TestCaseExecutor.java:200)
	at com.kms.katalon.core.main.TestCaseMain.runTestCase(TestCaseMain.java:99)
	at com.kms.katalon.core.keyword.builtin.CallTestCaseKeyword$_callTestCase_closure1.doCall(CallTestCaseKeyword.groovy:60)
	at com.kms.katalon.core.keyword.builtin.CallTestCaseKeyword$_callTestCase_closure1.call(CallTestCaseKeyword.groovy)
	at com.kms.katalon.core.keyword.internal.KeywordMain.runKeyword(KeywordMain.groovy:54)
	at com.kms.katalon.core.keyword.builtin.CallTestCaseKeyword.callTestCase(CallTestCaseKeyword.groovy:81)
	at com.kms.katalon.core.keyword.builtin.CallTestCaseKeyword.execute(CallTestCaseKeyword.groovy:45)
	at com.kms.katalon.core.keyword.internal.KeywordExecutor.executeKeywordForPlatform(KeywordExecutor.groovy:53)
	at com.kms.katalon.core.keyword.BuiltinKeywords.callTestCase(BuiltinKeywords.groovy:334)
	at sun.reflect.GeneratedMethodAccessor13.invoke(Unknown Source)
	at sun.reflect.DelegatingMethodAccessorImpl.invoke(DelegatingMethodAccessorImpl.java:43)
	at java.lang.reflect.Method.invoke(Method.java:498)
	at org.codehaus.groovy.reflection.CachedMethod.invoke(CachedMethod.java:93)
	at groovy.lang.MetaMethod.doMethodInvoke(MetaMethod.java:325)
	at groovy.lang.MetaClassImpl.invokeStaticMethod(MetaClassImpl.java:1469)
	at org.codehaus.groovy.runtime.callsite.StaticMetaClassSite.call(StaticMetaClassSite.java:53)
	at org.codehaus.groovy.runtime.callsite.CallSiteArray.defaultCall(CallSiteArray.java:48)
	at org.codehaus.groovy.runtime.callsite.AbstractCallSite.call(AbstractCallSite.java:113)
	at org.codehaus.groovy.runtime.callsite.AbstractCallSite.call(AbstractCallSite.java:141)
	at Script1537255642276.run(Script1537255642276.groovy:111)
	at com.kms.katalon.core.main.ScriptEngine.run(ScriptEngine.java:183)
	at com.kms.katalon.core.main.ScriptEngine.runScriptAsRawText(ScriptEngine.java:108)
	at com.kms.katalon.core.main.TestCaseExecutor.runScript(TestCaseExecutor.java:294)
	at com.kms.katalon.core.main.TestCaseExecutor.doExecute(TestCaseExecutor.java:285)
	at com.kms.katalon.core.main.TestCaseExecutor.processExecutionPhase(TestCaseExecutor.java:264)
	at com.kms.katalon.core.main.TestCaseExecutor.accessMainPhase(TestCaseExecutor.java:256)
	at com.kms.katalon.core.main.TestCaseExecutor.execute(TestCaseExecutor.java:200)
	at com.kms.katalon.core.main.TestSuiteExecutor.accessTestCaseMainPhase(TestSuiteExecutor.java:129)
	at com.kms.katalon.core.main.TestSuiteExecutor.accessTestSuiteMainPhase(TestSuiteExecutor.java:112)
	at com.kms.katalon.core.main.TestSuiteExecutor.execute(TestSuiteExecutor.java:81)
	at com.kms.katalon.core.main.TestCaseMain.startTestSuite(TestCaseMain.java:142)
	at com.kms.katalon.core.main.TestCaseMain$startTestSuite$0.call(Unknown Source)
	at org.codehaus.groovy.runtime.callsite.CallSiteArray.defaultCall(CallSiteArray.java:48)
	at org.codehaus.groovy.runtime.callsite.AbstractCallSite.call(AbstractCallSite.java:113)
	at org.codehaus.groovy.runtime.callsite.AbstractCallSite.call(AbstractCallSite.java:141)
	at TempTestSuite1540012262067.run(TempTestSuite1540012262067.groovy:36)
	at groovy.lang.GroovyShell.runScriptOrMainOrTestOrRunnable(GroovyShell.java:263)
	at groovy.lang.GroovyShell.run(GroovyShell.java:518)
	at groovy.lang.GroovyShell.run(GroovyShell.java:507)
	at groovy.ui.GroovyMain.processOnce(GroovyMain.java:653)
	at groovy.ui.GroovyMain.run(GroovyMain.java:384)
	at groovy.ui.GroovyMain.process(GroovyMain.java:370)
	at groovy.ui.GroovyMain.processArgs(GroovyMain.java:129)
	at groovy.ui.GroovyMain.main(GroovyMain.java:109)
	at sun.reflect.NativeMethodAccessorImpl.invoke0(Native Method)
	at sun.reflect.NativeMethodAccessorImpl.invoke(NativeMethodAccessorImpl.java:62)
	at sun.reflect.DelegatingMethodAccessorImpl.invoke(DelegatingMethodAccessorImpl.java:43)
	at java.lang.reflect.Method.invoke(Method.java:498)
	at org.codehaus.groovy.tools.GroovyStarter.rootLoader(GroovyStarter.java:109)
	at org.codehaus.groovy.tools.GroovyStarter.main(GroovyStarter.java:131)
)"/>
         <system-out><![CDATA[2018-10-20 17:42:36 - [TEST_CASE][FAILED] - Test Cases/Final Aug 2018 - PKS Automation/Registration Module/Workflow/Update Add New Employee/Special Case (Employer - RO Approve): Test Cases/Final Aug 2018 - PKS Automation/Registration Module/Workflow/Update Add New Employee/Special Case (Employer - RO Approve) FAILED because (of) (Stack trace: com.kms.katalon.core.exception.StepFailedException: Unable to click on object 'Object Repository/Final Object Repo/Landing Page/Select to English' (Root cause: com.kms.katalon.core.webui.exception.WebElementNotFoundException: Web element with id: 'Object Repository/Final Object Repo/Landing Page/Select to English' located by 'By.xpath: //a[@class = 'taglib-language-list-text' and @lang = 'en-US' and (contains(text(), 'EN') or contains(., 'EN'))]' not found)
	at com.kms.katalon.core.keyword.internal.KeywordMain.stepFailed(KeywordMain.groovy:32)
	at com.kms.katalon.core.webui.keyword.internal.WebUIKeywordMain.stepFailed(WebUIKeywordMain.groovy:65)
	at com.kms.katalon.core.webui.keyword.internal.WebUIKeywordMain.runKeyword(WebUIKeywordMain.groovy:27)
	at com.kms.katalon.core.webui.keyword.builtin.ClickKeyword.click(ClickKeyword.groovy:86)
	at com.kms.katalon.core.webui.keyword.builtin.ClickKeyword.execute(ClickKeyword.groovy:67)
	at com.kms.katalon.core.keyword.internal.KeywordExecutor.executeKeywordForPlatform(KeywordExecutor.groovy:53)
	at com.kms.katalon.core.webui.keyword.WebUiBuiltInKeywords.click(WebUiBuiltInKeywords.groovy:604)
	at com.kms.katalon.core.webui.keyword.WebUiBuiltInKeywords$click$6.call(Unknown Source)
	at Script1534407542420.run(Script1534407542420.groovy:57)
	at com.kms.katalon.core.main.ScriptEngine.run(ScriptEngine.java:183)
	at com.kms.katalon.core.main.ScriptEngine.runScriptAsRawText(ScriptEngine.java:108)
	at com.kms.katalon.core.main.TestCaseExecutor.runScript(TestCaseExecutor.java:294)
	at com.kms.katalon.core.main.TestCaseExecutor.doExecute(TestCaseExecutor.java:285)
	at com.kms.katalon.core.main.TestCaseExecutor.processExecutionPhase(TestCaseExecutor.java:264)
	at com.kms.katalon.core.main.TestCaseExecutor.accessMainPhase(TestCaseExecutor.java:256)
	at com.kms.katalon.core.main.TestCaseExecutor.execute(TestCaseExecutor.java:200)
	at com.kms.katalon.core.main.TestCaseMain.runTestCase(TestCaseMain.java:99)
	at com.kms.katalon.core.keyword.builtin.CallTestCaseKeyword$_callTestCase_closure1.doCall(CallTestCaseKeyword.groovy:60)
	at com.kms.katalon.core.keyword.builtin.CallTestCaseKeyword$_callTestCase_closure1.call(CallTestCaseKeyword.groovy)
	at com.kms.katalon.core.keyword.internal.KeywordMain.runKeyword(KeywordMain.groovy:54)
	at com.kms.katalon.core.keyword.builtin.CallTestCaseKeyword.callTestCase(CallTestCaseKeyword.groovy:81)
	at com.kms.katalon.core.keyword.builtin.CallTestCaseKeyword.execute(CallTestCaseKeyword.groovy:45)
	at com.kms.katalon.core.keyword.internal.KeywordExecutor.executeKeywordForPlatform(KeywordExecutor.groovy:53)
	at com.kms.katalon.core.keyword.BuiltinKeywords.callTestCase(BuiltinKeywords.groovy:334)
	at sun.reflect.GeneratedMethodAccessor13.invoke(Unknown Source)
	at sun.reflect.DelegatingMethodAccessorImpl.invoke(DelegatingMethodAccessorImpl.java:43)
	at java.lang.reflect.Method.invoke(Method.java:498)
	at org.codehaus.groovy.reflection.CachedMethod.invoke(CachedMethod.java:93)
	at groovy.lang.MetaMethod.doMethodInvoke(MetaMethod.java:325)
	at groovy.lang.MetaClassImpl.invokeStaticMethod(MetaClassImpl.java:1469)
	at org.codehaus.groovy.runtime.callsite.StaticMetaClassSite.call(StaticMetaClassSite.java:53)
	at org.codehaus.groovy.runtime.callsite.CallSiteArray.defaultCall(CallSiteArray.java:48)
	at org.codehaus.groovy.runtime.callsite.AbstractCallSite.call(AbstractCallSite.java:113)
	at org.codehaus.groovy.runtime.callsite.AbstractCallSite.call(AbstractCallSite.java:141)
	at Script1537255642276.run(Script1537255642276.groovy:111)
	at com.kms.katalon.core.main.ScriptEngine.run(ScriptEngine.java:183)
	at com.kms.katalon.core.main.ScriptEngine.runScriptAsRawText(ScriptEngine.java:108)
	at com.kms.katalon.core.main.TestCaseExecutor.runScript(TestCaseExecutor.java:294)
	at com.kms.katalon.core.main.TestCaseExecutor.doExecute(TestCaseExecutor.java:285)
	at com.kms.katalon.core.main.TestCaseExecutor.processExecutionPhase(TestCaseExecutor.java:264)
	at com.kms.katalon.core.main.TestCaseExecutor.accessMainPhase(TestCaseExecutor.java:256)
	at com.kms.katalon.core.main.TestCaseExecutor.execute(TestCaseExecutor.java:200)
	at com.kms.katalon.core.main.TestSuiteExecutor.accessTestCaseMainPhase(TestSuiteExecutor.java:129)
	at com.kms.katalon.core.main.TestSuiteExecutor.accessTestSuiteMainPhase(TestSuiteExecutor.java:112)
	at com.kms.katalon.core.main.TestSuiteExecutor.execute(TestSuiteExecutor.java:81)
	at com.kms.katalon.core.main.TestCaseMain.startTestSuite(TestCaseMain.java:142)
	at com.kms.katalon.core.main.TestCaseMain$startTestSuite$0.call(Unknown Source)
	at org.codehaus.groovy.runtime.callsite.CallSiteArray.defaultCall(CallSiteArray.java:48)
	at org.codehaus.groovy.runtime.callsite.AbstractCallSite.call(AbstractCallSite.java:113)
	at org.codehaus.groovy.runtime.callsite.AbstractCallSite.call(AbstractCallSite.java:141)
	at TempTestSuite1540012262067.run(TempTestSuite1540012262067.groovy:36)
	at groovy.lang.GroovyShell.runScriptOrMainOrTestOrRunnable(GroovyShell.java:263)
	at groovy.lang.GroovyShell.run(GroovyShell.java:518)
	at groovy.lang.GroovyShell.run(GroovyShell.java:507)
	at groovy.ui.GroovyMain.processOnce(GroovyMain.java:653)
	at groovy.ui.GroovyMain.run(GroovyMain.java:384)
	at groovy.ui.GroovyMain.process(GroovyMain.java:370)
	at groovy.ui.GroovyMain.processArgs(GroovyMain.java:129)
	at groovy.ui.GroovyMain.main(GroovyMain.java:109)
	at sun.reflect.NativeMethodAccessorImpl.invoke0(Native Method)
	at sun.reflect.NativeMethodAccessorImpl.invoke(NativeMethodAccessorImpl.java:62)
	at sun.reflect.DelegatingMethodAccessorImpl.invoke(DelegatingMethodAccessorImpl.java:43)
	at java.lang.reflect.Method.invoke(Method.java:498)
	at org.codehaus.groovy.tools.GroovyStarter.rootLoader(GroovyStarter.java:109)
	at org.codehaus.groovy.tools.GroovyStarter.main(GroovyStarter.java:131)
)

2018-10-20 17:42:36 - [TEST_STEP][PASSED] - callTestCase: Call Test Case 'Test Cases/Final Aug 2018 - PKS Automation/Registration Module/Workflow/Update Add New Employee/Template/New Company for Update Add New - Employer' successfully

2018-10-20 17:42:36 - [TEST_CASE][PASSED] - Test Cases/Final Aug 2018 - PKS Automation/Registration Module/Workflow/Update Add New Employee/Template/New Company for Update Add New - Employer: Test Cases/Final Aug 2018 - PKS Automation/Registration Module/Workflow/Update Add New Employee/Template/New Company for Update Add New - Employer

2018-10-20 17:42:36 - [TEST_STEP][PASSED] - callTestCase: Call Test Case 'Test Cases/Final Aug 2018 - PKS Automation/Create Employer Acc/Create Employer Account' successfully

2018-10-20 17:42:36 - [TEST_CASE][PASSED] - Test Cases/Final Aug 2018 - PKS Automation/Create Employer Acc/Create Employer Account: Test Cases/Final Aug 2018 - PKS Automation/Create Employer Acc/Create Employer Account

2018-10-20 17:42:36 - [TEST_STEP][PASSED] - callTestCase: Call Test Case 'Test Cases/Final Aug 2018 - PKS Automation/Create Employer Acc/Template/Register Employer' successfully

2018-10-20 17:42:36 - [TEST_CASE][PASSED] - Test Cases/Final Aug 2018 - PKS Automation/Create Employer Acc/Template/Register Employer: Test Cases/Final Aug 2018 - PKS Automation/Create Employer Acc/Template/Register Employer

2018-10-20 17:42:37 - [TEST_STEP][PASSED] - openBrowser: Browser is opened with url: ''

2018-10-20 17:42:37 - [MESSAGE][WARNING] - A browser is already opened. Closing browser and opening a new one

2018-10-20 17:42:41 - [MESSAGE][PASSED] - Browser is opened with url: ''

2018-10-20 17:42:41 - [TEST_STEP][PASSED] - navigateToUrl: Navigate to 'https://assist2-uat.perkeso.gov.my/login' successfully

2018-10-20 17:42:43 - [MESSAGE][PASSED] - Navigate to 'https://assist2-uat.perkeso.gov.my/login' successfully

2018-10-20 17:42:43 - [TEST_STEP][PASSED] - setText: Text 'johorotc1@gmail.com' is set on object 'Object Repository/Final Object Repo/Login Page/Internal User/Email Address'

2018-10-20 17:42:43 - [MESSAGE][PASSED] - Text 'johorotc1@gmail.com' is set on object 'Object Repository/Final Object Repo/Login Page/Internal User/Email Address'

2018-10-20 17:42:43 - [TEST_STEP][PASSED] - click: Object: 'Object Repository/Final Object Repo/Login Page/Internal User/Next Button' is clicked on

2018-10-20 17:42:43 - [MESSAGE][PASSED] - Object: 'Object Repository/Final Object Repo/Login Page/Internal User/Next Button' is clicked on

2018-10-20 17:42:43 - [TEST_STEP][PASSED] - delay: Delayed 1 second(s)

2018-10-20 17:42:44 - [MESSAGE][PASSED] - Delayed 1 second(s)

2018-10-20 17:42:44 - [TEST_STEP][PASSED] - setEncryptedText: Text ****** has been set on object 'Object Repository/Final Object Repo/Login Page/Internal User/Password'

2018-10-20 17:42:45 - [MESSAGE][PASSED] - Text ****** has been set on object 'Object Repository/Final Object Repo/Login Page/Internal User/Password'

2018-10-20 17:42:45 - [TEST_STEP][PASSED] - click: Object: 'Object Repository/Final Object Repo/Login Page/Internal User/Login Button' is clicked on

2018-10-20 17:42:45 - [MESSAGE][PASSED] - Object: 'Object Repository/Final Object Repo/Login Page/Internal User/Login Button' is clicked on

2018-10-20 17:42:45 - [TEST_STEP][PASSED] - delay: Delayed 1 second(s)

2018-10-20 17:42:46 - [MESSAGE][PASSED] - Delayed 1 second(s)

2018-10-20 17:42:46 - [TEST_STEP][PASSED] - navigateToUrl: Navigate to 'https://assist2-uat.perkeso.gov.my/web/base/portal-id/registration' successfully

2018-10-20 17:42:49 - [MESSAGE][PASSED] - Navigate to 'https://assist2-uat.perkeso.gov.my/web/base/portal-id/registration' successfully

2018-10-20 17:42:49 - [TEST_STEP][PASSED] - setText: Text 'AUTOMATION EMPLOYER' is set on object 'Object Repository/Final Object Repo/Creating Employer Account/Page_Registration - ASSIST (Base)/Employer Name'

2018-10-20 17:42:49 - [MESSAGE][PASSED] - Text 'AUTOMATION EMPLOYER' is set on object 'Object Repository/Final Object Repo/Creating Employer Account/Page_Registration - ASSIST (Base)/Employer Name'

2018-10-20 17:42:49 - [TEST_STEP][PASSED] - delay: Delayed 2 second(s)

2018-10-20 17:42:51 - [MESSAGE][PASSED] - Delayed 2 second(s)

2018-10-20 17:42:51 - [TEST_STEP][PASSED] - click: Object: 'Object Repository/Final Object Repo/Creating Employer Account/Page_Registration - ASSIST (Base)/Registration Type' is clicked on

2018-10-20 17:42:51 - [MESSAGE][PASSED] - Object: 'Object Repository/Final Object Repo/Creating Employer Account/Page_Registration - ASSIST (Base)/Registration Type' is clicked on

2018-10-20 17:42:51 - [TEST_STEP][PASSED] - delay: Delayed 2 second(s)

2018-10-20 17:42:53 - [MESSAGE][PASSED] - Delayed 2 second(s)

2018-10-20 17:42:53 - [TEST_STEP][PASSED] - click: Object: 'Object Repository/Final Object Repo/Creating Employer Account/Page_Registration - ASSIST (Base)/Registration Type - Registration No' is clicked on

2018-10-20 17:42:54 - [MESSAGE][PASSED] - Object: 'Object Repository/Final Object Repo/Creating Employer Account/Page_Registration - ASSIST (Base)/Registration Type - Registration No' is clicked on

2018-10-20 17:42:54 - [TEST_STEP][PASSED] - delay: Delayed 2 second(s)

2018-10-20 17:42:56 - [MESSAGE][PASSED] - Delayed 2 second(s)

2018-10-20 17:42:56 - [TEST_STEP][PASSED] - setText: Text '1234567890' is set on object 'Object Repository/Final Object Repo/Creating Employer Account/Page_Registration - ASSIST (Base)/Registration Number'

2018-10-20 17:42:56 - [MESSAGE][PASSED] - Text '1234567890' is set on object 'Object Repository/Final Object Repo/Creating Employer Account/Page_Registration - ASSIST (Base)/Registration Number'

2018-10-20 17:42:56 - [TEST_STEP][PASSED] - delay: Delayed 2 second(s)

2018-10-20 17:42:58 - [MESSAGE][PASSED] - Delayed 2 second(s)

2018-10-20 17:42:58 - [TEST_STEP][PASSED] - setText: Text 'ADDRESS 1' is set on object 'Object Repository/Final Object Repo/Creating Employer Account/Page_Registration - ASSIST (Base)/Postal Address 1'

2018-10-20 17:42:58 - [MESSAGE][PASSED] - Text 'ADDRESS 1' is set on object 'Object Repository/Final Object Repo/Creating Employer Account/Page_Registration - ASSIST (Base)/Postal Address 1'

2018-10-20 17:42:58 - [TEST_STEP][PASSED] - setText: Text 'ADDRESS 2' is set on object 'Object Repository/Final Object Repo/Creating Employer Account/Page_Registration - ASSIST (Base)/Postal Address 2'

2018-10-20 17:42:58 - [MESSAGE][PASSED] - Text 'ADDRESS 2' is set on object 'Object Repository/Final Object Repo/Creating Employer Account/Page_Registration - ASSIST (Base)/Postal Address 2'

2018-10-20 17:42:58 - [TEST_STEP][PASSED] - click: Object: 'Object Repository/Final Object Repo/Creating Employer Account/Page_Registration - ASSIST (Base)/State' is clicked on

2018-10-20 17:42:59 - [MESSAGE][PASSED] - Object: 'Object Repository/Final Object Repo/Creating Employer Account/Page_Registration - ASSIST (Base)/State' is clicked on

2018-10-20 17:42:59 - [TEST_STEP][PASSED] - delay: Delayed 2 second(s)

2018-10-20 17:43:01 - [MESSAGE][PASSED] - Delayed 2 second(s)

2018-10-20 17:43:01 - [TEST_STEP][PASSED] - click: Object: 'Object Repository/Final Object Repo/Creating Employer Account/Page_Registration - ASSIST (Base)/State - Johor' is clicked on

2018-10-20 17:43:01 - [MESSAGE][PASSED] - Object: 'Object Repository/Final Object Repo/Creating Employer Account/Page_Registration - ASSIST (Base)/State - Johor' is clicked on

2018-10-20 17:43:01 - [TEST_STEP][PASSED] - delay: Delayed 2 second(s)

2018-10-20 17:43:03 - [MESSAGE][PASSED] - Delayed 2 second(s)

2018-10-20 17:43:03 - [TEST_STEP][PASSED] - click: Object: 'Object Repository/Final Object Repo/Creating Employer Account/Page_Registration - ASSIST (Base)/City' is clicked on

2018-10-20 17:43:03 - [MESSAGE][PASSED] - Object: 'Object Repository/Final Object Repo/Creating Employer Account/Page_Registration - ASSIST (Base)/City' is clicked on

2018-10-20 17:43:03 - [TEST_STEP][PASSED] - delay: Delayed 2 second(s)

2018-10-20 17:43:05 - [MESSAGE][PASSED] - Delayed 2 second(s)

2018-10-20 17:43:05 - [TEST_STEP][PASSED] - setText: Text 'joh' is set on object 'Object Repository/Final Object Repo/Creating Employer Account/Page_Registration - ASSIST (Base)/City - joh'

2018-10-20 17:43:05 - [MESSAGE][PASSED] - Text 'joh' is set on object 'Object Repository/Final Object Repo/Creating Employer Account/Page_Registration - ASSIST (Base)/City - joh'

2018-10-20 17:43:05 - [TEST_STEP][PASSED] - delay: Delayed 2 second(s)

2018-10-20 17:43:07 - [MESSAGE][PASSED] - Delayed 2 second(s)

2018-10-20 17:43:07 - [TEST_STEP][PASSED] - click: Object: 'Object Repository/Final Object Repo/Creating Employer Account/Page_Registration - ASSIST (Base)/City - Johor Bharu' is clicked on

2018-10-20 17:43:07 - [MESSAGE][PASSED] - Object: 'Object Repository/Final Object Repo/Creating Employer Account/Page_Registration - ASSIST (Base)/City - Johor Bharu' is clicked on

2018-10-20 17:43:07 - [TEST_STEP][PASSED] - delay: Delayed 2 second(s)

2018-10-20 17:43:09 - [MESSAGE][PASSED] - Delayed 2 second(s)

2018-10-20 17:43:09 - [TEST_STEP][PASSED] - click: Object: 'Object Repository/Final Object Repo/Creating Employer Account/Page_Registration - ASSIST (Base)/Post Code' is clicked on

2018-10-20 17:43:10 - [MESSAGE][PASSED] - Object: 'Object Repository/Final Object Repo/Creating Employer Account/Page_Registration - ASSIST (Base)/Post Code' is clicked on

2018-10-20 17:43:10 - [TEST_STEP][PASSED] - delay: Delayed 2 second(s)

2018-10-20 17:43:12 - [MESSAGE][PASSED] - Delayed 2 second(s)

2018-10-20 17:43:12 - [TEST_STEP][PASSED] - setText: Text '810' is set on object 'Object Repository/Final Object Repo/Creating Employer Account/Page_Registration - ASSIST (Base)/Post Code - 810'

2018-10-20 17:43:12 - [MESSAGE][PASSED] - Text '810' is set on object 'Object Repository/Final Object Repo/Creating Employer Account/Page_Registration - ASSIST (Base)/Post Code - 810'

2018-10-20 17:43:12 - [TEST_STEP][PASSED] - delay: Delayed 2 second(s)

2018-10-20 17:43:14 - [MESSAGE][PASSED] - Delayed 2 second(s)

2018-10-20 17:43:14 - [TEST_STEP][PASSED] - click: Object: 'Object Repository/Final Object Repo/Creating Employer Account/Page_Registration - ASSIST (Base)/Post Code - 81000' is clicked on

2018-10-20 17:43:14 - [MESSAGE][PASSED] - Object: 'Object Repository/Final Object Repo/Creating Employer Account/Page_Registration - ASSIST (Base)/Post Code - 81000' is clicked on

2018-10-20 17:43:14 - [TEST_STEP][PASSED] - delay: Delayed 2 second(s)

2018-10-20 17:43:16 - [MESSAGE][PASSED] - Delayed 2 second(s)

2018-10-20 17:43:16 - [TEST_STEP][PASSED] - setText: Text 'PERKESO' is set on object 'Object Repository/Final Object Repo/Creating Employer Account/Page_Registration - ASSIST (Base)/Full Name'

2018-10-20 17:43:16 - [MESSAGE][PASSED] - Text 'PERKESO' is set on object 'Object Repository/Final Object Repo/Creating Employer Account/Page_Registration - ASSIST (Base)/Full Name'

2018-10-20 17:43:16 - [TEST_STEP][PASSED] - Statement - rnd = new java.util.Random(): null

2018-10-20 17:43:16 - [TEST_STEP][PASSED] - Statement - snum = rnd.nextInt(899999 + 1) + 100000: null

2018-10-20 17:43:16 - [TEST_STEP][PASSED] - Statement - tnum = rnd.nextInt(899999 + 1) + 100000: null

2018-10-20 17:43:16 - [TEST_STEP][PASSED] - Statement - IC = java.lang.Integer.toString(snum) + java.lang.Integer.toString(tnum): null

2018-10-20 17:43:16 - [TEST_STEP][PASSED] - Statement - out.println(IC): null

2018-10-20 17:43:16 - [TEST_STEP][PASSED] - setText: Text '993084380350' is set on object 'Object Repository/Final Object Repo/Creating Employer Account/Page_Registration - ASSIST (Base)/Identification Number'

2018-10-20 17:43:16 - [MESSAGE][PASSED] - Text '993084380350' is set on object 'Object Repository/Final Object Repo/Creating Employer Account/Page_Registration - ASSIST (Base)/Identification Number'

2018-10-20 17:43:16 - [TEST_STEP][PASSED] - delay: Delayed 2 second(s)

2018-10-20 17:43:18 - [MESSAGE][PASSED] - Delayed 2 second(s)

2018-10-20 17:43:18 - [TEST_STEP][PASSED] - setText: Text '123456789012' is set on object 'Object Repository/Final Object Repo/Creating Employer Account/Page_Registration - ASSIST (Base)/Contact Number'

2018-10-20 17:43:19 - [MESSAGE][PASSED] - Text '123456789012' is set on object 'Object Repository/Final Object Repo/Creating Employer Account/Page_Registration - ASSIST (Base)/Contact Number'

2018-10-20 17:43:19 - [TEST_STEP][PASSED] - Statement - Email = "perkeso" + IC + "@gmail.com": null

2018-10-20 17:43:19 - [TEST_STEP][PASSED] - delay: Delayed 2 second(s)

2018-10-20 17:43:21 - [MESSAGE][PASSED] - Delayed 2 second(s)

2018-10-20 17:43:21 - [TEST_STEP][PASSED] - callTestCase: Call Test Case 'Test Cases/Final Aug 2018 - PKS Automation/Create Employer Acc/Template/Employer Email Settler' successfully

2018-10-20 17:43:21 - [TEST_CASE][PASSED] - Test Cases/Final Aug 2018 - PKS Automation/Create Employer Acc/Template/Employer Email Settler: Test Cases/Final Aug 2018 - PKS Automation/Create Employer Acc/Template/Employer Email Settler

2018-10-20 17:43:21 - [TEST_STEP][PASSED] - Statement - EmpEmailOld = new java.io.File(C://EmpEmail.txt): null

2018-10-20 17:43:21 - [TEST_STEP][PASSED] - Statement - EmpEmailOld.delete(): null

2018-10-20 17:43:21 - [TEST_STEP][PASSED] - Statement - EmpEmail = new java.io.File(C://EmpEmail.txt): null

2018-10-20 17:43:21 - [TEST_STEP][PASSED] - Statement - EmpEmail.append(Email): null

2018-10-20 17:43:21 - [TEST_STEP][PASSED] - Statement - out.println(Email): null

2018-10-20 17:43:21 - [MESSAGE][PASSED] - Call Test Case 'Test Cases/Final Aug 2018 - PKS Automation/Create Employer Acc/Template/Employer Email Settler' successfully

2018-10-20 17:43:21 - [TEST_STEP][PASSED] - delay: Delayed 2 second(s)

2018-10-20 17:43:23 - [MESSAGE][PASSED] - Delayed 2 second(s)

2018-10-20 17:43:23 - [TEST_STEP][PASSED] - setText: Text 'perkeso993084380350@gmail.com' is set on object 'Object Repository/Final Object Repo/Creating Employer Account/Page_Registration - ASSIST (Base)/Email'

2018-10-20 17:43:23 - [MESSAGE][PASSED] - Text 'perkeso993084380350@gmail.com' is set on object 'Object Repository/Final Object Repo/Creating Employer Account/Page_Registration - ASSIST (Base)/Email'

2018-10-20 17:43:23 - [TEST_STEP][PASSED] - setText: Text '123' is set on object 'Object Repository/Final Object Repo/Creating Employer Account/Page_Registration - ASSIST (Base)/Security Phase'

2018-10-20 17:43:24 - [MESSAGE][PASSED] - Text '123' is set on object 'Object Repository/Final Object Repo/Creating Employer Account/Page_Registration - ASSIST (Base)/Security Phase'

2018-10-20 17:43:24 - [TEST_STEP][PASSED] - click: Object: 'Object Repository/Final Object Repo/Creating Employer Account/Page_Registration - ASSIST (Base)/Save  Continue' is clicked on

2018-10-20 17:43:24 - [MESSAGE][PASSED] - Object: 'Object Repository/Final Object Repo/Creating Employer Account/Page_Registration - ASSIST (Base)/Save  Continue' is clicked on

2018-10-20 17:43:24 - [TEST_STEP][PASSED] - delay: Delayed 2 second(s)

2018-10-20 17:43:26 - [MESSAGE][PASSED] - Delayed 2 second(s)

2018-10-20 17:43:26 - [TEST_STEP][PASSED] - click: Object: 'Object Repository/Final Object Repo/Creating Employer Account/Page_Registration - ASSIST (Base)/Add Document' is clicked on

2018-10-20 17:43:26 - [MESSAGE][PASSED] - Object: 'Object Repository/Final Object Repo/Creating Employer Account/Page_Registration - ASSIST (Base)/Add Document' is clicked on

2018-10-20 17:43:26 - [TEST_STEP][PASSED] - delay: Delayed 2 second(s)

2018-10-20 17:43:28 - [MESSAGE][PASSED] - Delayed 2 second(s)

2018-10-20 17:43:28 - [TEST_STEP][PASSED] - click: Object: 'Object Repository/Final Object Repo/Creating Employer Account/Page_Registration - ASSIST (Base)/Document Type' is clicked on

2018-10-20 17:43:28 - [MESSAGE][PASSED] - Object: 'Object Repository/Final Object Repo/Creating Employer Account/Page_Registration - ASSIST (Base)/Document Type' is clicked on

2018-10-20 17:43:28 - [TEST_STEP][PASSED] - delay: Delayed 2 second(s)

2018-10-20 17:43:30 - [MESSAGE][PASSED] - Delayed 2 second(s)

2018-10-20 17:43:30 - [TEST_STEP][PASSED] - click: Object: 'Object Repository/Final Object Repo/Creating Employer Account/Page_Registration - ASSIST (Base)/Document Type - Letter of Authorization' is clicked on

2018-10-20 17:43:30 - [MESSAGE][PASSED] - Object: 'Object Repository/Final Object Repo/Creating Employer Account/Page_Registration - ASSIST (Base)/Document Type - Letter of Authorization' is clicked on

2018-10-20 17:43:30 - [TEST_STEP][PASSED] - delay: Delayed 2 second(s)

2018-10-20 17:43:32 - [MESSAGE][PASSED] - Delayed 2 second(s)

2018-10-20 17:43:32 - [TEST_STEP][PASSED] - sendKeys: Keys 'C:\Users\Public\Pictures\Sample Pictures\Act.jpg' sent to object: 'Object Repository/Final Object Repo/Creating Employer Account/Page_Registration - ASSIST (Base)/Uploading File'

2018-10-20 17:43:32 - [MESSAGE][PASSED] - Keys 'C:\Users\Public\Pictures\Sample Pictures\Act.jpg' sent to object: 'Object Repository/Final Object Repo/Creating Employer Account/Page_Registration - ASSIST (Base)/Uploading File'

2018-10-20 17:43:32 - [TEST_STEP][PASSED] - delay: Delayed 2 second(s)

2018-10-20 17:43:34 - [MESSAGE][PASSED] - Delayed 2 second(s)

2018-10-20 17:43:34 - [TEST_STEP][PASSED] - click: Object: 'Object Repository/Final Object Repo/Creating Employer Account/Page_Registration - ASSIST (Base)/Add Document in Uploading File' is clicked on

2018-10-20 17:43:35 - [MESSAGE][PASSED] - Object: 'Object Repository/Final Object Repo/Creating Employer Account/Page_Registration - ASSIST (Base)/Add Document in Uploading File' is clicked on

2018-10-20 17:43:35 - [TEST_STEP][PASSED] - delay: Delayed 2 second(s)

2018-10-20 17:43:37 - [MESSAGE][PASSED] - Delayed 2 second(s)

2018-10-20 17:43:37 - [TEST_STEP][PASSED] - click: Object: 'Object Repository/Final Object Repo/Creating Employer Account/Page_Registration - ASSIST (Base)/Save' is clicked on

2018-10-20 17:43:37 - [MESSAGE][PASSED] - Object: 'Object Repository/Final Object Repo/Creating Employer Account/Page_Registration - ASSIST (Base)/Save' is clicked on

2018-10-20 17:43:37 - [TEST_STEP][PASSED] - delay: Delayed 2 second(s)

2018-10-20 17:43:39 - [MESSAGE][PASSED] - Delayed 2 second(s)

2018-10-20 17:43:39 - [TEST_STEP][PASSED] - click: Object: 'Object Repository/Final Object Repo/Creating Employer Account/Page_Registration - ASSIST (Base)/Submit' is clicked on

2018-10-20 17:43:39 - [MESSAGE][PASSED] - Object: 'Object Repository/Final Object Repo/Creating Employer Account/Page_Registration - ASSIST (Base)/Submit' is clicked on

2018-10-20 17:43:39 - [TEST_STEP][PASSED] - delay: Delayed 2 second(s)

2018-10-20 17:43:41 - [MESSAGE][PASSED] - Delayed 2 second(s)

2018-10-20 17:43:41 - [TEST_STEP][PASSED] - click: Object: 'Object Repository/Final Object Repo/Creating Employer Account/Page_Registration - ASSIST (Base)/Confirm' is clicked on

2018-10-20 17:43:41 - [MESSAGE][PASSED] - Object: 'Object Repository/Final Object Repo/Creating Employer Account/Page_Registration - ASSIST (Base)/Confirm' is clicked on

2018-10-20 17:43:41 - [MESSAGE][PASSED] - Call Test Case 'Test Cases/Final Aug 2018 - PKS Automation/Create Employer Acc/Template/Register Employer' successfully

2018-10-20 17:43:41 - [TEST_STEP][PASSED] - delay: Delayed 1 second(s)

2018-10-20 17:43:42 - [MESSAGE][PASSED] - Delayed 1 second(s)

2018-10-20 17:43:42 - [TEST_STEP][PASSED] - navigateToUrl: Navigate to 'https://assist2-uat.perkeso.gov.my/c/portal/logout' successfully

2018-10-20 17:43:44 - [MESSAGE][PASSED] - Navigate to 'https://assist2-uat.perkeso.gov.my/c/portal/logout' successfully

2018-10-20 17:43:44 - [TEST_STEP][PASSED] - delay: Delayed 1 second(s)

2018-10-20 17:43:45 - [MESSAGE][PASSED] - Delayed 1 second(s)

2018-10-20 17:43:45 - [TEST_STEP][PASSED] - callTestCase: Call Test Case 'Test Cases/Final Aug 2018 - PKS Automation/Create Employer Acc/Template/Change Password of Employer' successfully

2018-10-20 17:43:45 - [TEST_CASE][PASSED] - Test Cases/Final Aug 2018 - PKS Automation/Create Employer Acc/Template/Change Password of Employer: Test Cases/Final Aug 2018 - PKS Automation/Create Employer Acc/Template/Change Password of Employer

2018-10-20 17:43:45 - [TEST_STEP][PASSED] - openBrowser: Browser is opened with url: ''

2018-10-20 17:43:45 - [MESSAGE][WARNING] - A browser is already opened. Closing browser and opening a new one

2018-10-20 17:43:49 - [MESSAGE][PASSED] - Browser is opened with url: ''

2018-10-20 17:43:49 - [TEST_STEP][PASSED] - navigateToUrl: Navigate to 'https://assist2-uat.perkeso.gov.my/login' successfully

2018-10-20 17:43:51 - [MESSAGE][PASSED] - Navigate to 'https://assist2-uat.perkeso.gov.my/login' successfully

2018-10-20 17:43:51 - [TEST_STEP][PASSED] - delay: Delayed 5 second(s)

2018-10-20 17:43:56 - [MESSAGE][PASSED] - Delayed 5 second(s)

2018-10-20 17:43:56 - [TEST_STEP][PASSED] - setText: Text 'test@liferay.com' is set on object 'Object Repository/Final Object Repo/Login Page/Internal User/Email Address'

2018-10-20 17:43:57 - [MESSAGE][PASSED] - Text 'test@liferay.com' is set on object 'Object Repository/Final Object Repo/Login Page/Internal User/Email Address'

2018-10-20 17:43:57 - [TEST_STEP][PASSED] - click: Object: 'Object Repository/Final Object Repo/Login Page/Internal User/Next Button' is clicked on

2018-10-20 17:43:57 - [MESSAGE][PASSED] - Object: 'Object Repository/Final Object Repo/Login Page/Internal User/Next Button' is clicked on

2018-10-20 17:43:57 - [TEST_STEP][PASSED] - delay: Delayed 2 second(s)

2018-10-20 17:43:59 - [MESSAGE][PASSED] - Delayed 2 second(s)

2018-10-20 17:43:59 - [TEST_STEP][PASSED] - setText: Text 'test' is set on object 'Object Repository/Final Object Repo/Login Page/Internal User/Password'

2018-10-20 17:43:59 - [MESSAGE][PASSED] - Text 'test' is set on object 'Object Repository/Final Object Repo/Login Page/Internal User/Password'

2018-10-20 17:43:59 - [TEST_STEP][PASSED] - delay: Delayed 2 second(s)

2018-10-20 17:44:01 - [MESSAGE][PASSED] - Delayed 2 second(s)

2018-10-20 17:44:01 - [TEST_STEP][PASSED] - click: Object: 'Object Repository/Final Object Repo/Login Page/Internal User/Login Button' is clicked on

2018-10-20 17:44:01 - [MESSAGE][PASSED] - Object: 'Object Repository/Final Object Repo/Login Page/Internal User/Login Button' is clicked on

2018-10-20 17:44:01 - [TEST_STEP][PASSED] - delay: Delayed 3 second(s)

2018-10-20 17:44:04 - [MESSAGE][PASSED] - Delayed 3 second(s)

2018-10-20 17:44:04 - [TEST_STEP][PASSED] - navigateToUrl: Navigate to 'https://assist2-uat.perkeso.gov.my/group/control_panel/manage?p_p_id=125&p_p_lifecycle=0&p_p_state=maximized&p_p_mode=view&refererPlid=20455&_125_usersListView=flat-users&_125_toolbarItem=view-all-users&_125_saveUsersListView=true&_125_struts_action=%2Fusers_admin%2Fview' successfully

2018-10-20 17:44:06 - [MESSAGE][PASSED] - Navigate to 'https://assist2-uat.perkeso.gov.my/group/control_panel/manage?p_p_id=125&p_p_lifecycle=0&p_p_state=maximized&p_p_mode=view&refererPlid=20455&_125_usersListView=flat-users&_125_toolbarItem=view-all-users&_125_saveUsersListView=true&_125_struts_action=%2Fusers_admin%2Fview' successfully

2018-10-20 17:44:06 - [TEST_STEP][PASSED] - delay: Delayed 3 second(s)

2018-10-20 17:44:09 - [MESSAGE][PASSED] - Delayed 3 second(s)

2018-10-20 17:44:09 - [TEST_STEP][PASSED] - setText: Text 'perkeso993084380350@gmail.com' is set on object 'Object Repository/Final Object Repo/Creating Employer Account/Page_Users and Organizations - ASSIST/Employer name'

2018-10-20 17:44:10 - [MESSAGE][PASSED] - Text 'perkeso993084380350@gmail.com' is set on object 'Object Repository/Final Object Repo/Creating Employer Account/Page_Users and Organizations - ASSIST/Employer name'

2018-10-20 17:44:10 - [TEST_STEP][PASSED] - delay: Delayed 3 second(s)

2018-10-20 17:44:13 - [MESSAGE][PASSED] - Delayed 3 second(s)

2018-10-20 17:44:13 - [TEST_STEP][PASSED] - click: Object: 'Object Repository/Final Object Repo/Creating Employer Account/Page_Users and Organizations - ASSIST/Search' is clicked on

2018-10-20 17:44:13 - [MESSAGE][PASSED] - Object: 'Object Repository/Final Object Repo/Creating Employer Account/Page_Users and Organizations - ASSIST/Search' is clicked on

2018-10-20 17:44:13 - [TEST_STEP][PASSED] - delay: Delayed 3 second(s)

2018-10-20 17:44:16 - [MESSAGE][PASSED] - Delayed 3 second(s)

2018-10-20 17:44:16 - [TEST_STEP][PASSED] - click: Object: 'Object Repository/Final Object Repo/Creating Employer Account/Page_Users and Organizations - ASSIST/Action' is clicked on

2018-10-20 17:44:16 - [MESSAGE][PASSED] - Object: 'Object Repository/Final Object Repo/Creating Employer Account/Page_Users and Organizations - ASSIST/Action' is clicked on

2018-10-20 17:44:16 - [TEST_STEP][PASSED] - delay: Delayed 3 second(s)

2018-10-20 17:44:19 - [MESSAGE][PASSED] - Delayed 3 second(s)

2018-10-20 17:44:19 - [TEST_STEP][PASSED] - click: Object: 'Object Repository/Final Object Repo/Creating Employer Account/Page_Users and Organizations - ASSIST/Edit' is clicked on

2018-10-20 17:44:21 - [MESSAGE][PASSED] - Object: 'Object Repository/Final Object Repo/Creating Employer Account/Page_Users and Organizations - ASSIST/Edit' is clicked on

2018-10-20 17:44:21 - [TEST_STEP][PASSED] - delay: Delayed 3 second(s)

2018-10-20 17:44:24 - [MESSAGE][PASSED] - Delayed 3 second(s)

2018-10-20 17:44:24 - [TEST_STEP][PASSED] - click: Object: 'Object Repository/Final Object Repo/Creating Employer Account/Page_PERKESO - Users and Organizati/a_Password (Modified)' is clicked on

2018-10-20 17:44:24 - [MESSAGE][PASSED] - Object: 'Object Repository/Final Object Repo/Creating Employer Account/Page_PERKESO - Users and Organizati/a_Password (Modified)' is clicked on

2018-10-20 17:44:24 - [TEST_STEP][PASSED] - delay: Delayed 3 second(s)

2018-10-20 17:44:27 - [MESSAGE][PASSED] - Delayed 3 second(s)

2018-10-20 17:44:27 - [TEST_STEP][PASSED] - setEncryptedText: Text ****** has been set on object 'Object Repository/Final Object Repo/Creating Employer Account/Page_PERKESO - Users and Organizati/input__125_password1'

2018-10-20 17:44:27 - [MESSAGE][PASSED] - Text ****** has been set on object 'Object Repository/Final Object Repo/Creating Employer Account/Page_PERKESO - Users and Organizati/input__125_password1'

2018-10-20 17:44:27 - [TEST_STEP][PASSED] - delay: Delayed 3 second(s)

2018-10-20 17:44:30 - [MESSAGE][PASSED] - Delayed 3 second(s)

2018-10-20 17:44:30 - [TEST_STEP][PASSED] - setEncryptedText: Text ****** has been set on object 'Object Repository/Final Object Repo/Creating Employer Account/Page_PERKESO - Users and Organizati/input__125_password2'

2018-10-20 17:44:31 - [MESSAGE][PASSED] - Text ****** has been set on object 'Object Repository/Final Object Repo/Creating Employer Account/Page_PERKESO - Users and Organizati/input__125_password2'

2018-10-20 17:44:31 - [TEST_STEP][PASSED] - delay: Delayed 3 second(s)

2018-10-20 17:44:34 - [MESSAGE][PASSED] - Delayed 3 second(s)

2018-10-20 17:44:34 - [TEST_STEP][PASSED] - click: Object: 'Object Repository/Final Object Repo/Creating Employer Account/Page_PERKESO - Users and Organizati/Save' is clicked on

2018-10-20 17:44:35 - [MESSAGE][PASSED] - Object: 'Object Repository/Final Object Repo/Creating Employer Account/Page_PERKESO - Users and Organizati/Save' is clicked on

2018-10-20 17:44:35 - [MESSAGE][PASSED] - Call Test Case 'Test Cases/Final Aug 2018 - PKS Automation/Create Employer Acc/Template/Change Password of Employer' successfully

2018-10-20 17:44:35 - [TEST_STEP][PASSED] - delay: Delayed 1 second(s)

2018-10-20 17:44:36 - [MESSAGE][PASSED] - Delayed 1 second(s)

2018-10-20 17:44:36 - [TEST_STEP][PASSED] - navigateToUrl: Navigate to 'https://assist2-uat.perkeso.gov.my/c/portal/logout' successfully

2018-10-20 17:44:37 - [MESSAGE][PASSED] - Navigate to 'https://assist2-uat.perkeso.gov.my/c/portal/logout' successfully

2018-10-20 17:44:37 - [TEST_STEP][PASSED] - delay: Delayed 1 second(s)

2018-10-20 17:44:38 - [MESSAGE][PASSED] - Delayed 1 second(s)

2018-10-20 17:44:38 - [TEST_STEP][PASSED] - callTestCase: Call Test Case 'Test Cases/Final Aug 2018 - PKS Automation/Create Employer Acc/Template/Login to Employer Account (First Time)' successfully

2018-10-20 17:44:38 - [TEST_CASE][PASSED] - Test Cases/Final Aug 2018 - PKS Automation/Create Employer Acc/Template/Login to Employer Account (First Time): Test Cases/Final Aug 2018 - PKS Automation/Create Employer Acc/Template/Login to Employer Account (First Time)

2018-10-20 17:44:38 - [TEST_STEP][PASSED] - openBrowser: Browser is opened with url: ''

2018-10-20 17:44:38 - [MESSAGE][WARNING] - A browser is already opened. Closing browser and opening a new one

2018-10-20 17:44:42 - [MESSAGE][PASSED] - Browser is opened with url: ''

2018-10-20 17:44:42 - [TEST_STEP][PASSED] - navigateToUrl: Navigate to 'https://assist2-uat.perkeso.gov.my/employer/login' successfully

2018-10-20 17:44:44 - [MESSAGE][PASSED] - Navigate to 'https://assist2-uat.perkeso.gov.my/employer/login' successfully

2018-10-20 17:44:44 - [TEST_STEP][PASSED] - delay: Delayed 3 second(s)

2018-10-20 17:44:47 - [MESSAGE][PASSED] - Delayed 3 second(s)

2018-10-20 17:44:47 - [TEST_STEP][PASSED] - callTestCase: Call Test Case 'Test Cases/Final Aug 2018 - PKS Automation/Create Employer Acc/Template/Employer Email Getter' successfully

2018-10-20 17:44:47 - [TEST_CASE][PASSED] - Test Cases/Final Aug 2018 - PKS Automation/Create Employer Acc/Template/Employer Email Getter: Test Cases/Final Aug 2018 - PKS Automation/Create Employer Acc/Template/Employer Email Getter

2018-10-20 17:44:47 - [TEST_STEP][PASSED] - Statement - Try: null

2018-10-20 17:44:47 - [TEST_STEP][PASSED] - Statement - EmpEmail = new java.io.File(C://EmpEmail.txt): null

2018-10-20 17:44:47 - [TEST_STEP][PASSED] - Statement - bufferread = new java.io.BufferedReader(new java.io.FileReader(EmpEmail)): null

2018-10-20 17:44:47 - [TEST_STEP][PASSED] - Statement - readedVal = bufferread.readLine(): null

2018-10-20 17:44:47 - [TEST_STEP][PASSED] - Statement - out.println(readedVal): null

2018-10-20 17:44:47 - [TEST_STEP][PASSED] - Statement - Email = readedVal: null

2018-10-20 17:44:48 - [MESSAGE][PASSED] - Call Test Case 'Test Cases/Final Aug 2018 - PKS Automation/Create Employer Acc/Template/Employer Email Getter' successfully

2018-10-20 17:44:48 - [TEST_STEP][PASSED] - setText: Text 'perkeso993084380350@gmail.com' is set on object 'Object Repository/Final Object Repo/Login Page/External Login Page/Email'

2018-10-20 17:44:48 - [MESSAGE][PASSED] - Text 'perkeso993084380350@gmail.com' is set on object 'Object Repository/Final Object Repo/Login Page/External Login Page/Email'

2018-10-20 17:44:48 - [TEST_STEP][PASSED] - click: Object: 'Object Repository/Final Object Repo/Login Page/External Login Page/Next' is clicked on

2018-10-20 17:44:48 - [MESSAGE][PASSED] - Object: 'Object Repository/Final Object Repo/Login Page/External Login Page/Next' is clicked on

2018-10-20 17:44:48 - [TEST_STEP][PASSED] - delay: Delayed 3 second(s)

2018-10-20 17:44:51 - [MESSAGE][PASSED] - Delayed 3 second(s)

2018-10-20 17:44:51 - [TEST_STEP][PASSED] - setEncryptedText: Text ****** has been set on object 'Object Repository/Final Object Repo/Login Page/External Login Page/Password'

2018-10-20 17:44:51 - [MESSAGE][PASSED] - Text ****** has been set on object 'Object Repository/Final Object Repo/Login Page/External Login Page/Password'

2018-10-20 17:44:51 - [TEST_STEP][PASSED] - click: Object: 'Object Repository/Final Object Repo/Login Page/External Login Page/Login' is clicked on

2018-10-20 17:44:51 - [MESSAGE][PASSED] - Object: 'Object Repository/Final Object Repo/Login Page/External Login Page/Login' is clicked on

2018-10-20 17:44:51 - [TEST_STEP][PASSED] - delay: Delayed 3 second(s)

2018-10-20 17:44:54 - [MESSAGE][PASSED] - Delayed 3 second(s)

2018-10-20 17:44:54 - [TEST_STEP][PASSED] - click: Object: 'Object Repository/Final Object Repo/Creating Employer Account/Page_Terms of Use - ASSIST/button_I Agree' is clicked on

2018-10-20 17:44:55 - [MESSAGE][PASSED] - Object: 'Object Repository/Final Object Repo/Creating Employer Account/Page_Terms of Use - ASSIST/button_I Agree' is clicked on

2018-10-20 17:44:55 - [TEST_STEP][PASSED] - delay: Delayed 2 second(s)

2018-10-20 17:44:57 - [MESSAGE][PASSED] - Delayed 2 second(s)

2018-10-20 17:44:57 - [TEST_STEP][PASSED] - setEncryptedText: Text ****** has been set on object 'Object Repository/Final Object Repo/Creating Employer Account/Page_New Password - ASSIST/input_password1'

2018-10-20 17:44:58 - [MESSAGE][PASSED] - Text ****** has been set on object 'Object Repository/Final Object Repo/Creating Employer Account/Page_New Password - ASSIST/input_password1'

2018-10-20 17:44:58 - [TEST_STEP][PASSED] - setEncryptedText: Text ****** has been set on object 'Object Repository/Final Object Repo/Creating Employer Account/Page_New Password - ASSIST/input_password2'

2018-10-20 17:44:58 - [MESSAGE][PASSED] - Text ****** has been set on object 'Object Repository/Final Object Repo/Creating Employer Account/Page_New Password - ASSIST/input_password2'

2018-10-20 17:44:58 - [TEST_STEP][PASSED] - delay: Delayed 2 second(s)

2018-10-20 17:45:00 - [MESSAGE][PASSED] - Delayed 2 second(s)

2018-10-20 17:45:00 - [TEST_STEP][PASSED] - click: Object: 'Object Repository/Final Object Repo/Creating Employer Account/Page_New Password - ASSIST/Save' is clicked on

2018-10-20 17:45:00 - [MESSAGE][PASSED] - Object: 'Object Repository/Final Object Repo/Creating Employer Account/Page_New Password - ASSIST/Save' is clicked on

2018-10-20 17:45:00 - [TEST_STEP][PASSED] - delay: Delayed 2 second(s)

2018-10-20 17:45:02 - [MESSAGE][PASSED] - Delayed 2 second(s)

2018-10-20 17:45:02 - [TEST_STEP][PASSED] - setText: Text 'test' is set on object 'Object Repository/Final Object Repo/Creating Employer Account/Page_Password Reminder - ASSIST/Reminder Query Answer'

2018-10-20 17:45:02 - [MESSAGE][PASSED] - Text 'test' is set on object 'Object Repository/Final Object Repo/Creating Employer Account/Page_Password Reminder - ASSIST/Reminder Query Answer'

2018-10-20 17:45:02 - [TEST_STEP][PASSED] - delay: Delayed 2 second(s)

2018-10-20 17:45:04 - [MESSAGE][PASSED] - Delayed 2 second(s)

2018-10-20 17:45:04 - [TEST_STEP][PASSED] - doubleClick: Object: 'Object Repository/Final Object Repo/Creating Employer Account/Page_Password Reminder - ASSIST/Save' is double clicked on

2018-10-20 17:45:04 - [MESSAGE][PASSED] - Object: 'Object Repository/Final Object Repo/Creating Employer Account/Page_Password Reminder - ASSIST/Save' is double clicked on

2018-10-20 17:45:04 - [MESSAGE][PASSED] - Call Test Case 'Test Cases/Final Aug 2018 - PKS Automation/Create Employer Acc/Template/Login to Employer Account (First Time)' successfully

2018-10-20 17:45:04 - [MESSAGE][PASSED] - Call Test Case 'Test Cases/Final Aug 2018 - PKS Automation/Create Employer Acc/Create Employer Account' successfully

2018-10-20 17:45:04 - [TEST_STEP][PASSED] - callTestCase: Call Test Case 'Test Cases/Final Aug 2018 - PKS Automation/Registration Module/Log Out/log out avoiding katalon tagging' successfully

2018-10-20 17:45:04 - [TEST_CASE][PASSED] - Test Cases/Final Aug 2018 - PKS Automation/Registration Module/Log Out/log out avoiding katalon tagging: Test Cases/Final Aug 2018 - PKS Automation/Registration Module/Log Out/log out avoiding katalon tagging

2018-10-20 17:45:04 - [TEST_STEP][PASSED] - navigateToUrl: Navigate to 'https://assist2-uat.perkeso.gov.my/c/portal/logout' successfully

2018-10-20 17:45:08 - [MESSAGE][PASSED] - Navigate to 'https://assist2-uat.perkeso.gov.my/c/portal/logout' successfully

2018-10-20 17:45:08 - [MESSAGE][PASSED] - Call Test Case 'Test Cases/Final Aug 2018 - PKS Automation/Registration Module/Log Out/log out avoiding katalon tagging' successfully

2018-10-20 17:45:08 - [TEST_STEP][PASSED] - callTestCase: Call Test Case 'Test Cases/Final Aug 2018 - PKS Automation/Create Employer Acc/Login to Employer Account (Second time)' successfully

2018-10-20 17:45:08 - [TEST_CASE][PASSED] - Test Cases/Final Aug 2018 - PKS Automation/Create Employer Acc/Login to Employer Account (Second time): Test Cases/Final Aug 2018 - PKS Automation/Create Employer Acc/Login to Employer Account (Second time)

2018-10-20 17:45:08 - [TEST_STEP][PASSED] - openBrowser: Browser is opened with url: ''

2018-10-20 17:45:08 - [MESSAGE][WARNING] - A browser is already opened. Closing browser and opening a new one

2018-10-20 17:45:12 - [MESSAGE][PASSED] - Browser is opened with url: ''

2018-10-20 17:45:12 - [TEST_STEP][PASSED] - navigateToUrl: Navigate to 'https://assist2-uat.perkeso.gov.my/employer/login' successfully

2018-10-20 17:45:14 - [MESSAGE][PASSED] - Navigate to 'https://assist2-uat.perkeso.gov.my/employer/login' successfully

2018-10-20 17:45:14 - [TEST_STEP][PASSED] - delay: Delayed 3 second(s)

2018-10-20 17:45:17 - [MESSAGE][PASSED] - Delayed 3 second(s)

2018-10-20 17:45:17 - [TEST_STEP][PASSED] - callTestCase: Call Test Case 'Test Cases/Final Aug 2018 - PKS Automation/Create Employer Acc/Template/Employer Email Getter' successfully

2018-10-20 17:45:17 - [TEST_CASE][PASSED] - Test Cases/Final Aug 2018 - PKS Automation/Create Employer Acc/Template/Employer Email Getter: Test Cases/Final Aug 2018 - PKS Automation/Create Employer Acc/Template/Employer Email Getter

2018-10-20 17:45:17 - [TEST_STEP][PASSED] - Statement - Try: null

2018-10-20 17:45:17 - [TEST_STEP][PASSED] - Statement - EmpEmail = new java.io.File(C://EmpEmail.txt): null

2018-10-20 17:45:17 - [TEST_STEP][PASSED] - Statement - bufferread = new java.io.BufferedReader(new java.io.FileReader(EmpEmail)): null

2018-10-20 17:45:17 - [TEST_STEP][PASSED] - Statement - readedVal = bufferread.readLine(): null

2018-10-20 17:45:17 - [TEST_STEP][PASSED] - Statement - out.println(readedVal): null

2018-10-20 17:45:17 - [TEST_STEP][PASSED] - Statement - Email = readedVal: null

2018-10-20 17:45:17 - [MESSAGE][PASSED] - Call Test Case 'Test Cases/Final Aug 2018 - PKS Automation/Create Employer Acc/Template/Employer Email Getter' successfully

2018-10-20 17:45:17 - [TEST_STEP][PASSED] - setText: Text 'perkeso993084380350@gmail.com' is set on object 'Object Repository/Final Object Repo/Login Page/External Login Page/Email'

2018-10-20 17:45:18 - [MESSAGE][PASSED] - Text 'perkeso993084380350@gmail.com' is set on object 'Object Repository/Final Object Repo/Login Page/External Login Page/Email'

2018-10-20 17:45:18 - [TEST_STEP][PASSED] - click: Object: 'Object Repository/Final Object Repo/Login Page/External Login Page/Next' is clicked on

2018-10-20 17:45:18 - [MESSAGE][PASSED] - Object: 'Object Repository/Final Object Repo/Login Page/External Login Page/Next' is clicked on

2018-10-20 17:45:18 - [TEST_STEP][PASSED] - delay: Delayed 3 second(s)

2018-10-20 17:45:21 - [MESSAGE][PASSED] - Delayed 3 second(s)

2018-10-20 17:45:21 - [TEST_STEP][PASSED] - setEncryptedText: Text ****** has been set on object 'Object Repository/Final Object Repo/Login Page/External Login Page/Password'

2018-10-20 17:45:21 - [MESSAGE][PASSED] - Text ****** has been set on object 'Object Repository/Final Object Repo/Login Page/External Login Page/Password'

2018-10-20 17:45:21 - [TEST_STEP][PASSED] - click: Object: 'Object Repository/Final Object Repo/Login Page/External Login Page/Login' is clicked on

2018-10-20 17:45:21 - [MESSAGE][PASSED] - Object: 'Object Repository/Final Object Repo/Login Page/External Login Page/Login' is clicked on

2018-10-20 17:45:21 - [TEST_STEP][PASSED] - delay: Delayed 5 second(s)

2018-10-20 17:45:26 - [MESSAGE][PASSED] - Delayed 5 second(s)

2018-10-20 17:45:26 - [MESSAGE][PASSED] - Call Test Case 'Test Cases/Final Aug 2018 - PKS Automation/Create Employer Acc/Login to Employer Account (Second time)' successfully

2018-10-20 17:45:26 - [TEST_STEP][PASSED] - Statement - Try: Delayed 2 second(s)

2018-10-20 17:45:26 - [TEST_STEP][PASSED] - Statement - Checker = false: null

2018-10-20 17:45:26 - [TEST_STEP][PASSED] - Statement - Checker = com.kms.katalon.core.webui.keyword.WebUiBuiltInKeywords.verifyElementHasAttribute(com.kms.katalon.core.testobject.ObjectRepository.findTestObject(Final Object Repo/Landing Page/BM Detecting), "href", 20, OPTIONAL): Object 'Object Repository/Final Object Repo/Landing Page/BM Detecting' has attribute 'href'

2018-10-20 17:45:26 - [MESSAGE][PASSED] - Object 'Object Repository/Final Object Repo/Landing Page/BM Detecting' has attribute 'href'

2018-10-20 17:45:26 - [TEST_STEP][PASSED] - Statement - out.println(Checker): null

2018-10-20 17:45:26 - [TEST_STEP][PASSED] - Statement - If (Checker == false): null

2018-10-20 17:45:26 - [TEST_STEP][PASSED] - Statement - Else: null

2018-10-20 17:45:26 - [TEST_STEP][PASSED] - delay: Delayed 2 second(s)

2018-10-20 17:45:28 - [MESSAGE][PASSED] - Delayed 2 second(s)

2018-10-20 17:45:28 - [TEST_STEP][PASSED] - delay: Delayed 4 second(s)

2018-10-20 17:45:32 - [MESSAGE][PASSED] - Delayed 4 second(s)

2018-10-20 17:45:32 - [TEST_STEP][PASSED] - click: Object: 'Object Repository/Final Object Repo/Landing Page/My Sites Drop Down' is clicked on

2018-10-20 17:45:33 - [MESSAGE][PASSED] - Object: 'Object Repository/Final Object Repo/Landing Page/My Sites Drop Down' is clicked on

2018-10-20 17:45:33 - [TEST_STEP][PASSED] - click: Object: 'Object Repository/Final Object Repo/Landing Page/Select to Registration Module' is clicked on

2018-10-20 17:45:35 - [MESSAGE][PASSED] - Object: 'Object Repository/Final Object Repo/Landing Page/Select to Registration Module' is clicked on

2018-10-20 17:45:35 - [TEST_STEP][PASSED] - click: Object: 'Object Repository/Final Object Repo/Landing Page/Registration Button' is clicked on

2018-10-20 17:45:37 - [MESSAGE][PASSED] - Object: 'Object Repository/Final Object Repo/Landing Page/Registration Button' is clicked on

2018-10-20 17:45:37 - [TEST_STEP][PASSED] - delay: Delayed 2 second(s)

2018-10-20 17:45:39 - [MESSAGE][PASSED] - Delayed 2 second(s)

2018-10-20 17:45:39 - [TEST_STEP][PASSED] - click: Object: 'Object Repository/Final Object Repo/New Registration - Registration Module Pages/New Reg - OTC to RO/Special Case - OTC - Form 1/AEC NO' is clicked on

2018-10-20 17:45:39 - [MESSAGE][PASSED] - Object: 'Object Repository/Final Object Repo/New Registration - Registration Module Pages/New Reg - OTC to RO/Special Case - OTC - Form 1/AEC NO' is clicked on

2018-10-20 17:45:39 - [TEST_STEP][PASSED] - click: Object: 'Object Repository/Final Object Repo/New Registration - Registration Module Pages/New Reg - OTC to RO/Special Case - OTC - Form 1/Business Entity - Please Select' is clicked on

2018-10-20 17:45:39 - [MESSAGE][PASSED] - Object: 'Object Repository/Final Object Repo/New Registration - Registration Module Pages/New Reg - OTC to RO/Special Case - OTC - Form 1/Business Entity - Please Select' is clicked on

2018-10-20 17:45:39 - [TEST_STEP][PASSED] - click: Object: 'Object Repository/Final Object Repo/New Registration - Registration Module Pages/New Reg - OTC to RO/Special Case - OTC - Form 1/Selected - Corporation' is clicked on

2018-10-20 17:45:39 - [MESSAGE][PASSED] - Object: 'Object Repository/Final Object Repo/New Registration - Registration Module Pages/New Reg - OTC to RO/Special Case - OTC - Form 1/Selected - Corporation' is clicked on

2018-10-20 17:45:39 - [TEST_STEP][PASSED] - delay: Delayed 2 second(s)

2018-10-20 17:45:41 - [MESSAGE][PASSED] - Delayed 2 second(s)

2018-10-20 17:45:41 - [TEST_STEP][PASSED] - click: Object: 'Object Repository/Final Object Repo/New Registration - Registration Module Pages/New Reg - OTC to RO/Special Case - OTC - Form 1/Sub Business Entity - Please Select' is clicked on

2018-10-20 17:45:41 - [MESSAGE][PASSED] - Object: 'Object Repository/Final Object Repo/New Registration - Registration Module Pages/New Reg - OTC to RO/Special Case - OTC - Form 1/Sub Business Entity - Please Select' is clicked on

2018-10-20 17:45:41 - [TEST_STEP][PASSED] - delay: Delayed 2 second(s)

2018-10-20 17:45:43 - [MESSAGE][PASSED] - Delayed 2 second(s)

2018-10-20 17:45:43 - [TEST_STEP][PASSED] - click: Object: 'Object Repository/Final Object Repo/New Registration - Registration Module Pages/New Reg - OTC to RO/Special Case - OTC - Form 1/Selected - Sendirian Berhad' is clicked on

2018-10-20 17:45:44 - [MESSAGE][PASSED] - Object: 'Object Repository/Final Object Repo/New Registration - Registration Module Pages/New Reg - OTC to RO/Special Case - OTC - Form 1/Selected - Sendirian Berhad' is clicked on

2018-10-20 17:45:44 - [TEST_STEP][PASSED] - setText: Text 'AUTOMATE001' is set on object 'Object Repository/Final Object Repo/New Registration - Registration Module Pages/New Reg - OTC to RO/Special Case - OTC - Form 1/Input BRN Number'

2018-10-20 17:45:44 - [MESSAGE][PASSED] - Text 'AUTOMATE001' is set on object 'Object Repository/Final Object Repo/New Registration - Registration Module Pages/New Reg - OTC to RO/Special Case - OTC - Form 1/Input BRN Number'

2018-10-20 17:45:44 - [TEST_STEP][PASSED] - delay: Delayed 2 second(s)

2018-10-20 17:45:46 - [MESSAGE][PASSED] - Delayed 2 second(s)

2018-10-20 17:45:46 - [TEST_STEP][PASSED] - click: Object: 'Object Repository/Final Object Repo/New Registration - Registration Module Pages/New Reg - OTC to RO/Special Case - OTC - Form 1/BRN Search' is clicked on

2018-10-20 17:45:46 - [MESSAGE][PASSED] - Object: 'Object Repository/Final Object Repo/New Registration - Registration Module Pages/New Reg - OTC to RO/Special Case - OTC - Form 1/BRN Search' is clicked on

2018-10-20 17:45:46 - [TEST_STEP][PASSED] - delay: Delayed 4 second(s)

2018-10-20 17:45:50 - [MESSAGE][PASSED] - Delayed 4 second(s)

2018-10-20 17:45:50 - [TEST_STEP][PASSED] - click: Object: 'Object Repository/Final Object Repo/New Registration - Registration Module Pages/New Reg - OTC to RO/Special Case - OTC - Form 1/Registered with SSM - After Feb 2017' is clicked on

2018-10-20 17:45:50 - [MESSAGE][PASSED] - Object: 'Object Repository/Final Object Repo/New Registration - Registration Module Pages/New Reg - OTC to RO/Special Case - OTC - Form 1/Registered with SSM - After Feb 2017' is clicked on

2018-10-20 17:45:50 - [TEST_STEP][PASSED] - delay: Delayed 2 second(s)

2018-10-20 17:45:52 - [MESSAGE][PASSED] - Delayed 2 second(s)

2018-10-20 17:45:52 - [TEST_STEP][PASSED] - click: Object: 'Object Repository/Final Object Repo/New Registration - Registration Module Pages/Form 1/Registered As a Branch - Yes' is clicked on

2018-10-20 17:45:53 - [MESSAGE][PASSED] - Object: 'Object Repository/Final Object Repo/New Registration - Registration Module Pages/Form 1/Registered As a Branch - Yes' is clicked on

2018-10-20 17:45:53 - [TEST_STEP][PASSED] - click: Object: 'Object Repository/Final Object Repo/New Registration - Registration Module Pages/New Reg - OTC to RO/Special Case - OTC - Form 1/Acknowledgement Ticked' is clicked on

2018-10-20 17:45:53 - [MESSAGE][PASSED] - Object: 'Object Repository/Final Object Repo/New Registration - Registration Module Pages/New Reg - OTC to RO/Special Case - OTC - Form 1/Acknowledgement Ticked' is clicked on

2018-10-20 17:45:53 - [TEST_STEP][PASSED] - setText: Text 'perkeso993084380350@gmail.com' is set on object 'Object Repository/Final Object Repo/New Registration - Registration Module Pages/Form 1/Email'

2018-10-20 17:45:53 - [MESSAGE][PASSED] - Text 'perkeso993084380350@gmail.com' is set on object 'Object Repository/Final Object Repo/New Registration - Registration Module Pages/Form 1/Email'

2018-10-20 17:45:53 - [TEST_STEP][PASSED] - click: Object: 'Object Repository/Final Object Repo/New Registration - Registration Module Pages/New Reg - OTC to RO/Special Case - OTC - Form 1/Submit Button' is clicked on

2018-10-20 17:45:53 - [MESSAGE][PASSED] - Object: 'Object Repository/Final Object Repo/New Registration - Registration Module Pages/New Reg - OTC to RO/Special Case - OTC - Form 1/Submit Button' is clicked on

2018-10-20 17:45:53 - [TEST_STEP][PASSED] - callTestCase: Call Test Case 'Test Cases/Final Aug 2018 - PKS Automation/Registration Module/New Registration/Form 2/Add 1 Eligible - Employer Account Use' successfully

2018-10-20 17:45:53 - [TEST_CASE][PASSED] - Test Cases/Final Aug 2018 - PKS Automation/Registration Module/New Registration/Form 2/Add 1 Eligible - Employer Account Use: Test Cases/Final Aug 2018 - PKS Automation/Registration Module/New Registration/Form 2/Add 1 Eligible - Employer Account Use

2018-10-20 17:45:54 - [TEST_STEP][PASSED] - delay: Delayed 2 second(s)

2018-10-20 17:45:56 - [MESSAGE][PASSED] - Delayed 2 second(s)

2018-10-20 17:45:56 - [TEST_STEP][PASSED] - callTestCase: Call Test Case 'Test Cases/Final Aug 2018 - PKS Automation/Registration Module/New Registration/Form 2/Date Updater' successfully

2018-10-20 17:45:56 - [TEST_CASE][PASSED] - Test Cases/Final Aug 2018 - PKS Automation/Registration Module/New Registration/Form 2/Date Updater: Test Cases/Final Aug 2018 - PKS Automation/Registration Module/New Registration/Form 2/Date Updater

2018-10-20 17:45:56 - [TEST_STEP][PASSED] - Statement - TodayDate = new java.util.Date(): null

2018-10-20 17:45:56 - [TEST_STEP][PASSED] - Statement - CurrentDateNoFilter = new java.text.SimpleDateFormat(): null

2018-10-20 17:45:56 - [TEST_STEP][PASSED] - Statement - CurrentDateNoFilter.applyPattern("dd"): null

2018-10-20 17:45:56 - [TEST_STEP][PASSED] - Statement - CurrentDate = CurrentDateNoFilter.format(TodayDate): null

2018-10-20 17:45:56 - [TEST_STEP][PASSED] - Statement - CurrentDate = java.lang.Integer.parseInt(CurrentDate): null

2018-10-20 17:45:56 - [TEST_STEP][PASSED] - Statement - CurrentDate = CurrentDate: null

2018-10-20 17:45:56 - [TEST_STEP][PASSED] - Statement - CurrentDay = java.lang.Integer.parseInt(CurrentDate): null

2018-10-20 17:45:56 - [TEST_STEP][PASSED] - Statement - aDayBefore = CurrentDay + 1: null

2018-10-20 17:45:56 - [TEST_STEP][PASSED] - Statement - DayBefore = aDayBefore.toString(): null

2018-10-20 17:45:56 - [TEST_STEP][PASSED] - Statement - OneDayBefore = DayBefore: null

2018-10-20 17:45:56 - [TEST_STEP][PASSED] - Statement - CurrentDateNoFilter.applyPattern("MM"): null

2018-10-20 17:45:56 - [TEST_STEP][PASSED] - Statement - monthContainerMatcher = java.lang.Integer.parseInt(CurrentDateNoFilter.format(TodayDate)): null

2018-10-20 17:45:56 - [TEST_STEP][PASSED] - Statement - monthContainerMatcher = monthContainerMatcher - 1: null

2018-10-20 17:45:56 - [TEST_STEP][PASSED] - Statement - CurrentMonth = monthContainerMatcher.toString(): null

2018-10-20 17:45:56 - [TEST_STEP][PASSED] - Statement - CurrentMonth = CurrentMonth: null

2018-10-20 17:45:56 - [TEST_STEP][PASSED] - Statement - CurrentDateNoFilter.applyPattern("yyyy"): null

2018-10-20 17:45:56 - [TEST_STEP][PASSED] - Statement - CurrentYear = CurrentDateNoFilter.format(TodayDate): null

2018-10-20 17:45:56 - [TEST_STEP][PASSED] - Statement - CurrentYear = CurrentYear: null

2018-10-20 17:45:56 - [TEST_STEP][PASSED] - Statement - intCurrentYear = java.lang.Integer.parseInt(CurrentDateNoFilter.format(TodayDate)): null

2018-10-20 17:45:56 - [TEST_STEP][PASSED] - Statement - eighteenYrsAgo = intCurrentYear - 18: null

2018-10-20 17:45:56 - [TEST_STEP][PASSED] - Statement - eighteenYrsBeforeThisYr = eighteenYrsAgo.toString(): null

2018-10-20 17:45:56 - [TEST_STEP][PASSED] - Statement - EighteenYrsBefore = eighteenYrsBeforeThisYr: null

2018-10-20 17:45:56 - [TEST_STEP][PASSED] - Statement - fiftysevenYrsAgo = intCurrentYear - 57: null

2018-10-20 17:45:56 - [TEST_STEP][PASSED] - Statement - fiftysevenYrsBeforeThisYr = fiftysevenYrsAgo.toString(): null

2018-10-20 17:45:56 - [TEST_STEP][PASSED] - Statement - FiftysevenYrsBefore = fiftysevenYrsBeforeThisYr: null

2018-10-20 17:45:56 - [MESSAGE][PASSED] - Call Test Case 'Test Cases/Final Aug 2018 - PKS Automation/Registration Module/New Registration/Form 2/Date Updater' successfully

2018-10-20 17:45:56 - [TEST_STEP][PASSED] - delay: Delayed 1 second(s)

2018-10-20 17:45:57 - [MESSAGE][PASSED] - Delayed 1 second(s)

2018-10-20 17:45:57 - [TEST_STEP][PASSED] - Statement - CaseReferenceNo = com.kms.katalon.core.webui.keyword.WebUiBuiltInKeywords.getText(com.kms.katalon.core.testobject.ObjectRepository.findTestObject(Final Object Repo/New Registration - Registration Module Pages/Form 2/RefNo Acquiring)): Text of object 'Object Repository/Final Object Repo/New Registration - Registration Module Pages/Form 2/RefNo Acquiring' is: 'CRN10201800122303'

2018-10-20 17:45:57 - [MESSAGE][PASSED] - Text of object 'Object Repository/Final Object Repo/New Registration - Registration Module Pages/Form 2/RefNo Acquiring' is: 'CRN10201800122303'

2018-10-20 17:45:57 - [TEST_STEP][PASSED] - delay: Delayed 1 second(s)

2018-10-20 17:45:58 - [MESSAGE][PASSED] - Delayed 1 second(s)

2018-10-20 17:45:58 - [TEST_STEP][PASSED] - click: Object: 'Object Repository/Final Object Repo/New Registration - Registration Module Pages/Form 2/Add Employee Button' is clicked on

2018-10-20 17:45:58 - [MESSAGE][PASSED] - Object: 'Object Repository/Final Object Repo/New Registration - Registration Module Pages/Form 2/Add Employee Button' is clicked on

2018-10-20 17:45:58 - [TEST_STEP][PASSED] - delay: Delayed 1 second(s)

2018-10-20 17:45:59 - [MESSAGE][PASSED] - Delayed 1 second(s)

2018-10-20 17:45:59 - [TEST_STEP][PASSED] - setText: Text '010903091948' is set on object 'Object Repository/Final Object Repo/New Registration - Registration Module Pages/Form 2/NRIC Input'

2018-10-20 17:45:59 - [MESSAGE][PASSED] - Text '010903091948' is set on object 'Object Repository/Final Object Repo/New Registration - Registration Module Pages/Form 2/NRIC Input'

2018-10-20 17:45:59 - [TEST_STEP][PASSED] - delay: Delayed 2 second(s)

2018-10-20 17:46:01 - [MESSAGE][PASSED] - Delayed 2 second(s)

2018-10-20 17:46:01 - [TEST_STEP][PASSED] - setText: Text 'Automate001 eligible 1' is set on object 'Object Repository/Final Object Repo/New Registration - Registration Module Pages/Form 2/Employee Name Input'

2018-10-20 17:46:02 - [MESSAGE][PASSED] - Text 'Automate001 eligible 1' is set on object 'Object Repository/Final Object Repo/New Registration - Registration Module Pages/Form 2/Employee Name Input'

2018-10-20 17:46:02 - [TEST_STEP][PASSED] - delay: Delayed 2 second(s)

2018-10-20 17:46:04 - [MESSAGE][PASSED] - Delayed 2 second(s)

2018-10-20 17:46:04 - [TEST_STEP][PASSED] - click: Object: 'Object Repository/Final Object Repo/New Registration - Registration Module Pages/Form 2/DatePicker Pop Up' is clicked on

2018-10-20 17:46:04 - [MESSAGE][PASSED] - Object: 'Object Repository/Final Object Repo/New Registration - Registration Module Pages/Form 2/DatePicker Pop Up' is clicked on

2018-10-20 17:46:04 - [TEST_STEP][PASSED] - click: Object: 'Object Repository/Final Object Repo/New Registration - Registration Module Pages/Form 2/DOB Month' is clicked on

2018-10-20 17:46:04 - [MESSAGE][PASSED] - Object: 'Object Repository/Final Object Repo/New Registration - Registration Module Pages/Form 2/DOB Month' is clicked on

2018-10-20 17:46:04 - [TEST_STEP][PASSED] - Statement - CurrentMonth = CurrentMonth: null

2018-10-20 17:46:04 - [TEST_STEP][PASSED] - Statement - selectMonth = new com.kms.katalon.core.testobject.TestObject(): null

2018-10-20 17:46:04 - [TEST_STEP][PASSED] - Statement - selectMonth.addProperty("xpath", EQUALS, "//body/div/div/div/select/option[@value='" + CurrentMonth + "']", true): null

2018-10-20 17:46:04 - [TEST_STEP][PASSED] - click: Object: '' is clicked on

2018-10-20 17:46:04 - [MESSAGE][PASSED] - Object: '' is clicked on

2018-10-20 17:46:04 - [TEST_STEP][PASSED] - click: Object: 'Object Repository/Final Object Repo/New Registration - Registration Module Pages/Form 2/DOB Year' is clicked on

2018-10-20 17:46:04 - [MESSAGE][PASSED] - Object: 'Object Repository/Final Object Repo/New Registration - Registration Module Pages/Form 2/DOB Year' is clicked on

2018-10-20 17:46:04 - [TEST_STEP][PASSED] - Statement - Eyearsbf = EighteenYrsBefore: null

2018-10-20 17:46:04 - [TEST_STEP][PASSED] - Statement - selectYear = new com.kms.katalon.core.testobject.TestObject(): null

2018-10-20 17:46:04 - [TEST_STEP][PASSED] - Statement - selectYear.addProperty("xpath", EQUALS, "//div/div/div/select/option[@value='" + Eyearsbf + "']", true): null

2018-10-20 17:46:04 - [TEST_STEP][PASSED] - click: Object: '' is clicked on

2018-10-20 17:46:05 - [MESSAGE][PASSED] - Object: '' is clicked on

2018-10-20 17:46:05 - [TEST_STEP][PASSED] - Statement - UpdatedSelectDate = com.kms.katalon.core.webui.keyword.WebUiBuiltInKeywords.modifyObjectProperty(com.kms.katalon.core.testobject.ObjectRepository.findTestObject(Final Object Repo/New Registration - Registration Module Pages/Form 2/DOB Date), "xpath", "equals", "//body/div/table/tbody/tr/td/a[text()="" + CurrentDate + ""]", true): Modify property of object successfully

2018-10-20 17:46:05 - [MESSAGE][PASSED] - Modify property of object successfully

2018-10-20 17:46:05 - [TEST_STEP][PASSED] - delay: Delayed 3 second(s)

2018-10-20 17:46:08 - [MESSAGE][PASSED] - Delayed 3 second(s)

2018-10-20 17:46:08 - [TEST_STEP][PASSED] - click: Object: 'Object Repository/Final Object Repo/New Registration - Registration Module Pages/Form 2/DOB Date' is clicked on

2018-10-20 17:46:08 - [MESSAGE][PASSED] - Object: 'Object Repository/Final Object Repo/New Registration - Registration Module Pages/Form 2/DOB Date' is clicked on

2018-10-20 17:46:08 - [TEST_STEP][PASSED] - delay: Delayed 2 second(s)

2018-10-20 17:46:10 - [MESSAGE][PASSED] - Delayed 2 second(s)

2018-10-20 17:46:10 - [TEST_STEP][PASSED] - click: Object: 'Object Repository/Final Object Repo/New Registration - Registration Module Pages/Form 2/EmploymentStartDate Pop Up' is clicked on

2018-10-20 17:46:10 - [MESSAGE][PASSED] - Object: 'Object Repository/Final Object Repo/New Registration - Registration Module Pages/Form 2/EmploymentStartDate Pop Up' is clicked on

2018-10-20 17:46:10 - [TEST_STEP][PASSED] - delay: Delayed 2 second(s)

2018-10-20 17:46:12 - [MESSAGE][PASSED] - Delayed 2 second(s)

2018-10-20 17:46:12 - [TEST_STEP][PASSED] - click: Object: 'Object Repository/Final Object Repo/New Registration - Registration Module Pages/Form 2/Socso Employment StartDate Month' is clicked on

2018-10-20 17:46:12 - [MESSAGE][PASSED] - Object: 'Object Repository/Final Object Repo/New Registration - Registration Module Pages/Form 2/Socso Employment StartDate Month' is clicked on

2018-10-20 17:46:12 - [TEST_STEP][PASSED] - delay: Delayed 1 second(s)

2018-10-20 17:46:13 - [MESSAGE][PASSED] - Delayed 1 second(s)

2018-10-20 17:46:13 - [TEST_STEP][PASSED] - click: Object: 'Object Repository/Final Object Repo/New Registration - Registration Module Pages/Form 2/Select Socso Employement Startdate Month' is clicked on

2018-10-20 17:46:13 - [MESSAGE][PASSED] - Object: 'Object Repository/Final Object Repo/New Registration - Registration Module Pages/Form 2/Select Socso Employement Startdate Month' is clicked on

2018-10-20 17:46:13 - [TEST_STEP][PASSED] - delay: Delayed 2 second(s)

2018-10-20 17:46:15 - [MESSAGE][PASSED] - Delayed 2 second(s)

2018-10-20 17:46:15 - [TEST_STEP][PASSED] - click: Object: 'Object Repository/Final Object Repo/New Registration - Registration Module Pages/Form 2/Socso Employment StartDate Year' is clicked on

2018-10-20 17:46:16 - [MESSAGE][PASSED] - Object: 'Object Repository/Final Object Repo/New Registration - Registration Module Pages/Form 2/Socso Employment StartDate Year' is clicked on

2018-10-20 17:46:16 - [TEST_STEP][PASSED] - delay: Delayed 1 second(s)

2018-10-20 17:46:17 - [MESSAGE][PASSED] - Delayed 1 second(s)

2018-10-20 17:46:17 - [TEST_STEP][PASSED] - click: Object: 'Object Repository/Final Object Repo/New Registration - Registration Module Pages/Form 2/Select Socso Employment Startdate Year' is clicked on

2018-10-20 17:46:17 - [MESSAGE][PASSED] - Object: 'Object Repository/Final Object Repo/New Registration - Registration Module Pages/Form 2/Select Socso Employment Startdate Year' is clicked on

2018-10-20 17:46:17 - [TEST_STEP][PASSED] - delay: Delayed 2 second(s)

2018-10-20 17:46:19 - [MESSAGE][PASSED] - Delayed 2 second(s)

2018-10-20 17:46:19 - [TEST_STEP][PASSED] - click: Object: 'Object Repository/Final Object Repo/New Registration - Registration Module Pages/Form 2/Socso Employment Start Date Day' is clicked on

2018-10-20 17:46:19 - [MESSAGE][PASSED] - Object: 'Object Repository/Final Object Repo/New Registration - Registration Module Pages/Form 2/Socso Employment Start Date Day' is clicked on

2018-10-20 17:46:19 - [TEST_STEP][PASSED] - delay: Delayed 2 second(s)

2018-10-20 17:46:21 - [MESSAGE][PASSED] - Delayed 2 second(s)

2018-10-20 17:46:21 - [TEST_STEP][PASSED] - click: Object: 'Object Repository/Final Object Repo/New Registration - Registration Module Pages/Form 2/Save Button for Add Employee' is clicked on

2018-10-20 17:46:21 - [MESSAGE][PASSED] - Object: 'Object Repository/Final Object Repo/New Registration - Registration Module Pages/Form 2/Save Button for Add Employee' is clicked on

2018-10-20 17:46:21 - [TEST_STEP][PASSED] - delay: Delayed 6 second(s)

2018-10-20 17:46:27 - [MESSAGE][PASSED] - Delayed 6 second(s)

2018-10-20 17:46:27 - [TEST_STEP][PASSED] - click: Object: 'Object Repository/Final Object Repo/New Registration - Registration Module Pages/Form 2/Save and Continue Form 2' is clicked on

2018-10-20 17:46:27 - [MESSAGE][PASSED] - Object: 'Object Repository/Final Object Repo/New Registration - Registration Module Pages/Form 2/Save and Continue Form 2' is clicked on

2018-10-20 17:46:27 - [MESSAGE][PASSED] - Call Test Case 'Test Cases/Final Aug 2018 - PKS Automation/Registration Module/New Registration/Form 2/Add 1 Eligible - Employer Account Use' successfully

2018-10-20 17:46:27 - [TEST_STEP][PASSED] - callTestCase: Call Test Case 'Test Cases/Final Aug 2018 - PKS Automation/Registration Module/New Registration/Flow of New Registration/Third Screen - Upload Supporting Doc - Preview' successfully

2018-10-20 17:46:27 - [TEST_CASE][PASSED] - Test Cases/Final Aug 2018 - PKS Automation/Registration Module/New Registration/Flow of New Registration/Third Screen - Upload Supporting Doc - Preview: Test Cases/Final Aug 2018 - PKS Automation/Registration Module/New Registration/Flow of New Registration/Third Screen - Upload Supporting Doc - Preview

2018-10-20 17:46:28 - [TEST_STEP][PASSED] - waitForPageLoad: Wait for page load successfully

2018-10-20 17:46:28 - [MESSAGE][PASSED] - Wait for page load successfully

2018-10-20 17:46:28 - [TEST_STEP][PASSED] - Statement - CaseReferenceNo = com.kms.katalon.core.webui.keyword.WebUiBuiltInKeywords.getText(com.kms.katalon.core.testobject.ObjectRepository.findTestObject(Final Object Repo/New Registration - Registration Module Pages/Third Screen - Upload Supporting Doc- Preview/RefNo Acquiring)): Text of object 'Object Repository/Final Object Repo/New Registration - Registration Module Pages/Third Screen - Upload Supporting Doc- Preview/RefNo Acquiring' is: 'CRN10201800122303'

2018-10-20 17:46:28 - [MESSAGE][PASSED] - Text of object 'Object Repository/Final Object Repo/New Registration - Registration Module Pages/Third Screen - Upload Supporting Doc- Preview/RefNo Acquiring' is: 'CRN10201800122303'

2018-10-20 17:46:28 - [TEST_STEP][PASSED] - delay: Delayed 2 second(s)

2018-10-20 17:46:30 - [MESSAGE][PASSED] - Delayed 2 second(s)

2018-10-20 17:46:30 - [TEST_STEP][PASSED] - callTestCase: Call Test Case 'Test Cases/Final Aug 2018 - PKS Automation/Common/Reference Number Setter' successfully

2018-10-20 17:46:30 - [TEST_CASE][PASSED] - Test Cases/Final Aug 2018 - PKS Automation/Common/Reference Number Setter: Test Cases/Final Aug 2018 - PKS Automation/Common/Reference Number Setter

2018-10-20 17:46:30 - [TEST_STEP][PASSED] - Statement - RefNoOldFile = new java.io.File(C://KatalonReference.txt): null

2018-10-20 17:46:30 - [TEST_STEP][PASSED] - Statement - RefNoOldFile.delete(): null

2018-10-20 17:46:30 - [TEST_STEP][PASSED] - Statement - RefNo = new java.io.File(C://KatalonReference.txt): null

2018-10-20 17:46:30 - [TEST_STEP][PASSED] - Statement - RefNo.append(CaseReferenceNo): null

2018-10-20 17:46:30 - [TEST_STEP][PASSED] - Statement - out.println("


" + CaseReferenceNo + "


"): null

2018-10-20 17:46:30 - [MESSAGE][PASSED] - Call Test Case 'Test Cases/Final Aug 2018 - PKS Automation/Common/Reference Number Setter' successfully

2018-10-20 17:46:30 - [TEST_STEP][PASSED] - waitForElementClickable: Object 'Object Repository/Final Object Repo/New Registration - Registration Module Pages/Third Screen - Upload Supporting Doc- Preview/Save n Continue in SIP Employee Listing Page' is clickable

2018-10-20 17:46:30 - [MESSAGE][PASSED] - Object 'Object Repository/Final Object Repo/New Registration - Registration Module Pages/Third Screen - Upload Supporting Doc- Preview/Save n Continue in SIP Employee Listing Page' is clickable

2018-10-20 17:46:30 - [TEST_STEP][PASSED] - click: Object: 'Object Repository/Final Object Repo/New Registration - Registration Module Pages/Third Screen - Upload Supporting Doc- Preview/Save n Continue in SIP Employee Listing Page' is clicked on

2018-10-20 17:46:36 - [MESSAGE][PASSED] - Object: 'Object Repository/Final Object Repo/New Registration - Registration Module Pages/Third Screen - Upload Supporting Doc- Preview/Save n Continue in SIP Employee Listing Page' is clicked on

2018-10-20 17:46:36 - [TEST_STEP][PASSED] - delay: Delayed 6 second(s)

2018-10-20 17:46:42 - [MESSAGE][PASSED] - Delayed 6 second(s)

2018-10-20 17:46:42 - [TEST_STEP][PASSED] - click: Object: 'Object Repository/Final Object Repo/New Registration - Registration Module Pages/Third Screen - Upload Supporting Doc- Preview/Add Document Button' is clicked on

2018-10-20 17:46:42 - [MESSAGE][PASSED] - Object: 'Object Repository/Final Object Repo/New Registration - Registration Module Pages/Third Screen - Upload Supporting Doc- Preview/Add Document Button' is clicked on

2018-10-20 17:46:42 - [TEST_STEP][PASSED] - delay: Delayed 30 second(s)

2018-10-20 17:47:12 - [MESSAGE][PASSED] - Delayed 30 second(s)

2018-10-20 17:47:12 - [TEST_STEP][PASSED] - click: Object: 'Object Repository/Final Object Repo/New Registration - Registration Module Pages/Third Screen - Upload Supporting Doc- Preview/Supporting Doc Please Select Drop Down' is clicked on

2018-10-20 17:47:12 - [MESSAGE][PASSED] - Object: 'Object Repository/Final Object Repo/New Registration - Registration Module Pages/Third Screen - Upload Supporting Doc- Preview/Supporting Doc Please Select Drop Down' is clicked on

2018-10-20 17:47:12 - [TEST_STEP][PASSED] - delay: Delayed 2 second(s)

2018-10-20 17:47:14 - [MESSAGE][PASSED] - Delayed 2 second(s)

2018-10-20 17:47:14 - [TEST_STEP][PASSED] - click: Object: 'Object Repository/Final Object Repo/New Registration - Registration Module Pages/Third Screen - Upload Supporting Doc- Preview/Select to Upload Form 1' is clicked on

2018-10-20 17:47:15 - [MESSAGE][PASSED] - Object: 'Object Repository/Final Object Repo/New Registration - Registration Module Pages/Third Screen - Upload Supporting Doc- Preview/Select to Upload Form 1' is clicked on

2018-10-20 17:47:15 - [TEST_STEP][PASSED] - delay: Delayed 2 second(s)

2018-10-20 17:47:17 - [MESSAGE][PASSED] - Delayed 2 second(s)

2018-10-20 17:47:17 - [TEST_STEP][PASSED] - uploadFile: File 'C:\Users\Public\Pictures\Sample Pictures\Act.jpg' sent to object: 'Object Repository/Final Object Repo/New Registration - Registration Module Pages/Third Screen - Upload Supporting Doc- Preview/Upload File Adding'

2018-10-20 17:47:17 - [MESSAGE][PASSED] - File 'C:\Users\Public\Pictures\Sample Pictures\Act.jpg' sent to object: 'Object Repository/Final Object Repo/New Registration - Registration Module Pages/Third Screen - Upload Supporting Doc- Preview/Upload File Adding'

2018-10-20 17:47:17 - [TEST_STEP][PASSED] - delay: Delayed 5 second(s)

2018-10-20 17:47:22 - [MESSAGE][PASSED] - Delayed 5 second(s)

2018-10-20 17:47:22 - [TEST_STEP][PASSED] - click: Object: 'Object Repository/Final Object Repo/New Registration - Registration Module Pages/Third Screen - Upload Supporting Doc- Preview/Inner Form Add Document Button' is clicked on

2018-10-20 17:47:22 - [MESSAGE][PASSED] - Object: 'Object Repository/Final Object Repo/New Registration - Registration Module Pages/Third Screen - Upload Supporting Doc- Preview/Inner Form Add Document Button' is clicked on

2018-10-20 17:47:22 - [TEST_STEP][PASSED] - delay: Delayed 3 second(s)

2018-10-20 17:47:25 - [MESSAGE][PASSED] - Delayed 3 second(s)

2018-10-20 17:47:25 - [TEST_STEP][PASSED] - click: Object: 'Object Repository/Final Object Repo/New Registration - Registration Module Pages/Third Screen - Upload Supporting Doc- Preview/Add Document Button' is clicked on

2018-10-20 17:47:27 - [MESSAGE][PASSED] - Object: 'Object Repository/Final Object Repo/New Registration - Registration Module Pages/Third Screen - Upload Supporting Doc- Preview/Add Document Button' is clicked on

2018-10-20 17:47:27 - [TEST_STEP][PASSED] - delay: Delayed 30 second(s)

2018-10-20 17:47:57 - [MESSAGE][PASSED] - Delayed 30 second(s)

2018-10-20 17:47:57 - [TEST_STEP][PASSED] - click: Object: 'Object Repository/Final Object Repo/New Registration - Registration Module Pages/Third Screen - Upload Supporting Doc- Preview/Supporting Doc Please Select Drop Down' is clicked on

2018-10-20 17:47:58 - [MESSAGE][PASSED] - Object: 'Object Repository/Final Object Repo/New Registration - Registration Module Pages/Third Screen - Upload Supporting Doc- Preview/Supporting Doc Please Select Drop Down' is clicked on

2018-10-20 17:47:58 - [TEST_STEP][PASSED] - delay: Delayed 2 second(s)

2018-10-20 17:48:00 - [MESSAGE][PASSED] - Delayed 2 second(s)

2018-10-20 17:48:00 - [TEST_STEP][PASSED] - click: Object: 'Object Repository/Final Object Repo/New Registration - Registration Module Pages/Third Screen - Upload Supporting Doc- Preview/Select to Upload Form 2' is clicked on

2018-10-20 17:48:00 - [MESSAGE][PASSED] - Object: 'Object Repository/Final Object Repo/New Registration - Registration Module Pages/Third Screen - Upload Supporting Doc- Preview/Select to Upload Form 2' is clicked on

2018-10-20 17:48:00 - [TEST_STEP][PASSED] - delay: Delayed 2 second(s)

2018-10-20 17:48:02 - [MESSAGE][PASSED] - Delayed 2 second(s)

2018-10-20 17:48:02 - [TEST_STEP][PASSED] - uploadFile: File 'C:\Users\Public\Pictures\Sample Pictures\Act.jpg' sent to object: 'Object Repository/Final Object Repo/New Registration - Registration Module Pages/Third Screen - Upload Supporting Doc- Preview/Upload File Adding'

2018-10-20 17:48:02 - [MESSAGE][PASSED] - File 'C:\Users\Public\Pictures\Sample Pictures\Act.jpg' sent to object: 'Object Repository/Final Object Repo/New Registration - Registration Module Pages/Third Screen - Upload Supporting Doc- Preview/Upload File Adding'

2018-10-20 17:48:02 - [TEST_STEP][PASSED] - click: Object: 'Object Repository/Final Object Repo/New Registration - Registration Module Pages/Third Screen - Upload Supporting Doc- Preview/Inner Form Add Document Button' is clicked on

2018-10-20 17:48:02 - [MESSAGE][PASSED] - Object: 'Object Repository/Final Object Repo/New Registration - Registration Module Pages/Third Screen - Upload Supporting Doc- Preview/Inner Form Add Document Button' is clicked on

2018-10-20 17:48:02 - [TEST_STEP][PASSED] - delay: Delayed 4 second(s)

2018-10-20 17:48:06 - [MESSAGE][PASSED] - Delayed 4 second(s)

2018-10-20 17:48:06 - [TEST_STEP][PASSED] - click: Object: 'Object Repository/Final Object Repo/New Registration - Registration Module Pages/Third Screen - Upload Supporting Doc- Preview/Add Document Button' is clicked on

2018-10-20 17:48:07 - [MESSAGE][PASSED] - Object: 'Object Repository/Final Object Repo/New Registration - Registration Module Pages/Third Screen - Upload Supporting Doc- Preview/Add Document Button' is clicked on

2018-10-20 17:48:07 - [TEST_STEP][PASSED] - delay: Delayed 30 second(s)

2018-10-20 17:48:37 - [MESSAGE][PASSED] - Delayed 30 second(s)

2018-10-20 17:48:37 - [TEST_STEP][PASSED] - click: Object: 'Object Repository/Final Object Repo/New Registration - Registration Module Pages/Third Screen - Upload Supporting Doc- Preview/Supporting Doc Please Select Drop Down' is clicked on

2018-10-20 17:48:38 - [MESSAGE][PASSED] - Object: 'Object Repository/Final Object Repo/New Registration - Registration Module Pages/Third Screen - Upload Supporting Doc- Preview/Supporting Doc Please Select Drop Down' is clicked on

2018-10-20 17:48:38 - [TEST_STEP][PASSED] - click: Object: 'Object Repository/Final Object Repo/New Registration - Registration Module Pages/Third Screen - Upload Supporting Doc- Preview/Select to Upload Borang SIP 1' is clicked on

2018-10-20 17:48:38 - [MESSAGE][PASSED] - Object: 'Object Repository/Final Object Repo/New Registration - Registration Module Pages/Third Screen - Upload Supporting Doc- Preview/Select to Upload Borang SIP 1' is clicked on

2018-10-20 17:48:38 - [TEST_STEP][PASSED] - delay: Delayed 2 second(s)

2018-10-20 17:48:40 - [MESSAGE][PASSED] - Delayed 2 second(s)

2018-10-20 17:48:40 - [TEST_STEP][PASSED] - uploadFile: File 'C:\Users\Public\Pictures\Sample Pictures\Act.jpg' sent to object: 'Object Repository/Final Object Repo/New Registration - Registration Module Pages/Third Screen - Upload Supporting Doc- Preview/Upload File Adding'

2018-10-20 17:48:40 - [MESSAGE][PASSED] - File 'C:\Users\Public\Pictures\Sample Pictures\Act.jpg' sent to object: 'Object Repository/Final Object Repo/New Registration - Registration Module Pages/Third Screen - Upload Supporting Doc- Preview/Upload File Adding'

2018-10-20 17:48:40 - [TEST_STEP][PASSED] - click: Object: 'Object Repository/Final Object Repo/New Registration - Registration Module Pages/Third Screen - Upload Supporting Doc- Preview/Inner Form Add Document Button' is clicked on

2018-10-20 17:48:40 - [MESSAGE][PASSED] - Object: 'Object Repository/Final Object Repo/New Registration - Registration Module Pages/Third Screen - Upload Supporting Doc- Preview/Inner Form Add Document Button' is clicked on

2018-10-20 17:48:40 - [TEST_STEP][PASSED] - delay: Delayed 5 second(s)

2018-10-20 17:48:45 - [MESSAGE][PASSED] - Delayed 5 second(s)

2018-10-20 17:48:45 - [TEST_STEP][PASSED] - click: Object: 'Object Repository/Final Object Repo/New Registration - Registration Module Pages/Third Screen - Upload Supporting Doc- Preview/Add Document Button' is clicked on

2018-10-20 17:48:46 - [MESSAGE][PASSED] - Object: 'Object Repository/Final Object Repo/New Registration - Registration Module Pages/Third Screen - Upload Supporting Doc- Preview/Add Document Button' is clicked on

2018-10-20 17:48:46 - [TEST_STEP][PASSED] - delay: Delayed 30 second(s)

2018-10-20 17:49:16 - [MESSAGE][PASSED] - Delayed 30 second(s)

2018-10-20 17:49:16 - [TEST_STEP][PASSED] - click: Object: 'Object Repository/Final Object Repo/New Registration - Registration Module Pages/Third Screen - Upload Supporting Doc- Preview/Supporting Doc Please Select Drop Down' is clicked on

2018-10-20 17:49:16 - [MESSAGE][PASSED] - Object: 'Object Repository/Final Object Repo/New Registration - Registration Module Pages/Third Screen - Upload Supporting Doc- Preview/Supporting Doc Please Select Drop Down' is clicked on

2018-10-20 17:49:16 - [TEST_STEP][PASSED] - delay: Delayed 3 second(s)

2018-10-20 17:49:19 - [MESSAGE][PASSED] - Delayed 3 second(s)

2018-10-20 17:49:19 - [TEST_STEP][PASSED] - click: Object: 'Object Repository/Final Object Repo/New Registration - Registration Module Pages/Third Screen - Upload Supporting Doc- Preview/Select to Upload Borang SIP 2' is clicked on

2018-10-20 17:49:19 - [MESSAGE][PASSED] - Object: 'Object Repository/Final Object Repo/New Registration - Registration Module Pages/Third Screen - Upload Supporting Doc- Preview/Select to Upload Borang SIP 2' is clicked on

2018-10-20 17:49:19 - [TEST_STEP][PASSED] - delay: Delayed 2 second(s)

2018-10-20 17:49:21 - [MESSAGE][PASSED] - Delayed 2 second(s)

2018-10-20 17:49:21 - [TEST_STEP][PASSED] - uploadFile: File 'C:\Users\Public\Pictures\Sample Pictures\Act.jpg' sent to object: 'Object Repository/Final Object Repo/New Registration - Registration Module Pages/Third Screen - Upload Supporting Doc- Preview/Upload File Adding'

2018-10-20 17:49:21 - [MESSAGE][PASSED] - File 'C:\Users\Public\Pictures\Sample Pictures\Act.jpg' sent to object: 'Object Repository/Final Object Repo/New Registration - Registration Module Pages/Third Screen - Upload Supporting Doc- Preview/Upload File Adding'

2018-10-20 17:49:21 - [TEST_STEP][PASSED] - delay: Delayed 5 second(s)

2018-10-20 17:49:26 - [MESSAGE][PASSED] - Delayed 5 second(s)

2018-10-20 17:49:26 - [TEST_STEP][PASSED] - click: Object: 'Object Repository/Final Object Repo/New Registration - Registration Module Pages/Third Screen - Upload Supporting Doc- Preview/Inner Form Add Document Button' is clicked on

2018-10-20 17:49:26 - [MESSAGE][PASSED] - Object: 'Object Repository/Final Object Repo/New Registration - Registration Module Pages/Third Screen - Upload Supporting Doc- Preview/Inner Form Add Document Button' is clicked on

2018-10-20 17:49:26 - [TEST_STEP][PASSED] - delay: Delayed 3 second(s)

2018-10-20 17:49:29 - [MESSAGE][PASSED] - Delayed 3 second(s)

2018-10-20 17:49:29 - [TEST_STEP][PASSED] - waitForElementClickable: Object 'Object Repository/Final Object Repo/New Registration - Registration Module Pages/Third Screen - Upload Supporting Doc- Preview/Save n Continue in Uploading Supporting Doc Page' is clickable

2018-10-20 17:49:32 - [MESSAGE][PASSED] - Object 'Object Repository/Final Object Repo/New Registration - Registration Module Pages/Third Screen - Upload Supporting Doc- Preview/Save n Continue in Uploading Supporting Doc Page' is clickable

2018-10-20 17:49:32 - [TEST_STEP][PASSED] - click: Object: 'Object Repository/Final Object Repo/New Registration - Registration Module Pages/Third Screen - Upload Supporting Doc- Preview/Save n Continue in Uploading Supporting Doc Page' is clicked on

2018-10-20 17:49:32 - [MESSAGE][PASSED] - Object: 'Object Repository/Final Object Repo/New Registration - Registration Module Pages/Third Screen - Upload Supporting Doc- Preview/Save n Continue in Uploading Supporting Doc Page' is clicked on

2018-10-20 17:49:32 - [MESSAGE][PASSED] - Call Test Case 'Test Cases/Final Aug 2018 - PKS Automation/Registration Module/New Registration/Flow of New Registration/Third Screen - Upload Supporting Doc - Preview' successfully

2018-10-20 17:49:32 - [TEST_STEP][PASSED] - setText: Text 'Tester' is set on object 'Object Repository/Final Object Repo/New Registration - Registration Module Pages/New Reg - OTC to RO/Special Case - All Related Objects/Employer Preview Name'

2018-10-20 17:49:37 - [MESSAGE][PASSED] - Text 'Tester' is set on object 'Object Repository/Final Object Repo/New Registration - Registration Module Pages/New Reg - OTC to RO/Special Case - All Related Objects/Employer Preview Name'

2018-10-20 17:49:37 - [TEST_STEP][PASSED] - click: Object: 'Object Repository/Final Object Repo/New Registration - Registration Module Pages/New Reg - OTC to RO/Special Case - All Related Objects/IC Type Drop Down' is clicked on

2018-10-20 17:49:37 - [MESSAGE][PASSED] - Object: 'Object Repository/Final Object Repo/New Registration - Registration Module Pages/New Reg - OTC to RO/Special Case - All Related Objects/IC Type Drop Down' is clicked on

2018-10-20 17:49:37 - [TEST_STEP][PASSED] - click: Object: 'Object Repository/Final Object Repo/New Registration - Registration Module Pages/New Reg - OTC to RO/Special Case - All Related Objects/Select to NRIC' is clicked on

2018-10-20 17:49:37 - [MESSAGE][PASSED] - Object: 'Object Repository/Final Object Repo/New Registration - Registration Module Pages/New Reg - OTC to RO/Special Case - All Related Objects/Select to NRIC' is clicked on

2018-10-20 17:49:37 - [TEST_STEP][PASSED] - setText: Text '133245561223' is set on object 'Object Repository/Final Object Repo/New Registration - Registration Module Pages/New Reg - OTC to RO/Special Case - All Related Objects/IC Value'

2018-10-20 17:49:38 - [MESSAGE][PASSED] - Text '133245561223' is set on object 'Object Repository/Final Object Repo/New Registration - Registration Module Pages/New Reg - OTC to RO/Special Case - All Related Objects/IC Value'

2018-10-20 17:49:38 - [TEST_STEP][PASSED] - setText: Text 'Auto' is set on object 'Object Repository/Final Object Repo/New Registration - Registration Module Pages/New Reg - OTC to RO/Special Case - All Related Objects/Designation'

2018-10-20 17:49:38 - [MESSAGE][PASSED] - Text 'Auto' is set on object 'Object Repository/Final Object Repo/New Registration - Registration Module Pages/New Reg - OTC to RO/Special Case - All Related Objects/Designation'

2018-10-20 17:49:38 - [TEST_STEP][PASSED] - callTestCase: Call Test Case 'Test Cases/Final Aug 2018 - PKS Automation/Registration Module/New Registration/Submit and Screenshot/Submit Registration and Screenshot - Copy' successfully

2018-10-20 17:49:38 - [TEST_CASE][PASSED] - Test Cases/Final Aug 2018 - PKS Automation/Registration Module/New Registration/Submit and Screenshot/Submit Registration and Screenshot - Copy: Test Cases/Final Aug 2018 - PKS Automation/Registration Module/New Registration/Submit and Screenshot/Submit Registration and Screenshot - Copy

2018-10-20 17:49:38 - [TEST_STEP][PASSED] - delay: Delayed 6 second(s)

2018-10-20 17:49:44 - [MESSAGE][PASSED] - Delayed 6 second(s)

2018-10-20 17:49:44 - [TEST_STEP][PASSED] - click: Object: 'Object Repository/Final Object Repo/New Registration - Registration Module Pages/Third Screen - Upload Supporting Doc- Preview/Preview Submit Button' is clicked on

2018-10-20 17:49:44 - [MESSAGE][PASSED] - Object: 'Object Repository/Final Object Repo/New Registration - Registration Module Pages/Third Screen - Upload Supporting Doc- Preview/Preview Submit Button' is clicked on

2018-10-20 17:49:44 - [TEST_STEP][PASSED] - delay: Delayed 2 second(s)

2018-10-20 17:49:46 - [MESSAGE][PASSED] - Delayed 2 second(s)

2018-10-20 17:49:46 - [TEST_STEP][PASSED] - click: Object: 'Object Repository/Final Object Repo/New Registration - Registration Module Pages/Third Screen - Upload Supporting Doc- Preview/Preview Submit - Confirm' is clicked on

2018-10-20 17:49:46 - [MESSAGE][PASSED] - Object: 'Object Repository/Final Object Repo/New Registration - Registration Module Pages/Third Screen - Upload Supporting Doc- Preview/Preview Submit - Confirm' is clicked on

2018-10-20 17:49:46 - [TEST_STEP][PASSED] - delay: Delayed 15 second(s)

2018-10-20 17:50:01 - [MESSAGE][PASSED] - Delayed 15 second(s)

2018-10-20 17:50:01 - [TEST_STEP][PASSED] - Statement - driver = com.kms.katalon.core.webui.driver.DriverFactory.getWebDriver(): null

2018-10-20 17:50:01 - [TEST_STEP][PASSED] - Statement - driver.manage().timeouts().implicitlyWait(10, SECONDS): null

2018-10-20 17:50:01 - [TEST_STEP][PASSED] - Statement - PresavePath = KatalonScreenshots: null

2018-10-20 17:50:01 - [TEST_STEP][PASSED] - Statement - pathPrefix = "C:\Users\Public\Pictures\Sample Pictures\Katalon Screenshots\Automate Ending Screen": null

2018-10-20 17:50:01 - [TEST_STEP][PASSED] - Statement - finalPath = <not implemented yet for class: org.codehaus.groovy.ast.expr.EmptyExpression>: null

2018-10-20 17:50:01 - [TEST_STEP][PASSED] - Statement - scrFile = driver.getScreenshotAs(FILE): null

2018-10-20 17:50:02 - [TEST_STEP][PASSED] - Statement - PreSaveFile = new java.io.File(PresavePath): null

2018-10-20 17:50:02 - [TEST_STEP][PASSED] - Statement - counter = 0: null

2018-10-20 17:50:02 - [TEST_STEP][PASSED] - Statement - If (PreSaveFile.exists()): null

2018-10-20 17:50:02 - [TEST_STEP][PASSED] - Statement - While (PreSaveFile.exists()): null

2018-10-20 17:50:02 - [TEST_STEP][PASSED] - Statement - counter = counter + 1: null

2018-10-20 17:50:02 - [TEST_STEP][PASSED] - Statement - PreSaveFile = new java.io.File(((pathPrefix + java.lang.Integer.toString(counter)) + .png)): null

2018-10-20 17:50:02 - [TEST_STEP][PASSED] - Statement - counter = counter + 1: null

2018-10-20 17:50:02 - [TEST_STEP][PASSED] - Statement - PreSaveFile = new java.io.File(((pathPrefix + java.lang.Integer.toString(counter)) + .png)): null

2018-10-20 17:50:02 - [TEST_STEP][PASSED] - Statement - counter = counter + 1: null

2018-10-20 17:50:02 - [TEST_STEP][PASSED] - Statement - PreSaveFile = new java.io.File(((pathPrefix + java.lang.Integer.toString(counter)) + .png)): null

2018-10-20 17:50:02 - [TEST_STEP][PASSED] - Statement - counter = counter + 1: null

2018-10-20 17:50:02 - [TEST_STEP][PASSED] - Statement - PreSaveFile = new java.io.File(((pathPrefix + java.lang.Integer.toString(counter)) + .png)): null

2018-10-20 17:50:02 - [TEST_STEP][PASSED] - Statement - counter = counter + 1: null

2018-10-20 17:50:02 - [TEST_STEP][PASSED] - Statement - PreSaveFile = new java.io.File(((pathPrefix + java.lang.Integer.toString(counter)) + .png)): null

2018-10-20 17:50:02 - [TEST_STEP][PASSED] - Statement - counter = counter + 1: null

2018-10-20 17:50:02 - [TEST_STEP][PASSED] - Statement - PreSaveFile = new java.io.File(((pathPrefix + java.lang.Integer.toString(counter)) + .png)): null

2018-10-20 17:50:02 - [TEST_STEP][PASSED] - Statement - counter = counter + 1: null

2018-10-20 17:50:02 - [TEST_STEP][PASSED] - Statement - PreSaveFile = new java.io.File(((pathPrefix + java.lang.Integer.toString(counter)) + .png)): null

2018-10-20 17:50:02 - [TEST_STEP][PASSED] - Statement - counter = counter + 1: null

2018-10-20 17:50:02 - [TEST_STEP][PASSED] - Statement - PreSaveFile = new java.io.File(((pathPrefix + java.lang.Integer.toString(counter)) + .png)): null

2018-10-20 17:50:02 - [TEST_STEP][PASSED] - Statement - counter = counter + 1: null

2018-10-20 17:50:02 - [TEST_STEP][PASSED] - Statement - PreSaveFile = new java.io.File(((pathPrefix + java.lang.Integer.toString(counter)) + .png)): null

2018-10-20 17:50:02 - [TEST_STEP][PASSED] - Statement - counter = counter + 1: null

2018-10-20 17:50:02 - [TEST_STEP][PASSED] - Statement - PreSaveFile = new java.io.File(((pathPrefix + java.lang.Integer.toString(counter)) + .png)): null

2018-10-20 17:50:02 - [TEST_STEP][PASSED] - Statement - counter = counter + 1: null

2018-10-20 17:50:02 - [TEST_STEP][PASSED] - Statement - PreSaveFile = new java.io.File(((pathPrefix + java.lang.Integer.toString(counter)) + .png)): null

2018-10-20 17:50:02 - [TEST_STEP][PASSED] - Statement - counter = counter + 1: null

2018-10-20 17:50:02 - [TEST_STEP][PASSED] - Statement - PreSaveFile = new java.io.File(((pathPrefix + java.lang.Integer.toString(counter)) + .png)): null

2018-10-20 17:50:02 - [TEST_STEP][PASSED] - Statement - counter = counter + 1: null

2018-10-20 17:50:02 - [TEST_STEP][PASSED] - Statement - PreSaveFile = new java.io.File(((pathPrefix + java.lang.Integer.toString(counter)) + .png)): null

2018-10-20 17:50:02 - [TEST_STEP][PASSED] - Statement - counter = counter + 1: null

2018-10-20 17:50:02 - [TEST_STEP][PASSED] - Statement - PreSaveFile = new java.io.File(((pathPrefix + java.lang.Integer.toString(counter)) + .png)): null

2018-10-20 17:50:02 - [TEST_STEP][PASSED] - Statement - counter = counter + 1: null

2018-10-20 17:50:02 - [TEST_STEP][PASSED] - Statement - PreSaveFile = new java.io.File(((pathPrefix + java.lang.Integer.toString(counter)) + .png)): null

2018-10-20 17:50:02 - [TEST_STEP][PASSED] - Statement - counter = counter + 1: null

2018-10-20 17:50:02 - [TEST_STEP][PASSED] - Statement - PreSaveFile = new java.io.File(((pathPrefix + java.lang.Integer.toString(counter)) + .png)): null

2018-10-20 17:50:02 - [TEST_STEP][PASSED] - Statement - counter = counter + 1: null

2018-10-20 17:50:02 - [TEST_STEP][PASSED] - Statement - PreSaveFile = new java.io.File(((pathPrefix + java.lang.Integer.toString(counter)) + .png)): null

2018-10-20 17:50:02 - [TEST_STEP][PASSED] - Statement - counter = counter + 1: null

2018-10-20 17:50:02 - [TEST_STEP][PASSED] - Statement - PreSaveFile = new java.io.File(((pathPrefix + java.lang.Integer.toString(counter)) + .png)): null

2018-10-20 17:50:02 - [TEST_STEP][PASSED] - Statement - counter = counter + 1: null

2018-10-20 17:50:02 - [TEST_STEP][PASSED] - Statement - PreSaveFile = new java.io.File(((pathPrefix + java.lang.Integer.toString(counter)) + .png)): null

2018-10-20 17:50:02 - [TEST_STEP][PASSED] - Statement - counter = counter + 1: null

2018-10-20 17:50:02 - [TEST_STEP][PASSED] - Statement - PreSaveFile = new java.io.File(((pathPrefix + java.lang.Integer.toString(counter)) + .png)): null

2018-10-20 17:50:02 - [TEST_STEP][PASSED] - Statement - counter = counter + 1: null

2018-10-20 17:50:02 - [TEST_STEP][PASSED] - Statement - PreSaveFile = new java.io.File(((pathPrefix + java.lang.Integer.toString(counter)) + .png)): null

2018-10-20 17:50:02 - [TEST_STEP][PASSED] - Statement - counter = counter + 1: null

2018-10-20 17:50:02 - [TEST_STEP][PASSED] - Statement - PreSaveFile = new java.io.File(((pathPrefix + java.lang.Integer.toString(counter)) + .png)): null

2018-10-20 17:50:02 - [TEST_STEP][PASSED] - Statement - counter = counter + 1: null

2018-10-20 17:50:02 - [TEST_STEP][PASSED] - Statement - PreSaveFile = new java.io.File(((pathPrefix + java.lang.Integer.toString(counter)) + .png)): null

2018-10-20 17:50:02 - [TEST_STEP][PASSED] - Statement - counter = counter + 1: null

2018-10-20 17:50:02 - [TEST_STEP][PASSED] - Statement - PreSaveFile = new java.io.File(((pathPrefix + java.lang.Integer.toString(counter)) + .png)): null

2018-10-20 17:50:02 - [TEST_STEP][PASSED] - Statement - counter = counter + 1: null

2018-10-20 17:50:02 - [TEST_STEP][PASSED] - Statement - PreSaveFile = new java.io.File(((pathPrefix + java.lang.Integer.toString(counter)) + .png)): null

2018-10-20 17:50:02 - [TEST_STEP][PASSED] - Statement - counter = counter + 1: null

2018-10-20 17:50:02 - [TEST_STEP][PASSED] - Statement - PreSaveFile = new java.io.File(((pathPrefix + java.lang.Integer.toString(counter)) + .png)): null

2018-10-20 17:50:02 - [TEST_STEP][PASSED] - Statement - counter = counter + 1: null

2018-10-20 17:50:02 - [TEST_STEP][PASSED] - Statement - PreSaveFile = new java.io.File(((pathPrefix + java.lang.Integer.toString(counter)) + .png)): null

2018-10-20 17:50:02 - [TEST_STEP][PASSED] - Statement - counter = counter + 1: null

2018-10-20 17:50:02 - [TEST_STEP][PASSED] - Statement - PreSaveFile = new java.io.File(((pathPrefix + java.lang.Integer.toString(counter)) + .png)): null

2018-10-20 17:50:02 - [TEST_STEP][PASSED] - Statement - counter = counter + 1: null

2018-10-20 17:50:02 - [TEST_STEP][PASSED] - Statement - PreSaveFile = new java.io.File(((pathPrefix + java.lang.Integer.toString(counter)) + .png)): null

2018-10-20 17:50:02 - [TEST_STEP][PASSED] - Statement - counter = counter + 1: null

2018-10-20 17:50:02 - [TEST_STEP][PASSED] - Statement - PreSaveFile = new java.io.File(((pathPrefix + java.lang.Integer.toString(counter)) + .png)): null

2018-10-20 17:50:02 - [TEST_STEP][PASSED] - Statement - counter = counter + 1: null

2018-10-20 17:50:02 - [TEST_STEP][PASSED] - Statement - PreSaveFile = new java.io.File(((pathPrefix + java.lang.Integer.toString(counter)) + .png)): null

2018-10-20 17:50:02 - [TEST_STEP][PASSED] - Statement - counter = counter + 1: null

2018-10-20 17:50:02 - [TEST_STEP][PASSED] - Statement - PreSaveFile = new java.io.File(((pathPrefix + java.lang.Integer.toString(counter)) + .png)): null

2018-10-20 17:50:02 - [TEST_STEP][PASSED] - Statement - counter = counter + 1: null

2018-10-20 17:50:02 - [TEST_STEP][PASSED] - Statement - PreSaveFile = new java.io.File(((pathPrefix + java.lang.Integer.toString(counter)) + .png)): null

2018-10-20 17:50:02 - [TEST_STEP][PASSED] - Statement - counter = counter + 1: null

2018-10-20 17:50:02 - [TEST_STEP][PASSED] - Statement - PreSaveFile = new java.io.File(((pathPrefix + java.lang.Integer.toString(counter)) + .png)): null

2018-10-20 17:50:02 - [TEST_STEP][PASSED] - Statement - counter = counter + 1: null

2018-10-20 17:50:02 - [TEST_STEP][PASSED] - Statement - PreSaveFile = new java.io.File(((pathPrefix + java.lang.Integer.toString(counter)) + .png)): null

2018-10-20 17:50:02 - [TEST_STEP][PASSED] - Statement - counter = counter + 1: null

2018-10-20 17:50:02 - [TEST_STEP][PASSED] - Statement - PreSaveFile = new java.io.File(((pathPrefix + java.lang.Integer.toString(counter)) + .png)): null

2018-10-20 17:50:02 - [TEST_STEP][PASSED] - Statement - counter = counter + 1: null

2018-10-20 17:50:02 - [TEST_STEP][PASSED] - Statement - PreSaveFile = new java.io.File(((pathPrefix + java.lang.Integer.toString(counter)) + .png)): null

2018-10-20 17:50:02 - [TEST_STEP][PASSED] - Statement - counter = counter + 1: null

2018-10-20 17:50:02 - [TEST_STEP][PASSED] - Statement - PreSaveFile = new java.io.File(((pathPrefix + java.lang.Integer.toString(counter)) + .png)): null

2018-10-20 17:50:02 - [TEST_STEP][PASSED] - Statement - counter = counter + 1: null

2018-10-20 17:50:02 - [TEST_STEP][PASSED] - Statement - PreSaveFile = new java.io.File(((pathPrefix + java.lang.Integer.toString(counter)) + .png)): null

2018-10-20 17:50:02 - [TEST_STEP][PASSED] - Statement - counter = counter + 1: null

2018-10-20 17:50:02 - [TEST_STEP][PASSED] - Statement - PreSaveFile = new java.io.File(((pathPrefix + java.lang.Integer.toString(counter)) + .png)): null

2018-10-20 17:50:02 - [TEST_STEP][PASSED] - Statement - counter = counter + 1: null

2018-10-20 17:50:02 - [TEST_STEP][PASSED] - Statement - PreSaveFile = new java.io.File(((pathPrefix + java.lang.Integer.toString(counter)) + .png)): null

2018-10-20 17:50:02 - [TEST_STEP][PASSED] - Statement - counter = counter + 1: null

2018-10-20 17:50:02 - [TEST_STEP][PASSED] - Statement - PreSaveFile = new java.io.File(((pathPrefix + java.lang.Integer.toString(counter)) + .png)): null

2018-10-20 17:50:02 - [TEST_STEP][PASSED] - Statement - counter = counter + 1: null

2018-10-20 17:50:02 - [TEST_STEP][PASSED] - Statement - PreSaveFile = new java.io.File(((pathPrefix + java.lang.Integer.toString(counter)) + .png)): null

2018-10-20 17:50:02 - [TEST_STEP][PASSED] - Statement - counter = counter + 1: null

2018-10-20 17:50:02 - [TEST_STEP][PASSED] - Statement - PreSaveFile = new java.io.File(((pathPrefix + java.lang.Integer.toString(counter)) + .png)): null

2018-10-20 17:50:02 - [TEST_STEP][PASSED] - Statement - counter = counter + 1: null

2018-10-20 17:50:02 - [TEST_STEP][PASSED] - Statement - PreSaveFile = new java.io.File(((pathPrefix + java.lang.Integer.toString(counter)) + .png)): null

2018-10-20 17:50:02 - [TEST_STEP][PASSED] - Statement - counter = counter + 1: null

2018-10-20 17:50:02 - [TEST_STEP][PASSED] - Statement - PreSaveFile = new java.io.File(((pathPrefix + java.lang.Integer.toString(counter)) + .png)): null

2018-10-20 17:50:02 - [TEST_STEP][PASSED] - Statement - counter = counter + 1: null

2018-10-20 17:50:02 - [TEST_STEP][PASSED] - Statement - PreSaveFile = new java.io.File(((pathPrefix + java.lang.Integer.toString(counter)) + .png)): null

2018-10-20 17:50:02 - [TEST_STEP][PASSED] - Statement - counter = counter + 1: null

2018-10-20 17:50:02 - [TEST_STEP][PASSED] - Statement - PreSaveFile = new java.io.File(((pathPrefix + java.lang.Integer.toString(counter)) + .png)): null

2018-10-20 17:50:02 - [TEST_STEP][PASSED] - Statement - counter = counter + 1: null

2018-10-20 17:50:02 - [TEST_STEP][PASSED] - Statement - PreSaveFile = new java.io.File(((pathPrefix + java.lang.Integer.toString(counter)) + .png)): null

2018-10-20 17:50:02 - [TEST_STEP][PASSED] - Statement - counter = counter + 1: null

2018-10-20 17:50:02 - [TEST_STEP][PASSED] - Statement - PreSaveFile = new java.io.File(((pathPrefix + java.lang.Integer.toString(counter)) + .png)): null

2018-10-20 17:50:02 - [TEST_STEP][PASSED] - Statement - counter = counter + 1: null

2018-10-20 17:50:02 - [TEST_STEP][PASSED] - Statement - PreSaveFile = new java.io.File(((pathPrefix + java.lang.Integer.toString(counter)) + .png)): null

2018-10-20 17:50:02 - [TEST_STEP][PASSED] - Statement - counter = counter + 1: null

2018-10-20 17:50:02 - [TEST_STEP][PASSED] - Statement - PreSaveFile = new java.io.File(((pathPrefix + java.lang.Integer.toString(counter)) + .png)): null

2018-10-20 17:50:02 - [TEST_STEP][PASSED] - Statement - counter = counter + 1: null

2018-10-20 17:50:02 - [TEST_STEP][PASSED] - Statement - PreSaveFile = new java.io.File(((pathPrefix + java.lang.Integer.toString(counter)) + .png)): null

2018-10-20 17:50:02 - [TEST_STEP][PASSED] - Statement - counter = counter + 1: null

2018-10-20 17:50:02 - [TEST_STEP][PASSED] - Statement - PreSaveFile = new java.io.File(((pathPrefix + java.lang.Integer.toString(counter)) + .png)): null

2018-10-20 17:50:02 - [TEST_STEP][PASSED] - Statement - counter = counter + 1: null

2018-10-20 17:50:02 - [TEST_STEP][PASSED] - Statement - PreSaveFile = new java.io.File(((pathPrefix + java.lang.Integer.toString(counter)) + .png)): null

2018-10-20 17:50:02 - [TEST_STEP][PASSED] - Statement - counter = counter + 1: null

2018-10-20 17:50:02 - [TEST_STEP][PASSED] - Statement - PreSaveFile = new java.io.File(((pathPrefix + java.lang.Integer.toString(counter)) + .png)): null

2018-10-20 17:50:02 - [TEST_STEP][PASSED] - Statement - counter = counter + 1: null

2018-10-20 17:50:02 - [TEST_STEP][PASSED] - Statement - PreSaveFile = new java.io.File(((pathPrefix + java.lang.Integer.toString(counter)) + .png)): null

2018-10-20 17:50:02 - [TEST_STEP][PASSED] - Statement - counter = counter + 1: null

2018-10-20 17:50:02 - [TEST_STEP][PASSED] - Statement - PreSaveFile = new java.io.File(((pathPrefix + java.lang.Integer.toString(counter)) + .png)): null

2018-10-20 17:50:02 - [TEST_STEP][PASSED] - Statement - counter = counter + 1: null

2018-10-20 17:50:02 - [TEST_STEP][PASSED] - Statement - PreSaveFile = new java.io.File(((pathPrefix + java.lang.Integer.toString(counter)) + .png)): null

2018-10-20 17:50:02 - [TEST_STEP][PASSED] - Statement - counter = counter + 1: null

2018-10-20 17:50:02 - [TEST_STEP][PASSED] - Statement - PreSaveFile = new java.io.File(((pathPrefix + java.lang.Integer.toString(counter)) + .png)): null

2018-10-20 17:50:02 - [TEST_STEP][PASSED] - Statement - counter = counter + 1: null

2018-10-20 17:50:02 - [TEST_STEP][PASSED] - Statement - PreSaveFile = new java.io.File(((pathPrefix + java.lang.Integer.toString(counter)) + .png)): null

2018-10-20 17:50:02 - [TEST_STEP][PASSED] - Statement - counter = counter + 1: null

2018-10-20 17:50:02 - [TEST_STEP][PASSED] - Statement - PreSaveFile = new java.io.File(((pathPrefix + java.lang.Integer.toString(counter)) + .png)): null

2018-10-20 17:50:02 - [TEST_STEP][PASSED] - Statement - counter = counter + 1: null

2018-10-20 17:50:02 - [TEST_STEP][PASSED] - Statement - PreSaveFile = new java.io.File(((pathPrefix + java.lang.Integer.toString(counter)) + .png)): null

2018-10-20 17:50:02 - [TEST_STEP][PASSED] - Statement - counter = counter + 1: null

2018-10-20 17:50:02 - [TEST_STEP][PASSED] - Statement - PreSaveFile = new java.io.File(((pathPrefix + java.lang.Integer.toString(counter)) + .png)): null

2018-10-20 17:50:02 - [TEST_STEP][PASSED] - Statement - counter = counter + 1: null

2018-10-20 17:50:02 - [TEST_STEP][PASSED] - Statement - PreSaveFile = new java.io.File(((pathPrefix + java.lang.Integer.toString(counter)) + .png)): null

2018-10-20 17:50:02 - [TEST_STEP][PASSED] - Statement - counter = counter + 1: null

2018-10-20 17:50:02 - [TEST_STEP][PASSED] - Statement - PreSaveFile = new java.io.File(((pathPrefix + java.lang.Integer.toString(counter)) + .png)): null

2018-10-20 17:50:02 - [TEST_STEP][PASSED] - Statement - counter = counter + 1: null

2018-10-20 17:50:02 - [TEST_STEP][PASSED] - Statement - PreSaveFile = new java.io.File(((pathPrefix + java.lang.Integer.toString(counter)) + .png)): null

2018-10-20 17:50:02 - [TEST_STEP][PASSED] - Statement - counter = counter + 1: null

2018-10-20 17:50:02 - [TEST_STEP][PASSED] - Statement - PreSaveFile = new java.io.File(((pathPrefix + java.lang.Integer.toString(counter)) + .png)): null

2018-10-20 17:50:02 - [TEST_STEP][PASSED] - Statement - counter = counter + 1: null

2018-10-20 17:50:02 - [TEST_STEP][PASSED] - Statement - PreSaveFile = new java.io.File(((pathPrefix + java.lang.Integer.toString(counter)) + .png)): null

2018-10-20 17:50:02 - [TEST_STEP][PASSED] - Statement - counter = counter + 1: null

2018-10-20 17:50:02 - [TEST_STEP][PASSED] - Statement - PreSaveFile = new java.io.File(((pathPrefix + java.lang.Integer.toString(counter)) + .png)): null

2018-10-20 17:50:02 - [TEST_STEP][PASSED] - Statement - counter = counter + 1: null

2018-10-20 17:50:02 - [TEST_STEP][PASSED] - Statement - PreSaveFile = new java.io.File(((pathPrefix + java.lang.Integer.toString(counter)) + .png)): null

2018-10-20 17:50:02 - [TEST_STEP][PASSED] - Statement - counter = counter + 1: null

2018-10-20 17:50:02 - [TEST_STEP][PASSED] - Statement - PreSaveFile = new java.io.File(((pathPrefix + java.lang.Integer.toString(counter)) + .png)): null

2018-10-20 17:50:02 - [TEST_STEP][PASSED] - Statement - counter = counter + 1: null

2018-10-20 17:50:02 - [TEST_STEP][PASSED] - Statement - PreSaveFile = new java.io.File(((pathPrefix + java.lang.Integer.toString(counter)) + .png)): null

2018-10-20 17:50:02 - [TEST_STEP][PASSED] - Statement - counter = counter + 1: null

2018-10-20 17:50:02 - [TEST_STEP][PASSED] - Statement - PreSaveFile = new java.io.File(((pathPrefix + java.lang.Integer.toString(counter)) + .png)): null

2018-10-20 17:50:02 - [TEST_STEP][PASSED] - Statement - counter = counter + 1: null

2018-10-20 17:50:02 - [TEST_STEP][PASSED] - Statement - PreSaveFile = new java.io.File(((pathPrefix + java.lang.Integer.toString(counter)) + .png)): null

2018-10-20 17:50:02 - [TEST_STEP][PASSED] - Statement - counter = counter + 1: null

2018-10-20 17:50:02 - [TEST_STEP][PASSED] - Statement - PreSaveFile = new java.io.File(((pathPrefix + java.lang.Integer.toString(counter)) + .png)): null

2018-10-20 17:50:02 - [TEST_STEP][PASSED] - Statement - counter = counter + 1: null

2018-10-20 17:50:02 - [TEST_STEP][PASSED] - Statement - PreSaveFile = new java.io.File(((pathPrefix + java.lang.Integer.toString(counter)) + .png)): null

2018-10-20 17:50:02 - [TEST_STEP][PASSED] - Statement - counter = counter + 1: null

2018-10-20 17:50:02 - [TEST_STEP][PASSED] - Statement - PreSaveFile = new java.io.File(((pathPrefix + java.lang.Integer.toString(counter)) + .png)): null

2018-10-20 17:50:02 - [TEST_STEP][PASSED] - Statement - counter = counter + 1: null

2018-10-20 17:50:02 - [TEST_STEP][PASSED] - Statement - PreSaveFile = new java.io.File(((pathPrefix + java.lang.Integer.toString(counter)) + .png)): null

2018-10-20 17:50:02 - [TEST_STEP][PASSED] - Statement - counter = counter + 1: null

2018-10-20 17:50:02 - [TEST_STEP][PASSED] - Statement - PreSaveFile = new java.io.File(((pathPrefix + java.lang.Integer.toString(counter)) + .png)): null

2018-10-20 17:50:02 - [TEST_STEP][PASSED] - Statement - counter = counter + 1: null

2018-10-20 17:50:02 - [TEST_STEP][PASSED] - Statement - PreSaveFile = new java.io.File(((pathPrefix + java.lang.Integer.toString(counter)) + .png)): null

2018-10-20 17:50:02 - [TEST_STEP][PASSED] - Statement - counter = counter + 1: null

2018-10-20 17:50:02 - [TEST_STEP][PASSED] - Statement - PreSaveFile = new java.io.File(((pathPrefix + java.lang.Integer.toString(counter)) + .png)): null

2018-10-20 17:50:02 - [TEST_STEP][PASSED] - Statement - counter = counter + 1: null

2018-10-20 17:50:02 - [TEST_STEP][PASSED] - Statement - PreSaveFile = new java.io.File(((pathPrefix + java.lang.Integer.toString(counter)) + .png)): null

2018-10-20 17:50:02 - [TEST_STEP][PASSED] - Statement - counter = counter + 1: null

2018-10-20 17:50:02 - [TEST_STEP][PASSED] - Statement - PreSaveFile = new java.io.File(((pathPrefix + java.lang.Integer.toString(counter)) + .png)): null

2018-10-20 17:50:02 - [TEST_STEP][PASSED] - Statement - counter = counter + 1: null

2018-10-20 17:50:02 - [TEST_STEP][PASSED] - Statement - PreSaveFile = new java.io.File(((pathPrefix + java.lang.Integer.toString(counter)) + .png)): null

2018-10-20 17:50:02 - [TEST_STEP][PASSED] - Statement - counter = counter + 1: null

2018-10-20 17:50:02 - [TEST_STEP][PASSED] - Statement - PreSaveFile = new java.io.File(((pathPrefix + java.lang.Integer.toString(counter)) + .png)): null

2018-10-20 17:50:02 - [TEST_STEP][PASSED] - Statement - counter = counter + 1: null

2018-10-20 17:50:03 - [TEST_STEP][PASSED] - Statement - PreSaveFile = new java.io.File(((pathPrefix + java.lang.Integer.toString(counter)) + .png)): null

2018-10-20 17:50:03 - [TEST_STEP][PASSED] - Statement - counter = counter + 1: null

2018-10-20 17:50:03 - [TEST_STEP][PASSED] - Statement - PreSaveFile = new java.io.File(((pathPrefix + java.lang.Integer.toString(counter)) + .png)): null

2018-10-20 17:50:03 - [TEST_STEP][PASSED] - Statement - counter = counter + 1: null

2018-10-20 17:50:03 - [TEST_STEP][PASSED] - Statement - PreSaveFile = new java.io.File(((pathPrefix + java.lang.Integer.toString(counter)) + .png)): null

2018-10-20 17:50:03 - [TEST_STEP][PASSED] - Statement - counter = counter + 1: null

2018-10-20 17:50:03 - [TEST_STEP][PASSED] - Statement - PreSaveFile = new java.io.File(((pathPrefix + java.lang.Integer.toString(counter)) + .png)): null

2018-10-20 17:50:03 - [TEST_STEP][PASSED] - Statement - counter = counter + 1: null

2018-10-20 17:50:03 - [TEST_STEP][PASSED] - Statement - PreSaveFile = new java.io.File(((pathPrefix + java.lang.Integer.toString(counter)) + .png)): null

2018-10-20 17:50:03 - [TEST_STEP][PASSED] - Statement - counter = counter + 1: null

2018-10-20 17:50:03 - [TEST_STEP][PASSED] - Statement - PreSaveFile = new java.io.File(((pathPrefix + java.lang.Integer.toString(counter)) + .png)): null

2018-10-20 17:50:03 - [TEST_STEP][PASSED] - Statement - counter = counter + 1: null

2018-10-20 17:50:03 - [TEST_STEP][PASSED] - Statement - PreSaveFile = new java.io.File(((pathPrefix + java.lang.Integer.toString(counter)) + .png)): null

2018-10-20 17:50:03 - [TEST_STEP][PASSED] - Statement - counter = counter + 1: null

2018-10-20 17:50:03 - [TEST_STEP][PASSED] - Statement - PreSaveFile = new java.io.File(((pathPrefix + java.lang.Integer.toString(counter)) + .png)): null

2018-10-20 17:50:03 - [TEST_STEP][PASSED] - Statement - counter = counter + 1: null

2018-10-20 17:50:03 - [TEST_STEP][PASSED] - Statement - PreSaveFile = new java.io.File(((pathPrefix + java.lang.Integer.toString(counter)) + .png)): null

2018-10-20 17:50:03 - [TEST_STEP][PASSED] - Statement - counter = counter + 1: null

2018-10-20 17:50:03 - [TEST_STEP][PASSED] - Statement - PreSaveFile = new java.io.File(((pathPrefix + java.lang.Integer.toString(counter)) + .png)): null

2018-10-20 17:50:03 - [TEST_STEP][PASSED] - Statement - finalPath = pathPrefix + java.lang.Integer.toString(counter) + ".png": null

2018-10-20 17:50:03 - [TEST_STEP][PASSED] - Statement - SaveFile = new java.io.File(finalPath): null

2018-10-20 17:50:03 - [TEST_STEP][PASSED] - Statement - Try: null

2018-10-20 17:50:03 - [TEST_STEP][PASSED] - Statement - org.apache.commons.io.FileUtils.copyFile(scrFile, SaveFile): null

2018-10-20 17:50:03 - [TEST_STEP][PASSED] - Statement - out.println("file kept"): null

2018-10-20 17:50:03 - [TEST_STEP][PASSED] - delay: Delayed 10 second(s)

2018-10-20 17:50:13 - [MESSAGE][PASSED] - Delayed 10 second(s)

2018-10-20 17:50:13 - [MESSAGE][PASSED] - Call Test Case 'Test Cases/Final Aug 2018 - PKS Automation/Registration Module/New Registration/Submit and Screenshot/Submit Registration and Screenshot - Copy' successfully

2018-10-20 17:50:13 - [TEST_STEP][PASSED] - Statement - UpdateAddNewECode = com.kms.katalon.core.webui.keyword.WebUiBuiltInKeywords.getText(com.kms.katalon.core.testobject.ObjectRepository.findTestObject(Object Repository/Final Object Repo/Page_Update Add New Employee - ASSIST/getEmpCode)): Text of object 'Object Repository/Final Object Repo/Page_Update Add New Employee - ASSIST/getEmpCode' is: 'E1102070106Z'

2018-10-20 17:50:13 - [MESSAGE][PASSED] - Text of object 'Object Repository/Final Object Repo/Page_Update Add New Employee - ASSIST/getEmpCode' is: 'E1102070106Z'

2018-10-20 17:50:13 - [TEST_STEP][PASSED] - callTestCase: Call Test Case 'Test Cases/Final Aug 2018 - PKS Automation/Common/Emp Code Setter' successfully

2018-10-20 17:50:13 - [TEST_CASE][PASSED] - Test Cases/Final Aug 2018 - PKS Automation/Common/Emp Code Setter: Test Cases/Final Aug 2018 - PKS Automation/Common/Emp Code Setter

2018-10-20 17:50:13 - [TEST_STEP][PASSED] - Statement - EmpCodeOld = new java.io.File(C://EmpCode.txt): null

2018-10-20 17:50:13 - [TEST_STEP][PASSED] - Statement - EmpCodeOld.delete(): null

2018-10-20 17:50:13 - [TEST_STEP][PASSED] - Statement - EmpCode = new java.io.File(C://EmpCode.txt): null

2018-10-20 17:50:13 - [TEST_STEP][PASSED] - Statement - EmpCode.append(UpdateAddNewECode): null

2018-10-20 17:50:13 - [TEST_STEP][PASSED] - Statement - out.println("


" + UpdateAddNewECode + "


"): null

2018-10-20 17:50:13 - [MESSAGE][PASSED] - Call Test Case 'Test Cases/Final Aug 2018 - PKS Automation/Common/Emp Code Setter' successfully

2018-10-20 17:50:13 - [MESSAGE][PASSED] - Call Test Case 'Test Cases/Final Aug 2018 - PKS Automation/Registration Module/Workflow/Update Add New Employee/Template/New Company for Update Add New - Employer' successfully

2018-10-20 17:50:13 - [TEST_STEP][PASSED] - callTestCase: Call Test Case 'Test Cases/Final Aug 2018 - PKS Automation/Registration Module/Log Out/log out avoiding katalon tagging' successfully

2018-10-20 17:50:13 - [TEST_CASE][PASSED] - Test Cases/Final Aug 2018 - PKS Automation/Registration Module/Log Out/log out avoiding katalon tagging: Test Cases/Final Aug 2018 - PKS Automation/Registration Module/Log Out/log out avoiding katalon tagging

2018-10-20 17:50:13 - [TEST_STEP][PASSED] - navigateToUrl: Navigate to 'https://assist2-uat.perkeso.gov.my/c/portal/logout' successfully

2018-10-20 17:50:14 - [MESSAGE][PASSED] - Navigate to 'https://assist2-uat.perkeso.gov.my/c/portal/logout' successfully

2018-10-20 17:50:14 - [MESSAGE][PASSED] - Call Test Case 'Test Cases/Final Aug 2018 - PKS Automation/Registration Module/Log Out/log out avoiding katalon tagging' successfully

2018-10-20 17:50:14 - [TEST_STEP][PASSED] - callTestCase: Call Test Case 'Test Cases/Final Aug 2018 - PKS Automation/Registration Module/New Registration/Form 2/Date Updater' successfully

2018-10-20 17:50:14 - [TEST_CASE][PASSED] - Test Cases/Final Aug 2018 - PKS Automation/Registration Module/New Registration/Form 2/Date Updater: Test Cases/Final Aug 2018 - PKS Automation/Registration Module/New Registration/Form 2/Date Updater

2018-10-20 17:50:14 - [TEST_STEP][PASSED] - Statement - TodayDate = new java.util.Date(): null

2018-10-20 17:50:14 - [TEST_STEP][PASSED] - Statement - CurrentDateNoFilter = new java.text.SimpleDateFormat(): null

2018-10-20 17:50:14 - [TEST_STEP][PASSED] - Statement - CurrentDateNoFilter.applyPattern("dd"): null

2018-10-20 17:50:14 - [TEST_STEP][PASSED] - Statement - CurrentDate = CurrentDateNoFilter.format(TodayDate): null

2018-10-20 17:50:14 - [TEST_STEP][PASSED] - Statement - CurrentDate = java.lang.Integer.parseInt(CurrentDate): null

2018-10-20 17:50:14 - [TEST_STEP][PASSED] - Statement - CurrentDate = CurrentDate: null

2018-10-20 17:50:14 - [TEST_STEP][PASSED] - Statement - CurrentDay = java.lang.Integer.parseInt(CurrentDate): null

2018-10-20 17:50:14 - [TEST_STEP][PASSED] - Statement - aDayBefore = CurrentDay + 1: null

2018-10-20 17:50:14 - [TEST_STEP][PASSED] - Statement - DayBefore = aDayBefore.toString(): null

2018-10-20 17:50:14 - [TEST_STEP][PASSED] - Statement - OneDayBefore = DayBefore: null

2018-10-20 17:50:14 - [TEST_STEP][PASSED] - Statement - CurrentDateNoFilter.applyPattern("MM"): null

2018-10-20 17:50:14 - [TEST_STEP][PASSED] - Statement - monthContainerMatcher = java.lang.Integer.parseInt(CurrentDateNoFilter.format(TodayDate)): null

2018-10-20 17:50:14 - [TEST_STEP][PASSED] - Statement - monthContainerMatcher = monthContainerMatcher - 1: null

2018-10-20 17:50:14 - [TEST_STEP][PASSED] - Statement - CurrentMonth = monthContainerMatcher.toString(): null

2018-10-20 17:50:14 - [TEST_STEP][PASSED] - Statement - CurrentMonth = CurrentMonth: null

2018-10-20 17:50:14 - [TEST_STEP][PASSED] - Statement - CurrentDateNoFilter.applyPattern("yyyy"): null

2018-10-20 17:50:14 - [TEST_STEP][PASSED] - Statement - CurrentYear = CurrentDateNoFilter.format(TodayDate): null

2018-10-20 17:50:14 - [TEST_STEP][PASSED] - Statement - CurrentYear = CurrentYear: null

2018-10-20 17:50:14 - [TEST_STEP][PASSED] - Statement - intCurrentYear = java.lang.Integer.parseInt(CurrentDateNoFilter.format(TodayDate)): null

2018-10-20 17:50:14 - [TEST_STEP][PASSED] - Statement - eighteenYrsAgo = intCurrentYear - 18: null

2018-10-20 17:50:14 - [TEST_STEP][PASSED] - Statement - eighteenYrsBeforeThisYr = eighteenYrsAgo.toString(): null

2018-10-20 17:50:14 - [TEST_STEP][PASSED] - Statement - EighteenYrsBefore = eighteenYrsBeforeThisYr: null

2018-10-20 17:50:14 - [TEST_STEP][PASSED] - Statement - fiftysevenYrsAgo = intCurrentYear - 57: null

2018-10-20 17:50:14 - [TEST_STEP][PASSED] - Statement - fiftysevenYrsBeforeThisYr = fiftysevenYrsAgo.toString(): null

2018-10-20 17:50:14 - [TEST_STEP][PASSED] - Statement - FiftysevenYrsBefore = fiftysevenYrsBeforeThisYr: null

2018-10-20 17:50:14 - [MESSAGE][PASSED] - Call Test Case 'Test Cases/Final Aug 2018 - PKS Automation/Registration Module/New Registration/Form 2/Date Updater' successfully

2018-10-20 17:50:14 - [TEST_STEP][PASSED] - delay: Delayed 2 second(s)

2018-10-20 17:50:16 - [MESSAGE][PASSED] - Delayed 2 second(s)

2018-10-20 17:50:16 - [TEST_STEP][PASSED] - callTestCase: Call Test Case 'Test Cases/Final Aug 2018 - PKS Automation/Create Employer Acc/Login to Employer Account (Second time)' successfully

2018-10-20 17:50:16 - [TEST_CASE][PASSED] - Test Cases/Final Aug 2018 - PKS Automation/Create Employer Acc/Login to Employer Account (Second time): Test Cases/Final Aug 2018 - PKS Automation/Create Employer Acc/Login to Employer Account (Second time)

2018-10-20 17:50:16 - [TEST_STEP][PASSED] - openBrowser: Browser is opened with url: ''

2018-10-20 17:50:16 - [MESSAGE][WARNING] - A browser is already opened. Closing browser and opening a new one

2018-10-20 17:50:20 - [MESSAGE][PASSED] - Browser is opened with url: ''

2018-10-20 17:50:20 - [TEST_STEP][PASSED] - navigateToUrl: Navigate to 'https://assist2-uat.perkeso.gov.my/employer/login' successfully

2018-10-20 17:50:22 - [MESSAGE][PASSED] - Navigate to 'https://assist2-uat.perkeso.gov.my/employer/login' successfully

2018-10-20 17:50:22 - [TEST_STEP][PASSED] - delay: Delayed 3 second(s)

2018-10-20 17:50:25 - [MESSAGE][PASSED] - Delayed 3 second(s)

2018-10-20 17:50:25 - [TEST_STEP][PASSED] - callTestCase: Call Test Case 'Test Cases/Final Aug 2018 - PKS Automation/Create Employer Acc/Template/Employer Email Getter' successfully

2018-10-20 17:50:25 - [TEST_CASE][PASSED] - Test Cases/Final Aug 2018 - PKS Automation/Create Employer Acc/Template/Employer Email Getter: Test Cases/Final Aug 2018 - PKS Automation/Create Employer Acc/Template/Employer Email Getter

2018-10-20 17:50:25 - [TEST_STEP][PASSED] - Statement - Try: null

2018-10-20 17:50:25 - [TEST_STEP][PASSED] - Statement - EmpEmail = new java.io.File(C://EmpEmail.txt): null

2018-10-20 17:50:25 - [TEST_STEP][PASSED] - Statement - bufferread = new java.io.BufferedReader(new java.io.FileReader(EmpEmail)): null

2018-10-20 17:50:25 - [TEST_STEP][PASSED] - Statement - readedVal = bufferread.readLine(): null

2018-10-20 17:50:25 - [TEST_STEP][PASSED] - Statement - out.println(readedVal): null

2018-10-20 17:50:25 - [TEST_STEP][PASSED] - Statement - Email = readedVal: null

2018-10-20 17:50:25 - [MESSAGE][PASSED] - Call Test Case 'Test Cases/Final Aug 2018 - PKS Automation/Create Employer Acc/Template/Employer Email Getter' successfully

2018-10-20 17:50:25 - [TEST_STEP][PASSED] - setText: Text 'perkeso993084380350@gmail.com' is set on object 'Object Repository/Final Object Repo/Login Page/External Login Page/Email'

2018-10-20 17:50:25 - [MESSAGE][PASSED] - Text 'perkeso993084380350@gmail.com' is set on object 'Object Repository/Final Object Repo/Login Page/External Login Page/Email'

2018-10-20 17:50:25 - [TEST_STEP][PASSED] - click: Object: 'Object Repository/Final Object Repo/Login Page/External Login Page/Next' is clicked on

2018-10-20 17:50:26 - [MESSAGE][PASSED] - Object: 'Object Repository/Final Object Repo/Login Page/External Login Page/Next' is clicked on

2018-10-20 17:50:26 - [TEST_STEP][PASSED] - delay: Delayed 3 second(s)

2018-10-20 17:50:29 - [MESSAGE][PASSED] - Delayed 3 second(s)

2018-10-20 17:50:29 - [TEST_STEP][PASSED] - setEncryptedText: Text ****** has been set on object 'Object Repository/Final Object Repo/Login Page/External Login Page/Password'

2018-10-20 17:50:29 - [MESSAGE][PASSED] - Text ****** has been set on object 'Object Repository/Final Object Repo/Login Page/External Login Page/Password'

2018-10-20 17:50:29 - [TEST_STEP][PASSED] - click: Object: 'Object Repository/Final Object Repo/Login Page/External Login Page/Login' is clicked on

2018-10-20 17:50:29 - [MESSAGE][PASSED] - Object: 'Object Repository/Final Object Repo/Login Page/External Login Page/Login' is clicked on

2018-10-20 17:50:29 - [TEST_STEP][PASSED] - delay: Delayed 5 second(s)

2018-10-20 17:50:34 - [MESSAGE][PASSED] - Delayed 5 second(s)

2018-10-20 17:50:34 - [MESSAGE][PASSED] - Call Test Case 'Test Cases/Final Aug 2018 - PKS Automation/Create Employer Acc/Login to Employer Account (Second time)' successfully

2018-10-20 17:50:34 - [TEST_STEP][PASSED] - Statement - Try: Delayed 2 second(s)

2018-10-20 17:50:34 - [TEST_STEP][PASSED] - Statement - Checker = false: null

2018-10-20 17:50:34 - [TEST_STEP][PASSED] - Statement - Checker = com.kms.katalon.core.webui.keyword.WebUiBuiltInKeywords.verifyElementHasAttribute(com.kms.katalon.core.testobject.ObjectRepository.findTestObject(Final Object Repo/Landing Page/BM Detecting), "href", 20, OPTIONAL): Object 'Object Repository/Final Object Repo/Landing Page/BM Detecting' has attribute 'href'

2018-10-20 17:50:36 - [MESSAGE][PASSED] - Object 'Object Repository/Final Object Repo/Landing Page/BM Detecting' has attribute 'href'

2018-10-20 17:50:36 - [TEST_STEP][PASSED] - Statement - out.println(Checker): null

2018-10-20 17:50:36 - [TEST_STEP][PASSED] - Statement - If (Checker == false): null

2018-10-20 17:50:36 - [TEST_STEP][PASSED] - Statement - Else: null

2018-10-20 17:50:36 - [TEST_STEP][PASSED] - delay: Delayed 2 second(s)

2018-10-20 17:50:38 - [MESSAGE][PASSED] - Delayed 2 second(s)

2018-10-20 17:50:38 - [TEST_STEP][PASSED] - delay: Delayed 4 second(s)

2018-10-20 17:50:42 - [MESSAGE][PASSED] - Delayed 4 second(s)

2018-10-20 17:50:42 - [TEST_STEP][PASSED] - click: Object: 'Object Repository/Final Object Repo/Page_Update Add New Employee - ASSIST/My Sites Drop Down' is clicked on

2018-10-20 17:50:43 - [MESSAGE][PASSED] - Object: 'Object Repository/Final Object Repo/Page_Update Add New Employee - ASSIST/My Sites Drop Down' is clicked on

2018-10-20 17:50:43 - [TEST_STEP][PASSED] - click: Object: 'Object Repository/Final Object Repo/Page_Update Add New Employee - ASSIST/Select to Registration Module' is clicked on

2018-10-20 17:50:48 - [MESSAGE][PASSED] - Object: 'Object Repository/Final Object Repo/Page_Update Add New Employee - ASSIST/Select to Registration Module' is clicked on

2018-10-20 17:50:48 - [TEST_STEP][NOT_RUN] - navigateToUrl: NOT_RUN: navigateToUrl

2018-10-20 17:50:48 - [MESSAGE][NOT_RUN] - NOT_RUN: navigateToUrl

2018-10-20 17:50:48 - [TEST_STEP][PASSED] - mouseOver: Object: 'Object Repository/Final Object Repo/Page_Update Add New Employee - ASSIST/Select to Update Akta 4 Tab' is hovered

2018-10-20 17:50:48 - [MESSAGE][PASSED] - Object: 'Object Repository/Final Object Repo/Page_Update Add New Employee - ASSIST/Select to Update Akta 4 Tab' is hovered

2018-10-20 17:50:48 - [TEST_STEP][PASSED] - delay: Delayed 2 second(s)

2018-10-20 17:50:50 - [MESSAGE][PASSED] - Delayed 2 second(s)

2018-10-20 17:50:50 - [TEST_STEP][PASSED] - click: Object: 'Object Repository/Final Object Repo/Page_Update Add New Employee - ASSIST/Select to Update Add New Employee' is clicked on

2018-10-20 17:50:50 - [MESSAGE][PASSED] - Object: 'Object Repository/Final Object Repo/Page_Update Add New Employee - ASSIST/Select to Update Add New Employee' is clicked on

2018-10-20 17:50:50 - [TEST_STEP][PASSED] - delay: Delayed 2 second(s)

2018-10-20 17:50:52 - [MESSAGE][PASSED] - Delayed 2 second(s)

2018-10-20 17:50:52 - [TEST_STEP][PASSED] - setText: Text 'E1102070106Z' is set on object 'Object Repository/Final Object Repo/Page_Update Add New Employee - ASSIST/Employer Code input textbox'

2018-10-20 17:50:53 - [MESSAGE][PASSED] - Text 'E1102070106Z' is set on object 'Object Repository/Final Object Repo/Page_Update Add New Employee - ASSIST/Employer Code input textbox'

2018-10-20 17:50:53 - [TEST_STEP][PASSED] - delay: Delayed 2 second(s)

2018-10-20 17:50:55 - [MESSAGE][PASSED] - Delayed 2 second(s)

2018-10-20 17:50:55 - [TEST_STEP][PASSED] - click: Object: 'Object Repository/Final Object Repo/Page_Update Add New Employee - ASSIST/Search Button for Employer Code' is clicked on

2018-10-20 17:50:55 - [MESSAGE][PASSED] - Object: 'Object Repository/Final Object Repo/Page_Update Add New Employee - ASSIST/Search Button for Employer Code' is clicked on

2018-10-20 17:50:55 - [TEST_STEP][PASSED] - delay: Delayed 4 second(s)

2018-10-20 17:50:59 - [MESSAGE][PASSED] - Delayed 4 second(s)

2018-10-20 17:50:59 - [TEST_STEP][PASSED] - click: Object: 'Object Repository/Final Object Repo/Page_Update Add New Employee - ASSIST/Click to Edit Case' is clicked on

2018-10-20 17:51:01 - [MESSAGE][PASSED] - Object: 'Object Repository/Final Object Repo/Page_Update Add New Employee - ASSIST/Click to Edit Case' is clicked on

2018-10-20 17:51:01 - [TEST_STEP][PASSED] - callTestCase: Call Test Case 'Test Cases/Final Aug 2018 - PKS Automation/Registration Module/Workflow/Update Add New Employee/Template/Employee Adding/Employee Adding Action liability date change - Employer Access' successfully

2018-10-20 17:51:01 - [TEST_CASE][PASSED] - Test Cases/Final Aug 2018 - PKS Automation/Registration Module/Workflow/Update Add New Employee/Template/Employee Adding/Employee Adding Action liability date change - Employer Access: Test Cases/Final Aug 2018 - PKS Automation/Registration Module/Workflow/Update Add New Employee/Template/Employee Adding/Employee Adding Action liability date change - Employer Access

2018-10-20 17:51:01 - [TEST_STEP][PASSED] - delay: Delayed 4 second(s)

2018-10-20 17:51:05 - [MESSAGE][PASSED] - Delayed 4 second(s)

2018-10-20 17:51:06 - [TEST_STEP][PASSED] - click: Object: 'Object Repository/Final Object Repo/Page_Update Add New Employee - ASSIST/Add Employee Button' is clicked on

2018-10-20 17:51:06 - [MESSAGE][PASSED] - Object: 'Object Repository/Final Object Repo/Page_Update Add New Employee - ASSIST/Add Employee Button' is clicked on

2018-10-20 17:51:06 - [TEST_STEP][PASSED] - delay: Delayed 3 second(s)

2018-10-20 17:51:09 - [MESSAGE][PASSED] - Delayed 3 second(s)

2018-10-20 17:51:09 - [TEST_STEP][PASSED] - setText: Text '830081009219' is set on object 'Object Repository/Final Object Repo/Page_Update Add New Employee - ASSIST/NRIC Input'

2018-10-20 17:51:09 - [MESSAGE][PASSED] - Text '830081009219' is set on object 'Object Repository/Final Object Repo/Page_Update Add New Employee - ASSIST/NRIC Input'

2018-10-20 17:51:09 - [TEST_STEP][PASSED] - delay: Delayed 2 second(s)

2018-10-20 17:51:11 - [MESSAGE][PASSED] - Delayed 2 second(s)

2018-10-20 17:51:11 - [TEST_STEP][PASSED] - setText: Text 'Automate002 Employee eligible 1' is set on object 'Object Repository/Final Object Repo/Page_Update Add New Employee - ASSIST/Employee Name Input'

2018-10-20 17:51:11 - [MESSAGE][PASSED] - Text 'Automate002 Employee eligible 1' is set on object 'Object Repository/Final Object Repo/Page_Update Add New Employee - ASSIST/Employee Name Input'

2018-10-20 17:51:11 - [TEST_STEP][PASSED] - delay: Delayed 2 second(s)

2018-10-20 17:51:13 - [MESSAGE][PASSED] - Delayed 2 second(s)

2018-10-20 17:51:13 - [TEST_STEP][PASSED] - click: Object: 'Object Repository/Final Object Repo/Page_Update Add New Employee - ASSIST/DatePicker Pop Up' is clicked on

2018-10-20 17:51:14 - [MESSAGE][PASSED] - Object: 'Object Repository/Final Object Repo/Page_Update Add New Employee - ASSIST/DatePicker Pop Up' is clicked on

2018-10-20 17:51:14 - [TEST_STEP][PASSED] - click: Object: 'Object Repository/Final Object Repo/Page_Update Add New Employee - ASSIST/DOB Month' is clicked on

2018-10-20 17:51:14 - [MESSAGE][PASSED] - Object: 'Object Repository/Final Object Repo/Page_Update Add New Employee - ASSIST/DOB Month' is clicked on

2018-10-20 17:51:14 - [TEST_STEP][PASSED] - Statement - CurrentMonth = CurrentMonth: null

2018-10-20 17:51:14 - [TEST_STEP][PASSED] - Statement - selectMonth = new com.kms.katalon.core.testobject.TestObject(): null

2018-10-20 17:51:14 - [TEST_STEP][PASSED] - Statement - selectMonth.addProperty("xpath", EQUALS, "//body/div/div/div/select/option[@value='" + CurrentMonth + "']", true): null

2018-10-20 17:51:14 - [TEST_STEP][PASSED] - click: Object: '' is clicked on

2018-10-20 17:51:14 - [MESSAGE][PASSED] - Object: '' is clicked on

2018-10-20 17:51:14 - [TEST_STEP][PASSED] - click: Object: 'Object Repository/Final Object Repo/Page_Update Add New Employee - ASSIST/DOB Year' is clicked on

2018-10-20 17:51:14 - [MESSAGE][PASSED] - Object: 'Object Repository/Final Object Repo/Page_Update Add New Employee - ASSIST/DOB Year' is clicked on

2018-10-20 17:51:14 - [TEST_STEP][PASSED] - Statement - Eyearsbf = EighteenYrsBefore: null

2018-10-20 17:51:14 - [TEST_STEP][PASSED] - Statement - selectYear = new com.kms.katalon.core.testobject.TestObject(): null

2018-10-20 17:51:14 - [TEST_STEP][PASSED] - Statement - selectYear.addProperty("xpath", EQUALS, "//div/div/div/select/option[@value='" + Eyearsbf + "']", true): null

2018-10-20 17:51:14 - [TEST_STEP][PASSED] - click: Object: '' is clicked on

2018-10-20 17:51:14 - [MESSAGE][PASSED] - Object: '' is clicked on

2018-10-20 17:51:14 - [TEST_STEP][PASSED] - Statement - UpdatedSelectDate = com.kms.katalon.core.webui.keyword.WebUiBuiltInKeywords.modifyObjectProperty(com.kms.katalon.core.testobject.ObjectRepository.findTestObject(Final Object Repo/Page_Update Add New Employee - ASSIST/DOB Date), "xpath", "equals", "//body/div/table/tbody/tr/td/a[text()="" + CurrentDate + ""]", true): Modify property of object successfully

2018-10-20 17:51:14 - [MESSAGE][PASSED] - Modify property of object successfully

2018-10-20 17:51:14 - [TEST_STEP][PASSED] - delay: Delayed 3 second(s)

2018-10-20 17:51:17 - [MESSAGE][PASSED] - Delayed 3 second(s)

2018-10-20 17:51:17 - [TEST_STEP][PASSED] - click: Object: 'Object Repository/Final Object Repo/Page_Update Add New Employee - ASSIST/DOB Date' is clicked on

2018-10-20 17:51:17 - [MESSAGE][PASSED] - Object: 'Object Repository/Final Object Repo/Page_Update Add New Employee - ASSIST/DOB Date' is clicked on

2018-10-20 17:51:17 - [TEST_STEP][PASSED] - delay: Delayed 2 second(s)

2018-10-20 17:51:19 - [MESSAGE][PASSED] - Delayed 2 second(s)

2018-10-20 17:51:19 - [TEST_STEP][PASSED] - click: Object: 'Object Repository/Final Object Repo/Page_Update Add New Employee - ASSIST/EmploymentStartDate Pop Up' is clicked on

2018-10-20 17:51:20 - [MESSAGE][PASSED] - Object: 'Object Repository/Final Object Repo/Page_Update Add New Employee - ASSIST/EmploymentStartDate Pop Up' is clicked on

2018-10-20 17:51:20 - [TEST_STEP][PASSED] - delay: Delayed 2 second(s)

2018-10-20 17:51:22 - [MESSAGE][PASSED] - Delayed 2 second(s)

2018-10-20 17:51:22 - [TEST_STEP][PASSED] - click: Object: 'Object Repository/Final Object Repo/Page_Update Add New Employee - ASSIST/Socso Employment StartDate Month' is clicked on

2018-10-20 17:51:22 - [MESSAGE][PASSED] - Object: 'Object Repository/Final Object Repo/Page_Update Add New Employee - ASSIST/Socso Employment StartDate Month' is clicked on

2018-10-20 17:51:22 - [TEST_STEP][PASSED] - delay: Delayed 1 second(s)

2018-10-20 17:51:23 - [MESSAGE][PASSED] - Delayed 1 second(s)

2018-10-20 17:51:23 - [TEST_STEP][PASSED] - click: Object: 'Object Repository/Final Object Repo/Page_Update Add New Employee - ASSIST/Select Socso Employement Startdate Month' is clicked on

2018-10-20 17:51:23 - [MESSAGE][PASSED] - Object: 'Object Repository/Final Object Repo/Page_Update Add New Employee - ASSIST/Select Socso Employement Startdate Month' is clicked on

2018-10-20 17:51:23 - [TEST_STEP][PASSED] - delay: Delayed 2 second(s)

2018-10-20 17:51:25 - [MESSAGE][PASSED] - Delayed 2 second(s)

2018-10-20 17:51:25 - [TEST_STEP][PASSED] - click: Object: 'Object Repository/Final Object Repo/Page_Update Add New Employee - ASSIST/Socso Employment StartDate Year' is clicked on

2018-10-20 17:51:25 - [MESSAGE][PASSED] - Object: 'Object Repository/Final Object Repo/Page_Update Add New Employee - ASSIST/Socso Employment StartDate Year' is clicked on

2018-10-20 17:51:25 - [TEST_STEP][PASSED] - delay: Delayed 1 second(s)

2018-10-20 17:51:26 - [MESSAGE][PASSED] - Delayed 1 second(s)

2018-10-20 17:51:26 - [TEST_STEP][PASSED] - click: Object: 'Object Repository/Final Object Repo/Page_Update Add New Employee - ASSIST/Select Socso Employment Startdate Year - Emp Update Add New' is clicked on

2018-10-20 17:51:26 - [MESSAGE][PASSED] - Object: 'Object Repository/Final Object Repo/Page_Update Add New Employee - ASSIST/Select Socso Employment Startdate Year - Emp Update Add New' is clicked on

2018-10-20 17:51:26 - [TEST_STEP][PASSED] - delay: Delayed 2 second(s)

2018-10-20 17:51:28 - [MESSAGE][PASSED] - Delayed 2 second(s)

2018-10-20 17:51:28 - [TEST_STEP][PASSED] - click: Object: 'Object Repository/Final Object Repo/Page_Update Add New Employee - ASSIST/Socso Employment Start Date Day' is clicked on

2018-10-20 17:51:29 - [MESSAGE][PASSED] - Object: 'Object Repository/Final Object Repo/Page_Update Add New Employee - ASSIST/Socso Employment Start Date Day' is clicked on

2018-10-20 17:51:29 - [TEST_STEP][PASSED] - delay: Delayed 2 second(s)

2018-10-20 17:51:31 - [MESSAGE][PASSED] - Delayed 2 second(s)

2018-10-20 17:51:31 - [TEST_STEP][PASSED] - click: Object: 'Object Repository/Final Object Repo/Page_Update Add New Employee - ASSIST/Save Button for Add Employee' is clicked on

2018-10-20 17:51:31 - [MESSAGE][PASSED] - Object: 'Object Repository/Final Object Repo/Page_Update Add New Employee - ASSIST/Save Button for Add Employee' is clicked on

2018-10-20 17:51:31 - [MESSAGE][PASSED] - Call Test Case 'Test Cases/Final Aug 2018 - PKS Automation/Registration Module/Workflow/Update Add New Employee/Template/Employee Adding/Employee Adding Action liability date change - Employer Access' successfully

2018-10-20 17:51:31 - [TEST_STEP][PASSED] - delay: Delayed 4 second(s)

2018-10-20 17:51:35 - [MESSAGE][PASSED] - Delayed 4 second(s)

2018-10-20 17:51:35 - [TEST_STEP][PASSED] - Statement - CaseReferenceNo = com.kms.katalon.core.webui.keyword.WebUiBuiltInKeywords.getText(com.kms.katalon.core.testobject.ObjectRepository.findTestObject(Final Object Repo/Page_Update Add New Employee - ASSIST/RefNo)): Text of object 'Object Repository/Final Object Repo/Page_Update Add New Employee - ASSIST/RefNo' is: 'CAN10201800002061'

2018-10-20 17:51:35 - [MESSAGE][PASSED] - Text of object 'Object Repository/Final Object Repo/Page_Update Add New Employee - ASSIST/RefNo' is: 'CAN10201800002061'

2018-10-20 17:51:35 - [TEST_STEP][PASSED] - callTestCase: Call Test Case 'Test Cases/Final Aug 2018 - PKS Automation/Common/Reference Number Setter' successfully

2018-10-20 17:51:35 - [TEST_CASE][PASSED] - Test Cases/Final Aug 2018 - PKS Automation/Common/Reference Number Setter: Test Cases/Final Aug 2018 - PKS Automation/Common/Reference Number Setter

2018-10-20 17:51:35 - [TEST_STEP][PASSED] - Statement - RefNoOldFile = new java.io.File(C://KatalonReference.txt): null

2018-10-20 17:51:35 - [TEST_STEP][PASSED] - Statement - RefNoOldFile.delete(): null

2018-10-20 17:51:35 - [TEST_STEP][PASSED] - Statement - RefNo = new java.io.File(C://KatalonReference.txt): null

2018-10-20 17:51:35 - [TEST_STEP][PASSED] - Statement - RefNo.append(CaseReferenceNo): null

2018-10-20 17:51:35 - [TEST_STEP][PASSED] - Statement - out.println("


" + CaseReferenceNo + "


"): null

2018-10-20 17:51:35 - [MESSAGE][PASSED] - Call Test Case 'Test Cases/Final Aug 2018 - PKS Automation/Common/Reference Number Setter' successfully

2018-10-20 17:51:35 - [TEST_STEP][PASSED] - delay: Delayed 5 second(s)

2018-10-20 17:51:40 - [MESSAGE][PASSED] - Delayed 5 second(s)

2018-10-20 17:51:40 - [TEST_STEP][PASSED] - click: Object: 'Object Repository/Final Object Repo/Page_Update Add New Employee - ASSIST/Save  Continue Button' is clicked on

2018-10-20 17:51:40 - [MESSAGE][PASSED] - Object: 'Object Repository/Final Object Repo/Page_Update Add New Employee - ASSIST/Save  Continue Button' is clicked on

2018-10-20 17:51:40 - [TEST_STEP][PASSED] - delay: Delayed 4 second(s)

2018-10-20 17:51:44 - [MESSAGE][PASSED] - Delayed 4 second(s)

2018-10-20 17:51:44 - [TEST_STEP][PASSED] - click: Object: 'Object Repository/Final Object Repo/Page_Update Add New Employee - ASSIST/Save  Continue Third Screen' is clicked on

2018-10-20 17:51:48 - [MESSAGE][PASSED] - Object: 'Object Repository/Final Object Repo/Page_Update Add New Employee - ASSIST/Save  Continue Third Screen' is clicked on

2018-10-20 17:51:48 - [TEST_STEP][PASSED] - delay: Delayed 4 second(s)

2018-10-20 17:51:52 - [MESSAGE][PASSED] - Delayed 4 second(s)

2018-10-20 17:51:52 - [TEST_STEP][PASSED] - click: Object: 'Object Repository/Final Object Repo/Page_Update Add New Employee - ASSIST/Save   Continue Supporting Doc Page' is clicked on

2018-10-20 17:51:52 - [MESSAGE][PASSED] - Object: 'Object Repository/Final Object Repo/Page_Update Add New Employee - ASSIST/Save   Continue Supporting Doc Page' is clicked on

2018-10-20 17:51:52 - [TEST_STEP][PASSED] - delay: Delayed 4 second(s)

2018-10-20 17:51:56 - [MESSAGE][PASSED] - Delayed 4 second(s)

2018-10-20 17:51:56 - [TEST_STEP][PASSED] - click: Object: 'Object Repository/Final Object Repo/Page_Update Add New Employee - ASSIST/Submit Button' is clicked on

2018-10-20 17:51:56 - [MESSAGE][PASSED] - Object: 'Object Repository/Final Object Repo/Page_Update Add New Employee - ASSIST/Submit Button' is clicked on

2018-10-20 17:51:56 - [TEST_STEP][PASSED] - delay: Delayed 4 second(s)

2018-10-20 17:52:00 - [MESSAGE][PASSED] - Delayed 4 second(s)

2018-10-20 17:52:00 - [TEST_STEP][PASSED] - click: Object: 'Object Repository/Final Object Repo/Page_Update Add New Employee - ASSIST/Confirm Submit Button' is clicked on

2018-10-20 17:52:00 - [MESSAGE][PASSED] - Object: 'Object Repository/Final Object Repo/Page_Update Add New Employee - ASSIST/Confirm Submit Button' is clicked on

2018-10-20 17:52:00 - [TEST_STEP][PASSED] - delay: Delayed 30 second(s)

2018-10-20 17:52:30 - [MESSAGE][PASSED] - Delayed 30 second(s)

2018-10-20 17:52:30 - [TEST_STEP][PASSED] - callTestCase: Call Test Case 'Test Cases/Final Aug 2018 - PKS Automation/Common/Screenshoting tool' successfully

2018-10-20 17:52:30 - [TEST_CASE][PASSED] - Test Cases/Final Aug 2018 - PKS Automation/Common/Screenshoting tool: Test Cases/Final Aug 2018 - PKS Automation/Common/Screenshoting tool

2018-10-20 17:52:30 - [TEST_STEP][PASSED] - delay: Delayed 15 second(s)

2018-10-20 17:52:45 - [MESSAGE][PASSED] - Delayed 15 second(s)

2018-10-20 17:52:45 - [TEST_STEP][PASSED] - Statement - driver = com.kms.katalon.core.webui.driver.DriverFactory.getWebDriver(): null

2018-10-20 17:52:45 - [TEST_STEP][PASSED] - Statement - driver.manage().timeouts().implicitlyWait(10, SECONDS): null

2018-10-20 17:52:45 - [TEST_STEP][PASSED] - Statement - PresavePath = KatalonScreenshots: null

2018-10-20 17:52:45 - [TEST_STEP][PASSED] - Statement - pathPrefix = "C:\Users\Public\Pictures\Sample Pictures\Katalon Screenshots\Automate Ending Screen": null

2018-10-20 17:52:45 - [TEST_STEP][PASSED] - Statement - finalPath = <not implemented yet for class: org.codehaus.groovy.ast.expr.EmptyExpression>: null

2018-10-20 17:52:45 - [TEST_STEP][PASSED] - Statement - scrFile = driver.getScreenshotAs(FILE): null

2018-10-20 17:52:45 - [TEST_STEP][PASSED] - Statement - PreSaveFile = new java.io.File(PresavePath): null

2018-10-20 17:52:45 - [TEST_STEP][PASSED] - Statement - counter = 0: null

2018-10-20 17:52:45 - [TEST_STEP][PASSED] - Statement - If (PreSaveFile.exists()): null

2018-10-20 17:52:45 - [TEST_STEP][PASSED] - Statement - While (PreSaveFile.exists()): null

2018-10-20 17:52:45 - [TEST_STEP][PASSED] - Statement - counter = counter + 1: null

2018-10-20 17:52:45 - [TEST_STEP][PASSED] - Statement - PreSaveFile = new java.io.File(((pathPrefix + java.lang.Integer.toString(counter)) + .png)): null

2018-10-20 17:52:45 - [TEST_STEP][PASSED] - Statement - counter = counter + 1: null

2018-10-20 17:52:45 - [TEST_STEP][PASSED] - Statement - PreSaveFile = new java.io.File(((pathPrefix + java.lang.Integer.toString(counter)) + .png)): null

2018-10-20 17:52:45 - [TEST_STEP][PASSED] - Statement - counter = counter + 1: null

2018-10-20 17:52:45 - [TEST_STEP][PASSED] - Statement - PreSaveFile = new java.io.File(((pathPrefix + java.lang.Integer.toString(counter)) + .png)): null

2018-10-20 17:52:45 - [TEST_STEP][PASSED] - Statement - counter = counter + 1: null

2018-10-20 17:52:45 - [TEST_STEP][PASSED] - Statement - PreSaveFile = new java.io.File(((pathPrefix + java.lang.Integer.toString(counter)) + .png)): null

2018-10-20 17:52:45 - [TEST_STEP][PASSED] - Statement - counter = counter + 1: null

2018-10-20 17:52:45 - [TEST_STEP][PASSED] - Statement - PreSaveFile = new java.io.File(((pathPrefix + java.lang.Integer.toString(counter)) + .png)): null

2018-10-20 17:52:45 - [TEST_STEP][PASSED] - Statement - counter = counter + 1: null

2018-10-20 17:52:45 - [TEST_STEP][PASSED] - Statement - PreSaveFile = new java.io.File(((pathPrefix + java.lang.Integer.toString(counter)) + .png)): null

2018-10-20 17:52:45 - [TEST_STEP][PASSED] - Statement - counter = counter + 1: null

2018-10-20 17:52:45 - [TEST_STEP][PASSED] - Statement - PreSaveFile = new java.io.File(((pathPrefix + java.lang.Integer.toString(counter)) + .png)): null

2018-10-20 17:52:45 - [TEST_STEP][PASSED] - Statement - counter = counter + 1: null

2018-10-20 17:52:45 - [TEST_STEP][PASSED] - Statement - PreSaveFile = new java.io.File(((pathPrefix + java.lang.Integer.toString(counter)) + .png)): null

2018-10-20 17:52:45 - [TEST_STEP][PASSED] - Statement - counter = counter + 1: null

2018-10-20 17:52:45 - [TEST_STEP][PASSED] - Statement - PreSaveFile = new java.io.File(((pathPrefix + java.lang.Integer.toString(counter)) + .png)): null

2018-10-20 17:52:45 - [TEST_STEP][PASSED] - Statement - counter = counter + 1: null

2018-10-20 17:52:45 - [TEST_STEP][PASSED] - Statement - PreSaveFile = new java.io.File(((pathPrefix + java.lang.Integer.toString(counter)) + .png)): null

2018-10-20 17:52:45 - [TEST_STEP][PASSED] - Statement - counter = counter + 1: null

2018-10-20 17:52:45 - [TEST_STEP][PASSED] - Statement - PreSaveFile = new java.io.File(((pathPrefix + java.lang.Integer.toString(counter)) + .png)): null

2018-10-20 17:52:45 - [TEST_STEP][PASSED] - Statement - counter = counter + 1: null

2018-10-20 17:52:45 - [TEST_STEP][PASSED] - Statement - PreSaveFile = new java.io.File(((pathPrefix + java.lang.Integer.toString(counter)) + .png)): null

2018-10-20 17:52:45 - [TEST_STEP][PASSED] - Statement - counter = counter + 1: null

2018-10-20 17:52:45 - [TEST_STEP][PASSED] - Statement - PreSaveFile = new java.io.File(((pathPrefix + java.lang.Integer.toString(counter)) + .png)): null

2018-10-20 17:52:46 - [TEST_STEP][PASSED] - Statement - counter = counter + 1: null

2018-10-20 17:52:46 - [TEST_STEP][PASSED] - Statement - PreSaveFile = new java.io.File(((pathPrefix + java.lang.Integer.toString(counter)) + .png)): null

2018-10-20 17:52:46 - [TEST_STEP][PASSED] - Statement - counter = counter + 1: null

2018-10-20 17:52:46 - [TEST_STEP][PASSED] - Statement - PreSaveFile = new java.io.File(((pathPrefix + java.lang.Integer.toString(counter)) + .png)): null

2018-10-20 17:52:46 - [TEST_STEP][PASSED] - Statement - counter = counter + 1: null

2018-10-20 17:52:46 - [TEST_STEP][PASSED] - Statement - PreSaveFile = new java.io.File(((pathPrefix + java.lang.Integer.toString(counter)) + .png)): null

2018-10-20 17:52:46 - [TEST_STEP][PASSED] - Statement - counter = counter + 1: null

2018-10-20 17:52:46 - [TEST_STEP][PASSED] - Statement - PreSaveFile = new java.io.File(((pathPrefix + java.lang.Integer.toString(counter)) + .png)): null

2018-10-20 17:52:46 - [TEST_STEP][PASSED] - Statement - counter = counter + 1: null

2018-10-20 17:52:46 - [TEST_STEP][PASSED] - Statement - PreSaveFile = new java.io.File(((pathPrefix + java.lang.Integer.toString(counter)) + .png)): null

2018-10-20 17:52:46 - [TEST_STEP][PASSED] - Statement - counter = counter + 1: null

2018-10-20 17:52:46 - [TEST_STEP][PASSED] - Statement - PreSaveFile = new java.io.File(((pathPrefix + java.lang.Integer.toString(counter)) + .png)): null

2018-10-20 17:52:46 - [TEST_STEP][PASSED] - Statement - counter = counter + 1: null

2018-10-20 17:52:46 - [TEST_STEP][PASSED] - Statement - PreSaveFile = new java.io.File(((pathPrefix + java.lang.Integer.toString(counter)) + .png)): null

2018-10-20 17:52:46 - [TEST_STEP][PASSED] - Statement - counter = counter + 1: null

2018-10-20 17:52:46 - [TEST_STEP][PASSED] - Statement - PreSaveFile = new java.io.File(((pathPrefix + java.lang.Integer.toString(counter)) + .png)): null

2018-10-20 17:52:46 - [TEST_STEP][PASSED] - Statement - counter = counter + 1: null

2018-10-20 17:52:46 - [TEST_STEP][PASSED] - Statement - PreSaveFile = new java.io.File(((pathPrefix + java.lang.Integer.toString(counter)) + .png)): null

2018-10-20 17:52:46 - [TEST_STEP][PASSED] - Statement - counter = counter + 1: null

2018-10-20 17:52:46 - [TEST_STEP][PASSED] - Statement - PreSaveFile = new java.io.File(((pathPrefix + java.lang.Integer.toString(counter)) + .png)): null

2018-10-20 17:52:46 - [TEST_STEP][PASSED] - Statement - counter = counter + 1: null

2018-10-20 17:52:46 - [TEST_STEP][PASSED] - Statement - PreSaveFile = new java.io.File(((pathPrefix + java.lang.Integer.toString(counter)) + .png)): null

2018-10-20 17:52:46 - [TEST_STEP][PASSED] - Statement - counter = counter + 1: null

2018-10-20 17:52:46 - [TEST_STEP][PASSED] - Statement - PreSaveFile = new java.io.File(((pathPrefix + java.lang.Integer.toString(counter)) + .png)): null

2018-10-20 17:52:46 - [TEST_STEP][PASSED] - Statement - counter = counter + 1: null

2018-10-20 17:52:46 - [TEST_STEP][PASSED] - Statement - PreSaveFile = new java.io.File(((pathPrefix + java.lang.Integer.toString(counter)) + .png)): null

2018-10-20 17:52:46 - [TEST_STEP][PASSED] - Statement - counter = counter + 1: null

2018-10-20 17:52:46 - [TEST_STEP][PASSED] - Statement - PreSaveFile = new java.io.File(((pathPrefix + java.lang.Integer.toString(counter)) + .png)): null

2018-10-20 17:52:46 - [TEST_STEP][PASSED] - Statement - counter = counter + 1: null

2018-10-20 17:52:46 - [TEST_STEP][PASSED] - Statement - PreSaveFile = new java.io.File(((pathPrefix + java.lang.Integer.toString(counter)) + .png)): null

2018-10-20 17:52:46 - [TEST_STEP][PASSED] - Statement - counter = counter + 1: null

2018-10-20 17:52:46 - [TEST_STEP][PASSED] - Statement - PreSaveFile = new java.io.File(((pathPrefix + java.lang.Integer.toString(counter)) + .png)): null

2018-10-20 17:52:46 - [TEST_STEP][PASSED] - Statement - counter = counter + 1: null

2018-10-20 17:52:46 - [TEST_STEP][PASSED] - Statement - PreSaveFile = new java.io.File(((pathPrefix + java.lang.Integer.toString(counter)) + .png)): null

2018-10-20 17:52:46 - [TEST_STEP][PASSED] - Statement - counter = counter + 1: null

2018-10-20 17:52:46 - [TEST_STEP][PASSED] - Statement - PreSaveFile = new java.io.File(((pathPrefix + java.lang.Integer.toString(counter)) + .png)): null

2018-10-20 17:52:46 - [TEST_STEP][PASSED] - Statement - counter = counter + 1: null

2018-10-20 17:52:46 - [TEST_STEP][PASSED] - Statement - PreSaveFile = new java.io.File(((pathPrefix + java.lang.Integer.toString(counter)) + .png)): null

2018-10-20 17:52:46 - [TEST_STEP][PASSED] - Statement - counter = counter + 1: null

2018-10-20 17:52:46 - [TEST_STEP][PASSED] - Statement - PreSaveFile = new java.io.File(((pathPrefix + java.lang.Integer.toString(counter)) + .png)): null

2018-10-20 17:52:46 - [TEST_STEP][PASSED] - Statement - counter = counter + 1: null

2018-10-20 17:52:46 - [TEST_STEP][PASSED] - Statement - PreSaveFile = new java.io.File(((pathPrefix + java.lang.Integer.toString(counter)) + .png)): null

2018-10-20 17:52:46 - [TEST_STEP][PASSED] - Statement - counter = counter + 1: null

2018-10-20 17:52:46 - [TEST_STEP][PASSED] - Statement - PreSaveFile = new java.io.File(((pathPrefix + java.lang.Integer.toString(counter)) + .png)): null

2018-10-20 17:52:46 - [TEST_STEP][PASSED] - Statement - counter = counter + 1: null

2018-10-20 17:52:46 - [TEST_STEP][PASSED] - Statement - PreSaveFile = new java.io.File(((pathPrefix + java.lang.Integer.toString(counter)) + .png)): null

2018-10-20 17:52:46 - [TEST_STEP][PASSED] - Statement - counter = counter + 1: null

2018-10-20 17:52:46 - [TEST_STEP][PASSED] - Statement - PreSaveFile = new java.io.File(((pathPrefix + java.lang.Integer.toString(counter)) + .png)): null

2018-10-20 17:52:46 - [TEST_STEP][PASSED] - Statement - counter = counter + 1: null

2018-10-20 17:52:46 - [TEST_STEP][PASSED] - Statement - PreSaveFile = new java.io.File(((pathPrefix + java.lang.Integer.toString(counter)) + .png)): null

2018-10-20 17:52:46 - [TEST_STEP][PASSED] - Statement - counter = counter + 1: null

2018-10-20 17:52:46 - [TEST_STEP][PASSED] - Statement - PreSaveFile = new java.io.File(((pathPrefix + java.lang.Integer.toString(counter)) + .png)): null

2018-10-20 17:52:46 - [TEST_STEP][PASSED] - Statement - counter = counter + 1: null

2018-10-20 17:52:46 - [TEST_STEP][PASSED] - Statement - PreSaveFile = new java.io.File(((pathPrefix + java.lang.Integer.toString(counter)) + .png)): null

2018-10-20 17:52:46 - [TEST_STEP][PASSED] - Statement - counter = counter + 1: null

2018-10-20 17:52:46 - [TEST_STEP][PASSED] - Statement - PreSaveFile = new java.io.File(((pathPrefix + java.lang.Integer.toString(counter)) + .png)): null

2018-10-20 17:52:46 - [TEST_STEP][PASSED] - Statement - counter = counter + 1: null

2018-10-20 17:52:46 - [TEST_STEP][PASSED] - Statement - PreSaveFile = new java.io.File(((pathPrefix + java.lang.Integer.toString(counter)) + .png)): null

2018-10-20 17:52:46 - [TEST_STEP][PASSED] - Statement - counter = counter + 1: null

2018-10-20 17:52:46 - [TEST_STEP][PASSED] - Statement - PreSaveFile = new java.io.File(((pathPrefix + java.lang.Integer.toString(counter)) + .png)): null

2018-10-20 17:52:46 - [TEST_STEP][PASSED] - Statement - counter = counter + 1: null

2018-10-20 17:52:46 - [TEST_STEP][PASSED] - Statement - PreSaveFile = new java.io.File(((pathPrefix + java.lang.Integer.toString(counter)) + .png)): null

2018-10-20 17:52:46 - [TEST_STEP][PASSED] - Statement - counter = counter + 1: null

2018-10-20 17:52:46 - [TEST_STEP][PASSED] - Statement - PreSaveFile = new java.io.File(((pathPrefix + java.lang.Integer.toString(counter)) + .png)): null

2018-10-20 17:52:46 - [TEST_STEP][PASSED] - Statement - counter = counter + 1: null

2018-10-20 17:52:46 - [TEST_STEP][PASSED] - Statement - PreSaveFile = new java.io.File(((pathPrefix + java.lang.Integer.toString(counter)) + .png)): null

2018-10-20 17:52:46 - [TEST_STEP][PASSED] - Statement - counter = counter + 1: null

2018-10-20 17:52:46 - [TEST_STEP][PASSED] - Statement - PreSaveFile = new java.io.File(((pathPrefix + java.lang.Integer.toString(counter)) + .png)): null

2018-10-20 17:52:46 - [TEST_STEP][PASSED] - Statement - counter = counter + 1: null

2018-10-20 17:52:46 - [TEST_STEP][PASSED] - Statement - PreSaveFile = new java.io.File(((pathPrefix + java.lang.Integer.toString(counter)) + .png)): null

2018-10-20 17:52:46 - [TEST_STEP][PASSED] - Statement - counter = counter + 1: null

2018-10-20 17:52:46 - [TEST_STEP][PASSED] - Statement - PreSaveFile = new java.io.File(((pathPrefix + java.lang.Integer.toString(counter)) + .png)): null

2018-10-20 17:52:46 - [TEST_STEP][PASSED] - Statement - counter = counter + 1: null

2018-10-20 17:52:46 - [TEST_STEP][PASSED] - Statement - PreSaveFile = new java.io.File(((pathPrefix + java.lang.Integer.toString(counter)) + .png)): null

2018-10-20 17:52:46 - [TEST_STEP][PASSED] - Statement - counter = counter + 1: null

2018-10-20 17:52:46 - [TEST_STEP][PASSED] - Statement - PreSaveFile = new java.io.File(((pathPrefix + java.lang.Integer.toString(counter)) + .png)): null

2018-10-20 17:52:46 - [TEST_STEP][PASSED] - Statement - counter = counter + 1: null

2018-10-20 17:52:46 - [TEST_STEP][PASSED] - Statement - PreSaveFile = new java.io.File(((pathPrefix + java.lang.Integer.toString(counter)) + .png)): null

2018-10-20 17:52:46 - [TEST_STEP][PASSED] - Statement - counter = counter + 1: null

2018-10-20 17:52:46 - [TEST_STEP][PASSED] - Statement - PreSaveFile = new java.io.File(((pathPrefix + java.lang.Integer.toString(counter)) + .png)): null

2018-10-20 17:52:46 - [TEST_STEP][PASSED] - Statement - counter = counter + 1: null

2018-10-20 17:52:46 - [TEST_STEP][PASSED] - Statement - PreSaveFile = new java.io.File(((pathPrefix + java.lang.Integer.toString(counter)) + .png)): null

2018-10-20 17:52:46 - [TEST_STEP][PASSED] - Statement - counter = counter + 1: null

2018-10-20 17:52:46 - [TEST_STEP][PASSED] - Statement - PreSaveFile = new java.io.File(((pathPrefix + java.lang.Integer.toString(counter)) + .png)): null

2018-10-20 17:52:46 - [TEST_STEP][PASSED] - Statement - counter = counter + 1: null

2018-10-20 17:52:46 - [TEST_STEP][PASSED] - Statement - PreSaveFile = new java.io.File(((pathPrefix + java.lang.Integer.toString(counter)) + .png)): null

2018-10-20 17:52:46 - [TEST_STEP][PASSED] - Statement - counter = counter + 1: null

2018-10-20 17:52:46 - [TEST_STEP][PASSED] - Statement - PreSaveFile = new java.io.File(((pathPrefix + java.lang.Integer.toString(counter)) + .png)): null

2018-10-20 17:52:46 - [TEST_STEP][PASSED] - Statement - counter = counter + 1: null

2018-10-20 17:52:46 - [TEST_STEP][PASSED] - Statement - PreSaveFile = new java.io.File(((pathPrefix + java.lang.Integer.toString(counter)) + .png)): null

2018-10-20 17:52:46 - [TEST_STEP][PASSED] - Statement - counter = counter + 1: null

2018-10-20 17:52:46 - [TEST_STEP][PASSED] - Statement - PreSaveFile = new java.io.File(((pathPrefix + java.lang.Integer.toString(counter)) + .png)): null

2018-10-20 17:52:46 - [TEST_STEP][PASSED] - Statement - counter = counter + 1: null

2018-10-20 17:52:46 - [TEST_STEP][PASSED] - Statement - PreSaveFile = new java.io.File(((pathPrefix + java.lang.Integer.toString(counter)) + .png)): null

2018-10-20 17:52:46 - [TEST_STEP][PASSED] - Statement - counter = counter + 1: null

2018-10-20 17:52:46 - [TEST_STEP][PASSED] - Statement - PreSaveFile = new java.io.File(((pathPrefix + java.lang.Integer.toString(counter)) + .png)): null

2018-10-20 17:52:46 - [TEST_STEP][PASSED] - Statement - counter = counter + 1: null

2018-10-20 17:52:46 - [TEST_STEP][PASSED] - Statement - PreSaveFile = new java.io.File(((pathPrefix + java.lang.Integer.toString(counter)) + .png)): null

2018-10-20 17:52:46 - [TEST_STEP][PASSED] - Statement - counter = counter + 1: null

2018-10-20 17:52:46 - [TEST_STEP][PASSED] - Statement - PreSaveFile = new java.io.File(((pathPrefix + java.lang.Integer.toString(counter)) + .png)): null

2018-10-20 17:52:46 - [TEST_STEP][PASSED] - Statement - counter = counter + 1: null

2018-10-20 17:52:46 - [TEST_STEP][PASSED] - Statement - PreSaveFile = new java.io.File(((pathPrefix + java.lang.Integer.toString(counter)) + .png)): null

2018-10-20 17:52:46 - [TEST_STEP][PASSED] - Statement - counter = counter + 1: null

2018-10-20 17:52:46 - [TEST_STEP][PASSED] - Statement - PreSaveFile = new java.io.File(((pathPrefix + java.lang.Integer.toString(counter)) + .png)): null

2018-10-20 17:52:46 - [TEST_STEP][PASSED] - Statement - counter = counter + 1: null

2018-10-20 17:52:46 - [TEST_STEP][PASSED] - Statement - PreSaveFile = new java.io.File(((pathPrefix + java.lang.Integer.toString(counter)) + .png)): null

2018-10-20 17:52:46 - [TEST_STEP][PASSED] - Statement - counter = counter + 1: null

2018-10-20 17:52:46 - [TEST_STEP][PASSED] - Statement - PreSaveFile = new java.io.File(((pathPrefix + java.lang.Integer.toString(counter)) + .png)): null

2018-10-20 17:52:46 - [TEST_STEP][PASSED] - Statement - counter = counter + 1: null

2018-10-20 17:52:46 - [TEST_STEP][PASSED] - Statement - PreSaveFile = new java.io.File(((pathPrefix + java.lang.Integer.toString(counter)) + .png)): null

2018-10-20 17:52:46 - [TEST_STEP][PASSED] - Statement - counter = counter + 1: null

2018-10-20 17:52:46 - [TEST_STEP][PASSED] - Statement - PreSaveFile = new java.io.File(((pathPrefix + java.lang.Integer.toString(counter)) + .png)): null

2018-10-20 17:52:46 - [TEST_STEP][PASSED] - Statement - counter = counter + 1: null

2018-10-20 17:52:46 - [TEST_STEP][PASSED] - Statement - PreSaveFile = new java.io.File(((pathPrefix + java.lang.Integer.toString(counter)) + .png)): null

2018-10-20 17:52:46 - [TEST_STEP][PASSED] - Statement - counter = counter + 1: null

2018-10-20 17:52:46 - [TEST_STEP][PASSED] - Statement - PreSaveFile = new java.io.File(((pathPrefix + java.lang.Integer.toString(counter)) + .png)): null

2018-10-20 17:52:46 - [TEST_STEP][PASSED] - Statement - counter = counter + 1: null

2018-10-20 17:52:46 - [TEST_STEP][PASSED] - Statement - PreSaveFile = new java.io.File(((pathPrefix + java.lang.Integer.toString(counter)) + .png)): null

2018-10-20 17:52:46 - [TEST_STEP][PASSED] - Statement - counter = counter + 1: null

2018-10-20 17:52:46 - [TEST_STEP][PASSED] - Statement - PreSaveFile = new java.io.File(((pathPrefix + java.lang.Integer.toString(counter)) + .png)): null

2018-10-20 17:52:46 - [TEST_STEP][PASSED] - Statement - counter = counter + 1: null

2018-10-20 17:52:46 - [TEST_STEP][PASSED] - Statement - PreSaveFile = new java.io.File(((pathPrefix + java.lang.Integer.toString(counter)) + .png)): null

2018-10-20 17:52:46 - [TEST_STEP][PASSED] - Statement - counter = counter + 1: null

2018-10-20 17:52:46 - [TEST_STEP][PASSED] - Statement - PreSaveFile = new java.io.File(((pathPrefix + java.lang.Integer.toString(counter)) + .png)): null

2018-10-20 17:52:46 - [TEST_STEP][PASSED] - Statement - counter = counter + 1: null

2018-10-20 17:52:46 - [TEST_STEP][PASSED] - Statement - PreSaveFile = new java.io.File(((pathPrefix + java.lang.Integer.toString(counter)) + .png)): null

2018-10-20 17:52:46 - [TEST_STEP][PASSED] - Statement - counter = counter + 1: null

2018-10-20 17:52:46 - [TEST_STEP][PASSED] - Statement - PreSaveFile = new java.io.File(((pathPrefix + java.lang.Integer.toString(counter)) + .png)): null

2018-10-20 17:52:46 - [TEST_STEP][PASSED] - Statement - counter = counter + 1: null

2018-10-20 17:52:46 - [TEST_STEP][PASSED] - Statement - PreSaveFile = new java.io.File(((pathPrefix + java.lang.Integer.toString(counter)) + .png)): null

2018-10-20 17:52:46 - [TEST_STEP][PASSED] - Statement - counter = counter + 1: null

2018-10-20 17:52:46 - [TEST_STEP][PASSED] - Statement - PreSaveFile = new java.io.File(((pathPrefix + java.lang.Integer.toString(counter)) + .png)): null

2018-10-20 17:52:46 - [TEST_STEP][PASSED] - Statement - counter = counter + 1: null

2018-10-20 17:52:46 - [TEST_STEP][PASSED] - Statement - PreSaveFile = new java.io.File(((pathPrefix + java.lang.Integer.toString(counter)) + .png)): null

2018-10-20 17:52:46 - [TEST_STEP][PASSED] - Statement - counter = counter + 1: null

2018-10-20 17:52:46 - [TEST_STEP][PASSED] - Statement - PreSaveFile = new java.io.File(((pathPrefix + java.lang.Integer.toString(counter)) + .png)): null

2018-10-20 17:52:46 - [TEST_STEP][PASSED] - Statement - counter = counter + 1: null

2018-10-20 17:52:46 - [TEST_STEP][PASSED] - Statement - PreSaveFile = new java.io.File(((pathPrefix + java.lang.Integer.toString(counter)) + .png)): null

2018-10-20 17:52:46 - [TEST_STEP][PASSED] - Statement - counter = counter + 1: null

2018-10-20 17:52:46 - [TEST_STEP][PASSED] - Statement - PreSaveFile = new java.io.File(((pathPrefix + java.lang.Integer.toString(counter)) + .png)): null

2018-10-20 17:52:46 - [TEST_STEP][PASSED] - Statement - counter = counter + 1: null

2018-10-20 17:52:46 - [TEST_STEP][PASSED] - Statement - PreSaveFile = new java.io.File(((pathPrefix + java.lang.Integer.toString(counter)) + .png)): null

2018-10-20 17:52:46 - [TEST_STEP][PASSED] - Statement - counter = counter + 1: null

2018-10-20 17:52:46 - [TEST_STEP][PASSED] - Statement - PreSaveFile = new java.io.File(((pathPrefix + java.lang.Integer.toString(counter)) + .png)): null

2018-10-20 17:52:46 - [TEST_STEP][PASSED] - Statement - counter = counter + 1: null

2018-10-20 17:52:46 - [TEST_STEP][PASSED] - Statement - PreSaveFile = new java.io.File(((pathPrefix + java.lang.Integer.toString(counter)) + .png)): null

2018-10-20 17:52:46 - [TEST_STEP][PASSED] - Statement - counter = counter + 1: null

2018-10-20 17:52:46 - [TEST_STEP][PASSED] - Statement - PreSaveFile = new java.io.File(((pathPrefix + java.lang.Integer.toString(counter)) + .png)): null

2018-10-20 17:52:46 - [TEST_STEP][PASSED] - Statement - counter = counter + 1: null

2018-10-20 17:52:46 - [TEST_STEP][PASSED] - Statement - PreSaveFile = new java.io.File(((pathPrefix + java.lang.Integer.toString(counter)) + .png)): null

2018-10-20 17:52:46 - [TEST_STEP][PASSED] - Statement - counter = counter + 1: null

2018-10-20 17:52:46 - [TEST_STEP][PASSED] - Statement - PreSaveFile = new java.io.File(((pathPrefix + java.lang.Integer.toString(counter)) + .png)): null

2018-10-20 17:52:46 - [TEST_STEP][PASSED] - Statement - counter = counter + 1: null

2018-10-20 17:52:46 - [TEST_STEP][PASSED] - Statement - PreSaveFile = new java.io.File(((pathPrefix + java.lang.Integer.toString(counter)) + .png)): null

2018-10-20 17:52:46 - [TEST_STEP][PASSED] - Statement - counter = counter + 1: null

2018-10-20 17:52:46 - [TEST_STEP][PASSED] - Statement - PreSaveFile = new java.io.File(((pathPrefix + java.lang.Integer.toString(counter)) + .png)): null

2018-10-20 17:52:46 - [TEST_STEP][PASSED] - Statement - counter = counter + 1: null

2018-10-20 17:52:46 - [TEST_STEP][PASSED] - Statement - PreSaveFile = new java.io.File(((pathPrefix + java.lang.Integer.toString(counter)) + .png)): null

2018-10-20 17:52:46 - [TEST_STEP][PASSED] - Statement - counter = counter + 1: null

2018-10-20 17:52:46 - [TEST_STEP][PASSED] - Statement - PreSaveFile = new java.io.File(((pathPrefix + java.lang.Integer.toString(counter)) + .png)): null

2018-10-20 17:52:46 - [TEST_STEP][PASSED] - Statement - counter = counter + 1: null

2018-10-20 17:52:46 - [TEST_STEP][PASSED] - Statement - PreSaveFile = new java.io.File(((pathPrefix + java.lang.Integer.toString(counter)) + .png)): null

2018-10-20 17:52:46 - [TEST_STEP][PASSED] - Statement - counter = counter + 1: null

2018-10-20 17:52:46 - [TEST_STEP][PASSED] - Statement - PreSaveFile = new java.io.File(((pathPrefix + java.lang.Integer.toString(counter)) + .png)): null

2018-10-20 17:52:46 - [TEST_STEP][PASSED] - Statement - counter = counter + 1: null

2018-10-20 17:52:46 - [TEST_STEP][PASSED] - Statement - PreSaveFile = new java.io.File(((pathPrefix + java.lang.Integer.toString(counter)) + .png)): null

2018-10-20 17:52:46 - [TEST_STEP][PASSED] - Statement - counter = counter + 1: null

2018-10-20 17:52:46 - [TEST_STEP][PASSED] - Statement - PreSaveFile = new java.io.File(((pathPrefix + java.lang.Integer.toString(counter)) + .png)): null

2018-10-20 17:52:46 - [TEST_STEP][PASSED] - Statement - finalPath = pathPrefix + java.lang.Integer.toString(counter) + ".png": null

2018-10-20 17:52:46 - [TEST_STEP][PASSED] - Statement - SaveFile = new java.io.File(finalPath): null

2018-10-20 17:52:46 - [TEST_STEP][PASSED] - Statement - Try: null

2018-10-20 17:52:46 - [TEST_STEP][PASSED] - Statement - org.apache.commons.io.FileUtils.copyFile(scrFile, SaveFile): null

2018-10-20 17:52:46 - [TEST_STEP][PASSED] - Statement - out.println("file kept"): null

2018-10-20 17:52:46 - [TEST_STEP][PASSED] - delay: Delayed 10 second(s)

2018-10-20 17:52:56 - [MESSAGE][PASSED] - Delayed 10 second(s)

2018-10-20 17:52:56 - [MESSAGE][PASSED] - Call Test Case 'Test Cases/Final Aug 2018 - PKS Automation/Common/Screenshoting tool' successfully

2018-10-20 17:52:56 - [TEST_STEP][PASSED] - callTestCase: Call Test Case 'Test Cases/Final Aug 2018 - PKS Automation/Registration Module/Log Out/log out avoiding katalon tagging' successfully

2018-10-20 17:52:56 - [TEST_CASE][PASSED] - Test Cases/Final Aug 2018 - PKS Automation/Registration Module/Log Out/log out avoiding katalon tagging: Test Cases/Final Aug 2018 - PKS Automation/Registration Module/Log Out/log out avoiding katalon tagging

2018-10-20 17:52:56 - [TEST_STEP][PASSED] - navigateToUrl: Navigate to 'https://assist2-uat.perkeso.gov.my/c/portal/logout' successfully

2018-10-20 17:52:57 - [MESSAGE][PASSED] - Navigate to 'https://assist2-uat.perkeso.gov.my/c/portal/logout' successfully

2018-10-20 17:52:57 - [MESSAGE][PASSED] - Call Test Case 'Test Cases/Final Aug 2018 - PKS Automation/Registration Module/Log Out/log out avoiding katalon tagging' successfully

2018-10-20 17:52:57 - [TEST_STEP][FAILED] - callTestCase: Unable to call Test Case with id 'Test Cases/Final Aug 2018 - PKS Automation/Common/Workflow Owner Finder' (Root cause: Call Test Case 'Test Cases/Final Aug 2018 - PKS Automation/Common/Workflow Owner Finder' failed)

2018-10-20 17:52:57 - [TEST_CASE][FAILED] - Test Cases/Final Aug 2018 - PKS Automation/Common/Workflow Owner Finder: Test Cases/Final Aug 2018 - PKS Automation/Common/Workflow Owner Finder FAILED because (of) (Stack trace: com.kms.katalon.core.exception.StepFailedException: Unable to click on object 'Object Repository/Final Object Repo/Landing Page/Select to English' (Root cause: com.kms.katalon.core.webui.exception.WebElementNotFoundException: Web element with id: 'Object Repository/Final Object Repo/Landing Page/Select to English' located by 'By.xpath: //a[@class = 'taglib-language-list-text' and @lang = 'en-US' and (contains(text(), 'EN') or contains(., 'EN'))]' not found)
	at com.kms.katalon.core.keyword.internal.KeywordMain.stepFailed(KeywordMain.groovy:32)
	at com.kms.katalon.core.webui.keyword.internal.WebUIKeywordMain.stepFailed(WebUIKeywordMain.groovy:65)
	at com.kms.katalon.core.webui.keyword.internal.WebUIKeywordMain.runKeyword(WebUIKeywordMain.groovy:27)
	at com.kms.katalon.core.webui.keyword.builtin.ClickKeyword.click(ClickKeyword.groovy:86)
	at com.kms.katalon.core.webui.keyword.builtin.ClickKeyword.execute(ClickKeyword.groovy:67)
	at com.kms.katalon.core.keyword.internal.KeywordExecutor.executeKeywordForPlatform(KeywordExecutor.groovy:53)
	at com.kms.katalon.core.webui.keyword.WebUiBuiltInKeywords.click(WebUiBuiltInKeywords.groovy:604)
	at com.kms.katalon.core.webui.keyword.WebUiBuiltInKeywords$click$6.call(Unknown Source)
	at Script1534407542420.run(Script1534407542420.groovy:57)
	at com.kms.katalon.core.main.ScriptEngine.run(ScriptEngine.java:183)
	at com.kms.katalon.core.main.ScriptEngine.runScriptAsRawText(ScriptEngine.java:108)
	at com.kms.katalon.core.main.TestCaseExecutor.runScript(TestCaseExecutor.java:294)
	at com.kms.katalon.core.main.TestCaseExecutor.doExecute(TestCaseExecutor.java:285)
	at com.kms.katalon.core.main.TestCaseExecutor.processExecutionPhase(TestCaseExecutor.java:264)
	at com.kms.katalon.core.main.TestCaseExecutor.accessMainPhase(TestCaseExecutor.java:256)
	at com.kms.katalon.core.main.TestCaseExecutor.execute(TestCaseExecutor.java:200)
	at com.kms.katalon.core.main.TestCaseMain.runTestCase(TestCaseMain.java:99)
	at com.kms.katalon.core.keyword.builtin.CallTestCaseKeyword$_callTestCase_closure1.doCall(CallTestCaseKeyword.groovy:60)
	at com.kms.katalon.core.keyword.builtin.CallTestCaseKeyword$_callTestCase_closure1.call(CallTestCaseKeyword.groovy)
	at com.kms.katalon.core.keyword.internal.KeywordMain.runKeyword(KeywordMain.groovy:54)
	at com.kms.katalon.core.keyword.builtin.CallTestCaseKeyword.callTestCase(CallTestCaseKeyword.groovy:81)
	at com.kms.katalon.core.keyword.builtin.CallTestCaseKeyword.execute(CallTestCaseKeyword.groovy:45)
	at com.kms.katalon.core.keyword.internal.KeywordExecutor.executeKeywordForPlatform(KeywordExecutor.groovy:53)
	at com.kms.katalon.core.keyword.BuiltinKeywords.callTestCase(BuiltinKeywords.groovy:334)
	at sun.reflect.GeneratedMethodAccessor13.invoke(Unknown Source)
	at sun.reflect.DelegatingMethodAccessorImpl.invoke(DelegatingMethodAccessorImpl.java:43)
	at java.lang.reflect.Method.invoke(Method.java:498)
	at org.codehaus.groovy.reflection.CachedMethod.invoke(CachedMethod.java:93)
	at groovy.lang.MetaMethod.doMethodInvoke(MetaMethod.java:325)
	at groovy.lang.MetaClassImpl.invokeStaticMethod(MetaClassImpl.java:1469)
	at org.codehaus.groovy.runtime.callsite.StaticMetaClassSite.call(StaticMetaClassSite.java:53)
	at org.codehaus.groovy.runtime.callsite.CallSiteArray.defaultCall(CallSiteArray.java:48)
	at org.codehaus.groovy.runtime.callsite.AbstractCallSite.call(AbstractCallSite.java:113)
	at org.codehaus.groovy.runtime.callsite.AbstractCallSite.call(AbstractCallSite.java:141)
	at Script1537255642276.run(Script1537255642276.groovy:111)
	at com.kms.katalon.core.main.ScriptEngine.run(ScriptEngine.java:183)
	at com.kms.katalon.core.main.ScriptEngine.runScriptAsRawText(ScriptEngine.java:108)
	at com.kms.katalon.core.main.TestCaseExecutor.runScript(TestCaseExecutor.java:294)
	at com.kms.katalon.core.main.TestCaseExecutor.doExecute(TestCaseExecutor.java:285)
	at com.kms.katalon.core.main.TestCaseExecutor.processExecutionPhase(TestCaseExecutor.java:264)
	at com.kms.katalon.core.main.TestCaseExecutor.accessMainPhase(TestCaseExecutor.java:256)
	at com.kms.katalon.core.main.TestCaseExecutor.execute(TestCaseExecutor.java:200)
	at com.kms.katalon.core.main.TestSuiteExecutor.accessTestCaseMainPhase(TestSuiteExecutor.java:129)
	at com.kms.katalon.core.main.TestSuiteExecutor.accessTestSuiteMainPhase(TestSuiteExecutor.java:112)
	at com.kms.katalon.core.main.TestSuiteExecutor.execute(TestSuiteExecutor.java:81)
	at com.kms.katalon.core.main.TestCaseMain.startTestSuite(TestCaseMain.java:142)
	at com.kms.katalon.core.main.TestCaseMain$startTestSuite$0.call(Unknown Source)
	at org.codehaus.groovy.runtime.callsite.CallSiteArray.defaultCall(CallSiteArray.java:48)
	at org.codehaus.groovy.runtime.callsite.AbstractCallSite.call(AbstractCallSite.java:113)
	at org.codehaus.groovy.runtime.callsite.AbstractCallSite.call(AbstractCallSite.java:141)
	at TempTestSuite1540012262067.run(TempTestSuite1540012262067.groovy:36)
	at groovy.lang.GroovyShell.runScriptOrMainOrTestOrRunnable(GroovyShell.java:263)
	at groovy.lang.GroovyShell.run(GroovyShell.java:518)
	at groovy.lang.GroovyShell.run(GroovyShell.java:507)
	at groovy.ui.GroovyMain.processOnce(GroovyMain.java:653)
	at groovy.ui.GroovyMain.run(GroovyMain.java:384)
	at groovy.ui.GroovyMain.process(GroovyMain.java:370)
	at groovy.ui.GroovyMain.processArgs(GroovyMain.java:129)
	at groovy.ui.GroovyMain.main(GroovyMain.java:109)
	at sun.reflect.NativeMethodAccessorImpl.invoke0(Native Method)
	at sun.reflect.NativeMethodAccessorImpl.invoke(NativeMethodAccessorImpl.java:62)
	at sun.reflect.DelegatingMethodAccessorImpl.invoke(DelegatingMethodAccessorImpl.java:43)
	at java.lang.reflect.Method.invoke(Method.java:498)
	at org.codehaus.groovy.tools.GroovyStarter.rootLoader(GroovyStarter.java:109)
	at org.codehaus.groovy.tools.GroovyStarter.main(GroovyStarter.java:131)
)

2018-10-20 17:52:57 - [TEST_STEP][PASSED] - openBrowser: Browser is opened with url: ''

2018-10-20 17:52:57 - [MESSAGE][WARNING] - A browser is already opened. Closing browser and opening a new one

2018-10-20 17:53:01 - [MESSAGE][PASSED] - Browser is opened with url: ''

2018-10-20 17:53:01 - [TEST_STEP][PASSED] - navigateToUrl: Navigate to 'https://assist2-uat.perkeso.gov.my/login' successfully

2018-10-20 17:53:03 - [MESSAGE][PASSED] - Navigate to 'https://assist2-uat.perkeso.gov.my/login' successfully

2018-10-20 17:53:03 - [TEST_STEP][PASSED] - delay: Delayed 5 second(s)

2018-10-20 17:53:08 - [MESSAGE][PASSED] - Delayed 5 second(s)

2018-10-20 17:53:08 - [TEST_STEP][PASSED] - setText: Text 'test@liferay.com' is set on object 'Object Repository/Final Object Repo/Login Page/Internal User/Email Address'

2018-10-20 17:53:08 - [MESSAGE][PASSED] - Text 'test@liferay.com' is set on object 'Object Repository/Final Object Repo/Login Page/Internal User/Email Address'

2018-10-20 17:53:08 - [TEST_STEP][PASSED] - click: Object: 'Object Repository/Final Object Repo/Login Page/Internal User/Next Button' is clicked on

2018-10-20 17:53:09 - [MESSAGE][PASSED] - Object: 'Object Repository/Final Object Repo/Login Page/Internal User/Next Button' is clicked on

2018-10-20 17:53:09 - [TEST_STEP][PASSED] - delay: Delayed 2 second(s)

2018-10-20 17:53:11 - [MESSAGE][PASSED] - Delayed 2 second(s)

2018-10-20 17:53:11 - [TEST_STEP][PASSED] - setText: Text 'test' is set on object 'Object Repository/Final Object Repo/Login Page/Internal User/Password'

2018-10-20 17:53:11 - [MESSAGE][PASSED] - Text 'test' is set on object 'Object Repository/Final Object Repo/Login Page/Internal User/Password'

2018-10-20 17:53:11 - [TEST_STEP][PASSED] - delay: Delayed 2 second(s)

2018-10-20 17:53:13 - [MESSAGE][PASSED] - Delayed 2 second(s)

2018-10-20 17:53:13 - [TEST_STEP][PASSED] - click: Object: 'Object Repository/Final Object Repo/Login Page/Internal User/Login Button' is clicked on

2018-10-20 17:53:13 - [MESSAGE][PASSED] - Object: 'Object Repository/Final Object Repo/Login Page/Internal User/Login Button' is clicked on

2018-10-20 17:53:13 - [TEST_STEP][FAILED] - Statement - Try: Delayed 2 second(s)

2018-10-20 17:53:13 - [TEST_STEP][PASSED] - Statement - Checker = false: null

2018-10-20 17:53:13 - [TEST_STEP][PASSED] - Statement - Checker = com.kms.katalon.core.webui.keyword.WebUiBuiltInKeywords.verifyElementHasAttribute(com.kms.katalon.core.testobject.ObjectRepository.findTestObject(Final Object Repo/Landing Page/BM Detecting), "href", 20, OPTIONAL): Unable to verify if object 'Object Repository/Final Object Repo/Landing Page/BM Detecting' has attribute 'href' (Root cause: org.openqa.selenium.StaleElementReferenceException: stale element reference: element is not attached to the page document
  (Session info: chrome=69.0.3497.100)
  (Driver info: chromedriver=2.35.528161 (5b82f2d2aae0ca24b877009200ced9065a772e73),platform=Windows NT 6.1.7601 SP1 x86_64) (WARNING: The server did not provide any stacktrace information)
Command duration or timeout: 0 milliseconds
For documentation on this error, please visit: http://seleniumhq.org/exceptions/stale_element_reference.html
Build info: version: '3.7.1', revision: '8a0099a', time: '2017-11-06T21:07:36.161Z'
System info: host: 'WEIZHENG', ip: '192.168.137.1', os.name: 'Windows 7', os.arch: 'amd64', os.version: '6.1', java.version: '1.8.0_181'
Driver info: com.kms.katalon.selenium.driver.CChromeDriver
Capabilities {acceptInsecureCerts: false, acceptSslCerts: false, applicationCacheEnabled: false, browserConnectionEnabled: false, browserName: chrome, chrome: {chromedriverVersion: 2.35.528161 (5b82f2d2aae0ca..., userDataDir: C:\Users\WEIZHE~1\AppData\L...}, cssSelectorsEnabled: true, databaseEnabled: false, handlesAlerts: true, hasTouchScreen: false, javascriptEnabled: true, locationContextEnabled: true, mobileEmulationEnabled: false, nativeEvents: true, networkConnectionEnabled: false, pageLoadStrategy: normal, platform: XP, platformName: XP, rotatable: false, setWindowRect: true, takesHeapSnapshot: true, takesScreenshot: true, unexpectedAlertBehaviour: , unhandledPromptBehavior: , version: 69.0.3497.100, webStorageEnabled: true}
Session ID: e5c20753b9db3d47d4bc03cd35715c7f)

2018-10-20 17:53:16 - [MESSAGE][WARNING] - Unable to verify if object 'Object Repository/Final Object Repo/Landing Page/BM Detecting' has attribute 'href' (Root cause: org.openqa.selenium.StaleElementReferenceException: stale element reference: element is not attached to the page document
  (Session info: chrome=69.0.3497.100)
  (Driver info: chromedriver=2.35.528161 (5b82f2d2aae0ca24b877009200ced9065a772e73),platform=Windows NT 6.1.7601 SP1 x86_64) (WARNING: The server did not provide any stacktrace information)
Command duration or timeout: 0 milliseconds
For documentation on this error, please visit: http://seleniumhq.org/exceptions/stale_element_reference.html
Build info: version: '3.7.1', revision: '8a0099a', time: '2017-11-06T21:07:36.161Z'
System info: host: 'WEIZHENG', ip: '192.168.137.1', os.name: 'Windows 7', os.arch: 'amd64', os.version: '6.1', java.version: '1.8.0_181'
Driver info: com.kms.katalon.selenium.driver.CChromeDriver
Capabilities {acceptInsecureCerts: false, acceptSslCerts: false, applicationCacheEnabled: false, browserConnectionEnabled: false, browserName: chrome, chrome: {chromedriverVersion: 2.35.528161 (5b82f2d2aae0ca..., userDataDir: C:\Users\WEIZHE~1\AppData\L...}, cssSelectorsEnabled: true, databaseEnabled: false, handlesAlerts: true, hasTouchScreen: false, javascriptEnabled: true, locationContextEnabled: true, mobileEmulationEnabled: false, nativeEvents: true, networkConnectionEnabled: false, pageLoadStrategy: normal, platform: XP, platformName: XP, rotatable: false, setWindowRect: true, takesHeapSnapshot: true, takesScreenshot: true, unexpectedAlertBehaviour: , unhandledPromptBehavior: , version: 69.0.3497.100, webStorageEnabled: true}
Session ID: e5c20753b9db3d47d4bc03cd35715c7f)
[[ATTACHMENT|C:\\Users\\LENOVO\\Katalon Studio\\Perkeso Phase A\\Reports\\Workflow\\Update Add New Employee\\20181020_131102\\1540029196253.png]]

2018-10-20 17:53:16 - [TEST_STEP][PASSED] - Statement - out.println(Checker): null

2018-10-20 17:53:16 - [TEST_STEP][FAILED] - Statement - If (Checker == false): Unable to click on object 'Object Repository/Final Object Repo/Landing Page/Select to English' (Root cause: com.kms.katalon.core.webui.exception.WebElementNotFoundException: Web element with id: 'Object Repository/Final Object Repo/Landing Page/Select to English' located by 'By.xpath: //a[@class = 'taglib-language-list-text' and @lang = 'en-US' and (contains(text(), 'EN') or contains(., 'EN'))]' not found)

2018-10-20 17:53:16 - [TEST_STEP][FAILED] - click: Unable to click on object 'Object Repository/Final Object Repo/Landing Page/Select to English' (Root cause: com.kms.katalon.core.webui.exception.WebElementNotFoundException: Web element with id: 'Object Repository/Final Object Repo/Landing Page/Select to English' located by 'By.xpath: //a[@class = 'taglib-language-list-text' and @lang = 'en-US' and (contains(text(), 'EN') or contains(., 'EN'))]' not found)

2018-10-20 17:53:56 - [MESSAGE][FAILED] - Unable to click on object 'Object Repository/Final Object Repo/Landing Page/Select to English' (Root cause: com.kms.katalon.core.webui.exception.WebElementNotFoundException: Web element with id: 'Object Repository/Final Object Repo/Landing Page/Select to English' located by 'By.xpath: //a[@class = 'taglib-language-list-text' and @lang = 'en-US' and (contains(text(), 'EN') or contains(., 'EN'))]' not found)
[[ATTACHMENT|C:\\Users\\LENOVO\\Katalon Studio\\Perkeso Phase A\\Reports\\Workflow\\Update Add New Employee\\20181020_131102\\1540029236498.png]]

2018-10-20 17:53:56 - [TEST_STEP][PASSED] - delay: Delayed 2 second(s)

2018-10-20 17:53:58 - [MESSAGE][PASSED] - Delayed 2 second(s)

2018-10-20 17:53:58 - [TEST_STEP][PASSED] - delay: Delayed 3 second(s)

2018-10-20 17:54:01 - [MESSAGE][PASSED] - Delayed 3 second(s)

2018-10-20 17:54:01 - [TEST_STEP][PASSED] - mouseOver: Object: 'Object Repository/Final Object Repo/Landing Page/WorkFlow Menu' is hovered

2018-10-20 17:54:01 - [MESSAGE][PASSED] - Object: 'Object Repository/Final Object Repo/Landing Page/WorkFlow Menu' is hovered

2018-10-20 17:54:01 - [TEST_STEP][PASSED] - delay: Delayed 2 second(s)

2018-10-20 17:54:03 - [MESSAGE][PASSED] - Delayed 2 second(s)

2018-10-20 17:54:03 - [TEST_STEP][PASSED] - click: Object: 'Object Repository/Final Object Repo/Landing Page/Select to Workflow Listing' is clicked on

2018-10-20 17:54:05 - [MESSAGE][PASSED] - Object: 'Object Repository/Final Object Repo/Landing Page/Select to Workflow Listing' is clicked on

2018-10-20 17:54:05 - [TEST_STEP][PASSED] - delay: Delayed 2 second(s)

2018-10-20 17:54:07 - [MESSAGE][PASSED] - Delayed 2 second(s)

2018-10-20 17:54:07 - [TEST_STEP][PASSED] - click: Object: 'Object Repository/Final Object Repo/WorkFlow Listing Page/Search Information - To Put Ref No' is clicked on

2018-10-20 17:54:07 - [MESSAGE][PASSED] - Object: 'Object Repository/Final Object Repo/WorkFlow Listing Page/Search Information - To Put Ref No' is clicked on

2018-10-20 17:54:07 - [TEST_STEP][PASSED] - delay: Delayed 2 second(s)

2018-10-20 17:54:09 - [MESSAGE][PASSED] - Delayed 2 second(s)

2018-10-20 17:54:09 - [TEST_STEP][PASSED] - callTestCase: Call Test Case 'Test Cases/Final Aug 2018 - PKS Automation/Common/Reference Number Getter' successfully

2018-10-20 17:54:09 - [TEST_CASE][PASSED] - Test Cases/Final Aug 2018 - PKS Automation/Common/Reference Number Getter: Test Cases/Final Aug 2018 - PKS Automation/Common/Reference Number Getter

2018-10-20 17:54:09 - [TEST_STEP][PASSED] - Statement - Try: null

2018-10-20 17:54:09 - [TEST_STEP][PASSED] - Statement - RefNo = new java.io.File(C://KatalonReference.txt): null

2018-10-20 17:54:09 - [TEST_STEP][PASSED] - Statement - bufferread = new java.io.BufferedReader(new java.io.FileReader(RefNo)): null

2018-10-20 17:54:09 - [TEST_STEP][PASSED] - Statement - readedVal = bufferread.readLine(): null

2018-10-20 17:54:09 - [TEST_STEP][PASSED] - Statement - out.println(CaseReferenceNo): null

2018-10-20 17:54:09 - [TEST_STEP][PASSED] - Statement - out.println(readedVal): null

2018-10-20 17:54:09 - [TEST_STEP][PASSED] - Statement - CaseReferenceNo = readedVal: null

2018-10-20 17:54:09 - [MESSAGE][PASSED] - Call Test Case 'Test Cases/Final Aug 2018 - PKS Automation/Common/Reference Number Getter' successfully

2018-10-20 17:54:09 - [TEST_STEP][PASSED] - setText: Text 'CAN10201800002061' is set on object 'Object Repository/Final Object Repo/WorkFlow Listing Page/Ref No Set Text'

2018-10-20 17:54:09 - [MESSAGE][PASSED] - Text 'CAN10201800002061' is set on object 'Object Repository/Final Object Repo/WorkFlow Listing Page/Ref No Set Text'

2018-10-20 17:54:09 - [TEST_STEP][PASSED] - delay: Delayed 2 second(s)

2018-10-20 17:54:11 - [MESSAGE][PASSED] - Delayed 2 second(s)

2018-10-20 17:54:11 - [TEST_STEP][PASSED] - click: Object: 'Object Repository/Final Object Repo/WorkFlow Listing Page/Search Ref No Search Button' is clicked on

2018-10-20 17:54:11 - [MESSAGE][PASSED] - Object: 'Object Repository/Final Object Repo/WorkFlow Listing Page/Search Ref No Search Button' is clicked on

2018-10-20 17:54:11 - [TEST_STEP][PASSED] - delay: Delayed 4 second(s)

2018-10-20 17:54:15 - [MESSAGE][PASSED] - Delayed 4 second(s)

2018-10-20 17:54:15 - [TEST_STEP][PASSED] - click: Object: 'Object Repository/Final Object Repo/WorkFlow Listing Page/Click Continue Tooltip' is clicked on

2018-10-20 17:54:16 - [MESSAGE][PASSED] - Object: 'Object Repository/Final Object Repo/WorkFlow Listing Page/Click Continue Tooltip' is clicked on

2018-10-20 17:54:16 - [TEST_STEP][PASSED] - delay: Delayed 5 second(s)

2018-10-20 17:54:21 - [MESSAGE][PASSED] - Delayed 5 second(s)

2018-10-20 17:54:21 - [TEST_STEP][PASSED] - doubleClick: Object: 'Object Repository/Final Object Repo/WorkFlow Listing Page/Workflow Found - Listing 1' is double clicked on

2018-10-20 17:54:22 - [MESSAGE][PASSED] - Object: 'Object Repository/Final Object Repo/WorkFlow Listing Page/Workflow Found - Listing 1' is double clicked on

2018-10-20 17:54:22 - [TEST_STEP][PASSED] - Statement - println(OwnerID): null

2018-10-20 17:54:22 - [TEST_STEP][PASSED] - Statement - OwnerID = com.kms.katalon.core.webui.keyword.WebUiBuiltInKeywords.getText(com.kms.katalon.core.testobject.ObjectRepository.findTestObject(Final Object Repo/WorkFlow Listing Page/Workflow Found - Listing 1), STOP_ON_FAILURE): Text of object 'Object Repository/Final Object Repo/WorkFlow Listing Page/Workflow Found - Listing 1' is: 'JOHORro2'

2018-10-20 17:54:22 - [MESSAGE][PASSED] - Text of object 'Object Repository/Final Object Repo/WorkFlow Listing Page/Workflow Found - Listing 1' is: 'JOHORro2'

2018-10-20 17:54:22 - [TEST_STEP][PASSED] - Statement - OwnerID = OwnerID.toLowerCase() + "@gmail.com": null

2018-10-20 17:54:22 - [TEST_STEP][PASSED] - Statement - println(OwnerID): null

2018-10-20 17:54:22 - [TEST_STEP][PASSED] - delay: Delayed 2 second(s)

2018-10-20 17:54:24 - [MESSAGE][PASSED] - Delayed 2 second(s)

2018-10-20 17:54:24 - [MESSAGE][FAILED] - Unable to call Test Case with id 'Test Cases/Final Aug 2018 - PKS Automation/Common/Workflow Owner Finder' (Root cause: Call Test Case 'Test Cases/Final Aug 2018 - PKS Automation/Common/Workflow Owner Finder' failed)]]></system-out>
         <system-err><![CDATA[2018-10-20 17:42:36 - [TEST_CASE][FAILED] - Test Cases/Final Aug 2018 - PKS Automation/Registration Module/Workflow/Update Add New Employee/Special Case (Employer - RO Approve): Test Cases/Final Aug 2018 - PKS Automation/Registration Module/Workflow/Update Add New Employee/Special Case (Employer - RO Approve) FAILED because (of) (Stack trace: com.kms.katalon.core.exception.StepFailedException: Unable to click on object 'Object Repository/Final Object Repo/Landing Page/Select to English' (Root cause: com.kms.katalon.core.webui.exception.WebElementNotFoundException: Web element with id: 'Object Repository/Final Object Repo/Landing Page/Select to English' located by 'By.xpath: //a[@class = 'taglib-language-list-text' and @lang = 'en-US' and (contains(text(), 'EN') or contains(., 'EN'))]' not found)
	at com.kms.katalon.core.keyword.internal.KeywordMain.stepFailed(KeywordMain.groovy:32)
	at com.kms.katalon.core.webui.keyword.internal.WebUIKeywordMain.stepFailed(WebUIKeywordMain.groovy:65)
	at com.kms.katalon.core.webui.keyword.internal.WebUIKeywordMain.runKeyword(WebUIKeywordMain.groovy:27)
	at com.kms.katalon.core.webui.keyword.builtin.ClickKeyword.click(ClickKeyword.groovy:86)
	at com.kms.katalon.core.webui.keyword.builtin.ClickKeyword.execute(ClickKeyword.groovy:67)
	at com.kms.katalon.core.keyword.internal.KeywordExecutor.executeKeywordForPlatform(KeywordExecutor.groovy:53)
	at com.kms.katalon.core.webui.keyword.WebUiBuiltInKeywords.click(WebUiBuiltInKeywords.groovy:604)
	at com.kms.katalon.core.webui.keyword.WebUiBuiltInKeywords$click$6.call(Unknown Source)
	at Script1534407542420.run(Script1534407542420.groovy:57)
	at com.kms.katalon.core.main.ScriptEngine.run(ScriptEngine.java:183)
	at com.kms.katalon.core.main.ScriptEngine.runScriptAsRawText(ScriptEngine.java:108)
	at com.kms.katalon.core.main.TestCaseExecutor.runScript(TestCaseExecutor.java:294)
	at com.kms.katalon.core.main.TestCaseExecutor.doExecute(TestCaseExecutor.java:285)
	at com.kms.katalon.core.main.TestCaseExecutor.processExecutionPhase(TestCaseExecutor.java:264)
	at com.kms.katalon.core.main.TestCaseExecutor.accessMainPhase(TestCaseExecutor.java:256)
	at com.kms.katalon.core.main.TestCaseExecutor.execute(TestCaseExecutor.java:200)
	at com.kms.katalon.core.main.TestCaseMain.runTestCase(TestCaseMain.java:99)
	at com.kms.katalon.core.keyword.builtin.CallTestCaseKeyword$_callTestCase_closure1.doCall(CallTestCaseKeyword.groovy:60)
	at com.kms.katalon.core.keyword.builtin.CallTestCaseKeyword$_callTestCase_closure1.call(CallTestCaseKeyword.groovy)
	at com.kms.katalon.core.keyword.internal.KeywordMain.runKeyword(KeywordMain.groovy:54)
	at com.kms.katalon.core.keyword.builtin.CallTestCaseKeyword.callTestCase(CallTestCaseKeyword.groovy:81)
	at com.kms.katalon.core.keyword.builtin.CallTestCaseKeyword.execute(CallTestCaseKeyword.groovy:45)
	at com.kms.katalon.core.keyword.internal.KeywordExecutor.executeKeywordForPlatform(KeywordExecutor.groovy:53)
	at com.kms.katalon.core.keyword.BuiltinKeywords.callTestCase(BuiltinKeywords.groovy:334)
	at sun.reflect.GeneratedMethodAccessor13.invoke(Unknown Source)
	at sun.reflect.DelegatingMethodAccessorImpl.invoke(DelegatingMethodAccessorImpl.java:43)
	at java.lang.reflect.Method.invoke(Method.java:498)
	at org.codehaus.groovy.reflection.CachedMethod.invoke(CachedMethod.java:93)
	at groovy.lang.MetaMethod.doMethodInvoke(MetaMethod.java:325)
	at groovy.lang.MetaClassImpl.invokeStaticMethod(MetaClassImpl.java:1469)
	at org.codehaus.groovy.runtime.callsite.StaticMetaClassSite.call(StaticMetaClassSite.java:53)
	at org.codehaus.groovy.runtime.callsite.CallSiteArray.defaultCall(CallSiteArray.java:48)
	at org.codehaus.groovy.runtime.callsite.AbstractCallSite.call(AbstractCallSite.java:113)
	at org.codehaus.groovy.runtime.callsite.AbstractCallSite.call(AbstractCallSite.java:141)
	at Script1537255642276.run(Script1537255642276.groovy:111)
	at com.kms.katalon.core.main.ScriptEngine.run(ScriptEngine.java:183)
	at com.kms.katalon.core.main.ScriptEngine.runScriptAsRawText(ScriptEngine.java:108)
	at com.kms.katalon.core.main.TestCaseExecutor.runScript(TestCaseExecutor.java:294)
	at com.kms.katalon.core.main.TestCaseExecutor.doExecute(TestCaseExecutor.java:285)
	at com.kms.katalon.core.main.TestCaseExecutor.processExecutionPhase(TestCaseExecutor.java:264)
	at com.kms.katalon.core.main.TestCaseExecutor.accessMainPhase(TestCaseExecutor.java:256)
	at com.kms.katalon.core.main.TestCaseExecutor.execute(TestCaseExecutor.java:200)
	at com.kms.katalon.core.main.TestSuiteExecutor.accessTestCaseMainPhase(TestSuiteExecutor.java:129)
	at com.kms.katalon.core.main.TestSuiteExecutor.accessTestSuiteMainPhase(TestSuiteExecutor.java:112)
	at com.kms.katalon.core.main.TestSuiteExecutor.execute(TestSuiteExecutor.java:81)
	at com.kms.katalon.core.main.TestCaseMain.startTestSuite(TestCaseMain.java:142)
	at com.kms.katalon.core.main.TestCaseMain$startTestSuite$0.call(Unknown Source)
	at org.codehaus.groovy.runtime.callsite.CallSiteArray.defaultCall(CallSiteArray.java:48)
	at org.codehaus.groovy.runtime.callsite.AbstractCallSite.call(AbstractCallSite.java:113)
	at org.codehaus.groovy.runtime.callsite.AbstractCallSite.call(AbstractCallSite.java:141)
	at TempTestSuite1540012262067.run(TempTestSuite1540012262067.groovy:36)
	at groovy.lang.GroovyShell.runScriptOrMainOrTestOrRunnable(GroovyShell.java:263)
	at groovy.lang.GroovyShell.run(GroovyShell.java:518)
	at groovy.lang.GroovyShell.run(GroovyShell.java:507)
	at groovy.ui.GroovyMain.processOnce(GroovyMain.java:653)
	at groovy.ui.GroovyMain.run(GroovyMain.java:384)
	at groovy.ui.GroovyMain.process(GroovyMain.java:370)
	at groovy.ui.GroovyMain.processArgs(GroovyMain.java:129)
	at groovy.ui.GroovyMain.main(GroovyMain.java:109)
	at sun.reflect.NativeMethodAccessorImpl.invoke0(Native Method)
	at sun.reflect.NativeMethodAccessorImpl.invoke(NativeMethodAccessorImpl.java:62)
	at sun.reflect.DelegatingMethodAccessorImpl.invoke(DelegatingMethodAccessorImpl.java:43)
	at java.lang.reflect.Method.invoke(Method.java:498)
	at org.codehaus.groovy.tools.GroovyStarter.rootLoader(GroovyStarter.java:109)
	at org.codehaus.groovy.tools.GroovyStarter.main(GroovyStarter.java:131)
)]]></system-err>
      </testcase>
      <testcase name="Test Cases/Final Aug 2018 - PKS Automation/Registration Module/Workflow/Update Add New Employee/Special Case (Employer - RO Query - OTC Upload Pending Case - RO Approve)" classname="Test Cases/Final Aug 2018 - PKS Automation/Registration Module/Workflow/Update Add New Employee/Special Case (Employer - RO Query - OTC Upload Pending Case - RO Approve)" status="FAILED">
         <failure type="FAILED" message="(Stack trace: com.kms.katalon.core.exception.StepFailedException: Unable to click on object 'Object Repository/Final Object Repo/Landing Page/Select to English' (Root cause: com.kms.katalon.core.webui.exception.WebElementNotFoundException: Web element with id: 'Object Repository/Final Object Repo/Landing Page/Select to English' located by 'By.xpath: //a[@class = 'taglib-language-list-text' and @lang = 'en-US' and (contains(text(), 'EN') or contains(., 'EN'))]' not found)
	at com.kms.katalon.core.keyword.internal.KeywordMain.stepFailed(KeywordMain.groovy:32)
	at com.kms.katalon.core.webui.keyword.internal.WebUIKeywordMain.stepFailed(WebUIKeywordMain.groovy:65)
	at com.kms.katalon.core.webui.keyword.internal.WebUIKeywordMain.runKeyword(WebUIKeywordMain.groovy:27)
	at com.kms.katalon.core.webui.keyword.builtin.ClickKeyword.click(ClickKeyword.groovy:86)
	at com.kms.katalon.core.webui.keyword.builtin.ClickKeyword.execute(ClickKeyword.groovy:67)
	at com.kms.katalon.core.keyword.internal.KeywordExecutor.executeKeywordForPlatform(KeywordExecutor.groovy:53)
	at com.kms.katalon.core.webui.keyword.WebUiBuiltInKeywords.click(WebUiBuiltInKeywords.groovy:604)
	at com.kms.katalon.core.webui.keyword.WebUiBuiltInKeywords$click$6.call(Unknown Source)
	at Script1534407542420.run(Script1534407542420.groovy:57)
	at com.kms.katalon.core.main.ScriptEngine.run(ScriptEngine.java:183)
	at com.kms.katalon.core.main.ScriptEngine.runScriptAsRawText(ScriptEngine.java:108)
	at com.kms.katalon.core.main.TestCaseExecutor.runScript(TestCaseExecutor.java:294)
	at com.kms.katalon.core.main.TestCaseExecutor.doExecute(TestCaseExecutor.java:285)
	at com.kms.katalon.core.main.TestCaseExecutor.processExecutionPhase(TestCaseExecutor.java:264)
	at com.kms.katalon.core.main.TestCaseExecutor.accessMainPhase(TestCaseExecutor.java:256)
	at com.kms.katalon.core.main.TestCaseExecutor.execute(TestCaseExecutor.java:200)
	at com.kms.katalon.core.main.TestCaseMain.runTestCase(TestCaseMain.java:99)
	at com.kms.katalon.core.keyword.builtin.CallTestCaseKeyword$_callTestCase_closure1.doCall(CallTestCaseKeyword.groovy:60)
	at com.kms.katalon.core.keyword.builtin.CallTestCaseKeyword$_callTestCase_closure1.call(CallTestCaseKeyword.groovy)
	at com.kms.katalon.core.keyword.internal.KeywordMain.runKeyword(KeywordMain.groovy:54)
	at com.kms.katalon.core.keyword.builtin.CallTestCaseKeyword.callTestCase(CallTestCaseKeyword.groovy:81)
	at com.kms.katalon.core.keyword.builtin.CallTestCaseKeyword.execute(CallTestCaseKeyword.groovy:45)
	at com.kms.katalon.core.keyword.internal.KeywordExecutor.executeKeywordForPlatform(KeywordExecutor.groovy:53)
	at com.kms.katalon.core.keyword.BuiltinKeywords.callTestCase(BuiltinKeywords.groovy:334)
	at sun.reflect.GeneratedMethodAccessor13.invoke(Unknown Source)
	at sun.reflect.DelegatingMethodAccessorImpl.invoke(DelegatingMethodAccessorImpl.java:43)
	at java.lang.reflect.Method.invoke(Method.java:498)
	at org.codehaus.groovy.reflection.CachedMethod.invoke(CachedMethod.java:93)
	at groovy.lang.MetaMethod.doMethodInvoke(MetaMethod.java:325)
	at groovy.lang.MetaClassImpl.invokeStaticMethod(MetaClassImpl.java:1469)
	at org.codehaus.groovy.runtime.callsite.StaticMetaClassSite.call(StaticMetaClassSite.java:53)
	at org.codehaus.groovy.runtime.callsite.CallSiteArray.defaultCall(CallSiteArray.java:48)
	at org.codehaus.groovy.runtime.callsite.AbstractCallSite.call(AbstractCallSite.java:113)
	at org.codehaus.groovy.runtime.callsite.AbstractCallSite.call(AbstractCallSite.java:141)
	at Script1537330388665.run(Script1537330388665.groovy:113)
	at com.kms.katalon.core.main.ScriptEngine.run(ScriptEngine.java:183)
	at com.kms.katalon.core.main.ScriptEngine.runScriptAsRawText(ScriptEngine.java:108)
	at com.kms.katalon.core.main.TestCaseExecutor.runScript(TestCaseExecutor.java:294)
	at com.kms.katalon.core.main.TestCaseExecutor.doExecute(TestCaseExecutor.java:285)
	at com.kms.katalon.core.main.TestCaseExecutor.processExecutionPhase(TestCaseExecutor.java:264)
	at com.kms.katalon.core.main.TestCaseExecutor.accessMainPhase(TestCaseExecutor.java:256)
	at com.kms.katalon.core.main.TestCaseExecutor.execute(TestCaseExecutor.java:200)
	at com.kms.katalon.core.main.TestSuiteExecutor.accessTestCaseMainPhase(TestSuiteExecutor.java:129)
	at com.kms.katalon.core.main.TestSuiteExecutor.accessTestSuiteMainPhase(TestSuiteExecutor.java:112)
	at com.kms.katalon.core.main.TestSuiteExecutor.execute(TestSuiteExecutor.java:81)
	at com.kms.katalon.core.main.TestCaseMain.startTestSuite(TestCaseMain.java:142)
	at com.kms.katalon.core.main.TestCaseMain$startTestSuite$0.call(Unknown Source)
	at org.codehaus.groovy.runtime.callsite.CallSiteArray.defaultCall(CallSiteArray.java:48)
	at org.codehaus.groovy.runtime.callsite.AbstractCallSite.call(AbstractCallSite.java:113)
	at org.codehaus.groovy.runtime.callsite.AbstractCallSite.call(AbstractCallSite.java:141)
	at TempTestSuite1540012262067.run(TempTestSuite1540012262067.groovy:36)
	at groovy.lang.GroovyShell.runScriptOrMainOrTestOrRunnable(GroovyShell.java:263)
	at groovy.lang.GroovyShell.run(GroovyShell.java:518)
	at groovy.lang.GroovyShell.run(GroovyShell.java:507)
	at groovy.ui.GroovyMain.processOnce(GroovyMain.java:653)
	at groovy.ui.GroovyMain.run(GroovyMain.java:384)
	at groovy.ui.GroovyMain.process(GroovyMain.java:370)
	at groovy.ui.GroovyMain.processArgs(GroovyMain.java:129)
	at groovy.ui.GroovyMain.main(GroovyMain.java:109)
	at sun.reflect.NativeMethodAccessorImpl.invoke0(Native Method)
	at sun.reflect.NativeMethodAccessorImpl.invoke(NativeMethodAccessorImpl.java:62)
	at sun.reflect.DelegatingMethodAccessorImpl.invoke(DelegatingMethodAccessorImpl.java:43)
	at java.lang.reflect.Method.invoke(Method.java:498)
	at org.codehaus.groovy.tools.GroovyStarter.rootLoader(GroovyStarter.java:109)
	at org.codehaus.groovy.tools.GroovyStarter.main(GroovyStarter.java:131)
)"/>
         <system-out><![CDATA[2018-10-20 17:54:24 - [TEST_CASE][FAILED] - Test Cases/Final Aug 2018 - PKS Automation/Registration Module/Workflow/Update Add New Employee/Special Case (Employer - RO Query - OTC Upload Pending Case - RO Approve): Test Cases/Final Aug 2018 - PKS Automation/Registration Module/Workflow/Update Add New Employee/Special Case (Employer - RO Query - OTC Upload Pending Case - RO Approve) FAILED because (of) (Stack trace: com.kms.katalon.core.exception.StepFailedException: Unable to click on object 'Object Repository/Final Object Repo/Landing Page/Select to English' (Root cause: com.kms.katalon.core.webui.exception.WebElementNotFoundException: Web element with id: 'Object Repository/Final Object Repo/Landing Page/Select to English' located by 'By.xpath: //a[@class = 'taglib-language-list-text' and @lang = 'en-US' and (contains(text(), 'EN') or contains(., 'EN'))]' not found)
	at com.kms.katalon.core.keyword.internal.KeywordMain.stepFailed(KeywordMain.groovy:32)
	at com.kms.katalon.core.webui.keyword.internal.WebUIKeywordMain.stepFailed(WebUIKeywordMain.groovy:65)
	at com.kms.katalon.core.webui.keyword.internal.WebUIKeywordMain.runKeyword(WebUIKeywordMain.groovy:27)
	at com.kms.katalon.core.webui.keyword.builtin.ClickKeyword.click(ClickKeyword.groovy:86)
	at com.kms.katalon.core.webui.keyword.builtin.ClickKeyword.execute(ClickKeyword.groovy:67)
	at com.kms.katalon.core.keyword.internal.KeywordExecutor.executeKeywordForPlatform(KeywordExecutor.groovy:53)
	at com.kms.katalon.core.webui.keyword.WebUiBuiltInKeywords.click(WebUiBuiltInKeywords.groovy:604)
	at com.kms.katalon.core.webui.keyword.WebUiBuiltInKeywords$click$6.call(Unknown Source)
	at Script1534407542420.run(Script1534407542420.groovy:57)
	at com.kms.katalon.core.main.ScriptEngine.run(ScriptEngine.java:183)
	at com.kms.katalon.core.main.ScriptEngine.runScriptAsRawText(ScriptEngine.java:108)
	at com.kms.katalon.core.main.TestCaseExecutor.runScript(TestCaseExecutor.java:294)
	at com.kms.katalon.core.main.TestCaseExecutor.doExecute(TestCaseExecutor.java:285)
	at com.kms.katalon.core.main.TestCaseExecutor.processExecutionPhase(TestCaseExecutor.java:264)
	at com.kms.katalon.core.main.TestCaseExecutor.accessMainPhase(TestCaseExecutor.java:256)
	at com.kms.katalon.core.main.TestCaseExecutor.execute(TestCaseExecutor.java:200)
	at com.kms.katalon.core.main.TestCaseMain.runTestCase(TestCaseMain.java:99)
	at com.kms.katalon.core.keyword.builtin.CallTestCaseKeyword$_callTestCase_closure1.doCall(CallTestCaseKeyword.groovy:60)
	at com.kms.katalon.core.keyword.builtin.CallTestCaseKeyword$_callTestCase_closure1.call(CallTestCaseKeyword.groovy)
	at com.kms.katalon.core.keyword.internal.KeywordMain.runKeyword(KeywordMain.groovy:54)
	at com.kms.katalon.core.keyword.builtin.CallTestCaseKeyword.callTestCase(CallTestCaseKeyword.groovy:81)
	at com.kms.katalon.core.keyword.builtin.CallTestCaseKeyword.execute(CallTestCaseKeyword.groovy:45)
	at com.kms.katalon.core.keyword.internal.KeywordExecutor.executeKeywordForPlatform(KeywordExecutor.groovy:53)
	at com.kms.katalon.core.keyword.BuiltinKeywords.callTestCase(BuiltinKeywords.groovy:334)
	at sun.reflect.GeneratedMethodAccessor13.invoke(Unknown Source)
	at sun.reflect.DelegatingMethodAccessorImpl.invoke(DelegatingMethodAccessorImpl.java:43)
	at java.lang.reflect.Method.invoke(Method.java:498)
	at org.codehaus.groovy.reflection.CachedMethod.invoke(CachedMethod.java:93)
	at groovy.lang.MetaMethod.doMethodInvoke(MetaMethod.java:325)
	at groovy.lang.MetaClassImpl.invokeStaticMethod(MetaClassImpl.java:1469)
	at org.codehaus.groovy.runtime.callsite.StaticMetaClassSite.call(StaticMetaClassSite.java:53)
	at org.codehaus.groovy.runtime.callsite.CallSiteArray.defaultCall(CallSiteArray.java:48)
	at org.codehaus.groovy.runtime.callsite.AbstractCallSite.call(AbstractCallSite.java:113)
	at org.codehaus.groovy.runtime.callsite.AbstractCallSite.call(AbstractCallSite.java:141)
	at Script1537330388665.run(Script1537330388665.groovy:113)
	at com.kms.katalon.core.main.ScriptEngine.run(ScriptEngine.java:183)
	at com.kms.katalon.core.main.ScriptEngine.runScriptAsRawText(ScriptEngine.java:108)
	at com.kms.katalon.core.main.TestCaseExecutor.runScript(TestCaseExecutor.java:294)
	at com.kms.katalon.core.main.TestCaseExecutor.doExecute(TestCaseExecutor.java:285)
	at com.kms.katalon.core.main.TestCaseExecutor.processExecutionPhase(TestCaseExecutor.java:264)
	at com.kms.katalon.core.main.TestCaseExecutor.accessMainPhase(TestCaseExecutor.java:256)
	at com.kms.katalon.core.main.TestCaseExecutor.execute(TestCaseExecutor.java:200)
	at com.kms.katalon.core.main.TestSuiteExecutor.accessTestCaseMainPhase(TestSuiteExecutor.java:129)
	at com.kms.katalon.core.main.TestSuiteExecutor.accessTestSuiteMainPhase(TestSuiteExecutor.java:112)
	at com.kms.katalon.core.main.TestSuiteExecutor.execute(TestSuiteExecutor.java:81)
	at com.kms.katalon.core.main.TestCaseMain.startTestSuite(TestCaseMain.java:142)
	at com.kms.katalon.core.main.TestCaseMain$startTestSuite$0.call(Unknown Source)
	at org.codehaus.groovy.runtime.callsite.CallSiteArray.defaultCall(CallSiteArray.java:48)
	at org.codehaus.groovy.runtime.callsite.AbstractCallSite.call(AbstractCallSite.java:113)
	at org.codehaus.groovy.runtime.callsite.AbstractCallSite.call(AbstractCallSite.java:141)
	at TempTestSuite1540012262067.run(TempTestSuite1540012262067.groovy:36)
	at groovy.lang.GroovyShell.runScriptOrMainOrTestOrRunnable(GroovyShell.java:263)
	at groovy.lang.GroovyShell.run(GroovyShell.java:518)
	at groovy.lang.GroovyShell.run(GroovyShell.java:507)
	at groovy.ui.GroovyMain.processOnce(GroovyMain.java:653)
	at groovy.ui.GroovyMain.run(GroovyMain.java:384)
	at groovy.ui.GroovyMain.process(GroovyMain.java:370)
	at groovy.ui.GroovyMain.processArgs(GroovyMain.java:129)
	at groovy.ui.GroovyMain.main(GroovyMain.java:109)
	at sun.reflect.NativeMethodAccessorImpl.invoke0(Native Method)
	at sun.reflect.NativeMethodAccessorImpl.invoke(NativeMethodAccessorImpl.java:62)
	at sun.reflect.DelegatingMethodAccessorImpl.invoke(DelegatingMethodAccessorImpl.java:43)
	at java.lang.reflect.Method.invoke(Method.java:498)
	at org.codehaus.groovy.tools.GroovyStarter.rootLoader(GroovyStarter.java:109)
	at org.codehaus.groovy.tools.GroovyStarter.main(GroovyStarter.java:131)
)

2018-10-20 17:54:24 - [TEST_STEP][PASSED] - callTestCase: Call Test Case 'Test Cases/Final Aug 2018 - PKS Automation/Registration Module/Workflow/Update Add New Employee/Template/New Company for Update Add New - Employer' successfully

2018-10-20 17:54:24 - [TEST_CASE][PASSED] - Test Cases/Final Aug 2018 - PKS Automation/Registration Module/Workflow/Update Add New Employee/Template/New Company for Update Add New - Employer: Test Cases/Final Aug 2018 - PKS Automation/Registration Module/Workflow/Update Add New Employee/Template/New Company for Update Add New - Employer

2018-10-20 17:54:24 - [TEST_STEP][PASSED] - callTestCase: Call Test Case 'Test Cases/Final Aug 2018 - PKS Automation/Create Employer Acc/Create Employer Account' successfully

2018-10-20 17:54:24 - [TEST_CASE][PASSED] - Test Cases/Final Aug 2018 - PKS Automation/Create Employer Acc/Create Employer Account: Test Cases/Final Aug 2018 - PKS Automation/Create Employer Acc/Create Employer Account

2018-10-20 17:54:24 - [TEST_STEP][PASSED] - callTestCase: Call Test Case 'Test Cases/Final Aug 2018 - PKS Automation/Create Employer Acc/Template/Register Employer' successfully

2018-10-20 17:54:24 - [TEST_CASE][PASSED] - Test Cases/Final Aug 2018 - PKS Automation/Create Employer Acc/Template/Register Employer: Test Cases/Final Aug 2018 - PKS Automation/Create Employer Acc/Template/Register Employer

2018-10-20 17:54:24 - [TEST_STEP][PASSED] - openBrowser: Browser is opened with url: ''

2018-10-20 17:54:24 - [MESSAGE][WARNING] - A browser is already opened. Closing browser and opening a new one

2018-10-20 17:54:28 - [MESSAGE][PASSED] - Browser is opened with url: ''

2018-10-20 17:54:28 - [TEST_STEP][PASSED] - navigateToUrl: Navigate to 'https://assist2-uat.perkeso.gov.my/login' successfully

2018-10-20 17:54:30 - [MESSAGE][PASSED] - Navigate to 'https://assist2-uat.perkeso.gov.my/login' successfully

2018-10-20 17:54:30 - [TEST_STEP][PASSED] - setText: Text 'johorotc1@gmail.com' is set on object 'Object Repository/Final Object Repo/Login Page/Internal User/Email Address'

2018-10-20 17:54:30 - [MESSAGE][PASSED] - Text 'johorotc1@gmail.com' is set on object 'Object Repository/Final Object Repo/Login Page/Internal User/Email Address'

2018-10-20 17:54:30 - [TEST_STEP][PASSED] - click: Object: 'Object Repository/Final Object Repo/Login Page/Internal User/Next Button' is clicked on

2018-10-20 17:54:30 - [MESSAGE][PASSED] - Object: 'Object Repository/Final Object Repo/Login Page/Internal User/Next Button' is clicked on

2018-10-20 17:54:30 - [TEST_STEP][PASSED] - delay: Delayed 1 second(s)

2018-10-20 17:54:31 - [MESSAGE][PASSED] - Delayed 1 second(s)

2018-10-20 17:54:31 - [TEST_STEP][PASSED] - setEncryptedText: Text ****** has been set on object 'Object Repository/Final Object Repo/Login Page/Internal User/Password'

2018-10-20 17:54:32 - [MESSAGE][PASSED] - Text ****** has been set on object 'Object Repository/Final Object Repo/Login Page/Internal User/Password'

2018-10-20 17:54:32 - [TEST_STEP][PASSED] - click: Object: 'Object Repository/Final Object Repo/Login Page/Internal User/Login Button' is clicked on

2018-10-20 17:54:32 - [MESSAGE][PASSED] - Object: 'Object Repository/Final Object Repo/Login Page/Internal User/Login Button' is clicked on

2018-10-20 17:54:32 - [TEST_STEP][PASSED] - delay: Delayed 1 second(s)

2018-10-20 17:54:33 - [MESSAGE][PASSED] - Delayed 1 second(s)

2018-10-20 17:54:33 - [TEST_STEP][PASSED] - navigateToUrl: Navigate to 'https://assist2-uat.perkeso.gov.my/web/base/portal-id/registration' successfully

2018-10-20 17:54:36 - [MESSAGE][PASSED] - Navigate to 'https://assist2-uat.perkeso.gov.my/web/base/portal-id/registration' successfully

2018-10-20 17:54:36 - [TEST_STEP][PASSED] - setText: Text 'AUTOMATION EMPLOYER' is set on object 'Object Repository/Final Object Repo/Creating Employer Account/Page_Registration - ASSIST (Base)/Employer Name'

2018-10-20 17:54:36 - [MESSAGE][PASSED] - Text 'AUTOMATION EMPLOYER' is set on object 'Object Repository/Final Object Repo/Creating Employer Account/Page_Registration - ASSIST (Base)/Employer Name'

2018-10-20 17:54:36 - [TEST_STEP][PASSED] - delay: Delayed 2 second(s)

2018-10-20 17:54:38 - [MESSAGE][PASSED] - Delayed 2 second(s)

2018-10-20 17:54:38 - [TEST_STEP][PASSED] - click: Object: 'Object Repository/Final Object Repo/Creating Employer Account/Page_Registration - ASSIST (Base)/Registration Type' is clicked on

2018-10-20 17:54:38 - [MESSAGE][PASSED] - Object: 'Object Repository/Final Object Repo/Creating Employer Account/Page_Registration - ASSIST (Base)/Registration Type' is clicked on

2018-10-20 17:54:38 - [TEST_STEP][PASSED] - delay: Delayed 2 second(s)

2018-10-20 17:54:40 - [MESSAGE][PASSED] - Delayed 2 second(s)

2018-10-20 17:54:40 - [TEST_STEP][PASSED] - click: Object: 'Object Repository/Final Object Repo/Creating Employer Account/Page_Registration - ASSIST (Base)/Registration Type - Registration No' is clicked on

2018-10-20 17:54:40 - [MESSAGE][PASSED] - Object: 'Object Repository/Final Object Repo/Creating Employer Account/Page_Registration - ASSIST (Base)/Registration Type - Registration No' is clicked on

2018-10-20 17:54:40 - [TEST_STEP][PASSED] - delay: Delayed 2 second(s)

2018-10-20 17:54:42 - [MESSAGE][PASSED] - Delayed 2 second(s)

2018-10-20 17:54:42 - [TEST_STEP][PASSED] - setText: Text '1234567890' is set on object 'Object Repository/Final Object Repo/Creating Employer Account/Page_Registration - ASSIST (Base)/Registration Number'

2018-10-20 17:54:43 - [MESSAGE][PASSED] - Text '1234567890' is set on object 'Object Repository/Final Object Repo/Creating Employer Account/Page_Registration - ASSIST (Base)/Registration Number'

2018-10-20 17:54:43 - [TEST_STEP][PASSED] - delay: Delayed 2 second(s)

2018-10-20 17:54:45 - [MESSAGE][PASSED] - Delayed 2 second(s)

2018-10-20 17:54:45 - [TEST_STEP][PASSED] - setText: Text 'ADDRESS 1' is set on object 'Object Repository/Final Object Repo/Creating Employer Account/Page_Registration - ASSIST (Base)/Postal Address 1'

2018-10-20 17:54:45 - [MESSAGE][PASSED] - Text 'ADDRESS 1' is set on object 'Object Repository/Final Object Repo/Creating Employer Account/Page_Registration - ASSIST (Base)/Postal Address 1'

2018-10-20 17:54:45 - [TEST_STEP][PASSED] - setText: Text 'ADDRESS 2' is set on object 'Object Repository/Final Object Repo/Creating Employer Account/Page_Registration - ASSIST (Base)/Postal Address 2'

2018-10-20 17:54:45 - [MESSAGE][PASSED] - Text 'ADDRESS 2' is set on object 'Object Repository/Final Object Repo/Creating Employer Account/Page_Registration - ASSIST (Base)/Postal Address 2'

2018-10-20 17:54:45 - [TEST_STEP][PASSED] - click: Object: 'Object Repository/Final Object Repo/Creating Employer Account/Page_Registration - ASSIST (Base)/State' is clicked on

2018-10-20 17:54:45 - [MESSAGE][PASSED] - Object: 'Object Repository/Final Object Repo/Creating Employer Account/Page_Registration - ASSIST (Base)/State' is clicked on

2018-10-20 17:54:45 - [TEST_STEP][PASSED] - delay: Delayed 2 second(s)

2018-10-20 17:54:47 - [MESSAGE][PASSED] - Delayed 2 second(s)

2018-10-20 17:54:47 - [TEST_STEP][PASSED] - click: Object: 'Object Repository/Final Object Repo/Creating Employer Account/Page_Registration - ASSIST (Base)/State - Johor' is clicked on

2018-10-20 17:54:48 - [MESSAGE][PASSED] - Object: 'Object Repository/Final Object Repo/Creating Employer Account/Page_Registration - ASSIST (Base)/State - Johor' is clicked on

2018-10-20 17:54:48 - [TEST_STEP][PASSED] - delay: Delayed 2 second(s)

2018-10-20 17:54:50 - [MESSAGE][PASSED] - Delayed 2 second(s)

2018-10-20 17:54:50 - [TEST_STEP][PASSED] - click: Object: 'Object Repository/Final Object Repo/Creating Employer Account/Page_Registration - ASSIST (Base)/City' is clicked on

2018-10-20 17:54:50 - [MESSAGE][PASSED] - Object: 'Object Repository/Final Object Repo/Creating Employer Account/Page_Registration - ASSIST (Base)/City' is clicked on

2018-10-20 17:54:50 - [TEST_STEP][PASSED] - delay: Delayed 2 second(s)

2018-10-20 17:54:52 - [MESSAGE][PASSED] - Delayed 2 second(s)

2018-10-20 17:54:52 - [TEST_STEP][PASSED] - setText: Text 'joh' is set on object 'Object Repository/Final Object Repo/Creating Employer Account/Page_Registration - ASSIST (Base)/City - joh'

2018-10-20 17:54:52 - [MESSAGE][PASSED] - Text 'joh' is set on object 'Object Repository/Final Object Repo/Creating Employer Account/Page_Registration - ASSIST (Base)/City - joh'

2018-10-20 17:54:52 - [TEST_STEP][PASSED] - delay: Delayed 2 second(s)

2018-10-20 17:54:54 - [MESSAGE][PASSED] - Delayed 2 second(s)

2018-10-20 17:54:54 - [TEST_STEP][PASSED] - click: Object: 'Object Repository/Final Object Repo/Creating Employer Account/Page_Registration - ASSIST (Base)/City - Johor Bharu' is clicked on

2018-10-20 17:54:54 - [MESSAGE][PASSED] - Object: 'Object Repository/Final Object Repo/Creating Employer Account/Page_Registration - ASSIST (Base)/City - Johor Bharu' is clicked on

2018-10-20 17:54:54 - [TEST_STEP][PASSED] - delay: Delayed 2 second(s)

2018-10-20 17:54:56 - [MESSAGE][PASSED] - Delayed 2 second(s)

2018-10-20 17:54:56 - [TEST_STEP][PASSED] - click: Object: 'Object Repository/Final Object Repo/Creating Employer Account/Page_Registration - ASSIST (Base)/Post Code' is clicked on

2018-10-20 17:54:56 - [MESSAGE][PASSED] - Object: 'Object Repository/Final Object Repo/Creating Employer Account/Page_Registration - ASSIST (Base)/Post Code' is clicked on

2018-10-20 17:54:56 - [TEST_STEP][PASSED] - delay: Delayed 2 second(s)

2018-10-20 17:54:58 - [MESSAGE][PASSED] - Delayed 2 second(s)

2018-10-20 17:54:58 - [TEST_STEP][PASSED] - setText: Text '810' is set on object 'Object Repository/Final Object Repo/Creating Employer Account/Page_Registration - ASSIST (Base)/Post Code - 810'

2018-10-20 17:54:59 - [MESSAGE][PASSED] - Text '810' is set on object 'Object Repository/Final Object Repo/Creating Employer Account/Page_Registration - ASSIST (Base)/Post Code - 810'

2018-10-20 17:54:59 - [TEST_STEP][PASSED] - delay: Delayed 2 second(s)

2018-10-20 17:55:01 - [MESSAGE][PASSED] - Delayed 2 second(s)

2018-10-20 17:55:01 - [TEST_STEP][PASSED] - click: Object: 'Object Repository/Final Object Repo/Creating Employer Account/Page_Registration - ASSIST (Base)/Post Code - 81000' is clicked on

2018-10-20 17:55:01 - [MESSAGE][PASSED] - Object: 'Object Repository/Final Object Repo/Creating Employer Account/Page_Registration - ASSIST (Base)/Post Code - 81000' is clicked on

2018-10-20 17:55:01 - [TEST_STEP][PASSED] - delay: Delayed 2 second(s)

2018-10-20 17:55:03 - [MESSAGE][PASSED] - Delayed 2 second(s)

2018-10-20 17:55:03 - [TEST_STEP][PASSED] - setText: Text 'PERKESO' is set on object 'Object Repository/Final Object Repo/Creating Employer Account/Page_Registration - ASSIST (Base)/Full Name'

2018-10-20 17:55:03 - [MESSAGE][PASSED] - Text 'PERKESO' is set on object 'Object Repository/Final Object Repo/Creating Employer Account/Page_Registration - ASSIST (Base)/Full Name'

2018-10-20 17:55:03 - [TEST_STEP][PASSED] - Statement - rnd = new java.util.Random(): null

2018-10-20 17:55:03 - [TEST_STEP][PASSED] - Statement - snum = rnd.nextInt(899999 + 1) + 100000: null

2018-10-20 17:55:03 - [TEST_STEP][PASSED] - Statement - tnum = rnd.nextInt(899999 + 1) + 100000: null

2018-10-20 17:55:03 - [TEST_STEP][PASSED] - Statement - IC = java.lang.Integer.toString(snum) + java.lang.Integer.toString(tnum): null

2018-10-20 17:55:03 - [TEST_STEP][PASSED] - Statement - out.println(IC): null

2018-10-20 17:55:03 - [TEST_STEP][PASSED] - setText: Text '421508178158' is set on object 'Object Repository/Final Object Repo/Creating Employer Account/Page_Registration - ASSIST (Base)/Identification Number'

2018-10-20 17:55:03 - [MESSAGE][PASSED] - Text '421508178158' is set on object 'Object Repository/Final Object Repo/Creating Employer Account/Page_Registration - ASSIST (Base)/Identification Number'

2018-10-20 17:55:03 - [TEST_STEP][PASSED] - delay: Delayed 2 second(s)

2018-10-20 17:55:05 - [MESSAGE][PASSED] - Delayed 2 second(s)

2018-10-20 17:55:05 - [TEST_STEP][PASSED] - setText: Text '123456789012' is set on object 'Object Repository/Final Object Repo/Creating Employer Account/Page_Registration - ASSIST (Base)/Contact Number'

2018-10-20 17:55:05 - [MESSAGE][PASSED] - Text '123456789012' is set on object 'Object Repository/Final Object Repo/Creating Employer Account/Page_Registration - ASSIST (Base)/Contact Number'

2018-10-20 17:55:05 - [TEST_STEP][PASSED] - Statement - Email = "perkeso" + IC + "@gmail.com": null

2018-10-20 17:55:05 - [TEST_STEP][PASSED] - delay: Delayed 2 second(s)

2018-10-20 17:55:07 - [MESSAGE][PASSED] - Delayed 2 second(s)

2018-10-20 17:55:07 - [TEST_STEP][PASSED] - callTestCase: Call Test Case 'Test Cases/Final Aug 2018 - PKS Automation/Create Employer Acc/Template/Employer Email Settler' successfully

2018-10-20 17:55:08 - [TEST_CASE][PASSED] - Test Cases/Final Aug 2018 - PKS Automation/Create Employer Acc/Template/Employer Email Settler: Test Cases/Final Aug 2018 - PKS Automation/Create Employer Acc/Template/Employer Email Settler

2018-10-20 17:55:08 - [TEST_STEP][PASSED] - Statement - EmpEmailOld = new java.io.File(C://EmpEmail.txt): null

2018-10-20 17:55:08 - [TEST_STEP][PASSED] - Statement - EmpEmailOld.delete(): null

2018-10-20 17:55:08 - [TEST_STEP][PASSED] - Statement - EmpEmail = new java.io.File(C://EmpEmail.txt): null

2018-10-20 17:55:08 - [TEST_STEP][PASSED] - Statement - EmpEmail.append(Email): null

2018-10-20 17:55:08 - [TEST_STEP][PASSED] - Statement - out.println(Email): null

2018-10-20 17:55:08 - [MESSAGE][PASSED] - Call Test Case 'Test Cases/Final Aug 2018 - PKS Automation/Create Employer Acc/Template/Employer Email Settler' successfully

2018-10-20 17:55:08 - [TEST_STEP][PASSED] - delay: Delayed 2 second(s)

2018-10-20 17:55:10 - [MESSAGE][PASSED] - Delayed 2 second(s)

2018-10-20 17:55:10 - [TEST_STEP][PASSED] - setText: Text 'perkeso421508178158@gmail.com' is set on object 'Object Repository/Final Object Repo/Creating Employer Account/Page_Registration - ASSIST (Base)/Email'

2018-10-20 17:55:10 - [MESSAGE][PASSED] - Text 'perkeso421508178158@gmail.com' is set on object 'Object Repository/Final Object Repo/Creating Employer Account/Page_Registration - ASSIST (Base)/Email'

2018-10-20 17:55:10 - [TEST_STEP][PASSED] - setText: Text '123' is set on object 'Object Repository/Final Object Repo/Creating Employer Account/Page_Registration - ASSIST (Base)/Security Phase'

2018-10-20 17:55:10 - [MESSAGE][PASSED] - Text '123' is set on object 'Object Repository/Final Object Repo/Creating Employer Account/Page_Registration - ASSIST (Base)/Security Phase'

2018-10-20 17:55:10 - [TEST_STEP][PASSED] - click: Object: 'Object Repository/Final Object Repo/Creating Employer Account/Page_Registration - ASSIST (Base)/Save  Continue' is clicked on

2018-10-20 17:55:10 - [MESSAGE][PASSED] - Object: 'Object Repository/Final Object Repo/Creating Employer Account/Page_Registration - ASSIST (Base)/Save  Continue' is clicked on

2018-10-20 17:55:10 - [TEST_STEP][PASSED] - delay: Delayed 2 second(s)

2018-10-20 17:55:12 - [MESSAGE][PASSED] - Delayed 2 second(s)

2018-10-20 17:55:12 - [TEST_STEP][PASSED] - click: Object: 'Object Repository/Final Object Repo/Creating Employer Account/Page_Registration - ASSIST (Base)/Add Document' is clicked on

2018-10-20 17:55:13 - [MESSAGE][PASSED] - Object: 'Object Repository/Final Object Repo/Creating Employer Account/Page_Registration - ASSIST (Base)/Add Document' is clicked on

2018-10-20 17:55:13 - [TEST_STEP][PASSED] - delay: Delayed 2 second(s)

2018-10-20 17:55:15 - [MESSAGE][PASSED] - Delayed 2 second(s)

2018-10-20 17:55:15 - [TEST_STEP][PASSED] - click: Object: 'Object Repository/Final Object Repo/Creating Employer Account/Page_Registration - ASSIST (Base)/Document Type' is clicked on

2018-10-20 17:55:15 - [MESSAGE][PASSED] - Object: 'Object Repository/Final Object Repo/Creating Employer Account/Page_Registration - ASSIST (Base)/Document Type' is clicked on

2018-10-20 17:55:15 - [TEST_STEP][PASSED] - delay: Delayed 2 second(s)

2018-10-20 17:55:17 - [MESSAGE][PASSED] - Delayed 2 second(s)

2018-10-20 17:55:17 - [TEST_STEP][PASSED] - click: Object: 'Object Repository/Final Object Repo/Creating Employer Account/Page_Registration - ASSIST (Base)/Document Type - Letter of Authorization' is clicked on

2018-10-20 17:55:17 - [MESSAGE][PASSED] - Object: 'Object Repository/Final Object Repo/Creating Employer Account/Page_Registration - ASSIST (Base)/Document Type - Letter of Authorization' is clicked on

2018-10-20 17:55:17 - [TEST_STEP][PASSED] - delay: Delayed 2 second(s)

2018-10-20 17:55:19 - [MESSAGE][PASSED] - Delayed 2 second(s)

2018-10-20 17:55:19 - [TEST_STEP][PASSED] - sendKeys: Keys 'C:\Users\Public\Pictures\Sample Pictures\Act.jpg' sent to object: 'Object Repository/Final Object Repo/Creating Employer Account/Page_Registration - ASSIST (Base)/Uploading File'

2018-10-20 17:55:19 - [MESSAGE][PASSED] - Keys 'C:\Users\Public\Pictures\Sample Pictures\Act.jpg' sent to object: 'Object Repository/Final Object Repo/Creating Employer Account/Page_Registration - ASSIST (Base)/Uploading File'

2018-10-20 17:55:19 - [TEST_STEP][PASSED] - delay: Delayed 2 second(s)

2018-10-20 17:55:21 - [MESSAGE][PASSED] - Delayed 2 second(s)

2018-10-20 17:55:21 - [TEST_STEP][PASSED] - click: Object: 'Object Repository/Final Object Repo/Creating Employer Account/Page_Registration - ASSIST (Base)/Add Document in Uploading File' is clicked on

2018-10-20 17:55:21 - [MESSAGE][PASSED] - Object: 'Object Repository/Final Object Repo/Creating Employer Account/Page_Registration - ASSIST (Base)/Add Document in Uploading File' is clicked on

2018-10-20 17:55:21 - [TEST_STEP][PASSED] - delay: Delayed 2 second(s)

2018-10-20 17:55:23 - [MESSAGE][PASSED] - Delayed 2 second(s)

2018-10-20 17:55:23 - [TEST_STEP][PASSED] - click: Object: 'Object Repository/Final Object Repo/Creating Employer Account/Page_Registration - ASSIST (Base)/Save' is clicked on

2018-10-20 17:55:23 - [MESSAGE][PASSED] - Object: 'Object Repository/Final Object Repo/Creating Employer Account/Page_Registration - ASSIST (Base)/Save' is clicked on

2018-10-20 17:55:23 - [TEST_STEP][PASSED] - delay: Delayed 2 second(s)

2018-10-20 17:55:25 - [MESSAGE][PASSED] - Delayed 2 second(s)

2018-10-20 17:55:25 - [TEST_STEP][PASSED] - click: Object: 'Object Repository/Final Object Repo/Creating Employer Account/Page_Registration - ASSIST (Base)/Submit' is clicked on

2018-10-20 17:55:26 - [MESSAGE][PASSED] - Object: 'Object Repository/Final Object Repo/Creating Employer Account/Page_Registration - ASSIST (Base)/Submit' is clicked on

2018-10-20 17:55:26 - [TEST_STEP][PASSED] - delay: Delayed 2 second(s)

2018-10-20 17:55:28 - [MESSAGE][PASSED] - Delayed 2 second(s)

2018-10-20 17:55:28 - [TEST_STEP][PASSED] - click: Object: 'Object Repository/Final Object Repo/Creating Employer Account/Page_Registration - ASSIST (Base)/Confirm' is clicked on

2018-10-20 17:55:28 - [MESSAGE][PASSED] - Object: 'Object Repository/Final Object Repo/Creating Employer Account/Page_Registration - ASSIST (Base)/Confirm' is clicked on

2018-10-20 17:55:28 - [MESSAGE][PASSED] - Call Test Case 'Test Cases/Final Aug 2018 - PKS Automation/Create Employer Acc/Template/Register Employer' successfully

2018-10-20 17:55:28 - [TEST_STEP][PASSED] - delay: Delayed 1 second(s)

2018-10-20 17:55:29 - [MESSAGE][PASSED] - Delayed 1 second(s)

2018-10-20 17:55:29 - [TEST_STEP][PASSED] - navigateToUrl: Navigate to 'https://assist2-uat.perkeso.gov.my/c/portal/logout' successfully

2018-10-20 17:55:31 - [MESSAGE][PASSED] - Navigate to 'https://assist2-uat.perkeso.gov.my/c/portal/logout' successfully

2018-10-20 17:55:31 - [TEST_STEP][PASSED] - delay: Delayed 1 second(s)

2018-10-20 17:55:32 - [MESSAGE][PASSED] - Delayed 1 second(s)

2018-10-20 17:55:32 - [TEST_STEP][PASSED] - callTestCase: Call Test Case 'Test Cases/Final Aug 2018 - PKS Automation/Create Employer Acc/Template/Change Password of Employer' successfully

2018-10-20 17:55:32 - [TEST_CASE][PASSED] - Test Cases/Final Aug 2018 - PKS Automation/Create Employer Acc/Template/Change Password of Employer: Test Cases/Final Aug 2018 - PKS Automation/Create Employer Acc/Template/Change Password of Employer

2018-10-20 17:55:32 - [TEST_STEP][PASSED] - openBrowser: Browser is opened with url: ''

2018-10-20 17:55:32 - [MESSAGE][WARNING] - A browser is already opened. Closing browser and opening a new one

2018-10-20 17:55:36 - [MESSAGE][PASSED] - Browser is opened with url: ''

2018-10-20 17:55:36 - [TEST_STEP][PASSED] - navigateToUrl: Navigate to 'https://assist2-uat.perkeso.gov.my/login' successfully

2018-10-20 17:55:37 - [MESSAGE][PASSED] - Navigate to 'https://assist2-uat.perkeso.gov.my/login' successfully

2018-10-20 17:55:37 - [TEST_STEP][PASSED] - delay: Delayed 5 second(s)

2018-10-20 17:55:42 - [MESSAGE][PASSED] - Delayed 5 second(s)

2018-10-20 17:55:42 - [TEST_STEP][PASSED] - setText: Text 'test@liferay.com' is set on object 'Object Repository/Final Object Repo/Login Page/Internal User/Email Address'

2018-10-20 17:55:43 - [MESSAGE][PASSED] - Text 'test@liferay.com' is set on object 'Object Repository/Final Object Repo/Login Page/Internal User/Email Address'

2018-10-20 17:55:43 - [TEST_STEP][PASSED] - click: Object: 'Object Repository/Final Object Repo/Login Page/Internal User/Next Button' is clicked on

2018-10-20 17:55:43 - [MESSAGE][PASSED] - Object: 'Object Repository/Final Object Repo/Login Page/Internal User/Next Button' is clicked on

2018-10-20 17:55:43 - [TEST_STEP][PASSED] - delay: Delayed 2 second(s)

2018-10-20 17:55:45 - [MESSAGE][PASSED] - Delayed 2 second(s)

2018-10-20 17:55:45 - [TEST_STEP][PASSED] - setText: Text 'test' is set on object 'Object Repository/Final Object Repo/Login Page/Internal User/Password'

2018-10-20 17:55:45 - [MESSAGE][PASSED] - Text 'test' is set on object 'Object Repository/Final Object Repo/Login Page/Internal User/Password'

2018-10-20 17:55:45 - [TEST_STEP][PASSED] - delay: Delayed 2 second(s)

2018-10-20 17:55:47 - [MESSAGE][PASSED] - Delayed 2 second(s)

2018-10-20 17:55:47 - [TEST_STEP][PASSED] - click: Object: 'Object Repository/Final Object Repo/Login Page/Internal User/Login Button' is clicked on

2018-10-20 17:55:47 - [MESSAGE][PASSED] - Object: 'Object Repository/Final Object Repo/Login Page/Internal User/Login Button' is clicked on

2018-10-20 17:55:47 - [TEST_STEP][PASSED] - delay: Delayed 3 second(s)

2018-10-20 17:55:50 - [MESSAGE][PASSED] - Delayed 3 second(s)

2018-10-20 17:55:50 - [TEST_STEP][PASSED] - navigateToUrl: Navigate to 'https://assist2-uat.perkeso.gov.my/group/control_panel/manage?p_p_id=125&p_p_lifecycle=0&p_p_state=maximized&p_p_mode=view&refererPlid=20455&_125_usersListView=flat-users&_125_toolbarItem=view-all-users&_125_saveUsersListView=true&_125_struts_action=%2Fusers_admin%2Fview' successfully

2018-10-20 17:55:52 - [MESSAGE][PASSED] - Navigate to 'https://assist2-uat.perkeso.gov.my/group/control_panel/manage?p_p_id=125&p_p_lifecycle=0&p_p_state=maximized&p_p_mode=view&refererPlid=20455&_125_usersListView=flat-users&_125_toolbarItem=view-all-users&_125_saveUsersListView=true&_125_struts_action=%2Fusers_admin%2Fview' successfully

2018-10-20 17:55:52 - [TEST_STEP][PASSED] - delay: Delayed 3 second(s)

2018-10-20 17:55:55 - [MESSAGE][PASSED] - Delayed 3 second(s)

2018-10-20 17:55:55 - [TEST_STEP][PASSED] - setText: Text 'perkeso421508178158@gmail.com' is set on object 'Object Repository/Final Object Repo/Creating Employer Account/Page_Users and Organizations - ASSIST/Employer name'

2018-10-20 17:55:56 - [MESSAGE][PASSED] - Text 'perkeso421508178158@gmail.com' is set on object 'Object Repository/Final Object Repo/Creating Employer Account/Page_Users and Organizations - ASSIST/Employer name'

2018-10-20 17:55:56 - [TEST_STEP][PASSED] - delay: Delayed 3 second(s)

2018-10-20 17:55:59 - [MESSAGE][PASSED] - Delayed 3 second(s)

2018-10-20 17:55:59 - [TEST_STEP][PASSED] - click: Object: 'Object Repository/Final Object Repo/Creating Employer Account/Page_Users and Organizations - ASSIST/Search' is clicked on

2018-10-20 17:55:59 - [MESSAGE][PASSED] - Object: 'Object Repository/Final Object Repo/Creating Employer Account/Page_Users and Organizations - ASSIST/Search' is clicked on

2018-10-20 17:55:59 - [TEST_STEP][PASSED] - delay: Delayed 3 second(s)

2018-10-20 17:56:02 - [MESSAGE][PASSED] - Delayed 3 second(s)

2018-10-20 17:56:02 - [TEST_STEP][PASSED] - click: Object: 'Object Repository/Final Object Repo/Creating Employer Account/Page_Users and Organizations - ASSIST/Action' is clicked on

2018-10-20 17:56:02 - [MESSAGE][PASSED] - Object: 'Object Repository/Final Object Repo/Creating Employer Account/Page_Users and Organizations - ASSIST/Action' is clicked on

2018-10-20 17:56:02 - [TEST_STEP][PASSED] - delay: Delayed 3 second(s)

2018-10-20 17:56:05 - [MESSAGE][PASSED] - Delayed 3 second(s)

2018-10-20 17:56:05 - [TEST_STEP][PASSED] - click: Object: 'Object Repository/Final Object Repo/Creating Employer Account/Page_Users and Organizations - ASSIST/Edit' is clicked on

2018-10-20 17:56:07 - [MESSAGE][PASSED] - Object: 'Object Repository/Final Object Repo/Creating Employer Account/Page_Users and Organizations - ASSIST/Edit' is clicked on

2018-10-20 17:56:07 - [TEST_STEP][PASSED] - delay: Delayed 3 second(s)

2018-10-20 17:56:10 - [MESSAGE][PASSED] - Delayed 3 second(s)

2018-10-20 17:56:10 - [TEST_STEP][PASSED] - click: Object: 'Object Repository/Final Object Repo/Creating Employer Account/Page_PERKESO - Users and Organizati/a_Password (Modified)' is clicked on

2018-10-20 17:56:10 - [MESSAGE][PASSED] - Object: 'Object Repository/Final Object Repo/Creating Employer Account/Page_PERKESO - Users and Organizati/a_Password (Modified)' is clicked on

2018-10-20 17:56:10 - [TEST_STEP][PASSED] - delay: Delayed 3 second(s)

2018-10-20 17:56:13 - [MESSAGE][PASSED] - Delayed 3 second(s)

2018-10-20 17:56:13 - [TEST_STEP][PASSED] - setEncryptedText: Text ****** has been set on object 'Object Repository/Final Object Repo/Creating Employer Account/Page_PERKESO - Users and Organizati/input__125_password1'

2018-10-20 17:56:13 - [MESSAGE][PASSED] - Text ****** has been set on object 'Object Repository/Final Object Repo/Creating Employer Account/Page_PERKESO - Users and Organizati/input__125_password1'

2018-10-20 17:56:13 - [TEST_STEP][PASSED] - delay: Delayed 3 second(s)

2018-10-20 17:56:16 - [MESSAGE][PASSED] - Delayed 3 second(s)

2018-10-20 17:56:16 - [TEST_STEP][PASSED] - setEncryptedText: Text ****** has been set on object 'Object Repository/Final Object Repo/Creating Employer Account/Page_PERKESO - Users and Organizati/input__125_password2'

2018-10-20 17:56:17 - [MESSAGE][PASSED] - Text ****** has been set on object 'Object Repository/Final Object Repo/Creating Employer Account/Page_PERKESO - Users and Organizati/input__125_password2'

2018-10-20 17:56:17 - [TEST_STEP][PASSED] - delay: Delayed 3 second(s)

2018-10-20 17:56:20 - [MESSAGE][PASSED] - Delayed 3 second(s)

2018-10-20 17:56:20 - [TEST_STEP][PASSED] - click: Object: 'Object Repository/Final Object Repo/Creating Employer Account/Page_PERKESO - Users and Organizati/Save' is clicked on

2018-10-20 17:56:20 - [MESSAGE][PASSED] - Object: 'Object Repository/Final Object Repo/Creating Employer Account/Page_PERKESO - Users and Organizati/Save' is clicked on

2018-10-20 17:56:20 - [MESSAGE][PASSED] - Call Test Case 'Test Cases/Final Aug 2018 - PKS Automation/Create Employer Acc/Template/Change Password of Employer' successfully

2018-10-20 17:56:20 - [TEST_STEP][PASSED] - delay: Delayed 1 second(s)

2018-10-20 17:56:21 - [MESSAGE][PASSED] - Delayed 1 second(s)

2018-10-20 17:56:21 - [TEST_STEP][PASSED] - navigateToUrl: Navigate to 'https://assist2-uat.perkeso.gov.my/c/portal/logout' successfully

2018-10-20 17:56:22 - [MESSAGE][PASSED] - Navigate to 'https://assist2-uat.perkeso.gov.my/c/portal/logout' successfully

2018-10-20 17:56:22 - [TEST_STEP][PASSED] - delay: Delayed 1 second(s)

2018-10-20 17:56:23 - [MESSAGE][PASSED] - Delayed 1 second(s)

2018-10-20 17:56:23 - [TEST_STEP][PASSED] - callTestCase: Call Test Case 'Test Cases/Final Aug 2018 - PKS Automation/Create Employer Acc/Template/Login to Employer Account (First Time)' successfully

2018-10-20 17:56:23 - [TEST_CASE][PASSED] - Test Cases/Final Aug 2018 - PKS Automation/Create Employer Acc/Template/Login to Employer Account (First Time): Test Cases/Final Aug 2018 - PKS Automation/Create Employer Acc/Template/Login to Employer Account (First Time)

2018-10-20 17:56:23 - [TEST_STEP][PASSED] - openBrowser: Browser is opened with url: ''

2018-10-20 17:56:23 - [MESSAGE][WARNING] - A browser is already opened. Closing browser and opening a new one

2018-10-20 17:56:27 - [MESSAGE][PASSED] - Browser is opened with url: ''

2018-10-20 17:56:27 - [TEST_STEP][PASSED] - navigateToUrl: Navigate to 'https://assist2-uat.perkeso.gov.my/employer/login' successfully

2018-10-20 17:56:29 - [MESSAGE][PASSED] - Navigate to 'https://assist2-uat.perkeso.gov.my/employer/login' successfully

2018-10-20 17:56:29 - [TEST_STEP][PASSED] - delay: Delayed 3 second(s)

2018-10-20 17:56:32 - [MESSAGE][PASSED] - Delayed 3 second(s)

2018-10-20 17:56:32 - [TEST_STEP][PASSED] - callTestCase: Call Test Case 'Test Cases/Final Aug 2018 - PKS Automation/Create Employer Acc/Template/Employer Email Getter' successfully

2018-10-20 17:56:32 - [TEST_CASE][PASSED] - Test Cases/Final Aug 2018 - PKS Automation/Create Employer Acc/Template/Employer Email Getter: Test Cases/Final Aug 2018 - PKS Automation/Create Employer Acc/Template/Employer Email Getter

2018-10-20 17:56:32 - [TEST_STEP][PASSED] - Statement - Try: null

2018-10-20 17:56:32 - [TEST_STEP][PASSED] - Statement - EmpEmail = new java.io.File(C://EmpEmail.txt): null

2018-10-20 17:56:32 - [TEST_STEP][PASSED] - Statement - bufferread = new java.io.BufferedReader(new java.io.FileReader(EmpEmail)): null

2018-10-20 17:56:32 - [TEST_STEP][PASSED] - Statement - readedVal = bufferread.readLine(): null

2018-10-20 17:56:32 - [TEST_STEP][PASSED] - Statement - out.println(readedVal): null

2018-10-20 17:56:32 - [TEST_STEP][PASSED] - Statement - Email = readedVal: null

2018-10-20 17:56:32 - [MESSAGE][PASSED] - Call Test Case 'Test Cases/Final Aug 2018 - PKS Automation/Create Employer Acc/Template/Employer Email Getter' successfully

2018-10-20 17:56:32 - [TEST_STEP][PASSED] - setText: Text 'perkeso421508178158@gmail.com' is set on object 'Object Repository/Final Object Repo/Login Page/External Login Page/Email'

2018-10-20 17:56:33 - [MESSAGE][PASSED] - Text 'perkeso421508178158@gmail.com' is set on object 'Object Repository/Final Object Repo/Login Page/External Login Page/Email'

2018-10-20 17:56:33 - [TEST_STEP][PASSED] - click: Object: 'Object Repository/Final Object Repo/Login Page/External Login Page/Next' is clicked on

2018-10-20 17:56:33 - [MESSAGE][PASSED] - Object: 'Object Repository/Final Object Repo/Login Page/External Login Page/Next' is clicked on

2018-10-20 17:56:33 - [TEST_STEP][PASSED] - delay: Delayed 3 second(s)

2018-10-20 17:56:36 - [MESSAGE][PASSED] - Delayed 3 second(s)

2018-10-20 17:56:36 - [TEST_STEP][PASSED] - setEncryptedText: Text ****** has been set on object 'Object Repository/Final Object Repo/Login Page/External Login Page/Password'

2018-10-20 17:56:36 - [MESSAGE][PASSED] - Text ****** has been set on object 'Object Repository/Final Object Repo/Login Page/External Login Page/Password'

2018-10-20 17:56:36 - [TEST_STEP][PASSED] - click: Object: 'Object Repository/Final Object Repo/Login Page/External Login Page/Login' is clicked on

2018-10-20 17:56:36 - [MESSAGE][PASSED] - Object: 'Object Repository/Final Object Repo/Login Page/External Login Page/Login' is clicked on

2018-10-20 17:56:36 - [TEST_STEP][PASSED] - delay: Delayed 3 second(s)

2018-10-20 17:56:39 - [MESSAGE][PASSED] - Delayed 3 second(s)

2018-10-20 17:56:39 - [TEST_STEP][PASSED] - click: Object: 'Object Repository/Final Object Repo/Creating Employer Account/Page_Terms of Use - ASSIST/button_I Agree' is clicked on

2018-10-20 17:56:40 - [MESSAGE][PASSED] - Object: 'Object Repository/Final Object Repo/Creating Employer Account/Page_Terms of Use - ASSIST/button_I Agree' is clicked on

2018-10-20 17:56:40 - [TEST_STEP][PASSED] - delay: Delayed 2 second(s)

2018-10-20 17:56:42 - [MESSAGE][PASSED] - Delayed 2 second(s)

2018-10-20 17:56:42 - [TEST_STEP][PASSED] - setEncryptedText: Text ****** has been set on object 'Object Repository/Final Object Repo/Creating Employer Account/Page_New Password - ASSIST/input_password1'

2018-10-20 17:56:42 - [MESSAGE][PASSED] - Text ****** has been set on object 'Object Repository/Final Object Repo/Creating Employer Account/Page_New Password - ASSIST/input_password1'

2018-10-20 17:56:42 - [TEST_STEP][PASSED] - setEncryptedText: Text ****** has been set on object 'Object Repository/Final Object Repo/Creating Employer Account/Page_New Password - ASSIST/input_password2'

2018-10-20 17:56:43 - [MESSAGE][PASSED] - Text ****** has been set on object 'Object Repository/Final Object Repo/Creating Employer Account/Page_New Password - ASSIST/input_password2'

2018-10-20 17:56:43 - [TEST_STEP][PASSED] - delay: Delayed 2 second(s)

2018-10-20 17:56:45 - [MESSAGE][PASSED] - Delayed 2 second(s)

2018-10-20 17:56:45 - [TEST_STEP][PASSED] - click: Object: 'Object Repository/Final Object Repo/Creating Employer Account/Page_New Password - ASSIST/Save' is clicked on

2018-10-20 17:56:45 - [MESSAGE][PASSED] - Object: 'Object Repository/Final Object Repo/Creating Employer Account/Page_New Password - ASSIST/Save' is clicked on

2018-10-20 17:56:45 - [TEST_STEP][PASSED] - delay: Delayed 2 second(s)

2018-10-20 17:56:47 - [MESSAGE][PASSED] - Delayed 2 second(s)

2018-10-20 17:56:47 - [TEST_STEP][PASSED] - setText: Text 'test' is set on object 'Object Repository/Final Object Repo/Creating Employer Account/Page_Password Reminder - ASSIST/Reminder Query Answer'

2018-10-20 17:56:47 - [MESSAGE][PASSED] - Text 'test' is set on object 'Object Repository/Final Object Repo/Creating Employer Account/Page_Password Reminder - ASSIST/Reminder Query Answer'

2018-10-20 17:56:47 - [TEST_STEP][PASSED] - delay: Delayed 2 second(s)

2018-10-20 17:56:49 - [MESSAGE][PASSED] - Delayed 2 second(s)

2018-10-20 17:56:49 - [TEST_STEP][PASSED] - doubleClick: Object: 'Object Repository/Final Object Repo/Creating Employer Account/Page_Password Reminder - ASSIST/Save' is double clicked on

2018-10-20 17:56:49 - [MESSAGE][PASSED] - Object: 'Object Repository/Final Object Repo/Creating Employer Account/Page_Password Reminder - ASSIST/Save' is double clicked on

2018-10-20 17:56:49 - [MESSAGE][PASSED] - Call Test Case 'Test Cases/Final Aug 2018 - PKS Automation/Create Employer Acc/Template/Login to Employer Account (First Time)' successfully

2018-10-20 17:56:49 - [MESSAGE][PASSED] - Call Test Case 'Test Cases/Final Aug 2018 - PKS Automation/Create Employer Acc/Create Employer Account' successfully

2018-10-20 17:56:49 - [TEST_STEP][PASSED] - callTestCase: Call Test Case 'Test Cases/Final Aug 2018 - PKS Automation/Registration Module/Log Out/log out avoiding katalon tagging' successfully

2018-10-20 17:56:49 - [TEST_CASE][PASSED] - Test Cases/Final Aug 2018 - PKS Automation/Registration Module/Log Out/log out avoiding katalon tagging: Test Cases/Final Aug 2018 - PKS Automation/Registration Module/Log Out/log out avoiding katalon tagging

2018-10-20 17:56:49 - [TEST_STEP][PASSED] - navigateToUrl: Navigate to 'https://assist2-uat.perkeso.gov.my/c/portal/logout' successfully

2018-10-20 17:56:53 - [MESSAGE][PASSED] - Navigate to 'https://assist2-uat.perkeso.gov.my/c/portal/logout' successfully

2018-10-20 17:56:53 - [MESSAGE][PASSED] - Call Test Case 'Test Cases/Final Aug 2018 - PKS Automation/Registration Module/Log Out/log out avoiding katalon tagging' successfully

2018-10-20 17:56:53 - [TEST_STEP][PASSED] - callTestCase: Call Test Case 'Test Cases/Final Aug 2018 - PKS Automation/Create Employer Acc/Login to Employer Account (Second time)' successfully

2018-10-20 17:56:53 - [TEST_CASE][PASSED] - Test Cases/Final Aug 2018 - PKS Automation/Create Employer Acc/Login to Employer Account (Second time): Test Cases/Final Aug 2018 - PKS Automation/Create Employer Acc/Login to Employer Account (Second time)

2018-10-20 17:56:53 - [TEST_STEP][PASSED] - openBrowser: Browser is opened with url: ''

2018-10-20 17:56:53 - [MESSAGE][WARNING] - A browser is already opened. Closing browser and opening a new one

2018-10-20 17:56:57 - [MESSAGE][PASSED] - Browser is opened with url: ''

2018-10-20 17:56:57 - [TEST_STEP][PASSED] - navigateToUrl: Navigate to 'https://assist2-uat.perkeso.gov.my/employer/login' successfully

2018-10-20 17:56:59 - [MESSAGE][PASSED] - Navigate to 'https://assist2-uat.perkeso.gov.my/employer/login' successfully

2018-10-20 17:56:59 - [TEST_STEP][PASSED] - delay: Delayed 3 second(s)

2018-10-20 17:57:02 - [MESSAGE][PASSED] - Delayed 3 second(s)

2018-10-20 17:57:02 - [TEST_STEP][PASSED] - callTestCase: Call Test Case 'Test Cases/Final Aug 2018 - PKS Automation/Create Employer Acc/Template/Employer Email Getter' successfully

2018-10-20 17:57:02 - [TEST_CASE][PASSED] - Test Cases/Final Aug 2018 - PKS Automation/Create Employer Acc/Template/Employer Email Getter: Test Cases/Final Aug 2018 - PKS Automation/Create Employer Acc/Template/Employer Email Getter

2018-10-20 17:57:02 - [TEST_STEP][PASSED] - Statement - Try: null

2018-10-20 17:57:02 - [TEST_STEP][PASSED] - Statement - EmpEmail = new java.io.File(C://EmpEmail.txt): null

2018-10-20 17:57:02 - [TEST_STEP][PASSED] - Statement - bufferread = new java.io.BufferedReader(new java.io.FileReader(EmpEmail)): null

2018-10-20 17:57:02 - [TEST_STEP][PASSED] - Statement - readedVal = bufferread.readLine(): null

2018-10-20 17:57:02 - [TEST_STEP][PASSED] - Statement - out.println(readedVal): null

2018-10-20 17:57:02 - [TEST_STEP][PASSED] - Statement - Email = readedVal: null

2018-10-20 17:57:02 - [MESSAGE][PASSED] - Call Test Case 'Test Cases/Final Aug 2018 - PKS Automation/Create Employer Acc/Template/Employer Email Getter' successfully

2018-10-20 17:57:02 - [TEST_STEP][PASSED] - setText: Text 'perkeso421508178158@gmail.com' is set on object 'Object Repository/Final Object Repo/Login Page/External Login Page/Email'

2018-10-20 17:57:02 - [MESSAGE][PASSED] - Text 'perkeso421508178158@gmail.com' is set on object 'Object Repository/Final Object Repo/Login Page/External Login Page/Email'

2018-10-20 17:57:02 - [TEST_STEP][PASSED] - click: Object: 'Object Repository/Final Object Repo/Login Page/External Login Page/Next' is clicked on

2018-10-20 17:57:02 - [MESSAGE][PASSED] - Object: 'Object Repository/Final Object Repo/Login Page/External Login Page/Next' is clicked on

2018-10-20 17:57:02 - [TEST_STEP][PASSED] - delay: Delayed 3 second(s)

2018-10-20 17:57:05 - [MESSAGE][PASSED] - Delayed 3 second(s)

2018-10-20 17:57:05 - [TEST_STEP][PASSED] - setEncryptedText: Text ****** has been set on object 'Object Repository/Final Object Repo/Login Page/External Login Page/Password'

2018-10-20 17:57:06 - [MESSAGE][PASSED] - Text ****** has been set on object 'Object Repository/Final Object Repo/Login Page/External Login Page/Password'

2018-10-20 17:57:06 - [TEST_STEP][PASSED] - click: Object: 'Object Repository/Final Object Repo/Login Page/External Login Page/Login' is clicked on

2018-10-20 17:57:06 - [MESSAGE][PASSED] - Object: 'Object Repository/Final Object Repo/Login Page/External Login Page/Login' is clicked on

2018-10-20 17:57:06 - [TEST_STEP][PASSED] - delay: Delayed 5 second(s)

2018-10-20 17:57:11 - [MESSAGE][PASSED] - Delayed 5 second(s)

2018-10-20 17:57:11 - [MESSAGE][PASSED] - Call Test Case 'Test Cases/Final Aug 2018 - PKS Automation/Create Employer Acc/Login to Employer Account (Second time)' successfully

2018-10-20 17:57:11 - [TEST_STEP][PASSED] - Statement - Try: Delayed 2 second(s)

2018-10-20 17:57:11 - [TEST_STEP][PASSED] - Statement - Checker = false: null

2018-10-20 17:57:11 - [TEST_STEP][PASSED] - Statement - Checker = com.kms.katalon.core.webui.keyword.WebUiBuiltInKeywords.verifyElementHasAttribute(com.kms.katalon.core.testobject.ObjectRepository.findTestObject(Final Object Repo/Landing Page/BM Detecting), "href", 20, OPTIONAL): Object 'Object Repository/Final Object Repo/Landing Page/BM Detecting' has attribute 'href'

2018-10-20 17:57:11 - [MESSAGE][PASSED] - Object 'Object Repository/Final Object Repo/Landing Page/BM Detecting' has attribute 'href'

2018-10-20 17:57:11 - [TEST_STEP][PASSED] - Statement - out.println(Checker): null

2018-10-20 17:57:11 - [TEST_STEP][PASSED] - Statement - If (Checker == false): null

2018-10-20 17:57:11 - [TEST_STEP][PASSED] - Statement - Else: null

2018-10-20 17:57:11 - [TEST_STEP][PASSED] - delay: Delayed 2 second(s)

2018-10-20 17:57:13 - [MESSAGE][PASSED] - Delayed 2 second(s)

2018-10-20 17:57:13 - [TEST_STEP][PASSED] - delay: Delayed 4 second(s)

2018-10-20 17:57:17 - [MESSAGE][PASSED] - Delayed 4 second(s)

2018-10-20 17:57:17 - [TEST_STEP][PASSED] - click: Object: 'Object Repository/Final Object Repo/Landing Page/My Sites Drop Down' is clicked on

2018-10-20 17:57:17 - [MESSAGE][PASSED] - Object: 'Object Repository/Final Object Repo/Landing Page/My Sites Drop Down' is clicked on

2018-10-20 17:57:17 - [TEST_STEP][PASSED] - click: Object: 'Object Repository/Final Object Repo/Landing Page/Select to Registration Module' is clicked on

2018-10-20 17:57:19 - [MESSAGE][PASSED] - Object: 'Object Repository/Final Object Repo/Landing Page/Select to Registration Module' is clicked on

2018-10-20 17:57:19 - [TEST_STEP][PASSED] - click: Object: 'Object Repository/Final Object Repo/Landing Page/Registration Button' is clicked on

2018-10-20 17:57:21 - [MESSAGE][PASSED] - Object: 'Object Repository/Final Object Repo/Landing Page/Registration Button' is clicked on

2018-10-20 17:57:21 - [TEST_STEP][PASSED] - delay: Delayed 2 second(s)

2018-10-20 17:57:23 - [MESSAGE][PASSED] - Delayed 2 second(s)

2018-10-20 17:57:23 - [TEST_STEP][PASSED] - click: Object: 'Object Repository/Final Object Repo/New Registration - Registration Module Pages/New Reg - OTC to RO/Special Case - OTC - Form 1/AEC NO' is clicked on

2018-10-20 17:57:23 - [MESSAGE][PASSED] - Object: 'Object Repository/Final Object Repo/New Registration - Registration Module Pages/New Reg - OTC to RO/Special Case - OTC - Form 1/AEC NO' is clicked on

2018-10-20 17:57:23 - [TEST_STEP][PASSED] - click: Object: 'Object Repository/Final Object Repo/New Registration - Registration Module Pages/New Reg - OTC to RO/Special Case - OTC - Form 1/Business Entity - Please Select' is clicked on

2018-10-20 17:57:23 - [MESSAGE][PASSED] - Object: 'Object Repository/Final Object Repo/New Registration - Registration Module Pages/New Reg - OTC to RO/Special Case - OTC - Form 1/Business Entity - Please Select' is clicked on

2018-10-20 17:57:23 - [TEST_STEP][PASSED] - click: Object: 'Object Repository/Final Object Repo/New Registration - Registration Module Pages/New Reg - OTC to RO/Special Case - OTC - Form 1/Selected - Corporation' is clicked on

2018-10-20 17:57:24 - [MESSAGE][PASSED] - Object: 'Object Repository/Final Object Repo/New Registration - Registration Module Pages/New Reg - OTC to RO/Special Case - OTC - Form 1/Selected - Corporation' is clicked on

2018-10-20 17:57:24 - [TEST_STEP][PASSED] - delay: Delayed 2 second(s)

2018-10-20 17:57:26 - [MESSAGE][PASSED] - Delayed 2 second(s)

2018-10-20 17:57:26 - [TEST_STEP][PASSED] - click: Object: 'Object Repository/Final Object Repo/New Registration - Registration Module Pages/New Reg - OTC to RO/Special Case - OTC - Form 1/Sub Business Entity - Please Select' is clicked on

2018-10-20 17:57:26 - [MESSAGE][PASSED] - Object: 'Object Repository/Final Object Repo/New Registration - Registration Module Pages/New Reg - OTC to RO/Special Case - OTC - Form 1/Sub Business Entity - Please Select' is clicked on

2018-10-20 17:57:26 - [TEST_STEP][PASSED] - delay: Delayed 2 second(s)

2018-10-20 17:57:28 - [MESSAGE][PASSED] - Delayed 2 second(s)

2018-10-20 17:57:28 - [TEST_STEP][PASSED] - click: Object: 'Object Repository/Final Object Repo/New Registration - Registration Module Pages/New Reg - OTC to RO/Special Case - OTC - Form 1/Selected - Sendirian Berhad' is clicked on

2018-10-20 17:57:28 - [MESSAGE][PASSED] - Object: 'Object Repository/Final Object Repo/New Registration - Registration Module Pages/New Reg - OTC to RO/Special Case - OTC - Form 1/Selected - Sendirian Berhad' is clicked on

2018-10-20 17:57:28 - [TEST_STEP][PASSED] - setText: Text 'AUTOMATE001' is set on object 'Object Repository/Final Object Repo/New Registration - Registration Module Pages/New Reg - OTC to RO/Special Case - OTC - Form 1/Input BRN Number'

2018-10-20 17:57:28 - [MESSAGE][PASSED] - Text 'AUTOMATE001' is set on object 'Object Repository/Final Object Repo/New Registration - Registration Module Pages/New Reg - OTC to RO/Special Case - OTC - Form 1/Input BRN Number'

2018-10-20 17:57:28 - [TEST_STEP][PASSED] - delay: Delayed 2 second(s)

2018-10-20 17:57:30 - [MESSAGE][PASSED] - Delayed 2 second(s)

2018-10-20 17:57:30 - [TEST_STEP][PASSED] - click: Object: 'Object Repository/Final Object Repo/New Registration - Registration Module Pages/New Reg - OTC to RO/Special Case - OTC - Form 1/BRN Search' is clicked on

2018-10-20 17:57:31 - [MESSAGE][PASSED] - Object: 'Object Repository/Final Object Repo/New Registration - Registration Module Pages/New Reg - OTC to RO/Special Case - OTC - Form 1/BRN Search' is clicked on

2018-10-20 17:57:31 - [TEST_STEP][PASSED] - delay: Delayed 4 second(s)

2018-10-20 17:57:35 - [MESSAGE][PASSED] - Delayed 4 second(s)

2018-10-20 17:57:35 - [TEST_STEP][PASSED] - click: Object: 'Object Repository/Final Object Repo/New Registration - Registration Module Pages/New Reg - OTC to RO/Special Case - OTC - Form 1/Registered with SSM - After Feb 2017' is clicked on

2018-10-20 17:57:35 - [MESSAGE][PASSED] - Object: 'Object Repository/Final Object Repo/New Registration - Registration Module Pages/New Reg - OTC to RO/Special Case - OTC - Form 1/Registered with SSM - After Feb 2017' is clicked on

2018-10-20 17:57:35 - [TEST_STEP][PASSED] - delay: Delayed 2 second(s)

2018-10-20 17:57:37 - [MESSAGE][PASSED] - Delayed 2 second(s)

2018-10-20 17:57:37 - [TEST_STEP][PASSED] - click: Object: 'Object Repository/Final Object Repo/New Registration - Registration Module Pages/Form 1/Registered As a Branch - Yes' is clicked on

2018-10-20 17:57:37 - [MESSAGE][PASSED] - Object: 'Object Repository/Final Object Repo/New Registration - Registration Module Pages/Form 1/Registered As a Branch - Yes' is clicked on

2018-10-20 17:57:37 - [TEST_STEP][PASSED] - click: Object: 'Object Repository/Final Object Repo/New Registration - Registration Module Pages/New Reg - OTC to RO/Special Case - OTC - Form 1/Acknowledgement Ticked' is clicked on

2018-10-20 17:57:37 - [MESSAGE][PASSED] - Object: 'Object Repository/Final Object Repo/New Registration - Registration Module Pages/New Reg - OTC to RO/Special Case - OTC - Form 1/Acknowledgement Ticked' is clicked on

2018-10-20 17:57:37 - [TEST_STEP][PASSED] - setText: Text 'perkeso421508178158@gmail.com' is set on object 'Object Repository/Final Object Repo/New Registration - Registration Module Pages/Form 1/Email'

2018-10-20 17:57:38 - [MESSAGE][PASSED] - Text 'perkeso421508178158@gmail.com' is set on object 'Object Repository/Final Object Repo/New Registration - Registration Module Pages/Form 1/Email'

2018-10-20 17:57:38 - [TEST_STEP][PASSED] - click: Object: 'Object Repository/Final Object Repo/New Registration - Registration Module Pages/New Reg - OTC to RO/Special Case - OTC - Form 1/Submit Button' is clicked on

2018-10-20 17:57:38 - [MESSAGE][PASSED] - Object: 'Object Repository/Final Object Repo/New Registration - Registration Module Pages/New Reg - OTC to RO/Special Case - OTC - Form 1/Submit Button' is clicked on

2018-10-20 17:57:38 - [TEST_STEP][PASSED] - callTestCase: Call Test Case 'Test Cases/Final Aug 2018 - PKS Automation/Registration Module/New Registration/Form 2/Add 1 Eligible - Employer Account Use' successfully

2018-10-20 17:57:38 - [TEST_CASE][PASSED] - Test Cases/Final Aug 2018 - PKS Automation/Registration Module/New Registration/Form 2/Add 1 Eligible - Employer Account Use: Test Cases/Final Aug 2018 - PKS Automation/Registration Module/New Registration/Form 2/Add 1 Eligible - Employer Account Use

2018-10-20 17:57:38 - [TEST_STEP][PASSED] - delay: Delayed 2 second(s)

2018-10-20 17:57:40 - [MESSAGE][PASSED] - Delayed 2 second(s)

2018-10-20 17:57:40 - [TEST_STEP][PASSED] - callTestCase: Call Test Case 'Test Cases/Final Aug 2018 - PKS Automation/Registration Module/New Registration/Form 2/Date Updater' successfully

2018-10-20 17:57:40 - [TEST_CASE][PASSED] - Test Cases/Final Aug 2018 - PKS Automation/Registration Module/New Registration/Form 2/Date Updater: Test Cases/Final Aug 2018 - PKS Automation/Registration Module/New Registration/Form 2/Date Updater

2018-10-20 17:57:40 - [TEST_STEP][PASSED] - Statement - TodayDate = new java.util.Date(): null

2018-10-20 17:57:40 - [TEST_STEP][PASSED] - Statement - CurrentDateNoFilter = new java.text.SimpleDateFormat(): null

2018-10-20 17:57:40 - [TEST_STEP][PASSED] - Statement - CurrentDateNoFilter.applyPattern("dd"): null

2018-10-20 17:57:40 - [TEST_STEP][PASSED] - Statement - CurrentDate = CurrentDateNoFilter.format(TodayDate): null

2018-10-20 17:57:40 - [TEST_STEP][PASSED] - Statement - CurrentDate = java.lang.Integer.parseInt(CurrentDate): null

2018-10-20 17:57:40 - [TEST_STEP][PASSED] - Statement - CurrentDate = CurrentDate: null

2018-10-20 17:57:40 - [TEST_STEP][PASSED] - Statement - CurrentDay = java.lang.Integer.parseInt(CurrentDate): null

2018-10-20 17:57:40 - [TEST_STEP][PASSED] - Statement - aDayBefore = CurrentDay + 1: null

2018-10-20 17:57:40 - [TEST_STEP][PASSED] - Statement - DayBefore = aDayBefore.toString(): null

2018-10-20 17:57:40 - [TEST_STEP][PASSED] - Statement - OneDayBefore = DayBefore: null

2018-10-20 17:57:40 - [TEST_STEP][PASSED] - Statement - CurrentDateNoFilter.applyPattern("MM"): null

2018-10-20 17:57:40 - [TEST_STEP][PASSED] - Statement - monthContainerMatcher = java.lang.Integer.parseInt(CurrentDateNoFilter.format(TodayDate)): null

2018-10-20 17:57:40 - [TEST_STEP][PASSED] - Statement - monthContainerMatcher = monthContainerMatcher - 1: null

2018-10-20 17:57:40 - [TEST_STEP][PASSED] - Statement - CurrentMonth = monthContainerMatcher.toString(): null

2018-10-20 17:57:40 - [TEST_STEP][PASSED] - Statement - CurrentMonth = CurrentMonth: null

2018-10-20 17:57:40 - [TEST_STEP][PASSED] - Statement - CurrentDateNoFilter.applyPattern("yyyy"): null

2018-10-20 17:57:40 - [TEST_STEP][PASSED] - Statement - CurrentYear = CurrentDateNoFilter.format(TodayDate): null

2018-10-20 17:57:40 - [TEST_STEP][PASSED] - Statement - CurrentYear = CurrentYear: null

2018-10-20 17:57:40 - [TEST_STEP][PASSED] - Statement - intCurrentYear = java.lang.Integer.parseInt(CurrentDateNoFilter.format(TodayDate)): null

2018-10-20 17:57:40 - [TEST_STEP][PASSED] - Statement - eighteenYrsAgo = intCurrentYear - 18: null

2018-10-20 17:57:40 - [TEST_STEP][PASSED] - Statement - eighteenYrsBeforeThisYr = eighteenYrsAgo.toString(): null

2018-10-20 17:57:40 - [TEST_STEP][PASSED] - Statement - EighteenYrsBefore = eighteenYrsBeforeThisYr: null

2018-10-20 17:57:40 - [TEST_STEP][PASSED] - Statement - fiftysevenYrsAgo = intCurrentYear - 57: null

2018-10-20 17:57:40 - [TEST_STEP][PASSED] - Statement - fiftysevenYrsBeforeThisYr = fiftysevenYrsAgo.toString(): null

2018-10-20 17:57:40 - [TEST_STEP][PASSED] - Statement - FiftysevenYrsBefore = fiftysevenYrsBeforeThisYr: null

2018-10-20 17:57:40 - [MESSAGE][PASSED] - Call Test Case 'Test Cases/Final Aug 2018 - PKS Automation/Registration Module/New Registration/Form 2/Date Updater' successfully

2018-10-20 17:57:40 - [TEST_STEP][PASSED] - delay: Delayed 1 second(s)

2018-10-20 17:57:41 - [MESSAGE][PASSED] - Delayed 1 second(s)

2018-10-20 17:57:41 - [TEST_STEP][PASSED] - Statement - CaseReferenceNo = com.kms.katalon.core.webui.keyword.WebUiBuiltInKeywords.getText(com.kms.katalon.core.testobject.ObjectRepository.findTestObject(Final Object Repo/New Registration - Registration Module Pages/Form 2/RefNo Acquiring)): Text of object 'Object Repository/Final Object Repo/New Registration - Registration Module Pages/Form 2/RefNo Acquiring' is: 'CRN10201800122304'

2018-10-20 17:57:41 - [MESSAGE][PASSED] - Text of object 'Object Repository/Final Object Repo/New Registration - Registration Module Pages/Form 2/RefNo Acquiring' is: 'CRN10201800122304'

2018-10-20 17:57:41 - [TEST_STEP][PASSED] - delay: Delayed 1 second(s)

2018-10-20 17:57:42 - [MESSAGE][PASSED] - Delayed 1 second(s)

2018-10-20 17:57:42 - [TEST_STEP][PASSED] - click: Object: 'Object Repository/Final Object Repo/New Registration - Registration Module Pages/Form 2/Add Employee Button' is clicked on

2018-10-20 17:57:42 - [MESSAGE][PASSED] - Object: 'Object Repository/Final Object Repo/New Registration - Registration Module Pages/Form 2/Add Employee Button' is clicked on

2018-10-20 17:57:42 - [TEST_STEP][PASSED] - delay: Delayed 1 second(s)

2018-10-20 17:57:43 - [MESSAGE][PASSED] - Delayed 1 second(s)

2018-10-20 17:57:43 - [TEST_STEP][PASSED] - setText: Text '010903091948' is set on object 'Object Repository/Final Object Repo/New Registration - Registration Module Pages/Form 2/NRIC Input'

2018-10-20 17:57:43 - [MESSAGE][PASSED] - Text '010903091948' is set on object 'Object Repository/Final Object Repo/New Registration - Registration Module Pages/Form 2/NRIC Input'

2018-10-20 17:57:43 - [TEST_STEP][PASSED] - delay: Delayed 2 second(s)

2018-10-20 17:57:45 - [MESSAGE][PASSED] - Delayed 2 second(s)

2018-10-20 17:57:45 - [TEST_STEP][PASSED] - setText: Text 'Automate001 eligible 1' is set on object 'Object Repository/Final Object Repo/New Registration - Registration Module Pages/Form 2/Employee Name Input'

2018-10-20 17:57:46 - [MESSAGE][PASSED] - Text 'Automate001 eligible 1' is set on object 'Object Repository/Final Object Repo/New Registration - Registration Module Pages/Form 2/Employee Name Input'

2018-10-20 17:57:46 - [TEST_STEP][PASSED] - delay: Delayed 2 second(s)

2018-10-20 17:57:48 - [MESSAGE][PASSED] - Delayed 2 second(s)

2018-10-20 17:57:48 - [TEST_STEP][PASSED] - click: Object: 'Object Repository/Final Object Repo/New Registration - Registration Module Pages/Form 2/DatePicker Pop Up' is clicked on

2018-10-20 17:57:48 - [MESSAGE][PASSED] - Object: 'Object Repository/Final Object Repo/New Registration - Registration Module Pages/Form 2/DatePicker Pop Up' is clicked on

2018-10-20 17:57:48 - [TEST_STEP][PASSED] - click: Object: 'Object Repository/Final Object Repo/New Registration - Registration Module Pages/Form 2/DOB Month' is clicked on

2018-10-20 17:57:48 - [MESSAGE][PASSED] - Object: 'Object Repository/Final Object Repo/New Registration - Registration Module Pages/Form 2/DOB Month' is clicked on

2018-10-20 17:57:48 - [TEST_STEP][PASSED] - Statement - CurrentMonth = CurrentMonth: null

2018-10-20 17:57:48 - [TEST_STEP][PASSED] - Statement - selectMonth = new com.kms.katalon.core.testobject.TestObject(): null

2018-10-20 17:57:48 - [TEST_STEP][PASSED] - Statement - selectMonth.addProperty("xpath", EQUALS, "//body/div/div/div/select/option[@value='" + CurrentMonth + "']", true): null

2018-10-20 17:57:48 - [TEST_STEP][PASSED] - click: Object: '' is clicked on

2018-10-20 17:57:48 - [MESSAGE][PASSED] - Object: '' is clicked on

2018-10-20 17:57:48 - [TEST_STEP][PASSED] - click: Object: 'Object Repository/Final Object Repo/New Registration - Registration Module Pages/Form 2/DOB Year' is clicked on

2018-10-20 17:57:49 - [MESSAGE][PASSED] - Object: 'Object Repository/Final Object Repo/New Registration - Registration Module Pages/Form 2/DOB Year' is clicked on

2018-10-20 17:57:49 - [TEST_STEP][PASSED] - Statement - Eyearsbf = EighteenYrsBefore: null

2018-10-20 17:57:49 - [TEST_STEP][PASSED] - Statement - selectYear = new com.kms.katalon.core.testobject.TestObject(): null

2018-10-20 17:57:49 - [TEST_STEP][PASSED] - Statement - selectYear.addProperty("xpath", EQUALS, "//div/div/div/select/option[@value='" + Eyearsbf + "']", true): null

2018-10-20 17:57:49 - [TEST_STEP][PASSED] - click: Object: '' is clicked on

2018-10-20 17:57:49 - [MESSAGE][PASSED] - Object: '' is clicked on

2018-10-20 17:57:49 - [TEST_STEP][PASSED] - Statement - UpdatedSelectDate = com.kms.katalon.core.webui.keyword.WebUiBuiltInKeywords.modifyObjectProperty(com.kms.katalon.core.testobject.ObjectRepository.findTestObject(Final Object Repo/New Registration - Registration Module Pages/Form 2/DOB Date), "xpath", "equals", "//body/div/table/tbody/tr/td/a[text()="" + CurrentDate + ""]", true): Modify property of object successfully

2018-10-20 17:57:49 - [MESSAGE][PASSED] - Modify property of object successfully

2018-10-20 17:57:49 - [TEST_STEP][PASSED] - delay: Delayed 3 second(s)

2018-10-20 17:57:52 - [MESSAGE][PASSED] - Delayed 3 second(s)

2018-10-20 17:57:52 - [TEST_STEP][PASSED] - click: Object: 'Object Repository/Final Object Repo/New Registration - Registration Module Pages/Form 2/DOB Date' is clicked on

2018-10-20 17:57:52 - [MESSAGE][PASSED] - Object: 'Object Repository/Final Object Repo/New Registration - Registration Module Pages/Form 2/DOB Date' is clicked on

2018-10-20 17:57:52 - [TEST_STEP][PASSED] - delay: Delayed 2 second(s)

2018-10-20 17:57:54 - [MESSAGE][PASSED] - Delayed 2 second(s)

2018-10-20 17:57:54 - [TEST_STEP][PASSED] - click: Object: 'Object Repository/Final Object Repo/New Registration - Registration Module Pages/Form 2/EmploymentStartDate Pop Up' is clicked on

2018-10-20 17:57:54 - [MESSAGE][PASSED] - Object: 'Object Repository/Final Object Repo/New Registration - Registration Module Pages/Form 2/EmploymentStartDate Pop Up' is clicked on

2018-10-20 17:57:54 - [TEST_STEP][PASSED] - delay: Delayed 2 second(s)

2018-10-20 17:57:56 - [MESSAGE][PASSED] - Delayed 2 second(s)

2018-10-20 17:57:56 - [TEST_STEP][PASSED] - click: Object: 'Object Repository/Final Object Repo/New Registration - Registration Module Pages/Form 2/Socso Employment StartDate Month' is clicked on

2018-10-20 17:57:56 - [MESSAGE][PASSED] - Object: 'Object Repository/Final Object Repo/New Registration - Registration Module Pages/Form 2/Socso Employment StartDate Month' is clicked on

2018-10-20 17:57:56 - [TEST_STEP][PASSED] - delay: Delayed 1 second(s)

2018-10-20 17:57:57 - [MESSAGE][PASSED] - Delayed 1 second(s)

2018-10-20 17:57:57 - [TEST_STEP][PASSED] - click: Object: 'Object Repository/Final Object Repo/New Registration - Registration Module Pages/Form 2/Select Socso Employement Startdate Month' is clicked on

2018-10-20 17:57:57 - [MESSAGE][PASSED] - Object: 'Object Repository/Final Object Repo/New Registration - Registration Module Pages/Form 2/Select Socso Employement Startdate Month' is clicked on

2018-10-20 17:57:57 - [TEST_STEP][PASSED] - delay: Delayed 2 second(s)

2018-10-20 17:57:59 - [MESSAGE][PASSED] - Delayed 2 second(s)

2018-10-20 17:57:59 - [TEST_STEP][PASSED] - click: Object: 'Object Repository/Final Object Repo/New Registration - Registration Module Pages/Form 2/Socso Employment StartDate Year' is clicked on

2018-10-20 17:58:00 - [MESSAGE][PASSED] - Object: 'Object Repository/Final Object Repo/New Registration - Registration Module Pages/Form 2/Socso Employment StartDate Year' is clicked on

2018-10-20 17:58:00 - [TEST_STEP][PASSED] - delay: Delayed 1 second(s)

2018-10-20 17:58:01 - [MESSAGE][PASSED] - Delayed 1 second(s)

2018-10-20 17:58:01 - [TEST_STEP][PASSED] - click: Object: 'Object Repository/Final Object Repo/New Registration - Registration Module Pages/Form 2/Select Socso Employment Startdate Year' is clicked on

2018-10-20 17:58:01 - [MESSAGE][PASSED] - Object: 'Object Repository/Final Object Repo/New Registration - Registration Module Pages/Form 2/Select Socso Employment Startdate Year' is clicked on

2018-10-20 17:58:01 - [TEST_STEP][PASSED] - delay: Delayed 2 second(s)

2018-10-20 17:58:03 - [MESSAGE][PASSED] - Delayed 2 second(s)

2018-10-20 17:58:03 - [TEST_STEP][PASSED] - click: Object: 'Object Repository/Final Object Repo/New Registration - Registration Module Pages/Form 2/Socso Employment Start Date Day' is clicked on

2018-10-20 17:58:03 - [MESSAGE][PASSED] - Object: 'Object Repository/Final Object Repo/New Registration - Registration Module Pages/Form 2/Socso Employment Start Date Day' is clicked on

2018-10-20 17:58:03 - [TEST_STEP][PASSED] - delay: Delayed 2 second(s)

2018-10-20 17:58:05 - [MESSAGE][PASSED] - Delayed 2 second(s)

2018-10-20 17:58:05 - [TEST_STEP][PASSED] - click: Object: 'Object Repository/Final Object Repo/New Registration - Registration Module Pages/Form 2/Save Button for Add Employee' is clicked on

2018-10-20 17:58:05 - [MESSAGE][PASSED] - Object: 'Object Repository/Final Object Repo/New Registration - Registration Module Pages/Form 2/Save Button for Add Employee' is clicked on

2018-10-20 17:58:05 - [TEST_STEP][PASSED] - delay: Delayed 6 second(s)

2018-10-20 17:58:11 - [MESSAGE][PASSED] - Delayed 6 second(s)

2018-10-20 17:58:11 - [TEST_STEP][PASSED] - click: Object: 'Object Repository/Final Object Repo/New Registration - Registration Module Pages/Form 2/Save and Continue Form 2' is clicked on

2018-10-20 17:58:11 - [MESSAGE][PASSED] - Object: 'Object Repository/Final Object Repo/New Registration - Registration Module Pages/Form 2/Save and Continue Form 2' is clicked on

2018-10-20 17:58:11 - [MESSAGE][PASSED] - Call Test Case 'Test Cases/Final Aug 2018 - PKS Automation/Registration Module/New Registration/Form 2/Add 1 Eligible - Employer Account Use' successfully

2018-10-20 17:58:11 - [TEST_STEP][PASSED] - callTestCase: Call Test Case 'Test Cases/Final Aug 2018 - PKS Automation/Registration Module/New Registration/Flow of New Registration/Third Screen - Upload Supporting Doc - Preview' successfully

2018-10-20 17:58:11 - [TEST_CASE][PASSED] - Test Cases/Final Aug 2018 - PKS Automation/Registration Module/New Registration/Flow of New Registration/Third Screen - Upload Supporting Doc - Preview: Test Cases/Final Aug 2018 - PKS Automation/Registration Module/New Registration/Flow of New Registration/Third Screen - Upload Supporting Doc - Preview

2018-10-20 17:58:12 - [TEST_STEP][PASSED] - waitForPageLoad: Wait for page load successfully

2018-10-20 17:58:12 - [MESSAGE][PASSED] - Wait for page load successfully

2018-10-20 17:58:12 - [TEST_STEP][PASSED] - Statement - CaseReferenceNo = com.kms.katalon.core.webui.keyword.WebUiBuiltInKeywords.getText(com.kms.katalon.core.testobject.ObjectRepository.findTestObject(Final Object Repo/New Registration - Registration Module Pages/Third Screen - Upload Supporting Doc- Preview/RefNo Acquiring)): Text of object 'Object Repository/Final Object Repo/New Registration - Registration Module Pages/Third Screen - Upload Supporting Doc- Preview/RefNo Acquiring' is: 'CRN10201800122304'

2018-10-20 17:58:12 - [MESSAGE][PASSED] - Text of object 'Object Repository/Final Object Repo/New Registration - Registration Module Pages/Third Screen - Upload Supporting Doc- Preview/RefNo Acquiring' is: 'CRN10201800122304'

2018-10-20 17:58:12 - [TEST_STEP][PASSED] - delay: Delayed 2 second(s)

2018-10-20 17:58:14 - [MESSAGE][PASSED] - Delayed 2 second(s)

2018-10-20 17:58:14 - [TEST_STEP][PASSED] - callTestCase: Call Test Case 'Test Cases/Final Aug 2018 - PKS Automation/Common/Reference Number Setter' successfully

2018-10-20 17:58:15 - [TEST_CASE][PASSED] - Test Cases/Final Aug 2018 - PKS Automation/Common/Reference Number Setter: Test Cases/Final Aug 2018 - PKS Automation/Common/Reference Number Setter

2018-10-20 17:58:15 - [TEST_STEP][PASSED] - Statement - RefNoOldFile = new java.io.File(C://KatalonReference.txt): null

2018-10-20 17:58:15 - [TEST_STEP][PASSED] - Statement - RefNoOldFile.delete(): null

2018-10-20 17:58:15 - [TEST_STEP][PASSED] - Statement - RefNo = new java.io.File(C://KatalonReference.txt): null

2018-10-20 17:58:15 - [TEST_STEP][PASSED] - Statement - RefNo.append(CaseReferenceNo): null

2018-10-20 17:58:15 - [TEST_STEP][PASSED] - Statement - out.println("


" + CaseReferenceNo + "


"): null

2018-10-20 17:58:15 - [MESSAGE][PASSED] - Call Test Case 'Test Cases/Final Aug 2018 - PKS Automation/Common/Reference Number Setter' successfully

2018-10-20 17:58:15 - [TEST_STEP][PASSED] - waitForElementClickable: Object 'Object Repository/Final Object Repo/New Registration - Registration Module Pages/Third Screen - Upload Supporting Doc- Preview/Save n Continue in SIP Employee Listing Page' is clickable

2018-10-20 17:58:15 - [MESSAGE][PASSED] - Object 'Object Repository/Final Object Repo/New Registration - Registration Module Pages/Third Screen - Upload Supporting Doc- Preview/Save n Continue in SIP Employee Listing Page' is clickable

2018-10-20 17:58:15 - [TEST_STEP][PASSED] - click: Object: 'Object Repository/Final Object Repo/New Registration - Registration Module Pages/Third Screen - Upload Supporting Doc- Preview/Save n Continue in SIP Employee Listing Page' is clicked on

2018-10-20 17:58:20 - [MESSAGE][PASSED] - Object: 'Object Repository/Final Object Repo/New Registration - Registration Module Pages/Third Screen - Upload Supporting Doc- Preview/Save n Continue in SIP Employee Listing Page' is clicked on

2018-10-20 17:58:20 - [TEST_STEP][PASSED] - delay: Delayed 6 second(s)

2018-10-20 17:58:26 - [MESSAGE][PASSED] - Delayed 6 second(s)

2018-10-20 17:58:26 - [TEST_STEP][PASSED] - click: Object: 'Object Repository/Final Object Repo/New Registration - Registration Module Pages/Third Screen - Upload Supporting Doc- Preview/Add Document Button' is clicked on

2018-10-20 17:58:27 - [MESSAGE][PASSED] - Object: 'Object Repository/Final Object Repo/New Registration - Registration Module Pages/Third Screen - Upload Supporting Doc- Preview/Add Document Button' is clicked on

2018-10-20 17:58:27 - [TEST_STEP][PASSED] - delay: Delayed 30 second(s)

2018-10-20 17:58:57 - [MESSAGE][PASSED] - Delayed 30 second(s)

2018-10-20 17:58:57 - [TEST_STEP][PASSED] - click: Object: 'Object Repository/Final Object Repo/New Registration - Registration Module Pages/Third Screen - Upload Supporting Doc- Preview/Supporting Doc Please Select Drop Down' is clicked on

2018-10-20 17:58:57 - [MESSAGE][PASSED] - Object: 'Object Repository/Final Object Repo/New Registration - Registration Module Pages/Third Screen - Upload Supporting Doc- Preview/Supporting Doc Please Select Drop Down' is clicked on

2018-10-20 17:58:57 - [TEST_STEP][PASSED] - delay: Delayed 2 second(s)

2018-10-20 17:58:59 - [MESSAGE][PASSED] - Delayed 2 second(s)

2018-10-20 17:58:59 - [TEST_STEP][PASSED] - click: Object: 'Object Repository/Final Object Repo/New Registration - Registration Module Pages/Third Screen - Upload Supporting Doc- Preview/Select to Upload Form 1' is clicked on

2018-10-20 17:58:59 - [MESSAGE][PASSED] - Object: 'Object Repository/Final Object Repo/New Registration - Registration Module Pages/Third Screen - Upload Supporting Doc- Preview/Select to Upload Form 1' is clicked on

2018-10-20 17:58:59 - [TEST_STEP][PASSED] - delay: Delayed 2 second(s)

2018-10-20 17:59:01 - [MESSAGE][PASSED] - Delayed 2 second(s)

2018-10-20 17:59:01 - [TEST_STEP][PASSED] - uploadFile: File 'C:\Users\Public\Pictures\Sample Pictures\Act.jpg' sent to object: 'Object Repository/Final Object Repo/New Registration - Registration Module Pages/Third Screen - Upload Supporting Doc- Preview/Upload File Adding'

2018-10-20 17:59:01 - [MESSAGE][PASSED] - File 'C:\Users\Public\Pictures\Sample Pictures\Act.jpg' sent to object: 'Object Repository/Final Object Repo/New Registration - Registration Module Pages/Third Screen - Upload Supporting Doc- Preview/Upload File Adding'

2018-10-20 17:59:01 - [TEST_STEP][PASSED] - delay: Delayed 5 second(s)

2018-10-20 17:59:06 - [MESSAGE][PASSED] - Delayed 5 second(s)

2018-10-20 17:59:06 - [TEST_STEP][PASSED] - click: Object: 'Object Repository/Final Object Repo/New Registration - Registration Module Pages/Third Screen - Upload Supporting Doc- Preview/Inner Form Add Document Button' is clicked on

2018-10-20 17:59:06 - [MESSAGE][PASSED] - Object: 'Object Repository/Final Object Repo/New Registration - Registration Module Pages/Third Screen - Upload Supporting Doc- Preview/Inner Form Add Document Button' is clicked on

2018-10-20 17:59:06 - [TEST_STEP][PASSED] - delay: Delayed 3 second(s)

2018-10-20 17:59:09 - [MESSAGE][PASSED] - Delayed 3 second(s)

2018-10-20 17:59:09 - [TEST_STEP][PASSED] - click: Object: 'Object Repository/Final Object Repo/New Registration - Registration Module Pages/Third Screen - Upload Supporting Doc- Preview/Add Document Button' is clicked on

2018-10-20 17:59:12 - [MESSAGE][PASSED] - Object: 'Object Repository/Final Object Repo/New Registration - Registration Module Pages/Third Screen - Upload Supporting Doc- Preview/Add Document Button' is clicked on

2018-10-20 17:59:12 - [TEST_STEP][PASSED] - delay: Delayed 30 second(s)

2018-10-20 17:59:42 - [MESSAGE][PASSED] - Delayed 30 second(s)

2018-10-20 17:59:42 - [TEST_STEP][PASSED] - click: Object: 'Object Repository/Final Object Repo/New Registration - Registration Module Pages/Third Screen - Upload Supporting Doc- Preview/Supporting Doc Please Select Drop Down' is clicked on

2018-10-20 17:59:42 - [MESSAGE][PASSED] - Object: 'Object Repository/Final Object Repo/New Registration - Registration Module Pages/Third Screen - Upload Supporting Doc- Preview/Supporting Doc Please Select Drop Down' is clicked on

2018-10-20 17:59:42 - [TEST_STEP][PASSED] - delay: Delayed 2 second(s)

2018-10-20 17:59:44 - [MESSAGE][PASSED] - Delayed 2 second(s)

2018-10-20 17:59:44 - [TEST_STEP][PASSED] - click: Object: 'Object Repository/Final Object Repo/New Registration - Registration Module Pages/Third Screen - Upload Supporting Doc- Preview/Select to Upload Form 2' is clicked on

2018-10-20 17:59:44 - [MESSAGE][PASSED] - Object: 'Object Repository/Final Object Repo/New Registration - Registration Module Pages/Third Screen - Upload Supporting Doc- Preview/Select to Upload Form 2' is clicked on

2018-10-20 17:59:44 - [TEST_STEP][PASSED] - delay: Delayed 2 second(s)

2018-10-20 17:59:46 - [MESSAGE][PASSED] - Delayed 2 second(s)

2018-10-20 17:59:46 - [TEST_STEP][PASSED] - uploadFile: File 'C:\Users\Public\Pictures\Sample Pictures\Act.jpg' sent to object: 'Object Repository/Final Object Repo/New Registration - Registration Module Pages/Third Screen - Upload Supporting Doc- Preview/Upload File Adding'

2018-10-20 17:59:46 - [MESSAGE][PASSED] - File 'C:\Users\Public\Pictures\Sample Pictures\Act.jpg' sent to object: 'Object Repository/Final Object Repo/New Registration - Registration Module Pages/Third Screen - Upload Supporting Doc- Preview/Upload File Adding'

2018-10-20 17:59:46 - [TEST_STEP][PASSED] - click: Object: 'Object Repository/Final Object Repo/New Registration - Registration Module Pages/Third Screen - Upload Supporting Doc- Preview/Inner Form Add Document Button' is clicked on

2018-10-20 17:59:47 - [MESSAGE][PASSED] - Object: 'Object Repository/Final Object Repo/New Registration - Registration Module Pages/Third Screen - Upload Supporting Doc- Preview/Inner Form Add Document Button' is clicked on

2018-10-20 17:59:47 - [TEST_STEP][PASSED] - delay: Delayed 4 second(s)

2018-10-20 17:59:51 - [MESSAGE][PASSED] - Delayed 4 second(s)

2018-10-20 17:59:51 - [TEST_STEP][PASSED] - click: Object: 'Object Repository/Final Object Repo/New Registration - Registration Module Pages/Third Screen - Upload Supporting Doc- Preview/Add Document Button' is clicked on

2018-10-20 17:59:52 - [MESSAGE][PASSED] - Object: 'Object Repository/Final Object Repo/New Registration - Registration Module Pages/Third Screen - Upload Supporting Doc- Preview/Add Document Button' is clicked on

2018-10-20 17:59:52 - [TEST_STEP][PASSED] - delay: Delayed 30 second(s)

2018-10-20 18:00:22 - [MESSAGE][PASSED] - Delayed 30 second(s)

2018-10-20 18:00:22 - [TEST_STEP][PASSED] - click: Object: 'Object Repository/Final Object Repo/New Registration - Registration Module Pages/Third Screen - Upload Supporting Doc- Preview/Supporting Doc Please Select Drop Down' is clicked on

2018-10-20 18:00:22 - [MESSAGE][PASSED] - Object: 'Object Repository/Final Object Repo/New Registration - Registration Module Pages/Third Screen - Upload Supporting Doc- Preview/Supporting Doc Please Select Drop Down' is clicked on

2018-10-20 18:00:22 - [TEST_STEP][PASSED] - click: Object: 'Object Repository/Final Object Repo/New Registration - Registration Module Pages/Third Screen - Upload Supporting Doc- Preview/Select to Upload Borang SIP 1' is clicked on

2018-10-20 18:00:22 - [MESSAGE][PASSED] - Object: 'Object Repository/Final Object Repo/New Registration - Registration Module Pages/Third Screen - Upload Supporting Doc- Preview/Select to Upload Borang SIP 1' is clicked on

2018-10-20 18:00:22 - [TEST_STEP][PASSED] - delay: Delayed 2 second(s)

2018-10-20 18:00:24 - [MESSAGE][PASSED] - Delayed 2 second(s)

2018-10-20 18:00:24 - [TEST_STEP][PASSED] - uploadFile: File 'C:\Users\Public\Pictures\Sample Pictures\Act.jpg' sent to object: 'Object Repository/Final Object Repo/New Registration - Registration Module Pages/Third Screen - Upload Supporting Doc- Preview/Upload File Adding'

2018-10-20 18:00:24 - [MESSAGE][PASSED] - File 'C:\Users\Public\Pictures\Sample Pictures\Act.jpg' sent to object: 'Object Repository/Final Object Repo/New Registration - Registration Module Pages/Third Screen - Upload Supporting Doc- Preview/Upload File Adding'

2018-10-20 18:00:24 - [TEST_STEP][PASSED] - click: Object: 'Object Repository/Final Object Repo/New Registration - Registration Module Pages/Third Screen - Upload Supporting Doc- Preview/Inner Form Add Document Button' is clicked on

2018-10-20 18:00:24 - [MESSAGE][PASSED] - Object: 'Object Repository/Final Object Repo/New Registration - Registration Module Pages/Third Screen - Upload Supporting Doc- Preview/Inner Form Add Document Button' is clicked on

2018-10-20 18:00:24 - [TEST_STEP][PASSED] - delay: Delayed 5 second(s)

2018-10-20 18:00:29 - [MESSAGE][PASSED] - Delayed 5 second(s)

2018-10-20 18:00:29 - [TEST_STEP][PASSED] - click: Object: 'Object Repository/Final Object Repo/New Registration - Registration Module Pages/Third Screen - Upload Supporting Doc- Preview/Add Document Button' is clicked on

2018-10-20 18:00:30 - [MESSAGE][PASSED] - Object: 'Object Repository/Final Object Repo/New Registration - Registration Module Pages/Third Screen - Upload Supporting Doc- Preview/Add Document Button' is clicked on

2018-10-20 18:00:30 - [TEST_STEP][PASSED] - delay: Delayed 30 second(s)

2018-10-20 18:01:00 - [MESSAGE][PASSED] - Delayed 30 second(s)

2018-10-20 18:01:00 - [TEST_STEP][PASSED] - click: Object: 'Object Repository/Final Object Repo/New Registration - Registration Module Pages/Third Screen - Upload Supporting Doc- Preview/Supporting Doc Please Select Drop Down' is clicked on

2018-10-20 18:01:00 - [MESSAGE][PASSED] - Object: 'Object Repository/Final Object Repo/New Registration - Registration Module Pages/Third Screen - Upload Supporting Doc- Preview/Supporting Doc Please Select Drop Down' is clicked on

2018-10-20 18:01:00 - [TEST_STEP][PASSED] - delay: Delayed 3 second(s)

2018-10-20 18:01:03 - [MESSAGE][PASSED] - Delayed 3 second(s)

2018-10-20 18:01:03 - [TEST_STEP][PASSED] - click: Object: 'Object Repository/Final Object Repo/New Registration - Registration Module Pages/Third Screen - Upload Supporting Doc- Preview/Select to Upload Borang SIP 2' is clicked on

2018-10-20 18:01:03 - [MESSAGE][PASSED] - Object: 'Object Repository/Final Object Repo/New Registration - Registration Module Pages/Third Screen - Upload Supporting Doc- Preview/Select to Upload Borang SIP 2' is clicked on

2018-10-20 18:01:03 - [TEST_STEP][PASSED] - delay: Delayed 2 second(s)

2018-10-20 18:01:05 - [MESSAGE][PASSED] - Delayed 2 second(s)

2018-10-20 18:01:05 - [TEST_STEP][PASSED] - uploadFile: File 'C:\Users\Public\Pictures\Sample Pictures\Act.jpg' sent to object: 'Object Repository/Final Object Repo/New Registration - Registration Module Pages/Third Screen - Upload Supporting Doc- Preview/Upload File Adding'

2018-10-20 18:01:05 - [MESSAGE][PASSED] - File 'C:\Users\Public\Pictures\Sample Pictures\Act.jpg' sent to object: 'Object Repository/Final Object Repo/New Registration - Registration Module Pages/Third Screen - Upload Supporting Doc- Preview/Upload File Adding'

2018-10-20 18:01:05 - [TEST_STEP][PASSED] - delay: Delayed 5 second(s)

2018-10-20 18:01:10 - [MESSAGE][PASSED] - Delayed 5 second(s)

2018-10-20 18:01:10 - [TEST_STEP][PASSED] - click: Object: 'Object Repository/Final Object Repo/New Registration - Registration Module Pages/Third Screen - Upload Supporting Doc- Preview/Inner Form Add Document Button' is clicked on

2018-10-20 18:01:10 - [MESSAGE][PASSED] - Object: 'Object Repository/Final Object Repo/New Registration - Registration Module Pages/Third Screen - Upload Supporting Doc- Preview/Inner Form Add Document Button' is clicked on

2018-10-20 18:01:10 - [TEST_STEP][PASSED] - delay: Delayed 3 second(s)

2018-10-20 18:01:13 - [MESSAGE][PASSED] - Delayed 3 second(s)

2018-10-20 18:01:13 - [TEST_STEP][PASSED] - waitForElementClickable: Object 'Object Repository/Final Object Repo/New Registration - Registration Module Pages/Third Screen - Upload Supporting Doc- Preview/Save n Continue in Uploading Supporting Doc Page' is clickable

2018-10-20 18:01:16 - [MESSAGE][PASSED] - Object 'Object Repository/Final Object Repo/New Registration - Registration Module Pages/Third Screen - Upload Supporting Doc- Preview/Save n Continue in Uploading Supporting Doc Page' is clickable

2018-10-20 18:01:16 - [TEST_STEP][PASSED] - click: Object: 'Object Repository/Final Object Repo/New Registration - Registration Module Pages/Third Screen - Upload Supporting Doc- Preview/Save n Continue in Uploading Supporting Doc Page' is clicked on

2018-10-20 18:01:16 - [MESSAGE][PASSED] - Object: 'Object Repository/Final Object Repo/New Registration - Registration Module Pages/Third Screen - Upload Supporting Doc- Preview/Save n Continue in Uploading Supporting Doc Page' is clicked on

2018-10-20 18:01:16 - [MESSAGE][PASSED] - Call Test Case 'Test Cases/Final Aug 2018 - PKS Automation/Registration Module/New Registration/Flow of New Registration/Third Screen - Upload Supporting Doc - Preview' successfully

2018-10-20 18:01:16 - [TEST_STEP][PASSED] - setText: Text 'Tester' is set on object 'Object Repository/Final Object Repo/New Registration - Registration Module Pages/New Reg - OTC to RO/Special Case - All Related Objects/Employer Preview Name'

2018-10-20 18:01:21 - [MESSAGE][PASSED] - Text 'Tester' is set on object 'Object Repository/Final Object Repo/New Registration - Registration Module Pages/New Reg - OTC to RO/Special Case - All Related Objects/Employer Preview Name'

2018-10-20 18:01:21 - [TEST_STEP][PASSED] - click: Object: 'Object Repository/Final Object Repo/New Registration - Registration Module Pages/New Reg - OTC to RO/Special Case - All Related Objects/IC Type Drop Down' is clicked on

2018-10-20 18:01:21 - [MESSAGE][PASSED] - Object: 'Object Repository/Final Object Repo/New Registration - Registration Module Pages/New Reg - OTC to RO/Special Case - All Related Objects/IC Type Drop Down' is clicked on

2018-10-20 18:01:21 - [TEST_STEP][PASSED] - click: Object: 'Object Repository/Final Object Repo/New Registration - Registration Module Pages/New Reg - OTC to RO/Special Case - All Related Objects/Select to NRIC' is clicked on

2018-10-20 18:01:21 - [MESSAGE][PASSED] - Object: 'Object Repository/Final Object Repo/New Registration - Registration Module Pages/New Reg - OTC to RO/Special Case - All Related Objects/Select to NRIC' is clicked on

2018-10-20 18:01:21 - [TEST_STEP][PASSED] - setText: Text '133245561223' is set on object 'Object Repository/Final Object Repo/New Registration - Registration Module Pages/New Reg - OTC to RO/Special Case - All Related Objects/IC Value'

2018-10-20 18:01:21 - [MESSAGE][PASSED] - Text '133245561223' is set on object 'Object Repository/Final Object Repo/New Registration - Registration Module Pages/New Reg - OTC to RO/Special Case - All Related Objects/IC Value'

2018-10-20 18:01:21 - [TEST_STEP][PASSED] - setText: Text 'Auto' is set on object 'Object Repository/Final Object Repo/New Registration - Registration Module Pages/New Reg - OTC to RO/Special Case - All Related Objects/Designation'

2018-10-20 18:01:22 - [MESSAGE][PASSED] - Text 'Auto' is set on object 'Object Repository/Final Object Repo/New Registration - Registration Module Pages/New Reg - OTC to RO/Special Case - All Related Objects/Designation'

2018-10-20 18:01:22 - [TEST_STEP][PASSED] - callTestCase: Call Test Case 'Test Cases/Final Aug 2018 - PKS Automation/Registration Module/New Registration/Submit and Screenshot/Submit Registration and Screenshot - Copy' successfully

2018-10-20 18:01:22 - [TEST_CASE][PASSED] - Test Cases/Final Aug 2018 - PKS Automation/Registration Module/New Registration/Submit and Screenshot/Submit Registration and Screenshot - Copy: Test Cases/Final Aug 2018 - PKS Automation/Registration Module/New Registration/Submit and Screenshot/Submit Registration and Screenshot - Copy

2018-10-20 18:01:22 - [TEST_STEP][PASSED] - delay: Delayed 6 second(s)

2018-10-20 18:01:28 - [MESSAGE][PASSED] - Delayed 6 second(s)

2018-10-20 18:01:28 - [TEST_STEP][PASSED] - click: Object: 'Object Repository/Final Object Repo/New Registration - Registration Module Pages/Third Screen - Upload Supporting Doc- Preview/Preview Submit Button' is clicked on

2018-10-20 18:01:28 - [MESSAGE][PASSED] - Object: 'Object Repository/Final Object Repo/New Registration - Registration Module Pages/Third Screen - Upload Supporting Doc- Preview/Preview Submit Button' is clicked on

2018-10-20 18:01:28 - [TEST_STEP][PASSED] - delay: Delayed 2 second(s)

2018-10-20 18:01:30 - [MESSAGE][PASSED] - Delayed 2 second(s)

2018-10-20 18:01:30 - [TEST_STEP][PASSED] - click: Object: 'Object Repository/Final Object Repo/New Registration - Registration Module Pages/Third Screen - Upload Supporting Doc- Preview/Preview Submit - Confirm' is clicked on

2018-10-20 18:01:30 - [MESSAGE][PASSED] - Object: 'Object Repository/Final Object Repo/New Registration - Registration Module Pages/Third Screen - Upload Supporting Doc- Preview/Preview Submit - Confirm' is clicked on

2018-10-20 18:01:30 - [TEST_STEP][PASSED] - delay: Delayed 15 second(s)

2018-10-20 18:01:45 - [MESSAGE][PASSED] - Delayed 15 second(s)

2018-10-20 18:01:45 - [TEST_STEP][PASSED] - Statement - driver = com.kms.katalon.core.webui.driver.DriverFactory.getWebDriver(): null

2018-10-20 18:01:45 - [TEST_STEP][PASSED] - Statement - driver.manage().timeouts().implicitlyWait(10, SECONDS): null

2018-10-20 18:01:45 - [TEST_STEP][PASSED] - Statement - PresavePath = KatalonScreenshots: null

2018-10-20 18:01:45 - [TEST_STEP][PASSED] - Statement - pathPrefix = "C:\Users\Public\Pictures\Sample Pictures\Katalon Screenshots\Automate Ending Screen": null

2018-10-20 18:01:45 - [TEST_STEP][PASSED] - Statement - finalPath = <not implemented yet for class: org.codehaus.groovy.ast.expr.EmptyExpression>: null

2018-10-20 18:01:45 - [TEST_STEP][PASSED] - Statement - scrFile = driver.getScreenshotAs(FILE): null

2018-10-20 18:01:46 - [TEST_STEP][PASSED] - Statement - PreSaveFile = new java.io.File(PresavePath): null

2018-10-20 18:01:46 - [TEST_STEP][PASSED] - Statement - counter = 0: null

2018-10-20 18:01:46 - [TEST_STEP][PASSED] - Statement - If (PreSaveFile.exists()): null

2018-10-20 18:01:46 - [TEST_STEP][PASSED] - Statement - While (PreSaveFile.exists()): null

2018-10-20 18:01:46 - [TEST_STEP][PASSED] - Statement - counter = counter + 1: null

2018-10-20 18:01:46 - [TEST_STEP][PASSED] - Statement - PreSaveFile = new java.io.File(((pathPrefix + java.lang.Integer.toString(counter)) + .png)): null

2018-10-20 18:01:46 - [TEST_STEP][PASSED] - Statement - counter = counter + 1: null

2018-10-20 18:01:46 - [TEST_STEP][PASSED] - Statement - PreSaveFile = new java.io.File(((pathPrefix + java.lang.Integer.toString(counter)) + .png)): null

2018-10-20 18:01:46 - [TEST_STEP][PASSED] - Statement - counter = counter + 1: null

2018-10-20 18:01:46 - [TEST_STEP][PASSED] - Statement - PreSaveFile = new java.io.File(((pathPrefix + java.lang.Integer.toString(counter)) + .png)): null

2018-10-20 18:01:46 - [TEST_STEP][PASSED] - Statement - counter = counter + 1: null

2018-10-20 18:01:46 - [TEST_STEP][PASSED] - Statement - PreSaveFile = new java.io.File(((pathPrefix + java.lang.Integer.toString(counter)) + .png)): null

2018-10-20 18:01:46 - [TEST_STEP][PASSED] - Statement - counter = counter + 1: null

2018-10-20 18:01:46 - [TEST_STEP][PASSED] - Statement - PreSaveFile = new java.io.File(((pathPrefix + java.lang.Integer.toString(counter)) + .png)): null

2018-10-20 18:01:46 - [TEST_STEP][PASSED] - Statement - counter = counter + 1: null

2018-10-20 18:01:46 - [TEST_STEP][PASSED] - Statement - PreSaveFile = new java.io.File(((pathPrefix + java.lang.Integer.toString(counter)) + .png)): null

2018-10-20 18:01:46 - [TEST_STEP][PASSED] - Statement - counter = counter + 1: null

2018-10-20 18:01:46 - [TEST_STEP][PASSED] - Statement - PreSaveFile = new java.io.File(((pathPrefix + java.lang.Integer.toString(counter)) + .png)): null

2018-10-20 18:01:46 - [TEST_STEP][PASSED] - Statement - counter = counter + 1: null

2018-10-20 18:01:46 - [TEST_STEP][PASSED] - Statement - PreSaveFile = new java.io.File(((pathPrefix + java.lang.Integer.toString(counter)) + .png)): null

2018-10-20 18:01:46 - [TEST_STEP][PASSED] - Statement - counter = counter + 1: null

2018-10-20 18:01:46 - [TEST_STEP][PASSED] - Statement - PreSaveFile = new java.io.File(((pathPrefix + java.lang.Integer.toString(counter)) + .png)): null

2018-10-20 18:01:46 - [TEST_STEP][PASSED] - Statement - counter = counter + 1: null

2018-10-20 18:01:46 - [TEST_STEP][PASSED] - Statement - PreSaveFile = new java.io.File(((pathPrefix + java.lang.Integer.toString(counter)) + .png)): null

2018-10-20 18:01:46 - [TEST_STEP][PASSED] - Statement - counter = counter + 1: null

2018-10-20 18:01:46 - [TEST_STEP][PASSED] - Statement - PreSaveFile = new java.io.File(((pathPrefix + java.lang.Integer.toString(counter)) + .png)): null

2018-10-20 18:01:46 - [TEST_STEP][PASSED] - Statement - counter = counter + 1: null

2018-10-20 18:01:46 - [TEST_STEP][PASSED] - Statement - PreSaveFile = new java.io.File(((pathPrefix + java.lang.Integer.toString(counter)) + .png)): null

2018-10-20 18:01:46 - [TEST_STEP][PASSED] - Statement - counter = counter + 1: null

2018-10-20 18:01:46 - [TEST_STEP][PASSED] - Statement - PreSaveFile = new java.io.File(((pathPrefix + java.lang.Integer.toString(counter)) + .png)): null

2018-10-20 18:01:46 - [TEST_STEP][PASSED] - Statement - counter = counter + 1: null

2018-10-20 18:01:46 - [TEST_STEP][PASSED] - Statement - PreSaveFile = new java.io.File(((pathPrefix + java.lang.Integer.toString(counter)) + .png)): null

2018-10-20 18:01:46 - [TEST_STEP][PASSED] - Statement - counter = counter + 1: null

2018-10-20 18:01:46 - [TEST_STEP][PASSED] - Statement - PreSaveFile = new java.io.File(((pathPrefix + java.lang.Integer.toString(counter)) + .png)): null

2018-10-20 18:01:46 - [TEST_STEP][PASSED] - Statement - counter = counter + 1: null

2018-10-20 18:01:46 - [TEST_STEP][PASSED] - Statement - PreSaveFile = new java.io.File(((pathPrefix + java.lang.Integer.toString(counter)) + .png)): null

2018-10-20 18:01:46 - [TEST_STEP][PASSED] - Statement - counter = counter + 1: null

2018-10-20 18:01:46 - [TEST_STEP][PASSED] - Statement - PreSaveFile = new java.io.File(((pathPrefix + java.lang.Integer.toString(counter)) + .png)): null

2018-10-20 18:01:46 - [TEST_STEP][PASSED] - Statement - counter = counter + 1: null

2018-10-20 18:01:46 - [TEST_STEP][PASSED] - Statement - PreSaveFile = new java.io.File(((pathPrefix + java.lang.Integer.toString(counter)) + .png)): null

2018-10-20 18:01:46 - [TEST_STEP][PASSED] - Statement - counter = counter + 1: null

2018-10-20 18:01:46 - [TEST_STEP][PASSED] - Statement - PreSaveFile = new java.io.File(((pathPrefix + java.lang.Integer.toString(counter)) + .png)): null

2018-10-20 18:01:46 - [TEST_STEP][PASSED] - Statement - counter = counter + 1: null

2018-10-20 18:01:46 - [TEST_STEP][PASSED] - Statement - PreSaveFile = new java.io.File(((pathPrefix + java.lang.Integer.toString(counter)) + .png)): null

2018-10-20 18:01:46 - [TEST_STEP][PASSED] - Statement - counter = counter + 1: null

2018-10-20 18:01:46 - [TEST_STEP][PASSED] - Statement - PreSaveFile = new java.io.File(((pathPrefix + java.lang.Integer.toString(counter)) + .png)): null

2018-10-20 18:01:46 - [TEST_STEP][PASSED] - Statement - counter = counter + 1: null

2018-10-20 18:01:46 - [TEST_STEP][PASSED] - Statement - PreSaveFile = new java.io.File(((pathPrefix + java.lang.Integer.toString(counter)) + .png)): null

2018-10-20 18:01:46 - [TEST_STEP][PASSED] - Statement - counter = counter + 1: null

2018-10-20 18:01:46 - [TEST_STEP][PASSED] - Statement - PreSaveFile = new java.io.File(((pathPrefix + java.lang.Integer.toString(counter)) + .png)): null

2018-10-20 18:01:46 - [TEST_STEP][PASSED] - Statement - counter = counter + 1: null

2018-10-20 18:01:46 - [TEST_STEP][PASSED] - Statement - PreSaveFile = new java.io.File(((pathPrefix + java.lang.Integer.toString(counter)) + .png)): null

2018-10-20 18:01:46 - [TEST_STEP][PASSED] - Statement - counter = counter + 1: null

2018-10-20 18:01:46 - [TEST_STEP][PASSED] - Statement - PreSaveFile = new java.io.File(((pathPrefix + java.lang.Integer.toString(counter)) + .png)): null

2018-10-20 18:01:46 - [TEST_STEP][PASSED] - Statement - counter = counter + 1: null

2018-10-20 18:01:46 - [TEST_STEP][PASSED] - Statement - PreSaveFile = new java.io.File(((pathPrefix + java.lang.Integer.toString(counter)) + .png)): null

2018-10-20 18:01:46 - [TEST_STEP][PASSED] - Statement - counter = counter + 1: null

2018-10-20 18:01:46 - [TEST_STEP][PASSED] - Statement - PreSaveFile = new java.io.File(((pathPrefix + java.lang.Integer.toString(counter)) + .png)): null

2018-10-20 18:01:46 - [TEST_STEP][PASSED] - Statement - counter = counter + 1: null

2018-10-20 18:01:46 - [TEST_STEP][PASSED] - Statement - PreSaveFile = new java.io.File(((pathPrefix + java.lang.Integer.toString(counter)) + .png)): null

2018-10-20 18:01:46 - [TEST_STEP][PASSED] - Statement - counter = counter + 1: null

2018-10-20 18:01:46 - [TEST_STEP][PASSED] - Statement - PreSaveFile = new java.io.File(((pathPrefix + java.lang.Integer.toString(counter)) + .png)): null

2018-10-20 18:01:46 - [TEST_STEP][PASSED] - Statement - counter = counter + 1: null

2018-10-20 18:01:46 - [TEST_STEP][PASSED] - Statement - PreSaveFile = new java.io.File(((pathPrefix + java.lang.Integer.toString(counter)) + .png)): null

2018-10-20 18:01:46 - [TEST_STEP][PASSED] - Statement - counter = counter + 1: null

2018-10-20 18:01:46 - [TEST_STEP][PASSED] - Statement - PreSaveFile = new java.io.File(((pathPrefix + java.lang.Integer.toString(counter)) + .png)): null

2018-10-20 18:01:46 - [TEST_STEP][PASSED] - Statement - counter = counter + 1: null

2018-10-20 18:01:46 - [TEST_STEP][PASSED] - Statement - PreSaveFile = new java.io.File(((pathPrefix + java.lang.Integer.toString(counter)) + .png)): null

2018-10-20 18:01:46 - [TEST_STEP][PASSED] - Statement - counter = counter + 1: null

2018-10-20 18:01:46 - [TEST_STEP][PASSED] - Statement - PreSaveFile = new java.io.File(((pathPrefix + java.lang.Integer.toString(counter)) + .png)): null

2018-10-20 18:01:46 - [TEST_STEP][PASSED] - Statement - counter = counter + 1: null

2018-10-20 18:01:46 - [TEST_STEP][PASSED] - Statement - PreSaveFile = new java.io.File(((pathPrefix + java.lang.Integer.toString(counter)) + .png)): null

2018-10-20 18:01:46 - [TEST_STEP][PASSED] - Statement - counter = counter + 1: null

2018-10-20 18:01:46 - [TEST_STEP][PASSED] - Statement - PreSaveFile = new java.io.File(((pathPrefix + java.lang.Integer.toString(counter)) + .png)): null

2018-10-20 18:01:46 - [TEST_STEP][PASSED] - Statement - counter = counter + 1: null

2018-10-20 18:01:46 - [TEST_STEP][PASSED] - Statement - PreSaveFile = new java.io.File(((pathPrefix + java.lang.Integer.toString(counter)) + .png)): null

2018-10-20 18:01:46 - [TEST_STEP][PASSED] - Statement - counter = counter + 1: null

2018-10-20 18:01:46 - [TEST_STEP][PASSED] - Statement - PreSaveFile = new java.io.File(((pathPrefix + java.lang.Integer.toString(counter)) + .png)): null

2018-10-20 18:01:46 - [TEST_STEP][PASSED] - Statement - counter = counter + 1: null

2018-10-20 18:01:46 - [TEST_STEP][PASSED] - Statement - PreSaveFile = new java.io.File(((pathPrefix + java.lang.Integer.toString(counter)) + .png)): null

2018-10-20 18:01:46 - [TEST_STEP][PASSED] - Statement - counter = counter + 1: null

2018-10-20 18:01:46 - [TEST_STEP][PASSED] - Statement - PreSaveFile = new java.io.File(((pathPrefix + java.lang.Integer.toString(counter)) + .png)): null

2018-10-20 18:01:46 - [TEST_STEP][PASSED] - Statement - counter = counter + 1: null

2018-10-20 18:01:46 - [TEST_STEP][PASSED] - Statement - PreSaveFile = new java.io.File(((pathPrefix + java.lang.Integer.toString(counter)) + .png)): null

2018-10-20 18:01:46 - [TEST_STEP][PASSED] - Statement - counter = counter + 1: null

2018-10-20 18:01:46 - [TEST_STEP][PASSED] - Statement - PreSaveFile = new java.io.File(((pathPrefix + java.lang.Integer.toString(counter)) + .png)): null

2018-10-20 18:01:46 - [TEST_STEP][PASSED] - Statement - counter = counter + 1: null

2018-10-20 18:01:46 - [TEST_STEP][PASSED] - Statement - PreSaveFile = new java.io.File(((pathPrefix + java.lang.Integer.toString(counter)) + .png)): null

2018-10-20 18:01:46 - [TEST_STEP][PASSED] - Statement - counter = counter + 1: null

2018-10-20 18:01:46 - [TEST_STEP][PASSED] - Statement - PreSaveFile = new java.io.File(((pathPrefix + java.lang.Integer.toString(counter)) + .png)): null

2018-10-20 18:01:46 - [TEST_STEP][PASSED] - Statement - counter = counter + 1: null

2018-10-20 18:01:46 - [TEST_STEP][PASSED] - Statement - PreSaveFile = new java.io.File(((pathPrefix + java.lang.Integer.toString(counter)) + .png)): null

2018-10-20 18:01:46 - [TEST_STEP][PASSED] - Statement - counter = counter + 1: null

2018-10-20 18:01:46 - [TEST_STEP][PASSED] - Statement - PreSaveFile = new java.io.File(((pathPrefix + java.lang.Integer.toString(counter)) + .png)): null

2018-10-20 18:01:46 - [TEST_STEP][PASSED] - Statement - counter = counter + 1: null

2018-10-20 18:01:46 - [TEST_STEP][PASSED] - Statement - PreSaveFile = new java.io.File(((pathPrefix + java.lang.Integer.toString(counter)) + .png)): null

2018-10-20 18:01:46 - [TEST_STEP][PASSED] - Statement - counter = counter + 1: null

2018-10-20 18:01:46 - [TEST_STEP][PASSED] - Statement - PreSaveFile = new java.io.File(((pathPrefix + java.lang.Integer.toString(counter)) + .png)): null

2018-10-20 18:01:46 - [TEST_STEP][PASSED] - Statement - counter = counter + 1: null

2018-10-20 18:01:46 - [TEST_STEP][PASSED] - Statement - PreSaveFile = new java.io.File(((pathPrefix + java.lang.Integer.toString(counter)) + .png)): null

2018-10-20 18:01:46 - [TEST_STEP][PASSED] - Statement - counter = counter + 1: null

2018-10-20 18:01:46 - [TEST_STEP][PASSED] - Statement - PreSaveFile = new java.io.File(((pathPrefix + java.lang.Integer.toString(counter)) + .png)): null

2018-10-20 18:01:46 - [TEST_STEP][PASSED] - Statement - counter = counter + 1: null

2018-10-20 18:01:46 - [TEST_STEP][PASSED] - Statement - PreSaveFile = new java.io.File(((pathPrefix + java.lang.Integer.toString(counter)) + .png)): null

2018-10-20 18:01:46 - [TEST_STEP][PASSED] - Statement - counter = counter + 1: null

2018-10-20 18:01:46 - [TEST_STEP][PASSED] - Statement - PreSaveFile = new java.io.File(((pathPrefix + java.lang.Integer.toString(counter)) + .png)): null

2018-10-20 18:01:46 - [TEST_STEP][PASSED] - Statement - counter = counter + 1: null

2018-10-20 18:01:46 - [TEST_STEP][PASSED] - Statement - PreSaveFile = new java.io.File(((pathPrefix + java.lang.Integer.toString(counter)) + .png)): null

2018-10-20 18:01:46 - [TEST_STEP][PASSED] - Statement - counter = counter + 1: null

2018-10-20 18:01:46 - [TEST_STEP][PASSED] - Statement - PreSaveFile = new java.io.File(((pathPrefix + java.lang.Integer.toString(counter)) + .png)): null

2018-10-20 18:01:46 - [TEST_STEP][PASSED] - Statement - counter = counter + 1: null

2018-10-20 18:01:46 - [TEST_STEP][PASSED] - Statement - PreSaveFile = new java.io.File(((pathPrefix + java.lang.Integer.toString(counter)) + .png)): null

2018-10-20 18:01:46 - [TEST_STEP][PASSED] - Statement - counter = counter + 1: null

2018-10-20 18:01:46 - [TEST_STEP][PASSED] - Statement - PreSaveFile = new java.io.File(((pathPrefix + java.lang.Integer.toString(counter)) + .png)): null

2018-10-20 18:01:46 - [TEST_STEP][PASSED] - Statement - counter = counter + 1: null

2018-10-20 18:01:46 - [TEST_STEP][PASSED] - Statement - PreSaveFile = new java.io.File(((pathPrefix + java.lang.Integer.toString(counter)) + .png)): null

2018-10-20 18:01:46 - [TEST_STEP][PASSED] - Statement - counter = counter + 1: null

2018-10-20 18:01:46 - [TEST_STEP][PASSED] - Statement - PreSaveFile = new java.io.File(((pathPrefix + java.lang.Integer.toString(counter)) + .png)): null

2018-10-20 18:01:46 - [TEST_STEP][PASSED] - Statement - counter = counter + 1: null

2018-10-20 18:01:46 - [TEST_STEP][PASSED] - Statement - PreSaveFile = new java.io.File(((pathPrefix + java.lang.Integer.toString(counter)) + .png)): null

2018-10-20 18:01:46 - [TEST_STEP][PASSED] - Statement - counter = counter + 1: null

2018-10-20 18:01:46 - [TEST_STEP][PASSED] - Statement - PreSaveFile = new java.io.File(((pathPrefix + java.lang.Integer.toString(counter)) + .png)): null

2018-10-20 18:01:46 - [TEST_STEP][PASSED] - Statement - counter = counter + 1: null

2018-10-20 18:01:46 - [TEST_STEP][PASSED] - Statement - PreSaveFile = new java.io.File(((pathPrefix + java.lang.Integer.toString(counter)) + .png)): null

2018-10-20 18:01:46 - [TEST_STEP][PASSED] - Statement - counter = counter + 1: null

2018-10-20 18:01:46 - [TEST_STEP][PASSED] - Statement - PreSaveFile = new java.io.File(((pathPrefix + java.lang.Integer.toString(counter)) + .png)): null

2018-10-20 18:01:46 - [TEST_STEP][PASSED] - Statement - counter = counter + 1: null

2018-10-20 18:01:46 - [TEST_STEP][PASSED] - Statement - PreSaveFile = new java.io.File(((pathPrefix + java.lang.Integer.toString(counter)) + .png)): null

2018-10-20 18:01:46 - [TEST_STEP][PASSED] - Statement - counter = counter + 1: null

2018-10-20 18:01:46 - [TEST_STEP][PASSED] - Statement - PreSaveFile = new java.io.File(((pathPrefix + java.lang.Integer.toString(counter)) + .png)): null

2018-10-20 18:01:46 - [TEST_STEP][PASSED] - Statement - counter = counter + 1: null

2018-10-20 18:01:46 - [TEST_STEP][PASSED] - Statement - PreSaveFile = new java.io.File(((pathPrefix + java.lang.Integer.toString(counter)) + .png)): null

2018-10-20 18:01:46 - [TEST_STEP][PASSED] - Statement - counter = counter + 1: null

2018-10-20 18:01:46 - [TEST_STEP][PASSED] - Statement - PreSaveFile = new java.io.File(((pathPrefix + java.lang.Integer.toString(counter)) + .png)): null

2018-10-20 18:01:46 - [TEST_STEP][PASSED] - Statement - counter = counter + 1: null

2018-10-20 18:01:46 - [TEST_STEP][PASSED] - Statement - PreSaveFile = new java.io.File(((pathPrefix + java.lang.Integer.toString(counter)) + .png)): null

2018-10-20 18:01:46 - [TEST_STEP][PASSED] - Statement - counter = counter + 1: null

2018-10-20 18:01:46 - [TEST_STEP][PASSED] - Statement - PreSaveFile = new java.io.File(((pathPrefix + java.lang.Integer.toString(counter)) + .png)): null

2018-10-20 18:01:46 - [TEST_STEP][PASSED] - Statement - counter = counter + 1: null

2018-10-20 18:01:46 - [TEST_STEP][PASSED] - Statement - PreSaveFile = new java.io.File(((pathPrefix + java.lang.Integer.toString(counter)) + .png)): null

2018-10-20 18:01:46 - [TEST_STEP][PASSED] - Statement - counter = counter + 1: null

2018-10-20 18:01:46 - [TEST_STEP][PASSED] - Statement - PreSaveFile = new java.io.File(((pathPrefix + java.lang.Integer.toString(counter)) + .png)): null

2018-10-20 18:01:46 - [TEST_STEP][PASSED] - Statement - counter = counter + 1: null

2018-10-20 18:01:46 - [TEST_STEP][PASSED] - Statement - PreSaveFile = new java.io.File(((pathPrefix + java.lang.Integer.toString(counter)) + .png)): null

2018-10-20 18:01:46 - [TEST_STEP][PASSED] - Statement - counter = counter + 1: null

2018-10-20 18:01:46 - [TEST_STEP][PASSED] - Statement - PreSaveFile = new java.io.File(((pathPrefix + java.lang.Integer.toString(counter)) + .png)): null

2018-10-20 18:01:46 - [TEST_STEP][PASSED] - Statement - counter = counter + 1: null

2018-10-20 18:01:46 - [TEST_STEP][PASSED] - Statement - PreSaveFile = new java.io.File(((pathPrefix + java.lang.Integer.toString(counter)) + .png)): null

2018-10-20 18:01:46 - [TEST_STEP][PASSED] - Statement - counter = counter + 1: null

2018-10-20 18:01:46 - [TEST_STEP][PASSED] - Statement - PreSaveFile = new java.io.File(((pathPrefix + java.lang.Integer.toString(counter)) + .png)): null

2018-10-20 18:01:46 - [TEST_STEP][PASSED] - Statement - counter = counter + 1: null

2018-10-20 18:01:46 - [TEST_STEP][PASSED] - Statement - PreSaveFile = new java.io.File(((pathPrefix + java.lang.Integer.toString(counter)) + .png)): null

2018-10-20 18:01:46 - [TEST_STEP][PASSED] - Statement - counter = counter + 1: null

2018-10-20 18:01:46 - [TEST_STEP][PASSED] - Statement - PreSaveFile = new java.io.File(((pathPrefix + java.lang.Integer.toString(counter)) + .png)): null

2018-10-20 18:01:46 - [TEST_STEP][PASSED] - Statement - counter = counter + 1: null

2018-10-20 18:01:46 - [TEST_STEP][PASSED] - Statement - PreSaveFile = new java.io.File(((pathPrefix + java.lang.Integer.toString(counter)) + .png)): null

2018-10-20 18:01:46 - [TEST_STEP][PASSED] - Statement - counter = counter + 1: null

2018-10-20 18:01:46 - [TEST_STEP][PASSED] - Statement - PreSaveFile = new java.io.File(((pathPrefix + java.lang.Integer.toString(counter)) + .png)): null

2018-10-20 18:01:46 - [TEST_STEP][PASSED] - Statement - counter = counter + 1: null

2018-10-20 18:01:46 - [TEST_STEP][PASSED] - Statement - PreSaveFile = new java.io.File(((pathPrefix + java.lang.Integer.toString(counter)) + .png)): null

2018-10-20 18:01:46 - [TEST_STEP][PASSED] - Statement - counter = counter + 1: null

2018-10-20 18:01:46 - [TEST_STEP][PASSED] - Statement - PreSaveFile = new java.io.File(((pathPrefix + java.lang.Integer.toString(counter)) + .png)): null

2018-10-20 18:01:46 - [TEST_STEP][PASSED] - Statement - counter = counter + 1: null

2018-10-20 18:01:46 - [TEST_STEP][PASSED] - Statement - PreSaveFile = new java.io.File(((pathPrefix + java.lang.Integer.toString(counter)) + .png)): null

2018-10-20 18:01:46 - [TEST_STEP][PASSED] - Statement - counter = counter + 1: null

2018-10-20 18:01:46 - [TEST_STEP][PASSED] - Statement - PreSaveFile = new java.io.File(((pathPrefix + java.lang.Integer.toString(counter)) + .png)): null

2018-10-20 18:01:46 - [TEST_STEP][PASSED] - Statement - counter = counter + 1: null

2018-10-20 18:01:46 - [TEST_STEP][PASSED] - Statement - PreSaveFile = new java.io.File(((pathPrefix + java.lang.Integer.toString(counter)) + .png)): null

2018-10-20 18:01:46 - [TEST_STEP][PASSED] - Statement - counter = counter + 1: null

2018-10-20 18:01:46 - [TEST_STEP][PASSED] - Statement - PreSaveFile = new java.io.File(((pathPrefix + java.lang.Integer.toString(counter)) + .png)): null

2018-10-20 18:01:46 - [TEST_STEP][PASSED] - Statement - counter = counter + 1: null

2018-10-20 18:01:46 - [TEST_STEP][PASSED] - Statement - PreSaveFile = new java.io.File(((pathPrefix + java.lang.Integer.toString(counter)) + .png)): null

2018-10-20 18:01:46 - [TEST_STEP][PASSED] - Statement - counter = counter + 1: null

2018-10-20 18:01:46 - [TEST_STEP][PASSED] - Statement - PreSaveFile = new java.io.File(((pathPrefix + java.lang.Integer.toString(counter)) + .png)): null

2018-10-20 18:01:46 - [TEST_STEP][PASSED] - Statement - counter = counter + 1: null

2018-10-20 18:01:46 - [TEST_STEP][PASSED] - Statement - PreSaveFile = new java.io.File(((pathPrefix + java.lang.Integer.toString(counter)) + .png)): null

2018-10-20 18:01:46 - [TEST_STEP][PASSED] - Statement - counter = counter + 1: null

2018-10-20 18:01:46 - [TEST_STEP][PASSED] - Statement - PreSaveFile = new java.io.File(((pathPrefix + java.lang.Integer.toString(counter)) + .png)): null

2018-10-20 18:01:46 - [TEST_STEP][PASSED] - Statement - counter = counter + 1: null

2018-10-20 18:01:46 - [TEST_STEP][PASSED] - Statement - PreSaveFile = new java.io.File(((pathPrefix + java.lang.Integer.toString(counter)) + .png)): null

2018-10-20 18:01:46 - [TEST_STEP][PASSED] - Statement - counter = counter + 1: null

2018-10-20 18:01:46 - [TEST_STEP][PASSED] - Statement - PreSaveFile = new java.io.File(((pathPrefix + java.lang.Integer.toString(counter)) + .png)): null

2018-10-20 18:01:46 - [TEST_STEP][PASSED] - Statement - counter = counter + 1: null

2018-10-20 18:01:46 - [TEST_STEP][PASSED] - Statement - PreSaveFile = new java.io.File(((pathPrefix + java.lang.Integer.toString(counter)) + .png)): null

2018-10-20 18:01:46 - [TEST_STEP][PASSED] - Statement - counter = counter + 1: null

2018-10-20 18:01:46 - [TEST_STEP][PASSED] - Statement - PreSaveFile = new java.io.File(((pathPrefix + java.lang.Integer.toString(counter)) + .png)): null

2018-10-20 18:01:46 - [TEST_STEP][PASSED] - Statement - counter = counter + 1: null

2018-10-20 18:01:46 - [TEST_STEP][PASSED] - Statement - PreSaveFile = new java.io.File(((pathPrefix + java.lang.Integer.toString(counter)) + .png)): null

2018-10-20 18:01:46 - [TEST_STEP][PASSED] - Statement - counter = counter + 1: null

2018-10-20 18:01:46 - [TEST_STEP][PASSED] - Statement - PreSaveFile = new java.io.File(((pathPrefix + java.lang.Integer.toString(counter)) + .png)): null

2018-10-20 18:01:46 - [TEST_STEP][PASSED] - Statement - counter = counter + 1: null

2018-10-20 18:01:46 - [TEST_STEP][PASSED] - Statement - PreSaveFile = new java.io.File(((pathPrefix + java.lang.Integer.toString(counter)) + .png)): null

2018-10-20 18:01:46 - [TEST_STEP][PASSED] - Statement - counter = counter + 1: null

2018-10-20 18:01:46 - [TEST_STEP][PASSED] - Statement - PreSaveFile = new java.io.File(((pathPrefix + java.lang.Integer.toString(counter)) + .png)): null

2018-10-20 18:01:46 - [TEST_STEP][PASSED] - Statement - counter = counter + 1: null

2018-10-20 18:01:46 - [TEST_STEP][PASSED] - Statement - PreSaveFile = new java.io.File(((pathPrefix + java.lang.Integer.toString(counter)) + .png)): null

2018-10-20 18:01:46 - [TEST_STEP][PASSED] - Statement - counter = counter + 1: null

2018-10-20 18:01:46 - [TEST_STEP][PASSED] - Statement - PreSaveFile = new java.io.File(((pathPrefix + java.lang.Integer.toString(counter)) + .png)): null

2018-10-20 18:01:46 - [TEST_STEP][PASSED] - Statement - counter = counter + 1: null

2018-10-20 18:01:46 - [TEST_STEP][PASSED] - Statement - PreSaveFile = new java.io.File(((pathPrefix + java.lang.Integer.toString(counter)) + .png)): null

2018-10-20 18:01:46 - [TEST_STEP][PASSED] - Statement - finalPath = pathPrefix + java.lang.Integer.toString(counter) + ".png": null

2018-10-20 18:01:46 - [TEST_STEP][PASSED] - Statement - SaveFile = new java.io.File(finalPath): null

2018-10-20 18:01:46 - [TEST_STEP][PASSED] - Statement - Try: null

2018-10-20 18:01:46 - [TEST_STEP][PASSED] - Statement - org.apache.commons.io.FileUtils.copyFile(scrFile, SaveFile): null

2018-10-20 18:01:46 - [TEST_STEP][PASSED] - Statement - out.println("file kept"): null

2018-10-20 18:01:46 - [TEST_STEP][PASSED] - delay: Delayed 10 second(s)

2018-10-20 18:01:56 - [MESSAGE][PASSED] - Delayed 10 second(s)

2018-10-20 18:01:56 - [MESSAGE][PASSED] - Call Test Case 'Test Cases/Final Aug 2018 - PKS Automation/Registration Module/New Registration/Submit and Screenshot/Submit Registration and Screenshot - Copy' successfully

2018-10-20 18:01:56 - [TEST_STEP][PASSED] - Statement - UpdateAddNewECode = com.kms.katalon.core.webui.keyword.WebUiBuiltInKeywords.getText(com.kms.katalon.core.testobject.ObjectRepository.findTestObject(Object Repository/Final Object Repo/Page_Update Add New Employee - ASSIST/getEmpCode)): Text of object 'Object Repository/Final Object Repo/Page_Update Add New Employee - ASSIST/getEmpCode' is: 'E1102070107X'

2018-10-20 18:01:56 - [MESSAGE][PASSED] - Text of object 'Object Repository/Final Object Repo/Page_Update Add New Employee - ASSIST/getEmpCode' is: 'E1102070107X'

2018-10-20 18:01:56 - [TEST_STEP][PASSED] - callTestCase: Call Test Case 'Test Cases/Final Aug 2018 - PKS Automation/Common/Emp Code Setter' successfully

2018-10-20 18:01:56 - [TEST_CASE][PASSED] - Test Cases/Final Aug 2018 - PKS Automation/Common/Emp Code Setter: Test Cases/Final Aug 2018 - PKS Automation/Common/Emp Code Setter

2018-10-20 18:01:56 - [TEST_STEP][PASSED] - Statement - EmpCodeOld = new java.io.File(C://EmpCode.txt): null

2018-10-20 18:01:56 - [TEST_STEP][PASSED] - Statement - EmpCodeOld.delete(): null

2018-10-20 18:01:56 - [TEST_STEP][PASSED] - Statement - EmpCode = new java.io.File(C://EmpCode.txt): null

2018-10-20 18:01:56 - [TEST_STEP][PASSED] - Statement - EmpCode.append(UpdateAddNewECode): null

2018-10-20 18:01:56 - [TEST_STEP][PASSED] - Statement - out.println("


" + UpdateAddNewECode + "


"): null

2018-10-20 18:01:56 - [MESSAGE][PASSED] - Call Test Case 'Test Cases/Final Aug 2018 - PKS Automation/Common/Emp Code Setter' successfully

2018-10-20 18:01:56 - [MESSAGE][PASSED] - Call Test Case 'Test Cases/Final Aug 2018 - PKS Automation/Registration Module/Workflow/Update Add New Employee/Template/New Company for Update Add New - Employer' successfully

2018-10-20 18:01:56 - [TEST_STEP][PASSED] - callTestCase: Call Test Case 'Test Cases/Final Aug 2018 - PKS Automation/Registration Module/Log Out/log out avoiding katalon tagging' successfully

2018-10-20 18:01:56 - [TEST_CASE][PASSED] - Test Cases/Final Aug 2018 - PKS Automation/Registration Module/Log Out/log out avoiding katalon tagging: Test Cases/Final Aug 2018 - PKS Automation/Registration Module/Log Out/log out avoiding katalon tagging

2018-10-20 18:01:56 - [TEST_STEP][PASSED] - navigateToUrl: Navigate to 'https://assist2-uat.perkeso.gov.my/c/portal/logout' successfully

2018-10-20 18:01:57 - [MESSAGE][PASSED] - Navigate to 'https://assist2-uat.perkeso.gov.my/c/portal/logout' successfully

2018-10-20 18:01:57 - [MESSAGE][PASSED] - Call Test Case 'Test Cases/Final Aug 2018 - PKS Automation/Registration Module/Log Out/log out avoiding katalon tagging' successfully

2018-10-20 18:01:57 - [TEST_STEP][PASSED] - callTestCase: Call Test Case 'Test Cases/Final Aug 2018 - PKS Automation/Registration Module/New Registration/Form 2/Date Updater' successfully

2018-10-20 18:01:57 - [TEST_CASE][PASSED] - Test Cases/Final Aug 2018 - PKS Automation/Registration Module/New Registration/Form 2/Date Updater: Test Cases/Final Aug 2018 - PKS Automation/Registration Module/New Registration/Form 2/Date Updater

2018-10-20 18:01:57 - [TEST_STEP][PASSED] - Statement - TodayDate = new java.util.Date(): null

2018-10-20 18:01:57 - [TEST_STEP][PASSED] - Statement - CurrentDateNoFilter = new java.text.SimpleDateFormat(): null

2018-10-20 18:01:57 - [TEST_STEP][PASSED] - Statement - CurrentDateNoFilter.applyPattern("dd"): null

2018-10-20 18:01:57 - [TEST_STEP][PASSED] - Statement - CurrentDate = CurrentDateNoFilter.format(TodayDate): null

2018-10-20 18:01:57 - [TEST_STEP][PASSED] - Statement - CurrentDate = java.lang.Integer.parseInt(CurrentDate): null

2018-10-20 18:01:57 - [TEST_STEP][PASSED] - Statement - CurrentDate = CurrentDate: null

2018-10-20 18:01:57 - [TEST_STEP][PASSED] - Statement - CurrentDay = java.lang.Integer.parseInt(CurrentDate): null

2018-10-20 18:01:57 - [TEST_STEP][PASSED] - Statement - aDayBefore = CurrentDay + 1: null

2018-10-20 18:01:57 - [TEST_STEP][PASSED] - Statement - DayBefore = aDayBefore.toString(): null

2018-10-20 18:01:57 - [TEST_STEP][PASSED] - Statement - OneDayBefore = DayBefore: null

2018-10-20 18:01:57 - [TEST_STEP][PASSED] - Statement - CurrentDateNoFilter.applyPattern("MM"): null

2018-10-20 18:01:57 - [TEST_STEP][PASSED] - Statement - monthContainerMatcher = java.lang.Integer.parseInt(CurrentDateNoFilter.format(TodayDate)): null

2018-10-20 18:01:57 - [TEST_STEP][PASSED] - Statement - monthContainerMatcher = monthContainerMatcher - 1: null

2018-10-20 18:01:57 - [TEST_STEP][PASSED] - Statement - CurrentMonth = monthContainerMatcher.toString(): null

2018-10-20 18:01:57 - [TEST_STEP][PASSED] - Statement - CurrentMonth = CurrentMonth: null

2018-10-20 18:01:57 - [TEST_STEP][PASSED] - Statement - CurrentDateNoFilter.applyPattern("yyyy"): null

2018-10-20 18:01:57 - [TEST_STEP][PASSED] - Statement - CurrentYear = CurrentDateNoFilter.format(TodayDate): null

2018-10-20 18:01:57 - [TEST_STEP][PASSED] - Statement - CurrentYear = CurrentYear: null

2018-10-20 18:01:57 - [TEST_STEP][PASSED] - Statement - intCurrentYear = java.lang.Integer.parseInt(CurrentDateNoFilter.format(TodayDate)): null

2018-10-20 18:01:57 - [TEST_STEP][PASSED] - Statement - eighteenYrsAgo = intCurrentYear - 18: null

2018-10-20 18:01:57 - [TEST_STEP][PASSED] - Statement - eighteenYrsBeforeThisYr = eighteenYrsAgo.toString(): null

2018-10-20 18:01:57 - [TEST_STEP][PASSED] - Statement - EighteenYrsBefore = eighteenYrsBeforeThisYr: null

2018-10-20 18:01:57 - [TEST_STEP][PASSED] - Statement - fiftysevenYrsAgo = intCurrentYear - 57: null

2018-10-20 18:01:57 - [TEST_STEP][PASSED] - Statement - fiftysevenYrsBeforeThisYr = fiftysevenYrsAgo.toString(): null

2018-10-20 18:01:57 - [TEST_STEP][PASSED] - Statement - FiftysevenYrsBefore = fiftysevenYrsBeforeThisYr: null

2018-10-20 18:01:57 - [MESSAGE][PASSED] - Call Test Case 'Test Cases/Final Aug 2018 - PKS Automation/Registration Module/New Registration/Form 2/Date Updater' successfully

2018-10-20 18:01:57 - [TEST_STEP][PASSED] - delay: Delayed 2 second(s)

2018-10-20 18:01:59 - [MESSAGE][PASSED] - Delayed 2 second(s)

2018-10-20 18:01:59 - [TEST_STEP][PASSED] - callTestCase: Call Test Case 'Test Cases/Final Aug 2018 - PKS Automation/Create Employer Acc/Login to Employer Account (Second time)' successfully

2018-10-20 18:01:59 - [TEST_CASE][PASSED] - Test Cases/Final Aug 2018 - PKS Automation/Create Employer Acc/Login to Employer Account (Second time): Test Cases/Final Aug 2018 - PKS Automation/Create Employer Acc/Login to Employer Account (Second time)

2018-10-20 18:01:59 - [TEST_STEP][PASSED] - openBrowser: Browser is opened with url: ''

2018-10-20 18:01:59 - [MESSAGE][WARNING] - A browser is already opened. Closing browser and opening a new one

2018-10-20 18:02:03 - [MESSAGE][PASSED] - Browser is opened with url: ''

2018-10-20 18:02:03 - [TEST_STEP][PASSED] - navigateToUrl: Navigate to 'https://assist2-uat.perkeso.gov.my/employer/login' successfully

2018-10-20 18:02:05 - [MESSAGE][PASSED] - Navigate to 'https://assist2-uat.perkeso.gov.my/employer/login' successfully

2018-10-20 18:02:05 - [TEST_STEP][PASSED] - delay: Delayed 3 second(s)

2018-10-20 18:02:08 - [MESSAGE][PASSED] - Delayed 3 second(s)

2018-10-20 18:02:08 - [TEST_STEP][PASSED] - callTestCase: Call Test Case 'Test Cases/Final Aug 2018 - PKS Automation/Create Employer Acc/Template/Employer Email Getter' successfully

2018-10-20 18:02:09 - [TEST_CASE][PASSED] - Test Cases/Final Aug 2018 - PKS Automation/Create Employer Acc/Template/Employer Email Getter: Test Cases/Final Aug 2018 - PKS Automation/Create Employer Acc/Template/Employer Email Getter

2018-10-20 18:02:09 - [TEST_STEP][PASSED] - Statement - Try: null

2018-10-20 18:02:09 - [TEST_STEP][PASSED] - Statement - EmpEmail = new java.io.File(C://EmpEmail.txt): null

2018-10-20 18:02:09 - [TEST_STEP][PASSED] - Statement - bufferread = new java.io.BufferedReader(new java.io.FileReader(EmpEmail)): null

2018-10-20 18:02:09 - [TEST_STEP][PASSED] - Statement - readedVal = bufferread.readLine(): null

2018-10-20 18:02:09 - [TEST_STEP][PASSED] - Statement - out.println(readedVal): null

2018-10-20 18:02:09 - [TEST_STEP][PASSED] - Statement - Email = readedVal: null

2018-10-20 18:02:09 - [MESSAGE][PASSED] - Call Test Case 'Test Cases/Final Aug 2018 - PKS Automation/Create Employer Acc/Template/Employer Email Getter' successfully

2018-10-20 18:02:09 - [TEST_STEP][PASSED] - setText: Text 'perkeso421508178158@gmail.com' is set on object 'Object Repository/Final Object Repo/Login Page/External Login Page/Email'

2018-10-20 18:02:09 - [MESSAGE][PASSED] - Text 'perkeso421508178158@gmail.com' is set on object 'Object Repository/Final Object Repo/Login Page/External Login Page/Email'

2018-10-20 18:02:09 - [TEST_STEP][PASSED] - click: Object: 'Object Repository/Final Object Repo/Login Page/External Login Page/Next' is clicked on

2018-10-20 18:02:09 - [MESSAGE][PASSED] - Object: 'Object Repository/Final Object Repo/Login Page/External Login Page/Next' is clicked on

2018-10-20 18:02:09 - [TEST_STEP][PASSED] - delay: Delayed 3 second(s)

2018-10-20 18:02:12 - [MESSAGE][PASSED] - Delayed 3 second(s)

2018-10-20 18:02:12 - [TEST_STEP][PASSED] - setEncryptedText: Text ****** has been set on object 'Object Repository/Final Object Repo/Login Page/External Login Page/Password'

2018-10-20 18:02:12 - [MESSAGE][PASSED] - Text ****** has been set on object 'Object Repository/Final Object Repo/Login Page/External Login Page/Password'

2018-10-20 18:02:12 - [TEST_STEP][PASSED] - click: Object: 'Object Repository/Final Object Repo/Login Page/External Login Page/Login' is clicked on

2018-10-20 18:02:12 - [MESSAGE][PASSED] - Object: 'Object Repository/Final Object Repo/Login Page/External Login Page/Login' is clicked on

2018-10-20 18:02:12 - [TEST_STEP][PASSED] - delay: Delayed 5 second(s)

2018-10-20 18:02:17 - [MESSAGE][PASSED] - Delayed 5 second(s)

2018-10-20 18:02:17 - [MESSAGE][PASSED] - Call Test Case 'Test Cases/Final Aug 2018 - PKS Automation/Create Employer Acc/Login to Employer Account (Second time)' successfully

2018-10-20 18:02:17 - [TEST_STEP][PASSED] - Statement - Try: Delayed 2 second(s)

2018-10-20 18:02:17 - [TEST_STEP][PASSED] - Statement - Checker = false: null

2018-10-20 18:02:17 - [TEST_STEP][PASSED] - Statement - Checker = com.kms.katalon.core.webui.keyword.WebUiBuiltInKeywords.verifyElementHasAttribute(com.kms.katalon.core.testobject.ObjectRepository.findTestObject(Final Object Repo/Landing Page/BM Detecting), "href", 20, OPTIONAL): Object 'Object Repository/Final Object Repo/Landing Page/BM Detecting' has attribute 'href'

2018-10-20 18:02:19 - [MESSAGE][PASSED] - Object 'Object Repository/Final Object Repo/Landing Page/BM Detecting' has attribute 'href'

2018-10-20 18:02:19 - [TEST_STEP][PASSED] - Statement - out.println(Checker): null

2018-10-20 18:02:19 - [TEST_STEP][PASSED] - Statement - If (Checker == false): null

2018-10-20 18:02:19 - [TEST_STEP][PASSED] - Statement - Else: null

2018-10-20 18:02:19 - [TEST_STEP][PASSED] - delay: Delayed 2 second(s)

2018-10-20 18:02:21 - [MESSAGE][PASSED] - Delayed 2 second(s)

2018-10-20 18:02:21 - [TEST_STEP][PASSED] - delay: Delayed 4 second(s)

2018-10-20 18:02:25 - [MESSAGE][PASSED] - Delayed 4 second(s)

2018-10-20 18:02:25 - [TEST_STEP][PASSED] - click: Object: 'Object Repository/Final Object Repo/Page_Update Add New Employee - ASSIST/My Sites Drop Down' is clicked on

2018-10-20 18:02:25 - [MESSAGE][PASSED] - Object: 'Object Repository/Final Object Repo/Page_Update Add New Employee - ASSIST/My Sites Drop Down' is clicked on

2018-10-20 18:02:25 - [TEST_STEP][PASSED] - click: Object: 'Object Repository/Final Object Repo/Page_Update Add New Employee - ASSIST/Select to Registration Module' is clicked on

2018-10-20 18:02:30 - [MESSAGE][PASSED] - Object: 'Object Repository/Final Object Repo/Page_Update Add New Employee - ASSIST/Select to Registration Module' is clicked on

2018-10-20 18:02:30 - [TEST_STEP][NOT_RUN] - navigateToUrl: NOT_RUN: navigateToUrl

2018-10-20 18:02:30 - [MESSAGE][NOT_RUN] - NOT_RUN: navigateToUrl

2018-10-20 18:02:30 - [TEST_STEP][PASSED] - mouseOver: Object: 'Object Repository/Final Object Repo/Page_Update Add New Employee - ASSIST/Select to Update Akta 4 Tab' is hovered

2018-10-20 18:02:30 - [MESSAGE][PASSED] - Object: 'Object Repository/Final Object Repo/Page_Update Add New Employee - ASSIST/Select to Update Akta 4 Tab' is hovered

2018-10-20 18:02:30 - [TEST_STEP][PASSED] - delay: Delayed 2 second(s)

2018-10-20 18:02:32 - [MESSAGE][PASSED] - Delayed 2 second(s)

2018-10-20 18:02:32 - [TEST_STEP][PASSED] - click: Object: 'Object Repository/Final Object Repo/Page_Update Add New Employee - ASSIST/Select to Update Add New Employee' is clicked on

2018-10-20 18:02:33 - [MESSAGE][PASSED] - Object: 'Object Repository/Final Object Repo/Page_Update Add New Employee - ASSIST/Select to Update Add New Employee' is clicked on

2018-10-20 18:02:33 - [TEST_STEP][PASSED] - delay: Delayed 2 second(s)

2018-10-20 18:02:35 - [MESSAGE][PASSED] - Delayed 2 second(s)

2018-10-20 18:02:35 - [TEST_STEP][PASSED] - setText: Text 'E1102070107X' is set on object 'Object Repository/Final Object Repo/Page_Update Add New Employee - ASSIST/Employer Code input textbox'

2018-10-20 18:02:35 - [MESSAGE][PASSED] - Text 'E1102070107X' is set on object 'Object Repository/Final Object Repo/Page_Update Add New Employee - ASSIST/Employer Code input textbox'

2018-10-20 18:02:35 - [TEST_STEP][PASSED] - delay: Delayed 2 second(s)

2018-10-20 18:02:37 - [MESSAGE][PASSED] - Delayed 2 second(s)

2018-10-20 18:02:37 - [TEST_STEP][PASSED] - click: Object: 'Object Repository/Final Object Repo/Page_Update Add New Employee - ASSIST/Search Button for Employer Code' is clicked on

2018-10-20 18:02:37 - [MESSAGE][PASSED] - Object: 'Object Repository/Final Object Repo/Page_Update Add New Employee - ASSIST/Search Button for Employer Code' is clicked on

2018-10-20 18:02:37 - [TEST_STEP][PASSED] - delay: Delayed 4 second(s)

2018-10-20 18:02:41 - [MESSAGE][PASSED] - Delayed 4 second(s)

2018-10-20 18:02:41 - [TEST_STEP][PASSED] - click: Object: 'Object Repository/Final Object Repo/Page_Update Add New Employee - ASSIST/Click to Edit Case' is clicked on

2018-10-20 18:02:44 - [MESSAGE][PASSED] - Object: 'Object Repository/Final Object Repo/Page_Update Add New Employee - ASSIST/Click to Edit Case' is clicked on

2018-10-20 18:02:44 - [TEST_STEP][PASSED] - callTestCase: Call Test Case 'Test Cases/Final Aug 2018 - PKS Automation/Registration Module/Workflow/Update Add New Employee/Template/Employee Adding/Employee Adding Action liability date change - Employer Access' successfully

2018-10-20 18:02:44 - [TEST_CASE][PASSED] - Test Cases/Final Aug 2018 - PKS Automation/Registration Module/Workflow/Update Add New Employee/Template/Employee Adding/Employee Adding Action liability date change - Employer Access: Test Cases/Final Aug 2018 - PKS Automation/Registration Module/Workflow/Update Add New Employee/Template/Employee Adding/Employee Adding Action liability date change - Employer Access

2018-10-20 18:02:44 - [TEST_STEP][PASSED] - delay: Delayed 4 second(s)

2018-10-20 18:02:48 - [MESSAGE][PASSED] - Delayed 4 second(s)

2018-10-20 18:02:48 - [TEST_STEP][PASSED] - click: Object: 'Object Repository/Final Object Repo/Page_Update Add New Employee - ASSIST/Add Employee Button' is clicked on

2018-10-20 18:02:48 - [MESSAGE][PASSED] - Object: 'Object Repository/Final Object Repo/Page_Update Add New Employee - ASSIST/Add Employee Button' is clicked on

2018-10-20 18:02:48 - [TEST_STEP][PASSED] - delay: Delayed 3 second(s)

2018-10-20 18:02:51 - [MESSAGE][PASSED] - Delayed 3 second(s)

2018-10-20 18:02:51 - [TEST_STEP][PASSED] - setText: Text '830081009219' is set on object 'Object Repository/Final Object Repo/Page_Update Add New Employee - ASSIST/NRIC Input'

2018-10-20 18:02:51 - [MESSAGE][PASSED] - Text '830081009219' is set on object 'Object Repository/Final Object Repo/Page_Update Add New Employee - ASSIST/NRIC Input'

2018-10-20 18:02:51 - [TEST_STEP][PASSED] - delay: Delayed 2 second(s)

2018-10-20 18:02:53 - [MESSAGE][PASSED] - Delayed 2 second(s)

2018-10-20 18:02:53 - [TEST_STEP][PASSED] - setText: Text 'Automate002 Employee eligible 1' is set on object 'Object Repository/Final Object Repo/Page_Update Add New Employee - ASSIST/Employee Name Input'

2018-10-20 18:02:54 - [MESSAGE][PASSED] - Text 'Automate002 Employee eligible 1' is set on object 'Object Repository/Final Object Repo/Page_Update Add New Employee - ASSIST/Employee Name Input'

2018-10-20 18:02:54 - [TEST_STEP][PASSED] - delay: Delayed 2 second(s)

2018-10-20 18:02:56 - [MESSAGE][PASSED] - Delayed 2 second(s)

2018-10-20 18:02:56 - [TEST_STEP][PASSED] - click: Object: 'Object Repository/Final Object Repo/Page_Update Add New Employee - ASSIST/DatePicker Pop Up' is clicked on

2018-10-20 18:02:56 - [MESSAGE][PASSED] - Object: 'Object Repository/Final Object Repo/Page_Update Add New Employee - ASSIST/DatePicker Pop Up' is clicked on

2018-10-20 18:02:56 - [TEST_STEP][PASSED] - click: Object: 'Object Repository/Final Object Repo/Page_Update Add New Employee - ASSIST/DOB Month' is clicked on

2018-10-20 18:02:56 - [MESSAGE][PASSED] - Object: 'Object Repository/Final Object Repo/Page_Update Add New Employee - ASSIST/DOB Month' is clicked on

2018-10-20 18:02:56 - [TEST_STEP][PASSED] - Statement - CurrentMonth = CurrentMonth: null

2018-10-20 18:02:56 - [TEST_STEP][PASSED] - Statement - selectMonth = new com.kms.katalon.core.testobject.TestObject(): null

2018-10-20 18:02:56 - [TEST_STEP][PASSED] - Statement - selectMonth.addProperty("xpath", EQUALS, "//body/div/div/div/select/option[@value='" + CurrentMonth + "']", true): null

2018-10-20 18:02:56 - [TEST_STEP][PASSED] - click: Object: '' is clicked on

2018-10-20 18:02:56 - [MESSAGE][PASSED] - Object: '' is clicked on

2018-10-20 18:02:56 - [TEST_STEP][PASSED] - click: Object: 'Object Repository/Final Object Repo/Page_Update Add New Employee - ASSIST/DOB Year' is clicked on

2018-10-20 18:02:57 - [MESSAGE][PASSED] - Object: 'Object Repository/Final Object Repo/Page_Update Add New Employee - ASSIST/DOB Year' is clicked on

2018-10-20 18:02:57 - [TEST_STEP][PASSED] - Statement - Eyearsbf = EighteenYrsBefore: null

2018-10-20 18:02:57 - [TEST_STEP][PASSED] - Statement - selectYear = new com.kms.katalon.core.testobject.TestObject(): null

2018-10-20 18:02:57 - [TEST_STEP][PASSED] - Statement - selectYear.addProperty("xpath", EQUALS, "//div/div/div/select/option[@value='" + Eyearsbf + "']", true): null

2018-10-20 18:02:57 - [TEST_STEP][PASSED] - click: Object: '' is clicked on

2018-10-20 18:02:57 - [MESSAGE][PASSED] - Object: '' is clicked on

2018-10-20 18:02:57 - [TEST_STEP][PASSED] - Statement - UpdatedSelectDate = com.kms.katalon.core.webui.keyword.WebUiBuiltInKeywords.modifyObjectProperty(com.kms.katalon.core.testobject.ObjectRepository.findTestObject(Final Object Repo/Page_Update Add New Employee - ASSIST/DOB Date), "xpath", "equals", "//body/div/table/tbody/tr/td/a[text()="" + CurrentDate + ""]", true): Modify property of object successfully

2018-10-20 18:02:57 - [MESSAGE][PASSED] - Modify property of object successfully

2018-10-20 18:02:57 - [TEST_STEP][PASSED] - delay: Delayed 3 second(s)

2018-10-20 18:03:00 - [MESSAGE][PASSED] - Delayed 3 second(s)

2018-10-20 18:03:00 - [TEST_STEP][PASSED] - click: Object: 'Object Repository/Final Object Repo/Page_Update Add New Employee - ASSIST/DOB Date' is clicked on

2018-10-20 18:03:00 - [MESSAGE][PASSED] - Object: 'Object Repository/Final Object Repo/Page_Update Add New Employee - ASSIST/DOB Date' is clicked on

2018-10-20 18:03:00 - [TEST_STEP][PASSED] - delay: Delayed 2 second(s)

2018-10-20 18:03:02 - [MESSAGE][PASSED] - Delayed 2 second(s)

2018-10-20 18:03:02 - [TEST_STEP][PASSED] - click: Object: 'Object Repository/Final Object Repo/Page_Update Add New Employee - ASSIST/EmploymentStartDate Pop Up' is clicked on

2018-10-20 18:03:02 - [MESSAGE][PASSED] - Object: 'Object Repository/Final Object Repo/Page_Update Add New Employee - ASSIST/EmploymentStartDate Pop Up' is clicked on

2018-10-20 18:03:02 - [TEST_STEP][PASSED] - delay: Delayed 2 second(s)

2018-10-20 18:03:04 - [MESSAGE][PASSED] - Delayed 2 second(s)

2018-10-20 18:03:04 - [TEST_STEP][PASSED] - click: Object: 'Object Repository/Final Object Repo/Page_Update Add New Employee - ASSIST/Socso Employment StartDate Month' is clicked on

2018-10-20 18:03:04 - [MESSAGE][PASSED] - Object: 'Object Repository/Final Object Repo/Page_Update Add New Employee - ASSIST/Socso Employment StartDate Month' is clicked on

2018-10-20 18:03:04 - [TEST_STEP][PASSED] - delay: Delayed 1 second(s)

2018-10-20 18:03:05 - [MESSAGE][PASSED] - Delayed 1 second(s)

2018-10-20 18:03:05 - [TEST_STEP][PASSED] - click: Object: 'Object Repository/Final Object Repo/Page_Update Add New Employee - ASSIST/Select Socso Employement Startdate Month' is clicked on

2018-10-20 18:03:05 - [MESSAGE][PASSED] - Object: 'Object Repository/Final Object Repo/Page_Update Add New Employee - ASSIST/Select Socso Employement Startdate Month' is clicked on

2018-10-20 18:03:05 - [TEST_STEP][PASSED] - delay: Delayed 2 second(s)

2018-10-20 18:03:07 - [MESSAGE][PASSED] - Delayed 2 second(s)

2018-10-20 18:03:07 - [TEST_STEP][PASSED] - click: Object: 'Object Repository/Final Object Repo/Page_Update Add New Employee - ASSIST/Socso Employment StartDate Year' is clicked on

2018-10-20 18:03:08 - [MESSAGE][PASSED] - Object: 'Object Repository/Final Object Repo/Page_Update Add New Employee - ASSIST/Socso Employment StartDate Year' is clicked on

2018-10-20 18:03:08 - [TEST_STEP][PASSED] - delay: Delayed 1 second(s)

2018-10-20 18:03:09 - [MESSAGE][PASSED] - Delayed 1 second(s)

2018-10-20 18:03:09 - [TEST_STEP][PASSED] - click: Object: 'Object Repository/Final Object Repo/Page_Update Add New Employee - ASSIST/Select Socso Employment Startdate Year - Emp Update Add New' is clicked on

2018-10-20 18:03:09 - [MESSAGE][PASSED] - Object: 'Object Repository/Final Object Repo/Page_Update Add New Employee - ASSIST/Select Socso Employment Startdate Year - Emp Update Add New' is clicked on

2018-10-20 18:03:09 - [TEST_STEP][PASSED] - delay: Delayed 2 second(s)

2018-10-20 18:03:11 - [MESSAGE][PASSED] - Delayed 2 second(s)

2018-10-20 18:03:11 - [TEST_STEP][PASSED] - click: Object: 'Object Repository/Final Object Repo/Page_Update Add New Employee - ASSIST/Socso Employment Start Date Day' is clicked on

2018-10-20 18:03:11 - [MESSAGE][PASSED] - Object: 'Object Repository/Final Object Repo/Page_Update Add New Employee - ASSIST/Socso Employment Start Date Day' is clicked on

2018-10-20 18:03:11 - [TEST_STEP][PASSED] - delay: Delayed 2 second(s)

2018-10-20 18:03:13 - [MESSAGE][PASSED] - Delayed 2 second(s)

2018-10-20 18:03:13 - [TEST_STEP][PASSED] - click: Object: 'Object Repository/Final Object Repo/Page_Update Add New Employee - ASSIST/Save Button for Add Employee' is clicked on

2018-10-20 18:03:13 - [MESSAGE][PASSED] - Object: 'Object Repository/Final Object Repo/Page_Update Add New Employee - ASSIST/Save Button for Add Employee' is clicked on

2018-10-20 18:03:13 - [MESSAGE][PASSED] - Call Test Case 'Test Cases/Final Aug 2018 - PKS Automation/Registration Module/Workflow/Update Add New Employee/Template/Employee Adding/Employee Adding Action liability date change - Employer Access' successfully

2018-10-20 18:03:13 - [TEST_STEP][PASSED] - delay: Delayed 4 second(s)

2018-10-20 18:03:17 - [MESSAGE][PASSED] - Delayed 4 second(s)

2018-10-20 18:03:17 - [TEST_STEP][PASSED] - Statement - CaseReferenceNo = com.kms.katalon.core.webui.keyword.WebUiBuiltInKeywords.getText(com.kms.katalon.core.testobject.ObjectRepository.findTestObject(Final Object Repo/Page_Update Add New Employee - ASSIST/RefNo)): Text of object 'Object Repository/Final Object Repo/Page_Update Add New Employee - ASSIST/RefNo' is: 'CAN10201800002062'

2018-10-20 18:03:17 - [MESSAGE][PASSED] - Text of object 'Object Repository/Final Object Repo/Page_Update Add New Employee - ASSIST/RefNo' is: 'CAN10201800002062'

2018-10-20 18:03:17 - [TEST_STEP][PASSED] - callTestCase: Call Test Case 'Test Cases/Final Aug 2018 - PKS Automation/Common/Reference Number Setter' successfully

2018-10-20 18:03:17 - [TEST_CASE][PASSED] - Test Cases/Final Aug 2018 - PKS Automation/Common/Reference Number Setter: Test Cases/Final Aug 2018 - PKS Automation/Common/Reference Number Setter

2018-10-20 18:03:17 - [TEST_STEP][PASSED] - Statement - RefNoOldFile = new java.io.File(C://KatalonReference.txt): null

2018-10-20 18:03:17 - [TEST_STEP][PASSED] - Statement - RefNoOldFile.delete(): null

2018-10-20 18:03:17 - [TEST_STEP][PASSED] - Statement - RefNo = new java.io.File(C://KatalonReference.txt): null

2018-10-20 18:03:17 - [TEST_STEP][PASSED] - Statement - RefNo.append(CaseReferenceNo): null

2018-10-20 18:03:17 - [TEST_STEP][PASSED] - Statement - out.println("


" + CaseReferenceNo + "


"): null

2018-10-20 18:03:17 - [MESSAGE][PASSED] - Call Test Case 'Test Cases/Final Aug 2018 - PKS Automation/Common/Reference Number Setter' successfully

2018-10-20 18:03:17 - [TEST_STEP][PASSED] - delay: Delayed 5 second(s)

2018-10-20 18:03:22 - [MESSAGE][PASSED] - Delayed 5 second(s)

2018-10-20 18:03:22 - [TEST_STEP][PASSED] - click: Object: 'Object Repository/Final Object Repo/Page_Update Add New Employee - ASSIST/Save  Continue Button' is clicked on

2018-10-20 18:03:23 - [MESSAGE][PASSED] - Object: 'Object Repository/Final Object Repo/Page_Update Add New Employee - ASSIST/Save  Continue Button' is clicked on

2018-10-20 18:03:23 - [TEST_STEP][PASSED] - delay: Delayed 4 second(s)

2018-10-20 18:03:27 - [MESSAGE][PASSED] - Delayed 4 second(s)

2018-10-20 18:03:27 - [TEST_STEP][PASSED] - callTestCase: Call Test Case 'Test Cases/Final Aug 2018 - PKS Automation/Common/Reference Number Getter' successfully

2018-10-20 18:03:27 - [TEST_CASE][PASSED] - Test Cases/Final Aug 2018 - PKS Automation/Common/Reference Number Getter: Test Cases/Final Aug 2018 - PKS Automation/Common/Reference Number Getter

2018-10-20 18:03:27 - [TEST_STEP][PASSED] - Statement - Try: null

2018-10-20 18:03:27 - [TEST_STEP][PASSED] - Statement - RefNo = new java.io.File(C://KatalonReference.txt): null

2018-10-20 18:03:27 - [TEST_STEP][PASSED] - Statement - bufferread = new java.io.BufferedReader(new java.io.FileReader(RefNo)): null

2018-10-20 18:03:27 - [TEST_STEP][PASSED] - Statement - readedVal = bufferread.readLine(): null

2018-10-20 18:03:27 - [TEST_STEP][PASSED] - Statement - out.println(CaseReferenceNo): null

2018-10-20 18:03:27 - [TEST_STEP][PASSED] - Statement - out.println(readedVal): null

2018-10-20 18:03:27 - [TEST_STEP][PASSED] - Statement - CaseReferenceNo = readedVal: null

2018-10-20 18:03:27 - [MESSAGE][PASSED] - Call Test Case 'Test Cases/Final Aug 2018 - PKS Automation/Common/Reference Number Getter' successfully

2018-10-20 18:03:27 - [TEST_STEP][PASSED] - click: Object: 'Object Repository/Final Object Repo/Page_Update Add New Employee - ASSIST/Save  Continue Third Screen' is clicked on

2018-10-20 18:03:30 - [MESSAGE][PASSED] - Object: 'Object Repository/Final Object Repo/Page_Update Add New Employee - ASSIST/Save  Continue Third Screen' is clicked on

2018-10-20 18:03:30 - [TEST_STEP][PASSED] - delay: Delayed 4 second(s)

2018-10-20 18:03:34 - [MESSAGE][PASSED] - Delayed 4 second(s)

2018-10-20 18:03:34 - [TEST_STEP][PASSED] - click: Object: 'Object Repository/Final Object Repo/Page_Update Add New Employee - ASSIST/Save   Continue Supporting Doc Page' is clicked on

2018-10-20 18:03:34 - [MESSAGE][PASSED] - Object: 'Object Repository/Final Object Repo/Page_Update Add New Employee - ASSIST/Save   Continue Supporting Doc Page' is clicked on

2018-10-20 18:03:34 - [TEST_STEP][PASSED] - delay: Delayed 4 second(s)

2018-10-20 18:03:38 - [MESSAGE][PASSED] - Delayed 4 second(s)

2018-10-20 18:03:38 - [TEST_STEP][PASSED] - click: Object: 'Object Repository/Final Object Repo/Page_Update Add New Employee - ASSIST/Submit Button' is clicked on

2018-10-20 18:03:38 - [MESSAGE][PASSED] - Object: 'Object Repository/Final Object Repo/Page_Update Add New Employee - ASSIST/Submit Button' is clicked on

2018-10-20 18:03:38 - [TEST_STEP][PASSED] - delay: Delayed 4 second(s)

2018-10-20 18:03:42 - [MESSAGE][PASSED] - Delayed 4 second(s)

2018-10-20 18:03:42 - [TEST_STEP][PASSED] - click: Object: 'Object Repository/Final Object Repo/Page_Update Add New Employee - ASSIST/Confirm Submit Button' is clicked on

2018-10-20 18:03:42 - [MESSAGE][PASSED] - Object: 'Object Repository/Final Object Repo/Page_Update Add New Employee - ASSIST/Confirm Submit Button' is clicked on

2018-10-20 18:03:42 - [TEST_STEP][PASSED] - delay: Delayed 20 second(s)

2018-10-20 18:04:02 - [MESSAGE][PASSED] - Delayed 20 second(s)

2018-10-20 18:04:02 - [TEST_STEP][PASSED] - callTestCase: Call Test Case 'Test Cases/Final Aug 2018 - PKS Automation/Common/Screenshoting tool' successfully

2018-10-20 18:04:02 - [TEST_CASE][PASSED] - Test Cases/Final Aug 2018 - PKS Automation/Common/Screenshoting tool: Test Cases/Final Aug 2018 - PKS Automation/Common/Screenshoting tool

2018-10-20 18:04:02 - [TEST_STEP][PASSED] - delay: Delayed 15 second(s)

2018-10-20 18:04:17 - [MESSAGE][PASSED] - Delayed 15 second(s)

2018-10-20 18:04:17 - [TEST_STEP][PASSED] - Statement - driver = com.kms.katalon.core.webui.driver.DriverFactory.getWebDriver(): null

2018-10-20 18:04:17 - [TEST_STEP][PASSED] - Statement - driver.manage().timeouts().implicitlyWait(10, SECONDS): null

2018-10-20 18:04:18 - [TEST_STEP][PASSED] - Statement - PresavePath = KatalonScreenshots: null

2018-10-20 18:04:18 - [TEST_STEP][PASSED] - Statement - pathPrefix = "C:\Users\Public\Pictures\Sample Pictures\Katalon Screenshots\Automate Ending Screen": null

2018-10-20 18:04:18 - [TEST_STEP][PASSED] - Statement - finalPath = <not implemented yet for class: org.codehaus.groovy.ast.expr.EmptyExpression>: null

2018-10-20 18:04:18 - [TEST_STEP][PASSED] - Statement - scrFile = driver.getScreenshotAs(FILE): null

2018-10-20 18:04:18 - [TEST_STEP][PASSED] - Statement - PreSaveFile = new java.io.File(PresavePath): null

2018-10-20 18:04:18 - [TEST_STEP][PASSED] - Statement - counter = 0: null

2018-10-20 18:04:18 - [TEST_STEP][PASSED] - Statement - If (PreSaveFile.exists()): null

2018-10-20 18:04:18 - [TEST_STEP][PASSED] - Statement - While (PreSaveFile.exists()): null

2018-10-20 18:04:18 - [TEST_STEP][PASSED] - Statement - counter = counter + 1: null

2018-10-20 18:04:18 - [TEST_STEP][PASSED] - Statement - PreSaveFile = new java.io.File(((pathPrefix + java.lang.Integer.toString(counter)) + .png)): null

2018-10-20 18:04:18 - [TEST_STEP][PASSED] - Statement - counter = counter + 1: null

2018-10-20 18:04:18 - [TEST_STEP][PASSED] - Statement - PreSaveFile = new java.io.File(((pathPrefix + java.lang.Integer.toString(counter)) + .png)): null

2018-10-20 18:04:18 - [TEST_STEP][PASSED] - Statement - counter = counter + 1: null

2018-10-20 18:04:18 - [TEST_STEP][PASSED] - Statement - PreSaveFile = new java.io.File(((pathPrefix + java.lang.Integer.toString(counter)) + .png)): null

2018-10-20 18:04:18 - [TEST_STEP][PASSED] - Statement - counter = counter + 1: null

2018-10-20 18:04:18 - [TEST_STEP][PASSED] - Statement - PreSaveFile = new java.io.File(((pathPrefix + java.lang.Integer.toString(counter)) + .png)): null

2018-10-20 18:04:18 - [TEST_STEP][PASSED] - Statement - counter = counter + 1: null

2018-10-20 18:04:18 - [TEST_STEP][PASSED] - Statement - PreSaveFile = new java.io.File(((pathPrefix + java.lang.Integer.toString(counter)) + .png)): null

2018-10-20 18:04:18 - [TEST_STEP][PASSED] - Statement - counter = counter + 1: null

2018-10-20 18:04:18 - [TEST_STEP][PASSED] - Statement - PreSaveFile = new java.io.File(((pathPrefix + java.lang.Integer.toString(counter)) + .png)): null

2018-10-20 18:04:18 - [TEST_STEP][PASSED] - Statement - counter = counter + 1: null

2018-10-20 18:04:18 - [TEST_STEP][PASSED] - Statement - PreSaveFile = new java.io.File(((pathPrefix + java.lang.Integer.toString(counter)) + .png)): null

2018-10-20 18:04:18 - [TEST_STEP][PASSED] - Statement - counter = counter + 1: null

2018-10-20 18:04:18 - [TEST_STEP][PASSED] - Statement - PreSaveFile = new java.io.File(((pathPrefix + java.lang.Integer.toString(counter)) + .png)): null

2018-10-20 18:04:18 - [TEST_STEP][PASSED] - Statement - counter = counter + 1: null

2018-10-20 18:04:18 - [TEST_STEP][PASSED] - Statement - PreSaveFile = new java.io.File(((pathPrefix + java.lang.Integer.toString(counter)) + .png)): null

2018-10-20 18:04:18 - [TEST_STEP][PASSED] - Statement - counter = counter + 1: null

2018-10-20 18:04:18 - [TEST_STEP][PASSED] - Statement - PreSaveFile = new java.io.File(((pathPrefix + java.lang.Integer.toString(counter)) + .png)): null

2018-10-20 18:04:18 - [TEST_STEP][PASSED] - Statement - counter = counter + 1: null

2018-10-20 18:04:18 - [TEST_STEP][PASSED] - Statement - PreSaveFile = new java.io.File(((pathPrefix + java.lang.Integer.toString(counter)) + .png)): null

2018-10-20 18:04:18 - [TEST_STEP][PASSED] - Statement - counter = counter + 1: null

2018-10-20 18:04:18 - [TEST_STEP][PASSED] - Statement - PreSaveFile = new java.io.File(((pathPrefix + java.lang.Integer.toString(counter)) + .png)): null

2018-10-20 18:04:18 - [TEST_STEP][PASSED] - Statement - counter = counter + 1: null

2018-10-20 18:04:18 - [TEST_STEP][PASSED] - Statement - PreSaveFile = new java.io.File(((pathPrefix + java.lang.Integer.toString(counter)) + .png)): null

2018-10-20 18:04:18 - [TEST_STEP][PASSED] - Statement - counter = counter + 1: null

2018-10-20 18:04:18 - [TEST_STEP][PASSED] - Statement - PreSaveFile = new java.io.File(((pathPrefix + java.lang.Integer.toString(counter)) + .png)): null

2018-10-20 18:04:18 - [TEST_STEP][PASSED] - Statement - counter = counter + 1: null

2018-10-20 18:04:18 - [TEST_STEP][PASSED] - Statement - PreSaveFile = new java.io.File(((pathPrefix + java.lang.Integer.toString(counter)) + .png)): null

2018-10-20 18:04:18 - [TEST_STEP][PASSED] - Statement - counter = counter + 1: null

2018-10-20 18:04:18 - [TEST_STEP][PASSED] - Statement - PreSaveFile = new java.io.File(((pathPrefix + java.lang.Integer.toString(counter)) + .png)): null

2018-10-20 18:04:18 - [TEST_STEP][PASSED] - Statement - counter = counter + 1: null

2018-10-20 18:04:18 - [TEST_STEP][PASSED] - Statement - PreSaveFile = new java.io.File(((pathPrefix + java.lang.Integer.toString(counter)) + .png)): null

2018-10-20 18:04:18 - [TEST_STEP][PASSED] - Statement - counter = counter + 1: null

2018-10-20 18:04:18 - [TEST_STEP][PASSED] - Statement - PreSaveFile = new java.io.File(((pathPrefix + java.lang.Integer.toString(counter)) + .png)): null

2018-10-20 18:04:18 - [TEST_STEP][PASSED] - Statement - counter = counter + 1: null

2018-10-20 18:04:18 - [TEST_STEP][PASSED] - Statement - PreSaveFile = new java.io.File(((pathPrefix + java.lang.Integer.toString(counter)) + .png)): null

2018-10-20 18:04:18 - [TEST_STEP][PASSED] - Statement - counter = counter + 1: null

2018-10-20 18:04:18 - [TEST_STEP][PASSED] - Statement - PreSaveFile = new java.io.File(((pathPrefix + java.lang.Integer.toString(counter)) + .png)): null

2018-10-20 18:04:18 - [TEST_STEP][PASSED] - Statement - counter = counter + 1: null

2018-10-20 18:04:18 - [TEST_STEP][PASSED] - Statement - PreSaveFile = new java.io.File(((pathPrefix + java.lang.Integer.toString(counter)) + .png)): null

2018-10-20 18:04:18 - [TEST_STEP][PASSED] - Statement - counter = counter + 1: null

2018-10-20 18:04:18 - [TEST_STEP][PASSED] - Statement - PreSaveFile = new java.io.File(((pathPrefix + java.lang.Integer.toString(counter)) + .png)): null

2018-10-20 18:04:18 - [TEST_STEP][PASSED] - Statement - counter = counter + 1: null

2018-10-20 18:04:18 - [TEST_STEP][PASSED] - Statement - PreSaveFile = new java.io.File(((pathPrefix + java.lang.Integer.toString(counter)) + .png)): null

2018-10-20 18:04:18 - [TEST_STEP][PASSED] - Statement - counter = counter + 1: null

2018-10-20 18:04:18 - [TEST_STEP][PASSED] - Statement - PreSaveFile = new java.io.File(((pathPrefix + java.lang.Integer.toString(counter)) + .png)): null

2018-10-20 18:04:18 - [TEST_STEP][PASSED] - Statement - counter = counter + 1: null

2018-10-20 18:04:18 - [TEST_STEP][PASSED] - Statement - PreSaveFile = new java.io.File(((pathPrefix + java.lang.Integer.toString(counter)) + .png)): null

2018-10-20 18:04:18 - [TEST_STEP][PASSED] - Statement - counter = counter + 1: null

2018-10-20 18:04:18 - [TEST_STEP][PASSED] - Statement - PreSaveFile = new java.io.File(((pathPrefix + java.lang.Integer.toString(counter)) + .png)): null

2018-10-20 18:04:18 - [TEST_STEP][PASSED] - Statement - counter = counter + 1: null

2018-10-20 18:04:18 - [TEST_STEP][PASSED] - Statement - PreSaveFile = new java.io.File(((pathPrefix + java.lang.Integer.toString(counter)) + .png)): null

2018-10-20 18:04:18 - [TEST_STEP][PASSED] - Statement - counter = counter + 1: null

2018-10-20 18:04:18 - [TEST_STEP][PASSED] - Statement - PreSaveFile = new java.io.File(((pathPrefix + java.lang.Integer.toString(counter)) + .png)): null

2018-10-20 18:04:18 - [TEST_STEP][PASSED] - Statement - counter = counter + 1: null

2018-10-20 18:04:18 - [TEST_STEP][PASSED] - Statement - PreSaveFile = new java.io.File(((pathPrefix + java.lang.Integer.toString(counter)) + .png)): null

2018-10-20 18:04:18 - [TEST_STEP][PASSED] - Statement - counter = counter + 1: null

2018-10-20 18:04:18 - [TEST_STEP][PASSED] - Statement - PreSaveFile = new java.io.File(((pathPrefix + java.lang.Integer.toString(counter)) + .png)): null

2018-10-20 18:04:18 - [TEST_STEP][PASSED] - Statement - counter = counter + 1: null

2018-10-20 18:04:18 - [TEST_STEP][PASSED] - Statement - PreSaveFile = new java.io.File(((pathPrefix + java.lang.Integer.toString(counter)) + .png)): null

2018-10-20 18:04:18 - [TEST_STEP][PASSED] - Statement - counter = counter + 1: null

2018-10-20 18:04:18 - [TEST_STEP][PASSED] - Statement - PreSaveFile = new java.io.File(((pathPrefix + java.lang.Integer.toString(counter)) + .png)): null

2018-10-20 18:04:18 - [TEST_STEP][PASSED] - Statement - counter = counter + 1: null

2018-10-20 18:04:18 - [TEST_STEP][PASSED] - Statement - PreSaveFile = new java.io.File(((pathPrefix + java.lang.Integer.toString(counter)) + .png)): null

2018-10-20 18:04:18 - [TEST_STEP][PASSED] - Statement - counter = counter + 1: null

2018-10-20 18:04:18 - [TEST_STEP][PASSED] - Statement - PreSaveFile = new java.io.File(((pathPrefix + java.lang.Integer.toString(counter)) + .png)): null

2018-10-20 18:04:18 - [TEST_STEP][PASSED] - Statement - counter = counter + 1: null

2018-10-20 18:04:18 - [TEST_STEP][PASSED] - Statement - PreSaveFile = new java.io.File(((pathPrefix + java.lang.Integer.toString(counter)) + .png)): null

2018-10-20 18:04:18 - [TEST_STEP][PASSED] - Statement - counter = counter + 1: null

2018-10-20 18:04:18 - [TEST_STEP][PASSED] - Statement - PreSaveFile = new java.io.File(((pathPrefix + java.lang.Integer.toString(counter)) + .png)): null

2018-10-20 18:04:18 - [TEST_STEP][PASSED] - Statement - counter = counter + 1: null

2018-10-20 18:04:18 - [TEST_STEP][PASSED] - Statement - PreSaveFile = new java.io.File(((pathPrefix + java.lang.Integer.toString(counter)) + .png)): null

2018-10-20 18:04:18 - [TEST_STEP][PASSED] - Statement - counter = counter + 1: null

2018-10-20 18:04:18 - [TEST_STEP][PASSED] - Statement - PreSaveFile = new java.io.File(((pathPrefix + java.lang.Integer.toString(counter)) + .png)): null

2018-10-20 18:04:18 - [TEST_STEP][PASSED] - Statement - counter = counter + 1: null

2018-10-20 18:04:18 - [TEST_STEP][PASSED] - Statement - PreSaveFile = new java.io.File(((pathPrefix + java.lang.Integer.toString(counter)) + .png)): null

2018-10-20 18:04:18 - [TEST_STEP][PASSED] - Statement - counter = counter + 1: null

2018-10-20 18:04:18 - [TEST_STEP][PASSED] - Statement - PreSaveFile = new java.io.File(((pathPrefix + java.lang.Integer.toString(counter)) + .png)): null

2018-10-20 18:04:18 - [TEST_STEP][PASSED] - Statement - counter = counter + 1: null

2018-10-20 18:04:18 - [TEST_STEP][PASSED] - Statement - PreSaveFile = new java.io.File(((pathPrefix + java.lang.Integer.toString(counter)) + .png)): null

2018-10-20 18:04:18 - [TEST_STEP][PASSED] - Statement - counter = counter + 1: null

2018-10-20 18:04:18 - [TEST_STEP][PASSED] - Statement - PreSaveFile = new java.io.File(((pathPrefix + java.lang.Integer.toString(counter)) + .png)): null

2018-10-20 18:04:18 - [TEST_STEP][PASSED] - Statement - counter = counter + 1: null

2018-10-20 18:04:18 - [TEST_STEP][PASSED] - Statement - PreSaveFile = new java.io.File(((pathPrefix + java.lang.Integer.toString(counter)) + .png)): null

2018-10-20 18:04:18 - [TEST_STEP][PASSED] - Statement - counter = counter + 1: null

2018-10-20 18:04:18 - [TEST_STEP][PASSED] - Statement - PreSaveFile = new java.io.File(((pathPrefix + java.lang.Integer.toString(counter)) + .png)): null

2018-10-20 18:04:18 - [TEST_STEP][PASSED] - Statement - counter = counter + 1: null

2018-10-20 18:04:18 - [TEST_STEP][PASSED] - Statement - PreSaveFile = new java.io.File(((pathPrefix + java.lang.Integer.toString(counter)) + .png)): null

2018-10-20 18:04:18 - [TEST_STEP][PASSED] - Statement - counter = counter + 1: null

2018-10-20 18:04:18 - [TEST_STEP][PASSED] - Statement - PreSaveFile = new java.io.File(((pathPrefix + java.lang.Integer.toString(counter)) + .png)): null

2018-10-20 18:04:18 - [TEST_STEP][PASSED] - Statement - counter = counter + 1: null

2018-10-20 18:04:18 - [TEST_STEP][PASSED] - Statement - PreSaveFile = new java.io.File(((pathPrefix + java.lang.Integer.toString(counter)) + .png)): null

2018-10-20 18:04:18 - [TEST_STEP][PASSED] - Statement - counter = counter + 1: null

2018-10-20 18:04:18 - [TEST_STEP][PASSED] - Statement - PreSaveFile = new java.io.File(((pathPrefix + java.lang.Integer.toString(counter)) + .png)): null

2018-10-20 18:04:18 - [TEST_STEP][PASSED] - Statement - counter = counter + 1: null

2018-10-20 18:04:18 - [TEST_STEP][PASSED] - Statement - PreSaveFile = new java.io.File(((pathPrefix + java.lang.Integer.toString(counter)) + .png)): null

2018-10-20 18:04:18 - [TEST_STEP][PASSED] - Statement - counter = counter + 1: null

2018-10-20 18:04:18 - [TEST_STEP][PASSED] - Statement - PreSaveFile = new java.io.File(((pathPrefix + java.lang.Integer.toString(counter)) + .png)): null

2018-10-20 18:04:18 - [TEST_STEP][PASSED] - Statement - counter = counter + 1: null

2018-10-20 18:04:18 - [TEST_STEP][PASSED] - Statement - PreSaveFile = new java.io.File(((pathPrefix + java.lang.Integer.toString(counter)) + .png)): null

2018-10-20 18:04:18 - [TEST_STEP][PASSED] - Statement - counter = counter + 1: null

2018-10-20 18:04:18 - [TEST_STEP][PASSED] - Statement - PreSaveFile = new java.io.File(((pathPrefix + java.lang.Integer.toString(counter)) + .png)): null

2018-10-20 18:04:18 - [TEST_STEP][PASSED] - Statement - counter = counter + 1: null

2018-10-20 18:04:18 - [TEST_STEP][PASSED] - Statement - PreSaveFile = new java.io.File(((pathPrefix + java.lang.Integer.toString(counter)) + .png)): null

2018-10-20 18:04:18 - [TEST_STEP][PASSED] - Statement - counter = counter + 1: null

2018-10-20 18:04:18 - [TEST_STEP][PASSED] - Statement - PreSaveFile = new java.io.File(((pathPrefix + java.lang.Integer.toString(counter)) + .png)): null

2018-10-20 18:04:18 - [TEST_STEP][PASSED] - Statement - counter = counter + 1: null

2018-10-20 18:04:18 - [TEST_STEP][PASSED] - Statement - PreSaveFile = new java.io.File(((pathPrefix + java.lang.Integer.toString(counter)) + .png)): null

2018-10-20 18:04:18 - [TEST_STEP][PASSED] - Statement - counter = counter + 1: null

2018-10-20 18:04:18 - [TEST_STEP][PASSED] - Statement - PreSaveFile = new java.io.File(((pathPrefix + java.lang.Integer.toString(counter)) + .png)): null

2018-10-20 18:04:18 - [TEST_STEP][PASSED] - Statement - counter = counter + 1: null

2018-10-20 18:04:18 - [TEST_STEP][PASSED] - Statement - PreSaveFile = new java.io.File(((pathPrefix + java.lang.Integer.toString(counter)) + .png)): null

2018-10-20 18:04:18 - [TEST_STEP][PASSED] - Statement - counter = counter + 1: null

2018-10-20 18:04:18 - [TEST_STEP][PASSED] - Statement - PreSaveFile = new java.io.File(((pathPrefix + java.lang.Integer.toString(counter)) + .png)): null

2018-10-20 18:04:18 - [TEST_STEP][PASSED] - Statement - counter = counter + 1: null

2018-10-20 18:04:18 - [TEST_STEP][PASSED] - Statement - PreSaveFile = new java.io.File(((pathPrefix + java.lang.Integer.toString(counter)) + .png)): null

2018-10-20 18:04:18 - [TEST_STEP][PASSED] - Statement - counter = counter + 1: null

2018-10-20 18:04:18 - [TEST_STEP][PASSED] - Statement - PreSaveFile = new java.io.File(((pathPrefix + java.lang.Integer.toString(counter)) + .png)): null

2018-10-20 18:04:18 - [TEST_STEP][PASSED] - Statement - counter = counter + 1: null

2018-10-20 18:04:18 - [TEST_STEP][PASSED] - Statement - PreSaveFile = new java.io.File(((pathPrefix + java.lang.Integer.toString(counter)) + .png)): null

2018-10-20 18:04:18 - [TEST_STEP][PASSED] - Statement - counter = counter + 1: null

2018-10-20 18:04:18 - [TEST_STEP][PASSED] - Statement - PreSaveFile = new java.io.File(((pathPrefix + java.lang.Integer.toString(counter)) + .png)): null

2018-10-20 18:04:18 - [TEST_STEP][PASSED] - Statement - counter = counter + 1: null

2018-10-20 18:04:18 - [TEST_STEP][PASSED] - Statement - PreSaveFile = new java.io.File(((pathPrefix + java.lang.Integer.toString(counter)) + .png)): null

2018-10-20 18:04:18 - [TEST_STEP][PASSED] - Statement - counter = counter + 1: null

2018-10-20 18:04:18 - [TEST_STEP][PASSED] - Statement - PreSaveFile = new java.io.File(((pathPrefix + java.lang.Integer.toString(counter)) + .png)): null

2018-10-20 18:04:18 - [TEST_STEP][PASSED] - Statement - counter = counter + 1: null

2018-10-20 18:04:18 - [TEST_STEP][PASSED] - Statement - PreSaveFile = new java.io.File(((pathPrefix + java.lang.Integer.toString(counter)) + .png)): null

2018-10-20 18:04:18 - [TEST_STEP][PASSED] - Statement - counter = counter + 1: null

2018-10-20 18:04:18 - [TEST_STEP][PASSED] - Statement - PreSaveFile = new java.io.File(((pathPrefix + java.lang.Integer.toString(counter)) + .png)): null

2018-10-20 18:04:18 - [TEST_STEP][PASSED] - Statement - counter = counter + 1: null

2018-10-20 18:04:18 - [TEST_STEP][PASSED] - Statement - PreSaveFile = new java.io.File(((pathPrefix + java.lang.Integer.toString(counter)) + .png)): null

2018-10-20 18:04:18 - [TEST_STEP][PASSED] - Statement - counter = counter + 1: null

2018-10-20 18:04:18 - [TEST_STEP][PASSED] - Statement - PreSaveFile = new java.io.File(((pathPrefix + java.lang.Integer.toString(counter)) + .png)): null

2018-10-20 18:04:18 - [TEST_STEP][PASSED] - Statement - counter = counter + 1: null

2018-10-20 18:04:18 - [TEST_STEP][PASSED] - Statement - PreSaveFile = new java.io.File(((pathPrefix + java.lang.Integer.toString(counter)) + .png)): null

2018-10-20 18:04:18 - [TEST_STEP][PASSED] - Statement - counter = counter + 1: null

2018-10-20 18:04:18 - [TEST_STEP][PASSED] - Statement - PreSaveFile = new java.io.File(((pathPrefix + java.lang.Integer.toString(counter)) + .png)): null

2018-10-20 18:04:18 - [TEST_STEP][PASSED] - Statement - counter = counter + 1: null

2018-10-20 18:04:18 - [TEST_STEP][PASSED] - Statement - PreSaveFile = new java.io.File(((pathPrefix + java.lang.Integer.toString(counter)) + .png)): null

2018-10-20 18:04:18 - [TEST_STEP][PASSED] - Statement - counter = counter + 1: null

2018-10-20 18:04:18 - [TEST_STEP][PASSED] - Statement - PreSaveFile = new java.io.File(((pathPrefix + java.lang.Integer.toString(counter)) + .png)): null

2018-10-20 18:04:18 - [TEST_STEP][PASSED] - Statement - counter = counter + 1: null

2018-10-20 18:04:18 - [TEST_STEP][PASSED] - Statement - PreSaveFile = new java.io.File(((pathPrefix + java.lang.Integer.toString(counter)) + .png)): null

2018-10-20 18:04:18 - [TEST_STEP][PASSED] - Statement - counter = counter + 1: null

2018-10-20 18:04:18 - [TEST_STEP][PASSED] - Statement - PreSaveFile = new java.io.File(((pathPrefix + java.lang.Integer.toString(counter)) + .png)): null

2018-10-20 18:04:18 - [TEST_STEP][PASSED] - Statement - counter = counter + 1: null

2018-10-20 18:04:18 - [TEST_STEP][PASSED] - Statement - PreSaveFile = new java.io.File(((pathPrefix + java.lang.Integer.toString(counter)) + .png)): null

2018-10-20 18:04:18 - [TEST_STEP][PASSED] - Statement - counter = counter + 1: null

2018-10-20 18:04:18 - [TEST_STEP][PASSED] - Statement - PreSaveFile = new java.io.File(((pathPrefix + java.lang.Integer.toString(counter)) + .png)): null

2018-10-20 18:04:18 - [TEST_STEP][PASSED] - Statement - counter = counter + 1: null

2018-10-20 18:04:18 - [TEST_STEP][PASSED] - Statement - PreSaveFile = new java.io.File(((pathPrefix + java.lang.Integer.toString(counter)) + .png)): null

2018-10-20 18:04:18 - [TEST_STEP][PASSED] - Statement - counter = counter + 1: null

2018-10-20 18:04:18 - [TEST_STEP][PASSED] - Statement - PreSaveFile = new java.io.File(((pathPrefix + java.lang.Integer.toString(counter)) + .png)): null

2018-10-20 18:04:18 - [TEST_STEP][PASSED] - Statement - counter = counter + 1: null

2018-10-20 18:04:18 - [TEST_STEP][PASSED] - Statement - PreSaveFile = new java.io.File(((pathPrefix + java.lang.Integer.toString(counter)) + .png)): null

2018-10-20 18:04:18 - [TEST_STEP][PASSED] - Statement - counter = counter + 1: null

2018-10-20 18:04:18 - [TEST_STEP][PASSED] - Statement - PreSaveFile = new java.io.File(((pathPrefix + java.lang.Integer.toString(counter)) + .png)): null

2018-10-20 18:04:18 - [TEST_STEP][PASSED] - Statement - counter = counter + 1: null

2018-10-20 18:04:18 - [TEST_STEP][PASSED] - Statement - PreSaveFile = new java.io.File(((pathPrefix + java.lang.Integer.toString(counter)) + .png)): null

2018-10-20 18:04:18 - [TEST_STEP][PASSED] - Statement - counter = counter + 1: null

2018-10-20 18:04:18 - [TEST_STEP][PASSED] - Statement - PreSaveFile = new java.io.File(((pathPrefix + java.lang.Integer.toString(counter)) + .png)): null

2018-10-20 18:04:18 - [TEST_STEP][PASSED] - Statement - counter = counter + 1: null

2018-10-20 18:04:18 - [TEST_STEP][PASSED] - Statement - PreSaveFile = new java.io.File(((pathPrefix + java.lang.Integer.toString(counter)) + .png)): null

2018-10-20 18:04:18 - [TEST_STEP][PASSED] - Statement - counter = counter + 1: null

2018-10-20 18:04:18 - [TEST_STEP][PASSED] - Statement - PreSaveFile = new java.io.File(((pathPrefix + java.lang.Integer.toString(counter)) + .png)): null

2018-10-20 18:04:18 - [TEST_STEP][PASSED] - Statement - counter = counter + 1: null

2018-10-20 18:04:18 - [TEST_STEP][PASSED] - Statement - PreSaveFile = new java.io.File(((pathPrefix + java.lang.Integer.toString(counter)) + .png)): null

2018-10-20 18:04:18 - [TEST_STEP][PASSED] - Statement - counter = counter + 1: null

2018-10-20 18:04:18 - [TEST_STEP][PASSED] - Statement - PreSaveFile = new java.io.File(((pathPrefix + java.lang.Integer.toString(counter)) + .png)): null

2018-10-20 18:04:18 - [TEST_STEP][PASSED] - Statement - counter = counter + 1: null

2018-10-20 18:04:18 - [TEST_STEP][PASSED] - Statement - PreSaveFile = new java.io.File(((pathPrefix + java.lang.Integer.toString(counter)) + .png)): null

2018-10-20 18:04:18 - [TEST_STEP][PASSED] - Statement - counter = counter + 1: null

2018-10-20 18:04:18 - [TEST_STEP][PASSED] - Statement - PreSaveFile = new java.io.File(((pathPrefix + java.lang.Integer.toString(counter)) + .png)): null

2018-10-20 18:04:18 - [TEST_STEP][PASSED] - Statement - counter = counter + 1: null

2018-10-20 18:04:18 - [TEST_STEP][PASSED] - Statement - PreSaveFile = new java.io.File(((pathPrefix + java.lang.Integer.toString(counter)) + .png)): null

2018-10-20 18:04:18 - [TEST_STEP][PASSED] - Statement - counter = counter + 1: null

2018-10-20 18:04:18 - [TEST_STEP][PASSED] - Statement - PreSaveFile = new java.io.File(((pathPrefix + java.lang.Integer.toString(counter)) + .png)): null

2018-10-20 18:04:18 - [TEST_STEP][PASSED] - Statement - counter = counter + 1: null

2018-10-20 18:04:18 - [TEST_STEP][PASSED] - Statement - PreSaveFile = new java.io.File(((pathPrefix + java.lang.Integer.toString(counter)) + .png)): null

2018-10-20 18:04:18 - [TEST_STEP][PASSED] - Statement - counter = counter + 1: null

2018-10-20 18:04:18 - [TEST_STEP][PASSED] - Statement - PreSaveFile = new java.io.File(((pathPrefix + java.lang.Integer.toString(counter)) + .png)): null

2018-10-20 18:04:18 - [TEST_STEP][PASSED] - Statement - counter = counter + 1: null

2018-10-20 18:04:18 - [TEST_STEP][PASSED] - Statement - PreSaveFile = new java.io.File(((pathPrefix + java.lang.Integer.toString(counter)) + .png)): null

2018-10-20 18:04:18 - [TEST_STEP][PASSED] - Statement - counter = counter + 1: null

2018-10-20 18:04:18 - [TEST_STEP][PASSED] - Statement - PreSaveFile = new java.io.File(((pathPrefix + java.lang.Integer.toString(counter)) + .png)): null

2018-10-20 18:04:18 - [TEST_STEP][PASSED] - Statement - counter = counter + 1: null

2018-10-20 18:04:18 - [TEST_STEP][PASSED] - Statement - PreSaveFile = new java.io.File(((pathPrefix + java.lang.Integer.toString(counter)) + .png)): null

2018-10-20 18:04:18 - [TEST_STEP][PASSED] - Statement - counter = counter + 1: null

2018-10-20 18:04:18 - [TEST_STEP][PASSED] - Statement - PreSaveFile = new java.io.File(((pathPrefix + java.lang.Integer.toString(counter)) + .png)): null

2018-10-20 18:04:18 - [TEST_STEP][PASSED] - Statement - counter = counter + 1: null

2018-10-20 18:04:18 - [TEST_STEP][PASSED] - Statement - PreSaveFile = new java.io.File(((pathPrefix + java.lang.Integer.toString(counter)) + .png)): null

2018-10-20 18:04:18 - [TEST_STEP][PASSED] - Statement - counter = counter + 1: null

2018-10-20 18:04:18 - [TEST_STEP][PASSED] - Statement - PreSaveFile = new java.io.File(((pathPrefix + java.lang.Integer.toString(counter)) + .png)): null

2018-10-20 18:04:18 - [TEST_STEP][PASSED] - Statement - counter = counter + 1: null

2018-10-20 18:04:18 - [TEST_STEP][PASSED] - Statement - PreSaveFile = new java.io.File(((pathPrefix + java.lang.Integer.toString(counter)) + .png)): null

2018-10-20 18:04:18 - [TEST_STEP][PASSED] - Statement - finalPath = pathPrefix + java.lang.Integer.toString(counter) + ".png": null

2018-10-20 18:04:18 - [TEST_STEP][PASSED] - Statement - SaveFile = new java.io.File(finalPath): null

2018-10-20 18:04:18 - [TEST_STEP][PASSED] - Statement - Try: null

2018-10-20 18:04:18 - [TEST_STEP][PASSED] - Statement - org.apache.commons.io.FileUtils.copyFile(scrFile, SaveFile): null

2018-10-20 18:04:18 - [TEST_STEP][PASSED] - Statement - out.println("file kept"): null

2018-10-20 18:04:18 - [TEST_STEP][PASSED] - delay: Delayed 10 second(s)

2018-10-20 18:04:28 - [MESSAGE][PASSED] - Delayed 10 second(s)

2018-10-20 18:04:28 - [MESSAGE][PASSED] - Call Test Case 'Test Cases/Final Aug 2018 - PKS Automation/Common/Screenshoting tool' successfully

2018-10-20 18:04:28 - [TEST_STEP][PASSED] - callTestCase: Call Test Case 'Test Cases/Final Aug 2018 - PKS Automation/Registration Module/Log Out/log out avoiding katalon tagging' successfully

2018-10-20 18:04:28 - [TEST_CASE][PASSED] - Test Cases/Final Aug 2018 - PKS Automation/Registration Module/Log Out/log out avoiding katalon tagging: Test Cases/Final Aug 2018 - PKS Automation/Registration Module/Log Out/log out avoiding katalon tagging

2018-10-20 18:04:28 - [TEST_STEP][PASSED] - navigateToUrl: Navigate to 'https://assist2-uat.perkeso.gov.my/c/portal/logout' successfully

2018-10-20 18:04:29 - [MESSAGE][PASSED] - Navigate to 'https://assist2-uat.perkeso.gov.my/c/portal/logout' successfully

2018-10-20 18:04:29 - [MESSAGE][PASSED] - Call Test Case 'Test Cases/Final Aug 2018 - PKS Automation/Registration Module/Log Out/log out avoiding katalon tagging' successfully

2018-10-20 18:04:29 - [TEST_STEP][FAILED] - callTestCase: Unable to call Test Case with id 'Test Cases/Final Aug 2018 - PKS Automation/Common/Workflow Owner Finder' (Root cause: Call Test Case 'Test Cases/Final Aug 2018 - PKS Automation/Common/Workflow Owner Finder' failed)

2018-10-20 18:04:29 - [TEST_CASE][FAILED] - Test Cases/Final Aug 2018 - PKS Automation/Common/Workflow Owner Finder: Test Cases/Final Aug 2018 - PKS Automation/Common/Workflow Owner Finder FAILED because (of) (Stack trace: com.kms.katalon.core.exception.StepFailedException: Unable to click on object 'Object Repository/Final Object Repo/Landing Page/Select to English' (Root cause: com.kms.katalon.core.webui.exception.WebElementNotFoundException: Web element with id: 'Object Repository/Final Object Repo/Landing Page/Select to English' located by 'By.xpath: //a[@class = 'taglib-language-list-text' and @lang = 'en-US' and (contains(text(), 'EN') or contains(., 'EN'))]' not found)
	at com.kms.katalon.core.keyword.internal.KeywordMain.stepFailed(KeywordMain.groovy:32)
	at com.kms.katalon.core.webui.keyword.internal.WebUIKeywordMain.stepFailed(WebUIKeywordMain.groovy:65)
	at com.kms.katalon.core.webui.keyword.internal.WebUIKeywordMain.runKeyword(WebUIKeywordMain.groovy:27)
	at com.kms.katalon.core.webui.keyword.builtin.ClickKeyword.click(ClickKeyword.groovy:86)
	at com.kms.katalon.core.webui.keyword.builtin.ClickKeyword.execute(ClickKeyword.groovy:67)
	at com.kms.katalon.core.keyword.internal.KeywordExecutor.executeKeywordForPlatform(KeywordExecutor.groovy:53)
	at com.kms.katalon.core.webui.keyword.WebUiBuiltInKeywords.click(WebUiBuiltInKeywords.groovy:604)
	at com.kms.katalon.core.webui.keyword.WebUiBuiltInKeywords$click$6.call(Unknown Source)
	at Script1534407542420.run(Script1534407542420.groovy:57)
	at com.kms.katalon.core.main.ScriptEngine.run(ScriptEngine.java:183)
	at com.kms.katalon.core.main.ScriptEngine.runScriptAsRawText(ScriptEngine.java:108)
	at com.kms.katalon.core.main.TestCaseExecutor.runScript(TestCaseExecutor.java:294)
	at com.kms.katalon.core.main.TestCaseExecutor.doExecute(TestCaseExecutor.java:285)
	at com.kms.katalon.core.main.TestCaseExecutor.processExecutionPhase(TestCaseExecutor.java:264)
	at com.kms.katalon.core.main.TestCaseExecutor.accessMainPhase(TestCaseExecutor.java:256)
	at com.kms.katalon.core.main.TestCaseExecutor.execute(TestCaseExecutor.java:200)
	at com.kms.katalon.core.main.TestCaseMain.runTestCase(TestCaseMain.java:99)
	at com.kms.katalon.core.keyword.builtin.CallTestCaseKeyword$_callTestCase_closure1.doCall(CallTestCaseKeyword.groovy:60)
	at com.kms.katalon.core.keyword.builtin.CallTestCaseKeyword$_callTestCase_closure1.call(CallTestCaseKeyword.groovy)
	at com.kms.katalon.core.keyword.internal.KeywordMain.runKeyword(KeywordMain.groovy:54)
	at com.kms.katalon.core.keyword.builtin.CallTestCaseKeyword.callTestCase(CallTestCaseKeyword.groovy:81)
	at com.kms.katalon.core.keyword.builtin.CallTestCaseKeyword.execute(CallTestCaseKeyword.groovy:45)
	at com.kms.katalon.core.keyword.internal.KeywordExecutor.executeKeywordForPlatform(KeywordExecutor.groovy:53)
	at com.kms.katalon.core.keyword.BuiltinKeywords.callTestCase(BuiltinKeywords.groovy:334)
	at sun.reflect.GeneratedMethodAccessor13.invoke(Unknown Source)
	at sun.reflect.DelegatingMethodAccessorImpl.invoke(DelegatingMethodAccessorImpl.java:43)
	at java.lang.reflect.Method.invoke(Method.java:498)
	at org.codehaus.groovy.reflection.CachedMethod.invoke(CachedMethod.java:93)
	at groovy.lang.MetaMethod.doMethodInvoke(MetaMethod.java:325)
	at groovy.lang.MetaClassImpl.invokeStaticMethod(MetaClassImpl.java:1469)
	at org.codehaus.groovy.runtime.callsite.StaticMetaClassSite.call(StaticMetaClassSite.java:53)
	at org.codehaus.groovy.runtime.callsite.CallSiteArray.defaultCall(CallSiteArray.java:48)
	at org.codehaus.groovy.runtime.callsite.AbstractCallSite.call(AbstractCallSite.java:113)
	at org.codehaus.groovy.runtime.callsite.AbstractCallSite.call(AbstractCallSite.java:141)
	at Script1537330388665.run(Script1537330388665.groovy:113)
	at com.kms.katalon.core.main.ScriptEngine.run(ScriptEngine.java:183)
	at com.kms.katalon.core.main.ScriptEngine.runScriptAsRawText(ScriptEngine.java:108)
	at com.kms.katalon.core.main.TestCaseExecutor.runScript(TestCaseExecutor.java:294)
	at com.kms.katalon.core.main.TestCaseExecutor.doExecute(TestCaseExecutor.java:285)
	at com.kms.katalon.core.main.TestCaseExecutor.processExecutionPhase(TestCaseExecutor.java:264)
	at com.kms.katalon.core.main.TestCaseExecutor.accessMainPhase(TestCaseExecutor.java:256)
	at com.kms.katalon.core.main.TestCaseExecutor.execute(TestCaseExecutor.java:200)
	at com.kms.katalon.core.main.TestSuiteExecutor.accessTestCaseMainPhase(TestSuiteExecutor.java:129)
	at com.kms.katalon.core.main.TestSuiteExecutor.accessTestSuiteMainPhase(TestSuiteExecutor.java:112)
	at com.kms.katalon.core.main.TestSuiteExecutor.execute(TestSuiteExecutor.java:81)
	at com.kms.katalon.core.main.TestCaseMain.startTestSuite(TestCaseMain.java:142)
	at com.kms.katalon.core.main.TestCaseMain$startTestSuite$0.call(Unknown Source)
	at org.codehaus.groovy.runtime.callsite.CallSiteArray.defaultCall(CallSiteArray.java:48)
	at org.codehaus.groovy.runtime.callsite.AbstractCallSite.call(AbstractCallSite.java:113)
	at org.codehaus.groovy.runtime.callsite.AbstractCallSite.call(AbstractCallSite.java:141)
	at TempTestSuite1540012262067.run(TempTestSuite1540012262067.groovy:36)
	at groovy.lang.GroovyShell.runScriptOrMainOrTestOrRunnable(GroovyShell.java:263)
	at groovy.lang.GroovyShell.run(GroovyShell.java:518)
	at groovy.lang.GroovyShell.run(GroovyShell.java:507)
	at groovy.ui.GroovyMain.processOnce(GroovyMain.java:653)
	at groovy.ui.GroovyMain.run(GroovyMain.java:384)
	at groovy.ui.GroovyMain.process(GroovyMain.java:370)
	at groovy.ui.GroovyMain.processArgs(GroovyMain.java:129)
	at groovy.ui.GroovyMain.main(GroovyMain.java:109)
	at sun.reflect.NativeMethodAccessorImpl.invoke0(Native Method)
	at sun.reflect.NativeMethodAccessorImpl.invoke(NativeMethodAccessorImpl.java:62)
	at sun.reflect.DelegatingMethodAccessorImpl.invoke(DelegatingMethodAccessorImpl.java:43)
	at java.lang.reflect.Method.invoke(Method.java:498)
	at org.codehaus.groovy.tools.GroovyStarter.rootLoader(GroovyStarter.java:109)
	at org.codehaus.groovy.tools.GroovyStarter.main(GroovyStarter.java:131)
)

2018-10-20 18:04:29 - [TEST_STEP][PASSED] - openBrowser: Browser is opened with url: ''

2018-10-20 18:04:29 - [MESSAGE][WARNING] - A browser is already opened. Closing browser and opening a new one

2018-10-20 18:04:33 - [MESSAGE][PASSED] - Browser is opened with url: ''

2018-10-20 18:04:33 - [TEST_STEP][PASSED] - navigateToUrl: Navigate to 'https://assist2-uat.perkeso.gov.my/login' successfully

2018-10-20 18:04:35 - [MESSAGE][PASSED] - Navigate to 'https://assist2-uat.perkeso.gov.my/login' successfully

2018-10-20 18:04:35 - [TEST_STEP][PASSED] - delay: Delayed 5 second(s)

2018-10-20 18:04:40 - [MESSAGE][PASSED] - Delayed 5 second(s)

2018-10-20 18:04:40 - [TEST_STEP][PASSED] - setText: Text 'test@liferay.com' is set on object 'Object Repository/Final Object Repo/Login Page/Internal User/Email Address'

2018-10-20 18:04:41 - [MESSAGE][PASSED] - Text 'test@liferay.com' is set on object 'Object Repository/Final Object Repo/Login Page/Internal User/Email Address'

2018-10-20 18:04:41 - [TEST_STEP][PASSED] - click: Object: 'Object Repository/Final Object Repo/Login Page/Internal User/Next Button' is clicked on

2018-10-20 18:04:41 - [MESSAGE][PASSED] - Object: 'Object Repository/Final Object Repo/Login Page/Internal User/Next Button' is clicked on

2018-10-20 18:04:41 - [TEST_STEP][PASSED] - delay: Delayed 2 second(s)

2018-10-20 18:04:43 - [MESSAGE][PASSED] - Delayed 2 second(s)

2018-10-20 18:04:43 - [TEST_STEP][PASSED] - setText: Text 'test' is set on object 'Object Repository/Final Object Repo/Login Page/Internal User/Password'

2018-10-20 18:04:43 - [MESSAGE][PASSED] - Text 'test' is set on object 'Object Repository/Final Object Repo/Login Page/Internal User/Password'

2018-10-20 18:04:43 - [TEST_STEP][PASSED] - delay: Delayed 2 second(s)

2018-10-20 18:04:45 - [MESSAGE][PASSED] - Delayed 2 second(s)

2018-10-20 18:04:45 - [TEST_STEP][PASSED] - click: Object: 'Object Repository/Final Object Repo/Login Page/Internal User/Login Button' is clicked on

2018-10-20 18:04:45 - [MESSAGE][PASSED] - Object: 'Object Repository/Final Object Repo/Login Page/Internal User/Login Button' is clicked on

2018-10-20 18:04:45 - [TEST_STEP][FAILED] - Statement - Try: Delayed 2 second(s)

2018-10-20 18:04:45 - [TEST_STEP][PASSED] - Statement - Checker = false: null

2018-10-20 18:04:45 - [TEST_STEP][PASSED] - Statement - Checker = com.kms.katalon.core.webui.keyword.WebUiBuiltInKeywords.verifyElementHasAttribute(com.kms.katalon.core.testobject.ObjectRepository.findTestObject(Final Object Repo/Landing Page/BM Detecting), "href", 20, OPTIONAL): Unable to verify if object 'Object Repository/Final Object Repo/Landing Page/BM Detecting' has attribute 'href' (Root cause: org.openqa.selenium.StaleElementReferenceException: stale element reference: element is not attached to the page document
  (Session info: chrome=69.0.3497.100)
  (Driver info: chromedriver=2.35.528161 (5b82f2d2aae0ca24b877009200ced9065a772e73),platform=Windows NT 6.1.7601 SP1 x86_64) (WARNING: The server did not provide any stacktrace information)
Command duration or timeout: 0 milliseconds
For documentation on this error, please visit: http://seleniumhq.org/exceptions/stale_element_reference.html
Build info: version: '3.7.1', revision: '8a0099a', time: '2017-11-06T21:07:36.161Z'
System info: host: 'WEIZHENG', ip: '192.168.137.1', os.name: 'Windows 7', os.arch: 'amd64', os.version: '6.1', java.version: '1.8.0_181'
Driver info: com.kms.katalon.selenium.driver.CChromeDriver
Capabilities {acceptInsecureCerts: false, acceptSslCerts: false, applicationCacheEnabled: false, browserConnectionEnabled: false, browserName: chrome, chrome: {chromedriverVersion: 2.35.528161 (5b82f2d2aae0ca..., userDataDir: C:\Users\WEIZHE~1\AppData\L...}, cssSelectorsEnabled: true, databaseEnabled: false, handlesAlerts: true, hasTouchScreen: false, javascriptEnabled: true, locationContextEnabled: true, mobileEmulationEnabled: false, nativeEvents: true, networkConnectionEnabled: false, pageLoadStrategy: normal, platform: XP, platformName: XP, rotatable: false, setWindowRect: true, takesHeapSnapshot: true, takesScreenshot: true, unexpectedAlertBehaviour: , unhandledPromptBehavior: , version: 69.0.3497.100, webStorageEnabled: true}
Session ID: 8d7febbf03eda602c6e22a4009106369)

2018-10-20 18:04:48 - [MESSAGE][WARNING] - Unable to verify if object 'Object Repository/Final Object Repo/Landing Page/BM Detecting' has attribute 'href' (Root cause: org.openqa.selenium.StaleElementReferenceException: stale element reference: element is not attached to the page document
  (Session info: chrome=69.0.3497.100)
  (Driver info: chromedriver=2.35.528161 (5b82f2d2aae0ca24b877009200ced9065a772e73),platform=Windows NT 6.1.7601 SP1 x86_64) (WARNING: The server did not provide any stacktrace information)
Command duration or timeout: 0 milliseconds
For documentation on this error, please visit: http://seleniumhq.org/exceptions/stale_element_reference.html
Build info: version: '3.7.1', revision: '8a0099a', time: '2017-11-06T21:07:36.161Z'
System info: host: 'WEIZHENG', ip: '192.168.137.1', os.name: 'Windows 7', os.arch: 'amd64', os.version: '6.1', java.version: '1.8.0_181'
Driver info: com.kms.katalon.selenium.driver.CChromeDriver
Capabilities {acceptInsecureCerts: false, acceptSslCerts: false, applicationCacheEnabled: false, browserConnectionEnabled: false, browserName: chrome, chrome: {chromedriverVersion: 2.35.528161 (5b82f2d2aae0ca..., userDataDir: C:\Users\WEIZHE~1\AppData\L...}, cssSelectorsEnabled: true, databaseEnabled: false, handlesAlerts: true, hasTouchScreen: false, javascriptEnabled: true, locationContextEnabled: true, mobileEmulationEnabled: false, nativeEvents: true, networkConnectionEnabled: false, pageLoadStrategy: normal, platform: XP, platformName: XP, rotatable: false, setWindowRect: true, takesHeapSnapshot: true, takesScreenshot: true, unexpectedAlertBehaviour: , unhandledPromptBehavior: , version: 69.0.3497.100, webStorageEnabled: true}
Session ID: 8d7febbf03eda602c6e22a4009106369)
[[ATTACHMENT|C:\\Users\\LENOVO\\Katalon Studio\\Perkeso Phase A\\Reports\\Workflow\\Update Add New Employee\\20181020_131102\\1540029888276.png]]

2018-10-20 18:04:48 - [TEST_STEP][PASSED] - Statement - out.println(Checker): null

2018-10-20 18:04:48 - [TEST_STEP][FAILED] - Statement - If (Checker == false): Unable to click on object 'Object Repository/Final Object Repo/Landing Page/Select to English' (Root cause: com.kms.katalon.core.webui.exception.WebElementNotFoundException: Web element with id: 'Object Repository/Final Object Repo/Landing Page/Select to English' located by 'By.xpath: //a[@class = 'taglib-language-list-text' and @lang = 'en-US' and (contains(text(), 'EN') or contains(., 'EN'))]' not found)

2018-10-20 18:04:48 - [TEST_STEP][FAILED] - click: Unable to click on object 'Object Repository/Final Object Repo/Landing Page/Select to English' (Root cause: com.kms.katalon.core.webui.exception.WebElementNotFoundException: Web element with id: 'Object Repository/Final Object Repo/Landing Page/Select to English' located by 'By.xpath: //a[@class = 'taglib-language-list-text' and @lang = 'en-US' and (contains(text(), 'EN') or contains(., 'EN'))]' not found)

2018-10-20 18:05:28 - [MESSAGE][FAILED] - Unable to click on object 'Object Repository/Final Object Repo/Landing Page/Select to English' (Root cause: com.kms.katalon.core.webui.exception.WebElementNotFoundException: Web element with id: 'Object Repository/Final Object Repo/Landing Page/Select to English' located by 'By.xpath: //a[@class = 'taglib-language-list-text' and @lang = 'en-US' and (contains(text(), 'EN') or contains(., 'EN'))]' not found)
[[ATTACHMENT|C:\\Users\\LENOVO\\Katalon Studio\\Perkeso Phase A\\Reports\\Workflow\\Update Add New Employee\\20181020_131102\\1540029928586.png]]

2018-10-20 18:05:28 - [TEST_STEP][PASSED] - delay: Delayed 2 second(s)

2018-10-20 18:05:30 - [MESSAGE][PASSED] - Delayed 2 second(s)

2018-10-20 18:05:30 - [TEST_STEP][PASSED] - delay: Delayed 3 second(s)

2018-10-20 18:05:33 - [MESSAGE][PASSED] - Delayed 3 second(s)

2018-10-20 18:05:33 - [TEST_STEP][PASSED] - mouseOver: Object: 'Object Repository/Final Object Repo/Landing Page/WorkFlow Menu' is hovered

2018-10-20 18:05:33 - [MESSAGE][PASSED] - Object: 'Object Repository/Final Object Repo/Landing Page/WorkFlow Menu' is hovered

2018-10-20 18:05:33 - [TEST_STEP][PASSED] - delay: Delayed 2 second(s)

2018-10-20 18:05:35 - [MESSAGE][PASSED] - Delayed 2 second(s)

2018-10-20 18:05:35 - [TEST_STEP][PASSED] - click: Object: 'Object Repository/Final Object Repo/Landing Page/Select to Workflow Listing' is clicked on

2018-10-20 18:05:37 - [MESSAGE][PASSED] - Object: 'Object Repository/Final Object Repo/Landing Page/Select to Workflow Listing' is clicked on

2018-10-20 18:05:37 - [TEST_STEP][PASSED] - delay: Delayed 2 second(s)

2018-10-20 18:05:39 - [MESSAGE][PASSED] - Delayed 2 second(s)

2018-10-20 18:05:39 - [TEST_STEP][PASSED] - click: Object: 'Object Repository/Final Object Repo/WorkFlow Listing Page/Search Information - To Put Ref No' is clicked on

2018-10-20 18:05:39 - [MESSAGE][PASSED] - Object: 'Object Repository/Final Object Repo/WorkFlow Listing Page/Search Information - To Put Ref No' is clicked on

2018-10-20 18:05:39 - [TEST_STEP][PASSED] - delay: Delayed 2 second(s)

2018-10-20 18:05:41 - [MESSAGE][PASSED] - Delayed 2 second(s)

2018-10-20 18:05:41 - [TEST_STEP][PASSED] - callTestCase: Call Test Case 'Test Cases/Final Aug 2018 - PKS Automation/Common/Reference Number Getter' successfully

2018-10-20 18:05:41 - [TEST_CASE][PASSED] - Test Cases/Final Aug 2018 - PKS Automation/Common/Reference Number Getter: Test Cases/Final Aug 2018 - PKS Automation/Common/Reference Number Getter

2018-10-20 18:05:41 - [TEST_STEP][PASSED] - Statement - Try: null

2018-10-20 18:05:41 - [TEST_STEP][PASSED] - Statement - RefNo = new java.io.File(C://KatalonReference.txt): null

2018-10-20 18:05:41 - [TEST_STEP][PASSED] - Statement - bufferread = new java.io.BufferedReader(new java.io.FileReader(RefNo)): null

2018-10-20 18:05:41 - [TEST_STEP][PASSED] - Statement - readedVal = bufferread.readLine(): null

2018-10-20 18:05:41 - [TEST_STEP][PASSED] - Statement - out.println(CaseReferenceNo): null

2018-10-20 18:05:41 - [TEST_STEP][PASSED] - Statement - out.println(readedVal): null

2018-10-20 18:05:41 - [TEST_STEP][PASSED] - Statement - CaseReferenceNo = readedVal: null

2018-10-20 18:05:41 - [MESSAGE][PASSED] - Call Test Case 'Test Cases/Final Aug 2018 - PKS Automation/Common/Reference Number Getter' successfully

2018-10-20 18:05:41 - [TEST_STEP][PASSED] - setText: Text 'CAN10201800002062' is set on object 'Object Repository/Final Object Repo/WorkFlow Listing Page/Ref No Set Text'

2018-10-20 18:05:41 - [MESSAGE][PASSED] - Text 'CAN10201800002062' is set on object 'Object Repository/Final Object Repo/WorkFlow Listing Page/Ref No Set Text'

2018-10-20 18:05:41 - [TEST_STEP][PASSED] - delay: Delayed 2 second(s)

2018-10-20 18:05:43 - [MESSAGE][PASSED] - Delayed 2 second(s)

2018-10-20 18:05:43 - [TEST_STEP][PASSED] - click: Object: 'Object Repository/Final Object Repo/WorkFlow Listing Page/Search Ref No Search Button' is clicked on

2018-10-20 18:05:43 - [MESSAGE][PASSED] - Object: 'Object Repository/Final Object Repo/WorkFlow Listing Page/Search Ref No Search Button' is clicked on

2018-10-20 18:05:43 - [TEST_STEP][PASSED] - delay: Delayed 4 second(s)

2018-10-20 18:05:47 - [MESSAGE][PASSED] - Delayed 4 second(s)

2018-10-20 18:05:47 - [TEST_STEP][PASSED] - click: Object: 'Object Repository/Final Object Repo/WorkFlow Listing Page/Click Continue Tooltip' is clicked on

2018-10-20 18:05:48 - [MESSAGE][PASSED] - Object: 'Object Repository/Final Object Repo/WorkFlow Listing Page/Click Continue Tooltip' is clicked on

2018-10-20 18:05:48 - [TEST_STEP][PASSED] - delay: Delayed 5 second(s)

2018-10-20 18:05:53 - [MESSAGE][PASSED] - Delayed 5 second(s)

2018-10-20 18:05:53 - [TEST_STEP][PASSED] - doubleClick: Object: 'Object Repository/Final Object Repo/WorkFlow Listing Page/Workflow Found - Listing 1' is double clicked on

2018-10-20 18:05:54 - [MESSAGE][PASSED] - Object: 'Object Repository/Final Object Repo/WorkFlow Listing Page/Workflow Found - Listing 1' is double clicked on

2018-10-20 18:05:54 - [TEST_STEP][PASSED] - Statement - println(OwnerID): null

2018-10-20 18:05:54 - [TEST_STEP][PASSED] - Statement - OwnerID = com.kms.katalon.core.webui.keyword.WebUiBuiltInKeywords.getText(com.kms.katalon.core.testobject.ObjectRepository.findTestObject(Final Object Repo/WorkFlow Listing Page/Workflow Found - Listing 1), STOP_ON_FAILURE): Text of object 'Object Repository/Final Object Repo/WorkFlow Listing Page/Workflow Found - Listing 1' is: 'JOHORro3'

2018-10-20 18:05:54 - [MESSAGE][PASSED] - Text of object 'Object Repository/Final Object Repo/WorkFlow Listing Page/Workflow Found - Listing 1' is: 'JOHORro3'

2018-10-20 18:05:54 - [TEST_STEP][PASSED] - Statement - OwnerID = OwnerID.toLowerCase() + "@gmail.com": null

2018-10-20 18:05:54 - [TEST_STEP][PASSED] - Statement - println(OwnerID): null

2018-10-20 18:05:54 - [TEST_STEP][PASSED] - delay: Delayed 2 second(s)

2018-10-20 18:05:56 - [MESSAGE][PASSED] - Delayed 2 second(s)

2018-10-20 18:05:56 - [MESSAGE][FAILED] - Unable to call Test Case with id 'Test Cases/Final Aug 2018 - PKS Automation/Common/Workflow Owner Finder' (Root cause: Call Test Case 'Test Cases/Final Aug 2018 - PKS Automation/Common/Workflow Owner Finder' failed)]]></system-out>
         <system-err><![CDATA[2018-10-20 17:54:24 - [TEST_CASE][FAILED] - Test Cases/Final Aug 2018 - PKS Automation/Registration Module/Workflow/Update Add New Employee/Special Case (Employer - RO Query - OTC Upload Pending Case - RO Approve): Test Cases/Final Aug 2018 - PKS Automation/Registration Module/Workflow/Update Add New Employee/Special Case (Employer - RO Query - OTC Upload Pending Case - RO Approve) FAILED because (of) (Stack trace: com.kms.katalon.core.exception.StepFailedException: Unable to click on object 'Object Repository/Final Object Repo/Landing Page/Select to English' (Root cause: com.kms.katalon.core.webui.exception.WebElementNotFoundException: Web element with id: 'Object Repository/Final Object Repo/Landing Page/Select to English' located by 'By.xpath: //a[@class = 'taglib-language-list-text' and @lang = 'en-US' and (contains(text(), 'EN') or contains(., 'EN'))]' not found)
	at com.kms.katalon.core.keyword.internal.KeywordMain.stepFailed(KeywordMain.groovy:32)
	at com.kms.katalon.core.webui.keyword.internal.WebUIKeywordMain.stepFailed(WebUIKeywordMain.groovy:65)
	at com.kms.katalon.core.webui.keyword.internal.WebUIKeywordMain.runKeyword(WebUIKeywordMain.groovy:27)
	at com.kms.katalon.core.webui.keyword.builtin.ClickKeyword.click(ClickKeyword.groovy:86)
	at com.kms.katalon.core.webui.keyword.builtin.ClickKeyword.execute(ClickKeyword.groovy:67)
	at com.kms.katalon.core.keyword.internal.KeywordExecutor.executeKeywordForPlatform(KeywordExecutor.groovy:53)
	at com.kms.katalon.core.webui.keyword.WebUiBuiltInKeywords.click(WebUiBuiltInKeywords.groovy:604)
	at com.kms.katalon.core.webui.keyword.WebUiBuiltInKeywords$click$6.call(Unknown Source)
	at Script1534407542420.run(Script1534407542420.groovy:57)
	at com.kms.katalon.core.main.ScriptEngine.run(ScriptEngine.java:183)
	at com.kms.katalon.core.main.ScriptEngine.runScriptAsRawText(ScriptEngine.java:108)
	at com.kms.katalon.core.main.TestCaseExecutor.runScript(TestCaseExecutor.java:294)
	at com.kms.katalon.core.main.TestCaseExecutor.doExecute(TestCaseExecutor.java:285)
	at com.kms.katalon.core.main.TestCaseExecutor.processExecutionPhase(TestCaseExecutor.java:264)
	at com.kms.katalon.core.main.TestCaseExecutor.accessMainPhase(TestCaseExecutor.java:256)
	at com.kms.katalon.core.main.TestCaseExecutor.execute(TestCaseExecutor.java:200)
	at com.kms.katalon.core.main.TestCaseMain.runTestCase(TestCaseMain.java:99)
	at com.kms.katalon.core.keyword.builtin.CallTestCaseKeyword$_callTestCase_closure1.doCall(CallTestCaseKeyword.groovy:60)
	at com.kms.katalon.core.keyword.builtin.CallTestCaseKeyword$_callTestCase_closure1.call(CallTestCaseKeyword.groovy)
	at com.kms.katalon.core.keyword.internal.KeywordMain.runKeyword(KeywordMain.groovy:54)
	at com.kms.katalon.core.keyword.builtin.CallTestCaseKeyword.callTestCase(CallTestCaseKeyword.groovy:81)
	at com.kms.katalon.core.keyword.builtin.CallTestCaseKeyword.execute(CallTestCaseKeyword.groovy:45)
	at com.kms.katalon.core.keyword.internal.KeywordExecutor.executeKeywordForPlatform(KeywordExecutor.groovy:53)
	at com.kms.katalon.core.keyword.BuiltinKeywords.callTestCase(BuiltinKeywords.groovy:334)
	at sun.reflect.GeneratedMethodAccessor13.invoke(Unknown Source)
	at sun.reflect.DelegatingMethodAccessorImpl.invoke(DelegatingMethodAccessorImpl.java:43)
	at java.lang.reflect.Method.invoke(Method.java:498)
	at org.codehaus.groovy.reflection.CachedMethod.invoke(CachedMethod.java:93)
	at groovy.lang.MetaMethod.doMethodInvoke(MetaMethod.java:325)
	at groovy.lang.MetaClassImpl.invokeStaticMethod(MetaClassImpl.java:1469)
	at org.codehaus.groovy.runtime.callsite.StaticMetaClassSite.call(StaticMetaClassSite.java:53)
	at org.codehaus.groovy.runtime.callsite.CallSiteArray.defaultCall(CallSiteArray.java:48)
	at org.codehaus.groovy.runtime.callsite.AbstractCallSite.call(AbstractCallSite.java:113)
	at org.codehaus.groovy.runtime.callsite.AbstractCallSite.call(AbstractCallSite.java:141)
	at Script1537330388665.run(Script1537330388665.groovy:113)
	at com.kms.katalon.core.main.ScriptEngine.run(ScriptEngine.java:183)
	at com.kms.katalon.core.main.ScriptEngine.runScriptAsRawText(ScriptEngine.java:108)
	at com.kms.katalon.core.main.TestCaseExecutor.runScript(TestCaseExecutor.java:294)
	at com.kms.katalon.core.main.TestCaseExecutor.doExecute(TestCaseExecutor.java:285)
	at com.kms.katalon.core.main.TestCaseExecutor.processExecutionPhase(TestCaseExecutor.java:264)
	at com.kms.katalon.core.main.TestCaseExecutor.accessMainPhase(TestCaseExecutor.java:256)
	at com.kms.katalon.core.main.TestCaseExecutor.execute(TestCaseExecutor.java:200)
	at com.kms.katalon.core.main.TestSuiteExecutor.accessTestCaseMainPhase(TestSuiteExecutor.java:129)
	at com.kms.katalon.core.main.TestSuiteExecutor.accessTestSuiteMainPhase(TestSuiteExecutor.java:112)
	at com.kms.katalon.core.main.TestSuiteExecutor.execute(TestSuiteExecutor.java:81)
	at com.kms.katalon.core.main.TestCaseMain.startTestSuite(TestCaseMain.java:142)
	at com.kms.katalon.core.main.TestCaseMain$startTestSuite$0.call(Unknown Source)
	at org.codehaus.groovy.runtime.callsite.CallSiteArray.defaultCall(CallSiteArray.java:48)
	at org.codehaus.groovy.runtime.callsite.AbstractCallSite.call(AbstractCallSite.java:113)
	at org.codehaus.groovy.runtime.callsite.AbstractCallSite.call(AbstractCallSite.java:141)
	at TempTestSuite1540012262067.run(TempTestSuite1540012262067.groovy:36)
	at groovy.lang.GroovyShell.runScriptOrMainOrTestOrRunnable(GroovyShell.java:263)
	at groovy.lang.GroovyShell.run(GroovyShell.java:518)
	at groovy.lang.GroovyShell.run(GroovyShell.java:507)
	at groovy.ui.GroovyMain.processOnce(GroovyMain.java:653)
	at groovy.ui.GroovyMain.run(GroovyMain.java:384)
	at groovy.ui.GroovyMain.process(GroovyMain.java:370)
	at groovy.ui.GroovyMain.processArgs(GroovyMain.java:129)
	at groovy.ui.GroovyMain.main(GroovyMain.java:109)
	at sun.reflect.NativeMethodAccessorImpl.invoke0(Native Method)
	at sun.reflect.NativeMethodAccessorImpl.invoke(NativeMethodAccessorImpl.java:62)
	at sun.reflect.DelegatingMethodAccessorImpl.invoke(DelegatingMethodAccessorImpl.java:43)
	at java.lang.reflect.Method.invoke(Method.java:498)
	at org.codehaus.groovy.tools.GroovyStarter.rootLoader(GroovyStarter.java:109)
	at org.codehaus.groovy.tools.GroovyStarter.main(GroovyStarter.java:131)
)]]></system-err>
      </testcase>
      <testcase name="Test Cases/Final Aug 2018 - PKS Automation/Registration Module/Workflow/Update Add New Employee/Special Case (Employer - RO Under Enforcement)" classname="Test Cases/Final Aug 2018 - PKS Automation/Registration Module/Workflow/Update Add New Employee/Special Case (Employer - RO Under Enforcement)" status="FAILED">
         <failure type="FAILED" message="(Stack trace: com.kms.katalon.core.exception.StepFailedException: Unable to click on object 'Object Repository/Final Object Repo/Landing Page/Select to English' (Root cause: com.kms.katalon.core.webui.exception.WebElementNotFoundException: Web element with id: 'Object Repository/Final Object Repo/Landing Page/Select to English' located by 'By.xpath: //a[@class = 'taglib-language-list-text' and @lang = 'en-US' and (contains(text(), 'EN') or contains(., 'EN'))]' not found)
	at com.kms.katalon.core.keyword.internal.KeywordMain.stepFailed(KeywordMain.groovy:32)
	at com.kms.katalon.core.webui.keyword.internal.WebUIKeywordMain.stepFailed(WebUIKeywordMain.groovy:65)
	at com.kms.katalon.core.webui.keyword.internal.WebUIKeywordMain.runKeyword(WebUIKeywordMain.groovy:27)
	at com.kms.katalon.core.webui.keyword.builtin.ClickKeyword.click(ClickKeyword.groovy:86)
	at com.kms.katalon.core.webui.keyword.builtin.ClickKeyword.execute(ClickKeyword.groovy:67)
	at com.kms.katalon.core.keyword.internal.KeywordExecutor.executeKeywordForPlatform(KeywordExecutor.groovy:53)
	at com.kms.katalon.core.webui.keyword.WebUiBuiltInKeywords.click(WebUiBuiltInKeywords.groovy:604)
	at com.kms.katalon.core.webui.keyword.WebUiBuiltInKeywords$click$6.call(Unknown Source)
	at Script1534407542420.run(Script1534407542420.groovy:57)
	at com.kms.katalon.core.main.ScriptEngine.run(ScriptEngine.java:183)
	at com.kms.katalon.core.main.ScriptEngine.runScriptAsRawText(ScriptEngine.java:108)
	at com.kms.katalon.core.main.TestCaseExecutor.runScript(TestCaseExecutor.java:294)
	at com.kms.katalon.core.main.TestCaseExecutor.doExecute(TestCaseExecutor.java:285)
	at com.kms.katalon.core.main.TestCaseExecutor.processExecutionPhase(TestCaseExecutor.java:264)
	at com.kms.katalon.core.main.TestCaseExecutor.accessMainPhase(TestCaseExecutor.java:256)
	at com.kms.katalon.core.main.TestCaseExecutor.execute(TestCaseExecutor.java:200)
	at com.kms.katalon.core.main.TestCaseMain.runTestCase(TestCaseMain.java:99)
	at com.kms.katalon.core.keyword.builtin.CallTestCaseKeyword$_callTestCase_closure1.doCall(CallTestCaseKeyword.groovy:60)
	at com.kms.katalon.core.keyword.builtin.CallTestCaseKeyword$_callTestCase_closure1.call(CallTestCaseKeyword.groovy)
	at com.kms.katalon.core.keyword.internal.KeywordMain.runKeyword(KeywordMain.groovy:54)
	at com.kms.katalon.core.keyword.builtin.CallTestCaseKeyword.callTestCase(CallTestCaseKeyword.groovy:81)
	at com.kms.katalon.core.keyword.builtin.CallTestCaseKeyword.execute(CallTestCaseKeyword.groovy:45)
	at com.kms.katalon.core.keyword.internal.KeywordExecutor.executeKeywordForPlatform(KeywordExecutor.groovy:53)
	at com.kms.katalon.core.keyword.BuiltinKeywords.callTestCase(BuiltinKeywords.groovy:334)
	at sun.reflect.GeneratedMethodAccessor13.invoke(Unknown Source)
	at sun.reflect.DelegatingMethodAccessorImpl.invoke(DelegatingMethodAccessorImpl.java:43)
	at java.lang.reflect.Method.invoke(Method.java:498)
	at org.codehaus.groovy.reflection.CachedMethod.invoke(CachedMethod.java:93)
	at groovy.lang.MetaMethod.doMethodInvoke(MetaMethod.java:325)
	at groovy.lang.MetaClassImpl.invokeStaticMethod(MetaClassImpl.java:1469)
	at org.codehaus.groovy.runtime.callsite.StaticMetaClassSite.call(StaticMetaClassSite.java:53)
	at org.codehaus.groovy.runtime.callsite.CallSiteArray.defaultCall(CallSiteArray.java:48)
	at org.codehaus.groovy.runtime.callsite.AbstractCallSite.call(AbstractCallSite.java:113)
	at org.codehaus.groovy.runtime.callsite.AbstractCallSite.call(AbstractCallSite.java:141)
	at Script1537333843549.run(Script1537333843549.groovy:110)
	at com.kms.katalon.core.main.ScriptEngine.run(ScriptEngine.java:183)
	at com.kms.katalon.core.main.ScriptEngine.runScriptAsRawText(ScriptEngine.java:108)
	at com.kms.katalon.core.main.TestCaseExecutor.runScript(TestCaseExecutor.java:294)
	at com.kms.katalon.core.main.TestCaseExecutor.doExecute(TestCaseExecutor.java:285)
	at com.kms.katalon.core.main.TestCaseExecutor.processExecutionPhase(TestCaseExecutor.java:264)
	at com.kms.katalon.core.main.TestCaseExecutor.accessMainPhase(TestCaseExecutor.java:256)
	at com.kms.katalon.core.main.TestCaseExecutor.execute(TestCaseExecutor.java:200)
	at com.kms.katalon.core.main.TestSuiteExecutor.accessTestCaseMainPhase(TestSuiteExecutor.java:129)
	at com.kms.katalon.core.main.TestSuiteExecutor.accessTestSuiteMainPhase(TestSuiteExecutor.java:112)
	at com.kms.katalon.core.main.TestSuiteExecutor.execute(TestSuiteExecutor.java:81)
	at com.kms.katalon.core.main.TestCaseMain.startTestSuite(TestCaseMain.java:142)
	at com.kms.katalon.core.main.TestCaseMain$startTestSuite$0.call(Unknown Source)
	at org.codehaus.groovy.runtime.callsite.CallSiteArray.defaultCall(CallSiteArray.java:48)
	at org.codehaus.groovy.runtime.callsite.AbstractCallSite.call(AbstractCallSite.java:113)
	at org.codehaus.groovy.runtime.callsite.AbstractCallSite.call(AbstractCallSite.java:141)
	at TempTestSuite1540012262067.run(TempTestSuite1540012262067.groovy:36)
	at groovy.lang.GroovyShell.runScriptOrMainOrTestOrRunnable(GroovyShell.java:263)
	at groovy.lang.GroovyShell.run(GroovyShell.java:518)
	at groovy.lang.GroovyShell.run(GroovyShell.java:507)
	at groovy.ui.GroovyMain.processOnce(GroovyMain.java:653)
	at groovy.ui.GroovyMain.run(GroovyMain.java:384)
	at groovy.ui.GroovyMain.process(GroovyMain.java:370)
	at groovy.ui.GroovyMain.processArgs(GroovyMain.java:129)
	at groovy.ui.GroovyMain.main(GroovyMain.java:109)
	at sun.reflect.NativeMethodAccessorImpl.invoke0(Native Method)
	at sun.reflect.NativeMethodAccessorImpl.invoke(NativeMethodAccessorImpl.java:62)
	at sun.reflect.DelegatingMethodAccessorImpl.invoke(DelegatingMethodAccessorImpl.java:43)
	at java.lang.reflect.Method.invoke(Method.java:498)
	at org.codehaus.groovy.tools.GroovyStarter.rootLoader(GroovyStarter.java:109)
	at org.codehaus.groovy.tools.GroovyStarter.main(GroovyStarter.java:131)
)"/>
         <system-out><![CDATA[2018-10-20 18:05:56 - [TEST_CASE][FAILED] - Test Cases/Final Aug 2018 - PKS Automation/Registration Module/Workflow/Update Add New Employee/Special Case (Employer - RO Under Enforcement): Test Cases/Final Aug 2018 - PKS Automation/Registration Module/Workflow/Update Add New Employee/Special Case (Employer - RO Under Enforcement) FAILED because (of) (Stack trace: com.kms.katalon.core.exception.StepFailedException: Unable to click on object 'Object Repository/Final Object Repo/Landing Page/Select to English' (Root cause: com.kms.katalon.core.webui.exception.WebElementNotFoundException: Web element with id: 'Object Repository/Final Object Repo/Landing Page/Select to English' located by 'By.xpath: //a[@class = 'taglib-language-list-text' and @lang = 'en-US' and (contains(text(), 'EN') or contains(., 'EN'))]' not found)
	at com.kms.katalon.core.keyword.internal.KeywordMain.stepFailed(KeywordMain.groovy:32)
	at com.kms.katalon.core.webui.keyword.internal.WebUIKeywordMain.stepFailed(WebUIKeywordMain.groovy:65)
	at com.kms.katalon.core.webui.keyword.internal.WebUIKeywordMain.runKeyword(WebUIKeywordMain.groovy:27)
	at com.kms.katalon.core.webui.keyword.builtin.ClickKeyword.click(ClickKeyword.groovy:86)
	at com.kms.katalon.core.webui.keyword.builtin.ClickKeyword.execute(ClickKeyword.groovy:67)
	at com.kms.katalon.core.keyword.internal.KeywordExecutor.executeKeywordForPlatform(KeywordExecutor.groovy:53)
	at com.kms.katalon.core.webui.keyword.WebUiBuiltInKeywords.click(WebUiBuiltInKeywords.groovy:604)
	at com.kms.katalon.core.webui.keyword.WebUiBuiltInKeywords$click$6.call(Unknown Source)
	at Script1534407542420.run(Script1534407542420.groovy:57)
	at com.kms.katalon.core.main.ScriptEngine.run(ScriptEngine.java:183)
	at com.kms.katalon.core.main.ScriptEngine.runScriptAsRawText(ScriptEngine.java:108)
	at com.kms.katalon.core.main.TestCaseExecutor.runScript(TestCaseExecutor.java:294)
	at com.kms.katalon.core.main.TestCaseExecutor.doExecute(TestCaseExecutor.java:285)
	at com.kms.katalon.core.main.TestCaseExecutor.processExecutionPhase(TestCaseExecutor.java:264)
	at com.kms.katalon.core.main.TestCaseExecutor.accessMainPhase(TestCaseExecutor.java:256)
	at com.kms.katalon.core.main.TestCaseExecutor.execute(TestCaseExecutor.java:200)
	at com.kms.katalon.core.main.TestCaseMain.runTestCase(TestCaseMain.java:99)
	at com.kms.katalon.core.keyword.builtin.CallTestCaseKeyword$_callTestCase_closure1.doCall(CallTestCaseKeyword.groovy:60)
	at com.kms.katalon.core.keyword.builtin.CallTestCaseKeyword$_callTestCase_closure1.call(CallTestCaseKeyword.groovy)
	at com.kms.katalon.core.keyword.internal.KeywordMain.runKeyword(KeywordMain.groovy:54)
	at com.kms.katalon.core.keyword.builtin.CallTestCaseKeyword.callTestCase(CallTestCaseKeyword.groovy:81)
	at com.kms.katalon.core.keyword.builtin.CallTestCaseKeyword.execute(CallTestCaseKeyword.groovy:45)
	at com.kms.katalon.core.keyword.internal.KeywordExecutor.executeKeywordForPlatform(KeywordExecutor.groovy:53)
	at com.kms.katalon.core.keyword.BuiltinKeywords.callTestCase(BuiltinKeywords.groovy:334)
	at sun.reflect.GeneratedMethodAccessor13.invoke(Unknown Source)
	at sun.reflect.DelegatingMethodAccessorImpl.invoke(DelegatingMethodAccessorImpl.java:43)
	at java.lang.reflect.Method.invoke(Method.java:498)
	at org.codehaus.groovy.reflection.CachedMethod.invoke(CachedMethod.java:93)
	at groovy.lang.MetaMethod.doMethodInvoke(MetaMethod.java:325)
	at groovy.lang.MetaClassImpl.invokeStaticMethod(MetaClassImpl.java:1469)
	at org.codehaus.groovy.runtime.callsite.StaticMetaClassSite.call(StaticMetaClassSite.java:53)
	at org.codehaus.groovy.runtime.callsite.CallSiteArray.defaultCall(CallSiteArray.java:48)
	at org.codehaus.groovy.runtime.callsite.AbstractCallSite.call(AbstractCallSite.java:113)
	at org.codehaus.groovy.runtime.callsite.AbstractCallSite.call(AbstractCallSite.java:141)
	at Script1537333843549.run(Script1537333843549.groovy:110)
	at com.kms.katalon.core.main.ScriptEngine.run(ScriptEngine.java:183)
	at com.kms.katalon.core.main.ScriptEngine.runScriptAsRawText(ScriptEngine.java:108)
	at com.kms.katalon.core.main.TestCaseExecutor.runScript(TestCaseExecutor.java:294)
	at com.kms.katalon.core.main.TestCaseExecutor.doExecute(TestCaseExecutor.java:285)
	at com.kms.katalon.core.main.TestCaseExecutor.processExecutionPhase(TestCaseExecutor.java:264)
	at com.kms.katalon.core.main.TestCaseExecutor.accessMainPhase(TestCaseExecutor.java:256)
	at com.kms.katalon.core.main.TestCaseExecutor.execute(TestCaseExecutor.java:200)
	at com.kms.katalon.core.main.TestSuiteExecutor.accessTestCaseMainPhase(TestSuiteExecutor.java:129)
	at com.kms.katalon.core.main.TestSuiteExecutor.accessTestSuiteMainPhase(TestSuiteExecutor.java:112)
	at com.kms.katalon.core.main.TestSuiteExecutor.execute(TestSuiteExecutor.java:81)
	at com.kms.katalon.core.main.TestCaseMain.startTestSuite(TestCaseMain.java:142)
	at com.kms.katalon.core.main.TestCaseMain$startTestSuite$0.call(Unknown Source)
	at org.codehaus.groovy.runtime.callsite.CallSiteArray.defaultCall(CallSiteArray.java:48)
	at org.codehaus.groovy.runtime.callsite.AbstractCallSite.call(AbstractCallSite.java:113)
	at org.codehaus.groovy.runtime.callsite.AbstractCallSite.call(AbstractCallSite.java:141)
	at TempTestSuite1540012262067.run(TempTestSuite1540012262067.groovy:36)
	at groovy.lang.GroovyShell.runScriptOrMainOrTestOrRunnable(GroovyShell.java:263)
	at groovy.lang.GroovyShell.run(GroovyShell.java:518)
	at groovy.lang.GroovyShell.run(GroovyShell.java:507)
	at groovy.ui.GroovyMain.processOnce(GroovyMain.java:653)
	at groovy.ui.GroovyMain.run(GroovyMain.java:384)
	at groovy.ui.GroovyMain.process(GroovyMain.java:370)
	at groovy.ui.GroovyMain.processArgs(GroovyMain.java:129)
	at groovy.ui.GroovyMain.main(GroovyMain.java:109)
	at sun.reflect.NativeMethodAccessorImpl.invoke0(Native Method)
	at sun.reflect.NativeMethodAccessorImpl.invoke(NativeMethodAccessorImpl.java:62)
	at sun.reflect.DelegatingMethodAccessorImpl.invoke(DelegatingMethodAccessorImpl.java:43)
	at java.lang.reflect.Method.invoke(Method.java:498)
	at org.codehaus.groovy.tools.GroovyStarter.rootLoader(GroovyStarter.java:109)
	at org.codehaus.groovy.tools.GroovyStarter.main(GroovyStarter.java:131)
)

2018-10-20 18:05:56 - [TEST_STEP][PASSED] - callTestCase: Call Test Case 'Test Cases/Final Aug 2018 - PKS Automation/Registration Module/Workflow/Update Add New Employee/Template/New Company for Update Add New - Employer' successfully

2018-10-20 18:05:56 - [TEST_CASE][PASSED] - Test Cases/Final Aug 2018 - PKS Automation/Registration Module/Workflow/Update Add New Employee/Template/New Company for Update Add New - Employer: Test Cases/Final Aug 2018 - PKS Automation/Registration Module/Workflow/Update Add New Employee/Template/New Company for Update Add New - Employer

2018-10-20 18:05:56 - [TEST_STEP][PASSED] - callTestCase: Call Test Case 'Test Cases/Final Aug 2018 - PKS Automation/Create Employer Acc/Create Employer Account' successfully

2018-10-20 18:05:56 - [TEST_CASE][PASSED] - Test Cases/Final Aug 2018 - PKS Automation/Create Employer Acc/Create Employer Account: Test Cases/Final Aug 2018 - PKS Automation/Create Employer Acc/Create Employer Account

2018-10-20 18:05:56 - [TEST_STEP][PASSED] - callTestCase: Call Test Case 'Test Cases/Final Aug 2018 - PKS Automation/Create Employer Acc/Template/Register Employer' successfully

2018-10-20 18:05:56 - [TEST_CASE][PASSED] - Test Cases/Final Aug 2018 - PKS Automation/Create Employer Acc/Template/Register Employer: Test Cases/Final Aug 2018 - PKS Automation/Create Employer Acc/Template/Register Employer

2018-10-20 18:05:56 - [TEST_STEP][PASSED] - openBrowser: Browser is opened with url: ''

2018-10-20 18:05:56 - [MESSAGE][WARNING] - A browser is already opened. Closing browser and opening a new one

2018-10-20 18:06:00 - [MESSAGE][PASSED] - Browser is opened with url: ''

2018-10-20 18:06:00 - [TEST_STEP][PASSED] - navigateToUrl: Navigate to 'https://assist2-uat.perkeso.gov.my/login' successfully

2018-10-20 18:06:03 - [MESSAGE][PASSED] - Navigate to 'https://assist2-uat.perkeso.gov.my/login' successfully

2018-10-20 18:06:03 - [TEST_STEP][PASSED] - setText: Text 'johorotc1@gmail.com' is set on object 'Object Repository/Final Object Repo/Login Page/Internal User/Email Address'

2018-10-20 18:06:03 - [MESSAGE][PASSED] - Text 'johorotc1@gmail.com' is set on object 'Object Repository/Final Object Repo/Login Page/Internal User/Email Address'

2018-10-20 18:06:03 - [TEST_STEP][PASSED] - click: Object: 'Object Repository/Final Object Repo/Login Page/Internal User/Next Button' is clicked on

2018-10-20 18:06:03 - [MESSAGE][PASSED] - Object: 'Object Repository/Final Object Repo/Login Page/Internal User/Next Button' is clicked on

2018-10-20 18:06:03 - [TEST_STEP][PASSED] - delay: Delayed 1 second(s)

2018-10-20 18:06:04 - [MESSAGE][PASSED] - Delayed 1 second(s)

2018-10-20 18:06:04 - [TEST_STEP][PASSED] - setEncryptedText: Text ****** has been set on object 'Object Repository/Final Object Repo/Login Page/Internal User/Password'

2018-10-20 18:06:04 - [MESSAGE][PASSED] - Text ****** has been set on object 'Object Repository/Final Object Repo/Login Page/Internal User/Password'

2018-10-20 18:06:04 - [TEST_STEP][PASSED] - click: Object: 'Object Repository/Final Object Repo/Login Page/Internal User/Login Button' is clicked on

2018-10-20 18:06:04 - [MESSAGE][PASSED] - Object: 'Object Repository/Final Object Repo/Login Page/Internal User/Login Button' is clicked on

2018-10-20 18:06:04 - [TEST_STEP][PASSED] - delay: Delayed 1 second(s)

2018-10-20 18:06:05 - [MESSAGE][PASSED] - Delayed 1 second(s)

2018-10-20 18:06:05 - [TEST_STEP][PASSED] - navigateToUrl: Navigate to 'https://assist2-uat.perkeso.gov.my/web/base/portal-id/registration' successfully

2018-10-20 18:06:08 - [MESSAGE][PASSED] - Navigate to 'https://assist2-uat.perkeso.gov.my/web/base/portal-id/registration' successfully

2018-10-20 18:06:08 - [TEST_STEP][PASSED] - setText: Text 'AUTOMATION EMPLOYER' is set on object 'Object Repository/Final Object Repo/Creating Employer Account/Page_Registration - ASSIST (Base)/Employer Name'

2018-10-20 18:06:09 - [MESSAGE][PASSED] - Text 'AUTOMATION EMPLOYER' is set on object 'Object Repository/Final Object Repo/Creating Employer Account/Page_Registration - ASSIST (Base)/Employer Name'

2018-10-20 18:06:09 - [TEST_STEP][PASSED] - delay: Delayed 2 second(s)

2018-10-20 18:06:11 - [MESSAGE][PASSED] - Delayed 2 second(s)

2018-10-20 18:06:11 - [TEST_STEP][PASSED] - click: Object: 'Object Repository/Final Object Repo/Creating Employer Account/Page_Registration - ASSIST (Base)/Registration Type' is clicked on

2018-10-20 18:06:11 - [MESSAGE][PASSED] - Object: 'Object Repository/Final Object Repo/Creating Employer Account/Page_Registration - ASSIST (Base)/Registration Type' is clicked on

2018-10-20 18:06:11 - [TEST_STEP][PASSED] - delay: Delayed 2 second(s)

2018-10-20 18:06:13 - [MESSAGE][PASSED] - Delayed 2 second(s)

2018-10-20 18:06:13 - [TEST_STEP][PASSED] - click: Object: 'Object Repository/Final Object Repo/Creating Employer Account/Page_Registration - ASSIST (Base)/Registration Type - Registration No' is clicked on

2018-10-20 18:06:13 - [MESSAGE][PASSED] - Object: 'Object Repository/Final Object Repo/Creating Employer Account/Page_Registration - ASSIST (Base)/Registration Type - Registration No' is clicked on

2018-10-20 18:06:13 - [TEST_STEP][PASSED] - delay: Delayed 2 second(s)

2018-10-20 18:06:15 - [MESSAGE][PASSED] - Delayed 2 second(s)

2018-10-20 18:06:15 - [TEST_STEP][PASSED] - setText: Text '1234567890' is set on object 'Object Repository/Final Object Repo/Creating Employer Account/Page_Registration - ASSIST (Base)/Registration Number'

2018-10-20 18:06:15 - [MESSAGE][PASSED] - Text '1234567890' is set on object 'Object Repository/Final Object Repo/Creating Employer Account/Page_Registration - ASSIST (Base)/Registration Number'

2018-10-20 18:06:15 - [TEST_STEP][PASSED] - delay: Delayed 2 second(s)

2018-10-20 18:06:17 - [MESSAGE][PASSED] - Delayed 2 second(s)

2018-10-20 18:06:17 - [TEST_STEP][PASSED] - setText: Text 'ADDRESS 1' is set on object 'Object Repository/Final Object Repo/Creating Employer Account/Page_Registration - ASSIST (Base)/Postal Address 1'

2018-10-20 18:06:18 - [MESSAGE][PASSED] - Text 'ADDRESS 1' is set on object 'Object Repository/Final Object Repo/Creating Employer Account/Page_Registration - ASSIST (Base)/Postal Address 1'

2018-10-20 18:06:18 - [TEST_STEP][PASSED] - setText: Text 'ADDRESS 2' is set on object 'Object Repository/Final Object Repo/Creating Employer Account/Page_Registration - ASSIST (Base)/Postal Address 2'

2018-10-20 18:06:18 - [MESSAGE][PASSED] - Text 'ADDRESS 2' is set on object 'Object Repository/Final Object Repo/Creating Employer Account/Page_Registration - ASSIST (Base)/Postal Address 2'

2018-10-20 18:06:18 - [TEST_STEP][PASSED] - click: Object: 'Object Repository/Final Object Repo/Creating Employer Account/Page_Registration - ASSIST (Base)/State' is clicked on

2018-10-20 18:06:18 - [MESSAGE][PASSED] - Object: 'Object Repository/Final Object Repo/Creating Employer Account/Page_Registration - ASSIST (Base)/State' is clicked on

2018-10-20 18:06:18 - [TEST_STEP][PASSED] - delay: Delayed 2 second(s)

2018-10-20 18:06:20 - [MESSAGE][PASSED] - Delayed 2 second(s)

2018-10-20 18:06:20 - [TEST_STEP][PASSED] - click: Object: 'Object Repository/Final Object Repo/Creating Employer Account/Page_Registration - ASSIST (Base)/State - Johor' is clicked on

2018-10-20 18:06:20 - [MESSAGE][PASSED] - Object: 'Object Repository/Final Object Repo/Creating Employer Account/Page_Registration - ASSIST (Base)/State - Johor' is clicked on

2018-10-20 18:06:20 - [TEST_STEP][PASSED] - delay: Delayed 2 second(s)

2018-10-20 18:06:22 - [MESSAGE][PASSED] - Delayed 2 second(s)

2018-10-20 18:06:22 - [TEST_STEP][PASSED] - click: Object: 'Object Repository/Final Object Repo/Creating Employer Account/Page_Registration - ASSIST (Base)/City' is clicked on

2018-10-20 18:06:23 - [MESSAGE][PASSED] - Object: 'Object Repository/Final Object Repo/Creating Employer Account/Page_Registration - ASSIST (Base)/City' is clicked on

2018-10-20 18:06:23 - [TEST_STEP][PASSED] - delay: Delayed 2 second(s)

2018-10-20 18:06:25 - [MESSAGE][PASSED] - Delayed 2 second(s)

2018-10-20 18:06:25 - [TEST_STEP][PASSED] - setText: Text 'joh' is set on object 'Object Repository/Final Object Repo/Creating Employer Account/Page_Registration - ASSIST (Base)/City - joh'

2018-10-20 18:06:25 - [MESSAGE][PASSED] - Text 'joh' is set on object 'Object Repository/Final Object Repo/Creating Employer Account/Page_Registration - ASSIST (Base)/City - joh'

2018-10-20 18:06:25 - [TEST_STEP][PASSED] - delay: Delayed 2 second(s)

2018-10-20 18:06:27 - [MESSAGE][PASSED] - Delayed 2 second(s)

2018-10-20 18:06:27 - [TEST_STEP][PASSED] - click: Object: 'Object Repository/Final Object Repo/Creating Employer Account/Page_Registration - ASSIST (Base)/City - Johor Bharu' is clicked on

2018-10-20 18:06:27 - [MESSAGE][PASSED] - Object: 'Object Repository/Final Object Repo/Creating Employer Account/Page_Registration - ASSIST (Base)/City - Johor Bharu' is clicked on

2018-10-20 18:06:27 - [TEST_STEP][PASSED] - delay: Delayed 2 second(s)

2018-10-20 18:06:29 - [MESSAGE][PASSED] - Delayed 2 second(s)

2018-10-20 18:06:29 - [TEST_STEP][PASSED] - click: Object: 'Object Repository/Final Object Repo/Creating Employer Account/Page_Registration - ASSIST (Base)/Post Code' is clicked on

2018-10-20 18:06:29 - [MESSAGE][PASSED] - Object: 'Object Repository/Final Object Repo/Creating Employer Account/Page_Registration - ASSIST (Base)/Post Code' is clicked on

2018-10-20 18:06:29 - [TEST_STEP][PASSED] - delay: Delayed 2 second(s)

2018-10-20 18:06:31 - [MESSAGE][PASSED] - Delayed 2 second(s)

2018-10-20 18:06:31 - [TEST_STEP][PASSED] - setText: Text '810' is set on object 'Object Repository/Final Object Repo/Creating Employer Account/Page_Registration - ASSIST (Base)/Post Code - 810'

2018-10-20 18:06:31 - [MESSAGE][PASSED] - Text '810' is set on object 'Object Repository/Final Object Repo/Creating Employer Account/Page_Registration - ASSIST (Base)/Post Code - 810'

2018-10-20 18:06:31 - [TEST_STEP][PASSED] - delay: Delayed 2 second(s)

2018-10-20 18:06:33 - [MESSAGE][PASSED] - Delayed 2 second(s)

2018-10-20 18:06:33 - [TEST_STEP][PASSED] - click: Object: 'Object Repository/Final Object Repo/Creating Employer Account/Page_Registration - ASSIST (Base)/Post Code - 81000' is clicked on

2018-10-20 18:06:34 - [MESSAGE][PASSED] - Object: 'Object Repository/Final Object Repo/Creating Employer Account/Page_Registration - ASSIST (Base)/Post Code - 81000' is clicked on

2018-10-20 18:06:34 - [TEST_STEP][PASSED] - delay: Delayed 2 second(s)

2018-10-20 18:06:36 - [MESSAGE][PASSED] - Delayed 2 second(s)

2018-10-20 18:06:36 - [TEST_STEP][PASSED] - setText: Text 'PERKESO' is set on object 'Object Repository/Final Object Repo/Creating Employer Account/Page_Registration - ASSIST (Base)/Full Name'

2018-10-20 18:06:36 - [MESSAGE][PASSED] - Text 'PERKESO' is set on object 'Object Repository/Final Object Repo/Creating Employer Account/Page_Registration - ASSIST (Base)/Full Name'

2018-10-20 18:06:36 - [TEST_STEP][PASSED] - Statement - rnd = new java.util.Random(): null

2018-10-20 18:06:36 - [TEST_STEP][PASSED] - Statement - snum = rnd.nextInt(899999 + 1) + 100000: null

2018-10-20 18:06:36 - [TEST_STEP][PASSED] - Statement - tnum = rnd.nextInt(899999 + 1) + 100000: null

2018-10-20 18:06:36 - [TEST_STEP][PASSED] - Statement - IC = java.lang.Integer.toString(snum) + java.lang.Integer.toString(tnum): null

2018-10-20 18:06:36 - [TEST_STEP][PASSED] - Statement - out.println(IC): null

2018-10-20 18:06:36 - [TEST_STEP][PASSED] - setText: Text '461163626583' is set on object 'Object Repository/Final Object Repo/Creating Employer Account/Page_Registration - ASSIST (Base)/Identification Number'

2018-10-20 18:06:36 - [MESSAGE][PASSED] - Text '461163626583' is set on object 'Object Repository/Final Object Repo/Creating Employer Account/Page_Registration - ASSIST (Base)/Identification Number'

2018-10-20 18:06:36 - [TEST_STEP][PASSED] - delay: Delayed 2 second(s)

2018-10-20 18:06:38 - [MESSAGE][PASSED] - Delayed 2 second(s)

2018-10-20 18:06:38 - [TEST_STEP][PASSED] - setText: Text '123456789012' is set on object 'Object Repository/Final Object Repo/Creating Employer Account/Page_Registration - ASSIST (Base)/Contact Number'

2018-10-20 18:06:38 - [MESSAGE][PASSED] - Text '123456789012' is set on object 'Object Repository/Final Object Repo/Creating Employer Account/Page_Registration - ASSIST (Base)/Contact Number'

2018-10-20 18:06:38 - [TEST_STEP][PASSED] - Statement - Email = "perkeso" + IC + "@gmail.com": null

2018-10-20 18:06:38 - [TEST_STEP][PASSED] - delay: Delayed 2 second(s)

2018-10-20 18:06:40 - [MESSAGE][PASSED] - Delayed 2 second(s)

2018-10-20 18:06:40 - [TEST_STEP][PASSED] - callTestCase: Call Test Case 'Test Cases/Final Aug 2018 - PKS Automation/Create Employer Acc/Template/Employer Email Settler' successfully

2018-10-20 18:06:40 - [TEST_CASE][PASSED] - Test Cases/Final Aug 2018 - PKS Automation/Create Employer Acc/Template/Employer Email Settler: Test Cases/Final Aug 2018 - PKS Automation/Create Employer Acc/Template/Employer Email Settler

2018-10-20 18:06:40 - [TEST_STEP][PASSED] - Statement - EmpEmailOld = new java.io.File(C://EmpEmail.txt): null

2018-10-20 18:06:40 - [TEST_STEP][PASSED] - Statement - EmpEmailOld.delete(): null

2018-10-20 18:06:40 - [TEST_STEP][PASSED] - Statement - EmpEmail = new java.io.File(C://EmpEmail.txt): null

2018-10-20 18:06:40 - [TEST_STEP][PASSED] - Statement - EmpEmail.append(Email): null

2018-10-20 18:06:40 - [TEST_STEP][PASSED] - Statement - out.println(Email): null

2018-10-20 18:06:40 - [MESSAGE][PASSED] - Call Test Case 'Test Cases/Final Aug 2018 - PKS Automation/Create Employer Acc/Template/Employer Email Settler' successfully

2018-10-20 18:06:40 - [TEST_STEP][PASSED] - delay: Delayed 2 second(s)

2018-10-20 18:06:43 - [MESSAGE][PASSED] - Delayed 2 second(s)

2018-10-20 18:06:43 - [TEST_STEP][PASSED] - setText: Text 'perkeso461163626583@gmail.com' is set on object 'Object Repository/Final Object Repo/Creating Employer Account/Page_Registration - ASSIST (Base)/Email'

2018-10-20 18:06:43 - [MESSAGE][PASSED] - Text 'perkeso461163626583@gmail.com' is set on object 'Object Repository/Final Object Repo/Creating Employer Account/Page_Registration - ASSIST (Base)/Email'

2018-10-20 18:06:43 - [TEST_STEP][PASSED] - setText: Text '123' is set on object 'Object Repository/Final Object Repo/Creating Employer Account/Page_Registration - ASSIST (Base)/Security Phase'

2018-10-20 18:06:43 - [MESSAGE][PASSED] - Text '123' is set on object 'Object Repository/Final Object Repo/Creating Employer Account/Page_Registration - ASSIST (Base)/Security Phase'

2018-10-20 18:06:43 - [TEST_STEP][PASSED] - click: Object: 'Object Repository/Final Object Repo/Creating Employer Account/Page_Registration - ASSIST (Base)/Save  Continue' is clicked on

2018-10-20 18:06:43 - [MESSAGE][PASSED] - Object: 'Object Repository/Final Object Repo/Creating Employer Account/Page_Registration - ASSIST (Base)/Save  Continue' is clicked on

2018-10-20 18:06:43 - [TEST_STEP][PASSED] - delay: Delayed 2 second(s)

2018-10-20 18:06:45 - [MESSAGE][PASSED] - Delayed 2 second(s)

2018-10-20 18:06:45 - [TEST_STEP][PASSED] - click: Object: 'Object Repository/Final Object Repo/Creating Employer Account/Page_Registration - ASSIST (Base)/Add Document' is clicked on

2018-10-20 18:06:45 - [MESSAGE][PASSED] - Object: 'Object Repository/Final Object Repo/Creating Employer Account/Page_Registration - ASSIST (Base)/Add Document' is clicked on

2018-10-20 18:06:45 - [TEST_STEP][PASSED] - delay: Delayed 2 second(s)

2018-10-20 18:06:47 - [MESSAGE][PASSED] - Delayed 2 second(s)

2018-10-20 18:06:47 - [TEST_STEP][PASSED] - click: Object: 'Object Repository/Final Object Repo/Creating Employer Account/Page_Registration - ASSIST (Base)/Document Type' is clicked on

2018-10-20 18:06:48 - [MESSAGE][PASSED] - Object: 'Object Repository/Final Object Repo/Creating Employer Account/Page_Registration - ASSIST (Base)/Document Type' is clicked on

2018-10-20 18:06:48 - [TEST_STEP][PASSED] - delay: Delayed 2 second(s)

2018-10-20 18:06:50 - [MESSAGE][PASSED] - Delayed 2 second(s)

2018-10-20 18:06:50 - [TEST_STEP][PASSED] - click: Object: 'Object Repository/Final Object Repo/Creating Employer Account/Page_Registration - ASSIST (Base)/Document Type - Letter of Authorization' is clicked on

2018-10-20 18:06:50 - [MESSAGE][PASSED] - Object: 'Object Repository/Final Object Repo/Creating Employer Account/Page_Registration - ASSIST (Base)/Document Type - Letter of Authorization' is clicked on

2018-10-20 18:06:50 - [TEST_STEP][PASSED] - delay: Delayed 2 second(s)

2018-10-20 18:06:52 - [MESSAGE][PASSED] - Delayed 2 second(s)

2018-10-20 18:06:52 - [TEST_STEP][PASSED] - sendKeys: Keys 'C:\Users\Public\Pictures\Sample Pictures\Act.jpg' sent to object: 'Object Repository/Final Object Repo/Creating Employer Account/Page_Registration - ASSIST (Base)/Uploading File'

2018-10-20 18:06:52 - [MESSAGE][PASSED] - Keys 'C:\Users\Public\Pictures\Sample Pictures\Act.jpg' sent to object: 'Object Repository/Final Object Repo/Creating Employer Account/Page_Registration - ASSIST (Base)/Uploading File'

2018-10-20 18:06:52 - [TEST_STEP][PASSED] - delay: Delayed 2 second(s)

2018-10-20 18:06:54 - [MESSAGE][PASSED] - Delayed 2 second(s)

2018-10-20 18:06:54 - [TEST_STEP][PASSED] - click: Object: 'Object Repository/Final Object Repo/Creating Employer Account/Page_Registration - ASSIST (Base)/Add Document in Uploading File' is clicked on

2018-10-20 18:06:54 - [MESSAGE][PASSED] - Object: 'Object Repository/Final Object Repo/Creating Employer Account/Page_Registration - ASSIST (Base)/Add Document in Uploading File' is clicked on

2018-10-20 18:06:54 - [TEST_STEP][PASSED] - delay: Delayed 2 second(s)

2018-10-20 18:06:56 - [MESSAGE][PASSED] - Delayed 2 second(s)

2018-10-20 18:06:56 - [TEST_STEP][PASSED] - click: Object: 'Object Repository/Final Object Repo/Creating Employer Account/Page_Registration - ASSIST (Base)/Save' is clicked on

2018-10-20 18:06:56 - [MESSAGE][PASSED] - Object: 'Object Repository/Final Object Repo/Creating Employer Account/Page_Registration - ASSIST (Base)/Save' is clicked on

2018-10-20 18:06:56 - [TEST_STEP][PASSED] - delay: Delayed 2 second(s)

2018-10-20 18:06:58 - [MESSAGE][PASSED] - Delayed 2 second(s)

2018-10-20 18:06:58 - [TEST_STEP][PASSED] - click: Object: 'Object Repository/Final Object Repo/Creating Employer Account/Page_Registration - ASSIST (Base)/Submit' is clicked on

2018-10-20 18:06:58 - [MESSAGE][PASSED] - Object: 'Object Repository/Final Object Repo/Creating Employer Account/Page_Registration - ASSIST (Base)/Submit' is clicked on

2018-10-20 18:06:58 - [TEST_STEP][PASSED] - delay: Delayed 2 second(s)

2018-10-20 18:07:00 - [MESSAGE][PASSED] - Delayed 2 second(s)

2018-10-20 18:07:00 - [TEST_STEP][PASSED] - click: Object: 'Object Repository/Final Object Repo/Creating Employer Account/Page_Registration - ASSIST (Base)/Confirm' is clicked on

2018-10-20 18:07:01 - [MESSAGE][PASSED] - Object: 'Object Repository/Final Object Repo/Creating Employer Account/Page_Registration - ASSIST (Base)/Confirm' is clicked on

2018-10-20 18:07:01 - [MESSAGE][PASSED] - Call Test Case 'Test Cases/Final Aug 2018 - PKS Automation/Create Employer Acc/Template/Register Employer' successfully

2018-10-20 18:07:01 - [TEST_STEP][PASSED] - delay: Delayed 1 second(s)

2018-10-20 18:07:02 - [MESSAGE][PASSED] - Delayed 1 second(s)

2018-10-20 18:07:02 - [TEST_STEP][PASSED] - navigateToUrl: Navigate to 'https://assist2-uat.perkeso.gov.my/c/portal/logout' successfully

2018-10-20 18:07:04 - [MESSAGE][PASSED] - Navigate to 'https://assist2-uat.perkeso.gov.my/c/portal/logout' successfully

2018-10-20 18:07:04 - [TEST_STEP][PASSED] - delay: Delayed 1 second(s)

2018-10-20 18:07:05 - [MESSAGE][PASSED] - Delayed 1 second(s)

2018-10-20 18:07:05 - [TEST_STEP][PASSED] - callTestCase: Call Test Case 'Test Cases/Final Aug 2018 - PKS Automation/Create Employer Acc/Template/Change Password of Employer' successfully

2018-10-20 18:07:05 - [TEST_CASE][PASSED] - Test Cases/Final Aug 2018 - PKS Automation/Create Employer Acc/Template/Change Password of Employer: Test Cases/Final Aug 2018 - PKS Automation/Create Employer Acc/Template/Change Password of Employer

2018-10-20 18:07:05 - [TEST_STEP][PASSED] - openBrowser: Browser is opened with url: ''

2018-10-20 18:07:05 - [MESSAGE][WARNING] - A browser is already opened. Closing browser and opening a new one

2018-10-20 18:07:09 - [MESSAGE][PASSED] - Browser is opened with url: ''

2018-10-20 18:07:09 - [TEST_STEP][PASSED] - navigateToUrl: Navigate to 'https://assist2-uat.perkeso.gov.my/login' successfully

2018-10-20 18:07:11 - [MESSAGE][PASSED] - Navigate to 'https://assist2-uat.perkeso.gov.my/login' successfully

2018-10-20 18:07:11 - [TEST_STEP][PASSED] - delay: Delayed 5 second(s)

2018-10-20 18:07:16 - [MESSAGE][PASSED] - Delayed 5 second(s)

2018-10-20 18:07:16 - [TEST_STEP][PASSED] - setText: Text 'test@liferay.com' is set on object 'Object Repository/Final Object Repo/Login Page/Internal User/Email Address'

2018-10-20 18:07:16 - [MESSAGE][PASSED] - Text 'test@liferay.com' is set on object 'Object Repository/Final Object Repo/Login Page/Internal User/Email Address'

2018-10-20 18:07:16 - [TEST_STEP][PASSED] - click: Object: 'Object Repository/Final Object Repo/Login Page/Internal User/Next Button' is clicked on

2018-10-20 18:07:16 - [MESSAGE][PASSED] - Object: 'Object Repository/Final Object Repo/Login Page/Internal User/Next Button' is clicked on

2018-10-20 18:07:16 - [TEST_STEP][PASSED] - delay: Delayed 2 second(s)

2018-10-20 18:07:18 - [MESSAGE][PASSED] - Delayed 2 second(s)

2018-10-20 18:07:18 - [TEST_STEP][PASSED] - setText: Text 'test' is set on object 'Object Repository/Final Object Repo/Login Page/Internal User/Password'

2018-10-20 18:07:18 - [MESSAGE][PASSED] - Text 'test' is set on object 'Object Repository/Final Object Repo/Login Page/Internal User/Password'

2018-10-20 18:07:18 - [TEST_STEP][PASSED] - delay: Delayed 2 second(s)

2018-10-20 18:07:20 - [MESSAGE][PASSED] - Delayed 2 second(s)

2018-10-20 18:07:20 - [TEST_STEP][PASSED] - click: Object: 'Object Repository/Final Object Repo/Login Page/Internal User/Login Button' is clicked on

2018-10-20 18:07:21 - [MESSAGE][PASSED] - Object: 'Object Repository/Final Object Repo/Login Page/Internal User/Login Button' is clicked on

2018-10-20 18:07:21 - [TEST_STEP][PASSED] - delay: Delayed 3 second(s)

2018-10-20 18:07:24 - [MESSAGE][PASSED] - Delayed 3 second(s)

2018-10-20 18:07:24 - [TEST_STEP][PASSED] - navigateToUrl: Navigate to 'https://assist2-uat.perkeso.gov.my/group/control_panel/manage?p_p_id=125&p_p_lifecycle=0&p_p_state=maximized&p_p_mode=view&refererPlid=20455&_125_usersListView=flat-users&_125_toolbarItem=view-all-users&_125_saveUsersListView=true&_125_struts_action=%2Fusers_admin%2Fview' successfully

2018-10-20 18:07:26 - [MESSAGE][PASSED] - Navigate to 'https://assist2-uat.perkeso.gov.my/group/control_panel/manage?p_p_id=125&p_p_lifecycle=0&p_p_state=maximized&p_p_mode=view&refererPlid=20455&_125_usersListView=flat-users&_125_toolbarItem=view-all-users&_125_saveUsersListView=true&_125_struts_action=%2Fusers_admin%2Fview' successfully

2018-10-20 18:07:26 - [TEST_STEP][PASSED] - delay: Delayed 3 second(s)

2018-10-20 18:07:29 - [MESSAGE][PASSED] - Delayed 3 second(s)

2018-10-20 18:07:29 - [TEST_STEP][PASSED] - setText: Text 'perkeso461163626583@gmail.com' is set on object 'Object Repository/Final Object Repo/Creating Employer Account/Page_Users and Organizations - ASSIST/Employer name'

2018-10-20 18:07:29 - [MESSAGE][PASSED] - Text 'perkeso461163626583@gmail.com' is set on object 'Object Repository/Final Object Repo/Creating Employer Account/Page_Users and Organizations - ASSIST/Employer name'

2018-10-20 18:07:29 - [TEST_STEP][PASSED] - delay: Delayed 3 second(s)

2018-10-20 18:07:32 - [MESSAGE][PASSED] - Delayed 3 second(s)

2018-10-20 18:07:32 - [TEST_STEP][PASSED] - click: Object: 'Object Repository/Final Object Repo/Creating Employer Account/Page_Users and Organizations - ASSIST/Search' is clicked on

2018-10-20 18:07:33 - [MESSAGE][PASSED] - Object: 'Object Repository/Final Object Repo/Creating Employer Account/Page_Users and Organizations - ASSIST/Search' is clicked on

2018-10-20 18:07:33 - [TEST_STEP][PASSED] - delay: Delayed 3 second(s)

2018-10-20 18:07:36 - [MESSAGE][PASSED] - Delayed 3 second(s)

2018-10-20 18:07:36 - [TEST_STEP][PASSED] - click: Object: 'Object Repository/Final Object Repo/Creating Employer Account/Page_Users and Organizations - ASSIST/Action' is clicked on

2018-10-20 18:07:36 - [MESSAGE][PASSED] - Object: 'Object Repository/Final Object Repo/Creating Employer Account/Page_Users and Organizations - ASSIST/Action' is clicked on

2018-10-20 18:07:36 - [TEST_STEP][PASSED] - delay: Delayed 3 second(s)

2018-10-20 18:07:39 - [MESSAGE][PASSED] - Delayed 3 second(s)

2018-10-20 18:07:39 - [TEST_STEP][PASSED] - click: Object: 'Object Repository/Final Object Repo/Creating Employer Account/Page_Users and Organizations - ASSIST/Edit' is clicked on

2018-10-20 18:07:40 - [MESSAGE][PASSED] - Object: 'Object Repository/Final Object Repo/Creating Employer Account/Page_Users and Organizations - ASSIST/Edit' is clicked on

2018-10-20 18:07:40 - [TEST_STEP][PASSED] - delay: Delayed 3 second(s)

2018-10-20 18:07:43 - [MESSAGE][PASSED] - Delayed 3 second(s)

2018-10-20 18:07:43 - [TEST_STEP][PASSED] - click: Object: 'Object Repository/Final Object Repo/Creating Employer Account/Page_PERKESO - Users and Organizati/a_Password (Modified)' is clicked on

2018-10-20 18:07:43 - [MESSAGE][PASSED] - Object: 'Object Repository/Final Object Repo/Creating Employer Account/Page_PERKESO - Users and Organizati/a_Password (Modified)' is clicked on

2018-10-20 18:07:43 - [TEST_STEP][PASSED] - delay: Delayed 3 second(s)

2018-10-20 18:07:46 - [MESSAGE][PASSED] - Delayed 3 second(s)

2018-10-20 18:07:46 - [TEST_STEP][PASSED] - setEncryptedText: Text ****** has been set on object 'Object Repository/Final Object Repo/Creating Employer Account/Page_PERKESO - Users and Organizati/input__125_password1'

2018-10-20 18:07:47 - [MESSAGE][PASSED] - Text ****** has been set on object 'Object Repository/Final Object Repo/Creating Employer Account/Page_PERKESO - Users and Organizati/input__125_password1'

2018-10-20 18:07:47 - [TEST_STEP][PASSED] - delay: Delayed 3 second(s)

2018-10-20 18:07:50 - [MESSAGE][PASSED] - Delayed 3 second(s)

2018-10-20 18:07:50 - [TEST_STEP][PASSED] - setEncryptedText: Text ****** has been set on object 'Object Repository/Final Object Repo/Creating Employer Account/Page_PERKESO - Users and Organizati/input__125_password2'

2018-10-20 18:07:50 - [MESSAGE][PASSED] - Text ****** has been set on object 'Object Repository/Final Object Repo/Creating Employer Account/Page_PERKESO - Users and Organizati/input__125_password2'

2018-10-20 18:07:50 - [TEST_STEP][PASSED] - delay: Delayed 3 second(s)

2018-10-20 18:07:53 - [MESSAGE][PASSED] - Delayed 3 second(s)

2018-10-20 18:07:53 - [TEST_STEP][PASSED] - click: Object: 'Object Repository/Final Object Repo/Creating Employer Account/Page_PERKESO - Users and Organizati/Save' is clicked on

2018-10-20 18:07:53 - [MESSAGE][PASSED] - Object: 'Object Repository/Final Object Repo/Creating Employer Account/Page_PERKESO - Users and Organizati/Save' is clicked on

2018-10-20 18:07:53 - [MESSAGE][PASSED] - Call Test Case 'Test Cases/Final Aug 2018 - PKS Automation/Create Employer Acc/Template/Change Password of Employer' successfully

2018-10-20 18:07:53 - [TEST_STEP][PASSED] - delay: Delayed 1 second(s)

2018-10-20 18:07:54 - [MESSAGE][PASSED] - Delayed 1 second(s)

2018-10-20 18:07:54 - [TEST_STEP][PASSED] - navigateToUrl: Navigate to 'https://assist2-uat.perkeso.gov.my/c/portal/logout' successfully

2018-10-20 18:07:55 - [MESSAGE][PASSED] - Navigate to 'https://assist2-uat.perkeso.gov.my/c/portal/logout' successfully

2018-10-20 18:07:55 - [TEST_STEP][PASSED] - delay: Delayed 1 second(s)

2018-10-20 18:07:56 - [MESSAGE][PASSED] - Delayed 1 second(s)

2018-10-20 18:07:56 - [TEST_STEP][PASSED] - callTestCase: Call Test Case 'Test Cases/Final Aug 2018 - PKS Automation/Create Employer Acc/Template/Login to Employer Account (First Time)' successfully

2018-10-20 18:07:56 - [TEST_CASE][PASSED] - Test Cases/Final Aug 2018 - PKS Automation/Create Employer Acc/Template/Login to Employer Account (First Time): Test Cases/Final Aug 2018 - PKS Automation/Create Employer Acc/Template/Login to Employer Account (First Time)

2018-10-20 18:07:56 - [TEST_STEP][PASSED] - openBrowser: Browser is opened with url: ''

2018-10-20 18:07:56 - [MESSAGE][WARNING] - A browser is already opened. Closing browser and opening a new one

2018-10-20 18:08:00 - [MESSAGE][PASSED] - Browser is opened with url: ''

2018-10-20 18:08:00 - [TEST_STEP][PASSED] - navigateToUrl: Navigate to 'https://assist2-uat.perkeso.gov.my/employer/login' successfully

2018-10-20 18:08:02 - [MESSAGE][PASSED] - Navigate to 'https://assist2-uat.perkeso.gov.my/employer/login' successfully

2018-10-20 18:08:02 - [TEST_STEP][PASSED] - delay: Delayed 3 second(s)

2018-10-20 18:08:05 - [MESSAGE][PASSED] - Delayed 3 second(s)

2018-10-20 18:08:05 - [TEST_STEP][PASSED] - callTestCase: Call Test Case 'Test Cases/Final Aug 2018 - PKS Automation/Create Employer Acc/Template/Employer Email Getter' successfully

2018-10-20 18:08:05 - [TEST_CASE][PASSED] - Test Cases/Final Aug 2018 - PKS Automation/Create Employer Acc/Template/Employer Email Getter: Test Cases/Final Aug 2018 - PKS Automation/Create Employer Acc/Template/Employer Email Getter

2018-10-20 18:08:05 - [TEST_STEP][PASSED] - Statement - Try: null

2018-10-20 18:08:05 - [TEST_STEP][PASSED] - Statement - EmpEmail = new java.io.File(C://EmpEmail.txt): null

2018-10-20 18:08:05 - [TEST_STEP][PASSED] - Statement - bufferread = new java.io.BufferedReader(new java.io.FileReader(EmpEmail)): null

2018-10-20 18:08:05 - [TEST_STEP][PASSED] - Statement - readedVal = bufferread.readLine(): null

2018-10-20 18:08:05 - [TEST_STEP][PASSED] - Statement - out.println(readedVal): null

2018-10-20 18:08:05 - [TEST_STEP][PASSED] - Statement - Email = readedVal: null

2018-10-20 18:08:05 - [MESSAGE][PASSED] - Call Test Case 'Test Cases/Final Aug 2018 - PKS Automation/Create Employer Acc/Template/Employer Email Getter' successfully

2018-10-20 18:08:05 - [TEST_STEP][PASSED] - setText: Text 'perkeso461163626583@gmail.com' is set on object 'Object Repository/Final Object Repo/Login Page/External Login Page/Email'

2018-10-20 18:08:06 - [MESSAGE][PASSED] - Text 'perkeso461163626583@gmail.com' is set on object 'Object Repository/Final Object Repo/Login Page/External Login Page/Email'

2018-10-20 18:08:06 - [TEST_STEP][PASSED] - click: Object: 'Object Repository/Final Object Repo/Login Page/External Login Page/Next' is clicked on

2018-10-20 18:08:06 - [MESSAGE][PASSED] - Object: 'Object Repository/Final Object Repo/Login Page/External Login Page/Next' is clicked on

2018-10-20 18:08:06 - [TEST_STEP][PASSED] - delay: Delayed 3 second(s)

2018-10-20 18:08:09 - [MESSAGE][PASSED] - Delayed 3 second(s)

2018-10-20 18:08:09 - [TEST_STEP][PASSED] - setEncryptedText: Text ****** has been set on object 'Object Repository/Final Object Repo/Login Page/External Login Page/Password'

2018-10-20 18:08:09 - [MESSAGE][PASSED] - Text ****** has been set on object 'Object Repository/Final Object Repo/Login Page/External Login Page/Password'

2018-10-20 18:08:09 - [TEST_STEP][PASSED] - click: Object: 'Object Repository/Final Object Repo/Login Page/External Login Page/Login' is clicked on

2018-10-20 18:08:09 - [MESSAGE][PASSED] - Object: 'Object Repository/Final Object Repo/Login Page/External Login Page/Login' is clicked on

2018-10-20 18:08:09 - [TEST_STEP][PASSED] - delay: Delayed 3 second(s)

2018-10-20 18:08:12 - [MESSAGE][PASSED] - Delayed 3 second(s)

2018-10-20 18:08:12 - [TEST_STEP][PASSED] - click: Object: 'Object Repository/Final Object Repo/Creating Employer Account/Page_Terms of Use - ASSIST/button_I Agree' is clicked on

2018-10-20 18:08:13 - [MESSAGE][PASSED] - Object: 'Object Repository/Final Object Repo/Creating Employer Account/Page_Terms of Use - ASSIST/button_I Agree' is clicked on

2018-10-20 18:08:13 - [TEST_STEP][PASSED] - delay: Delayed 2 second(s)

2018-10-20 18:08:15 - [MESSAGE][PASSED] - Delayed 2 second(s)

2018-10-20 18:08:15 - [TEST_STEP][PASSED] - setEncryptedText: Text ****** has been set on object 'Object Repository/Final Object Repo/Creating Employer Account/Page_New Password - ASSIST/input_password1'

2018-10-20 18:08:15 - [MESSAGE][PASSED] - Text ****** has been set on object 'Object Repository/Final Object Repo/Creating Employer Account/Page_New Password - ASSIST/input_password1'

2018-10-20 18:08:15 - [TEST_STEP][PASSED] - setEncryptedText: Text ****** has been set on object 'Object Repository/Final Object Repo/Creating Employer Account/Page_New Password - ASSIST/input_password2'

2018-10-20 18:08:16 - [MESSAGE][PASSED] - Text ****** has been set on object 'Object Repository/Final Object Repo/Creating Employer Account/Page_New Password - ASSIST/input_password2'

2018-10-20 18:08:16 - [TEST_STEP][PASSED] - delay: Delayed 2 second(s)

2018-10-20 18:08:18 - [MESSAGE][PASSED] - Delayed 2 second(s)

2018-10-20 18:08:18 - [TEST_STEP][PASSED] - click: Object: 'Object Repository/Final Object Repo/Creating Employer Account/Page_New Password - ASSIST/Save' is clicked on

2018-10-20 18:08:19 - [MESSAGE][PASSED] - Object: 'Object Repository/Final Object Repo/Creating Employer Account/Page_New Password - ASSIST/Save' is clicked on

2018-10-20 18:08:19 - [TEST_STEP][PASSED] - delay: Delayed 2 second(s)

2018-10-20 18:08:21 - [MESSAGE][PASSED] - Delayed 2 second(s)

2018-10-20 18:08:21 - [TEST_STEP][PASSED] - setText: Text 'test' is set on object 'Object Repository/Final Object Repo/Creating Employer Account/Page_Password Reminder - ASSIST/Reminder Query Answer'

2018-10-20 18:08:21 - [MESSAGE][PASSED] - Text 'test' is set on object 'Object Repository/Final Object Repo/Creating Employer Account/Page_Password Reminder - ASSIST/Reminder Query Answer'

2018-10-20 18:08:21 - [TEST_STEP][PASSED] - delay: Delayed 2 second(s)

2018-10-20 18:08:23 - [MESSAGE][PASSED] - Delayed 2 second(s)

2018-10-20 18:08:23 - [TEST_STEP][PASSED] - doubleClick: Object: 'Object Repository/Final Object Repo/Creating Employer Account/Page_Password Reminder - ASSIST/Save' is double clicked on

2018-10-20 18:08:23 - [MESSAGE][PASSED] - Object: 'Object Repository/Final Object Repo/Creating Employer Account/Page_Password Reminder - ASSIST/Save' is double clicked on

2018-10-20 18:08:23 - [MESSAGE][PASSED] - Call Test Case 'Test Cases/Final Aug 2018 - PKS Automation/Create Employer Acc/Template/Login to Employer Account (First Time)' successfully

2018-10-20 18:08:23 - [MESSAGE][PASSED] - Call Test Case 'Test Cases/Final Aug 2018 - PKS Automation/Create Employer Acc/Create Employer Account' successfully

2018-10-20 18:08:23 - [TEST_STEP][PASSED] - callTestCase: Call Test Case 'Test Cases/Final Aug 2018 - PKS Automation/Registration Module/Log Out/log out avoiding katalon tagging' successfully

2018-10-20 18:08:23 - [TEST_CASE][PASSED] - Test Cases/Final Aug 2018 - PKS Automation/Registration Module/Log Out/log out avoiding katalon tagging: Test Cases/Final Aug 2018 - PKS Automation/Registration Module/Log Out/log out avoiding katalon tagging

2018-10-20 18:08:23 - [TEST_STEP][PASSED] - navigateToUrl: Navigate to 'https://assist2-uat.perkeso.gov.my/c/portal/logout' successfully

2018-10-20 18:08:27 - [MESSAGE][PASSED] - Navigate to 'https://assist2-uat.perkeso.gov.my/c/portal/logout' successfully

2018-10-20 18:08:27 - [MESSAGE][PASSED] - Call Test Case 'Test Cases/Final Aug 2018 - PKS Automation/Registration Module/Log Out/log out avoiding katalon tagging' successfully

2018-10-20 18:08:27 - [TEST_STEP][PASSED] - callTestCase: Call Test Case 'Test Cases/Final Aug 2018 - PKS Automation/Create Employer Acc/Login to Employer Account (Second time)' successfully

2018-10-20 18:08:27 - [TEST_CASE][PASSED] - Test Cases/Final Aug 2018 - PKS Automation/Create Employer Acc/Login to Employer Account (Second time): Test Cases/Final Aug 2018 - PKS Automation/Create Employer Acc/Login to Employer Account (Second time)

2018-10-20 18:08:27 - [TEST_STEP][PASSED] - openBrowser: Browser is opened with url: ''

2018-10-20 18:08:27 - [MESSAGE][WARNING] - A browser is already opened. Closing browser and opening a new one

2018-10-20 18:08:31 - [MESSAGE][PASSED] - Browser is opened with url: ''

2018-10-20 18:08:31 - [TEST_STEP][PASSED] - navigateToUrl: Navigate to 'https://assist2-uat.perkeso.gov.my/employer/login' successfully

2018-10-20 18:08:33 - [MESSAGE][PASSED] - Navigate to 'https://assist2-uat.perkeso.gov.my/employer/login' successfully

2018-10-20 18:08:33 - [TEST_STEP][PASSED] - delay: Delayed 3 second(s)

2018-10-20 18:08:36 - [MESSAGE][PASSED] - Delayed 3 second(s)

2018-10-20 18:08:36 - [TEST_STEP][PASSED] - callTestCase: Call Test Case 'Test Cases/Final Aug 2018 - PKS Automation/Create Employer Acc/Template/Employer Email Getter' successfully

2018-10-20 18:08:36 - [TEST_CASE][PASSED] - Test Cases/Final Aug 2018 - PKS Automation/Create Employer Acc/Template/Employer Email Getter: Test Cases/Final Aug 2018 - PKS Automation/Create Employer Acc/Template/Employer Email Getter

2018-10-20 18:08:36 - [TEST_STEP][PASSED] - Statement - Try: null

2018-10-20 18:08:36 - [TEST_STEP][PASSED] - Statement - EmpEmail = new java.io.File(C://EmpEmail.txt): null

2018-10-20 18:08:36 - [TEST_STEP][PASSED] - Statement - bufferread = new java.io.BufferedReader(new java.io.FileReader(EmpEmail)): null

2018-10-20 18:08:36 - [TEST_STEP][PASSED] - Statement - readedVal = bufferread.readLine(): null

2018-10-20 18:08:36 - [TEST_STEP][PASSED] - Statement - out.println(readedVal): null

2018-10-20 18:08:36 - [TEST_STEP][PASSED] - Statement - Email = readedVal: null

2018-10-20 18:08:36 - [MESSAGE][PASSED] - Call Test Case 'Test Cases/Final Aug 2018 - PKS Automation/Create Employer Acc/Template/Employer Email Getter' successfully

2018-10-20 18:08:36 - [TEST_STEP][PASSED] - setText: Text 'perkeso461163626583@gmail.com' is set on object 'Object Repository/Final Object Repo/Login Page/External Login Page/Email'

2018-10-20 18:08:36 - [MESSAGE][PASSED] - Text 'perkeso461163626583@gmail.com' is set on object 'Object Repository/Final Object Repo/Login Page/External Login Page/Email'

2018-10-20 18:08:36 - [TEST_STEP][PASSED] - click: Object: 'Object Repository/Final Object Repo/Login Page/External Login Page/Next' is clicked on

2018-10-20 18:08:37 - [MESSAGE][PASSED] - Object: 'Object Repository/Final Object Repo/Login Page/External Login Page/Next' is clicked on

2018-10-20 18:08:37 - [TEST_STEP][PASSED] - delay: Delayed 3 second(s)

2018-10-20 18:08:40 - [MESSAGE][PASSED] - Delayed 3 second(s)

2018-10-20 18:08:40 - [TEST_STEP][PASSED] - setEncryptedText: Text ****** has been set on object 'Object Repository/Final Object Repo/Login Page/External Login Page/Password'

2018-10-20 18:08:40 - [MESSAGE][PASSED] - Text ****** has been set on object 'Object Repository/Final Object Repo/Login Page/External Login Page/Password'

2018-10-20 18:08:40 - [TEST_STEP][PASSED] - click: Object: 'Object Repository/Final Object Repo/Login Page/External Login Page/Login' is clicked on

2018-10-20 18:08:40 - [MESSAGE][PASSED] - Object: 'Object Repository/Final Object Repo/Login Page/External Login Page/Login' is clicked on

2018-10-20 18:08:40 - [TEST_STEP][PASSED] - delay: Delayed 5 second(s)

2018-10-20 18:08:45 - [MESSAGE][PASSED] - Delayed 5 second(s)

2018-10-20 18:08:45 - [MESSAGE][PASSED] - Call Test Case 'Test Cases/Final Aug 2018 - PKS Automation/Create Employer Acc/Login to Employer Account (Second time)' successfully

2018-10-20 18:08:45 - [TEST_STEP][PASSED] - Statement - Try: Delayed 2 second(s)

2018-10-20 18:08:45 - [TEST_STEP][PASSED] - Statement - Checker = false: null

2018-10-20 18:08:45 - [TEST_STEP][PASSED] - Statement - Checker = com.kms.katalon.core.webui.keyword.WebUiBuiltInKeywords.verifyElementHasAttribute(com.kms.katalon.core.testobject.ObjectRepository.findTestObject(Final Object Repo/Landing Page/BM Detecting), "href", 20, OPTIONAL): Object 'Object Repository/Final Object Repo/Landing Page/BM Detecting' has attribute 'href'

2018-10-20 18:08:45 - [MESSAGE][PASSED] - Object 'Object Repository/Final Object Repo/Landing Page/BM Detecting' has attribute 'href'

2018-10-20 18:08:45 - [TEST_STEP][PASSED] - Statement - out.println(Checker): null

2018-10-20 18:08:45 - [TEST_STEP][PASSED] - Statement - If (Checker == false): null

2018-10-20 18:08:45 - [TEST_STEP][PASSED] - Statement - Else: null

2018-10-20 18:08:45 - [TEST_STEP][PASSED] - delay: Delayed 2 second(s)

2018-10-20 18:08:47 - [MESSAGE][PASSED] - Delayed 2 second(s)

2018-10-20 18:08:47 - [TEST_STEP][PASSED] - delay: Delayed 4 second(s)

2018-10-20 18:08:51 - [MESSAGE][PASSED] - Delayed 4 second(s)

2018-10-20 18:08:51 - [TEST_STEP][PASSED] - click: Object: 'Object Repository/Final Object Repo/Landing Page/My Sites Drop Down' is clicked on

2018-10-20 18:08:51 - [MESSAGE][PASSED] - Object: 'Object Repository/Final Object Repo/Landing Page/My Sites Drop Down' is clicked on

2018-10-20 18:08:51 - [TEST_STEP][PASSED] - click: Object: 'Object Repository/Final Object Repo/Landing Page/Select to Registration Module' is clicked on

2018-10-20 18:08:54 - [MESSAGE][PASSED] - Object: 'Object Repository/Final Object Repo/Landing Page/Select to Registration Module' is clicked on

2018-10-20 18:08:54 - [TEST_STEP][PASSED] - click: Object: 'Object Repository/Final Object Repo/Landing Page/Registration Button' is clicked on

2018-10-20 18:08:56 - [MESSAGE][PASSED] - Object: 'Object Repository/Final Object Repo/Landing Page/Registration Button' is clicked on

2018-10-20 18:08:56 - [TEST_STEP][PASSED] - delay: Delayed 2 second(s)

2018-10-20 18:08:58 - [MESSAGE][PASSED] - Delayed 2 second(s)

2018-10-20 18:08:58 - [TEST_STEP][PASSED] - click: Object: 'Object Repository/Final Object Repo/New Registration - Registration Module Pages/New Reg - OTC to RO/Special Case - OTC - Form 1/AEC NO' is clicked on

2018-10-20 18:08:58 - [MESSAGE][PASSED] - Object: 'Object Repository/Final Object Repo/New Registration - Registration Module Pages/New Reg - OTC to RO/Special Case - OTC - Form 1/AEC NO' is clicked on

2018-10-20 18:08:58 - [TEST_STEP][PASSED] - click: Object: 'Object Repository/Final Object Repo/New Registration - Registration Module Pages/New Reg - OTC to RO/Special Case - OTC - Form 1/Business Entity - Please Select' is clicked on

2018-10-20 18:08:58 - [MESSAGE][PASSED] - Object: 'Object Repository/Final Object Repo/New Registration - Registration Module Pages/New Reg - OTC to RO/Special Case - OTC - Form 1/Business Entity - Please Select' is clicked on

2018-10-20 18:08:58 - [TEST_STEP][PASSED] - click: Object: 'Object Repository/Final Object Repo/New Registration - Registration Module Pages/New Reg - OTC to RO/Special Case - OTC - Form 1/Selected - Corporation' is clicked on

2018-10-20 18:08:58 - [MESSAGE][PASSED] - Object: 'Object Repository/Final Object Repo/New Registration - Registration Module Pages/New Reg - OTC to RO/Special Case - OTC - Form 1/Selected - Corporation' is clicked on

2018-10-20 18:08:58 - [TEST_STEP][PASSED] - delay: Delayed 2 second(s)

2018-10-20 18:09:00 - [MESSAGE][PASSED] - Delayed 2 second(s)

2018-10-20 18:09:00 - [TEST_STEP][PASSED] - click: Object: 'Object Repository/Final Object Repo/New Registration - Registration Module Pages/New Reg - OTC to RO/Special Case - OTC - Form 1/Sub Business Entity - Please Select' is clicked on

2018-10-20 18:09:01 - [MESSAGE][PASSED] - Object: 'Object Repository/Final Object Repo/New Registration - Registration Module Pages/New Reg - OTC to RO/Special Case - OTC - Form 1/Sub Business Entity - Please Select' is clicked on

2018-10-20 18:09:01 - [TEST_STEP][PASSED] - delay: Delayed 2 second(s)

2018-10-20 18:09:03 - [MESSAGE][PASSED] - Delayed 2 second(s)

2018-10-20 18:09:03 - [TEST_STEP][PASSED] - click: Object: 'Object Repository/Final Object Repo/New Registration - Registration Module Pages/New Reg - OTC to RO/Special Case - OTC - Form 1/Selected - Sendirian Berhad' is clicked on

2018-10-20 18:09:03 - [MESSAGE][PASSED] - Object: 'Object Repository/Final Object Repo/New Registration - Registration Module Pages/New Reg - OTC to RO/Special Case - OTC - Form 1/Selected - Sendirian Berhad' is clicked on

2018-10-20 18:09:03 - [TEST_STEP][PASSED] - setText: Text 'AUTOMATE001' is set on object 'Object Repository/Final Object Repo/New Registration - Registration Module Pages/New Reg - OTC to RO/Special Case - OTC - Form 1/Input BRN Number'

2018-10-20 18:09:03 - [MESSAGE][PASSED] - Text 'AUTOMATE001' is set on object 'Object Repository/Final Object Repo/New Registration - Registration Module Pages/New Reg - OTC to RO/Special Case - OTC - Form 1/Input BRN Number'

2018-10-20 18:09:03 - [TEST_STEP][PASSED] - delay: Delayed 2 second(s)

2018-10-20 18:09:05 - [MESSAGE][PASSED] - Delayed 2 second(s)

2018-10-20 18:09:05 - [TEST_STEP][PASSED] - click: Object: 'Object Repository/Final Object Repo/New Registration - Registration Module Pages/New Reg - OTC to RO/Special Case - OTC - Form 1/BRN Search' is clicked on

2018-10-20 18:09:05 - [MESSAGE][PASSED] - Object: 'Object Repository/Final Object Repo/New Registration - Registration Module Pages/New Reg - OTC to RO/Special Case - OTC - Form 1/BRN Search' is clicked on

2018-10-20 18:09:05 - [TEST_STEP][PASSED] - delay: Delayed 4 second(s)

2018-10-20 18:09:09 - [MESSAGE][PASSED] - Delayed 4 second(s)

2018-10-20 18:09:09 - [TEST_STEP][PASSED] - click: Object: 'Object Repository/Final Object Repo/New Registration - Registration Module Pages/New Reg - OTC to RO/Special Case - OTC - Form 1/Registered with SSM - After Feb 2017' is clicked on

2018-10-20 18:09:09 - [MESSAGE][PASSED] - Object: 'Object Repository/Final Object Repo/New Registration - Registration Module Pages/New Reg - OTC to RO/Special Case - OTC - Form 1/Registered with SSM - After Feb 2017' is clicked on

2018-10-20 18:09:09 - [TEST_STEP][PASSED] - delay: Delayed 2 second(s)

2018-10-20 18:09:11 - [MESSAGE][PASSED] - Delayed 2 second(s)

2018-10-20 18:09:11 - [TEST_STEP][PASSED] - click: Object: 'Object Repository/Final Object Repo/New Registration - Registration Module Pages/Form 1/Registered As a Branch - Yes' is clicked on

2018-10-20 18:09:12 - [MESSAGE][PASSED] - Object: 'Object Repository/Final Object Repo/New Registration - Registration Module Pages/Form 1/Registered As a Branch - Yes' is clicked on

2018-10-20 18:09:12 - [TEST_STEP][PASSED] - click: Object: 'Object Repository/Final Object Repo/New Registration - Registration Module Pages/New Reg - OTC to RO/Special Case - OTC - Form 1/Acknowledgement Ticked' is clicked on

2018-10-20 18:09:12 - [MESSAGE][PASSED] - Object: 'Object Repository/Final Object Repo/New Registration - Registration Module Pages/New Reg - OTC to RO/Special Case - OTC - Form 1/Acknowledgement Ticked' is clicked on

2018-10-20 18:09:12 - [TEST_STEP][PASSED] - setText: Text 'perkeso461163626583@gmail.com' is set on object 'Object Repository/Final Object Repo/New Registration - Registration Module Pages/Form 1/Email'

2018-10-20 18:09:12 - [MESSAGE][PASSED] - Text 'perkeso461163626583@gmail.com' is set on object 'Object Repository/Final Object Repo/New Registration - Registration Module Pages/Form 1/Email'

2018-10-20 18:09:12 - [TEST_STEP][PASSED] - click: Object: 'Object Repository/Final Object Repo/New Registration - Registration Module Pages/New Reg - OTC to RO/Special Case - OTC - Form 1/Submit Button' is clicked on

2018-10-20 18:09:12 - [MESSAGE][PASSED] - Object: 'Object Repository/Final Object Repo/New Registration - Registration Module Pages/New Reg - OTC to RO/Special Case - OTC - Form 1/Submit Button' is clicked on

2018-10-20 18:09:12 - [TEST_STEP][PASSED] - callTestCase: Call Test Case 'Test Cases/Final Aug 2018 - PKS Automation/Registration Module/New Registration/Form 2/Add 1 Eligible - Employer Account Use' successfully

2018-10-20 18:09:12 - [TEST_CASE][PASSED] - Test Cases/Final Aug 2018 - PKS Automation/Registration Module/New Registration/Form 2/Add 1 Eligible - Employer Account Use: Test Cases/Final Aug 2018 - PKS Automation/Registration Module/New Registration/Form 2/Add 1 Eligible - Employer Account Use

2018-10-20 18:09:12 - [TEST_STEP][PASSED] - delay: Delayed 2 second(s)

2018-10-20 18:09:14 - [MESSAGE][PASSED] - Delayed 2 second(s)

2018-10-20 18:09:14 - [TEST_STEP][PASSED] - callTestCase: Call Test Case 'Test Cases/Final Aug 2018 - PKS Automation/Registration Module/New Registration/Form 2/Date Updater' successfully

2018-10-20 18:09:15 - [TEST_CASE][PASSED] - Test Cases/Final Aug 2018 - PKS Automation/Registration Module/New Registration/Form 2/Date Updater: Test Cases/Final Aug 2018 - PKS Automation/Registration Module/New Registration/Form 2/Date Updater

2018-10-20 18:09:15 - [TEST_STEP][PASSED] - Statement - TodayDate = new java.util.Date(): null

2018-10-20 18:09:15 - [TEST_STEP][PASSED] - Statement - CurrentDateNoFilter = new java.text.SimpleDateFormat(): null

2018-10-20 18:09:15 - [TEST_STEP][PASSED] - Statement - CurrentDateNoFilter.applyPattern("dd"): null

2018-10-20 18:09:15 - [TEST_STEP][PASSED] - Statement - CurrentDate = CurrentDateNoFilter.format(TodayDate): null

2018-10-20 18:09:15 - [TEST_STEP][PASSED] - Statement - CurrentDate = java.lang.Integer.parseInt(CurrentDate): null

2018-10-20 18:09:15 - [TEST_STEP][PASSED] - Statement - CurrentDate = CurrentDate: null

2018-10-20 18:09:15 - [TEST_STEP][PASSED] - Statement - CurrentDay = java.lang.Integer.parseInt(CurrentDate): null

2018-10-20 18:09:15 - [TEST_STEP][PASSED] - Statement - aDayBefore = CurrentDay + 1: null

2018-10-20 18:09:15 - [TEST_STEP][PASSED] - Statement - DayBefore = aDayBefore.toString(): null

2018-10-20 18:09:15 - [TEST_STEP][PASSED] - Statement - OneDayBefore = DayBefore: null

2018-10-20 18:09:15 - [TEST_STEP][PASSED] - Statement - CurrentDateNoFilter.applyPattern("MM"): null

2018-10-20 18:09:15 - [TEST_STEP][PASSED] - Statement - monthContainerMatcher = java.lang.Integer.parseInt(CurrentDateNoFilter.format(TodayDate)): null

2018-10-20 18:09:15 - [TEST_STEP][PASSED] - Statement - monthContainerMatcher = monthContainerMatcher - 1: null

2018-10-20 18:09:15 - [TEST_STEP][PASSED] - Statement - CurrentMonth = monthContainerMatcher.toString(): null

2018-10-20 18:09:15 - [TEST_STEP][PASSED] - Statement - CurrentMonth = CurrentMonth: null

2018-10-20 18:09:15 - [TEST_STEP][PASSED] - Statement - CurrentDateNoFilter.applyPattern("yyyy"): null

2018-10-20 18:09:15 - [TEST_STEP][PASSED] - Statement - CurrentYear = CurrentDateNoFilter.format(TodayDate): null

2018-10-20 18:09:15 - [TEST_STEP][PASSED] - Statement - CurrentYear = CurrentYear: null

2018-10-20 18:09:15 - [TEST_STEP][PASSED] - Statement - intCurrentYear = java.lang.Integer.parseInt(CurrentDateNoFilter.format(TodayDate)): null

2018-10-20 18:09:15 - [TEST_STEP][PASSED] - Statement - eighteenYrsAgo = intCurrentYear - 18: null

2018-10-20 18:09:15 - [TEST_STEP][PASSED] - Statement - eighteenYrsBeforeThisYr = eighteenYrsAgo.toString(): null

2018-10-20 18:09:15 - [TEST_STEP][PASSED] - Statement - EighteenYrsBefore = eighteenYrsBeforeThisYr: null

2018-10-20 18:09:15 - [TEST_STEP][PASSED] - Statement - fiftysevenYrsAgo = intCurrentYear - 57: null

2018-10-20 18:09:15 - [TEST_STEP][PASSED] - Statement - fiftysevenYrsBeforeThisYr = fiftysevenYrsAgo.toString(): null

2018-10-20 18:09:15 - [TEST_STEP][PASSED] - Statement - FiftysevenYrsBefore = fiftysevenYrsBeforeThisYr: null

2018-10-20 18:09:15 - [MESSAGE][PASSED] - Call Test Case 'Test Cases/Final Aug 2018 - PKS Automation/Registration Module/New Registration/Form 2/Date Updater' successfully

2018-10-20 18:09:15 - [TEST_STEP][PASSED] - delay: Delayed 1 second(s)

2018-10-20 18:09:16 - [MESSAGE][PASSED] - Delayed 1 second(s)

2018-10-20 18:09:16 - [TEST_STEP][PASSED] - Statement - CaseReferenceNo = com.kms.katalon.core.webui.keyword.WebUiBuiltInKeywords.getText(com.kms.katalon.core.testobject.ObjectRepository.findTestObject(Final Object Repo/New Registration - Registration Module Pages/Form 2/RefNo Acquiring)): Text of object 'Object Repository/Final Object Repo/New Registration - Registration Module Pages/Form 2/RefNo Acquiring' is: 'CRN10201800122305'

2018-10-20 18:09:16 - [MESSAGE][PASSED] - Text of object 'Object Repository/Final Object Repo/New Registration - Registration Module Pages/Form 2/RefNo Acquiring' is: 'CRN10201800122305'

2018-10-20 18:09:16 - [TEST_STEP][PASSED] - delay: Delayed 1 second(s)

2018-10-20 18:09:17 - [MESSAGE][PASSED] - Delayed 1 second(s)

2018-10-20 18:09:17 - [TEST_STEP][PASSED] - click: Object: 'Object Repository/Final Object Repo/New Registration - Registration Module Pages/Form 2/Add Employee Button' is clicked on

2018-10-20 18:09:17 - [MESSAGE][PASSED] - Object: 'Object Repository/Final Object Repo/New Registration - Registration Module Pages/Form 2/Add Employee Button' is clicked on

2018-10-20 18:09:17 - [TEST_STEP][PASSED] - delay: Delayed 1 second(s)

2018-10-20 18:09:18 - [MESSAGE][PASSED] - Delayed 1 second(s)

2018-10-20 18:09:18 - [TEST_STEP][PASSED] - setText: Text '010903091948' is set on object 'Object Repository/Final Object Repo/New Registration - Registration Module Pages/Form 2/NRIC Input'

2018-10-20 18:09:18 - [MESSAGE][PASSED] - Text '010903091948' is set on object 'Object Repository/Final Object Repo/New Registration - Registration Module Pages/Form 2/NRIC Input'

2018-10-20 18:09:18 - [TEST_STEP][PASSED] - delay: Delayed 2 second(s)

2018-10-20 18:09:20 - [MESSAGE][PASSED] - Delayed 2 second(s)

2018-10-20 18:09:20 - [TEST_STEP][PASSED] - setText: Text 'Automate001 eligible 1' is set on object 'Object Repository/Final Object Repo/New Registration - Registration Module Pages/Form 2/Employee Name Input'

2018-10-20 18:09:21 - [MESSAGE][PASSED] - Text 'Automate001 eligible 1' is set on object 'Object Repository/Final Object Repo/New Registration - Registration Module Pages/Form 2/Employee Name Input'

2018-10-20 18:09:21 - [TEST_STEP][PASSED] - delay: Delayed 2 second(s)

2018-10-20 18:09:23 - [MESSAGE][PASSED] - Delayed 2 second(s)

2018-10-20 18:09:23 - [TEST_STEP][PASSED] - click: Object: 'Object Repository/Final Object Repo/New Registration - Registration Module Pages/Form 2/DatePicker Pop Up' is clicked on

2018-10-20 18:09:23 - [MESSAGE][PASSED] - Object: 'Object Repository/Final Object Repo/New Registration - Registration Module Pages/Form 2/DatePicker Pop Up' is clicked on

2018-10-20 18:09:23 - [TEST_STEP][PASSED] - click: Object: 'Object Repository/Final Object Repo/New Registration - Registration Module Pages/Form 2/DOB Month' is clicked on

2018-10-20 18:09:23 - [MESSAGE][PASSED] - Object: 'Object Repository/Final Object Repo/New Registration - Registration Module Pages/Form 2/DOB Month' is clicked on

2018-10-20 18:09:23 - [TEST_STEP][PASSED] - Statement - CurrentMonth = CurrentMonth: null

2018-10-20 18:09:23 - [TEST_STEP][PASSED] - Statement - selectMonth = new com.kms.katalon.core.testobject.TestObject(): null

2018-10-20 18:09:23 - [TEST_STEP][PASSED] - Statement - selectMonth.addProperty("xpath", EQUALS, "//body/div/div/div/select/option[@value='" + CurrentMonth + "']", true): null

2018-10-20 18:09:23 - [TEST_STEP][PASSED] - click: Object: '' is clicked on

2018-10-20 18:09:23 - [MESSAGE][PASSED] - Object: '' is clicked on

2018-10-20 18:09:23 - [TEST_STEP][PASSED] - click: Object: 'Object Repository/Final Object Repo/New Registration - Registration Module Pages/Form 2/DOB Year' is clicked on

2018-10-20 18:09:23 - [MESSAGE][PASSED] - Object: 'Object Repository/Final Object Repo/New Registration - Registration Module Pages/Form 2/DOB Year' is clicked on

2018-10-20 18:09:23 - [TEST_STEP][PASSED] - Statement - Eyearsbf = EighteenYrsBefore: null

2018-10-20 18:09:23 - [TEST_STEP][PASSED] - Statement - selectYear = new com.kms.katalon.core.testobject.TestObject(): null

2018-10-20 18:09:23 - [TEST_STEP][PASSED] - Statement - selectYear.addProperty("xpath", EQUALS, "//div/div/div/select/option[@value='" + Eyearsbf + "']", true): null

2018-10-20 18:09:23 - [TEST_STEP][PASSED] - click: Object: '' is clicked on

2018-10-20 18:09:23 - [MESSAGE][PASSED] - Object: '' is clicked on

2018-10-20 18:09:23 - [TEST_STEP][PASSED] - Statement - UpdatedSelectDate = com.kms.katalon.core.webui.keyword.WebUiBuiltInKeywords.modifyObjectProperty(com.kms.katalon.core.testobject.ObjectRepository.findTestObject(Final Object Repo/New Registration - Registration Module Pages/Form 2/DOB Date), "xpath", "equals", "//body/div/table/tbody/tr/td/a[text()="" + CurrentDate + ""]", true): Modify property of object successfully

2018-10-20 18:09:23 - [MESSAGE][PASSED] - Modify property of object successfully

2018-10-20 18:09:23 - [TEST_STEP][PASSED] - delay: Delayed 3 second(s)

2018-10-20 18:09:26 - [MESSAGE][PASSED] - Delayed 3 second(s)

2018-10-20 18:09:26 - [TEST_STEP][PASSED] - click: Object: 'Object Repository/Final Object Repo/New Registration - Registration Module Pages/Form 2/DOB Date' is clicked on

2018-10-20 18:09:27 - [MESSAGE][PASSED] - Object: 'Object Repository/Final Object Repo/New Registration - Registration Module Pages/Form 2/DOB Date' is clicked on

2018-10-20 18:09:27 - [TEST_STEP][PASSED] - delay: Delayed 2 second(s)

2018-10-20 18:09:29 - [MESSAGE][PASSED] - Delayed 2 second(s)

2018-10-20 18:09:29 - [TEST_STEP][PASSED] - click: Object: 'Object Repository/Final Object Repo/New Registration - Registration Module Pages/Form 2/EmploymentStartDate Pop Up' is clicked on

2018-10-20 18:09:29 - [MESSAGE][PASSED] - Object: 'Object Repository/Final Object Repo/New Registration - Registration Module Pages/Form 2/EmploymentStartDate Pop Up' is clicked on

2018-10-20 18:09:29 - [TEST_STEP][PASSED] - delay: Delayed 2 second(s)

2018-10-20 18:09:31 - [MESSAGE][PASSED] - Delayed 2 second(s)

2018-10-20 18:09:31 - [TEST_STEP][PASSED] - click: Object: 'Object Repository/Final Object Repo/New Registration - Registration Module Pages/Form 2/Socso Employment StartDate Month' is clicked on

2018-10-20 18:09:31 - [MESSAGE][PASSED] - Object: 'Object Repository/Final Object Repo/New Registration - Registration Module Pages/Form 2/Socso Employment StartDate Month' is clicked on

2018-10-20 18:09:31 - [TEST_STEP][PASSED] - delay: Delayed 1 second(s)

2018-10-20 18:09:32 - [MESSAGE][PASSED] - Delayed 1 second(s)

2018-10-20 18:09:32 - [TEST_STEP][PASSED] - click: Object: 'Object Repository/Final Object Repo/New Registration - Registration Module Pages/Form 2/Select Socso Employement Startdate Month' is clicked on

2018-10-20 18:09:32 - [MESSAGE][PASSED] - Object: 'Object Repository/Final Object Repo/New Registration - Registration Module Pages/Form 2/Select Socso Employement Startdate Month' is clicked on

2018-10-20 18:09:32 - [TEST_STEP][PASSED] - delay: Delayed 2 second(s)

2018-10-20 18:09:34 - [MESSAGE][PASSED] - Delayed 2 second(s)

2018-10-20 18:09:34 - [TEST_STEP][PASSED] - click: Object: 'Object Repository/Final Object Repo/New Registration - Registration Module Pages/Form 2/Socso Employment StartDate Year' is clicked on

2018-10-20 18:09:34 - [MESSAGE][PASSED] - Object: 'Object Repository/Final Object Repo/New Registration - Registration Module Pages/Form 2/Socso Employment StartDate Year' is clicked on

2018-10-20 18:09:34 - [TEST_STEP][PASSED] - delay: Delayed 1 second(s)

2018-10-20 18:09:35 - [MESSAGE][PASSED] - Delayed 1 second(s)

2018-10-20 18:09:35 - [TEST_STEP][PASSED] - click: Object: 'Object Repository/Final Object Repo/New Registration - Registration Module Pages/Form 2/Select Socso Employment Startdate Year' is clicked on

2018-10-20 18:09:36 - [MESSAGE][PASSED] - Object: 'Object Repository/Final Object Repo/New Registration - Registration Module Pages/Form 2/Select Socso Employment Startdate Year' is clicked on

2018-10-20 18:09:36 - [TEST_STEP][PASSED] - delay: Delayed 2 second(s)

2018-10-20 18:09:38 - [MESSAGE][PASSED] - Delayed 2 second(s)

2018-10-20 18:09:38 - [TEST_STEP][PASSED] - click: Object: 'Object Repository/Final Object Repo/New Registration - Registration Module Pages/Form 2/Socso Employment Start Date Day' is clicked on

2018-10-20 18:09:38 - [MESSAGE][PASSED] - Object: 'Object Repository/Final Object Repo/New Registration - Registration Module Pages/Form 2/Socso Employment Start Date Day' is clicked on

2018-10-20 18:09:38 - [TEST_STEP][PASSED] - delay: Delayed 2 second(s)

2018-10-20 18:09:40 - [MESSAGE][PASSED] - Delayed 2 second(s)

2018-10-20 18:09:40 - [TEST_STEP][PASSED] - click: Object: 'Object Repository/Final Object Repo/New Registration - Registration Module Pages/Form 2/Save Button for Add Employee' is clicked on

2018-10-20 18:09:40 - [MESSAGE][PASSED] - Object: 'Object Repository/Final Object Repo/New Registration - Registration Module Pages/Form 2/Save Button for Add Employee' is clicked on

2018-10-20 18:09:40 - [TEST_STEP][PASSED] - delay: Delayed 6 second(s)

2018-10-20 18:09:46 - [MESSAGE][PASSED] - Delayed 6 second(s)

2018-10-20 18:09:46 - [TEST_STEP][PASSED] - click: Object: 'Object Repository/Final Object Repo/New Registration - Registration Module Pages/Form 2/Save and Continue Form 2' is clicked on

2018-10-20 18:09:46 - [MESSAGE][PASSED] - Object: 'Object Repository/Final Object Repo/New Registration - Registration Module Pages/Form 2/Save and Continue Form 2' is clicked on

2018-10-20 18:09:46 - [MESSAGE][PASSED] - Call Test Case 'Test Cases/Final Aug 2018 - PKS Automation/Registration Module/New Registration/Form 2/Add 1 Eligible - Employer Account Use' successfully

2018-10-20 18:09:46 - [TEST_STEP][PASSED] - callTestCase: Call Test Case 'Test Cases/Final Aug 2018 - PKS Automation/Registration Module/New Registration/Flow of New Registration/Third Screen - Upload Supporting Doc - Preview' successfully

2018-10-20 18:09:46 - [TEST_CASE][PASSED] - Test Cases/Final Aug 2018 - PKS Automation/Registration Module/New Registration/Flow of New Registration/Third Screen - Upload Supporting Doc - Preview: Test Cases/Final Aug 2018 - PKS Automation/Registration Module/New Registration/Flow of New Registration/Third Screen - Upload Supporting Doc - Preview

2018-10-20 18:09:46 - [TEST_STEP][PASSED] - waitForPageLoad: Wait for page load successfully

2018-10-20 18:09:47 - [MESSAGE][PASSED] - Wait for page load successfully

2018-10-20 18:09:47 - [TEST_STEP][PASSED] - Statement - CaseReferenceNo = com.kms.katalon.core.webui.keyword.WebUiBuiltInKeywords.getText(com.kms.katalon.core.testobject.ObjectRepository.findTestObject(Final Object Repo/New Registration - Registration Module Pages/Third Screen - Upload Supporting Doc- Preview/RefNo Acquiring)): Text of object 'Object Repository/Final Object Repo/New Registration - Registration Module Pages/Third Screen - Upload Supporting Doc- Preview/RefNo Acquiring' is: 'CRN10201800122305'

2018-10-20 18:09:47 - [MESSAGE][PASSED] - Text of object 'Object Repository/Final Object Repo/New Registration - Registration Module Pages/Third Screen - Upload Supporting Doc- Preview/RefNo Acquiring' is: 'CRN10201800122305'

2018-10-20 18:09:47 - [TEST_STEP][PASSED] - delay: Delayed 2 second(s)

2018-10-20 18:09:49 - [MESSAGE][PASSED] - Delayed 2 second(s)

2018-10-20 18:09:49 - [TEST_STEP][PASSED] - callTestCase: Call Test Case 'Test Cases/Final Aug 2018 - PKS Automation/Common/Reference Number Setter' successfully

2018-10-20 18:09:49 - [TEST_CASE][PASSED] - Test Cases/Final Aug 2018 - PKS Automation/Common/Reference Number Setter: Test Cases/Final Aug 2018 - PKS Automation/Common/Reference Number Setter

2018-10-20 18:09:49 - [TEST_STEP][PASSED] - Statement - RefNoOldFile = new java.io.File(C://KatalonReference.txt): null

2018-10-20 18:09:49 - [TEST_STEP][PASSED] - Statement - RefNoOldFile.delete(): null

2018-10-20 18:09:49 - [TEST_STEP][PASSED] - Statement - RefNo = new java.io.File(C://KatalonReference.txt): null

2018-10-20 18:09:49 - [TEST_STEP][PASSED] - Statement - RefNo.append(CaseReferenceNo): null

2018-10-20 18:09:49 - [TEST_STEP][PASSED] - Statement - out.println("


" + CaseReferenceNo + "


"): null

2018-10-20 18:09:49 - [MESSAGE][PASSED] - Call Test Case 'Test Cases/Final Aug 2018 - PKS Automation/Common/Reference Number Setter' successfully

2018-10-20 18:09:49 - [TEST_STEP][PASSED] - waitForElementClickable: Object 'Object Repository/Final Object Repo/New Registration - Registration Module Pages/Third Screen - Upload Supporting Doc- Preview/Save n Continue in SIP Employee Listing Page' is clickable

2018-10-20 18:09:49 - [MESSAGE][PASSED] - Object 'Object Repository/Final Object Repo/New Registration - Registration Module Pages/Third Screen - Upload Supporting Doc- Preview/Save n Continue in SIP Employee Listing Page' is clickable

2018-10-20 18:09:49 - [TEST_STEP][PASSED] - click: Object: 'Object Repository/Final Object Repo/New Registration - Registration Module Pages/Third Screen - Upload Supporting Doc- Preview/Save n Continue in SIP Employee Listing Page' is clicked on

2018-10-20 18:09:55 - [MESSAGE][PASSED] - Object: 'Object Repository/Final Object Repo/New Registration - Registration Module Pages/Third Screen - Upload Supporting Doc- Preview/Save n Continue in SIP Employee Listing Page' is clicked on

2018-10-20 18:09:55 - [TEST_STEP][PASSED] - delay: Delayed 6 second(s)

2018-10-20 18:10:01 - [MESSAGE][PASSED] - Delayed 6 second(s)

2018-10-20 18:10:01 - [TEST_STEP][PASSED] - click: Object: 'Object Repository/Final Object Repo/New Registration - Registration Module Pages/Third Screen - Upload Supporting Doc- Preview/Add Document Button' is clicked on

2018-10-20 18:10:01 - [MESSAGE][PASSED] - Object: 'Object Repository/Final Object Repo/New Registration - Registration Module Pages/Third Screen - Upload Supporting Doc- Preview/Add Document Button' is clicked on

2018-10-20 18:10:01 - [TEST_STEP][PASSED] - delay: Delayed 30 second(s)

2018-10-20 18:10:31 - [MESSAGE][PASSED] - Delayed 30 second(s)

2018-10-20 18:10:31 - [TEST_STEP][PASSED] - click: Object: 'Object Repository/Final Object Repo/New Registration - Registration Module Pages/Third Screen - Upload Supporting Doc- Preview/Supporting Doc Please Select Drop Down' is clicked on

2018-10-20 18:10:31 - [MESSAGE][PASSED] - Object: 'Object Repository/Final Object Repo/New Registration - Registration Module Pages/Third Screen - Upload Supporting Doc- Preview/Supporting Doc Please Select Drop Down' is clicked on

2018-10-20 18:10:31 - [TEST_STEP][PASSED] - delay: Delayed 2 second(s)

2018-10-20 18:10:33 - [MESSAGE][PASSED] - Delayed 2 second(s)

2018-10-20 18:10:33 - [TEST_STEP][PASSED] - click: Object: 'Object Repository/Final Object Repo/New Registration - Registration Module Pages/Third Screen - Upload Supporting Doc- Preview/Select to Upload Form 1' is clicked on

2018-10-20 18:10:34 - [MESSAGE][PASSED] - Object: 'Object Repository/Final Object Repo/New Registration - Registration Module Pages/Third Screen - Upload Supporting Doc- Preview/Select to Upload Form 1' is clicked on

2018-10-20 18:10:34 - [TEST_STEP][PASSED] - delay: Delayed 2 second(s)

2018-10-20 18:10:36 - [MESSAGE][PASSED] - Delayed 2 second(s)

2018-10-20 18:10:36 - [TEST_STEP][PASSED] - uploadFile: File 'C:\Users\Public\Pictures\Sample Pictures\Act.jpg' sent to object: 'Object Repository/Final Object Repo/New Registration - Registration Module Pages/Third Screen - Upload Supporting Doc- Preview/Upload File Adding'

2018-10-20 18:10:36 - [MESSAGE][PASSED] - File 'C:\Users\Public\Pictures\Sample Pictures\Act.jpg' sent to object: 'Object Repository/Final Object Repo/New Registration - Registration Module Pages/Third Screen - Upload Supporting Doc- Preview/Upload File Adding'

2018-10-20 18:10:36 - [TEST_STEP][PASSED] - delay: Delayed 5 second(s)

2018-10-20 18:10:41 - [MESSAGE][PASSED] - Delayed 5 second(s)

2018-10-20 18:10:41 - [TEST_STEP][PASSED] - click: Object: 'Object Repository/Final Object Repo/New Registration - Registration Module Pages/Third Screen - Upload Supporting Doc- Preview/Inner Form Add Document Button' is clicked on

2018-10-20 18:10:41 - [MESSAGE][PASSED] - Object: 'Object Repository/Final Object Repo/New Registration - Registration Module Pages/Third Screen - Upload Supporting Doc- Preview/Inner Form Add Document Button' is clicked on

2018-10-20 18:10:41 - [TEST_STEP][PASSED] - delay: Delayed 3 second(s)

2018-10-20 18:10:44 - [MESSAGE][PASSED] - Delayed 3 second(s)

2018-10-20 18:10:44 - [TEST_STEP][PASSED] - click: Object: 'Object Repository/Final Object Repo/New Registration - Registration Module Pages/Third Screen - Upload Supporting Doc- Preview/Add Document Button' is clicked on

2018-10-20 18:10:46 - [MESSAGE][PASSED] - Object: 'Object Repository/Final Object Repo/New Registration - Registration Module Pages/Third Screen - Upload Supporting Doc- Preview/Add Document Button' is clicked on

2018-10-20 18:10:46 - [TEST_STEP][PASSED] - delay: Delayed 30 second(s)

2018-10-20 18:11:16 - [MESSAGE][PASSED] - Delayed 30 second(s)

2018-10-20 18:11:16 - [TEST_STEP][PASSED] - click: Object: 'Object Repository/Final Object Repo/New Registration - Registration Module Pages/Third Screen - Upload Supporting Doc- Preview/Supporting Doc Please Select Drop Down' is clicked on

2018-10-20 18:11:16 - [MESSAGE][PASSED] - Object: 'Object Repository/Final Object Repo/New Registration - Registration Module Pages/Third Screen - Upload Supporting Doc- Preview/Supporting Doc Please Select Drop Down' is clicked on

2018-10-20 18:11:16 - [TEST_STEP][PASSED] - delay: Delayed 2 second(s)

2018-10-20 18:11:18 - [MESSAGE][PASSED] - Delayed 2 second(s)

2018-10-20 18:11:18 - [TEST_STEP][PASSED] - click: Object: 'Object Repository/Final Object Repo/New Registration - Registration Module Pages/Third Screen - Upload Supporting Doc- Preview/Select to Upload Form 2' is clicked on

2018-10-20 18:11:19 - [MESSAGE][PASSED] - Object: 'Object Repository/Final Object Repo/New Registration - Registration Module Pages/Third Screen - Upload Supporting Doc- Preview/Select to Upload Form 2' is clicked on

2018-10-20 18:11:19 - [TEST_STEP][PASSED] - delay: Delayed 2 second(s)

2018-10-20 18:11:21 - [MESSAGE][PASSED] - Delayed 2 second(s)

2018-10-20 18:11:21 - [TEST_STEP][PASSED] - uploadFile: File 'C:\Users\Public\Pictures\Sample Pictures\Act.jpg' sent to object: 'Object Repository/Final Object Repo/New Registration - Registration Module Pages/Third Screen - Upload Supporting Doc- Preview/Upload File Adding'

2018-10-20 18:11:21 - [MESSAGE][PASSED] - File 'C:\Users\Public\Pictures\Sample Pictures\Act.jpg' sent to object: 'Object Repository/Final Object Repo/New Registration - Registration Module Pages/Third Screen - Upload Supporting Doc- Preview/Upload File Adding'

2018-10-20 18:11:21 - [TEST_STEP][PASSED] - click: Object: 'Object Repository/Final Object Repo/New Registration - Registration Module Pages/Third Screen - Upload Supporting Doc- Preview/Inner Form Add Document Button' is clicked on

2018-10-20 18:11:21 - [MESSAGE][PASSED] - Object: 'Object Repository/Final Object Repo/New Registration - Registration Module Pages/Third Screen - Upload Supporting Doc- Preview/Inner Form Add Document Button' is clicked on

2018-10-20 18:11:21 - [TEST_STEP][PASSED] - delay: Delayed 4 second(s)

2018-10-20 18:11:25 - [MESSAGE][PASSED] - Delayed 4 second(s)

2018-10-20 18:11:25 - [TEST_STEP][PASSED] - click: Object: 'Object Repository/Final Object Repo/New Registration - Registration Module Pages/Third Screen - Upload Supporting Doc- Preview/Add Document Button' is clicked on

2018-10-20 18:11:27 - [MESSAGE][PASSED] - Object: 'Object Repository/Final Object Repo/New Registration - Registration Module Pages/Third Screen - Upload Supporting Doc- Preview/Add Document Button' is clicked on

2018-10-20 18:11:27 - [TEST_STEP][PASSED] - delay: Delayed 30 second(s)

2018-10-20 18:11:57 - [MESSAGE][PASSED] - Delayed 30 second(s)

2018-10-20 18:11:57 - [TEST_STEP][PASSED] - click: Object: 'Object Repository/Final Object Repo/New Registration - Registration Module Pages/Third Screen - Upload Supporting Doc- Preview/Supporting Doc Please Select Drop Down' is clicked on

2018-10-20 18:11:57 - [MESSAGE][PASSED] - Object: 'Object Repository/Final Object Repo/New Registration - Registration Module Pages/Third Screen - Upload Supporting Doc- Preview/Supporting Doc Please Select Drop Down' is clicked on

2018-10-20 18:11:57 - [TEST_STEP][PASSED] - click: Object: 'Object Repository/Final Object Repo/New Registration - Registration Module Pages/Third Screen - Upload Supporting Doc- Preview/Select to Upload Borang SIP 1' is clicked on

2018-10-20 18:11:57 - [MESSAGE][PASSED] - Object: 'Object Repository/Final Object Repo/New Registration - Registration Module Pages/Third Screen - Upload Supporting Doc- Preview/Select to Upload Borang SIP 1' is clicked on

2018-10-20 18:11:57 - [TEST_STEP][PASSED] - delay: Delayed 2 second(s)

2018-10-20 18:11:59 - [MESSAGE][PASSED] - Delayed 2 second(s)

2018-10-20 18:11:59 - [TEST_STEP][PASSED] - uploadFile: File 'C:\Users\Public\Pictures\Sample Pictures\Act.jpg' sent to object: 'Object Repository/Final Object Repo/New Registration - Registration Module Pages/Third Screen - Upload Supporting Doc- Preview/Upload File Adding'

2018-10-20 18:11:59 - [MESSAGE][PASSED] - File 'C:\Users\Public\Pictures\Sample Pictures\Act.jpg' sent to object: 'Object Repository/Final Object Repo/New Registration - Registration Module Pages/Third Screen - Upload Supporting Doc- Preview/Upload File Adding'

2018-10-20 18:11:59 - [TEST_STEP][PASSED] - click: Object: 'Object Repository/Final Object Repo/New Registration - Registration Module Pages/Third Screen - Upload Supporting Doc- Preview/Inner Form Add Document Button' is clicked on

2018-10-20 18:11:59 - [MESSAGE][PASSED] - Object: 'Object Repository/Final Object Repo/New Registration - Registration Module Pages/Third Screen - Upload Supporting Doc- Preview/Inner Form Add Document Button' is clicked on

2018-10-20 18:11:59 - [TEST_STEP][PASSED] - delay: Delayed 5 second(s)

2018-10-20 18:12:04 - [MESSAGE][PASSED] - Delayed 5 second(s)

2018-10-20 18:12:04 - [TEST_STEP][PASSED] - click: Object: 'Object Repository/Final Object Repo/New Registration - Registration Module Pages/Third Screen - Upload Supporting Doc- Preview/Add Document Button' is clicked on

2018-10-20 18:12:05 - [MESSAGE][PASSED] - Object: 'Object Repository/Final Object Repo/New Registration - Registration Module Pages/Third Screen - Upload Supporting Doc- Preview/Add Document Button' is clicked on

2018-10-20 18:12:05 - [TEST_STEP][PASSED] - delay: Delayed 30 second(s)

2018-10-20 18:12:35 - [MESSAGE][PASSED] - Delayed 30 second(s)

2018-10-20 18:12:35 - [TEST_STEP][PASSED] - click: Object: 'Object Repository/Final Object Repo/New Registration - Registration Module Pages/Third Screen - Upload Supporting Doc- Preview/Supporting Doc Please Select Drop Down' is clicked on

2018-10-20 18:12:35 - [MESSAGE][PASSED] - Object: 'Object Repository/Final Object Repo/New Registration - Registration Module Pages/Third Screen - Upload Supporting Doc- Preview/Supporting Doc Please Select Drop Down' is clicked on

2018-10-20 18:12:35 - [TEST_STEP][PASSED] - delay: Delayed 3 second(s)

2018-10-20 18:12:38 - [MESSAGE][PASSED] - Delayed 3 second(s)

2018-10-20 18:12:38 - [TEST_STEP][PASSED] - click: Object: 'Object Repository/Final Object Repo/New Registration - Registration Module Pages/Third Screen - Upload Supporting Doc- Preview/Select to Upload Borang SIP 2' is clicked on

2018-10-20 18:12:38 - [MESSAGE][PASSED] - Object: 'Object Repository/Final Object Repo/New Registration - Registration Module Pages/Third Screen - Upload Supporting Doc- Preview/Select to Upload Borang SIP 2' is clicked on

2018-10-20 18:12:38 - [TEST_STEP][PASSED] - delay: Delayed 2 second(s)

2018-10-20 18:12:40 - [MESSAGE][PASSED] - Delayed 2 second(s)

2018-10-20 18:12:40 - [TEST_STEP][PASSED] - uploadFile: File 'C:\Users\Public\Pictures\Sample Pictures\Act.jpg' sent to object: 'Object Repository/Final Object Repo/New Registration - Registration Module Pages/Third Screen - Upload Supporting Doc- Preview/Upload File Adding'

2018-10-20 18:12:40 - [MESSAGE][PASSED] - File 'C:\Users\Public\Pictures\Sample Pictures\Act.jpg' sent to object: 'Object Repository/Final Object Repo/New Registration - Registration Module Pages/Third Screen - Upload Supporting Doc- Preview/Upload File Adding'

2018-10-20 18:12:40 - [TEST_STEP][PASSED] - delay: Delayed 5 second(s)

2018-10-20 18:12:45 - [MESSAGE][PASSED] - Delayed 5 second(s)

2018-10-20 18:12:45 - [TEST_STEP][PASSED] - click: Object: 'Object Repository/Final Object Repo/New Registration - Registration Module Pages/Third Screen - Upload Supporting Doc- Preview/Inner Form Add Document Button' is clicked on

2018-10-20 18:12:45 - [MESSAGE][PASSED] - Object: 'Object Repository/Final Object Repo/New Registration - Registration Module Pages/Third Screen - Upload Supporting Doc- Preview/Inner Form Add Document Button' is clicked on

2018-10-20 18:12:45 - [TEST_STEP][PASSED] - delay: Delayed 3 second(s)

2018-10-20 18:12:48 - [MESSAGE][PASSED] - Delayed 3 second(s)

2018-10-20 18:12:48 - [TEST_STEP][PASSED] - waitForElementClickable: Object 'Object Repository/Final Object Repo/New Registration - Registration Module Pages/Third Screen - Upload Supporting Doc- Preview/Save n Continue in Uploading Supporting Doc Page' is clickable

2018-10-20 18:12:51 - [MESSAGE][PASSED] - Object 'Object Repository/Final Object Repo/New Registration - Registration Module Pages/Third Screen - Upload Supporting Doc- Preview/Save n Continue in Uploading Supporting Doc Page' is clickable

2018-10-20 18:12:51 - [TEST_STEP][PASSED] - click: Object: 'Object Repository/Final Object Repo/New Registration - Registration Module Pages/Third Screen - Upload Supporting Doc- Preview/Save n Continue in Uploading Supporting Doc Page' is clicked on

2018-10-20 18:12:51 - [MESSAGE][PASSED] - Object: 'Object Repository/Final Object Repo/New Registration - Registration Module Pages/Third Screen - Upload Supporting Doc- Preview/Save n Continue in Uploading Supporting Doc Page' is clicked on

2018-10-20 18:12:51 - [MESSAGE][PASSED] - Call Test Case 'Test Cases/Final Aug 2018 - PKS Automation/Registration Module/New Registration/Flow of New Registration/Third Screen - Upload Supporting Doc - Preview' successfully

2018-10-20 18:12:51 - [TEST_STEP][PASSED] - setText: Text 'Tester' is set on object 'Object Repository/Final Object Repo/New Registration - Registration Module Pages/New Reg - OTC to RO/Special Case - All Related Objects/Employer Preview Name'

2018-10-20 18:12:56 - [MESSAGE][PASSED] - Text 'Tester' is set on object 'Object Repository/Final Object Repo/New Registration - Registration Module Pages/New Reg - OTC to RO/Special Case - All Related Objects/Employer Preview Name'

2018-10-20 18:12:56 - [TEST_STEP][PASSED] - click: Object: 'Object Repository/Final Object Repo/New Registration - Registration Module Pages/New Reg - OTC to RO/Special Case - All Related Objects/IC Type Drop Down' is clicked on

2018-10-20 18:12:56 - [MESSAGE][PASSED] - Object: 'Object Repository/Final Object Repo/New Registration - Registration Module Pages/New Reg - OTC to RO/Special Case - All Related Objects/IC Type Drop Down' is clicked on

2018-10-20 18:12:56 - [TEST_STEP][PASSED] - click: Object: 'Object Repository/Final Object Repo/New Registration - Registration Module Pages/New Reg - OTC to RO/Special Case - All Related Objects/Select to NRIC' is clicked on

2018-10-20 18:12:56 - [MESSAGE][PASSED] - Object: 'Object Repository/Final Object Repo/New Registration - Registration Module Pages/New Reg - OTC to RO/Special Case - All Related Objects/Select to NRIC' is clicked on

2018-10-20 18:12:56 - [TEST_STEP][PASSED] - setText: Text '133245561223' is set on object 'Object Repository/Final Object Repo/New Registration - Registration Module Pages/New Reg - OTC to RO/Special Case - All Related Objects/IC Value'

2018-10-20 18:12:56 - [MESSAGE][PASSED] - Text '133245561223' is set on object 'Object Repository/Final Object Repo/New Registration - Registration Module Pages/New Reg - OTC to RO/Special Case - All Related Objects/IC Value'

2018-10-20 18:12:56 - [TEST_STEP][PASSED] - setText: Text 'Auto' is set on object 'Object Repository/Final Object Repo/New Registration - Registration Module Pages/New Reg - OTC to RO/Special Case - All Related Objects/Designation'

2018-10-20 18:12:56 - [MESSAGE][PASSED] - Text 'Auto' is set on object 'Object Repository/Final Object Repo/New Registration - Registration Module Pages/New Reg - OTC to RO/Special Case - All Related Objects/Designation'

2018-10-20 18:12:56 - [TEST_STEP][PASSED] - callTestCase: Call Test Case 'Test Cases/Final Aug 2018 - PKS Automation/Registration Module/New Registration/Submit and Screenshot/Submit Registration and Screenshot - Copy' successfully

2018-10-20 18:12:56 - [TEST_CASE][PASSED] - Test Cases/Final Aug 2018 - PKS Automation/Registration Module/New Registration/Submit and Screenshot/Submit Registration and Screenshot - Copy: Test Cases/Final Aug 2018 - PKS Automation/Registration Module/New Registration/Submit and Screenshot/Submit Registration and Screenshot - Copy

2018-10-20 18:12:57 - [TEST_STEP][PASSED] - delay: Delayed 6 second(s)

2018-10-20 18:13:03 - [MESSAGE][PASSED] - Delayed 6 second(s)

2018-10-20 18:13:03 - [TEST_STEP][PASSED] - click: Object: 'Object Repository/Final Object Repo/New Registration - Registration Module Pages/Third Screen - Upload Supporting Doc- Preview/Preview Submit Button' is clicked on

2018-10-20 18:13:03 - [MESSAGE][PASSED] - Object: 'Object Repository/Final Object Repo/New Registration - Registration Module Pages/Third Screen - Upload Supporting Doc- Preview/Preview Submit Button' is clicked on

2018-10-20 18:13:03 - [TEST_STEP][PASSED] - delay: Delayed 2 second(s)

2018-10-20 18:13:05 - [MESSAGE][PASSED] - Delayed 2 second(s)

2018-10-20 18:13:05 - [TEST_STEP][PASSED] - click: Object: 'Object Repository/Final Object Repo/New Registration - Registration Module Pages/Third Screen - Upload Supporting Doc- Preview/Preview Submit - Confirm' is clicked on

2018-10-20 18:13:05 - [MESSAGE][PASSED] - Object: 'Object Repository/Final Object Repo/New Registration - Registration Module Pages/Third Screen - Upload Supporting Doc- Preview/Preview Submit - Confirm' is clicked on

2018-10-20 18:13:05 - [TEST_STEP][PASSED] - delay: Delayed 15 second(s)

2018-10-20 18:13:20 - [MESSAGE][PASSED] - Delayed 15 second(s)

2018-10-20 18:13:20 - [TEST_STEP][PASSED] - Statement - driver = com.kms.katalon.core.webui.driver.DriverFactory.getWebDriver(): null

2018-10-20 18:13:20 - [TEST_STEP][PASSED] - Statement - driver.manage().timeouts().implicitlyWait(10, SECONDS): null

2018-10-20 18:13:20 - [TEST_STEP][PASSED] - Statement - PresavePath = KatalonScreenshots: null

2018-10-20 18:13:20 - [TEST_STEP][PASSED] - Statement - pathPrefix = "C:\Users\Public\Pictures\Sample Pictures\Katalon Screenshots\Automate Ending Screen": null

2018-10-20 18:13:20 - [TEST_STEP][PASSED] - Statement - finalPath = <not implemented yet for class: org.codehaus.groovy.ast.expr.EmptyExpression>: null

2018-10-20 18:13:20 - [TEST_STEP][PASSED] - Statement - scrFile = driver.getScreenshotAs(FILE): null

2018-10-20 18:13:20 - [TEST_STEP][PASSED] - Statement - PreSaveFile = new java.io.File(PresavePath): null

2018-10-20 18:13:20 - [TEST_STEP][PASSED] - Statement - counter = 0: null

2018-10-20 18:13:20 - [TEST_STEP][PASSED] - Statement - If (PreSaveFile.exists()): null

2018-10-20 18:13:20 - [TEST_STEP][PASSED] - Statement - While (PreSaveFile.exists()): null

2018-10-20 18:13:20 - [TEST_STEP][PASSED] - Statement - counter = counter + 1: null

2018-10-20 18:13:20 - [TEST_STEP][PASSED] - Statement - PreSaveFile = new java.io.File(((pathPrefix + java.lang.Integer.toString(counter)) + .png)): null

2018-10-20 18:13:20 - [TEST_STEP][PASSED] - Statement - counter = counter + 1: null

2018-10-20 18:13:20 - [TEST_STEP][PASSED] - Statement - PreSaveFile = new java.io.File(((pathPrefix + java.lang.Integer.toString(counter)) + .png)): null

2018-10-20 18:13:20 - [TEST_STEP][PASSED] - Statement - counter = counter + 1: null

2018-10-20 18:13:20 - [TEST_STEP][PASSED] - Statement - PreSaveFile = new java.io.File(((pathPrefix + java.lang.Integer.toString(counter)) + .png)): null

2018-10-20 18:13:20 - [TEST_STEP][PASSED] - Statement - counter = counter + 1: null

2018-10-20 18:13:20 - [TEST_STEP][PASSED] - Statement - PreSaveFile = new java.io.File(((pathPrefix + java.lang.Integer.toString(counter)) + .png)): null

2018-10-20 18:13:20 - [TEST_STEP][PASSED] - Statement - counter = counter + 1: null

2018-10-20 18:13:20 - [TEST_STEP][PASSED] - Statement - PreSaveFile = new java.io.File(((pathPrefix + java.lang.Integer.toString(counter)) + .png)): null

2018-10-20 18:13:20 - [TEST_STEP][PASSED] - Statement - counter = counter + 1: null

2018-10-20 18:13:20 - [TEST_STEP][PASSED] - Statement - PreSaveFile = new java.io.File(((pathPrefix + java.lang.Integer.toString(counter)) + .png)): null

2018-10-20 18:13:20 - [TEST_STEP][PASSED] - Statement - counter = counter + 1: null

2018-10-20 18:13:20 - [TEST_STEP][PASSED] - Statement - PreSaveFile = new java.io.File(((pathPrefix + java.lang.Integer.toString(counter)) + .png)): null

2018-10-20 18:13:20 - [TEST_STEP][PASSED] - Statement - counter = counter + 1: null

2018-10-20 18:13:20 - [TEST_STEP][PASSED] - Statement - PreSaveFile = new java.io.File(((pathPrefix + java.lang.Integer.toString(counter)) + .png)): null

2018-10-20 18:13:20 - [TEST_STEP][PASSED] - Statement - counter = counter + 1: null

2018-10-20 18:13:20 - [TEST_STEP][PASSED] - Statement - PreSaveFile = new java.io.File(((pathPrefix + java.lang.Integer.toString(counter)) + .png)): null

2018-10-20 18:13:20 - [TEST_STEP][PASSED] - Statement - counter = counter + 1: null

2018-10-20 18:13:20 - [TEST_STEP][PASSED] - Statement - PreSaveFile = new java.io.File(((pathPrefix + java.lang.Integer.toString(counter)) + .png)): null

2018-10-20 18:13:20 - [TEST_STEP][PASSED] - Statement - counter = counter + 1: null

2018-10-20 18:13:20 - [TEST_STEP][PASSED] - Statement - PreSaveFile = new java.io.File(((pathPrefix + java.lang.Integer.toString(counter)) + .png)): null

2018-10-20 18:13:20 - [TEST_STEP][PASSED] - Statement - counter = counter + 1: null

2018-10-20 18:13:20 - [TEST_STEP][PASSED] - Statement - PreSaveFile = new java.io.File(((pathPrefix + java.lang.Integer.toString(counter)) + .png)): null

2018-10-20 18:13:20 - [TEST_STEP][PASSED] - Statement - counter = counter + 1: null

2018-10-20 18:13:20 - [TEST_STEP][PASSED] - Statement - PreSaveFile = new java.io.File(((pathPrefix + java.lang.Integer.toString(counter)) + .png)): null

2018-10-20 18:13:20 - [TEST_STEP][PASSED] - Statement - counter = counter + 1: null

2018-10-20 18:13:20 - [TEST_STEP][PASSED] - Statement - PreSaveFile = new java.io.File(((pathPrefix + java.lang.Integer.toString(counter)) + .png)): null

2018-10-20 18:13:20 - [TEST_STEP][PASSED] - Statement - counter = counter + 1: null

2018-10-20 18:13:20 - [TEST_STEP][PASSED] - Statement - PreSaveFile = new java.io.File(((pathPrefix + java.lang.Integer.toString(counter)) + .png)): null

2018-10-20 18:13:20 - [TEST_STEP][PASSED] - Statement - counter = counter + 1: null

2018-10-20 18:13:20 - [TEST_STEP][PASSED] - Statement - PreSaveFile = new java.io.File(((pathPrefix + java.lang.Integer.toString(counter)) + .png)): null

2018-10-20 18:13:20 - [TEST_STEP][PASSED] - Statement - counter = counter + 1: null

2018-10-20 18:13:20 - [TEST_STEP][PASSED] - Statement - PreSaveFile = new java.io.File(((pathPrefix + java.lang.Integer.toString(counter)) + .png)): null

2018-10-20 18:13:20 - [TEST_STEP][PASSED] - Statement - counter = counter + 1: null

2018-10-20 18:13:20 - [TEST_STEP][PASSED] - Statement - PreSaveFile = new java.io.File(((pathPrefix + java.lang.Integer.toString(counter)) + .png)): null

2018-10-20 18:13:20 - [TEST_STEP][PASSED] - Statement - counter = counter + 1: null

2018-10-20 18:13:20 - [TEST_STEP][PASSED] - Statement - PreSaveFile = new java.io.File(((pathPrefix + java.lang.Integer.toString(counter)) + .png)): null

2018-10-20 18:13:20 - [TEST_STEP][PASSED] - Statement - counter = counter + 1: null

2018-10-20 18:13:20 - [TEST_STEP][PASSED] - Statement - PreSaveFile = new java.io.File(((pathPrefix + java.lang.Integer.toString(counter)) + .png)): null

2018-10-20 18:13:20 - [TEST_STEP][PASSED] - Statement - counter = counter + 1: null

2018-10-20 18:13:20 - [TEST_STEP][PASSED] - Statement - PreSaveFile = new java.io.File(((pathPrefix + java.lang.Integer.toString(counter)) + .png)): null

2018-10-20 18:13:20 - [TEST_STEP][PASSED] - Statement - counter = counter + 1: null

2018-10-20 18:13:20 - [TEST_STEP][PASSED] - Statement - PreSaveFile = new java.io.File(((pathPrefix + java.lang.Integer.toString(counter)) + .png)): null

2018-10-20 18:13:20 - [TEST_STEP][PASSED] - Statement - counter = counter + 1: null

2018-10-20 18:13:20 - [TEST_STEP][PASSED] - Statement - PreSaveFile = new java.io.File(((pathPrefix + java.lang.Integer.toString(counter)) + .png)): null

2018-10-20 18:13:20 - [TEST_STEP][PASSED] - Statement - counter = counter + 1: null

2018-10-20 18:13:20 - [TEST_STEP][PASSED] - Statement - PreSaveFile = new java.io.File(((pathPrefix + java.lang.Integer.toString(counter)) + .png)): null

2018-10-20 18:13:20 - [TEST_STEP][PASSED] - Statement - counter = counter + 1: null

2018-10-20 18:13:20 - [TEST_STEP][PASSED] - Statement - PreSaveFile = new java.io.File(((pathPrefix + java.lang.Integer.toString(counter)) + .png)): null

2018-10-20 18:13:20 - [TEST_STEP][PASSED] - Statement - counter = counter + 1: null

2018-10-20 18:13:20 - [TEST_STEP][PASSED] - Statement - PreSaveFile = new java.io.File(((pathPrefix + java.lang.Integer.toString(counter)) + .png)): null

2018-10-20 18:13:20 - [TEST_STEP][PASSED] - Statement - counter = counter + 1: null

2018-10-20 18:13:20 - [TEST_STEP][PASSED] - Statement - PreSaveFile = new java.io.File(((pathPrefix + java.lang.Integer.toString(counter)) + .png)): null

2018-10-20 18:13:20 - [TEST_STEP][PASSED] - Statement - counter = counter + 1: null

2018-10-20 18:13:20 - [TEST_STEP][PASSED] - Statement - PreSaveFile = new java.io.File(((pathPrefix + java.lang.Integer.toString(counter)) + .png)): null

2018-10-20 18:13:20 - [TEST_STEP][PASSED] - Statement - counter = counter + 1: null

2018-10-20 18:13:20 - [TEST_STEP][PASSED] - Statement - PreSaveFile = new java.io.File(((pathPrefix + java.lang.Integer.toString(counter)) + .png)): null

2018-10-20 18:13:20 - [TEST_STEP][PASSED] - Statement - counter = counter + 1: null

2018-10-20 18:13:20 - [TEST_STEP][PASSED] - Statement - PreSaveFile = new java.io.File(((pathPrefix + java.lang.Integer.toString(counter)) + .png)): null

2018-10-20 18:13:20 - [TEST_STEP][PASSED] - Statement - counter = counter + 1: null

2018-10-20 18:13:20 - [TEST_STEP][PASSED] - Statement - PreSaveFile = new java.io.File(((pathPrefix + java.lang.Integer.toString(counter)) + .png)): null

2018-10-20 18:13:20 - [TEST_STEP][PASSED] - Statement - counter = counter + 1: null

2018-10-20 18:13:20 - [TEST_STEP][PASSED] - Statement - PreSaveFile = new java.io.File(((pathPrefix + java.lang.Integer.toString(counter)) + .png)): null

2018-10-20 18:13:20 - [TEST_STEP][PASSED] - Statement - counter = counter + 1: null

2018-10-20 18:13:20 - [TEST_STEP][PASSED] - Statement - PreSaveFile = new java.io.File(((pathPrefix + java.lang.Integer.toString(counter)) + .png)): null

2018-10-20 18:13:20 - [TEST_STEP][PASSED] - Statement - counter = counter + 1: null

2018-10-20 18:13:20 - [TEST_STEP][PASSED] - Statement - PreSaveFile = new java.io.File(((pathPrefix + java.lang.Integer.toString(counter)) + .png)): null

2018-10-20 18:13:20 - [TEST_STEP][PASSED] - Statement - counter = counter + 1: null

2018-10-20 18:13:20 - [TEST_STEP][PASSED] - Statement - PreSaveFile = new java.io.File(((pathPrefix + java.lang.Integer.toString(counter)) + .png)): null

2018-10-20 18:13:20 - [TEST_STEP][PASSED] - Statement - counter = counter + 1: null

2018-10-20 18:13:20 - [TEST_STEP][PASSED] - Statement - PreSaveFile = new java.io.File(((pathPrefix + java.lang.Integer.toString(counter)) + .png)): null

2018-10-20 18:13:20 - [TEST_STEP][PASSED] - Statement - counter = counter + 1: null

2018-10-20 18:13:20 - [TEST_STEP][PASSED] - Statement - PreSaveFile = new java.io.File(((pathPrefix + java.lang.Integer.toString(counter)) + .png)): null

2018-10-20 18:13:20 - [TEST_STEP][PASSED] - Statement - counter = counter + 1: null

2018-10-20 18:13:20 - [TEST_STEP][PASSED] - Statement - PreSaveFile = new java.io.File(((pathPrefix + java.lang.Integer.toString(counter)) + .png)): null

2018-10-20 18:13:20 - [TEST_STEP][PASSED] - Statement - counter = counter + 1: null

2018-10-20 18:13:20 - [TEST_STEP][PASSED] - Statement - PreSaveFile = new java.io.File(((pathPrefix + java.lang.Integer.toString(counter)) + .png)): null

2018-10-20 18:13:20 - [TEST_STEP][PASSED] - Statement - counter = counter + 1: null

2018-10-20 18:13:20 - [TEST_STEP][PASSED] - Statement - PreSaveFile = new java.io.File(((pathPrefix + java.lang.Integer.toString(counter)) + .png)): null

2018-10-20 18:13:20 - [TEST_STEP][PASSED] - Statement - counter = counter + 1: null

2018-10-20 18:13:20 - [TEST_STEP][PASSED] - Statement - PreSaveFile = new java.io.File(((pathPrefix + java.lang.Integer.toString(counter)) + .png)): null

2018-10-20 18:13:20 - [TEST_STEP][PASSED] - Statement - counter = counter + 1: null

2018-10-20 18:13:20 - [TEST_STEP][PASSED] - Statement - PreSaveFile = new java.io.File(((pathPrefix + java.lang.Integer.toString(counter)) + .png)): null

2018-10-20 18:13:20 - [TEST_STEP][PASSED] - Statement - counter = counter + 1: null

2018-10-20 18:13:20 - [TEST_STEP][PASSED] - Statement - PreSaveFile = new java.io.File(((pathPrefix + java.lang.Integer.toString(counter)) + .png)): null

2018-10-20 18:13:20 - [TEST_STEP][PASSED] - Statement - counter = counter + 1: null

2018-10-20 18:13:21 - [TEST_STEP][PASSED] - Statement - PreSaveFile = new java.io.File(((pathPrefix + java.lang.Integer.toString(counter)) + .png)): null

2018-10-20 18:13:21 - [TEST_STEP][PASSED] - Statement - counter = counter + 1: null

2018-10-20 18:13:21 - [TEST_STEP][PASSED] - Statement - PreSaveFile = new java.io.File(((pathPrefix + java.lang.Integer.toString(counter)) + .png)): null

2018-10-20 18:13:21 - [TEST_STEP][PASSED] - Statement - counter = counter + 1: null

2018-10-20 18:13:21 - [TEST_STEP][PASSED] - Statement - PreSaveFile = new java.io.File(((pathPrefix + java.lang.Integer.toString(counter)) + .png)): null

2018-10-20 18:13:21 - [TEST_STEP][PASSED] - Statement - counter = counter + 1: null

2018-10-20 18:13:21 - [TEST_STEP][PASSED] - Statement - PreSaveFile = new java.io.File(((pathPrefix + java.lang.Integer.toString(counter)) + .png)): null

2018-10-20 18:13:21 - [TEST_STEP][PASSED] - Statement - counter = counter + 1: null

2018-10-20 18:13:21 - [TEST_STEP][PASSED] - Statement - PreSaveFile = new java.io.File(((pathPrefix + java.lang.Integer.toString(counter)) + .png)): null

2018-10-20 18:13:21 - [TEST_STEP][PASSED] - Statement - counter = counter + 1: null

2018-10-20 18:13:21 - [TEST_STEP][PASSED] - Statement - PreSaveFile = new java.io.File(((pathPrefix + java.lang.Integer.toString(counter)) + .png)): null

2018-10-20 18:13:21 - [TEST_STEP][PASSED] - Statement - counter = counter + 1: null

2018-10-20 18:13:21 - [TEST_STEP][PASSED] - Statement - PreSaveFile = new java.io.File(((pathPrefix + java.lang.Integer.toString(counter)) + .png)): null

2018-10-20 18:13:21 - [TEST_STEP][PASSED] - Statement - counter = counter + 1: null

2018-10-20 18:13:21 - [TEST_STEP][PASSED] - Statement - PreSaveFile = new java.io.File(((pathPrefix + java.lang.Integer.toString(counter)) + .png)): null

2018-10-20 18:13:21 - [TEST_STEP][PASSED] - Statement - counter = counter + 1: null

2018-10-20 18:13:21 - [TEST_STEP][PASSED] - Statement - PreSaveFile = new java.io.File(((pathPrefix + java.lang.Integer.toString(counter)) + .png)): null

2018-10-20 18:13:21 - [TEST_STEP][PASSED] - Statement - counter = counter + 1: null

2018-10-20 18:13:21 - [TEST_STEP][PASSED] - Statement - PreSaveFile = new java.io.File(((pathPrefix + java.lang.Integer.toString(counter)) + .png)): null

2018-10-20 18:13:21 - [TEST_STEP][PASSED] - Statement - counter = counter + 1: null

2018-10-20 18:13:21 - [TEST_STEP][PASSED] - Statement - PreSaveFile = new java.io.File(((pathPrefix + java.lang.Integer.toString(counter)) + .png)): null

2018-10-20 18:13:21 - [TEST_STEP][PASSED] - Statement - counter = counter + 1: null

2018-10-20 18:13:21 - [TEST_STEP][PASSED] - Statement - PreSaveFile = new java.io.File(((pathPrefix + java.lang.Integer.toString(counter)) + .png)): null

2018-10-20 18:13:21 - [TEST_STEP][PASSED] - Statement - counter = counter + 1: null

2018-10-20 18:13:21 - [TEST_STEP][PASSED] - Statement - PreSaveFile = new java.io.File(((pathPrefix + java.lang.Integer.toString(counter)) + .png)): null

2018-10-20 18:13:21 - [TEST_STEP][PASSED] - Statement - counter = counter + 1: null

2018-10-20 18:13:21 - [TEST_STEP][PASSED] - Statement - PreSaveFile = new java.io.File(((pathPrefix + java.lang.Integer.toString(counter)) + .png)): null

2018-10-20 18:13:21 - [TEST_STEP][PASSED] - Statement - counter = counter + 1: null

2018-10-20 18:13:21 - [TEST_STEP][PASSED] - Statement - PreSaveFile = new java.io.File(((pathPrefix + java.lang.Integer.toString(counter)) + .png)): null

2018-10-20 18:13:21 - [TEST_STEP][PASSED] - Statement - counter = counter + 1: null

2018-10-20 18:13:21 - [TEST_STEP][PASSED] - Statement - PreSaveFile = new java.io.File(((pathPrefix + java.lang.Integer.toString(counter)) + .png)): null

2018-10-20 18:13:21 - [TEST_STEP][PASSED] - Statement - counter = counter + 1: null

2018-10-20 18:13:21 - [TEST_STEP][PASSED] - Statement - PreSaveFile = new java.io.File(((pathPrefix + java.lang.Integer.toString(counter)) + .png)): null

2018-10-20 18:13:21 - [TEST_STEP][PASSED] - Statement - counter = counter + 1: null

2018-10-20 18:13:21 - [TEST_STEP][PASSED] - Statement - PreSaveFile = new java.io.File(((pathPrefix + java.lang.Integer.toString(counter)) + .png)): null

2018-10-20 18:13:21 - [TEST_STEP][PASSED] - Statement - counter = counter + 1: null

2018-10-20 18:13:21 - [TEST_STEP][PASSED] - Statement - PreSaveFile = new java.io.File(((pathPrefix + java.lang.Integer.toString(counter)) + .png)): null

2018-10-20 18:13:21 - [TEST_STEP][PASSED] - Statement - counter = counter + 1: null

2018-10-20 18:13:21 - [TEST_STEP][PASSED] - Statement - PreSaveFile = new java.io.File(((pathPrefix + java.lang.Integer.toString(counter)) + .png)): null

2018-10-20 18:13:21 - [TEST_STEP][PASSED] - Statement - counter = counter + 1: null

2018-10-20 18:13:21 - [TEST_STEP][PASSED] - Statement - PreSaveFile = new java.io.File(((pathPrefix + java.lang.Integer.toString(counter)) + .png)): null

2018-10-20 18:13:21 - [TEST_STEP][PASSED] - Statement - counter = counter + 1: null

2018-10-20 18:13:21 - [TEST_STEP][PASSED] - Statement - PreSaveFile = new java.io.File(((pathPrefix + java.lang.Integer.toString(counter)) + .png)): null

2018-10-20 18:13:21 - [TEST_STEP][PASSED] - Statement - counter = counter + 1: null

2018-10-20 18:13:21 - [TEST_STEP][PASSED] - Statement - PreSaveFile = new java.io.File(((pathPrefix + java.lang.Integer.toString(counter)) + .png)): null

2018-10-20 18:13:21 - [TEST_STEP][PASSED] - Statement - counter = counter + 1: null

2018-10-20 18:13:21 - [TEST_STEP][PASSED] - Statement - PreSaveFile = new java.io.File(((pathPrefix + java.lang.Integer.toString(counter)) + .png)): null

2018-10-20 18:13:21 - [TEST_STEP][PASSED] - Statement - counter = counter + 1: null

2018-10-20 18:13:21 - [TEST_STEP][PASSED] - Statement - PreSaveFile = new java.io.File(((pathPrefix + java.lang.Integer.toString(counter)) + .png)): null

2018-10-20 18:13:21 - [TEST_STEP][PASSED] - Statement - counter = counter + 1: null

2018-10-20 18:13:21 - [TEST_STEP][PASSED] - Statement - PreSaveFile = new java.io.File(((pathPrefix + java.lang.Integer.toString(counter)) + .png)): null

2018-10-20 18:13:21 - [TEST_STEP][PASSED] - Statement - counter = counter + 1: null

2018-10-20 18:13:21 - [TEST_STEP][PASSED] - Statement - PreSaveFile = new java.io.File(((pathPrefix + java.lang.Integer.toString(counter)) + .png)): null

2018-10-20 18:13:21 - [TEST_STEP][PASSED] - Statement - counter = counter + 1: null

2018-10-20 18:13:21 - [TEST_STEP][PASSED] - Statement - PreSaveFile = new java.io.File(((pathPrefix + java.lang.Integer.toString(counter)) + .png)): null

2018-10-20 18:13:21 - [TEST_STEP][PASSED] - Statement - counter = counter + 1: null

2018-10-20 18:13:21 - [TEST_STEP][PASSED] - Statement - PreSaveFile = new java.io.File(((pathPrefix + java.lang.Integer.toString(counter)) + .png)): null

2018-10-20 18:13:21 - [TEST_STEP][PASSED] - Statement - counter = counter + 1: null

2018-10-20 18:13:21 - [TEST_STEP][PASSED] - Statement - PreSaveFile = new java.io.File(((pathPrefix + java.lang.Integer.toString(counter)) + .png)): null

2018-10-20 18:13:21 - [TEST_STEP][PASSED] - Statement - counter = counter + 1: null

2018-10-20 18:13:21 - [TEST_STEP][PASSED] - Statement - PreSaveFile = new java.io.File(((pathPrefix + java.lang.Integer.toString(counter)) + .png)): null

2018-10-20 18:13:21 - [TEST_STEP][PASSED] - Statement - counter = counter + 1: null

2018-10-20 18:13:21 - [TEST_STEP][PASSED] - Statement - PreSaveFile = new java.io.File(((pathPrefix + java.lang.Integer.toString(counter)) + .png)): null

2018-10-20 18:13:21 - [TEST_STEP][PASSED] - Statement - counter = counter + 1: null

2018-10-20 18:13:21 - [TEST_STEP][PASSED] - Statement - PreSaveFile = new java.io.File(((pathPrefix + java.lang.Integer.toString(counter)) + .png)): null

2018-10-20 18:13:21 - [TEST_STEP][PASSED] - Statement - counter = counter + 1: null

2018-10-20 18:13:21 - [TEST_STEP][PASSED] - Statement - PreSaveFile = new java.io.File(((pathPrefix + java.lang.Integer.toString(counter)) + .png)): null

2018-10-20 18:13:21 - [TEST_STEP][PASSED] - Statement - counter = counter + 1: null

2018-10-20 18:13:21 - [TEST_STEP][PASSED] - Statement - PreSaveFile = new java.io.File(((pathPrefix + java.lang.Integer.toString(counter)) + .png)): null

2018-10-20 18:13:21 - [TEST_STEP][PASSED] - Statement - counter = counter + 1: null

2018-10-20 18:13:21 - [TEST_STEP][PASSED] - Statement - PreSaveFile = new java.io.File(((pathPrefix + java.lang.Integer.toString(counter)) + .png)): null

2018-10-20 18:13:21 - [TEST_STEP][PASSED] - Statement - counter = counter + 1: null

2018-10-20 18:13:21 - [TEST_STEP][PASSED] - Statement - PreSaveFile = new java.io.File(((pathPrefix + java.lang.Integer.toString(counter)) + .png)): null

2018-10-20 18:13:21 - [TEST_STEP][PASSED] - Statement - counter = counter + 1: null

2018-10-20 18:13:21 - [TEST_STEP][PASSED] - Statement - PreSaveFile = new java.io.File(((pathPrefix + java.lang.Integer.toString(counter)) + .png)): null

2018-10-20 18:13:21 - [TEST_STEP][PASSED] - Statement - counter = counter + 1: null

2018-10-20 18:13:21 - [TEST_STEP][PASSED] - Statement - PreSaveFile = new java.io.File(((pathPrefix + java.lang.Integer.toString(counter)) + .png)): null

2018-10-20 18:13:21 - [TEST_STEP][PASSED] - Statement - counter = counter + 1: null

2018-10-20 18:13:21 - [TEST_STEP][PASSED] - Statement - PreSaveFile = new java.io.File(((pathPrefix + java.lang.Integer.toString(counter)) + .png)): null

2018-10-20 18:13:21 - [TEST_STEP][PASSED] - Statement - counter = counter + 1: null

2018-10-20 18:13:21 - [TEST_STEP][PASSED] - Statement - PreSaveFile = new java.io.File(((pathPrefix + java.lang.Integer.toString(counter)) + .png)): null

2018-10-20 18:13:21 - [TEST_STEP][PASSED] - Statement - counter = counter + 1: null

2018-10-20 18:13:21 - [TEST_STEP][PASSED] - Statement - PreSaveFile = new java.io.File(((pathPrefix + java.lang.Integer.toString(counter)) + .png)): null

2018-10-20 18:13:21 - [TEST_STEP][PASSED] - Statement - counter = counter + 1: null

2018-10-20 18:13:21 - [TEST_STEP][PASSED] - Statement - PreSaveFile = new java.io.File(((pathPrefix + java.lang.Integer.toString(counter)) + .png)): null

2018-10-20 18:13:21 - [TEST_STEP][PASSED] - Statement - counter = counter + 1: null

2018-10-20 18:13:21 - [TEST_STEP][PASSED] - Statement - PreSaveFile = new java.io.File(((pathPrefix + java.lang.Integer.toString(counter)) + .png)): null

2018-10-20 18:13:21 - [TEST_STEP][PASSED] - Statement - counter = counter + 1: null

2018-10-20 18:13:21 - [TEST_STEP][PASSED] - Statement - PreSaveFile = new java.io.File(((pathPrefix + java.lang.Integer.toString(counter)) + .png)): null

2018-10-20 18:13:21 - [TEST_STEP][PASSED] - Statement - counter = counter + 1: null

2018-10-20 18:13:21 - [TEST_STEP][PASSED] - Statement - PreSaveFile = new java.io.File(((pathPrefix + java.lang.Integer.toString(counter)) + .png)): null

2018-10-20 18:13:21 - [TEST_STEP][PASSED] - Statement - counter = counter + 1: null

2018-10-20 18:13:21 - [TEST_STEP][PASSED] - Statement - PreSaveFile = new java.io.File(((pathPrefix + java.lang.Integer.toString(counter)) + .png)): null

2018-10-20 18:13:21 - [TEST_STEP][PASSED] - Statement - counter = counter + 1: null

2018-10-20 18:13:21 - [TEST_STEP][PASSED] - Statement - PreSaveFile = new java.io.File(((pathPrefix + java.lang.Integer.toString(counter)) + .png)): null

2018-10-20 18:13:21 - [TEST_STEP][PASSED] - Statement - counter = counter + 1: null

2018-10-20 18:13:21 - [TEST_STEP][PASSED] - Statement - PreSaveFile = new java.io.File(((pathPrefix + java.lang.Integer.toString(counter)) + .png)): null

2018-10-20 18:13:21 - [TEST_STEP][PASSED] - Statement - counter = counter + 1: null

2018-10-20 18:13:21 - [TEST_STEP][PASSED] - Statement - PreSaveFile = new java.io.File(((pathPrefix + java.lang.Integer.toString(counter)) + .png)): null

2018-10-20 18:13:21 - [TEST_STEP][PASSED] - Statement - counter = counter + 1: null

2018-10-20 18:13:21 - [TEST_STEP][PASSED] - Statement - PreSaveFile = new java.io.File(((pathPrefix + java.lang.Integer.toString(counter)) + .png)): null

2018-10-20 18:13:21 - [TEST_STEP][PASSED] - Statement - counter = counter + 1: null

2018-10-20 18:13:21 - [TEST_STEP][PASSED] - Statement - PreSaveFile = new java.io.File(((pathPrefix + java.lang.Integer.toString(counter)) + .png)): null

2018-10-20 18:13:21 - [TEST_STEP][PASSED] - Statement - counter = counter + 1: null

2018-10-20 18:13:21 - [TEST_STEP][PASSED] - Statement - PreSaveFile = new java.io.File(((pathPrefix + java.lang.Integer.toString(counter)) + .png)): null

2018-10-20 18:13:21 - [TEST_STEP][PASSED] - Statement - counter = counter + 1: null

2018-10-20 18:13:21 - [TEST_STEP][PASSED] - Statement - PreSaveFile = new java.io.File(((pathPrefix + java.lang.Integer.toString(counter)) + .png)): null

2018-10-20 18:13:21 - [TEST_STEP][PASSED] - Statement - counter = counter + 1: null

2018-10-20 18:13:21 - [TEST_STEP][PASSED] - Statement - PreSaveFile = new java.io.File(((pathPrefix + java.lang.Integer.toString(counter)) + .png)): null

2018-10-20 18:13:21 - [TEST_STEP][PASSED] - Statement - counter = counter + 1: null

2018-10-20 18:13:21 - [TEST_STEP][PASSED] - Statement - PreSaveFile = new java.io.File(((pathPrefix + java.lang.Integer.toString(counter)) + .png)): null

2018-10-20 18:13:21 - [TEST_STEP][PASSED] - Statement - counter = counter + 1: null

2018-10-20 18:13:21 - [TEST_STEP][PASSED] - Statement - PreSaveFile = new java.io.File(((pathPrefix + java.lang.Integer.toString(counter)) + .png)): null

2018-10-20 18:13:21 - [TEST_STEP][PASSED] - Statement - finalPath = pathPrefix + java.lang.Integer.toString(counter) + ".png": null

2018-10-20 18:13:21 - [TEST_STEP][PASSED] - Statement - SaveFile = new java.io.File(finalPath): null

2018-10-20 18:13:21 - [TEST_STEP][PASSED] - Statement - Try: null

2018-10-20 18:13:21 - [TEST_STEP][PASSED] - Statement - org.apache.commons.io.FileUtils.copyFile(scrFile, SaveFile): null

2018-10-20 18:13:21 - [TEST_STEP][PASSED] - Statement - out.println("file kept"): null

2018-10-20 18:13:21 - [TEST_STEP][PASSED] - delay: Delayed 10 second(s)

2018-10-20 18:13:31 - [MESSAGE][PASSED] - Delayed 10 second(s)

2018-10-20 18:13:31 - [MESSAGE][PASSED] - Call Test Case 'Test Cases/Final Aug 2018 - PKS Automation/Registration Module/New Registration/Submit and Screenshot/Submit Registration and Screenshot - Copy' successfully

2018-10-20 18:13:31 - [TEST_STEP][PASSED] - Statement - UpdateAddNewECode = com.kms.katalon.core.webui.keyword.WebUiBuiltInKeywords.getText(com.kms.katalon.core.testobject.ObjectRepository.findTestObject(Object Repository/Final Object Repo/Page_Update Add New Employee - ASSIST/getEmpCode)): Text of object 'Object Repository/Final Object Repo/Page_Update Add New Employee - ASSIST/getEmpCode' is: 'E1102070108V'

2018-10-20 18:13:31 - [MESSAGE][PASSED] - Text of object 'Object Repository/Final Object Repo/Page_Update Add New Employee - ASSIST/getEmpCode' is: 'E1102070108V'

2018-10-20 18:13:31 - [TEST_STEP][PASSED] - callTestCase: Call Test Case 'Test Cases/Final Aug 2018 - PKS Automation/Common/Emp Code Setter' successfully

2018-10-20 18:13:31 - [TEST_CASE][PASSED] - Test Cases/Final Aug 2018 - PKS Automation/Common/Emp Code Setter: Test Cases/Final Aug 2018 - PKS Automation/Common/Emp Code Setter

2018-10-20 18:13:31 - [TEST_STEP][PASSED] - Statement - EmpCodeOld = new java.io.File(C://EmpCode.txt): null

2018-10-20 18:13:31 - [TEST_STEP][PASSED] - Statement - EmpCodeOld.delete(): null

2018-10-20 18:13:31 - [TEST_STEP][PASSED] - Statement - EmpCode = new java.io.File(C://EmpCode.txt): null

2018-10-20 18:13:31 - [TEST_STEP][PASSED] - Statement - EmpCode.append(UpdateAddNewECode): null

2018-10-20 18:13:31 - [TEST_STEP][PASSED] - Statement - out.println("


" + UpdateAddNewECode + "


"): null

2018-10-20 18:13:31 - [MESSAGE][PASSED] - Call Test Case 'Test Cases/Final Aug 2018 - PKS Automation/Common/Emp Code Setter' successfully

2018-10-20 18:13:31 - [MESSAGE][PASSED] - Call Test Case 'Test Cases/Final Aug 2018 - PKS Automation/Registration Module/Workflow/Update Add New Employee/Template/New Company for Update Add New - Employer' successfully

2018-10-20 18:13:31 - [TEST_STEP][PASSED] - callTestCase: Call Test Case 'Test Cases/Final Aug 2018 - PKS Automation/Registration Module/Log Out/log out avoiding katalon tagging' successfully

2018-10-20 18:13:31 - [TEST_CASE][PASSED] - Test Cases/Final Aug 2018 - PKS Automation/Registration Module/Log Out/log out avoiding katalon tagging: Test Cases/Final Aug 2018 - PKS Automation/Registration Module/Log Out/log out avoiding katalon tagging

2018-10-20 18:13:31 - [TEST_STEP][PASSED] - navigateToUrl: Navigate to 'https://assist2-uat.perkeso.gov.my/c/portal/logout' successfully

2018-10-20 18:13:32 - [MESSAGE][PASSED] - Navigate to 'https://assist2-uat.perkeso.gov.my/c/portal/logout' successfully

2018-10-20 18:13:32 - [MESSAGE][PASSED] - Call Test Case 'Test Cases/Final Aug 2018 - PKS Automation/Registration Module/Log Out/log out avoiding katalon tagging' successfully

2018-10-20 18:13:32 - [TEST_STEP][PASSED] - callTestCase: Call Test Case 'Test Cases/Final Aug 2018 - PKS Automation/Registration Module/New Registration/Form 2/Date Updater' successfully

2018-10-20 18:13:32 - [TEST_CASE][PASSED] - Test Cases/Final Aug 2018 - PKS Automation/Registration Module/New Registration/Form 2/Date Updater: Test Cases/Final Aug 2018 - PKS Automation/Registration Module/New Registration/Form 2/Date Updater

2018-10-20 18:13:32 - [TEST_STEP][PASSED] - Statement - TodayDate = new java.util.Date(): null

2018-10-20 18:13:32 - [TEST_STEP][PASSED] - Statement - CurrentDateNoFilter = new java.text.SimpleDateFormat(): null

2018-10-20 18:13:32 - [TEST_STEP][PASSED] - Statement - CurrentDateNoFilter.applyPattern("dd"): null

2018-10-20 18:13:32 - [TEST_STEP][PASSED] - Statement - CurrentDate = CurrentDateNoFilter.format(TodayDate): null

2018-10-20 18:13:32 - [TEST_STEP][PASSED] - Statement - CurrentDate = java.lang.Integer.parseInt(CurrentDate): null

2018-10-20 18:13:32 - [TEST_STEP][PASSED] - Statement - CurrentDate = CurrentDate: null

2018-10-20 18:13:32 - [TEST_STEP][PASSED] - Statement - CurrentDay = java.lang.Integer.parseInt(CurrentDate): null

2018-10-20 18:13:32 - [TEST_STEP][PASSED] - Statement - aDayBefore = CurrentDay + 1: null

2018-10-20 18:13:32 - [TEST_STEP][PASSED] - Statement - DayBefore = aDayBefore.toString(): null

2018-10-20 18:13:32 - [TEST_STEP][PASSED] - Statement - OneDayBefore = DayBefore: null

2018-10-20 18:13:32 - [TEST_STEP][PASSED] - Statement - CurrentDateNoFilter.applyPattern("MM"): null

2018-10-20 18:13:32 - [TEST_STEP][PASSED] - Statement - monthContainerMatcher = java.lang.Integer.parseInt(CurrentDateNoFilter.format(TodayDate)): null

2018-10-20 18:13:32 - [TEST_STEP][PASSED] - Statement - monthContainerMatcher = monthContainerMatcher - 1: null

2018-10-20 18:13:32 - [TEST_STEP][PASSED] - Statement - CurrentMonth = monthContainerMatcher.toString(): null

2018-10-20 18:13:32 - [TEST_STEP][PASSED] - Statement - CurrentMonth = CurrentMonth: null

2018-10-20 18:13:32 - [TEST_STEP][PASSED] - Statement - CurrentDateNoFilter.applyPattern("yyyy"): null

2018-10-20 18:13:32 - [TEST_STEP][PASSED] - Statement - CurrentYear = CurrentDateNoFilter.format(TodayDate): null

2018-10-20 18:13:32 - [TEST_STEP][PASSED] - Statement - CurrentYear = CurrentYear: null

2018-10-20 18:13:32 - [TEST_STEP][PASSED] - Statement - intCurrentYear = java.lang.Integer.parseInt(CurrentDateNoFilter.format(TodayDate)): null

2018-10-20 18:13:32 - [TEST_STEP][PASSED] - Statement - eighteenYrsAgo = intCurrentYear - 18: null

2018-10-20 18:13:32 - [TEST_STEP][PASSED] - Statement - eighteenYrsBeforeThisYr = eighteenYrsAgo.toString(): null

2018-10-20 18:13:32 - [TEST_STEP][PASSED] - Statement - EighteenYrsBefore = eighteenYrsBeforeThisYr: null

2018-10-20 18:13:32 - [TEST_STEP][PASSED] - Statement - fiftysevenYrsAgo = intCurrentYear - 57: null

2018-10-20 18:13:32 - [TEST_STEP][PASSED] - Statement - fiftysevenYrsBeforeThisYr = fiftysevenYrsAgo.toString(): null

2018-10-20 18:13:32 - [TEST_STEP][PASSED] - Statement - FiftysevenYrsBefore = fiftysevenYrsBeforeThisYr: null

2018-10-20 18:13:32 - [MESSAGE][PASSED] - Call Test Case 'Test Cases/Final Aug 2018 - PKS Automation/Registration Module/New Registration/Form 2/Date Updater' successfully

2018-10-20 18:13:32 - [TEST_STEP][PASSED] - delay: Delayed 2 second(s)

2018-10-20 18:13:34 - [MESSAGE][PASSED] - Delayed 2 second(s)

2018-10-20 18:13:34 - [TEST_STEP][PASSED] - callTestCase: Call Test Case 'Test Cases/Final Aug 2018 - PKS Automation/Create Employer Acc/Login to Employer Account (Second time)' successfully

2018-10-20 18:13:34 - [TEST_CASE][PASSED] - Test Cases/Final Aug 2018 - PKS Automation/Create Employer Acc/Login to Employer Account (Second time): Test Cases/Final Aug 2018 - PKS Automation/Create Employer Acc/Login to Employer Account (Second time)

2018-10-20 18:13:34 - [TEST_STEP][PASSED] - openBrowser: Browser is opened with url: ''

2018-10-20 18:13:34 - [MESSAGE][WARNING] - A browser is already opened. Closing browser and opening a new one

2018-10-20 18:13:38 - [MESSAGE][PASSED] - Browser is opened with url: ''

2018-10-20 18:13:38 - [TEST_STEP][PASSED] - navigateToUrl: Navigate to 'https://assist2-uat.perkeso.gov.my/employer/login' successfully

2018-10-20 18:13:40 - [MESSAGE][PASSED] - Navigate to 'https://assist2-uat.perkeso.gov.my/employer/login' successfully

2018-10-20 18:13:40 - [TEST_STEP][PASSED] - delay: Delayed 3 second(s)

2018-10-20 18:13:43 - [MESSAGE][PASSED] - Delayed 3 second(s)

2018-10-20 18:13:43 - [TEST_STEP][PASSED] - callTestCase: Call Test Case 'Test Cases/Final Aug 2018 - PKS Automation/Create Employer Acc/Template/Employer Email Getter' successfully

2018-10-20 18:13:43 - [TEST_CASE][PASSED] - Test Cases/Final Aug 2018 - PKS Automation/Create Employer Acc/Template/Employer Email Getter: Test Cases/Final Aug 2018 - PKS Automation/Create Employer Acc/Template/Employer Email Getter

2018-10-20 18:13:43 - [TEST_STEP][PASSED] - Statement - Try: null

2018-10-20 18:13:43 - [TEST_STEP][PASSED] - Statement - EmpEmail = new java.io.File(C://EmpEmail.txt): null

2018-10-20 18:13:43 - [TEST_STEP][PASSED] - Statement - bufferread = new java.io.BufferedReader(new java.io.FileReader(EmpEmail)): null

2018-10-20 18:13:43 - [TEST_STEP][PASSED] - Statement - readedVal = bufferread.readLine(): null

2018-10-20 18:13:43 - [TEST_STEP][PASSED] - Statement - out.println(readedVal): null

2018-10-20 18:13:43 - [TEST_STEP][PASSED] - Statement - Email = readedVal: null

2018-10-20 18:13:43 - [MESSAGE][PASSED] - Call Test Case 'Test Cases/Final Aug 2018 - PKS Automation/Create Employer Acc/Template/Employer Email Getter' successfully

2018-10-20 18:13:43 - [TEST_STEP][PASSED] - setText: Text 'perkeso461163626583@gmail.com' is set on object 'Object Repository/Final Object Repo/Login Page/External Login Page/Email'

2018-10-20 18:13:44 - [MESSAGE][PASSED] - Text 'perkeso461163626583@gmail.com' is set on object 'Object Repository/Final Object Repo/Login Page/External Login Page/Email'

2018-10-20 18:13:44 - [TEST_STEP][PASSED] - click: Object: 'Object Repository/Final Object Repo/Login Page/External Login Page/Next' is clicked on

2018-10-20 18:13:44 - [MESSAGE][PASSED] - Object: 'Object Repository/Final Object Repo/Login Page/External Login Page/Next' is clicked on

2018-10-20 18:13:44 - [TEST_STEP][PASSED] - delay: Delayed 3 second(s)

2018-10-20 18:13:47 - [MESSAGE][PASSED] - Delayed 3 second(s)

2018-10-20 18:13:47 - [TEST_STEP][PASSED] - setEncryptedText: Text ****** has been set on object 'Object Repository/Final Object Repo/Login Page/External Login Page/Password'

2018-10-20 18:13:47 - [MESSAGE][PASSED] - Text ****** has been set on object 'Object Repository/Final Object Repo/Login Page/External Login Page/Password'

2018-10-20 18:13:47 - [TEST_STEP][PASSED] - click: Object: 'Object Repository/Final Object Repo/Login Page/External Login Page/Login' is clicked on

2018-10-20 18:13:47 - [MESSAGE][PASSED] - Object: 'Object Repository/Final Object Repo/Login Page/External Login Page/Login' is clicked on

2018-10-20 18:13:47 - [TEST_STEP][PASSED] - delay: Delayed 5 second(s)

2018-10-20 18:13:52 - [MESSAGE][PASSED] - Delayed 5 second(s)

2018-10-20 18:13:52 - [MESSAGE][PASSED] - Call Test Case 'Test Cases/Final Aug 2018 - PKS Automation/Create Employer Acc/Login to Employer Account (Second time)' successfully

2018-10-20 18:13:52 - [TEST_STEP][PASSED] - Statement - Try: Delayed 2 second(s)

2018-10-20 18:13:52 - [TEST_STEP][PASSED] - Statement - Checker = false: null

2018-10-20 18:13:52 - [TEST_STEP][PASSED] - Statement - Checker = com.kms.katalon.core.webui.keyword.WebUiBuiltInKeywords.verifyElementHasAttribute(com.kms.katalon.core.testobject.ObjectRepository.findTestObject(Final Object Repo/Landing Page/BM Detecting), "href", 20, OPTIONAL): Object 'Object Repository/Final Object Repo/Landing Page/BM Detecting' has attribute 'href'

2018-10-20 18:13:54 - [MESSAGE][PASSED] - Object 'Object Repository/Final Object Repo/Landing Page/BM Detecting' has attribute 'href'

2018-10-20 18:13:54 - [TEST_STEP][PASSED] - Statement - out.println(Checker): null

2018-10-20 18:13:54 - [TEST_STEP][PASSED] - Statement - If (Checker == false): null

2018-10-20 18:13:54 - [TEST_STEP][PASSED] - Statement - Else: null

2018-10-20 18:13:54 - [TEST_STEP][PASSED] - delay: Delayed 2 second(s)

2018-10-20 18:13:56 - [MESSAGE][PASSED] - Delayed 2 second(s)

2018-10-20 18:13:56 - [TEST_STEP][PASSED] - delay: Delayed 4 second(s)

2018-10-20 18:14:00 - [MESSAGE][PASSED] - Delayed 4 second(s)

2018-10-20 18:14:00 - [TEST_STEP][PASSED] - click: Object: 'Object Repository/Final Object Repo/Page_Update Add New Employee - ASSIST/My Sites Drop Down' is clicked on

2018-10-20 18:14:00 - [MESSAGE][PASSED] - Object: 'Object Repository/Final Object Repo/Page_Update Add New Employee - ASSIST/My Sites Drop Down' is clicked on

2018-10-20 18:14:00 - [TEST_STEP][PASSED] - click: Object: 'Object Repository/Final Object Repo/Page_Update Add New Employee - ASSIST/Select to Registration Module' is clicked on

2018-10-20 18:14:05 - [MESSAGE][PASSED] - Object: 'Object Repository/Final Object Repo/Page_Update Add New Employee - ASSIST/Select to Registration Module' is clicked on

2018-10-20 18:14:05 - [TEST_STEP][PASSED] - navigateToUrl: Navigate to 'https://assist2-uat.perkeso.gov.my/web/registration/myassist' successfully

2018-10-20 18:14:10 - [MESSAGE][PASSED] - Navigate to 'https://assist2-uat.perkeso.gov.my/web/registration/myassist' successfully

2018-10-20 18:14:10 - [TEST_STEP][PASSED] - mouseOver: Object: 'Object Repository/Final Object Repo/Page_Update Add New Employee - ASSIST/Select to Update Akta 4 Tab' is hovered

2018-10-20 18:14:10 - [MESSAGE][PASSED] - Object: 'Object Repository/Final Object Repo/Page_Update Add New Employee - ASSIST/Select to Update Akta 4 Tab' is hovered

2018-10-20 18:14:10 - [TEST_STEP][PASSED] - delay: Delayed 2 second(s)

2018-10-20 18:14:12 - [MESSAGE][PASSED] - Delayed 2 second(s)

2018-10-20 18:14:12 - [TEST_STEP][PASSED] - click: Object: 'Object Repository/Final Object Repo/Page_Update Add New Employee - ASSIST/Select to Update Add New Employee' is clicked on

2018-10-20 18:14:13 - [MESSAGE][PASSED] - Object: 'Object Repository/Final Object Repo/Page_Update Add New Employee - ASSIST/Select to Update Add New Employee' is clicked on

2018-10-20 18:14:13 - [TEST_STEP][PASSED] - delay: Delayed 2 second(s)

2018-10-20 18:14:15 - [MESSAGE][PASSED] - Delayed 2 second(s)

2018-10-20 18:14:15 - [TEST_STEP][PASSED] - setText: Text 'E1102070108V' is set on object 'Object Repository/Final Object Repo/Page_Update Add New Employee - ASSIST/Employer Code input textbox'

2018-10-20 18:14:16 - [MESSAGE][PASSED] - Text 'E1102070108V' is set on object 'Object Repository/Final Object Repo/Page_Update Add New Employee - ASSIST/Employer Code input textbox'

2018-10-20 18:14:16 - [TEST_STEP][PASSED] - delay: Delayed 2 second(s)

2018-10-20 18:14:18 - [MESSAGE][PASSED] - Delayed 2 second(s)

2018-10-20 18:14:18 - [TEST_STEP][PASSED] - click: Object: 'Object Repository/Final Object Repo/Page_Update Add New Employee - ASSIST/Search Button for Employer Code' is clicked on

2018-10-20 18:14:18 - [MESSAGE][PASSED] - Object: 'Object Repository/Final Object Repo/Page_Update Add New Employee - ASSIST/Search Button for Employer Code' is clicked on

2018-10-20 18:14:18 - [TEST_STEP][PASSED] - delay: Delayed 4 second(s)

2018-10-20 18:14:22 - [MESSAGE][PASSED] - Delayed 4 second(s)

2018-10-20 18:14:22 - [TEST_STEP][PASSED] - click: Object: 'Object Repository/Final Object Repo/Page_Update Add New Employee - ASSIST/Click to Edit Case' is clicked on

2018-10-20 18:14:25 - [MESSAGE][PASSED] - Object: 'Object Repository/Final Object Repo/Page_Update Add New Employee - ASSIST/Click to Edit Case' is clicked on

2018-10-20 18:14:25 - [TEST_STEP][PASSED] - callTestCase: Call Test Case 'Test Cases/Final Aug 2018 - PKS Automation/Registration Module/Workflow/Update Add New Employee/Template/Employee Adding/Employee Adding Action liability date change - Employer Access' successfully

2018-10-20 18:14:25 - [TEST_CASE][PASSED] - Test Cases/Final Aug 2018 - PKS Automation/Registration Module/Workflow/Update Add New Employee/Template/Employee Adding/Employee Adding Action liability date change - Employer Access: Test Cases/Final Aug 2018 - PKS Automation/Registration Module/Workflow/Update Add New Employee/Template/Employee Adding/Employee Adding Action liability date change - Employer Access

2018-10-20 18:14:25 - [TEST_STEP][PASSED] - delay: Delayed 4 second(s)

2018-10-20 18:14:29 - [MESSAGE][PASSED] - Delayed 4 second(s)

2018-10-20 18:14:29 - [TEST_STEP][PASSED] - click: Object: 'Object Repository/Final Object Repo/Page_Update Add New Employee - ASSIST/Add Employee Button' is clicked on

2018-10-20 18:14:29 - [MESSAGE][PASSED] - Object: 'Object Repository/Final Object Repo/Page_Update Add New Employee - ASSIST/Add Employee Button' is clicked on

2018-10-20 18:14:29 - [TEST_STEP][PASSED] - delay: Delayed 3 second(s)

2018-10-20 18:14:32 - [MESSAGE][PASSED] - Delayed 3 second(s)

2018-10-20 18:14:32 - [TEST_STEP][PASSED] - setText: Text '830081009219' is set on object 'Object Repository/Final Object Repo/Page_Update Add New Employee - ASSIST/NRIC Input'

2018-10-20 18:14:32 - [MESSAGE][PASSED] - Text '830081009219' is set on object 'Object Repository/Final Object Repo/Page_Update Add New Employee - ASSIST/NRIC Input'

2018-10-20 18:14:32 - [TEST_STEP][PASSED] - delay: Delayed 2 second(s)

2018-10-20 18:14:34 - [MESSAGE][PASSED] - Delayed 2 second(s)

2018-10-20 18:14:34 - [TEST_STEP][PASSED] - setText: Text 'Automate002 Employee eligible 1' is set on object 'Object Repository/Final Object Repo/Page_Update Add New Employee - ASSIST/Employee Name Input'

2018-10-20 18:14:35 - [MESSAGE][PASSED] - Text 'Automate002 Employee eligible 1' is set on object 'Object Repository/Final Object Repo/Page_Update Add New Employee - ASSIST/Employee Name Input'

2018-10-20 18:14:35 - [TEST_STEP][PASSED] - delay: Delayed 2 second(s)

2018-10-20 18:14:37 - [MESSAGE][PASSED] - Delayed 2 second(s)

2018-10-20 18:14:37 - [TEST_STEP][PASSED] - click: Object: 'Object Repository/Final Object Repo/Page_Update Add New Employee - ASSIST/DatePicker Pop Up' is clicked on

2018-10-20 18:14:37 - [MESSAGE][PASSED] - Object: 'Object Repository/Final Object Repo/Page_Update Add New Employee - ASSIST/DatePicker Pop Up' is clicked on

2018-10-20 18:14:37 - [TEST_STEP][PASSED] - click: Object: 'Object Repository/Final Object Repo/Page_Update Add New Employee - ASSIST/DOB Month' is clicked on

2018-10-20 18:14:37 - [MESSAGE][PASSED] - Object: 'Object Repository/Final Object Repo/Page_Update Add New Employee - ASSIST/DOB Month' is clicked on

2018-10-20 18:14:37 - [TEST_STEP][PASSED] - Statement - CurrentMonth = CurrentMonth: null

2018-10-20 18:14:37 - [TEST_STEP][PASSED] - Statement - selectMonth = new com.kms.katalon.core.testobject.TestObject(): null

2018-10-20 18:14:37 - [TEST_STEP][PASSED] - Statement - selectMonth.addProperty("xpath", EQUALS, "//body/div/div/div/select/option[@value='" + CurrentMonth + "']", true): null

2018-10-20 18:14:37 - [TEST_STEP][PASSED] - click: Object: '' is clicked on

2018-10-20 18:14:37 - [MESSAGE][PASSED] - Object: '' is clicked on

2018-10-20 18:14:37 - [TEST_STEP][PASSED] - click: Object: 'Object Repository/Final Object Repo/Page_Update Add New Employee - ASSIST/DOB Year' is clicked on

2018-10-20 18:14:37 - [MESSAGE][PASSED] - Object: 'Object Repository/Final Object Repo/Page_Update Add New Employee - ASSIST/DOB Year' is clicked on

2018-10-20 18:14:37 - [TEST_STEP][PASSED] - Statement - Eyearsbf = EighteenYrsBefore: null

2018-10-20 18:14:37 - [TEST_STEP][PASSED] - Statement - selectYear = new com.kms.katalon.core.testobject.TestObject(): null

2018-10-20 18:14:37 - [TEST_STEP][PASSED] - Statement - selectYear.addProperty("xpath", EQUALS, "//div/div/div/select/option[@value='" + Eyearsbf + "']", true): null

2018-10-20 18:14:37 - [TEST_STEP][PASSED] - click: Object: '' is clicked on

2018-10-20 18:14:38 - [MESSAGE][PASSED] - Object: '' is clicked on

2018-10-20 18:14:38 - [TEST_STEP][PASSED] - Statement - UpdatedSelectDate = com.kms.katalon.core.webui.keyword.WebUiBuiltInKeywords.modifyObjectProperty(com.kms.katalon.core.testobject.ObjectRepository.findTestObject(Final Object Repo/Page_Update Add New Employee - ASSIST/DOB Date), "xpath", "equals", "//body/div/table/tbody/tr/td/a[text()="" + CurrentDate + ""]", true): Modify property of object successfully

2018-10-20 18:14:38 - [MESSAGE][PASSED] - Modify property of object successfully

2018-10-20 18:14:38 - [TEST_STEP][PASSED] - delay: Delayed 3 second(s)

2018-10-20 18:14:41 - [MESSAGE][PASSED] - Delayed 3 second(s)

2018-10-20 18:14:41 - [TEST_STEP][PASSED] - click: Object: 'Object Repository/Final Object Repo/Page_Update Add New Employee - ASSIST/DOB Date' is clicked on

2018-10-20 18:14:41 - [MESSAGE][PASSED] - Object: 'Object Repository/Final Object Repo/Page_Update Add New Employee - ASSIST/DOB Date' is clicked on

2018-10-20 18:14:41 - [TEST_STEP][PASSED] - delay: Delayed 2 second(s)

2018-10-20 18:14:43 - [MESSAGE][PASSED] - Delayed 2 second(s)

2018-10-20 18:14:43 - [TEST_STEP][PASSED] - click: Object: 'Object Repository/Final Object Repo/Page_Update Add New Employee - ASSIST/EmploymentStartDate Pop Up' is clicked on

2018-10-20 18:14:43 - [MESSAGE][PASSED] - Object: 'Object Repository/Final Object Repo/Page_Update Add New Employee - ASSIST/EmploymentStartDate Pop Up' is clicked on

2018-10-20 18:14:43 - [TEST_STEP][PASSED] - delay: Delayed 2 second(s)

2018-10-20 18:14:45 - [MESSAGE][PASSED] - Delayed 2 second(s)

2018-10-20 18:14:45 - [TEST_STEP][PASSED] - click: Object: 'Object Repository/Final Object Repo/Page_Update Add New Employee - ASSIST/Socso Employment StartDate Month' is clicked on

2018-10-20 18:14:45 - [MESSAGE][PASSED] - Object: 'Object Repository/Final Object Repo/Page_Update Add New Employee - ASSIST/Socso Employment StartDate Month' is clicked on

2018-10-20 18:14:45 - [TEST_STEP][PASSED] - delay: Delayed 1 second(s)

2018-10-20 18:14:46 - [MESSAGE][PASSED] - Delayed 1 second(s)

2018-10-20 18:14:46 - [TEST_STEP][PASSED] - click: Object: 'Object Repository/Final Object Repo/Page_Update Add New Employee - ASSIST/Select Socso Employement Startdate Month' is clicked on

2018-10-20 18:14:46 - [MESSAGE][PASSED] - Object: 'Object Repository/Final Object Repo/Page_Update Add New Employee - ASSIST/Select Socso Employement Startdate Month' is clicked on

2018-10-20 18:14:46 - [TEST_STEP][PASSED] - delay: Delayed 2 second(s)

2018-10-20 18:14:48 - [MESSAGE][PASSED] - Delayed 2 second(s)

2018-10-20 18:14:48 - [TEST_STEP][PASSED] - click: Object: 'Object Repository/Final Object Repo/Page_Update Add New Employee - ASSIST/Socso Employment StartDate Year' is clicked on

2018-10-20 18:14:48 - [MESSAGE][PASSED] - Object: 'Object Repository/Final Object Repo/Page_Update Add New Employee - ASSIST/Socso Employment StartDate Year' is clicked on

2018-10-20 18:14:48 - [TEST_STEP][PASSED] - delay: Delayed 1 second(s)

2018-10-20 18:14:49 - [MESSAGE][PASSED] - Delayed 1 second(s)

2018-10-20 18:14:50 - [TEST_STEP][PASSED] - click: Object: 'Object Repository/Final Object Repo/Page_Update Add New Employee - ASSIST/Select Socso Employment Startdate Year - Emp Update Add New' is clicked on

2018-10-20 18:14:50 - [MESSAGE][PASSED] - Object: 'Object Repository/Final Object Repo/Page_Update Add New Employee - ASSIST/Select Socso Employment Startdate Year - Emp Update Add New' is clicked on

2018-10-20 18:14:50 - [TEST_STEP][PASSED] - delay: Delayed 2 second(s)

2018-10-20 18:14:52 - [MESSAGE][PASSED] - Delayed 2 second(s)

2018-10-20 18:14:52 - [TEST_STEP][PASSED] - click: Object: 'Object Repository/Final Object Repo/Page_Update Add New Employee - ASSIST/Socso Employment Start Date Day' is clicked on

2018-10-20 18:14:52 - [MESSAGE][PASSED] - Object: 'Object Repository/Final Object Repo/Page_Update Add New Employee - ASSIST/Socso Employment Start Date Day' is clicked on

2018-10-20 18:14:52 - [TEST_STEP][PASSED] - delay: Delayed 2 second(s)

2018-10-20 18:14:54 - [MESSAGE][PASSED] - Delayed 2 second(s)

2018-10-20 18:14:54 - [TEST_STEP][PASSED] - click: Object: 'Object Repository/Final Object Repo/Page_Update Add New Employee - ASSIST/Save Button for Add Employee' is clicked on

2018-10-20 18:14:54 - [MESSAGE][PASSED] - Object: 'Object Repository/Final Object Repo/Page_Update Add New Employee - ASSIST/Save Button for Add Employee' is clicked on

2018-10-20 18:14:54 - [MESSAGE][PASSED] - Call Test Case 'Test Cases/Final Aug 2018 - PKS Automation/Registration Module/Workflow/Update Add New Employee/Template/Employee Adding/Employee Adding Action liability date change - Employer Access' successfully

2018-10-20 18:14:54 - [TEST_STEP][PASSED] - delay: Delayed 4 second(s)

2018-10-20 18:14:58 - [MESSAGE][PASSED] - Delayed 4 second(s)

2018-10-20 18:14:58 - [TEST_STEP][PASSED] - Statement - CaseReferenceNo = com.kms.katalon.core.webui.keyword.WebUiBuiltInKeywords.getText(com.kms.katalon.core.testobject.ObjectRepository.findTestObject(Final Object Repo/Page_Update Add New Employee - ASSIST/RefNo)): Text of object 'Object Repository/Final Object Repo/Page_Update Add New Employee - ASSIST/RefNo' is: 'CAN10201800002063'

2018-10-20 18:14:58 - [MESSAGE][PASSED] - Text of object 'Object Repository/Final Object Repo/Page_Update Add New Employee - ASSIST/RefNo' is: 'CAN10201800002063'

2018-10-20 18:14:58 - [TEST_STEP][PASSED] - callTestCase: Call Test Case 'Test Cases/Final Aug 2018 - PKS Automation/Common/Reference Number Setter' successfully

2018-10-20 18:14:58 - [TEST_CASE][PASSED] - Test Cases/Final Aug 2018 - PKS Automation/Common/Reference Number Setter: Test Cases/Final Aug 2018 - PKS Automation/Common/Reference Number Setter

2018-10-20 18:14:58 - [TEST_STEP][PASSED] - Statement - RefNoOldFile = new java.io.File(C://KatalonReference.txt): null

2018-10-20 18:14:58 - [TEST_STEP][PASSED] - Statement - RefNoOldFile.delete(): null

2018-10-20 18:14:58 - [TEST_STEP][PASSED] - Statement - RefNo = new java.io.File(C://KatalonReference.txt): null

2018-10-20 18:14:58 - [TEST_STEP][PASSED] - Statement - RefNo.append(CaseReferenceNo): null

2018-10-20 18:14:58 - [TEST_STEP][PASSED] - Statement - out.println("


" + CaseReferenceNo + "


"): null

2018-10-20 18:14:58 - [MESSAGE][PASSED] - Call Test Case 'Test Cases/Final Aug 2018 - PKS Automation/Common/Reference Number Setter' successfully

2018-10-20 18:14:58 - [TEST_STEP][PASSED] - delay: Delayed 5 second(s)

2018-10-20 18:15:03 - [MESSAGE][PASSED] - Delayed 5 second(s)

2018-10-20 18:15:03 - [TEST_STEP][PASSED] - click: Object: 'Object Repository/Final Object Repo/Page_Update Add New Employee - ASSIST/Save  Continue Button' is clicked on

2018-10-20 18:15:03 - [MESSAGE][PASSED] - Object: 'Object Repository/Final Object Repo/Page_Update Add New Employee - ASSIST/Save  Continue Button' is clicked on

2018-10-20 18:15:03 - [TEST_STEP][PASSED] - delay: Delayed 5 second(s)

2018-10-20 18:15:08 - [MESSAGE][PASSED] - Delayed 5 second(s)

2018-10-20 18:15:08 - [TEST_STEP][PASSED] - click: Object: 'Object Repository/Final Object Repo/Page_Update Add New Employee - ASSIST/Save  Continue Third Screen' is clicked on

2018-10-20 18:15:12 - [MESSAGE][PASSED] - Object: 'Object Repository/Final Object Repo/Page_Update Add New Employee - ASSIST/Save  Continue Third Screen' is clicked on

2018-10-20 18:15:12 - [TEST_STEP][PASSED] - delay: Delayed 4 second(s)

2018-10-20 18:15:16 - [MESSAGE][PASSED] - Delayed 4 second(s)

2018-10-20 18:15:16 - [TEST_STEP][PASSED] - click: Object: 'Object Repository/Final Object Repo/Page_Update Add New Employee - ASSIST/Save   Continue Supporting Doc Page' is clicked on

2018-10-20 18:15:16 - [MESSAGE][PASSED] - Object: 'Object Repository/Final Object Repo/Page_Update Add New Employee - ASSIST/Save   Continue Supporting Doc Page' is clicked on

2018-10-20 18:15:16 - [TEST_STEP][PASSED] - delay: Delayed 4 second(s)

2018-10-20 18:15:20 - [MESSAGE][PASSED] - Delayed 4 second(s)

2018-10-20 18:15:20 - [TEST_STEP][PASSED] - click: Object: 'Object Repository/Final Object Repo/Page_Update Add New Employee - ASSIST/Submit Button' is clicked on

2018-10-20 18:15:20 - [MESSAGE][PASSED] - Object: 'Object Repository/Final Object Repo/Page_Update Add New Employee - ASSIST/Submit Button' is clicked on

2018-10-20 18:15:20 - [TEST_STEP][PASSED] - delay: Delayed 4 second(s)

2018-10-20 18:15:24 - [MESSAGE][PASSED] - Delayed 4 second(s)

2018-10-20 18:15:24 - [TEST_STEP][PASSED] - click: Object: 'Object Repository/Final Object Repo/Page_Update Add New Employee - ASSIST/Confirm Submit Button' is clicked on

2018-10-20 18:15:24 - [MESSAGE][PASSED] - Object: 'Object Repository/Final Object Repo/Page_Update Add New Employee - ASSIST/Confirm Submit Button' is clicked on

2018-10-20 18:15:24 - [TEST_STEP][PASSED] - delay: Delayed 30 second(s)

2018-10-20 18:15:54 - [MESSAGE][PASSED] - Delayed 30 second(s)

2018-10-20 18:15:54 - [TEST_STEP][PASSED] - callTestCase: Call Test Case 'Test Cases/Final Aug 2018 - PKS Automation/Common/Screenshoting tool' successfully

2018-10-20 18:15:54 - [TEST_CASE][PASSED] - Test Cases/Final Aug 2018 - PKS Automation/Common/Screenshoting tool: Test Cases/Final Aug 2018 - PKS Automation/Common/Screenshoting tool

2018-10-20 18:15:54 - [TEST_STEP][PASSED] - delay: Delayed 15 second(s)

2018-10-20 18:16:09 - [MESSAGE][PASSED] - Delayed 15 second(s)

2018-10-20 18:16:09 - [TEST_STEP][PASSED] - Statement - driver = com.kms.katalon.core.webui.driver.DriverFactory.getWebDriver(): null

2018-10-20 18:16:09 - [TEST_STEP][PASSED] - Statement - driver.manage().timeouts().implicitlyWait(10, SECONDS): null

2018-10-20 18:16:09 - [TEST_STEP][PASSED] - Statement - PresavePath = KatalonScreenshots: null

2018-10-20 18:16:09 - [TEST_STEP][PASSED] - Statement - pathPrefix = "C:\Users\Public\Pictures\Sample Pictures\Katalon Screenshots\Automate Ending Screen": null

2018-10-20 18:16:09 - [TEST_STEP][PASSED] - Statement - finalPath = <not implemented yet for class: org.codehaus.groovy.ast.expr.EmptyExpression>: null

2018-10-20 18:16:09 - [TEST_STEP][PASSED] - Statement - scrFile = driver.getScreenshotAs(FILE): null

2018-10-20 18:16:10 - [TEST_STEP][PASSED] - Statement - PreSaveFile = new java.io.File(PresavePath): null

2018-10-20 18:16:10 - [TEST_STEP][PASSED] - Statement - counter = 0: null

2018-10-20 18:16:10 - [TEST_STEP][PASSED] - Statement - If (PreSaveFile.exists()): null

2018-10-20 18:16:10 - [TEST_STEP][PASSED] - Statement - While (PreSaveFile.exists()): null

2018-10-20 18:16:10 - [TEST_STEP][PASSED] - Statement - counter = counter + 1: null

2018-10-20 18:16:10 - [TEST_STEP][PASSED] - Statement - PreSaveFile = new java.io.File(((pathPrefix + java.lang.Integer.toString(counter)) + .png)): null

2018-10-20 18:16:10 - [TEST_STEP][PASSED] - Statement - counter = counter + 1: null

2018-10-20 18:16:10 - [TEST_STEP][PASSED] - Statement - PreSaveFile = new java.io.File(((pathPrefix + java.lang.Integer.toString(counter)) + .png)): null

2018-10-20 18:16:10 - [TEST_STEP][PASSED] - Statement - counter = counter + 1: null

2018-10-20 18:16:10 - [TEST_STEP][PASSED] - Statement - PreSaveFile = new java.io.File(((pathPrefix + java.lang.Integer.toString(counter)) + .png)): null

2018-10-20 18:16:10 - [TEST_STEP][PASSED] - Statement - counter = counter + 1: null

2018-10-20 18:16:10 - [TEST_STEP][PASSED] - Statement - PreSaveFile = new java.io.File(((pathPrefix + java.lang.Integer.toString(counter)) + .png)): null

2018-10-20 18:16:10 - [TEST_STEP][PASSED] - Statement - counter = counter + 1: null

2018-10-20 18:16:10 - [TEST_STEP][PASSED] - Statement - PreSaveFile = new java.io.File(((pathPrefix + java.lang.Integer.toString(counter)) + .png)): null

2018-10-20 18:16:10 - [TEST_STEP][PASSED] - Statement - counter = counter + 1: null

2018-10-20 18:16:10 - [TEST_STEP][PASSED] - Statement - PreSaveFile = new java.io.File(((pathPrefix + java.lang.Integer.toString(counter)) + .png)): null

2018-10-20 18:16:10 - [TEST_STEP][PASSED] - Statement - counter = counter + 1: null

2018-10-20 18:16:10 - [TEST_STEP][PASSED] - Statement - PreSaveFile = new java.io.File(((pathPrefix + java.lang.Integer.toString(counter)) + .png)): null

2018-10-20 18:16:10 - [TEST_STEP][PASSED] - Statement - counter = counter + 1: null

2018-10-20 18:16:10 - [TEST_STEP][PASSED] - Statement - PreSaveFile = new java.io.File(((pathPrefix + java.lang.Integer.toString(counter)) + .png)): null

2018-10-20 18:16:10 - [TEST_STEP][PASSED] - Statement - counter = counter + 1: null

2018-10-20 18:16:10 - [TEST_STEP][PASSED] - Statement - PreSaveFile = new java.io.File(((pathPrefix + java.lang.Integer.toString(counter)) + .png)): null

2018-10-20 18:16:10 - [TEST_STEP][PASSED] - Statement - counter = counter + 1: null

2018-10-20 18:16:10 - [TEST_STEP][PASSED] - Statement - PreSaveFile = new java.io.File(((pathPrefix + java.lang.Integer.toString(counter)) + .png)): null

2018-10-20 18:16:10 - [TEST_STEP][PASSED] - Statement - counter = counter + 1: null

2018-10-20 18:16:10 - [TEST_STEP][PASSED] - Statement - PreSaveFile = new java.io.File(((pathPrefix + java.lang.Integer.toString(counter)) + .png)): null

2018-10-20 18:16:10 - [TEST_STEP][PASSED] - Statement - counter = counter + 1: null

2018-10-20 18:16:10 - [TEST_STEP][PASSED] - Statement - PreSaveFile = new java.io.File(((pathPrefix + java.lang.Integer.toString(counter)) + .png)): null

2018-10-20 18:16:10 - [TEST_STEP][PASSED] - Statement - counter = counter + 1: null

2018-10-20 18:16:10 - [TEST_STEP][PASSED] - Statement - PreSaveFile = new java.io.File(((pathPrefix + java.lang.Integer.toString(counter)) + .png)): null

2018-10-20 18:16:10 - [TEST_STEP][PASSED] - Statement - counter = counter + 1: null

2018-10-20 18:16:10 - [TEST_STEP][PASSED] - Statement - PreSaveFile = new java.io.File(((pathPrefix + java.lang.Integer.toString(counter)) + .png)): null

2018-10-20 18:16:10 - [TEST_STEP][PASSED] - Statement - counter = counter + 1: null

2018-10-20 18:16:10 - [TEST_STEP][PASSED] - Statement - PreSaveFile = new java.io.File(((pathPrefix + java.lang.Integer.toString(counter)) + .png)): null

2018-10-20 18:16:10 - [TEST_STEP][PASSED] - Statement - counter = counter + 1: null

2018-10-20 18:16:10 - [TEST_STEP][PASSED] - Statement - PreSaveFile = new java.io.File(((pathPrefix + java.lang.Integer.toString(counter)) + .png)): null

2018-10-20 18:16:10 - [TEST_STEP][PASSED] - Statement - counter = counter + 1: null

2018-10-20 18:16:10 - [TEST_STEP][PASSED] - Statement - PreSaveFile = new java.io.File(((pathPrefix + java.lang.Integer.toString(counter)) + .png)): null

2018-10-20 18:16:10 - [TEST_STEP][PASSED] - Statement - counter = counter + 1: null

2018-10-20 18:16:10 - [TEST_STEP][PASSED] - Statement - PreSaveFile = new java.io.File(((pathPrefix + java.lang.Integer.toString(counter)) + .png)): null

2018-10-20 18:16:10 - [TEST_STEP][PASSED] - Statement - counter = counter + 1: null

2018-10-20 18:16:10 - [TEST_STEP][PASSED] - Statement - PreSaveFile = new java.io.File(((pathPrefix + java.lang.Integer.toString(counter)) + .png)): null

2018-10-20 18:16:10 - [TEST_STEP][PASSED] - Statement - counter = counter + 1: null

2018-10-20 18:16:10 - [TEST_STEP][PASSED] - Statement - PreSaveFile = new java.io.File(((pathPrefix + java.lang.Integer.toString(counter)) + .png)): null

2018-10-20 18:16:10 - [TEST_STEP][PASSED] - Statement - counter = counter + 1: null

2018-10-20 18:16:10 - [TEST_STEP][PASSED] - Statement - PreSaveFile = new java.io.File(((pathPrefix + java.lang.Integer.toString(counter)) + .png)): null

2018-10-20 18:16:10 - [TEST_STEP][PASSED] - Statement - counter = counter + 1: null

2018-10-20 18:16:10 - [TEST_STEP][PASSED] - Statement - PreSaveFile = new java.io.File(((pathPrefix + java.lang.Integer.toString(counter)) + .png)): null

2018-10-20 18:16:10 - [TEST_STEP][PASSED] - Statement - counter = counter + 1: null

2018-10-20 18:16:10 - [TEST_STEP][PASSED] - Statement - PreSaveFile = new java.io.File(((pathPrefix + java.lang.Integer.toString(counter)) + .png)): null

2018-10-20 18:16:10 - [TEST_STEP][PASSED] - Statement - counter = counter + 1: null

2018-10-20 18:16:10 - [TEST_STEP][PASSED] - Statement - PreSaveFile = new java.io.File(((pathPrefix + java.lang.Integer.toString(counter)) + .png)): null

2018-10-20 18:16:10 - [TEST_STEP][PASSED] - Statement - counter = counter + 1: null

2018-10-20 18:16:10 - [TEST_STEP][PASSED] - Statement - PreSaveFile = new java.io.File(((pathPrefix + java.lang.Integer.toString(counter)) + .png)): null

2018-10-20 18:16:10 - [TEST_STEP][PASSED] - Statement - counter = counter + 1: null

2018-10-20 18:16:10 - [TEST_STEP][PASSED] - Statement - PreSaveFile = new java.io.File(((pathPrefix + java.lang.Integer.toString(counter)) + .png)): null

2018-10-20 18:16:10 - [TEST_STEP][PASSED] - Statement - counter = counter + 1: null

2018-10-20 18:16:10 - [TEST_STEP][PASSED] - Statement - PreSaveFile = new java.io.File(((pathPrefix + java.lang.Integer.toString(counter)) + .png)): null

2018-10-20 18:16:10 - [TEST_STEP][PASSED] - Statement - counter = counter + 1: null

2018-10-20 18:16:10 - [TEST_STEP][PASSED] - Statement - PreSaveFile = new java.io.File(((pathPrefix + java.lang.Integer.toString(counter)) + .png)): null

2018-10-20 18:16:10 - [TEST_STEP][PASSED] - Statement - counter = counter + 1: null

2018-10-20 18:16:10 - [TEST_STEP][PASSED] - Statement - PreSaveFile = new java.io.File(((pathPrefix + java.lang.Integer.toString(counter)) + .png)): null

2018-10-20 18:16:10 - [TEST_STEP][PASSED] - Statement - counter = counter + 1: null

2018-10-20 18:16:10 - [TEST_STEP][PASSED] - Statement - PreSaveFile = new java.io.File(((pathPrefix + java.lang.Integer.toString(counter)) + .png)): null

2018-10-20 18:16:10 - [TEST_STEP][PASSED] - Statement - counter = counter + 1: null

2018-10-20 18:16:10 - [TEST_STEP][PASSED] - Statement - PreSaveFile = new java.io.File(((pathPrefix + java.lang.Integer.toString(counter)) + .png)): null

2018-10-20 18:16:10 - [TEST_STEP][PASSED] - Statement - counter = counter + 1: null

2018-10-20 18:16:10 - [TEST_STEP][PASSED] - Statement - PreSaveFile = new java.io.File(((pathPrefix + java.lang.Integer.toString(counter)) + .png)): null

2018-10-20 18:16:10 - [TEST_STEP][PASSED] - Statement - counter = counter + 1: null

2018-10-20 18:16:10 - [TEST_STEP][PASSED] - Statement - PreSaveFile = new java.io.File(((pathPrefix + java.lang.Integer.toString(counter)) + .png)): null

2018-10-20 18:16:10 - [TEST_STEP][PASSED] - Statement - counter = counter + 1: null

2018-10-20 18:16:10 - [TEST_STEP][PASSED] - Statement - PreSaveFile = new java.io.File(((pathPrefix + java.lang.Integer.toString(counter)) + .png)): null

2018-10-20 18:16:10 - [TEST_STEP][PASSED] - Statement - counter = counter + 1: null

2018-10-20 18:16:10 - [TEST_STEP][PASSED] - Statement - PreSaveFile = new java.io.File(((pathPrefix + java.lang.Integer.toString(counter)) + .png)): null

2018-10-20 18:16:10 - [TEST_STEP][PASSED] - Statement - counter = counter + 1: null

2018-10-20 18:16:10 - [TEST_STEP][PASSED] - Statement - PreSaveFile = new java.io.File(((pathPrefix + java.lang.Integer.toString(counter)) + .png)): null

2018-10-20 18:16:10 - [TEST_STEP][PASSED] - Statement - counter = counter + 1: null

2018-10-20 18:16:10 - [TEST_STEP][PASSED] - Statement - PreSaveFile = new java.io.File(((pathPrefix + java.lang.Integer.toString(counter)) + .png)): null

2018-10-20 18:16:10 - [TEST_STEP][PASSED] - Statement - counter = counter + 1: null

2018-10-20 18:16:10 - [TEST_STEP][PASSED] - Statement - PreSaveFile = new java.io.File(((pathPrefix + java.lang.Integer.toString(counter)) + .png)): null

2018-10-20 18:16:10 - [TEST_STEP][PASSED] - Statement - counter = counter + 1: null

2018-10-20 18:16:10 - [TEST_STEP][PASSED] - Statement - PreSaveFile = new java.io.File(((pathPrefix + java.lang.Integer.toString(counter)) + .png)): null

2018-10-20 18:16:10 - [TEST_STEP][PASSED] - Statement - counter = counter + 1: null

2018-10-20 18:16:10 - [TEST_STEP][PASSED] - Statement - PreSaveFile = new java.io.File(((pathPrefix + java.lang.Integer.toString(counter)) + .png)): null

2018-10-20 18:16:10 - [TEST_STEP][PASSED] - Statement - counter = counter + 1: null

2018-10-20 18:16:10 - [TEST_STEP][PASSED] - Statement - PreSaveFile = new java.io.File(((pathPrefix + java.lang.Integer.toString(counter)) + .png)): null

2018-10-20 18:16:10 - [TEST_STEP][PASSED] - Statement - counter = counter + 1: null

2018-10-20 18:16:10 - [TEST_STEP][PASSED] - Statement - PreSaveFile = new java.io.File(((pathPrefix + java.lang.Integer.toString(counter)) + .png)): null

2018-10-20 18:16:10 - [TEST_STEP][PASSED] - Statement - counter = counter + 1: null

2018-10-20 18:16:10 - [TEST_STEP][PASSED] - Statement - PreSaveFile = new java.io.File(((pathPrefix + java.lang.Integer.toString(counter)) + .png)): null

2018-10-20 18:16:10 - [TEST_STEP][PASSED] - Statement - counter = counter + 1: null

2018-10-20 18:16:10 - [TEST_STEP][PASSED] - Statement - PreSaveFile = new java.io.File(((pathPrefix + java.lang.Integer.toString(counter)) + .png)): null

2018-10-20 18:16:10 - [TEST_STEP][PASSED] - Statement - counter = counter + 1: null

2018-10-20 18:16:10 - [TEST_STEP][PASSED] - Statement - PreSaveFile = new java.io.File(((pathPrefix + java.lang.Integer.toString(counter)) + .png)): null

2018-10-20 18:16:10 - [TEST_STEP][PASSED] - Statement - counter = counter + 1: null

2018-10-20 18:16:10 - [TEST_STEP][PASSED] - Statement - PreSaveFile = new java.io.File(((pathPrefix + java.lang.Integer.toString(counter)) + .png)): null

2018-10-20 18:16:10 - [TEST_STEP][PASSED] - Statement - counter = counter + 1: null

2018-10-20 18:16:10 - [TEST_STEP][PASSED] - Statement - PreSaveFile = new java.io.File(((pathPrefix + java.lang.Integer.toString(counter)) + .png)): null

2018-10-20 18:16:10 - [TEST_STEP][PASSED] - Statement - counter = counter + 1: null

2018-10-20 18:16:10 - [TEST_STEP][PASSED] - Statement - PreSaveFile = new java.io.File(((pathPrefix + java.lang.Integer.toString(counter)) + .png)): null

2018-10-20 18:16:10 - [TEST_STEP][PASSED] - Statement - counter = counter + 1: null

2018-10-20 18:16:10 - [TEST_STEP][PASSED] - Statement - PreSaveFile = new java.io.File(((pathPrefix + java.lang.Integer.toString(counter)) + .png)): null

2018-10-20 18:16:10 - [TEST_STEP][PASSED] - Statement - counter = counter + 1: null

2018-10-20 18:16:10 - [TEST_STEP][PASSED] - Statement - PreSaveFile = new java.io.File(((pathPrefix + java.lang.Integer.toString(counter)) + .png)): null

2018-10-20 18:16:10 - [TEST_STEP][PASSED] - Statement - counter = counter + 1: null

2018-10-20 18:16:10 - [TEST_STEP][PASSED] - Statement - PreSaveFile = new java.io.File(((pathPrefix + java.lang.Integer.toString(counter)) + .png)): null

2018-10-20 18:16:10 - [TEST_STEP][PASSED] - Statement - counter = counter + 1: null

2018-10-20 18:16:10 - [TEST_STEP][PASSED] - Statement - PreSaveFile = new java.io.File(((pathPrefix + java.lang.Integer.toString(counter)) + .png)): null

2018-10-20 18:16:10 - [TEST_STEP][PASSED] - Statement - counter = counter + 1: null

2018-10-20 18:16:10 - [TEST_STEP][PASSED] - Statement - PreSaveFile = new java.io.File(((pathPrefix + java.lang.Integer.toString(counter)) + .png)): null

2018-10-20 18:16:10 - [TEST_STEP][PASSED] - Statement - counter = counter + 1: null

2018-10-20 18:16:10 - [TEST_STEP][PASSED] - Statement - PreSaveFile = new java.io.File(((pathPrefix + java.lang.Integer.toString(counter)) + .png)): null

2018-10-20 18:16:10 - [TEST_STEP][PASSED] - Statement - counter = counter + 1: null

2018-10-20 18:16:10 - [TEST_STEP][PASSED] - Statement - PreSaveFile = new java.io.File(((pathPrefix + java.lang.Integer.toString(counter)) + .png)): null

2018-10-20 18:16:10 - [TEST_STEP][PASSED] - Statement - counter = counter + 1: null

2018-10-20 18:16:10 - [TEST_STEP][PASSED] - Statement - PreSaveFile = new java.io.File(((pathPrefix + java.lang.Integer.toString(counter)) + .png)): null

2018-10-20 18:16:10 - [TEST_STEP][PASSED] - Statement - counter = counter + 1: null

2018-10-20 18:16:10 - [TEST_STEP][PASSED] - Statement - PreSaveFile = new java.io.File(((pathPrefix + java.lang.Integer.toString(counter)) + .png)): null

2018-10-20 18:16:10 - [TEST_STEP][PASSED] - Statement - counter = counter + 1: null

2018-10-20 18:16:10 - [TEST_STEP][PASSED] - Statement - PreSaveFile = new java.io.File(((pathPrefix + java.lang.Integer.toString(counter)) + .png)): null

2018-10-20 18:16:10 - [TEST_STEP][PASSED] - Statement - counter = counter + 1: null

2018-10-20 18:16:10 - [TEST_STEP][PASSED] - Statement - PreSaveFile = new java.io.File(((pathPrefix + java.lang.Integer.toString(counter)) + .png)): null

2018-10-20 18:16:10 - [TEST_STEP][PASSED] - Statement - counter = counter + 1: null

2018-10-20 18:16:10 - [TEST_STEP][PASSED] - Statement - PreSaveFile = new java.io.File(((pathPrefix + java.lang.Integer.toString(counter)) + .png)): null

2018-10-20 18:16:10 - [TEST_STEP][PASSED] - Statement - counter = counter + 1: null

2018-10-20 18:16:10 - [TEST_STEP][PASSED] - Statement - PreSaveFile = new java.io.File(((pathPrefix + java.lang.Integer.toString(counter)) + .png)): null

2018-10-20 18:16:10 - [TEST_STEP][PASSED] - Statement - counter = counter + 1: null

2018-10-20 18:16:10 - [TEST_STEP][PASSED] - Statement - PreSaveFile = new java.io.File(((pathPrefix + java.lang.Integer.toString(counter)) + .png)): null

2018-10-20 18:16:10 - [TEST_STEP][PASSED] - Statement - counter = counter + 1: null

2018-10-20 18:16:10 - [TEST_STEP][PASSED] - Statement - PreSaveFile = new java.io.File(((pathPrefix + java.lang.Integer.toString(counter)) + .png)): null

2018-10-20 18:16:10 - [TEST_STEP][PASSED] - Statement - counter = counter + 1: null

2018-10-20 18:16:10 - [TEST_STEP][PASSED] - Statement - PreSaveFile = new java.io.File(((pathPrefix + java.lang.Integer.toString(counter)) + .png)): null

2018-10-20 18:16:10 - [TEST_STEP][PASSED] - Statement - counter = counter + 1: null

2018-10-20 18:16:10 - [TEST_STEP][PASSED] - Statement - PreSaveFile = new java.io.File(((pathPrefix + java.lang.Integer.toString(counter)) + .png)): null

2018-10-20 18:16:10 - [TEST_STEP][PASSED] - Statement - counter = counter + 1: null

2018-10-20 18:16:10 - [TEST_STEP][PASSED] - Statement - PreSaveFile = new java.io.File(((pathPrefix + java.lang.Integer.toString(counter)) + .png)): null

2018-10-20 18:16:10 - [TEST_STEP][PASSED] - Statement - counter = counter + 1: null

2018-10-20 18:16:10 - [TEST_STEP][PASSED] - Statement - PreSaveFile = new java.io.File(((pathPrefix + java.lang.Integer.toString(counter)) + .png)): null

2018-10-20 18:16:10 - [TEST_STEP][PASSED] - Statement - counter = counter + 1: null

2018-10-20 18:16:10 - [TEST_STEP][PASSED] - Statement - PreSaveFile = new java.io.File(((pathPrefix + java.lang.Integer.toString(counter)) + .png)): null

2018-10-20 18:16:10 - [TEST_STEP][PASSED] - Statement - counter = counter + 1: null

2018-10-20 18:16:10 - [TEST_STEP][PASSED] - Statement - PreSaveFile = new java.io.File(((pathPrefix + java.lang.Integer.toString(counter)) + .png)): null

2018-10-20 18:16:10 - [TEST_STEP][PASSED] - Statement - counter = counter + 1: null

2018-10-20 18:16:10 - [TEST_STEP][PASSED] - Statement - PreSaveFile = new java.io.File(((pathPrefix + java.lang.Integer.toString(counter)) + .png)): null

2018-10-20 18:16:10 - [TEST_STEP][PASSED] - Statement - counter = counter + 1: null

2018-10-20 18:16:10 - [TEST_STEP][PASSED] - Statement - PreSaveFile = new java.io.File(((pathPrefix + java.lang.Integer.toString(counter)) + .png)): null

2018-10-20 18:16:10 - [TEST_STEP][PASSED] - Statement - counter = counter + 1: null

2018-10-20 18:16:10 - [TEST_STEP][PASSED] - Statement - PreSaveFile = new java.io.File(((pathPrefix + java.lang.Integer.toString(counter)) + .png)): null

2018-10-20 18:16:10 - [TEST_STEP][PASSED] - Statement - counter = counter + 1: null

2018-10-20 18:16:10 - [TEST_STEP][PASSED] - Statement - PreSaveFile = new java.io.File(((pathPrefix + java.lang.Integer.toString(counter)) + .png)): null

2018-10-20 18:16:10 - [TEST_STEP][PASSED] - Statement - counter = counter + 1: null

2018-10-20 18:16:10 - [TEST_STEP][PASSED] - Statement - PreSaveFile = new java.io.File(((pathPrefix + java.lang.Integer.toString(counter)) + .png)): null

2018-10-20 18:16:10 - [TEST_STEP][PASSED] - Statement - counter = counter + 1: null

2018-10-20 18:16:10 - [TEST_STEP][PASSED] - Statement - PreSaveFile = new java.io.File(((pathPrefix + java.lang.Integer.toString(counter)) + .png)): null

2018-10-20 18:16:10 - [TEST_STEP][PASSED] - Statement - counter = counter + 1: null

2018-10-20 18:16:10 - [TEST_STEP][PASSED] - Statement - PreSaveFile = new java.io.File(((pathPrefix + java.lang.Integer.toString(counter)) + .png)): null

2018-10-20 18:16:10 - [TEST_STEP][PASSED] - Statement - counter = counter + 1: null

2018-10-20 18:16:10 - [TEST_STEP][PASSED] - Statement - PreSaveFile = new java.io.File(((pathPrefix + java.lang.Integer.toString(counter)) + .png)): null

2018-10-20 18:16:10 - [TEST_STEP][PASSED] - Statement - counter = counter + 1: null

2018-10-20 18:16:10 - [TEST_STEP][PASSED] - Statement - PreSaveFile = new java.io.File(((pathPrefix + java.lang.Integer.toString(counter)) + .png)): null

2018-10-20 18:16:10 - [TEST_STEP][PASSED] - Statement - counter = counter + 1: null

2018-10-20 18:16:10 - [TEST_STEP][PASSED] - Statement - PreSaveFile = new java.io.File(((pathPrefix + java.lang.Integer.toString(counter)) + .png)): null

2018-10-20 18:16:10 - [TEST_STEP][PASSED] - Statement - counter = counter + 1: null

2018-10-20 18:16:10 - [TEST_STEP][PASSED] - Statement - PreSaveFile = new java.io.File(((pathPrefix + java.lang.Integer.toString(counter)) + .png)): null

2018-10-20 18:16:10 - [TEST_STEP][PASSED] - Statement - counter = counter + 1: null

2018-10-20 18:16:10 - [TEST_STEP][PASSED] - Statement - PreSaveFile = new java.io.File(((pathPrefix + java.lang.Integer.toString(counter)) + .png)): null

2018-10-20 18:16:10 - [TEST_STEP][PASSED] - Statement - counter = counter + 1: null

2018-10-20 18:16:10 - [TEST_STEP][PASSED] - Statement - PreSaveFile = new java.io.File(((pathPrefix + java.lang.Integer.toString(counter)) + .png)): null

2018-10-20 18:16:10 - [TEST_STEP][PASSED] - Statement - counter = counter + 1: null

2018-10-20 18:16:10 - [TEST_STEP][PASSED] - Statement - PreSaveFile = new java.io.File(((pathPrefix + java.lang.Integer.toString(counter)) + .png)): null

2018-10-20 18:16:10 - [TEST_STEP][PASSED] - Statement - counter = counter + 1: null

2018-10-20 18:16:10 - [TEST_STEP][PASSED] - Statement - PreSaveFile = new java.io.File(((pathPrefix + java.lang.Integer.toString(counter)) + .png)): null

2018-10-20 18:16:10 - [TEST_STEP][PASSED] - Statement - counter = counter + 1: null

2018-10-20 18:16:10 - [TEST_STEP][PASSED] - Statement - PreSaveFile = new java.io.File(((pathPrefix + java.lang.Integer.toString(counter)) + .png)): null

2018-10-20 18:16:10 - [TEST_STEP][PASSED] - Statement - counter = counter + 1: null

2018-10-20 18:16:10 - [TEST_STEP][PASSED] - Statement - PreSaveFile = new java.io.File(((pathPrefix + java.lang.Integer.toString(counter)) + .png)): null

2018-10-20 18:16:10 - [TEST_STEP][PASSED] - Statement - counter = counter + 1: null

2018-10-20 18:16:10 - [TEST_STEP][PASSED] - Statement - PreSaveFile = new java.io.File(((pathPrefix + java.lang.Integer.toString(counter)) + .png)): null

2018-10-20 18:16:10 - [TEST_STEP][PASSED] - Statement - counter = counter + 1: null

2018-10-20 18:16:10 - [TEST_STEP][PASSED] - Statement - PreSaveFile = new java.io.File(((pathPrefix + java.lang.Integer.toString(counter)) + .png)): null

2018-10-20 18:16:10 - [TEST_STEP][PASSED] - Statement - counter = counter + 1: null

2018-10-20 18:16:10 - [TEST_STEP][PASSED] - Statement - PreSaveFile = new java.io.File(((pathPrefix + java.lang.Integer.toString(counter)) + .png)): null

2018-10-20 18:16:10 - [TEST_STEP][PASSED] - Statement - counter = counter + 1: null

2018-10-20 18:16:10 - [TEST_STEP][PASSED] - Statement - PreSaveFile = new java.io.File(((pathPrefix + java.lang.Integer.toString(counter)) + .png)): null

2018-10-20 18:16:10 - [TEST_STEP][PASSED] - Statement - counter = counter + 1: null

2018-10-20 18:16:10 - [TEST_STEP][PASSED] - Statement - PreSaveFile = new java.io.File(((pathPrefix + java.lang.Integer.toString(counter)) + .png)): null

2018-10-20 18:16:10 - [TEST_STEP][PASSED] - Statement - counter = counter + 1: null

2018-10-20 18:16:10 - [TEST_STEP][PASSED] - Statement - PreSaveFile = new java.io.File(((pathPrefix + java.lang.Integer.toString(counter)) + .png)): null

2018-10-20 18:16:10 - [TEST_STEP][PASSED] - Statement - counter = counter + 1: null

2018-10-20 18:16:10 - [TEST_STEP][PASSED] - Statement - PreSaveFile = new java.io.File(((pathPrefix + java.lang.Integer.toString(counter)) + .png)): null

2018-10-20 18:16:10 - [TEST_STEP][PASSED] - Statement - counter = counter + 1: null

2018-10-20 18:16:10 - [TEST_STEP][PASSED] - Statement - PreSaveFile = new java.io.File(((pathPrefix + java.lang.Integer.toString(counter)) + .png)): null

2018-10-20 18:16:10 - [TEST_STEP][PASSED] - Statement - counter = counter + 1: null

2018-10-20 18:16:10 - [TEST_STEP][PASSED] - Statement - PreSaveFile = new java.io.File(((pathPrefix + java.lang.Integer.toString(counter)) + .png)): null

2018-10-20 18:16:10 - [TEST_STEP][PASSED] - Statement - counter = counter + 1: null

2018-10-20 18:16:10 - [TEST_STEP][PASSED] - Statement - PreSaveFile = new java.io.File(((pathPrefix + java.lang.Integer.toString(counter)) + .png)): null

2018-10-20 18:16:10 - [TEST_STEP][PASSED] - Statement - counter = counter + 1: null

2018-10-20 18:16:10 - [TEST_STEP][PASSED] - Statement - PreSaveFile = new java.io.File(((pathPrefix + java.lang.Integer.toString(counter)) + .png)): null

2018-10-20 18:16:10 - [TEST_STEP][PASSED] - Statement - counter = counter + 1: null

2018-10-20 18:16:10 - [TEST_STEP][PASSED] - Statement - PreSaveFile = new java.io.File(((pathPrefix + java.lang.Integer.toString(counter)) + .png)): null

2018-10-20 18:16:10 - [TEST_STEP][PASSED] - Statement - counter = counter + 1: null

2018-10-20 18:16:10 - [TEST_STEP][PASSED] - Statement - PreSaveFile = new java.io.File(((pathPrefix + java.lang.Integer.toString(counter)) + .png)): null

2018-10-20 18:16:10 - [TEST_STEP][PASSED] - Statement - counter = counter + 1: null

2018-10-20 18:16:10 - [TEST_STEP][PASSED] - Statement - PreSaveFile = new java.io.File(((pathPrefix + java.lang.Integer.toString(counter)) + .png)): null

2018-10-20 18:16:10 - [TEST_STEP][PASSED] - Statement - counter = counter + 1: null

2018-10-20 18:16:10 - [TEST_STEP][PASSED] - Statement - PreSaveFile = new java.io.File(((pathPrefix + java.lang.Integer.toString(counter)) + .png)): null

2018-10-20 18:16:10 - [TEST_STEP][PASSED] - Statement - finalPath = pathPrefix + java.lang.Integer.toString(counter) + ".png": null

2018-10-20 18:16:10 - [TEST_STEP][PASSED] - Statement - SaveFile = new java.io.File(finalPath): null

2018-10-20 18:16:10 - [TEST_STEP][PASSED] - Statement - Try: null

2018-10-20 18:16:10 - [TEST_STEP][PASSED] - Statement - org.apache.commons.io.FileUtils.copyFile(scrFile, SaveFile): null

2018-10-20 18:16:10 - [TEST_STEP][PASSED] - Statement - out.println("file kept"): null

2018-10-20 18:16:10 - [TEST_STEP][PASSED] - delay: Delayed 10 second(s)

2018-10-20 18:16:20 - [MESSAGE][PASSED] - Delayed 10 second(s)

2018-10-20 18:16:20 - [MESSAGE][PASSED] - Call Test Case 'Test Cases/Final Aug 2018 - PKS Automation/Common/Screenshoting tool' successfully

2018-10-20 18:16:20 - [TEST_STEP][PASSED] - callTestCase: Call Test Case 'Test Cases/Final Aug 2018 - PKS Automation/Registration Module/Log Out/log out avoiding katalon tagging' successfully

2018-10-20 18:16:20 - [TEST_CASE][PASSED] - Test Cases/Final Aug 2018 - PKS Automation/Registration Module/Log Out/log out avoiding katalon tagging: Test Cases/Final Aug 2018 - PKS Automation/Registration Module/Log Out/log out avoiding katalon tagging

2018-10-20 18:16:20 - [TEST_STEP][PASSED] - navigateToUrl: Navigate to 'https://assist2-uat.perkeso.gov.my/c/portal/logout' successfully

2018-10-20 18:16:21 - [MESSAGE][PASSED] - Navigate to 'https://assist2-uat.perkeso.gov.my/c/portal/logout' successfully

2018-10-20 18:16:21 - [MESSAGE][PASSED] - Call Test Case 'Test Cases/Final Aug 2018 - PKS Automation/Registration Module/Log Out/log out avoiding katalon tagging' successfully

2018-10-20 18:16:21 - [TEST_STEP][FAILED] - callTestCase: Unable to call Test Case with id 'Test Cases/Final Aug 2018 - PKS Automation/Common/Workflow Owner Finder' (Root cause: Call Test Case 'Test Cases/Final Aug 2018 - PKS Automation/Common/Workflow Owner Finder' failed)

2018-10-20 18:16:21 - [TEST_CASE][FAILED] - Test Cases/Final Aug 2018 - PKS Automation/Common/Workflow Owner Finder: Test Cases/Final Aug 2018 - PKS Automation/Common/Workflow Owner Finder FAILED because (of) (Stack trace: com.kms.katalon.core.exception.StepFailedException: Unable to click on object 'Object Repository/Final Object Repo/Landing Page/Select to English' (Root cause: com.kms.katalon.core.webui.exception.WebElementNotFoundException: Web element with id: 'Object Repository/Final Object Repo/Landing Page/Select to English' located by 'By.xpath: //a[@class = 'taglib-language-list-text' and @lang = 'en-US' and (contains(text(), 'EN') or contains(., 'EN'))]' not found)
	at com.kms.katalon.core.keyword.internal.KeywordMain.stepFailed(KeywordMain.groovy:32)
	at com.kms.katalon.core.webui.keyword.internal.WebUIKeywordMain.stepFailed(WebUIKeywordMain.groovy:65)
	at com.kms.katalon.core.webui.keyword.internal.WebUIKeywordMain.runKeyword(WebUIKeywordMain.groovy:27)
	at com.kms.katalon.core.webui.keyword.builtin.ClickKeyword.click(ClickKeyword.groovy:86)
	at com.kms.katalon.core.webui.keyword.builtin.ClickKeyword.execute(ClickKeyword.groovy:67)
	at com.kms.katalon.core.keyword.internal.KeywordExecutor.executeKeywordForPlatform(KeywordExecutor.groovy:53)
	at com.kms.katalon.core.webui.keyword.WebUiBuiltInKeywords.click(WebUiBuiltInKeywords.groovy:604)
	at com.kms.katalon.core.webui.keyword.WebUiBuiltInKeywords$click$6.call(Unknown Source)
	at Script1534407542420.run(Script1534407542420.groovy:57)
	at com.kms.katalon.core.main.ScriptEngine.run(ScriptEngine.java:183)
	at com.kms.katalon.core.main.ScriptEngine.runScriptAsRawText(ScriptEngine.java:108)
	at com.kms.katalon.core.main.TestCaseExecutor.runScript(TestCaseExecutor.java:294)
	at com.kms.katalon.core.main.TestCaseExecutor.doExecute(TestCaseExecutor.java:285)
	at com.kms.katalon.core.main.TestCaseExecutor.processExecutionPhase(TestCaseExecutor.java:264)
	at com.kms.katalon.core.main.TestCaseExecutor.accessMainPhase(TestCaseExecutor.java:256)
	at com.kms.katalon.core.main.TestCaseExecutor.execute(TestCaseExecutor.java:200)
	at com.kms.katalon.core.main.TestCaseMain.runTestCase(TestCaseMain.java:99)
	at com.kms.katalon.core.keyword.builtin.CallTestCaseKeyword$_callTestCase_closure1.doCall(CallTestCaseKeyword.groovy:60)
	at com.kms.katalon.core.keyword.builtin.CallTestCaseKeyword$_callTestCase_closure1.call(CallTestCaseKeyword.groovy)
	at com.kms.katalon.core.keyword.internal.KeywordMain.runKeyword(KeywordMain.groovy:54)
	at com.kms.katalon.core.keyword.builtin.CallTestCaseKeyword.callTestCase(CallTestCaseKeyword.groovy:81)
	at com.kms.katalon.core.keyword.builtin.CallTestCaseKeyword.execute(CallTestCaseKeyword.groovy:45)
	at com.kms.katalon.core.keyword.internal.KeywordExecutor.executeKeywordForPlatform(KeywordExecutor.groovy:53)
	at com.kms.katalon.core.keyword.BuiltinKeywords.callTestCase(BuiltinKeywords.groovy:334)
	at sun.reflect.GeneratedMethodAccessor13.invoke(Unknown Source)
	at sun.reflect.DelegatingMethodAccessorImpl.invoke(DelegatingMethodAccessorImpl.java:43)
	at java.lang.reflect.Method.invoke(Method.java:498)
	at org.codehaus.groovy.reflection.CachedMethod.invoke(CachedMethod.java:93)
	at groovy.lang.MetaMethod.doMethodInvoke(MetaMethod.java:325)
	at groovy.lang.MetaClassImpl.invokeStaticMethod(MetaClassImpl.java:1469)
	at org.codehaus.groovy.runtime.callsite.StaticMetaClassSite.call(StaticMetaClassSite.java:53)
	at org.codehaus.groovy.runtime.callsite.CallSiteArray.defaultCall(CallSiteArray.java:48)
	at org.codehaus.groovy.runtime.callsite.AbstractCallSite.call(AbstractCallSite.java:113)
	at org.codehaus.groovy.runtime.callsite.AbstractCallSite.call(AbstractCallSite.java:141)
	at Script1537333843549.run(Script1537333843549.groovy:110)
	at com.kms.katalon.core.main.ScriptEngine.run(ScriptEngine.java:183)
	at com.kms.katalon.core.main.ScriptEngine.runScriptAsRawText(ScriptEngine.java:108)
	at com.kms.katalon.core.main.TestCaseExecutor.runScript(TestCaseExecutor.java:294)
	at com.kms.katalon.core.main.TestCaseExecutor.doExecute(TestCaseExecutor.java:285)
	at com.kms.katalon.core.main.TestCaseExecutor.processExecutionPhase(TestCaseExecutor.java:264)
	at com.kms.katalon.core.main.TestCaseExecutor.accessMainPhase(TestCaseExecutor.java:256)
	at com.kms.katalon.core.main.TestCaseExecutor.execute(TestCaseExecutor.java:200)
	at com.kms.katalon.core.main.TestSuiteExecutor.accessTestCaseMainPhase(TestSuiteExecutor.java:129)
	at com.kms.katalon.core.main.TestSuiteExecutor.accessTestSuiteMainPhase(TestSuiteExecutor.java:112)
	at com.kms.katalon.core.main.TestSuiteExecutor.execute(TestSuiteExecutor.java:81)
	at com.kms.katalon.core.main.TestCaseMain.startTestSuite(TestCaseMain.java:142)
	at com.kms.katalon.core.main.TestCaseMain$startTestSuite$0.call(Unknown Source)
	at org.codehaus.groovy.runtime.callsite.CallSiteArray.defaultCall(CallSiteArray.java:48)
	at org.codehaus.groovy.runtime.callsite.AbstractCallSite.call(AbstractCallSite.java:113)
	at org.codehaus.groovy.runtime.callsite.AbstractCallSite.call(AbstractCallSite.java:141)
	at TempTestSuite1540012262067.run(TempTestSuite1540012262067.groovy:36)
	at groovy.lang.GroovyShell.runScriptOrMainOrTestOrRunnable(GroovyShell.java:263)
	at groovy.lang.GroovyShell.run(GroovyShell.java:518)
	at groovy.lang.GroovyShell.run(GroovyShell.java:507)
	at groovy.ui.GroovyMain.processOnce(GroovyMain.java:653)
	at groovy.ui.GroovyMain.run(GroovyMain.java:384)
	at groovy.ui.GroovyMain.process(GroovyMain.java:370)
	at groovy.ui.GroovyMain.processArgs(GroovyMain.java:129)
	at groovy.ui.GroovyMain.main(GroovyMain.java:109)
	at sun.reflect.NativeMethodAccessorImpl.invoke0(Native Method)
	at sun.reflect.NativeMethodAccessorImpl.invoke(NativeMethodAccessorImpl.java:62)
	at sun.reflect.DelegatingMethodAccessorImpl.invoke(DelegatingMethodAccessorImpl.java:43)
	at java.lang.reflect.Method.invoke(Method.java:498)
	at org.codehaus.groovy.tools.GroovyStarter.rootLoader(GroovyStarter.java:109)
	at org.codehaus.groovy.tools.GroovyStarter.main(GroovyStarter.java:131)
)

2018-10-20 18:16:21 - [TEST_STEP][PASSED] - openBrowser: Browser is opened with url: ''

2018-10-20 18:16:21 - [MESSAGE][WARNING] - A browser is already opened. Closing browser and opening a new one

2018-10-20 18:16:25 - [MESSAGE][PASSED] - Browser is opened with url: ''

2018-10-20 18:16:25 - [TEST_STEP][PASSED] - navigateToUrl: Navigate to 'https://assist2-uat.perkeso.gov.my/login' successfully

2018-10-20 18:16:27 - [MESSAGE][PASSED] - Navigate to 'https://assist2-uat.perkeso.gov.my/login' successfully

2018-10-20 18:16:27 - [TEST_STEP][PASSED] - delay: Delayed 5 second(s)

2018-10-20 18:16:32 - [MESSAGE][PASSED] - Delayed 5 second(s)

2018-10-20 18:16:32 - [TEST_STEP][PASSED] - setText: Text 'test@liferay.com' is set on object 'Object Repository/Final Object Repo/Login Page/Internal User/Email Address'

2018-10-20 18:16:33 - [MESSAGE][PASSED] - Text 'test@liferay.com' is set on object 'Object Repository/Final Object Repo/Login Page/Internal User/Email Address'

2018-10-20 18:16:33 - [TEST_STEP][PASSED] - click: Object: 'Object Repository/Final Object Repo/Login Page/Internal User/Next Button' is clicked on

2018-10-20 18:16:33 - [MESSAGE][PASSED] - Object: 'Object Repository/Final Object Repo/Login Page/Internal User/Next Button' is clicked on

2018-10-20 18:16:33 - [TEST_STEP][PASSED] - delay: Delayed 2 second(s)

2018-10-20 18:16:35 - [MESSAGE][PASSED] - Delayed 2 second(s)

2018-10-20 18:16:35 - [TEST_STEP][PASSED] - setText: Text 'test' is set on object 'Object Repository/Final Object Repo/Login Page/Internal User/Password'

2018-10-20 18:16:35 - [MESSAGE][PASSED] - Text 'test' is set on object 'Object Repository/Final Object Repo/Login Page/Internal User/Password'

2018-10-20 18:16:35 - [TEST_STEP][PASSED] - delay: Delayed 2 second(s)

2018-10-20 18:16:37 - [MESSAGE][PASSED] - Delayed 2 second(s)

2018-10-20 18:16:37 - [TEST_STEP][PASSED] - click: Object: 'Object Repository/Final Object Repo/Login Page/Internal User/Login Button' is clicked on

2018-10-20 18:16:37 - [MESSAGE][PASSED] - Object: 'Object Repository/Final Object Repo/Login Page/Internal User/Login Button' is clicked on

2018-10-20 18:16:37 - [TEST_STEP][FAILED] - Statement - Try: Delayed 2 second(s)

2018-10-20 18:16:37 - [TEST_STEP][PASSED] - Statement - Checker = false: null

2018-10-20 18:16:37 - [TEST_STEP][PASSED] - Statement - Checker = com.kms.katalon.core.webui.keyword.WebUiBuiltInKeywords.verifyElementHasAttribute(com.kms.katalon.core.testobject.ObjectRepository.findTestObject(Final Object Repo/Landing Page/BM Detecting), "href", 20, OPTIONAL): Unable to verify if object 'Object Repository/Final Object Repo/Landing Page/BM Detecting' has attribute 'href' (Root cause: org.openqa.selenium.StaleElementReferenceException: stale element reference: element is not attached to the page document
  (Session info: chrome=69.0.3497.100)
  (Driver info: chromedriver=2.35.528161 (5b82f2d2aae0ca24b877009200ced9065a772e73),platform=Windows NT 6.1.7601 SP1 x86_64) (WARNING: The server did not provide any stacktrace information)
Command duration or timeout: 0 milliseconds
For documentation on this error, please visit: http://seleniumhq.org/exceptions/stale_element_reference.html
Build info: version: '3.7.1', revision: '8a0099a', time: '2017-11-06T21:07:36.161Z'
System info: host: 'WEIZHENG', ip: '192.168.137.1', os.name: 'Windows 7', os.arch: 'amd64', os.version: '6.1', java.version: '1.8.0_181'
Driver info: com.kms.katalon.selenium.driver.CChromeDriver
Capabilities {acceptInsecureCerts: false, acceptSslCerts: false, applicationCacheEnabled: false, browserConnectionEnabled: false, browserName: chrome, chrome: {chromedriverVersion: 2.35.528161 (5b82f2d2aae0ca..., userDataDir: C:\Users\WEIZHE~1\AppData\L...}, cssSelectorsEnabled: true, databaseEnabled: false, handlesAlerts: true, hasTouchScreen: false, javascriptEnabled: true, locationContextEnabled: true, mobileEmulationEnabled: false, nativeEvents: true, networkConnectionEnabled: false, pageLoadStrategy: normal, platform: XP, platformName: XP, rotatable: false, setWindowRect: true, takesHeapSnapshot: true, takesScreenshot: true, unexpectedAlertBehaviour: , unhandledPromptBehavior: , version: 69.0.3497.100, webStorageEnabled: true}
Session ID: 440940cdeef0c9f6f6d0a180eb53a128)

2018-10-20 18:16:40 - [MESSAGE][WARNING] - Unable to verify if object 'Object Repository/Final Object Repo/Landing Page/BM Detecting' has attribute 'href' (Root cause: org.openqa.selenium.StaleElementReferenceException: stale element reference: element is not attached to the page document
  (Session info: chrome=69.0.3497.100)
  (Driver info: chromedriver=2.35.528161 (5b82f2d2aae0ca24b877009200ced9065a772e73),platform=Windows NT 6.1.7601 SP1 x86_64) (WARNING: The server did not provide any stacktrace information)
Command duration or timeout: 0 milliseconds
For documentation on this error, please visit: http://seleniumhq.org/exceptions/stale_element_reference.html
Build info: version: '3.7.1', revision: '8a0099a', time: '2017-11-06T21:07:36.161Z'
System info: host: 'WEIZHENG', ip: '192.168.137.1', os.name: 'Windows 7', os.arch: 'amd64', os.version: '6.1', java.version: '1.8.0_181'
Driver info: com.kms.katalon.selenium.driver.CChromeDriver
Capabilities {acceptInsecureCerts: false, acceptSslCerts: false, applicationCacheEnabled: false, browserConnectionEnabled: false, browserName: chrome, chrome: {chromedriverVersion: 2.35.528161 (5b82f2d2aae0ca..., userDataDir: C:\Users\WEIZHE~1\AppData\L...}, cssSelectorsEnabled: true, databaseEnabled: false, handlesAlerts: true, hasTouchScreen: false, javascriptEnabled: true, locationContextEnabled: true, mobileEmulationEnabled: false, nativeEvents: true, networkConnectionEnabled: false, pageLoadStrategy: normal, platform: XP, platformName: XP, rotatable: false, setWindowRect: true, takesHeapSnapshot: true, takesScreenshot: true, unexpectedAlertBehaviour: , unhandledPromptBehavior: , version: 69.0.3497.100, webStorageEnabled: true}
Session ID: 440940cdeef0c9f6f6d0a180eb53a128)
[[ATTACHMENT|C:\\Users\\LENOVO\\Katalon Studio\\Perkeso Phase A\\Reports\\Workflow\\Update Add New Employee\\20181020_131102\\1540030600463.png]]

2018-10-20 18:16:40 - [TEST_STEP][PASSED] - Statement - out.println(Checker): null

2018-10-20 18:16:40 - [TEST_STEP][FAILED] - Statement - If (Checker == false): Unable to click on object 'Object Repository/Final Object Repo/Landing Page/Select to English' (Root cause: com.kms.katalon.core.webui.exception.WebElementNotFoundException: Web element with id: 'Object Repository/Final Object Repo/Landing Page/Select to English' located by 'By.xpath: //a[@class = 'taglib-language-list-text' and @lang = 'en-US' and (contains(text(), 'EN') or contains(., 'EN'))]' not found)

2018-10-20 18:16:40 - [TEST_STEP][FAILED] - click: Unable to click on object 'Object Repository/Final Object Repo/Landing Page/Select to English' (Root cause: com.kms.katalon.core.webui.exception.WebElementNotFoundException: Web element with id: 'Object Repository/Final Object Repo/Landing Page/Select to English' located by 'By.xpath: //a[@class = 'taglib-language-list-text' and @lang = 'en-US' and (contains(text(), 'EN') or contains(., 'EN'))]' not found)

2018-10-20 18:17:20 - [MESSAGE][FAILED] - Unable to click on object 'Object Repository/Final Object Repo/Landing Page/Select to English' (Root cause: com.kms.katalon.core.webui.exception.WebElementNotFoundException: Web element with id: 'Object Repository/Final Object Repo/Landing Page/Select to English' located by 'By.xpath: //a[@class = 'taglib-language-list-text' and @lang = 'en-US' and (contains(text(), 'EN') or contains(., 'EN'))]' not found)
[[ATTACHMENT|C:\\Users\\LENOVO\\Katalon Studio\\Perkeso Phase A\\Reports\\Workflow\\Update Add New Employee\\20181020_131102\\1540030640437.png]]

2018-10-20 18:17:20 - [TEST_STEP][PASSED] - delay: Delayed 2 second(s)

2018-10-20 18:17:22 - [MESSAGE][PASSED] - Delayed 2 second(s)

2018-10-20 18:17:22 - [TEST_STEP][PASSED] - delay: Delayed 3 second(s)

2018-10-20 18:17:25 - [MESSAGE][PASSED] - Delayed 3 second(s)

2018-10-20 18:17:25 - [TEST_STEP][PASSED] - mouseOver: Object: 'Object Repository/Final Object Repo/Landing Page/WorkFlow Menu' is hovered

2018-10-20 18:17:25 - [MESSAGE][PASSED] - Object: 'Object Repository/Final Object Repo/Landing Page/WorkFlow Menu' is hovered

2018-10-20 18:17:25 - [TEST_STEP][PASSED] - delay: Delayed 2 second(s)

2018-10-20 18:17:27 - [MESSAGE][PASSED] - Delayed 2 second(s)

2018-10-20 18:17:27 - [TEST_STEP][PASSED] - click: Object: 'Object Repository/Final Object Repo/Landing Page/Select to Workflow Listing' is clicked on

2018-10-20 18:17:29 - [MESSAGE][PASSED] - Object: 'Object Repository/Final Object Repo/Landing Page/Select to Workflow Listing' is clicked on

2018-10-20 18:17:29 - [TEST_STEP][PASSED] - delay: Delayed 2 second(s)

2018-10-20 18:17:31 - [MESSAGE][PASSED] - Delayed 2 second(s)

2018-10-20 18:17:31 - [TEST_STEP][PASSED] - click: Object: 'Object Repository/Final Object Repo/WorkFlow Listing Page/Search Information - To Put Ref No' is clicked on

2018-10-20 18:17:31 - [MESSAGE][PASSED] - Object: 'Object Repository/Final Object Repo/WorkFlow Listing Page/Search Information - To Put Ref No' is clicked on

2018-10-20 18:17:31 - [TEST_STEP][PASSED] - delay: Delayed 2 second(s)

2018-10-20 18:17:33 - [MESSAGE][PASSED] - Delayed 2 second(s)

2018-10-20 18:17:33 - [TEST_STEP][PASSED] - callTestCase: Call Test Case 'Test Cases/Final Aug 2018 - PKS Automation/Common/Reference Number Getter' successfully

2018-10-20 18:17:33 - [TEST_CASE][PASSED] - Test Cases/Final Aug 2018 - PKS Automation/Common/Reference Number Getter: Test Cases/Final Aug 2018 - PKS Automation/Common/Reference Number Getter

2018-10-20 18:17:33 - [TEST_STEP][PASSED] - Statement - Try: null

2018-10-20 18:17:33 - [TEST_STEP][PASSED] - Statement - RefNo = new java.io.File(C://KatalonReference.txt): null

2018-10-20 18:17:33 - [TEST_STEP][PASSED] - Statement - bufferread = new java.io.BufferedReader(new java.io.FileReader(RefNo)): null

2018-10-20 18:17:33 - [TEST_STEP][PASSED] - Statement - readedVal = bufferread.readLine(): null

2018-10-20 18:17:33 - [TEST_STEP][PASSED] - Statement - out.println(CaseReferenceNo): null

2018-10-20 18:17:33 - [TEST_STEP][PASSED] - Statement - out.println(readedVal): null

2018-10-20 18:17:33 - [TEST_STEP][PASSED] - Statement - CaseReferenceNo = readedVal: null

2018-10-20 18:17:33 - [MESSAGE][PASSED] - Call Test Case 'Test Cases/Final Aug 2018 - PKS Automation/Common/Reference Number Getter' successfully

2018-10-20 18:17:33 - [TEST_STEP][PASSED] - setText: Text 'CAN10201800002063' is set on object 'Object Repository/Final Object Repo/WorkFlow Listing Page/Ref No Set Text'

2018-10-20 18:17:33 - [MESSAGE][PASSED] - Text 'CAN10201800002063' is set on object 'Object Repository/Final Object Repo/WorkFlow Listing Page/Ref No Set Text'

2018-10-20 18:17:33 - [TEST_STEP][PASSED] - delay: Delayed 2 second(s)

2018-10-20 18:17:35 - [MESSAGE][PASSED] - Delayed 2 second(s)

2018-10-20 18:17:35 - [TEST_STEP][PASSED] - click: Object: 'Object Repository/Final Object Repo/WorkFlow Listing Page/Search Ref No Search Button' is clicked on

2018-10-20 18:17:35 - [MESSAGE][PASSED] - Object: 'Object Repository/Final Object Repo/WorkFlow Listing Page/Search Ref No Search Button' is clicked on

2018-10-20 18:17:35 - [TEST_STEP][PASSED] - delay: Delayed 4 second(s)

2018-10-20 18:17:39 - [MESSAGE][PASSED] - Delayed 4 second(s)

2018-10-20 18:17:39 - [TEST_STEP][PASSED] - click: Object: 'Object Repository/Final Object Repo/WorkFlow Listing Page/Click Continue Tooltip' is clicked on

2018-10-20 18:17:40 - [MESSAGE][PASSED] - Object: 'Object Repository/Final Object Repo/WorkFlow Listing Page/Click Continue Tooltip' is clicked on

2018-10-20 18:17:40 - [TEST_STEP][PASSED] - delay: Delayed 5 second(s)

2018-10-20 18:17:45 - [MESSAGE][PASSED] - Delayed 5 second(s)

2018-10-20 18:17:45 - [TEST_STEP][PASSED] - doubleClick: Object: 'Object Repository/Final Object Repo/WorkFlow Listing Page/Workflow Found - Listing 1' is double clicked on

2018-10-20 18:17:45 - [MESSAGE][PASSED] - Object: 'Object Repository/Final Object Repo/WorkFlow Listing Page/Workflow Found - Listing 1' is double clicked on

2018-10-20 18:17:45 - [TEST_STEP][PASSED] - Statement - println(OwnerID): null

2018-10-20 18:17:45 - [TEST_STEP][PASSED] - Statement - OwnerID = com.kms.katalon.core.webui.keyword.WebUiBuiltInKeywords.getText(com.kms.katalon.core.testobject.ObjectRepository.findTestObject(Final Object Repo/WorkFlow Listing Page/Workflow Found - Listing 1), STOP_ON_FAILURE): Text of object 'Object Repository/Final Object Repo/WorkFlow Listing Page/Workflow Found - Listing 1' is: 'JOHORro1'

2018-10-20 18:17:46 - [MESSAGE][PASSED] - Text of object 'Object Repository/Final Object Repo/WorkFlow Listing Page/Workflow Found - Listing 1' is: 'JOHORro1'

2018-10-20 18:17:46 - [TEST_STEP][PASSED] - Statement - OwnerID = OwnerID.toLowerCase() + "@gmail.com": null

2018-10-20 18:17:46 - [TEST_STEP][PASSED] - Statement - println(OwnerID): null

2018-10-20 18:17:46 - [TEST_STEP][PASSED] - delay: Delayed 2 second(s)

2018-10-20 18:17:48 - [MESSAGE][PASSED] - Delayed 2 second(s)

2018-10-20 18:17:48 - [MESSAGE][FAILED] - Unable to call Test Case with id 'Test Cases/Final Aug 2018 - PKS Automation/Common/Workflow Owner Finder' (Root cause: Call Test Case 'Test Cases/Final Aug 2018 - PKS Automation/Common/Workflow Owner Finder' failed)]]></system-out>
         <system-err><![CDATA[2018-10-20 18:05:56 - [TEST_CASE][FAILED] - Test Cases/Final Aug 2018 - PKS Automation/Registration Module/Workflow/Update Add New Employee/Special Case (Employer - RO Under Enforcement): Test Cases/Final Aug 2018 - PKS Automation/Registration Module/Workflow/Update Add New Employee/Special Case (Employer - RO Under Enforcement) FAILED because (of) (Stack trace: com.kms.katalon.core.exception.StepFailedException: Unable to click on object 'Object Repository/Final Object Repo/Landing Page/Select to English' (Root cause: com.kms.katalon.core.webui.exception.WebElementNotFoundException: Web element with id: 'Object Repository/Final Object Repo/Landing Page/Select to English' located by 'By.xpath: //a[@class = 'taglib-language-list-text' and @lang = 'en-US' and (contains(text(), 'EN') or contains(., 'EN'))]' not found)
	at com.kms.katalon.core.keyword.internal.KeywordMain.stepFailed(KeywordMain.groovy:32)
	at com.kms.katalon.core.webui.keyword.internal.WebUIKeywordMain.stepFailed(WebUIKeywordMain.groovy:65)
	at com.kms.katalon.core.webui.keyword.internal.WebUIKeywordMain.runKeyword(WebUIKeywordMain.groovy:27)
	at com.kms.katalon.core.webui.keyword.builtin.ClickKeyword.click(ClickKeyword.groovy:86)
	at com.kms.katalon.core.webui.keyword.builtin.ClickKeyword.execute(ClickKeyword.groovy:67)
	at com.kms.katalon.core.keyword.internal.KeywordExecutor.executeKeywordForPlatform(KeywordExecutor.groovy:53)
	at com.kms.katalon.core.webui.keyword.WebUiBuiltInKeywords.click(WebUiBuiltInKeywords.groovy:604)
	at com.kms.katalon.core.webui.keyword.WebUiBuiltInKeywords$click$6.call(Unknown Source)
	at Script1534407542420.run(Script1534407542420.groovy:57)
	at com.kms.katalon.core.main.ScriptEngine.run(ScriptEngine.java:183)
	at com.kms.katalon.core.main.ScriptEngine.runScriptAsRawText(ScriptEngine.java:108)
	at com.kms.katalon.core.main.TestCaseExecutor.runScript(TestCaseExecutor.java:294)
	at com.kms.katalon.core.main.TestCaseExecutor.doExecute(TestCaseExecutor.java:285)
	at com.kms.katalon.core.main.TestCaseExecutor.processExecutionPhase(TestCaseExecutor.java:264)
	at com.kms.katalon.core.main.TestCaseExecutor.accessMainPhase(TestCaseExecutor.java:256)
	at com.kms.katalon.core.main.TestCaseExecutor.execute(TestCaseExecutor.java:200)
	at com.kms.katalon.core.main.TestCaseMain.runTestCase(TestCaseMain.java:99)
	at com.kms.katalon.core.keyword.builtin.CallTestCaseKeyword$_callTestCase_closure1.doCall(CallTestCaseKeyword.groovy:60)
	at com.kms.katalon.core.keyword.builtin.CallTestCaseKeyword$_callTestCase_closure1.call(CallTestCaseKeyword.groovy)
	at com.kms.katalon.core.keyword.internal.KeywordMain.runKeyword(KeywordMain.groovy:54)
	at com.kms.katalon.core.keyword.builtin.CallTestCaseKeyword.callTestCase(CallTestCaseKeyword.groovy:81)
	at com.kms.katalon.core.keyword.builtin.CallTestCaseKeyword.execute(CallTestCaseKeyword.groovy:45)
	at com.kms.katalon.core.keyword.internal.KeywordExecutor.executeKeywordForPlatform(KeywordExecutor.groovy:53)
	at com.kms.katalon.core.keyword.BuiltinKeywords.callTestCase(BuiltinKeywords.groovy:334)
	at sun.reflect.GeneratedMethodAccessor13.invoke(Unknown Source)
	at sun.reflect.DelegatingMethodAccessorImpl.invoke(DelegatingMethodAccessorImpl.java:43)
	at java.lang.reflect.Method.invoke(Method.java:498)
	at org.codehaus.groovy.reflection.CachedMethod.invoke(CachedMethod.java:93)
	at groovy.lang.MetaMethod.doMethodInvoke(MetaMethod.java:325)
	at groovy.lang.MetaClassImpl.invokeStaticMethod(MetaClassImpl.java:1469)
	at org.codehaus.groovy.runtime.callsite.StaticMetaClassSite.call(StaticMetaClassSite.java:53)
	at org.codehaus.groovy.runtime.callsite.CallSiteArray.defaultCall(CallSiteArray.java:48)
	at org.codehaus.groovy.runtime.callsite.AbstractCallSite.call(AbstractCallSite.java:113)
	at org.codehaus.groovy.runtime.callsite.AbstractCallSite.call(AbstractCallSite.java:141)
	at Script1537333843549.run(Script1537333843549.groovy:110)
	at com.kms.katalon.core.main.ScriptEngine.run(ScriptEngine.java:183)
	at com.kms.katalon.core.main.ScriptEngine.runScriptAsRawText(ScriptEngine.java:108)
	at com.kms.katalon.core.main.TestCaseExecutor.runScript(TestCaseExecutor.java:294)
	at com.kms.katalon.core.main.TestCaseExecutor.doExecute(TestCaseExecutor.java:285)
	at com.kms.katalon.core.main.TestCaseExecutor.processExecutionPhase(TestCaseExecutor.java:264)
	at com.kms.katalon.core.main.TestCaseExecutor.accessMainPhase(TestCaseExecutor.java:256)
	at com.kms.katalon.core.main.TestCaseExecutor.execute(TestCaseExecutor.java:200)
	at com.kms.katalon.core.main.TestSuiteExecutor.accessTestCaseMainPhase(TestSuiteExecutor.java:129)
	at com.kms.katalon.core.main.TestSuiteExecutor.accessTestSuiteMainPhase(TestSuiteExecutor.java:112)
	at com.kms.katalon.core.main.TestSuiteExecutor.execute(TestSuiteExecutor.java:81)
	at com.kms.katalon.core.main.TestCaseMain.startTestSuite(TestCaseMain.java:142)
	at com.kms.katalon.core.main.TestCaseMain$startTestSuite$0.call(Unknown Source)
	at org.codehaus.groovy.runtime.callsite.CallSiteArray.defaultCall(CallSiteArray.java:48)
	at org.codehaus.groovy.runtime.callsite.AbstractCallSite.call(AbstractCallSite.java:113)
	at org.codehaus.groovy.runtime.callsite.AbstractCallSite.call(AbstractCallSite.java:141)
	at TempTestSuite1540012262067.run(TempTestSuite1540012262067.groovy:36)
	at groovy.lang.GroovyShell.runScriptOrMainOrTestOrRunnable(GroovyShell.java:263)
	at groovy.lang.GroovyShell.run(GroovyShell.java:518)
	at groovy.lang.GroovyShell.run(GroovyShell.java:507)
	at groovy.ui.GroovyMain.processOnce(GroovyMain.java:653)
	at groovy.ui.GroovyMain.run(GroovyMain.java:384)
	at groovy.ui.GroovyMain.process(GroovyMain.java:370)
	at groovy.ui.GroovyMain.processArgs(GroovyMain.java:129)
	at groovy.ui.GroovyMain.main(GroovyMain.java:109)
	at sun.reflect.NativeMethodAccessorImpl.invoke0(Native Method)
	at sun.reflect.NativeMethodAccessorImpl.invoke(NativeMethodAccessorImpl.java:62)
	at sun.reflect.DelegatingMethodAccessorImpl.invoke(DelegatingMethodAccessorImpl.java:43)
	at java.lang.reflect.Method.invoke(Method.java:498)
	at org.codehaus.groovy.tools.GroovyStarter.rootLoader(GroovyStarter.java:109)
	at org.codehaus.groovy.tools.GroovyStarter.main(GroovyStarter.java:131)
)]]></system-err>
      </testcase>
      <testcase name="Test Cases/Final Aug 2018 - PKS Automation/Registration Module/Workflow/Update Add New Employee/Special Case (OTC - PKR BO -  RO Approve)" classname="Test Cases/Final Aug 2018 - PKS Automation/Registration Module/Workflow/Update Add New Employee/Special Case (OTC - PKR BO -  RO Approve)" status="FAILED">
         <failure type="FAILED" message="(Stack trace: com.kms.katalon.core.exception.StepFailedException: Unable to click on object 'Object Repository/Final Object Repo/New Registration - Registration Module Pages/Third Screen - Upload Supporting Doc- Preview/Select to Upload Borang SIP 2' (Root cause: org.openqa.selenium.WebDriverException: unknown error: Element &lt;span>...&lt;/span> is not clickable at point (151, 567). Other element would receive the click: &lt;li class=&quot;select2-results__option&quot; id=&quot;select2-_newreg_WAR_registrationportlet_objdocTypeId-result-54te-134&quot; role=&quot;treeitem&quot; aria-selected=&quot;false&quot;>...&lt;/li>
  (Session info: chrome=69.0.3497.100)
  (Driver info: chromedriver=2.35.528161 (5b82f2d2aae0ca24b877009200ced9065a772e73),platform=Windows NT 6.1.7601 SP1 x86_64) (WARNING: The server did not provide any stacktrace information)
Command duration or timeout: 0 milliseconds
Build info: version: '3.7.1', revision: '8a0099a', time: '2017-11-06T21:07:36.161Z'
System info: host: 'WEIZHENG', ip: '192.168.137.1', os.name: 'Windows 7', os.arch: 'amd64', os.version: '6.1', java.version: '1.8.0_181'
Driver info: com.kms.katalon.selenium.driver.CChromeDriver
Capabilities {acceptInsecureCerts: false, acceptSslCerts: false, applicationCacheEnabled: false, browserConnectionEnabled: false, browserName: chrome, chrome: {chromedriverVersion: 2.35.528161 (5b82f2d2aae0ca..., userDataDir: C:\Users\WEIZHE~1\AppData\L...}, cssSelectorsEnabled: true, databaseEnabled: false, handlesAlerts: true, hasTouchScreen: false, javascriptEnabled: true, locationContextEnabled: true, mobileEmulationEnabled: false, nativeEvents: true, networkConnectionEnabled: false, pageLoadStrategy: normal, platform: XP, platformName: XP, rotatable: false, setWindowRect: true, takesHeapSnapshot: true, takesScreenshot: true, unexpectedAlertBehaviour: , unhandledPromptBehavior: , version: 69.0.3497.100, webStorageEnabled: true}
Session ID: b9542c8c821f4aa87f10f1268b40301a)
	at com.kms.katalon.core.keyword.internal.KeywordMain.stepFailed(KeywordMain.groovy:32)
	at com.kms.katalon.core.webui.keyword.internal.WebUIKeywordMain.stepFailed(WebUIKeywordMain.groovy:65)
	at com.kms.katalon.core.webui.keyword.internal.WebUIKeywordMain.runKeyword(WebUIKeywordMain.groovy:27)
	at com.kms.katalon.core.webui.keyword.builtin.ClickKeyword.click(ClickKeyword.groovy:86)
	at com.kms.katalon.core.webui.keyword.builtin.ClickKeyword.execute(ClickKeyword.groovy:67)
	at com.kms.katalon.core.keyword.internal.KeywordExecutor.executeKeywordForPlatform(KeywordExecutor.groovy:53)
	at com.kms.katalon.core.webui.keyword.WebUiBuiltInKeywords.click(WebUiBuiltInKeywords.groovy:616)
	at com.kms.katalon.core.webui.keyword.WebUiBuiltInKeywords$click$2.call(Unknown Source)
	at Script1534409664094.run(Script1534409664094.groovy:104)
	at com.kms.katalon.core.main.ScriptEngine.run(ScriptEngine.java:183)
	at com.kms.katalon.core.main.ScriptEngine.runScriptAsRawText(ScriptEngine.java:108)
	at com.kms.katalon.core.main.TestCaseExecutor.runScript(TestCaseExecutor.java:294)
	at com.kms.katalon.core.main.TestCaseExecutor.doExecute(TestCaseExecutor.java:285)
	at com.kms.katalon.core.main.TestCaseExecutor.processExecutionPhase(TestCaseExecutor.java:264)
	at com.kms.katalon.core.main.TestCaseExecutor.accessMainPhase(TestCaseExecutor.java:256)
	at com.kms.katalon.core.main.TestCaseExecutor.execute(TestCaseExecutor.java:200)
	at com.kms.katalon.core.main.TestCaseMain.runTestCase(TestCaseMain.java:99)
	at com.kms.katalon.core.keyword.builtin.CallTestCaseKeyword$_callTestCase_closure1.doCall(CallTestCaseKeyword.groovy:60)
	at com.kms.katalon.core.keyword.builtin.CallTestCaseKeyword$_callTestCase_closure1.call(CallTestCaseKeyword.groovy)
	at com.kms.katalon.core.keyword.internal.KeywordMain.runKeyword(KeywordMain.groovy:54)
	at com.kms.katalon.core.keyword.builtin.CallTestCaseKeyword.callTestCase(CallTestCaseKeyword.groovy:81)
	at com.kms.katalon.core.keyword.builtin.CallTestCaseKeyword.execute(CallTestCaseKeyword.groovy:45)
	at com.kms.katalon.core.keyword.internal.KeywordExecutor.executeKeywordForPlatform(KeywordExecutor.groovy:53)
	at com.kms.katalon.core.keyword.BuiltinKeywords.callTestCase(BuiltinKeywords.groovy:334)
	at sun.reflect.GeneratedMethodAccessor13.invoke(Unknown Source)
	at sun.reflect.DelegatingMethodAccessorImpl.invoke(DelegatingMethodAccessorImpl.java:43)
	at java.lang.reflect.Method.invoke(Method.java:498)
	at org.codehaus.groovy.reflection.CachedMethod.invoke(CachedMethod.java:93)
	at groovy.lang.MetaMethod.doMethodInvoke(MetaMethod.java:325)
	at groovy.lang.MetaClassImpl.invokeStaticMethod(MetaClassImpl.java:1469)
	at org.codehaus.groovy.runtime.callsite.StaticMetaClassSite.call(StaticMetaClassSite.java:53)
	at org.codehaus.groovy.runtime.callsite.CallSiteArray.defaultCall(CallSiteArray.java:48)
	at org.codehaus.groovy.runtime.callsite.AbstractCallSite.call(AbstractCallSite.java:113)
	at org.codehaus.groovy.runtime.callsite.AbstractCallSite.call(AbstractCallSite.java:141)
	at Script1536051799273.run(Script1536051799273.groovy:28)
	at com.kms.katalon.core.main.ScriptEngine.run(ScriptEngine.java:183)
	at com.kms.katalon.core.main.ScriptEngine.runScriptAsRawText(ScriptEngine.java:108)
	at com.kms.katalon.core.main.TestCaseExecutor.runScript(TestCaseExecutor.java:294)
	at com.kms.katalon.core.main.TestCaseExecutor.doExecute(TestCaseExecutor.java:285)
	at com.kms.katalon.core.main.TestCaseExecutor.processExecutionPhase(TestCaseExecutor.java:264)
	at com.kms.katalon.core.main.TestCaseExecutor.accessMainPhase(TestCaseExecutor.java:256)
	at com.kms.katalon.core.main.TestCaseExecutor.execute(TestCaseExecutor.java:200)
	at com.kms.katalon.core.main.TestCaseMain.runTestCase(TestCaseMain.java:99)
	at com.kms.katalon.core.keyword.builtin.CallTestCaseKeyword$_callTestCase_closure1.doCall(CallTestCaseKeyword.groovy:60)
	at com.kms.katalon.core.keyword.builtin.CallTestCaseKeyword$_callTestCase_closure1.call(CallTestCaseKeyword.groovy)
	at com.kms.katalon.core.keyword.internal.KeywordMain.runKeyword(KeywordMain.groovy:54)
	at com.kms.katalon.core.keyword.builtin.CallTestCaseKeyword.callTestCase(CallTestCaseKeyword.groovy:81)
	at com.kms.katalon.core.keyword.builtin.CallTestCaseKeyword.execute(CallTestCaseKeyword.groovy:45)
	at com.kms.katalon.core.keyword.internal.KeywordExecutor.executeKeywordForPlatform(KeywordExecutor.groovy:53)
	at com.kms.katalon.core.keyword.BuiltinKeywords.callTestCase(BuiltinKeywords.groovy:334)
	at sun.reflect.GeneratedMethodAccessor13.invoke(Unknown Source)
	at sun.reflect.DelegatingMethodAccessorImpl.invoke(DelegatingMethodAccessorImpl.java:43)
	at java.lang.reflect.Method.invoke(Method.java:498)
	at org.codehaus.groovy.reflection.CachedMethod.invoke(CachedMethod.java:93)
	at groovy.lang.MetaMethod.doMethodInvoke(MetaMethod.java:325)
	at groovy.lang.MetaClassImpl.invokeStaticMethod(MetaClassImpl.java:1469)
	at org.codehaus.groovy.runtime.callsite.StaticMetaClassSite.call(StaticMetaClassSite.java:53)
	at org.codehaus.groovy.runtime.callsite.CallSiteArray.defaultCall(CallSiteArray.java:48)
	at org.codehaus.groovy.runtime.callsite.AbstractCallSite.call(AbstractCallSite.java:113)
	at org.codehaus.groovy.runtime.callsite.AbstractCallSite.call(AbstractCallSite.java:141)
	at Script1536290785236.run(Script1536290785236.groovy:15)
	at com.kms.katalon.core.main.ScriptEngine.run(ScriptEngine.java:183)
	at com.kms.katalon.core.main.ScriptEngine.runScriptAsRawText(ScriptEngine.java:108)
	at com.kms.katalon.core.main.TestCaseExecutor.runScript(TestCaseExecutor.java:294)
	at com.kms.katalon.core.main.TestCaseExecutor.doExecute(TestCaseExecutor.java:285)
	at com.kms.katalon.core.main.TestCaseExecutor.processExecutionPhase(TestCaseExecutor.java:264)
	at com.kms.katalon.core.main.TestCaseExecutor.accessMainPhase(TestCaseExecutor.java:256)
	at com.kms.katalon.core.main.TestCaseExecutor.execute(TestCaseExecutor.java:200)
	at com.kms.katalon.core.main.TestSuiteExecutor.accessTestCaseMainPhase(TestSuiteExecutor.java:129)
	at com.kms.katalon.core.main.TestSuiteExecutor.accessTestSuiteMainPhase(TestSuiteExecutor.java:112)
	at com.kms.katalon.core.main.TestSuiteExecutor.execute(TestSuiteExecutor.java:81)
	at com.kms.katalon.core.main.TestCaseMain.startTestSuite(TestCaseMain.java:142)
	at com.kms.katalon.core.main.TestCaseMain$startTestSuite$0.call(Unknown Source)
	at org.codehaus.groovy.runtime.callsite.CallSiteArray.defaultCall(CallSiteArray.java:48)
	at org.codehaus.groovy.runtime.callsite.AbstractCallSite.call(AbstractCallSite.java:113)
	at org.codehaus.groovy.runtime.callsite.AbstractCallSite.call(AbstractCallSite.java:141)
	at TempTestSuite1540012262067.run(TempTestSuite1540012262067.groovy:36)
	at groovy.lang.GroovyShell.runScriptOrMainOrTestOrRunnable(GroovyShell.java:263)
	at groovy.lang.GroovyShell.run(GroovyShell.java:518)
	at groovy.lang.GroovyShell.run(GroovyShell.java:507)
	at groovy.ui.GroovyMain.processOnce(GroovyMain.java:653)
	at groovy.ui.GroovyMain.run(GroovyMain.java:384)
	at groovy.ui.GroovyMain.process(GroovyMain.java:370)
	at groovy.ui.GroovyMain.processArgs(GroovyMain.java:129)
	at groovy.ui.GroovyMain.main(GroovyMain.java:109)
	at sun.reflect.NativeMethodAccessorImpl.invoke0(Native Method)
	at sun.reflect.NativeMethodAccessorImpl.invoke(NativeMethodAccessorImpl.java:62)
	at sun.reflect.DelegatingMethodAccessorImpl.invoke(DelegatingMethodAccessorImpl.java:43)
	at java.lang.reflect.Method.invoke(Method.java:498)
	at org.codehaus.groovy.tools.GroovyStarter.rootLoader(GroovyStarter.java:109)
	at org.codehaus.groovy.tools.GroovyStarter.main(GroovyStarter.java:131)
)"/>
         <system-out><![CDATA[2018-10-20 18:17:48 - [TEST_CASE][FAILED] - Test Cases/Final Aug 2018 - PKS Automation/Registration Module/Workflow/Update Add New Employee/Special Case (OTC - PKR BO -  RO Approve): Test Cases/Final Aug 2018 - PKS Automation/Registration Module/Workflow/Update Add New Employee/Special Case (OTC - PKR BO -  RO Approve) FAILED because (of) (Stack trace: com.kms.katalon.core.exception.StepFailedException: Unable to click on object 'Object Repository/Final Object Repo/New Registration - Registration Module Pages/Third Screen - Upload Supporting Doc- Preview/Select to Upload Borang SIP 2' (Root cause: org.openqa.selenium.WebDriverException: unknown error: Element <span>...</span> is not clickable at point (151, 567). Other element would receive the click: <li class="select2-results__option" id="select2-_newreg_WAR_registrationportlet_objdocTypeId-result-54te-134" role="treeitem" aria-selected="false">...</li>
  (Session info: chrome=69.0.3497.100)
  (Driver info: chromedriver=2.35.528161 (5b82f2d2aae0ca24b877009200ced9065a772e73),platform=Windows NT 6.1.7601 SP1 x86_64) (WARNING: The server did not provide any stacktrace information)
Command duration or timeout: 0 milliseconds
Build info: version: '3.7.1', revision: '8a0099a', time: '2017-11-06T21:07:36.161Z'
System info: host: 'WEIZHENG', ip: '192.168.137.1', os.name: 'Windows 7', os.arch: 'amd64', os.version: '6.1', java.version: '1.8.0_181'
Driver info: com.kms.katalon.selenium.driver.CChromeDriver
Capabilities {acceptInsecureCerts: false, acceptSslCerts: false, applicationCacheEnabled: false, browserConnectionEnabled: false, browserName: chrome, chrome: {chromedriverVersion: 2.35.528161 (5b82f2d2aae0ca..., userDataDir: C:\Users\WEIZHE~1\AppData\L...}, cssSelectorsEnabled: true, databaseEnabled: false, handlesAlerts: true, hasTouchScreen: false, javascriptEnabled: true, locationContextEnabled: true, mobileEmulationEnabled: false, nativeEvents: true, networkConnectionEnabled: false, pageLoadStrategy: normal, platform: XP, platformName: XP, rotatable: false, setWindowRect: true, takesHeapSnapshot: true, takesScreenshot: true, unexpectedAlertBehaviour: , unhandledPromptBehavior: , version: 69.0.3497.100, webStorageEnabled: true}
Session ID: b9542c8c821f4aa87f10f1268b40301a)
	at com.kms.katalon.core.keyword.internal.KeywordMain.stepFailed(KeywordMain.groovy:32)
	at com.kms.katalon.core.webui.keyword.internal.WebUIKeywordMain.stepFailed(WebUIKeywordMain.groovy:65)
	at com.kms.katalon.core.webui.keyword.internal.WebUIKeywordMain.runKeyword(WebUIKeywordMain.groovy:27)
	at com.kms.katalon.core.webui.keyword.builtin.ClickKeyword.click(ClickKeyword.groovy:86)
	at com.kms.katalon.core.webui.keyword.builtin.ClickKeyword.execute(ClickKeyword.groovy:67)
	at com.kms.katalon.core.keyword.internal.KeywordExecutor.executeKeywordForPlatform(KeywordExecutor.groovy:53)
	at com.kms.katalon.core.webui.keyword.WebUiBuiltInKeywords.click(WebUiBuiltInKeywords.groovy:616)
	at com.kms.katalon.core.webui.keyword.WebUiBuiltInKeywords$click$2.call(Unknown Source)
	at Script1534409664094.run(Script1534409664094.groovy:104)
	at com.kms.katalon.core.main.ScriptEngine.run(ScriptEngine.java:183)
	at com.kms.katalon.core.main.ScriptEngine.runScriptAsRawText(ScriptEngine.java:108)
	at com.kms.katalon.core.main.TestCaseExecutor.runScript(TestCaseExecutor.java:294)
	at com.kms.katalon.core.main.TestCaseExecutor.doExecute(TestCaseExecutor.java:285)
	at com.kms.katalon.core.main.TestCaseExecutor.processExecutionPhase(TestCaseExecutor.java:264)
	at com.kms.katalon.core.main.TestCaseExecutor.accessMainPhase(TestCaseExecutor.java:256)
	at com.kms.katalon.core.main.TestCaseExecutor.execute(TestCaseExecutor.java:200)
	at com.kms.katalon.core.main.TestCaseMain.runTestCase(TestCaseMain.java:99)
	at com.kms.katalon.core.keyword.builtin.CallTestCaseKeyword$_callTestCase_closure1.doCall(CallTestCaseKeyword.groovy:60)
	at com.kms.katalon.core.keyword.builtin.CallTestCaseKeyword$_callTestCase_closure1.call(CallTestCaseKeyword.groovy)
	at com.kms.katalon.core.keyword.internal.KeywordMain.runKeyword(KeywordMain.groovy:54)
	at com.kms.katalon.core.keyword.builtin.CallTestCaseKeyword.callTestCase(CallTestCaseKeyword.groovy:81)
	at com.kms.katalon.core.keyword.builtin.CallTestCaseKeyword.execute(CallTestCaseKeyword.groovy:45)
	at com.kms.katalon.core.keyword.internal.KeywordExecutor.executeKeywordForPlatform(KeywordExecutor.groovy:53)
	at com.kms.katalon.core.keyword.BuiltinKeywords.callTestCase(BuiltinKeywords.groovy:334)
	at sun.reflect.GeneratedMethodAccessor13.invoke(Unknown Source)
	at sun.reflect.DelegatingMethodAccessorImpl.invoke(DelegatingMethodAccessorImpl.java:43)
	at java.lang.reflect.Method.invoke(Method.java:498)
	at org.codehaus.groovy.reflection.CachedMethod.invoke(CachedMethod.java:93)
	at groovy.lang.MetaMethod.doMethodInvoke(MetaMethod.java:325)
	at groovy.lang.MetaClassImpl.invokeStaticMethod(MetaClassImpl.java:1469)
	at org.codehaus.groovy.runtime.callsite.StaticMetaClassSite.call(StaticMetaClassSite.java:53)
	at org.codehaus.groovy.runtime.callsite.CallSiteArray.defaultCall(CallSiteArray.java:48)
	at org.codehaus.groovy.runtime.callsite.AbstractCallSite.call(AbstractCallSite.java:113)
	at org.codehaus.groovy.runtime.callsite.AbstractCallSite.call(AbstractCallSite.java:141)
	at Script1536051799273.run(Script1536051799273.groovy:28)
	at com.kms.katalon.core.main.ScriptEngine.run(ScriptEngine.java:183)
	at com.kms.katalon.core.main.ScriptEngine.runScriptAsRawText(ScriptEngine.java:108)
	at com.kms.katalon.core.main.TestCaseExecutor.runScript(TestCaseExecutor.java:294)
	at com.kms.katalon.core.main.TestCaseExecutor.doExecute(TestCaseExecutor.java:285)
	at com.kms.katalon.core.main.TestCaseExecutor.processExecutionPhase(TestCaseExecutor.java:264)
	at com.kms.katalon.core.main.TestCaseExecutor.accessMainPhase(TestCaseExecutor.java:256)
	at com.kms.katalon.core.main.TestCaseExecutor.execute(TestCaseExecutor.java:200)
	at com.kms.katalon.core.main.TestCaseMain.runTestCase(TestCaseMain.java:99)
	at com.kms.katalon.core.keyword.builtin.CallTestCaseKeyword$_callTestCase_closure1.doCall(CallTestCaseKeyword.groovy:60)
	at com.kms.katalon.core.keyword.builtin.CallTestCaseKeyword$_callTestCase_closure1.call(CallTestCaseKeyword.groovy)
	at com.kms.katalon.core.keyword.internal.KeywordMain.runKeyword(KeywordMain.groovy:54)
	at com.kms.katalon.core.keyword.builtin.CallTestCaseKeyword.callTestCase(CallTestCaseKeyword.groovy:81)
	at com.kms.katalon.core.keyword.builtin.CallTestCaseKeyword.execute(CallTestCaseKeyword.groovy:45)
	at com.kms.katalon.core.keyword.internal.KeywordExecutor.executeKeywordForPlatform(KeywordExecutor.groovy:53)
	at com.kms.katalon.core.keyword.BuiltinKeywords.callTestCase(BuiltinKeywords.groovy:334)
	at sun.reflect.GeneratedMethodAccessor13.invoke(Unknown Source)
	at sun.reflect.DelegatingMethodAccessorImpl.invoke(DelegatingMethodAccessorImpl.java:43)
	at java.lang.reflect.Method.invoke(Method.java:498)
	at org.codehaus.groovy.reflection.CachedMethod.invoke(CachedMethod.java:93)
	at groovy.lang.MetaMethod.doMethodInvoke(MetaMethod.java:325)
	at groovy.lang.MetaClassImpl.invokeStaticMethod(MetaClassImpl.java:1469)
	at org.codehaus.groovy.runtime.callsite.StaticMetaClassSite.call(StaticMetaClassSite.java:53)
	at org.codehaus.groovy.runtime.callsite.CallSiteArray.defaultCall(CallSiteArray.java:48)
	at org.codehaus.groovy.runtime.callsite.AbstractCallSite.call(AbstractCallSite.java:113)
	at org.codehaus.groovy.runtime.callsite.AbstractCallSite.call(AbstractCallSite.java:141)
	at Script1536290785236.run(Script1536290785236.groovy:15)
	at com.kms.katalon.core.main.ScriptEngine.run(ScriptEngine.java:183)
	at com.kms.katalon.core.main.ScriptEngine.runScriptAsRawText(ScriptEngine.java:108)
	at com.kms.katalon.core.main.TestCaseExecutor.runScript(TestCaseExecutor.java:294)
	at com.kms.katalon.core.main.TestCaseExecutor.doExecute(TestCaseExecutor.java:285)
	at com.kms.katalon.core.main.TestCaseExecutor.processExecutionPhase(TestCaseExecutor.java:264)
	at com.kms.katalon.core.main.TestCaseExecutor.accessMainPhase(TestCaseExecutor.java:256)
	at com.kms.katalon.core.main.TestCaseExecutor.execute(TestCaseExecutor.java:200)
	at com.kms.katalon.core.main.TestSuiteExecutor.accessTestCaseMainPhase(TestSuiteExecutor.java:129)
	at com.kms.katalon.core.main.TestSuiteExecutor.accessTestSuiteMainPhase(TestSuiteExecutor.java:112)
	at com.kms.katalon.core.main.TestSuiteExecutor.execute(TestSuiteExecutor.java:81)
	at com.kms.katalon.core.main.TestCaseMain.startTestSuite(TestCaseMain.java:142)
	at com.kms.katalon.core.main.TestCaseMain$startTestSuite$0.call(Unknown Source)
	at org.codehaus.groovy.runtime.callsite.CallSiteArray.defaultCall(CallSiteArray.java:48)
	at org.codehaus.groovy.runtime.callsite.AbstractCallSite.call(AbstractCallSite.java:113)
	at org.codehaus.groovy.runtime.callsite.AbstractCallSite.call(AbstractCallSite.java:141)
	at TempTestSuite1540012262067.run(TempTestSuite1540012262067.groovy:36)
	at groovy.lang.GroovyShell.runScriptOrMainOrTestOrRunnable(GroovyShell.java:263)
	at groovy.lang.GroovyShell.run(GroovyShell.java:518)
	at groovy.lang.GroovyShell.run(GroovyShell.java:507)
	at groovy.ui.GroovyMain.processOnce(GroovyMain.java:653)
	at groovy.ui.GroovyMain.run(GroovyMain.java:384)
	at groovy.ui.GroovyMain.process(GroovyMain.java:370)
	at groovy.ui.GroovyMain.processArgs(GroovyMain.java:129)
	at groovy.ui.GroovyMain.main(GroovyMain.java:109)
	at sun.reflect.NativeMethodAccessorImpl.invoke0(Native Method)
	at sun.reflect.NativeMethodAccessorImpl.invoke(NativeMethodAccessorImpl.java:62)
	at sun.reflect.DelegatingMethodAccessorImpl.invoke(DelegatingMethodAccessorImpl.java:43)
	at java.lang.reflect.Method.invoke(Method.java:498)
	at org.codehaus.groovy.tools.GroovyStarter.rootLoader(GroovyStarter.java:109)
	at org.codehaus.groovy.tools.GroovyStarter.main(GroovyStarter.java:131)
)

2018-10-20 18:17:48 - [TEST_STEP][FAILED] - callTestCase: Unable to call Test Case with id 'Test Cases/Final Aug 2018 - PKS Automation/Registration Module/Workflow/Update Add New Employee/Template/New Company for Update Add New' (Root cause: Call Test Case 'Test Cases/Final Aug 2018 - PKS Automation/Registration Module/Workflow/Update Add New Employee/Template/New Company for Update Add New' failed)

2018-10-20 18:17:48 - [TEST_CASE][FAILED] - Test Cases/Final Aug 2018 - PKS Automation/Registration Module/Workflow/Update Add New Employee/Template/New Company for Update Add New: Test Cases/Final Aug 2018 - PKS Automation/Registration Module/Workflow/Update Add New Employee/Template/New Company for Update Add New FAILED because (of) (Stack trace: com.kms.katalon.core.exception.StepFailedException: Unable to click on object 'Object Repository/Final Object Repo/New Registration - Registration Module Pages/Third Screen - Upload Supporting Doc- Preview/Select to Upload Borang SIP 2' (Root cause: org.openqa.selenium.WebDriverException: unknown error: Element <span>...</span> is not clickable at point (151, 567). Other element would receive the click: <li class="select2-results__option" id="select2-_newreg_WAR_registrationportlet_objdocTypeId-result-54te-134" role="treeitem" aria-selected="false">...</li>
  (Session info: chrome=69.0.3497.100)
  (Driver info: chromedriver=2.35.528161 (5b82f2d2aae0ca24b877009200ced9065a772e73),platform=Windows NT 6.1.7601 SP1 x86_64) (WARNING: The server did not provide any stacktrace information)
Command duration or timeout: 0 milliseconds
Build info: version: '3.7.1', revision: '8a0099a', time: '2017-11-06T21:07:36.161Z'
System info: host: 'WEIZHENG', ip: '192.168.137.1', os.name: 'Windows 7', os.arch: 'amd64', os.version: '6.1', java.version: '1.8.0_181'
Driver info: com.kms.katalon.selenium.driver.CChromeDriver
Capabilities {acceptInsecureCerts: false, acceptSslCerts: false, applicationCacheEnabled: false, browserConnectionEnabled: false, browserName: chrome, chrome: {chromedriverVersion: 2.35.528161 (5b82f2d2aae0ca..., userDataDir: C:\Users\WEIZHE~1\AppData\L...}, cssSelectorsEnabled: true, databaseEnabled: false, handlesAlerts: true, hasTouchScreen: false, javascriptEnabled: true, locationContextEnabled: true, mobileEmulationEnabled: false, nativeEvents: true, networkConnectionEnabled: false, pageLoadStrategy: normal, platform: XP, platformName: XP, rotatable: false, setWindowRect: true, takesHeapSnapshot: true, takesScreenshot: true, unexpectedAlertBehaviour: , unhandledPromptBehavior: , version: 69.0.3497.100, webStorageEnabled: true}
Session ID: b9542c8c821f4aa87f10f1268b40301a)
	at com.kms.katalon.core.keyword.internal.KeywordMain.stepFailed(KeywordMain.groovy:32)
	at com.kms.katalon.core.webui.keyword.internal.WebUIKeywordMain.stepFailed(WebUIKeywordMain.groovy:65)
	at com.kms.katalon.core.webui.keyword.internal.WebUIKeywordMain.runKeyword(WebUIKeywordMain.groovy:27)
	at com.kms.katalon.core.webui.keyword.builtin.ClickKeyword.click(ClickKeyword.groovy:86)
	at com.kms.katalon.core.webui.keyword.builtin.ClickKeyword.execute(ClickKeyword.groovy:67)
	at com.kms.katalon.core.keyword.internal.KeywordExecutor.executeKeywordForPlatform(KeywordExecutor.groovy:53)
	at com.kms.katalon.core.webui.keyword.WebUiBuiltInKeywords.click(WebUiBuiltInKeywords.groovy:616)
	at com.kms.katalon.core.webui.keyword.WebUiBuiltInKeywords$click$2.call(Unknown Source)
	at Script1534409664094.run(Script1534409664094.groovy:104)
	at com.kms.katalon.core.main.ScriptEngine.run(ScriptEngine.java:183)
	at com.kms.katalon.core.main.ScriptEngine.runScriptAsRawText(ScriptEngine.java:108)
	at com.kms.katalon.core.main.TestCaseExecutor.runScript(TestCaseExecutor.java:294)
	at com.kms.katalon.core.main.TestCaseExecutor.doExecute(TestCaseExecutor.java:285)
	at com.kms.katalon.core.main.TestCaseExecutor.processExecutionPhase(TestCaseExecutor.java:264)
	at com.kms.katalon.core.main.TestCaseExecutor.accessMainPhase(TestCaseExecutor.java:256)
	at com.kms.katalon.core.main.TestCaseExecutor.execute(TestCaseExecutor.java:200)
	at com.kms.katalon.core.main.TestCaseMain.runTestCase(TestCaseMain.java:99)
	at com.kms.katalon.core.keyword.builtin.CallTestCaseKeyword$_callTestCase_closure1.doCall(CallTestCaseKeyword.groovy:60)
	at com.kms.katalon.core.keyword.builtin.CallTestCaseKeyword$_callTestCase_closure1.call(CallTestCaseKeyword.groovy)
	at com.kms.katalon.core.keyword.internal.KeywordMain.runKeyword(KeywordMain.groovy:54)
	at com.kms.katalon.core.keyword.builtin.CallTestCaseKeyword.callTestCase(CallTestCaseKeyword.groovy:81)
	at com.kms.katalon.core.keyword.builtin.CallTestCaseKeyword.execute(CallTestCaseKeyword.groovy:45)
	at com.kms.katalon.core.keyword.internal.KeywordExecutor.executeKeywordForPlatform(KeywordExecutor.groovy:53)
	at com.kms.katalon.core.keyword.BuiltinKeywords.callTestCase(BuiltinKeywords.groovy:334)
	at sun.reflect.GeneratedMethodAccessor13.invoke(Unknown Source)
	at sun.reflect.DelegatingMethodAccessorImpl.invoke(DelegatingMethodAccessorImpl.java:43)
	at java.lang.reflect.Method.invoke(Method.java:498)
	at org.codehaus.groovy.reflection.CachedMethod.invoke(CachedMethod.java:93)
	at groovy.lang.MetaMethod.doMethodInvoke(MetaMethod.java:325)
	at groovy.lang.MetaClassImpl.invokeStaticMethod(MetaClassImpl.java:1469)
	at org.codehaus.groovy.runtime.callsite.StaticMetaClassSite.call(StaticMetaClassSite.java:53)
	at org.codehaus.groovy.runtime.callsite.CallSiteArray.defaultCall(CallSiteArray.java:48)
	at org.codehaus.groovy.runtime.callsite.AbstractCallSite.call(AbstractCallSite.java:113)
	at org.codehaus.groovy.runtime.callsite.AbstractCallSite.call(AbstractCallSite.java:141)
	at Script1536051799273.run(Script1536051799273.groovy:28)
	at com.kms.katalon.core.main.ScriptEngine.run(ScriptEngine.java:183)
	at com.kms.katalon.core.main.ScriptEngine.runScriptAsRawText(ScriptEngine.java:108)
	at com.kms.katalon.core.main.TestCaseExecutor.runScript(TestCaseExecutor.java:294)
	at com.kms.katalon.core.main.TestCaseExecutor.doExecute(TestCaseExecutor.java:285)
	at com.kms.katalon.core.main.TestCaseExecutor.processExecutionPhase(TestCaseExecutor.java:264)
	at com.kms.katalon.core.main.TestCaseExecutor.accessMainPhase(TestCaseExecutor.java:256)
	at com.kms.katalon.core.main.TestCaseExecutor.execute(TestCaseExecutor.java:200)
	at com.kms.katalon.core.main.TestCaseMain.runTestCase(TestCaseMain.java:99)
	at com.kms.katalon.core.keyword.builtin.CallTestCaseKeyword$_callTestCase_closure1.doCall(CallTestCaseKeyword.groovy:60)
	at com.kms.katalon.core.keyword.builtin.CallTestCaseKeyword$_callTestCase_closure1.call(CallTestCaseKeyword.groovy)
	at com.kms.katalon.core.keyword.internal.KeywordMain.runKeyword(KeywordMain.groovy:54)
	at com.kms.katalon.core.keyword.builtin.CallTestCaseKeyword.callTestCase(CallTestCaseKeyword.groovy:81)
	at com.kms.katalon.core.keyword.builtin.CallTestCaseKeyword.execute(CallTestCaseKeyword.groovy:45)
	at com.kms.katalon.core.keyword.internal.KeywordExecutor.executeKeywordForPlatform(KeywordExecutor.groovy:53)
	at com.kms.katalon.core.keyword.BuiltinKeywords.callTestCase(BuiltinKeywords.groovy:334)
	at sun.reflect.GeneratedMethodAccessor13.invoke(Unknown Source)
	at sun.reflect.DelegatingMethodAccessorImpl.invoke(DelegatingMethodAccessorImpl.java:43)
	at java.lang.reflect.Method.invoke(Method.java:498)
	at org.codehaus.groovy.reflection.CachedMethod.invoke(CachedMethod.java:93)
	at groovy.lang.MetaMethod.doMethodInvoke(MetaMethod.java:325)
	at groovy.lang.MetaClassImpl.invokeStaticMethod(MetaClassImpl.java:1469)
	at org.codehaus.groovy.runtime.callsite.StaticMetaClassSite.call(StaticMetaClassSite.java:53)
	at org.codehaus.groovy.runtime.callsite.CallSiteArray.defaultCall(CallSiteArray.java:48)
	at org.codehaus.groovy.runtime.callsite.AbstractCallSite.call(AbstractCallSite.java:113)
	at org.codehaus.groovy.runtime.callsite.AbstractCallSite.call(AbstractCallSite.java:141)
	at Script1536290785236.run(Script1536290785236.groovy:15)
	at com.kms.katalon.core.main.ScriptEngine.run(ScriptEngine.java:183)
	at com.kms.katalon.core.main.ScriptEngine.runScriptAsRawText(ScriptEngine.java:108)
	at com.kms.katalon.core.main.TestCaseExecutor.runScript(TestCaseExecutor.java:294)
	at com.kms.katalon.core.main.TestCaseExecutor.doExecute(TestCaseExecutor.java:285)
	at com.kms.katalon.core.main.TestCaseExecutor.processExecutionPhase(TestCaseExecutor.java:264)
	at com.kms.katalon.core.main.TestCaseExecutor.accessMainPhase(TestCaseExecutor.java:256)
	at com.kms.katalon.core.main.TestCaseExecutor.execute(TestCaseExecutor.java:200)
	at com.kms.katalon.core.main.TestSuiteExecutor.accessTestCaseMainPhase(TestSuiteExecutor.java:129)
	at com.kms.katalon.core.main.TestSuiteExecutor.accessTestSuiteMainPhase(TestSuiteExecutor.java:112)
	at com.kms.katalon.core.main.TestSuiteExecutor.execute(TestSuiteExecutor.java:81)
	at com.kms.katalon.core.main.TestCaseMain.startTestSuite(TestCaseMain.java:142)
	at com.kms.katalon.core.main.TestCaseMain$startTestSuite$0.call(Unknown Source)
	at org.codehaus.groovy.runtime.callsite.CallSiteArray.defaultCall(CallSiteArray.java:48)
	at org.codehaus.groovy.runtime.callsite.AbstractCallSite.call(AbstractCallSite.java:113)
	at org.codehaus.groovy.runtime.callsite.AbstractCallSite.call(AbstractCallSite.java:141)
	at TempTestSuite1540012262067.run(TempTestSuite1540012262067.groovy:36)
	at groovy.lang.GroovyShell.runScriptOrMainOrTestOrRunnable(GroovyShell.java:263)
	at groovy.lang.GroovyShell.run(GroovyShell.java:518)
	at groovy.lang.GroovyShell.run(GroovyShell.java:507)
	at groovy.ui.GroovyMain.processOnce(GroovyMain.java:653)
	at groovy.ui.GroovyMain.run(GroovyMain.java:384)
	at groovy.ui.GroovyMain.process(GroovyMain.java:370)
	at groovy.ui.GroovyMain.processArgs(GroovyMain.java:129)
	at groovy.ui.GroovyMain.main(GroovyMain.java:109)
	at sun.reflect.NativeMethodAccessorImpl.invoke0(Native Method)
	at sun.reflect.NativeMethodAccessorImpl.invoke(NativeMethodAccessorImpl.java:62)
	at sun.reflect.DelegatingMethodAccessorImpl.invoke(DelegatingMethodAccessorImpl.java:43)
	at java.lang.reflect.Method.invoke(Method.java:498)
	at org.codehaus.groovy.tools.GroovyStarter.rootLoader(GroovyStarter.java:109)
	at org.codehaus.groovy.tools.GroovyStarter.main(GroovyStarter.java:131)
)

2018-10-20 18:17:48 - [TEST_STEP][PASSED] - callTestCase: Call Test Case 'Test Cases/Final Aug 2018 - PKS Automation/Registration Module/New Registration/Form 1/Form 1 - Corporation - BHD' successfully

2018-10-20 18:17:48 - [TEST_CASE][PASSED] - Test Cases/Final Aug 2018 - PKS Automation/Registration Module/New Registration/Form 1/Form 1 - Corporation - BHD: Test Cases/Final Aug 2018 - PKS Automation/Registration Module/New Registration/Form 1/Form 1 - Corporation - BHD

2018-10-20 18:17:48 - [TEST_STEP][PASSED] - openBrowser: Browser is opened with url: ''

2018-10-20 18:17:48 - [MESSAGE][WARNING] - A browser is already opened. Closing browser and opening a new one

2018-10-20 18:17:52 - [MESSAGE][PASSED] - Browser is opened with url: ''

2018-10-20 18:17:52 - [TEST_STEP][PASSED] - navigateToUrl: Navigate to 'https://assist2-uat.perkeso.gov.my/login' successfully

2018-10-20 18:17:54 - [MESSAGE][PASSED] - Navigate to 'https://assist2-uat.perkeso.gov.my/login' successfully

2018-10-20 18:17:54 - [TEST_STEP][PASSED] - setText: Text 'johorotc1@gmail.com' is set on object 'Object Repository/Final Object Repo/Login Page/Internal User/Email Address'

2018-10-20 18:17:54 - [MESSAGE][PASSED] - Text 'johorotc1@gmail.com' is set on object 'Object Repository/Final Object Repo/Login Page/Internal User/Email Address'

2018-10-20 18:17:54 - [TEST_STEP][PASSED] - click: Object: 'Object Repository/Final Object Repo/Login Page/Internal User/Next Button' is clicked on

2018-10-20 18:17:55 - [MESSAGE][PASSED] - Object: 'Object Repository/Final Object Repo/Login Page/Internal User/Next Button' is clicked on

2018-10-20 18:17:55 - [TEST_STEP][PASSED] - delay: Delayed 1 second(s)

2018-10-20 18:17:56 - [MESSAGE][PASSED] - Delayed 1 second(s)

2018-10-20 18:17:56 - [TEST_STEP][PASSED] - setEncryptedText: Text ****** has been set on object 'Object Repository/Final Object Repo/Login Page/Internal User/Password'

2018-10-20 18:17:56 - [MESSAGE][PASSED] - Text ****** has been set on object 'Object Repository/Final Object Repo/Login Page/Internal User/Password'

2018-10-20 18:17:56 - [TEST_STEP][PASSED] - click: Object: 'Object Repository/Final Object Repo/Login Page/Internal User/Login Button' is clicked on

2018-10-20 18:17:56 - [MESSAGE][PASSED] - Object: 'Object Repository/Final Object Repo/Login Page/Internal User/Login Button' is clicked on

2018-10-20 18:17:56 - [TEST_STEP][PASSED] - delay: Delayed 1 second(s)

2018-10-20 18:17:57 - [MESSAGE][PASSED] - Delayed 1 second(s)

2018-10-20 18:17:57 - [TEST_STEP][PASSED] - Statement - Try: Delayed 2 second(s)

2018-10-20 18:17:57 - [TEST_STEP][PASSED] - Statement - Checker = false: null

2018-10-20 18:17:57 - [TEST_STEP][PASSED] - Statement - Checker = com.kms.katalon.core.webui.keyword.WebUiBuiltInKeywords.verifyElementHasAttribute(com.kms.katalon.core.testobject.ObjectRepository.findTestObject(Final Object Repo/Landing Page/BM Detecting), "href", 20, OPTIONAL): Object 'Object Repository/Final Object Repo/Landing Page/BM Detecting' has attribute 'href'

2018-10-20 18:17:59 - [MESSAGE][PASSED] - Object 'Object Repository/Final Object Repo/Landing Page/BM Detecting' has attribute 'href'

2018-10-20 18:17:59 - [TEST_STEP][PASSED] - Statement - out.println(Checker): null

2018-10-20 18:17:59 - [TEST_STEP][PASSED] - Statement - If (Checker == false): null

2018-10-20 18:17:59 - [TEST_STEP][PASSED] - Statement - Else: null

2018-10-20 18:17:59 - [TEST_STEP][PASSED] - delay: Delayed 2 second(s)

2018-10-20 18:18:01 - [MESSAGE][PASSED] - Delayed 2 second(s)

2018-10-20 18:18:01 - [TEST_STEP][PASSED] - navigateToUrl: Navigate to 'https://assist2-uat.perkeso.gov.my/web/registration/registration' successfully

2018-10-20 18:18:03 - [MESSAGE][PASSED] - Navigate to 'https://assist2-uat.perkeso.gov.my/web/registration/registration' successfully

2018-10-20 18:18:03 - [TEST_STEP][PASSED] - click: Object: 'Object Repository/Final Object Repo/New Registration - Registration Module Pages/Form 1/AEC - No' is clicked on

2018-10-20 18:18:03 - [MESSAGE][PASSED] - Object: 'Object Repository/Final Object Repo/New Registration - Registration Module Pages/Form 1/AEC - No' is clicked on

2018-10-20 18:18:03 - [TEST_STEP][PASSED] - click: Object: 'Object Repository/Final Object Repo/New Registration - Registration Module Pages/Form 1/Business Entity' is clicked on

2018-10-20 18:18:03 - [MESSAGE][PASSED] - Object: 'Object Repository/Final Object Repo/New Registration - Registration Module Pages/Form 1/Business Entity' is clicked on

2018-10-20 18:18:03 - [TEST_STEP][PASSED] - click: Object: 'Object Repository/Final Object Repo/New Registration - Registration Module Pages/Form 1/Businees Entity - Corporation' is clicked on

2018-10-20 18:18:04 - [MESSAGE][PASSED] - Object: 'Object Repository/Final Object Repo/New Registration - Registration Module Pages/Form 1/Businees Entity - Corporation' is clicked on

2018-10-20 18:18:04 - [TEST_STEP][PASSED] - delay: Delayed 1 second(s)

2018-10-20 18:18:05 - [MESSAGE][PASSED] - Delayed 1 second(s)

2018-10-20 18:18:05 - [TEST_STEP][PASSED] - click: Object: 'Object Repository/Final Object Repo/New Registration - Registration Module Pages/Form 1/Sub Business Entity' is clicked on

2018-10-20 18:18:05 - [MESSAGE][PASSED] - Object: 'Object Repository/Final Object Repo/New Registration - Registration Module Pages/Form 1/Sub Business Entity' is clicked on

2018-10-20 18:18:05 - [TEST_STEP][PASSED] - click: Object: 'Object Repository/Final Object Repo/New Registration - Registration Module Pages/Form 1/Sub Business Entity - Berhad' is clicked on

2018-10-20 18:18:05 - [MESSAGE][PASSED] - Object: 'Object Repository/Final Object Repo/New Registration - Registration Module Pages/Form 1/Sub Business Entity - Berhad' is clicked on

2018-10-20 18:18:05 - [TEST_STEP][PASSED] - delay: Delayed 1 second(s)

2018-10-20 18:18:06 - [MESSAGE][PASSED] - Delayed 1 second(s)

2018-10-20 18:18:06 - [TEST_STEP][PASSED] - setText: Text '123' is set on object 'Object Repository/Final Object Repo/New Registration - Registration Module Pages/Form 1/Registration Number'

2018-10-20 18:18:06 - [MESSAGE][PASSED] - Text '123' is set on object 'Object Repository/Final Object Repo/New Registration - Registration Module Pages/Form 1/Registration Number'

2018-10-20 18:18:06 - [TEST_STEP][PASSED] - click: Object: 'Object Repository/Final Object Repo/New Registration - Registration Module Pages/Form 1/Registred with SSM - Before Feb' is clicked on

2018-10-20 18:18:06 - [MESSAGE][PASSED] - Object: 'Object Repository/Final Object Repo/New Registration - Registration Module Pages/Form 1/Registred with SSM - Before Feb' is clicked on

2018-10-20 18:18:06 - [TEST_STEP][PASSED] - click: Object: 'Object Repository/Final Object Repo/New Registration - Registration Module Pages/Form 1/Registered As a Branch - Yes' is clicked on

2018-10-20 18:18:06 - [MESSAGE][PASSED] - Object: 'Object Repository/Final Object Repo/New Registration - Registration Module Pages/Form 1/Registered As a Branch - Yes' is clicked on

2018-10-20 18:18:06 - [TEST_STEP][PASSED] - click: Object: 'Object Repository/Final Object Repo/New Registration - Registration Module Pages/Form 1/Acknowledgement' is clicked on

2018-10-20 18:18:07 - [MESSAGE][PASSED] - Object: 'Object Repository/Final Object Repo/New Registration - Registration Module Pages/Form 1/Acknowledgement' is clicked on

2018-10-20 18:18:07 - [TEST_STEP][PASSED] - setText: Text 'perkeso' is set on object 'Object Repository/Final Object Repo/New Registration - Registration Module Pages/Form 1/Industry name'

2018-10-20 18:18:07 - [MESSAGE][PASSED] - Text 'perkeso' is set on object 'Object Repository/Final Object Repo/New Registration - Registration Module Pages/Form 1/Industry name'

2018-10-20 18:18:07 - [TEST_STEP][PASSED] - setText: Text 'perkeso1' is set on object 'Object Repository/Final Object Repo/New Registration - Registration Module Pages/Form 1/Postal Address1'

2018-10-20 18:18:07 - [MESSAGE][PASSED] - Text 'perkeso1' is set on object 'Object Repository/Final Object Repo/New Registration - Registration Module Pages/Form 1/Postal Address1'

2018-10-20 18:18:07 - [TEST_STEP][PASSED] - setText: Text 'perkeso2' is set on object 'Object Repository/Final Object Repo/New Registration - Registration Module Pages/Form 1/Postal Address2'

2018-10-20 18:18:07 - [MESSAGE][PASSED] - Text 'perkeso2' is set on object 'Object Repository/Final Object Repo/New Registration - Registration Module Pages/Form 1/Postal Address2'

2018-10-20 18:18:07 - [TEST_STEP][PASSED] - setText: Text 'perkeso3' is set on object 'Object Repository/Final Object Repo/New Registration - Registration Module Pages/Form 1/Postal Address3'

2018-10-20 18:18:08 - [MESSAGE][PASSED] - Text 'perkeso3' is set on object 'Object Repository/Final Object Repo/New Registration - Registration Module Pages/Form 1/Postal Address3'

2018-10-20 18:18:08 - [TEST_STEP][PASSED] - click: Object: 'Object Repository/Final Object Repo/New Registration - Registration Module Pages/Form 1/State' is clicked on

2018-10-20 18:18:08 - [MESSAGE][PASSED] - Object: 'Object Repository/Final Object Repo/New Registration - Registration Module Pages/Form 1/State' is clicked on

2018-10-20 18:18:08 - [TEST_STEP][PASSED] - click: Object: 'Object Repository/Final Object Repo/New Registration - Registration Module Pages/Form 1/State - Johor' is clicked on

2018-10-20 18:18:08 - [MESSAGE][PASSED] - Object: 'Object Repository/Final Object Repo/New Registration - Registration Module Pages/Form 1/State - Johor' is clicked on

2018-10-20 18:18:08 - [TEST_STEP][PASSED] - delay: Delayed 1 second(s)

2018-10-20 18:18:09 - [MESSAGE][PASSED] - Delayed 1 second(s)

2018-10-20 18:18:09 - [TEST_STEP][PASSED] - click: Object: 'Object Repository/Final Object Repo/New Registration - Registration Module Pages/Form 1/City' is clicked on

2018-10-20 18:18:09 - [MESSAGE][PASSED] - Object: 'Object Repository/Final Object Repo/New Registration - Registration Module Pages/Form 1/City' is clicked on

2018-10-20 18:18:09 - [TEST_STEP][PASSED] - setText: Text 'joh' is set on object 'Object Repository/Final Object Repo/New Registration - Registration Module Pages/Form 1/Postcode - 810'

2018-10-20 18:18:09 - [MESSAGE][PASSED] - Text 'joh' is set on object 'Object Repository/Final Object Repo/New Registration - Registration Module Pages/Form 1/Postcode - 810'

2018-10-20 18:18:09 - [TEST_STEP][PASSED] - delay: Delayed 1 second(s)

2018-10-20 18:18:10 - [MESSAGE][PASSED] - Delayed 1 second(s)

2018-10-20 18:18:10 - [TEST_STEP][PASSED] - click: Object: 'Object Repository/Final Object Repo/New Registration - Registration Module Pages/Form 1/City - Johor Bharu' is clicked on

2018-10-20 18:18:10 - [MESSAGE][PASSED] - Object: 'Object Repository/Final Object Repo/New Registration - Registration Module Pages/Form 1/City - Johor Bharu' is clicked on

2018-10-20 18:18:10 - [TEST_STEP][PASSED] - delay: Delayed 1 second(s)

2018-10-20 18:18:11 - [MESSAGE][PASSED] - Delayed 1 second(s)

2018-10-20 18:18:11 - [TEST_STEP][PASSED] - click: Object: 'Object Repository/Final Object Repo/New Registration - Registration Module Pages/Form 1/Postcode' is clicked on

2018-10-20 18:18:12 - [MESSAGE][PASSED] - Object: 'Object Repository/Final Object Repo/New Registration - Registration Module Pages/Form 1/Postcode' is clicked on

2018-10-20 18:18:12 - [TEST_STEP][PASSED] - delay: Delayed 1 second(s)

2018-10-20 18:18:13 - [MESSAGE][PASSED] - Delayed 1 second(s)

2018-10-20 18:18:13 - [TEST_STEP][PASSED] - setText: Text '810' is set on object 'Object Repository/Final Object Repo/New Registration - Registration Module Pages/Form 1/Postcode - 810'

2018-10-20 18:18:13 - [MESSAGE][PASSED] - Text '810' is set on object 'Object Repository/Final Object Repo/New Registration - Registration Module Pages/Form 1/Postcode - 810'

2018-10-20 18:18:13 - [TEST_STEP][PASSED] - delay: Delayed 3 second(s)

2018-10-20 18:18:16 - [MESSAGE][PASSED] - Delayed 3 second(s)

2018-10-20 18:18:16 - [TEST_STEP][PASSED] - click: Object: 'Object Repository/Final Object Repo/New Registration - Registration Module Pages/Form 1/Postcode - 81000' is clicked on

2018-10-20 18:18:16 - [MESSAGE][PASSED] - Object: 'Object Repository/Final Object Repo/New Registration - Registration Module Pages/Form 1/Postcode - 81000' is clicked on

2018-10-20 18:18:16 - [TEST_STEP][PASSED] - delay: Delayed 1 second(s)

2018-10-20 18:18:17 - [MESSAGE][PASSED] - Delayed 1 second(s)

2018-10-20 18:18:17 - [TEST_STEP][PASSED] - setText: Text '100' is set on object 'Object Repository/Final Object Repo/New Registration - Registration Module Pages/Form 1/P.O.BOX'

2018-10-20 18:18:17 - [MESSAGE][PASSED] - Text '100' is set on object 'Object Repository/Final Object Repo/New Registration - Registration Module Pages/Form 1/P.O.BOX'

2018-10-20 18:18:17 - [TEST_STEP][PASSED] - setText: Text '100' is set on object 'Object Repository/Final Object Repo/New Registration - Registration Module Pages/Form 1/Locked Bag No'

2018-10-20 18:18:18 - [MESSAGE][PASSED] - Text '100' is set on object 'Object Repository/Final Object Repo/New Registration - Registration Module Pages/Form 1/Locked Bag No'

2018-10-20 18:18:18 - [TEST_STEP][PASSED] - click: Object: 'Object Repository/Final Object Repo/New Registration - Registration Module Pages/Form 1/SOCSO Office Location' is clicked on

2018-10-20 18:18:18 - [MESSAGE][PASSED] - Object: 'Object Repository/Final Object Repo/New Registration - Registration Module Pages/Form 1/SOCSO Office Location' is clicked on

2018-10-20 18:18:18 - [TEST_STEP][PASSED] - click: Object: 'Object Repository/Final Object Repo/New Registration - Registration Module Pages/Form 1/SOCSO Office Location - Pejabat PERKESO Negeri Johor' is clicked on

2018-10-20 18:18:18 - [MESSAGE][PASSED] - Object: 'Object Repository/Final Object Repo/New Registration - Registration Module Pages/Form 1/SOCSO Office Location - Pejabat PERKESO Negeri Johor' is clicked on

2018-10-20 18:18:18 - [TEST_STEP][PASSED] - delay: Delayed 1 second(s)

2018-10-20 18:18:19 - [MESSAGE][PASSED] - Delayed 1 second(s)

2018-10-20 18:18:19 - [TEST_STEP][PASSED] - check: Object 'Object Repository/Final Object Repo/New Registration - Registration Module Pages/Form 1/Indusrty Address Same As Postal Address' is checked

2018-10-20 18:18:19 - [MESSAGE][PASSED] - Object 'Object Repository/Final Object Repo/New Registration - Registration Module Pages/Form 1/Indusrty Address Same As Postal Address' is checked

2018-10-20 18:18:19 - [TEST_STEP][PASSED] - delay: Delayed 3 second(s)

2018-10-20 18:18:22 - [MESSAGE][PASSED] - Delayed 3 second(s)

2018-10-20 18:18:22 - [TEST_STEP][PASSED] - click: Object: 'Object Repository/Final Object Repo/New Registration - Registration Module Pages/Form 1/Indusry Address Same As Postal Address False' is clicked on

2018-10-20 18:18:22 - [MESSAGE][PASSED] - Object: 'Object Repository/Final Object Repo/New Registration - Registration Module Pages/Form 1/Indusry Address Same As Postal Address False' is clicked on

2018-10-20 18:18:22 - [TEST_STEP][PASSED] - delay: Delayed 1 second(s)

2018-10-20 18:18:23 - [MESSAGE][PASSED] - Delayed 1 second(s)

2018-10-20 18:18:23 - [TEST_STEP][PASSED] - setText: Text 'perkeso1' is set on object 'Object Repository/Final Object Repo/New Registration - Registration Module Pages/Form 1/Industry Address1'

2018-10-20 18:18:24 - [MESSAGE][PASSED] - Text 'perkeso1' is set on object 'Object Repository/Final Object Repo/New Registration - Registration Module Pages/Form 1/Industry Address1'

2018-10-20 18:18:24 - [TEST_STEP][PASSED] - setText: Text 'perkeso2' is set on object 'Object Repository/Final Object Repo/New Registration - Registration Module Pages/Form 1/Industry Address2'

2018-10-20 18:18:24 - [MESSAGE][PASSED] - Text 'perkeso2' is set on object 'Object Repository/Final Object Repo/New Registration - Registration Module Pages/Form 1/Industry Address2'

2018-10-20 18:18:24 - [TEST_STEP][PASSED] - setText: Text 'perkeso3' is set on object 'Object Repository/Final Object Repo/New Registration - Registration Module Pages/Form 1/Industry Address3'

2018-10-20 18:18:24 - [MESSAGE][PASSED] - Text 'perkeso3' is set on object 'Object Repository/Final Object Repo/New Registration - Registration Module Pages/Form 1/Industry Address3'

2018-10-20 18:18:24 - [TEST_STEP][PASSED] - click: Object: 'Object Repository/Final Object Repo/New Registration - Registration Module Pages/Form 1/Industry State' is clicked on

2018-10-20 18:18:24 - [MESSAGE][PASSED] - Object: 'Object Repository/Final Object Repo/New Registration - Registration Module Pages/Form 1/Industry State' is clicked on

2018-10-20 18:18:24 - [TEST_STEP][PASSED] - delay: Delayed 2 second(s)

2018-10-20 18:18:26 - [MESSAGE][PASSED] - Delayed 2 second(s)

2018-10-20 18:18:26 - [TEST_STEP][PASSED] - click: Object: 'Object Repository/Final Object Repo/New Registration - Registration Module Pages/Form 1/Industry State - Johor' is clicked on

2018-10-20 18:18:26 - [MESSAGE][PASSED] - Object: 'Object Repository/Final Object Repo/New Registration - Registration Module Pages/Form 1/Industry State - Johor' is clicked on

2018-10-20 18:18:26 - [TEST_STEP][PASSED] - delay: Delayed 2 second(s)

2018-10-20 18:18:28 - [MESSAGE][PASSED] - Delayed 2 second(s)

2018-10-20 18:18:28 - [TEST_STEP][PASSED] - click: Object: 'Object Repository/Final Object Repo/New Registration - Registration Module Pages/Form 1/Industry Ciry' is clicked on

2018-10-20 18:18:29 - [MESSAGE][PASSED] - Object: 'Object Repository/Final Object Repo/New Registration - Registration Module Pages/Form 1/Industry Ciry' is clicked on

2018-10-20 18:18:29 - [TEST_STEP][PASSED] - setText: Text 'joh' is set on object 'Object Repository/Final Object Repo/New Registration - Registration Module Pages/Form 1/Industry Ciry - joh'

2018-10-20 18:18:29 - [MESSAGE][PASSED] - Text 'joh' is set on object 'Object Repository/Final Object Repo/New Registration - Registration Module Pages/Form 1/Industry Ciry - joh'

2018-10-20 18:18:29 - [TEST_STEP][PASSED] - delay: Delayed 2 second(s)

2018-10-20 18:18:31 - [MESSAGE][PASSED] - Delayed 2 second(s)

2018-10-20 18:18:31 - [TEST_STEP][PASSED] - click: Object: 'Object Repository/Final Object Repo/New Registration - Registration Module Pages/Form 1/Industy State - Johor Bharu' is clicked on

2018-10-20 18:18:31 - [MESSAGE][PASSED] - Object: 'Object Repository/Final Object Repo/New Registration - Registration Module Pages/Form 1/Industy State - Johor Bharu' is clicked on

2018-10-20 18:18:31 - [TEST_STEP][PASSED] - delay: Delayed 1 second(s)

2018-10-20 18:18:32 - [MESSAGE][PASSED] - Delayed 1 second(s)

2018-10-20 18:18:32 - [TEST_STEP][PASSED] - click: Object: 'Object Repository/Final Object Repo/New Registration - Registration Module Pages/Form 1/Indusry PostCode' is clicked on

2018-10-20 18:18:32 - [MESSAGE][PASSED] - Object: 'Object Repository/Final Object Repo/New Registration - Registration Module Pages/Form 1/Indusry PostCode' is clicked on

2018-10-20 18:18:32 - [TEST_STEP][PASSED] - delay: Delayed 1 second(s)

2018-10-20 18:18:33 - [MESSAGE][PASSED] - Delayed 1 second(s)

2018-10-20 18:18:33 - [TEST_STEP][PASSED] - setText: Text '810' is set on object 'Object Repository/Final Object Repo/New Registration - Registration Module Pages/Form 1/Insutry Post Code - 810'

2018-10-20 18:18:33 - [MESSAGE][PASSED] - Text '810' is set on object 'Object Repository/Final Object Repo/New Registration - Registration Module Pages/Form 1/Insutry Post Code - 810'

2018-10-20 18:18:33 - [TEST_STEP][PASSED] - delay: Delayed 1 second(s)

2018-10-20 18:18:34 - [MESSAGE][PASSED] - Delayed 1 second(s)

2018-10-20 18:18:34 - [TEST_STEP][PASSED] - click: Object: 'Object Repository/Final Object Repo/New Registration - Registration Module Pages/Form 1/Insutry Post Code - 81000' is clicked on

2018-10-20 18:18:35 - [MESSAGE][PASSED] - Object: 'Object Repository/Final Object Repo/New Registration - Registration Module Pages/Form 1/Insutry Post Code - 81000' is clicked on

2018-10-20 18:18:35 - [TEST_STEP][PASSED] - delay: Delayed 1 second(s)

2018-10-20 18:18:36 - [MESSAGE][PASSED] - Delayed 1 second(s)

2018-10-20 18:18:36 - [TEST_STEP][PASSED] - setText: Text '100' is set on object 'Object Repository/Final Object Repo/New Registration - Registration Module Pages/Form 1/Industry P.O.BOX'

2018-10-20 18:18:36 - [MESSAGE][PASSED] - Text '100' is set on object 'Object Repository/Final Object Repo/New Registration - Registration Module Pages/Form 1/Industry P.O.BOX'

2018-10-20 18:18:36 - [TEST_STEP][PASSED] - setText: Text '100' is set on object 'Object Repository/Final Object Repo/New Registration - Registration Module Pages/Form 1/Industry Locked Bag No'

2018-10-20 18:18:36 - [MESSAGE][PASSED] - Text '100' is set on object 'Object Repository/Final Object Repo/New Registration - Registration Module Pages/Form 1/Industry Locked Bag No'

2018-10-20 18:18:36 - [TEST_STEP][PASSED] - setText: Text '123456789' is set on object 'Object Repository/Final Object Repo/New Registration - Registration Module Pages/Form 1/Telephone No'

2018-10-20 18:18:36 - [MESSAGE][PASSED] - Text '123456789' is set on object 'Object Repository/Final Object Repo/New Registration - Registration Module Pages/Form 1/Telephone No'

2018-10-20 18:18:36 - [TEST_STEP][PASSED] - setText: Text '123456789' is set on object 'Object Repository/Final Object Repo/New Registration - Registration Module Pages/Form 1/Mobile No'

2018-10-20 18:18:37 - [MESSAGE][PASSED] - Text '123456789' is set on object 'Object Repository/Final Object Repo/New Registration - Registration Module Pages/Form 1/Mobile No'

2018-10-20 18:18:37 - [TEST_STEP][PASSED] - setText: Text '123456789' is set on object 'Object Repository/Final Object Repo/New Registration - Registration Module Pages/Form 1/Fax No'

2018-10-20 18:18:37 - [MESSAGE][PASSED] - Text '123456789' is set on object 'Object Repository/Final Object Repo/New Registration - Registration Module Pages/Form 1/Fax No'

2018-10-20 18:18:37 - [TEST_STEP][PASSED] - click: Object: 'Object Repository/Final Object Repo/New Registration - Registration Module Pages/Form 1/Industry Code' is clicked on

2018-10-20 18:18:37 - [MESSAGE][PASSED] - Object: 'Object Repository/Final Object Repo/New Registration - Registration Module Pages/Form 1/Industry Code' is clicked on

2018-10-20 18:18:37 - [TEST_STEP][PASSED] - click: Object: 'Object Repository/Final Object Repo/New Registration - Registration Module Pages/Form 1/Indudustry Code - Crops and Animal' is clicked on

2018-10-20 18:18:37 - [MESSAGE][PASSED] - Object: 'Object Repository/Final Object Repo/New Registration - Registration Module Pages/Form 1/Indudustry Code - Crops and Animal' is clicked on

2018-10-20 18:18:37 - [TEST_STEP][PASSED] - delay: Delayed 1 second(s)

2018-10-20 18:18:38 - [MESSAGE][PASSED] - Delayed 1 second(s)

2018-10-20 18:18:38 - [TEST_STEP][PASSED] - click: Object: 'Object Repository/Final Object Repo/New Registration - Registration Module Pages/Form 1/Sub Industry Code List' is clicked on

2018-10-20 18:18:38 - [MESSAGE][PASSED] - Object: 'Object Repository/Final Object Repo/New Registration - Registration Module Pages/Form 1/Sub Industry Code List' is clicked on

2018-10-20 18:18:38 - [TEST_STEP][PASSED] - click: Object: 'Object Repository/Final Object Repo/New Registration - Registration Module Pages/Form 1/Sub Industry Code List - Growing of Maize' is clicked on

2018-10-20 18:18:39 - [MESSAGE][PASSED] - Object: 'Object Repository/Final Object Repo/New Registration - Registration Module Pages/Form 1/Sub Industry Code List - Growing of Maize' is clicked on

2018-10-20 18:18:39 - [TEST_STEP][PASSED] - setText: Text 'perkeso123@gmail.com' is set on object 'Object Repository/Final Object Repo/New Registration - Registration Module Pages/Form 1/Email'

2018-10-20 18:18:39 - [MESSAGE][PASSED] - Text 'perkeso123@gmail.com' is set on object 'Object Repository/Final Object Repo/New Registration - Registration Module Pages/Form 1/Email'

2018-10-20 18:18:39 - [TEST_STEP][PASSED] - click: Object: 'Object Repository/Final Object Repo/New Registration - Registration Module Pages/Form 1/Method of Contribution Payment' is clicked on

2018-10-20 18:18:39 - [MESSAGE][PASSED] - Object: 'Object Repository/Final Object Repo/New Registration - Registration Module Pages/Form 1/Method of Contribution Payment' is clicked on

2018-10-20 18:18:39 - [TEST_STEP][PASSED] - click: Object: 'Object Repository/Final Object Repo/New Registration - Registration Module Pages/Form 1/Method of Contribution Payment - Portal' is clicked on

2018-10-20 18:18:39 - [MESSAGE][PASSED] - Object: 'Object Repository/Final Object Repo/New Registration - Registration Module Pages/Form 1/Method of Contribution Payment - Portal' is clicked on

2018-10-20 18:18:39 - [TEST_STEP][PASSED] - click: Object: 'Object Repository/Final Object Repo/New Registration - Registration Module Pages/Form 1/Servide Type' is clicked on

2018-10-20 18:18:39 - [MESSAGE][PASSED] - Object: 'Object Repository/Final Object Repo/New Registration - Registration Module Pages/Form 1/Servide Type' is clicked on

2018-10-20 18:18:39 - [TEST_STEP][PASSED] - click: Object: 'Object Repository/Final Object Repo/New Registration - Registration Module Pages/Form 1/Servide Type - Professional Bodies' is clicked on

2018-10-20 18:18:40 - [MESSAGE][PASSED] - Object: 'Object Repository/Final Object Repo/New Registration - Registration Module Pages/Form 1/Servide Type - Professional Bodies' is clicked on

2018-10-20 18:18:40 - [TEST_STEP][PASSED] - click: Object: 'Object Repository/Final Object Repo/New Registration - Registration Module Pages/Form 1/Industry Venue' is clicked on

2018-10-20 18:18:40 - [MESSAGE][PASSED] - Object: 'Object Repository/Final Object Repo/New Registration - Registration Module Pages/Form 1/Industry Venue' is clicked on

2018-10-20 18:18:40 - [TEST_STEP][PASSED] - click: Object: 'Object Repository/Final Object Repo/New Registration - Registration Module Pages/Form 1/Industry Venue -  PPN JOHOR' is clicked on

2018-10-20 18:18:40 - [MESSAGE][PASSED] - Object: 'Object Repository/Final Object Repo/New Registration - Registration Module Pages/Form 1/Industry Venue -  PPN JOHOR' is clicked on

2018-10-20 18:18:40 - [TEST_STEP][PASSED] - click: Object: 'Object Repository/Final Object Repo/New Registration - Registration Module Pages/Form 1/Save  Continue' is clicked on

2018-10-20 18:18:40 - [MESSAGE][PASSED] - Object: 'Object Repository/Final Object Repo/New Registration - Registration Module Pages/Form 1/Save  Continue' is clicked on

2018-10-20 18:18:40 - [MESSAGE][PASSED] - Call Test Case 'Test Cases/Final Aug 2018 - PKS Automation/Registration Module/New Registration/Form 1/Form 1 - Corporation - BHD' successfully

2018-10-20 18:18:40 - [TEST_STEP][PASSED] - callTestCase: Call Test Case 'Test Cases/Final Aug 2018 - PKS Automation/Registration Module/New Registration/Form 2/Add 1 Eligible' successfully

2018-10-20 18:18:40 - [TEST_CASE][PASSED] - Test Cases/Final Aug 2018 - PKS Automation/Registration Module/New Registration/Form 2/Add 1 Eligible: Test Cases/Final Aug 2018 - PKS Automation/Registration Module/New Registration/Form 2/Add 1 Eligible

2018-10-20 18:18:40 - [TEST_STEP][PASSED] - delay: Delayed 2 second(s)

2018-10-20 18:18:42 - [MESSAGE][PASSED] - Delayed 2 second(s)

2018-10-20 18:18:42 - [TEST_STEP][PASSED] - callTestCase: Call Test Case 'Test Cases/Final Aug 2018 - PKS Automation/Registration Module/New Registration/Form 2/Date Updater' successfully

2018-10-20 18:18:42 - [TEST_CASE][PASSED] - Test Cases/Final Aug 2018 - PKS Automation/Registration Module/New Registration/Form 2/Date Updater: Test Cases/Final Aug 2018 - PKS Automation/Registration Module/New Registration/Form 2/Date Updater

2018-10-20 18:18:43 - [TEST_STEP][PASSED] - Statement - TodayDate = new java.util.Date(): null

2018-10-20 18:18:43 - [TEST_STEP][PASSED] - Statement - CurrentDateNoFilter = new java.text.SimpleDateFormat(): null

2018-10-20 18:18:43 - [TEST_STEP][PASSED] - Statement - CurrentDateNoFilter.applyPattern("dd"): null

2018-10-20 18:18:43 - [TEST_STEP][PASSED] - Statement - CurrentDate = CurrentDateNoFilter.format(TodayDate): null

2018-10-20 18:18:43 - [TEST_STEP][PASSED] - Statement - CurrentDate = java.lang.Integer.parseInt(CurrentDate): null

2018-10-20 18:18:43 - [TEST_STEP][PASSED] - Statement - CurrentDate = CurrentDate: null

2018-10-20 18:18:43 - [TEST_STEP][PASSED] - Statement - CurrentDay = java.lang.Integer.parseInt(CurrentDate): null

2018-10-20 18:18:43 - [TEST_STEP][PASSED] - Statement - aDayBefore = CurrentDay + 1: null

2018-10-20 18:18:43 - [TEST_STEP][PASSED] - Statement - DayBefore = aDayBefore.toString(): null

2018-10-20 18:18:43 - [TEST_STEP][PASSED] - Statement - OneDayBefore = DayBefore: null

2018-10-20 18:18:43 - [TEST_STEP][PASSED] - Statement - CurrentDateNoFilter.applyPattern("MM"): null

2018-10-20 18:18:43 - [TEST_STEP][PASSED] - Statement - monthContainerMatcher = java.lang.Integer.parseInt(CurrentDateNoFilter.format(TodayDate)): null

2018-10-20 18:18:43 - [TEST_STEP][PASSED] - Statement - monthContainerMatcher = monthContainerMatcher - 1: null

2018-10-20 18:18:43 - [TEST_STEP][PASSED] - Statement - CurrentMonth = monthContainerMatcher.toString(): null

2018-10-20 18:18:43 - [TEST_STEP][PASSED] - Statement - CurrentMonth = CurrentMonth: null

2018-10-20 18:18:43 - [TEST_STEP][PASSED] - Statement - CurrentDateNoFilter.applyPattern("yyyy"): null

2018-10-20 18:18:43 - [TEST_STEP][PASSED] - Statement - CurrentYear = CurrentDateNoFilter.format(TodayDate): null

2018-10-20 18:18:43 - [TEST_STEP][PASSED] - Statement - CurrentYear = CurrentYear: null

2018-10-20 18:18:43 - [TEST_STEP][PASSED] - Statement - intCurrentYear = java.lang.Integer.parseInt(CurrentDateNoFilter.format(TodayDate)): null

2018-10-20 18:18:43 - [TEST_STEP][PASSED] - Statement - eighteenYrsAgo = intCurrentYear - 18: null

2018-10-20 18:18:43 - [TEST_STEP][PASSED] - Statement - eighteenYrsBeforeThisYr = eighteenYrsAgo.toString(): null

2018-10-20 18:18:43 - [TEST_STEP][PASSED] - Statement - EighteenYrsBefore = eighteenYrsBeforeThisYr: null

2018-10-20 18:18:43 - [TEST_STEP][PASSED] - Statement - fiftysevenYrsAgo = intCurrentYear - 57: null

2018-10-20 18:18:43 - [TEST_STEP][PASSED] - Statement - fiftysevenYrsBeforeThisYr = fiftysevenYrsAgo.toString(): null

2018-10-20 18:18:43 - [TEST_STEP][PASSED] - Statement - FiftysevenYrsBefore = fiftysevenYrsBeforeThisYr: null

2018-10-20 18:18:43 - [MESSAGE][PASSED] - Call Test Case 'Test Cases/Final Aug 2018 - PKS Automation/Registration Module/New Registration/Form 2/Date Updater' successfully

2018-10-20 18:18:43 - [TEST_STEP][PASSED] - delay: Delayed 1 second(s)

2018-10-20 18:18:44 - [MESSAGE][PASSED] - Delayed 1 second(s)

2018-10-20 18:18:44 - [TEST_STEP][PASSED] - Statement - CaseReferenceNo = com.kms.katalon.core.webui.keyword.WebUiBuiltInKeywords.getText(com.kms.katalon.core.testobject.ObjectRepository.findTestObject(Final Object Repo/New Registration - Registration Module Pages/Form 2/RefNo Acquiring)): Text of object 'Object Repository/Final Object Repo/New Registration - Registration Module Pages/Form 2/RefNo Acquiring' is: 'CRN10201800122306'

2018-10-20 18:18:44 - [MESSAGE][PASSED] - Text of object 'Object Repository/Final Object Repo/New Registration - Registration Module Pages/Form 2/RefNo Acquiring' is: 'CRN10201800122306'

2018-10-20 18:18:44 - [TEST_STEP][PASSED] - delay: Delayed 1 second(s)

2018-10-20 18:18:45 - [MESSAGE][PASSED] - Delayed 1 second(s)

2018-10-20 18:18:45 - [TEST_STEP][PASSED] - click: Object: 'Object Repository/Final Object Repo/New Registration - Registration Module Pages/Form 2/Add Employee Button' is clicked on

2018-10-20 18:18:45 - [MESSAGE][PASSED] - Object: 'Object Repository/Final Object Repo/New Registration - Registration Module Pages/Form 2/Add Employee Button' is clicked on

2018-10-20 18:18:45 - [TEST_STEP][PASSED] - delay: Delayed 1 second(s)

2018-10-20 18:18:46 - [MESSAGE][PASSED] - Delayed 1 second(s)

2018-10-20 18:18:46 - [TEST_STEP][PASSED] - setText: Text '010903091963' is set on object 'Object Repository/Final Object Repo/New Registration - Registration Module Pages/Form 2/NRIC Input'

2018-10-20 18:18:46 - [MESSAGE][PASSED] - Text '010903091963' is set on object 'Object Repository/Final Object Repo/New Registration - Registration Module Pages/Form 2/NRIC Input'

2018-10-20 18:18:46 - [TEST_STEP][PASSED] - click: Object: 'Object Repository/Final Object Repo/New Registration - Registration Module Pages/Form 2/button for search for IC' is clicked on

2018-10-20 18:18:46 - [MESSAGE][PASSED] - Object: 'Object Repository/Final Object Repo/New Registration - Registration Module Pages/Form 2/button for search for IC' is clicked on

2018-10-20 18:18:46 - [TEST_STEP][PASSED] - delay: Delayed 2 second(s)

2018-10-20 18:18:48 - [MESSAGE][PASSED] - Delayed 2 second(s)

2018-10-20 18:18:48 - [TEST_STEP][PASSED] - setText: Text 'Automate001 eligible 1' is set on object 'Object Repository/Final Object Repo/New Registration - Registration Module Pages/Form 2/Employee Name Input'

2018-10-20 18:18:49 - [MESSAGE][PASSED] - Text 'Automate001 eligible 1' is set on object 'Object Repository/Final Object Repo/New Registration - Registration Module Pages/Form 2/Employee Name Input'

2018-10-20 18:18:49 - [TEST_STEP][PASSED] - delay: Delayed 2 second(s)

2018-10-20 18:18:51 - [MESSAGE][PASSED] - Delayed 2 second(s)

2018-10-20 18:18:51 - [TEST_STEP][PASSED] - click: Object: 'Object Repository/Final Object Repo/New Registration - Registration Module Pages/Form 2/DatePicker Pop Up' is clicked on

2018-10-20 18:18:51 - [MESSAGE][PASSED] - Object: 'Object Repository/Final Object Repo/New Registration - Registration Module Pages/Form 2/DatePicker Pop Up' is clicked on

2018-10-20 18:18:51 - [TEST_STEP][PASSED] - click: Object: 'Object Repository/Final Object Repo/New Registration - Registration Module Pages/Form 2/DOB Month' is clicked on

2018-10-20 18:18:51 - [MESSAGE][PASSED] - Object: 'Object Repository/Final Object Repo/New Registration - Registration Module Pages/Form 2/DOB Month' is clicked on

2018-10-20 18:18:51 - [TEST_STEP][PASSED] - Statement - CurrentMonth = CurrentMonth: null

2018-10-20 18:18:51 - [TEST_STEP][PASSED] - Statement - selectMonth = new com.kms.katalon.core.testobject.TestObject(): null

2018-10-20 18:18:51 - [TEST_STEP][PASSED] - Statement - selectMonth.addProperty("xpath", EQUALS, "//body/div/div/div/select/option[@value='" + CurrentMonth + "']", true): null

2018-10-20 18:18:51 - [TEST_STEP][PASSED] - click: Object: '' is clicked on

2018-10-20 18:18:51 - [MESSAGE][PASSED] - Object: '' is clicked on

2018-10-20 18:18:51 - [TEST_STEP][PASSED] - click: Object: 'Object Repository/Final Object Repo/New Registration - Registration Module Pages/Form 2/DOB Year' is clicked on

2018-10-20 18:18:51 - [MESSAGE][PASSED] - Object: 'Object Repository/Final Object Repo/New Registration - Registration Module Pages/Form 2/DOB Year' is clicked on

2018-10-20 18:18:51 - [TEST_STEP][PASSED] - Statement - Eyearsbf = EighteenYrsBefore: null

2018-10-20 18:18:51 - [TEST_STEP][PASSED] - Statement - selectYear = new com.kms.katalon.core.testobject.TestObject(): null

2018-10-20 18:18:51 - [TEST_STEP][PASSED] - Statement - selectYear.addProperty("xpath", EQUALS, "//div/div/div/select/option[@value='" + Eyearsbf + "']", true): null

2018-10-20 18:18:51 - [TEST_STEP][PASSED] - click: Object: '' is clicked on

2018-10-20 18:18:51 - [MESSAGE][PASSED] - Object: '' is clicked on

2018-10-20 18:18:51 - [TEST_STEP][PASSED] - Statement - UpdatedSelectDate = com.kms.katalon.core.webui.keyword.WebUiBuiltInKeywords.modifyObjectProperty(com.kms.katalon.core.testobject.ObjectRepository.findTestObject(Final Object Repo/New Registration - Registration Module Pages/Form 2/DOB Date), "xpath", "equals", "//body/div/table/tbody/tr/td/a[text()="" + CurrentDate + ""]", true): Modify property of object successfully

2018-10-20 18:18:51 - [MESSAGE][PASSED] - Modify property of object successfully

2018-10-20 18:18:51 - [TEST_STEP][PASSED] - delay: Delayed 3 second(s)

2018-10-20 18:18:54 - [MESSAGE][PASSED] - Delayed 3 second(s)

2018-10-20 18:18:54 - [TEST_STEP][PASSED] - click: Object: 'Object Repository/Final Object Repo/New Registration - Registration Module Pages/Form 2/DOB Date' is clicked on

2018-10-20 18:18:55 - [MESSAGE][PASSED] - Object: 'Object Repository/Final Object Repo/New Registration - Registration Module Pages/Form 2/DOB Date' is clicked on

2018-10-20 18:18:55 - [TEST_STEP][PASSED] - delay: Delayed 2 second(s)

2018-10-20 18:18:57 - [MESSAGE][PASSED] - Delayed 2 second(s)

2018-10-20 18:18:57 - [TEST_STEP][PASSED] - click: Object: 'Object Repository/Final Object Repo/New Registration - Registration Module Pages/Form 2/EmploymentStartDate Pop Up' is clicked on

2018-10-20 18:18:57 - [MESSAGE][PASSED] - Object: 'Object Repository/Final Object Repo/New Registration - Registration Module Pages/Form 2/EmploymentStartDate Pop Up' is clicked on

2018-10-20 18:18:57 - [TEST_STEP][PASSED] - delay: Delayed 2 second(s)

2018-10-20 18:18:59 - [MESSAGE][PASSED] - Delayed 2 second(s)

2018-10-20 18:18:59 - [TEST_STEP][PASSED] - click: Object: 'Object Repository/Final Object Repo/New Registration - Registration Module Pages/Form 2/Socso Employment StartDate Month' is clicked on

2018-10-20 18:18:59 - [MESSAGE][PASSED] - Object: 'Object Repository/Final Object Repo/New Registration - Registration Module Pages/Form 2/Socso Employment StartDate Month' is clicked on

2018-10-20 18:18:59 - [TEST_STEP][PASSED] - delay: Delayed 1 second(s)

2018-10-20 18:19:00 - [MESSAGE][PASSED] - Delayed 1 second(s)

2018-10-20 18:19:00 - [TEST_STEP][PASSED] - click: Object: 'Object Repository/Final Object Repo/New Registration - Registration Module Pages/Form 2/Select Socso Employement Startdate Month' is clicked on

2018-10-20 18:19:00 - [MESSAGE][PASSED] - Object: 'Object Repository/Final Object Repo/New Registration - Registration Module Pages/Form 2/Select Socso Employement Startdate Month' is clicked on

2018-10-20 18:19:00 - [TEST_STEP][PASSED] - delay: Delayed 2 second(s)

2018-10-20 18:19:02 - [MESSAGE][PASSED] - Delayed 2 second(s)

2018-10-20 18:19:02 - [TEST_STEP][PASSED] - click: Object: 'Object Repository/Final Object Repo/New Registration - Registration Module Pages/Form 2/Socso Employment StartDate Year' is clicked on

2018-10-20 18:19:02 - [MESSAGE][PASSED] - Object: 'Object Repository/Final Object Repo/New Registration - Registration Module Pages/Form 2/Socso Employment StartDate Year' is clicked on

2018-10-20 18:19:02 - [TEST_STEP][PASSED] - delay: Delayed 1 second(s)

2018-10-20 18:19:03 - [MESSAGE][PASSED] - Delayed 1 second(s)

2018-10-20 18:19:03 - [TEST_STEP][PASSED] - click: Object: 'Object Repository/Final Object Repo/New Registration - Registration Module Pages/Form 2/Select Socso Employment Startdate Year' is clicked on

2018-10-20 18:19:04 - [MESSAGE][PASSED] - Object: 'Object Repository/Final Object Repo/New Registration - Registration Module Pages/Form 2/Select Socso Employment Startdate Year' is clicked on

2018-10-20 18:19:04 - [TEST_STEP][PASSED] - delay: Delayed 2 second(s)

2018-10-20 18:19:06 - [MESSAGE][PASSED] - Delayed 2 second(s)

2018-10-20 18:19:06 - [TEST_STEP][PASSED] - click: Object: 'Object Repository/Final Object Repo/New Registration - Registration Module Pages/Form 2/Socso Employment Start Date Day' is clicked on

2018-10-20 18:19:06 - [MESSAGE][PASSED] - Object: 'Object Repository/Final Object Repo/New Registration - Registration Module Pages/Form 2/Socso Employment Start Date Day' is clicked on

2018-10-20 18:19:06 - [TEST_STEP][PASSED] - delay: Delayed 2 second(s)

2018-10-20 18:19:08 - [MESSAGE][PASSED] - Delayed 2 second(s)

2018-10-20 18:19:08 - [TEST_STEP][PASSED] - click: Object: 'Object Repository/Final Object Repo/New Registration - Registration Module Pages/Form 2/Save Button for Add Employee' is clicked on

2018-10-20 18:19:08 - [MESSAGE][PASSED] - Object: 'Object Repository/Final Object Repo/New Registration - Registration Module Pages/Form 2/Save Button for Add Employee' is clicked on

2018-10-20 18:19:08 - [TEST_STEP][PASSED] - delay: Delayed 6 second(s)

2018-10-20 18:19:14 - [MESSAGE][PASSED] - Delayed 6 second(s)

2018-10-20 18:19:14 - [TEST_STEP][PASSED] - click: Object: 'Object Repository/Final Object Repo/New Registration - Registration Module Pages/Form 2/Save and Continue Form 2' is clicked on

2018-10-20 18:19:14 - [MESSAGE][PASSED] - Object: 'Object Repository/Final Object Repo/New Registration - Registration Module Pages/Form 2/Save and Continue Form 2' is clicked on

2018-10-20 18:19:14 - [MESSAGE][PASSED] - Call Test Case 'Test Cases/Final Aug 2018 - PKS Automation/Registration Module/New Registration/Form 2/Add 1 Eligible' successfully

2018-10-20 18:19:14 - [TEST_STEP][FAILED] - callTestCase: Unable to call Test Case with id 'Test Cases/Final Aug 2018 - PKS Automation/Registration Module/New Registration/Flow of New Registration/Third Screen - Upload Supporting Doc - Preview' (Root cause: Call Test Case 'Test Cases/Final Aug 2018 - PKS Automation/Registration Module/New Registration/Flow of New Registration/Third Screen - Upload Supporting Doc - Preview' failed)

2018-10-20 18:19:14 - [TEST_CASE][FAILED] - Test Cases/Final Aug 2018 - PKS Automation/Registration Module/New Registration/Flow of New Registration/Third Screen - Upload Supporting Doc - Preview: Test Cases/Final Aug 2018 - PKS Automation/Registration Module/New Registration/Flow of New Registration/Third Screen - Upload Supporting Doc - Preview FAILED because (of) (Stack trace: com.kms.katalon.core.exception.StepFailedException: Unable to click on object 'Object Repository/Final Object Repo/New Registration - Registration Module Pages/Third Screen - Upload Supporting Doc- Preview/Select to Upload Borang SIP 2' (Root cause: org.openqa.selenium.WebDriverException: unknown error: Element <span>...</span> is not clickable at point (151, 567). Other element would receive the click: <li class="select2-results__option" id="select2-_newreg_WAR_registrationportlet_objdocTypeId-result-54te-134" role="treeitem" aria-selected="false">...</li>
  (Session info: chrome=69.0.3497.100)
  (Driver info: chromedriver=2.35.528161 (5b82f2d2aae0ca24b877009200ced9065a772e73),platform=Windows NT 6.1.7601 SP1 x86_64) (WARNING: The server did not provide any stacktrace information)
Command duration or timeout: 0 milliseconds
Build info: version: '3.7.1', revision: '8a0099a', time: '2017-11-06T21:07:36.161Z'
System info: host: 'WEIZHENG', ip: '192.168.137.1', os.name: 'Windows 7', os.arch: 'amd64', os.version: '6.1', java.version: '1.8.0_181'
Driver info: com.kms.katalon.selenium.driver.CChromeDriver
Capabilities {acceptInsecureCerts: false, acceptSslCerts: false, applicationCacheEnabled: false, browserConnectionEnabled: false, browserName: chrome, chrome: {chromedriverVersion: 2.35.528161 (5b82f2d2aae0ca..., userDataDir: C:\Users\WEIZHE~1\AppData\L...}, cssSelectorsEnabled: true, databaseEnabled: false, handlesAlerts: true, hasTouchScreen: false, javascriptEnabled: true, locationContextEnabled: true, mobileEmulationEnabled: false, nativeEvents: true, networkConnectionEnabled: false, pageLoadStrategy: normal, platform: XP, platformName: XP, rotatable: false, setWindowRect: true, takesHeapSnapshot: true, takesScreenshot: true, unexpectedAlertBehaviour: , unhandledPromptBehavior: , version: 69.0.3497.100, webStorageEnabled: true}
Session ID: b9542c8c821f4aa87f10f1268b40301a)
	at com.kms.katalon.core.keyword.internal.KeywordMain.stepFailed(KeywordMain.groovy:32)
	at com.kms.katalon.core.webui.keyword.internal.WebUIKeywordMain.stepFailed(WebUIKeywordMain.groovy:65)
	at com.kms.katalon.core.webui.keyword.internal.WebUIKeywordMain.runKeyword(WebUIKeywordMain.groovy:27)
	at com.kms.katalon.core.webui.keyword.builtin.ClickKeyword.click(ClickKeyword.groovy:86)
	at com.kms.katalon.core.webui.keyword.builtin.ClickKeyword.execute(ClickKeyword.groovy:67)
	at com.kms.katalon.core.keyword.internal.KeywordExecutor.executeKeywordForPlatform(KeywordExecutor.groovy:53)
	at com.kms.katalon.core.webui.keyword.WebUiBuiltInKeywords.click(WebUiBuiltInKeywords.groovy:616)
	at com.kms.katalon.core.webui.keyword.WebUiBuiltInKeywords$click$2.call(Unknown Source)
	at Script1534409664094.run(Script1534409664094.groovy:104)
	at com.kms.katalon.core.main.ScriptEngine.run(ScriptEngine.java:183)
	at com.kms.katalon.core.main.ScriptEngine.runScriptAsRawText(ScriptEngine.java:108)
	at com.kms.katalon.core.main.TestCaseExecutor.runScript(TestCaseExecutor.java:294)
	at com.kms.katalon.core.main.TestCaseExecutor.doExecute(TestCaseExecutor.java:285)
	at com.kms.katalon.core.main.TestCaseExecutor.processExecutionPhase(TestCaseExecutor.java:264)
	at com.kms.katalon.core.main.TestCaseExecutor.accessMainPhase(TestCaseExecutor.java:256)
	at com.kms.katalon.core.main.TestCaseExecutor.execute(TestCaseExecutor.java:200)
	at com.kms.katalon.core.main.TestCaseMain.runTestCase(TestCaseMain.java:99)
	at com.kms.katalon.core.keyword.builtin.CallTestCaseKeyword$_callTestCase_closure1.doCall(CallTestCaseKeyword.groovy:60)
	at com.kms.katalon.core.keyword.builtin.CallTestCaseKeyword$_callTestCase_closure1.call(CallTestCaseKeyword.groovy)
	at com.kms.katalon.core.keyword.internal.KeywordMain.runKeyword(KeywordMain.groovy:54)
	at com.kms.katalon.core.keyword.builtin.CallTestCaseKeyword.callTestCase(CallTestCaseKeyword.groovy:81)
	at com.kms.katalon.core.keyword.builtin.CallTestCaseKeyword.execute(CallTestCaseKeyword.groovy:45)
	at com.kms.katalon.core.keyword.internal.KeywordExecutor.executeKeywordForPlatform(KeywordExecutor.groovy:53)
	at com.kms.katalon.core.keyword.BuiltinKeywords.callTestCase(BuiltinKeywords.groovy:334)
	at sun.reflect.GeneratedMethodAccessor13.invoke(Unknown Source)
	at sun.reflect.DelegatingMethodAccessorImpl.invoke(DelegatingMethodAccessorImpl.java:43)
	at java.lang.reflect.Method.invoke(Method.java:498)
	at org.codehaus.groovy.reflection.CachedMethod.invoke(CachedMethod.java:93)
	at groovy.lang.MetaMethod.doMethodInvoke(MetaMethod.java:325)
	at groovy.lang.MetaClassImpl.invokeStaticMethod(MetaClassImpl.java:1469)
	at org.codehaus.groovy.runtime.callsite.StaticMetaClassSite.call(StaticMetaClassSite.java:53)
	at org.codehaus.groovy.runtime.callsite.CallSiteArray.defaultCall(CallSiteArray.java:48)
	at org.codehaus.groovy.runtime.callsite.AbstractCallSite.call(AbstractCallSite.java:113)
	at org.codehaus.groovy.runtime.callsite.AbstractCallSite.call(AbstractCallSite.java:141)
	at Script1536051799273.run(Script1536051799273.groovy:28)
	at com.kms.katalon.core.main.ScriptEngine.run(ScriptEngine.java:183)
	at com.kms.katalon.core.main.ScriptEngine.runScriptAsRawText(ScriptEngine.java:108)
	at com.kms.katalon.core.main.TestCaseExecutor.runScript(TestCaseExecutor.java:294)
	at com.kms.katalon.core.main.TestCaseExecutor.doExecute(TestCaseExecutor.java:285)
	at com.kms.katalon.core.main.TestCaseExecutor.processExecutionPhase(TestCaseExecutor.java:264)
	at com.kms.katalon.core.main.TestCaseExecutor.accessMainPhase(TestCaseExecutor.java:256)
	at com.kms.katalon.core.main.TestCaseExecutor.execute(TestCaseExecutor.java:200)
	at com.kms.katalon.core.main.TestCaseMain.runTestCase(TestCaseMain.java:99)
	at com.kms.katalon.core.keyword.builtin.CallTestCaseKeyword$_callTestCase_closure1.doCall(CallTestCaseKeyword.groovy:60)
	at com.kms.katalon.core.keyword.builtin.CallTestCaseKeyword$_callTestCase_closure1.call(CallTestCaseKeyword.groovy)
	at com.kms.katalon.core.keyword.internal.KeywordMain.runKeyword(KeywordMain.groovy:54)
	at com.kms.katalon.core.keyword.builtin.CallTestCaseKeyword.callTestCase(CallTestCaseKeyword.groovy:81)
	at com.kms.katalon.core.keyword.builtin.CallTestCaseKeyword.execute(CallTestCaseKeyword.groovy:45)
	at com.kms.katalon.core.keyword.internal.KeywordExecutor.executeKeywordForPlatform(KeywordExecutor.groovy:53)
	at com.kms.katalon.core.keyword.BuiltinKeywords.callTestCase(BuiltinKeywords.groovy:334)
	at sun.reflect.GeneratedMethodAccessor13.invoke(Unknown Source)
	at sun.reflect.DelegatingMethodAccessorImpl.invoke(DelegatingMethodAccessorImpl.java:43)
	at java.lang.reflect.Method.invoke(Method.java:498)
	at org.codehaus.groovy.reflection.CachedMethod.invoke(CachedMethod.java:93)
	at groovy.lang.MetaMethod.doMethodInvoke(MetaMethod.java:325)
	at groovy.lang.MetaClassImpl.invokeStaticMethod(MetaClassImpl.java:1469)
	at org.codehaus.groovy.runtime.callsite.StaticMetaClassSite.call(StaticMetaClassSite.java:53)
	at org.codehaus.groovy.runtime.callsite.CallSiteArray.defaultCall(CallSiteArray.java:48)
	at org.codehaus.groovy.runtime.callsite.AbstractCallSite.call(AbstractCallSite.java:113)
	at org.codehaus.groovy.runtime.callsite.AbstractCallSite.call(AbstractCallSite.java:141)
	at Script1536290785236.run(Script1536290785236.groovy:15)
	at com.kms.katalon.core.main.ScriptEngine.run(ScriptEngine.java:183)
	at com.kms.katalon.core.main.ScriptEngine.runScriptAsRawText(ScriptEngine.java:108)
	at com.kms.katalon.core.main.TestCaseExecutor.runScript(TestCaseExecutor.java:294)
	at com.kms.katalon.core.main.TestCaseExecutor.doExecute(TestCaseExecutor.java:285)
	at com.kms.katalon.core.main.TestCaseExecutor.processExecutionPhase(TestCaseExecutor.java:264)
	at com.kms.katalon.core.main.TestCaseExecutor.accessMainPhase(TestCaseExecutor.java:256)
	at com.kms.katalon.core.main.TestCaseExecutor.execute(TestCaseExecutor.java:200)
	at com.kms.katalon.core.main.TestSuiteExecutor.accessTestCaseMainPhase(TestSuiteExecutor.java:129)
	at com.kms.katalon.core.main.TestSuiteExecutor.accessTestSuiteMainPhase(TestSuiteExecutor.java:112)
	at com.kms.katalon.core.main.TestSuiteExecutor.execute(TestSuiteExecutor.java:81)
	at com.kms.katalon.core.main.TestCaseMain.startTestSuite(TestCaseMain.java:142)
	at com.kms.katalon.core.main.TestCaseMain$startTestSuite$0.call(Unknown Source)
	at org.codehaus.groovy.runtime.callsite.CallSiteArray.defaultCall(CallSiteArray.java:48)
	at org.codehaus.groovy.runtime.callsite.AbstractCallSite.call(AbstractCallSite.java:113)
	at org.codehaus.groovy.runtime.callsite.AbstractCallSite.call(AbstractCallSite.java:141)
	at TempTestSuite1540012262067.run(TempTestSuite1540012262067.groovy:36)
	at groovy.lang.GroovyShell.runScriptOrMainOrTestOrRunnable(GroovyShell.java:263)
	at groovy.lang.GroovyShell.run(GroovyShell.java:518)
	at groovy.lang.GroovyShell.run(GroovyShell.java:507)
	at groovy.ui.GroovyMain.processOnce(GroovyMain.java:653)
	at groovy.ui.GroovyMain.run(GroovyMain.java:384)
	at groovy.ui.GroovyMain.process(GroovyMain.java:370)
	at groovy.ui.GroovyMain.processArgs(GroovyMain.java:129)
	at groovy.ui.GroovyMain.main(GroovyMain.java:109)
	at sun.reflect.NativeMethodAccessorImpl.invoke0(Native Method)
	at sun.reflect.NativeMethodAccessorImpl.invoke(NativeMethodAccessorImpl.java:62)
	at sun.reflect.DelegatingMethodAccessorImpl.invoke(DelegatingMethodAccessorImpl.java:43)
	at java.lang.reflect.Method.invoke(Method.java:498)
	at org.codehaus.groovy.tools.GroovyStarter.rootLoader(GroovyStarter.java:109)
	at org.codehaus.groovy.tools.GroovyStarter.main(GroovyStarter.java:131)
)

2018-10-20 18:19:14 - [TEST_STEP][PASSED] - waitForPageLoad: Wait for page load successfully

2018-10-20 18:19:14 - [MESSAGE][PASSED] - Wait for page load successfully

2018-10-20 18:19:14 - [TEST_STEP][PASSED] - Statement - CaseReferenceNo = com.kms.katalon.core.webui.keyword.WebUiBuiltInKeywords.getText(com.kms.katalon.core.testobject.ObjectRepository.findTestObject(Final Object Repo/New Registration - Registration Module Pages/Third Screen - Upload Supporting Doc- Preview/RefNo Acquiring)): Text of object 'Object Repository/Final Object Repo/New Registration - Registration Module Pages/Third Screen - Upload Supporting Doc- Preview/RefNo Acquiring' is: 'CRN10201800122306'

2018-10-20 18:19:15 - [MESSAGE][PASSED] - Text of object 'Object Repository/Final Object Repo/New Registration - Registration Module Pages/Third Screen - Upload Supporting Doc- Preview/RefNo Acquiring' is: 'CRN10201800122306'

2018-10-20 18:19:15 - [TEST_STEP][PASSED] - delay: Delayed 2 second(s)

2018-10-20 18:19:17 - [MESSAGE][PASSED] - Delayed 2 second(s)

2018-10-20 18:19:17 - [TEST_STEP][PASSED] - callTestCase: Call Test Case 'Test Cases/Final Aug 2018 - PKS Automation/Common/Reference Number Setter' successfully

2018-10-20 18:19:17 - [TEST_CASE][PASSED] - Test Cases/Final Aug 2018 - PKS Automation/Common/Reference Number Setter: Test Cases/Final Aug 2018 - PKS Automation/Common/Reference Number Setter

2018-10-20 18:19:17 - [TEST_STEP][PASSED] - Statement - RefNoOldFile = new java.io.File(C://KatalonReference.txt): null

2018-10-20 18:19:17 - [TEST_STEP][PASSED] - Statement - RefNoOldFile.delete(): null

2018-10-20 18:19:17 - [TEST_STEP][PASSED] - Statement - RefNo = new java.io.File(C://KatalonReference.txt): null

2018-10-20 18:19:17 - [TEST_STEP][PASSED] - Statement - RefNo.append(CaseReferenceNo): null

2018-10-20 18:19:17 - [TEST_STEP][PASSED] - Statement - out.println("


" + CaseReferenceNo + "


"): null

2018-10-20 18:19:17 - [MESSAGE][PASSED] - Call Test Case 'Test Cases/Final Aug 2018 - PKS Automation/Common/Reference Number Setter' successfully

2018-10-20 18:19:17 - [TEST_STEP][PASSED] - waitForElementClickable: Object 'Object Repository/Final Object Repo/New Registration - Registration Module Pages/Third Screen - Upload Supporting Doc- Preview/Save n Continue in SIP Employee Listing Page' is clickable

2018-10-20 18:19:17 - [MESSAGE][PASSED] - Object 'Object Repository/Final Object Repo/New Registration - Registration Module Pages/Third Screen - Upload Supporting Doc- Preview/Save n Continue in SIP Employee Listing Page' is clickable

2018-10-20 18:19:17 - [TEST_STEP][PASSED] - click: Object: 'Object Repository/Final Object Repo/New Registration - Registration Module Pages/Third Screen - Upload Supporting Doc- Preview/Save n Continue in SIP Employee Listing Page' is clicked on

2018-10-20 18:19:23 - [MESSAGE][PASSED] - Object: 'Object Repository/Final Object Repo/New Registration - Registration Module Pages/Third Screen - Upload Supporting Doc- Preview/Save n Continue in SIP Employee Listing Page' is clicked on

2018-10-20 18:19:23 - [TEST_STEP][PASSED] - delay: Delayed 6 second(s)

2018-10-20 18:19:29 - [MESSAGE][PASSED] - Delayed 6 second(s)

2018-10-20 18:19:29 - [TEST_STEP][PASSED] - click: Object: 'Object Repository/Final Object Repo/New Registration - Registration Module Pages/Third Screen - Upload Supporting Doc- Preview/Add Document Button' is clicked on

2018-10-20 18:19:29 - [MESSAGE][PASSED] - Object: 'Object Repository/Final Object Repo/New Registration - Registration Module Pages/Third Screen - Upload Supporting Doc- Preview/Add Document Button' is clicked on

2018-10-20 18:19:29 - [TEST_STEP][PASSED] - delay: Delayed 30 second(s)

2018-10-20 18:19:59 - [MESSAGE][PASSED] - Delayed 30 second(s)

2018-10-20 18:19:59 - [TEST_STEP][PASSED] - click: Object: 'Object Repository/Final Object Repo/New Registration - Registration Module Pages/Third Screen - Upload Supporting Doc- Preview/Supporting Doc Please Select Drop Down' is clicked on

2018-10-20 18:19:59 - [MESSAGE][PASSED] - Object: 'Object Repository/Final Object Repo/New Registration - Registration Module Pages/Third Screen - Upload Supporting Doc- Preview/Supporting Doc Please Select Drop Down' is clicked on

2018-10-20 18:19:59 - [TEST_STEP][PASSED] - delay: Delayed 2 second(s)

2018-10-20 18:20:01 - [MESSAGE][PASSED] - Delayed 2 second(s)

2018-10-20 18:20:01 - [TEST_STEP][PASSED] - click: Object: 'Object Repository/Final Object Repo/New Registration - Registration Module Pages/Third Screen - Upload Supporting Doc- Preview/Select to Upload Form 1' is clicked on

2018-10-20 18:20:01 - [MESSAGE][PASSED] - Object: 'Object Repository/Final Object Repo/New Registration - Registration Module Pages/Third Screen - Upload Supporting Doc- Preview/Select to Upload Form 1' is clicked on

2018-10-20 18:20:01 - [TEST_STEP][PASSED] - delay: Delayed 2 second(s)

2018-10-20 18:20:03 - [MESSAGE][PASSED] - Delayed 2 second(s)

2018-10-20 18:20:03 - [TEST_STEP][PASSED] - uploadFile: File 'C:\Users\Public\Pictures\Sample Pictures\Act.jpg' sent to object: 'Object Repository/Final Object Repo/New Registration - Registration Module Pages/Third Screen - Upload Supporting Doc- Preview/Upload File Adding'

2018-10-20 18:20:04 - [MESSAGE][PASSED] - File 'C:\Users\Public\Pictures\Sample Pictures\Act.jpg' sent to object: 'Object Repository/Final Object Repo/New Registration - Registration Module Pages/Third Screen - Upload Supporting Doc- Preview/Upload File Adding'

2018-10-20 18:20:04 - [TEST_STEP][PASSED] - delay: Delayed 5 second(s)

2018-10-20 18:20:09 - [MESSAGE][PASSED] - Delayed 5 second(s)

2018-10-20 18:20:09 - [TEST_STEP][PASSED] - click: Object: 'Object Repository/Final Object Repo/New Registration - Registration Module Pages/Third Screen - Upload Supporting Doc- Preview/Inner Form Add Document Button' is clicked on

2018-10-20 18:20:09 - [MESSAGE][PASSED] - Object: 'Object Repository/Final Object Repo/New Registration - Registration Module Pages/Third Screen - Upload Supporting Doc- Preview/Inner Form Add Document Button' is clicked on

2018-10-20 18:20:09 - [TEST_STEP][PASSED] - delay: Delayed 3 second(s)

2018-10-20 18:20:12 - [MESSAGE][PASSED] - Delayed 3 second(s)

2018-10-20 18:20:12 - [TEST_STEP][PASSED] - click: Object: 'Object Repository/Final Object Repo/New Registration - Registration Module Pages/Third Screen - Upload Supporting Doc- Preview/Add Document Button' is clicked on

2018-10-20 18:20:14 - [MESSAGE][PASSED] - Object: 'Object Repository/Final Object Repo/New Registration - Registration Module Pages/Third Screen - Upload Supporting Doc- Preview/Add Document Button' is clicked on

2018-10-20 18:20:14 - [TEST_STEP][PASSED] - delay: Delayed 30 second(s)

2018-10-20 18:20:44 - [MESSAGE][PASSED] - Delayed 30 second(s)

2018-10-20 18:20:44 - [TEST_STEP][PASSED] - click: Object: 'Object Repository/Final Object Repo/New Registration - Registration Module Pages/Third Screen - Upload Supporting Doc- Preview/Supporting Doc Please Select Drop Down' is clicked on

2018-10-20 18:20:44 - [MESSAGE][PASSED] - Object: 'Object Repository/Final Object Repo/New Registration - Registration Module Pages/Third Screen - Upload Supporting Doc- Preview/Supporting Doc Please Select Drop Down' is clicked on

2018-10-20 18:20:44 - [TEST_STEP][PASSED] - delay: Delayed 2 second(s)

2018-10-20 18:20:46 - [MESSAGE][PASSED] - Delayed 2 second(s)

2018-10-20 18:20:46 - [TEST_STEP][PASSED] - click: Object: 'Object Repository/Final Object Repo/New Registration - Registration Module Pages/Third Screen - Upload Supporting Doc- Preview/Select to Upload Form 2' is clicked on

2018-10-20 18:20:46 - [MESSAGE][PASSED] - Object: 'Object Repository/Final Object Repo/New Registration - Registration Module Pages/Third Screen - Upload Supporting Doc- Preview/Select to Upload Form 2' is clicked on

2018-10-20 18:20:46 - [TEST_STEP][PASSED] - delay: Delayed 2 second(s)

2018-10-20 18:20:48 - [MESSAGE][PASSED] - Delayed 2 second(s)

2018-10-20 18:20:48 - [TEST_STEP][PASSED] - uploadFile: File 'C:\Users\Public\Pictures\Sample Pictures\Act.jpg' sent to object: 'Object Repository/Final Object Repo/New Registration - Registration Module Pages/Third Screen - Upload Supporting Doc- Preview/Upload File Adding'

2018-10-20 18:20:49 - [MESSAGE][PASSED] - File 'C:\Users\Public\Pictures\Sample Pictures\Act.jpg' sent to object: 'Object Repository/Final Object Repo/New Registration - Registration Module Pages/Third Screen - Upload Supporting Doc- Preview/Upload File Adding'

2018-10-20 18:20:49 - [TEST_STEP][PASSED] - click: Object: 'Object Repository/Final Object Repo/New Registration - Registration Module Pages/Third Screen - Upload Supporting Doc- Preview/Inner Form Add Document Button' is clicked on

2018-10-20 18:20:49 - [MESSAGE][PASSED] - Object: 'Object Repository/Final Object Repo/New Registration - Registration Module Pages/Third Screen - Upload Supporting Doc- Preview/Inner Form Add Document Button' is clicked on

2018-10-20 18:20:49 - [TEST_STEP][PASSED] - delay: Delayed 4 second(s)

2018-10-20 18:20:53 - [MESSAGE][PASSED] - Delayed 4 second(s)

2018-10-20 18:20:53 - [TEST_STEP][PASSED] - click: Object: 'Object Repository/Final Object Repo/New Registration - Registration Module Pages/Third Screen - Upload Supporting Doc- Preview/Add Document Button' is clicked on

2018-10-20 18:20:54 - [MESSAGE][PASSED] - Object: 'Object Repository/Final Object Repo/New Registration - Registration Module Pages/Third Screen - Upload Supporting Doc- Preview/Add Document Button' is clicked on

2018-10-20 18:20:54 - [TEST_STEP][PASSED] - delay: Delayed 30 second(s)

2018-10-20 18:21:24 - [MESSAGE][PASSED] - Delayed 30 second(s)

2018-10-20 18:21:24 - [TEST_STEP][PASSED] - click: Object: 'Object Repository/Final Object Repo/New Registration - Registration Module Pages/Third Screen - Upload Supporting Doc- Preview/Supporting Doc Please Select Drop Down' is clicked on

2018-10-20 18:21:24 - [MESSAGE][PASSED] - Object: 'Object Repository/Final Object Repo/New Registration - Registration Module Pages/Third Screen - Upload Supporting Doc- Preview/Supporting Doc Please Select Drop Down' is clicked on

2018-10-20 18:21:24 - [TEST_STEP][PASSED] - click: Object: 'Object Repository/Final Object Repo/New Registration - Registration Module Pages/Third Screen - Upload Supporting Doc- Preview/Select to Upload Borang SIP 1' is clicked on

2018-10-20 18:21:24 - [MESSAGE][PASSED] - Object: 'Object Repository/Final Object Repo/New Registration - Registration Module Pages/Third Screen - Upload Supporting Doc- Preview/Select to Upload Borang SIP 1' is clicked on

2018-10-20 18:21:24 - [TEST_STEP][PASSED] - delay: Delayed 2 second(s)

2018-10-20 18:21:26 - [MESSAGE][PASSED] - Delayed 2 second(s)

2018-10-20 18:21:26 - [TEST_STEP][PASSED] - uploadFile: File 'C:\Users\Public\Pictures\Sample Pictures\Act.jpg' sent to object: 'Object Repository/Final Object Repo/New Registration - Registration Module Pages/Third Screen - Upload Supporting Doc- Preview/Upload File Adding'

2018-10-20 18:21:27 - [MESSAGE][PASSED] - File 'C:\Users\Public\Pictures\Sample Pictures\Act.jpg' sent to object: 'Object Repository/Final Object Repo/New Registration - Registration Module Pages/Third Screen - Upload Supporting Doc- Preview/Upload File Adding'

2018-10-20 18:21:27 - [TEST_STEP][PASSED] - click: Object: 'Object Repository/Final Object Repo/New Registration - Registration Module Pages/Third Screen - Upload Supporting Doc- Preview/Inner Form Add Document Button' is clicked on

2018-10-20 18:21:27 - [MESSAGE][PASSED] - Object: 'Object Repository/Final Object Repo/New Registration - Registration Module Pages/Third Screen - Upload Supporting Doc- Preview/Inner Form Add Document Button' is clicked on

2018-10-20 18:21:27 - [TEST_STEP][PASSED] - delay: Delayed 5 second(s)

2018-10-20 18:21:32 - [MESSAGE][PASSED] - Delayed 5 second(s)

2018-10-20 18:21:32 - [TEST_STEP][PASSED] - click: Object: 'Object Repository/Final Object Repo/New Registration - Registration Module Pages/Third Screen - Upload Supporting Doc- Preview/Add Document Button' is clicked on

2018-10-20 18:21:32 - [MESSAGE][PASSED] - Object: 'Object Repository/Final Object Repo/New Registration - Registration Module Pages/Third Screen - Upload Supporting Doc- Preview/Add Document Button' is clicked on

2018-10-20 18:21:32 - [TEST_STEP][PASSED] - delay: Delayed 30 second(s)

2018-10-20 18:22:02 - [MESSAGE][PASSED] - Delayed 30 second(s)

2018-10-20 18:22:02 - [TEST_STEP][PASSED] - click: Object: 'Object Repository/Final Object Repo/New Registration - Registration Module Pages/Third Screen - Upload Supporting Doc- Preview/Supporting Doc Please Select Drop Down' is clicked on

2018-10-20 18:22:03 - [MESSAGE][PASSED] - Object: 'Object Repository/Final Object Repo/New Registration - Registration Module Pages/Third Screen - Upload Supporting Doc- Preview/Supporting Doc Please Select Drop Down' is clicked on

2018-10-20 18:22:03 - [TEST_STEP][PASSED] - delay: Delayed 3 second(s)

2018-10-20 18:22:06 - [MESSAGE][PASSED] - Delayed 3 second(s)

2018-10-20 18:22:06 - [TEST_STEP][FAILED] - click: Unable to click on object 'Object Repository/Final Object Repo/New Registration - Registration Module Pages/Third Screen - Upload Supporting Doc- Preview/Select to Upload Borang SIP 2' (Root cause: org.openqa.selenium.WebDriverException: unknown error: Element <span>...</span> is not clickable at point (151, 567). Other element would receive the click: <li class="select2-results__option" id="select2-_newreg_WAR_registrationportlet_objdocTypeId-result-54te-134" role="treeitem" aria-selected="false">...</li>
  (Session info: chrome=69.0.3497.100)
  (Driver info: chromedriver=2.35.528161 (5b82f2d2aae0ca24b877009200ced9065a772e73),platform=Windows NT 6.1.7601 SP1 x86_64) (WARNING: The server did not provide any stacktrace information)
Command duration or timeout: 0 milliseconds
Build info: version: '3.7.1', revision: '8a0099a', time: '2017-11-06T21:07:36.161Z'
System info: host: 'WEIZHENG', ip: '192.168.137.1', os.name: 'Windows 7', os.arch: 'amd64', os.version: '6.1', java.version: '1.8.0_181'
Driver info: com.kms.katalon.selenium.driver.CChromeDriver
Capabilities {acceptInsecureCerts: false, acceptSslCerts: false, applicationCacheEnabled: false, browserConnectionEnabled: false, browserName: chrome, chrome: {chromedriverVersion: 2.35.528161 (5b82f2d2aae0ca..., userDataDir: C:\Users\WEIZHE~1\AppData\L...}, cssSelectorsEnabled: true, databaseEnabled: false, handlesAlerts: true, hasTouchScreen: false, javascriptEnabled: true, locationContextEnabled: true, mobileEmulationEnabled: false, nativeEvents: true, networkConnectionEnabled: false, pageLoadStrategy: normal, platform: XP, platformName: XP, rotatable: false, setWindowRect: true, takesHeapSnapshot: true, takesScreenshot: true, unexpectedAlertBehaviour: , unhandledPromptBehavior: , version: 69.0.3497.100, webStorageEnabled: true}
Session ID: b9542c8c821f4aa87f10f1268b40301a)

2018-10-20 18:22:06 - [MESSAGE][FAILED] - Unable to click on object 'Object Repository/Final Object Repo/New Registration - Registration Module Pages/Third Screen - Upload Supporting Doc- Preview/Select to Upload Borang SIP 2' (Root cause: org.openqa.selenium.WebDriverException: unknown error: Element <span>...</span> is not clickable at point (151, 567). Other element would receive the click: <li class="select2-results__option" id="select2-_newreg_WAR_registrationportlet_objdocTypeId-result-54te-134" role="treeitem" aria-selected="false">...</li>
  (Session info: chrome=69.0.3497.100)
  (Driver info: chromedriver=2.35.528161 (5b82f2d2aae0ca24b877009200ced9065a772e73),platform=Windows NT 6.1.7601 SP1 x86_64) (WARNING: The server did not provide any stacktrace information)
Command duration or timeout: 0 milliseconds
Build info: version: '3.7.1', revision: '8a0099a', time: '2017-11-06T21:07:36.161Z'
System info: host: 'WEIZHENG', ip: '192.168.137.1', os.name: 'Windows 7', os.arch: 'amd64', os.version: '6.1', java.version: '1.8.0_181'
Driver info: com.kms.katalon.selenium.driver.CChromeDriver
Capabilities {acceptInsecureCerts: false, acceptSslCerts: false, applicationCacheEnabled: false, browserConnectionEnabled: false, browserName: chrome, chrome: {chromedriverVersion: 2.35.528161 (5b82f2d2aae0ca..., userDataDir: C:\Users\WEIZHE~1\AppData\L...}, cssSelectorsEnabled: true, databaseEnabled: false, handlesAlerts: true, hasTouchScreen: false, javascriptEnabled: true, locationContextEnabled: true, mobileEmulationEnabled: false, nativeEvents: true, networkConnectionEnabled: false, pageLoadStrategy: normal, platform: XP, platformName: XP, rotatable: false, setWindowRect: true, takesHeapSnapshot: true, takesScreenshot: true, unexpectedAlertBehaviour: , unhandledPromptBehavior: , version: 69.0.3497.100, webStorageEnabled: true}
Session ID: b9542c8c821f4aa87f10f1268b40301a)
[[ATTACHMENT|C:\\Users\\LENOVO\\Katalon Studio\\Perkeso Phase A\\Reports\\Workflow\\Update Add New Employee\\20181020_131102\\1540030926301.png]]

2018-10-20 18:22:06 - [TEST_STEP][PASSED] - delay: Delayed 2 second(s)

2018-10-20 18:22:08 - [MESSAGE][PASSED] - Delayed 2 second(s)

2018-10-20 18:22:08 - [TEST_STEP][PASSED] - uploadFile: File 'C:\Users\Public\Pictures\Sample Pictures\Act.jpg' sent to object: 'Object Repository/Final Object Repo/New Registration - Registration Module Pages/Third Screen - Upload Supporting Doc- Preview/Upload File Adding'

2018-10-20 18:22:08 - [MESSAGE][PASSED] - File 'C:\Users\Public\Pictures\Sample Pictures\Act.jpg' sent to object: 'Object Repository/Final Object Repo/New Registration - Registration Module Pages/Third Screen - Upload Supporting Doc- Preview/Upload File Adding'

2018-10-20 18:22:08 - [TEST_STEP][PASSED] - delay: Delayed 5 second(s)

2018-10-20 18:22:13 - [MESSAGE][PASSED] - Delayed 5 second(s)

2018-10-20 18:22:13 - [TEST_STEP][FAILED] - click: Unable to click on object 'Object Repository/Final Object Repo/New Registration - Registration Module Pages/Third Screen - Upload Supporting Doc- Preview/Inner Form Add Document Button' (Root cause: org.openqa.selenium.WebDriverException: unknown error: Element <a validatesubmit="" href="https://assist2-uat.perkeso.gov.my/web/registration/registration?p_auth=IH4ak7hv&amp;p_p_id=newreg_WAR_registrationportlet&amp;p_p_lifecycle=1&amp;p_p_state=exclusive&amp;p_p_mode=view&amp;_newreg_WAR_registrationportlet_redirect=https%3A%2F%2Fassist2-uat.perkeso.gov.my%2Fweb%2Fregistration%2Fregistration%3Fp_p_id%3Dnewreg_WAR_registrationportlet%26p_p_lifecycle%3D0%26p_p_state%3Dnormal%26p_p_mode%3Dview%26p_p_col_id%3Dcolumn-1%26p_p_col_count%3D1%26_newreg_WAR_registrationportlet_browserIdKey%3D1540030682394%26_newreg_WAR_registrationportlet_jspPage%3D%2Fapps%2Freg%2Fcommon%2Fcommon_supporting_doc_form.jsp%26_newreg_WAR_registrationportlet_regViewKey%3D17&amp;_newreg_WAR_registrationportlet_javax.portlet.action=exeAction&amp;_newreg_WAR_registrationportlet_mvcPath=%2Fapps%2Freg%2Fcommon%2Fcommon_supporting_doc_form.jsp&amp;_newreg_WAR_registrationportlet_browserIdKey=1540030682394&amp;_newreg_WAR_registrationportlet_cmd=saveSuppDocFileId&amp;_newreg_WAR_registrationportlet_regViewKey=17" class="btn btn-lg blueBtn col-md-2 pull-right" formid="_newreg_WAR_registrationportlet_uploadDocForm" targets="baseMsgDivId">...</a> is not clickable at point (851, 547). Other element would receive the click: <div class="contentWrap" id="yui_patched_v3_11_0_1_1540030892360_409">...</div>
  (Session info: chrome=69.0.3497.100)
  (Driver info: chromedriver=2.35.528161 (5b82f2d2aae0ca24b877009200ced9065a772e73),platform=Windows NT 6.1.7601 SP1 x86_64) (WARNING: The server did not provide any stacktrace information)
Command duration or timeout: 0 milliseconds
Build info: version: '3.7.1', revision: '8a0099a', time: '2017-11-06T21:07:36.161Z'
System info: host: 'WEIZHENG', ip: '192.168.137.1', os.name: 'Windows 7', os.arch: 'amd64', os.version: '6.1', java.version: '1.8.0_181'
Driver info: com.kms.katalon.selenium.driver.CChromeDriver
Capabilities {acceptInsecureCerts: false, acceptSslCerts: false, applicationCacheEnabled: false, browserConnectionEnabled: false, browserName: chrome, chrome: {chromedriverVersion: 2.35.528161 (5b82f2d2aae0ca..., userDataDir: C:\Users\WEIZHE~1\AppData\L...}, cssSelectorsEnabled: true, databaseEnabled: false, handlesAlerts: true, hasTouchScreen: false, javascriptEnabled: true, locationContextEnabled: true, mobileEmulationEnabled: false, nativeEvents: true, networkConnectionEnabled: false, pageLoadStrategy: normal, platform: XP, platformName: XP, rotatable: false, setWindowRect: true, takesHeapSnapshot: true, takesScreenshot: true, unexpectedAlertBehaviour: , unhandledPromptBehavior: , version: 69.0.3497.100, webStorageEnabled: true}
Session ID: b9542c8c821f4aa87f10f1268b40301a)

2018-10-20 18:22:14 - [MESSAGE][FAILED] - Unable to click on object 'Object Repository/Final Object Repo/New Registration - Registration Module Pages/Third Screen - Upload Supporting Doc- Preview/Inner Form Add Document Button' (Root cause: org.openqa.selenium.WebDriverException: unknown error: Element <a validatesubmit="" href="https://assist2-uat.perkeso.gov.my/web/registration/registration?p_auth=IH4ak7hv&amp;p_p_id=newreg_WAR_registrationportlet&amp;p_p_lifecycle=1&amp;p_p_state=exclusive&amp;p_p_mode=view&amp;_newreg_WAR_registrationportlet_redirect=https%3A%2F%2Fassist2-uat.perkeso.gov.my%2Fweb%2Fregistration%2Fregistration%3Fp_p_id%3Dnewreg_WAR_registrationportlet%26p_p_lifecycle%3D0%26p_p_state%3Dnormal%26p_p_mode%3Dview%26p_p_col_id%3Dcolumn-1%26p_p_col_count%3D1%26_newreg_WAR_registrationportlet_browserIdKey%3D1540030682394%26_newreg_WAR_registrationportlet_jspPage%3D%2Fapps%2Freg%2Fcommon%2Fcommon_supporting_doc_form.jsp%26_newreg_WAR_registrationportlet_regViewKey%3D17&amp;_newreg_WAR_registrationportlet_javax.portlet.action=exeAction&amp;_newreg_WAR_registrationportlet_mvcPath=%2Fapps%2Freg%2Fcommon%2Fcommon_supporting_doc_form.jsp&amp;_newreg_WAR_registrationportlet_browserIdKey=1540030682394&amp;_newreg_WAR_registrationportlet_cmd=saveSuppDocFileId&amp;_newreg_WAR_registrationportlet_regViewKey=17" class="btn btn-lg blueBtn col-md-2 pull-right" formid="_newreg_WAR_registrationportlet_uploadDocForm" targets="baseMsgDivId">...</a> is not clickable at point (851, 547). Other element would receive the click: <div class="contentWrap" id="yui_patched_v3_11_0_1_1540030892360_409">...</div>
  (Session info: chrome=69.0.3497.100)
  (Driver info: chromedriver=2.35.528161 (5b82f2d2aae0ca24b877009200ced9065a772e73),platform=Windows NT 6.1.7601 SP1 x86_64) (WARNING: The server did not provide any stacktrace information)
Command duration or timeout: 0 milliseconds
Build info: version: '3.7.1', revision: '8a0099a', time: '2017-11-06T21:07:36.161Z'
System info: host: 'WEIZHENG', ip: '192.168.137.1', os.name: 'Windows 7', os.arch: 'amd64', os.version: '6.1', java.version: '1.8.0_181'
Driver info: com.kms.katalon.selenium.driver.CChromeDriver
Capabilities {acceptInsecureCerts: false, acceptSslCerts: false, applicationCacheEnabled: false, browserConnectionEnabled: false, browserName: chrome, chrome: {chromedriverVersion: 2.35.528161 (5b82f2d2aae0ca..., userDataDir: C:\Users\WEIZHE~1\AppData\L...}, cssSelectorsEnabled: true, databaseEnabled: false, handlesAlerts: true, hasTouchScreen: false, javascriptEnabled: true, locationContextEnabled: true, mobileEmulationEnabled: false, nativeEvents: true, networkConnectionEnabled: false, pageLoadStrategy: normal, platform: XP, platformName: XP, rotatable: false, setWindowRect: true, takesHeapSnapshot: true, takesScreenshot: true, unexpectedAlertBehaviour: , unhandledPromptBehavior: , version: 69.0.3497.100, webStorageEnabled: true}
Session ID: b9542c8c821f4aa87f10f1268b40301a)
[[ATTACHMENT|C:\\Users\\LENOVO\\Katalon Studio\\Perkeso Phase A\\Reports\\Workflow\\Update Add New Employee\\20181020_131102\\1540030933881.png]]

2018-10-20 18:22:14 - [TEST_STEP][PASSED] - delay: Delayed 3 second(s)

2018-10-20 18:22:17 - [MESSAGE][PASSED] - Delayed 3 second(s)

2018-10-20 18:22:17 - [TEST_STEP][PASSED] - waitForElementClickable: Object 'Object Repository/Final Object Repo/New Registration - Registration Module Pages/Third Screen - Upload Supporting Doc- Preview/Save n Continue in Uploading Supporting Doc Page' is clickable

2018-10-20 18:22:17 - [MESSAGE][PASSED] - Object 'Object Repository/Final Object Repo/New Registration - Registration Module Pages/Third Screen - Upload Supporting Doc- Preview/Save n Continue in Uploading Supporting Doc Page' is clickable

2018-10-20 18:22:17 - [TEST_STEP][FAILED] - click: Unable to click on object 'Object Repository/Final Object Repo/New Registration - Registration Module Pages/Third Screen - Upload Supporting Doc- Preview/Save n Continue in Uploading Supporting Doc Page' (Root cause: org.openqa.selenium.ElementNotVisibleException: element not visible
  (Session info: chrome=69.0.3497.100)
  (Driver info: chromedriver=2.35.528161 (5b82f2d2aae0ca24b877009200ced9065a772e73),platform=Windows NT 6.1.7601 SP1 x86_64) (WARNING: The server did not provide any stacktrace information)
Command duration or timeout: 0 milliseconds
Build info: version: '3.7.1', revision: '8a0099a', time: '2017-11-06T21:07:36.161Z'
System info: host: 'WEIZHENG', ip: '192.168.137.1', os.name: 'Windows 7', os.arch: 'amd64', os.version: '6.1', java.version: '1.8.0_181'
Driver info: com.kms.katalon.selenium.driver.CChromeDriver
Capabilities {acceptInsecureCerts: false, acceptSslCerts: false, applicationCacheEnabled: false, browserConnectionEnabled: false, browserName: chrome, chrome: {chromedriverVersion: 2.35.528161 (5b82f2d2aae0ca..., userDataDir: C:\Users\WEIZHE~1\AppData\L...}, cssSelectorsEnabled: true, databaseEnabled: false, handlesAlerts: true, hasTouchScreen: false, javascriptEnabled: true, locationContextEnabled: true, mobileEmulationEnabled: false, nativeEvents: true, networkConnectionEnabled: false, pageLoadStrategy: normal, platform: XP, platformName: XP, rotatable: false, setWindowRect: true, takesHeapSnapshot: true, takesScreenshot: true, unexpectedAlertBehaviour: , unhandledPromptBehavior: , version: 69.0.3497.100, webStorageEnabled: true}
Session ID: b9542c8c821f4aa87f10f1268b40301a)

2018-10-20 18:22:17 - [MESSAGE][FAILED] - Unable to click on object 'Object Repository/Final Object Repo/New Registration - Registration Module Pages/Third Screen - Upload Supporting Doc- Preview/Save n Continue in Uploading Supporting Doc Page' (Root cause: org.openqa.selenium.ElementNotVisibleException: element not visible
  (Session info: chrome=69.0.3497.100)
  (Driver info: chromedriver=2.35.528161 (5b82f2d2aae0ca24b877009200ced9065a772e73),platform=Windows NT 6.1.7601 SP1 x86_64) (WARNING: The server did not provide any stacktrace information)
Command duration or timeout: 0 milliseconds
Build info: version: '3.7.1', revision: '8a0099a', time: '2017-11-06T21:07:36.161Z'
System info: host: 'WEIZHENG', ip: '192.168.137.1', os.name: 'Windows 7', os.arch: 'amd64', os.version: '6.1', java.version: '1.8.0_181'
Driver info: com.kms.katalon.selenium.driver.CChromeDriver
Capabilities {acceptInsecureCerts: false, acceptSslCerts: false, applicationCacheEnabled: false, browserConnectionEnabled: false, browserName: chrome, chrome: {chromedriverVersion: 2.35.528161 (5b82f2d2aae0ca..., userDataDir: C:\Users\WEIZHE~1\AppData\L...}, cssSelectorsEnabled: true, databaseEnabled: false, handlesAlerts: true, hasTouchScreen: false, javascriptEnabled: true, locationContextEnabled: true, mobileEmulationEnabled: false, nativeEvents: true, networkConnectionEnabled: false, pageLoadStrategy: normal, platform: XP, platformName: XP, rotatable: false, setWindowRect: true, takesHeapSnapshot: true, takesScreenshot: true, unexpectedAlertBehaviour: , unhandledPromptBehavior: , version: 69.0.3497.100, webStorageEnabled: true}
Session ID: b9542c8c821f4aa87f10f1268b40301a)
[[ATTACHMENT|C:\\Users\\LENOVO\\Katalon Studio\\Perkeso Phase A\\Reports\\Workflow\\Update Add New Employee\\20181020_131102\\1540030937319.png]]

2018-10-20 18:22:17 - [MESSAGE][FAILED] - Unable to call Test Case with id 'Test Cases/Final Aug 2018 - PKS Automation/Registration Module/New Registration/Flow of New Registration/Third Screen - Upload Supporting Doc - Preview' (Root cause: Call Test Case 'Test Cases/Final Aug 2018 - PKS Automation/Registration Module/New Registration/Flow of New Registration/Third Screen - Upload Supporting Doc - Preview' failed)

2018-10-20 18:22:17 - [MESSAGE][FAILED] - Unable to call Test Case with id 'Test Cases/Final Aug 2018 - PKS Automation/Registration Module/Workflow/Update Add New Employee/Template/New Company for Update Add New' (Root cause: Call Test Case 'Test Cases/Final Aug 2018 - PKS Automation/Registration Module/Workflow/Update Add New Employee/Template/New Company for Update Add New' failed)]]></system-out>
         <system-err><![CDATA[2018-10-20 18:17:48 - [TEST_CASE][FAILED] - Test Cases/Final Aug 2018 - PKS Automation/Registration Module/Workflow/Update Add New Employee/Special Case (OTC - PKR BO -  RO Approve): Test Cases/Final Aug 2018 - PKS Automation/Registration Module/Workflow/Update Add New Employee/Special Case (OTC - PKR BO -  RO Approve) FAILED because (of) (Stack trace: com.kms.katalon.core.exception.StepFailedException: Unable to click on object 'Object Repository/Final Object Repo/New Registration - Registration Module Pages/Third Screen - Upload Supporting Doc- Preview/Select to Upload Borang SIP 2' (Root cause: org.openqa.selenium.WebDriverException: unknown error: Element <span>...</span> is not clickable at point (151, 567). Other element would receive the click: <li class="select2-results__option" id="select2-_newreg_WAR_registrationportlet_objdocTypeId-result-54te-134" role="treeitem" aria-selected="false">...</li>
  (Session info: chrome=69.0.3497.100)
  (Driver info: chromedriver=2.35.528161 (5b82f2d2aae0ca24b877009200ced9065a772e73),platform=Windows NT 6.1.7601 SP1 x86_64) (WARNING: The server did not provide any stacktrace information)
Command duration or timeout: 0 milliseconds
Build info: version: '3.7.1', revision: '8a0099a', time: '2017-11-06T21:07:36.161Z'
System info: host: 'WEIZHENG', ip: '192.168.137.1', os.name: 'Windows 7', os.arch: 'amd64', os.version: '6.1', java.version: '1.8.0_181'
Driver info: com.kms.katalon.selenium.driver.CChromeDriver
Capabilities {acceptInsecureCerts: false, acceptSslCerts: false, applicationCacheEnabled: false, browserConnectionEnabled: false, browserName: chrome, chrome: {chromedriverVersion: 2.35.528161 (5b82f2d2aae0ca..., userDataDir: C:\Users\WEIZHE~1\AppData\L...}, cssSelectorsEnabled: true, databaseEnabled: false, handlesAlerts: true, hasTouchScreen: false, javascriptEnabled: true, locationContextEnabled: true, mobileEmulationEnabled: false, nativeEvents: true, networkConnectionEnabled: false, pageLoadStrategy: normal, platform: XP, platformName: XP, rotatable: false, setWindowRect: true, takesHeapSnapshot: true, takesScreenshot: true, unexpectedAlertBehaviour: , unhandledPromptBehavior: , version: 69.0.3497.100, webStorageEnabled: true}
Session ID: b9542c8c821f4aa87f10f1268b40301a)
	at com.kms.katalon.core.keyword.internal.KeywordMain.stepFailed(KeywordMain.groovy:32)
	at com.kms.katalon.core.webui.keyword.internal.WebUIKeywordMain.stepFailed(WebUIKeywordMain.groovy:65)
	at com.kms.katalon.core.webui.keyword.internal.WebUIKeywordMain.runKeyword(WebUIKeywordMain.groovy:27)
	at com.kms.katalon.core.webui.keyword.builtin.ClickKeyword.click(ClickKeyword.groovy:86)
	at com.kms.katalon.core.webui.keyword.builtin.ClickKeyword.execute(ClickKeyword.groovy:67)
	at com.kms.katalon.core.keyword.internal.KeywordExecutor.executeKeywordForPlatform(KeywordExecutor.groovy:53)
	at com.kms.katalon.core.webui.keyword.WebUiBuiltInKeywords.click(WebUiBuiltInKeywords.groovy:616)
	at com.kms.katalon.core.webui.keyword.WebUiBuiltInKeywords$click$2.call(Unknown Source)
	at Script1534409664094.run(Script1534409664094.groovy:104)
	at com.kms.katalon.core.main.ScriptEngine.run(ScriptEngine.java:183)
	at com.kms.katalon.core.main.ScriptEngine.runScriptAsRawText(ScriptEngine.java:108)
	at com.kms.katalon.core.main.TestCaseExecutor.runScript(TestCaseExecutor.java:294)
	at com.kms.katalon.core.main.TestCaseExecutor.doExecute(TestCaseExecutor.java:285)
	at com.kms.katalon.core.main.TestCaseExecutor.processExecutionPhase(TestCaseExecutor.java:264)
	at com.kms.katalon.core.main.TestCaseExecutor.accessMainPhase(TestCaseExecutor.java:256)
	at com.kms.katalon.core.main.TestCaseExecutor.execute(TestCaseExecutor.java:200)
	at com.kms.katalon.core.main.TestCaseMain.runTestCase(TestCaseMain.java:99)
	at com.kms.katalon.core.keyword.builtin.CallTestCaseKeyword$_callTestCase_closure1.doCall(CallTestCaseKeyword.groovy:60)
	at com.kms.katalon.core.keyword.builtin.CallTestCaseKeyword$_callTestCase_closure1.call(CallTestCaseKeyword.groovy)
	at com.kms.katalon.core.keyword.internal.KeywordMain.runKeyword(KeywordMain.groovy:54)
	at com.kms.katalon.core.keyword.builtin.CallTestCaseKeyword.callTestCase(CallTestCaseKeyword.groovy:81)
	at com.kms.katalon.core.keyword.builtin.CallTestCaseKeyword.execute(CallTestCaseKeyword.groovy:45)
	at com.kms.katalon.core.keyword.internal.KeywordExecutor.executeKeywordForPlatform(KeywordExecutor.groovy:53)
	at com.kms.katalon.core.keyword.BuiltinKeywords.callTestCase(BuiltinKeywords.groovy:334)
	at sun.reflect.GeneratedMethodAccessor13.invoke(Unknown Source)
	at sun.reflect.DelegatingMethodAccessorImpl.invoke(DelegatingMethodAccessorImpl.java:43)
	at java.lang.reflect.Method.invoke(Method.java:498)
	at org.codehaus.groovy.reflection.CachedMethod.invoke(CachedMethod.java:93)
	at groovy.lang.MetaMethod.doMethodInvoke(MetaMethod.java:325)
	at groovy.lang.MetaClassImpl.invokeStaticMethod(MetaClassImpl.java:1469)
	at org.codehaus.groovy.runtime.callsite.StaticMetaClassSite.call(StaticMetaClassSite.java:53)
	at org.codehaus.groovy.runtime.callsite.CallSiteArray.defaultCall(CallSiteArray.java:48)
	at org.codehaus.groovy.runtime.callsite.AbstractCallSite.call(AbstractCallSite.java:113)
	at org.codehaus.groovy.runtime.callsite.AbstractCallSite.call(AbstractCallSite.java:141)
	at Script1536051799273.run(Script1536051799273.groovy:28)
	at com.kms.katalon.core.main.ScriptEngine.run(ScriptEngine.java:183)
	at com.kms.katalon.core.main.ScriptEngine.runScriptAsRawText(ScriptEngine.java:108)
	at com.kms.katalon.core.main.TestCaseExecutor.runScript(TestCaseExecutor.java:294)
	at com.kms.katalon.core.main.TestCaseExecutor.doExecute(TestCaseExecutor.java:285)
	at com.kms.katalon.core.main.TestCaseExecutor.processExecutionPhase(TestCaseExecutor.java:264)
	at com.kms.katalon.core.main.TestCaseExecutor.accessMainPhase(TestCaseExecutor.java:256)
	at com.kms.katalon.core.main.TestCaseExecutor.execute(TestCaseExecutor.java:200)
	at com.kms.katalon.core.main.TestCaseMain.runTestCase(TestCaseMain.java:99)
	at com.kms.katalon.core.keyword.builtin.CallTestCaseKeyword$_callTestCase_closure1.doCall(CallTestCaseKeyword.groovy:60)
	at com.kms.katalon.core.keyword.builtin.CallTestCaseKeyword$_callTestCase_closure1.call(CallTestCaseKeyword.groovy)
	at com.kms.katalon.core.keyword.internal.KeywordMain.runKeyword(KeywordMain.groovy:54)
	at com.kms.katalon.core.keyword.builtin.CallTestCaseKeyword.callTestCase(CallTestCaseKeyword.groovy:81)
	at com.kms.katalon.core.keyword.builtin.CallTestCaseKeyword.execute(CallTestCaseKeyword.groovy:45)
	at com.kms.katalon.core.keyword.internal.KeywordExecutor.executeKeywordForPlatform(KeywordExecutor.groovy:53)
	at com.kms.katalon.core.keyword.BuiltinKeywords.callTestCase(BuiltinKeywords.groovy:334)
	at sun.reflect.GeneratedMethodAccessor13.invoke(Unknown Source)
	at sun.reflect.DelegatingMethodAccessorImpl.invoke(DelegatingMethodAccessorImpl.java:43)
	at java.lang.reflect.Method.invoke(Method.java:498)
	at org.codehaus.groovy.reflection.CachedMethod.invoke(CachedMethod.java:93)
	at groovy.lang.MetaMethod.doMethodInvoke(MetaMethod.java:325)
	at groovy.lang.MetaClassImpl.invokeStaticMethod(MetaClassImpl.java:1469)
	at org.codehaus.groovy.runtime.callsite.StaticMetaClassSite.call(StaticMetaClassSite.java:53)
	at org.codehaus.groovy.runtime.callsite.CallSiteArray.defaultCall(CallSiteArray.java:48)
	at org.codehaus.groovy.runtime.callsite.AbstractCallSite.call(AbstractCallSite.java:113)
	at org.codehaus.groovy.runtime.callsite.AbstractCallSite.call(AbstractCallSite.java:141)
	at Script1536290785236.run(Script1536290785236.groovy:15)
	at com.kms.katalon.core.main.ScriptEngine.run(ScriptEngine.java:183)
	at com.kms.katalon.core.main.ScriptEngine.runScriptAsRawText(ScriptEngine.java:108)
	at com.kms.katalon.core.main.TestCaseExecutor.runScript(TestCaseExecutor.java:294)
	at com.kms.katalon.core.main.TestCaseExecutor.doExecute(TestCaseExecutor.java:285)
	at com.kms.katalon.core.main.TestCaseExecutor.processExecutionPhase(TestCaseExecutor.java:264)
	at com.kms.katalon.core.main.TestCaseExecutor.accessMainPhase(TestCaseExecutor.java:256)
	at com.kms.katalon.core.main.TestCaseExecutor.execute(TestCaseExecutor.java:200)
	at com.kms.katalon.core.main.TestSuiteExecutor.accessTestCaseMainPhase(TestSuiteExecutor.java:129)
	at com.kms.katalon.core.main.TestSuiteExecutor.accessTestSuiteMainPhase(TestSuiteExecutor.java:112)
	at com.kms.katalon.core.main.TestSuiteExecutor.execute(TestSuiteExecutor.java:81)
	at com.kms.katalon.core.main.TestCaseMain.startTestSuite(TestCaseMain.java:142)
	at com.kms.katalon.core.main.TestCaseMain$startTestSuite$0.call(Unknown Source)
	at org.codehaus.groovy.runtime.callsite.CallSiteArray.defaultCall(CallSiteArray.java:48)
	at org.codehaus.groovy.runtime.callsite.AbstractCallSite.call(AbstractCallSite.java:113)
	at org.codehaus.groovy.runtime.callsite.AbstractCallSite.call(AbstractCallSite.java:141)
	at TempTestSuite1540012262067.run(TempTestSuite1540012262067.groovy:36)
	at groovy.lang.GroovyShell.runScriptOrMainOrTestOrRunnable(GroovyShell.java:263)
	at groovy.lang.GroovyShell.run(GroovyShell.java:518)
	at groovy.lang.GroovyShell.run(GroovyShell.java:507)
	at groovy.ui.GroovyMain.processOnce(GroovyMain.java:653)
	at groovy.ui.GroovyMain.run(GroovyMain.java:384)
	at groovy.ui.GroovyMain.process(GroovyMain.java:370)
	at groovy.ui.GroovyMain.processArgs(GroovyMain.java:129)
	at groovy.ui.GroovyMain.main(GroovyMain.java:109)
	at sun.reflect.NativeMethodAccessorImpl.invoke0(Native Method)
	at sun.reflect.NativeMethodAccessorImpl.invoke(NativeMethodAccessorImpl.java:62)
	at sun.reflect.DelegatingMethodAccessorImpl.invoke(DelegatingMethodAccessorImpl.java:43)
	at java.lang.reflect.Method.invoke(Method.java:498)
	at org.codehaus.groovy.tools.GroovyStarter.rootLoader(GroovyStarter.java:109)
	at org.codehaus.groovy.tools.GroovyStarter.main(GroovyStarter.java:131)
)]]></system-err>
      </testcase>
      <testcase name="Test Cases/Final Aug 2018 - PKS Automation/Registration Module/Workflow/Update Add New Employee/Special Case (OTC - PKR BO -  RO Under Enforcement)" classname="Test Cases/Final Aug 2018 - PKS Automation/Registration Module/Workflow/Update Add New Employee/Special Case (OTC - PKR BO -  RO Under Enforcement)" status="FAILED">
         <failure type="FAILED" message="(Stack trace: com.kms.katalon.core.exception.StepFailedException: Unable to click on object 'Object Repository/Final Object Repo/New Registration - Registration Module Pages/Third Screen - Upload Supporting Doc- Preview/Select to Upload Borang SIP 2' (Root cause: org.openqa.selenium.WebDriverException: unknown error: Element &lt;span>...&lt;/span> is not clickable at point (151, 567). Other element would receive the click: &lt;li class=&quot;select2-results__option&quot; id=&quot;select2-_newreg_WAR_registrationportlet_objdocTypeId-result-l2ii-134&quot; role=&quot;treeitem&quot; aria-selected=&quot;false&quot;>...&lt;/li>
  (Session info: chrome=69.0.3497.100)
  (Driver info: chromedriver=2.35.528161 (5b82f2d2aae0ca24b877009200ced9065a772e73),platform=Windows NT 6.1.7601 SP1 x86_64) (WARNING: The server did not provide any stacktrace information)
Command duration or timeout: 0 milliseconds
Build info: version: '3.7.1', revision: '8a0099a', time: '2017-11-06T21:07:36.161Z'
System info: host: 'WEIZHENG', ip: '192.168.137.1', os.name: 'Windows 7', os.arch: 'amd64', os.version: '6.1', java.version: '1.8.0_181'
Driver info: com.kms.katalon.selenium.driver.CChromeDriver
Capabilities {acceptInsecureCerts: false, acceptSslCerts: false, applicationCacheEnabled: false, browserConnectionEnabled: false, browserName: chrome, chrome: {chromedriverVersion: 2.35.528161 (5b82f2d2aae0ca..., userDataDir: C:\Users\WEIZHE~1\AppData\L...}, cssSelectorsEnabled: true, databaseEnabled: false, handlesAlerts: true, hasTouchScreen: false, javascriptEnabled: true, locationContextEnabled: true, mobileEmulationEnabled: false, nativeEvents: true, networkConnectionEnabled: false, pageLoadStrategy: normal, platform: XP, platformName: XP, rotatable: false, setWindowRect: true, takesHeapSnapshot: true, takesScreenshot: true, unexpectedAlertBehaviour: , unhandledPromptBehavior: , version: 69.0.3497.100, webStorageEnabled: true}
Session ID: 55da07fda6d4a959f752d9f1b06fe72a)
	at com.kms.katalon.core.keyword.internal.KeywordMain.stepFailed(KeywordMain.groovy:32)
	at com.kms.katalon.core.webui.keyword.internal.WebUIKeywordMain.stepFailed(WebUIKeywordMain.groovy:65)
	at com.kms.katalon.core.webui.keyword.internal.WebUIKeywordMain.runKeyword(WebUIKeywordMain.groovy:27)
	at com.kms.katalon.core.webui.keyword.builtin.ClickKeyword.click(ClickKeyword.groovy:86)
	at com.kms.katalon.core.webui.keyword.builtin.ClickKeyword.execute(ClickKeyword.groovy:67)
	at com.kms.katalon.core.keyword.internal.KeywordExecutor.executeKeywordForPlatform(KeywordExecutor.groovy:53)
	at com.kms.katalon.core.webui.keyword.WebUiBuiltInKeywords.click(WebUiBuiltInKeywords.groovy:616)
	at com.kms.katalon.core.webui.keyword.WebUiBuiltInKeywords$click$2.call(Unknown Source)
	at Script1534409664094.run(Script1534409664094.groovy:104)
	at com.kms.katalon.core.main.ScriptEngine.run(ScriptEngine.java:183)
	at com.kms.katalon.core.main.ScriptEngine.runScriptAsRawText(ScriptEngine.java:108)
	at com.kms.katalon.core.main.TestCaseExecutor.runScript(TestCaseExecutor.java:294)
	at com.kms.katalon.core.main.TestCaseExecutor.doExecute(TestCaseExecutor.java:285)
	at com.kms.katalon.core.main.TestCaseExecutor.processExecutionPhase(TestCaseExecutor.java:264)
	at com.kms.katalon.core.main.TestCaseExecutor.accessMainPhase(TestCaseExecutor.java:256)
	at com.kms.katalon.core.main.TestCaseExecutor.execute(TestCaseExecutor.java:200)
	at com.kms.katalon.core.main.TestCaseMain.runTestCase(TestCaseMain.java:99)
	at com.kms.katalon.core.keyword.builtin.CallTestCaseKeyword$_callTestCase_closure1.doCall(CallTestCaseKeyword.groovy:60)
	at com.kms.katalon.core.keyword.builtin.CallTestCaseKeyword$_callTestCase_closure1.call(CallTestCaseKeyword.groovy)
	at com.kms.katalon.core.keyword.internal.KeywordMain.runKeyword(KeywordMain.groovy:54)
	at com.kms.katalon.core.keyword.builtin.CallTestCaseKeyword.callTestCase(CallTestCaseKeyword.groovy:81)
	at com.kms.katalon.core.keyword.builtin.CallTestCaseKeyword.execute(CallTestCaseKeyword.groovy:45)
	at com.kms.katalon.core.keyword.internal.KeywordExecutor.executeKeywordForPlatform(KeywordExecutor.groovy:53)
	at com.kms.katalon.core.keyword.BuiltinKeywords.callTestCase(BuiltinKeywords.groovy:334)
	at sun.reflect.GeneratedMethodAccessor13.invoke(Unknown Source)
	at sun.reflect.DelegatingMethodAccessorImpl.invoke(DelegatingMethodAccessorImpl.java:43)
	at java.lang.reflect.Method.invoke(Method.java:498)
	at org.codehaus.groovy.reflection.CachedMethod.invoke(CachedMethod.java:93)
	at groovy.lang.MetaMethod.doMethodInvoke(MetaMethod.java:325)
	at groovy.lang.MetaClassImpl.invokeStaticMethod(MetaClassImpl.java:1469)
	at org.codehaus.groovy.runtime.callsite.StaticMetaClassSite.call(StaticMetaClassSite.java:53)
	at org.codehaus.groovy.runtime.callsite.AbstractCallSite.call(AbstractCallSite.java:141)
	at Script1536051799273.run(Script1536051799273.groovy:28)
	at com.kms.katalon.core.main.ScriptEngine.run(ScriptEngine.java:183)
	at com.kms.katalon.core.main.ScriptEngine.runScriptAsRawText(ScriptEngine.java:108)
	at com.kms.katalon.core.main.TestCaseExecutor.runScript(TestCaseExecutor.java:294)
	at com.kms.katalon.core.main.TestCaseExecutor.doExecute(TestCaseExecutor.java:285)
	at com.kms.katalon.core.main.TestCaseExecutor.processExecutionPhase(TestCaseExecutor.java:264)
	at com.kms.katalon.core.main.TestCaseExecutor.accessMainPhase(TestCaseExecutor.java:256)
	at com.kms.katalon.core.main.TestCaseExecutor.execute(TestCaseExecutor.java:200)
	at com.kms.katalon.core.main.TestCaseMain.runTestCase(TestCaseMain.java:99)
	at com.kms.katalon.core.keyword.builtin.CallTestCaseKeyword$_callTestCase_closure1.doCall(CallTestCaseKeyword.groovy:60)
	at com.kms.katalon.core.keyword.builtin.CallTestCaseKeyword$_callTestCase_closure1.call(CallTestCaseKeyword.groovy)
	at com.kms.katalon.core.keyword.internal.KeywordMain.runKeyword(KeywordMain.groovy:54)
	at com.kms.katalon.core.keyword.builtin.CallTestCaseKeyword.callTestCase(CallTestCaseKeyword.groovy:81)
	at com.kms.katalon.core.keyword.builtin.CallTestCaseKeyword.execute(CallTestCaseKeyword.groovy:45)
	at com.kms.katalon.core.keyword.internal.KeywordExecutor.executeKeywordForPlatform(KeywordExecutor.groovy:53)
	at com.kms.katalon.core.keyword.BuiltinKeywords.callTestCase(BuiltinKeywords.groovy:334)
	at sun.reflect.GeneratedMethodAccessor13.invoke(Unknown Source)
	at sun.reflect.DelegatingMethodAccessorImpl.invoke(DelegatingMethodAccessorImpl.java:43)
	at java.lang.reflect.Method.invoke(Method.java:498)
	at org.codehaus.groovy.reflection.CachedMethod.invoke(CachedMethod.java:93)
	at groovy.lang.MetaMethod.doMethodInvoke(MetaMethod.java:325)
	at groovy.lang.MetaClassImpl.invokeStaticMethod(MetaClassImpl.java:1469)
	at org.codehaus.groovy.runtime.callsite.StaticMetaClassSite.call(StaticMetaClassSite.java:53)
	at org.codehaus.groovy.runtime.callsite.CallSiteArray.defaultCall(CallSiteArray.java:48)
	at org.codehaus.groovy.runtime.callsite.AbstractCallSite.call(AbstractCallSite.java:113)
	at org.codehaus.groovy.runtime.callsite.AbstractCallSite.call(AbstractCallSite.java:141)
	at Script1536307034674.run(Script1536307034674.groovy:15)
	at com.kms.katalon.core.main.ScriptEngine.run(ScriptEngine.java:183)
	at com.kms.katalon.core.main.ScriptEngine.runScriptAsRawText(ScriptEngine.java:108)
	at com.kms.katalon.core.main.TestCaseExecutor.runScript(TestCaseExecutor.java:294)
	at com.kms.katalon.core.main.TestCaseExecutor.doExecute(TestCaseExecutor.java:285)
	at com.kms.katalon.core.main.TestCaseExecutor.processExecutionPhase(TestCaseExecutor.java:264)
	at com.kms.katalon.core.main.TestCaseExecutor.accessMainPhase(TestCaseExecutor.java:256)
	at com.kms.katalon.core.main.TestCaseExecutor.execute(TestCaseExecutor.java:200)
	at com.kms.katalon.core.main.TestSuiteExecutor.accessTestCaseMainPhase(TestSuiteExecutor.java:129)
	at com.kms.katalon.core.main.TestSuiteExecutor.accessTestSuiteMainPhase(TestSuiteExecutor.java:112)
	at com.kms.katalon.core.main.TestSuiteExecutor.execute(TestSuiteExecutor.java:81)
	at com.kms.katalon.core.main.TestCaseMain.startTestSuite(TestCaseMain.java:142)
	at com.kms.katalon.core.main.TestCaseMain$startTestSuite$0.call(Unknown Source)
	at org.codehaus.groovy.runtime.callsite.CallSiteArray.defaultCall(CallSiteArray.java:48)
	at org.codehaus.groovy.runtime.callsite.AbstractCallSite.call(AbstractCallSite.java:113)
	at org.codehaus.groovy.runtime.callsite.AbstractCallSite.call(AbstractCallSite.java:141)
	at TempTestSuite1540012262067.run(TempTestSuite1540012262067.groovy:36)
	at groovy.lang.GroovyShell.runScriptOrMainOrTestOrRunnable(GroovyShell.java:263)
	at groovy.lang.GroovyShell.run(GroovyShell.java:518)
	at groovy.lang.GroovyShell.run(GroovyShell.java:507)
	at groovy.ui.GroovyMain.processOnce(GroovyMain.java:653)
	at groovy.ui.GroovyMain.run(GroovyMain.java:384)
	at groovy.ui.GroovyMain.process(GroovyMain.java:370)
	at groovy.ui.GroovyMain.processArgs(GroovyMain.java:129)
	at groovy.ui.GroovyMain.main(GroovyMain.java:109)
	at sun.reflect.NativeMethodAccessorImpl.invoke0(Native Method)
	at sun.reflect.NativeMethodAccessorImpl.invoke(NativeMethodAccessorImpl.java:62)
	at sun.reflect.DelegatingMethodAccessorImpl.invoke(DelegatingMethodAccessorImpl.java:43)
	at java.lang.reflect.Method.invoke(Method.java:498)
	at org.codehaus.groovy.tools.GroovyStarter.rootLoader(GroovyStarter.java:109)
	at org.codehaus.groovy.tools.GroovyStarter.main(GroovyStarter.java:131)
)"/>
         <system-out><![CDATA[2018-10-20 18:22:17 - [TEST_CASE][FAILED] - Test Cases/Final Aug 2018 - PKS Automation/Registration Module/Workflow/Update Add New Employee/Special Case (OTC - PKR BO -  RO Under Enforcement): Test Cases/Final Aug 2018 - PKS Automation/Registration Module/Workflow/Update Add New Employee/Special Case (OTC - PKR BO -  RO Under Enforcement) FAILED because (of) (Stack trace: com.kms.katalon.core.exception.StepFailedException: Unable to click on object 'Object Repository/Final Object Repo/New Registration - Registration Module Pages/Third Screen - Upload Supporting Doc- Preview/Select to Upload Borang SIP 2' (Root cause: org.openqa.selenium.WebDriverException: unknown error: Element <span>...</span> is not clickable at point (151, 567). Other element would receive the click: <li class="select2-results__option" id="select2-_newreg_WAR_registrationportlet_objdocTypeId-result-l2ii-134" role="treeitem" aria-selected="false">...</li>
  (Session info: chrome=69.0.3497.100)
  (Driver info: chromedriver=2.35.528161 (5b82f2d2aae0ca24b877009200ced9065a772e73),platform=Windows NT 6.1.7601 SP1 x86_64) (WARNING: The server did not provide any stacktrace information)
Command duration or timeout: 0 milliseconds
Build info: version: '3.7.1', revision: '8a0099a', time: '2017-11-06T21:07:36.161Z'
System info: host: 'WEIZHENG', ip: '192.168.137.1', os.name: 'Windows 7', os.arch: 'amd64', os.version: '6.1', java.version: '1.8.0_181'
Driver info: com.kms.katalon.selenium.driver.CChromeDriver
Capabilities {acceptInsecureCerts: false, acceptSslCerts: false, applicationCacheEnabled: false, browserConnectionEnabled: false, browserName: chrome, chrome: {chromedriverVersion: 2.35.528161 (5b82f2d2aae0ca..., userDataDir: C:\Users\WEIZHE~1\AppData\L...}, cssSelectorsEnabled: true, databaseEnabled: false, handlesAlerts: true, hasTouchScreen: false, javascriptEnabled: true, locationContextEnabled: true, mobileEmulationEnabled: false, nativeEvents: true, networkConnectionEnabled: false, pageLoadStrategy: normal, platform: XP, platformName: XP, rotatable: false, setWindowRect: true, takesHeapSnapshot: true, takesScreenshot: true, unexpectedAlertBehaviour: , unhandledPromptBehavior: , version: 69.0.3497.100, webStorageEnabled: true}
Session ID: 55da07fda6d4a959f752d9f1b06fe72a)
	at com.kms.katalon.core.keyword.internal.KeywordMain.stepFailed(KeywordMain.groovy:32)
	at com.kms.katalon.core.webui.keyword.internal.WebUIKeywordMain.stepFailed(WebUIKeywordMain.groovy:65)
	at com.kms.katalon.core.webui.keyword.internal.WebUIKeywordMain.runKeyword(WebUIKeywordMain.groovy:27)
	at com.kms.katalon.core.webui.keyword.builtin.ClickKeyword.click(ClickKeyword.groovy:86)
	at com.kms.katalon.core.webui.keyword.builtin.ClickKeyword.execute(ClickKeyword.groovy:67)
	at com.kms.katalon.core.keyword.internal.KeywordExecutor.executeKeywordForPlatform(KeywordExecutor.groovy:53)
	at com.kms.katalon.core.webui.keyword.WebUiBuiltInKeywords.click(WebUiBuiltInKeywords.groovy:616)
	at com.kms.katalon.core.webui.keyword.WebUiBuiltInKeywords$click$2.call(Unknown Source)
	at Script1534409664094.run(Script1534409664094.groovy:104)
	at com.kms.katalon.core.main.ScriptEngine.run(ScriptEngine.java:183)
	at com.kms.katalon.core.main.ScriptEngine.runScriptAsRawText(ScriptEngine.java:108)
	at com.kms.katalon.core.main.TestCaseExecutor.runScript(TestCaseExecutor.java:294)
	at com.kms.katalon.core.main.TestCaseExecutor.doExecute(TestCaseExecutor.java:285)
	at com.kms.katalon.core.main.TestCaseExecutor.processExecutionPhase(TestCaseExecutor.java:264)
	at com.kms.katalon.core.main.TestCaseExecutor.accessMainPhase(TestCaseExecutor.java:256)
	at com.kms.katalon.core.main.TestCaseExecutor.execute(TestCaseExecutor.java:200)
	at com.kms.katalon.core.main.TestCaseMain.runTestCase(TestCaseMain.java:99)
	at com.kms.katalon.core.keyword.builtin.CallTestCaseKeyword$_callTestCase_closure1.doCall(CallTestCaseKeyword.groovy:60)
	at com.kms.katalon.core.keyword.builtin.CallTestCaseKeyword$_callTestCase_closure1.call(CallTestCaseKeyword.groovy)
	at com.kms.katalon.core.keyword.internal.KeywordMain.runKeyword(KeywordMain.groovy:54)
	at com.kms.katalon.core.keyword.builtin.CallTestCaseKeyword.callTestCase(CallTestCaseKeyword.groovy:81)
	at com.kms.katalon.core.keyword.builtin.CallTestCaseKeyword.execute(CallTestCaseKeyword.groovy:45)
	at com.kms.katalon.core.keyword.internal.KeywordExecutor.executeKeywordForPlatform(KeywordExecutor.groovy:53)
	at com.kms.katalon.core.keyword.BuiltinKeywords.callTestCase(BuiltinKeywords.groovy:334)
	at sun.reflect.GeneratedMethodAccessor13.invoke(Unknown Source)
	at sun.reflect.DelegatingMethodAccessorImpl.invoke(DelegatingMethodAccessorImpl.java:43)
	at java.lang.reflect.Method.invoke(Method.java:498)
	at org.codehaus.groovy.reflection.CachedMethod.invoke(CachedMethod.java:93)
	at groovy.lang.MetaMethod.doMethodInvoke(MetaMethod.java:325)
	at groovy.lang.MetaClassImpl.invokeStaticMethod(MetaClassImpl.java:1469)
	at org.codehaus.groovy.runtime.callsite.StaticMetaClassSite.call(StaticMetaClassSite.java:53)
	at org.codehaus.groovy.runtime.callsite.AbstractCallSite.call(AbstractCallSite.java:141)
	at Script1536051799273.run(Script1536051799273.groovy:28)
	at com.kms.katalon.core.main.ScriptEngine.run(ScriptEngine.java:183)
	at com.kms.katalon.core.main.ScriptEngine.runScriptAsRawText(ScriptEngine.java:108)
	at com.kms.katalon.core.main.TestCaseExecutor.runScript(TestCaseExecutor.java:294)
	at com.kms.katalon.core.main.TestCaseExecutor.doExecute(TestCaseExecutor.java:285)
	at com.kms.katalon.core.main.TestCaseExecutor.processExecutionPhase(TestCaseExecutor.java:264)
	at com.kms.katalon.core.main.TestCaseExecutor.accessMainPhase(TestCaseExecutor.java:256)
	at com.kms.katalon.core.main.TestCaseExecutor.execute(TestCaseExecutor.java:200)
	at com.kms.katalon.core.main.TestCaseMain.runTestCase(TestCaseMain.java:99)
	at com.kms.katalon.core.keyword.builtin.CallTestCaseKeyword$_callTestCase_closure1.doCall(CallTestCaseKeyword.groovy:60)
	at com.kms.katalon.core.keyword.builtin.CallTestCaseKeyword$_callTestCase_closure1.call(CallTestCaseKeyword.groovy)
	at com.kms.katalon.core.keyword.internal.KeywordMain.runKeyword(KeywordMain.groovy:54)
	at com.kms.katalon.core.keyword.builtin.CallTestCaseKeyword.callTestCase(CallTestCaseKeyword.groovy:81)
	at com.kms.katalon.core.keyword.builtin.CallTestCaseKeyword.execute(CallTestCaseKeyword.groovy:45)
	at com.kms.katalon.core.keyword.internal.KeywordExecutor.executeKeywordForPlatform(KeywordExecutor.groovy:53)
	at com.kms.katalon.core.keyword.BuiltinKeywords.callTestCase(BuiltinKeywords.groovy:334)
	at sun.reflect.GeneratedMethodAccessor13.invoke(Unknown Source)
	at sun.reflect.DelegatingMethodAccessorImpl.invoke(DelegatingMethodAccessorImpl.java:43)
	at java.lang.reflect.Method.invoke(Method.java:498)
	at org.codehaus.groovy.reflection.CachedMethod.invoke(CachedMethod.java:93)
	at groovy.lang.MetaMethod.doMethodInvoke(MetaMethod.java:325)
	at groovy.lang.MetaClassImpl.invokeStaticMethod(MetaClassImpl.java:1469)
	at org.codehaus.groovy.runtime.callsite.StaticMetaClassSite.call(StaticMetaClassSite.java:53)
	at org.codehaus.groovy.runtime.callsite.CallSiteArray.defaultCall(CallSiteArray.java:48)
	at org.codehaus.groovy.runtime.callsite.AbstractCallSite.call(AbstractCallSite.java:113)
	at org.codehaus.groovy.runtime.callsite.AbstractCallSite.call(AbstractCallSite.java:141)
	at Script1536307034674.run(Script1536307034674.groovy:15)
	at com.kms.katalon.core.main.ScriptEngine.run(ScriptEngine.java:183)
	at com.kms.katalon.core.main.ScriptEngine.runScriptAsRawText(ScriptEngine.java:108)
	at com.kms.katalon.core.main.TestCaseExecutor.runScript(TestCaseExecutor.java:294)
	at com.kms.katalon.core.main.TestCaseExecutor.doExecute(TestCaseExecutor.java:285)
	at com.kms.katalon.core.main.TestCaseExecutor.processExecutionPhase(TestCaseExecutor.java:264)
	at com.kms.katalon.core.main.TestCaseExecutor.accessMainPhase(TestCaseExecutor.java:256)
	at com.kms.katalon.core.main.TestCaseExecutor.execute(TestCaseExecutor.java:200)
	at com.kms.katalon.core.main.TestSuiteExecutor.accessTestCaseMainPhase(TestSuiteExecutor.java:129)
	at com.kms.katalon.core.main.TestSuiteExecutor.accessTestSuiteMainPhase(TestSuiteExecutor.java:112)
	at com.kms.katalon.core.main.TestSuiteExecutor.execute(TestSuiteExecutor.java:81)
	at com.kms.katalon.core.main.TestCaseMain.startTestSuite(TestCaseMain.java:142)
	at com.kms.katalon.core.main.TestCaseMain$startTestSuite$0.call(Unknown Source)
	at org.codehaus.groovy.runtime.callsite.CallSiteArray.defaultCall(CallSiteArray.java:48)
	at org.codehaus.groovy.runtime.callsite.AbstractCallSite.call(AbstractCallSite.java:113)
	at org.codehaus.groovy.runtime.callsite.AbstractCallSite.call(AbstractCallSite.java:141)
	at TempTestSuite1540012262067.run(TempTestSuite1540012262067.groovy:36)
	at groovy.lang.GroovyShell.runScriptOrMainOrTestOrRunnable(GroovyShell.java:263)
	at groovy.lang.GroovyShell.run(GroovyShell.java:518)
	at groovy.lang.GroovyShell.run(GroovyShell.java:507)
	at groovy.ui.GroovyMain.processOnce(GroovyMain.java:653)
	at groovy.ui.GroovyMain.run(GroovyMain.java:384)
	at groovy.ui.GroovyMain.process(GroovyMain.java:370)
	at groovy.ui.GroovyMain.processArgs(GroovyMain.java:129)
	at groovy.ui.GroovyMain.main(GroovyMain.java:109)
	at sun.reflect.NativeMethodAccessorImpl.invoke0(Native Method)
	at sun.reflect.NativeMethodAccessorImpl.invoke(NativeMethodAccessorImpl.java:62)
	at sun.reflect.DelegatingMethodAccessorImpl.invoke(DelegatingMethodAccessorImpl.java:43)
	at java.lang.reflect.Method.invoke(Method.java:498)
	at org.codehaus.groovy.tools.GroovyStarter.rootLoader(GroovyStarter.java:109)
	at org.codehaus.groovy.tools.GroovyStarter.main(GroovyStarter.java:131)
)

2018-10-20 18:22:17 - [TEST_STEP][FAILED] - callTestCase: Unable to call Test Case with id 'Test Cases/Final Aug 2018 - PKS Automation/Registration Module/Workflow/Update Add New Employee/Template/New Company for Update Add New' (Root cause: Call Test Case 'Test Cases/Final Aug 2018 - PKS Automation/Registration Module/Workflow/Update Add New Employee/Template/New Company for Update Add New' failed)

2018-10-20 18:22:17 - [TEST_CASE][FAILED] - Test Cases/Final Aug 2018 - PKS Automation/Registration Module/Workflow/Update Add New Employee/Template/New Company for Update Add New: Test Cases/Final Aug 2018 - PKS Automation/Registration Module/Workflow/Update Add New Employee/Template/New Company for Update Add New FAILED because (of) (Stack trace: com.kms.katalon.core.exception.StepFailedException: Unable to click on object 'Object Repository/Final Object Repo/New Registration - Registration Module Pages/Third Screen - Upload Supporting Doc- Preview/Select to Upload Borang SIP 2' (Root cause: org.openqa.selenium.WebDriverException: unknown error: Element <span>...</span> is not clickable at point (151, 567). Other element would receive the click: <li class="select2-results__option" id="select2-_newreg_WAR_registrationportlet_objdocTypeId-result-l2ii-134" role="treeitem" aria-selected="false">...</li>
  (Session info: chrome=69.0.3497.100)
  (Driver info: chromedriver=2.35.528161 (5b82f2d2aae0ca24b877009200ced9065a772e73),platform=Windows NT 6.1.7601 SP1 x86_64) (WARNING: The server did not provide any stacktrace information)
Command duration or timeout: 0 milliseconds
Build info: version: '3.7.1', revision: '8a0099a', time: '2017-11-06T21:07:36.161Z'
System info: host: 'WEIZHENG', ip: '192.168.137.1', os.name: 'Windows 7', os.arch: 'amd64', os.version: '6.1', java.version: '1.8.0_181'
Driver info: com.kms.katalon.selenium.driver.CChromeDriver
Capabilities {acceptInsecureCerts: false, acceptSslCerts: false, applicationCacheEnabled: false, browserConnectionEnabled: false, browserName: chrome, chrome: {chromedriverVersion: 2.35.528161 (5b82f2d2aae0ca..., userDataDir: C:\Users\WEIZHE~1\AppData\L...}, cssSelectorsEnabled: true, databaseEnabled: false, handlesAlerts: true, hasTouchScreen: false, javascriptEnabled: true, locationContextEnabled: true, mobileEmulationEnabled: false, nativeEvents: true, networkConnectionEnabled: false, pageLoadStrategy: normal, platform: XP, platformName: XP, rotatable: false, setWindowRect: true, takesHeapSnapshot: true, takesScreenshot: true, unexpectedAlertBehaviour: , unhandledPromptBehavior: , version: 69.0.3497.100, webStorageEnabled: true}
Session ID: 55da07fda6d4a959f752d9f1b06fe72a)
	at com.kms.katalon.core.keyword.internal.KeywordMain.stepFailed(KeywordMain.groovy:32)
	at com.kms.katalon.core.webui.keyword.internal.WebUIKeywordMain.stepFailed(WebUIKeywordMain.groovy:65)
	at com.kms.katalon.core.webui.keyword.internal.WebUIKeywordMain.runKeyword(WebUIKeywordMain.groovy:27)
	at com.kms.katalon.core.webui.keyword.builtin.ClickKeyword.click(ClickKeyword.groovy:86)
	at com.kms.katalon.core.webui.keyword.builtin.ClickKeyword.execute(ClickKeyword.groovy:67)
	at com.kms.katalon.core.keyword.internal.KeywordExecutor.executeKeywordForPlatform(KeywordExecutor.groovy:53)
	at com.kms.katalon.core.webui.keyword.WebUiBuiltInKeywords.click(WebUiBuiltInKeywords.groovy:616)
	at com.kms.katalon.core.webui.keyword.WebUiBuiltInKeywords$click$2.call(Unknown Source)
	at Script1534409664094.run(Script1534409664094.groovy:104)
	at com.kms.katalon.core.main.ScriptEngine.run(ScriptEngine.java:183)
	at com.kms.katalon.core.main.ScriptEngine.runScriptAsRawText(ScriptEngine.java:108)
	at com.kms.katalon.core.main.TestCaseExecutor.runScript(TestCaseExecutor.java:294)
	at com.kms.katalon.core.main.TestCaseExecutor.doExecute(TestCaseExecutor.java:285)
	at com.kms.katalon.core.main.TestCaseExecutor.processExecutionPhase(TestCaseExecutor.java:264)
	at com.kms.katalon.core.main.TestCaseExecutor.accessMainPhase(TestCaseExecutor.java:256)
	at com.kms.katalon.core.main.TestCaseExecutor.execute(TestCaseExecutor.java:200)
	at com.kms.katalon.core.main.TestCaseMain.runTestCase(TestCaseMain.java:99)
	at com.kms.katalon.core.keyword.builtin.CallTestCaseKeyword$_callTestCase_closure1.doCall(CallTestCaseKeyword.groovy:60)
	at com.kms.katalon.core.keyword.builtin.CallTestCaseKeyword$_callTestCase_closure1.call(CallTestCaseKeyword.groovy)
	at com.kms.katalon.core.keyword.internal.KeywordMain.runKeyword(KeywordMain.groovy:54)
	at com.kms.katalon.core.keyword.builtin.CallTestCaseKeyword.callTestCase(CallTestCaseKeyword.groovy:81)
	at com.kms.katalon.core.keyword.builtin.CallTestCaseKeyword.execute(CallTestCaseKeyword.groovy:45)
	at com.kms.katalon.core.keyword.internal.KeywordExecutor.executeKeywordForPlatform(KeywordExecutor.groovy:53)
	at com.kms.katalon.core.keyword.BuiltinKeywords.callTestCase(BuiltinKeywords.groovy:334)
	at sun.reflect.GeneratedMethodAccessor13.invoke(Unknown Source)
	at sun.reflect.DelegatingMethodAccessorImpl.invoke(DelegatingMethodAccessorImpl.java:43)
	at java.lang.reflect.Method.invoke(Method.java:498)
	at org.codehaus.groovy.reflection.CachedMethod.invoke(CachedMethod.java:93)
	at groovy.lang.MetaMethod.doMethodInvoke(MetaMethod.java:325)
	at groovy.lang.MetaClassImpl.invokeStaticMethod(MetaClassImpl.java:1469)
	at org.codehaus.groovy.runtime.callsite.StaticMetaClassSite.call(StaticMetaClassSite.java:53)
	at org.codehaus.groovy.runtime.callsite.AbstractCallSite.call(AbstractCallSite.java:141)
	at Script1536051799273.run(Script1536051799273.groovy:28)
	at com.kms.katalon.core.main.ScriptEngine.run(ScriptEngine.java:183)
	at com.kms.katalon.core.main.ScriptEngine.runScriptAsRawText(ScriptEngine.java:108)
	at com.kms.katalon.core.main.TestCaseExecutor.runScript(TestCaseExecutor.java:294)
	at com.kms.katalon.core.main.TestCaseExecutor.doExecute(TestCaseExecutor.java:285)
	at com.kms.katalon.core.main.TestCaseExecutor.processExecutionPhase(TestCaseExecutor.java:264)
	at com.kms.katalon.core.main.TestCaseExecutor.accessMainPhase(TestCaseExecutor.java:256)
	at com.kms.katalon.core.main.TestCaseExecutor.execute(TestCaseExecutor.java:200)
	at com.kms.katalon.core.main.TestCaseMain.runTestCase(TestCaseMain.java:99)
	at com.kms.katalon.core.keyword.builtin.CallTestCaseKeyword$_callTestCase_closure1.doCall(CallTestCaseKeyword.groovy:60)
	at com.kms.katalon.core.keyword.builtin.CallTestCaseKeyword$_callTestCase_closure1.call(CallTestCaseKeyword.groovy)
	at com.kms.katalon.core.keyword.internal.KeywordMain.runKeyword(KeywordMain.groovy:54)
	at com.kms.katalon.core.keyword.builtin.CallTestCaseKeyword.callTestCase(CallTestCaseKeyword.groovy:81)
	at com.kms.katalon.core.keyword.builtin.CallTestCaseKeyword.execute(CallTestCaseKeyword.groovy:45)
	at com.kms.katalon.core.keyword.internal.KeywordExecutor.executeKeywordForPlatform(KeywordExecutor.groovy:53)
	at com.kms.katalon.core.keyword.BuiltinKeywords.callTestCase(BuiltinKeywords.groovy:334)
	at sun.reflect.GeneratedMethodAccessor13.invoke(Unknown Source)
	at sun.reflect.DelegatingMethodAccessorImpl.invoke(DelegatingMethodAccessorImpl.java:43)
	at java.lang.reflect.Method.invoke(Method.java:498)
	at org.codehaus.groovy.reflection.CachedMethod.invoke(CachedMethod.java:93)
	at groovy.lang.MetaMethod.doMethodInvoke(MetaMethod.java:325)
	at groovy.lang.MetaClassImpl.invokeStaticMethod(MetaClassImpl.java:1469)
	at org.codehaus.groovy.runtime.callsite.StaticMetaClassSite.call(StaticMetaClassSite.java:53)
	at org.codehaus.groovy.runtime.callsite.CallSiteArray.defaultCall(CallSiteArray.java:48)
	at org.codehaus.groovy.runtime.callsite.AbstractCallSite.call(AbstractCallSite.java:113)
	at org.codehaus.groovy.runtime.callsite.AbstractCallSite.call(AbstractCallSite.java:141)
	at Script1536307034674.run(Script1536307034674.groovy:15)
	at com.kms.katalon.core.main.ScriptEngine.run(ScriptEngine.java:183)
	at com.kms.katalon.core.main.ScriptEngine.runScriptAsRawText(ScriptEngine.java:108)
	at com.kms.katalon.core.main.TestCaseExecutor.runScript(TestCaseExecutor.java:294)
	at com.kms.katalon.core.main.TestCaseExecutor.doExecute(TestCaseExecutor.java:285)
	at com.kms.katalon.core.main.TestCaseExecutor.processExecutionPhase(TestCaseExecutor.java:264)
	at com.kms.katalon.core.main.TestCaseExecutor.accessMainPhase(TestCaseExecutor.java:256)
	at com.kms.katalon.core.main.TestCaseExecutor.execute(TestCaseExecutor.java:200)
	at com.kms.katalon.core.main.TestSuiteExecutor.accessTestCaseMainPhase(TestSuiteExecutor.java:129)
	at com.kms.katalon.core.main.TestSuiteExecutor.accessTestSuiteMainPhase(TestSuiteExecutor.java:112)
	at com.kms.katalon.core.main.TestSuiteExecutor.execute(TestSuiteExecutor.java:81)
	at com.kms.katalon.core.main.TestCaseMain.startTestSuite(TestCaseMain.java:142)
	at com.kms.katalon.core.main.TestCaseMain$startTestSuite$0.call(Unknown Source)
	at org.codehaus.groovy.runtime.callsite.CallSiteArray.defaultCall(CallSiteArray.java:48)
	at org.codehaus.groovy.runtime.callsite.AbstractCallSite.call(AbstractCallSite.java:113)
	at org.codehaus.groovy.runtime.callsite.AbstractCallSite.call(AbstractCallSite.java:141)
	at TempTestSuite1540012262067.run(TempTestSuite1540012262067.groovy:36)
	at groovy.lang.GroovyShell.runScriptOrMainOrTestOrRunnable(GroovyShell.java:263)
	at groovy.lang.GroovyShell.run(GroovyShell.java:518)
	at groovy.lang.GroovyShell.run(GroovyShell.java:507)
	at groovy.ui.GroovyMain.processOnce(GroovyMain.java:653)
	at groovy.ui.GroovyMain.run(GroovyMain.java:384)
	at groovy.ui.GroovyMain.process(GroovyMain.java:370)
	at groovy.ui.GroovyMain.processArgs(GroovyMain.java:129)
	at groovy.ui.GroovyMain.main(GroovyMain.java:109)
	at sun.reflect.NativeMethodAccessorImpl.invoke0(Native Method)
	at sun.reflect.NativeMethodAccessorImpl.invoke(NativeMethodAccessorImpl.java:62)
	at sun.reflect.DelegatingMethodAccessorImpl.invoke(DelegatingMethodAccessorImpl.java:43)
	at java.lang.reflect.Method.invoke(Method.java:498)
	at org.codehaus.groovy.tools.GroovyStarter.rootLoader(GroovyStarter.java:109)
	at org.codehaus.groovy.tools.GroovyStarter.main(GroovyStarter.java:131)
)

2018-10-20 18:22:17 - [TEST_STEP][PASSED] - callTestCase: Call Test Case 'Test Cases/Final Aug 2018 - PKS Automation/Registration Module/New Registration/Form 1/Form 1 - Corporation - BHD' successfully

2018-10-20 18:22:17 - [TEST_CASE][PASSED] - Test Cases/Final Aug 2018 - PKS Automation/Registration Module/New Registration/Form 1/Form 1 - Corporation - BHD: Test Cases/Final Aug 2018 - PKS Automation/Registration Module/New Registration/Form 1/Form 1 - Corporation - BHD

2018-10-20 18:22:17 - [TEST_STEP][PASSED] - openBrowser: Browser is opened with url: ''

2018-10-20 18:22:17 - [MESSAGE][WARNING] - A browser is already opened. Closing browser and opening a new one

2018-10-20 18:22:21 - [MESSAGE][PASSED] - Browser is opened with url: ''

2018-10-20 18:22:21 - [TEST_STEP][PASSED] - navigateToUrl: Navigate to 'https://assist2-uat.perkeso.gov.my/login' successfully

2018-10-20 18:22:23 - [MESSAGE][PASSED] - Navigate to 'https://assist2-uat.perkeso.gov.my/login' successfully

2018-10-20 18:22:23 - [TEST_STEP][PASSED] - setText: Text 'johorotc1@gmail.com' is set on object 'Object Repository/Final Object Repo/Login Page/Internal User/Email Address'

2018-10-20 18:22:24 - [MESSAGE][PASSED] - Text 'johorotc1@gmail.com' is set on object 'Object Repository/Final Object Repo/Login Page/Internal User/Email Address'

2018-10-20 18:22:24 - [TEST_STEP][PASSED] - click: Object: 'Object Repository/Final Object Repo/Login Page/Internal User/Next Button' is clicked on

2018-10-20 18:22:24 - [MESSAGE][PASSED] - Object: 'Object Repository/Final Object Repo/Login Page/Internal User/Next Button' is clicked on

2018-10-20 18:22:24 - [TEST_STEP][PASSED] - delay: Delayed 1 second(s)

2018-10-20 18:22:25 - [MESSAGE][PASSED] - Delayed 1 second(s)

2018-10-20 18:22:25 - [TEST_STEP][PASSED] - setEncryptedText: Text ****** has been set on object 'Object Repository/Final Object Repo/Login Page/Internal User/Password'

2018-10-20 18:22:25 - [MESSAGE][PASSED] - Text ****** has been set on object 'Object Repository/Final Object Repo/Login Page/Internal User/Password'

2018-10-20 18:22:25 - [TEST_STEP][PASSED] - click: Object: 'Object Repository/Final Object Repo/Login Page/Internal User/Login Button' is clicked on

2018-10-20 18:22:25 - [MESSAGE][PASSED] - Object: 'Object Repository/Final Object Repo/Login Page/Internal User/Login Button' is clicked on

2018-10-20 18:22:25 - [TEST_STEP][PASSED] - delay: Delayed 1 second(s)

2018-10-20 18:22:26 - [MESSAGE][PASSED] - Delayed 1 second(s)

2018-10-20 18:22:26 - [TEST_STEP][PASSED] - Statement - Try: Delayed 2 second(s)

2018-10-20 18:22:26 - [TEST_STEP][PASSED] - Statement - Checker = false: null

2018-10-20 18:22:26 - [TEST_STEP][PASSED] - Statement - Checker = com.kms.katalon.core.webui.keyword.WebUiBuiltInKeywords.verifyElementHasAttribute(com.kms.katalon.core.testobject.ObjectRepository.findTestObject(Final Object Repo/Landing Page/BM Detecting), "href", 20, OPTIONAL): Object 'Object Repository/Final Object Repo/Landing Page/BM Detecting' has attribute 'href'

2018-10-20 18:22:28 - [MESSAGE][PASSED] - Object 'Object Repository/Final Object Repo/Landing Page/BM Detecting' has attribute 'href'

2018-10-20 18:22:28 - [TEST_STEP][PASSED] - Statement - out.println(Checker): null

2018-10-20 18:22:28 - [TEST_STEP][PASSED] - Statement - If (Checker == false): null

2018-10-20 18:22:28 - [TEST_STEP][PASSED] - Statement - Else: null

2018-10-20 18:22:28 - [TEST_STEP][PASSED] - delay: Delayed 2 second(s)

2018-10-20 18:22:30 - [MESSAGE][PASSED] - Delayed 2 second(s)

2018-10-20 18:22:30 - [TEST_STEP][PASSED] - navigateToUrl: Navigate to 'https://assist2-uat.perkeso.gov.my/web/registration/registration' successfully

2018-10-20 18:22:32 - [MESSAGE][PASSED] - Navigate to 'https://assist2-uat.perkeso.gov.my/web/registration/registration' successfully

2018-10-20 18:22:32 - [TEST_STEP][PASSED] - click: Object: 'Object Repository/Final Object Repo/New Registration - Registration Module Pages/Form 1/AEC - No' is clicked on

2018-10-20 18:22:32 - [MESSAGE][PASSED] - Object: 'Object Repository/Final Object Repo/New Registration - Registration Module Pages/Form 1/AEC - No' is clicked on

2018-10-20 18:22:32 - [TEST_STEP][PASSED] - click: Object: 'Object Repository/Final Object Repo/New Registration - Registration Module Pages/Form 1/Business Entity' is clicked on

2018-10-20 18:22:32 - [MESSAGE][PASSED] - Object: 'Object Repository/Final Object Repo/New Registration - Registration Module Pages/Form 1/Business Entity' is clicked on

2018-10-20 18:22:32 - [TEST_STEP][PASSED] - click: Object: 'Object Repository/Final Object Repo/New Registration - Registration Module Pages/Form 1/Businees Entity - Corporation' is clicked on

2018-10-20 18:22:32 - [MESSAGE][PASSED] - Object: 'Object Repository/Final Object Repo/New Registration - Registration Module Pages/Form 1/Businees Entity - Corporation' is clicked on

2018-10-20 18:22:32 - [TEST_STEP][PASSED] - delay: Delayed 1 second(s)

2018-10-20 18:22:33 - [MESSAGE][PASSED] - Delayed 1 second(s)

2018-10-20 18:22:33 - [TEST_STEP][PASSED] - click: Object: 'Object Repository/Final Object Repo/New Registration - Registration Module Pages/Form 1/Sub Business Entity' is clicked on

2018-10-20 18:22:34 - [MESSAGE][PASSED] - Object: 'Object Repository/Final Object Repo/New Registration - Registration Module Pages/Form 1/Sub Business Entity' is clicked on

2018-10-20 18:22:34 - [TEST_STEP][PASSED] - click: Object: 'Object Repository/Final Object Repo/New Registration - Registration Module Pages/Form 1/Sub Business Entity - Berhad' is clicked on

2018-10-20 18:22:34 - [MESSAGE][PASSED] - Object: 'Object Repository/Final Object Repo/New Registration - Registration Module Pages/Form 1/Sub Business Entity - Berhad' is clicked on

2018-10-20 18:22:34 - [TEST_STEP][PASSED] - delay: Delayed 1 second(s)

2018-10-20 18:22:35 - [MESSAGE][PASSED] - Delayed 1 second(s)

2018-10-20 18:22:35 - [TEST_STEP][PASSED] - setText: Text '123' is set on object 'Object Repository/Final Object Repo/New Registration - Registration Module Pages/Form 1/Registration Number'

2018-10-20 18:22:35 - [MESSAGE][PASSED] - Text '123' is set on object 'Object Repository/Final Object Repo/New Registration - Registration Module Pages/Form 1/Registration Number'

2018-10-20 18:22:35 - [TEST_STEP][PASSED] - click: Object: 'Object Repository/Final Object Repo/New Registration - Registration Module Pages/Form 1/Registred with SSM - Before Feb' is clicked on

2018-10-20 18:22:35 - [MESSAGE][PASSED] - Object: 'Object Repository/Final Object Repo/New Registration - Registration Module Pages/Form 1/Registred with SSM - Before Feb' is clicked on

2018-10-20 18:22:35 - [TEST_STEP][PASSED] - click: Object: 'Object Repository/Final Object Repo/New Registration - Registration Module Pages/Form 1/Registered As a Branch - Yes' is clicked on

2018-10-20 18:22:35 - [MESSAGE][PASSED] - Object: 'Object Repository/Final Object Repo/New Registration - Registration Module Pages/Form 1/Registered As a Branch - Yes' is clicked on

2018-10-20 18:22:35 - [TEST_STEP][PASSED] - click: Object: 'Object Repository/Final Object Repo/New Registration - Registration Module Pages/Form 1/Acknowledgement' is clicked on

2018-10-20 18:22:35 - [MESSAGE][PASSED] - Object: 'Object Repository/Final Object Repo/New Registration - Registration Module Pages/Form 1/Acknowledgement' is clicked on

2018-10-20 18:22:35 - [TEST_STEP][PASSED] - setText: Text 'perkeso' is set on object 'Object Repository/Final Object Repo/New Registration - Registration Module Pages/Form 1/Industry name'

2018-10-20 18:22:36 - [MESSAGE][PASSED] - Text 'perkeso' is set on object 'Object Repository/Final Object Repo/New Registration - Registration Module Pages/Form 1/Industry name'

2018-10-20 18:22:36 - [TEST_STEP][PASSED] - setText: Text 'perkeso1' is set on object 'Object Repository/Final Object Repo/New Registration - Registration Module Pages/Form 1/Postal Address1'

2018-10-20 18:22:36 - [MESSAGE][PASSED] - Text 'perkeso1' is set on object 'Object Repository/Final Object Repo/New Registration - Registration Module Pages/Form 1/Postal Address1'

2018-10-20 18:22:36 - [TEST_STEP][PASSED] - setText: Text 'perkeso2' is set on object 'Object Repository/Final Object Repo/New Registration - Registration Module Pages/Form 1/Postal Address2'

2018-10-20 18:22:36 - [MESSAGE][PASSED] - Text 'perkeso2' is set on object 'Object Repository/Final Object Repo/New Registration - Registration Module Pages/Form 1/Postal Address2'

2018-10-20 18:22:36 - [TEST_STEP][PASSED] - setText: Text 'perkeso3' is set on object 'Object Repository/Final Object Repo/New Registration - Registration Module Pages/Form 1/Postal Address3'

2018-10-20 18:22:36 - [MESSAGE][PASSED] - Text 'perkeso3' is set on object 'Object Repository/Final Object Repo/New Registration - Registration Module Pages/Form 1/Postal Address3'

2018-10-20 18:22:36 - [TEST_STEP][PASSED] - click: Object: 'Object Repository/Final Object Repo/New Registration - Registration Module Pages/Form 1/State' is clicked on

2018-10-20 18:22:37 - [MESSAGE][PASSED] - Object: 'Object Repository/Final Object Repo/New Registration - Registration Module Pages/Form 1/State' is clicked on

2018-10-20 18:22:37 - [TEST_STEP][PASSED] - click: Object: 'Object Repository/Final Object Repo/New Registration - Registration Module Pages/Form 1/State - Johor' is clicked on

2018-10-20 18:22:37 - [MESSAGE][PASSED] - Object: 'Object Repository/Final Object Repo/New Registration - Registration Module Pages/Form 1/State - Johor' is clicked on

2018-10-20 18:22:37 - [TEST_STEP][PASSED] - delay: Delayed 1 second(s)

2018-10-20 18:22:38 - [MESSAGE][PASSED] - Delayed 1 second(s)

2018-10-20 18:22:38 - [TEST_STEP][PASSED] - click: Object: 'Object Repository/Final Object Repo/New Registration - Registration Module Pages/Form 1/City' is clicked on

2018-10-20 18:22:38 - [MESSAGE][PASSED] - Object: 'Object Repository/Final Object Repo/New Registration - Registration Module Pages/Form 1/City' is clicked on

2018-10-20 18:22:38 - [TEST_STEP][PASSED] - setText: Text 'joh' is set on object 'Object Repository/Final Object Repo/New Registration - Registration Module Pages/Form 1/Postcode - 810'

2018-10-20 18:22:38 - [MESSAGE][PASSED] - Text 'joh' is set on object 'Object Repository/Final Object Repo/New Registration - Registration Module Pages/Form 1/Postcode - 810'

2018-10-20 18:22:38 - [TEST_STEP][PASSED] - delay: Delayed 1 second(s)

2018-10-20 18:22:39 - [MESSAGE][PASSED] - Delayed 1 second(s)

2018-10-20 18:22:39 - [TEST_STEP][PASSED] - click: Object: 'Object Repository/Final Object Repo/New Registration - Registration Module Pages/Form 1/City - Johor Bharu' is clicked on

2018-10-20 18:22:39 - [MESSAGE][PASSED] - Object: 'Object Repository/Final Object Repo/New Registration - Registration Module Pages/Form 1/City - Johor Bharu' is clicked on

2018-10-20 18:22:39 - [TEST_STEP][PASSED] - delay: Delayed 1 second(s)

2018-10-20 18:22:40 - [MESSAGE][PASSED] - Delayed 1 second(s)

2018-10-20 18:22:40 - [TEST_STEP][PASSED] - click: Object: 'Object Repository/Final Object Repo/New Registration - Registration Module Pages/Form 1/Postcode' is clicked on

2018-10-20 18:22:40 - [MESSAGE][PASSED] - Object: 'Object Repository/Final Object Repo/New Registration - Registration Module Pages/Form 1/Postcode' is clicked on

2018-10-20 18:22:40 - [TEST_STEP][PASSED] - delay: Delayed 1 second(s)

2018-10-20 18:22:41 - [MESSAGE][PASSED] - Delayed 1 second(s)

2018-10-20 18:22:41 - [TEST_STEP][PASSED] - setText: Text '810' is set on object 'Object Repository/Final Object Repo/New Registration - Registration Module Pages/Form 1/Postcode - 810'

2018-10-20 18:22:42 - [MESSAGE][PASSED] - Text '810' is set on object 'Object Repository/Final Object Repo/New Registration - Registration Module Pages/Form 1/Postcode - 810'

2018-10-20 18:22:42 - [TEST_STEP][PASSED] - delay: Delayed 3 second(s)

2018-10-20 18:22:45 - [MESSAGE][PASSED] - Delayed 3 second(s)

2018-10-20 18:22:45 - [TEST_STEP][PASSED] - click: Object: 'Object Repository/Final Object Repo/New Registration - Registration Module Pages/Form 1/Postcode - 81000' is clicked on

2018-10-20 18:22:45 - [MESSAGE][PASSED] - Object: 'Object Repository/Final Object Repo/New Registration - Registration Module Pages/Form 1/Postcode - 81000' is clicked on

2018-10-20 18:22:45 - [TEST_STEP][PASSED] - delay: Delayed 1 second(s)

2018-10-20 18:22:46 - [MESSAGE][PASSED] - Delayed 1 second(s)

2018-10-20 18:22:46 - [TEST_STEP][PASSED] - setText: Text '100' is set on object 'Object Repository/Final Object Repo/New Registration - Registration Module Pages/Form 1/P.O.BOX'

2018-10-20 18:22:46 - [MESSAGE][PASSED] - Text '100' is set on object 'Object Repository/Final Object Repo/New Registration - Registration Module Pages/Form 1/P.O.BOX'

2018-10-20 18:22:46 - [TEST_STEP][PASSED] - setText: Text '100' is set on object 'Object Repository/Final Object Repo/New Registration - Registration Module Pages/Form 1/Locked Bag No'

2018-10-20 18:22:46 - [MESSAGE][PASSED] - Text '100' is set on object 'Object Repository/Final Object Repo/New Registration - Registration Module Pages/Form 1/Locked Bag No'

2018-10-20 18:22:46 - [TEST_STEP][PASSED] - click: Object: 'Object Repository/Final Object Repo/New Registration - Registration Module Pages/Form 1/SOCSO Office Location' is clicked on

2018-10-20 18:22:46 - [MESSAGE][PASSED] - Object: 'Object Repository/Final Object Repo/New Registration - Registration Module Pages/Form 1/SOCSO Office Location' is clicked on

2018-10-20 18:22:46 - [TEST_STEP][PASSED] - click: Object: 'Object Repository/Final Object Repo/New Registration - Registration Module Pages/Form 1/SOCSO Office Location - Pejabat PERKESO Negeri Johor' is clicked on

2018-10-20 18:22:47 - [MESSAGE][PASSED] - Object: 'Object Repository/Final Object Repo/New Registration - Registration Module Pages/Form 1/SOCSO Office Location - Pejabat PERKESO Negeri Johor' is clicked on

2018-10-20 18:22:47 - [TEST_STEP][PASSED] - delay: Delayed 1 second(s)

2018-10-20 18:22:48 - [MESSAGE][PASSED] - Delayed 1 second(s)

2018-10-20 18:22:48 - [TEST_STEP][PASSED] - check: Object 'Object Repository/Final Object Repo/New Registration - Registration Module Pages/Form 1/Indusrty Address Same As Postal Address' is checked

2018-10-20 18:22:48 - [MESSAGE][PASSED] - Object 'Object Repository/Final Object Repo/New Registration - Registration Module Pages/Form 1/Indusrty Address Same As Postal Address' is checked

2018-10-20 18:22:48 - [TEST_STEP][PASSED] - delay: Delayed 3 second(s)

2018-10-20 18:22:51 - [MESSAGE][PASSED] - Delayed 3 second(s)

2018-10-20 18:22:51 - [TEST_STEP][PASSED] - click: Object: 'Object Repository/Final Object Repo/New Registration - Registration Module Pages/Form 1/Indusry Address Same As Postal Address False' is clicked on

2018-10-20 18:22:51 - [MESSAGE][PASSED] - Object: 'Object Repository/Final Object Repo/New Registration - Registration Module Pages/Form 1/Indusry Address Same As Postal Address False' is clicked on

2018-10-20 18:22:51 - [TEST_STEP][PASSED] - delay: Delayed 1 second(s)

2018-10-20 18:22:52 - [MESSAGE][PASSED] - Delayed 1 second(s)

2018-10-20 18:22:52 - [TEST_STEP][PASSED] - setText: Text 'perkeso1' is set on object 'Object Repository/Final Object Repo/New Registration - Registration Module Pages/Form 1/Industry Address1'

2018-10-20 18:22:52 - [MESSAGE][PASSED] - Text 'perkeso1' is set on object 'Object Repository/Final Object Repo/New Registration - Registration Module Pages/Form 1/Industry Address1'

2018-10-20 18:22:52 - [TEST_STEP][PASSED] - setText: Text 'perkeso2' is set on object 'Object Repository/Final Object Repo/New Registration - Registration Module Pages/Form 1/Industry Address2'

2018-10-20 18:22:53 - [MESSAGE][PASSED] - Text 'perkeso2' is set on object 'Object Repository/Final Object Repo/New Registration - Registration Module Pages/Form 1/Industry Address2'

2018-10-20 18:22:53 - [TEST_STEP][PASSED] - setText: Text 'perkeso3' is set on object 'Object Repository/Final Object Repo/New Registration - Registration Module Pages/Form 1/Industry Address3'

2018-10-20 18:22:53 - [MESSAGE][PASSED] - Text 'perkeso3' is set on object 'Object Repository/Final Object Repo/New Registration - Registration Module Pages/Form 1/Industry Address3'

2018-10-20 18:22:53 - [TEST_STEP][PASSED] - click: Object: 'Object Repository/Final Object Repo/New Registration - Registration Module Pages/Form 1/Industry State' is clicked on

2018-10-20 18:22:53 - [MESSAGE][PASSED] - Object: 'Object Repository/Final Object Repo/New Registration - Registration Module Pages/Form 1/Industry State' is clicked on

2018-10-20 18:22:53 - [TEST_STEP][PASSED] - delay: Delayed 2 second(s)

2018-10-20 18:22:55 - [MESSAGE][PASSED] - Delayed 2 second(s)

2018-10-20 18:22:55 - [TEST_STEP][PASSED] - click: Object: 'Object Repository/Final Object Repo/New Registration - Registration Module Pages/Form 1/Industry State - Johor' is clicked on

2018-10-20 18:22:55 - [MESSAGE][PASSED] - Object: 'Object Repository/Final Object Repo/New Registration - Registration Module Pages/Form 1/Industry State - Johor' is clicked on

2018-10-20 18:22:55 - [TEST_STEP][PASSED] - delay: Delayed 2 second(s)

2018-10-20 18:22:57 - [MESSAGE][PASSED] - Delayed 2 second(s)

2018-10-20 18:22:57 - [TEST_STEP][PASSED] - click: Object: 'Object Repository/Final Object Repo/New Registration - Registration Module Pages/Form 1/Industry Ciry' is clicked on

2018-10-20 18:22:57 - [MESSAGE][PASSED] - Object: 'Object Repository/Final Object Repo/New Registration - Registration Module Pages/Form 1/Industry Ciry' is clicked on

2018-10-20 18:22:57 - [TEST_STEP][PASSED] - setText: Text 'joh' is set on object 'Object Repository/Final Object Repo/New Registration - Registration Module Pages/Form 1/Industry Ciry - joh'

2018-10-20 18:22:58 - [MESSAGE][PASSED] - Text 'joh' is set on object 'Object Repository/Final Object Repo/New Registration - Registration Module Pages/Form 1/Industry Ciry - joh'

2018-10-20 18:22:58 - [TEST_STEP][PASSED] - delay: Delayed 2 second(s)

2018-10-20 18:23:00 - [MESSAGE][PASSED] - Delayed 2 second(s)

2018-10-20 18:23:00 - [TEST_STEP][PASSED] - click: Object: 'Object Repository/Final Object Repo/New Registration - Registration Module Pages/Form 1/Industy State - Johor Bharu' is clicked on

2018-10-20 18:23:00 - [MESSAGE][PASSED] - Object: 'Object Repository/Final Object Repo/New Registration - Registration Module Pages/Form 1/Industy State - Johor Bharu' is clicked on

2018-10-20 18:23:00 - [TEST_STEP][PASSED] - delay: Delayed 1 second(s)

2018-10-20 18:23:01 - [MESSAGE][PASSED] - Delayed 1 second(s)

2018-10-20 18:23:01 - [TEST_STEP][PASSED] - click: Object: 'Object Repository/Final Object Repo/New Registration - Registration Module Pages/Form 1/Indusry PostCode' is clicked on

2018-10-20 18:23:01 - [MESSAGE][PASSED] - Object: 'Object Repository/Final Object Repo/New Registration - Registration Module Pages/Form 1/Indusry PostCode' is clicked on

2018-10-20 18:23:01 - [TEST_STEP][PASSED] - delay: Delayed 1 second(s)

2018-10-20 18:23:02 - [MESSAGE][PASSED] - Delayed 1 second(s)

2018-10-20 18:23:02 - [TEST_STEP][PASSED] - setText: Text '810' is set on object 'Object Repository/Final Object Repo/New Registration - Registration Module Pages/Form 1/Insutry Post Code - 810'

2018-10-20 18:23:02 - [MESSAGE][PASSED] - Text '810' is set on object 'Object Repository/Final Object Repo/New Registration - Registration Module Pages/Form 1/Insutry Post Code - 810'

2018-10-20 18:23:02 - [TEST_STEP][PASSED] - delay: Delayed 1 second(s)

2018-10-20 18:23:03 - [MESSAGE][PASSED] - Delayed 1 second(s)

2018-10-20 18:23:03 - [TEST_STEP][PASSED] - click: Object: 'Object Repository/Final Object Repo/New Registration - Registration Module Pages/Form 1/Insutry Post Code - 81000' is clicked on

2018-10-20 18:23:03 - [MESSAGE][PASSED] - Object: 'Object Repository/Final Object Repo/New Registration - Registration Module Pages/Form 1/Insutry Post Code - 81000' is clicked on

2018-10-20 18:23:03 - [TEST_STEP][PASSED] - delay: Delayed 1 second(s)

2018-10-20 18:23:04 - [MESSAGE][PASSED] - Delayed 1 second(s)

2018-10-20 18:23:04 - [TEST_STEP][PASSED] - setText: Text '100' is set on object 'Object Repository/Final Object Repo/New Registration - Registration Module Pages/Form 1/Industry P.O.BOX'

2018-10-20 18:23:05 - [MESSAGE][PASSED] - Text '100' is set on object 'Object Repository/Final Object Repo/New Registration - Registration Module Pages/Form 1/Industry P.O.BOX'

2018-10-20 18:23:05 - [TEST_STEP][PASSED] - setText: Text '100' is set on object 'Object Repository/Final Object Repo/New Registration - Registration Module Pages/Form 1/Industry Locked Bag No'

2018-10-20 18:23:05 - [MESSAGE][PASSED] - Text '100' is set on object 'Object Repository/Final Object Repo/New Registration - Registration Module Pages/Form 1/Industry Locked Bag No'

2018-10-20 18:23:05 - [TEST_STEP][PASSED] - setText: Text '123456789' is set on object 'Object Repository/Final Object Repo/New Registration - Registration Module Pages/Form 1/Telephone No'

2018-10-20 18:23:05 - [MESSAGE][PASSED] - Text '123456789' is set on object 'Object Repository/Final Object Repo/New Registration - Registration Module Pages/Form 1/Telephone No'

2018-10-20 18:23:05 - [TEST_STEP][PASSED] - setText: Text '123456789' is set on object 'Object Repository/Final Object Repo/New Registration - Registration Module Pages/Form 1/Mobile No'

2018-10-20 18:23:05 - [MESSAGE][PASSED] - Text '123456789' is set on object 'Object Repository/Final Object Repo/New Registration - Registration Module Pages/Form 1/Mobile No'

2018-10-20 18:23:05 - [TEST_STEP][PASSED] - setText: Text '123456789' is set on object 'Object Repository/Final Object Repo/New Registration - Registration Module Pages/Form 1/Fax No'

2018-10-20 18:23:06 - [MESSAGE][PASSED] - Text '123456789' is set on object 'Object Repository/Final Object Repo/New Registration - Registration Module Pages/Form 1/Fax No'

2018-10-20 18:23:06 - [TEST_STEP][PASSED] - click: Object: 'Object Repository/Final Object Repo/New Registration - Registration Module Pages/Form 1/Industry Code' is clicked on

2018-10-20 18:23:06 - [MESSAGE][PASSED] - Object: 'Object Repository/Final Object Repo/New Registration - Registration Module Pages/Form 1/Industry Code' is clicked on

2018-10-20 18:23:06 - [TEST_STEP][PASSED] - click: Object: 'Object Repository/Final Object Repo/New Registration - Registration Module Pages/Form 1/Indudustry Code - Crops and Animal' is clicked on

2018-10-20 18:23:06 - [MESSAGE][PASSED] - Object: 'Object Repository/Final Object Repo/New Registration - Registration Module Pages/Form 1/Indudustry Code - Crops and Animal' is clicked on

2018-10-20 18:23:06 - [TEST_STEP][PASSED] - delay: Delayed 1 second(s)

2018-10-20 18:23:07 - [MESSAGE][PASSED] - Delayed 1 second(s)

2018-10-20 18:23:07 - [TEST_STEP][PASSED] - click: Object: 'Object Repository/Final Object Repo/New Registration - Registration Module Pages/Form 1/Sub Industry Code List' is clicked on

2018-10-20 18:23:07 - [MESSAGE][PASSED] - Object: 'Object Repository/Final Object Repo/New Registration - Registration Module Pages/Form 1/Sub Industry Code List' is clicked on

2018-10-20 18:23:07 - [TEST_STEP][PASSED] - click: Object: 'Object Repository/Final Object Repo/New Registration - Registration Module Pages/Form 1/Sub Industry Code List - Growing of Maize' is clicked on

2018-10-20 18:23:07 - [MESSAGE][PASSED] - Object: 'Object Repository/Final Object Repo/New Registration - Registration Module Pages/Form 1/Sub Industry Code List - Growing of Maize' is clicked on

2018-10-20 18:23:07 - [TEST_STEP][PASSED] - setText: Text 'perkeso123@gmail.com' is set on object 'Object Repository/Final Object Repo/New Registration - Registration Module Pages/Form 1/Email'

2018-10-20 18:23:08 - [MESSAGE][PASSED] - Text 'perkeso123@gmail.com' is set on object 'Object Repository/Final Object Repo/New Registration - Registration Module Pages/Form 1/Email'

2018-10-20 18:23:08 - [TEST_STEP][PASSED] - click: Object: 'Object Repository/Final Object Repo/New Registration - Registration Module Pages/Form 1/Method of Contribution Payment' is clicked on

2018-10-20 18:23:08 - [MESSAGE][PASSED] - Object: 'Object Repository/Final Object Repo/New Registration - Registration Module Pages/Form 1/Method of Contribution Payment' is clicked on

2018-10-20 18:23:08 - [TEST_STEP][PASSED] - click: Object: 'Object Repository/Final Object Repo/New Registration - Registration Module Pages/Form 1/Method of Contribution Payment - Portal' is clicked on

2018-10-20 18:23:08 - [MESSAGE][PASSED] - Object: 'Object Repository/Final Object Repo/New Registration - Registration Module Pages/Form 1/Method of Contribution Payment - Portal' is clicked on

2018-10-20 18:23:08 - [TEST_STEP][PASSED] - click: Object: 'Object Repository/Final Object Repo/New Registration - Registration Module Pages/Form 1/Servide Type' is clicked on

2018-10-20 18:23:08 - [MESSAGE][PASSED] - Object: 'Object Repository/Final Object Repo/New Registration - Registration Module Pages/Form 1/Servide Type' is clicked on

2018-10-20 18:23:08 - [TEST_STEP][PASSED] - click: Object: 'Object Repository/Final Object Repo/New Registration - Registration Module Pages/Form 1/Servide Type - Professional Bodies' is clicked on

2018-10-20 18:23:08 - [MESSAGE][PASSED] - Object: 'Object Repository/Final Object Repo/New Registration - Registration Module Pages/Form 1/Servide Type - Professional Bodies' is clicked on

2018-10-20 18:23:08 - [TEST_STEP][PASSED] - click: Object: 'Object Repository/Final Object Repo/New Registration - Registration Module Pages/Form 1/Industry Venue' is clicked on

2018-10-20 18:23:08 - [MESSAGE][PASSED] - Object: 'Object Repository/Final Object Repo/New Registration - Registration Module Pages/Form 1/Industry Venue' is clicked on

2018-10-20 18:23:08 - [TEST_STEP][PASSED] - click: Object: 'Object Repository/Final Object Repo/New Registration - Registration Module Pages/Form 1/Industry Venue -  PPN JOHOR' is clicked on

2018-10-20 18:23:09 - [MESSAGE][PASSED] - Object: 'Object Repository/Final Object Repo/New Registration - Registration Module Pages/Form 1/Industry Venue -  PPN JOHOR' is clicked on

2018-10-20 18:23:09 - [TEST_STEP][PASSED] - click: Object: 'Object Repository/Final Object Repo/New Registration - Registration Module Pages/Form 1/Save  Continue' is clicked on

2018-10-20 18:23:09 - [MESSAGE][PASSED] - Object: 'Object Repository/Final Object Repo/New Registration - Registration Module Pages/Form 1/Save  Continue' is clicked on

2018-10-20 18:23:09 - [MESSAGE][PASSED] - Call Test Case 'Test Cases/Final Aug 2018 - PKS Automation/Registration Module/New Registration/Form 1/Form 1 - Corporation - BHD' successfully

2018-10-20 18:23:09 - [TEST_STEP][PASSED] - callTestCase: Call Test Case 'Test Cases/Final Aug 2018 - PKS Automation/Registration Module/New Registration/Form 2/Add 1 Eligible' successfully

2018-10-20 18:23:09 - [TEST_CASE][PASSED] - Test Cases/Final Aug 2018 - PKS Automation/Registration Module/New Registration/Form 2/Add 1 Eligible: Test Cases/Final Aug 2018 - PKS Automation/Registration Module/New Registration/Form 2/Add 1 Eligible

2018-10-20 18:23:09 - [TEST_STEP][PASSED] - delay: Delayed 2 second(s)

2018-10-20 18:23:11 - [MESSAGE][PASSED] - Delayed 2 second(s)

2018-10-20 18:23:11 - [TEST_STEP][PASSED] - callTestCase: Call Test Case 'Test Cases/Final Aug 2018 - PKS Automation/Registration Module/New Registration/Form 2/Date Updater' successfully

2018-10-20 18:23:11 - [TEST_CASE][PASSED] - Test Cases/Final Aug 2018 - PKS Automation/Registration Module/New Registration/Form 2/Date Updater: Test Cases/Final Aug 2018 - PKS Automation/Registration Module/New Registration/Form 2/Date Updater

2018-10-20 18:23:11 - [TEST_STEP][PASSED] - Statement - TodayDate = new java.util.Date(): null

2018-10-20 18:23:11 - [TEST_STEP][PASSED] - Statement - CurrentDateNoFilter = new java.text.SimpleDateFormat(): null

2018-10-20 18:23:11 - [TEST_STEP][PASSED] - Statement - CurrentDateNoFilter.applyPattern("dd"): null

2018-10-20 18:23:11 - [TEST_STEP][PASSED] - Statement - CurrentDate = CurrentDateNoFilter.format(TodayDate): null

2018-10-20 18:23:11 - [TEST_STEP][PASSED] - Statement - CurrentDate = java.lang.Integer.parseInt(CurrentDate): null

2018-10-20 18:23:11 - [TEST_STEP][PASSED] - Statement - CurrentDate = CurrentDate: null

2018-10-20 18:23:11 - [TEST_STEP][PASSED] - Statement - CurrentDay = java.lang.Integer.parseInt(CurrentDate): null

2018-10-20 18:23:11 - [TEST_STEP][PASSED] - Statement - aDayBefore = CurrentDay + 1: null

2018-10-20 18:23:11 - [TEST_STEP][PASSED] - Statement - DayBefore = aDayBefore.toString(): null

2018-10-20 18:23:11 - [TEST_STEP][PASSED] - Statement - OneDayBefore = DayBefore: null

2018-10-20 18:23:11 - [TEST_STEP][PASSED] - Statement - CurrentDateNoFilter.applyPattern("MM"): null

2018-10-20 18:23:11 - [TEST_STEP][PASSED] - Statement - monthContainerMatcher = java.lang.Integer.parseInt(CurrentDateNoFilter.format(TodayDate)): null

2018-10-20 18:23:11 - [TEST_STEP][PASSED] - Statement - monthContainerMatcher = monthContainerMatcher - 1: null

2018-10-20 18:23:11 - [TEST_STEP][PASSED] - Statement - CurrentMonth = monthContainerMatcher.toString(): null

2018-10-20 18:23:11 - [TEST_STEP][PASSED] - Statement - CurrentMonth = CurrentMonth: null

2018-10-20 18:23:11 - [TEST_STEP][PASSED] - Statement - CurrentDateNoFilter.applyPattern("yyyy"): null

2018-10-20 18:23:11 - [TEST_STEP][PASSED] - Statement - CurrentYear = CurrentDateNoFilter.format(TodayDate): null

2018-10-20 18:23:11 - [TEST_STEP][PASSED] - Statement - CurrentYear = CurrentYear: null

2018-10-20 18:23:11 - [TEST_STEP][PASSED] - Statement - intCurrentYear = java.lang.Integer.parseInt(CurrentDateNoFilter.format(TodayDate)): null

2018-10-20 18:23:11 - [TEST_STEP][PASSED] - Statement - eighteenYrsAgo = intCurrentYear - 18: null

2018-10-20 18:23:11 - [TEST_STEP][PASSED] - Statement - eighteenYrsBeforeThisYr = eighteenYrsAgo.toString(): null

2018-10-20 18:23:11 - [TEST_STEP][PASSED] - Statement - EighteenYrsBefore = eighteenYrsBeforeThisYr: null

2018-10-20 18:23:11 - [TEST_STEP][PASSED] - Statement - fiftysevenYrsAgo = intCurrentYear - 57: null

2018-10-20 18:23:11 - [TEST_STEP][PASSED] - Statement - fiftysevenYrsBeforeThisYr = fiftysevenYrsAgo.toString(): null

2018-10-20 18:23:11 - [TEST_STEP][PASSED] - Statement - FiftysevenYrsBefore = fiftysevenYrsBeforeThisYr: null

2018-10-20 18:23:11 - [MESSAGE][PASSED] - Call Test Case 'Test Cases/Final Aug 2018 - PKS Automation/Registration Module/New Registration/Form 2/Date Updater' successfully

2018-10-20 18:23:11 - [TEST_STEP][PASSED] - delay: Delayed 1 second(s)

2018-10-20 18:23:12 - [MESSAGE][PASSED] - Delayed 1 second(s)

2018-10-20 18:23:12 - [TEST_STEP][PASSED] - Statement - CaseReferenceNo = com.kms.katalon.core.webui.keyword.WebUiBuiltInKeywords.getText(com.kms.katalon.core.testobject.ObjectRepository.findTestObject(Final Object Repo/New Registration - Registration Module Pages/Form 2/RefNo Acquiring)): Text of object 'Object Repository/Final Object Repo/New Registration - Registration Module Pages/Form 2/RefNo Acquiring' is: 'CRN10201800122307'

2018-10-20 18:23:12 - [MESSAGE][PASSED] - Text of object 'Object Repository/Final Object Repo/New Registration - Registration Module Pages/Form 2/RefNo Acquiring' is: 'CRN10201800122307'

2018-10-20 18:23:12 - [TEST_STEP][PASSED] - delay: Delayed 1 second(s)

2018-10-20 18:23:13 - [MESSAGE][PASSED] - Delayed 1 second(s)

2018-10-20 18:23:13 - [TEST_STEP][PASSED] - click: Object: 'Object Repository/Final Object Repo/New Registration - Registration Module Pages/Form 2/Add Employee Button' is clicked on

2018-10-20 18:23:13 - [MESSAGE][PASSED] - Object: 'Object Repository/Final Object Repo/New Registration - Registration Module Pages/Form 2/Add Employee Button' is clicked on

2018-10-20 18:23:13 - [TEST_STEP][PASSED] - delay: Delayed 1 second(s)

2018-10-20 18:23:14 - [MESSAGE][PASSED] - Delayed 1 second(s)

2018-10-20 18:23:14 - [TEST_STEP][PASSED] - setText: Text '010903091963' is set on object 'Object Repository/Final Object Repo/New Registration - Registration Module Pages/Form 2/NRIC Input'

2018-10-20 18:23:15 - [MESSAGE][PASSED] - Text '010903091963' is set on object 'Object Repository/Final Object Repo/New Registration - Registration Module Pages/Form 2/NRIC Input'

2018-10-20 18:23:15 - [TEST_STEP][PASSED] - click: Object: 'Object Repository/Final Object Repo/New Registration - Registration Module Pages/Form 2/button for search for IC' is clicked on

2018-10-20 18:23:15 - [MESSAGE][PASSED] - Object: 'Object Repository/Final Object Repo/New Registration - Registration Module Pages/Form 2/button for search for IC' is clicked on

2018-10-20 18:23:15 - [TEST_STEP][PASSED] - delay: Delayed 2 second(s)

2018-10-20 18:23:17 - [MESSAGE][PASSED] - Delayed 2 second(s)

2018-10-20 18:23:17 - [TEST_STEP][PASSED] - setText: Text 'Automate001 eligible 1' is set on object 'Object Repository/Final Object Repo/New Registration - Registration Module Pages/Form 2/Employee Name Input'

2018-10-20 18:23:17 - [MESSAGE][PASSED] - Text 'Automate001 eligible 1' is set on object 'Object Repository/Final Object Repo/New Registration - Registration Module Pages/Form 2/Employee Name Input'

2018-10-20 18:23:17 - [TEST_STEP][PASSED] - delay: Delayed 2 second(s)

2018-10-20 18:23:19 - [MESSAGE][PASSED] - Delayed 2 second(s)

2018-10-20 18:23:19 - [TEST_STEP][PASSED] - click: Object: 'Object Repository/Final Object Repo/New Registration - Registration Module Pages/Form 2/DatePicker Pop Up' is clicked on

2018-10-20 18:23:19 - [MESSAGE][PASSED] - Object: 'Object Repository/Final Object Repo/New Registration - Registration Module Pages/Form 2/DatePicker Pop Up' is clicked on

2018-10-20 18:23:19 - [TEST_STEP][PASSED] - click: Object: 'Object Repository/Final Object Repo/New Registration - Registration Module Pages/Form 2/DOB Month' is clicked on

2018-10-20 18:23:20 - [MESSAGE][PASSED] - Object: 'Object Repository/Final Object Repo/New Registration - Registration Module Pages/Form 2/DOB Month' is clicked on

2018-10-20 18:23:20 - [TEST_STEP][PASSED] - Statement - CurrentMonth = CurrentMonth: null

2018-10-20 18:23:20 - [TEST_STEP][PASSED] - Statement - selectMonth = new com.kms.katalon.core.testobject.TestObject(): null

2018-10-20 18:23:20 - [TEST_STEP][PASSED] - Statement - selectMonth.addProperty("xpath", EQUALS, "//body/div/div/div/select/option[@value='" + CurrentMonth + "']", true): null

2018-10-20 18:23:20 - [TEST_STEP][PASSED] - click: Object: '' is clicked on

2018-10-20 18:23:20 - [MESSAGE][PASSED] - Object: '' is clicked on

2018-10-20 18:23:20 - [TEST_STEP][PASSED] - click: Object: 'Object Repository/Final Object Repo/New Registration - Registration Module Pages/Form 2/DOB Year' is clicked on

2018-10-20 18:23:20 - [MESSAGE][PASSED] - Object: 'Object Repository/Final Object Repo/New Registration - Registration Module Pages/Form 2/DOB Year' is clicked on

2018-10-20 18:23:20 - [TEST_STEP][PASSED] - Statement - Eyearsbf = EighteenYrsBefore: null

2018-10-20 18:23:20 - [TEST_STEP][PASSED] - Statement - selectYear = new com.kms.katalon.core.testobject.TestObject(): null

2018-10-20 18:23:20 - [TEST_STEP][PASSED] - Statement - selectYear.addProperty("xpath", EQUALS, "//div/div/div/select/option[@value='" + Eyearsbf + "']", true): null

2018-10-20 18:23:20 - [TEST_STEP][PASSED] - click: Object: '' is clicked on

2018-10-20 18:23:20 - [MESSAGE][PASSED] - Object: '' is clicked on

2018-10-20 18:23:20 - [TEST_STEP][PASSED] - Statement - UpdatedSelectDate = com.kms.katalon.core.webui.keyword.WebUiBuiltInKeywords.modifyObjectProperty(com.kms.katalon.core.testobject.ObjectRepository.findTestObject(Final Object Repo/New Registration - Registration Module Pages/Form 2/DOB Date), "xpath", "equals", "//body/div/table/tbody/tr/td/a[text()="" + CurrentDate + ""]", true): Modify property of object successfully

2018-10-20 18:23:20 - [MESSAGE][PASSED] - Modify property of object successfully

2018-10-20 18:23:20 - [TEST_STEP][PASSED] - delay: Delayed 3 second(s)

2018-10-20 18:23:23 - [MESSAGE][PASSED] - Delayed 3 second(s)

2018-10-20 18:23:23 - [TEST_STEP][PASSED] - click: Object: 'Object Repository/Final Object Repo/New Registration - Registration Module Pages/Form 2/DOB Date' is clicked on

2018-10-20 18:23:23 - [MESSAGE][PASSED] - Object: 'Object Repository/Final Object Repo/New Registration - Registration Module Pages/Form 2/DOB Date' is clicked on

2018-10-20 18:23:23 - [TEST_STEP][PASSED] - delay: Delayed 2 second(s)

2018-10-20 18:23:25 - [MESSAGE][PASSED] - Delayed 2 second(s)

2018-10-20 18:23:25 - [TEST_STEP][PASSED] - click: Object: 'Object Repository/Final Object Repo/New Registration - Registration Module Pages/Form 2/EmploymentStartDate Pop Up' is clicked on

2018-10-20 18:23:25 - [MESSAGE][PASSED] - Object: 'Object Repository/Final Object Repo/New Registration - Registration Module Pages/Form 2/EmploymentStartDate Pop Up' is clicked on

2018-10-20 18:23:25 - [TEST_STEP][PASSED] - delay: Delayed 2 second(s)

2018-10-20 18:23:27 - [MESSAGE][PASSED] - Delayed 2 second(s)

2018-10-20 18:23:27 - [TEST_STEP][PASSED] - click: Object: 'Object Repository/Final Object Repo/New Registration - Registration Module Pages/Form 2/Socso Employment StartDate Month' is clicked on

2018-10-20 18:23:27 - [MESSAGE][PASSED] - Object: 'Object Repository/Final Object Repo/New Registration - Registration Module Pages/Form 2/Socso Employment StartDate Month' is clicked on

2018-10-20 18:23:27 - [TEST_STEP][PASSED] - delay: Delayed 1 second(s)

2018-10-20 18:23:28 - [MESSAGE][PASSED] - Delayed 1 second(s)

2018-10-20 18:23:28 - [TEST_STEP][PASSED] - click: Object: 'Object Repository/Final Object Repo/New Registration - Registration Module Pages/Form 2/Select Socso Employement Startdate Month' is clicked on

2018-10-20 18:23:29 - [MESSAGE][PASSED] - Object: 'Object Repository/Final Object Repo/New Registration - Registration Module Pages/Form 2/Select Socso Employement Startdate Month' is clicked on

2018-10-20 18:23:29 - [TEST_STEP][PASSED] - delay: Delayed 2 second(s)

2018-10-20 18:23:31 - [MESSAGE][PASSED] - Delayed 2 second(s)

2018-10-20 18:23:31 - [TEST_STEP][PASSED] - click: Object: 'Object Repository/Final Object Repo/New Registration - Registration Module Pages/Form 2/Socso Employment StartDate Year' is clicked on

2018-10-20 18:23:31 - [MESSAGE][PASSED] - Object: 'Object Repository/Final Object Repo/New Registration - Registration Module Pages/Form 2/Socso Employment StartDate Year' is clicked on

2018-10-20 18:23:31 - [TEST_STEP][PASSED] - delay: Delayed 1 second(s)

2018-10-20 18:23:32 - [MESSAGE][PASSED] - Delayed 1 second(s)

2018-10-20 18:23:32 - [TEST_STEP][PASSED] - click: Object: 'Object Repository/Final Object Repo/New Registration - Registration Module Pages/Form 2/Select Socso Employment Startdate Year' is clicked on

2018-10-20 18:23:32 - [MESSAGE][PASSED] - Object: 'Object Repository/Final Object Repo/New Registration - Registration Module Pages/Form 2/Select Socso Employment Startdate Year' is clicked on

2018-10-20 18:23:32 - [TEST_STEP][PASSED] - delay: Delayed 2 second(s)

2018-10-20 18:23:34 - [MESSAGE][PASSED] - Delayed 2 second(s)

2018-10-20 18:23:34 - [TEST_STEP][PASSED] - click: Object: 'Object Repository/Final Object Repo/New Registration - Registration Module Pages/Form 2/Socso Employment Start Date Day' is clicked on

2018-10-20 18:23:34 - [MESSAGE][PASSED] - Object: 'Object Repository/Final Object Repo/New Registration - Registration Module Pages/Form 2/Socso Employment Start Date Day' is clicked on

2018-10-20 18:23:34 - [TEST_STEP][PASSED] - delay: Delayed 2 second(s)

2018-10-20 18:23:36 - [MESSAGE][PASSED] - Delayed 2 second(s)

2018-10-20 18:23:36 - [TEST_STEP][PASSED] - click: Object: 'Object Repository/Final Object Repo/New Registration - Registration Module Pages/Form 2/Save Button for Add Employee' is clicked on

2018-10-20 18:23:36 - [MESSAGE][PASSED] - Object: 'Object Repository/Final Object Repo/New Registration - Registration Module Pages/Form 2/Save Button for Add Employee' is clicked on

2018-10-20 18:23:36 - [TEST_STEP][PASSED] - delay: Delayed 6 second(s)

2018-10-20 18:23:42 - [MESSAGE][PASSED] - Delayed 6 second(s)

2018-10-20 18:23:42 - [TEST_STEP][PASSED] - click: Object: 'Object Repository/Final Object Repo/New Registration - Registration Module Pages/Form 2/Save and Continue Form 2' is clicked on

2018-10-20 18:23:43 - [MESSAGE][PASSED] - Object: 'Object Repository/Final Object Repo/New Registration - Registration Module Pages/Form 2/Save and Continue Form 2' is clicked on

2018-10-20 18:23:43 - [MESSAGE][PASSED] - Call Test Case 'Test Cases/Final Aug 2018 - PKS Automation/Registration Module/New Registration/Form 2/Add 1 Eligible' successfully

2018-10-20 18:23:43 - [TEST_STEP][FAILED] - callTestCase: Unable to call Test Case with id 'Test Cases/Final Aug 2018 - PKS Automation/Registration Module/New Registration/Flow of New Registration/Third Screen - Upload Supporting Doc - Preview' (Root cause: Call Test Case 'Test Cases/Final Aug 2018 - PKS Automation/Registration Module/New Registration/Flow of New Registration/Third Screen - Upload Supporting Doc - Preview' failed)

2018-10-20 18:23:43 - [TEST_CASE][FAILED] - Test Cases/Final Aug 2018 - PKS Automation/Registration Module/New Registration/Flow of New Registration/Third Screen - Upload Supporting Doc - Preview: Test Cases/Final Aug 2018 - PKS Automation/Registration Module/New Registration/Flow of New Registration/Third Screen - Upload Supporting Doc - Preview FAILED because (of) (Stack trace: com.kms.katalon.core.exception.StepFailedException: Unable to click on object 'Object Repository/Final Object Repo/New Registration - Registration Module Pages/Third Screen - Upload Supporting Doc- Preview/Select to Upload Borang SIP 2' (Root cause: org.openqa.selenium.WebDriverException: unknown error: Element <span>...</span> is not clickable at point (151, 567). Other element would receive the click: <li class="select2-results__option" id="select2-_newreg_WAR_registrationportlet_objdocTypeId-result-l2ii-134" role="treeitem" aria-selected="false">...</li>
  (Session info: chrome=69.0.3497.100)
  (Driver info: chromedriver=2.35.528161 (5b82f2d2aae0ca24b877009200ced9065a772e73),platform=Windows NT 6.1.7601 SP1 x86_64) (WARNING: The server did not provide any stacktrace information)
Command duration or timeout: 0 milliseconds
Build info: version: '3.7.1', revision: '8a0099a', time: '2017-11-06T21:07:36.161Z'
System info: host: 'WEIZHENG', ip: '192.168.137.1', os.name: 'Windows 7', os.arch: 'amd64', os.version: '6.1', java.version: '1.8.0_181'
Driver info: com.kms.katalon.selenium.driver.CChromeDriver
Capabilities {acceptInsecureCerts: false, acceptSslCerts: false, applicationCacheEnabled: false, browserConnectionEnabled: false, browserName: chrome, chrome: {chromedriverVersion: 2.35.528161 (5b82f2d2aae0ca..., userDataDir: C:\Users\WEIZHE~1\AppData\L...}, cssSelectorsEnabled: true, databaseEnabled: false, handlesAlerts: true, hasTouchScreen: false, javascriptEnabled: true, locationContextEnabled: true, mobileEmulationEnabled: false, nativeEvents: true, networkConnectionEnabled: false, pageLoadStrategy: normal, platform: XP, platformName: XP, rotatable: false, setWindowRect: true, takesHeapSnapshot: true, takesScreenshot: true, unexpectedAlertBehaviour: , unhandledPromptBehavior: , version: 69.0.3497.100, webStorageEnabled: true}
Session ID: 55da07fda6d4a959f752d9f1b06fe72a)
	at com.kms.katalon.core.keyword.internal.KeywordMain.stepFailed(KeywordMain.groovy:32)
	at com.kms.katalon.core.webui.keyword.internal.WebUIKeywordMain.stepFailed(WebUIKeywordMain.groovy:65)
	at com.kms.katalon.core.webui.keyword.internal.WebUIKeywordMain.runKeyword(WebUIKeywordMain.groovy:27)
	at com.kms.katalon.core.webui.keyword.builtin.ClickKeyword.click(ClickKeyword.groovy:86)
	at com.kms.katalon.core.webui.keyword.builtin.ClickKeyword.execute(ClickKeyword.groovy:67)
	at com.kms.katalon.core.keyword.internal.KeywordExecutor.executeKeywordForPlatform(KeywordExecutor.groovy:53)
	at com.kms.katalon.core.webui.keyword.WebUiBuiltInKeywords.click(WebUiBuiltInKeywords.groovy:616)
	at com.kms.katalon.core.webui.keyword.WebUiBuiltInKeywords$click$2.call(Unknown Source)
	at Script1534409664094.run(Script1534409664094.groovy:104)
	at com.kms.katalon.core.main.ScriptEngine.run(ScriptEngine.java:183)
	at com.kms.katalon.core.main.ScriptEngine.runScriptAsRawText(ScriptEngine.java:108)
	at com.kms.katalon.core.main.TestCaseExecutor.runScript(TestCaseExecutor.java:294)
	at com.kms.katalon.core.main.TestCaseExecutor.doExecute(TestCaseExecutor.java:285)
	at com.kms.katalon.core.main.TestCaseExecutor.processExecutionPhase(TestCaseExecutor.java:264)
	at com.kms.katalon.core.main.TestCaseExecutor.accessMainPhase(TestCaseExecutor.java:256)
	at com.kms.katalon.core.main.TestCaseExecutor.execute(TestCaseExecutor.java:200)
	at com.kms.katalon.core.main.TestCaseMain.runTestCase(TestCaseMain.java:99)
	at com.kms.katalon.core.keyword.builtin.CallTestCaseKeyword$_callTestCase_closure1.doCall(CallTestCaseKeyword.groovy:60)
	at com.kms.katalon.core.keyword.builtin.CallTestCaseKeyword$_callTestCase_closure1.call(CallTestCaseKeyword.groovy)
	at com.kms.katalon.core.keyword.internal.KeywordMain.runKeyword(KeywordMain.groovy:54)
	at com.kms.katalon.core.keyword.builtin.CallTestCaseKeyword.callTestCase(CallTestCaseKeyword.groovy:81)
	at com.kms.katalon.core.keyword.builtin.CallTestCaseKeyword.execute(CallTestCaseKeyword.groovy:45)
	at com.kms.katalon.core.keyword.internal.KeywordExecutor.executeKeywordForPlatform(KeywordExecutor.groovy:53)
	at com.kms.katalon.core.keyword.BuiltinKeywords.callTestCase(BuiltinKeywords.groovy:334)
	at sun.reflect.GeneratedMethodAccessor13.invoke(Unknown Source)
	at sun.reflect.DelegatingMethodAccessorImpl.invoke(DelegatingMethodAccessorImpl.java:43)
	at java.lang.reflect.Method.invoke(Method.java:498)
	at org.codehaus.groovy.reflection.CachedMethod.invoke(CachedMethod.java:93)
	at groovy.lang.MetaMethod.doMethodInvoke(MetaMethod.java:325)
	at groovy.lang.MetaClassImpl.invokeStaticMethod(MetaClassImpl.java:1469)
	at org.codehaus.groovy.runtime.callsite.StaticMetaClassSite.call(StaticMetaClassSite.java:53)
	at org.codehaus.groovy.runtime.callsite.AbstractCallSite.call(AbstractCallSite.java:141)
	at Script1536051799273.run(Script1536051799273.groovy:28)
	at com.kms.katalon.core.main.ScriptEngine.run(ScriptEngine.java:183)
	at com.kms.katalon.core.main.ScriptEngine.runScriptAsRawText(ScriptEngine.java:108)
	at com.kms.katalon.core.main.TestCaseExecutor.runScript(TestCaseExecutor.java:294)
	at com.kms.katalon.core.main.TestCaseExecutor.doExecute(TestCaseExecutor.java:285)
	at com.kms.katalon.core.main.TestCaseExecutor.processExecutionPhase(TestCaseExecutor.java:264)
	at com.kms.katalon.core.main.TestCaseExecutor.accessMainPhase(TestCaseExecutor.java:256)
	at com.kms.katalon.core.main.TestCaseExecutor.execute(TestCaseExecutor.java:200)
	at com.kms.katalon.core.main.TestCaseMain.runTestCase(TestCaseMain.java:99)
	at com.kms.katalon.core.keyword.builtin.CallTestCaseKeyword$_callTestCase_closure1.doCall(CallTestCaseKeyword.groovy:60)
	at com.kms.katalon.core.keyword.builtin.CallTestCaseKeyword$_callTestCase_closure1.call(CallTestCaseKeyword.groovy)
	at com.kms.katalon.core.keyword.internal.KeywordMain.runKeyword(KeywordMain.groovy:54)
	at com.kms.katalon.core.keyword.builtin.CallTestCaseKeyword.callTestCase(CallTestCaseKeyword.groovy:81)
	at com.kms.katalon.core.keyword.builtin.CallTestCaseKeyword.execute(CallTestCaseKeyword.groovy:45)
	at com.kms.katalon.core.keyword.internal.KeywordExecutor.executeKeywordForPlatform(KeywordExecutor.groovy:53)
	at com.kms.katalon.core.keyword.BuiltinKeywords.callTestCase(BuiltinKeywords.groovy:334)
	at sun.reflect.GeneratedMethodAccessor13.invoke(Unknown Source)
	at sun.reflect.DelegatingMethodAccessorImpl.invoke(DelegatingMethodAccessorImpl.java:43)
	at java.lang.reflect.Method.invoke(Method.java:498)
	at org.codehaus.groovy.reflection.CachedMethod.invoke(CachedMethod.java:93)
	at groovy.lang.MetaMethod.doMethodInvoke(MetaMethod.java:325)
	at groovy.lang.MetaClassImpl.invokeStaticMethod(MetaClassImpl.java:1469)
	at org.codehaus.groovy.runtime.callsite.StaticMetaClassSite.call(StaticMetaClassSite.java:53)
	at org.codehaus.groovy.runtime.callsite.CallSiteArray.defaultCall(CallSiteArray.java:48)
	at org.codehaus.groovy.runtime.callsite.AbstractCallSite.call(AbstractCallSite.java:113)
	at org.codehaus.groovy.runtime.callsite.AbstractCallSite.call(AbstractCallSite.java:141)
	at Script1536307034674.run(Script1536307034674.groovy:15)
	at com.kms.katalon.core.main.ScriptEngine.run(ScriptEngine.java:183)
	at com.kms.katalon.core.main.ScriptEngine.runScriptAsRawText(ScriptEngine.java:108)
	at com.kms.katalon.core.main.TestCaseExecutor.runScript(TestCaseExecutor.java:294)
	at com.kms.katalon.core.main.TestCaseExecutor.doExecute(TestCaseExecutor.java:285)
	at com.kms.katalon.core.main.TestCaseExecutor.processExecutionPhase(TestCaseExecutor.java:264)
	at com.kms.katalon.core.main.TestCaseExecutor.accessMainPhase(TestCaseExecutor.java:256)
	at com.kms.katalon.core.main.TestCaseExecutor.execute(TestCaseExecutor.java:200)
	at com.kms.katalon.core.main.TestSuiteExecutor.accessTestCaseMainPhase(TestSuiteExecutor.java:129)
	at com.kms.katalon.core.main.TestSuiteExecutor.accessTestSuiteMainPhase(TestSuiteExecutor.java:112)
	at com.kms.katalon.core.main.TestSuiteExecutor.execute(TestSuiteExecutor.java:81)
	at com.kms.katalon.core.main.TestCaseMain.startTestSuite(TestCaseMain.java:142)
	at com.kms.katalon.core.main.TestCaseMain$startTestSuite$0.call(Unknown Source)
	at org.codehaus.groovy.runtime.callsite.CallSiteArray.defaultCall(CallSiteArray.java:48)
	at org.codehaus.groovy.runtime.callsite.AbstractCallSite.call(AbstractCallSite.java:113)
	at org.codehaus.groovy.runtime.callsite.AbstractCallSite.call(AbstractCallSite.java:141)
	at TempTestSuite1540012262067.run(TempTestSuite1540012262067.groovy:36)
	at groovy.lang.GroovyShell.runScriptOrMainOrTestOrRunnable(GroovyShell.java:263)
	at groovy.lang.GroovyShell.run(GroovyShell.java:518)
	at groovy.lang.GroovyShell.run(GroovyShell.java:507)
	at groovy.ui.GroovyMain.processOnce(GroovyMain.java:653)
	at groovy.ui.GroovyMain.run(GroovyMain.java:384)
	at groovy.ui.GroovyMain.process(GroovyMain.java:370)
	at groovy.ui.GroovyMain.processArgs(GroovyMain.java:129)
	at groovy.ui.GroovyMain.main(GroovyMain.java:109)
	at sun.reflect.NativeMethodAccessorImpl.invoke0(Native Method)
	at sun.reflect.NativeMethodAccessorImpl.invoke(NativeMethodAccessorImpl.java:62)
	at sun.reflect.DelegatingMethodAccessorImpl.invoke(DelegatingMethodAccessorImpl.java:43)
	at java.lang.reflect.Method.invoke(Method.java:498)
	at org.codehaus.groovy.tools.GroovyStarter.rootLoader(GroovyStarter.java:109)
	at org.codehaus.groovy.tools.GroovyStarter.main(GroovyStarter.java:131)
)

2018-10-20 18:23:43 - [TEST_STEP][PASSED] - waitForPageLoad: Wait for page load successfully

2018-10-20 18:23:43 - [MESSAGE][PASSED] - Wait for page load successfully

2018-10-20 18:23:43 - [TEST_STEP][PASSED] - Statement - CaseReferenceNo = com.kms.katalon.core.webui.keyword.WebUiBuiltInKeywords.getText(com.kms.katalon.core.testobject.ObjectRepository.findTestObject(Final Object Repo/New Registration - Registration Module Pages/Third Screen - Upload Supporting Doc- Preview/RefNo Acquiring)): Text of object 'Object Repository/Final Object Repo/New Registration - Registration Module Pages/Third Screen - Upload Supporting Doc- Preview/RefNo Acquiring' is: 'CRN10201800122307'

2018-10-20 18:23:44 - [MESSAGE][PASSED] - Text of object 'Object Repository/Final Object Repo/New Registration - Registration Module Pages/Third Screen - Upload Supporting Doc- Preview/RefNo Acquiring' is: 'CRN10201800122307'

2018-10-20 18:23:44 - [TEST_STEP][PASSED] - delay: Delayed 2 second(s)

2018-10-20 18:23:46 - [MESSAGE][PASSED] - Delayed 2 second(s)

2018-10-20 18:23:46 - [TEST_STEP][PASSED] - callTestCase: Call Test Case 'Test Cases/Final Aug 2018 - PKS Automation/Common/Reference Number Setter' successfully

2018-10-20 18:23:46 - [TEST_CASE][PASSED] - Test Cases/Final Aug 2018 - PKS Automation/Common/Reference Number Setter: Test Cases/Final Aug 2018 - PKS Automation/Common/Reference Number Setter

2018-10-20 18:23:46 - [TEST_STEP][PASSED] - Statement - RefNoOldFile = new java.io.File(C://KatalonReference.txt): null

2018-10-20 18:23:46 - [TEST_STEP][PASSED] - Statement - RefNoOldFile.delete(): null

2018-10-20 18:23:46 - [TEST_STEP][PASSED] - Statement - RefNo = new java.io.File(C://KatalonReference.txt): null

2018-10-20 18:23:46 - [TEST_STEP][PASSED] - Statement - RefNo.append(CaseReferenceNo): null

2018-10-20 18:23:46 - [TEST_STEP][PASSED] - Statement - out.println("


" + CaseReferenceNo + "


"): null

2018-10-20 18:23:46 - [MESSAGE][PASSED] - Call Test Case 'Test Cases/Final Aug 2018 - PKS Automation/Common/Reference Number Setter' successfully

2018-10-20 18:23:46 - [TEST_STEP][PASSED] - waitForElementClickable: Object 'Object Repository/Final Object Repo/New Registration - Registration Module Pages/Third Screen - Upload Supporting Doc- Preview/Save n Continue in SIP Employee Listing Page' is clickable

2018-10-20 18:23:46 - [MESSAGE][PASSED] - Object 'Object Repository/Final Object Repo/New Registration - Registration Module Pages/Third Screen - Upload Supporting Doc- Preview/Save n Continue in SIP Employee Listing Page' is clickable

2018-10-20 18:23:46 - [TEST_STEP][PASSED] - click: Object: 'Object Repository/Final Object Repo/New Registration - Registration Module Pages/Third Screen - Upload Supporting Doc- Preview/Save n Continue in SIP Employee Listing Page' is clicked on

2018-10-20 18:23:52 - [MESSAGE][PASSED] - Object: 'Object Repository/Final Object Repo/New Registration - Registration Module Pages/Third Screen - Upload Supporting Doc- Preview/Save n Continue in SIP Employee Listing Page' is clicked on

2018-10-20 18:23:52 - [TEST_STEP][PASSED] - delay: Delayed 6 second(s)

2018-10-20 18:23:58 - [MESSAGE][PASSED] - Delayed 6 second(s)

2018-10-20 18:23:58 - [TEST_STEP][PASSED] - click: Object: 'Object Repository/Final Object Repo/New Registration - Registration Module Pages/Third Screen - Upload Supporting Doc- Preview/Add Document Button' is clicked on

2018-10-20 18:23:58 - [MESSAGE][PASSED] - Object: 'Object Repository/Final Object Repo/New Registration - Registration Module Pages/Third Screen - Upload Supporting Doc- Preview/Add Document Button' is clicked on

2018-10-20 18:23:58 - [TEST_STEP][PASSED] - delay: Delayed 30 second(s)

2018-10-20 18:24:28 - [MESSAGE][PASSED] - Delayed 30 second(s)

2018-10-20 18:24:28 - [TEST_STEP][PASSED] - click: Object: 'Object Repository/Final Object Repo/New Registration - Registration Module Pages/Third Screen - Upload Supporting Doc- Preview/Supporting Doc Please Select Drop Down' is clicked on

2018-10-20 18:24:28 - [MESSAGE][PASSED] - Object: 'Object Repository/Final Object Repo/New Registration - Registration Module Pages/Third Screen - Upload Supporting Doc- Preview/Supporting Doc Please Select Drop Down' is clicked on

2018-10-20 18:24:28 - [TEST_STEP][PASSED] - delay: Delayed 2 second(s)

2018-10-20 18:24:30 - [MESSAGE][PASSED] - Delayed 2 second(s)

2018-10-20 18:24:30 - [TEST_STEP][PASSED] - click: Object: 'Object Repository/Final Object Repo/New Registration - Registration Module Pages/Third Screen - Upload Supporting Doc- Preview/Select to Upload Form 1' is clicked on

2018-10-20 18:24:30 - [MESSAGE][PASSED] - Object: 'Object Repository/Final Object Repo/New Registration - Registration Module Pages/Third Screen - Upload Supporting Doc- Preview/Select to Upload Form 1' is clicked on

2018-10-20 18:24:30 - [TEST_STEP][PASSED] - delay: Delayed 2 second(s)

2018-10-20 18:24:32 - [MESSAGE][PASSED] - Delayed 2 second(s)

2018-10-20 18:24:32 - [TEST_STEP][PASSED] - uploadFile: File 'C:\Users\Public\Pictures\Sample Pictures\Act.jpg' sent to object: 'Object Repository/Final Object Repo/New Registration - Registration Module Pages/Third Screen - Upload Supporting Doc- Preview/Upload File Adding'

2018-10-20 18:24:33 - [MESSAGE][PASSED] - File 'C:\Users\Public\Pictures\Sample Pictures\Act.jpg' sent to object: 'Object Repository/Final Object Repo/New Registration - Registration Module Pages/Third Screen - Upload Supporting Doc- Preview/Upload File Adding'

2018-10-20 18:24:33 - [TEST_STEP][PASSED] - delay: Delayed 5 second(s)

2018-10-20 18:24:38 - [MESSAGE][PASSED] - Delayed 5 second(s)

2018-10-20 18:24:38 - [TEST_STEP][PASSED] - click: Object: 'Object Repository/Final Object Repo/New Registration - Registration Module Pages/Third Screen - Upload Supporting Doc- Preview/Inner Form Add Document Button' is clicked on

2018-10-20 18:24:38 - [MESSAGE][PASSED] - Object: 'Object Repository/Final Object Repo/New Registration - Registration Module Pages/Third Screen - Upload Supporting Doc- Preview/Inner Form Add Document Button' is clicked on

2018-10-20 18:24:38 - [TEST_STEP][PASSED] - delay: Delayed 3 second(s)

2018-10-20 18:24:41 - [MESSAGE][PASSED] - Delayed 3 second(s)

2018-10-20 18:24:41 - [TEST_STEP][PASSED] - click: Object: 'Object Repository/Final Object Repo/New Registration - Registration Module Pages/Third Screen - Upload Supporting Doc- Preview/Add Document Button' is clicked on

2018-10-20 18:24:43 - [MESSAGE][PASSED] - Object: 'Object Repository/Final Object Repo/New Registration - Registration Module Pages/Third Screen - Upload Supporting Doc- Preview/Add Document Button' is clicked on

2018-10-20 18:24:43 - [TEST_STEP][PASSED] - delay: Delayed 30 second(s)

2018-10-20 18:25:13 - [MESSAGE][PASSED] - Delayed 30 second(s)

2018-10-20 18:25:13 - [TEST_STEP][PASSED] - click: Object: 'Object Repository/Final Object Repo/New Registration - Registration Module Pages/Third Screen - Upload Supporting Doc- Preview/Supporting Doc Please Select Drop Down' is clicked on

2018-10-20 18:25:13 - [MESSAGE][PASSED] - Object: 'Object Repository/Final Object Repo/New Registration - Registration Module Pages/Third Screen - Upload Supporting Doc- Preview/Supporting Doc Please Select Drop Down' is clicked on

2018-10-20 18:25:13 - [TEST_STEP][PASSED] - delay: Delayed 2 second(s)

2018-10-20 18:25:15 - [MESSAGE][PASSED] - Delayed 2 second(s)

2018-10-20 18:25:15 - [TEST_STEP][PASSED] - click: Object: 'Object Repository/Final Object Repo/New Registration - Registration Module Pages/Third Screen - Upload Supporting Doc- Preview/Select to Upload Form 2' is clicked on

2018-10-20 18:25:16 - [MESSAGE][PASSED] - Object: 'Object Repository/Final Object Repo/New Registration - Registration Module Pages/Third Screen - Upload Supporting Doc- Preview/Select to Upload Form 2' is clicked on

2018-10-20 18:25:16 - [TEST_STEP][PASSED] - delay: Delayed 2 second(s)

2018-10-20 18:25:18 - [MESSAGE][PASSED] - Delayed 2 second(s)

2018-10-20 18:25:18 - [TEST_STEP][PASSED] - uploadFile: File 'C:\Users\Public\Pictures\Sample Pictures\Act.jpg' sent to object: 'Object Repository/Final Object Repo/New Registration - Registration Module Pages/Third Screen - Upload Supporting Doc- Preview/Upload File Adding'

2018-10-20 18:25:18 - [MESSAGE][PASSED] - File 'C:\Users\Public\Pictures\Sample Pictures\Act.jpg' sent to object: 'Object Repository/Final Object Repo/New Registration - Registration Module Pages/Third Screen - Upload Supporting Doc- Preview/Upload File Adding'

2018-10-20 18:25:18 - [TEST_STEP][PASSED] - click: Object: 'Object Repository/Final Object Repo/New Registration - Registration Module Pages/Third Screen - Upload Supporting Doc- Preview/Inner Form Add Document Button' is clicked on

2018-10-20 18:25:18 - [MESSAGE][PASSED] - Object: 'Object Repository/Final Object Repo/New Registration - Registration Module Pages/Third Screen - Upload Supporting Doc- Preview/Inner Form Add Document Button' is clicked on

2018-10-20 18:25:18 - [TEST_STEP][PASSED] - delay: Delayed 4 second(s)

2018-10-20 18:25:22 - [MESSAGE][PASSED] - Delayed 4 second(s)

2018-10-20 18:25:22 - [TEST_STEP][PASSED] - click: Object: 'Object Repository/Final Object Repo/New Registration - Registration Module Pages/Third Screen - Upload Supporting Doc- Preview/Add Document Button' is clicked on

2018-10-20 18:25:24 - [MESSAGE][PASSED] - Object: 'Object Repository/Final Object Repo/New Registration - Registration Module Pages/Third Screen - Upload Supporting Doc- Preview/Add Document Button' is clicked on

2018-10-20 18:25:24 - [TEST_STEP][PASSED] - delay: Delayed 30 second(s)

2018-10-20 18:25:54 - [MESSAGE][PASSED] - Delayed 30 second(s)

2018-10-20 18:25:54 - [TEST_STEP][PASSED] - click: Object: 'Object Repository/Final Object Repo/New Registration - Registration Module Pages/Third Screen - Upload Supporting Doc- Preview/Supporting Doc Please Select Drop Down' is clicked on

2018-10-20 18:25:54 - [MESSAGE][PASSED] - Object: 'Object Repository/Final Object Repo/New Registration - Registration Module Pages/Third Screen - Upload Supporting Doc- Preview/Supporting Doc Please Select Drop Down' is clicked on

2018-10-20 18:25:54 - [TEST_STEP][PASSED] - click: Object: 'Object Repository/Final Object Repo/New Registration - Registration Module Pages/Third Screen - Upload Supporting Doc- Preview/Select to Upload Borang SIP 1' is clicked on

2018-10-20 18:25:54 - [MESSAGE][PASSED] - Object: 'Object Repository/Final Object Repo/New Registration - Registration Module Pages/Third Screen - Upload Supporting Doc- Preview/Select to Upload Borang SIP 1' is clicked on

2018-10-20 18:25:54 - [TEST_STEP][PASSED] - delay: Delayed 2 second(s)

2018-10-20 18:25:56 - [MESSAGE][PASSED] - Delayed 2 second(s)

2018-10-20 18:25:56 - [TEST_STEP][PASSED] - uploadFile: File 'C:\Users\Public\Pictures\Sample Pictures\Act.jpg' sent to object: 'Object Repository/Final Object Repo/New Registration - Registration Module Pages/Third Screen - Upload Supporting Doc- Preview/Upload File Adding'

2018-10-20 18:25:56 - [MESSAGE][PASSED] - File 'C:\Users\Public\Pictures\Sample Pictures\Act.jpg' sent to object: 'Object Repository/Final Object Repo/New Registration - Registration Module Pages/Third Screen - Upload Supporting Doc- Preview/Upload File Adding'

2018-10-20 18:25:56 - [TEST_STEP][PASSED] - click: Object: 'Object Repository/Final Object Repo/New Registration - Registration Module Pages/Third Screen - Upload Supporting Doc- Preview/Inner Form Add Document Button' is clicked on

2018-10-20 18:25:56 - [MESSAGE][PASSED] - Object: 'Object Repository/Final Object Repo/New Registration - Registration Module Pages/Third Screen - Upload Supporting Doc- Preview/Inner Form Add Document Button' is clicked on

2018-10-20 18:25:56 - [TEST_STEP][PASSED] - delay: Delayed 5 second(s)

2018-10-20 18:26:01 - [MESSAGE][PASSED] - Delayed 5 second(s)

2018-10-20 18:26:01 - [TEST_STEP][PASSED] - click: Object: 'Object Repository/Final Object Repo/New Registration - Registration Module Pages/Third Screen - Upload Supporting Doc- Preview/Add Document Button' is clicked on

2018-10-20 18:26:02 - [MESSAGE][PASSED] - Object: 'Object Repository/Final Object Repo/New Registration - Registration Module Pages/Third Screen - Upload Supporting Doc- Preview/Add Document Button' is clicked on

2018-10-20 18:26:02 - [TEST_STEP][PASSED] - delay: Delayed 30 second(s)

2018-10-20 18:26:32 - [MESSAGE][PASSED] - Delayed 30 second(s)

2018-10-20 18:26:32 - [TEST_STEP][PASSED] - click: Object: 'Object Repository/Final Object Repo/New Registration - Registration Module Pages/Third Screen - Upload Supporting Doc- Preview/Supporting Doc Please Select Drop Down' is clicked on

2018-10-20 18:26:32 - [MESSAGE][PASSED] - Object: 'Object Repository/Final Object Repo/New Registration - Registration Module Pages/Third Screen - Upload Supporting Doc- Preview/Supporting Doc Please Select Drop Down' is clicked on

2018-10-20 18:26:32 - [TEST_STEP][PASSED] - delay: Delayed 3 second(s)

2018-10-20 18:26:35 - [MESSAGE][PASSED] - Delayed 3 second(s)

2018-10-20 18:26:35 - [TEST_STEP][FAILED] - click: Unable to click on object 'Object Repository/Final Object Repo/New Registration - Registration Module Pages/Third Screen - Upload Supporting Doc- Preview/Select to Upload Borang SIP 2' (Root cause: org.openqa.selenium.WebDriverException: unknown error: Element <span>...</span> is not clickable at point (151, 567). Other element would receive the click: <li class="select2-results__option" id="select2-_newreg_WAR_registrationportlet_objdocTypeId-result-l2ii-134" role="treeitem" aria-selected="false">...</li>
  (Session info: chrome=69.0.3497.100)
  (Driver info: chromedriver=2.35.528161 (5b82f2d2aae0ca24b877009200ced9065a772e73),platform=Windows NT 6.1.7601 SP1 x86_64) (WARNING: The server did not provide any stacktrace information)
Command duration or timeout: 0 milliseconds
Build info: version: '3.7.1', revision: '8a0099a', time: '2017-11-06T21:07:36.161Z'
System info: host: 'WEIZHENG', ip: '192.168.137.1', os.name: 'Windows 7', os.arch: 'amd64', os.version: '6.1', java.version: '1.8.0_181'
Driver info: com.kms.katalon.selenium.driver.CChromeDriver
Capabilities {acceptInsecureCerts: false, acceptSslCerts: false, applicationCacheEnabled: false, browserConnectionEnabled: false, browserName: chrome, chrome: {chromedriverVersion: 2.35.528161 (5b82f2d2aae0ca..., userDataDir: C:\Users\WEIZHE~1\AppData\L...}, cssSelectorsEnabled: true, databaseEnabled: false, handlesAlerts: true, hasTouchScreen: false, javascriptEnabled: true, locationContextEnabled: true, mobileEmulationEnabled: false, nativeEvents: true, networkConnectionEnabled: false, pageLoadStrategy: normal, platform: XP, platformName: XP, rotatable: false, setWindowRect: true, takesHeapSnapshot: true, takesScreenshot: true, unexpectedAlertBehaviour: , unhandledPromptBehavior: , version: 69.0.3497.100, webStorageEnabled: true}
Session ID: 55da07fda6d4a959f752d9f1b06fe72a)

2018-10-20 18:26:36 - [MESSAGE][FAILED] - Unable to click on object 'Object Repository/Final Object Repo/New Registration - Registration Module Pages/Third Screen - Upload Supporting Doc- Preview/Select to Upload Borang SIP 2' (Root cause: org.openqa.selenium.WebDriverException: unknown error: Element <span>...</span> is not clickable at point (151, 567). Other element would receive the click: <li class="select2-results__option" id="select2-_newreg_WAR_registrationportlet_objdocTypeId-result-l2ii-134" role="treeitem" aria-selected="false">...</li>
  (Session info: chrome=69.0.3497.100)
  (Driver info: chromedriver=2.35.528161 (5b82f2d2aae0ca24b877009200ced9065a772e73),platform=Windows NT 6.1.7601 SP1 x86_64) (WARNING: The server did not provide any stacktrace information)
Command duration or timeout: 0 milliseconds
Build info: version: '3.7.1', revision: '8a0099a', time: '2017-11-06T21:07:36.161Z'
System info: host: 'WEIZHENG', ip: '192.168.137.1', os.name: 'Windows 7', os.arch: 'amd64', os.version: '6.1', java.version: '1.8.0_181'
Driver info: com.kms.katalon.selenium.driver.CChromeDriver
Capabilities {acceptInsecureCerts: false, acceptSslCerts: false, applicationCacheEnabled: false, browserConnectionEnabled: false, browserName: chrome, chrome: {chromedriverVersion: 2.35.528161 (5b82f2d2aae0ca..., userDataDir: C:\Users\WEIZHE~1\AppData\L...}, cssSelectorsEnabled: true, databaseEnabled: false, handlesAlerts: true, hasTouchScreen: false, javascriptEnabled: true, locationContextEnabled: true, mobileEmulationEnabled: false, nativeEvents: true, networkConnectionEnabled: false, pageLoadStrategy: normal, platform: XP, platformName: XP, rotatable: false, setWindowRect: true, takesHeapSnapshot: true, takesScreenshot: true, unexpectedAlertBehaviour: , unhandledPromptBehavior: , version: 69.0.3497.100, webStorageEnabled: true}
Session ID: 55da07fda6d4a959f752d9f1b06fe72a)
[[ATTACHMENT|C:\\Users\\LENOVO\\Katalon Studio\\Perkeso Phase A\\Reports\\Workflow\\Update Add New Employee\\20181020_131102\\1540031195846.png]]

2018-10-20 18:26:36 - [TEST_STEP][PASSED] - delay: Delayed 2 second(s)

2018-10-20 18:26:38 - [MESSAGE][PASSED] - Delayed 2 second(s)

2018-10-20 18:26:38 - [TEST_STEP][PASSED] - uploadFile: File 'C:\Users\Public\Pictures\Sample Pictures\Act.jpg' sent to object: 'Object Repository/Final Object Repo/New Registration - Registration Module Pages/Third Screen - Upload Supporting Doc- Preview/Upload File Adding'

2018-10-20 18:26:38 - [MESSAGE][PASSED] - File 'C:\Users\Public\Pictures\Sample Pictures\Act.jpg' sent to object: 'Object Repository/Final Object Repo/New Registration - Registration Module Pages/Third Screen - Upload Supporting Doc- Preview/Upload File Adding'

2018-10-20 18:26:38 - [TEST_STEP][PASSED] - delay: Delayed 5 second(s)

2018-10-20 18:26:43 - [MESSAGE][PASSED] - Delayed 5 second(s)

2018-10-20 18:26:43 - [TEST_STEP][FAILED] - click: Unable to click on object 'Object Repository/Final Object Repo/New Registration - Registration Module Pages/Third Screen - Upload Supporting Doc- Preview/Inner Form Add Document Button' (Root cause: org.openqa.selenium.WebDriverException: unknown error: Element <a validatesubmit="" href="https://assist2-uat.perkeso.gov.my/web/registration/registration?p_auth=OwSE5eiH&amp;p_p_id=newreg_WAR_registrationportlet&amp;p_p_lifecycle=1&amp;p_p_state=exclusive&amp;p_p_mode=view&amp;_newreg_WAR_registrationportlet_redirect=https%3A%2F%2Fassist2-uat.perkeso.gov.my%2Fweb%2Fregistration%2Fregistration%3Fp_p_id%3Dnewreg_WAR_registrationportlet%26p_p_lifecycle%3D0%26p_p_state%3Dnormal%26p_p_mode%3Dview%26p_p_col_id%3Dcolumn-1%26p_p_col_count%3D1%26_newreg_WAR_registrationportlet_browserIdKey%3D1540030951509%26_newreg_WAR_registrationportlet_jspPage%3D%2Fapps%2Freg%2Fcommon%2Fcommon_supporting_doc_form.jsp%26_newreg_WAR_registrationportlet_regViewKey%3D17&amp;_newreg_WAR_registrationportlet_javax.portlet.action=exeAction&amp;_newreg_WAR_registrationportlet_mvcPath=%2Fapps%2Freg%2Fcommon%2Fcommon_supporting_doc_form.jsp&amp;_newreg_WAR_registrationportlet_browserIdKey=1540030951509&amp;_newreg_WAR_registrationportlet_cmd=saveSuppDocFileId&amp;_newreg_WAR_registrationportlet_regViewKey=17" class="btn btn-lg blueBtn col-md-2 pull-right" formid="_newreg_WAR_registrationportlet_uploadDocForm" targets="baseMsgDivId">...</a> is not clickable at point (851, 547). Other element would receive the click: <div class="contentWrap" id="yui_patched_v3_11_0_1_1540031161874_409">...</div>
  (Session info: chrome=69.0.3497.100)
  (Driver info: chromedriver=2.35.528161 (5b82f2d2aae0ca24b877009200ced9065a772e73),platform=Windows NT 6.1.7601 SP1 x86_64) (WARNING: The server did not provide any stacktrace information)
Command duration or timeout: 0 milliseconds
Build info: version: '3.7.1', revision: '8a0099a', time: '2017-11-06T21:07:36.161Z'
System info: host: 'WEIZHENG', ip: '192.168.137.1', os.name: 'Windows 7', os.arch: 'amd64', os.version: '6.1', java.version: '1.8.0_181'
Driver info: com.kms.katalon.selenium.driver.CChromeDriver
Capabilities {acceptInsecureCerts: false, acceptSslCerts: false, applicationCacheEnabled: false, browserConnectionEnabled: false, browserName: chrome, chrome: {chromedriverVersion: 2.35.528161 (5b82f2d2aae0ca..., userDataDir: C:\Users\WEIZHE~1\AppData\L...}, cssSelectorsEnabled: true, databaseEnabled: false, handlesAlerts: true, hasTouchScreen: false, javascriptEnabled: true, locationContextEnabled: true, mobileEmulationEnabled: false, nativeEvents: true, networkConnectionEnabled: false, pageLoadStrategy: normal, platform: XP, platformName: XP, rotatable: false, setWindowRect: true, takesHeapSnapshot: true, takesScreenshot: true, unexpectedAlertBehaviour: , unhandledPromptBehavior: , version: 69.0.3497.100, webStorageEnabled: true}
Session ID: 55da07fda6d4a959f752d9f1b06fe72a)

2018-10-20 18:26:43 - [MESSAGE][FAILED] - Unable to click on object 'Object Repository/Final Object Repo/New Registration - Registration Module Pages/Third Screen - Upload Supporting Doc- Preview/Inner Form Add Document Button' (Root cause: org.openqa.selenium.WebDriverException: unknown error: Element <a validatesubmit="" href="https://assist2-uat.perkeso.gov.my/web/registration/registration?p_auth=OwSE5eiH&amp;p_p_id=newreg_WAR_registrationportlet&amp;p_p_lifecycle=1&amp;p_p_state=exclusive&amp;p_p_mode=view&amp;_newreg_WAR_registrationportlet_redirect=https%3A%2F%2Fassist2-uat.perkeso.gov.my%2Fweb%2Fregistration%2Fregistration%3Fp_p_id%3Dnewreg_WAR_registrationportlet%26p_p_lifecycle%3D0%26p_p_state%3Dnormal%26p_p_mode%3Dview%26p_p_col_id%3Dcolumn-1%26p_p_col_count%3D1%26_newreg_WAR_registrationportlet_browserIdKey%3D1540030951509%26_newreg_WAR_registrationportlet_jspPage%3D%2Fapps%2Freg%2Fcommon%2Fcommon_supporting_doc_form.jsp%26_newreg_WAR_registrationportlet_regViewKey%3D17&amp;_newreg_WAR_registrationportlet_javax.portlet.action=exeAction&amp;_newreg_WAR_registrationportlet_mvcPath=%2Fapps%2Freg%2Fcommon%2Fcommon_supporting_doc_form.jsp&amp;_newreg_WAR_registrationportlet_browserIdKey=1540030951509&amp;_newreg_WAR_registrationportlet_cmd=saveSuppDocFileId&amp;_newreg_WAR_registrationportlet_regViewKey=17" class="btn btn-lg blueBtn col-md-2 pull-right" formid="_newreg_WAR_registrationportlet_uploadDocForm" targets="baseMsgDivId">...</a> is not clickable at point (851, 547). Other element would receive the click: <div class="contentWrap" id="yui_patched_v3_11_0_1_1540031161874_409">...</div>
  (Session info: chrome=69.0.3497.100)
  (Driver info: chromedriver=2.35.528161 (5b82f2d2aae0ca24b877009200ced9065a772e73),platform=Windows NT 6.1.7601 SP1 x86_64) (WARNING: The server did not provide any stacktrace information)
Command duration or timeout: 0 milliseconds
Build info: version: '3.7.1', revision: '8a0099a', time: '2017-11-06T21:07:36.161Z'
System info: host: 'WEIZHENG', ip: '192.168.137.1', os.name: 'Windows 7', os.arch: 'amd64', os.version: '6.1', java.version: '1.8.0_181'
Driver info: com.kms.katalon.selenium.driver.CChromeDriver
Capabilities {acceptInsecureCerts: false, acceptSslCerts: false, applicationCacheEnabled: false, browserConnectionEnabled: false, browserName: chrome, chrome: {chromedriverVersion: 2.35.528161 (5b82f2d2aae0ca..., userDataDir: C:\Users\WEIZHE~1\AppData\L...}, cssSelectorsEnabled: true, databaseEnabled: false, handlesAlerts: true, hasTouchScreen: false, javascriptEnabled: true, locationContextEnabled: true, mobileEmulationEnabled: false, nativeEvents: true, networkConnectionEnabled: false, pageLoadStrategy: normal, platform: XP, platformName: XP, rotatable: false, setWindowRect: true, takesHeapSnapshot: true, takesScreenshot: true, unexpectedAlertBehaviour: , unhandledPromptBehavior: , version: 69.0.3497.100, webStorageEnabled: true}
Session ID: 55da07fda6d4a959f752d9f1b06fe72a)
[[ATTACHMENT|C:\\Users\\LENOVO\\Katalon Studio\\Perkeso Phase A\\Reports\\Workflow\\Update Add New Employee\\20181020_131102\\1540031203398.png]]

2018-10-20 18:26:43 - [TEST_STEP][PASSED] - delay: Delayed 3 second(s)

2018-10-20 18:26:46 - [MESSAGE][PASSED] - Delayed 3 second(s)

2018-10-20 18:26:46 - [TEST_STEP][PASSED] - waitForElementClickable: Object 'Object Repository/Final Object Repo/New Registration - Registration Module Pages/Third Screen - Upload Supporting Doc- Preview/Save n Continue in Uploading Supporting Doc Page' is clickable

2018-10-20 18:26:46 - [MESSAGE][PASSED] - Object 'Object Repository/Final Object Repo/New Registration - Registration Module Pages/Third Screen - Upload Supporting Doc- Preview/Save n Continue in Uploading Supporting Doc Page' is clickable

2018-10-20 18:26:46 - [TEST_STEP][FAILED] - click: Unable to click on object 'Object Repository/Final Object Repo/New Registration - Registration Module Pages/Third Screen - Upload Supporting Doc- Preview/Save n Continue in Uploading Supporting Doc Page' (Root cause: org.openqa.selenium.ElementNotVisibleException: element not visible
  (Session info: chrome=69.0.3497.100)
  (Driver info: chromedriver=2.35.528161 (5b82f2d2aae0ca24b877009200ced9065a772e73),platform=Windows NT 6.1.7601 SP1 x86_64) (WARNING: The server did not provide any stacktrace information)
Command duration or timeout: 0 milliseconds
Build info: version: '3.7.1', revision: '8a0099a', time: '2017-11-06T21:07:36.161Z'
System info: host: 'WEIZHENG', ip: '192.168.137.1', os.name: 'Windows 7', os.arch: 'amd64', os.version: '6.1', java.version: '1.8.0_181'
Driver info: com.kms.katalon.selenium.driver.CChromeDriver
Capabilities {acceptInsecureCerts: false, acceptSslCerts: false, applicationCacheEnabled: false, browserConnectionEnabled: false, browserName: chrome, chrome: {chromedriverVersion: 2.35.528161 (5b82f2d2aae0ca..., userDataDir: C:\Users\WEIZHE~1\AppData\L...}, cssSelectorsEnabled: true, databaseEnabled: false, handlesAlerts: true, hasTouchScreen: false, javascriptEnabled: true, locationContextEnabled: true, mobileEmulationEnabled: false, nativeEvents: true, networkConnectionEnabled: false, pageLoadStrategy: normal, platform: XP, platformName: XP, rotatable: false, setWindowRect: true, takesHeapSnapshot: true, takesScreenshot: true, unexpectedAlertBehaviour: , unhandledPromptBehavior: , version: 69.0.3497.100, webStorageEnabled: true}
Session ID: 55da07fda6d4a959f752d9f1b06fe72a)

2018-10-20 18:26:47 - [MESSAGE][FAILED] - Unable to click on object 'Object Repository/Final Object Repo/New Registration - Registration Module Pages/Third Screen - Upload Supporting Doc- Preview/Save n Continue in Uploading Supporting Doc Page' (Root cause: org.openqa.selenium.ElementNotVisibleException: element not visible
  (Session info: chrome=69.0.3497.100)
  (Driver info: chromedriver=2.35.528161 (5b82f2d2aae0ca24b877009200ced9065a772e73),platform=Windows NT 6.1.7601 SP1 x86_64) (WARNING: The server did not provide any stacktrace information)
Command duration or timeout: 0 milliseconds
Build info: version: '3.7.1', revision: '8a0099a', time: '2017-11-06T21:07:36.161Z'
System info: host: 'WEIZHENG', ip: '192.168.137.1', os.name: 'Windows 7', os.arch: 'amd64', os.version: '6.1', java.version: '1.8.0_181'
Driver info: com.kms.katalon.selenium.driver.CChromeDriver
Capabilities {acceptInsecureCerts: false, acceptSslCerts: false, applicationCacheEnabled: false, browserConnectionEnabled: false, browserName: chrome, chrome: {chromedriverVersion: 2.35.528161 (5b82f2d2aae0ca..., userDataDir: C:\Users\WEIZHE~1\AppData\L...}, cssSelectorsEnabled: true, databaseEnabled: false, handlesAlerts: true, hasTouchScreen: false, javascriptEnabled: true, locationContextEnabled: true, mobileEmulationEnabled: false, nativeEvents: true, networkConnectionEnabled: false, pageLoadStrategy: normal, platform: XP, platformName: XP, rotatable: false, setWindowRect: true, takesHeapSnapshot: true, takesScreenshot: true, unexpectedAlertBehaviour: , unhandledPromptBehavior: , version: 69.0.3497.100, webStorageEnabled: true}
Session ID: 55da07fda6d4a959f752d9f1b06fe72a)
[[ATTACHMENT|C:\\Users\\LENOVO\\Katalon Studio\\Perkeso Phase A\\Reports\\Workflow\\Update Add New Employee\\20181020_131102\\1540031206846.png]]

2018-10-20 18:26:47 - [MESSAGE][FAILED] - Unable to call Test Case with id 'Test Cases/Final Aug 2018 - PKS Automation/Registration Module/New Registration/Flow of New Registration/Third Screen - Upload Supporting Doc - Preview' (Root cause: Call Test Case 'Test Cases/Final Aug 2018 - PKS Automation/Registration Module/New Registration/Flow of New Registration/Third Screen - Upload Supporting Doc - Preview' failed)

2018-10-20 18:26:47 - [MESSAGE][FAILED] - Unable to call Test Case with id 'Test Cases/Final Aug 2018 - PKS Automation/Registration Module/Workflow/Update Add New Employee/Template/New Company for Update Add New' (Root cause: Call Test Case 'Test Cases/Final Aug 2018 - PKS Automation/Registration Module/Workflow/Update Add New Employee/Template/New Company for Update Add New' failed)]]></system-out>
         <system-err><![CDATA[2018-10-20 18:22:17 - [TEST_CASE][FAILED] - Test Cases/Final Aug 2018 - PKS Automation/Registration Module/Workflow/Update Add New Employee/Special Case (OTC - PKR BO -  RO Under Enforcement): Test Cases/Final Aug 2018 - PKS Automation/Registration Module/Workflow/Update Add New Employee/Special Case (OTC - PKR BO -  RO Under Enforcement) FAILED because (of) (Stack trace: com.kms.katalon.core.exception.StepFailedException: Unable to click on object 'Object Repository/Final Object Repo/New Registration - Registration Module Pages/Third Screen - Upload Supporting Doc- Preview/Select to Upload Borang SIP 2' (Root cause: org.openqa.selenium.WebDriverException: unknown error: Element <span>...</span> is not clickable at point (151, 567). Other element would receive the click: <li class="select2-results__option" id="select2-_newreg_WAR_registrationportlet_objdocTypeId-result-l2ii-134" role="treeitem" aria-selected="false">...</li>
  (Session info: chrome=69.0.3497.100)
  (Driver info: chromedriver=2.35.528161 (5b82f2d2aae0ca24b877009200ced9065a772e73),platform=Windows NT 6.1.7601 SP1 x86_64) (WARNING: The server did not provide any stacktrace information)
Command duration or timeout: 0 milliseconds
Build info: version: '3.7.1', revision: '8a0099a', time: '2017-11-06T21:07:36.161Z'
System info: host: 'WEIZHENG', ip: '192.168.137.1', os.name: 'Windows 7', os.arch: 'amd64', os.version: '6.1', java.version: '1.8.0_181'
Driver info: com.kms.katalon.selenium.driver.CChromeDriver
Capabilities {acceptInsecureCerts: false, acceptSslCerts: false, applicationCacheEnabled: false, browserConnectionEnabled: false, browserName: chrome, chrome: {chromedriverVersion: 2.35.528161 (5b82f2d2aae0ca..., userDataDir: C:\Users\WEIZHE~1\AppData\L...}, cssSelectorsEnabled: true, databaseEnabled: false, handlesAlerts: true, hasTouchScreen: false, javascriptEnabled: true, locationContextEnabled: true, mobileEmulationEnabled: false, nativeEvents: true, networkConnectionEnabled: false, pageLoadStrategy: normal, platform: XP, platformName: XP, rotatable: false, setWindowRect: true, takesHeapSnapshot: true, takesScreenshot: true, unexpectedAlertBehaviour: , unhandledPromptBehavior: , version: 69.0.3497.100, webStorageEnabled: true}
Session ID: 55da07fda6d4a959f752d9f1b06fe72a)
	at com.kms.katalon.core.keyword.internal.KeywordMain.stepFailed(KeywordMain.groovy:32)
	at com.kms.katalon.core.webui.keyword.internal.WebUIKeywordMain.stepFailed(WebUIKeywordMain.groovy:65)
	at com.kms.katalon.core.webui.keyword.internal.WebUIKeywordMain.runKeyword(WebUIKeywordMain.groovy:27)
	at com.kms.katalon.core.webui.keyword.builtin.ClickKeyword.click(ClickKeyword.groovy:86)
	at com.kms.katalon.core.webui.keyword.builtin.ClickKeyword.execute(ClickKeyword.groovy:67)
	at com.kms.katalon.core.keyword.internal.KeywordExecutor.executeKeywordForPlatform(KeywordExecutor.groovy:53)
	at com.kms.katalon.core.webui.keyword.WebUiBuiltInKeywords.click(WebUiBuiltInKeywords.groovy:616)
	at com.kms.katalon.core.webui.keyword.WebUiBuiltInKeywords$click$2.call(Unknown Source)
	at Script1534409664094.run(Script1534409664094.groovy:104)
	at com.kms.katalon.core.main.ScriptEngine.run(ScriptEngine.java:183)
	at com.kms.katalon.core.main.ScriptEngine.runScriptAsRawText(ScriptEngine.java:108)
	at com.kms.katalon.core.main.TestCaseExecutor.runScript(TestCaseExecutor.java:294)
	at com.kms.katalon.core.main.TestCaseExecutor.doExecute(TestCaseExecutor.java:285)
	at com.kms.katalon.core.main.TestCaseExecutor.processExecutionPhase(TestCaseExecutor.java:264)
	at com.kms.katalon.core.main.TestCaseExecutor.accessMainPhase(TestCaseExecutor.java:256)
	at com.kms.katalon.core.main.TestCaseExecutor.execute(TestCaseExecutor.java:200)
	at com.kms.katalon.core.main.TestCaseMain.runTestCase(TestCaseMain.java:99)
	at com.kms.katalon.core.keyword.builtin.CallTestCaseKeyword$_callTestCase_closure1.doCall(CallTestCaseKeyword.groovy:60)
	at com.kms.katalon.core.keyword.builtin.CallTestCaseKeyword$_callTestCase_closure1.call(CallTestCaseKeyword.groovy)
	at com.kms.katalon.core.keyword.internal.KeywordMain.runKeyword(KeywordMain.groovy:54)
	at com.kms.katalon.core.keyword.builtin.CallTestCaseKeyword.callTestCase(CallTestCaseKeyword.groovy:81)
	at com.kms.katalon.core.keyword.builtin.CallTestCaseKeyword.execute(CallTestCaseKeyword.groovy:45)
	at com.kms.katalon.core.keyword.internal.KeywordExecutor.executeKeywordForPlatform(KeywordExecutor.groovy:53)
	at com.kms.katalon.core.keyword.BuiltinKeywords.callTestCase(BuiltinKeywords.groovy:334)
	at sun.reflect.GeneratedMethodAccessor13.invoke(Unknown Source)
	at sun.reflect.DelegatingMethodAccessorImpl.invoke(DelegatingMethodAccessorImpl.java:43)
	at java.lang.reflect.Method.invoke(Method.java:498)
	at org.codehaus.groovy.reflection.CachedMethod.invoke(CachedMethod.java:93)
	at groovy.lang.MetaMethod.doMethodInvoke(MetaMethod.java:325)
	at groovy.lang.MetaClassImpl.invokeStaticMethod(MetaClassImpl.java:1469)
	at org.codehaus.groovy.runtime.callsite.StaticMetaClassSite.call(StaticMetaClassSite.java:53)
	at org.codehaus.groovy.runtime.callsite.AbstractCallSite.call(AbstractCallSite.java:141)
	at Script1536051799273.run(Script1536051799273.groovy:28)
	at com.kms.katalon.core.main.ScriptEngine.run(ScriptEngine.java:183)
	at com.kms.katalon.core.main.ScriptEngine.runScriptAsRawText(ScriptEngine.java:108)
	at com.kms.katalon.core.main.TestCaseExecutor.runScript(TestCaseExecutor.java:294)
	at com.kms.katalon.core.main.TestCaseExecutor.doExecute(TestCaseExecutor.java:285)
	at com.kms.katalon.core.main.TestCaseExecutor.processExecutionPhase(TestCaseExecutor.java:264)
	at com.kms.katalon.core.main.TestCaseExecutor.accessMainPhase(TestCaseExecutor.java:256)
	at com.kms.katalon.core.main.TestCaseExecutor.execute(TestCaseExecutor.java:200)
	at com.kms.katalon.core.main.TestCaseMain.runTestCase(TestCaseMain.java:99)
	at com.kms.katalon.core.keyword.builtin.CallTestCaseKeyword$_callTestCase_closure1.doCall(CallTestCaseKeyword.groovy:60)
	at com.kms.katalon.core.keyword.builtin.CallTestCaseKeyword$_callTestCase_closure1.call(CallTestCaseKeyword.groovy)
	at com.kms.katalon.core.keyword.internal.KeywordMain.runKeyword(KeywordMain.groovy:54)
	at com.kms.katalon.core.keyword.builtin.CallTestCaseKeyword.callTestCase(CallTestCaseKeyword.groovy:81)
	at com.kms.katalon.core.keyword.builtin.CallTestCaseKeyword.execute(CallTestCaseKeyword.groovy:45)
	at com.kms.katalon.core.keyword.internal.KeywordExecutor.executeKeywordForPlatform(KeywordExecutor.groovy:53)
	at com.kms.katalon.core.keyword.BuiltinKeywords.callTestCase(BuiltinKeywords.groovy:334)
	at sun.reflect.GeneratedMethodAccessor13.invoke(Unknown Source)
	at sun.reflect.DelegatingMethodAccessorImpl.invoke(DelegatingMethodAccessorImpl.java:43)
	at java.lang.reflect.Method.invoke(Method.java:498)
	at org.codehaus.groovy.reflection.CachedMethod.invoke(CachedMethod.java:93)
	at groovy.lang.MetaMethod.doMethodInvoke(MetaMethod.java:325)
	at groovy.lang.MetaClassImpl.invokeStaticMethod(MetaClassImpl.java:1469)
	at org.codehaus.groovy.runtime.callsite.StaticMetaClassSite.call(StaticMetaClassSite.java:53)
	at org.codehaus.groovy.runtime.callsite.CallSiteArray.defaultCall(CallSiteArray.java:48)
	at org.codehaus.groovy.runtime.callsite.AbstractCallSite.call(AbstractCallSite.java:113)
	at org.codehaus.groovy.runtime.callsite.AbstractCallSite.call(AbstractCallSite.java:141)
	at Script1536307034674.run(Script1536307034674.groovy:15)
	at com.kms.katalon.core.main.ScriptEngine.run(ScriptEngine.java:183)
	at com.kms.katalon.core.main.ScriptEngine.runScriptAsRawText(ScriptEngine.java:108)
	at com.kms.katalon.core.main.TestCaseExecutor.runScript(TestCaseExecutor.java:294)
	at com.kms.katalon.core.main.TestCaseExecutor.doExecute(TestCaseExecutor.java:285)
	at com.kms.katalon.core.main.TestCaseExecutor.processExecutionPhase(TestCaseExecutor.java:264)
	at com.kms.katalon.core.main.TestCaseExecutor.accessMainPhase(TestCaseExecutor.java:256)
	at com.kms.katalon.core.main.TestCaseExecutor.execute(TestCaseExecutor.java:200)
	at com.kms.katalon.core.main.TestSuiteExecutor.accessTestCaseMainPhase(TestSuiteExecutor.java:129)
	at com.kms.katalon.core.main.TestSuiteExecutor.accessTestSuiteMainPhase(TestSuiteExecutor.java:112)
	at com.kms.katalon.core.main.TestSuiteExecutor.execute(TestSuiteExecutor.java:81)
	at com.kms.katalon.core.main.TestCaseMain.startTestSuite(TestCaseMain.java:142)
	at com.kms.katalon.core.main.TestCaseMain$startTestSuite$0.call(Unknown Source)
	at org.codehaus.groovy.runtime.callsite.CallSiteArray.defaultCall(CallSiteArray.java:48)
	at org.codehaus.groovy.runtime.callsite.AbstractCallSite.call(AbstractCallSite.java:113)
	at org.codehaus.groovy.runtime.callsite.AbstractCallSite.call(AbstractCallSite.java:141)
	at TempTestSuite1540012262067.run(TempTestSuite1540012262067.groovy:36)
	at groovy.lang.GroovyShell.runScriptOrMainOrTestOrRunnable(GroovyShell.java:263)
	at groovy.lang.GroovyShell.run(GroovyShell.java:518)
	at groovy.lang.GroovyShell.run(GroovyShell.java:507)
	at groovy.ui.GroovyMain.processOnce(GroovyMain.java:653)
	at groovy.ui.GroovyMain.run(GroovyMain.java:384)
	at groovy.ui.GroovyMain.process(GroovyMain.java:370)
	at groovy.ui.GroovyMain.processArgs(GroovyMain.java:129)
	at groovy.ui.GroovyMain.main(GroovyMain.java:109)
	at sun.reflect.NativeMethodAccessorImpl.invoke0(Native Method)
	at sun.reflect.NativeMethodAccessorImpl.invoke(NativeMethodAccessorImpl.java:62)
	at sun.reflect.DelegatingMethodAccessorImpl.invoke(DelegatingMethodAccessorImpl.java:43)
	at java.lang.reflect.Method.invoke(Method.java:498)
	at org.codehaus.groovy.tools.GroovyStarter.rootLoader(GroovyStarter.java:109)
	at org.codehaus.groovy.tools.GroovyStarter.main(GroovyStarter.java:131)
)]]></system-err>
      </testcase>
      <testcase name="Test Cases/Final Aug 2018 - PKS Automation/Registration Module/Workflow/Update Add New Employee/Special Case (OTC - PKR BO - RO Query - PKR BO Upload Pending Case - RO Approve)" classname="Test Cases/Final Aug 2018 - PKS Automation/Registration Module/Workflow/Update Add New Employee/Special Case (OTC - PKR BO - RO Query - PKR BO Upload Pending Case - RO Approve)" status="FAILED">
         <failure type="FAILED" message="(Stack trace: com.kms.katalon.core.exception.StepFailedException: Unable to click on object 'Object Repository/Final Object Repo/New Registration - Registration Module Pages/Third Screen - Upload Supporting Doc- Preview/Select to Upload Borang SIP 2' (Root cause: org.openqa.selenium.WebDriverException: unknown error: Element &lt;span>...&lt;/span> is not clickable at point (151, 567). Other element would receive the click: &lt;li class=&quot;select2-results__option&quot; id=&quot;select2-_newreg_WAR_registrationportlet_objdocTypeId-result-anzs-134&quot; role=&quot;treeitem&quot; aria-selected=&quot;false&quot;>...&lt;/li>
  (Session info: chrome=69.0.3497.100)
  (Driver info: chromedriver=2.35.528161 (5b82f2d2aae0ca24b877009200ced9065a772e73),platform=Windows NT 6.1.7601 SP1 x86_64) (WARNING: The server did not provide any stacktrace information)
Command duration or timeout: 0 milliseconds
Build info: version: '3.7.1', revision: '8a0099a', time: '2017-11-06T21:07:36.161Z'
System info: host: 'WEIZHENG', ip: '192.168.137.1', os.name: 'Windows 7', os.arch: 'amd64', os.version: '6.1', java.version: '1.8.0_181'
Driver info: com.kms.katalon.selenium.driver.CChromeDriver
Capabilities {acceptInsecureCerts: false, acceptSslCerts: false, applicationCacheEnabled: false, browserConnectionEnabled: false, browserName: chrome, chrome: {chromedriverVersion: 2.35.528161 (5b82f2d2aae0ca..., userDataDir: C:\Users\WEIZHE~1\AppData\L...}, cssSelectorsEnabled: true, databaseEnabled: false, handlesAlerts: true, hasTouchScreen: false, javascriptEnabled: true, locationContextEnabled: true, mobileEmulationEnabled: false, nativeEvents: true, networkConnectionEnabled: false, pageLoadStrategy: normal, platform: XP, platformName: XP, rotatable: false, setWindowRect: true, takesHeapSnapshot: true, takesScreenshot: true, unexpectedAlertBehaviour: , unhandledPromptBehavior: , version: 69.0.3497.100, webStorageEnabled: true}
Session ID: 11d59264dfde1d83c2a592dc23f6e760)
	at com.kms.katalon.core.keyword.internal.KeywordMain.stepFailed(KeywordMain.groovy:32)
	at com.kms.katalon.core.webui.keyword.internal.WebUIKeywordMain.stepFailed(WebUIKeywordMain.groovy:65)
	at com.kms.katalon.core.webui.keyword.internal.WebUIKeywordMain.runKeyword(WebUIKeywordMain.groovy:27)
	at com.kms.katalon.core.webui.keyword.builtin.ClickKeyword.click(ClickKeyword.groovy:86)
	at com.kms.katalon.core.webui.keyword.builtin.ClickKeyword.execute(ClickKeyword.groovy:67)
	at com.kms.katalon.core.keyword.internal.KeywordExecutor.executeKeywordForPlatform(KeywordExecutor.groovy:53)
	at com.kms.katalon.core.webui.keyword.WebUiBuiltInKeywords.click(WebUiBuiltInKeywords.groovy:616)
	at com.kms.katalon.core.webui.keyword.WebUiBuiltInKeywords$click$2.call(Unknown Source)
	at Script1534409664094.run(Script1534409664094.groovy:104)
	at com.kms.katalon.core.main.ScriptEngine.run(ScriptEngine.java:183)
	at com.kms.katalon.core.main.ScriptEngine.runScriptAsRawText(ScriptEngine.java:108)
	at com.kms.katalon.core.main.TestCaseExecutor.runScript(TestCaseExecutor.java:294)
	at com.kms.katalon.core.main.TestCaseExecutor.doExecute(TestCaseExecutor.java:285)
	at com.kms.katalon.core.main.TestCaseExecutor.processExecutionPhase(TestCaseExecutor.java:264)
	at com.kms.katalon.core.main.TestCaseExecutor.accessMainPhase(TestCaseExecutor.java:256)
	at com.kms.katalon.core.main.TestCaseExecutor.execute(TestCaseExecutor.java:200)
	at com.kms.katalon.core.main.TestCaseMain.runTestCase(TestCaseMain.java:99)
	at com.kms.katalon.core.keyword.builtin.CallTestCaseKeyword$_callTestCase_closure1.doCall(CallTestCaseKeyword.groovy:60)
	at com.kms.katalon.core.keyword.builtin.CallTestCaseKeyword$_callTestCase_closure1.call(CallTestCaseKeyword.groovy)
	at com.kms.katalon.core.keyword.internal.KeywordMain.runKeyword(KeywordMain.groovy:54)
	at com.kms.katalon.core.keyword.builtin.CallTestCaseKeyword.callTestCase(CallTestCaseKeyword.groovy:81)
	at com.kms.katalon.core.keyword.builtin.CallTestCaseKeyword.execute(CallTestCaseKeyword.groovy:45)
	at com.kms.katalon.core.keyword.internal.KeywordExecutor.executeKeywordForPlatform(KeywordExecutor.groovy:53)
	at com.kms.katalon.core.keyword.BuiltinKeywords.callTestCase(BuiltinKeywords.groovy:334)
	at sun.reflect.GeneratedMethodAccessor13.invoke(Unknown Source)
	at sun.reflect.DelegatingMethodAccessorImpl.invoke(DelegatingMethodAccessorImpl.java:43)
	at java.lang.reflect.Method.invoke(Method.java:498)
	at org.codehaus.groovy.reflection.CachedMethod.invoke(CachedMethod.java:93)
	at groovy.lang.MetaMethod.doMethodInvoke(MetaMethod.java:325)
	at groovy.lang.MetaClassImpl.invokeStaticMethod(MetaClassImpl.java:1469)
	at org.codehaus.groovy.runtime.callsite.StaticMetaClassSite.call(StaticMetaClassSite.java:53)
	at org.codehaus.groovy.runtime.callsite.AbstractCallSite.call(AbstractCallSite.java:141)
	at Script1536051799273.run(Script1536051799273.groovy:28)
	at com.kms.katalon.core.main.ScriptEngine.run(ScriptEngine.java:183)
	at com.kms.katalon.core.main.ScriptEngine.runScriptAsRawText(ScriptEngine.java:108)
	at com.kms.katalon.core.main.TestCaseExecutor.runScript(TestCaseExecutor.java:294)
	at com.kms.katalon.core.main.TestCaseExecutor.doExecute(TestCaseExecutor.java:285)
	at com.kms.katalon.core.main.TestCaseExecutor.processExecutionPhase(TestCaseExecutor.java:264)
	at com.kms.katalon.core.main.TestCaseExecutor.accessMainPhase(TestCaseExecutor.java:256)
	at com.kms.katalon.core.main.TestCaseExecutor.execute(TestCaseExecutor.java:200)
	at com.kms.katalon.core.main.TestCaseMain.runTestCase(TestCaseMain.java:99)
	at com.kms.katalon.core.keyword.builtin.CallTestCaseKeyword$_callTestCase_closure1.doCall(CallTestCaseKeyword.groovy:60)
	at com.kms.katalon.core.keyword.builtin.CallTestCaseKeyword$_callTestCase_closure1.call(CallTestCaseKeyword.groovy)
	at com.kms.katalon.core.keyword.internal.KeywordMain.runKeyword(KeywordMain.groovy:54)
	at com.kms.katalon.core.keyword.builtin.CallTestCaseKeyword.callTestCase(CallTestCaseKeyword.groovy:81)
	at com.kms.katalon.core.keyword.builtin.CallTestCaseKeyword.execute(CallTestCaseKeyword.groovy:45)
	at com.kms.katalon.core.keyword.internal.KeywordExecutor.executeKeywordForPlatform(KeywordExecutor.groovy:53)
	at com.kms.katalon.core.keyword.BuiltinKeywords.callTestCase(BuiltinKeywords.groovy:334)
	at sun.reflect.GeneratedMethodAccessor13.invoke(Unknown Source)
	at sun.reflect.DelegatingMethodAccessorImpl.invoke(DelegatingMethodAccessorImpl.java:43)
	at java.lang.reflect.Method.invoke(Method.java:498)
	at org.codehaus.groovy.reflection.CachedMethod.invoke(CachedMethod.java:93)
	at groovy.lang.MetaMethod.doMethodInvoke(MetaMethod.java:325)
	at groovy.lang.MetaClassImpl.invokeStaticMethod(MetaClassImpl.java:1469)
	at org.codehaus.groovy.runtime.callsite.StaticMetaClassSite.call(StaticMetaClassSite.java:53)
	at org.codehaus.groovy.runtime.callsite.CallSiteArray.defaultCall(CallSiteArray.java:48)
	at org.codehaus.groovy.runtime.callsite.AbstractCallSite.call(AbstractCallSite.java:113)
	at org.codehaus.groovy.runtime.callsite.AbstractCallSite.call(AbstractCallSite.java:141)
	at Script1536223156094.run(Script1536223156094.groovy:15)
	at com.kms.katalon.core.main.ScriptEngine.run(ScriptEngine.java:183)
	at com.kms.katalon.core.main.ScriptEngine.runScriptAsRawText(ScriptEngine.java:108)
	at com.kms.katalon.core.main.TestCaseExecutor.runScript(TestCaseExecutor.java:294)
	at com.kms.katalon.core.main.TestCaseExecutor.doExecute(TestCaseExecutor.java:285)
	at com.kms.katalon.core.main.TestCaseExecutor.processExecutionPhase(TestCaseExecutor.java:264)
	at com.kms.katalon.core.main.TestCaseExecutor.accessMainPhase(TestCaseExecutor.java:256)
	at com.kms.katalon.core.main.TestCaseExecutor.execute(TestCaseExecutor.java:200)
	at com.kms.katalon.core.main.TestSuiteExecutor.accessTestCaseMainPhase(TestSuiteExecutor.java:129)
	at com.kms.katalon.core.main.TestSuiteExecutor.accessTestSuiteMainPhase(TestSuiteExecutor.java:112)
	at com.kms.katalon.core.main.TestSuiteExecutor.execute(TestSuiteExecutor.java:81)
	at com.kms.katalon.core.main.TestCaseMain.startTestSuite(TestCaseMain.java:142)
	at com.kms.katalon.core.main.TestCaseMain$startTestSuite$0.call(Unknown Source)
	at org.codehaus.groovy.runtime.callsite.CallSiteArray.defaultCall(CallSiteArray.java:48)
	at org.codehaus.groovy.runtime.callsite.AbstractCallSite.call(AbstractCallSite.java:113)
	at org.codehaus.groovy.runtime.callsite.AbstractCallSite.call(AbstractCallSite.java:141)
	at TempTestSuite1540012262067.run(TempTestSuite1540012262067.groovy:36)
	at groovy.lang.GroovyShell.runScriptOrMainOrTestOrRunnable(GroovyShell.java:263)
	at groovy.lang.GroovyShell.run(GroovyShell.java:518)
	at groovy.lang.GroovyShell.run(GroovyShell.java:507)
	at groovy.ui.GroovyMain.processOnce(GroovyMain.java:653)
	at groovy.ui.GroovyMain.run(GroovyMain.java:384)
	at groovy.ui.GroovyMain.process(GroovyMain.java:370)
	at groovy.ui.GroovyMain.processArgs(GroovyMain.java:129)
	at groovy.ui.GroovyMain.main(GroovyMain.java:109)
	at sun.reflect.NativeMethodAccessorImpl.invoke0(Native Method)
	at sun.reflect.NativeMethodAccessorImpl.invoke(NativeMethodAccessorImpl.java:62)
	at sun.reflect.DelegatingMethodAccessorImpl.invoke(DelegatingMethodAccessorImpl.java:43)
	at java.lang.reflect.Method.invoke(Method.java:498)
	at org.codehaus.groovy.tools.GroovyStarter.rootLoader(GroovyStarter.java:109)
	at org.codehaus.groovy.tools.GroovyStarter.main(GroovyStarter.java:131)
)"/>
         <system-out><![CDATA[2018-10-20 18:26:47 - [TEST_CASE][FAILED] - Test Cases/Final Aug 2018 - PKS Automation/Registration Module/Workflow/Update Add New Employee/Special Case (OTC - PKR BO - RO Query - PKR BO Upload Pending Case - RO Approve): Test Cases/Final Aug 2018 - PKS Automation/Registration Module/Workflow/Update Add New Employee/Special Case (OTC - PKR BO - RO Query - PKR BO Upload Pending Case - RO Approve) FAILED because (of) (Stack trace: com.kms.katalon.core.exception.StepFailedException: Unable to click on object 'Object Repository/Final Object Repo/New Registration - Registration Module Pages/Third Screen - Upload Supporting Doc- Preview/Select to Upload Borang SIP 2' (Root cause: org.openqa.selenium.WebDriverException: unknown error: Element <span>...</span> is not clickable at point (151, 567). Other element would receive the click: <li class="select2-results__option" id="select2-_newreg_WAR_registrationportlet_objdocTypeId-result-anzs-134" role="treeitem" aria-selected="false">...</li>
  (Session info: chrome=69.0.3497.100)
  (Driver info: chromedriver=2.35.528161 (5b82f2d2aae0ca24b877009200ced9065a772e73),platform=Windows NT 6.1.7601 SP1 x86_64) (WARNING: The server did not provide any stacktrace information)
Command duration or timeout: 0 milliseconds
Build info: version: '3.7.1', revision: '8a0099a', time: '2017-11-06T21:07:36.161Z'
System info: host: 'WEIZHENG', ip: '192.168.137.1', os.name: 'Windows 7', os.arch: 'amd64', os.version: '6.1', java.version: '1.8.0_181'
Driver info: com.kms.katalon.selenium.driver.CChromeDriver
Capabilities {acceptInsecureCerts: false, acceptSslCerts: false, applicationCacheEnabled: false, browserConnectionEnabled: false, browserName: chrome, chrome: {chromedriverVersion: 2.35.528161 (5b82f2d2aae0ca..., userDataDir: C:\Users\WEIZHE~1\AppData\L...}, cssSelectorsEnabled: true, databaseEnabled: false, handlesAlerts: true, hasTouchScreen: false, javascriptEnabled: true, locationContextEnabled: true, mobileEmulationEnabled: false, nativeEvents: true, networkConnectionEnabled: false, pageLoadStrategy: normal, platform: XP, platformName: XP, rotatable: false, setWindowRect: true, takesHeapSnapshot: true, takesScreenshot: true, unexpectedAlertBehaviour: , unhandledPromptBehavior: , version: 69.0.3497.100, webStorageEnabled: true}
Session ID: 11d59264dfde1d83c2a592dc23f6e760)
	at com.kms.katalon.core.keyword.internal.KeywordMain.stepFailed(KeywordMain.groovy:32)
	at com.kms.katalon.core.webui.keyword.internal.WebUIKeywordMain.stepFailed(WebUIKeywordMain.groovy:65)
	at com.kms.katalon.core.webui.keyword.internal.WebUIKeywordMain.runKeyword(WebUIKeywordMain.groovy:27)
	at com.kms.katalon.core.webui.keyword.builtin.ClickKeyword.click(ClickKeyword.groovy:86)
	at com.kms.katalon.core.webui.keyword.builtin.ClickKeyword.execute(ClickKeyword.groovy:67)
	at com.kms.katalon.core.keyword.internal.KeywordExecutor.executeKeywordForPlatform(KeywordExecutor.groovy:53)
	at com.kms.katalon.core.webui.keyword.WebUiBuiltInKeywords.click(WebUiBuiltInKeywords.groovy:616)
	at com.kms.katalon.core.webui.keyword.WebUiBuiltInKeywords$click$2.call(Unknown Source)
	at Script1534409664094.run(Script1534409664094.groovy:104)
	at com.kms.katalon.core.main.ScriptEngine.run(ScriptEngine.java:183)
	at com.kms.katalon.core.main.ScriptEngine.runScriptAsRawText(ScriptEngine.java:108)
	at com.kms.katalon.core.main.TestCaseExecutor.runScript(TestCaseExecutor.java:294)
	at com.kms.katalon.core.main.TestCaseExecutor.doExecute(TestCaseExecutor.java:285)
	at com.kms.katalon.core.main.TestCaseExecutor.processExecutionPhase(TestCaseExecutor.java:264)
	at com.kms.katalon.core.main.TestCaseExecutor.accessMainPhase(TestCaseExecutor.java:256)
	at com.kms.katalon.core.main.TestCaseExecutor.execute(TestCaseExecutor.java:200)
	at com.kms.katalon.core.main.TestCaseMain.runTestCase(TestCaseMain.java:99)
	at com.kms.katalon.core.keyword.builtin.CallTestCaseKeyword$_callTestCase_closure1.doCall(CallTestCaseKeyword.groovy:60)
	at com.kms.katalon.core.keyword.builtin.CallTestCaseKeyword$_callTestCase_closure1.call(CallTestCaseKeyword.groovy)
	at com.kms.katalon.core.keyword.internal.KeywordMain.runKeyword(KeywordMain.groovy:54)
	at com.kms.katalon.core.keyword.builtin.CallTestCaseKeyword.callTestCase(CallTestCaseKeyword.groovy:81)
	at com.kms.katalon.core.keyword.builtin.CallTestCaseKeyword.execute(CallTestCaseKeyword.groovy:45)
	at com.kms.katalon.core.keyword.internal.KeywordExecutor.executeKeywordForPlatform(KeywordExecutor.groovy:53)
	at com.kms.katalon.core.keyword.BuiltinKeywords.callTestCase(BuiltinKeywords.groovy:334)
	at sun.reflect.GeneratedMethodAccessor13.invoke(Unknown Source)
	at sun.reflect.DelegatingMethodAccessorImpl.invoke(DelegatingMethodAccessorImpl.java:43)
	at java.lang.reflect.Method.invoke(Method.java:498)
	at org.codehaus.groovy.reflection.CachedMethod.invoke(CachedMethod.java:93)
	at groovy.lang.MetaMethod.doMethodInvoke(MetaMethod.java:325)
	at groovy.lang.MetaClassImpl.invokeStaticMethod(MetaClassImpl.java:1469)
	at org.codehaus.groovy.runtime.callsite.StaticMetaClassSite.call(StaticMetaClassSite.java:53)
	at org.codehaus.groovy.runtime.callsite.AbstractCallSite.call(AbstractCallSite.java:141)
	at Script1536051799273.run(Script1536051799273.groovy:28)
	at com.kms.katalon.core.main.ScriptEngine.run(ScriptEngine.java:183)
	at com.kms.katalon.core.main.ScriptEngine.runScriptAsRawText(ScriptEngine.java:108)
	at com.kms.katalon.core.main.TestCaseExecutor.runScript(TestCaseExecutor.java:294)
	at com.kms.katalon.core.main.TestCaseExecutor.doExecute(TestCaseExecutor.java:285)
	at com.kms.katalon.core.main.TestCaseExecutor.processExecutionPhase(TestCaseExecutor.java:264)
	at com.kms.katalon.core.main.TestCaseExecutor.accessMainPhase(TestCaseExecutor.java:256)
	at com.kms.katalon.core.main.TestCaseExecutor.execute(TestCaseExecutor.java:200)
	at com.kms.katalon.core.main.TestCaseMain.runTestCase(TestCaseMain.java:99)
	at com.kms.katalon.core.keyword.builtin.CallTestCaseKeyword$_callTestCase_closure1.doCall(CallTestCaseKeyword.groovy:60)
	at com.kms.katalon.core.keyword.builtin.CallTestCaseKeyword$_callTestCase_closure1.call(CallTestCaseKeyword.groovy)
	at com.kms.katalon.core.keyword.internal.KeywordMain.runKeyword(KeywordMain.groovy:54)
	at com.kms.katalon.core.keyword.builtin.CallTestCaseKeyword.callTestCase(CallTestCaseKeyword.groovy:81)
	at com.kms.katalon.core.keyword.builtin.CallTestCaseKeyword.execute(CallTestCaseKeyword.groovy:45)
	at com.kms.katalon.core.keyword.internal.KeywordExecutor.executeKeywordForPlatform(KeywordExecutor.groovy:53)
	at com.kms.katalon.core.keyword.BuiltinKeywords.callTestCase(BuiltinKeywords.groovy:334)
	at sun.reflect.GeneratedMethodAccessor13.invoke(Unknown Source)
	at sun.reflect.DelegatingMethodAccessorImpl.invoke(DelegatingMethodAccessorImpl.java:43)
	at java.lang.reflect.Method.invoke(Method.java:498)
	at org.codehaus.groovy.reflection.CachedMethod.invoke(CachedMethod.java:93)
	at groovy.lang.MetaMethod.doMethodInvoke(MetaMethod.java:325)
	at groovy.lang.MetaClassImpl.invokeStaticMethod(MetaClassImpl.java:1469)
	at org.codehaus.groovy.runtime.callsite.StaticMetaClassSite.call(StaticMetaClassSite.java:53)
	at org.codehaus.groovy.runtime.callsite.CallSiteArray.defaultCall(CallSiteArray.java:48)
	at org.codehaus.groovy.runtime.callsite.AbstractCallSite.call(AbstractCallSite.java:113)
	at org.codehaus.groovy.runtime.callsite.AbstractCallSite.call(AbstractCallSite.java:141)
	at Script1536223156094.run(Script1536223156094.groovy:15)
	at com.kms.katalon.core.main.ScriptEngine.run(ScriptEngine.java:183)
	at com.kms.katalon.core.main.ScriptEngine.runScriptAsRawText(ScriptEngine.java:108)
	at com.kms.katalon.core.main.TestCaseExecutor.runScript(TestCaseExecutor.java:294)
	at com.kms.katalon.core.main.TestCaseExecutor.doExecute(TestCaseExecutor.java:285)
	at com.kms.katalon.core.main.TestCaseExecutor.processExecutionPhase(TestCaseExecutor.java:264)
	at com.kms.katalon.core.main.TestCaseExecutor.accessMainPhase(TestCaseExecutor.java:256)
	at com.kms.katalon.core.main.TestCaseExecutor.execute(TestCaseExecutor.java:200)
	at com.kms.katalon.core.main.TestSuiteExecutor.accessTestCaseMainPhase(TestSuiteExecutor.java:129)
	at com.kms.katalon.core.main.TestSuiteExecutor.accessTestSuiteMainPhase(TestSuiteExecutor.java:112)
	at com.kms.katalon.core.main.TestSuiteExecutor.execute(TestSuiteExecutor.java:81)
	at com.kms.katalon.core.main.TestCaseMain.startTestSuite(TestCaseMain.java:142)
	at com.kms.katalon.core.main.TestCaseMain$startTestSuite$0.call(Unknown Source)
	at org.codehaus.groovy.runtime.callsite.CallSiteArray.defaultCall(CallSiteArray.java:48)
	at org.codehaus.groovy.runtime.callsite.AbstractCallSite.call(AbstractCallSite.java:113)
	at org.codehaus.groovy.runtime.callsite.AbstractCallSite.call(AbstractCallSite.java:141)
	at TempTestSuite1540012262067.run(TempTestSuite1540012262067.groovy:36)
	at groovy.lang.GroovyShell.runScriptOrMainOrTestOrRunnable(GroovyShell.java:263)
	at groovy.lang.GroovyShell.run(GroovyShell.java:518)
	at groovy.lang.GroovyShell.run(GroovyShell.java:507)
	at groovy.ui.GroovyMain.processOnce(GroovyMain.java:653)
	at groovy.ui.GroovyMain.run(GroovyMain.java:384)
	at groovy.ui.GroovyMain.process(GroovyMain.java:370)
	at groovy.ui.GroovyMain.processArgs(GroovyMain.java:129)
	at groovy.ui.GroovyMain.main(GroovyMain.java:109)
	at sun.reflect.NativeMethodAccessorImpl.invoke0(Native Method)
	at sun.reflect.NativeMethodAccessorImpl.invoke(NativeMethodAccessorImpl.java:62)
	at sun.reflect.DelegatingMethodAccessorImpl.invoke(DelegatingMethodAccessorImpl.java:43)
	at java.lang.reflect.Method.invoke(Method.java:498)
	at org.codehaus.groovy.tools.GroovyStarter.rootLoader(GroovyStarter.java:109)
	at org.codehaus.groovy.tools.GroovyStarter.main(GroovyStarter.java:131)
)

2018-10-20 18:26:47 - [TEST_STEP][FAILED] - callTestCase: Unable to call Test Case with id 'Test Cases/Final Aug 2018 - PKS Automation/Registration Module/Workflow/Update Add New Employee/Template/New Company for Update Add New' (Root cause: Call Test Case 'Test Cases/Final Aug 2018 - PKS Automation/Registration Module/Workflow/Update Add New Employee/Template/New Company for Update Add New' failed)

2018-10-20 18:26:47 - [TEST_CASE][FAILED] - Test Cases/Final Aug 2018 - PKS Automation/Registration Module/Workflow/Update Add New Employee/Template/New Company for Update Add New: Test Cases/Final Aug 2018 - PKS Automation/Registration Module/Workflow/Update Add New Employee/Template/New Company for Update Add New FAILED because (of) (Stack trace: com.kms.katalon.core.exception.StepFailedException: Unable to click on object 'Object Repository/Final Object Repo/New Registration - Registration Module Pages/Third Screen - Upload Supporting Doc- Preview/Select to Upload Borang SIP 2' (Root cause: org.openqa.selenium.WebDriverException: unknown error: Element <span>...</span> is not clickable at point (151, 567). Other element would receive the click: <li class="select2-results__option" id="select2-_newreg_WAR_registrationportlet_objdocTypeId-result-anzs-134" role="treeitem" aria-selected="false">...</li>
  (Session info: chrome=69.0.3497.100)
  (Driver info: chromedriver=2.35.528161 (5b82f2d2aae0ca24b877009200ced9065a772e73),platform=Windows NT 6.1.7601 SP1 x86_64) (WARNING: The server did not provide any stacktrace information)
Command duration or timeout: 0 milliseconds
Build info: version: '3.7.1', revision: '8a0099a', time: '2017-11-06T21:07:36.161Z'
System info: host: 'WEIZHENG', ip: '192.168.137.1', os.name: 'Windows 7', os.arch: 'amd64', os.version: '6.1', java.version: '1.8.0_181'
Driver info: com.kms.katalon.selenium.driver.CChromeDriver
Capabilities {acceptInsecureCerts: false, acceptSslCerts: false, applicationCacheEnabled: false, browserConnectionEnabled: false, browserName: chrome, chrome: {chromedriverVersion: 2.35.528161 (5b82f2d2aae0ca..., userDataDir: C:\Users\WEIZHE~1\AppData\L...}, cssSelectorsEnabled: true, databaseEnabled: false, handlesAlerts: true, hasTouchScreen: false, javascriptEnabled: true, locationContextEnabled: true, mobileEmulationEnabled: false, nativeEvents: true, networkConnectionEnabled: false, pageLoadStrategy: normal, platform: XP, platformName: XP, rotatable: false, setWindowRect: true, takesHeapSnapshot: true, takesScreenshot: true, unexpectedAlertBehaviour: , unhandledPromptBehavior: , version: 69.0.3497.100, webStorageEnabled: true}
Session ID: 11d59264dfde1d83c2a592dc23f6e760)
	at com.kms.katalon.core.keyword.internal.KeywordMain.stepFailed(KeywordMain.groovy:32)
	at com.kms.katalon.core.webui.keyword.internal.WebUIKeywordMain.stepFailed(WebUIKeywordMain.groovy:65)
	at com.kms.katalon.core.webui.keyword.internal.WebUIKeywordMain.runKeyword(WebUIKeywordMain.groovy:27)
	at com.kms.katalon.core.webui.keyword.builtin.ClickKeyword.click(ClickKeyword.groovy:86)
	at com.kms.katalon.core.webui.keyword.builtin.ClickKeyword.execute(ClickKeyword.groovy:67)
	at com.kms.katalon.core.keyword.internal.KeywordExecutor.executeKeywordForPlatform(KeywordExecutor.groovy:53)
	at com.kms.katalon.core.webui.keyword.WebUiBuiltInKeywords.click(WebUiBuiltInKeywords.groovy:616)
	at com.kms.katalon.core.webui.keyword.WebUiBuiltInKeywords$click$2.call(Unknown Source)
	at Script1534409664094.run(Script1534409664094.groovy:104)
	at com.kms.katalon.core.main.ScriptEngine.run(ScriptEngine.java:183)
	at com.kms.katalon.core.main.ScriptEngine.runScriptAsRawText(ScriptEngine.java:108)
	at com.kms.katalon.core.main.TestCaseExecutor.runScript(TestCaseExecutor.java:294)
	at com.kms.katalon.core.main.TestCaseExecutor.doExecute(TestCaseExecutor.java:285)
	at com.kms.katalon.core.main.TestCaseExecutor.processExecutionPhase(TestCaseExecutor.java:264)
	at com.kms.katalon.core.main.TestCaseExecutor.accessMainPhase(TestCaseExecutor.java:256)
	at com.kms.katalon.core.main.TestCaseExecutor.execute(TestCaseExecutor.java:200)
	at com.kms.katalon.core.main.TestCaseMain.runTestCase(TestCaseMain.java:99)
	at com.kms.katalon.core.keyword.builtin.CallTestCaseKeyword$_callTestCase_closure1.doCall(CallTestCaseKeyword.groovy:60)
	at com.kms.katalon.core.keyword.builtin.CallTestCaseKeyword$_callTestCase_closure1.call(CallTestCaseKeyword.groovy)
	at com.kms.katalon.core.keyword.internal.KeywordMain.runKeyword(KeywordMain.groovy:54)
	at com.kms.katalon.core.keyword.builtin.CallTestCaseKeyword.callTestCase(CallTestCaseKeyword.groovy:81)
	at com.kms.katalon.core.keyword.builtin.CallTestCaseKeyword.execute(CallTestCaseKeyword.groovy:45)
	at com.kms.katalon.core.keyword.internal.KeywordExecutor.executeKeywordForPlatform(KeywordExecutor.groovy:53)
	at com.kms.katalon.core.keyword.BuiltinKeywords.callTestCase(BuiltinKeywords.groovy:334)
	at sun.reflect.GeneratedMethodAccessor13.invoke(Unknown Source)
	at sun.reflect.DelegatingMethodAccessorImpl.invoke(DelegatingMethodAccessorImpl.java:43)
	at java.lang.reflect.Method.invoke(Method.java:498)
	at org.codehaus.groovy.reflection.CachedMethod.invoke(CachedMethod.java:93)
	at groovy.lang.MetaMethod.doMethodInvoke(MetaMethod.java:325)
	at groovy.lang.MetaClassImpl.invokeStaticMethod(MetaClassImpl.java:1469)
	at org.codehaus.groovy.runtime.callsite.StaticMetaClassSite.call(StaticMetaClassSite.java:53)
	at org.codehaus.groovy.runtime.callsite.AbstractCallSite.call(AbstractCallSite.java:141)
	at Script1536051799273.run(Script1536051799273.groovy:28)
	at com.kms.katalon.core.main.ScriptEngine.run(ScriptEngine.java:183)
	at com.kms.katalon.core.main.ScriptEngine.runScriptAsRawText(ScriptEngine.java:108)
	at com.kms.katalon.core.main.TestCaseExecutor.runScript(TestCaseExecutor.java:294)
	at com.kms.katalon.core.main.TestCaseExecutor.doExecute(TestCaseExecutor.java:285)
	at com.kms.katalon.core.main.TestCaseExecutor.processExecutionPhase(TestCaseExecutor.java:264)
	at com.kms.katalon.core.main.TestCaseExecutor.accessMainPhase(TestCaseExecutor.java:256)
	at com.kms.katalon.core.main.TestCaseExecutor.execute(TestCaseExecutor.java:200)
	at com.kms.katalon.core.main.TestCaseMain.runTestCase(TestCaseMain.java:99)
	at com.kms.katalon.core.keyword.builtin.CallTestCaseKeyword$_callTestCase_closure1.doCall(CallTestCaseKeyword.groovy:60)
	at com.kms.katalon.core.keyword.builtin.CallTestCaseKeyword$_callTestCase_closure1.call(CallTestCaseKeyword.groovy)
	at com.kms.katalon.core.keyword.internal.KeywordMain.runKeyword(KeywordMain.groovy:54)
	at com.kms.katalon.core.keyword.builtin.CallTestCaseKeyword.callTestCase(CallTestCaseKeyword.groovy:81)
	at com.kms.katalon.core.keyword.builtin.CallTestCaseKeyword.execute(CallTestCaseKeyword.groovy:45)
	at com.kms.katalon.core.keyword.internal.KeywordExecutor.executeKeywordForPlatform(KeywordExecutor.groovy:53)
	at com.kms.katalon.core.keyword.BuiltinKeywords.callTestCase(BuiltinKeywords.groovy:334)
	at sun.reflect.GeneratedMethodAccessor13.invoke(Unknown Source)
	at sun.reflect.DelegatingMethodAccessorImpl.invoke(DelegatingMethodAccessorImpl.java:43)
	at java.lang.reflect.Method.invoke(Method.java:498)
	at org.codehaus.groovy.reflection.CachedMethod.invoke(CachedMethod.java:93)
	at groovy.lang.MetaMethod.doMethodInvoke(MetaMethod.java:325)
	at groovy.lang.MetaClassImpl.invokeStaticMethod(MetaClassImpl.java:1469)
	at org.codehaus.groovy.runtime.callsite.StaticMetaClassSite.call(StaticMetaClassSite.java:53)
	at org.codehaus.groovy.runtime.callsite.CallSiteArray.defaultCall(CallSiteArray.java:48)
	at org.codehaus.groovy.runtime.callsite.AbstractCallSite.call(AbstractCallSite.java:113)
	at org.codehaus.groovy.runtime.callsite.AbstractCallSite.call(AbstractCallSite.java:141)
	at Script1536223156094.run(Script1536223156094.groovy:15)
	at com.kms.katalon.core.main.ScriptEngine.run(ScriptEngine.java:183)
	at com.kms.katalon.core.main.ScriptEngine.runScriptAsRawText(ScriptEngine.java:108)
	at com.kms.katalon.core.main.TestCaseExecutor.runScript(TestCaseExecutor.java:294)
	at com.kms.katalon.core.main.TestCaseExecutor.doExecute(TestCaseExecutor.java:285)
	at com.kms.katalon.core.main.TestCaseExecutor.processExecutionPhase(TestCaseExecutor.java:264)
	at com.kms.katalon.core.main.TestCaseExecutor.accessMainPhase(TestCaseExecutor.java:256)
	at com.kms.katalon.core.main.TestCaseExecutor.execute(TestCaseExecutor.java:200)
	at com.kms.katalon.core.main.TestSuiteExecutor.accessTestCaseMainPhase(TestSuiteExecutor.java:129)
	at com.kms.katalon.core.main.TestSuiteExecutor.accessTestSuiteMainPhase(TestSuiteExecutor.java:112)
	at com.kms.katalon.core.main.TestSuiteExecutor.execute(TestSuiteExecutor.java:81)
	at com.kms.katalon.core.main.TestCaseMain.startTestSuite(TestCaseMain.java:142)
	at com.kms.katalon.core.main.TestCaseMain$startTestSuite$0.call(Unknown Source)
	at org.codehaus.groovy.runtime.callsite.CallSiteArray.defaultCall(CallSiteArray.java:48)
	at org.codehaus.groovy.runtime.callsite.AbstractCallSite.call(AbstractCallSite.java:113)
	at org.codehaus.groovy.runtime.callsite.AbstractCallSite.call(AbstractCallSite.java:141)
	at TempTestSuite1540012262067.run(TempTestSuite1540012262067.groovy:36)
	at groovy.lang.GroovyShell.runScriptOrMainOrTestOrRunnable(GroovyShell.java:263)
	at groovy.lang.GroovyShell.run(GroovyShell.java:518)
	at groovy.lang.GroovyShell.run(GroovyShell.java:507)
	at groovy.ui.GroovyMain.processOnce(GroovyMain.java:653)
	at groovy.ui.GroovyMain.run(GroovyMain.java:384)
	at groovy.ui.GroovyMain.process(GroovyMain.java:370)
	at groovy.ui.GroovyMain.processArgs(GroovyMain.java:129)
	at groovy.ui.GroovyMain.main(GroovyMain.java:109)
	at sun.reflect.NativeMethodAccessorImpl.invoke0(Native Method)
	at sun.reflect.NativeMethodAccessorImpl.invoke(NativeMethodAccessorImpl.java:62)
	at sun.reflect.DelegatingMethodAccessorImpl.invoke(DelegatingMethodAccessorImpl.java:43)
	at java.lang.reflect.Method.invoke(Method.java:498)
	at org.codehaus.groovy.tools.GroovyStarter.rootLoader(GroovyStarter.java:109)
	at org.codehaus.groovy.tools.GroovyStarter.main(GroovyStarter.java:131)
)

2018-10-20 18:26:47 - [TEST_STEP][PASSED] - callTestCase: Call Test Case 'Test Cases/Final Aug 2018 - PKS Automation/Registration Module/New Registration/Form 1/Form 1 - Corporation - BHD' successfully

2018-10-20 18:26:47 - [TEST_CASE][PASSED] - Test Cases/Final Aug 2018 - PKS Automation/Registration Module/New Registration/Form 1/Form 1 - Corporation - BHD: Test Cases/Final Aug 2018 - PKS Automation/Registration Module/New Registration/Form 1/Form 1 - Corporation - BHD

2018-10-20 18:26:47 - [TEST_STEP][PASSED] - openBrowser: Browser is opened with url: ''

2018-10-20 18:26:47 - [MESSAGE][WARNING] - A browser is already opened. Closing browser and opening a new one

2018-10-20 18:26:51 - [MESSAGE][PASSED] - Browser is opened with url: ''

2018-10-20 18:26:51 - [TEST_STEP][PASSED] - navigateToUrl: Navigate to 'https://assist2-uat.perkeso.gov.my/login' successfully

2018-10-20 18:26:53 - [MESSAGE][PASSED] - Navigate to 'https://assist2-uat.perkeso.gov.my/login' successfully

2018-10-20 18:26:53 - [TEST_STEP][PASSED] - setText: Text 'johorotc1@gmail.com' is set on object 'Object Repository/Final Object Repo/Login Page/Internal User/Email Address'

2018-10-20 18:26:53 - [MESSAGE][PASSED] - Text 'johorotc1@gmail.com' is set on object 'Object Repository/Final Object Repo/Login Page/Internal User/Email Address'

2018-10-20 18:26:53 - [TEST_STEP][PASSED] - click: Object: 'Object Repository/Final Object Repo/Login Page/Internal User/Next Button' is clicked on

2018-10-20 18:26:53 - [MESSAGE][PASSED] - Object: 'Object Repository/Final Object Repo/Login Page/Internal User/Next Button' is clicked on

2018-10-20 18:26:53 - [TEST_STEP][PASSED] - delay: Delayed 1 second(s)

2018-10-20 18:26:54 - [MESSAGE][PASSED] - Delayed 1 second(s)

2018-10-20 18:26:54 - [TEST_STEP][PASSED] - setEncryptedText: Text ****** has been set on object 'Object Repository/Final Object Repo/Login Page/Internal User/Password'

2018-10-20 18:26:55 - [MESSAGE][PASSED] - Text ****** has been set on object 'Object Repository/Final Object Repo/Login Page/Internal User/Password'

2018-10-20 18:26:55 - [TEST_STEP][PASSED] - click: Object: 'Object Repository/Final Object Repo/Login Page/Internal User/Login Button' is clicked on

2018-10-20 18:26:55 - [MESSAGE][PASSED] - Object: 'Object Repository/Final Object Repo/Login Page/Internal User/Login Button' is clicked on

2018-10-20 18:26:55 - [TEST_STEP][PASSED] - delay: Delayed 1 second(s)

2018-10-20 18:26:56 - [MESSAGE][PASSED] - Delayed 1 second(s)

2018-10-20 18:26:56 - [TEST_STEP][PASSED] - Statement - Try: Delayed 2 second(s)

2018-10-20 18:26:56 - [TEST_STEP][PASSED] - Statement - Checker = false: null

2018-10-20 18:26:56 - [TEST_STEP][PASSED] - Statement - Checker = com.kms.katalon.core.webui.keyword.WebUiBuiltInKeywords.verifyElementHasAttribute(com.kms.katalon.core.testobject.ObjectRepository.findTestObject(Final Object Repo/Landing Page/BM Detecting), "href", 20, OPTIONAL): Object 'Object Repository/Final Object Repo/Landing Page/BM Detecting' has attribute 'href'

2018-10-20 18:26:58 - [MESSAGE][PASSED] - Object 'Object Repository/Final Object Repo/Landing Page/BM Detecting' has attribute 'href'

2018-10-20 18:26:58 - [TEST_STEP][PASSED] - Statement - out.println(Checker): null

2018-10-20 18:26:58 - [TEST_STEP][PASSED] - Statement - If (Checker == false): null

2018-10-20 18:26:58 - [TEST_STEP][PASSED] - Statement - Else: null

2018-10-20 18:26:58 - [TEST_STEP][PASSED] - delay: Delayed 2 second(s)

2018-10-20 18:27:00 - [MESSAGE][PASSED] - Delayed 2 second(s)

2018-10-20 18:27:00 - [TEST_STEP][PASSED] - navigateToUrl: Navigate to 'https://assist2-uat.perkeso.gov.my/web/registration/registration' successfully

2018-10-20 18:27:01 - [MESSAGE][PASSED] - Navigate to 'https://assist2-uat.perkeso.gov.my/web/registration/registration' successfully

2018-10-20 18:27:01 - [TEST_STEP][PASSED] - click: Object: 'Object Repository/Final Object Repo/New Registration - Registration Module Pages/Form 1/AEC - No' is clicked on

2018-10-20 18:27:01 - [MESSAGE][PASSED] - Object: 'Object Repository/Final Object Repo/New Registration - Registration Module Pages/Form 1/AEC - No' is clicked on

2018-10-20 18:27:01 - [TEST_STEP][PASSED] - click: Object: 'Object Repository/Final Object Repo/New Registration - Registration Module Pages/Form 1/Business Entity' is clicked on

2018-10-20 18:27:02 - [MESSAGE][PASSED] - Object: 'Object Repository/Final Object Repo/New Registration - Registration Module Pages/Form 1/Business Entity' is clicked on

2018-10-20 18:27:02 - [TEST_STEP][PASSED] - click: Object: 'Object Repository/Final Object Repo/New Registration - Registration Module Pages/Form 1/Businees Entity - Corporation' is clicked on

2018-10-20 18:27:02 - [MESSAGE][PASSED] - Object: 'Object Repository/Final Object Repo/New Registration - Registration Module Pages/Form 1/Businees Entity - Corporation' is clicked on

2018-10-20 18:27:02 - [TEST_STEP][PASSED] - delay: Delayed 1 second(s)

2018-10-20 18:27:03 - [MESSAGE][PASSED] - Delayed 1 second(s)

2018-10-20 18:27:03 - [TEST_STEP][PASSED] - click: Object: 'Object Repository/Final Object Repo/New Registration - Registration Module Pages/Form 1/Sub Business Entity' is clicked on

2018-10-20 18:27:03 - [MESSAGE][PASSED] - Object: 'Object Repository/Final Object Repo/New Registration - Registration Module Pages/Form 1/Sub Business Entity' is clicked on

2018-10-20 18:27:03 - [TEST_STEP][PASSED] - click: Object: 'Object Repository/Final Object Repo/New Registration - Registration Module Pages/Form 1/Sub Business Entity - Berhad' is clicked on

2018-10-20 18:27:03 - [MESSAGE][PASSED] - Object: 'Object Repository/Final Object Repo/New Registration - Registration Module Pages/Form 1/Sub Business Entity - Berhad' is clicked on

2018-10-20 18:27:03 - [TEST_STEP][PASSED] - delay: Delayed 1 second(s)

2018-10-20 18:27:04 - [MESSAGE][PASSED] - Delayed 1 second(s)

2018-10-20 18:27:04 - [TEST_STEP][PASSED] - setText: Text '123' is set on object 'Object Repository/Final Object Repo/New Registration - Registration Module Pages/Form 1/Registration Number'

2018-10-20 18:27:05 - [MESSAGE][PASSED] - Text '123' is set on object 'Object Repository/Final Object Repo/New Registration - Registration Module Pages/Form 1/Registration Number'

2018-10-20 18:27:05 - [TEST_STEP][PASSED] - click: Object: 'Object Repository/Final Object Repo/New Registration - Registration Module Pages/Form 1/Registred with SSM - Before Feb' is clicked on

2018-10-20 18:27:05 - [MESSAGE][PASSED] - Object: 'Object Repository/Final Object Repo/New Registration - Registration Module Pages/Form 1/Registred with SSM - Before Feb' is clicked on

2018-10-20 18:27:05 - [TEST_STEP][PASSED] - click: Object: 'Object Repository/Final Object Repo/New Registration - Registration Module Pages/Form 1/Registered As a Branch - Yes' is clicked on

2018-10-20 18:27:05 - [MESSAGE][PASSED] - Object: 'Object Repository/Final Object Repo/New Registration - Registration Module Pages/Form 1/Registered As a Branch - Yes' is clicked on

2018-10-20 18:27:05 - [TEST_STEP][PASSED] - click: Object: 'Object Repository/Final Object Repo/New Registration - Registration Module Pages/Form 1/Acknowledgement' is clicked on

2018-10-20 18:27:05 - [MESSAGE][PASSED] - Object: 'Object Repository/Final Object Repo/New Registration - Registration Module Pages/Form 1/Acknowledgement' is clicked on

2018-10-20 18:27:05 - [TEST_STEP][PASSED] - setText: Text 'perkeso' is set on object 'Object Repository/Final Object Repo/New Registration - Registration Module Pages/Form 1/Industry name'

2018-10-20 18:27:05 - [MESSAGE][PASSED] - Text 'perkeso' is set on object 'Object Repository/Final Object Repo/New Registration - Registration Module Pages/Form 1/Industry name'

2018-10-20 18:27:05 - [TEST_STEP][PASSED] - setText: Text 'perkeso1' is set on object 'Object Repository/Final Object Repo/New Registration - Registration Module Pages/Form 1/Postal Address1'

2018-10-20 18:27:05 - [MESSAGE][PASSED] - Text 'perkeso1' is set on object 'Object Repository/Final Object Repo/New Registration - Registration Module Pages/Form 1/Postal Address1'

2018-10-20 18:27:05 - [TEST_STEP][PASSED] - setText: Text 'perkeso2' is set on object 'Object Repository/Final Object Repo/New Registration - Registration Module Pages/Form 1/Postal Address2'

2018-10-20 18:27:06 - [MESSAGE][PASSED] - Text 'perkeso2' is set on object 'Object Repository/Final Object Repo/New Registration - Registration Module Pages/Form 1/Postal Address2'

2018-10-20 18:27:06 - [TEST_STEP][PASSED] - setText: Text 'perkeso3' is set on object 'Object Repository/Final Object Repo/New Registration - Registration Module Pages/Form 1/Postal Address3'

2018-10-20 18:27:06 - [MESSAGE][PASSED] - Text 'perkeso3' is set on object 'Object Repository/Final Object Repo/New Registration - Registration Module Pages/Form 1/Postal Address3'

2018-10-20 18:27:06 - [TEST_STEP][PASSED] - click: Object: 'Object Repository/Final Object Repo/New Registration - Registration Module Pages/Form 1/State' is clicked on

2018-10-20 18:27:06 - [MESSAGE][PASSED] - Object: 'Object Repository/Final Object Repo/New Registration - Registration Module Pages/Form 1/State' is clicked on

2018-10-20 18:27:06 - [TEST_STEP][PASSED] - click: Object: 'Object Repository/Final Object Repo/New Registration - Registration Module Pages/Form 1/State - Johor' is clicked on

2018-10-20 18:27:06 - [MESSAGE][PASSED] - Object: 'Object Repository/Final Object Repo/New Registration - Registration Module Pages/Form 1/State - Johor' is clicked on

2018-10-20 18:27:06 - [TEST_STEP][PASSED] - delay: Delayed 1 second(s)

2018-10-20 18:27:07 - [MESSAGE][PASSED] - Delayed 1 second(s)

2018-10-20 18:27:07 - [TEST_STEP][PASSED] - click: Object: 'Object Repository/Final Object Repo/New Registration - Registration Module Pages/Form 1/City' is clicked on

2018-10-20 18:27:07 - [MESSAGE][PASSED] - Object: 'Object Repository/Final Object Repo/New Registration - Registration Module Pages/Form 1/City' is clicked on

2018-10-20 18:27:07 - [TEST_STEP][PASSED] - setText: Text 'joh' is set on object 'Object Repository/Final Object Repo/New Registration - Registration Module Pages/Form 1/Postcode - 810'

2018-10-20 18:27:08 - [MESSAGE][PASSED] - Text 'joh' is set on object 'Object Repository/Final Object Repo/New Registration - Registration Module Pages/Form 1/Postcode - 810'

2018-10-20 18:27:08 - [TEST_STEP][PASSED] - delay: Delayed 1 second(s)

2018-10-20 18:27:09 - [MESSAGE][PASSED] - Delayed 1 second(s)

2018-10-20 18:27:09 - [TEST_STEP][PASSED] - click: Object: 'Object Repository/Final Object Repo/New Registration - Registration Module Pages/Form 1/City - Johor Bharu' is clicked on

2018-10-20 18:27:09 - [MESSAGE][PASSED] - Object: 'Object Repository/Final Object Repo/New Registration - Registration Module Pages/Form 1/City - Johor Bharu' is clicked on

2018-10-20 18:27:09 - [TEST_STEP][PASSED] - delay: Delayed 1 second(s)

2018-10-20 18:27:10 - [MESSAGE][PASSED] - Delayed 1 second(s)

2018-10-20 18:27:10 - [TEST_STEP][PASSED] - click: Object: 'Object Repository/Final Object Repo/New Registration - Registration Module Pages/Form 1/Postcode' is clicked on

2018-10-20 18:27:10 - [MESSAGE][PASSED] - Object: 'Object Repository/Final Object Repo/New Registration - Registration Module Pages/Form 1/Postcode' is clicked on

2018-10-20 18:27:10 - [TEST_STEP][PASSED] - delay: Delayed 1 second(s)

2018-10-20 18:27:11 - [MESSAGE][PASSED] - Delayed 1 second(s)

2018-10-20 18:27:11 - [TEST_STEP][PASSED] - setText: Text '810' is set on object 'Object Repository/Final Object Repo/New Registration - Registration Module Pages/Form 1/Postcode - 810'

2018-10-20 18:27:11 - [MESSAGE][PASSED] - Text '810' is set on object 'Object Repository/Final Object Repo/New Registration - Registration Module Pages/Form 1/Postcode - 810'

2018-10-20 18:27:11 - [TEST_STEP][PASSED] - delay: Delayed 3 second(s)

2018-10-20 18:27:14 - [MESSAGE][PASSED] - Delayed 3 second(s)

2018-10-20 18:27:14 - [TEST_STEP][PASSED] - click: Object: 'Object Repository/Final Object Repo/New Registration - Registration Module Pages/Form 1/Postcode - 81000' is clicked on

2018-10-20 18:27:14 - [MESSAGE][PASSED] - Object: 'Object Repository/Final Object Repo/New Registration - Registration Module Pages/Form 1/Postcode - 81000' is clicked on

2018-10-20 18:27:14 - [TEST_STEP][PASSED] - delay: Delayed 1 second(s)

2018-10-20 18:27:15 - [MESSAGE][PASSED] - Delayed 1 second(s)

2018-10-20 18:27:15 - [TEST_STEP][PASSED] - setText: Text '100' is set on object 'Object Repository/Final Object Repo/New Registration - Registration Module Pages/Form 1/P.O.BOX'

2018-10-20 18:27:16 - [MESSAGE][PASSED] - Text '100' is set on object 'Object Repository/Final Object Repo/New Registration - Registration Module Pages/Form 1/P.O.BOX'

2018-10-20 18:27:16 - [TEST_STEP][PASSED] - setText: Text '100' is set on object 'Object Repository/Final Object Repo/New Registration - Registration Module Pages/Form 1/Locked Bag No'

2018-10-20 18:27:16 - [MESSAGE][PASSED] - Text '100' is set on object 'Object Repository/Final Object Repo/New Registration - Registration Module Pages/Form 1/Locked Bag No'

2018-10-20 18:27:16 - [TEST_STEP][PASSED] - click: Object: 'Object Repository/Final Object Repo/New Registration - Registration Module Pages/Form 1/SOCSO Office Location' is clicked on

2018-10-20 18:27:16 - [MESSAGE][PASSED] - Object: 'Object Repository/Final Object Repo/New Registration - Registration Module Pages/Form 1/SOCSO Office Location' is clicked on

2018-10-20 18:27:16 - [TEST_STEP][PASSED] - click: Object: 'Object Repository/Final Object Repo/New Registration - Registration Module Pages/Form 1/SOCSO Office Location - Pejabat PERKESO Negeri Johor' is clicked on

2018-10-20 18:27:16 - [MESSAGE][PASSED] - Object: 'Object Repository/Final Object Repo/New Registration - Registration Module Pages/Form 1/SOCSO Office Location - Pejabat PERKESO Negeri Johor' is clicked on

2018-10-20 18:27:16 - [TEST_STEP][PASSED] - delay: Delayed 1 second(s)

2018-10-20 18:27:17 - [MESSAGE][PASSED] - Delayed 1 second(s)

2018-10-20 18:27:17 - [TEST_STEP][PASSED] - check: Object 'Object Repository/Final Object Repo/New Registration - Registration Module Pages/Form 1/Indusrty Address Same As Postal Address' is checked

2018-10-20 18:27:17 - [MESSAGE][PASSED] - Object 'Object Repository/Final Object Repo/New Registration - Registration Module Pages/Form 1/Indusrty Address Same As Postal Address' is checked

2018-10-20 18:27:17 - [TEST_STEP][PASSED] - delay: Delayed 3 second(s)

2018-10-20 18:27:20 - [MESSAGE][PASSED] - Delayed 3 second(s)

2018-10-20 18:27:20 - [TEST_STEP][PASSED] - click: Object: 'Object Repository/Final Object Repo/New Registration - Registration Module Pages/Form 1/Indusry Address Same As Postal Address False' is clicked on

2018-10-20 18:27:21 - [MESSAGE][PASSED] - Object: 'Object Repository/Final Object Repo/New Registration - Registration Module Pages/Form 1/Indusry Address Same As Postal Address False' is clicked on

2018-10-20 18:27:21 - [TEST_STEP][PASSED] - delay: Delayed 1 second(s)

2018-10-20 18:27:22 - [MESSAGE][PASSED] - Delayed 1 second(s)

2018-10-20 18:27:22 - [TEST_STEP][PASSED] - setText: Text 'perkeso1' is set on object 'Object Repository/Final Object Repo/New Registration - Registration Module Pages/Form 1/Industry Address1'

2018-10-20 18:27:22 - [MESSAGE][PASSED] - Text 'perkeso1' is set on object 'Object Repository/Final Object Repo/New Registration - Registration Module Pages/Form 1/Industry Address1'

2018-10-20 18:27:22 - [TEST_STEP][PASSED] - setText: Text 'perkeso2' is set on object 'Object Repository/Final Object Repo/New Registration - Registration Module Pages/Form 1/Industry Address2'

2018-10-20 18:27:22 - [MESSAGE][PASSED] - Text 'perkeso2' is set on object 'Object Repository/Final Object Repo/New Registration - Registration Module Pages/Form 1/Industry Address2'

2018-10-20 18:27:22 - [TEST_STEP][PASSED] - setText: Text 'perkeso3' is set on object 'Object Repository/Final Object Repo/New Registration - Registration Module Pages/Form 1/Industry Address3'

2018-10-20 18:27:22 - [MESSAGE][PASSED] - Text 'perkeso3' is set on object 'Object Repository/Final Object Repo/New Registration - Registration Module Pages/Form 1/Industry Address3'

2018-10-20 18:27:22 - [TEST_STEP][PASSED] - click: Object: 'Object Repository/Final Object Repo/New Registration - Registration Module Pages/Form 1/Industry State' is clicked on

2018-10-20 18:27:23 - [MESSAGE][PASSED] - Object: 'Object Repository/Final Object Repo/New Registration - Registration Module Pages/Form 1/Industry State' is clicked on

2018-10-20 18:27:23 - [TEST_STEP][PASSED] - delay: Delayed 2 second(s)

2018-10-20 18:27:25 - [MESSAGE][PASSED] - Delayed 2 second(s)

2018-10-20 18:27:25 - [TEST_STEP][PASSED] - click: Object: 'Object Repository/Final Object Repo/New Registration - Registration Module Pages/Form 1/Industry State - Johor' is clicked on

2018-10-20 18:27:25 - [MESSAGE][PASSED] - Object: 'Object Repository/Final Object Repo/New Registration - Registration Module Pages/Form 1/Industry State - Johor' is clicked on

2018-10-20 18:27:25 - [TEST_STEP][PASSED] - delay: Delayed 2 second(s)

2018-10-20 18:27:27 - [MESSAGE][PASSED] - Delayed 2 second(s)

2018-10-20 18:27:27 - [TEST_STEP][PASSED] - click: Object: 'Object Repository/Final Object Repo/New Registration - Registration Module Pages/Form 1/Industry Ciry' is clicked on

2018-10-20 18:27:27 - [MESSAGE][PASSED] - Object: 'Object Repository/Final Object Repo/New Registration - Registration Module Pages/Form 1/Industry Ciry' is clicked on

2018-10-20 18:27:27 - [TEST_STEP][PASSED] - setText: Text 'joh' is set on object 'Object Repository/Final Object Repo/New Registration - Registration Module Pages/Form 1/Industry Ciry - joh'

2018-10-20 18:27:27 - [MESSAGE][PASSED] - Text 'joh' is set on object 'Object Repository/Final Object Repo/New Registration - Registration Module Pages/Form 1/Industry Ciry - joh'

2018-10-20 18:27:27 - [TEST_STEP][PASSED] - delay: Delayed 2 second(s)

2018-10-20 18:27:29 - [MESSAGE][PASSED] - Delayed 2 second(s)

2018-10-20 18:27:29 - [TEST_STEP][PASSED] - click: Object: 'Object Repository/Final Object Repo/New Registration - Registration Module Pages/Form 1/Industy State - Johor Bharu' is clicked on

2018-10-20 18:27:29 - [MESSAGE][PASSED] - Object: 'Object Repository/Final Object Repo/New Registration - Registration Module Pages/Form 1/Industy State - Johor Bharu' is clicked on

2018-10-20 18:27:29 - [TEST_STEP][PASSED] - delay: Delayed 1 second(s)

2018-10-20 18:27:30 - [MESSAGE][PASSED] - Delayed 1 second(s)

2018-10-20 18:27:30 - [TEST_STEP][PASSED] - click: Object: 'Object Repository/Final Object Repo/New Registration - Registration Module Pages/Form 1/Indusry PostCode' is clicked on

2018-10-20 18:27:30 - [MESSAGE][PASSED] - Object: 'Object Repository/Final Object Repo/New Registration - Registration Module Pages/Form 1/Indusry PostCode' is clicked on

2018-10-20 18:27:30 - [TEST_STEP][PASSED] - delay: Delayed 1 second(s)

2018-10-20 18:27:31 - [MESSAGE][PASSED] - Delayed 1 second(s)

2018-10-20 18:27:31 - [TEST_STEP][PASSED] - setText: Text '810' is set on object 'Object Repository/Final Object Repo/New Registration - Registration Module Pages/Form 1/Insutry Post Code - 810'

2018-10-20 18:27:32 - [MESSAGE][PASSED] - Text '810' is set on object 'Object Repository/Final Object Repo/New Registration - Registration Module Pages/Form 1/Insutry Post Code - 810'

2018-10-20 18:27:32 - [TEST_STEP][PASSED] - delay: Delayed 1 second(s)

2018-10-20 18:27:33 - [MESSAGE][PASSED] - Delayed 1 second(s)

2018-10-20 18:27:33 - [TEST_STEP][PASSED] - click: Object: 'Object Repository/Final Object Repo/New Registration - Registration Module Pages/Form 1/Insutry Post Code - 81000' is clicked on

2018-10-20 18:27:33 - [MESSAGE][PASSED] - Object: 'Object Repository/Final Object Repo/New Registration - Registration Module Pages/Form 1/Insutry Post Code - 81000' is clicked on

2018-10-20 18:27:33 - [TEST_STEP][PASSED] - delay: Delayed 1 second(s)

2018-10-20 18:27:34 - [MESSAGE][PASSED] - Delayed 1 second(s)

2018-10-20 18:27:34 - [TEST_STEP][PASSED] - setText: Text '100' is set on object 'Object Repository/Final Object Repo/New Registration - Registration Module Pages/Form 1/Industry P.O.BOX'

2018-10-20 18:27:34 - [MESSAGE][PASSED] - Text '100' is set on object 'Object Repository/Final Object Repo/New Registration - Registration Module Pages/Form 1/Industry P.O.BOX'

2018-10-20 18:27:34 - [TEST_STEP][PASSED] - setText: Text '100' is set on object 'Object Repository/Final Object Repo/New Registration - Registration Module Pages/Form 1/Industry Locked Bag No'

2018-10-20 18:27:34 - [MESSAGE][PASSED] - Text '100' is set on object 'Object Repository/Final Object Repo/New Registration - Registration Module Pages/Form 1/Industry Locked Bag No'

2018-10-20 18:27:34 - [TEST_STEP][PASSED] - setText: Text '123456789' is set on object 'Object Repository/Final Object Repo/New Registration - Registration Module Pages/Form 1/Telephone No'

2018-10-20 18:27:35 - [MESSAGE][PASSED] - Text '123456789' is set on object 'Object Repository/Final Object Repo/New Registration - Registration Module Pages/Form 1/Telephone No'

2018-10-20 18:27:35 - [TEST_STEP][PASSED] - setText: Text '123456789' is set on object 'Object Repository/Final Object Repo/New Registration - Registration Module Pages/Form 1/Mobile No'

2018-10-20 18:27:35 - [MESSAGE][PASSED] - Text '123456789' is set on object 'Object Repository/Final Object Repo/New Registration - Registration Module Pages/Form 1/Mobile No'

2018-10-20 18:27:35 - [TEST_STEP][PASSED] - setText: Text '123456789' is set on object 'Object Repository/Final Object Repo/New Registration - Registration Module Pages/Form 1/Fax No'

2018-10-20 18:27:35 - [MESSAGE][PASSED] - Text '123456789' is set on object 'Object Repository/Final Object Repo/New Registration - Registration Module Pages/Form 1/Fax No'

2018-10-20 18:27:35 - [TEST_STEP][PASSED] - click: Object: 'Object Repository/Final Object Repo/New Registration - Registration Module Pages/Form 1/Industry Code' is clicked on

2018-10-20 18:27:35 - [MESSAGE][PASSED] - Object: 'Object Repository/Final Object Repo/New Registration - Registration Module Pages/Form 1/Industry Code' is clicked on

2018-10-20 18:27:35 - [TEST_STEP][PASSED] - click: Object: 'Object Repository/Final Object Repo/New Registration - Registration Module Pages/Form 1/Indudustry Code - Crops and Animal' is clicked on

2018-10-20 18:27:35 - [MESSAGE][PASSED] - Object: 'Object Repository/Final Object Repo/New Registration - Registration Module Pages/Form 1/Indudustry Code - Crops and Animal' is clicked on

2018-10-20 18:27:35 - [TEST_STEP][PASSED] - delay: Delayed 1 second(s)

2018-10-20 18:27:36 - [MESSAGE][PASSED] - Delayed 1 second(s)

2018-10-20 18:27:36 - [TEST_STEP][PASSED] - click: Object: 'Object Repository/Final Object Repo/New Registration - Registration Module Pages/Form 1/Sub Industry Code List' is clicked on

2018-10-20 18:27:37 - [MESSAGE][PASSED] - Object: 'Object Repository/Final Object Repo/New Registration - Registration Module Pages/Form 1/Sub Industry Code List' is clicked on

2018-10-20 18:27:37 - [TEST_STEP][PASSED] - click: Object: 'Object Repository/Final Object Repo/New Registration - Registration Module Pages/Form 1/Sub Industry Code List - Growing of Maize' is clicked on

2018-10-20 18:27:37 - [MESSAGE][PASSED] - Object: 'Object Repository/Final Object Repo/New Registration - Registration Module Pages/Form 1/Sub Industry Code List - Growing of Maize' is clicked on

2018-10-20 18:27:37 - [TEST_STEP][PASSED] - setText: Text 'perkeso123@gmail.com' is set on object 'Object Repository/Final Object Repo/New Registration - Registration Module Pages/Form 1/Email'

2018-10-20 18:27:37 - [MESSAGE][PASSED] - Text 'perkeso123@gmail.com' is set on object 'Object Repository/Final Object Repo/New Registration - Registration Module Pages/Form 1/Email'

2018-10-20 18:27:37 - [TEST_STEP][PASSED] - click: Object: 'Object Repository/Final Object Repo/New Registration - Registration Module Pages/Form 1/Method of Contribution Payment' is clicked on

2018-10-20 18:27:37 - [MESSAGE][PASSED] - Object: 'Object Repository/Final Object Repo/New Registration - Registration Module Pages/Form 1/Method of Contribution Payment' is clicked on

2018-10-20 18:27:37 - [TEST_STEP][PASSED] - click: Object: 'Object Repository/Final Object Repo/New Registration - Registration Module Pages/Form 1/Method of Contribution Payment - Portal' is clicked on

2018-10-20 18:27:38 - [MESSAGE][PASSED] - Object: 'Object Repository/Final Object Repo/New Registration - Registration Module Pages/Form 1/Method of Contribution Payment - Portal' is clicked on

2018-10-20 18:27:38 - [TEST_STEP][PASSED] - click: Object: 'Object Repository/Final Object Repo/New Registration - Registration Module Pages/Form 1/Servide Type' is clicked on

2018-10-20 18:27:38 - [MESSAGE][PASSED] - Object: 'Object Repository/Final Object Repo/New Registration - Registration Module Pages/Form 1/Servide Type' is clicked on

2018-10-20 18:27:38 - [TEST_STEP][PASSED] - click: Object: 'Object Repository/Final Object Repo/New Registration - Registration Module Pages/Form 1/Servide Type - Professional Bodies' is clicked on

2018-10-20 18:27:38 - [MESSAGE][PASSED] - Object: 'Object Repository/Final Object Repo/New Registration - Registration Module Pages/Form 1/Servide Type - Professional Bodies' is clicked on

2018-10-20 18:27:38 - [TEST_STEP][PASSED] - click: Object: 'Object Repository/Final Object Repo/New Registration - Registration Module Pages/Form 1/Industry Venue' is clicked on

2018-10-20 18:27:38 - [MESSAGE][PASSED] - Object: 'Object Repository/Final Object Repo/New Registration - Registration Module Pages/Form 1/Industry Venue' is clicked on

2018-10-20 18:27:38 - [TEST_STEP][PASSED] - click: Object: 'Object Repository/Final Object Repo/New Registration - Registration Module Pages/Form 1/Industry Venue -  PPN JOHOR' is clicked on

2018-10-20 18:27:38 - [MESSAGE][PASSED] - Object: 'Object Repository/Final Object Repo/New Registration - Registration Module Pages/Form 1/Industry Venue -  PPN JOHOR' is clicked on

2018-10-20 18:27:38 - [TEST_STEP][PASSED] - click: Object: 'Object Repository/Final Object Repo/New Registration - Registration Module Pages/Form 1/Save  Continue' is clicked on

2018-10-20 18:27:38 - [MESSAGE][PASSED] - Object: 'Object Repository/Final Object Repo/New Registration - Registration Module Pages/Form 1/Save  Continue' is clicked on

2018-10-20 18:27:38 - [MESSAGE][PASSED] - Call Test Case 'Test Cases/Final Aug 2018 - PKS Automation/Registration Module/New Registration/Form 1/Form 1 - Corporation - BHD' successfully

2018-10-20 18:27:38 - [TEST_STEP][PASSED] - callTestCase: Call Test Case 'Test Cases/Final Aug 2018 - PKS Automation/Registration Module/New Registration/Form 2/Add 1 Eligible' successfully

2018-10-20 18:27:38 - [TEST_CASE][PASSED] - Test Cases/Final Aug 2018 - PKS Automation/Registration Module/New Registration/Form 2/Add 1 Eligible: Test Cases/Final Aug 2018 - PKS Automation/Registration Module/New Registration/Form 2/Add 1 Eligible

2018-10-20 18:27:38 - [TEST_STEP][PASSED] - delay: Delayed 2 second(s)

2018-10-20 18:27:40 - [MESSAGE][PASSED] - Delayed 2 second(s)

2018-10-20 18:27:40 - [TEST_STEP][PASSED] - callTestCase: Call Test Case 'Test Cases/Final Aug 2018 - PKS Automation/Registration Module/New Registration/Form 2/Date Updater' successfully

2018-10-20 18:27:41 - [TEST_CASE][PASSED] - Test Cases/Final Aug 2018 - PKS Automation/Registration Module/New Registration/Form 2/Date Updater: Test Cases/Final Aug 2018 - PKS Automation/Registration Module/New Registration/Form 2/Date Updater

2018-10-20 18:27:41 - [TEST_STEP][PASSED] - Statement - TodayDate = new java.util.Date(): null

2018-10-20 18:27:41 - [TEST_STEP][PASSED] - Statement - CurrentDateNoFilter = new java.text.SimpleDateFormat(): null

2018-10-20 18:27:41 - [TEST_STEP][PASSED] - Statement - CurrentDateNoFilter.applyPattern("dd"): null

2018-10-20 18:27:41 - [TEST_STEP][PASSED] - Statement - CurrentDate = CurrentDateNoFilter.format(TodayDate): null

2018-10-20 18:27:41 - [TEST_STEP][PASSED] - Statement - CurrentDate = java.lang.Integer.parseInt(CurrentDate): null

2018-10-20 18:27:41 - [TEST_STEP][PASSED] - Statement - CurrentDate = CurrentDate: null

2018-10-20 18:27:41 - [TEST_STEP][PASSED] - Statement - CurrentDay = java.lang.Integer.parseInt(CurrentDate): null

2018-10-20 18:27:41 - [TEST_STEP][PASSED] - Statement - aDayBefore = CurrentDay + 1: null

2018-10-20 18:27:41 - [TEST_STEP][PASSED] - Statement - DayBefore = aDayBefore.toString(): null

2018-10-20 18:27:41 - [TEST_STEP][PASSED] - Statement - OneDayBefore = DayBefore: null

2018-10-20 18:27:41 - [TEST_STEP][PASSED] - Statement - CurrentDateNoFilter.applyPattern("MM"): null

2018-10-20 18:27:41 - [TEST_STEP][PASSED] - Statement - monthContainerMatcher = java.lang.Integer.parseInt(CurrentDateNoFilter.format(TodayDate)): null

2018-10-20 18:27:41 - [TEST_STEP][PASSED] - Statement - monthContainerMatcher = monthContainerMatcher - 1: null

2018-10-20 18:27:41 - [TEST_STEP][PASSED] - Statement - CurrentMonth = monthContainerMatcher.toString(): null

2018-10-20 18:27:41 - [TEST_STEP][PASSED] - Statement - CurrentMonth = CurrentMonth: null

2018-10-20 18:27:41 - [TEST_STEP][PASSED] - Statement - CurrentDateNoFilter.applyPattern("yyyy"): null

2018-10-20 18:27:41 - [TEST_STEP][PASSED] - Statement - CurrentYear = CurrentDateNoFilter.format(TodayDate): null

2018-10-20 18:27:41 - [TEST_STEP][PASSED] - Statement - CurrentYear = CurrentYear: null

2018-10-20 18:27:41 - [TEST_STEP][PASSED] - Statement - intCurrentYear = java.lang.Integer.parseInt(CurrentDateNoFilter.format(TodayDate)): null

2018-10-20 18:27:41 - [TEST_STEP][PASSED] - Statement - eighteenYrsAgo = intCurrentYear - 18: null

2018-10-20 18:27:41 - [TEST_STEP][PASSED] - Statement - eighteenYrsBeforeThisYr = eighteenYrsAgo.toString(): null

2018-10-20 18:27:41 - [TEST_STEP][PASSED] - Statement - EighteenYrsBefore = eighteenYrsBeforeThisYr: null

2018-10-20 18:27:41 - [TEST_STEP][PASSED] - Statement - fiftysevenYrsAgo = intCurrentYear - 57: null

2018-10-20 18:27:41 - [TEST_STEP][PASSED] - Statement - fiftysevenYrsBeforeThisYr = fiftysevenYrsAgo.toString(): null

2018-10-20 18:27:41 - [TEST_STEP][PASSED] - Statement - FiftysevenYrsBefore = fiftysevenYrsBeforeThisYr: null

2018-10-20 18:27:41 - [MESSAGE][PASSED] - Call Test Case 'Test Cases/Final Aug 2018 - PKS Automation/Registration Module/New Registration/Form 2/Date Updater' successfully

2018-10-20 18:27:41 - [TEST_STEP][PASSED] - delay: Delayed 1 second(s)

2018-10-20 18:27:42 - [MESSAGE][PASSED] - Delayed 1 second(s)

2018-10-20 18:27:42 - [TEST_STEP][PASSED] - Statement - CaseReferenceNo = com.kms.katalon.core.webui.keyword.WebUiBuiltInKeywords.getText(com.kms.katalon.core.testobject.ObjectRepository.findTestObject(Final Object Repo/New Registration - Registration Module Pages/Form 2/RefNo Acquiring)): Text of object 'Object Repository/Final Object Repo/New Registration - Registration Module Pages/Form 2/RefNo Acquiring' is: 'CRN10201800122308'

2018-10-20 18:27:42 - [MESSAGE][PASSED] - Text of object 'Object Repository/Final Object Repo/New Registration - Registration Module Pages/Form 2/RefNo Acquiring' is: 'CRN10201800122308'

2018-10-20 18:27:42 - [TEST_STEP][PASSED] - delay: Delayed 1 second(s)

2018-10-20 18:27:43 - [MESSAGE][PASSED] - Delayed 1 second(s)

2018-10-20 18:27:43 - [TEST_STEP][PASSED] - click: Object: 'Object Repository/Final Object Repo/New Registration - Registration Module Pages/Form 2/Add Employee Button' is clicked on

2018-10-20 18:27:43 - [MESSAGE][PASSED] - Object: 'Object Repository/Final Object Repo/New Registration - Registration Module Pages/Form 2/Add Employee Button' is clicked on

2018-10-20 18:27:43 - [TEST_STEP][PASSED] - delay: Delayed 1 second(s)

2018-10-20 18:27:44 - [MESSAGE][PASSED] - Delayed 1 second(s)

2018-10-20 18:27:44 - [TEST_STEP][PASSED] - setText: Text '010903091963' is set on object 'Object Repository/Final Object Repo/New Registration - Registration Module Pages/Form 2/NRIC Input'

2018-10-20 18:27:44 - [MESSAGE][PASSED] - Text '010903091963' is set on object 'Object Repository/Final Object Repo/New Registration - Registration Module Pages/Form 2/NRIC Input'

2018-10-20 18:27:44 - [TEST_STEP][PASSED] - click: Object: 'Object Repository/Final Object Repo/New Registration - Registration Module Pages/Form 2/button for search for IC' is clicked on

2018-10-20 18:27:44 - [MESSAGE][PASSED] - Object: 'Object Repository/Final Object Repo/New Registration - Registration Module Pages/Form 2/button for search for IC' is clicked on

2018-10-20 18:27:44 - [TEST_STEP][PASSED] - delay: Delayed 2 second(s)

2018-10-20 18:27:46 - [MESSAGE][PASSED] - Delayed 2 second(s)

2018-10-20 18:27:46 - [TEST_STEP][PASSED] - setText: Text 'Automate001 eligible 1' is set on object 'Object Repository/Final Object Repo/New Registration - Registration Module Pages/Form 2/Employee Name Input'

2018-10-20 18:27:47 - [MESSAGE][PASSED] - Text 'Automate001 eligible 1' is set on object 'Object Repository/Final Object Repo/New Registration - Registration Module Pages/Form 2/Employee Name Input'

2018-10-20 18:27:47 - [TEST_STEP][PASSED] - delay: Delayed 2 second(s)

2018-10-20 18:27:49 - [MESSAGE][PASSED] - Delayed 2 second(s)

2018-10-20 18:27:49 - [TEST_STEP][PASSED] - click: Object: 'Object Repository/Final Object Repo/New Registration - Registration Module Pages/Form 2/DatePicker Pop Up' is clicked on

2018-10-20 18:27:49 - [MESSAGE][PASSED] - Object: 'Object Repository/Final Object Repo/New Registration - Registration Module Pages/Form 2/DatePicker Pop Up' is clicked on

2018-10-20 18:27:49 - [TEST_STEP][PASSED] - click: Object: 'Object Repository/Final Object Repo/New Registration - Registration Module Pages/Form 2/DOB Month' is clicked on

2018-10-20 18:27:49 - [MESSAGE][PASSED] - Object: 'Object Repository/Final Object Repo/New Registration - Registration Module Pages/Form 2/DOB Month' is clicked on

2018-10-20 18:27:49 - [TEST_STEP][PASSED] - Statement - CurrentMonth = CurrentMonth: null

2018-10-20 18:27:49 - [TEST_STEP][PASSED] - Statement - selectMonth = new com.kms.katalon.core.testobject.TestObject(): null

2018-10-20 18:27:49 - [TEST_STEP][PASSED] - Statement - selectMonth.addProperty("xpath", EQUALS, "//body/div/div/div/select/option[@value='" + CurrentMonth + "']", true): null

2018-10-20 18:27:49 - [TEST_STEP][PASSED] - click: Object: '' is clicked on

2018-10-20 18:27:49 - [MESSAGE][PASSED] - Object: '' is clicked on

2018-10-20 18:27:49 - [TEST_STEP][PASSED] - click: Object: 'Object Repository/Final Object Repo/New Registration - Registration Module Pages/Form 2/DOB Year' is clicked on

2018-10-20 18:27:49 - [MESSAGE][PASSED] - Object: 'Object Repository/Final Object Repo/New Registration - Registration Module Pages/Form 2/DOB Year' is clicked on

2018-10-20 18:27:49 - [TEST_STEP][PASSED] - Statement - Eyearsbf = EighteenYrsBefore: null

2018-10-20 18:27:49 - [TEST_STEP][PASSED] - Statement - selectYear = new com.kms.katalon.core.testobject.TestObject(): null

2018-10-20 18:27:49 - [TEST_STEP][PASSED] - Statement - selectYear.addProperty("xpath", EQUALS, "//div/div/div/select/option[@value='" + Eyearsbf + "']", true): null

2018-10-20 18:27:49 - [TEST_STEP][PASSED] - click: Object: '' is clicked on

2018-10-20 18:27:49 - [MESSAGE][PASSED] - Object: '' is clicked on

2018-10-20 18:27:49 - [TEST_STEP][PASSED] - Statement - UpdatedSelectDate = com.kms.katalon.core.webui.keyword.WebUiBuiltInKeywords.modifyObjectProperty(com.kms.katalon.core.testobject.ObjectRepository.findTestObject(Final Object Repo/New Registration - Registration Module Pages/Form 2/DOB Date), "xpath", "equals", "//body/div/table/tbody/tr/td/a[text()="" + CurrentDate + ""]", true): Modify property of object successfully

2018-10-20 18:27:49 - [MESSAGE][PASSED] - Modify property of object successfully

2018-10-20 18:27:49 - [TEST_STEP][PASSED] - delay: Delayed 3 second(s)

2018-10-20 18:27:52 - [MESSAGE][PASSED] - Delayed 3 second(s)

2018-10-20 18:27:52 - [TEST_STEP][PASSED] - click: Object: 'Object Repository/Final Object Repo/New Registration - Registration Module Pages/Form 2/DOB Date' is clicked on

2018-10-20 18:27:53 - [MESSAGE][PASSED] - Object: 'Object Repository/Final Object Repo/New Registration - Registration Module Pages/Form 2/DOB Date' is clicked on

2018-10-20 18:27:53 - [TEST_STEP][PASSED] - delay: Delayed 2 second(s)

2018-10-20 18:27:55 - [MESSAGE][PASSED] - Delayed 2 second(s)

2018-10-20 18:27:55 - [TEST_STEP][PASSED] - click: Object: 'Object Repository/Final Object Repo/New Registration - Registration Module Pages/Form 2/EmploymentStartDate Pop Up' is clicked on

2018-10-20 18:27:55 - [MESSAGE][PASSED] - Object: 'Object Repository/Final Object Repo/New Registration - Registration Module Pages/Form 2/EmploymentStartDate Pop Up' is clicked on

2018-10-20 18:27:55 - [TEST_STEP][PASSED] - delay: Delayed 2 second(s)

2018-10-20 18:27:57 - [MESSAGE][PASSED] - Delayed 2 second(s)

2018-10-20 18:27:57 - [TEST_STEP][PASSED] - click: Object: 'Object Repository/Final Object Repo/New Registration - Registration Module Pages/Form 2/Socso Employment StartDate Month' is clicked on

2018-10-20 18:27:57 - [MESSAGE][PASSED] - Object: 'Object Repository/Final Object Repo/New Registration - Registration Module Pages/Form 2/Socso Employment StartDate Month' is clicked on

2018-10-20 18:27:57 - [TEST_STEP][PASSED] - delay: Delayed 1 second(s)

2018-10-20 18:27:58 - [MESSAGE][PASSED] - Delayed 1 second(s)

2018-10-20 18:27:58 - [TEST_STEP][PASSED] - click: Object: 'Object Repository/Final Object Repo/New Registration - Registration Module Pages/Form 2/Select Socso Employement Startdate Month' is clicked on

2018-10-20 18:27:58 - [MESSAGE][PASSED] - Object: 'Object Repository/Final Object Repo/New Registration - Registration Module Pages/Form 2/Select Socso Employement Startdate Month' is clicked on

2018-10-20 18:27:58 - [TEST_STEP][PASSED] - delay: Delayed 2 second(s)

2018-10-20 18:28:00 - [MESSAGE][PASSED] - Delayed 2 second(s)

2018-10-20 18:28:00 - [TEST_STEP][PASSED] - click: Object: 'Object Repository/Final Object Repo/New Registration - Registration Module Pages/Form 2/Socso Employment StartDate Year' is clicked on

2018-10-20 18:28:00 - [MESSAGE][PASSED] - Object: 'Object Repository/Final Object Repo/New Registration - Registration Module Pages/Form 2/Socso Employment StartDate Year' is clicked on

2018-10-20 18:28:00 - [TEST_STEP][PASSED] - delay: Delayed 1 second(s)

2018-10-20 18:28:01 - [MESSAGE][PASSED] - Delayed 1 second(s)

2018-10-20 18:28:01 - [TEST_STEP][PASSED] - click: Object: 'Object Repository/Final Object Repo/New Registration - Registration Module Pages/Form 2/Select Socso Employment Startdate Year' is clicked on

2018-10-20 18:28:02 - [MESSAGE][PASSED] - Object: 'Object Repository/Final Object Repo/New Registration - Registration Module Pages/Form 2/Select Socso Employment Startdate Year' is clicked on

2018-10-20 18:28:02 - [TEST_STEP][PASSED] - delay: Delayed 2 second(s)

2018-10-20 18:28:04 - [MESSAGE][PASSED] - Delayed 2 second(s)

2018-10-20 18:28:04 - [TEST_STEP][PASSED] - click: Object: 'Object Repository/Final Object Repo/New Registration - Registration Module Pages/Form 2/Socso Employment Start Date Day' is clicked on

2018-10-20 18:28:04 - [MESSAGE][PASSED] - Object: 'Object Repository/Final Object Repo/New Registration - Registration Module Pages/Form 2/Socso Employment Start Date Day' is clicked on

2018-10-20 18:28:04 - [TEST_STEP][PASSED] - delay: Delayed 2 second(s)

2018-10-20 18:28:06 - [MESSAGE][PASSED] - Delayed 2 second(s)

2018-10-20 18:28:06 - [TEST_STEP][PASSED] - click: Object: 'Object Repository/Final Object Repo/New Registration - Registration Module Pages/Form 2/Save Button for Add Employee' is clicked on

2018-10-20 18:28:06 - [MESSAGE][PASSED] - Object: 'Object Repository/Final Object Repo/New Registration - Registration Module Pages/Form 2/Save Button for Add Employee' is clicked on

2018-10-20 18:28:06 - [TEST_STEP][PASSED] - delay: Delayed 6 second(s)

2018-10-20 18:28:12 - [MESSAGE][PASSED] - Delayed 6 second(s)

2018-10-20 18:28:12 - [TEST_STEP][PASSED] - click: Object: 'Object Repository/Final Object Repo/New Registration - Registration Module Pages/Form 2/Save and Continue Form 2' is clicked on

2018-10-20 18:28:12 - [MESSAGE][PASSED] - Object: 'Object Repository/Final Object Repo/New Registration - Registration Module Pages/Form 2/Save and Continue Form 2' is clicked on

2018-10-20 18:28:12 - [MESSAGE][PASSED] - Call Test Case 'Test Cases/Final Aug 2018 - PKS Automation/Registration Module/New Registration/Form 2/Add 1 Eligible' successfully

2018-10-20 18:28:12 - [TEST_STEP][FAILED] - callTestCase: Unable to call Test Case with id 'Test Cases/Final Aug 2018 - PKS Automation/Registration Module/New Registration/Flow of New Registration/Third Screen - Upload Supporting Doc - Preview' (Root cause: Call Test Case 'Test Cases/Final Aug 2018 - PKS Automation/Registration Module/New Registration/Flow of New Registration/Third Screen - Upload Supporting Doc - Preview' failed)

2018-10-20 18:28:12 - [TEST_CASE][FAILED] - Test Cases/Final Aug 2018 - PKS Automation/Registration Module/New Registration/Flow of New Registration/Third Screen - Upload Supporting Doc - Preview: Test Cases/Final Aug 2018 - PKS Automation/Registration Module/New Registration/Flow of New Registration/Third Screen - Upload Supporting Doc - Preview FAILED because (of) (Stack trace: com.kms.katalon.core.exception.StepFailedException: Unable to click on object 'Object Repository/Final Object Repo/New Registration - Registration Module Pages/Third Screen - Upload Supporting Doc- Preview/Select to Upload Borang SIP 2' (Root cause: org.openqa.selenium.WebDriverException: unknown error: Element <span>...</span> is not clickable at point (151, 567). Other element would receive the click: <li class="select2-results__option" id="select2-_newreg_WAR_registrationportlet_objdocTypeId-result-anzs-134" role="treeitem" aria-selected="false">...</li>
  (Session info: chrome=69.0.3497.100)
  (Driver info: chromedriver=2.35.528161 (5b82f2d2aae0ca24b877009200ced9065a772e73),platform=Windows NT 6.1.7601 SP1 x86_64) (WARNING: The server did not provide any stacktrace information)
Command duration or timeout: 0 milliseconds
Build info: version: '3.7.1', revision: '8a0099a', time: '2017-11-06T21:07:36.161Z'
System info: host: 'WEIZHENG', ip: '192.168.137.1', os.name: 'Windows 7', os.arch: 'amd64', os.version: '6.1', java.version: '1.8.0_181'
Driver info: com.kms.katalon.selenium.driver.CChromeDriver
Capabilities {acceptInsecureCerts: false, acceptSslCerts: false, applicationCacheEnabled: false, browserConnectionEnabled: false, browserName: chrome, chrome: {chromedriverVersion: 2.35.528161 (5b82f2d2aae0ca..., userDataDir: C:\Users\WEIZHE~1\AppData\L...}, cssSelectorsEnabled: true, databaseEnabled: false, handlesAlerts: true, hasTouchScreen: false, javascriptEnabled: true, locationContextEnabled: true, mobileEmulationEnabled: false, nativeEvents: true, networkConnectionEnabled: false, pageLoadStrategy: normal, platform: XP, platformName: XP, rotatable: false, setWindowRect: true, takesHeapSnapshot: true, takesScreenshot: true, unexpectedAlertBehaviour: , unhandledPromptBehavior: , version: 69.0.3497.100, webStorageEnabled: true}
Session ID: 11d59264dfde1d83c2a592dc23f6e760)
	at com.kms.katalon.core.keyword.internal.KeywordMain.stepFailed(KeywordMain.groovy:32)
	at com.kms.katalon.core.webui.keyword.internal.WebUIKeywordMain.stepFailed(WebUIKeywordMain.groovy:65)
	at com.kms.katalon.core.webui.keyword.internal.WebUIKeywordMain.runKeyword(WebUIKeywordMain.groovy:27)
	at com.kms.katalon.core.webui.keyword.builtin.ClickKeyword.click(ClickKeyword.groovy:86)
	at com.kms.katalon.core.webui.keyword.builtin.ClickKeyword.execute(ClickKeyword.groovy:67)
	at com.kms.katalon.core.keyword.internal.KeywordExecutor.executeKeywordForPlatform(KeywordExecutor.groovy:53)
	at com.kms.katalon.core.webui.keyword.WebUiBuiltInKeywords.click(WebUiBuiltInKeywords.groovy:616)
	at com.kms.katalon.core.webui.keyword.WebUiBuiltInKeywords$click$2.call(Unknown Source)
	at Script1534409664094.run(Script1534409664094.groovy:104)
	at com.kms.katalon.core.main.ScriptEngine.run(ScriptEngine.java:183)
	at com.kms.katalon.core.main.ScriptEngine.runScriptAsRawText(ScriptEngine.java:108)
	at com.kms.katalon.core.main.TestCaseExecutor.runScript(TestCaseExecutor.java:294)
	at com.kms.katalon.core.main.TestCaseExecutor.doExecute(TestCaseExecutor.java:285)
	at com.kms.katalon.core.main.TestCaseExecutor.processExecutionPhase(TestCaseExecutor.java:264)
	at com.kms.katalon.core.main.TestCaseExecutor.accessMainPhase(TestCaseExecutor.java:256)
	at com.kms.katalon.core.main.TestCaseExecutor.execute(TestCaseExecutor.java:200)
	at com.kms.katalon.core.main.TestCaseMain.runTestCase(TestCaseMain.java:99)
	at com.kms.katalon.core.keyword.builtin.CallTestCaseKeyword$_callTestCase_closure1.doCall(CallTestCaseKeyword.groovy:60)
	at com.kms.katalon.core.keyword.builtin.CallTestCaseKeyword$_callTestCase_closure1.call(CallTestCaseKeyword.groovy)
	at com.kms.katalon.core.keyword.internal.KeywordMain.runKeyword(KeywordMain.groovy:54)
	at com.kms.katalon.core.keyword.builtin.CallTestCaseKeyword.callTestCase(CallTestCaseKeyword.groovy:81)
	at com.kms.katalon.core.keyword.builtin.CallTestCaseKeyword.execute(CallTestCaseKeyword.groovy:45)
	at com.kms.katalon.core.keyword.internal.KeywordExecutor.executeKeywordForPlatform(KeywordExecutor.groovy:53)
	at com.kms.katalon.core.keyword.BuiltinKeywords.callTestCase(BuiltinKeywords.groovy:334)
	at sun.reflect.GeneratedMethodAccessor13.invoke(Unknown Source)
	at sun.reflect.DelegatingMethodAccessorImpl.invoke(DelegatingMethodAccessorImpl.java:43)
	at java.lang.reflect.Method.invoke(Method.java:498)
	at org.codehaus.groovy.reflection.CachedMethod.invoke(CachedMethod.java:93)
	at groovy.lang.MetaMethod.doMethodInvoke(MetaMethod.java:325)
	at groovy.lang.MetaClassImpl.invokeStaticMethod(MetaClassImpl.java:1469)
	at org.codehaus.groovy.runtime.callsite.StaticMetaClassSite.call(StaticMetaClassSite.java:53)
	at org.codehaus.groovy.runtime.callsite.AbstractCallSite.call(AbstractCallSite.java:141)
	at Script1536051799273.run(Script1536051799273.groovy:28)
	at com.kms.katalon.core.main.ScriptEngine.run(ScriptEngine.java:183)
	at com.kms.katalon.core.main.ScriptEngine.runScriptAsRawText(ScriptEngine.java:108)
	at com.kms.katalon.core.main.TestCaseExecutor.runScript(TestCaseExecutor.java:294)
	at com.kms.katalon.core.main.TestCaseExecutor.doExecute(TestCaseExecutor.java:285)
	at com.kms.katalon.core.main.TestCaseExecutor.processExecutionPhase(TestCaseExecutor.java:264)
	at com.kms.katalon.core.main.TestCaseExecutor.accessMainPhase(TestCaseExecutor.java:256)
	at com.kms.katalon.core.main.TestCaseExecutor.execute(TestCaseExecutor.java:200)
	at com.kms.katalon.core.main.TestCaseMain.runTestCase(TestCaseMain.java:99)
	at com.kms.katalon.core.keyword.builtin.CallTestCaseKeyword$_callTestCase_closure1.doCall(CallTestCaseKeyword.groovy:60)
	at com.kms.katalon.core.keyword.builtin.CallTestCaseKeyword$_callTestCase_closure1.call(CallTestCaseKeyword.groovy)
	at com.kms.katalon.core.keyword.internal.KeywordMain.runKeyword(KeywordMain.groovy:54)
	at com.kms.katalon.core.keyword.builtin.CallTestCaseKeyword.callTestCase(CallTestCaseKeyword.groovy:81)
	at com.kms.katalon.core.keyword.builtin.CallTestCaseKeyword.execute(CallTestCaseKeyword.groovy:45)
	at com.kms.katalon.core.keyword.internal.KeywordExecutor.executeKeywordForPlatform(KeywordExecutor.groovy:53)
	at com.kms.katalon.core.keyword.BuiltinKeywords.callTestCase(BuiltinKeywords.groovy:334)
	at sun.reflect.GeneratedMethodAccessor13.invoke(Unknown Source)
	at sun.reflect.DelegatingMethodAccessorImpl.invoke(DelegatingMethodAccessorImpl.java:43)
	at java.lang.reflect.Method.invoke(Method.java:498)
	at org.codehaus.groovy.reflection.CachedMethod.invoke(CachedMethod.java:93)
	at groovy.lang.MetaMethod.doMethodInvoke(MetaMethod.java:325)
	at groovy.lang.MetaClassImpl.invokeStaticMethod(MetaClassImpl.java:1469)
	at org.codehaus.groovy.runtime.callsite.StaticMetaClassSite.call(StaticMetaClassSite.java:53)
	at org.codehaus.groovy.runtime.callsite.CallSiteArray.defaultCall(CallSiteArray.java:48)
	at org.codehaus.groovy.runtime.callsite.AbstractCallSite.call(AbstractCallSite.java:113)
	at org.codehaus.groovy.runtime.callsite.AbstractCallSite.call(AbstractCallSite.java:141)
	at Script1536223156094.run(Script1536223156094.groovy:15)
	at com.kms.katalon.core.main.ScriptEngine.run(ScriptEngine.java:183)
	at com.kms.katalon.core.main.ScriptEngine.runScriptAsRawText(ScriptEngine.java:108)
	at com.kms.katalon.core.main.TestCaseExecutor.runScript(TestCaseExecutor.java:294)
	at com.kms.katalon.core.main.TestCaseExecutor.doExecute(TestCaseExecutor.java:285)
	at com.kms.katalon.core.main.TestCaseExecutor.processExecutionPhase(TestCaseExecutor.java:264)
	at com.kms.katalon.core.main.TestCaseExecutor.accessMainPhase(TestCaseExecutor.java:256)
	at com.kms.katalon.core.main.TestCaseExecutor.execute(TestCaseExecutor.java:200)
	at com.kms.katalon.core.main.TestSuiteExecutor.accessTestCaseMainPhase(TestSuiteExecutor.java:129)
	at com.kms.katalon.core.main.TestSuiteExecutor.accessTestSuiteMainPhase(TestSuiteExecutor.java:112)
	at com.kms.katalon.core.main.TestSuiteExecutor.execute(TestSuiteExecutor.java:81)
	at com.kms.katalon.core.main.TestCaseMain.startTestSuite(TestCaseMain.java:142)
	at com.kms.katalon.core.main.TestCaseMain$startTestSuite$0.call(Unknown Source)
	at org.codehaus.groovy.runtime.callsite.CallSiteArray.defaultCall(CallSiteArray.java:48)
	at org.codehaus.groovy.runtime.callsite.AbstractCallSite.call(AbstractCallSite.java:113)
	at org.codehaus.groovy.runtime.callsite.AbstractCallSite.call(AbstractCallSite.java:141)
	at TempTestSuite1540012262067.run(TempTestSuite1540012262067.groovy:36)
	at groovy.lang.GroovyShell.runScriptOrMainOrTestOrRunnable(GroovyShell.java:263)
	at groovy.lang.GroovyShell.run(GroovyShell.java:518)
	at groovy.lang.GroovyShell.run(GroovyShell.java:507)
	at groovy.ui.GroovyMain.processOnce(GroovyMain.java:653)
	at groovy.ui.GroovyMain.run(GroovyMain.java:384)
	at groovy.ui.GroovyMain.process(GroovyMain.java:370)
	at groovy.ui.GroovyMain.processArgs(GroovyMain.java:129)
	at groovy.ui.GroovyMain.main(GroovyMain.java:109)
	at sun.reflect.NativeMethodAccessorImpl.invoke0(Native Method)
	at sun.reflect.NativeMethodAccessorImpl.invoke(NativeMethodAccessorImpl.java:62)
	at sun.reflect.DelegatingMethodAccessorImpl.invoke(DelegatingMethodAccessorImpl.java:43)
	at java.lang.reflect.Method.invoke(Method.java:498)
	at org.codehaus.groovy.tools.GroovyStarter.rootLoader(GroovyStarter.java:109)
	at org.codehaus.groovy.tools.GroovyStarter.main(GroovyStarter.java:131)
)

2018-10-20 18:28:12 - [TEST_STEP][PASSED] - waitForPageLoad: Wait for page load successfully

2018-10-20 18:28:13 - [MESSAGE][PASSED] - Wait for page load successfully

2018-10-20 18:28:13 - [TEST_STEP][PASSED] - Statement - CaseReferenceNo = com.kms.katalon.core.webui.keyword.WebUiBuiltInKeywords.getText(com.kms.katalon.core.testobject.ObjectRepository.findTestObject(Final Object Repo/New Registration - Registration Module Pages/Third Screen - Upload Supporting Doc- Preview/RefNo Acquiring)): Text of object 'Object Repository/Final Object Repo/New Registration - Registration Module Pages/Third Screen - Upload Supporting Doc- Preview/RefNo Acquiring' is: 'CRN10201800122308'

2018-10-20 18:28:13 - [MESSAGE][PASSED] - Text of object 'Object Repository/Final Object Repo/New Registration - Registration Module Pages/Third Screen - Upload Supporting Doc- Preview/RefNo Acquiring' is: 'CRN10201800122308'

2018-10-20 18:28:13 - [TEST_STEP][PASSED] - delay: Delayed 2 second(s)

2018-10-20 18:28:15 - [MESSAGE][PASSED] - Delayed 2 second(s)

2018-10-20 18:28:15 - [TEST_STEP][PASSED] - callTestCase: Call Test Case 'Test Cases/Final Aug 2018 - PKS Automation/Common/Reference Number Setter' successfully

2018-10-20 18:28:15 - [TEST_CASE][PASSED] - Test Cases/Final Aug 2018 - PKS Automation/Common/Reference Number Setter: Test Cases/Final Aug 2018 - PKS Automation/Common/Reference Number Setter

2018-10-20 18:28:15 - [TEST_STEP][PASSED] - Statement - RefNoOldFile = new java.io.File(C://KatalonReference.txt): null

2018-10-20 18:28:15 - [TEST_STEP][PASSED] - Statement - RefNoOldFile.delete(): null

2018-10-20 18:28:15 - [TEST_STEP][PASSED] - Statement - RefNo = new java.io.File(C://KatalonReference.txt): null

2018-10-20 18:28:15 - [TEST_STEP][PASSED] - Statement - RefNo.append(CaseReferenceNo): null

2018-10-20 18:28:15 - [TEST_STEP][PASSED] - Statement - out.println("


" + CaseReferenceNo + "


"): null

2018-10-20 18:28:15 - [MESSAGE][PASSED] - Call Test Case 'Test Cases/Final Aug 2018 - PKS Automation/Common/Reference Number Setter' successfully

2018-10-20 18:28:15 - [TEST_STEP][PASSED] - waitForElementClickable: Object 'Object Repository/Final Object Repo/New Registration - Registration Module Pages/Third Screen - Upload Supporting Doc- Preview/Save n Continue in SIP Employee Listing Page' is clickable

2018-10-20 18:28:15 - [MESSAGE][PASSED] - Object 'Object Repository/Final Object Repo/New Registration - Registration Module Pages/Third Screen - Upload Supporting Doc- Preview/Save n Continue in SIP Employee Listing Page' is clickable

2018-10-20 18:28:15 - [TEST_STEP][PASSED] - click: Object: 'Object Repository/Final Object Repo/New Registration - Registration Module Pages/Third Screen - Upload Supporting Doc- Preview/Save n Continue in SIP Employee Listing Page' is clicked on

2018-10-20 18:28:21 - [MESSAGE][PASSED] - Object: 'Object Repository/Final Object Repo/New Registration - Registration Module Pages/Third Screen - Upload Supporting Doc- Preview/Save n Continue in SIP Employee Listing Page' is clicked on

2018-10-20 18:28:21 - [TEST_STEP][PASSED] - delay: Delayed 6 second(s)

2018-10-20 18:28:27 - [MESSAGE][PASSED] - Delayed 6 second(s)

2018-10-20 18:28:27 - [TEST_STEP][PASSED] - click: Object: 'Object Repository/Final Object Repo/New Registration - Registration Module Pages/Third Screen - Upload Supporting Doc- Preview/Add Document Button' is clicked on

2018-10-20 18:28:27 - [MESSAGE][PASSED] - Object: 'Object Repository/Final Object Repo/New Registration - Registration Module Pages/Third Screen - Upload Supporting Doc- Preview/Add Document Button' is clicked on

2018-10-20 18:28:27 - [TEST_STEP][PASSED] - delay: Delayed 30 second(s)

2018-10-20 18:28:57 - [MESSAGE][PASSED] - Delayed 30 second(s)

2018-10-20 18:28:57 - [TEST_STEP][PASSED] - click: Object: 'Object Repository/Final Object Repo/New Registration - Registration Module Pages/Third Screen - Upload Supporting Doc- Preview/Supporting Doc Please Select Drop Down' is clicked on

2018-10-20 18:28:57 - [MESSAGE][PASSED] - Object: 'Object Repository/Final Object Repo/New Registration - Registration Module Pages/Third Screen - Upload Supporting Doc- Preview/Supporting Doc Please Select Drop Down' is clicked on

2018-10-20 18:28:57 - [TEST_STEP][PASSED] - delay: Delayed 2 second(s)

2018-10-20 18:28:59 - [MESSAGE][PASSED] - Delayed 2 second(s)

2018-10-20 18:28:59 - [TEST_STEP][PASSED] - click: Object: 'Object Repository/Final Object Repo/New Registration - Registration Module Pages/Third Screen - Upload Supporting Doc- Preview/Select to Upload Form 1' is clicked on

2018-10-20 18:28:59 - [MESSAGE][PASSED] - Object: 'Object Repository/Final Object Repo/New Registration - Registration Module Pages/Third Screen - Upload Supporting Doc- Preview/Select to Upload Form 1' is clicked on

2018-10-20 18:28:59 - [TEST_STEP][PASSED] - delay: Delayed 2 second(s)

2018-10-20 18:29:01 - [MESSAGE][PASSED] - Delayed 2 second(s)

2018-10-20 18:29:01 - [TEST_STEP][PASSED] - uploadFile: File 'C:\Users\Public\Pictures\Sample Pictures\Act.jpg' sent to object: 'Object Repository/Final Object Repo/New Registration - Registration Module Pages/Third Screen - Upload Supporting Doc- Preview/Upload File Adding'

2018-10-20 18:29:02 - [MESSAGE][PASSED] - File 'C:\Users\Public\Pictures\Sample Pictures\Act.jpg' sent to object: 'Object Repository/Final Object Repo/New Registration - Registration Module Pages/Third Screen - Upload Supporting Doc- Preview/Upload File Adding'

2018-10-20 18:29:02 - [TEST_STEP][PASSED] - delay: Delayed 5 second(s)

2018-10-20 18:29:07 - [MESSAGE][PASSED] - Delayed 5 second(s)

2018-10-20 18:29:07 - [TEST_STEP][PASSED] - click: Object: 'Object Repository/Final Object Repo/New Registration - Registration Module Pages/Third Screen - Upload Supporting Doc- Preview/Inner Form Add Document Button' is clicked on

2018-10-20 18:29:07 - [MESSAGE][PASSED] - Object: 'Object Repository/Final Object Repo/New Registration - Registration Module Pages/Third Screen - Upload Supporting Doc- Preview/Inner Form Add Document Button' is clicked on

2018-10-20 18:29:07 - [TEST_STEP][PASSED] - delay: Delayed 3 second(s)

2018-10-20 18:29:10 - [MESSAGE][PASSED] - Delayed 3 second(s)

2018-10-20 18:29:10 - [TEST_STEP][PASSED] - click: Object: 'Object Repository/Final Object Repo/New Registration - Registration Module Pages/Third Screen - Upload Supporting Doc- Preview/Add Document Button' is clicked on

2018-10-20 18:29:12 - [MESSAGE][PASSED] - Object: 'Object Repository/Final Object Repo/New Registration - Registration Module Pages/Third Screen - Upload Supporting Doc- Preview/Add Document Button' is clicked on

2018-10-20 18:29:12 - [TEST_STEP][PASSED] - delay: Delayed 30 second(s)

2018-10-20 18:29:42 - [MESSAGE][PASSED] - Delayed 30 second(s)

2018-10-20 18:29:42 - [TEST_STEP][PASSED] - click: Object: 'Object Repository/Final Object Repo/New Registration - Registration Module Pages/Third Screen - Upload Supporting Doc- Preview/Supporting Doc Please Select Drop Down' is clicked on

2018-10-20 18:29:43 - [MESSAGE][PASSED] - Object: 'Object Repository/Final Object Repo/New Registration - Registration Module Pages/Third Screen - Upload Supporting Doc- Preview/Supporting Doc Please Select Drop Down' is clicked on

2018-10-20 18:29:43 - [TEST_STEP][PASSED] - delay: Delayed 2 second(s)

2018-10-20 18:29:45 - [MESSAGE][PASSED] - Delayed 2 second(s)

2018-10-20 18:29:45 - [TEST_STEP][PASSED] - click: Object: 'Object Repository/Final Object Repo/New Registration - Registration Module Pages/Third Screen - Upload Supporting Doc- Preview/Select to Upload Form 2' is clicked on

2018-10-20 18:29:45 - [MESSAGE][PASSED] - Object: 'Object Repository/Final Object Repo/New Registration - Registration Module Pages/Third Screen - Upload Supporting Doc- Preview/Select to Upload Form 2' is clicked on

2018-10-20 18:29:45 - [TEST_STEP][PASSED] - delay: Delayed 2 second(s)

2018-10-20 18:29:47 - [MESSAGE][PASSED] - Delayed 2 second(s)

2018-10-20 18:29:47 - [TEST_STEP][PASSED] - uploadFile: File 'C:\Users\Public\Pictures\Sample Pictures\Act.jpg' sent to object: 'Object Repository/Final Object Repo/New Registration - Registration Module Pages/Third Screen - Upload Supporting Doc- Preview/Upload File Adding'

2018-10-20 18:29:47 - [MESSAGE][PASSED] - File 'C:\Users\Public\Pictures\Sample Pictures\Act.jpg' sent to object: 'Object Repository/Final Object Repo/New Registration - Registration Module Pages/Third Screen - Upload Supporting Doc- Preview/Upload File Adding'

2018-10-20 18:29:47 - [TEST_STEP][PASSED] - click: Object: 'Object Repository/Final Object Repo/New Registration - Registration Module Pages/Third Screen - Upload Supporting Doc- Preview/Inner Form Add Document Button' is clicked on

2018-10-20 18:29:47 - [MESSAGE][PASSED] - Object: 'Object Repository/Final Object Repo/New Registration - Registration Module Pages/Third Screen - Upload Supporting Doc- Preview/Inner Form Add Document Button' is clicked on

2018-10-20 18:29:47 - [TEST_STEP][PASSED] - delay: Delayed 4 second(s)

2018-10-20 18:29:51 - [MESSAGE][PASSED] - Delayed 4 second(s)

2018-10-20 18:29:51 - [TEST_STEP][PASSED] - click: Object: 'Object Repository/Final Object Repo/New Registration - Registration Module Pages/Third Screen - Upload Supporting Doc- Preview/Add Document Button' is clicked on

2018-10-20 18:29:52 - [MESSAGE][PASSED] - Object: 'Object Repository/Final Object Repo/New Registration - Registration Module Pages/Third Screen - Upload Supporting Doc- Preview/Add Document Button' is clicked on

2018-10-20 18:29:52 - [TEST_STEP][PASSED] - delay: Delayed 30 second(s)

2018-10-20 18:30:22 - [MESSAGE][PASSED] - Delayed 30 second(s)

2018-10-20 18:30:22 - [TEST_STEP][PASSED] - click: Object: 'Object Repository/Final Object Repo/New Registration - Registration Module Pages/Third Screen - Upload Supporting Doc- Preview/Supporting Doc Please Select Drop Down' is clicked on

2018-10-20 18:30:23 - [MESSAGE][PASSED] - Object: 'Object Repository/Final Object Repo/New Registration - Registration Module Pages/Third Screen - Upload Supporting Doc- Preview/Supporting Doc Please Select Drop Down' is clicked on

2018-10-20 18:30:23 - [TEST_STEP][PASSED] - click: Object: 'Object Repository/Final Object Repo/New Registration - Registration Module Pages/Third Screen - Upload Supporting Doc- Preview/Select to Upload Borang SIP 1' is clicked on

2018-10-20 18:30:23 - [MESSAGE][PASSED] - Object: 'Object Repository/Final Object Repo/New Registration - Registration Module Pages/Third Screen - Upload Supporting Doc- Preview/Select to Upload Borang SIP 1' is clicked on

2018-10-20 18:30:23 - [TEST_STEP][PASSED] - delay: Delayed 2 second(s)

2018-10-20 18:30:25 - [MESSAGE][PASSED] - Delayed 2 second(s)

2018-10-20 18:30:25 - [TEST_STEP][PASSED] - uploadFile: File 'C:\Users\Public\Pictures\Sample Pictures\Act.jpg' sent to object: 'Object Repository/Final Object Repo/New Registration - Registration Module Pages/Third Screen - Upload Supporting Doc- Preview/Upload File Adding'

2018-10-20 18:30:25 - [MESSAGE][PASSED] - File 'C:\Users\Public\Pictures\Sample Pictures\Act.jpg' sent to object: 'Object Repository/Final Object Repo/New Registration - Registration Module Pages/Third Screen - Upload Supporting Doc- Preview/Upload File Adding'

2018-10-20 18:30:25 - [TEST_STEP][PASSED] - click: Object: 'Object Repository/Final Object Repo/New Registration - Registration Module Pages/Third Screen - Upload Supporting Doc- Preview/Inner Form Add Document Button' is clicked on

2018-10-20 18:30:25 - [MESSAGE][PASSED] - Object: 'Object Repository/Final Object Repo/New Registration - Registration Module Pages/Third Screen - Upload Supporting Doc- Preview/Inner Form Add Document Button' is clicked on

2018-10-20 18:30:25 - [TEST_STEP][PASSED] - delay: Delayed 5 second(s)

2018-10-20 18:30:30 - [MESSAGE][PASSED] - Delayed 5 second(s)

2018-10-20 18:30:30 - [TEST_STEP][PASSED] - click: Object: 'Object Repository/Final Object Repo/New Registration - Registration Module Pages/Third Screen - Upload Supporting Doc- Preview/Add Document Button' is clicked on

2018-10-20 18:30:31 - [MESSAGE][PASSED] - Object: 'Object Repository/Final Object Repo/New Registration - Registration Module Pages/Third Screen - Upload Supporting Doc- Preview/Add Document Button' is clicked on

2018-10-20 18:30:31 - [TEST_STEP][PASSED] - delay: Delayed 30 second(s)

2018-10-20 18:31:01 - [MESSAGE][PASSED] - Delayed 30 second(s)

2018-10-20 18:31:01 - [TEST_STEP][PASSED] - click: Object: 'Object Repository/Final Object Repo/New Registration - Registration Module Pages/Third Screen - Upload Supporting Doc- Preview/Supporting Doc Please Select Drop Down' is clicked on

2018-10-20 18:31:01 - [MESSAGE][PASSED] - Object: 'Object Repository/Final Object Repo/New Registration - Registration Module Pages/Third Screen - Upload Supporting Doc- Preview/Supporting Doc Please Select Drop Down' is clicked on

2018-10-20 18:31:01 - [TEST_STEP][PASSED] - delay: Delayed 3 second(s)

2018-10-20 18:31:04 - [MESSAGE][PASSED] - Delayed 3 second(s)

2018-10-20 18:31:04 - [TEST_STEP][FAILED] - click: Unable to click on object 'Object Repository/Final Object Repo/New Registration - Registration Module Pages/Third Screen - Upload Supporting Doc- Preview/Select to Upload Borang SIP 2' (Root cause: org.openqa.selenium.WebDriverException: unknown error: Element <span>...</span> is not clickable at point (151, 567). Other element would receive the click: <li class="select2-results__option" id="select2-_newreg_WAR_registrationportlet_objdocTypeId-result-anzs-134" role="treeitem" aria-selected="false">...</li>
  (Session info: chrome=69.0.3497.100)
  (Driver info: chromedriver=2.35.528161 (5b82f2d2aae0ca24b877009200ced9065a772e73),platform=Windows NT 6.1.7601 SP1 x86_64) (WARNING: The server did not provide any stacktrace information)
Command duration or timeout: 0 milliseconds
Build info: version: '3.7.1', revision: '8a0099a', time: '2017-11-06T21:07:36.161Z'
System info: host: 'WEIZHENG', ip: '192.168.137.1', os.name: 'Windows 7', os.arch: 'amd64', os.version: '6.1', java.version: '1.8.0_181'
Driver info: com.kms.katalon.selenium.driver.CChromeDriver
Capabilities {acceptInsecureCerts: false, acceptSslCerts: false, applicationCacheEnabled: false, browserConnectionEnabled: false, browserName: chrome, chrome: {chromedriverVersion: 2.35.528161 (5b82f2d2aae0ca..., userDataDir: C:\Users\WEIZHE~1\AppData\L...}, cssSelectorsEnabled: true, databaseEnabled: false, handlesAlerts: true, hasTouchScreen: false, javascriptEnabled: true, locationContextEnabled: true, mobileEmulationEnabled: false, nativeEvents: true, networkConnectionEnabled: false, pageLoadStrategy: normal, platform: XP, platformName: XP, rotatable: false, setWindowRect: true, takesHeapSnapshot: true, takesScreenshot: true, unexpectedAlertBehaviour: , unhandledPromptBehavior: , version: 69.0.3497.100, webStorageEnabled: true}
Session ID: 11d59264dfde1d83c2a592dc23f6e760)

2018-10-20 18:31:04 - [MESSAGE][FAILED] - Unable to click on object 'Object Repository/Final Object Repo/New Registration - Registration Module Pages/Third Screen - Upload Supporting Doc- Preview/Select to Upload Borang SIP 2' (Root cause: org.openqa.selenium.WebDriverException: unknown error: Element <span>...</span> is not clickable at point (151, 567). Other element would receive the click: <li class="select2-results__option" id="select2-_newreg_WAR_registrationportlet_objdocTypeId-result-anzs-134" role="treeitem" aria-selected="false">...</li>
  (Session info: chrome=69.0.3497.100)
  (Driver info: chromedriver=2.35.528161 (5b82f2d2aae0ca24b877009200ced9065a772e73),platform=Windows NT 6.1.7601 SP1 x86_64) (WARNING: The server did not provide any stacktrace information)
Command duration or timeout: 0 milliseconds
Build info: version: '3.7.1', revision: '8a0099a', time: '2017-11-06T21:07:36.161Z'
System info: host: 'WEIZHENG', ip: '192.168.137.1', os.name: 'Windows 7', os.arch: 'amd64', os.version: '6.1', java.version: '1.8.0_181'
Driver info: com.kms.katalon.selenium.driver.CChromeDriver
Capabilities {acceptInsecureCerts: false, acceptSslCerts: false, applicationCacheEnabled: false, browserConnectionEnabled: false, browserName: chrome, chrome: {chromedriverVersion: 2.35.528161 (5b82f2d2aae0ca..., userDataDir: C:\Users\WEIZHE~1\AppData\L...}, cssSelectorsEnabled: true, databaseEnabled: false, handlesAlerts: true, hasTouchScreen: false, javascriptEnabled: true, locationContextEnabled: true, mobileEmulationEnabled: false, nativeEvents: true, networkConnectionEnabled: false, pageLoadStrategy: normal, platform: XP, platformName: XP, rotatable: false, setWindowRect: true, takesHeapSnapshot: true, takesScreenshot: true, unexpectedAlertBehaviour: , unhandledPromptBehavior: , version: 69.0.3497.100, webStorageEnabled: true}
Session ID: 11d59264dfde1d83c2a592dc23f6e760)
[[ATTACHMENT|C:\\Users\\LENOVO\\Katalon Studio\\Perkeso Phase A\\Reports\\Workflow\\Update Add New Employee\\20181020_131102\\1540031464658.png]]

2018-10-20 18:31:04 - [TEST_STEP][PASSED] - delay: Delayed 2 second(s)

2018-10-20 18:31:06 - [MESSAGE][PASSED] - Delayed 2 second(s)

2018-10-20 18:31:06 - [TEST_STEP][PASSED] - uploadFile: File 'C:\Users\Public\Pictures\Sample Pictures\Act.jpg' sent to object: 'Object Repository/Final Object Repo/New Registration - Registration Module Pages/Third Screen - Upload Supporting Doc- Preview/Upload File Adding'

2018-10-20 18:31:07 - [MESSAGE][PASSED] - File 'C:\Users\Public\Pictures\Sample Pictures\Act.jpg' sent to object: 'Object Repository/Final Object Repo/New Registration - Registration Module Pages/Third Screen - Upload Supporting Doc- Preview/Upload File Adding'

2018-10-20 18:31:07 - [TEST_STEP][PASSED] - delay: Delayed 5 second(s)

2018-10-20 18:31:12 - [MESSAGE][PASSED] - Delayed 5 second(s)

2018-10-20 18:31:12 - [TEST_STEP][FAILED] - click: Unable to click on object 'Object Repository/Final Object Repo/New Registration - Registration Module Pages/Third Screen - Upload Supporting Doc- Preview/Inner Form Add Document Button' (Root cause: org.openqa.selenium.WebDriverException: unknown error: Element <a validatesubmit="" href="https://assist2-uat.perkeso.gov.my/web/registration/registration?p_auth=5BmMKP1F&amp;p_p_id=newreg_WAR_registrationportlet&amp;p_p_lifecycle=1&amp;p_p_state=exclusive&amp;p_p_mode=view&amp;_newreg_WAR_registrationportlet_redirect=https%3A%2F%2Fassist2-uat.perkeso.gov.my%2Fweb%2Fregistration%2Fregistration%3Fp_p_id%3Dnewreg_WAR_registrationportlet%26p_p_lifecycle%3D0%26p_p_state%3Dnormal%26p_p_mode%3Dview%26p_p_col_id%3Dcolumn-1%26p_p_col_count%3D1%26_newreg_WAR_registrationportlet_browserIdKey%3D1540031221181%26_newreg_WAR_registrationportlet_jspPage%3D%2Fapps%2Freg%2Fcommon%2Fcommon_supporting_doc_form.jsp%26_newreg_WAR_registrationportlet_regViewKey%3D17&amp;_newreg_WAR_registrationportlet_javax.portlet.action=exeAction&amp;_newreg_WAR_registrationportlet_mvcPath=%2Fapps%2Freg%2Fcommon%2Fcommon_supporting_doc_form.jsp&amp;_newreg_WAR_registrationportlet_browserIdKey=1540031221181&amp;_newreg_WAR_registrationportlet_cmd=saveSuppDocFileId&amp;_newreg_WAR_registrationportlet_regViewKey=17" class="btn btn-lg blueBtn col-md-2 pull-right" formid="_newreg_WAR_registrationportlet_uploadDocForm" targets="baseMsgDivId">...</a> is not clickable at point (851, 547). Other element would receive the click: <div class="contentWrap" id="yui_patched_v3_11_0_1_1540031430684_409">...</div>
  (Session info: chrome=69.0.3497.100)
  (Driver info: chromedriver=2.35.528161 (5b82f2d2aae0ca24b877009200ced9065a772e73),platform=Windows NT 6.1.7601 SP1 x86_64) (WARNING: The server did not provide any stacktrace information)
Command duration or timeout: 0 milliseconds
Build info: version: '3.7.1', revision: '8a0099a', time: '2017-11-06T21:07:36.161Z'
System info: host: 'WEIZHENG', ip: '192.168.137.1', os.name: 'Windows 7', os.arch: 'amd64', os.version: '6.1', java.version: '1.8.0_181'
Driver info: com.kms.katalon.selenium.driver.CChromeDriver
Capabilities {acceptInsecureCerts: false, acceptSslCerts: false, applicationCacheEnabled: false, browserConnectionEnabled: false, browserName: chrome, chrome: {chromedriverVersion: 2.35.528161 (5b82f2d2aae0ca..., userDataDir: C:\Users\WEIZHE~1\AppData\L...}, cssSelectorsEnabled: true, databaseEnabled: false, handlesAlerts: true, hasTouchScreen: false, javascriptEnabled: true, locationContextEnabled: true, mobileEmulationEnabled: false, nativeEvents: true, networkConnectionEnabled: false, pageLoadStrategy: normal, platform: XP, platformName: XP, rotatable: false, setWindowRect: true, takesHeapSnapshot: true, takesScreenshot: true, unexpectedAlertBehaviour: , unhandledPromptBehavior: , version: 69.0.3497.100, webStorageEnabled: true}
Session ID: 11d59264dfde1d83c2a592dc23f6e760)

2018-10-20 18:31:12 - [MESSAGE][FAILED] - Unable to click on object 'Object Repository/Final Object Repo/New Registration - Registration Module Pages/Third Screen - Upload Supporting Doc- Preview/Inner Form Add Document Button' (Root cause: org.openqa.selenium.WebDriverException: unknown error: Element <a validatesubmit="" href="https://assist2-uat.perkeso.gov.my/web/registration/registration?p_auth=5BmMKP1F&amp;p_p_id=newreg_WAR_registrationportlet&amp;p_p_lifecycle=1&amp;p_p_state=exclusive&amp;p_p_mode=view&amp;_newreg_WAR_registrationportlet_redirect=https%3A%2F%2Fassist2-uat.perkeso.gov.my%2Fweb%2Fregistration%2Fregistration%3Fp_p_id%3Dnewreg_WAR_registrationportlet%26p_p_lifecycle%3D0%26p_p_state%3Dnormal%26p_p_mode%3Dview%26p_p_col_id%3Dcolumn-1%26p_p_col_count%3D1%26_newreg_WAR_registrationportlet_browserIdKey%3D1540031221181%26_newreg_WAR_registrationportlet_jspPage%3D%2Fapps%2Freg%2Fcommon%2Fcommon_supporting_doc_form.jsp%26_newreg_WAR_registrationportlet_regViewKey%3D17&amp;_newreg_WAR_registrationportlet_javax.portlet.action=exeAction&amp;_newreg_WAR_registrationportlet_mvcPath=%2Fapps%2Freg%2Fcommon%2Fcommon_supporting_doc_form.jsp&amp;_newreg_WAR_registrationportlet_browserIdKey=1540031221181&amp;_newreg_WAR_registrationportlet_cmd=saveSuppDocFileId&amp;_newreg_WAR_registrationportlet_regViewKey=17" class="btn btn-lg blueBtn col-md-2 pull-right" formid="_newreg_WAR_registrationportlet_uploadDocForm" targets="baseMsgDivId">...</a> is not clickable at point (851, 547). Other element would receive the click: <div class="contentWrap" id="yui_patched_v3_11_0_1_1540031430684_409">...</div>
  (Session info: chrome=69.0.3497.100)
  (Driver info: chromedriver=2.35.528161 (5b82f2d2aae0ca24b877009200ced9065a772e73),platform=Windows NT 6.1.7601 SP1 x86_64) (WARNING: The server did not provide any stacktrace information)
Command duration or timeout: 0 milliseconds
Build info: version: '3.7.1', revision: '8a0099a', time: '2017-11-06T21:07:36.161Z'
System info: host: 'WEIZHENG', ip: '192.168.137.1', os.name: 'Windows 7', os.arch: 'amd64', os.version: '6.1', java.version: '1.8.0_181'
Driver info: com.kms.katalon.selenium.driver.CChromeDriver
Capabilities {acceptInsecureCerts: false, acceptSslCerts: false, applicationCacheEnabled: false, browserConnectionEnabled: false, browserName: chrome, chrome: {chromedriverVersion: 2.35.528161 (5b82f2d2aae0ca..., userDataDir: C:\Users\WEIZHE~1\AppData\L...}, cssSelectorsEnabled: true, databaseEnabled: false, handlesAlerts: true, hasTouchScreen: false, javascriptEnabled: true, locationContextEnabled: true, mobileEmulationEnabled: false, nativeEvents: true, networkConnectionEnabled: false, pageLoadStrategy: normal, platform: XP, platformName: XP, rotatable: false, setWindowRect: true, takesHeapSnapshot: true, takesScreenshot: true, unexpectedAlertBehaviour: , unhandledPromptBehavior: , version: 69.0.3497.100, webStorageEnabled: true}
Session ID: 11d59264dfde1d83c2a592dc23f6e760)
[[ATTACHMENT|C:\\Users\\LENOVO\\Katalon Studio\\Perkeso Phase A\\Reports\\Workflow\\Update Add New Employee\\20181020_131102\\1540031472216.png]]

2018-10-20 18:31:12 - [TEST_STEP][PASSED] - delay: Delayed 3 second(s)

2018-10-20 18:31:15 - [MESSAGE][PASSED] - Delayed 3 second(s)

2018-10-20 18:31:15 - [TEST_STEP][PASSED] - waitForElementClickable: Object 'Object Repository/Final Object Repo/New Registration - Registration Module Pages/Third Screen - Upload Supporting Doc- Preview/Save n Continue in Uploading Supporting Doc Page' is clickable

2018-10-20 18:31:15 - [MESSAGE][PASSED] - Object 'Object Repository/Final Object Repo/New Registration - Registration Module Pages/Third Screen - Upload Supporting Doc- Preview/Save n Continue in Uploading Supporting Doc Page' is clickable

2018-10-20 18:31:15 - [TEST_STEP][FAILED] - click: Unable to click on object 'Object Repository/Final Object Repo/New Registration - Registration Module Pages/Third Screen - Upload Supporting Doc- Preview/Save n Continue in Uploading Supporting Doc Page' (Root cause: org.openqa.selenium.ElementNotVisibleException: element not visible
  (Session info: chrome=69.0.3497.100)
  (Driver info: chromedriver=2.35.528161 (5b82f2d2aae0ca24b877009200ced9065a772e73),platform=Windows NT 6.1.7601 SP1 x86_64) (WARNING: The server did not provide any stacktrace information)
Command duration or timeout: 0 milliseconds
Build info: version: '3.7.1', revision: '8a0099a', time: '2017-11-06T21:07:36.161Z'
System info: host: 'WEIZHENG', ip: '192.168.137.1', os.name: 'Windows 7', os.arch: 'amd64', os.version: '6.1', java.version: '1.8.0_181'
Driver info: com.kms.katalon.selenium.driver.CChromeDriver
Capabilities {acceptInsecureCerts: false, acceptSslCerts: false, applicationCacheEnabled: false, browserConnectionEnabled: false, browserName: chrome, chrome: {chromedriverVersion: 2.35.528161 (5b82f2d2aae0ca..., userDataDir: C:\Users\WEIZHE~1\AppData\L...}, cssSelectorsEnabled: true, databaseEnabled: false, handlesAlerts: true, hasTouchScreen: false, javascriptEnabled: true, locationContextEnabled: true, mobileEmulationEnabled: false, nativeEvents: true, networkConnectionEnabled: false, pageLoadStrategy: normal, platform: XP, platformName: XP, rotatable: false, setWindowRect: true, takesHeapSnapshot: true, takesScreenshot: true, unexpectedAlertBehaviour: , unhandledPromptBehavior: , version: 69.0.3497.100, webStorageEnabled: true}
Session ID: 11d59264dfde1d83c2a592dc23f6e760)

2018-10-20 18:31:15 - [MESSAGE][FAILED] - Unable to click on object 'Object Repository/Final Object Repo/New Registration - Registration Module Pages/Third Screen - Upload Supporting Doc- Preview/Save n Continue in Uploading Supporting Doc Page' (Root cause: org.openqa.selenium.ElementNotVisibleException: element not visible
  (Session info: chrome=69.0.3497.100)
  (Driver info: chromedriver=2.35.528161 (5b82f2d2aae0ca24b877009200ced9065a772e73),platform=Windows NT 6.1.7601 SP1 x86_64) (WARNING: The server did not provide any stacktrace information)
Command duration or timeout: 0 milliseconds
Build info: version: '3.7.1', revision: '8a0099a', time: '2017-11-06T21:07:36.161Z'
System info: host: 'WEIZHENG', ip: '192.168.137.1', os.name: 'Windows 7', os.arch: 'amd64', os.version: '6.1', java.version: '1.8.0_181'
Driver info: com.kms.katalon.selenium.driver.CChromeDriver
Capabilities {acceptInsecureCerts: false, acceptSslCerts: false, applicationCacheEnabled: false, browserConnectionEnabled: false, browserName: chrome, chrome: {chromedriverVersion: 2.35.528161 (5b82f2d2aae0ca..., userDataDir: C:\Users\WEIZHE~1\AppData\L...}, cssSelectorsEnabled: true, databaseEnabled: false, handlesAlerts: true, hasTouchScreen: false, javascriptEnabled: true, locationContextEnabled: true, mobileEmulationEnabled: false, nativeEvents: true, networkConnectionEnabled: false, pageLoadStrategy: normal, platform: XP, platformName: XP, rotatable: false, setWindowRect: true, takesHeapSnapshot: true, takesScreenshot: true, unexpectedAlertBehaviour: , unhandledPromptBehavior: , version: 69.0.3497.100, webStorageEnabled: true}
Session ID: 11d59264dfde1d83c2a592dc23f6e760)
[[ATTACHMENT|C:\\Users\\LENOVO\\Katalon Studio\\Perkeso Phase A\\Reports\\Workflow\\Update Add New Employee\\20181020_131102\\1540031475643.png]]

2018-10-20 18:31:15 - [MESSAGE][FAILED] - Unable to call Test Case with id 'Test Cases/Final Aug 2018 - PKS Automation/Registration Module/New Registration/Flow of New Registration/Third Screen - Upload Supporting Doc - Preview' (Root cause: Call Test Case 'Test Cases/Final Aug 2018 - PKS Automation/Registration Module/New Registration/Flow of New Registration/Third Screen - Upload Supporting Doc - Preview' failed)

2018-10-20 18:31:15 - [MESSAGE][FAILED] - Unable to call Test Case with id 'Test Cases/Final Aug 2018 - PKS Automation/Registration Module/Workflow/Update Add New Employee/Template/New Company for Update Add New' (Root cause: Call Test Case 'Test Cases/Final Aug 2018 - PKS Automation/Registration Module/Workflow/Update Add New Employee/Template/New Company for Update Add New' failed)]]></system-out>
         <system-err><![CDATA[2018-10-20 18:26:47 - [TEST_CASE][FAILED] - Test Cases/Final Aug 2018 - PKS Automation/Registration Module/Workflow/Update Add New Employee/Special Case (OTC - PKR BO - RO Query - PKR BO Upload Pending Case - RO Approve): Test Cases/Final Aug 2018 - PKS Automation/Registration Module/Workflow/Update Add New Employee/Special Case (OTC - PKR BO - RO Query - PKR BO Upload Pending Case - RO Approve) FAILED because (of) (Stack trace: com.kms.katalon.core.exception.StepFailedException: Unable to click on object 'Object Repository/Final Object Repo/New Registration - Registration Module Pages/Third Screen - Upload Supporting Doc- Preview/Select to Upload Borang SIP 2' (Root cause: org.openqa.selenium.WebDriverException: unknown error: Element <span>...</span> is not clickable at point (151, 567). Other element would receive the click: <li class="select2-results__option" id="select2-_newreg_WAR_registrationportlet_objdocTypeId-result-anzs-134" role="treeitem" aria-selected="false">...</li>
  (Session info: chrome=69.0.3497.100)
  (Driver info: chromedriver=2.35.528161 (5b82f2d2aae0ca24b877009200ced9065a772e73),platform=Windows NT 6.1.7601 SP1 x86_64) (WARNING: The server did not provide any stacktrace information)
Command duration or timeout: 0 milliseconds
Build info: version: '3.7.1', revision: '8a0099a', time: '2017-11-06T21:07:36.161Z'
System info: host: 'WEIZHENG', ip: '192.168.137.1', os.name: 'Windows 7', os.arch: 'amd64', os.version: '6.1', java.version: '1.8.0_181'
Driver info: com.kms.katalon.selenium.driver.CChromeDriver
Capabilities {acceptInsecureCerts: false, acceptSslCerts: false, applicationCacheEnabled: false, browserConnectionEnabled: false, browserName: chrome, chrome: {chromedriverVersion: 2.35.528161 (5b82f2d2aae0ca..., userDataDir: C:\Users\WEIZHE~1\AppData\L...}, cssSelectorsEnabled: true, databaseEnabled: false, handlesAlerts: true, hasTouchScreen: false, javascriptEnabled: true, locationContextEnabled: true, mobileEmulationEnabled: false, nativeEvents: true, networkConnectionEnabled: false, pageLoadStrategy: normal, platform: XP, platformName: XP, rotatable: false, setWindowRect: true, takesHeapSnapshot: true, takesScreenshot: true, unexpectedAlertBehaviour: , unhandledPromptBehavior: , version: 69.0.3497.100, webStorageEnabled: true}
Session ID: 11d59264dfde1d83c2a592dc23f6e760)
	at com.kms.katalon.core.keyword.internal.KeywordMain.stepFailed(KeywordMain.groovy:32)
	at com.kms.katalon.core.webui.keyword.internal.WebUIKeywordMain.stepFailed(WebUIKeywordMain.groovy:65)
	at com.kms.katalon.core.webui.keyword.internal.WebUIKeywordMain.runKeyword(WebUIKeywordMain.groovy:27)
	at com.kms.katalon.core.webui.keyword.builtin.ClickKeyword.click(ClickKeyword.groovy:86)
	at com.kms.katalon.core.webui.keyword.builtin.ClickKeyword.execute(ClickKeyword.groovy:67)
	at com.kms.katalon.core.keyword.internal.KeywordExecutor.executeKeywordForPlatform(KeywordExecutor.groovy:53)
	at com.kms.katalon.core.webui.keyword.WebUiBuiltInKeywords.click(WebUiBuiltInKeywords.groovy:616)
	at com.kms.katalon.core.webui.keyword.WebUiBuiltInKeywords$click$2.call(Unknown Source)
	at Script1534409664094.run(Script1534409664094.groovy:104)
	at com.kms.katalon.core.main.ScriptEngine.run(ScriptEngine.java:183)
	at com.kms.katalon.core.main.ScriptEngine.runScriptAsRawText(ScriptEngine.java:108)
	at com.kms.katalon.core.main.TestCaseExecutor.runScript(TestCaseExecutor.java:294)
	at com.kms.katalon.core.main.TestCaseExecutor.doExecute(TestCaseExecutor.java:285)
	at com.kms.katalon.core.main.TestCaseExecutor.processExecutionPhase(TestCaseExecutor.java:264)
	at com.kms.katalon.core.main.TestCaseExecutor.accessMainPhase(TestCaseExecutor.java:256)
	at com.kms.katalon.core.main.TestCaseExecutor.execute(TestCaseExecutor.java:200)
	at com.kms.katalon.core.main.TestCaseMain.runTestCase(TestCaseMain.java:99)
	at com.kms.katalon.core.keyword.builtin.CallTestCaseKeyword$_callTestCase_closure1.doCall(CallTestCaseKeyword.groovy:60)
	at com.kms.katalon.core.keyword.builtin.CallTestCaseKeyword$_callTestCase_closure1.call(CallTestCaseKeyword.groovy)
	at com.kms.katalon.core.keyword.internal.KeywordMain.runKeyword(KeywordMain.groovy:54)
	at com.kms.katalon.core.keyword.builtin.CallTestCaseKeyword.callTestCase(CallTestCaseKeyword.groovy:81)
	at com.kms.katalon.core.keyword.builtin.CallTestCaseKeyword.execute(CallTestCaseKeyword.groovy:45)
	at com.kms.katalon.core.keyword.internal.KeywordExecutor.executeKeywordForPlatform(KeywordExecutor.groovy:53)
	at com.kms.katalon.core.keyword.BuiltinKeywords.callTestCase(BuiltinKeywords.groovy:334)
	at sun.reflect.GeneratedMethodAccessor13.invoke(Unknown Source)
	at sun.reflect.DelegatingMethodAccessorImpl.invoke(DelegatingMethodAccessorImpl.java:43)
	at java.lang.reflect.Method.invoke(Method.java:498)
	at org.codehaus.groovy.reflection.CachedMethod.invoke(CachedMethod.java:93)
	at groovy.lang.MetaMethod.doMethodInvoke(MetaMethod.java:325)
	at groovy.lang.MetaClassImpl.invokeStaticMethod(MetaClassImpl.java:1469)
	at org.codehaus.groovy.runtime.callsite.StaticMetaClassSite.call(StaticMetaClassSite.java:53)
	at org.codehaus.groovy.runtime.callsite.AbstractCallSite.call(AbstractCallSite.java:141)
	at Script1536051799273.run(Script1536051799273.groovy:28)
	at com.kms.katalon.core.main.ScriptEngine.run(ScriptEngine.java:183)
	at com.kms.katalon.core.main.ScriptEngine.runScriptAsRawText(ScriptEngine.java:108)
	at com.kms.katalon.core.main.TestCaseExecutor.runScript(TestCaseExecutor.java:294)
	at com.kms.katalon.core.main.TestCaseExecutor.doExecute(TestCaseExecutor.java:285)
	at com.kms.katalon.core.main.TestCaseExecutor.processExecutionPhase(TestCaseExecutor.java:264)
	at com.kms.katalon.core.main.TestCaseExecutor.accessMainPhase(TestCaseExecutor.java:256)
	at com.kms.katalon.core.main.TestCaseExecutor.execute(TestCaseExecutor.java:200)
	at com.kms.katalon.core.main.TestCaseMain.runTestCase(TestCaseMain.java:99)
	at com.kms.katalon.core.keyword.builtin.CallTestCaseKeyword$_callTestCase_closure1.doCall(CallTestCaseKeyword.groovy:60)
	at com.kms.katalon.core.keyword.builtin.CallTestCaseKeyword$_callTestCase_closure1.call(CallTestCaseKeyword.groovy)
	at com.kms.katalon.core.keyword.internal.KeywordMain.runKeyword(KeywordMain.groovy:54)
	at com.kms.katalon.core.keyword.builtin.CallTestCaseKeyword.callTestCase(CallTestCaseKeyword.groovy:81)
	at com.kms.katalon.core.keyword.builtin.CallTestCaseKeyword.execute(CallTestCaseKeyword.groovy:45)
	at com.kms.katalon.core.keyword.internal.KeywordExecutor.executeKeywordForPlatform(KeywordExecutor.groovy:53)
	at com.kms.katalon.core.keyword.BuiltinKeywords.callTestCase(BuiltinKeywords.groovy:334)
	at sun.reflect.GeneratedMethodAccessor13.invoke(Unknown Source)
	at sun.reflect.DelegatingMethodAccessorImpl.invoke(DelegatingMethodAccessorImpl.java:43)
	at java.lang.reflect.Method.invoke(Method.java:498)
	at org.codehaus.groovy.reflection.CachedMethod.invoke(CachedMethod.java:93)
	at groovy.lang.MetaMethod.doMethodInvoke(MetaMethod.java:325)
	at groovy.lang.MetaClassImpl.invokeStaticMethod(MetaClassImpl.java:1469)
	at org.codehaus.groovy.runtime.callsite.StaticMetaClassSite.call(StaticMetaClassSite.java:53)
	at org.codehaus.groovy.runtime.callsite.CallSiteArray.defaultCall(CallSiteArray.java:48)
	at org.codehaus.groovy.runtime.callsite.AbstractCallSite.call(AbstractCallSite.java:113)
	at org.codehaus.groovy.runtime.callsite.AbstractCallSite.call(AbstractCallSite.java:141)
	at Script1536223156094.run(Script1536223156094.groovy:15)
	at com.kms.katalon.core.main.ScriptEngine.run(ScriptEngine.java:183)
	at com.kms.katalon.core.main.ScriptEngine.runScriptAsRawText(ScriptEngine.java:108)
	at com.kms.katalon.core.main.TestCaseExecutor.runScript(TestCaseExecutor.java:294)
	at com.kms.katalon.core.main.TestCaseExecutor.doExecute(TestCaseExecutor.java:285)
	at com.kms.katalon.core.main.TestCaseExecutor.processExecutionPhase(TestCaseExecutor.java:264)
	at com.kms.katalon.core.main.TestCaseExecutor.accessMainPhase(TestCaseExecutor.java:256)
	at com.kms.katalon.core.main.TestCaseExecutor.execute(TestCaseExecutor.java:200)
	at com.kms.katalon.core.main.TestSuiteExecutor.accessTestCaseMainPhase(TestSuiteExecutor.java:129)
	at com.kms.katalon.core.main.TestSuiteExecutor.accessTestSuiteMainPhase(TestSuiteExecutor.java:112)
	at com.kms.katalon.core.main.TestSuiteExecutor.execute(TestSuiteExecutor.java:81)
	at com.kms.katalon.core.main.TestCaseMain.startTestSuite(TestCaseMain.java:142)
	at com.kms.katalon.core.main.TestCaseMain$startTestSuite$0.call(Unknown Source)
	at org.codehaus.groovy.runtime.callsite.CallSiteArray.defaultCall(CallSiteArray.java:48)
	at org.codehaus.groovy.runtime.callsite.AbstractCallSite.call(AbstractCallSite.java:113)
	at org.codehaus.groovy.runtime.callsite.AbstractCallSite.call(AbstractCallSite.java:141)
	at TempTestSuite1540012262067.run(TempTestSuite1540012262067.groovy:36)
	at groovy.lang.GroovyShell.runScriptOrMainOrTestOrRunnable(GroovyShell.java:263)
	at groovy.lang.GroovyShell.run(GroovyShell.java:518)
	at groovy.lang.GroovyShell.run(GroovyShell.java:507)
	at groovy.ui.GroovyMain.processOnce(GroovyMain.java:653)
	at groovy.ui.GroovyMain.run(GroovyMain.java:384)
	at groovy.ui.GroovyMain.process(GroovyMain.java:370)
	at groovy.ui.GroovyMain.processArgs(GroovyMain.java:129)
	at groovy.ui.GroovyMain.main(GroovyMain.java:109)
	at sun.reflect.NativeMethodAccessorImpl.invoke0(Native Method)
	at sun.reflect.NativeMethodAccessorImpl.invoke(NativeMethodAccessorImpl.java:62)
	at sun.reflect.DelegatingMethodAccessorImpl.invoke(DelegatingMethodAccessorImpl.java:43)
	at java.lang.reflect.Method.invoke(Method.java:498)
	at org.codehaus.groovy.tools.GroovyStarter.rootLoader(GroovyStarter.java:109)
	at org.codehaus.groovy.tools.GroovyStarter.main(GroovyStarter.java:131)
)]]></system-err>
      </testcase>
      <testcase name="Test Cases/Final Aug 2018 - PKS Automation/Registration Module/Workflow/Update Add New Employee/Special Case (OTC - RO Approve)" classname="Test Cases/Final Aug 2018 - PKS Automation/Registration Module/Workflow/Update Add New Employee/Special Case (OTC - RO Approve)" status="FAILED">
         <failure type="FAILED" message="(Stack trace: com.kms.katalon.core.exception.StepFailedException: Unable to click on object 'Object Repository/Final Object Repo/New Registration - Registration Module Pages/Third Screen - Upload Supporting Doc- Preview/Select to Upload Borang SIP 2' (Root cause: org.openqa.selenium.WebDriverException: unknown error: Element &lt;span>...&lt;/span> is not clickable at point (151, 567). Other element would receive the click: &lt;li class=&quot;select2-results__option&quot; id=&quot;select2-_newreg_WAR_registrationportlet_objdocTypeId-result-f20l-134&quot; role=&quot;treeitem&quot; aria-selected=&quot;false&quot;>...&lt;/li>
  (Session info: chrome=69.0.3497.100)
  (Driver info: chromedriver=2.35.528161 (5b82f2d2aae0ca24b877009200ced9065a772e73),platform=Windows NT 6.1.7601 SP1 x86_64) (WARNING: The server did not provide any stacktrace information)
Command duration or timeout: 0 milliseconds
Build info: version: '3.7.1', revision: '8a0099a', time: '2017-11-06T21:07:36.161Z'
System info: host: 'WEIZHENG', ip: '192.168.137.1', os.name: 'Windows 7', os.arch: 'amd64', os.version: '6.1', java.version: '1.8.0_181'
Driver info: com.kms.katalon.selenium.driver.CChromeDriver
Capabilities {acceptInsecureCerts: false, acceptSslCerts: false, applicationCacheEnabled: false, browserConnectionEnabled: false, browserName: chrome, chrome: {chromedriverVersion: 2.35.528161 (5b82f2d2aae0ca..., userDataDir: C:\Users\WEIZHE~1\AppData\L...}, cssSelectorsEnabled: true, databaseEnabled: false, handlesAlerts: true, hasTouchScreen: false, javascriptEnabled: true, locationContextEnabled: true, mobileEmulationEnabled: false, nativeEvents: true, networkConnectionEnabled: false, pageLoadStrategy: normal, platform: XP, platformName: XP, rotatable: false, setWindowRect: true, takesHeapSnapshot: true, takesScreenshot: true, unexpectedAlertBehaviour: , unhandledPromptBehavior: , version: 69.0.3497.100, webStorageEnabled: true}
Session ID: dc867ef1a435318226d0d5059f3ae69a)
	at com.kms.katalon.core.keyword.internal.KeywordMain.stepFailed(KeywordMain.groovy:32)
	at com.kms.katalon.core.webui.keyword.internal.WebUIKeywordMain.stepFailed(WebUIKeywordMain.groovy:65)
	at com.kms.katalon.core.webui.keyword.internal.WebUIKeywordMain.runKeyword(WebUIKeywordMain.groovy:27)
	at com.kms.katalon.core.webui.keyword.builtin.ClickKeyword.click(ClickKeyword.groovy:86)
	at com.kms.katalon.core.webui.keyword.builtin.ClickKeyword.execute(ClickKeyword.groovy:67)
	at com.kms.katalon.core.keyword.internal.KeywordExecutor.executeKeywordForPlatform(KeywordExecutor.groovy:53)
	at com.kms.katalon.core.webui.keyword.WebUiBuiltInKeywords.click(WebUiBuiltInKeywords.groovy:616)
	at com.kms.katalon.core.webui.keyword.WebUiBuiltInKeywords$click$2.call(Unknown Source)
	at Script1534409664094.run(Script1534409664094.groovy:104)
	at com.kms.katalon.core.main.ScriptEngine.run(ScriptEngine.java:183)
	at com.kms.katalon.core.main.ScriptEngine.runScriptAsRawText(ScriptEngine.java:108)
	at com.kms.katalon.core.main.TestCaseExecutor.runScript(TestCaseExecutor.java:294)
	at com.kms.katalon.core.main.TestCaseExecutor.doExecute(TestCaseExecutor.java:285)
	at com.kms.katalon.core.main.TestCaseExecutor.processExecutionPhase(TestCaseExecutor.java:264)
	at com.kms.katalon.core.main.TestCaseExecutor.accessMainPhase(TestCaseExecutor.java:256)
	at com.kms.katalon.core.main.TestCaseExecutor.execute(TestCaseExecutor.java:200)
	at com.kms.katalon.core.main.TestCaseMain.runTestCase(TestCaseMain.java:99)
	at com.kms.katalon.core.keyword.builtin.CallTestCaseKeyword$_callTestCase_closure1.doCall(CallTestCaseKeyword.groovy:60)
	at com.kms.katalon.core.keyword.builtin.CallTestCaseKeyword$_callTestCase_closure1.call(CallTestCaseKeyword.groovy)
	at com.kms.katalon.core.keyword.internal.KeywordMain.runKeyword(KeywordMain.groovy:54)
	at com.kms.katalon.core.keyword.builtin.CallTestCaseKeyword.callTestCase(CallTestCaseKeyword.groovy:81)
	at com.kms.katalon.core.keyword.builtin.CallTestCaseKeyword.execute(CallTestCaseKeyword.groovy:45)
	at com.kms.katalon.core.keyword.internal.KeywordExecutor.executeKeywordForPlatform(KeywordExecutor.groovy:53)
	at com.kms.katalon.core.keyword.BuiltinKeywords.callTestCase(BuiltinKeywords.groovy:334)
	at sun.reflect.GeneratedMethodAccessor13.invoke(Unknown Source)
	at sun.reflect.DelegatingMethodAccessorImpl.invoke(DelegatingMethodAccessorImpl.java:43)
	at java.lang.reflect.Method.invoke(Method.java:498)
	at org.codehaus.groovy.reflection.CachedMethod.invoke(CachedMethod.java:93)
	at groovy.lang.MetaMethod.doMethodInvoke(MetaMethod.java:325)
	at groovy.lang.MetaClassImpl.invokeStaticMethod(MetaClassImpl.java:1469)
	at org.codehaus.groovy.runtime.callsite.StaticMetaClassSite.call(StaticMetaClassSite.java:53)
	at org.codehaus.groovy.runtime.callsite.AbstractCallSite.call(AbstractCallSite.java:141)
	at Script1536051799273.run(Script1536051799273.groovy:28)
	at com.kms.katalon.core.main.ScriptEngine.run(ScriptEngine.java:183)
	at com.kms.katalon.core.main.ScriptEngine.runScriptAsRawText(ScriptEngine.java:108)
	at com.kms.katalon.core.main.TestCaseExecutor.runScript(TestCaseExecutor.java:294)
	at com.kms.katalon.core.main.TestCaseExecutor.doExecute(TestCaseExecutor.java:285)
	at com.kms.katalon.core.main.TestCaseExecutor.processExecutionPhase(TestCaseExecutor.java:264)
	at com.kms.katalon.core.main.TestCaseExecutor.accessMainPhase(TestCaseExecutor.java:256)
	at com.kms.katalon.core.main.TestCaseExecutor.execute(TestCaseExecutor.java:200)
	at com.kms.katalon.core.main.TestCaseMain.runTestCase(TestCaseMain.java:99)
	at com.kms.katalon.core.keyword.builtin.CallTestCaseKeyword$_callTestCase_closure1.doCall(CallTestCaseKeyword.groovy:60)
	at com.kms.katalon.core.keyword.builtin.CallTestCaseKeyword$_callTestCase_closure1.call(CallTestCaseKeyword.groovy)
	at com.kms.katalon.core.keyword.internal.KeywordMain.runKeyword(KeywordMain.groovy:54)
	at com.kms.katalon.core.keyword.builtin.CallTestCaseKeyword.callTestCase(CallTestCaseKeyword.groovy:81)
	at com.kms.katalon.core.keyword.builtin.CallTestCaseKeyword.execute(CallTestCaseKeyword.groovy:45)
	at com.kms.katalon.core.keyword.internal.KeywordExecutor.executeKeywordForPlatform(KeywordExecutor.groovy:53)
	at com.kms.katalon.core.keyword.BuiltinKeywords.callTestCase(BuiltinKeywords.groovy:334)
	at sun.reflect.GeneratedMethodAccessor13.invoke(Unknown Source)
	at sun.reflect.DelegatingMethodAccessorImpl.invoke(DelegatingMethodAccessorImpl.java:43)
	at java.lang.reflect.Method.invoke(Method.java:498)
	at org.codehaus.groovy.reflection.CachedMethod.invoke(CachedMethod.java:93)
	at groovy.lang.MetaMethod.doMethodInvoke(MetaMethod.java:325)
	at groovy.lang.MetaClassImpl.invokeStaticMethod(MetaClassImpl.java:1469)
	at org.codehaus.groovy.runtime.callsite.StaticMetaClassSite.call(StaticMetaClassSite.java:53)
	at org.codehaus.groovy.runtime.callsite.CallSiteArray.defaultCall(CallSiteArray.java:48)
	at org.codehaus.groovy.runtime.callsite.AbstractCallSite.call(AbstractCallSite.java:113)
	at org.codehaus.groovy.runtime.callsite.AbstractCallSite.call(AbstractCallSite.java:141)
	at Script1536116100519.run(Script1536116100519.groovy:15)
	at com.kms.katalon.core.main.ScriptEngine.run(ScriptEngine.java:183)
	at com.kms.katalon.core.main.ScriptEngine.runScriptAsRawText(ScriptEngine.java:108)
	at com.kms.katalon.core.main.TestCaseExecutor.runScript(TestCaseExecutor.java:294)
	at com.kms.katalon.core.main.TestCaseExecutor.doExecute(TestCaseExecutor.java:285)
	at com.kms.katalon.core.main.TestCaseExecutor.processExecutionPhase(TestCaseExecutor.java:264)
	at com.kms.katalon.core.main.TestCaseExecutor.accessMainPhase(TestCaseExecutor.java:256)
	at com.kms.katalon.core.main.TestCaseExecutor.execute(TestCaseExecutor.java:200)
	at com.kms.katalon.core.main.TestSuiteExecutor.accessTestCaseMainPhase(TestSuiteExecutor.java:129)
	at com.kms.katalon.core.main.TestSuiteExecutor.accessTestSuiteMainPhase(TestSuiteExecutor.java:112)
	at com.kms.katalon.core.main.TestSuiteExecutor.execute(TestSuiteExecutor.java:81)
	at com.kms.katalon.core.main.TestCaseMain.startTestSuite(TestCaseMain.java:142)
	at com.kms.katalon.core.main.TestCaseMain$startTestSuite$0.call(Unknown Source)
	at org.codehaus.groovy.runtime.callsite.CallSiteArray.defaultCall(CallSiteArray.java:48)
	at org.codehaus.groovy.runtime.callsite.AbstractCallSite.call(AbstractCallSite.java:113)
	at org.codehaus.groovy.runtime.callsite.AbstractCallSite.call(AbstractCallSite.java:141)
	at TempTestSuite1540012262067.run(TempTestSuite1540012262067.groovy:36)
	at groovy.lang.GroovyShell.runScriptOrMainOrTestOrRunnable(GroovyShell.java:263)
	at groovy.lang.GroovyShell.run(GroovyShell.java:518)
	at groovy.lang.GroovyShell.run(GroovyShell.java:507)
	at groovy.ui.GroovyMain.processOnce(GroovyMain.java:653)
	at groovy.ui.GroovyMain.run(GroovyMain.java:384)
	at groovy.ui.GroovyMain.process(GroovyMain.java:370)
	at groovy.ui.GroovyMain.processArgs(GroovyMain.java:129)
	at groovy.ui.GroovyMain.main(GroovyMain.java:109)
	at sun.reflect.NativeMethodAccessorImpl.invoke0(Native Method)
	at sun.reflect.NativeMethodAccessorImpl.invoke(NativeMethodAccessorImpl.java:62)
	at sun.reflect.DelegatingMethodAccessorImpl.invoke(DelegatingMethodAccessorImpl.java:43)
	at java.lang.reflect.Method.invoke(Method.java:498)
	at org.codehaus.groovy.tools.GroovyStarter.rootLoader(GroovyStarter.java:109)
	at org.codehaus.groovy.tools.GroovyStarter.main(GroovyStarter.java:131)
)"/>
         <system-out><![CDATA[2018-10-20 18:31:15 - [TEST_CASE][FAILED] - Test Cases/Final Aug 2018 - PKS Automation/Registration Module/Workflow/Update Add New Employee/Special Case (OTC - RO Approve): Test Cases/Final Aug 2018 - PKS Automation/Registration Module/Workflow/Update Add New Employee/Special Case (OTC - RO Approve) FAILED because (of) (Stack trace: com.kms.katalon.core.exception.StepFailedException: Unable to click on object 'Object Repository/Final Object Repo/New Registration - Registration Module Pages/Third Screen - Upload Supporting Doc- Preview/Select to Upload Borang SIP 2' (Root cause: org.openqa.selenium.WebDriverException: unknown error: Element <span>...</span> is not clickable at point (151, 567). Other element would receive the click: <li class="select2-results__option" id="select2-_newreg_WAR_registrationportlet_objdocTypeId-result-f20l-134" role="treeitem" aria-selected="false">...</li>
  (Session info: chrome=69.0.3497.100)
  (Driver info: chromedriver=2.35.528161 (5b82f2d2aae0ca24b877009200ced9065a772e73),platform=Windows NT 6.1.7601 SP1 x86_64) (WARNING: The server did not provide any stacktrace information)
Command duration or timeout: 0 milliseconds
Build info: version: '3.7.1', revision: '8a0099a', time: '2017-11-06T21:07:36.161Z'
System info: host: 'WEIZHENG', ip: '192.168.137.1', os.name: 'Windows 7', os.arch: 'amd64', os.version: '6.1', java.version: '1.8.0_181'
Driver info: com.kms.katalon.selenium.driver.CChromeDriver
Capabilities {acceptInsecureCerts: false, acceptSslCerts: false, applicationCacheEnabled: false, browserConnectionEnabled: false, browserName: chrome, chrome: {chromedriverVersion: 2.35.528161 (5b82f2d2aae0ca..., userDataDir: C:\Users\WEIZHE~1\AppData\L...}, cssSelectorsEnabled: true, databaseEnabled: false, handlesAlerts: true, hasTouchScreen: false, javascriptEnabled: true, locationContextEnabled: true, mobileEmulationEnabled: false, nativeEvents: true, networkConnectionEnabled: false, pageLoadStrategy: normal, platform: XP, platformName: XP, rotatable: false, setWindowRect: true, takesHeapSnapshot: true, takesScreenshot: true, unexpectedAlertBehaviour: , unhandledPromptBehavior: , version: 69.0.3497.100, webStorageEnabled: true}
Session ID: dc867ef1a435318226d0d5059f3ae69a)
	at com.kms.katalon.core.keyword.internal.KeywordMain.stepFailed(KeywordMain.groovy:32)
	at com.kms.katalon.core.webui.keyword.internal.WebUIKeywordMain.stepFailed(WebUIKeywordMain.groovy:65)
	at com.kms.katalon.core.webui.keyword.internal.WebUIKeywordMain.runKeyword(WebUIKeywordMain.groovy:27)
	at com.kms.katalon.core.webui.keyword.builtin.ClickKeyword.click(ClickKeyword.groovy:86)
	at com.kms.katalon.core.webui.keyword.builtin.ClickKeyword.execute(ClickKeyword.groovy:67)
	at com.kms.katalon.core.keyword.internal.KeywordExecutor.executeKeywordForPlatform(KeywordExecutor.groovy:53)
	at com.kms.katalon.core.webui.keyword.WebUiBuiltInKeywords.click(WebUiBuiltInKeywords.groovy:616)
	at com.kms.katalon.core.webui.keyword.WebUiBuiltInKeywords$click$2.call(Unknown Source)
	at Script1534409664094.run(Script1534409664094.groovy:104)
	at com.kms.katalon.core.main.ScriptEngine.run(ScriptEngine.java:183)
	at com.kms.katalon.core.main.ScriptEngine.runScriptAsRawText(ScriptEngine.java:108)
	at com.kms.katalon.core.main.TestCaseExecutor.runScript(TestCaseExecutor.java:294)
	at com.kms.katalon.core.main.TestCaseExecutor.doExecute(TestCaseExecutor.java:285)
	at com.kms.katalon.core.main.TestCaseExecutor.processExecutionPhase(TestCaseExecutor.java:264)
	at com.kms.katalon.core.main.TestCaseExecutor.accessMainPhase(TestCaseExecutor.java:256)
	at com.kms.katalon.core.main.TestCaseExecutor.execute(TestCaseExecutor.java:200)
	at com.kms.katalon.core.main.TestCaseMain.runTestCase(TestCaseMain.java:99)
	at com.kms.katalon.core.keyword.builtin.CallTestCaseKeyword$_callTestCase_closure1.doCall(CallTestCaseKeyword.groovy:60)
	at com.kms.katalon.core.keyword.builtin.CallTestCaseKeyword$_callTestCase_closure1.call(CallTestCaseKeyword.groovy)
	at com.kms.katalon.core.keyword.internal.KeywordMain.runKeyword(KeywordMain.groovy:54)
	at com.kms.katalon.core.keyword.builtin.CallTestCaseKeyword.callTestCase(CallTestCaseKeyword.groovy:81)
	at com.kms.katalon.core.keyword.builtin.CallTestCaseKeyword.execute(CallTestCaseKeyword.groovy:45)
	at com.kms.katalon.core.keyword.internal.KeywordExecutor.executeKeywordForPlatform(KeywordExecutor.groovy:53)
	at com.kms.katalon.core.keyword.BuiltinKeywords.callTestCase(BuiltinKeywords.groovy:334)
	at sun.reflect.GeneratedMethodAccessor13.invoke(Unknown Source)
	at sun.reflect.DelegatingMethodAccessorImpl.invoke(DelegatingMethodAccessorImpl.java:43)
	at java.lang.reflect.Method.invoke(Method.java:498)
	at org.codehaus.groovy.reflection.CachedMethod.invoke(CachedMethod.java:93)
	at groovy.lang.MetaMethod.doMethodInvoke(MetaMethod.java:325)
	at groovy.lang.MetaClassImpl.invokeStaticMethod(MetaClassImpl.java:1469)
	at org.codehaus.groovy.runtime.callsite.StaticMetaClassSite.call(StaticMetaClassSite.java:53)
	at org.codehaus.groovy.runtime.callsite.AbstractCallSite.call(AbstractCallSite.java:141)
	at Script1536051799273.run(Script1536051799273.groovy:28)
	at com.kms.katalon.core.main.ScriptEngine.run(ScriptEngine.java:183)
	at com.kms.katalon.core.main.ScriptEngine.runScriptAsRawText(ScriptEngine.java:108)
	at com.kms.katalon.core.main.TestCaseExecutor.runScript(TestCaseExecutor.java:294)
	at com.kms.katalon.core.main.TestCaseExecutor.doExecute(TestCaseExecutor.java:285)
	at com.kms.katalon.core.main.TestCaseExecutor.processExecutionPhase(TestCaseExecutor.java:264)
	at com.kms.katalon.core.main.TestCaseExecutor.accessMainPhase(TestCaseExecutor.java:256)
	at com.kms.katalon.core.main.TestCaseExecutor.execute(TestCaseExecutor.java:200)
	at com.kms.katalon.core.main.TestCaseMain.runTestCase(TestCaseMain.java:99)
	at com.kms.katalon.core.keyword.builtin.CallTestCaseKeyword$_callTestCase_closure1.doCall(CallTestCaseKeyword.groovy:60)
	at com.kms.katalon.core.keyword.builtin.CallTestCaseKeyword$_callTestCase_closure1.call(CallTestCaseKeyword.groovy)
	at com.kms.katalon.core.keyword.internal.KeywordMain.runKeyword(KeywordMain.groovy:54)
	at com.kms.katalon.core.keyword.builtin.CallTestCaseKeyword.callTestCase(CallTestCaseKeyword.groovy:81)
	at com.kms.katalon.core.keyword.builtin.CallTestCaseKeyword.execute(CallTestCaseKeyword.groovy:45)
	at com.kms.katalon.core.keyword.internal.KeywordExecutor.executeKeywordForPlatform(KeywordExecutor.groovy:53)
	at com.kms.katalon.core.keyword.BuiltinKeywords.callTestCase(BuiltinKeywords.groovy:334)
	at sun.reflect.GeneratedMethodAccessor13.invoke(Unknown Source)
	at sun.reflect.DelegatingMethodAccessorImpl.invoke(DelegatingMethodAccessorImpl.java:43)
	at java.lang.reflect.Method.invoke(Method.java:498)
	at org.codehaus.groovy.reflection.CachedMethod.invoke(CachedMethod.java:93)
	at groovy.lang.MetaMethod.doMethodInvoke(MetaMethod.java:325)
	at groovy.lang.MetaClassImpl.invokeStaticMethod(MetaClassImpl.java:1469)
	at org.codehaus.groovy.runtime.callsite.StaticMetaClassSite.call(StaticMetaClassSite.java:53)
	at org.codehaus.groovy.runtime.callsite.CallSiteArray.defaultCall(CallSiteArray.java:48)
	at org.codehaus.groovy.runtime.callsite.AbstractCallSite.call(AbstractCallSite.java:113)
	at org.codehaus.groovy.runtime.callsite.AbstractCallSite.call(AbstractCallSite.java:141)
	at Script1536116100519.run(Script1536116100519.groovy:15)
	at com.kms.katalon.core.main.ScriptEngine.run(ScriptEngine.java:183)
	at com.kms.katalon.core.main.ScriptEngine.runScriptAsRawText(ScriptEngine.java:108)
	at com.kms.katalon.core.main.TestCaseExecutor.runScript(TestCaseExecutor.java:294)
	at com.kms.katalon.core.main.TestCaseExecutor.doExecute(TestCaseExecutor.java:285)
	at com.kms.katalon.core.main.TestCaseExecutor.processExecutionPhase(TestCaseExecutor.java:264)
	at com.kms.katalon.core.main.TestCaseExecutor.accessMainPhase(TestCaseExecutor.java:256)
	at com.kms.katalon.core.main.TestCaseExecutor.execute(TestCaseExecutor.java:200)
	at com.kms.katalon.core.main.TestSuiteExecutor.accessTestCaseMainPhase(TestSuiteExecutor.java:129)
	at com.kms.katalon.core.main.TestSuiteExecutor.accessTestSuiteMainPhase(TestSuiteExecutor.java:112)
	at com.kms.katalon.core.main.TestSuiteExecutor.execute(TestSuiteExecutor.java:81)
	at com.kms.katalon.core.main.TestCaseMain.startTestSuite(TestCaseMain.java:142)
	at com.kms.katalon.core.main.TestCaseMain$startTestSuite$0.call(Unknown Source)
	at org.codehaus.groovy.runtime.callsite.CallSiteArray.defaultCall(CallSiteArray.java:48)
	at org.codehaus.groovy.runtime.callsite.AbstractCallSite.call(AbstractCallSite.java:113)
	at org.codehaus.groovy.runtime.callsite.AbstractCallSite.call(AbstractCallSite.java:141)
	at TempTestSuite1540012262067.run(TempTestSuite1540012262067.groovy:36)
	at groovy.lang.GroovyShell.runScriptOrMainOrTestOrRunnable(GroovyShell.java:263)
	at groovy.lang.GroovyShell.run(GroovyShell.java:518)
	at groovy.lang.GroovyShell.run(GroovyShell.java:507)
	at groovy.ui.GroovyMain.processOnce(GroovyMain.java:653)
	at groovy.ui.GroovyMain.run(GroovyMain.java:384)
	at groovy.ui.GroovyMain.process(GroovyMain.java:370)
	at groovy.ui.GroovyMain.processArgs(GroovyMain.java:129)
	at groovy.ui.GroovyMain.main(GroovyMain.java:109)
	at sun.reflect.NativeMethodAccessorImpl.invoke0(Native Method)
	at sun.reflect.NativeMethodAccessorImpl.invoke(NativeMethodAccessorImpl.java:62)
	at sun.reflect.DelegatingMethodAccessorImpl.invoke(DelegatingMethodAccessorImpl.java:43)
	at java.lang.reflect.Method.invoke(Method.java:498)
	at org.codehaus.groovy.tools.GroovyStarter.rootLoader(GroovyStarter.java:109)
	at org.codehaus.groovy.tools.GroovyStarter.main(GroovyStarter.java:131)
)

2018-10-20 18:31:16 - [TEST_STEP][FAILED] - callTestCase: Unable to call Test Case with id 'Test Cases/Final Aug 2018 - PKS Automation/Registration Module/Workflow/Update Add New Employee/Template/New Company for Update Add New' (Root cause: Call Test Case 'Test Cases/Final Aug 2018 - PKS Automation/Registration Module/Workflow/Update Add New Employee/Template/New Company for Update Add New' failed)

2018-10-20 18:31:16 - [TEST_CASE][FAILED] - Test Cases/Final Aug 2018 - PKS Automation/Registration Module/Workflow/Update Add New Employee/Template/New Company for Update Add New: Test Cases/Final Aug 2018 - PKS Automation/Registration Module/Workflow/Update Add New Employee/Template/New Company for Update Add New FAILED because (of) (Stack trace: com.kms.katalon.core.exception.StepFailedException: Unable to click on object 'Object Repository/Final Object Repo/New Registration - Registration Module Pages/Third Screen - Upload Supporting Doc- Preview/Select to Upload Borang SIP 2' (Root cause: org.openqa.selenium.WebDriverException: unknown error: Element <span>...</span> is not clickable at point (151, 567). Other element would receive the click: <li class="select2-results__option" id="select2-_newreg_WAR_registrationportlet_objdocTypeId-result-f20l-134" role="treeitem" aria-selected="false">...</li>
  (Session info: chrome=69.0.3497.100)
  (Driver info: chromedriver=2.35.528161 (5b82f2d2aae0ca24b877009200ced9065a772e73),platform=Windows NT 6.1.7601 SP1 x86_64) (WARNING: The server did not provide any stacktrace information)
Command duration or timeout: 0 milliseconds
Build info: version: '3.7.1', revision: '8a0099a', time: '2017-11-06T21:07:36.161Z'
System info: host: 'WEIZHENG', ip: '192.168.137.1', os.name: 'Windows 7', os.arch: 'amd64', os.version: '6.1', java.version: '1.8.0_181'
Driver info: com.kms.katalon.selenium.driver.CChromeDriver
Capabilities {acceptInsecureCerts: false, acceptSslCerts: false, applicationCacheEnabled: false, browserConnectionEnabled: false, browserName: chrome, chrome: {chromedriverVersion: 2.35.528161 (5b82f2d2aae0ca..., userDataDir: C:\Users\WEIZHE~1\AppData\L...}, cssSelectorsEnabled: true, databaseEnabled: false, handlesAlerts: true, hasTouchScreen: false, javascriptEnabled: true, locationContextEnabled: true, mobileEmulationEnabled: false, nativeEvents: true, networkConnectionEnabled: false, pageLoadStrategy: normal, platform: XP, platformName: XP, rotatable: false, setWindowRect: true, takesHeapSnapshot: true, takesScreenshot: true, unexpectedAlertBehaviour: , unhandledPromptBehavior: , version: 69.0.3497.100, webStorageEnabled: true}
Session ID: dc867ef1a435318226d0d5059f3ae69a)
	at com.kms.katalon.core.keyword.internal.KeywordMain.stepFailed(KeywordMain.groovy:32)
	at com.kms.katalon.core.webui.keyword.internal.WebUIKeywordMain.stepFailed(WebUIKeywordMain.groovy:65)
	at com.kms.katalon.core.webui.keyword.internal.WebUIKeywordMain.runKeyword(WebUIKeywordMain.groovy:27)
	at com.kms.katalon.core.webui.keyword.builtin.ClickKeyword.click(ClickKeyword.groovy:86)
	at com.kms.katalon.core.webui.keyword.builtin.ClickKeyword.execute(ClickKeyword.groovy:67)
	at com.kms.katalon.core.keyword.internal.KeywordExecutor.executeKeywordForPlatform(KeywordExecutor.groovy:53)
	at com.kms.katalon.core.webui.keyword.WebUiBuiltInKeywords.click(WebUiBuiltInKeywords.groovy:616)
	at com.kms.katalon.core.webui.keyword.WebUiBuiltInKeywords$click$2.call(Unknown Source)
	at Script1534409664094.run(Script1534409664094.groovy:104)
	at com.kms.katalon.core.main.ScriptEngine.run(ScriptEngine.java:183)
	at com.kms.katalon.core.main.ScriptEngine.runScriptAsRawText(ScriptEngine.java:108)
	at com.kms.katalon.core.main.TestCaseExecutor.runScript(TestCaseExecutor.java:294)
	at com.kms.katalon.core.main.TestCaseExecutor.doExecute(TestCaseExecutor.java:285)
	at com.kms.katalon.core.main.TestCaseExecutor.processExecutionPhase(TestCaseExecutor.java:264)
	at com.kms.katalon.core.main.TestCaseExecutor.accessMainPhase(TestCaseExecutor.java:256)
	at com.kms.katalon.core.main.TestCaseExecutor.execute(TestCaseExecutor.java:200)
	at com.kms.katalon.core.main.TestCaseMain.runTestCase(TestCaseMain.java:99)
	at com.kms.katalon.core.keyword.builtin.CallTestCaseKeyword$_callTestCase_closure1.doCall(CallTestCaseKeyword.groovy:60)
	at com.kms.katalon.core.keyword.builtin.CallTestCaseKeyword$_callTestCase_closure1.call(CallTestCaseKeyword.groovy)
	at com.kms.katalon.core.keyword.internal.KeywordMain.runKeyword(KeywordMain.groovy:54)
	at com.kms.katalon.core.keyword.builtin.CallTestCaseKeyword.callTestCase(CallTestCaseKeyword.groovy:81)
	at com.kms.katalon.core.keyword.builtin.CallTestCaseKeyword.execute(CallTestCaseKeyword.groovy:45)
	at com.kms.katalon.core.keyword.internal.KeywordExecutor.executeKeywordForPlatform(KeywordExecutor.groovy:53)
	at com.kms.katalon.core.keyword.BuiltinKeywords.callTestCase(BuiltinKeywords.groovy:334)
	at sun.reflect.GeneratedMethodAccessor13.invoke(Unknown Source)
	at sun.reflect.DelegatingMethodAccessorImpl.invoke(DelegatingMethodAccessorImpl.java:43)
	at java.lang.reflect.Method.invoke(Method.java:498)
	at org.codehaus.groovy.reflection.CachedMethod.invoke(CachedMethod.java:93)
	at groovy.lang.MetaMethod.doMethodInvoke(MetaMethod.java:325)
	at groovy.lang.MetaClassImpl.invokeStaticMethod(MetaClassImpl.java:1469)
	at org.codehaus.groovy.runtime.callsite.StaticMetaClassSite.call(StaticMetaClassSite.java:53)
	at org.codehaus.groovy.runtime.callsite.AbstractCallSite.call(AbstractCallSite.java:141)
	at Script1536051799273.run(Script1536051799273.groovy:28)
	at com.kms.katalon.core.main.ScriptEngine.run(ScriptEngine.java:183)
	at com.kms.katalon.core.main.ScriptEngine.runScriptAsRawText(ScriptEngine.java:108)
	at com.kms.katalon.core.main.TestCaseExecutor.runScript(TestCaseExecutor.java:294)
	at com.kms.katalon.core.main.TestCaseExecutor.doExecute(TestCaseExecutor.java:285)
	at com.kms.katalon.core.main.TestCaseExecutor.processExecutionPhase(TestCaseExecutor.java:264)
	at com.kms.katalon.core.main.TestCaseExecutor.accessMainPhase(TestCaseExecutor.java:256)
	at com.kms.katalon.core.main.TestCaseExecutor.execute(TestCaseExecutor.java:200)
	at com.kms.katalon.core.main.TestCaseMain.runTestCase(TestCaseMain.java:99)
	at com.kms.katalon.core.keyword.builtin.CallTestCaseKeyword$_callTestCase_closure1.doCall(CallTestCaseKeyword.groovy:60)
	at com.kms.katalon.core.keyword.builtin.CallTestCaseKeyword$_callTestCase_closure1.call(CallTestCaseKeyword.groovy)
	at com.kms.katalon.core.keyword.internal.KeywordMain.runKeyword(KeywordMain.groovy:54)
	at com.kms.katalon.core.keyword.builtin.CallTestCaseKeyword.callTestCase(CallTestCaseKeyword.groovy:81)
	at com.kms.katalon.core.keyword.builtin.CallTestCaseKeyword.execute(CallTestCaseKeyword.groovy:45)
	at com.kms.katalon.core.keyword.internal.KeywordExecutor.executeKeywordForPlatform(KeywordExecutor.groovy:53)
	at com.kms.katalon.core.keyword.BuiltinKeywords.callTestCase(BuiltinKeywords.groovy:334)
	at sun.reflect.GeneratedMethodAccessor13.invoke(Unknown Source)
	at sun.reflect.DelegatingMethodAccessorImpl.invoke(DelegatingMethodAccessorImpl.java:43)
	at java.lang.reflect.Method.invoke(Method.java:498)
	at org.codehaus.groovy.reflection.CachedMethod.invoke(CachedMethod.java:93)
	at groovy.lang.MetaMethod.doMethodInvoke(MetaMethod.java:325)
	at groovy.lang.MetaClassImpl.invokeStaticMethod(MetaClassImpl.java:1469)
	at org.codehaus.groovy.runtime.callsite.StaticMetaClassSite.call(StaticMetaClassSite.java:53)
	at org.codehaus.groovy.runtime.callsite.CallSiteArray.defaultCall(CallSiteArray.java:48)
	at org.codehaus.groovy.runtime.callsite.AbstractCallSite.call(AbstractCallSite.java:113)
	at org.codehaus.groovy.runtime.callsite.AbstractCallSite.call(AbstractCallSite.java:141)
	at Script1536116100519.run(Script1536116100519.groovy:15)
	at com.kms.katalon.core.main.ScriptEngine.run(ScriptEngine.java:183)
	at com.kms.katalon.core.main.ScriptEngine.runScriptAsRawText(ScriptEngine.java:108)
	at com.kms.katalon.core.main.TestCaseExecutor.runScript(TestCaseExecutor.java:294)
	at com.kms.katalon.core.main.TestCaseExecutor.doExecute(TestCaseExecutor.java:285)
	at com.kms.katalon.core.main.TestCaseExecutor.processExecutionPhase(TestCaseExecutor.java:264)
	at com.kms.katalon.core.main.TestCaseExecutor.accessMainPhase(TestCaseExecutor.java:256)
	at com.kms.katalon.core.main.TestCaseExecutor.execute(TestCaseExecutor.java:200)
	at com.kms.katalon.core.main.TestSuiteExecutor.accessTestCaseMainPhase(TestSuiteExecutor.java:129)
	at com.kms.katalon.core.main.TestSuiteExecutor.accessTestSuiteMainPhase(TestSuiteExecutor.java:112)
	at com.kms.katalon.core.main.TestSuiteExecutor.execute(TestSuiteExecutor.java:81)
	at com.kms.katalon.core.main.TestCaseMain.startTestSuite(TestCaseMain.java:142)
	at com.kms.katalon.core.main.TestCaseMain$startTestSuite$0.call(Unknown Source)
	at org.codehaus.groovy.runtime.callsite.CallSiteArray.defaultCall(CallSiteArray.java:48)
	at org.codehaus.groovy.runtime.callsite.AbstractCallSite.call(AbstractCallSite.java:113)
	at org.codehaus.groovy.runtime.callsite.AbstractCallSite.call(AbstractCallSite.java:141)
	at TempTestSuite1540012262067.run(TempTestSuite1540012262067.groovy:36)
	at groovy.lang.GroovyShell.runScriptOrMainOrTestOrRunnable(GroovyShell.java:263)
	at groovy.lang.GroovyShell.run(GroovyShell.java:518)
	at groovy.lang.GroovyShell.run(GroovyShell.java:507)
	at groovy.ui.GroovyMain.processOnce(GroovyMain.java:653)
	at groovy.ui.GroovyMain.run(GroovyMain.java:384)
	at groovy.ui.GroovyMain.process(GroovyMain.java:370)
	at groovy.ui.GroovyMain.processArgs(GroovyMain.java:129)
	at groovy.ui.GroovyMain.main(GroovyMain.java:109)
	at sun.reflect.NativeMethodAccessorImpl.invoke0(Native Method)
	at sun.reflect.NativeMethodAccessorImpl.invoke(NativeMethodAccessorImpl.java:62)
	at sun.reflect.DelegatingMethodAccessorImpl.invoke(DelegatingMethodAccessorImpl.java:43)
	at java.lang.reflect.Method.invoke(Method.java:498)
	at org.codehaus.groovy.tools.GroovyStarter.rootLoader(GroovyStarter.java:109)
	at org.codehaus.groovy.tools.GroovyStarter.main(GroovyStarter.java:131)
)

2018-10-20 18:31:16 - [TEST_STEP][PASSED] - callTestCase: Call Test Case 'Test Cases/Final Aug 2018 - PKS Automation/Registration Module/New Registration/Form 1/Form 1 - Corporation - BHD' successfully

2018-10-20 18:31:16 - [TEST_CASE][PASSED] - Test Cases/Final Aug 2018 - PKS Automation/Registration Module/New Registration/Form 1/Form 1 - Corporation - BHD: Test Cases/Final Aug 2018 - PKS Automation/Registration Module/New Registration/Form 1/Form 1 - Corporation - BHD

2018-10-20 18:31:16 - [TEST_STEP][PASSED] - openBrowser: Browser is opened with url: ''

2018-10-20 18:31:16 - [MESSAGE][WARNING] - A browser is already opened. Closing browser and opening a new one

2018-10-20 18:31:20 - [MESSAGE][PASSED] - Browser is opened with url: ''

2018-10-20 18:31:20 - [TEST_STEP][PASSED] - navigateToUrl: Navigate to 'https://assist2-uat.perkeso.gov.my/login' successfully

2018-10-20 18:31:22 - [MESSAGE][PASSED] - Navigate to 'https://assist2-uat.perkeso.gov.my/login' successfully

2018-10-20 18:31:22 - [TEST_STEP][PASSED] - setText: Text 'johorotc1@gmail.com' is set on object 'Object Repository/Final Object Repo/Login Page/Internal User/Email Address'

2018-10-20 18:31:22 - [MESSAGE][PASSED] - Text 'johorotc1@gmail.com' is set on object 'Object Repository/Final Object Repo/Login Page/Internal User/Email Address'

2018-10-20 18:31:22 - [TEST_STEP][PASSED] - click: Object: 'Object Repository/Final Object Repo/Login Page/Internal User/Next Button' is clicked on

2018-10-20 18:31:22 - [MESSAGE][PASSED] - Object: 'Object Repository/Final Object Repo/Login Page/Internal User/Next Button' is clicked on

2018-10-20 18:31:22 - [TEST_STEP][PASSED] - delay: Delayed 1 second(s)

2018-10-20 18:31:23 - [MESSAGE][PASSED] - Delayed 1 second(s)

2018-10-20 18:31:23 - [TEST_STEP][PASSED] - setEncryptedText: Text ****** has been set on object 'Object Repository/Final Object Repo/Login Page/Internal User/Password'

2018-10-20 18:31:23 - [MESSAGE][PASSED] - Text ****** has been set on object 'Object Repository/Final Object Repo/Login Page/Internal User/Password'

2018-10-20 18:31:23 - [TEST_STEP][PASSED] - click: Object: 'Object Repository/Final Object Repo/Login Page/Internal User/Login Button' is clicked on

2018-10-20 18:31:23 - [MESSAGE][PASSED] - Object: 'Object Repository/Final Object Repo/Login Page/Internal User/Login Button' is clicked on

2018-10-20 18:31:23 - [TEST_STEP][PASSED] - delay: Delayed 1 second(s)

2018-10-20 18:31:24 - [MESSAGE][PASSED] - Delayed 1 second(s)

2018-10-20 18:31:24 - [TEST_STEP][PASSED] - Statement - Try: Delayed 2 second(s)

2018-10-20 18:31:24 - [TEST_STEP][PASSED] - Statement - Checker = false: null

2018-10-20 18:31:24 - [TEST_STEP][PASSED] - Statement - Checker = com.kms.katalon.core.webui.keyword.WebUiBuiltInKeywords.verifyElementHasAttribute(com.kms.katalon.core.testobject.ObjectRepository.findTestObject(Final Object Repo/Landing Page/BM Detecting), "href", 20, OPTIONAL): Object 'Object Repository/Final Object Repo/Landing Page/BM Detecting' has attribute 'href'

2018-10-20 18:31:26 - [MESSAGE][PASSED] - Object 'Object Repository/Final Object Repo/Landing Page/BM Detecting' has attribute 'href'

2018-10-20 18:31:26 - [TEST_STEP][PASSED] - Statement - out.println(Checker): null

2018-10-20 18:31:26 - [TEST_STEP][PASSED] - Statement - If (Checker == false): null

2018-10-20 18:31:26 - [TEST_STEP][PASSED] - Statement - Else: null

2018-10-20 18:31:26 - [TEST_STEP][PASSED] - delay: Delayed 2 second(s)

2018-10-20 18:31:28 - [MESSAGE][PASSED] - Delayed 2 second(s)

2018-10-20 18:31:28 - [TEST_STEP][PASSED] - navigateToUrl: Navigate to 'https://assist2-uat.perkeso.gov.my/web/registration/registration' successfully

2018-10-20 18:31:30 - [MESSAGE][PASSED] - Navigate to 'https://assist2-uat.perkeso.gov.my/web/registration/registration' successfully

2018-10-20 18:31:30 - [TEST_STEP][PASSED] - click: Object: 'Object Repository/Final Object Repo/New Registration - Registration Module Pages/Form 1/AEC - No' is clicked on

2018-10-20 18:31:30 - [MESSAGE][PASSED] - Object: 'Object Repository/Final Object Repo/New Registration - Registration Module Pages/Form 1/AEC - No' is clicked on

2018-10-20 18:31:30 - [TEST_STEP][PASSED] - click: Object: 'Object Repository/Final Object Repo/New Registration - Registration Module Pages/Form 1/Business Entity' is clicked on

2018-10-20 18:31:30 - [MESSAGE][PASSED] - Object: 'Object Repository/Final Object Repo/New Registration - Registration Module Pages/Form 1/Business Entity' is clicked on

2018-10-20 18:31:30 - [TEST_STEP][PASSED] - click: Object: 'Object Repository/Final Object Repo/New Registration - Registration Module Pages/Form 1/Businees Entity - Corporation' is clicked on

2018-10-20 18:31:30 - [MESSAGE][PASSED] - Object: 'Object Repository/Final Object Repo/New Registration - Registration Module Pages/Form 1/Businees Entity - Corporation' is clicked on

2018-10-20 18:31:30 - [TEST_STEP][PASSED] - delay: Delayed 1 second(s)

2018-10-20 18:31:31 - [MESSAGE][PASSED] - Delayed 1 second(s)

2018-10-20 18:31:31 - [TEST_STEP][PASSED] - click: Object: 'Object Repository/Final Object Repo/New Registration - Registration Module Pages/Form 1/Sub Business Entity' is clicked on

2018-10-20 18:31:32 - [MESSAGE][PASSED] - Object: 'Object Repository/Final Object Repo/New Registration - Registration Module Pages/Form 1/Sub Business Entity' is clicked on

2018-10-20 18:31:32 - [TEST_STEP][PASSED] - click: Object: 'Object Repository/Final Object Repo/New Registration - Registration Module Pages/Form 1/Sub Business Entity - Berhad' is clicked on

2018-10-20 18:31:32 - [MESSAGE][PASSED] - Object: 'Object Repository/Final Object Repo/New Registration - Registration Module Pages/Form 1/Sub Business Entity - Berhad' is clicked on

2018-10-20 18:31:32 - [TEST_STEP][PASSED] - delay: Delayed 1 second(s)

2018-10-20 18:31:33 - [MESSAGE][PASSED] - Delayed 1 second(s)

2018-10-20 18:31:33 - [TEST_STEP][PASSED] - setText: Text '123' is set on object 'Object Repository/Final Object Repo/New Registration - Registration Module Pages/Form 1/Registration Number'

2018-10-20 18:31:33 - [MESSAGE][PASSED] - Text '123' is set on object 'Object Repository/Final Object Repo/New Registration - Registration Module Pages/Form 1/Registration Number'

2018-10-20 18:31:33 - [TEST_STEP][PASSED] - click: Object: 'Object Repository/Final Object Repo/New Registration - Registration Module Pages/Form 1/Registred with SSM - Before Feb' is clicked on

2018-10-20 18:31:33 - [MESSAGE][PASSED] - Object: 'Object Repository/Final Object Repo/New Registration - Registration Module Pages/Form 1/Registred with SSM - Before Feb' is clicked on

2018-10-20 18:31:33 - [TEST_STEP][PASSED] - click: Object: 'Object Repository/Final Object Repo/New Registration - Registration Module Pages/Form 1/Registered As a Branch - Yes' is clicked on

2018-10-20 18:31:33 - [MESSAGE][PASSED] - Object: 'Object Repository/Final Object Repo/New Registration - Registration Module Pages/Form 1/Registered As a Branch - Yes' is clicked on

2018-10-20 18:31:33 - [TEST_STEP][PASSED] - click: Object: 'Object Repository/Final Object Repo/New Registration - Registration Module Pages/Form 1/Acknowledgement' is clicked on

2018-10-20 18:31:33 - [MESSAGE][PASSED] - Object: 'Object Repository/Final Object Repo/New Registration - Registration Module Pages/Form 1/Acknowledgement' is clicked on

2018-10-20 18:31:33 - [TEST_STEP][PASSED] - setText: Text 'perkeso' is set on object 'Object Repository/Final Object Repo/New Registration - Registration Module Pages/Form 1/Industry name'

2018-10-20 18:31:34 - [MESSAGE][PASSED] - Text 'perkeso' is set on object 'Object Repository/Final Object Repo/New Registration - Registration Module Pages/Form 1/Industry name'

2018-10-20 18:31:34 - [TEST_STEP][PASSED] - setText: Text 'perkeso1' is set on object 'Object Repository/Final Object Repo/New Registration - Registration Module Pages/Form 1/Postal Address1'

2018-10-20 18:31:34 - [MESSAGE][PASSED] - Text 'perkeso1' is set on object 'Object Repository/Final Object Repo/New Registration - Registration Module Pages/Form 1/Postal Address1'

2018-10-20 18:31:34 - [TEST_STEP][PASSED] - setText: Text 'perkeso2' is set on object 'Object Repository/Final Object Repo/New Registration - Registration Module Pages/Form 1/Postal Address2'

2018-10-20 18:31:34 - [MESSAGE][PASSED] - Text 'perkeso2' is set on object 'Object Repository/Final Object Repo/New Registration - Registration Module Pages/Form 1/Postal Address2'

2018-10-20 18:31:34 - [TEST_STEP][PASSED] - setText: Text 'perkeso3' is set on object 'Object Repository/Final Object Repo/New Registration - Registration Module Pages/Form 1/Postal Address3'

2018-10-20 18:31:34 - [MESSAGE][PASSED] - Text 'perkeso3' is set on object 'Object Repository/Final Object Repo/New Registration - Registration Module Pages/Form 1/Postal Address3'

2018-10-20 18:31:34 - [TEST_STEP][PASSED] - click: Object: 'Object Repository/Final Object Repo/New Registration - Registration Module Pages/Form 1/State' is clicked on

2018-10-20 18:31:35 - [MESSAGE][PASSED] - Object: 'Object Repository/Final Object Repo/New Registration - Registration Module Pages/Form 1/State' is clicked on

2018-10-20 18:31:35 - [TEST_STEP][PASSED] - click: Object: 'Object Repository/Final Object Repo/New Registration - Registration Module Pages/Form 1/State - Johor' is clicked on

2018-10-20 18:31:35 - [MESSAGE][PASSED] - Object: 'Object Repository/Final Object Repo/New Registration - Registration Module Pages/Form 1/State - Johor' is clicked on

2018-10-20 18:31:35 - [TEST_STEP][PASSED] - delay: Delayed 1 second(s)

2018-10-20 18:31:36 - [MESSAGE][PASSED] - Delayed 1 second(s)

2018-10-20 18:31:36 - [TEST_STEP][PASSED] - click: Object: 'Object Repository/Final Object Repo/New Registration - Registration Module Pages/Form 1/City' is clicked on

2018-10-20 18:31:36 - [MESSAGE][PASSED] - Object: 'Object Repository/Final Object Repo/New Registration - Registration Module Pages/Form 1/City' is clicked on

2018-10-20 18:31:36 - [TEST_STEP][PASSED] - setText: Text 'joh' is set on object 'Object Repository/Final Object Repo/New Registration - Registration Module Pages/Form 1/Postcode - 810'

2018-10-20 18:31:36 - [MESSAGE][PASSED] - Text 'joh' is set on object 'Object Repository/Final Object Repo/New Registration - Registration Module Pages/Form 1/Postcode - 810'

2018-10-20 18:31:36 - [TEST_STEP][PASSED] - delay: Delayed 1 second(s)

2018-10-20 18:31:37 - [MESSAGE][PASSED] - Delayed 1 second(s)

2018-10-20 18:31:37 - [TEST_STEP][PASSED] - click: Object: 'Object Repository/Final Object Repo/New Registration - Registration Module Pages/Form 1/City - Johor Bharu' is clicked on

2018-10-20 18:31:37 - [MESSAGE][PASSED] - Object: 'Object Repository/Final Object Repo/New Registration - Registration Module Pages/Form 1/City - Johor Bharu' is clicked on

2018-10-20 18:31:37 - [TEST_STEP][PASSED] - delay: Delayed 1 second(s)

2018-10-20 18:31:38 - [MESSAGE][PASSED] - Delayed 1 second(s)

2018-10-20 18:31:38 - [TEST_STEP][PASSED] - click: Object: 'Object Repository/Final Object Repo/New Registration - Registration Module Pages/Form 1/Postcode' is clicked on

2018-10-20 18:31:38 - [MESSAGE][PASSED] - Object: 'Object Repository/Final Object Repo/New Registration - Registration Module Pages/Form 1/Postcode' is clicked on

2018-10-20 18:31:38 - [TEST_STEP][PASSED] - delay: Delayed 1 second(s)

2018-10-20 18:31:39 - [MESSAGE][PASSED] - Delayed 1 second(s)

2018-10-20 18:31:39 - [TEST_STEP][PASSED] - setText: Text '810' is set on object 'Object Repository/Final Object Repo/New Registration - Registration Module Pages/Form 1/Postcode - 810'

2018-10-20 18:31:40 - [MESSAGE][PASSED] - Text '810' is set on object 'Object Repository/Final Object Repo/New Registration - Registration Module Pages/Form 1/Postcode - 810'

2018-10-20 18:31:40 - [TEST_STEP][PASSED] - delay: Delayed 3 second(s)

2018-10-20 18:31:43 - [MESSAGE][PASSED] - Delayed 3 second(s)

2018-10-20 18:31:43 - [TEST_STEP][PASSED] - click: Object: 'Object Repository/Final Object Repo/New Registration - Registration Module Pages/Form 1/Postcode - 81000' is clicked on

2018-10-20 18:31:43 - [MESSAGE][PASSED] - Object: 'Object Repository/Final Object Repo/New Registration - Registration Module Pages/Form 1/Postcode - 81000' is clicked on

2018-10-20 18:31:43 - [TEST_STEP][PASSED] - delay: Delayed 1 second(s)

2018-10-20 18:31:44 - [MESSAGE][PASSED] - Delayed 1 second(s)

2018-10-20 18:31:44 - [TEST_STEP][PASSED] - setText: Text '100' is set on object 'Object Repository/Final Object Repo/New Registration - Registration Module Pages/Form 1/P.O.BOX'

2018-10-20 18:31:44 - [MESSAGE][PASSED] - Text '100' is set on object 'Object Repository/Final Object Repo/New Registration - Registration Module Pages/Form 1/P.O.BOX'

2018-10-20 18:31:44 - [TEST_STEP][PASSED] - setText: Text '100' is set on object 'Object Repository/Final Object Repo/New Registration - Registration Module Pages/Form 1/Locked Bag No'

2018-10-20 18:31:44 - [MESSAGE][PASSED] - Text '100' is set on object 'Object Repository/Final Object Repo/New Registration - Registration Module Pages/Form 1/Locked Bag No'

2018-10-20 18:31:44 - [TEST_STEP][PASSED] - click: Object: 'Object Repository/Final Object Repo/New Registration - Registration Module Pages/Form 1/SOCSO Office Location' is clicked on

2018-10-20 18:31:44 - [MESSAGE][PASSED] - Object: 'Object Repository/Final Object Repo/New Registration - Registration Module Pages/Form 1/SOCSO Office Location' is clicked on

2018-10-20 18:31:44 - [TEST_STEP][PASSED] - click: Object: 'Object Repository/Final Object Repo/New Registration - Registration Module Pages/Form 1/SOCSO Office Location - Pejabat PERKESO Negeri Johor' is clicked on

2018-10-20 18:31:45 - [MESSAGE][PASSED] - Object: 'Object Repository/Final Object Repo/New Registration - Registration Module Pages/Form 1/SOCSO Office Location - Pejabat PERKESO Negeri Johor' is clicked on

2018-10-20 18:31:45 - [TEST_STEP][PASSED] - delay: Delayed 1 second(s)

2018-10-20 18:31:46 - [MESSAGE][PASSED] - Delayed 1 second(s)

2018-10-20 18:31:46 - [TEST_STEP][PASSED] - check: Object 'Object Repository/Final Object Repo/New Registration - Registration Module Pages/Form 1/Indusrty Address Same As Postal Address' is checked

2018-10-20 18:31:46 - [MESSAGE][PASSED] - Object 'Object Repository/Final Object Repo/New Registration - Registration Module Pages/Form 1/Indusrty Address Same As Postal Address' is checked

2018-10-20 18:31:46 - [TEST_STEP][PASSED] - delay: Delayed 3 second(s)

2018-10-20 18:31:49 - [MESSAGE][PASSED] - Delayed 3 second(s)

2018-10-20 18:31:49 - [TEST_STEP][PASSED] - click: Object: 'Object Repository/Final Object Repo/New Registration - Registration Module Pages/Form 1/Indusry Address Same As Postal Address False' is clicked on

2018-10-20 18:31:49 - [MESSAGE][PASSED] - Object: 'Object Repository/Final Object Repo/New Registration - Registration Module Pages/Form 1/Indusry Address Same As Postal Address False' is clicked on

2018-10-20 18:31:49 - [TEST_STEP][PASSED] - delay: Delayed 1 second(s)

2018-10-20 18:31:50 - [MESSAGE][PASSED] - Delayed 1 second(s)

2018-10-20 18:31:50 - [TEST_STEP][PASSED] - setText: Text 'perkeso1' is set on object 'Object Repository/Final Object Repo/New Registration - Registration Module Pages/Form 1/Industry Address1'

2018-10-20 18:31:50 - [MESSAGE][PASSED] - Text 'perkeso1' is set on object 'Object Repository/Final Object Repo/New Registration - Registration Module Pages/Form 1/Industry Address1'

2018-10-20 18:31:50 - [TEST_STEP][PASSED] - setText: Text 'perkeso2' is set on object 'Object Repository/Final Object Repo/New Registration - Registration Module Pages/Form 1/Industry Address2'

2018-10-20 18:31:51 - [MESSAGE][PASSED] - Text 'perkeso2' is set on object 'Object Repository/Final Object Repo/New Registration - Registration Module Pages/Form 1/Industry Address2'

2018-10-20 18:31:51 - [TEST_STEP][PASSED] - setText: Text 'perkeso3' is set on object 'Object Repository/Final Object Repo/New Registration - Registration Module Pages/Form 1/Industry Address3'

2018-10-20 18:31:51 - [MESSAGE][PASSED] - Text 'perkeso3' is set on object 'Object Repository/Final Object Repo/New Registration - Registration Module Pages/Form 1/Industry Address3'

2018-10-20 18:31:51 - [TEST_STEP][PASSED] - click: Object: 'Object Repository/Final Object Repo/New Registration - Registration Module Pages/Form 1/Industry State' is clicked on

2018-10-20 18:31:51 - [MESSAGE][PASSED] - Object: 'Object Repository/Final Object Repo/New Registration - Registration Module Pages/Form 1/Industry State' is clicked on

2018-10-20 18:31:51 - [TEST_STEP][PASSED] - delay: Delayed 2 second(s)

2018-10-20 18:31:53 - [MESSAGE][PASSED] - Delayed 2 second(s)

2018-10-20 18:31:53 - [TEST_STEP][PASSED] - click: Object: 'Object Repository/Final Object Repo/New Registration - Registration Module Pages/Form 1/Industry State - Johor' is clicked on

2018-10-20 18:31:53 - [MESSAGE][PASSED] - Object: 'Object Repository/Final Object Repo/New Registration - Registration Module Pages/Form 1/Industry State - Johor' is clicked on

2018-10-20 18:31:53 - [TEST_STEP][PASSED] - delay: Delayed 2 second(s)

2018-10-20 18:31:55 - [MESSAGE][PASSED] - Delayed 2 second(s)

2018-10-20 18:31:55 - [TEST_STEP][PASSED] - click: Object: 'Object Repository/Final Object Repo/New Registration - Registration Module Pages/Form 1/Industry Ciry' is clicked on

2018-10-20 18:31:55 - [MESSAGE][PASSED] - Object: 'Object Repository/Final Object Repo/New Registration - Registration Module Pages/Form 1/Industry Ciry' is clicked on

2018-10-20 18:31:55 - [TEST_STEP][PASSED] - setText: Text 'joh' is set on object 'Object Repository/Final Object Repo/New Registration - Registration Module Pages/Form 1/Industry Ciry - joh'

2018-10-20 18:31:56 - [MESSAGE][PASSED] - Text 'joh' is set on object 'Object Repository/Final Object Repo/New Registration - Registration Module Pages/Form 1/Industry Ciry - joh'

2018-10-20 18:31:56 - [TEST_STEP][PASSED] - delay: Delayed 2 second(s)

2018-10-20 18:31:58 - [MESSAGE][PASSED] - Delayed 2 second(s)

2018-10-20 18:31:58 - [TEST_STEP][PASSED] - click: Object: 'Object Repository/Final Object Repo/New Registration - Registration Module Pages/Form 1/Industy State - Johor Bharu' is clicked on

2018-10-20 18:31:58 - [MESSAGE][PASSED] - Object: 'Object Repository/Final Object Repo/New Registration - Registration Module Pages/Form 1/Industy State - Johor Bharu' is clicked on

2018-10-20 18:31:58 - [TEST_STEP][PASSED] - delay: Delayed 1 second(s)

2018-10-20 18:31:59 - [MESSAGE][PASSED] - Delayed 1 second(s)

2018-10-20 18:31:59 - [TEST_STEP][PASSED] - click: Object: 'Object Repository/Final Object Repo/New Registration - Registration Module Pages/Form 1/Indusry PostCode' is clicked on

2018-10-20 18:31:59 - [MESSAGE][PASSED] - Object: 'Object Repository/Final Object Repo/New Registration - Registration Module Pages/Form 1/Indusry PostCode' is clicked on

2018-10-20 18:31:59 - [TEST_STEP][PASSED] - delay: Delayed 1 second(s)

2018-10-20 18:32:00 - [MESSAGE][PASSED] - Delayed 1 second(s)

2018-10-20 18:32:00 - [TEST_STEP][PASSED] - setText: Text '810' is set on object 'Object Repository/Final Object Repo/New Registration - Registration Module Pages/Form 1/Insutry Post Code - 810'

2018-10-20 18:32:00 - [MESSAGE][PASSED] - Text '810' is set on object 'Object Repository/Final Object Repo/New Registration - Registration Module Pages/Form 1/Insutry Post Code - 810'

2018-10-20 18:32:00 - [TEST_STEP][PASSED] - delay: Delayed 1 second(s)

2018-10-20 18:32:01 - [MESSAGE][PASSED] - Delayed 1 second(s)

2018-10-20 18:32:01 - [TEST_STEP][PASSED] - click: Object: 'Object Repository/Final Object Repo/New Registration - Registration Module Pages/Form 1/Insutry Post Code - 81000' is clicked on

2018-10-20 18:32:01 - [MESSAGE][PASSED] - Object: 'Object Repository/Final Object Repo/New Registration - Registration Module Pages/Form 1/Insutry Post Code - 81000' is clicked on

2018-10-20 18:32:01 - [TEST_STEP][PASSED] - delay: Delayed 1 second(s)

2018-10-20 18:32:02 - [MESSAGE][PASSED] - Delayed 1 second(s)

2018-10-20 18:32:02 - [TEST_STEP][PASSED] - setText: Text '100' is set on object 'Object Repository/Final Object Repo/New Registration - Registration Module Pages/Form 1/Industry P.O.BOX'

2018-10-20 18:32:03 - [MESSAGE][PASSED] - Text '100' is set on object 'Object Repository/Final Object Repo/New Registration - Registration Module Pages/Form 1/Industry P.O.BOX'

2018-10-20 18:32:03 - [TEST_STEP][PASSED] - setText: Text '100' is set on object 'Object Repository/Final Object Repo/New Registration - Registration Module Pages/Form 1/Industry Locked Bag No'

2018-10-20 18:32:03 - [MESSAGE][PASSED] - Text '100' is set on object 'Object Repository/Final Object Repo/New Registration - Registration Module Pages/Form 1/Industry Locked Bag No'

2018-10-20 18:32:03 - [TEST_STEP][PASSED] - setText: Text '123456789' is set on object 'Object Repository/Final Object Repo/New Registration - Registration Module Pages/Form 1/Telephone No'

2018-10-20 18:32:03 - [MESSAGE][PASSED] - Text '123456789' is set on object 'Object Repository/Final Object Repo/New Registration - Registration Module Pages/Form 1/Telephone No'

2018-10-20 18:32:03 - [TEST_STEP][PASSED] - setText: Text '123456789' is set on object 'Object Repository/Final Object Repo/New Registration - Registration Module Pages/Form 1/Mobile No'

2018-10-20 18:32:03 - [MESSAGE][PASSED] - Text '123456789' is set on object 'Object Repository/Final Object Repo/New Registration - Registration Module Pages/Form 1/Mobile No'

2018-10-20 18:32:03 - [TEST_STEP][PASSED] - setText: Text '123456789' is set on object 'Object Repository/Final Object Repo/New Registration - Registration Module Pages/Form 1/Fax No'

2018-10-20 18:32:04 - [MESSAGE][PASSED] - Text '123456789' is set on object 'Object Repository/Final Object Repo/New Registration - Registration Module Pages/Form 1/Fax No'

2018-10-20 18:32:04 - [TEST_STEP][PASSED] - click: Object: 'Object Repository/Final Object Repo/New Registration - Registration Module Pages/Form 1/Industry Code' is clicked on

2018-10-20 18:32:04 - [MESSAGE][PASSED] - Object: 'Object Repository/Final Object Repo/New Registration - Registration Module Pages/Form 1/Industry Code' is clicked on

2018-10-20 18:32:04 - [TEST_STEP][PASSED] - click: Object: 'Object Repository/Final Object Repo/New Registration - Registration Module Pages/Form 1/Indudustry Code - Crops and Animal' is clicked on

2018-10-20 18:32:04 - [MESSAGE][PASSED] - Object: 'Object Repository/Final Object Repo/New Registration - Registration Module Pages/Form 1/Indudustry Code - Crops and Animal' is clicked on

2018-10-20 18:32:04 - [TEST_STEP][PASSED] - delay: Delayed 1 second(s)

2018-10-20 18:32:05 - [MESSAGE][PASSED] - Delayed 1 second(s)

2018-10-20 18:32:05 - [TEST_STEP][PASSED] - click: Object: 'Object Repository/Final Object Repo/New Registration - Registration Module Pages/Form 1/Sub Industry Code List' is clicked on

2018-10-20 18:32:05 - [MESSAGE][PASSED] - Object: 'Object Repository/Final Object Repo/New Registration - Registration Module Pages/Form 1/Sub Industry Code List' is clicked on

2018-10-20 18:32:05 - [TEST_STEP][PASSED] - click: Object: 'Object Repository/Final Object Repo/New Registration - Registration Module Pages/Form 1/Sub Industry Code List - Growing of Maize' is clicked on

2018-10-20 18:32:05 - [MESSAGE][PASSED] - Object: 'Object Repository/Final Object Repo/New Registration - Registration Module Pages/Form 1/Sub Industry Code List - Growing of Maize' is clicked on

2018-10-20 18:32:05 - [TEST_STEP][PASSED] - setText: Text 'perkeso123@gmail.com' is set on object 'Object Repository/Final Object Repo/New Registration - Registration Module Pages/Form 1/Email'

2018-10-20 18:32:06 - [MESSAGE][PASSED] - Text 'perkeso123@gmail.com' is set on object 'Object Repository/Final Object Repo/New Registration - Registration Module Pages/Form 1/Email'

2018-10-20 18:32:06 - [TEST_STEP][PASSED] - click: Object: 'Object Repository/Final Object Repo/New Registration - Registration Module Pages/Form 1/Method of Contribution Payment' is clicked on

2018-10-20 18:32:06 - [MESSAGE][PASSED] - Object: 'Object Repository/Final Object Repo/New Registration - Registration Module Pages/Form 1/Method of Contribution Payment' is clicked on

2018-10-20 18:32:06 - [TEST_STEP][PASSED] - click: Object: 'Object Repository/Final Object Repo/New Registration - Registration Module Pages/Form 1/Method of Contribution Payment - Portal' is clicked on

2018-10-20 18:32:06 - [MESSAGE][PASSED] - Object: 'Object Repository/Final Object Repo/New Registration - Registration Module Pages/Form 1/Method of Contribution Payment - Portal' is clicked on

2018-10-20 18:32:06 - [TEST_STEP][PASSED] - click: Object: 'Object Repository/Final Object Repo/New Registration - Registration Module Pages/Form 1/Servide Type' is clicked on

2018-10-20 18:32:06 - [MESSAGE][PASSED] - Object: 'Object Repository/Final Object Repo/New Registration - Registration Module Pages/Form 1/Servide Type' is clicked on

2018-10-20 18:32:06 - [TEST_STEP][PASSED] - click: Object: 'Object Repository/Final Object Repo/New Registration - Registration Module Pages/Form 1/Servide Type - Professional Bodies' is clicked on

2018-10-20 18:32:06 - [MESSAGE][PASSED] - Object: 'Object Repository/Final Object Repo/New Registration - Registration Module Pages/Form 1/Servide Type - Professional Bodies' is clicked on

2018-10-20 18:32:06 - [TEST_STEP][PASSED] - click: Object: 'Object Repository/Final Object Repo/New Registration - Registration Module Pages/Form 1/Industry Venue' is clicked on

2018-10-20 18:32:07 - [MESSAGE][PASSED] - Object: 'Object Repository/Final Object Repo/New Registration - Registration Module Pages/Form 1/Industry Venue' is clicked on

2018-10-20 18:32:07 - [TEST_STEP][PASSED] - click: Object: 'Object Repository/Final Object Repo/New Registration - Registration Module Pages/Form 1/Industry Venue -  PPN JOHOR' is clicked on

2018-10-20 18:32:07 - [MESSAGE][PASSED] - Object: 'Object Repository/Final Object Repo/New Registration - Registration Module Pages/Form 1/Industry Venue -  PPN JOHOR' is clicked on

2018-10-20 18:32:07 - [TEST_STEP][PASSED] - click: Object: 'Object Repository/Final Object Repo/New Registration - Registration Module Pages/Form 1/Save  Continue' is clicked on

2018-10-20 18:32:07 - [MESSAGE][PASSED] - Object: 'Object Repository/Final Object Repo/New Registration - Registration Module Pages/Form 1/Save  Continue' is clicked on

2018-10-20 18:32:07 - [MESSAGE][PASSED] - Call Test Case 'Test Cases/Final Aug 2018 - PKS Automation/Registration Module/New Registration/Form 1/Form 1 - Corporation - BHD' successfully

2018-10-20 18:32:07 - [TEST_STEP][PASSED] - callTestCase: Call Test Case 'Test Cases/Final Aug 2018 - PKS Automation/Registration Module/New Registration/Form 2/Add 1 Eligible' successfully

2018-10-20 18:32:07 - [TEST_CASE][PASSED] - Test Cases/Final Aug 2018 - PKS Automation/Registration Module/New Registration/Form 2/Add 1 Eligible: Test Cases/Final Aug 2018 - PKS Automation/Registration Module/New Registration/Form 2/Add 1 Eligible

2018-10-20 18:32:07 - [TEST_STEP][PASSED] - delay: Delayed 2 second(s)

2018-10-20 18:32:09 - [MESSAGE][PASSED] - Delayed 2 second(s)

2018-10-20 18:32:09 - [TEST_STEP][PASSED] - callTestCase: Call Test Case 'Test Cases/Final Aug 2018 - PKS Automation/Registration Module/New Registration/Form 2/Date Updater' successfully

2018-10-20 18:32:09 - [TEST_CASE][PASSED] - Test Cases/Final Aug 2018 - PKS Automation/Registration Module/New Registration/Form 2/Date Updater: Test Cases/Final Aug 2018 - PKS Automation/Registration Module/New Registration/Form 2/Date Updater

2018-10-20 18:32:09 - [TEST_STEP][PASSED] - Statement - TodayDate = new java.util.Date(): null

2018-10-20 18:32:09 - [TEST_STEP][PASSED] - Statement - CurrentDateNoFilter = new java.text.SimpleDateFormat(): null

2018-10-20 18:32:09 - [TEST_STEP][PASSED] - Statement - CurrentDateNoFilter.applyPattern("dd"): null

2018-10-20 18:32:09 - [TEST_STEP][PASSED] - Statement - CurrentDate = CurrentDateNoFilter.format(TodayDate): null

2018-10-20 18:32:09 - [TEST_STEP][PASSED] - Statement - CurrentDate = java.lang.Integer.parseInt(CurrentDate): null

2018-10-20 18:32:09 - [TEST_STEP][PASSED] - Statement - CurrentDate = CurrentDate: null

2018-10-20 18:32:09 - [TEST_STEP][PASSED] - Statement - CurrentDay = java.lang.Integer.parseInt(CurrentDate): null

2018-10-20 18:32:09 - [TEST_STEP][PASSED] - Statement - aDayBefore = CurrentDay + 1: null

2018-10-20 18:32:09 - [TEST_STEP][PASSED] - Statement - DayBefore = aDayBefore.toString(): null

2018-10-20 18:32:09 - [TEST_STEP][PASSED] - Statement - OneDayBefore = DayBefore: null

2018-10-20 18:32:09 - [TEST_STEP][PASSED] - Statement - CurrentDateNoFilter.applyPattern("MM"): null

2018-10-20 18:32:09 - [TEST_STEP][PASSED] - Statement - monthContainerMatcher = java.lang.Integer.parseInt(CurrentDateNoFilter.format(TodayDate)): null

2018-10-20 18:32:09 - [TEST_STEP][PASSED] - Statement - monthContainerMatcher = monthContainerMatcher - 1: null

2018-10-20 18:32:09 - [TEST_STEP][PASSED] - Statement - CurrentMonth = monthContainerMatcher.toString(): null

2018-10-20 18:32:09 - [TEST_STEP][PASSED] - Statement - CurrentMonth = CurrentMonth: null

2018-10-20 18:32:09 - [TEST_STEP][PASSED] - Statement - CurrentDateNoFilter.applyPattern("yyyy"): null

2018-10-20 18:32:09 - [TEST_STEP][PASSED] - Statement - CurrentYear = CurrentDateNoFilter.format(TodayDate): null

2018-10-20 18:32:09 - [TEST_STEP][PASSED] - Statement - CurrentYear = CurrentYear: null

2018-10-20 18:32:09 - [TEST_STEP][PASSED] - Statement - intCurrentYear = java.lang.Integer.parseInt(CurrentDateNoFilter.format(TodayDate)): null

2018-10-20 18:32:09 - [TEST_STEP][PASSED] - Statement - eighteenYrsAgo = intCurrentYear - 18: null

2018-10-20 18:32:09 - [TEST_STEP][PASSED] - Statement - eighteenYrsBeforeThisYr = eighteenYrsAgo.toString(): null

2018-10-20 18:32:09 - [TEST_STEP][PASSED] - Statement - EighteenYrsBefore = eighteenYrsBeforeThisYr: null

2018-10-20 18:32:09 - [TEST_STEP][PASSED] - Statement - fiftysevenYrsAgo = intCurrentYear - 57: null

2018-10-20 18:32:09 - [TEST_STEP][PASSED] - Statement - fiftysevenYrsBeforeThisYr = fiftysevenYrsAgo.toString(): null

2018-10-20 18:32:09 - [TEST_STEP][PASSED] - Statement - FiftysevenYrsBefore = fiftysevenYrsBeforeThisYr: null

2018-10-20 18:32:09 - [MESSAGE][PASSED] - Call Test Case 'Test Cases/Final Aug 2018 - PKS Automation/Registration Module/New Registration/Form 2/Date Updater' successfully

2018-10-20 18:32:09 - [TEST_STEP][PASSED] - delay: Delayed 1 second(s)

2018-10-20 18:32:10 - [MESSAGE][PASSED] - Delayed 1 second(s)

2018-10-20 18:32:10 - [TEST_STEP][PASSED] - Statement - CaseReferenceNo = com.kms.katalon.core.webui.keyword.WebUiBuiltInKeywords.getText(com.kms.katalon.core.testobject.ObjectRepository.findTestObject(Final Object Repo/New Registration - Registration Module Pages/Form 2/RefNo Acquiring)): Text of object 'Object Repository/Final Object Repo/New Registration - Registration Module Pages/Form 2/RefNo Acquiring' is: 'CRN10201800122309'

2018-10-20 18:32:10 - [MESSAGE][PASSED] - Text of object 'Object Repository/Final Object Repo/New Registration - Registration Module Pages/Form 2/RefNo Acquiring' is: 'CRN10201800122309'

2018-10-20 18:32:10 - [TEST_STEP][PASSED] - delay: Delayed 1 second(s)

2018-10-20 18:32:11 - [MESSAGE][PASSED] - Delayed 1 second(s)

2018-10-20 18:32:11 - [TEST_STEP][PASSED] - click: Object: 'Object Repository/Final Object Repo/New Registration - Registration Module Pages/Form 2/Add Employee Button' is clicked on

2018-10-20 18:32:11 - [MESSAGE][PASSED] - Object: 'Object Repository/Final Object Repo/New Registration - Registration Module Pages/Form 2/Add Employee Button' is clicked on

2018-10-20 18:32:11 - [TEST_STEP][PASSED] - delay: Delayed 1 second(s)

2018-10-20 18:32:12 - [MESSAGE][PASSED] - Delayed 1 second(s)

2018-10-20 18:32:12 - [TEST_STEP][PASSED] - setText: Text '010903091963' is set on object 'Object Repository/Final Object Repo/New Registration - Registration Module Pages/Form 2/NRIC Input'

2018-10-20 18:32:13 - [MESSAGE][PASSED] - Text '010903091963' is set on object 'Object Repository/Final Object Repo/New Registration - Registration Module Pages/Form 2/NRIC Input'

2018-10-20 18:32:13 - [TEST_STEP][PASSED] - click: Object: 'Object Repository/Final Object Repo/New Registration - Registration Module Pages/Form 2/button for search for IC' is clicked on

2018-10-20 18:32:13 - [MESSAGE][PASSED] - Object: 'Object Repository/Final Object Repo/New Registration - Registration Module Pages/Form 2/button for search for IC' is clicked on

2018-10-20 18:32:13 - [TEST_STEP][PASSED] - delay: Delayed 2 second(s)

2018-10-20 18:32:15 - [MESSAGE][PASSED] - Delayed 2 second(s)

2018-10-20 18:32:15 - [TEST_STEP][PASSED] - setText: Text 'Automate001 eligible 1' is set on object 'Object Repository/Final Object Repo/New Registration - Registration Module Pages/Form 2/Employee Name Input'

2018-10-20 18:32:15 - [MESSAGE][PASSED] - Text 'Automate001 eligible 1' is set on object 'Object Repository/Final Object Repo/New Registration - Registration Module Pages/Form 2/Employee Name Input'

2018-10-20 18:32:15 - [TEST_STEP][PASSED] - delay: Delayed 2 second(s)

2018-10-20 18:32:17 - [MESSAGE][PASSED] - Delayed 2 second(s)

2018-10-20 18:32:17 - [TEST_STEP][PASSED] - click: Object: 'Object Repository/Final Object Repo/New Registration - Registration Module Pages/Form 2/DatePicker Pop Up' is clicked on

2018-10-20 18:32:17 - [MESSAGE][PASSED] - Object: 'Object Repository/Final Object Repo/New Registration - Registration Module Pages/Form 2/DatePicker Pop Up' is clicked on

2018-10-20 18:32:17 - [TEST_STEP][PASSED] - click: Object: 'Object Repository/Final Object Repo/New Registration - Registration Module Pages/Form 2/DOB Month' is clicked on

2018-10-20 18:32:18 - [MESSAGE][PASSED] - Object: 'Object Repository/Final Object Repo/New Registration - Registration Module Pages/Form 2/DOB Month' is clicked on

2018-10-20 18:32:18 - [TEST_STEP][PASSED] - Statement - CurrentMonth = CurrentMonth: null

2018-10-20 18:32:18 - [TEST_STEP][PASSED] - Statement - selectMonth = new com.kms.katalon.core.testobject.TestObject(): null

2018-10-20 18:32:18 - [TEST_STEP][PASSED] - Statement - selectMonth.addProperty("xpath", EQUALS, "//body/div/div/div/select/option[@value='" + CurrentMonth + "']", true): null

2018-10-20 18:32:18 - [TEST_STEP][PASSED] - click: Object: '' is clicked on

2018-10-20 18:32:18 - [MESSAGE][PASSED] - Object: '' is clicked on

2018-10-20 18:32:18 - [TEST_STEP][PASSED] - click: Object: 'Object Repository/Final Object Repo/New Registration - Registration Module Pages/Form 2/DOB Year' is clicked on

2018-10-20 18:32:18 - [MESSAGE][PASSED] - Object: 'Object Repository/Final Object Repo/New Registration - Registration Module Pages/Form 2/DOB Year' is clicked on

2018-10-20 18:32:18 - [TEST_STEP][PASSED] - Statement - Eyearsbf = EighteenYrsBefore: null

2018-10-20 18:32:18 - [TEST_STEP][PASSED] - Statement - selectYear = new com.kms.katalon.core.testobject.TestObject(): null

2018-10-20 18:32:18 - [TEST_STEP][PASSED] - Statement - selectYear.addProperty("xpath", EQUALS, "//div/div/div/select/option[@value='" + Eyearsbf + "']", true): null

2018-10-20 18:32:18 - [TEST_STEP][PASSED] - click: Object: '' is clicked on

2018-10-20 18:32:18 - [MESSAGE][PASSED] - Object: '' is clicked on

2018-10-20 18:32:18 - [TEST_STEP][PASSED] - Statement - UpdatedSelectDate = com.kms.katalon.core.webui.keyword.WebUiBuiltInKeywords.modifyObjectProperty(com.kms.katalon.core.testobject.ObjectRepository.findTestObject(Final Object Repo/New Registration - Registration Module Pages/Form 2/DOB Date), "xpath", "equals", "//body/div/table/tbody/tr/td/a[text()="" + CurrentDate + ""]", true): Modify property of object successfully

2018-10-20 18:32:18 - [MESSAGE][PASSED] - Modify property of object successfully

2018-10-20 18:32:18 - [TEST_STEP][PASSED] - delay: Delayed 3 second(s)

2018-10-20 18:32:21 - [MESSAGE][PASSED] - Delayed 3 second(s)

2018-10-20 18:32:21 - [TEST_STEP][PASSED] - click: Object: 'Object Repository/Final Object Repo/New Registration - Registration Module Pages/Form 2/DOB Date' is clicked on

2018-10-20 18:32:21 - [MESSAGE][PASSED] - Object: 'Object Repository/Final Object Repo/New Registration - Registration Module Pages/Form 2/DOB Date' is clicked on

2018-10-20 18:32:21 - [TEST_STEP][PASSED] - delay: Delayed 2 second(s)

2018-10-20 18:32:23 - [MESSAGE][PASSED] - Delayed 2 second(s)

2018-10-20 18:32:23 - [TEST_STEP][PASSED] - click: Object: 'Object Repository/Final Object Repo/New Registration - Registration Module Pages/Form 2/EmploymentStartDate Pop Up' is clicked on

2018-10-20 18:32:23 - [MESSAGE][PASSED] - Object: 'Object Repository/Final Object Repo/New Registration - Registration Module Pages/Form 2/EmploymentStartDate Pop Up' is clicked on

2018-10-20 18:32:23 - [TEST_STEP][PASSED] - delay: Delayed 2 second(s)

2018-10-20 18:32:25 - [MESSAGE][PASSED] - Delayed 2 second(s)

2018-10-20 18:32:25 - [TEST_STEP][PASSED] - click: Object: 'Object Repository/Final Object Repo/New Registration - Registration Module Pages/Form 2/Socso Employment StartDate Month' is clicked on

2018-10-20 18:32:25 - [MESSAGE][PASSED] - Object: 'Object Repository/Final Object Repo/New Registration - Registration Module Pages/Form 2/Socso Employment StartDate Month' is clicked on

2018-10-20 18:32:25 - [TEST_STEP][PASSED] - delay: Delayed 1 second(s)

2018-10-20 18:32:26 - [MESSAGE][PASSED] - Delayed 1 second(s)

2018-10-20 18:32:26 - [TEST_STEP][PASSED] - click: Object: 'Object Repository/Final Object Repo/New Registration - Registration Module Pages/Form 2/Select Socso Employement Startdate Month' is clicked on

2018-10-20 18:32:27 - [MESSAGE][PASSED] - Object: 'Object Repository/Final Object Repo/New Registration - Registration Module Pages/Form 2/Select Socso Employement Startdate Month' is clicked on

2018-10-20 18:32:27 - [TEST_STEP][PASSED] - delay: Delayed 2 second(s)

2018-10-20 18:32:29 - [MESSAGE][PASSED] - Delayed 2 second(s)

2018-10-20 18:32:29 - [TEST_STEP][PASSED] - click: Object: 'Object Repository/Final Object Repo/New Registration - Registration Module Pages/Form 2/Socso Employment StartDate Year' is clicked on

2018-10-20 18:32:29 - [MESSAGE][PASSED] - Object: 'Object Repository/Final Object Repo/New Registration - Registration Module Pages/Form 2/Socso Employment StartDate Year' is clicked on

2018-10-20 18:32:29 - [TEST_STEP][PASSED] - delay: Delayed 1 second(s)

2018-10-20 18:32:30 - [MESSAGE][PASSED] - Delayed 1 second(s)

2018-10-20 18:32:30 - [TEST_STEP][PASSED] - click: Object: 'Object Repository/Final Object Repo/New Registration - Registration Module Pages/Form 2/Select Socso Employment Startdate Year' is clicked on

2018-10-20 18:32:30 - [MESSAGE][PASSED] - Object: 'Object Repository/Final Object Repo/New Registration - Registration Module Pages/Form 2/Select Socso Employment Startdate Year' is clicked on

2018-10-20 18:32:30 - [TEST_STEP][PASSED] - delay: Delayed 2 second(s)

2018-10-20 18:32:32 - [MESSAGE][PASSED] - Delayed 2 second(s)

2018-10-20 18:32:32 - [TEST_STEP][PASSED] - click: Object: 'Object Repository/Final Object Repo/New Registration - Registration Module Pages/Form 2/Socso Employment Start Date Day' is clicked on

2018-10-20 18:32:32 - [MESSAGE][PASSED] - Object: 'Object Repository/Final Object Repo/New Registration - Registration Module Pages/Form 2/Socso Employment Start Date Day' is clicked on

2018-10-20 18:32:32 - [TEST_STEP][PASSED] - delay: Delayed 2 second(s)

2018-10-20 18:32:34 - [MESSAGE][PASSED] - Delayed 2 second(s)

2018-10-20 18:32:34 - [TEST_STEP][PASSED] - click: Object: 'Object Repository/Final Object Repo/New Registration - Registration Module Pages/Form 2/Save Button for Add Employee' is clicked on

2018-10-20 18:32:34 - [MESSAGE][PASSED] - Object: 'Object Repository/Final Object Repo/New Registration - Registration Module Pages/Form 2/Save Button for Add Employee' is clicked on

2018-10-20 18:32:34 - [TEST_STEP][PASSED] - delay: Delayed 6 second(s)

2018-10-20 18:32:40 - [MESSAGE][PASSED] - Delayed 6 second(s)

2018-10-20 18:32:40 - [TEST_STEP][PASSED] - click: Object: 'Object Repository/Final Object Repo/New Registration - Registration Module Pages/Form 2/Save and Continue Form 2' is clicked on

2018-10-20 18:32:41 - [MESSAGE][PASSED] - Object: 'Object Repository/Final Object Repo/New Registration - Registration Module Pages/Form 2/Save and Continue Form 2' is clicked on

2018-10-20 18:32:41 - [MESSAGE][PASSED] - Call Test Case 'Test Cases/Final Aug 2018 - PKS Automation/Registration Module/New Registration/Form 2/Add 1 Eligible' successfully

2018-10-20 18:32:41 - [TEST_STEP][FAILED] - callTestCase: Unable to call Test Case with id 'Test Cases/Final Aug 2018 - PKS Automation/Registration Module/New Registration/Flow of New Registration/Third Screen - Upload Supporting Doc - Preview' (Root cause: Call Test Case 'Test Cases/Final Aug 2018 - PKS Automation/Registration Module/New Registration/Flow of New Registration/Third Screen - Upload Supporting Doc - Preview' failed)

2018-10-20 18:32:41 - [TEST_CASE][FAILED] - Test Cases/Final Aug 2018 - PKS Automation/Registration Module/New Registration/Flow of New Registration/Third Screen - Upload Supporting Doc - Preview: Test Cases/Final Aug 2018 - PKS Automation/Registration Module/New Registration/Flow of New Registration/Third Screen - Upload Supporting Doc - Preview FAILED because (of) (Stack trace: com.kms.katalon.core.exception.StepFailedException: Unable to click on object 'Object Repository/Final Object Repo/New Registration - Registration Module Pages/Third Screen - Upload Supporting Doc- Preview/Select to Upload Borang SIP 2' (Root cause: org.openqa.selenium.WebDriverException: unknown error: Element <span>...</span> is not clickable at point (151, 567). Other element would receive the click: <li class="select2-results__option" id="select2-_newreg_WAR_registrationportlet_objdocTypeId-result-f20l-134" role="treeitem" aria-selected="false">...</li>
  (Session info: chrome=69.0.3497.100)
  (Driver info: chromedriver=2.35.528161 (5b82f2d2aae0ca24b877009200ced9065a772e73),platform=Windows NT 6.1.7601 SP1 x86_64) (WARNING: The server did not provide any stacktrace information)
Command duration or timeout: 0 milliseconds
Build info: version: '3.7.1', revision: '8a0099a', time: '2017-11-06T21:07:36.161Z'
System info: host: 'WEIZHENG', ip: '192.168.137.1', os.name: 'Windows 7', os.arch: 'amd64', os.version: '6.1', java.version: '1.8.0_181'
Driver info: com.kms.katalon.selenium.driver.CChromeDriver
Capabilities {acceptInsecureCerts: false, acceptSslCerts: false, applicationCacheEnabled: false, browserConnectionEnabled: false, browserName: chrome, chrome: {chromedriverVersion: 2.35.528161 (5b82f2d2aae0ca..., userDataDir: C:\Users\WEIZHE~1\AppData\L...}, cssSelectorsEnabled: true, databaseEnabled: false, handlesAlerts: true, hasTouchScreen: false, javascriptEnabled: true, locationContextEnabled: true, mobileEmulationEnabled: false, nativeEvents: true, networkConnectionEnabled: false, pageLoadStrategy: normal, platform: XP, platformName: XP, rotatable: false, setWindowRect: true, takesHeapSnapshot: true, takesScreenshot: true, unexpectedAlertBehaviour: , unhandledPromptBehavior: , version: 69.0.3497.100, webStorageEnabled: true}
Session ID: dc867ef1a435318226d0d5059f3ae69a)
	at com.kms.katalon.core.keyword.internal.KeywordMain.stepFailed(KeywordMain.groovy:32)
	at com.kms.katalon.core.webui.keyword.internal.WebUIKeywordMain.stepFailed(WebUIKeywordMain.groovy:65)
	at com.kms.katalon.core.webui.keyword.internal.WebUIKeywordMain.runKeyword(WebUIKeywordMain.groovy:27)
	at com.kms.katalon.core.webui.keyword.builtin.ClickKeyword.click(ClickKeyword.groovy:86)
	at com.kms.katalon.core.webui.keyword.builtin.ClickKeyword.execute(ClickKeyword.groovy:67)
	at com.kms.katalon.core.keyword.internal.KeywordExecutor.executeKeywordForPlatform(KeywordExecutor.groovy:53)
	at com.kms.katalon.core.webui.keyword.WebUiBuiltInKeywords.click(WebUiBuiltInKeywords.groovy:616)
	at com.kms.katalon.core.webui.keyword.WebUiBuiltInKeywords$click$2.call(Unknown Source)
	at Script1534409664094.run(Script1534409664094.groovy:104)
	at com.kms.katalon.core.main.ScriptEngine.run(ScriptEngine.java:183)
	at com.kms.katalon.core.main.ScriptEngine.runScriptAsRawText(ScriptEngine.java:108)
	at com.kms.katalon.core.main.TestCaseExecutor.runScript(TestCaseExecutor.java:294)
	at com.kms.katalon.core.main.TestCaseExecutor.doExecute(TestCaseExecutor.java:285)
	at com.kms.katalon.core.main.TestCaseExecutor.processExecutionPhase(TestCaseExecutor.java:264)
	at com.kms.katalon.core.main.TestCaseExecutor.accessMainPhase(TestCaseExecutor.java:256)
	at com.kms.katalon.core.main.TestCaseExecutor.execute(TestCaseExecutor.java:200)
	at com.kms.katalon.core.main.TestCaseMain.runTestCase(TestCaseMain.java:99)
	at com.kms.katalon.core.keyword.builtin.CallTestCaseKeyword$_callTestCase_closure1.doCall(CallTestCaseKeyword.groovy:60)
	at com.kms.katalon.core.keyword.builtin.CallTestCaseKeyword$_callTestCase_closure1.call(CallTestCaseKeyword.groovy)
	at com.kms.katalon.core.keyword.internal.KeywordMain.runKeyword(KeywordMain.groovy:54)
	at com.kms.katalon.core.keyword.builtin.CallTestCaseKeyword.callTestCase(CallTestCaseKeyword.groovy:81)
	at com.kms.katalon.core.keyword.builtin.CallTestCaseKeyword.execute(CallTestCaseKeyword.groovy:45)
	at com.kms.katalon.core.keyword.internal.KeywordExecutor.executeKeywordForPlatform(KeywordExecutor.groovy:53)
	at com.kms.katalon.core.keyword.BuiltinKeywords.callTestCase(BuiltinKeywords.groovy:334)
	at sun.reflect.GeneratedMethodAccessor13.invoke(Unknown Source)
	at sun.reflect.DelegatingMethodAccessorImpl.invoke(DelegatingMethodAccessorImpl.java:43)
	at java.lang.reflect.Method.invoke(Method.java:498)
	at org.codehaus.groovy.reflection.CachedMethod.invoke(CachedMethod.java:93)
	at groovy.lang.MetaMethod.doMethodInvoke(MetaMethod.java:325)
	at groovy.lang.MetaClassImpl.invokeStaticMethod(MetaClassImpl.java:1469)
	at org.codehaus.groovy.runtime.callsite.StaticMetaClassSite.call(StaticMetaClassSite.java:53)
	at org.codehaus.groovy.runtime.callsite.AbstractCallSite.call(AbstractCallSite.java:141)
	at Script1536051799273.run(Script1536051799273.groovy:28)
	at com.kms.katalon.core.main.ScriptEngine.run(ScriptEngine.java:183)
	at com.kms.katalon.core.main.ScriptEngine.runScriptAsRawText(ScriptEngine.java:108)
	at com.kms.katalon.core.main.TestCaseExecutor.runScript(TestCaseExecutor.java:294)
	at com.kms.katalon.core.main.TestCaseExecutor.doExecute(TestCaseExecutor.java:285)
	at com.kms.katalon.core.main.TestCaseExecutor.processExecutionPhase(TestCaseExecutor.java:264)
	at com.kms.katalon.core.main.TestCaseExecutor.accessMainPhase(TestCaseExecutor.java:256)
	at com.kms.katalon.core.main.TestCaseExecutor.execute(TestCaseExecutor.java:200)
	at com.kms.katalon.core.main.TestCaseMain.runTestCase(TestCaseMain.java:99)
	at com.kms.katalon.core.keyword.builtin.CallTestCaseKeyword$_callTestCase_closure1.doCall(CallTestCaseKeyword.groovy:60)
	at com.kms.katalon.core.keyword.builtin.CallTestCaseKeyword$_callTestCase_closure1.call(CallTestCaseKeyword.groovy)
	at com.kms.katalon.core.keyword.internal.KeywordMain.runKeyword(KeywordMain.groovy:54)
	at com.kms.katalon.core.keyword.builtin.CallTestCaseKeyword.callTestCase(CallTestCaseKeyword.groovy:81)
	at com.kms.katalon.core.keyword.builtin.CallTestCaseKeyword.execute(CallTestCaseKeyword.groovy:45)
	at com.kms.katalon.core.keyword.internal.KeywordExecutor.executeKeywordForPlatform(KeywordExecutor.groovy:53)
	at com.kms.katalon.core.keyword.BuiltinKeywords.callTestCase(BuiltinKeywords.groovy:334)
	at sun.reflect.GeneratedMethodAccessor13.invoke(Unknown Source)
	at sun.reflect.DelegatingMethodAccessorImpl.invoke(DelegatingMethodAccessorImpl.java:43)
	at java.lang.reflect.Method.invoke(Method.java:498)
	at org.codehaus.groovy.reflection.CachedMethod.invoke(CachedMethod.java:93)
	at groovy.lang.MetaMethod.doMethodInvoke(MetaMethod.java:325)
	at groovy.lang.MetaClassImpl.invokeStaticMethod(MetaClassImpl.java:1469)
	at org.codehaus.groovy.runtime.callsite.StaticMetaClassSite.call(StaticMetaClassSite.java:53)
	at org.codehaus.groovy.runtime.callsite.CallSiteArray.defaultCall(CallSiteArray.java:48)
	at org.codehaus.groovy.runtime.callsite.AbstractCallSite.call(AbstractCallSite.java:113)
	at org.codehaus.groovy.runtime.callsite.AbstractCallSite.call(AbstractCallSite.java:141)
	at Script1536116100519.run(Script1536116100519.groovy:15)
	at com.kms.katalon.core.main.ScriptEngine.run(ScriptEngine.java:183)
	at com.kms.katalon.core.main.ScriptEngine.runScriptAsRawText(ScriptEngine.java:108)
	at com.kms.katalon.core.main.TestCaseExecutor.runScript(TestCaseExecutor.java:294)
	at com.kms.katalon.core.main.TestCaseExecutor.doExecute(TestCaseExecutor.java:285)
	at com.kms.katalon.core.main.TestCaseExecutor.processExecutionPhase(TestCaseExecutor.java:264)
	at com.kms.katalon.core.main.TestCaseExecutor.accessMainPhase(TestCaseExecutor.java:256)
	at com.kms.katalon.core.main.TestCaseExecutor.execute(TestCaseExecutor.java:200)
	at com.kms.katalon.core.main.TestSuiteExecutor.accessTestCaseMainPhase(TestSuiteExecutor.java:129)
	at com.kms.katalon.core.main.TestSuiteExecutor.accessTestSuiteMainPhase(TestSuiteExecutor.java:112)
	at com.kms.katalon.core.main.TestSuiteExecutor.execute(TestSuiteExecutor.java:81)
	at com.kms.katalon.core.main.TestCaseMain.startTestSuite(TestCaseMain.java:142)
	at com.kms.katalon.core.main.TestCaseMain$startTestSuite$0.call(Unknown Source)
	at org.codehaus.groovy.runtime.callsite.CallSiteArray.defaultCall(CallSiteArray.java:48)
	at org.codehaus.groovy.runtime.callsite.AbstractCallSite.call(AbstractCallSite.java:113)
	at org.codehaus.groovy.runtime.callsite.AbstractCallSite.call(AbstractCallSite.java:141)
	at TempTestSuite1540012262067.run(TempTestSuite1540012262067.groovy:36)
	at groovy.lang.GroovyShell.runScriptOrMainOrTestOrRunnable(GroovyShell.java:263)
	at groovy.lang.GroovyShell.run(GroovyShell.java:518)
	at groovy.lang.GroovyShell.run(GroovyShell.java:507)
	at groovy.ui.GroovyMain.processOnce(GroovyMain.java:653)
	at groovy.ui.GroovyMain.run(GroovyMain.java:384)
	at groovy.ui.GroovyMain.process(GroovyMain.java:370)
	at groovy.ui.GroovyMain.processArgs(GroovyMain.java:129)
	at groovy.ui.GroovyMain.main(GroovyMain.java:109)
	at sun.reflect.NativeMethodAccessorImpl.invoke0(Native Method)
	at sun.reflect.NativeMethodAccessorImpl.invoke(NativeMethodAccessorImpl.java:62)
	at sun.reflect.DelegatingMethodAccessorImpl.invoke(DelegatingMethodAccessorImpl.java:43)
	at java.lang.reflect.Method.invoke(Method.java:498)
	at org.codehaus.groovy.tools.GroovyStarter.rootLoader(GroovyStarter.java:109)
	at org.codehaus.groovy.tools.GroovyStarter.main(GroovyStarter.java:131)
)

2018-10-20 18:32:41 - [TEST_STEP][PASSED] - waitForPageLoad: Wait for page load successfully

2018-10-20 18:32:41 - [MESSAGE][PASSED] - Wait for page load successfully

2018-10-20 18:32:41 - [TEST_STEP][PASSED] - Statement - CaseReferenceNo = com.kms.katalon.core.webui.keyword.WebUiBuiltInKeywords.getText(com.kms.katalon.core.testobject.ObjectRepository.findTestObject(Final Object Repo/New Registration - Registration Module Pages/Third Screen - Upload Supporting Doc- Preview/RefNo Acquiring)): Text of object 'Object Repository/Final Object Repo/New Registration - Registration Module Pages/Third Screen - Upload Supporting Doc- Preview/RefNo Acquiring' is: 'CRN10201800122309'

2018-10-20 18:32:42 - [MESSAGE][PASSED] - Text of object 'Object Repository/Final Object Repo/New Registration - Registration Module Pages/Third Screen - Upload Supporting Doc- Preview/RefNo Acquiring' is: 'CRN10201800122309'

2018-10-20 18:32:42 - [TEST_STEP][PASSED] - delay: Delayed 2 second(s)

2018-10-20 18:32:44 - [MESSAGE][PASSED] - Delayed 2 second(s)

2018-10-20 18:32:44 - [TEST_STEP][PASSED] - callTestCase: Call Test Case 'Test Cases/Final Aug 2018 - PKS Automation/Common/Reference Number Setter' successfully

2018-10-20 18:32:44 - [TEST_CASE][PASSED] - Test Cases/Final Aug 2018 - PKS Automation/Common/Reference Number Setter: Test Cases/Final Aug 2018 - PKS Automation/Common/Reference Number Setter

2018-10-20 18:32:44 - [TEST_STEP][PASSED] - Statement - RefNoOldFile = new java.io.File(C://KatalonReference.txt): null

2018-10-20 18:32:44 - [TEST_STEP][PASSED] - Statement - RefNoOldFile.delete(): null

2018-10-20 18:32:44 - [TEST_STEP][PASSED] - Statement - RefNo = new java.io.File(C://KatalonReference.txt): null

2018-10-20 18:32:44 - [TEST_STEP][PASSED] - Statement - RefNo.append(CaseReferenceNo): null

2018-10-20 18:32:44 - [TEST_STEP][PASSED] - Statement - out.println("


" + CaseReferenceNo + "


"): null

2018-10-20 18:32:44 - [MESSAGE][PASSED] - Call Test Case 'Test Cases/Final Aug 2018 - PKS Automation/Common/Reference Number Setter' successfully

2018-10-20 18:32:44 - [TEST_STEP][PASSED] - waitForElementClickable: Object 'Object Repository/Final Object Repo/New Registration - Registration Module Pages/Third Screen - Upload Supporting Doc- Preview/Save n Continue in SIP Employee Listing Page' is clickable

2018-10-20 18:32:44 - [MESSAGE][PASSED] - Object 'Object Repository/Final Object Repo/New Registration - Registration Module Pages/Third Screen - Upload Supporting Doc- Preview/Save n Continue in SIP Employee Listing Page' is clickable

2018-10-20 18:32:44 - [TEST_STEP][PASSED] - click: Object: 'Object Repository/Final Object Repo/New Registration - Registration Module Pages/Third Screen - Upload Supporting Doc- Preview/Save n Continue in SIP Employee Listing Page' is clicked on

2018-10-20 18:32:50 - [MESSAGE][PASSED] - Object: 'Object Repository/Final Object Repo/New Registration - Registration Module Pages/Third Screen - Upload Supporting Doc- Preview/Save n Continue in SIP Employee Listing Page' is clicked on

2018-10-20 18:32:50 - [TEST_STEP][PASSED] - delay: Delayed 6 second(s)

2018-10-20 18:32:56 - [MESSAGE][PASSED] - Delayed 6 second(s)

2018-10-20 18:32:56 - [TEST_STEP][PASSED] - click: Object: 'Object Repository/Final Object Repo/New Registration - Registration Module Pages/Third Screen - Upload Supporting Doc- Preview/Add Document Button' is clicked on

2018-10-20 18:32:56 - [MESSAGE][PASSED] - Object: 'Object Repository/Final Object Repo/New Registration - Registration Module Pages/Third Screen - Upload Supporting Doc- Preview/Add Document Button' is clicked on

2018-10-20 18:32:56 - [TEST_STEP][PASSED] - delay: Delayed 30 second(s)

2018-10-20 18:33:26 - [MESSAGE][PASSED] - Delayed 30 second(s)

2018-10-20 18:33:26 - [TEST_STEP][PASSED] - click: Object: 'Object Repository/Final Object Repo/New Registration - Registration Module Pages/Third Screen - Upload Supporting Doc- Preview/Supporting Doc Please Select Drop Down' is clicked on

2018-10-20 18:33:27 - [MESSAGE][PASSED] - Object: 'Object Repository/Final Object Repo/New Registration - Registration Module Pages/Third Screen - Upload Supporting Doc- Preview/Supporting Doc Please Select Drop Down' is clicked on

2018-10-20 18:33:27 - [TEST_STEP][PASSED] - delay: Delayed 2 second(s)

2018-10-20 18:33:29 - [MESSAGE][PASSED] - Delayed 2 second(s)

2018-10-20 18:33:29 - [TEST_STEP][PASSED] - click: Object: 'Object Repository/Final Object Repo/New Registration - Registration Module Pages/Third Screen - Upload Supporting Doc- Preview/Select to Upload Form 1' is clicked on

2018-10-20 18:33:29 - [MESSAGE][PASSED] - Object: 'Object Repository/Final Object Repo/New Registration - Registration Module Pages/Third Screen - Upload Supporting Doc- Preview/Select to Upload Form 1' is clicked on

2018-10-20 18:33:29 - [TEST_STEP][PASSED] - delay: Delayed 2 second(s)

2018-10-20 18:33:31 - [MESSAGE][PASSED] - Delayed 2 second(s)

2018-10-20 18:33:31 - [TEST_STEP][PASSED] - uploadFile: File 'C:\Users\Public\Pictures\Sample Pictures\Act.jpg' sent to object: 'Object Repository/Final Object Repo/New Registration - Registration Module Pages/Third Screen - Upload Supporting Doc- Preview/Upload File Adding'

2018-10-20 18:33:31 - [MESSAGE][PASSED] - File 'C:\Users\Public\Pictures\Sample Pictures\Act.jpg' sent to object: 'Object Repository/Final Object Repo/New Registration - Registration Module Pages/Third Screen - Upload Supporting Doc- Preview/Upload File Adding'

2018-10-20 18:33:31 - [TEST_STEP][PASSED] - delay: Delayed 5 second(s)

2018-10-20 18:33:36 - [MESSAGE][PASSED] - Delayed 5 second(s)

2018-10-20 18:33:36 - [TEST_STEP][PASSED] - click: Object: 'Object Repository/Final Object Repo/New Registration - Registration Module Pages/Third Screen - Upload Supporting Doc- Preview/Inner Form Add Document Button' is clicked on

2018-10-20 18:33:36 - [MESSAGE][PASSED] - Object: 'Object Repository/Final Object Repo/New Registration - Registration Module Pages/Third Screen - Upload Supporting Doc- Preview/Inner Form Add Document Button' is clicked on

2018-10-20 18:33:36 - [TEST_STEP][PASSED] - delay: Delayed 3 second(s)

2018-10-20 18:33:39 - [MESSAGE][PASSED] - Delayed 3 second(s)

2018-10-20 18:33:39 - [TEST_STEP][PASSED] - click: Object: 'Object Repository/Final Object Repo/New Registration - Registration Module Pages/Third Screen - Upload Supporting Doc- Preview/Add Document Button' is clicked on

2018-10-20 18:33:41 - [MESSAGE][PASSED] - Object: 'Object Repository/Final Object Repo/New Registration - Registration Module Pages/Third Screen - Upload Supporting Doc- Preview/Add Document Button' is clicked on

2018-10-20 18:33:41 - [TEST_STEP][PASSED] - delay: Delayed 30 second(s)

2018-10-20 18:34:11 - [MESSAGE][PASSED] - Delayed 30 second(s)

2018-10-20 18:34:11 - [TEST_STEP][PASSED] - click: Object: 'Object Repository/Final Object Repo/New Registration - Registration Module Pages/Third Screen - Upload Supporting Doc- Preview/Supporting Doc Please Select Drop Down' is clicked on

2018-10-20 18:34:11 - [MESSAGE][PASSED] - Object: 'Object Repository/Final Object Repo/New Registration - Registration Module Pages/Third Screen - Upload Supporting Doc- Preview/Supporting Doc Please Select Drop Down' is clicked on

2018-10-20 18:34:11 - [TEST_STEP][PASSED] - delay: Delayed 2 second(s)

2018-10-20 18:34:13 - [MESSAGE][PASSED] - Delayed 2 second(s)

2018-10-20 18:34:13 - [TEST_STEP][PASSED] - click: Object: 'Object Repository/Final Object Repo/New Registration - Registration Module Pages/Third Screen - Upload Supporting Doc- Preview/Select to Upload Form 2' is clicked on

2018-10-20 18:34:14 - [MESSAGE][PASSED] - Object: 'Object Repository/Final Object Repo/New Registration - Registration Module Pages/Third Screen - Upload Supporting Doc- Preview/Select to Upload Form 2' is clicked on

2018-10-20 18:34:14 - [TEST_STEP][PASSED] - delay: Delayed 2 second(s)

2018-10-20 18:34:16 - [MESSAGE][PASSED] - Delayed 2 second(s)

2018-10-20 18:34:16 - [TEST_STEP][PASSED] - uploadFile: File 'C:\Users\Public\Pictures\Sample Pictures\Act.jpg' sent to object: 'Object Repository/Final Object Repo/New Registration - Registration Module Pages/Third Screen - Upload Supporting Doc- Preview/Upload File Adding'

2018-10-20 18:34:16 - [MESSAGE][PASSED] - File 'C:\Users\Public\Pictures\Sample Pictures\Act.jpg' sent to object: 'Object Repository/Final Object Repo/New Registration - Registration Module Pages/Third Screen - Upload Supporting Doc- Preview/Upload File Adding'

2018-10-20 18:34:16 - [TEST_STEP][PASSED] - click: Object: 'Object Repository/Final Object Repo/New Registration - Registration Module Pages/Third Screen - Upload Supporting Doc- Preview/Inner Form Add Document Button' is clicked on

2018-10-20 18:34:16 - [MESSAGE][PASSED] - Object: 'Object Repository/Final Object Repo/New Registration - Registration Module Pages/Third Screen - Upload Supporting Doc- Preview/Inner Form Add Document Button' is clicked on

2018-10-20 18:34:16 - [TEST_STEP][PASSED] - delay: Delayed 4 second(s)

2018-10-20 18:34:20 - [MESSAGE][PASSED] - Delayed 4 second(s)

2018-10-20 18:34:20 - [TEST_STEP][PASSED] - click: Object: 'Object Repository/Final Object Repo/New Registration - Registration Module Pages/Third Screen - Upload Supporting Doc- Preview/Add Document Button' is clicked on

2018-10-20 18:34:21 - [MESSAGE][PASSED] - Object: 'Object Repository/Final Object Repo/New Registration - Registration Module Pages/Third Screen - Upload Supporting Doc- Preview/Add Document Button' is clicked on

2018-10-20 18:34:21 - [TEST_STEP][PASSED] - delay: Delayed 30 second(s)

2018-10-20 18:34:51 - [MESSAGE][PASSED] - Delayed 30 second(s)

2018-10-20 18:34:51 - [TEST_STEP][PASSED] - click: Object: 'Object Repository/Final Object Repo/New Registration - Registration Module Pages/Third Screen - Upload Supporting Doc- Preview/Supporting Doc Please Select Drop Down' is clicked on

2018-10-20 18:34:51 - [MESSAGE][PASSED] - Object: 'Object Repository/Final Object Repo/New Registration - Registration Module Pages/Third Screen - Upload Supporting Doc- Preview/Supporting Doc Please Select Drop Down' is clicked on

2018-10-20 18:34:51 - [TEST_STEP][PASSED] - click: Object: 'Object Repository/Final Object Repo/New Registration - Registration Module Pages/Third Screen - Upload Supporting Doc- Preview/Select to Upload Borang SIP 1' is clicked on

2018-10-20 18:34:52 - [MESSAGE][PASSED] - Object: 'Object Repository/Final Object Repo/New Registration - Registration Module Pages/Third Screen - Upload Supporting Doc- Preview/Select to Upload Borang SIP 1' is clicked on

2018-10-20 18:34:52 - [TEST_STEP][PASSED] - delay: Delayed 2 second(s)

2018-10-20 18:34:54 - [MESSAGE][PASSED] - Delayed 2 second(s)

2018-10-20 18:34:54 - [TEST_STEP][PASSED] - uploadFile: File 'C:\Users\Public\Pictures\Sample Pictures\Act.jpg' sent to object: 'Object Repository/Final Object Repo/New Registration - Registration Module Pages/Third Screen - Upload Supporting Doc- Preview/Upload File Adding'

2018-10-20 18:34:54 - [MESSAGE][PASSED] - File 'C:\Users\Public\Pictures\Sample Pictures\Act.jpg' sent to object: 'Object Repository/Final Object Repo/New Registration - Registration Module Pages/Third Screen - Upload Supporting Doc- Preview/Upload File Adding'

2018-10-20 18:34:54 - [TEST_STEP][PASSED] - click: Object: 'Object Repository/Final Object Repo/New Registration - Registration Module Pages/Third Screen - Upload Supporting Doc- Preview/Inner Form Add Document Button' is clicked on

2018-10-20 18:34:54 - [MESSAGE][PASSED] - Object: 'Object Repository/Final Object Repo/New Registration - Registration Module Pages/Third Screen - Upload Supporting Doc- Preview/Inner Form Add Document Button' is clicked on

2018-10-20 18:34:54 - [TEST_STEP][PASSED] - delay: Delayed 5 second(s)

2018-10-20 18:34:59 - [MESSAGE][PASSED] - Delayed 5 second(s)

2018-10-20 18:34:59 - [TEST_STEP][PASSED] - click: Object: 'Object Repository/Final Object Repo/New Registration - Registration Module Pages/Third Screen - Upload Supporting Doc- Preview/Add Document Button' is clicked on

2018-10-20 18:34:59 - [MESSAGE][PASSED] - Object: 'Object Repository/Final Object Repo/New Registration - Registration Module Pages/Third Screen - Upload Supporting Doc- Preview/Add Document Button' is clicked on

2018-10-20 18:34:59 - [TEST_STEP][PASSED] - delay: Delayed 30 second(s)

2018-10-20 18:35:29 - [MESSAGE][PASSED] - Delayed 30 second(s)

2018-10-20 18:35:29 - [TEST_STEP][PASSED] - click: Object: 'Object Repository/Final Object Repo/New Registration - Registration Module Pages/Third Screen - Upload Supporting Doc- Preview/Supporting Doc Please Select Drop Down' is clicked on

2018-10-20 18:35:29 - [MESSAGE][PASSED] - Object: 'Object Repository/Final Object Repo/New Registration - Registration Module Pages/Third Screen - Upload Supporting Doc- Preview/Supporting Doc Please Select Drop Down' is clicked on

2018-10-20 18:35:29 - [TEST_STEP][PASSED] - delay: Delayed 3 second(s)

2018-10-20 18:35:32 - [MESSAGE][PASSED] - Delayed 3 second(s)

2018-10-20 18:35:32 - [TEST_STEP][FAILED] - click: Unable to click on object 'Object Repository/Final Object Repo/New Registration - Registration Module Pages/Third Screen - Upload Supporting Doc- Preview/Select to Upload Borang SIP 2' (Root cause: org.openqa.selenium.WebDriverException: unknown error: Element <span>...</span> is not clickable at point (151, 567). Other element would receive the click: <li class="select2-results__option" id="select2-_newreg_WAR_registrationportlet_objdocTypeId-result-f20l-134" role="treeitem" aria-selected="false">...</li>
  (Session info: chrome=69.0.3497.100)
  (Driver info: chromedriver=2.35.528161 (5b82f2d2aae0ca24b877009200ced9065a772e73),platform=Windows NT 6.1.7601 SP1 x86_64) (WARNING: The server did not provide any stacktrace information)
Command duration or timeout: 0 milliseconds
Build info: version: '3.7.1', revision: '8a0099a', time: '2017-11-06T21:07:36.161Z'
System info: host: 'WEIZHENG', ip: '192.168.137.1', os.name: 'Windows 7', os.arch: 'amd64', os.version: '6.1', java.version: '1.8.0_181'
Driver info: com.kms.katalon.selenium.driver.CChromeDriver
Capabilities {acceptInsecureCerts: false, acceptSslCerts: false, applicationCacheEnabled: false, browserConnectionEnabled: false, browserName: chrome, chrome: {chromedriverVersion: 2.35.528161 (5b82f2d2aae0ca..., userDataDir: C:\Users\WEIZHE~1\AppData\L...}, cssSelectorsEnabled: true, databaseEnabled: false, handlesAlerts: true, hasTouchScreen: false, javascriptEnabled: true, locationContextEnabled: true, mobileEmulationEnabled: false, nativeEvents: true, networkConnectionEnabled: false, pageLoadStrategy: normal, platform: XP, platformName: XP, rotatable: false, setWindowRect: true, takesHeapSnapshot: true, takesScreenshot: true, unexpectedAlertBehaviour: , unhandledPromptBehavior: , version: 69.0.3497.100, webStorageEnabled: true}
Session ID: dc867ef1a435318226d0d5059f3ae69a)

2018-10-20 18:35:33 - [MESSAGE][FAILED] - Unable to click on object 'Object Repository/Final Object Repo/New Registration - Registration Module Pages/Third Screen - Upload Supporting Doc- Preview/Select to Upload Borang SIP 2' (Root cause: org.openqa.selenium.WebDriverException: unknown error: Element <span>...</span> is not clickable at point (151, 567). Other element would receive the click: <li class="select2-results__option" id="select2-_newreg_WAR_registrationportlet_objdocTypeId-result-f20l-134" role="treeitem" aria-selected="false">...</li>
  (Session info: chrome=69.0.3497.100)
  (Driver info: chromedriver=2.35.528161 (5b82f2d2aae0ca24b877009200ced9065a772e73),platform=Windows NT 6.1.7601 SP1 x86_64) (WARNING: The server did not provide any stacktrace information)
Command duration or timeout: 0 milliseconds
Build info: version: '3.7.1', revision: '8a0099a', time: '2017-11-06T21:07:36.161Z'
System info: host: 'WEIZHENG', ip: '192.168.137.1', os.name: 'Windows 7', os.arch: 'amd64', os.version: '6.1', java.version: '1.8.0_181'
Driver info: com.kms.katalon.selenium.driver.CChromeDriver
Capabilities {acceptInsecureCerts: false, acceptSslCerts: false, applicationCacheEnabled: false, browserConnectionEnabled: false, browserName: chrome, chrome: {chromedriverVersion: 2.35.528161 (5b82f2d2aae0ca..., userDataDir: C:\Users\WEIZHE~1\AppData\L...}, cssSelectorsEnabled: true, databaseEnabled: false, handlesAlerts: true, hasTouchScreen: false, javascriptEnabled: true, locationContextEnabled: true, mobileEmulationEnabled: false, nativeEvents: true, networkConnectionEnabled: false, pageLoadStrategy: normal, platform: XP, platformName: XP, rotatable: false, setWindowRect: true, takesHeapSnapshot: true, takesScreenshot: true, unexpectedAlertBehaviour: , unhandledPromptBehavior: , version: 69.0.3497.100, webStorageEnabled: true}
Session ID: dc867ef1a435318226d0d5059f3ae69a)
[[ATTACHMENT|C:\\Users\\LENOVO\\Katalon Studio\\Perkeso Phase A\\Reports\\Workflow\\Update Add New Employee\\20181020_131102\\1540031733133.png]]

2018-10-20 18:35:33 - [TEST_STEP][PASSED] - delay: Delayed 2 second(s)

2018-10-20 18:35:35 - [MESSAGE][PASSED] - Delayed 2 second(s)

2018-10-20 18:35:35 - [TEST_STEP][PASSED] - uploadFile: File 'C:\Users\Public\Pictures\Sample Pictures\Act.jpg' sent to object: 'Object Repository/Final Object Repo/New Registration - Registration Module Pages/Third Screen - Upload Supporting Doc- Preview/Upload File Adding'

2018-10-20 18:35:35 - [MESSAGE][PASSED] - File 'C:\Users\Public\Pictures\Sample Pictures\Act.jpg' sent to object: 'Object Repository/Final Object Repo/New Registration - Registration Module Pages/Third Screen - Upload Supporting Doc- Preview/Upload File Adding'

2018-10-20 18:35:35 - [TEST_STEP][PASSED] - delay: Delayed 5 second(s)

2018-10-20 18:35:40 - [MESSAGE][PASSED] - Delayed 5 second(s)

2018-10-20 18:35:40 - [TEST_STEP][FAILED] - click: Unable to click on object 'Object Repository/Final Object Repo/New Registration - Registration Module Pages/Third Screen - Upload Supporting Doc- Preview/Inner Form Add Document Button' (Root cause: org.openqa.selenium.WebDriverException: unknown error: Element <a validatesubmit="" href="https://assist2-uat.perkeso.gov.my/web/registration/registration?p_auth=vFw5GUvB&amp;p_p_id=newreg_WAR_registrationportlet&amp;p_p_lifecycle=1&amp;p_p_state=exclusive&amp;p_p_mode=view&amp;_newreg_WAR_registrationportlet_redirect=https%3A%2F%2Fassist2-uat.perkeso.gov.my%2Fweb%2Fregistration%2Fregistration%3Fp_p_id%3Dnewreg_WAR_registrationportlet%26p_p_lifecycle%3D0%26p_p_state%3Dnormal%26p_p_mode%3Dview%26p_p_col_id%3Dcolumn-1%26p_p_col_count%3D1%26_newreg_WAR_registrationportlet_browserIdKey%3D1540031489590%26_newreg_WAR_registrationportlet_jspPage%3D%2Fapps%2Freg%2Fcommon%2Fcommon_supporting_doc_form.jsp%26_newreg_WAR_registrationportlet_regViewKey%3D17&amp;_newreg_WAR_registrationportlet_javax.portlet.action=exeAction&amp;_newreg_WAR_registrationportlet_mvcPath=%2Fapps%2Freg%2Fcommon%2Fcommon_supporting_doc_form.jsp&amp;_newreg_WAR_registrationportlet_browserIdKey=1540031489590&amp;_newreg_WAR_registrationportlet_cmd=saveSuppDocFileId&amp;_newreg_WAR_registrationportlet_regViewKey=17" class="btn btn-lg blueBtn col-md-2 pull-right" formid="_newreg_WAR_registrationportlet_uploadDocForm" targets="baseMsgDivId">...</a> is not clickable at point (851, 547). Other element would receive the click: <div class="contentWrap" id="yui_patched_v3_11_0_1_1540031699187_409">...</div>
  (Session info: chrome=69.0.3497.100)
  (Driver info: chromedriver=2.35.528161 (5b82f2d2aae0ca24b877009200ced9065a772e73),platform=Windows NT 6.1.7601 SP1 x86_64) (WARNING: The server did not provide any stacktrace information)
Command duration or timeout: 0 milliseconds
Build info: version: '3.7.1', revision: '8a0099a', time: '2017-11-06T21:07:36.161Z'
System info: host: 'WEIZHENG', ip: '192.168.137.1', os.name: 'Windows 7', os.arch: 'amd64', os.version: '6.1', java.version: '1.8.0_181'
Driver info: com.kms.katalon.selenium.driver.CChromeDriver
Capabilities {acceptInsecureCerts: false, acceptSslCerts: false, applicationCacheEnabled: false, browserConnectionEnabled: false, browserName: chrome, chrome: {chromedriverVersion: 2.35.528161 (5b82f2d2aae0ca..., userDataDir: C:\Users\WEIZHE~1\AppData\L...}, cssSelectorsEnabled: true, databaseEnabled: false, handlesAlerts: true, hasTouchScreen: false, javascriptEnabled: true, locationContextEnabled: true, mobileEmulationEnabled: false, nativeEvents: true, networkConnectionEnabled: false, pageLoadStrategy: normal, platform: XP, platformName: XP, rotatable: false, setWindowRect: true, takesHeapSnapshot: true, takesScreenshot: true, unexpectedAlertBehaviour: , unhandledPromptBehavior: , version: 69.0.3497.100, webStorageEnabled: true}
Session ID: dc867ef1a435318226d0d5059f3ae69a)

2018-10-20 18:35:40 - [MESSAGE][FAILED] - Unable to click on object 'Object Repository/Final Object Repo/New Registration - Registration Module Pages/Third Screen - Upload Supporting Doc- Preview/Inner Form Add Document Button' (Root cause: org.openqa.selenium.WebDriverException: unknown error: Element <a validatesubmit="" href="https://assist2-uat.perkeso.gov.my/web/registration/registration?p_auth=vFw5GUvB&amp;p_p_id=newreg_WAR_registrationportlet&amp;p_p_lifecycle=1&amp;p_p_state=exclusive&amp;p_p_mode=view&amp;_newreg_WAR_registrationportlet_redirect=https%3A%2F%2Fassist2-uat.perkeso.gov.my%2Fweb%2Fregistration%2Fregistration%3Fp_p_id%3Dnewreg_WAR_registrationportlet%26p_p_lifecycle%3D0%26p_p_state%3Dnormal%26p_p_mode%3Dview%26p_p_col_id%3Dcolumn-1%26p_p_col_count%3D1%26_newreg_WAR_registrationportlet_browserIdKey%3D1540031489590%26_newreg_WAR_registrationportlet_jspPage%3D%2Fapps%2Freg%2Fcommon%2Fcommon_supporting_doc_form.jsp%26_newreg_WAR_registrationportlet_regViewKey%3D17&amp;_newreg_WAR_registrationportlet_javax.portlet.action=exeAction&amp;_newreg_WAR_registrationportlet_mvcPath=%2Fapps%2Freg%2Fcommon%2Fcommon_supporting_doc_form.jsp&amp;_newreg_WAR_registrationportlet_browserIdKey=1540031489590&amp;_newreg_WAR_registrationportlet_cmd=saveSuppDocFileId&amp;_newreg_WAR_registrationportlet_regViewKey=17" class="btn btn-lg blueBtn col-md-2 pull-right" formid="_newreg_WAR_registrationportlet_uploadDocForm" targets="baseMsgDivId">...</a> is not clickable at point (851, 547). Other element would receive the click: <div class="contentWrap" id="yui_patched_v3_11_0_1_1540031699187_409">...</div>
  (Session info: chrome=69.0.3497.100)
  (Driver info: chromedriver=2.35.528161 (5b82f2d2aae0ca24b877009200ced9065a772e73),platform=Windows NT 6.1.7601 SP1 x86_64) (WARNING: The server did not provide any stacktrace information)
Command duration or timeout: 0 milliseconds
Build info: version: '3.7.1', revision: '8a0099a', time: '2017-11-06T21:07:36.161Z'
System info: host: 'WEIZHENG', ip: '192.168.137.1', os.name: 'Windows 7', os.arch: 'amd64', os.version: '6.1', java.version: '1.8.0_181'
Driver info: com.kms.katalon.selenium.driver.CChromeDriver
Capabilities {acceptInsecureCerts: false, acceptSslCerts: false, applicationCacheEnabled: false, browserConnectionEnabled: false, browserName: chrome, chrome: {chromedriverVersion: 2.35.528161 (5b82f2d2aae0ca..., userDataDir: C:\Users\WEIZHE~1\AppData\L...}, cssSelectorsEnabled: true, databaseEnabled: false, handlesAlerts: true, hasTouchScreen: false, javascriptEnabled: true, locationContextEnabled: true, mobileEmulationEnabled: false, nativeEvents: true, networkConnectionEnabled: false, pageLoadStrategy: normal, platform: XP, platformName: XP, rotatable: false, setWindowRect: true, takesHeapSnapshot: true, takesScreenshot: true, unexpectedAlertBehaviour: , unhandledPromptBehavior: , version: 69.0.3497.100, webStorageEnabled: true}
Session ID: dc867ef1a435318226d0d5059f3ae69a)
[[ATTACHMENT|C:\\Users\\LENOVO\\Katalon Studio\\Perkeso Phase A\\Reports\\Workflow\\Update Add New Employee\\20181020_131102\\1540031740686.png]]

2018-10-20 18:35:40 - [TEST_STEP][PASSED] - delay: Delayed 3 second(s)

2018-10-20 18:35:43 - [MESSAGE][PASSED] - Delayed 3 second(s)

2018-10-20 18:35:43 - [TEST_STEP][PASSED] - waitForElementClickable: Object 'Object Repository/Final Object Repo/New Registration - Registration Module Pages/Third Screen - Upload Supporting Doc- Preview/Save n Continue in Uploading Supporting Doc Page' is clickable

2018-10-20 18:35:44 - [MESSAGE][PASSED] - Object 'Object Repository/Final Object Repo/New Registration - Registration Module Pages/Third Screen - Upload Supporting Doc- Preview/Save n Continue in Uploading Supporting Doc Page' is clickable

2018-10-20 18:35:44 - [TEST_STEP][FAILED] - click: Unable to click on object 'Object Repository/Final Object Repo/New Registration - Registration Module Pages/Third Screen - Upload Supporting Doc- Preview/Save n Continue in Uploading Supporting Doc Page' (Root cause: org.openqa.selenium.ElementNotVisibleException: element not visible
  (Session info: chrome=69.0.3497.100)
  (Driver info: chromedriver=2.35.528161 (5b82f2d2aae0ca24b877009200ced9065a772e73),platform=Windows NT 6.1.7601 SP1 x86_64) (WARNING: The server did not provide any stacktrace information)
Command duration or timeout: 0 milliseconds
Build info: version: '3.7.1', revision: '8a0099a', time: '2017-11-06T21:07:36.161Z'
System info: host: 'WEIZHENG', ip: '192.168.137.1', os.name: 'Windows 7', os.arch: 'amd64', os.version: '6.1', java.version: '1.8.0_181'
Driver info: com.kms.katalon.selenium.driver.CChromeDriver
Capabilities {acceptInsecureCerts: false, acceptSslCerts: false, applicationCacheEnabled: false, browserConnectionEnabled: false, browserName: chrome, chrome: {chromedriverVersion: 2.35.528161 (5b82f2d2aae0ca..., userDataDir: C:\Users\WEIZHE~1\AppData\L...}, cssSelectorsEnabled: true, databaseEnabled: false, handlesAlerts: true, hasTouchScreen: false, javascriptEnabled: true, locationContextEnabled: true, mobileEmulationEnabled: false, nativeEvents: true, networkConnectionEnabled: false, pageLoadStrategy: normal, platform: XP, platformName: XP, rotatable: false, setWindowRect: true, takesHeapSnapshot: true, takesScreenshot: true, unexpectedAlertBehaviour: , unhandledPromptBehavior: , version: 69.0.3497.100, webStorageEnabled: true}
Session ID: dc867ef1a435318226d0d5059f3ae69a)

2018-10-20 18:35:44 - [MESSAGE][FAILED] - Unable to click on object 'Object Repository/Final Object Repo/New Registration - Registration Module Pages/Third Screen - Upload Supporting Doc- Preview/Save n Continue in Uploading Supporting Doc Page' (Root cause: org.openqa.selenium.ElementNotVisibleException: element not visible
  (Session info: chrome=69.0.3497.100)
  (Driver info: chromedriver=2.35.528161 (5b82f2d2aae0ca24b877009200ced9065a772e73),platform=Windows NT 6.1.7601 SP1 x86_64) (WARNING: The server did not provide any stacktrace information)
Command duration or timeout: 0 milliseconds
Build info: version: '3.7.1', revision: '8a0099a', time: '2017-11-06T21:07:36.161Z'
System info: host: 'WEIZHENG', ip: '192.168.137.1', os.name: 'Windows 7', os.arch: 'amd64', os.version: '6.1', java.version: '1.8.0_181'
Driver info: com.kms.katalon.selenium.driver.CChromeDriver
Capabilities {acceptInsecureCerts: false, acceptSslCerts: false, applicationCacheEnabled: false, browserConnectionEnabled: false, browserName: chrome, chrome: {chromedriverVersion: 2.35.528161 (5b82f2d2aae0ca..., userDataDir: C:\Users\WEIZHE~1\AppData\L...}, cssSelectorsEnabled: true, databaseEnabled: false, handlesAlerts: true, hasTouchScreen: false, javascriptEnabled: true, locationContextEnabled: true, mobileEmulationEnabled: false, nativeEvents: true, networkConnectionEnabled: false, pageLoadStrategy: normal, platform: XP, platformName: XP, rotatable: false, setWindowRect: true, takesHeapSnapshot: true, takesScreenshot: true, unexpectedAlertBehaviour: , unhandledPromptBehavior: , version: 69.0.3497.100, webStorageEnabled: true}
Session ID: dc867ef1a435318226d0d5059f3ae69a)
[[ATTACHMENT|C:\\Users\\LENOVO\\Katalon Studio\\Perkeso Phase A\\Reports\\Workflow\\Update Add New Employee\\20181020_131102\\1540031744116.png]]

2018-10-20 18:35:44 - [MESSAGE][FAILED] - Unable to call Test Case with id 'Test Cases/Final Aug 2018 - PKS Automation/Registration Module/New Registration/Flow of New Registration/Third Screen - Upload Supporting Doc - Preview' (Root cause: Call Test Case 'Test Cases/Final Aug 2018 - PKS Automation/Registration Module/New Registration/Flow of New Registration/Third Screen - Upload Supporting Doc - Preview' failed)

2018-10-20 18:35:44 - [MESSAGE][FAILED] - Unable to call Test Case with id 'Test Cases/Final Aug 2018 - PKS Automation/Registration Module/Workflow/Update Add New Employee/Template/New Company for Update Add New' (Root cause: Call Test Case 'Test Cases/Final Aug 2018 - PKS Automation/Registration Module/Workflow/Update Add New Employee/Template/New Company for Update Add New' failed)]]></system-out>
         <system-err><![CDATA[2018-10-20 18:31:15 - [TEST_CASE][FAILED] - Test Cases/Final Aug 2018 - PKS Automation/Registration Module/Workflow/Update Add New Employee/Special Case (OTC - RO Approve): Test Cases/Final Aug 2018 - PKS Automation/Registration Module/Workflow/Update Add New Employee/Special Case (OTC - RO Approve) FAILED because (of) (Stack trace: com.kms.katalon.core.exception.StepFailedException: Unable to click on object 'Object Repository/Final Object Repo/New Registration - Registration Module Pages/Third Screen - Upload Supporting Doc- Preview/Select to Upload Borang SIP 2' (Root cause: org.openqa.selenium.WebDriverException: unknown error: Element <span>...</span> is not clickable at point (151, 567). Other element would receive the click: <li class="select2-results__option" id="select2-_newreg_WAR_registrationportlet_objdocTypeId-result-f20l-134" role="treeitem" aria-selected="false">...</li>
  (Session info: chrome=69.0.3497.100)
  (Driver info: chromedriver=2.35.528161 (5b82f2d2aae0ca24b877009200ced9065a772e73),platform=Windows NT 6.1.7601 SP1 x86_64) (WARNING: The server did not provide any stacktrace information)
Command duration or timeout: 0 milliseconds
Build info: version: '3.7.1', revision: '8a0099a', time: '2017-11-06T21:07:36.161Z'
System info: host: 'WEIZHENG', ip: '192.168.137.1', os.name: 'Windows 7', os.arch: 'amd64', os.version: '6.1', java.version: '1.8.0_181'
Driver info: com.kms.katalon.selenium.driver.CChromeDriver
Capabilities {acceptInsecureCerts: false, acceptSslCerts: false, applicationCacheEnabled: false, browserConnectionEnabled: false, browserName: chrome, chrome: {chromedriverVersion: 2.35.528161 (5b82f2d2aae0ca..., userDataDir: C:\Users\WEIZHE~1\AppData\L...}, cssSelectorsEnabled: true, databaseEnabled: false, handlesAlerts: true, hasTouchScreen: false, javascriptEnabled: true, locationContextEnabled: true, mobileEmulationEnabled: false, nativeEvents: true, networkConnectionEnabled: false, pageLoadStrategy: normal, platform: XP, platformName: XP, rotatable: false, setWindowRect: true, takesHeapSnapshot: true, takesScreenshot: true, unexpectedAlertBehaviour: , unhandledPromptBehavior: , version: 69.0.3497.100, webStorageEnabled: true}
Session ID: dc867ef1a435318226d0d5059f3ae69a)
	at com.kms.katalon.core.keyword.internal.KeywordMain.stepFailed(KeywordMain.groovy:32)
	at com.kms.katalon.core.webui.keyword.internal.WebUIKeywordMain.stepFailed(WebUIKeywordMain.groovy:65)
	at com.kms.katalon.core.webui.keyword.internal.WebUIKeywordMain.runKeyword(WebUIKeywordMain.groovy:27)
	at com.kms.katalon.core.webui.keyword.builtin.ClickKeyword.click(ClickKeyword.groovy:86)
	at com.kms.katalon.core.webui.keyword.builtin.ClickKeyword.execute(ClickKeyword.groovy:67)
	at com.kms.katalon.core.keyword.internal.KeywordExecutor.executeKeywordForPlatform(KeywordExecutor.groovy:53)
	at com.kms.katalon.core.webui.keyword.WebUiBuiltInKeywords.click(WebUiBuiltInKeywords.groovy:616)
	at com.kms.katalon.core.webui.keyword.WebUiBuiltInKeywords$click$2.call(Unknown Source)
	at Script1534409664094.run(Script1534409664094.groovy:104)
	at com.kms.katalon.core.main.ScriptEngine.run(ScriptEngine.java:183)
	at com.kms.katalon.core.main.ScriptEngine.runScriptAsRawText(ScriptEngine.java:108)
	at com.kms.katalon.core.main.TestCaseExecutor.runScript(TestCaseExecutor.java:294)
	at com.kms.katalon.core.main.TestCaseExecutor.doExecute(TestCaseExecutor.java:285)
	at com.kms.katalon.core.main.TestCaseExecutor.processExecutionPhase(TestCaseExecutor.java:264)
	at com.kms.katalon.core.main.TestCaseExecutor.accessMainPhase(TestCaseExecutor.java:256)
	at com.kms.katalon.core.main.TestCaseExecutor.execute(TestCaseExecutor.java:200)
	at com.kms.katalon.core.main.TestCaseMain.runTestCase(TestCaseMain.java:99)
	at com.kms.katalon.core.keyword.builtin.CallTestCaseKeyword$_callTestCase_closure1.doCall(CallTestCaseKeyword.groovy:60)
	at com.kms.katalon.core.keyword.builtin.CallTestCaseKeyword$_callTestCase_closure1.call(CallTestCaseKeyword.groovy)
	at com.kms.katalon.core.keyword.internal.KeywordMain.runKeyword(KeywordMain.groovy:54)
	at com.kms.katalon.core.keyword.builtin.CallTestCaseKeyword.callTestCase(CallTestCaseKeyword.groovy:81)
	at com.kms.katalon.core.keyword.builtin.CallTestCaseKeyword.execute(CallTestCaseKeyword.groovy:45)
	at com.kms.katalon.core.keyword.internal.KeywordExecutor.executeKeywordForPlatform(KeywordExecutor.groovy:53)
	at com.kms.katalon.core.keyword.BuiltinKeywords.callTestCase(BuiltinKeywords.groovy:334)
	at sun.reflect.GeneratedMethodAccessor13.invoke(Unknown Source)
	at sun.reflect.DelegatingMethodAccessorImpl.invoke(DelegatingMethodAccessorImpl.java:43)
	at java.lang.reflect.Method.invoke(Method.java:498)
	at org.codehaus.groovy.reflection.CachedMethod.invoke(CachedMethod.java:93)
	at groovy.lang.MetaMethod.doMethodInvoke(MetaMethod.java:325)
	at groovy.lang.MetaClassImpl.invokeStaticMethod(MetaClassImpl.java:1469)
	at org.codehaus.groovy.runtime.callsite.StaticMetaClassSite.call(StaticMetaClassSite.java:53)
	at org.codehaus.groovy.runtime.callsite.AbstractCallSite.call(AbstractCallSite.java:141)
	at Script1536051799273.run(Script1536051799273.groovy:28)
	at com.kms.katalon.core.main.ScriptEngine.run(ScriptEngine.java:183)
	at com.kms.katalon.core.main.ScriptEngine.runScriptAsRawText(ScriptEngine.java:108)
	at com.kms.katalon.core.main.TestCaseExecutor.runScript(TestCaseExecutor.java:294)
	at com.kms.katalon.core.main.TestCaseExecutor.doExecute(TestCaseExecutor.java:285)
	at com.kms.katalon.core.main.TestCaseExecutor.processExecutionPhase(TestCaseExecutor.java:264)
	at com.kms.katalon.core.main.TestCaseExecutor.accessMainPhase(TestCaseExecutor.java:256)
	at com.kms.katalon.core.main.TestCaseExecutor.execute(TestCaseExecutor.java:200)
	at com.kms.katalon.core.main.TestCaseMain.runTestCase(TestCaseMain.java:99)
	at com.kms.katalon.core.keyword.builtin.CallTestCaseKeyword$_callTestCase_closure1.doCall(CallTestCaseKeyword.groovy:60)
	at com.kms.katalon.core.keyword.builtin.CallTestCaseKeyword$_callTestCase_closure1.call(CallTestCaseKeyword.groovy)
	at com.kms.katalon.core.keyword.internal.KeywordMain.runKeyword(KeywordMain.groovy:54)
	at com.kms.katalon.core.keyword.builtin.CallTestCaseKeyword.callTestCase(CallTestCaseKeyword.groovy:81)
	at com.kms.katalon.core.keyword.builtin.CallTestCaseKeyword.execute(CallTestCaseKeyword.groovy:45)
	at com.kms.katalon.core.keyword.internal.KeywordExecutor.executeKeywordForPlatform(KeywordExecutor.groovy:53)
	at com.kms.katalon.core.keyword.BuiltinKeywords.callTestCase(BuiltinKeywords.groovy:334)
	at sun.reflect.GeneratedMethodAccessor13.invoke(Unknown Source)
	at sun.reflect.DelegatingMethodAccessorImpl.invoke(DelegatingMethodAccessorImpl.java:43)
	at java.lang.reflect.Method.invoke(Method.java:498)
	at org.codehaus.groovy.reflection.CachedMethod.invoke(CachedMethod.java:93)
	at groovy.lang.MetaMethod.doMethodInvoke(MetaMethod.java:325)
	at groovy.lang.MetaClassImpl.invokeStaticMethod(MetaClassImpl.java:1469)
	at org.codehaus.groovy.runtime.callsite.StaticMetaClassSite.call(StaticMetaClassSite.java:53)
	at org.codehaus.groovy.runtime.callsite.CallSiteArray.defaultCall(CallSiteArray.java:48)
	at org.codehaus.groovy.runtime.callsite.AbstractCallSite.call(AbstractCallSite.java:113)
	at org.codehaus.groovy.runtime.callsite.AbstractCallSite.call(AbstractCallSite.java:141)
	at Script1536116100519.run(Script1536116100519.groovy:15)
	at com.kms.katalon.core.main.ScriptEngine.run(ScriptEngine.java:183)
	at com.kms.katalon.core.main.ScriptEngine.runScriptAsRawText(ScriptEngine.java:108)
	at com.kms.katalon.core.main.TestCaseExecutor.runScript(TestCaseExecutor.java:294)
	at com.kms.katalon.core.main.TestCaseExecutor.doExecute(TestCaseExecutor.java:285)
	at com.kms.katalon.core.main.TestCaseExecutor.processExecutionPhase(TestCaseExecutor.java:264)
	at com.kms.katalon.core.main.TestCaseExecutor.accessMainPhase(TestCaseExecutor.java:256)
	at com.kms.katalon.core.main.TestCaseExecutor.execute(TestCaseExecutor.java:200)
	at com.kms.katalon.core.main.TestSuiteExecutor.accessTestCaseMainPhase(TestSuiteExecutor.java:129)
	at com.kms.katalon.core.main.TestSuiteExecutor.accessTestSuiteMainPhase(TestSuiteExecutor.java:112)
	at com.kms.katalon.core.main.TestSuiteExecutor.execute(TestSuiteExecutor.java:81)
	at com.kms.katalon.core.main.TestCaseMain.startTestSuite(TestCaseMain.java:142)
	at com.kms.katalon.core.main.TestCaseMain$startTestSuite$0.call(Unknown Source)
	at org.codehaus.groovy.runtime.callsite.CallSiteArray.defaultCall(CallSiteArray.java:48)
	at org.codehaus.groovy.runtime.callsite.AbstractCallSite.call(AbstractCallSite.java:113)
	at org.codehaus.groovy.runtime.callsite.AbstractCallSite.call(AbstractCallSite.java:141)
	at TempTestSuite1540012262067.run(TempTestSuite1540012262067.groovy:36)
	at groovy.lang.GroovyShell.runScriptOrMainOrTestOrRunnable(GroovyShell.java:263)
	at groovy.lang.GroovyShell.run(GroovyShell.java:518)
	at groovy.lang.GroovyShell.run(GroovyShell.java:507)
	at groovy.ui.GroovyMain.processOnce(GroovyMain.java:653)
	at groovy.ui.GroovyMain.run(GroovyMain.java:384)
	at groovy.ui.GroovyMain.process(GroovyMain.java:370)
	at groovy.ui.GroovyMain.processArgs(GroovyMain.java:129)
	at groovy.ui.GroovyMain.main(GroovyMain.java:109)
	at sun.reflect.NativeMethodAccessorImpl.invoke0(Native Method)
	at sun.reflect.NativeMethodAccessorImpl.invoke(NativeMethodAccessorImpl.java:62)
	at sun.reflect.DelegatingMethodAccessorImpl.invoke(DelegatingMethodAccessorImpl.java:43)
	at java.lang.reflect.Method.invoke(Method.java:498)
	at org.codehaus.groovy.tools.GroovyStarter.rootLoader(GroovyStarter.java:109)
	at org.codehaus.groovy.tools.GroovyStarter.main(GroovyStarter.java:131)
)]]></system-err>
      </testcase>
      <testcase name="Test Cases/Final Aug 2018 - PKS Automation/Registration Module/Workflow/Update Add New Employee/Special Case (OTC - RO Query - OTC Upload Pending Case - RO Approve)" classname="Test Cases/Final Aug 2018 - PKS Automation/Registration Module/Workflow/Update Add New Employee/Special Case (OTC - RO Query - OTC Upload Pending Case - RO Approve)" status="FAILED">
         <failure type="FAILED" message="(Stack trace: com.kms.katalon.core.exception.StepFailedException: Unable to click on object 'Object Repository/Final Object Repo/New Registration - Registration Module Pages/Third Screen - Upload Supporting Doc- Preview/Select to Upload Borang SIP 2' (Root cause: org.openqa.selenium.WebDriverException: unknown error: Element &lt;span>...&lt;/span> is not clickable at point (151, 567). Other element would receive the click: &lt;li class=&quot;select2-results__option&quot; id=&quot;select2-_newreg_WAR_registrationportlet_objdocTypeId-result-6708-134&quot; role=&quot;treeitem&quot; aria-selected=&quot;false&quot;>...&lt;/li>
  (Session info: chrome=69.0.3497.100)
  (Driver info: chromedriver=2.35.528161 (5b82f2d2aae0ca24b877009200ced9065a772e73),platform=Windows NT 6.1.7601 SP1 x86_64) (WARNING: The server did not provide any stacktrace information)
Command duration or timeout: 0 milliseconds
Build info: version: '3.7.1', revision: '8a0099a', time: '2017-11-06T21:07:36.161Z'
System info: host: 'WEIZHENG', ip: '192.168.137.1', os.name: 'Windows 7', os.arch: 'amd64', os.version: '6.1', java.version: '1.8.0_181'
Driver info: com.kms.katalon.selenium.driver.CChromeDriver
Capabilities {acceptInsecureCerts: false, acceptSslCerts: false, applicationCacheEnabled: false, browserConnectionEnabled: false, browserName: chrome, chrome: {chromedriverVersion: 2.35.528161 (5b82f2d2aae0ca..., userDataDir: C:\Users\WEIZHE~1\AppData\L...}, cssSelectorsEnabled: true, databaseEnabled: false, handlesAlerts: true, hasTouchScreen: false, javascriptEnabled: true, locationContextEnabled: true, mobileEmulationEnabled: false, nativeEvents: true, networkConnectionEnabled: false, pageLoadStrategy: normal, platform: XP, platformName: XP, rotatable: false, setWindowRect: true, takesHeapSnapshot: true, takesScreenshot: true, unexpectedAlertBehaviour: , unhandledPromptBehavior: , version: 69.0.3497.100, webStorageEnabled: true}
Session ID: 519cf5501a3e4f36230cb5db07e8bb22)
	at com.kms.katalon.core.keyword.internal.KeywordMain.stepFailed(KeywordMain.groovy:32)
	at com.kms.katalon.core.webui.keyword.internal.WebUIKeywordMain.stepFailed(WebUIKeywordMain.groovy:65)
	at com.kms.katalon.core.webui.keyword.internal.WebUIKeywordMain.runKeyword(WebUIKeywordMain.groovy:27)
	at com.kms.katalon.core.webui.keyword.builtin.ClickKeyword.click(ClickKeyword.groovy:86)
	at com.kms.katalon.core.webui.keyword.builtin.ClickKeyword.execute(ClickKeyword.groovy:67)
	at com.kms.katalon.core.keyword.internal.KeywordExecutor.executeKeywordForPlatform(KeywordExecutor.groovy:53)
	at com.kms.katalon.core.webui.keyword.WebUiBuiltInKeywords.click(WebUiBuiltInKeywords.groovy:616)
	at com.kms.katalon.core.webui.keyword.WebUiBuiltInKeywords$click$2.call(Unknown Source)
	at Script1534409664094.run(Script1534409664094.groovy:104)
	at com.kms.katalon.core.main.ScriptEngine.run(ScriptEngine.java:183)
	at com.kms.katalon.core.main.ScriptEngine.runScriptAsRawText(ScriptEngine.java:108)
	at com.kms.katalon.core.main.TestCaseExecutor.runScript(TestCaseExecutor.java:294)
	at com.kms.katalon.core.main.TestCaseExecutor.doExecute(TestCaseExecutor.java:285)
	at com.kms.katalon.core.main.TestCaseExecutor.processExecutionPhase(TestCaseExecutor.java:264)
	at com.kms.katalon.core.main.TestCaseExecutor.accessMainPhase(TestCaseExecutor.java:256)
	at com.kms.katalon.core.main.TestCaseExecutor.execute(TestCaseExecutor.java:200)
	at com.kms.katalon.core.main.TestCaseMain.runTestCase(TestCaseMain.java:99)
	at com.kms.katalon.core.keyword.builtin.CallTestCaseKeyword$_callTestCase_closure1.doCall(CallTestCaseKeyword.groovy:60)
	at com.kms.katalon.core.keyword.builtin.CallTestCaseKeyword$_callTestCase_closure1.call(CallTestCaseKeyword.groovy)
	at com.kms.katalon.core.keyword.internal.KeywordMain.runKeyword(KeywordMain.groovy:54)
	at com.kms.katalon.core.keyword.builtin.CallTestCaseKeyword.callTestCase(CallTestCaseKeyword.groovy:81)
	at com.kms.katalon.core.keyword.builtin.CallTestCaseKeyword.execute(CallTestCaseKeyword.groovy:45)
	at com.kms.katalon.core.keyword.internal.KeywordExecutor.executeKeywordForPlatform(KeywordExecutor.groovy:53)
	at com.kms.katalon.core.keyword.BuiltinKeywords.callTestCase(BuiltinKeywords.groovy:334)
	at sun.reflect.GeneratedMethodAccessor13.invoke(Unknown Source)
	at sun.reflect.DelegatingMethodAccessorImpl.invoke(DelegatingMethodAccessorImpl.java:43)
	at java.lang.reflect.Method.invoke(Method.java:498)
	at org.codehaus.groovy.reflection.CachedMethod.invoke(CachedMethod.java:93)
	at groovy.lang.MetaMethod.doMethodInvoke(MetaMethod.java:325)
	at groovy.lang.MetaClassImpl.invokeStaticMethod(MetaClassImpl.java:1469)
	at org.codehaus.groovy.runtime.callsite.StaticMetaClassSite.call(StaticMetaClassSite.java:53)
	at org.codehaus.groovy.runtime.callsite.AbstractCallSite.call(AbstractCallSite.java:141)
	at Script1536051799273.run(Script1536051799273.groovy:28)
	at com.kms.katalon.core.main.ScriptEngine.run(ScriptEngine.java:183)
	at com.kms.katalon.core.main.ScriptEngine.runScriptAsRawText(ScriptEngine.java:108)
	at com.kms.katalon.core.main.TestCaseExecutor.runScript(TestCaseExecutor.java:294)
	at com.kms.katalon.core.main.TestCaseExecutor.doExecute(TestCaseExecutor.java:285)
	at com.kms.katalon.core.main.TestCaseExecutor.processExecutionPhase(TestCaseExecutor.java:264)
	at com.kms.katalon.core.main.TestCaseExecutor.accessMainPhase(TestCaseExecutor.java:256)
	at com.kms.katalon.core.main.TestCaseExecutor.execute(TestCaseExecutor.java:200)
	at com.kms.katalon.core.main.TestCaseMain.runTestCase(TestCaseMain.java:99)
	at com.kms.katalon.core.keyword.builtin.CallTestCaseKeyword$_callTestCase_closure1.doCall(CallTestCaseKeyword.groovy:60)
	at com.kms.katalon.core.keyword.builtin.CallTestCaseKeyword$_callTestCase_closure1.call(CallTestCaseKeyword.groovy)
	at com.kms.katalon.core.keyword.internal.KeywordMain.runKeyword(KeywordMain.groovy:54)
	at com.kms.katalon.core.keyword.builtin.CallTestCaseKeyword.callTestCase(CallTestCaseKeyword.groovy:81)
	at com.kms.katalon.core.keyword.builtin.CallTestCaseKeyword.execute(CallTestCaseKeyword.groovy:45)
	at com.kms.katalon.core.keyword.internal.KeywordExecutor.executeKeywordForPlatform(KeywordExecutor.groovy:53)
	at com.kms.katalon.core.keyword.BuiltinKeywords.callTestCase(BuiltinKeywords.groovy:334)
	at sun.reflect.GeneratedMethodAccessor13.invoke(Unknown Source)
	at sun.reflect.DelegatingMethodAccessorImpl.invoke(DelegatingMethodAccessorImpl.java:43)
	at java.lang.reflect.Method.invoke(Method.java:498)
	at org.codehaus.groovy.reflection.CachedMethod.invoke(CachedMethod.java:93)
	at groovy.lang.MetaMethod.doMethodInvoke(MetaMethod.java:325)
	at groovy.lang.MetaClassImpl.invokeStaticMethod(MetaClassImpl.java:1469)
	at org.codehaus.groovy.runtime.callsite.StaticMetaClassSite.call(StaticMetaClassSite.java:53)
	at org.codehaus.groovy.runtime.callsite.CallSiteArray.defaultCall(CallSiteArray.java:48)
	at org.codehaus.groovy.runtime.callsite.AbstractCallSite.call(AbstractCallSite.java:113)
	at org.codehaus.groovy.runtime.callsite.AbstractCallSite.call(AbstractCallSite.java:141)
	at Script1536201277272.run(Script1536201277272.groovy:15)
	at com.kms.katalon.core.main.ScriptEngine.run(ScriptEngine.java:183)
	at com.kms.katalon.core.main.ScriptEngine.runScriptAsRawText(ScriptEngine.java:108)
	at com.kms.katalon.core.main.TestCaseExecutor.runScript(TestCaseExecutor.java:294)
	at com.kms.katalon.core.main.TestCaseExecutor.doExecute(TestCaseExecutor.java:285)
	at com.kms.katalon.core.main.TestCaseExecutor.processExecutionPhase(TestCaseExecutor.java:264)
	at com.kms.katalon.core.main.TestCaseExecutor.accessMainPhase(TestCaseExecutor.java:256)
	at com.kms.katalon.core.main.TestCaseExecutor.execute(TestCaseExecutor.java:200)
	at com.kms.katalon.core.main.TestSuiteExecutor.accessTestCaseMainPhase(TestSuiteExecutor.java:129)
	at com.kms.katalon.core.main.TestSuiteExecutor.accessTestSuiteMainPhase(TestSuiteExecutor.java:112)
	at com.kms.katalon.core.main.TestSuiteExecutor.execute(TestSuiteExecutor.java:81)
	at com.kms.katalon.core.main.TestCaseMain.startTestSuite(TestCaseMain.java:142)
	at com.kms.katalon.core.main.TestCaseMain$startTestSuite$0.call(Unknown Source)
	at org.codehaus.groovy.runtime.callsite.CallSiteArray.defaultCall(CallSiteArray.java:48)
	at org.codehaus.groovy.runtime.callsite.AbstractCallSite.call(AbstractCallSite.java:113)
	at org.codehaus.groovy.runtime.callsite.AbstractCallSite.call(AbstractCallSite.java:141)
	at TempTestSuite1540012262067.run(TempTestSuite1540012262067.groovy:36)
	at groovy.lang.GroovyShell.runScriptOrMainOrTestOrRunnable(GroovyShell.java:263)
	at groovy.lang.GroovyShell.run(GroovyShell.java:518)
	at groovy.lang.GroovyShell.run(GroovyShell.java:507)
	at groovy.ui.GroovyMain.processOnce(GroovyMain.java:653)
	at groovy.ui.GroovyMain.run(GroovyMain.java:384)
	at groovy.ui.GroovyMain.process(GroovyMain.java:370)
	at groovy.ui.GroovyMain.processArgs(GroovyMain.java:129)
	at groovy.ui.GroovyMain.main(GroovyMain.java:109)
	at sun.reflect.NativeMethodAccessorImpl.invoke0(Native Method)
	at sun.reflect.NativeMethodAccessorImpl.invoke(NativeMethodAccessorImpl.java:62)
	at sun.reflect.DelegatingMethodAccessorImpl.invoke(DelegatingMethodAccessorImpl.java:43)
	at java.lang.reflect.Method.invoke(Method.java:498)
	at org.codehaus.groovy.tools.GroovyStarter.rootLoader(GroovyStarter.java:109)
	at org.codehaus.groovy.tools.GroovyStarter.main(GroovyStarter.java:131)
)"/>
         <system-out><![CDATA[2018-10-20 18:35:44 - [TEST_CASE][FAILED] - Test Cases/Final Aug 2018 - PKS Automation/Registration Module/Workflow/Update Add New Employee/Special Case (OTC - RO Query - OTC Upload Pending Case - RO Approve): Test Cases/Final Aug 2018 - PKS Automation/Registration Module/Workflow/Update Add New Employee/Special Case (OTC - RO Query - OTC Upload Pending Case - RO Approve) FAILED because (of) (Stack trace: com.kms.katalon.core.exception.StepFailedException: Unable to click on object 'Object Repository/Final Object Repo/New Registration - Registration Module Pages/Third Screen - Upload Supporting Doc- Preview/Select to Upload Borang SIP 2' (Root cause: org.openqa.selenium.WebDriverException: unknown error: Element <span>...</span> is not clickable at point (151, 567). Other element would receive the click: <li class="select2-results__option" id="select2-_newreg_WAR_registrationportlet_objdocTypeId-result-6708-134" role="treeitem" aria-selected="false">...</li>
  (Session info: chrome=69.0.3497.100)
  (Driver info: chromedriver=2.35.528161 (5b82f2d2aae0ca24b877009200ced9065a772e73),platform=Windows NT 6.1.7601 SP1 x86_64) (WARNING: The server did not provide any stacktrace information)
Command duration or timeout: 0 milliseconds
Build info: version: '3.7.1', revision: '8a0099a', time: '2017-11-06T21:07:36.161Z'
System info: host: 'WEIZHENG', ip: '192.168.137.1', os.name: 'Windows 7', os.arch: 'amd64', os.version: '6.1', java.version: '1.8.0_181'
Driver info: com.kms.katalon.selenium.driver.CChromeDriver
Capabilities {acceptInsecureCerts: false, acceptSslCerts: false, applicationCacheEnabled: false, browserConnectionEnabled: false, browserName: chrome, chrome: {chromedriverVersion: 2.35.528161 (5b82f2d2aae0ca..., userDataDir: C:\Users\WEIZHE~1\AppData\L...}, cssSelectorsEnabled: true, databaseEnabled: false, handlesAlerts: true, hasTouchScreen: false, javascriptEnabled: true, locationContextEnabled: true, mobileEmulationEnabled: false, nativeEvents: true, networkConnectionEnabled: false, pageLoadStrategy: normal, platform: XP, platformName: XP, rotatable: false, setWindowRect: true, takesHeapSnapshot: true, takesScreenshot: true, unexpectedAlertBehaviour: , unhandledPromptBehavior: , version: 69.0.3497.100, webStorageEnabled: true}
Session ID: 519cf5501a3e4f36230cb5db07e8bb22)
	at com.kms.katalon.core.keyword.internal.KeywordMain.stepFailed(KeywordMain.groovy:32)
	at com.kms.katalon.core.webui.keyword.internal.WebUIKeywordMain.stepFailed(WebUIKeywordMain.groovy:65)
	at com.kms.katalon.core.webui.keyword.internal.WebUIKeywordMain.runKeyword(WebUIKeywordMain.groovy:27)
	at com.kms.katalon.core.webui.keyword.builtin.ClickKeyword.click(ClickKeyword.groovy:86)
	at com.kms.katalon.core.webui.keyword.builtin.ClickKeyword.execute(ClickKeyword.groovy:67)
	at com.kms.katalon.core.keyword.internal.KeywordExecutor.executeKeywordForPlatform(KeywordExecutor.groovy:53)
	at com.kms.katalon.core.webui.keyword.WebUiBuiltInKeywords.click(WebUiBuiltInKeywords.groovy:616)
	at com.kms.katalon.core.webui.keyword.WebUiBuiltInKeywords$click$2.call(Unknown Source)
	at Script1534409664094.run(Script1534409664094.groovy:104)
	at com.kms.katalon.core.main.ScriptEngine.run(ScriptEngine.java:183)
	at com.kms.katalon.core.main.ScriptEngine.runScriptAsRawText(ScriptEngine.java:108)
	at com.kms.katalon.core.main.TestCaseExecutor.runScript(TestCaseExecutor.java:294)
	at com.kms.katalon.core.main.TestCaseExecutor.doExecute(TestCaseExecutor.java:285)
	at com.kms.katalon.core.main.TestCaseExecutor.processExecutionPhase(TestCaseExecutor.java:264)
	at com.kms.katalon.core.main.TestCaseExecutor.accessMainPhase(TestCaseExecutor.java:256)
	at com.kms.katalon.core.main.TestCaseExecutor.execute(TestCaseExecutor.java:200)
	at com.kms.katalon.core.main.TestCaseMain.runTestCase(TestCaseMain.java:99)
	at com.kms.katalon.core.keyword.builtin.CallTestCaseKeyword$_callTestCase_closure1.doCall(CallTestCaseKeyword.groovy:60)
	at com.kms.katalon.core.keyword.builtin.CallTestCaseKeyword$_callTestCase_closure1.call(CallTestCaseKeyword.groovy)
	at com.kms.katalon.core.keyword.internal.KeywordMain.runKeyword(KeywordMain.groovy:54)
	at com.kms.katalon.core.keyword.builtin.CallTestCaseKeyword.callTestCase(CallTestCaseKeyword.groovy:81)
	at com.kms.katalon.core.keyword.builtin.CallTestCaseKeyword.execute(CallTestCaseKeyword.groovy:45)
	at com.kms.katalon.core.keyword.internal.KeywordExecutor.executeKeywordForPlatform(KeywordExecutor.groovy:53)
	at com.kms.katalon.core.keyword.BuiltinKeywords.callTestCase(BuiltinKeywords.groovy:334)
	at sun.reflect.GeneratedMethodAccessor13.invoke(Unknown Source)
	at sun.reflect.DelegatingMethodAccessorImpl.invoke(DelegatingMethodAccessorImpl.java:43)
	at java.lang.reflect.Method.invoke(Method.java:498)
	at org.codehaus.groovy.reflection.CachedMethod.invoke(CachedMethod.java:93)
	at groovy.lang.MetaMethod.doMethodInvoke(MetaMethod.java:325)
	at groovy.lang.MetaClassImpl.invokeStaticMethod(MetaClassImpl.java:1469)
	at org.codehaus.groovy.runtime.callsite.StaticMetaClassSite.call(StaticMetaClassSite.java:53)
	at org.codehaus.groovy.runtime.callsite.AbstractCallSite.call(AbstractCallSite.java:141)
	at Script1536051799273.run(Script1536051799273.groovy:28)
	at com.kms.katalon.core.main.ScriptEngine.run(ScriptEngine.java:183)
	at com.kms.katalon.core.main.ScriptEngine.runScriptAsRawText(ScriptEngine.java:108)
	at com.kms.katalon.core.main.TestCaseExecutor.runScript(TestCaseExecutor.java:294)
	at com.kms.katalon.core.main.TestCaseExecutor.doExecute(TestCaseExecutor.java:285)
	at com.kms.katalon.core.main.TestCaseExecutor.processExecutionPhase(TestCaseExecutor.java:264)
	at com.kms.katalon.core.main.TestCaseExecutor.accessMainPhase(TestCaseExecutor.java:256)
	at com.kms.katalon.core.main.TestCaseExecutor.execute(TestCaseExecutor.java:200)
	at com.kms.katalon.core.main.TestCaseMain.runTestCase(TestCaseMain.java:99)
	at com.kms.katalon.core.keyword.builtin.CallTestCaseKeyword$_callTestCase_closure1.doCall(CallTestCaseKeyword.groovy:60)
	at com.kms.katalon.core.keyword.builtin.CallTestCaseKeyword$_callTestCase_closure1.call(CallTestCaseKeyword.groovy)
	at com.kms.katalon.core.keyword.internal.KeywordMain.runKeyword(KeywordMain.groovy:54)
	at com.kms.katalon.core.keyword.builtin.CallTestCaseKeyword.callTestCase(CallTestCaseKeyword.groovy:81)
	at com.kms.katalon.core.keyword.builtin.CallTestCaseKeyword.execute(CallTestCaseKeyword.groovy:45)
	at com.kms.katalon.core.keyword.internal.KeywordExecutor.executeKeywordForPlatform(KeywordExecutor.groovy:53)
	at com.kms.katalon.core.keyword.BuiltinKeywords.callTestCase(BuiltinKeywords.groovy:334)
	at sun.reflect.GeneratedMethodAccessor13.invoke(Unknown Source)
	at sun.reflect.DelegatingMethodAccessorImpl.invoke(DelegatingMethodAccessorImpl.java:43)
	at java.lang.reflect.Method.invoke(Method.java:498)
	at org.codehaus.groovy.reflection.CachedMethod.invoke(CachedMethod.java:93)
	at groovy.lang.MetaMethod.doMethodInvoke(MetaMethod.java:325)
	at groovy.lang.MetaClassImpl.invokeStaticMethod(MetaClassImpl.java:1469)
	at org.codehaus.groovy.runtime.callsite.StaticMetaClassSite.call(StaticMetaClassSite.java:53)
	at org.codehaus.groovy.runtime.callsite.CallSiteArray.defaultCall(CallSiteArray.java:48)
	at org.codehaus.groovy.runtime.callsite.AbstractCallSite.call(AbstractCallSite.java:113)
	at org.codehaus.groovy.runtime.callsite.AbstractCallSite.call(AbstractCallSite.java:141)
	at Script1536201277272.run(Script1536201277272.groovy:15)
	at com.kms.katalon.core.main.ScriptEngine.run(ScriptEngine.java:183)
	at com.kms.katalon.core.main.ScriptEngine.runScriptAsRawText(ScriptEngine.java:108)
	at com.kms.katalon.core.main.TestCaseExecutor.runScript(TestCaseExecutor.java:294)
	at com.kms.katalon.core.main.TestCaseExecutor.doExecute(TestCaseExecutor.java:285)
	at com.kms.katalon.core.main.TestCaseExecutor.processExecutionPhase(TestCaseExecutor.java:264)
	at com.kms.katalon.core.main.TestCaseExecutor.accessMainPhase(TestCaseExecutor.java:256)
	at com.kms.katalon.core.main.TestCaseExecutor.execute(TestCaseExecutor.java:200)
	at com.kms.katalon.core.main.TestSuiteExecutor.accessTestCaseMainPhase(TestSuiteExecutor.java:129)
	at com.kms.katalon.core.main.TestSuiteExecutor.accessTestSuiteMainPhase(TestSuiteExecutor.java:112)
	at com.kms.katalon.core.main.TestSuiteExecutor.execute(TestSuiteExecutor.java:81)
	at com.kms.katalon.core.main.TestCaseMain.startTestSuite(TestCaseMain.java:142)
	at com.kms.katalon.core.main.TestCaseMain$startTestSuite$0.call(Unknown Source)
	at org.codehaus.groovy.runtime.callsite.CallSiteArray.defaultCall(CallSiteArray.java:48)
	at org.codehaus.groovy.runtime.callsite.AbstractCallSite.call(AbstractCallSite.java:113)
	at org.codehaus.groovy.runtime.callsite.AbstractCallSite.call(AbstractCallSite.java:141)
	at TempTestSuite1540012262067.run(TempTestSuite1540012262067.groovy:36)
	at groovy.lang.GroovyShell.runScriptOrMainOrTestOrRunnable(GroovyShell.java:263)
	at groovy.lang.GroovyShell.run(GroovyShell.java:518)
	at groovy.lang.GroovyShell.run(GroovyShell.java:507)
	at groovy.ui.GroovyMain.processOnce(GroovyMain.java:653)
	at groovy.ui.GroovyMain.run(GroovyMain.java:384)
	at groovy.ui.GroovyMain.process(GroovyMain.java:370)
	at groovy.ui.GroovyMain.processArgs(GroovyMain.java:129)
	at groovy.ui.GroovyMain.main(GroovyMain.java:109)
	at sun.reflect.NativeMethodAccessorImpl.invoke0(Native Method)
	at sun.reflect.NativeMethodAccessorImpl.invoke(NativeMethodAccessorImpl.java:62)
	at sun.reflect.DelegatingMethodAccessorImpl.invoke(DelegatingMethodAccessorImpl.java:43)
	at java.lang.reflect.Method.invoke(Method.java:498)
	at org.codehaus.groovy.tools.GroovyStarter.rootLoader(GroovyStarter.java:109)
	at org.codehaus.groovy.tools.GroovyStarter.main(GroovyStarter.java:131)
)

2018-10-20 18:35:44 - [TEST_STEP][FAILED] - callTestCase: Unable to call Test Case with id 'Test Cases/Final Aug 2018 - PKS Automation/Registration Module/Workflow/Update Add New Employee/Template/New Company for Update Add New' (Root cause: Call Test Case 'Test Cases/Final Aug 2018 - PKS Automation/Registration Module/Workflow/Update Add New Employee/Template/New Company for Update Add New' failed)

2018-10-20 18:35:44 - [TEST_CASE][FAILED] - Test Cases/Final Aug 2018 - PKS Automation/Registration Module/Workflow/Update Add New Employee/Template/New Company for Update Add New: Test Cases/Final Aug 2018 - PKS Automation/Registration Module/Workflow/Update Add New Employee/Template/New Company for Update Add New FAILED because (of) (Stack trace: com.kms.katalon.core.exception.StepFailedException: Unable to click on object 'Object Repository/Final Object Repo/New Registration - Registration Module Pages/Third Screen - Upload Supporting Doc- Preview/Select to Upload Borang SIP 2' (Root cause: org.openqa.selenium.WebDriverException: unknown error: Element <span>...</span> is not clickable at point (151, 567). Other element would receive the click: <li class="select2-results__option" id="select2-_newreg_WAR_registrationportlet_objdocTypeId-result-6708-134" role="treeitem" aria-selected="false">...</li>
  (Session info: chrome=69.0.3497.100)
  (Driver info: chromedriver=2.35.528161 (5b82f2d2aae0ca24b877009200ced9065a772e73),platform=Windows NT 6.1.7601 SP1 x86_64) (WARNING: The server did not provide any stacktrace information)
Command duration or timeout: 0 milliseconds
Build info: version: '3.7.1', revision: '8a0099a', time: '2017-11-06T21:07:36.161Z'
System info: host: 'WEIZHENG', ip: '192.168.137.1', os.name: 'Windows 7', os.arch: 'amd64', os.version: '6.1', java.version: '1.8.0_181'
Driver info: com.kms.katalon.selenium.driver.CChromeDriver
Capabilities {acceptInsecureCerts: false, acceptSslCerts: false, applicationCacheEnabled: false, browserConnectionEnabled: false, browserName: chrome, chrome: {chromedriverVersion: 2.35.528161 (5b82f2d2aae0ca..., userDataDir: C:\Users\WEIZHE~1\AppData\L...}, cssSelectorsEnabled: true, databaseEnabled: false, handlesAlerts: true, hasTouchScreen: false, javascriptEnabled: true, locationContextEnabled: true, mobileEmulationEnabled: false, nativeEvents: true, networkConnectionEnabled: false, pageLoadStrategy: normal, platform: XP, platformName: XP, rotatable: false, setWindowRect: true, takesHeapSnapshot: true, takesScreenshot: true, unexpectedAlertBehaviour: , unhandledPromptBehavior: , version: 69.0.3497.100, webStorageEnabled: true}
Session ID: 519cf5501a3e4f36230cb5db07e8bb22)
	at com.kms.katalon.core.keyword.internal.KeywordMain.stepFailed(KeywordMain.groovy:32)
	at com.kms.katalon.core.webui.keyword.internal.WebUIKeywordMain.stepFailed(WebUIKeywordMain.groovy:65)
	at com.kms.katalon.core.webui.keyword.internal.WebUIKeywordMain.runKeyword(WebUIKeywordMain.groovy:27)
	at com.kms.katalon.core.webui.keyword.builtin.ClickKeyword.click(ClickKeyword.groovy:86)
	at com.kms.katalon.core.webui.keyword.builtin.ClickKeyword.execute(ClickKeyword.groovy:67)
	at com.kms.katalon.core.keyword.internal.KeywordExecutor.executeKeywordForPlatform(KeywordExecutor.groovy:53)
	at com.kms.katalon.core.webui.keyword.WebUiBuiltInKeywords.click(WebUiBuiltInKeywords.groovy:616)
	at com.kms.katalon.core.webui.keyword.WebUiBuiltInKeywords$click$2.call(Unknown Source)
	at Script1534409664094.run(Script1534409664094.groovy:104)
	at com.kms.katalon.core.main.ScriptEngine.run(ScriptEngine.java:183)
	at com.kms.katalon.core.main.ScriptEngine.runScriptAsRawText(ScriptEngine.java:108)
	at com.kms.katalon.core.main.TestCaseExecutor.runScript(TestCaseExecutor.java:294)
	at com.kms.katalon.core.main.TestCaseExecutor.doExecute(TestCaseExecutor.java:285)
	at com.kms.katalon.core.main.TestCaseExecutor.processExecutionPhase(TestCaseExecutor.java:264)
	at com.kms.katalon.core.main.TestCaseExecutor.accessMainPhase(TestCaseExecutor.java:256)
	at com.kms.katalon.core.main.TestCaseExecutor.execute(TestCaseExecutor.java:200)
	at com.kms.katalon.core.main.TestCaseMain.runTestCase(TestCaseMain.java:99)
	at com.kms.katalon.core.keyword.builtin.CallTestCaseKeyword$_callTestCase_closure1.doCall(CallTestCaseKeyword.groovy:60)
	at com.kms.katalon.core.keyword.builtin.CallTestCaseKeyword$_callTestCase_closure1.call(CallTestCaseKeyword.groovy)
	at com.kms.katalon.core.keyword.internal.KeywordMain.runKeyword(KeywordMain.groovy:54)
	at com.kms.katalon.core.keyword.builtin.CallTestCaseKeyword.callTestCase(CallTestCaseKeyword.groovy:81)
	at com.kms.katalon.core.keyword.builtin.CallTestCaseKeyword.execute(CallTestCaseKeyword.groovy:45)
	at com.kms.katalon.core.keyword.internal.KeywordExecutor.executeKeywordForPlatform(KeywordExecutor.groovy:53)
	at com.kms.katalon.core.keyword.BuiltinKeywords.callTestCase(BuiltinKeywords.groovy:334)
	at sun.reflect.GeneratedMethodAccessor13.invoke(Unknown Source)
	at sun.reflect.DelegatingMethodAccessorImpl.invoke(DelegatingMethodAccessorImpl.java:43)
	at java.lang.reflect.Method.invoke(Method.java:498)
	at org.codehaus.groovy.reflection.CachedMethod.invoke(CachedMethod.java:93)
	at groovy.lang.MetaMethod.doMethodInvoke(MetaMethod.java:325)
	at groovy.lang.MetaClassImpl.invokeStaticMethod(MetaClassImpl.java:1469)
	at org.codehaus.groovy.runtime.callsite.StaticMetaClassSite.call(StaticMetaClassSite.java:53)
	at org.codehaus.groovy.runtime.callsite.AbstractCallSite.call(AbstractCallSite.java:141)
	at Script1536051799273.run(Script1536051799273.groovy:28)
	at com.kms.katalon.core.main.ScriptEngine.run(ScriptEngine.java:183)
	at com.kms.katalon.core.main.ScriptEngine.runScriptAsRawText(ScriptEngine.java:108)
	at com.kms.katalon.core.main.TestCaseExecutor.runScript(TestCaseExecutor.java:294)
	at com.kms.katalon.core.main.TestCaseExecutor.doExecute(TestCaseExecutor.java:285)
	at com.kms.katalon.core.main.TestCaseExecutor.processExecutionPhase(TestCaseExecutor.java:264)
	at com.kms.katalon.core.main.TestCaseExecutor.accessMainPhase(TestCaseExecutor.java:256)
	at com.kms.katalon.core.main.TestCaseExecutor.execute(TestCaseExecutor.java:200)
	at com.kms.katalon.core.main.TestCaseMain.runTestCase(TestCaseMain.java:99)
	at com.kms.katalon.core.keyword.builtin.CallTestCaseKeyword$_callTestCase_closure1.doCall(CallTestCaseKeyword.groovy:60)
	at com.kms.katalon.core.keyword.builtin.CallTestCaseKeyword$_callTestCase_closure1.call(CallTestCaseKeyword.groovy)
	at com.kms.katalon.core.keyword.internal.KeywordMain.runKeyword(KeywordMain.groovy:54)
	at com.kms.katalon.core.keyword.builtin.CallTestCaseKeyword.callTestCase(CallTestCaseKeyword.groovy:81)
	at com.kms.katalon.core.keyword.builtin.CallTestCaseKeyword.execute(CallTestCaseKeyword.groovy:45)
	at com.kms.katalon.core.keyword.internal.KeywordExecutor.executeKeywordForPlatform(KeywordExecutor.groovy:53)
	at com.kms.katalon.core.keyword.BuiltinKeywords.callTestCase(BuiltinKeywords.groovy:334)
	at sun.reflect.GeneratedMethodAccessor13.invoke(Unknown Source)
	at sun.reflect.DelegatingMethodAccessorImpl.invoke(DelegatingMethodAccessorImpl.java:43)
	at java.lang.reflect.Method.invoke(Method.java:498)
	at org.codehaus.groovy.reflection.CachedMethod.invoke(CachedMethod.java:93)
	at groovy.lang.MetaMethod.doMethodInvoke(MetaMethod.java:325)
	at groovy.lang.MetaClassImpl.invokeStaticMethod(MetaClassImpl.java:1469)
	at org.codehaus.groovy.runtime.callsite.StaticMetaClassSite.call(StaticMetaClassSite.java:53)
	at org.codehaus.groovy.runtime.callsite.CallSiteArray.defaultCall(CallSiteArray.java:48)
	at org.codehaus.groovy.runtime.callsite.AbstractCallSite.call(AbstractCallSite.java:113)
	at org.codehaus.groovy.runtime.callsite.AbstractCallSite.call(AbstractCallSite.java:141)
	at Script1536201277272.run(Script1536201277272.groovy:15)
	at com.kms.katalon.core.main.ScriptEngine.run(ScriptEngine.java:183)
	at com.kms.katalon.core.main.ScriptEngine.runScriptAsRawText(ScriptEngine.java:108)
	at com.kms.katalon.core.main.TestCaseExecutor.runScript(TestCaseExecutor.java:294)
	at com.kms.katalon.core.main.TestCaseExecutor.doExecute(TestCaseExecutor.java:285)
	at com.kms.katalon.core.main.TestCaseExecutor.processExecutionPhase(TestCaseExecutor.java:264)
	at com.kms.katalon.core.main.TestCaseExecutor.accessMainPhase(TestCaseExecutor.java:256)
	at com.kms.katalon.core.main.TestCaseExecutor.execute(TestCaseExecutor.java:200)
	at com.kms.katalon.core.main.TestSuiteExecutor.accessTestCaseMainPhase(TestSuiteExecutor.java:129)
	at com.kms.katalon.core.main.TestSuiteExecutor.accessTestSuiteMainPhase(TestSuiteExecutor.java:112)
	at com.kms.katalon.core.main.TestSuiteExecutor.execute(TestSuiteExecutor.java:81)
	at com.kms.katalon.core.main.TestCaseMain.startTestSuite(TestCaseMain.java:142)
	at com.kms.katalon.core.main.TestCaseMain$startTestSuite$0.call(Unknown Source)
	at org.codehaus.groovy.runtime.callsite.CallSiteArray.defaultCall(CallSiteArray.java:48)
	at org.codehaus.groovy.runtime.callsite.AbstractCallSite.call(AbstractCallSite.java:113)
	at org.codehaus.groovy.runtime.callsite.AbstractCallSite.call(AbstractCallSite.java:141)
	at TempTestSuite1540012262067.run(TempTestSuite1540012262067.groovy:36)
	at groovy.lang.GroovyShell.runScriptOrMainOrTestOrRunnable(GroovyShell.java:263)
	at groovy.lang.GroovyShell.run(GroovyShell.java:518)
	at groovy.lang.GroovyShell.run(GroovyShell.java:507)
	at groovy.ui.GroovyMain.processOnce(GroovyMain.java:653)
	at groovy.ui.GroovyMain.run(GroovyMain.java:384)
	at groovy.ui.GroovyMain.process(GroovyMain.java:370)
	at groovy.ui.GroovyMain.processArgs(GroovyMain.java:129)
	at groovy.ui.GroovyMain.main(GroovyMain.java:109)
	at sun.reflect.NativeMethodAccessorImpl.invoke0(Native Method)
	at sun.reflect.NativeMethodAccessorImpl.invoke(NativeMethodAccessorImpl.java:62)
	at sun.reflect.DelegatingMethodAccessorImpl.invoke(DelegatingMethodAccessorImpl.java:43)
	at java.lang.reflect.Method.invoke(Method.java:498)
	at org.codehaus.groovy.tools.GroovyStarter.rootLoader(GroovyStarter.java:109)
	at org.codehaus.groovy.tools.GroovyStarter.main(GroovyStarter.java:131)
)

2018-10-20 18:35:44 - [TEST_STEP][PASSED] - callTestCase: Call Test Case 'Test Cases/Final Aug 2018 - PKS Automation/Registration Module/New Registration/Form 1/Form 1 - Corporation - BHD' successfully

2018-10-20 18:35:44 - [TEST_CASE][PASSED] - Test Cases/Final Aug 2018 - PKS Automation/Registration Module/New Registration/Form 1/Form 1 - Corporation - BHD: Test Cases/Final Aug 2018 - PKS Automation/Registration Module/New Registration/Form 1/Form 1 - Corporation - BHD

2018-10-20 18:35:44 - [TEST_STEP][PASSED] - openBrowser: Browser is opened with url: ''

2018-10-20 18:35:44 - [MESSAGE][WARNING] - A browser is already opened. Closing browser and opening a new one

2018-10-20 18:35:48 - [MESSAGE][PASSED] - Browser is opened with url: ''

2018-10-20 18:35:48 - [TEST_STEP][PASSED] - navigateToUrl: Navigate to 'https://assist2-uat.perkeso.gov.my/login' successfully

2018-10-20 18:35:50 - [MESSAGE][PASSED] - Navigate to 'https://assist2-uat.perkeso.gov.my/login' successfully

2018-10-20 18:35:50 - [TEST_STEP][PASSED] - setText: Text 'johorotc1@gmail.com' is set on object 'Object Repository/Final Object Repo/Login Page/Internal User/Email Address'

2018-10-20 18:35:50 - [MESSAGE][PASSED] - Text 'johorotc1@gmail.com' is set on object 'Object Repository/Final Object Repo/Login Page/Internal User/Email Address'

2018-10-20 18:35:50 - [TEST_STEP][PASSED] - click: Object: 'Object Repository/Final Object Repo/Login Page/Internal User/Next Button' is clicked on

2018-10-20 18:35:51 - [MESSAGE][PASSED] - Object: 'Object Repository/Final Object Repo/Login Page/Internal User/Next Button' is clicked on

2018-10-20 18:35:51 - [TEST_STEP][PASSED] - delay: Delayed 1 second(s)

2018-10-20 18:35:52 - [MESSAGE][PASSED] - Delayed 1 second(s)

2018-10-20 18:35:52 - [TEST_STEP][PASSED] - setEncryptedText: Text ****** has been set on object 'Object Repository/Final Object Repo/Login Page/Internal User/Password'

2018-10-20 18:35:52 - [MESSAGE][PASSED] - Text ****** has been set on object 'Object Repository/Final Object Repo/Login Page/Internal User/Password'

2018-10-20 18:35:52 - [TEST_STEP][PASSED] - click: Object: 'Object Repository/Final Object Repo/Login Page/Internal User/Login Button' is clicked on

2018-10-20 18:35:52 - [MESSAGE][PASSED] - Object: 'Object Repository/Final Object Repo/Login Page/Internal User/Login Button' is clicked on

2018-10-20 18:35:52 - [TEST_STEP][PASSED] - delay: Delayed 1 second(s)

2018-10-20 18:35:53 - [MESSAGE][PASSED] - Delayed 1 second(s)

2018-10-20 18:35:53 - [TEST_STEP][PASSED] - Statement - Try: Delayed 2 second(s)

2018-10-20 18:35:53 - [TEST_STEP][PASSED] - Statement - Checker = false: null

2018-10-20 18:35:53 - [TEST_STEP][PASSED] - Statement - Checker = com.kms.katalon.core.webui.keyword.WebUiBuiltInKeywords.verifyElementHasAttribute(com.kms.katalon.core.testobject.ObjectRepository.findTestObject(Final Object Repo/Landing Page/BM Detecting), "href", 20, OPTIONAL): Object 'Object Repository/Final Object Repo/Landing Page/BM Detecting' has attribute 'href'

2018-10-20 18:35:55 - [MESSAGE][PASSED] - Object 'Object Repository/Final Object Repo/Landing Page/BM Detecting' has attribute 'href'

2018-10-20 18:35:55 - [TEST_STEP][PASSED] - Statement - out.println(Checker): null

2018-10-20 18:35:55 - [TEST_STEP][PASSED] - Statement - If (Checker == false): null

2018-10-20 18:35:55 - [TEST_STEP][PASSED] - Statement - Else: null

2018-10-20 18:35:55 - [TEST_STEP][PASSED] - delay: Delayed 2 second(s)

2018-10-20 18:35:57 - [MESSAGE][PASSED] - Delayed 2 second(s)

2018-10-20 18:35:57 - [TEST_STEP][PASSED] - navigateToUrl: Navigate to 'https://assist2-uat.perkeso.gov.my/web/registration/registration' successfully

2018-10-20 18:35:58 - [MESSAGE][PASSED] - Navigate to 'https://assist2-uat.perkeso.gov.my/web/registration/registration' successfully

2018-10-20 18:35:58 - [TEST_STEP][PASSED] - click: Object: 'Object Repository/Final Object Repo/New Registration - Registration Module Pages/Form 1/AEC - No' is clicked on

2018-10-20 18:35:58 - [MESSAGE][PASSED] - Object: 'Object Repository/Final Object Repo/New Registration - Registration Module Pages/Form 1/AEC - No' is clicked on

2018-10-20 18:35:58 - [TEST_STEP][PASSED] - click: Object: 'Object Repository/Final Object Repo/New Registration - Registration Module Pages/Form 1/Business Entity' is clicked on

2018-10-20 18:35:58 - [MESSAGE][PASSED] - Object: 'Object Repository/Final Object Repo/New Registration - Registration Module Pages/Form 1/Business Entity' is clicked on

2018-10-20 18:35:58 - [TEST_STEP][PASSED] - click: Object: 'Object Repository/Final Object Repo/New Registration - Registration Module Pages/Form 1/Businees Entity - Corporation' is clicked on

2018-10-20 18:35:59 - [MESSAGE][PASSED] - Object: 'Object Repository/Final Object Repo/New Registration - Registration Module Pages/Form 1/Businees Entity - Corporation' is clicked on

2018-10-20 18:35:59 - [TEST_STEP][PASSED] - delay: Delayed 1 second(s)

2018-10-20 18:36:00 - [MESSAGE][PASSED] - Delayed 1 second(s)

2018-10-20 18:36:00 - [TEST_STEP][PASSED] - click: Object: 'Object Repository/Final Object Repo/New Registration - Registration Module Pages/Form 1/Sub Business Entity' is clicked on

2018-10-20 18:36:00 - [MESSAGE][PASSED] - Object: 'Object Repository/Final Object Repo/New Registration - Registration Module Pages/Form 1/Sub Business Entity' is clicked on

2018-10-20 18:36:00 - [TEST_STEP][PASSED] - click: Object: 'Object Repository/Final Object Repo/New Registration - Registration Module Pages/Form 1/Sub Business Entity - Berhad' is clicked on

2018-10-20 18:36:00 - [MESSAGE][PASSED] - Object: 'Object Repository/Final Object Repo/New Registration - Registration Module Pages/Form 1/Sub Business Entity - Berhad' is clicked on

2018-10-20 18:36:00 - [TEST_STEP][PASSED] - delay: Delayed 1 second(s)

2018-10-20 18:36:01 - [MESSAGE][PASSED] - Delayed 1 second(s)

2018-10-20 18:36:01 - [TEST_STEP][PASSED] - setText: Text '123' is set on object 'Object Repository/Final Object Repo/New Registration - Registration Module Pages/Form 1/Registration Number'

2018-10-20 18:36:01 - [MESSAGE][PASSED] - Text '123' is set on object 'Object Repository/Final Object Repo/New Registration - Registration Module Pages/Form 1/Registration Number'

2018-10-20 18:36:01 - [TEST_STEP][PASSED] - click: Object: 'Object Repository/Final Object Repo/New Registration - Registration Module Pages/Form 1/Registred with SSM - Before Feb' is clicked on

2018-10-20 18:36:02 - [MESSAGE][PASSED] - Object: 'Object Repository/Final Object Repo/New Registration - Registration Module Pages/Form 1/Registred with SSM - Before Feb' is clicked on

2018-10-20 18:36:02 - [TEST_STEP][PASSED] - click: Object: 'Object Repository/Final Object Repo/New Registration - Registration Module Pages/Form 1/Registered As a Branch - Yes' is clicked on

2018-10-20 18:36:02 - [MESSAGE][PASSED] - Object: 'Object Repository/Final Object Repo/New Registration - Registration Module Pages/Form 1/Registered As a Branch - Yes' is clicked on

2018-10-20 18:36:02 - [TEST_STEP][PASSED] - click: Object: 'Object Repository/Final Object Repo/New Registration - Registration Module Pages/Form 1/Acknowledgement' is clicked on

2018-10-20 18:36:02 - [MESSAGE][PASSED] - Object: 'Object Repository/Final Object Repo/New Registration - Registration Module Pages/Form 1/Acknowledgement' is clicked on

2018-10-20 18:36:02 - [TEST_STEP][PASSED] - setText: Text 'perkeso' is set on object 'Object Repository/Final Object Repo/New Registration - Registration Module Pages/Form 1/Industry name'

2018-10-20 18:36:02 - [MESSAGE][PASSED] - Text 'perkeso' is set on object 'Object Repository/Final Object Repo/New Registration - Registration Module Pages/Form 1/Industry name'

2018-10-20 18:36:02 - [TEST_STEP][PASSED] - setText: Text 'perkeso1' is set on object 'Object Repository/Final Object Repo/New Registration - Registration Module Pages/Form 1/Postal Address1'

2018-10-20 18:36:02 - [MESSAGE][PASSED] - Text 'perkeso1' is set on object 'Object Repository/Final Object Repo/New Registration - Registration Module Pages/Form 1/Postal Address1'

2018-10-20 18:36:02 - [TEST_STEP][PASSED] - setText: Text 'perkeso2' is set on object 'Object Repository/Final Object Repo/New Registration - Registration Module Pages/Form 1/Postal Address2'

2018-10-20 18:36:03 - [MESSAGE][PASSED] - Text 'perkeso2' is set on object 'Object Repository/Final Object Repo/New Registration - Registration Module Pages/Form 1/Postal Address2'

2018-10-20 18:36:03 - [TEST_STEP][PASSED] - setText: Text 'perkeso3' is set on object 'Object Repository/Final Object Repo/New Registration - Registration Module Pages/Form 1/Postal Address3'

2018-10-20 18:36:03 - [MESSAGE][PASSED] - Text 'perkeso3' is set on object 'Object Repository/Final Object Repo/New Registration - Registration Module Pages/Form 1/Postal Address3'

2018-10-20 18:36:03 - [TEST_STEP][PASSED] - click: Object: 'Object Repository/Final Object Repo/New Registration - Registration Module Pages/Form 1/State' is clicked on

2018-10-20 18:36:03 - [MESSAGE][PASSED] - Object: 'Object Repository/Final Object Repo/New Registration - Registration Module Pages/Form 1/State' is clicked on

2018-10-20 18:36:03 - [TEST_STEP][PASSED] - click: Object: 'Object Repository/Final Object Repo/New Registration - Registration Module Pages/Form 1/State - Johor' is clicked on

2018-10-20 18:36:03 - [MESSAGE][PASSED] - Object: 'Object Repository/Final Object Repo/New Registration - Registration Module Pages/Form 1/State - Johor' is clicked on

2018-10-20 18:36:03 - [TEST_STEP][PASSED] - delay: Delayed 1 second(s)

2018-10-20 18:36:04 - [MESSAGE][PASSED] - Delayed 1 second(s)

2018-10-20 18:36:04 - [TEST_STEP][PASSED] - click: Object: 'Object Repository/Final Object Repo/New Registration - Registration Module Pages/Form 1/City' is clicked on

2018-10-20 18:36:04 - [MESSAGE][PASSED] - Object: 'Object Repository/Final Object Repo/New Registration - Registration Module Pages/Form 1/City' is clicked on

2018-10-20 18:36:04 - [TEST_STEP][PASSED] - setText: Text 'joh' is set on object 'Object Repository/Final Object Repo/New Registration - Registration Module Pages/Form 1/Postcode - 810'

2018-10-20 18:36:04 - [MESSAGE][PASSED] - Text 'joh' is set on object 'Object Repository/Final Object Repo/New Registration - Registration Module Pages/Form 1/Postcode - 810'

2018-10-20 18:36:04 - [TEST_STEP][PASSED] - delay: Delayed 1 second(s)

2018-10-20 18:36:05 - [MESSAGE][PASSED] - Delayed 1 second(s)

2018-10-20 18:36:05 - [TEST_STEP][PASSED] - click: Object: 'Object Repository/Final Object Repo/New Registration - Registration Module Pages/Form 1/City - Johor Bharu' is clicked on

2018-10-20 18:36:06 - [MESSAGE][PASSED] - Object: 'Object Repository/Final Object Repo/New Registration - Registration Module Pages/Form 1/City - Johor Bharu' is clicked on

2018-10-20 18:36:06 - [TEST_STEP][PASSED] - delay: Delayed 1 second(s)

2018-10-20 18:36:07 - [MESSAGE][PASSED] - Delayed 1 second(s)

2018-10-20 18:36:07 - [TEST_STEP][PASSED] - click: Object: 'Object Repository/Final Object Repo/New Registration - Registration Module Pages/Form 1/Postcode' is clicked on

2018-10-20 18:36:07 - [MESSAGE][PASSED] - Object: 'Object Repository/Final Object Repo/New Registration - Registration Module Pages/Form 1/Postcode' is clicked on

2018-10-20 18:36:07 - [TEST_STEP][PASSED] - delay: Delayed 1 second(s)

2018-10-20 18:36:08 - [MESSAGE][PASSED] - Delayed 1 second(s)

2018-10-20 18:36:08 - [TEST_STEP][PASSED] - setText: Text '810' is set on object 'Object Repository/Final Object Repo/New Registration - Registration Module Pages/Form 1/Postcode - 810'

2018-10-20 18:36:08 - [MESSAGE][PASSED] - Text '810' is set on object 'Object Repository/Final Object Repo/New Registration - Registration Module Pages/Form 1/Postcode - 810'

2018-10-20 18:36:08 - [TEST_STEP][PASSED] - delay: Delayed 3 second(s)

2018-10-20 18:36:11 - [MESSAGE][PASSED] - Delayed 3 second(s)

2018-10-20 18:36:11 - [TEST_STEP][PASSED] - click: Object: 'Object Repository/Final Object Repo/New Registration - Registration Module Pages/Form 1/Postcode - 81000' is clicked on

2018-10-20 18:36:11 - [MESSAGE][PASSED] - Object: 'Object Repository/Final Object Repo/New Registration - Registration Module Pages/Form 1/Postcode - 81000' is clicked on

2018-10-20 18:36:11 - [TEST_STEP][PASSED] - delay: Delayed 1 second(s)

2018-10-20 18:36:12 - [MESSAGE][PASSED] - Delayed 1 second(s)

2018-10-20 18:36:12 - [TEST_STEP][PASSED] - setText: Text '100' is set on object 'Object Repository/Final Object Repo/New Registration - Registration Module Pages/Form 1/P.O.BOX'

2018-10-20 18:36:12 - [MESSAGE][PASSED] - Text '100' is set on object 'Object Repository/Final Object Repo/New Registration - Registration Module Pages/Form 1/P.O.BOX'

2018-10-20 18:36:12 - [TEST_STEP][PASSED] - setText: Text '100' is set on object 'Object Repository/Final Object Repo/New Registration - Registration Module Pages/Form 1/Locked Bag No'

2018-10-20 18:36:13 - [MESSAGE][PASSED] - Text '100' is set on object 'Object Repository/Final Object Repo/New Registration - Registration Module Pages/Form 1/Locked Bag No'

2018-10-20 18:36:13 - [TEST_STEP][PASSED] - click: Object: 'Object Repository/Final Object Repo/New Registration - Registration Module Pages/Form 1/SOCSO Office Location' is clicked on

2018-10-20 18:36:13 - [MESSAGE][PASSED] - Object: 'Object Repository/Final Object Repo/New Registration - Registration Module Pages/Form 1/SOCSO Office Location' is clicked on

2018-10-20 18:36:13 - [TEST_STEP][PASSED] - click: Object: 'Object Repository/Final Object Repo/New Registration - Registration Module Pages/Form 1/SOCSO Office Location - Pejabat PERKESO Negeri Johor' is clicked on

2018-10-20 18:36:13 - [MESSAGE][PASSED] - Object: 'Object Repository/Final Object Repo/New Registration - Registration Module Pages/Form 1/SOCSO Office Location - Pejabat PERKESO Negeri Johor' is clicked on

2018-10-20 18:36:13 - [TEST_STEP][PASSED] - delay: Delayed 1 second(s)

2018-10-20 18:36:14 - [MESSAGE][PASSED] - Delayed 1 second(s)

2018-10-20 18:36:14 - [TEST_STEP][PASSED] - check: Object 'Object Repository/Final Object Repo/New Registration - Registration Module Pages/Form 1/Indusrty Address Same As Postal Address' is checked

2018-10-20 18:36:14 - [MESSAGE][PASSED] - Object 'Object Repository/Final Object Repo/New Registration - Registration Module Pages/Form 1/Indusrty Address Same As Postal Address' is checked

2018-10-20 18:36:14 - [TEST_STEP][PASSED] - delay: Delayed 3 second(s)

2018-10-20 18:36:17 - [MESSAGE][PASSED] - Delayed 3 second(s)

2018-10-20 18:36:17 - [TEST_STEP][PASSED] - click: Object: 'Object Repository/Final Object Repo/New Registration - Registration Module Pages/Form 1/Indusry Address Same As Postal Address False' is clicked on

2018-10-20 18:36:17 - [MESSAGE][PASSED] - Object: 'Object Repository/Final Object Repo/New Registration - Registration Module Pages/Form 1/Indusry Address Same As Postal Address False' is clicked on

2018-10-20 18:36:17 - [TEST_STEP][PASSED] - delay: Delayed 1 second(s)

2018-10-20 18:36:18 - [MESSAGE][PASSED] - Delayed 1 second(s)

2018-10-20 18:36:18 - [TEST_STEP][PASSED] - setText: Text 'perkeso1' is set on object 'Object Repository/Final Object Repo/New Registration - Registration Module Pages/Form 1/Industry Address1'

2018-10-20 18:36:19 - [MESSAGE][PASSED] - Text 'perkeso1' is set on object 'Object Repository/Final Object Repo/New Registration - Registration Module Pages/Form 1/Industry Address1'

2018-10-20 18:36:19 - [TEST_STEP][PASSED] - setText: Text 'perkeso2' is set on object 'Object Repository/Final Object Repo/New Registration - Registration Module Pages/Form 1/Industry Address2'

2018-10-20 18:36:19 - [MESSAGE][PASSED] - Text 'perkeso2' is set on object 'Object Repository/Final Object Repo/New Registration - Registration Module Pages/Form 1/Industry Address2'

2018-10-20 18:36:19 - [TEST_STEP][PASSED] - setText: Text 'perkeso3' is set on object 'Object Repository/Final Object Repo/New Registration - Registration Module Pages/Form 1/Industry Address3'

2018-10-20 18:36:19 - [MESSAGE][PASSED] - Text 'perkeso3' is set on object 'Object Repository/Final Object Repo/New Registration - Registration Module Pages/Form 1/Industry Address3'

2018-10-20 18:36:19 - [TEST_STEP][PASSED] - click: Object: 'Object Repository/Final Object Repo/New Registration - Registration Module Pages/Form 1/Industry State' is clicked on

2018-10-20 18:36:19 - [MESSAGE][PASSED] - Object: 'Object Repository/Final Object Repo/New Registration - Registration Module Pages/Form 1/Industry State' is clicked on

2018-10-20 18:36:19 - [TEST_STEP][PASSED] - delay: Delayed 2 second(s)

2018-10-20 18:36:21 - [MESSAGE][PASSED] - Delayed 2 second(s)

2018-10-20 18:36:21 - [TEST_STEP][PASSED] - click: Object: 'Object Repository/Final Object Repo/New Registration - Registration Module Pages/Form 1/Industry State - Johor' is clicked on

2018-10-20 18:36:22 - [MESSAGE][PASSED] - Object: 'Object Repository/Final Object Repo/New Registration - Registration Module Pages/Form 1/Industry State - Johor' is clicked on

2018-10-20 18:36:22 - [TEST_STEP][PASSED] - delay: Delayed 2 second(s)

2018-10-20 18:36:24 - [MESSAGE][PASSED] - Delayed 2 second(s)

2018-10-20 18:36:24 - [TEST_STEP][PASSED] - click: Object: 'Object Repository/Final Object Repo/New Registration - Registration Module Pages/Form 1/Industry Ciry' is clicked on

2018-10-20 18:36:24 - [MESSAGE][PASSED] - Object: 'Object Repository/Final Object Repo/New Registration - Registration Module Pages/Form 1/Industry Ciry' is clicked on

2018-10-20 18:36:24 - [TEST_STEP][PASSED] - setText: Text 'joh' is set on object 'Object Repository/Final Object Repo/New Registration - Registration Module Pages/Form 1/Industry Ciry - joh'

2018-10-20 18:36:24 - [MESSAGE][PASSED] - Text 'joh' is set on object 'Object Repository/Final Object Repo/New Registration - Registration Module Pages/Form 1/Industry Ciry - joh'

2018-10-20 18:36:24 - [TEST_STEP][PASSED] - delay: Delayed 2 second(s)

2018-10-20 18:36:26 - [MESSAGE][PASSED] - Delayed 2 second(s)

2018-10-20 18:36:26 - [TEST_STEP][PASSED] - click: Object: 'Object Repository/Final Object Repo/New Registration - Registration Module Pages/Form 1/Industy State - Johor Bharu' is clicked on

2018-10-20 18:36:26 - [MESSAGE][PASSED] - Object: 'Object Repository/Final Object Repo/New Registration - Registration Module Pages/Form 1/Industy State - Johor Bharu' is clicked on

2018-10-20 18:36:26 - [TEST_STEP][PASSED] - delay: Delayed 1 second(s)

2018-10-20 18:36:27 - [MESSAGE][PASSED] - Delayed 1 second(s)

2018-10-20 18:36:27 - [TEST_STEP][PASSED] - click: Object: 'Object Repository/Final Object Repo/New Registration - Registration Module Pages/Form 1/Indusry PostCode' is clicked on

2018-10-20 18:36:27 - [MESSAGE][PASSED] - Object: 'Object Repository/Final Object Repo/New Registration - Registration Module Pages/Form 1/Indusry PostCode' is clicked on

2018-10-20 18:36:27 - [TEST_STEP][PASSED] - delay: Delayed 1 second(s)

2018-10-20 18:36:28 - [MESSAGE][PASSED] - Delayed 1 second(s)

2018-10-20 18:36:28 - [TEST_STEP][PASSED] - setText: Text '810' is set on object 'Object Repository/Final Object Repo/New Registration - Registration Module Pages/Form 1/Insutry Post Code - 810'

2018-10-20 18:36:29 - [MESSAGE][PASSED] - Text '810' is set on object 'Object Repository/Final Object Repo/New Registration - Registration Module Pages/Form 1/Insutry Post Code - 810'

2018-10-20 18:36:29 - [TEST_STEP][PASSED] - delay: Delayed 1 second(s)

2018-10-20 18:36:30 - [MESSAGE][PASSED] - Delayed 1 second(s)

2018-10-20 18:36:30 - [TEST_STEP][PASSED] - click: Object: 'Object Repository/Final Object Repo/New Registration - Registration Module Pages/Form 1/Insutry Post Code - 81000' is clicked on

2018-10-20 18:36:30 - [MESSAGE][PASSED] - Object: 'Object Repository/Final Object Repo/New Registration - Registration Module Pages/Form 1/Insutry Post Code - 81000' is clicked on

2018-10-20 18:36:30 - [TEST_STEP][PASSED] - delay: Delayed 1 second(s)

2018-10-20 18:36:31 - [MESSAGE][PASSED] - Delayed 1 second(s)

2018-10-20 18:36:31 - [TEST_STEP][PASSED] - setText: Text '100' is set on object 'Object Repository/Final Object Repo/New Registration - Registration Module Pages/Form 1/Industry P.O.BOX'

2018-10-20 18:36:31 - [MESSAGE][PASSED] - Text '100' is set on object 'Object Repository/Final Object Repo/New Registration - Registration Module Pages/Form 1/Industry P.O.BOX'

2018-10-20 18:36:31 - [TEST_STEP][PASSED] - setText: Text '100' is set on object 'Object Repository/Final Object Repo/New Registration - Registration Module Pages/Form 1/Industry Locked Bag No'

2018-10-20 18:36:31 - [MESSAGE][PASSED] - Text '100' is set on object 'Object Repository/Final Object Repo/New Registration - Registration Module Pages/Form 1/Industry Locked Bag No'

2018-10-20 18:36:31 - [TEST_STEP][PASSED] - setText: Text '123456789' is set on object 'Object Repository/Final Object Repo/New Registration - Registration Module Pages/Form 1/Telephone No'

2018-10-20 18:36:32 - [MESSAGE][PASSED] - Text '123456789' is set on object 'Object Repository/Final Object Repo/New Registration - Registration Module Pages/Form 1/Telephone No'

2018-10-20 18:36:32 - [TEST_STEP][PASSED] - setText: Text '123456789' is set on object 'Object Repository/Final Object Repo/New Registration - Registration Module Pages/Form 1/Mobile No'

2018-10-20 18:36:32 - [MESSAGE][PASSED] - Text '123456789' is set on object 'Object Repository/Final Object Repo/New Registration - Registration Module Pages/Form 1/Mobile No'

2018-10-20 18:36:32 - [TEST_STEP][PASSED] - setText: Text '123456789' is set on object 'Object Repository/Final Object Repo/New Registration - Registration Module Pages/Form 1/Fax No'

2018-10-20 18:36:33 - [MESSAGE][PASSED] - Text '123456789' is set on object 'Object Repository/Final Object Repo/New Registration - Registration Module Pages/Form 1/Fax No'

2018-10-20 18:36:33 - [TEST_STEP][PASSED] - click: Object: 'Object Repository/Final Object Repo/New Registration - Registration Module Pages/Form 1/Industry Code' is clicked on

2018-10-20 18:36:33 - [MESSAGE][PASSED] - Object: 'Object Repository/Final Object Repo/New Registration - Registration Module Pages/Form 1/Industry Code' is clicked on

2018-10-20 18:36:33 - [TEST_STEP][PASSED] - click: Object: 'Object Repository/Final Object Repo/New Registration - Registration Module Pages/Form 1/Indudustry Code - Crops and Animal' is clicked on

2018-10-20 18:36:33 - [MESSAGE][PASSED] - Object: 'Object Repository/Final Object Repo/New Registration - Registration Module Pages/Form 1/Indudustry Code - Crops and Animal' is clicked on

2018-10-20 18:36:33 - [TEST_STEP][PASSED] - delay: Delayed 1 second(s)

2018-10-20 18:36:34 - [MESSAGE][PASSED] - Delayed 1 second(s)

2018-10-20 18:36:34 - [TEST_STEP][PASSED] - click: Object: 'Object Repository/Final Object Repo/New Registration - Registration Module Pages/Form 1/Sub Industry Code List' is clicked on

2018-10-20 18:36:34 - [MESSAGE][PASSED] - Object: 'Object Repository/Final Object Repo/New Registration - Registration Module Pages/Form 1/Sub Industry Code List' is clicked on

2018-10-20 18:36:34 - [TEST_STEP][PASSED] - click: Object: 'Object Repository/Final Object Repo/New Registration - Registration Module Pages/Form 1/Sub Industry Code List - Growing of Maize' is clicked on

2018-10-20 18:36:35 - [MESSAGE][PASSED] - Object: 'Object Repository/Final Object Repo/New Registration - Registration Module Pages/Form 1/Sub Industry Code List - Growing of Maize' is clicked on

2018-10-20 18:36:35 - [TEST_STEP][PASSED] - setText: Text 'perkeso123@gmail.com' is set on object 'Object Repository/Final Object Repo/New Registration - Registration Module Pages/Form 1/Email'

2018-10-20 18:36:35 - [MESSAGE][PASSED] - Text 'perkeso123@gmail.com' is set on object 'Object Repository/Final Object Repo/New Registration - Registration Module Pages/Form 1/Email'

2018-10-20 18:36:35 - [TEST_STEP][PASSED] - click: Object: 'Object Repository/Final Object Repo/New Registration - Registration Module Pages/Form 1/Method of Contribution Payment' is clicked on

2018-10-20 18:36:35 - [MESSAGE][PASSED] - Object: 'Object Repository/Final Object Repo/New Registration - Registration Module Pages/Form 1/Method of Contribution Payment' is clicked on

2018-10-20 18:36:35 - [TEST_STEP][PASSED] - click: Object: 'Object Repository/Final Object Repo/New Registration - Registration Module Pages/Form 1/Method of Contribution Payment - Portal' is clicked on

2018-10-20 18:36:35 - [MESSAGE][PASSED] - Object: 'Object Repository/Final Object Repo/New Registration - Registration Module Pages/Form 1/Method of Contribution Payment - Portal' is clicked on

2018-10-20 18:36:35 - [TEST_STEP][PASSED] - click: Object: 'Object Repository/Final Object Repo/New Registration - Registration Module Pages/Form 1/Servide Type' is clicked on

2018-10-20 18:36:35 - [MESSAGE][PASSED] - Object: 'Object Repository/Final Object Repo/New Registration - Registration Module Pages/Form 1/Servide Type' is clicked on

2018-10-20 18:36:35 - [TEST_STEP][PASSED] - click: Object: 'Object Repository/Final Object Repo/New Registration - Registration Module Pages/Form 1/Servide Type - Professional Bodies' is clicked on

2018-10-20 18:36:36 - [MESSAGE][PASSED] - Object: 'Object Repository/Final Object Repo/New Registration - Registration Module Pages/Form 1/Servide Type - Professional Bodies' is clicked on

2018-10-20 18:36:36 - [TEST_STEP][PASSED] - click: Object: 'Object Repository/Final Object Repo/New Registration - Registration Module Pages/Form 1/Industry Venue' is clicked on

2018-10-20 18:36:36 - [MESSAGE][PASSED] - Object: 'Object Repository/Final Object Repo/New Registration - Registration Module Pages/Form 1/Industry Venue' is clicked on

2018-10-20 18:36:36 - [TEST_STEP][PASSED] - click: Object: 'Object Repository/Final Object Repo/New Registration - Registration Module Pages/Form 1/Industry Venue -  PPN JOHOR' is clicked on

2018-10-20 18:36:36 - [MESSAGE][PASSED] - Object: 'Object Repository/Final Object Repo/New Registration - Registration Module Pages/Form 1/Industry Venue -  PPN JOHOR' is clicked on

2018-10-20 18:36:36 - [TEST_STEP][PASSED] - click: Object: 'Object Repository/Final Object Repo/New Registration - Registration Module Pages/Form 1/Save  Continue' is clicked on

2018-10-20 18:36:36 - [MESSAGE][PASSED] - Object: 'Object Repository/Final Object Repo/New Registration - Registration Module Pages/Form 1/Save  Continue' is clicked on

2018-10-20 18:36:36 - [MESSAGE][PASSED] - Call Test Case 'Test Cases/Final Aug 2018 - PKS Automation/Registration Module/New Registration/Form 1/Form 1 - Corporation - BHD' successfully

2018-10-20 18:36:36 - [TEST_STEP][PASSED] - callTestCase: Call Test Case 'Test Cases/Final Aug 2018 - PKS Automation/Registration Module/New Registration/Form 2/Add 1 Eligible' successfully

2018-10-20 18:36:36 - [TEST_CASE][PASSED] - Test Cases/Final Aug 2018 - PKS Automation/Registration Module/New Registration/Form 2/Add 1 Eligible: Test Cases/Final Aug 2018 - PKS Automation/Registration Module/New Registration/Form 2/Add 1 Eligible

2018-10-20 18:36:36 - [TEST_STEP][PASSED] - delay: Delayed 2 second(s)

2018-10-20 18:36:38 - [MESSAGE][PASSED] - Delayed 2 second(s)

2018-10-20 18:36:38 - [TEST_STEP][PASSED] - callTestCase: Call Test Case 'Test Cases/Final Aug 2018 - PKS Automation/Registration Module/New Registration/Form 2/Date Updater' successfully

2018-10-20 18:36:38 - [TEST_CASE][PASSED] - Test Cases/Final Aug 2018 - PKS Automation/Registration Module/New Registration/Form 2/Date Updater: Test Cases/Final Aug 2018 - PKS Automation/Registration Module/New Registration/Form 2/Date Updater

2018-10-20 18:36:38 - [TEST_STEP][PASSED] - Statement - TodayDate = new java.util.Date(): null

2018-10-20 18:36:38 - [TEST_STEP][PASSED] - Statement - CurrentDateNoFilter = new java.text.SimpleDateFormat(): null

2018-10-20 18:36:38 - [TEST_STEP][PASSED] - Statement - CurrentDateNoFilter.applyPattern("dd"): null

2018-10-20 18:36:38 - [TEST_STEP][PASSED] - Statement - CurrentDate = CurrentDateNoFilter.format(TodayDate): null

2018-10-20 18:36:38 - [TEST_STEP][PASSED] - Statement - CurrentDate = java.lang.Integer.parseInt(CurrentDate): null

2018-10-20 18:36:38 - [TEST_STEP][PASSED] - Statement - CurrentDate = CurrentDate: null

2018-10-20 18:36:38 - [TEST_STEP][PASSED] - Statement - CurrentDay = java.lang.Integer.parseInt(CurrentDate): null

2018-10-20 18:36:38 - [TEST_STEP][PASSED] - Statement - aDayBefore = CurrentDay + 1: null

2018-10-20 18:36:38 - [TEST_STEP][PASSED] - Statement - DayBefore = aDayBefore.toString(): null

2018-10-20 18:36:38 - [TEST_STEP][PASSED] - Statement - OneDayBefore = DayBefore: null

2018-10-20 18:36:38 - [TEST_STEP][PASSED] - Statement - CurrentDateNoFilter.applyPattern("MM"): null

2018-10-20 18:36:38 - [TEST_STEP][PASSED] - Statement - monthContainerMatcher = java.lang.Integer.parseInt(CurrentDateNoFilter.format(TodayDate)): null

2018-10-20 18:36:38 - [TEST_STEP][PASSED] - Statement - monthContainerMatcher = monthContainerMatcher - 1: null

2018-10-20 18:36:38 - [TEST_STEP][PASSED] - Statement - CurrentMonth = monthContainerMatcher.toString(): null

2018-10-20 18:36:38 - [TEST_STEP][PASSED] - Statement - CurrentMonth = CurrentMonth: null

2018-10-20 18:36:38 - [TEST_STEP][PASSED] - Statement - CurrentDateNoFilter.applyPattern("yyyy"): null

2018-10-20 18:36:38 - [TEST_STEP][PASSED] - Statement - CurrentYear = CurrentDateNoFilter.format(TodayDate): null

2018-10-20 18:36:38 - [TEST_STEP][PASSED] - Statement - CurrentYear = CurrentYear: null

2018-10-20 18:36:38 - [TEST_STEP][PASSED] - Statement - intCurrentYear = java.lang.Integer.parseInt(CurrentDateNoFilter.format(TodayDate)): null

2018-10-20 18:36:38 - [TEST_STEP][PASSED] - Statement - eighteenYrsAgo = intCurrentYear - 18: null

2018-10-20 18:36:38 - [TEST_STEP][PASSED] - Statement - eighteenYrsBeforeThisYr = eighteenYrsAgo.toString(): null

2018-10-20 18:36:38 - [TEST_STEP][PASSED] - Statement - EighteenYrsBefore = eighteenYrsBeforeThisYr: null

2018-10-20 18:36:38 - [TEST_STEP][PASSED] - Statement - fiftysevenYrsAgo = intCurrentYear - 57: null

2018-10-20 18:36:38 - [TEST_STEP][PASSED] - Statement - fiftysevenYrsBeforeThisYr = fiftysevenYrsAgo.toString(): null

2018-10-20 18:36:38 - [TEST_STEP][PASSED] - Statement - FiftysevenYrsBefore = fiftysevenYrsBeforeThisYr: null

2018-10-20 18:36:38 - [MESSAGE][PASSED] - Call Test Case 'Test Cases/Final Aug 2018 - PKS Automation/Registration Module/New Registration/Form 2/Date Updater' successfully

2018-10-20 18:36:38 - [TEST_STEP][PASSED] - delay: Delayed 1 second(s)

2018-10-20 18:36:39 - [MESSAGE][PASSED] - Delayed 1 second(s)

2018-10-20 18:36:39 - [TEST_STEP][PASSED] - Statement - CaseReferenceNo = com.kms.katalon.core.webui.keyword.WebUiBuiltInKeywords.getText(com.kms.katalon.core.testobject.ObjectRepository.findTestObject(Final Object Repo/New Registration - Registration Module Pages/Form 2/RefNo Acquiring)): Text of object 'Object Repository/Final Object Repo/New Registration - Registration Module Pages/Form 2/RefNo Acquiring' is: 'CRN10201800122310'

2018-10-20 18:36:39 - [MESSAGE][PASSED] - Text of object 'Object Repository/Final Object Repo/New Registration - Registration Module Pages/Form 2/RefNo Acquiring' is: 'CRN10201800122310'

2018-10-20 18:36:39 - [TEST_STEP][PASSED] - delay: Delayed 1 second(s)

2018-10-20 18:36:40 - [MESSAGE][PASSED] - Delayed 1 second(s)

2018-10-20 18:36:40 - [TEST_STEP][PASSED] - click: Object: 'Object Repository/Final Object Repo/New Registration - Registration Module Pages/Form 2/Add Employee Button' is clicked on

2018-10-20 18:36:41 - [MESSAGE][PASSED] - Object: 'Object Repository/Final Object Repo/New Registration - Registration Module Pages/Form 2/Add Employee Button' is clicked on

2018-10-20 18:36:41 - [TEST_STEP][PASSED] - delay: Delayed 1 second(s)

2018-10-20 18:36:42 - [MESSAGE][PASSED] - Delayed 1 second(s)

2018-10-20 18:36:42 - [TEST_STEP][PASSED] - setText: Text '010903091963' is set on object 'Object Repository/Final Object Repo/New Registration - Registration Module Pages/Form 2/NRIC Input'

2018-10-20 18:36:42 - [MESSAGE][PASSED] - Text '010903091963' is set on object 'Object Repository/Final Object Repo/New Registration - Registration Module Pages/Form 2/NRIC Input'

2018-10-20 18:36:42 - [TEST_STEP][PASSED] - click: Object: 'Object Repository/Final Object Repo/New Registration - Registration Module Pages/Form 2/button for search for IC' is clicked on

2018-10-20 18:36:42 - [MESSAGE][PASSED] - Object: 'Object Repository/Final Object Repo/New Registration - Registration Module Pages/Form 2/button for search for IC' is clicked on

2018-10-20 18:36:42 - [TEST_STEP][PASSED] - delay: Delayed 2 second(s)

2018-10-20 18:36:44 - [MESSAGE][PASSED] - Delayed 2 second(s)

2018-10-20 18:36:44 - [TEST_STEP][PASSED] - setText: Text 'Automate001 eligible 1' is set on object 'Object Repository/Final Object Repo/New Registration - Registration Module Pages/Form 2/Employee Name Input'

2018-10-20 18:36:44 - [MESSAGE][PASSED] - Text 'Automate001 eligible 1' is set on object 'Object Repository/Final Object Repo/New Registration - Registration Module Pages/Form 2/Employee Name Input'

2018-10-20 18:36:44 - [TEST_STEP][PASSED] - delay: Delayed 2 second(s)

2018-10-20 18:36:46 - [MESSAGE][PASSED] - Delayed 2 second(s)

2018-10-20 18:36:46 - [TEST_STEP][PASSED] - click: Object: 'Object Repository/Final Object Repo/New Registration - Registration Module Pages/Form 2/DatePicker Pop Up' is clicked on

2018-10-20 18:36:47 - [MESSAGE][PASSED] - Object: 'Object Repository/Final Object Repo/New Registration - Registration Module Pages/Form 2/DatePicker Pop Up' is clicked on

2018-10-20 18:36:47 - [TEST_STEP][PASSED] - click: Object: 'Object Repository/Final Object Repo/New Registration - Registration Module Pages/Form 2/DOB Month' is clicked on

2018-10-20 18:36:47 - [MESSAGE][PASSED] - Object: 'Object Repository/Final Object Repo/New Registration - Registration Module Pages/Form 2/DOB Month' is clicked on

2018-10-20 18:36:47 - [TEST_STEP][PASSED] - Statement - CurrentMonth = CurrentMonth: null

2018-10-20 18:36:47 - [TEST_STEP][PASSED] - Statement - selectMonth = new com.kms.katalon.core.testobject.TestObject(): null

2018-10-20 18:36:47 - [TEST_STEP][PASSED] - Statement - selectMonth.addProperty("xpath", EQUALS, "//body/div/div/div/select/option[@value='" + CurrentMonth + "']", true): null

2018-10-20 18:36:47 - [TEST_STEP][PASSED] - click: Object: '' is clicked on

2018-10-20 18:36:47 - [MESSAGE][PASSED] - Object: '' is clicked on

2018-10-20 18:36:47 - [TEST_STEP][PASSED] - click: Object: 'Object Repository/Final Object Repo/New Registration - Registration Module Pages/Form 2/DOB Year' is clicked on

2018-10-20 18:36:47 - [MESSAGE][PASSED] - Object: 'Object Repository/Final Object Repo/New Registration - Registration Module Pages/Form 2/DOB Year' is clicked on

2018-10-20 18:36:47 - [TEST_STEP][PASSED] - Statement - Eyearsbf = EighteenYrsBefore: null

2018-10-20 18:36:47 - [TEST_STEP][PASSED] - Statement - selectYear = new com.kms.katalon.core.testobject.TestObject(): null

2018-10-20 18:36:47 - [TEST_STEP][PASSED] - Statement - selectYear.addProperty("xpath", EQUALS, "//div/div/div/select/option[@value='" + Eyearsbf + "']", true): null

2018-10-20 18:36:47 - [TEST_STEP][PASSED] - click: Object: '' is clicked on

2018-10-20 18:36:47 - [MESSAGE][PASSED] - Object: '' is clicked on

2018-10-20 18:36:47 - [TEST_STEP][PASSED] - Statement - UpdatedSelectDate = com.kms.katalon.core.webui.keyword.WebUiBuiltInKeywords.modifyObjectProperty(com.kms.katalon.core.testobject.ObjectRepository.findTestObject(Final Object Repo/New Registration - Registration Module Pages/Form 2/DOB Date), "xpath", "equals", "//body/div/table/tbody/tr/td/a[text()="" + CurrentDate + ""]", true): Modify property of object successfully

2018-10-20 18:36:47 - [MESSAGE][PASSED] - Modify property of object successfully

2018-10-20 18:36:47 - [TEST_STEP][PASSED] - delay: Delayed 3 second(s)

2018-10-20 18:36:50 - [MESSAGE][PASSED] - Delayed 3 second(s)

2018-10-20 18:36:50 - [TEST_STEP][PASSED] - click: Object: 'Object Repository/Final Object Repo/New Registration - Registration Module Pages/Form 2/DOB Date' is clicked on

2018-10-20 18:36:50 - [MESSAGE][PASSED] - Object: 'Object Repository/Final Object Repo/New Registration - Registration Module Pages/Form 2/DOB Date' is clicked on

2018-10-20 18:36:50 - [TEST_STEP][PASSED] - delay: Delayed 2 second(s)

2018-10-20 18:36:52 - [MESSAGE][PASSED] - Delayed 2 second(s)

2018-10-20 18:36:52 - [TEST_STEP][PASSED] - click: Object: 'Object Repository/Final Object Repo/New Registration - Registration Module Pages/Form 2/EmploymentStartDate Pop Up' is clicked on

2018-10-20 18:36:52 - [MESSAGE][PASSED] - Object: 'Object Repository/Final Object Repo/New Registration - Registration Module Pages/Form 2/EmploymentStartDate Pop Up' is clicked on

2018-10-20 18:36:52 - [TEST_STEP][PASSED] - delay: Delayed 2 second(s)

2018-10-20 18:36:54 - [MESSAGE][PASSED] - Delayed 2 second(s)

2018-10-20 18:36:54 - [TEST_STEP][PASSED] - click: Object: 'Object Repository/Final Object Repo/New Registration - Registration Module Pages/Form 2/Socso Employment StartDate Month' is clicked on

2018-10-20 18:36:55 - [MESSAGE][PASSED] - Object: 'Object Repository/Final Object Repo/New Registration - Registration Module Pages/Form 2/Socso Employment StartDate Month' is clicked on

2018-10-20 18:36:55 - [TEST_STEP][PASSED] - delay: Delayed 1 second(s)

2018-10-20 18:36:56 - [MESSAGE][PASSED] - Delayed 1 second(s)

2018-10-20 18:36:56 - [TEST_STEP][PASSED] - click: Object: 'Object Repository/Final Object Repo/New Registration - Registration Module Pages/Form 2/Select Socso Employement Startdate Month' is clicked on

2018-10-20 18:36:56 - [MESSAGE][PASSED] - Object: 'Object Repository/Final Object Repo/New Registration - Registration Module Pages/Form 2/Select Socso Employement Startdate Month' is clicked on

2018-10-20 18:36:56 - [TEST_STEP][PASSED] - delay: Delayed 2 second(s)

2018-10-20 18:36:58 - [MESSAGE][PASSED] - Delayed 2 second(s)

2018-10-20 18:36:58 - [TEST_STEP][PASSED] - click: Object: 'Object Repository/Final Object Repo/New Registration - Registration Module Pages/Form 2/Socso Employment StartDate Year' is clicked on

2018-10-20 18:36:58 - [MESSAGE][PASSED] - Object: 'Object Repository/Final Object Repo/New Registration - Registration Module Pages/Form 2/Socso Employment StartDate Year' is clicked on

2018-10-20 18:36:58 - [TEST_STEP][PASSED] - delay: Delayed 1 second(s)

2018-10-20 18:36:59 - [MESSAGE][PASSED] - Delayed 1 second(s)

2018-10-20 18:36:59 - [TEST_STEP][PASSED] - click: Object: 'Object Repository/Final Object Repo/New Registration - Registration Module Pages/Form 2/Select Socso Employment Startdate Year' is clicked on

2018-10-20 18:36:59 - [MESSAGE][PASSED] - Object: 'Object Repository/Final Object Repo/New Registration - Registration Module Pages/Form 2/Select Socso Employment Startdate Year' is clicked on

2018-10-20 18:36:59 - [TEST_STEP][PASSED] - delay: Delayed 2 second(s)

2018-10-20 18:37:01 - [MESSAGE][PASSED] - Delayed 2 second(s)

2018-10-20 18:37:01 - [TEST_STEP][PASSED] - click: Object: 'Object Repository/Final Object Repo/New Registration - Registration Module Pages/Form 2/Socso Employment Start Date Day' is clicked on

2018-10-20 18:37:01 - [MESSAGE][PASSED] - Object: 'Object Repository/Final Object Repo/New Registration - Registration Module Pages/Form 2/Socso Employment Start Date Day' is clicked on

2018-10-20 18:37:01 - [TEST_STEP][PASSED] - delay: Delayed 2 second(s)

2018-10-20 18:37:03 - [MESSAGE][PASSED] - Delayed 2 second(s)

2018-10-20 18:37:03 - [TEST_STEP][PASSED] - click: Object: 'Object Repository/Final Object Repo/New Registration - Registration Module Pages/Form 2/Save Button for Add Employee' is clicked on

2018-10-20 18:37:04 - [MESSAGE][PASSED] - Object: 'Object Repository/Final Object Repo/New Registration - Registration Module Pages/Form 2/Save Button for Add Employee' is clicked on

2018-10-20 18:37:04 - [TEST_STEP][PASSED] - delay: Delayed 6 second(s)

2018-10-20 18:37:10 - [MESSAGE][PASSED] - Delayed 6 second(s)

2018-10-20 18:37:10 - [TEST_STEP][PASSED] - click: Object: 'Object Repository/Final Object Repo/New Registration - Registration Module Pages/Form 2/Save and Continue Form 2' is clicked on

2018-10-20 18:37:10 - [MESSAGE][PASSED] - Object: 'Object Repository/Final Object Repo/New Registration - Registration Module Pages/Form 2/Save and Continue Form 2' is clicked on

2018-10-20 18:37:10 - [MESSAGE][PASSED] - Call Test Case 'Test Cases/Final Aug 2018 - PKS Automation/Registration Module/New Registration/Form 2/Add 1 Eligible' successfully

2018-10-20 18:37:10 - [TEST_STEP][FAILED] - callTestCase: Unable to call Test Case with id 'Test Cases/Final Aug 2018 - PKS Automation/Registration Module/New Registration/Flow of New Registration/Third Screen - Upload Supporting Doc - Preview' (Root cause: Call Test Case 'Test Cases/Final Aug 2018 - PKS Automation/Registration Module/New Registration/Flow of New Registration/Third Screen - Upload Supporting Doc - Preview' failed)

2018-10-20 18:37:10 - [TEST_CASE][FAILED] - Test Cases/Final Aug 2018 - PKS Automation/Registration Module/New Registration/Flow of New Registration/Third Screen - Upload Supporting Doc - Preview: Test Cases/Final Aug 2018 - PKS Automation/Registration Module/New Registration/Flow of New Registration/Third Screen - Upload Supporting Doc - Preview FAILED because (of) (Stack trace: com.kms.katalon.core.exception.StepFailedException: Unable to click on object 'Object Repository/Final Object Repo/New Registration - Registration Module Pages/Third Screen - Upload Supporting Doc- Preview/Select to Upload Borang SIP 2' (Root cause: org.openqa.selenium.WebDriverException: unknown error: Element <span>...</span> is not clickable at point (151, 567). Other element would receive the click: <li class="select2-results__option" id="select2-_newreg_WAR_registrationportlet_objdocTypeId-result-6708-134" role="treeitem" aria-selected="false">...</li>
  (Session info: chrome=69.0.3497.100)
  (Driver info: chromedriver=2.35.528161 (5b82f2d2aae0ca24b877009200ced9065a772e73),platform=Windows NT 6.1.7601 SP1 x86_64) (WARNING: The server did not provide any stacktrace information)
Command duration or timeout: 0 milliseconds
Build info: version: '3.7.1', revision: '8a0099a', time: '2017-11-06T21:07:36.161Z'
System info: host: 'WEIZHENG', ip: '192.168.137.1', os.name: 'Windows 7', os.arch: 'amd64', os.version: '6.1', java.version: '1.8.0_181'
Driver info: com.kms.katalon.selenium.driver.CChromeDriver
Capabilities {acceptInsecureCerts: false, acceptSslCerts: false, applicationCacheEnabled: false, browserConnectionEnabled: false, browserName: chrome, chrome: {chromedriverVersion: 2.35.528161 (5b82f2d2aae0ca..., userDataDir: C:\Users\WEIZHE~1\AppData\L...}, cssSelectorsEnabled: true, databaseEnabled: false, handlesAlerts: true, hasTouchScreen: false, javascriptEnabled: true, locationContextEnabled: true, mobileEmulationEnabled: false, nativeEvents: true, networkConnectionEnabled: false, pageLoadStrategy: normal, platform: XP, platformName: XP, rotatable: false, setWindowRect: true, takesHeapSnapshot: true, takesScreenshot: true, unexpectedAlertBehaviour: , unhandledPromptBehavior: , version: 69.0.3497.100, webStorageEnabled: true}
Session ID: 519cf5501a3e4f36230cb5db07e8bb22)
	at com.kms.katalon.core.keyword.internal.KeywordMain.stepFailed(KeywordMain.groovy:32)
	at com.kms.katalon.core.webui.keyword.internal.WebUIKeywordMain.stepFailed(WebUIKeywordMain.groovy:65)
	at com.kms.katalon.core.webui.keyword.internal.WebUIKeywordMain.runKeyword(WebUIKeywordMain.groovy:27)
	at com.kms.katalon.core.webui.keyword.builtin.ClickKeyword.click(ClickKeyword.groovy:86)
	at com.kms.katalon.core.webui.keyword.builtin.ClickKeyword.execute(ClickKeyword.groovy:67)
	at com.kms.katalon.core.keyword.internal.KeywordExecutor.executeKeywordForPlatform(KeywordExecutor.groovy:53)
	at com.kms.katalon.core.webui.keyword.WebUiBuiltInKeywords.click(WebUiBuiltInKeywords.groovy:616)
	at com.kms.katalon.core.webui.keyword.WebUiBuiltInKeywords$click$2.call(Unknown Source)
	at Script1534409664094.run(Script1534409664094.groovy:104)
	at com.kms.katalon.core.main.ScriptEngine.run(ScriptEngine.java:183)
	at com.kms.katalon.core.main.ScriptEngine.runScriptAsRawText(ScriptEngine.java:108)
	at com.kms.katalon.core.main.TestCaseExecutor.runScript(TestCaseExecutor.java:294)
	at com.kms.katalon.core.main.TestCaseExecutor.doExecute(TestCaseExecutor.java:285)
	at com.kms.katalon.core.main.TestCaseExecutor.processExecutionPhase(TestCaseExecutor.java:264)
	at com.kms.katalon.core.main.TestCaseExecutor.accessMainPhase(TestCaseExecutor.java:256)
	at com.kms.katalon.core.main.TestCaseExecutor.execute(TestCaseExecutor.java:200)
	at com.kms.katalon.core.main.TestCaseMain.runTestCase(TestCaseMain.java:99)
	at com.kms.katalon.core.keyword.builtin.CallTestCaseKeyword$_callTestCase_closure1.doCall(CallTestCaseKeyword.groovy:60)
	at com.kms.katalon.core.keyword.builtin.CallTestCaseKeyword$_callTestCase_closure1.call(CallTestCaseKeyword.groovy)
	at com.kms.katalon.core.keyword.internal.KeywordMain.runKeyword(KeywordMain.groovy:54)
	at com.kms.katalon.core.keyword.builtin.CallTestCaseKeyword.callTestCase(CallTestCaseKeyword.groovy:81)
	at com.kms.katalon.core.keyword.builtin.CallTestCaseKeyword.execute(CallTestCaseKeyword.groovy:45)
	at com.kms.katalon.core.keyword.internal.KeywordExecutor.executeKeywordForPlatform(KeywordExecutor.groovy:53)
	at com.kms.katalon.core.keyword.BuiltinKeywords.callTestCase(BuiltinKeywords.groovy:334)
	at sun.reflect.GeneratedMethodAccessor13.invoke(Unknown Source)
	at sun.reflect.DelegatingMethodAccessorImpl.invoke(DelegatingMethodAccessorImpl.java:43)
	at java.lang.reflect.Method.invoke(Method.java:498)
	at org.codehaus.groovy.reflection.CachedMethod.invoke(CachedMethod.java:93)
	at groovy.lang.MetaMethod.doMethodInvoke(MetaMethod.java:325)
	at groovy.lang.MetaClassImpl.invokeStaticMethod(MetaClassImpl.java:1469)
	at org.codehaus.groovy.runtime.callsite.StaticMetaClassSite.call(StaticMetaClassSite.java:53)
	at org.codehaus.groovy.runtime.callsite.AbstractCallSite.call(AbstractCallSite.java:141)
	at Script1536051799273.run(Script1536051799273.groovy:28)
	at com.kms.katalon.core.main.ScriptEngine.run(ScriptEngine.java:183)
	at com.kms.katalon.core.main.ScriptEngine.runScriptAsRawText(ScriptEngine.java:108)
	at com.kms.katalon.core.main.TestCaseExecutor.runScript(TestCaseExecutor.java:294)
	at com.kms.katalon.core.main.TestCaseExecutor.doExecute(TestCaseExecutor.java:285)
	at com.kms.katalon.core.main.TestCaseExecutor.processExecutionPhase(TestCaseExecutor.java:264)
	at com.kms.katalon.core.main.TestCaseExecutor.accessMainPhase(TestCaseExecutor.java:256)
	at com.kms.katalon.core.main.TestCaseExecutor.execute(TestCaseExecutor.java:200)
	at com.kms.katalon.core.main.TestCaseMain.runTestCase(TestCaseMain.java:99)
	at com.kms.katalon.core.keyword.builtin.CallTestCaseKeyword$_callTestCase_closure1.doCall(CallTestCaseKeyword.groovy:60)
	at com.kms.katalon.core.keyword.builtin.CallTestCaseKeyword$_callTestCase_closure1.call(CallTestCaseKeyword.groovy)
	at com.kms.katalon.core.keyword.internal.KeywordMain.runKeyword(KeywordMain.groovy:54)
	at com.kms.katalon.core.keyword.builtin.CallTestCaseKeyword.callTestCase(CallTestCaseKeyword.groovy:81)
	at com.kms.katalon.core.keyword.builtin.CallTestCaseKeyword.execute(CallTestCaseKeyword.groovy:45)
	at com.kms.katalon.core.keyword.internal.KeywordExecutor.executeKeywordForPlatform(KeywordExecutor.groovy:53)
	at com.kms.katalon.core.keyword.BuiltinKeywords.callTestCase(BuiltinKeywords.groovy:334)
	at sun.reflect.GeneratedMethodAccessor13.invoke(Unknown Source)
	at sun.reflect.DelegatingMethodAccessorImpl.invoke(DelegatingMethodAccessorImpl.java:43)
	at java.lang.reflect.Method.invoke(Method.java:498)
	at org.codehaus.groovy.reflection.CachedMethod.invoke(CachedMethod.java:93)
	at groovy.lang.MetaMethod.doMethodInvoke(MetaMethod.java:325)
	at groovy.lang.MetaClassImpl.invokeStaticMethod(MetaClassImpl.java:1469)
	at org.codehaus.groovy.runtime.callsite.StaticMetaClassSite.call(StaticMetaClassSite.java:53)
	at org.codehaus.groovy.runtime.callsite.CallSiteArray.defaultCall(CallSiteArray.java:48)
	at org.codehaus.groovy.runtime.callsite.AbstractCallSite.call(AbstractCallSite.java:113)
	at org.codehaus.groovy.runtime.callsite.AbstractCallSite.call(AbstractCallSite.java:141)
	at Script1536201277272.run(Script1536201277272.groovy:15)
	at com.kms.katalon.core.main.ScriptEngine.run(ScriptEngine.java:183)
	at com.kms.katalon.core.main.ScriptEngine.runScriptAsRawText(ScriptEngine.java:108)
	at com.kms.katalon.core.main.TestCaseExecutor.runScript(TestCaseExecutor.java:294)
	at com.kms.katalon.core.main.TestCaseExecutor.doExecute(TestCaseExecutor.java:285)
	at com.kms.katalon.core.main.TestCaseExecutor.processExecutionPhase(TestCaseExecutor.java:264)
	at com.kms.katalon.core.main.TestCaseExecutor.accessMainPhase(TestCaseExecutor.java:256)
	at com.kms.katalon.core.main.TestCaseExecutor.execute(TestCaseExecutor.java:200)
	at com.kms.katalon.core.main.TestSuiteExecutor.accessTestCaseMainPhase(TestSuiteExecutor.java:129)
	at com.kms.katalon.core.main.TestSuiteExecutor.accessTestSuiteMainPhase(TestSuiteExecutor.java:112)
	at com.kms.katalon.core.main.TestSuiteExecutor.execute(TestSuiteExecutor.java:81)
	at com.kms.katalon.core.main.TestCaseMain.startTestSuite(TestCaseMain.java:142)
	at com.kms.katalon.core.main.TestCaseMain$startTestSuite$0.call(Unknown Source)
	at org.codehaus.groovy.runtime.callsite.CallSiteArray.defaultCall(CallSiteArray.java:48)
	at org.codehaus.groovy.runtime.callsite.AbstractCallSite.call(AbstractCallSite.java:113)
	at org.codehaus.groovy.runtime.callsite.AbstractCallSite.call(AbstractCallSite.java:141)
	at TempTestSuite1540012262067.run(TempTestSuite1540012262067.groovy:36)
	at groovy.lang.GroovyShell.runScriptOrMainOrTestOrRunnable(GroovyShell.java:263)
	at groovy.lang.GroovyShell.run(GroovyShell.java:518)
	at groovy.lang.GroovyShell.run(GroovyShell.java:507)
	at groovy.ui.GroovyMain.processOnce(GroovyMain.java:653)
	at groovy.ui.GroovyMain.run(GroovyMain.java:384)
	at groovy.ui.GroovyMain.process(GroovyMain.java:370)
	at groovy.ui.GroovyMain.processArgs(GroovyMain.java:129)
	at groovy.ui.GroovyMain.main(GroovyMain.java:109)
	at sun.reflect.NativeMethodAccessorImpl.invoke0(Native Method)
	at sun.reflect.NativeMethodAccessorImpl.invoke(NativeMethodAccessorImpl.java:62)
	at sun.reflect.DelegatingMethodAccessorImpl.invoke(DelegatingMethodAccessorImpl.java:43)
	at java.lang.reflect.Method.invoke(Method.java:498)
	at org.codehaus.groovy.tools.GroovyStarter.rootLoader(GroovyStarter.java:109)
	at org.codehaus.groovy.tools.GroovyStarter.main(GroovyStarter.java:131)
)

2018-10-20 18:37:10 - [TEST_STEP][PASSED] - waitForPageLoad: Wait for page load successfully

2018-10-20 18:37:10 - [MESSAGE][PASSED] - Wait for page load successfully

2018-10-20 18:37:10 - [TEST_STEP][PASSED] - Statement - CaseReferenceNo = com.kms.katalon.core.webui.keyword.WebUiBuiltInKeywords.getText(com.kms.katalon.core.testobject.ObjectRepository.findTestObject(Final Object Repo/New Registration - Registration Module Pages/Third Screen - Upload Supporting Doc- Preview/RefNo Acquiring)): Text of object 'Object Repository/Final Object Repo/New Registration - Registration Module Pages/Third Screen - Upload Supporting Doc- Preview/RefNo Acquiring' is: 'CRN10201800122310'

2018-10-20 18:37:11 - [MESSAGE][PASSED] - Text of object 'Object Repository/Final Object Repo/New Registration - Registration Module Pages/Third Screen - Upload Supporting Doc- Preview/RefNo Acquiring' is: 'CRN10201800122310'

2018-10-20 18:37:11 - [TEST_STEP][PASSED] - delay: Delayed 2 second(s)

2018-10-20 18:37:13 - [MESSAGE][PASSED] - Delayed 2 second(s)

2018-10-20 18:37:13 - [TEST_STEP][PASSED] - callTestCase: Call Test Case 'Test Cases/Final Aug 2018 - PKS Automation/Common/Reference Number Setter' successfully

2018-10-20 18:37:13 - [TEST_CASE][PASSED] - Test Cases/Final Aug 2018 - PKS Automation/Common/Reference Number Setter: Test Cases/Final Aug 2018 - PKS Automation/Common/Reference Number Setter

2018-10-20 18:37:13 - [TEST_STEP][PASSED] - Statement - RefNoOldFile = new java.io.File(C://KatalonReference.txt): null

2018-10-20 18:37:13 - [TEST_STEP][PASSED] - Statement - RefNoOldFile.delete(): null

2018-10-20 18:37:13 - [TEST_STEP][PASSED] - Statement - RefNo = new java.io.File(C://KatalonReference.txt): null

2018-10-20 18:37:13 - [TEST_STEP][PASSED] - Statement - RefNo.append(CaseReferenceNo): null

2018-10-20 18:37:13 - [TEST_STEP][PASSED] - Statement - out.println("


" + CaseReferenceNo + "


"): null

2018-10-20 18:37:13 - [MESSAGE][PASSED] - Call Test Case 'Test Cases/Final Aug 2018 - PKS Automation/Common/Reference Number Setter' successfully

2018-10-20 18:37:13 - [TEST_STEP][PASSED] - waitForElementClickable: Object 'Object Repository/Final Object Repo/New Registration - Registration Module Pages/Third Screen - Upload Supporting Doc- Preview/Save n Continue in SIP Employee Listing Page' is clickable

2018-10-20 18:37:13 - [MESSAGE][PASSED] - Object 'Object Repository/Final Object Repo/New Registration - Registration Module Pages/Third Screen - Upload Supporting Doc- Preview/Save n Continue in SIP Employee Listing Page' is clickable

2018-10-20 18:37:13 - [TEST_STEP][PASSED] - click: Object: 'Object Repository/Final Object Repo/New Registration - Registration Module Pages/Third Screen - Upload Supporting Doc- Preview/Save n Continue in SIP Employee Listing Page' is clicked on

2018-10-20 18:37:18 - [MESSAGE][PASSED] - Object: 'Object Repository/Final Object Repo/New Registration - Registration Module Pages/Third Screen - Upload Supporting Doc- Preview/Save n Continue in SIP Employee Listing Page' is clicked on

2018-10-20 18:37:18 - [TEST_STEP][PASSED] - delay: Delayed 6 second(s)

2018-10-20 18:37:24 - [MESSAGE][PASSED] - Delayed 6 second(s)

2018-10-20 18:37:24 - [TEST_STEP][PASSED] - click: Object: 'Object Repository/Final Object Repo/New Registration - Registration Module Pages/Third Screen - Upload Supporting Doc- Preview/Add Document Button' is clicked on

2018-10-20 18:37:25 - [MESSAGE][PASSED] - Object: 'Object Repository/Final Object Repo/New Registration - Registration Module Pages/Third Screen - Upload Supporting Doc- Preview/Add Document Button' is clicked on

2018-10-20 18:37:25 - [TEST_STEP][PASSED] - delay: Delayed 30 second(s)

2018-10-20 18:37:55 - [MESSAGE][PASSED] - Delayed 30 second(s)

2018-10-20 18:37:55 - [TEST_STEP][PASSED] - click: Object: 'Object Repository/Final Object Repo/New Registration - Registration Module Pages/Third Screen - Upload Supporting Doc- Preview/Supporting Doc Please Select Drop Down' is clicked on

2018-10-20 18:37:55 - [MESSAGE][PASSED] - Object: 'Object Repository/Final Object Repo/New Registration - Registration Module Pages/Third Screen - Upload Supporting Doc- Preview/Supporting Doc Please Select Drop Down' is clicked on

2018-10-20 18:37:55 - [TEST_STEP][PASSED] - delay: Delayed 2 second(s)

2018-10-20 18:37:57 - [MESSAGE][PASSED] - Delayed 2 second(s)

2018-10-20 18:37:57 - [TEST_STEP][PASSED] - click: Object: 'Object Repository/Final Object Repo/New Registration - Registration Module Pages/Third Screen - Upload Supporting Doc- Preview/Select to Upload Form 1' is clicked on

2018-10-20 18:37:57 - [MESSAGE][PASSED] - Object: 'Object Repository/Final Object Repo/New Registration - Registration Module Pages/Third Screen - Upload Supporting Doc- Preview/Select to Upload Form 1' is clicked on

2018-10-20 18:37:57 - [TEST_STEP][PASSED] - delay: Delayed 2 second(s)

2018-10-20 18:37:59 - [MESSAGE][PASSED] - Delayed 2 second(s)

2018-10-20 18:37:59 - [TEST_STEP][PASSED] - uploadFile: File 'C:\Users\Public\Pictures\Sample Pictures\Act.jpg' sent to object: 'Object Repository/Final Object Repo/New Registration - Registration Module Pages/Third Screen - Upload Supporting Doc- Preview/Upload File Adding'

2018-10-20 18:37:59 - [MESSAGE][PASSED] - File 'C:\Users\Public\Pictures\Sample Pictures\Act.jpg' sent to object: 'Object Repository/Final Object Repo/New Registration - Registration Module Pages/Third Screen - Upload Supporting Doc- Preview/Upload File Adding'

2018-10-20 18:37:59 - [TEST_STEP][PASSED] - delay: Delayed 5 second(s)

2018-10-20 18:38:04 - [MESSAGE][PASSED] - Delayed 5 second(s)

2018-10-20 18:38:04 - [TEST_STEP][PASSED] - click: Object: 'Object Repository/Final Object Repo/New Registration - Registration Module Pages/Third Screen - Upload Supporting Doc- Preview/Inner Form Add Document Button' is clicked on

2018-10-20 18:38:04 - [MESSAGE][PASSED] - Object: 'Object Repository/Final Object Repo/New Registration - Registration Module Pages/Third Screen - Upload Supporting Doc- Preview/Inner Form Add Document Button' is clicked on

2018-10-20 18:38:04 - [TEST_STEP][PASSED] - delay: Delayed 3 second(s)

2018-10-20 18:38:07 - [MESSAGE][PASSED] - Delayed 3 second(s)

2018-10-20 18:38:07 - [TEST_STEP][PASSED] - click: Object: 'Object Repository/Final Object Repo/New Registration - Registration Module Pages/Third Screen - Upload Supporting Doc- Preview/Add Document Button' is clicked on

2018-10-20 18:38:10 - [MESSAGE][PASSED] - Object: 'Object Repository/Final Object Repo/New Registration - Registration Module Pages/Third Screen - Upload Supporting Doc- Preview/Add Document Button' is clicked on

2018-10-20 18:38:10 - [TEST_STEP][PASSED] - delay: Delayed 30 second(s)

2018-10-20 18:38:40 - [MESSAGE][PASSED] - Delayed 30 second(s)

2018-10-20 18:38:40 - [TEST_STEP][PASSED] - click: Object: 'Object Repository/Final Object Repo/New Registration - Registration Module Pages/Third Screen - Upload Supporting Doc- Preview/Supporting Doc Please Select Drop Down' is clicked on

2018-10-20 18:38:40 - [MESSAGE][PASSED] - Object: 'Object Repository/Final Object Repo/New Registration - Registration Module Pages/Third Screen - Upload Supporting Doc- Preview/Supporting Doc Please Select Drop Down' is clicked on

2018-10-20 18:38:40 - [TEST_STEP][PASSED] - delay: Delayed 2 second(s)

2018-10-20 18:38:42 - [MESSAGE][PASSED] - Delayed 2 second(s)

2018-10-20 18:38:42 - [TEST_STEP][PASSED] - click: Object: 'Object Repository/Final Object Repo/New Registration - Registration Module Pages/Third Screen - Upload Supporting Doc- Preview/Select to Upload Form 2' is clicked on

2018-10-20 18:38:42 - [MESSAGE][PASSED] - Object: 'Object Repository/Final Object Repo/New Registration - Registration Module Pages/Third Screen - Upload Supporting Doc- Preview/Select to Upload Form 2' is clicked on

2018-10-20 18:38:42 - [TEST_STEP][PASSED] - delay: Delayed 2 second(s)

2018-10-20 18:38:44 - [MESSAGE][PASSED] - Delayed 2 second(s)

2018-10-20 18:38:44 - [TEST_STEP][PASSED] - uploadFile: File 'C:\Users\Public\Pictures\Sample Pictures\Act.jpg' sent to object: 'Object Repository/Final Object Repo/New Registration - Registration Module Pages/Third Screen - Upload Supporting Doc- Preview/Upload File Adding'

2018-10-20 18:38:44 - [MESSAGE][PASSED] - File 'C:\Users\Public\Pictures\Sample Pictures\Act.jpg' sent to object: 'Object Repository/Final Object Repo/New Registration - Registration Module Pages/Third Screen - Upload Supporting Doc- Preview/Upload File Adding'

2018-10-20 18:38:44 - [TEST_STEP][PASSED] - click: Object: 'Object Repository/Final Object Repo/New Registration - Registration Module Pages/Third Screen - Upload Supporting Doc- Preview/Inner Form Add Document Button' is clicked on

2018-10-20 18:38:45 - [MESSAGE][PASSED] - Object: 'Object Repository/Final Object Repo/New Registration - Registration Module Pages/Third Screen - Upload Supporting Doc- Preview/Inner Form Add Document Button' is clicked on

2018-10-20 18:38:45 - [TEST_STEP][PASSED] - delay: Delayed 4 second(s)

2018-10-20 18:38:49 - [MESSAGE][PASSED] - Delayed 4 second(s)

2018-10-20 18:38:49 - [TEST_STEP][PASSED] - click: Object: 'Object Repository/Final Object Repo/New Registration - Registration Module Pages/Third Screen - Upload Supporting Doc- Preview/Add Document Button' is clicked on

2018-10-20 18:38:50 - [MESSAGE][PASSED] - Object: 'Object Repository/Final Object Repo/New Registration - Registration Module Pages/Third Screen - Upload Supporting Doc- Preview/Add Document Button' is clicked on

2018-10-20 18:38:50 - [TEST_STEP][PASSED] - delay: Delayed 30 second(s)

2018-10-20 18:39:20 - [MESSAGE][PASSED] - Delayed 30 second(s)

2018-10-20 18:39:20 - [TEST_STEP][PASSED] - click: Object: 'Object Repository/Final Object Repo/New Registration - Registration Module Pages/Third Screen - Upload Supporting Doc- Preview/Supporting Doc Please Select Drop Down' is clicked on

2018-10-20 18:39:20 - [MESSAGE][PASSED] - Object: 'Object Repository/Final Object Repo/New Registration - Registration Module Pages/Third Screen - Upload Supporting Doc- Preview/Supporting Doc Please Select Drop Down' is clicked on

2018-10-20 18:39:20 - [TEST_STEP][PASSED] - click: Object: 'Object Repository/Final Object Repo/New Registration - Registration Module Pages/Third Screen - Upload Supporting Doc- Preview/Select to Upload Borang SIP 1' is clicked on

2018-10-20 18:39:20 - [MESSAGE][PASSED] - Object: 'Object Repository/Final Object Repo/New Registration - Registration Module Pages/Third Screen - Upload Supporting Doc- Preview/Select to Upload Borang SIP 1' is clicked on

2018-10-20 18:39:20 - [TEST_STEP][PASSED] - delay: Delayed 2 second(s)

2018-10-20 18:39:22 - [MESSAGE][PASSED] - Delayed 2 second(s)

2018-10-20 18:39:22 - [TEST_STEP][PASSED] - uploadFile: File 'C:\Users\Public\Pictures\Sample Pictures\Act.jpg' sent to object: 'Object Repository/Final Object Repo/New Registration - Registration Module Pages/Third Screen - Upload Supporting Doc- Preview/Upload File Adding'

2018-10-20 18:39:22 - [MESSAGE][PASSED] - File 'C:\Users\Public\Pictures\Sample Pictures\Act.jpg' sent to object: 'Object Repository/Final Object Repo/New Registration - Registration Module Pages/Third Screen - Upload Supporting Doc- Preview/Upload File Adding'

2018-10-20 18:39:22 - [TEST_STEP][PASSED] - click: Object: 'Object Repository/Final Object Repo/New Registration - Registration Module Pages/Third Screen - Upload Supporting Doc- Preview/Inner Form Add Document Button' is clicked on

2018-10-20 18:39:23 - [MESSAGE][PASSED] - Object: 'Object Repository/Final Object Repo/New Registration - Registration Module Pages/Third Screen - Upload Supporting Doc- Preview/Inner Form Add Document Button' is clicked on

2018-10-20 18:39:23 - [TEST_STEP][PASSED] - delay: Delayed 5 second(s)

2018-10-20 18:39:28 - [MESSAGE][PASSED] - Delayed 5 second(s)

2018-10-20 18:39:28 - [TEST_STEP][PASSED] - click: Object: 'Object Repository/Final Object Repo/New Registration - Registration Module Pages/Third Screen - Upload Supporting Doc- Preview/Add Document Button' is clicked on

2018-10-20 18:39:28 - [MESSAGE][PASSED] - Object: 'Object Repository/Final Object Repo/New Registration - Registration Module Pages/Third Screen - Upload Supporting Doc- Preview/Add Document Button' is clicked on

2018-10-20 18:39:28 - [TEST_STEP][PASSED] - delay: Delayed 30 second(s)

2018-10-20 18:39:58 - [MESSAGE][PASSED] - Delayed 30 second(s)

2018-10-20 18:39:58 - [TEST_STEP][PASSED] - click: Object: 'Object Repository/Final Object Repo/New Registration - Registration Module Pages/Third Screen - Upload Supporting Doc- Preview/Supporting Doc Please Select Drop Down' is clicked on

2018-10-20 18:39:58 - [MESSAGE][PASSED] - Object: 'Object Repository/Final Object Repo/New Registration - Registration Module Pages/Third Screen - Upload Supporting Doc- Preview/Supporting Doc Please Select Drop Down' is clicked on

2018-10-20 18:39:58 - [TEST_STEP][PASSED] - delay: Delayed 3 second(s)

2018-10-20 18:40:01 - [MESSAGE][PASSED] - Delayed 3 second(s)

2018-10-20 18:40:01 - [TEST_STEP][FAILED] - click: Unable to click on object 'Object Repository/Final Object Repo/New Registration - Registration Module Pages/Third Screen - Upload Supporting Doc- Preview/Select to Upload Borang SIP 2' (Root cause: org.openqa.selenium.WebDriverException: unknown error: Element <span>...</span> is not clickable at point (151, 567). Other element would receive the click: <li class="select2-results__option" id="select2-_newreg_WAR_registrationportlet_objdocTypeId-result-6708-134" role="treeitem" aria-selected="false">...</li>
  (Session info: chrome=69.0.3497.100)
  (Driver info: chromedriver=2.35.528161 (5b82f2d2aae0ca24b877009200ced9065a772e73),platform=Windows NT 6.1.7601 SP1 x86_64) (WARNING: The server did not provide any stacktrace information)
Command duration or timeout: 0 milliseconds
Build info: version: '3.7.1', revision: '8a0099a', time: '2017-11-06T21:07:36.161Z'
System info: host: 'WEIZHENG', ip: '192.168.137.1', os.name: 'Windows 7', os.arch: 'amd64', os.version: '6.1', java.version: '1.8.0_181'
Driver info: com.kms.katalon.selenium.driver.CChromeDriver
Capabilities {acceptInsecureCerts: false, acceptSslCerts: false, applicationCacheEnabled: false, browserConnectionEnabled: false, browserName: chrome, chrome: {chromedriverVersion: 2.35.528161 (5b82f2d2aae0ca..., userDataDir: C:\Users\WEIZHE~1\AppData\L...}, cssSelectorsEnabled: true, databaseEnabled: false, handlesAlerts: true, hasTouchScreen: false, javascriptEnabled: true, locationContextEnabled: true, mobileEmulationEnabled: false, nativeEvents: true, networkConnectionEnabled: false, pageLoadStrategy: normal, platform: XP, platformName: XP, rotatable: false, setWindowRect: true, takesHeapSnapshot: true, takesScreenshot: true, unexpectedAlertBehaviour: , unhandledPromptBehavior: , version: 69.0.3497.100, webStorageEnabled: true}
Session ID: 519cf5501a3e4f36230cb5db07e8bb22)

2018-10-20 18:40:02 - [MESSAGE][FAILED] - Unable to click on object 'Object Repository/Final Object Repo/New Registration - Registration Module Pages/Third Screen - Upload Supporting Doc- Preview/Select to Upload Borang SIP 2' (Root cause: org.openqa.selenium.WebDriverException: unknown error: Element <span>...</span> is not clickable at point (151, 567). Other element would receive the click: <li class="select2-results__option" id="select2-_newreg_WAR_registrationportlet_objdocTypeId-result-6708-134" role="treeitem" aria-selected="false">...</li>
  (Session info: chrome=69.0.3497.100)
  (Driver info: chromedriver=2.35.528161 (5b82f2d2aae0ca24b877009200ced9065a772e73),platform=Windows NT 6.1.7601 SP1 x86_64) (WARNING: The server did not provide any stacktrace information)
Command duration or timeout: 0 milliseconds
Build info: version: '3.7.1', revision: '8a0099a', time: '2017-11-06T21:07:36.161Z'
System info: host: 'WEIZHENG', ip: '192.168.137.1', os.name: 'Windows 7', os.arch: 'amd64', os.version: '6.1', java.version: '1.8.0_181'
Driver info: com.kms.katalon.selenium.driver.CChromeDriver
Capabilities {acceptInsecureCerts: false, acceptSslCerts: false, applicationCacheEnabled: false, browserConnectionEnabled: false, browserName: chrome, chrome: {chromedriverVersion: 2.35.528161 (5b82f2d2aae0ca..., userDataDir: C:\Users\WEIZHE~1\AppData\L...}, cssSelectorsEnabled: true, databaseEnabled: false, handlesAlerts: true, hasTouchScreen: false, javascriptEnabled: true, locationContextEnabled: true, mobileEmulationEnabled: false, nativeEvents: true, networkConnectionEnabled: false, pageLoadStrategy: normal, platform: XP, platformName: XP, rotatable: false, setWindowRect: true, takesHeapSnapshot: true, takesScreenshot: true, unexpectedAlertBehaviour: , unhandledPromptBehavior: , version: 69.0.3497.100, webStorageEnabled: true}
Session ID: 519cf5501a3e4f36230cb5db07e8bb22)
[[ATTACHMENT|C:\\Users\\LENOVO\\Katalon Studio\\Perkeso Phase A\\Reports\\Workflow\\Update Add New Employee\\20181020_131102\\1540032001824.png]]

2018-10-20 18:40:02 - [TEST_STEP][PASSED] - delay: Delayed 2 second(s)

2018-10-20 18:40:04 - [MESSAGE][PASSED] - Delayed 2 second(s)

2018-10-20 18:40:04 - [TEST_STEP][PASSED] - uploadFile: File 'C:\Users\Public\Pictures\Sample Pictures\Act.jpg' sent to object: 'Object Repository/Final Object Repo/New Registration - Registration Module Pages/Third Screen - Upload Supporting Doc- Preview/Upload File Adding'

2018-10-20 18:40:04 - [MESSAGE][PASSED] - File 'C:\Users\Public\Pictures\Sample Pictures\Act.jpg' sent to object: 'Object Repository/Final Object Repo/New Registration - Registration Module Pages/Third Screen - Upload Supporting Doc- Preview/Upload File Adding'

2018-10-20 18:40:04 - [TEST_STEP][PASSED] - delay: Delayed 5 second(s)

2018-10-20 18:40:09 - [MESSAGE][PASSED] - Delayed 5 second(s)

2018-10-20 18:40:09 - [TEST_STEP][FAILED] - click: Unable to click on object 'Object Repository/Final Object Repo/New Registration - Registration Module Pages/Third Screen - Upload Supporting Doc- Preview/Inner Form Add Document Button' (Root cause: org.openqa.selenium.WebDriverException: unknown error: Element <a validatesubmit="" href="https://assist2-uat.perkeso.gov.my/web/registration/registration?p_auth=39YrV5Hg&amp;p_p_id=newreg_WAR_registrationportlet&amp;p_p_lifecycle=1&amp;p_p_state=exclusive&amp;p_p_mode=view&amp;_newreg_WAR_registrationportlet_redirect=https%3A%2F%2Fassist2-uat.perkeso.gov.my%2Fweb%2Fregistration%2Fregistration%3Fp_p_id%3Dnewreg_WAR_registrationportlet%26p_p_lifecycle%3D0%26p_p_state%3Dnormal%26p_p_mode%3Dview%26p_p_col_id%3Dcolumn-1%26p_p_col_count%3D1%26_newreg_WAR_registrationportlet_browserIdKey%3D1540031758082%26_newreg_WAR_registrationportlet_jspPage%3D%2Fapps%2Freg%2Fcommon%2Fcommon_supporting_doc_form.jsp%26_newreg_WAR_registrationportlet_regViewKey%3D17&amp;_newreg_WAR_registrationportlet_javax.portlet.action=exeAction&amp;_newreg_WAR_registrationportlet_mvcPath=%2Fapps%2Freg%2Fcommon%2Fcommon_supporting_doc_form.jsp&amp;_newreg_WAR_registrationportlet_browserIdKey=1540031758082&amp;_newreg_WAR_registrationportlet_cmd=saveSuppDocFileId&amp;_newreg_WAR_registrationportlet_regViewKey=17" class="btn btn-lg blueBtn col-md-2 pull-right" formid="_newreg_WAR_registrationportlet_uploadDocForm" targets="baseMsgDivId">...</a> is not clickable at point (851, 547). Other element would receive the click: <div class="contentWrap" id="yui_patched_v3_11_0_1_1540031967877_409">...</div>
  (Session info: chrome=69.0.3497.100)
  (Driver info: chromedriver=2.35.528161 (5b82f2d2aae0ca24b877009200ced9065a772e73),platform=Windows NT 6.1.7601 SP1 x86_64) (WARNING: The server did not provide any stacktrace information)
Command duration or timeout: 0 milliseconds
Build info: version: '3.7.1', revision: '8a0099a', time: '2017-11-06T21:07:36.161Z'
System info: host: 'WEIZHENG', ip: '192.168.137.1', os.name: 'Windows 7', os.arch: 'amd64', os.version: '6.1', java.version: '1.8.0_181'
Driver info: com.kms.katalon.selenium.driver.CChromeDriver
Capabilities {acceptInsecureCerts: false, acceptSslCerts: false, applicationCacheEnabled: false, browserConnectionEnabled: false, browserName: chrome, chrome: {chromedriverVersion: 2.35.528161 (5b82f2d2aae0ca..., userDataDir: C:\Users\WEIZHE~1\AppData\L...}, cssSelectorsEnabled: true, databaseEnabled: false, handlesAlerts: true, hasTouchScreen: false, javascriptEnabled: true, locationContextEnabled: true, mobileEmulationEnabled: false, nativeEvents: true, networkConnectionEnabled: false, pageLoadStrategy: normal, platform: XP, platformName: XP, rotatable: false, setWindowRect: true, takesHeapSnapshot: true, takesScreenshot: true, unexpectedAlertBehaviour: , unhandledPromptBehavior: , version: 69.0.3497.100, webStorageEnabled: true}
Session ID: 519cf5501a3e4f36230cb5db07e8bb22)

2018-10-20 18:40:09 - [MESSAGE][FAILED] - Unable to click on object 'Object Repository/Final Object Repo/New Registration - Registration Module Pages/Third Screen - Upload Supporting Doc- Preview/Inner Form Add Document Button' (Root cause: org.openqa.selenium.WebDriverException: unknown error: Element <a validatesubmit="" href="https://assist2-uat.perkeso.gov.my/web/registration/registration?p_auth=39YrV5Hg&amp;p_p_id=newreg_WAR_registrationportlet&amp;p_p_lifecycle=1&amp;p_p_state=exclusive&amp;p_p_mode=view&amp;_newreg_WAR_registrationportlet_redirect=https%3A%2F%2Fassist2-uat.perkeso.gov.my%2Fweb%2Fregistration%2Fregistration%3Fp_p_id%3Dnewreg_WAR_registrationportlet%26p_p_lifecycle%3D0%26p_p_state%3Dnormal%26p_p_mode%3Dview%26p_p_col_id%3Dcolumn-1%26p_p_col_count%3D1%26_newreg_WAR_registrationportlet_browserIdKey%3D1540031758082%26_newreg_WAR_registrationportlet_jspPage%3D%2Fapps%2Freg%2Fcommon%2Fcommon_supporting_doc_form.jsp%26_newreg_WAR_registrationportlet_regViewKey%3D17&amp;_newreg_WAR_registrationportlet_javax.portlet.action=exeAction&amp;_newreg_WAR_registrationportlet_mvcPath=%2Fapps%2Freg%2Fcommon%2Fcommon_supporting_doc_form.jsp&amp;_newreg_WAR_registrationportlet_browserIdKey=1540031758082&amp;_newreg_WAR_registrationportlet_cmd=saveSuppDocFileId&amp;_newreg_WAR_registrationportlet_regViewKey=17" class="btn btn-lg blueBtn col-md-2 pull-right" formid="_newreg_WAR_registrationportlet_uploadDocForm" targets="baseMsgDivId">...</a> is not clickable at point (851, 547). Other element would receive the click: <div class="contentWrap" id="yui_patched_v3_11_0_1_1540031967877_409">...</div>
  (Session info: chrome=69.0.3497.100)
  (Driver info: chromedriver=2.35.528161 (5b82f2d2aae0ca24b877009200ced9065a772e73),platform=Windows NT 6.1.7601 SP1 x86_64) (WARNING: The server did not provide any stacktrace information)
Command duration or timeout: 0 milliseconds
Build info: version: '3.7.1', revision: '8a0099a', time: '2017-11-06T21:07:36.161Z'
System info: host: 'WEIZHENG', ip: '192.168.137.1', os.name: 'Windows 7', os.arch: 'amd64', os.version: '6.1', java.version: '1.8.0_181'
Driver info: com.kms.katalon.selenium.driver.CChromeDriver
Capabilities {acceptInsecureCerts: false, acceptSslCerts: false, applicationCacheEnabled: false, browserConnectionEnabled: false, browserName: chrome, chrome: {chromedriverVersion: 2.35.528161 (5b82f2d2aae0ca..., userDataDir: C:\Users\WEIZHE~1\AppData\L...}, cssSelectorsEnabled: true, databaseEnabled: false, handlesAlerts: true, hasTouchScreen: false, javascriptEnabled: true, locationContextEnabled: true, mobileEmulationEnabled: false, nativeEvents: true, networkConnectionEnabled: false, pageLoadStrategy: normal, platform: XP, platformName: XP, rotatable: false, setWindowRect: true, takesHeapSnapshot: true, takesScreenshot: true, unexpectedAlertBehaviour: , unhandledPromptBehavior: , version: 69.0.3497.100, webStorageEnabled: true}
Session ID: 519cf5501a3e4f36230cb5db07e8bb22)
[[ATTACHMENT|C:\\Users\\LENOVO\\Katalon Studio\\Perkeso Phase A\\Reports\\Workflow\\Update Add New Employee\\20181020_131102\\1540032009393.png]]

2018-10-20 18:40:09 - [TEST_STEP][PASSED] - delay: Delayed 3 second(s)

2018-10-20 18:40:12 - [MESSAGE][PASSED] - Delayed 3 second(s)

2018-10-20 18:40:12 - [TEST_STEP][PASSED] - waitForElementClickable: Object 'Object Repository/Final Object Repo/New Registration - Registration Module Pages/Third Screen - Upload Supporting Doc- Preview/Save n Continue in Uploading Supporting Doc Page' is clickable

2018-10-20 18:40:12 - [MESSAGE][PASSED] - Object 'Object Repository/Final Object Repo/New Registration - Registration Module Pages/Third Screen - Upload Supporting Doc- Preview/Save n Continue in Uploading Supporting Doc Page' is clickable

2018-10-20 18:40:12 - [TEST_STEP][FAILED] - click: Unable to click on object 'Object Repository/Final Object Repo/New Registration - Registration Module Pages/Third Screen - Upload Supporting Doc- Preview/Save n Continue in Uploading Supporting Doc Page' (Root cause: org.openqa.selenium.ElementNotVisibleException: element not visible
  (Session info: chrome=69.0.3497.100)
  (Driver info: chromedriver=2.35.528161 (5b82f2d2aae0ca24b877009200ced9065a772e73),platform=Windows NT 6.1.7601 SP1 x86_64) (WARNING: The server did not provide any stacktrace information)
Command duration or timeout: 0 milliseconds
Build info: version: '3.7.1', revision: '8a0099a', time: '2017-11-06T21:07:36.161Z'
System info: host: 'WEIZHENG', ip: '192.168.137.1', os.name: 'Windows 7', os.arch: 'amd64', os.version: '6.1', java.version: '1.8.0_181'
Driver info: com.kms.katalon.selenium.driver.CChromeDriver
Capabilities {acceptInsecureCerts: false, acceptSslCerts: false, applicationCacheEnabled: false, browserConnectionEnabled: false, browserName: chrome, chrome: {chromedriverVersion: 2.35.528161 (5b82f2d2aae0ca..., userDataDir: C:\Users\WEIZHE~1\AppData\L...}, cssSelectorsEnabled: true, databaseEnabled: false, handlesAlerts: true, hasTouchScreen: false, javascriptEnabled: true, locationContextEnabled: true, mobileEmulationEnabled: false, nativeEvents: true, networkConnectionEnabled: false, pageLoadStrategy: normal, platform: XP, platformName: XP, rotatable: false, setWindowRect: true, takesHeapSnapshot: true, takesScreenshot: true, unexpectedAlertBehaviour: , unhandledPromptBehavior: , version: 69.0.3497.100, webStorageEnabled: true}
Session ID: 519cf5501a3e4f36230cb5db07e8bb22)

2018-10-20 18:40:13 - [MESSAGE][FAILED] - Unable to click on object 'Object Repository/Final Object Repo/New Registration - Registration Module Pages/Third Screen - Upload Supporting Doc- Preview/Save n Continue in Uploading Supporting Doc Page' (Root cause: org.openqa.selenium.ElementNotVisibleException: element not visible
  (Session info: chrome=69.0.3497.100)
  (Driver info: chromedriver=2.35.528161 (5b82f2d2aae0ca24b877009200ced9065a772e73),platform=Windows NT 6.1.7601 SP1 x86_64) (WARNING: The server did not provide any stacktrace information)
Command duration or timeout: 0 milliseconds
Build info: version: '3.7.1', revision: '8a0099a', time: '2017-11-06T21:07:36.161Z'
System info: host: 'WEIZHENG', ip: '192.168.137.1', os.name: 'Windows 7', os.arch: 'amd64', os.version: '6.1', java.version: '1.8.0_181'
Driver info: com.kms.katalon.selenium.driver.CChromeDriver
Capabilities {acceptInsecureCerts: false, acceptSslCerts: false, applicationCacheEnabled: false, browserConnectionEnabled: false, browserName: chrome, chrome: {chromedriverVersion: 2.35.528161 (5b82f2d2aae0ca..., userDataDir: C:\Users\WEIZHE~1\AppData\L...}, cssSelectorsEnabled: true, databaseEnabled: false, handlesAlerts: true, hasTouchScreen: false, javascriptEnabled: true, locationContextEnabled: true, mobileEmulationEnabled: false, nativeEvents: true, networkConnectionEnabled: false, pageLoadStrategy: normal, platform: XP, platformName: XP, rotatable: false, setWindowRect: true, takesHeapSnapshot: true, takesScreenshot: true, unexpectedAlertBehaviour: , unhandledPromptBehavior: , version: 69.0.3497.100, webStorageEnabled: true}
Session ID: 519cf5501a3e4f36230cb5db07e8bb22)
[[ATTACHMENT|C:\\Users\\LENOVO\\Katalon Studio\\Perkeso Phase A\\Reports\\Workflow\\Update Add New Employee\\20181020_131102\\1540032012845.png]]

2018-10-20 18:40:13 - [MESSAGE][FAILED] - Unable to call Test Case with id 'Test Cases/Final Aug 2018 - PKS Automation/Registration Module/New Registration/Flow of New Registration/Third Screen - Upload Supporting Doc - Preview' (Root cause: Call Test Case 'Test Cases/Final Aug 2018 - PKS Automation/Registration Module/New Registration/Flow of New Registration/Third Screen - Upload Supporting Doc - Preview' failed)

2018-10-20 18:40:13 - [MESSAGE][FAILED] - Unable to call Test Case with id 'Test Cases/Final Aug 2018 - PKS Automation/Registration Module/Workflow/Update Add New Employee/Template/New Company for Update Add New' (Root cause: Call Test Case 'Test Cases/Final Aug 2018 - PKS Automation/Registration Module/Workflow/Update Add New Employee/Template/New Company for Update Add New' failed)]]></system-out>
         <system-err><![CDATA[2018-10-20 18:35:44 - [TEST_CASE][FAILED] - Test Cases/Final Aug 2018 - PKS Automation/Registration Module/Workflow/Update Add New Employee/Special Case (OTC - RO Query - OTC Upload Pending Case - RO Approve): Test Cases/Final Aug 2018 - PKS Automation/Registration Module/Workflow/Update Add New Employee/Special Case (OTC - RO Query - OTC Upload Pending Case - RO Approve) FAILED because (of) (Stack trace: com.kms.katalon.core.exception.StepFailedException: Unable to click on object 'Object Repository/Final Object Repo/New Registration - Registration Module Pages/Third Screen - Upload Supporting Doc- Preview/Select to Upload Borang SIP 2' (Root cause: org.openqa.selenium.WebDriverException: unknown error: Element <span>...</span> is not clickable at point (151, 567). Other element would receive the click: <li class="select2-results__option" id="select2-_newreg_WAR_registrationportlet_objdocTypeId-result-6708-134" role="treeitem" aria-selected="false">...</li>
  (Session info: chrome=69.0.3497.100)
  (Driver info: chromedriver=2.35.528161 (5b82f2d2aae0ca24b877009200ced9065a772e73),platform=Windows NT 6.1.7601 SP1 x86_64) (WARNING: The server did not provide any stacktrace information)
Command duration or timeout: 0 milliseconds
Build info: version: '3.7.1', revision: '8a0099a', time: '2017-11-06T21:07:36.161Z'
System info: host: 'WEIZHENG', ip: '192.168.137.1', os.name: 'Windows 7', os.arch: 'amd64', os.version: '6.1', java.version: '1.8.0_181'
Driver info: com.kms.katalon.selenium.driver.CChromeDriver
Capabilities {acceptInsecureCerts: false, acceptSslCerts: false, applicationCacheEnabled: false, browserConnectionEnabled: false, browserName: chrome, chrome: {chromedriverVersion: 2.35.528161 (5b82f2d2aae0ca..., userDataDir: C:\Users\WEIZHE~1\AppData\L...}, cssSelectorsEnabled: true, databaseEnabled: false, handlesAlerts: true, hasTouchScreen: false, javascriptEnabled: true, locationContextEnabled: true, mobileEmulationEnabled: false, nativeEvents: true, networkConnectionEnabled: false, pageLoadStrategy: normal, platform: XP, platformName: XP, rotatable: false, setWindowRect: true, takesHeapSnapshot: true, takesScreenshot: true, unexpectedAlertBehaviour: , unhandledPromptBehavior: , version: 69.0.3497.100, webStorageEnabled: true}
Session ID: 519cf5501a3e4f36230cb5db07e8bb22)
	at com.kms.katalon.core.keyword.internal.KeywordMain.stepFailed(KeywordMain.groovy:32)
	at com.kms.katalon.core.webui.keyword.internal.WebUIKeywordMain.stepFailed(WebUIKeywordMain.groovy:65)
	at com.kms.katalon.core.webui.keyword.internal.WebUIKeywordMain.runKeyword(WebUIKeywordMain.groovy:27)
	at com.kms.katalon.core.webui.keyword.builtin.ClickKeyword.click(ClickKeyword.groovy:86)
	at com.kms.katalon.core.webui.keyword.builtin.ClickKeyword.execute(ClickKeyword.groovy:67)
	at com.kms.katalon.core.keyword.internal.KeywordExecutor.executeKeywordForPlatform(KeywordExecutor.groovy:53)
	at com.kms.katalon.core.webui.keyword.WebUiBuiltInKeywords.click(WebUiBuiltInKeywords.groovy:616)
	at com.kms.katalon.core.webui.keyword.WebUiBuiltInKeywords$click$2.call(Unknown Source)
	at Script1534409664094.run(Script1534409664094.groovy:104)
	at com.kms.katalon.core.main.ScriptEngine.run(ScriptEngine.java:183)
	at com.kms.katalon.core.main.ScriptEngine.runScriptAsRawText(ScriptEngine.java:108)
	at com.kms.katalon.core.main.TestCaseExecutor.runScript(TestCaseExecutor.java:294)
	at com.kms.katalon.core.main.TestCaseExecutor.doExecute(TestCaseExecutor.java:285)
	at com.kms.katalon.core.main.TestCaseExecutor.processExecutionPhase(TestCaseExecutor.java:264)
	at com.kms.katalon.core.main.TestCaseExecutor.accessMainPhase(TestCaseExecutor.java:256)
	at com.kms.katalon.core.main.TestCaseExecutor.execute(TestCaseExecutor.java:200)
	at com.kms.katalon.core.main.TestCaseMain.runTestCase(TestCaseMain.java:99)
	at com.kms.katalon.core.keyword.builtin.CallTestCaseKeyword$_callTestCase_closure1.doCall(CallTestCaseKeyword.groovy:60)
	at com.kms.katalon.core.keyword.builtin.CallTestCaseKeyword$_callTestCase_closure1.call(CallTestCaseKeyword.groovy)
	at com.kms.katalon.core.keyword.internal.KeywordMain.runKeyword(KeywordMain.groovy:54)
	at com.kms.katalon.core.keyword.builtin.CallTestCaseKeyword.callTestCase(CallTestCaseKeyword.groovy:81)
	at com.kms.katalon.core.keyword.builtin.CallTestCaseKeyword.execute(CallTestCaseKeyword.groovy:45)
	at com.kms.katalon.core.keyword.internal.KeywordExecutor.executeKeywordForPlatform(KeywordExecutor.groovy:53)
	at com.kms.katalon.core.keyword.BuiltinKeywords.callTestCase(BuiltinKeywords.groovy:334)
	at sun.reflect.GeneratedMethodAccessor13.invoke(Unknown Source)
	at sun.reflect.DelegatingMethodAccessorImpl.invoke(DelegatingMethodAccessorImpl.java:43)
	at java.lang.reflect.Method.invoke(Method.java:498)
	at org.codehaus.groovy.reflection.CachedMethod.invoke(CachedMethod.java:93)
	at groovy.lang.MetaMethod.doMethodInvoke(MetaMethod.java:325)
	at groovy.lang.MetaClassImpl.invokeStaticMethod(MetaClassImpl.java:1469)
	at org.codehaus.groovy.runtime.callsite.StaticMetaClassSite.call(StaticMetaClassSite.java:53)
	at org.codehaus.groovy.runtime.callsite.AbstractCallSite.call(AbstractCallSite.java:141)
	at Script1536051799273.run(Script1536051799273.groovy:28)
	at com.kms.katalon.core.main.ScriptEngine.run(ScriptEngine.java:183)
	at com.kms.katalon.core.main.ScriptEngine.runScriptAsRawText(ScriptEngine.java:108)
	at com.kms.katalon.core.main.TestCaseExecutor.runScript(TestCaseExecutor.java:294)
	at com.kms.katalon.core.main.TestCaseExecutor.doExecute(TestCaseExecutor.java:285)
	at com.kms.katalon.core.main.TestCaseExecutor.processExecutionPhase(TestCaseExecutor.java:264)
	at com.kms.katalon.core.main.TestCaseExecutor.accessMainPhase(TestCaseExecutor.java:256)
	at com.kms.katalon.core.main.TestCaseExecutor.execute(TestCaseExecutor.java:200)
	at com.kms.katalon.core.main.TestCaseMain.runTestCase(TestCaseMain.java:99)
	at com.kms.katalon.core.keyword.builtin.CallTestCaseKeyword$_callTestCase_closure1.doCall(CallTestCaseKeyword.groovy:60)
	at com.kms.katalon.core.keyword.builtin.CallTestCaseKeyword$_callTestCase_closure1.call(CallTestCaseKeyword.groovy)
	at com.kms.katalon.core.keyword.internal.KeywordMain.runKeyword(KeywordMain.groovy:54)
	at com.kms.katalon.core.keyword.builtin.CallTestCaseKeyword.callTestCase(CallTestCaseKeyword.groovy:81)
	at com.kms.katalon.core.keyword.builtin.CallTestCaseKeyword.execute(CallTestCaseKeyword.groovy:45)
	at com.kms.katalon.core.keyword.internal.KeywordExecutor.executeKeywordForPlatform(KeywordExecutor.groovy:53)
	at com.kms.katalon.core.keyword.BuiltinKeywords.callTestCase(BuiltinKeywords.groovy:334)
	at sun.reflect.GeneratedMethodAccessor13.invoke(Unknown Source)
	at sun.reflect.DelegatingMethodAccessorImpl.invoke(DelegatingMethodAccessorImpl.java:43)
	at java.lang.reflect.Method.invoke(Method.java:498)
	at org.codehaus.groovy.reflection.CachedMethod.invoke(CachedMethod.java:93)
	at groovy.lang.MetaMethod.doMethodInvoke(MetaMethod.java:325)
	at groovy.lang.MetaClassImpl.invokeStaticMethod(MetaClassImpl.java:1469)
	at org.codehaus.groovy.runtime.callsite.StaticMetaClassSite.call(StaticMetaClassSite.java:53)
	at org.codehaus.groovy.runtime.callsite.CallSiteArray.defaultCall(CallSiteArray.java:48)
	at org.codehaus.groovy.runtime.callsite.AbstractCallSite.call(AbstractCallSite.java:113)
	at org.codehaus.groovy.runtime.callsite.AbstractCallSite.call(AbstractCallSite.java:141)
	at Script1536201277272.run(Script1536201277272.groovy:15)
	at com.kms.katalon.core.main.ScriptEngine.run(ScriptEngine.java:183)
	at com.kms.katalon.core.main.ScriptEngine.runScriptAsRawText(ScriptEngine.java:108)
	at com.kms.katalon.core.main.TestCaseExecutor.runScript(TestCaseExecutor.java:294)
	at com.kms.katalon.core.main.TestCaseExecutor.doExecute(TestCaseExecutor.java:285)
	at com.kms.katalon.core.main.TestCaseExecutor.processExecutionPhase(TestCaseExecutor.java:264)
	at com.kms.katalon.core.main.TestCaseExecutor.accessMainPhase(TestCaseExecutor.java:256)
	at com.kms.katalon.core.main.TestCaseExecutor.execute(TestCaseExecutor.java:200)
	at com.kms.katalon.core.main.TestSuiteExecutor.accessTestCaseMainPhase(TestSuiteExecutor.java:129)
	at com.kms.katalon.core.main.TestSuiteExecutor.accessTestSuiteMainPhase(TestSuiteExecutor.java:112)
	at com.kms.katalon.core.main.TestSuiteExecutor.execute(TestSuiteExecutor.java:81)
	at com.kms.katalon.core.main.TestCaseMain.startTestSuite(TestCaseMain.java:142)
	at com.kms.katalon.core.main.TestCaseMain$startTestSuite$0.call(Unknown Source)
	at org.codehaus.groovy.runtime.callsite.CallSiteArray.defaultCall(CallSiteArray.java:48)
	at org.codehaus.groovy.runtime.callsite.AbstractCallSite.call(AbstractCallSite.java:113)
	at org.codehaus.groovy.runtime.callsite.AbstractCallSite.call(AbstractCallSite.java:141)
	at TempTestSuite1540012262067.run(TempTestSuite1540012262067.groovy:36)
	at groovy.lang.GroovyShell.runScriptOrMainOrTestOrRunnable(GroovyShell.java:263)
	at groovy.lang.GroovyShell.run(GroovyShell.java:518)
	at groovy.lang.GroovyShell.run(GroovyShell.java:507)
	at groovy.ui.GroovyMain.processOnce(GroovyMain.java:653)
	at groovy.ui.GroovyMain.run(GroovyMain.java:384)
	at groovy.ui.GroovyMain.process(GroovyMain.java:370)
	at groovy.ui.GroovyMain.processArgs(GroovyMain.java:129)
	at groovy.ui.GroovyMain.main(GroovyMain.java:109)
	at sun.reflect.NativeMethodAccessorImpl.invoke0(Native Method)
	at sun.reflect.NativeMethodAccessorImpl.invoke(NativeMethodAccessorImpl.java:62)
	at sun.reflect.DelegatingMethodAccessorImpl.invoke(DelegatingMethodAccessorImpl.java:43)
	at java.lang.reflect.Method.invoke(Method.java:498)
	at org.codehaus.groovy.tools.GroovyStarter.rootLoader(GroovyStarter.java:109)
	at org.codehaus.groovy.tools.GroovyStarter.main(GroovyStarter.java:131)
)]]></system-err>
      </testcase>
      <testcase name="Test Cases/Final Aug 2018 - PKS Automation/Registration Module/Workflow/Update Add New Employee/Special Case (OTC - RO Under Enforcement)" classname="Test Cases/Final Aug 2018 - PKS Automation/Registration Module/Workflow/Update Add New Employee/Special Case (OTC - RO Under Enforcement)" status="FAILED">
         <failure type="FAILED" message="(Stack trace: com.kms.katalon.core.exception.StepFailedException: Unable to click on object 'Object Repository/Final Object Repo/Landing Page/Select to English' (Root cause: com.kms.katalon.core.webui.exception.WebElementNotFoundException: Web element with id: 'Object Repository/Final Object Repo/Landing Page/Select to English' located by 'By.xpath: //a[@class = 'taglib-language-list-text' and @lang = 'en-US' and (contains(text(), 'EN') or contains(., 'EN'))]' not found)
	at com.kms.katalon.core.keyword.internal.KeywordMain.stepFailed(KeywordMain.groovy:32)
	at com.kms.katalon.core.webui.keyword.internal.WebUIKeywordMain.stepFailed(WebUIKeywordMain.groovy:65)
	at com.kms.katalon.core.webui.keyword.internal.WebUIKeywordMain.runKeyword(WebUIKeywordMain.groovy:27)
	at com.kms.katalon.core.webui.keyword.builtin.ClickKeyword.click(ClickKeyword.groovy:86)
	at com.kms.katalon.core.webui.keyword.builtin.ClickKeyword.execute(ClickKeyword.groovy:67)
	at com.kms.katalon.core.keyword.internal.KeywordExecutor.executeKeywordForPlatform(KeywordExecutor.groovy:53)
	at com.kms.katalon.core.webui.keyword.WebUiBuiltInKeywords.click(WebUiBuiltInKeywords.groovy:604)
	at com.kms.katalon.core.webui.keyword.WebUiBuiltInKeywords$click$6.call(Unknown Source)
	at org.codehaus.groovy.runtime.callsite.CallSiteArray.defaultCall(CallSiteArray.java:48)
	at org.codehaus.groovy.runtime.callsite.AbstractCallSite.call(AbstractCallSite.java:113)
	at org.codehaus.groovy.runtime.callsite.AbstractCallSite.call(AbstractCallSite.java:133)
	at Script1536200585960.run(Script1536200585960.groovy:47)
	at com.kms.katalon.core.main.ScriptEngine.run(ScriptEngine.java:183)
	at com.kms.katalon.core.main.ScriptEngine.runScriptAsRawText(ScriptEngine.java:108)
	at com.kms.katalon.core.main.TestCaseExecutor.runScript(TestCaseExecutor.java:294)
	at com.kms.katalon.core.main.TestCaseExecutor.doExecute(TestCaseExecutor.java:285)
	at com.kms.katalon.core.main.TestCaseExecutor.processExecutionPhase(TestCaseExecutor.java:264)
	at com.kms.katalon.core.main.TestCaseExecutor.accessMainPhase(TestCaseExecutor.java:256)
	at com.kms.katalon.core.main.TestCaseExecutor.execute(TestCaseExecutor.java:200)
	at com.kms.katalon.core.main.TestSuiteExecutor.accessTestCaseMainPhase(TestSuiteExecutor.java:129)
	at com.kms.katalon.core.main.TestSuiteExecutor.accessTestSuiteMainPhase(TestSuiteExecutor.java:112)
	at com.kms.katalon.core.main.TestSuiteExecutor.execute(TestSuiteExecutor.java:81)
	at com.kms.katalon.core.main.TestCaseMain.startTestSuite(TestCaseMain.java:142)
	at com.kms.katalon.core.main.TestCaseMain$startTestSuite$0.call(Unknown Source)
	at org.codehaus.groovy.runtime.callsite.CallSiteArray.defaultCall(CallSiteArray.java:48)
	at org.codehaus.groovy.runtime.callsite.AbstractCallSite.call(AbstractCallSite.java:113)
	at org.codehaus.groovy.runtime.callsite.AbstractCallSite.call(AbstractCallSite.java:141)
	at TempTestSuite1540012262067.run(TempTestSuite1540012262067.groovy:36)
	at groovy.lang.GroovyShell.runScriptOrMainOrTestOrRunnable(GroovyShell.java:263)
	at groovy.lang.GroovyShell.run(GroovyShell.java:518)
	at groovy.lang.GroovyShell.run(GroovyShell.java:507)
	at groovy.ui.GroovyMain.processOnce(GroovyMain.java:653)
	at groovy.ui.GroovyMain.run(GroovyMain.java:384)
	at groovy.ui.GroovyMain.process(GroovyMain.java:370)
	at groovy.ui.GroovyMain.processArgs(GroovyMain.java:129)
	at groovy.ui.GroovyMain.main(GroovyMain.java:109)
	at sun.reflect.NativeMethodAccessorImpl.invoke0(Native Method)
	at sun.reflect.NativeMethodAccessorImpl.invoke(NativeMethodAccessorImpl.java:62)
	at sun.reflect.DelegatingMethodAccessorImpl.invoke(DelegatingMethodAccessorImpl.java:43)
	at java.lang.reflect.Method.invoke(Method.java:498)
	at org.codehaus.groovy.tools.GroovyStarter.rootLoader(GroovyStarter.java:109)
	at org.codehaus.groovy.tools.GroovyStarter.main(GroovyStarter.java:131)
)"/>
         <system-out><![CDATA[2018-10-20 18:40:13 - [TEST_CASE][FAILED] - Test Cases/Final Aug 2018 - PKS Automation/Registration Module/Workflow/Update Add New Employee/Special Case (OTC - RO Under Enforcement): Test Cases/Final Aug 2018 - PKS Automation/Registration Module/Workflow/Update Add New Employee/Special Case (OTC - RO Under Enforcement) FAILED because (of) (Stack trace: com.kms.katalon.core.exception.StepFailedException: Unable to click on object 'Object Repository/Final Object Repo/Landing Page/Select to English' (Root cause: com.kms.katalon.core.webui.exception.WebElementNotFoundException: Web element with id: 'Object Repository/Final Object Repo/Landing Page/Select to English' located by 'By.xpath: //a[@class = 'taglib-language-list-text' and @lang = 'en-US' and (contains(text(), 'EN') or contains(., 'EN'))]' not found)
	at com.kms.katalon.core.keyword.internal.KeywordMain.stepFailed(KeywordMain.groovy:32)
	at com.kms.katalon.core.webui.keyword.internal.WebUIKeywordMain.stepFailed(WebUIKeywordMain.groovy:65)
	at com.kms.katalon.core.webui.keyword.internal.WebUIKeywordMain.runKeyword(WebUIKeywordMain.groovy:27)
	at com.kms.katalon.core.webui.keyword.builtin.ClickKeyword.click(ClickKeyword.groovy:86)
	at com.kms.katalon.core.webui.keyword.builtin.ClickKeyword.execute(ClickKeyword.groovy:67)
	at com.kms.katalon.core.keyword.internal.KeywordExecutor.executeKeywordForPlatform(KeywordExecutor.groovy:53)
	at com.kms.katalon.core.webui.keyword.WebUiBuiltInKeywords.click(WebUiBuiltInKeywords.groovy:604)
	at com.kms.katalon.core.webui.keyword.WebUiBuiltInKeywords$click$6.call(Unknown Source)
	at org.codehaus.groovy.runtime.callsite.CallSiteArray.defaultCall(CallSiteArray.java:48)
	at org.codehaus.groovy.runtime.callsite.AbstractCallSite.call(AbstractCallSite.java:113)
	at org.codehaus.groovy.runtime.callsite.AbstractCallSite.call(AbstractCallSite.java:133)
	at Script1536200585960.run(Script1536200585960.groovy:47)
	at com.kms.katalon.core.main.ScriptEngine.run(ScriptEngine.java:183)
	at com.kms.katalon.core.main.ScriptEngine.runScriptAsRawText(ScriptEngine.java:108)
	at com.kms.katalon.core.main.TestCaseExecutor.runScript(TestCaseExecutor.java:294)
	at com.kms.katalon.core.main.TestCaseExecutor.doExecute(TestCaseExecutor.java:285)
	at com.kms.katalon.core.main.TestCaseExecutor.processExecutionPhase(TestCaseExecutor.java:264)
	at com.kms.katalon.core.main.TestCaseExecutor.accessMainPhase(TestCaseExecutor.java:256)
	at com.kms.katalon.core.main.TestCaseExecutor.execute(TestCaseExecutor.java:200)
	at com.kms.katalon.core.main.TestSuiteExecutor.accessTestCaseMainPhase(TestSuiteExecutor.java:129)
	at com.kms.katalon.core.main.TestSuiteExecutor.accessTestSuiteMainPhase(TestSuiteExecutor.java:112)
	at com.kms.katalon.core.main.TestSuiteExecutor.execute(TestSuiteExecutor.java:81)
	at com.kms.katalon.core.main.TestCaseMain.startTestSuite(TestCaseMain.java:142)
	at com.kms.katalon.core.main.TestCaseMain$startTestSuite$0.call(Unknown Source)
	at org.codehaus.groovy.runtime.callsite.CallSiteArray.defaultCall(CallSiteArray.java:48)
	at org.codehaus.groovy.runtime.callsite.AbstractCallSite.call(AbstractCallSite.java:113)
	at org.codehaus.groovy.runtime.callsite.AbstractCallSite.call(AbstractCallSite.java:141)
	at TempTestSuite1540012262067.run(TempTestSuite1540012262067.groovy:36)
	at groovy.lang.GroovyShell.runScriptOrMainOrTestOrRunnable(GroovyShell.java:263)
	at groovy.lang.GroovyShell.run(GroovyShell.java:518)
	at groovy.lang.GroovyShell.run(GroovyShell.java:507)
	at groovy.ui.GroovyMain.processOnce(GroovyMain.java:653)
	at groovy.ui.GroovyMain.run(GroovyMain.java:384)
	at groovy.ui.GroovyMain.process(GroovyMain.java:370)
	at groovy.ui.GroovyMain.processArgs(GroovyMain.java:129)
	at groovy.ui.GroovyMain.main(GroovyMain.java:109)
	at sun.reflect.NativeMethodAccessorImpl.invoke0(Native Method)
	at sun.reflect.NativeMethodAccessorImpl.invoke(NativeMethodAccessorImpl.java:62)
	at sun.reflect.DelegatingMethodAccessorImpl.invoke(DelegatingMethodAccessorImpl.java:43)
	at java.lang.reflect.Method.invoke(Method.java:498)
	at org.codehaus.groovy.tools.GroovyStarter.rootLoader(GroovyStarter.java:109)
	at org.codehaus.groovy.tools.GroovyStarter.main(GroovyStarter.java:131)
)

2018-10-20 18:40:13 - [TEST_STEP][PASSED] - callTestCase: Call Test Case 'Test Cases/Final Aug 2018 - PKS Automation/Registration Module/Workflow/Update Add New Employee/Template/New Company for Update Add New' successfully

2018-10-20 18:40:13 - [TEST_CASE][PASSED] - Test Cases/Final Aug 2018 - PKS Automation/Registration Module/Workflow/Update Add New Employee/Template/New Company for Update Add New: Test Cases/Final Aug 2018 - PKS Automation/Registration Module/Workflow/Update Add New Employee/Template/New Company for Update Add New

2018-10-20 18:40:13 - [TEST_STEP][PASSED] - callTestCase: Call Test Case 'Test Cases/Final Aug 2018 - PKS Automation/Registration Module/New Registration/Form 1/Form 1 - Corporation - BHD' successfully

2018-10-20 18:40:13 - [TEST_CASE][PASSED] - Test Cases/Final Aug 2018 - PKS Automation/Registration Module/New Registration/Form 1/Form 1 - Corporation - BHD: Test Cases/Final Aug 2018 - PKS Automation/Registration Module/New Registration/Form 1/Form 1 - Corporation - BHD

2018-10-20 18:40:13 - [TEST_STEP][PASSED] - openBrowser: Browser is opened with url: ''

2018-10-20 18:40:13 - [MESSAGE][WARNING] - A browser is already opened. Closing browser and opening a new one

2018-10-20 18:40:17 - [MESSAGE][PASSED] - Browser is opened with url: ''

2018-10-20 18:40:17 - [TEST_STEP][PASSED] - navigateToUrl: Navigate to 'https://assist2-uat.perkeso.gov.my/login' successfully

2018-10-20 18:40:19 - [MESSAGE][PASSED] - Navigate to 'https://assist2-uat.perkeso.gov.my/login' successfully

2018-10-20 18:40:19 - [TEST_STEP][PASSED] - setText: Text 'johorotc1@gmail.com' is set on object 'Object Repository/Final Object Repo/Login Page/Internal User/Email Address'

2018-10-20 18:40:19 - [MESSAGE][PASSED] - Text 'johorotc1@gmail.com' is set on object 'Object Repository/Final Object Repo/Login Page/Internal User/Email Address'

2018-10-20 18:40:19 - [TEST_STEP][PASSED] - click: Object: 'Object Repository/Final Object Repo/Login Page/Internal User/Next Button' is clicked on

2018-10-20 18:40:19 - [MESSAGE][PASSED] - Object: 'Object Repository/Final Object Repo/Login Page/Internal User/Next Button' is clicked on

2018-10-20 18:40:19 - [TEST_STEP][PASSED] - delay: Delayed 1 second(s)

2018-10-20 18:40:20 - [MESSAGE][PASSED] - Delayed 1 second(s)

2018-10-20 18:40:20 - [TEST_STEP][PASSED] - setEncryptedText: Text ****** has been set on object 'Object Repository/Final Object Repo/Login Page/Internal User/Password'

2018-10-20 18:40:21 - [MESSAGE][PASSED] - Text ****** has been set on object 'Object Repository/Final Object Repo/Login Page/Internal User/Password'

2018-10-20 18:40:21 - [TEST_STEP][PASSED] - click: Object: 'Object Repository/Final Object Repo/Login Page/Internal User/Login Button' is clicked on

2018-10-20 18:40:21 - [MESSAGE][PASSED] - Object: 'Object Repository/Final Object Repo/Login Page/Internal User/Login Button' is clicked on

2018-10-20 18:40:21 - [TEST_STEP][PASSED] - delay: Delayed 1 second(s)

2018-10-20 18:40:22 - [MESSAGE][PASSED] - Delayed 1 second(s)

2018-10-20 18:40:22 - [TEST_STEP][PASSED] - Statement - Try: Delayed 2 second(s)

2018-10-20 18:40:22 - [TEST_STEP][PASSED] - Statement - Checker = false: null

2018-10-20 18:40:22 - [TEST_STEP][PASSED] - Statement - Checker = com.kms.katalon.core.webui.keyword.WebUiBuiltInKeywords.verifyElementHasAttribute(com.kms.katalon.core.testobject.ObjectRepository.findTestObject(Final Object Repo/Landing Page/BM Detecting), "href", 20, OPTIONAL): Object 'Object Repository/Final Object Repo/Landing Page/BM Detecting' has attribute 'href'

2018-10-20 18:40:23 - [MESSAGE][PASSED] - Object 'Object Repository/Final Object Repo/Landing Page/BM Detecting' has attribute 'href'

2018-10-20 18:40:23 - [TEST_STEP][PASSED] - Statement - out.println(Checker): null

2018-10-20 18:40:23 - [TEST_STEP][PASSED] - Statement - If (Checker == false): null

2018-10-20 18:40:23 - [TEST_STEP][PASSED] - Statement - Else: null

2018-10-20 18:40:23 - [TEST_STEP][PASSED] - delay: Delayed 2 second(s)

2018-10-20 18:40:25 - [MESSAGE][PASSED] - Delayed 2 second(s)

2018-10-20 18:40:25 - [TEST_STEP][PASSED] - navigateToUrl: Navigate to 'https://assist2-uat.perkeso.gov.my/web/registration/registration' successfully

2018-10-20 18:40:27 - [MESSAGE][PASSED] - Navigate to 'https://assist2-uat.perkeso.gov.my/web/registration/registration' successfully

2018-10-20 18:40:27 - [TEST_STEP][PASSED] - click: Object: 'Object Repository/Final Object Repo/New Registration - Registration Module Pages/Form 1/AEC - No' is clicked on

2018-10-20 18:40:27 - [MESSAGE][PASSED] - Object: 'Object Repository/Final Object Repo/New Registration - Registration Module Pages/Form 1/AEC - No' is clicked on

2018-10-20 18:40:27 - [TEST_STEP][PASSED] - click: Object: 'Object Repository/Final Object Repo/New Registration - Registration Module Pages/Form 1/Business Entity' is clicked on

2018-10-20 18:40:27 - [MESSAGE][PASSED] - Object: 'Object Repository/Final Object Repo/New Registration - Registration Module Pages/Form 1/Business Entity' is clicked on

2018-10-20 18:40:27 - [TEST_STEP][PASSED] - click: Object: 'Object Repository/Final Object Repo/New Registration - Registration Module Pages/Form 1/Businees Entity - Corporation' is clicked on

2018-10-20 18:40:28 - [MESSAGE][PASSED] - Object: 'Object Repository/Final Object Repo/New Registration - Registration Module Pages/Form 1/Businees Entity - Corporation' is clicked on

2018-10-20 18:40:28 - [TEST_STEP][PASSED] - delay: Delayed 1 second(s)

2018-10-20 18:40:29 - [MESSAGE][PASSED] - Delayed 1 second(s)

2018-10-20 18:40:29 - [TEST_STEP][PASSED] - click: Object: 'Object Repository/Final Object Repo/New Registration - Registration Module Pages/Form 1/Sub Business Entity' is clicked on

2018-10-20 18:40:29 - [MESSAGE][PASSED] - Object: 'Object Repository/Final Object Repo/New Registration - Registration Module Pages/Form 1/Sub Business Entity' is clicked on

2018-10-20 18:40:29 - [TEST_STEP][PASSED] - click: Object: 'Object Repository/Final Object Repo/New Registration - Registration Module Pages/Form 1/Sub Business Entity - Berhad' is clicked on

2018-10-20 18:40:29 - [MESSAGE][PASSED] - Object: 'Object Repository/Final Object Repo/New Registration - Registration Module Pages/Form 1/Sub Business Entity - Berhad' is clicked on

2018-10-20 18:40:29 - [TEST_STEP][PASSED] - delay: Delayed 1 second(s)

2018-10-20 18:40:30 - [MESSAGE][PASSED] - Delayed 1 second(s)

2018-10-20 18:40:30 - [TEST_STEP][PASSED] - setText: Text '123' is set on object 'Object Repository/Final Object Repo/New Registration - Registration Module Pages/Form 1/Registration Number'

2018-10-20 18:40:30 - [MESSAGE][PASSED] - Text '123' is set on object 'Object Repository/Final Object Repo/New Registration - Registration Module Pages/Form 1/Registration Number'

2018-10-20 18:40:30 - [TEST_STEP][PASSED] - click: Object: 'Object Repository/Final Object Repo/New Registration - Registration Module Pages/Form 1/Registred with SSM - Before Feb' is clicked on

2018-10-20 18:40:30 - [MESSAGE][PASSED] - Object: 'Object Repository/Final Object Repo/New Registration - Registration Module Pages/Form 1/Registred with SSM - Before Feb' is clicked on

2018-10-20 18:40:30 - [TEST_STEP][PASSED] - click: Object: 'Object Repository/Final Object Repo/New Registration - Registration Module Pages/Form 1/Registered As a Branch - Yes' is clicked on

2018-10-20 18:40:31 - [MESSAGE][PASSED] - Object: 'Object Repository/Final Object Repo/New Registration - Registration Module Pages/Form 1/Registered As a Branch - Yes' is clicked on

2018-10-20 18:40:31 - [TEST_STEP][PASSED] - click: Object: 'Object Repository/Final Object Repo/New Registration - Registration Module Pages/Form 1/Acknowledgement' is clicked on

2018-10-20 18:40:31 - [MESSAGE][PASSED] - Object: 'Object Repository/Final Object Repo/New Registration - Registration Module Pages/Form 1/Acknowledgement' is clicked on

2018-10-20 18:40:31 - [TEST_STEP][PASSED] - setText: Text 'perkeso' is set on object 'Object Repository/Final Object Repo/New Registration - Registration Module Pages/Form 1/Industry name'

2018-10-20 18:40:31 - [MESSAGE][PASSED] - Text 'perkeso' is set on object 'Object Repository/Final Object Repo/New Registration - Registration Module Pages/Form 1/Industry name'

2018-10-20 18:40:31 - [TEST_STEP][PASSED] - setText: Text 'perkeso1' is set on object 'Object Repository/Final Object Repo/New Registration - Registration Module Pages/Form 1/Postal Address1'

2018-10-20 18:40:31 - [MESSAGE][PASSED] - Text 'perkeso1' is set on object 'Object Repository/Final Object Repo/New Registration - Registration Module Pages/Form 1/Postal Address1'

2018-10-20 18:40:31 - [TEST_STEP][PASSED] - setText: Text 'perkeso2' is set on object 'Object Repository/Final Object Repo/New Registration - Registration Module Pages/Form 1/Postal Address2'

2018-10-20 18:40:31 - [MESSAGE][PASSED] - Text 'perkeso2' is set on object 'Object Repository/Final Object Repo/New Registration - Registration Module Pages/Form 1/Postal Address2'

2018-10-20 18:40:31 - [TEST_STEP][PASSED] - setText: Text 'perkeso3' is set on object 'Object Repository/Final Object Repo/New Registration - Registration Module Pages/Form 1/Postal Address3'

2018-10-20 18:40:32 - [MESSAGE][PASSED] - Text 'perkeso3' is set on object 'Object Repository/Final Object Repo/New Registration - Registration Module Pages/Form 1/Postal Address3'

2018-10-20 18:40:32 - [TEST_STEP][PASSED] - click: Object: 'Object Repository/Final Object Repo/New Registration - Registration Module Pages/Form 1/State' is clicked on

2018-10-20 18:40:32 - [MESSAGE][PASSED] - Object: 'Object Repository/Final Object Repo/New Registration - Registration Module Pages/Form 1/State' is clicked on

2018-10-20 18:40:32 - [TEST_STEP][PASSED] - click: Object: 'Object Repository/Final Object Repo/New Registration - Registration Module Pages/Form 1/State - Johor' is clicked on

2018-10-20 18:40:32 - [MESSAGE][PASSED] - Object: 'Object Repository/Final Object Repo/New Registration - Registration Module Pages/Form 1/State - Johor' is clicked on

2018-10-20 18:40:32 - [TEST_STEP][PASSED] - delay: Delayed 1 second(s)

2018-10-20 18:40:33 - [MESSAGE][PASSED] - Delayed 1 second(s)

2018-10-20 18:40:33 - [TEST_STEP][PASSED] - click: Object: 'Object Repository/Final Object Repo/New Registration - Registration Module Pages/Form 1/City' is clicked on

2018-10-20 18:40:33 - [MESSAGE][PASSED] - Object: 'Object Repository/Final Object Repo/New Registration - Registration Module Pages/Form 1/City' is clicked on

2018-10-20 18:40:33 - [TEST_STEP][PASSED] - setText: Text 'joh' is set on object 'Object Repository/Final Object Repo/New Registration - Registration Module Pages/Form 1/Postcode - 810'

2018-10-20 18:40:33 - [MESSAGE][PASSED] - Text 'joh' is set on object 'Object Repository/Final Object Repo/New Registration - Registration Module Pages/Form 1/Postcode - 810'

2018-10-20 18:40:33 - [TEST_STEP][PASSED] - delay: Delayed 1 second(s)

2018-10-20 18:40:34 - [MESSAGE][PASSED] - Delayed 1 second(s)

2018-10-20 18:40:34 - [TEST_STEP][PASSED] - click: Object: 'Object Repository/Final Object Repo/New Registration - Registration Module Pages/Form 1/City - Johor Bharu' is clicked on

2018-10-20 18:40:35 - [MESSAGE][PASSED] - Object: 'Object Repository/Final Object Repo/New Registration - Registration Module Pages/Form 1/City - Johor Bharu' is clicked on

2018-10-20 18:40:35 - [TEST_STEP][PASSED] - delay: Delayed 1 second(s)

2018-10-20 18:40:36 - [MESSAGE][PASSED] - Delayed 1 second(s)

2018-10-20 18:40:36 - [TEST_STEP][PASSED] - click: Object: 'Object Repository/Final Object Repo/New Registration - Registration Module Pages/Form 1/Postcode' is clicked on

2018-10-20 18:40:36 - [MESSAGE][PASSED] - Object: 'Object Repository/Final Object Repo/New Registration - Registration Module Pages/Form 1/Postcode' is clicked on

2018-10-20 18:40:36 - [TEST_STEP][PASSED] - delay: Delayed 1 second(s)

2018-10-20 18:40:37 - [MESSAGE][PASSED] - Delayed 1 second(s)

2018-10-20 18:40:37 - [TEST_STEP][PASSED] - setText: Text '810' is set on object 'Object Repository/Final Object Repo/New Registration - Registration Module Pages/Form 1/Postcode - 810'

2018-10-20 18:40:37 - [MESSAGE][PASSED] - Text '810' is set on object 'Object Repository/Final Object Repo/New Registration - Registration Module Pages/Form 1/Postcode - 810'

2018-10-20 18:40:37 - [TEST_STEP][PASSED] - delay: Delayed 3 second(s)

2018-10-20 18:40:40 - [MESSAGE][PASSED] - Delayed 3 second(s)

2018-10-20 18:40:40 - [TEST_STEP][PASSED] - click: Object: 'Object Repository/Final Object Repo/New Registration - Registration Module Pages/Form 1/Postcode - 81000' is clicked on

2018-10-20 18:40:40 - [MESSAGE][PASSED] - Object: 'Object Repository/Final Object Repo/New Registration - Registration Module Pages/Form 1/Postcode - 81000' is clicked on

2018-10-20 18:40:40 - [TEST_STEP][PASSED] - delay: Delayed 1 second(s)

2018-10-20 18:40:41 - [MESSAGE][PASSED] - Delayed 1 second(s)

2018-10-20 18:40:41 - [TEST_STEP][PASSED] - setText: Text '100' is set on object 'Object Repository/Final Object Repo/New Registration - Registration Module Pages/Form 1/P.O.BOX'

2018-10-20 18:40:41 - [MESSAGE][PASSED] - Text '100' is set on object 'Object Repository/Final Object Repo/New Registration - Registration Module Pages/Form 1/P.O.BOX'

2018-10-20 18:40:41 - [TEST_STEP][PASSED] - setText: Text '100' is set on object 'Object Repository/Final Object Repo/New Registration - Registration Module Pages/Form 1/Locked Bag No'

2018-10-20 18:40:42 - [MESSAGE][PASSED] - Text '100' is set on object 'Object Repository/Final Object Repo/New Registration - Registration Module Pages/Form 1/Locked Bag No'

2018-10-20 18:40:42 - [TEST_STEP][PASSED] - click: Object: 'Object Repository/Final Object Repo/New Registration - Registration Module Pages/Form 1/SOCSO Office Location' is clicked on

2018-10-20 18:40:42 - [MESSAGE][PASSED] - Object: 'Object Repository/Final Object Repo/New Registration - Registration Module Pages/Form 1/SOCSO Office Location' is clicked on

2018-10-20 18:40:42 - [TEST_STEP][PASSED] - click: Object: 'Object Repository/Final Object Repo/New Registration - Registration Module Pages/Form 1/SOCSO Office Location - Pejabat PERKESO Negeri Johor' is clicked on

2018-10-20 18:40:42 - [MESSAGE][PASSED] - Object: 'Object Repository/Final Object Repo/New Registration - Registration Module Pages/Form 1/SOCSO Office Location - Pejabat PERKESO Negeri Johor' is clicked on

2018-10-20 18:40:42 - [TEST_STEP][PASSED] - delay: Delayed 1 second(s)

2018-10-20 18:40:43 - [MESSAGE][PASSED] - Delayed 1 second(s)

2018-10-20 18:40:43 - [TEST_STEP][PASSED] - check: Object 'Object Repository/Final Object Repo/New Registration - Registration Module Pages/Form 1/Indusrty Address Same As Postal Address' is checked

2018-10-20 18:40:43 - [MESSAGE][PASSED] - Object 'Object Repository/Final Object Repo/New Registration - Registration Module Pages/Form 1/Indusrty Address Same As Postal Address' is checked

2018-10-20 18:40:43 - [TEST_STEP][PASSED] - delay: Delayed 3 second(s)

2018-10-20 18:40:46 - [MESSAGE][PASSED] - Delayed 3 second(s)

2018-10-20 18:40:46 - [TEST_STEP][PASSED] - click: Object: 'Object Repository/Final Object Repo/New Registration - Registration Module Pages/Form 1/Indusry Address Same As Postal Address False' is clicked on

2018-10-20 18:40:46 - [MESSAGE][PASSED] - Object: 'Object Repository/Final Object Repo/New Registration - Registration Module Pages/Form 1/Indusry Address Same As Postal Address False' is clicked on

2018-10-20 18:40:46 - [TEST_STEP][PASSED] - delay: Delayed 1 second(s)

2018-10-20 18:40:47 - [MESSAGE][PASSED] - Delayed 1 second(s)

2018-10-20 18:40:47 - [TEST_STEP][PASSED] - setText: Text 'perkeso1' is set on object 'Object Repository/Final Object Repo/New Registration - Registration Module Pages/Form 1/Industry Address1'

2018-10-20 18:40:48 - [MESSAGE][PASSED] - Text 'perkeso1' is set on object 'Object Repository/Final Object Repo/New Registration - Registration Module Pages/Form 1/Industry Address1'

2018-10-20 18:40:48 - [TEST_STEP][PASSED] - setText: Text 'perkeso2' is set on object 'Object Repository/Final Object Repo/New Registration - Registration Module Pages/Form 1/Industry Address2'

2018-10-20 18:40:48 - [MESSAGE][PASSED] - Text 'perkeso2' is set on object 'Object Repository/Final Object Repo/New Registration - Registration Module Pages/Form 1/Industry Address2'

2018-10-20 18:40:48 - [TEST_STEP][PASSED] - setText: Text 'perkeso3' is set on object 'Object Repository/Final Object Repo/New Registration - Registration Module Pages/Form 1/Industry Address3'

2018-10-20 18:40:48 - [MESSAGE][PASSED] - Text 'perkeso3' is set on object 'Object Repository/Final Object Repo/New Registration - Registration Module Pages/Form 1/Industry Address3'

2018-10-20 18:40:48 - [TEST_STEP][PASSED] - click: Object: 'Object Repository/Final Object Repo/New Registration - Registration Module Pages/Form 1/Industry State' is clicked on

2018-10-20 18:40:48 - [MESSAGE][PASSED] - Object: 'Object Repository/Final Object Repo/New Registration - Registration Module Pages/Form 1/Industry State' is clicked on

2018-10-20 18:40:48 - [TEST_STEP][PASSED] - delay: Delayed 2 second(s)

2018-10-20 18:40:50 - [MESSAGE][PASSED] - Delayed 2 second(s)

2018-10-20 18:40:50 - [TEST_STEP][PASSED] - click: Object: 'Object Repository/Final Object Repo/New Registration - Registration Module Pages/Form 1/Industry State - Johor' is clicked on

2018-10-20 18:40:50 - [MESSAGE][PASSED] - Object: 'Object Repository/Final Object Repo/New Registration - Registration Module Pages/Form 1/Industry State - Johor' is clicked on

2018-10-20 18:40:50 - [TEST_STEP][PASSED] - delay: Delayed 2 second(s)

2018-10-20 18:40:52 - [MESSAGE][PASSED] - Delayed 2 second(s)

2018-10-20 18:40:52 - [TEST_STEP][PASSED] - click: Object: 'Object Repository/Final Object Repo/New Registration - Registration Module Pages/Form 1/Industry Ciry' is clicked on

2018-10-20 18:40:53 - [MESSAGE][PASSED] - Object: 'Object Repository/Final Object Repo/New Registration - Registration Module Pages/Form 1/Industry Ciry' is clicked on

2018-10-20 18:40:53 - [TEST_STEP][PASSED] - setText: Text 'joh' is set on object 'Object Repository/Final Object Repo/New Registration - Registration Module Pages/Form 1/Industry Ciry - joh'

2018-10-20 18:40:53 - [MESSAGE][PASSED] - Text 'joh' is set on object 'Object Repository/Final Object Repo/New Registration - Registration Module Pages/Form 1/Industry Ciry - joh'

2018-10-20 18:40:53 - [TEST_STEP][PASSED] - delay: Delayed 2 second(s)

2018-10-20 18:40:55 - [MESSAGE][PASSED] - Delayed 2 second(s)

2018-10-20 18:40:55 - [TEST_STEP][PASSED] - click: Object: 'Object Repository/Final Object Repo/New Registration - Registration Module Pages/Form 1/Industy State - Johor Bharu' is clicked on

2018-10-20 18:40:55 - [MESSAGE][PASSED] - Object: 'Object Repository/Final Object Repo/New Registration - Registration Module Pages/Form 1/Industy State - Johor Bharu' is clicked on

2018-10-20 18:40:55 - [TEST_STEP][PASSED] - delay: Delayed 1 second(s)

2018-10-20 18:40:56 - [MESSAGE][PASSED] - Delayed 1 second(s)

2018-10-20 18:40:56 - [TEST_STEP][PASSED] - click: Object: 'Object Repository/Final Object Repo/New Registration - Registration Module Pages/Form 1/Indusry PostCode' is clicked on

2018-10-20 18:40:56 - [MESSAGE][PASSED] - Object: 'Object Repository/Final Object Repo/New Registration - Registration Module Pages/Form 1/Indusry PostCode' is clicked on

2018-10-20 18:40:56 - [TEST_STEP][PASSED] - delay: Delayed 1 second(s)

2018-10-20 18:40:57 - [MESSAGE][PASSED] - Delayed 1 second(s)

2018-10-20 18:40:57 - [TEST_STEP][PASSED] - setText: Text '810' is set on object 'Object Repository/Final Object Repo/New Registration - Registration Module Pages/Form 1/Insutry Post Code - 810'

2018-10-20 18:40:57 - [MESSAGE][PASSED] - Text '810' is set on object 'Object Repository/Final Object Repo/New Registration - Registration Module Pages/Form 1/Insutry Post Code - 810'

2018-10-20 18:40:57 - [TEST_STEP][PASSED] - delay: Delayed 1 second(s)

2018-10-20 18:40:58 - [MESSAGE][PASSED] - Delayed 1 second(s)

2018-10-20 18:40:58 - [TEST_STEP][PASSED] - click: Object: 'Object Repository/Final Object Repo/New Registration - Registration Module Pages/Form 1/Insutry Post Code - 81000' is clicked on

2018-10-20 18:40:59 - [MESSAGE][PASSED] - Object: 'Object Repository/Final Object Repo/New Registration - Registration Module Pages/Form 1/Insutry Post Code - 81000' is clicked on

2018-10-20 18:40:59 - [TEST_STEP][PASSED] - delay: Delayed 1 second(s)

2018-10-20 18:41:00 - [MESSAGE][PASSED] - Delayed 1 second(s)

2018-10-20 18:41:00 - [TEST_STEP][PASSED] - setText: Text '100' is set on object 'Object Repository/Final Object Repo/New Registration - Registration Module Pages/Form 1/Industry P.O.BOX'

2018-10-20 18:41:00 - [MESSAGE][PASSED] - Text '100' is set on object 'Object Repository/Final Object Repo/New Registration - Registration Module Pages/Form 1/Industry P.O.BOX'

2018-10-20 18:41:00 - [TEST_STEP][PASSED] - setText: Text '100' is set on object 'Object Repository/Final Object Repo/New Registration - Registration Module Pages/Form 1/Industry Locked Bag No'

2018-10-20 18:41:00 - [MESSAGE][PASSED] - Text '100' is set on object 'Object Repository/Final Object Repo/New Registration - Registration Module Pages/Form 1/Industry Locked Bag No'

2018-10-20 18:41:00 - [TEST_STEP][PASSED] - setText: Text '123456789' is set on object 'Object Repository/Final Object Repo/New Registration - Registration Module Pages/Form 1/Telephone No'

2018-10-20 18:41:00 - [MESSAGE][PASSED] - Text '123456789' is set on object 'Object Repository/Final Object Repo/New Registration - Registration Module Pages/Form 1/Telephone No'

2018-10-20 18:41:00 - [TEST_STEP][PASSED] - setText: Text '123456789' is set on object 'Object Repository/Final Object Repo/New Registration - Registration Module Pages/Form 1/Mobile No'

2018-10-20 18:41:01 - [MESSAGE][PASSED] - Text '123456789' is set on object 'Object Repository/Final Object Repo/New Registration - Registration Module Pages/Form 1/Mobile No'

2018-10-20 18:41:01 - [TEST_STEP][PASSED] - setText: Text '123456789' is set on object 'Object Repository/Final Object Repo/New Registration - Registration Module Pages/Form 1/Fax No'

2018-10-20 18:41:01 - [MESSAGE][PASSED] - Text '123456789' is set on object 'Object Repository/Final Object Repo/New Registration - Registration Module Pages/Form 1/Fax No'

2018-10-20 18:41:01 - [TEST_STEP][PASSED] - click: Object: 'Object Repository/Final Object Repo/New Registration - Registration Module Pages/Form 1/Industry Code' is clicked on

2018-10-20 18:41:01 - [MESSAGE][PASSED] - Object: 'Object Repository/Final Object Repo/New Registration - Registration Module Pages/Form 1/Industry Code' is clicked on

2018-10-20 18:41:01 - [TEST_STEP][PASSED] - click: Object: 'Object Repository/Final Object Repo/New Registration - Registration Module Pages/Form 1/Indudustry Code - Crops and Animal' is clicked on

2018-10-20 18:41:01 - [MESSAGE][PASSED] - Object: 'Object Repository/Final Object Repo/New Registration - Registration Module Pages/Form 1/Indudustry Code - Crops and Animal' is clicked on

2018-10-20 18:41:01 - [TEST_STEP][PASSED] - delay: Delayed 1 second(s)

2018-10-20 18:41:02 - [MESSAGE][PASSED] - Delayed 1 second(s)

2018-10-20 18:41:02 - [TEST_STEP][PASSED] - click: Object: 'Object Repository/Final Object Repo/New Registration - Registration Module Pages/Form 1/Sub Industry Code List' is clicked on

2018-10-20 18:41:02 - [MESSAGE][PASSED] - Object: 'Object Repository/Final Object Repo/New Registration - Registration Module Pages/Form 1/Sub Industry Code List' is clicked on

2018-10-20 18:41:02 - [TEST_STEP][PASSED] - click: Object: 'Object Repository/Final Object Repo/New Registration - Registration Module Pages/Form 1/Sub Industry Code List - Growing of Maize' is clicked on

2018-10-20 18:41:03 - [MESSAGE][PASSED] - Object: 'Object Repository/Final Object Repo/New Registration - Registration Module Pages/Form 1/Sub Industry Code List - Growing of Maize' is clicked on

2018-10-20 18:41:03 - [TEST_STEP][PASSED] - setText: Text 'perkeso123@gmail.com' is set on object 'Object Repository/Final Object Repo/New Registration - Registration Module Pages/Form 1/Email'

2018-10-20 18:41:03 - [MESSAGE][PASSED] - Text 'perkeso123@gmail.com' is set on object 'Object Repository/Final Object Repo/New Registration - Registration Module Pages/Form 1/Email'

2018-10-20 18:41:03 - [TEST_STEP][PASSED] - click: Object: 'Object Repository/Final Object Repo/New Registration - Registration Module Pages/Form 1/Method of Contribution Payment' is clicked on

2018-10-20 18:41:03 - [MESSAGE][PASSED] - Object: 'Object Repository/Final Object Repo/New Registration - Registration Module Pages/Form 1/Method of Contribution Payment' is clicked on

2018-10-20 18:41:03 - [TEST_STEP][PASSED] - click: Object: 'Object Repository/Final Object Repo/New Registration - Registration Module Pages/Form 1/Method of Contribution Payment - Portal' is clicked on

2018-10-20 18:41:03 - [MESSAGE][PASSED] - Object: 'Object Repository/Final Object Repo/New Registration - Registration Module Pages/Form 1/Method of Contribution Payment - Portal' is clicked on

2018-10-20 18:41:03 - [TEST_STEP][PASSED] - click: Object: 'Object Repository/Final Object Repo/New Registration - Registration Module Pages/Form 1/Servide Type' is clicked on

2018-10-20 18:41:04 - [MESSAGE][PASSED] - Object: 'Object Repository/Final Object Repo/New Registration - Registration Module Pages/Form 1/Servide Type' is clicked on

2018-10-20 18:41:04 - [TEST_STEP][PASSED] - click: Object: 'Object Repository/Final Object Repo/New Registration - Registration Module Pages/Form 1/Servide Type - Professional Bodies' is clicked on

2018-10-20 18:41:04 - [MESSAGE][PASSED] - Object: 'Object Repository/Final Object Repo/New Registration - Registration Module Pages/Form 1/Servide Type - Professional Bodies' is clicked on

2018-10-20 18:41:04 - [TEST_STEP][PASSED] - click: Object: 'Object Repository/Final Object Repo/New Registration - Registration Module Pages/Form 1/Industry Venue' is clicked on

2018-10-20 18:41:04 - [MESSAGE][PASSED] - Object: 'Object Repository/Final Object Repo/New Registration - Registration Module Pages/Form 1/Industry Venue' is clicked on

2018-10-20 18:41:04 - [TEST_STEP][PASSED] - click: Object: 'Object Repository/Final Object Repo/New Registration - Registration Module Pages/Form 1/Industry Venue -  PPN JOHOR' is clicked on

2018-10-20 18:41:04 - [MESSAGE][PASSED] - Object: 'Object Repository/Final Object Repo/New Registration - Registration Module Pages/Form 1/Industry Venue -  PPN JOHOR' is clicked on

2018-10-20 18:41:04 - [TEST_STEP][PASSED] - click: Object: 'Object Repository/Final Object Repo/New Registration - Registration Module Pages/Form 1/Save  Continue' is clicked on

2018-10-20 18:41:04 - [MESSAGE][PASSED] - Object: 'Object Repository/Final Object Repo/New Registration - Registration Module Pages/Form 1/Save  Continue' is clicked on

2018-10-20 18:41:04 - [MESSAGE][PASSED] - Call Test Case 'Test Cases/Final Aug 2018 - PKS Automation/Registration Module/New Registration/Form 1/Form 1 - Corporation - BHD' successfully

2018-10-20 18:41:04 - [TEST_STEP][PASSED] - callTestCase: Call Test Case 'Test Cases/Final Aug 2018 - PKS Automation/Registration Module/New Registration/Form 2/Add 1 Eligible' successfully

2018-10-20 18:41:04 - [TEST_CASE][PASSED] - Test Cases/Final Aug 2018 - PKS Automation/Registration Module/New Registration/Form 2/Add 1 Eligible: Test Cases/Final Aug 2018 - PKS Automation/Registration Module/New Registration/Form 2/Add 1 Eligible

2018-10-20 18:41:04 - [TEST_STEP][PASSED] - delay: Delayed 2 second(s)

2018-10-20 18:41:06 - [MESSAGE][PASSED] - Delayed 2 second(s)

2018-10-20 18:41:06 - [TEST_STEP][PASSED] - callTestCase: Call Test Case 'Test Cases/Final Aug 2018 - PKS Automation/Registration Module/New Registration/Form 2/Date Updater' successfully

2018-10-20 18:41:06 - [TEST_CASE][PASSED] - Test Cases/Final Aug 2018 - PKS Automation/Registration Module/New Registration/Form 2/Date Updater: Test Cases/Final Aug 2018 - PKS Automation/Registration Module/New Registration/Form 2/Date Updater

2018-10-20 18:41:06 - [TEST_STEP][PASSED] - Statement - TodayDate = new java.util.Date(): null

2018-10-20 18:41:06 - [TEST_STEP][PASSED] - Statement - CurrentDateNoFilter = new java.text.SimpleDateFormat(): null

2018-10-20 18:41:06 - [TEST_STEP][PASSED] - Statement - CurrentDateNoFilter.applyPattern("dd"): null

2018-10-20 18:41:06 - [TEST_STEP][PASSED] - Statement - CurrentDate = CurrentDateNoFilter.format(TodayDate): null

2018-10-20 18:41:06 - [TEST_STEP][PASSED] - Statement - CurrentDate = java.lang.Integer.parseInt(CurrentDate): null

2018-10-20 18:41:06 - [TEST_STEP][PASSED] - Statement - CurrentDate = CurrentDate: null

2018-10-20 18:41:06 - [TEST_STEP][PASSED] - Statement - CurrentDay = java.lang.Integer.parseInt(CurrentDate): null

2018-10-20 18:41:06 - [TEST_STEP][PASSED] - Statement - aDayBefore = CurrentDay + 1: null

2018-10-20 18:41:06 - [TEST_STEP][PASSED] - Statement - DayBefore = aDayBefore.toString(): null

2018-10-20 18:41:06 - [TEST_STEP][PASSED] - Statement - OneDayBefore = DayBefore: null

2018-10-20 18:41:06 - [TEST_STEP][PASSED] - Statement - CurrentDateNoFilter.applyPattern("MM"): null

2018-10-20 18:41:06 - [TEST_STEP][PASSED] - Statement - monthContainerMatcher = java.lang.Integer.parseInt(CurrentDateNoFilter.format(TodayDate)): null

2018-10-20 18:41:06 - [TEST_STEP][PASSED] - Statement - monthContainerMatcher = monthContainerMatcher - 1: null

2018-10-20 18:41:06 - [TEST_STEP][PASSED] - Statement - CurrentMonth = monthContainerMatcher.toString(): null

2018-10-20 18:41:06 - [TEST_STEP][PASSED] - Statement - CurrentMonth = CurrentMonth: null

2018-10-20 18:41:06 - [TEST_STEP][PASSED] - Statement - CurrentDateNoFilter.applyPattern("yyyy"): null

2018-10-20 18:41:06 - [TEST_STEP][PASSED] - Statement - CurrentYear = CurrentDateNoFilter.format(TodayDate): null

2018-10-20 18:41:06 - [TEST_STEP][PASSED] - Statement - CurrentYear = CurrentYear: null

2018-10-20 18:41:06 - [TEST_STEP][PASSED] - Statement - intCurrentYear = java.lang.Integer.parseInt(CurrentDateNoFilter.format(TodayDate)): null

2018-10-20 18:41:06 - [TEST_STEP][PASSED] - Statement - eighteenYrsAgo = intCurrentYear - 18: null

2018-10-20 18:41:06 - [TEST_STEP][PASSED] - Statement - eighteenYrsBeforeThisYr = eighteenYrsAgo.toString(): null

2018-10-20 18:41:06 - [TEST_STEP][PASSED] - Statement - EighteenYrsBefore = eighteenYrsBeforeThisYr: null

2018-10-20 18:41:06 - [TEST_STEP][PASSED] - Statement - fiftysevenYrsAgo = intCurrentYear - 57: null

2018-10-20 18:41:06 - [TEST_STEP][PASSED] - Statement - fiftysevenYrsBeforeThisYr = fiftysevenYrsAgo.toString(): null

2018-10-20 18:41:06 - [TEST_STEP][PASSED] - Statement - FiftysevenYrsBefore = fiftysevenYrsBeforeThisYr: null

2018-10-20 18:41:06 - [MESSAGE][PASSED] - Call Test Case 'Test Cases/Final Aug 2018 - PKS Automation/Registration Module/New Registration/Form 2/Date Updater' successfully

2018-10-20 18:41:06 - [TEST_STEP][PASSED] - delay: Delayed 1 second(s)

2018-10-20 18:41:07 - [MESSAGE][PASSED] - Delayed 1 second(s)

2018-10-20 18:41:07 - [TEST_STEP][PASSED] - Statement - CaseReferenceNo = com.kms.katalon.core.webui.keyword.WebUiBuiltInKeywords.getText(com.kms.katalon.core.testobject.ObjectRepository.findTestObject(Final Object Repo/New Registration - Registration Module Pages/Form 2/RefNo Acquiring)): Text of object 'Object Repository/Final Object Repo/New Registration - Registration Module Pages/Form 2/RefNo Acquiring' is: 'CRN10201800122311'

2018-10-20 18:41:07 - [MESSAGE][PASSED] - Text of object 'Object Repository/Final Object Repo/New Registration - Registration Module Pages/Form 2/RefNo Acquiring' is: 'CRN10201800122311'

2018-10-20 18:41:07 - [TEST_STEP][PASSED] - delay: Delayed 1 second(s)

2018-10-20 18:41:08 - [MESSAGE][PASSED] - Delayed 1 second(s)

2018-10-20 18:41:08 - [TEST_STEP][PASSED] - click: Object: 'Object Repository/Final Object Repo/New Registration - Registration Module Pages/Form 2/Add Employee Button' is clicked on

2018-10-20 18:41:09 - [MESSAGE][PASSED] - Object: 'Object Repository/Final Object Repo/New Registration - Registration Module Pages/Form 2/Add Employee Button' is clicked on

2018-10-20 18:41:09 - [TEST_STEP][PASSED] - delay: Delayed 1 second(s)

2018-10-20 18:41:10 - [MESSAGE][PASSED] - Delayed 1 second(s)

2018-10-20 18:41:10 - [TEST_STEP][PASSED] - setText: Text '010903091963' is set on object 'Object Repository/Final Object Repo/New Registration - Registration Module Pages/Form 2/NRIC Input'

2018-10-20 18:41:10 - [MESSAGE][PASSED] - Text '010903091963' is set on object 'Object Repository/Final Object Repo/New Registration - Registration Module Pages/Form 2/NRIC Input'

2018-10-20 18:41:10 - [TEST_STEP][PASSED] - click: Object: 'Object Repository/Final Object Repo/New Registration - Registration Module Pages/Form 2/button for search for IC' is clicked on

2018-10-20 18:41:10 - [MESSAGE][PASSED] - Object: 'Object Repository/Final Object Repo/New Registration - Registration Module Pages/Form 2/button for search for IC' is clicked on

2018-10-20 18:41:10 - [TEST_STEP][PASSED] - delay: Delayed 2 second(s)

2018-10-20 18:41:12 - [MESSAGE][PASSED] - Delayed 2 second(s)

2018-10-20 18:41:12 - [TEST_STEP][PASSED] - setText: Text 'Automate001 eligible 1' is set on object 'Object Repository/Final Object Repo/New Registration - Registration Module Pages/Form 2/Employee Name Input'

2018-10-20 18:41:12 - [MESSAGE][PASSED] - Text 'Automate001 eligible 1' is set on object 'Object Repository/Final Object Repo/New Registration - Registration Module Pages/Form 2/Employee Name Input'

2018-10-20 18:41:12 - [TEST_STEP][PASSED] - delay: Delayed 2 second(s)

2018-10-20 18:41:14 - [MESSAGE][PASSED] - Delayed 2 second(s)

2018-10-20 18:41:14 - [TEST_STEP][PASSED] - click: Object: 'Object Repository/Final Object Repo/New Registration - Registration Module Pages/Form 2/DatePicker Pop Up' is clicked on

2018-10-20 18:41:15 - [MESSAGE][PASSED] - Object: 'Object Repository/Final Object Repo/New Registration - Registration Module Pages/Form 2/DatePicker Pop Up' is clicked on

2018-10-20 18:41:15 - [TEST_STEP][PASSED] - click: Object: 'Object Repository/Final Object Repo/New Registration - Registration Module Pages/Form 2/DOB Month' is clicked on

2018-10-20 18:41:15 - [MESSAGE][PASSED] - Object: 'Object Repository/Final Object Repo/New Registration - Registration Module Pages/Form 2/DOB Month' is clicked on

2018-10-20 18:41:15 - [TEST_STEP][PASSED] - Statement - CurrentMonth = CurrentMonth: null

2018-10-20 18:41:15 - [TEST_STEP][PASSED] - Statement - selectMonth = new com.kms.katalon.core.testobject.TestObject(): null

2018-10-20 18:41:15 - [TEST_STEP][PASSED] - Statement - selectMonth.addProperty("xpath", EQUALS, "//body/div/div/div/select/option[@value='" + CurrentMonth + "']", true): null

2018-10-20 18:41:15 - [TEST_STEP][PASSED] - click: Object: '' is clicked on

2018-10-20 18:41:15 - [MESSAGE][PASSED] - Object: '' is clicked on

2018-10-20 18:41:15 - [TEST_STEP][PASSED] - click: Object: 'Object Repository/Final Object Repo/New Registration - Registration Module Pages/Form 2/DOB Year' is clicked on

2018-10-20 18:41:15 - [MESSAGE][PASSED] - Object: 'Object Repository/Final Object Repo/New Registration - Registration Module Pages/Form 2/DOB Year' is clicked on

2018-10-20 18:41:15 - [TEST_STEP][PASSED] - Statement - Eyearsbf = EighteenYrsBefore: null

2018-10-20 18:41:15 - [TEST_STEP][PASSED] - Statement - selectYear = new com.kms.katalon.core.testobject.TestObject(): null

2018-10-20 18:41:15 - [TEST_STEP][PASSED] - Statement - selectYear.addProperty("xpath", EQUALS, "//div/div/div/select/option[@value='" + Eyearsbf + "']", true): null

2018-10-20 18:41:15 - [TEST_STEP][PASSED] - click: Object: '' is clicked on

2018-10-20 18:41:15 - [MESSAGE][PASSED] - Object: '' is clicked on

2018-10-20 18:41:15 - [TEST_STEP][PASSED] - Statement - UpdatedSelectDate = com.kms.katalon.core.webui.keyword.WebUiBuiltInKeywords.modifyObjectProperty(com.kms.katalon.core.testobject.ObjectRepository.findTestObject(Final Object Repo/New Registration - Registration Module Pages/Form 2/DOB Date), "xpath", "equals", "//body/div/table/tbody/tr/td/a[text()="" + CurrentDate + ""]", true): Modify property of object successfully

2018-10-20 18:41:15 - [MESSAGE][PASSED] - Modify property of object successfully

2018-10-20 18:41:15 - [TEST_STEP][PASSED] - delay: Delayed 3 second(s)

2018-10-20 18:41:18 - [MESSAGE][PASSED] - Delayed 3 second(s)

2018-10-20 18:41:18 - [TEST_STEP][PASSED] - click: Object: 'Object Repository/Final Object Repo/New Registration - Registration Module Pages/Form 2/DOB Date' is clicked on

2018-10-20 18:41:18 - [MESSAGE][PASSED] - Object: 'Object Repository/Final Object Repo/New Registration - Registration Module Pages/Form 2/DOB Date' is clicked on

2018-10-20 18:41:18 - [TEST_STEP][PASSED] - delay: Delayed 2 second(s)

2018-10-20 18:41:20 - [MESSAGE][PASSED] - Delayed 2 second(s)

2018-10-20 18:41:20 - [TEST_STEP][PASSED] - click: Object: 'Object Repository/Final Object Repo/New Registration - Registration Module Pages/Form 2/EmploymentStartDate Pop Up' is clicked on

2018-10-20 18:41:21 - [MESSAGE][PASSED] - Object: 'Object Repository/Final Object Repo/New Registration - Registration Module Pages/Form 2/EmploymentStartDate Pop Up' is clicked on

2018-10-20 18:41:21 - [TEST_STEP][PASSED] - delay: Delayed 2 second(s)

2018-10-20 18:41:23 - [MESSAGE][PASSED] - Delayed 2 second(s)

2018-10-20 18:41:23 - [TEST_STEP][PASSED] - click: Object: 'Object Repository/Final Object Repo/New Registration - Registration Module Pages/Form 2/Socso Employment StartDate Month' is clicked on

2018-10-20 18:41:23 - [MESSAGE][PASSED] - Object: 'Object Repository/Final Object Repo/New Registration - Registration Module Pages/Form 2/Socso Employment StartDate Month' is clicked on

2018-10-20 18:41:23 - [TEST_STEP][PASSED] - delay: Delayed 1 second(s)

2018-10-20 18:41:24 - [MESSAGE][PASSED] - Delayed 1 second(s)

2018-10-20 18:41:24 - [TEST_STEP][PASSED] - click: Object: 'Object Repository/Final Object Repo/New Registration - Registration Module Pages/Form 2/Select Socso Employement Startdate Month' is clicked on

2018-10-20 18:41:24 - [MESSAGE][PASSED] - Object: 'Object Repository/Final Object Repo/New Registration - Registration Module Pages/Form 2/Select Socso Employement Startdate Month' is clicked on

2018-10-20 18:41:24 - [TEST_STEP][PASSED] - delay: Delayed 2 second(s)

2018-10-20 18:41:26 - [MESSAGE][PASSED] - Delayed 2 second(s)

2018-10-20 18:41:26 - [TEST_STEP][PASSED] - click: Object: 'Object Repository/Final Object Repo/New Registration - Registration Module Pages/Form 2/Socso Employment StartDate Year' is clicked on

2018-10-20 18:41:26 - [MESSAGE][PASSED] - Object: 'Object Repository/Final Object Repo/New Registration - Registration Module Pages/Form 2/Socso Employment StartDate Year' is clicked on

2018-10-20 18:41:26 - [TEST_STEP][PASSED] - delay: Delayed 1 second(s)

2018-10-20 18:41:27 - [MESSAGE][PASSED] - Delayed 1 second(s)

2018-10-20 18:41:27 - [TEST_STEP][PASSED] - click: Object: 'Object Repository/Final Object Repo/New Registration - Registration Module Pages/Form 2/Select Socso Employment Startdate Year' is clicked on

2018-10-20 18:41:27 - [MESSAGE][PASSED] - Object: 'Object Repository/Final Object Repo/New Registration - Registration Module Pages/Form 2/Select Socso Employment Startdate Year' is clicked on

2018-10-20 18:41:27 - [TEST_STEP][PASSED] - delay: Delayed 2 second(s)

2018-10-20 18:41:29 - [MESSAGE][PASSED] - Delayed 2 second(s)

2018-10-20 18:41:29 - [TEST_STEP][PASSED] - click: Object: 'Object Repository/Final Object Repo/New Registration - Registration Module Pages/Form 2/Socso Employment Start Date Day' is clicked on

2018-10-20 18:41:29 - [MESSAGE][PASSED] - Object: 'Object Repository/Final Object Repo/New Registration - Registration Module Pages/Form 2/Socso Employment Start Date Day' is clicked on

2018-10-20 18:41:29 - [TEST_STEP][PASSED] - delay: Delayed 2 second(s)

2018-10-20 18:41:31 - [MESSAGE][PASSED] - Delayed 2 second(s)

2018-10-20 18:41:32 - [TEST_STEP][PASSED] - click: Object: 'Object Repository/Final Object Repo/New Registration - Registration Module Pages/Form 2/Save Button for Add Employee' is clicked on

2018-10-20 18:41:32 - [MESSAGE][PASSED] - Object: 'Object Repository/Final Object Repo/New Registration - Registration Module Pages/Form 2/Save Button for Add Employee' is clicked on

2018-10-20 18:41:32 - [TEST_STEP][PASSED] - delay: Delayed 6 second(s)

2018-10-20 18:41:38 - [MESSAGE][PASSED] - Delayed 6 second(s)

2018-10-20 18:41:38 - [TEST_STEP][PASSED] - click: Object: 'Object Repository/Final Object Repo/New Registration - Registration Module Pages/Form 2/Save and Continue Form 2' is clicked on

2018-10-20 18:41:38 - [MESSAGE][PASSED] - Object: 'Object Repository/Final Object Repo/New Registration - Registration Module Pages/Form 2/Save and Continue Form 2' is clicked on

2018-10-20 18:41:38 - [MESSAGE][PASSED] - Call Test Case 'Test Cases/Final Aug 2018 - PKS Automation/Registration Module/New Registration/Form 2/Add 1 Eligible' successfully

2018-10-20 18:41:38 - [TEST_STEP][PASSED] - callTestCase: Call Test Case 'Test Cases/Final Aug 2018 - PKS Automation/Registration Module/New Registration/Flow of New Registration/Third Screen - Upload Supporting Doc - Preview' successfully

2018-10-20 18:41:38 - [TEST_CASE][PASSED] - Test Cases/Final Aug 2018 - PKS Automation/Registration Module/New Registration/Flow of New Registration/Third Screen - Upload Supporting Doc - Preview: Test Cases/Final Aug 2018 - PKS Automation/Registration Module/New Registration/Flow of New Registration/Third Screen - Upload Supporting Doc - Preview

2018-10-20 18:41:38 - [TEST_STEP][PASSED] - waitForPageLoad: Wait for page load successfully

2018-10-20 18:41:38 - [MESSAGE][PASSED] - Wait for page load successfully

2018-10-20 18:41:38 - [TEST_STEP][PASSED] - Statement - CaseReferenceNo = com.kms.katalon.core.webui.keyword.WebUiBuiltInKeywords.getText(com.kms.katalon.core.testobject.ObjectRepository.findTestObject(Final Object Repo/New Registration - Registration Module Pages/Third Screen - Upload Supporting Doc- Preview/RefNo Acquiring)): Text of object 'Object Repository/Final Object Repo/New Registration - Registration Module Pages/Third Screen - Upload Supporting Doc- Preview/RefNo Acquiring' is: 'CRN10201800122311'

2018-10-20 18:41:39 - [MESSAGE][PASSED] - Text of object 'Object Repository/Final Object Repo/New Registration - Registration Module Pages/Third Screen - Upload Supporting Doc- Preview/RefNo Acquiring' is: 'CRN10201800122311'

2018-10-20 18:41:39 - [TEST_STEP][PASSED] - delay: Delayed 2 second(s)

2018-10-20 18:41:41 - [MESSAGE][PASSED] - Delayed 2 second(s)

2018-10-20 18:41:41 - [TEST_STEP][PASSED] - callTestCase: Call Test Case 'Test Cases/Final Aug 2018 - PKS Automation/Common/Reference Number Setter' successfully

2018-10-20 18:41:41 - [TEST_CASE][PASSED] - Test Cases/Final Aug 2018 - PKS Automation/Common/Reference Number Setter: Test Cases/Final Aug 2018 - PKS Automation/Common/Reference Number Setter

2018-10-20 18:41:41 - [TEST_STEP][PASSED] - Statement - RefNoOldFile = new java.io.File(C://KatalonReference.txt): null

2018-10-20 18:41:41 - [TEST_STEP][PASSED] - Statement - RefNoOldFile.delete(): null

2018-10-20 18:41:41 - [TEST_STEP][PASSED] - Statement - RefNo = new java.io.File(C://KatalonReference.txt): null

2018-10-20 18:41:41 - [TEST_STEP][PASSED] - Statement - RefNo.append(CaseReferenceNo): null

2018-10-20 18:41:41 - [TEST_STEP][PASSED] - Statement - out.println("


" + CaseReferenceNo + "


"): null

2018-10-20 18:41:41 - [MESSAGE][PASSED] - Call Test Case 'Test Cases/Final Aug 2018 - PKS Automation/Common/Reference Number Setter' successfully

2018-10-20 18:41:41 - [TEST_STEP][PASSED] - waitForElementClickable: Object 'Object Repository/Final Object Repo/New Registration - Registration Module Pages/Third Screen - Upload Supporting Doc- Preview/Save n Continue in SIP Employee Listing Page' is clickable

2018-10-20 18:41:42 - [MESSAGE][PASSED] - Object 'Object Repository/Final Object Repo/New Registration - Registration Module Pages/Third Screen - Upload Supporting Doc- Preview/Save n Continue in SIP Employee Listing Page' is clickable

2018-10-20 18:41:42 - [TEST_STEP][PASSED] - click: Object: 'Object Repository/Final Object Repo/New Registration - Registration Module Pages/Third Screen - Upload Supporting Doc- Preview/Save n Continue in SIP Employee Listing Page' is clicked on

2018-10-20 18:41:47 - [MESSAGE][PASSED] - Object: 'Object Repository/Final Object Repo/New Registration - Registration Module Pages/Third Screen - Upload Supporting Doc- Preview/Save n Continue in SIP Employee Listing Page' is clicked on

2018-10-20 18:41:47 - [TEST_STEP][PASSED] - delay: Delayed 6 second(s)

2018-10-20 18:41:53 - [MESSAGE][PASSED] - Delayed 6 second(s)

2018-10-20 18:41:53 - [TEST_STEP][PASSED] - click: Object: 'Object Repository/Final Object Repo/New Registration - Registration Module Pages/Third Screen - Upload Supporting Doc- Preview/Add Document Button' is clicked on

2018-10-20 18:41:53 - [MESSAGE][PASSED] - Object: 'Object Repository/Final Object Repo/New Registration - Registration Module Pages/Third Screen - Upload Supporting Doc- Preview/Add Document Button' is clicked on

2018-10-20 18:41:53 - [TEST_STEP][PASSED] - delay: Delayed 30 second(s)

2018-10-20 18:42:23 - [MESSAGE][PASSED] - Delayed 30 second(s)

2018-10-20 18:42:23 - [TEST_STEP][PASSED] - click: Object: 'Object Repository/Final Object Repo/New Registration - Registration Module Pages/Third Screen - Upload Supporting Doc- Preview/Supporting Doc Please Select Drop Down' is clicked on

2018-10-20 18:42:24 - [MESSAGE][PASSED] - Object: 'Object Repository/Final Object Repo/New Registration - Registration Module Pages/Third Screen - Upload Supporting Doc- Preview/Supporting Doc Please Select Drop Down' is clicked on

2018-10-20 18:42:24 - [TEST_STEP][PASSED] - delay: Delayed 2 second(s)

2018-10-20 18:42:26 - [MESSAGE][PASSED] - Delayed 2 second(s)

2018-10-20 18:42:26 - [TEST_STEP][PASSED] - click: Object: 'Object Repository/Final Object Repo/New Registration - Registration Module Pages/Third Screen - Upload Supporting Doc- Preview/Select to Upload Form 1' is clicked on

2018-10-20 18:42:26 - [MESSAGE][PASSED] - Object: 'Object Repository/Final Object Repo/New Registration - Registration Module Pages/Third Screen - Upload Supporting Doc- Preview/Select to Upload Form 1' is clicked on

2018-10-20 18:42:26 - [TEST_STEP][PASSED] - delay: Delayed 2 second(s)

2018-10-20 18:42:28 - [MESSAGE][PASSED] - Delayed 2 second(s)

2018-10-20 18:42:28 - [TEST_STEP][PASSED] - uploadFile: File 'C:\Users\Public\Pictures\Sample Pictures\Act.jpg' sent to object: 'Object Repository/Final Object Repo/New Registration - Registration Module Pages/Third Screen - Upload Supporting Doc- Preview/Upload File Adding'

2018-10-20 18:42:28 - [MESSAGE][PASSED] - File 'C:\Users\Public\Pictures\Sample Pictures\Act.jpg' sent to object: 'Object Repository/Final Object Repo/New Registration - Registration Module Pages/Third Screen - Upload Supporting Doc- Preview/Upload File Adding'

2018-10-20 18:42:28 - [TEST_STEP][PASSED] - delay: Delayed 5 second(s)

2018-10-20 18:42:33 - [MESSAGE][PASSED] - Delayed 5 second(s)

2018-10-20 18:42:33 - [TEST_STEP][PASSED] - click: Object: 'Object Repository/Final Object Repo/New Registration - Registration Module Pages/Third Screen - Upload Supporting Doc- Preview/Inner Form Add Document Button' is clicked on

2018-10-20 18:42:33 - [MESSAGE][PASSED] - Object: 'Object Repository/Final Object Repo/New Registration - Registration Module Pages/Third Screen - Upload Supporting Doc- Preview/Inner Form Add Document Button' is clicked on

2018-10-20 18:42:33 - [TEST_STEP][PASSED] - delay: Delayed 3 second(s)

2018-10-20 18:42:36 - [MESSAGE][PASSED] - Delayed 3 second(s)

2018-10-20 18:42:36 - [TEST_STEP][PASSED] - click: Object: 'Object Repository/Final Object Repo/New Registration - Registration Module Pages/Third Screen - Upload Supporting Doc- Preview/Add Document Button' is clicked on

2018-10-20 18:42:39 - [MESSAGE][PASSED] - Object: 'Object Repository/Final Object Repo/New Registration - Registration Module Pages/Third Screen - Upload Supporting Doc- Preview/Add Document Button' is clicked on

2018-10-20 18:42:39 - [TEST_STEP][PASSED] - delay: Delayed 30 second(s)

2018-10-20 18:43:09 - [MESSAGE][PASSED] - Delayed 30 second(s)

2018-10-20 18:43:09 - [TEST_STEP][PASSED] - click: Object: 'Object Repository/Final Object Repo/New Registration - Registration Module Pages/Third Screen - Upload Supporting Doc- Preview/Supporting Doc Please Select Drop Down' is clicked on

2018-10-20 18:43:09 - [MESSAGE][PASSED] - Object: 'Object Repository/Final Object Repo/New Registration - Registration Module Pages/Third Screen - Upload Supporting Doc- Preview/Supporting Doc Please Select Drop Down' is clicked on

2018-10-20 18:43:09 - [TEST_STEP][PASSED] - delay: Delayed 2 second(s)

2018-10-20 18:43:11 - [MESSAGE][PASSED] - Delayed 2 second(s)

2018-10-20 18:43:11 - [TEST_STEP][PASSED] - click: Object: 'Object Repository/Final Object Repo/New Registration - Registration Module Pages/Third Screen - Upload Supporting Doc- Preview/Select to Upload Form 2' is clicked on

2018-10-20 18:43:11 - [MESSAGE][PASSED] - Object: 'Object Repository/Final Object Repo/New Registration - Registration Module Pages/Third Screen - Upload Supporting Doc- Preview/Select to Upload Form 2' is clicked on

2018-10-20 18:43:11 - [TEST_STEP][PASSED] - delay: Delayed 2 second(s)

2018-10-20 18:43:13 - [MESSAGE][PASSED] - Delayed 2 second(s)

2018-10-20 18:43:13 - [TEST_STEP][PASSED] - uploadFile: File 'C:\Users\Public\Pictures\Sample Pictures\Act.jpg' sent to object: 'Object Repository/Final Object Repo/New Registration - Registration Module Pages/Third Screen - Upload Supporting Doc- Preview/Upload File Adding'

2018-10-20 18:43:13 - [MESSAGE][PASSED] - File 'C:\Users\Public\Pictures\Sample Pictures\Act.jpg' sent to object: 'Object Repository/Final Object Repo/New Registration - Registration Module Pages/Third Screen - Upload Supporting Doc- Preview/Upload File Adding'

2018-10-20 18:43:13 - [TEST_STEP][PASSED] - click: Object: 'Object Repository/Final Object Repo/New Registration - Registration Module Pages/Third Screen - Upload Supporting Doc- Preview/Inner Form Add Document Button' is clicked on

2018-10-20 18:43:13 - [MESSAGE][PASSED] - Object: 'Object Repository/Final Object Repo/New Registration - Registration Module Pages/Third Screen - Upload Supporting Doc- Preview/Inner Form Add Document Button' is clicked on

2018-10-20 18:43:13 - [TEST_STEP][PASSED] - delay: Delayed 4 second(s)

2018-10-20 18:43:17 - [MESSAGE][PASSED] - Delayed 4 second(s)

2018-10-20 18:43:17 - [TEST_STEP][PASSED] - click: Object: 'Object Repository/Final Object Repo/New Registration - Registration Module Pages/Third Screen - Upload Supporting Doc- Preview/Add Document Button' is clicked on

2018-10-20 18:43:19 - [MESSAGE][PASSED] - Object: 'Object Repository/Final Object Repo/New Registration - Registration Module Pages/Third Screen - Upload Supporting Doc- Preview/Add Document Button' is clicked on

2018-10-20 18:43:19 - [TEST_STEP][PASSED] - delay: Delayed 30 second(s)

2018-10-20 18:43:49 - [MESSAGE][PASSED] - Delayed 30 second(s)

2018-10-20 18:43:49 - [TEST_STEP][PASSED] - click: Object: 'Object Repository/Final Object Repo/New Registration - Registration Module Pages/Third Screen - Upload Supporting Doc- Preview/Supporting Doc Please Select Drop Down' is clicked on

2018-10-20 18:43:49 - [MESSAGE][PASSED] - Object: 'Object Repository/Final Object Repo/New Registration - Registration Module Pages/Third Screen - Upload Supporting Doc- Preview/Supporting Doc Please Select Drop Down' is clicked on

2018-10-20 18:43:49 - [TEST_STEP][PASSED] - click: Object: 'Object Repository/Final Object Repo/New Registration - Registration Module Pages/Third Screen - Upload Supporting Doc- Preview/Select to Upload Borang SIP 1' is clicked on

2018-10-20 18:43:49 - [MESSAGE][PASSED] - Object: 'Object Repository/Final Object Repo/New Registration - Registration Module Pages/Third Screen - Upload Supporting Doc- Preview/Select to Upload Borang SIP 1' is clicked on

2018-10-20 18:43:49 - [TEST_STEP][PASSED] - delay: Delayed 2 second(s)

2018-10-20 18:43:51 - [MESSAGE][PASSED] - Delayed 2 second(s)

2018-10-20 18:43:51 - [TEST_STEP][PASSED] - uploadFile: File 'C:\Users\Public\Pictures\Sample Pictures\Act.jpg' sent to object: 'Object Repository/Final Object Repo/New Registration - Registration Module Pages/Third Screen - Upload Supporting Doc- Preview/Upload File Adding'

2018-10-20 18:43:51 - [MESSAGE][PASSED] - File 'C:\Users\Public\Pictures\Sample Pictures\Act.jpg' sent to object: 'Object Repository/Final Object Repo/New Registration - Registration Module Pages/Third Screen - Upload Supporting Doc- Preview/Upload File Adding'

2018-10-20 18:43:51 - [TEST_STEP][PASSED] - click: Object: 'Object Repository/Final Object Repo/New Registration - Registration Module Pages/Third Screen - Upload Supporting Doc- Preview/Inner Form Add Document Button' is clicked on

2018-10-20 18:43:51 - [MESSAGE][PASSED] - Object: 'Object Repository/Final Object Repo/New Registration - Registration Module Pages/Third Screen - Upload Supporting Doc- Preview/Inner Form Add Document Button' is clicked on

2018-10-20 18:43:51 - [TEST_STEP][PASSED] - delay: Delayed 5 second(s)

2018-10-20 18:43:56 - [MESSAGE][PASSED] - Delayed 5 second(s)

2018-10-20 18:43:56 - [TEST_STEP][PASSED] - click: Object: 'Object Repository/Final Object Repo/New Registration - Registration Module Pages/Third Screen - Upload Supporting Doc- Preview/Add Document Button' is clicked on

2018-10-20 18:43:57 - [MESSAGE][PASSED] - Object: 'Object Repository/Final Object Repo/New Registration - Registration Module Pages/Third Screen - Upload Supporting Doc- Preview/Add Document Button' is clicked on

2018-10-20 18:43:57 - [TEST_STEP][PASSED] - delay: Delayed 30 second(s)

2018-10-20 18:44:27 - [MESSAGE][PASSED] - Delayed 30 second(s)

2018-10-20 18:44:27 - [TEST_STEP][PASSED] - click: Object: 'Object Repository/Final Object Repo/New Registration - Registration Module Pages/Third Screen - Upload Supporting Doc- Preview/Supporting Doc Please Select Drop Down' is clicked on

2018-10-20 18:44:27 - [MESSAGE][PASSED] - Object: 'Object Repository/Final Object Repo/New Registration - Registration Module Pages/Third Screen - Upload Supporting Doc- Preview/Supporting Doc Please Select Drop Down' is clicked on

2018-10-20 18:44:27 - [TEST_STEP][PASSED] - delay: Delayed 3 second(s)

2018-10-20 18:44:30 - [MESSAGE][PASSED] - Delayed 3 second(s)

2018-10-20 18:44:30 - [TEST_STEP][PASSED] - click: Object: 'Object Repository/Final Object Repo/New Registration - Registration Module Pages/Third Screen - Upload Supporting Doc- Preview/Select to Upload Borang SIP 2' is clicked on

2018-10-20 18:44:30 - [MESSAGE][PASSED] - Object: 'Object Repository/Final Object Repo/New Registration - Registration Module Pages/Third Screen - Upload Supporting Doc- Preview/Select to Upload Borang SIP 2' is clicked on

2018-10-20 18:44:30 - [TEST_STEP][PASSED] - delay: Delayed 2 second(s)

2018-10-20 18:44:32 - [MESSAGE][PASSED] - Delayed 2 second(s)

2018-10-20 18:44:32 - [TEST_STEP][PASSED] - uploadFile: File 'C:\Users\Public\Pictures\Sample Pictures\Act.jpg' sent to object: 'Object Repository/Final Object Repo/New Registration - Registration Module Pages/Third Screen - Upload Supporting Doc- Preview/Upload File Adding'

2018-10-20 18:44:32 - [MESSAGE][PASSED] - File 'C:\Users\Public\Pictures\Sample Pictures\Act.jpg' sent to object: 'Object Repository/Final Object Repo/New Registration - Registration Module Pages/Third Screen - Upload Supporting Doc- Preview/Upload File Adding'

2018-10-20 18:44:32 - [TEST_STEP][PASSED] - delay: Delayed 5 second(s)

2018-10-20 18:44:37 - [MESSAGE][PASSED] - Delayed 5 second(s)

2018-10-20 18:44:37 - [TEST_STEP][PASSED] - click: Object: 'Object Repository/Final Object Repo/New Registration - Registration Module Pages/Third Screen - Upload Supporting Doc- Preview/Inner Form Add Document Button' is clicked on

2018-10-20 18:44:37 - [MESSAGE][PASSED] - Object: 'Object Repository/Final Object Repo/New Registration - Registration Module Pages/Third Screen - Upload Supporting Doc- Preview/Inner Form Add Document Button' is clicked on

2018-10-20 18:44:37 - [TEST_STEP][PASSED] - delay: Delayed 3 second(s)

2018-10-20 18:44:40 - [MESSAGE][PASSED] - Delayed 3 second(s)

2018-10-20 18:44:40 - [TEST_STEP][PASSED] - waitForElementClickable: Object 'Object Repository/Final Object Repo/New Registration - Registration Module Pages/Third Screen - Upload Supporting Doc- Preview/Save n Continue in Uploading Supporting Doc Page' is clickable

2018-10-20 18:44:43 - [MESSAGE][PASSED] - Object 'Object Repository/Final Object Repo/New Registration - Registration Module Pages/Third Screen - Upload Supporting Doc- Preview/Save n Continue in Uploading Supporting Doc Page' is clickable

2018-10-20 18:44:43 - [TEST_STEP][PASSED] - click: Object: 'Object Repository/Final Object Repo/New Registration - Registration Module Pages/Third Screen - Upload Supporting Doc- Preview/Save n Continue in Uploading Supporting Doc Page' is clicked on

2018-10-20 18:44:43 - [MESSAGE][PASSED] - Object: 'Object Repository/Final Object Repo/New Registration - Registration Module Pages/Third Screen - Upload Supporting Doc- Preview/Save n Continue in Uploading Supporting Doc Page' is clicked on

2018-10-20 18:44:43 - [MESSAGE][PASSED] - Call Test Case 'Test Cases/Final Aug 2018 - PKS Automation/Registration Module/New Registration/Flow of New Registration/Third Screen - Upload Supporting Doc - Preview' successfully

2018-10-20 18:44:43 - [TEST_STEP][PASSED] - callTestCase: Call Test Case 'Test Cases/Final Aug 2018 - PKS Automation/Registration Module/New Registration/Submit and Screenshot/Submit Registration and Screenshot - Copy' successfully

2018-10-20 18:44:43 - [TEST_CASE][PASSED] - Test Cases/Final Aug 2018 - PKS Automation/Registration Module/New Registration/Submit and Screenshot/Submit Registration and Screenshot - Copy: Test Cases/Final Aug 2018 - PKS Automation/Registration Module/New Registration/Submit and Screenshot/Submit Registration and Screenshot - Copy

2018-10-20 18:44:43 - [TEST_STEP][PASSED] - delay: Delayed 6 second(s)

2018-10-20 18:44:49 - [MESSAGE][PASSED] - Delayed 6 second(s)

2018-10-20 18:44:49 - [TEST_STEP][PASSED] - click: Object: 'Object Repository/Final Object Repo/New Registration - Registration Module Pages/Third Screen - Upload Supporting Doc- Preview/Preview Submit Button' is clicked on

2018-10-20 18:44:49 - [MESSAGE][PASSED] - Object: 'Object Repository/Final Object Repo/New Registration - Registration Module Pages/Third Screen - Upload Supporting Doc- Preview/Preview Submit Button' is clicked on

2018-10-20 18:44:49 - [TEST_STEP][PASSED] - delay: Delayed 2 second(s)

2018-10-20 18:44:51 - [MESSAGE][PASSED] - Delayed 2 second(s)

2018-10-20 18:44:51 - [TEST_STEP][PASSED] - click: Object: 'Object Repository/Final Object Repo/New Registration - Registration Module Pages/Third Screen - Upload Supporting Doc- Preview/Preview Submit - Confirm' is clicked on

2018-10-20 18:44:52 - [MESSAGE][PASSED] - Object: 'Object Repository/Final Object Repo/New Registration - Registration Module Pages/Third Screen - Upload Supporting Doc- Preview/Preview Submit - Confirm' is clicked on

2018-10-20 18:44:52 - [TEST_STEP][PASSED] - delay: Delayed 15 second(s)

2018-10-20 18:45:07 - [MESSAGE][PASSED] - Delayed 15 second(s)

2018-10-20 18:45:07 - [TEST_STEP][PASSED] - Statement - driver = com.kms.katalon.core.webui.driver.DriverFactory.getWebDriver(): null

2018-10-20 18:45:07 - [TEST_STEP][PASSED] - Statement - driver.manage().timeouts().implicitlyWait(10, SECONDS): null

2018-10-20 18:45:07 - [TEST_STEP][PASSED] - Statement - PresavePath = KatalonScreenshots: null

2018-10-20 18:45:07 - [TEST_STEP][PASSED] - Statement - pathPrefix = "C:\Users\Public\Pictures\Sample Pictures\Katalon Screenshots\Automate Ending Screen": null

2018-10-20 18:45:07 - [TEST_STEP][PASSED] - Statement - finalPath = <not implemented yet for class: org.codehaus.groovy.ast.expr.EmptyExpression>: null

2018-10-20 18:45:07 - [TEST_STEP][PASSED] - Statement - scrFile = driver.getScreenshotAs(FILE): null

2018-10-20 18:45:07 - [TEST_STEP][PASSED] - Statement - PreSaveFile = new java.io.File(PresavePath): null

2018-10-20 18:45:07 - [TEST_STEP][PASSED] - Statement - counter = 0: null

2018-10-20 18:45:07 - [TEST_STEP][PASSED] - Statement - If (PreSaveFile.exists()): null

2018-10-20 18:45:07 - [TEST_STEP][PASSED] - Statement - While (PreSaveFile.exists()): null

2018-10-20 18:45:07 - [TEST_STEP][PASSED] - Statement - counter = counter + 1: null

2018-10-20 18:45:07 - [TEST_STEP][PASSED] - Statement - PreSaveFile = new java.io.File(((pathPrefix + java.lang.Integer.toString(counter)) + .png)): null

2018-10-20 18:45:07 - [TEST_STEP][PASSED] - Statement - counter = counter + 1: null

2018-10-20 18:45:07 - [TEST_STEP][PASSED] - Statement - PreSaveFile = new java.io.File(((pathPrefix + java.lang.Integer.toString(counter)) + .png)): null

2018-10-20 18:45:07 - [TEST_STEP][PASSED] - Statement - counter = counter + 1: null

2018-10-20 18:45:07 - [TEST_STEP][PASSED] - Statement - PreSaveFile = new java.io.File(((pathPrefix + java.lang.Integer.toString(counter)) + .png)): null

2018-10-20 18:45:07 - [TEST_STEP][PASSED] - Statement - counter = counter + 1: null

2018-10-20 18:45:07 - [TEST_STEP][PASSED] - Statement - PreSaveFile = new java.io.File(((pathPrefix + java.lang.Integer.toString(counter)) + .png)): null

2018-10-20 18:45:07 - [TEST_STEP][PASSED] - Statement - counter = counter + 1: null

2018-10-20 18:45:07 - [TEST_STEP][PASSED] - Statement - PreSaveFile = new java.io.File(((pathPrefix + java.lang.Integer.toString(counter)) + .png)): null

2018-10-20 18:45:07 - [TEST_STEP][PASSED] - Statement - counter = counter + 1: null

2018-10-20 18:45:07 - [TEST_STEP][PASSED] - Statement - PreSaveFile = new java.io.File(((pathPrefix + java.lang.Integer.toString(counter)) + .png)): null

2018-10-20 18:45:07 - [TEST_STEP][PASSED] - Statement - counter = counter + 1: null

2018-10-20 18:45:07 - [TEST_STEP][PASSED] - Statement - PreSaveFile = new java.io.File(((pathPrefix + java.lang.Integer.toString(counter)) + .png)): null

2018-10-20 18:45:07 - [TEST_STEP][PASSED] - Statement - counter = counter + 1: null

2018-10-20 18:45:07 - [TEST_STEP][PASSED] - Statement - PreSaveFile = new java.io.File(((pathPrefix + java.lang.Integer.toString(counter)) + .png)): null

2018-10-20 18:45:07 - [TEST_STEP][PASSED] - Statement - counter = counter + 1: null

2018-10-20 18:45:07 - [TEST_STEP][PASSED] - Statement - PreSaveFile = new java.io.File(((pathPrefix + java.lang.Integer.toString(counter)) + .png)): null

2018-10-20 18:45:07 - [TEST_STEP][PASSED] - Statement - counter = counter + 1: null

2018-10-20 18:45:07 - [TEST_STEP][PASSED] - Statement - PreSaveFile = new java.io.File(((pathPrefix + java.lang.Integer.toString(counter)) + .png)): null

2018-10-20 18:45:07 - [TEST_STEP][PASSED] - Statement - counter = counter + 1: null

2018-10-20 18:45:07 - [TEST_STEP][PASSED] - Statement - PreSaveFile = new java.io.File(((pathPrefix + java.lang.Integer.toString(counter)) + .png)): null

2018-10-20 18:45:07 - [TEST_STEP][PASSED] - Statement - counter = counter + 1: null

2018-10-20 18:45:07 - [TEST_STEP][PASSED] - Statement - PreSaveFile = new java.io.File(((pathPrefix + java.lang.Integer.toString(counter)) + .png)): null

2018-10-20 18:45:07 - [TEST_STEP][PASSED] - Statement - counter = counter + 1: null

2018-10-20 18:45:07 - [TEST_STEP][PASSED] - Statement - PreSaveFile = new java.io.File(((pathPrefix + java.lang.Integer.toString(counter)) + .png)): null

2018-10-20 18:45:07 - [TEST_STEP][PASSED] - Statement - counter = counter + 1: null

2018-10-20 18:45:07 - [TEST_STEP][PASSED] - Statement - PreSaveFile = new java.io.File(((pathPrefix + java.lang.Integer.toString(counter)) + .png)): null

2018-10-20 18:45:07 - [TEST_STEP][PASSED] - Statement - counter = counter + 1: null

2018-10-20 18:45:07 - [TEST_STEP][PASSED] - Statement - PreSaveFile = new java.io.File(((pathPrefix + java.lang.Integer.toString(counter)) + .png)): null

2018-10-20 18:45:07 - [TEST_STEP][PASSED] - Statement - counter = counter + 1: null

2018-10-20 18:45:07 - [TEST_STEP][PASSED] - Statement - PreSaveFile = new java.io.File(((pathPrefix + java.lang.Integer.toString(counter)) + .png)): null

2018-10-20 18:45:07 - [TEST_STEP][PASSED] - Statement - counter = counter + 1: null

2018-10-20 18:45:07 - [TEST_STEP][PASSED] - Statement - PreSaveFile = new java.io.File(((pathPrefix + java.lang.Integer.toString(counter)) + .png)): null

2018-10-20 18:45:07 - [TEST_STEP][PASSED] - Statement - counter = counter + 1: null

2018-10-20 18:45:07 - [TEST_STEP][PASSED] - Statement - PreSaveFile = new java.io.File(((pathPrefix + java.lang.Integer.toString(counter)) + .png)): null

2018-10-20 18:45:07 - [TEST_STEP][PASSED] - Statement - counter = counter + 1: null

2018-10-20 18:45:07 - [TEST_STEP][PASSED] - Statement - PreSaveFile = new java.io.File(((pathPrefix + java.lang.Integer.toString(counter)) + .png)): null

2018-10-20 18:45:07 - [TEST_STEP][PASSED] - Statement - counter = counter + 1: null

2018-10-20 18:45:07 - [TEST_STEP][PASSED] - Statement - PreSaveFile = new java.io.File(((pathPrefix + java.lang.Integer.toString(counter)) + .png)): null

2018-10-20 18:45:07 - [TEST_STEP][PASSED] - Statement - counter = counter + 1: null

2018-10-20 18:45:07 - [TEST_STEP][PASSED] - Statement - PreSaveFile = new java.io.File(((pathPrefix + java.lang.Integer.toString(counter)) + .png)): null

2018-10-20 18:45:07 - [TEST_STEP][PASSED] - Statement - counter = counter + 1: null

2018-10-20 18:45:07 - [TEST_STEP][PASSED] - Statement - PreSaveFile = new java.io.File(((pathPrefix + java.lang.Integer.toString(counter)) + .png)): null

2018-10-20 18:45:07 - [TEST_STEP][PASSED] - Statement - counter = counter + 1: null

2018-10-20 18:45:07 - [TEST_STEP][PASSED] - Statement - PreSaveFile = new java.io.File(((pathPrefix + java.lang.Integer.toString(counter)) + .png)): null

2018-10-20 18:45:07 - [TEST_STEP][PASSED] - Statement - counter = counter + 1: null

2018-10-20 18:45:07 - [TEST_STEP][PASSED] - Statement - PreSaveFile = new java.io.File(((pathPrefix + java.lang.Integer.toString(counter)) + .png)): null

2018-10-20 18:45:07 - [TEST_STEP][PASSED] - Statement - counter = counter + 1: null

2018-10-20 18:45:07 - [TEST_STEP][PASSED] - Statement - PreSaveFile = new java.io.File(((pathPrefix + java.lang.Integer.toString(counter)) + .png)): null

2018-10-20 18:45:07 - [TEST_STEP][PASSED] - Statement - counter = counter + 1: null

2018-10-20 18:45:07 - [TEST_STEP][PASSED] - Statement - PreSaveFile = new java.io.File(((pathPrefix + java.lang.Integer.toString(counter)) + .png)): null

2018-10-20 18:45:07 - [TEST_STEP][PASSED] - Statement - counter = counter + 1: null

2018-10-20 18:45:07 - [TEST_STEP][PASSED] - Statement - PreSaveFile = new java.io.File(((pathPrefix + java.lang.Integer.toString(counter)) + .png)): null

2018-10-20 18:45:07 - [TEST_STEP][PASSED] - Statement - counter = counter + 1: null

2018-10-20 18:45:07 - [TEST_STEP][PASSED] - Statement - PreSaveFile = new java.io.File(((pathPrefix + java.lang.Integer.toString(counter)) + .png)): null

2018-10-20 18:45:07 - [TEST_STEP][PASSED] - Statement - counter = counter + 1: null

2018-10-20 18:45:07 - [TEST_STEP][PASSED] - Statement - PreSaveFile = new java.io.File(((pathPrefix + java.lang.Integer.toString(counter)) + .png)): null

2018-10-20 18:45:07 - [TEST_STEP][PASSED] - Statement - counter = counter + 1: null

2018-10-20 18:45:07 - [TEST_STEP][PASSED] - Statement - PreSaveFile = new java.io.File(((pathPrefix + java.lang.Integer.toString(counter)) + .png)): null

2018-10-20 18:45:07 - [TEST_STEP][PASSED] - Statement - counter = counter + 1: null

2018-10-20 18:45:07 - [TEST_STEP][PASSED] - Statement - PreSaveFile = new java.io.File(((pathPrefix + java.lang.Integer.toString(counter)) + .png)): null

2018-10-20 18:45:07 - [TEST_STEP][PASSED] - Statement - counter = counter + 1: null

2018-10-20 18:45:07 - [TEST_STEP][PASSED] - Statement - PreSaveFile = new java.io.File(((pathPrefix + java.lang.Integer.toString(counter)) + .png)): null

2018-10-20 18:45:07 - [TEST_STEP][PASSED] - Statement - counter = counter + 1: null

2018-10-20 18:45:07 - [TEST_STEP][PASSED] - Statement - PreSaveFile = new java.io.File(((pathPrefix + java.lang.Integer.toString(counter)) + .png)): null

2018-10-20 18:45:07 - [TEST_STEP][PASSED] - Statement - counter = counter + 1: null

2018-10-20 18:45:07 - [TEST_STEP][PASSED] - Statement - PreSaveFile = new java.io.File(((pathPrefix + java.lang.Integer.toString(counter)) + .png)): null

2018-10-20 18:45:07 - [TEST_STEP][PASSED] - Statement - counter = counter + 1: null

2018-10-20 18:45:07 - [TEST_STEP][PASSED] - Statement - PreSaveFile = new java.io.File(((pathPrefix + java.lang.Integer.toString(counter)) + .png)): null

2018-10-20 18:45:07 - [TEST_STEP][PASSED] - Statement - counter = counter + 1: null

2018-10-20 18:45:07 - [TEST_STEP][PASSED] - Statement - PreSaveFile = new java.io.File(((pathPrefix + java.lang.Integer.toString(counter)) + .png)): null

2018-10-20 18:45:07 - [TEST_STEP][PASSED] - Statement - counter = counter + 1: null

2018-10-20 18:45:07 - [TEST_STEP][PASSED] - Statement - PreSaveFile = new java.io.File(((pathPrefix + java.lang.Integer.toString(counter)) + .png)): null

2018-10-20 18:45:07 - [TEST_STEP][PASSED] - Statement - counter = counter + 1: null

2018-10-20 18:45:07 - [TEST_STEP][PASSED] - Statement - PreSaveFile = new java.io.File(((pathPrefix + java.lang.Integer.toString(counter)) + .png)): null

2018-10-20 18:45:07 - [TEST_STEP][PASSED] - Statement - counter = counter + 1: null

2018-10-20 18:45:07 - [TEST_STEP][PASSED] - Statement - PreSaveFile = new java.io.File(((pathPrefix + java.lang.Integer.toString(counter)) + .png)): null

2018-10-20 18:45:07 - [TEST_STEP][PASSED] - Statement - counter = counter + 1: null

2018-10-20 18:45:07 - [TEST_STEP][PASSED] - Statement - PreSaveFile = new java.io.File(((pathPrefix + java.lang.Integer.toString(counter)) + .png)): null

2018-10-20 18:45:07 - [TEST_STEP][PASSED] - Statement - counter = counter + 1: null

2018-10-20 18:45:07 - [TEST_STEP][PASSED] - Statement - PreSaveFile = new java.io.File(((pathPrefix + java.lang.Integer.toString(counter)) + .png)): null

2018-10-20 18:45:07 - [TEST_STEP][PASSED] - Statement - counter = counter + 1: null

2018-10-20 18:45:07 - [TEST_STEP][PASSED] - Statement - PreSaveFile = new java.io.File(((pathPrefix + java.lang.Integer.toString(counter)) + .png)): null

2018-10-20 18:45:07 - [TEST_STEP][PASSED] - Statement - counter = counter + 1: null

2018-10-20 18:45:07 - [TEST_STEP][PASSED] - Statement - PreSaveFile = new java.io.File(((pathPrefix + java.lang.Integer.toString(counter)) + .png)): null

2018-10-20 18:45:07 - [TEST_STEP][PASSED] - Statement - counter = counter + 1: null

2018-10-20 18:45:07 - [TEST_STEP][PASSED] - Statement - PreSaveFile = new java.io.File(((pathPrefix + java.lang.Integer.toString(counter)) + .png)): null

2018-10-20 18:45:07 - [TEST_STEP][PASSED] - Statement - counter = counter + 1: null

2018-10-20 18:45:07 - [TEST_STEP][PASSED] - Statement - PreSaveFile = new java.io.File(((pathPrefix + java.lang.Integer.toString(counter)) + .png)): null

2018-10-20 18:45:07 - [TEST_STEP][PASSED] - Statement - counter = counter + 1: null

2018-10-20 18:45:07 - [TEST_STEP][PASSED] - Statement - PreSaveFile = new java.io.File(((pathPrefix + java.lang.Integer.toString(counter)) + .png)): null

2018-10-20 18:45:07 - [TEST_STEP][PASSED] - Statement - counter = counter + 1: null

2018-10-20 18:45:07 - [TEST_STEP][PASSED] - Statement - PreSaveFile = new java.io.File(((pathPrefix + java.lang.Integer.toString(counter)) + .png)): null

2018-10-20 18:45:07 - [TEST_STEP][PASSED] - Statement - counter = counter + 1: null

2018-10-20 18:45:07 - [TEST_STEP][PASSED] - Statement - PreSaveFile = new java.io.File(((pathPrefix + java.lang.Integer.toString(counter)) + .png)): null

2018-10-20 18:45:07 - [TEST_STEP][PASSED] - Statement - counter = counter + 1: null

2018-10-20 18:45:07 - [TEST_STEP][PASSED] - Statement - PreSaveFile = new java.io.File(((pathPrefix + java.lang.Integer.toString(counter)) + .png)): null

2018-10-20 18:45:07 - [TEST_STEP][PASSED] - Statement - counter = counter + 1: null

2018-10-20 18:45:07 - [TEST_STEP][PASSED] - Statement - PreSaveFile = new java.io.File(((pathPrefix + java.lang.Integer.toString(counter)) + .png)): null

2018-10-20 18:45:07 - [TEST_STEP][PASSED] - Statement - counter = counter + 1: null

2018-10-20 18:45:07 - [TEST_STEP][PASSED] - Statement - PreSaveFile = new java.io.File(((pathPrefix + java.lang.Integer.toString(counter)) + .png)): null

2018-10-20 18:45:07 - [TEST_STEP][PASSED] - Statement - counter = counter + 1: null

2018-10-20 18:45:07 - [TEST_STEP][PASSED] - Statement - PreSaveFile = new java.io.File(((pathPrefix + java.lang.Integer.toString(counter)) + .png)): null

2018-10-20 18:45:07 - [TEST_STEP][PASSED] - Statement - counter = counter + 1: null

2018-10-20 18:45:07 - [TEST_STEP][PASSED] - Statement - PreSaveFile = new java.io.File(((pathPrefix + java.lang.Integer.toString(counter)) + .png)): null

2018-10-20 18:45:07 - [TEST_STEP][PASSED] - Statement - counter = counter + 1: null

2018-10-20 18:45:07 - [TEST_STEP][PASSED] - Statement - PreSaveFile = new java.io.File(((pathPrefix + java.lang.Integer.toString(counter)) + .png)): null

2018-10-20 18:45:07 - [TEST_STEP][PASSED] - Statement - counter = counter + 1: null

2018-10-20 18:45:07 - [TEST_STEP][PASSED] - Statement - PreSaveFile = new java.io.File(((pathPrefix + java.lang.Integer.toString(counter)) + .png)): null

2018-10-20 18:45:07 - [TEST_STEP][PASSED] - Statement - counter = counter + 1: null

2018-10-20 18:45:07 - [TEST_STEP][PASSED] - Statement - PreSaveFile = new java.io.File(((pathPrefix + java.lang.Integer.toString(counter)) + .png)): null

2018-10-20 18:45:07 - [TEST_STEP][PASSED] - Statement - counter = counter + 1: null

2018-10-20 18:45:07 - [TEST_STEP][PASSED] - Statement - PreSaveFile = new java.io.File(((pathPrefix + java.lang.Integer.toString(counter)) + .png)): null

2018-10-20 18:45:07 - [TEST_STEP][PASSED] - Statement - counter = counter + 1: null

2018-10-20 18:45:07 - [TEST_STEP][PASSED] - Statement - PreSaveFile = new java.io.File(((pathPrefix + java.lang.Integer.toString(counter)) + .png)): null

2018-10-20 18:45:07 - [TEST_STEP][PASSED] - Statement - counter = counter + 1: null

2018-10-20 18:45:07 - [TEST_STEP][PASSED] - Statement - PreSaveFile = new java.io.File(((pathPrefix + java.lang.Integer.toString(counter)) + .png)): null

2018-10-20 18:45:07 - [TEST_STEP][PASSED] - Statement - counter = counter + 1: null

2018-10-20 18:45:07 - [TEST_STEP][PASSED] - Statement - PreSaveFile = new java.io.File(((pathPrefix + java.lang.Integer.toString(counter)) + .png)): null

2018-10-20 18:45:07 - [TEST_STEP][PASSED] - Statement - counter = counter + 1: null

2018-10-20 18:45:07 - [TEST_STEP][PASSED] - Statement - PreSaveFile = new java.io.File(((pathPrefix + java.lang.Integer.toString(counter)) + .png)): null

2018-10-20 18:45:07 - [TEST_STEP][PASSED] - Statement - counter = counter + 1: null

2018-10-20 18:45:07 - [TEST_STEP][PASSED] - Statement - PreSaveFile = new java.io.File(((pathPrefix + java.lang.Integer.toString(counter)) + .png)): null

2018-10-20 18:45:07 - [TEST_STEP][PASSED] - Statement - counter = counter + 1: null

2018-10-20 18:45:07 - [TEST_STEP][PASSED] - Statement - PreSaveFile = new java.io.File(((pathPrefix + java.lang.Integer.toString(counter)) + .png)): null

2018-10-20 18:45:07 - [TEST_STEP][PASSED] - Statement - counter = counter + 1: null

2018-10-20 18:45:07 - [TEST_STEP][PASSED] - Statement - PreSaveFile = new java.io.File(((pathPrefix + java.lang.Integer.toString(counter)) + .png)): null

2018-10-20 18:45:07 - [TEST_STEP][PASSED] - Statement - counter = counter + 1: null

2018-10-20 18:45:07 - [TEST_STEP][PASSED] - Statement - PreSaveFile = new java.io.File(((pathPrefix + java.lang.Integer.toString(counter)) + .png)): null

2018-10-20 18:45:07 - [TEST_STEP][PASSED] - Statement - counter = counter + 1: null

2018-10-20 18:45:07 - [TEST_STEP][PASSED] - Statement - PreSaveFile = new java.io.File(((pathPrefix + java.lang.Integer.toString(counter)) + .png)): null

2018-10-20 18:45:07 - [TEST_STEP][PASSED] - Statement - counter = counter + 1: null

2018-10-20 18:45:07 - [TEST_STEP][PASSED] - Statement - PreSaveFile = new java.io.File(((pathPrefix + java.lang.Integer.toString(counter)) + .png)): null

2018-10-20 18:45:07 - [TEST_STEP][PASSED] - Statement - counter = counter + 1: null

2018-10-20 18:45:07 - [TEST_STEP][PASSED] - Statement - PreSaveFile = new java.io.File(((pathPrefix + java.lang.Integer.toString(counter)) + .png)): null

2018-10-20 18:45:07 - [TEST_STEP][PASSED] - Statement - counter = counter + 1: null

2018-10-20 18:45:07 - [TEST_STEP][PASSED] - Statement - PreSaveFile = new java.io.File(((pathPrefix + java.lang.Integer.toString(counter)) + .png)): null

2018-10-20 18:45:07 - [TEST_STEP][PASSED] - Statement - counter = counter + 1: null

2018-10-20 18:45:07 - [TEST_STEP][PASSED] - Statement - PreSaveFile = new java.io.File(((pathPrefix + java.lang.Integer.toString(counter)) + .png)): null

2018-10-20 18:45:07 - [TEST_STEP][PASSED] - Statement - counter = counter + 1: null

2018-10-20 18:45:07 - [TEST_STEP][PASSED] - Statement - PreSaveFile = new java.io.File(((pathPrefix + java.lang.Integer.toString(counter)) + .png)): null

2018-10-20 18:45:07 - [TEST_STEP][PASSED] - Statement - counter = counter + 1: null

2018-10-20 18:45:07 - [TEST_STEP][PASSED] - Statement - PreSaveFile = new java.io.File(((pathPrefix + java.lang.Integer.toString(counter)) + .png)): null

2018-10-20 18:45:07 - [TEST_STEP][PASSED] - Statement - counter = counter + 1: null

2018-10-20 18:45:07 - [TEST_STEP][PASSED] - Statement - PreSaveFile = new java.io.File(((pathPrefix + java.lang.Integer.toString(counter)) + .png)): null

2018-10-20 18:45:07 - [TEST_STEP][PASSED] - Statement - counter = counter + 1: null

2018-10-20 18:45:07 - [TEST_STEP][PASSED] - Statement - PreSaveFile = new java.io.File(((pathPrefix + java.lang.Integer.toString(counter)) + .png)): null

2018-10-20 18:45:07 - [TEST_STEP][PASSED] - Statement - counter = counter + 1: null

2018-10-20 18:45:07 - [TEST_STEP][PASSED] - Statement - PreSaveFile = new java.io.File(((pathPrefix + java.lang.Integer.toString(counter)) + .png)): null

2018-10-20 18:45:07 - [TEST_STEP][PASSED] - Statement - counter = counter + 1: null

2018-10-20 18:45:07 - [TEST_STEP][PASSED] - Statement - PreSaveFile = new java.io.File(((pathPrefix + java.lang.Integer.toString(counter)) + .png)): null

2018-10-20 18:45:07 - [TEST_STEP][PASSED] - Statement - counter = counter + 1: null

2018-10-20 18:45:07 - [TEST_STEP][PASSED] - Statement - PreSaveFile = new java.io.File(((pathPrefix + java.lang.Integer.toString(counter)) + .png)): null

2018-10-20 18:45:07 - [TEST_STEP][PASSED] - Statement - counter = counter + 1: null

2018-10-20 18:45:07 - [TEST_STEP][PASSED] - Statement - PreSaveFile = new java.io.File(((pathPrefix + java.lang.Integer.toString(counter)) + .png)): null

2018-10-20 18:45:07 - [TEST_STEP][PASSED] - Statement - counter = counter + 1: null

2018-10-20 18:45:07 - [TEST_STEP][PASSED] - Statement - PreSaveFile = new java.io.File(((pathPrefix + java.lang.Integer.toString(counter)) + .png)): null

2018-10-20 18:45:07 - [TEST_STEP][PASSED] - Statement - counter = counter + 1: null

2018-10-20 18:45:07 - [TEST_STEP][PASSED] - Statement - PreSaveFile = new java.io.File(((pathPrefix + java.lang.Integer.toString(counter)) + .png)): null

2018-10-20 18:45:07 - [TEST_STEP][PASSED] - Statement - counter = counter + 1: null

2018-10-20 18:45:07 - [TEST_STEP][PASSED] - Statement - PreSaveFile = new java.io.File(((pathPrefix + java.lang.Integer.toString(counter)) + .png)): null

2018-10-20 18:45:07 - [TEST_STEP][PASSED] - Statement - counter = counter + 1: null

2018-10-20 18:45:07 - [TEST_STEP][PASSED] - Statement - PreSaveFile = new java.io.File(((pathPrefix + java.lang.Integer.toString(counter)) + .png)): null

2018-10-20 18:45:07 - [TEST_STEP][PASSED] - Statement - counter = counter + 1: null

2018-10-20 18:45:07 - [TEST_STEP][PASSED] - Statement - PreSaveFile = new java.io.File(((pathPrefix + java.lang.Integer.toString(counter)) + .png)): null

2018-10-20 18:45:07 - [TEST_STEP][PASSED] - Statement - counter = counter + 1: null

2018-10-20 18:45:07 - [TEST_STEP][PASSED] - Statement - PreSaveFile = new java.io.File(((pathPrefix + java.lang.Integer.toString(counter)) + .png)): null

2018-10-20 18:45:07 - [TEST_STEP][PASSED] - Statement - counter = counter + 1: null

2018-10-20 18:45:07 - [TEST_STEP][PASSED] - Statement - PreSaveFile = new java.io.File(((pathPrefix + java.lang.Integer.toString(counter)) + .png)): null

2018-10-20 18:45:07 - [TEST_STEP][PASSED] - Statement - counter = counter + 1: null

2018-10-20 18:45:07 - [TEST_STEP][PASSED] - Statement - PreSaveFile = new java.io.File(((pathPrefix + java.lang.Integer.toString(counter)) + .png)): null

2018-10-20 18:45:07 - [TEST_STEP][PASSED] - Statement - counter = counter + 1: null

2018-10-20 18:45:07 - [TEST_STEP][PASSED] - Statement - PreSaveFile = new java.io.File(((pathPrefix + java.lang.Integer.toString(counter)) + .png)): null

2018-10-20 18:45:07 - [TEST_STEP][PASSED] - Statement - counter = counter + 1: null

2018-10-20 18:45:07 - [TEST_STEP][PASSED] - Statement - PreSaveFile = new java.io.File(((pathPrefix + java.lang.Integer.toString(counter)) + .png)): null

2018-10-20 18:45:07 - [TEST_STEP][PASSED] - Statement - counter = counter + 1: null

2018-10-20 18:45:07 - [TEST_STEP][PASSED] - Statement - PreSaveFile = new java.io.File(((pathPrefix + java.lang.Integer.toString(counter)) + .png)): null

2018-10-20 18:45:07 - [TEST_STEP][PASSED] - Statement - counter = counter + 1: null

2018-10-20 18:45:07 - [TEST_STEP][PASSED] - Statement - PreSaveFile = new java.io.File(((pathPrefix + java.lang.Integer.toString(counter)) + .png)): null

2018-10-20 18:45:07 - [TEST_STEP][PASSED] - Statement - counter = counter + 1: null

2018-10-20 18:45:07 - [TEST_STEP][PASSED] - Statement - PreSaveFile = new java.io.File(((pathPrefix + java.lang.Integer.toString(counter)) + .png)): null

2018-10-20 18:45:07 - [TEST_STEP][PASSED] - Statement - counter = counter + 1: null

2018-10-20 18:45:07 - [TEST_STEP][PASSED] - Statement - PreSaveFile = new java.io.File(((pathPrefix + java.lang.Integer.toString(counter)) + .png)): null

2018-10-20 18:45:07 - [TEST_STEP][PASSED] - Statement - counter = counter + 1: null

2018-10-20 18:45:07 - [TEST_STEP][PASSED] - Statement - PreSaveFile = new java.io.File(((pathPrefix + java.lang.Integer.toString(counter)) + .png)): null

2018-10-20 18:45:07 - [TEST_STEP][PASSED] - Statement - counter = counter + 1: null

2018-10-20 18:45:07 - [TEST_STEP][PASSED] - Statement - PreSaveFile = new java.io.File(((pathPrefix + java.lang.Integer.toString(counter)) + .png)): null

2018-10-20 18:45:07 - [TEST_STEP][PASSED] - Statement - counter = counter + 1: null

2018-10-20 18:45:07 - [TEST_STEP][PASSED] - Statement - PreSaveFile = new java.io.File(((pathPrefix + java.lang.Integer.toString(counter)) + .png)): null

2018-10-20 18:45:07 - [TEST_STEP][PASSED] - Statement - counter = counter + 1: null

2018-10-20 18:45:07 - [TEST_STEP][PASSED] - Statement - PreSaveFile = new java.io.File(((pathPrefix + java.lang.Integer.toString(counter)) + .png)): null

2018-10-20 18:45:07 - [TEST_STEP][PASSED] - Statement - counter = counter + 1: null

2018-10-20 18:45:07 - [TEST_STEP][PASSED] - Statement - PreSaveFile = new java.io.File(((pathPrefix + java.lang.Integer.toString(counter)) + .png)): null

2018-10-20 18:45:07 - [TEST_STEP][PASSED] - Statement - counter = counter + 1: null

2018-10-20 18:45:07 - [TEST_STEP][PASSED] - Statement - PreSaveFile = new java.io.File(((pathPrefix + java.lang.Integer.toString(counter)) + .png)): null

2018-10-20 18:45:07 - [TEST_STEP][PASSED] - Statement - counter = counter + 1: null

2018-10-20 18:45:07 - [TEST_STEP][PASSED] - Statement - PreSaveFile = new java.io.File(((pathPrefix + java.lang.Integer.toString(counter)) + .png)): null

2018-10-20 18:45:07 - [TEST_STEP][PASSED] - Statement - counter = counter + 1: null

2018-10-20 18:45:07 - [TEST_STEP][PASSED] - Statement - PreSaveFile = new java.io.File(((pathPrefix + java.lang.Integer.toString(counter)) + .png)): null

2018-10-20 18:45:07 - [TEST_STEP][PASSED] - Statement - counter = counter + 1: null

2018-10-20 18:45:07 - [TEST_STEP][PASSED] - Statement - PreSaveFile = new java.io.File(((pathPrefix + java.lang.Integer.toString(counter)) + .png)): null

2018-10-20 18:45:07 - [TEST_STEP][PASSED] - Statement - counter = counter + 1: null

2018-10-20 18:45:07 - [TEST_STEP][PASSED] - Statement - PreSaveFile = new java.io.File(((pathPrefix + java.lang.Integer.toString(counter)) + .png)): null

2018-10-20 18:45:07 - [TEST_STEP][PASSED] - Statement - finalPath = pathPrefix + java.lang.Integer.toString(counter) + ".png": null

2018-10-20 18:45:07 - [TEST_STEP][PASSED] - Statement - SaveFile = new java.io.File(finalPath): null

2018-10-20 18:45:07 - [TEST_STEP][PASSED] - Statement - Try: null

2018-10-20 18:45:07 - [TEST_STEP][PASSED] - Statement - org.apache.commons.io.FileUtils.copyFile(scrFile, SaveFile): null

2018-10-20 18:45:07 - [TEST_STEP][PASSED] - Statement - out.println("file kept"): null

2018-10-20 18:45:07 - [TEST_STEP][PASSED] - delay: Delayed 10 second(s)

2018-10-20 18:45:17 - [MESSAGE][PASSED] - Delayed 10 second(s)

2018-10-20 18:45:17 - [MESSAGE][PASSED] - Call Test Case 'Test Cases/Final Aug 2018 - PKS Automation/Registration Module/New Registration/Submit and Screenshot/Submit Registration and Screenshot - Copy' successfully

2018-10-20 18:45:17 - [TEST_STEP][PASSED] - Statement - UpdateAddNewECode = com.kms.katalon.core.webui.keyword.WebUiBuiltInKeywords.getText(com.kms.katalon.core.testobject.ObjectRepository.findTestObject(Object Repository/Final Object Repo/Page_Update Add New Employee - ASSIST/getEmpCode)): Text of object 'Object Repository/Final Object Repo/Page_Update Add New Employee - ASSIST/getEmpCode' is: 'E1102070109M'

2018-10-20 18:45:18 - [MESSAGE][PASSED] - Text of object 'Object Repository/Final Object Repo/Page_Update Add New Employee - ASSIST/getEmpCode' is: 'E1102070109M'

2018-10-20 18:45:18 - [TEST_STEP][PASSED] - callTestCase: Call Test Case 'Test Cases/Final Aug 2018 - PKS Automation/Common/Emp Code Setter' successfully

2018-10-20 18:45:18 - [TEST_CASE][PASSED] - Test Cases/Final Aug 2018 - PKS Automation/Common/Emp Code Setter: Test Cases/Final Aug 2018 - PKS Automation/Common/Emp Code Setter

2018-10-20 18:45:18 - [TEST_STEP][PASSED] - Statement - EmpCodeOld = new java.io.File(C://EmpCode.txt): null

2018-10-20 18:45:18 - [TEST_STEP][PASSED] - Statement - EmpCodeOld.delete(): null

2018-10-20 18:45:18 - [TEST_STEP][PASSED] - Statement - EmpCode = new java.io.File(C://EmpCode.txt): null

2018-10-20 18:45:18 - [TEST_STEP][PASSED] - Statement - EmpCode.append(UpdateAddNewECode): null

2018-10-20 18:45:18 - [TEST_STEP][PASSED] - Statement - out.println("


" + UpdateAddNewECode + "


"): null

2018-10-20 18:45:18 - [MESSAGE][PASSED] - Call Test Case 'Test Cases/Final Aug 2018 - PKS Automation/Common/Emp Code Setter' successfully

2018-10-20 18:45:18 - [MESSAGE][PASSED] - Call Test Case 'Test Cases/Final Aug 2018 - PKS Automation/Registration Module/Workflow/Update Add New Employee/Template/New Company for Update Add New' successfully

2018-10-20 18:45:18 - [TEST_STEP][PASSED] - callTestCase: Call Test Case 'Test Cases/Final Aug 2018 - PKS Automation/Registration Module/Log Out/log out avoiding katalon tagging' successfully

2018-10-20 18:45:18 - [TEST_CASE][PASSED] - Test Cases/Final Aug 2018 - PKS Automation/Registration Module/Log Out/log out avoiding katalon tagging: Test Cases/Final Aug 2018 - PKS Automation/Registration Module/Log Out/log out avoiding katalon tagging

2018-10-20 18:45:18 - [TEST_STEP][PASSED] - navigateToUrl: Navigate to 'https://assist2-uat.perkeso.gov.my/c/portal/logout' successfully

2018-10-20 18:45:19 - [MESSAGE][PASSED] - Navigate to 'https://assist2-uat.perkeso.gov.my/c/portal/logout' successfully

2018-10-20 18:45:19 - [MESSAGE][PASSED] - Call Test Case 'Test Cases/Final Aug 2018 - PKS Automation/Registration Module/Log Out/log out avoiding katalon tagging' successfully

2018-10-20 18:45:19 - [TEST_STEP][PASSED] - callTestCase: Call Test Case 'Test Cases/Final Aug 2018 - PKS Automation/Registration Module/New Registration/Form 2/Date Updater' successfully

2018-10-20 18:45:19 - [TEST_CASE][PASSED] - Test Cases/Final Aug 2018 - PKS Automation/Registration Module/New Registration/Form 2/Date Updater: Test Cases/Final Aug 2018 - PKS Automation/Registration Module/New Registration/Form 2/Date Updater

2018-10-20 18:45:19 - [TEST_STEP][PASSED] - Statement - TodayDate = new java.util.Date(): null

2018-10-20 18:45:19 - [TEST_STEP][PASSED] - Statement - CurrentDateNoFilter = new java.text.SimpleDateFormat(): null

2018-10-20 18:45:19 - [TEST_STEP][PASSED] - Statement - CurrentDateNoFilter.applyPattern("dd"): null

2018-10-20 18:45:19 - [TEST_STEP][PASSED] - Statement - CurrentDate = CurrentDateNoFilter.format(TodayDate): null

2018-10-20 18:45:19 - [TEST_STEP][PASSED] - Statement - CurrentDate = java.lang.Integer.parseInt(CurrentDate): null

2018-10-20 18:45:19 - [TEST_STEP][PASSED] - Statement - CurrentDate = CurrentDate: null

2018-10-20 18:45:19 - [TEST_STEP][PASSED] - Statement - CurrentDay = java.lang.Integer.parseInt(CurrentDate): null

2018-10-20 18:45:19 - [TEST_STEP][PASSED] - Statement - aDayBefore = CurrentDay + 1: null

2018-10-20 18:45:19 - [TEST_STEP][PASSED] - Statement - DayBefore = aDayBefore.toString(): null

2018-10-20 18:45:19 - [TEST_STEP][PASSED] - Statement - OneDayBefore = DayBefore: null

2018-10-20 18:45:19 - [TEST_STEP][PASSED] - Statement - CurrentDateNoFilter.applyPattern("MM"): null

2018-10-20 18:45:19 - [TEST_STEP][PASSED] - Statement - monthContainerMatcher = java.lang.Integer.parseInt(CurrentDateNoFilter.format(TodayDate)): null

2018-10-20 18:45:19 - [TEST_STEP][PASSED] - Statement - monthContainerMatcher = monthContainerMatcher - 1: null

2018-10-20 18:45:19 - [TEST_STEP][PASSED] - Statement - CurrentMonth = monthContainerMatcher.toString(): null

2018-10-20 18:45:19 - [TEST_STEP][PASSED] - Statement - CurrentMonth = CurrentMonth: null

2018-10-20 18:45:19 - [TEST_STEP][PASSED] - Statement - CurrentDateNoFilter.applyPattern("yyyy"): null

2018-10-20 18:45:19 - [TEST_STEP][PASSED] - Statement - CurrentYear = CurrentDateNoFilter.format(TodayDate): null

2018-10-20 18:45:19 - [TEST_STEP][PASSED] - Statement - CurrentYear = CurrentYear: null

2018-10-20 18:45:19 - [TEST_STEP][PASSED] - Statement - intCurrentYear = java.lang.Integer.parseInt(CurrentDateNoFilter.format(TodayDate)): null

2018-10-20 18:45:19 - [TEST_STEP][PASSED] - Statement - eighteenYrsAgo = intCurrentYear - 18: null

2018-10-20 18:45:19 - [TEST_STEP][PASSED] - Statement - eighteenYrsBeforeThisYr = eighteenYrsAgo.toString(): null

2018-10-20 18:45:19 - [TEST_STEP][PASSED] - Statement - EighteenYrsBefore = eighteenYrsBeforeThisYr: null

2018-10-20 18:45:19 - [TEST_STEP][PASSED] - Statement - fiftysevenYrsAgo = intCurrentYear - 57: null

2018-10-20 18:45:19 - [TEST_STEP][PASSED] - Statement - fiftysevenYrsBeforeThisYr = fiftysevenYrsAgo.toString(): null

2018-10-20 18:45:19 - [TEST_STEP][PASSED] - Statement - FiftysevenYrsBefore = fiftysevenYrsBeforeThisYr: null

2018-10-20 18:45:19 - [MESSAGE][PASSED] - Call Test Case 'Test Cases/Final Aug 2018 - PKS Automation/Registration Module/New Registration/Form 2/Date Updater' successfully

2018-10-20 18:45:19 - [TEST_STEP][PASSED] - delay: Delayed 2 second(s)

2018-10-20 18:45:21 - [MESSAGE][PASSED] - Delayed 2 second(s)

2018-10-20 18:45:21 - [TEST_STEP][PASSED] - setText: Text 'klotc2@gmail.com' is set on object 'Object Repository/Final Object Repo/Page_Update Add New Employee - ASSIST/Email TextBox'

2018-10-20 18:45:21 - [MESSAGE][PASSED] - Text 'klotc2@gmail.com' is set on object 'Object Repository/Final Object Repo/Page_Update Add New Employee - ASSIST/Email TextBox'

2018-10-20 18:45:21 - [TEST_STEP][PASSED] - click: Object: 'Object Repository/Final Object Repo/Page_Update Add New Employee - ASSIST/Next Button' is clicked on

2018-10-20 18:45:21 - [MESSAGE][PASSED] - Object: 'Object Repository/Final Object Repo/Page_Update Add New Employee - ASSIST/Next Button' is clicked on

2018-10-20 18:45:21 - [TEST_STEP][PASSED] - delay: Delayed 2 second(s)

2018-10-20 18:45:23 - [MESSAGE][PASSED] - Delayed 2 second(s)

2018-10-20 18:45:23 - [TEST_STEP][PASSED] - setText: Text 'Test1@3456789' is set on object 'Object Repository/Final Object Repo/Page_Update Add New Employee - ASSIST/Password TextBox'

2018-10-20 18:45:23 - [MESSAGE][PASSED] - Text 'Test1@3456789' is set on object 'Object Repository/Final Object Repo/Page_Update Add New Employee - ASSIST/Password TextBox'

2018-10-20 18:45:23 - [TEST_STEP][PASSED] - delay: Delayed 2 second(s)

2018-10-20 18:45:25 - [MESSAGE][PASSED] - Delayed 2 second(s)

2018-10-20 18:45:25 - [TEST_STEP][PASSED] - click: Object: 'Object Repository/Final Object Repo/Page_Update Add New Employee - ASSIST/Login Button' is clicked on

2018-10-20 18:45:25 - [MESSAGE][PASSED] - Object: 'Object Repository/Final Object Repo/Page_Update Add New Employee - ASSIST/Login Button' is clicked on

2018-10-20 18:45:25 - [TEST_STEP][FAILED] - Statement - Try: Delayed 2 second(s)

2018-10-20 18:45:25 - [TEST_STEP][PASSED] - Statement - Checker = false: null

2018-10-20 18:45:25 - [TEST_STEP][PASSED] - Statement - Checker = com.kms.katalon.core.webui.keyword.WebUiBuiltInKeywords.verifyElementHasAttribute(com.kms.katalon.core.testobject.ObjectRepository.findTestObject(Final Object Repo/Landing Page/BM Detecting), "href", 20, OPTIONAL): Unable to verify if object 'Object Repository/Final Object Repo/Landing Page/BM Detecting' has attribute 'href' (Root cause: org.openqa.selenium.StaleElementReferenceException: stale element reference: element is not attached to the page document
  (Session info: chrome=69.0.3497.100)
  (Driver info: chromedriver=2.35.528161 (5b82f2d2aae0ca24b877009200ced9065a772e73),platform=Windows NT 6.1.7601 SP1 x86_64) (WARNING: The server did not provide any stacktrace information)
Command duration or timeout: 0 milliseconds
For documentation on this error, please visit: http://seleniumhq.org/exceptions/stale_element_reference.html
Build info: version: '3.7.1', revision: '8a0099a', time: '2017-11-06T21:07:36.161Z'
System info: host: 'WEIZHENG', ip: '192.168.137.1', os.name: 'Windows 7', os.arch: 'amd64', os.version: '6.1', java.version: '1.8.0_181'
Driver info: com.kms.katalon.selenium.driver.CChromeDriver
Capabilities {acceptInsecureCerts: false, acceptSslCerts: false, applicationCacheEnabled: false, browserConnectionEnabled: false, browserName: chrome, chrome: {chromedriverVersion: 2.35.528161 (5b82f2d2aae0ca..., userDataDir: C:\Users\WEIZHE~1\AppData\L...}, cssSelectorsEnabled: true, databaseEnabled: false, handlesAlerts: true, hasTouchScreen: false, javascriptEnabled: true, locationContextEnabled: true, mobileEmulationEnabled: false, nativeEvents: true, networkConnectionEnabled: false, pageLoadStrategy: normal, platform: XP, platformName: XP, rotatable: false, setWindowRect: true, takesHeapSnapshot: true, takesScreenshot: true, unexpectedAlertBehaviour: , unhandledPromptBehavior: , version: 69.0.3497.100, webStorageEnabled: true}
Session ID: 9be77ed17380ccd0b2baae002a617644)

2018-10-20 18:45:27 - [MESSAGE][WARNING] - Unable to verify if object 'Object Repository/Final Object Repo/Landing Page/BM Detecting' has attribute 'href' (Root cause: org.openqa.selenium.StaleElementReferenceException: stale element reference: element is not attached to the page document
  (Session info: chrome=69.0.3497.100)
  (Driver info: chromedriver=2.35.528161 (5b82f2d2aae0ca24b877009200ced9065a772e73),platform=Windows NT 6.1.7601 SP1 x86_64) (WARNING: The server did not provide any stacktrace information)
Command duration or timeout: 0 milliseconds
For documentation on this error, please visit: http://seleniumhq.org/exceptions/stale_element_reference.html
Build info: version: '3.7.1', revision: '8a0099a', time: '2017-11-06T21:07:36.161Z'
System info: host: 'WEIZHENG', ip: '192.168.137.1', os.name: 'Windows 7', os.arch: 'amd64', os.version: '6.1', java.version: '1.8.0_181'
Driver info: com.kms.katalon.selenium.driver.CChromeDriver
Capabilities {acceptInsecureCerts: false, acceptSslCerts: false, applicationCacheEnabled: false, browserConnectionEnabled: false, browserName: chrome, chrome: {chromedriverVersion: 2.35.528161 (5b82f2d2aae0ca..., userDataDir: C:\Users\WEIZHE~1\AppData\L...}, cssSelectorsEnabled: true, databaseEnabled: false, handlesAlerts: true, hasTouchScreen: false, javascriptEnabled: true, locationContextEnabled: true, mobileEmulationEnabled: false, nativeEvents: true, networkConnectionEnabled: false, pageLoadStrategy: normal, platform: XP, platformName: XP, rotatable: false, setWindowRect: true, takesHeapSnapshot: true, takesScreenshot: true, unexpectedAlertBehaviour: , unhandledPromptBehavior: , version: 69.0.3497.100, webStorageEnabled: true}
Session ID: 9be77ed17380ccd0b2baae002a617644)
[[ATTACHMENT|C:\\Users\\LENOVO\\Katalon Studio\\Perkeso Phase A\\Reports\\Workflow\\Update Add New Employee\\20181020_131102\\1540032327513.png]]

2018-10-20 18:45:27 - [TEST_STEP][PASSED] - Statement - out.println(Checker): null

2018-10-20 18:45:27 - [TEST_STEP][FAILED] - Statement - If (Checker == false): Unable to click on object 'Object Repository/Final Object Repo/Landing Page/Select to English' (Root cause: com.kms.katalon.core.webui.exception.WebElementNotFoundException: Web element with id: 'Object Repository/Final Object Repo/Landing Page/Select to English' located by 'By.xpath: //a[@class = 'taglib-language-list-text' and @lang = 'en-US' and (contains(text(), 'EN') or contains(., 'EN'))]' not found)

2018-10-20 18:45:27 - [TEST_STEP][FAILED] - click: Unable to click on object 'Object Repository/Final Object Repo/Landing Page/Select to English' (Root cause: com.kms.katalon.core.webui.exception.WebElementNotFoundException: Web element with id: 'Object Repository/Final Object Repo/Landing Page/Select to English' located by 'By.xpath: //a[@class = 'taglib-language-list-text' and @lang = 'en-US' and (contains(text(), 'EN') or contains(., 'EN'))]' not found)

2018-10-20 18:46:12 - [MESSAGE][FAILED] - Unable to click on object 'Object Repository/Final Object Repo/Landing Page/Select to English' (Root cause: com.kms.katalon.core.webui.exception.WebElementNotFoundException: Web element with id: 'Object Repository/Final Object Repo/Landing Page/Select to English' located by 'By.xpath: //a[@class = 'taglib-language-list-text' and @lang = 'en-US' and (contains(text(), 'EN') or contains(., 'EN'))]' not found)
[[ATTACHMENT|C:\\Users\\LENOVO\\Katalon Studio\\Perkeso Phase A\\Reports\\Workflow\\Update Add New Employee\\20181020_131102\\1540032372421.png]]

2018-10-20 18:46:12 - [TEST_STEP][PASSED] - delay: Delayed 2 second(s)

2018-10-20 18:46:14 - [MESSAGE][PASSED] - Delayed 2 second(s)

2018-10-20 18:46:14 - [TEST_STEP][PASSED] - delay: Delayed 4 second(s)

2018-10-20 18:46:18 - [MESSAGE][PASSED] - Delayed 4 second(s)

2018-10-20 18:46:18 - [TEST_STEP][PASSED] - click: Object: 'Object Repository/Final Object Repo/Page_Update Add New Employee - ASSIST/My Sites Drop Down' is clicked on

2018-10-20 18:46:18 - [MESSAGE][PASSED] - Object: 'Object Repository/Final Object Repo/Page_Update Add New Employee - ASSIST/My Sites Drop Down' is clicked on

2018-10-20 18:46:18 - [TEST_STEP][PASSED] - click: Object: 'Object Repository/Final Object Repo/Page_Update Add New Employee - ASSIST/Select to Registration Module' is clicked on

2018-10-20 18:46:19 - [MESSAGE][PASSED] - Object: 'Object Repository/Final Object Repo/Page_Update Add New Employee - ASSIST/Select to Registration Module' is clicked on

2018-10-20 18:46:19 - [TEST_STEP][PASSED] - navigateToUrl: Navigate to 'https://assist2-uat.perkeso.gov.my/web/registration/myassist' successfully

2018-10-20 18:46:19 - [MESSAGE][PASSED] - Navigate to 'https://assist2-uat.perkeso.gov.my/web/registration/myassist' successfully

2018-10-20 18:46:19 - [TEST_STEP][PASSED] - mouseOver: Object: 'Object Repository/Final Object Repo/Page_Update Add New Employee - ASSIST/Select to Update Akta 4 Tab' is hovered

2018-10-20 18:46:19 - [MESSAGE][PASSED] - Object: 'Object Repository/Final Object Repo/Page_Update Add New Employee - ASSIST/Select to Update Akta 4 Tab' is hovered

2018-10-20 18:46:19 - [TEST_STEP][PASSED] - delay: Delayed 2 second(s)

2018-10-20 18:46:21 - [MESSAGE][PASSED] - Delayed 2 second(s)

2018-10-20 18:46:21 - [TEST_STEP][PASSED] - click: Object: 'Object Repository/Final Object Repo/Page_Update Add New Employee - ASSIST/Select to Update Add New Employee' is clicked on

2018-10-20 18:46:22 - [MESSAGE][PASSED] - Object: 'Object Repository/Final Object Repo/Page_Update Add New Employee - ASSIST/Select to Update Add New Employee' is clicked on

2018-10-20 18:46:22 - [TEST_STEP][PASSED] - delay: Delayed 2 second(s)

2018-10-20 18:46:24 - [MESSAGE][PASSED] - Delayed 2 second(s)

2018-10-20 18:46:24 - [TEST_STEP][PASSED] - setText: Text 'E1102070109M' is set on object 'Object Repository/Final Object Repo/Page_Update Add New Employee - ASSIST/Employer Code input textbox'

2018-10-20 18:46:24 - [MESSAGE][PASSED] - Text 'E1102070109M' is set on object 'Object Repository/Final Object Repo/Page_Update Add New Employee - ASSIST/Employer Code input textbox'

2018-10-20 18:46:24 - [TEST_STEP][PASSED] - delay: Delayed 2 second(s)

2018-10-20 18:46:26 - [MESSAGE][PASSED] - Delayed 2 second(s)

2018-10-20 18:46:26 - [TEST_STEP][PASSED] - click: Object: 'Object Repository/Final Object Repo/Page_Update Add New Employee - ASSIST/Search Button for Employer Code' is clicked on

2018-10-20 18:46:27 - [MESSAGE][PASSED] - Object: 'Object Repository/Final Object Repo/Page_Update Add New Employee - ASSIST/Search Button for Employer Code' is clicked on

2018-10-20 18:46:27 - [TEST_STEP][PASSED] - delay: Delayed 4 second(s)

2018-10-20 18:46:31 - [MESSAGE][PASSED] - Delayed 4 second(s)

2018-10-20 18:46:31 - [TEST_STEP][PASSED] - click: Object: 'Object Repository/Final Object Repo/Page_Update Add New Employee - ASSIST/Click to Edit Case' is clicked on

2018-10-20 18:46:33 - [MESSAGE][PASSED] - Object: 'Object Repository/Final Object Repo/Page_Update Add New Employee - ASSIST/Click to Edit Case' is clicked on

2018-10-20 18:46:33 - [TEST_STEP][PASSED] - callTestCase: Call Test Case 'Test Cases/Final Aug 2018 - PKS Automation/Registration Module/Workflow/Update Add New Employee/Template/Employee Adding/Employee Set Decider' successfully

2018-10-20 18:46:34 - [TEST_CASE][PASSED] - Test Cases/Final Aug 2018 - PKS Automation/Registration Module/Workflow/Update Add New Employee/Template/Employee Adding/Employee Set Decider: Test Cases/Final Aug 2018 - PKS Automation/Registration Module/Workflow/Update Add New Employee/Template/Employee Adding/Employee Set Decider

2018-10-20 18:46:34 - [TEST_STEP][PASSED] - delay: Delayed 4 second(s)

2018-10-20 18:46:38 - [MESSAGE][PASSED] - Delayed 4 second(s)

2018-10-20 18:46:38 - [TEST_STEP][PASSED] - click: Object: 'Object Repository/Final Object Repo/Page_Update Add New Employee - ASSIST/Add Employee Button' is clicked on

2018-10-20 18:46:38 - [MESSAGE][PASSED] - Object: 'Object Repository/Final Object Repo/Page_Update Add New Employee - ASSIST/Add Employee Button' is clicked on

2018-10-20 18:46:38 - [TEST_STEP][PASSED] - delay: Delayed 3 second(s)

2018-10-20 18:46:41 - [MESSAGE][PASSED] - Delayed 3 second(s)

2018-10-20 18:46:41 - [TEST_STEP][PASSED] - setText: Text '010903091920' is set on object 'Object Repository/Final Object Repo/Page_Update Add New Employee - ASSIST/NRIC Input'

2018-10-20 18:46:41 - [MESSAGE][PASSED] - Text '010903091920' is set on object 'Object Repository/Final Object Repo/Page_Update Add New Employee - ASSIST/NRIC Input'

2018-10-20 18:46:41 - [TEST_STEP][PASSED] - click: Object: 'Object Repository/Final Object Repo/Page_Update Add New Employee - ASSIST/button for search for IC' is clicked on

2018-10-20 18:46:42 - [MESSAGE][PASSED] - Object: 'Object Repository/Final Object Repo/Page_Update Add New Employee - ASSIST/button for search for IC' is clicked on

2018-10-20 18:46:42 - [TEST_STEP][PASSED] - delay: Delayed 2 second(s)

2018-10-20 18:46:44 - [MESSAGE][PASSED] - Delayed 2 second(s)

2018-10-20 18:46:44 - [TEST_STEP][PASSED] - sendKeys: Keys 'CONTROL + a' sent to object: 'Object Repository/Final Object Repo/Page_Update Add New Employee - ASSIST/Employee Name Input'

2018-10-20 18:46:44 - [MESSAGE][PASSED] - Keys 'CONTROL + a' sent to object: 'Object Repository/Final Object Repo/Page_Update Add New Employee - ASSIST/Employee Name Input'

2018-10-20 18:46:44 - [TEST_STEP][PASSED] - sendKeys: Keys 'CONTROL + c' sent to object: 'Object Repository/Final Object Repo/Page_Update Add New Employee - ASSIST/Employee Name Input'

2018-10-20 18:46:44 - [MESSAGE][PASSED] - Keys 'CONTROL + c' sent to object: 'Object Repository/Final Object Repo/Page_Update Add New Employee - ASSIST/Employee Name Input'

2018-10-20 18:46:44 - [TEST_STEP][PASSED] - Statement - toolkit = java.awt.Toolkit.getDefaultToolkit(): null

2018-10-20 18:46:44 - [TEST_STEP][PASSED] - Statement - clipboard = toolkit.getSystemClipboard(): null

2018-10-20 18:46:44 - [TEST_STEP][PASSED] - Statement - CurrentName = clipboard.getData(stringFlavor): null

2018-10-20 18:46:44 - [TEST_STEP][PASSED] - Statement - out.println("String from Clipboard:" + CurrentName): null

2018-10-20 18:46:44 - [TEST_STEP][PASSED] - Statement - If (CurrentName == "AUTOMATE002 ELIGIBLE 1"): null

2018-10-20 18:46:44 - [TEST_STEP][PASSED] - Statement - Else If (CurrentName == "AUTOMATE003 ELIGIBLE 1"): Call Test Case 'Test Cases/Final Aug 2018 - PKS Automation/Registration Module/Workflow/Update Add New Employee/Template/Employee Adding/Employee Adding Action Repeat IC - set 2' successfully

2018-10-20 18:46:44 - [TEST_STEP][PASSED] - callTestCase: Call Test Case 'Test Cases/Final Aug 2018 - PKS Automation/Registration Module/Workflow/Update Add New Employee/Template/Employee Adding/Employee Adding Action Repeat IC - set 2' successfully

2018-10-20 18:46:44 - [TEST_CASE][PASSED] - Test Cases/Final Aug 2018 - PKS Automation/Registration Module/Workflow/Update Add New Employee/Template/Employee Adding/Employee Adding Action Repeat IC - set 2: Test Cases/Final Aug 2018 - PKS Automation/Registration Module/Workflow/Update Add New Employee/Template/Employee Adding/Employee Adding Action Repeat IC - set 2

2018-10-20 18:46:44 - [TEST_STEP][PASSED] - setText: Text 'Automate002 eligible 1' is set on object 'Object Repository/Final Object Repo/Page_Update Add New Employee - ASSIST/Employee Name Input'

2018-10-20 18:46:45 - [MESSAGE][PASSED] - Text 'Automate002 eligible 1' is set on object 'Object Repository/Final Object Repo/Page_Update Add New Employee - ASSIST/Employee Name Input'

2018-10-20 18:46:45 - [TEST_STEP][PASSED] - delay: Delayed 2 second(s)

2018-10-20 18:46:47 - [MESSAGE][PASSED] - Delayed 2 second(s)

2018-10-20 18:46:47 - [TEST_STEP][PASSED] - click: Object: 'Object Repository/Final Object Repo/Page_Update Add New Employee - ASSIST/DatePicker Pop Up' is clicked on

2018-10-20 18:46:47 - [MESSAGE][PASSED] - Object: 'Object Repository/Final Object Repo/Page_Update Add New Employee - ASSIST/DatePicker Pop Up' is clicked on

2018-10-20 18:46:47 - [TEST_STEP][PASSED] - click: Object: 'Object Repository/Final Object Repo/Page_Update Add New Employee - ASSIST/DOB Month' is clicked on

2018-10-20 18:46:47 - [MESSAGE][PASSED] - Object: 'Object Repository/Final Object Repo/Page_Update Add New Employee - ASSIST/DOB Month' is clicked on

2018-10-20 18:46:47 - [TEST_STEP][PASSED] - Statement - CurrentMonth = CurrentMonth: null

2018-10-20 18:46:47 - [TEST_STEP][PASSED] - Statement - selectMonth = new com.kms.katalon.core.testobject.TestObject(): null

2018-10-20 18:46:47 - [TEST_STEP][PASSED] - Statement - selectMonth.addProperty("xpath", EQUALS, "//body/div/div/div/select/option[@value='" + CurrentMonth + "']", true): null

2018-10-20 18:46:47 - [TEST_STEP][PASSED] - click: Object: '' is clicked on

2018-10-20 18:46:47 - [MESSAGE][PASSED] - Object: '' is clicked on

2018-10-20 18:46:47 - [TEST_STEP][PASSED] - click: Object: 'Object Repository/Final Object Repo/Page_Update Add New Employee - ASSIST/DOB Year' is clicked on

2018-10-20 18:46:47 - [MESSAGE][PASSED] - Object: 'Object Repository/Final Object Repo/Page_Update Add New Employee - ASSIST/DOB Year' is clicked on

2018-10-20 18:46:47 - [TEST_STEP][PASSED] - Statement - Eyearsbf = EighteenYrsBefore: null

2018-10-20 18:46:47 - [TEST_STEP][PASSED] - Statement - selectYear = new com.kms.katalon.core.testobject.TestObject(): null

2018-10-20 18:46:47 - [TEST_STEP][PASSED] - Statement - selectYear.addProperty("xpath", EQUALS, "//div/div/div/select/option[@value='" + Eyearsbf + "']", true): null

2018-10-20 18:46:47 - [TEST_STEP][PASSED] - click: Object: '' is clicked on

2018-10-20 18:46:47 - [MESSAGE][PASSED] - Object: '' is clicked on

2018-10-20 18:46:47 - [TEST_STEP][PASSED] - Statement - UpdatedSelectDate = com.kms.katalon.core.webui.keyword.WebUiBuiltInKeywords.modifyObjectProperty(com.kms.katalon.core.testobject.ObjectRepository.findTestObject(Final Object Repo/Page_Update Add New Employee - ASSIST/DOB Date), "xpath", "equals", "//body/div/table/tbody/tr/td/a[text()="" + CurrentDate + ""]", true): Modify property of object successfully

2018-10-20 18:46:47 - [MESSAGE][PASSED] - Modify property of object successfully

2018-10-20 18:46:47 - [TEST_STEP][PASSED] - delay: Delayed 3 second(s)

2018-10-20 18:46:50 - [MESSAGE][PASSED] - Delayed 3 second(s)

2018-10-20 18:46:50 - [TEST_STEP][PASSED] - click: Object: 'Object Repository/Final Object Repo/Page_Update Add New Employee - ASSIST/DOB Date' is clicked on

2018-10-20 18:46:50 - [MESSAGE][PASSED] - Object: 'Object Repository/Final Object Repo/Page_Update Add New Employee - ASSIST/DOB Date' is clicked on

2018-10-20 18:46:50 - [TEST_STEP][PASSED] - delay: Delayed 2 second(s)

2018-10-20 18:46:52 - [MESSAGE][PASSED] - Delayed 2 second(s)

2018-10-20 18:46:52 - [TEST_STEP][PASSED] - click: Object: 'Object Repository/Final Object Repo/Page_Update Add New Employee - ASSIST/EmploymentStartDate Pop Up' is clicked on

2018-10-20 18:46:53 - [MESSAGE][PASSED] - Object: 'Object Repository/Final Object Repo/Page_Update Add New Employee - ASSIST/EmploymentStartDate Pop Up' is clicked on

2018-10-20 18:46:53 - [TEST_STEP][PASSED] - delay: Delayed 2 second(s)

2018-10-20 18:46:55 - [MESSAGE][PASSED] - Delayed 2 second(s)

2018-10-20 18:46:55 - [TEST_STEP][PASSED] - click: Object: 'Object Repository/Final Object Repo/Page_Update Add New Employee - ASSIST/Socso Employment StartDate Month' is clicked on

2018-10-20 18:46:55 - [MESSAGE][PASSED] - Object: 'Object Repository/Final Object Repo/Page_Update Add New Employee - ASSIST/Socso Employment StartDate Month' is clicked on

2018-10-20 18:46:55 - [TEST_STEP][PASSED] - delay: Delayed 1 second(s)

2018-10-20 18:46:56 - [MESSAGE][PASSED] - Delayed 1 second(s)

2018-10-20 18:46:56 - [TEST_STEP][PASSED] - click: Object: 'Object Repository/Final Object Repo/Page_Update Add New Employee - ASSIST/Select Socso Employement Startdate Month' is clicked on

2018-10-20 18:46:56 - [MESSAGE][PASSED] - Object: 'Object Repository/Final Object Repo/Page_Update Add New Employee - ASSIST/Select Socso Employement Startdate Month' is clicked on

2018-10-20 18:46:56 - [TEST_STEP][PASSED] - delay: Delayed 2 second(s)

2018-10-20 18:46:58 - [MESSAGE][PASSED] - Delayed 2 second(s)

2018-10-20 18:46:58 - [TEST_STEP][PASSED] - click: Object: 'Object Repository/Final Object Repo/Page_Update Add New Employee - ASSIST/Socso Employment StartDate Year' is clicked on

2018-10-20 18:46:58 - [MESSAGE][PASSED] - Object: 'Object Repository/Final Object Repo/Page_Update Add New Employee - ASSIST/Socso Employment StartDate Year' is clicked on

2018-10-20 18:46:58 - [TEST_STEP][PASSED] - delay: Delayed 1 second(s)

2018-10-20 18:46:59 - [MESSAGE][PASSED] - Delayed 1 second(s)

2018-10-20 18:46:59 - [TEST_STEP][PASSED] - click: Object: 'Object Repository/Final Object Repo/Page_Update Add New Employee - ASSIST/Select Socso Employment Startdate Year' is clicked on

2018-10-20 18:46:59 - [MESSAGE][PASSED] - Object: 'Object Repository/Final Object Repo/Page_Update Add New Employee - ASSIST/Select Socso Employment Startdate Year' is clicked on

2018-10-20 18:46:59 - [TEST_STEP][PASSED] - delay: Delayed 2 second(s)

2018-10-20 18:47:01 - [MESSAGE][PASSED] - Delayed 2 second(s)

2018-10-20 18:47:01 - [TEST_STEP][PASSED] - click: Object: 'Object Repository/Final Object Repo/Page_Update Add New Employee - ASSIST/Socso Employment Start Date Day' is clicked on

2018-10-20 18:47:02 - [MESSAGE][PASSED] - Object: 'Object Repository/Final Object Repo/Page_Update Add New Employee - ASSIST/Socso Employment Start Date Day' is clicked on

2018-10-20 18:47:02 - [TEST_STEP][PASSED] - delay: Delayed 2 second(s)

2018-10-20 18:47:04 - [MESSAGE][PASSED] - Delayed 2 second(s)

2018-10-20 18:47:04 - [TEST_STEP][PASSED] - click: Object: 'Object Repository/Final Object Repo/Page_Update Add New Employee - ASSIST/Save Button for Add Employee' is clicked on

2018-10-20 18:47:04 - [MESSAGE][PASSED] - Object: 'Object Repository/Final Object Repo/Page_Update Add New Employee - ASSIST/Save Button for Add Employee' is clicked on

2018-10-20 18:47:04 - [TEST_STEP][PASSED] - delay: Delayed 10 second(s)

2018-10-20 18:47:14 - [MESSAGE][PASSED] - Delayed 10 second(s)

2018-10-20 18:47:14 - [TEST_STEP][PASSED] - click: Object: 'Object Repository/Final Object Repo/Page_Update Add New Employee - ASSIST/Add Employee Button' is clicked on

2018-10-20 18:47:14 - [MESSAGE][PASSED] - Object: 'Object Repository/Final Object Repo/Page_Update Add New Employee - ASSIST/Add Employee Button' is clicked on

2018-10-20 18:47:14 - [TEST_STEP][PASSED] - delay: Delayed 6 second(s)

2018-10-20 18:47:20 - [MESSAGE][PASSED] - Delayed 6 second(s)

2018-10-20 18:47:20 - [TEST_STEP][PASSED] - setText: Text '620904059600' is set on object 'Object Repository/Final Object Repo/Page_Update Add New Employee - ASSIST/NRIC Input'

2018-10-20 18:47:20 - [MESSAGE][PASSED] - Text '620904059600' is set on object 'Object Repository/Final Object Repo/Page_Update Add New Employee - ASSIST/NRIC Input'

2018-10-20 18:47:20 - [TEST_STEP][PASSED] - click: Object: 'Object Repository/Final Object Repo/Page_Update Add New Employee - ASSIST/button for search for IC' is clicked on

2018-10-20 18:47:20 - [MESSAGE][PASSED] - Object: 'Object Repository/Final Object Repo/Page_Update Add New Employee - ASSIST/button for search for IC' is clicked on

2018-10-20 18:47:20 - [TEST_STEP][PASSED] - delay: Delayed 2 second(s)

2018-10-20 18:47:22 - [MESSAGE][PASSED] - Delayed 2 second(s)

2018-10-20 18:47:22 - [TEST_STEP][PASSED] - setText: Text 'Automate002 eligible 2' is set on object 'Object Repository/Final Object Repo/Page_Update Add New Employee - ASSIST/Employee Name Input'

2018-10-20 18:47:23 - [MESSAGE][PASSED] - Text 'Automate002 eligible 2' is set on object 'Object Repository/Final Object Repo/Page_Update Add New Employee - ASSIST/Employee Name Input'

2018-10-20 18:47:23 - [TEST_STEP][PASSED] - delay: Delayed 2 second(s)

2018-10-20 18:47:25 - [MESSAGE][PASSED] - Delayed 2 second(s)

2018-10-20 18:47:25 - [TEST_STEP][PASSED] - click: Object: 'Object Repository/Final Object Repo/Page_Update Add New Employee - ASSIST/DatePicker Pop Up' is clicked on

2018-10-20 18:47:25 - [MESSAGE][PASSED] - Object: 'Object Repository/Final Object Repo/Page_Update Add New Employee - ASSIST/DatePicker Pop Up' is clicked on

2018-10-20 18:47:25 - [TEST_STEP][PASSED] - delay: Delayed 2 second(s)

2018-10-20 18:47:27 - [MESSAGE][PASSED] - Delayed 2 second(s)

2018-10-20 18:47:27 - [TEST_STEP][PASSED] - click: Object: 'Object Repository/Final Object Repo/Page_Update Add New Employee - ASSIST/DOB Month' is clicked on

2018-10-20 18:47:27 - [MESSAGE][PASSED] - Object: 'Object Repository/Final Object Repo/Page_Update Add New Employee - ASSIST/DOB Month' is clicked on

2018-10-20 18:47:27 - [TEST_STEP][PASSED] - Statement - selectMonth = com.kms.katalon.core.webui.keyword.WebUiBuiltInKeywords.modifyObjectProperty(selectMonth, "xpath", "equals", "//body/div/div/div/select/option[@value="" + CurrentMonth + ""]", true): Modify property of object successfully

2018-10-20 18:47:27 - [MESSAGE][PASSED] - Modify property of object successfully

2018-10-20 18:47:27 - [TEST_STEP][PASSED] - click: Object: '' is clicked on

2018-10-20 18:47:27 - [MESSAGE][PASSED] - Object: '' is clicked on

2018-10-20 18:47:27 - [TEST_STEP][PASSED] - click: Object: 'Object Repository/Final Object Repo/Page_Update Add New Employee - ASSIST/DOB Year' is clicked on

2018-10-20 18:47:28 - [MESSAGE][PASSED] - Object: 'Object Repository/Final Object Repo/Page_Update Add New Employee - ASSIST/DOB Year' is clicked on

2018-10-20 18:47:28 - [TEST_STEP][PASSED] - Statement - selectYear = com.kms.katalon.core.webui.keyword.WebUiBuiltInKeywords.modifyObjectProperty(selectYear, "xpath", "equals", "//div/div/div/select/option[@value="" + FiftysevenYrsBefore + ""]", true): Modify property of object successfully

2018-10-20 18:47:28 - [MESSAGE][PASSED] - Modify property of object successfully

2018-10-20 18:47:28 - [TEST_STEP][PASSED] - click: Object: '' is clicked on

2018-10-20 18:47:28 - [MESSAGE][PASSED] - Object: '' is clicked on

2018-10-20 18:47:28 - [TEST_STEP][PASSED] - Statement - UpdatedSelectDate = com.kms.katalon.core.webui.keyword.WebUiBuiltInKeywords.modifyObjectProperty(com.kms.katalon.core.testobject.ObjectRepository.findTestObject(Final Object Repo/Page_Update Add New Employee - ASSIST/DOB Date), "xpath", "equals", "//body/div/table/tbody/tr/td/a[text()="" + OneDayBefore + ""]", true): Modify property of object successfully

2018-10-20 18:47:28 - [MESSAGE][PASSED] - Modify property of object successfully

2018-10-20 18:47:28 - [TEST_STEP][PASSED] - click: Object: 'Object Repository/Final Object Repo/Page_Update Add New Employee - ASSIST/DOB Date' is clicked on

2018-10-20 18:47:28 - [MESSAGE][PASSED] - Object: 'Object Repository/Final Object Repo/Page_Update Add New Employee - ASSIST/DOB Date' is clicked on

2018-10-20 18:47:28 - [TEST_STEP][PASSED] - delay: Delayed 2 second(s)

2018-10-20 18:47:30 - [MESSAGE][PASSED] - Delayed 2 second(s)

2018-10-20 18:47:30 - [TEST_STEP][PASSED] - click: Object: 'Object Repository/Final Object Repo/Page_Update Add New Employee - ASSIST/EmploymentStartDate Pop Up' is clicked on

2018-10-20 18:47:30 - [MESSAGE][PASSED] - Object: 'Object Repository/Final Object Repo/Page_Update Add New Employee - ASSIST/EmploymentStartDate Pop Up' is clicked on

2018-10-20 18:47:30 - [TEST_STEP][PASSED] - delay: Delayed 2 second(s)

2018-10-20 18:47:32 - [MESSAGE][PASSED] - Delayed 2 second(s)

2018-10-20 18:47:32 - [TEST_STEP][PASSED] - click: Object: 'Object Repository/Final Object Repo/Page_Update Add New Employee - ASSIST/Socso Employment StartDate Month' is clicked on

2018-10-20 18:47:32 - [MESSAGE][PASSED] - Object: 'Object Repository/Final Object Repo/Page_Update Add New Employee - ASSIST/Socso Employment StartDate Month' is clicked on

2018-10-20 18:47:32 - [TEST_STEP][PASSED] - delay: Delayed 1 second(s)

2018-10-20 18:47:33 - [MESSAGE][PASSED] - Delayed 1 second(s)

2018-10-20 18:47:33 - [TEST_STEP][PASSED] - click: Object: 'Object Repository/Final Object Repo/Page_Update Add New Employee - ASSIST/Select Socso Employement Startdate Month' is clicked on

2018-10-20 18:47:33 - [MESSAGE][PASSED] - Object: 'Object Repository/Final Object Repo/Page_Update Add New Employee - ASSIST/Select Socso Employement Startdate Month' is clicked on

2018-10-20 18:47:33 - [TEST_STEP][PASSED] - delay: Delayed 2 second(s)

2018-10-20 18:47:35 - [MESSAGE][PASSED] - Delayed 2 second(s)

2018-10-20 18:47:35 - [TEST_STEP][PASSED] - click: Object: 'Object Repository/Final Object Repo/Page_Update Add New Employee - ASSIST/Socso Employment StartDate Year' is clicked on

2018-10-20 18:47:35 - [MESSAGE][PASSED] - Object: 'Object Repository/Final Object Repo/Page_Update Add New Employee - ASSIST/Socso Employment StartDate Year' is clicked on

2018-10-20 18:47:35 - [TEST_STEP][PASSED] - delay: Delayed 1 second(s)

2018-10-20 18:47:36 - [MESSAGE][PASSED] - Delayed 1 second(s)

2018-10-20 18:47:36 - [TEST_STEP][PASSED] - click: Object: 'Object Repository/Final Object Repo/Page_Update Add New Employee - ASSIST/Select Socso Employment Startdate Year' is clicked on

2018-10-20 18:47:37 - [MESSAGE][PASSED] - Object: 'Object Repository/Final Object Repo/Page_Update Add New Employee - ASSIST/Select Socso Employment Startdate Year' is clicked on

2018-10-20 18:47:37 - [TEST_STEP][PASSED] - delay: Delayed 2 second(s)

2018-10-20 18:47:39 - [MESSAGE][PASSED] - Delayed 2 second(s)

2018-10-20 18:47:39 - [TEST_STEP][PASSED] - click: Object: 'Object Repository/Final Object Repo/Page_Update Add New Employee - ASSIST/Socso Employment Start Date Day' is clicked on

2018-10-20 18:47:39 - [MESSAGE][PASSED] - Object: 'Object Repository/Final Object Repo/Page_Update Add New Employee - ASSIST/Socso Employment Start Date Day' is clicked on

2018-10-20 18:47:39 - [TEST_STEP][PASSED] - delay: Delayed 2 second(s)

2018-10-20 18:47:41 - [MESSAGE][PASSED] - Delayed 2 second(s)

2018-10-20 18:47:41 - [TEST_STEP][PASSED] - click: Object: 'Object Repository/Final Object Repo/Page_Update Add New Employee - ASSIST/Save Button for Add Employee' is clicked on

2018-10-20 18:47:41 - [MESSAGE][PASSED] - Object: 'Object Repository/Final Object Repo/Page_Update Add New Employee - ASSIST/Save Button for Add Employee' is clicked on

2018-10-20 18:47:41 - [TEST_STEP][PASSED] - delay: Delayed 5 second(s)

2018-10-20 18:47:46 - [MESSAGE][PASSED] - Delayed 5 second(s)

2018-10-20 18:47:46 - [TEST_STEP][PASSED] - waitForElementClickable: Object 'Object Repository/Final Object Repo/Page_Update Add New Employee - ASSIST/Add Employee Button' is clickable

2018-10-20 18:47:46 - [MESSAGE][PASSED] - Object 'Object Repository/Final Object Repo/Page_Update Add New Employee - ASSIST/Add Employee Button' is clickable

2018-10-20 18:47:46 - [TEST_STEP][PASSED] - click: Object: 'Object Repository/Final Object Repo/Page_Update Add New Employee - ASSIST/Add Employee Button' is clicked on

2018-10-20 18:47:46 - [MESSAGE][PASSED] - Object: 'Object Repository/Final Object Repo/Page_Update Add New Employee - ASSIST/Add Employee Button' is clicked on

2018-10-20 18:47:46 - [TEST_STEP][PASSED] - delay: Delayed 4 second(s)

2018-10-20 18:47:50 - [MESSAGE][PASSED] - Delayed 4 second(s)

2018-10-20 18:47:50 - [TEST_STEP][PASSED] - setText: Text '000209039100' is set on object 'Object Repository/Final Object Repo/Page_Update Add New Employee - ASSIST/NRIC Input'

2018-10-20 18:47:51 - [MESSAGE][PASSED] - Text '000209039100' is set on object 'Object Repository/Final Object Repo/Page_Update Add New Employee - ASSIST/NRIC Input'

2018-10-20 18:47:51 - [TEST_STEP][PASSED] - click: Object: 'Object Repository/Final Object Repo/Page_Update Add New Employee - ASSIST/button for search for IC' is clicked on

2018-10-20 18:47:51 - [MESSAGE][PASSED] - Object: 'Object Repository/Final Object Repo/Page_Update Add New Employee - ASSIST/button for search for IC' is clicked on

2018-10-20 18:47:51 - [TEST_STEP][PASSED] - delay: Delayed 2 second(s)

2018-10-20 18:47:53 - [MESSAGE][PASSED] - Delayed 2 second(s)

2018-10-20 18:47:53 - [TEST_STEP][PASSED] - setText: Text 'Automate002 not eligible 1' is set on object 'Object Repository/Final Object Repo/Page_Update Add New Employee - ASSIST/Employee Name Input'

2018-10-20 18:47:53 - [MESSAGE][PASSED] - Text 'Automate002 not eligible 1' is set on object 'Object Repository/Final Object Repo/Page_Update Add New Employee - ASSIST/Employee Name Input'

2018-10-20 18:47:53 - [TEST_STEP][PASSED] - delay: Delayed 2 second(s)

2018-10-20 18:47:55 - [MESSAGE][PASSED] - Delayed 2 second(s)

2018-10-20 18:47:55 - [TEST_STEP][PASSED] - click: Object: 'Object Repository/Final Object Repo/Page_Update Add New Employee - ASSIST/DatePicker Pop Up' is clicked on

2018-10-20 18:47:55 - [MESSAGE][PASSED] - Object: 'Object Repository/Final Object Repo/Page_Update Add New Employee - ASSIST/DatePicker Pop Up' is clicked on

2018-10-20 18:47:55 - [TEST_STEP][PASSED] - delay: Delayed 2 second(s)

2018-10-20 18:47:57 - [MESSAGE][PASSED] - Delayed 2 second(s)

2018-10-20 18:47:57 - [TEST_STEP][PASSED] - click: Object: 'Object Repository/Final Object Repo/Page_Update Add New Employee - ASSIST/DOB Month' is clicked on

2018-10-20 18:47:58 - [MESSAGE][PASSED] - Object: 'Object Repository/Final Object Repo/Page_Update Add New Employee - ASSIST/DOB Month' is clicked on

2018-10-20 18:47:58 - [TEST_STEP][PASSED] - Statement - selectMonth = com.kms.katalon.core.webui.keyword.WebUiBuiltInKeywords.modifyObjectProperty(selectMonth, "xpath", "equals", "//body/div/div/div/select/option[@value="" + CurrentMonth + ""]", true): Modify property of object successfully

2018-10-20 18:47:58 - [MESSAGE][PASSED] - Modify property of object successfully

2018-10-20 18:47:58 - [TEST_STEP][PASSED] - click: Object: '' is clicked on

2018-10-20 18:47:58 - [MESSAGE][PASSED] - Object: '' is clicked on

2018-10-20 18:47:58 - [TEST_STEP][PASSED] - click: Object: 'Object Repository/Final Object Repo/Page_Update Add New Employee - ASSIST/DOB Year' is clicked on

2018-10-20 18:47:58 - [MESSAGE][PASSED] - Object: 'Object Repository/Final Object Repo/Page_Update Add New Employee - ASSIST/DOB Year' is clicked on

2018-10-20 18:47:58 - [TEST_STEP][PASSED] - Statement - selectYear = com.kms.katalon.core.webui.keyword.WebUiBuiltInKeywords.modifyObjectProperty(selectYear, "xpath", "equals", "//div/div/div/select/option[@value="" + EighteenYrsBefore + ""]", true): Modify property of object successfully

2018-10-20 18:47:58 - [MESSAGE][PASSED] - Modify property of object successfully

2018-10-20 18:47:58 - [TEST_STEP][PASSED] - click: Object: '' is clicked on

2018-10-20 18:47:58 - [MESSAGE][PASSED] - Object: '' is clicked on

2018-10-20 18:47:58 - [TEST_STEP][PASSED] - Statement - UpdatedSelectDate = com.kms.katalon.core.webui.keyword.WebUiBuiltInKeywords.modifyObjectProperty(com.kms.katalon.core.testobject.ObjectRepository.findTestObject(Final Object Repo/Page_Update Add New Employee - ASSIST/DOB Date), "xpath", "equals", "//body/div/table/tbody/tr/td/a[text()="" + OneDayBefore + ""]", true): Modify property of object successfully

2018-10-20 18:47:58 - [MESSAGE][PASSED] - Modify property of object successfully

2018-10-20 18:47:58 - [TEST_STEP][PASSED] - click: Object: 'Object Repository/Final Object Repo/Page_Update Add New Employee - ASSIST/DOB Date' is clicked on

2018-10-20 18:47:58 - [MESSAGE][PASSED] - Object: 'Object Repository/Final Object Repo/Page_Update Add New Employee - ASSIST/DOB Date' is clicked on

2018-10-20 18:47:58 - [TEST_STEP][PASSED] - delay: Delayed 2 second(s)

2018-10-20 18:48:00 - [MESSAGE][PASSED] - Delayed 2 second(s)

2018-10-20 18:48:00 - [TEST_STEP][PASSED] - click: Object: 'Object Repository/Final Object Repo/Page_Update Add New Employee - ASSIST/EmploymentStartDate Pop Up' is clicked on

2018-10-20 18:48:00 - [MESSAGE][PASSED] - Object: 'Object Repository/Final Object Repo/Page_Update Add New Employee - ASSIST/EmploymentStartDate Pop Up' is clicked on

2018-10-20 18:48:00 - [TEST_STEP][PASSED] - delay: Delayed 2 second(s)

2018-10-20 18:48:02 - [MESSAGE][PASSED] - Delayed 2 second(s)

2018-10-20 18:48:02 - [TEST_STEP][PASSED] - click: Object: 'Object Repository/Final Object Repo/Page_Update Add New Employee - ASSIST/Socso Employment StartDate Month' is clicked on

2018-10-20 18:48:02 - [MESSAGE][PASSED] - Object: 'Object Repository/Final Object Repo/Page_Update Add New Employee - ASSIST/Socso Employment StartDate Month' is clicked on

2018-10-20 18:48:02 - [TEST_STEP][PASSED] - delay: Delayed 1 second(s)

2018-10-20 18:48:03 - [MESSAGE][PASSED] - Delayed 1 second(s)

2018-10-20 18:48:03 - [TEST_STEP][PASSED] - click: Object: 'Object Repository/Final Object Repo/Page_Update Add New Employee - ASSIST/Select Socso Employement Startdate Month' is clicked on

2018-10-20 18:48:04 - [MESSAGE][PASSED] - Object: 'Object Repository/Final Object Repo/Page_Update Add New Employee - ASSIST/Select Socso Employement Startdate Month' is clicked on

2018-10-20 18:48:04 - [TEST_STEP][PASSED] - delay: Delayed 2 second(s)

2018-10-20 18:48:06 - [MESSAGE][PASSED] - Delayed 2 second(s)

2018-10-20 18:48:06 - [TEST_STEP][PASSED] - click: Object: 'Object Repository/Final Object Repo/Page_Update Add New Employee - ASSIST/Socso Employment StartDate Year' is clicked on

2018-10-20 18:48:06 - [MESSAGE][PASSED] - Object: 'Object Repository/Final Object Repo/Page_Update Add New Employee - ASSIST/Socso Employment StartDate Year' is clicked on

2018-10-20 18:48:06 - [TEST_STEP][PASSED] - delay: Delayed 1 second(s)

2018-10-20 18:48:07 - [MESSAGE][PASSED] - Delayed 1 second(s)

2018-10-20 18:48:07 - [TEST_STEP][PASSED] - click: Object: 'Object Repository/Final Object Repo/Page_Update Add New Employee - ASSIST/Select Socso Employment Startdate Year' is clicked on

2018-10-20 18:48:07 - [MESSAGE][PASSED] - Object: 'Object Repository/Final Object Repo/Page_Update Add New Employee - ASSIST/Select Socso Employment Startdate Year' is clicked on

2018-10-20 18:48:07 - [TEST_STEP][PASSED] - delay: Delayed 2 second(s)

2018-10-20 18:48:09 - [MESSAGE][PASSED] - Delayed 2 second(s)

2018-10-20 18:48:09 - [TEST_STEP][PASSED] - click: Object: 'Object Repository/Final Object Repo/Page_Update Add New Employee - ASSIST/Socso Employment Start Date Day' is clicked on

2018-10-20 18:48:09 - [MESSAGE][PASSED] - Object: 'Object Repository/Final Object Repo/Page_Update Add New Employee - ASSIST/Socso Employment Start Date Day' is clicked on

2018-10-20 18:48:09 - [TEST_STEP][PASSED] - delay: Delayed 2 second(s)

2018-10-20 18:48:11 - [MESSAGE][PASSED] - Delayed 2 second(s)

2018-10-20 18:48:11 - [TEST_STEP][PASSED] - click: Object: 'Object Repository/Final Object Repo/Page_Update Add New Employee - ASSIST/Save Button for Add Employee' is clicked on

2018-10-20 18:48:11 - [MESSAGE][PASSED] - Object: 'Object Repository/Final Object Repo/Page_Update Add New Employee - ASSIST/Save Button for Add Employee' is clicked on

2018-10-20 18:48:11 - [TEST_STEP][PASSED] - delay: Delayed 20 second(s)

2018-10-20 18:48:31 - [MESSAGE][PASSED] - Delayed 20 second(s)

2018-10-20 18:48:31 - [TEST_STEP][PASSED] - click: Object: 'Object Repository/Final Object Repo/Page_Update Add New Employee - ASSIST/Add Employee Button' is clicked on

2018-10-20 18:48:32 - [MESSAGE][PASSED] - Object: 'Object Repository/Final Object Repo/Page_Update Add New Employee - ASSIST/Add Employee Button' is clicked on

2018-10-20 18:48:32 - [TEST_STEP][PASSED] - delay: Delayed 4 second(s)

2018-10-20 18:48:36 - [MESSAGE][PASSED] - Delayed 4 second(s)

2018-10-20 18:48:36 - [TEST_STEP][PASSED] - setText: Text '600203039104' is set on object 'Object Repository/Final Object Repo/Page_Update Add New Employee - ASSIST/NRIC Input'

2018-10-20 18:48:36 - [MESSAGE][PASSED] - Text '600203039104' is set on object 'Object Repository/Final Object Repo/Page_Update Add New Employee - ASSIST/NRIC Input'

2018-10-20 18:48:36 - [TEST_STEP][PASSED] - click: Object: 'Object Repository/Final Object Repo/Page_Update Add New Employee - ASSIST/button for search for IC' is clicked on

2018-10-20 18:48:36 - [MESSAGE][PASSED] - Object: 'Object Repository/Final Object Repo/Page_Update Add New Employee - ASSIST/button for search for IC' is clicked on

2018-10-20 18:48:36 - [TEST_STEP][PASSED] - delay: Delayed 2 second(s)

2018-10-20 18:48:38 - [MESSAGE][PASSED] - Delayed 2 second(s)

2018-10-20 18:48:38 - [TEST_STEP][PASSED] - setText: Text 'Automate002 not eligible 2' is set on object 'Object Repository/Final Object Repo/Page_Update Add New Employee - ASSIST/Employee Name Input'

2018-10-20 18:48:39 - [MESSAGE][PASSED] - Text 'Automate002 not eligible 2' is set on object 'Object Repository/Final Object Repo/Page_Update Add New Employee - ASSIST/Employee Name Input'

2018-10-20 18:48:39 - [TEST_STEP][PASSED] - delay: Delayed 2 second(s)

2018-10-20 18:48:41 - [MESSAGE][PASSED] - Delayed 2 second(s)

2018-10-20 18:48:41 - [TEST_STEP][PASSED] - click: Object: 'Object Repository/Final Object Repo/Page_Update Add New Employee - ASSIST/DatePicker Pop Up' is clicked on

2018-10-20 18:48:41 - [MESSAGE][PASSED] - Object: 'Object Repository/Final Object Repo/Page_Update Add New Employee - ASSIST/DatePicker Pop Up' is clicked on

2018-10-20 18:48:41 - [TEST_STEP][PASSED] - delay: Delayed 2 second(s)

2018-10-20 18:48:43 - [MESSAGE][PASSED] - Delayed 2 second(s)

2018-10-20 18:48:43 - [TEST_STEP][PASSED] - click: Object: 'Object Repository/Final Object Repo/Page_Update Add New Employee - ASSIST/DOB Month' is clicked on

2018-10-20 18:48:43 - [MESSAGE][PASSED] - Object: 'Object Repository/Final Object Repo/Page_Update Add New Employee - ASSIST/DOB Month' is clicked on

2018-10-20 18:48:43 - [TEST_STEP][PASSED] - Statement - selectMonth = com.kms.katalon.core.webui.keyword.WebUiBuiltInKeywords.modifyObjectProperty(selectMonth, "xpath", "equals", "//body/div/div/div/select/option[@value="" + CurrentMonth + ""]", true): Modify property of object successfully

2018-10-20 18:48:43 - [MESSAGE][PASSED] - Modify property of object successfully

2018-10-20 18:48:43 - [TEST_STEP][PASSED] - click: Object: '' is clicked on

2018-10-20 18:48:43 - [MESSAGE][PASSED] - Object: '' is clicked on

2018-10-20 18:48:43 - [TEST_STEP][PASSED] - click: Object: 'Object Repository/Final Object Repo/Page_Update Add New Employee - ASSIST/DOB Year' is clicked on

2018-10-20 18:48:43 - [MESSAGE][PASSED] - Object: 'Object Repository/Final Object Repo/Page_Update Add New Employee - ASSIST/DOB Year' is clicked on

2018-10-20 18:48:43 - [TEST_STEP][PASSED] - Statement - selectYear = com.kms.katalon.core.webui.keyword.WebUiBuiltInKeywords.modifyObjectProperty(selectYear, "xpath", "equals", "//div/div/div/select/option[@value="" + FiftysevenYrsBefore + ""]", true): Modify property of object successfully

2018-10-20 18:48:43 - [MESSAGE][PASSED] - Modify property of object successfully

2018-10-20 18:48:43 - [TEST_STEP][PASSED] - click: Object: '' is clicked on

2018-10-20 18:48:43 - [MESSAGE][PASSED] - Object: '' is clicked on

2018-10-20 18:48:43 - [TEST_STEP][PASSED] - Statement - UpdatedSelectDate = com.kms.katalon.core.webui.keyword.WebUiBuiltInKeywords.modifyObjectProperty(com.kms.katalon.core.testobject.ObjectRepository.findTestObject(Final Object Repo/Page_Update Add New Employee - ASSIST/DOB Date), "xpath", "equals", "//body/div/table/tbody/tr/td/a[text()="" + CurrentDate + ""]", true): Modify property of object successfully

2018-10-20 18:48:43 - [MESSAGE][PASSED] - Modify property of object successfully

2018-10-20 18:48:43 - [TEST_STEP][PASSED] - click: Object: 'Object Repository/Final Object Repo/Page_Update Add New Employee - ASSIST/DOB Date' is clicked on

2018-10-20 18:48:43 - [MESSAGE][PASSED] - Object: 'Object Repository/Final Object Repo/Page_Update Add New Employee - ASSIST/DOB Date' is clicked on

2018-10-20 18:48:43 - [TEST_STEP][PASSED] - click: Object: 'Object Repository/Final Object Repo/Page_Update Add New Employee - ASSIST/EmploymentStartDate Pop Up' is clicked on

2018-10-20 18:48:44 - [MESSAGE][PASSED] - Object: 'Object Repository/Final Object Repo/Page_Update Add New Employee - ASSIST/EmploymentStartDate Pop Up' is clicked on

2018-10-20 18:48:44 - [TEST_STEP][PASSED] - delay: Delayed 2 second(s)

2018-10-20 18:48:46 - [MESSAGE][PASSED] - Delayed 2 second(s)

2018-10-20 18:48:46 - [TEST_STEP][PASSED] - click: Object: 'Object Repository/Final Object Repo/Page_Update Add New Employee - ASSIST/Socso Employment StartDate Month' is clicked on

2018-10-20 18:48:46 - [MESSAGE][PASSED] - Object: 'Object Repository/Final Object Repo/Page_Update Add New Employee - ASSIST/Socso Employment StartDate Month' is clicked on

2018-10-20 18:48:46 - [TEST_STEP][PASSED] - delay: Delayed 1 second(s)

2018-10-20 18:48:47 - [MESSAGE][PASSED] - Delayed 1 second(s)

2018-10-20 18:48:47 - [TEST_STEP][PASSED] - click: Object: 'Object Repository/Final Object Repo/Page_Update Add New Employee - ASSIST/Select Socso Employement Startdate Month' is clicked on

2018-10-20 18:48:47 - [MESSAGE][PASSED] - Object: 'Object Repository/Final Object Repo/Page_Update Add New Employee - ASSIST/Select Socso Employement Startdate Month' is clicked on

2018-10-20 18:48:47 - [TEST_STEP][PASSED] - delay: Delayed 2 second(s)

2018-10-20 18:48:49 - [MESSAGE][PASSED] - Delayed 2 second(s)

2018-10-20 18:48:49 - [TEST_STEP][PASSED] - click: Object: 'Object Repository/Final Object Repo/Page_Update Add New Employee - ASSIST/Socso Employment StartDate Year' is clicked on

2018-10-20 18:48:49 - [MESSAGE][PASSED] - Object: 'Object Repository/Final Object Repo/Page_Update Add New Employee - ASSIST/Socso Employment StartDate Year' is clicked on

2018-10-20 18:48:49 - [TEST_STEP][PASSED] - delay: Delayed 1 second(s)

2018-10-20 18:48:50 - [MESSAGE][PASSED] - Delayed 1 second(s)

2018-10-20 18:48:50 - [TEST_STEP][PASSED] - click: Object: 'Object Repository/Final Object Repo/Page_Update Add New Employee - ASSIST/Select Socso Employment Startdate Year' is clicked on

2018-10-20 18:48:50 - [MESSAGE][PASSED] - Object: 'Object Repository/Final Object Repo/Page_Update Add New Employee - ASSIST/Select Socso Employment Startdate Year' is clicked on

2018-10-20 18:48:50 - [TEST_STEP][PASSED] - delay: Delayed 2 second(s)

2018-10-20 18:48:52 - [MESSAGE][PASSED] - Delayed 2 second(s)

2018-10-20 18:48:52 - [TEST_STEP][PASSED] - click: Object: 'Object Repository/Final Object Repo/Page_Update Add New Employee - ASSIST/Socso Employment Start Date Day' is clicked on

2018-10-20 18:48:52 - [MESSAGE][PASSED] - Object: 'Object Repository/Final Object Repo/Page_Update Add New Employee - ASSIST/Socso Employment Start Date Day' is clicked on

2018-10-20 18:48:52 - [TEST_STEP][PASSED] - delay: Delayed 2 second(s)

2018-10-20 18:48:54 - [MESSAGE][PASSED] - Delayed 2 second(s)

2018-10-20 18:48:54 - [TEST_STEP][PASSED] - click: Object: 'Object Repository/Final Object Repo/Page_Update Add New Employee - ASSIST/Save Button for Add Employee' is clicked on

2018-10-20 18:48:55 - [MESSAGE][PASSED] - Object: 'Object Repository/Final Object Repo/Page_Update Add New Employee - ASSIST/Save Button for Add Employee' is clicked on

2018-10-20 18:48:55 - [MESSAGE][PASSED] - Call Test Case 'Test Cases/Final Aug 2018 - PKS Automation/Registration Module/Workflow/Update Add New Employee/Template/Employee Adding/Employee Adding Action Repeat IC - set 2' successfully

2018-10-20 18:48:55 - [MESSAGE][PASSED] - Call Test Case 'Test Cases/Final Aug 2018 - PKS Automation/Registration Module/Workflow/Update Add New Employee/Template/Employee Adding/Employee Set Decider' successfully

2018-10-20 18:48:55 - [TEST_STEP][PASSED] - delay: Delayed 4 second(s)

2018-10-20 18:48:59 - [MESSAGE][PASSED] - Delayed 4 second(s)

2018-10-20 18:48:59 - [TEST_STEP][PASSED] - Statement - CaseReferenceNo = com.kms.katalon.core.webui.keyword.WebUiBuiltInKeywords.getText(com.kms.katalon.core.testobject.ObjectRepository.findTestObject(Final Object Repo/Page_Update Add New Employee - ASSIST/RefNo)): Text of object 'Object Repository/Final Object Repo/Page_Update Add New Employee - ASSIST/RefNo' is: 'CAN10201800002064'

2018-10-20 18:48:59 - [MESSAGE][PASSED] - Text of object 'Object Repository/Final Object Repo/Page_Update Add New Employee - ASSIST/RefNo' is: 'CAN10201800002064'

2018-10-20 18:48:59 - [TEST_STEP][PASSED] - callTestCase: Call Test Case 'Test Cases/Final Aug 2018 - PKS Automation/Common/Reference Number Setter' successfully

2018-10-20 18:48:59 - [TEST_CASE][PASSED] - Test Cases/Final Aug 2018 - PKS Automation/Common/Reference Number Setter: Test Cases/Final Aug 2018 - PKS Automation/Common/Reference Number Setter

2018-10-20 18:48:59 - [TEST_STEP][PASSED] - Statement - RefNoOldFile = new java.io.File(C://KatalonReference.txt): null

2018-10-20 18:48:59 - [TEST_STEP][PASSED] - Statement - RefNoOldFile.delete(): null

2018-10-20 18:48:59 - [TEST_STEP][PASSED] - Statement - RefNo = new java.io.File(C://KatalonReference.txt): null

2018-10-20 18:48:59 - [TEST_STEP][PASSED] - Statement - RefNo.append(CaseReferenceNo): null

2018-10-20 18:48:59 - [TEST_STEP][PASSED] - Statement - out.println("


" + CaseReferenceNo + "


"): null

2018-10-20 18:48:59 - [MESSAGE][PASSED] - Call Test Case 'Test Cases/Final Aug 2018 - PKS Automation/Common/Reference Number Setter' successfully

2018-10-20 18:48:59 - [TEST_STEP][PASSED] - delay: Delayed 5 second(s)

2018-10-20 18:49:04 - [MESSAGE][PASSED] - Delayed 5 second(s)

2018-10-20 18:49:04 - [TEST_STEP][PASSED] - click: Object: 'Object Repository/Final Object Repo/Page_Update Add New Employee - ASSIST/Save  Continue Button' is clicked on

2018-10-20 18:49:04 - [MESSAGE][PASSED] - Object: 'Object Repository/Final Object Repo/Page_Update Add New Employee - ASSIST/Save  Continue Button' is clicked on

2018-10-20 18:49:04 - [TEST_STEP][PASSED] - delay: Delayed 5 second(s)

2018-10-20 18:49:09 - [MESSAGE][PASSED] - Delayed 5 second(s)

2018-10-20 18:49:09 - [TEST_STEP][PASSED] - click: Object: 'Object Repository/Final Object Repo/Page_Update Add New Employee - ASSIST/Save  Continue Third Screen' is clicked on

2018-10-20 18:49:12 - [MESSAGE][PASSED] - Object: 'Object Repository/Final Object Repo/Page_Update Add New Employee - ASSIST/Save  Continue Third Screen' is clicked on

2018-10-20 18:49:12 - [TEST_STEP][PASSED] - delay: Delayed 4 second(s)

2018-10-20 18:49:16 - [MESSAGE][PASSED] - Delayed 4 second(s)

2018-10-20 18:49:16 - [TEST_STEP][PASSED] - click: Object: 'Object Repository/Final Object Repo/Page_Update Add New Employee - ASSIST/Save   Continue Supporting Doc Page' is clicked on

2018-10-20 18:49:17 - [MESSAGE][PASSED] - Object: 'Object Repository/Final Object Repo/Page_Update Add New Employee - ASSIST/Save   Continue Supporting Doc Page' is clicked on

2018-10-20 18:49:17 - [TEST_STEP][PASSED] - delay: Delayed 4 second(s)

2018-10-20 18:49:21 - [MESSAGE][PASSED] - Delayed 4 second(s)

2018-10-20 18:49:21 - [TEST_STEP][PASSED] - click: Object: 'Object Repository/Final Object Repo/Page_Update Add New Employee - ASSIST/Submit Button' is clicked on

2018-10-20 18:49:21 - [MESSAGE][PASSED] - Object: 'Object Repository/Final Object Repo/Page_Update Add New Employee - ASSIST/Submit Button' is clicked on

2018-10-20 18:49:21 - [TEST_STEP][PASSED] - delay: Delayed 4 second(s)

2018-10-20 18:49:25 - [MESSAGE][PASSED] - Delayed 4 second(s)

2018-10-20 18:49:25 - [TEST_STEP][PASSED] - click: Object: 'Object Repository/Final Object Repo/Page_Update Add New Employee - ASSIST/Confirm Submit Button' is clicked on

2018-10-20 18:49:25 - [MESSAGE][PASSED] - Object: 'Object Repository/Final Object Repo/Page_Update Add New Employee - ASSIST/Confirm Submit Button' is clicked on

2018-10-20 18:49:25 - [TEST_STEP][PASSED] - delay: Delayed 30 second(s)

2018-10-20 18:49:55 - [MESSAGE][PASSED] - Delayed 30 second(s)

2018-10-20 18:49:55 - [TEST_STEP][PASSED] - callTestCase: Call Test Case 'Test Cases/Final Aug 2018 - PKS Automation/Common/Screenshoting tool' successfully

2018-10-20 18:49:55 - [TEST_CASE][PASSED] - Test Cases/Final Aug 2018 - PKS Automation/Common/Screenshoting tool: Test Cases/Final Aug 2018 - PKS Automation/Common/Screenshoting tool

2018-10-20 18:49:55 - [TEST_STEP][PASSED] - delay: Delayed 15 second(s)

2018-10-20 18:50:10 - [MESSAGE][PASSED] - Delayed 15 second(s)

2018-10-20 18:50:10 - [TEST_STEP][PASSED] - Statement - driver = com.kms.katalon.core.webui.driver.DriverFactory.getWebDriver(): null

2018-10-20 18:50:10 - [TEST_STEP][PASSED] - Statement - driver.manage().timeouts().implicitlyWait(10, SECONDS): null

2018-10-20 18:50:10 - [TEST_STEP][PASSED] - Statement - PresavePath = KatalonScreenshots: null

2018-10-20 18:50:10 - [TEST_STEP][PASSED] - Statement - pathPrefix = "C:\Users\Public\Pictures\Sample Pictures\Katalon Screenshots\Automate Ending Screen": null

2018-10-20 18:50:10 - [TEST_STEP][PASSED] - Statement - finalPath = <not implemented yet for class: org.codehaus.groovy.ast.expr.EmptyExpression>: null

2018-10-20 18:50:10 - [TEST_STEP][PASSED] - Statement - scrFile = driver.getScreenshotAs(FILE): null

2018-10-20 18:50:10 - [TEST_STEP][PASSED] - Statement - PreSaveFile = new java.io.File(PresavePath): null

2018-10-20 18:50:10 - [TEST_STEP][PASSED] - Statement - counter = 0: null

2018-10-20 18:50:10 - [TEST_STEP][PASSED] - Statement - If (PreSaveFile.exists()): null

2018-10-20 18:50:10 - [TEST_STEP][PASSED] - Statement - While (PreSaveFile.exists()): null

2018-10-20 18:50:10 - [TEST_STEP][PASSED] - Statement - counter = counter + 1: null

2018-10-20 18:50:10 - [TEST_STEP][PASSED] - Statement - PreSaveFile = new java.io.File(((pathPrefix + java.lang.Integer.toString(counter)) + .png)): null

2018-10-20 18:50:10 - [TEST_STEP][PASSED] - Statement - counter = counter + 1: null

2018-10-20 18:50:10 - [TEST_STEP][PASSED] - Statement - PreSaveFile = new java.io.File(((pathPrefix + java.lang.Integer.toString(counter)) + .png)): null

2018-10-20 18:50:10 - [TEST_STEP][PASSED] - Statement - counter = counter + 1: null

2018-10-20 18:50:10 - [TEST_STEP][PASSED] - Statement - PreSaveFile = new java.io.File(((pathPrefix + java.lang.Integer.toString(counter)) + .png)): null

2018-10-20 18:50:10 - [TEST_STEP][PASSED] - Statement - counter = counter + 1: null

2018-10-20 18:50:10 - [TEST_STEP][PASSED] - Statement - PreSaveFile = new java.io.File(((pathPrefix + java.lang.Integer.toString(counter)) + .png)): null

2018-10-20 18:50:10 - [TEST_STEP][PASSED] - Statement - counter = counter + 1: null

2018-10-20 18:50:10 - [TEST_STEP][PASSED] - Statement - PreSaveFile = new java.io.File(((pathPrefix + java.lang.Integer.toString(counter)) + .png)): null

2018-10-20 18:50:10 - [TEST_STEP][PASSED] - Statement - counter = counter + 1: null

2018-10-20 18:50:10 - [TEST_STEP][PASSED] - Statement - PreSaveFile = new java.io.File(((pathPrefix + java.lang.Integer.toString(counter)) + .png)): null

2018-10-20 18:50:10 - [TEST_STEP][PASSED] - Statement - counter = counter + 1: null

2018-10-20 18:50:10 - [TEST_STEP][PASSED] - Statement - PreSaveFile = new java.io.File(((pathPrefix + java.lang.Integer.toString(counter)) + .png)): null

2018-10-20 18:50:10 - [TEST_STEP][PASSED] - Statement - counter = counter + 1: null

2018-10-20 18:50:10 - [TEST_STEP][PASSED] - Statement - PreSaveFile = new java.io.File(((pathPrefix + java.lang.Integer.toString(counter)) + .png)): null

2018-10-20 18:50:10 - [TEST_STEP][PASSED] - Statement - counter = counter + 1: null

2018-10-20 18:50:10 - [TEST_STEP][PASSED] - Statement - PreSaveFile = new java.io.File(((pathPrefix + java.lang.Integer.toString(counter)) + .png)): null

2018-10-20 18:50:10 - [TEST_STEP][PASSED] - Statement - counter = counter + 1: null

2018-10-20 18:50:10 - [TEST_STEP][PASSED] - Statement - PreSaveFile = new java.io.File(((pathPrefix + java.lang.Integer.toString(counter)) + .png)): null

2018-10-20 18:50:10 - [TEST_STEP][PASSED] - Statement - counter = counter + 1: null

2018-10-20 18:50:10 - [TEST_STEP][PASSED] - Statement - PreSaveFile = new java.io.File(((pathPrefix + java.lang.Integer.toString(counter)) + .png)): null

2018-10-20 18:50:10 - [TEST_STEP][PASSED] - Statement - counter = counter + 1: null

2018-10-20 18:50:10 - [TEST_STEP][PASSED] - Statement - PreSaveFile = new java.io.File(((pathPrefix + java.lang.Integer.toString(counter)) + .png)): null

2018-10-20 18:50:10 - [TEST_STEP][PASSED] - Statement - counter = counter + 1: null

2018-10-20 18:50:10 - [TEST_STEP][PASSED] - Statement - PreSaveFile = new java.io.File(((pathPrefix + java.lang.Integer.toString(counter)) + .png)): null

2018-10-20 18:50:10 - [TEST_STEP][PASSED] - Statement - counter = counter + 1: null

2018-10-20 18:50:10 - [TEST_STEP][PASSED] - Statement - PreSaveFile = new java.io.File(((pathPrefix + java.lang.Integer.toString(counter)) + .png)): null

2018-10-20 18:50:10 - [TEST_STEP][PASSED] - Statement - counter = counter + 1: null

2018-10-20 18:50:10 - [TEST_STEP][PASSED] - Statement - PreSaveFile = new java.io.File(((pathPrefix + java.lang.Integer.toString(counter)) + .png)): null

2018-10-20 18:50:10 - [TEST_STEP][PASSED] - Statement - counter = counter + 1: null

2018-10-20 18:50:10 - [TEST_STEP][PASSED] - Statement - PreSaveFile = new java.io.File(((pathPrefix + java.lang.Integer.toString(counter)) + .png)): null

2018-10-20 18:50:10 - [TEST_STEP][PASSED] - Statement - counter = counter + 1: null

2018-10-20 18:50:10 - [TEST_STEP][PASSED] - Statement - PreSaveFile = new java.io.File(((pathPrefix + java.lang.Integer.toString(counter)) + .png)): null

2018-10-20 18:50:10 - [TEST_STEP][PASSED] - Statement - counter = counter + 1: null

2018-10-20 18:50:10 - [TEST_STEP][PASSED] - Statement - PreSaveFile = new java.io.File(((pathPrefix + java.lang.Integer.toString(counter)) + .png)): null

2018-10-20 18:50:10 - [TEST_STEP][PASSED] - Statement - counter = counter + 1: null

2018-10-20 18:50:10 - [TEST_STEP][PASSED] - Statement - PreSaveFile = new java.io.File(((pathPrefix + java.lang.Integer.toString(counter)) + .png)): null

2018-10-20 18:50:10 - [TEST_STEP][PASSED] - Statement - counter = counter + 1: null

2018-10-20 18:50:10 - [TEST_STEP][PASSED] - Statement - PreSaveFile = new java.io.File(((pathPrefix + java.lang.Integer.toString(counter)) + .png)): null

2018-10-20 18:50:10 - [TEST_STEP][PASSED] - Statement - counter = counter + 1: null

2018-10-20 18:50:10 - [TEST_STEP][PASSED] - Statement - PreSaveFile = new java.io.File(((pathPrefix + java.lang.Integer.toString(counter)) + .png)): null

2018-10-20 18:50:10 - [TEST_STEP][PASSED] - Statement - counter = counter + 1: null

2018-10-20 18:50:10 - [TEST_STEP][PASSED] - Statement - PreSaveFile = new java.io.File(((pathPrefix + java.lang.Integer.toString(counter)) + .png)): null

2018-10-20 18:50:10 - [TEST_STEP][PASSED] - Statement - counter = counter + 1: null

2018-10-20 18:50:11 - [TEST_STEP][PASSED] - Statement - PreSaveFile = new java.io.File(((pathPrefix + java.lang.Integer.toString(counter)) + .png)): null

2018-10-20 18:50:11 - [TEST_STEP][PASSED] - Statement - counter = counter + 1: null

2018-10-20 18:50:11 - [TEST_STEP][PASSED] - Statement - PreSaveFile = new java.io.File(((pathPrefix + java.lang.Integer.toString(counter)) + .png)): null

2018-10-20 18:50:11 - [TEST_STEP][PASSED] - Statement - counter = counter + 1: null

2018-10-20 18:50:11 - [TEST_STEP][PASSED] - Statement - PreSaveFile = new java.io.File(((pathPrefix + java.lang.Integer.toString(counter)) + .png)): null

2018-10-20 18:50:11 - [TEST_STEP][PASSED] - Statement - counter = counter + 1: null

2018-10-20 18:50:11 - [TEST_STEP][PASSED] - Statement - PreSaveFile = new java.io.File(((pathPrefix + java.lang.Integer.toString(counter)) + .png)): null

2018-10-20 18:50:11 - [TEST_STEP][PASSED] - Statement - counter = counter + 1: null

2018-10-20 18:50:11 - [TEST_STEP][PASSED] - Statement - PreSaveFile = new java.io.File(((pathPrefix + java.lang.Integer.toString(counter)) + .png)): null

2018-10-20 18:50:11 - [TEST_STEP][PASSED] - Statement - counter = counter + 1: null

2018-10-20 18:50:11 - [TEST_STEP][PASSED] - Statement - PreSaveFile = new java.io.File(((pathPrefix + java.lang.Integer.toString(counter)) + .png)): null

2018-10-20 18:50:11 - [TEST_STEP][PASSED] - Statement - counter = counter + 1: null

2018-10-20 18:50:11 - [TEST_STEP][PASSED] - Statement - PreSaveFile = new java.io.File(((pathPrefix + java.lang.Integer.toString(counter)) + .png)): null

2018-10-20 18:50:11 - [TEST_STEP][PASSED] - Statement - counter = counter + 1: null

2018-10-20 18:50:11 - [TEST_STEP][PASSED] - Statement - PreSaveFile = new java.io.File(((pathPrefix + java.lang.Integer.toString(counter)) + .png)): null

2018-10-20 18:50:11 - [TEST_STEP][PASSED] - Statement - counter = counter + 1: null

2018-10-20 18:50:11 - [TEST_STEP][PASSED] - Statement - PreSaveFile = new java.io.File(((pathPrefix + java.lang.Integer.toString(counter)) + .png)): null

2018-10-20 18:50:11 - [TEST_STEP][PASSED] - Statement - counter = counter + 1: null

2018-10-20 18:50:11 - [TEST_STEP][PASSED] - Statement - PreSaveFile = new java.io.File(((pathPrefix + java.lang.Integer.toString(counter)) + .png)): null

2018-10-20 18:50:11 - [TEST_STEP][PASSED] - Statement - counter = counter + 1: null

2018-10-20 18:50:11 - [TEST_STEP][PASSED] - Statement - PreSaveFile = new java.io.File(((pathPrefix + java.lang.Integer.toString(counter)) + .png)): null

2018-10-20 18:50:11 - [TEST_STEP][PASSED] - Statement - counter = counter + 1: null

2018-10-20 18:50:11 - [TEST_STEP][PASSED] - Statement - PreSaveFile = new java.io.File(((pathPrefix + java.lang.Integer.toString(counter)) + .png)): null

2018-10-20 18:50:11 - [TEST_STEP][PASSED] - Statement - counter = counter + 1: null

2018-10-20 18:50:11 - [TEST_STEP][PASSED] - Statement - PreSaveFile = new java.io.File(((pathPrefix + java.lang.Integer.toString(counter)) + .png)): null

2018-10-20 18:50:11 - [TEST_STEP][PASSED] - Statement - counter = counter + 1: null

2018-10-20 18:50:11 - [TEST_STEP][PASSED] - Statement - PreSaveFile = new java.io.File(((pathPrefix + java.lang.Integer.toString(counter)) + .png)): null

2018-10-20 18:50:11 - [TEST_STEP][PASSED] - Statement - counter = counter + 1: null

2018-10-20 18:50:11 - [TEST_STEP][PASSED] - Statement - PreSaveFile = new java.io.File(((pathPrefix + java.lang.Integer.toString(counter)) + .png)): null

2018-10-20 18:50:11 - [TEST_STEP][PASSED] - Statement - counter = counter + 1: null

2018-10-20 18:50:11 - [TEST_STEP][PASSED] - Statement - PreSaveFile = new java.io.File(((pathPrefix + java.lang.Integer.toString(counter)) + .png)): null

2018-10-20 18:50:11 - [TEST_STEP][PASSED] - Statement - counter = counter + 1: null

2018-10-20 18:50:11 - [TEST_STEP][PASSED] - Statement - PreSaveFile = new java.io.File(((pathPrefix + java.lang.Integer.toString(counter)) + .png)): null

2018-10-20 18:50:11 - [TEST_STEP][PASSED] - Statement - counter = counter + 1: null

2018-10-20 18:50:11 - [TEST_STEP][PASSED] - Statement - PreSaveFile = new java.io.File(((pathPrefix + java.lang.Integer.toString(counter)) + .png)): null

2018-10-20 18:50:11 - [TEST_STEP][PASSED] - Statement - counter = counter + 1: null

2018-10-20 18:50:11 - [TEST_STEP][PASSED] - Statement - PreSaveFile = new java.io.File(((pathPrefix + java.lang.Integer.toString(counter)) + .png)): null

2018-10-20 18:50:11 - [TEST_STEP][PASSED] - Statement - counter = counter + 1: null

2018-10-20 18:50:11 - [TEST_STEP][PASSED] - Statement - PreSaveFile = new java.io.File(((pathPrefix + java.lang.Integer.toString(counter)) + .png)): null

2018-10-20 18:50:11 - [TEST_STEP][PASSED] - Statement - counter = counter + 1: null

2018-10-20 18:50:11 - [TEST_STEP][PASSED] - Statement - PreSaveFile = new java.io.File(((pathPrefix + java.lang.Integer.toString(counter)) + .png)): null

2018-10-20 18:50:11 - [TEST_STEP][PASSED] - Statement - counter = counter + 1: null

2018-10-20 18:50:11 - [TEST_STEP][PASSED] - Statement - PreSaveFile = new java.io.File(((pathPrefix + java.lang.Integer.toString(counter)) + .png)): null

2018-10-20 18:50:11 - [TEST_STEP][PASSED] - Statement - counter = counter + 1: null

2018-10-20 18:50:11 - [TEST_STEP][PASSED] - Statement - PreSaveFile = new java.io.File(((pathPrefix + java.lang.Integer.toString(counter)) + .png)): null

2018-10-20 18:50:11 - [TEST_STEP][PASSED] - Statement - counter = counter + 1: null

2018-10-20 18:50:11 - [TEST_STEP][PASSED] - Statement - PreSaveFile = new java.io.File(((pathPrefix + java.lang.Integer.toString(counter)) + .png)): null

2018-10-20 18:50:11 - [TEST_STEP][PASSED] - Statement - counter = counter + 1: null

2018-10-20 18:50:11 - [TEST_STEP][PASSED] - Statement - PreSaveFile = new java.io.File(((pathPrefix + java.lang.Integer.toString(counter)) + .png)): null

2018-10-20 18:50:11 - [TEST_STEP][PASSED] - Statement - counter = counter + 1: null

2018-10-20 18:50:11 - [TEST_STEP][PASSED] - Statement - PreSaveFile = new java.io.File(((pathPrefix + java.lang.Integer.toString(counter)) + .png)): null

2018-10-20 18:50:11 - [TEST_STEP][PASSED] - Statement - counter = counter + 1: null

2018-10-20 18:50:11 - [TEST_STEP][PASSED] - Statement - PreSaveFile = new java.io.File(((pathPrefix + java.lang.Integer.toString(counter)) + .png)): null

2018-10-20 18:50:11 - [TEST_STEP][PASSED] - Statement - counter = counter + 1: null

2018-10-20 18:50:11 - [TEST_STEP][PASSED] - Statement - PreSaveFile = new java.io.File(((pathPrefix + java.lang.Integer.toString(counter)) + .png)): null

2018-10-20 18:50:11 - [TEST_STEP][PASSED] - Statement - counter = counter + 1: null

2018-10-20 18:50:11 - [TEST_STEP][PASSED] - Statement - PreSaveFile = new java.io.File(((pathPrefix + java.lang.Integer.toString(counter)) + .png)): null

2018-10-20 18:50:11 - [TEST_STEP][PASSED] - Statement - counter = counter + 1: null

2018-10-20 18:50:11 - [TEST_STEP][PASSED] - Statement - PreSaveFile = new java.io.File(((pathPrefix + java.lang.Integer.toString(counter)) + .png)): null

2018-10-20 18:50:11 - [TEST_STEP][PASSED] - Statement - counter = counter + 1: null

2018-10-20 18:50:11 - [TEST_STEP][PASSED] - Statement - PreSaveFile = new java.io.File(((pathPrefix + java.lang.Integer.toString(counter)) + .png)): null

2018-10-20 18:50:11 - [TEST_STEP][PASSED] - Statement - counter = counter + 1: null

2018-10-20 18:50:11 - [TEST_STEP][PASSED] - Statement - PreSaveFile = new java.io.File(((pathPrefix + java.lang.Integer.toString(counter)) + .png)): null

2018-10-20 18:50:11 - [TEST_STEP][PASSED] - Statement - counter = counter + 1: null

2018-10-20 18:50:11 - [TEST_STEP][PASSED] - Statement - PreSaveFile = new java.io.File(((pathPrefix + java.lang.Integer.toString(counter)) + .png)): null

2018-10-20 18:50:11 - [TEST_STEP][PASSED] - Statement - counter = counter + 1: null

2018-10-20 18:50:11 - [TEST_STEP][PASSED] - Statement - PreSaveFile = new java.io.File(((pathPrefix + java.lang.Integer.toString(counter)) + .png)): null

2018-10-20 18:50:11 - [TEST_STEP][PASSED] - Statement - counter = counter + 1: null

2018-10-20 18:50:11 - [TEST_STEP][PASSED] - Statement - PreSaveFile = new java.io.File(((pathPrefix + java.lang.Integer.toString(counter)) + .png)): null

2018-10-20 18:50:11 - [TEST_STEP][PASSED] - Statement - counter = counter + 1: null

2018-10-20 18:50:11 - [TEST_STEP][PASSED] - Statement - PreSaveFile = new java.io.File(((pathPrefix + java.lang.Integer.toString(counter)) + .png)): null

2018-10-20 18:50:11 - [TEST_STEP][PASSED] - Statement - counter = counter + 1: null

2018-10-20 18:50:11 - [TEST_STEP][PASSED] - Statement - PreSaveFile = new java.io.File(((pathPrefix + java.lang.Integer.toString(counter)) + .png)): null

2018-10-20 18:50:11 - [TEST_STEP][PASSED] - Statement - counter = counter + 1: null

2018-10-20 18:50:11 - [TEST_STEP][PASSED] - Statement - PreSaveFile = new java.io.File(((pathPrefix + java.lang.Integer.toString(counter)) + .png)): null

2018-10-20 18:50:11 - [TEST_STEP][PASSED] - Statement - counter = counter + 1: null

2018-10-20 18:50:11 - [TEST_STEP][PASSED] - Statement - PreSaveFile = new java.io.File(((pathPrefix + java.lang.Integer.toString(counter)) + .png)): null

2018-10-20 18:50:11 - [TEST_STEP][PASSED] - Statement - counter = counter + 1: null

2018-10-20 18:50:11 - [TEST_STEP][PASSED] - Statement - PreSaveFile = new java.io.File(((pathPrefix + java.lang.Integer.toString(counter)) + .png)): null

2018-10-20 18:50:11 - [TEST_STEP][PASSED] - Statement - counter = counter + 1: null

2018-10-20 18:50:11 - [TEST_STEP][PASSED] - Statement - PreSaveFile = new java.io.File(((pathPrefix + java.lang.Integer.toString(counter)) + .png)): null

2018-10-20 18:50:11 - [TEST_STEP][PASSED] - Statement - counter = counter + 1: null

2018-10-20 18:50:11 - [TEST_STEP][PASSED] - Statement - PreSaveFile = new java.io.File(((pathPrefix + java.lang.Integer.toString(counter)) + .png)): null

2018-10-20 18:50:11 - [TEST_STEP][PASSED] - Statement - counter = counter + 1: null

2018-10-20 18:50:11 - [TEST_STEP][PASSED] - Statement - PreSaveFile = new java.io.File(((pathPrefix + java.lang.Integer.toString(counter)) + .png)): null

2018-10-20 18:50:11 - [TEST_STEP][PASSED] - Statement - counter = counter + 1: null

2018-10-20 18:50:11 - [TEST_STEP][PASSED] - Statement - PreSaveFile = new java.io.File(((pathPrefix + java.lang.Integer.toString(counter)) + .png)): null

2018-10-20 18:50:11 - [TEST_STEP][PASSED] - Statement - counter = counter + 1: null

2018-10-20 18:50:11 - [TEST_STEP][PASSED] - Statement - PreSaveFile = new java.io.File(((pathPrefix + java.lang.Integer.toString(counter)) + .png)): null

2018-10-20 18:50:11 - [TEST_STEP][PASSED] - Statement - counter = counter + 1: null

2018-10-20 18:50:11 - [TEST_STEP][PASSED] - Statement - PreSaveFile = new java.io.File(((pathPrefix + java.lang.Integer.toString(counter)) + .png)): null

2018-10-20 18:50:11 - [TEST_STEP][PASSED] - Statement - counter = counter + 1: null

2018-10-20 18:50:11 - [TEST_STEP][PASSED] - Statement - PreSaveFile = new java.io.File(((pathPrefix + java.lang.Integer.toString(counter)) + .png)): null

2018-10-20 18:50:11 - [TEST_STEP][PASSED] - Statement - counter = counter + 1: null

2018-10-20 18:50:11 - [TEST_STEP][PASSED] - Statement - PreSaveFile = new java.io.File(((pathPrefix + java.lang.Integer.toString(counter)) + .png)): null

2018-10-20 18:50:11 - [TEST_STEP][PASSED] - Statement - counter = counter + 1: null

2018-10-20 18:50:11 - [TEST_STEP][PASSED] - Statement - PreSaveFile = new java.io.File(((pathPrefix + java.lang.Integer.toString(counter)) + .png)): null

2018-10-20 18:50:11 - [TEST_STEP][PASSED] - Statement - counter = counter + 1: null

2018-10-20 18:50:11 - [TEST_STEP][PASSED] - Statement - PreSaveFile = new java.io.File(((pathPrefix + java.lang.Integer.toString(counter)) + .png)): null

2018-10-20 18:50:11 - [TEST_STEP][PASSED] - Statement - counter = counter + 1: null

2018-10-20 18:50:11 - [TEST_STEP][PASSED] - Statement - PreSaveFile = new java.io.File(((pathPrefix + java.lang.Integer.toString(counter)) + .png)): null

2018-10-20 18:50:11 - [TEST_STEP][PASSED] - Statement - counter = counter + 1: null

2018-10-20 18:50:11 - [TEST_STEP][PASSED] - Statement - PreSaveFile = new java.io.File(((pathPrefix + java.lang.Integer.toString(counter)) + .png)): null

2018-10-20 18:50:11 - [TEST_STEP][PASSED] - Statement - counter = counter + 1: null

2018-10-20 18:50:11 - [TEST_STEP][PASSED] - Statement - PreSaveFile = new java.io.File(((pathPrefix + java.lang.Integer.toString(counter)) + .png)): null

2018-10-20 18:50:11 - [TEST_STEP][PASSED] - Statement - counter = counter + 1: null

2018-10-20 18:50:11 - [TEST_STEP][PASSED] - Statement - PreSaveFile = new java.io.File(((pathPrefix + java.lang.Integer.toString(counter)) + .png)): null

2018-10-20 18:50:11 - [TEST_STEP][PASSED] - Statement - counter = counter + 1: null

2018-10-20 18:50:11 - [TEST_STEP][PASSED] - Statement - PreSaveFile = new java.io.File(((pathPrefix + java.lang.Integer.toString(counter)) + .png)): null

2018-10-20 18:50:11 - [TEST_STEP][PASSED] - Statement - counter = counter + 1: null

2018-10-20 18:50:11 - [TEST_STEP][PASSED] - Statement - PreSaveFile = new java.io.File(((pathPrefix + java.lang.Integer.toString(counter)) + .png)): null

2018-10-20 18:50:11 - [TEST_STEP][PASSED] - Statement - counter = counter + 1: null

2018-10-20 18:50:11 - [TEST_STEP][PASSED] - Statement - PreSaveFile = new java.io.File(((pathPrefix + java.lang.Integer.toString(counter)) + .png)): null

2018-10-20 18:50:11 - [TEST_STEP][PASSED] - Statement - counter = counter + 1: null

2018-10-20 18:50:11 - [TEST_STEP][PASSED] - Statement - PreSaveFile = new java.io.File(((pathPrefix + java.lang.Integer.toString(counter)) + .png)): null

2018-10-20 18:50:11 - [TEST_STEP][PASSED] - Statement - counter = counter + 1: null

2018-10-20 18:50:11 - [TEST_STEP][PASSED] - Statement - PreSaveFile = new java.io.File(((pathPrefix + java.lang.Integer.toString(counter)) + .png)): null

2018-10-20 18:50:11 - [TEST_STEP][PASSED] - Statement - counter = counter + 1: null

2018-10-20 18:50:11 - [TEST_STEP][PASSED] - Statement - PreSaveFile = new java.io.File(((pathPrefix + java.lang.Integer.toString(counter)) + .png)): null

2018-10-20 18:50:11 - [TEST_STEP][PASSED] - Statement - counter = counter + 1: null

2018-10-20 18:50:11 - [TEST_STEP][PASSED] - Statement - PreSaveFile = new java.io.File(((pathPrefix + java.lang.Integer.toString(counter)) + .png)): null

2018-10-20 18:50:11 - [TEST_STEP][PASSED] - Statement - counter = counter + 1: null

2018-10-20 18:50:11 - [TEST_STEP][PASSED] - Statement - PreSaveFile = new java.io.File(((pathPrefix + java.lang.Integer.toString(counter)) + .png)): null

2018-10-20 18:50:11 - [TEST_STEP][PASSED] - Statement - counter = counter + 1: null

2018-10-20 18:50:11 - [TEST_STEP][PASSED] - Statement - PreSaveFile = new java.io.File(((pathPrefix + java.lang.Integer.toString(counter)) + .png)): null

2018-10-20 18:50:11 - [TEST_STEP][PASSED] - Statement - counter = counter + 1: null

2018-10-20 18:50:11 - [TEST_STEP][PASSED] - Statement - PreSaveFile = new java.io.File(((pathPrefix + java.lang.Integer.toString(counter)) + .png)): null

2018-10-20 18:50:11 - [TEST_STEP][PASSED] - Statement - counter = counter + 1: null

2018-10-20 18:50:11 - [TEST_STEP][PASSED] - Statement - PreSaveFile = new java.io.File(((pathPrefix + java.lang.Integer.toString(counter)) + .png)): null

2018-10-20 18:50:11 - [TEST_STEP][PASSED] - Statement - counter = counter + 1: null

2018-10-20 18:50:11 - [TEST_STEP][PASSED] - Statement - PreSaveFile = new java.io.File(((pathPrefix + java.lang.Integer.toString(counter)) + .png)): null

2018-10-20 18:50:11 - [TEST_STEP][PASSED] - Statement - counter = counter + 1: null

2018-10-20 18:50:11 - [TEST_STEP][PASSED] - Statement - PreSaveFile = new java.io.File(((pathPrefix + java.lang.Integer.toString(counter)) + .png)): null

2018-10-20 18:50:11 - [TEST_STEP][PASSED] - Statement - counter = counter + 1: null

2018-10-20 18:50:11 - [TEST_STEP][PASSED] - Statement - PreSaveFile = new java.io.File(((pathPrefix + java.lang.Integer.toString(counter)) + .png)): null

2018-10-20 18:50:11 - [TEST_STEP][PASSED] - Statement - counter = counter + 1: null

2018-10-20 18:50:11 - [TEST_STEP][PASSED] - Statement - PreSaveFile = new java.io.File(((pathPrefix + java.lang.Integer.toString(counter)) + .png)): null

2018-10-20 18:50:11 - [TEST_STEP][PASSED] - Statement - counter = counter + 1: null

2018-10-20 18:50:11 - [TEST_STEP][PASSED] - Statement - PreSaveFile = new java.io.File(((pathPrefix + java.lang.Integer.toString(counter)) + .png)): null

2018-10-20 18:50:11 - [TEST_STEP][PASSED] - Statement - counter = counter + 1: null

2018-10-20 18:50:11 - [TEST_STEP][PASSED] - Statement - PreSaveFile = new java.io.File(((pathPrefix + java.lang.Integer.toString(counter)) + .png)): null

2018-10-20 18:50:11 - [TEST_STEP][PASSED] - Statement - counter = counter + 1: null

2018-10-20 18:50:11 - [TEST_STEP][PASSED] - Statement - PreSaveFile = new java.io.File(((pathPrefix + java.lang.Integer.toString(counter)) + .png)): null

2018-10-20 18:50:11 - [TEST_STEP][PASSED] - Statement - counter = counter + 1: null

2018-10-20 18:50:11 - [TEST_STEP][PASSED] - Statement - PreSaveFile = new java.io.File(((pathPrefix + java.lang.Integer.toString(counter)) + .png)): null

2018-10-20 18:50:11 - [TEST_STEP][PASSED] - Statement - counter = counter + 1: null

2018-10-20 18:50:11 - [TEST_STEP][PASSED] - Statement - PreSaveFile = new java.io.File(((pathPrefix + java.lang.Integer.toString(counter)) + .png)): null

2018-10-20 18:50:11 - [TEST_STEP][PASSED] - Statement - counter = counter + 1: null

2018-10-20 18:50:11 - [TEST_STEP][PASSED] - Statement - PreSaveFile = new java.io.File(((pathPrefix + java.lang.Integer.toString(counter)) + .png)): null

2018-10-20 18:50:11 - [TEST_STEP][PASSED] - Statement - counter = counter + 1: null

2018-10-20 18:50:11 - [TEST_STEP][PASSED] - Statement - PreSaveFile = new java.io.File(((pathPrefix + java.lang.Integer.toString(counter)) + .png)): null

2018-10-20 18:50:11 - [TEST_STEP][PASSED] - Statement - counter = counter + 1: null

2018-10-20 18:50:11 - [TEST_STEP][PASSED] - Statement - PreSaveFile = new java.io.File(((pathPrefix + java.lang.Integer.toString(counter)) + .png)): null

2018-10-20 18:50:11 - [TEST_STEP][PASSED] - Statement - counter = counter + 1: null

2018-10-20 18:50:11 - [TEST_STEP][PASSED] - Statement - PreSaveFile = new java.io.File(((pathPrefix + java.lang.Integer.toString(counter)) + .png)): null

2018-10-20 18:50:11 - [TEST_STEP][PASSED] - Statement - counter = counter + 1: null

2018-10-20 18:50:11 - [TEST_STEP][PASSED] - Statement - PreSaveFile = new java.io.File(((pathPrefix + java.lang.Integer.toString(counter)) + .png)): null

2018-10-20 18:50:11 - [TEST_STEP][PASSED] - Statement - counter = counter + 1: null

2018-10-20 18:50:11 - [TEST_STEP][PASSED] - Statement - PreSaveFile = new java.io.File(((pathPrefix + java.lang.Integer.toString(counter)) + .png)): null

2018-10-20 18:50:11 - [TEST_STEP][PASSED] - Statement - counter = counter + 1: null

2018-10-20 18:50:11 - [TEST_STEP][PASSED] - Statement - PreSaveFile = new java.io.File(((pathPrefix + java.lang.Integer.toString(counter)) + .png)): null

2018-10-20 18:50:11 - [TEST_STEP][PASSED] - Statement - finalPath = pathPrefix + java.lang.Integer.toString(counter) + ".png": null

2018-10-20 18:50:11 - [TEST_STEP][PASSED] - Statement - SaveFile = new java.io.File(finalPath): null

2018-10-20 18:50:11 - [TEST_STEP][PASSED] - Statement - Try: null

2018-10-20 18:50:11 - [TEST_STEP][PASSED] - Statement - org.apache.commons.io.FileUtils.copyFile(scrFile, SaveFile): null

2018-10-20 18:50:11 - [TEST_STEP][PASSED] - Statement - out.println("file kept"): null

2018-10-20 18:50:11 - [TEST_STEP][PASSED] - delay: Delayed 10 second(s)

2018-10-20 18:50:21 - [MESSAGE][PASSED] - Delayed 10 second(s)

2018-10-20 18:50:21 - [MESSAGE][PASSED] - Call Test Case 'Test Cases/Final Aug 2018 - PKS Automation/Common/Screenshoting tool' successfully

2018-10-20 18:50:21 - [TEST_STEP][PASSED] - callTestCase: Call Test Case 'Test Cases/Final Aug 2018 - PKS Automation/Registration Module/Log Out/log out avoiding katalon tagging' successfully

2018-10-20 18:50:21 - [TEST_CASE][PASSED] - Test Cases/Final Aug 2018 - PKS Automation/Registration Module/Log Out/log out avoiding katalon tagging: Test Cases/Final Aug 2018 - PKS Automation/Registration Module/Log Out/log out avoiding katalon tagging

2018-10-20 18:50:21 - [TEST_STEP][PASSED] - navigateToUrl: Navigate to 'https://assist2-uat.perkeso.gov.my/c/portal/logout' successfully

2018-10-20 18:50:22 - [MESSAGE][PASSED] - Navigate to 'https://assist2-uat.perkeso.gov.my/c/portal/logout' successfully

2018-10-20 18:50:22 - [MESSAGE][PASSED] - Call Test Case 'Test Cases/Final Aug 2018 - PKS Automation/Registration Module/Log Out/log out avoiding katalon tagging' successfully

2018-10-20 18:50:22 - [TEST_STEP][FAILED] - callTestCase: Unable to call Test Case with id 'Test Cases/Final Aug 2018 - PKS Automation/Common/Workflow Owner Finder' (Root cause: Call Test Case 'Test Cases/Final Aug 2018 - PKS Automation/Common/Workflow Owner Finder' failed)

2018-10-20 18:50:22 - [TEST_CASE][FAILED] - Test Cases/Final Aug 2018 - PKS Automation/Common/Workflow Owner Finder: Test Cases/Final Aug 2018 - PKS Automation/Common/Workflow Owner Finder FAILED because (of) (Stack trace: com.kms.katalon.core.exception.StepFailedException: Unable to click on object 'Object Repository/Final Object Repo/Landing Page/Select to English' (Root cause: com.kms.katalon.core.webui.exception.WebElementNotFoundException: Web element with id: 'Object Repository/Final Object Repo/Landing Page/Select to English' located by 'By.xpath: //a[@class = 'taglib-language-list-text' and @lang = 'en-US' and (contains(text(), 'EN') or contains(., 'EN'))]' not found)
	at com.kms.katalon.core.keyword.internal.KeywordMain.stepFailed(KeywordMain.groovy:32)
	at com.kms.katalon.core.webui.keyword.internal.WebUIKeywordMain.stepFailed(WebUIKeywordMain.groovy:65)
	at com.kms.katalon.core.webui.keyword.internal.WebUIKeywordMain.runKeyword(WebUIKeywordMain.groovy:27)
	at com.kms.katalon.core.webui.keyword.builtin.ClickKeyword.click(ClickKeyword.groovy:86)
	at com.kms.katalon.core.webui.keyword.builtin.ClickKeyword.execute(ClickKeyword.groovy:67)
	at com.kms.katalon.core.keyword.internal.KeywordExecutor.executeKeywordForPlatform(KeywordExecutor.groovy:53)
	at com.kms.katalon.core.webui.keyword.WebUiBuiltInKeywords.click(WebUiBuiltInKeywords.groovy:604)
	at com.kms.katalon.core.webui.keyword.WebUiBuiltInKeywords$click$6.call(Unknown Source)
	at Script1534407542420.run(Script1534407542420.groovy:57)
	at com.kms.katalon.core.main.ScriptEngine.run(ScriptEngine.java:183)
	at com.kms.katalon.core.main.ScriptEngine.runScriptAsRawText(ScriptEngine.java:108)
	at com.kms.katalon.core.main.TestCaseExecutor.runScript(TestCaseExecutor.java:294)
	at com.kms.katalon.core.main.TestCaseExecutor.doExecute(TestCaseExecutor.java:285)
	at com.kms.katalon.core.main.TestCaseExecutor.processExecutionPhase(TestCaseExecutor.java:264)
	at com.kms.katalon.core.main.TestCaseExecutor.accessMainPhase(TestCaseExecutor.java:256)
	at com.kms.katalon.core.main.TestCaseExecutor.execute(TestCaseExecutor.java:200)
	at com.kms.katalon.core.main.TestCaseMain.runTestCase(TestCaseMain.java:99)
	at com.kms.katalon.core.keyword.builtin.CallTestCaseKeyword$_callTestCase_closure1.doCall(CallTestCaseKeyword.groovy:60)
	at com.kms.katalon.core.keyword.builtin.CallTestCaseKeyword$_callTestCase_closure1.call(CallTestCaseKeyword.groovy)
	at com.kms.katalon.core.keyword.internal.KeywordMain.runKeyword(KeywordMain.groovy:54)
	at com.kms.katalon.core.keyword.builtin.CallTestCaseKeyword.callTestCase(CallTestCaseKeyword.groovy:81)
	at com.kms.katalon.core.keyword.builtin.CallTestCaseKeyword.execute(CallTestCaseKeyword.groovy:45)
	at com.kms.katalon.core.keyword.internal.KeywordExecutor.executeKeywordForPlatform(KeywordExecutor.groovy:53)
	at com.kms.katalon.core.keyword.BuiltinKeywords.callTestCase(BuiltinKeywords.groovy:334)
	at sun.reflect.GeneratedMethodAccessor13.invoke(Unknown Source)
	at sun.reflect.DelegatingMethodAccessorImpl.invoke(DelegatingMethodAccessorImpl.java:43)
	at java.lang.reflect.Method.invoke(Method.java:498)
	at org.codehaus.groovy.reflection.CachedMethod.invoke(CachedMethod.java:93)
	at groovy.lang.MetaMethod.doMethodInvoke(MetaMethod.java:325)
	at groovy.lang.MetaClassImpl.invokeStaticMethod(MetaClassImpl.java:1469)
	at org.codehaus.groovy.runtime.callsite.StaticMetaClassSite.call(StaticMetaClassSite.java:53)
	at org.codehaus.groovy.runtime.callsite.CallSiteArray.defaultCall(CallSiteArray.java:48)
	at org.codehaus.groovy.runtime.callsite.AbstractCallSite.call(AbstractCallSite.java:113)
	at org.codehaus.groovy.runtime.callsite.AbstractCallSite.call(AbstractCallSite.java:141)
	at Script1536200585960.run(Script1536200585960.groovy:119)
	at com.kms.katalon.core.main.ScriptEngine.run(ScriptEngine.java:183)
	at com.kms.katalon.core.main.ScriptEngine.runScriptAsRawText(ScriptEngine.java:108)
	at com.kms.katalon.core.main.TestCaseExecutor.runScript(TestCaseExecutor.java:294)
	at com.kms.katalon.core.main.TestCaseExecutor.doExecute(TestCaseExecutor.java:285)
	at com.kms.katalon.core.main.TestCaseExecutor.processExecutionPhase(TestCaseExecutor.java:264)
	at com.kms.katalon.core.main.TestCaseExecutor.accessMainPhase(TestCaseExecutor.java:256)
	at com.kms.katalon.core.main.TestCaseExecutor.execute(TestCaseExecutor.java:200)
	at com.kms.katalon.core.main.TestSuiteExecutor.accessTestCaseMainPhase(TestSuiteExecutor.java:129)
	at com.kms.katalon.core.main.TestSuiteExecutor.accessTestSuiteMainPhase(TestSuiteExecutor.java:112)
	at com.kms.katalon.core.main.TestSuiteExecutor.execute(TestSuiteExecutor.java:81)
	at com.kms.katalon.core.main.TestCaseMain.startTestSuite(TestCaseMain.java:142)
	at com.kms.katalon.core.main.TestCaseMain$startTestSuite$0.call(Unknown Source)
	at org.codehaus.groovy.runtime.callsite.CallSiteArray.defaultCall(CallSiteArray.java:48)
	at org.codehaus.groovy.runtime.callsite.AbstractCallSite.call(AbstractCallSite.java:113)
	at org.codehaus.groovy.runtime.callsite.AbstractCallSite.call(AbstractCallSite.java:141)
	at TempTestSuite1540012262067.run(TempTestSuite1540012262067.groovy:36)
	at groovy.lang.GroovyShell.runScriptOrMainOrTestOrRunnable(GroovyShell.java:263)
	at groovy.lang.GroovyShell.run(GroovyShell.java:518)
	at groovy.lang.GroovyShell.run(GroovyShell.java:507)
	at groovy.ui.GroovyMain.processOnce(GroovyMain.java:653)
	at groovy.ui.GroovyMain.run(GroovyMain.java:384)
	at groovy.ui.GroovyMain.process(GroovyMain.java:370)
	at groovy.ui.GroovyMain.processArgs(GroovyMain.java:129)
	at groovy.ui.GroovyMain.main(GroovyMain.java:109)
	at sun.reflect.NativeMethodAccessorImpl.invoke0(Native Method)
	at sun.reflect.NativeMethodAccessorImpl.invoke(NativeMethodAccessorImpl.java:62)
	at sun.reflect.DelegatingMethodAccessorImpl.invoke(DelegatingMethodAccessorImpl.java:43)
	at java.lang.reflect.Method.invoke(Method.java:498)
	at org.codehaus.groovy.tools.GroovyStarter.rootLoader(GroovyStarter.java:109)
	at org.codehaus.groovy.tools.GroovyStarter.main(GroovyStarter.java:131)
)

2018-10-20 18:50:22 - [TEST_STEP][PASSED] - openBrowser: Browser is opened with url: ''

2018-10-20 18:50:22 - [MESSAGE][WARNING] - A browser is already opened. Closing browser and opening a new one

2018-10-20 18:50:26 - [MESSAGE][PASSED] - Browser is opened with url: ''

2018-10-20 18:50:26 - [TEST_STEP][PASSED] - navigateToUrl: Navigate to 'https://assist2-uat.perkeso.gov.my/login' successfully

2018-10-20 18:50:28 - [MESSAGE][PASSED] - Navigate to 'https://assist2-uat.perkeso.gov.my/login' successfully

2018-10-20 18:50:28 - [TEST_STEP][PASSED] - delay: Delayed 5 second(s)

2018-10-20 18:50:33 - [MESSAGE][PASSED] - Delayed 5 second(s)

2018-10-20 18:50:33 - [TEST_STEP][PASSED] - setText: Text 'test@liferay.com' is set on object 'Object Repository/Final Object Repo/Login Page/Internal User/Email Address'

2018-10-20 18:50:33 - [MESSAGE][PASSED] - Text 'test@liferay.com' is set on object 'Object Repository/Final Object Repo/Login Page/Internal User/Email Address'

2018-10-20 18:50:33 - [TEST_STEP][PASSED] - click: Object: 'Object Repository/Final Object Repo/Login Page/Internal User/Next Button' is clicked on

2018-10-20 18:50:34 - [MESSAGE][PASSED] - Object: 'Object Repository/Final Object Repo/Login Page/Internal User/Next Button' is clicked on

2018-10-20 18:50:34 - [TEST_STEP][PASSED] - delay: Delayed 2 second(s)

2018-10-20 18:50:36 - [MESSAGE][PASSED] - Delayed 2 second(s)

2018-10-20 18:50:36 - [TEST_STEP][PASSED] - setText: Text 'test' is set on object 'Object Repository/Final Object Repo/Login Page/Internal User/Password'

2018-10-20 18:50:36 - [MESSAGE][PASSED] - Text 'test' is set on object 'Object Repository/Final Object Repo/Login Page/Internal User/Password'

2018-10-20 18:50:36 - [TEST_STEP][PASSED] - delay: Delayed 2 second(s)

2018-10-20 18:50:38 - [MESSAGE][PASSED] - Delayed 2 second(s)

2018-10-20 18:50:38 - [TEST_STEP][PASSED] - click: Object: 'Object Repository/Final Object Repo/Login Page/Internal User/Login Button' is clicked on

2018-10-20 18:50:38 - [MESSAGE][PASSED] - Object: 'Object Repository/Final Object Repo/Login Page/Internal User/Login Button' is clicked on

2018-10-20 18:50:38 - [TEST_STEP][FAILED] - Statement - Try: Delayed 2 second(s)

2018-10-20 18:50:38 - [TEST_STEP][PASSED] - Statement - Checker = false: null

2018-10-20 18:50:38 - [TEST_STEP][PASSED] - Statement - Checker = com.kms.katalon.core.webui.keyword.WebUiBuiltInKeywords.verifyElementHasAttribute(com.kms.katalon.core.testobject.ObjectRepository.findTestObject(Final Object Repo/Landing Page/BM Detecting), "href", 20, OPTIONAL): Unable to verify if object 'Object Repository/Final Object Repo/Landing Page/BM Detecting' has attribute 'href' (Root cause: org.openqa.selenium.StaleElementReferenceException: stale element reference: element is not attached to the page document
  (Session info: chrome=69.0.3497.100)
  (Driver info: chromedriver=2.35.528161 (5b82f2d2aae0ca24b877009200ced9065a772e73),platform=Windows NT 6.1.7601 SP1 x86_64) (WARNING: The server did not provide any stacktrace information)
Command duration or timeout: 0 milliseconds
For documentation on this error, please visit: http://seleniumhq.org/exceptions/stale_element_reference.html
Build info: version: '3.7.1', revision: '8a0099a', time: '2017-11-06T21:07:36.161Z'
System info: host: 'WEIZHENG', ip: '192.168.137.1', os.name: 'Windows 7', os.arch: 'amd64', os.version: '6.1', java.version: '1.8.0_181'
Driver info: com.kms.katalon.selenium.driver.CChromeDriver
Capabilities {acceptInsecureCerts: false, acceptSslCerts: false, applicationCacheEnabled: false, browserConnectionEnabled: false, browserName: chrome, chrome: {chromedriverVersion: 2.35.528161 (5b82f2d2aae0ca..., userDataDir: C:\Users\WEIZHE~1\AppData\L...}, cssSelectorsEnabled: true, databaseEnabled: false, handlesAlerts: true, hasTouchScreen: false, javascriptEnabled: true, locationContextEnabled: true, mobileEmulationEnabled: false, nativeEvents: true, networkConnectionEnabled: false, pageLoadStrategy: normal, platform: XP, platformName: XP, rotatable: false, setWindowRect: true, takesHeapSnapshot: true, takesScreenshot: true, unexpectedAlertBehaviour: , unhandledPromptBehavior: , version: 69.0.3497.100, webStorageEnabled: true}
Session ID: 902efe7ee428c19f240c4ecf9e75baaf)

2018-10-20 18:50:41 - [MESSAGE][WARNING] - Unable to verify if object 'Object Repository/Final Object Repo/Landing Page/BM Detecting' has attribute 'href' (Root cause: org.openqa.selenium.StaleElementReferenceException: stale element reference: element is not attached to the page document
  (Session info: chrome=69.0.3497.100)
  (Driver info: chromedriver=2.35.528161 (5b82f2d2aae0ca24b877009200ced9065a772e73),platform=Windows NT 6.1.7601 SP1 x86_64) (WARNING: The server did not provide any stacktrace information)
Command duration or timeout: 0 milliseconds
For documentation on this error, please visit: http://seleniumhq.org/exceptions/stale_element_reference.html
Build info: version: '3.7.1', revision: '8a0099a', time: '2017-11-06T21:07:36.161Z'
System info: host: 'WEIZHENG', ip: '192.168.137.1', os.name: 'Windows 7', os.arch: 'amd64', os.version: '6.1', java.version: '1.8.0_181'
Driver info: com.kms.katalon.selenium.driver.CChromeDriver
Capabilities {acceptInsecureCerts: false, acceptSslCerts: false, applicationCacheEnabled: false, browserConnectionEnabled: false, browserName: chrome, chrome: {chromedriverVersion: 2.35.528161 (5b82f2d2aae0ca..., userDataDir: C:\Users\WEIZHE~1\AppData\L...}, cssSelectorsEnabled: true, databaseEnabled: false, handlesAlerts: true, hasTouchScreen: false, javascriptEnabled: true, locationContextEnabled: true, mobileEmulationEnabled: false, nativeEvents: true, networkConnectionEnabled: false, pageLoadStrategy: normal, platform: XP, platformName: XP, rotatable: false, setWindowRect: true, takesHeapSnapshot: true, takesScreenshot: true, unexpectedAlertBehaviour: , unhandledPromptBehavior: , version: 69.0.3497.100, webStorageEnabled: true}
Session ID: 902efe7ee428c19f240c4ecf9e75baaf)
[[ATTACHMENT|C:\\Users\\LENOVO\\Katalon Studio\\Perkeso Phase A\\Reports\\Workflow\\Update Add New Employee\\20181020_131102\\1540032641389.png]]

2018-10-20 18:50:41 - [TEST_STEP][PASSED] - Statement - out.println(Checker): null

2018-10-20 18:50:41 - [TEST_STEP][FAILED] - Statement - If (Checker == false): Unable to click on object 'Object Repository/Final Object Repo/Landing Page/Select to English' (Root cause: com.kms.katalon.core.webui.exception.WebElementNotFoundException: Web element with id: 'Object Repository/Final Object Repo/Landing Page/Select to English' located by 'By.xpath: //a[@class = 'taglib-language-list-text' and @lang = 'en-US' and (contains(text(), 'EN') or contains(., 'EN'))]' not found)

2018-10-20 18:50:41 - [TEST_STEP][FAILED] - click: Unable to click on object 'Object Repository/Final Object Repo/Landing Page/Select to English' (Root cause: com.kms.katalon.core.webui.exception.WebElementNotFoundException: Web element with id: 'Object Repository/Final Object Repo/Landing Page/Select to English' located by 'By.xpath: //a[@class = 'taglib-language-list-text' and @lang = 'en-US' and (contains(text(), 'EN') or contains(., 'EN'))]' not found)

2018-10-20 18:51:21 - [MESSAGE][FAILED] - Unable to click on object 'Object Repository/Final Object Repo/Landing Page/Select to English' (Root cause: com.kms.katalon.core.webui.exception.WebElementNotFoundException: Web element with id: 'Object Repository/Final Object Repo/Landing Page/Select to English' located by 'By.xpath: //a[@class = 'taglib-language-list-text' and @lang = 'en-US' and (contains(text(), 'EN') or contains(., 'EN'))]' not found)
[[ATTACHMENT|C:\\Users\\LENOVO\\Katalon Studio\\Perkeso Phase A\\Reports\\Workflow\\Update Add New Employee\\20181020_131102\\1540032681378.png]]

2018-10-20 18:51:21 - [TEST_STEP][PASSED] - delay: Delayed 2 second(s)

2018-10-20 18:51:23 - [MESSAGE][PASSED] - Delayed 2 second(s)

2018-10-20 18:51:23 - [TEST_STEP][PASSED] - delay: Delayed 3 second(s)

2018-10-20 18:51:26 - [MESSAGE][PASSED] - Delayed 3 second(s)

2018-10-20 18:51:26 - [TEST_STEP][PASSED] - mouseOver: Object: 'Object Repository/Final Object Repo/Landing Page/WorkFlow Menu' is hovered

2018-10-20 18:51:26 - [MESSAGE][PASSED] - Object: 'Object Repository/Final Object Repo/Landing Page/WorkFlow Menu' is hovered

2018-10-20 18:51:26 - [TEST_STEP][PASSED] - delay: Delayed 2 second(s)

2018-10-20 18:51:28 - [MESSAGE][PASSED] - Delayed 2 second(s)

2018-10-20 18:51:28 - [TEST_STEP][PASSED] - click: Object: 'Object Repository/Final Object Repo/Landing Page/Select to Workflow Listing' is clicked on

2018-10-20 18:51:30 - [MESSAGE][PASSED] - Object: 'Object Repository/Final Object Repo/Landing Page/Select to Workflow Listing' is clicked on

2018-10-20 18:51:30 - [TEST_STEP][PASSED] - delay: Delayed 2 second(s)

2018-10-20 18:51:32 - [MESSAGE][PASSED] - Delayed 2 second(s)

2018-10-20 18:51:32 - [TEST_STEP][PASSED] - click: Object: 'Object Repository/Final Object Repo/WorkFlow Listing Page/Search Information - To Put Ref No' is clicked on

2018-10-20 18:51:32 - [MESSAGE][PASSED] - Object: 'Object Repository/Final Object Repo/WorkFlow Listing Page/Search Information - To Put Ref No' is clicked on

2018-10-20 18:51:32 - [TEST_STEP][PASSED] - delay: Delayed 2 second(s)

2018-10-20 18:51:34 - [MESSAGE][PASSED] - Delayed 2 second(s)

2018-10-20 18:51:34 - [TEST_STEP][PASSED] - callTestCase: Call Test Case 'Test Cases/Final Aug 2018 - PKS Automation/Common/Reference Number Getter' successfully

2018-10-20 18:51:34 - [TEST_CASE][PASSED] - Test Cases/Final Aug 2018 - PKS Automation/Common/Reference Number Getter: Test Cases/Final Aug 2018 - PKS Automation/Common/Reference Number Getter

2018-10-20 18:51:34 - [TEST_STEP][PASSED] - Statement - Try: null

2018-10-20 18:51:34 - [TEST_STEP][PASSED] - Statement - RefNo = new java.io.File(C://KatalonReference.txt): null

2018-10-20 18:51:34 - [TEST_STEP][PASSED] - Statement - bufferread = new java.io.BufferedReader(new java.io.FileReader(RefNo)): null

2018-10-20 18:51:34 - [TEST_STEP][PASSED] - Statement - readedVal = bufferread.readLine(): null

2018-10-20 18:51:34 - [TEST_STEP][PASSED] - Statement - out.println(CaseReferenceNo): null

2018-10-20 18:51:34 - [TEST_STEP][PASSED] - Statement - out.println(readedVal): null

2018-10-20 18:51:34 - [TEST_STEP][PASSED] - Statement - CaseReferenceNo = readedVal: null

2018-10-20 18:51:34 - [MESSAGE][PASSED] - Call Test Case 'Test Cases/Final Aug 2018 - PKS Automation/Common/Reference Number Getter' successfully

2018-10-20 18:51:34 - [TEST_STEP][PASSED] - setText: Text 'CAN10201800002064' is set on object 'Object Repository/Final Object Repo/WorkFlow Listing Page/Ref No Set Text'

2018-10-20 18:51:34 - [MESSAGE][PASSED] - Text 'CAN10201800002064' is set on object 'Object Repository/Final Object Repo/WorkFlow Listing Page/Ref No Set Text'

2018-10-20 18:51:34 - [TEST_STEP][PASSED] - delay: Delayed 2 second(s)

2018-10-20 18:51:36 - [MESSAGE][PASSED] - Delayed 2 second(s)

2018-10-20 18:51:36 - [TEST_STEP][PASSED] - click: Object: 'Object Repository/Final Object Repo/WorkFlow Listing Page/Search Ref No Search Button' is clicked on

2018-10-20 18:51:36 - [MESSAGE][PASSED] - Object: 'Object Repository/Final Object Repo/WorkFlow Listing Page/Search Ref No Search Button' is clicked on

2018-10-20 18:51:36 - [TEST_STEP][PASSED] - delay: Delayed 4 second(s)

2018-10-20 18:51:40 - [MESSAGE][PASSED] - Delayed 4 second(s)

2018-10-20 18:51:40 - [TEST_STEP][PASSED] - click: Object: 'Object Repository/Final Object Repo/WorkFlow Listing Page/Click Continue Tooltip' is clicked on

2018-10-20 18:51:41 - [MESSAGE][PASSED] - Object: 'Object Repository/Final Object Repo/WorkFlow Listing Page/Click Continue Tooltip' is clicked on

2018-10-20 18:51:41 - [TEST_STEP][PASSED] - delay: Delayed 5 second(s)

2018-10-20 18:51:46 - [MESSAGE][PASSED] - Delayed 5 second(s)

2018-10-20 18:51:46 - [TEST_STEP][PASSED] - doubleClick: Object: 'Object Repository/Final Object Repo/WorkFlow Listing Page/Workflow Found - Listing 1' is double clicked on

2018-10-20 18:51:47 - [MESSAGE][PASSED] - Object: 'Object Repository/Final Object Repo/WorkFlow Listing Page/Workflow Found - Listing 1' is double clicked on

2018-10-20 18:51:47 - [TEST_STEP][PASSED] - Statement - println(OwnerID): null

2018-10-20 18:51:47 - [TEST_STEP][PASSED] - Statement - OwnerID = com.kms.katalon.core.webui.keyword.WebUiBuiltInKeywords.getText(com.kms.katalon.core.testobject.ObjectRepository.findTestObject(Final Object Repo/WorkFlow Listing Page/Workflow Found - Listing 1), STOP_ON_FAILURE): Text of object 'Object Repository/Final Object Repo/WorkFlow Listing Page/Workflow Found - Listing 1' is: 'JOHORro2'

2018-10-20 18:51:47 - [MESSAGE][PASSED] - Text of object 'Object Repository/Final Object Repo/WorkFlow Listing Page/Workflow Found - Listing 1' is: 'JOHORro2'

2018-10-20 18:51:47 - [TEST_STEP][PASSED] - Statement - OwnerID = OwnerID.toLowerCase() + "@gmail.com": null

2018-10-20 18:51:47 - [TEST_STEP][PASSED] - Statement - println(OwnerID): null

2018-10-20 18:51:47 - [TEST_STEP][PASSED] - delay: Delayed 2 second(s)

2018-10-20 18:51:49 - [MESSAGE][PASSED] - Delayed 2 second(s)

2018-10-20 18:51:49 - [MESSAGE][FAILED] - Unable to call Test Case with id 'Test Cases/Final Aug 2018 - PKS Automation/Common/Workflow Owner Finder' (Root cause: Call Test Case 'Test Cases/Final Aug 2018 - PKS Automation/Common/Workflow Owner Finder' failed)]]></system-out>
         <system-err><![CDATA[2018-10-20 18:40:13 - [TEST_CASE][FAILED] - Test Cases/Final Aug 2018 - PKS Automation/Registration Module/Workflow/Update Add New Employee/Special Case (OTC - RO Under Enforcement): Test Cases/Final Aug 2018 - PKS Automation/Registration Module/Workflow/Update Add New Employee/Special Case (OTC - RO Under Enforcement) FAILED because (of) (Stack trace: com.kms.katalon.core.exception.StepFailedException: Unable to click on object 'Object Repository/Final Object Repo/Landing Page/Select to English' (Root cause: com.kms.katalon.core.webui.exception.WebElementNotFoundException: Web element with id: 'Object Repository/Final Object Repo/Landing Page/Select to English' located by 'By.xpath: //a[@class = 'taglib-language-list-text' and @lang = 'en-US' and (contains(text(), 'EN') or contains(., 'EN'))]' not found)
	at com.kms.katalon.core.keyword.internal.KeywordMain.stepFailed(KeywordMain.groovy:32)
	at com.kms.katalon.core.webui.keyword.internal.WebUIKeywordMain.stepFailed(WebUIKeywordMain.groovy:65)
	at com.kms.katalon.core.webui.keyword.internal.WebUIKeywordMain.runKeyword(WebUIKeywordMain.groovy:27)
	at com.kms.katalon.core.webui.keyword.builtin.ClickKeyword.click(ClickKeyword.groovy:86)
	at com.kms.katalon.core.webui.keyword.builtin.ClickKeyword.execute(ClickKeyword.groovy:67)
	at com.kms.katalon.core.keyword.internal.KeywordExecutor.executeKeywordForPlatform(KeywordExecutor.groovy:53)
	at com.kms.katalon.core.webui.keyword.WebUiBuiltInKeywords.click(WebUiBuiltInKeywords.groovy:604)
	at com.kms.katalon.core.webui.keyword.WebUiBuiltInKeywords$click$6.call(Unknown Source)
	at org.codehaus.groovy.runtime.callsite.CallSiteArray.defaultCall(CallSiteArray.java:48)
	at org.codehaus.groovy.runtime.callsite.AbstractCallSite.call(AbstractCallSite.java:113)
	at org.codehaus.groovy.runtime.callsite.AbstractCallSite.call(AbstractCallSite.java:133)
	at Script1536200585960.run(Script1536200585960.groovy:47)
	at com.kms.katalon.core.main.ScriptEngine.run(ScriptEngine.java:183)
	at com.kms.katalon.core.main.ScriptEngine.runScriptAsRawText(ScriptEngine.java:108)
	at com.kms.katalon.core.main.TestCaseExecutor.runScript(TestCaseExecutor.java:294)
	at com.kms.katalon.core.main.TestCaseExecutor.doExecute(TestCaseExecutor.java:285)
	at com.kms.katalon.core.main.TestCaseExecutor.processExecutionPhase(TestCaseExecutor.java:264)
	at com.kms.katalon.core.main.TestCaseExecutor.accessMainPhase(TestCaseExecutor.java:256)
	at com.kms.katalon.core.main.TestCaseExecutor.execute(TestCaseExecutor.java:200)
	at com.kms.katalon.core.main.TestSuiteExecutor.accessTestCaseMainPhase(TestSuiteExecutor.java:129)
	at com.kms.katalon.core.main.TestSuiteExecutor.accessTestSuiteMainPhase(TestSuiteExecutor.java:112)
	at com.kms.katalon.core.main.TestSuiteExecutor.execute(TestSuiteExecutor.java:81)
	at com.kms.katalon.core.main.TestCaseMain.startTestSuite(TestCaseMain.java:142)
	at com.kms.katalon.core.main.TestCaseMain$startTestSuite$0.call(Unknown Source)
	at org.codehaus.groovy.runtime.callsite.CallSiteArray.defaultCall(CallSiteArray.java:48)
	at org.codehaus.groovy.runtime.callsite.AbstractCallSite.call(AbstractCallSite.java:113)
	at org.codehaus.groovy.runtime.callsite.AbstractCallSite.call(AbstractCallSite.java:141)
	at TempTestSuite1540012262067.run(TempTestSuite1540012262067.groovy:36)
	at groovy.lang.GroovyShell.runScriptOrMainOrTestOrRunnable(GroovyShell.java:263)
	at groovy.lang.GroovyShell.run(GroovyShell.java:518)
	at groovy.lang.GroovyShell.run(GroovyShell.java:507)
	at groovy.ui.GroovyMain.processOnce(GroovyMain.java:653)
	at groovy.ui.GroovyMain.run(GroovyMain.java:384)
	at groovy.ui.GroovyMain.process(GroovyMain.java:370)
	at groovy.ui.GroovyMain.processArgs(GroovyMain.java:129)
	at groovy.ui.GroovyMain.main(GroovyMain.java:109)
	at sun.reflect.NativeMethodAccessorImpl.invoke0(Native Method)
	at sun.reflect.NativeMethodAccessorImpl.invoke(NativeMethodAccessorImpl.java:62)
	at sun.reflect.DelegatingMethodAccessorImpl.invoke(DelegatingMethodAccessorImpl.java:43)
	at java.lang.reflect.Method.invoke(Method.java:498)
	at org.codehaus.groovy.tools.GroovyStarter.rootLoader(GroovyStarter.java:109)
	at org.codehaus.groovy.tools.GroovyStarter.main(GroovyStarter.java:131)
)]]></system-err>
      </testcase>
      <testcase name="Test Cases/Final Aug 2018 - PKS Automation/Registration Module/Workflow/Update Add New Employee/Special Case (PKR BO - RO Approve)" classname="Test Cases/Final Aug 2018 - PKS Automation/Registration Module/Workflow/Update Add New Employee/Special Case (PKR BO - RO Approve)" status="FAILED">
         <failure type="FAILED" message="(Stack trace: com.kms.katalon.core.exception.StepFailedException: Unable to click on object 'Object Repository/Final Object Repo/New Registration - Registration Module Pages/Third Screen - Upload Supporting Doc- Preview/Select to Upload Borang SIP 2' (Root cause: org.openqa.selenium.WebDriverException: unknown error: Element &lt;span>...&lt;/span> is not clickable at point (151, 567). Other element would receive the click: &lt;li class=&quot;select2-results__option&quot; id=&quot;select2-_newreg_WAR_registrationportlet_objdocTypeId-result-ztl1-134&quot; role=&quot;treeitem&quot; aria-selected=&quot;false&quot;>...&lt;/li>
  (Session info: chrome=69.0.3497.100)
  (Driver info: chromedriver=2.35.528161 (5b82f2d2aae0ca24b877009200ced9065a772e73),platform=Windows NT 6.1.7601 SP1 x86_64) (WARNING: The server did not provide any stacktrace information)
Command duration or timeout: 0 milliseconds
Build info: version: '3.7.1', revision: '8a0099a', time: '2017-11-06T21:07:36.161Z'
System info: host: 'WEIZHENG', ip: '192.168.137.1', os.name: 'Windows 7', os.arch: 'amd64', os.version: '6.1', java.version: '1.8.0_181'
Driver info: com.kms.katalon.selenium.driver.CChromeDriver
Capabilities {acceptInsecureCerts: false, acceptSslCerts: false, applicationCacheEnabled: false, browserConnectionEnabled: false, browserName: chrome, chrome: {chromedriverVersion: 2.35.528161 (5b82f2d2aae0ca..., userDataDir: C:\Users\WEIZHE~1\AppData\L...}, cssSelectorsEnabled: true, databaseEnabled: false, handlesAlerts: true, hasTouchScreen: false, javascriptEnabled: true, locationContextEnabled: true, mobileEmulationEnabled: false, nativeEvents: true, networkConnectionEnabled: false, pageLoadStrategy: normal, platform: XP, platformName: XP, rotatable: false, setWindowRect: true, takesHeapSnapshot: true, takesScreenshot: true, unexpectedAlertBehaviour: , unhandledPromptBehavior: , version: 69.0.3497.100, webStorageEnabled: true}
Session ID: 4750604b160b17617608091561923b51)
	at com.kms.katalon.core.keyword.internal.KeywordMain.stepFailed(KeywordMain.groovy:32)
	at com.kms.katalon.core.webui.keyword.internal.WebUIKeywordMain.stepFailed(WebUIKeywordMain.groovy:65)
	at com.kms.katalon.core.webui.keyword.internal.WebUIKeywordMain.runKeyword(WebUIKeywordMain.groovy:27)
	at com.kms.katalon.core.webui.keyword.builtin.ClickKeyword.click(ClickKeyword.groovy:86)
	at com.kms.katalon.core.webui.keyword.builtin.ClickKeyword.execute(ClickKeyword.groovy:67)
	at com.kms.katalon.core.keyword.internal.KeywordExecutor.executeKeywordForPlatform(KeywordExecutor.groovy:53)
	at com.kms.katalon.core.webui.keyword.WebUiBuiltInKeywords.click(WebUiBuiltInKeywords.groovy:616)
	at com.kms.katalon.core.webui.keyword.WebUiBuiltInKeywords$click$2.call(Unknown Source)
	at Script1534409664094.run(Script1534409664094.groovy:104)
	at com.kms.katalon.core.main.ScriptEngine.run(ScriptEngine.java:183)
	at com.kms.katalon.core.main.ScriptEngine.runScriptAsRawText(ScriptEngine.java:108)
	at com.kms.katalon.core.main.TestCaseExecutor.runScript(TestCaseExecutor.java:294)
	at com.kms.katalon.core.main.TestCaseExecutor.doExecute(TestCaseExecutor.java:285)
	at com.kms.katalon.core.main.TestCaseExecutor.processExecutionPhase(TestCaseExecutor.java:264)
	at com.kms.katalon.core.main.TestCaseExecutor.accessMainPhase(TestCaseExecutor.java:256)
	at com.kms.katalon.core.main.TestCaseExecutor.execute(TestCaseExecutor.java:200)
	at com.kms.katalon.core.main.TestCaseMain.runTestCase(TestCaseMain.java:99)
	at com.kms.katalon.core.keyword.builtin.CallTestCaseKeyword$_callTestCase_closure1.doCall(CallTestCaseKeyword.groovy:60)
	at com.kms.katalon.core.keyword.builtin.CallTestCaseKeyword$_callTestCase_closure1.call(CallTestCaseKeyword.groovy)
	at com.kms.katalon.core.keyword.internal.KeywordMain.runKeyword(KeywordMain.groovy:54)
	at com.kms.katalon.core.keyword.builtin.CallTestCaseKeyword.callTestCase(CallTestCaseKeyword.groovy:81)
	at com.kms.katalon.core.keyword.builtin.CallTestCaseKeyword.execute(CallTestCaseKeyword.groovy:45)
	at com.kms.katalon.core.keyword.internal.KeywordExecutor.executeKeywordForPlatform(KeywordExecutor.groovy:53)
	at com.kms.katalon.core.keyword.BuiltinKeywords.callTestCase(BuiltinKeywords.groovy:334)
	at sun.reflect.GeneratedMethodAccessor13.invoke(Unknown Source)
	at sun.reflect.DelegatingMethodAccessorImpl.invoke(DelegatingMethodAccessorImpl.java:43)
	at java.lang.reflect.Method.invoke(Method.java:498)
	at org.codehaus.groovy.reflection.CachedMethod.invoke(CachedMethod.java:93)
	at groovy.lang.MetaMethod.doMethodInvoke(MetaMethod.java:325)
	at groovy.lang.MetaClassImpl.invokeStaticMethod(MetaClassImpl.java:1469)
	at org.codehaus.groovy.runtime.callsite.StaticMetaClassSite.call(StaticMetaClassSite.java:53)
	at org.codehaus.groovy.runtime.callsite.AbstractCallSite.call(AbstractCallSite.java:141)
	at Script1536051799273.run(Script1536051799273.groovy:28)
	at com.kms.katalon.core.main.ScriptEngine.run(ScriptEngine.java:183)
	at com.kms.katalon.core.main.ScriptEngine.runScriptAsRawText(ScriptEngine.java:108)
	at com.kms.katalon.core.main.TestCaseExecutor.runScript(TestCaseExecutor.java:294)
	at com.kms.katalon.core.main.TestCaseExecutor.doExecute(TestCaseExecutor.java:285)
	at com.kms.katalon.core.main.TestCaseExecutor.processExecutionPhase(TestCaseExecutor.java:264)
	at com.kms.katalon.core.main.TestCaseExecutor.accessMainPhase(TestCaseExecutor.java:256)
	at com.kms.katalon.core.main.TestCaseExecutor.execute(TestCaseExecutor.java:200)
	at com.kms.katalon.core.main.TestCaseMain.runTestCase(TestCaseMain.java:99)
	at com.kms.katalon.core.keyword.builtin.CallTestCaseKeyword$_callTestCase_closure1.doCall(CallTestCaseKeyword.groovy:60)
	at com.kms.katalon.core.keyword.builtin.CallTestCaseKeyword$_callTestCase_closure1.call(CallTestCaseKeyword.groovy)
	at com.kms.katalon.core.keyword.internal.KeywordMain.runKeyword(KeywordMain.groovy:54)
	at com.kms.katalon.core.keyword.builtin.CallTestCaseKeyword.callTestCase(CallTestCaseKeyword.groovy:81)
	at com.kms.katalon.core.keyword.builtin.CallTestCaseKeyword.execute(CallTestCaseKeyword.groovy:45)
	at com.kms.katalon.core.keyword.internal.KeywordExecutor.executeKeywordForPlatform(KeywordExecutor.groovy:53)
	at com.kms.katalon.core.keyword.BuiltinKeywords.callTestCase(BuiltinKeywords.groovy:334)
	at sun.reflect.GeneratedMethodAccessor13.invoke(Unknown Source)
	at sun.reflect.DelegatingMethodAccessorImpl.invoke(DelegatingMethodAccessorImpl.java:43)
	at java.lang.reflect.Method.invoke(Method.java:498)
	at org.codehaus.groovy.reflection.CachedMethod.invoke(CachedMethod.java:93)
	at groovy.lang.MetaMethod.doMethodInvoke(MetaMethod.java:325)
	at groovy.lang.MetaClassImpl.invokeStaticMethod(MetaClassImpl.java:1469)
	at org.codehaus.groovy.runtime.callsite.StaticMetaClassSite.call(StaticMetaClassSite.java:53)
	at org.codehaus.groovy.runtime.callsite.CallSiteArray.defaultCall(CallSiteArray.java:48)
	at org.codehaus.groovy.runtime.callsite.AbstractCallSite.call(AbstractCallSite.java:113)
	at org.codehaus.groovy.runtime.callsite.AbstractCallSite.call(AbstractCallSite.java:141)
	at Script1536116130372.run(Script1536116130372.groovy:15)
	at com.kms.katalon.core.main.ScriptEngine.run(ScriptEngine.java:183)
	at com.kms.katalon.core.main.ScriptEngine.runScriptAsRawText(ScriptEngine.java:108)
	at com.kms.katalon.core.main.TestCaseExecutor.runScript(TestCaseExecutor.java:294)
	at com.kms.katalon.core.main.TestCaseExecutor.doExecute(TestCaseExecutor.java:285)
	at com.kms.katalon.core.main.TestCaseExecutor.processExecutionPhase(TestCaseExecutor.java:264)
	at com.kms.katalon.core.main.TestCaseExecutor.accessMainPhase(TestCaseExecutor.java:256)
	at com.kms.katalon.core.main.TestCaseExecutor.execute(TestCaseExecutor.java:200)
	at com.kms.katalon.core.main.TestSuiteExecutor.accessTestCaseMainPhase(TestSuiteExecutor.java:129)
	at com.kms.katalon.core.main.TestSuiteExecutor.accessTestSuiteMainPhase(TestSuiteExecutor.java:112)
	at com.kms.katalon.core.main.TestSuiteExecutor.execute(TestSuiteExecutor.java:81)
	at com.kms.katalon.core.main.TestCaseMain.startTestSuite(TestCaseMain.java:142)
	at com.kms.katalon.core.main.TestCaseMain$startTestSuite$0.call(Unknown Source)
	at org.codehaus.groovy.runtime.callsite.CallSiteArray.defaultCall(CallSiteArray.java:48)
	at org.codehaus.groovy.runtime.callsite.AbstractCallSite.call(AbstractCallSite.java:113)
	at org.codehaus.groovy.runtime.callsite.AbstractCallSite.call(AbstractCallSite.java:141)
	at TempTestSuite1540012262067.run(TempTestSuite1540012262067.groovy:36)
	at groovy.lang.GroovyShell.runScriptOrMainOrTestOrRunnable(GroovyShell.java:263)
	at groovy.lang.GroovyShell.run(GroovyShell.java:518)
	at groovy.lang.GroovyShell.run(GroovyShell.java:507)
	at groovy.ui.GroovyMain.processOnce(GroovyMain.java:653)
	at groovy.ui.GroovyMain.run(GroovyMain.java:384)
	at groovy.ui.GroovyMain.process(GroovyMain.java:370)
	at groovy.ui.GroovyMain.processArgs(GroovyMain.java:129)
	at groovy.ui.GroovyMain.main(GroovyMain.java:109)
	at sun.reflect.NativeMethodAccessorImpl.invoke0(Native Method)
	at sun.reflect.NativeMethodAccessorImpl.invoke(NativeMethodAccessorImpl.java:62)
	at sun.reflect.DelegatingMethodAccessorImpl.invoke(DelegatingMethodAccessorImpl.java:43)
	at java.lang.reflect.Method.invoke(Method.java:498)
	at org.codehaus.groovy.tools.GroovyStarter.rootLoader(GroovyStarter.java:109)
	at org.codehaus.groovy.tools.GroovyStarter.main(GroovyStarter.java:131)
)"/>
         <system-out><![CDATA[2018-10-20 18:51:49 - [TEST_CASE][FAILED] - Test Cases/Final Aug 2018 - PKS Automation/Registration Module/Workflow/Update Add New Employee/Special Case (PKR BO - RO Approve): Test Cases/Final Aug 2018 - PKS Automation/Registration Module/Workflow/Update Add New Employee/Special Case (PKR BO - RO Approve) FAILED because (of) (Stack trace: com.kms.katalon.core.exception.StepFailedException: Unable to click on object 'Object Repository/Final Object Repo/New Registration - Registration Module Pages/Third Screen - Upload Supporting Doc- Preview/Select to Upload Borang SIP 2' (Root cause: org.openqa.selenium.WebDriverException: unknown error: Element <span>...</span> is not clickable at point (151, 567). Other element would receive the click: <li class="select2-results__option" id="select2-_newreg_WAR_registrationportlet_objdocTypeId-result-ztl1-134" role="treeitem" aria-selected="false">...</li>
  (Session info: chrome=69.0.3497.100)
  (Driver info: chromedriver=2.35.528161 (5b82f2d2aae0ca24b877009200ced9065a772e73),platform=Windows NT 6.1.7601 SP1 x86_64) (WARNING: The server did not provide any stacktrace information)
Command duration or timeout: 0 milliseconds
Build info: version: '3.7.1', revision: '8a0099a', time: '2017-11-06T21:07:36.161Z'
System info: host: 'WEIZHENG', ip: '192.168.137.1', os.name: 'Windows 7', os.arch: 'amd64', os.version: '6.1', java.version: '1.8.0_181'
Driver info: com.kms.katalon.selenium.driver.CChromeDriver
Capabilities {acceptInsecureCerts: false, acceptSslCerts: false, applicationCacheEnabled: false, browserConnectionEnabled: false, browserName: chrome, chrome: {chromedriverVersion: 2.35.528161 (5b82f2d2aae0ca..., userDataDir: C:\Users\WEIZHE~1\AppData\L...}, cssSelectorsEnabled: true, databaseEnabled: false, handlesAlerts: true, hasTouchScreen: false, javascriptEnabled: true, locationContextEnabled: true, mobileEmulationEnabled: false, nativeEvents: true, networkConnectionEnabled: false, pageLoadStrategy: normal, platform: XP, platformName: XP, rotatable: false, setWindowRect: true, takesHeapSnapshot: true, takesScreenshot: true, unexpectedAlertBehaviour: , unhandledPromptBehavior: , version: 69.0.3497.100, webStorageEnabled: true}
Session ID: 4750604b160b17617608091561923b51)
	at com.kms.katalon.core.keyword.internal.KeywordMain.stepFailed(KeywordMain.groovy:32)
	at com.kms.katalon.core.webui.keyword.internal.WebUIKeywordMain.stepFailed(WebUIKeywordMain.groovy:65)
	at com.kms.katalon.core.webui.keyword.internal.WebUIKeywordMain.runKeyword(WebUIKeywordMain.groovy:27)
	at com.kms.katalon.core.webui.keyword.builtin.ClickKeyword.click(ClickKeyword.groovy:86)
	at com.kms.katalon.core.webui.keyword.builtin.ClickKeyword.execute(ClickKeyword.groovy:67)
	at com.kms.katalon.core.keyword.internal.KeywordExecutor.executeKeywordForPlatform(KeywordExecutor.groovy:53)
	at com.kms.katalon.core.webui.keyword.WebUiBuiltInKeywords.click(WebUiBuiltInKeywords.groovy:616)
	at com.kms.katalon.core.webui.keyword.WebUiBuiltInKeywords$click$2.call(Unknown Source)
	at Script1534409664094.run(Script1534409664094.groovy:104)
	at com.kms.katalon.core.main.ScriptEngine.run(ScriptEngine.java:183)
	at com.kms.katalon.core.main.ScriptEngine.runScriptAsRawText(ScriptEngine.java:108)
	at com.kms.katalon.core.main.TestCaseExecutor.runScript(TestCaseExecutor.java:294)
	at com.kms.katalon.core.main.TestCaseExecutor.doExecute(TestCaseExecutor.java:285)
	at com.kms.katalon.core.main.TestCaseExecutor.processExecutionPhase(TestCaseExecutor.java:264)
	at com.kms.katalon.core.main.TestCaseExecutor.accessMainPhase(TestCaseExecutor.java:256)
	at com.kms.katalon.core.main.TestCaseExecutor.execute(TestCaseExecutor.java:200)
	at com.kms.katalon.core.main.TestCaseMain.runTestCase(TestCaseMain.java:99)
	at com.kms.katalon.core.keyword.builtin.CallTestCaseKeyword$_callTestCase_closure1.doCall(CallTestCaseKeyword.groovy:60)
	at com.kms.katalon.core.keyword.builtin.CallTestCaseKeyword$_callTestCase_closure1.call(CallTestCaseKeyword.groovy)
	at com.kms.katalon.core.keyword.internal.KeywordMain.runKeyword(KeywordMain.groovy:54)
	at com.kms.katalon.core.keyword.builtin.CallTestCaseKeyword.callTestCase(CallTestCaseKeyword.groovy:81)
	at com.kms.katalon.core.keyword.builtin.CallTestCaseKeyword.execute(CallTestCaseKeyword.groovy:45)
	at com.kms.katalon.core.keyword.internal.KeywordExecutor.executeKeywordForPlatform(KeywordExecutor.groovy:53)
	at com.kms.katalon.core.keyword.BuiltinKeywords.callTestCase(BuiltinKeywords.groovy:334)
	at sun.reflect.GeneratedMethodAccessor13.invoke(Unknown Source)
	at sun.reflect.DelegatingMethodAccessorImpl.invoke(DelegatingMethodAccessorImpl.java:43)
	at java.lang.reflect.Method.invoke(Method.java:498)
	at org.codehaus.groovy.reflection.CachedMethod.invoke(CachedMethod.java:93)
	at groovy.lang.MetaMethod.doMethodInvoke(MetaMethod.java:325)
	at groovy.lang.MetaClassImpl.invokeStaticMethod(MetaClassImpl.java:1469)
	at org.codehaus.groovy.runtime.callsite.StaticMetaClassSite.call(StaticMetaClassSite.java:53)
	at org.codehaus.groovy.runtime.callsite.AbstractCallSite.call(AbstractCallSite.java:141)
	at Script1536051799273.run(Script1536051799273.groovy:28)
	at com.kms.katalon.core.main.ScriptEngine.run(ScriptEngine.java:183)
	at com.kms.katalon.core.main.ScriptEngine.runScriptAsRawText(ScriptEngine.java:108)
	at com.kms.katalon.core.main.TestCaseExecutor.runScript(TestCaseExecutor.java:294)
	at com.kms.katalon.core.main.TestCaseExecutor.doExecute(TestCaseExecutor.java:285)
	at com.kms.katalon.core.main.TestCaseExecutor.processExecutionPhase(TestCaseExecutor.java:264)
	at com.kms.katalon.core.main.TestCaseExecutor.accessMainPhase(TestCaseExecutor.java:256)
	at com.kms.katalon.core.main.TestCaseExecutor.execute(TestCaseExecutor.java:200)
	at com.kms.katalon.core.main.TestCaseMain.runTestCase(TestCaseMain.java:99)
	at com.kms.katalon.core.keyword.builtin.CallTestCaseKeyword$_callTestCase_closure1.doCall(CallTestCaseKeyword.groovy:60)
	at com.kms.katalon.core.keyword.builtin.CallTestCaseKeyword$_callTestCase_closure1.call(CallTestCaseKeyword.groovy)
	at com.kms.katalon.core.keyword.internal.KeywordMain.runKeyword(KeywordMain.groovy:54)
	at com.kms.katalon.core.keyword.builtin.CallTestCaseKeyword.callTestCase(CallTestCaseKeyword.groovy:81)
	at com.kms.katalon.core.keyword.builtin.CallTestCaseKeyword.execute(CallTestCaseKeyword.groovy:45)
	at com.kms.katalon.core.keyword.internal.KeywordExecutor.executeKeywordForPlatform(KeywordExecutor.groovy:53)
	at com.kms.katalon.core.keyword.BuiltinKeywords.callTestCase(BuiltinKeywords.groovy:334)
	at sun.reflect.GeneratedMethodAccessor13.invoke(Unknown Source)
	at sun.reflect.DelegatingMethodAccessorImpl.invoke(DelegatingMethodAccessorImpl.java:43)
	at java.lang.reflect.Method.invoke(Method.java:498)
	at org.codehaus.groovy.reflection.CachedMethod.invoke(CachedMethod.java:93)
	at groovy.lang.MetaMethod.doMethodInvoke(MetaMethod.java:325)
	at groovy.lang.MetaClassImpl.invokeStaticMethod(MetaClassImpl.java:1469)
	at org.codehaus.groovy.runtime.callsite.StaticMetaClassSite.call(StaticMetaClassSite.java:53)
	at org.codehaus.groovy.runtime.callsite.CallSiteArray.defaultCall(CallSiteArray.java:48)
	at org.codehaus.groovy.runtime.callsite.AbstractCallSite.call(AbstractCallSite.java:113)
	at org.codehaus.groovy.runtime.callsite.AbstractCallSite.call(AbstractCallSite.java:141)
	at Script1536116130372.run(Script1536116130372.groovy:15)
	at com.kms.katalon.core.main.ScriptEngine.run(ScriptEngine.java:183)
	at com.kms.katalon.core.main.ScriptEngine.runScriptAsRawText(ScriptEngine.java:108)
	at com.kms.katalon.core.main.TestCaseExecutor.runScript(TestCaseExecutor.java:294)
	at com.kms.katalon.core.main.TestCaseExecutor.doExecute(TestCaseExecutor.java:285)
	at com.kms.katalon.core.main.TestCaseExecutor.processExecutionPhase(TestCaseExecutor.java:264)
	at com.kms.katalon.core.main.TestCaseExecutor.accessMainPhase(TestCaseExecutor.java:256)
	at com.kms.katalon.core.main.TestCaseExecutor.execute(TestCaseExecutor.java:200)
	at com.kms.katalon.core.main.TestSuiteExecutor.accessTestCaseMainPhase(TestSuiteExecutor.java:129)
	at com.kms.katalon.core.main.TestSuiteExecutor.accessTestSuiteMainPhase(TestSuiteExecutor.java:112)
	at com.kms.katalon.core.main.TestSuiteExecutor.execute(TestSuiteExecutor.java:81)
	at com.kms.katalon.core.main.TestCaseMain.startTestSuite(TestCaseMain.java:142)
	at com.kms.katalon.core.main.TestCaseMain$startTestSuite$0.call(Unknown Source)
	at org.codehaus.groovy.runtime.callsite.CallSiteArray.defaultCall(CallSiteArray.java:48)
	at org.codehaus.groovy.runtime.callsite.AbstractCallSite.call(AbstractCallSite.java:113)
	at org.codehaus.groovy.runtime.callsite.AbstractCallSite.call(AbstractCallSite.java:141)
	at TempTestSuite1540012262067.run(TempTestSuite1540012262067.groovy:36)
	at groovy.lang.GroovyShell.runScriptOrMainOrTestOrRunnable(GroovyShell.java:263)
	at groovy.lang.GroovyShell.run(GroovyShell.java:518)
	at groovy.lang.GroovyShell.run(GroovyShell.java:507)
	at groovy.ui.GroovyMain.processOnce(GroovyMain.java:653)
	at groovy.ui.GroovyMain.run(GroovyMain.java:384)
	at groovy.ui.GroovyMain.process(GroovyMain.java:370)
	at groovy.ui.GroovyMain.processArgs(GroovyMain.java:129)
	at groovy.ui.GroovyMain.main(GroovyMain.java:109)
	at sun.reflect.NativeMethodAccessorImpl.invoke0(Native Method)
	at sun.reflect.NativeMethodAccessorImpl.invoke(NativeMethodAccessorImpl.java:62)
	at sun.reflect.DelegatingMethodAccessorImpl.invoke(DelegatingMethodAccessorImpl.java:43)
	at java.lang.reflect.Method.invoke(Method.java:498)
	at org.codehaus.groovy.tools.GroovyStarter.rootLoader(GroovyStarter.java:109)
	at org.codehaus.groovy.tools.GroovyStarter.main(GroovyStarter.java:131)
)

2018-10-20 18:51:49 - [TEST_STEP][FAILED] - callTestCase: Unable to call Test Case with id 'Test Cases/Final Aug 2018 - PKS Automation/Registration Module/Workflow/Update Add New Employee/Template/New Company for Update Add New' (Root cause: Call Test Case 'Test Cases/Final Aug 2018 - PKS Automation/Registration Module/Workflow/Update Add New Employee/Template/New Company for Update Add New' failed)

2018-10-20 18:51:49 - [TEST_CASE][FAILED] - Test Cases/Final Aug 2018 - PKS Automation/Registration Module/Workflow/Update Add New Employee/Template/New Company for Update Add New: Test Cases/Final Aug 2018 - PKS Automation/Registration Module/Workflow/Update Add New Employee/Template/New Company for Update Add New FAILED because (of) (Stack trace: com.kms.katalon.core.exception.StepFailedException: Unable to click on object 'Object Repository/Final Object Repo/New Registration - Registration Module Pages/Third Screen - Upload Supporting Doc- Preview/Select to Upload Borang SIP 2' (Root cause: org.openqa.selenium.WebDriverException: unknown error: Element <span>...</span> is not clickable at point (151, 567). Other element would receive the click: <li class="select2-results__option" id="select2-_newreg_WAR_registrationportlet_objdocTypeId-result-ztl1-134" role="treeitem" aria-selected="false">...</li>
  (Session info: chrome=69.0.3497.100)
  (Driver info: chromedriver=2.35.528161 (5b82f2d2aae0ca24b877009200ced9065a772e73),platform=Windows NT 6.1.7601 SP1 x86_64) (WARNING: The server did not provide any stacktrace information)
Command duration or timeout: 0 milliseconds
Build info: version: '3.7.1', revision: '8a0099a', time: '2017-11-06T21:07:36.161Z'
System info: host: 'WEIZHENG', ip: '192.168.137.1', os.name: 'Windows 7', os.arch: 'amd64', os.version: '6.1', java.version: '1.8.0_181'
Driver info: com.kms.katalon.selenium.driver.CChromeDriver
Capabilities {acceptInsecureCerts: false, acceptSslCerts: false, applicationCacheEnabled: false, browserConnectionEnabled: false, browserName: chrome, chrome: {chromedriverVersion: 2.35.528161 (5b82f2d2aae0ca..., userDataDir: C:\Users\WEIZHE~1\AppData\L...}, cssSelectorsEnabled: true, databaseEnabled: false, handlesAlerts: true, hasTouchScreen: false, javascriptEnabled: true, locationContextEnabled: true, mobileEmulationEnabled: false, nativeEvents: true, networkConnectionEnabled: false, pageLoadStrategy: normal, platform: XP, platformName: XP, rotatable: false, setWindowRect: true, takesHeapSnapshot: true, takesScreenshot: true, unexpectedAlertBehaviour: , unhandledPromptBehavior: , version: 69.0.3497.100, webStorageEnabled: true}
Session ID: 4750604b160b17617608091561923b51)
	at com.kms.katalon.core.keyword.internal.KeywordMain.stepFailed(KeywordMain.groovy:32)
	at com.kms.katalon.core.webui.keyword.internal.WebUIKeywordMain.stepFailed(WebUIKeywordMain.groovy:65)
	at com.kms.katalon.core.webui.keyword.internal.WebUIKeywordMain.runKeyword(WebUIKeywordMain.groovy:27)
	at com.kms.katalon.core.webui.keyword.builtin.ClickKeyword.click(ClickKeyword.groovy:86)
	at com.kms.katalon.core.webui.keyword.builtin.ClickKeyword.execute(ClickKeyword.groovy:67)
	at com.kms.katalon.core.keyword.internal.KeywordExecutor.executeKeywordForPlatform(KeywordExecutor.groovy:53)
	at com.kms.katalon.core.webui.keyword.WebUiBuiltInKeywords.click(WebUiBuiltInKeywords.groovy:616)
	at com.kms.katalon.core.webui.keyword.WebUiBuiltInKeywords$click$2.call(Unknown Source)
	at Script1534409664094.run(Script1534409664094.groovy:104)
	at com.kms.katalon.core.main.ScriptEngine.run(ScriptEngine.java:183)
	at com.kms.katalon.core.main.ScriptEngine.runScriptAsRawText(ScriptEngine.java:108)
	at com.kms.katalon.core.main.TestCaseExecutor.runScript(TestCaseExecutor.java:294)
	at com.kms.katalon.core.main.TestCaseExecutor.doExecute(TestCaseExecutor.java:285)
	at com.kms.katalon.core.main.TestCaseExecutor.processExecutionPhase(TestCaseExecutor.java:264)
	at com.kms.katalon.core.main.TestCaseExecutor.accessMainPhase(TestCaseExecutor.java:256)
	at com.kms.katalon.core.main.TestCaseExecutor.execute(TestCaseExecutor.java:200)
	at com.kms.katalon.core.main.TestCaseMain.runTestCase(TestCaseMain.java:99)
	at com.kms.katalon.core.keyword.builtin.CallTestCaseKeyword$_callTestCase_closure1.doCall(CallTestCaseKeyword.groovy:60)
	at com.kms.katalon.core.keyword.builtin.CallTestCaseKeyword$_callTestCase_closure1.call(CallTestCaseKeyword.groovy)
	at com.kms.katalon.core.keyword.internal.KeywordMain.runKeyword(KeywordMain.groovy:54)
	at com.kms.katalon.core.keyword.builtin.CallTestCaseKeyword.callTestCase(CallTestCaseKeyword.groovy:81)
	at com.kms.katalon.core.keyword.builtin.CallTestCaseKeyword.execute(CallTestCaseKeyword.groovy:45)
	at com.kms.katalon.core.keyword.internal.KeywordExecutor.executeKeywordForPlatform(KeywordExecutor.groovy:53)
	at com.kms.katalon.core.keyword.BuiltinKeywords.callTestCase(BuiltinKeywords.groovy:334)
	at sun.reflect.GeneratedMethodAccessor13.invoke(Unknown Source)
	at sun.reflect.DelegatingMethodAccessorImpl.invoke(DelegatingMethodAccessorImpl.java:43)
	at java.lang.reflect.Method.invoke(Method.java:498)
	at org.codehaus.groovy.reflection.CachedMethod.invoke(CachedMethod.java:93)
	at groovy.lang.MetaMethod.doMethodInvoke(MetaMethod.java:325)
	at groovy.lang.MetaClassImpl.invokeStaticMethod(MetaClassImpl.java:1469)
	at org.codehaus.groovy.runtime.callsite.StaticMetaClassSite.call(StaticMetaClassSite.java:53)
	at org.codehaus.groovy.runtime.callsite.AbstractCallSite.call(AbstractCallSite.java:141)
	at Script1536051799273.run(Script1536051799273.groovy:28)
	at com.kms.katalon.core.main.ScriptEngine.run(ScriptEngine.java:183)
	at com.kms.katalon.core.main.ScriptEngine.runScriptAsRawText(ScriptEngine.java:108)
	at com.kms.katalon.core.main.TestCaseExecutor.runScript(TestCaseExecutor.java:294)
	at com.kms.katalon.core.main.TestCaseExecutor.doExecute(TestCaseExecutor.java:285)
	at com.kms.katalon.core.main.TestCaseExecutor.processExecutionPhase(TestCaseExecutor.java:264)
	at com.kms.katalon.core.main.TestCaseExecutor.accessMainPhase(TestCaseExecutor.java:256)
	at com.kms.katalon.core.main.TestCaseExecutor.execute(TestCaseExecutor.java:200)
	at com.kms.katalon.core.main.TestCaseMain.runTestCase(TestCaseMain.java:99)
	at com.kms.katalon.core.keyword.builtin.CallTestCaseKeyword$_callTestCase_closure1.doCall(CallTestCaseKeyword.groovy:60)
	at com.kms.katalon.core.keyword.builtin.CallTestCaseKeyword$_callTestCase_closure1.call(CallTestCaseKeyword.groovy)
	at com.kms.katalon.core.keyword.internal.KeywordMain.runKeyword(KeywordMain.groovy:54)
	at com.kms.katalon.core.keyword.builtin.CallTestCaseKeyword.callTestCase(CallTestCaseKeyword.groovy:81)
	at com.kms.katalon.core.keyword.builtin.CallTestCaseKeyword.execute(CallTestCaseKeyword.groovy:45)
	at com.kms.katalon.core.keyword.internal.KeywordExecutor.executeKeywordForPlatform(KeywordExecutor.groovy:53)
	at com.kms.katalon.core.keyword.BuiltinKeywords.callTestCase(BuiltinKeywords.groovy:334)
	at sun.reflect.GeneratedMethodAccessor13.invoke(Unknown Source)
	at sun.reflect.DelegatingMethodAccessorImpl.invoke(DelegatingMethodAccessorImpl.java:43)
	at java.lang.reflect.Method.invoke(Method.java:498)
	at org.codehaus.groovy.reflection.CachedMethod.invoke(CachedMethod.java:93)
	at groovy.lang.MetaMethod.doMethodInvoke(MetaMethod.java:325)
	at groovy.lang.MetaClassImpl.invokeStaticMethod(MetaClassImpl.java:1469)
	at org.codehaus.groovy.runtime.callsite.StaticMetaClassSite.call(StaticMetaClassSite.java:53)
	at org.codehaus.groovy.runtime.callsite.CallSiteArray.defaultCall(CallSiteArray.java:48)
	at org.codehaus.groovy.runtime.callsite.AbstractCallSite.call(AbstractCallSite.java:113)
	at org.codehaus.groovy.runtime.callsite.AbstractCallSite.call(AbstractCallSite.java:141)
	at Script1536116130372.run(Script1536116130372.groovy:15)
	at com.kms.katalon.core.main.ScriptEngine.run(ScriptEngine.java:183)
	at com.kms.katalon.core.main.ScriptEngine.runScriptAsRawText(ScriptEngine.java:108)
	at com.kms.katalon.core.main.TestCaseExecutor.runScript(TestCaseExecutor.java:294)
	at com.kms.katalon.core.main.TestCaseExecutor.doExecute(TestCaseExecutor.java:285)
	at com.kms.katalon.core.main.TestCaseExecutor.processExecutionPhase(TestCaseExecutor.java:264)
	at com.kms.katalon.core.main.TestCaseExecutor.accessMainPhase(TestCaseExecutor.java:256)
	at com.kms.katalon.core.main.TestCaseExecutor.execute(TestCaseExecutor.java:200)
	at com.kms.katalon.core.main.TestSuiteExecutor.accessTestCaseMainPhase(TestSuiteExecutor.java:129)
	at com.kms.katalon.core.main.TestSuiteExecutor.accessTestSuiteMainPhase(TestSuiteExecutor.java:112)
	at com.kms.katalon.core.main.TestSuiteExecutor.execute(TestSuiteExecutor.java:81)
	at com.kms.katalon.core.main.TestCaseMain.startTestSuite(TestCaseMain.java:142)
	at com.kms.katalon.core.main.TestCaseMain$startTestSuite$0.call(Unknown Source)
	at org.codehaus.groovy.runtime.callsite.CallSiteArray.defaultCall(CallSiteArray.java:48)
	at org.codehaus.groovy.runtime.callsite.AbstractCallSite.call(AbstractCallSite.java:113)
	at org.codehaus.groovy.runtime.callsite.AbstractCallSite.call(AbstractCallSite.java:141)
	at TempTestSuite1540012262067.run(TempTestSuite1540012262067.groovy:36)
	at groovy.lang.GroovyShell.runScriptOrMainOrTestOrRunnable(GroovyShell.java:263)
	at groovy.lang.GroovyShell.run(GroovyShell.java:518)
	at groovy.lang.GroovyShell.run(GroovyShell.java:507)
	at groovy.ui.GroovyMain.processOnce(GroovyMain.java:653)
	at groovy.ui.GroovyMain.run(GroovyMain.java:384)
	at groovy.ui.GroovyMain.process(GroovyMain.java:370)
	at groovy.ui.GroovyMain.processArgs(GroovyMain.java:129)
	at groovy.ui.GroovyMain.main(GroovyMain.java:109)
	at sun.reflect.NativeMethodAccessorImpl.invoke0(Native Method)
	at sun.reflect.NativeMethodAccessorImpl.invoke(NativeMethodAccessorImpl.java:62)
	at sun.reflect.DelegatingMethodAccessorImpl.invoke(DelegatingMethodAccessorImpl.java:43)
	at java.lang.reflect.Method.invoke(Method.java:498)
	at org.codehaus.groovy.tools.GroovyStarter.rootLoader(GroovyStarter.java:109)
	at org.codehaus.groovy.tools.GroovyStarter.main(GroovyStarter.java:131)
)

2018-10-20 18:51:49 - [TEST_STEP][PASSED] - callTestCase: Call Test Case 'Test Cases/Final Aug 2018 - PKS Automation/Registration Module/New Registration/Form 1/Form 1 - Corporation - BHD' successfully

2018-10-20 18:51:49 - [TEST_CASE][PASSED] - Test Cases/Final Aug 2018 - PKS Automation/Registration Module/New Registration/Form 1/Form 1 - Corporation - BHD: Test Cases/Final Aug 2018 - PKS Automation/Registration Module/New Registration/Form 1/Form 1 - Corporation - BHD

2018-10-20 18:51:49 - [TEST_STEP][PASSED] - openBrowser: Browser is opened with url: ''

2018-10-20 18:51:49 - [MESSAGE][WARNING] - A browser is already opened. Closing browser and opening a new one

2018-10-20 18:51:53 - [MESSAGE][PASSED] - Browser is opened with url: ''

2018-10-20 18:51:53 - [TEST_STEP][PASSED] - navigateToUrl: Navigate to 'https://assist2-uat.perkeso.gov.my/login' successfully

2018-10-20 18:51:55 - [MESSAGE][PASSED] - Navigate to 'https://assist2-uat.perkeso.gov.my/login' successfully

2018-10-20 18:51:55 - [TEST_STEP][PASSED] - setText: Text 'johorotc1@gmail.com' is set on object 'Object Repository/Final Object Repo/Login Page/Internal User/Email Address'

2018-10-20 18:51:55 - [MESSAGE][PASSED] - Text 'johorotc1@gmail.com' is set on object 'Object Repository/Final Object Repo/Login Page/Internal User/Email Address'

2018-10-20 18:51:55 - [TEST_STEP][PASSED] - click: Object: 'Object Repository/Final Object Repo/Login Page/Internal User/Next Button' is clicked on

2018-10-20 18:51:55 - [MESSAGE][PASSED] - Object: 'Object Repository/Final Object Repo/Login Page/Internal User/Next Button' is clicked on

2018-10-20 18:51:55 - [TEST_STEP][PASSED] - delay: Delayed 1 second(s)

2018-10-20 18:51:56 - [MESSAGE][PASSED] - Delayed 1 second(s)

2018-10-20 18:51:56 - [TEST_STEP][PASSED] - setEncryptedText: Text ****** has been set on object 'Object Repository/Final Object Repo/Login Page/Internal User/Password'

2018-10-20 18:51:57 - [MESSAGE][PASSED] - Text ****** has been set on object 'Object Repository/Final Object Repo/Login Page/Internal User/Password'

2018-10-20 18:51:57 - [TEST_STEP][PASSED] - click: Object: 'Object Repository/Final Object Repo/Login Page/Internal User/Login Button' is clicked on

2018-10-20 18:51:57 - [MESSAGE][PASSED] - Object: 'Object Repository/Final Object Repo/Login Page/Internal User/Login Button' is clicked on

2018-10-20 18:51:57 - [TEST_STEP][PASSED] - delay: Delayed 1 second(s)

2018-10-20 18:51:58 - [MESSAGE][PASSED] - Delayed 1 second(s)

2018-10-20 18:51:58 - [TEST_STEP][PASSED] - Statement - Try: Delayed 2 second(s)

2018-10-20 18:51:58 - [TEST_STEP][PASSED] - Statement - Checker = false: null

2018-10-20 18:51:58 - [TEST_STEP][PASSED] - Statement - Checker = com.kms.katalon.core.webui.keyword.WebUiBuiltInKeywords.verifyElementHasAttribute(com.kms.katalon.core.testobject.ObjectRepository.findTestObject(Final Object Repo/Landing Page/BM Detecting), "href", 20, OPTIONAL): Object 'Object Repository/Final Object Repo/Landing Page/BM Detecting' has attribute 'href'

2018-10-20 18:51:59 - [MESSAGE][PASSED] - Object 'Object Repository/Final Object Repo/Landing Page/BM Detecting' has attribute 'href'

2018-10-20 18:51:59 - [TEST_STEP][PASSED] - Statement - out.println(Checker): null

2018-10-20 18:51:59 - [TEST_STEP][PASSED] - Statement - If (Checker == false): null

2018-10-20 18:51:59 - [TEST_STEP][PASSED] - Statement - Else: null

2018-10-20 18:51:59 - [TEST_STEP][PASSED] - delay: Delayed 2 second(s)

2018-10-20 18:52:01 - [MESSAGE][PASSED] - Delayed 2 second(s)

2018-10-20 18:52:01 - [TEST_STEP][PASSED] - navigateToUrl: Navigate to 'https://assist2-uat.perkeso.gov.my/web/registration/registration' successfully

2018-10-20 18:52:03 - [MESSAGE][PASSED] - Navigate to 'https://assist2-uat.perkeso.gov.my/web/registration/registration' successfully

2018-10-20 18:52:03 - [TEST_STEP][PASSED] - click: Object: 'Object Repository/Final Object Repo/New Registration - Registration Module Pages/Form 1/AEC - No' is clicked on

2018-10-20 18:52:03 - [MESSAGE][PASSED] - Object: 'Object Repository/Final Object Repo/New Registration - Registration Module Pages/Form 1/AEC - No' is clicked on

2018-10-20 18:52:03 - [TEST_STEP][PASSED] - click: Object: 'Object Repository/Final Object Repo/New Registration - Registration Module Pages/Form 1/Business Entity' is clicked on

2018-10-20 18:52:03 - [MESSAGE][PASSED] - Object: 'Object Repository/Final Object Repo/New Registration - Registration Module Pages/Form 1/Business Entity' is clicked on

2018-10-20 18:52:03 - [TEST_STEP][PASSED] - click: Object: 'Object Repository/Final Object Repo/New Registration - Registration Module Pages/Form 1/Businees Entity - Corporation' is clicked on

2018-10-20 18:52:04 - [MESSAGE][PASSED] - Object: 'Object Repository/Final Object Repo/New Registration - Registration Module Pages/Form 1/Businees Entity - Corporation' is clicked on

2018-10-20 18:52:04 - [TEST_STEP][PASSED] - delay: Delayed 1 second(s)

2018-10-20 18:52:05 - [MESSAGE][PASSED] - Delayed 1 second(s)

2018-10-20 18:52:05 - [TEST_STEP][PASSED] - click: Object: 'Object Repository/Final Object Repo/New Registration - Registration Module Pages/Form 1/Sub Business Entity' is clicked on

2018-10-20 18:52:05 - [MESSAGE][PASSED] - Object: 'Object Repository/Final Object Repo/New Registration - Registration Module Pages/Form 1/Sub Business Entity' is clicked on

2018-10-20 18:52:05 - [TEST_STEP][PASSED] - click: Object: 'Object Repository/Final Object Repo/New Registration - Registration Module Pages/Form 1/Sub Business Entity - Berhad' is clicked on

2018-10-20 18:52:05 - [MESSAGE][PASSED] - Object: 'Object Repository/Final Object Repo/New Registration - Registration Module Pages/Form 1/Sub Business Entity - Berhad' is clicked on

2018-10-20 18:52:05 - [TEST_STEP][PASSED] - delay: Delayed 1 second(s)

2018-10-20 18:52:06 - [MESSAGE][PASSED] - Delayed 1 second(s)

2018-10-20 18:52:06 - [TEST_STEP][PASSED] - setText: Text '123' is set on object 'Object Repository/Final Object Repo/New Registration - Registration Module Pages/Form 1/Registration Number'

2018-10-20 18:52:06 - [MESSAGE][PASSED] - Text '123' is set on object 'Object Repository/Final Object Repo/New Registration - Registration Module Pages/Form 1/Registration Number'

2018-10-20 18:52:06 - [TEST_STEP][PASSED] - click: Object: 'Object Repository/Final Object Repo/New Registration - Registration Module Pages/Form 1/Registred with SSM - Before Feb' is clicked on

2018-10-20 18:52:06 - [MESSAGE][PASSED] - Object: 'Object Repository/Final Object Repo/New Registration - Registration Module Pages/Form 1/Registred with SSM - Before Feb' is clicked on

2018-10-20 18:52:06 - [TEST_STEP][PASSED] - click: Object: 'Object Repository/Final Object Repo/New Registration - Registration Module Pages/Form 1/Registered As a Branch - Yes' is clicked on

2018-10-20 18:52:06 - [MESSAGE][PASSED] - Object: 'Object Repository/Final Object Repo/New Registration - Registration Module Pages/Form 1/Registered As a Branch - Yes' is clicked on

2018-10-20 18:52:06 - [TEST_STEP][PASSED] - click: Object: 'Object Repository/Final Object Repo/New Registration - Registration Module Pages/Form 1/Acknowledgement' is clicked on

2018-10-20 18:52:07 - [MESSAGE][PASSED] - Object: 'Object Repository/Final Object Repo/New Registration - Registration Module Pages/Form 1/Acknowledgement' is clicked on

2018-10-20 18:52:07 - [TEST_STEP][PASSED] - setText: Text 'perkeso' is set on object 'Object Repository/Final Object Repo/New Registration - Registration Module Pages/Form 1/Industry name'

2018-10-20 18:52:07 - [MESSAGE][PASSED] - Text 'perkeso' is set on object 'Object Repository/Final Object Repo/New Registration - Registration Module Pages/Form 1/Industry name'

2018-10-20 18:52:07 - [TEST_STEP][PASSED] - setText: Text 'perkeso1' is set on object 'Object Repository/Final Object Repo/New Registration - Registration Module Pages/Form 1/Postal Address1'

2018-10-20 18:52:07 - [MESSAGE][PASSED] - Text 'perkeso1' is set on object 'Object Repository/Final Object Repo/New Registration - Registration Module Pages/Form 1/Postal Address1'

2018-10-20 18:52:07 - [TEST_STEP][PASSED] - setText: Text 'perkeso2' is set on object 'Object Repository/Final Object Repo/New Registration - Registration Module Pages/Form 1/Postal Address2'

2018-10-20 18:52:07 - [MESSAGE][PASSED] - Text 'perkeso2' is set on object 'Object Repository/Final Object Repo/New Registration - Registration Module Pages/Form 1/Postal Address2'

2018-10-20 18:52:07 - [TEST_STEP][PASSED] - setText: Text 'perkeso3' is set on object 'Object Repository/Final Object Repo/New Registration - Registration Module Pages/Form 1/Postal Address3'

2018-10-20 18:52:08 - [MESSAGE][PASSED] - Text 'perkeso3' is set on object 'Object Repository/Final Object Repo/New Registration - Registration Module Pages/Form 1/Postal Address3'

2018-10-20 18:52:08 - [TEST_STEP][PASSED] - click: Object: 'Object Repository/Final Object Repo/New Registration - Registration Module Pages/Form 1/State' is clicked on

2018-10-20 18:52:08 - [MESSAGE][PASSED] - Object: 'Object Repository/Final Object Repo/New Registration - Registration Module Pages/Form 1/State' is clicked on

2018-10-20 18:52:08 - [TEST_STEP][PASSED] - click: Object: 'Object Repository/Final Object Repo/New Registration - Registration Module Pages/Form 1/State - Johor' is clicked on

2018-10-20 18:52:08 - [MESSAGE][PASSED] - Object: 'Object Repository/Final Object Repo/New Registration - Registration Module Pages/Form 1/State - Johor' is clicked on

2018-10-20 18:52:08 - [TEST_STEP][PASSED] - delay: Delayed 1 second(s)

2018-10-20 18:52:09 - [MESSAGE][PASSED] - Delayed 1 second(s)

2018-10-20 18:52:09 - [TEST_STEP][PASSED] - click: Object: 'Object Repository/Final Object Repo/New Registration - Registration Module Pages/Form 1/City' is clicked on

2018-10-20 18:52:09 - [MESSAGE][PASSED] - Object: 'Object Repository/Final Object Repo/New Registration - Registration Module Pages/Form 1/City' is clicked on

2018-10-20 18:52:09 - [TEST_STEP][PASSED] - setText: Text 'joh' is set on object 'Object Repository/Final Object Repo/New Registration - Registration Module Pages/Form 1/Postcode - 810'

2018-10-20 18:52:09 - [MESSAGE][PASSED] - Text 'joh' is set on object 'Object Repository/Final Object Repo/New Registration - Registration Module Pages/Form 1/Postcode - 810'

2018-10-20 18:52:09 - [TEST_STEP][PASSED] - delay: Delayed 1 second(s)

2018-10-20 18:52:10 - [MESSAGE][PASSED] - Delayed 1 second(s)

2018-10-20 18:52:10 - [TEST_STEP][PASSED] - click: Object: 'Object Repository/Final Object Repo/New Registration - Registration Module Pages/Form 1/City - Johor Bharu' is clicked on

2018-10-20 18:52:10 - [MESSAGE][PASSED] - Object: 'Object Repository/Final Object Repo/New Registration - Registration Module Pages/Form 1/City - Johor Bharu' is clicked on

2018-10-20 18:52:10 - [TEST_STEP][PASSED] - delay: Delayed 1 second(s)

2018-10-20 18:52:11 - [MESSAGE][PASSED] - Delayed 1 second(s)

2018-10-20 18:52:11 - [TEST_STEP][PASSED] - click: Object: 'Object Repository/Final Object Repo/New Registration - Registration Module Pages/Form 1/Postcode' is clicked on

2018-10-20 18:52:12 - [MESSAGE][PASSED] - Object: 'Object Repository/Final Object Repo/New Registration - Registration Module Pages/Form 1/Postcode' is clicked on

2018-10-20 18:52:12 - [TEST_STEP][PASSED] - delay: Delayed 1 second(s)

2018-10-20 18:52:13 - [MESSAGE][PASSED] - Delayed 1 second(s)

2018-10-20 18:52:13 - [TEST_STEP][PASSED] - setText: Text '810' is set on object 'Object Repository/Final Object Repo/New Registration - Registration Module Pages/Form 1/Postcode - 810'

2018-10-20 18:52:13 - [MESSAGE][PASSED] - Text '810' is set on object 'Object Repository/Final Object Repo/New Registration - Registration Module Pages/Form 1/Postcode - 810'

2018-10-20 18:52:13 - [TEST_STEP][PASSED] - delay: Delayed 3 second(s)

2018-10-20 18:52:16 - [MESSAGE][PASSED] - Delayed 3 second(s)

2018-10-20 18:52:16 - [TEST_STEP][PASSED] - click: Object: 'Object Repository/Final Object Repo/New Registration - Registration Module Pages/Form 1/Postcode - 81000' is clicked on

2018-10-20 18:52:16 - [MESSAGE][PASSED] - Object: 'Object Repository/Final Object Repo/New Registration - Registration Module Pages/Form 1/Postcode - 81000' is clicked on

2018-10-20 18:52:16 - [TEST_STEP][PASSED] - delay: Delayed 1 second(s)

2018-10-20 18:52:17 - [MESSAGE][PASSED] - Delayed 1 second(s)

2018-10-20 18:52:17 - [TEST_STEP][PASSED] - setText: Text '100' is set on object 'Object Repository/Final Object Repo/New Registration - Registration Module Pages/Form 1/P.O.BOX'

2018-10-20 18:52:17 - [MESSAGE][PASSED] - Text '100' is set on object 'Object Repository/Final Object Repo/New Registration - Registration Module Pages/Form 1/P.O.BOX'

2018-10-20 18:52:17 - [TEST_STEP][PASSED] - setText: Text '100' is set on object 'Object Repository/Final Object Repo/New Registration - Registration Module Pages/Form 1/Locked Bag No'

2018-10-20 18:52:17 - [MESSAGE][PASSED] - Text '100' is set on object 'Object Repository/Final Object Repo/New Registration - Registration Module Pages/Form 1/Locked Bag No'

2018-10-20 18:52:17 - [TEST_STEP][PASSED] - click: Object: 'Object Repository/Final Object Repo/New Registration - Registration Module Pages/Form 1/SOCSO Office Location' is clicked on

2018-10-20 18:52:18 - [MESSAGE][PASSED] - Object: 'Object Repository/Final Object Repo/New Registration - Registration Module Pages/Form 1/SOCSO Office Location' is clicked on

2018-10-20 18:52:18 - [TEST_STEP][PASSED] - click: Object: 'Object Repository/Final Object Repo/New Registration - Registration Module Pages/Form 1/SOCSO Office Location - Pejabat PERKESO Negeri Johor' is clicked on

2018-10-20 18:52:18 - [MESSAGE][PASSED] - Object: 'Object Repository/Final Object Repo/New Registration - Registration Module Pages/Form 1/SOCSO Office Location - Pejabat PERKESO Negeri Johor' is clicked on

2018-10-20 18:52:18 - [TEST_STEP][PASSED] - delay: Delayed 1 second(s)

2018-10-20 18:52:19 - [MESSAGE][PASSED] - Delayed 1 second(s)

2018-10-20 18:52:19 - [TEST_STEP][PASSED] - check: Object 'Object Repository/Final Object Repo/New Registration - Registration Module Pages/Form 1/Indusrty Address Same As Postal Address' is checked

2018-10-20 18:52:19 - [MESSAGE][PASSED] - Object 'Object Repository/Final Object Repo/New Registration - Registration Module Pages/Form 1/Indusrty Address Same As Postal Address' is checked

2018-10-20 18:52:19 - [TEST_STEP][PASSED] - delay: Delayed 3 second(s)

2018-10-20 18:52:22 - [MESSAGE][PASSED] - Delayed 3 second(s)

2018-10-20 18:52:22 - [TEST_STEP][PASSED] - click: Object: 'Object Repository/Final Object Repo/New Registration - Registration Module Pages/Form 1/Indusry Address Same As Postal Address False' is clicked on

2018-10-20 18:52:22 - [MESSAGE][PASSED] - Object: 'Object Repository/Final Object Repo/New Registration - Registration Module Pages/Form 1/Indusry Address Same As Postal Address False' is clicked on

2018-10-20 18:52:22 - [TEST_STEP][PASSED] - delay: Delayed 1 second(s)

2018-10-20 18:52:23 - [MESSAGE][PASSED] - Delayed 1 second(s)

2018-10-20 18:52:23 - [TEST_STEP][PASSED] - setText: Text 'perkeso1' is set on object 'Object Repository/Final Object Repo/New Registration - Registration Module Pages/Form 1/Industry Address1'

2018-10-20 18:52:24 - [MESSAGE][PASSED] - Text 'perkeso1' is set on object 'Object Repository/Final Object Repo/New Registration - Registration Module Pages/Form 1/Industry Address1'

2018-10-20 18:52:24 - [TEST_STEP][PASSED] - setText: Text 'perkeso2' is set on object 'Object Repository/Final Object Repo/New Registration - Registration Module Pages/Form 1/Industry Address2'

2018-10-20 18:52:24 - [MESSAGE][PASSED] - Text 'perkeso2' is set on object 'Object Repository/Final Object Repo/New Registration - Registration Module Pages/Form 1/Industry Address2'

2018-10-20 18:52:24 - [TEST_STEP][PASSED] - setText: Text 'perkeso3' is set on object 'Object Repository/Final Object Repo/New Registration - Registration Module Pages/Form 1/Industry Address3'

2018-10-20 18:52:24 - [MESSAGE][PASSED] - Text 'perkeso3' is set on object 'Object Repository/Final Object Repo/New Registration - Registration Module Pages/Form 1/Industry Address3'

2018-10-20 18:52:24 - [TEST_STEP][PASSED] - click: Object: 'Object Repository/Final Object Repo/New Registration - Registration Module Pages/Form 1/Industry State' is clicked on

2018-10-20 18:52:24 - [MESSAGE][PASSED] - Object: 'Object Repository/Final Object Repo/New Registration - Registration Module Pages/Form 1/Industry State' is clicked on

2018-10-20 18:52:24 - [TEST_STEP][PASSED] - delay: Delayed 2 second(s)

2018-10-20 18:52:26 - [MESSAGE][PASSED] - Delayed 2 second(s)

2018-10-20 18:52:26 - [TEST_STEP][PASSED] - click: Object: 'Object Repository/Final Object Repo/New Registration - Registration Module Pages/Form 1/Industry State - Johor' is clicked on

2018-10-20 18:52:26 - [MESSAGE][PASSED] - Object: 'Object Repository/Final Object Repo/New Registration - Registration Module Pages/Form 1/Industry State - Johor' is clicked on

2018-10-20 18:52:26 - [TEST_STEP][PASSED] - delay: Delayed 2 second(s)

2018-10-20 18:52:28 - [MESSAGE][PASSED] - Delayed 2 second(s)

2018-10-20 18:52:28 - [TEST_STEP][PASSED] - click: Object: 'Object Repository/Final Object Repo/New Registration - Registration Module Pages/Form 1/Industry Ciry' is clicked on

2018-10-20 18:52:29 - [MESSAGE][PASSED] - Object: 'Object Repository/Final Object Repo/New Registration - Registration Module Pages/Form 1/Industry Ciry' is clicked on

2018-10-20 18:52:29 - [TEST_STEP][PASSED] - setText: Text 'joh' is set on object 'Object Repository/Final Object Repo/New Registration - Registration Module Pages/Form 1/Industry Ciry - joh'

2018-10-20 18:52:29 - [MESSAGE][PASSED] - Text 'joh' is set on object 'Object Repository/Final Object Repo/New Registration - Registration Module Pages/Form 1/Industry Ciry - joh'

2018-10-20 18:52:29 - [TEST_STEP][PASSED] - delay: Delayed 2 second(s)

2018-10-20 18:52:31 - [MESSAGE][PASSED] - Delayed 2 second(s)

2018-10-20 18:52:31 - [TEST_STEP][PASSED] - click: Object: 'Object Repository/Final Object Repo/New Registration - Registration Module Pages/Form 1/Industy State - Johor Bharu' is clicked on

2018-10-20 18:52:31 - [MESSAGE][PASSED] - Object: 'Object Repository/Final Object Repo/New Registration - Registration Module Pages/Form 1/Industy State - Johor Bharu' is clicked on

2018-10-20 18:52:31 - [TEST_STEP][PASSED] - delay: Delayed 1 second(s)

2018-10-20 18:52:32 - [MESSAGE][PASSED] - Delayed 1 second(s)

2018-10-20 18:52:32 - [TEST_STEP][PASSED] - click: Object: 'Object Repository/Final Object Repo/New Registration - Registration Module Pages/Form 1/Indusry PostCode' is clicked on

2018-10-20 18:52:32 - [MESSAGE][PASSED] - Object: 'Object Repository/Final Object Repo/New Registration - Registration Module Pages/Form 1/Indusry PostCode' is clicked on

2018-10-20 18:52:32 - [TEST_STEP][PASSED] - delay: Delayed 1 second(s)

2018-10-20 18:52:33 - [MESSAGE][PASSED] - Delayed 1 second(s)

2018-10-20 18:52:33 - [TEST_STEP][PASSED] - setText: Text '810' is set on object 'Object Repository/Final Object Repo/New Registration - Registration Module Pages/Form 1/Insutry Post Code - 810'

2018-10-20 18:52:33 - [MESSAGE][PASSED] - Text '810' is set on object 'Object Repository/Final Object Repo/New Registration - Registration Module Pages/Form 1/Insutry Post Code - 810'

2018-10-20 18:52:33 - [TEST_STEP][PASSED] - delay: Delayed 1 second(s)

2018-10-20 18:52:34 - [MESSAGE][PASSED] - Delayed 1 second(s)

2018-10-20 18:52:34 - [TEST_STEP][PASSED] - click: Object: 'Object Repository/Final Object Repo/New Registration - Registration Module Pages/Form 1/Insutry Post Code - 81000' is clicked on

2018-10-20 18:52:35 - [MESSAGE][PASSED] - Object: 'Object Repository/Final Object Repo/New Registration - Registration Module Pages/Form 1/Insutry Post Code - 81000' is clicked on

2018-10-20 18:52:35 - [TEST_STEP][PASSED] - delay: Delayed 1 second(s)

2018-10-20 18:52:36 - [MESSAGE][PASSED] - Delayed 1 second(s)

2018-10-20 18:52:36 - [TEST_STEP][PASSED] - setText: Text '100' is set on object 'Object Repository/Final Object Repo/New Registration - Registration Module Pages/Form 1/Industry P.O.BOX'

2018-10-20 18:52:36 - [MESSAGE][PASSED] - Text '100' is set on object 'Object Repository/Final Object Repo/New Registration - Registration Module Pages/Form 1/Industry P.O.BOX'

2018-10-20 18:52:36 - [TEST_STEP][PASSED] - setText: Text '100' is set on object 'Object Repository/Final Object Repo/New Registration - Registration Module Pages/Form 1/Industry Locked Bag No'

2018-10-20 18:52:36 - [MESSAGE][PASSED] - Text '100' is set on object 'Object Repository/Final Object Repo/New Registration - Registration Module Pages/Form 1/Industry Locked Bag No'

2018-10-20 18:52:36 - [TEST_STEP][PASSED] - setText: Text '123456789' is set on object 'Object Repository/Final Object Repo/New Registration - Registration Module Pages/Form 1/Telephone No'

2018-10-20 18:52:36 - [MESSAGE][PASSED] - Text '123456789' is set on object 'Object Repository/Final Object Repo/New Registration - Registration Module Pages/Form 1/Telephone No'

2018-10-20 18:52:36 - [TEST_STEP][PASSED] - setText: Text '123456789' is set on object 'Object Repository/Final Object Repo/New Registration - Registration Module Pages/Form 1/Mobile No'

2018-10-20 18:52:37 - [MESSAGE][PASSED] - Text '123456789' is set on object 'Object Repository/Final Object Repo/New Registration - Registration Module Pages/Form 1/Mobile No'

2018-10-20 18:52:37 - [TEST_STEP][PASSED] - setText: Text '123456789' is set on object 'Object Repository/Final Object Repo/New Registration - Registration Module Pages/Form 1/Fax No'

2018-10-20 18:52:37 - [MESSAGE][PASSED] - Text '123456789' is set on object 'Object Repository/Final Object Repo/New Registration - Registration Module Pages/Form 1/Fax No'

2018-10-20 18:52:37 - [TEST_STEP][PASSED] - click: Object: 'Object Repository/Final Object Repo/New Registration - Registration Module Pages/Form 1/Industry Code' is clicked on

2018-10-20 18:52:37 - [MESSAGE][PASSED] - Object: 'Object Repository/Final Object Repo/New Registration - Registration Module Pages/Form 1/Industry Code' is clicked on

2018-10-20 18:52:37 - [TEST_STEP][PASSED] - click: Object: 'Object Repository/Final Object Repo/New Registration - Registration Module Pages/Form 1/Indudustry Code - Crops and Animal' is clicked on

2018-10-20 18:52:37 - [MESSAGE][PASSED] - Object: 'Object Repository/Final Object Repo/New Registration - Registration Module Pages/Form 1/Indudustry Code - Crops and Animal' is clicked on

2018-10-20 18:52:37 - [TEST_STEP][PASSED] - delay: Delayed 1 second(s)

2018-10-20 18:52:38 - [MESSAGE][PASSED] - Delayed 1 second(s)

2018-10-20 18:52:38 - [TEST_STEP][PASSED] - click: Object: 'Object Repository/Final Object Repo/New Registration - Registration Module Pages/Form 1/Sub Industry Code List' is clicked on

2018-10-20 18:52:38 - [MESSAGE][PASSED] - Object: 'Object Repository/Final Object Repo/New Registration - Registration Module Pages/Form 1/Sub Industry Code List' is clicked on

2018-10-20 18:52:38 - [TEST_STEP][PASSED] - click: Object: 'Object Repository/Final Object Repo/New Registration - Registration Module Pages/Form 1/Sub Industry Code List - Growing of Maize' is clicked on

2018-10-20 18:52:39 - [MESSAGE][PASSED] - Object: 'Object Repository/Final Object Repo/New Registration - Registration Module Pages/Form 1/Sub Industry Code List - Growing of Maize' is clicked on

2018-10-20 18:52:39 - [TEST_STEP][PASSED] - setText: Text 'perkeso123@gmail.com' is set on object 'Object Repository/Final Object Repo/New Registration - Registration Module Pages/Form 1/Email'

2018-10-20 18:52:39 - [MESSAGE][PASSED] - Text 'perkeso123@gmail.com' is set on object 'Object Repository/Final Object Repo/New Registration - Registration Module Pages/Form 1/Email'

2018-10-20 18:52:39 - [TEST_STEP][PASSED] - click: Object: 'Object Repository/Final Object Repo/New Registration - Registration Module Pages/Form 1/Method of Contribution Payment' is clicked on

2018-10-20 18:52:39 - [MESSAGE][PASSED] - Object: 'Object Repository/Final Object Repo/New Registration - Registration Module Pages/Form 1/Method of Contribution Payment' is clicked on

2018-10-20 18:52:39 - [TEST_STEP][PASSED] - click: Object: 'Object Repository/Final Object Repo/New Registration - Registration Module Pages/Form 1/Method of Contribution Payment - Portal' is clicked on

2018-10-20 18:52:39 - [MESSAGE][PASSED] - Object: 'Object Repository/Final Object Repo/New Registration - Registration Module Pages/Form 1/Method of Contribution Payment - Portal' is clicked on

2018-10-20 18:52:39 - [TEST_STEP][PASSED] - click: Object: 'Object Repository/Final Object Repo/New Registration - Registration Module Pages/Form 1/Servide Type' is clicked on

2018-10-20 18:52:40 - [MESSAGE][PASSED] - Object: 'Object Repository/Final Object Repo/New Registration - Registration Module Pages/Form 1/Servide Type' is clicked on

2018-10-20 18:52:40 - [TEST_STEP][PASSED] - click: Object: 'Object Repository/Final Object Repo/New Registration - Registration Module Pages/Form 1/Servide Type - Professional Bodies' is clicked on

2018-10-20 18:52:40 - [MESSAGE][PASSED] - Object: 'Object Repository/Final Object Repo/New Registration - Registration Module Pages/Form 1/Servide Type - Professional Bodies' is clicked on

2018-10-20 18:52:40 - [TEST_STEP][PASSED] - click: Object: 'Object Repository/Final Object Repo/New Registration - Registration Module Pages/Form 1/Industry Venue' is clicked on

2018-10-20 18:52:40 - [MESSAGE][PASSED] - Object: 'Object Repository/Final Object Repo/New Registration - Registration Module Pages/Form 1/Industry Venue' is clicked on

2018-10-20 18:52:40 - [TEST_STEP][PASSED] - click: Object: 'Object Repository/Final Object Repo/New Registration - Registration Module Pages/Form 1/Industry Venue -  PPN JOHOR' is clicked on

2018-10-20 18:52:40 - [MESSAGE][PASSED] - Object: 'Object Repository/Final Object Repo/New Registration - Registration Module Pages/Form 1/Industry Venue -  PPN JOHOR' is clicked on

2018-10-20 18:52:40 - [TEST_STEP][PASSED] - click: Object: 'Object Repository/Final Object Repo/New Registration - Registration Module Pages/Form 1/Save  Continue' is clicked on

2018-10-20 18:52:40 - [MESSAGE][PASSED] - Object: 'Object Repository/Final Object Repo/New Registration - Registration Module Pages/Form 1/Save  Continue' is clicked on

2018-10-20 18:52:40 - [MESSAGE][PASSED] - Call Test Case 'Test Cases/Final Aug 2018 - PKS Automation/Registration Module/New Registration/Form 1/Form 1 - Corporation - BHD' successfully

2018-10-20 18:52:40 - [TEST_STEP][PASSED] - callTestCase: Call Test Case 'Test Cases/Final Aug 2018 - PKS Automation/Registration Module/New Registration/Form 2/Add 1 Eligible' successfully

2018-10-20 18:52:40 - [TEST_CASE][PASSED] - Test Cases/Final Aug 2018 - PKS Automation/Registration Module/New Registration/Form 2/Add 1 Eligible: Test Cases/Final Aug 2018 - PKS Automation/Registration Module/New Registration/Form 2/Add 1 Eligible

2018-10-20 18:52:40 - [TEST_STEP][PASSED] - delay: Delayed 2 second(s)

2018-10-20 18:52:42 - [MESSAGE][PASSED] - Delayed 2 second(s)

2018-10-20 18:52:42 - [TEST_STEP][PASSED] - callTestCase: Call Test Case 'Test Cases/Final Aug 2018 - PKS Automation/Registration Module/New Registration/Form 2/Date Updater' successfully

2018-10-20 18:52:42 - [TEST_CASE][PASSED] - Test Cases/Final Aug 2018 - PKS Automation/Registration Module/New Registration/Form 2/Date Updater: Test Cases/Final Aug 2018 - PKS Automation/Registration Module/New Registration/Form 2/Date Updater

2018-10-20 18:52:42 - [TEST_STEP][PASSED] - Statement - TodayDate = new java.util.Date(): null

2018-10-20 18:52:42 - [TEST_STEP][PASSED] - Statement - CurrentDateNoFilter = new java.text.SimpleDateFormat(): null

2018-10-20 18:52:42 - [TEST_STEP][PASSED] - Statement - CurrentDateNoFilter.applyPattern("dd"): null

2018-10-20 18:52:42 - [TEST_STEP][PASSED] - Statement - CurrentDate = CurrentDateNoFilter.format(TodayDate): null

2018-10-20 18:52:42 - [TEST_STEP][PASSED] - Statement - CurrentDate = java.lang.Integer.parseInt(CurrentDate): null

2018-10-20 18:52:42 - [TEST_STEP][PASSED] - Statement - CurrentDate = CurrentDate: null

2018-10-20 18:52:42 - [TEST_STEP][PASSED] - Statement - CurrentDay = java.lang.Integer.parseInt(CurrentDate): null

2018-10-20 18:52:42 - [TEST_STEP][PASSED] - Statement - aDayBefore = CurrentDay + 1: null

2018-10-20 18:52:42 - [TEST_STEP][PASSED] - Statement - DayBefore = aDayBefore.toString(): null

2018-10-20 18:52:42 - [TEST_STEP][PASSED] - Statement - OneDayBefore = DayBefore: null

2018-10-20 18:52:42 - [TEST_STEP][PASSED] - Statement - CurrentDateNoFilter.applyPattern("MM"): null

2018-10-20 18:52:42 - [TEST_STEP][PASSED] - Statement - monthContainerMatcher = java.lang.Integer.parseInt(CurrentDateNoFilter.format(TodayDate)): null

2018-10-20 18:52:42 - [TEST_STEP][PASSED] - Statement - monthContainerMatcher = monthContainerMatcher - 1: null

2018-10-20 18:52:42 - [TEST_STEP][PASSED] - Statement - CurrentMonth = monthContainerMatcher.toString(): null

2018-10-20 18:52:42 - [TEST_STEP][PASSED] - Statement - CurrentMonth = CurrentMonth: null

2018-10-20 18:52:42 - [TEST_STEP][PASSED] - Statement - CurrentDateNoFilter.applyPattern("yyyy"): null

2018-10-20 18:52:42 - [TEST_STEP][PASSED] - Statement - CurrentYear = CurrentDateNoFilter.format(TodayDate): null

2018-10-20 18:52:42 - [TEST_STEP][PASSED] - Statement - CurrentYear = CurrentYear: null

2018-10-20 18:52:42 - [TEST_STEP][PASSED] - Statement - intCurrentYear = java.lang.Integer.parseInt(CurrentDateNoFilter.format(TodayDate)): null

2018-10-20 18:52:42 - [TEST_STEP][PASSED] - Statement - eighteenYrsAgo = intCurrentYear - 18: null

2018-10-20 18:52:42 - [TEST_STEP][PASSED] - Statement - eighteenYrsBeforeThisYr = eighteenYrsAgo.toString(): null

2018-10-20 18:52:42 - [TEST_STEP][PASSED] - Statement - EighteenYrsBefore = eighteenYrsBeforeThisYr: null

2018-10-20 18:52:42 - [TEST_STEP][PASSED] - Statement - fiftysevenYrsAgo = intCurrentYear - 57: null

2018-10-20 18:52:42 - [TEST_STEP][PASSED] - Statement - fiftysevenYrsBeforeThisYr = fiftysevenYrsAgo.toString(): null

2018-10-20 18:52:42 - [TEST_STEP][PASSED] - Statement - FiftysevenYrsBefore = fiftysevenYrsBeforeThisYr: null

2018-10-20 18:52:42 - [MESSAGE][PASSED] - Call Test Case 'Test Cases/Final Aug 2018 - PKS Automation/Registration Module/New Registration/Form 2/Date Updater' successfully

2018-10-20 18:52:42 - [TEST_STEP][PASSED] - delay: Delayed 1 second(s)

2018-10-20 18:52:43 - [MESSAGE][PASSED] - Delayed 1 second(s)

2018-10-20 18:52:43 - [TEST_STEP][PASSED] - Statement - CaseReferenceNo = com.kms.katalon.core.webui.keyword.WebUiBuiltInKeywords.getText(com.kms.katalon.core.testobject.ObjectRepository.findTestObject(Final Object Repo/New Registration - Registration Module Pages/Form 2/RefNo Acquiring)): Text of object 'Object Repository/Final Object Repo/New Registration - Registration Module Pages/Form 2/RefNo Acquiring' is: 'CRN10201800122312'

2018-10-20 18:52:43 - [MESSAGE][PASSED] - Text of object 'Object Repository/Final Object Repo/New Registration - Registration Module Pages/Form 2/RefNo Acquiring' is: 'CRN10201800122312'

2018-10-20 18:52:43 - [TEST_STEP][PASSED] - delay: Delayed 1 second(s)

2018-10-20 18:52:44 - [MESSAGE][PASSED] - Delayed 1 second(s)

2018-10-20 18:52:44 - [TEST_STEP][PASSED] - click: Object: 'Object Repository/Final Object Repo/New Registration - Registration Module Pages/Form 2/Add Employee Button' is clicked on

2018-10-20 18:52:45 - [MESSAGE][PASSED] - Object: 'Object Repository/Final Object Repo/New Registration - Registration Module Pages/Form 2/Add Employee Button' is clicked on

2018-10-20 18:52:45 - [TEST_STEP][PASSED] - delay: Delayed 1 second(s)

2018-10-20 18:52:46 - [MESSAGE][PASSED] - Delayed 1 second(s)

2018-10-20 18:52:46 - [TEST_STEP][PASSED] - setText: Text '010903091963' is set on object 'Object Repository/Final Object Repo/New Registration - Registration Module Pages/Form 2/NRIC Input'

2018-10-20 18:52:46 - [MESSAGE][PASSED] - Text '010903091963' is set on object 'Object Repository/Final Object Repo/New Registration - Registration Module Pages/Form 2/NRIC Input'

2018-10-20 18:52:46 - [TEST_STEP][PASSED] - click: Object: 'Object Repository/Final Object Repo/New Registration - Registration Module Pages/Form 2/button for search for IC' is clicked on

2018-10-20 18:52:46 - [MESSAGE][PASSED] - Object: 'Object Repository/Final Object Repo/New Registration - Registration Module Pages/Form 2/button for search for IC' is clicked on

2018-10-20 18:52:46 - [TEST_STEP][PASSED] - delay: Delayed 2 second(s)

2018-10-20 18:52:48 - [MESSAGE][PASSED] - Delayed 2 second(s)

2018-10-20 18:52:48 - [TEST_STEP][PASSED] - setText: Text 'Automate001 eligible 1' is set on object 'Object Repository/Final Object Repo/New Registration - Registration Module Pages/Form 2/Employee Name Input'

2018-10-20 18:52:48 - [MESSAGE][PASSED] - Text 'Automate001 eligible 1' is set on object 'Object Repository/Final Object Repo/New Registration - Registration Module Pages/Form 2/Employee Name Input'

2018-10-20 18:52:48 - [TEST_STEP][PASSED] - delay: Delayed 2 second(s)

2018-10-20 18:52:50 - [MESSAGE][PASSED] - Delayed 2 second(s)

2018-10-20 18:52:50 - [TEST_STEP][PASSED] - click: Object: 'Object Repository/Final Object Repo/New Registration - Registration Module Pages/Form 2/DatePicker Pop Up' is clicked on

2018-10-20 18:52:51 - [MESSAGE][PASSED] - Object: 'Object Repository/Final Object Repo/New Registration - Registration Module Pages/Form 2/DatePicker Pop Up' is clicked on

2018-10-20 18:52:51 - [TEST_STEP][PASSED] - click: Object: 'Object Repository/Final Object Repo/New Registration - Registration Module Pages/Form 2/DOB Month' is clicked on

2018-10-20 18:52:51 - [MESSAGE][PASSED] - Object: 'Object Repository/Final Object Repo/New Registration - Registration Module Pages/Form 2/DOB Month' is clicked on

2018-10-20 18:52:51 - [TEST_STEP][PASSED] - Statement - CurrentMonth = CurrentMonth: null

2018-10-20 18:52:51 - [TEST_STEP][PASSED] - Statement - selectMonth = new com.kms.katalon.core.testobject.TestObject(): null

2018-10-20 18:52:51 - [TEST_STEP][PASSED] - Statement - selectMonth.addProperty("xpath", EQUALS, "//body/div/div/div/select/option[@value='" + CurrentMonth + "']", true): null

2018-10-20 18:52:51 - [TEST_STEP][PASSED] - click: Object: '' is clicked on

2018-10-20 18:52:51 - [MESSAGE][PASSED] - Object: '' is clicked on

2018-10-20 18:52:51 - [TEST_STEP][PASSED] - click: Object: 'Object Repository/Final Object Repo/New Registration - Registration Module Pages/Form 2/DOB Year' is clicked on

2018-10-20 18:52:51 - [MESSAGE][PASSED] - Object: 'Object Repository/Final Object Repo/New Registration - Registration Module Pages/Form 2/DOB Year' is clicked on

2018-10-20 18:52:51 - [TEST_STEP][PASSED] - Statement - Eyearsbf = EighteenYrsBefore: null

2018-10-20 18:52:51 - [TEST_STEP][PASSED] - Statement - selectYear = new com.kms.katalon.core.testobject.TestObject(): null

2018-10-20 18:52:51 - [TEST_STEP][PASSED] - Statement - selectYear.addProperty("xpath", EQUALS, "//div/div/div/select/option[@value='" + Eyearsbf + "']", true): null

2018-10-20 18:52:51 - [TEST_STEP][PASSED] - click: Object: '' is clicked on

2018-10-20 18:52:51 - [MESSAGE][PASSED] - Object: '' is clicked on

2018-10-20 18:52:51 - [TEST_STEP][PASSED] - Statement - UpdatedSelectDate = com.kms.katalon.core.webui.keyword.WebUiBuiltInKeywords.modifyObjectProperty(com.kms.katalon.core.testobject.ObjectRepository.findTestObject(Final Object Repo/New Registration - Registration Module Pages/Form 2/DOB Date), "xpath", "equals", "//body/div/table/tbody/tr/td/a[text()="" + CurrentDate + ""]", true): Modify property of object successfully

2018-10-20 18:52:51 - [MESSAGE][PASSED] - Modify property of object successfully

2018-10-20 18:52:51 - [TEST_STEP][PASSED] - delay: Delayed 3 second(s)

2018-10-20 18:52:54 - [MESSAGE][PASSED] - Delayed 3 second(s)

2018-10-20 18:52:54 - [TEST_STEP][PASSED] - click: Object: 'Object Repository/Final Object Repo/New Registration - Registration Module Pages/Form 2/DOB Date' is clicked on

2018-10-20 18:52:54 - [MESSAGE][PASSED] - Object: 'Object Repository/Final Object Repo/New Registration - Registration Module Pages/Form 2/DOB Date' is clicked on

2018-10-20 18:52:54 - [TEST_STEP][PASSED] - delay: Delayed 2 second(s)

2018-10-20 18:52:56 - [MESSAGE][PASSED] - Delayed 2 second(s)

2018-10-20 18:52:56 - [TEST_STEP][PASSED] - click: Object: 'Object Repository/Final Object Repo/New Registration - Registration Module Pages/Form 2/EmploymentStartDate Pop Up' is clicked on

2018-10-20 18:52:57 - [MESSAGE][PASSED] - Object: 'Object Repository/Final Object Repo/New Registration - Registration Module Pages/Form 2/EmploymentStartDate Pop Up' is clicked on

2018-10-20 18:52:57 - [TEST_STEP][PASSED] - delay: Delayed 2 second(s)

2018-10-20 18:52:59 - [MESSAGE][PASSED] - Delayed 2 second(s)

2018-10-20 18:52:59 - [TEST_STEP][PASSED] - click: Object: 'Object Repository/Final Object Repo/New Registration - Registration Module Pages/Form 2/Socso Employment StartDate Month' is clicked on

2018-10-20 18:52:59 - [MESSAGE][PASSED] - Object: 'Object Repository/Final Object Repo/New Registration - Registration Module Pages/Form 2/Socso Employment StartDate Month' is clicked on

2018-10-20 18:52:59 - [TEST_STEP][PASSED] - delay: Delayed 1 second(s)

2018-10-20 18:53:00 - [MESSAGE][PASSED] - Delayed 1 second(s)

2018-10-20 18:53:00 - [TEST_STEP][PASSED] - click: Object: 'Object Repository/Final Object Repo/New Registration - Registration Module Pages/Form 2/Select Socso Employement Startdate Month' is clicked on

2018-10-20 18:53:00 - [MESSAGE][PASSED] - Object: 'Object Repository/Final Object Repo/New Registration - Registration Module Pages/Form 2/Select Socso Employement Startdate Month' is clicked on

2018-10-20 18:53:00 - [TEST_STEP][PASSED] - delay: Delayed 2 second(s)

2018-10-20 18:53:02 - [MESSAGE][PASSED] - Delayed 2 second(s)

2018-10-20 18:53:02 - [TEST_STEP][PASSED] - click: Object: 'Object Repository/Final Object Repo/New Registration - Registration Module Pages/Form 2/Socso Employment StartDate Year' is clicked on

2018-10-20 18:53:02 - [MESSAGE][PASSED] - Object: 'Object Repository/Final Object Repo/New Registration - Registration Module Pages/Form 2/Socso Employment StartDate Year' is clicked on

2018-10-20 18:53:02 - [TEST_STEP][PASSED] - delay: Delayed 1 second(s)

2018-10-20 18:53:03 - [MESSAGE][PASSED] - Delayed 1 second(s)

2018-10-20 18:53:03 - [TEST_STEP][PASSED] - click: Object: 'Object Repository/Final Object Repo/New Registration - Registration Module Pages/Form 2/Select Socso Employment Startdate Year' is clicked on

2018-10-20 18:53:03 - [MESSAGE][PASSED] - Object: 'Object Repository/Final Object Repo/New Registration - Registration Module Pages/Form 2/Select Socso Employment Startdate Year' is clicked on

2018-10-20 18:53:03 - [TEST_STEP][PASSED] - delay: Delayed 2 second(s)

2018-10-20 18:53:05 - [MESSAGE][PASSED] - Delayed 2 second(s)

2018-10-20 18:53:05 - [TEST_STEP][PASSED] - click: Object: 'Object Repository/Final Object Repo/New Registration - Registration Module Pages/Form 2/Socso Employment Start Date Day' is clicked on

2018-10-20 18:53:05 - [MESSAGE][PASSED] - Object: 'Object Repository/Final Object Repo/New Registration - Registration Module Pages/Form 2/Socso Employment Start Date Day' is clicked on

2018-10-20 18:53:05 - [TEST_STEP][PASSED] - delay: Delayed 2 second(s)

2018-10-20 18:53:07 - [MESSAGE][PASSED] - Delayed 2 second(s)

2018-10-20 18:53:08 - [TEST_STEP][PASSED] - click: Object: 'Object Repository/Final Object Repo/New Registration - Registration Module Pages/Form 2/Save Button for Add Employee' is clicked on

2018-10-20 18:53:08 - [MESSAGE][PASSED] - Object: 'Object Repository/Final Object Repo/New Registration - Registration Module Pages/Form 2/Save Button for Add Employee' is clicked on

2018-10-20 18:53:08 - [TEST_STEP][PASSED] - delay: Delayed 6 second(s)

2018-10-20 18:53:14 - [MESSAGE][PASSED] - Delayed 6 second(s)

2018-10-20 18:53:14 - [TEST_STEP][PASSED] - click: Object: 'Object Repository/Final Object Repo/New Registration - Registration Module Pages/Form 2/Save and Continue Form 2' is clicked on

2018-10-20 18:53:14 - [MESSAGE][PASSED] - Object: 'Object Repository/Final Object Repo/New Registration - Registration Module Pages/Form 2/Save and Continue Form 2' is clicked on

2018-10-20 18:53:14 - [MESSAGE][PASSED] - Call Test Case 'Test Cases/Final Aug 2018 - PKS Automation/Registration Module/New Registration/Form 2/Add 1 Eligible' successfully

2018-10-20 18:53:14 - [TEST_STEP][FAILED] - callTestCase: Unable to call Test Case with id 'Test Cases/Final Aug 2018 - PKS Automation/Registration Module/New Registration/Flow of New Registration/Third Screen - Upload Supporting Doc - Preview' (Root cause: Call Test Case 'Test Cases/Final Aug 2018 - PKS Automation/Registration Module/New Registration/Flow of New Registration/Third Screen - Upload Supporting Doc - Preview' failed)

2018-10-20 18:53:14 - [TEST_CASE][FAILED] - Test Cases/Final Aug 2018 - PKS Automation/Registration Module/New Registration/Flow of New Registration/Third Screen - Upload Supporting Doc - Preview: Test Cases/Final Aug 2018 - PKS Automation/Registration Module/New Registration/Flow of New Registration/Third Screen - Upload Supporting Doc - Preview FAILED because (of) (Stack trace: com.kms.katalon.core.exception.StepFailedException: Unable to click on object 'Object Repository/Final Object Repo/New Registration - Registration Module Pages/Third Screen - Upload Supporting Doc- Preview/Select to Upload Borang SIP 2' (Root cause: org.openqa.selenium.WebDriverException: unknown error: Element <span>...</span> is not clickable at point (151, 567). Other element would receive the click: <li class="select2-results__option" id="select2-_newreg_WAR_registrationportlet_objdocTypeId-result-ztl1-134" role="treeitem" aria-selected="false">...</li>
  (Session info: chrome=69.0.3497.100)
  (Driver info: chromedriver=2.35.528161 (5b82f2d2aae0ca24b877009200ced9065a772e73),platform=Windows NT 6.1.7601 SP1 x86_64) (WARNING: The server did not provide any stacktrace information)
Command duration or timeout: 0 milliseconds
Build info: version: '3.7.1', revision: '8a0099a', time: '2017-11-06T21:07:36.161Z'
System info: host: 'WEIZHENG', ip: '192.168.137.1', os.name: 'Windows 7', os.arch: 'amd64', os.version: '6.1', java.version: '1.8.0_181'
Driver info: com.kms.katalon.selenium.driver.CChromeDriver
Capabilities {acceptInsecureCerts: false, acceptSslCerts: false, applicationCacheEnabled: false, browserConnectionEnabled: false, browserName: chrome, chrome: {chromedriverVersion: 2.35.528161 (5b82f2d2aae0ca..., userDataDir: C:\Users\WEIZHE~1\AppData\L...}, cssSelectorsEnabled: true, databaseEnabled: false, handlesAlerts: true, hasTouchScreen: false, javascriptEnabled: true, locationContextEnabled: true, mobileEmulationEnabled: false, nativeEvents: true, networkConnectionEnabled: false, pageLoadStrategy: normal, platform: XP, platformName: XP, rotatable: false, setWindowRect: true, takesHeapSnapshot: true, takesScreenshot: true, unexpectedAlertBehaviour: , unhandledPromptBehavior: , version: 69.0.3497.100, webStorageEnabled: true}
Session ID: 4750604b160b17617608091561923b51)
	at com.kms.katalon.core.keyword.internal.KeywordMain.stepFailed(KeywordMain.groovy:32)
	at com.kms.katalon.core.webui.keyword.internal.WebUIKeywordMain.stepFailed(WebUIKeywordMain.groovy:65)
	at com.kms.katalon.core.webui.keyword.internal.WebUIKeywordMain.runKeyword(WebUIKeywordMain.groovy:27)
	at com.kms.katalon.core.webui.keyword.builtin.ClickKeyword.click(ClickKeyword.groovy:86)
	at com.kms.katalon.core.webui.keyword.builtin.ClickKeyword.execute(ClickKeyword.groovy:67)
	at com.kms.katalon.core.keyword.internal.KeywordExecutor.executeKeywordForPlatform(KeywordExecutor.groovy:53)
	at com.kms.katalon.core.webui.keyword.WebUiBuiltInKeywords.click(WebUiBuiltInKeywords.groovy:616)
	at com.kms.katalon.core.webui.keyword.WebUiBuiltInKeywords$click$2.call(Unknown Source)
	at Script1534409664094.run(Script1534409664094.groovy:104)
	at com.kms.katalon.core.main.ScriptEngine.run(ScriptEngine.java:183)
	at com.kms.katalon.core.main.ScriptEngine.runScriptAsRawText(ScriptEngine.java:108)
	at com.kms.katalon.core.main.TestCaseExecutor.runScript(TestCaseExecutor.java:294)
	at com.kms.katalon.core.main.TestCaseExecutor.doExecute(TestCaseExecutor.java:285)
	at com.kms.katalon.core.main.TestCaseExecutor.processExecutionPhase(TestCaseExecutor.java:264)
	at com.kms.katalon.core.main.TestCaseExecutor.accessMainPhase(TestCaseExecutor.java:256)
	at com.kms.katalon.core.main.TestCaseExecutor.execute(TestCaseExecutor.java:200)
	at com.kms.katalon.core.main.TestCaseMain.runTestCase(TestCaseMain.java:99)
	at com.kms.katalon.core.keyword.builtin.CallTestCaseKeyword$_callTestCase_closure1.doCall(CallTestCaseKeyword.groovy:60)
	at com.kms.katalon.core.keyword.builtin.CallTestCaseKeyword$_callTestCase_closure1.call(CallTestCaseKeyword.groovy)
	at com.kms.katalon.core.keyword.internal.KeywordMain.runKeyword(KeywordMain.groovy:54)
	at com.kms.katalon.core.keyword.builtin.CallTestCaseKeyword.callTestCase(CallTestCaseKeyword.groovy:81)
	at com.kms.katalon.core.keyword.builtin.CallTestCaseKeyword.execute(CallTestCaseKeyword.groovy:45)
	at com.kms.katalon.core.keyword.internal.KeywordExecutor.executeKeywordForPlatform(KeywordExecutor.groovy:53)
	at com.kms.katalon.core.keyword.BuiltinKeywords.callTestCase(BuiltinKeywords.groovy:334)
	at sun.reflect.GeneratedMethodAccessor13.invoke(Unknown Source)
	at sun.reflect.DelegatingMethodAccessorImpl.invoke(DelegatingMethodAccessorImpl.java:43)
	at java.lang.reflect.Method.invoke(Method.java:498)
	at org.codehaus.groovy.reflection.CachedMethod.invoke(CachedMethod.java:93)
	at groovy.lang.MetaMethod.doMethodInvoke(MetaMethod.java:325)
	at groovy.lang.MetaClassImpl.invokeStaticMethod(MetaClassImpl.java:1469)
	at org.codehaus.groovy.runtime.callsite.StaticMetaClassSite.call(StaticMetaClassSite.java:53)
	at org.codehaus.groovy.runtime.callsite.AbstractCallSite.call(AbstractCallSite.java:141)
	at Script1536051799273.run(Script1536051799273.groovy:28)
	at com.kms.katalon.core.main.ScriptEngine.run(ScriptEngine.java:183)
	at com.kms.katalon.core.main.ScriptEngine.runScriptAsRawText(ScriptEngine.java:108)
	at com.kms.katalon.core.main.TestCaseExecutor.runScript(TestCaseExecutor.java:294)
	at com.kms.katalon.core.main.TestCaseExecutor.doExecute(TestCaseExecutor.java:285)
	at com.kms.katalon.core.main.TestCaseExecutor.processExecutionPhase(TestCaseExecutor.java:264)
	at com.kms.katalon.core.main.TestCaseExecutor.accessMainPhase(TestCaseExecutor.java:256)
	at com.kms.katalon.core.main.TestCaseExecutor.execute(TestCaseExecutor.java:200)
	at com.kms.katalon.core.main.TestCaseMain.runTestCase(TestCaseMain.java:99)
	at com.kms.katalon.core.keyword.builtin.CallTestCaseKeyword$_callTestCase_closure1.doCall(CallTestCaseKeyword.groovy:60)
	at com.kms.katalon.core.keyword.builtin.CallTestCaseKeyword$_callTestCase_closure1.call(CallTestCaseKeyword.groovy)
	at com.kms.katalon.core.keyword.internal.KeywordMain.runKeyword(KeywordMain.groovy:54)
	at com.kms.katalon.core.keyword.builtin.CallTestCaseKeyword.callTestCase(CallTestCaseKeyword.groovy:81)
	at com.kms.katalon.core.keyword.builtin.CallTestCaseKeyword.execute(CallTestCaseKeyword.groovy:45)
	at com.kms.katalon.core.keyword.internal.KeywordExecutor.executeKeywordForPlatform(KeywordExecutor.groovy:53)
	at com.kms.katalon.core.keyword.BuiltinKeywords.callTestCase(BuiltinKeywords.groovy:334)
	at sun.reflect.GeneratedMethodAccessor13.invoke(Unknown Source)
	at sun.reflect.DelegatingMethodAccessorImpl.invoke(DelegatingMethodAccessorImpl.java:43)
	at java.lang.reflect.Method.invoke(Method.java:498)
	at org.codehaus.groovy.reflection.CachedMethod.invoke(CachedMethod.java:93)
	at groovy.lang.MetaMethod.doMethodInvoke(MetaMethod.java:325)
	at groovy.lang.MetaClassImpl.invokeStaticMethod(MetaClassImpl.java:1469)
	at org.codehaus.groovy.runtime.callsite.StaticMetaClassSite.call(StaticMetaClassSite.java:53)
	at org.codehaus.groovy.runtime.callsite.CallSiteArray.defaultCall(CallSiteArray.java:48)
	at org.codehaus.groovy.runtime.callsite.AbstractCallSite.call(AbstractCallSite.java:113)
	at org.codehaus.groovy.runtime.callsite.AbstractCallSite.call(AbstractCallSite.java:141)
	at Script1536116130372.run(Script1536116130372.groovy:15)
	at com.kms.katalon.core.main.ScriptEngine.run(ScriptEngine.java:183)
	at com.kms.katalon.core.main.ScriptEngine.runScriptAsRawText(ScriptEngine.java:108)
	at com.kms.katalon.core.main.TestCaseExecutor.runScript(TestCaseExecutor.java:294)
	at com.kms.katalon.core.main.TestCaseExecutor.doExecute(TestCaseExecutor.java:285)
	at com.kms.katalon.core.main.TestCaseExecutor.processExecutionPhase(TestCaseExecutor.java:264)
	at com.kms.katalon.core.main.TestCaseExecutor.accessMainPhase(TestCaseExecutor.java:256)
	at com.kms.katalon.core.main.TestCaseExecutor.execute(TestCaseExecutor.java:200)
	at com.kms.katalon.core.main.TestSuiteExecutor.accessTestCaseMainPhase(TestSuiteExecutor.java:129)
	at com.kms.katalon.core.main.TestSuiteExecutor.accessTestSuiteMainPhase(TestSuiteExecutor.java:112)
	at com.kms.katalon.core.main.TestSuiteExecutor.execute(TestSuiteExecutor.java:81)
	at com.kms.katalon.core.main.TestCaseMain.startTestSuite(TestCaseMain.java:142)
	at com.kms.katalon.core.main.TestCaseMain$startTestSuite$0.call(Unknown Source)
	at org.codehaus.groovy.runtime.callsite.CallSiteArray.defaultCall(CallSiteArray.java:48)
	at org.codehaus.groovy.runtime.callsite.AbstractCallSite.call(AbstractCallSite.java:113)
	at org.codehaus.groovy.runtime.callsite.AbstractCallSite.call(AbstractCallSite.java:141)
	at TempTestSuite1540012262067.run(TempTestSuite1540012262067.groovy:36)
	at groovy.lang.GroovyShell.runScriptOrMainOrTestOrRunnable(GroovyShell.java:263)
	at groovy.lang.GroovyShell.run(GroovyShell.java:518)
	at groovy.lang.GroovyShell.run(GroovyShell.java:507)
	at groovy.ui.GroovyMain.processOnce(GroovyMain.java:653)
	at groovy.ui.GroovyMain.run(GroovyMain.java:384)
	at groovy.ui.GroovyMain.process(GroovyMain.java:370)
	at groovy.ui.GroovyMain.processArgs(GroovyMain.java:129)
	at groovy.ui.GroovyMain.main(GroovyMain.java:109)
	at sun.reflect.NativeMethodAccessorImpl.invoke0(Native Method)
	at sun.reflect.NativeMethodAccessorImpl.invoke(NativeMethodAccessorImpl.java:62)
	at sun.reflect.DelegatingMethodAccessorImpl.invoke(DelegatingMethodAccessorImpl.java:43)
	at java.lang.reflect.Method.invoke(Method.java:498)
	at org.codehaus.groovy.tools.GroovyStarter.rootLoader(GroovyStarter.java:109)
	at org.codehaus.groovy.tools.GroovyStarter.main(GroovyStarter.java:131)
)

2018-10-20 18:53:14 - [TEST_STEP][PASSED] - waitForPageLoad: Wait for page load successfully

2018-10-20 18:53:14 - [MESSAGE][PASSED] - Wait for page load successfully

2018-10-20 18:53:14 - [TEST_STEP][PASSED] - Statement - CaseReferenceNo = com.kms.katalon.core.webui.keyword.WebUiBuiltInKeywords.getText(com.kms.katalon.core.testobject.ObjectRepository.findTestObject(Final Object Repo/New Registration - Registration Module Pages/Third Screen - Upload Supporting Doc- Preview/RefNo Acquiring)): Text of object 'Object Repository/Final Object Repo/New Registration - Registration Module Pages/Third Screen - Upload Supporting Doc- Preview/RefNo Acquiring' is: 'CRN10201800122312'

2018-10-20 18:53:15 - [MESSAGE][PASSED] - Text of object 'Object Repository/Final Object Repo/New Registration - Registration Module Pages/Third Screen - Upload Supporting Doc- Preview/RefNo Acquiring' is: 'CRN10201800122312'

2018-10-20 18:53:15 - [TEST_STEP][PASSED] - delay: Delayed 2 second(s)

2018-10-20 18:53:17 - [MESSAGE][PASSED] - Delayed 2 second(s)

2018-10-20 18:53:17 - [TEST_STEP][PASSED] - callTestCase: Call Test Case 'Test Cases/Final Aug 2018 - PKS Automation/Common/Reference Number Setter' successfully

2018-10-20 18:53:17 - [TEST_CASE][PASSED] - Test Cases/Final Aug 2018 - PKS Automation/Common/Reference Number Setter: Test Cases/Final Aug 2018 - PKS Automation/Common/Reference Number Setter

2018-10-20 18:53:17 - [TEST_STEP][PASSED] - Statement - RefNoOldFile = new java.io.File(C://KatalonReference.txt): null

2018-10-20 18:53:17 - [TEST_STEP][PASSED] - Statement - RefNoOldFile.delete(): null

2018-10-20 18:53:17 - [TEST_STEP][PASSED] - Statement - RefNo = new java.io.File(C://KatalonReference.txt): null

2018-10-20 18:53:17 - [TEST_STEP][PASSED] - Statement - RefNo.append(CaseReferenceNo): null

2018-10-20 18:53:17 - [TEST_STEP][PASSED] - Statement - out.println("


" + CaseReferenceNo + "


"): null

2018-10-20 18:53:17 - [MESSAGE][PASSED] - Call Test Case 'Test Cases/Final Aug 2018 - PKS Automation/Common/Reference Number Setter' successfully

2018-10-20 18:53:17 - [TEST_STEP][PASSED] - waitForElementClickable: Object 'Object Repository/Final Object Repo/New Registration - Registration Module Pages/Third Screen - Upload Supporting Doc- Preview/Save n Continue in SIP Employee Listing Page' is clickable

2018-10-20 18:53:17 - [MESSAGE][PASSED] - Object 'Object Repository/Final Object Repo/New Registration - Registration Module Pages/Third Screen - Upload Supporting Doc- Preview/Save n Continue in SIP Employee Listing Page' is clickable

2018-10-20 18:53:17 - [TEST_STEP][PASSED] - click: Object: 'Object Repository/Final Object Repo/New Registration - Registration Module Pages/Third Screen - Upload Supporting Doc- Preview/Save n Continue in SIP Employee Listing Page' is clicked on

2018-10-20 18:53:22 - [MESSAGE][PASSED] - Object: 'Object Repository/Final Object Repo/New Registration - Registration Module Pages/Third Screen - Upload Supporting Doc- Preview/Save n Continue in SIP Employee Listing Page' is clicked on

2018-10-20 18:53:22 - [TEST_STEP][PASSED] - delay: Delayed 6 second(s)

2018-10-20 18:53:28 - [MESSAGE][PASSED] - Delayed 6 second(s)

2018-10-20 18:53:28 - [TEST_STEP][PASSED] - click: Object: 'Object Repository/Final Object Repo/New Registration - Registration Module Pages/Third Screen - Upload Supporting Doc- Preview/Add Document Button' is clicked on

2018-10-20 18:53:29 - [MESSAGE][PASSED] - Object: 'Object Repository/Final Object Repo/New Registration - Registration Module Pages/Third Screen - Upload Supporting Doc- Preview/Add Document Button' is clicked on

2018-10-20 18:53:29 - [TEST_STEP][PASSED] - delay: Delayed 30 second(s)

2018-10-20 18:53:59 - [MESSAGE][PASSED] - Delayed 30 second(s)

2018-10-20 18:53:59 - [TEST_STEP][PASSED] - click: Object: 'Object Repository/Final Object Repo/New Registration - Registration Module Pages/Third Screen - Upload Supporting Doc- Preview/Supporting Doc Please Select Drop Down' is clicked on

2018-10-20 18:53:59 - [MESSAGE][PASSED] - Object: 'Object Repository/Final Object Repo/New Registration - Registration Module Pages/Third Screen - Upload Supporting Doc- Preview/Supporting Doc Please Select Drop Down' is clicked on

2018-10-20 18:53:59 - [TEST_STEP][PASSED] - delay: Delayed 2 second(s)

2018-10-20 18:54:01 - [MESSAGE][PASSED] - Delayed 2 second(s)

2018-10-20 18:54:01 - [TEST_STEP][PASSED] - click: Object: 'Object Repository/Final Object Repo/New Registration - Registration Module Pages/Third Screen - Upload Supporting Doc- Preview/Select to Upload Form 1' is clicked on

2018-10-20 18:54:01 - [MESSAGE][PASSED] - Object: 'Object Repository/Final Object Repo/New Registration - Registration Module Pages/Third Screen - Upload Supporting Doc- Preview/Select to Upload Form 1' is clicked on

2018-10-20 18:54:01 - [TEST_STEP][PASSED] - delay: Delayed 2 second(s)

2018-10-20 18:54:03 - [MESSAGE][PASSED] - Delayed 2 second(s)

2018-10-20 18:54:03 - [TEST_STEP][PASSED] - uploadFile: File 'C:\Users\Public\Pictures\Sample Pictures\Act.jpg' sent to object: 'Object Repository/Final Object Repo/New Registration - Registration Module Pages/Third Screen - Upload Supporting Doc- Preview/Upload File Adding'

2018-10-20 18:54:03 - [MESSAGE][PASSED] - File 'C:\Users\Public\Pictures\Sample Pictures\Act.jpg' sent to object: 'Object Repository/Final Object Repo/New Registration - Registration Module Pages/Third Screen - Upload Supporting Doc- Preview/Upload File Adding'

2018-10-20 18:54:03 - [TEST_STEP][PASSED] - delay: Delayed 5 second(s)

2018-10-20 18:54:08 - [MESSAGE][PASSED] - Delayed 5 second(s)

2018-10-20 18:54:08 - [TEST_STEP][PASSED] - click: Object: 'Object Repository/Final Object Repo/New Registration - Registration Module Pages/Third Screen - Upload Supporting Doc- Preview/Inner Form Add Document Button' is clicked on

2018-10-20 18:54:08 - [MESSAGE][PASSED] - Object: 'Object Repository/Final Object Repo/New Registration - Registration Module Pages/Third Screen - Upload Supporting Doc- Preview/Inner Form Add Document Button' is clicked on

2018-10-20 18:54:08 - [TEST_STEP][PASSED] - delay: Delayed 3 second(s)

2018-10-20 18:54:11 - [MESSAGE][PASSED] - Delayed 3 second(s)

2018-10-20 18:54:11 - [TEST_STEP][PASSED] - click: Object: 'Object Repository/Final Object Repo/New Registration - Registration Module Pages/Third Screen - Upload Supporting Doc- Preview/Add Document Button' is clicked on

2018-10-20 18:54:14 - [MESSAGE][PASSED] - Object: 'Object Repository/Final Object Repo/New Registration - Registration Module Pages/Third Screen - Upload Supporting Doc- Preview/Add Document Button' is clicked on

2018-10-20 18:54:14 - [TEST_STEP][PASSED] - delay: Delayed 30 second(s)

2018-10-20 18:54:44 - [MESSAGE][PASSED] - Delayed 30 second(s)

2018-10-20 18:54:44 - [TEST_STEP][PASSED] - click: Object: 'Object Repository/Final Object Repo/New Registration - Registration Module Pages/Third Screen - Upload Supporting Doc- Preview/Supporting Doc Please Select Drop Down' is clicked on

2018-10-20 18:54:44 - [MESSAGE][PASSED] - Object: 'Object Repository/Final Object Repo/New Registration - Registration Module Pages/Third Screen - Upload Supporting Doc- Preview/Supporting Doc Please Select Drop Down' is clicked on

2018-10-20 18:54:44 - [TEST_STEP][PASSED] - delay: Delayed 2 second(s)

2018-10-20 18:54:46 - [MESSAGE][PASSED] - Delayed 2 second(s)

2018-10-20 18:54:46 - [TEST_STEP][PASSED] - click: Object: 'Object Repository/Final Object Repo/New Registration - Registration Module Pages/Third Screen - Upload Supporting Doc- Preview/Select to Upload Form 2' is clicked on

2018-10-20 18:54:46 - [MESSAGE][PASSED] - Object: 'Object Repository/Final Object Repo/New Registration - Registration Module Pages/Third Screen - Upload Supporting Doc- Preview/Select to Upload Form 2' is clicked on

2018-10-20 18:54:46 - [TEST_STEP][PASSED] - delay: Delayed 2 second(s)

2018-10-20 18:54:48 - [MESSAGE][PASSED] - Delayed 2 second(s)

2018-10-20 18:54:48 - [TEST_STEP][PASSED] - uploadFile: File 'C:\Users\Public\Pictures\Sample Pictures\Act.jpg' sent to object: 'Object Repository/Final Object Repo/New Registration - Registration Module Pages/Third Screen - Upload Supporting Doc- Preview/Upload File Adding'

2018-10-20 18:54:48 - [MESSAGE][PASSED] - File 'C:\Users\Public\Pictures\Sample Pictures\Act.jpg' sent to object: 'Object Repository/Final Object Repo/New Registration - Registration Module Pages/Third Screen - Upload Supporting Doc- Preview/Upload File Adding'

2018-10-20 18:54:48 - [TEST_STEP][PASSED] - click: Object: 'Object Repository/Final Object Repo/New Registration - Registration Module Pages/Third Screen - Upload Supporting Doc- Preview/Inner Form Add Document Button' is clicked on

2018-10-20 18:54:48 - [MESSAGE][PASSED] - Object: 'Object Repository/Final Object Repo/New Registration - Registration Module Pages/Third Screen - Upload Supporting Doc- Preview/Inner Form Add Document Button' is clicked on

2018-10-20 18:54:48 - [TEST_STEP][PASSED] - delay: Delayed 4 second(s)

2018-10-20 18:54:52 - [MESSAGE][PASSED] - Delayed 4 second(s)

2018-10-20 18:54:52 - [TEST_STEP][PASSED] - click: Object: 'Object Repository/Final Object Repo/New Registration - Registration Module Pages/Third Screen - Upload Supporting Doc- Preview/Add Document Button' is clicked on

2018-10-20 18:54:53 - [MESSAGE][PASSED] - Object: 'Object Repository/Final Object Repo/New Registration - Registration Module Pages/Third Screen - Upload Supporting Doc- Preview/Add Document Button' is clicked on

2018-10-20 18:54:53 - [TEST_STEP][PASSED] - delay: Delayed 30 second(s)

2018-10-20 18:55:23 - [MESSAGE][PASSED] - Delayed 30 second(s)

2018-10-20 18:55:23 - [TEST_STEP][PASSED] - click: Object: 'Object Repository/Final Object Repo/New Registration - Registration Module Pages/Third Screen - Upload Supporting Doc- Preview/Supporting Doc Please Select Drop Down' is clicked on

2018-10-20 18:55:24 - [MESSAGE][PASSED] - Object: 'Object Repository/Final Object Repo/New Registration - Registration Module Pages/Third Screen - Upload Supporting Doc- Preview/Supporting Doc Please Select Drop Down' is clicked on

2018-10-20 18:55:24 - [TEST_STEP][PASSED] - click: Object: 'Object Repository/Final Object Repo/New Registration - Registration Module Pages/Third Screen - Upload Supporting Doc- Preview/Select to Upload Borang SIP 1' is clicked on

2018-10-20 18:55:24 - [MESSAGE][PASSED] - Object: 'Object Repository/Final Object Repo/New Registration - Registration Module Pages/Third Screen - Upload Supporting Doc- Preview/Select to Upload Borang SIP 1' is clicked on

2018-10-20 18:55:24 - [TEST_STEP][PASSED] - delay: Delayed 2 second(s)

2018-10-20 18:55:26 - [MESSAGE][PASSED] - Delayed 2 second(s)

2018-10-20 18:55:26 - [TEST_STEP][PASSED] - uploadFile: File 'C:\Users\Public\Pictures\Sample Pictures\Act.jpg' sent to object: 'Object Repository/Final Object Repo/New Registration - Registration Module Pages/Third Screen - Upload Supporting Doc- Preview/Upload File Adding'

2018-10-20 18:55:26 - [MESSAGE][PASSED] - File 'C:\Users\Public\Pictures\Sample Pictures\Act.jpg' sent to object: 'Object Repository/Final Object Repo/New Registration - Registration Module Pages/Third Screen - Upload Supporting Doc- Preview/Upload File Adding'

2018-10-20 18:55:26 - [TEST_STEP][PASSED] - click: Object: 'Object Repository/Final Object Repo/New Registration - Registration Module Pages/Third Screen - Upload Supporting Doc- Preview/Inner Form Add Document Button' is clicked on

2018-10-20 18:55:26 - [MESSAGE][PASSED] - Object: 'Object Repository/Final Object Repo/New Registration - Registration Module Pages/Third Screen - Upload Supporting Doc- Preview/Inner Form Add Document Button' is clicked on

2018-10-20 18:55:26 - [TEST_STEP][PASSED] - delay: Delayed 5 second(s)

2018-10-20 18:55:31 - [MESSAGE][PASSED] - Delayed 5 second(s)

2018-10-20 18:55:31 - [TEST_STEP][PASSED] - click: Object: 'Object Repository/Final Object Repo/New Registration - Registration Module Pages/Third Screen - Upload Supporting Doc- Preview/Add Document Button' is clicked on

2018-10-20 18:55:32 - [MESSAGE][PASSED] - Object: 'Object Repository/Final Object Repo/New Registration - Registration Module Pages/Third Screen - Upload Supporting Doc- Preview/Add Document Button' is clicked on

2018-10-20 18:55:32 - [TEST_STEP][PASSED] - delay: Delayed 30 second(s)

2018-10-20 18:56:02 - [MESSAGE][PASSED] - Delayed 30 second(s)

2018-10-20 18:56:02 - [TEST_STEP][PASSED] - click: Object: 'Object Repository/Final Object Repo/New Registration - Registration Module Pages/Third Screen - Upload Supporting Doc- Preview/Supporting Doc Please Select Drop Down' is clicked on

2018-10-20 18:56:02 - [MESSAGE][PASSED] - Object: 'Object Repository/Final Object Repo/New Registration - Registration Module Pages/Third Screen - Upload Supporting Doc- Preview/Supporting Doc Please Select Drop Down' is clicked on

2018-10-20 18:56:02 - [TEST_STEP][PASSED] - delay: Delayed 3 second(s)

2018-10-20 18:56:05 - [MESSAGE][PASSED] - Delayed 3 second(s)

2018-10-20 18:56:05 - [TEST_STEP][FAILED] - click: Unable to click on object 'Object Repository/Final Object Repo/New Registration - Registration Module Pages/Third Screen - Upload Supporting Doc- Preview/Select to Upload Borang SIP 2' (Root cause: org.openqa.selenium.WebDriverException: unknown error: Element <span>...</span> is not clickable at point (151, 567). Other element would receive the click: <li class="select2-results__option" id="select2-_newreg_WAR_registrationportlet_objdocTypeId-result-ztl1-134" role="treeitem" aria-selected="false">...</li>
  (Session info: chrome=69.0.3497.100)
  (Driver info: chromedriver=2.35.528161 (5b82f2d2aae0ca24b877009200ced9065a772e73),platform=Windows NT 6.1.7601 SP1 x86_64) (WARNING: The server did not provide any stacktrace information)
Command duration or timeout: 0 milliseconds
Build info: version: '3.7.1', revision: '8a0099a', time: '2017-11-06T21:07:36.161Z'
System info: host: 'WEIZHENG', ip: '192.168.137.1', os.name: 'Windows 7', os.arch: 'amd64', os.version: '6.1', java.version: '1.8.0_181'
Driver info: com.kms.katalon.selenium.driver.CChromeDriver
Capabilities {acceptInsecureCerts: false, acceptSslCerts: false, applicationCacheEnabled: false, browserConnectionEnabled: false, browserName: chrome, chrome: {chromedriverVersion: 2.35.528161 (5b82f2d2aae0ca..., userDataDir: C:\Users\WEIZHE~1\AppData\L...}, cssSelectorsEnabled: true, databaseEnabled: false, handlesAlerts: true, hasTouchScreen: false, javascriptEnabled: true, locationContextEnabled: true, mobileEmulationEnabled: false, nativeEvents: true, networkConnectionEnabled: false, pageLoadStrategy: normal, platform: XP, platformName: XP, rotatable: false, setWindowRect: true, takesHeapSnapshot: true, takesScreenshot: true, unexpectedAlertBehaviour: , unhandledPromptBehavior: , version: 69.0.3497.100, webStorageEnabled: true}
Session ID: 4750604b160b17617608091561923b51)

2018-10-20 18:56:05 - [MESSAGE][FAILED] - Unable to click on object 'Object Repository/Final Object Repo/New Registration - Registration Module Pages/Third Screen - Upload Supporting Doc- Preview/Select to Upload Borang SIP 2' (Root cause: org.openqa.selenium.WebDriverException: unknown error: Element <span>...</span> is not clickable at point (151, 567). Other element would receive the click: <li class="select2-results__option" id="select2-_newreg_WAR_registrationportlet_objdocTypeId-result-ztl1-134" role="treeitem" aria-selected="false">...</li>
  (Session info: chrome=69.0.3497.100)
  (Driver info: chromedriver=2.35.528161 (5b82f2d2aae0ca24b877009200ced9065a772e73),platform=Windows NT 6.1.7601 SP1 x86_64) (WARNING: The server did not provide any stacktrace information)
Command duration or timeout: 0 milliseconds
Build info: version: '3.7.1', revision: '8a0099a', time: '2017-11-06T21:07:36.161Z'
System info: host: 'WEIZHENG', ip: '192.168.137.1', os.name: 'Windows 7', os.arch: 'amd64', os.version: '6.1', java.version: '1.8.0_181'
Driver info: com.kms.katalon.selenium.driver.CChromeDriver
Capabilities {acceptInsecureCerts: false, acceptSslCerts: false, applicationCacheEnabled: false, browserConnectionEnabled: false, browserName: chrome, chrome: {chromedriverVersion: 2.35.528161 (5b82f2d2aae0ca..., userDataDir: C:\Users\WEIZHE~1\AppData\L...}, cssSelectorsEnabled: true, databaseEnabled: false, handlesAlerts: true, hasTouchScreen: false, javascriptEnabled: true, locationContextEnabled: true, mobileEmulationEnabled: false, nativeEvents: true, networkConnectionEnabled: false, pageLoadStrategy: normal, platform: XP, platformName: XP, rotatable: false, setWindowRect: true, takesHeapSnapshot: true, takesScreenshot: true, unexpectedAlertBehaviour: , unhandledPromptBehavior: , version: 69.0.3497.100, webStorageEnabled: true}
Session ID: 4750604b160b17617608091561923b51)
[[ATTACHMENT|C:\\Users\\LENOVO\\Katalon Studio\\Perkeso Phase A\\Reports\\Workflow\\Update Add New Employee\\20181020_131102\\1540032965472.png]]

2018-10-20 18:56:05 - [TEST_STEP][PASSED] - delay: Delayed 2 second(s)

2018-10-20 18:56:07 - [MESSAGE][PASSED] - Delayed 2 second(s)

2018-10-20 18:56:07 - [TEST_STEP][PASSED] - uploadFile: File 'C:\Users\Public\Pictures\Sample Pictures\Act.jpg' sent to object: 'Object Repository/Final Object Repo/New Registration - Registration Module Pages/Third Screen - Upload Supporting Doc- Preview/Upload File Adding'

2018-10-20 18:56:07 - [MESSAGE][PASSED] - File 'C:\Users\Public\Pictures\Sample Pictures\Act.jpg' sent to object: 'Object Repository/Final Object Repo/New Registration - Registration Module Pages/Third Screen - Upload Supporting Doc- Preview/Upload File Adding'

2018-10-20 18:56:07 - [TEST_STEP][PASSED] - delay: Delayed 5 second(s)

2018-10-20 18:56:12 - [MESSAGE][PASSED] - Delayed 5 second(s)

2018-10-20 18:56:12 - [TEST_STEP][FAILED] - click: Unable to click on object 'Object Repository/Final Object Repo/New Registration - Registration Module Pages/Third Screen - Upload Supporting Doc- Preview/Inner Form Add Document Button' (Root cause: org.openqa.selenium.WebDriverException: unknown error: Element <a validatesubmit="" href="https://assist2-uat.perkeso.gov.my/web/registration/registration?p_auth=Lju6dv5c&amp;p_p_id=newreg_WAR_registrationportlet&amp;p_p_lifecycle=1&amp;p_p_state=exclusive&amp;p_p_mode=view&amp;_newreg_WAR_registrationportlet_redirect=https%3A%2F%2Fassist2-uat.perkeso.gov.my%2Fweb%2Fregistration%2Fregistration%3Fp_p_id%3Dnewreg_WAR_registrationportlet%26p_p_lifecycle%3D0%26p_p_state%3Dnormal%26p_p_mode%3Dview%26p_p_col_id%3Dcolumn-1%26p_p_col_count%3D1%26_newreg_WAR_registrationportlet_browserIdKey%3D1540032722723%26_newreg_WAR_registrationportlet_jspPage%3D%2Fapps%2Freg%2Fcommon%2Fcommon_supporting_doc_form.jsp%26_newreg_WAR_registrationportlet_regViewKey%3D17&amp;_newreg_WAR_registrationportlet_javax.portlet.action=exeAction&amp;_newreg_WAR_registrationportlet_mvcPath=%2Fapps%2Freg%2Fcommon%2Fcommon_supporting_doc_form.jsp&amp;_newreg_WAR_registrationportlet_browserIdKey=1540032722723&amp;_newreg_WAR_registrationportlet_cmd=saveSuppDocFileId&amp;_newreg_WAR_registrationportlet_regViewKey=17" class="btn btn-lg blueBtn col-md-2 pull-right" formid="_newreg_WAR_registrationportlet_uploadDocForm" targets="baseMsgDivId">...</a> is not clickable at point (851, 547). Other element would receive the click: <div class="contentWrap" id="yui_patched_v3_11_0_1_1540032931530_407">...</div>
  (Session info: chrome=69.0.3497.100)
  (Driver info: chromedriver=2.35.528161 (5b82f2d2aae0ca24b877009200ced9065a772e73),platform=Windows NT 6.1.7601 SP1 x86_64) (WARNING: The server did not provide any stacktrace information)
Command duration or timeout: 0 milliseconds
Build info: version: '3.7.1', revision: '8a0099a', time: '2017-11-06T21:07:36.161Z'
System info: host: 'WEIZHENG', ip: '192.168.137.1', os.name: 'Windows 7', os.arch: 'amd64', os.version: '6.1', java.version: '1.8.0_181'
Driver info: com.kms.katalon.selenium.driver.CChromeDriver
Capabilities {acceptInsecureCerts: false, acceptSslCerts: false, applicationCacheEnabled: false, browserConnectionEnabled: false, browserName: chrome, chrome: {chromedriverVersion: 2.35.528161 (5b82f2d2aae0ca..., userDataDir: C:\Users\WEIZHE~1\AppData\L...}, cssSelectorsEnabled: true, databaseEnabled: false, handlesAlerts: true, hasTouchScreen: false, javascriptEnabled: true, locationContextEnabled: true, mobileEmulationEnabled: false, nativeEvents: true, networkConnectionEnabled: false, pageLoadStrategy: normal, platform: XP, platformName: XP, rotatable: false, setWindowRect: true, takesHeapSnapshot: true, takesScreenshot: true, unexpectedAlertBehaviour: , unhandledPromptBehavior: , version: 69.0.3497.100, webStorageEnabled: true}
Session ID: 4750604b160b17617608091561923b51)

2018-10-20 18:56:13 - [MESSAGE][FAILED] - Unable to click on object 'Object Repository/Final Object Repo/New Registration - Registration Module Pages/Third Screen - Upload Supporting Doc- Preview/Inner Form Add Document Button' (Root cause: org.openqa.selenium.WebDriverException: unknown error: Element <a validatesubmit="" href="https://assist2-uat.perkeso.gov.my/web/registration/registration?p_auth=Lju6dv5c&amp;p_p_id=newreg_WAR_registrationportlet&amp;p_p_lifecycle=1&amp;p_p_state=exclusive&amp;p_p_mode=view&amp;_newreg_WAR_registrationportlet_redirect=https%3A%2F%2Fassist2-uat.perkeso.gov.my%2Fweb%2Fregistration%2Fregistration%3Fp_p_id%3Dnewreg_WAR_registrationportlet%26p_p_lifecycle%3D0%26p_p_state%3Dnormal%26p_p_mode%3Dview%26p_p_col_id%3Dcolumn-1%26p_p_col_count%3D1%26_newreg_WAR_registrationportlet_browserIdKey%3D1540032722723%26_newreg_WAR_registrationportlet_jspPage%3D%2Fapps%2Freg%2Fcommon%2Fcommon_supporting_doc_form.jsp%26_newreg_WAR_registrationportlet_regViewKey%3D17&amp;_newreg_WAR_registrationportlet_javax.portlet.action=exeAction&amp;_newreg_WAR_registrationportlet_mvcPath=%2Fapps%2Freg%2Fcommon%2Fcommon_supporting_doc_form.jsp&amp;_newreg_WAR_registrationportlet_browserIdKey=1540032722723&amp;_newreg_WAR_registrationportlet_cmd=saveSuppDocFileId&amp;_newreg_WAR_registrationportlet_regViewKey=17" class="btn btn-lg blueBtn col-md-2 pull-right" formid="_newreg_WAR_registrationportlet_uploadDocForm" targets="baseMsgDivId">...</a> is not clickable at point (851, 547). Other element would receive the click: <div class="contentWrap" id="yui_patched_v3_11_0_1_1540032931530_407">...</div>
  (Session info: chrome=69.0.3497.100)
  (Driver info: chromedriver=2.35.528161 (5b82f2d2aae0ca24b877009200ced9065a772e73),platform=Windows NT 6.1.7601 SP1 x86_64) (WARNING: The server did not provide any stacktrace information)
Command duration or timeout: 0 milliseconds
Build info: version: '3.7.1', revision: '8a0099a', time: '2017-11-06T21:07:36.161Z'
System info: host: 'WEIZHENG', ip: '192.168.137.1', os.name: 'Windows 7', os.arch: 'amd64', os.version: '6.1', java.version: '1.8.0_181'
Driver info: com.kms.katalon.selenium.driver.CChromeDriver
Capabilities {acceptInsecureCerts: false, acceptSslCerts: false, applicationCacheEnabled: false, browserConnectionEnabled: false, browserName: chrome, chrome: {chromedriverVersion: 2.35.528161 (5b82f2d2aae0ca..., userDataDir: C:\Users\WEIZHE~1\AppData\L...}, cssSelectorsEnabled: true, databaseEnabled: false, handlesAlerts: true, hasTouchScreen: false, javascriptEnabled: true, locationContextEnabled: true, mobileEmulationEnabled: false, nativeEvents: true, networkConnectionEnabled: false, pageLoadStrategy: normal, platform: XP, platformName: XP, rotatable: false, setWindowRect: true, takesHeapSnapshot: true, takesScreenshot: true, unexpectedAlertBehaviour: , unhandledPromptBehavior: , version: 69.0.3497.100, webStorageEnabled: true}
Session ID: 4750604b160b17617608091561923b51)
[[ATTACHMENT|C:\\Users\\LENOVO\\Katalon Studio\\Perkeso Phase A\\Reports\\Workflow\\Update Add New Employee\\20181020_131102\\1540032973037.png]]

2018-10-20 18:56:13 - [TEST_STEP][PASSED] - delay: Delayed 3 second(s)

2018-10-20 18:56:16 - [MESSAGE][PASSED] - Delayed 3 second(s)

2018-10-20 18:56:16 - [TEST_STEP][PASSED] - waitForElementClickable: Object 'Object Repository/Final Object Repo/New Registration - Registration Module Pages/Third Screen - Upload Supporting Doc- Preview/Save n Continue in Uploading Supporting Doc Page' is clickable

2018-10-20 18:56:16 - [MESSAGE][PASSED] - Object 'Object Repository/Final Object Repo/New Registration - Registration Module Pages/Third Screen - Upload Supporting Doc- Preview/Save n Continue in Uploading Supporting Doc Page' is clickable

2018-10-20 18:56:16 - [TEST_STEP][FAILED] - click: Unable to click on object 'Object Repository/Final Object Repo/New Registration - Registration Module Pages/Third Screen - Upload Supporting Doc- Preview/Save n Continue in Uploading Supporting Doc Page' (Root cause: org.openqa.selenium.ElementNotVisibleException: element not visible
  (Session info: chrome=69.0.3497.100)
  (Driver info: chromedriver=2.35.528161 (5b82f2d2aae0ca24b877009200ced9065a772e73),platform=Windows NT 6.1.7601 SP1 x86_64) (WARNING: The server did not provide any stacktrace information)
Command duration or timeout: 0 milliseconds
Build info: version: '3.7.1', revision: '8a0099a', time: '2017-11-06T21:07:36.161Z'
System info: host: 'WEIZHENG', ip: '192.168.137.1', os.name: 'Windows 7', os.arch: 'amd64', os.version: '6.1', java.version: '1.8.0_181'
Driver info: com.kms.katalon.selenium.driver.CChromeDriver
Capabilities {acceptInsecureCerts: false, acceptSslCerts: false, applicationCacheEnabled: false, browserConnectionEnabled: false, browserName: chrome, chrome: {chromedriverVersion: 2.35.528161 (5b82f2d2aae0ca..., userDataDir: C:\Users\WEIZHE~1\AppData\L...}, cssSelectorsEnabled: true, databaseEnabled: false, handlesAlerts: true, hasTouchScreen: false, javascriptEnabled: true, locationContextEnabled: true, mobileEmulationEnabled: false, nativeEvents: true, networkConnectionEnabled: false, pageLoadStrategy: normal, platform: XP, platformName: XP, rotatable: false, setWindowRect: true, takesHeapSnapshot: true, takesScreenshot: true, unexpectedAlertBehaviour: , unhandledPromptBehavior: , version: 69.0.3497.100, webStorageEnabled: true}
Session ID: 4750604b160b17617608091561923b51)

2018-10-20 18:56:16 - [MESSAGE][FAILED] - Unable to click on object 'Object Repository/Final Object Repo/New Registration - Registration Module Pages/Third Screen - Upload Supporting Doc- Preview/Save n Continue in Uploading Supporting Doc Page' (Root cause: org.openqa.selenium.ElementNotVisibleException: element not visible
  (Session info: chrome=69.0.3497.100)
  (Driver info: chromedriver=2.35.528161 (5b82f2d2aae0ca24b877009200ced9065a772e73),platform=Windows NT 6.1.7601 SP1 x86_64) (WARNING: The server did not provide any stacktrace information)
Command duration or timeout: 0 milliseconds
Build info: version: '3.7.1', revision: '8a0099a', time: '2017-11-06T21:07:36.161Z'
System info: host: 'WEIZHENG', ip: '192.168.137.1', os.name: 'Windows 7', os.arch: 'amd64', os.version: '6.1', java.version: '1.8.0_181'
Driver info: com.kms.katalon.selenium.driver.CChromeDriver
Capabilities {acceptInsecureCerts: false, acceptSslCerts: false, applicationCacheEnabled: false, browserConnectionEnabled: false, browserName: chrome, chrome: {chromedriverVersion: 2.35.528161 (5b82f2d2aae0ca..., userDataDir: C:\Users\WEIZHE~1\AppData\L...}, cssSelectorsEnabled: true, databaseEnabled: false, handlesAlerts: true, hasTouchScreen: false, javascriptEnabled: true, locationContextEnabled: true, mobileEmulationEnabled: false, nativeEvents: true, networkConnectionEnabled: false, pageLoadStrategy: normal, platform: XP, platformName: XP, rotatable: false, setWindowRect: true, takesHeapSnapshot: true, takesScreenshot: true, unexpectedAlertBehaviour: , unhandledPromptBehavior: , version: 69.0.3497.100, webStorageEnabled: true}
Session ID: 4750604b160b17617608091561923b51)
[[ATTACHMENT|C:\\Users\\LENOVO\\Katalon Studio\\Perkeso Phase A\\Reports\\Workflow\\Update Add New Employee\\20181020_131102\\1540032976512.png]]

2018-10-20 18:56:16 - [MESSAGE][FAILED] - Unable to call Test Case with id 'Test Cases/Final Aug 2018 - PKS Automation/Registration Module/New Registration/Flow of New Registration/Third Screen - Upload Supporting Doc - Preview' (Root cause: Call Test Case 'Test Cases/Final Aug 2018 - PKS Automation/Registration Module/New Registration/Flow of New Registration/Third Screen - Upload Supporting Doc - Preview' failed)

2018-10-20 18:56:16 - [MESSAGE][FAILED] - Unable to call Test Case with id 'Test Cases/Final Aug 2018 - PKS Automation/Registration Module/Workflow/Update Add New Employee/Template/New Company for Update Add New' (Root cause: Call Test Case 'Test Cases/Final Aug 2018 - PKS Automation/Registration Module/Workflow/Update Add New Employee/Template/New Company for Update Add New' failed)]]></system-out>
         <system-err><![CDATA[2018-10-20 18:51:49 - [TEST_CASE][FAILED] - Test Cases/Final Aug 2018 - PKS Automation/Registration Module/Workflow/Update Add New Employee/Special Case (PKR BO - RO Approve): Test Cases/Final Aug 2018 - PKS Automation/Registration Module/Workflow/Update Add New Employee/Special Case (PKR BO - RO Approve) FAILED because (of) (Stack trace: com.kms.katalon.core.exception.StepFailedException: Unable to click on object 'Object Repository/Final Object Repo/New Registration - Registration Module Pages/Third Screen - Upload Supporting Doc- Preview/Select to Upload Borang SIP 2' (Root cause: org.openqa.selenium.WebDriverException: unknown error: Element <span>...</span> is not clickable at point (151, 567). Other element would receive the click: <li class="select2-results__option" id="select2-_newreg_WAR_registrationportlet_objdocTypeId-result-ztl1-134" role="treeitem" aria-selected="false">...</li>
  (Session info: chrome=69.0.3497.100)
  (Driver info: chromedriver=2.35.528161 (5b82f2d2aae0ca24b877009200ced9065a772e73),platform=Windows NT 6.1.7601 SP1 x86_64) (WARNING: The server did not provide any stacktrace information)
Command duration or timeout: 0 milliseconds
Build info: version: '3.7.1', revision: '8a0099a', time: '2017-11-06T21:07:36.161Z'
System info: host: 'WEIZHENG', ip: '192.168.137.1', os.name: 'Windows 7', os.arch: 'amd64', os.version: '6.1', java.version: '1.8.0_181'
Driver info: com.kms.katalon.selenium.driver.CChromeDriver
Capabilities {acceptInsecureCerts: false, acceptSslCerts: false, applicationCacheEnabled: false, browserConnectionEnabled: false, browserName: chrome, chrome: {chromedriverVersion: 2.35.528161 (5b82f2d2aae0ca..., userDataDir: C:\Users\WEIZHE~1\AppData\L...}, cssSelectorsEnabled: true, databaseEnabled: false, handlesAlerts: true, hasTouchScreen: false, javascriptEnabled: true, locationContextEnabled: true, mobileEmulationEnabled: false, nativeEvents: true, networkConnectionEnabled: false, pageLoadStrategy: normal, platform: XP, platformName: XP, rotatable: false, setWindowRect: true, takesHeapSnapshot: true, takesScreenshot: true, unexpectedAlertBehaviour: , unhandledPromptBehavior: , version: 69.0.3497.100, webStorageEnabled: true}
Session ID: 4750604b160b17617608091561923b51)
	at com.kms.katalon.core.keyword.internal.KeywordMain.stepFailed(KeywordMain.groovy:32)
	at com.kms.katalon.core.webui.keyword.internal.WebUIKeywordMain.stepFailed(WebUIKeywordMain.groovy:65)
	at com.kms.katalon.core.webui.keyword.internal.WebUIKeywordMain.runKeyword(WebUIKeywordMain.groovy:27)
	at com.kms.katalon.core.webui.keyword.builtin.ClickKeyword.click(ClickKeyword.groovy:86)
	at com.kms.katalon.core.webui.keyword.builtin.ClickKeyword.execute(ClickKeyword.groovy:67)
	at com.kms.katalon.core.keyword.internal.KeywordExecutor.executeKeywordForPlatform(KeywordExecutor.groovy:53)
	at com.kms.katalon.core.webui.keyword.WebUiBuiltInKeywords.click(WebUiBuiltInKeywords.groovy:616)
	at com.kms.katalon.core.webui.keyword.WebUiBuiltInKeywords$click$2.call(Unknown Source)
	at Script1534409664094.run(Script1534409664094.groovy:104)
	at com.kms.katalon.core.main.ScriptEngine.run(ScriptEngine.java:183)
	at com.kms.katalon.core.main.ScriptEngine.runScriptAsRawText(ScriptEngine.java:108)
	at com.kms.katalon.core.main.TestCaseExecutor.runScript(TestCaseExecutor.java:294)
	at com.kms.katalon.core.main.TestCaseExecutor.doExecute(TestCaseExecutor.java:285)
	at com.kms.katalon.core.main.TestCaseExecutor.processExecutionPhase(TestCaseExecutor.java:264)
	at com.kms.katalon.core.main.TestCaseExecutor.accessMainPhase(TestCaseExecutor.java:256)
	at com.kms.katalon.core.main.TestCaseExecutor.execute(TestCaseExecutor.java:200)
	at com.kms.katalon.core.main.TestCaseMain.runTestCase(TestCaseMain.java:99)
	at com.kms.katalon.core.keyword.builtin.CallTestCaseKeyword$_callTestCase_closure1.doCall(CallTestCaseKeyword.groovy:60)
	at com.kms.katalon.core.keyword.builtin.CallTestCaseKeyword$_callTestCase_closure1.call(CallTestCaseKeyword.groovy)
	at com.kms.katalon.core.keyword.internal.KeywordMain.runKeyword(KeywordMain.groovy:54)
	at com.kms.katalon.core.keyword.builtin.CallTestCaseKeyword.callTestCase(CallTestCaseKeyword.groovy:81)
	at com.kms.katalon.core.keyword.builtin.CallTestCaseKeyword.execute(CallTestCaseKeyword.groovy:45)
	at com.kms.katalon.core.keyword.internal.KeywordExecutor.executeKeywordForPlatform(KeywordExecutor.groovy:53)
	at com.kms.katalon.core.keyword.BuiltinKeywords.callTestCase(BuiltinKeywords.groovy:334)
	at sun.reflect.GeneratedMethodAccessor13.invoke(Unknown Source)
	at sun.reflect.DelegatingMethodAccessorImpl.invoke(DelegatingMethodAccessorImpl.java:43)
	at java.lang.reflect.Method.invoke(Method.java:498)
	at org.codehaus.groovy.reflection.CachedMethod.invoke(CachedMethod.java:93)
	at groovy.lang.MetaMethod.doMethodInvoke(MetaMethod.java:325)
	at groovy.lang.MetaClassImpl.invokeStaticMethod(MetaClassImpl.java:1469)
	at org.codehaus.groovy.runtime.callsite.StaticMetaClassSite.call(StaticMetaClassSite.java:53)
	at org.codehaus.groovy.runtime.callsite.AbstractCallSite.call(AbstractCallSite.java:141)
	at Script1536051799273.run(Script1536051799273.groovy:28)
	at com.kms.katalon.core.main.ScriptEngine.run(ScriptEngine.java:183)
	at com.kms.katalon.core.main.ScriptEngine.runScriptAsRawText(ScriptEngine.java:108)
	at com.kms.katalon.core.main.TestCaseExecutor.runScript(TestCaseExecutor.java:294)
	at com.kms.katalon.core.main.TestCaseExecutor.doExecute(TestCaseExecutor.java:285)
	at com.kms.katalon.core.main.TestCaseExecutor.processExecutionPhase(TestCaseExecutor.java:264)
	at com.kms.katalon.core.main.TestCaseExecutor.accessMainPhase(TestCaseExecutor.java:256)
	at com.kms.katalon.core.main.TestCaseExecutor.execute(TestCaseExecutor.java:200)
	at com.kms.katalon.core.main.TestCaseMain.runTestCase(TestCaseMain.java:99)
	at com.kms.katalon.core.keyword.builtin.CallTestCaseKeyword$_callTestCase_closure1.doCall(CallTestCaseKeyword.groovy:60)
	at com.kms.katalon.core.keyword.builtin.CallTestCaseKeyword$_callTestCase_closure1.call(CallTestCaseKeyword.groovy)
	at com.kms.katalon.core.keyword.internal.KeywordMain.runKeyword(KeywordMain.groovy:54)
	at com.kms.katalon.core.keyword.builtin.CallTestCaseKeyword.callTestCase(CallTestCaseKeyword.groovy:81)
	at com.kms.katalon.core.keyword.builtin.CallTestCaseKeyword.execute(CallTestCaseKeyword.groovy:45)
	at com.kms.katalon.core.keyword.internal.KeywordExecutor.executeKeywordForPlatform(KeywordExecutor.groovy:53)
	at com.kms.katalon.core.keyword.BuiltinKeywords.callTestCase(BuiltinKeywords.groovy:334)
	at sun.reflect.GeneratedMethodAccessor13.invoke(Unknown Source)
	at sun.reflect.DelegatingMethodAccessorImpl.invoke(DelegatingMethodAccessorImpl.java:43)
	at java.lang.reflect.Method.invoke(Method.java:498)
	at org.codehaus.groovy.reflection.CachedMethod.invoke(CachedMethod.java:93)
	at groovy.lang.MetaMethod.doMethodInvoke(MetaMethod.java:325)
	at groovy.lang.MetaClassImpl.invokeStaticMethod(MetaClassImpl.java:1469)
	at org.codehaus.groovy.runtime.callsite.StaticMetaClassSite.call(StaticMetaClassSite.java:53)
	at org.codehaus.groovy.runtime.callsite.CallSiteArray.defaultCall(CallSiteArray.java:48)
	at org.codehaus.groovy.runtime.callsite.AbstractCallSite.call(AbstractCallSite.java:113)
	at org.codehaus.groovy.runtime.callsite.AbstractCallSite.call(AbstractCallSite.java:141)
	at Script1536116130372.run(Script1536116130372.groovy:15)
	at com.kms.katalon.core.main.ScriptEngine.run(ScriptEngine.java:183)
	at com.kms.katalon.core.main.ScriptEngine.runScriptAsRawText(ScriptEngine.java:108)
	at com.kms.katalon.core.main.TestCaseExecutor.runScript(TestCaseExecutor.java:294)
	at com.kms.katalon.core.main.TestCaseExecutor.doExecute(TestCaseExecutor.java:285)
	at com.kms.katalon.core.main.TestCaseExecutor.processExecutionPhase(TestCaseExecutor.java:264)
	at com.kms.katalon.core.main.TestCaseExecutor.accessMainPhase(TestCaseExecutor.java:256)
	at com.kms.katalon.core.main.TestCaseExecutor.execute(TestCaseExecutor.java:200)
	at com.kms.katalon.core.main.TestSuiteExecutor.accessTestCaseMainPhase(TestSuiteExecutor.java:129)
	at com.kms.katalon.core.main.TestSuiteExecutor.accessTestSuiteMainPhase(TestSuiteExecutor.java:112)
	at com.kms.katalon.core.main.TestSuiteExecutor.execute(TestSuiteExecutor.java:81)
	at com.kms.katalon.core.main.TestCaseMain.startTestSuite(TestCaseMain.java:142)
	at com.kms.katalon.core.main.TestCaseMain$startTestSuite$0.call(Unknown Source)
	at org.codehaus.groovy.runtime.callsite.CallSiteArray.defaultCall(CallSiteArray.java:48)
	at org.codehaus.groovy.runtime.callsite.AbstractCallSite.call(AbstractCallSite.java:113)
	at org.codehaus.groovy.runtime.callsite.AbstractCallSite.call(AbstractCallSite.java:141)
	at TempTestSuite1540012262067.run(TempTestSuite1540012262067.groovy:36)
	at groovy.lang.GroovyShell.runScriptOrMainOrTestOrRunnable(GroovyShell.java:263)
	at groovy.lang.GroovyShell.run(GroovyShell.java:518)
	at groovy.lang.GroovyShell.run(GroovyShell.java:507)
	at groovy.ui.GroovyMain.processOnce(GroovyMain.java:653)
	at groovy.ui.GroovyMain.run(GroovyMain.java:384)
	at groovy.ui.GroovyMain.process(GroovyMain.java:370)
	at groovy.ui.GroovyMain.processArgs(GroovyMain.java:129)
	at groovy.ui.GroovyMain.main(GroovyMain.java:109)
	at sun.reflect.NativeMethodAccessorImpl.invoke0(Native Method)
	at sun.reflect.NativeMethodAccessorImpl.invoke(NativeMethodAccessorImpl.java:62)
	at sun.reflect.DelegatingMethodAccessorImpl.invoke(DelegatingMethodAccessorImpl.java:43)
	at java.lang.reflect.Method.invoke(Method.java:498)
	at org.codehaus.groovy.tools.GroovyStarter.rootLoader(GroovyStarter.java:109)
	at org.codehaus.groovy.tools.GroovyStarter.main(GroovyStarter.java:131)
)]]></system-err>
      </testcase>
      <testcase name="Test Cases/Final Aug 2018 - PKS Automation/Registration Module/Workflow/Update Add New Employee/Special Case (PKR BO - RO Query - OTC Upload Pending Case - RO Approve)" classname="Test Cases/Final Aug 2018 - PKS Automation/Registration Module/Workflow/Update Add New Employee/Special Case (PKR BO - RO Query - OTC Upload Pending Case - RO Approve)" status="FAILED">
         <failure type="FAILED" message="(Stack trace: com.kms.katalon.core.exception.StepFailedException: Unable to click on object 'Object Repository/Final Object Repo/New Registration - Registration Module Pages/Third Screen - Upload Supporting Doc- Preview/Select to Upload Borang SIP 2' (Root cause: org.openqa.selenium.WebDriverException: unknown error: Element &lt;span>...&lt;/span> is not clickable at point (151, 567). Other element would receive the click: &lt;li class=&quot;select2-results__option&quot; id=&quot;select2-_newreg_WAR_registrationportlet_objdocTypeId-result-5o2e-134&quot; role=&quot;treeitem&quot; aria-selected=&quot;false&quot;>...&lt;/li>
  (Session info: chrome=69.0.3497.100)
  (Driver info: chromedriver=2.35.528161 (5b82f2d2aae0ca24b877009200ced9065a772e73),platform=Windows NT 6.1.7601 SP1 x86_64) (WARNING: The server did not provide any stacktrace information)
Command duration or timeout: 0 milliseconds
Build info: version: '3.7.1', revision: '8a0099a', time: '2017-11-06T21:07:36.161Z'
System info: host: 'WEIZHENG', ip: '192.168.137.1', os.name: 'Windows 7', os.arch: 'amd64', os.version: '6.1', java.version: '1.8.0_181'
Driver info: com.kms.katalon.selenium.driver.CChromeDriver
Capabilities {acceptInsecureCerts: false, acceptSslCerts: false, applicationCacheEnabled: false, browserConnectionEnabled: false, browserName: chrome, chrome: {chromedriverVersion: 2.35.528161 (5b82f2d2aae0ca..., userDataDir: C:\Users\WEIZHE~1\AppData\L...}, cssSelectorsEnabled: true, databaseEnabled: false, handlesAlerts: true, hasTouchScreen: false, javascriptEnabled: true, locationContextEnabled: true, mobileEmulationEnabled: false, nativeEvents: true, networkConnectionEnabled: false, pageLoadStrategy: normal, platform: XP, platformName: XP, rotatable: false, setWindowRect: true, takesHeapSnapshot: true, takesScreenshot: true, unexpectedAlertBehaviour: , unhandledPromptBehavior: , version: 69.0.3497.100, webStorageEnabled: true}
Session ID: 2e4bb60e6c1459cbef05d89d7e6eac26)
	at com.kms.katalon.core.keyword.internal.KeywordMain.stepFailed(KeywordMain.groovy:32)
	at com.kms.katalon.core.webui.keyword.internal.WebUIKeywordMain.stepFailed(WebUIKeywordMain.groovy:65)
	at com.kms.katalon.core.webui.keyword.internal.WebUIKeywordMain.runKeyword(WebUIKeywordMain.groovy:27)
	at com.kms.katalon.core.webui.keyword.builtin.ClickKeyword.click(ClickKeyword.groovy:86)
	at com.kms.katalon.core.webui.keyword.builtin.ClickKeyword.execute(ClickKeyword.groovy:67)
	at com.kms.katalon.core.keyword.internal.KeywordExecutor.executeKeywordForPlatform(KeywordExecutor.groovy:53)
	at com.kms.katalon.core.webui.keyword.WebUiBuiltInKeywords.click(WebUiBuiltInKeywords.groovy:616)
	at com.kms.katalon.core.webui.keyword.WebUiBuiltInKeywords$click$2.call(Unknown Source)
	at Script1534409664094.run(Script1534409664094.groovy:104)
	at com.kms.katalon.core.main.ScriptEngine.run(ScriptEngine.java:183)
	at com.kms.katalon.core.main.ScriptEngine.runScriptAsRawText(ScriptEngine.java:108)
	at com.kms.katalon.core.main.TestCaseExecutor.runScript(TestCaseExecutor.java:294)
	at com.kms.katalon.core.main.TestCaseExecutor.doExecute(TestCaseExecutor.java:285)
	at com.kms.katalon.core.main.TestCaseExecutor.processExecutionPhase(TestCaseExecutor.java:264)
	at com.kms.katalon.core.main.TestCaseExecutor.accessMainPhase(TestCaseExecutor.java:256)
	at com.kms.katalon.core.main.TestCaseExecutor.execute(TestCaseExecutor.java:200)
	at com.kms.katalon.core.main.TestCaseMain.runTestCase(TestCaseMain.java:99)
	at com.kms.katalon.core.keyword.builtin.CallTestCaseKeyword$_callTestCase_closure1.doCall(CallTestCaseKeyword.groovy:60)
	at com.kms.katalon.core.keyword.builtin.CallTestCaseKeyword$_callTestCase_closure1.call(CallTestCaseKeyword.groovy)
	at com.kms.katalon.core.keyword.internal.KeywordMain.runKeyword(KeywordMain.groovy:54)
	at com.kms.katalon.core.keyword.builtin.CallTestCaseKeyword.callTestCase(CallTestCaseKeyword.groovy:81)
	at com.kms.katalon.core.keyword.builtin.CallTestCaseKeyword.execute(CallTestCaseKeyword.groovy:45)
	at com.kms.katalon.core.keyword.internal.KeywordExecutor.executeKeywordForPlatform(KeywordExecutor.groovy:53)
	at com.kms.katalon.core.keyword.BuiltinKeywords.callTestCase(BuiltinKeywords.groovy:334)
	at sun.reflect.GeneratedMethodAccessor13.invoke(Unknown Source)
	at sun.reflect.DelegatingMethodAccessorImpl.invoke(DelegatingMethodAccessorImpl.java:43)
	at java.lang.reflect.Method.invoke(Method.java:498)
	at org.codehaus.groovy.reflection.CachedMethod.invoke(CachedMethod.java:93)
	at groovy.lang.MetaMethod.doMethodInvoke(MetaMethod.java:325)
	at groovy.lang.MetaClassImpl.invokeStaticMethod(MetaClassImpl.java:1469)
	at org.codehaus.groovy.runtime.callsite.StaticMetaClassSite.call(StaticMetaClassSite.java:53)
	at org.codehaus.groovy.runtime.callsite.AbstractCallSite.call(AbstractCallSite.java:141)
	at Script1536051799273.run(Script1536051799273.groovy:28)
	at com.kms.katalon.core.main.ScriptEngine.run(ScriptEngine.java:183)
	at com.kms.katalon.core.main.ScriptEngine.runScriptAsRawText(ScriptEngine.java:108)
	at com.kms.katalon.core.main.TestCaseExecutor.runScript(TestCaseExecutor.java:294)
	at com.kms.katalon.core.main.TestCaseExecutor.doExecute(TestCaseExecutor.java:285)
	at com.kms.katalon.core.main.TestCaseExecutor.processExecutionPhase(TestCaseExecutor.java:264)
	at com.kms.katalon.core.main.TestCaseExecutor.accessMainPhase(TestCaseExecutor.java:256)
	at com.kms.katalon.core.main.TestCaseExecutor.execute(TestCaseExecutor.java:200)
	at com.kms.katalon.core.main.TestCaseMain.runTestCase(TestCaseMain.java:99)
	at com.kms.katalon.core.keyword.builtin.CallTestCaseKeyword$_callTestCase_closure1.doCall(CallTestCaseKeyword.groovy:60)
	at com.kms.katalon.core.keyword.builtin.CallTestCaseKeyword$_callTestCase_closure1.call(CallTestCaseKeyword.groovy)
	at com.kms.katalon.core.keyword.internal.KeywordMain.runKeyword(KeywordMain.groovy:54)
	at com.kms.katalon.core.keyword.builtin.CallTestCaseKeyword.callTestCase(CallTestCaseKeyword.groovy:81)
	at com.kms.katalon.core.keyword.builtin.CallTestCaseKeyword.execute(CallTestCaseKeyword.groovy:45)
	at com.kms.katalon.core.keyword.internal.KeywordExecutor.executeKeywordForPlatform(KeywordExecutor.groovy:53)
	at com.kms.katalon.core.keyword.BuiltinKeywords.callTestCase(BuiltinKeywords.groovy:334)
	at sun.reflect.GeneratedMethodAccessor13.invoke(Unknown Source)
	at sun.reflect.DelegatingMethodAccessorImpl.invoke(DelegatingMethodAccessorImpl.java:43)
	at java.lang.reflect.Method.invoke(Method.java:498)
	at org.codehaus.groovy.reflection.CachedMethod.invoke(CachedMethod.java:93)
	at groovy.lang.MetaMethod.doMethodInvoke(MetaMethod.java:325)
	at groovy.lang.MetaClassImpl.invokeStaticMethod(MetaClassImpl.java:1469)
	at org.codehaus.groovy.runtime.callsite.StaticMetaClassSite.call(StaticMetaClassSite.java:53)
	at org.codehaus.groovy.runtime.callsite.CallSiteArray.defaultCall(CallSiteArray.java:48)
	at org.codehaus.groovy.runtime.callsite.AbstractCallSite.call(AbstractCallSite.java:113)
	at org.codehaus.groovy.runtime.callsite.AbstractCallSite.call(AbstractCallSite.java:141)
	at Script1536220866356.run(Script1536220866356.groovy:15)
	at com.kms.katalon.core.main.ScriptEngine.run(ScriptEngine.java:183)
	at com.kms.katalon.core.main.ScriptEngine.runScriptAsRawText(ScriptEngine.java:108)
	at com.kms.katalon.core.main.TestCaseExecutor.runScript(TestCaseExecutor.java:294)
	at com.kms.katalon.core.main.TestCaseExecutor.doExecute(TestCaseExecutor.java:285)
	at com.kms.katalon.core.main.TestCaseExecutor.processExecutionPhase(TestCaseExecutor.java:264)
	at com.kms.katalon.core.main.TestCaseExecutor.accessMainPhase(TestCaseExecutor.java:256)
	at com.kms.katalon.core.main.TestCaseExecutor.execute(TestCaseExecutor.java:200)
	at com.kms.katalon.core.main.TestSuiteExecutor.accessTestCaseMainPhase(TestSuiteExecutor.java:129)
	at com.kms.katalon.core.main.TestSuiteExecutor.accessTestSuiteMainPhase(TestSuiteExecutor.java:112)
	at com.kms.katalon.core.main.TestSuiteExecutor.execute(TestSuiteExecutor.java:81)
	at com.kms.katalon.core.main.TestCaseMain.startTestSuite(TestCaseMain.java:142)
	at com.kms.katalon.core.main.TestCaseMain$startTestSuite$0.call(Unknown Source)
	at org.codehaus.groovy.runtime.callsite.CallSiteArray.defaultCall(CallSiteArray.java:48)
	at org.codehaus.groovy.runtime.callsite.AbstractCallSite.call(AbstractCallSite.java:113)
	at org.codehaus.groovy.runtime.callsite.AbstractCallSite.call(AbstractCallSite.java:141)
	at TempTestSuite1540012262067.run(TempTestSuite1540012262067.groovy:36)
	at groovy.lang.GroovyShell.runScriptOrMainOrTestOrRunnable(GroovyShell.java:263)
	at groovy.lang.GroovyShell.run(GroovyShell.java:518)
	at groovy.lang.GroovyShell.run(GroovyShell.java:507)
	at groovy.ui.GroovyMain.processOnce(GroovyMain.java:653)
	at groovy.ui.GroovyMain.run(GroovyMain.java:384)
	at groovy.ui.GroovyMain.process(GroovyMain.java:370)
	at groovy.ui.GroovyMain.processArgs(GroovyMain.java:129)
	at groovy.ui.GroovyMain.main(GroovyMain.java:109)
	at sun.reflect.NativeMethodAccessorImpl.invoke0(Native Method)
	at sun.reflect.NativeMethodAccessorImpl.invoke(NativeMethodAccessorImpl.java:62)
	at sun.reflect.DelegatingMethodAccessorImpl.invoke(DelegatingMethodAccessorImpl.java:43)
	at java.lang.reflect.Method.invoke(Method.java:498)
	at org.codehaus.groovy.tools.GroovyStarter.rootLoader(GroovyStarter.java:109)
	at org.codehaus.groovy.tools.GroovyStarter.main(GroovyStarter.java:131)
)"/>
         <system-out><![CDATA[2018-10-20 18:56:16 - [TEST_CASE][FAILED] - Test Cases/Final Aug 2018 - PKS Automation/Registration Module/Workflow/Update Add New Employee/Special Case (PKR BO - RO Query - OTC Upload Pending Case - RO Approve): Test Cases/Final Aug 2018 - PKS Automation/Registration Module/Workflow/Update Add New Employee/Special Case (PKR BO - RO Query - OTC Upload Pending Case - RO Approve) FAILED because (of) (Stack trace: com.kms.katalon.core.exception.StepFailedException: Unable to click on object 'Object Repository/Final Object Repo/New Registration - Registration Module Pages/Third Screen - Upload Supporting Doc- Preview/Select to Upload Borang SIP 2' (Root cause: org.openqa.selenium.WebDriverException: unknown error: Element <span>...</span> is not clickable at point (151, 567). Other element would receive the click: <li class="select2-results__option" id="select2-_newreg_WAR_registrationportlet_objdocTypeId-result-5o2e-134" role="treeitem" aria-selected="false">...</li>
  (Session info: chrome=69.0.3497.100)
  (Driver info: chromedriver=2.35.528161 (5b82f2d2aae0ca24b877009200ced9065a772e73),platform=Windows NT 6.1.7601 SP1 x86_64) (WARNING: The server did not provide any stacktrace information)
Command duration or timeout: 0 milliseconds
Build info: version: '3.7.1', revision: '8a0099a', time: '2017-11-06T21:07:36.161Z'
System info: host: 'WEIZHENG', ip: '192.168.137.1', os.name: 'Windows 7', os.arch: 'amd64', os.version: '6.1', java.version: '1.8.0_181'
Driver info: com.kms.katalon.selenium.driver.CChromeDriver
Capabilities {acceptInsecureCerts: false, acceptSslCerts: false, applicationCacheEnabled: false, browserConnectionEnabled: false, browserName: chrome, chrome: {chromedriverVersion: 2.35.528161 (5b82f2d2aae0ca..., userDataDir: C:\Users\WEIZHE~1\AppData\L...}, cssSelectorsEnabled: true, databaseEnabled: false, handlesAlerts: true, hasTouchScreen: false, javascriptEnabled: true, locationContextEnabled: true, mobileEmulationEnabled: false, nativeEvents: true, networkConnectionEnabled: false, pageLoadStrategy: normal, platform: XP, platformName: XP, rotatable: false, setWindowRect: true, takesHeapSnapshot: true, takesScreenshot: true, unexpectedAlertBehaviour: , unhandledPromptBehavior: , version: 69.0.3497.100, webStorageEnabled: true}
Session ID: 2e4bb60e6c1459cbef05d89d7e6eac26)
	at com.kms.katalon.core.keyword.internal.KeywordMain.stepFailed(KeywordMain.groovy:32)
	at com.kms.katalon.core.webui.keyword.internal.WebUIKeywordMain.stepFailed(WebUIKeywordMain.groovy:65)
	at com.kms.katalon.core.webui.keyword.internal.WebUIKeywordMain.runKeyword(WebUIKeywordMain.groovy:27)
	at com.kms.katalon.core.webui.keyword.builtin.ClickKeyword.click(ClickKeyword.groovy:86)
	at com.kms.katalon.core.webui.keyword.builtin.ClickKeyword.execute(ClickKeyword.groovy:67)
	at com.kms.katalon.core.keyword.internal.KeywordExecutor.executeKeywordForPlatform(KeywordExecutor.groovy:53)
	at com.kms.katalon.core.webui.keyword.WebUiBuiltInKeywords.click(WebUiBuiltInKeywords.groovy:616)
	at com.kms.katalon.core.webui.keyword.WebUiBuiltInKeywords$click$2.call(Unknown Source)
	at Script1534409664094.run(Script1534409664094.groovy:104)
	at com.kms.katalon.core.main.ScriptEngine.run(ScriptEngine.java:183)
	at com.kms.katalon.core.main.ScriptEngine.runScriptAsRawText(ScriptEngine.java:108)
	at com.kms.katalon.core.main.TestCaseExecutor.runScript(TestCaseExecutor.java:294)
	at com.kms.katalon.core.main.TestCaseExecutor.doExecute(TestCaseExecutor.java:285)
	at com.kms.katalon.core.main.TestCaseExecutor.processExecutionPhase(TestCaseExecutor.java:264)
	at com.kms.katalon.core.main.TestCaseExecutor.accessMainPhase(TestCaseExecutor.java:256)
	at com.kms.katalon.core.main.TestCaseExecutor.execute(TestCaseExecutor.java:200)
	at com.kms.katalon.core.main.TestCaseMain.runTestCase(TestCaseMain.java:99)
	at com.kms.katalon.core.keyword.builtin.CallTestCaseKeyword$_callTestCase_closure1.doCall(CallTestCaseKeyword.groovy:60)
	at com.kms.katalon.core.keyword.builtin.CallTestCaseKeyword$_callTestCase_closure1.call(CallTestCaseKeyword.groovy)
	at com.kms.katalon.core.keyword.internal.KeywordMain.runKeyword(KeywordMain.groovy:54)
	at com.kms.katalon.core.keyword.builtin.CallTestCaseKeyword.callTestCase(CallTestCaseKeyword.groovy:81)
	at com.kms.katalon.core.keyword.builtin.CallTestCaseKeyword.execute(CallTestCaseKeyword.groovy:45)
	at com.kms.katalon.core.keyword.internal.KeywordExecutor.executeKeywordForPlatform(KeywordExecutor.groovy:53)
	at com.kms.katalon.core.keyword.BuiltinKeywords.callTestCase(BuiltinKeywords.groovy:334)
	at sun.reflect.GeneratedMethodAccessor13.invoke(Unknown Source)
	at sun.reflect.DelegatingMethodAccessorImpl.invoke(DelegatingMethodAccessorImpl.java:43)
	at java.lang.reflect.Method.invoke(Method.java:498)
	at org.codehaus.groovy.reflection.CachedMethod.invoke(CachedMethod.java:93)
	at groovy.lang.MetaMethod.doMethodInvoke(MetaMethod.java:325)
	at groovy.lang.MetaClassImpl.invokeStaticMethod(MetaClassImpl.java:1469)
	at org.codehaus.groovy.runtime.callsite.StaticMetaClassSite.call(StaticMetaClassSite.java:53)
	at org.codehaus.groovy.runtime.callsite.AbstractCallSite.call(AbstractCallSite.java:141)
	at Script1536051799273.run(Script1536051799273.groovy:28)
	at com.kms.katalon.core.main.ScriptEngine.run(ScriptEngine.java:183)
	at com.kms.katalon.core.main.ScriptEngine.runScriptAsRawText(ScriptEngine.java:108)
	at com.kms.katalon.core.main.TestCaseExecutor.runScript(TestCaseExecutor.java:294)
	at com.kms.katalon.core.main.TestCaseExecutor.doExecute(TestCaseExecutor.java:285)
	at com.kms.katalon.core.main.TestCaseExecutor.processExecutionPhase(TestCaseExecutor.java:264)
	at com.kms.katalon.core.main.TestCaseExecutor.accessMainPhase(TestCaseExecutor.java:256)
	at com.kms.katalon.core.main.TestCaseExecutor.execute(TestCaseExecutor.java:200)
	at com.kms.katalon.core.main.TestCaseMain.runTestCase(TestCaseMain.java:99)
	at com.kms.katalon.core.keyword.builtin.CallTestCaseKeyword$_callTestCase_closure1.doCall(CallTestCaseKeyword.groovy:60)
	at com.kms.katalon.core.keyword.builtin.CallTestCaseKeyword$_callTestCase_closure1.call(CallTestCaseKeyword.groovy)
	at com.kms.katalon.core.keyword.internal.KeywordMain.runKeyword(KeywordMain.groovy:54)
	at com.kms.katalon.core.keyword.builtin.CallTestCaseKeyword.callTestCase(CallTestCaseKeyword.groovy:81)
	at com.kms.katalon.core.keyword.builtin.CallTestCaseKeyword.execute(CallTestCaseKeyword.groovy:45)
	at com.kms.katalon.core.keyword.internal.KeywordExecutor.executeKeywordForPlatform(KeywordExecutor.groovy:53)
	at com.kms.katalon.core.keyword.BuiltinKeywords.callTestCase(BuiltinKeywords.groovy:334)
	at sun.reflect.GeneratedMethodAccessor13.invoke(Unknown Source)
	at sun.reflect.DelegatingMethodAccessorImpl.invoke(DelegatingMethodAccessorImpl.java:43)
	at java.lang.reflect.Method.invoke(Method.java:498)
	at org.codehaus.groovy.reflection.CachedMethod.invoke(CachedMethod.java:93)
	at groovy.lang.MetaMethod.doMethodInvoke(MetaMethod.java:325)
	at groovy.lang.MetaClassImpl.invokeStaticMethod(MetaClassImpl.java:1469)
	at org.codehaus.groovy.runtime.callsite.StaticMetaClassSite.call(StaticMetaClassSite.java:53)
	at org.codehaus.groovy.runtime.callsite.CallSiteArray.defaultCall(CallSiteArray.java:48)
	at org.codehaus.groovy.runtime.callsite.AbstractCallSite.call(AbstractCallSite.java:113)
	at org.codehaus.groovy.runtime.callsite.AbstractCallSite.call(AbstractCallSite.java:141)
	at Script1536220866356.run(Script1536220866356.groovy:15)
	at com.kms.katalon.core.main.ScriptEngine.run(ScriptEngine.java:183)
	at com.kms.katalon.core.main.ScriptEngine.runScriptAsRawText(ScriptEngine.java:108)
	at com.kms.katalon.core.main.TestCaseExecutor.runScript(TestCaseExecutor.java:294)
	at com.kms.katalon.core.main.TestCaseExecutor.doExecute(TestCaseExecutor.java:285)
	at com.kms.katalon.core.main.TestCaseExecutor.processExecutionPhase(TestCaseExecutor.java:264)
	at com.kms.katalon.core.main.TestCaseExecutor.accessMainPhase(TestCaseExecutor.java:256)
	at com.kms.katalon.core.main.TestCaseExecutor.execute(TestCaseExecutor.java:200)
	at com.kms.katalon.core.main.TestSuiteExecutor.accessTestCaseMainPhase(TestSuiteExecutor.java:129)
	at com.kms.katalon.core.main.TestSuiteExecutor.accessTestSuiteMainPhase(TestSuiteExecutor.java:112)
	at com.kms.katalon.core.main.TestSuiteExecutor.execute(TestSuiteExecutor.java:81)
	at com.kms.katalon.core.main.TestCaseMain.startTestSuite(TestCaseMain.java:142)
	at com.kms.katalon.core.main.TestCaseMain$startTestSuite$0.call(Unknown Source)
	at org.codehaus.groovy.runtime.callsite.CallSiteArray.defaultCall(CallSiteArray.java:48)
	at org.codehaus.groovy.runtime.callsite.AbstractCallSite.call(AbstractCallSite.java:113)
	at org.codehaus.groovy.runtime.callsite.AbstractCallSite.call(AbstractCallSite.java:141)
	at TempTestSuite1540012262067.run(TempTestSuite1540012262067.groovy:36)
	at groovy.lang.GroovyShell.runScriptOrMainOrTestOrRunnable(GroovyShell.java:263)
	at groovy.lang.GroovyShell.run(GroovyShell.java:518)
	at groovy.lang.GroovyShell.run(GroovyShell.java:507)
	at groovy.ui.GroovyMain.processOnce(GroovyMain.java:653)
	at groovy.ui.GroovyMain.run(GroovyMain.java:384)
	at groovy.ui.GroovyMain.process(GroovyMain.java:370)
	at groovy.ui.GroovyMain.processArgs(GroovyMain.java:129)
	at groovy.ui.GroovyMain.main(GroovyMain.java:109)
	at sun.reflect.NativeMethodAccessorImpl.invoke0(Native Method)
	at sun.reflect.NativeMethodAccessorImpl.invoke(NativeMethodAccessorImpl.java:62)
	at sun.reflect.DelegatingMethodAccessorImpl.invoke(DelegatingMethodAccessorImpl.java:43)
	at java.lang.reflect.Method.invoke(Method.java:498)
	at org.codehaus.groovy.tools.GroovyStarter.rootLoader(GroovyStarter.java:109)
	at org.codehaus.groovy.tools.GroovyStarter.main(GroovyStarter.java:131)
)

2018-10-20 18:56:16 - [TEST_STEP][FAILED] - callTestCase: Unable to call Test Case with id 'Test Cases/Final Aug 2018 - PKS Automation/Registration Module/Workflow/Update Add New Employee/Template/New Company for Update Add New' (Root cause: Call Test Case 'Test Cases/Final Aug 2018 - PKS Automation/Registration Module/Workflow/Update Add New Employee/Template/New Company for Update Add New' failed)

2018-10-20 18:56:17 - [TEST_CASE][FAILED] - Test Cases/Final Aug 2018 - PKS Automation/Registration Module/Workflow/Update Add New Employee/Template/New Company for Update Add New: Test Cases/Final Aug 2018 - PKS Automation/Registration Module/Workflow/Update Add New Employee/Template/New Company for Update Add New FAILED because (of) (Stack trace: com.kms.katalon.core.exception.StepFailedException: Unable to click on object 'Object Repository/Final Object Repo/New Registration - Registration Module Pages/Third Screen - Upload Supporting Doc- Preview/Select to Upload Borang SIP 2' (Root cause: org.openqa.selenium.WebDriverException: unknown error: Element <span>...</span> is not clickable at point (151, 567). Other element would receive the click: <li class="select2-results__option" id="select2-_newreg_WAR_registrationportlet_objdocTypeId-result-5o2e-134" role="treeitem" aria-selected="false">...</li>
  (Session info: chrome=69.0.3497.100)
  (Driver info: chromedriver=2.35.528161 (5b82f2d2aae0ca24b877009200ced9065a772e73),platform=Windows NT 6.1.7601 SP1 x86_64) (WARNING: The server did not provide any stacktrace information)
Command duration or timeout: 0 milliseconds
Build info: version: '3.7.1', revision: '8a0099a', time: '2017-11-06T21:07:36.161Z'
System info: host: 'WEIZHENG', ip: '192.168.137.1', os.name: 'Windows 7', os.arch: 'amd64', os.version: '6.1', java.version: '1.8.0_181'
Driver info: com.kms.katalon.selenium.driver.CChromeDriver
Capabilities {acceptInsecureCerts: false, acceptSslCerts: false, applicationCacheEnabled: false, browserConnectionEnabled: false, browserName: chrome, chrome: {chromedriverVersion: 2.35.528161 (5b82f2d2aae0ca..., userDataDir: C:\Users\WEIZHE~1\AppData\L...}, cssSelectorsEnabled: true, databaseEnabled: false, handlesAlerts: true, hasTouchScreen: false, javascriptEnabled: true, locationContextEnabled: true, mobileEmulationEnabled: false, nativeEvents: true, networkConnectionEnabled: false, pageLoadStrategy: normal, platform: XP, platformName: XP, rotatable: false, setWindowRect: true, takesHeapSnapshot: true, takesScreenshot: true, unexpectedAlertBehaviour: , unhandledPromptBehavior: , version: 69.0.3497.100, webStorageEnabled: true}
Session ID: 2e4bb60e6c1459cbef05d89d7e6eac26)
	at com.kms.katalon.core.keyword.internal.KeywordMain.stepFailed(KeywordMain.groovy:32)
	at com.kms.katalon.core.webui.keyword.internal.WebUIKeywordMain.stepFailed(WebUIKeywordMain.groovy:65)
	at com.kms.katalon.core.webui.keyword.internal.WebUIKeywordMain.runKeyword(WebUIKeywordMain.groovy:27)
	at com.kms.katalon.core.webui.keyword.builtin.ClickKeyword.click(ClickKeyword.groovy:86)
	at com.kms.katalon.core.webui.keyword.builtin.ClickKeyword.execute(ClickKeyword.groovy:67)
	at com.kms.katalon.core.keyword.internal.KeywordExecutor.executeKeywordForPlatform(KeywordExecutor.groovy:53)
	at com.kms.katalon.core.webui.keyword.WebUiBuiltInKeywords.click(WebUiBuiltInKeywords.groovy:616)
	at com.kms.katalon.core.webui.keyword.WebUiBuiltInKeywords$click$2.call(Unknown Source)
	at Script1534409664094.run(Script1534409664094.groovy:104)
	at com.kms.katalon.core.main.ScriptEngine.run(ScriptEngine.java:183)
	at com.kms.katalon.core.main.ScriptEngine.runScriptAsRawText(ScriptEngine.java:108)
	at com.kms.katalon.core.main.TestCaseExecutor.runScript(TestCaseExecutor.java:294)
	at com.kms.katalon.core.main.TestCaseExecutor.doExecute(TestCaseExecutor.java:285)
	at com.kms.katalon.core.main.TestCaseExecutor.processExecutionPhase(TestCaseExecutor.java:264)
	at com.kms.katalon.core.main.TestCaseExecutor.accessMainPhase(TestCaseExecutor.java:256)
	at com.kms.katalon.core.main.TestCaseExecutor.execute(TestCaseExecutor.java:200)
	at com.kms.katalon.core.main.TestCaseMain.runTestCase(TestCaseMain.java:99)
	at com.kms.katalon.core.keyword.builtin.CallTestCaseKeyword$_callTestCase_closure1.doCall(CallTestCaseKeyword.groovy:60)
	at com.kms.katalon.core.keyword.builtin.CallTestCaseKeyword$_callTestCase_closure1.call(CallTestCaseKeyword.groovy)
	at com.kms.katalon.core.keyword.internal.KeywordMain.runKeyword(KeywordMain.groovy:54)
	at com.kms.katalon.core.keyword.builtin.CallTestCaseKeyword.callTestCase(CallTestCaseKeyword.groovy:81)
	at com.kms.katalon.core.keyword.builtin.CallTestCaseKeyword.execute(CallTestCaseKeyword.groovy:45)
	at com.kms.katalon.core.keyword.internal.KeywordExecutor.executeKeywordForPlatform(KeywordExecutor.groovy:53)
	at com.kms.katalon.core.keyword.BuiltinKeywords.callTestCase(BuiltinKeywords.groovy:334)
	at sun.reflect.GeneratedMethodAccessor13.invoke(Unknown Source)
	at sun.reflect.DelegatingMethodAccessorImpl.invoke(DelegatingMethodAccessorImpl.java:43)
	at java.lang.reflect.Method.invoke(Method.java:498)
	at org.codehaus.groovy.reflection.CachedMethod.invoke(CachedMethod.java:93)
	at groovy.lang.MetaMethod.doMethodInvoke(MetaMethod.java:325)
	at groovy.lang.MetaClassImpl.invokeStaticMethod(MetaClassImpl.java:1469)
	at org.codehaus.groovy.runtime.callsite.StaticMetaClassSite.call(StaticMetaClassSite.java:53)
	at org.codehaus.groovy.runtime.callsite.AbstractCallSite.call(AbstractCallSite.java:141)
	at Script1536051799273.run(Script1536051799273.groovy:28)
	at com.kms.katalon.core.main.ScriptEngine.run(ScriptEngine.java:183)
	at com.kms.katalon.core.main.ScriptEngine.runScriptAsRawText(ScriptEngine.java:108)
	at com.kms.katalon.core.main.TestCaseExecutor.runScript(TestCaseExecutor.java:294)
	at com.kms.katalon.core.main.TestCaseExecutor.doExecute(TestCaseExecutor.java:285)
	at com.kms.katalon.core.main.TestCaseExecutor.processExecutionPhase(TestCaseExecutor.java:264)
	at com.kms.katalon.core.main.TestCaseExecutor.accessMainPhase(TestCaseExecutor.java:256)
	at com.kms.katalon.core.main.TestCaseExecutor.execute(TestCaseExecutor.java:200)
	at com.kms.katalon.core.main.TestCaseMain.runTestCase(TestCaseMain.java:99)
	at com.kms.katalon.core.keyword.builtin.CallTestCaseKeyword$_callTestCase_closure1.doCall(CallTestCaseKeyword.groovy:60)
	at com.kms.katalon.core.keyword.builtin.CallTestCaseKeyword$_callTestCase_closure1.call(CallTestCaseKeyword.groovy)
	at com.kms.katalon.core.keyword.internal.KeywordMain.runKeyword(KeywordMain.groovy:54)
	at com.kms.katalon.core.keyword.builtin.CallTestCaseKeyword.callTestCase(CallTestCaseKeyword.groovy:81)
	at com.kms.katalon.core.keyword.builtin.CallTestCaseKeyword.execute(CallTestCaseKeyword.groovy:45)
	at com.kms.katalon.core.keyword.internal.KeywordExecutor.executeKeywordForPlatform(KeywordExecutor.groovy:53)
	at com.kms.katalon.core.keyword.BuiltinKeywords.callTestCase(BuiltinKeywords.groovy:334)
	at sun.reflect.GeneratedMethodAccessor13.invoke(Unknown Source)
	at sun.reflect.DelegatingMethodAccessorImpl.invoke(DelegatingMethodAccessorImpl.java:43)
	at java.lang.reflect.Method.invoke(Method.java:498)
	at org.codehaus.groovy.reflection.CachedMethod.invoke(CachedMethod.java:93)
	at groovy.lang.MetaMethod.doMethodInvoke(MetaMethod.java:325)
	at groovy.lang.MetaClassImpl.invokeStaticMethod(MetaClassImpl.java:1469)
	at org.codehaus.groovy.runtime.callsite.StaticMetaClassSite.call(StaticMetaClassSite.java:53)
	at org.codehaus.groovy.runtime.callsite.CallSiteArray.defaultCall(CallSiteArray.java:48)
	at org.codehaus.groovy.runtime.callsite.AbstractCallSite.call(AbstractCallSite.java:113)
	at org.codehaus.groovy.runtime.callsite.AbstractCallSite.call(AbstractCallSite.java:141)
	at Script1536220866356.run(Script1536220866356.groovy:15)
	at com.kms.katalon.core.main.ScriptEngine.run(ScriptEngine.java:183)
	at com.kms.katalon.core.main.ScriptEngine.runScriptAsRawText(ScriptEngine.java:108)
	at com.kms.katalon.core.main.TestCaseExecutor.runScript(TestCaseExecutor.java:294)
	at com.kms.katalon.core.main.TestCaseExecutor.doExecute(TestCaseExecutor.java:285)
	at com.kms.katalon.core.main.TestCaseExecutor.processExecutionPhase(TestCaseExecutor.java:264)
	at com.kms.katalon.core.main.TestCaseExecutor.accessMainPhase(TestCaseExecutor.java:256)
	at com.kms.katalon.core.main.TestCaseExecutor.execute(TestCaseExecutor.java:200)
	at com.kms.katalon.core.main.TestSuiteExecutor.accessTestCaseMainPhase(TestSuiteExecutor.java:129)
	at com.kms.katalon.core.main.TestSuiteExecutor.accessTestSuiteMainPhase(TestSuiteExecutor.java:112)
	at com.kms.katalon.core.main.TestSuiteExecutor.execute(TestSuiteExecutor.java:81)
	at com.kms.katalon.core.main.TestCaseMain.startTestSuite(TestCaseMain.java:142)
	at com.kms.katalon.core.main.TestCaseMain$startTestSuite$0.call(Unknown Source)
	at org.codehaus.groovy.runtime.callsite.CallSiteArray.defaultCall(CallSiteArray.java:48)
	at org.codehaus.groovy.runtime.callsite.AbstractCallSite.call(AbstractCallSite.java:113)
	at org.codehaus.groovy.runtime.callsite.AbstractCallSite.call(AbstractCallSite.java:141)
	at TempTestSuite1540012262067.run(TempTestSuite1540012262067.groovy:36)
	at groovy.lang.GroovyShell.runScriptOrMainOrTestOrRunnable(GroovyShell.java:263)
	at groovy.lang.GroovyShell.run(GroovyShell.java:518)
	at groovy.lang.GroovyShell.run(GroovyShell.java:507)
	at groovy.ui.GroovyMain.processOnce(GroovyMain.java:653)
	at groovy.ui.GroovyMain.run(GroovyMain.java:384)
	at groovy.ui.GroovyMain.process(GroovyMain.java:370)
	at groovy.ui.GroovyMain.processArgs(GroovyMain.java:129)
	at groovy.ui.GroovyMain.main(GroovyMain.java:109)
	at sun.reflect.NativeMethodAccessorImpl.invoke0(Native Method)
	at sun.reflect.NativeMethodAccessorImpl.invoke(NativeMethodAccessorImpl.java:62)
	at sun.reflect.DelegatingMethodAccessorImpl.invoke(DelegatingMethodAccessorImpl.java:43)
	at java.lang.reflect.Method.invoke(Method.java:498)
	at org.codehaus.groovy.tools.GroovyStarter.rootLoader(GroovyStarter.java:109)
	at org.codehaus.groovy.tools.GroovyStarter.main(GroovyStarter.java:131)
)

2018-10-20 18:56:17 - [TEST_STEP][PASSED] - callTestCase: Call Test Case 'Test Cases/Final Aug 2018 - PKS Automation/Registration Module/New Registration/Form 1/Form 1 - Corporation - BHD' successfully

2018-10-20 18:56:17 - [TEST_CASE][PASSED] - Test Cases/Final Aug 2018 - PKS Automation/Registration Module/New Registration/Form 1/Form 1 - Corporation - BHD: Test Cases/Final Aug 2018 - PKS Automation/Registration Module/New Registration/Form 1/Form 1 - Corporation - BHD

2018-10-20 18:56:17 - [TEST_STEP][PASSED] - openBrowser: Browser is opened with url: ''

2018-10-20 18:56:17 - [MESSAGE][WARNING] - A browser is already opened. Closing browser and opening a new one

2018-10-20 18:56:21 - [MESSAGE][PASSED] - Browser is opened with url: ''

2018-10-20 18:56:21 - [TEST_STEP][PASSED] - navigateToUrl: Navigate to 'https://assist2-uat.perkeso.gov.my/login' successfully

2018-10-20 18:56:23 - [MESSAGE][PASSED] - Navigate to 'https://assist2-uat.perkeso.gov.my/login' successfully

2018-10-20 18:56:23 - [TEST_STEP][PASSED] - setText: Text 'johorotc1@gmail.com' is set on object 'Object Repository/Final Object Repo/Login Page/Internal User/Email Address'

2018-10-20 18:56:23 - [MESSAGE][PASSED] - Text 'johorotc1@gmail.com' is set on object 'Object Repository/Final Object Repo/Login Page/Internal User/Email Address'

2018-10-20 18:56:23 - [TEST_STEP][PASSED] - click: Object: 'Object Repository/Final Object Repo/Login Page/Internal User/Next Button' is clicked on

2018-10-20 18:56:23 - [MESSAGE][PASSED] - Object: 'Object Repository/Final Object Repo/Login Page/Internal User/Next Button' is clicked on

2018-10-20 18:56:23 - [TEST_STEP][PASSED] - delay: Delayed 1 second(s)

2018-10-20 18:56:24 - [MESSAGE][PASSED] - Delayed 1 second(s)

2018-10-20 18:56:24 - [TEST_STEP][PASSED] - setEncryptedText: Text ****** has been set on object 'Object Repository/Final Object Repo/Login Page/Internal User/Password'

2018-10-20 18:56:24 - [MESSAGE][PASSED] - Text ****** has been set on object 'Object Repository/Final Object Repo/Login Page/Internal User/Password'

2018-10-20 18:56:24 - [TEST_STEP][PASSED] - click: Object: 'Object Repository/Final Object Repo/Login Page/Internal User/Login Button' is clicked on

2018-10-20 18:56:24 - [MESSAGE][PASSED] - Object: 'Object Repository/Final Object Repo/Login Page/Internal User/Login Button' is clicked on

2018-10-20 18:56:24 - [TEST_STEP][PASSED] - delay: Delayed 1 second(s)

2018-10-20 18:56:25 - [MESSAGE][PASSED] - Delayed 1 second(s)

2018-10-20 18:56:25 - [TEST_STEP][PASSED] - Statement - Try: Delayed 2 second(s)

2018-10-20 18:56:25 - [TEST_STEP][PASSED] - Statement - Checker = false: null

2018-10-20 18:56:25 - [TEST_STEP][PASSED] - Statement - Checker = com.kms.katalon.core.webui.keyword.WebUiBuiltInKeywords.verifyElementHasAttribute(com.kms.katalon.core.testobject.ObjectRepository.findTestObject(Final Object Repo/Landing Page/BM Detecting), "href", 20, OPTIONAL): Object 'Object Repository/Final Object Repo/Landing Page/BM Detecting' has attribute 'href'

2018-10-20 18:56:27 - [MESSAGE][PASSED] - Object 'Object Repository/Final Object Repo/Landing Page/BM Detecting' has attribute 'href'

2018-10-20 18:56:27 - [TEST_STEP][PASSED] - Statement - out.println(Checker): null

2018-10-20 18:56:27 - [TEST_STEP][PASSED] - Statement - If (Checker == false): null

2018-10-20 18:56:27 - [TEST_STEP][PASSED] - Statement - Else: null

2018-10-20 18:56:27 - [TEST_STEP][PASSED] - delay: Delayed 2 second(s)

2018-10-20 18:56:29 - [MESSAGE][PASSED] - Delayed 2 second(s)

2018-10-20 18:56:29 - [TEST_STEP][PASSED] - navigateToUrl: Navigate to 'https://assist2-uat.perkeso.gov.my/web/registration/registration' successfully

2018-10-20 18:56:31 - [MESSAGE][PASSED] - Navigate to 'https://assist2-uat.perkeso.gov.my/web/registration/registration' successfully

2018-10-20 18:56:31 - [TEST_STEP][PASSED] - click: Object: 'Object Repository/Final Object Repo/New Registration - Registration Module Pages/Form 1/AEC - No' is clicked on

2018-10-20 18:56:31 - [MESSAGE][PASSED] - Object: 'Object Repository/Final Object Repo/New Registration - Registration Module Pages/Form 1/AEC - No' is clicked on

2018-10-20 18:56:31 - [TEST_STEP][PASSED] - click: Object: 'Object Repository/Final Object Repo/New Registration - Registration Module Pages/Form 1/Business Entity' is clicked on

2018-10-20 18:56:31 - [MESSAGE][PASSED] - Object: 'Object Repository/Final Object Repo/New Registration - Registration Module Pages/Form 1/Business Entity' is clicked on

2018-10-20 18:56:31 - [TEST_STEP][PASSED] - click: Object: 'Object Repository/Final Object Repo/New Registration - Registration Module Pages/Form 1/Businees Entity - Corporation' is clicked on

2018-10-20 18:56:31 - [MESSAGE][PASSED] - Object: 'Object Repository/Final Object Repo/New Registration - Registration Module Pages/Form 1/Businees Entity - Corporation' is clicked on

2018-10-20 18:56:31 - [TEST_STEP][PASSED] - delay: Delayed 1 second(s)

2018-10-20 18:56:32 - [MESSAGE][PASSED] - Delayed 1 second(s)

2018-10-20 18:56:32 - [TEST_STEP][PASSED] - click: Object: 'Object Repository/Final Object Repo/New Registration - Registration Module Pages/Form 1/Sub Business Entity' is clicked on

2018-10-20 18:56:33 - [MESSAGE][PASSED] - Object: 'Object Repository/Final Object Repo/New Registration - Registration Module Pages/Form 1/Sub Business Entity' is clicked on

2018-10-20 18:56:33 - [TEST_STEP][PASSED] - click: Object: 'Object Repository/Final Object Repo/New Registration - Registration Module Pages/Form 1/Sub Business Entity - Berhad' is clicked on

2018-10-20 18:56:33 - [MESSAGE][PASSED] - Object: 'Object Repository/Final Object Repo/New Registration - Registration Module Pages/Form 1/Sub Business Entity - Berhad' is clicked on

2018-10-20 18:56:33 - [TEST_STEP][PASSED] - delay: Delayed 1 second(s)

2018-10-20 18:56:34 - [MESSAGE][PASSED] - Delayed 1 second(s)

2018-10-20 18:56:34 - [TEST_STEP][PASSED] - setText: Text '123' is set on object 'Object Repository/Final Object Repo/New Registration - Registration Module Pages/Form 1/Registration Number'

2018-10-20 18:56:34 - [MESSAGE][PASSED] - Text '123' is set on object 'Object Repository/Final Object Repo/New Registration - Registration Module Pages/Form 1/Registration Number'

2018-10-20 18:56:34 - [TEST_STEP][PASSED] - click: Object: 'Object Repository/Final Object Repo/New Registration - Registration Module Pages/Form 1/Registred with SSM - Before Feb' is clicked on

2018-10-20 18:56:34 - [MESSAGE][PASSED] - Object: 'Object Repository/Final Object Repo/New Registration - Registration Module Pages/Form 1/Registred with SSM - Before Feb' is clicked on

2018-10-20 18:56:34 - [TEST_STEP][PASSED] - click: Object: 'Object Repository/Final Object Repo/New Registration - Registration Module Pages/Form 1/Registered As a Branch - Yes' is clicked on

2018-10-20 18:56:34 - [MESSAGE][PASSED] - Object: 'Object Repository/Final Object Repo/New Registration - Registration Module Pages/Form 1/Registered As a Branch - Yes' is clicked on

2018-10-20 18:56:34 - [TEST_STEP][PASSED] - click: Object: 'Object Repository/Final Object Repo/New Registration - Registration Module Pages/Form 1/Acknowledgement' is clicked on

2018-10-20 18:56:34 - [MESSAGE][PASSED] - Object: 'Object Repository/Final Object Repo/New Registration - Registration Module Pages/Form 1/Acknowledgement' is clicked on

2018-10-20 18:56:34 - [TEST_STEP][PASSED] - setText: Text 'perkeso' is set on object 'Object Repository/Final Object Repo/New Registration - Registration Module Pages/Form 1/Industry name'

2018-10-20 18:56:35 - [MESSAGE][PASSED] - Text 'perkeso' is set on object 'Object Repository/Final Object Repo/New Registration - Registration Module Pages/Form 1/Industry name'

2018-10-20 18:56:35 - [TEST_STEP][PASSED] - setText: Text 'perkeso1' is set on object 'Object Repository/Final Object Repo/New Registration - Registration Module Pages/Form 1/Postal Address1'

2018-10-20 18:56:35 - [MESSAGE][PASSED] - Text 'perkeso1' is set on object 'Object Repository/Final Object Repo/New Registration - Registration Module Pages/Form 1/Postal Address1'

2018-10-20 18:56:35 - [TEST_STEP][PASSED] - setText: Text 'perkeso2' is set on object 'Object Repository/Final Object Repo/New Registration - Registration Module Pages/Form 1/Postal Address2'

2018-10-20 18:56:35 - [MESSAGE][PASSED] - Text 'perkeso2' is set on object 'Object Repository/Final Object Repo/New Registration - Registration Module Pages/Form 1/Postal Address2'

2018-10-20 18:56:35 - [TEST_STEP][PASSED] - setText: Text 'perkeso3' is set on object 'Object Repository/Final Object Repo/New Registration - Registration Module Pages/Form 1/Postal Address3'

2018-10-20 18:56:35 - [MESSAGE][PASSED] - Text 'perkeso3' is set on object 'Object Repository/Final Object Repo/New Registration - Registration Module Pages/Form 1/Postal Address3'

2018-10-20 18:56:35 - [TEST_STEP][PASSED] - click: Object: 'Object Repository/Final Object Repo/New Registration - Registration Module Pages/Form 1/State' is clicked on

2018-10-20 18:56:36 - [MESSAGE][PASSED] - Object: 'Object Repository/Final Object Repo/New Registration - Registration Module Pages/Form 1/State' is clicked on

2018-10-20 18:56:36 - [TEST_STEP][PASSED] - click: Object: 'Object Repository/Final Object Repo/New Registration - Registration Module Pages/Form 1/State - Johor' is clicked on

2018-10-20 18:56:36 - [MESSAGE][PASSED] - Object: 'Object Repository/Final Object Repo/New Registration - Registration Module Pages/Form 1/State - Johor' is clicked on

2018-10-20 18:56:36 - [TEST_STEP][PASSED] - delay: Delayed 1 second(s)

2018-10-20 18:56:37 - [MESSAGE][PASSED] - Delayed 1 second(s)

2018-10-20 18:56:37 - [TEST_STEP][PASSED] - click: Object: 'Object Repository/Final Object Repo/New Registration - Registration Module Pages/Form 1/City' is clicked on

2018-10-20 18:56:37 - [MESSAGE][PASSED] - Object: 'Object Repository/Final Object Repo/New Registration - Registration Module Pages/Form 1/City' is clicked on

2018-10-20 18:56:37 - [TEST_STEP][PASSED] - setText: Text 'joh' is set on object 'Object Repository/Final Object Repo/New Registration - Registration Module Pages/Form 1/Postcode - 810'

2018-10-20 18:56:37 - [MESSAGE][PASSED] - Text 'joh' is set on object 'Object Repository/Final Object Repo/New Registration - Registration Module Pages/Form 1/Postcode - 810'

2018-10-20 18:56:37 - [TEST_STEP][PASSED] - delay: Delayed 1 second(s)

2018-10-20 18:56:38 - [MESSAGE][PASSED] - Delayed 1 second(s)

2018-10-20 18:56:38 - [TEST_STEP][PASSED] - click: Object: 'Object Repository/Final Object Repo/New Registration - Registration Module Pages/Form 1/City - Johor Bharu' is clicked on

2018-10-20 18:56:38 - [MESSAGE][PASSED] - Object: 'Object Repository/Final Object Repo/New Registration - Registration Module Pages/Form 1/City - Johor Bharu' is clicked on

2018-10-20 18:56:38 - [TEST_STEP][PASSED] - delay: Delayed 1 second(s)

2018-10-20 18:56:39 - [MESSAGE][PASSED] - Delayed 1 second(s)

2018-10-20 18:56:39 - [TEST_STEP][PASSED] - click: Object: 'Object Repository/Final Object Repo/New Registration - Registration Module Pages/Form 1/Postcode' is clicked on

2018-10-20 18:56:39 - [MESSAGE][PASSED] - Object: 'Object Repository/Final Object Repo/New Registration - Registration Module Pages/Form 1/Postcode' is clicked on

2018-10-20 18:56:39 - [TEST_STEP][PASSED] - delay: Delayed 1 second(s)

2018-10-20 18:56:40 - [MESSAGE][PASSED] - Delayed 1 second(s)

2018-10-20 18:56:40 - [TEST_STEP][PASSED] - setText: Text '810' is set on object 'Object Repository/Final Object Repo/New Registration - Registration Module Pages/Form 1/Postcode - 810'

2018-10-20 18:56:41 - [MESSAGE][PASSED] - Text '810' is set on object 'Object Repository/Final Object Repo/New Registration - Registration Module Pages/Form 1/Postcode - 810'

2018-10-20 18:56:41 - [TEST_STEP][PASSED] - delay: Delayed 3 second(s)

2018-10-20 18:56:44 - [MESSAGE][PASSED] - Delayed 3 second(s)

2018-10-20 18:56:44 - [TEST_STEP][PASSED] - click: Object: 'Object Repository/Final Object Repo/New Registration - Registration Module Pages/Form 1/Postcode - 81000' is clicked on

2018-10-20 18:56:44 - [MESSAGE][PASSED] - Object: 'Object Repository/Final Object Repo/New Registration - Registration Module Pages/Form 1/Postcode - 81000' is clicked on

2018-10-20 18:56:44 - [TEST_STEP][PASSED] - delay: Delayed 1 second(s)

2018-10-20 18:56:45 - [MESSAGE][PASSED] - Delayed 1 second(s)

2018-10-20 18:56:45 - [TEST_STEP][PASSED] - setText: Text '100' is set on object 'Object Repository/Final Object Repo/New Registration - Registration Module Pages/Form 1/P.O.BOX'

2018-10-20 18:56:45 - [MESSAGE][PASSED] - Text '100' is set on object 'Object Repository/Final Object Repo/New Registration - Registration Module Pages/Form 1/P.O.BOX'

2018-10-20 18:56:45 - [TEST_STEP][PASSED] - setText: Text '100' is set on object 'Object Repository/Final Object Repo/New Registration - Registration Module Pages/Form 1/Locked Bag No'

2018-10-20 18:56:45 - [MESSAGE][PASSED] - Text '100' is set on object 'Object Repository/Final Object Repo/New Registration - Registration Module Pages/Form 1/Locked Bag No'

2018-10-20 18:56:45 - [TEST_STEP][PASSED] - click: Object: 'Object Repository/Final Object Repo/New Registration - Registration Module Pages/Form 1/SOCSO Office Location' is clicked on

2018-10-20 18:56:45 - [MESSAGE][PASSED] - Object: 'Object Repository/Final Object Repo/New Registration - Registration Module Pages/Form 1/SOCSO Office Location' is clicked on

2018-10-20 18:56:45 - [TEST_STEP][PASSED] - click: Object: 'Object Repository/Final Object Repo/New Registration - Registration Module Pages/Form 1/SOCSO Office Location - Pejabat PERKESO Negeri Johor' is clicked on

2018-10-20 18:56:46 - [MESSAGE][PASSED] - Object: 'Object Repository/Final Object Repo/New Registration - Registration Module Pages/Form 1/SOCSO Office Location - Pejabat PERKESO Negeri Johor' is clicked on

2018-10-20 18:56:46 - [TEST_STEP][PASSED] - delay: Delayed 1 second(s)

2018-10-20 18:56:47 - [MESSAGE][PASSED] - Delayed 1 second(s)

2018-10-20 18:56:47 - [TEST_STEP][PASSED] - check: Object 'Object Repository/Final Object Repo/New Registration - Registration Module Pages/Form 1/Indusrty Address Same As Postal Address' is checked

2018-10-20 18:56:47 - [MESSAGE][PASSED] - Object 'Object Repository/Final Object Repo/New Registration - Registration Module Pages/Form 1/Indusrty Address Same As Postal Address' is checked

2018-10-20 18:56:47 - [TEST_STEP][PASSED] - delay: Delayed 3 second(s)

2018-10-20 18:56:50 - [MESSAGE][PASSED] - Delayed 3 second(s)

2018-10-20 18:56:50 - [TEST_STEP][PASSED] - click: Object: 'Object Repository/Final Object Repo/New Registration - Registration Module Pages/Form 1/Indusry Address Same As Postal Address False' is clicked on

2018-10-20 18:56:50 - [MESSAGE][PASSED] - Object: 'Object Repository/Final Object Repo/New Registration - Registration Module Pages/Form 1/Indusry Address Same As Postal Address False' is clicked on

2018-10-20 18:56:50 - [TEST_STEP][PASSED] - delay: Delayed 1 second(s)

2018-10-20 18:56:51 - [MESSAGE][PASSED] - Delayed 1 second(s)

2018-10-20 18:56:51 - [TEST_STEP][PASSED] - setText: Text 'perkeso1' is set on object 'Object Repository/Final Object Repo/New Registration - Registration Module Pages/Form 1/Industry Address1'

2018-10-20 18:56:51 - [MESSAGE][PASSED] - Text 'perkeso1' is set on object 'Object Repository/Final Object Repo/New Registration - Registration Module Pages/Form 1/Industry Address1'

2018-10-20 18:56:51 - [TEST_STEP][PASSED] - setText: Text 'perkeso2' is set on object 'Object Repository/Final Object Repo/New Registration - Registration Module Pages/Form 1/Industry Address2'

2018-10-20 18:56:52 - [MESSAGE][PASSED] - Text 'perkeso2' is set on object 'Object Repository/Final Object Repo/New Registration - Registration Module Pages/Form 1/Industry Address2'

2018-10-20 18:56:52 - [TEST_STEP][PASSED] - setText: Text 'perkeso3' is set on object 'Object Repository/Final Object Repo/New Registration - Registration Module Pages/Form 1/Industry Address3'

2018-10-20 18:56:52 - [MESSAGE][PASSED] - Text 'perkeso3' is set on object 'Object Repository/Final Object Repo/New Registration - Registration Module Pages/Form 1/Industry Address3'

2018-10-20 18:56:52 - [TEST_STEP][PASSED] - click: Object: 'Object Repository/Final Object Repo/New Registration - Registration Module Pages/Form 1/Industry State' is clicked on

2018-10-20 18:56:52 - [MESSAGE][PASSED] - Object: 'Object Repository/Final Object Repo/New Registration - Registration Module Pages/Form 1/Industry State' is clicked on

2018-10-20 18:56:52 - [TEST_STEP][PASSED] - delay: Delayed 2 second(s)

2018-10-20 18:56:54 - [MESSAGE][PASSED] - Delayed 2 second(s)

2018-10-20 18:56:54 - [TEST_STEP][PASSED] - click: Object: 'Object Repository/Final Object Repo/New Registration - Registration Module Pages/Form 1/Industry State - Johor' is clicked on

2018-10-20 18:56:54 - [MESSAGE][PASSED] - Object: 'Object Repository/Final Object Repo/New Registration - Registration Module Pages/Form 1/Industry State - Johor' is clicked on

2018-10-20 18:56:54 - [TEST_STEP][PASSED] - delay: Delayed 2 second(s)

2018-10-20 18:56:56 - [MESSAGE][PASSED] - Delayed 2 second(s)

2018-10-20 18:56:56 - [TEST_STEP][PASSED] - click: Object: 'Object Repository/Final Object Repo/New Registration - Registration Module Pages/Form 1/Industry Ciry' is clicked on

2018-10-20 18:56:56 - [MESSAGE][PASSED] - Object: 'Object Repository/Final Object Repo/New Registration - Registration Module Pages/Form 1/Industry Ciry' is clicked on

2018-10-20 18:56:56 - [TEST_STEP][PASSED] - setText: Text 'joh' is set on object 'Object Repository/Final Object Repo/New Registration - Registration Module Pages/Form 1/Industry Ciry - joh'

2018-10-20 18:56:57 - [MESSAGE][PASSED] - Text 'joh' is set on object 'Object Repository/Final Object Repo/New Registration - Registration Module Pages/Form 1/Industry Ciry - joh'

2018-10-20 18:56:57 - [TEST_STEP][PASSED] - delay: Delayed 2 second(s)

2018-10-20 18:56:59 - [MESSAGE][PASSED] - Delayed 2 second(s)

2018-10-20 18:56:59 - [TEST_STEP][PASSED] - click: Object: 'Object Repository/Final Object Repo/New Registration - Registration Module Pages/Form 1/Industy State - Johor Bharu' is clicked on

2018-10-20 18:56:59 - [MESSAGE][PASSED] - Object: 'Object Repository/Final Object Repo/New Registration - Registration Module Pages/Form 1/Industy State - Johor Bharu' is clicked on

2018-10-20 18:56:59 - [TEST_STEP][PASSED] - delay: Delayed 1 second(s)

2018-10-20 18:57:00 - [MESSAGE][PASSED] - Delayed 1 second(s)

2018-10-20 18:57:00 - [TEST_STEP][PASSED] - click: Object: 'Object Repository/Final Object Repo/New Registration - Registration Module Pages/Form 1/Indusry PostCode' is clicked on

2018-10-20 18:57:00 - [MESSAGE][PASSED] - Object: 'Object Repository/Final Object Repo/New Registration - Registration Module Pages/Form 1/Indusry PostCode' is clicked on

2018-10-20 18:57:00 - [TEST_STEP][PASSED] - delay: Delayed 1 second(s)

2018-10-20 18:57:01 - [MESSAGE][PASSED] - Delayed 1 second(s)

2018-10-20 18:57:01 - [TEST_STEP][PASSED] - setText: Text '810' is set on object 'Object Repository/Final Object Repo/New Registration - Registration Module Pages/Form 1/Insutry Post Code - 810'

2018-10-20 18:57:01 - [MESSAGE][PASSED] - Text '810' is set on object 'Object Repository/Final Object Repo/New Registration - Registration Module Pages/Form 1/Insutry Post Code - 810'

2018-10-20 18:57:01 - [TEST_STEP][PASSED] - delay: Delayed 1 second(s)

2018-10-20 18:57:02 - [MESSAGE][PASSED] - Delayed 1 second(s)

2018-10-20 18:57:02 - [TEST_STEP][PASSED] - click: Object: 'Object Repository/Final Object Repo/New Registration - Registration Module Pages/Form 1/Insutry Post Code - 81000' is clicked on

2018-10-20 18:57:02 - [MESSAGE][PASSED] - Object: 'Object Repository/Final Object Repo/New Registration - Registration Module Pages/Form 1/Insutry Post Code - 81000' is clicked on

2018-10-20 18:57:02 - [TEST_STEP][PASSED] - delay: Delayed 1 second(s)

2018-10-20 18:57:03 - [MESSAGE][PASSED] - Delayed 1 second(s)

2018-10-20 18:57:03 - [TEST_STEP][PASSED] - setText: Text '100' is set on object 'Object Repository/Final Object Repo/New Registration - Registration Module Pages/Form 1/Industry P.O.BOX'

2018-10-20 18:57:04 - [MESSAGE][PASSED] - Text '100' is set on object 'Object Repository/Final Object Repo/New Registration - Registration Module Pages/Form 1/Industry P.O.BOX'

2018-10-20 18:57:04 - [TEST_STEP][PASSED] - setText: Text '100' is set on object 'Object Repository/Final Object Repo/New Registration - Registration Module Pages/Form 1/Industry Locked Bag No'

2018-10-20 18:57:04 - [MESSAGE][PASSED] - Text '100' is set on object 'Object Repository/Final Object Repo/New Registration - Registration Module Pages/Form 1/Industry Locked Bag No'

2018-10-20 18:57:04 - [TEST_STEP][PASSED] - setText: Text '123456789' is set on object 'Object Repository/Final Object Repo/New Registration - Registration Module Pages/Form 1/Telephone No'

2018-10-20 18:57:04 - [MESSAGE][PASSED] - Text '123456789' is set on object 'Object Repository/Final Object Repo/New Registration - Registration Module Pages/Form 1/Telephone No'

2018-10-20 18:57:04 - [TEST_STEP][PASSED] - setText: Text '123456789' is set on object 'Object Repository/Final Object Repo/New Registration - Registration Module Pages/Form 1/Mobile No'

2018-10-20 18:57:04 - [MESSAGE][PASSED] - Text '123456789' is set on object 'Object Repository/Final Object Repo/New Registration - Registration Module Pages/Form 1/Mobile No'

2018-10-20 18:57:04 - [TEST_STEP][PASSED] - setText: Text '123456789' is set on object 'Object Repository/Final Object Repo/New Registration - Registration Module Pages/Form 1/Fax No'

2018-10-20 18:57:05 - [MESSAGE][PASSED] - Text '123456789' is set on object 'Object Repository/Final Object Repo/New Registration - Registration Module Pages/Form 1/Fax No'

2018-10-20 18:57:05 - [TEST_STEP][PASSED] - click: Object: 'Object Repository/Final Object Repo/New Registration - Registration Module Pages/Form 1/Industry Code' is clicked on

2018-10-20 18:57:05 - [MESSAGE][PASSED] - Object: 'Object Repository/Final Object Repo/New Registration - Registration Module Pages/Form 1/Industry Code' is clicked on

2018-10-20 18:57:05 - [TEST_STEP][PASSED] - click: Object: 'Object Repository/Final Object Repo/New Registration - Registration Module Pages/Form 1/Indudustry Code - Crops and Animal' is clicked on

2018-10-20 18:57:05 - [MESSAGE][PASSED] - Object: 'Object Repository/Final Object Repo/New Registration - Registration Module Pages/Form 1/Indudustry Code - Crops and Animal' is clicked on

2018-10-20 18:57:05 - [TEST_STEP][PASSED] - delay: Delayed 1 second(s)

2018-10-20 18:57:06 - [MESSAGE][PASSED] - Delayed 1 second(s)

2018-10-20 18:57:06 - [TEST_STEP][PASSED] - click: Object: 'Object Repository/Final Object Repo/New Registration - Registration Module Pages/Form 1/Sub Industry Code List' is clicked on

2018-10-20 18:57:06 - [MESSAGE][PASSED] - Object: 'Object Repository/Final Object Repo/New Registration - Registration Module Pages/Form 1/Sub Industry Code List' is clicked on

2018-10-20 18:57:06 - [TEST_STEP][PASSED] - click: Object: 'Object Repository/Final Object Repo/New Registration - Registration Module Pages/Form 1/Sub Industry Code List - Growing of Maize' is clicked on

2018-10-20 18:57:06 - [MESSAGE][PASSED] - Object: 'Object Repository/Final Object Repo/New Registration - Registration Module Pages/Form 1/Sub Industry Code List - Growing of Maize' is clicked on

2018-10-20 18:57:06 - [TEST_STEP][PASSED] - setText: Text 'perkeso123@gmail.com' is set on object 'Object Repository/Final Object Repo/New Registration - Registration Module Pages/Form 1/Email'

2018-10-20 18:57:07 - [MESSAGE][PASSED] - Text 'perkeso123@gmail.com' is set on object 'Object Repository/Final Object Repo/New Registration - Registration Module Pages/Form 1/Email'

2018-10-20 18:57:07 - [TEST_STEP][PASSED] - click: Object: 'Object Repository/Final Object Repo/New Registration - Registration Module Pages/Form 1/Method of Contribution Payment' is clicked on

2018-10-20 18:57:07 - [MESSAGE][PASSED] - Object: 'Object Repository/Final Object Repo/New Registration - Registration Module Pages/Form 1/Method of Contribution Payment' is clicked on

2018-10-20 18:57:07 - [TEST_STEP][PASSED] - click: Object: 'Object Repository/Final Object Repo/New Registration - Registration Module Pages/Form 1/Method of Contribution Payment - Portal' is clicked on

2018-10-20 18:57:07 - [MESSAGE][PASSED] - Object: 'Object Repository/Final Object Repo/New Registration - Registration Module Pages/Form 1/Method of Contribution Payment - Portal' is clicked on

2018-10-20 18:57:07 - [TEST_STEP][PASSED] - click: Object: 'Object Repository/Final Object Repo/New Registration - Registration Module Pages/Form 1/Servide Type' is clicked on

2018-10-20 18:57:07 - [MESSAGE][PASSED] - Object: 'Object Repository/Final Object Repo/New Registration - Registration Module Pages/Form 1/Servide Type' is clicked on

2018-10-20 18:57:07 - [TEST_STEP][PASSED] - click: Object: 'Object Repository/Final Object Repo/New Registration - Registration Module Pages/Form 1/Servide Type - Professional Bodies' is clicked on

2018-10-20 18:57:07 - [MESSAGE][PASSED] - Object: 'Object Repository/Final Object Repo/New Registration - Registration Module Pages/Form 1/Servide Type - Professional Bodies' is clicked on

2018-10-20 18:57:07 - [TEST_STEP][PASSED] - click: Object: 'Object Repository/Final Object Repo/New Registration - Registration Module Pages/Form 1/Industry Venue' is clicked on

2018-10-20 18:57:08 - [MESSAGE][PASSED] - Object: 'Object Repository/Final Object Repo/New Registration - Registration Module Pages/Form 1/Industry Venue' is clicked on

2018-10-20 18:57:08 - [TEST_STEP][PASSED] - click: Object: 'Object Repository/Final Object Repo/New Registration - Registration Module Pages/Form 1/Industry Venue -  PPN JOHOR' is clicked on

2018-10-20 18:57:08 - [MESSAGE][PASSED] - Object: 'Object Repository/Final Object Repo/New Registration - Registration Module Pages/Form 1/Industry Venue -  PPN JOHOR' is clicked on

2018-10-20 18:57:08 - [TEST_STEP][PASSED] - click: Object: 'Object Repository/Final Object Repo/New Registration - Registration Module Pages/Form 1/Save  Continue' is clicked on

2018-10-20 18:57:08 - [MESSAGE][PASSED] - Object: 'Object Repository/Final Object Repo/New Registration - Registration Module Pages/Form 1/Save  Continue' is clicked on

2018-10-20 18:57:08 - [MESSAGE][PASSED] - Call Test Case 'Test Cases/Final Aug 2018 - PKS Automation/Registration Module/New Registration/Form 1/Form 1 - Corporation - BHD' successfully

2018-10-20 18:57:08 - [TEST_STEP][PASSED] - callTestCase: Call Test Case 'Test Cases/Final Aug 2018 - PKS Automation/Registration Module/New Registration/Form 2/Add 1 Eligible' successfully

2018-10-20 18:57:08 - [TEST_CASE][PASSED] - Test Cases/Final Aug 2018 - PKS Automation/Registration Module/New Registration/Form 2/Add 1 Eligible: Test Cases/Final Aug 2018 - PKS Automation/Registration Module/New Registration/Form 2/Add 1 Eligible

2018-10-20 18:57:08 - [TEST_STEP][PASSED] - delay: Delayed 2 second(s)

2018-10-20 18:57:10 - [MESSAGE][PASSED] - Delayed 2 second(s)

2018-10-20 18:57:10 - [TEST_STEP][PASSED] - callTestCase: Call Test Case 'Test Cases/Final Aug 2018 - PKS Automation/Registration Module/New Registration/Form 2/Date Updater' successfully

2018-10-20 18:57:10 - [TEST_CASE][PASSED] - Test Cases/Final Aug 2018 - PKS Automation/Registration Module/New Registration/Form 2/Date Updater: Test Cases/Final Aug 2018 - PKS Automation/Registration Module/New Registration/Form 2/Date Updater

2018-10-20 18:57:10 - [TEST_STEP][PASSED] - Statement - TodayDate = new java.util.Date(): null

2018-10-20 18:57:10 - [TEST_STEP][PASSED] - Statement - CurrentDateNoFilter = new java.text.SimpleDateFormat(): null

2018-10-20 18:57:10 - [TEST_STEP][PASSED] - Statement - CurrentDateNoFilter.applyPattern("dd"): null

2018-10-20 18:57:10 - [TEST_STEP][PASSED] - Statement - CurrentDate = CurrentDateNoFilter.format(TodayDate): null

2018-10-20 18:57:10 - [TEST_STEP][PASSED] - Statement - CurrentDate = java.lang.Integer.parseInt(CurrentDate): null

2018-10-20 18:57:10 - [TEST_STEP][PASSED] - Statement - CurrentDate = CurrentDate: null

2018-10-20 18:57:10 - [TEST_STEP][PASSED] - Statement - CurrentDay = java.lang.Integer.parseInt(CurrentDate): null

2018-10-20 18:57:10 - [TEST_STEP][PASSED] - Statement - aDayBefore = CurrentDay + 1: null

2018-10-20 18:57:10 - [TEST_STEP][PASSED] - Statement - DayBefore = aDayBefore.toString(): null

2018-10-20 18:57:10 - [TEST_STEP][PASSED] - Statement - OneDayBefore = DayBefore: null

2018-10-20 18:57:10 - [TEST_STEP][PASSED] - Statement - CurrentDateNoFilter.applyPattern("MM"): null

2018-10-20 18:57:10 - [TEST_STEP][PASSED] - Statement - monthContainerMatcher = java.lang.Integer.parseInt(CurrentDateNoFilter.format(TodayDate)): null

2018-10-20 18:57:10 - [TEST_STEP][PASSED] - Statement - monthContainerMatcher = monthContainerMatcher - 1: null

2018-10-20 18:57:10 - [TEST_STEP][PASSED] - Statement - CurrentMonth = monthContainerMatcher.toString(): null

2018-10-20 18:57:10 - [TEST_STEP][PASSED] - Statement - CurrentMonth = CurrentMonth: null

2018-10-20 18:57:10 - [TEST_STEP][PASSED] - Statement - CurrentDateNoFilter.applyPattern("yyyy"): null

2018-10-20 18:57:10 - [TEST_STEP][PASSED] - Statement - CurrentYear = CurrentDateNoFilter.format(TodayDate): null

2018-10-20 18:57:10 - [TEST_STEP][PASSED] - Statement - CurrentYear = CurrentYear: null

2018-10-20 18:57:10 - [TEST_STEP][PASSED] - Statement - intCurrentYear = java.lang.Integer.parseInt(CurrentDateNoFilter.format(TodayDate)): null

2018-10-20 18:57:10 - [TEST_STEP][PASSED] - Statement - eighteenYrsAgo = intCurrentYear - 18: null

2018-10-20 18:57:10 - [TEST_STEP][PASSED] - Statement - eighteenYrsBeforeThisYr = eighteenYrsAgo.toString(): null

2018-10-20 18:57:10 - [TEST_STEP][PASSED] - Statement - EighteenYrsBefore = eighteenYrsBeforeThisYr: null

2018-10-20 18:57:10 - [TEST_STEP][PASSED] - Statement - fiftysevenYrsAgo = intCurrentYear - 57: null

2018-10-20 18:57:10 - [TEST_STEP][PASSED] - Statement - fiftysevenYrsBeforeThisYr = fiftysevenYrsAgo.toString(): null

2018-10-20 18:57:10 - [TEST_STEP][PASSED] - Statement - FiftysevenYrsBefore = fiftysevenYrsBeforeThisYr: null

2018-10-20 18:57:10 - [MESSAGE][PASSED] - Call Test Case 'Test Cases/Final Aug 2018 - PKS Automation/Registration Module/New Registration/Form 2/Date Updater' successfully

2018-10-20 18:57:10 - [TEST_STEP][PASSED] - delay: Delayed 1 second(s)

2018-10-20 18:57:11 - [MESSAGE][PASSED] - Delayed 1 second(s)

2018-10-20 18:57:11 - [TEST_STEP][PASSED] - Statement - CaseReferenceNo = com.kms.katalon.core.webui.keyword.WebUiBuiltInKeywords.getText(com.kms.katalon.core.testobject.ObjectRepository.findTestObject(Final Object Repo/New Registration - Registration Module Pages/Form 2/RefNo Acquiring)): Text of object 'Object Repository/Final Object Repo/New Registration - Registration Module Pages/Form 2/RefNo Acquiring' is: 'CRN10201800122313'

2018-10-20 18:57:11 - [MESSAGE][PASSED] - Text of object 'Object Repository/Final Object Repo/New Registration - Registration Module Pages/Form 2/RefNo Acquiring' is: 'CRN10201800122313'

2018-10-20 18:57:11 - [TEST_STEP][PASSED] - delay: Delayed 1 second(s)

2018-10-20 18:57:12 - [MESSAGE][PASSED] - Delayed 1 second(s)

2018-10-20 18:57:12 - [TEST_STEP][PASSED] - click: Object: 'Object Repository/Final Object Repo/New Registration - Registration Module Pages/Form 2/Add Employee Button' is clicked on

2018-10-20 18:57:12 - [MESSAGE][PASSED] - Object: 'Object Repository/Final Object Repo/New Registration - Registration Module Pages/Form 2/Add Employee Button' is clicked on

2018-10-20 18:57:12 - [TEST_STEP][PASSED] - delay: Delayed 1 second(s)

2018-10-20 18:57:13 - [MESSAGE][PASSED] - Delayed 1 second(s)

2018-10-20 18:57:13 - [TEST_STEP][PASSED] - setText: Text '010903091963' is set on object 'Object Repository/Final Object Repo/New Registration - Registration Module Pages/Form 2/NRIC Input'

2018-10-20 18:57:14 - [MESSAGE][PASSED] - Text '010903091963' is set on object 'Object Repository/Final Object Repo/New Registration - Registration Module Pages/Form 2/NRIC Input'

2018-10-20 18:57:14 - [TEST_STEP][PASSED] - click: Object: 'Object Repository/Final Object Repo/New Registration - Registration Module Pages/Form 2/button for search for IC' is clicked on

2018-10-20 18:57:14 - [MESSAGE][PASSED] - Object: 'Object Repository/Final Object Repo/New Registration - Registration Module Pages/Form 2/button for search for IC' is clicked on

2018-10-20 18:57:14 - [TEST_STEP][PASSED] - delay: Delayed 2 second(s)

2018-10-20 18:57:16 - [MESSAGE][PASSED] - Delayed 2 second(s)

2018-10-20 18:57:16 - [TEST_STEP][PASSED] - setText: Text 'Automate001 eligible 1' is set on object 'Object Repository/Final Object Repo/New Registration - Registration Module Pages/Form 2/Employee Name Input'

2018-10-20 18:57:16 - [MESSAGE][PASSED] - Text 'Automate001 eligible 1' is set on object 'Object Repository/Final Object Repo/New Registration - Registration Module Pages/Form 2/Employee Name Input'

2018-10-20 18:57:16 - [TEST_STEP][PASSED] - delay: Delayed 2 second(s)

2018-10-20 18:57:18 - [MESSAGE][PASSED] - Delayed 2 second(s)

2018-10-20 18:57:18 - [TEST_STEP][PASSED] - click: Object: 'Object Repository/Final Object Repo/New Registration - Registration Module Pages/Form 2/DatePicker Pop Up' is clicked on

2018-10-20 18:57:18 - [MESSAGE][PASSED] - Object: 'Object Repository/Final Object Repo/New Registration - Registration Module Pages/Form 2/DatePicker Pop Up' is clicked on

2018-10-20 18:57:18 - [TEST_STEP][PASSED] - click: Object: 'Object Repository/Final Object Repo/New Registration - Registration Module Pages/Form 2/DOB Month' is clicked on

2018-10-20 18:57:19 - [MESSAGE][PASSED] - Object: 'Object Repository/Final Object Repo/New Registration - Registration Module Pages/Form 2/DOB Month' is clicked on

2018-10-20 18:57:19 - [TEST_STEP][PASSED] - Statement - CurrentMonth = CurrentMonth: null

2018-10-20 18:57:19 - [TEST_STEP][PASSED] - Statement - selectMonth = new com.kms.katalon.core.testobject.TestObject(): null

2018-10-20 18:57:19 - [TEST_STEP][PASSED] - Statement - selectMonth.addProperty("xpath", EQUALS, "//body/div/div/div/select/option[@value='" + CurrentMonth + "']", true): null

2018-10-20 18:57:19 - [TEST_STEP][PASSED] - click: Object: '' is clicked on

2018-10-20 18:57:19 - [MESSAGE][PASSED] - Object: '' is clicked on

2018-10-20 18:57:19 - [TEST_STEP][PASSED] - click: Object: 'Object Repository/Final Object Repo/New Registration - Registration Module Pages/Form 2/DOB Year' is clicked on

2018-10-20 18:57:19 - [MESSAGE][PASSED] - Object: 'Object Repository/Final Object Repo/New Registration - Registration Module Pages/Form 2/DOB Year' is clicked on

2018-10-20 18:57:19 - [TEST_STEP][PASSED] - Statement - Eyearsbf = EighteenYrsBefore: null

2018-10-20 18:57:19 - [TEST_STEP][PASSED] - Statement - selectYear = new com.kms.katalon.core.testobject.TestObject(): null

2018-10-20 18:57:19 - [TEST_STEP][PASSED] - Statement - selectYear.addProperty("xpath", EQUALS, "//div/div/div/select/option[@value='" + Eyearsbf + "']", true): null

2018-10-20 18:57:19 - [TEST_STEP][PASSED] - click: Object: '' is clicked on

2018-10-20 18:57:19 - [MESSAGE][PASSED] - Object: '' is clicked on

2018-10-20 18:57:19 - [TEST_STEP][PASSED] - Statement - UpdatedSelectDate = com.kms.katalon.core.webui.keyword.WebUiBuiltInKeywords.modifyObjectProperty(com.kms.katalon.core.testobject.ObjectRepository.findTestObject(Final Object Repo/New Registration - Registration Module Pages/Form 2/DOB Date), "xpath", "equals", "//body/div/table/tbody/tr/td/a[text()="" + CurrentDate + ""]", true): Modify property of object successfully

2018-10-20 18:57:19 - [MESSAGE][PASSED] - Modify property of object successfully

2018-10-20 18:57:19 - [TEST_STEP][PASSED] - delay: Delayed 3 second(s)

2018-10-20 18:57:22 - [MESSAGE][PASSED] - Delayed 3 second(s)

2018-10-20 18:57:22 - [TEST_STEP][PASSED] - click: Object: 'Object Repository/Final Object Repo/New Registration - Registration Module Pages/Form 2/DOB Date' is clicked on

2018-10-20 18:57:22 - [MESSAGE][PASSED] - Object: 'Object Repository/Final Object Repo/New Registration - Registration Module Pages/Form 2/DOB Date' is clicked on

2018-10-20 18:57:22 - [TEST_STEP][PASSED] - delay: Delayed 2 second(s)

2018-10-20 18:57:24 - [MESSAGE][PASSED] - Delayed 2 second(s)

2018-10-20 18:57:24 - [TEST_STEP][PASSED] - click: Object: 'Object Repository/Final Object Repo/New Registration - Registration Module Pages/Form 2/EmploymentStartDate Pop Up' is clicked on

2018-10-20 18:57:24 - [MESSAGE][PASSED] - Object: 'Object Repository/Final Object Repo/New Registration - Registration Module Pages/Form 2/EmploymentStartDate Pop Up' is clicked on

2018-10-20 18:57:24 - [TEST_STEP][PASSED] - delay: Delayed 2 second(s)

2018-10-20 18:57:26 - [MESSAGE][PASSED] - Delayed 2 second(s)

2018-10-20 18:57:26 - [TEST_STEP][PASSED] - click: Object: 'Object Repository/Final Object Repo/New Registration - Registration Module Pages/Form 2/Socso Employment StartDate Month' is clicked on

2018-10-20 18:57:27 - [MESSAGE][PASSED] - Object: 'Object Repository/Final Object Repo/New Registration - Registration Module Pages/Form 2/Socso Employment StartDate Month' is clicked on

2018-10-20 18:57:27 - [TEST_STEP][PASSED] - delay: Delayed 1 second(s)

2018-10-20 18:57:28 - [MESSAGE][PASSED] - Delayed 1 second(s)

2018-10-20 18:57:28 - [TEST_STEP][PASSED] - click: Object: 'Object Repository/Final Object Repo/New Registration - Registration Module Pages/Form 2/Select Socso Employement Startdate Month' is clicked on

2018-10-20 18:57:28 - [MESSAGE][PASSED] - Object: 'Object Repository/Final Object Repo/New Registration - Registration Module Pages/Form 2/Select Socso Employement Startdate Month' is clicked on

2018-10-20 18:57:28 - [TEST_STEP][PASSED] - delay: Delayed 2 second(s)

2018-10-20 18:57:30 - [MESSAGE][PASSED] - Delayed 2 second(s)

2018-10-20 18:57:30 - [TEST_STEP][PASSED] - click: Object: 'Object Repository/Final Object Repo/New Registration - Registration Module Pages/Form 2/Socso Employment StartDate Year' is clicked on

2018-10-20 18:57:30 - [MESSAGE][PASSED] - Object: 'Object Repository/Final Object Repo/New Registration - Registration Module Pages/Form 2/Socso Employment StartDate Year' is clicked on

2018-10-20 18:57:30 - [TEST_STEP][PASSED] - delay: Delayed 1 second(s)

2018-10-20 18:57:31 - [MESSAGE][PASSED] - Delayed 1 second(s)

2018-10-20 18:57:31 - [TEST_STEP][PASSED] - click: Object: 'Object Repository/Final Object Repo/New Registration - Registration Module Pages/Form 2/Select Socso Employment Startdate Year' is clicked on

2018-10-20 18:57:31 - [MESSAGE][PASSED] - Object: 'Object Repository/Final Object Repo/New Registration - Registration Module Pages/Form 2/Select Socso Employment Startdate Year' is clicked on

2018-10-20 18:57:31 - [TEST_STEP][PASSED] - delay: Delayed 2 second(s)

2018-10-20 18:57:33 - [MESSAGE][PASSED] - Delayed 2 second(s)

2018-10-20 18:57:33 - [TEST_STEP][PASSED] - click: Object: 'Object Repository/Final Object Repo/New Registration - Registration Module Pages/Form 2/Socso Employment Start Date Day' is clicked on

2018-10-20 18:57:33 - [MESSAGE][PASSED] - Object: 'Object Repository/Final Object Repo/New Registration - Registration Module Pages/Form 2/Socso Employment Start Date Day' is clicked on

2018-10-20 18:57:33 - [TEST_STEP][PASSED] - delay: Delayed 2 second(s)

2018-10-20 18:57:35 - [MESSAGE][PASSED] - Delayed 2 second(s)

2018-10-20 18:57:35 - [TEST_STEP][PASSED] - click: Object: 'Object Repository/Final Object Repo/New Registration - Registration Module Pages/Form 2/Save Button for Add Employee' is clicked on

2018-10-20 18:57:35 - [MESSAGE][PASSED] - Object: 'Object Repository/Final Object Repo/New Registration - Registration Module Pages/Form 2/Save Button for Add Employee' is clicked on

2018-10-20 18:57:35 - [TEST_STEP][PASSED] - delay: Delayed 6 second(s)

2018-10-20 18:57:41 - [MESSAGE][PASSED] - Delayed 6 second(s)

2018-10-20 18:57:41 - [TEST_STEP][PASSED] - click: Object: 'Object Repository/Final Object Repo/New Registration - Registration Module Pages/Form 2/Save and Continue Form 2' is clicked on

2018-10-20 18:57:42 - [MESSAGE][PASSED] - Object: 'Object Repository/Final Object Repo/New Registration - Registration Module Pages/Form 2/Save and Continue Form 2' is clicked on

2018-10-20 18:57:42 - [MESSAGE][PASSED] - Call Test Case 'Test Cases/Final Aug 2018 - PKS Automation/Registration Module/New Registration/Form 2/Add 1 Eligible' successfully

2018-10-20 18:57:42 - [TEST_STEP][FAILED] - callTestCase: Unable to call Test Case with id 'Test Cases/Final Aug 2018 - PKS Automation/Registration Module/New Registration/Flow of New Registration/Third Screen - Upload Supporting Doc - Preview' (Root cause: Call Test Case 'Test Cases/Final Aug 2018 - PKS Automation/Registration Module/New Registration/Flow of New Registration/Third Screen - Upload Supporting Doc - Preview' failed)

2018-10-20 18:57:42 - [TEST_CASE][FAILED] - Test Cases/Final Aug 2018 - PKS Automation/Registration Module/New Registration/Flow of New Registration/Third Screen - Upload Supporting Doc - Preview: Test Cases/Final Aug 2018 - PKS Automation/Registration Module/New Registration/Flow of New Registration/Third Screen - Upload Supporting Doc - Preview FAILED because (of) (Stack trace: com.kms.katalon.core.exception.StepFailedException: Unable to click on object 'Object Repository/Final Object Repo/New Registration - Registration Module Pages/Third Screen - Upload Supporting Doc- Preview/Select to Upload Borang SIP 2' (Root cause: org.openqa.selenium.WebDriverException: unknown error: Element <span>...</span> is not clickable at point (151, 567). Other element would receive the click: <li class="select2-results__option" id="select2-_newreg_WAR_registrationportlet_objdocTypeId-result-5o2e-134" role="treeitem" aria-selected="false">...</li>
  (Session info: chrome=69.0.3497.100)
  (Driver info: chromedriver=2.35.528161 (5b82f2d2aae0ca24b877009200ced9065a772e73),platform=Windows NT 6.1.7601 SP1 x86_64) (WARNING: The server did not provide any stacktrace information)
Command duration or timeout: 0 milliseconds
Build info: version: '3.7.1', revision: '8a0099a', time: '2017-11-06T21:07:36.161Z'
System info: host: 'WEIZHENG', ip: '192.168.137.1', os.name: 'Windows 7', os.arch: 'amd64', os.version: '6.1', java.version: '1.8.0_181'
Driver info: com.kms.katalon.selenium.driver.CChromeDriver
Capabilities {acceptInsecureCerts: false, acceptSslCerts: false, applicationCacheEnabled: false, browserConnectionEnabled: false, browserName: chrome, chrome: {chromedriverVersion: 2.35.528161 (5b82f2d2aae0ca..., userDataDir: C:\Users\WEIZHE~1\AppData\L...}, cssSelectorsEnabled: true, databaseEnabled: false, handlesAlerts: true, hasTouchScreen: false, javascriptEnabled: true, locationContextEnabled: true, mobileEmulationEnabled: false, nativeEvents: true, networkConnectionEnabled: false, pageLoadStrategy: normal, platform: XP, platformName: XP, rotatable: false, setWindowRect: true, takesHeapSnapshot: true, takesScreenshot: true, unexpectedAlertBehaviour: , unhandledPromptBehavior: , version: 69.0.3497.100, webStorageEnabled: true}
Session ID: 2e4bb60e6c1459cbef05d89d7e6eac26)
	at com.kms.katalon.core.keyword.internal.KeywordMain.stepFailed(KeywordMain.groovy:32)
	at com.kms.katalon.core.webui.keyword.internal.WebUIKeywordMain.stepFailed(WebUIKeywordMain.groovy:65)
	at com.kms.katalon.core.webui.keyword.internal.WebUIKeywordMain.runKeyword(WebUIKeywordMain.groovy:27)
	at com.kms.katalon.core.webui.keyword.builtin.ClickKeyword.click(ClickKeyword.groovy:86)
	at com.kms.katalon.core.webui.keyword.builtin.ClickKeyword.execute(ClickKeyword.groovy:67)
	at com.kms.katalon.core.keyword.internal.KeywordExecutor.executeKeywordForPlatform(KeywordExecutor.groovy:53)
	at com.kms.katalon.core.webui.keyword.WebUiBuiltInKeywords.click(WebUiBuiltInKeywords.groovy:616)
	at com.kms.katalon.core.webui.keyword.WebUiBuiltInKeywords$click$2.call(Unknown Source)
	at Script1534409664094.run(Script1534409664094.groovy:104)
	at com.kms.katalon.core.main.ScriptEngine.run(ScriptEngine.java:183)
	at com.kms.katalon.core.main.ScriptEngine.runScriptAsRawText(ScriptEngine.java:108)
	at com.kms.katalon.core.main.TestCaseExecutor.runScript(TestCaseExecutor.java:294)
	at com.kms.katalon.core.main.TestCaseExecutor.doExecute(TestCaseExecutor.java:285)
	at com.kms.katalon.core.main.TestCaseExecutor.processExecutionPhase(TestCaseExecutor.java:264)
	at com.kms.katalon.core.main.TestCaseExecutor.accessMainPhase(TestCaseExecutor.java:256)
	at com.kms.katalon.core.main.TestCaseExecutor.execute(TestCaseExecutor.java:200)
	at com.kms.katalon.core.main.TestCaseMain.runTestCase(TestCaseMain.java:99)
	at com.kms.katalon.core.keyword.builtin.CallTestCaseKeyword$_callTestCase_closure1.doCall(CallTestCaseKeyword.groovy:60)
	at com.kms.katalon.core.keyword.builtin.CallTestCaseKeyword$_callTestCase_closure1.call(CallTestCaseKeyword.groovy)
	at com.kms.katalon.core.keyword.internal.KeywordMain.runKeyword(KeywordMain.groovy:54)
	at com.kms.katalon.core.keyword.builtin.CallTestCaseKeyword.callTestCase(CallTestCaseKeyword.groovy:81)
	at com.kms.katalon.core.keyword.builtin.CallTestCaseKeyword.execute(CallTestCaseKeyword.groovy:45)
	at com.kms.katalon.core.keyword.internal.KeywordExecutor.executeKeywordForPlatform(KeywordExecutor.groovy:53)
	at com.kms.katalon.core.keyword.BuiltinKeywords.callTestCase(BuiltinKeywords.groovy:334)
	at sun.reflect.GeneratedMethodAccessor13.invoke(Unknown Source)
	at sun.reflect.DelegatingMethodAccessorImpl.invoke(DelegatingMethodAccessorImpl.java:43)
	at java.lang.reflect.Method.invoke(Method.java:498)
	at org.codehaus.groovy.reflection.CachedMethod.invoke(CachedMethod.java:93)
	at groovy.lang.MetaMethod.doMethodInvoke(MetaMethod.java:325)
	at groovy.lang.MetaClassImpl.invokeStaticMethod(MetaClassImpl.java:1469)
	at org.codehaus.groovy.runtime.callsite.StaticMetaClassSite.call(StaticMetaClassSite.java:53)
	at org.codehaus.groovy.runtime.callsite.AbstractCallSite.call(AbstractCallSite.java:141)
	at Script1536051799273.run(Script1536051799273.groovy:28)
	at com.kms.katalon.core.main.ScriptEngine.run(ScriptEngine.java:183)
	at com.kms.katalon.core.main.ScriptEngine.runScriptAsRawText(ScriptEngine.java:108)
	at com.kms.katalon.core.main.TestCaseExecutor.runScript(TestCaseExecutor.java:294)
	at com.kms.katalon.core.main.TestCaseExecutor.doExecute(TestCaseExecutor.java:285)
	at com.kms.katalon.core.main.TestCaseExecutor.processExecutionPhase(TestCaseExecutor.java:264)
	at com.kms.katalon.core.main.TestCaseExecutor.accessMainPhase(TestCaseExecutor.java:256)
	at com.kms.katalon.core.main.TestCaseExecutor.execute(TestCaseExecutor.java:200)
	at com.kms.katalon.core.main.TestCaseMain.runTestCase(TestCaseMain.java:99)
	at com.kms.katalon.core.keyword.builtin.CallTestCaseKeyword$_callTestCase_closure1.doCall(CallTestCaseKeyword.groovy:60)
	at com.kms.katalon.core.keyword.builtin.CallTestCaseKeyword$_callTestCase_closure1.call(CallTestCaseKeyword.groovy)
	at com.kms.katalon.core.keyword.internal.KeywordMain.runKeyword(KeywordMain.groovy:54)
	at com.kms.katalon.core.keyword.builtin.CallTestCaseKeyword.callTestCase(CallTestCaseKeyword.groovy:81)
	at com.kms.katalon.core.keyword.builtin.CallTestCaseKeyword.execute(CallTestCaseKeyword.groovy:45)
	at com.kms.katalon.core.keyword.internal.KeywordExecutor.executeKeywordForPlatform(KeywordExecutor.groovy:53)
	at com.kms.katalon.core.keyword.BuiltinKeywords.callTestCase(BuiltinKeywords.groovy:334)
	at sun.reflect.GeneratedMethodAccessor13.invoke(Unknown Source)
	at sun.reflect.DelegatingMethodAccessorImpl.invoke(DelegatingMethodAccessorImpl.java:43)
	at java.lang.reflect.Method.invoke(Method.java:498)
	at org.codehaus.groovy.reflection.CachedMethod.invoke(CachedMethod.java:93)
	at groovy.lang.MetaMethod.doMethodInvoke(MetaMethod.java:325)
	at groovy.lang.MetaClassImpl.invokeStaticMethod(MetaClassImpl.java:1469)
	at org.codehaus.groovy.runtime.callsite.StaticMetaClassSite.call(StaticMetaClassSite.java:53)
	at org.codehaus.groovy.runtime.callsite.CallSiteArray.defaultCall(CallSiteArray.java:48)
	at org.codehaus.groovy.runtime.callsite.AbstractCallSite.call(AbstractCallSite.java:113)
	at org.codehaus.groovy.runtime.callsite.AbstractCallSite.call(AbstractCallSite.java:141)
	at Script1536220866356.run(Script1536220866356.groovy:15)
	at com.kms.katalon.core.main.ScriptEngine.run(ScriptEngine.java:183)
	at com.kms.katalon.core.main.ScriptEngine.runScriptAsRawText(ScriptEngine.java:108)
	at com.kms.katalon.core.main.TestCaseExecutor.runScript(TestCaseExecutor.java:294)
	at com.kms.katalon.core.main.TestCaseExecutor.doExecute(TestCaseExecutor.java:285)
	at com.kms.katalon.core.main.TestCaseExecutor.processExecutionPhase(TestCaseExecutor.java:264)
	at com.kms.katalon.core.main.TestCaseExecutor.accessMainPhase(TestCaseExecutor.java:256)
	at com.kms.katalon.core.main.TestCaseExecutor.execute(TestCaseExecutor.java:200)
	at com.kms.katalon.core.main.TestSuiteExecutor.accessTestCaseMainPhase(TestSuiteExecutor.java:129)
	at com.kms.katalon.core.main.TestSuiteExecutor.accessTestSuiteMainPhase(TestSuiteExecutor.java:112)
	at com.kms.katalon.core.main.TestSuiteExecutor.execute(TestSuiteExecutor.java:81)
	at com.kms.katalon.core.main.TestCaseMain.startTestSuite(TestCaseMain.java:142)
	at com.kms.katalon.core.main.TestCaseMain$startTestSuite$0.call(Unknown Source)
	at org.codehaus.groovy.runtime.callsite.CallSiteArray.defaultCall(CallSiteArray.java:48)
	at org.codehaus.groovy.runtime.callsite.AbstractCallSite.call(AbstractCallSite.java:113)
	at org.codehaus.groovy.runtime.callsite.AbstractCallSite.call(AbstractCallSite.java:141)
	at TempTestSuite1540012262067.run(TempTestSuite1540012262067.groovy:36)
	at groovy.lang.GroovyShell.runScriptOrMainOrTestOrRunnable(GroovyShell.java:263)
	at groovy.lang.GroovyShell.run(GroovyShell.java:518)
	at groovy.lang.GroovyShell.run(GroovyShell.java:507)
	at groovy.ui.GroovyMain.processOnce(GroovyMain.java:653)
	at groovy.ui.GroovyMain.run(GroovyMain.java:384)
	at groovy.ui.GroovyMain.process(GroovyMain.java:370)
	at groovy.ui.GroovyMain.processArgs(GroovyMain.java:129)
	at groovy.ui.GroovyMain.main(GroovyMain.java:109)
	at sun.reflect.NativeMethodAccessorImpl.invoke0(Native Method)
	at sun.reflect.NativeMethodAccessorImpl.invoke(NativeMethodAccessorImpl.java:62)
	at sun.reflect.DelegatingMethodAccessorImpl.invoke(DelegatingMethodAccessorImpl.java:43)
	at java.lang.reflect.Method.invoke(Method.java:498)
	at org.codehaus.groovy.tools.GroovyStarter.rootLoader(GroovyStarter.java:109)
	at org.codehaus.groovy.tools.GroovyStarter.main(GroovyStarter.java:131)
)

2018-10-20 18:57:42 - [TEST_STEP][PASSED] - waitForPageLoad: Wait for page load successfully

2018-10-20 18:57:42 - [MESSAGE][PASSED] - Wait for page load successfully

2018-10-20 18:57:42 - [TEST_STEP][PASSED] - Statement - CaseReferenceNo = com.kms.katalon.core.webui.keyword.WebUiBuiltInKeywords.getText(com.kms.katalon.core.testobject.ObjectRepository.findTestObject(Final Object Repo/New Registration - Registration Module Pages/Third Screen - Upload Supporting Doc- Preview/RefNo Acquiring)): Text of object 'Object Repository/Final Object Repo/New Registration - Registration Module Pages/Third Screen - Upload Supporting Doc- Preview/RefNo Acquiring' is: 'CRN10201800122313'

2018-10-20 18:57:43 - [MESSAGE][PASSED] - Text of object 'Object Repository/Final Object Repo/New Registration - Registration Module Pages/Third Screen - Upload Supporting Doc- Preview/RefNo Acquiring' is: 'CRN10201800122313'

2018-10-20 18:57:43 - [TEST_STEP][PASSED] - delay: Delayed 2 second(s)

2018-10-20 18:57:45 - [MESSAGE][PASSED] - Delayed 2 second(s)

2018-10-20 18:57:45 - [TEST_STEP][PASSED] - callTestCase: Call Test Case 'Test Cases/Final Aug 2018 - PKS Automation/Common/Reference Number Setter' successfully

2018-10-20 18:57:45 - [TEST_CASE][PASSED] - Test Cases/Final Aug 2018 - PKS Automation/Common/Reference Number Setter: Test Cases/Final Aug 2018 - PKS Automation/Common/Reference Number Setter

2018-10-20 18:57:45 - [TEST_STEP][PASSED] - Statement - RefNoOldFile = new java.io.File(C://KatalonReference.txt): null

2018-10-20 18:57:45 - [TEST_STEP][PASSED] - Statement - RefNoOldFile.delete(): null

2018-10-20 18:57:45 - [TEST_STEP][PASSED] - Statement - RefNo = new java.io.File(C://KatalonReference.txt): null

2018-10-20 18:57:45 - [TEST_STEP][PASSED] - Statement - RefNo.append(CaseReferenceNo): null

2018-10-20 18:57:45 - [TEST_STEP][PASSED] - Statement - out.println("


" + CaseReferenceNo + "


"): null

2018-10-20 18:57:45 - [MESSAGE][PASSED] - Call Test Case 'Test Cases/Final Aug 2018 - PKS Automation/Common/Reference Number Setter' successfully

2018-10-20 18:57:45 - [TEST_STEP][PASSED] - waitForElementClickable: Object 'Object Repository/Final Object Repo/New Registration - Registration Module Pages/Third Screen - Upload Supporting Doc- Preview/Save n Continue in SIP Employee Listing Page' is clickable

2018-10-20 18:57:45 - [MESSAGE][PASSED] - Object 'Object Repository/Final Object Repo/New Registration - Registration Module Pages/Third Screen - Upload Supporting Doc- Preview/Save n Continue in SIP Employee Listing Page' is clickable

2018-10-20 18:57:45 - [TEST_STEP][PASSED] - click: Object: 'Object Repository/Final Object Repo/New Registration - Registration Module Pages/Third Screen - Upload Supporting Doc- Preview/Save n Continue in SIP Employee Listing Page' is clicked on

2018-10-20 18:57:51 - [MESSAGE][PASSED] - Object: 'Object Repository/Final Object Repo/New Registration - Registration Module Pages/Third Screen - Upload Supporting Doc- Preview/Save n Continue in SIP Employee Listing Page' is clicked on

2018-10-20 18:57:51 - [TEST_STEP][PASSED] - delay: Delayed 6 second(s)

2018-10-20 18:57:57 - [MESSAGE][PASSED] - Delayed 6 second(s)

2018-10-20 18:57:57 - [TEST_STEP][PASSED] - click: Object: 'Object Repository/Final Object Repo/New Registration - Registration Module Pages/Third Screen - Upload Supporting Doc- Preview/Add Document Button' is clicked on

2018-10-20 18:57:57 - [MESSAGE][PASSED] - Object: 'Object Repository/Final Object Repo/New Registration - Registration Module Pages/Third Screen - Upload Supporting Doc- Preview/Add Document Button' is clicked on

2018-10-20 18:57:57 - [TEST_STEP][PASSED] - delay: Delayed 30 second(s)

2018-10-20 18:58:27 - [MESSAGE][PASSED] - Delayed 30 second(s)

2018-10-20 18:58:27 - [TEST_STEP][PASSED] - click: Object: 'Object Repository/Final Object Repo/New Registration - Registration Module Pages/Third Screen - Upload Supporting Doc- Preview/Supporting Doc Please Select Drop Down' is clicked on

2018-10-20 18:58:27 - [MESSAGE][PASSED] - Object: 'Object Repository/Final Object Repo/New Registration - Registration Module Pages/Third Screen - Upload Supporting Doc- Preview/Supporting Doc Please Select Drop Down' is clicked on

2018-10-20 18:58:27 - [TEST_STEP][PASSED] - delay: Delayed 2 second(s)

2018-10-20 18:58:29 - [MESSAGE][PASSED] - Delayed 2 second(s)

2018-10-20 18:58:29 - [TEST_STEP][PASSED] - click: Object: 'Object Repository/Final Object Repo/New Registration - Registration Module Pages/Third Screen - Upload Supporting Doc- Preview/Select to Upload Form 1' is clicked on

2018-10-20 18:58:29 - [MESSAGE][PASSED] - Object: 'Object Repository/Final Object Repo/New Registration - Registration Module Pages/Third Screen - Upload Supporting Doc- Preview/Select to Upload Form 1' is clicked on

2018-10-20 18:58:29 - [TEST_STEP][PASSED] - delay: Delayed 2 second(s)

2018-10-20 18:58:31 - [MESSAGE][PASSED] - Delayed 2 second(s)

2018-10-20 18:58:31 - [TEST_STEP][PASSED] - uploadFile: File 'C:\Users\Public\Pictures\Sample Pictures\Act.jpg' sent to object: 'Object Repository/Final Object Repo/New Registration - Registration Module Pages/Third Screen - Upload Supporting Doc- Preview/Upload File Adding'

2018-10-20 18:58:31 - [MESSAGE][PASSED] - File 'C:\Users\Public\Pictures\Sample Pictures\Act.jpg' sent to object: 'Object Repository/Final Object Repo/New Registration - Registration Module Pages/Third Screen - Upload Supporting Doc- Preview/Upload File Adding'

2018-10-20 18:58:31 - [TEST_STEP][PASSED] - delay: Delayed 5 second(s)

2018-10-20 18:58:36 - [MESSAGE][PASSED] - Delayed 5 second(s)

2018-10-20 18:58:36 - [TEST_STEP][PASSED] - click: Object: 'Object Repository/Final Object Repo/New Registration - Registration Module Pages/Third Screen - Upload Supporting Doc- Preview/Inner Form Add Document Button' is clicked on

2018-10-20 18:58:36 - [MESSAGE][PASSED] - Object: 'Object Repository/Final Object Repo/New Registration - Registration Module Pages/Third Screen - Upload Supporting Doc- Preview/Inner Form Add Document Button' is clicked on

2018-10-20 18:58:36 - [TEST_STEP][PASSED] - delay: Delayed 3 second(s)

2018-10-20 18:58:39 - [MESSAGE][PASSED] - Delayed 3 second(s)

2018-10-20 18:58:39 - [TEST_STEP][PASSED] - click: Object: 'Object Repository/Final Object Repo/New Registration - Registration Module Pages/Third Screen - Upload Supporting Doc- Preview/Add Document Button' is clicked on

2018-10-20 18:58:42 - [MESSAGE][PASSED] - Object: 'Object Repository/Final Object Repo/New Registration - Registration Module Pages/Third Screen - Upload Supporting Doc- Preview/Add Document Button' is clicked on

2018-10-20 18:58:42 - [TEST_STEP][PASSED] - delay: Delayed 30 second(s)

2018-10-20 18:59:12 - [MESSAGE][PASSED] - Delayed 30 second(s)

2018-10-20 18:59:12 - [TEST_STEP][PASSED] - click: Object: 'Object Repository/Final Object Repo/New Registration - Registration Module Pages/Third Screen - Upload Supporting Doc- Preview/Supporting Doc Please Select Drop Down' is clicked on

2018-10-20 18:59:12 - [MESSAGE][PASSED] - Object: 'Object Repository/Final Object Repo/New Registration - Registration Module Pages/Third Screen - Upload Supporting Doc- Preview/Supporting Doc Please Select Drop Down' is clicked on

2018-10-20 18:59:12 - [TEST_STEP][PASSED] - delay: Delayed 2 second(s)

2018-10-20 18:59:14 - [MESSAGE][PASSED] - Delayed 2 second(s)

2018-10-20 18:59:14 - [TEST_STEP][PASSED] - click: Object: 'Object Repository/Final Object Repo/New Registration - Registration Module Pages/Third Screen - Upload Supporting Doc- Preview/Select to Upload Form 2' is clicked on

2018-10-20 18:59:15 - [MESSAGE][PASSED] - Object: 'Object Repository/Final Object Repo/New Registration - Registration Module Pages/Third Screen - Upload Supporting Doc- Preview/Select to Upload Form 2' is clicked on

2018-10-20 18:59:15 - [TEST_STEP][PASSED] - delay: Delayed 2 second(s)

2018-10-20 18:59:17 - [MESSAGE][PASSED] - Delayed 2 second(s)

2018-10-20 18:59:17 - [TEST_STEP][PASSED] - uploadFile: File 'C:\Users\Public\Pictures\Sample Pictures\Act.jpg' sent to object: 'Object Repository/Final Object Repo/New Registration - Registration Module Pages/Third Screen - Upload Supporting Doc- Preview/Upload File Adding'

2018-10-20 18:59:17 - [MESSAGE][PASSED] - File 'C:\Users\Public\Pictures\Sample Pictures\Act.jpg' sent to object: 'Object Repository/Final Object Repo/New Registration - Registration Module Pages/Third Screen - Upload Supporting Doc- Preview/Upload File Adding'

2018-10-20 18:59:17 - [TEST_STEP][PASSED] - click: Object: 'Object Repository/Final Object Repo/New Registration - Registration Module Pages/Third Screen - Upload Supporting Doc- Preview/Inner Form Add Document Button' is clicked on

2018-10-20 18:59:17 - [MESSAGE][PASSED] - Object: 'Object Repository/Final Object Repo/New Registration - Registration Module Pages/Third Screen - Upload Supporting Doc- Preview/Inner Form Add Document Button' is clicked on

2018-10-20 18:59:17 - [TEST_STEP][PASSED] - delay: Delayed 4 second(s)

2018-10-20 18:59:21 - [MESSAGE][PASSED] - Delayed 4 second(s)

2018-10-20 18:59:21 - [TEST_STEP][PASSED] - click: Object: 'Object Repository/Final Object Repo/New Registration - Registration Module Pages/Third Screen - Upload Supporting Doc- Preview/Add Document Button' is clicked on

2018-10-20 18:59:22 - [MESSAGE][PASSED] - Object: 'Object Repository/Final Object Repo/New Registration - Registration Module Pages/Third Screen - Upload Supporting Doc- Preview/Add Document Button' is clicked on

2018-10-20 18:59:22 - [TEST_STEP][PASSED] - delay: Delayed 30 second(s)

2018-10-20 18:59:52 - [MESSAGE][PASSED] - Delayed 30 second(s)

2018-10-20 18:59:52 - [TEST_STEP][PASSED] - click: Object: 'Object Repository/Final Object Repo/New Registration - Registration Module Pages/Third Screen - Upload Supporting Doc- Preview/Supporting Doc Please Select Drop Down' is clicked on

2018-10-20 18:59:52 - [MESSAGE][PASSED] - Object: 'Object Repository/Final Object Repo/New Registration - Registration Module Pages/Third Screen - Upload Supporting Doc- Preview/Supporting Doc Please Select Drop Down' is clicked on

2018-10-20 18:59:52 - [TEST_STEP][PASSED] - click: Object: 'Object Repository/Final Object Repo/New Registration - Registration Module Pages/Third Screen - Upload Supporting Doc- Preview/Select to Upload Borang SIP 1' is clicked on

2018-10-20 18:59:53 - [MESSAGE][PASSED] - Object: 'Object Repository/Final Object Repo/New Registration - Registration Module Pages/Third Screen - Upload Supporting Doc- Preview/Select to Upload Borang SIP 1' is clicked on

2018-10-20 18:59:53 - [TEST_STEP][PASSED] - delay: Delayed 2 second(s)

2018-10-20 18:59:55 - [MESSAGE][PASSED] - Delayed 2 second(s)

2018-10-20 18:59:55 - [TEST_STEP][PASSED] - uploadFile: File 'C:\Users\Public\Pictures\Sample Pictures\Act.jpg' sent to object: 'Object Repository/Final Object Repo/New Registration - Registration Module Pages/Third Screen - Upload Supporting Doc- Preview/Upload File Adding'

2018-10-20 18:59:55 - [MESSAGE][PASSED] - File 'C:\Users\Public\Pictures\Sample Pictures\Act.jpg' sent to object: 'Object Repository/Final Object Repo/New Registration - Registration Module Pages/Third Screen - Upload Supporting Doc- Preview/Upload File Adding'

2018-10-20 18:59:55 - [TEST_STEP][PASSED] - click: Object: 'Object Repository/Final Object Repo/New Registration - Registration Module Pages/Third Screen - Upload Supporting Doc- Preview/Inner Form Add Document Button' is clicked on

2018-10-20 18:59:55 - [MESSAGE][PASSED] - Object: 'Object Repository/Final Object Repo/New Registration - Registration Module Pages/Third Screen - Upload Supporting Doc- Preview/Inner Form Add Document Button' is clicked on

2018-10-20 18:59:55 - [TEST_STEP][PASSED] - delay: Delayed 5 second(s)

2018-10-20 19:00:00 - [MESSAGE][PASSED] - Delayed 5 second(s)

2018-10-20 19:00:00 - [TEST_STEP][PASSED] - click: Object: 'Object Repository/Final Object Repo/New Registration - Registration Module Pages/Third Screen - Upload Supporting Doc- Preview/Add Document Button' is clicked on

2018-10-20 19:00:00 - [MESSAGE][PASSED] - Object: 'Object Repository/Final Object Repo/New Registration - Registration Module Pages/Third Screen - Upload Supporting Doc- Preview/Add Document Button' is clicked on

2018-10-20 19:00:00 - [TEST_STEP][PASSED] - delay: Delayed 30 second(s)

2018-10-20 19:00:30 - [MESSAGE][PASSED] - Delayed 30 second(s)

2018-10-20 19:00:30 - [TEST_STEP][PASSED] - click: Object: 'Object Repository/Final Object Repo/New Registration - Registration Module Pages/Third Screen - Upload Supporting Doc- Preview/Supporting Doc Please Select Drop Down' is clicked on

2018-10-20 19:00:31 - [MESSAGE][PASSED] - Object: 'Object Repository/Final Object Repo/New Registration - Registration Module Pages/Third Screen - Upload Supporting Doc- Preview/Supporting Doc Please Select Drop Down' is clicked on

2018-10-20 19:00:31 - [TEST_STEP][PASSED] - delay: Delayed 3 second(s)

2018-10-20 19:00:34 - [MESSAGE][PASSED] - Delayed 3 second(s)

2018-10-20 19:00:34 - [TEST_STEP][FAILED] - click: Unable to click on object 'Object Repository/Final Object Repo/New Registration - Registration Module Pages/Third Screen - Upload Supporting Doc- Preview/Select to Upload Borang SIP 2' (Root cause: org.openqa.selenium.WebDriverException: unknown error: Element <span>...</span> is not clickable at point (151, 567). Other element would receive the click: <li class="select2-results__option" id="select2-_newreg_WAR_registrationportlet_objdocTypeId-result-5o2e-134" role="treeitem" aria-selected="false">...</li>
  (Session info: chrome=69.0.3497.100)
  (Driver info: chromedriver=2.35.528161 (5b82f2d2aae0ca24b877009200ced9065a772e73),platform=Windows NT 6.1.7601 SP1 x86_64) (WARNING: The server did not provide any stacktrace information)
Command duration or timeout: 0 milliseconds
Build info: version: '3.7.1', revision: '8a0099a', time: '2017-11-06T21:07:36.161Z'
System info: host: 'WEIZHENG', ip: '192.168.137.1', os.name: 'Windows 7', os.arch: 'amd64', os.version: '6.1', java.version: '1.8.0_181'
Driver info: com.kms.katalon.selenium.driver.CChromeDriver
Capabilities {acceptInsecureCerts: false, acceptSslCerts: false, applicationCacheEnabled: false, browserConnectionEnabled: false, browserName: chrome, chrome: {chromedriverVersion: 2.35.528161 (5b82f2d2aae0ca..., userDataDir: C:\Users\WEIZHE~1\AppData\L...}, cssSelectorsEnabled: true, databaseEnabled: false, handlesAlerts: true, hasTouchScreen: false, javascriptEnabled: true, locationContextEnabled: true, mobileEmulationEnabled: false, nativeEvents: true, networkConnectionEnabled: false, pageLoadStrategy: normal, platform: XP, platformName: XP, rotatable: false, setWindowRect: true, takesHeapSnapshot: true, takesScreenshot: true, unexpectedAlertBehaviour: , unhandledPromptBehavior: , version: 69.0.3497.100, webStorageEnabled: true}
Session ID: 2e4bb60e6c1459cbef05d89d7e6eac26)

2018-10-20 19:00:34 - [MESSAGE][FAILED] - Unable to click on object 'Object Repository/Final Object Repo/New Registration - Registration Module Pages/Third Screen - Upload Supporting Doc- Preview/Select to Upload Borang SIP 2' (Root cause: org.openqa.selenium.WebDriverException: unknown error: Element <span>...</span> is not clickable at point (151, 567). Other element would receive the click: <li class="select2-results__option" id="select2-_newreg_WAR_registrationportlet_objdocTypeId-result-5o2e-134" role="treeitem" aria-selected="false">...</li>
  (Session info: chrome=69.0.3497.100)
  (Driver info: chromedriver=2.35.528161 (5b82f2d2aae0ca24b877009200ced9065a772e73),platform=Windows NT 6.1.7601 SP1 x86_64) (WARNING: The server did not provide any stacktrace information)
Command duration or timeout: 0 milliseconds
Build info: version: '3.7.1', revision: '8a0099a', time: '2017-11-06T21:07:36.161Z'
System info: host: 'WEIZHENG', ip: '192.168.137.1', os.name: 'Windows 7', os.arch: 'amd64', os.version: '6.1', java.version: '1.8.0_181'
Driver info: com.kms.katalon.selenium.driver.CChromeDriver
Capabilities {acceptInsecureCerts: false, acceptSslCerts: false, applicationCacheEnabled: false, browserConnectionEnabled: false, browserName: chrome, chrome: {chromedriverVersion: 2.35.528161 (5b82f2d2aae0ca..., userDataDir: C:\Users\WEIZHE~1\AppData\L...}, cssSelectorsEnabled: true, databaseEnabled: false, handlesAlerts: true, hasTouchScreen: false, javascriptEnabled: true, locationContextEnabled: true, mobileEmulationEnabled: false, nativeEvents: true, networkConnectionEnabled: false, pageLoadStrategy: normal, platform: XP, platformName: XP, rotatable: false, setWindowRect: true, takesHeapSnapshot: true, takesScreenshot: true, unexpectedAlertBehaviour: , unhandledPromptBehavior: , version: 69.0.3497.100, webStorageEnabled: true}
Session ID: 2e4bb60e6c1459cbef05d89d7e6eac26)
[[ATTACHMENT|C:\\Users\\LENOVO\\Katalon Studio\\Perkeso Phase A\\Reports\\Workflow\\Update Add New Employee\\20181020_131102\\1540033234208.png]]

2018-10-20 19:00:34 - [TEST_STEP][PASSED] - delay: Delayed 2 second(s)

2018-10-20 19:00:36 - [MESSAGE][PASSED] - Delayed 2 second(s)

2018-10-20 19:00:36 - [TEST_STEP][PASSED] - uploadFile: File 'C:\Users\Public\Pictures\Sample Pictures\Act.jpg' sent to object: 'Object Repository/Final Object Repo/New Registration - Registration Module Pages/Third Screen - Upload Supporting Doc- Preview/Upload File Adding'

2018-10-20 19:00:36 - [MESSAGE][PASSED] - File 'C:\Users\Public\Pictures\Sample Pictures\Act.jpg' sent to object: 'Object Repository/Final Object Repo/New Registration - Registration Module Pages/Third Screen - Upload Supporting Doc- Preview/Upload File Adding'

2018-10-20 19:00:36 - [TEST_STEP][PASSED] - delay: Delayed 5 second(s)

2018-10-20 19:00:41 - [MESSAGE][PASSED] - Delayed 5 second(s)

2018-10-20 19:00:41 - [TEST_STEP][PASSED] - click: Object: 'Object Repository/Final Object Repo/New Registration - Registration Module Pages/Third Screen - Upload Supporting Doc- Preview/Inner Form Add Document Button' is clicked on

2018-10-20 19:00:41 - [MESSAGE][PASSED] - Object: 'Object Repository/Final Object Repo/New Registration - Registration Module Pages/Third Screen - Upload Supporting Doc- Preview/Inner Form Add Document Button' is clicked on

2018-10-20 19:00:41 - [TEST_STEP][PASSED] - delay: Delayed 3 second(s)

2018-10-20 19:00:44 - [MESSAGE][PASSED] - Delayed 3 second(s)

2018-10-20 19:00:44 - [TEST_STEP][PASSED] - waitForElementClickable: Object 'Object Repository/Final Object Repo/New Registration - Registration Module Pages/Third Screen - Upload Supporting Doc- Preview/Save n Continue in Uploading Supporting Doc Page' is clickable

2018-10-20 19:00:44 - [MESSAGE][PASSED] - Object 'Object Repository/Final Object Repo/New Registration - Registration Module Pages/Third Screen - Upload Supporting Doc- Preview/Save n Continue in Uploading Supporting Doc Page' is clickable

2018-10-20 19:00:44 - [TEST_STEP][FAILED] - click: Unable to click on object 'Object Repository/Final Object Repo/New Registration - Registration Module Pages/Third Screen - Upload Supporting Doc- Preview/Save n Continue in Uploading Supporting Doc Page' (Root cause: org.openqa.selenium.ElementNotVisibleException: element not visible
  (Session info: chrome=69.0.3497.100)
  (Driver info: chromedriver=2.35.528161 (5b82f2d2aae0ca24b877009200ced9065a772e73),platform=Windows NT 6.1.7601 SP1 x86_64) (WARNING: The server did not provide any stacktrace information)
Command duration or timeout: 0 milliseconds
Build info: version: '3.7.1', revision: '8a0099a', time: '2017-11-06T21:07:36.161Z'
System info: host: 'WEIZHENG', ip: '192.168.137.1', os.name: 'Windows 7', os.arch: 'amd64', os.version: '6.1', java.version: '1.8.0_181'
Driver info: com.kms.katalon.selenium.driver.CChromeDriver
Capabilities {acceptInsecureCerts: false, acceptSslCerts: false, applicationCacheEnabled: false, browserConnectionEnabled: false, browserName: chrome, chrome: {chromedriverVersion: 2.35.528161 (5b82f2d2aae0ca..., userDataDir: C:\Users\WEIZHE~1\AppData\L...}, cssSelectorsEnabled: true, databaseEnabled: false, handlesAlerts: true, hasTouchScreen: false, javascriptEnabled: true, locationContextEnabled: true, mobileEmulationEnabled: false, nativeEvents: true, networkConnectionEnabled: false, pageLoadStrategy: normal, platform: XP, platformName: XP, rotatable: false, setWindowRect: true, takesHeapSnapshot: true, takesScreenshot: true, unexpectedAlertBehaviour: , unhandledPromptBehavior: , version: 69.0.3497.100, webStorageEnabled: true}
Session ID: 2e4bb60e6c1459cbef05d89d7e6eac26)

2018-10-20 19:00:45 - [MESSAGE][FAILED] - Unable to click on object 'Object Repository/Final Object Repo/New Registration - Registration Module Pages/Third Screen - Upload Supporting Doc- Preview/Save n Continue in Uploading Supporting Doc Page' (Root cause: org.openqa.selenium.ElementNotVisibleException: element not visible
  (Session info: chrome=69.0.3497.100)
  (Driver info: chromedriver=2.35.528161 (5b82f2d2aae0ca24b877009200ced9065a772e73),platform=Windows NT 6.1.7601 SP1 x86_64) (WARNING: The server did not provide any stacktrace information)
Command duration or timeout: 0 milliseconds
Build info: version: '3.7.1', revision: '8a0099a', time: '2017-11-06T21:07:36.161Z'
System info: host: 'WEIZHENG', ip: '192.168.137.1', os.name: 'Windows 7', os.arch: 'amd64', os.version: '6.1', java.version: '1.8.0_181'
Driver info: com.kms.katalon.selenium.driver.CChromeDriver
Capabilities {acceptInsecureCerts: false, acceptSslCerts: false, applicationCacheEnabled: false, browserConnectionEnabled: false, browserName: chrome, chrome: {chromedriverVersion: 2.35.528161 (5b82f2d2aae0ca..., userDataDir: C:\Users\WEIZHE~1\AppData\L...}, cssSelectorsEnabled: true, databaseEnabled: false, handlesAlerts: true, hasTouchScreen: false, javascriptEnabled: true, locationContextEnabled: true, mobileEmulationEnabled: false, nativeEvents: true, networkConnectionEnabled: false, pageLoadStrategy: normal, platform: XP, platformName: XP, rotatable: false, setWindowRect: true, takesHeapSnapshot: true, takesScreenshot: true, unexpectedAlertBehaviour: , unhandledPromptBehavior: , version: 69.0.3497.100, webStorageEnabled: true}
Session ID: 2e4bb60e6c1459cbef05d89d7e6eac26)
[[ATTACHMENT|C:\\Users\\LENOVO\\Katalon Studio\\Perkeso Phase A\\Reports\\Workflow\\Update Add New Employee\\20181020_131102\\1540033245004.png]]

2018-10-20 19:00:45 - [MESSAGE][FAILED] - Unable to call Test Case with id 'Test Cases/Final Aug 2018 - PKS Automation/Registration Module/New Registration/Flow of New Registration/Third Screen - Upload Supporting Doc - Preview' (Root cause: Call Test Case 'Test Cases/Final Aug 2018 - PKS Automation/Registration Module/New Registration/Flow of New Registration/Third Screen - Upload Supporting Doc - Preview' failed)

2018-10-20 19:00:45 - [MESSAGE][FAILED] - Unable to call Test Case with id 'Test Cases/Final Aug 2018 - PKS Automation/Registration Module/Workflow/Update Add New Employee/Template/New Company for Update Add New' (Root cause: Call Test Case 'Test Cases/Final Aug 2018 - PKS Automation/Registration Module/Workflow/Update Add New Employee/Template/New Company for Update Add New' failed)]]></system-out>
         <system-err><![CDATA[2018-10-20 18:56:16 - [TEST_CASE][FAILED] - Test Cases/Final Aug 2018 - PKS Automation/Registration Module/Workflow/Update Add New Employee/Special Case (PKR BO - RO Query - OTC Upload Pending Case - RO Approve): Test Cases/Final Aug 2018 - PKS Automation/Registration Module/Workflow/Update Add New Employee/Special Case (PKR BO - RO Query - OTC Upload Pending Case - RO Approve) FAILED because (of) (Stack trace: com.kms.katalon.core.exception.StepFailedException: Unable to click on object 'Object Repository/Final Object Repo/New Registration - Registration Module Pages/Third Screen - Upload Supporting Doc- Preview/Select to Upload Borang SIP 2' (Root cause: org.openqa.selenium.WebDriverException: unknown error: Element <span>...</span> is not clickable at point (151, 567). Other element would receive the click: <li class="select2-results__option" id="select2-_newreg_WAR_registrationportlet_objdocTypeId-result-5o2e-134" role="treeitem" aria-selected="false">...</li>
  (Session info: chrome=69.0.3497.100)
  (Driver info: chromedriver=2.35.528161 (5b82f2d2aae0ca24b877009200ced9065a772e73),platform=Windows NT 6.1.7601 SP1 x86_64) (WARNING: The server did not provide any stacktrace information)
Command duration or timeout: 0 milliseconds
Build info: version: '3.7.1', revision: '8a0099a', time: '2017-11-06T21:07:36.161Z'
System info: host: 'WEIZHENG', ip: '192.168.137.1', os.name: 'Windows 7', os.arch: 'amd64', os.version: '6.1', java.version: '1.8.0_181'
Driver info: com.kms.katalon.selenium.driver.CChromeDriver
Capabilities {acceptInsecureCerts: false, acceptSslCerts: false, applicationCacheEnabled: false, browserConnectionEnabled: false, browserName: chrome, chrome: {chromedriverVersion: 2.35.528161 (5b82f2d2aae0ca..., userDataDir: C:\Users\WEIZHE~1\AppData\L...}, cssSelectorsEnabled: true, databaseEnabled: false, handlesAlerts: true, hasTouchScreen: false, javascriptEnabled: true, locationContextEnabled: true, mobileEmulationEnabled: false, nativeEvents: true, networkConnectionEnabled: false, pageLoadStrategy: normal, platform: XP, platformName: XP, rotatable: false, setWindowRect: true, takesHeapSnapshot: true, takesScreenshot: true, unexpectedAlertBehaviour: , unhandledPromptBehavior: , version: 69.0.3497.100, webStorageEnabled: true}
Session ID: 2e4bb60e6c1459cbef05d89d7e6eac26)
	at com.kms.katalon.core.keyword.internal.KeywordMain.stepFailed(KeywordMain.groovy:32)
	at com.kms.katalon.core.webui.keyword.internal.WebUIKeywordMain.stepFailed(WebUIKeywordMain.groovy:65)
	at com.kms.katalon.core.webui.keyword.internal.WebUIKeywordMain.runKeyword(WebUIKeywordMain.groovy:27)
	at com.kms.katalon.core.webui.keyword.builtin.ClickKeyword.click(ClickKeyword.groovy:86)
	at com.kms.katalon.core.webui.keyword.builtin.ClickKeyword.execute(ClickKeyword.groovy:67)
	at com.kms.katalon.core.keyword.internal.KeywordExecutor.executeKeywordForPlatform(KeywordExecutor.groovy:53)
	at com.kms.katalon.core.webui.keyword.WebUiBuiltInKeywords.click(WebUiBuiltInKeywords.groovy:616)
	at com.kms.katalon.core.webui.keyword.WebUiBuiltInKeywords$click$2.call(Unknown Source)
	at Script1534409664094.run(Script1534409664094.groovy:104)
	at com.kms.katalon.core.main.ScriptEngine.run(ScriptEngine.java:183)
	at com.kms.katalon.core.main.ScriptEngine.runScriptAsRawText(ScriptEngine.java:108)
	at com.kms.katalon.core.main.TestCaseExecutor.runScript(TestCaseExecutor.java:294)
	at com.kms.katalon.core.main.TestCaseExecutor.doExecute(TestCaseExecutor.java:285)
	at com.kms.katalon.core.main.TestCaseExecutor.processExecutionPhase(TestCaseExecutor.java:264)
	at com.kms.katalon.core.main.TestCaseExecutor.accessMainPhase(TestCaseExecutor.java:256)
	at com.kms.katalon.core.main.TestCaseExecutor.execute(TestCaseExecutor.java:200)
	at com.kms.katalon.core.main.TestCaseMain.runTestCase(TestCaseMain.java:99)
	at com.kms.katalon.core.keyword.builtin.CallTestCaseKeyword$_callTestCase_closure1.doCall(CallTestCaseKeyword.groovy:60)
	at com.kms.katalon.core.keyword.builtin.CallTestCaseKeyword$_callTestCase_closure1.call(CallTestCaseKeyword.groovy)
	at com.kms.katalon.core.keyword.internal.KeywordMain.runKeyword(KeywordMain.groovy:54)
	at com.kms.katalon.core.keyword.builtin.CallTestCaseKeyword.callTestCase(CallTestCaseKeyword.groovy:81)
	at com.kms.katalon.core.keyword.builtin.CallTestCaseKeyword.execute(CallTestCaseKeyword.groovy:45)
	at com.kms.katalon.core.keyword.internal.KeywordExecutor.executeKeywordForPlatform(KeywordExecutor.groovy:53)
	at com.kms.katalon.core.keyword.BuiltinKeywords.callTestCase(BuiltinKeywords.groovy:334)
	at sun.reflect.GeneratedMethodAccessor13.invoke(Unknown Source)
	at sun.reflect.DelegatingMethodAccessorImpl.invoke(DelegatingMethodAccessorImpl.java:43)
	at java.lang.reflect.Method.invoke(Method.java:498)
	at org.codehaus.groovy.reflection.CachedMethod.invoke(CachedMethod.java:93)
	at groovy.lang.MetaMethod.doMethodInvoke(MetaMethod.java:325)
	at groovy.lang.MetaClassImpl.invokeStaticMethod(MetaClassImpl.java:1469)
	at org.codehaus.groovy.runtime.callsite.StaticMetaClassSite.call(StaticMetaClassSite.java:53)
	at org.codehaus.groovy.runtime.callsite.AbstractCallSite.call(AbstractCallSite.java:141)
	at Script1536051799273.run(Script1536051799273.groovy:28)
	at com.kms.katalon.core.main.ScriptEngine.run(ScriptEngine.java:183)
	at com.kms.katalon.core.main.ScriptEngine.runScriptAsRawText(ScriptEngine.java:108)
	at com.kms.katalon.core.main.TestCaseExecutor.runScript(TestCaseExecutor.java:294)
	at com.kms.katalon.core.main.TestCaseExecutor.doExecute(TestCaseExecutor.java:285)
	at com.kms.katalon.core.main.TestCaseExecutor.processExecutionPhase(TestCaseExecutor.java:264)
	at com.kms.katalon.core.main.TestCaseExecutor.accessMainPhase(TestCaseExecutor.java:256)
	at com.kms.katalon.core.main.TestCaseExecutor.execute(TestCaseExecutor.java:200)
	at com.kms.katalon.core.main.TestCaseMain.runTestCase(TestCaseMain.java:99)
	at com.kms.katalon.core.keyword.builtin.CallTestCaseKeyword$_callTestCase_closure1.doCall(CallTestCaseKeyword.groovy:60)
	at com.kms.katalon.core.keyword.builtin.CallTestCaseKeyword$_callTestCase_closure1.call(CallTestCaseKeyword.groovy)
	at com.kms.katalon.core.keyword.internal.KeywordMain.runKeyword(KeywordMain.groovy:54)
	at com.kms.katalon.core.keyword.builtin.CallTestCaseKeyword.callTestCase(CallTestCaseKeyword.groovy:81)
	at com.kms.katalon.core.keyword.builtin.CallTestCaseKeyword.execute(CallTestCaseKeyword.groovy:45)
	at com.kms.katalon.core.keyword.internal.KeywordExecutor.executeKeywordForPlatform(KeywordExecutor.groovy:53)
	at com.kms.katalon.core.keyword.BuiltinKeywords.callTestCase(BuiltinKeywords.groovy:334)
	at sun.reflect.GeneratedMethodAccessor13.invoke(Unknown Source)
	at sun.reflect.DelegatingMethodAccessorImpl.invoke(DelegatingMethodAccessorImpl.java:43)
	at java.lang.reflect.Method.invoke(Method.java:498)
	at org.codehaus.groovy.reflection.CachedMethod.invoke(CachedMethod.java:93)
	at groovy.lang.MetaMethod.doMethodInvoke(MetaMethod.java:325)
	at groovy.lang.MetaClassImpl.invokeStaticMethod(MetaClassImpl.java:1469)
	at org.codehaus.groovy.runtime.callsite.StaticMetaClassSite.call(StaticMetaClassSite.java:53)
	at org.codehaus.groovy.runtime.callsite.CallSiteArray.defaultCall(CallSiteArray.java:48)
	at org.codehaus.groovy.runtime.callsite.AbstractCallSite.call(AbstractCallSite.java:113)
	at org.codehaus.groovy.runtime.callsite.AbstractCallSite.call(AbstractCallSite.java:141)
	at Script1536220866356.run(Script1536220866356.groovy:15)
	at com.kms.katalon.core.main.ScriptEngine.run(ScriptEngine.java:183)
	at com.kms.katalon.core.main.ScriptEngine.runScriptAsRawText(ScriptEngine.java:108)
	at com.kms.katalon.core.main.TestCaseExecutor.runScript(TestCaseExecutor.java:294)
	at com.kms.katalon.core.main.TestCaseExecutor.doExecute(TestCaseExecutor.java:285)
	at com.kms.katalon.core.main.TestCaseExecutor.processExecutionPhase(TestCaseExecutor.java:264)
	at com.kms.katalon.core.main.TestCaseExecutor.accessMainPhase(TestCaseExecutor.java:256)
	at com.kms.katalon.core.main.TestCaseExecutor.execute(TestCaseExecutor.java:200)
	at com.kms.katalon.core.main.TestSuiteExecutor.accessTestCaseMainPhase(TestSuiteExecutor.java:129)
	at com.kms.katalon.core.main.TestSuiteExecutor.accessTestSuiteMainPhase(TestSuiteExecutor.java:112)
	at com.kms.katalon.core.main.TestSuiteExecutor.execute(TestSuiteExecutor.java:81)
	at com.kms.katalon.core.main.TestCaseMain.startTestSuite(TestCaseMain.java:142)
	at com.kms.katalon.core.main.TestCaseMain$startTestSuite$0.call(Unknown Source)
	at org.codehaus.groovy.runtime.callsite.CallSiteArray.defaultCall(CallSiteArray.java:48)
	at org.codehaus.groovy.runtime.callsite.AbstractCallSite.call(AbstractCallSite.java:113)
	at org.codehaus.groovy.runtime.callsite.AbstractCallSite.call(AbstractCallSite.java:141)
	at TempTestSuite1540012262067.run(TempTestSuite1540012262067.groovy:36)
	at groovy.lang.GroovyShell.runScriptOrMainOrTestOrRunnable(GroovyShell.java:263)
	at groovy.lang.GroovyShell.run(GroovyShell.java:518)
	at groovy.lang.GroovyShell.run(GroovyShell.java:507)
	at groovy.ui.GroovyMain.processOnce(GroovyMain.java:653)
	at groovy.ui.GroovyMain.run(GroovyMain.java:384)
	at groovy.ui.GroovyMain.process(GroovyMain.java:370)
	at groovy.ui.GroovyMain.processArgs(GroovyMain.java:129)
	at groovy.ui.GroovyMain.main(GroovyMain.java:109)
	at sun.reflect.NativeMethodAccessorImpl.invoke0(Native Method)
	at sun.reflect.NativeMethodAccessorImpl.invoke(NativeMethodAccessorImpl.java:62)
	at sun.reflect.DelegatingMethodAccessorImpl.invoke(DelegatingMethodAccessorImpl.java:43)
	at java.lang.reflect.Method.invoke(Method.java:498)
	at org.codehaus.groovy.tools.GroovyStarter.rootLoader(GroovyStarter.java:109)
	at org.codehaus.groovy.tools.GroovyStarter.main(GroovyStarter.java:131)
)]]></system-err>
      </testcase>
      <testcase name="Test Cases/Final Aug 2018 - PKS Automation/Registration Module/Workflow/Update Add New Employee/Special Case (PKR BO - RO Under Enforcement)" classname="Test Cases/Final Aug 2018 - PKS Automation/Registration Module/Workflow/Update Add New Employee/Special Case (PKR BO - RO Under Enforcement)" status="FAILED">
         <failure type="FAILED" message="(Stack trace: com.kms.katalon.core.exception.StepFailedException: Unable to click on object 'Object Repository/Final Object Repo/New Registration - Registration Module Pages/Third Screen - Upload Supporting Doc- Preview/Select to Upload Borang SIP 2' (Root cause: org.openqa.selenium.WebDriverException: unknown error: Element &lt;span>...&lt;/span> is not clickable at point (151, 567). Other element would receive the click: &lt;li class=&quot;select2-results__option&quot; id=&quot;select2-_newreg_WAR_registrationportlet_objdocTypeId-result-fw6v-134&quot; role=&quot;treeitem&quot; aria-selected=&quot;false&quot;>...&lt;/li>
  (Session info: chrome=69.0.3497.100)
  (Driver info: chromedriver=2.35.528161 (5b82f2d2aae0ca24b877009200ced9065a772e73),platform=Windows NT 6.1.7601 SP1 x86_64) (WARNING: The server did not provide any stacktrace information)
Command duration or timeout: 0 milliseconds
Build info: version: '3.7.1', revision: '8a0099a', time: '2017-11-06T21:07:36.161Z'
System info: host: 'WEIZHENG', ip: '192.168.137.1', os.name: 'Windows 7', os.arch: 'amd64', os.version: '6.1', java.version: '1.8.0_181'
Driver info: com.kms.katalon.selenium.driver.CChromeDriver
Capabilities {acceptInsecureCerts: false, acceptSslCerts: false, applicationCacheEnabled: false, browserConnectionEnabled: false, browserName: chrome, chrome: {chromedriverVersion: 2.35.528161 (5b82f2d2aae0ca..., userDataDir: C:\Users\WEIZHE~1\AppData\L...}, cssSelectorsEnabled: true, databaseEnabled: false, handlesAlerts: true, hasTouchScreen: false, javascriptEnabled: true, locationContextEnabled: true, mobileEmulationEnabled: false, nativeEvents: true, networkConnectionEnabled: false, pageLoadStrategy: normal, platform: XP, platformName: XP, rotatable: false, setWindowRect: true, takesHeapSnapshot: true, takesScreenshot: true, unexpectedAlertBehaviour: , unhandledPromptBehavior: , version: 69.0.3497.100, webStorageEnabled: true}
Session ID: b4bf198ec23cbdcc449a9b95eff65e2c)
	at com.kms.katalon.core.keyword.internal.KeywordMain.stepFailed(KeywordMain.groovy:32)
	at com.kms.katalon.core.webui.keyword.internal.WebUIKeywordMain.stepFailed(WebUIKeywordMain.groovy:65)
	at com.kms.katalon.core.webui.keyword.internal.WebUIKeywordMain.runKeyword(WebUIKeywordMain.groovy:27)
	at com.kms.katalon.core.webui.keyword.builtin.ClickKeyword.click(ClickKeyword.groovy:86)
	at com.kms.katalon.core.webui.keyword.builtin.ClickKeyword.execute(ClickKeyword.groovy:67)
	at com.kms.katalon.core.keyword.internal.KeywordExecutor.executeKeywordForPlatform(KeywordExecutor.groovy:53)
	at com.kms.katalon.core.webui.keyword.WebUiBuiltInKeywords.click(WebUiBuiltInKeywords.groovy:616)
	at com.kms.katalon.core.webui.keyword.WebUiBuiltInKeywords$click$2.call(Unknown Source)
	at Script1534409664094.run(Script1534409664094.groovy:104)
	at com.kms.katalon.core.main.ScriptEngine.run(ScriptEngine.java:183)
	at com.kms.katalon.core.main.ScriptEngine.runScriptAsRawText(ScriptEngine.java:108)
	at com.kms.katalon.core.main.TestCaseExecutor.runScript(TestCaseExecutor.java:294)
	at com.kms.katalon.core.main.TestCaseExecutor.doExecute(TestCaseExecutor.java:285)
	at com.kms.katalon.core.main.TestCaseExecutor.processExecutionPhase(TestCaseExecutor.java:264)
	at com.kms.katalon.core.main.TestCaseExecutor.accessMainPhase(TestCaseExecutor.java:256)
	at com.kms.katalon.core.main.TestCaseExecutor.execute(TestCaseExecutor.java:200)
	at com.kms.katalon.core.main.TestCaseMain.runTestCase(TestCaseMain.java:99)
	at com.kms.katalon.core.keyword.builtin.CallTestCaseKeyword$_callTestCase_closure1.doCall(CallTestCaseKeyword.groovy:60)
	at com.kms.katalon.core.keyword.builtin.CallTestCaseKeyword$_callTestCase_closure1.call(CallTestCaseKeyword.groovy)
	at com.kms.katalon.core.keyword.internal.KeywordMain.runKeyword(KeywordMain.groovy:54)
	at com.kms.katalon.core.keyword.builtin.CallTestCaseKeyword.callTestCase(CallTestCaseKeyword.groovy:81)
	at com.kms.katalon.core.keyword.builtin.CallTestCaseKeyword.execute(CallTestCaseKeyword.groovy:45)
	at com.kms.katalon.core.keyword.internal.KeywordExecutor.executeKeywordForPlatform(KeywordExecutor.groovy:53)
	at com.kms.katalon.core.keyword.BuiltinKeywords.callTestCase(BuiltinKeywords.groovy:334)
	at sun.reflect.GeneratedMethodAccessor13.invoke(Unknown Source)
	at sun.reflect.DelegatingMethodAccessorImpl.invoke(DelegatingMethodAccessorImpl.java:43)
	at java.lang.reflect.Method.invoke(Method.java:498)
	at org.codehaus.groovy.reflection.CachedMethod.invoke(CachedMethod.java:93)
	at groovy.lang.MetaMethod.doMethodInvoke(MetaMethod.java:325)
	at groovy.lang.MetaClassImpl.invokeStaticMethod(MetaClassImpl.java:1469)
	at org.codehaus.groovy.runtime.callsite.StaticMetaClassSite.call(StaticMetaClassSite.java:53)
	at org.codehaus.groovy.runtime.callsite.AbstractCallSite.call(AbstractCallSite.java:141)
	at Script1536051799273.run(Script1536051799273.groovy:28)
	at com.kms.katalon.core.main.ScriptEngine.run(ScriptEngine.java:183)
	at com.kms.katalon.core.main.ScriptEngine.runScriptAsRawText(ScriptEngine.java:108)
	at com.kms.katalon.core.main.TestCaseExecutor.runScript(TestCaseExecutor.java:294)
	at com.kms.katalon.core.main.TestCaseExecutor.doExecute(TestCaseExecutor.java:285)
	at com.kms.katalon.core.main.TestCaseExecutor.processExecutionPhase(TestCaseExecutor.java:264)
	at com.kms.katalon.core.main.TestCaseExecutor.accessMainPhase(TestCaseExecutor.java:256)
	at com.kms.katalon.core.main.TestCaseExecutor.execute(TestCaseExecutor.java:200)
	at com.kms.katalon.core.main.TestCaseMain.runTestCase(TestCaseMain.java:99)
	at com.kms.katalon.core.keyword.builtin.CallTestCaseKeyword$_callTestCase_closure1.doCall(CallTestCaseKeyword.groovy:60)
	at com.kms.katalon.core.keyword.builtin.CallTestCaseKeyword$_callTestCase_closure1.call(CallTestCaseKeyword.groovy)
	at com.kms.katalon.core.keyword.internal.KeywordMain.runKeyword(KeywordMain.groovy:54)
	at com.kms.katalon.core.keyword.builtin.CallTestCaseKeyword.callTestCase(CallTestCaseKeyword.groovy:81)
	at com.kms.katalon.core.keyword.builtin.CallTestCaseKeyword.execute(CallTestCaseKeyword.groovy:45)
	at com.kms.katalon.core.keyword.internal.KeywordExecutor.executeKeywordForPlatform(KeywordExecutor.groovy:53)
	at com.kms.katalon.core.keyword.BuiltinKeywords.callTestCase(BuiltinKeywords.groovy:334)
	at sun.reflect.GeneratedMethodAccessor13.invoke(Unknown Source)
	at sun.reflect.DelegatingMethodAccessorImpl.invoke(DelegatingMethodAccessorImpl.java:43)
	at java.lang.reflect.Method.invoke(Method.java:498)
	at org.codehaus.groovy.reflection.CachedMethod.invoke(CachedMethod.java:93)
	at groovy.lang.MetaMethod.doMethodInvoke(MetaMethod.java:325)
	at groovy.lang.MetaClassImpl.invokeStaticMethod(MetaClassImpl.java:1469)
	at org.codehaus.groovy.runtime.callsite.StaticMetaClassSite.call(StaticMetaClassSite.java:53)
	at org.codehaus.groovy.runtime.callsite.CallSiteArray.defaultCall(CallSiteArray.java:48)
	at org.codehaus.groovy.runtime.callsite.AbstractCallSite.call(AbstractCallSite.java:113)
	at org.codehaus.groovy.runtime.callsite.AbstractCallSite.call(AbstractCallSite.java:141)
	at Script1536116240292.run(Script1536116240292.groovy:15)
	at com.kms.katalon.core.main.ScriptEngine.run(ScriptEngine.java:183)
	at com.kms.katalon.core.main.ScriptEngine.runScriptAsRawText(ScriptEngine.java:108)
	at com.kms.katalon.core.main.TestCaseExecutor.runScript(TestCaseExecutor.java:294)
	at com.kms.katalon.core.main.TestCaseExecutor.doExecute(TestCaseExecutor.java:285)
	at com.kms.katalon.core.main.TestCaseExecutor.processExecutionPhase(TestCaseExecutor.java:264)
	at com.kms.katalon.core.main.TestCaseExecutor.accessMainPhase(TestCaseExecutor.java:256)
	at com.kms.katalon.core.main.TestCaseExecutor.execute(TestCaseExecutor.java:200)
	at com.kms.katalon.core.main.TestSuiteExecutor.accessTestCaseMainPhase(TestSuiteExecutor.java:129)
	at com.kms.katalon.core.main.TestSuiteExecutor.accessTestSuiteMainPhase(TestSuiteExecutor.java:112)
	at com.kms.katalon.core.main.TestSuiteExecutor.execute(TestSuiteExecutor.java:81)
	at com.kms.katalon.core.main.TestCaseMain.startTestSuite(TestCaseMain.java:142)
	at com.kms.katalon.core.main.TestCaseMain$startTestSuite$0.call(Unknown Source)
	at org.codehaus.groovy.runtime.callsite.CallSiteArray.defaultCall(CallSiteArray.java:48)
	at org.codehaus.groovy.runtime.callsite.AbstractCallSite.call(AbstractCallSite.java:113)
	at org.codehaus.groovy.runtime.callsite.AbstractCallSite.call(AbstractCallSite.java:141)
	at TempTestSuite1540012262067.run(TempTestSuite1540012262067.groovy:36)
	at groovy.lang.GroovyShell.runScriptOrMainOrTestOrRunnable(GroovyShell.java:263)
	at groovy.lang.GroovyShell.run(GroovyShell.java:518)
	at groovy.lang.GroovyShell.run(GroovyShell.java:507)
	at groovy.ui.GroovyMain.processOnce(GroovyMain.java:653)
	at groovy.ui.GroovyMain.run(GroovyMain.java:384)
	at groovy.ui.GroovyMain.process(GroovyMain.java:370)
	at groovy.ui.GroovyMain.processArgs(GroovyMain.java:129)
	at groovy.ui.GroovyMain.main(GroovyMain.java:109)
	at sun.reflect.NativeMethodAccessorImpl.invoke0(Native Method)
	at sun.reflect.NativeMethodAccessorImpl.invoke(NativeMethodAccessorImpl.java:62)
	at sun.reflect.DelegatingMethodAccessorImpl.invoke(DelegatingMethodAccessorImpl.java:43)
	at java.lang.reflect.Method.invoke(Method.java:498)
	at org.codehaus.groovy.tools.GroovyStarter.rootLoader(GroovyStarter.java:109)
	at org.codehaus.groovy.tools.GroovyStarter.main(GroovyStarter.java:131)
)"/>
         <system-out><![CDATA[2018-10-20 19:00:45 - [TEST_CASE][FAILED] - Test Cases/Final Aug 2018 - PKS Automation/Registration Module/Workflow/Update Add New Employee/Special Case (PKR BO - RO Under Enforcement): Test Cases/Final Aug 2018 - PKS Automation/Registration Module/Workflow/Update Add New Employee/Special Case (PKR BO - RO Under Enforcement) FAILED because (of) (Stack trace: com.kms.katalon.core.exception.StepFailedException: Unable to click on object 'Object Repository/Final Object Repo/New Registration - Registration Module Pages/Third Screen - Upload Supporting Doc- Preview/Select to Upload Borang SIP 2' (Root cause: org.openqa.selenium.WebDriverException: unknown error: Element <span>...</span> is not clickable at point (151, 567). Other element would receive the click: <li class="select2-results__option" id="select2-_newreg_WAR_registrationportlet_objdocTypeId-result-fw6v-134" role="treeitem" aria-selected="false">...</li>
  (Session info: chrome=69.0.3497.100)
  (Driver info: chromedriver=2.35.528161 (5b82f2d2aae0ca24b877009200ced9065a772e73),platform=Windows NT 6.1.7601 SP1 x86_64) (WARNING: The server did not provide any stacktrace information)
Command duration or timeout: 0 milliseconds
Build info: version: '3.7.1', revision: '8a0099a', time: '2017-11-06T21:07:36.161Z'
System info: host: 'WEIZHENG', ip: '192.168.137.1', os.name: 'Windows 7', os.arch: 'amd64', os.version: '6.1', java.version: '1.8.0_181'
Driver info: com.kms.katalon.selenium.driver.CChromeDriver
Capabilities {acceptInsecureCerts: false, acceptSslCerts: false, applicationCacheEnabled: false, browserConnectionEnabled: false, browserName: chrome, chrome: {chromedriverVersion: 2.35.528161 (5b82f2d2aae0ca..., userDataDir: C:\Users\WEIZHE~1\AppData\L...}, cssSelectorsEnabled: true, databaseEnabled: false, handlesAlerts: true, hasTouchScreen: false, javascriptEnabled: true, locationContextEnabled: true, mobileEmulationEnabled: false, nativeEvents: true, networkConnectionEnabled: false, pageLoadStrategy: normal, platform: XP, platformName: XP, rotatable: false, setWindowRect: true, takesHeapSnapshot: true, takesScreenshot: true, unexpectedAlertBehaviour: , unhandledPromptBehavior: , version: 69.0.3497.100, webStorageEnabled: true}
Session ID: b4bf198ec23cbdcc449a9b95eff65e2c)
	at com.kms.katalon.core.keyword.internal.KeywordMain.stepFailed(KeywordMain.groovy:32)
	at com.kms.katalon.core.webui.keyword.internal.WebUIKeywordMain.stepFailed(WebUIKeywordMain.groovy:65)
	at com.kms.katalon.core.webui.keyword.internal.WebUIKeywordMain.runKeyword(WebUIKeywordMain.groovy:27)
	at com.kms.katalon.core.webui.keyword.builtin.ClickKeyword.click(ClickKeyword.groovy:86)
	at com.kms.katalon.core.webui.keyword.builtin.ClickKeyword.execute(ClickKeyword.groovy:67)
	at com.kms.katalon.core.keyword.internal.KeywordExecutor.executeKeywordForPlatform(KeywordExecutor.groovy:53)
	at com.kms.katalon.core.webui.keyword.WebUiBuiltInKeywords.click(WebUiBuiltInKeywords.groovy:616)
	at com.kms.katalon.core.webui.keyword.WebUiBuiltInKeywords$click$2.call(Unknown Source)
	at Script1534409664094.run(Script1534409664094.groovy:104)
	at com.kms.katalon.core.main.ScriptEngine.run(ScriptEngine.java:183)
	at com.kms.katalon.core.main.ScriptEngine.runScriptAsRawText(ScriptEngine.java:108)
	at com.kms.katalon.core.main.TestCaseExecutor.runScript(TestCaseExecutor.java:294)
	at com.kms.katalon.core.main.TestCaseExecutor.doExecute(TestCaseExecutor.java:285)
	at com.kms.katalon.core.main.TestCaseExecutor.processExecutionPhase(TestCaseExecutor.java:264)
	at com.kms.katalon.core.main.TestCaseExecutor.accessMainPhase(TestCaseExecutor.java:256)
	at com.kms.katalon.core.main.TestCaseExecutor.execute(TestCaseExecutor.java:200)
	at com.kms.katalon.core.main.TestCaseMain.runTestCase(TestCaseMain.java:99)
	at com.kms.katalon.core.keyword.builtin.CallTestCaseKeyword$_callTestCase_closure1.doCall(CallTestCaseKeyword.groovy:60)
	at com.kms.katalon.core.keyword.builtin.CallTestCaseKeyword$_callTestCase_closure1.call(CallTestCaseKeyword.groovy)
	at com.kms.katalon.core.keyword.internal.KeywordMain.runKeyword(KeywordMain.groovy:54)
	at com.kms.katalon.core.keyword.builtin.CallTestCaseKeyword.callTestCase(CallTestCaseKeyword.groovy:81)
	at com.kms.katalon.core.keyword.builtin.CallTestCaseKeyword.execute(CallTestCaseKeyword.groovy:45)
	at com.kms.katalon.core.keyword.internal.KeywordExecutor.executeKeywordForPlatform(KeywordExecutor.groovy:53)
	at com.kms.katalon.core.keyword.BuiltinKeywords.callTestCase(BuiltinKeywords.groovy:334)
	at sun.reflect.GeneratedMethodAccessor13.invoke(Unknown Source)
	at sun.reflect.DelegatingMethodAccessorImpl.invoke(DelegatingMethodAccessorImpl.java:43)
	at java.lang.reflect.Method.invoke(Method.java:498)
	at org.codehaus.groovy.reflection.CachedMethod.invoke(CachedMethod.java:93)
	at groovy.lang.MetaMethod.doMethodInvoke(MetaMethod.java:325)
	at groovy.lang.MetaClassImpl.invokeStaticMethod(MetaClassImpl.java:1469)
	at org.codehaus.groovy.runtime.callsite.StaticMetaClassSite.call(StaticMetaClassSite.java:53)
	at org.codehaus.groovy.runtime.callsite.AbstractCallSite.call(AbstractCallSite.java:141)
	at Script1536051799273.run(Script1536051799273.groovy:28)
	at com.kms.katalon.core.main.ScriptEngine.run(ScriptEngine.java:183)
	at com.kms.katalon.core.main.ScriptEngine.runScriptAsRawText(ScriptEngine.java:108)
	at com.kms.katalon.core.main.TestCaseExecutor.runScript(TestCaseExecutor.java:294)
	at com.kms.katalon.core.main.TestCaseExecutor.doExecute(TestCaseExecutor.java:285)
	at com.kms.katalon.core.main.TestCaseExecutor.processExecutionPhase(TestCaseExecutor.java:264)
	at com.kms.katalon.core.main.TestCaseExecutor.accessMainPhase(TestCaseExecutor.java:256)
	at com.kms.katalon.core.main.TestCaseExecutor.execute(TestCaseExecutor.java:200)
	at com.kms.katalon.core.main.TestCaseMain.runTestCase(TestCaseMain.java:99)
	at com.kms.katalon.core.keyword.builtin.CallTestCaseKeyword$_callTestCase_closure1.doCall(CallTestCaseKeyword.groovy:60)
	at com.kms.katalon.core.keyword.builtin.CallTestCaseKeyword$_callTestCase_closure1.call(CallTestCaseKeyword.groovy)
	at com.kms.katalon.core.keyword.internal.KeywordMain.runKeyword(KeywordMain.groovy:54)
	at com.kms.katalon.core.keyword.builtin.CallTestCaseKeyword.callTestCase(CallTestCaseKeyword.groovy:81)
	at com.kms.katalon.core.keyword.builtin.CallTestCaseKeyword.execute(CallTestCaseKeyword.groovy:45)
	at com.kms.katalon.core.keyword.internal.KeywordExecutor.executeKeywordForPlatform(KeywordExecutor.groovy:53)
	at com.kms.katalon.core.keyword.BuiltinKeywords.callTestCase(BuiltinKeywords.groovy:334)
	at sun.reflect.GeneratedMethodAccessor13.invoke(Unknown Source)
	at sun.reflect.DelegatingMethodAccessorImpl.invoke(DelegatingMethodAccessorImpl.java:43)
	at java.lang.reflect.Method.invoke(Method.java:498)
	at org.codehaus.groovy.reflection.CachedMethod.invoke(CachedMethod.java:93)
	at groovy.lang.MetaMethod.doMethodInvoke(MetaMethod.java:325)
	at groovy.lang.MetaClassImpl.invokeStaticMethod(MetaClassImpl.java:1469)
	at org.codehaus.groovy.runtime.callsite.StaticMetaClassSite.call(StaticMetaClassSite.java:53)
	at org.codehaus.groovy.runtime.callsite.CallSiteArray.defaultCall(CallSiteArray.java:48)
	at org.codehaus.groovy.runtime.callsite.AbstractCallSite.call(AbstractCallSite.java:113)
	at org.codehaus.groovy.runtime.callsite.AbstractCallSite.call(AbstractCallSite.java:141)
	at Script1536116240292.run(Script1536116240292.groovy:15)
	at com.kms.katalon.core.main.ScriptEngine.run(ScriptEngine.java:183)
	at com.kms.katalon.core.main.ScriptEngine.runScriptAsRawText(ScriptEngine.java:108)
	at com.kms.katalon.core.main.TestCaseExecutor.runScript(TestCaseExecutor.java:294)
	at com.kms.katalon.core.main.TestCaseExecutor.doExecute(TestCaseExecutor.java:285)
	at com.kms.katalon.core.main.TestCaseExecutor.processExecutionPhase(TestCaseExecutor.java:264)
	at com.kms.katalon.core.main.TestCaseExecutor.accessMainPhase(TestCaseExecutor.java:256)
	at com.kms.katalon.core.main.TestCaseExecutor.execute(TestCaseExecutor.java:200)
	at com.kms.katalon.core.main.TestSuiteExecutor.accessTestCaseMainPhase(TestSuiteExecutor.java:129)
	at com.kms.katalon.core.main.TestSuiteExecutor.accessTestSuiteMainPhase(TestSuiteExecutor.java:112)
	at com.kms.katalon.core.main.TestSuiteExecutor.execute(TestSuiteExecutor.java:81)
	at com.kms.katalon.core.main.TestCaseMain.startTestSuite(TestCaseMain.java:142)
	at com.kms.katalon.core.main.TestCaseMain$startTestSuite$0.call(Unknown Source)
	at org.codehaus.groovy.runtime.callsite.CallSiteArray.defaultCall(CallSiteArray.java:48)
	at org.codehaus.groovy.runtime.callsite.AbstractCallSite.call(AbstractCallSite.java:113)
	at org.codehaus.groovy.runtime.callsite.AbstractCallSite.call(AbstractCallSite.java:141)
	at TempTestSuite1540012262067.run(TempTestSuite1540012262067.groovy:36)
	at groovy.lang.GroovyShell.runScriptOrMainOrTestOrRunnable(GroovyShell.java:263)
	at groovy.lang.GroovyShell.run(GroovyShell.java:518)
	at groovy.lang.GroovyShell.run(GroovyShell.java:507)
	at groovy.ui.GroovyMain.processOnce(GroovyMain.java:653)
	at groovy.ui.GroovyMain.run(GroovyMain.java:384)
	at groovy.ui.GroovyMain.process(GroovyMain.java:370)
	at groovy.ui.GroovyMain.processArgs(GroovyMain.java:129)
	at groovy.ui.GroovyMain.main(GroovyMain.java:109)
	at sun.reflect.NativeMethodAccessorImpl.invoke0(Native Method)
	at sun.reflect.NativeMethodAccessorImpl.invoke(NativeMethodAccessorImpl.java:62)
	at sun.reflect.DelegatingMethodAccessorImpl.invoke(DelegatingMethodAccessorImpl.java:43)
	at java.lang.reflect.Method.invoke(Method.java:498)
	at org.codehaus.groovy.tools.GroovyStarter.rootLoader(GroovyStarter.java:109)
	at org.codehaus.groovy.tools.GroovyStarter.main(GroovyStarter.java:131)
)

2018-10-20 19:00:45 - [TEST_STEP][FAILED] - callTestCase: Unable to call Test Case with id 'Test Cases/Final Aug 2018 - PKS Automation/Registration Module/Workflow/Update Add New Employee/Template/New Company for Update Add New' (Root cause: Call Test Case 'Test Cases/Final Aug 2018 - PKS Automation/Registration Module/Workflow/Update Add New Employee/Template/New Company for Update Add New' failed)

2018-10-20 19:00:45 - [TEST_CASE][FAILED] - Test Cases/Final Aug 2018 - PKS Automation/Registration Module/Workflow/Update Add New Employee/Template/New Company for Update Add New: Test Cases/Final Aug 2018 - PKS Automation/Registration Module/Workflow/Update Add New Employee/Template/New Company for Update Add New FAILED because (of) (Stack trace: com.kms.katalon.core.exception.StepFailedException: Unable to click on object 'Object Repository/Final Object Repo/New Registration - Registration Module Pages/Third Screen - Upload Supporting Doc- Preview/Select to Upload Borang SIP 2' (Root cause: org.openqa.selenium.WebDriverException: unknown error: Element <span>...</span> is not clickable at point (151, 567). Other element would receive the click: <li class="select2-results__option" id="select2-_newreg_WAR_registrationportlet_objdocTypeId-result-fw6v-134" role="treeitem" aria-selected="false">...</li>
  (Session info: chrome=69.0.3497.100)
  (Driver info: chromedriver=2.35.528161 (5b82f2d2aae0ca24b877009200ced9065a772e73),platform=Windows NT 6.1.7601 SP1 x86_64) (WARNING: The server did not provide any stacktrace information)
Command duration or timeout: 0 milliseconds
Build info: version: '3.7.1', revision: '8a0099a', time: '2017-11-06T21:07:36.161Z'
System info: host: 'WEIZHENG', ip: '192.168.137.1', os.name: 'Windows 7', os.arch: 'amd64', os.version: '6.1', java.version: '1.8.0_181'
Driver info: com.kms.katalon.selenium.driver.CChromeDriver
Capabilities {acceptInsecureCerts: false, acceptSslCerts: false, applicationCacheEnabled: false, browserConnectionEnabled: false, browserName: chrome, chrome: {chromedriverVersion: 2.35.528161 (5b82f2d2aae0ca..., userDataDir: C:\Users\WEIZHE~1\AppData\L...}, cssSelectorsEnabled: true, databaseEnabled: false, handlesAlerts: true, hasTouchScreen: false, javascriptEnabled: true, locationContextEnabled: true, mobileEmulationEnabled: false, nativeEvents: true, networkConnectionEnabled: false, pageLoadStrategy: normal, platform: XP, platformName: XP, rotatable: false, setWindowRect: true, takesHeapSnapshot: true, takesScreenshot: true, unexpectedAlertBehaviour: , unhandledPromptBehavior: , version: 69.0.3497.100, webStorageEnabled: true}
Session ID: b4bf198ec23cbdcc449a9b95eff65e2c)
	at com.kms.katalon.core.keyword.internal.KeywordMain.stepFailed(KeywordMain.groovy:32)
	at com.kms.katalon.core.webui.keyword.internal.WebUIKeywordMain.stepFailed(WebUIKeywordMain.groovy:65)
	at com.kms.katalon.core.webui.keyword.internal.WebUIKeywordMain.runKeyword(WebUIKeywordMain.groovy:27)
	at com.kms.katalon.core.webui.keyword.builtin.ClickKeyword.click(ClickKeyword.groovy:86)
	at com.kms.katalon.core.webui.keyword.builtin.ClickKeyword.execute(ClickKeyword.groovy:67)
	at com.kms.katalon.core.keyword.internal.KeywordExecutor.executeKeywordForPlatform(KeywordExecutor.groovy:53)
	at com.kms.katalon.core.webui.keyword.WebUiBuiltInKeywords.click(WebUiBuiltInKeywords.groovy:616)
	at com.kms.katalon.core.webui.keyword.WebUiBuiltInKeywords$click$2.call(Unknown Source)
	at Script1534409664094.run(Script1534409664094.groovy:104)
	at com.kms.katalon.core.main.ScriptEngine.run(ScriptEngine.java:183)
	at com.kms.katalon.core.main.ScriptEngine.runScriptAsRawText(ScriptEngine.java:108)
	at com.kms.katalon.core.main.TestCaseExecutor.runScript(TestCaseExecutor.java:294)
	at com.kms.katalon.core.main.TestCaseExecutor.doExecute(TestCaseExecutor.java:285)
	at com.kms.katalon.core.main.TestCaseExecutor.processExecutionPhase(TestCaseExecutor.java:264)
	at com.kms.katalon.core.main.TestCaseExecutor.accessMainPhase(TestCaseExecutor.java:256)
	at com.kms.katalon.core.main.TestCaseExecutor.execute(TestCaseExecutor.java:200)
	at com.kms.katalon.core.main.TestCaseMain.runTestCase(TestCaseMain.java:99)
	at com.kms.katalon.core.keyword.builtin.CallTestCaseKeyword$_callTestCase_closure1.doCall(CallTestCaseKeyword.groovy:60)
	at com.kms.katalon.core.keyword.builtin.CallTestCaseKeyword$_callTestCase_closure1.call(CallTestCaseKeyword.groovy)
	at com.kms.katalon.core.keyword.internal.KeywordMain.runKeyword(KeywordMain.groovy:54)
	at com.kms.katalon.core.keyword.builtin.CallTestCaseKeyword.callTestCase(CallTestCaseKeyword.groovy:81)
	at com.kms.katalon.core.keyword.builtin.CallTestCaseKeyword.execute(CallTestCaseKeyword.groovy:45)
	at com.kms.katalon.core.keyword.internal.KeywordExecutor.executeKeywordForPlatform(KeywordExecutor.groovy:53)
	at com.kms.katalon.core.keyword.BuiltinKeywords.callTestCase(BuiltinKeywords.groovy:334)
	at sun.reflect.GeneratedMethodAccessor13.invoke(Unknown Source)
	at sun.reflect.DelegatingMethodAccessorImpl.invoke(DelegatingMethodAccessorImpl.java:43)
	at java.lang.reflect.Method.invoke(Method.java:498)
	at org.codehaus.groovy.reflection.CachedMethod.invoke(CachedMethod.java:93)
	at groovy.lang.MetaMethod.doMethodInvoke(MetaMethod.java:325)
	at groovy.lang.MetaClassImpl.invokeStaticMethod(MetaClassImpl.java:1469)
	at org.codehaus.groovy.runtime.callsite.StaticMetaClassSite.call(StaticMetaClassSite.java:53)
	at org.codehaus.groovy.runtime.callsite.AbstractCallSite.call(AbstractCallSite.java:141)
	at Script1536051799273.run(Script1536051799273.groovy:28)
	at com.kms.katalon.core.main.ScriptEngine.run(ScriptEngine.java:183)
	at com.kms.katalon.core.main.ScriptEngine.runScriptAsRawText(ScriptEngine.java:108)
	at com.kms.katalon.core.main.TestCaseExecutor.runScript(TestCaseExecutor.java:294)
	at com.kms.katalon.core.main.TestCaseExecutor.doExecute(TestCaseExecutor.java:285)
	at com.kms.katalon.core.main.TestCaseExecutor.processExecutionPhase(TestCaseExecutor.java:264)
	at com.kms.katalon.core.main.TestCaseExecutor.accessMainPhase(TestCaseExecutor.java:256)
	at com.kms.katalon.core.main.TestCaseExecutor.execute(TestCaseExecutor.java:200)
	at com.kms.katalon.core.main.TestCaseMain.runTestCase(TestCaseMain.java:99)
	at com.kms.katalon.core.keyword.builtin.CallTestCaseKeyword$_callTestCase_closure1.doCall(CallTestCaseKeyword.groovy:60)
	at com.kms.katalon.core.keyword.builtin.CallTestCaseKeyword$_callTestCase_closure1.call(CallTestCaseKeyword.groovy)
	at com.kms.katalon.core.keyword.internal.KeywordMain.runKeyword(KeywordMain.groovy:54)
	at com.kms.katalon.core.keyword.builtin.CallTestCaseKeyword.callTestCase(CallTestCaseKeyword.groovy:81)
	at com.kms.katalon.core.keyword.builtin.CallTestCaseKeyword.execute(CallTestCaseKeyword.groovy:45)
	at com.kms.katalon.core.keyword.internal.KeywordExecutor.executeKeywordForPlatform(KeywordExecutor.groovy:53)
	at com.kms.katalon.core.keyword.BuiltinKeywords.callTestCase(BuiltinKeywords.groovy:334)
	at sun.reflect.GeneratedMethodAccessor13.invoke(Unknown Source)
	at sun.reflect.DelegatingMethodAccessorImpl.invoke(DelegatingMethodAccessorImpl.java:43)
	at java.lang.reflect.Method.invoke(Method.java:498)
	at org.codehaus.groovy.reflection.CachedMethod.invoke(CachedMethod.java:93)
	at groovy.lang.MetaMethod.doMethodInvoke(MetaMethod.java:325)
	at groovy.lang.MetaClassImpl.invokeStaticMethod(MetaClassImpl.java:1469)
	at org.codehaus.groovy.runtime.callsite.StaticMetaClassSite.call(StaticMetaClassSite.java:53)
	at org.codehaus.groovy.runtime.callsite.CallSiteArray.defaultCall(CallSiteArray.java:48)
	at org.codehaus.groovy.runtime.callsite.AbstractCallSite.call(AbstractCallSite.java:113)
	at org.codehaus.groovy.runtime.callsite.AbstractCallSite.call(AbstractCallSite.java:141)
	at Script1536116240292.run(Script1536116240292.groovy:15)
	at com.kms.katalon.core.main.ScriptEngine.run(ScriptEngine.java:183)
	at com.kms.katalon.core.main.ScriptEngine.runScriptAsRawText(ScriptEngine.java:108)
	at com.kms.katalon.core.main.TestCaseExecutor.runScript(TestCaseExecutor.java:294)
	at com.kms.katalon.core.main.TestCaseExecutor.doExecute(TestCaseExecutor.java:285)
	at com.kms.katalon.core.main.TestCaseExecutor.processExecutionPhase(TestCaseExecutor.java:264)
	at com.kms.katalon.core.main.TestCaseExecutor.accessMainPhase(TestCaseExecutor.java:256)
	at com.kms.katalon.core.main.TestCaseExecutor.execute(TestCaseExecutor.java:200)
	at com.kms.katalon.core.main.TestSuiteExecutor.accessTestCaseMainPhase(TestSuiteExecutor.java:129)
	at com.kms.katalon.core.main.TestSuiteExecutor.accessTestSuiteMainPhase(TestSuiteExecutor.java:112)
	at com.kms.katalon.core.main.TestSuiteExecutor.execute(TestSuiteExecutor.java:81)
	at com.kms.katalon.core.main.TestCaseMain.startTestSuite(TestCaseMain.java:142)
	at com.kms.katalon.core.main.TestCaseMain$startTestSuite$0.call(Unknown Source)
	at org.codehaus.groovy.runtime.callsite.CallSiteArray.defaultCall(CallSiteArray.java:48)
	at org.codehaus.groovy.runtime.callsite.AbstractCallSite.call(AbstractCallSite.java:113)
	at org.codehaus.groovy.runtime.callsite.AbstractCallSite.call(AbstractCallSite.java:141)
	at TempTestSuite1540012262067.run(TempTestSuite1540012262067.groovy:36)
	at groovy.lang.GroovyShell.runScriptOrMainOrTestOrRunnable(GroovyShell.java:263)
	at groovy.lang.GroovyShell.run(GroovyShell.java:518)
	at groovy.lang.GroovyShell.run(GroovyShell.java:507)
	at groovy.ui.GroovyMain.processOnce(GroovyMain.java:653)
	at groovy.ui.GroovyMain.run(GroovyMain.java:384)
	at groovy.ui.GroovyMain.process(GroovyMain.java:370)
	at groovy.ui.GroovyMain.processArgs(GroovyMain.java:129)
	at groovy.ui.GroovyMain.main(GroovyMain.java:109)
	at sun.reflect.NativeMethodAccessorImpl.invoke0(Native Method)
	at sun.reflect.NativeMethodAccessorImpl.invoke(NativeMethodAccessorImpl.java:62)
	at sun.reflect.DelegatingMethodAccessorImpl.invoke(DelegatingMethodAccessorImpl.java:43)
	at java.lang.reflect.Method.invoke(Method.java:498)
	at org.codehaus.groovy.tools.GroovyStarter.rootLoader(GroovyStarter.java:109)
	at org.codehaus.groovy.tools.GroovyStarter.main(GroovyStarter.java:131)
)

2018-10-20 19:00:45 - [TEST_STEP][PASSED] - callTestCase: Call Test Case 'Test Cases/Final Aug 2018 - PKS Automation/Registration Module/New Registration/Form 1/Form 1 - Corporation - BHD' successfully

2018-10-20 19:00:45 - [TEST_CASE][PASSED] - Test Cases/Final Aug 2018 - PKS Automation/Registration Module/New Registration/Form 1/Form 1 - Corporation - BHD: Test Cases/Final Aug 2018 - PKS Automation/Registration Module/New Registration/Form 1/Form 1 - Corporation - BHD

2018-10-20 19:00:45 - [TEST_STEP][PASSED] - openBrowser: Browser is opened with url: ''

2018-10-20 19:00:45 - [MESSAGE][WARNING] - A browser is already opened. Closing browser and opening a new one

2018-10-20 19:00:49 - [MESSAGE][PASSED] - Browser is opened with url: ''

2018-10-20 19:00:49 - [TEST_STEP][PASSED] - navigateToUrl: Navigate to 'https://assist2-uat.perkeso.gov.my/login' successfully

2018-10-20 19:00:51 - [MESSAGE][PASSED] - Navigate to 'https://assist2-uat.perkeso.gov.my/login' successfully

2018-10-20 19:00:51 - [TEST_STEP][PASSED] - setText: Text 'johorotc1@gmail.com' is set on object 'Object Repository/Final Object Repo/Login Page/Internal User/Email Address'

2018-10-20 19:00:51 - [MESSAGE][PASSED] - Text 'johorotc1@gmail.com' is set on object 'Object Repository/Final Object Repo/Login Page/Internal User/Email Address'

2018-10-20 19:00:51 - [TEST_STEP][PASSED] - click: Object: 'Object Repository/Final Object Repo/Login Page/Internal User/Next Button' is clicked on

2018-10-20 19:00:51 - [MESSAGE][PASSED] - Object: 'Object Repository/Final Object Repo/Login Page/Internal User/Next Button' is clicked on

2018-10-20 19:00:51 - [TEST_STEP][PASSED] - delay: Delayed 1 second(s)

2018-10-20 19:00:52 - [MESSAGE][PASSED] - Delayed 1 second(s)

2018-10-20 19:00:52 - [TEST_STEP][PASSED] - setEncryptedText: Text ****** has been set on object 'Object Repository/Final Object Repo/Login Page/Internal User/Password'

2018-10-20 19:00:53 - [MESSAGE][PASSED] - Text ****** has been set on object 'Object Repository/Final Object Repo/Login Page/Internal User/Password'

2018-10-20 19:00:53 - [TEST_STEP][PASSED] - click: Object: 'Object Repository/Final Object Repo/Login Page/Internal User/Login Button' is clicked on

2018-10-20 19:00:53 - [MESSAGE][PASSED] - Object: 'Object Repository/Final Object Repo/Login Page/Internal User/Login Button' is clicked on

2018-10-20 19:00:53 - [TEST_STEP][PASSED] - delay: Delayed 1 second(s)

2018-10-20 19:00:54 - [MESSAGE][PASSED] - Delayed 1 second(s)

2018-10-20 19:00:54 - [TEST_STEP][PASSED] - Statement - Try: Delayed 2 second(s)

2018-10-20 19:00:54 - [TEST_STEP][PASSED] - Statement - Checker = false: null

2018-10-20 19:00:54 - [TEST_STEP][PASSED] - Statement - Checker = com.kms.katalon.core.webui.keyword.WebUiBuiltInKeywords.verifyElementHasAttribute(com.kms.katalon.core.testobject.ObjectRepository.findTestObject(Final Object Repo/Landing Page/BM Detecting), "href", 20, OPTIONAL): Object 'Object Repository/Final Object Repo/Landing Page/BM Detecting' has attribute 'href'

2018-10-20 19:00:56 - [MESSAGE][PASSED] - Object 'Object Repository/Final Object Repo/Landing Page/BM Detecting' has attribute 'href'

2018-10-20 19:00:56 - [TEST_STEP][PASSED] - Statement - out.println(Checker): null

2018-10-20 19:00:56 - [TEST_STEP][PASSED] - Statement - If (Checker == false): null

2018-10-20 19:00:56 - [TEST_STEP][PASSED] - Statement - Else: null

2018-10-20 19:00:56 - [TEST_STEP][PASSED] - delay: Delayed 2 second(s)

2018-10-20 19:00:58 - [MESSAGE][PASSED] - Delayed 2 second(s)

2018-10-20 19:00:58 - [TEST_STEP][PASSED] - navigateToUrl: Navigate to 'https://assist2-uat.perkeso.gov.my/web/registration/registration' successfully

2018-10-20 19:00:59 - [MESSAGE][PASSED] - Navigate to 'https://assist2-uat.perkeso.gov.my/web/registration/registration' successfully

2018-10-20 19:00:59 - [TEST_STEP][PASSED] - click: Object: 'Object Repository/Final Object Repo/New Registration - Registration Module Pages/Form 1/AEC - No' is clicked on

2018-10-20 19:00:59 - [MESSAGE][PASSED] - Object: 'Object Repository/Final Object Repo/New Registration - Registration Module Pages/Form 1/AEC - No' is clicked on

2018-10-20 19:00:59 - [TEST_STEP][PASSED] - click: Object: 'Object Repository/Final Object Repo/New Registration - Registration Module Pages/Form 1/Business Entity' is clicked on

2018-10-20 19:00:59 - [MESSAGE][PASSED] - Object: 'Object Repository/Final Object Repo/New Registration - Registration Module Pages/Form 1/Business Entity' is clicked on

2018-10-20 19:00:59 - [TEST_STEP][PASSED] - click: Object: 'Object Repository/Final Object Repo/New Registration - Registration Module Pages/Form 1/Businees Entity - Corporation' is clicked on

2018-10-20 19:01:00 - [MESSAGE][PASSED] - Object: 'Object Repository/Final Object Repo/New Registration - Registration Module Pages/Form 1/Businees Entity - Corporation' is clicked on

2018-10-20 19:01:00 - [TEST_STEP][PASSED] - delay: Delayed 1 second(s)

2018-10-20 19:01:01 - [MESSAGE][PASSED] - Delayed 1 second(s)

2018-10-20 19:01:01 - [TEST_STEP][PASSED] - click: Object: 'Object Repository/Final Object Repo/New Registration - Registration Module Pages/Form 1/Sub Business Entity' is clicked on

2018-10-20 19:01:01 - [MESSAGE][PASSED] - Object: 'Object Repository/Final Object Repo/New Registration - Registration Module Pages/Form 1/Sub Business Entity' is clicked on

2018-10-20 19:01:01 - [TEST_STEP][PASSED] - click: Object: 'Object Repository/Final Object Repo/New Registration - Registration Module Pages/Form 1/Sub Business Entity - Berhad' is clicked on

2018-10-20 19:01:01 - [MESSAGE][PASSED] - Object: 'Object Repository/Final Object Repo/New Registration - Registration Module Pages/Form 1/Sub Business Entity - Berhad' is clicked on

2018-10-20 19:01:01 - [TEST_STEP][PASSED] - delay: Delayed 1 second(s)

2018-10-20 19:01:02 - [MESSAGE][PASSED] - Delayed 1 second(s)

2018-10-20 19:01:02 - [TEST_STEP][PASSED] - setText: Text '123' is set on object 'Object Repository/Final Object Repo/New Registration - Registration Module Pages/Form 1/Registration Number'

2018-10-20 19:01:02 - [MESSAGE][PASSED] - Text '123' is set on object 'Object Repository/Final Object Repo/New Registration - Registration Module Pages/Form 1/Registration Number'

2018-10-20 19:01:02 - [TEST_STEP][PASSED] - click: Object: 'Object Repository/Final Object Repo/New Registration - Registration Module Pages/Form 1/Registred with SSM - Before Feb' is clicked on

2018-10-20 19:01:03 - [MESSAGE][PASSED] - Object: 'Object Repository/Final Object Repo/New Registration - Registration Module Pages/Form 1/Registred with SSM - Before Feb' is clicked on

2018-10-20 19:01:03 - [TEST_STEP][PASSED] - click: Object: 'Object Repository/Final Object Repo/New Registration - Registration Module Pages/Form 1/Registered As a Branch - Yes' is clicked on

2018-10-20 19:01:03 - [MESSAGE][PASSED] - Object: 'Object Repository/Final Object Repo/New Registration - Registration Module Pages/Form 1/Registered As a Branch - Yes' is clicked on

2018-10-20 19:01:03 - [TEST_STEP][PASSED] - click: Object: 'Object Repository/Final Object Repo/New Registration - Registration Module Pages/Form 1/Acknowledgement' is clicked on

2018-10-20 19:01:03 - [MESSAGE][PASSED] - Object: 'Object Repository/Final Object Repo/New Registration - Registration Module Pages/Form 1/Acknowledgement' is clicked on

2018-10-20 19:01:03 - [TEST_STEP][PASSED] - setText: Text 'perkeso' is set on object 'Object Repository/Final Object Repo/New Registration - Registration Module Pages/Form 1/Industry name'

2018-10-20 19:01:03 - [MESSAGE][PASSED] - Text 'perkeso' is set on object 'Object Repository/Final Object Repo/New Registration - Registration Module Pages/Form 1/Industry name'

2018-10-20 19:01:03 - [TEST_STEP][PASSED] - setText: Text 'perkeso1' is set on object 'Object Repository/Final Object Repo/New Registration - Registration Module Pages/Form 1/Postal Address1'

2018-10-20 19:01:03 - [MESSAGE][PASSED] - Text 'perkeso1' is set on object 'Object Repository/Final Object Repo/New Registration - Registration Module Pages/Form 1/Postal Address1'

2018-10-20 19:01:03 - [TEST_STEP][PASSED] - setText: Text 'perkeso2' is set on object 'Object Repository/Final Object Repo/New Registration - Registration Module Pages/Form 1/Postal Address2'

2018-10-20 19:01:04 - [MESSAGE][PASSED] - Text 'perkeso2' is set on object 'Object Repository/Final Object Repo/New Registration - Registration Module Pages/Form 1/Postal Address2'

2018-10-20 19:01:04 - [TEST_STEP][PASSED] - setText: Text 'perkeso3' is set on object 'Object Repository/Final Object Repo/New Registration - Registration Module Pages/Form 1/Postal Address3'

2018-10-20 19:01:04 - [MESSAGE][PASSED] - Text 'perkeso3' is set on object 'Object Repository/Final Object Repo/New Registration - Registration Module Pages/Form 1/Postal Address3'

2018-10-20 19:01:04 - [TEST_STEP][PASSED] - click: Object: 'Object Repository/Final Object Repo/New Registration - Registration Module Pages/Form 1/State' is clicked on

2018-10-20 19:01:04 - [MESSAGE][PASSED] - Object: 'Object Repository/Final Object Repo/New Registration - Registration Module Pages/Form 1/State' is clicked on

2018-10-20 19:01:04 - [TEST_STEP][PASSED] - click: Object: 'Object Repository/Final Object Repo/New Registration - Registration Module Pages/Form 1/State - Johor' is clicked on

2018-10-20 19:01:04 - [MESSAGE][PASSED] - Object: 'Object Repository/Final Object Repo/New Registration - Registration Module Pages/Form 1/State - Johor' is clicked on

2018-10-20 19:01:04 - [TEST_STEP][PASSED] - delay: Delayed 1 second(s)

2018-10-20 19:01:05 - [MESSAGE][PASSED] - Delayed 1 second(s)

2018-10-20 19:01:05 - [TEST_STEP][PASSED] - click: Object: 'Object Repository/Final Object Repo/New Registration - Registration Module Pages/Form 1/City' is clicked on

2018-10-20 19:01:05 - [MESSAGE][PASSED] - Object: 'Object Repository/Final Object Repo/New Registration - Registration Module Pages/Form 1/City' is clicked on

2018-10-20 19:01:05 - [TEST_STEP][PASSED] - setText: Text 'joh' is set on object 'Object Repository/Final Object Repo/New Registration - Registration Module Pages/Form 1/Postcode - 810'

2018-10-20 19:01:06 - [MESSAGE][PASSED] - Text 'joh' is set on object 'Object Repository/Final Object Repo/New Registration - Registration Module Pages/Form 1/Postcode - 810'

2018-10-20 19:01:06 - [TEST_STEP][PASSED] - delay: Delayed 1 second(s)

2018-10-20 19:01:07 - [MESSAGE][PASSED] - Delayed 1 second(s)

2018-10-20 19:01:07 - [TEST_STEP][PASSED] - click: Object: 'Object Repository/Final Object Repo/New Registration - Registration Module Pages/Form 1/City - Johor Bharu' is clicked on

2018-10-20 19:01:07 - [MESSAGE][PASSED] - Object: 'Object Repository/Final Object Repo/New Registration - Registration Module Pages/Form 1/City - Johor Bharu' is clicked on

2018-10-20 19:01:07 - [TEST_STEP][PASSED] - delay: Delayed 1 second(s)

2018-10-20 19:01:08 - [MESSAGE][PASSED] - Delayed 1 second(s)

2018-10-20 19:01:08 - [TEST_STEP][PASSED] - click: Object: 'Object Repository/Final Object Repo/New Registration - Registration Module Pages/Form 1/Postcode' is clicked on

2018-10-20 19:01:08 - [MESSAGE][PASSED] - Object: 'Object Repository/Final Object Repo/New Registration - Registration Module Pages/Form 1/Postcode' is clicked on

2018-10-20 19:01:08 - [TEST_STEP][PASSED] - delay: Delayed 1 second(s)

2018-10-20 19:01:09 - [MESSAGE][PASSED] - Delayed 1 second(s)

2018-10-20 19:01:09 - [TEST_STEP][PASSED] - setText: Text '810' is set on object 'Object Repository/Final Object Repo/New Registration - Registration Module Pages/Form 1/Postcode - 810'

2018-10-20 19:01:09 - [MESSAGE][PASSED] - Text '810' is set on object 'Object Repository/Final Object Repo/New Registration - Registration Module Pages/Form 1/Postcode - 810'

2018-10-20 19:01:09 - [TEST_STEP][PASSED] - delay: Delayed 3 second(s)

2018-10-20 19:01:12 - [MESSAGE][PASSED] - Delayed 3 second(s)

2018-10-20 19:01:12 - [TEST_STEP][PASSED] - click: Object: 'Object Repository/Final Object Repo/New Registration - Registration Module Pages/Form 1/Postcode - 81000' is clicked on

2018-10-20 19:01:12 - [MESSAGE][PASSED] - Object: 'Object Repository/Final Object Repo/New Registration - Registration Module Pages/Form 1/Postcode - 81000' is clicked on

2018-10-20 19:01:12 - [TEST_STEP][PASSED] - delay: Delayed 1 second(s)

2018-10-20 19:01:13 - [MESSAGE][PASSED] - Delayed 1 second(s)

2018-10-20 19:01:13 - [TEST_STEP][PASSED] - setText: Text '100' is set on object 'Object Repository/Final Object Repo/New Registration - Registration Module Pages/Form 1/P.O.BOX'

2018-10-20 19:01:14 - [MESSAGE][PASSED] - Text '100' is set on object 'Object Repository/Final Object Repo/New Registration - Registration Module Pages/Form 1/P.O.BOX'

2018-10-20 19:01:14 - [TEST_STEP][PASSED] - setText: Text '100' is set on object 'Object Repository/Final Object Repo/New Registration - Registration Module Pages/Form 1/Locked Bag No'

2018-10-20 19:01:14 - [MESSAGE][PASSED] - Text '100' is set on object 'Object Repository/Final Object Repo/New Registration - Registration Module Pages/Form 1/Locked Bag No'

2018-10-20 19:01:14 - [TEST_STEP][PASSED] - click: Object: 'Object Repository/Final Object Repo/New Registration - Registration Module Pages/Form 1/SOCSO Office Location' is clicked on

2018-10-20 19:01:14 - [MESSAGE][PASSED] - Object: 'Object Repository/Final Object Repo/New Registration - Registration Module Pages/Form 1/SOCSO Office Location' is clicked on

2018-10-20 19:01:14 - [TEST_STEP][PASSED] - click: Object: 'Object Repository/Final Object Repo/New Registration - Registration Module Pages/Form 1/SOCSO Office Location - Pejabat PERKESO Negeri Johor' is clicked on

2018-10-20 19:01:14 - [MESSAGE][PASSED] - Object: 'Object Repository/Final Object Repo/New Registration - Registration Module Pages/Form 1/SOCSO Office Location - Pejabat PERKESO Negeri Johor' is clicked on

2018-10-20 19:01:14 - [TEST_STEP][PASSED] - delay: Delayed 1 second(s)

2018-10-20 19:01:15 - [MESSAGE][PASSED] - Delayed 1 second(s)

2018-10-20 19:01:15 - [TEST_STEP][PASSED] - check: Object 'Object Repository/Final Object Repo/New Registration - Registration Module Pages/Form 1/Indusrty Address Same As Postal Address' is checked

2018-10-20 19:01:15 - [MESSAGE][PASSED] - Object 'Object Repository/Final Object Repo/New Registration - Registration Module Pages/Form 1/Indusrty Address Same As Postal Address' is checked

2018-10-20 19:01:15 - [TEST_STEP][PASSED] - delay: Delayed 3 second(s)

2018-10-20 19:01:18 - [MESSAGE][PASSED] - Delayed 3 second(s)

2018-10-20 19:01:18 - [TEST_STEP][PASSED] - click: Object: 'Object Repository/Final Object Repo/New Registration - Registration Module Pages/Form 1/Indusry Address Same As Postal Address False' is clicked on

2018-10-20 19:01:19 - [MESSAGE][PASSED] - Object: 'Object Repository/Final Object Repo/New Registration - Registration Module Pages/Form 1/Indusry Address Same As Postal Address False' is clicked on

2018-10-20 19:01:19 - [TEST_STEP][PASSED] - delay: Delayed 1 second(s)

2018-10-20 19:01:20 - [MESSAGE][PASSED] - Delayed 1 second(s)

2018-10-20 19:01:20 - [TEST_STEP][PASSED] - setText: Text 'perkeso1' is set on object 'Object Repository/Final Object Repo/New Registration - Registration Module Pages/Form 1/Industry Address1'

2018-10-20 19:01:20 - [MESSAGE][PASSED] - Text 'perkeso1' is set on object 'Object Repository/Final Object Repo/New Registration - Registration Module Pages/Form 1/Industry Address1'

2018-10-20 19:01:20 - [TEST_STEP][PASSED] - setText: Text 'perkeso2' is set on object 'Object Repository/Final Object Repo/New Registration - Registration Module Pages/Form 1/Industry Address2'

2018-10-20 19:01:20 - [MESSAGE][PASSED] - Text 'perkeso2' is set on object 'Object Repository/Final Object Repo/New Registration - Registration Module Pages/Form 1/Industry Address2'

2018-10-20 19:01:20 - [TEST_STEP][PASSED] - setText: Text 'perkeso3' is set on object 'Object Repository/Final Object Repo/New Registration - Registration Module Pages/Form 1/Industry Address3'

2018-10-20 19:01:20 - [MESSAGE][PASSED] - Text 'perkeso3' is set on object 'Object Repository/Final Object Repo/New Registration - Registration Module Pages/Form 1/Industry Address3'

2018-10-20 19:01:20 - [TEST_STEP][PASSED] - click: Object: 'Object Repository/Final Object Repo/New Registration - Registration Module Pages/Form 1/Industry State' is clicked on

2018-10-20 19:01:20 - [MESSAGE][PASSED] - Object: 'Object Repository/Final Object Repo/New Registration - Registration Module Pages/Form 1/Industry State' is clicked on

2018-10-20 19:01:20 - [TEST_STEP][PASSED] - delay: Delayed 2 second(s)

2018-10-20 19:01:22 - [MESSAGE][PASSED] - Delayed 2 second(s)

2018-10-20 19:01:22 - [TEST_STEP][PASSED] - click: Object: 'Object Repository/Final Object Repo/New Registration - Registration Module Pages/Form 1/Industry State - Johor' is clicked on

2018-10-20 19:01:23 - [MESSAGE][PASSED] - Object: 'Object Repository/Final Object Repo/New Registration - Registration Module Pages/Form 1/Industry State - Johor' is clicked on

2018-10-20 19:01:23 - [TEST_STEP][PASSED] - delay: Delayed 2 second(s)

2018-10-20 19:01:25 - [MESSAGE][PASSED] - Delayed 2 second(s)

2018-10-20 19:01:25 - [TEST_STEP][PASSED] - click: Object: 'Object Repository/Final Object Repo/New Registration - Registration Module Pages/Form 1/Industry Ciry' is clicked on

2018-10-20 19:01:25 - [MESSAGE][PASSED] - Object: 'Object Repository/Final Object Repo/New Registration - Registration Module Pages/Form 1/Industry Ciry' is clicked on

2018-10-20 19:01:25 - [TEST_STEP][PASSED] - setText: Text 'joh' is set on object 'Object Repository/Final Object Repo/New Registration - Registration Module Pages/Form 1/Industry Ciry - joh'

2018-10-20 19:01:25 - [MESSAGE][PASSED] - Text 'joh' is set on object 'Object Repository/Final Object Repo/New Registration - Registration Module Pages/Form 1/Industry Ciry - joh'

2018-10-20 19:01:25 - [TEST_STEP][PASSED] - delay: Delayed 2 second(s)

2018-10-20 19:01:27 - [MESSAGE][PASSED] - Delayed 2 second(s)

2018-10-20 19:01:27 - [TEST_STEP][PASSED] - click: Object: 'Object Repository/Final Object Repo/New Registration - Registration Module Pages/Form 1/Industy State - Johor Bharu' is clicked on

2018-10-20 19:01:27 - [MESSAGE][PASSED] - Object: 'Object Repository/Final Object Repo/New Registration - Registration Module Pages/Form 1/Industy State - Johor Bharu' is clicked on

2018-10-20 19:01:27 - [TEST_STEP][PASSED] - delay: Delayed 1 second(s)

2018-10-20 19:01:28 - [MESSAGE][PASSED] - Delayed 1 second(s)

2018-10-20 19:01:28 - [TEST_STEP][PASSED] - click: Object: 'Object Repository/Final Object Repo/New Registration - Registration Module Pages/Form 1/Indusry PostCode' is clicked on

2018-10-20 19:01:28 - [MESSAGE][PASSED] - Object: 'Object Repository/Final Object Repo/New Registration - Registration Module Pages/Form 1/Indusry PostCode' is clicked on

2018-10-20 19:01:28 - [TEST_STEP][PASSED] - delay: Delayed 1 second(s)

2018-10-20 19:01:29 - [MESSAGE][PASSED] - Delayed 1 second(s)

2018-10-20 19:01:29 - [TEST_STEP][PASSED] - setText: Text '810' is set on object 'Object Repository/Final Object Repo/New Registration - Registration Module Pages/Form 1/Insutry Post Code - 810'

2018-10-20 19:01:30 - [MESSAGE][PASSED] - Text '810' is set on object 'Object Repository/Final Object Repo/New Registration - Registration Module Pages/Form 1/Insutry Post Code - 810'

2018-10-20 19:01:30 - [TEST_STEP][PASSED] - delay: Delayed 1 second(s)

2018-10-20 19:01:31 - [MESSAGE][PASSED] - Delayed 1 second(s)

2018-10-20 19:01:31 - [TEST_STEP][PASSED] - click: Object: 'Object Repository/Final Object Repo/New Registration - Registration Module Pages/Form 1/Insutry Post Code - 81000' is clicked on

2018-10-20 19:01:31 - [MESSAGE][PASSED] - Object: 'Object Repository/Final Object Repo/New Registration - Registration Module Pages/Form 1/Insutry Post Code - 81000' is clicked on

2018-10-20 19:01:31 - [TEST_STEP][PASSED] - delay: Delayed 1 second(s)

2018-10-20 19:01:32 - [MESSAGE][PASSED] - Delayed 1 second(s)

2018-10-20 19:01:32 - [TEST_STEP][PASSED] - setText: Text '100' is set on object 'Object Repository/Final Object Repo/New Registration - Registration Module Pages/Form 1/Industry P.O.BOX'

2018-10-20 19:01:32 - [MESSAGE][PASSED] - Text '100' is set on object 'Object Repository/Final Object Repo/New Registration - Registration Module Pages/Form 1/Industry P.O.BOX'

2018-10-20 19:01:32 - [TEST_STEP][PASSED] - setText: Text '100' is set on object 'Object Repository/Final Object Repo/New Registration - Registration Module Pages/Form 1/Industry Locked Bag No'

2018-10-20 19:01:32 - [MESSAGE][PASSED] - Text '100' is set on object 'Object Repository/Final Object Repo/New Registration - Registration Module Pages/Form 1/Industry Locked Bag No'

2018-10-20 19:01:32 - [TEST_STEP][PASSED] - setText: Text '123456789' is set on object 'Object Repository/Final Object Repo/New Registration - Registration Module Pages/Form 1/Telephone No'

2018-10-20 19:01:33 - [MESSAGE][PASSED] - Text '123456789' is set on object 'Object Repository/Final Object Repo/New Registration - Registration Module Pages/Form 1/Telephone No'

2018-10-20 19:01:33 - [TEST_STEP][PASSED] - setText: Text '123456789' is set on object 'Object Repository/Final Object Repo/New Registration - Registration Module Pages/Form 1/Mobile No'

2018-10-20 19:01:33 - [MESSAGE][PASSED] - Text '123456789' is set on object 'Object Repository/Final Object Repo/New Registration - Registration Module Pages/Form 1/Mobile No'

2018-10-20 19:01:33 - [TEST_STEP][PASSED] - setText: Text '123456789' is set on object 'Object Repository/Final Object Repo/New Registration - Registration Module Pages/Form 1/Fax No'

2018-10-20 19:01:33 - [MESSAGE][PASSED] - Text '123456789' is set on object 'Object Repository/Final Object Repo/New Registration - Registration Module Pages/Form 1/Fax No'

2018-10-20 19:01:33 - [TEST_STEP][PASSED] - click: Object: 'Object Repository/Final Object Repo/New Registration - Registration Module Pages/Form 1/Industry Code' is clicked on

2018-10-20 19:01:33 - [MESSAGE][PASSED] - Object: 'Object Repository/Final Object Repo/New Registration - Registration Module Pages/Form 1/Industry Code' is clicked on

2018-10-20 19:01:33 - [TEST_STEP][PASSED] - click: Object: 'Object Repository/Final Object Repo/New Registration - Registration Module Pages/Form 1/Indudustry Code - Crops and Animal' is clicked on

2018-10-20 19:01:33 - [MESSAGE][PASSED] - Object: 'Object Repository/Final Object Repo/New Registration - Registration Module Pages/Form 1/Indudustry Code - Crops and Animal' is clicked on

2018-10-20 19:01:33 - [TEST_STEP][PASSED] - delay: Delayed 1 second(s)

2018-10-20 19:01:34 - [MESSAGE][PASSED] - Delayed 1 second(s)

2018-10-20 19:01:34 - [TEST_STEP][PASSED] - click: Object: 'Object Repository/Final Object Repo/New Registration - Registration Module Pages/Form 1/Sub Industry Code List' is clicked on

2018-10-20 19:01:35 - [MESSAGE][PASSED] - Object: 'Object Repository/Final Object Repo/New Registration - Registration Module Pages/Form 1/Sub Industry Code List' is clicked on

2018-10-20 19:01:35 - [TEST_STEP][PASSED] - click: Object: 'Object Repository/Final Object Repo/New Registration - Registration Module Pages/Form 1/Sub Industry Code List - Growing of Maize' is clicked on

2018-10-20 19:01:35 - [MESSAGE][PASSED] - Object: 'Object Repository/Final Object Repo/New Registration - Registration Module Pages/Form 1/Sub Industry Code List - Growing of Maize' is clicked on

2018-10-20 19:01:35 - [TEST_STEP][PASSED] - setText: Text 'perkeso123@gmail.com' is set on object 'Object Repository/Final Object Repo/New Registration - Registration Module Pages/Form 1/Email'

2018-10-20 19:01:35 - [MESSAGE][PASSED] - Text 'perkeso123@gmail.com' is set on object 'Object Repository/Final Object Repo/New Registration - Registration Module Pages/Form 1/Email'

2018-10-20 19:01:35 - [TEST_STEP][PASSED] - click: Object: 'Object Repository/Final Object Repo/New Registration - Registration Module Pages/Form 1/Method of Contribution Payment' is clicked on

2018-10-20 19:01:35 - [MESSAGE][PASSED] - Object: 'Object Repository/Final Object Repo/New Registration - Registration Module Pages/Form 1/Method of Contribution Payment' is clicked on

2018-10-20 19:01:35 - [TEST_STEP][PASSED] - click: Object: 'Object Repository/Final Object Repo/New Registration - Registration Module Pages/Form 1/Method of Contribution Payment - Portal' is clicked on

2018-10-20 19:01:36 - [MESSAGE][PASSED] - Object: 'Object Repository/Final Object Repo/New Registration - Registration Module Pages/Form 1/Method of Contribution Payment - Portal' is clicked on

2018-10-20 19:01:36 - [TEST_STEP][PASSED] - click: Object: 'Object Repository/Final Object Repo/New Registration - Registration Module Pages/Form 1/Servide Type' is clicked on

2018-10-20 19:01:36 - [MESSAGE][PASSED] - Object: 'Object Repository/Final Object Repo/New Registration - Registration Module Pages/Form 1/Servide Type' is clicked on

2018-10-20 19:01:36 - [TEST_STEP][PASSED] - click: Object: 'Object Repository/Final Object Repo/New Registration - Registration Module Pages/Form 1/Servide Type - Professional Bodies' is clicked on

2018-10-20 19:01:36 - [MESSAGE][PASSED] - Object: 'Object Repository/Final Object Repo/New Registration - Registration Module Pages/Form 1/Servide Type - Professional Bodies' is clicked on

2018-10-20 19:01:36 - [TEST_STEP][PASSED] - click: Object: 'Object Repository/Final Object Repo/New Registration - Registration Module Pages/Form 1/Industry Venue' is clicked on

2018-10-20 19:01:36 - [MESSAGE][PASSED] - Object: 'Object Repository/Final Object Repo/New Registration - Registration Module Pages/Form 1/Industry Venue' is clicked on

2018-10-20 19:01:36 - [TEST_STEP][PASSED] - click: Object: 'Object Repository/Final Object Repo/New Registration - Registration Module Pages/Form 1/Industry Venue -  PPN JOHOR' is clicked on

2018-10-20 19:01:36 - [MESSAGE][PASSED] - Object: 'Object Repository/Final Object Repo/New Registration - Registration Module Pages/Form 1/Industry Venue -  PPN JOHOR' is clicked on

2018-10-20 19:01:36 - [TEST_STEP][PASSED] - click: Object: 'Object Repository/Final Object Repo/New Registration - Registration Module Pages/Form 1/Save  Continue' is clicked on

2018-10-20 19:01:36 - [MESSAGE][PASSED] - Object: 'Object Repository/Final Object Repo/New Registration - Registration Module Pages/Form 1/Save  Continue' is clicked on

2018-10-20 19:01:36 - [MESSAGE][PASSED] - Call Test Case 'Test Cases/Final Aug 2018 - PKS Automation/Registration Module/New Registration/Form 1/Form 1 - Corporation - BHD' successfully

2018-10-20 19:01:36 - [TEST_STEP][PASSED] - callTestCase: Call Test Case 'Test Cases/Final Aug 2018 - PKS Automation/Registration Module/New Registration/Form 2/Add 1 Eligible' successfully

2018-10-20 19:01:36 - [TEST_CASE][PASSED] - Test Cases/Final Aug 2018 - PKS Automation/Registration Module/New Registration/Form 2/Add 1 Eligible: Test Cases/Final Aug 2018 - PKS Automation/Registration Module/New Registration/Form 2/Add 1 Eligible

2018-10-20 19:01:36 - [TEST_STEP][PASSED] - delay: Delayed 2 second(s)

2018-10-20 19:01:38 - [MESSAGE][PASSED] - Delayed 2 second(s)

2018-10-20 19:01:38 - [TEST_STEP][PASSED] - callTestCase: Call Test Case 'Test Cases/Final Aug 2018 - PKS Automation/Registration Module/New Registration/Form 2/Date Updater' successfully

2018-10-20 19:01:38 - [TEST_CASE][PASSED] - Test Cases/Final Aug 2018 - PKS Automation/Registration Module/New Registration/Form 2/Date Updater: Test Cases/Final Aug 2018 - PKS Automation/Registration Module/New Registration/Form 2/Date Updater

2018-10-20 19:01:38 - [TEST_STEP][PASSED] - Statement - TodayDate = new java.util.Date(): null

2018-10-20 19:01:38 - [TEST_STEP][PASSED] - Statement - CurrentDateNoFilter = new java.text.SimpleDateFormat(): null

2018-10-20 19:01:38 - [TEST_STEP][PASSED] - Statement - CurrentDateNoFilter.applyPattern("dd"): null

2018-10-20 19:01:38 - [TEST_STEP][PASSED] - Statement - CurrentDate = CurrentDateNoFilter.format(TodayDate): null

2018-10-20 19:01:38 - [TEST_STEP][PASSED] - Statement - CurrentDate = java.lang.Integer.parseInt(CurrentDate): null

2018-10-20 19:01:38 - [TEST_STEP][PASSED] - Statement - CurrentDate = CurrentDate: null

2018-10-20 19:01:38 - [TEST_STEP][PASSED] - Statement - CurrentDay = java.lang.Integer.parseInt(CurrentDate): null

2018-10-20 19:01:38 - [TEST_STEP][PASSED] - Statement - aDayBefore = CurrentDay + 1: null

2018-10-20 19:01:38 - [TEST_STEP][PASSED] - Statement - DayBefore = aDayBefore.toString(): null

2018-10-20 19:01:38 - [TEST_STEP][PASSED] - Statement - OneDayBefore = DayBefore: null

2018-10-20 19:01:38 - [TEST_STEP][PASSED] - Statement - CurrentDateNoFilter.applyPattern("MM"): null

2018-10-20 19:01:38 - [TEST_STEP][PASSED] - Statement - monthContainerMatcher = java.lang.Integer.parseInt(CurrentDateNoFilter.format(TodayDate)): null

2018-10-20 19:01:38 - [TEST_STEP][PASSED] - Statement - monthContainerMatcher = monthContainerMatcher - 1: null

2018-10-20 19:01:38 - [TEST_STEP][PASSED] - Statement - CurrentMonth = monthContainerMatcher.toString(): null

2018-10-20 19:01:38 - [TEST_STEP][PASSED] - Statement - CurrentMonth = CurrentMonth: null

2018-10-20 19:01:38 - [TEST_STEP][PASSED] - Statement - CurrentDateNoFilter.applyPattern("yyyy"): null

2018-10-20 19:01:38 - [TEST_STEP][PASSED] - Statement - CurrentYear = CurrentDateNoFilter.format(TodayDate): null

2018-10-20 19:01:38 - [TEST_STEP][PASSED] - Statement - CurrentYear = CurrentYear: null

2018-10-20 19:01:38 - [TEST_STEP][PASSED] - Statement - intCurrentYear = java.lang.Integer.parseInt(CurrentDateNoFilter.format(TodayDate)): null

2018-10-20 19:01:38 - [TEST_STEP][PASSED] - Statement - eighteenYrsAgo = intCurrentYear - 18: null

2018-10-20 19:01:38 - [TEST_STEP][PASSED] - Statement - eighteenYrsBeforeThisYr = eighteenYrsAgo.toString(): null

2018-10-20 19:01:38 - [TEST_STEP][PASSED] - Statement - EighteenYrsBefore = eighteenYrsBeforeThisYr: null

2018-10-20 19:01:38 - [TEST_STEP][PASSED] - Statement - fiftysevenYrsAgo = intCurrentYear - 57: null

2018-10-20 19:01:38 - [TEST_STEP][PASSED] - Statement - fiftysevenYrsBeforeThisYr = fiftysevenYrsAgo.toString(): null

2018-10-20 19:01:38 - [TEST_STEP][PASSED] - Statement - FiftysevenYrsBefore = fiftysevenYrsBeforeThisYr: null

2018-10-20 19:01:38 - [MESSAGE][PASSED] - Call Test Case 'Test Cases/Final Aug 2018 - PKS Automation/Registration Module/New Registration/Form 2/Date Updater' successfully

2018-10-20 19:01:38 - [TEST_STEP][PASSED] - delay: Delayed 1 second(s)

2018-10-20 19:01:39 - [MESSAGE][PASSED] - Delayed 1 second(s)

2018-10-20 19:01:40 - [TEST_STEP][PASSED] - Statement - CaseReferenceNo = com.kms.katalon.core.webui.keyword.WebUiBuiltInKeywords.getText(com.kms.katalon.core.testobject.ObjectRepository.findTestObject(Final Object Repo/New Registration - Registration Module Pages/Form 2/RefNo Acquiring)): Text of object 'Object Repository/Final Object Repo/New Registration - Registration Module Pages/Form 2/RefNo Acquiring' is: 'CRN10201800122314'

2018-10-20 19:01:40 - [MESSAGE][PASSED] - Text of object 'Object Repository/Final Object Repo/New Registration - Registration Module Pages/Form 2/RefNo Acquiring' is: 'CRN10201800122314'

2018-10-20 19:01:40 - [TEST_STEP][PASSED] - delay: Delayed 1 second(s)

2018-10-20 19:01:41 - [MESSAGE][PASSED] - Delayed 1 second(s)

2018-10-20 19:01:41 - [TEST_STEP][PASSED] - click: Object: 'Object Repository/Final Object Repo/New Registration - Registration Module Pages/Form 2/Add Employee Button' is clicked on

2018-10-20 19:01:41 - [MESSAGE][PASSED] - Object: 'Object Repository/Final Object Repo/New Registration - Registration Module Pages/Form 2/Add Employee Button' is clicked on

2018-10-20 19:01:41 - [TEST_STEP][PASSED] - delay: Delayed 1 second(s)

2018-10-20 19:01:42 - [MESSAGE][PASSED] - Delayed 1 second(s)

2018-10-20 19:01:42 - [TEST_STEP][PASSED] - setText: Text '010903091963' is set on object 'Object Repository/Final Object Repo/New Registration - Registration Module Pages/Form 2/NRIC Input'

2018-10-20 19:01:42 - [MESSAGE][PASSED] - Text '010903091963' is set on object 'Object Repository/Final Object Repo/New Registration - Registration Module Pages/Form 2/NRIC Input'

2018-10-20 19:01:42 - [TEST_STEP][PASSED] - click: Object: 'Object Repository/Final Object Repo/New Registration - Registration Module Pages/Form 2/button for search for IC' is clicked on

2018-10-20 19:01:42 - [MESSAGE][PASSED] - Object: 'Object Repository/Final Object Repo/New Registration - Registration Module Pages/Form 2/button for search for IC' is clicked on

2018-10-20 19:01:42 - [TEST_STEP][PASSED] - delay: Delayed 2 second(s)

2018-10-20 19:01:44 - [MESSAGE][PASSED] - Delayed 2 second(s)

2018-10-20 19:01:44 - [TEST_STEP][PASSED] - setText: Text 'Automate001 eligible 1' is set on object 'Object Repository/Final Object Repo/New Registration - Registration Module Pages/Form 2/Employee Name Input'

2018-10-20 19:01:45 - [MESSAGE][PASSED] - Text 'Automate001 eligible 1' is set on object 'Object Repository/Final Object Repo/New Registration - Registration Module Pages/Form 2/Employee Name Input'

2018-10-20 19:01:45 - [TEST_STEP][PASSED] - delay: Delayed 2 second(s)

2018-10-20 19:01:47 - [MESSAGE][PASSED] - Delayed 2 second(s)

2018-10-20 19:01:47 - [TEST_STEP][PASSED] - click: Object: 'Object Repository/Final Object Repo/New Registration - Registration Module Pages/Form 2/DatePicker Pop Up' is clicked on

2018-10-20 19:01:47 - [MESSAGE][PASSED] - Object: 'Object Repository/Final Object Repo/New Registration - Registration Module Pages/Form 2/DatePicker Pop Up' is clicked on

2018-10-20 19:01:47 - [TEST_STEP][PASSED] - click: Object: 'Object Repository/Final Object Repo/New Registration - Registration Module Pages/Form 2/DOB Month' is clicked on

2018-10-20 19:01:47 - [MESSAGE][PASSED] - Object: 'Object Repository/Final Object Repo/New Registration - Registration Module Pages/Form 2/DOB Month' is clicked on

2018-10-20 19:01:47 - [TEST_STEP][PASSED] - Statement - CurrentMonth = CurrentMonth: null

2018-10-20 19:01:47 - [TEST_STEP][PASSED] - Statement - selectMonth = new com.kms.katalon.core.testobject.TestObject(): null

2018-10-20 19:01:47 - [TEST_STEP][PASSED] - Statement - selectMonth.addProperty("xpath", EQUALS, "//body/div/div/div/select/option[@value='" + CurrentMonth + "']", true): null

2018-10-20 19:01:47 - [TEST_STEP][PASSED] - click: Object: '' is clicked on

2018-10-20 19:01:47 - [MESSAGE][PASSED] - Object: '' is clicked on

2018-10-20 19:01:47 - [TEST_STEP][PASSED] - click: Object: 'Object Repository/Final Object Repo/New Registration - Registration Module Pages/Form 2/DOB Year' is clicked on

2018-10-20 19:01:47 - [MESSAGE][PASSED] - Object: 'Object Repository/Final Object Repo/New Registration - Registration Module Pages/Form 2/DOB Year' is clicked on

2018-10-20 19:01:47 - [TEST_STEP][PASSED] - Statement - Eyearsbf = EighteenYrsBefore: null

2018-10-20 19:01:47 - [TEST_STEP][PASSED] - Statement - selectYear = new com.kms.katalon.core.testobject.TestObject(): null

2018-10-20 19:01:47 - [TEST_STEP][PASSED] - Statement - selectYear.addProperty("xpath", EQUALS, "//div/div/div/select/option[@value='" + Eyearsbf + "']", true): null

2018-10-20 19:01:47 - [TEST_STEP][PASSED] - click: Object: '' is clicked on

2018-10-20 19:01:47 - [MESSAGE][PASSED] - Object: '' is clicked on

2018-10-20 19:01:47 - [TEST_STEP][PASSED] - Statement - UpdatedSelectDate = com.kms.katalon.core.webui.keyword.WebUiBuiltInKeywords.modifyObjectProperty(com.kms.katalon.core.testobject.ObjectRepository.findTestObject(Final Object Repo/New Registration - Registration Module Pages/Form 2/DOB Date), "xpath", "equals", "//body/div/table/tbody/tr/td/a[text()="" + CurrentDate + ""]", true): Modify property of object successfully

2018-10-20 19:01:47 - [MESSAGE][PASSED] - Modify property of object successfully

2018-10-20 19:01:47 - [TEST_STEP][PASSED] - delay: Delayed 3 second(s)

2018-10-20 19:01:50 - [MESSAGE][PASSED] - Delayed 3 second(s)

2018-10-20 19:01:50 - [TEST_STEP][PASSED] - click: Object: 'Object Repository/Final Object Repo/New Registration - Registration Module Pages/Form 2/DOB Date' is clicked on

2018-10-20 19:01:51 - [MESSAGE][PASSED] - Object: 'Object Repository/Final Object Repo/New Registration - Registration Module Pages/Form 2/DOB Date' is clicked on

2018-10-20 19:01:51 - [TEST_STEP][PASSED] - delay: Delayed 2 second(s)

2018-10-20 19:01:53 - [MESSAGE][PASSED] - Delayed 2 second(s)

2018-10-20 19:01:53 - [TEST_STEP][PASSED] - click: Object: 'Object Repository/Final Object Repo/New Registration - Registration Module Pages/Form 2/EmploymentStartDate Pop Up' is clicked on

2018-10-20 19:01:53 - [MESSAGE][PASSED] - Object: 'Object Repository/Final Object Repo/New Registration - Registration Module Pages/Form 2/EmploymentStartDate Pop Up' is clicked on

2018-10-20 19:01:53 - [TEST_STEP][PASSED] - delay: Delayed 2 second(s)

2018-10-20 19:01:55 - [MESSAGE][PASSED] - Delayed 2 second(s)

2018-10-20 19:01:55 - [TEST_STEP][PASSED] - click: Object: 'Object Repository/Final Object Repo/New Registration - Registration Module Pages/Form 2/Socso Employment StartDate Month' is clicked on

2018-10-20 19:01:55 - [MESSAGE][PASSED] - Object: 'Object Repository/Final Object Repo/New Registration - Registration Module Pages/Form 2/Socso Employment StartDate Month' is clicked on

2018-10-20 19:01:55 - [TEST_STEP][PASSED] - delay: Delayed 1 second(s)

2018-10-20 19:01:56 - [MESSAGE][PASSED] - Delayed 1 second(s)

2018-10-20 19:01:56 - [TEST_STEP][PASSED] - click: Object: 'Object Repository/Final Object Repo/New Registration - Registration Module Pages/Form 2/Select Socso Employement Startdate Month' is clicked on

2018-10-20 19:01:56 - [MESSAGE][PASSED] - Object: 'Object Repository/Final Object Repo/New Registration - Registration Module Pages/Form 2/Select Socso Employement Startdate Month' is clicked on

2018-10-20 19:01:56 - [TEST_STEP][PASSED] - delay: Delayed 2 second(s)

2018-10-20 19:01:58 - [MESSAGE][PASSED] - Delayed 2 second(s)

2018-10-20 19:01:58 - [TEST_STEP][PASSED] - click: Object: 'Object Repository/Final Object Repo/New Registration - Registration Module Pages/Form 2/Socso Employment StartDate Year' is clicked on

2018-10-20 19:01:58 - [MESSAGE][PASSED] - Object: 'Object Repository/Final Object Repo/New Registration - Registration Module Pages/Form 2/Socso Employment StartDate Year' is clicked on

2018-10-20 19:01:58 - [TEST_STEP][PASSED] - delay: Delayed 1 second(s)

2018-10-20 19:01:59 - [MESSAGE][PASSED] - Delayed 1 second(s)

2018-10-20 19:01:59 - [TEST_STEP][PASSED] - click: Object: 'Object Repository/Final Object Repo/New Registration - Registration Module Pages/Form 2/Select Socso Employment Startdate Year' is clicked on

2018-10-20 19:02:00 - [MESSAGE][PASSED] - Object: 'Object Repository/Final Object Repo/New Registration - Registration Module Pages/Form 2/Select Socso Employment Startdate Year' is clicked on

2018-10-20 19:02:00 - [TEST_STEP][PASSED] - delay: Delayed 2 second(s)

2018-10-20 19:02:02 - [MESSAGE][PASSED] - Delayed 2 second(s)

2018-10-20 19:02:02 - [TEST_STEP][PASSED] - click: Object: 'Object Repository/Final Object Repo/New Registration - Registration Module Pages/Form 2/Socso Employment Start Date Day' is clicked on

2018-10-20 19:02:02 - [MESSAGE][PASSED] - Object: 'Object Repository/Final Object Repo/New Registration - Registration Module Pages/Form 2/Socso Employment Start Date Day' is clicked on

2018-10-20 19:02:02 - [TEST_STEP][PASSED] - delay: Delayed 2 second(s)

2018-10-20 19:02:04 - [MESSAGE][PASSED] - Delayed 2 second(s)

2018-10-20 19:02:04 - [TEST_STEP][PASSED] - click: Object: 'Object Repository/Final Object Repo/New Registration - Registration Module Pages/Form 2/Save Button for Add Employee' is clicked on

2018-10-20 19:02:04 - [MESSAGE][PASSED] - Object: 'Object Repository/Final Object Repo/New Registration - Registration Module Pages/Form 2/Save Button for Add Employee' is clicked on

2018-10-20 19:02:04 - [TEST_STEP][PASSED] - delay: Delayed 6 second(s)

2018-10-20 19:02:10 - [MESSAGE][PASSED] - Delayed 6 second(s)

2018-10-20 19:02:10 - [TEST_STEP][PASSED] - click: Object: 'Object Repository/Final Object Repo/New Registration - Registration Module Pages/Form 2/Save and Continue Form 2' is clicked on

2018-10-20 19:02:10 - [MESSAGE][PASSED] - Object: 'Object Repository/Final Object Repo/New Registration - Registration Module Pages/Form 2/Save and Continue Form 2' is clicked on

2018-10-20 19:02:10 - [MESSAGE][PASSED] - Call Test Case 'Test Cases/Final Aug 2018 - PKS Automation/Registration Module/New Registration/Form 2/Add 1 Eligible' successfully

2018-10-20 19:02:10 - [TEST_STEP][FAILED] - callTestCase: Unable to call Test Case with id 'Test Cases/Final Aug 2018 - PKS Automation/Registration Module/New Registration/Flow of New Registration/Third Screen - Upload Supporting Doc - Preview' (Root cause: Call Test Case 'Test Cases/Final Aug 2018 - PKS Automation/Registration Module/New Registration/Flow of New Registration/Third Screen - Upload Supporting Doc - Preview' failed)

2018-10-20 19:02:10 - [TEST_CASE][FAILED] - Test Cases/Final Aug 2018 - PKS Automation/Registration Module/New Registration/Flow of New Registration/Third Screen - Upload Supporting Doc - Preview: Test Cases/Final Aug 2018 - PKS Automation/Registration Module/New Registration/Flow of New Registration/Third Screen - Upload Supporting Doc - Preview FAILED because (of) (Stack trace: com.kms.katalon.core.exception.StepFailedException: Unable to click on object 'Object Repository/Final Object Repo/New Registration - Registration Module Pages/Third Screen - Upload Supporting Doc- Preview/Select to Upload Borang SIP 2' (Root cause: org.openqa.selenium.WebDriverException: unknown error: Element <span>...</span> is not clickable at point (151, 567). Other element would receive the click: <li class="select2-results__option" id="select2-_newreg_WAR_registrationportlet_objdocTypeId-result-fw6v-134" role="treeitem" aria-selected="false">...</li>
  (Session info: chrome=69.0.3497.100)
  (Driver info: chromedriver=2.35.528161 (5b82f2d2aae0ca24b877009200ced9065a772e73),platform=Windows NT 6.1.7601 SP1 x86_64) (WARNING: The server did not provide any stacktrace information)
Command duration or timeout: 0 milliseconds
Build info: version: '3.7.1', revision: '8a0099a', time: '2017-11-06T21:07:36.161Z'
System info: host: 'WEIZHENG', ip: '192.168.137.1', os.name: 'Windows 7', os.arch: 'amd64', os.version: '6.1', java.version: '1.8.0_181'
Driver info: com.kms.katalon.selenium.driver.CChromeDriver
Capabilities {acceptInsecureCerts: false, acceptSslCerts: false, applicationCacheEnabled: false, browserConnectionEnabled: false, browserName: chrome, chrome: {chromedriverVersion: 2.35.528161 (5b82f2d2aae0ca..., userDataDir: C:\Users\WEIZHE~1\AppData\L...}, cssSelectorsEnabled: true, databaseEnabled: false, handlesAlerts: true, hasTouchScreen: false, javascriptEnabled: true, locationContextEnabled: true, mobileEmulationEnabled: false, nativeEvents: true, networkConnectionEnabled: false, pageLoadStrategy: normal, platform: XP, platformName: XP, rotatable: false, setWindowRect: true, takesHeapSnapshot: true, takesScreenshot: true, unexpectedAlertBehaviour: , unhandledPromptBehavior: , version: 69.0.3497.100, webStorageEnabled: true}
Session ID: b4bf198ec23cbdcc449a9b95eff65e2c)
	at com.kms.katalon.core.keyword.internal.KeywordMain.stepFailed(KeywordMain.groovy:32)
	at com.kms.katalon.core.webui.keyword.internal.WebUIKeywordMain.stepFailed(WebUIKeywordMain.groovy:65)
	at com.kms.katalon.core.webui.keyword.internal.WebUIKeywordMain.runKeyword(WebUIKeywordMain.groovy:27)
	at com.kms.katalon.core.webui.keyword.builtin.ClickKeyword.click(ClickKeyword.groovy:86)
	at com.kms.katalon.core.webui.keyword.builtin.ClickKeyword.execute(ClickKeyword.groovy:67)
	at com.kms.katalon.core.keyword.internal.KeywordExecutor.executeKeywordForPlatform(KeywordExecutor.groovy:53)
	at com.kms.katalon.core.webui.keyword.WebUiBuiltInKeywords.click(WebUiBuiltInKeywords.groovy:616)
	at com.kms.katalon.core.webui.keyword.WebUiBuiltInKeywords$click$2.call(Unknown Source)
	at Script1534409664094.run(Script1534409664094.groovy:104)
	at com.kms.katalon.core.main.ScriptEngine.run(ScriptEngine.java:183)
	at com.kms.katalon.core.main.ScriptEngine.runScriptAsRawText(ScriptEngine.java:108)
	at com.kms.katalon.core.main.TestCaseExecutor.runScript(TestCaseExecutor.java:294)
	at com.kms.katalon.core.main.TestCaseExecutor.doExecute(TestCaseExecutor.java:285)
	at com.kms.katalon.core.main.TestCaseExecutor.processExecutionPhase(TestCaseExecutor.java:264)
	at com.kms.katalon.core.main.TestCaseExecutor.accessMainPhase(TestCaseExecutor.java:256)
	at com.kms.katalon.core.main.TestCaseExecutor.execute(TestCaseExecutor.java:200)
	at com.kms.katalon.core.main.TestCaseMain.runTestCase(TestCaseMain.java:99)
	at com.kms.katalon.core.keyword.builtin.CallTestCaseKeyword$_callTestCase_closure1.doCall(CallTestCaseKeyword.groovy:60)
	at com.kms.katalon.core.keyword.builtin.CallTestCaseKeyword$_callTestCase_closure1.call(CallTestCaseKeyword.groovy)
	at com.kms.katalon.core.keyword.internal.KeywordMain.runKeyword(KeywordMain.groovy:54)
	at com.kms.katalon.core.keyword.builtin.CallTestCaseKeyword.callTestCase(CallTestCaseKeyword.groovy:81)
	at com.kms.katalon.core.keyword.builtin.CallTestCaseKeyword.execute(CallTestCaseKeyword.groovy:45)
	at com.kms.katalon.core.keyword.internal.KeywordExecutor.executeKeywordForPlatform(KeywordExecutor.groovy:53)
	at com.kms.katalon.core.keyword.BuiltinKeywords.callTestCase(BuiltinKeywords.groovy:334)
	at sun.reflect.GeneratedMethodAccessor13.invoke(Unknown Source)
	at sun.reflect.DelegatingMethodAccessorImpl.invoke(DelegatingMethodAccessorImpl.java:43)
	at java.lang.reflect.Method.invoke(Method.java:498)
	at org.codehaus.groovy.reflection.CachedMethod.invoke(CachedMethod.java:93)
	at groovy.lang.MetaMethod.doMethodInvoke(MetaMethod.java:325)
	at groovy.lang.MetaClassImpl.invokeStaticMethod(MetaClassImpl.java:1469)
	at org.codehaus.groovy.runtime.callsite.StaticMetaClassSite.call(StaticMetaClassSite.java:53)
	at org.codehaus.groovy.runtime.callsite.AbstractCallSite.call(AbstractCallSite.java:141)
	at Script1536051799273.run(Script1536051799273.groovy:28)
	at com.kms.katalon.core.main.ScriptEngine.run(ScriptEngine.java:183)
	at com.kms.katalon.core.main.ScriptEngine.runScriptAsRawText(ScriptEngine.java:108)
	at com.kms.katalon.core.main.TestCaseExecutor.runScript(TestCaseExecutor.java:294)
	at com.kms.katalon.core.main.TestCaseExecutor.doExecute(TestCaseExecutor.java:285)
	at com.kms.katalon.core.main.TestCaseExecutor.processExecutionPhase(TestCaseExecutor.java:264)
	at com.kms.katalon.core.main.TestCaseExecutor.accessMainPhase(TestCaseExecutor.java:256)
	at com.kms.katalon.core.main.TestCaseExecutor.execute(TestCaseExecutor.java:200)
	at com.kms.katalon.core.main.TestCaseMain.runTestCase(TestCaseMain.java:99)
	at com.kms.katalon.core.keyword.builtin.CallTestCaseKeyword$_callTestCase_closure1.doCall(CallTestCaseKeyword.groovy:60)
	at com.kms.katalon.core.keyword.builtin.CallTestCaseKeyword$_callTestCase_closure1.call(CallTestCaseKeyword.groovy)
	at com.kms.katalon.core.keyword.internal.KeywordMain.runKeyword(KeywordMain.groovy:54)
	at com.kms.katalon.core.keyword.builtin.CallTestCaseKeyword.callTestCase(CallTestCaseKeyword.groovy:81)
	at com.kms.katalon.core.keyword.builtin.CallTestCaseKeyword.execute(CallTestCaseKeyword.groovy:45)
	at com.kms.katalon.core.keyword.internal.KeywordExecutor.executeKeywordForPlatform(KeywordExecutor.groovy:53)
	at com.kms.katalon.core.keyword.BuiltinKeywords.callTestCase(BuiltinKeywords.groovy:334)
	at sun.reflect.GeneratedMethodAccessor13.invoke(Unknown Source)
	at sun.reflect.DelegatingMethodAccessorImpl.invoke(DelegatingMethodAccessorImpl.java:43)
	at java.lang.reflect.Method.invoke(Method.java:498)
	at org.codehaus.groovy.reflection.CachedMethod.invoke(CachedMethod.java:93)
	at groovy.lang.MetaMethod.doMethodInvoke(MetaMethod.java:325)
	at groovy.lang.MetaClassImpl.invokeStaticMethod(MetaClassImpl.java:1469)
	at org.codehaus.groovy.runtime.callsite.StaticMetaClassSite.call(StaticMetaClassSite.java:53)
	at org.codehaus.groovy.runtime.callsite.CallSiteArray.defaultCall(CallSiteArray.java:48)
	at org.codehaus.groovy.runtime.callsite.AbstractCallSite.call(AbstractCallSite.java:113)
	at org.codehaus.groovy.runtime.callsite.AbstractCallSite.call(AbstractCallSite.java:141)
	at Script1536116240292.run(Script1536116240292.groovy:15)
	at com.kms.katalon.core.main.ScriptEngine.run(ScriptEngine.java:183)
	at com.kms.katalon.core.main.ScriptEngine.runScriptAsRawText(ScriptEngine.java:108)
	at com.kms.katalon.core.main.TestCaseExecutor.runScript(TestCaseExecutor.java:294)
	at com.kms.katalon.core.main.TestCaseExecutor.doExecute(TestCaseExecutor.java:285)
	at com.kms.katalon.core.main.TestCaseExecutor.processExecutionPhase(TestCaseExecutor.java:264)
	at com.kms.katalon.core.main.TestCaseExecutor.accessMainPhase(TestCaseExecutor.java:256)
	at com.kms.katalon.core.main.TestCaseExecutor.execute(TestCaseExecutor.java:200)
	at com.kms.katalon.core.main.TestSuiteExecutor.accessTestCaseMainPhase(TestSuiteExecutor.java:129)
	at com.kms.katalon.core.main.TestSuiteExecutor.accessTestSuiteMainPhase(TestSuiteExecutor.java:112)
	at com.kms.katalon.core.main.TestSuiteExecutor.execute(TestSuiteExecutor.java:81)
	at com.kms.katalon.core.main.TestCaseMain.startTestSuite(TestCaseMain.java:142)
	at com.kms.katalon.core.main.TestCaseMain$startTestSuite$0.call(Unknown Source)
	at org.codehaus.groovy.runtime.callsite.CallSiteArray.defaultCall(CallSiteArray.java:48)
	at org.codehaus.groovy.runtime.callsite.AbstractCallSite.call(AbstractCallSite.java:113)
	at org.codehaus.groovy.runtime.callsite.AbstractCallSite.call(AbstractCallSite.java:141)
	at TempTestSuite1540012262067.run(TempTestSuite1540012262067.groovy:36)
	at groovy.lang.GroovyShell.runScriptOrMainOrTestOrRunnable(GroovyShell.java:263)
	at groovy.lang.GroovyShell.run(GroovyShell.java:518)
	at groovy.lang.GroovyShell.run(GroovyShell.java:507)
	at groovy.ui.GroovyMain.processOnce(GroovyMain.java:653)
	at groovy.ui.GroovyMain.run(GroovyMain.java:384)
	at groovy.ui.GroovyMain.process(GroovyMain.java:370)
	at groovy.ui.GroovyMain.processArgs(GroovyMain.java:129)
	at groovy.ui.GroovyMain.main(GroovyMain.java:109)
	at sun.reflect.NativeMethodAccessorImpl.invoke0(Native Method)
	at sun.reflect.NativeMethodAccessorImpl.invoke(NativeMethodAccessorImpl.java:62)
	at sun.reflect.DelegatingMethodAccessorImpl.invoke(DelegatingMethodAccessorImpl.java:43)
	at java.lang.reflect.Method.invoke(Method.java:498)
	at org.codehaus.groovy.tools.GroovyStarter.rootLoader(GroovyStarter.java:109)
	at org.codehaus.groovy.tools.GroovyStarter.main(GroovyStarter.java:131)
)

2018-10-20 19:02:10 - [TEST_STEP][PASSED] - waitForPageLoad: Wait for page load successfully

2018-10-20 19:02:11 - [MESSAGE][PASSED] - Wait for page load successfully

2018-10-20 19:02:11 - [TEST_STEP][PASSED] - Statement - CaseReferenceNo = com.kms.katalon.core.webui.keyword.WebUiBuiltInKeywords.getText(com.kms.katalon.core.testobject.ObjectRepository.findTestObject(Final Object Repo/New Registration - Registration Module Pages/Third Screen - Upload Supporting Doc- Preview/RefNo Acquiring)): Text of object 'Object Repository/Final Object Repo/New Registration - Registration Module Pages/Third Screen - Upload Supporting Doc- Preview/RefNo Acquiring' is: 'CRN10201800122314'

2018-10-20 19:02:11 - [MESSAGE][PASSED] - Text of object 'Object Repository/Final Object Repo/New Registration - Registration Module Pages/Third Screen - Upload Supporting Doc- Preview/RefNo Acquiring' is: 'CRN10201800122314'

2018-10-20 19:02:11 - [TEST_STEP][PASSED] - delay: Delayed 2 second(s)

2018-10-20 19:02:13 - [MESSAGE][PASSED] - Delayed 2 second(s)

2018-10-20 19:02:13 - [TEST_STEP][PASSED] - callTestCase: Call Test Case 'Test Cases/Final Aug 2018 - PKS Automation/Common/Reference Number Setter' successfully

2018-10-20 19:02:13 - [TEST_CASE][PASSED] - Test Cases/Final Aug 2018 - PKS Automation/Common/Reference Number Setter: Test Cases/Final Aug 2018 - PKS Automation/Common/Reference Number Setter

2018-10-20 19:02:13 - [TEST_STEP][PASSED] - Statement - RefNoOldFile = new java.io.File(C://KatalonReference.txt): null

2018-10-20 19:02:13 - [TEST_STEP][PASSED] - Statement - RefNoOldFile.delete(): null

2018-10-20 19:02:13 - [TEST_STEP][PASSED] - Statement - RefNo = new java.io.File(C://KatalonReference.txt): null

2018-10-20 19:02:13 - [TEST_STEP][PASSED] - Statement - RefNo.append(CaseReferenceNo): null

2018-10-20 19:02:13 - [TEST_STEP][PASSED] - Statement - out.println("


" + CaseReferenceNo + "


"): null

2018-10-20 19:02:13 - [MESSAGE][PASSED] - Call Test Case 'Test Cases/Final Aug 2018 - PKS Automation/Common/Reference Number Setter' successfully

2018-10-20 19:02:13 - [TEST_STEP][PASSED] - waitForElementClickable: Object 'Object Repository/Final Object Repo/New Registration - Registration Module Pages/Third Screen - Upload Supporting Doc- Preview/Save n Continue in SIP Employee Listing Page' is clickable

2018-10-20 19:02:13 - [MESSAGE][PASSED] - Object 'Object Repository/Final Object Repo/New Registration - Registration Module Pages/Third Screen - Upload Supporting Doc- Preview/Save n Continue in SIP Employee Listing Page' is clickable

2018-10-20 19:02:13 - [TEST_STEP][PASSED] - click: Object: 'Object Repository/Final Object Repo/New Registration - Registration Module Pages/Third Screen - Upload Supporting Doc- Preview/Save n Continue in SIP Employee Listing Page' is clicked on

2018-10-20 19:02:18 - [MESSAGE][PASSED] - Object: 'Object Repository/Final Object Repo/New Registration - Registration Module Pages/Third Screen - Upload Supporting Doc- Preview/Save n Continue in SIP Employee Listing Page' is clicked on

2018-10-20 19:02:18 - [TEST_STEP][PASSED] - delay: Delayed 6 second(s)

2018-10-20 19:02:24 - [MESSAGE][PASSED] - Delayed 6 second(s)

2018-10-20 19:02:24 - [TEST_STEP][PASSED] - click: Object: 'Object Repository/Final Object Repo/New Registration - Registration Module Pages/Third Screen - Upload Supporting Doc- Preview/Add Document Button' is clicked on

2018-10-20 19:02:25 - [MESSAGE][PASSED] - Object: 'Object Repository/Final Object Repo/New Registration - Registration Module Pages/Third Screen - Upload Supporting Doc- Preview/Add Document Button' is clicked on

2018-10-20 19:02:25 - [TEST_STEP][PASSED] - delay: Delayed 30 second(s)

2018-10-20 19:02:55 - [MESSAGE][PASSED] - Delayed 30 second(s)

2018-10-20 19:02:55 - [TEST_STEP][PASSED] - click: Object: 'Object Repository/Final Object Repo/New Registration - Registration Module Pages/Third Screen - Upload Supporting Doc- Preview/Supporting Doc Please Select Drop Down' is clicked on

2018-10-20 19:02:55 - [MESSAGE][PASSED] - Object: 'Object Repository/Final Object Repo/New Registration - Registration Module Pages/Third Screen - Upload Supporting Doc- Preview/Supporting Doc Please Select Drop Down' is clicked on

2018-10-20 19:02:55 - [TEST_STEP][PASSED] - delay: Delayed 2 second(s)

2018-10-20 19:02:57 - [MESSAGE][PASSED] - Delayed 2 second(s)

2018-10-20 19:02:57 - [TEST_STEP][PASSED] - click: Object: 'Object Repository/Final Object Repo/New Registration - Registration Module Pages/Third Screen - Upload Supporting Doc- Preview/Select to Upload Form 1' is clicked on

2018-10-20 19:02:57 - [MESSAGE][PASSED] - Object: 'Object Repository/Final Object Repo/New Registration - Registration Module Pages/Third Screen - Upload Supporting Doc- Preview/Select to Upload Form 1' is clicked on

2018-10-20 19:02:57 - [TEST_STEP][PASSED] - delay: Delayed 2 second(s)

2018-10-20 19:02:59 - [MESSAGE][PASSED] - Delayed 2 second(s)

2018-10-20 19:02:59 - [TEST_STEP][PASSED] - uploadFile: File 'C:\Users\Public\Pictures\Sample Pictures\Act.jpg' sent to object: 'Object Repository/Final Object Repo/New Registration - Registration Module Pages/Third Screen - Upload Supporting Doc- Preview/Upload File Adding'

2018-10-20 19:02:59 - [MESSAGE][PASSED] - File 'C:\Users\Public\Pictures\Sample Pictures\Act.jpg' sent to object: 'Object Repository/Final Object Repo/New Registration - Registration Module Pages/Third Screen - Upload Supporting Doc- Preview/Upload File Adding'

2018-10-20 19:02:59 - [TEST_STEP][PASSED] - delay: Delayed 5 second(s)

2018-10-20 19:03:04 - [MESSAGE][PASSED] - Delayed 5 second(s)

2018-10-20 19:03:04 - [TEST_STEP][PASSED] - click: Object: 'Object Repository/Final Object Repo/New Registration - Registration Module Pages/Third Screen - Upload Supporting Doc- Preview/Inner Form Add Document Button' is clicked on

2018-10-20 19:03:04 - [MESSAGE][PASSED] - Object: 'Object Repository/Final Object Repo/New Registration - Registration Module Pages/Third Screen - Upload Supporting Doc- Preview/Inner Form Add Document Button' is clicked on

2018-10-20 19:03:04 - [TEST_STEP][PASSED] - delay: Delayed 3 second(s)

2018-10-20 19:03:07 - [MESSAGE][PASSED] - Delayed 3 second(s)

2018-10-20 19:03:07 - [TEST_STEP][PASSED] - click: Object: 'Object Repository/Final Object Repo/New Registration - Registration Module Pages/Third Screen - Upload Supporting Doc- Preview/Add Document Button' is clicked on

2018-10-20 19:03:10 - [MESSAGE][PASSED] - Object: 'Object Repository/Final Object Repo/New Registration - Registration Module Pages/Third Screen - Upload Supporting Doc- Preview/Add Document Button' is clicked on

2018-10-20 19:03:10 - [TEST_STEP][PASSED] - delay: Delayed 30 second(s)

2018-10-20 19:03:40 - [MESSAGE][PASSED] - Delayed 30 second(s)

2018-10-20 19:03:40 - [TEST_STEP][PASSED] - click: Object: 'Object Repository/Final Object Repo/New Registration - Registration Module Pages/Third Screen - Upload Supporting Doc- Preview/Supporting Doc Please Select Drop Down' is clicked on

2018-10-20 19:03:40 - [MESSAGE][PASSED] - Object: 'Object Repository/Final Object Repo/New Registration - Registration Module Pages/Third Screen - Upload Supporting Doc- Preview/Supporting Doc Please Select Drop Down' is clicked on

2018-10-20 19:03:40 - [TEST_STEP][PASSED] - delay: Delayed 2 second(s)

2018-10-20 19:03:42 - [MESSAGE][PASSED] - Delayed 2 second(s)

2018-10-20 19:03:42 - [TEST_STEP][PASSED] - click: Object: 'Object Repository/Final Object Repo/New Registration - Registration Module Pages/Third Screen - Upload Supporting Doc- Preview/Select to Upload Form 2' is clicked on

2018-10-20 19:03:42 - [MESSAGE][PASSED] - Object: 'Object Repository/Final Object Repo/New Registration - Registration Module Pages/Third Screen - Upload Supporting Doc- Preview/Select to Upload Form 2' is clicked on

2018-10-20 19:03:42 - [TEST_STEP][PASSED] - delay: Delayed 2 second(s)

2018-10-20 19:03:44 - [MESSAGE][PASSED] - Delayed 2 second(s)

2018-10-20 19:03:44 - [TEST_STEP][PASSED] - uploadFile: File 'C:\Users\Public\Pictures\Sample Pictures\Act.jpg' sent to object: 'Object Repository/Final Object Repo/New Registration - Registration Module Pages/Third Screen - Upload Supporting Doc- Preview/Upload File Adding'

2018-10-20 19:03:44 - [MESSAGE][PASSED] - File 'C:\Users\Public\Pictures\Sample Pictures\Act.jpg' sent to object: 'Object Repository/Final Object Repo/New Registration - Registration Module Pages/Third Screen - Upload Supporting Doc- Preview/Upload File Adding'

2018-10-20 19:03:44 - [TEST_STEP][PASSED] - click: Object: 'Object Repository/Final Object Repo/New Registration - Registration Module Pages/Third Screen - Upload Supporting Doc- Preview/Inner Form Add Document Button' is clicked on

2018-10-20 19:03:44 - [MESSAGE][PASSED] - Object: 'Object Repository/Final Object Repo/New Registration - Registration Module Pages/Third Screen - Upload Supporting Doc- Preview/Inner Form Add Document Button' is clicked on

2018-10-20 19:03:44 - [TEST_STEP][PASSED] - delay: Delayed 4 second(s)

2018-10-20 19:03:48 - [MESSAGE][PASSED] - Delayed 4 second(s)

2018-10-20 19:03:48 - [TEST_STEP][PASSED] - click: Object: 'Object Repository/Final Object Repo/New Registration - Registration Module Pages/Third Screen - Upload Supporting Doc- Preview/Add Document Button' is clicked on

2018-10-20 19:03:50 - [MESSAGE][PASSED] - Object: 'Object Repository/Final Object Repo/New Registration - Registration Module Pages/Third Screen - Upload Supporting Doc- Preview/Add Document Button' is clicked on

2018-10-20 19:03:50 - [TEST_STEP][PASSED] - delay: Delayed 30 second(s)

2018-10-20 19:04:20 - [MESSAGE][PASSED] - Delayed 30 second(s)

2018-10-20 19:04:20 - [TEST_STEP][PASSED] - click: Object: 'Object Repository/Final Object Repo/New Registration - Registration Module Pages/Third Screen - Upload Supporting Doc- Preview/Supporting Doc Please Select Drop Down' is clicked on

2018-10-20 19:04:20 - [MESSAGE][PASSED] - Object: 'Object Repository/Final Object Repo/New Registration - Registration Module Pages/Third Screen - Upload Supporting Doc- Preview/Supporting Doc Please Select Drop Down' is clicked on

2018-10-20 19:04:20 - [TEST_STEP][PASSED] - click: Object: 'Object Repository/Final Object Repo/New Registration - Registration Module Pages/Third Screen - Upload Supporting Doc- Preview/Select to Upload Borang SIP 1' is clicked on

2018-10-20 19:04:20 - [MESSAGE][PASSED] - Object: 'Object Repository/Final Object Repo/New Registration - Registration Module Pages/Third Screen - Upload Supporting Doc- Preview/Select to Upload Borang SIP 1' is clicked on

2018-10-20 19:04:20 - [TEST_STEP][PASSED] - delay: Delayed 2 second(s)

2018-10-20 19:04:22 - [MESSAGE][PASSED] - Delayed 2 second(s)

2018-10-20 19:04:22 - [TEST_STEP][PASSED] - uploadFile: File 'C:\Users\Public\Pictures\Sample Pictures\Act.jpg' sent to object: 'Object Repository/Final Object Repo/New Registration - Registration Module Pages/Third Screen - Upload Supporting Doc- Preview/Upload File Adding'

2018-10-20 19:04:22 - [MESSAGE][PASSED] - File 'C:\Users\Public\Pictures\Sample Pictures\Act.jpg' sent to object: 'Object Repository/Final Object Repo/New Registration - Registration Module Pages/Third Screen - Upload Supporting Doc- Preview/Upload File Adding'

2018-10-20 19:04:22 - [TEST_STEP][PASSED] - click: Object: 'Object Repository/Final Object Repo/New Registration - Registration Module Pages/Third Screen - Upload Supporting Doc- Preview/Inner Form Add Document Button' is clicked on

2018-10-20 19:04:22 - [MESSAGE][PASSED] - Object: 'Object Repository/Final Object Repo/New Registration - Registration Module Pages/Third Screen - Upload Supporting Doc- Preview/Inner Form Add Document Button' is clicked on

2018-10-20 19:04:22 - [TEST_STEP][PASSED] - delay: Delayed 5 second(s)

2018-10-20 19:04:27 - [MESSAGE][PASSED] - Delayed 5 second(s)

2018-10-20 19:04:27 - [TEST_STEP][PASSED] - click: Object: 'Object Repository/Final Object Repo/New Registration - Registration Module Pages/Third Screen - Upload Supporting Doc- Preview/Add Document Button' is clicked on

2018-10-20 19:04:28 - [MESSAGE][PASSED] - Object: 'Object Repository/Final Object Repo/New Registration - Registration Module Pages/Third Screen - Upload Supporting Doc- Preview/Add Document Button' is clicked on

2018-10-20 19:04:28 - [TEST_STEP][PASSED] - delay: Delayed 30 second(s)

2018-10-20 19:04:58 - [MESSAGE][PASSED] - Delayed 30 second(s)

2018-10-20 19:04:58 - [TEST_STEP][PASSED] - click: Object: 'Object Repository/Final Object Repo/New Registration - Registration Module Pages/Third Screen - Upload Supporting Doc- Preview/Supporting Doc Please Select Drop Down' is clicked on

2018-10-20 19:04:58 - [MESSAGE][PASSED] - Object: 'Object Repository/Final Object Repo/New Registration - Registration Module Pages/Third Screen - Upload Supporting Doc- Preview/Supporting Doc Please Select Drop Down' is clicked on

2018-10-20 19:04:58 - [TEST_STEP][PASSED] - delay: Delayed 3 second(s)

2018-10-20 19:05:01 - [MESSAGE][PASSED] - Delayed 3 second(s)

2018-10-20 19:05:01 - [TEST_STEP][FAILED] - click: Unable to click on object 'Object Repository/Final Object Repo/New Registration - Registration Module Pages/Third Screen - Upload Supporting Doc- Preview/Select to Upload Borang SIP 2' (Root cause: org.openqa.selenium.WebDriverException: unknown error: Element <span>...</span> is not clickable at point (151, 567). Other element would receive the click: <li class="select2-results__option" id="select2-_newreg_WAR_registrationportlet_objdocTypeId-result-fw6v-134" role="treeitem" aria-selected="false">...</li>
  (Session info: chrome=69.0.3497.100)
  (Driver info: chromedriver=2.35.528161 (5b82f2d2aae0ca24b877009200ced9065a772e73),platform=Windows NT 6.1.7601 SP1 x86_64) (WARNING: The server did not provide any stacktrace information)
Command duration or timeout: 0 milliseconds
Build info: version: '3.7.1', revision: '8a0099a', time: '2017-11-06T21:07:36.161Z'
System info: host: 'WEIZHENG', ip: '192.168.137.1', os.name: 'Windows 7', os.arch: 'amd64', os.version: '6.1', java.version: '1.8.0_181'
Driver info: com.kms.katalon.selenium.driver.CChromeDriver
Capabilities {acceptInsecureCerts: false, acceptSslCerts: false, applicationCacheEnabled: false, browserConnectionEnabled: false, browserName: chrome, chrome: {chromedriverVersion: 2.35.528161 (5b82f2d2aae0ca..., userDataDir: C:\Users\WEIZHE~1\AppData\L...}, cssSelectorsEnabled: true, databaseEnabled: false, handlesAlerts: true, hasTouchScreen: false, javascriptEnabled: true, locationContextEnabled: true, mobileEmulationEnabled: false, nativeEvents: true, networkConnectionEnabled: false, pageLoadStrategy: normal, platform: XP, platformName: XP, rotatable: false, setWindowRect: true, takesHeapSnapshot: true, takesScreenshot: true, unexpectedAlertBehaviour: , unhandledPromptBehavior: , version: 69.0.3497.100, webStorageEnabled: true}
Session ID: b4bf198ec23cbdcc449a9b95eff65e2c)

2018-10-20 19:05:02 - [MESSAGE][FAILED] - Unable to click on object 'Object Repository/Final Object Repo/New Registration - Registration Module Pages/Third Screen - Upload Supporting Doc- Preview/Select to Upload Borang SIP 2' (Root cause: org.openqa.selenium.WebDriverException: unknown error: Element <span>...</span> is not clickable at point (151, 567). Other element would receive the click: <li class="select2-results__option" id="select2-_newreg_WAR_registrationportlet_objdocTypeId-result-fw6v-134" role="treeitem" aria-selected="false">...</li>
  (Session info: chrome=69.0.3497.100)
  (Driver info: chromedriver=2.35.528161 (5b82f2d2aae0ca24b877009200ced9065a772e73),platform=Windows NT 6.1.7601 SP1 x86_64) (WARNING: The server did not provide any stacktrace information)
Command duration or timeout: 0 milliseconds
Build info: version: '3.7.1', revision: '8a0099a', time: '2017-11-06T21:07:36.161Z'
System info: host: 'WEIZHENG', ip: '192.168.137.1', os.name: 'Windows 7', os.arch: 'amd64', os.version: '6.1', java.version: '1.8.0_181'
Driver info: com.kms.katalon.selenium.driver.CChromeDriver
Capabilities {acceptInsecureCerts: false, acceptSslCerts: false, applicationCacheEnabled: false, browserConnectionEnabled: false, browserName: chrome, chrome: {chromedriverVersion: 2.35.528161 (5b82f2d2aae0ca..., userDataDir: C:\Users\WEIZHE~1\AppData\L...}, cssSelectorsEnabled: true, databaseEnabled: false, handlesAlerts: true, hasTouchScreen: false, javascriptEnabled: true, locationContextEnabled: true, mobileEmulationEnabled: false, nativeEvents: true, networkConnectionEnabled: false, pageLoadStrategy: normal, platform: XP, platformName: XP, rotatable: false, setWindowRect: true, takesHeapSnapshot: true, takesScreenshot: true, unexpectedAlertBehaviour: , unhandledPromptBehavior: , version: 69.0.3497.100, webStorageEnabled: true}
Session ID: b4bf198ec23cbdcc449a9b95eff65e2c)
[[ATTACHMENT|C:\\Users\\LENOVO\\Katalon Studio\\Perkeso Phase A\\Reports\\Workflow\\Update Add New Employee\\20181020_131102\\1540033501924.png]]

2018-10-20 19:05:02 - [TEST_STEP][PASSED] - delay: Delayed 2 second(s)

2018-10-20 19:05:04 - [MESSAGE][PASSED] - Delayed 2 second(s)

2018-10-20 19:05:04 - [TEST_STEP][PASSED] - uploadFile: File 'C:\Users\Public\Pictures\Sample Pictures\Act.jpg' sent to object: 'Object Repository/Final Object Repo/New Registration - Registration Module Pages/Third Screen - Upload Supporting Doc- Preview/Upload File Adding'

2018-10-20 19:05:04 - [MESSAGE][PASSED] - File 'C:\Users\Public\Pictures\Sample Pictures\Act.jpg' sent to object: 'Object Repository/Final Object Repo/New Registration - Registration Module Pages/Third Screen - Upload Supporting Doc- Preview/Upload File Adding'

2018-10-20 19:05:04 - [TEST_STEP][PASSED] - delay: Delayed 5 second(s)

2018-10-20 19:05:09 - [MESSAGE][PASSED] - Delayed 5 second(s)

2018-10-20 19:05:09 - [TEST_STEP][PASSED] - click: Object: 'Object Repository/Final Object Repo/New Registration - Registration Module Pages/Third Screen - Upload Supporting Doc- Preview/Inner Form Add Document Button' is clicked on

2018-10-20 19:05:09 - [MESSAGE][PASSED] - Object: 'Object Repository/Final Object Repo/New Registration - Registration Module Pages/Third Screen - Upload Supporting Doc- Preview/Inner Form Add Document Button' is clicked on

2018-10-20 19:05:09 - [TEST_STEP][PASSED] - delay: Delayed 3 second(s)

2018-10-20 19:05:12 - [MESSAGE][PASSED] - Delayed 3 second(s)

2018-10-20 19:05:12 - [TEST_STEP][PASSED] - waitForElementClickable: Object 'Object Repository/Final Object Repo/New Registration - Registration Module Pages/Third Screen - Upload Supporting Doc- Preview/Save n Continue in Uploading Supporting Doc Page' is clickable

2018-10-20 19:05:12 - [MESSAGE][PASSED] - Object 'Object Repository/Final Object Repo/New Registration - Registration Module Pages/Third Screen - Upload Supporting Doc- Preview/Save n Continue in Uploading Supporting Doc Page' is clickable

2018-10-20 19:05:12 - [TEST_STEP][FAILED] - click: Unable to click on object 'Object Repository/Final Object Repo/New Registration - Registration Module Pages/Third Screen - Upload Supporting Doc- Preview/Save n Continue in Uploading Supporting Doc Page' (Root cause: org.openqa.selenium.ElementNotVisibleException: element not visible
  (Session info: chrome=69.0.3497.100)
  (Driver info: chromedriver=2.35.528161 (5b82f2d2aae0ca24b877009200ced9065a772e73),platform=Windows NT 6.1.7601 SP1 x86_64) (WARNING: The server did not provide any stacktrace information)
Command duration or timeout: 0 milliseconds
Build info: version: '3.7.1', revision: '8a0099a', time: '2017-11-06T21:07:36.161Z'
System info: host: 'WEIZHENG', ip: '192.168.137.1', os.name: 'Windows 7', os.arch: 'amd64', os.version: '6.1', java.version: '1.8.0_181'
Driver info: com.kms.katalon.selenium.driver.CChromeDriver
Capabilities {acceptInsecureCerts: false, acceptSslCerts: false, applicationCacheEnabled: false, browserConnectionEnabled: false, browserName: chrome, chrome: {chromedriverVersion: 2.35.528161 (5b82f2d2aae0ca..., userDataDir: C:\Users\WEIZHE~1\AppData\L...}, cssSelectorsEnabled: true, databaseEnabled: false, handlesAlerts: true, hasTouchScreen: false, javascriptEnabled: true, locationContextEnabled: true, mobileEmulationEnabled: false, nativeEvents: true, networkConnectionEnabled: false, pageLoadStrategy: normal, platform: XP, platformName: XP, rotatable: false, setWindowRect: true, takesHeapSnapshot: true, takesScreenshot: true, unexpectedAlertBehaviour: , unhandledPromptBehavior: , version: 69.0.3497.100, webStorageEnabled: true}
Session ID: b4bf198ec23cbdcc449a9b95eff65e2c)

2018-10-20 19:05:12 - [MESSAGE][FAILED] - Unable to click on object 'Object Repository/Final Object Repo/New Registration - Registration Module Pages/Third Screen - Upload Supporting Doc- Preview/Save n Continue in Uploading Supporting Doc Page' (Root cause: org.openqa.selenium.ElementNotVisibleException: element not visible
  (Session info: chrome=69.0.3497.100)
  (Driver info: chromedriver=2.35.528161 (5b82f2d2aae0ca24b877009200ced9065a772e73),platform=Windows NT 6.1.7601 SP1 x86_64) (WARNING: The server did not provide any stacktrace information)
Command duration or timeout: 0 milliseconds
Build info: version: '3.7.1', revision: '8a0099a', time: '2017-11-06T21:07:36.161Z'
System info: host: 'WEIZHENG', ip: '192.168.137.1', os.name: 'Windows 7', os.arch: 'amd64', os.version: '6.1', java.version: '1.8.0_181'
Driver info: com.kms.katalon.selenium.driver.CChromeDriver
Capabilities {acceptInsecureCerts: false, acceptSslCerts: false, applicationCacheEnabled: false, browserConnectionEnabled: false, browserName: chrome, chrome: {chromedriverVersion: 2.35.528161 (5b82f2d2aae0ca..., userDataDir: C:\Users\WEIZHE~1\AppData\L...}, cssSelectorsEnabled: true, databaseEnabled: false, handlesAlerts: true, hasTouchScreen: false, javascriptEnabled: true, locationContextEnabled: true, mobileEmulationEnabled: false, nativeEvents: true, networkConnectionEnabled: false, pageLoadStrategy: normal, platform: XP, platformName: XP, rotatable: false, setWindowRect: true, takesHeapSnapshot: true, takesScreenshot: true, unexpectedAlertBehaviour: , unhandledPromptBehavior: , version: 69.0.3497.100, webStorageEnabled: true}
Session ID: b4bf198ec23cbdcc449a9b95eff65e2c)
[[ATTACHMENT|C:\\Users\\LENOVO\\Katalon Studio\\Perkeso Phase A\\Reports\\Workflow\\Update Add New Employee\\20181020_131102\\1540033512670.png]]

2018-10-20 19:05:12 - [MESSAGE][FAILED] - Unable to call Test Case with id 'Test Cases/Final Aug 2018 - PKS Automation/Registration Module/New Registration/Flow of New Registration/Third Screen - Upload Supporting Doc - Preview' (Root cause: Call Test Case 'Test Cases/Final Aug 2018 - PKS Automation/Registration Module/New Registration/Flow of New Registration/Third Screen - Upload Supporting Doc - Preview' failed)

2018-10-20 19:05:12 - [MESSAGE][FAILED] - Unable to call Test Case with id 'Test Cases/Final Aug 2018 - PKS Automation/Registration Module/Workflow/Update Add New Employee/Template/New Company for Update Add New' (Root cause: Call Test Case 'Test Cases/Final Aug 2018 - PKS Automation/Registration Module/Workflow/Update Add New Employee/Template/New Company for Update Add New' failed)]]></system-out>
         <system-err><![CDATA[2018-10-20 19:00:45 - [TEST_CASE][FAILED] - Test Cases/Final Aug 2018 - PKS Automation/Registration Module/Workflow/Update Add New Employee/Special Case (PKR BO - RO Under Enforcement): Test Cases/Final Aug 2018 - PKS Automation/Registration Module/Workflow/Update Add New Employee/Special Case (PKR BO - RO Under Enforcement) FAILED because (of) (Stack trace: com.kms.katalon.core.exception.StepFailedException: Unable to click on object 'Object Repository/Final Object Repo/New Registration - Registration Module Pages/Third Screen - Upload Supporting Doc- Preview/Select to Upload Borang SIP 2' (Root cause: org.openqa.selenium.WebDriverException: unknown error: Element <span>...</span> is not clickable at point (151, 567). Other element would receive the click: <li class="select2-results__option" id="select2-_newreg_WAR_registrationportlet_objdocTypeId-result-fw6v-134" role="treeitem" aria-selected="false">...</li>
  (Session info: chrome=69.0.3497.100)
  (Driver info: chromedriver=2.35.528161 (5b82f2d2aae0ca24b877009200ced9065a772e73),platform=Windows NT 6.1.7601 SP1 x86_64) (WARNING: The server did not provide any stacktrace information)
Command duration or timeout: 0 milliseconds
Build info: version: '3.7.1', revision: '8a0099a', time: '2017-11-06T21:07:36.161Z'
System info: host: 'WEIZHENG', ip: '192.168.137.1', os.name: 'Windows 7', os.arch: 'amd64', os.version: '6.1', java.version: '1.8.0_181'
Driver info: com.kms.katalon.selenium.driver.CChromeDriver
Capabilities {acceptInsecureCerts: false, acceptSslCerts: false, applicationCacheEnabled: false, browserConnectionEnabled: false, browserName: chrome, chrome: {chromedriverVersion: 2.35.528161 (5b82f2d2aae0ca..., userDataDir: C:\Users\WEIZHE~1\AppData\L...}, cssSelectorsEnabled: true, databaseEnabled: false, handlesAlerts: true, hasTouchScreen: false, javascriptEnabled: true, locationContextEnabled: true, mobileEmulationEnabled: false, nativeEvents: true, networkConnectionEnabled: false, pageLoadStrategy: normal, platform: XP, platformName: XP, rotatable: false, setWindowRect: true, takesHeapSnapshot: true, takesScreenshot: true, unexpectedAlertBehaviour: , unhandledPromptBehavior: , version: 69.0.3497.100, webStorageEnabled: true}
Session ID: b4bf198ec23cbdcc449a9b95eff65e2c)
	at com.kms.katalon.core.keyword.internal.KeywordMain.stepFailed(KeywordMain.groovy:32)
	at com.kms.katalon.core.webui.keyword.internal.WebUIKeywordMain.stepFailed(WebUIKeywordMain.groovy:65)
	at com.kms.katalon.core.webui.keyword.internal.WebUIKeywordMain.runKeyword(WebUIKeywordMain.groovy:27)
	at com.kms.katalon.core.webui.keyword.builtin.ClickKeyword.click(ClickKeyword.groovy:86)
	at com.kms.katalon.core.webui.keyword.builtin.ClickKeyword.execute(ClickKeyword.groovy:67)
	at com.kms.katalon.core.keyword.internal.KeywordExecutor.executeKeywordForPlatform(KeywordExecutor.groovy:53)
	at com.kms.katalon.core.webui.keyword.WebUiBuiltInKeywords.click(WebUiBuiltInKeywords.groovy:616)
	at com.kms.katalon.core.webui.keyword.WebUiBuiltInKeywords$click$2.call(Unknown Source)
	at Script1534409664094.run(Script1534409664094.groovy:104)
	at com.kms.katalon.core.main.ScriptEngine.run(ScriptEngine.java:183)
	at com.kms.katalon.core.main.ScriptEngine.runScriptAsRawText(ScriptEngine.java:108)
	at com.kms.katalon.core.main.TestCaseExecutor.runScript(TestCaseExecutor.java:294)
	at com.kms.katalon.core.main.TestCaseExecutor.doExecute(TestCaseExecutor.java:285)
	at com.kms.katalon.core.main.TestCaseExecutor.processExecutionPhase(TestCaseExecutor.java:264)
	at com.kms.katalon.core.main.TestCaseExecutor.accessMainPhase(TestCaseExecutor.java:256)
	at com.kms.katalon.core.main.TestCaseExecutor.execute(TestCaseExecutor.java:200)
	at com.kms.katalon.core.main.TestCaseMain.runTestCase(TestCaseMain.java:99)
	at com.kms.katalon.core.keyword.builtin.CallTestCaseKeyword$_callTestCase_closure1.doCall(CallTestCaseKeyword.groovy:60)
	at com.kms.katalon.core.keyword.builtin.CallTestCaseKeyword$_callTestCase_closure1.call(CallTestCaseKeyword.groovy)
	at com.kms.katalon.core.keyword.internal.KeywordMain.runKeyword(KeywordMain.groovy:54)
	at com.kms.katalon.core.keyword.builtin.CallTestCaseKeyword.callTestCase(CallTestCaseKeyword.groovy:81)
	at com.kms.katalon.core.keyword.builtin.CallTestCaseKeyword.execute(CallTestCaseKeyword.groovy:45)
	at com.kms.katalon.core.keyword.internal.KeywordExecutor.executeKeywordForPlatform(KeywordExecutor.groovy:53)
	at com.kms.katalon.core.keyword.BuiltinKeywords.callTestCase(BuiltinKeywords.groovy:334)
	at sun.reflect.GeneratedMethodAccessor13.invoke(Unknown Source)
	at sun.reflect.DelegatingMethodAccessorImpl.invoke(DelegatingMethodAccessorImpl.java:43)
	at java.lang.reflect.Method.invoke(Method.java:498)
	at org.codehaus.groovy.reflection.CachedMethod.invoke(CachedMethod.java:93)
	at groovy.lang.MetaMethod.doMethodInvoke(MetaMethod.java:325)
	at groovy.lang.MetaClassImpl.invokeStaticMethod(MetaClassImpl.java:1469)
	at org.codehaus.groovy.runtime.callsite.StaticMetaClassSite.call(StaticMetaClassSite.java:53)
	at org.codehaus.groovy.runtime.callsite.AbstractCallSite.call(AbstractCallSite.java:141)
	at Script1536051799273.run(Script1536051799273.groovy:28)
	at com.kms.katalon.core.main.ScriptEngine.run(ScriptEngine.java:183)
	at com.kms.katalon.core.main.ScriptEngine.runScriptAsRawText(ScriptEngine.java:108)
	at com.kms.katalon.core.main.TestCaseExecutor.runScript(TestCaseExecutor.java:294)
	at com.kms.katalon.core.main.TestCaseExecutor.doExecute(TestCaseExecutor.java:285)
	at com.kms.katalon.core.main.TestCaseExecutor.processExecutionPhase(TestCaseExecutor.java:264)
	at com.kms.katalon.core.main.TestCaseExecutor.accessMainPhase(TestCaseExecutor.java:256)
	at com.kms.katalon.core.main.TestCaseExecutor.execute(TestCaseExecutor.java:200)
	at com.kms.katalon.core.main.TestCaseMain.runTestCase(TestCaseMain.java:99)
	at com.kms.katalon.core.keyword.builtin.CallTestCaseKeyword$_callTestCase_closure1.doCall(CallTestCaseKeyword.groovy:60)
	at com.kms.katalon.core.keyword.builtin.CallTestCaseKeyword$_callTestCase_closure1.call(CallTestCaseKeyword.groovy)
	at com.kms.katalon.core.keyword.internal.KeywordMain.runKeyword(KeywordMain.groovy:54)
	at com.kms.katalon.core.keyword.builtin.CallTestCaseKeyword.callTestCase(CallTestCaseKeyword.groovy:81)
	at com.kms.katalon.core.keyword.builtin.CallTestCaseKeyword.execute(CallTestCaseKeyword.groovy:45)
	at com.kms.katalon.core.keyword.internal.KeywordExecutor.executeKeywordForPlatform(KeywordExecutor.groovy:53)
	at com.kms.katalon.core.keyword.BuiltinKeywords.callTestCase(BuiltinKeywords.groovy:334)
	at sun.reflect.GeneratedMethodAccessor13.invoke(Unknown Source)
	at sun.reflect.DelegatingMethodAccessorImpl.invoke(DelegatingMethodAccessorImpl.java:43)
	at java.lang.reflect.Method.invoke(Method.java:498)
	at org.codehaus.groovy.reflection.CachedMethod.invoke(CachedMethod.java:93)
	at groovy.lang.MetaMethod.doMethodInvoke(MetaMethod.java:325)
	at groovy.lang.MetaClassImpl.invokeStaticMethod(MetaClassImpl.java:1469)
	at org.codehaus.groovy.runtime.callsite.StaticMetaClassSite.call(StaticMetaClassSite.java:53)
	at org.codehaus.groovy.runtime.callsite.CallSiteArray.defaultCall(CallSiteArray.java:48)
	at org.codehaus.groovy.runtime.callsite.AbstractCallSite.call(AbstractCallSite.java:113)
	at org.codehaus.groovy.runtime.callsite.AbstractCallSite.call(AbstractCallSite.java:141)
	at Script1536116240292.run(Script1536116240292.groovy:15)
	at com.kms.katalon.core.main.ScriptEngine.run(ScriptEngine.java:183)
	at com.kms.katalon.core.main.ScriptEngine.runScriptAsRawText(ScriptEngine.java:108)
	at com.kms.katalon.core.main.TestCaseExecutor.runScript(TestCaseExecutor.java:294)
	at com.kms.katalon.core.main.TestCaseExecutor.doExecute(TestCaseExecutor.java:285)
	at com.kms.katalon.core.main.TestCaseExecutor.processExecutionPhase(TestCaseExecutor.java:264)
	at com.kms.katalon.core.main.TestCaseExecutor.accessMainPhase(TestCaseExecutor.java:256)
	at com.kms.katalon.core.main.TestCaseExecutor.execute(TestCaseExecutor.java:200)
	at com.kms.katalon.core.main.TestSuiteExecutor.accessTestCaseMainPhase(TestSuiteExecutor.java:129)
	at com.kms.katalon.core.main.TestSuiteExecutor.accessTestSuiteMainPhase(TestSuiteExecutor.java:112)
	at com.kms.katalon.core.main.TestSuiteExecutor.execute(TestSuiteExecutor.java:81)
	at com.kms.katalon.core.main.TestCaseMain.startTestSuite(TestCaseMain.java:142)
	at com.kms.katalon.core.main.TestCaseMain$startTestSuite$0.call(Unknown Source)
	at org.codehaus.groovy.runtime.callsite.CallSiteArray.defaultCall(CallSiteArray.java:48)
	at org.codehaus.groovy.runtime.callsite.AbstractCallSite.call(AbstractCallSite.java:113)
	at org.codehaus.groovy.runtime.callsite.AbstractCallSite.call(AbstractCallSite.java:141)
	at TempTestSuite1540012262067.run(TempTestSuite1540012262067.groovy:36)
	at groovy.lang.GroovyShell.runScriptOrMainOrTestOrRunnable(GroovyShell.java:263)
	at groovy.lang.GroovyShell.run(GroovyShell.java:518)
	at groovy.lang.GroovyShell.run(GroovyShell.java:507)
	at groovy.ui.GroovyMain.processOnce(GroovyMain.java:653)
	at groovy.ui.GroovyMain.run(GroovyMain.java:384)
	at groovy.ui.GroovyMain.process(GroovyMain.java:370)
	at groovy.ui.GroovyMain.processArgs(GroovyMain.java:129)
	at groovy.ui.GroovyMain.main(GroovyMain.java:109)
	at sun.reflect.NativeMethodAccessorImpl.invoke0(Native Method)
	at sun.reflect.NativeMethodAccessorImpl.invoke(NativeMethodAccessorImpl.java:62)
	at sun.reflect.DelegatingMethodAccessorImpl.invoke(DelegatingMethodAccessorImpl.java:43)
	at java.lang.reflect.Method.invoke(Method.java:498)
	at org.codehaus.groovy.tools.GroovyStarter.rootLoader(GroovyStarter.java:109)
	at org.codehaus.groovy.tools.GroovyStarter.main(GroovyStarter.java:131)
)]]></system-err>
      </testcase>
      <system-out><![CDATA[2018-10-20 17:35:53 - [TEST_SUITE][FAILED] - Update Add New Employee: Test Cases/Final Aug 2018 - PKS Automation/Registration Module/Workflow/Update Add New Employee/Add Employee and Set Incomplete ( OTC - PKRBO) FAILED because (of) (Stack trace: com.kms.katalon.core.exception.StepFailedException: Unable to click on object 'Object Repository/Final Object Repo/Landing Page/Select to English' (Root cause: com.kms.katalon.core.webui.exception.WebElementNotFoundException: Web element with id: 'Object Repository/Final Object Repo/Landing Page/Select to English' located by 'By.xpath: //a[@class = 'taglib-language-list-text' and @lang = 'en-US' and (contains(text(), 'EN') or contains(., 'EN'))]' not found)
	at com.kms.katalon.core.keyword.internal.KeywordMain.stepFailed(KeywordMain.groovy:32)
	at com.kms.katalon.core.webui.keyword.internal.WebUIKeywordMain.stepFailed(WebUIKeywordMain.groovy:65)
	at com.kms.katalon.core.webui.keyword.internal.WebUIKeywordMain.runKeyword(WebUIKeywordMain.groovy:27)
	at com.kms.katalon.core.webui.keyword.builtin.ClickKeyword.click(ClickKeyword.groovy:86)
	at com.kms.katalon.core.webui.keyword.builtin.ClickKeyword.execute(ClickKeyword.groovy:67)
	at com.kms.katalon.core.keyword.internal.KeywordExecutor.executeKeywordForPlatform(KeywordExecutor.groovy:53)
	at com.kms.katalon.core.webui.keyword.WebUiBuiltInKeywords.click(WebUiBuiltInKeywords.groovy:604)
	at com.kms.katalon.core.webui.keyword.WebUiBuiltInKeywords$click$6.call(Unknown Source)
	at org.codehaus.groovy.runtime.callsite.CallSiteArray.defaultCall(CallSiteArray.java:48)
	at org.codehaus.groovy.runtime.callsite.AbstractCallSite.call(AbstractCallSite.java:113)
	at org.codehaus.groovy.runtime.callsite.AbstractCallSite.call(AbstractCallSite.java:133)
	at Script1534407542420.run(Script1534407542420.groovy:57)
	at com.kms.katalon.core.main.ScriptEngine.run(ScriptEngine.java:183)
	at com.kms.katalon.core.main.ScriptEngine.runScriptAsRawText(ScriptEngine.java:108)
	at com.kms.katalon.core.main.TestCaseExecutor.runScript(TestCaseExecutor.java:294)
	at com.kms.katalon.core.main.TestCaseExecutor.doExecute(TestCaseExecutor.java:285)
	at com.kms.katalon.core.main.TestCaseExecutor.processExecutionPhase(TestCaseExecutor.java:264)
	at com.kms.katalon.core.main.TestCaseExecutor.accessMainPhase(TestCaseExecutor.java:256)
	at com.kms.katalon.core.main.TestCaseExecutor.execute(TestCaseExecutor.java:200)
	at com.kms.katalon.core.main.TestCaseMain.runTestCase(TestCaseMain.java:99)
	at com.kms.katalon.core.keyword.builtin.CallTestCaseKeyword$_callTestCase_closure1.doCall(CallTestCaseKeyword.groovy:60)
	at com.kms.katalon.core.keyword.builtin.CallTestCaseKeyword$_callTestCase_closure1.call(CallTestCaseKeyword.groovy)
	at com.kms.katalon.core.keyword.internal.KeywordMain.runKeyword(KeywordMain.groovy:54)
	at com.kms.katalon.core.keyword.builtin.CallTestCaseKeyword.callTestCase(CallTestCaseKeyword.groovy:81)
	at com.kms.katalon.core.keyword.builtin.CallTestCaseKeyword.execute(CallTestCaseKeyword.groovy:45)
	at com.kms.katalon.core.keyword.internal.KeywordExecutor.executeKeywordForPlatform(KeywordExecutor.groovy:53)
	at com.kms.katalon.core.keyword.BuiltinKeywords.callTestCase(BuiltinKeywords.groovy:334)
	at sun.reflect.NativeMethodAccessorImpl.invoke0(Native Method)
	at sun.reflect.NativeMethodAccessorImpl.invoke(NativeMethodAccessorImpl.java:62)
	at sun.reflect.DelegatingMethodAccessorImpl.invoke(DelegatingMethodAccessorImpl.java:43)
	at java.lang.reflect.Method.invoke(Method.java:498)
	at org.codehaus.groovy.reflection.CachedMethod.invoke(CachedMethod.java:93)
	at groovy.lang.MetaMethod.doMethodInvoke(MetaMethod.java:325)
	at groovy.lang.MetaClassImpl.invokeStaticMethod(MetaClassImpl.java:1469)
	at org.codehaus.groovy.runtime.callsite.StaticMetaClassSite.call(StaticMetaClassSite.java:53)
	at org.codehaus.groovy.runtime.callsite.CallSiteArray.defaultCall(CallSiteArray.java:48)
	at org.codehaus.groovy.runtime.callsite.AbstractCallSite.call(AbstractCallSite.java:113)
	at org.codehaus.groovy.runtime.callsite.AbstractCallSite.call(AbstractCallSite.java:141)
	at Script1535947244917.run(Script1535947244917.groovy:129)
	at com.kms.katalon.core.main.ScriptEngine.run(ScriptEngine.java:183)
	at com.kms.katalon.core.main.ScriptEngine.runScriptAsRawText(ScriptEngine.java:108)
	at com.kms.katalon.core.main.TestCaseExecutor.runScript(TestCaseExecutor.java:294)
	at com.kms.katalon.core.main.TestCaseExecutor.doExecute(TestCaseExecutor.java:285)
	at com.kms.katalon.core.main.TestCaseExecutor.processExecutionPhase(TestCaseExecutor.java:264)
	at com.kms.katalon.core.main.TestCaseExecutor.accessMainPhase(TestCaseExecutor.java:256)
	at com.kms.katalon.core.main.TestCaseExecutor.execute(TestCaseExecutor.java:200)
	at com.kms.katalon.core.main.TestSuiteExecutor.accessTestCaseMainPhase(TestSuiteExecutor.java:129)
	at com.kms.katalon.core.main.TestSuiteExecutor.accessTestSuiteMainPhase(TestSuiteExecutor.java:112)
	at com.kms.katalon.core.main.TestSuiteExecutor.execute(TestSuiteExecutor.java:81)
	at com.kms.katalon.core.main.TestCaseMain.startTestSuite(TestCaseMain.java:142)
	at com.kms.katalon.core.main.TestCaseMain$startTestSuite$0.call(Unknown Source)
	at org.codehaus.groovy.runtime.callsite.CallSiteArray.defaultCall(CallSiteArray.java:48)
	at org.codehaus.groovy.runtime.callsite.AbstractCallSite.call(AbstractCallSite.java:113)
	at org.codehaus.groovy.runtime.callsite.AbstractCallSite.call(AbstractCallSite.java:141)
	at TempTestSuite1540012262067.run(TempTestSuite1540012262067.groovy:36)
	at groovy.lang.GroovyShell.runScriptOrMainOrTestOrRunnable(GroovyShell.java:263)
	at groovy.lang.GroovyShell.run(GroovyShell.java:518)
	at groovy.lang.GroovyShell.run(GroovyShell.java:507)
	at groovy.ui.GroovyMain.processOnce(GroovyMain.java:653)
	at groovy.ui.GroovyMain.run(GroovyMain.java:384)
	at groovy.ui.GroovyMain.process(GroovyMain.java:370)
	at groovy.ui.GroovyMain.processArgs(GroovyMain.java:129)
	at groovy.ui.GroovyMain.main(GroovyMain.java:109)
	at sun.reflect.NativeMethodAccessorImpl.invoke0(Native Method)
	at sun.reflect.NativeMethodAccessorImpl.invoke(NativeMethodAccessorImpl.java:62)
	at sun.reflect.DelegatingMethodAccessorImpl.invoke(DelegatingMethodAccessorImpl.java:43)
	at java.lang.reflect.Method.invoke(Method.java:498)
	at org.codehaus.groovy.tools.GroovyStarter.rootLoader(GroovyStarter.java:109)
	at org.codehaus.groovy.tools.GroovyStarter.main(GroovyStarter.java:131)
)]]></system-out>
      <system-err><![CDATA[2018-10-20 17:35:53 - [TEST_SUITE][FAILED] - Update Add New Employee: Test Cases/Final Aug 2018 - PKS Automation/Registration Module/Workflow/Update Add New Employee/Add Employee and Set Incomplete ( OTC - PKRBO) FAILED because (of) (Stack trace: com.kms.katalon.core.exception.StepFailedException: Unable to click on object 'Object Repository/Final Object Repo/Landing Page/Select to English' (Root cause: com.kms.katalon.core.webui.exception.WebElementNotFoundException: Web element with id: 'Object Repository/Final Object Repo/Landing Page/Select to English' located by 'By.xpath: //a[@class = 'taglib-language-list-text' and @lang = 'en-US' and (contains(text(), 'EN') or contains(., 'EN'))]' not found)
	at com.kms.katalon.core.keyword.internal.KeywordMain.stepFailed(KeywordMain.groovy:32)
	at com.kms.katalon.core.webui.keyword.internal.WebUIKeywordMain.stepFailed(WebUIKeywordMain.groovy:65)
	at com.kms.katalon.core.webui.keyword.internal.WebUIKeywordMain.runKeyword(WebUIKeywordMain.groovy:27)
	at com.kms.katalon.core.webui.keyword.builtin.ClickKeyword.click(ClickKeyword.groovy:86)
	at com.kms.katalon.core.webui.keyword.builtin.ClickKeyword.execute(ClickKeyword.groovy:67)
	at com.kms.katalon.core.keyword.internal.KeywordExecutor.executeKeywordForPlatform(KeywordExecutor.groovy:53)
	at com.kms.katalon.core.webui.keyword.WebUiBuiltInKeywords.click(WebUiBuiltInKeywords.groovy:604)
	at com.kms.katalon.core.webui.keyword.WebUiBuiltInKeywords$click$6.call(Unknown Source)
	at org.codehaus.groovy.runtime.callsite.CallSiteArray.defaultCall(CallSiteArray.java:48)
	at org.codehaus.groovy.runtime.callsite.AbstractCallSite.call(AbstractCallSite.java:113)
	at org.codehaus.groovy.runtime.callsite.AbstractCallSite.call(AbstractCallSite.java:133)
	at Script1534407542420.run(Script1534407542420.groovy:57)
	at com.kms.katalon.core.main.ScriptEngine.run(ScriptEngine.java:183)
	at com.kms.katalon.core.main.ScriptEngine.runScriptAsRawText(ScriptEngine.java:108)
	at com.kms.katalon.core.main.TestCaseExecutor.runScript(TestCaseExecutor.java:294)
	at com.kms.katalon.core.main.TestCaseExecutor.doExecute(TestCaseExecutor.java:285)
	at com.kms.katalon.core.main.TestCaseExecutor.processExecutionPhase(TestCaseExecutor.java:264)
	at com.kms.katalon.core.main.TestCaseExecutor.accessMainPhase(TestCaseExecutor.java:256)
	at com.kms.katalon.core.main.TestCaseExecutor.execute(TestCaseExecutor.java:200)
	at com.kms.katalon.core.main.TestCaseMain.runTestCase(TestCaseMain.java:99)
	at com.kms.katalon.core.keyword.builtin.CallTestCaseKeyword$_callTestCase_closure1.doCall(CallTestCaseKeyword.groovy:60)
	at com.kms.katalon.core.keyword.builtin.CallTestCaseKeyword$_callTestCase_closure1.call(CallTestCaseKeyword.groovy)
	at com.kms.katalon.core.keyword.internal.KeywordMain.runKeyword(KeywordMain.groovy:54)
	at com.kms.katalon.core.keyword.builtin.CallTestCaseKeyword.callTestCase(CallTestCaseKeyword.groovy:81)
	at com.kms.katalon.core.keyword.builtin.CallTestCaseKeyword.execute(CallTestCaseKeyword.groovy:45)
	at com.kms.katalon.core.keyword.internal.KeywordExecutor.executeKeywordForPlatform(KeywordExecutor.groovy:53)
	at com.kms.katalon.core.keyword.BuiltinKeywords.callTestCase(BuiltinKeywords.groovy:334)
	at sun.reflect.NativeMethodAccessorImpl.invoke0(Native Method)
	at sun.reflect.NativeMethodAccessorImpl.invoke(NativeMethodAccessorImpl.java:62)
	at sun.reflect.DelegatingMethodAccessorImpl.invoke(DelegatingMethodAccessorImpl.java:43)
	at java.lang.reflect.Method.invoke(Method.java:498)
	at org.codehaus.groovy.reflection.CachedMethod.invoke(CachedMethod.java:93)
	at groovy.lang.MetaMethod.doMethodInvoke(MetaMethod.java:325)
	at groovy.lang.MetaClassImpl.invokeStaticMethod(MetaClassImpl.java:1469)
	at org.codehaus.groovy.runtime.callsite.StaticMetaClassSite.call(StaticMetaClassSite.java:53)
	at org.codehaus.groovy.runtime.callsite.CallSiteArray.defaultCall(CallSiteArray.java:48)
	at org.codehaus.groovy.runtime.callsite.AbstractCallSite.call(AbstractCallSite.java:113)
	at org.codehaus.groovy.runtime.callsite.AbstractCallSite.call(AbstractCallSite.java:141)
	at Script1535947244917.run(Script1535947244917.groovy:129)
	at com.kms.katalon.core.main.ScriptEngine.run(ScriptEngine.java:183)
	at com.kms.katalon.core.main.ScriptEngine.runScriptAsRawText(ScriptEngine.java:108)
	at com.kms.katalon.core.main.TestCaseExecutor.runScript(TestCaseExecutor.java:294)
	at com.kms.katalon.core.main.TestCaseExecutor.doExecute(TestCaseExecutor.java:285)
	at com.kms.katalon.core.main.TestCaseExecutor.processExecutionPhase(TestCaseExecutor.java:264)
	at com.kms.katalon.core.main.TestCaseExecutor.accessMainPhase(TestCaseExecutor.java:256)
	at com.kms.katalon.core.main.TestCaseExecutor.execute(TestCaseExecutor.java:200)
	at com.kms.katalon.core.main.TestSuiteExecutor.accessTestCaseMainPhase(TestSuiteExecutor.java:129)
	at com.kms.katalon.core.main.TestSuiteExecutor.accessTestSuiteMainPhase(TestSuiteExecutor.java:112)
	at com.kms.katalon.core.main.TestSuiteExecutor.execute(TestSuiteExecutor.java:81)
	at com.kms.katalon.core.main.TestCaseMain.startTestSuite(TestCaseMain.java:142)
	at com.kms.katalon.core.main.TestCaseMain$startTestSuite$0.call(Unknown Source)
	at org.codehaus.groovy.runtime.callsite.CallSiteArray.defaultCall(CallSiteArray.java:48)
	at org.codehaus.groovy.runtime.callsite.AbstractCallSite.call(AbstractCallSite.java:113)
	at org.codehaus.groovy.runtime.callsite.AbstractCallSite.call(AbstractCallSite.java:141)
	at TempTestSuite1540012262067.run(TempTestSuite1540012262067.groovy:36)
	at groovy.lang.GroovyShell.runScriptOrMainOrTestOrRunnable(GroovyShell.java:263)
	at groovy.lang.GroovyShell.run(GroovyShell.java:518)
	at groovy.lang.GroovyShell.run(GroovyShell.java:507)
	at groovy.ui.GroovyMain.processOnce(GroovyMain.java:653)
	at groovy.ui.GroovyMain.run(GroovyMain.java:384)
	at groovy.ui.GroovyMain.process(GroovyMain.java:370)
	at groovy.ui.GroovyMain.processArgs(GroovyMain.java:129)
	at groovy.ui.GroovyMain.main(GroovyMain.java:109)
	at sun.reflect.NativeMethodAccessorImpl.invoke0(Native Method)
	at sun.reflect.NativeMethodAccessorImpl.invoke(NativeMethodAccessorImpl.java:62)
	at sun.reflect.DelegatingMethodAccessorImpl.invoke(DelegatingMethodAccessorImpl.java:43)
	at java.lang.reflect.Method.invoke(Method.java:498)
	at org.codehaus.groovy.tools.GroovyStarter.rootLoader(GroovyStarter.java:109)
	at org.codehaus.groovy.tools.GroovyStarter.main(GroovyStarter.java:131)
)]]></system-err>
   </testsuite>
</testsuites>
