<?xml version="1.0" encoding="UTF-8"?>
<testsuites name="Form 3 EIS - Cessation as Employer" time="3666" tests="11" failures="1" errors="0">
   <testsuite name="Form 3 EIS - Cessation as Employer" tests="11" failures="1" errors="0" time="3666" timestamp="2018-12-13 11:41:50" hostname="Admin - Win7Test02" id="Test Suites/Workflow/Form 3 EIS - Cessation as Employer">
      <properties>
         <property name="deviceName" value=""/>
         <property name="devicePlatform" value=""/>
         <property name="logFolder" value="C:\\Users\\Admin\\Desktop\\PKS\\Perkeso Phase A\\Reports\\Workflow\\Form 3 EIS - Cessation as Employer\\20181213_103053"/>
         <property name="logFiles" value="C:\\Users\\Admin\\Desktop\\PKS\\Perkeso Phase A\\Reports\\Workflow\\Form 3 EIS - Cessation as Employer\\20181213_103053\\execution0.log"/>
         <property name="attachments" value="C:\\Users\\Admin\\Desktop\\PKS\\Perkeso Phase A\\Reports\\Workflow\\Form 3 EIS - Cessation as Employer\\20181213_103053\\1544674717196.png, C:\\Users\\Admin\\Desktop\\PKS\\Perkeso Phase A\\Reports\\Workflow\\Form 3 EIS - Cessation as Employer\\20181213_103053\\1544674751914.png, C:\\Users\\Admin\\Desktop\\PKS\\Perkeso Phase A\\Reports\\Workflow\\Form 3 EIS - Cessation as Employer\\20181213_103053\\1544674786933.png, C:\\Users\\Admin\\Desktop\\PKS\\Perkeso Phase A\\Reports\\Workflow\\Form 3 EIS - Cessation as Employer\\20181213_103053\\1544674826163.png, C:\\Users\\Admin\\Desktop\\PKS\\Perkeso Phase A\\Reports\\Workflow\\Form 3 EIS - Cessation as Employer\\20181213_103053\\1544674860008.png, C:\\Users\\Admin\\Desktop\\PKS\\Perkeso Phase A\\Reports\\Workflow\\Form 3 EIS - Cessation as Employer\\20181213_103053\\1544674895068.png, C:\\Users\\Admin\\Desktop\\PKS\\Perkeso Phase A\\Reports\\Workflow\\Form 3 EIS - Cessation as Employer\\20181213_103053\\1544674931248.png, C:\\Users\\Admin\\Desktop\\PKS\\Perkeso Phase A\\Reports\\Workflow\\Form 3 EIS - Cessation as Employer\\20181213_103053\\1544674966596.png"/>
         <property name="hostName" value="Admin - Win7Test02"/>
         <property name="os" value="Windows 7 64bit"/>
         <property name="katalonVersion" value="5.8.6.1"/>
         <property name="browser" value="Chrome 70.0.3538.110"/>
         <property name="hostAddress" value="10.20.3.72"/>
         <property name="sessionId" value="999f8a10610d856b8f2699843d24b42b"/>
         <property name="seleniumVersion" value="3.7.1"/>
         <property name="proxyInformation" value="ProxyInformation{proxyOption=NO_PROXY, proxyServerType=HTTP, password=, proxyServerAddress=, proxyServerPort=0}"/>
         <property name="platform" value="Windows 7"/>
      </properties>
      <testcase name="Test Cases/Final Aug 2018 - PKS Automation/Registration Module/Workflow/Form 3 EIS - Cessation As Employer/Employer to UO (Approve)" classname="Test Cases/Final Aug 2018 - PKS Automation/Registration Module/Workflow/Form 3 EIS - Cessation As Employer/Employer to UO (Approve)" status="PASSED">
         <system-out><![CDATA[2018-12-13 11:41:50 - [TEST_CASE][PASSED] - Test Cases/Final Aug 2018 - PKS Automation/Registration Module/Workflow/Form 3 EIS - Cessation As Employer/Employer to UO (Approve): Test Cases/Final Aug 2018 - PKS Automation/Registration Module/Workflow/Form 3 EIS - Cessation As Employer/Employer to UO (Approve)

2018-12-13 11:41:51 - [TEST_STEP][PASSED] - callTestCase: Call Test Case 'Test Cases/Final Aug 2018 - PKS Automation/Registration Module/Workflow/Form 3 EIS - Cessation As Employer/Template/Form 3 A - Cessation As Employer (Employer)' successfully

2018-12-13 11:41:51 - [TEST_CASE][PASSED] - Test Cases/Final Aug 2018 - PKS Automation/Registration Module/Workflow/Form 3 EIS - Cessation As Employer/Template/Form 3 A - Cessation As Employer (Employer): Test Cases/Final Aug 2018 - PKS Automation/Registration Module/Workflow/Form 3 EIS - Cessation As Employer/Template/Form 3 A - Cessation As Employer (Employer)

2018-12-13 11:41:51 - [TEST_STEP][PASSED] - callTestCase: Call Test Case 'Test Cases/Final Aug 2018 - PKS Automation/Registration Module/Workflow/Update Add New Employee/Template/New Company for Update Add New - Employer' successfully

2018-12-13 11:41:51 - [TEST_CASE][PASSED] - Test Cases/Final Aug 2018 - PKS Automation/Registration Module/Workflow/Update Add New Employee/Template/New Company for Update Add New - Employer: Test Cases/Final Aug 2018 - PKS Automation/Registration Module/Workflow/Update Add New Employee/Template/New Company for Update Add New - Employer

2018-12-13 11:41:51 - [TEST_STEP][PASSED] - callTestCase: Call Test Case 'Test Cases/Final Aug 2018 - PKS Automation/Create Employer Acc/Create Employer Account' successfully

2018-12-13 11:41:51 - [TEST_CASE][PASSED] - Test Cases/Final Aug 2018 - PKS Automation/Create Employer Acc/Create Employer Account: Test Cases/Final Aug 2018 - PKS Automation/Create Employer Acc/Create Employer Account

2018-12-13 11:41:52 - [TEST_STEP][PASSED] - callTestCase: Call Test Case 'Test Cases/Final Aug 2018 - PKS Automation/Create Employer Acc/Template/Register Employer' successfully

2018-12-13 11:41:52 - [TEST_CASE][PASSED] - Test Cases/Final Aug 2018 - PKS Automation/Create Employer Acc/Template/Register Employer: Test Cases/Final Aug 2018 - PKS Automation/Create Employer Acc/Template/Register Employer

2018-12-13 11:41:52 - [TEST_STEP][PASSED] - openBrowser: Browser is opened with url: ''

2018-12-13 11:41:56 - [MESSAGE][PASSED] - Browser is opened with url: ''

2018-12-13 11:41:56 - [TEST_STEP][PASSED] - navigateToUrl: Navigate to 'https://assist2-uat.perkeso.gov.my/login' successfully

2018-12-13 11:41:57 - [MESSAGE][PASSED] - Navigate to 'https://assist2-uat.perkeso.gov.my/login' successfully

2018-12-13 11:41:57 - [TEST_STEP][PASSED] - setText: Text 'johorotc1@gmail.com' is set on object 'Object Repository/Final Object Repo/Login Page/Internal User/Email Address'

2018-12-13 11:41:57 - [MESSAGE][PASSED] - Text 'johorotc1@gmail.com' is set on object 'Object Repository/Final Object Repo/Login Page/Internal User/Email Address'

2018-12-13 11:41:57 - [TEST_STEP][PASSED] - click: Object: 'Object Repository/Final Object Repo/Login Page/Internal User/Next Button' is clicked on

2018-12-13 11:41:58 - [MESSAGE][PASSED] - Object: 'Object Repository/Final Object Repo/Login Page/Internal User/Next Button' is clicked on

2018-12-13 11:41:58 - [TEST_STEP][PASSED] - delay: Delayed 1 second(s)

2018-12-13 11:41:59 - [MESSAGE][PASSED] - Delayed 1 second(s)

2018-12-13 11:41:59 - [TEST_STEP][PASSED] - setEncryptedText: Text ****** has been set on object 'Object Repository/Final Object Repo/Login Page/Internal User/Password'

2018-12-13 11:41:59 - [MESSAGE][PASSED] - Text ****** has been set on object 'Object Repository/Final Object Repo/Login Page/Internal User/Password'

2018-12-13 11:41:59 - [TEST_STEP][PASSED] - click: Object: 'Object Repository/Final Object Repo/Login Page/Internal User/Login Button' is clicked on

2018-12-13 11:41:59 - [MESSAGE][PASSED] - Object: 'Object Repository/Final Object Repo/Login Page/Internal User/Login Button' is clicked on

2018-12-13 11:41:59 - [TEST_STEP][PASSED] - delay: Delayed 1 second(s)

2018-12-13 11:42:00 - [MESSAGE][PASSED] - Delayed 1 second(s)

2018-12-13 11:42:00 - [TEST_STEP][PASSED] - navigateToUrl: Navigate to 'https://assist2-uat.perkeso.gov.my/web/base/portal-id/registration' successfully

2018-12-13 11:42:02 - [MESSAGE][PASSED] - Navigate to 'https://assist2-uat.perkeso.gov.my/web/base/portal-id/registration' successfully

2018-12-13 11:42:02 - [TEST_STEP][PASSED] - setText: Text 'AUTOMATION EMPLOYER' is set on object 'Object Repository/Final Object Repo/Creating Employer Account/Page_Registration - ASSIST (Base)/Employer Name'

2018-12-13 11:42:03 - [MESSAGE][PASSED] - Text 'AUTOMATION EMPLOYER' is set on object 'Object Repository/Final Object Repo/Creating Employer Account/Page_Registration - ASSIST (Base)/Employer Name'

2018-12-13 11:42:03 - [TEST_STEP][PASSED] - delay: Delayed 2 second(s)

2018-12-13 11:42:05 - [MESSAGE][PASSED] - Delayed 2 second(s)

2018-12-13 11:42:05 - [TEST_STEP][PASSED] - click: Object: 'Object Repository/Final Object Repo/Creating Employer Account/Page_Registration - ASSIST (Base)/Registration Type' is clicked on

2018-12-13 11:42:05 - [MESSAGE][PASSED] - Object: 'Object Repository/Final Object Repo/Creating Employer Account/Page_Registration - ASSIST (Base)/Registration Type' is clicked on

2018-12-13 11:42:05 - [TEST_STEP][PASSED] - delay: Delayed 2 second(s)

2018-12-13 11:42:07 - [MESSAGE][PASSED] - Delayed 2 second(s)

2018-12-13 11:42:07 - [TEST_STEP][PASSED] - click: Object: 'Object Repository/Final Object Repo/Creating Employer Account/Page_Registration - ASSIST (Base)/Registration Type - Registration No' is clicked on

2018-12-13 11:42:07 - [MESSAGE][PASSED] - Object: 'Object Repository/Final Object Repo/Creating Employer Account/Page_Registration - ASSIST (Base)/Registration Type - Registration No' is clicked on

2018-12-13 11:42:07 - [TEST_STEP][PASSED] - delay: Delayed 2 second(s)

2018-12-13 11:42:09 - [MESSAGE][PASSED] - Delayed 2 second(s)

2018-12-13 11:42:09 - [TEST_STEP][PASSED] - setText: Text 'AUTOMATE001' is set on object 'Object Repository/Final Object Repo/Creating Employer Account/Page_Registration - ASSIST (Base)/Registration Number'

2018-12-13 11:42:09 - [MESSAGE][PASSED] - Text 'AUTOMATE001' is set on object 'Object Repository/Final Object Repo/Creating Employer Account/Page_Registration - ASSIST (Base)/Registration Number'

2018-12-13 11:42:09 - [TEST_STEP][PASSED] - delay: Delayed 2 second(s)

2018-12-13 11:42:11 - [MESSAGE][PASSED] - Delayed 2 second(s)

2018-12-13 11:42:11 - [TEST_STEP][PASSED] - setText: Text 'ADDRESS 1' is set on object 'Object Repository/Final Object Repo/Creating Employer Account/Page_Registration - ASSIST (Base)/Postal Address 1'

2018-12-13 11:42:12 - [MESSAGE][PASSED] - Text 'ADDRESS 1' is set on object 'Object Repository/Final Object Repo/Creating Employer Account/Page_Registration - ASSIST (Base)/Postal Address 1'

2018-12-13 11:42:12 - [TEST_STEP][PASSED] - setText: Text 'ADDRESS 2' is set on object 'Object Repository/Final Object Repo/Creating Employer Account/Page_Registration - ASSIST (Base)/Postal Address 2'

2018-12-13 11:42:12 - [MESSAGE][PASSED] - Text 'ADDRESS 2' is set on object 'Object Repository/Final Object Repo/Creating Employer Account/Page_Registration - ASSIST (Base)/Postal Address 2'

2018-12-13 11:42:12 - [TEST_STEP][PASSED] - click: Object: 'Object Repository/Final Object Repo/Creating Employer Account/Page_Registration - ASSIST (Base)/State' is clicked on

2018-12-13 11:42:12 - [MESSAGE][PASSED] - Object: 'Object Repository/Final Object Repo/Creating Employer Account/Page_Registration - ASSIST (Base)/State' is clicked on

2018-12-13 11:42:12 - [TEST_STEP][PASSED] - delay: Delayed 2 second(s)

2018-12-13 11:42:14 - [MESSAGE][PASSED] - Delayed 2 second(s)

2018-12-13 11:42:14 - [TEST_STEP][PASSED] - click: Object: 'Object Repository/Final Object Repo/Creating Employer Account/Page_Registration - ASSIST (Base)/State - Johor' is clicked on

2018-12-13 11:42:14 - [MESSAGE][PASSED] - Object: 'Object Repository/Final Object Repo/Creating Employer Account/Page_Registration - ASSIST (Base)/State - Johor' is clicked on

2018-12-13 11:42:14 - [TEST_STEP][PASSED] - delay: Delayed 2 second(s)

2018-12-13 11:42:16 - [MESSAGE][PASSED] - Delayed 2 second(s)

2018-12-13 11:42:16 - [TEST_STEP][PASSED] - click: Object: 'Object Repository/Final Object Repo/Creating Employer Account/Page_Registration - ASSIST (Base)/City' is clicked on

2018-12-13 11:42:17 - [MESSAGE][PASSED] - Object: 'Object Repository/Final Object Repo/Creating Employer Account/Page_Registration - ASSIST (Base)/City' is clicked on

2018-12-13 11:42:17 - [TEST_STEP][PASSED] - delay: Delayed 2 second(s)

2018-12-13 11:42:19 - [MESSAGE][PASSED] - Delayed 2 second(s)

2018-12-13 11:42:19 - [TEST_STEP][PASSED] - setText: Text 'joh' is set on object 'Object Repository/Final Object Repo/Creating Employer Account/Page_Registration - ASSIST (Base)/City - joh'

2018-12-13 11:42:19 - [MESSAGE][PASSED] - Text 'joh' is set on object 'Object Repository/Final Object Repo/Creating Employer Account/Page_Registration - ASSIST (Base)/City - joh'

2018-12-13 11:42:19 - [TEST_STEP][PASSED] - delay: Delayed 2 second(s)

2018-12-13 11:42:21 - [MESSAGE][PASSED] - Delayed 2 second(s)

2018-12-13 11:42:21 - [TEST_STEP][PASSED] - click: Object: 'Object Repository/Final Object Repo/Creating Employer Account/Page_Registration - ASSIST (Base)/City - Johor Bharu' is clicked on

2018-12-13 11:42:21 - [MESSAGE][PASSED] - Object: 'Object Repository/Final Object Repo/Creating Employer Account/Page_Registration - ASSIST (Base)/City - Johor Bharu' is clicked on

2018-12-13 11:42:21 - [TEST_STEP][PASSED] - delay: Delayed 2 second(s)

2018-12-13 11:42:23 - [MESSAGE][PASSED] - Delayed 2 second(s)

2018-12-13 11:42:23 - [TEST_STEP][PASSED] - click: Object: 'Object Repository/Final Object Repo/Creating Employer Account/Page_Registration - ASSIST (Base)/Post Code' is clicked on

2018-12-13 11:42:23 - [MESSAGE][PASSED] - Object: 'Object Repository/Final Object Repo/Creating Employer Account/Page_Registration - ASSIST (Base)/Post Code' is clicked on

2018-12-13 11:42:23 - [TEST_STEP][PASSED] - delay: Delayed 2 second(s)

2018-12-13 11:42:25 - [MESSAGE][PASSED] - Delayed 2 second(s)

2018-12-13 11:42:25 - [TEST_STEP][PASSED] - setText: Text '810' is set on object 'Object Repository/Final Object Repo/Creating Employer Account/Page_Registration - ASSIST (Base)/Post Code - 810'

2018-12-13 11:42:25 - [MESSAGE][PASSED] - Text '810' is set on object 'Object Repository/Final Object Repo/Creating Employer Account/Page_Registration - ASSIST (Base)/Post Code - 810'

2018-12-13 11:42:25 - [TEST_STEP][PASSED] - delay: Delayed 2 second(s)

2018-12-13 11:42:27 - [MESSAGE][PASSED] - Delayed 2 second(s)

2018-12-13 11:42:27 - [TEST_STEP][PASSED] - click: Object: 'Object Repository/Final Object Repo/Creating Employer Account/Page_Registration - ASSIST (Base)/Post Code - 81000' is clicked on

2018-12-13 11:42:28 - [MESSAGE][PASSED] - Object: 'Object Repository/Final Object Repo/Creating Employer Account/Page_Registration - ASSIST (Base)/Post Code - 81000' is clicked on

2018-12-13 11:42:28 - [TEST_STEP][PASSED] - delay: Delayed 2 second(s)

2018-12-13 11:42:30 - [MESSAGE][PASSED] - Delayed 2 second(s)

2018-12-13 11:42:30 - [TEST_STEP][PASSED] - setText: Text 'PERKESO' is set on object 'Object Repository/Final Object Repo/Creating Employer Account/Page_Registration - ASSIST (Base)/Full Name'

2018-12-13 11:42:30 - [MESSAGE][PASSED] - Text 'PERKESO' is set on object 'Object Repository/Final Object Repo/Creating Employer Account/Page_Registration - ASSIST (Base)/Full Name'

2018-12-13 11:42:30 - [TEST_STEP][PASSED] - Statement - rnd = new java.util.Random(): null

2018-12-13 11:42:30 - [TEST_STEP][PASSED] - Statement - snum = rnd.nextInt(899999 + 1) + 100000: null

2018-12-13 11:42:30 - [TEST_STEP][PASSED] - Statement - tnum = rnd.nextInt(899999 + 1) + 100000: null

2018-12-13 11:42:30 - [TEST_STEP][PASSED] - Statement - IC = java.lang.Integer.toString(snum) + java.lang.Integer.toString(tnum): null

2018-12-13 11:42:30 - [TEST_STEP][PASSED] - Statement - out.println(IC): null

2018-12-13 11:42:30 - [TEST_STEP][PASSED] - setText: Text '303208514303' is set on object 'Object Repository/Final Object Repo/Creating Employer Account/Page_Registration - ASSIST (Base)/Identification Number'

2018-12-13 11:42:30 - [MESSAGE][PASSED] - Text '303208514303' is set on object 'Object Repository/Final Object Repo/Creating Employer Account/Page_Registration - ASSIST (Base)/Identification Number'

2018-12-13 11:42:30 - [TEST_STEP][PASSED] - delay: Delayed 2 second(s)

2018-12-13 11:42:32 - [MESSAGE][PASSED] - Delayed 2 second(s)

2018-12-13 11:42:32 - [TEST_STEP][PASSED] - setText: Text '123456789012' is set on object 'Object Repository/Final Object Repo/Creating Employer Account/Page_Registration - ASSIST (Base)/Contact Number'

2018-12-13 11:42:33 - [MESSAGE][PASSED] - Text '123456789012' is set on object 'Object Repository/Final Object Repo/Creating Employer Account/Page_Registration - ASSIST (Base)/Contact Number'

2018-12-13 11:42:33 - [TEST_STEP][PASSED] - Statement - Email = "perkeso" + IC + "@gmail.com": null

2018-12-13 11:42:33 - [TEST_STEP][PASSED] - delay: Delayed 2 second(s)

2018-12-13 11:42:35 - [MESSAGE][PASSED] - Delayed 2 second(s)

2018-12-13 11:42:35 - [TEST_STEP][PASSED] - callTestCase: Call Test Case 'Test Cases/Final Aug 2018 - PKS Automation/Create Employer Acc/Template/Employer Email Settler' successfully

2018-12-13 11:42:35 - [TEST_CASE][PASSED] - Test Cases/Final Aug 2018 - PKS Automation/Create Employer Acc/Template/Employer Email Settler: Test Cases/Final Aug 2018 - PKS Automation/Create Employer Acc/Template/Employer Email Settler

2018-12-13 11:42:35 - [TEST_STEP][PASSED] - Statement - EmpEmailOld = new java.io.File(C://Users//Admin//Desktop//PKS//Automation Reference Point//EmpEmail.txt): null

2018-12-13 11:42:35 - [TEST_STEP][PASSED] - Statement - EmpEmailOld.delete(): null

2018-12-13 11:42:35 - [TEST_STEP][PASSED] - delay: Delayed 5 second(s)

2018-12-13 11:42:40 - [MESSAGE][PASSED] - Delayed 5 second(s)

2018-12-13 11:42:40 - [TEST_STEP][PASSED] - Statement - EmpEmail = new java.io.File(C://Users//Admin//Desktop//PKS//Automation Reference Point//EmpEmail.txt): null

2018-12-13 11:42:40 - [TEST_STEP][PASSED] - Statement - f2 = new java.io.FileWriter(EmpEmail, false): null

2018-12-13 11:42:40 - [TEST_STEP][PASSED] - Statement - f2.write(Email): null

2018-12-13 11:42:40 - [TEST_STEP][PASSED] - Statement - f2.close(): null

2018-12-13 11:42:40 - [TEST_STEP][PASSED] - Statement - out.println(Email): null

2018-12-13 11:42:40 - [MESSAGE][PASSED] - Call Test Case 'Test Cases/Final Aug 2018 - PKS Automation/Create Employer Acc/Template/Employer Email Settler' successfully

2018-12-13 11:42:40 - [TEST_STEP][PASSED] - delay: Delayed 2 second(s)

2018-12-13 11:42:42 - [MESSAGE][PASSED] - Delayed 2 second(s)

2018-12-13 11:42:42 - [TEST_STEP][PASSED] - setText: Text 'perkeso303208514303@gmail.com' is set on object 'Object Repository/Final Object Repo/Creating Employer Account/Page_Registration - ASSIST (Base)/Email'

2018-12-13 11:42:43 - [MESSAGE][PASSED] - Text 'perkeso303208514303@gmail.com' is set on object 'Object Repository/Final Object Repo/Creating Employer Account/Page_Registration - ASSIST (Base)/Email'

2018-12-13 11:42:43 - [TEST_STEP][PASSED] - setText: Text '123' is set on object 'Object Repository/Final Object Repo/Creating Employer Account/Page_Registration - ASSIST (Base)/Security Phase'

2018-12-13 11:42:43 - [MESSAGE][PASSED] - Text '123' is set on object 'Object Repository/Final Object Repo/Creating Employer Account/Page_Registration - ASSIST (Base)/Security Phase'

2018-12-13 11:42:43 - [TEST_STEP][PASSED] - click: Object: 'Object Repository/Final Object Repo/Creating Employer Account/Page_Registration - ASSIST (Base)/Save  Continue' is clicked on

2018-12-13 11:42:43 - [MESSAGE][PASSED] - Object: 'Object Repository/Final Object Repo/Creating Employer Account/Page_Registration - ASSIST (Base)/Save  Continue' is clicked on

2018-12-13 11:42:43 - [TEST_STEP][PASSED] - delay: Delayed 2 second(s)

2018-12-13 11:42:45 - [MESSAGE][PASSED] - Delayed 2 second(s)

2018-12-13 11:42:45 - [TEST_STEP][PASSED] - click: Object: 'Object Repository/Final Object Repo/Creating Employer Account/Page_Registration - ASSIST (Base)/Add Document' is clicked on

2018-12-13 11:42:45 - [MESSAGE][PASSED] - Object: 'Object Repository/Final Object Repo/Creating Employer Account/Page_Registration - ASSIST (Base)/Add Document' is clicked on

2018-12-13 11:42:45 - [TEST_STEP][PASSED] - delay: Delayed 2 second(s)

2018-12-13 11:42:47 - [MESSAGE][PASSED] - Delayed 2 second(s)

2018-12-13 11:42:47 - [TEST_STEP][PASSED] - click: Object: 'Object Repository/Final Object Repo/Creating Employer Account/Page_Registration - ASSIST (Base)/Document Type' is clicked on

2018-12-13 11:42:48 - [MESSAGE][PASSED] - Object: 'Object Repository/Final Object Repo/Creating Employer Account/Page_Registration - ASSIST (Base)/Document Type' is clicked on

2018-12-13 11:42:48 - [TEST_STEP][PASSED] - delay: Delayed 2 second(s)

2018-12-13 11:42:50 - [MESSAGE][PASSED] - Delayed 2 second(s)

2018-12-13 11:42:50 - [TEST_STEP][PASSED] - click: Object: 'Object Repository/Final Object Repo/Creating Employer Account/Page_Registration - ASSIST (Base)/Document Type - Letter of Authorization' is clicked on

2018-12-13 11:42:50 - [MESSAGE][PASSED] - Object: 'Object Repository/Final Object Repo/Creating Employer Account/Page_Registration - ASSIST (Base)/Document Type - Letter of Authorization' is clicked on

2018-12-13 11:42:50 - [TEST_STEP][PASSED] - delay: Delayed 2 second(s)

2018-12-13 11:42:52 - [MESSAGE][PASSED] - Delayed 2 second(s)

2018-12-13 11:42:52 - [TEST_STEP][PASSED] - sendKeys: Keys 'C:\Users\Public\Pictures\Sample Pictures\Koala.jpg' sent to object: 'Object Repository/Final Object Repo/Creating Employer Account/Page_Registration - ASSIST (Base)/Uploading File'

2018-12-13 11:42:52 - [MESSAGE][PASSED] - Keys 'C:\Users\Public\Pictures\Sample Pictures\Koala.jpg' sent to object: 'Object Repository/Final Object Repo/Creating Employer Account/Page_Registration - ASSIST (Base)/Uploading File'

2018-12-13 11:42:52 - [TEST_STEP][PASSED] - delay: Delayed 2 second(s)

2018-12-13 11:42:54 - [MESSAGE][PASSED] - Delayed 2 second(s)

2018-12-13 11:42:54 - [TEST_STEP][PASSED] - click: Object: 'Object Repository/Final Object Repo/Creating Employer Account/Page_Registration - ASSIST (Base)/Add Document in Uploading File' is clicked on

2018-12-13 11:42:54 - [MESSAGE][PASSED] - Object: 'Object Repository/Final Object Repo/Creating Employer Account/Page_Registration - ASSIST (Base)/Add Document in Uploading File' is clicked on

2018-12-13 11:42:54 - [TEST_STEP][PASSED] - delay: Delayed 2 second(s)

2018-12-13 11:42:56 - [MESSAGE][PASSED] - Delayed 2 second(s)

2018-12-13 11:42:56 - [TEST_STEP][PASSED] - click: Object: 'Object Repository/Final Object Repo/Creating Employer Account/Page_Registration - ASSIST (Base)/Save' is clicked on

2018-12-13 11:42:56 - [MESSAGE][PASSED] - Object: 'Object Repository/Final Object Repo/Creating Employer Account/Page_Registration - ASSIST (Base)/Save' is clicked on

2018-12-13 11:42:56 - [TEST_STEP][PASSED] - delay: Delayed 2 second(s)

2018-12-13 11:42:58 - [MESSAGE][PASSED] - Delayed 2 second(s)

2018-12-13 11:42:58 - [TEST_STEP][PASSED] - click: Object: 'Object Repository/Final Object Repo/Creating Employer Account/Page_Registration - ASSIST (Base)/Submit' is clicked on

2018-12-13 11:42:59 - [MESSAGE][PASSED] - Object: 'Object Repository/Final Object Repo/Creating Employer Account/Page_Registration - ASSIST (Base)/Submit' is clicked on

2018-12-13 11:42:59 - [TEST_STEP][PASSED] - delay: Delayed 2 second(s)

2018-12-13 11:43:01 - [MESSAGE][PASSED] - Delayed 2 second(s)

2018-12-13 11:43:01 - [TEST_STEP][PASSED] - click: Object: 'Object Repository/Final Object Repo/Creating Employer Account/Page_Registration - ASSIST (Base)/Confirm' is clicked on

2018-12-13 11:43:01 - [MESSAGE][PASSED] - Object: 'Object Repository/Final Object Repo/Creating Employer Account/Page_Registration - ASSIST (Base)/Confirm' is clicked on

2018-12-13 11:43:01 - [MESSAGE][PASSED] - Call Test Case 'Test Cases/Final Aug 2018 - PKS Automation/Create Employer Acc/Template/Register Employer' successfully

2018-12-13 11:43:01 - [TEST_STEP][PASSED] - delay: Delayed 1 second(s)

2018-12-13 11:43:02 - [MESSAGE][PASSED] - Delayed 1 second(s)

2018-12-13 11:43:02 - [TEST_STEP][PASSED] - navigateToUrl: Navigate to 'https://assist2-uat.perkeso.gov.my/c/portal/logout' successfully

2018-12-13 11:43:03 - [MESSAGE][PASSED] - Navigate to 'https://assist2-uat.perkeso.gov.my/c/portal/logout' successfully

2018-12-13 11:43:03 - [TEST_STEP][PASSED] - delay: Delayed 1 second(s)

2018-12-13 11:43:04 - [MESSAGE][PASSED] - Delayed 1 second(s)

2018-12-13 11:43:04 - [TEST_STEP][PASSED] - callTestCase: Call Test Case 'Test Cases/Final Aug 2018 - PKS Automation/Create Employer Acc/Template/Change Password of Employer' successfully

2018-12-13 11:43:04 - [TEST_CASE][PASSED] - Test Cases/Final Aug 2018 - PKS Automation/Create Employer Acc/Template/Change Password of Employer: Test Cases/Final Aug 2018 - PKS Automation/Create Employer Acc/Template/Change Password of Employer

2018-12-13 11:43:05 - [TEST_STEP][PASSED] - openBrowser: Browser is opened with url: ''

2018-12-13 11:43:05 - [MESSAGE][WARNING] - A browser is already opened. Closing browser and opening a new one

2018-12-13 11:43:10 - [MESSAGE][PASSED] - Browser is opened with url: ''

2018-12-13 11:43:10 - [TEST_STEP][PASSED] - navigateToUrl: Navigate to 'https://assist2-uat.perkeso.gov.my/login' successfully

2018-12-13 11:43:11 - [MESSAGE][PASSED] - Navigate to 'https://assist2-uat.perkeso.gov.my/login' successfully

2018-12-13 11:43:11 - [TEST_STEP][PASSED] - delay: Delayed 5 second(s)

2018-12-13 11:43:16 - [MESSAGE][PASSED] - Delayed 5 second(s)

2018-12-13 11:43:16 - [TEST_STEP][PASSED] - setText: Text 'test@liferay.com' is set on object 'Object Repository/Final Object Repo/Login Page/Internal User/Email Address'

2018-12-13 11:43:17 - [MESSAGE][PASSED] - Text 'test@liferay.com' is set on object 'Object Repository/Final Object Repo/Login Page/Internal User/Email Address'

2018-12-13 11:43:17 - [TEST_STEP][PASSED] - click: Object: 'Object Repository/Final Object Repo/Login Page/Internal User/Next Button' is clicked on

2018-12-13 11:43:17 - [MESSAGE][PASSED] - Object: 'Object Repository/Final Object Repo/Login Page/Internal User/Next Button' is clicked on

2018-12-13 11:43:17 - [TEST_STEP][PASSED] - delay: Delayed 2 second(s)

2018-12-13 11:43:19 - [MESSAGE][PASSED] - Delayed 2 second(s)

2018-12-13 11:43:19 - [TEST_STEP][PASSED] - setText: Text 'test' is set on object 'Object Repository/Final Object Repo/Login Page/Internal User/Password'

2018-12-13 11:43:19 - [MESSAGE][PASSED] - Text 'test' is set on object 'Object Repository/Final Object Repo/Login Page/Internal User/Password'

2018-12-13 11:43:19 - [TEST_STEP][PASSED] - delay: Delayed 2 second(s)

2018-12-13 11:43:21 - [MESSAGE][PASSED] - Delayed 2 second(s)

2018-12-13 11:43:21 - [TEST_STEP][PASSED] - click: Object: 'Object Repository/Final Object Repo/Login Page/Internal User/Login Button' is clicked on

2018-12-13 11:43:21 - [MESSAGE][PASSED] - Object: 'Object Repository/Final Object Repo/Login Page/Internal User/Login Button' is clicked on

2018-12-13 11:43:21 - [TEST_STEP][PASSED] - delay: Delayed 3 second(s)

2018-12-13 11:43:24 - [MESSAGE][PASSED] - Delayed 3 second(s)

2018-12-13 11:43:24 - [TEST_STEP][PASSED] - navigateToUrl: Navigate to 'https://assist2-uat.perkeso.gov.my/group/control_panel/manage?p_p_id=125&p_p_lifecycle=0&p_p_state=maximized&p_p_mode=view&refererPlid=20455&_125_usersListView=flat-users&_125_toolbarItem=view-all-users&_125_saveUsersListView=true&_125_struts_action=%2Fusers_admin%2Fview' successfully

2018-12-13 11:43:26 - [MESSAGE][PASSED] - Navigate to 'https://assist2-uat.perkeso.gov.my/group/control_panel/manage?p_p_id=125&p_p_lifecycle=0&p_p_state=maximized&p_p_mode=view&refererPlid=20455&_125_usersListView=flat-users&_125_toolbarItem=view-all-users&_125_saveUsersListView=true&_125_struts_action=%2Fusers_admin%2Fview' successfully

2018-12-13 11:43:26 - [TEST_STEP][PASSED] - delay: Delayed 3 second(s)

2018-12-13 11:43:29 - [MESSAGE][PASSED] - Delayed 3 second(s)

2018-12-13 11:43:29 - [TEST_STEP][PASSED] - setText: Text 'perkeso303208514303@gmail.com' is set on object 'Object Repository/Final Object Repo/Creating Employer Account/Page_Users and Organizations - ASSIST/Employer name'

2018-12-13 11:43:30 - [MESSAGE][PASSED] - Text 'perkeso303208514303@gmail.com' is set on object 'Object Repository/Final Object Repo/Creating Employer Account/Page_Users and Organizations - ASSIST/Employer name'

2018-12-13 11:43:30 - [TEST_STEP][PASSED] - delay: Delayed 3 second(s)

2018-12-13 11:43:33 - [MESSAGE][PASSED] - Delayed 3 second(s)

2018-12-13 11:43:33 - [TEST_STEP][PASSED] - click: Object: 'Object Repository/Final Object Repo/Creating Employer Account/Page_Users and Organizations - ASSIST/Search' is clicked on

2018-12-13 11:43:33 - [MESSAGE][PASSED] - Object: 'Object Repository/Final Object Repo/Creating Employer Account/Page_Users and Organizations - ASSIST/Search' is clicked on

2018-12-13 11:43:33 - [TEST_STEP][PASSED] - delay: Delayed 3 second(s)

2018-12-13 11:43:36 - [MESSAGE][PASSED] - Delayed 3 second(s)

2018-12-13 11:43:36 - [TEST_STEP][PASSED] - click: Object: 'Object Repository/Final Object Repo/Creating Employer Account/Page_Users and Organizations - ASSIST/Action' is clicked on

2018-12-13 11:43:36 - [MESSAGE][PASSED] - Object: 'Object Repository/Final Object Repo/Creating Employer Account/Page_Users and Organizations - ASSIST/Action' is clicked on

2018-12-13 11:43:36 - [TEST_STEP][PASSED] - delay: Delayed 3 second(s)

2018-12-13 11:43:39 - [MESSAGE][PASSED] - Delayed 3 second(s)

2018-12-13 11:43:39 - [TEST_STEP][PASSED] - click: Object: 'Object Repository/Final Object Repo/Creating Employer Account/Page_Users and Organizations - ASSIST/Edit' is clicked on

2018-12-13 11:43:40 - [MESSAGE][PASSED] - Object: 'Object Repository/Final Object Repo/Creating Employer Account/Page_Users and Organizations - ASSIST/Edit' is clicked on

2018-12-13 11:43:40 - [TEST_STEP][PASSED] - delay: Delayed 3 second(s)

2018-12-13 11:43:43 - [MESSAGE][PASSED] - Delayed 3 second(s)

2018-12-13 11:43:43 - [TEST_STEP][PASSED] - click: Object: 'Object Repository/Final Object Repo/Creating Employer Account/Page_PERKESO - Users and Organizati/a_Password (Modified)' is clicked on

2018-12-13 11:43:44 - [MESSAGE][PASSED] - Object: 'Object Repository/Final Object Repo/Creating Employer Account/Page_PERKESO - Users and Organizati/a_Password (Modified)' is clicked on

2018-12-13 11:43:44 - [TEST_STEP][PASSED] - delay: Delayed 3 second(s)

2018-12-13 11:43:47 - [MESSAGE][PASSED] - Delayed 3 second(s)

2018-12-13 11:43:47 - [TEST_STEP][PASSED] - setEncryptedText: Text ****** has been set on object 'Object Repository/Final Object Repo/Creating Employer Account/Page_PERKESO - Users and Organizati/input__125_password1'

2018-12-13 11:43:47 - [MESSAGE][PASSED] - Text ****** has been set on object 'Object Repository/Final Object Repo/Creating Employer Account/Page_PERKESO - Users and Organizati/input__125_password1'

2018-12-13 11:43:47 - [TEST_STEP][PASSED] - delay: Delayed 3 second(s)

2018-12-13 11:43:50 - [MESSAGE][PASSED] - Delayed 3 second(s)

2018-12-13 11:43:50 - [TEST_STEP][PASSED] - setEncryptedText: Text ****** has been set on object 'Object Repository/Final Object Repo/Creating Employer Account/Page_PERKESO - Users and Organizati/input__125_password2'

2018-12-13 11:43:50 - [MESSAGE][PASSED] - Text ****** has been set on object 'Object Repository/Final Object Repo/Creating Employer Account/Page_PERKESO - Users and Organizati/input__125_password2'

2018-12-13 11:43:50 - [TEST_STEP][PASSED] - delay: Delayed 3 second(s)

2018-12-13 11:43:53 - [MESSAGE][PASSED] - Delayed 3 second(s)

2018-12-13 11:43:53 - [TEST_STEP][PASSED] - click: Object: 'Object Repository/Final Object Repo/Creating Employer Account/Page_PERKESO - Users and Organizati/Save' is clicked on

2018-12-13 11:43:55 - [MESSAGE][PASSED] - Object: 'Object Repository/Final Object Repo/Creating Employer Account/Page_PERKESO - Users and Organizati/Save' is clicked on

2018-12-13 11:43:55 - [MESSAGE][PASSED] - Call Test Case 'Test Cases/Final Aug 2018 - PKS Automation/Create Employer Acc/Template/Change Password of Employer' successfully

2018-12-13 11:43:55 - [TEST_STEP][PASSED] - delay: Delayed 1 second(s)

2018-12-13 11:43:56 - [MESSAGE][PASSED] - Delayed 1 second(s)

2018-12-13 11:43:56 - [TEST_STEP][PASSED] - navigateToUrl: Navigate to 'https://assist2-uat.perkeso.gov.my/c/portal/logout' successfully

2018-12-13 11:43:57 - [MESSAGE][PASSED] - Navigate to 'https://assist2-uat.perkeso.gov.my/c/portal/logout' successfully

2018-12-13 11:43:57 - [TEST_STEP][PASSED] - delay: Delayed 1 second(s)

2018-12-13 11:43:58 - [MESSAGE][PASSED] - Delayed 1 second(s)

2018-12-13 11:43:58 - [TEST_STEP][PASSED] - callTestCase: Call Test Case 'Test Cases/Final Aug 2018 - PKS Automation/Create Employer Acc/Template/Login to Employer Account (First Time)' successfully

2018-12-13 11:43:58 - [TEST_CASE][PASSED] - Test Cases/Final Aug 2018 - PKS Automation/Create Employer Acc/Template/Login to Employer Account (First Time): Test Cases/Final Aug 2018 - PKS Automation/Create Employer Acc/Template/Login to Employer Account (First Time)

2018-12-13 11:43:58 - [TEST_STEP][PASSED] - openBrowser: Browser is opened with url: ''

2018-12-13 11:43:58 - [MESSAGE][WARNING] - A browser is already opened. Closing browser and opening a new one

2018-12-13 11:44:02 - [MESSAGE][PASSED] - Browser is opened with url: ''

2018-12-13 11:44:02 - [TEST_STEP][PASSED] - navigateToUrl: Navigate to 'https://assist2-uat.perkeso.gov.my/employer/login' successfully

2018-12-13 11:44:03 - [MESSAGE][PASSED] - Navigate to 'https://assist2-uat.perkeso.gov.my/employer/login' successfully

2018-12-13 11:44:03 - [TEST_STEP][PASSED] - delay: Delayed 3 second(s)

2018-12-13 11:44:06 - [MESSAGE][PASSED] - Delayed 3 second(s)

2018-12-13 11:44:06 - [TEST_STEP][PASSED] - callTestCase: Call Test Case 'Test Cases/Final Aug 2018 - PKS Automation/Create Employer Acc/Template/Employer Email Getter' successfully

2018-12-13 11:44:07 - [TEST_CASE][PASSED] - Test Cases/Final Aug 2018 - PKS Automation/Create Employer Acc/Template/Employer Email Getter: Test Cases/Final Aug 2018 - PKS Automation/Create Employer Acc/Template/Employer Email Getter

2018-12-13 11:44:07 - [TEST_STEP][PASSED] - Statement - Try: null

2018-12-13 11:44:07 - [TEST_STEP][PASSED] - Statement - EmpEmail = new java.io.File(C://Users//Admin//Desktop//PKS//Automation Reference Point//EmpEmail.txt): null

2018-12-13 11:44:07 - [TEST_STEP][PASSED] - Statement - bufferread = new java.io.BufferedReader(new java.io.FileReader(EmpEmail)): null

2018-12-13 11:44:07 - [TEST_STEP][PASSED] - Statement - readedVal = bufferread.readLine(): null

2018-12-13 11:44:07 - [TEST_STEP][PASSED] - Statement - out.println(readedVal): null

2018-12-13 11:44:07 - [TEST_STEP][PASSED] - Statement - Email = readedVal: null

2018-12-13 11:44:07 - [MESSAGE][PASSED] - Call Test Case 'Test Cases/Final Aug 2018 - PKS Automation/Create Employer Acc/Template/Employer Email Getter' successfully

2018-12-13 11:44:07 - [TEST_STEP][PASSED] - setText: Text 'perkeso303208514303@gmail.com' is set on object 'Object Repository/Final Object Repo/Login Page/External Login Page/Email'

2018-12-13 11:44:07 - [MESSAGE][PASSED] - Text 'perkeso303208514303@gmail.com' is set on object 'Object Repository/Final Object Repo/Login Page/External Login Page/Email'

2018-12-13 11:44:07 - [TEST_STEP][PASSED] - click: Object: 'Object Repository/Final Object Repo/Login Page/External Login Page/Next' is clicked on

2018-12-13 11:44:07 - [MESSAGE][PASSED] - Object: 'Object Repository/Final Object Repo/Login Page/External Login Page/Next' is clicked on

2018-12-13 11:44:07 - [TEST_STEP][PASSED] - delay: Delayed 3 second(s)

2018-12-13 11:44:10 - [MESSAGE][PASSED] - Delayed 3 second(s)

2018-12-13 11:44:10 - [TEST_STEP][PASSED] - setEncryptedText: Text ****** has been set on object 'Object Repository/Final Object Repo/Login Page/External Login Page/Password'

2018-12-13 11:44:11 - [MESSAGE][PASSED] - Text ****** has been set on object 'Object Repository/Final Object Repo/Login Page/External Login Page/Password'

2018-12-13 11:44:11 - [TEST_STEP][PASSED] - click: Object: 'Object Repository/Final Object Repo/Login Page/External Login Page/Login' is clicked on

2018-12-13 11:44:11 - [MESSAGE][PASSED] - Object: 'Object Repository/Final Object Repo/Login Page/External Login Page/Login' is clicked on

2018-12-13 11:44:11 - [TEST_STEP][PASSED] - delay: Delayed 3 second(s)

2018-12-13 11:44:14 - [MESSAGE][PASSED] - Delayed 3 second(s)

2018-12-13 11:44:14 - [TEST_STEP][PASSED] - click: Object: 'Object Repository/Final Object Repo/Creating Employer Account/Page_Terms of Use - ASSIST/button_I Agree' is clicked on

2018-12-13 11:44:14 - [MESSAGE][PASSED] - Object: 'Object Repository/Final Object Repo/Creating Employer Account/Page_Terms of Use - ASSIST/button_I Agree' is clicked on

2018-12-13 11:44:14 - [TEST_STEP][PASSED] - delay: Delayed 2 second(s)

2018-12-13 11:44:16 - [MESSAGE][PASSED] - Delayed 2 second(s)

2018-12-13 11:44:16 - [TEST_STEP][PASSED] - setEncryptedText: Text ****** has been set on object 'Object Repository/Final Object Repo/Creating Employer Account/Page_New Password - ASSIST/input_password1'

2018-12-13 11:44:16 - [MESSAGE][PASSED] - Text ****** has been set on object 'Object Repository/Final Object Repo/Creating Employer Account/Page_New Password - ASSIST/input_password1'

2018-12-13 11:44:16 - [TEST_STEP][PASSED] - setEncryptedText: Text ****** has been set on object 'Object Repository/Final Object Repo/Creating Employer Account/Page_New Password - ASSIST/input_password2'

2018-12-13 11:44:17 - [MESSAGE][PASSED] - Text ****** has been set on object 'Object Repository/Final Object Repo/Creating Employer Account/Page_New Password - ASSIST/input_password2'

2018-12-13 11:44:17 - [TEST_STEP][PASSED] - delay: Delayed 2 second(s)

2018-12-13 11:44:19 - [MESSAGE][PASSED] - Delayed 2 second(s)

2018-12-13 11:44:19 - [TEST_STEP][PASSED] - click: Object: 'Object Repository/Final Object Repo/Creating Employer Account/Page_New Password - ASSIST/Save' is clicked on

2018-12-13 11:44:19 - [MESSAGE][PASSED] - Object: 'Object Repository/Final Object Repo/Creating Employer Account/Page_New Password - ASSIST/Save' is clicked on

2018-12-13 11:44:19 - [TEST_STEP][PASSED] - delay: Delayed 2 second(s)

2018-12-13 11:44:21 - [MESSAGE][PASSED] - Delayed 2 second(s)

2018-12-13 11:44:21 - [TEST_STEP][PASSED] - setText: Text 'test' is set on object 'Object Repository/Final Object Repo/Creating Employer Account/Page_Password Reminder - ASSIST/Reminder Query Answer'

2018-12-13 11:44:21 - [MESSAGE][PASSED] - Text 'test' is set on object 'Object Repository/Final Object Repo/Creating Employer Account/Page_Password Reminder - ASSIST/Reminder Query Answer'

2018-12-13 11:44:21 - [TEST_STEP][PASSED] - delay: Delayed 2 second(s)

2018-12-13 11:44:23 - [MESSAGE][PASSED] - Delayed 2 second(s)

2018-12-13 11:44:23 - [TEST_STEP][PASSED] - doubleClick: Object: 'Object Repository/Final Object Repo/Creating Employer Account/Page_Password Reminder - ASSIST/Save' is double clicked on

2018-12-13 11:44:23 - [MESSAGE][PASSED] - Object: 'Object Repository/Final Object Repo/Creating Employer Account/Page_Password Reminder - ASSIST/Save' is double clicked on

2018-12-13 11:44:23 - [MESSAGE][PASSED] - Call Test Case 'Test Cases/Final Aug 2018 - PKS Automation/Create Employer Acc/Template/Login to Employer Account (First Time)' successfully

2018-12-13 11:44:23 - [MESSAGE][PASSED] - Call Test Case 'Test Cases/Final Aug 2018 - PKS Automation/Create Employer Acc/Create Employer Account' successfully

2018-12-13 11:44:23 - [TEST_STEP][PASSED] - callTestCase: Call Test Case 'Test Cases/Final Aug 2018 - PKS Automation/Registration Module/Log Out/log out avoiding katalon tagging' successfully

2018-12-13 11:44:23 - [TEST_CASE][PASSED] - Test Cases/Final Aug 2018 - PKS Automation/Registration Module/Log Out/log out avoiding katalon tagging: Test Cases/Final Aug 2018 - PKS Automation/Registration Module/Log Out/log out avoiding katalon tagging

2018-12-13 11:44:24 - [TEST_STEP][PASSED] - navigateToUrl: Navigate to 'https://assist2-uat.perkeso.gov.my/c/portal/logout' successfully

2018-12-13 11:44:26 - [MESSAGE][PASSED] - Navigate to 'https://assist2-uat.perkeso.gov.my/c/portal/logout' successfully

2018-12-13 11:44:26 - [MESSAGE][PASSED] - Call Test Case 'Test Cases/Final Aug 2018 - PKS Automation/Registration Module/Log Out/log out avoiding katalon tagging' successfully

2018-12-13 11:44:26 - [TEST_STEP][PASSED] - callTestCase: Call Test Case 'Test Cases/Final Aug 2018 - PKS Automation/Create Employer Acc/Login to Employer Account (Second time)' successfully

2018-12-13 11:44:26 - [TEST_CASE][PASSED] - Test Cases/Final Aug 2018 - PKS Automation/Create Employer Acc/Login to Employer Account (Second time): Test Cases/Final Aug 2018 - PKS Automation/Create Employer Acc/Login to Employer Account (Second time)

2018-12-13 11:44:27 - [TEST_STEP][PASSED] - openBrowser: Browser is opened with url: ''

2018-12-13 11:44:27 - [MESSAGE][WARNING] - A browser is already opened. Closing browser and opening a new one

2018-12-13 11:44:31 - [MESSAGE][PASSED] - Browser is opened with url: ''

2018-12-13 11:44:31 - [TEST_STEP][PASSED] - navigateToUrl: Navigate to 'https://assist2-uat.perkeso.gov.my/employer/login' successfully

2018-12-13 11:44:32 - [MESSAGE][PASSED] - Navigate to 'https://assist2-uat.perkeso.gov.my/employer/login' successfully

2018-12-13 11:44:32 - [TEST_STEP][PASSED] - delay: Delayed 3 second(s)

2018-12-13 11:44:35 - [MESSAGE][PASSED] - Delayed 3 second(s)

2018-12-13 11:44:35 - [TEST_STEP][PASSED] - callTestCase: Call Test Case 'Test Cases/Final Aug 2018 - PKS Automation/Create Employer Acc/Template/Employer Email Getter' successfully

2018-12-13 11:44:35 - [TEST_CASE][PASSED] - Test Cases/Final Aug 2018 - PKS Automation/Create Employer Acc/Template/Employer Email Getter: Test Cases/Final Aug 2018 - PKS Automation/Create Employer Acc/Template/Employer Email Getter

2018-12-13 11:44:35 - [TEST_STEP][PASSED] - Statement - Try: null

2018-12-13 11:44:35 - [TEST_STEP][PASSED] - Statement - EmpEmail = new java.io.File(C://Users//Admin//Desktop//PKS//Automation Reference Point//EmpEmail.txt): null

2018-12-13 11:44:35 - [TEST_STEP][PASSED] - Statement - bufferread = new java.io.BufferedReader(new java.io.FileReader(EmpEmail)): null

2018-12-13 11:44:35 - [TEST_STEP][PASSED] - Statement - readedVal = bufferread.readLine(): null

2018-12-13 11:44:35 - [TEST_STEP][PASSED] - Statement - out.println(readedVal): null

2018-12-13 11:44:35 - [TEST_STEP][PASSED] - Statement - Email = readedVal: null

2018-12-13 11:44:35 - [MESSAGE][PASSED] - Call Test Case 'Test Cases/Final Aug 2018 - PKS Automation/Create Employer Acc/Template/Employer Email Getter' successfully

2018-12-13 11:44:35 - [TEST_STEP][PASSED] - setText: Text 'perkeso303208514303@gmail.com' is set on object 'Object Repository/Final Object Repo/Login Page/External Login Page/Email'

2018-12-13 11:44:36 - [MESSAGE][PASSED] - Text 'perkeso303208514303@gmail.com' is set on object 'Object Repository/Final Object Repo/Login Page/External Login Page/Email'

2018-12-13 11:44:36 - [TEST_STEP][PASSED] - click: Object: 'Object Repository/Final Object Repo/Login Page/External Login Page/Next' is clicked on

2018-12-13 11:44:36 - [MESSAGE][PASSED] - Object: 'Object Repository/Final Object Repo/Login Page/External Login Page/Next' is clicked on

2018-12-13 11:44:36 - [TEST_STEP][PASSED] - delay: Delayed 3 second(s)

2018-12-13 11:44:39 - [MESSAGE][PASSED] - Delayed 3 second(s)

2018-12-13 11:44:39 - [TEST_STEP][PASSED] - setEncryptedText: Text ****** has been set on object 'Object Repository/Final Object Repo/Login Page/External Login Page/Password'

2018-12-13 11:44:39 - [MESSAGE][PASSED] - Text ****** has been set on object 'Object Repository/Final Object Repo/Login Page/External Login Page/Password'

2018-12-13 11:44:39 - [TEST_STEP][PASSED] - click: Object: 'Object Repository/Final Object Repo/Login Page/External Login Page/Login' is clicked on

2018-12-13 11:44:39 - [MESSAGE][PASSED] - Object: 'Object Repository/Final Object Repo/Login Page/External Login Page/Login' is clicked on

2018-12-13 11:44:39 - [TEST_STEP][PASSED] - delay: Delayed 5 second(s)

2018-12-13 11:44:44 - [MESSAGE][PASSED] - Delayed 5 second(s)

2018-12-13 11:44:44 - [MESSAGE][PASSED] - Call Test Case 'Test Cases/Final Aug 2018 - PKS Automation/Create Employer Acc/Login to Employer Account (Second time)' successfully

2018-12-13 11:44:44 - [TEST_STEP][PASSED] - delay: Delayed 4 second(s)

2018-12-13 11:44:48 - [MESSAGE][PASSED] - Delayed 4 second(s)

2018-12-13 11:44:48 - [TEST_STEP][PASSED] - Statement - Try: Delayed 2 second(s)

2018-12-13 11:44:48 - [TEST_STEP][PASSED] - Statement - Checker = false: null

2018-12-13 11:44:48 - [TEST_STEP][PASSED] - Statement - Checker = com.kms.katalon.core.webui.keyword.WebUiBuiltInKeywords.verifyElementHasAttribute(com.kms.katalon.core.testobject.ObjectRepository.findTestObject(Final Object Repo/Landing Page/BM Detecting), "href", 20, OPTIONAL): Object 'Object Repository/Final Object Repo/Landing Page/BM Detecting' has attribute 'href'

2018-12-13 11:44:48 - [MESSAGE][PASSED] - Object 'Object Repository/Final Object Repo/Landing Page/BM Detecting' has attribute 'href'

2018-12-13 11:44:48 - [TEST_STEP][PASSED] - Statement - out.println(Checker): null

2018-12-13 11:44:48 - [TEST_STEP][PASSED] - Statement - If (Checker == false): null

2018-12-13 11:44:48 - [TEST_STEP][PASSED] - Statement - Else: null

2018-12-13 11:44:48 - [TEST_STEP][PASSED] - delay: Delayed 2 second(s)

2018-12-13 11:44:50 - [MESSAGE][PASSED] - Delayed 2 second(s)

2018-12-13 11:44:50 - [TEST_STEP][PASSED] - delay: Delayed 4 second(s)

2018-12-13 11:44:54 - [MESSAGE][PASSED] - Delayed 4 second(s)

2018-12-13 11:44:54 - [TEST_STEP][PASSED] - click: Object: 'Object Repository/Final Object Repo/Landing Page/My Sites Drop Down' is clicked on

2018-12-13 11:44:54 - [MESSAGE][PASSED] - Object: 'Object Repository/Final Object Repo/Landing Page/My Sites Drop Down' is clicked on

2018-12-13 11:44:54 - [TEST_STEP][PASSED] - click: Object: 'Object Repository/Final Object Repo/Landing Page/Select to Registration Module' is clicked on

2018-12-13 11:44:57 - [MESSAGE][PASSED] - Object: 'Object Repository/Final Object Repo/Landing Page/Select to Registration Module' is clicked on

2018-12-13 11:44:57 - [TEST_STEP][PASSED] - click: Object: 'Object Repository/Final Object Repo/Landing Page/Registration Button' is clicked on

2018-12-13 11:44:58 - [MESSAGE][PASSED] - Object: 'Object Repository/Final Object Repo/Landing Page/Registration Button' is clicked on

2018-12-13 11:44:58 - [TEST_STEP][PASSED] - delay: Delayed 2 second(s)

2018-12-13 11:45:00 - [MESSAGE][PASSED] - Delayed 2 second(s)

2018-12-13 11:45:00 - [TEST_STEP][PASSED] - click: Object: 'Object Repository/Final Object Repo/New Registration - Registration Module Pages/New Reg - OTC to RO/Special Case - OTC - Form 1/AEC NO' is clicked on

2018-12-13 11:45:01 - [MESSAGE][PASSED] - Object: 'Object Repository/Final Object Repo/New Registration - Registration Module Pages/New Reg - OTC to RO/Special Case - OTC - Form 1/AEC NO' is clicked on

2018-12-13 11:45:01 - [TEST_STEP][PASSED] - click: Object: 'Object Repository/Final Object Repo/New Registration - Registration Module Pages/New Reg - OTC to RO/Special Case - OTC - Form 1/Business Entity - Please Select' is clicked on

2018-12-13 11:45:01 - [MESSAGE][PASSED] - Object: 'Object Repository/Final Object Repo/New Registration - Registration Module Pages/New Reg - OTC to RO/Special Case - OTC - Form 1/Business Entity - Please Select' is clicked on

2018-12-13 11:45:01 - [TEST_STEP][PASSED] - click: Object: 'Object Repository/Final Object Repo/New Registration - Registration Module Pages/New Reg - OTC to RO/Special Case - OTC - Form 1/Selected - Corporation' is clicked on

2018-12-13 11:45:01 - [MESSAGE][PASSED] - Object: 'Object Repository/Final Object Repo/New Registration - Registration Module Pages/New Reg - OTC to RO/Special Case - OTC - Form 1/Selected - Corporation' is clicked on

2018-12-13 11:45:01 - [TEST_STEP][PASSED] - delay: Delayed 2 second(s)

2018-12-13 11:45:03 - [MESSAGE][PASSED] - Delayed 2 second(s)

2018-12-13 11:45:03 - [TEST_STEP][PASSED] - click: Object: 'Object Repository/Final Object Repo/New Registration - Registration Module Pages/New Reg - OTC to RO/Special Case - OTC - Form 1/Sub Business Entity - Please Select' is clicked on

2018-12-13 11:45:03 - [MESSAGE][PASSED] - Object: 'Object Repository/Final Object Repo/New Registration - Registration Module Pages/New Reg - OTC to RO/Special Case - OTC - Form 1/Sub Business Entity - Please Select' is clicked on

2018-12-13 11:45:03 - [TEST_STEP][PASSED] - delay: Delayed 2 second(s)

2018-12-13 11:45:05 - [MESSAGE][PASSED] - Delayed 2 second(s)

2018-12-13 11:45:05 - [TEST_STEP][PASSED] - click: Object: 'Object Repository/Final Object Repo/New Registration - Registration Module Pages/New Reg - OTC to RO/Special Case - OTC - Form 1/Selected - Sendirian Berhad' is clicked on

2018-12-13 11:45:05 - [MESSAGE][PASSED] - Object: 'Object Repository/Final Object Repo/New Registration - Registration Module Pages/New Reg - OTC to RO/Special Case - OTC - Form 1/Selected - Sendirian Berhad' is clicked on

2018-12-13 11:45:05 - [TEST_STEP][PASSED] - setText: Text 'AUTOMATE001' is set on object 'Object Repository/Final Object Repo/New Registration - Registration Module Pages/New Reg - OTC to RO/Special Case - OTC - Form 1/Input BRN Number'

2018-12-13 11:45:06 - [MESSAGE][PASSED] - Text 'AUTOMATE001' is set on object 'Object Repository/Final Object Repo/New Registration - Registration Module Pages/New Reg - OTC to RO/Special Case - OTC - Form 1/Input BRN Number'

2018-12-13 11:45:06 - [TEST_STEP][PASSED] - delay: Delayed 2 second(s)

2018-12-13 11:45:08 - [MESSAGE][PASSED] - Delayed 2 second(s)

2018-12-13 11:45:08 - [TEST_STEP][PASSED] - click: Object: 'Object Repository/Final Object Repo/New Registration - Registration Module Pages/New Reg - OTC to RO/Special Case - OTC - Form 1/BRN Search' is clicked on

2018-12-13 11:45:08 - [MESSAGE][PASSED] - Object: 'Object Repository/Final Object Repo/New Registration - Registration Module Pages/New Reg - OTC to RO/Special Case - OTC - Form 1/BRN Search' is clicked on

2018-12-13 11:45:08 - [TEST_STEP][PASSED] - delay: Delayed 4 second(s)

2018-12-13 11:45:12 - [MESSAGE][PASSED] - Delayed 4 second(s)

2018-12-13 11:45:12 - [TEST_STEP][PASSED] - click: Object: 'Object Repository/Final Object Repo/New Registration - Registration Module Pages/New Reg - OTC to RO/Special Case - OTC - Form 1/Registered with SSM - After Feb 2017' is clicked on

2018-12-13 11:45:12 - [MESSAGE][PASSED] - Object: 'Object Repository/Final Object Repo/New Registration - Registration Module Pages/New Reg - OTC to RO/Special Case - OTC - Form 1/Registered with SSM - After Feb 2017' is clicked on

2018-12-13 11:45:12 - [TEST_STEP][PASSED] - delay: Delayed 2 second(s)

2018-12-13 11:45:14 - [MESSAGE][PASSED] - Delayed 2 second(s)

2018-12-13 11:45:14 - [TEST_STEP][PASSED] - click: Object: 'Object Repository/Final Object Repo/New Registration - Registration Module Pages/Form 1/Registered As a Branch - Yes' is clicked on

2018-12-13 11:45:14 - [MESSAGE][PASSED] - Object: 'Object Repository/Final Object Repo/New Registration - Registration Module Pages/Form 1/Registered As a Branch - Yes' is clicked on

2018-12-13 11:45:14 - [TEST_STEP][PASSED] - click: Object: 'Object Repository/Final Object Repo/New Registration - Registration Module Pages/New Reg - OTC to RO/Special Case - OTC - Form 1/Acknowledgement Ticked' is clicked on

2018-12-13 11:45:15 - [MESSAGE][PASSED] - Object: 'Object Repository/Final Object Repo/New Registration - Registration Module Pages/New Reg - OTC to RO/Special Case - OTC - Form 1/Acknowledgement Ticked' is clicked on

2018-12-13 11:45:15 - [TEST_STEP][PASSED] - setText: Text 'perkeso303208514303@gmail.com' is set on object 'Object Repository/Final Object Repo/New Registration - Registration Module Pages/Form 1/Email'

2018-12-13 11:45:15 - [MESSAGE][PASSED] - Text 'perkeso303208514303@gmail.com' is set on object 'Object Repository/Final Object Repo/New Registration - Registration Module Pages/Form 1/Email'

2018-12-13 11:45:15 - [TEST_STEP][PASSED] - click: Object: 'Object Repository/Final Object Repo/New Registration - Registration Module Pages/New Reg - OTC to RO/Special Case - OTC - Form 1/Submit Button' is clicked on

2018-12-13 11:45:16 - [MESSAGE][PASSED] - Object: 'Object Repository/Final Object Repo/New Registration - Registration Module Pages/New Reg - OTC to RO/Special Case - OTC - Form 1/Submit Button' is clicked on

2018-12-13 11:45:16 - [TEST_STEP][PASSED] - callTestCase: Call Test Case 'Test Cases/Final Aug 2018 - PKS Automation/Registration Module/New Registration/Form 2/Add 1 Eligible - Employer Account Use' successfully

2018-12-13 11:45:16 - [TEST_CASE][PASSED] - Test Cases/Final Aug 2018 - PKS Automation/Registration Module/New Registration/Form 2/Add 1 Eligible - Employer Account Use: Test Cases/Final Aug 2018 - PKS Automation/Registration Module/New Registration/Form 2/Add 1 Eligible - Employer Account Use

2018-12-13 11:45:16 - [TEST_STEP][PASSED] - delay: Delayed 2 second(s)

2018-12-13 11:45:18 - [MESSAGE][PASSED] - Delayed 2 second(s)

2018-12-13 11:45:18 - [TEST_STEP][PASSED] - callTestCase: Call Test Case 'Test Cases/Final Aug 2018 - PKS Automation/Registration Module/New Registration/Form 2/Date Updater' successfully

2018-12-13 11:45:18 - [TEST_CASE][PASSED] - Test Cases/Final Aug 2018 - PKS Automation/Registration Module/New Registration/Form 2/Date Updater: Test Cases/Final Aug 2018 - PKS Automation/Registration Module/New Registration/Form 2/Date Updater

2018-12-13 11:45:19 - [TEST_STEP][PASSED] - Statement - TodayDate = new java.util.Date(): null

2018-12-13 11:45:19 - [TEST_STEP][PASSED] - Statement - CurrentDateNoFilter = new java.text.SimpleDateFormat(): null

2018-12-13 11:45:19 - [TEST_STEP][PASSED] - Statement - CurrentDateNoFilter.applyPattern("MM"): null

2018-12-13 11:45:19 - [TEST_STEP][PASSED] - Statement - monthContainerMatcher = java.lang.Integer.parseInt(CurrentDateNoFilter.format(TodayDate)): null

2018-12-13 11:45:19 - [TEST_STEP][PASSED] - Statement - monthContainerMatcher = monthContainerMatcher - 1: null

2018-12-13 11:45:19 - [TEST_STEP][PASSED] - Statement - CurrentMonth = monthContainerMatcher.toString(): null

2018-12-13 11:45:19 - [TEST_STEP][PASSED] - Statement - CurrentMonth = CurrentMonth: null

2018-12-13 11:45:19 - [TEST_STEP][PASSED] - Statement - CurrentDateNoFilter.applyPattern("yyyy"): null

2018-12-13 11:45:19 - [TEST_STEP][PASSED] - Statement - CurrentYear = CurrentDateNoFilter.format(TodayDate): null

2018-12-13 11:45:19 - [TEST_STEP][PASSED] - Statement - CurrentYear = CurrentYear: null

2018-12-13 11:45:19 - [TEST_STEP][PASSED] - Statement - intCurrentYear = java.lang.Integer.parseInt(CurrentDateNoFilter.format(TodayDate)): null

2018-12-13 11:45:19 - [TEST_STEP][PASSED] - Statement - eighteenYrsAgo = intCurrentYear - 18: null

2018-12-13 11:45:19 - [TEST_STEP][PASSED] - Statement - eighteenYrsBeforeThisYr = eighteenYrsAgo.toString(): null

2018-12-13 11:45:19 - [TEST_STEP][PASSED] - Statement - EighteenYrsBefore = eighteenYrsBeforeThisYr: null

2018-12-13 11:45:19 - [TEST_STEP][PASSED] - Statement - fiftysevenYrsAgo = intCurrentYear - 57: null

2018-12-13 11:45:19 - [TEST_STEP][PASSED] - Statement - fiftysevenYrsBeforeThisYr = fiftysevenYrsAgo.toString(): null

2018-12-13 11:45:19 - [TEST_STEP][PASSED] - Statement - FiftysevenYrsBefore = fiftysevenYrsBeforeThisYr: null

2018-12-13 11:45:19 - [TEST_STEP][PASSED] - Statement - leapYear = false: null

2018-12-13 11:45:19 - [TEST_STEP][PASSED] - Statement - leapYear = intCurrentYear % 4 == 0: null

2018-12-13 11:45:19 - [TEST_STEP][PASSED] - Statement - CurrentDateNoFilter.applyPattern("dd"): null

2018-12-13 11:45:19 - [TEST_STEP][PASSED] - Statement - CurrentDate = CurrentDateNoFilter.format(TodayDate): null

2018-12-13 11:45:19 - [TEST_STEP][PASSED] - Statement - CurrentDate = java.lang.Integer.parseInt(CurrentDate): null

2018-12-13 11:45:19 - [TEST_STEP][PASSED] - Statement - CurrentDate = CurrentDate: null

2018-12-13 11:45:19 - [TEST_STEP][PASSED] - Statement - CurrentDay = java.lang.Integer.parseInt(CurrentDate): null

2018-12-13 11:45:19 - [TEST_STEP][PASSED] - Statement - ConfAdder = <not implemented yet for class: org.codehaus.groovy.ast.expr.EmptyExpression>: null

2018-12-13 11:45:19 - [TEST_STEP][PASSED] - Statement - out.println(CurrentMonth): null

2018-12-13 11:45:19 - [TEST_STEP][PASSED] - Statement - out.println(CurrentDate): null

2018-12-13 11:45:19 - [TEST_STEP][PASSED] - Statement - switch (CurrentDate): null

2018-12-13 11:45:19 - [TEST_STEP][PASSED] - Statement - Default: null

2018-12-13 11:45:19 - [TEST_STEP][PASSED] - Statement - ConfAdder = true: null

2018-12-13 11:45:19 - [TEST_STEP][PASSED] - Statement - Break: null

2018-12-13 11:45:19 - [TEST_STEP][PASSED] - Statement - aDayBefore = <not implemented yet for class: org.codehaus.groovy.ast.expr.EmptyExpression>: null

2018-12-13 11:45:19 - [TEST_STEP][PASSED] - Statement - out.println(ConfAdder): null

2018-12-13 11:45:19 - [TEST_STEP][PASSED] - Statement - If (ConfAdder == true): null

2018-12-13 11:45:19 - [TEST_STEP][PASSED] - Statement - aDayBefore = CurrentDay + 1: null

2018-12-13 11:45:19 - [TEST_STEP][PASSED] - Statement - out.println(aDayBefore): null

2018-12-13 11:45:19 - [TEST_STEP][PASSED] - Statement - If (aDayBefore == 1 && CurrentMonth == 11): null

2018-12-13 11:45:19 - [TEST_STEP][PASSED] - Statement - DayBefore = aDayBefore.toString(): null

2018-12-13 11:45:19 - [TEST_STEP][PASSED] - Statement - OneDayBefore = DayBefore: null

2018-12-13 11:45:19 - [MESSAGE][PASSED] - Call Test Case 'Test Cases/Final Aug 2018 - PKS Automation/Registration Module/New Registration/Form 2/Date Updater' successfully

2018-12-13 11:45:19 - [TEST_STEP][PASSED] - delay: Delayed 1 second(s)

2018-12-13 11:45:20 - [MESSAGE][PASSED] - Delayed 1 second(s)

2018-12-13 11:45:20 - [TEST_STEP][PASSED] - Statement - CaseReferenceNo = com.kms.katalon.core.webui.keyword.WebUiBuiltInKeywords.getText(com.kms.katalon.core.testobject.ObjectRepository.findTestObject(Final Object Repo/New Registration - Registration Module Pages/Form 2/RefNo Acquiring)): Text of object 'Object Repository/Final Object Repo/New Registration - Registration Module Pages/Form 2/RefNo Acquiring' is: 'CRN12201800123268'

2018-12-13 11:45:20 - [MESSAGE][PASSED] - Text of object 'Object Repository/Final Object Repo/New Registration - Registration Module Pages/Form 2/RefNo Acquiring' is: 'CRN12201800123268'

2018-12-13 11:45:20 - [TEST_STEP][PASSED] - delay: Delayed 1 second(s)

2018-12-13 11:45:21 - [MESSAGE][PASSED] - Delayed 1 second(s)

2018-12-13 11:45:21 - [TEST_STEP][PASSED] - click: Object: 'Object Repository/Final Object Repo/New Registration - Registration Module Pages/Form 2/Add Employee Button' is clicked on

2018-12-13 11:45:21 - [MESSAGE][PASSED] - Object: 'Object Repository/Final Object Repo/New Registration - Registration Module Pages/Form 2/Add Employee Button' is clicked on

2018-12-13 11:45:21 - [TEST_STEP][PASSED] - delay: Delayed 1 second(s)

2018-12-13 11:45:22 - [MESSAGE][PASSED] - Delayed 1 second(s)

2018-12-13 11:45:22 - [TEST_STEP][PASSED] - setText: Text '010903091948' is set on object 'Object Repository/Final Object Repo/New Registration - Registration Module Pages/Form 2/NRIC Input'

2018-12-13 11:45:22 - [MESSAGE][PASSED] - Text '010903091948' is set on object 'Object Repository/Final Object Repo/New Registration - Registration Module Pages/Form 2/NRIC Input'

2018-12-13 11:45:22 - [TEST_STEP][PASSED] - delay: Delayed 2 second(s)

2018-12-13 11:45:24 - [MESSAGE][PASSED] - Delayed 2 second(s)

2018-12-13 11:45:24 - [TEST_STEP][PASSED] - setText: Text 'Automate001 eligible 1' is set on object 'Object Repository/Final Object Repo/New Registration - Registration Module Pages/Form 2/Employee Name Input'

2018-12-13 11:45:25 - [MESSAGE][PASSED] - Text 'Automate001 eligible 1' is set on object 'Object Repository/Final Object Repo/New Registration - Registration Module Pages/Form 2/Employee Name Input'

2018-12-13 11:45:25 - [TEST_STEP][PASSED] - delay: Delayed 2 second(s)

2018-12-13 11:45:27 - [MESSAGE][PASSED] - Delayed 2 second(s)

2018-12-13 11:45:27 - [TEST_STEP][PASSED] - click: Object: 'Object Repository/Final Object Repo/New Registration - Registration Module Pages/Form 2/DatePicker Pop Up' is clicked on

2018-12-13 11:45:27 - [MESSAGE][PASSED] - Object: 'Object Repository/Final Object Repo/New Registration - Registration Module Pages/Form 2/DatePicker Pop Up' is clicked on

2018-12-13 11:45:27 - [TEST_STEP][PASSED] - click: Object: 'Object Repository/Final Object Repo/New Registration - Registration Module Pages/Form 2/DOB Month' is clicked on

2018-12-13 11:45:28 - [MESSAGE][PASSED] - Object: 'Object Repository/Final Object Repo/New Registration - Registration Module Pages/Form 2/DOB Month' is clicked on

2018-12-13 11:45:28 - [TEST_STEP][PASSED] - Statement - CurrentMonth = CurrentMonth: null

2018-12-13 11:45:28 - [TEST_STEP][PASSED] - Statement - selectMonth = new com.kms.katalon.core.testobject.TestObject(): null

2018-12-13 11:45:28 - [TEST_STEP][PASSED] - Statement - selectMonth.addProperty("xpath", EQUALS, "//body/div/div/div/select/option[@value='" + CurrentMonth + "']", true): null

2018-12-13 11:45:28 - [TEST_STEP][PASSED] - click: Object: '' is clicked on

2018-12-13 11:45:28 - [MESSAGE][PASSED] - Object: '' is clicked on

2018-12-13 11:45:28 - [TEST_STEP][PASSED] - click: Object: 'Object Repository/Final Object Repo/New Registration - Registration Module Pages/Form 2/DOB Year' is clicked on

2018-12-13 11:45:28 - [MESSAGE][PASSED] - Object: 'Object Repository/Final Object Repo/New Registration - Registration Module Pages/Form 2/DOB Year' is clicked on

2018-12-13 11:45:28 - [TEST_STEP][PASSED] - Statement - Eyearsbf = EighteenYrsBefore: null

2018-12-13 11:45:28 - [TEST_STEP][PASSED] - Statement - selectYear = new com.kms.katalon.core.testobject.TestObject(): null

2018-12-13 11:45:28 - [TEST_STEP][PASSED] - Statement - selectYear.addProperty("xpath", EQUALS, "//div/div/div/select/option[@value='" + Eyearsbf + "']", true): null

2018-12-13 11:45:28 - [TEST_STEP][PASSED] - click: Object: '' is clicked on

2018-12-13 11:45:28 - [MESSAGE][PASSED] - Object: '' is clicked on

2018-12-13 11:45:28 - [TEST_STEP][PASSED] - Statement - UpdatedSelectDate = com.kms.katalon.core.webui.keyword.WebUiBuiltInKeywords.modifyObjectProperty(com.kms.katalon.core.testobject.ObjectRepository.findTestObject(Final Object Repo/New Registration - Registration Module Pages/Form 2/DOB Date), "xpath", "equals", "//body/div/table/tbody/tr/td/a[text()="" + CurrentDate + ""]", true): Modify property of object successfully

2018-12-13 11:45:28 - [MESSAGE][PASSED] - Modify property of object successfully

2018-12-13 11:45:28 - [TEST_STEP][PASSED] - delay: Delayed 3 second(s)

2018-12-13 11:45:31 - [MESSAGE][PASSED] - Delayed 3 second(s)

2018-12-13 11:45:31 - [TEST_STEP][PASSED] - click: Object: 'Object Repository/Final Object Repo/New Registration - Registration Module Pages/Form 2/DOB Date' is clicked on

2018-12-13 11:45:31 - [MESSAGE][PASSED] - Object: 'Object Repository/Final Object Repo/New Registration - Registration Module Pages/Form 2/DOB Date' is clicked on

2018-12-13 11:45:31 - [TEST_STEP][PASSED] - delay: Delayed 2 second(s)

2018-12-13 11:45:33 - [MESSAGE][PASSED] - Delayed 2 second(s)

2018-12-13 11:45:33 - [TEST_STEP][PASSED] - click: Object: 'Object Repository/Final Object Repo/New Registration - Registration Module Pages/Form 2/EmploymentStartDate Pop Up' is clicked on

2018-12-13 11:45:34 - [MESSAGE][PASSED] - Object: 'Object Repository/Final Object Repo/New Registration - Registration Module Pages/Form 2/EmploymentStartDate Pop Up' is clicked on

2018-12-13 11:45:34 - [TEST_STEP][PASSED] - delay: Delayed 2 second(s)

2018-12-13 11:45:36 - [MESSAGE][PASSED] - Delayed 2 second(s)

2018-12-13 11:45:36 - [TEST_STEP][PASSED] - click: Object: 'Object Repository/Final Object Repo/New Registration - Registration Module Pages/Form 2/Socso Employment StartDate Month' is clicked on

2018-12-13 11:45:36 - [MESSAGE][PASSED] - Object: 'Object Repository/Final Object Repo/New Registration - Registration Module Pages/Form 2/Socso Employment StartDate Month' is clicked on

2018-12-13 11:45:36 - [TEST_STEP][PASSED] - delay: Delayed 1 second(s)

2018-12-13 11:45:37 - [MESSAGE][PASSED] - Delayed 1 second(s)

2018-12-13 11:45:37 - [TEST_STEP][PASSED] - click: Object: 'Object Repository/Final Object Repo/New Registration - Registration Module Pages/Form 2/Select Socso Employement Startdate Month' is clicked on

2018-12-13 11:45:37 - [MESSAGE][PASSED] - Object: 'Object Repository/Final Object Repo/New Registration - Registration Module Pages/Form 2/Select Socso Employement Startdate Month' is clicked on

2018-12-13 11:45:37 - [TEST_STEP][PASSED] - delay: Delayed 2 second(s)

2018-12-13 11:45:39 - [MESSAGE][PASSED] - Delayed 2 second(s)

2018-12-13 11:45:39 - [TEST_STEP][PASSED] - click: Object: 'Object Repository/Final Object Repo/New Registration - Registration Module Pages/Form 2/Socso Employment StartDate Year' is clicked on

2018-12-13 11:45:39 - [MESSAGE][PASSED] - Object: 'Object Repository/Final Object Repo/New Registration - Registration Module Pages/Form 2/Socso Employment StartDate Year' is clicked on

2018-12-13 11:45:39 - [TEST_STEP][PASSED] - delay: Delayed 1 second(s)

2018-12-13 11:45:40 - [MESSAGE][PASSED] - Delayed 1 second(s)

2018-12-13 11:45:40 - [TEST_STEP][PASSED] - click: Object: 'Object Repository/Final Object Repo/New Registration - Registration Module Pages/Form 2/Select Socso Employment Startdate Year' is clicked on

2018-12-13 11:45:40 - [MESSAGE][PASSED] - Object: 'Object Repository/Final Object Repo/New Registration - Registration Module Pages/Form 2/Select Socso Employment Startdate Year' is clicked on

2018-12-13 11:45:40 - [TEST_STEP][PASSED] - delay: Delayed 2 second(s)

2018-12-13 11:45:42 - [MESSAGE][PASSED] - Delayed 2 second(s)

2018-12-13 11:45:42 - [TEST_STEP][PASSED] - click: Object: 'Object Repository/Final Object Repo/New Registration - Registration Module Pages/Form 2/Socso Employment Start Date Day' is clicked on

2018-12-13 11:45:42 - [MESSAGE][PASSED] - Object: 'Object Repository/Final Object Repo/New Registration - Registration Module Pages/Form 2/Socso Employment Start Date Day' is clicked on

2018-12-13 11:45:42 - [TEST_STEP][PASSED] - delay: Delayed 2 second(s)

2018-12-13 11:45:44 - [MESSAGE][PASSED] - Delayed 2 second(s)

2018-12-13 11:45:44 - [TEST_STEP][PASSED] - click: Object: 'Object Repository/Final Object Repo/New Registration - Registration Module Pages/Form 2/Save Button for Add Employee' is clicked on

2018-12-13 11:45:45 - [MESSAGE][PASSED] - Object: 'Object Repository/Final Object Repo/New Registration - Registration Module Pages/Form 2/Save Button for Add Employee' is clicked on

2018-12-13 11:45:45 - [TEST_STEP][PASSED] - delay: Delayed 6 second(s)

2018-12-13 11:45:51 - [MESSAGE][PASSED] - Delayed 6 second(s)

2018-12-13 11:45:51 - [TEST_STEP][PASSED] - click: Object: 'Object Repository/Final Object Repo/New Registration - Registration Module Pages/Form 2/Save and Continue Form 2' is clicked on

2018-12-13 11:45:51 - [MESSAGE][PASSED] - Object: 'Object Repository/Final Object Repo/New Registration - Registration Module Pages/Form 2/Save and Continue Form 2' is clicked on

2018-12-13 11:45:51 - [MESSAGE][PASSED] - Call Test Case 'Test Cases/Final Aug 2018 - PKS Automation/Registration Module/New Registration/Form 2/Add 1 Eligible - Employer Account Use' successfully

2018-12-13 11:45:51 - [TEST_STEP][PASSED] - callTestCase: Call Test Case 'Test Cases/Final Aug 2018 - PKS Automation/Registration Module/New Registration/Flow of New Registration/Third Screen - Upload Supporting Doc - Preview' successfully

2018-12-13 11:45:51 - [TEST_CASE][PASSED] - Test Cases/Final Aug 2018 - PKS Automation/Registration Module/New Registration/Flow of New Registration/Third Screen - Upload Supporting Doc - Preview: Test Cases/Final Aug 2018 - PKS Automation/Registration Module/New Registration/Flow of New Registration/Third Screen - Upload Supporting Doc - Preview

2018-12-13 11:45:51 - [TEST_STEP][PASSED] - waitForPageLoad: Wait for page load successfully

2018-12-13 11:45:53 - [MESSAGE][PASSED] - Wait for page load successfully

2018-12-13 11:45:53 - [TEST_STEP][PASSED] - Statement - CaseReferenceNo = com.kms.katalon.core.webui.keyword.WebUiBuiltInKeywords.getText(com.kms.katalon.core.testobject.ObjectRepository.findTestObject(Final Object Repo/New Registration - Registration Module Pages/Third Screen - Upload Supporting Doc- Preview/RefNo Acquiring)): Text of object 'Object Repository/Final Object Repo/New Registration - Registration Module Pages/Third Screen - Upload Supporting Doc- Preview/RefNo Acquiring' is: 'CRN12201800123268'

2018-12-13 11:45:53 - [MESSAGE][PASSED] - Text of object 'Object Repository/Final Object Repo/New Registration - Registration Module Pages/Third Screen - Upload Supporting Doc- Preview/RefNo Acquiring' is: 'CRN12201800123268'

2018-12-13 11:45:53 - [TEST_STEP][PASSED] - delay: Delayed 2 second(s)

2018-12-13 11:45:55 - [MESSAGE][PASSED] - Delayed 2 second(s)

2018-12-13 11:45:55 - [TEST_STEP][PASSED] - callTestCase: Call Test Case 'Test Cases/Final Aug 2018 - PKS Automation/Common/Reference Number Setter' successfully

2018-12-13 11:45:55 - [TEST_CASE][PASSED] - Test Cases/Final Aug 2018 - PKS Automation/Common/Reference Number Setter: Test Cases/Final Aug 2018 - PKS Automation/Common/Reference Number Setter

2018-12-13 11:45:55 - [TEST_STEP][PASSED] - Statement - RefNoOldFile = new java.io.File(C://Users//Admin//Desktop//PKS//Automation Reference Point//KatalonReference.txt): null

2018-12-13 11:45:55 - [TEST_STEP][PASSED] - Statement - RefNoOldFile.delete(): null

2018-12-13 11:45:55 - [TEST_STEP][PASSED] - delay: Delayed 5 second(s)

2018-12-13 11:46:00 - [MESSAGE][PASSED] - Delayed 5 second(s)

2018-12-13 11:46:00 - [TEST_STEP][PASSED] - Statement - RefNo = new java.io.File(C://Users//Admin//Desktop//PKS//Automation Reference Point//KatalonReference.txt): null

2018-12-13 11:46:00 - [TEST_STEP][PASSED] - Statement - f2 = new java.io.FileWriter(RefNo, false): null

2018-12-13 11:46:00 - [TEST_STEP][PASSED] - Statement - f2.write(CaseReferenceNo): null

2018-12-13 11:46:00 - [TEST_STEP][PASSED] - Statement - f2.close(): null

2018-12-13 11:46:00 - [TEST_STEP][PASSED] - Statement - out.println("


" + CaseReferenceNo + "


"): null

2018-12-13 11:46:00 - [MESSAGE][PASSED] - Call Test Case 'Test Cases/Final Aug 2018 - PKS Automation/Common/Reference Number Setter' successfully

2018-12-13 11:46:00 - [TEST_STEP][PASSED] - waitForElementClickable: Object 'Object Repository/Final Object Repo/New Registration - Registration Module Pages/Third Screen - Upload Supporting Doc- Preview/Save n Continue in SIP Employee Listing Page' is clickable

2018-12-13 11:46:00 - [MESSAGE][PASSED] - Object 'Object Repository/Final Object Repo/New Registration - Registration Module Pages/Third Screen - Upload Supporting Doc- Preview/Save n Continue in SIP Employee Listing Page' is clickable

2018-12-13 11:46:00 - [TEST_STEP][PASSED] - click: Object: 'Object Repository/Final Object Repo/New Registration - Registration Module Pages/Third Screen - Upload Supporting Doc- Preview/Save n Continue in SIP Employee Listing Page' is clicked on

2018-12-13 11:46:06 - [MESSAGE][PASSED] - Object: 'Object Repository/Final Object Repo/New Registration - Registration Module Pages/Third Screen - Upload Supporting Doc- Preview/Save n Continue in SIP Employee Listing Page' is clicked on

2018-12-13 11:46:06 - [TEST_STEP][PASSED] - delay: Delayed 7 second(s)

2018-12-13 11:46:13 - [MESSAGE][PASSED] - Delayed 7 second(s)

2018-12-13 11:46:13 - [TEST_STEP][PASSED] - click: Object: 'Object Repository/Final Object Repo/New Registration - Registration Module Pages/Third Screen - Upload Supporting Doc- Preview/Add Document Button' is clicked on

2018-12-13 11:46:13 - [MESSAGE][PASSED] - Object: 'Object Repository/Final Object Repo/New Registration - Registration Module Pages/Third Screen - Upload Supporting Doc- Preview/Add Document Button' is clicked on

2018-12-13 11:46:13 - [TEST_STEP][PASSED] - delay: Delayed 30 second(s)

2018-12-13 11:46:43 - [MESSAGE][PASSED] - Delayed 30 second(s)

2018-12-13 11:46:43 - [TEST_STEP][PASSED] - click: Object: 'Object Repository/Final Object Repo/New Registration - Registration Module Pages/Third Screen - Upload Supporting Doc- Preview/Supporting Doc Please Select Drop Down' is clicked on

2018-12-13 11:46:43 - [MESSAGE][PASSED] - Object: 'Object Repository/Final Object Repo/New Registration - Registration Module Pages/Third Screen - Upload Supporting Doc- Preview/Supporting Doc Please Select Drop Down' is clicked on

2018-12-13 11:46:43 - [TEST_STEP][PASSED] - delay: Delayed 2 second(s)

2018-12-13 11:46:45 - [MESSAGE][PASSED] - Delayed 2 second(s)

2018-12-13 11:46:45 - [TEST_STEP][PASSED] - click: Object: 'Object Repository/Final Object Repo/New Registration - Registration Module Pages/Third Screen - Upload Supporting Doc- Preview/Select to Upload Form 1' is clicked on

2018-12-13 11:46:45 - [MESSAGE][PASSED] - Object: 'Object Repository/Final Object Repo/New Registration - Registration Module Pages/Third Screen - Upload Supporting Doc- Preview/Select to Upload Form 1' is clicked on

2018-12-13 11:46:45 - [TEST_STEP][PASSED] - delay: Delayed 2 second(s)

2018-12-13 11:46:47 - [MESSAGE][PASSED] - Delayed 2 second(s)

2018-12-13 11:46:47 - [TEST_STEP][PASSED] - uploadFile: File 'C:\Users\Public\Pictures\Sample Pictures\Koala.jpg' sent to object: 'Object Repository/Final Object Repo/New Registration - Registration Module Pages/Third Screen - Upload Supporting Doc- Preview/Upload File Adding'

2018-12-13 11:46:47 - [MESSAGE][PASSED] - File 'C:\Users\Public\Pictures\Sample Pictures\Koala.jpg' sent to object: 'Object Repository/Final Object Repo/New Registration - Registration Module Pages/Third Screen - Upload Supporting Doc- Preview/Upload File Adding'

2018-12-13 11:46:47 - [TEST_STEP][PASSED] - delay: Delayed 5 second(s)

2018-12-13 11:46:52 - [MESSAGE][PASSED] - Delayed 5 second(s)

2018-12-13 11:46:52 - [TEST_STEP][PASSED] - click: Object: 'Object Repository/Final Object Repo/New Registration - Registration Module Pages/Third Screen - Upload Supporting Doc- Preview/Inner Form Add Document Button' is clicked on

2018-12-13 11:46:53 - [MESSAGE][PASSED] - Object: 'Object Repository/Final Object Repo/New Registration - Registration Module Pages/Third Screen - Upload Supporting Doc- Preview/Inner Form Add Document Button' is clicked on

2018-12-13 11:46:53 - [TEST_STEP][PASSED] - delay: Delayed 3 second(s)

2018-12-13 11:46:56 - [MESSAGE][PASSED] - Delayed 3 second(s)

2018-12-13 11:46:56 - [TEST_STEP][PASSED] - click: Object: 'Object Repository/Final Object Repo/New Registration - Registration Module Pages/Third Screen - Upload Supporting Doc- Preview/Add Document Button' is clicked on

2018-12-13 11:46:57 - [MESSAGE][PASSED] - Object: 'Object Repository/Final Object Repo/New Registration - Registration Module Pages/Third Screen - Upload Supporting Doc- Preview/Add Document Button' is clicked on

2018-12-13 11:46:57 - [TEST_STEP][PASSED] - delay: Delayed 30 second(s)

2018-12-13 11:47:27 - [MESSAGE][PASSED] - Delayed 30 second(s)

2018-12-13 11:47:27 - [TEST_STEP][PASSED] - click: Object: 'Object Repository/Final Object Repo/New Registration - Registration Module Pages/Third Screen - Upload Supporting Doc- Preview/Supporting Doc Please Select Drop Down' is clicked on

2018-12-13 11:47:27 - [MESSAGE][PASSED] - Object: 'Object Repository/Final Object Repo/New Registration - Registration Module Pages/Third Screen - Upload Supporting Doc- Preview/Supporting Doc Please Select Drop Down' is clicked on

2018-12-13 11:47:27 - [TEST_STEP][PASSED] - delay: Delayed 4 second(s)

2018-12-13 11:47:31 - [MESSAGE][PASSED] - Delayed 4 second(s)

2018-12-13 11:47:31 - [TEST_STEP][PASSED] - click: Object: 'Object Repository/Final Object Repo/New Registration - Registration Module Pages/Third Screen - Upload Supporting Doc- Preview/Select to Upload Form 2' is clicked on

2018-12-13 11:47:31 - [MESSAGE][PASSED] - Object: 'Object Repository/Final Object Repo/New Registration - Registration Module Pages/Third Screen - Upload Supporting Doc- Preview/Select to Upload Form 2' is clicked on

2018-12-13 11:47:31 - [TEST_STEP][PASSED] - delay: Delayed 2 second(s)

2018-12-13 11:47:33 - [MESSAGE][PASSED] - Delayed 2 second(s)

2018-12-13 11:47:33 - [TEST_STEP][PASSED] - uploadFile: File 'C:\Users\Public\Pictures\Sample Pictures\Koala.jpg' sent to object: 'Object Repository/Final Object Repo/New Registration - Registration Module Pages/Third Screen - Upload Supporting Doc- Preview/Upload File Adding'

2018-12-13 11:47:33 - [MESSAGE][PASSED] - File 'C:\Users\Public\Pictures\Sample Pictures\Koala.jpg' sent to object: 'Object Repository/Final Object Repo/New Registration - Registration Module Pages/Third Screen - Upload Supporting Doc- Preview/Upload File Adding'

2018-12-13 11:47:33 - [TEST_STEP][PASSED] - click: Object: 'Object Repository/Final Object Repo/New Registration - Registration Module Pages/Third Screen - Upload Supporting Doc- Preview/Inner Form Add Document Button' is clicked on

2018-12-13 11:47:33 - [MESSAGE][PASSED] - Object: 'Object Repository/Final Object Repo/New Registration - Registration Module Pages/Third Screen - Upload Supporting Doc- Preview/Inner Form Add Document Button' is clicked on

2018-12-13 11:47:33 - [TEST_STEP][PASSED] - delay: Delayed 5 second(s)

2018-12-13 11:47:38 - [MESSAGE][PASSED] - Delayed 5 second(s)

2018-12-13 11:47:38 - [TEST_STEP][PASSED] - click: Object: 'Object Repository/Final Object Repo/New Registration - Registration Module Pages/Third Screen - Upload Supporting Doc- Preview/Add Document Button' is clicked on

2018-12-13 11:47:39 - [MESSAGE][PASSED] - Object: 'Object Repository/Final Object Repo/New Registration - Registration Module Pages/Third Screen - Upload Supporting Doc- Preview/Add Document Button' is clicked on

2018-12-13 11:47:39 - [TEST_STEP][PASSED] - delay: Delayed 30 second(s)

2018-12-13 11:48:09 - [MESSAGE][PASSED] - Delayed 30 second(s)

2018-12-13 11:48:09 - [TEST_STEP][PASSED] - click: Object: 'Object Repository/Final Object Repo/New Registration - Registration Module Pages/Third Screen - Upload Supporting Doc- Preview/Supporting Doc Please Select Drop Down' is clicked on

2018-12-13 11:48:09 - [MESSAGE][PASSED] - Object: 'Object Repository/Final Object Repo/New Registration - Registration Module Pages/Third Screen - Upload Supporting Doc- Preview/Supporting Doc Please Select Drop Down' is clicked on

2018-12-13 11:48:09 - [TEST_STEP][PASSED] - click: Object: 'Object Repository/Final Object Repo/New Registration - Registration Module Pages/Third Screen - Upload Supporting Doc- Preview/Select to Upload Borang SIP 1' is clicked on

2018-12-13 11:48:09 - [MESSAGE][PASSED] - Object: 'Object Repository/Final Object Repo/New Registration - Registration Module Pages/Third Screen - Upload Supporting Doc- Preview/Select to Upload Borang SIP 1' is clicked on

2018-12-13 11:48:09 - [TEST_STEP][PASSED] - delay: Delayed 2 second(s)

2018-12-13 11:48:11 - [MESSAGE][PASSED] - Delayed 2 second(s)

2018-12-13 11:48:11 - [TEST_STEP][PASSED] - uploadFile: File 'C:\Users\Public\Pictures\Sample Pictures\Koala.jpg' sent to object: 'Object Repository/Final Object Repo/New Registration - Registration Module Pages/Third Screen - Upload Supporting Doc- Preview/Upload File Adding'

2018-12-13 11:48:11 - [MESSAGE][PASSED] - File 'C:\Users\Public\Pictures\Sample Pictures\Koala.jpg' sent to object: 'Object Repository/Final Object Repo/New Registration - Registration Module Pages/Third Screen - Upload Supporting Doc- Preview/Upload File Adding'

2018-12-13 11:48:11 - [TEST_STEP][PASSED] - click: Object: 'Object Repository/Final Object Repo/New Registration - Registration Module Pages/Third Screen - Upload Supporting Doc- Preview/Inner Form Add Document Button' is clicked on

2018-12-13 11:48:11 - [MESSAGE][PASSED] - Object: 'Object Repository/Final Object Repo/New Registration - Registration Module Pages/Third Screen - Upload Supporting Doc- Preview/Inner Form Add Document Button' is clicked on

2018-12-13 11:48:11 - [TEST_STEP][PASSED] - delay: Delayed 5 second(s)

2018-12-13 11:48:16 - [MESSAGE][PASSED] - Delayed 5 second(s)

2018-12-13 11:48:16 - [TEST_STEP][PASSED] - click: Object: 'Object Repository/Final Object Repo/New Registration - Registration Module Pages/Third Screen - Upload Supporting Doc- Preview/Add Document Button' is clicked on

2018-12-13 11:48:16 - [MESSAGE][PASSED] - Object: 'Object Repository/Final Object Repo/New Registration - Registration Module Pages/Third Screen - Upload Supporting Doc- Preview/Add Document Button' is clicked on

2018-12-13 11:48:16 - [TEST_STEP][PASSED] - delay: Delayed 30 second(s)

2018-12-13 11:48:46 - [MESSAGE][PASSED] - Delayed 30 second(s)

2018-12-13 11:48:46 - [TEST_STEP][PASSED] - click: Object: 'Object Repository/Final Object Repo/New Registration - Registration Module Pages/Third Screen - Upload Supporting Doc- Preview/Supporting Doc Please Select Drop Down' is clicked on

2018-12-13 11:48:47 - [MESSAGE][PASSED] - Object: 'Object Repository/Final Object Repo/New Registration - Registration Module Pages/Third Screen - Upload Supporting Doc- Preview/Supporting Doc Please Select Drop Down' is clicked on

2018-12-13 11:48:47 - [TEST_STEP][PASSED] - delay: Delayed 3 second(s)

2018-12-13 11:48:50 - [MESSAGE][PASSED] - Delayed 3 second(s)

2018-12-13 11:48:50 - [TEST_STEP][PASSED] - click: Object: 'Object Repository/Final Object Repo/New Registration - Registration Module Pages/Third Screen - Upload Supporting Doc- Preview/Select to Upload Borang SIP 2' is clicked on

2018-12-13 11:48:50 - [MESSAGE][PASSED] - Object: 'Object Repository/Final Object Repo/New Registration - Registration Module Pages/Third Screen - Upload Supporting Doc- Preview/Select to Upload Borang SIP 2' is clicked on

2018-12-13 11:48:50 - [TEST_STEP][PASSED] - delay: Delayed 2 second(s)

2018-12-13 11:48:52 - [MESSAGE][PASSED] - Delayed 2 second(s)

2018-12-13 11:48:52 - [TEST_STEP][PASSED] - uploadFile: File 'C:\Users\Public\Pictures\Sample Pictures\Koala.jpg' sent to object: 'Object Repository/Final Object Repo/New Registration - Registration Module Pages/Third Screen - Upload Supporting Doc- Preview/Upload File Adding'

2018-12-13 11:48:52 - [MESSAGE][PASSED] - File 'C:\Users\Public\Pictures\Sample Pictures\Koala.jpg' sent to object: 'Object Repository/Final Object Repo/New Registration - Registration Module Pages/Third Screen - Upload Supporting Doc- Preview/Upload File Adding'

2018-12-13 11:48:52 - [TEST_STEP][PASSED] - delay: Delayed 5 second(s)

2018-12-13 11:48:57 - [MESSAGE][PASSED] - Delayed 5 second(s)

2018-12-13 11:48:57 - [TEST_STEP][PASSED] - click: Object: 'Object Repository/Final Object Repo/New Registration - Registration Module Pages/Third Screen - Upload Supporting Doc- Preview/Inner Form Add Document Button' is clicked on

2018-12-13 11:48:57 - [MESSAGE][PASSED] - Object: 'Object Repository/Final Object Repo/New Registration - Registration Module Pages/Third Screen - Upload Supporting Doc- Preview/Inner Form Add Document Button' is clicked on

2018-12-13 11:48:57 - [TEST_STEP][PASSED] - delay: Delayed 3 second(s)

2018-12-13 11:49:00 - [MESSAGE][PASSED] - Delayed 3 second(s)

2018-12-13 11:49:00 - [TEST_STEP][PASSED] - waitForElementClickable: Object 'Object Repository/Final Object Repo/New Registration - Registration Module Pages/Third Screen - Upload Supporting Doc- Preview/Save n Continue in Uploading Supporting Doc Page' is clickable

2018-12-13 11:49:01 - [MESSAGE][PASSED] - Object 'Object Repository/Final Object Repo/New Registration - Registration Module Pages/Third Screen - Upload Supporting Doc- Preview/Save n Continue in Uploading Supporting Doc Page' is clickable

2018-12-13 11:49:01 - [TEST_STEP][PASSED] - click: Object: 'Object Repository/Final Object Repo/New Registration - Registration Module Pages/Third Screen - Upload Supporting Doc- Preview/Save n Continue in Uploading Supporting Doc Page' is clicked on

2018-12-13 11:49:02 - [MESSAGE][PASSED] - Object: 'Object Repository/Final Object Repo/New Registration - Registration Module Pages/Third Screen - Upload Supporting Doc- Preview/Save n Continue in Uploading Supporting Doc Page' is clicked on

2018-12-13 11:49:02 - [MESSAGE][PASSED] - Call Test Case 'Test Cases/Final Aug 2018 - PKS Automation/Registration Module/New Registration/Flow of New Registration/Third Screen - Upload Supporting Doc - Preview' successfully

2018-12-13 11:49:02 - [TEST_STEP][PASSED] - setText: Text 'Tester' is set on object 'Object Repository/Final Object Repo/New Registration - Registration Module Pages/New Reg - OTC to RO/Special Case - All Related Objects/Employer Preview Name'

2018-12-13 11:49:06 - [MESSAGE][PASSED] - Text 'Tester' is set on object 'Object Repository/Final Object Repo/New Registration - Registration Module Pages/New Reg - OTC to RO/Special Case - All Related Objects/Employer Preview Name'

2018-12-13 11:49:06 - [TEST_STEP][PASSED] - click: Object: 'Object Repository/Final Object Repo/New Registration - Registration Module Pages/New Reg - OTC to RO/Special Case - All Related Objects/IC Type Drop Down' is clicked on

2018-12-13 11:49:07 - [MESSAGE][PASSED] - Object: 'Object Repository/Final Object Repo/New Registration - Registration Module Pages/New Reg - OTC to RO/Special Case - All Related Objects/IC Type Drop Down' is clicked on

2018-12-13 11:49:07 - [TEST_STEP][PASSED] - click: Object: 'Object Repository/Final Object Repo/New Registration - Registration Module Pages/New Reg - OTC to RO/Special Case - All Related Objects/Select to NRIC' is clicked on

2018-12-13 11:49:07 - [MESSAGE][PASSED] - Object: 'Object Repository/Final Object Repo/New Registration - Registration Module Pages/New Reg - OTC to RO/Special Case - All Related Objects/Select to NRIC' is clicked on

2018-12-13 11:49:07 - [TEST_STEP][PASSED] - setText: Text '133245561223' is set on object 'Object Repository/Final Object Repo/New Registration - Registration Module Pages/New Reg - OTC to RO/Special Case - All Related Objects/IC Value'

2018-12-13 11:49:07 - [MESSAGE][PASSED] - Text '133245561223' is set on object 'Object Repository/Final Object Repo/New Registration - Registration Module Pages/New Reg - OTC to RO/Special Case - All Related Objects/IC Value'

2018-12-13 11:49:07 - [TEST_STEP][PASSED] - setText: Text 'Auto' is set on object 'Object Repository/Final Object Repo/New Registration - Registration Module Pages/New Reg - OTC to RO/Special Case - All Related Objects/Designation'

2018-12-13 11:49:07 - [MESSAGE][PASSED] - Text 'Auto' is set on object 'Object Repository/Final Object Repo/New Registration - Registration Module Pages/New Reg - OTC to RO/Special Case - All Related Objects/Designation'

2018-12-13 11:49:07 - [TEST_STEP][PASSED] - callTestCase: Call Test Case 'Test Cases/Final Aug 2018 - PKS Automation/Registration Module/New Registration/Submit and Screenshot/Submit Registration and Screenshot - Copy' successfully

2018-12-13 11:49:07 - [TEST_CASE][PASSED] - Test Cases/Final Aug 2018 - PKS Automation/Registration Module/New Registration/Submit and Screenshot/Submit Registration and Screenshot - Copy: Test Cases/Final Aug 2018 - PKS Automation/Registration Module/New Registration/Submit and Screenshot/Submit Registration and Screenshot - Copy

2018-12-13 11:49:08 - [TEST_STEP][PASSED] - delay: Delayed 6 second(s)

2018-12-13 11:49:14 - [MESSAGE][PASSED] - Delayed 6 second(s)

2018-12-13 11:49:14 - [TEST_STEP][PASSED] - click: Object: 'Object Repository/Final Object Repo/New Registration - Registration Module Pages/Third Screen - Upload Supporting Doc- Preview/Preview Submit Button' is clicked on

2018-12-13 11:49:14 - [MESSAGE][PASSED] - Object: 'Object Repository/Final Object Repo/New Registration - Registration Module Pages/Third Screen - Upload Supporting Doc- Preview/Preview Submit Button' is clicked on

2018-12-13 11:49:14 - [TEST_STEP][PASSED] - delay: Delayed 2 second(s)

2018-12-13 11:49:16 - [MESSAGE][PASSED] - Delayed 2 second(s)

2018-12-13 11:49:16 - [TEST_STEP][PASSED] - click: Object: 'Object Repository/Final Object Repo/New Registration - Registration Module Pages/Third Screen - Upload Supporting Doc- Preview/Preview Submit - Confirm' is clicked on

2018-12-13 11:49:16 - [MESSAGE][PASSED] - Object: 'Object Repository/Final Object Repo/New Registration - Registration Module Pages/Third Screen - Upload Supporting Doc- Preview/Preview Submit - Confirm' is clicked on

2018-12-13 11:49:16 - [TEST_STEP][PASSED] - delay: Delayed 15 second(s)

2018-12-13 11:49:31 - [MESSAGE][PASSED] - Delayed 15 second(s)

2018-12-13 11:49:31 - [TEST_STEP][PASSED] - Statement - driver = com.kms.katalon.core.webui.driver.DriverFactory.getWebDriver(): null

2018-12-13 11:49:31 - [TEST_STEP][PASSED] - Statement - driver.manage().timeouts().implicitlyWait(10, SECONDS): null

2018-12-13 11:49:31 - [TEST_STEP][PASSED] - Statement - PresavePath = KatalonScreenshots: null

2018-12-13 11:49:31 - [TEST_STEP][PASSED] - Statement - pathPrefix = "C:\Users\Public\Pictures\Sample Pictures\Katalon Screenshots\Automate Ending Screen": null

2018-12-13 11:49:31 - [TEST_STEP][PASSED] - Statement - finalPath = <not implemented yet for class: org.codehaus.groovy.ast.expr.EmptyExpression>: null

2018-12-13 11:49:31 - [TEST_STEP][PASSED] - Statement - scrFile = driver.getScreenshotAs(FILE): null

2018-12-13 11:49:32 - [TEST_STEP][PASSED] - Statement - PreSaveFile = new java.io.File(PresavePath): null

2018-12-13 11:49:32 - [TEST_STEP][PASSED] - Statement - counter = 0: null

2018-12-13 11:49:32 - [TEST_STEP][PASSED] - Statement - If (PreSaveFile.exists()): null

2018-12-13 11:49:32 - [TEST_STEP][PASSED] - Statement - While (PreSaveFile.exists()): null

2018-12-13 11:49:32 - [TEST_STEP][PASSED] - Statement - counter = counter + 1: null

2018-12-13 11:49:32 - [TEST_STEP][PASSED] - Statement - PreSaveFile = new java.io.File(((pathPrefix + java.lang.Integer.toString(counter)) + .png)): null

2018-12-13 11:49:32 - [TEST_STEP][PASSED] - Statement - counter = counter + 1: null

2018-12-13 11:49:32 - [TEST_STEP][PASSED] - Statement - PreSaveFile = new java.io.File(((pathPrefix + java.lang.Integer.toString(counter)) + .png)): null

2018-12-13 11:49:32 - [TEST_STEP][PASSED] - Statement - counter = counter + 1: null

2018-12-13 11:49:32 - [TEST_STEP][PASSED] - Statement - PreSaveFile = new java.io.File(((pathPrefix + java.lang.Integer.toString(counter)) + .png)): null

2018-12-13 11:49:32 - [TEST_STEP][PASSED] - Statement - counter = counter + 1: null

2018-12-13 11:49:32 - [TEST_STEP][PASSED] - Statement - PreSaveFile = new java.io.File(((pathPrefix + java.lang.Integer.toString(counter)) + .png)): null

2018-12-13 11:49:32 - [TEST_STEP][PASSED] - Statement - counter = counter + 1: null

2018-12-13 11:49:32 - [TEST_STEP][PASSED] - Statement - PreSaveFile = new java.io.File(((pathPrefix + java.lang.Integer.toString(counter)) + .png)): null

2018-12-13 11:49:32 - [TEST_STEP][PASSED] - Statement - counter = counter + 1: null

2018-12-13 11:49:32 - [TEST_STEP][PASSED] - Statement - PreSaveFile = new java.io.File(((pathPrefix + java.lang.Integer.toString(counter)) + .png)): null

2018-12-13 11:49:32 - [TEST_STEP][PASSED] - Statement - counter = counter + 1: null

2018-12-13 11:49:32 - [TEST_STEP][PASSED] - Statement - PreSaveFile = new java.io.File(((pathPrefix + java.lang.Integer.toString(counter)) + .png)): null

2018-12-13 11:49:32 - [TEST_STEP][PASSED] - Statement - counter = counter + 1: null

2018-12-13 11:49:32 - [TEST_STEP][PASSED] - Statement - PreSaveFile = new java.io.File(((pathPrefix + java.lang.Integer.toString(counter)) + .png)): null

2018-12-13 11:49:32 - [TEST_STEP][PASSED] - Statement - counter = counter + 1: null

2018-12-13 11:49:32 - [TEST_STEP][PASSED] - Statement - PreSaveFile = new java.io.File(((pathPrefix + java.lang.Integer.toString(counter)) + .png)): null

2018-12-13 11:49:32 - [TEST_STEP][PASSED] - Statement - counter = counter + 1: null

2018-12-13 11:49:32 - [TEST_STEP][PASSED] - Statement - PreSaveFile = new java.io.File(((pathPrefix + java.lang.Integer.toString(counter)) + .png)): null

2018-12-13 11:49:32 - [TEST_STEP][PASSED] - Statement - counter = counter + 1: null

2018-12-13 11:49:32 - [TEST_STEP][PASSED] - Statement - PreSaveFile = new java.io.File(((pathPrefix + java.lang.Integer.toString(counter)) + .png)): null

2018-12-13 11:49:32 - [TEST_STEP][PASSED] - Statement - counter = counter + 1: null

2018-12-13 11:49:32 - [TEST_STEP][PASSED] - Statement - PreSaveFile = new java.io.File(((pathPrefix + java.lang.Integer.toString(counter)) + .png)): null

2018-12-13 11:49:32 - [TEST_STEP][PASSED] - Statement - counter = counter + 1: null

2018-12-13 11:49:32 - [TEST_STEP][PASSED] - Statement - PreSaveFile = new java.io.File(((pathPrefix + java.lang.Integer.toString(counter)) + .png)): null

2018-12-13 11:49:32 - [TEST_STEP][PASSED] - Statement - counter = counter + 1: null

2018-12-13 11:49:32 - [TEST_STEP][PASSED] - Statement - PreSaveFile = new java.io.File(((pathPrefix + java.lang.Integer.toString(counter)) + .png)): null

2018-12-13 11:49:32 - [TEST_STEP][PASSED] - Statement - counter = counter + 1: null

2018-12-13 11:49:32 - [TEST_STEP][PASSED] - Statement - PreSaveFile = new java.io.File(((pathPrefix + java.lang.Integer.toString(counter)) + .png)): null

2018-12-13 11:49:32 - [TEST_STEP][PASSED] - Statement - counter = counter + 1: null

2018-12-13 11:49:32 - [TEST_STEP][PASSED] - Statement - PreSaveFile = new java.io.File(((pathPrefix + java.lang.Integer.toString(counter)) + .png)): null

2018-12-13 11:49:32 - [TEST_STEP][PASSED] - Statement - counter = counter + 1: null

2018-12-13 11:49:32 - [TEST_STEP][PASSED] - Statement - PreSaveFile = new java.io.File(((pathPrefix + java.lang.Integer.toString(counter)) + .png)): null

2018-12-13 11:49:32 - [TEST_STEP][PASSED] - Statement - counter = counter + 1: null

2018-12-13 11:49:32 - [TEST_STEP][PASSED] - Statement - PreSaveFile = new java.io.File(((pathPrefix + java.lang.Integer.toString(counter)) + .png)): null

2018-12-13 11:49:32 - [TEST_STEP][PASSED] - Statement - counter = counter + 1: null

2018-12-13 11:49:32 - [TEST_STEP][PASSED] - Statement - PreSaveFile = new java.io.File(((pathPrefix + java.lang.Integer.toString(counter)) + .png)): null

2018-12-13 11:49:32 - [TEST_STEP][PASSED] - Statement - counter = counter + 1: null

2018-12-13 11:49:32 - [TEST_STEP][PASSED] - Statement - PreSaveFile = new java.io.File(((pathPrefix + java.lang.Integer.toString(counter)) + .png)): null

2018-12-13 11:49:32 - [TEST_STEP][PASSED] - Statement - counter = counter + 1: null

2018-12-13 11:49:32 - [TEST_STEP][PASSED] - Statement - PreSaveFile = new java.io.File(((pathPrefix + java.lang.Integer.toString(counter)) + .png)): null

2018-12-13 11:49:32 - [TEST_STEP][PASSED] - Statement - counter = counter + 1: null

2018-12-13 11:49:32 - [TEST_STEP][PASSED] - Statement - PreSaveFile = new java.io.File(((pathPrefix + java.lang.Integer.toString(counter)) + .png)): null

2018-12-13 11:49:32 - [TEST_STEP][PASSED] - Statement - counter = counter + 1: null

2018-12-13 11:49:32 - [TEST_STEP][PASSED] - Statement - PreSaveFile = new java.io.File(((pathPrefix + java.lang.Integer.toString(counter)) + .png)): null

2018-12-13 11:49:32 - [TEST_STEP][PASSED] - Statement - counter = counter + 1: null

2018-12-13 11:49:32 - [TEST_STEP][PASSED] - Statement - PreSaveFile = new java.io.File(((pathPrefix + java.lang.Integer.toString(counter)) + .png)): null

2018-12-13 11:49:32 - [TEST_STEP][PASSED] - Statement - counter = counter + 1: null

2018-12-13 11:49:32 - [TEST_STEP][PASSED] - Statement - PreSaveFile = new java.io.File(((pathPrefix + java.lang.Integer.toString(counter)) + .png)): null

2018-12-13 11:49:32 - [TEST_STEP][PASSED] - Statement - counter = counter + 1: null

2018-12-13 11:49:32 - [TEST_STEP][PASSED] - Statement - PreSaveFile = new java.io.File(((pathPrefix + java.lang.Integer.toString(counter)) + .png)): null

2018-12-13 11:49:32 - [TEST_STEP][PASSED] - Statement - counter = counter + 1: null

2018-12-13 11:49:32 - [TEST_STEP][PASSED] - Statement - PreSaveFile = new java.io.File(((pathPrefix + java.lang.Integer.toString(counter)) + .png)): null

2018-12-13 11:49:32 - [TEST_STEP][PASSED] - Statement - counter = counter + 1: null

2018-12-13 11:49:32 - [TEST_STEP][PASSED] - Statement - PreSaveFile = new java.io.File(((pathPrefix + java.lang.Integer.toString(counter)) + .png)): null

2018-12-13 11:49:32 - [TEST_STEP][PASSED] - Statement - counter = counter + 1: null

2018-12-13 11:49:32 - [TEST_STEP][PASSED] - Statement - PreSaveFile = new java.io.File(((pathPrefix + java.lang.Integer.toString(counter)) + .png)): null

2018-12-13 11:49:32 - [TEST_STEP][PASSED] - Statement - counter = counter + 1: null

2018-12-13 11:49:32 - [TEST_STEP][PASSED] - Statement - PreSaveFile = new java.io.File(((pathPrefix + java.lang.Integer.toString(counter)) + .png)): null

2018-12-13 11:49:32 - [TEST_STEP][PASSED] - Statement - counter = counter + 1: null

2018-12-13 11:49:32 - [TEST_STEP][PASSED] - Statement - PreSaveFile = new java.io.File(((pathPrefix + java.lang.Integer.toString(counter)) + .png)): null

2018-12-13 11:49:32 - [TEST_STEP][PASSED] - Statement - counter = counter + 1: null

2018-12-13 11:49:32 - [TEST_STEP][PASSED] - Statement - PreSaveFile = new java.io.File(((pathPrefix + java.lang.Integer.toString(counter)) + .png)): null

2018-12-13 11:49:32 - [TEST_STEP][PASSED] - Statement - counter = counter + 1: null

2018-12-13 11:49:32 - [TEST_STEP][PASSED] - Statement - PreSaveFile = new java.io.File(((pathPrefix + java.lang.Integer.toString(counter)) + .png)): null

2018-12-13 11:49:32 - [TEST_STEP][PASSED] - Statement - counter = counter + 1: null

2018-12-13 11:49:32 - [TEST_STEP][PASSED] - Statement - PreSaveFile = new java.io.File(((pathPrefix + java.lang.Integer.toString(counter)) + .png)): null

2018-12-13 11:49:32 - [TEST_STEP][PASSED] - Statement - counter = counter + 1: null

2018-12-13 11:49:32 - [TEST_STEP][PASSED] - Statement - PreSaveFile = new java.io.File(((pathPrefix + java.lang.Integer.toString(counter)) + .png)): null

2018-12-13 11:49:32 - [TEST_STEP][PASSED] - Statement - counter = counter + 1: null

2018-12-13 11:49:32 - [TEST_STEP][PASSED] - Statement - PreSaveFile = new java.io.File(((pathPrefix + java.lang.Integer.toString(counter)) + .png)): null

2018-12-13 11:49:32 - [TEST_STEP][PASSED] - Statement - counter = counter + 1: null

2018-12-13 11:49:32 - [TEST_STEP][PASSED] - Statement - PreSaveFile = new java.io.File(((pathPrefix + java.lang.Integer.toString(counter)) + .png)): null

2018-12-13 11:49:32 - [TEST_STEP][PASSED] - Statement - counter = counter + 1: null

2018-12-13 11:49:32 - [TEST_STEP][PASSED] - Statement - PreSaveFile = new java.io.File(((pathPrefix + java.lang.Integer.toString(counter)) + .png)): null

2018-12-13 11:49:32 - [TEST_STEP][PASSED] - Statement - counter = counter + 1: null

2018-12-13 11:49:32 - [TEST_STEP][PASSED] - Statement - PreSaveFile = new java.io.File(((pathPrefix + java.lang.Integer.toString(counter)) + .png)): null

2018-12-13 11:49:32 - [TEST_STEP][PASSED] - Statement - counter = counter + 1: null

2018-12-13 11:49:32 - [TEST_STEP][PASSED] - Statement - PreSaveFile = new java.io.File(((pathPrefix + java.lang.Integer.toString(counter)) + .png)): null

2018-12-13 11:49:32 - [TEST_STEP][PASSED] - Statement - counter = counter + 1: null

2018-12-13 11:49:32 - [TEST_STEP][PASSED] - Statement - PreSaveFile = new java.io.File(((pathPrefix + java.lang.Integer.toString(counter)) + .png)): null

2018-12-13 11:49:32 - [TEST_STEP][PASSED] - Statement - counter = counter + 1: null

2018-12-13 11:49:32 - [TEST_STEP][PASSED] - Statement - PreSaveFile = new java.io.File(((pathPrefix + java.lang.Integer.toString(counter)) + .png)): null

2018-12-13 11:49:32 - [TEST_STEP][PASSED] - Statement - counter = counter + 1: null

2018-12-13 11:49:32 - [TEST_STEP][PASSED] - Statement - PreSaveFile = new java.io.File(((pathPrefix + java.lang.Integer.toString(counter)) + .png)): null

2018-12-13 11:49:32 - [TEST_STEP][PASSED] - Statement - counter = counter + 1: null

2018-12-13 11:49:32 - [TEST_STEP][PASSED] - Statement - PreSaveFile = new java.io.File(((pathPrefix + java.lang.Integer.toString(counter)) + .png)): null

2018-12-13 11:49:32 - [TEST_STEP][PASSED] - Statement - counter = counter + 1: null

2018-12-13 11:49:32 - [TEST_STEP][PASSED] - Statement - PreSaveFile = new java.io.File(((pathPrefix + java.lang.Integer.toString(counter)) + .png)): null

2018-12-13 11:49:32 - [TEST_STEP][PASSED] - Statement - counter = counter + 1: null

2018-12-13 11:49:32 - [TEST_STEP][PASSED] - Statement - PreSaveFile = new java.io.File(((pathPrefix + java.lang.Integer.toString(counter)) + .png)): null

2018-12-13 11:49:32 - [TEST_STEP][PASSED] - Statement - counter = counter + 1: null

2018-12-13 11:49:32 - [TEST_STEP][PASSED] - Statement - PreSaveFile = new java.io.File(((pathPrefix + java.lang.Integer.toString(counter)) + .png)): null

2018-12-13 11:49:32 - [TEST_STEP][PASSED] - Statement - counter = counter + 1: null

2018-12-13 11:49:32 - [TEST_STEP][PASSED] - Statement - PreSaveFile = new java.io.File(((pathPrefix + java.lang.Integer.toString(counter)) + .png)): null

2018-12-13 11:49:32 - [TEST_STEP][PASSED] - Statement - counter = counter + 1: null

2018-12-13 11:49:32 - [TEST_STEP][PASSED] - Statement - PreSaveFile = new java.io.File(((pathPrefix + java.lang.Integer.toString(counter)) + .png)): null

2018-12-13 11:49:32 - [TEST_STEP][PASSED] - Statement - counter = counter + 1: null

2018-12-13 11:49:32 - [TEST_STEP][PASSED] - Statement - PreSaveFile = new java.io.File(((pathPrefix + java.lang.Integer.toString(counter)) + .png)): null

2018-12-13 11:49:32 - [TEST_STEP][PASSED] - Statement - counter = counter + 1: null

2018-12-13 11:49:32 - [TEST_STEP][PASSED] - Statement - PreSaveFile = new java.io.File(((pathPrefix + java.lang.Integer.toString(counter)) + .png)): null

2018-12-13 11:49:32 - [TEST_STEP][PASSED] - Statement - counter = counter + 1: null

2018-12-13 11:49:32 - [TEST_STEP][PASSED] - Statement - PreSaveFile = new java.io.File(((pathPrefix + java.lang.Integer.toString(counter)) + .png)): null

2018-12-13 11:49:32 - [TEST_STEP][PASSED] - Statement - counter = counter + 1: null

2018-12-13 11:49:32 - [TEST_STEP][PASSED] - Statement - PreSaveFile = new java.io.File(((pathPrefix + java.lang.Integer.toString(counter)) + .png)): null

2018-12-13 11:49:32 - [TEST_STEP][PASSED] - Statement - counter = counter + 1: null

2018-12-13 11:49:32 - [TEST_STEP][PASSED] - Statement - PreSaveFile = new java.io.File(((pathPrefix + java.lang.Integer.toString(counter)) + .png)): null

2018-12-13 11:49:32 - [TEST_STEP][PASSED] - Statement - counter = counter + 1: null

2018-12-13 11:49:32 - [TEST_STEP][PASSED] - Statement - PreSaveFile = new java.io.File(((pathPrefix + java.lang.Integer.toString(counter)) + .png)): null

2018-12-13 11:49:32 - [TEST_STEP][PASSED] - Statement - counter = counter + 1: null

2018-12-13 11:49:32 - [TEST_STEP][PASSED] - Statement - PreSaveFile = new java.io.File(((pathPrefix + java.lang.Integer.toString(counter)) + .png)): null

2018-12-13 11:49:32 - [TEST_STEP][PASSED] - Statement - counter = counter + 1: null

2018-12-13 11:49:32 - [TEST_STEP][PASSED] - Statement - PreSaveFile = new java.io.File(((pathPrefix + java.lang.Integer.toString(counter)) + .png)): null

2018-12-13 11:49:32 - [TEST_STEP][PASSED] - Statement - counter = counter + 1: null

2018-12-13 11:49:32 - [TEST_STEP][PASSED] - Statement - PreSaveFile = new java.io.File(((pathPrefix + java.lang.Integer.toString(counter)) + .png)): null

2018-12-13 11:49:32 - [TEST_STEP][PASSED] - Statement - counter = counter + 1: null

2018-12-13 11:49:32 - [TEST_STEP][PASSED] - Statement - PreSaveFile = new java.io.File(((pathPrefix + java.lang.Integer.toString(counter)) + .png)): null

2018-12-13 11:49:32 - [TEST_STEP][PASSED] - Statement - counter = counter + 1: null

2018-12-13 11:49:32 - [TEST_STEP][PASSED] - Statement - PreSaveFile = new java.io.File(((pathPrefix + java.lang.Integer.toString(counter)) + .png)): null

2018-12-13 11:49:32 - [TEST_STEP][PASSED] - Statement - counter = counter + 1: null

2018-12-13 11:49:32 - [TEST_STEP][PASSED] - Statement - PreSaveFile = new java.io.File(((pathPrefix + java.lang.Integer.toString(counter)) + .png)): null

2018-12-13 11:49:32 - [TEST_STEP][PASSED] - Statement - counter = counter + 1: null

2018-12-13 11:49:32 - [TEST_STEP][PASSED] - Statement - PreSaveFile = new java.io.File(((pathPrefix + java.lang.Integer.toString(counter)) + .png)): null

2018-12-13 11:49:32 - [TEST_STEP][PASSED] - Statement - counter = counter + 1: null

2018-12-13 11:49:32 - [TEST_STEP][PASSED] - Statement - PreSaveFile = new java.io.File(((pathPrefix + java.lang.Integer.toString(counter)) + .png)): null

2018-12-13 11:49:32 - [TEST_STEP][PASSED] - Statement - counter = counter + 1: null

2018-12-13 11:49:32 - [TEST_STEP][PASSED] - Statement - PreSaveFile = new java.io.File(((pathPrefix + java.lang.Integer.toString(counter)) + .png)): null

2018-12-13 11:49:32 - [TEST_STEP][PASSED] - Statement - counter = counter + 1: null

2018-12-13 11:49:32 - [TEST_STEP][PASSED] - Statement - PreSaveFile = new java.io.File(((pathPrefix + java.lang.Integer.toString(counter)) + .png)): null

2018-12-13 11:49:32 - [TEST_STEP][PASSED] - Statement - counter = counter + 1: null

2018-12-13 11:49:32 - [TEST_STEP][PASSED] - Statement - PreSaveFile = new java.io.File(((pathPrefix + java.lang.Integer.toString(counter)) + .png)): null

2018-12-13 11:49:32 - [TEST_STEP][PASSED] - Statement - counter = counter + 1: null

2018-12-13 11:49:32 - [TEST_STEP][PASSED] - Statement - PreSaveFile = new java.io.File(((pathPrefix + java.lang.Integer.toString(counter)) + .png)): null

2018-12-13 11:49:32 - [TEST_STEP][PASSED] - Statement - counter = counter + 1: null

2018-12-13 11:49:32 - [TEST_STEP][PASSED] - Statement - PreSaveFile = new java.io.File(((pathPrefix + java.lang.Integer.toString(counter)) + .png)): null

2018-12-13 11:49:32 - [TEST_STEP][PASSED] - Statement - counter = counter + 1: null

2018-12-13 11:49:32 - [TEST_STEP][PASSED] - Statement - PreSaveFile = new java.io.File(((pathPrefix + java.lang.Integer.toString(counter)) + .png)): null

2018-12-13 11:49:32 - [TEST_STEP][PASSED] - Statement - counter = counter + 1: null

2018-12-13 11:49:32 - [TEST_STEP][PASSED] - Statement - PreSaveFile = new java.io.File(((pathPrefix + java.lang.Integer.toString(counter)) + .png)): null

2018-12-13 11:49:32 - [TEST_STEP][PASSED] - Statement - counter = counter + 1: null

2018-12-13 11:49:32 - [TEST_STEP][PASSED] - Statement - PreSaveFile = new java.io.File(((pathPrefix + java.lang.Integer.toString(counter)) + .png)): null

2018-12-13 11:49:32 - [TEST_STEP][PASSED] - Statement - counter = counter + 1: null

2018-12-13 11:49:32 - [TEST_STEP][PASSED] - Statement - PreSaveFile = new java.io.File(((pathPrefix + java.lang.Integer.toString(counter)) + .png)): null

2018-12-13 11:49:32 - [TEST_STEP][PASSED] - Statement - counter = counter + 1: null

2018-12-13 11:49:32 - [TEST_STEP][PASSED] - Statement - PreSaveFile = new java.io.File(((pathPrefix + java.lang.Integer.toString(counter)) + .png)): null

2018-12-13 11:49:32 - [TEST_STEP][PASSED] - Statement - counter = counter + 1: null

2018-12-13 11:49:32 - [TEST_STEP][PASSED] - Statement - PreSaveFile = new java.io.File(((pathPrefix + java.lang.Integer.toString(counter)) + .png)): null

2018-12-13 11:49:32 - [TEST_STEP][PASSED] - Statement - counter = counter + 1: null

2018-12-13 11:49:32 - [TEST_STEP][PASSED] - Statement - PreSaveFile = new java.io.File(((pathPrefix + java.lang.Integer.toString(counter)) + .png)): null

2018-12-13 11:49:32 - [TEST_STEP][PASSED] - Statement - counter = counter + 1: null

2018-12-13 11:49:32 - [TEST_STEP][PASSED] - Statement - PreSaveFile = new java.io.File(((pathPrefix + java.lang.Integer.toString(counter)) + .png)): null

2018-12-13 11:49:32 - [TEST_STEP][PASSED] - Statement - counter = counter + 1: null

2018-12-13 11:49:32 - [TEST_STEP][PASSED] - Statement - PreSaveFile = new java.io.File(((pathPrefix + java.lang.Integer.toString(counter)) + .png)): null

2018-12-13 11:49:32 - [TEST_STEP][PASSED] - Statement - counter = counter + 1: null

2018-12-13 11:49:32 - [TEST_STEP][PASSED] - Statement - PreSaveFile = new java.io.File(((pathPrefix + java.lang.Integer.toString(counter)) + .png)): null

2018-12-13 11:49:32 - [TEST_STEP][PASSED] - Statement - counter = counter + 1: null

2018-12-13 11:49:32 - [TEST_STEP][PASSED] - Statement - PreSaveFile = new java.io.File(((pathPrefix + java.lang.Integer.toString(counter)) + .png)): null

2018-12-13 11:49:32 - [TEST_STEP][PASSED] - Statement - counter = counter + 1: null

2018-12-13 11:49:32 - [TEST_STEP][PASSED] - Statement - PreSaveFile = new java.io.File(((pathPrefix + java.lang.Integer.toString(counter)) + .png)): null

2018-12-13 11:49:32 - [TEST_STEP][PASSED] - Statement - counter = counter + 1: null

2018-12-13 11:49:32 - [TEST_STEP][PASSED] - Statement - PreSaveFile = new java.io.File(((pathPrefix + java.lang.Integer.toString(counter)) + .png)): null

2018-12-13 11:49:32 - [TEST_STEP][PASSED] - Statement - counter = counter + 1: null

2018-12-13 11:49:32 - [TEST_STEP][PASSED] - Statement - PreSaveFile = new java.io.File(((pathPrefix + java.lang.Integer.toString(counter)) + .png)): null

2018-12-13 11:49:32 - [TEST_STEP][PASSED] - Statement - counter = counter + 1: null

2018-12-13 11:49:32 - [TEST_STEP][PASSED] - Statement - PreSaveFile = new java.io.File(((pathPrefix + java.lang.Integer.toString(counter)) + .png)): null

2018-12-13 11:49:32 - [TEST_STEP][PASSED] - Statement - counter = counter + 1: null

2018-12-13 11:49:32 - [TEST_STEP][PASSED] - Statement - PreSaveFile = new java.io.File(((pathPrefix + java.lang.Integer.toString(counter)) + .png)): null

2018-12-13 11:49:32 - [TEST_STEP][PASSED] - Statement - counter = counter + 1: null

2018-12-13 11:49:32 - [TEST_STEP][PASSED] - Statement - PreSaveFile = new java.io.File(((pathPrefix + java.lang.Integer.toString(counter)) + .png)): null

2018-12-13 11:49:32 - [TEST_STEP][PASSED] - Statement - counter = counter + 1: null

2018-12-13 11:49:32 - [TEST_STEP][PASSED] - Statement - PreSaveFile = new java.io.File(((pathPrefix + java.lang.Integer.toString(counter)) + .png)): null

2018-12-13 11:49:32 - [TEST_STEP][PASSED] - Statement - counter = counter + 1: null

2018-12-13 11:49:32 - [TEST_STEP][PASSED] - Statement - PreSaveFile = new java.io.File(((pathPrefix + java.lang.Integer.toString(counter)) + .png)): null

2018-12-13 11:49:32 - [TEST_STEP][PASSED] - Statement - counter = counter + 1: null

2018-12-13 11:49:32 - [TEST_STEP][PASSED] - Statement - PreSaveFile = new java.io.File(((pathPrefix + java.lang.Integer.toString(counter)) + .png)): null

2018-12-13 11:49:32 - [TEST_STEP][PASSED] - Statement - counter = counter + 1: null

2018-12-13 11:49:32 - [TEST_STEP][PASSED] - Statement - PreSaveFile = new java.io.File(((pathPrefix + java.lang.Integer.toString(counter)) + .png)): null

2018-12-13 11:49:32 - [TEST_STEP][PASSED] - Statement - counter = counter + 1: null

2018-12-13 11:49:32 - [TEST_STEP][PASSED] - Statement - PreSaveFile = new java.io.File(((pathPrefix + java.lang.Integer.toString(counter)) + .png)): null

2018-12-13 11:49:32 - [TEST_STEP][PASSED] - Statement - counter = counter + 1: null

2018-12-13 11:49:32 - [TEST_STEP][PASSED] - Statement - PreSaveFile = new java.io.File(((pathPrefix + java.lang.Integer.toString(counter)) + .png)): null

2018-12-13 11:49:32 - [TEST_STEP][PASSED] - Statement - counter = counter + 1: null

2018-12-13 11:49:32 - [TEST_STEP][PASSED] - Statement - PreSaveFile = new java.io.File(((pathPrefix + java.lang.Integer.toString(counter)) + .png)): null

2018-12-13 11:49:32 - [TEST_STEP][PASSED] - Statement - counter = counter + 1: null

2018-12-13 11:49:32 - [TEST_STEP][PASSED] - Statement - PreSaveFile = new java.io.File(((pathPrefix + java.lang.Integer.toString(counter)) + .png)): null

2018-12-13 11:49:32 - [TEST_STEP][PASSED] - Statement - counter = counter + 1: null

2018-12-13 11:49:32 - [TEST_STEP][PASSED] - Statement - PreSaveFile = new java.io.File(((pathPrefix + java.lang.Integer.toString(counter)) + .png)): null

2018-12-13 11:49:32 - [TEST_STEP][PASSED] - Statement - counter = counter + 1: null

2018-12-13 11:49:32 - [TEST_STEP][PASSED] - Statement - PreSaveFile = new java.io.File(((pathPrefix + java.lang.Integer.toString(counter)) + .png)): null

2018-12-13 11:49:32 - [TEST_STEP][PASSED] - Statement - counter = counter + 1: null

2018-12-13 11:49:32 - [TEST_STEP][PASSED] - Statement - PreSaveFile = new java.io.File(((pathPrefix + java.lang.Integer.toString(counter)) + .png)): null

2018-12-13 11:49:32 - [TEST_STEP][PASSED] - Statement - counter = counter + 1: null

2018-12-13 11:49:32 - [TEST_STEP][PASSED] - Statement - PreSaveFile = new java.io.File(((pathPrefix + java.lang.Integer.toString(counter)) + .png)): null

2018-12-13 11:49:32 - [TEST_STEP][PASSED] - Statement - counter = counter + 1: null

2018-12-13 11:49:32 - [TEST_STEP][PASSED] - Statement - PreSaveFile = new java.io.File(((pathPrefix + java.lang.Integer.toString(counter)) + .png)): null

2018-12-13 11:49:32 - [TEST_STEP][PASSED] - Statement - counter = counter + 1: null

2018-12-13 11:49:32 - [TEST_STEP][PASSED] - Statement - PreSaveFile = new java.io.File(((pathPrefix + java.lang.Integer.toString(counter)) + .png)): null

2018-12-13 11:49:32 - [TEST_STEP][PASSED] - Statement - counter = counter + 1: null

2018-12-13 11:49:32 - [TEST_STEP][PASSED] - Statement - PreSaveFile = new java.io.File(((pathPrefix + java.lang.Integer.toString(counter)) + .png)): null

2018-12-13 11:49:32 - [TEST_STEP][PASSED] - Statement - counter = counter + 1: null

2018-12-13 11:49:32 - [TEST_STEP][PASSED] - Statement - PreSaveFile = new java.io.File(((pathPrefix + java.lang.Integer.toString(counter)) + .png)): null

2018-12-13 11:49:32 - [TEST_STEP][PASSED] - Statement - counter = counter + 1: null

2018-12-13 11:49:32 - [TEST_STEP][PASSED] - Statement - PreSaveFile = new java.io.File(((pathPrefix + java.lang.Integer.toString(counter)) + .png)): null

2018-12-13 11:49:32 - [TEST_STEP][PASSED] - Statement - counter = counter + 1: null

2018-12-13 11:49:32 - [TEST_STEP][PASSED] - Statement - PreSaveFile = new java.io.File(((pathPrefix + java.lang.Integer.toString(counter)) + .png)): null

2018-12-13 11:49:32 - [TEST_STEP][PASSED] - Statement - counter = counter + 1: null

2018-12-13 11:49:32 - [TEST_STEP][PASSED] - Statement - PreSaveFile = new java.io.File(((pathPrefix + java.lang.Integer.toString(counter)) + .png)): null

2018-12-13 11:49:32 - [TEST_STEP][PASSED] - Statement - counter = counter + 1: null

2018-12-13 11:49:32 - [TEST_STEP][PASSED] - Statement - PreSaveFile = new java.io.File(((pathPrefix + java.lang.Integer.toString(counter)) + .png)): null

2018-12-13 11:49:32 - [TEST_STEP][PASSED] - Statement - counter = counter + 1: null

2018-12-13 11:49:32 - [TEST_STEP][PASSED] - Statement - PreSaveFile = new java.io.File(((pathPrefix + java.lang.Integer.toString(counter)) + .png)): null

2018-12-13 11:49:32 - [TEST_STEP][PASSED] - Statement - counter = counter + 1: null

2018-12-13 11:49:32 - [TEST_STEP][PASSED] - Statement - PreSaveFile = new java.io.File(((pathPrefix + java.lang.Integer.toString(counter)) + .png)): null

2018-12-13 11:49:32 - [TEST_STEP][PASSED] - Statement - counter = counter + 1: null

2018-12-13 11:49:32 - [TEST_STEP][PASSED] - Statement - PreSaveFile = new java.io.File(((pathPrefix + java.lang.Integer.toString(counter)) + .png)): null

2018-12-13 11:49:32 - [TEST_STEP][PASSED] - Statement - counter = counter + 1: null

2018-12-13 11:49:32 - [TEST_STEP][PASSED] - Statement - PreSaveFile = new java.io.File(((pathPrefix + java.lang.Integer.toString(counter)) + .png)): null

2018-12-13 11:49:32 - [TEST_STEP][PASSED] - Statement - counter = counter + 1: null

2018-12-13 11:49:32 - [TEST_STEP][PASSED] - Statement - PreSaveFile = new java.io.File(((pathPrefix + java.lang.Integer.toString(counter)) + .png)): null

2018-12-13 11:49:32 - [TEST_STEP][PASSED] - Statement - counter = counter + 1: null

2018-12-13 11:49:32 - [TEST_STEP][PASSED] - Statement - PreSaveFile = new java.io.File(((pathPrefix + java.lang.Integer.toString(counter)) + .png)): null

2018-12-13 11:49:32 - [TEST_STEP][PASSED] - Statement - counter = counter + 1: null

2018-12-13 11:49:32 - [TEST_STEP][PASSED] - Statement - PreSaveFile = new java.io.File(((pathPrefix + java.lang.Integer.toString(counter)) + .png)): null

2018-12-13 11:49:32 - [TEST_STEP][PASSED] - Statement - counter = counter + 1: null

2018-12-13 11:49:32 - [TEST_STEP][PASSED] - Statement - PreSaveFile = new java.io.File(((pathPrefix + java.lang.Integer.toString(counter)) + .png)): null

2018-12-13 11:49:32 - [TEST_STEP][PASSED] - Statement - counter = counter + 1: null

2018-12-13 11:49:32 - [TEST_STEP][PASSED] - Statement - PreSaveFile = new java.io.File(((pathPrefix + java.lang.Integer.toString(counter)) + .png)): null

2018-12-13 11:49:32 - [TEST_STEP][PASSED] - Statement - counter = counter + 1: null

2018-12-13 11:49:32 - [TEST_STEP][PASSED] - Statement - PreSaveFile = new java.io.File(((pathPrefix + java.lang.Integer.toString(counter)) + .png)): null

2018-12-13 11:49:32 - [TEST_STEP][PASSED] - Statement - counter = counter + 1: null

2018-12-13 11:49:32 - [TEST_STEP][PASSED] - Statement - PreSaveFile = new java.io.File(((pathPrefix + java.lang.Integer.toString(counter)) + .png)): null

2018-12-13 11:49:32 - [TEST_STEP][PASSED] - Statement - counter = counter + 1: null

2018-12-13 11:49:32 - [TEST_STEP][PASSED] - Statement - PreSaveFile = new java.io.File(((pathPrefix + java.lang.Integer.toString(counter)) + .png)): null

2018-12-13 11:49:32 - [TEST_STEP][PASSED] - Statement - counter = counter + 1: null

2018-12-13 11:49:32 - [TEST_STEP][PASSED] - Statement - PreSaveFile = new java.io.File(((pathPrefix + java.lang.Integer.toString(counter)) + .png)): null

2018-12-13 11:49:32 - [TEST_STEP][PASSED] - Statement - counter = counter + 1: null

2018-12-13 11:49:32 - [TEST_STEP][PASSED] - Statement - PreSaveFile = new java.io.File(((pathPrefix + java.lang.Integer.toString(counter)) + .png)): null

2018-12-13 11:49:32 - [TEST_STEP][PASSED] - Statement - counter = counter + 1: null

2018-12-13 11:49:32 - [TEST_STEP][PASSED] - Statement - PreSaveFile = new java.io.File(((pathPrefix + java.lang.Integer.toString(counter)) + .png)): null

2018-12-13 11:49:32 - [TEST_STEP][PASSED] - Statement - counter = counter + 1: null

2018-12-13 11:49:32 - [TEST_STEP][PASSED] - Statement - PreSaveFile = new java.io.File(((pathPrefix + java.lang.Integer.toString(counter)) + .png)): null

2018-12-13 11:49:32 - [TEST_STEP][PASSED] - Statement - counter = counter + 1: null

2018-12-13 11:49:32 - [TEST_STEP][PASSED] - Statement - PreSaveFile = new java.io.File(((pathPrefix + java.lang.Integer.toString(counter)) + .png)): null

2018-12-13 11:49:32 - [TEST_STEP][PASSED] - Statement - counter = counter + 1: null

2018-12-13 11:49:32 - [TEST_STEP][PASSED] - Statement - PreSaveFile = new java.io.File(((pathPrefix + java.lang.Integer.toString(counter)) + .png)): null

2018-12-13 11:49:32 - [TEST_STEP][PASSED] - Statement - counter = counter + 1: null

2018-12-13 11:49:32 - [TEST_STEP][PASSED] - Statement - PreSaveFile = new java.io.File(((pathPrefix + java.lang.Integer.toString(counter)) + .png)): null

2018-12-13 11:49:32 - [TEST_STEP][PASSED] - Statement - counter = counter + 1: null

2018-12-13 11:49:32 - [TEST_STEP][PASSED] - Statement - PreSaveFile = new java.io.File(((pathPrefix + java.lang.Integer.toString(counter)) + .png)): null

2018-12-13 11:49:32 - [TEST_STEP][PASSED] - Statement - counter = counter + 1: null

2018-12-13 11:49:32 - [TEST_STEP][PASSED] - Statement - PreSaveFile = new java.io.File(((pathPrefix + java.lang.Integer.toString(counter)) + .png)): null

2018-12-13 11:49:32 - [TEST_STEP][PASSED] - Statement - counter = counter + 1: null

2018-12-13 11:49:32 - [TEST_STEP][PASSED] - Statement - PreSaveFile = new java.io.File(((pathPrefix + java.lang.Integer.toString(counter)) + .png)): null

2018-12-13 11:49:32 - [TEST_STEP][PASSED] - Statement - counter = counter + 1: null

2018-12-13 11:49:32 - [TEST_STEP][PASSED] - Statement - PreSaveFile = new java.io.File(((pathPrefix + java.lang.Integer.toString(counter)) + .png)): null

2018-12-13 11:49:32 - [TEST_STEP][PASSED] - Statement - counter = counter + 1: null

2018-12-13 11:49:32 - [TEST_STEP][PASSED] - Statement - PreSaveFile = new java.io.File(((pathPrefix + java.lang.Integer.toString(counter)) + .png)): null

2018-12-13 11:49:32 - [TEST_STEP][PASSED] - Statement - counter = counter + 1: null

2018-12-13 11:49:32 - [TEST_STEP][PASSED] - Statement - PreSaveFile = new java.io.File(((pathPrefix + java.lang.Integer.toString(counter)) + .png)): null

2018-12-13 11:49:32 - [TEST_STEP][PASSED] - Statement - counter = counter + 1: null

2018-12-13 11:49:32 - [TEST_STEP][PASSED] - Statement - PreSaveFile = new java.io.File(((pathPrefix + java.lang.Integer.toString(counter)) + .png)): null

2018-12-13 11:49:32 - [TEST_STEP][PASSED] - Statement - counter = counter + 1: null

2018-12-13 11:49:32 - [TEST_STEP][PASSED] - Statement - PreSaveFile = new java.io.File(((pathPrefix + java.lang.Integer.toString(counter)) + .png)): null

2018-12-13 11:49:32 - [TEST_STEP][PASSED] - Statement - counter = counter + 1: null

2018-12-13 11:49:32 - [TEST_STEP][PASSED] - Statement - PreSaveFile = new java.io.File(((pathPrefix + java.lang.Integer.toString(counter)) + .png)): null

2018-12-13 11:49:32 - [TEST_STEP][PASSED] - Statement - counter = counter + 1: null

2018-12-13 11:49:32 - [TEST_STEP][PASSED] - Statement - PreSaveFile = new java.io.File(((pathPrefix + java.lang.Integer.toString(counter)) + .png)): null

2018-12-13 11:49:32 - [TEST_STEP][PASSED] - Statement - counter = counter + 1: null

2018-12-13 11:49:32 - [TEST_STEP][PASSED] - Statement - PreSaveFile = new java.io.File(((pathPrefix + java.lang.Integer.toString(counter)) + .png)): null

2018-12-13 11:49:32 - [TEST_STEP][PASSED] - Statement - counter = counter + 1: null

2018-12-13 11:49:32 - [TEST_STEP][PASSED] - Statement - PreSaveFile = new java.io.File(((pathPrefix + java.lang.Integer.toString(counter)) + .png)): null

2018-12-13 11:49:32 - [TEST_STEP][PASSED] - Statement - counter = counter + 1: null

2018-12-13 11:49:32 - [TEST_STEP][PASSED] - Statement - PreSaveFile = new java.io.File(((pathPrefix + java.lang.Integer.toString(counter)) + .png)): null

2018-12-13 11:49:32 - [TEST_STEP][PASSED] - Statement - counter = counter + 1: null

2018-12-13 11:49:32 - [TEST_STEP][PASSED] - Statement - PreSaveFile = new java.io.File(((pathPrefix + java.lang.Integer.toString(counter)) + .png)): null

2018-12-13 11:49:32 - [TEST_STEP][PASSED] - Statement - counter = counter + 1: null

2018-12-13 11:49:32 - [TEST_STEP][PASSED] - Statement - PreSaveFile = new java.io.File(((pathPrefix + java.lang.Integer.toString(counter)) + .png)): null

2018-12-13 11:49:32 - [TEST_STEP][PASSED] - Statement - counter = counter + 1: null

2018-12-13 11:49:32 - [TEST_STEP][PASSED] - Statement - PreSaveFile = new java.io.File(((pathPrefix + java.lang.Integer.toString(counter)) + .png)): null

2018-12-13 11:49:32 - [TEST_STEP][PASSED] - Statement - counter = counter + 1: null

2018-12-13 11:49:32 - [TEST_STEP][PASSED] - Statement - PreSaveFile = new java.io.File(((pathPrefix + java.lang.Integer.toString(counter)) + .png)): null

2018-12-13 11:49:32 - [TEST_STEP][PASSED] - Statement - counter = counter + 1: null

2018-12-13 11:49:32 - [TEST_STEP][PASSED] - Statement - PreSaveFile = new java.io.File(((pathPrefix + java.lang.Integer.toString(counter)) + .png)): null

2018-12-13 11:49:32 - [TEST_STEP][PASSED] - Statement - counter = counter + 1: null

2018-12-13 11:49:32 - [TEST_STEP][PASSED] - Statement - PreSaveFile = new java.io.File(((pathPrefix + java.lang.Integer.toString(counter)) + .png)): null

2018-12-13 11:49:32 - [TEST_STEP][PASSED] - Statement - counter = counter + 1: null

2018-12-13 11:49:32 - [TEST_STEP][PASSED] - Statement - PreSaveFile = new java.io.File(((pathPrefix + java.lang.Integer.toString(counter)) + .png)): null

2018-12-13 11:49:32 - [TEST_STEP][PASSED] - Statement - counter = counter + 1: null

2018-12-13 11:49:32 - [TEST_STEP][PASSED] - Statement - PreSaveFile = new java.io.File(((pathPrefix + java.lang.Integer.toString(counter)) + .png)): null

2018-12-13 11:49:32 - [TEST_STEP][PASSED] - Statement - counter = counter + 1: null

2018-12-13 11:49:32 - [TEST_STEP][PASSED] - Statement - PreSaveFile = new java.io.File(((pathPrefix + java.lang.Integer.toString(counter)) + .png)): null

2018-12-13 11:49:32 - [TEST_STEP][PASSED] - Statement - counter = counter + 1: null

2018-12-13 11:49:32 - [TEST_STEP][PASSED] - Statement - PreSaveFile = new java.io.File(((pathPrefix + java.lang.Integer.toString(counter)) + .png)): null

2018-12-13 11:49:32 - [TEST_STEP][PASSED] - Statement - counter = counter + 1: null

2018-12-13 11:49:32 - [TEST_STEP][PASSED] - Statement - PreSaveFile = new java.io.File(((pathPrefix + java.lang.Integer.toString(counter)) + .png)): null

2018-12-13 11:49:32 - [TEST_STEP][PASSED] - Statement - counter = counter + 1: null

2018-12-13 11:49:32 - [TEST_STEP][PASSED] - Statement - PreSaveFile = new java.io.File(((pathPrefix + java.lang.Integer.toString(counter)) + .png)): null

2018-12-13 11:49:32 - [TEST_STEP][PASSED] - Statement - counter = counter + 1: null

2018-12-13 11:49:32 - [TEST_STEP][PASSED] - Statement - PreSaveFile = new java.io.File(((pathPrefix + java.lang.Integer.toString(counter)) + .png)): null

2018-12-13 11:49:32 - [TEST_STEP][PASSED] - Statement - counter = counter + 1: null

2018-12-13 11:49:32 - [TEST_STEP][PASSED] - Statement - PreSaveFile = new java.io.File(((pathPrefix + java.lang.Integer.toString(counter)) + .png)): null

2018-12-13 11:49:32 - [TEST_STEP][PASSED] - Statement - counter = counter + 1: null

2018-12-13 11:49:32 - [TEST_STEP][PASSED] - Statement - PreSaveFile = new java.io.File(((pathPrefix + java.lang.Integer.toString(counter)) + .png)): null

2018-12-13 11:49:32 - [TEST_STEP][PASSED] - Statement - counter = counter + 1: null

2018-12-13 11:49:32 - [TEST_STEP][PASSED] - Statement - PreSaveFile = new java.io.File(((pathPrefix + java.lang.Integer.toString(counter)) + .png)): null

2018-12-13 11:49:32 - [TEST_STEP][PASSED] - Statement - counter = counter + 1: null

2018-12-13 11:49:32 - [TEST_STEP][PASSED] - Statement - PreSaveFile = new java.io.File(((pathPrefix + java.lang.Integer.toString(counter)) + .png)): null

2018-12-13 11:49:32 - [TEST_STEP][PASSED] - Statement - counter = counter + 1: null

2018-12-13 11:49:32 - [TEST_STEP][PASSED] - Statement - PreSaveFile = new java.io.File(((pathPrefix + java.lang.Integer.toString(counter)) + .png)): null

2018-12-13 11:49:32 - [TEST_STEP][PASSED] - Statement - counter = counter + 1: null

2018-12-13 11:49:32 - [TEST_STEP][PASSED] - Statement - PreSaveFile = new java.io.File(((pathPrefix + java.lang.Integer.toString(counter)) + .png)): null

2018-12-13 11:49:32 - [TEST_STEP][PASSED] - Statement - counter = counter + 1: null

2018-12-13 11:49:32 - [TEST_STEP][PASSED] - Statement - PreSaveFile = new java.io.File(((pathPrefix + java.lang.Integer.toString(counter)) + .png)): null

2018-12-13 11:49:32 - [TEST_STEP][PASSED] - Statement - counter = counter + 1: null

2018-12-13 11:49:32 - [TEST_STEP][PASSED] - Statement - PreSaveFile = new java.io.File(((pathPrefix + java.lang.Integer.toString(counter)) + .png)): null

2018-12-13 11:49:32 - [TEST_STEP][PASSED] - Statement - counter = counter + 1: null

2018-12-13 11:49:32 - [TEST_STEP][PASSED] - Statement - PreSaveFile = new java.io.File(((pathPrefix + java.lang.Integer.toString(counter)) + .png)): null

2018-12-13 11:49:32 - [TEST_STEP][PASSED] - Statement - counter = counter + 1: null

2018-12-13 11:49:32 - [TEST_STEP][PASSED] - Statement - PreSaveFile = new java.io.File(((pathPrefix + java.lang.Integer.toString(counter)) + .png)): null

2018-12-13 11:49:32 - [TEST_STEP][PASSED] - Statement - counter = counter + 1: null

2018-12-13 11:49:32 - [TEST_STEP][PASSED] - Statement - PreSaveFile = new java.io.File(((pathPrefix + java.lang.Integer.toString(counter)) + .png)): null

2018-12-13 11:49:32 - [TEST_STEP][PASSED] - Statement - counter = counter + 1: null

2018-12-13 11:49:32 - [TEST_STEP][PASSED] - Statement - PreSaveFile = new java.io.File(((pathPrefix + java.lang.Integer.toString(counter)) + .png)): null

2018-12-13 11:49:32 - [TEST_STEP][PASSED] - Statement - counter = counter + 1: null

2018-12-13 11:49:32 - [TEST_STEP][PASSED] - Statement - PreSaveFile = new java.io.File(((pathPrefix + java.lang.Integer.toString(counter)) + .png)): null

2018-12-13 11:49:32 - [TEST_STEP][PASSED] - Statement - counter = counter + 1: null

2018-12-13 11:49:32 - [TEST_STEP][PASSED] - Statement - PreSaveFile = new java.io.File(((pathPrefix + java.lang.Integer.toString(counter)) + .png)): null

2018-12-13 11:49:32 - [TEST_STEP][PASSED] - Statement - counter = counter + 1: null

2018-12-13 11:49:32 - [TEST_STEP][PASSED] - Statement - PreSaveFile = new java.io.File(((pathPrefix + java.lang.Integer.toString(counter)) + .png)): null

2018-12-13 11:49:32 - [TEST_STEP][PASSED] - Statement - counter = counter + 1: null

2018-12-13 11:49:32 - [TEST_STEP][PASSED] - Statement - PreSaveFile = new java.io.File(((pathPrefix + java.lang.Integer.toString(counter)) + .png)): null

2018-12-13 11:49:32 - [TEST_STEP][PASSED] - Statement - counter = counter + 1: null

2018-12-13 11:49:32 - [TEST_STEP][PASSED] - Statement - PreSaveFile = new java.io.File(((pathPrefix + java.lang.Integer.toString(counter)) + .png)): null

2018-12-13 11:49:32 - [TEST_STEP][PASSED] - Statement - counter = counter + 1: null

2018-12-13 11:49:32 - [TEST_STEP][PASSED] - Statement - PreSaveFile = new java.io.File(((pathPrefix + java.lang.Integer.toString(counter)) + .png)): null

2018-12-13 11:49:32 - [TEST_STEP][PASSED] - Statement - counter = counter + 1: null

2018-12-13 11:49:32 - [TEST_STEP][PASSED] - Statement - PreSaveFile = new java.io.File(((pathPrefix + java.lang.Integer.toString(counter)) + .png)): null

2018-12-13 11:49:32 - [TEST_STEP][PASSED] - Statement - counter = counter + 1: null

2018-12-13 11:49:32 - [TEST_STEP][PASSED] - Statement - PreSaveFile = new java.io.File(((pathPrefix + java.lang.Integer.toString(counter)) + .png)): null

2018-12-13 11:49:32 - [TEST_STEP][PASSED] - Statement - counter = counter + 1: null

2018-12-13 11:49:32 - [TEST_STEP][PASSED] - Statement - PreSaveFile = new java.io.File(((pathPrefix + java.lang.Integer.toString(counter)) + .png)): null

2018-12-13 11:49:32 - [TEST_STEP][PASSED] - Statement - counter = counter + 1: null

2018-12-13 11:49:32 - [TEST_STEP][PASSED] - Statement - PreSaveFile = new java.io.File(((pathPrefix + java.lang.Integer.toString(counter)) + .png)): null

2018-12-13 11:49:32 - [TEST_STEP][PASSED] - Statement - counter = counter + 1: null

2018-12-13 11:49:32 - [TEST_STEP][PASSED] - Statement - PreSaveFile = new java.io.File(((pathPrefix + java.lang.Integer.toString(counter)) + .png)): null

2018-12-13 11:49:32 - [TEST_STEP][PASSED] - Statement - counter = counter + 1: null

2018-12-13 11:49:32 - [TEST_STEP][PASSED] - Statement - PreSaveFile = new java.io.File(((pathPrefix + java.lang.Integer.toString(counter)) + .png)): null

2018-12-13 11:49:32 - [TEST_STEP][PASSED] - Statement - counter = counter + 1: null

2018-12-13 11:49:32 - [TEST_STEP][PASSED] - Statement - PreSaveFile = new java.io.File(((pathPrefix + java.lang.Integer.toString(counter)) + .png)): null

2018-12-13 11:49:32 - [TEST_STEP][PASSED] - Statement - counter = counter + 1: null

2018-12-13 11:49:32 - [TEST_STEP][PASSED] - Statement - PreSaveFile = new java.io.File(((pathPrefix + java.lang.Integer.toString(counter)) + .png)): null

2018-12-13 11:49:32 - [TEST_STEP][PASSED] - Statement - counter = counter + 1: null

2018-12-13 11:49:32 - [TEST_STEP][PASSED] - Statement - PreSaveFile = new java.io.File(((pathPrefix + java.lang.Integer.toString(counter)) + .png)): null

2018-12-13 11:49:32 - [TEST_STEP][PASSED] - Statement - counter = counter + 1: null

2018-12-13 11:49:32 - [TEST_STEP][PASSED] - Statement - PreSaveFile = new java.io.File(((pathPrefix + java.lang.Integer.toString(counter)) + .png)): null

2018-12-13 11:49:32 - [TEST_STEP][PASSED] - Statement - counter = counter + 1: null

2018-12-13 11:49:32 - [TEST_STEP][PASSED] - Statement - PreSaveFile = new java.io.File(((pathPrefix + java.lang.Integer.toString(counter)) + .png)): null

2018-12-13 11:49:32 - [TEST_STEP][PASSED] - Statement - counter = counter + 1: null

2018-12-13 11:49:32 - [TEST_STEP][PASSED] - Statement - PreSaveFile = new java.io.File(((pathPrefix + java.lang.Integer.toString(counter)) + .png)): null

2018-12-13 11:49:32 - [TEST_STEP][PASSED] - Statement - counter = counter + 1: null

2018-12-13 11:49:32 - [TEST_STEP][PASSED] - Statement - PreSaveFile = new java.io.File(((pathPrefix + java.lang.Integer.toString(counter)) + .png)): null

2018-12-13 11:49:32 - [TEST_STEP][PASSED] - Statement - counter = counter + 1: null

2018-12-13 11:49:32 - [TEST_STEP][PASSED] - Statement - PreSaveFile = new java.io.File(((pathPrefix + java.lang.Integer.toString(counter)) + .png)): null

2018-12-13 11:49:32 - [TEST_STEP][PASSED] - Statement - counter = counter + 1: null

2018-12-13 11:49:32 - [TEST_STEP][PASSED] - Statement - PreSaveFile = new java.io.File(((pathPrefix + java.lang.Integer.toString(counter)) + .png)): null

2018-12-13 11:49:32 - [TEST_STEP][PASSED] - Statement - counter = counter + 1: null

2018-12-13 11:49:32 - [TEST_STEP][PASSED] - Statement - PreSaveFile = new java.io.File(((pathPrefix + java.lang.Integer.toString(counter)) + .png)): null

2018-12-13 11:49:32 - [TEST_STEP][PASSED] - Statement - counter = counter + 1: null

2018-12-13 11:49:32 - [TEST_STEP][PASSED] - Statement - PreSaveFile = new java.io.File(((pathPrefix + java.lang.Integer.toString(counter)) + .png)): null

2018-12-13 11:49:32 - [TEST_STEP][PASSED] - Statement - counter = counter + 1: null

2018-12-13 11:49:32 - [TEST_STEP][PASSED] - Statement - PreSaveFile = new java.io.File(((pathPrefix + java.lang.Integer.toString(counter)) + .png)): null

2018-12-13 11:49:32 - [TEST_STEP][PASSED] - Statement - counter = counter + 1: null

2018-12-13 11:49:32 - [TEST_STEP][PASSED] - Statement - PreSaveFile = new java.io.File(((pathPrefix + java.lang.Integer.toString(counter)) + .png)): null

2018-12-13 11:49:32 - [TEST_STEP][PASSED] - Statement - counter = counter + 1: null

2018-12-13 11:49:32 - [TEST_STEP][PASSED] - Statement - PreSaveFile = new java.io.File(((pathPrefix + java.lang.Integer.toString(counter)) + .png)): null

2018-12-13 11:49:32 - [TEST_STEP][PASSED] - Statement - counter = counter + 1: null

2018-12-13 11:49:32 - [TEST_STEP][PASSED] - Statement - PreSaveFile = new java.io.File(((pathPrefix + java.lang.Integer.toString(counter)) + .png)): null

2018-12-13 11:49:32 - [TEST_STEP][PASSED] - Statement - counter = counter + 1: null

2018-12-13 11:49:32 - [TEST_STEP][PASSED] - Statement - PreSaveFile = new java.io.File(((pathPrefix + java.lang.Integer.toString(counter)) + .png)): null

2018-12-13 11:49:32 - [TEST_STEP][PASSED] - Statement - counter = counter + 1: null

2018-12-13 11:49:32 - [TEST_STEP][PASSED] - Statement - PreSaveFile = new java.io.File(((pathPrefix + java.lang.Integer.toString(counter)) + .png)): null

2018-12-13 11:49:33 - [TEST_STEP][PASSED] - Statement - counter = counter + 1: null

2018-12-13 11:49:33 - [TEST_STEP][PASSED] - Statement - PreSaveFile = new java.io.File(((pathPrefix + java.lang.Integer.toString(counter)) + .png)): null

2018-12-13 11:49:33 - [TEST_STEP][PASSED] - Statement - counter = counter + 1: null

2018-12-13 11:49:33 - [TEST_STEP][PASSED] - Statement - PreSaveFile = new java.io.File(((pathPrefix + java.lang.Integer.toString(counter)) + .png)): null

2018-12-13 11:49:33 - [TEST_STEP][PASSED] - Statement - counter = counter + 1: null

2018-12-13 11:49:33 - [TEST_STEP][PASSED] - Statement - PreSaveFile = new java.io.File(((pathPrefix + java.lang.Integer.toString(counter)) + .png)): null

2018-12-13 11:49:33 - [TEST_STEP][PASSED] - Statement - counter = counter + 1: null

2018-12-13 11:49:33 - [TEST_STEP][PASSED] - Statement - PreSaveFile = new java.io.File(((pathPrefix + java.lang.Integer.toString(counter)) + .png)): null

2018-12-13 11:49:33 - [TEST_STEP][PASSED] - Statement - counter = counter + 1: null

2018-12-13 11:49:33 - [TEST_STEP][PASSED] - Statement - PreSaveFile = new java.io.File(((pathPrefix + java.lang.Integer.toString(counter)) + .png)): null

2018-12-13 11:49:33 - [TEST_STEP][PASSED] - Statement - counter = counter + 1: null

2018-12-13 11:49:33 - [TEST_STEP][PASSED] - Statement - PreSaveFile = new java.io.File(((pathPrefix + java.lang.Integer.toString(counter)) + .png)): null

2018-12-13 11:49:33 - [TEST_STEP][PASSED] - Statement - counter = counter + 1: null

2018-12-13 11:49:33 - [TEST_STEP][PASSED] - Statement - PreSaveFile = new java.io.File(((pathPrefix + java.lang.Integer.toString(counter)) + .png)): null

2018-12-13 11:49:33 - [TEST_STEP][PASSED] - Statement - counter = counter + 1: null

2018-12-13 11:49:33 - [TEST_STEP][PASSED] - Statement - PreSaveFile = new java.io.File(((pathPrefix + java.lang.Integer.toString(counter)) + .png)): null

2018-12-13 11:49:33 - [TEST_STEP][PASSED] - Statement - counter = counter + 1: null

2018-12-13 11:49:33 - [TEST_STEP][PASSED] - Statement - PreSaveFile = new java.io.File(((pathPrefix + java.lang.Integer.toString(counter)) + .png)): null

2018-12-13 11:49:33 - [TEST_STEP][PASSED] - Statement - counter = counter + 1: null

2018-12-13 11:49:33 - [TEST_STEP][PASSED] - Statement - PreSaveFile = new java.io.File(((pathPrefix + java.lang.Integer.toString(counter)) + .png)): null

2018-12-13 11:49:33 - [TEST_STEP][PASSED] - Statement - counter = counter + 1: null

2018-12-13 11:49:33 - [TEST_STEP][PASSED] - Statement - PreSaveFile = new java.io.File(((pathPrefix + java.lang.Integer.toString(counter)) + .png)): null

2018-12-13 11:49:33 - [TEST_STEP][PASSED] - Statement - counter = counter + 1: null

2018-12-13 11:49:33 - [TEST_STEP][PASSED] - Statement - PreSaveFile = new java.io.File(((pathPrefix + java.lang.Integer.toString(counter)) + .png)): null

2018-12-13 11:49:33 - [TEST_STEP][PASSED] - Statement - counter = counter + 1: null

2018-12-13 11:49:33 - [TEST_STEP][PASSED] - Statement - PreSaveFile = new java.io.File(((pathPrefix + java.lang.Integer.toString(counter)) + .png)): null

2018-12-13 11:49:33 - [TEST_STEP][PASSED] - Statement - counter = counter + 1: null

2018-12-13 11:49:33 - [TEST_STEP][PASSED] - Statement - PreSaveFile = new java.io.File(((pathPrefix + java.lang.Integer.toString(counter)) + .png)): null

2018-12-13 11:49:33 - [TEST_STEP][PASSED] - Statement - counter = counter + 1: null

2018-12-13 11:49:33 - [TEST_STEP][PASSED] - Statement - PreSaveFile = new java.io.File(((pathPrefix + java.lang.Integer.toString(counter)) + .png)): null

2018-12-13 11:49:33 - [TEST_STEP][PASSED] - Statement - counter = counter + 1: null

2018-12-13 11:49:33 - [TEST_STEP][PASSED] - Statement - PreSaveFile = new java.io.File(((pathPrefix + java.lang.Integer.toString(counter)) + .png)): null

2018-12-13 11:49:33 - [TEST_STEP][PASSED] - Statement - counter = counter + 1: null

2018-12-13 11:49:33 - [TEST_STEP][PASSED] - Statement - PreSaveFile = new java.io.File(((pathPrefix + java.lang.Integer.toString(counter)) + .png)): null

2018-12-13 11:49:33 - [TEST_STEP][PASSED] - Statement - counter = counter + 1: null

2018-12-13 11:49:33 - [TEST_STEP][PASSED] - Statement - PreSaveFile = new java.io.File(((pathPrefix + java.lang.Integer.toString(counter)) + .png)): null

2018-12-13 11:49:33 - [TEST_STEP][PASSED] - Statement - counter = counter + 1: null

2018-12-13 11:49:33 - [TEST_STEP][PASSED] - Statement - PreSaveFile = new java.io.File(((pathPrefix + java.lang.Integer.toString(counter)) + .png)): null

2018-12-13 11:49:33 - [TEST_STEP][PASSED] - Statement - counter = counter + 1: null

2018-12-13 11:49:33 - [TEST_STEP][PASSED] - Statement - PreSaveFile = new java.io.File(((pathPrefix + java.lang.Integer.toString(counter)) + .png)): null

2018-12-13 11:49:33 - [TEST_STEP][PASSED] - Statement - counter = counter + 1: null

2018-12-13 11:49:33 - [TEST_STEP][PASSED] - Statement - PreSaveFile = new java.io.File(((pathPrefix + java.lang.Integer.toString(counter)) + .png)): null

2018-12-13 11:49:33 - [TEST_STEP][PASSED] - Statement - counter = counter + 1: null

2018-12-13 11:49:33 - [TEST_STEP][PASSED] - Statement - PreSaveFile = new java.io.File(((pathPrefix + java.lang.Integer.toString(counter)) + .png)): null

2018-12-13 11:49:33 - [TEST_STEP][PASSED] - Statement - counter = counter + 1: null

2018-12-13 11:49:33 - [TEST_STEP][PASSED] - Statement - PreSaveFile = new java.io.File(((pathPrefix + java.lang.Integer.toString(counter)) + .png)): null

2018-12-13 11:49:33 - [TEST_STEP][PASSED] - Statement - counter = counter + 1: null

2018-12-13 11:49:33 - [TEST_STEP][PASSED] - Statement - PreSaveFile = new java.io.File(((pathPrefix + java.lang.Integer.toString(counter)) + .png)): null

2018-12-13 11:49:33 - [TEST_STEP][PASSED] - Statement - counter = counter + 1: null

2018-12-13 11:49:33 - [TEST_STEP][PASSED] - Statement - PreSaveFile = new java.io.File(((pathPrefix + java.lang.Integer.toString(counter)) + .png)): null

2018-12-13 11:49:33 - [TEST_STEP][PASSED] - Statement - counter = counter + 1: null

2018-12-13 11:49:33 - [TEST_STEP][PASSED] - Statement - PreSaveFile = new java.io.File(((pathPrefix + java.lang.Integer.toString(counter)) + .png)): null

2018-12-13 11:49:33 - [TEST_STEP][PASSED] - Statement - counter = counter + 1: null

2018-12-13 11:49:33 - [TEST_STEP][PASSED] - Statement - PreSaveFile = new java.io.File(((pathPrefix + java.lang.Integer.toString(counter)) + .png)): null

2018-12-13 11:49:33 - [TEST_STEP][PASSED] - Statement - counter = counter + 1: null

2018-12-13 11:49:33 - [TEST_STEP][PASSED] - Statement - PreSaveFile = new java.io.File(((pathPrefix + java.lang.Integer.toString(counter)) + .png)): null

2018-12-13 11:49:33 - [TEST_STEP][PASSED] - Statement - counter = counter + 1: null

2018-12-13 11:49:33 - [TEST_STEP][PASSED] - Statement - PreSaveFile = new java.io.File(((pathPrefix + java.lang.Integer.toString(counter)) + .png)): null

2018-12-13 11:49:33 - [TEST_STEP][PASSED] - Statement - counter = counter + 1: null

2018-12-13 11:49:33 - [TEST_STEP][PASSED] - Statement - PreSaveFile = new java.io.File(((pathPrefix + java.lang.Integer.toString(counter)) + .png)): null

2018-12-13 11:49:33 - [TEST_STEP][PASSED] - Statement - counter = counter + 1: null

2018-12-13 11:49:33 - [TEST_STEP][PASSED] - Statement - PreSaveFile = new java.io.File(((pathPrefix + java.lang.Integer.toString(counter)) + .png)): null

2018-12-13 11:49:33 - [TEST_STEP][PASSED] - Statement - counter = counter + 1: null

2018-12-13 11:49:33 - [TEST_STEP][PASSED] - Statement - PreSaveFile = new java.io.File(((pathPrefix + java.lang.Integer.toString(counter)) + .png)): null

2018-12-13 11:49:33 - [TEST_STEP][PASSED] - Statement - counter = counter + 1: null

2018-12-13 11:49:33 - [TEST_STEP][PASSED] - Statement - PreSaveFile = new java.io.File(((pathPrefix + java.lang.Integer.toString(counter)) + .png)): null

2018-12-13 11:49:33 - [TEST_STEP][PASSED] - Statement - counter = counter + 1: null

2018-12-13 11:49:33 - [TEST_STEP][PASSED] - Statement - PreSaveFile = new java.io.File(((pathPrefix + java.lang.Integer.toString(counter)) + .png)): null

2018-12-13 11:49:33 - [TEST_STEP][PASSED] - Statement - counter = counter + 1: null

2018-12-13 11:49:33 - [TEST_STEP][PASSED] - Statement - PreSaveFile = new java.io.File(((pathPrefix + java.lang.Integer.toString(counter)) + .png)): null

2018-12-13 11:49:33 - [TEST_STEP][PASSED] - Statement - counter = counter + 1: null

2018-12-13 11:49:33 - [TEST_STEP][PASSED] - Statement - PreSaveFile = new java.io.File(((pathPrefix + java.lang.Integer.toString(counter)) + .png)): null

2018-12-13 11:49:33 - [TEST_STEP][PASSED] - Statement - counter = counter + 1: null

2018-12-13 11:49:33 - [TEST_STEP][PASSED] - Statement - PreSaveFile = new java.io.File(((pathPrefix + java.lang.Integer.toString(counter)) + .png)): null

2018-12-13 11:49:33 - [TEST_STEP][PASSED] - Statement - counter = counter + 1: null

2018-12-13 11:49:33 - [TEST_STEP][PASSED] - Statement - PreSaveFile = new java.io.File(((pathPrefix + java.lang.Integer.toString(counter)) + .png)): null

2018-12-13 11:49:33 - [TEST_STEP][PASSED] - Statement - counter = counter + 1: null

2018-12-13 11:49:33 - [TEST_STEP][PASSED] - Statement - PreSaveFile = new java.io.File(((pathPrefix + java.lang.Integer.toString(counter)) + .png)): null

2018-12-13 11:49:33 - [TEST_STEP][PASSED] - Statement - counter = counter + 1: null

2018-12-13 11:49:33 - [TEST_STEP][PASSED] - Statement - PreSaveFile = new java.io.File(((pathPrefix + java.lang.Integer.toString(counter)) + .png)): null

2018-12-13 11:49:33 - [TEST_STEP][PASSED] - Statement - counter = counter + 1: null

2018-12-13 11:49:33 - [TEST_STEP][PASSED] - Statement - PreSaveFile = new java.io.File(((pathPrefix + java.lang.Integer.toString(counter)) + .png)): null

2018-12-13 11:49:33 - [TEST_STEP][PASSED] - Statement - counter = counter + 1: null

2018-12-13 11:49:33 - [TEST_STEP][PASSED] - Statement - PreSaveFile = new java.io.File(((pathPrefix + java.lang.Integer.toString(counter)) + .png)): null

2018-12-13 11:49:33 - [TEST_STEP][PASSED] - Statement - counter = counter + 1: null

2018-12-13 11:49:33 - [TEST_STEP][PASSED] - Statement - PreSaveFile = new java.io.File(((pathPrefix + java.lang.Integer.toString(counter)) + .png)): null

2018-12-13 11:49:33 - [TEST_STEP][PASSED] - Statement - counter = counter + 1: null

2018-12-13 11:49:33 - [TEST_STEP][PASSED] - Statement - PreSaveFile = new java.io.File(((pathPrefix + java.lang.Integer.toString(counter)) + .png)): null

2018-12-13 11:49:33 - [TEST_STEP][PASSED] - Statement - counter = counter + 1: null

2018-12-13 11:49:33 - [TEST_STEP][PASSED] - Statement - PreSaveFile = new java.io.File(((pathPrefix + java.lang.Integer.toString(counter)) + .png)): null

2018-12-13 11:49:33 - [TEST_STEP][PASSED] - Statement - counter = counter + 1: null

2018-12-13 11:49:33 - [TEST_STEP][PASSED] - Statement - PreSaveFile = new java.io.File(((pathPrefix + java.lang.Integer.toString(counter)) + .png)): null

2018-12-13 11:49:33 - [TEST_STEP][PASSED] - Statement - counter = counter + 1: null

2018-12-13 11:49:33 - [TEST_STEP][PASSED] - Statement - PreSaveFile = new java.io.File(((pathPrefix + java.lang.Integer.toString(counter)) + .png)): null

2018-12-13 11:49:33 - [TEST_STEP][PASSED] - Statement - counter = counter + 1: null

2018-12-13 11:49:33 - [TEST_STEP][PASSED] - Statement - PreSaveFile = new java.io.File(((pathPrefix + java.lang.Integer.toString(counter)) + .png)): null

2018-12-13 11:49:33 - [TEST_STEP][PASSED] - Statement - counter = counter + 1: null

2018-12-13 11:49:33 - [TEST_STEP][PASSED] - Statement - PreSaveFile = new java.io.File(((pathPrefix + java.lang.Integer.toString(counter)) + .png)): null

2018-12-13 11:49:33 - [TEST_STEP][PASSED] - Statement - counter = counter + 1: null

2018-12-13 11:49:33 - [TEST_STEP][PASSED] - Statement - PreSaveFile = new java.io.File(((pathPrefix + java.lang.Integer.toString(counter)) + .png)): null

2018-12-13 11:49:33 - [TEST_STEP][PASSED] - Statement - counter = counter + 1: null

2018-12-13 11:49:33 - [TEST_STEP][PASSED] - Statement - PreSaveFile = new java.io.File(((pathPrefix + java.lang.Integer.toString(counter)) + .png)): null

2018-12-13 11:49:33 - [TEST_STEP][PASSED] - Statement - counter = counter + 1: null

2018-12-13 11:49:33 - [TEST_STEP][PASSED] - Statement - PreSaveFile = new java.io.File(((pathPrefix + java.lang.Integer.toString(counter)) + .png)): null

2018-12-13 11:49:33 - [TEST_STEP][PASSED] - Statement - counter = counter + 1: null

2018-12-13 11:49:33 - [TEST_STEP][PASSED] - Statement - PreSaveFile = new java.io.File(((pathPrefix + java.lang.Integer.toString(counter)) + .png)): null

2018-12-13 11:49:33 - [TEST_STEP][PASSED] - Statement - counter = counter + 1: null

2018-12-13 11:49:33 - [TEST_STEP][PASSED] - Statement - PreSaveFile = new java.io.File(((pathPrefix + java.lang.Integer.toString(counter)) + .png)): null

2018-12-13 11:49:33 - [TEST_STEP][PASSED] - Statement - counter = counter + 1: null

2018-12-13 11:49:33 - [TEST_STEP][PASSED] - Statement - PreSaveFile = new java.io.File(((pathPrefix + java.lang.Integer.toString(counter)) + .png)): null

2018-12-13 11:49:33 - [TEST_STEP][PASSED] - Statement - counter = counter + 1: null

2018-12-13 11:49:33 - [TEST_STEP][PASSED] - Statement - PreSaveFile = new java.io.File(((pathPrefix + java.lang.Integer.toString(counter)) + .png)): null

2018-12-13 11:49:33 - [TEST_STEP][PASSED] - Statement - counter = counter + 1: null

2018-12-13 11:49:33 - [TEST_STEP][PASSED] - Statement - PreSaveFile = new java.io.File(((pathPrefix + java.lang.Integer.toString(counter)) + .png)): null

2018-12-13 11:49:33 - [TEST_STEP][PASSED] - Statement - counter = counter + 1: null

2018-12-13 11:49:33 - [TEST_STEP][PASSED] - Statement - PreSaveFile = new java.io.File(((pathPrefix + java.lang.Integer.toString(counter)) + .png)): null

2018-12-13 11:49:33 - [TEST_STEP][PASSED] - Statement - counter = counter + 1: null

2018-12-13 11:49:33 - [TEST_STEP][PASSED] - Statement - PreSaveFile = new java.io.File(((pathPrefix + java.lang.Integer.toString(counter)) + .png)): null

2018-12-13 11:49:33 - [TEST_STEP][PASSED] - Statement - counter = counter + 1: null

2018-12-13 11:49:33 - [TEST_STEP][PASSED] - Statement - PreSaveFile = new java.io.File(((pathPrefix + java.lang.Integer.toString(counter)) + .png)): null

2018-12-13 11:49:33 - [TEST_STEP][PASSED] - Statement - counter = counter + 1: null

2018-12-13 11:49:33 - [TEST_STEP][PASSED] - Statement - PreSaveFile = new java.io.File(((pathPrefix + java.lang.Integer.toString(counter)) + .png)): null

2018-12-13 11:49:33 - [TEST_STEP][PASSED] - Statement - counter = counter + 1: null

2018-12-13 11:49:33 - [TEST_STEP][PASSED] - Statement - PreSaveFile = new java.io.File(((pathPrefix + java.lang.Integer.toString(counter)) + .png)): null

2018-12-13 11:49:33 - [TEST_STEP][PASSED] - Statement - counter = counter + 1: null

2018-12-13 11:49:33 - [TEST_STEP][PASSED] - Statement - PreSaveFile = new java.io.File(((pathPrefix + java.lang.Integer.toString(counter)) + .png)): null

2018-12-13 11:49:33 - [TEST_STEP][PASSED] - Statement - counter = counter + 1: null

2018-12-13 11:49:33 - [TEST_STEP][PASSED] - Statement - PreSaveFile = new java.io.File(((pathPrefix + java.lang.Integer.toString(counter)) + .png)): null

2018-12-13 11:49:33 - [TEST_STEP][PASSED] - Statement - counter = counter + 1: null

2018-12-13 11:49:33 - [TEST_STEP][PASSED] - Statement - PreSaveFile = new java.io.File(((pathPrefix + java.lang.Integer.toString(counter)) + .png)): null

2018-12-13 11:49:33 - [TEST_STEP][PASSED] - Statement - counter = counter + 1: null

2018-12-13 11:49:33 - [TEST_STEP][PASSED] - Statement - PreSaveFile = new java.io.File(((pathPrefix + java.lang.Integer.toString(counter)) + .png)): null

2018-12-13 11:49:33 - [TEST_STEP][PASSED] - Statement - counter = counter + 1: null

2018-12-13 11:49:33 - [TEST_STEP][PASSED] - Statement - PreSaveFile = new java.io.File(((pathPrefix + java.lang.Integer.toString(counter)) + .png)): null

2018-12-13 11:49:33 - [TEST_STEP][PASSED] - Statement - counter = counter + 1: null

2018-12-13 11:49:33 - [TEST_STEP][PASSED] - Statement - PreSaveFile = new java.io.File(((pathPrefix + java.lang.Integer.toString(counter)) + .png)): null

2018-12-13 11:49:33 - [TEST_STEP][PASSED] - Statement - counter = counter + 1: null

2018-12-13 11:49:33 - [TEST_STEP][PASSED] - Statement - PreSaveFile = new java.io.File(((pathPrefix + java.lang.Integer.toString(counter)) + .png)): null

2018-12-13 11:49:33 - [TEST_STEP][PASSED] - Statement - counter = counter + 1: null

2018-12-13 11:49:33 - [TEST_STEP][PASSED] - Statement - PreSaveFile = new java.io.File(((pathPrefix + java.lang.Integer.toString(counter)) + .png)): null

2018-12-13 11:49:33 - [TEST_STEP][PASSED] - Statement - counter = counter + 1: null

2018-12-13 11:49:33 - [TEST_STEP][PASSED] - Statement - PreSaveFile = new java.io.File(((pathPrefix + java.lang.Integer.toString(counter)) + .png)): null

2018-12-13 11:49:33 - [TEST_STEP][PASSED] - Statement - counter = counter + 1: null

2018-12-13 11:49:33 - [TEST_STEP][PASSED] - Statement - PreSaveFile = new java.io.File(((pathPrefix + java.lang.Integer.toString(counter)) + .png)): null

2018-12-13 11:49:33 - [TEST_STEP][PASSED] - Statement - counter = counter + 1: null

2018-12-13 11:49:33 - [TEST_STEP][PASSED] - Statement - PreSaveFile = new java.io.File(((pathPrefix + java.lang.Integer.toString(counter)) + .png)): null

2018-12-13 11:49:33 - [TEST_STEP][PASSED] - Statement - counter = counter + 1: null

2018-12-13 11:49:33 - [TEST_STEP][PASSED] - Statement - PreSaveFile = new java.io.File(((pathPrefix + java.lang.Integer.toString(counter)) + .png)): null

2018-12-13 11:49:33 - [TEST_STEP][PASSED] - Statement - counter = counter + 1: null

2018-12-13 11:49:33 - [TEST_STEP][PASSED] - Statement - PreSaveFile = new java.io.File(((pathPrefix + java.lang.Integer.toString(counter)) + .png)): null

2018-12-13 11:49:33 - [TEST_STEP][PASSED] - Statement - counter = counter + 1: null

2018-12-13 11:49:33 - [TEST_STEP][PASSED] - Statement - PreSaveFile = new java.io.File(((pathPrefix + java.lang.Integer.toString(counter)) + .png)): null

2018-12-13 11:49:33 - [TEST_STEP][PASSED] - Statement - counter = counter + 1: null

2018-12-13 11:49:33 - [TEST_STEP][PASSED] - Statement - PreSaveFile = new java.io.File(((pathPrefix + java.lang.Integer.toString(counter)) + .png)): null

2018-12-13 11:49:33 - [TEST_STEP][PASSED] - Statement - counter = counter + 1: null

2018-12-13 11:49:33 - [TEST_STEP][PASSED] - Statement - PreSaveFile = new java.io.File(((pathPrefix + java.lang.Integer.toString(counter)) + .png)): null

2018-12-13 11:49:33 - [TEST_STEP][PASSED] - Statement - counter = counter + 1: null

2018-12-13 11:49:33 - [TEST_STEP][PASSED] - Statement - PreSaveFile = new java.io.File(((pathPrefix + java.lang.Integer.toString(counter)) + .png)): null

2018-12-13 11:49:33 - [TEST_STEP][PASSED] - Statement - counter = counter + 1: null

2018-12-13 11:49:33 - [TEST_STEP][PASSED] - Statement - PreSaveFile = new java.io.File(((pathPrefix + java.lang.Integer.toString(counter)) + .png)): null

2018-12-13 11:49:33 - [TEST_STEP][PASSED] - Statement - counter = counter + 1: null

2018-12-13 11:49:33 - [TEST_STEP][PASSED] - Statement - PreSaveFile = new java.io.File(((pathPrefix + java.lang.Integer.toString(counter)) + .png)): null

2018-12-13 11:49:33 - [TEST_STEP][PASSED] - Statement - counter = counter + 1: null

2018-12-13 11:49:33 - [TEST_STEP][PASSED] - Statement - PreSaveFile = new java.io.File(((pathPrefix + java.lang.Integer.toString(counter)) + .png)): null

2018-12-13 11:49:33 - [TEST_STEP][PASSED] - Statement - counter = counter + 1: null

2018-12-13 11:49:33 - [TEST_STEP][PASSED] - Statement - PreSaveFile = new java.io.File(((pathPrefix + java.lang.Integer.toString(counter)) + .png)): null

2018-12-13 11:49:33 - [TEST_STEP][PASSED] - Statement - counter = counter + 1: null

2018-12-13 11:49:33 - [TEST_STEP][PASSED] - Statement - PreSaveFile = new java.io.File(((pathPrefix + java.lang.Integer.toString(counter)) + .png)): null

2018-12-13 11:49:33 - [TEST_STEP][PASSED] - Statement - counter = counter + 1: null

2018-12-13 11:49:33 - [TEST_STEP][PASSED] - Statement - PreSaveFile = new java.io.File(((pathPrefix + java.lang.Integer.toString(counter)) + .png)): null

2018-12-13 11:49:33 - [TEST_STEP][PASSED] - Statement - counter = counter + 1: null

2018-12-13 11:49:33 - [TEST_STEP][PASSED] - Statement - PreSaveFile = new java.io.File(((pathPrefix + java.lang.Integer.toString(counter)) + .png)): null

2018-12-13 11:49:33 - [TEST_STEP][PASSED] - Statement - counter = counter + 1: null

2018-12-13 11:49:33 - [TEST_STEP][PASSED] - Statement - PreSaveFile = new java.io.File(((pathPrefix + java.lang.Integer.toString(counter)) + .png)): null

2018-12-13 11:49:33 - [TEST_STEP][PASSED] - Statement - counter = counter + 1: null

2018-12-13 11:49:33 - [TEST_STEP][PASSED] - Statement - PreSaveFile = new java.io.File(((pathPrefix + java.lang.Integer.toString(counter)) + .png)): null

2018-12-13 11:49:33 - [TEST_STEP][PASSED] - Statement - counter = counter + 1: null

2018-12-13 11:49:33 - [TEST_STEP][PASSED] - Statement - PreSaveFile = new java.io.File(((pathPrefix + java.lang.Integer.toString(counter)) + .png)): null

2018-12-13 11:49:33 - [TEST_STEP][PASSED] - Statement - counter = counter + 1: null

2018-12-13 11:49:33 - [TEST_STEP][PASSED] - Statement - PreSaveFile = new java.io.File(((pathPrefix + java.lang.Integer.toString(counter)) + .png)): null

2018-12-13 11:49:33 - [TEST_STEP][PASSED] - Statement - counter = counter + 1: null

2018-12-13 11:49:33 - [TEST_STEP][PASSED] - Statement - PreSaveFile = new java.io.File(((pathPrefix + java.lang.Integer.toString(counter)) + .png)): null

2018-12-13 11:49:33 - [TEST_STEP][PASSED] - Statement - counter = counter + 1: null

2018-12-13 11:49:33 - [TEST_STEP][PASSED] - Statement - PreSaveFile = new java.io.File(((pathPrefix + java.lang.Integer.toString(counter)) + .png)): null

2018-12-13 11:49:33 - [TEST_STEP][PASSED] - Statement - counter = counter + 1: null

2018-12-13 11:49:33 - [TEST_STEP][PASSED] - Statement - PreSaveFile = new java.io.File(((pathPrefix + java.lang.Integer.toString(counter)) + .png)): null

2018-12-13 11:49:33 - [TEST_STEP][PASSED] - Statement - counter = counter + 1: null

2018-12-13 11:49:33 - [TEST_STEP][PASSED] - Statement - PreSaveFile = new java.io.File(((pathPrefix + java.lang.Integer.toString(counter)) + .png)): null

2018-12-13 11:49:33 - [TEST_STEP][PASSED] - Statement - counter = counter + 1: null

2018-12-13 11:49:33 - [TEST_STEP][PASSED] - Statement - PreSaveFile = new java.io.File(((pathPrefix + java.lang.Integer.toString(counter)) + .png)): null

2018-12-13 11:49:33 - [TEST_STEP][PASSED] - Statement - finalPath = pathPrefix + java.lang.Integer.toString(counter) + ".png": null

2018-12-13 11:49:33 - [TEST_STEP][PASSED] - Statement - SaveFile = new java.io.File(finalPath): null

2018-12-13 11:49:33 - [TEST_STEP][PASSED] - Statement - Try: null

2018-12-13 11:49:33 - [TEST_STEP][PASSED] - Statement - org.apache.commons.io.FileUtils.copyFile(scrFile, SaveFile): null

2018-12-13 11:49:33 - [TEST_STEP][PASSED] - Statement - out.println("file kept"): null

2018-12-13 11:49:33 - [TEST_STEP][PASSED] - delay: Delayed 10 second(s)

2018-12-13 11:49:43 - [MESSAGE][PASSED] - Delayed 10 second(s)

2018-12-13 11:49:43 - [MESSAGE][PASSED] - Call Test Case 'Test Cases/Final Aug 2018 - PKS Automation/Registration Module/New Registration/Submit and Screenshot/Submit Registration and Screenshot - Copy' successfully

2018-12-13 11:49:43 - [TEST_STEP][PASSED] - Statement - UpdateAddNewECode = com.kms.katalon.core.webui.keyword.WebUiBuiltInKeywords.getText(com.kms.katalon.core.testobject.ObjectRepository.findTestObject(Object Repository/Final Object Repo/Page_Update Add New Employee - ASSIST/getEmpCode)): Text of object 'Object Repository/Final Object Repo/Page_Update Add New Employee - ASSIST/getEmpCode' is: 'E1102070835Z'

2018-12-13 11:49:43 - [MESSAGE][PASSED] - Text of object 'Object Repository/Final Object Repo/Page_Update Add New Employee - ASSIST/getEmpCode' is: 'E1102070835Z'

2018-12-13 11:49:43 - [TEST_STEP][PASSED] - callTestCase: Call Test Case 'Test Cases/Final Aug 2018 - PKS Automation/Common/Emp Code Setter' successfully

2018-12-13 11:49:43 - [TEST_CASE][PASSED] - Test Cases/Final Aug 2018 - PKS Automation/Common/Emp Code Setter: Test Cases/Final Aug 2018 - PKS Automation/Common/Emp Code Setter

2018-12-13 11:49:43 - [TEST_STEP][PASSED] - Statement - EmpCodeOld = new java.io.File(C://Users//Admin//Desktop//PKS//Automation Reference Point//EmpCode.txt): null

2018-12-13 11:49:43 - [TEST_STEP][PASSED] - Statement - EmpCodeOld.delete(): null

2018-12-13 11:49:43 - [TEST_STEP][PASSED] - Statement - EmpCode = new java.io.File(C://Users//Admin//Desktop//PKS//Automation Reference Point//EmpCode.txt): null

2018-12-13 11:49:43 - [TEST_STEP][PASSED] - Statement - f2 = new java.io.FileWriter(EmpCode, false): null

2018-12-13 11:49:43 - [TEST_STEP][PASSED] - Statement - f2.write(UpdateAddNewECode): null

2018-12-13 11:49:43 - [TEST_STEP][PASSED] - Statement - f2.close(): null

2018-12-13 11:49:43 - [TEST_STEP][PASSED] - Statement - out.println("


" + UpdateAddNewECode + "


"): null

2018-12-13 11:49:43 - [MESSAGE][PASSED] - Call Test Case 'Test Cases/Final Aug 2018 - PKS Automation/Common/Emp Code Setter' successfully

2018-12-13 11:49:43 - [MESSAGE][PASSED] - Call Test Case 'Test Cases/Final Aug 2018 - PKS Automation/Registration Module/Workflow/Update Add New Employee/Template/New Company for Update Add New - Employer' successfully

2018-12-13 11:49:43 - [TEST_STEP][PASSED] - callTestCase: Call Test Case 'Test Cases/Final Aug 2018 - PKS Automation/Create Employer Acc/Login to Employer Account (Second time)' successfully

2018-12-13 11:49:44 - [TEST_CASE][PASSED] - Test Cases/Final Aug 2018 - PKS Automation/Create Employer Acc/Login to Employer Account (Second time): Test Cases/Final Aug 2018 - PKS Automation/Create Employer Acc/Login to Employer Account (Second time)

2018-12-13 11:49:44 - [TEST_STEP][PASSED] - openBrowser: Browser is opened with url: ''

2018-12-13 11:49:44 - [MESSAGE][WARNING] - A browser is already opened. Closing browser and opening a new one

2018-12-13 11:49:48 - [MESSAGE][PASSED] - Browser is opened with url: ''

2018-12-13 11:49:48 - [TEST_STEP][PASSED] - navigateToUrl: Navigate to 'https://assist2-uat.perkeso.gov.my/employer/login' successfully

2018-12-13 11:49:49 - [MESSAGE][PASSED] - Navigate to 'https://assist2-uat.perkeso.gov.my/employer/login' successfully

2018-12-13 11:49:49 - [TEST_STEP][PASSED] - delay: Delayed 3 second(s)

2018-12-13 11:49:52 - [MESSAGE][PASSED] - Delayed 3 second(s)

2018-12-13 11:49:52 - [TEST_STEP][PASSED] - callTestCase: Call Test Case 'Test Cases/Final Aug 2018 - PKS Automation/Create Employer Acc/Template/Employer Email Getter' successfully

2018-12-13 11:49:52 - [TEST_CASE][PASSED] - Test Cases/Final Aug 2018 - PKS Automation/Create Employer Acc/Template/Employer Email Getter: Test Cases/Final Aug 2018 - PKS Automation/Create Employer Acc/Template/Employer Email Getter

2018-12-13 11:49:52 - [TEST_STEP][PASSED] - Statement - Try: null

2018-12-13 11:49:52 - [TEST_STEP][PASSED] - Statement - EmpEmail = new java.io.File(C://Users//Admin//Desktop//PKS//Automation Reference Point//EmpEmail.txt): null

2018-12-13 11:49:52 - [TEST_STEP][PASSED] - Statement - bufferread = new java.io.BufferedReader(new java.io.FileReader(EmpEmail)): null

2018-12-13 11:49:52 - [TEST_STEP][PASSED] - Statement - readedVal = bufferread.readLine(): null

2018-12-13 11:49:52 - [TEST_STEP][PASSED] - Statement - out.println(readedVal): null

2018-12-13 11:49:52 - [TEST_STEP][PASSED] - Statement - Email = readedVal: null

2018-12-13 11:49:52 - [MESSAGE][PASSED] - Call Test Case 'Test Cases/Final Aug 2018 - PKS Automation/Create Employer Acc/Template/Employer Email Getter' successfully

2018-12-13 11:49:52 - [TEST_STEP][PASSED] - setText: Text 'perkeso303208514303@gmail.com' is set on object 'Object Repository/Final Object Repo/Login Page/External Login Page/Email'

2018-12-13 11:49:52 - [MESSAGE][PASSED] - Text 'perkeso303208514303@gmail.com' is set on object 'Object Repository/Final Object Repo/Login Page/External Login Page/Email'

2018-12-13 11:49:52 - [TEST_STEP][PASSED] - click: Object: 'Object Repository/Final Object Repo/Login Page/External Login Page/Next' is clicked on

2018-12-13 11:49:53 - [MESSAGE][PASSED] - Object: 'Object Repository/Final Object Repo/Login Page/External Login Page/Next' is clicked on

2018-12-13 11:49:53 - [TEST_STEP][PASSED] - delay: Delayed 3 second(s)

2018-12-13 11:49:56 - [MESSAGE][PASSED] - Delayed 3 second(s)

2018-12-13 11:49:56 - [TEST_STEP][PASSED] - setEncryptedText: Text ****** has been set on object 'Object Repository/Final Object Repo/Login Page/External Login Page/Password'

2018-12-13 11:49:56 - [MESSAGE][PASSED] - Text ****** has been set on object 'Object Repository/Final Object Repo/Login Page/External Login Page/Password'

2018-12-13 11:49:56 - [TEST_STEP][PASSED] - click: Object: 'Object Repository/Final Object Repo/Login Page/External Login Page/Login' is clicked on

2018-12-13 11:49:56 - [MESSAGE][PASSED] - Object: 'Object Repository/Final Object Repo/Login Page/External Login Page/Login' is clicked on

2018-12-13 11:49:56 - [TEST_STEP][PASSED] - delay: Delayed 5 second(s)

2018-12-13 11:50:01 - [MESSAGE][PASSED] - Delayed 5 second(s)

2018-12-13 11:50:01 - [MESSAGE][PASSED] - Call Test Case 'Test Cases/Final Aug 2018 - PKS Automation/Create Employer Acc/Login to Employer Account (Second time)' successfully

2018-12-13 11:50:01 - [TEST_STEP][PASSED] - navigateToUrl: Navigate to 'https://assist2-uat.perkeso.gov.my/web/registration/eis-update/form-3-eis-cessation-as-employer' successfully

2018-12-13 11:50:02 - [MESSAGE][PASSED] - Navigate to 'https://assist2-uat.perkeso.gov.my/web/registration/eis-update/form-3-eis-cessation-as-employer' successfully

2018-12-13 11:50:02 - [TEST_STEP][PASSED] - delay: Delayed 1 second(s)

2018-12-13 11:50:03 - [MESSAGE][PASSED] - Delayed 1 second(s)

2018-12-13 11:50:03 - [TEST_STEP][PASSED] - click: Object: 'Object Repository/Final Object Repo/Page_Form 3 EIS - Cessation as Employer/Edit' is clicked on

2018-12-13 11:50:04 - [MESSAGE][PASSED] - Object: 'Object Repository/Final Object Repo/Page_Form 3 EIS - Cessation as Employer/Edit' is clicked on

2018-12-13 11:50:04 - [TEST_STEP][PASSED] - delay: Delayed 1 second(s)

2018-12-13 11:50:05 - [MESSAGE][PASSED] - Delayed 1 second(s)

2018-12-13 11:50:05 - [TEST_STEP][PASSED] - Statement - abc = com.kms.katalon.core.webui.keyword.WebUiBuiltInKeywords.getAttribute(com.kms.katalon.core.testobject.ObjectRepository.findTestObject(Final Object Repo/Page_Form 3 EIS - Cessation as Employer/Employer Status), "value"): Attribute 'value' of object 'Object Repository/Final Object Repo/Page_Form 3 EIS - Cessation as Employer/Employer Status' is: 'Active'

2018-12-13 11:50:05 - [MESSAGE][PASSED] - Attribute 'value' of object 'Object Repository/Final Object Repo/Page_Form 3 EIS - Cessation as Employer/Employer Status' is: 'Active'

2018-12-13 11:50:05 - [TEST_STEP][PASSED] - Statement - out.println(abc): null

2018-12-13 11:50:05 - [TEST_STEP][PASSED] - Statement - If (abc == "Active"): Object: 'Object Repository/Final Object Repo/Page_Form 3 EIS - Cessation as Employer/Dormant EIS' is clicked on

2018-12-13 11:50:05 - [TEST_STEP][PASSED] - click: Object: 'Object Repository/Final Object Repo/Page_Form 3 EIS - Cessation as Employer/Change Employer Status to' is clicked on

2018-12-13 11:50:06 - [MESSAGE][PASSED] - Object: 'Object Repository/Final Object Repo/Page_Form 3 EIS - Cessation as Employer/Change Employer Status to' is clicked on

2018-12-13 11:50:06 - [TEST_STEP][PASSED] - click: Object: 'Object Repository/Final Object Repo/Page_Form 3 EIS - Cessation as Employer/Dormant EIS' is clicked on

2018-12-13 11:50:06 - [MESSAGE][PASSED] - Object: 'Object Repository/Final Object Repo/Page_Form 3 EIS - Cessation as Employer/Dormant EIS' is clicked on

2018-12-13 11:50:06 - [TEST_STEP][PASSED] - click: Object: 'Object Repository/Final Object Repo/Page_Form 3 EIS - Cessation as Employer/Calender' is clicked on

2018-12-13 11:50:06 - [MESSAGE][PASSED] - Object: 'Object Repository/Final Object Repo/Page_Form 3 EIS - Cessation as Employer/Calender' is clicked on

2018-12-13 11:50:06 - [TEST_STEP][PASSED] - delay: Delayed 1 second(s)

2018-12-13 11:50:07 - [MESSAGE][PASSED] - Delayed 1 second(s)

2018-12-13 11:50:07 - [TEST_STEP][PASSED] - click: Object: 'Object Repository/Final Object Repo/Page_Form 3 EIS - Cessation as Employer/Calender - Date' is clicked on

2018-12-13 11:50:08 - [MESSAGE][PASSED] - Object: 'Object Repository/Final Object Repo/Page_Form 3 EIS - Cessation as Employer/Calender - Date' is clicked on

2018-12-13 11:50:08 - [TEST_STEP][PASSED] - click: Object: 'Object Repository/Final Object Repo/Page_Form 3 EIS - Cessation as Employer/Save  Continue in Form 3 EIS Page' is clicked on

2018-12-13 11:50:08 - [MESSAGE][PASSED] - Object: 'Object Repository/Final Object Repo/Page_Form 3 EIS - Cessation as Employer/Save  Continue in Form 3 EIS Page' is clicked on

2018-12-13 11:50:08 - [TEST_STEP][PASSED] - delay: Delayed 1 second(s)

2018-12-13 11:50:09 - [MESSAGE][PASSED] - Delayed 1 second(s)

2018-12-13 11:50:09 - [TEST_STEP][PASSED] - click: Object: 'Object Repository/Final Object Repo/Page_Form 3 EIS - Cessation as Employer/Employment Resign Date' is clicked on

2018-12-13 11:50:10 - [MESSAGE][PASSED] - Object: 'Object Repository/Final Object Repo/Page_Form 3 EIS - Cessation as Employer/Employment Resign Date' is clicked on

2018-12-13 11:50:10 - [TEST_STEP][PASSED] - selectOptionByValue: All options with value '2019' are selected in object 'Object Repository/Final Object Repo/Page_Form 3 EIS - Cessation as Employer/Employment Resign Date - Year' 

2018-12-13 11:50:10 - [MESSAGE][PASSED] - All options with value '2019' are selected in object 'Object Repository/Final Object Repo/Page_Form 3 EIS - Cessation as Employer/Employment Resign Date - Year' 

2018-12-13 11:50:10 - [TEST_STEP][PASSED] - delay: Delayed 2 second(s)

2018-12-13 11:50:12 - [MESSAGE][PASSED] - Delayed 2 second(s)

2018-12-13 11:50:12 - [TEST_STEP][PASSED] - click: Object: 'Object Repository/Final Object Repo/Page_Form 3 EIS - Cessation as Employer/Employment Resign Date - Year - Date' is clicked on

2018-12-13 11:50:12 - [MESSAGE][PASSED] - Object: 'Object Repository/Final Object Repo/Page_Form 3 EIS - Cessation as Employer/Employment Resign Date - Year - Date' is clicked on

2018-12-13 11:50:12 - [TEST_STEP][PASSED] - delay: Delayed 2 second(s)

2018-12-13 11:50:14 - [MESSAGE][PASSED] - Delayed 2 second(s)

2018-12-13 11:50:14 - [TEST_STEP][PASSED] - click: Object: 'Object Repository/Final Object Repo/Page_Form 3 EIS - Cessation as Employer/Save  Continue in Employment Resign Page' is clicked on

2018-12-13 11:50:15 - [MESSAGE][PASSED] - Object: 'Object Repository/Final Object Repo/Page_Form 3 EIS - Cessation as Employer/Save  Continue in Employment Resign Page' is clicked on

2018-12-13 11:50:15 - [TEST_STEP][PASSED] - delay: Delayed 2 second(s)

2018-12-13 11:50:17 - [MESSAGE][PASSED] - Delayed 2 second(s)

2018-12-13 11:50:17 - [TEST_STEP][PASSED] - click: Object: 'Object Repository/Final Object Repo/Page_Form 3 EIS - Cessation as Employer/Set Latest - Yes' is clicked on

2018-12-13 11:50:17 - [MESSAGE][PASSED] - Object: 'Object Repository/Final Object Repo/Page_Form 3 EIS - Cessation as Employer/Set Latest - Yes' is clicked on

2018-12-13 11:50:17 - [TEST_STEP][PASSED] - delay: Delayed 2 second(s)

2018-12-13 11:50:19 - [MESSAGE][PASSED] - Delayed 2 second(s)

2018-12-13 11:50:19 - [TEST_STEP][PASSED] - click: Object: 'Object Repository/Final Object Repo/Page_Form 3 EIS - Cessation as Employer/Add Document' is clicked on

2018-12-13 11:50:20 - [MESSAGE][PASSED] - Object: 'Object Repository/Final Object Repo/Page_Form 3 EIS - Cessation as Employer/Add Document' is clicked on

2018-12-13 11:50:20 - [TEST_STEP][PASSED] - delay: Delayed 3 second(s)

2018-12-13 11:50:23 - [MESSAGE][PASSED] - Delayed 3 second(s)

2018-12-13 11:50:23 - [TEST_STEP][PASSED] - click: Object: 'Object Repository/Final Object Repo/Page_Form 3 EIS - Cessation as Employer/Document Type' is clicked on

2018-12-13 11:50:23 - [MESSAGE][PASSED] - Object: 'Object Repository/Final Object Repo/Page_Form 3 EIS - Cessation as Employer/Document Type' is clicked on

2018-12-13 11:50:23 - [TEST_STEP][PASSED] - click: Object: 'Object Repository/Final Object Repo/Page_Form 3 EIS - Cessation as Employer/Document Type - Form 3' is clicked on

2018-12-13 11:50:23 - [MESSAGE][PASSED] - Object: 'Object Repository/Final Object Repo/Page_Form 3 EIS - Cessation as Employer/Document Type - Form 3' is clicked on

2018-12-13 11:50:23 - [TEST_STEP][PASSED] - delay: Delayed 2 second(s)

2018-12-13 11:50:25 - [MESSAGE][PASSED] - Delayed 2 second(s)

2018-12-13 11:50:25 - [TEST_STEP][PASSED] - sendKeys: Keys 'C:\Users\Public\Pictures\Sample Pictures\Koala.jpg' sent to object: 'Object Repository/Final Object Repo/Page_Form 3 EIS - Cessation as Employer/ploading File'

2018-12-13 11:50:25 - [MESSAGE][PASSED] - Keys 'C:\Users\Public\Pictures\Sample Pictures\Koala.jpg' sent to object: 'Object Repository/Final Object Repo/Page_Form 3 EIS - Cessation as Employer/ploading File'

2018-12-13 11:50:25 - [TEST_STEP][PASSED] - delay: Delayed 1 second(s)

2018-12-13 11:50:26 - [MESSAGE][PASSED] - Delayed 1 second(s)

2018-12-13 11:50:26 - [TEST_STEP][PASSED] - click: Object: 'Object Repository/Final Object Repo/Page_Form 3 EIS - Cessation as Employer/Add Document in Uploading Page' is clicked on

2018-12-13 11:50:26 - [MESSAGE][PASSED] - Object: 'Object Repository/Final Object Repo/Page_Form 3 EIS - Cessation as Employer/Add Document in Uploading Page' is clicked on

2018-12-13 11:50:26 - [TEST_STEP][PASSED] - delay: Delayed 2 second(s)

2018-12-13 11:50:28 - [MESSAGE][PASSED] - Delayed 2 second(s)

2018-12-13 11:50:28 - [TEST_STEP][PASSED] - Statement - CaseReferenceNo = com.kms.katalon.core.webui.keyword.WebUiBuiltInKeywords.getText(com.kms.katalon.core.testobject.ObjectRepository.findTestObject(Final Object Repo/Page_Update Employer Information/Reference Number in Update Employee Information Page)): Text of object 'Object Repository/Final Object Repo/Page_Update Employer Information/Reference Number in Update Employee Information Page' is: 'ERN122018C200002414'

2018-12-13 11:50:30 - [MESSAGE][PASSED] - Text of object 'Object Repository/Final Object Repo/Page_Update Employer Information/Reference Number in Update Employee Information Page' is: 'ERN122018C200002414'

2018-12-13 11:50:30 - [TEST_STEP][PASSED] - callTestCase: Call Test Case 'Test Cases/Final Aug 2018 - PKS Automation/Common/Reference Number Setter' successfully

2018-12-13 11:50:30 - [TEST_CASE][PASSED] - Test Cases/Final Aug 2018 - PKS Automation/Common/Reference Number Setter: Test Cases/Final Aug 2018 - PKS Automation/Common/Reference Number Setter

2018-12-13 11:50:31 - [TEST_STEP][PASSED] - Statement - RefNoOldFile = new java.io.File(C://Users//Admin//Desktop//PKS//Automation Reference Point//KatalonReference.txt): null

2018-12-13 11:50:31 - [TEST_STEP][PASSED] - Statement - RefNoOldFile.delete(): null

2018-12-13 11:50:31 - [TEST_STEP][PASSED] - delay: Delayed 5 second(s)

2018-12-13 11:50:36 - [MESSAGE][PASSED] - Delayed 5 second(s)

2018-12-13 11:50:36 - [TEST_STEP][PASSED] - Statement - RefNo = new java.io.File(C://Users//Admin//Desktop//PKS//Automation Reference Point//KatalonReference.txt): null

2018-12-13 11:50:36 - [TEST_STEP][PASSED] - Statement - f2 = new java.io.FileWriter(RefNo, false): null

2018-12-13 11:50:36 - [TEST_STEP][PASSED] - Statement - f2.write(CaseReferenceNo): null

2018-12-13 11:50:36 - [TEST_STEP][PASSED] - Statement - f2.close(): null

2018-12-13 11:50:36 - [TEST_STEP][PASSED] - Statement - out.println("


" + CaseReferenceNo + "


"): null

2018-12-13 11:50:36 - [MESSAGE][PASSED] - Call Test Case 'Test Cases/Final Aug 2018 - PKS Automation/Common/Reference Number Setter' successfully

2018-12-13 11:50:36 - [TEST_STEP][PASSED] - delay: Delayed 2 second(s)

2018-12-13 11:50:38 - [MESSAGE][PASSED] - Delayed 2 second(s)

2018-12-13 11:50:38 - [TEST_STEP][PASSED] - click: Object: 'Object Repository/Final Object Repo/Page_Form 3 EIS - Cessation as Employer/Save  Continue in Uploading Page' is clicked on

2018-12-13 11:50:38 - [MESSAGE][PASSED] - Object: 'Object Repository/Final Object Repo/Page_Form 3 EIS - Cessation as Employer/Save  Continue in Uploading Page' is clicked on

2018-12-13 11:50:38 - [TEST_STEP][PASSED] - delay: Delayed 2 second(s)

2018-12-13 11:50:40 - [MESSAGE][PASSED] - Delayed 2 second(s)

2018-12-13 11:50:40 - [TEST_STEP][PASSED] - click: Object: 'Object Repository/Final Object Repo/Page_Form 3 EIS - Cessation as Employer/Submit' is clicked on

2018-12-13 11:50:43 - [MESSAGE][PASSED] - Object: 'Object Repository/Final Object Repo/Page_Form 3 EIS - Cessation as Employer/Submit' is clicked on

2018-12-13 11:50:43 - [TEST_STEP][PASSED] - delay: Delayed 2 second(s)

2018-12-13 11:50:45 - [MESSAGE][PASSED] - Delayed 2 second(s)

2018-12-13 11:50:45 - [TEST_STEP][PASSED] - click: Object: 'Object Repository/Final Object Repo/Page_Form 3 EIS - Cessation as Employer/Confirm' is clicked on

2018-12-13 11:50:45 - [MESSAGE][PASSED] - Object: 'Object Repository/Final Object Repo/Page_Form 3 EIS - Cessation as Employer/Confirm' is clicked on

2018-12-13 11:50:45 - [TEST_STEP][PASSED] - delay: Delayed 2 second(s)

2018-12-13 11:50:47 - [MESSAGE][PASSED] - Delayed 2 second(s)

2018-12-13 11:50:47 - [TEST_STEP][PASSED] - click: Object: 'Object Repository/Final Object Repo/Page_Form 3 EIS - Cessation as Employer/Message Your Request will be routed to UO' is clicked on

2018-12-13 11:50:51 - [MESSAGE][PASSED] - Object: 'Object Repository/Final Object Repo/Page_Form 3 EIS - Cessation as Employer/Message Your Request will be routed to UO' is clicked on

2018-12-13 11:50:51 - [TEST_STEP][PASSED] - click: Object: 'Object Repository/Final Object Repo/Page_Form 3 EIS - Cessation as Employer/Letter of acknowledgement' is clicked on

2018-12-13 11:50:51 - [MESSAGE][PASSED] - Object: 'Object Repository/Final Object Repo/Page_Form 3 EIS - Cessation as Employer/Letter of acknowledgement' is clicked on

2018-12-13 11:50:51 - [MESSAGE][PASSED] - Call Test Case 'Test Cases/Final Aug 2018 - PKS Automation/Registration Module/Workflow/Form 3 EIS - Cessation As Employer/Template/Form 3 A - Cessation As Employer (Employer)' successfully

2018-12-13 11:50:51 - [TEST_STEP][PASSED] - callTestCase: Call Test Case 'Test Cases/Final Aug 2018 - PKS Automation/Registration Module/Workflow/Form 3 EIS - Cessation As Employer/Template/Form 3 A - Cessation As Employer (Approve)' successfully

2018-12-13 11:50:51 - [TEST_CASE][PASSED] - Test Cases/Final Aug 2018 - PKS Automation/Registration Module/Workflow/Form 3 EIS - Cessation As Employer/Template/Form 3 A - Cessation As Employer (Approve): Test Cases/Final Aug 2018 - PKS Automation/Registration Module/Workflow/Form 3 EIS - Cessation As Employer/Template/Form 3 A - Cessation As Employer (Approve)

2018-12-13 11:50:52 - [TEST_STEP][NOT_RUN] - callTestCase: NOT_RUN: callTestCase

2018-12-13 11:50:52 - [MESSAGE][NOT_RUN] - NOT_RUN: callTestCase

2018-12-13 11:50:52 - [TEST_STEP][PASSED] - delay: Delayed 1 second(s)

2018-12-13 11:50:53 - [MESSAGE][PASSED] - Delayed 1 second(s)

2018-12-13 11:50:53 - [TEST_STEP][PASSED] - navigateToUrl: Navigate to 'https://assist2-uat.perkeso.gov.my/c/portal/logout' successfully

2018-12-13 11:50:54 - [MESSAGE][PASSED] - Navigate to 'https://assist2-uat.perkeso.gov.my/c/portal/logout' successfully

2018-12-13 11:50:54 - [TEST_STEP][PASSED] - delay: Delayed 1 second(s)

2018-12-13 11:50:55 - [MESSAGE][PASSED] - Delayed 1 second(s)

2018-12-13 11:50:55 - [TEST_STEP][PASSED] - callTestCase: Call Test Case 'Test Cases/Final Aug 2018 - PKS Automation/Common/Reference Number Getter' successfully

2018-12-13 11:50:55 - [TEST_CASE][PASSED] - Test Cases/Final Aug 2018 - PKS Automation/Common/Reference Number Getter: Test Cases/Final Aug 2018 - PKS Automation/Common/Reference Number Getter

2018-12-13 11:50:55 - [TEST_STEP][PASSED] - Statement - Try: null

2018-12-13 11:50:55 - [TEST_STEP][PASSED] - Statement - RefNo = new java.io.File(C://Users//Admin//Desktop//PKS//Automation Reference Point//KatalonReference.txt): null

2018-12-13 11:50:55 - [TEST_STEP][PASSED] - Statement - bufferread = new java.io.BufferedReader(new java.io.FileReader(RefNo)): null

2018-12-13 11:50:55 - [TEST_STEP][PASSED] - Statement - readedVal = bufferread.readLine(): null

2018-12-13 11:50:55 - [TEST_STEP][PASSED] - Statement - out.println(CaseReferenceNo): null

2018-12-13 11:50:55 - [TEST_STEP][PASSED] - Statement - out.println(readedVal): null

2018-12-13 11:50:55 - [TEST_STEP][PASSED] - Statement - CaseReferenceNo = "": null

2018-12-13 11:50:55 - [TEST_STEP][PASSED] - Statement - CaseReferenceNo = readedVal: null

2018-12-13 11:50:55 - [MESSAGE][PASSED] - Call Test Case 'Test Cases/Final Aug 2018 - PKS Automation/Common/Reference Number Getter' successfully

2018-12-13 11:50:55 - [TEST_STEP][PASSED] - callTestCase: Call Test Case 'Test Cases/Final Aug 2018 - PKS Automation/Common/Workflow Owner Finder' successfully

2018-12-13 11:50:55 - [TEST_CASE][PASSED] - Test Cases/Final Aug 2018 - PKS Automation/Common/Workflow Owner Finder: Test Cases/Final Aug 2018 - PKS Automation/Common/Workflow Owner Finder

2018-12-13 11:50:55 - [TEST_STEP][PASSED] - openBrowser: Browser is opened with url: ''

2018-12-13 11:50:55 - [MESSAGE][WARNING] - A browser is already opened. Closing browser and opening a new one

2018-12-13 11:50:59 - [MESSAGE][PASSED] - Browser is opened with url: ''

2018-12-13 11:50:59 - [TEST_STEP][PASSED] - navigateToUrl: Navigate to 'https://assist2-uat.perkeso.gov.my/login' successfully

2018-12-13 11:51:00 - [MESSAGE][PASSED] - Navigate to 'https://assist2-uat.perkeso.gov.my/login' successfully

2018-12-13 11:51:00 - [TEST_STEP][PASSED] - delay: Delayed 5 second(s)

2018-12-13 11:51:05 - [MESSAGE][PASSED] - Delayed 5 second(s)

2018-12-13 11:51:05 - [TEST_STEP][PASSED] - setText: Text 'test@liferay.com' is set on object 'Object Repository/Final Object Repo/Login Page/Internal User/Email Address'

2018-12-13 11:51:06 - [MESSAGE][PASSED] - Text 'test@liferay.com' is set on object 'Object Repository/Final Object Repo/Login Page/Internal User/Email Address'

2018-12-13 11:51:06 - [TEST_STEP][PASSED] - click: Object: 'Object Repository/Final Object Repo/Login Page/Internal User/Next Button' is clicked on

2018-12-13 11:51:06 - [MESSAGE][PASSED] - Object: 'Object Repository/Final Object Repo/Login Page/Internal User/Next Button' is clicked on

2018-12-13 11:51:06 - [TEST_STEP][PASSED] - delay: Delayed 2 second(s)

2018-12-13 11:51:08 - [MESSAGE][PASSED] - Delayed 2 second(s)

2018-12-13 11:51:08 - [TEST_STEP][PASSED] - setText: Text 'test' is set on object 'Object Repository/Final Object Repo/Login Page/Internal User/Password'

2018-12-13 11:51:08 - [MESSAGE][PASSED] - Text 'test' is set on object 'Object Repository/Final Object Repo/Login Page/Internal User/Password'

2018-12-13 11:51:08 - [TEST_STEP][PASSED] - delay: Delayed 2 second(s)

2018-12-13 11:51:10 - [MESSAGE][PASSED] - Delayed 2 second(s)

2018-12-13 11:51:10 - [TEST_STEP][PASSED] - click: Object: 'Object Repository/Final Object Repo/Login Page/Internal User/Login Button' is clicked on

2018-12-13 11:51:10 - [MESSAGE][PASSED] - Object: 'Object Repository/Final Object Repo/Login Page/Internal User/Login Button' is clicked on

2018-12-13 11:51:10 - [TEST_STEP][PASSED] - Statement - tester = com.kms.katalon.core.testobject.ObjectRepository.findTestObject(Final Object Repo/Landing Page/Select to English): Finding Test Object with id 'Object Repository/Final Object Repo/Landing Page/Select to English'

2018-12-13 11:51:10 - [TEST_STEP][PASSED] - Statement - Try: Delayed 2 second(s)

2018-12-13 11:51:10 - [TEST_STEP][PASSED] - Statement - Checker = com.kms.katalon.core.webui.keyword.WebUiBuiltInKeywords.verifyElementNotPresent(tester, 3): Web element with id: 'Object Repository/Final Object Repo/Landing Page/Select to English' located by 'By.xpath: //a[@class = 'taglib-language-list-text' and @lang = 'en-US' and (contains(text(), 'EN') or contains(., 'EN'))]' is not present after '3' second(s)

2018-12-13 11:51:12 - [MESSAGE][PASSED] - Web element with id: 'Object Repository/Final Object Repo/Landing Page/Select to English' located by 'By.xpath: //a[@class = 'taglib-language-list-text' and @lang = 'en-US' and (contains(text(), 'EN') or contains(., 'EN'))]' is not present after '3' second(s)

2018-12-13 11:51:12 - [TEST_STEP][PASSED] - Statement - If (Checker == false): null

2018-12-13 11:51:12 - [TEST_STEP][PASSED] - delay: Delayed 2 second(s)

2018-12-13 11:51:14 - [MESSAGE][PASSED] - Delayed 2 second(s)

2018-12-13 11:51:14 - [TEST_STEP][PASSED] - delay: Delayed 5 second(s)

2018-12-13 11:51:19 - [MESSAGE][PASSED] - Delayed 5 second(s)

2018-12-13 11:51:19 - [TEST_STEP][PASSED] - mouseOver: Object: 'Object Repository/Final Object Repo/Landing Page/WorkFlow Menu' is hovered

2018-12-13 11:51:19 - [MESSAGE][PASSED] - Object: 'Object Repository/Final Object Repo/Landing Page/WorkFlow Menu' is hovered

2018-12-13 11:51:19 - [TEST_STEP][PASSED] - delay: Delayed 2 second(s)

2018-12-13 11:51:21 - [MESSAGE][PASSED] - Delayed 2 second(s)

2018-12-13 11:51:21 - [TEST_STEP][PASSED] - click: Object: 'Object Repository/Final Object Repo/Landing Page/Select to Workflow Listing' is clicked on

2018-12-13 11:51:22 - [MESSAGE][PASSED] - Object: 'Object Repository/Final Object Repo/Landing Page/Select to Workflow Listing' is clicked on

2018-12-13 11:51:22 - [TEST_STEP][PASSED] - delay: Delayed 2 second(s)

2018-12-13 11:51:24 - [MESSAGE][PASSED] - Delayed 2 second(s)

2018-12-13 11:51:24 - [TEST_STEP][PASSED] - click: Object: 'Object Repository/Final Object Repo/WorkFlow Listing Page/Search Information - To Put Ref No' is clicked on

2018-12-13 11:51:25 - [MESSAGE][PASSED] - Object: 'Object Repository/Final Object Repo/WorkFlow Listing Page/Search Information - To Put Ref No' is clicked on

2018-12-13 11:51:25 - [TEST_STEP][PASSED] - delay: Delayed 2 second(s)

2018-12-13 11:51:27 - [MESSAGE][PASSED] - Delayed 2 second(s)

2018-12-13 11:51:27 - [TEST_STEP][PASSED] - callTestCase: Call Test Case 'Test Cases/Final Aug 2018 - PKS Automation/Common/Reference Number Getter' successfully

2018-12-13 11:51:27 - [TEST_CASE][PASSED] - Test Cases/Final Aug 2018 - PKS Automation/Common/Reference Number Getter: Test Cases/Final Aug 2018 - PKS Automation/Common/Reference Number Getter

2018-12-13 11:51:27 - [TEST_STEP][PASSED] - Statement - Try: null

2018-12-13 11:51:27 - [TEST_STEP][PASSED] - Statement - RefNo = new java.io.File(C://Users//Admin//Desktop//PKS//Automation Reference Point//KatalonReference.txt): null

2018-12-13 11:51:27 - [TEST_STEP][PASSED] - Statement - bufferread = new java.io.BufferedReader(new java.io.FileReader(RefNo)): null

2018-12-13 11:51:27 - [TEST_STEP][PASSED] - Statement - readedVal = bufferread.readLine(): null

2018-12-13 11:51:27 - [TEST_STEP][PASSED] - Statement - out.println(CaseReferenceNo): null

2018-12-13 11:51:27 - [TEST_STEP][PASSED] - Statement - out.println(readedVal): null

2018-12-13 11:51:27 - [TEST_STEP][PASSED] - Statement - CaseReferenceNo = "": null

2018-12-13 11:51:27 - [TEST_STEP][PASSED] - Statement - CaseReferenceNo = readedVal: null

2018-12-13 11:51:27 - [MESSAGE][PASSED] - Call Test Case 'Test Cases/Final Aug 2018 - PKS Automation/Common/Reference Number Getter' successfully

2018-12-13 11:51:27 - [TEST_STEP][PASSED] - setText: Text 'ERN122018C200002414' is set on object 'Object Repository/Final Object Repo/WorkFlow Listing Page/Ref No Set Text'

2018-12-13 11:51:27 - [MESSAGE][PASSED] - Text 'ERN122018C200002414' is set on object 'Object Repository/Final Object Repo/WorkFlow Listing Page/Ref No Set Text'

2018-12-13 11:51:27 - [TEST_STEP][PASSED] - delay: Delayed 2 second(s)

2018-12-13 11:51:29 - [MESSAGE][PASSED] - Delayed 2 second(s)

2018-12-13 11:51:29 - [TEST_STEP][PASSED] - click: Object: 'Object Repository/Final Object Repo/WorkFlow Listing Page/Search Ref No Search Button' is clicked on

2018-12-13 11:51:29 - [MESSAGE][PASSED] - Object: 'Object Repository/Final Object Repo/WorkFlow Listing Page/Search Ref No Search Button' is clicked on

2018-12-13 11:51:29 - [TEST_STEP][PASSED] - delay: Delayed 6 second(s)

2018-12-13 11:51:35 - [MESSAGE][PASSED] - Delayed 6 second(s)

2018-12-13 11:51:35 - [TEST_STEP][PASSED] - click: Object: 'Object Repository/Final Object Repo/WorkFlow Listing Page/Click Continue Tooltip' is clicked on

2018-12-13 11:51:36 - [MESSAGE][PASSED] - Object: 'Object Repository/Final Object Repo/WorkFlow Listing Page/Click Continue Tooltip' is clicked on

2018-12-13 11:51:36 - [TEST_STEP][PASSED] - delay: Delayed 5 second(s)

2018-12-13 11:51:41 - [MESSAGE][PASSED] - Delayed 5 second(s)

2018-12-13 11:51:41 - [TEST_STEP][PASSED] - doubleClick: Object: 'Object Repository/Final Object Repo/WorkFlow Listing Page/Workflow Found - Listing 1' is double clicked on

2018-12-13 11:51:42 - [MESSAGE][PASSED] - Object: 'Object Repository/Final Object Repo/WorkFlow Listing Page/Workflow Found - Listing 1' is double clicked on

2018-12-13 11:51:42 - [TEST_STEP][PASSED] - Statement - println(OwnerID): null

2018-12-13 11:51:42 - [TEST_STEP][PASSED] - Statement - OwnerID = com.kms.katalon.core.webui.keyword.WebUiBuiltInKeywords.getText(com.kms.katalon.core.testobject.ObjectRepository.findTestObject(Final Object Repo/WorkFlow Listing Page/Workflow Found - Listing 1), STOP_ON_FAILURE): Text of object 'Object Repository/Final Object Repo/WorkFlow Listing Page/Workflow Found - Listing 1' is: 'JOHORuo2'

2018-12-13 11:51:42 - [MESSAGE][PASSED] - Text of object 'Object Repository/Final Object Repo/WorkFlow Listing Page/Workflow Found - Listing 1' is: 'JOHORuo2'

2018-12-13 11:51:42 - [TEST_STEP][PASSED] - Statement - OwnerID = OwnerID.toLowerCase() + "@gmail.com": null

2018-12-13 11:51:42 - [TEST_STEP][PASSED] - Statement - println(OwnerID): null

2018-12-13 11:51:42 - [TEST_STEP][PASSED] - delay: Delayed 2 second(s)

2018-12-13 11:51:44 - [MESSAGE][PASSED] - Delayed 2 second(s)

2018-12-13 11:51:44 - [MESSAGE][PASSED] - Call Test Case 'Test Cases/Final Aug 2018 - PKS Automation/Common/Workflow Owner Finder' successfully

2018-12-13 11:51:44 - [TEST_STEP][PASSED] - delay: Delayed 1 second(s)

2018-12-13 11:51:45 - [MESSAGE][PASSED] - Delayed 1 second(s)

2018-12-13 11:51:45 - [TEST_STEP][PASSED] - navigateToUrl: Navigate to 'https://assist2-uat.perkeso.gov.my/c/portal/logout' successfully

2018-12-13 11:51:45 - [MESSAGE][PASSED] - Navigate to 'https://assist2-uat.perkeso.gov.my/c/portal/logout' successfully

2018-12-13 11:51:45 - [TEST_STEP][PASSED] - delay: Delayed 1 second(s)

2018-12-13 11:51:46 - [MESSAGE][PASSED] - Delayed 1 second(s)

2018-12-13 11:51:46 - [TEST_STEP][PASSED] - callTestCase: Call Test Case 'Test Cases/Final Aug 2018 - PKS Automation/Registration Module/Workflow/Login and Search Case For Workflow' successfully

2018-12-13 11:51:46 - [TEST_CASE][PASSED] - Test Cases/Final Aug 2018 - PKS Automation/Registration Module/Workflow/Login and Search Case For Workflow: Test Cases/Final Aug 2018 - PKS Automation/Registration Module/Workflow/Login and Search Case For Workflow

2018-12-13 11:51:47 - [TEST_STEP][PASSED] - navigateToUrl: Navigate to 'https://assist2-uat.perkeso.gov.my/login' successfully

2018-12-13 11:51:47 - [MESSAGE][PASSED] - Navigate to 'https://assist2-uat.perkeso.gov.my/login' successfully

2018-12-13 11:51:47 - [TEST_STEP][PASSED] - setText: Text 'johoruo2@gmail.com' is set on object 'Object Repository/Final Object Repo/Login Page/Internal User/Email Address'

2018-12-13 11:51:48 - [MESSAGE][PASSED] - Text 'johoruo2@gmail.com' is set on object 'Object Repository/Final Object Repo/Login Page/Internal User/Email Address'

2018-12-13 11:51:48 - [TEST_STEP][PASSED] - click: Object: 'Object Repository/Final Object Repo/Login Page/Internal User/Next Button' is clicked on

2018-12-13 11:51:48 - [MESSAGE][PASSED] - Object: 'Object Repository/Final Object Repo/Login Page/Internal User/Next Button' is clicked on

2018-12-13 11:51:48 - [TEST_STEP][PASSED] - delay: Delayed 1 second(s)

2018-12-13 11:51:49 - [MESSAGE][PASSED] - Delayed 1 second(s)

2018-12-13 11:51:49 - [TEST_STEP][PASSED] - setEncryptedText: Text ****** has been set on object 'Object Repository/Final Object Repo/Login Page/Internal User/Password'

2018-12-13 11:51:49 - [MESSAGE][PASSED] - Text ****** has been set on object 'Object Repository/Final Object Repo/Login Page/Internal User/Password'

2018-12-13 11:51:49 - [TEST_STEP][PASSED] - click: Object: 'Object Repository/Final Object Repo/Login Page/Internal User/Login Button' is clicked on

2018-12-13 11:51:49 - [MESSAGE][PASSED] - Object: 'Object Repository/Final Object Repo/Login Page/Internal User/Login Button' is clicked on

2018-12-13 11:51:49 - [TEST_STEP][PASSED] - delay: Delayed 2 second(s)

2018-12-13 11:51:51 - [MESSAGE][PASSED] - Delayed 2 second(s)

2018-12-13 11:51:51 - [TEST_STEP][PASSED] - Statement - Try: Delayed 2 second(s)

2018-12-13 11:51:51 - [TEST_STEP][PASSED] - Statement - Checker = false: null

2018-12-13 11:51:51 - [TEST_STEP][PASSED] - Statement - Checker = com.kms.katalon.core.webui.keyword.WebUiBuiltInKeywords.verifyElementHasAttribute(com.kms.katalon.core.testobject.ObjectRepository.findTestObject(Final Object Repo/Landing Page/BM Detecting), "href", 20, OPTIONAL): Object 'Object Repository/Final Object Repo/Landing Page/BM Detecting' has attribute 'href'

2018-12-13 11:51:51 - [MESSAGE][PASSED] - Object 'Object Repository/Final Object Repo/Landing Page/BM Detecting' has attribute 'href'

2018-12-13 11:51:51 - [TEST_STEP][PASSED] - Statement - out.println(Checker): null

2018-12-13 11:51:51 - [TEST_STEP][PASSED] - Statement - If (Checker == false): null

2018-12-13 11:51:51 - [TEST_STEP][PASSED] - Statement - Else: null

2018-12-13 11:51:51 - [TEST_STEP][PASSED] - delay: Delayed 2 second(s)

2018-12-13 11:51:53 - [MESSAGE][PASSED] - Delayed 2 second(s)

2018-12-13 11:51:53 - [TEST_STEP][PASSED] - click: Object: 'Object Repository/Final Object Repo/Page_MyASSIST - ASSIST - Search Pending Case For Add Supporting Document/Search Information' is clicked on

2018-12-13 11:51:53 - [MESSAGE][PASSED] - Object: 'Object Repository/Final Object Repo/Page_MyASSIST - ASSIST - Search Pending Case For Add Supporting Document/Search Information' is clicked on

2018-12-13 11:51:53 - [TEST_STEP][PASSED] - delay: Delayed 3 second(s)

2018-12-13 11:51:56 - [MESSAGE][PASSED] - Delayed 3 second(s)

2018-12-13 11:51:56 - [TEST_STEP][PASSED] - sendKeys: Keys 'ERN122018C200002414' sent to object: 'Object Repository/Final Object Repo/Page_MyASSIST - ASSIST - Search Pending Case For Add Supporting Document/Reference No'

2018-12-13 11:51:57 - [MESSAGE][PASSED] - Keys 'ERN122018C200002414' sent to object: 'Object Repository/Final Object Repo/Page_MyASSIST - ASSIST - Search Pending Case For Add Supporting Document/Reference No'

2018-12-13 11:51:57 - [TEST_STEP][PASSED] - click: Object: 'Object Repository/Final Object Repo/Page_MyASSIST - ASSIST - Search Pending Case For Add Supporting Document/Search Reference No' is clicked on

2018-12-13 11:51:57 - [MESSAGE][PASSED] - Object: 'Object Repository/Final Object Repo/Page_MyASSIST - ASSIST - Search Pending Case For Add Supporting Document/Search Reference No' is clicked on

2018-12-13 11:51:57 - [TEST_STEP][PASSED] - delay: Delayed 2 second(s)

2018-12-13 11:51:59 - [MESSAGE][PASSED] - Delayed 2 second(s)

2018-12-13 11:51:59 - [TEST_STEP][PASSED] - click: Object: 'Object Repository/Final Object Repo/Page_MyASSIST - ASSIST - Search Pending Case For Add Supporting Document/Continue' is clicked on

2018-12-13 11:52:02 - [MESSAGE][PASSED] - Object: 'Object Repository/Final Object Repo/Page_MyASSIST - ASSIST - Search Pending Case For Add Supporting Document/Continue' is clicked on

2018-12-13 11:52:02 - [TEST_STEP][PASSED] - delay: Delayed 20 second(s)

2018-12-13 11:52:22 - [MESSAGE][PASSED] - Delayed 20 second(s)

2018-12-13 11:52:22 - [MESSAGE][PASSED] - Call Test Case 'Test Cases/Final Aug 2018 - PKS Automation/Registration Module/Workflow/Login and Search Case For Workflow' successfully

2018-12-13 11:52:22 - [TEST_STEP][PASSED] - click: Object: 'Object Repository/Final Object Repo/Page_Form 3 EIS - Cessation as Employer/Page_Form 3 EIS - Cessation as Employer (Approve)/Save  Continue in Form 3 Page' is clicked on

2018-12-13 11:52:22 - [MESSAGE][PASSED] - Object: 'Object Repository/Final Object Repo/Page_Form 3 EIS - Cessation as Employer/Page_Form 3 EIS - Cessation as Employer (Approve)/Save  Continue in Form 3 Page' is clicked on

2018-12-13 11:52:22 - [TEST_STEP][PASSED] - delay: Delayed 2 second(s)

2018-12-13 11:52:24 - [MESSAGE][PASSED] - Delayed 2 second(s)

2018-12-13 11:52:24 - [TEST_STEP][PASSED] - click: Object: 'Object Repository/Final Object Repo/Page_Form 3 EIS - Cessation as Employer/Page_Form 3 EIS - Cessation as Employer (Approve)/Save  Continue in Resigned Page' is clicked on

2018-12-13 11:52:25 - [MESSAGE][PASSED] - Object: 'Object Repository/Final Object Repo/Page_Form 3 EIS - Cessation as Employer/Page_Form 3 EIS - Cessation as Employer (Approve)/Save  Continue in Resigned Page' is clicked on

2018-12-13 11:52:25 - [TEST_STEP][PASSED] - delay: Delayed 2 second(s)

2018-12-13 11:52:27 - [MESSAGE][PASSED] - Delayed 2 second(s)

2018-12-13 11:52:27 - [TEST_STEP][PASSED] - click: Object: 'Object Repository/Final Object Repo/Page_Form 3 EIS - Cessation as Employer/Page_Form 3 EIS - Cessation as Employer (Approve)/Save  Continue in Uploading Page' is clicked on

2018-12-13 11:52:28 - [MESSAGE][PASSED] - Object: 'Object Repository/Final Object Repo/Page_Form 3 EIS - Cessation as Employer/Page_Form 3 EIS - Cessation as Employer (Approve)/Save  Continue in Uploading Page' is clicked on

2018-12-13 11:52:28 - [TEST_STEP][PASSED] - delay: Delayed 2 second(s)

2018-12-13 11:52:30 - [MESSAGE][PASSED] - Delayed 2 second(s)

2018-12-13 11:52:30 - [TEST_STEP][PASSED] - click: Object: 'Object Repository/Final Object Repo/Page_Form 3 EIS - Cessation as Employer/Page_Form 3 EIS - Cessation as Employer (Approve)/Approve' is clicked on

2018-12-13 11:52:33 - [MESSAGE][PASSED] - Object: 'Object Repository/Final Object Repo/Page_Form 3 EIS - Cessation as Employer/Page_Form 3 EIS - Cessation as Employer (Approve)/Approve' is clicked on

2018-12-13 11:52:33 - [TEST_STEP][PASSED] - delay: Delayed 2 second(s)

2018-12-13 11:52:35 - [MESSAGE][PASSED] - Delayed 2 second(s)

2018-12-13 11:52:35 - [TEST_STEP][PASSED] - click: Object: 'Object Repository/Final Object Repo/Page_Form 3 EIS - Cessation as Employer/Page_Form 3 EIS - Cessation as Employer (Approve)/Confirm' is clicked on

2018-12-13 11:52:35 - [MESSAGE][PASSED] - Object: 'Object Repository/Final Object Repo/Page_Form 3 EIS - Cessation as Employer/Page_Form 3 EIS - Cessation as Employer (Approve)/Confirm' is clicked on

2018-12-13 11:52:35 - [TEST_STEP][PASSED] - delay: Delayed 2 second(s)

2018-12-13 11:52:37 - [MESSAGE][PASSED] - Delayed 2 second(s)

2018-12-13 11:52:37 - [TEST_STEP][PASSED] - click: Object: 'Object Repository/Final Object Repo/Page_Form 3 EIS - Cessation as Employer/Page_Form 3 EIS - Cessation as Employer (Approve)/Message Your Request    Form 3 EIS' is clicked on

2018-12-13 11:52:43 - [MESSAGE][PASSED] - Object: 'Object Repository/Final Object Repo/Page_Form 3 EIS - Cessation as Employer/Page_Form 3 EIS - Cessation as Employer (Approve)/Message Your Request    Form 3 EIS' is clicked on

2018-12-13 11:52:43 - [TEST_STEP][PASSED] - click: Object: 'Object Repository/Final Object Repo/Page_Form 3 EIS - Cessation as Employer/Page_Form 3 EIS - Cessation as Employer (Approve)/Letter of successful update' is clicked on

2018-12-13 11:52:44 - [MESSAGE][PASSED] - Object: 'Object Repository/Final Object Repo/Page_Form 3 EIS - Cessation as Employer/Page_Form 3 EIS - Cessation as Employer (Approve)/Letter of successful update' is clicked on

2018-12-13 11:52:44 - [MESSAGE][PASSED] - Call Test Case 'Test Cases/Final Aug 2018 - PKS Automation/Registration Module/Workflow/Form 3 EIS - Cessation As Employer/Template/Form 3 A - Cessation As Employer (Approve)' successfully]]></system-out>
         <system-err><![CDATA[]]></system-err>
      </testcase>
      <testcase name="Test Cases/Final Aug 2018 - PKS Automation/Registration Module/Workflow/Form 3 EIS - Cessation As Employer/Employer to UO (Query)" classname="Test Cases/Final Aug 2018 - PKS Automation/Registration Module/Workflow/Form 3 EIS - Cessation As Employer/Employer to UO (Query)" status="PASSED">
         <system-out><![CDATA[2018-12-13 11:52:44 - [TEST_CASE][PASSED] - Test Cases/Final Aug 2018 - PKS Automation/Registration Module/Workflow/Form 3 EIS - Cessation As Employer/Employer to UO (Query): Test Cases/Final Aug 2018 - PKS Automation/Registration Module/Workflow/Form 3 EIS - Cessation As Employer/Employer to UO (Query)

2018-12-13 11:52:44 - [TEST_STEP][PASSED] - callTestCase: Call Test Case 'Test Cases/Final Aug 2018 - PKS Automation/Registration Module/Workflow/Form 3 EIS - Cessation As Employer/Template/Form 3 A - Cessation As Employer (OTC)' successfully

2018-12-13 11:52:44 - [TEST_CASE][PASSED] - Test Cases/Final Aug 2018 - PKS Automation/Registration Module/Workflow/Form 3 EIS - Cessation As Employer/Template/Form 3 A - Cessation As Employer (OTC): Test Cases/Final Aug 2018 - PKS Automation/Registration Module/Workflow/Form 3 EIS - Cessation As Employer/Template/Form 3 A - Cessation As Employer (OTC)

2018-12-13 11:52:45 - [TEST_STEP][PASSED] - openBrowser: Browser is opened with url: ''

2018-12-13 11:52:45 - [MESSAGE][WARNING] - A browser is already opened. Closing browser and opening a new one

2018-12-13 11:52:48 - [MESSAGE][PASSED] - Browser is opened with url: ''

2018-12-13 11:52:48 - [TEST_STEP][PASSED] - navigateToUrl: Navigate to 'https://assist2-uat.perkeso.gov.my/login' successfully

2018-12-13 11:52:49 - [MESSAGE][PASSED] - Navigate to 'https://assist2-uat.perkeso.gov.my/login' successfully

2018-12-13 11:52:49 - [TEST_STEP][PASSED] - setText: Text 'johorotc1@gmail.com' is set on object 'Object Repository/Final Object Repo/Login Page/Internal User/Email Address'

2018-12-13 11:52:49 - [MESSAGE][PASSED] - Text 'johorotc1@gmail.com' is set on object 'Object Repository/Final Object Repo/Login Page/Internal User/Email Address'

2018-12-13 11:52:49 - [TEST_STEP][PASSED] - click: Object: 'Object Repository/Final Object Repo/Login Page/Internal User/Next Button' is clicked on

2018-12-13 11:52:49 - [MESSAGE][PASSED] - Object: 'Object Repository/Final Object Repo/Login Page/Internal User/Next Button' is clicked on

2018-12-13 11:52:49 - [TEST_STEP][PASSED] - delay: Delayed 1 second(s)

2018-12-13 11:52:50 - [MESSAGE][PASSED] - Delayed 1 second(s)

2018-12-13 11:52:50 - [TEST_STEP][PASSED] - setEncryptedText: Text ****** has been set on object 'Object Repository/Final Object Repo/Login Page/Internal User/Password'

2018-12-13 11:52:51 - [MESSAGE][PASSED] - Text ****** has been set on object 'Object Repository/Final Object Repo/Login Page/Internal User/Password'

2018-12-13 11:52:51 - [TEST_STEP][PASSED] - click: Object: 'Object Repository/Final Object Repo/Login Page/Internal User/Login Button' is clicked on

2018-12-13 11:52:51 - [MESSAGE][PASSED] - Object: 'Object Repository/Final Object Repo/Login Page/Internal User/Login Button' is clicked on

2018-12-13 11:52:51 - [TEST_STEP][PASSED] - delay: Delayed 1 second(s)

2018-12-13 11:52:52 - [MESSAGE][PASSED] - Delayed 1 second(s)

2018-12-13 11:52:52 - [TEST_STEP][PASSED] - Statement - Try: Delayed 2 second(s)

2018-12-13 11:52:52 - [TEST_STEP][PASSED] - Statement - Checker = false: null

2018-12-13 11:52:52 - [TEST_STEP][PASSED] - Statement - Checker = com.kms.katalon.core.webui.keyword.WebUiBuiltInKeywords.verifyElementHasAttribute(com.kms.katalon.core.testobject.ObjectRepository.findTestObject(Final Object Repo/Landing Page/BM Detecting), "href", 20, OPTIONAL): Object 'Object Repository/Final Object Repo/Landing Page/BM Detecting' has attribute 'href'

2018-12-13 11:52:52 - [MESSAGE][PASSED] - Object 'Object Repository/Final Object Repo/Landing Page/BM Detecting' has attribute 'href'

2018-12-13 11:52:52 - [TEST_STEP][PASSED] - Statement - out.println(Checker): null

2018-12-13 11:52:52 - [TEST_STEP][PASSED] - Statement - If (Checker == false): null

2018-12-13 11:52:52 - [TEST_STEP][PASSED] - Statement - Else: null

2018-12-13 11:52:52 - [TEST_STEP][PASSED] - delay: Delayed 2 second(s)

2018-12-13 11:52:54 - [MESSAGE][PASSED] - Delayed 2 second(s)

2018-12-13 11:52:54 - [TEST_STEP][PASSED] - navigateToUrl: Navigate to 'https://assist2-uat.perkeso.gov.my/web/registration/eis-update/form-3-eis-cessation-as-employer' successfully

2018-12-13 11:52:55 - [MESSAGE][PASSED] - Navigate to 'https://assist2-uat.perkeso.gov.my/web/registration/eis-update/form-3-eis-cessation-as-employer' successfully

2018-12-13 11:52:55 - [TEST_STEP][PASSED] - delay: Delayed 1 second(s)

2018-12-13 11:52:56 - [MESSAGE][PASSED] - Delayed 1 second(s)

2018-12-13 11:52:56 - [TEST_STEP][PASSED] - setText: Text 'E1102069769W' is set on object 'Object Repository/Final Object Repo/Page_Form 3 EIS - Cessation as Employer/Employer Code'

2018-12-13 11:52:57 - [MESSAGE][PASSED] - Text 'E1102069769W' is set on object 'Object Repository/Final Object Repo/Page_Form 3 EIS - Cessation as Employer/Employer Code'

2018-12-13 11:52:57 - [TEST_STEP][PASSED] - click: Object: 'Object Repository/Final Object Repo/Page_Form 3 EIS - Cessation as Employer/Search' is clicked on

2018-12-13 11:52:57 - [MESSAGE][PASSED] - Object: 'Object Repository/Final Object Repo/Page_Form 3 EIS - Cessation as Employer/Search' is clicked on

2018-12-13 11:52:57 - [TEST_STEP][PASSED] - click: Object: 'Object Repository/Final Object Repo/Page_Form 3 EIS - Cessation as Employer/Edit' is clicked on

2018-12-13 11:52:59 - [MESSAGE][PASSED] - Object: 'Object Repository/Final Object Repo/Page_Form 3 EIS - Cessation as Employer/Edit' is clicked on

2018-12-13 11:52:59 - [TEST_STEP][PASSED] - delay: Delayed 1 second(s)

2018-12-13 11:53:00 - [MESSAGE][PASSED] - Delayed 1 second(s)

2018-12-13 11:53:00 - [TEST_STEP][PASSED] - Statement - abc = com.kms.katalon.core.webui.keyword.WebUiBuiltInKeywords.getAttribute(com.kms.katalon.core.testobject.ObjectRepository.findTestObject(Final Object Repo/Page_Form 3 EIS - Cessation as Employer/Employer Status), "value"): Attribute 'value' of object 'Object Repository/Final Object Repo/Page_Form 3 EIS - Cessation as Employer/Employer Status' is: 'Active'

2018-12-13 11:53:00 - [MESSAGE][PASSED] - Attribute 'value' of object 'Object Repository/Final Object Repo/Page_Form 3 EIS - Cessation as Employer/Employer Status' is: 'Active'

2018-12-13 11:53:00 - [TEST_STEP][PASSED] - Statement - out.println(abc): null

2018-12-13 11:53:00 - [TEST_STEP][PASSED] - Statement - If (abc == "Active"): Object: 'Object Repository/Final Object Repo/Page_Form 3 EIS - Cessation as Employer/Dormant EIS' is clicked on

2018-12-13 11:53:00 - [TEST_STEP][PASSED] - click: Object: 'Object Repository/Final Object Repo/Page_Form 3 EIS - Cessation as Employer/Change Employer Status to' is clicked on

2018-12-13 11:53:00 - [MESSAGE][PASSED] - Object: 'Object Repository/Final Object Repo/Page_Form 3 EIS - Cessation as Employer/Change Employer Status to' is clicked on

2018-12-13 11:53:00 - [TEST_STEP][PASSED] - click: Object: 'Object Repository/Final Object Repo/Page_Form 3 EIS - Cessation as Employer/Dormant EIS' is clicked on

2018-12-13 11:53:01 - [MESSAGE][PASSED] - Object: 'Object Repository/Final Object Repo/Page_Form 3 EIS - Cessation as Employer/Dormant EIS' is clicked on

2018-12-13 11:53:01 - [TEST_STEP][PASSED] - click: Object: 'Object Repository/Final Object Repo/Page_Form 3 EIS - Cessation as Employer/Calender' is clicked on

2018-12-13 11:53:01 - [MESSAGE][PASSED] - Object: 'Object Repository/Final Object Repo/Page_Form 3 EIS - Cessation as Employer/Calender' is clicked on

2018-12-13 11:53:01 - [TEST_STEP][PASSED] - delay: Delayed 1 second(s)

2018-12-13 11:53:02 - [MESSAGE][PASSED] - Delayed 1 second(s)

2018-12-13 11:53:02 - [TEST_STEP][PASSED] - click: Object: 'Object Repository/Final Object Repo/Page_Form 3 EIS - Cessation as Employer/Calender - Date' is clicked on

2018-12-13 11:53:02 - [MESSAGE][PASSED] - Object: 'Object Repository/Final Object Repo/Page_Form 3 EIS - Cessation as Employer/Calender - Date' is clicked on

2018-12-13 11:53:02 - [TEST_STEP][PASSED] - click: Object: 'Object Repository/Final Object Repo/Page_Form 3 EIS - Cessation as Employer/Save  Continue in Form 3 EIS Page' is clicked on

2018-12-13 11:53:02 - [MESSAGE][PASSED] - Object: 'Object Repository/Final Object Repo/Page_Form 3 EIS - Cessation as Employer/Save  Continue in Form 3 EIS Page' is clicked on

2018-12-13 11:53:02 - [TEST_STEP][PASSED] - delay: Delayed 1 second(s)

2018-12-13 11:53:03 - [MESSAGE][PASSED] - Delayed 1 second(s)

2018-12-13 11:53:03 - [TEST_STEP][PASSED] - click: Object: 'Object Repository/Final Object Repo/Page_Form 3 EIS - Cessation as Employer/Employment Resign Date' is clicked on

2018-12-13 11:53:04 - [MESSAGE][PASSED] - Object: 'Object Repository/Final Object Repo/Page_Form 3 EIS - Cessation as Employer/Employment Resign Date' is clicked on

2018-12-13 11:53:04 - [TEST_STEP][PASSED] - selectOptionByValue: All options with value '2030' are selected in object 'Object Repository/Final Object Repo/Page_Form 3 EIS - Cessation as Employer/Employment Resign Date - Year' 

2018-12-13 11:53:04 - [MESSAGE][PASSED] - All options with value '2030' are selected in object 'Object Repository/Final Object Repo/Page_Form 3 EIS - Cessation as Employer/Employment Resign Date - Year' 

2018-12-13 11:53:04 - [TEST_STEP][PASSED] - delay: Delayed 2 second(s)

2018-12-13 11:53:06 - [MESSAGE][PASSED] - Delayed 2 second(s)

2018-12-13 11:53:06 - [TEST_STEP][PASSED] - click: Object: 'Object Repository/Final Object Repo/Page_Form 3 EIS - Cessation as Employer/Employment Resign Date - Year - Date' is clicked on

2018-12-13 11:53:07 - [MESSAGE][PASSED] - Object: 'Object Repository/Final Object Repo/Page_Form 3 EIS - Cessation as Employer/Employment Resign Date - Year - Date' is clicked on

2018-12-13 11:53:07 - [TEST_STEP][PASSED] - delay: Delayed 2 second(s)

2018-12-13 11:53:09 - [MESSAGE][PASSED] - Delayed 2 second(s)

2018-12-13 11:53:09 - [TEST_STEP][PASSED] - click: Object: 'Object Repository/Final Object Repo/Page_Form 3 EIS - Cessation as Employer/Save  Continue in Employment Resign Page' is clicked on

2018-12-13 11:53:09 - [MESSAGE][PASSED] - Object: 'Object Repository/Final Object Repo/Page_Form 3 EIS - Cessation as Employer/Save  Continue in Employment Resign Page' is clicked on

2018-12-13 11:53:09 - [TEST_STEP][PASSED] - delay: Delayed 2 second(s)

2018-12-13 11:53:11 - [MESSAGE][PASSED] - Delayed 2 second(s)

2018-12-13 11:53:11 - [TEST_STEP][PASSED] - click: Object: 'Object Repository/Final Object Repo/Page_Form 3 EIS - Cessation as Employer/Set Latest - Yes' is clicked on

2018-12-13 11:53:11 - [MESSAGE][PASSED] - Object: 'Object Repository/Final Object Repo/Page_Form 3 EIS - Cessation as Employer/Set Latest - Yes' is clicked on

2018-12-13 11:53:11 - [TEST_STEP][PASSED] - delay: Delayed 2 second(s)

2018-12-13 11:53:13 - [MESSAGE][PASSED] - Delayed 2 second(s)

2018-12-13 11:53:13 - [TEST_STEP][PASSED] - click: Object: 'Object Repository/Final Object Repo/Page_Form 3 EIS - Cessation as Employer/Add Document' is clicked on

2018-12-13 11:53:14 - [MESSAGE][PASSED] - Object: 'Object Repository/Final Object Repo/Page_Form 3 EIS - Cessation as Employer/Add Document' is clicked on

2018-12-13 11:53:14 - [TEST_STEP][PASSED] - delay: Delayed 3 second(s)

2018-12-13 11:53:17 - [MESSAGE][PASSED] - Delayed 3 second(s)

2018-12-13 11:53:17 - [TEST_STEP][PASSED] - click: Object: 'Object Repository/Final Object Repo/Page_Form 3 EIS - Cessation as Employer/Document Type' is clicked on

2018-12-13 11:53:17 - [MESSAGE][PASSED] - Object: 'Object Repository/Final Object Repo/Page_Form 3 EIS - Cessation as Employer/Document Type' is clicked on

2018-12-13 11:53:17 - [TEST_STEP][PASSED] - click: Object: 'Object Repository/Final Object Repo/Page_Form 3 EIS - Cessation as Employer/Document Type - Form 3' is clicked on

2018-12-13 11:53:17 - [MESSAGE][PASSED] - Object: 'Object Repository/Final Object Repo/Page_Form 3 EIS - Cessation as Employer/Document Type - Form 3' is clicked on

2018-12-13 11:53:17 - [TEST_STEP][PASSED] - delay: Delayed 2 second(s)

2018-12-13 11:53:19 - [MESSAGE][PASSED] - Delayed 2 second(s)

2018-12-13 11:53:19 - [TEST_STEP][PASSED] - sendKeys: Keys 'C:\Users\Public\Pictures\Sample Pictures\Koala.jpg' sent to object: 'Object Repository/Final Object Repo/Page_Form 3 EIS - Cessation as Employer/ploading File'

2018-12-13 11:53:20 - [MESSAGE][PASSED] - Keys 'C:\Users\Public\Pictures\Sample Pictures\Koala.jpg' sent to object: 'Object Repository/Final Object Repo/Page_Form 3 EIS - Cessation as Employer/ploading File'

2018-12-13 11:53:20 - [TEST_STEP][PASSED] - delay: Delayed 1 second(s)

2018-12-13 11:53:21 - [MESSAGE][PASSED] - Delayed 1 second(s)

2018-12-13 11:53:21 - [TEST_STEP][PASSED] - click: Object: 'Object Repository/Final Object Repo/Page_Form 3 EIS - Cessation as Employer/Add Document in Uploading Page' is clicked on

2018-12-13 11:53:21 - [MESSAGE][PASSED] - Object: 'Object Repository/Final Object Repo/Page_Form 3 EIS - Cessation as Employer/Add Document in Uploading Page' is clicked on

2018-12-13 11:53:21 - [TEST_STEP][PASSED] - delay: Delayed 2 second(s)

2018-12-13 11:53:23 - [MESSAGE][PASSED] - Delayed 2 second(s)

2018-12-13 11:53:23 - [TEST_STEP][PASSED] - Statement - CaseReferenceNo = com.kms.katalon.core.webui.keyword.WebUiBuiltInKeywords.getText(com.kms.katalon.core.testobject.ObjectRepository.findTestObject(Final Object Repo/Page_Update Employer Information/Reference Number in Update Employee Information Page)): Text of object 'Object Repository/Final Object Repo/Page_Update Employer Information/Reference Number in Update Employee Information Page' is: 'ERN122018C200002415'

2018-12-13 11:53:25 - [MESSAGE][PASSED] - Text of object 'Object Repository/Final Object Repo/Page_Update Employer Information/Reference Number in Update Employee Information Page' is: 'ERN122018C200002415'

2018-12-13 11:53:25 - [TEST_STEP][PASSED] - callTestCase: Call Test Case 'Test Cases/Final Aug 2018 - PKS Automation/Common/Reference Number Setter' successfully

2018-12-13 11:53:25 - [TEST_CASE][PASSED] - Test Cases/Final Aug 2018 - PKS Automation/Common/Reference Number Setter: Test Cases/Final Aug 2018 - PKS Automation/Common/Reference Number Setter

2018-12-13 11:53:25 - [TEST_STEP][PASSED] - Statement - RefNoOldFile = new java.io.File(C://Users//Admin//Desktop//PKS//Automation Reference Point//KatalonReference.txt): null

2018-12-13 11:53:25 - [TEST_STEP][PASSED] - Statement - RefNoOldFile.delete(): null

2018-12-13 11:53:25 - [TEST_STEP][PASSED] - delay: Delayed 5 second(s)

2018-12-13 11:53:30 - [MESSAGE][PASSED] - Delayed 5 second(s)

2018-12-13 11:53:30 - [TEST_STEP][PASSED] - Statement - RefNo = new java.io.File(C://Users//Admin//Desktop//PKS//Automation Reference Point//KatalonReference.txt): null

2018-12-13 11:53:30 - [TEST_STEP][PASSED] - Statement - f2 = new java.io.FileWriter(RefNo, false): null

2018-12-13 11:53:30 - [TEST_STEP][PASSED] - Statement - f2.write(CaseReferenceNo): null

2018-12-13 11:53:30 - [TEST_STEP][PASSED] - Statement - f2.close(): null

2018-12-13 11:53:30 - [TEST_STEP][PASSED] - Statement - out.println("


" + CaseReferenceNo + "


"): null

2018-12-13 11:53:30 - [MESSAGE][PASSED] - Call Test Case 'Test Cases/Final Aug 2018 - PKS Automation/Common/Reference Number Setter' successfully

2018-12-13 11:53:30 - [TEST_STEP][PASSED] - delay: Delayed 2 second(s)

2018-12-13 11:53:32 - [MESSAGE][PASSED] - Delayed 2 second(s)

2018-12-13 11:53:32 - [TEST_STEP][PASSED] - click: Object: 'Object Repository/Final Object Repo/Page_Form 3 EIS - Cessation as Employer/Save  Continue in Uploading Page' is clicked on

2018-12-13 11:53:32 - [MESSAGE][PASSED] - Object: 'Object Repository/Final Object Repo/Page_Form 3 EIS - Cessation as Employer/Save  Continue in Uploading Page' is clicked on

2018-12-13 11:53:32 - [TEST_STEP][PASSED] - delay: Delayed 2 second(s)

2018-12-13 11:53:34 - [MESSAGE][PASSED] - Delayed 2 second(s)

2018-12-13 11:53:34 - [TEST_STEP][PASSED] - click: Object: 'Object Repository/Final Object Repo/Page_Form 3 EIS - Cessation as Employer/Submit' is clicked on

2018-12-13 11:53:36 - [MESSAGE][PASSED] - Object: 'Object Repository/Final Object Repo/Page_Form 3 EIS - Cessation as Employer/Submit' is clicked on

2018-12-13 11:53:36 - [TEST_STEP][PASSED] - delay: Delayed 2 second(s)

2018-12-13 11:53:38 - [MESSAGE][PASSED] - Delayed 2 second(s)

2018-12-13 11:53:38 - [TEST_STEP][PASSED] - click: Object: 'Object Repository/Final Object Repo/Page_Form 3 EIS - Cessation as Employer/Confirm' is clicked on

2018-12-13 11:53:39 - [MESSAGE][PASSED] - Object: 'Object Repository/Final Object Repo/Page_Form 3 EIS - Cessation as Employer/Confirm' is clicked on

2018-12-13 11:53:39 - [TEST_STEP][PASSED] - delay: Delayed 2 second(s)

2018-12-13 11:53:41 - [MESSAGE][PASSED] - Delayed 2 second(s)

2018-12-13 11:53:41 - [TEST_STEP][PASSED] - click: Object: 'Object Repository/Final Object Repo/Page_Form 3 EIS - Cessation as Employer/Message Your Request will be routed to UO' is clicked on

2018-12-13 11:53:44 - [MESSAGE][PASSED] - Object: 'Object Repository/Final Object Repo/Page_Form 3 EIS - Cessation as Employer/Message Your Request will be routed to UO' is clicked on

2018-12-13 11:53:44 - [TEST_STEP][PASSED] - click: Object: 'Object Repository/Final Object Repo/Page_Form 3 EIS - Cessation as Employer/Letter of acknowledgement' is clicked on

2018-12-13 11:53:45 - [MESSAGE][PASSED] - Object: 'Object Repository/Final Object Repo/Page_Form 3 EIS - Cessation as Employer/Letter of acknowledgement' is clicked on

2018-12-13 11:53:45 - [MESSAGE][PASSED] - Call Test Case 'Test Cases/Final Aug 2018 - PKS Automation/Registration Module/Workflow/Form 3 EIS - Cessation As Employer/Template/Form 3 A - Cessation As Employer (OTC)' successfully

2018-12-13 11:53:45 - [TEST_STEP][PASSED] - callTestCase: Call Test Case 'Test Cases/Final Aug 2018 - PKS Automation/Registration Module/Workflow/Form 3 EIS - Cessation As Employer/Template/Form 3 A - Cessation As Employer (Query)' successfully

2018-12-13 11:53:45 - [TEST_CASE][PASSED] - Test Cases/Final Aug 2018 - PKS Automation/Registration Module/Workflow/Form 3 EIS - Cessation As Employer/Template/Form 3 A - Cessation As Employer (Query): Test Cases/Final Aug 2018 - PKS Automation/Registration Module/Workflow/Form 3 EIS - Cessation As Employer/Template/Form 3 A - Cessation As Employer (Query)

2018-12-13 11:53:45 - [TEST_STEP][NOT_RUN] - callTestCase: NOT_RUN: callTestCase

2018-12-13 11:53:45 - [MESSAGE][NOT_RUN] - NOT_RUN: callTestCase

2018-12-13 11:53:45 - [TEST_STEP][PASSED] - delay: Delayed 1 second(s)

2018-12-13 11:53:46 - [MESSAGE][PASSED] - Delayed 1 second(s)

2018-12-13 11:53:46 - [TEST_STEP][PASSED] - navigateToUrl: Navigate to 'https://assist2-uat.perkeso.gov.my/c/portal/logout' successfully

2018-12-13 11:53:47 - [MESSAGE][PASSED] - Navigate to 'https://assist2-uat.perkeso.gov.my/c/portal/logout' successfully

2018-12-13 11:53:47 - [TEST_STEP][PASSED] - delay: Delayed 1 second(s)

2018-12-13 11:53:48 - [MESSAGE][PASSED] - Delayed 1 second(s)

2018-12-13 11:53:48 - [TEST_STEP][PASSED] - callTestCase: Call Test Case 'Test Cases/Final Aug 2018 - PKS Automation/Common/Reference Number Getter' successfully

2018-12-13 11:53:48 - [TEST_CASE][PASSED] - Test Cases/Final Aug 2018 - PKS Automation/Common/Reference Number Getter: Test Cases/Final Aug 2018 - PKS Automation/Common/Reference Number Getter

2018-12-13 11:53:48 - [TEST_STEP][PASSED] - Statement - Try: null

2018-12-13 11:53:48 - [TEST_STEP][PASSED] - Statement - RefNo = new java.io.File(C://Users//Admin//Desktop//PKS//Automation Reference Point//KatalonReference.txt): null

2018-12-13 11:53:48 - [TEST_STEP][PASSED] - Statement - bufferread = new java.io.BufferedReader(new java.io.FileReader(RefNo)): null

2018-12-13 11:53:48 - [TEST_STEP][PASSED] - Statement - readedVal = bufferread.readLine(): null

2018-12-13 11:53:48 - [TEST_STEP][PASSED] - Statement - out.println(CaseReferenceNo): null

2018-12-13 11:53:48 - [TEST_STEP][PASSED] - Statement - out.println(readedVal): null

2018-12-13 11:53:48 - [TEST_STEP][PASSED] - Statement - CaseReferenceNo = "": null

2018-12-13 11:53:48 - [TEST_STEP][PASSED] - Statement - CaseReferenceNo = readedVal: null

2018-12-13 11:53:48 - [MESSAGE][PASSED] - Call Test Case 'Test Cases/Final Aug 2018 - PKS Automation/Common/Reference Number Getter' successfully

2018-12-13 11:53:48 - [TEST_STEP][PASSED] - callTestCase: Call Test Case 'Test Cases/Final Aug 2018 - PKS Automation/Common/Workflow Owner Finder' successfully

2018-12-13 11:53:48 - [TEST_CASE][PASSED] - Test Cases/Final Aug 2018 - PKS Automation/Common/Workflow Owner Finder: Test Cases/Final Aug 2018 - PKS Automation/Common/Workflow Owner Finder

2018-12-13 11:53:48 - [TEST_STEP][PASSED] - openBrowser: Browser is opened with url: ''

2018-12-13 11:53:48 - [MESSAGE][WARNING] - A browser is already opened. Closing browser and opening a new one

2018-12-13 11:53:51 - [MESSAGE][PASSED] - Browser is opened with url: ''

2018-12-13 11:53:51 - [TEST_STEP][PASSED] - navigateToUrl: Navigate to 'https://assist2-uat.perkeso.gov.my/login' successfully

2018-12-13 11:53:52 - [MESSAGE][PASSED] - Navigate to 'https://assist2-uat.perkeso.gov.my/login' successfully

2018-12-13 11:53:52 - [TEST_STEP][PASSED] - delay: Delayed 5 second(s)

2018-12-13 11:53:57 - [MESSAGE][PASSED] - Delayed 5 second(s)

2018-12-13 11:53:57 - [TEST_STEP][PASSED] - setText: Text 'test@liferay.com' is set on object 'Object Repository/Final Object Repo/Login Page/Internal User/Email Address'

2018-12-13 11:53:57 - [MESSAGE][PASSED] - Text 'test@liferay.com' is set on object 'Object Repository/Final Object Repo/Login Page/Internal User/Email Address'

2018-12-13 11:53:57 - [TEST_STEP][PASSED] - click: Object: 'Object Repository/Final Object Repo/Login Page/Internal User/Next Button' is clicked on

2018-12-13 11:53:58 - [MESSAGE][PASSED] - Object: 'Object Repository/Final Object Repo/Login Page/Internal User/Next Button' is clicked on

2018-12-13 11:53:58 - [TEST_STEP][PASSED] - delay: Delayed 2 second(s)

2018-12-13 11:54:00 - [MESSAGE][PASSED] - Delayed 2 second(s)

2018-12-13 11:54:00 - [TEST_STEP][PASSED] - setText: Text 'test' is set on object 'Object Repository/Final Object Repo/Login Page/Internal User/Password'

2018-12-13 11:54:00 - [MESSAGE][PASSED] - Text 'test' is set on object 'Object Repository/Final Object Repo/Login Page/Internal User/Password'

2018-12-13 11:54:00 - [TEST_STEP][PASSED] - delay: Delayed 2 second(s)

2018-12-13 11:54:02 - [MESSAGE][PASSED] - Delayed 2 second(s)

2018-12-13 11:54:02 - [TEST_STEP][PASSED] - click: Object: 'Object Repository/Final Object Repo/Login Page/Internal User/Login Button' is clicked on

2018-12-13 11:54:02 - [MESSAGE][PASSED] - Object: 'Object Repository/Final Object Repo/Login Page/Internal User/Login Button' is clicked on

2018-12-13 11:54:02 - [TEST_STEP][PASSED] - Statement - tester = com.kms.katalon.core.testobject.ObjectRepository.findTestObject(Final Object Repo/Landing Page/Select to English): Finding Test Object with id 'Object Repository/Final Object Repo/Landing Page/Select to English'

2018-12-13 11:54:02 - [TEST_STEP][PASSED] - Statement - Try: Delayed 2 second(s)

2018-12-13 11:54:02 - [TEST_STEP][PASSED] - Statement - Checker = com.kms.katalon.core.webui.keyword.WebUiBuiltInKeywords.verifyElementNotPresent(tester, 3): Web element with id: 'Object Repository/Final Object Repo/Landing Page/Select to English' located by 'By.xpath: //a[@class = 'taglib-language-list-text' and @lang = 'en-US' and (contains(text(), 'EN') or contains(., 'EN'))]' is not present after '3' second(s)

2018-12-13 11:54:04 - [MESSAGE][PASSED] - Web element with id: 'Object Repository/Final Object Repo/Landing Page/Select to English' located by 'By.xpath: //a[@class = 'taglib-language-list-text' and @lang = 'en-US' and (contains(text(), 'EN') or contains(., 'EN'))]' is not present after '3' second(s)

2018-12-13 11:54:04 - [TEST_STEP][PASSED] - Statement - If (Checker == false): null

2018-12-13 11:54:04 - [TEST_STEP][PASSED] - delay: Delayed 2 second(s)

2018-12-13 11:54:06 - [MESSAGE][PASSED] - Delayed 2 second(s)

2018-12-13 11:54:06 - [TEST_STEP][PASSED] - delay: Delayed 5 second(s)

2018-12-13 11:54:11 - [MESSAGE][PASSED] - Delayed 5 second(s)

2018-12-13 11:54:11 - [TEST_STEP][PASSED] - mouseOver: Object: 'Object Repository/Final Object Repo/Landing Page/WorkFlow Menu' is hovered

2018-12-13 11:54:11 - [MESSAGE][PASSED] - Object: 'Object Repository/Final Object Repo/Landing Page/WorkFlow Menu' is hovered

2018-12-13 11:54:11 - [TEST_STEP][PASSED] - delay: Delayed 2 second(s)

2018-12-13 11:54:13 - [MESSAGE][PASSED] - Delayed 2 second(s)

2018-12-13 11:54:13 - [TEST_STEP][PASSED] - click: Object: 'Object Repository/Final Object Repo/Landing Page/Select to Workflow Listing' is clicked on

2018-12-13 11:54:14 - [MESSAGE][PASSED] - Object: 'Object Repository/Final Object Repo/Landing Page/Select to Workflow Listing' is clicked on

2018-12-13 11:54:14 - [TEST_STEP][PASSED] - delay: Delayed 2 second(s)

2018-12-13 11:54:16 - [MESSAGE][PASSED] - Delayed 2 second(s)

2018-12-13 11:54:16 - [TEST_STEP][PASSED] - click: Object: 'Object Repository/Final Object Repo/WorkFlow Listing Page/Search Information - To Put Ref No' is clicked on

2018-12-13 11:54:17 - [MESSAGE][PASSED] - Object: 'Object Repository/Final Object Repo/WorkFlow Listing Page/Search Information - To Put Ref No' is clicked on

2018-12-13 11:54:17 - [TEST_STEP][PASSED] - delay: Delayed 2 second(s)

2018-12-13 11:54:19 - [MESSAGE][PASSED] - Delayed 2 second(s)

2018-12-13 11:54:19 - [TEST_STEP][PASSED] - callTestCase: Call Test Case 'Test Cases/Final Aug 2018 - PKS Automation/Common/Reference Number Getter' successfully

2018-12-13 11:54:19 - [TEST_CASE][PASSED] - Test Cases/Final Aug 2018 - PKS Automation/Common/Reference Number Getter: Test Cases/Final Aug 2018 - PKS Automation/Common/Reference Number Getter

2018-12-13 11:54:19 - [TEST_STEP][PASSED] - Statement - Try: null

2018-12-13 11:54:19 - [TEST_STEP][PASSED] - Statement - RefNo = new java.io.File(C://Users//Admin//Desktop//PKS//Automation Reference Point//KatalonReference.txt): null

2018-12-13 11:54:19 - [TEST_STEP][PASSED] - Statement - bufferread = new java.io.BufferedReader(new java.io.FileReader(RefNo)): null

2018-12-13 11:54:19 - [TEST_STEP][PASSED] - Statement - readedVal = bufferread.readLine(): null

2018-12-13 11:54:19 - [TEST_STEP][PASSED] - Statement - out.println(CaseReferenceNo): null

2018-12-13 11:54:19 - [TEST_STEP][PASSED] - Statement - out.println(readedVal): null

2018-12-13 11:54:19 - [TEST_STEP][PASSED] - Statement - CaseReferenceNo = "": null

2018-12-13 11:54:19 - [TEST_STEP][PASSED] - Statement - CaseReferenceNo = readedVal: null

2018-12-13 11:54:19 - [MESSAGE][PASSED] - Call Test Case 'Test Cases/Final Aug 2018 - PKS Automation/Common/Reference Number Getter' successfully

2018-12-13 11:54:19 - [TEST_STEP][PASSED] - setText: Text 'ERN122018C200002415' is set on object 'Object Repository/Final Object Repo/WorkFlow Listing Page/Ref No Set Text'

2018-12-13 11:54:19 - [MESSAGE][PASSED] - Text 'ERN122018C200002415' is set on object 'Object Repository/Final Object Repo/WorkFlow Listing Page/Ref No Set Text'

2018-12-13 11:54:19 - [TEST_STEP][PASSED] - delay: Delayed 2 second(s)

2018-12-13 11:54:21 - [MESSAGE][PASSED] - Delayed 2 second(s)

2018-12-13 11:54:21 - [TEST_STEP][PASSED] - click: Object: 'Object Repository/Final Object Repo/WorkFlow Listing Page/Search Ref No Search Button' is clicked on

2018-12-13 11:54:21 - [MESSAGE][PASSED] - Object: 'Object Repository/Final Object Repo/WorkFlow Listing Page/Search Ref No Search Button' is clicked on

2018-12-13 11:54:21 - [TEST_STEP][PASSED] - delay: Delayed 6 second(s)

2018-12-13 11:54:27 - [MESSAGE][PASSED] - Delayed 6 second(s)

2018-12-13 11:54:27 - [TEST_STEP][PASSED] - click: Object: 'Object Repository/Final Object Repo/WorkFlow Listing Page/Click Continue Tooltip' is clicked on

2018-12-13 11:54:28 - [MESSAGE][PASSED] - Object: 'Object Repository/Final Object Repo/WorkFlow Listing Page/Click Continue Tooltip' is clicked on

2018-12-13 11:54:28 - [TEST_STEP][PASSED] - delay: Delayed 5 second(s)

2018-12-13 11:54:33 - [MESSAGE][PASSED] - Delayed 5 second(s)

2018-12-13 11:54:33 - [TEST_STEP][PASSED] - doubleClick: Object: 'Object Repository/Final Object Repo/WorkFlow Listing Page/Workflow Found - Listing 1' is double clicked on

2018-12-13 11:54:34 - [MESSAGE][PASSED] - Object: 'Object Repository/Final Object Repo/WorkFlow Listing Page/Workflow Found - Listing 1' is double clicked on

2018-12-13 11:54:34 - [TEST_STEP][PASSED] - Statement - println(OwnerID): null

2018-12-13 11:54:34 - [TEST_STEP][PASSED] - Statement - OwnerID = com.kms.katalon.core.webui.keyword.WebUiBuiltInKeywords.getText(com.kms.katalon.core.testobject.ObjectRepository.findTestObject(Final Object Repo/WorkFlow Listing Page/Workflow Found - Listing 1), STOP_ON_FAILURE): Text of object 'Object Repository/Final Object Repo/WorkFlow Listing Page/Workflow Found - Listing 1' is: 'JOHORuo3'

2018-12-13 11:54:34 - [MESSAGE][PASSED] - Text of object 'Object Repository/Final Object Repo/WorkFlow Listing Page/Workflow Found - Listing 1' is: 'JOHORuo3'

2018-12-13 11:54:34 - [TEST_STEP][PASSED] - Statement - OwnerID = OwnerID.toLowerCase() + "@gmail.com": null

2018-12-13 11:54:34 - [TEST_STEP][PASSED] - Statement - println(OwnerID): null

2018-12-13 11:54:34 - [TEST_STEP][PASSED] - delay: Delayed 2 second(s)

2018-12-13 11:54:36 - [MESSAGE][PASSED] - Delayed 2 second(s)

2018-12-13 11:54:36 - [MESSAGE][PASSED] - Call Test Case 'Test Cases/Final Aug 2018 - PKS Automation/Common/Workflow Owner Finder' successfully

2018-12-13 11:54:36 - [TEST_STEP][PASSED] - delay: Delayed 1 second(s)

2018-12-13 11:54:37 - [MESSAGE][PASSED] - Delayed 1 second(s)

2018-12-13 11:54:37 - [TEST_STEP][PASSED] - navigateToUrl: Navigate to 'https://assist2-uat.perkeso.gov.my/c/portal/logout' successfully

2018-12-13 11:54:38 - [MESSAGE][PASSED] - Navigate to 'https://assist2-uat.perkeso.gov.my/c/portal/logout' successfully

2018-12-13 11:54:38 - [TEST_STEP][PASSED] - delay: Delayed 1 second(s)

2018-12-13 11:54:39 - [MESSAGE][PASSED] - Delayed 1 second(s)

2018-12-13 11:54:39 - [TEST_STEP][PASSED] - callTestCase: Call Test Case 'Test Cases/Final Aug 2018 - PKS Automation/Registration Module/Workflow/Login and Search Case For Workflow' successfully

2018-12-13 11:54:39 - [TEST_CASE][PASSED] - Test Cases/Final Aug 2018 - PKS Automation/Registration Module/Workflow/Login and Search Case For Workflow: Test Cases/Final Aug 2018 - PKS Automation/Registration Module/Workflow/Login and Search Case For Workflow

2018-12-13 11:54:39 - [TEST_STEP][PASSED] - navigateToUrl: Navigate to 'https://assist2-uat.perkeso.gov.my/login' successfully

2018-12-13 11:54:39 - [MESSAGE][PASSED] - Navigate to 'https://assist2-uat.perkeso.gov.my/login' successfully

2018-12-13 11:54:39 - [TEST_STEP][PASSED] - setText: Text 'johoruo3@gmail.com' is set on object 'Object Repository/Final Object Repo/Login Page/Internal User/Email Address'

2018-12-13 11:54:40 - [MESSAGE][PASSED] - Text 'johoruo3@gmail.com' is set on object 'Object Repository/Final Object Repo/Login Page/Internal User/Email Address'

2018-12-13 11:54:40 - [TEST_STEP][PASSED] - click: Object: 'Object Repository/Final Object Repo/Login Page/Internal User/Next Button' is clicked on

2018-12-13 11:54:40 - [MESSAGE][PASSED] - Object: 'Object Repository/Final Object Repo/Login Page/Internal User/Next Button' is clicked on

2018-12-13 11:54:40 - [TEST_STEP][PASSED] - delay: Delayed 1 second(s)

2018-12-13 11:54:41 - [MESSAGE][PASSED] - Delayed 1 second(s)

2018-12-13 11:54:41 - [TEST_STEP][PASSED] - setEncryptedText: Text ****** has been set on object 'Object Repository/Final Object Repo/Login Page/Internal User/Password'

2018-12-13 11:54:41 - [MESSAGE][PASSED] - Text ****** has been set on object 'Object Repository/Final Object Repo/Login Page/Internal User/Password'

2018-12-13 11:54:41 - [TEST_STEP][PASSED] - click: Object: 'Object Repository/Final Object Repo/Login Page/Internal User/Login Button' is clicked on

2018-12-13 11:54:41 - [MESSAGE][PASSED] - Object: 'Object Repository/Final Object Repo/Login Page/Internal User/Login Button' is clicked on

2018-12-13 11:54:41 - [TEST_STEP][PASSED] - delay: Delayed 2 second(s)

2018-12-13 11:54:43 - [MESSAGE][PASSED] - Delayed 2 second(s)

2018-12-13 11:54:43 - [TEST_STEP][PASSED] - Statement - Try: Delayed 2 second(s)

2018-12-13 11:54:43 - [TEST_STEP][PASSED] - Statement - Checker = false: null

2018-12-13 11:54:43 - [TEST_STEP][PASSED] - Statement - Checker = com.kms.katalon.core.webui.keyword.WebUiBuiltInKeywords.verifyElementHasAttribute(com.kms.katalon.core.testobject.ObjectRepository.findTestObject(Final Object Repo/Landing Page/BM Detecting), "href", 20, OPTIONAL): Object 'Object Repository/Final Object Repo/Landing Page/BM Detecting' has attribute 'href'

2018-12-13 11:54:43 - [MESSAGE][PASSED] - Object 'Object Repository/Final Object Repo/Landing Page/BM Detecting' has attribute 'href'

2018-12-13 11:54:43 - [TEST_STEP][PASSED] - Statement - out.println(Checker): null

2018-12-13 11:54:43 - [TEST_STEP][PASSED] - Statement - If (Checker == false): null

2018-12-13 11:54:43 - [TEST_STEP][PASSED] - Statement - Else: null

2018-12-13 11:54:43 - [TEST_STEP][PASSED] - delay: Delayed 2 second(s)

2018-12-13 11:54:45 - [MESSAGE][PASSED] - Delayed 2 second(s)

2018-12-13 11:54:45 - [TEST_STEP][PASSED] - click: Object: 'Object Repository/Final Object Repo/Page_MyASSIST - ASSIST - Search Pending Case For Add Supporting Document/Search Information' is clicked on

2018-12-13 11:54:45 - [MESSAGE][PASSED] - Object: 'Object Repository/Final Object Repo/Page_MyASSIST - ASSIST - Search Pending Case For Add Supporting Document/Search Information' is clicked on

2018-12-13 11:54:45 - [TEST_STEP][PASSED] - delay: Delayed 3 second(s)

2018-12-13 11:54:48 - [MESSAGE][PASSED] - Delayed 3 second(s)

2018-12-13 11:54:48 - [TEST_STEP][PASSED] - sendKeys: Keys 'ERN122018C200002415' sent to object: 'Object Repository/Final Object Repo/Page_MyASSIST - ASSIST - Search Pending Case For Add Supporting Document/Reference No'

2018-12-13 11:54:49 - [MESSAGE][PASSED] - Keys 'ERN122018C200002415' sent to object: 'Object Repository/Final Object Repo/Page_MyASSIST - ASSIST - Search Pending Case For Add Supporting Document/Reference No'

2018-12-13 11:54:49 - [TEST_STEP][PASSED] - click: Object: 'Object Repository/Final Object Repo/Page_MyASSIST - ASSIST - Search Pending Case For Add Supporting Document/Search Reference No' is clicked on

2018-12-13 11:54:49 - [MESSAGE][PASSED] - Object: 'Object Repository/Final Object Repo/Page_MyASSIST - ASSIST - Search Pending Case For Add Supporting Document/Search Reference No' is clicked on

2018-12-13 11:54:49 - [TEST_STEP][PASSED] - delay: Delayed 2 second(s)

2018-12-13 11:54:51 - [MESSAGE][PASSED] - Delayed 2 second(s)

2018-12-13 11:54:51 - [TEST_STEP][PASSED] - click: Object: 'Object Repository/Final Object Repo/Page_MyASSIST - ASSIST - Search Pending Case For Add Supporting Document/Continue' is clicked on

2018-12-13 11:54:54 - [MESSAGE][PASSED] - Object: 'Object Repository/Final Object Repo/Page_MyASSIST - ASSIST - Search Pending Case For Add Supporting Document/Continue' is clicked on

2018-12-13 11:54:54 - [TEST_STEP][PASSED] - delay: Delayed 20 second(s)

2018-12-13 11:55:14 - [MESSAGE][PASSED] - Delayed 20 second(s)

2018-12-13 11:55:14 - [MESSAGE][PASSED] - Call Test Case 'Test Cases/Final Aug 2018 - PKS Automation/Registration Module/Workflow/Login and Search Case For Workflow' successfully

2018-12-13 11:55:14 - [TEST_STEP][PASSED] - click: Object: 'Object Repository/Final Object Repo/Page_Form 3 EIS - Cessation as Employer/Page_Form 3 EIS - Cessation as Employer (Approve)/Save  Continue in Form 3 Page' is clicked on

2018-12-13 11:55:14 - [MESSAGE][PASSED] - Object: 'Object Repository/Final Object Repo/Page_Form 3 EIS - Cessation as Employer/Page_Form 3 EIS - Cessation as Employer (Approve)/Save  Continue in Form 3 Page' is clicked on

2018-12-13 11:55:14 - [TEST_STEP][PASSED] - delay: Delayed 4 second(s)

2018-12-13 11:55:19 - [MESSAGE][PASSED] - Delayed 4 second(s)

2018-12-13 11:55:19 - [TEST_STEP][PASSED] - click: Object: 'Object Repository/Final Object Repo/Page_Form 3 EIS - Cessation as Employer/Page_Form 3 EIS - Cessation as Employer (Approve)/Save  Continue in Resigned Page' is clicked on

2018-12-13 11:55:19 - [MESSAGE][PASSED] - Object: 'Object Repository/Final Object Repo/Page_Form 3 EIS - Cessation as Employer/Page_Form 3 EIS - Cessation as Employer (Approve)/Save  Continue in Resigned Page' is clicked on

2018-12-13 11:55:19 - [TEST_STEP][PASSED] - delay: Delayed 2 second(s)

2018-12-13 11:55:21 - [MESSAGE][PASSED] - Delayed 2 second(s)

2018-12-13 11:55:21 - [TEST_STEP][PASSED] - setText: Text 'Remark' is set on object 'Object Repository/Final Object Repo/Page_Form 3 EIS - Cessation as Employer/Page_Form 3 EIS - Cessation as Employer (Query)/Query - Remark'

2018-12-13 11:55:22 - [MESSAGE][PASSED] - Text 'Remark' is set on object 'Object Repository/Final Object Repo/Page_Form 3 EIS - Cessation as Employer/Page_Form 3 EIS - Cessation as Employer (Query)/Query - Remark'

2018-12-13 11:55:22 - [TEST_STEP][PASSED] - delay: Delayed 2 second(s)

2018-12-13 11:55:24 - [MESSAGE][PASSED] - Delayed 2 second(s)

2018-12-13 11:55:24 - [TEST_STEP][PASSED] - click: Object: 'Object Repository/Final Object Repo/Page_Form 3 EIS - Cessation as Employer/Page_Form 3 EIS - Cessation as Employer (Query)/Save  Continue' is clicked on

2018-12-13 11:55:24 - [MESSAGE][PASSED] - Object: 'Object Repository/Final Object Repo/Page_Form 3 EIS - Cessation as Employer/Page_Form 3 EIS - Cessation as Employer (Query)/Save  Continue' is clicked on

2018-12-13 11:55:24 - [TEST_STEP][PASSED] - delay: Delayed 2 second(s)

2018-12-13 11:55:26 - [MESSAGE][PASSED] - Delayed 2 second(s)

2018-12-13 11:55:26 - [TEST_STEP][PASSED] - click: Object: 'Object Repository/Final Object Repo/Page_Form 3 EIS - Cessation as Employer/Page_Form 3 EIS - Cessation as Employer (Query)/Query' is clicked on

2018-12-13 11:55:29 - [MESSAGE][PASSED] - Object: 'Object Repository/Final Object Repo/Page_Form 3 EIS - Cessation as Employer/Page_Form 3 EIS - Cessation as Employer (Query)/Query' is clicked on

2018-12-13 11:55:29 - [TEST_STEP][PASSED] - delay: Delayed 2 second(s)

2018-12-13 11:55:31 - [MESSAGE][PASSED] - Delayed 2 second(s)

2018-12-13 11:55:31 - [TEST_STEP][PASSED] - click: Object: 'Object Repository/Final Object Repo/Page_Form 3 EIS - Cessation as Employer/Page_Form 3 EIS - Cessation as Employer (Query)/Confirm' is clicked on

2018-12-13 11:55:38 - [MESSAGE][PASSED] - Object: 'Object Repository/Final Object Repo/Page_Form 3 EIS - Cessation as Employer/Page_Form 3 EIS - Cessation as Employer (Query)/Confirm' is clicked on

2018-12-13 11:55:38 - [TEST_STEP][PASSED] - delay: Delayed 2 second(s)

2018-12-13 11:55:40 - [MESSAGE][PASSED] - Delayed 2 second(s)

2018-12-13 11:55:40 - [TEST_STEP][PASSED] - click: Object: 'Object Repository/Final Object Repo/Page_Form 3 EIS - Cessation as Employer/Page_Form 3 EIS - Cessation as Employer (Query)/Message The Case Is Under Query' is clicked on

2018-12-13 11:55:40 - [MESSAGE][PASSED] - Object: 'Object Repository/Final Object Repo/Page_Form 3 EIS - Cessation as Employer/Page_Form 3 EIS - Cessation as Employer (Query)/Message The Case Is Under Query' is clicked on

2018-12-13 11:55:40 - [TEST_STEP][PASSED] - click: Object: 'Object Repository/Final Object Repo/Page_Form 3 EIS - Cessation as Employer/Page_Form 3 EIS - Cessation as Employer (Query)/Letter of inquiry' is clicked on

2018-12-13 11:55:40 - [MESSAGE][PASSED] - Object: 'Object Repository/Final Object Repo/Page_Form 3 EIS - Cessation as Employer/Page_Form 3 EIS - Cessation as Employer (Query)/Letter of inquiry' is clicked on

2018-12-13 11:55:40 - [TEST_STEP][PASSED] - delay: Delayed 1 second(s)

2018-12-13 11:55:41 - [MESSAGE][PASSED] - Delayed 1 second(s)

2018-12-13 11:55:41 - [TEST_STEP][PASSED] - navigateToUrl: Navigate to 'https://assist2-uat.perkeso.gov.my/c/portal/logout' successfully

2018-12-13 11:55:42 - [MESSAGE][PASSED] - Navigate to 'https://assist2-uat.perkeso.gov.my/c/portal/logout' successfully

2018-12-13 11:55:42 - [TEST_STEP][PASSED] - delay: Delayed 1 second(s)

2018-12-13 11:55:43 - [MESSAGE][PASSED] - Delayed 1 second(s)

2018-12-13 11:55:43 - [TEST_STEP][PASSED] - callTestCase: Call Test Case 'Test Cases/Final Aug 2018 - PKS Automation/Registration Module/Workflow/Login and Search Case For Workflow' successfully

2018-12-13 11:55:43 - [TEST_CASE][PASSED] - Test Cases/Final Aug 2018 - PKS Automation/Registration Module/Workflow/Login and Search Case For Workflow: Test Cases/Final Aug 2018 - PKS Automation/Registration Module/Workflow/Login and Search Case For Workflow

2018-12-13 11:55:43 - [TEST_STEP][PASSED] - navigateToUrl: Navigate to 'https://assist2-uat.perkeso.gov.my/login' successfully

2018-12-13 11:55:44 - [MESSAGE][PASSED] - Navigate to 'https://assist2-uat.perkeso.gov.my/login' successfully

2018-12-13 11:55:44 - [TEST_STEP][PASSED] - setText: Text 'johoruo3@gmail.com' is set on object 'Object Repository/Final Object Repo/Login Page/Internal User/Email Address'

2018-12-13 11:55:44 - [MESSAGE][PASSED] - Text 'johoruo3@gmail.com' is set on object 'Object Repository/Final Object Repo/Login Page/Internal User/Email Address'

2018-12-13 11:55:44 - [TEST_STEP][PASSED] - click: Object: 'Object Repository/Final Object Repo/Login Page/Internal User/Next Button' is clicked on

2018-12-13 11:55:44 - [MESSAGE][PASSED] - Object: 'Object Repository/Final Object Repo/Login Page/Internal User/Next Button' is clicked on

2018-12-13 11:55:44 - [TEST_STEP][PASSED] - delay: Delayed 1 second(s)

2018-12-13 11:55:45 - [MESSAGE][PASSED] - Delayed 1 second(s)

2018-12-13 11:55:45 - [TEST_STEP][PASSED] - setEncryptedText: Text ****** has been set on object 'Object Repository/Final Object Repo/Login Page/Internal User/Password'

2018-12-13 11:55:46 - [MESSAGE][PASSED] - Text ****** has been set on object 'Object Repository/Final Object Repo/Login Page/Internal User/Password'

2018-12-13 11:55:46 - [TEST_STEP][PASSED] - click: Object: 'Object Repository/Final Object Repo/Login Page/Internal User/Login Button' is clicked on

2018-12-13 11:55:46 - [MESSAGE][PASSED] - Object: 'Object Repository/Final Object Repo/Login Page/Internal User/Login Button' is clicked on

2018-12-13 11:55:46 - [TEST_STEP][PASSED] - delay: Delayed 2 second(s)

2018-12-13 11:55:48 - [MESSAGE][PASSED] - Delayed 2 second(s)

2018-12-13 11:55:48 - [TEST_STEP][PASSED] - Statement - Try: Delayed 2 second(s)

2018-12-13 11:55:48 - [TEST_STEP][PASSED] - Statement - Checker = false: null

2018-12-13 11:55:48 - [TEST_STEP][PASSED] - Statement - Checker = com.kms.katalon.core.webui.keyword.WebUiBuiltInKeywords.verifyElementHasAttribute(com.kms.katalon.core.testobject.ObjectRepository.findTestObject(Final Object Repo/Landing Page/BM Detecting), "href", 20, OPTIONAL): Object 'Object Repository/Final Object Repo/Landing Page/BM Detecting' has attribute 'href'

2018-12-13 11:55:48 - [MESSAGE][PASSED] - Object 'Object Repository/Final Object Repo/Landing Page/BM Detecting' has attribute 'href'

2018-12-13 11:55:48 - [TEST_STEP][PASSED] - Statement - out.println(Checker): null

2018-12-13 11:55:48 - [TEST_STEP][PASSED] - Statement - If (Checker == false): null

2018-12-13 11:55:48 - [TEST_STEP][PASSED] - Statement - Else: null

2018-12-13 11:55:48 - [TEST_STEP][PASSED] - delay: Delayed 2 second(s)

2018-12-13 11:55:50 - [MESSAGE][PASSED] - Delayed 2 second(s)

2018-12-13 11:55:50 - [TEST_STEP][PASSED] - click: Object: 'Object Repository/Final Object Repo/Page_MyASSIST - ASSIST - Search Pending Case For Add Supporting Document/Search Information' is clicked on

2018-12-13 11:55:50 - [MESSAGE][PASSED] - Object: 'Object Repository/Final Object Repo/Page_MyASSIST - ASSIST - Search Pending Case For Add Supporting Document/Search Information' is clicked on

2018-12-13 11:55:50 - [TEST_STEP][PASSED] - delay: Delayed 3 second(s)

2018-12-13 11:55:53 - [MESSAGE][PASSED] - Delayed 3 second(s)

2018-12-13 11:55:53 - [TEST_STEP][PASSED] - sendKeys: Keys 'ERN122018C200002415' sent to object: 'Object Repository/Final Object Repo/Page_MyASSIST - ASSIST - Search Pending Case For Add Supporting Document/Reference No'

2018-12-13 11:55:53 - [MESSAGE][PASSED] - Keys 'ERN122018C200002415' sent to object: 'Object Repository/Final Object Repo/Page_MyASSIST - ASSIST - Search Pending Case For Add Supporting Document/Reference No'

2018-12-13 11:55:53 - [TEST_STEP][PASSED] - click: Object: 'Object Repository/Final Object Repo/Page_MyASSIST - ASSIST - Search Pending Case For Add Supporting Document/Search Reference No' is clicked on

2018-12-13 11:55:53 - [MESSAGE][PASSED] - Object: 'Object Repository/Final Object Repo/Page_MyASSIST - ASSIST - Search Pending Case For Add Supporting Document/Search Reference No' is clicked on

2018-12-13 11:55:53 - [TEST_STEP][PASSED] - delay: Delayed 2 second(s)

2018-12-13 11:55:55 - [MESSAGE][PASSED] - Delayed 2 second(s)

2018-12-13 11:55:55 - [TEST_STEP][PASSED] - click: Object: 'Object Repository/Final Object Repo/Page_MyASSIST - ASSIST - Search Pending Case For Add Supporting Document/Continue' is clicked on

2018-12-13 11:55:59 - [MESSAGE][PASSED] - Object: 'Object Repository/Final Object Repo/Page_MyASSIST - ASSIST - Search Pending Case For Add Supporting Document/Continue' is clicked on

2018-12-13 11:55:59 - [TEST_STEP][PASSED] - delay: Delayed 20 second(s)

2018-12-13 11:56:19 - [MESSAGE][PASSED] - Delayed 20 second(s)

2018-12-13 11:56:19 - [MESSAGE][PASSED] - Call Test Case 'Test Cases/Final Aug 2018 - PKS Automation/Registration Module/Workflow/Login and Search Case For Workflow' successfully

2018-12-13 11:56:19 - [TEST_STEP][PASSED] - navigateToUrl: Navigate to 'https://assist2-uat.perkeso.gov.my/web/registration/eis-update/form-3-eis-cessation-as-employer?p_p_id=searchforemployersip_WAR_registrationportlet&p_p_lifecycle=0&_searchforemployersip_WAR_registrationportlet_regViewKey=87&_searchforemployersip_WAR_registrationportlet_browserIdKey=1536115932192&_searchforemployersip_WAR_registrationportlet_tempEmployerIdKey=128990&_searchforemployersip_WAR_registrationportlet_employerIdKey=&_searchforemployersip_WAR_registrationportlet_refCaseNo=ERN092018C200002133&_searchforemployersip_WAR_registrationportlet_mvcPath=%2Fapps%2Freg%2Fdiscontinue_business_sip%2Fdiscontinue_business_sip_form.jsp&_searchforemployersip_WAR_registrationportlet_regSectionKey=215' successfully

2018-12-13 11:56:22 - [MESSAGE][PASSED] - Navigate to 'https://assist2-uat.perkeso.gov.my/web/registration/eis-update/form-3-eis-cessation-as-employer?p_p_id=searchforemployersip_WAR_registrationportlet&p_p_lifecycle=0&_searchforemployersip_WAR_registrationportlet_regViewKey=87&_searchforemployersip_WAR_registrationportlet_browserIdKey=1536115932192&_searchforemployersip_WAR_registrationportlet_tempEmployerIdKey=128990&_searchforemployersip_WAR_registrationportlet_employerIdKey=&_searchforemployersip_WAR_registrationportlet_refCaseNo=ERN092018C200002133&_searchforemployersip_WAR_registrationportlet_mvcPath=%2Fapps%2Freg%2Fdiscontinue_business_sip%2Fdiscontinue_business_sip_form.jsp&_searchforemployersip_WAR_registrationportlet_regSectionKey=215' successfully

2018-12-13 11:56:22 - [TEST_STEP][PASSED] - delay: Delayed 5 second(s)

2018-12-13 11:56:27 - [MESSAGE][PASSED] - Delayed 5 second(s)

2018-12-13 11:56:27 - [TEST_STEP][PASSED] - click: Object: 'Object Repository/Final Object Repo/Page_Form 3 EIS - Cessation as Employer/Page_Form 3 EIS - Cessation as Employer (Query - OTC - UO)/Next' is clicked on

2018-12-13 11:56:28 - [MESSAGE][PASSED] - Object: 'Object Repository/Final Object Repo/Page_Form 3 EIS - Cessation as Employer/Page_Form 3 EIS - Cessation as Employer (Query - OTC - UO)/Next' is clicked on

2018-12-13 11:56:28 - [TEST_STEP][PASSED] - delay: Delayed 2 second(s)

2018-12-13 11:56:30 - [MESSAGE][PASSED] - Delayed 2 second(s)

2018-12-13 11:56:30 - [TEST_STEP][PASSED] - click: Object: 'Object Repository/Final Object Repo/Page_Form 3 EIS - Cessation as Employer/Page_Form 3 EIS - Cessation as Employer (Query - OTC - UO)/Next in Resigned Page' is clicked on

2018-12-13 11:56:33 - [MESSAGE][PASSED] - Object: 'Object Repository/Final Object Repo/Page_Form 3 EIS - Cessation as Employer/Page_Form 3 EIS - Cessation as Employer (Query - OTC - UO)/Next in Resigned Page' is clicked on

2018-12-13 11:56:33 - [TEST_STEP][PASSED] - delay: Delayed 2 second(s)

2018-12-13 11:56:35 - [MESSAGE][PASSED] - Delayed 2 second(s)

2018-12-13 11:56:35 - [TEST_STEP][PASSED] - click: Object: 'Object Repository/Final Object Repo/Page_Form 3 EIS - Cessation as Employer/Page_Form 3 EIS - Cessation as Employer (Query - OTC - UO)/Add Document' is clicked on

2018-12-13 11:56:36 - [MESSAGE][PASSED] - Object: 'Object Repository/Final Object Repo/Page_Form 3 EIS - Cessation as Employer/Page_Form 3 EIS - Cessation as Employer (Query - OTC - UO)/Add Document' is clicked on

2018-12-13 11:56:36 - [TEST_STEP][PASSED] - delay: Delayed 2 second(s)

2018-12-13 11:56:38 - [MESSAGE][PASSED] - Delayed 2 second(s)

2018-12-13 11:56:38 - [TEST_STEP][PASSED] - click: Object: 'Object Repository/Final Object Repo/Page_Form 3 EIS - Cessation as Employer/Page_Form 3 EIS - Cessation as Employer (Query - OTC - UO)/Document Type' is clicked on

2018-12-13 11:56:38 - [MESSAGE][PASSED] - Object: 'Object Repository/Final Object Repo/Page_Form 3 EIS - Cessation as Employer/Page_Form 3 EIS - Cessation as Employer (Query - OTC - UO)/Document Type' is clicked on

2018-12-13 11:56:38 - [TEST_STEP][PASSED] - delay: Delayed 2 second(s)

2018-12-13 11:56:40 - [MESSAGE][PASSED] - Delayed 2 second(s)

2018-12-13 11:56:40 - [TEST_STEP][PASSED] - click: Object: 'Object Repository/Final Object Repo/Page_Form 3 EIS - Cessation as Employer/Page_Form 3 EIS - Cessation as Employer (Query - OTC - UO)/Document Type - Others' is clicked on

2018-12-13 11:56:41 - [MESSAGE][PASSED] - Object: 'Object Repository/Final Object Repo/Page_Form 3 EIS - Cessation as Employer/Page_Form 3 EIS - Cessation as Employer (Query - OTC - UO)/Document Type - Others' is clicked on

2018-12-13 11:56:41 - [TEST_STEP][PASSED] - delay: Delayed 2 second(s)

2018-12-13 11:56:43 - [MESSAGE][PASSED] - Delayed 2 second(s)

2018-12-13 11:56:43 - [TEST_STEP][PASSED] - sendKeys: Keys 'C:\Users\Public\Pictures\Sample Pictures\Koala.jpg' sent to object: 'Object Repository/Final Object Repo/Page_Form 3 EIS - Cessation as Employer/Page_Form 3 EIS - Cessation as Employer (Query - OTC - UO)/ploading File'

2018-12-13 11:56:43 - [MESSAGE][PASSED] - Keys 'C:\Users\Public\Pictures\Sample Pictures\Koala.jpg' sent to object: 'Object Repository/Final Object Repo/Page_Form 3 EIS - Cessation as Employer/Page_Form 3 EIS - Cessation as Employer (Query - OTC - UO)/ploading File'

2018-12-13 11:56:43 - [TEST_STEP][PASSED] - delay: Delayed 2 second(s)

2018-12-13 11:56:45 - [MESSAGE][PASSED] - Delayed 2 second(s)

2018-12-13 11:56:45 - [TEST_STEP][PASSED] - click: Object: 'Object Repository/Final Object Repo/Page_Form 3 EIS - Cessation as Employer/Page_Form 3 EIS - Cessation as Employer (Query - OTC - UO)/Add Document in Uploading Page' is clicked on

2018-12-13 11:56:45 - [MESSAGE][PASSED] - Object: 'Object Repository/Final Object Repo/Page_Form 3 EIS - Cessation as Employer/Page_Form 3 EIS - Cessation as Employer (Query - OTC - UO)/Add Document in Uploading Page' is clicked on

2018-12-13 11:56:45 - [TEST_STEP][PASSED] - delay: Delayed 2 second(s)

2018-12-13 11:56:47 - [MESSAGE][PASSED] - Delayed 2 second(s)

2018-12-13 11:56:47 - [TEST_STEP][PASSED] - click: Object: 'Object Repository/Final Object Repo/Page_Form 3 EIS - Cessation as Employer/Page_Form 3 EIS - Cessation as Employer (Query - OTC - UO)/Exit' is clicked on

2018-12-13 11:56:50 - [MESSAGE][PASSED] - Object: 'Object Repository/Final Object Repo/Page_Form 3 EIS - Cessation as Employer/Page_Form 3 EIS - Cessation as Employer (Query - OTC - UO)/Exit' is clicked on

2018-12-13 11:56:50 - [TEST_STEP][PASSED] - delay: Delayed 1 second(s)

2018-12-13 11:56:51 - [MESSAGE][PASSED] - Delayed 1 second(s)

2018-12-13 11:56:51 - [TEST_STEP][PASSED] - navigateToUrl: Navigate to 'https://assist2-uat.perkeso.gov.my/c/portal/logout' successfully

2018-12-13 11:56:52 - [MESSAGE][PASSED] - Navigate to 'https://assist2-uat.perkeso.gov.my/c/portal/logout' successfully

2018-12-13 11:56:52 - [TEST_STEP][PASSED] - delay: Delayed 1 second(s)

2018-12-13 11:56:53 - [MESSAGE][PASSED] - Delayed 1 second(s)

2018-12-13 11:56:53 - [TEST_STEP][PASSED] - callTestCase: Call Test Case 'Test Cases/Final Aug 2018 - PKS Automation/Registration Module/Workflow/Login and Search Case For Workflow' successfully

2018-12-13 11:56:53 - [TEST_CASE][PASSED] - Test Cases/Final Aug 2018 - PKS Automation/Registration Module/Workflow/Login and Search Case For Workflow: Test Cases/Final Aug 2018 - PKS Automation/Registration Module/Workflow/Login and Search Case For Workflow

2018-12-13 11:56:53 - [TEST_STEP][PASSED] - navigateToUrl: Navigate to 'https://assist2-uat.perkeso.gov.my/login' successfully

2018-12-13 11:56:53 - [MESSAGE][PASSED] - Navigate to 'https://assist2-uat.perkeso.gov.my/login' successfully

2018-12-13 11:56:53 - [TEST_STEP][PASSED] - setText: Text 'johoruo3@gmail.com' is set on object 'Object Repository/Final Object Repo/Login Page/Internal User/Email Address'

2018-12-13 11:56:54 - [MESSAGE][PASSED] - Text 'johoruo3@gmail.com' is set on object 'Object Repository/Final Object Repo/Login Page/Internal User/Email Address'

2018-12-13 11:56:54 - [TEST_STEP][PASSED] - click: Object: 'Object Repository/Final Object Repo/Login Page/Internal User/Next Button' is clicked on

2018-12-13 11:56:54 - [MESSAGE][PASSED] - Object: 'Object Repository/Final Object Repo/Login Page/Internal User/Next Button' is clicked on

2018-12-13 11:56:54 - [TEST_STEP][PASSED] - delay: Delayed 1 second(s)

2018-12-13 11:56:55 - [MESSAGE][PASSED] - Delayed 1 second(s)

2018-12-13 11:56:55 - [TEST_STEP][PASSED] - setEncryptedText: Text ****** has been set on object 'Object Repository/Final Object Repo/Login Page/Internal User/Password'

2018-12-13 11:56:55 - [MESSAGE][PASSED] - Text ****** has been set on object 'Object Repository/Final Object Repo/Login Page/Internal User/Password'

2018-12-13 11:56:55 - [TEST_STEP][PASSED] - click: Object: 'Object Repository/Final Object Repo/Login Page/Internal User/Login Button' is clicked on

2018-12-13 11:56:55 - [MESSAGE][PASSED] - Object: 'Object Repository/Final Object Repo/Login Page/Internal User/Login Button' is clicked on

2018-12-13 11:56:55 - [TEST_STEP][PASSED] - delay: Delayed 2 second(s)

2018-12-13 11:56:57 - [MESSAGE][PASSED] - Delayed 2 second(s)

2018-12-13 11:56:57 - [TEST_STEP][PASSED] - Statement - Try: Delayed 2 second(s)

2018-12-13 11:56:57 - [TEST_STEP][PASSED] - Statement - Checker = false: null

2018-12-13 11:56:57 - [TEST_STEP][PASSED] - Statement - Checker = com.kms.katalon.core.webui.keyword.WebUiBuiltInKeywords.verifyElementHasAttribute(com.kms.katalon.core.testobject.ObjectRepository.findTestObject(Final Object Repo/Landing Page/BM Detecting), "href", 20, OPTIONAL): Object 'Object Repository/Final Object Repo/Landing Page/BM Detecting' has attribute 'href'

2018-12-13 11:56:57 - [MESSAGE][PASSED] - Object 'Object Repository/Final Object Repo/Landing Page/BM Detecting' has attribute 'href'

2018-12-13 11:56:57 - [TEST_STEP][PASSED] - Statement - out.println(Checker): null

2018-12-13 11:56:57 - [TEST_STEP][PASSED] - Statement - If (Checker == false): null

2018-12-13 11:56:57 - [TEST_STEP][PASSED] - Statement - Else: null

2018-12-13 11:56:57 - [TEST_STEP][PASSED] - delay: Delayed 2 second(s)

2018-12-13 11:56:59 - [MESSAGE][PASSED] - Delayed 2 second(s)

2018-12-13 11:56:59 - [TEST_STEP][PASSED] - click: Object: 'Object Repository/Final Object Repo/Page_MyASSIST - ASSIST - Search Pending Case For Add Supporting Document/Search Information' is clicked on

2018-12-13 11:57:00 - [MESSAGE][PASSED] - Object: 'Object Repository/Final Object Repo/Page_MyASSIST - ASSIST - Search Pending Case For Add Supporting Document/Search Information' is clicked on

2018-12-13 11:57:00 - [TEST_STEP][PASSED] - delay: Delayed 3 second(s)

2018-12-13 11:57:03 - [MESSAGE][PASSED] - Delayed 3 second(s)

2018-12-13 11:57:03 - [TEST_STEP][PASSED] - sendKeys: Keys 'ERN122018C200002415' sent to object: 'Object Repository/Final Object Repo/Page_MyASSIST - ASSIST - Search Pending Case For Add Supporting Document/Reference No'

2018-12-13 11:57:03 - [MESSAGE][PASSED] - Keys 'ERN122018C200002415' sent to object: 'Object Repository/Final Object Repo/Page_MyASSIST - ASSIST - Search Pending Case For Add Supporting Document/Reference No'

2018-12-13 11:57:03 - [TEST_STEP][PASSED] - click: Object: 'Object Repository/Final Object Repo/Page_MyASSIST - ASSIST - Search Pending Case For Add Supporting Document/Search Reference No' is clicked on

2018-12-13 11:57:03 - [MESSAGE][PASSED] - Object: 'Object Repository/Final Object Repo/Page_MyASSIST - ASSIST - Search Pending Case For Add Supporting Document/Search Reference No' is clicked on

2018-12-13 11:57:03 - [TEST_STEP][PASSED] - delay: Delayed 2 second(s)

2018-12-13 11:57:05 - [MESSAGE][PASSED] - Delayed 2 second(s)

2018-12-13 11:57:05 - [TEST_STEP][PASSED] - click: Object: 'Object Repository/Final Object Repo/Page_MyASSIST - ASSIST - Search Pending Case For Add Supporting Document/Continue' is clicked on

2018-12-13 11:57:08 - [MESSAGE][PASSED] - Object: 'Object Repository/Final Object Repo/Page_MyASSIST - ASSIST - Search Pending Case For Add Supporting Document/Continue' is clicked on

2018-12-13 11:57:08 - [TEST_STEP][PASSED] - delay: Delayed 20 second(s)

2018-12-13 11:57:28 - [MESSAGE][PASSED] - Delayed 20 second(s)

2018-12-13 11:57:28 - [MESSAGE][PASSED] - Call Test Case 'Test Cases/Final Aug 2018 - PKS Automation/Registration Module/Workflow/Login and Search Case For Workflow' successfully

2018-12-13 11:57:28 - [TEST_STEP][PASSED] - click: Object: 'Object Repository/Final Object Repo/Page_Form 3 EIS - Cessation as Employer/Page_Form 3 EIS - Cessation as Employer (Approve)/Save  Continue in Form 3 Page' is clicked on

2018-12-13 11:57:28 - [MESSAGE][PASSED] - Object: 'Object Repository/Final Object Repo/Page_Form 3 EIS - Cessation as Employer/Page_Form 3 EIS - Cessation as Employer (Approve)/Save  Continue in Form 3 Page' is clicked on

2018-12-13 11:57:28 - [TEST_STEP][PASSED] - delay: Delayed 2 second(s)

2018-12-13 11:57:30 - [MESSAGE][PASSED] - Delayed 2 second(s)

2018-12-13 11:57:30 - [TEST_STEP][PASSED] - click: Object: 'Object Repository/Final Object Repo/Page_Form 3 EIS - Cessation as Employer/Page_Form 3 EIS - Cessation as Employer (Approve)/Save  Continue in Resigned Page' is clicked on

2018-12-13 11:57:31 - [MESSAGE][PASSED] - Object: 'Object Repository/Final Object Repo/Page_Form 3 EIS - Cessation as Employer/Page_Form 3 EIS - Cessation as Employer (Approve)/Save  Continue in Resigned Page' is clicked on

2018-12-13 11:57:31 - [TEST_STEP][PASSED] - delay: Delayed 2 second(s)

2018-12-13 11:57:33 - [MESSAGE][PASSED] - Delayed 2 second(s)

2018-12-13 11:57:33 - [TEST_STEP][PASSED] - click: Object: 'Object Repository/Final Object Repo/Page_Form 3 EIS - Cessation as Employer/Page_Form 3 EIS - Cessation as Employer (Approve)/Save  Continue in Uploading Page' is clicked on

2018-12-13 11:57:34 - [MESSAGE][PASSED] - Object: 'Object Repository/Final Object Repo/Page_Form 3 EIS - Cessation as Employer/Page_Form 3 EIS - Cessation as Employer (Approve)/Save  Continue in Uploading Page' is clicked on

2018-12-13 11:57:34 - [TEST_STEP][PASSED] - delay: Delayed 2 second(s)

2018-12-13 11:57:36 - [MESSAGE][PASSED] - Delayed 2 second(s)

2018-12-13 11:57:36 - [TEST_STEP][PASSED] - click: Object: 'Object Repository/Final Object Repo/Page_Form 3 EIS - Cessation as Employer/Page_Form 3 EIS - Cessation as Employer (Reject)/Reject' is clicked on

2018-12-13 11:57:39 - [MESSAGE][PASSED] - Object: 'Object Repository/Final Object Repo/Page_Form 3 EIS - Cessation as Employer/Page_Form 3 EIS - Cessation as Employer (Reject)/Reject' is clicked on

2018-12-13 11:57:39 - [TEST_STEP][PASSED] - delay: Delayed 2 second(s)

2018-12-13 11:57:41 - [MESSAGE][PASSED] - Delayed 2 second(s)

2018-12-13 11:57:41 - [TEST_STEP][PASSED] - click: Object: 'Object Repository/Final Object Repo/Page_Form 3 EIS - Cessation as Employer/Page_Form 3 EIS - Cessation as Employer (Reject)/Confirm' is clicked on

2018-12-13 11:57:41 - [MESSAGE][PASSED] - Object: 'Object Repository/Final Object Repo/Page_Form 3 EIS - Cessation as Employer/Page_Form 3 EIS - Cessation as Employer (Reject)/Confirm' is clicked on

2018-12-13 11:57:41 - [TEST_STEP][PASSED] - delay: Delayed 2 second(s)

2018-12-13 11:57:43 - [MESSAGE][PASSED] - Delayed 2 second(s)

2018-12-13 11:57:43 - [TEST_STEP][PASSED] - click: Object: 'Object Repository/Final Object Repo/Page_Form 3 EIS - Cessation as Employer/Page_Form 3 EIS - Cessation as Employer (Reject)/Message This Case has been Rejected' is clicked on

2018-12-13 11:57:47 - [MESSAGE][PASSED] - Object: 'Object Repository/Final Object Repo/Page_Form 3 EIS - Cessation as Employer/Page_Form 3 EIS - Cessation as Employer (Reject)/Message This Case has been Rejected' is clicked on

2018-12-13 11:57:47 - [TEST_STEP][PASSED] - click: Object: 'Object Repository/Final Object Repo/Page_Form 3 EIS - Cessation as Employer/Page_Form 3 EIS - Cessation as Employer (Reject)/Letter of update rejection' is clicked on

2018-12-13 11:57:47 - [MESSAGE][PASSED] - Object: 'Object Repository/Final Object Repo/Page_Form 3 EIS - Cessation as Employer/Page_Form 3 EIS - Cessation as Employer (Reject)/Letter of update rejection' is clicked on

2018-12-13 11:57:47 - [MESSAGE][PASSED] - Call Test Case 'Test Cases/Final Aug 2018 - PKS Automation/Registration Module/Workflow/Form 3 EIS - Cessation As Employer/Template/Form 3 A - Cessation As Employer (Query)' successfully]]></system-out>
         <system-err><![CDATA[]]></system-err>
      </testcase>
      <testcase name="Test Cases/Final Aug 2018 - PKS Automation/Registration Module/Workflow/Form 3 EIS - Cessation As Employer/Employer to UO (Reject)" classname="Test Cases/Final Aug 2018 - PKS Automation/Registration Module/Workflow/Form 3 EIS - Cessation As Employer/Employer to UO (Reject)" status="PASSED">
         <system-out><![CDATA[2018-12-13 11:57:47 - [TEST_CASE][PASSED] - Test Cases/Final Aug 2018 - PKS Automation/Registration Module/Workflow/Form 3 EIS - Cessation As Employer/Employer to UO (Reject): Test Cases/Final Aug 2018 - PKS Automation/Registration Module/Workflow/Form 3 EIS - Cessation As Employer/Employer to UO (Reject)

2018-12-13 11:57:48 - [TEST_STEP][PASSED] - callTestCase: Call Test Case 'Test Cases/Final Aug 2018 - PKS Automation/Registration Module/Workflow/Form 3 EIS - Cessation As Employer/Template/Form 3 A - Cessation As Employer (Employer)' successfully

2018-12-13 11:57:48 - [TEST_CASE][PASSED] - Test Cases/Final Aug 2018 - PKS Automation/Registration Module/Workflow/Form 3 EIS - Cessation As Employer/Template/Form 3 A - Cessation As Employer (Employer): Test Cases/Final Aug 2018 - PKS Automation/Registration Module/Workflow/Form 3 EIS - Cessation As Employer/Template/Form 3 A - Cessation As Employer (Employer)

2018-12-13 11:57:48 - [TEST_STEP][PASSED] - callTestCase: Call Test Case 'Test Cases/Final Aug 2018 - PKS Automation/Registration Module/Workflow/Update Add New Employee/Template/New Company for Update Add New - Employer' successfully

2018-12-13 11:57:48 - [TEST_CASE][PASSED] - Test Cases/Final Aug 2018 - PKS Automation/Registration Module/Workflow/Update Add New Employee/Template/New Company for Update Add New - Employer: Test Cases/Final Aug 2018 - PKS Automation/Registration Module/Workflow/Update Add New Employee/Template/New Company for Update Add New - Employer

2018-12-13 11:57:48 - [TEST_STEP][PASSED] - callTestCase: Call Test Case 'Test Cases/Final Aug 2018 - PKS Automation/Create Employer Acc/Create Employer Account' successfully

2018-12-13 11:57:48 - [TEST_CASE][PASSED] - Test Cases/Final Aug 2018 - PKS Automation/Create Employer Acc/Create Employer Account: Test Cases/Final Aug 2018 - PKS Automation/Create Employer Acc/Create Employer Account

2018-12-13 11:57:48 - [TEST_STEP][PASSED] - callTestCase: Call Test Case 'Test Cases/Final Aug 2018 - PKS Automation/Create Employer Acc/Template/Register Employer' successfully

2018-12-13 11:57:48 - [TEST_CASE][PASSED] - Test Cases/Final Aug 2018 - PKS Automation/Create Employer Acc/Template/Register Employer: Test Cases/Final Aug 2018 - PKS Automation/Create Employer Acc/Template/Register Employer

2018-12-13 11:57:48 - [TEST_STEP][PASSED] - openBrowser: Browser is opened with url: ''

2018-12-13 11:57:48 - [MESSAGE][WARNING] - A browser is already opened. Closing browser and opening a new one

2018-12-13 11:57:51 - [MESSAGE][PASSED] - Browser is opened with url: ''

2018-12-13 11:57:51 - [TEST_STEP][PASSED] - navigateToUrl: Navigate to 'https://assist2-uat.perkeso.gov.my/login' successfully

2018-12-13 11:57:52 - [MESSAGE][PASSED] - Navigate to 'https://assist2-uat.perkeso.gov.my/login' successfully

2018-12-13 11:57:52 - [TEST_STEP][PASSED] - setText: Text 'johorotc1@gmail.com' is set on object 'Object Repository/Final Object Repo/Login Page/Internal User/Email Address'

2018-12-13 11:57:52 - [MESSAGE][PASSED] - Text 'johorotc1@gmail.com' is set on object 'Object Repository/Final Object Repo/Login Page/Internal User/Email Address'

2018-12-13 11:57:52 - [TEST_STEP][PASSED] - click: Object: 'Object Repository/Final Object Repo/Login Page/Internal User/Next Button' is clicked on

2018-12-13 11:57:53 - [MESSAGE][PASSED] - Object: 'Object Repository/Final Object Repo/Login Page/Internal User/Next Button' is clicked on

2018-12-13 11:57:53 - [TEST_STEP][PASSED] - delay: Delayed 1 second(s)

2018-12-13 11:57:54 - [MESSAGE][PASSED] - Delayed 1 second(s)

2018-12-13 11:57:54 - [TEST_STEP][PASSED] - setEncryptedText: Text ****** has been set on object 'Object Repository/Final Object Repo/Login Page/Internal User/Password'

2018-12-13 11:57:54 - [MESSAGE][PASSED] - Text ****** has been set on object 'Object Repository/Final Object Repo/Login Page/Internal User/Password'

2018-12-13 11:57:54 - [TEST_STEP][PASSED] - click: Object: 'Object Repository/Final Object Repo/Login Page/Internal User/Login Button' is clicked on

2018-12-13 11:57:54 - [MESSAGE][PASSED] - Object: 'Object Repository/Final Object Repo/Login Page/Internal User/Login Button' is clicked on

2018-12-13 11:57:54 - [TEST_STEP][PASSED] - delay: Delayed 1 second(s)

2018-12-13 11:57:55 - [MESSAGE][PASSED] - Delayed 1 second(s)

2018-12-13 11:57:55 - [TEST_STEP][PASSED] - navigateToUrl: Navigate to 'https://assist2-uat.perkeso.gov.my/web/base/portal-id/registration' successfully

2018-12-13 11:57:57 - [MESSAGE][PASSED] - Navigate to 'https://assist2-uat.perkeso.gov.my/web/base/portal-id/registration' successfully

2018-12-13 11:57:57 - [TEST_STEP][PASSED] - setText: Text 'AUTOMATION EMPLOYER' is set on object 'Object Repository/Final Object Repo/Creating Employer Account/Page_Registration - ASSIST (Base)/Employer Name'

2018-12-13 11:57:57 - [MESSAGE][PASSED] - Text 'AUTOMATION EMPLOYER' is set on object 'Object Repository/Final Object Repo/Creating Employer Account/Page_Registration - ASSIST (Base)/Employer Name'

2018-12-13 11:57:57 - [TEST_STEP][PASSED] - delay: Delayed 2 second(s)

2018-12-13 11:57:59 - [MESSAGE][PASSED] - Delayed 2 second(s)

2018-12-13 11:57:59 - [TEST_STEP][PASSED] - click: Object: 'Object Repository/Final Object Repo/Creating Employer Account/Page_Registration - ASSIST (Base)/Registration Type' is clicked on

2018-12-13 11:57:59 - [MESSAGE][PASSED] - Object: 'Object Repository/Final Object Repo/Creating Employer Account/Page_Registration - ASSIST (Base)/Registration Type' is clicked on

2018-12-13 11:57:59 - [TEST_STEP][PASSED] - delay: Delayed 2 second(s)

2018-12-13 11:58:01 - [MESSAGE][PASSED] - Delayed 2 second(s)

2018-12-13 11:58:01 - [TEST_STEP][PASSED] - click: Object: 'Object Repository/Final Object Repo/Creating Employer Account/Page_Registration - ASSIST (Base)/Registration Type - Registration No' is clicked on

2018-12-13 11:58:02 - [MESSAGE][PASSED] - Object: 'Object Repository/Final Object Repo/Creating Employer Account/Page_Registration - ASSIST (Base)/Registration Type - Registration No' is clicked on

2018-12-13 11:58:02 - [TEST_STEP][PASSED] - delay: Delayed 2 second(s)

2018-12-13 11:58:04 - [MESSAGE][PASSED] - Delayed 2 second(s)

2018-12-13 11:58:04 - [TEST_STEP][PASSED] - setText: Text 'AUTOMATE001' is set on object 'Object Repository/Final Object Repo/Creating Employer Account/Page_Registration - ASSIST (Base)/Registration Number'

2018-12-13 11:58:04 - [MESSAGE][PASSED] - Text 'AUTOMATE001' is set on object 'Object Repository/Final Object Repo/Creating Employer Account/Page_Registration - ASSIST (Base)/Registration Number'

2018-12-13 11:58:04 - [TEST_STEP][PASSED] - delay: Delayed 2 second(s)

2018-12-13 11:58:06 - [MESSAGE][PASSED] - Delayed 2 second(s)

2018-12-13 11:58:06 - [TEST_STEP][PASSED] - setText: Text 'ADDRESS 1' is set on object 'Object Repository/Final Object Repo/Creating Employer Account/Page_Registration - ASSIST (Base)/Postal Address 1'

2018-12-13 11:58:06 - [MESSAGE][PASSED] - Text 'ADDRESS 1' is set on object 'Object Repository/Final Object Repo/Creating Employer Account/Page_Registration - ASSIST (Base)/Postal Address 1'

2018-12-13 11:58:06 - [TEST_STEP][PASSED] - setText: Text 'ADDRESS 2' is set on object 'Object Repository/Final Object Repo/Creating Employer Account/Page_Registration - ASSIST (Base)/Postal Address 2'

2018-12-13 11:58:07 - [MESSAGE][PASSED] - Text 'ADDRESS 2' is set on object 'Object Repository/Final Object Repo/Creating Employer Account/Page_Registration - ASSIST (Base)/Postal Address 2'

2018-12-13 11:58:07 - [TEST_STEP][PASSED] - click: Object: 'Object Repository/Final Object Repo/Creating Employer Account/Page_Registration - ASSIST (Base)/State' is clicked on

2018-12-13 11:58:07 - [MESSAGE][PASSED] - Object: 'Object Repository/Final Object Repo/Creating Employer Account/Page_Registration - ASSIST (Base)/State' is clicked on

2018-12-13 11:58:07 - [TEST_STEP][PASSED] - delay: Delayed 2 second(s)

2018-12-13 11:58:09 - [MESSAGE][PASSED] - Delayed 2 second(s)

2018-12-13 11:58:09 - [TEST_STEP][PASSED] - click: Object: 'Object Repository/Final Object Repo/Creating Employer Account/Page_Registration - ASSIST (Base)/State - Johor' is clicked on

2018-12-13 11:58:09 - [MESSAGE][PASSED] - Object: 'Object Repository/Final Object Repo/Creating Employer Account/Page_Registration - ASSIST (Base)/State - Johor' is clicked on

2018-12-13 11:58:09 - [TEST_STEP][PASSED] - delay: Delayed 2 second(s)

2018-12-13 11:58:11 - [MESSAGE][PASSED] - Delayed 2 second(s)

2018-12-13 11:58:11 - [TEST_STEP][PASSED] - click: Object: 'Object Repository/Final Object Repo/Creating Employer Account/Page_Registration - ASSIST (Base)/City' is clicked on

2018-12-13 11:58:11 - [MESSAGE][PASSED] - Object: 'Object Repository/Final Object Repo/Creating Employer Account/Page_Registration - ASSIST (Base)/City' is clicked on

2018-12-13 11:58:11 - [TEST_STEP][PASSED] - delay: Delayed 2 second(s)

2018-12-13 11:58:13 - [MESSAGE][PASSED] - Delayed 2 second(s)

2018-12-13 11:58:13 - [TEST_STEP][PASSED] - setText: Text 'joh' is set on object 'Object Repository/Final Object Repo/Creating Employer Account/Page_Registration - ASSIST (Base)/City - joh'

2018-12-13 11:58:13 - [MESSAGE][PASSED] - Text 'joh' is set on object 'Object Repository/Final Object Repo/Creating Employer Account/Page_Registration - ASSIST (Base)/City - joh'

2018-12-13 11:58:13 - [TEST_STEP][PASSED] - delay: Delayed 2 second(s)

2018-12-13 11:58:15 - [MESSAGE][PASSED] - Delayed 2 second(s)

2018-12-13 11:58:15 - [TEST_STEP][PASSED] - click: Object: 'Object Repository/Final Object Repo/Creating Employer Account/Page_Registration - ASSIST (Base)/City - Johor Bharu' is clicked on

2018-12-13 11:58:16 - [MESSAGE][PASSED] - Object: 'Object Repository/Final Object Repo/Creating Employer Account/Page_Registration - ASSIST (Base)/City - Johor Bharu' is clicked on

2018-12-13 11:58:16 - [TEST_STEP][PASSED] - delay: Delayed 2 second(s)

2018-12-13 11:58:18 - [MESSAGE][PASSED] - Delayed 2 second(s)

2018-12-13 11:58:18 - [TEST_STEP][PASSED] - click: Object: 'Object Repository/Final Object Repo/Creating Employer Account/Page_Registration - ASSIST (Base)/Post Code' is clicked on

2018-12-13 11:58:18 - [MESSAGE][PASSED] - Object: 'Object Repository/Final Object Repo/Creating Employer Account/Page_Registration - ASSIST (Base)/Post Code' is clicked on

2018-12-13 11:58:18 - [TEST_STEP][PASSED] - delay: Delayed 2 second(s)

2018-12-13 11:58:20 - [MESSAGE][PASSED] - Delayed 2 second(s)

2018-12-13 11:58:20 - [TEST_STEP][PASSED] - setText: Text '810' is set on object 'Object Repository/Final Object Repo/Creating Employer Account/Page_Registration - ASSIST (Base)/Post Code - 810'

2018-12-13 11:58:20 - [MESSAGE][PASSED] - Text '810' is set on object 'Object Repository/Final Object Repo/Creating Employer Account/Page_Registration - ASSIST (Base)/Post Code - 810'

2018-12-13 11:58:20 - [TEST_STEP][PASSED] - delay: Delayed 2 second(s)

2018-12-13 11:58:22 - [MESSAGE][PASSED] - Delayed 2 second(s)

2018-12-13 11:58:22 - [TEST_STEP][PASSED] - click: Object: 'Object Repository/Final Object Repo/Creating Employer Account/Page_Registration - ASSIST (Base)/Post Code - 81000' is clicked on

2018-12-13 11:58:22 - [MESSAGE][PASSED] - Object: 'Object Repository/Final Object Repo/Creating Employer Account/Page_Registration - ASSIST (Base)/Post Code - 81000' is clicked on

2018-12-13 11:58:22 - [TEST_STEP][PASSED] - delay: Delayed 2 second(s)

2018-12-13 11:58:24 - [MESSAGE][PASSED] - Delayed 2 second(s)

2018-12-13 11:58:24 - [TEST_STEP][PASSED] - setText: Text 'PERKESO' is set on object 'Object Repository/Final Object Repo/Creating Employer Account/Page_Registration - ASSIST (Base)/Full Name'

2018-12-13 11:58:24 - [MESSAGE][PASSED] - Text 'PERKESO' is set on object 'Object Repository/Final Object Repo/Creating Employer Account/Page_Registration - ASSIST (Base)/Full Name'

2018-12-13 11:58:24 - [TEST_STEP][PASSED] - Statement - rnd = new java.util.Random(): null

2018-12-13 11:58:24 - [TEST_STEP][PASSED] - Statement - snum = rnd.nextInt(899999 + 1) + 100000: null

2018-12-13 11:58:24 - [TEST_STEP][PASSED] - Statement - tnum = rnd.nextInt(899999 + 1) + 100000: null

2018-12-13 11:58:24 - [TEST_STEP][PASSED] - Statement - IC = java.lang.Integer.toString(snum) + java.lang.Integer.toString(tnum): null

2018-12-13 11:58:24 - [TEST_STEP][PASSED] - Statement - out.println(IC): null

2018-12-13 11:58:24 - [TEST_STEP][PASSED] - setText: Text '646371322678' is set on object 'Object Repository/Final Object Repo/Creating Employer Account/Page_Registration - ASSIST (Base)/Identification Number'

2018-12-13 11:58:25 - [MESSAGE][PASSED] - Text '646371322678' is set on object 'Object Repository/Final Object Repo/Creating Employer Account/Page_Registration - ASSIST (Base)/Identification Number'

2018-12-13 11:58:25 - [TEST_STEP][PASSED] - delay: Delayed 2 second(s)

2018-12-13 11:58:27 - [MESSAGE][PASSED] - Delayed 2 second(s)

2018-12-13 11:58:27 - [TEST_STEP][PASSED] - setText: Text '123456789012' is set on object 'Object Repository/Final Object Repo/Creating Employer Account/Page_Registration - ASSIST (Base)/Contact Number'

2018-12-13 11:58:27 - [MESSAGE][PASSED] - Text '123456789012' is set on object 'Object Repository/Final Object Repo/Creating Employer Account/Page_Registration - ASSIST (Base)/Contact Number'

2018-12-13 11:58:27 - [TEST_STEP][PASSED] - Statement - Email = "perkeso" + IC + "@gmail.com": null

2018-12-13 11:58:27 - [TEST_STEP][PASSED] - delay: Delayed 2 second(s)

2018-12-13 11:58:29 - [MESSAGE][PASSED] - Delayed 2 second(s)

2018-12-13 11:58:29 - [TEST_STEP][PASSED] - callTestCase: Call Test Case 'Test Cases/Final Aug 2018 - PKS Automation/Create Employer Acc/Template/Employer Email Settler' successfully

2018-12-13 11:58:29 - [TEST_CASE][PASSED] - Test Cases/Final Aug 2018 - PKS Automation/Create Employer Acc/Template/Employer Email Settler: Test Cases/Final Aug 2018 - PKS Automation/Create Employer Acc/Template/Employer Email Settler

2018-12-13 11:58:29 - [TEST_STEP][PASSED] - Statement - EmpEmailOld = new java.io.File(C://Users//Admin//Desktop//PKS//Automation Reference Point//EmpEmail.txt): null

2018-12-13 11:58:29 - [TEST_STEP][PASSED] - Statement - EmpEmailOld.delete(): null

2018-12-13 11:58:29 - [TEST_STEP][PASSED] - delay: Delayed 5 second(s)

2018-12-13 11:58:34 - [MESSAGE][PASSED] - Delayed 5 second(s)

2018-12-13 11:58:34 - [TEST_STEP][PASSED] - Statement - EmpEmail = new java.io.File(C://Users//Admin//Desktop//PKS//Automation Reference Point//EmpEmail.txt): null

2018-12-13 11:58:34 - [TEST_STEP][PASSED] - Statement - f2 = new java.io.FileWriter(EmpEmail, false): null

2018-12-13 11:58:34 - [TEST_STEP][PASSED] - Statement - f2.write(Email): null

2018-12-13 11:58:34 - [TEST_STEP][PASSED] - Statement - f2.close(): null

2018-12-13 11:58:34 - [TEST_STEP][PASSED] - Statement - out.println(Email): null

2018-12-13 11:58:34 - [MESSAGE][PASSED] - Call Test Case 'Test Cases/Final Aug 2018 - PKS Automation/Create Employer Acc/Template/Employer Email Settler' successfully

2018-12-13 11:58:34 - [TEST_STEP][PASSED] - delay: Delayed 2 second(s)

2018-12-13 11:58:36 - [MESSAGE][PASSED] - Delayed 2 second(s)

2018-12-13 11:58:36 - [TEST_STEP][PASSED] - setText: Text 'perkeso646371322678@gmail.com' is set on object 'Object Repository/Final Object Repo/Creating Employer Account/Page_Registration - ASSIST (Base)/Email'

2018-12-13 11:58:37 - [MESSAGE][PASSED] - Text 'perkeso646371322678@gmail.com' is set on object 'Object Repository/Final Object Repo/Creating Employer Account/Page_Registration - ASSIST (Base)/Email'

2018-12-13 11:58:37 - [TEST_STEP][PASSED] - setText: Text '123' is set on object 'Object Repository/Final Object Repo/Creating Employer Account/Page_Registration - ASSIST (Base)/Security Phase'

2018-12-13 11:58:37 - [MESSAGE][PASSED] - Text '123' is set on object 'Object Repository/Final Object Repo/Creating Employer Account/Page_Registration - ASSIST (Base)/Security Phase'

2018-12-13 11:58:37 - [TEST_STEP][PASSED] - click: Object: 'Object Repository/Final Object Repo/Creating Employer Account/Page_Registration - ASSIST (Base)/Save  Continue' is clicked on

2018-12-13 11:58:37 - [MESSAGE][PASSED] - Object: 'Object Repository/Final Object Repo/Creating Employer Account/Page_Registration - ASSIST (Base)/Save  Continue' is clicked on

2018-12-13 11:58:37 - [TEST_STEP][PASSED] - delay: Delayed 2 second(s)

2018-12-13 11:58:39 - [MESSAGE][PASSED] - Delayed 2 second(s)

2018-12-13 11:58:39 - [TEST_STEP][PASSED] - click: Object: 'Object Repository/Final Object Repo/Creating Employer Account/Page_Registration - ASSIST (Base)/Add Document' is clicked on

2018-12-13 11:58:39 - [MESSAGE][PASSED] - Object: 'Object Repository/Final Object Repo/Creating Employer Account/Page_Registration - ASSIST (Base)/Add Document' is clicked on

2018-12-13 11:58:39 - [TEST_STEP][PASSED] - delay: Delayed 2 second(s)

2018-12-13 11:58:41 - [MESSAGE][PASSED] - Delayed 2 second(s)

2018-12-13 11:58:41 - [TEST_STEP][PASSED] - click: Object: 'Object Repository/Final Object Repo/Creating Employer Account/Page_Registration - ASSIST (Base)/Document Type' is clicked on

2018-12-13 11:58:41 - [MESSAGE][PASSED] - Object: 'Object Repository/Final Object Repo/Creating Employer Account/Page_Registration - ASSIST (Base)/Document Type' is clicked on

2018-12-13 11:58:41 - [TEST_STEP][PASSED] - delay: Delayed 2 second(s)

2018-12-13 11:58:43 - [MESSAGE][PASSED] - Delayed 2 second(s)

2018-12-13 11:58:43 - [TEST_STEP][PASSED] - click: Object: 'Object Repository/Final Object Repo/Creating Employer Account/Page_Registration - ASSIST (Base)/Document Type - Letter of Authorization' is clicked on

2018-12-13 11:58:44 - [MESSAGE][PASSED] - Object: 'Object Repository/Final Object Repo/Creating Employer Account/Page_Registration - ASSIST (Base)/Document Type - Letter of Authorization' is clicked on

2018-12-13 11:58:44 - [TEST_STEP][PASSED] - delay: Delayed 2 second(s)

2018-12-13 11:58:46 - [MESSAGE][PASSED] - Delayed 2 second(s)

2018-12-13 11:58:46 - [TEST_STEP][PASSED] - sendKeys: Keys 'C:\Users\Public\Pictures\Sample Pictures\Koala.jpg' sent to object: 'Object Repository/Final Object Repo/Creating Employer Account/Page_Registration - ASSIST (Base)/Uploading File'

2018-12-13 11:58:46 - [MESSAGE][PASSED] - Keys 'C:\Users\Public\Pictures\Sample Pictures\Koala.jpg' sent to object: 'Object Repository/Final Object Repo/Creating Employer Account/Page_Registration - ASSIST (Base)/Uploading File'

2018-12-13 11:58:46 - [TEST_STEP][PASSED] - delay: Delayed 2 second(s)

2018-12-13 11:58:48 - [MESSAGE][PASSED] - Delayed 2 second(s)

2018-12-13 11:58:48 - [TEST_STEP][PASSED] - click: Object: 'Object Repository/Final Object Repo/Creating Employer Account/Page_Registration - ASSIST (Base)/Add Document in Uploading File' is clicked on

2018-12-13 11:58:48 - [MESSAGE][PASSED] - Object: 'Object Repository/Final Object Repo/Creating Employer Account/Page_Registration - ASSIST (Base)/Add Document in Uploading File' is clicked on

2018-12-13 11:58:48 - [TEST_STEP][PASSED] - delay: Delayed 2 second(s)

2018-12-13 11:58:50 - [MESSAGE][PASSED] - Delayed 2 second(s)

2018-12-13 11:58:50 - [TEST_STEP][PASSED] - click: Object: 'Object Repository/Final Object Repo/Creating Employer Account/Page_Registration - ASSIST (Base)/Save' is clicked on

2018-12-13 11:58:50 - [MESSAGE][PASSED] - Object: 'Object Repository/Final Object Repo/Creating Employer Account/Page_Registration - ASSIST (Base)/Save' is clicked on

2018-12-13 11:58:50 - [TEST_STEP][PASSED] - delay: Delayed 2 second(s)

2018-12-13 11:58:52 - [MESSAGE][PASSED] - Delayed 2 second(s)

2018-12-13 11:58:52 - [TEST_STEP][PASSED] - click: Object: 'Object Repository/Final Object Repo/Creating Employer Account/Page_Registration - ASSIST (Base)/Submit' is clicked on

2018-12-13 11:58:52 - [MESSAGE][PASSED] - Object: 'Object Repository/Final Object Repo/Creating Employer Account/Page_Registration - ASSIST (Base)/Submit' is clicked on

2018-12-13 11:58:52 - [TEST_STEP][PASSED] - delay: Delayed 2 second(s)

2018-12-13 11:58:54 - [MESSAGE][PASSED] - Delayed 2 second(s)

2018-12-13 11:58:54 - [TEST_STEP][PASSED] - click: Object: 'Object Repository/Final Object Repo/Creating Employer Account/Page_Registration - ASSIST (Base)/Confirm' is clicked on

2018-12-13 11:58:54 - [MESSAGE][PASSED] - Object: 'Object Repository/Final Object Repo/Creating Employer Account/Page_Registration - ASSIST (Base)/Confirm' is clicked on

2018-12-13 11:58:54 - [MESSAGE][PASSED] - Call Test Case 'Test Cases/Final Aug 2018 - PKS Automation/Create Employer Acc/Template/Register Employer' successfully

2018-12-13 11:58:54 - [TEST_STEP][PASSED] - delay: Delayed 1 second(s)

2018-12-13 11:58:55 - [MESSAGE][PASSED] - Delayed 1 second(s)

2018-12-13 11:58:55 - [TEST_STEP][PASSED] - navigateToUrl: Navigate to 'https://assist2-uat.perkeso.gov.my/c/portal/logout' successfully

2018-12-13 11:58:57 - [MESSAGE][PASSED] - Navigate to 'https://assist2-uat.perkeso.gov.my/c/portal/logout' successfully

2018-12-13 11:58:57 - [TEST_STEP][PASSED] - delay: Delayed 1 second(s)

2018-12-13 11:58:58 - [MESSAGE][PASSED] - Delayed 1 second(s)

2018-12-13 11:58:58 - [TEST_STEP][PASSED] - callTestCase: Call Test Case 'Test Cases/Final Aug 2018 - PKS Automation/Create Employer Acc/Template/Change Password of Employer' successfully

2018-12-13 11:58:58 - [TEST_CASE][PASSED] - Test Cases/Final Aug 2018 - PKS Automation/Create Employer Acc/Template/Change Password of Employer: Test Cases/Final Aug 2018 - PKS Automation/Create Employer Acc/Template/Change Password of Employer

2018-12-13 11:58:58 - [TEST_STEP][PASSED] - openBrowser: Browser is opened with url: ''

2018-12-13 11:58:58 - [MESSAGE][WARNING] - A browser is already opened. Closing browser and opening a new one

2018-12-13 11:59:02 - [MESSAGE][PASSED] - Browser is opened with url: ''

2018-12-13 11:59:02 - [TEST_STEP][PASSED] - navigateToUrl: Navigate to 'https://assist2-uat.perkeso.gov.my/login' successfully

2018-12-13 11:59:04 - [MESSAGE][PASSED] - Navigate to 'https://assist2-uat.perkeso.gov.my/login' successfully

2018-12-13 11:59:04 - [TEST_STEP][PASSED] - delay: Delayed 5 second(s)

2018-12-13 11:59:09 - [MESSAGE][PASSED] - Delayed 5 second(s)

2018-12-13 11:59:09 - [TEST_STEP][PASSED] - setText: Text 'test@liferay.com' is set on object 'Object Repository/Final Object Repo/Login Page/Internal User/Email Address'

2018-12-13 11:59:09 - [MESSAGE][PASSED] - Text 'test@liferay.com' is set on object 'Object Repository/Final Object Repo/Login Page/Internal User/Email Address'

2018-12-13 11:59:09 - [TEST_STEP][PASSED] - click: Object: 'Object Repository/Final Object Repo/Login Page/Internal User/Next Button' is clicked on

2018-12-13 11:59:09 - [MESSAGE][PASSED] - Object: 'Object Repository/Final Object Repo/Login Page/Internal User/Next Button' is clicked on

2018-12-13 11:59:09 - [TEST_STEP][PASSED] - delay: Delayed 2 second(s)

2018-12-13 11:59:11 - [MESSAGE][PASSED] - Delayed 2 second(s)

2018-12-13 11:59:11 - [TEST_STEP][PASSED] - setText: Text 'test' is set on object 'Object Repository/Final Object Repo/Login Page/Internal User/Password'

2018-12-13 11:59:11 - [MESSAGE][PASSED] - Text 'test' is set on object 'Object Repository/Final Object Repo/Login Page/Internal User/Password'

2018-12-13 11:59:11 - [TEST_STEP][PASSED] - delay: Delayed 2 second(s)

2018-12-13 11:59:13 - [MESSAGE][PASSED] - Delayed 2 second(s)

2018-12-13 11:59:13 - [TEST_STEP][PASSED] - click: Object: 'Object Repository/Final Object Repo/Login Page/Internal User/Login Button' is clicked on

2018-12-13 11:59:13 - [MESSAGE][PASSED] - Object: 'Object Repository/Final Object Repo/Login Page/Internal User/Login Button' is clicked on

2018-12-13 11:59:13 - [TEST_STEP][PASSED] - delay: Delayed 3 second(s)

2018-12-13 11:59:16 - [MESSAGE][PASSED] - Delayed 3 second(s)

2018-12-13 11:59:16 - [TEST_STEP][PASSED] - navigateToUrl: Navigate to 'https://assist2-uat.perkeso.gov.my/group/control_panel/manage?p_p_id=125&p_p_lifecycle=0&p_p_state=maximized&p_p_mode=view&refererPlid=20455&_125_usersListView=flat-users&_125_toolbarItem=view-all-users&_125_saveUsersListView=true&_125_struts_action=%2Fusers_admin%2Fview' successfully

2018-12-13 11:59:18 - [MESSAGE][PASSED] - Navigate to 'https://assist2-uat.perkeso.gov.my/group/control_panel/manage?p_p_id=125&p_p_lifecycle=0&p_p_state=maximized&p_p_mode=view&refererPlid=20455&_125_usersListView=flat-users&_125_toolbarItem=view-all-users&_125_saveUsersListView=true&_125_struts_action=%2Fusers_admin%2Fview' successfully

2018-12-13 11:59:18 - [TEST_STEP][PASSED] - delay: Delayed 3 second(s)

2018-12-13 11:59:21 - [MESSAGE][PASSED] - Delayed 3 second(s)

2018-12-13 11:59:21 - [TEST_STEP][PASSED] - setText: Text 'perkeso646371322678@gmail.com' is set on object 'Object Repository/Final Object Repo/Creating Employer Account/Page_Users and Organizations - ASSIST/Employer name'

2018-12-13 11:59:21 - [MESSAGE][PASSED] - Text 'perkeso646371322678@gmail.com' is set on object 'Object Repository/Final Object Repo/Creating Employer Account/Page_Users and Organizations - ASSIST/Employer name'

2018-12-13 11:59:21 - [TEST_STEP][PASSED] - delay: Delayed 3 second(s)

2018-12-13 11:59:24 - [MESSAGE][PASSED] - Delayed 3 second(s)

2018-12-13 11:59:24 - [TEST_STEP][PASSED] - click: Object: 'Object Repository/Final Object Repo/Creating Employer Account/Page_Users and Organizations - ASSIST/Search' is clicked on

2018-12-13 11:59:25 - [MESSAGE][PASSED] - Object: 'Object Repository/Final Object Repo/Creating Employer Account/Page_Users and Organizations - ASSIST/Search' is clicked on

2018-12-13 11:59:25 - [TEST_STEP][PASSED] - delay: Delayed 3 second(s)

2018-12-13 11:59:28 - [MESSAGE][PASSED] - Delayed 3 second(s)

2018-12-13 11:59:28 - [TEST_STEP][PASSED] - click: Object: 'Object Repository/Final Object Repo/Creating Employer Account/Page_Users and Organizations - ASSIST/Action' is clicked on

2018-12-13 11:59:28 - [MESSAGE][PASSED] - Object: 'Object Repository/Final Object Repo/Creating Employer Account/Page_Users and Organizations - ASSIST/Action' is clicked on

2018-12-13 11:59:28 - [TEST_STEP][PASSED] - delay: Delayed 3 second(s)

2018-12-13 11:59:31 - [MESSAGE][PASSED] - Delayed 3 second(s)

2018-12-13 11:59:31 - [TEST_STEP][PASSED] - click: Object: 'Object Repository/Final Object Repo/Creating Employer Account/Page_Users and Organizations - ASSIST/Edit' is clicked on

2018-12-13 11:59:32 - [MESSAGE][PASSED] - Object: 'Object Repository/Final Object Repo/Creating Employer Account/Page_Users and Organizations - ASSIST/Edit' is clicked on

2018-12-13 11:59:32 - [TEST_STEP][PASSED] - delay: Delayed 3 second(s)

2018-12-13 11:59:35 - [MESSAGE][PASSED] - Delayed 3 second(s)

2018-12-13 11:59:35 - [TEST_STEP][PASSED] - click: Object: 'Object Repository/Final Object Repo/Creating Employer Account/Page_PERKESO - Users and Organizati/a_Password (Modified)' is clicked on

2018-12-13 11:59:35 - [MESSAGE][PASSED] - Object: 'Object Repository/Final Object Repo/Creating Employer Account/Page_PERKESO - Users and Organizati/a_Password (Modified)' is clicked on

2018-12-13 11:59:35 - [TEST_STEP][PASSED] - delay: Delayed 3 second(s)

2018-12-13 11:59:38 - [MESSAGE][PASSED] - Delayed 3 second(s)

2018-12-13 11:59:38 - [TEST_STEP][PASSED] - setEncryptedText: Text ****** has been set on object 'Object Repository/Final Object Repo/Creating Employer Account/Page_PERKESO - Users and Organizati/input__125_password1'

2018-12-13 11:59:38 - [MESSAGE][PASSED] - Text ****** has been set on object 'Object Repository/Final Object Repo/Creating Employer Account/Page_PERKESO - Users and Organizati/input__125_password1'

2018-12-13 11:59:38 - [TEST_STEP][PASSED] - delay: Delayed 3 second(s)

2018-12-13 11:59:41 - [MESSAGE][PASSED] - Delayed 3 second(s)

2018-12-13 11:59:41 - [TEST_STEP][PASSED] - setEncryptedText: Text ****** has been set on object 'Object Repository/Final Object Repo/Creating Employer Account/Page_PERKESO - Users and Organizati/input__125_password2'

2018-12-13 11:59:42 - [MESSAGE][PASSED] - Text ****** has been set on object 'Object Repository/Final Object Repo/Creating Employer Account/Page_PERKESO - Users and Organizati/input__125_password2'

2018-12-13 11:59:42 - [TEST_STEP][PASSED] - delay: Delayed 3 second(s)

2018-12-13 11:59:45 - [MESSAGE][PASSED] - Delayed 3 second(s)

2018-12-13 11:59:45 - [TEST_STEP][PASSED] - click: Object: 'Object Repository/Final Object Repo/Creating Employer Account/Page_PERKESO - Users and Organizati/Save' is clicked on

2018-12-13 11:59:46 - [MESSAGE][PASSED] - Object: 'Object Repository/Final Object Repo/Creating Employer Account/Page_PERKESO - Users and Organizati/Save' is clicked on

2018-12-13 11:59:46 - [MESSAGE][PASSED] - Call Test Case 'Test Cases/Final Aug 2018 - PKS Automation/Create Employer Acc/Template/Change Password of Employer' successfully

2018-12-13 11:59:46 - [TEST_STEP][PASSED] - delay: Delayed 1 second(s)

2018-12-13 11:59:47 - [MESSAGE][PASSED] - Delayed 1 second(s)

2018-12-13 11:59:47 - [TEST_STEP][PASSED] - navigateToUrl: Navigate to 'https://assist2-uat.perkeso.gov.my/c/portal/logout' successfully

2018-12-13 11:59:48 - [MESSAGE][PASSED] - Navigate to 'https://assist2-uat.perkeso.gov.my/c/portal/logout' successfully

2018-12-13 11:59:48 - [TEST_STEP][PASSED] - delay: Delayed 1 second(s)

2018-12-13 11:59:49 - [MESSAGE][PASSED] - Delayed 1 second(s)

2018-12-13 11:59:49 - [TEST_STEP][PASSED] - callTestCase: Call Test Case 'Test Cases/Final Aug 2018 - PKS Automation/Create Employer Acc/Template/Login to Employer Account (First Time)' successfully

2018-12-13 11:59:49 - [TEST_CASE][PASSED] - Test Cases/Final Aug 2018 - PKS Automation/Create Employer Acc/Template/Login to Employer Account (First Time): Test Cases/Final Aug 2018 - PKS Automation/Create Employer Acc/Template/Login to Employer Account (First Time)

2018-12-13 11:59:49 - [TEST_STEP][PASSED] - openBrowser: Browser is opened with url: ''

2018-12-13 11:59:49 - [MESSAGE][WARNING] - A browser is already opened. Closing browser and opening a new one

2018-12-13 11:59:53 - [MESSAGE][PASSED] - Browser is opened with url: ''

2018-12-13 11:59:53 - [TEST_STEP][PASSED] - navigateToUrl: Navigate to 'https://assist2-uat.perkeso.gov.my/employer/login' successfully

2018-12-13 11:59:54 - [MESSAGE][PASSED] - Navigate to 'https://assist2-uat.perkeso.gov.my/employer/login' successfully

2018-12-13 11:59:54 - [TEST_STEP][PASSED] - delay: Delayed 3 second(s)

2018-12-13 11:59:57 - [MESSAGE][PASSED] - Delayed 3 second(s)

2018-12-13 11:59:57 - [TEST_STEP][PASSED] - callTestCase: Call Test Case 'Test Cases/Final Aug 2018 - PKS Automation/Create Employer Acc/Template/Employer Email Getter' successfully

2018-12-13 11:59:57 - [TEST_CASE][PASSED] - Test Cases/Final Aug 2018 - PKS Automation/Create Employer Acc/Template/Employer Email Getter: Test Cases/Final Aug 2018 - PKS Automation/Create Employer Acc/Template/Employer Email Getter

2018-12-13 11:59:57 - [TEST_STEP][PASSED] - Statement - Try: null

2018-12-13 11:59:57 - [TEST_STEP][PASSED] - Statement - EmpEmail = new java.io.File(C://Users//Admin//Desktop//PKS//Automation Reference Point//EmpEmail.txt): null

2018-12-13 11:59:57 - [TEST_STEP][PASSED] - Statement - bufferread = new java.io.BufferedReader(new java.io.FileReader(EmpEmail)): null

2018-12-13 11:59:57 - [TEST_STEP][PASSED] - Statement - readedVal = bufferread.readLine(): null

2018-12-13 11:59:57 - [TEST_STEP][PASSED] - Statement - out.println(readedVal): null

2018-12-13 11:59:57 - [TEST_STEP][PASSED] - Statement - Email = readedVal: null

2018-12-13 11:59:57 - [MESSAGE][PASSED] - Call Test Case 'Test Cases/Final Aug 2018 - PKS Automation/Create Employer Acc/Template/Employer Email Getter' successfully

2018-12-13 11:59:57 - [TEST_STEP][PASSED] - setText: Text 'perkeso646371322678@gmail.com' is set on object 'Object Repository/Final Object Repo/Login Page/External Login Page/Email'

2018-12-13 11:59:58 - [MESSAGE][PASSED] - Text 'perkeso646371322678@gmail.com' is set on object 'Object Repository/Final Object Repo/Login Page/External Login Page/Email'

2018-12-13 11:59:58 - [TEST_STEP][PASSED] - click: Object: 'Object Repository/Final Object Repo/Login Page/External Login Page/Next' is clicked on

2018-12-13 11:59:58 - [MESSAGE][PASSED] - Object: 'Object Repository/Final Object Repo/Login Page/External Login Page/Next' is clicked on

2018-12-13 11:59:58 - [TEST_STEP][PASSED] - delay: Delayed 3 second(s)

2018-12-13 12:00:01 - [MESSAGE][PASSED] - Delayed 3 second(s)

2018-12-13 12:00:01 - [TEST_STEP][PASSED] - setEncryptedText: Text ****** has been set on object 'Object Repository/Final Object Repo/Login Page/External Login Page/Password'

2018-12-13 12:00:01 - [MESSAGE][PASSED] - Text ****** has been set on object 'Object Repository/Final Object Repo/Login Page/External Login Page/Password'

2018-12-13 12:00:01 - [TEST_STEP][PASSED] - click: Object: 'Object Repository/Final Object Repo/Login Page/External Login Page/Login' is clicked on

2018-12-13 12:00:02 - [MESSAGE][PASSED] - Object: 'Object Repository/Final Object Repo/Login Page/External Login Page/Login' is clicked on

2018-12-13 12:00:02 - [TEST_STEP][PASSED] - delay: Delayed 3 second(s)

2018-12-13 12:00:05 - [MESSAGE][PASSED] - Delayed 3 second(s)

2018-12-13 12:00:05 - [TEST_STEP][PASSED] - click: Object: 'Object Repository/Final Object Repo/Creating Employer Account/Page_Terms of Use - ASSIST/button_I Agree' is clicked on

2018-12-13 12:00:05 - [MESSAGE][PASSED] - Object: 'Object Repository/Final Object Repo/Creating Employer Account/Page_Terms of Use - ASSIST/button_I Agree' is clicked on

2018-12-13 12:00:05 - [TEST_STEP][PASSED] - delay: Delayed 2 second(s)

2018-12-13 12:00:07 - [MESSAGE][PASSED] - Delayed 2 second(s)

2018-12-13 12:00:07 - [TEST_STEP][PASSED] - setEncryptedText: Text ****** has been set on object 'Object Repository/Final Object Repo/Creating Employer Account/Page_New Password - ASSIST/input_password1'

2018-12-13 12:00:08 - [MESSAGE][PASSED] - Text ****** has been set on object 'Object Repository/Final Object Repo/Creating Employer Account/Page_New Password - ASSIST/input_password1'

2018-12-13 12:00:08 - [TEST_STEP][PASSED] - setEncryptedText: Text ****** has been set on object 'Object Repository/Final Object Repo/Creating Employer Account/Page_New Password - ASSIST/input_password2'

2018-12-13 12:00:08 - [MESSAGE][PASSED] - Text ****** has been set on object 'Object Repository/Final Object Repo/Creating Employer Account/Page_New Password - ASSIST/input_password2'

2018-12-13 12:00:08 - [TEST_STEP][PASSED] - delay: Delayed 2 second(s)

2018-12-13 12:00:10 - [MESSAGE][PASSED] - Delayed 2 second(s)

2018-12-13 12:00:10 - [TEST_STEP][PASSED] - click: Object: 'Object Repository/Final Object Repo/Creating Employer Account/Page_New Password - ASSIST/Save' is clicked on

2018-12-13 12:00:10 - [MESSAGE][PASSED] - Object: 'Object Repository/Final Object Repo/Creating Employer Account/Page_New Password - ASSIST/Save' is clicked on

2018-12-13 12:00:10 - [TEST_STEP][PASSED] - delay: Delayed 2 second(s)

2018-12-13 12:00:12 - [MESSAGE][PASSED] - Delayed 2 second(s)

2018-12-13 12:00:12 - [TEST_STEP][PASSED] - setText: Text 'test' is set on object 'Object Repository/Final Object Repo/Creating Employer Account/Page_Password Reminder - ASSIST/Reminder Query Answer'

2018-12-13 12:00:12 - [MESSAGE][PASSED] - Text 'test' is set on object 'Object Repository/Final Object Repo/Creating Employer Account/Page_Password Reminder - ASSIST/Reminder Query Answer'

2018-12-13 12:00:12 - [TEST_STEP][PASSED] - delay: Delayed 2 second(s)

2018-12-13 12:00:14 - [MESSAGE][PASSED] - Delayed 2 second(s)

2018-12-13 12:00:14 - [TEST_STEP][PASSED] - doubleClick: Object: 'Object Repository/Final Object Repo/Creating Employer Account/Page_Password Reminder - ASSIST/Save' is double clicked on

2018-12-13 12:00:14 - [MESSAGE][PASSED] - Object: 'Object Repository/Final Object Repo/Creating Employer Account/Page_Password Reminder - ASSIST/Save' is double clicked on

2018-12-13 12:00:14 - [MESSAGE][PASSED] - Call Test Case 'Test Cases/Final Aug 2018 - PKS Automation/Create Employer Acc/Template/Login to Employer Account (First Time)' successfully

2018-12-13 12:00:14 - [MESSAGE][PASSED] - Call Test Case 'Test Cases/Final Aug 2018 - PKS Automation/Create Employer Acc/Create Employer Account' successfully

2018-12-13 12:00:14 - [TEST_STEP][PASSED] - callTestCase: Call Test Case 'Test Cases/Final Aug 2018 - PKS Automation/Registration Module/Log Out/log out avoiding katalon tagging' successfully

2018-12-13 12:00:14 - [TEST_CASE][PASSED] - Test Cases/Final Aug 2018 - PKS Automation/Registration Module/Log Out/log out avoiding katalon tagging: Test Cases/Final Aug 2018 - PKS Automation/Registration Module/Log Out/log out avoiding katalon tagging

2018-12-13 12:00:14 - [TEST_STEP][PASSED] - navigateToUrl: Navigate to 'https://assist2-uat.perkeso.gov.my/c/portal/logout' successfully

2018-12-13 12:00:18 - [MESSAGE][PASSED] - Navigate to 'https://assist2-uat.perkeso.gov.my/c/portal/logout' successfully

2018-12-13 12:00:18 - [MESSAGE][PASSED] - Call Test Case 'Test Cases/Final Aug 2018 - PKS Automation/Registration Module/Log Out/log out avoiding katalon tagging' successfully

2018-12-13 12:00:18 - [TEST_STEP][PASSED] - callTestCase: Call Test Case 'Test Cases/Final Aug 2018 - PKS Automation/Create Employer Acc/Login to Employer Account (Second time)' successfully

2018-12-13 12:00:18 - [TEST_CASE][PASSED] - Test Cases/Final Aug 2018 - PKS Automation/Create Employer Acc/Login to Employer Account (Second time): Test Cases/Final Aug 2018 - PKS Automation/Create Employer Acc/Login to Employer Account (Second time)

2018-12-13 12:00:18 - [TEST_STEP][PASSED] - openBrowser: Browser is opened with url: ''

2018-12-13 12:00:18 - [MESSAGE][WARNING] - A browser is already opened. Closing browser and opening a new one

2018-12-13 12:00:21 - [MESSAGE][PASSED] - Browser is opened with url: ''

2018-12-13 12:00:21 - [TEST_STEP][PASSED] - navigateToUrl: Navigate to 'https://assist2-uat.perkeso.gov.my/employer/login' successfully

2018-12-13 12:00:22 - [MESSAGE][PASSED] - Navigate to 'https://assist2-uat.perkeso.gov.my/employer/login' successfully

2018-12-13 12:00:22 - [TEST_STEP][PASSED] - delay: Delayed 3 second(s)

2018-12-13 12:00:25 - [MESSAGE][PASSED] - Delayed 3 second(s)

2018-12-13 12:00:25 - [TEST_STEP][PASSED] - callTestCase: Call Test Case 'Test Cases/Final Aug 2018 - PKS Automation/Create Employer Acc/Template/Employer Email Getter' successfully

2018-12-13 12:00:25 - [TEST_CASE][PASSED] - Test Cases/Final Aug 2018 - PKS Automation/Create Employer Acc/Template/Employer Email Getter: Test Cases/Final Aug 2018 - PKS Automation/Create Employer Acc/Template/Employer Email Getter

2018-12-13 12:00:26 - [TEST_STEP][PASSED] - Statement - Try: null

2018-12-13 12:00:26 - [TEST_STEP][PASSED] - Statement - EmpEmail = new java.io.File(C://Users//Admin//Desktop//PKS//Automation Reference Point//EmpEmail.txt): null

2018-12-13 12:00:26 - [TEST_STEP][PASSED] - Statement - bufferread = new java.io.BufferedReader(new java.io.FileReader(EmpEmail)): null

2018-12-13 12:00:26 - [TEST_STEP][PASSED] - Statement - readedVal = bufferread.readLine(): null

2018-12-13 12:00:26 - [TEST_STEP][PASSED] - Statement - out.println(readedVal): null

2018-12-13 12:00:26 - [TEST_STEP][PASSED] - Statement - Email = readedVal: null

2018-12-13 12:00:26 - [MESSAGE][PASSED] - Call Test Case 'Test Cases/Final Aug 2018 - PKS Automation/Create Employer Acc/Template/Employer Email Getter' successfully

2018-12-13 12:00:26 - [TEST_STEP][PASSED] - setText: Text 'perkeso646371322678@gmail.com' is set on object 'Object Repository/Final Object Repo/Login Page/External Login Page/Email'

2018-12-13 12:00:26 - [MESSAGE][PASSED] - Text 'perkeso646371322678@gmail.com' is set on object 'Object Repository/Final Object Repo/Login Page/External Login Page/Email'

2018-12-13 12:00:26 - [TEST_STEP][PASSED] - click: Object: 'Object Repository/Final Object Repo/Login Page/External Login Page/Next' is clicked on

2018-12-13 12:00:26 - [MESSAGE][PASSED] - Object: 'Object Repository/Final Object Repo/Login Page/External Login Page/Next' is clicked on

2018-12-13 12:00:26 - [TEST_STEP][PASSED] - delay: Delayed 3 second(s)

2018-12-13 12:00:29 - [MESSAGE][PASSED] - Delayed 3 second(s)

2018-12-13 12:00:29 - [TEST_STEP][PASSED] - setEncryptedText: Text ****** has been set on object 'Object Repository/Final Object Repo/Login Page/External Login Page/Password'

2018-12-13 12:00:29 - [MESSAGE][PASSED] - Text ****** has been set on object 'Object Repository/Final Object Repo/Login Page/External Login Page/Password'

2018-12-13 12:00:29 - [TEST_STEP][PASSED] - click: Object: 'Object Repository/Final Object Repo/Login Page/External Login Page/Login' is clicked on

2018-12-13 12:00:30 - [MESSAGE][PASSED] - Object: 'Object Repository/Final Object Repo/Login Page/External Login Page/Login' is clicked on

2018-12-13 12:00:30 - [TEST_STEP][PASSED] - delay: Delayed 5 second(s)

2018-12-13 12:00:35 - [MESSAGE][PASSED] - Delayed 5 second(s)

2018-12-13 12:00:35 - [MESSAGE][PASSED] - Call Test Case 'Test Cases/Final Aug 2018 - PKS Automation/Create Employer Acc/Login to Employer Account (Second time)' successfully

2018-12-13 12:00:35 - [TEST_STEP][PASSED] - delay: Delayed 4 second(s)

2018-12-13 12:00:39 - [MESSAGE][PASSED] - Delayed 4 second(s)

2018-12-13 12:00:39 - [TEST_STEP][PASSED] - Statement - Try: Delayed 2 second(s)

2018-12-13 12:00:39 - [TEST_STEP][PASSED] - Statement - Checker = false: null

2018-12-13 12:00:39 - [TEST_STEP][PASSED] - Statement - Checker = com.kms.katalon.core.webui.keyword.WebUiBuiltInKeywords.verifyElementHasAttribute(com.kms.katalon.core.testobject.ObjectRepository.findTestObject(Final Object Repo/Landing Page/BM Detecting), "href", 20, OPTIONAL): Object 'Object Repository/Final Object Repo/Landing Page/BM Detecting' has attribute 'href'

2018-12-13 12:00:39 - [MESSAGE][PASSED] - Object 'Object Repository/Final Object Repo/Landing Page/BM Detecting' has attribute 'href'

2018-12-13 12:00:39 - [TEST_STEP][PASSED] - Statement - out.println(Checker): null

2018-12-13 12:00:39 - [TEST_STEP][PASSED] - Statement - If (Checker == false): null

2018-12-13 12:00:39 - [TEST_STEP][PASSED] - Statement - Else: null

2018-12-13 12:00:39 - [TEST_STEP][PASSED] - delay: Delayed 2 second(s)

2018-12-13 12:00:41 - [MESSAGE][PASSED] - Delayed 2 second(s)

2018-12-13 12:00:41 - [TEST_STEP][PASSED] - delay: Delayed 4 second(s)

2018-12-13 12:00:45 - [MESSAGE][PASSED] - Delayed 4 second(s)

2018-12-13 12:00:45 - [TEST_STEP][PASSED] - click: Object: 'Object Repository/Final Object Repo/Landing Page/My Sites Drop Down' is clicked on

2018-12-13 12:00:45 - [MESSAGE][PASSED] - Object: 'Object Repository/Final Object Repo/Landing Page/My Sites Drop Down' is clicked on

2018-12-13 12:00:45 - [TEST_STEP][PASSED] - click: Object: 'Object Repository/Final Object Repo/Landing Page/Select to Registration Module' is clicked on

2018-12-13 12:00:48 - [MESSAGE][PASSED] - Object: 'Object Repository/Final Object Repo/Landing Page/Select to Registration Module' is clicked on

2018-12-13 12:00:48 - [TEST_STEP][PASSED] - click: Object: 'Object Repository/Final Object Repo/Landing Page/Registration Button' is clicked on

2018-12-13 12:00:49 - [MESSAGE][PASSED] - Object: 'Object Repository/Final Object Repo/Landing Page/Registration Button' is clicked on

2018-12-13 12:00:49 - [TEST_STEP][PASSED] - delay: Delayed 2 second(s)

2018-12-13 12:00:51 - [MESSAGE][PASSED] - Delayed 2 second(s)

2018-12-13 12:00:51 - [TEST_STEP][PASSED] - click: Object: 'Object Repository/Final Object Repo/New Registration - Registration Module Pages/New Reg - OTC to RO/Special Case - OTC - Form 1/AEC NO' is clicked on

2018-12-13 12:00:51 - [MESSAGE][PASSED] - Object: 'Object Repository/Final Object Repo/New Registration - Registration Module Pages/New Reg - OTC to RO/Special Case - OTC - Form 1/AEC NO' is clicked on

2018-12-13 12:00:51 - [TEST_STEP][PASSED] - click: Object: 'Object Repository/Final Object Repo/New Registration - Registration Module Pages/New Reg - OTC to RO/Special Case - OTC - Form 1/Business Entity - Please Select' is clicked on

2018-12-13 12:00:52 - [MESSAGE][PASSED] - Object: 'Object Repository/Final Object Repo/New Registration - Registration Module Pages/New Reg - OTC to RO/Special Case - OTC - Form 1/Business Entity - Please Select' is clicked on

2018-12-13 12:00:52 - [TEST_STEP][PASSED] - click: Object: 'Object Repository/Final Object Repo/New Registration - Registration Module Pages/New Reg - OTC to RO/Special Case - OTC - Form 1/Selected - Corporation' is clicked on

2018-12-13 12:00:52 - [MESSAGE][PASSED] - Object: 'Object Repository/Final Object Repo/New Registration - Registration Module Pages/New Reg - OTC to RO/Special Case - OTC - Form 1/Selected - Corporation' is clicked on

2018-12-13 12:00:52 - [TEST_STEP][PASSED] - delay: Delayed 2 second(s)

2018-12-13 12:00:54 - [MESSAGE][PASSED] - Delayed 2 second(s)

2018-12-13 12:00:54 - [TEST_STEP][PASSED] - click: Object: 'Object Repository/Final Object Repo/New Registration - Registration Module Pages/New Reg - OTC to RO/Special Case - OTC - Form 1/Sub Business Entity - Please Select' is clicked on

2018-12-13 12:00:54 - [MESSAGE][PASSED] - Object: 'Object Repository/Final Object Repo/New Registration - Registration Module Pages/New Reg - OTC to RO/Special Case - OTC - Form 1/Sub Business Entity - Please Select' is clicked on

2018-12-13 12:00:54 - [TEST_STEP][PASSED] - delay: Delayed 2 second(s)

2018-12-13 12:00:56 - [MESSAGE][PASSED] - Delayed 2 second(s)

2018-12-13 12:00:56 - [TEST_STEP][PASSED] - click: Object: 'Object Repository/Final Object Repo/New Registration - Registration Module Pages/New Reg - OTC to RO/Special Case - OTC - Form 1/Selected - Sendirian Berhad' is clicked on

2018-12-13 12:00:57 - [MESSAGE][PASSED] - Object: 'Object Repository/Final Object Repo/New Registration - Registration Module Pages/New Reg - OTC to RO/Special Case - OTC - Form 1/Selected - Sendirian Berhad' is clicked on

2018-12-13 12:00:57 - [TEST_STEP][PASSED] - setText: Text 'AUTOMATE001' is set on object 'Object Repository/Final Object Repo/New Registration - Registration Module Pages/New Reg - OTC to RO/Special Case - OTC - Form 1/Input BRN Number'

2018-12-13 12:00:57 - [MESSAGE][PASSED] - Text 'AUTOMATE001' is set on object 'Object Repository/Final Object Repo/New Registration - Registration Module Pages/New Reg - OTC to RO/Special Case - OTC - Form 1/Input BRN Number'

2018-12-13 12:00:57 - [TEST_STEP][PASSED] - delay: Delayed 2 second(s)

2018-12-13 12:00:59 - [MESSAGE][PASSED] - Delayed 2 second(s)

2018-12-13 12:00:59 - [TEST_STEP][PASSED] - click: Object: 'Object Repository/Final Object Repo/New Registration - Registration Module Pages/New Reg - OTC to RO/Special Case - OTC - Form 1/BRN Search' is clicked on

2018-12-13 12:00:59 - [MESSAGE][PASSED] - Object: 'Object Repository/Final Object Repo/New Registration - Registration Module Pages/New Reg - OTC to RO/Special Case - OTC - Form 1/BRN Search' is clicked on

2018-12-13 12:00:59 - [TEST_STEP][PASSED] - delay: Delayed 4 second(s)

2018-12-13 12:01:03 - [MESSAGE][PASSED] - Delayed 4 second(s)

2018-12-13 12:01:03 - [TEST_STEP][PASSED] - click: Object: 'Object Repository/Final Object Repo/New Registration - Registration Module Pages/New Reg - OTC to RO/Special Case - OTC - Form 1/Registered with SSM - After Feb 2017' is clicked on

2018-12-13 12:01:03 - [MESSAGE][PASSED] - Object: 'Object Repository/Final Object Repo/New Registration - Registration Module Pages/New Reg - OTC to RO/Special Case - OTC - Form 1/Registered with SSM - After Feb 2017' is clicked on

2018-12-13 12:01:03 - [TEST_STEP][PASSED] - delay: Delayed 2 second(s)

2018-12-13 12:01:05 - [MESSAGE][PASSED] - Delayed 2 second(s)

2018-12-13 12:01:05 - [TEST_STEP][PASSED] - click: Object: 'Object Repository/Final Object Repo/New Registration - Registration Module Pages/Form 1/Registered As a Branch - Yes' is clicked on

2018-12-13 12:01:06 - [MESSAGE][PASSED] - Object: 'Object Repository/Final Object Repo/New Registration - Registration Module Pages/Form 1/Registered As a Branch - Yes' is clicked on

2018-12-13 12:01:06 - [TEST_STEP][PASSED] - click: Object: 'Object Repository/Final Object Repo/New Registration - Registration Module Pages/New Reg - OTC to RO/Special Case - OTC - Form 1/Acknowledgement Ticked' is clicked on

2018-12-13 12:01:06 - [MESSAGE][PASSED] - Object: 'Object Repository/Final Object Repo/New Registration - Registration Module Pages/New Reg - OTC to RO/Special Case - OTC - Form 1/Acknowledgement Ticked' is clicked on

2018-12-13 12:01:06 - [TEST_STEP][PASSED] - setText: Text 'perkeso646371322678@gmail.com' is set on object 'Object Repository/Final Object Repo/New Registration - Registration Module Pages/Form 1/Email'

2018-12-13 12:01:07 - [MESSAGE][PASSED] - Text 'perkeso646371322678@gmail.com' is set on object 'Object Repository/Final Object Repo/New Registration - Registration Module Pages/Form 1/Email'

2018-12-13 12:01:07 - [TEST_STEP][PASSED] - click: Object: 'Object Repository/Final Object Repo/New Registration - Registration Module Pages/New Reg - OTC to RO/Special Case - OTC - Form 1/Submit Button' is clicked on

2018-12-13 12:01:08 - [MESSAGE][PASSED] - Object: 'Object Repository/Final Object Repo/New Registration - Registration Module Pages/New Reg - OTC to RO/Special Case - OTC - Form 1/Submit Button' is clicked on

2018-12-13 12:01:08 - [TEST_STEP][PASSED] - callTestCase: Call Test Case 'Test Cases/Final Aug 2018 - PKS Automation/Registration Module/New Registration/Form 2/Add 1 Eligible - Employer Account Use' successfully

2018-12-13 12:01:08 - [TEST_CASE][PASSED] - Test Cases/Final Aug 2018 - PKS Automation/Registration Module/New Registration/Form 2/Add 1 Eligible - Employer Account Use: Test Cases/Final Aug 2018 - PKS Automation/Registration Module/New Registration/Form 2/Add 1 Eligible - Employer Account Use

2018-12-13 12:01:08 - [TEST_STEP][PASSED] - delay: Delayed 2 second(s)

2018-12-13 12:01:10 - [MESSAGE][PASSED] - Delayed 2 second(s)

2018-12-13 12:01:10 - [TEST_STEP][PASSED] - callTestCase: Call Test Case 'Test Cases/Final Aug 2018 - PKS Automation/Registration Module/New Registration/Form 2/Date Updater' successfully

2018-12-13 12:01:10 - [TEST_CASE][PASSED] - Test Cases/Final Aug 2018 - PKS Automation/Registration Module/New Registration/Form 2/Date Updater: Test Cases/Final Aug 2018 - PKS Automation/Registration Module/New Registration/Form 2/Date Updater

2018-12-13 12:01:10 - [TEST_STEP][PASSED] - Statement - TodayDate = new java.util.Date(): null

2018-12-13 12:01:10 - [TEST_STEP][PASSED] - Statement - CurrentDateNoFilter = new java.text.SimpleDateFormat(): null

2018-12-13 12:01:10 - [TEST_STEP][PASSED] - Statement - CurrentDateNoFilter.applyPattern("MM"): null

2018-12-13 12:01:10 - [TEST_STEP][PASSED] - Statement - monthContainerMatcher = java.lang.Integer.parseInt(CurrentDateNoFilter.format(TodayDate)): null

2018-12-13 12:01:10 - [TEST_STEP][PASSED] - Statement - monthContainerMatcher = monthContainerMatcher - 1: null

2018-12-13 12:01:10 - [TEST_STEP][PASSED] - Statement - CurrentMonth = monthContainerMatcher.toString(): null

2018-12-13 12:01:10 - [TEST_STEP][PASSED] - Statement - CurrentMonth = CurrentMonth: null

2018-12-13 12:01:10 - [TEST_STEP][PASSED] - Statement - CurrentDateNoFilter.applyPattern("yyyy"): null

2018-12-13 12:01:10 - [TEST_STEP][PASSED] - Statement - CurrentYear = CurrentDateNoFilter.format(TodayDate): null

2018-12-13 12:01:10 - [TEST_STEP][PASSED] - Statement - CurrentYear = CurrentYear: null

2018-12-13 12:01:10 - [TEST_STEP][PASSED] - Statement - intCurrentYear = java.lang.Integer.parseInt(CurrentDateNoFilter.format(TodayDate)): null

2018-12-13 12:01:10 - [TEST_STEP][PASSED] - Statement - eighteenYrsAgo = intCurrentYear - 18: null

2018-12-13 12:01:10 - [TEST_STEP][PASSED] - Statement - eighteenYrsBeforeThisYr = eighteenYrsAgo.toString(): null

2018-12-13 12:01:10 - [TEST_STEP][PASSED] - Statement - EighteenYrsBefore = eighteenYrsBeforeThisYr: null

2018-12-13 12:01:10 - [TEST_STEP][PASSED] - Statement - fiftysevenYrsAgo = intCurrentYear - 57: null

2018-12-13 12:01:10 - [TEST_STEP][PASSED] - Statement - fiftysevenYrsBeforeThisYr = fiftysevenYrsAgo.toString(): null

2018-12-13 12:01:10 - [TEST_STEP][PASSED] - Statement - FiftysevenYrsBefore = fiftysevenYrsBeforeThisYr: null

2018-12-13 12:01:10 - [TEST_STEP][PASSED] - Statement - leapYear = false: null

2018-12-13 12:01:10 - [TEST_STEP][PASSED] - Statement - leapYear = intCurrentYear % 4 == 0: null

2018-12-13 12:01:10 - [TEST_STEP][PASSED] - Statement - CurrentDateNoFilter.applyPattern("dd"): null

2018-12-13 12:01:10 - [TEST_STEP][PASSED] - Statement - CurrentDate = CurrentDateNoFilter.format(TodayDate): null

2018-12-13 12:01:10 - [TEST_STEP][PASSED] - Statement - CurrentDate = java.lang.Integer.parseInt(CurrentDate): null

2018-12-13 12:01:10 - [TEST_STEP][PASSED] - Statement - CurrentDate = CurrentDate: null

2018-12-13 12:01:10 - [TEST_STEP][PASSED] - Statement - CurrentDay = java.lang.Integer.parseInt(CurrentDate): null

2018-12-13 12:01:10 - [TEST_STEP][PASSED] - Statement - ConfAdder = <not implemented yet for class: org.codehaus.groovy.ast.expr.EmptyExpression>: null

2018-12-13 12:01:10 - [TEST_STEP][PASSED] - Statement - out.println(CurrentMonth): null

2018-12-13 12:01:10 - [TEST_STEP][PASSED] - Statement - out.println(CurrentDate): null

2018-12-13 12:01:10 - [TEST_STEP][PASSED] - Statement - switch (CurrentDate): null

2018-12-13 12:01:10 - [TEST_STEP][PASSED] - Statement - Default: null

2018-12-13 12:01:10 - [TEST_STEP][PASSED] - Statement - ConfAdder = true: null

2018-12-13 12:01:10 - [TEST_STEP][PASSED] - Statement - Break: null

2018-12-13 12:01:10 - [TEST_STEP][PASSED] - Statement - aDayBefore = <not implemented yet for class: org.codehaus.groovy.ast.expr.EmptyExpression>: null

2018-12-13 12:01:10 - [TEST_STEP][PASSED] - Statement - out.println(ConfAdder): null

2018-12-13 12:01:10 - [TEST_STEP][PASSED] - Statement - If (ConfAdder == true): null

2018-12-13 12:01:10 - [TEST_STEP][PASSED] - Statement - aDayBefore = CurrentDay + 1: null

2018-12-13 12:01:10 - [TEST_STEP][PASSED] - Statement - out.println(aDayBefore): null

2018-12-13 12:01:10 - [TEST_STEP][PASSED] - Statement - If (aDayBefore == 1 && CurrentMonth == 11): null

2018-12-13 12:01:10 - [TEST_STEP][PASSED] - Statement - DayBefore = aDayBefore.toString(): null

2018-12-13 12:01:10 - [TEST_STEP][PASSED] - Statement - OneDayBefore = DayBefore: null

2018-12-13 12:01:10 - [MESSAGE][PASSED] - Call Test Case 'Test Cases/Final Aug 2018 - PKS Automation/Registration Module/New Registration/Form 2/Date Updater' successfully

2018-12-13 12:01:10 - [TEST_STEP][PASSED] - delay: Delayed 1 second(s)

2018-12-13 12:01:11 - [MESSAGE][PASSED] - Delayed 1 second(s)

2018-12-13 12:01:11 - [TEST_STEP][PASSED] - Statement - CaseReferenceNo = com.kms.katalon.core.webui.keyword.WebUiBuiltInKeywords.getText(com.kms.katalon.core.testobject.ObjectRepository.findTestObject(Final Object Repo/New Registration - Registration Module Pages/Form 2/RefNo Acquiring)): Text of object 'Object Repository/Final Object Repo/New Registration - Registration Module Pages/Form 2/RefNo Acquiring' is: 'CRN12201800123269'

2018-12-13 12:01:11 - [MESSAGE][PASSED] - Text of object 'Object Repository/Final Object Repo/New Registration - Registration Module Pages/Form 2/RefNo Acquiring' is: 'CRN12201800123269'

2018-12-13 12:01:11 - [TEST_STEP][PASSED] - delay: Delayed 1 second(s)

2018-12-13 12:01:12 - [MESSAGE][PASSED] - Delayed 1 second(s)

2018-12-13 12:01:12 - [TEST_STEP][PASSED] - click: Object: 'Object Repository/Final Object Repo/New Registration - Registration Module Pages/Form 2/Add Employee Button' is clicked on

2018-12-13 12:01:12 - [MESSAGE][PASSED] - Object: 'Object Repository/Final Object Repo/New Registration - Registration Module Pages/Form 2/Add Employee Button' is clicked on

2018-12-13 12:01:12 - [TEST_STEP][PASSED] - delay: Delayed 1 second(s)

2018-12-13 12:01:13 - [MESSAGE][PASSED] - Delayed 1 second(s)

2018-12-13 12:01:13 - [TEST_STEP][PASSED] - setText: Text '010903091948' is set on object 'Object Repository/Final Object Repo/New Registration - Registration Module Pages/Form 2/NRIC Input'

2018-12-13 12:01:14 - [MESSAGE][PASSED] - Text '010903091948' is set on object 'Object Repository/Final Object Repo/New Registration - Registration Module Pages/Form 2/NRIC Input'

2018-12-13 12:01:14 - [TEST_STEP][PASSED] - delay: Delayed 2 second(s)

2018-12-13 12:01:16 - [MESSAGE][PASSED] - Delayed 2 second(s)

2018-12-13 12:01:16 - [TEST_STEP][PASSED] - setText: Text 'Automate001 eligible 1' is set on object 'Object Repository/Final Object Repo/New Registration - Registration Module Pages/Form 2/Employee Name Input'

2018-12-13 12:01:17 - [MESSAGE][PASSED] - Text 'Automate001 eligible 1' is set on object 'Object Repository/Final Object Repo/New Registration - Registration Module Pages/Form 2/Employee Name Input'

2018-12-13 12:01:17 - [TEST_STEP][PASSED] - delay: Delayed 2 second(s)

2018-12-13 12:01:19 - [MESSAGE][PASSED] - Delayed 2 second(s)

2018-12-13 12:01:19 - [TEST_STEP][PASSED] - click: Object: 'Object Repository/Final Object Repo/New Registration - Registration Module Pages/Form 2/DatePicker Pop Up' is clicked on

2018-12-13 12:01:19 - [MESSAGE][PASSED] - Object: 'Object Repository/Final Object Repo/New Registration - Registration Module Pages/Form 2/DatePicker Pop Up' is clicked on

2018-12-13 12:01:19 - [TEST_STEP][PASSED] - click: Object: 'Object Repository/Final Object Repo/New Registration - Registration Module Pages/Form 2/DOB Month' is clicked on

2018-12-13 12:01:19 - [MESSAGE][PASSED] - Object: 'Object Repository/Final Object Repo/New Registration - Registration Module Pages/Form 2/DOB Month' is clicked on

2018-12-13 12:01:19 - [TEST_STEP][PASSED] - Statement - CurrentMonth = CurrentMonth: null

2018-12-13 12:01:19 - [TEST_STEP][PASSED] - Statement - selectMonth = new com.kms.katalon.core.testobject.TestObject(): null

2018-12-13 12:01:19 - [TEST_STEP][PASSED] - Statement - selectMonth.addProperty("xpath", EQUALS, "//body/div/div/div/select/option[@value='" + CurrentMonth + "']", true): null

2018-12-13 12:01:19 - [TEST_STEP][PASSED] - click: Object: '' is clicked on

2018-12-13 12:01:19 - [MESSAGE][PASSED] - Object: '' is clicked on

2018-12-13 12:01:19 - [TEST_STEP][PASSED] - click: Object: 'Object Repository/Final Object Repo/New Registration - Registration Module Pages/Form 2/DOB Year' is clicked on

2018-12-13 12:01:19 - [MESSAGE][PASSED] - Object: 'Object Repository/Final Object Repo/New Registration - Registration Module Pages/Form 2/DOB Year' is clicked on

2018-12-13 12:01:19 - [TEST_STEP][PASSED] - Statement - Eyearsbf = EighteenYrsBefore: null

2018-12-13 12:01:19 - [TEST_STEP][PASSED] - Statement - selectYear = new com.kms.katalon.core.testobject.TestObject(): null

2018-12-13 12:01:19 - [TEST_STEP][PASSED] - Statement - selectYear.addProperty("xpath", EQUALS, "//div/div/div/select/option[@value='" + Eyearsbf + "']", true): null

2018-12-13 12:01:19 - [TEST_STEP][PASSED] - click: Object: '' is clicked on

2018-12-13 12:01:20 - [MESSAGE][PASSED] - Object: '' is clicked on

2018-12-13 12:01:20 - [TEST_STEP][PASSED] - Statement - UpdatedSelectDate = com.kms.katalon.core.webui.keyword.WebUiBuiltInKeywords.modifyObjectProperty(com.kms.katalon.core.testobject.ObjectRepository.findTestObject(Final Object Repo/New Registration - Registration Module Pages/Form 2/DOB Date), "xpath", "equals", "//body/div/table/tbody/tr/td/a[text()="" + CurrentDate + ""]", true): Modify property of object successfully

2018-12-13 12:01:20 - [MESSAGE][PASSED] - Modify property of object successfully

2018-12-13 12:01:20 - [TEST_STEP][PASSED] - delay: Delayed 3 second(s)

2018-12-13 12:01:23 - [MESSAGE][PASSED] - Delayed 3 second(s)

2018-12-13 12:01:23 - [TEST_STEP][PASSED] - click: Object: 'Object Repository/Final Object Repo/New Registration - Registration Module Pages/Form 2/DOB Date' is clicked on

2018-12-13 12:01:23 - [MESSAGE][PASSED] - Object: 'Object Repository/Final Object Repo/New Registration - Registration Module Pages/Form 2/DOB Date' is clicked on

2018-12-13 12:01:23 - [TEST_STEP][PASSED] - delay: Delayed 2 second(s)

2018-12-13 12:01:25 - [MESSAGE][PASSED] - Delayed 2 second(s)

2018-12-13 12:01:25 - [TEST_STEP][PASSED] - click: Object: 'Object Repository/Final Object Repo/New Registration - Registration Module Pages/Form 2/EmploymentStartDate Pop Up' is clicked on

2018-12-13 12:01:25 - [MESSAGE][PASSED] - Object: 'Object Repository/Final Object Repo/New Registration - Registration Module Pages/Form 2/EmploymentStartDate Pop Up' is clicked on

2018-12-13 12:01:25 - [TEST_STEP][PASSED] - delay: Delayed 2 second(s)

2018-12-13 12:01:27 - [MESSAGE][PASSED] - Delayed 2 second(s)

2018-12-13 12:01:27 - [TEST_STEP][PASSED] - click: Object: 'Object Repository/Final Object Repo/New Registration - Registration Module Pages/Form 2/Socso Employment StartDate Month' is clicked on

2018-12-13 12:01:27 - [MESSAGE][PASSED] - Object: 'Object Repository/Final Object Repo/New Registration - Registration Module Pages/Form 2/Socso Employment StartDate Month' is clicked on

2018-12-13 12:01:27 - [TEST_STEP][PASSED] - delay: Delayed 1 second(s)

2018-12-13 12:01:28 - [MESSAGE][PASSED] - Delayed 1 second(s)

2018-12-13 12:01:28 - [TEST_STEP][PASSED] - click: Object: 'Object Repository/Final Object Repo/New Registration - Registration Module Pages/Form 2/Select Socso Employement Startdate Month' is clicked on

2018-12-13 12:01:28 - [MESSAGE][PASSED] - Object: 'Object Repository/Final Object Repo/New Registration - Registration Module Pages/Form 2/Select Socso Employement Startdate Month' is clicked on

2018-12-13 12:01:28 - [TEST_STEP][PASSED] - delay: Delayed 2 second(s)

2018-12-13 12:01:30 - [MESSAGE][PASSED] - Delayed 2 second(s)

2018-12-13 12:01:30 - [TEST_STEP][PASSED] - click: Object: 'Object Repository/Final Object Repo/New Registration - Registration Module Pages/Form 2/Socso Employment StartDate Year' is clicked on

2018-12-13 12:01:30 - [MESSAGE][PASSED] - Object: 'Object Repository/Final Object Repo/New Registration - Registration Module Pages/Form 2/Socso Employment StartDate Year' is clicked on

2018-12-13 12:01:30 - [TEST_STEP][PASSED] - delay: Delayed 1 second(s)

2018-12-13 12:01:31 - [MESSAGE][PASSED] - Delayed 1 second(s)

2018-12-13 12:01:31 - [TEST_STEP][PASSED] - click: Object: 'Object Repository/Final Object Repo/New Registration - Registration Module Pages/Form 2/Select Socso Employment Startdate Year' is clicked on

2018-12-13 12:01:32 - [MESSAGE][PASSED] - Object: 'Object Repository/Final Object Repo/New Registration - Registration Module Pages/Form 2/Select Socso Employment Startdate Year' is clicked on

2018-12-13 12:01:32 - [TEST_STEP][PASSED] - delay: Delayed 2 second(s)

2018-12-13 12:01:34 - [MESSAGE][PASSED] - Delayed 2 second(s)

2018-12-13 12:01:34 - [TEST_STEP][PASSED] - click: Object: 'Object Repository/Final Object Repo/New Registration - Registration Module Pages/Form 2/Socso Employment Start Date Day' is clicked on

2018-12-13 12:01:34 - [MESSAGE][PASSED] - Object: 'Object Repository/Final Object Repo/New Registration - Registration Module Pages/Form 2/Socso Employment Start Date Day' is clicked on

2018-12-13 12:01:34 - [TEST_STEP][PASSED] - delay: Delayed 2 second(s)

2018-12-13 12:01:36 - [MESSAGE][PASSED] - Delayed 2 second(s)

2018-12-13 12:01:36 - [TEST_STEP][PASSED] - click: Object: 'Object Repository/Final Object Repo/New Registration - Registration Module Pages/Form 2/Save Button for Add Employee' is clicked on

2018-12-13 12:01:36 - [MESSAGE][PASSED] - Object: 'Object Repository/Final Object Repo/New Registration - Registration Module Pages/Form 2/Save Button for Add Employee' is clicked on

2018-12-13 12:01:36 - [TEST_STEP][PASSED] - delay: Delayed 6 second(s)

2018-12-13 12:01:42 - [MESSAGE][PASSED] - Delayed 6 second(s)

2018-12-13 12:01:42 - [TEST_STEP][PASSED] - click: Object: 'Object Repository/Final Object Repo/New Registration - Registration Module Pages/Form 2/Save and Continue Form 2' is clicked on

2018-12-13 12:01:42 - [MESSAGE][PASSED] - Object: 'Object Repository/Final Object Repo/New Registration - Registration Module Pages/Form 2/Save and Continue Form 2' is clicked on

2018-12-13 12:01:42 - [MESSAGE][PASSED] - Call Test Case 'Test Cases/Final Aug 2018 - PKS Automation/Registration Module/New Registration/Form 2/Add 1 Eligible - Employer Account Use' successfully

2018-12-13 12:01:42 - [TEST_STEP][PASSED] - callTestCase: Call Test Case 'Test Cases/Final Aug 2018 - PKS Automation/Registration Module/New Registration/Flow of New Registration/Third Screen - Upload Supporting Doc - Preview' successfully

2018-12-13 12:01:42 - [TEST_CASE][PASSED] - Test Cases/Final Aug 2018 - PKS Automation/Registration Module/New Registration/Flow of New Registration/Third Screen - Upload Supporting Doc - Preview: Test Cases/Final Aug 2018 - PKS Automation/Registration Module/New Registration/Flow of New Registration/Third Screen - Upload Supporting Doc - Preview

2018-12-13 12:01:42 - [TEST_STEP][PASSED] - waitForPageLoad: Wait for page load successfully

2018-12-13 12:01:44 - [MESSAGE][PASSED] - Wait for page load successfully

2018-12-13 12:01:44 - [TEST_STEP][PASSED] - Statement - CaseReferenceNo = com.kms.katalon.core.webui.keyword.WebUiBuiltInKeywords.getText(com.kms.katalon.core.testobject.ObjectRepository.findTestObject(Final Object Repo/New Registration - Registration Module Pages/Third Screen - Upload Supporting Doc- Preview/RefNo Acquiring)): Text of object 'Object Repository/Final Object Repo/New Registration - Registration Module Pages/Third Screen - Upload Supporting Doc- Preview/RefNo Acquiring' is: 'CRN12201800123269'

2018-12-13 12:01:44 - [MESSAGE][PASSED] - Text of object 'Object Repository/Final Object Repo/New Registration - Registration Module Pages/Third Screen - Upload Supporting Doc- Preview/RefNo Acquiring' is: 'CRN12201800123269'

2018-12-13 12:01:44 - [TEST_STEP][PASSED] - delay: Delayed 2 second(s)

2018-12-13 12:01:46 - [MESSAGE][PASSED] - Delayed 2 second(s)

2018-12-13 12:01:46 - [TEST_STEP][PASSED] - callTestCase: Call Test Case 'Test Cases/Final Aug 2018 - PKS Automation/Common/Reference Number Setter' successfully

2018-12-13 12:01:46 - [TEST_CASE][PASSED] - Test Cases/Final Aug 2018 - PKS Automation/Common/Reference Number Setter: Test Cases/Final Aug 2018 - PKS Automation/Common/Reference Number Setter

2018-12-13 12:01:46 - [TEST_STEP][PASSED] - Statement - RefNoOldFile = new java.io.File(C://Users//Admin//Desktop//PKS//Automation Reference Point//KatalonReference.txt): null

2018-12-13 12:01:46 - [TEST_STEP][PASSED] - Statement - RefNoOldFile.delete(): null

2018-12-13 12:01:46 - [TEST_STEP][PASSED] - delay: Delayed 5 second(s)

2018-12-13 12:01:51 - [MESSAGE][PASSED] - Delayed 5 second(s)

2018-12-13 12:01:51 - [TEST_STEP][PASSED] - Statement - RefNo = new java.io.File(C://Users//Admin//Desktop//PKS//Automation Reference Point//KatalonReference.txt): null

2018-12-13 12:01:51 - [TEST_STEP][PASSED] - Statement - f2 = new java.io.FileWriter(RefNo, false): null

2018-12-13 12:01:51 - [TEST_STEP][PASSED] - Statement - f2.write(CaseReferenceNo): null

2018-12-13 12:01:51 - [TEST_STEP][PASSED] - Statement - f2.close(): null

2018-12-13 12:01:51 - [TEST_STEP][PASSED] - Statement - out.println("


" + CaseReferenceNo + "


"): null

2018-12-13 12:01:51 - [MESSAGE][PASSED] - Call Test Case 'Test Cases/Final Aug 2018 - PKS Automation/Common/Reference Number Setter' successfully

2018-12-13 12:01:51 - [TEST_STEP][PASSED] - waitForElementClickable: Object 'Object Repository/Final Object Repo/New Registration - Registration Module Pages/Third Screen - Upload Supporting Doc- Preview/Save n Continue in SIP Employee Listing Page' is clickable

2018-12-13 12:01:51 - [MESSAGE][PASSED] - Object 'Object Repository/Final Object Repo/New Registration - Registration Module Pages/Third Screen - Upload Supporting Doc- Preview/Save n Continue in SIP Employee Listing Page' is clickable

2018-12-13 12:01:51 - [TEST_STEP][PASSED] - click: Object: 'Object Repository/Final Object Repo/New Registration - Registration Module Pages/Third Screen - Upload Supporting Doc- Preview/Save n Continue in SIP Employee Listing Page' is clicked on

2018-12-13 12:01:56 - [MESSAGE][PASSED] - Object: 'Object Repository/Final Object Repo/New Registration - Registration Module Pages/Third Screen - Upload Supporting Doc- Preview/Save n Continue in SIP Employee Listing Page' is clicked on

2018-12-13 12:01:56 - [TEST_STEP][PASSED] - delay: Delayed 7 second(s)

2018-12-13 12:02:03 - [MESSAGE][PASSED] - Delayed 7 second(s)

2018-12-13 12:02:03 - [TEST_STEP][PASSED] - click: Object: 'Object Repository/Final Object Repo/New Registration - Registration Module Pages/Third Screen - Upload Supporting Doc- Preview/Add Document Button' is clicked on

2018-12-13 12:02:04 - [MESSAGE][PASSED] - Object: 'Object Repository/Final Object Repo/New Registration - Registration Module Pages/Third Screen - Upload Supporting Doc- Preview/Add Document Button' is clicked on

2018-12-13 12:02:04 - [TEST_STEP][PASSED] - delay: Delayed 30 second(s)

2018-12-13 12:02:34 - [MESSAGE][PASSED] - Delayed 30 second(s)

2018-12-13 12:02:34 - [TEST_STEP][PASSED] - click: Object: 'Object Repository/Final Object Repo/New Registration - Registration Module Pages/Third Screen - Upload Supporting Doc- Preview/Supporting Doc Please Select Drop Down' is clicked on

2018-12-13 12:02:34 - [MESSAGE][PASSED] - Object: 'Object Repository/Final Object Repo/New Registration - Registration Module Pages/Third Screen - Upload Supporting Doc- Preview/Supporting Doc Please Select Drop Down' is clicked on

2018-12-13 12:02:34 - [TEST_STEP][PASSED] - delay: Delayed 2 second(s)

2018-12-13 12:02:36 - [MESSAGE][PASSED] - Delayed 2 second(s)

2018-12-13 12:02:36 - [TEST_STEP][PASSED] - click: Object: 'Object Repository/Final Object Repo/New Registration - Registration Module Pages/Third Screen - Upload Supporting Doc- Preview/Select to Upload Form 1' is clicked on

2018-12-13 12:02:36 - [MESSAGE][PASSED] - Object: 'Object Repository/Final Object Repo/New Registration - Registration Module Pages/Third Screen - Upload Supporting Doc- Preview/Select to Upload Form 1' is clicked on

2018-12-13 12:02:36 - [TEST_STEP][PASSED] - delay: Delayed 2 second(s)

2018-12-13 12:02:38 - [MESSAGE][PASSED] - Delayed 2 second(s)

2018-12-13 12:02:38 - [TEST_STEP][PASSED] - uploadFile: File 'C:\Users\Public\Pictures\Sample Pictures\Koala.jpg' sent to object: 'Object Repository/Final Object Repo/New Registration - Registration Module Pages/Third Screen - Upload Supporting Doc- Preview/Upload File Adding'

2018-12-13 12:02:38 - [MESSAGE][PASSED] - File 'C:\Users\Public\Pictures\Sample Pictures\Koala.jpg' sent to object: 'Object Repository/Final Object Repo/New Registration - Registration Module Pages/Third Screen - Upload Supporting Doc- Preview/Upload File Adding'

2018-12-13 12:02:38 - [TEST_STEP][PASSED] - delay: Delayed 5 second(s)

2018-12-13 12:02:43 - [MESSAGE][PASSED] - Delayed 5 second(s)

2018-12-13 12:02:43 - [TEST_STEP][PASSED] - click: Object: 'Object Repository/Final Object Repo/New Registration - Registration Module Pages/Third Screen - Upload Supporting Doc- Preview/Inner Form Add Document Button' is clicked on

2018-12-13 12:02:43 - [MESSAGE][PASSED] - Object: 'Object Repository/Final Object Repo/New Registration - Registration Module Pages/Third Screen - Upload Supporting Doc- Preview/Inner Form Add Document Button' is clicked on

2018-12-13 12:02:43 - [TEST_STEP][PASSED] - delay: Delayed 3 second(s)

2018-12-13 12:02:46 - [MESSAGE][PASSED] - Delayed 3 second(s)

2018-12-13 12:02:46 - [TEST_STEP][PASSED] - click: Object: 'Object Repository/Final Object Repo/New Registration - Registration Module Pages/Third Screen - Upload Supporting Doc- Preview/Add Document Button' is clicked on

2018-12-13 12:02:48 - [MESSAGE][PASSED] - Object: 'Object Repository/Final Object Repo/New Registration - Registration Module Pages/Third Screen - Upload Supporting Doc- Preview/Add Document Button' is clicked on

2018-12-13 12:02:48 - [TEST_STEP][PASSED] - delay: Delayed 30 second(s)

2018-12-13 12:03:18 - [MESSAGE][PASSED] - Delayed 30 second(s)

2018-12-13 12:03:18 - [TEST_STEP][PASSED] - click: Object: 'Object Repository/Final Object Repo/New Registration - Registration Module Pages/Third Screen - Upload Supporting Doc- Preview/Supporting Doc Please Select Drop Down' is clicked on

2018-12-13 12:03:18 - [MESSAGE][PASSED] - Object: 'Object Repository/Final Object Repo/New Registration - Registration Module Pages/Third Screen - Upload Supporting Doc- Preview/Supporting Doc Please Select Drop Down' is clicked on

2018-12-13 12:03:18 - [TEST_STEP][PASSED] - delay: Delayed 4 second(s)

2018-12-13 12:03:22 - [MESSAGE][PASSED] - Delayed 4 second(s)

2018-12-13 12:03:22 - [TEST_STEP][PASSED] - click: Object: 'Object Repository/Final Object Repo/New Registration - Registration Module Pages/Third Screen - Upload Supporting Doc- Preview/Select to Upload Form 2' is clicked on

2018-12-13 12:03:22 - [MESSAGE][PASSED] - Object: 'Object Repository/Final Object Repo/New Registration - Registration Module Pages/Third Screen - Upload Supporting Doc- Preview/Select to Upload Form 2' is clicked on

2018-12-13 12:03:22 - [TEST_STEP][PASSED] - delay: Delayed 2 second(s)

2018-12-13 12:03:24 - [MESSAGE][PASSED] - Delayed 2 second(s)

2018-12-13 12:03:24 - [TEST_STEP][PASSED] - uploadFile: File 'C:\Users\Public\Pictures\Sample Pictures\Koala.jpg' sent to object: 'Object Repository/Final Object Repo/New Registration - Registration Module Pages/Third Screen - Upload Supporting Doc- Preview/Upload File Adding'

2018-12-13 12:03:24 - [MESSAGE][PASSED] - File 'C:\Users\Public\Pictures\Sample Pictures\Koala.jpg' sent to object: 'Object Repository/Final Object Repo/New Registration - Registration Module Pages/Third Screen - Upload Supporting Doc- Preview/Upload File Adding'

2018-12-13 12:03:24 - [TEST_STEP][PASSED] - click: Object: 'Object Repository/Final Object Repo/New Registration - Registration Module Pages/Third Screen - Upload Supporting Doc- Preview/Inner Form Add Document Button' is clicked on

2018-12-13 12:03:24 - [MESSAGE][PASSED] - Object: 'Object Repository/Final Object Repo/New Registration - Registration Module Pages/Third Screen - Upload Supporting Doc- Preview/Inner Form Add Document Button' is clicked on

2018-12-13 12:03:24 - [TEST_STEP][PASSED] - delay: Delayed 5 second(s)

2018-12-13 12:03:29 - [MESSAGE][PASSED] - Delayed 5 second(s)

2018-12-13 12:03:29 - [TEST_STEP][PASSED] - click: Object: 'Object Repository/Final Object Repo/New Registration - Registration Module Pages/Third Screen - Upload Supporting Doc- Preview/Add Document Button' is clicked on

2018-12-13 12:03:29 - [MESSAGE][PASSED] - Object: 'Object Repository/Final Object Repo/New Registration - Registration Module Pages/Third Screen - Upload Supporting Doc- Preview/Add Document Button' is clicked on

2018-12-13 12:03:29 - [TEST_STEP][PASSED] - delay: Delayed 30 second(s)

2018-12-13 12:03:59 - [MESSAGE][PASSED] - Delayed 30 second(s)

2018-12-13 12:03:59 - [TEST_STEP][PASSED] - click: Object: 'Object Repository/Final Object Repo/New Registration - Registration Module Pages/Third Screen - Upload Supporting Doc- Preview/Supporting Doc Please Select Drop Down' is clicked on

2018-12-13 12:04:00 - [MESSAGE][PASSED] - Object: 'Object Repository/Final Object Repo/New Registration - Registration Module Pages/Third Screen - Upload Supporting Doc- Preview/Supporting Doc Please Select Drop Down' is clicked on

2018-12-13 12:04:00 - [TEST_STEP][PASSED] - click: Object: 'Object Repository/Final Object Repo/New Registration - Registration Module Pages/Third Screen - Upload Supporting Doc- Preview/Select to Upload Borang SIP 1' is clicked on

2018-12-13 12:04:00 - [MESSAGE][PASSED] - Object: 'Object Repository/Final Object Repo/New Registration - Registration Module Pages/Third Screen - Upload Supporting Doc- Preview/Select to Upload Borang SIP 1' is clicked on

2018-12-13 12:04:00 - [TEST_STEP][PASSED] - delay: Delayed 2 second(s)

2018-12-13 12:04:02 - [MESSAGE][PASSED] - Delayed 2 second(s)

2018-12-13 12:04:02 - [TEST_STEP][PASSED] - uploadFile: File 'C:\Users\Public\Pictures\Sample Pictures\Koala.jpg' sent to object: 'Object Repository/Final Object Repo/New Registration - Registration Module Pages/Third Screen - Upload Supporting Doc- Preview/Upload File Adding'

2018-12-13 12:04:02 - [MESSAGE][PASSED] - File 'C:\Users\Public\Pictures\Sample Pictures\Koala.jpg' sent to object: 'Object Repository/Final Object Repo/New Registration - Registration Module Pages/Third Screen - Upload Supporting Doc- Preview/Upload File Adding'

2018-12-13 12:04:02 - [TEST_STEP][PASSED] - click: Object: 'Object Repository/Final Object Repo/New Registration - Registration Module Pages/Third Screen - Upload Supporting Doc- Preview/Inner Form Add Document Button' is clicked on

2018-12-13 12:04:02 - [MESSAGE][PASSED] - Object: 'Object Repository/Final Object Repo/New Registration - Registration Module Pages/Third Screen - Upload Supporting Doc- Preview/Inner Form Add Document Button' is clicked on

2018-12-13 12:04:02 - [TEST_STEP][PASSED] - delay: Delayed 5 second(s)

2018-12-13 12:04:07 - [MESSAGE][PASSED] - Delayed 5 second(s)

2018-12-13 12:04:07 - [TEST_STEP][PASSED] - click: Object: 'Object Repository/Final Object Repo/New Registration - Registration Module Pages/Third Screen - Upload Supporting Doc- Preview/Add Document Button' is clicked on

2018-12-13 12:04:07 - [MESSAGE][PASSED] - Object: 'Object Repository/Final Object Repo/New Registration - Registration Module Pages/Third Screen - Upload Supporting Doc- Preview/Add Document Button' is clicked on

2018-12-13 12:04:07 - [TEST_STEP][PASSED] - delay: Delayed 30 second(s)

2018-12-13 12:04:37 - [MESSAGE][PASSED] - Delayed 30 second(s)

2018-12-13 12:04:37 - [TEST_STEP][PASSED] - click: Object: 'Object Repository/Final Object Repo/New Registration - Registration Module Pages/Third Screen - Upload Supporting Doc- Preview/Supporting Doc Please Select Drop Down' is clicked on

2018-12-13 12:04:37 - [MESSAGE][PASSED] - Object: 'Object Repository/Final Object Repo/New Registration - Registration Module Pages/Third Screen - Upload Supporting Doc- Preview/Supporting Doc Please Select Drop Down' is clicked on

2018-12-13 12:04:37 - [TEST_STEP][PASSED] - delay: Delayed 3 second(s)

2018-12-13 12:04:40 - [MESSAGE][PASSED] - Delayed 3 second(s)

2018-12-13 12:04:40 - [TEST_STEP][PASSED] - click: Object: 'Object Repository/Final Object Repo/New Registration - Registration Module Pages/Third Screen - Upload Supporting Doc- Preview/Select to Upload Borang SIP 2' is clicked on

2018-12-13 12:04:41 - [MESSAGE][PASSED] - Object: 'Object Repository/Final Object Repo/New Registration - Registration Module Pages/Third Screen - Upload Supporting Doc- Preview/Select to Upload Borang SIP 2' is clicked on

2018-12-13 12:04:41 - [TEST_STEP][PASSED] - delay: Delayed 2 second(s)

2018-12-13 12:04:43 - [MESSAGE][PASSED] - Delayed 2 second(s)

2018-12-13 12:04:43 - [TEST_STEP][PASSED] - uploadFile: File 'C:\Users\Public\Pictures\Sample Pictures\Koala.jpg' sent to object: 'Object Repository/Final Object Repo/New Registration - Registration Module Pages/Third Screen - Upload Supporting Doc- Preview/Upload File Adding'

2018-12-13 12:04:43 - [MESSAGE][PASSED] - File 'C:\Users\Public\Pictures\Sample Pictures\Koala.jpg' sent to object: 'Object Repository/Final Object Repo/New Registration - Registration Module Pages/Third Screen - Upload Supporting Doc- Preview/Upload File Adding'

2018-12-13 12:04:43 - [TEST_STEP][PASSED] - delay: Delayed 5 second(s)

2018-12-13 12:04:48 - [MESSAGE][PASSED] - Delayed 5 second(s)

2018-12-13 12:04:48 - [TEST_STEP][PASSED] - click: Object: 'Object Repository/Final Object Repo/New Registration - Registration Module Pages/Third Screen - Upload Supporting Doc- Preview/Inner Form Add Document Button' is clicked on

2018-12-13 12:04:48 - [MESSAGE][PASSED] - Object: 'Object Repository/Final Object Repo/New Registration - Registration Module Pages/Third Screen - Upload Supporting Doc- Preview/Inner Form Add Document Button' is clicked on

2018-12-13 12:04:48 - [TEST_STEP][PASSED] - delay: Delayed 3 second(s)

2018-12-13 12:04:51 - [MESSAGE][PASSED] - Delayed 3 second(s)

2018-12-13 12:04:51 - [TEST_STEP][PASSED] - waitForElementClickable: Object 'Object Repository/Final Object Repo/New Registration - Registration Module Pages/Third Screen - Upload Supporting Doc- Preview/Save n Continue in Uploading Supporting Doc Page' is clickable

2018-12-13 12:04:52 - [MESSAGE][PASSED] - Object 'Object Repository/Final Object Repo/New Registration - Registration Module Pages/Third Screen - Upload Supporting Doc- Preview/Save n Continue in Uploading Supporting Doc Page' is clickable

2018-12-13 12:04:52 - [TEST_STEP][PASSED] - click: Object: 'Object Repository/Final Object Repo/New Registration - Registration Module Pages/Third Screen - Upload Supporting Doc- Preview/Save n Continue in Uploading Supporting Doc Page' is clicked on

2018-12-13 12:04:52 - [MESSAGE][PASSED] - Object: 'Object Repository/Final Object Repo/New Registration - Registration Module Pages/Third Screen - Upload Supporting Doc- Preview/Save n Continue in Uploading Supporting Doc Page' is clicked on

2018-12-13 12:04:52 - [MESSAGE][PASSED] - Call Test Case 'Test Cases/Final Aug 2018 - PKS Automation/Registration Module/New Registration/Flow of New Registration/Third Screen - Upload Supporting Doc - Preview' successfully

2018-12-13 12:04:52 - [TEST_STEP][PASSED] - setText: Text 'Tester' is set on object 'Object Repository/Final Object Repo/New Registration - Registration Module Pages/New Reg - OTC to RO/Special Case - All Related Objects/Employer Preview Name'

2018-12-13 12:04:57 - [MESSAGE][PASSED] - Text 'Tester' is set on object 'Object Repository/Final Object Repo/New Registration - Registration Module Pages/New Reg - OTC to RO/Special Case - All Related Objects/Employer Preview Name'

2018-12-13 12:04:57 - [TEST_STEP][PASSED] - click: Object: 'Object Repository/Final Object Repo/New Registration - Registration Module Pages/New Reg - OTC to RO/Special Case - All Related Objects/IC Type Drop Down' is clicked on

2018-12-13 12:04:58 - [MESSAGE][PASSED] - Object: 'Object Repository/Final Object Repo/New Registration - Registration Module Pages/New Reg - OTC to RO/Special Case - All Related Objects/IC Type Drop Down' is clicked on

2018-12-13 12:04:58 - [TEST_STEP][PASSED] - click: Object: 'Object Repository/Final Object Repo/New Registration - Registration Module Pages/New Reg - OTC to RO/Special Case - All Related Objects/Select to NRIC' is clicked on

2018-12-13 12:04:58 - [MESSAGE][PASSED] - Object: 'Object Repository/Final Object Repo/New Registration - Registration Module Pages/New Reg - OTC to RO/Special Case - All Related Objects/Select to NRIC' is clicked on

2018-12-13 12:04:58 - [TEST_STEP][PASSED] - setText: Text '133245561223' is set on object 'Object Repository/Final Object Repo/New Registration - Registration Module Pages/New Reg - OTC to RO/Special Case - All Related Objects/IC Value'

2018-12-13 12:04:58 - [MESSAGE][PASSED] - Text '133245561223' is set on object 'Object Repository/Final Object Repo/New Registration - Registration Module Pages/New Reg - OTC to RO/Special Case - All Related Objects/IC Value'

2018-12-13 12:04:58 - [TEST_STEP][PASSED] - setText: Text 'Auto' is set on object 'Object Repository/Final Object Repo/New Registration - Registration Module Pages/New Reg - OTC to RO/Special Case - All Related Objects/Designation'

2018-12-13 12:04:58 - [MESSAGE][PASSED] - Text 'Auto' is set on object 'Object Repository/Final Object Repo/New Registration - Registration Module Pages/New Reg - OTC to RO/Special Case - All Related Objects/Designation'

2018-12-13 12:04:58 - [TEST_STEP][PASSED] - callTestCase: Call Test Case 'Test Cases/Final Aug 2018 - PKS Automation/Registration Module/New Registration/Submit and Screenshot/Submit Registration and Screenshot - Copy' successfully

2018-12-13 12:04:58 - [TEST_CASE][PASSED] - Test Cases/Final Aug 2018 - PKS Automation/Registration Module/New Registration/Submit and Screenshot/Submit Registration and Screenshot - Copy: Test Cases/Final Aug 2018 - PKS Automation/Registration Module/New Registration/Submit and Screenshot/Submit Registration and Screenshot - Copy

2018-12-13 12:04:58 - [TEST_STEP][PASSED] - delay: Delayed 6 second(s)

2018-12-13 12:05:04 - [MESSAGE][PASSED] - Delayed 6 second(s)

2018-12-13 12:05:04 - [TEST_STEP][PASSED] - click: Object: 'Object Repository/Final Object Repo/New Registration - Registration Module Pages/Third Screen - Upload Supporting Doc- Preview/Preview Submit Button' is clicked on

2018-12-13 12:05:05 - [MESSAGE][PASSED] - Object: 'Object Repository/Final Object Repo/New Registration - Registration Module Pages/Third Screen - Upload Supporting Doc- Preview/Preview Submit Button' is clicked on

2018-12-13 12:05:05 - [TEST_STEP][PASSED] - delay: Delayed 2 second(s)

2018-12-13 12:05:07 - [MESSAGE][PASSED] - Delayed 2 second(s)

2018-12-13 12:05:07 - [TEST_STEP][PASSED] - click: Object: 'Object Repository/Final Object Repo/New Registration - Registration Module Pages/Third Screen - Upload Supporting Doc- Preview/Preview Submit - Confirm' is clicked on

2018-12-13 12:05:07 - [MESSAGE][PASSED] - Object: 'Object Repository/Final Object Repo/New Registration - Registration Module Pages/Third Screen - Upload Supporting Doc- Preview/Preview Submit - Confirm' is clicked on

2018-12-13 12:05:07 - [TEST_STEP][PASSED] - delay: Delayed 15 second(s)

2018-12-13 12:05:22 - [MESSAGE][PASSED] - Delayed 15 second(s)

2018-12-13 12:05:22 - [TEST_STEP][PASSED] - Statement - driver = com.kms.katalon.core.webui.driver.DriverFactory.getWebDriver(): null

2018-12-13 12:05:22 - [TEST_STEP][PASSED] - Statement - driver.manage().timeouts().implicitlyWait(10, SECONDS): null

2018-12-13 12:05:22 - [TEST_STEP][PASSED] - Statement - PresavePath = KatalonScreenshots: null

2018-12-13 12:05:22 - [TEST_STEP][PASSED] - Statement - pathPrefix = "C:\Users\Public\Pictures\Sample Pictures\Katalon Screenshots\Automate Ending Screen": null

2018-12-13 12:05:22 - [TEST_STEP][PASSED] - Statement - finalPath = <not implemented yet for class: org.codehaus.groovy.ast.expr.EmptyExpression>: null

2018-12-13 12:05:22 - [TEST_STEP][PASSED] - Statement - scrFile = driver.getScreenshotAs(FILE): null

2018-12-13 12:05:22 - [TEST_STEP][PASSED] - Statement - PreSaveFile = new java.io.File(PresavePath): null

2018-12-13 12:05:22 - [TEST_STEP][PASSED] - Statement - counter = 0: null

2018-12-13 12:05:22 - [TEST_STEP][PASSED] - Statement - If (PreSaveFile.exists()): null

2018-12-13 12:05:22 - [TEST_STEP][PASSED] - Statement - While (PreSaveFile.exists()): null

2018-12-13 12:05:22 - [TEST_STEP][PASSED] - Statement - counter = counter + 1: null

2018-12-13 12:05:22 - [TEST_STEP][PASSED] - Statement - PreSaveFile = new java.io.File(((pathPrefix + java.lang.Integer.toString(counter)) + .png)): null

2018-12-13 12:05:22 - [TEST_STEP][PASSED] - Statement - counter = counter + 1: null

2018-12-13 12:05:22 - [TEST_STEP][PASSED] - Statement - PreSaveFile = new java.io.File(((pathPrefix + java.lang.Integer.toString(counter)) + .png)): null

2018-12-13 12:05:22 - [TEST_STEP][PASSED] - Statement - counter = counter + 1: null

2018-12-13 12:05:22 - [TEST_STEP][PASSED] - Statement - PreSaveFile = new java.io.File(((pathPrefix + java.lang.Integer.toString(counter)) + .png)): null

2018-12-13 12:05:22 - [TEST_STEP][PASSED] - Statement - counter = counter + 1: null

2018-12-13 12:05:22 - [TEST_STEP][PASSED] - Statement - PreSaveFile = new java.io.File(((pathPrefix + java.lang.Integer.toString(counter)) + .png)): null

2018-12-13 12:05:22 - [TEST_STEP][PASSED] - Statement - counter = counter + 1: null

2018-12-13 12:05:22 - [TEST_STEP][PASSED] - Statement - PreSaveFile = new java.io.File(((pathPrefix + java.lang.Integer.toString(counter)) + .png)): null

2018-12-13 12:05:22 - [TEST_STEP][PASSED] - Statement - counter = counter + 1: null

2018-12-13 12:05:22 - [TEST_STEP][PASSED] - Statement - PreSaveFile = new java.io.File(((pathPrefix + java.lang.Integer.toString(counter)) + .png)): null

2018-12-13 12:05:22 - [TEST_STEP][PASSED] - Statement - counter = counter + 1: null

2018-12-13 12:05:22 - [TEST_STEP][PASSED] - Statement - PreSaveFile = new java.io.File(((pathPrefix + java.lang.Integer.toString(counter)) + .png)): null

2018-12-13 12:05:22 - [TEST_STEP][PASSED] - Statement - counter = counter + 1: null

2018-12-13 12:05:22 - [TEST_STEP][PASSED] - Statement - PreSaveFile = new java.io.File(((pathPrefix + java.lang.Integer.toString(counter)) + .png)): null

2018-12-13 12:05:22 - [TEST_STEP][PASSED] - Statement - counter = counter + 1: null

2018-12-13 12:05:22 - [TEST_STEP][PASSED] - Statement - PreSaveFile = new java.io.File(((pathPrefix + java.lang.Integer.toString(counter)) + .png)): null

2018-12-13 12:05:22 - [TEST_STEP][PASSED] - Statement - counter = counter + 1: null

2018-12-13 12:05:22 - [TEST_STEP][PASSED] - Statement - PreSaveFile = new java.io.File(((pathPrefix + java.lang.Integer.toString(counter)) + .png)): null

2018-12-13 12:05:22 - [TEST_STEP][PASSED] - Statement - counter = counter + 1: null

2018-12-13 12:05:22 - [TEST_STEP][PASSED] - Statement - PreSaveFile = new java.io.File(((pathPrefix + java.lang.Integer.toString(counter)) + .png)): null

2018-12-13 12:05:22 - [TEST_STEP][PASSED] - Statement - counter = counter + 1: null

2018-12-13 12:05:22 - [TEST_STEP][PASSED] - Statement - PreSaveFile = new java.io.File(((pathPrefix + java.lang.Integer.toString(counter)) + .png)): null

2018-12-13 12:05:22 - [TEST_STEP][PASSED] - Statement - counter = counter + 1: null

2018-12-13 12:05:22 - [TEST_STEP][PASSED] - Statement - PreSaveFile = new java.io.File(((pathPrefix + java.lang.Integer.toString(counter)) + .png)): null

2018-12-13 12:05:22 - [TEST_STEP][PASSED] - Statement - counter = counter + 1: null

2018-12-13 12:05:22 - [TEST_STEP][PASSED] - Statement - PreSaveFile = new java.io.File(((pathPrefix + java.lang.Integer.toString(counter)) + .png)): null

2018-12-13 12:05:22 - [TEST_STEP][PASSED] - Statement - counter = counter + 1: null

2018-12-13 12:05:22 - [TEST_STEP][PASSED] - Statement - PreSaveFile = new java.io.File(((pathPrefix + java.lang.Integer.toString(counter)) + .png)): null

2018-12-13 12:05:22 - [TEST_STEP][PASSED] - Statement - counter = counter + 1: null

2018-12-13 12:05:22 - [TEST_STEP][PASSED] - Statement - PreSaveFile = new java.io.File(((pathPrefix + java.lang.Integer.toString(counter)) + .png)): null

2018-12-13 12:05:22 - [TEST_STEP][PASSED] - Statement - counter = counter + 1: null

2018-12-13 12:05:22 - [TEST_STEP][PASSED] - Statement - PreSaveFile = new java.io.File(((pathPrefix + java.lang.Integer.toString(counter)) + .png)): null

2018-12-13 12:05:22 - [TEST_STEP][PASSED] - Statement - counter = counter + 1: null

2018-12-13 12:05:22 - [TEST_STEP][PASSED] - Statement - PreSaveFile = new java.io.File(((pathPrefix + java.lang.Integer.toString(counter)) + .png)): null

2018-12-13 12:05:22 - [TEST_STEP][PASSED] - Statement - counter = counter + 1: null

2018-12-13 12:05:22 - [TEST_STEP][PASSED] - Statement - PreSaveFile = new java.io.File(((pathPrefix + java.lang.Integer.toString(counter)) + .png)): null

2018-12-13 12:05:22 - [TEST_STEP][PASSED] - Statement - counter = counter + 1: null

2018-12-13 12:05:22 - [TEST_STEP][PASSED] - Statement - PreSaveFile = new java.io.File(((pathPrefix + java.lang.Integer.toString(counter)) + .png)): null

2018-12-13 12:05:22 - [TEST_STEP][PASSED] - Statement - counter = counter + 1: null

2018-12-13 12:05:22 - [TEST_STEP][PASSED] - Statement - PreSaveFile = new java.io.File(((pathPrefix + java.lang.Integer.toString(counter)) + .png)): null

2018-12-13 12:05:22 - [TEST_STEP][PASSED] - Statement - counter = counter + 1: null

2018-12-13 12:05:22 - [TEST_STEP][PASSED] - Statement - PreSaveFile = new java.io.File(((pathPrefix + java.lang.Integer.toString(counter)) + .png)): null

2018-12-13 12:05:22 - [TEST_STEP][PASSED] - Statement - counter = counter + 1: null

2018-12-13 12:05:22 - [TEST_STEP][PASSED] - Statement - PreSaveFile = new java.io.File(((pathPrefix + java.lang.Integer.toString(counter)) + .png)): null

2018-12-13 12:05:22 - [TEST_STEP][PASSED] - Statement - counter = counter + 1: null

2018-12-13 12:05:22 - [TEST_STEP][PASSED] - Statement - PreSaveFile = new java.io.File(((pathPrefix + java.lang.Integer.toString(counter)) + .png)): null

2018-12-13 12:05:22 - [TEST_STEP][PASSED] - Statement - counter = counter + 1: null

2018-12-13 12:05:22 - [TEST_STEP][PASSED] - Statement - PreSaveFile = new java.io.File(((pathPrefix + java.lang.Integer.toString(counter)) + .png)): null

2018-12-13 12:05:22 - [TEST_STEP][PASSED] - Statement - counter = counter + 1: null

2018-12-13 12:05:22 - [TEST_STEP][PASSED] - Statement - PreSaveFile = new java.io.File(((pathPrefix + java.lang.Integer.toString(counter)) + .png)): null

2018-12-13 12:05:22 - [TEST_STEP][PASSED] - Statement - counter = counter + 1: null

2018-12-13 12:05:22 - [TEST_STEP][PASSED] - Statement - PreSaveFile = new java.io.File(((pathPrefix + java.lang.Integer.toString(counter)) + .png)): null

2018-12-13 12:05:22 - [TEST_STEP][PASSED] - Statement - counter = counter + 1: null

2018-12-13 12:05:22 - [TEST_STEP][PASSED] - Statement - PreSaveFile = new java.io.File(((pathPrefix + java.lang.Integer.toString(counter)) + .png)): null

2018-12-13 12:05:22 - [TEST_STEP][PASSED] - Statement - counter = counter + 1: null

2018-12-13 12:05:22 - [TEST_STEP][PASSED] - Statement - PreSaveFile = new java.io.File(((pathPrefix + java.lang.Integer.toString(counter)) + .png)): null

2018-12-13 12:05:22 - [TEST_STEP][PASSED] - Statement - counter = counter + 1: null

2018-12-13 12:05:22 - [TEST_STEP][PASSED] - Statement - PreSaveFile = new java.io.File(((pathPrefix + java.lang.Integer.toString(counter)) + .png)): null

2018-12-13 12:05:22 - [TEST_STEP][PASSED] - Statement - counter = counter + 1: null

2018-12-13 12:05:22 - [TEST_STEP][PASSED] - Statement - PreSaveFile = new java.io.File(((pathPrefix + java.lang.Integer.toString(counter)) + .png)): null

2018-12-13 12:05:22 - [TEST_STEP][PASSED] - Statement - counter = counter + 1: null

2018-12-13 12:05:22 - [TEST_STEP][PASSED] - Statement - PreSaveFile = new java.io.File(((pathPrefix + java.lang.Integer.toString(counter)) + .png)): null

2018-12-13 12:05:22 - [TEST_STEP][PASSED] - Statement - counter = counter + 1: null

2018-12-13 12:05:22 - [TEST_STEP][PASSED] - Statement - PreSaveFile = new java.io.File(((pathPrefix + java.lang.Integer.toString(counter)) + .png)): null

2018-12-13 12:05:22 - [TEST_STEP][PASSED] - Statement - counter = counter + 1: null

2018-12-13 12:05:22 - [TEST_STEP][PASSED] - Statement - PreSaveFile = new java.io.File(((pathPrefix + java.lang.Integer.toString(counter)) + .png)): null

2018-12-13 12:05:22 - [TEST_STEP][PASSED] - Statement - counter = counter + 1: null

2018-12-13 12:05:22 - [TEST_STEP][PASSED] - Statement - PreSaveFile = new java.io.File(((pathPrefix + java.lang.Integer.toString(counter)) + .png)): null

2018-12-13 12:05:22 - [TEST_STEP][PASSED] - Statement - counter = counter + 1: null

2018-12-13 12:05:22 - [TEST_STEP][PASSED] - Statement - PreSaveFile = new java.io.File(((pathPrefix + java.lang.Integer.toString(counter)) + .png)): null

2018-12-13 12:05:22 - [TEST_STEP][PASSED] - Statement - counter = counter + 1: null

2018-12-13 12:05:22 - [TEST_STEP][PASSED] - Statement - PreSaveFile = new java.io.File(((pathPrefix + java.lang.Integer.toString(counter)) + .png)): null

2018-12-13 12:05:22 - [TEST_STEP][PASSED] - Statement - counter = counter + 1: null

2018-12-13 12:05:22 - [TEST_STEP][PASSED] - Statement - PreSaveFile = new java.io.File(((pathPrefix + java.lang.Integer.toString(counter)) + .png)): null

2018-12-13 12:05:22 - [TEST_STEP][PASSED] - Statement - counter = counter + 1: null

2018-12-13 12:05:22 - [TEST_STEP][PASSED] - Statement - PreSaveFile = new java.io.File(((pathPrefix + java.lang.Integer.toString(counter)) + .png)): null

2018-12-13 12:05:22 - [TEST_STEP][PASSED] - Statement - counter = counter + 1: null

2018-12-13 12:05:22 - [TEST_STEP][PASSED] - Statement - PreSaveFile = new java.io.File(((pathPrefix + java.lang.Integer.toString(counter)) + .png)): null

2018-12-13 12:05:22 - [TEST_STEP][PASSED] - Statement - counter = counter + 1: null

2018-12-13 12:05:22 - [TEST_STEP][PASSED] - Statement - PreSaveFile = new java.io.File(((pathPrefix + java.lang.Integer.toString(counter)) + .png)): null

2018-12-13 12:05:22 - [TEST_STEP][PASSED] - Statement - counter = counter + 1: null

2018-12-13 12:05:22 - [TEST_STEP][PASSED] - Statement - PreSaveFile = new java.io.File(((pathPrefix + java.lang.Integer.toString(counter)) + .png)): null

2018-12-13 12:05:22 - [TEST_STEP][PASSED] - Statement - counter = counter + 1: null

2018-12-13 12:05:22 - [TEST_STEP][PASSED] - Statement - PreSaveFile = new java.io.File(((pathPrefix + java.lang.Integer.toString(counter)) + .png)): null

2018-12-13 12:05:22 - [TEST_STEP][PASSED] - Statement - counter = counter + 1: null

2018-12-13 12:05:22 - [TEST_STEP][PASSED] - Statement - PreSaveFile = new java.io.File(((pathPrefix + java.lang.Integer.toString(counter)) + .png)): null

2018-12-13 12:05:22 - [TEST_STEP][PASSED] - Statement - counter = counter + 1: null

2018-12-13 12:05:22 - [TEST_STEP][PASSED] - Statement - PreSaveFile = new java.io.File(((pathPrefix + java.lang.Integer.toString(counter)) + .png)): null

2018-12-13 12:05:22 - [TEST_STEP][PASSED] - Statement - counter = counter + 1: null

2018-12-13 12:05:22 - [TEST_STEP][PASSED] - Statement - PreSaveFile = new java.io.File(((pathPrefix + java.lang.Integer.toString(counter)) + .png)): null

2018-12-13 12:05:22 - [TEST_STEP][PASSED] - Statement - counter = counter + 1: null

2018-12-13 12:05:22 - [TEST_STEP][PASSED] - Statement - PreSaveFile = new java.io.File(((pathPrefix + java.lang.Integer.toString(counter)) + .png)): null

2018-12-13 12:05:22 - [TEST_STEP][PASSED] - Statement - counter = counter + 1: null

2018-12-13 12:05:22 - [TEST_STEP][PASSED] - Statement - PreSaveFile = new java.io.File(((pathPrefix + java.lang.Integer.toString(counter)) + .png)): null

2018-12-13 12:05:22 - [TEST_STEP][PASSED] - Statement - counter = counter + 1: null

2018-12-13 12:05:22 - [TEST_STEP][PASSED] - Statement - PreSaveFile = new java.io.File(((pathPrefix + java.lang.Integer.toString(counter)) + .png)): null

2018-12-13 12:05:22 - [TEST_STEP][PASSED] - Statement - counter = counter + 1: null

2018-12-13 12:05:22 - [TEST_STEP][PASSED] - Statement - PreSaveFile = new java.io.File(((pathPrefix + java.lang.Integer.toString(counter)) + .png)): null

2018-12-13 12:05:22 - [TEST_STEP][PASSED] - Statement - counter = counter + 1: null

2018-12-13 12:05:22 - [TEST_STEP][PASSED] - Statement - PreSaveFile = new java.io.File(((pathPrefix + java.lang.Integer.toString(counter)) + .png)): null

2018-12-13 12:05:22 - [TEST_STEP][PASSED] - Statement - counter = counter + 1: null

2018-12-13 12:05:22 - [TEST_STEP][PASSED] - Statement - PreSaveFile = new java.io.File(((pathPrefix + java.lang.Integer.toString(counter)) + .png)): null

2018-12-13 12:05:22 - [TEST_STEP][PASSED] - Statement - counter = counter + 1: null

2018-12-13 12:05:22 - [TEST_STEP][PASSED] - Statement - PreSaveFile = new java.io.File(((pathPrefix + java.lang.Integer.toString(counter)) + .png)): null

2018-12-13 12:05:22 - [TEST_STEP][PASSED] - Statement - counter = counter + 1: null

2018-12-13 12:05:22 - [TEST_STEP][PASSED] - Statement - PreSaveFile = new java.io.File(((pathPrefix + java.lang.Integer.toString(counter)) + .png)): null

2018-12-13 12:05:22 - [TEST_STEP][PASSED] - Statement - counter = counter + 1: null

2018-12-13 12:05:22 - [TEST_STEP][PASSED] - Statement - PreSaveFile = new java.io.File(((pathPrefix + java.lang.Integer.toString(counter)) + .png)): null

2018-12-13 12:05:22 - [TEST_STEP][PASSED] - Statement - counter = counter + 1: null

2018-12-13 12:05:22 - [TEST_STEP][PASSED] - Statement - PreSaveFile = new java.io.File(((pathPrefix + java.lang.Integer.toString(counter)) + .png)): null

2018-12-13 12:05:22 - [TEST_STEP][PASSED] - Statement - counter = counter + 1: null

2018-12-13 12:05:22 - [TEST_STEP][PASSED] - Statement - PreSaveFile = new java.io.File(((pathPrefix + java.lang.Integer.toString(counter)) + .png)): null

2018-12-13 12:05:22 - [TEST_STEP][PASSED] - Statement - counter = counter + 1: null

2018-12-13 12:05:22 - [TEST_STEP][PASSED] - Statement - PreSaveFile = new java.io.File(((pathPrefix + java.lang.Integer.toString(counter)) + .png)): null

2018-12-13 12:05:22 - [TEST_STEP][PASSED] - Statement - counter = counter + 1: null

2018-12-13 12:05:22 - [TEST_STEP][PASSED] - Statement - PreSaveFile = new java.io.File(((pathPrefix + java.lang.Integer.toString(counter)) + .png)): null

2018-12-13 12:05:22 - [TEST_STEP][PASSED] - Statement - counter = counter + 1: null

2018-12-13 12:05:22 - [TEST_STEP][PASSED] - Statement - PreSaveFile = new java.io.File(((pathPrefix + java.lang.Integer.toString(counter)) + .png)): null

2018-12-13 12:05:23 - [TEST_STEP][PASSED] - Statement - counter = counter + 1: null

2018-12-13 12:05:23 - [TEST_STEP][PASSED] - Statement - PreSaveFile = new java.io.File(((pathPrefix + java.lang.Integer.toString(counter)) + .png)): null

2018-12-13 12:05:23 - [TEST_STEP][PASSED] - Statement - counter = counter + 1: null

2018-12-13 12:05:23 - [TEST_STEP][PASSED] - Statement - PreSaveFile = new java.io.File(((pathPrefix + java.lang.Integer.toString(counter)) + .png)): null

2018-12-13 12:05:23 - [TEST_STEP][PASSED] - Statement - counter = counter + 1: null

2018-12-13 12:05:23 - [TEST_STEP][PASSED] - Statement - PreSaveFile = new java.io.File(((pathPrefix + java.lang.Integer.toString(counter)) + .png)): null

2018-12-13 12:05:23 - [TEST_STEP][PASSED] - Statement - counter = counter + 1: null

2018-12-13 12:05:23 - [TEST_STEP][PASSED] - Statement - PreSaveFile = new java.io.File(((pathPrefix + java.lang.Integer.toString(counter)) + .png)): null

2018-12-13 12:05:23 - [TEST_STEP][PASSED] - Statement - counter = counter + 1: null

2018-12-13 12:05:23 - [TEST_STEP][PASSED] - Statement - PreSaveFile = new java.io.File(((pathPrefix + java.lang.Integer.toString(counter)) + .png)): null

2018-12-13 12:05:23 - [TEST_STEP][PASSED] - Statement - counter = counter + 1: null

2018-12-13 12:05:23 - [TEST_STEP][PASSED] - Statement - PreSaveFile = new java.io.File(((pathPrefix + java.lang.Integer.toString(counter)) + .png)): null

2018-12-13 12:05:23 - [TEST_STEP][PASSED] - Statement - counter = counter + 1: null

2018-12-13 12:05:23 - [TEST_STEP][PASSED] - Statement - PreSaveFile = new java.io.File(((pathPrefix + java.lang.Integer.toString(counter)) + .png)): null

2018-12-13 12:05:23 - [TEST_STEP][PASSED] - Statement - counter = counter + 1: null

2018-12-13 12:05:23 - [TEST_STEP][PASSED] - Statement - PreSaveFile = new java.io.File(((pathPrefix + java.lang.Integer.toString(counter)) + .png)): null

2018-12-13 12:05:23 - [TEST_STEP][PASSED] - Statement - counter = counter + 1: null

2018-12-13 12:05:23 - [TEST_STEP][PASSED] - Statement - PreSaveFile = new java.io.File(((pathPrefix + java.lang.Integer.toString(counter)) + .png)): null

2018-12-13 12:05:23 - [TEST_STEP][PASSED] - Statement - counter = counter + 1: null

2018-12-13 12:05:23 - [TEST_STEP][PASSED] - Statement - PreSaveFile = new java.io.File(((pathPrefix + java.lang.Integer.toString(counter)) + .png)): null

2018-12-13 12:05:23 - [TEST_STEP][PASSED] - Statement - counter = counter + 1: null

2018-12-13 12:05:23 - [TEST_STEP][PASSED] - Statement - PreSaveFile = new java.io.File(((pathPrefix + java.lang.Integer.toString(counter)) + .png)): null

2018-12-13 12:05:23 - [TEST_STEP][PASSED] - Statement - counter = counter + 1: null

2018-12-13 12:05:23 - [TEST_STEP][PASSED] - Statement - PreSaveFile = new java.io.File(((pathPrefix + java.lang.Integer.toString(counter)) + .png)): null

2018-12-13 12:05:23 - [TEST_STEP][PASSED] - Statement - counter = counter + 1: null

2018-12-13 12:05:23 - [TEST_STEP][PASSED] - Statement - PreSaveFile = new java.io.File(((pathPrefix + java.lang.Integer.toString(counter)) + .png)): null

2018-12-13 12:05:23 - [TEST_STEP][PASSED] - Statement - counter = counter + 1: null

2018-12-13 12:05:23 - [TEST_STEP][PASSED] - Statement - PreSaveFile = new java.io.File(((pathPrefix + java.lang.Integer.toString(counter)) + .png)): null

2018-12-13 12:05:23 - [TEST_STEP][PASSED] - Statement - counter = counter + 1: null

2018-12-13 12:05:23 - [TEST_STEP][PASSED] - Statement - PreSaveFile = new java.io.File(((pathPrefix + java.lang.Integer.toString(counter)) + .png)): null

2018-12-13 12:05:23 - [TEST_STEP][PASSED] - Statement - counter = counter + 1: null

2018-12-13 12:05:23 - [TEST_STEP][PASSED] - Statement - PreSaveFile = new java.io.File(((pathPrefix + java.lang.Integer.toString(counter)) + .png)): null

2018-12-13 12:05:23 - [TEST_STEP][PASSED] - Statement - counter = counter + 1: null

2018-12-13 12:05:23 - [TEST_STEP][PASSED] - Statement - PreSaveFile = new java.io.File(((pathPrefix + java.lang.Integer.toString(counter)) + .png)): null

2018-12-13 12:05:23 - [TEST_STEP][PASSED] - Statement - counter = counter + 1: null

2018-12-13 12:05:23 - [TEST_STEP][PASSED] - Statement - PreSaveFile = new java.io.File(((pathPrefix + java.lang.Integer.toString(counter)) + .png)): null

2018-12-13 12:05:23 - [TEST_STEP][PASSED] - Statement - counter = counter + 1: null

2018-12-13 12:05:23 - [TEST_STEP][PASSED] - Statement - PreSaveFile = new java.io.File(((pathPrefix + java.lang.Integer.toString(counter)) + .png)): null

2018-12-13 12:05:23 - [TEST_STEP][PASSED] - Statement - counter = counter + 1: null

2018-12-13 12:05:23 - [TEST_STEP][PASSED] - Statement - PreSaveFile = new java.io.File(((pathPrefix + java.lang.Integer.toString(counter)) + .png)): null

2018-12-13 12:05:23 - [TEST_STEP][PASSED] - Statement - counter = counter + 1: null

2018-12-13 12:05:23 - [TEST_STEP][PASSED] - Statement - PreSaveFile = new java.io.File(((pathPrefix + java.lang.Integer.toString(counter)) + .png)): null

2018-12-13 12:05:23 - [TEST_STEP][PASSED] - Statement - counter = counter + 1: null

2018-12-13 12:05:23 - [TEST_STEP][PASSED] - Statement - PreSaveFile = new java.io.File(((pathPrefix + java.lang.Integer.toString(counter)) + .png)): null

2018-12-13 12:05:23 - [TEST_STEP][PASSED] - Statement - counter = counter + 1: null

2018-12-13 12:05:23 - [TEST_STEP][PASSED] - Statement - PreSaveFile = new java.io.File(((pathPrefix + java.lang.Integer.toString(counter)) + .png)): null

2018-12-13 12:05:23 - [TEST_STEP][PASSED] - Statement - counter = counter + 1: null

2018-12-13 12:05:23 - [TEST_STEP][PASSED] - Statement - PreSaveFile = new java.io.File(((pathPrefix + java.lang.Integer.toString(counter)) + .png)): null

2018-12-13 12:05:23 - [TEST_STEP][PASSED] - Statement - counter = counter + 1: null

2018-12-13 12:05:23 - [TEST_STEP][PASSED] - Statement - PreSaveFile = new java.io.File(((pathPrefix + java.lang.Integer.toString(counter)) + .png)): null

2018-12-13 12:05:23 - [TEST_STEP][PASSED] - Statement - counter = counter + 1: null

2018-12-13 12:05:23 - [TEST_STEP][PASSED] - Statement - PreSaveFile = new java.io.File(((pathPrefix + java.lang.Integer.toString(counter)) + .png)): null

2018-12-13 12:05:23 - [TEST_STEP][PASSED] - Statement - counter = counter + 1: null

2018-12-13 12:05:23 - [TEST_STEP][PASSED] - Statement - PreSaveFile = new java.io.File(((pathPrefix + java.lang.Integer.toString(counter)) + .png)): null

2018-12-13 12:05:23 - [TEST_STEP][PASSED] - Statement - counter = counter + 1: null

2018-12-13 12:05:23 - [TEST_STEP][PASSED] - Statement - PreSaveFile = new java.io.File(((pathPrefix + java.lang.Integer.toString(counter)) + .png)): null

2018-12-13 12:05:23 - [TEST_STEP][PASSED] - Statement - counter = counter + 1: null

2018-12-13 12:05:23 - [TEST_STEP][PASSED] - Statement - PreSaveFile = new java.io.File(((pathPrefix + java.lang.Integer.toString(counter)) + .png)): null

2018-12-13 12:05:23 - [TEST_STEP][PASSED] - Statement - counter = counter + 1: null

2018-12-13 12:05:23 - [TEST_STEP][PASSED] - Statement - PreSaveFile = new java.io.File(((pathPrefix + java.lang.Integer.toString(counter)) + .png)): null

2018-12-13 12:05:23 - [TEST_STEP][PASSED] - Statement - counter = counter + 1: null

2018-12-13 12:05:23 - [TEST_STEP][PASSED] - Statement - PreSaveFile = new java.io.File(((pathPrefix + java.lang.Integer.toString(counter)) + .png)): null

2018-12-13 12:05:23 - [TEST_STEP][PASSED] - Statement - counter = counter + 1: null

2018-12-13 12:05:23 - [TEST_STEP][PASSED] - Statement - PreSaveFile = new java.io.File(((pathPrefix + java.lang.Integer.toString(counter)) + .png)): null

2018-12-13 12:05:23 - [TEST_STEP][PASSED] - Statement - counter = counter + 1: null

2018-12-13 12:05:23 - [TEST_STEP][PASSED] - Statement - PreSaveFile = new java.io.File(((pathPrefix + java.lang.Integer.toString(counter)) + .png)): null

2018-12-13 12:05:23 - [TEST_STEP][PASSED] - Statement - counter = counter + 1: null

2018-12-13 12:05:23 - [TEST_STEP][PASSED] - Statement - PreSaveFile = new java.io.File(((pathPrefix + java.lang.Integer.toString(counter)) + .png)): null

2018-12-13 12:05:23 - [TEST_STEP][PASSED] - Statement - counter = counter + 1: null

2018-12-13 12:05:23 - [TEST_STEP][PASSED] - Statement - PreSaveFile = new java.io.File(((pathPrefix + java.lang.Integer.toString(counter)) + .png)): null

2018-12-13 12:05:23 - [TEST_STEP][PASSED] - Statement - counter = counter + 1: null

2018-12-13 12:05:23 - [TEST_STEP][PASSED] - Statement - PreSaveFile = new java.io.File(((pathPrefix + java.lang.Integer.toString(counter)) + .png)): null

2018-12-13 12:05:23 - [TEST_STEP][PASSED] - Statement - counter = counter + 1: null

2018-12-13 12:05:23 - [TEST_STEP][PASSED] - Statement - PreSaveFile = new java.io.File(((pathPrefix + java.lang.Integer.toString(counter)) + .png)): null

2018-12-13 12:05:23 - [TEST_STEP][PASSED] - Statement - counter = counter + 1: null

2018-12-13 12:05:23 - [TEST_STEP][PASSED] - Statement - PreSaveFile = new java.io.File(((pathPrefix + java.lang.Integer.toString(counter)) + .png)): null

2018-12-13 12:05:23 - [TEST_STEP][PASSED] - Statement - counter = counter + 1: null

2018-12-13 12:05:23 - [TEST_STEP][PASSED] - Statement - PreSaveFile = new java.io.File(((pathPrefix + java.lang.Integer.toString(counter)) + .png)): null

2018-12-13 12:05:23 - [TEST_STEP][PASSED] - Statement - counter = counter + 1: null

2018-12-13 12:05:23 - [TEST_STEP][PASSED] - Statement - PreSaveFile = new java.io.File(((pathPrefix + java.lang.Integer.toString(counter)) + .png)): null

2018-12-13 12:05:23 - [TEST_STEP][PASSED] - Statement - counter = counter + 1: null

2018-12-13 12:05:23 - [TEST_STEP][PASSED] - Statement - PreSaveFile = new java.io.File(((pathPrefix + java.lang.Integer.toString(counter)) + .png)): null

2018-12-13 12:05:23 - [TEST_STEP][PASSED] - Statement - counter = counter + 1: null

2018-12-13 12:05:23 - [TEST_STEP][PASSED] - Statement - PreSaveFile = new java.io.File(((pathPrefix + java.lang.Integer.toString(counter)) + .png)): null

2018-12-13 12:05:23 - [TEST_STEP][PASSED] - Statement - counter = counter + 1: null

2018-12-13 12:05:23 - [TEST_STEP][PASSED] - Statement - PreSaveFile = new java.io.File(((pathPrefix + java.lang.Integer.toString(counter)) + .png)): null

2018-12-13 12:05:23 - [TEST_STEP][PASSED] - Statement - counter = counter + 1: null

2018-12-13 12:05:23 - [TEST_STEP][PASSED] - Statement - PreSaveFile = new java.io.File(((pathPrefix + java.lang.Integer.toString(counter)) + .png)): null

2018-12-13 12:05:23 - [TEST_STEP][PASSED] - Statement - counter = counter + 1: null

2018-12-13 12:05:23 - [TEST_STEP][PASSED] - Statement - PreSaveFile = new java.io.File(((pathPrefix + java.lang.Integer.toString(counter)) + .png)): null

2018-12-13 12:05:23 - [TEST_STEP][PASSED] - Statement - counter = counter + 1: null

2018-12-13 12:05:23 - [TEST_STEP][PASSED] - Statement - PreSaveFile = new java.io.File(((pathPrefix + java.lang.Integer.toString(counter)) + .png)): null

2018-12-13 12:05:23 - [TEST_STEP][PASSED] - Statement - counter = counter + 1: null

2018-12-13 12:05:23 - [TEST_STEP][PASSED] - Statement - PreSaveFile = new java.io.File(((pathPrefix + java.lang.Integer.toString(counter)) + .png)): null

2018-12-13 12:05:23 - [TEST_STEP][PASSED] - Statement - counter = counter + 1: null

2018-12-13 12:05:23 - [TEST_STEP][PASSED] - Statement - PreSaveFile = new java.io.File(((pathPrefix + java.lang.Integer.toString(counter)) + .png)): null

2018-12-13 12:05:23 - [TEST_STEP][PASSED] - Statement - counter = counter + 1: null

2018-12-13 12:05:23 - [TEST_STEP][PASSED] - Statement - PreSaveFile = new java.io.File(((pathPrefix + java.lang.Integer.toString(counter)) + .png)): null

2018-12-13 12:05:23 - [TEST_STEP][PASSED] - Statement - counter = counter + 1: null

2018-12-13 12:05:23 - [TEST_STEP][PASSED] - Statement - PreSaveFile = new java.io.File(((pathPrefix + java.lang.Integer.toString(counter)) + .png)): null

2018-12-13 12:05:23 - [TEST_STEP][PASSED] - Statement - counter = counter + 1: null

2018-12-13 12:05:23 - [TEST_STEP][PASSED] - Statement - PreSaveFile = new java.io.File(((pathPrefix + java.lang.Integer.toString(counter)) + .png)): null

2018-12-13 12:05:23 - [TEST_STEP][PASSED] - Statement - counter = counter + 1: null

2018-12-13 12:05:23 - [TEST_STEP][PASSED] - Statement - PreSaveFile = new java.io.File(((pathPrefix + java.lang.Integer.toString(counter)) + .png)): null

2018-12-13 12:05:23 - [TEST_STEP][PASSED] - Statement - counter = counter + 1: null

2018-12-13 12:05:23 - [TEST_STEP][PASSED] - Statement - PreSaveFile = new java.io.File(((pathPrefix + java.lang.Integer.toString(counter)) + .png)): null

2018-12-13 12:05:23 - [TEST_STEP][PASSED] - Statement - counter = counter + 1: null

2018-12-13 12:05:23 - [TEST_STEP][PASSED] - Statement - PreSaveFile = new java.io.File(((pathPrefix + java.lang.Integer.toString(counter)) + .png)): null

2018-12-13 12:05:23 - [TEST_STEP][PASSED] - Statement - counter = counter + 1: null

2018-12-13 12:05:23 - [TEST_STEP][PASSED] - Statement - PreSaveFile = new java.io.File(((pathPrefix + java.lang.Integer.toString(counter)) + .png)): null

2018-12-13 12:05:23 - [TEST_STEP][PASSED] - Statement - counter = counter + 1: null

2018-12-13 12:05:23 - [TEST_STEP][PASSED] - Statement - PreSaveFile = new java.io.File(((pathPrefix + java.lang.Integer.toString(counter)) + .png)): null

2018-12-13 12:05:23 - [TEST_STEP][PASSED] - Statement - counter = counter + 1: null

2018-12-13 12:05:23 - [TEST_STEP][PASSED] - Statement - PreSaveFile = new java.io.File(((pathPrefix + java.lang.Integer.toString(counter)) + .png)): null

2018-12-13 12:05:23 - [TEST_STEP][PASSED] - Statement - counter = counter + 1: null

2018-12-13 12:05:23 - [TEST_STEP][PASSED] - Statement - PreSaveFile = new java.io.File(((pathPrefix + java.lang.Integer.toString(counter)) + .png)): null

2018-12-13 12:05:23 - [TEST_STEP][PASSED] - Statement - counter = counter + 1: null

2018-12-13 12:05:23 - [TEST_STEP][PASSED] - Statement - PreSaveFile = new java.io.File(((pathPrefix + java.lang.Integer.toString(counter)) + .png)): null

2018-12-13 12:05:23 - [TEST_STEP][PASSED] - Statement - counter = counter + 1: null

2018-12-13 12:05:23 - [TEST_STEP][PASSED] - Statement - PreSaveFile = new java.io.File(((pathPrefix + java.lang.Integer.toString(counter)) + .png)): null

2018-12-13 12:05:23 - [TEST_STEP][PASSED] - Statement - counter = counter + 1: null

2018-12-13 12:05:23 - [TEST_STEP][PASSED] - Statement - PreSaveFile = new java.io.File(((pathPrefix + java.lang.Integer.toString(counter)) + .png)): null

2018-12-13 12:05:23 - [TEST_STEP][PASSED] - Statement - counter = counter + 1: null

2018-12-13 12:05:23 - [TEST_STEP][PASSED] - Statement - PreSaveFile = new java.io.File(((pathPrefix + java.lang.Integer.toString(counter)) + .png)): null

2018-12-13 12:05:23 - [TEST_STEP][PASSED] - Statement - counter = counter + 1: null

2018-12-13 12:05:23 - [TEST_STEP][PASSED] - Statement - PreSaveFile = new java.io.File(((pathPrefix + java.lang.Integer.toString(counter)) + .png)): null

2018-12-13 12:05:23 - [TEST_STEP][PASSED] - Statement - counter = counter + 1: null

2018-12-13 12:05:23 - [TEST_STEP][PASSED] - Statement - PreSaveFile = new java.io.File(((pathPrefix + java.lang.Integer.toString(counter)) + .png)): null

2018-12-13 12:05:23 - [TEST_STEP][PASSED] - Statement - counter = counter + 1: null

2018-12-13 12:05:23 - [TEST_STEP][PASSED] - Statement - PreSaveFile = new java.io.File(((pathPrefix + java.lang.Integer.toString(counter)) + .png)): null

2018-12-13 12:05:23 - [TEST_STEP][PASSED] - Statement - counter = counter + 1: null

2018-12-13 12:05:23 - [TEST_STEP][PASSED] - Statement - PreSaveFile = new java.io.File(((pathPrefix + java.lang.Integer.toString(counter)) + .png)): null

2018-12-13 12:05:23 - [TEST_STEP][PASSED] - Statement - counter = counter + 1: null

2018-12-13 12:05:23 - [TEST_STEP][PASSED] - Statement - PreSaveFile = new java.io.File(((pathPrefix + java.lang.Integer.toString(counter)) + .png)): null

2018-12-13 12:05:23 - [TEST_STEP][PASSED] - Statement - counter = counter + 1: null

2018-12-13 12:05:23 - [TEST_STEP][PASSED] - Statement - PreSaveFile = new java.io.File(((pathPrefix + java.lang.Integer.toString(counter)) + .png)): null

2018-12-13 12:05:23 - [TEST_STEP][PASSED] - Statement - counter = counter + 1: null

2018-12-13 12:05:23 - [TEST_STEP][PASSED] - Statement - PreSaveFile = new java.io.File(((pathPrefix + java.lang.Integer.toString(counter)) + .png)): null

2018-12-13 12:05:23 - [TEST_STEP][PASSED] - Statement - counter = counter + 1: null

2018-12-13 12:05:23 - [TEST_STEP][PASSED] - Statement - PreSaveFile = new java.io.File(((pathPrefix + java.lang.Integer.toString(counter)) + .png)): null

2018-12-13 12:05:23 - [TEST_STEP][PASSED] - Statement - counter = counter + 1: null

2018-12-13 12:05:23 - [TEST_STEP][PASSED] - Statement - PreSaveFile = new java.io.File(((pathPrefix + java.lang.Integer.toString(counter)) + .png)): null

2018-12-13 12:05:23 - [TEST_STEP][PASSED] - Statement - counter = counter + 1: null

2018-12-13 12:05:23 - [TEST_STEP][PASSED] - Statement - PreSaveFile = new java.io.File(((pathPrefix + java.lang.Integer.toString(counter)) + .png)): null

2018-12-13 12:05:23 - [TEST_STEP][PASSED] - Statement - counter = counter + 1: null

2018-12-13 12:05:23 - [TEST_STEP][PASSED] - Statement - PreSaveFile = new java.io.File(((pathPrefix + java.lang.Integer.toString(counter)) + .png)): null

2018-12-13 12:05:23 - [TEST_STEP][PASSED] - Statement - counter = counter + 1: null

2018-12-13 12:05:23 - [TEST_STEP][PASSED] - Statement - PreSaveFile = new java.io.File(((pathPrefix + java.lang.Integer.toString(counter)) + .png)): null

2018-12-13 12:05:23 - [TEST_STEP][PASSED] - Statement - counter = counter + 1: null

2018-12-13 12:05:23 - [TEST_STEP][PASSED] - Statement - PreSaveFile = new java.io.File(((pathPrefix + java.lang.Integer.toString(counter)) + .png)): null

2018-12-13 12:05:23 - [TEST_STEP][PASSED] - Statement - counter = counter + 1: null

2018-12-13 12:05:23 - [TEST_STEP][PASSED] - Statement - PreSaveFile = new java.io.File(((pathPrefix + java.lang.Integer.toString(counter)) + .png)): null

2018-12-13 12:05:23 - [TEST_STEP][PASSED] - Statement - counter = counter + 1: null

2018-12-13 12:05:23 - [TEST_STEP][PASSED] - Statement - PreSaveFile = new java.io.File(((pathPrefix + java.lang.Integer.toString(counter)) + .png)): null

2018-12-13 12:05:23 - [TEST_STEP][PASSED] - Statement - counter = counter + 1: null

2018-12-13 12:05:23 - [TEST_STEP][PASSED] - Statement - PreSaveFile = new java.io.File(((pathPrefix + java.lang.Integer.toString(counter)) + .png)): null

2018-12-13 12:05:23 - [TEST_STEP][PASSED] - Statement - counter = counter + 1: null

2018-12-13 12:05:23 - [TEST_STEP][PASSED] - Statement - PreSaveFile = new java.io.File(((pathPrefix + java.lang.Integer.toString(counter)) + .png)): null

2018-12-13 12:05:23 - [TEST_STEP][PASSED] - Statement - counter = counter + 1: null

2018-12-13 12:05:23 - [TEST_STEP][PASSED] - Statement - PreSaveFile = new java.io.File(((pathPrefix + java.lang.Integer.toString(counter)) + .png)): null

2018-12-13 12:05:23 - [TEST_STEP][PASSED] - Statement - counter = counter + 1: null

2018-12-13 12:05:23 - [TEST_STEP][PASSED] - Statement - PreSaveFile = new java.io.File(((pathPrefix + java.lang.Integer.toString(counter)) + .png)): null

2018-12-13 12:05:23 - [TEST_STEP][PASSED] - Statement - counter = counter + 1: null

2018-12-13 12:05:23 - [TEST_STEP][PASSED] - Statement - PreSaveFile = new java.io.File(((pathPrefix + java.lang.Integer.toString(counter)) + .png)): null

2018-12-13 12:05:23 - [TEST_STEP][PASSED] - Statement - counter = counter + 1: null

2018-12-13 12:05:23 - [TEST_STEP][PASSED] - Statement - PreSaveFile = new java.io.File(((pathPrefix + java.lang.Integer.toString(counter)) + .png)): null

2018-12-13 12:05:23 - [TEST_STEP][PASSED] - Statement - counter = counter + 1: null

2018-12-13 12:05:23 - [TEST_STEP][PASSED] - Statement - PreSaveFile = new java.io.File(((pathPrefix + java.lang.Integer.toString(counter)) + .png)): null

2018-12-13 12:05:23 - [TEST_STEP][PASSED] - Statement - counter = counter + 1: null

2018-12-13 12:05:23 - [TEST_STEP][PASSED] - Statement - PreSaveFile = new java.io.File(((pathPrefix + java.lang.Integer.toString(counter)) + .png)): null

2018-12-13 12:05:23 - [TEST_STEP][PASSED] - Statement - counter = counter + 1: null

2018-12-13 12:05:23 - [TEST_STEP][PASSED] - Statement - PreSaveFile = new java.io.File(((pathPrefix + java.lang.Integer.toString(counter)) + .png)): null

2018-12-13 12:05:23 - [TEST_STEP][PASSED] - Statement - counter = counter + 1: null

2018-12-13 12:05:23 - [TEST_STEP][PASSED] - Statement - PreSaveFile = new java.io.File(((pathPrefix + java.lang.Integer.toString(counter)) + .png)): null

2018-12-13 12:05:23 - [TEST_STEP][PASSED] - Statement - counter = counter + 1: null

2018-12-13 12:05:23 - [TEST_STEP][PASSED] - Statement - PreSaveFile = new java.io.File(((pathPrefix + java.lang.Integer.toString(counter)) + .png)): null

2018-12-13 12:05:23 - [TEST_STEP][PASSED] - Statement - counter = counter + 1: null

2018-12-13 12:05:23 - [TEST_STEP][PASSED] - Statement - PreSaveFile = new java.io.File(((pathPrefix + java.lang.Integer.toString(counter)) + .png)): null

2018-12-13 12:05:23 - [TEST_STEP][PASSED] - Statement - counter = counter + 1: null

2018-12-13 12:05:23 - [TEST_STEP][PASSED] - Statement - PreSaveFile = new java.io.File(((pathPrefix + java.lang.Integer.toString(counter)) + .png)): null

2018-12-13 12:05:23 - [TEST_STEP][PASSED] - Statement - counter = counter + 1: null

2018-12-13 12:05:23 - [TEST_STEP][PASSED] - Statement - PreSaveFile = new java.io.File(((pathPrefix + java.lang.Integer.toString(counter)) + .png)): null

2018-12-13 12:05:23 - [TEST_STEP][PASSED] - Statement - counter = counter + 1: null

2018-12-13 12:05:23 - [TEST_STEP][PASSED] - Statement - PreSaveFile = new java.io.File(((pathPrefix + java.lang.Integer.toString(counter)) + .png)): null

2018-12-13 12:05:23 - [TEST_STEP][PASSED] - Statement - counter = counter + 1: null

2018-12-13 12:05:23 - [TEST_STEP][PASSED] - Statement - PreSaveFile = new java.io.File(((pathPrefix + java.lang.Integer.toString(counter)) + .png)): null

2018-12-13 12:05:23 - [TEST_STEP][PASSED] - Statement - counter = counter + 1: null

2018-12-13 12:05:23 - [TEST_STEP][PASSED] - Statement - PreSaveFile = new java.io.File(((pathPrefix + java.lang.Integer.toString(counter)) + .png)): null

2018-12-13 12:05:23 - [TEST_STEP][PASSED] - Statement - counter = counter + 1: null

2018-12-13 12:05:23 - [TEST_STEP][PASSED] - Statement - PreSaveFile = new java.io.File(((pathPrefix + java.lang.Integer.toString(counter)) + .png)): null

2018-12-13 12:05:23 - [TEST_STEP][PASSED] - Statement - counter = counter + 1: null

2018-12-13 12:05:23 - [TEST_STEP][PASSED] - Statement - PreSaveFile = new java.io.File(((pathPrefix + java.lang.Integer.toString(counter)) + .png)): null

2018-12-13 12:05:23 - [TEST_STEP][PASSED] - Statement - counter = counter + 1: null

2018-12-13 12:05:23 - [TEST_STEP][PASSED] - Statement - PreSaveFile = new java.io.File(((pathPrefix + java.lang.Integer.toString(counter)) + .png)): null

2018-12-13 12:05:23 - [TEST_STEP][PASSED] - Statement - counter = counter + 1: null

2018-12-13 12:05:23 - [TEST_STEP][PASSED] - Statement - PreSaveFile = new java.io.File(((pathPrefix + java.lang.Integer.toString(counter)) + .png)): null

2018-12-13 12:05:23 - [TEST_STEP][PASSED] - Statement - counter = counter + 1: null

2018-12-13 12:05:23 - [TEST_STEP][PASSED] - Statement - PreSaveFile = new java.io.File(((pathPrefix + java.lang.Integer.toString(counter)) + .png)): null

2018-12-13 12:05:23 - [TEST_STEP][PASSED] - Statement - counter = counter + 1: null

2018-12-13 12:05:23 - [TEST_STEP][PASSED] - Statement - PreSaveFile = new java.io.File(((pathPrefix + java.lang.Integer.toString(counter)) + .png)): null

2018-12-13 12:05:23 - [TEST_STEP][PASSED] - Statement - counter = counter + 1: null

2018-12-13 12:05:23 - [TEST_STEP][PASSED] - Statement - PreSaveFile = new java.io.File(((pathPrefix + java.lang.Integer.toString(counter)) + .png)): null

2018-12-13 12:05:23 - [TEST_STEP][PASSED] - Statement - counter = counter + 1: null

2018-12-13 12:05:23 - [TEST_STEP][PASSED] - Statement - PreSaveFile = new java.io.File(((pathPrefix + java.lang.Integer.toString(counter)) + .png)): null

2018-12-13 12:05:23 - [TEST_STEP][PASSED] - Statement - counter = counter + 1: null

2018-12-13 12:05:23 - [TEST_STEP][PASSED] - Statement - PreSaveFile = new java.io.File(((pathPrefix + java.lang.Integer.toString(counter)) + .png)): null

2018-12-13 12:05:23 - [TEST_STEP][PASSED] - Statement - counter = counter + 1: null

2018-12-13 12:05:23 - [TEST_STEP][PASSED] - Statement - PreSaveFile = new java.io.File(((pathPrefix + java.lang.Integer.toString(counter)) + .png)): null

2018-12-13 12:05:23 - [TEST_STEP][PASSED] - Statement - counter = counter + 1: null

2018-12-13 12:05:23 - [TEST_STEP][PASSED] - Statement - PreSaveFile = new java.io.File(((pathPrefix + java.lang.Integer.toString(counter)) + .png)): null

2018-12-13 12:05:23 - [TEST_STEP][PASSED] - Statement - counter = counter + 1: null

2018-12-13 12:05:23 - [TEST_STEP][PASSED] - Statement - PreSaveFile = new java.io.File(((pathPrefix + java.lang.Integer.toString(counter)) + .png)): null

2018-12-13 12:05:23 - [TEST_STEP][PASSED] - Statement - counter = counter + 1: null

2018-12-13 12:05:23 - [TEST_STEP][PASSED] - Statement - PreSaveFile = new java.io.File(((pathPrefix + java.lang.Integer.toString(counter)) + .png)): null

2018-12-13 12:05:23 - [TEST_STEP][PASSED] - Statement - counter = counter + 1: null

2018-12-13 12:05:23 - [TEST_STEP][PASSED] - Statement - PreSaveFile = new java.io.File(((pathPrefix + java.lang.Integer.toString(counter)) + .png)): null

2018-12-13 12:05:23 - [TEST_STEP][PASSED] - Statement - counter = counter + 1: null

2018-12-13 12:05:23 - [TEST_STEP][PASSED] - Statement - PreSaveFile = new java.io.File(((pathPrefix + java.lang.Integer.toString(counter)) + .png)): null

2018-12-13 12:05:23 - [TEST_STEP][PASSED] - Statement - counter = counter + 1: null

2018-12-13 12:05:23 - [TEST_STEP][PASSED] - Statement - PreSaveFile = new java.io.File(((pathPrefix + java.lang.Integer.toString(counter)) + .png)): null

2018-12-13 12:05:23 - [TEST_STEP][PASSED] - Statement - counter = counter + 1: null

2018-12-13 12:05:23 - [TEST_STEP][PASSED] - Statement - PreSaveFile = new java.io.File(((pathPrefix + java.lang.Integer.toString(counter)) + .png)): null

2018-12-13 12:05:23 - [TEST_STEP][PASSED] - Statement - counter = counter + 1: null

2018-12-13 12:05:23 - [TEST_STEP][PASSED] - Statement - PreSaveFile = new java.io.File(((pathPrefix + java.lang.Integer.toString(counter)) + .png)): null

2018-12-13 12:05:23 - [TEST_STEP][PASSED] - Statement - counter = counter + 1: null

2018-12-13 12:05:23 - [TEST_STEP][PASSED] - Statement - PreSaveFile = new java.io.File(((pathPrefix + java.lang.Integer.toString(counter)) + .png)): null

2018-12-13 12:05:23 - [TEST_STEP][PASSED] - Statement - counter = counter + 1: null

2018-12-13 12:05:23 - [TEST_STEP][PASSED] - Statement - PreSaveFile = new java.io.File(((pathPrefix + java.lang.Integer.toString(counter)) + .png)): null

2018-12-13 12:05:23 - [TEST_STEP][PASSED] - Statement - counter = counter + 1: null

2018-12-13 12:05:23 - [TEST_STEP][PASSED] - Statement - PreSaveFile = new java.io.File(((pathPrefix + java.lang.Integer.toString(counter)) + .png)): null

2018-12-13 12:05:23 - [TEST_STEP][PASSED] - Statement - counter = counter + 1: null

2018-12-13 12:05:23 - [TEST_STEP][PASSED] - Statement - PreSaveFile = new java.io.File(((pathPrefix + java.lang.Integer.toString(counter)) + .png)): null

2018-12-13 12:05:23 - [TEST_STEP][PASSED] - Statement - counter = counter + 1: null

2018-12-13 12:05:23 - [TEST_STEP][PASSED] - Statement - PreSaveFile = new java.io.File(((pathPrefix + java.lang.Integer.toString(counter)) + .png)): null

2018-12-13 12:05:23 - [TEST_STEP][PASSED] - Statement - counter = counter + 1: null

2018-12-13 12:05:23 - [TEST_STEP][PASSED] - Statement - PreSaveFile = new java.io.File(((pathPrefix + java.lang.Integer.toString(counter)) + .png)): null

2018-12-13 12:05:23 - [TEST_STEP][PASSED] - Statement - counter = counter + 1: null

2018-12-13 12:05:23 - [TEST_STEP][PASSED] - Statement - PreSaveFile = new java.io.File(((pathPrefix + java.lang.Integer.toString(counter)) + .png)): null

2018-12-13 12:05:23 - [TEST_STEP][PASSED] - Statement - counter = counter + 1: null

2018-12-13 12:05:23 - [TEST_STEP][PASSED] - Statement - PreSaveFile = new java.io.File(((pathPrefix + java.lang.Integer.toString(counter)) + .png)): null

2018-12-13 12:05:23 - [TEST_STEP][PASSED] - Statement - counter = counter + 1: null

2018-12-13 12:05:23 - [TEST_STEP][PASSED] - Statement - PreSaveFile = new java.io.File(((pathPrefix + java.lang.Integer.toString(counter)) + .png)): null

2018-12-13 12:05:23 - [TEST_STEP][PASSED] - Statement - counter = counter + 1: null

2018-12-13 12:05:23 - [TEST_STEP][PASSED] - Statement - PreSaveFile = new java.io.File(((pathPrefix + java.lang.Integer.toString(counter)) + .png)): null

2018-12-13 12:05:23 - [TEST_STEP][PASSED] - Statement - counter = counter + 1: null

2018-12-13 12:05:23 - [TEST_STEP][PASSED] - Statement - PreSaveFile = new java.io.File(((pathPrefix + java.lang.Integer.toString(counter)) + .png)): null

2018-12-13 12:05:23 - [TEST_STEP][PASSED] - Statement - counter = counter + 1: null

2018-12-13 12:05:23 - [TEST_STEP][PASSED] - Statement - PreSaveFile = new java.io.File(((pathPrefix + java.lang.Integer.toString(counter)) + .png)): null

2018-12-13 12:05:23 - [TEST_STEP][PASSED] - Statement - counter = counter + 1: null

2018-12-13 12:05:23 - [TEST_STEP][PASSED] - Statement - PreSaveFile = new java.io.File(((pathPrefix + java.lang.Integer.toString(counter)) + .png)): null

2018-12-13 12:05:23 - [TEST_STEP][PASSED] - Statement - counter = counter + 1: null

2018-12-13 12:05:23 - [TEST_STEP][PASSED] - Statement - PreSaveFile = new java.io.File(((pathPrefix + java.lang.Integer.toString(counter)) + .png)): null

2018-12-13 12:05:23 - [TEST_STEP][PASSED] - Statement - counter = counter + 1: null

2018-12-13 12:05:23 - [TEST_STEP][PASSED] - Statement - PreSaveFile = new java.io.File(((pathPrefix + java.lang.Integer.toString(counter)) + .png)): null

2018-12-13 12:05:23 - [TEST_STEP][PASSED] - Statement - counter = counter + 1: null

2018-12-13 12:05:23 - [TEST_STEP][PASSED] - Statement - PreSaveFile = new java.io.File(((pathPrefix + java.lang.Integer.toString(counter)) + .png)): null

2018-12-13 12:05:23 - [TEST_STEP][PASSED] - Statement - counter = counter + 1: null

2018-12-13 12:05:23 - [TEST_STEP][PASSED] - Statement - PreSaveFile = new java.io.File(((pathPrefix + java.lang.Integer.toString(counter)) + .png)): null

2018-12-13 12:05:23 - [TEST_STEP][PASSED] - Statement - counter = counter + 1: null

2018-12-13 12:05:23 - [TEST_STEP][PASSED] - Statement - PreSaveFile = new java.io.File(((pathPrefix + java.lang.Integer.toString(counter)) + .png)): null

2018-12-13 12:05:23 - [TEST_STEP][PASSED] - Statement - counter = counter + 1: null

2018-12-13 12:05:23 - [TEST_STEP][PASSED] - Statement - PreSaveFile = new java.io.File(((pathPrefix + java.lang.Integer.toString(counter)) + .png)): null

2018-12-13 12:05:23 - [TEST_STEP][PASSED] - Statement - counter = counter + 1: null

2018-12-13 12:05:23 - [TEST_STEP][PASSED] - Statement - PreSaveFile = new java.io.File(((pathPrefix + java.lang.Integer.toString(counter)) + .png)): null

2018-12-13 12:05:23 - [TEST_STEP][PASSED] - Statement - counter = counter + 1: null

2018-12-13 12:05:23 - [TEST_STEP][PASSED] - Statement - PreSaveFile = new java.io.File(((pathPrefix + java.lang.Integer.toString(counter)) + .png)): null

2018-12-13 12:05:23 - [TEST_STEP][PASSED] - Statement - counter = counter + 1: null

2018-12-13 12:05:23 - [TEST_STEP][PASSED] - Statement - PreSaveFile = new java.io.File(((pathPrefix + java.lang.Integer.toString(counter)) + .png)): null

2018-12-13 12:05:23 - [TEST_STEP][PASSED] - Statement - counter = counter + 1: null

2018-12-13 12:05:23 - [TEST_STEP][PASSED] - Statement - PreSaveFile = new java.io.File(((pathPrefix + java.lang.Integer.toString(counter)) + .png)): null

2018-12-13 12:05:23 - [TEST_STEP][PASSED] - Statement - counter = counter + 1: null

2018-12-13 12:05:23 - [TEST_STEP][PASSED] - Statement - PreSaveFile = new java.io.File(((pathPrefix + java.lang.Integer.toString(counter)) + .png)): null

2018-12-13 12:05:23 - [TEST_STEP][PASSED] - Statement - counter = counter + 1: null

2018-12-13 12:05:23 - [TEST_STEP][PASSED] - Statement - PreSaveFile = new java.io.File(((pathPrefix + java.lang.Integer.toString(counter)) + .png)): null

2018-12-13 12:05:23 - [TEST_STEP][PASSED] - Statement - counter = counter + 1: null

2018-12-13 12:05:23 - [TEST_STEP][PASSED] - Statement - PreSaveFile = new java.io.File(((pathPrefix + java.lang.Integer.toString(counter)) + .png)): null

2018-12-13 12:05:23 - [TEST_STEP][PASSED] - Statement - counter = counter + 1: null

2018-12-13 12:05:23 - [TEST_STEP][PASSED] - Statement - PreSaveFile = new java.io.File(((pathPrefix + java.lang.Integer.toString(counter)) + .png)): null

2018-12-13 12:05:23 - [TEST_STEP][PASSED] - Statement - counter = counter + 1: null

2018-12-13 12:05:23 - [TEST_STEP][PASSED] - Statement - PreSaveFile = new java.io.File(((pathPrefix + java.lang.Integer.toString(counter)) + .png)): null

2018-12-13 12:05:23 - [TEST_STEP][PASSED] - Statement - counter = counter + 1: null

2018-12-13 12:05:23 - [TEST_STEP][PASSED] - Statement - PreSaveFile = new java.io.File(((pathPrefix + java.lang.Integer.toString(counter)) + .png)): null

2018-12-13 12:05:23 - [TEST_STEP][PASSED] - Statement - counter = counter + 1: null

2018-12-13 12:05:23 - [TEST_STEP][PASSED] - Statement - PreSaveFile = new java.io.File(((pathPrefix + java.lang.Integer.toString(counter)) + .png)): null

2018-12-13 12:05:23 - [TEST_STEP][PASSED] - Statement - counter = counter + 1: null

2018-12-13 12:05:23 - [TEST_STEP][PASSED] - Statement - PreSaveFile = new java.io.File(((pathPrefix + java.lang.Integer.toString(counter)) + .png)): null

2018-12-13 12:05:23 - [TEST_STEP][PASSED] - Statement - counter = counter + 1: null

2018-12-13 12:05:23 - [TEST_STEP][PASSED] - Statement - PreSaveFile = new java.io.File(((pathPrefix + java.lang.Integer.toString(counter)) + .png)): null

2018-12-13 12:05:23 - [TEST_STEP][PASSED] - Statement - counter = counter + 1: null

2018-12-13 12:05:23 - [TEST_STEP][PASSED] - Statement - PreSaveFile = new java.io.File(((pathPrefix + java.lang.Integer.toString(counter)) + .png)): null

2018-12-13 12:05:23 - [TEST_STEP][PASSED] - Statement - counter = counter + 1: null

2018-12-13 12:05:23 - [TEST_STEP][PASSED] - Statement - PreSaveFile = new java.io.File(((pathPrefix + java.lang.Integer.toString(counter)) + .png)): null

2018-12-13 12:05:23 - [TEST_STEP][PASSED] - Statement - counter = counter + 1: null

2018-12-13 12:05:23 - [TEST_STEP][PASSED] - Statement - PreSaveFile = new java.io.File(((pathPrefix + java.lang.Integer.toString(counter)) + .png)): null

2018-12-13 12:05:23 - [TEST_STEP][PASSED] - Statement - counter = counter + 1: null

2018-12-13 12:05:23 - [TEST_STEP][PASSED] - Statement - PreSaveFile = new java.io.File(((pathPrefix + java.lang.Integer.toString(counter)) + .png)): null

2018-12-13 12:05:23 - [TEST_STEP][PASSED] - Statement - counter = counter + 1: null

2018-12-13 12:05:23 - [TEST_STEP][PASSED] - Statement - PreSaveFile = new java.io.File(((pathPrefix + java.lang.Integer.toString(counter)) + .png)): null

2018-12-13 12:05:23 - [TEST_STEP][PASSED] - Statement - counter = counter + 1: null

2018-12-13 12:05:23 - [TEST_STEP][PASSED] - Statement - PreSaveFile = new java.io.File(((pathPrefix + java.lang.Integer.toString(counter)) + .png)): null

2018-12-13 12:05:23 - [TEST_STEP][PASSED] - Statement - counter = counter + 1: null

2018-12-13 12:05:23 - [TEST_STEP][PASSED] - Statement - PreSaveFile = new java.io.File(((pathPrefix + java.lang.Integer.toString(counter)) + .png)): null

2018-12-13 12:05:23 - [TEST_STEP][PASSED] - Statement - counter = counter + 1: null

2018-12-13 12:05:23 - [TEST_STEP][PASSED] - Statement - PreSaveFile = new java.io.File(((pathPrefix + java.lang.Integer.toString(counter)) + .png)): null

2018-12-13 12:05:23 - [TEST_STEP][PASSED] - Statement - counter = counter + 1: null

2018-12-13 12:05:23 - [TEST_STEP][PASSED] - Statement - PreSaveFile = new java.io.File(((pathPrefix + java.lang.Integer.toString(counter)) + .png)): null

2018-12-13 12:05:23 - [TEST_STEP][PASSED] - Statement - counter = counter + 1: null

2018-12-13 12:05:23 - [TEST_STEP][PASSED] - Statement - PreSaveFile = new java.io.File(((pathPrefix + java.lang.Integer.toString(counter)) + .png)): null

2018-12-13 12:05:23 - [TEST_STEP][PASSED] - Statement - counter = counter + 1: null

2018-12-13 12:05:23 - [TEST_STEP][PASSED] - Statement - PreSaveFile = new java.io.File(((pathPrefix + java.lang.Integer.toString(counter)) + .png)): null

2018-12-13 12:05:23 - [TEST_STEP][PASSED] - Statement - counter = counter + 1: null

2018-12-13 12:05:23 - [TEST_STEP][PASSED] - Statement - PreSaveFile = new java.io.File(((pathPrefix + java.lang.Integer.toString(counter)) + .png)): null

2018-12-13 12:05:23 - [TEST_STEP][PASSED] - Statement - counter = counter + 1: null

2018-12-13 12:05:23 - [TEST_STEP][PASSED] - Statement - PreSaveFile = new java.io.File(((pathPrefix + java.lang.Integer.toString(counter)) + .png)): null

2018-12-13 12:05:23 - [TEST_STEP][PASSED] - Statement - counter = counter + 1: null

2018-12-13 12:05:23 - [TEST_STEP][PASSED] - Statement - PreSaveFile = new java.io.File(((pathPrefix + java.lang.Integer.toString(counter)) + .png)): null

2018-12-13 12:05:23 - [TEST_STEP][PASSED] - Statement - counter = counter + 1: null

2018-12-13 12:05:23 - [TEST_STEP][PASSED] - Statement - PreSaveFile = new java.io.File(((pathPrefix + java.lang.Integer.toString(counter)) + .png)): null

2018-12-13 12:05:23 - [TEST_STEP][PASSED] - Statement - counter = counter + 1: null

2018-12-13 12:05:23 - [TEST_STEP][PASSED] - Statement - PreSaveFile = new java.io.File(((pathPrefix + java.lang.Integer.toString(counter)) + .png)): null

2018-12-13 12:05:23 - [TEST_STEP][PASSED] - Statement - counter = counter + 1: null

2018-12-13 12:05:23 - [TEST_STEP][PASSED] - Statement - PreSaveFile = new java.io.File(((pathPrefix + java.lang.Integer.toString(counter)) + .png)): null

2018-12-13 12:05:23 - [TEST_STEP][PASSED] - Statement - counter = counter + 1: null

2018-12-13 12:05:23 - [TEST_STEP][PASSED] - Statement - PreSaveFile = new java.io.File(((pathPrefix + java.lang.Integer.toString(counter)) + .png)): null

2018-12-13 12:05:23 - [TEST_STEP][PASSED] - Statement - counter = counter + 1: null

2018-12-13 12:05:23 - [TEST_STEP][PASSED] - Statement - PreSaveFile = new java.io.File(((pathPrefix + java.lang.Integer.toString(counter)) + .png)): null

2018-12-13 12:05:23 - [TEST_STEP][PASSED] - Statement - counter = counter + 1: null

2018-12-13 12:05:23 - [TEST_STEP][PASSED] - Statement - PreSaveFile = new java.io.File(((pathPrefix + java.lang.Integer.toString(counter)) + .png)): null

2018-12-13 12:05:23 - [TEST_STEP][PASSED] - Statement - counter = counter + 1: null

2018-12-13 12:05:23 - [TEST_STEP][PASSED] - Statement - PreSaveFile = new java.io.File(((pathPrefix + java.lang.Integer.toString(counter)) + .png)): null

2018-12-13 12:05:23 - [TEST_STEP][PASSED] - Statement - counter = counter + 1: null

2018-12-13 12:05:23 - [TEST_STEP][PASSED] - Statement - PreSaveFile = new java.io.File(((pathPrefix + java.lang.Integer.toString(counter)) + .png)): null

2018-12-13 12:05:23 - [TEST_STEP][PASSED] - Statement - counter = counter + 1: null

2018-12-13 12:05:23 - [TEST_STEP][PASSED] - Statement - PreSaveFile = new java.io.File(((pathPrefix + java.lang.Integer.toString(counter)) + .png)): null

2018-12-13 12:05:23 - [TEST_STEP][PASSED] - Statement - counter = counter + 1: null

2018-12-13 12:05:23 - [TEST_STEP][PASSED] - Statement - PreSaveFile = new java.io.File(((pathPrefix + java.lang.Integer.toString(counter)) + .png)): null

2018-12-13 12:05:23 - [TEST_STEP][PASSED] - Statement - counter = counter + 1: null

2018-12-13 12:05:23 - [TEST_STEP][PASSED] - Statement - PreSaveFile = new java.io.File(((pathPrefix + java.lang.Integer.toString(counter)) + .png)): null

2018-12-13 12:05:23 - [TEST_STEP][PASSED] - Statement - counter = counter + 1: null

2018-12-13 12:05:23 - [TEST_STEP][PASSED] - Statement - PreSaveFile = new java.io.File(((pathPrefix + java.lang.Integer.toString(counter)) + .png)): null

2018-12-13 12:05:23 - [TEST_STEP][PASSED] - Statement - counter = counter + 1: null

2018-12-13 12:05:23 - [TEST_STEP][PASSED] - Statement - PreSaveFile = new java.io.File(((pathPrefix + java.lang.Integer.toString(counter)) + .png)): null

2018-12-13 12:05:23 - [TEST_STEP][PASSED] - Statement - counter = counter + 1: null

2018-12-13 12:05:23 - [TEST_STEP][PASSED] - Statement - PreSaveFile = new java.io.File(((pathPrefix + java.lang.Integer.toString(counter)) + .png)): null

2018-12-13 12:05:23 - [TEST_STEP][PASSED] - Statement - counter = counter + 1: null

2018-12-13 12:05:23 - [TEST_STEP][PASSED] - Statement - PreSaveFile = new java.io.File(((pathPrefix + java.lang.Integer.toString(counter)) + .png)): null

2018-12-13 12:05:23 - [TEST_STEP][PASSED] - Statement - counter = counter + 1: null

2018-12-13 12:05:23 - [TEST_STEP][PASSED] - Statement - PreSaveFile = new java.io.File(((pathPrefix + java.lang.Integer.toString(counter)) + .png)): null

2018-12-13 12:05:23 - [TEST_STEP][PASSED] - Statement - counter = counter + 1: null

2018-12-13 12:05:23 - [TEST_STEP][PASSED] - Statement - PreSaveFile = new java.io.File(((pathPrefix + java.lang.Integer.toString(counter)) + .png)): null

2018-12-13 12:05:23 - [TEST_STEP][PASSED] - Statement - counter = counter + 1: null

2018-12-13 12:05:23 - [TEST_STEP][PASSED] - Statement - PreSaveFile = new java.io.File(((pathPrefix + java.lang.Integer.toString(counter)) + .png)): null

2018-12-13 12:05:23 - [TEST_STEP][PASSED] - Statement - counter = counter + 1: null

2018-12-13 12:05:23 - [TEST_STEP][PASSED] - Statement - PreSaveFile = new java.io.File(((pathPrefix + java.lang.Integer.toString(counter)) + .png)): null

2018-12-13 12:05:23 - [TEST_STEP][PASSED] - Statement - counter = counter + 1: null

2018-12-13 12:05:23 - [TEST_STEP][PASSED] - Statement - PreSaveFile = new java.io.File(((pathPrefix + java.lang.Integer.toString(counter)) + .png)): null

2018-12-13 12:05:23 - [TEST_STEP][PASSED] - Statement - counter = counter + 1: null

2018-12-13 12:05:23 - [TEST_STEP][PASSED] - Statement - PreSaveFile = new java.io.File(((pathPrefix + java.lang.Integer.toString(counter)) + .png)): null

2018-12-13 12:05:23 - [TEST_STEP][PASSED] - Statement - counter = counter + 1: null

2018-12-13 12:05:23 - [TEST_STEP][PASSED] - Statement - PreSaveFile = new java.io.File(((pathPrefix + java.lang.Integer.toString(counter)) + .png)): null

2018-12-13 12:05:23 - [TEST_STEP][PASSED] - Statement - counter = counter + 1: null

2018-12-13 12:05:23 - [TEST_STEP][PASSED] - Statement - PreSaveFile = new java.io.File(((pathPrefix + java.lang.Integer.toString(counter)) + .png)): null

2018-12-13 12:05:23 - [TEST_STEP][PASSED] - Statement - counter = counter + 1: null

2018-12-13 12:05:23 - [TEST_STEP][PASSED] - Statement - PreSaveFile = new java.io.File(((pathPrefix + java.lang.Integer.toString(counter)) + .png)): null

2018-12-13 12:05:23 - [TEST_STEP][PASSED] - Statement - counter = counter + 1: null

2018-12-13 12:05:23 - [TEST_STEP][PASSED] - Statement - PreSaveFile = new java.io.File(((pathPrefix + java.lang.Integer.toString(counter)) + .png)): null

2018-12-13 12:05:23 - [TEST_STEP][PASSED] - Statement - counter = counter + 1: null

2018-12-13 12:05:23 - [TEST_STEP][PASSED] - Statement - PreSaveFile = new java.io.File(((pathPrefix + java.lang.Integer.toString(counter)) + .png)): null

2018-12-13 12:05:23 - [TEST_STEP][PASSED] - Statement - counter = counter + 1: null

2018-12-13 12:05:23 - [TEST_STEP][PASSED] - Statement - PreSaveFile = new java.io.File(((pathPrefix + java.lang.Integer.toString(counter)) + .png)): null

2018-12-13 12:05:23 - [TEST_STEP][PASSED] - Statement - counter = counter + 1: null

2018-12-13 12:05:23 - [TEST_STEP][PASSED] - Statement - PreSaveFile = new java.io.File(((pathPrefix + java.lang.Integer.toString(counter)) + .png)): null

2018-12-13 12:05:23 - [TEST_STEP][PASSED] - Statement - counter = counter + 1: null

2018-12-13 12:05:23 - [TEST_STEP][PASSED] - Statement - PreSaveFile = new java.io.File(((pathPrefix + java.lang.Integer.toString(counter)) + .png)): null

2018-12-13 12:05:23 - [TEST_STEP][PASSED] - Statement - counter = counter + 1: null

2018-12-13 12:05:23 - [TEST_STEP][PASSED] - Statement - PreSaveFile = new java.io.File(((pathPrefix + java.lang.Integer.toString(counter)) + .png)): null

2018-12-13 12:05:23 - [TEST_STEP][PASSED] - Statement - counter = counter + 1: null

2018-12-13 12:05:23 - [TEST_STEP][PASSED] - Statement - PreSaveFile = new java.io.File(((pathPrefix + java.lang.Integer.toString(counter)) + .png)): null

2018-12-13 12:05:23 - [TEST_STEP][PASSED] - Statement - counter = counter + 1: null

2018-12-13 12:05:23 - [TEST_STEP][PASSED] - Statement - PreSaveFile = new java.io.File(((pathPrefix + java.lang.Integer.toString(counter)) + .png)): null

2018-12-13 12:05:23 - [TEST_STEP][PASSED] - Statement - counter = counter + 1: null

2018-12-13 12:05:23 - [TEST_STEP][PASSED] - Statement - PreSaveFile = new java.io.File(((pathPrefix + java.lang.Integer.toString(counter)) + .png)): null

2018-12-13 12:05:23 - [TEST_STEP][PASSED] - Statement - counter = counter + 1: null

2018-12-13 12:05:23 - [TEST_STEP][PASSED] - Statement - PreSaveFile = new java.io.File(((pathPrefix + java.lang.Integer.toString(counter)) + .png)): null

2018-12-13 12:05:23 - [TEST_STEP][PASSED] - Statement - counter = counter + 1: null

2018-12-13 12:05:23 - [TEST_STEP][PASSED] - Statement - PreSaveFile = new java.io.File(((pathPrefix + java.lang.Integer.toString(counter)) + .png)): null

2018-12-13 12:05:23 - [TEST_STEP][PASSED] - Statement - counter = counter + 1: null

2018-12-13 12:05:23 - [TEST_STEP][PASSED] - Statement - PreSaveFile = new java.io.File(((pathPrefix + java.lang.Integer.toString(counter)) + .png)): null

2018-12-13 12:05:23 - [TEST_STEP][PASSED] - Statement - counter = counter + 1: null

2018-12-13 12:05:23 - [TEST_STEP][PASSED] - Statement - PreSaveFile = new java.io.File(((pathPrefix + java.lang.Integer.toString(counter)) + .png)): null

2018-12-13 12:05:23 - [TEST_STEP][PASSED] - Statement - counter = counter + 1: null

2018-12-13 12:05:23 - [TEST_STEP][PASSED] - Statement - PreSaveFile = new java.io.File(((pathPrefix + java.lang.Integer.toString(counter)) + .png)): null

2018-12-13 12:05:23 - [TEST_STEP][PASSED] - Statement - counter = counter + 1: null

2018-12-13 12:05:23 - [TEST_STEP][PASSED] - Statement - PreSaveFile = new java.io.File(((pathPrefix + java.lang.Integer.toString(counter)) + .png)): null

2018-12-13 12:05:23 - [TEST_STEP][PASSED] - Statement - counter = counter + 1: null

2018-12-13 12:05:23 - [TEST_STEP][PASSED] - Statement - PreSaveFile = new java.io.File(((pathPrefix + java.lang.Integer.toString(counter)) + .png)): null

2018-12-13 12:05:23 - [TEST_STEP][PASSED] - Statement - counter = counter + 1: null

2018-12-13 12:05:23 - [TEST_STEP][PASSED] - Statement - PreSaveFile = new java.io.File(((pathPrefix + java.lang.Integer.toString(counter)) + .png)): null

2018-12-13 12:05:23 - [TEST_STEP][PASSED] - Statement - counter = counter + 1: null

2018-12-13 12:05:23 - [TEST_STEP][PASSED] - Statement - PreSaveFile = new java.io.File(((pathPrefix + java.lang.Integer.toString(counter)) + .png)): null

2018-12-13 12:05:23 - [TEST_STEP][PASSED] - Statement - counter = counter + 1: null

2018-12-13 12:05:23 - [TEST_STEP][PASSED] - Statement - PreSaveFile = new java.io.File(((pathPrefix + java.lang.Integer.toString(counter)) + .png)): null

2018-12-13 12:05:23 - [TEST_STEP][PASSED] - Statement - counter = counter + 1: null

2018-12-13 12:05:23 - [TEST_STEP][PASSED] - Statement - PreSaveFile = new java.io.File(((pathPrefix + java.lang.Integer.toString(counter)) + .png)): null

2018-12-13 12:05:23 - [TEST_STEP][PASSED] - Statement - counter = counter + 1: null

2018-12-13 12:05:23 - [TEST_STEP][PASSED] - Statement - PreSaveFile = new java.io.File(((pathPrefix + java.lang.Integer.toString(counter)) + .png)): null

2018-12-13 12:05:23 - [TEST_STEP][PASSED] - Statement - counter = counter + 1: null

2018-12-13 12:05:23 - [TEST_STEP][PASSED] - Statement - PreSaveFile = new java.io.File(((pathPrefix + java.lang.Integer.toString(counter)) + .png)): null

2018-12-13 12:05:23 - [TEST_STEP][PASSED] - Statement - counter = counter + 1: null

2018-12-13 12:05:23 - [TEST_STEP][PASSED] - Statement - PreSaveFile = new java.io.File(((pathPrefix + java.lang.Integer.toString(counter)) + .png)): null

2018-12-13 12:05:23 - [TEST_STEP][PASSED] - Statement - counter = counter + 1: null

2018-12-13 12:05:23 - [TEST_STEP][PASSED] - Statement - PreSaveFile = new java.io.File(((pathPrefix + java.lang.Integer.toString(counter)) + .png)): null

2018-12-13 12:05:23 - [TEST_STEP][PASSED] - Statement - counter = counter + 1: null

2018-12-13 12:05:23 - [TEST_STEP][PASSED] - Statement - PreSaveFile = new java.io.File(((pathPrefix + java.lang.Integer.toString(counter)) + .png)): null

2018-12-13 12:05:23 - [TEST_STEP][PASSED] - Statement - counter = counter + 1: null

2018-12-13 12:05:23 - [TEST_STEP][PASSED] - Statement - PreSaveFile = new java.io.File(((pathPrefix + java.lang.Integer.toString(counter)) + .png)): null

2018-12-13 12:05:23 - [TEST_STEP][PASSED] - Statement - counter = counter + 1: null

2018-12-13 12:05:23 - [TEST_STEP][PASSED] - Statement - PreSaveFile = new java.io.File(((pathPrefix + java.lang.Integer.toString(counter)) + .png)): null

2018-12-13 12:05:23 - [TEST_STEP][PASSED] - Statement - counter = counter + 1: null

2018-12-13 12:05:23 - [TEST_STEP][PASSED] - Statement - PreSaveFile = new java.io.File(((pathPrefix + java.lang.Integer.toString(counter)) + .png)): null

2018-12-13 12:05:23 - [TEST_STEP][PASSED] - Statement - counter = counter + 1: null

2018-12-13 12:05:23 - [TEST_STEP][PASSED] - Statement - PreSaveFile = new java.io.File(((pathPrefix + java.lang.Integer.toString(counter)) + .png)): null

2018-12-13 12:05:23 - [TEST_STEP][PASSED] - Statement - counter = counter + 1: null

2018-12-13 12:05:23 - [TEST_STEP][PASSED] - Statement - PreSaveFile = new java.io.File(((pathPrefix + java.lang.Integer.toString(counter)) + .png)): null

2018-12-13 12:05:23 - [TEST_STEP][PASSED] - Statement - counter = counter + 1: null

2018-12-13 12:05:23 - [TEST_STEP][PASSED] - Statement - PreSaveFile = new java.io.File(((pathPrefix + java.lang.Integer.toString(counter)) + .png)): null

2018-12-13 12:05:23 - [TEST_STEP][PASSED] - Statement - counter = counter + 1: null

2018-12-13 12:05:23 - [TEST_STEP][PASSED] - Statement - PreSaveFile = new java.io.File(((pathPrefix + java.lang.Integer.toString(counter)) + .png)): null

2018-12-13 12:05:23 - [TEST_STEP][PASSED] - Statement - counter = counter + 1: null

2018-12-13 12:05:23 - [TEST_STEP][PASSED] - Statement - PreSaveFile = new java.io.File(((pathPrefix + java.lang.Integer.toString(counter)) + .png)): null

2018-12-13 12:05:23 - [TEST_STEP][PASSED] - Statement - counter = counter + 1: null

2018-12-13 12:05:23 - [TEST_STEP][PASSED] - Statement - PreSaveFile = new java.io.File(((pathPrefix + java.lang.Integer.toString(counter)) + .png)): null

2018-12-13 12:05:23 - [TEST_STEP][PASSED] - Statement - counter = counter + 1: null

2018-12-13 12:05:23 - [TEST_STEP][PASSED] - Statement - PreSaveFile = new java.io.File(((pathPrefix + java.lang.Integer.toString(counter)) + .png)): null

2018-12-13 12:05:23 - [TEST_STEP][PASSED] - Statement - counter = counter + 1: null

2018-12-13 12:05:23 - [TEST_STEP][PASSED] - Statement - PreSaveFile = new java.io.File(((pathPrefix + java.lang.Integer.toString(counter)) + .png)): null

2018-12-13 12:05:23 - [TEST_STEP][PASSED] - Statement - counter = counter + 1: null

2018-12-13 12:05:23 - [TEST_STEP][PASSED] - Statement - PreSaveFile = new java.io.File(((pathPrefix + java.lang.Integer.toString(counter)) + .png)): null

2018-12-13 12:05:23 - [TEST_STEP][PASSED] - Statement - counter = counter + 1: null

2018-12-13 12:05:23 - [TEST_STEP][PASSED] - Statement - PreSaveFile = new java.io.File(((pathPrefix + java.lang.Integer.toString(counter)) + .png)): null

2018-12-13 12:05:23 - [TEST_STEP][PASSED] - Statement - counter = counter + 1: null

2018-12-13 12:05:23 - [TEST_STEP][PASSED] - Statement - PreSaveFile = new java.io.File(((pathPrefix + java.lang.Integer.toString(counter)) + .png)): null

2018-12-13 12:05:23 - [TEST_STEP][PASSED] - Statement - counter = counter + 1: null

2018-12-13 12:05:23 - [TEST_STEP][PASSED] - Statement - PreSaveFile = new java.io.File(((pathPrefix + java.lang.Integer.toString(counter)) + .png)): null

2018-12-13 12:05:23 - [TEST_STEP][PASSED] - Statement - counter = counter + 1: null

2018-12-13 12:05:23 - [TEST_STEP][PASSED] - Statement - PreSaveFile = new java.io.File(((pathPrefix + java.lang.Integer.toString(counter)) + .png)): null

2018-12-13 12:05:23 - [TEST_STEP][PASSED] - Statement - counter = counter + 1: null

2018-12-13 12:05:23 - [TEST_STEP][PASSED] - Statement - PreSaveFile = new java.io.File(((pathPrefix + java.lang.Integer.toString(counter)) + .png)): null

2018-12-13 12:05:23 - [TEST_STEP][PASSED] - Statement - counter = counter + 1: null

2018-12-13 12:05:23 - [TEST_STEP][PASSED] - Statement - PreSaveFile = new java.io.File(((pathPrefix + java.lang.Integer.toString(counter)) + .png)): null

2018-12-13 12:05:23 - [TEST_STEP][PASSED] - Statement - counter = counter + 1: null

2018-12-13 12:05:23 - [TEST_STEP][PASSED] - Statement - PreSaveFile = new java.io.File(((pathPrefix + java.lang.Integer.toString(counter)) + .png)): null

2018-12-13 12:05:23 - [TEST_STEP][PASSED] - Statement - counter = counter + 1: null

2018-12-13 12:05:23 - [TEST_STEP][PASSED] - Statement - PreSaveFile = new java.io.File(((pathPrefix + java.lang.Integer.toString(counter)) + .png)): null

2018-12-13 12:05:23 - [TEST_STEP][PASSED] - Statement - finalPath = pathPrefix + java.lang.Integer.toString(counter) + ".png": null

2018-12-13 12:05:23 - [TEST_STEP][PASSED] - Statement - SaveFile = new java.io.File(finalPath): null

2018-12-13 12:05:23 - [TEST_STEP][PASSED] - Statement - Try: null

2018-12-13 12:05:23 - [TEST_STEP][PASSED] - Statement - org.apache.commons.io.FileUtils.copyFile(scrFile, SaveFile): null

2018-12-13 12:05:23 - [TEST_STEP][PASSED] - Statement - out.println("file kept"): null

2018-12-13 12:05:23 - [TEST_STEP][PASSED] - delay: Delayed 10 second(s)

2018-12-13 12:05:33 - [MESSAGE][PASSED] - Delayed 10 second(s)

2018-12-13 12:05:33 - [MESSAGE][PASSED] - Call Test Case 'Test Cases/Final Aug 2018 - PKS Automation/Registration Module/New Registration/Submit and Screenshot/Submit Registration and Screenshot - Copy' successfully

2018-12-13 12:05:33 - [TEST_STEP][PASSED] - Statement - UpdateAddNewECode = com.kms.katalon.core.webui.keyword.WebUiBuiltInKeywords.getText(com.kms.katalon.core.testobject.ObjectRepository.findTestObject(Object Repository/Final Object Repo/Page_Update Add New Employee - ASSIST/getEmpCode)): Text of object 'Object Repository/Final Object Repo/Page_Update Add New Employee - ASSIST/getEmpCode' is: 'E1102070836X'

2018-12-13 12:05:34 - [MESSAGE][PASSED] - Text of object 'Object Repository/Final Object Repo/Page_Update Add New Employee - ASSIST/getEmpCode' is: 'E1102070836X'

2018-12-13 12:05:34 - [TEST_STEP][PASSED] - callTestCase: Call Test Case 'Test Cases/Final Aug 2018 - PKS Automation/Common/Emp Code Setter' successfully

2018-12-13 12:05:34 - [TEST_CASE][PASSED] - Test Cases/Final Aug 2018 - PKS Automation/Common/Emp Code Setter: Test Cases/Final Aug 2018 - PKS Automation/Common/Emp Code Setter

2018-12-13 12:05:34 - [TEST_STEP][PASSED] - Statement - EmpCodeOld = new java.io.File(C://Users//Admin//Desktop//PKS//Automation Reference Point//EmpCode.txt): null

2018-12-13 12:05:34 - [TEST_STEP][PASSED] - Statement - EmpCodeOld.delete(): null

2018-12-13 12:05:34 - [TEST_STEP][PASSED] - Statement - EmpCode = new java.io.File(C://Users//Admin//Desktop//PKS//Automation Reference Point//EmpCode.txt): null

2018-12-13 12:05:34 - [TEST_STEP][PASSED] - Statement - f2 = new java.io.FileWriter(EmpCode, false): null

2018-12-13 12:05:34 - [TEST_STEP][PASSED] - Statement - f2.write(UpdateAddNewECode): null

2018-12-13 12:05:34 - [TEST_STEP][PASSED] - Statement - f2.close(): null

2018-12-13 12:05:34 - [TEST_STEP][PASSED] - Statement - out.println("


" + UpdateAddNewECode + "


"): null

2018-12-13 12:05:34 - [MESSAGE][PASSED] - Call Test Case 'Test Cases/Final Aug 2018 - PKS Automation/Common/Emp Code Setter' successfully

2018-12-13 12:05:34 - [MESSAGE][PASSED] - Call Test Case 'Test Cases/Final Aug 2018 - PKS Automation/Registration Module/Workflow/Update Add New Employee/Template/New Company for Update Add New - Employer' successfully

2018-12-13 12:05:34 - [TEST_STEP][PASSED] - callTestCase: Call Test Case 'Test Cases/Final Aug 2018 - PKS Automation/Create Employer Acc/Login to Employer Account (Second time)' successfully

2018-12-13 12:05:34 - [TEST_CASE][PASSED] - Test Cases/Final Aug 2018 - PKS Automation/Create Employer Acc/Login to Employer Account (Second time): Test Cases/Final Aug 2018 - PKS Automation/Create Employer Acc/Login to Employer Account (Second time)

2018-12-13 12:05:34 - [TEST_STEP][PASSED] - openBrowser: Browser is opened with url: ''

2018-12-13 12:05:34 - [MESSAGE][WARNING] - A browser is already opened. Closing browser and opening a new one

2018-12-13 12:05:38 - [MESSAGE][PASSED] - Browser is opened with url: ''

2018-12-13 12:05:38 - [TEST_STEP][PASSED] - navigateToUrl: Navigate to 'https://assist2-uat.perkeso.gov.my/employer/login' successfully

2018-12-13 12:05:39 - [MESSAGE][PASSED] - Navigate to 'https://assist2-uat.perkeso.gov.my/employer/login' successfully

2018-12-13 12:05:39 - [TEST_STEP][PASSED] - delay: Delayed 3 second(s)

2018-12-13 12:05:42 - [MESSAGE][PASSED] - Delayed 3 second(s)

2018-12-13 12:05:42 - [TEST_STEP][PASSED] - callTestCase: Call Test Case 'Test Cases/Final Aug 2018 - PKS Automation/Create Employer Acc/Template/Employer Email Getter' successfully

2018-12-13 12:05:42 - [TEST_CASE][PASSED] - Test Cases/Final Aug 2018 - PKS Automation/Create Employer Acc/Template/Employer Email Getter: Test Cases/Final Aug 2018 - PKS Automation/Create Employer Acc/Template/Employer Email Getter

2018-12-13 12:05:42 - [TEST_STEP][PASSED] - Statement - Try: null

2018-12-13 12:05:42 - [TEST_STEP][PASSED] - Statement - EmpEmail = new java.io.File(C://Users//Admin//Desktop//PKS//Automation Reference Point//EmpEmail.txt): null

2018-12-13 12:05:42 - [TEST_STEP][PASSED] - Statement - bufferread = new java.io.BufferedReader(new java.io.FileReader(EmpEmail)): null

2018-12-13 12:05:42 - [TEST_STEP][PASSED] - Statement - readedVal = bufferread.readLine(): null

2018-12-13 12:05:42 - [TEST_STEP][PASSED] - Statement - out.println(readedVal): null

2018-12-13 12:05:42 - [TEST_STEP][PASSED] - Statement - Email = readedVal: null

2018-12-13 12:05:42 - [MESSAGE][PASSED] - Call Test Case 'Test Cases/Final Aug 2018 - PKS Automation/Create Employer Acc/Template/Employer Email Getter' successfully

2018-12-13 12:05:42 - [TEST_STEP][PASSED] - setText: Text 'perkeso646371322678@gmail.com' is set on object 'Object Repository/Final Object Repo/Login Page/External Login Page/Email'

2018-12-13 12:05:42 - [MESSAGE][PASSED] - Text 'perkeso646371322678@gmail.com' is set on object 'Object Repository/Final Object Repo/Login Page/External Login Page/Email'

2018-12-13 12:05:42 - [TEST_STEP][PASSED] - click: Object: 'Object Repository/Final Object Repo/Login Page/External Login Page/Next' is clicked on

2018-12-13 12:05:42 - [MESSAGE][PASSED] - Object: 'Object Repository/Final Object Repo/Login Page/External Login Page/Next' is clicked on

2018-12-13 12:05:42 - [TEST_STEP][PASSED] - delay: Delayed 3 second(s)

2018-12-13 12:05:45 - [MESSAGE][PASSED] - Delayed 3 second(s)

2018-12-13 12:05:45 - [TEST_STEP][PASSED] - setEncryptedText: Text ****** has been set on object 'Object Repository/Final Object Repo/Login Page/External Login Page/Password'

2018-12-13 12:05:46 - [MESSAGE][PASSED] - Text ****** has been set on object 'Object Repository/Final Object Repo/Login Page/External Login Page/Password'

2018-12-13 12:05:46 - [TEST_STEP][PASSED] - click: Object: 'Object Repository/Final Object Repo/Login Page/External Login Page/Login' is clicked on

2018-12-13 12:05:46 - [MESSAGE][PASSED] - Object: 'Object Repository/Final Object Repo/Login Page/External Login Page/Login' is clicked on

2018-12-13 12:05:46 - [TEST_STEP][PASSED] - delay: Delayed 5 second(s)

2018-12-13 12:05:51 - [MESSAGE][PASSED] - Delayed 5 second(s)

2018-12-13 12:05:51 - [MESSAGE][PASSED] - Call Test Case 'Test Cases/Final Aug 2018 - PKS Automation/Create Employer Acc/Login to Employer Account (Second time)' successfully

2018-12-13 12:05:51 - [TEST_STEP][PASSED] - navigateToUrl: Navigate to 'https://assist2-uat.perkeso.gov.my/web/registration/eis-update/form-3-eis-cessation-as-employer' successfully

2018-12-13 12:05:52 - [MESSAGE][PASSED] - Navigate to 'https://assist2-uat.perkeso.gov.my/web/registration/eis-update/form-3-eis-cessation-as-employer' successfully

2018-12-13 12:05:52 - [TEST_STEP][PASSED] - delay: Delayed 1 second(s)

2018-12-13 12:05:53 - [MESSAGE][PASSED] - Delayed 1 second(s)

2018-12-13 12:05:53 - [TEST_STEP][PASSED] - click: Object: 'Object Repository/Final Object Repo/Page_Form 3 EIS - Cessation as Employer/Edit' is clicked on

2018-12-13 12:05:54 - [MESSAGE][PASSED] - Object: 'Object Repository/Final Object Repo/Page_Form 3 EIS - Cessation as Employer/Edit' is clicked on

2018-12-13 12:05:54 - [TEST_STEP][PASSED] - delay: Delayed 1 second(s)

2018-12-13 12:05:55 - [MESSAGE][PASSED] - Delayed 1 second(s)

2018-12-13 12:05:55 - [TEST_STEP][PASSED] - Statement - abc = com.kms.katalon.core.webui.keyword.WebUiBuiltInKeywords.getAttribute(com.kms.katalon.core.testobject.ObjectRepository.findTestObject(Final Object Repo/Page_Form 3 EIS - Cessation as Employer/Employer Status), "value"): Attribute 'value' of object 'Object Repository/Final Object Repo/Page_Form 3 EIS - Cessation as Employer/Employer Status' is: 'Active'

2018-12-13 12:05:55 - [MESSAGE][PASSED] - Attribute 'value' of object 'Object Repository/Final Object Repo/Page_Form 3 EIS - Cessation as Employer/Employer Status' is: 'Active'

2018-12-13 12:05:55 - [TEST_STEP][PASSED] - Statement - out.println(abc): null

2018-12-13 12:05:55 - [TEST_STEP][PASSED] - Statement - If (abc == "Active"): Object: 'Object Repository/Final Object Repo/Page_Form 3 EIS - Cessation as Employer/Dormant EIS' is clicked on

2018-12-13 12:05:55 - [TEST_STEP][PASSED] - click: Object: 'Object Repository/Final Object Repo/Page_Form 3 EIS - Cessation as Employer/Change Employer Status to' is clicked on

2018-12-13 12:05:56 - [MESSAGE][PASSED] - Object: 'Object Repository/Final Object Repo/Page_Form 3 EIS - Cessation as Employer/Change Employer Status to' is clicked on

2018-12-13 12:05:56 - [TEST_STEP][PASSED] - click: Object: 'Object Repository/Final Object Repo/Page_Form 3 EIS - Cessation as Employer/Dormant EIS' is clicked on

2018-12-13 12:05:56 - [MESSAGE][PASSED] - Object: 'Object Repository/Final Object Repo/Page_Form 3 EIS - Cessation as Employer/Dormant EIS' is clicked on

2018-12-13 12:05:56 - [TEST_STEP][PASSED] - click: Object: 'Object Repository/Final Object Repo/Page_Form 3 EIS - Cessation as Employer/Calender' is clicked on

2018-12-13 12:05:56 - [MESSAGE][PASSED] - Object: 'Object Repository/Final Object Repo/Page_Form 3 EIS - Cessation as Employer/Calender' is clicked on

2018-12-13 12:05:56 - [TEST_STEP][PASSED] - delay: Delayed 1 second(s)

2018-12-13 12:05:57 - [MESSAGE][PASSED] - Delayed 1 second(s)

2018-12-13 12:05:57 - [TEST_STEP][PASSED] - click: Object: 'Object Repository/Final Object Repo/Page_Form 3 EIS - Cessation as Employer/Calender - Date' is clicked on

2018-12-13 12:05:57 - [MESSAGE][PASSED] - Object: 'Object Repository/Final Object Repo/Page_Form 3 EIS - Cessation as Employer/Calender - Date' is clicked on

2018-12-13 12:05:57 - [TEST_STEP][PASSED] - click: Object: 'Object Repository/Final Object Repo/Page_Form 3 EIS - Cessation as Employer/Save  Continue in Form 3 EIS Page' is clicked on

2018-12-13 12:05:58 - [MESSAGE][PASSED] - Object: 'Object Repository/Final Object Repo/Page_Form 3 EIS - Cessation as Employer/Save  Continue in Form 3 EIS Page' is clicked on

2018-12-13 12:05:58 - [TEST_STEP][PASSED] - delay: Delayed 1 second(s)

2018-12-13 12:05:59 - [MESSAGE][PASSED] - Delayed 1 second(s)

2018-12-13 12:05:59 - [TEST_STEP][PASSED] - click: Object: 'Object Repository/Final Object Repo/Page_Form 3 EIS - Cessation as Employer/Employment Resign Date' is clicked on

2018-12-13 12:05:59 - [MESSAGE][PASSED] - Object: 'Object Repository/Final Object Repo/Page_Form 3 EIS - Cessation as Employer/Employment Resign Date' is clicked on

2018-12-13 12:05:59 - [TEST_STEP][PASSED] - selectOptionByValue: All options with value '2019' are selected in object 'Object Repository/Final Object Repo/Page_Form 3 EIS - Cessation as Employer/Employment Resign Date - Year' 

2018-12-13 12:06:00 - [MESSAGE][PASSED] - All options with value '2019' are selected in object 'Object Repository/Final Object Repo/Page_Form 3 EIS - Cessation as Employer/Employment Resign Date - Year' 

2018-12-13 12:06:00 - [TEST_STEP][PASSED] - delay: Delayed 2 second(s)

2018-12-13 12:06:02 - [MESSAGE][PASSED] - Delayed 2 second(s)

2018-12-13 12:06:02 - [TEST_STEP][PASSED] - click: Object: 'Object Repository/Final Object Repo/Page_Form 3 EIS - Cessation as Employer/Employment Resign Date - Year - Date' is clicked on

2018-12-13 12:06:02 - [MESSAGE][PASSED] - Object: 'Object Repository/Final Object Repo/Page_Form 3 EIS - Cessation as Employer/Employment Resign Date - Year - Date' is clicked on

2018-12-13 12:06:02 - [TEST_STEP][PASSED] - delay: Delayed 2 second(s)

2018-12-13 12:06:04 - [MESSAGE][PASSED] - Delayed 2 second(s)

2018-12-13 12:06:04 - [TEST_STEP][PASSED] - click: Object: 'Object Repository/Final Object Repo/Page_Form 3 EIS - Cessation as Employer/Save  Continue in Employment Resign Page' is clicked on

2018-12-13 12:06:04 - [MESSAGE][PASSED] - Object: 'Object Repository/Final Object Repo/Page_Form 3 EIS - Cessation as Employer/Save  Continue in Employment Resign Page' is clicked on

2018-12-13 12:06:04 - [TEST_STEP][PASSED] - delay: Delayed 2 second(s)

2018-12-13 12:06:06 - [MESSAGE][PASSED] - Delayed 2 second(s)

2018-12-13 12:06:06 - [TEST_STEP][PASSED] - click: Object: 'Object Repository/Final Object Repo/Page_Form 3 EIS - Cessation as Employer/Set Latest - Yes' is clicked on

2018-12-13 12:06:06 - [MESSAGE][PASSED] - Object: 'Object Repository/Final Object Repo/Page_Form 3 EIS - Cessation as Employer/Set Latest - Yes' is clicked on

2018-12-13 12:06:06 - [TEST_STEP][PASSED] - delay: Delayed 2 second(s)

2018-12-13 12:06:08 - [MESSAGE][PASSED] - Delayed 2 second(s)

2018-12-13 12:06:08 - [TEST_STEP][PASSED] - click: Object: 'Object Repository/Final Object Repo/Page_Form 3 EIS - Cessation as Employer/Add Document' is clicked on

2018-12-13 12:06:09 - [MESSAGE][PASSED] - Object: 'Object Repository/Final Object Repo/Page_Form 3 EIS - Cessation as Employer/Add Document' is clicked on

2018-12-13 12:06:09 - [TEST_STEP][PASSED] - delay: Delayed 3 second(s)

2018-12-13 12:06:12 - [MESSAGE][PASSED] - Delayed 3 second(s)

2018-12-13 12:06:12 - [TEST_STEP][PASSED] - click: Object: 'Object Repository/Final Object Repo/Page_Form 3 EIS - Cessation as Employer/Document Type' is clicked on

2018-12-13 12:06:12 - [MESSAGE][PASSED] - Object: 'Object Repository/Final Object Repo/Page_Form 3 EIS - Cessation as Employer/Document Type' is clicked on

2018-12-13 12:06:12 - [TEST_STEP][PASSED] - click: Object: 'Object Repository/Final Object Repo/Page_Form 3 EIS - Cessation as Employer/Document Type - Form 3' is clicked on

2018-12-13 12:06:13 - [MESSAGE][PASSED] - Object: 'Object Repository/Final Object Repo/Page_Form 3 EIS - Cessation as Employer/Document Type - Form 3' is clicked on

2018-12-13 12:06:13 - [TEST_STEP][PASSED] - delay: Delayed 2 second(s)

2018-12-13 12:06:15 - [MESSAGE][PASSED] - Delayed 2 second(s)

2018-12-13 12:06:15 - [TEST_STEP][PASSED] - sendKeys: Keys 'C:\Users\Public\Pictures\Sample Pictures\Koala.jpg' sent to object: 'Object Repository/Final Object Repo/Page_Form 3 EIS - Cessation as Employer/ploading File'

2018-12-13 12:06:15 - [MESSAGE][PASSED] - Keys 'C:\Users\Public\Pictures\Sample Pictures\Koala.jpg' sent to object: 'Object Repository/Final Object Repo/Page_Form 3 EIS - Cessation as Employer/ploading File'

2018-12-13 12:06:15 - [TEST_STEP][PASSED] - delay: Delayed 1 second(s)

2018-12-13 12:06:16 - [MESSAGE][PASSED] - Delayed 1 second(s)

2018-12-13 12:06:16 - [TEST_STEP][PASSED] - click: Object: 'Object Repository/Final Object Repo/Page_Form 3 EIS - Cessation as Employer/Add Document in Uploading Page' is clicked on

2018-12-13 12:06:16 - [MESSAGE][PASSED] - Object: 'Object Repository/Final Object Repo/Page_Form 3 EIS - Cessation as Employer/Add Document in Uploading Page' is clicked on

2018-12-13 12:06:16 - [TEST_STEP][PASSED] - delay: Delayed 2 second(s)

2018-12-13 12:06:18 - [MESSAGE][PASSED] - Delayed 2 second(s)

2018-12-13 12:06:18 - [TEST_STEP][PASSED] - Statement - CaseReferenceNo = com.kms.katalon.core.webui.keyword.WebUiBuiltInKeywords.getText(com.kms.katalon.core.testobject.ObjectRepository.findTestObject(Final Object Repo/Page_Update Employer Information/Reference Number in Update Employee Information Page)): Text of object 'Object Repository/Final Object Repo/Page_Update Employer Information/Reference Number in Update Employee Information Page' is: 'ERN122018C200002416'

2018-12-13 12:06:20 - [MESSAGE][PASSED] - Text of object 'Object Repository/Final Object Repo/Page_Update Employer Information/Reference Number in Update Employee Information Page' is: 'ERN122018C200002416'

2018-12-13 12:06:20 - [TEST_STEP][PASSED] - callTestCase: Call Test Case 'Test Cases/Final Aug 2018 - PKS Automation/Common/Reference Number Setter' successfully

2018-12-13 12:06:20 - [TEST_CASE][PASSED] - Test Cases/Final Aug 2018 - PKS Automation/Common/Reference Number Setter: Test Cases/Final Aug 2018 - PKS Automation/Common/Reference Number Setter

2018-12-13 12:06:20 - [TEST_STEP][PASSED] - Statement - RefNoOldFile = new java.io.File(C://Users//Admin//Desktop//PKS//Automation Reference Point//KatalonReference.txt): null

2018-12-13 12:06:20 - [TEST_STEP][PASSED] - Statement - RefNoOldFile.delete(): null

2018-12-13 12:06:20 - [TEST_STEP][PASSED] - delay: Delayed 5 second(s)

2018-12-13 12:06:25 - [MESSAGE][PASSED] - Delayed 5 second(s)

2018-12-13 12:06:25 - [TEST_STEP][PASSED] - Statement - RefNo = new java.io.File(C://Users//Admin//Desktop//PKS//Automation Reference Point//KatalonReference.txt): null

2018-12-13 12:06:25 - [TEST_STEP][PASSED] - Statement - f2 = new java.io.FileWriter(RefNo, false): null

2018-12-13 12:06:25 - [TEST_STEP][PASSED] - Statement - f2.write(CaseReferenceNo): null

2018-12-13 12:06:25 - [TEST_STEP][PASSED] - Statement - f2.close(): null

2018-12-13 12:06:25 - [TEST_STEP][PASSED] - Statement - out.println("


" + CaseReferenceNo + "


"): null

2018-12-13 12:06:25 - [MESSAGE][PASSED] - Call Test Case 'Test Cases/Final Aug 2018 - PKS Automation/Common/Reference Number Setter' successfully

2018-12-13 12:06:25 - [TEST_STEP][PASSED] - delay: Delayed 2 second(s)

2018-12-13 12:06:27 - [MESSAGE][PASSED] - Delayed 2 second(s)

2018-12-13 12:06:27 - [TEST_STEP][PASSED] - click: Object: 'Object Repository/Final Object Repo/Page_Form 3 EIS - Cessation as Employer/Save  Continue in Uploading Page' is clicked on

2018-12-13 12:06:27 - [MESSAGE][PASSED] - Object: 'Object Repository/Final Object Repo/Page_Form 3 EIS - Cessation as Employer/Save  Continue in Uploading Page' is clicked on

2018-12-13 12:06:27 - [TEST_STEP][PASSED] - delay: Delayed 2 second(s)

2018-12-13 12:06:29 - [MESSAGE][PASSED] - Delayed 2 second(s)

2018-12-13 12:06:29 - [TEST_STEP][PASSED] - click: Object: 'Object Repository/Final Object Repo/Page_Form 3 EIS - Cessation as Employer/Submit' is clicked on

2018-12-13 12:06:32 - [MESSAGE][PASSED] - Object: 'Object Repository/Final Object Repo/Page_Form 3 EIS - Cessation as Employer/Submit' is clicked on

2018-12-13 12:06:32 - [TEST_STEP][PASSED] - delay: Delayed 2 second(s)

2018-12-13 12:06:34 - [MESSAGE][PASSED] - Delayed 2 second(s)

2018-12-13 12:06:34 - [TEST_STEP][PASSED] - click: Object: 'Object Repository/Final Object Repo/Page_Form 3 EIS - Cessation as Employer/Confirm' is clicked on

2018-12-13 12:06:34 - [MESSAGE][PASSED] - Object: 'Object Repository/Final Object Repo/Page_Form 3 EIS - Cessation as Employer/Confirm' is clicked on

2018-12-13 12:06:34 - [TEST_STEP][PASSED] - delay: Delayed 2 second(s)

2018-12-13 12:06:36 - [MESSAGE][PASSED] - Delayed 2 second(s)

2018-12-13 12:06:36 - [TEST_STEP][PASSED] - click: Object: 'Object Repository/Final Object Repo/Page_Form 3 EIS - Cessation as Employer/Message Your Request will be routed to UO' is clicked on

2018-12-13 12:06:41 - [MESSAGE][PASSED] - Object: 'Object Repository/Final Object Repo/Page_Form 3 EIS - Cessation as Employer/Message Your Request will be routed to UO' is clicked on

2018-12-13 12:06:41 - [TEST_STEP][PASSED] - click: Object: 'Object Repository/Final Object Repo/Page_Form 3 EIS - Cessation as Employer/Letter of acknowledgement' is clicked on

2018-12-13 12:06:41 - [MESSAGE][PASSED] - Object: 'Object Repository/Final Object Repo/Page_Form 3 EIS - Cessation as Employer/Letter of acknowledgement' is clicked on

2018-12-13 12:06:41 - [MESSAGE][PASSED] - Call Test Case 'Test Cases/Final Aug 2018 - PKS Automation/Registration Module/Workflow/Form 3 EIS - Cessation As Employer/Template/Form 3 A - Cessation As Employer (Employer)' successfully

2018-12-13 12:06:41 - [TEST_STEP][PASSED] - callTestCase: Call Test Case 'Test Cases/Final Aug 2018 - PKS Automation/Registration Module/Workflow/Form 3 EIS - Cessation As Employer/Template/Form 3 A - Cessation As Employer (Reject)' successfully

2018-12-13 12:06:41 - [TEST_CASE][PASSED] - Test Cases/Final Aug 2018 - PKS Automation/Registration Module/Workflow/Form 3 EIS - Cessation As Employer/Template/Form 3 A - Cessation As Employer (Reject): Test Cases/Final Aug 2018 - PKS Automation/Registration Module/Workflow/Form 3 EIS - Cessation As Employer/Template/Form 3 A - Cessation As Employer (Reject)

2018-12-13 12:06:41 - [TEST_STEP][NOT_RUN] - callTestCase: NOT_RUN: callTestCase

2018-12-13 12:06:41 - [MESSAGE][NOT_RUN] - NOT_RUN: callTestCase

2018-12-13 12:06:41 - [TEST_STEP][PASSED] - delay: Delayed 1 second(s)

2018-12-13 12:06:42 - [MESSAGE][PASSED] - Delayed 1 second(s)

2018-12-13 12:06:42 - [TEST_STEP][PASSED] - navigateToUrl: Navigate to 'https://assist2-uat.perkeso.gov.my/c/portal/logout' successfully

2018-12-13 12:06:43 - [MESSAGE][PASSED] - Navigate to 'https://assist2-uat.perkeso.gov.my/c/portal/logout' successfully

2018-12-13 12:06:43 - [TEST_STEP][PASSED] - delay: Delayed 1 second(s)

2018-12-13 12:06:44 - [MESSAGE][PASSED] - Delayed 1 second(s)

2018-12-13 12:06:44 - [TEST_STEP][PASSED] - callTestCase: Call Test Case 'Test Cases/Final Aug 2018 - PKS Automation/Common/Reference Number Getter' successfully

2018-12-13 12:06:44 - [TEST_CASE][PASSED] - Test Cases/Final Aug 2018 - PKS Automation/Common/Reference Number Getter: Test Cases/Final Aug 2018 - PKS Automation/Common/Reference Number Getter

2018-12-13 12:06:44 - [TEST_STEP][PASSED] - Statement - Try: null

2018-12-13 12:06:44 - [TEST_STEP][PASSED] - Statement - RefNo = new java.io.File(C://Users//Admin//Desktop//PKS//Automation Reference Point//KatalonReference.txt): null

2018-12-13 12:06:44 - [TEST_STEP][PASSED] - Statement - bufferread = new java.io.BufferedReader(new java.io.FileReader(RefNo)): null

2018-12-13 12:06:44 - [TEST_STEP][PASSED] - Statement - readedVal = bufferread.readLine(): null

2018-12-13 12:06:44 - [TEST_STEP][PASSED] - Statement - out.println(CaseReferenceNo): null

2018-12-13 12:06:44 - [TEST_STEP][PASSED] - Statement - out.println(readedVal): null

2018-12-13 12:06:44 - [TEST_STEP][PASSED] - Statement - CaseReferenceNo = "": null

2018-12-13 12:06:44 - [TEST_STEP][PASSED] - Statement - CaseReferenceNo = readedVal: null

2018-12-13 12:06:44 - [MESSAGE][PASSED] - Call Test Case 'Test Cases/Final Aug 2018 - PKS Automation/Common/Reference Number Getter' successfully

2018-12-13 12:06:44 - [TEST_STEP][PASSED] - callTestCase: Call Test Case 'Test Cases/Final Aug 2018 - PKS Automation/Common/Workflow Owner Finder' successfully

2018-12-13 12:06:44 - [TEST_CASE][PASSED] - Test Cases/Final Aug 2018 - PKS Automation/Common/Workflow Owner Finder: Test Cases/Final Aug 2018 - PKS Automation/Common/Workflow Owner Finder

2018-12-13 12:06:44 - [TEST_STEP][PASSED] - openBrowser: Browser is opened with url: ''

2018-12-13 12:06:44 - [MESSAGE][WARNING] - A browser is already opened. Closing browser and opening a new one

2018-12-13 12:06:48 - [MESSAGE][PASSED] - Browser is opened with url: ''

2018-12-13 12:06:48 - [TEST_STEP][PASSED] - navigateToUrl: Navigate to 'https://assist2-uat.perkeso.gov.my/login' successfully

2018-12-13 12:06:49 - [MESSAGE][PASSED] - Navigate to 'https://assist2-uat.perkeso.gov.my/login' successfully

2018-12-13 12:06:49 - [TEST_STEP][PASSED] - delay: Delayed 5 second(s)

2018-12-13 12:06:54 - [MESSAGE][PASSED] - Delayed 5 second(s)

2018-12-13 12:06:54 - [TEST_STEP][PASSED] - setText: Text 'test@liferay.com' is set on object 'Object Repository/Final Object Repo/Login Page/Internal User/Email Address'

2018-12-13 12:06:55 - [MESSAGE][PASSED] - Text 'test@liferay.com' is set on object 'Object Repository/Final Object Repo/Login Page/Internal User/Email Address'

2018-12-13 12:06:55 - [TEST_STEP][PASSED] - click: Object: 'Object Repository/Final Object Repo/Login Page/Internal User/Next Button' is clicked on

2018-12-13 12:06:55 - [MESSAGE][PASSED] - Object: 'Object Repository/Final Object Repo/Login Page/Internal User/Next Button' is clicked on

2018-12-13 12:06:55 - [TEST_STEP][PASSED] - delay: Delayed 2 second(s)

2018-12-13 12:06:57 - [MESSAGE][PASSED] - Delayed 2 second(s)

2018-12-13 12:06:57 - [TEST_STEP][PASSED] - setText: Text 'test' is set on object 'Object Repository/Final Object Repo/Login Page/Internal User/Password'

2018-12-13 12:06:57 - [MESSAGE][PASSED] - Text 'test' is set on object 'Object Repository/Final Object Repo/Login Page/Internal User/Password'

2018-12-13 12:06:57 - [TEST_STEP][PASSED] - delay: Delayed 2 second(s)

2018-12-13 12:06:59 - [MESSAGE][PASSED] - Delayed 2 second(s)

2018-12-13 12:06:59 - [TEST_STEP][PASSED] - click: Object: 'Object Repository/Final Object Repo/Login Page/Internal User/Login Button' is clicked on

2018-12-13 12:06:59 - [MESSAGE][PASSED] - Object: 'Object Repository/Final Object Repo/Login Page/Internal User/Login Button' is clicked on

2018-12-13 12:06:59 - [TEST_STEP][PASSED] - Statement - tester = com.kms.katalon.core.testobject.ObjectRepository.findTestObject(Final Object Repo/Landing Page/Select to English): Finding Test Object with id 'Object Repository/Final Object Repo/Landing Page/Select to English'

2018-12-13 12:06:59 - [TEST_STEP][PASSED] - Statement - Try: Delayed 2 second(s)

2018-12-13 12:06:59 - [TEST_STEP][PASSED] - Statement - Checker = com.kms.katalon.core.webui.keyword.WebUiBuiltInKeywords.verifyElementNotPresent(tester, 3): Web element with id: 'Object Repository/Final Object Repo/Landing Page/Select to English' located by 'By.xpath: //a[@class = 'taglib-language-list-text' and @lang = 'en-US' and (contains(text(), 'EN') or contains(., 'EN'))]' is not present after '3' second(s)

2018-12-13 12:07:02 - [MESSAGE][PASSED] - Web element with id: 'Object Repository/Final Object Repo/Landing Page/Select to English' located by 'By.xpath: //a[@class = 'taglib-language-list-text' and @lang = 'en-US' and (contains(text(), 'EN') or contains(., 'EN'))]' is not present after '3' second(s)

2018-12-13 12:07:02 - [TEST_STEP][PASSED] - Statement - If (Checker == false): null

2018-12-13 12:07:02 - [TEST_STEP][PASSED] - delay: Delayed 2 second(s)

2018-12-13 12:07:04 - [MESSAGE][PASSED] - Delayed 2 second(s)

2018-12-13 12:07:04 - [TEST_STEP][PASSED] - delay: Delayed 5 second(s)

2018-12-13 12:07:09 - [MESSAGE][PASSED] - Delayed 5 second(s)

2018-12-13 12:07:09 - [TEST_STEP][PASSED] - mouseOver: Object: 'Object Repository/Final Object Repo/Landing Page/WorkFlow Menu' is hovered

2018-12-13 12:07:09 - [MESSAGE][PASSED] - Object: 'Object Repository/Final Object Repo/Landing Page/WorkFlow Menu' is hovered

2018-12-13 12:07:09 - [TEST_STEP][PASSED] - delay: Delayed 2 second(s)

2018-12-13 12:07:11 - [MESSAGE][PASSED] - Delayed 2 second(s)

2018-12-13 12:07:11 - [TEST_STEP][PASSED] - click: Object: 'Object Repository/Final Object Repo/Landing Page/Select to Workflow Listing' is clicked on

2018-12-13 12:07:12 - [MESSAGE][PASSED] - Object: 'Object Repository/Final Object Repo/Landing Page/Select to Workflow Listing' is clicked on

2018-12-13 12:07:12 - [TEST_STEP][PASSED] - delay: Delayed 2 second(s)

2018-12-13 12:07:14 - [MESSAGE][PASSED] - Delayed 2 second(s)

2018-12-13 12:07:14 - [TEST_STEP][PASSED] - click: Object: 'Object Repository/Final Object Repo/WorkFlow Listing Page/Search Information - To Put Ref No' is clicked on

2018-12-13 12:07:14 - [MESSAGE][PASSED] - Object: 'Object Repository/Final Object Repo/WorkFlow Listing Page/Search Information - To Put Ref No' is clicked on

2018-12-13 12:07:14 - [TEST_STEP][PASSED] - delay: Delayed 2 second(s)

2018-12-13 12:07:16 - [MESSAGE][PASSED] - Delayed 2 second(s)

2018-12-13 12:07:16 - [TEST_STEP][PASSED] - callTestCase: Call Test Case 'Test Cases/Final Aug 2018 - PKS Automation/Common/Reference Number Getter' successfully

2018-12-13 12:07:16 - [TEST_CASE][PASSED] - Test Cases/Final Aug 2018 - PKS Automation/Common/Reference Number Getter: Test Cases/Final Aug 2018 - PKS Automation/Common/Reference Number Getter

2018-12-13 12:07:16 - [TEST_STEP][PASSED] - Statement - Try: null

2018-12-13 12:07:16 - [TEST_STEP][PASSED] - Statement - RefNo = new java.io.File(C://Users//Admin//Desktop//PKS//Automation Reference Point//KatalonReference.txt): null

2018-12-13 12:07:16 - [TEST_STEP][PASSED] - Statement - bufferread = new java.io.BufferedReader(new java.io.FileReader(RefNo)): null

2018-12-13 12:07:16 - [TEST_STEP][PASSED] - Statement - readedVal = bufferread.readLine(): null

2018-12-13 12:07:16 - [TEST_STEP][PASSED] - Statement - out.println(CaseReferenceNo): null

2018-12-13 12:07:16 - [TEST_STEP][PASSED] - Statement - out.println(readedVal): null

2018-12-13 12:07:16 - [TEST_STEP][PASSED] - Statement - CaseReferenceNo = "": null

2018-12-13 12:07:16 - [TEST_STEP][PASSED] - Statement - CaseReferenceNo = readedVal: null

2018-12-13 12:07:16 - [MESSAGE][PASSED] - Call Test Case 'Test Cases/Final Aug 2018 - PKS Automation/Common/Reference Number Getter' successfully

2018-12-13 12:07:16 - [TEST_STEP][PASSED] - setText: Text 'ERN122018C200002416' is set on object 'Object Repository/Final Object Repo/WorkFlow Listing Page/Ref No Set Text'

2018-12-13 12:07:17 - [MESSAGE][PASSED] - Text 'ERN122018C200002416' is set on object 'Object Repository/Final Object Repo/WorkFlow Listing Page/Ref No Set Text'

2018-12-13 12:07:17 - [TEST_STEP][PASSED] - delay: Delayed 2 second(s)

2018-12-13 12:07:19 - [MESSAGE][PASSED] - Delayed 2 second(s)

2018-12-13 12:07:19 - [TEST_STEP][PASSED] - click: Object: 'Object Repository/Final Object Repo/WorkFlow Listing Page/Search Ref No Search Button' is clicked on

2018-12-13 12:07:19 - [MESSAGE][PASSED] - Object: 'Object Repository/Final Object Repo/WorkFlow Listing Page/Search Ref No Search Button' is clicked on

2018-12-13 12:07:19 - [TEST_STEP][PASSED] - delay: Delayed 6 second(s)

2018-12-13 12:07:25 - [MESSAGE][PASSED] - Delayed 6 second(s)

2018-12-13 12:07:25 - [TEST_STEP][PASSED] - click: Object: 'Object Repository/Final Object Repo/WorkFlow Listing Page/Click Continue Tooltip' is clicked on

2018-12-13 12:07:26 - [MESSAGE][PASSED] - Object: 'Object Repository/Final Object Repo/WorkFlow Listing Page/Click Continue Tooltip' is clicked on

2018-12-13 12:07:26 - [TEST_STEP][PASSED] - delay: Delayed 5 second(s)

2018-12-13 12:07:31 - [MESSAGE][PASSED] - Delayed 5 second(s)

2018-12-13 12:07:31 - [TEST_STEP][PASSED] - doubleClick: Object: 'Object Repository/Final Object Repo/WorkFlow Listing Page/Workflow Found - Listing 1' is double clicked on

2018-12-13 12:07:31 - [MESSAGE][PASSED] - Object: 'Object Repository/Final Object Repo/WorkFlow Listing Page/Workflow Found - Listing 1' is double clicked on

2018-12-13 12:07:31 - [TEST_STEP][PASSED] - Statement - println(OwnerID): null

2018-12-13 12:07:31 - [TEST_STEP][PASSED] - Statement - OwnerID = com.kms.katalon.core.webui.keyword.WebUiBuiltInKeywords.getText(com.kms.katalon.core.testobject.ObjectRepository.findTestObject(Final Object Repo/WorkFlow Listing Page/Workflow Found - Listing 1), STOP_ON_FAILURE): Text of object 'Object Repository/Final Object Repo/WorkFlow Listing Page/Workflow Found - Listing 1' is: 'JOHORuo1'

2018-12-13 12:07:32 - [MESSAGE][PASSED] - Text of object 'Object Repository/Final Object Repo/WorkFlow Listing Page/Workflow Found - Listing 1' is: 'JOHORuo1'

2018-12-13 12:07:32 - [TEST_STEP][PASSED] - Statement - OwnerID = OwnerID.toLowerCase() + "@gmail.com": null

2018-12-13 12:07:32 - [TEST_STEP][PASSED] - Statement - println(OwnerID): null

2018-12-13 12:07:32 - [TEST_STEP][PASSED] - delay: Delayed 2 second(s)

2018-12-13 12:07:34 - [MESSAGE][PASSED] - Delayed 2 second(s)

2018-12-13 12:07:34 - [MESSAGE][PASSED] - Call Test Case 'Test Cases/Final Aug 2018 - PKS Automation/Common/Workflow Owner Finder' successfully

2018-12-13 12:07:34 - [TEST_STEP][PASSED] - delay: Delayed 1 second(s)

2018-12-13 12:07:35 - [MESSAGE][PASSED] - Delayed 1 second(s)

2018-12-13 12:07:35 - [TEST_STEP][PASSED] - navigateToUrl: Navigate to 'https://assist2-uat.perkeso.gov.my/c/portal/logout' successfully

2018-12-13 12:07:36 - [MESSAGE][PASSED] - Navigate to 'https://assist2-uat.perkeso.gov.my/c/portal/logout' successfully

2018-12-13 12:07:36 - [TEST_STEP][PASSED] - delay: Delayed 1 second(s)

2018-12-13 12:07:37 - [MESSAGE][PASSED] - Delayed 1 second(s)

2018-12-13 12:07:37 - [TEST_STEP][PASSED] - callTestCase: Call Test Case 'Test Cases/Final Aug 2018 - PKS Automation/Registration Module/Workflow/Login and Search Case For Workflow' successfully

2018-12-13 12:07:37 - [TEST_CASE][PASSED] - Test Cases/Final Aug 2018 - PKS Automation/Registration Module/Workflow/Login and Search Case For Workflow: Test Cases/Final Aug 2018 - PKS Automation/Registration Module/Workflow/Login and Search Case For Workflow

2018-12-13 12:07:37 - [TEST_STEP][PASSED] - navigateToUrl: Navigate to 'https://assist2-uat.perkeso.gov.my/login' successfully

2018-12-13 12:07:38 - [MESSAGE][PASSED] - Navigate to 'https://assist2-uat.perkeso.gov.my/login' successfully

2018-12-13 12:07:38 - [TEST_STEP][PASSED] - setText: Text 'johoruo1@gmail.com' is set on object 'Object Repository/Final Object Repo/Login Page/Internal User/Email Address'

2018-12-13 12:07:38 - [MESSAGE][PASSED] - Text 'johoruo1@gmail.com' is set on object 'Object Repository/Final Object Repo/Login Page/Internal User/Email Address'

2018-12-13 12:07:38 - [TEST_STEP][PASSED] - click: Object: 'Object Repository/Final Object Repo/Login Page/Internal User/Next Button' is clicked on

2018-12-13 12:07:38 - [MESSAGE][PASSED] - Object: 'Object Repository/Final Object Repo/Login Page/Internal User/Next Button' is clicked on

2018-12-13 12:07:38 - [TEST_STEP][PASSED] - delay: Delayed 1 second(s)

2018-12-13 12:07:39 - [MESSAGE][PASSED] - Delayed 1 second(s)

2018-12-13 12:07:39 - [TEST_STEP][PASSED] - setEncryptedText: Text ****** has been set on object 'Object Repository/Final Object Repo/Login Page/Internal User/Password'

2018-12-13 12:07:40 - [MESSAGE][PASSED] - Text ****** has been set on object 'Object Repository/Final Object Repo/Login Page/Internal User/Password'

2018-12-13 12:07:40 - [TEST_STEP][PASSED] - click: Object: 'Object Repository/Final Object Repo/Login Page/Internal User/Login Button' is clicked on

2018-12-13 12:07:40 - [MESSAGE][PASSED] - Object: 'Object Repository/Final Object Repo/Login Page/Internal User/Login Button' is clicked on

2018-12-13 12:07:40 - [TEST_STEP][PASSED] - delay: Delayed 2 second(s)

2018-12-13 12:07:42 - [MESSAGE][PASSED] - Delayed 2 second(s)

2018-12-13 12:07:42 - [TEST_STEP][PASSED] - Statement - Try: Delayed 2 second(s)

2018-12-13 12:07:42 - [TEST_STEP][PASSED] - Statement - Checker = false: null

2018-12-13 12:07:42 - [TEST_STEP][PASSED] - Statement - Checker = com.kms.katalon.core.webui.keyword.WebUiBuiltInKeywords.verifyElementHasAttribute(com.kms.katalon.core.testobject.ObjectRepository.findTestObject(Final Object Repo/Landing Page/BM Detecting), "href", 20, OPTIONAL): Object 'Object Repository/Final Object Repo/Landing Page/BM Detecting' has attribute 'href'

2018-12-13 12:07:42 - [MESSAGE][PASSED] - Object 'Object Repository/Final Object Repo/Landing Page/BM Detecting' has attribute 'href'

2018-12-13 12:07:42 - [TEST_STEP][PASSED] - Statement - out.println(Checker): null

2018-12-13 12:07:42 - [TEST_STEP][PASSED] - Statement - If (Checker == false): null

2018-12-13 12:07:42 - [TEST_STEP][PASSED] - Statement - Else: null

2018-12-13 12:07:42 - [TEST_STEP][PASSED] - delay: Delayed 2 second(s)

2018-12-13 12:07:44 - [MESSAGE][PASSED] - Delayed 2 second(s)

2018-12-13 12:07:44 - [TEST_STEP][PASSED] - click: Object: 'Object Repository/Final Object Repo/Page_MyASSIST - ASSIST - Search Pending Case For Add Supporting Document/Search Information' is clicked on

2018-12-13 12:07:44 - [MESSAGE][PASSED] - Object: 'Object Repository/Final Object Repo/Page_MyASSIST - ASSIST - Search Pending Case For Add Supporting Document/Search Information' is clicked on

2018-12-13 12:07:44 - [TEST_STEP][PASSED] - delay: Delayed 3 second(s)

2018-12-13 12:07:47 - [MESSAGE][PASSED] - Delayed 3 second(s)

2018-12-13 12:07:47 - [TEST_STEP][PASSED] - sendKeys: Keys 'ERN122018C200002416' sent to object: 'Object Repository/Final Object Repo/Page_MyASSIST - ASSIST - Search Pending Case For Add Supporting Document/Reference No'

2018-12-13 12:07:47 - [MESSAGE][PASSED] - Keys 'ERN122018C200002416' sent to object: 'Object Repository/Final Object Repo/Page_MyASSIST - ASSIST - Search Pending Case For Add Supporting Document/Reference No'

2018-12-13 12:07:47 - [TEST_STEP][PASSED] - click: Object: 'Object Repository/Final Object Repo/Page_MyASSIST - ASSIST - Search Pending Case For Add Supporting Document/Search Reference No' is clicked on

2018-12-13 12:07:47 - [MESSAGE][PASSED] - Object: 'Object Repository/Final Object Repo/Page_MyASSIST - ASSIST - Search Pending Case For Add Supporting Document/Search Reference No' is clicked on

2018-12-13 12:07:47 - [TEST_STEP][PASSED] - delay: Delayed 2 second(s)

2018-12-13 12:07:49 - [MESSAGE][PASSED] - Delayed 2 second(s)

2018-12-13 12:07:49 - [TEST_STEP][PASSED] - click: Object: 'Object Repository/Final Object Repo/Page_MyASSIST - ASSIST - Search Pending Case For Add Supporting Document/Continue' is clicked on

2018-12-13 12:07:53 - [MESSAGE][PASSED] - Object: 'Object Repository/Final Object Repo/Page_MyASSIST - ASSIST - Search Pending Case For Add Supporting Document/Continue' is clicked on

2018-12-13 12:07:53 - [TEST_STEP][PASSED] - delay: Delayed 20 second(s)

2018-12-13 12:08:13 - [MESSAGE][PASSED] - Delayed 20 second(s)

2018-12-13 12:08:13 - [MESSAGE][PASSED] - Call Test Case 'Test Cases/Final Aug 2018 - PKS Automation/Registration Module/Workflow/Login and Search Case For Workflow' successfully

2018-12-13 12:08:13 - [TEST_STEP][PASSED] - click: Object: 'Object Repository/Final Object Repo/Page_Form 3 EIS - Cessation as Employer/Page_Form 3 EIS - Cessation as Employer (Approve)/Save  Continue in Form 3 Page' is clicked on

2018-12-13 12:08:13 - [MESSAGE][PASSED] - Object: 'Object Repository/Final Object Repo/Page_Form 3 EIS - Cessation as Employer/Page_Form 3 EIS - Cessation as Employer (Approve)/Save  Continue in Form 3 Page' is clicked on

2018-12-13 12:08:13 - [TEST_STEP][PASSED] - delay: Delayed 2 second(s)

2018-12-13 12:08:15 - [MESSAGE][PASSED] - Delayed 2 second(s)

2018-12-13 12:08:15 - [TEST_STEP][PASSED] - click: Object: 'Object Repository/Final Object Repo/Page_Form 3 EIS - Cessation as Employer/Page_Form 3 EIS - Cessation as Employer (Approve)/Save  Continue in Resigned Page' is clicked on

2018-12-13 12:08:15 - [MESSAGE][PASSED] - Object: 'Object Repository/Final Object Repo/Page_Form 3 EIS - Cessation as Employer/Page_Form 3 EIS - Cessation as Employer (Approve)/Save  Continue in Resigned Page' is clicked on

2018-12-13 12:08:15 - [TEST_STEP][PASSED] - delay: Delayed 2 second(s)

2018-12-13 12:08:17 - [MESSAGE][PASSED] - Delayed 2 second(s)

2018-12-13 12:08:17 - [TEST_STEP][PASSED] - click: Object: 'Object Repository/Final Object Repo/Page_Form 3 EIS - Cessation as Employer/Page_Form 3 EIS - Cessation as Employer (Approve)/Save  Continue in Uploading Page' is clicked on

2018-12-13 12:08:18 - [MESSAGE][PASSED] - Object: 'Object Repository/Final Object Repo/Page_Form 3 EIS - Cessation as Employer/Page_Form 3 EIS - Cessation as Employer (Approve)/Save  Continue in Uploading Page' is clicked on

2018-12-13 12:08:18 - [TEST_STEP][PASSED] - delay: Delayed 2 second(s)

2018-12-13 12:08:20 - [MESSAGE][PASSED] - Delayed 2 second(s)

2018-12-13 12:08:20 - [TEST_STEP][PASSED] - click: Object: 'Object Repository/Final Object Repo/Page_Form 3 EIS - Cessation as Employer/Page_Form 3 EIS - Cessation as Employer (Reject)/Reject' is clicked on

2018-12-13 12:08:23 - [MESSAGE][PASSED] - Object: 'Object Repository/Final Object Repo/Page_Form 3 EIS - Cessation as Employer/Page_Form 3 EIS - Cessation as Employer (Reject)/Reject' is clicked on

2018-12-13 12:08:23 - [TEST_STEP][PASSED] - delay: Delayed 2 second(s)

2018-12-13 12:08:25 - [MESSAGE][PASSED] - Delayed 2 second(s)

2018-12-13 12:08:25 - [TEST_STEP][PASSED] - click: Object: 'Object Repository/Final Object Repo/Page_Form 3 EIS - Cessation as Employer/Page_Form 3 EIS - Cessation as Employer (Reject)/Confirm' is clicked on

2018-12-13 12:08:25 - [MESSAGE][PASSED] - Object: 'Object Repository/Final Object Repo/Page_Form 3 EIS - Cessation as Employer/Page_Form 3 EIS - Cessation as Employer (Reject)/Confirm' is clicked on

2018-12-13 12:08:25 - [TEST_STEP][PASSED] - delay: Delayed 2 second(s)

2018-12-13 12:08:27 - [MESSAGE][PASSED] - Delayed 2 second(s)

2018-12-13 12:08:27 - [TEST_STEP][PASSED] - click: Object: 'Object Repository/Final Object Repo/Page_Form 3 EIS - Cessation as Employer/Page_Form 3 EIS - Cessation as Employer (Reject)/Message This Case has been Rejected' is clicked on

2018-12-13 12:08:31 - [MESSAGE][PASSED] - Object: 'Object Repository/Final Object Repo/Page_Form 3 EIS - Cessation as Employer/Page_Form 3 EIS - Cessation as Employer (Reject)/Message This Case has been Rejected' is clicked on

2018-12-13 12:08:31 - [TEST_STEP][PASSED] - click: Object: 'Object Repository/Final Object Repo/Page_Form 3 EIS - Cessation as Employer/Page_Form 3 EIS - Cessation as Employer (Reject)/Letter of update rejection' is clicked on

2018-12-13 12:08:32 - [MESSAGE][PASSED] - Object: 'Object Repository/Final Object Repo/Page_Form 3 EIS - Cessation as Employer/Page_Form 3 EIS - Cessation as Employer (Reject)/Letter of update rejection' is clicked on

2018-12-13 12:08:32 - [MESSAGE][PASSED] - Call Test Case 'Test Cases/Final Aug 2018 - PKS Automation/Registration Module/Workflow/Form 3 EIS - Cessation As Employer/Template/Form 3 A - Cessation As Employer (Reject)' successfully]]></system-out>
         <system-err><![CDATA[]]></system-err>
      </testcase>
      <testcase name="Test Cases/Final Aug 2018 - PKS Automation/Registration Module/Workflow/Form 3 EIS - Cessation As Employer/Employer to UO (Under enforcement)" classname="Test Cases/Final Aug 2018 - PKS Automation/Registration Module/Workflow/Form 3 EIS - Cessation As Employer/Employer to UO (Under enforcement)" status="PASSED">
         <system-out><![CDATA[2018-12-13 12:08:32 - [TEST_CASE][PASSED] - Test Cases/Final Aug 2018 - PKS Automation/Registration Module/Workflow/Form 3 EIS - Cessation As Employer/Employer to UO (Under enforcement): Test Cases/Final Aug 2018 - PKS Automation/Registration Module/Workflow/Form 3 EIS - Cessation As Employer/Employer to UO (Under enforcement)

2018-12-13 12:08:33 - [TEST_STEP][PASSED] - callTestCase: Call Test Case 'Test Cases/Final Aug 2018 - PKS Automation/Registration Module/Workflow/Form 3 EIS - Cessation As Employer/Template/Form 3 A - Cessation As Employer (OTC)' successfully

2018-12-13 12:08:33 - [TEST_CASE][PASSED] - Test Cases/Final Aug 2018 - PKS Automation/Registration Module/Workflow/Form 3 EIS - Cessation As Employer/Template/Form 3 A - Cessation As Employer (OTC): Test Cases/Final Aug 2018 - PKS Automation/Registration Module/Workflow/Form 3 EIS - Cessation As Employer/Template/Form 3 A - Cessation As Employer (OTC)

2018-12-13 12:08:33 - [TEST_STEP][PASSED] - openBrowser: Browser is opened with url: ''

2018-12-13 12:08:33 - [MESSAGE][WARNING] - A browser is already opened. Closing browser and opening a new one

2018-12-13 12:08:37 - [MESSAGE][PASSED] - Browser is opened with url: ''

2018-12-13 12:08:37 - [TEST_STEP][PASSED] - navigateToUrl: Navigate to 'https://assist2-uat.perkeso.gov.my/login' successfully

2018-12-13 12:08:38 - [MESSAGE][PASSED] - Navigate to 'https://assist2-uat.perkeso.gov.my/login' successfully

2018-12-13 12:08:38 - [TEST_STEP][PASSED] - setText: Text 'johorotc1@gmail.com' is set on object 'Object Repository/Final Object Repo/Login Page/Internal User/Email Address'

2018-12-13 12:08:38 - [MESSAGE][PASSED] - Text 'johorotc1@gmail.com' is set on object 'Object Repository/Final Object Repo/Login Page/Internal User/Email Address'

2018-12-13 12:08:38 - [TEST_STEP][PASSED] - click: Object: 'Object Repository/Final Object Repo/Login Page/Internal User/Next Button' is clicked on

2018-12-13 12:08:39 - [MESSAGE][PASSED] - Object: 'Object Repository/Final Object Repo/Login Page/Internal User/Next Button' is clicked on

2018-12-13 12:08:39 - [TEST_STEP][PASSED] - delay: Delayed 1 second(s)

2018-12-13 12:08:40 - [MESSAGE][PASSED] - Delayed 1 second(s)

2018-12-13 12:08:40 - [TEST_STEP][PASSED] - setEncryptedText: Text ****** has been set on object 'Object Repository/Final Object Repo/Login Page/Internal User/Password'

2018-12-13 12:08:40 - [MESSAGE][PASSED] - Text ****** has been set on object 'Object Repository/Final Object Repo/Login Page/Internal User/Password'

2018-12-13 12:08:40 - [TEST_STEP][PASSED] - click: Object: 'Object Repository/Final Object Repo/Login Page/Internal User/Login Button' is clicked on

2018-12-13 12:08:40 - [MESSAGE][PASSED] - Object: 'Object Repository/Final Object Repo/Login Page/Internal User/Login Button' is clicked on

2018-12-13 12:08:40 - [TEST_STEP][PASSED] - delay: Delayed 1 second(s)

2018-12-13 12:08:41 - [MESSAGE][PASSED] - Delayed 1 second(s)

2018-12-13 12:08:41 - [TEST_STEP][PASSED] - Statement - Try: Delayed 2 second(s)

2018-12-13 12:08:41 - [TEST_STEP][PASSED] - Statement - Checker = false: null

2018-12-13 12:08:41 - [TEST_STEP][PASSED] - Statement - Checker = com.kms.katalon.core.webui.keyword.WebUiBuiltInKeywords.verifyElementHasAttribute(com.kms.katalon.core.testobject.ObjectRepository.findTestObject(Final Object Repo/Landing Page/BM Detecting), "href", 20, OPTIONAL): Object 'Object Repository/Final Object Repo/Landing Page/BM Detecting' has attribute 'href'

2018-12-13 12:08:42 - [MESSAGE][PASSED] - Object 'Object Repository/Final Object Repo/Landing Page/BM Detecting' has attribute 'href'

2018-12-13 12:08:42 - [TEST_STEP][PASSED] - Statement - out.println(Checker): null

2018-12-13 12:08:42 - [TEST_STEP][PASSED] - Statement - If (Checker == false): null

2018-12-13 12:08:42 - [TEST_STEP][PASSED] - Statement - Else: null

2018-12-13 12:08:42 - [TEST_STEP][PASSED] - delay: Delayed 2 second(s)

2018-12-13 12:08:44 - [MESSAGE][PASSED] - Delayed 2 second(s)

2018-12-13 12:08:44 - [TEST_STEP][PASSED] - navigateToUrl: Navigate to 'https://assist2-uat.perkeso.gov.my/web/registration/eis-update/form-3-eis-cessation-as-employer' successfully

2018-12-13 12:08:45 - [MESSAGE][PASSED] - Navigate to 'https://assist2-uat.perkeso.gov.my/web/registration/eis-update/form-3-eis-cessation-as-employer' successfully

2018-12-13 12:08:45 - [TEST_STEP][PASSED] - delay: Delayed 1 second(s)

2018-12-13 12:08:46 - [MESSAGE][PASSED] - Delayed 1 second(s)

2018-12-13 12:08:46 - [TEST_STEP][PASSED] - setText: Text 'E1102069769W' is set on object 'Object Repository/Final Object Repo/Page_Form 3 EIS - Cessation as Employer/Employer Code'

2018-12-13 12:08:46 - [MESSAGE][PASSED] - Text 'E1102069769W' is set on object 'Object Repository/Final Object Repo/Page_Form 3 EIS - Cessation as Employer/Employer Code'

2018-12-13 12:08:46 - [TEST_STEP][PASSED] - click: Object: 'Object Repository/Final Object Repo/Page_Form 3 EIS - Cessation as Employer/Search' is clicked on

2018-12-13 12:08:46 - [MESSAGE][PASSED] - Object: 'Object Repository/Final Object Repo/Page_Form 3 EIS - Cessation as Employer/Search' is clicked on

2018-12-13 12:08:46 - [TEST_STEP][PASSED] - click: Object: 'Object Repository/Final Object Repo/Page_Form 3 EIS - Cessation as Employer/Edit' is clicked on

2018-12-13 12:08:48 - [MESSAGE][PASSED] - Object: 'Object Repository/Final Object Repo/Page_Form 3 EIS - Cessation as Employer/Edit' is clicked on

2018-12-13 12:08:48 - [TEST_STEP][PASSED] - delay: Delayed 1 second(s)

2018-12-13 12:08:49 - [MESSAGE][PASSED] - Delayed 1 second(s)

2018-12-13 12:08:49 - [TEST_STEP][PASSED] - Statement - abc = com.kms.katalon.core.webui.keyword.WebUiBuiltInKeywords.getAttribute(com.kms.katalon.core.testobject.ObjectRepository.findTestObject(Final Object Repo/Page_Form 3 EIS - Cessation as Employer/Employer Status), "value"): Attribute 'value' of object 'Object Repository/Final Object Repo/Page_Form 3 EIS - Cessation as Employer/Employer Status' is: 'Active'

2018-12-13 12:08:49 - [MESSAGE][PASSED] - Attribute 'value' of object 'Object Repository/Final Object Repo/Page_Form 3 EIS - Cessation as Employer/Employer Status' is: 'Active'

2018-12-13 12:08:49 - [TEST_STEP][PASSED] - Statement - out.println(abc): null

2018-12-13 12:08:49 - [TEST_STEP][PASSED] - Statement - If (abc == "Active"): Object: 'Object Repository/Final Object Repo/Page_Form 3 EIS - Cessation as Employer/Dormant EIS' is clicked on

2018-12-13 12:08:49 - [TEST_STEP][PASSED] - click: Object: 'Object Repository/Final Object Repo/Page_Form 3 EIS - Cessation as Employer/Change Employer Status to' is clicked on

2018-12-13 12:08:50 - [MESSAGE][PASSED] - Object: 'Object Repository/Final Object Repo/Page_Form 3 EIS - Cessation as Employer/Change Employer Status to' is clicked on

2018-12-13 12:08:50 - [TEST_STEP][PASSED] - click: Object: 'Object Repository/Final Object Repo/Page_Form 3 EIS - Cessation as Employer/Dormant EIS' is clicked on

2018-12-13 12:08:50 - [MESSAGE][PASSED] - Object: 'Object Repository/Final Object Repo/Page_Form 3 EIS - Cessation as Employer/Dormant EIS' is clicked on

2018-12-13 12:08:50 - [TEST_STEP][PASSED] - click: Object: 'Object Repository/Final Object Repo/Page_Form 3 EIS - Cessation as Employer/Calender' is clicked on

2018-12-13 12:08:50 - [MESSAGE][PASSED] - Object: 'Object Repository/Final Object Repo/Page_Form 3 EIS - Cessation as Employer/Calender' is clicked on

2018-12-13 12:08:50 - [TEST_STEP][PASSED] - delay: Delayed 1 second(s)

2018-12-13 12:08:51 - [MESSAGE][PASSED] - Delayed 1 second(s)

2018-12-13 12:08:51 - [TEST_STEP][PASSED] - click: Object: 'Object Repository/Final Object Repo/Page_Form 3 EIS - Cessation as Employer/Calender - Date' is clicked on

2018-12-13 12:08:51 - [MESSAGE][PASSED] - Object: 'Object Repository/Final Object Repo/Page_Form 3 EIS - Cessation as Employer/Calender - Date' is clicked on

2018-12-13 12:08:51 - [TEST_STEP][PASSED] - click: Object: 'Object Repository/Final Object Repo/Page_Form 3 EIS - Cessation as Employer/Save  Continue in Form 3 EIS Page' is clicked on

2018-12-13 12:08:52 - [MESSAGE][PASSED] - Object: 'Object Repository/Final Object Repo/Page_Form 3 EIS - Cessation as Employer/Save  Continue in Form 3 EIS Page' is clicked on

2018-12-13 12:08:52 - [TEST_STEP][PASSED] - delay: Delayed 1 second(s)

2018-12-13 12:08:53 - [MESSAGE][PASSED] - Delayed 1 second(s)

2018-12-13 12:08:53 - [TEST_STEP][PASSED] - click: Object: 'Object Repository/Final Object Repo/Page_Form 3 EIS - Cessation as Employer/Employment Resign Date' is clicked on

2018-12-13 12:08:53 - [MESSAGE][PASSED] - Object: 'Object Repository/Final Object Repo/Page_Form 3 EIS - Cessation as Employer/Employment Resign Date' is clicked on

2018-12-13 12:08:53 - [TEST_STEP][PASSED] - selectOptionByValue: All options with value '2030' are selected in object 'Object Repository/Final Object Repo/Page_Form 3 EIS - Cessation as Employer/Employment Resign Date - Year' 

2018-12-13 12:08:54 - [MESSAGE][PASSED] - All options with value '2030' are selected in object 'Object Repository/Final Object Repo/Page_Form 3 EIS - Cessation as Employer/Employment Resign Date - Year' 

2018-12-13 12:08:54 - [TEST_STEP][PASSED] - delay: Delayed 2 second(s)

2018-12-13 12:08:56 - [MESSAGE][PASSED] - Delayed 2 second(s)

2018-12-13 12:08:56 - [TEST_STEP][PASSED] - click: Object: 'Object Repository/Final Object Repo/Page_Form 3 EIS - Cessation as Employer/Employment Resign Date - Year - Date' is clicked on

2018-12-13 12:08:56 - [MESSAGE][PASSED] - Object: 'Object Repository/Final Object Repo/Page_Form 3 EIS - Cessation as Employer/Employment Resign Date - Year - Date' is clicked on

2018-12-13 12:08:56 - [TEST_STEP][PASSED] - delay: Delayed 2 second(s)

2018-12-13 12:08:58 - [MESSAGE][PASSED] - Delayed 2 second(s)

2018-12-13 12:08:58 - [TEST_STEP][PASSED] - click: Object: 'Object Repository/Final Object Repo/Page_Form 3 EIS - Cessation as Employer/Save  Continue in Employment Resign Page' is clicked on

2018-12-13 12:08:58 - [MESSAGE][PASSED] - Object: 'Object Repository/Final Object Repo/Page_Form 3 EIS - Cessation as Employer/Save  Continue in Employment Resign Page' is clicked on

2018-12-13 12:08:58 - [TEST_STEP][PASSED] - delay: Delayed 2 second(s)

2018-12-13 12:09:00 - [MESSAGE][PASSED] - Delayed 2 second(s)

2018-12-13 12:09:00 - [TEST_STEP][PASSED] - click: Object: 'Object Repository/Final Object Repo/Page_Form 3 EIS - Cessation as Employer/Set Latest - Yes' is clicked on

2018-12-13 12:09:00 - [MESSAGE][PASSED] - Object: 'Object Repository/Final Object Repo/Page_Form 3 EIS - Cessation as Employer/Set Latest - Yes' is clicked on

2018-12-13 12:09:00 - [TEST_STEP][PASSED] - delay: Delayed 2 second(s)

2018-12-13 12:09:02 - [MESSAGE][PASSED] - Delayed 2 second(s)

2018-12-13 12:09:02 - [TEST_STEP][PASSED] - click: Object: 'Object Repository/Final Object Repo/Page_Form 3 EIS - Cessation as Employer/Add Document' is clicked on

2018-12-13 12:09:03 - [MESSAGE][PASSED] - Object: 'Object Repository/Final Object Repo/Page_Form 3 EIS - Cessation as Employer/Add Document' is clicked on

2018-12-13 12:09:03 - [TEST_STEP][PASSED] - delay: Delayed 3 second(s)

2018-12-13 12:09:06 - [MESSAGE][PASSED] - Delayed 3 second(s)

2018-12-13 12:09:06 - [TEST_STEP][PASSED] - click: Object: 'Object Repository/Final Object Repo/Page_Form 3 EIS - Cessation as Employer/Document Type' is clicked on

2018-12-13 12:09:06 - [MESSAGE][PASSED] - Object: 'Object Repository/Final Object Repo/Page_Form 3 EIS - Cessation as Employer/Document Type' is clicked on

2018-12-13 12:09:06 - [TEST_STEP][PASSED] - click: Object: 'Object Repository/Final Object Repo/Page_Form 3 EIS - Cessation as Employer/Document Type - Form 3' is clicked on

2018-12-13 12:09:07 - [MESSAGE][PASSED] - Object: 'Object Repository/Final Object Repo/Page_Form 3 EIS - Cessation as Employer/Document Type - Form 3' is clicked on

2018-12-13 12:09:07 - [TEST_STEP][PASSED] - delay: Delayed 2 second(s)

2018-12-13 12:09:09 - [MESSAGE][PASSED] - Delayed 2 second(s)

2018-12-13 12:09:09 - [TEST_STEP][PASSED] - sendKeys: Keys 'C:\Users\Public\Pictures\Sample Pictures\Koala.jpg' sent to object: 'Object Repository/Final Object Repo/Page_Form 3 EIS - Cessation as Employer/ploading File'

2018-12-13 12:09:09 - [MESSAGE][PASSED] - Keys 'C:\Users\Public\Pictures\Sample Pictures\Koala.jpg' sent to object: 'Object Repository/Final Object Repo/Page_Form 3 EIS - Cessation as Employer/ploading File'

2018-12-13 12:09:09 - [TEST_STEP][PASSED] - delay: Delayed 1 second(s)

2018-12-13 12:09:10 - [MESSAGE][PASSED] - Delayed 1 second(s)

2018-12-13 12:09:10 - [TEST_STEP][PASSED] - click: Object: 'Object Repository/Final Object Repo/Page_Form 3 EIS - Cessation as Employer/Add Document in Uploading Page' is clicked on

2018-12-13 12:09:10 - [MESSAGE][PASSED] - Object: 'Object Repository/Final Object Repo/Page_Form 3 EIS - Cessation as Employer/Add Document in Uploading Page' is clicked on

2018-12-13 12:09:10 - [TEST_STEP][PASSED] - delay: Delayed 2 second(s)

2018-12-13 12:09:12 - [MESSAGE][PASSED] - Delayed 2 second(s)

2018-12-13 12:09:12 - [TEST_STEP][PASSED] - Statement - CaseReferenceNo = com.kms.katalon.core.webui.keyword.WebUiBuiltInKeywords.getText(com.kms.katalon.core.testobject.ObjectRepository.findTestObject(Final Object Repo/Page_Update Employer Information/Reference Number in Update Employee Information Page)): Text of object 'Object Repository/Final Object Repo/Page_Update Employer Information/Reference Number in Update Employee Information Page' is: 'ERN122018C200002417'

2018-12-13 12:09:14 - [MESSAGE][PASSED] - Text of object 'Object Repository/Final Object Repo/Page_Update Employer Information/Reference Number in Update Employee Information Page' is: 'ERN122018C200002417'

2018-12-13 12:09:14 - [TEST_STEP][PASSED] - callTestCase: Call Test Case 'Test Cases/Final Aug 2018 - PKS Automation/Common/Reference Number Setter' successfully

2018-12-13 12:09:14 - [TEST_CASE][PASSED] - Test Cases/Final Aug 2018 - PKS Automation/Common/Reference Number Setter: Test Cases/Final Aug 2018 - PKS Automation/Common/Reference Number Setter

2018-12-13 12:09:14 - [TEST_STEP][PASSED] - Statement - RefNoOldFile = new java.io.File(C://Users//Admin//Desktop//PKS//Automation Reference Point//KatalonReference.txt): null

2018-12-13 12:09:14 - [TEST_STEP][PASSED] - Statement - RefNoOldFile.delete(): null

2018-12-13 12:09:14 - [TEST_STEP][PASSED] - delay: Delayed 5 second(s)

2018-12-13 12:09:19 - [MESSAGE][PASSED] - Delayed 5 second(s)

2018-12-13 12:09:19 - [TEST_STEP][PASSED] - Statement - RefNo = new java.io.File(C://Users//Admin//Desktop//PKS//Automation Reference Point//KatalonReference.txt): null

2018-12-13 12:09:19 - [TEST_STEP][PASSED] - Statement - f2 = new java.io.FileWriter(RefNo, false): null

2018-12-13 12:09:19 - [TEST_STEP][PASSED] - Statement - f2.write(CaseReferenceNo): null

2018-12-13 12:09:19 - [TEST_STEP][PASSED] - Statement - f2.close(): null

2018-12-13 12:09:19 - [TEST_STEP][PASSED] - Statement - out.println("


" + CaseReferenceNo + "


"): null

2018-12-13 12:09:19 - [MESSAGE][PASSED] - Call Test Case 'Test Cases/Final Aug 2018 - PKS Automation/Common/Reference Number Setter' successfully

2018-12-13 12:09:19 - [TEST_STEP][PASSED] - delay: Delayed 2 second(s)

2018-12-13 12:09:21 - [MESSAGE][PASSED] - Delayed 2 second(s)

2018-12-13 12:09:21 - [TEST_STEP][PASSED] - click: Object: 'Object Repository/Final Object Repo/Page_Form 3 EIS - Cessation as Employer/Save  Continue in Uploading Page' is clicked on

2018-12-13 12:09:21 - [MESSAGE][PASSED] - Object: 'Object Repository/Final Object Repo/Page_Form 3 EIS - Cessation as Employer/Save  Continue in Uploading Page' is clicked on

2018-12-13 12:09:21 - [TEST_STEP][PASSED] - delay: Delayed 2 second(s)

2018-12-13 12:09:23 - [MESSAGE][PASSED] - Delayed 2 second(s)

2018-12-13 12:09:23 - [TEST_STEP][PASSED] - click: Object: 'Object Repository/Final Object Repo/Page_Form 3 EIS - Cessation as Employer/Submit' is clicked on

2018-12-13 12:09:26 - [MESSAGE][PASSED] - Object: 'Object Repository/Final Object Repo/Page_Form 3 EIS - Cessation as Employer/Submit' is clicked on

2018-12-13 12:09:26 - [TEST_STEP][PASSED] - delay: Delayed 2 second(s)

2018-12-13 12:09:28 - [MESSAGE][PASSED] - Delayed 2 second(s)

2018-12-13 12:09:28 - [TEST_STEP][PASSED] - click: Object: 'Object Repository/Final Object Repo/Page_Form 3 EIS - Cessation as Employer/Confirm' is clicked on

2018-12-13 12:09:29 - [MESSAGE][PASSED] - Object: 'Object Repository/Final Object Repo/Page_Form 3 EIS - Cessation as Employer/Confirm' is clicked on

2018-12-13 12:09:29 - [TEST_STEP][PASSED] - delay: Delayed 2 second(s)

2018-12-13 12:09:31 - [MESSAGE][PASSED] - Delayed 2 second(s)

2018-12-13 12:09:31 - [TEST_STEP][PASSED] - click: Object: 'Object Repository/Final Object Repo/Page_Form 3 EIS - Cessation as Employer/Message Your Request will be routed to UO' is clicked on

2018-12-13 12:09:34 - [MESSAGE][PASSED] - Object: 'Object Repository/Final Object Repo/Page_Form 3 EIS - Cessation as Employer/Message Your Request will be routed to UO' is clicked on

2018-12-13 12:09:34 - [TEST_STEP][PASSED] - click: Object: 'Object Repository/Final Object Repo/Page_Form 3 EIS - Cessation as Employer/Letter of acknowledgement' is clicked on

2018-12-13 12:09:35 - [MESSAGE][PASSED] - Object: 'Object Repository/Final Object Repo/Page_Form 3 EIS - Cessation as Employer/Letter of acknowledgement' is clicked on

2018-12-13 12:09:35 - [MESSAGE][PASSED] - Call Test Case 'Test Cases/Final Aug 2018 - PKS Automation/Registration Module/Workflow/Form 3 EIS - Cessation As Employer/Template/Form 3 A - Cessation As Employer (OTC)' successfully

2018-12-13 12:09:35 - [TEST_STEP][PASSED] - callTestCase: Call Test Case 'Test Cases/Final Aug 2018 - PKS Automation/Registration Module/Workflow/Form 3 EIS - Cessation As Employer/Template/Form 3 A - Cessation As Employer (Under enforcement)' successfully

2018-12-13 12:09:35 - [TEST_CASE][PASSED] - Test Cases/Final Aug 2018 - PKS Automation/Registration Module/Workflow/Form 3 EIS - Cessation As Employer/Template/Form 3 A - Cessation As Employer (Under enforcement): Test Cases/Final Aug 2018 - PKS Automation/Registration Module/Workflow/Form 3 EIS - Cessation As Employer/Template/Form 3 A - Cessation As Employer (Under enforcement)

2018-12-13 12:09:35 - [TEST_STEP][NOT_RUN] - callTestCase: NOT_RUN: callTestCase

2018-12-13 12:09:35 - [MESSAGE][NOT_RUN] - NOT_RUN: callTestCase

2018-12-13 12:09:35 - [TEST_STEP][PASSED] - delay: Delayed 1 second(s)

2018-12-13 12:09:36 - [MESSAGE][PASSED] - Delayed 1 second(s)

2018-12-13 12:09:36 - [TEST_STEP][PASSED] - navigateToUrl: Navigate to 'https://assist2-uat.perkeso.gov.my/c/portal/logout' successfully

2018-12-13 12:09:37 - [MESSAGE][PASSED] - Navigate to 'https://assist2-uat.perkeso.gov.my/c/portal/logout' successfully

2018-12-13 12:09:37 - [TEST_STEP][PASSED] - delay: Delayed 1 second(s)

2018-12-13 12:09:38 - [MESSAGE][PASSED] - Delayed 1 second(s)

2018-12-13 12:09:38 - [TEST_STEP][PASSED] - callTestCase: Call Test Case 'Test Cases/Final Aug 2018 - PKS Automation/Common/Reference Number Getter' successfully

2018-12-13 12:09:38 - [TEST_CASE][PASSED] - Test Cases/Final Aug 2018 - PKS Automation/Common/Reference Number Getter: Test Cases/Final Aug 2018 - PKS Automation/Common/Reference Number Getter

2018-12-13 12:09:38 - [TEST_STEP][PASSED] - Statement - Try: null

2018-12-13 12:09:38 - [TEST_STEP][PASSED] - Statement - RefNo = new java.io.File(C://Users//Admin//Desktop//PKS//Automation Reference Point//KatalonReference.txt): null

2018-12-13 12:09:38 - [TEST_STEP][PASSED] - Statement - bufferread = new java.io.BufferedReader(new java.io.FileReader(RefNo)): null

2018-12-13 12:09:38 - [TEST_STEP][PASSED] - Statement - readedVal = bufferread.readLine(): null

2018-12-13 12:09:38 - [TEST_STEP][PASSED] - Statement - out.println(CaseReferenceNo): null

2018-12-13 12:09:38 - [TEST_STEP][PASSED] - Statement - out.println(readedVal): null

2018-12-13 12:09:38 - [TEST_STEP][PASSED] - Statement - CaseReferenceNo = "": null

2018-12-13 12:09:38 - [TEST_STEP][PASSED] - Statement - CaseReferenceNo = readedVal: null

2018-12-13 12:09:38 - [MESSAGE][PASSED] - Call Test Case 'Test Cases/Final Aug 2018 - PKS Automation/Common/Reference Number Getter' successfully

2018-12-13 12:09:38 - [TEST_STEP][PASSED] - callTestCase: Call Test Case 'Test Cases/Final Aug 2018 - PKS Automation/Common/Workflow Owner Finder' successfully

2018-12-13 12:09:38 - [TEST_CASE][PASSED] - Test Cases/Final Aug 2018 - PKS Automation/Common/Workflow Owner Finder: Test Cases/Final Aug 2018 - PKS Automation/Common/Workflow Owner Finder

2018-12-13 12:09:38 - [TEST_STEP][PASSED] - openBrowser: Browser is opened with url: ''

2018-12-13 12:09:38 - [MESSAGE][WARNING] - A browser is already opened. Closing browser and opening a new one

2018-12-13 12:09:42 - [MESSAGE][PASSED] - Browser is opened with url: ''

2018-12-13 12:09:42 - [TEST_STEP][PASSED] - navigateToUrl: Navigate to 'https://assist2-uat.perkeso.gov.my/login' successfully

2018-12-13 12:09:43 - [MESSAGE][PASSED] - Navigate to 'https://assist2-uat.perkeso.gov.my/login' successfully

2018-12-13 12:09:43 - [TEST_STEP][PASSED] - delay: Delayed 5 second(s)

2018-12-13 12:09:48 - [MESSAGE][PASSED] - Delayed 5 second(s)

2018-12-13 12:09:48 - [TEST_STEP][PASSED] - setText: Text 'test@liferay.com' is set on object 'Object Repository/Final Object Repo/Login Page/Internal User/Email Address'

2018-12-13 12:09:49 - [MESSAGE][PASSED] - Text 'test@liferay.com' is set on object 'Object Repository/Final Object Repo/Login Page/Internal User/Email Address'

2018-12-13 12:09:49 - [TEST_STEP][PASSED] - click: Object: 'Object Repository/Final Object Repo/Login Page/Internal User/Next Button' is clicked on

2018-12-13 12:09:49 - [MESSAGE][PASSED] - Object: 'Object Repository/Final Object Repo/Login Page/Internal User/Next Button' is clicked on

2018-12-13 12:09:49 - [TEST_STEP][PASSED] - delay: Delayed 2 second(s)

2018-12-13 12:09:51 - [MESSAGE][PASSED] - Delayed 2 second(s)

2018-12-13 12:09:51 - [TEST_STEP][PASSED] - setText: Text 'test' is set on object 'Object Repository/Final Object Repo/Login Page/Internal User/Password'

2018-12-13 12:09:51 - [MESSAGE][PASSED] - Text 'test' is set on object 'Object Repository/Final Object Repo/Login Page/Internal User/Password'

2018-12-13 12:09:51 - [TEST_STEP][PASSED] - delay: Delayed 2 second(s)

2018-12-13 12:09:53 - [MESSAGE][PASSED] - Delayed 2 second(s)

2018-12-13 12:09:53 - [TEST_STEP][PASSED] - click: Object: 'Object Repository/Final Object Repo/Login Page/Internal User/Login Button' is clicked on

2018-12-13 12:09:53 - [MESSAGE][PASSED] - Object: 'Object Repository/Final Object Repo/Login Page/Internal User/Login Button' is clicked on

2018-12-13 12:09:53 - [TEST_STEP][PASSED] - Statement - tester = com.kms.katalon.core.testobject.ObjectRepository.findTestObject(Final Object Repo/Landing Page/Select to English): Finding Test Object with id 'Object Repository/Final Object Repo/Landing Page/Select to English'

2018-12-13 12:09:53 - [TEST_STEP][PASSED] - Statement - Try: Delayed 2 second(s)

2018-12-13 12:09:53 - [TEST_STEP][PASSED] - Statement - Checker = com.kms.katalon.core.webui.keyword.WebUiBuiltInKeywords.verifyElementNotPresent(tester, 3): Web element with id: 'Object Repository/Final Object Repo/Landing Page/Select to English' located by 'By.xpath: //a[@class = 'taglib-language-list-text' and @lang = 'en-US' and (contains(text(), 'EN') or contains(., 'EN'))]' is not present after '3' second(s)

2018-12-13 12:09:56 - [MESSAGE][PASSED] - Web element with id: 'Object Repository/Final Object Repo/Landing Page/Select to English' located by 'By.xpath: //a[@class = 'taglib-language-list-text' and @lang = 'en-US' and (contains(text(), 'EN') or contains(., 'EN'))]' is not present after '3' second(s)

2018-12-13 12:09:56 - [TEST_STEP][PASSED] - Statement - If (Checker == false): null

2018-12-13 12:09:56 - [TEST_STEP][PASSED] - delay: Delayed 2 second(s)

2018-12-13 12:09:58 - [MESSAGE][PASSED] - Delayed 2 second(s)

2018-12-13 12:09:58 - [TEST_STEP][PASSED] - delay: Delayed 5 second(s)

2018-12-13 12:10:03 - [MESSAGE][PASSED] - Delayed 5 second(s)

2018-12-13 12:10:03 - [TEST_STEP][PASSED] - mouseOver: Object: 'Object Repository/Final Object Repo/Landing Page/WorkFlow Menu' is hovered

2018-12-13 12:10:03 - [MESSAGE][PASSED] - Object: 'Object Repository/Final Object Repo/Landing Page/WorkFlow Menu' is hovered

2018-12-13 12:10:03 - [TEST_STEP][PASSED] - delay: Delayed 2 second(s)

2018-12-13 12:10:05 - [MESSAGE][PASSED] - Delayed 2 second(s)

2018-12-13 12:10:05 - [TEST_STEP][PASSED] - click: Object: 'Object Repository/Final Object Repo/Landing Page/Select to Workflow Listing' is clicked on

2018-12-13 12:10:06 - [MESSAGE][PASSED] - Object: 'Object Repository/Final Object Repo/Landing Page/Select to Workflow Listing' is clicked on

2018-12-13 12:10:06 - [TEST_STEP][PASSED] - delay: Delayed 2 second(s)

2018-12-13 12:10:08 - [MESSAGE][PASSED] - Delayed 2 second(s)

2018-12-13 12:10:08 - [TEST_STEP][PASSED] - click: Object: 'Object Repository/Final Object Repo/WorkFlow Listing Page/Search Information - To Put Ref No' is clicked on

2018-12-13 12:10:08 - [MESSAGE][PASSED] - Object: 'Object Repository/Final Object Repo/WorkFlow Listing Page/Search Information - To Put Ref No' is clicked on

2018-12-13 12:10:08 - [TEST_STEP][PASSED] - delay: Delayed 2 second(s)

2018-12-13 12:10:10 - [MESSAGE][PASSED] - Delayed 2 second(s)

2018-12-13 12:10:10 - [TEST_STEP][PASSED] - callTestCase: Call Test Case 'Test Cases/Final Aug 2018 - PKS Automation/Common/Reference Number Getter' successfully

2018-12-13 12:10:10 - [TEST_CASE][PASSED] - Test Cases/Final Aug 2018 - PKS Automation/Common/Reference Number Getter: Test Cases/Final Aug 2018 - PKS Automation/Common/Reference Number Getter

2018-12-13 12:10:10 - [TEST_STEP][PASSED] - Statement - Try: null

2018-12-13 12:10:10 - [TEST_STEP][PASSED] - Statement - RefNo = new java.io.File(C://Users//Admin//Desktop//PKS//Automation Reference Point//KatalonReference.txt): null

2018-12-13 12:10:10 - [TEST_STEP][PASSED] - Statement - bufferread = new java.io.BufferedReader(new java.io.FileReader(RefNo)): null

2018-12-13 12:10:10 - [TEST_STEP][PASSED] - Statement - readedVal = bufferread.readLine(): null

2018-12-13 12:10:10 - [TEST_STEP][PASSED] - Statement - out.println(CaseReferenceNo): null

2018-12-13 12:10:10 - [TEST_STEP][PASSED] - Statement - out.println(readedVal): null

2018-12-13 12:10:10 - [TEST_STEP][PASSED] - Statement - CaseReferenceNo = "": null

2018-12-13 12:10:10 - [TEST_STEP][PASSED] - Statement - CaseReferenceNo = readedVal: null

2018-12-13 12:10:10 - [MESSAGE][PASSED] - Call Test Case 'Test Cases/Final Aug 2018 - PKS Automation/Common/Reference Number Getter' successfully

2018-12-13 12:10:10 - [TEST_STEP][PASSED] - setText: Text 'ERN122018C200002417' is set on object 'Object Repository/Final Object Repo/WorkFlow Listing Page/Ref No Set Text'

2018-12-13 12:10:11 - [MESSAGE][PASSED] - Text 'ERN122018C200002417' is set on object 'Object Repository/Final Object Repo/WorkFlow Listing Page/Ref No Set Text'

2018-12-13 12:10:11 - [TEST_STEP][PASSED] - delay: Delayed 2 second(s)

2018-12-13 12:10:13 - [MESSAGE][PASSED] - Delayed 2 second(s)

2018-12-13 12:10:13 - [TEST_STEP][PASSED] - click: Object: 'Object Repository/Final Object Repo/WorkFlow Listing Page/Search Ref No Search Button' is clicked on

2018-12-13 12:10:13 - [MESSAGE][PASSED] - Object: 'Object Repository/Final Object Repo/WorkFlow Listing Page/Search Ref No Search Button' is clicked on

2018-12-13 12:10:13 - [TEST_STEP][PASSED] - delay: Delayed 6 second(s)

2018-12-13 12:10:19 - [MESSAGE][PASSED] - Delayed 6 second(s)

2018-12-13 12:10:19 - [TEST_STEP][PASSED] - click: Object: 'Object Repository/Final Object Repo/WorkFlow Listing Page/Click Continue Tooltip' is clicked on

2018-12-13 12:10:20 - [MESSAGE][PASSED] - Object: 'Object Repository/Final Object Repo/WorkFlow Listing Page/Click Continue Tooltip' is clicked on

2018-12-13 12:10:20 - [TEST_STEP][PASSED] - delay: Delayed 5 second(s)

2018-12-13 12:10:25 - [MESSAGE][PASSED] - Delayed 5 second(s)

2018-12-13 12:10:25 - [TEST_STEP][PASSED] - doubleClick: Object: 'Object Repository/Final Object Repo/WorkFlow Listing Page/Workflow Found - Listing 1' is double clicked on

2018-12-13 12:10:25 - [MESSAGE][PASSED] - Object: 'Object Repository/Final Object Repo/WorkFlow Listing Page/Workflow Found - Listing 1' is double clicked on

2018-12-13 12:10:25 - [TEST_STEP][PASSED] - Statement - println(OwnerID): null

2018-12-13 12:10:25 - [TEST_STEP][PASSED] - Statement - OwnerID = com.kms.katalon.core.webui.keyword.WebUiBuiltInKeywords.getText(com.kms.katalon.core.testobject.ObjectRepository.findTestObject(Final Object Repo/WorkFlow Listing Page/Workflow Found - Listing 1), STOP_ON_FAILURE): Text of object 'Object Repository/Final Object Repo/WorkFlow Listing Page/Workflow Found - Listing 1' is: 'JOHORuo2'

2018-12-13 12:10:25 - [MESSAGE][PASSED] - Text of object 'Object Repository/Final Object Repo/WorkFlow Listing Page/Workflow Found - Listing 1' is: 'JOHORuo2'

2018-12-13 12:10:25 - [TEST_STEP][PASSED] - Statement - OwnerID = OwnerID.toLowerCase() + "@gmail.com": null

2018-12-13 12:10:25 - [TEST_STEP][PASSED] - Statement - println(OwnerID): null

2018-12-13 12:10:25 - [TEST_STEP][PASSED] - delay: Delayed 2 second(s)

2018-12-13 12:10:27 - [MESSAGE][PASSED] - Delayed 2 second(s)

2018-12-13 12:10:27 - [MESSAGE][PASSED] - Call Test Case 'Test Cases/Final Aug 2018 - PKS Automation/Common/Workflow Owner Finder' successfully

2018-12-13 12:10:27 - [TEST_STEP][PASSED] - delay: Delayed 1 second(s)

2018-12-13 12:10:28 - [MESSAGE][PASSED] - Delayed 1 second(s)

2018-12-13 12:10:28 - [TEST_STEP][PASSED] - navigateToUrl: Navigate to 'https://assist2-uat.perkeso.gov.my/c/portal/logout' successfully

2018-12-13 12:10:29 - [MESSAGE][PASSED] - Navigate to 'https://assist2-uat.perkeso.gov.my/c/portal/logout' successfully

2018-12-13 12:10:29 - [TEST_STEP][PASSED] - delay: Delayed 1 second(s)

2018-12-13 12:10:30 - [MESSAGE][PASSED] - Delayed 1 second(s)

2018-12-13 12:10:30 - [TEST_STEP][PASSED] - callTestCase: Call Test Case 'Test Cases/Final Aug 2018 - PKS Automation/Registration Module/Workflow/Login and Search Case For Workflow' successfully

2018-12-13 12:10:30 - [TEST_CASE][PASSED] - Test Cases/Final Aug 2018 - PKS Automation/Registration Module/Workflow/Login and Search Case For Workflow: Test Cases/Final Aug 2018 - PKS Automation/Registration Module/Workflow/Login and Search Case For Workflow

2018-12-13 12:10:30 - [TEST_STEP][PASSED] - navigateToUrl: Navigate to 'https://assist2-uat.perkeso.gov.my/login' successfully

2018-12-13 12:10:31 - [MESSAGE][PASSED] - Navigate to 'https://assist2-uat.perkeso.gov.my/login' successfully

2018-12-13 12:10:31 - [TEST_STEP][PASSED] - setText: Text 'johoruo2@gmail.com' is set on object 'Object Repository/Final Object Repo/Login Page/Internal User/Email Address'

2018-12-13 12:10:31 - [MESSAGE][PASSED] - Text 'johoruo2@gmail.com' is set on object 'Object Repository/Final Object Repo/Login Page/Internal User/Email Address'

2018-12-13 12:10:31 - [TEST_STEP][PASSED] - click: Object: 'Object Repository/Final Object Repo/Login Page/Internal User/Next Button' is clicked on

2018-12-13 12:10:31 - [MESSAGE][PASSED] - Object: 'Object Repository/Final Object Repo/Login Page/Internal User/Next Button' is clicked on

2018-12-13 12:10:31 - [TEST_STEP][PASSED] - delay: Delayed 1 second(s)

2018-12-13 12:10:32 - [MESSAGE][PASSED] - Delayed 1 second(s)

2018-12-13 12:10:32 - [TEST_STEP][PASSED] - setEncryptedText: Text ****** has been set on object 'Object Repository/Final Object Repo/Login Page/Internal User/Password'

2018-12-13 12:10:32 - [MESSAGE][PASSED] - Text ****** has been set on object 'Object Repository/Final Object Repo/Login Page/Internal User/Password'

2018-12-13 12:10:32 - [TEST_STEP][PASSED] - click: Object: 'Object Repository/Final Object Repo/Login Page/Internal User/Login Button' is clicked on

2018-12-13 12:10:33 - [MESSAGE][PASSED] - Object: 'Object Repository/Final Object Repo/Login Page/Internal User/Login Button' is clicked on

2018-12-13 12:10:33 - [TEST_STEP][PASSED] - delay: Delayed 2 second(s)

2018-12-13 12:10:35 - [MESSAGE][PASSED] - Delayed 2 second(s)

2018-12-13 12:10:35 - [TEST_STEP][PASSED] - Statement - Try: Delayed 2 second(s)

2018-12-13 12:10:35 - [TEST_STEP][PASSED] - Statement - Checker = false: null

2018-12-13 12:10:35 - [TEST_STEP][PASSED] - Statement - Checker = com.kms.katalon.core.webui.keyword.WebUiBuiltInKeywords.verifyElementHasAttribute(com.kms.katalon.core.testobject.ObjectRepository.findTestObject(Final Object Repo/Landing Page/BM Detecting), "href", 20, OPTIONAL): Object 'Object Repository/Final Object Repo/Landing Page/BM Detecting' has attribute 'href'

2018-12-13 12:10:35 - [MESSAGE][PASSED] - Object 'Object Repository/Final Object Repo/Landing Page/BM Detecting' has attribute 'href'

2018-12-13 12:10:35 - [TEST_STEP][PASSED] - Statement - out.println(Checker): null

2018-12-13 12:10:35 - [TEST_STEP][PASSED] - Statement - If (Checker == false): null

2018-12-13 12:10:35 - [TEST_STEP][PASSED] - Statement - Else: null

2018-12-13 12:10:35 - [TEST_STEP][PASSED] - delay: Delayed 2 second(s)

2018-12-13 12:10:37 - [MESSAGE][PASSED] - Delayed 2 second(s)

2018-12-13 12:10:37 - [TEST_STEP][PASSED] - click: Object: 'Object Repository/Final Object Repo/Page_MyASSIST - ASSIST - Search Pending Case For Add Supporting Document/Search Information' is clicked on

2018-12-13 12:10:37 - [MESSAGE][PASSED] - Object: 'Object Repository/Final Object Repo/Page_MyASSIST - ASSIST - Search Pending Case For Add Supporting Document/Search Information' is clicked on

2018-12-13 12:10:37 - [TEST_STEP][PASSED] - delay: Delayed 3 second(s)

2018-12-13 12:10:40 - [MESSAGE][PASSED] - Delayed 3 second(s)

2018-12-13 12:10:40 - [TEST_STEP][PASSED] - sendKeys: Keys 'ERN122018C200002417' sent to object: 'Object Repository/Final Object Repo/Page_MyASSIST - ASSIST - Search Pending Case For Add Supporting Document/Reference No'

2018-12-13 12:10:40 - [MESSAGE][PASSED] - Keys 'ERN122018C200002417' sent to object: 'Object Repository/Final Object Repo/Page_MyASSIST - ASSIST - Search Pending Case For Add Supporting Document/Reference No'

2018-12-13 12:10:40 - [TEST_STEP][PASSED] - click: Object: 'Object Repository/Final Object Repo/Page_MyASSIST - ASSIST - Search Pending Case For Add Supporting Document/Search Reference No' is clicked on

2018-12-13 12:10:40 - [MESSAGE][PASSED] - Object: 'Object Repository/Final Object Repo/Page_MyASSIST - ASSIST - Search Pending Case For Add Supporting Document/Search Reference No' is clicked on

2018-12-13 12:10:40 - [TEST_STEP][PASSED] - delay: Delayed 2 second(s)

2018-12-13 12:10:42 - [MESSAGE][PASSED] - Delayed 2 second(s)

2018-12-13 12:10:42 - [TEST_STEP][PASSED] - click: Object: 'Object Repository/Final Object Repo/Page_MyASSIST - ASSIST - Search Pending Case For Add Supporting Document/Continue' is clicked on

2018-12-13 12:10:46 - [MESSAGE][PASSED] - Object: 'Object Repository/Final Object Repo/Page_MyASSIST - ASSIST - Search Pending Case For Add Supporting Document/Continue' is clicked on

2018-12-13 12:10:46 - [TEST_STEP][PASSED] - delay: Delayed 20 second(s)

2018-12-13 12:11:06 - [MESSAGE][PASSED] - Delayed 20 second(s)

2018-12-13 12:11:06 - [MESSAGE][PASSED] - Call Test Case 'Test Cases/Final Aug 2018 - PKS Automation/Registration Module/Workflow/Login and Search Case For Workflow' successfully

2018-12-13 12:11:06 - [TEST_STEP][PASSED] - click: Object: 'Object Repository/Final Object Repo/Page_Form 3 EIS - Cessation as Employer/Page_Form 3 EIS - Cessation as Employer (Approve)/Save  Continue in Form 3 Page' is clicked on

2018-12-13 12:11:06 - [MESSAGE][PASSED] - Object: 'Object Repository/Final Object Repo/Page_Form 3 EIS - Cessation as Employer/Page_Form 3 EIS - Cessation as Employer (Approve)/Save  Continue in Form 3 Page' is clicked on

2018-12-13 12:11:06 - [TEST_STEP][PASSED] - delay: Delayed 2 second(s)

2018-12-13 12:11:08 - [MESSAGE][PASSED] - Delayed 2 second(s)

2018-12-13 12:11:08 - [TEST_STEP][PASSED] - click: Object: 'Object Repository/Final Object Repo/Page_Form 3 EIS - Cessation as Employer/Page_Form 3 EIS - Cessation as Employer (Approve)/Save  Continue in Resigned Page' is clicked on

2018-12-13 12:11:08 - [MESSAGE][PASSED] - Object: 'Object Repository/Final Object Repo/Page_Form 3 EIS - Cessation as Employer/Page_Form 3 EIS - Cessation as Employer (Approve)/Save  Continue in Resigned Page' is clicked on

2018-12-13 12:11:08 - [TEST_STEP][PASSED] - delay: Delayed 2 second(s)

2018-12-13 12:11:10 - [MESSAGE][PASSED] - Delayed 2 second(s)

2018-12-13 12:11:10 - [TEST_STEP][PASSED] - click: Object: 'Object Repository/Final Object Repo/Page_Form 3 EIS - Cessation as Employer/Page_Form 3 EIS - Cessation as Employer (Approve)/Save  Continue in Uploading Page' is clicked on

2018-12-13 12:11:11 - [MESSAGE][PASSED] - Object: 'Object Repository/Final Object Repo/Page_Form 3 EIS - Cessation as Employer/Page_Form 3 EIS - Cessation as Employer (Approve)/Save  Continue in Uploading Page' is clicked on

2018-12-13 12:11:11 - [TEST_STEP][PASSED] - delay: Delayed 2 second(s)

2018-12-13 12:11:13 - [MESSAGE][PASSED] - Delayed 2 second(s)

2018-12-13 12:11:13 - [TEST_STEP][PASSED] - click: Object: 'Object Repository/Final Object Repo/Page_Form 3 EIS - Cessation as Employer/Page_Form 3 EIS - Cessation as Employer (Under enforcement)/Underenforcement' is clicked on

2018-12-13 12:11:16 - [MESSAGE][PASSED] - Object: 'Object Repository/Final Object Repo/Page_Form 3 EIS - Cessation as Employer/Page_Form 3 EIS - Cessation as Employer (Under enforcement)/Underenforcement' is clicked on

2018-12-13 12:11:16 - [TEST_STEP][PASSED] - delay: Delayed 2 second(s)

2018-12-13 12:11:18 - [MESSAGE][PASSED] - Delayed 2 second(s)

2018-12-13 12:11:18 - [TEST_STEP][PASSED] - setText: Text 'Remark' is set on object 'Object Repository/Final Object Repo/Page_Form 3 EIS - Cessation as Employer/Page_Form 3 EIS - Cessation as Employer (Under enforcement)/Under enforcement - Remark'

2018-12-13 12:11:18 - [MESSAGE][PASSED] - Text 'Remark' is set on object 'Object Repository/Final Object Repo/Page_Form 3 EIS - Cessation as Employer/Page_Form 3 EIS - Cessation as Employer (Under enforcement)/Under enforcement - Remark'

2018-12-13 12:11:18 - [TEST_STEP][PASSED] - delay: Delayed 2 second(s)

2018-12-13 12:11:20 - [MESSAGE][PASSED] - Delayed 2 second(s)

2018-12-13 12:11:20 - [TEST_STEP][PASSED] - click: Object: 'Object Repository/Final Object Repo/Page_Form 3 EIS - Cessation as Employer/Page_Form 3 EIS - Cessation as Employer (Under enforcement)/Save  Continue in Under enforcement' is clicked on

2018-12-13 12:11:21 - [MESSAGE][PASSED] - Object: 'Object Repository/Final Object Repo/Page_Form 3 EIS - Cessation as Employer/Page_Form 3 EIS - Cessation as Employer (Under enforcement)/Save  Continue in Under enforcement' is clicked on

2018-12-13 12:11:21 - [TEST_STEP][PASSED] - doubleClick: Object: 'Object Repository/Final Object Repo/Page_Form 3 EIS - Cessation as Employer/Page_Form 3 EIS - Cessation as Employer (Under enforcement)/Message The case is under enforcement' is double clicked on

2018-12-13 12:11:25 - [MESSAGE][PASSED] - Object: 'Object Repository/Final Object Repo/Page_Form 3 EIS - Cessation as Employer/Page_Form 3 EIS - Cessation as Employer (Under enforcement)/Message The case is under enforcement' is double clicked on

2018-12-13 12:11:25 - [MESSAGE][PASSED] - Call Test Case 'Test Cases/Final Aug 2018 - PKS Automation/Registration Module/Workflow/Form 3 EIS - Cessation As Employer/Template/Form 3 A - Cessation As Employer (Under enforcement)' successfully]]></system-out>
         <system-err><![CDATA[]]></system-err>
      </testcase>
      <testcase name="Test Cases/Final Aug 2018 - PKS Automation/Registration Module/Workflow/Form 3 EIS - Cessation As Employer/OTC to UO (Approve)" classname="Test Cases/Final Aug 2018 - PKS Automation/Registration Module/Workflow/Form 3 EIS - Cessation As Employer/OTC to UO (Approve)" status="PASSED">
         <system-out><![CDATA[2018-12-13 12:11:25 - [TEST_CASE][PASSED] - Test Cases/Final Aug 2018 - PKS Automation/Registration Module/Workflow/Form 3 EIS - Cessation As Employer/OTC to UO (Approve): Test Cases/Final Aug 2018 - PKS Automation/Registration Module/Workflow/Form 3 EIS - Cessation As Employer/OTC to UO (Approve)

2018-12-13 12:11:25 - [TEST_STEP][PASSED] - callTestCase: Call Test Case 'Test Cases/Final Aug 2018 - PKS Automation/Registration Module/Workflow/Form 3 EIS - Cessation As Employer/Template/Form 3 A - Cessation As Employer (OTC)' successfully

2018-12-13 12:11:25 - [TEST_CASE][PASSED] - Test Cases/Final Aug 2018 - PKS Automation/Registration Module/Workflow/Form 3 EIS - Cessation As Employer/Template/Form 3 A - Cessation As Employer (OTC): Test Cases/Final Aug 2018 - PKS Automation/Registration Module/Workflow/Form 3 EIS - Cessation As Employer/Template/Form 3 A - Cessation As Employer (OTC)

2018-12-13 12:11:25 - [TEST_STEP][PASSED] - openBrowser: Browser is opened with url: ''

2018-12-13 12:11:25 - [MESSAGE][WARNING] - A browser is already opened. Closing browser and opening a new one

2018-12-13 12:11:29 - [MESSAGE][PASSED] - Browser is opened with url: ''

2018-12-13 12:11:29 - [TEST_STEP][PASSED] - navigateToUrl: Navigate to 'https://assist2-uat.perkeso.gov.my/login' successfully

2018-12-13 12:11:30 - [MESSAGE][PASSED] - Navigate to 'https://assist2-uat.perkeso.gov.my/login' successfully

2018-12-13 12:11:30 - [TEST_STEP][PASSED] - setText: Text 'johorotc1@gmail.com' is set on object 'Object Repository/Final Object Repo/Login Page/Internal User/Email Address'

2018-12-13 12:11:31 - [MESSAGE][PASSED] - Text 'johorotc1@gmail.com' is set on object 'Object Repository/Final Object Repo/Login Page/Internal User/Email Address'

2018-12-13 12:11:31 - [TEST_STEP][PASSED] - click: Object: 'Object Repository/Final Object Repo/Login Page/Internal User/Next Button' is clicked on

2018-12-13 12:11:31 - [MESSAGE][PASSED] - Object: 'Object Repository/Final Object Repo/Login Page/Internal User/Next Button' is clicked on

2018-12-13 12:11:31 - [TEST_STEP][PASSED] - delay: Delayed 1 second(s)

2018-12-13 12:11:32 - [MESSAGE][PASSED] - Delayed 1 second(s)

2018-12-13 12:11:32 - [TEST_STEP][PASSED] - setEncryptedText: Text ****** has been set on object 'Object Repository/Final Object Repo/Login Page/Internal User/Password'

2018-12-13 12:11:32 - [MESSAGE][PASSED] - Text ****** has been set on object 'Object Repository/Final Object Repo/Login Page/Internal User/Password'

2018-12-13 12:11:32 - [TEST_STEP][PASSED] - click: Object: 'Object Repository/Final Object Repo/Login Page/Internal User/Login Button' is clicked on

2018-12-13 12:11:32 - [MESSAGE][PASSED] - Object: 'Object Repository/Final Object Repo/Login Page/Internal User/Login Button' is clicked on

2018-12-13 12:11:32 - [TEST_STEP][PASSED] - delay: Delayed 1 second(s)

2018-12-13 12:11:33 - [MESSAGE][PASSED] - Delayed 1 second(s)

2018-12-13 12:11:33 - [TEST_STEP][PASSED] - Statement - Try: Delayed 2 second(s)

2018-12-13 12:11:33 - [TEST_STEP][PASSED] - Statement - Checker = false: null

2018-12-13 12:11:33 - [TEST_STEP][PASSED] - Statement - Checker = com.kms.katalon.core.webui.keyword.WebUiBuiltInKeywords.verifyElementHasAttribute(com.kms.katalon.core.testobject.ObjectRepository.findTestObject(Final Object Repo/Landing Page/BM Detecting), "href", 20, OPTIONAL): Object 'Object Repository/Final Object Repo/Landing Page/BM Detecting' has attribute 'href'

2018-12-13 12:11:34 - [MESSAGE][PASSED] - Object 'Object Repository/Final Object Repo/Landing Page/BM Detecting' has attribute 'href'

2018-12-13 12:11:34 - [TEST_STEP][PASSED] - Statement - out.println(Checker): null

2018-12-13 12:11:34 - [TEST_STEP][PASSED] - Statement - If (Checker == false): null

2018-12-13 12:11:34 - [TEST_STEP][PASSED] - Statement - Else: null

2018-12-13 12:11:34 - [TEST_STEP][PASSED] - delay: Delayed 2 second(s)

2018-12-13 12:11:36 - [MESSAGE][PASSED] - Delayed 2 second(s)

2018-12-13 12:11:36 - [TEST_STEP][PASSED] - navigateToUrl: Navigate to 'https://assist2-uat.perkeso.gov.my/web/registration/eis-update/form-3-eis-cessation-as-employer' successfully

2018-12-13 12:11:37 - [MESSAGE][PASSED] - Navigate to 'https://assist2-uat.perkeso.gov.my/web/registration/eis-update/form-3-eis-cessation-as-employer' successfully

2018-12-13 12:11:37 - [TEST_STEP][PASSED] - delay: Delayed 1 second(s)

2018-12-13 12:11:38 - [MESSAGE][PASSED] - Delayed 1 second(s)

2018-12-13 12:11:38 - [TEST_STEP][PASSED] - setText: Text 'E1102069769W' is set on object 'Object Repository/Final Object Repo/Page_Form 3 EIS - Cessation as Employer/Employer Code'

2018-12-13 12:11:38 - [MESSAGE][PASSED] - Text 'E1102069769W' is set on object 'Object Repository/Final Object Repo/Page_Form 3 EIS - Cessation as Employer/Employer Code'

2018-12-13 12:11:38 - [TEST_STEP][PASSED] - click: Object: 'Object Repository/Final Object Repo/Page_Form 3 EIS - Cessation as Employer/Search' is clicked on

2018-12-13 12:11:38 - [MESSAGE][PASSED] - Object: 'Object Repository/Final Object Repo/Page_Form 3 EIS - Cessation as Employer/Search' is clicked on

2018-12-13 12:11:38 - [TEST_STEP][PASSED] - click: Object: 'Object Repository/Final Object Repo/Page_Form 3 EIS - Cessation as Employer/Edit' is clicked on

2018-12-13 12:11:42 - [MESSAGE][PASSED] - Object: 'Object Repository/Final Object Repo/Page_Form 3 EIS - Cessation as Employer/Edit' is clicked on

2018-12-13 12:11:42 - [TEST_STEP][PASSED] - delay: Delayed 1 second(s)

2018-12-13 12:11:43 - [MESSAGE][PASSED] - Delayed 1 second(s)

2018-12-13 12:11:43 - [TEST_STEP][PASSED] - Statement - abc = com.kms.katalon.core.webui.keyword.WebUiBuiltInKeywords.getAttribute(com.kms.katalon.core.testobject.ObjectRepository.findTestObject(Final Object Repo/Page_Form 3 EIS - Cessation as Employer/Employer Status), "value"): Attribute 'value' of object 'Object Repository/Final Object Repo/Page_Form 3 EIS - Cessation as Employer/Employer Status' is: 'Active'

2018-12-13 12:11:43 - [MESSAGE][PASSED] - Attribute 'value' of object 'Object Repository/Final Object Repo/Page_Form 3 EIS - Cessation as Employer/Employer Status' is: 'Active'

2018-12-13 12:11:43 - [TEST_STEP][PASSED] - Statement - out.println(abc): null

2018-12-13 12:11:43 - [TEST_STEP][PASSED] - Statement - If (abc == "Active"): Object: 'Object Repository/Final Object Repo/Page_Form 3 EIS - Cessation as Employer/Dormant EIS' is clicked on

2018-12-13 12:11:43 - [TEST_STEP][PASSED] - click: Object: 'Object Repository/Final Object Repo/Page_Form 3 EIS - Cessation as Employer/Change Employer Status to' is clicked on

2018-12-13 12:11:43 - [MESSAGE][PASSED] - Object: 'Object Repository/Final Object Repo/Page_Form 3 EIS - Cessation as Employer/Change Employer Status to' is clicked on

2018-12-13 12:11:43 - [TEST_STEP][PASSED] - click: Object: 'Object Repository/Final Object Repo/Page_Form 3 EIS - Cessation as Employer/Dormant EIS' is clicked on

2018-12-13 12:11:43 - [MESSAGE][PASSED] - Object: 'Object Repository/Final Object Repo/Page_Form 3 EIS - Cessation as Employer/Dormant EIS' is clicked on

2018-12-13 12:11:43 - [TEST_STEP][PASSED] - click: Object: 'Object Repository/Final Object Repo/Page_Form 3 EIS - Cessation as Employer/Calender' is clicked on

2018-12-13 12:11:44 - [MESSAGE][PASSED] - Object: 'Object Repository/Final Object Repo/Page_Form 3 EIS - Cessation as Employer/Calender' is clicked on

2018-12-13 12:11:44 - [TEST_STEP][PASSED] - delay: Delayed 1 second(s)

2018-12-13 12:11:45 - [MESSAGE][PASSED] - Delayed 1 second(s)

2018-12-13 12:11:45 - [TEST_STEP][PASSED] - click: Object: 'Object Repository/Final Object Repo/Page_Form 3 EIS - Cessation as Employer/Calender - Date' is clicked on

2018-12-13 12:11:45 - [MESSAGE][PASSED] - Object: 'Object Repository/Final Object Repo/Page_Form 3 EIS - Cessation as Employer/Calender - Date' is clicked on

2018-12-13 12:11:45 - [TEST_STEP][PASSED] - click: Object: 'Object Repository/Final Object Repo/Page_Form 3 EIS - Cessation as Employer/Save  Continue in Form 3 EIS Page' is clicked on

2018-12-13 12:11:45 - [MESSAGE][PASSED] - Object: 'Object Repository/Final Object Repo/Page_Form 3 EIS - Cessation as Employer/Save  Continue in Form 3 EIS Page' is clicked on

2018-12-13 12:11:45 - [TEST_STEP][PASSED] - delay: Delayed 1 second(s)

2018-12-13 12:11:46 - [MESSAGE][PASSED] - Delayed 1 second(s)

2018-12-13 12:11:46 - [TEST_STEP][PASSED] - click: Object: 'Object Repository/Final Object Repo/Page_Form 3 EIS - Cessation as Employer/Employment Resign Date' is clicked on

2018-12-13 12:11:47 - [MESSAGE][PASSED] - Object: 'Object Repository/Final Object Repo/Page_Form 3 EIS - Cessation as Employer/Employment Resign Date' is clicked on

2018-12-13 12:11:47 - [TEST_STEP][PASSED] - selectOptionByValue: All options with value '2030' are selected in object 'Object Repository/Final Object Repo/Page_Form 3 EIS - Cessation as Employer/Employment Resign Date - Year' 

2018-12-13 12:11:47 - [MESSAGE][PASSED] - All options with value '2030' are selected in object 'Object Repository/Final Object Repo/Page_Form 3 EIS - Cessation as Employer/Employment Resign Date - Year' 

2018-12-13 12:11:47 - [TEST_STEP][PASSED] - delay: Delayed 2 second(s)

2018-12-13 12:11:49 - [MESSAGE][PASSED] - Delayed 2 second(s)

2018-12-13 12:11:49 - [TEST_STEP][PASSED] - click: Object: 'Object Repository/Final Object Repo/Page_Form 3 EIS - Cessation as Employer/Employment Resign Date - Year - Date' is clicked on

2018-12-13 12:11:49 - [MESSAGE][PASSED] - Object: 'Object Repository/Final Object Repo/Page_Form 3 EIS - Cessation as Employer/Employment Resign Date - Year - Date' is clicked on

2018-12-13 12:11:49 - [TEST_STEP][PASSED] - delay: Delayed 2 second(s)

2018-12-13 12:11:51 - [MESSAGE][PASSED] - Delayed 2 second(s)

2018-12-13 12:11:51 - [TEST_STEP][PASSED] - click: Object: 'Object Repository/Final Object Repo/Page_Form 3 EIS - Cessation as Employer/Save  Continue in Employment Resign Page' is clicked on

2018-12-13 12:11:51 - [MESSAGE][PASSED] - Object: 'Object Repository/Final Object Repo/Page_Form 3 EIS - Cessation as Employer/Save  Continue in Employment Resign Page' is clicked on

2018-12-13 12:11:51 - [TEST_STEP][PASSED] - delay: Delayed 2 second(s)

2018-12-13 12:11:53 - [MESSAGE][PASSED] - Delayed 2 second(s)

2018-12-13 12:11:53 - [TEST_STEP][PASSED] - click: Object: 'Object Repository/Final Object Repo/Page_Form 3 EIS - Cessation as Employer/Set Latest - Yes' is clicked on

2018-12-13 12:11:54 - [MESSAGE][PASSED] - Object: 'Object Repository/Final Object Repo/Page_Form 3 EIS - Cessation as Employer/Set Latest - Yes' is clicked on

2018-12-13 12:11:54 - [TEST_STEP][PASSED] - delay: Delayed 2 second(s)

2018-12-13 12:11:56 - [MESSAGE][PASSED] - Delayed 2 second(s)

2018-12-13 12:11:56 - [TEST_STEP][PASSED] - click: Object: 'Object Repository/Final Object Repo/Page_Form 3 EIS - Cessation as Employer/Add Document' is clicked on

2018-12-13 12:11:56 - [MESSAGE][PASSED] - Object: 'Object Repository/Final Object Repo/Page_Form 3 EIS - Cessation as Employer/Add Document' is clicked on

2018-12-13 12:11:56 - [TEST_STEP][PASSED] - delay: Delayed 3 second(s)

2018-12-13 12:11:59 - [MESSAGE][PASSED] - Delayed 3 second(s)

2018-12-13 12:11:59 - [TEST_STEP][PASSED] - click: Object: 'Object Repository/Final Object Repo/Page_Form 3 EIS - Cessation as Employer/Document Type' is clicked on

2018-12-13 12:12:00 - [MESSAGE][PASSED] - Object: 'Object Repository/Final Object Repo/Page_Form 3 EIS - Cessation as Employer/Document Type' is clicked on

2018-12-13 12:12:00 - [TEST_STEP][PASSED] - click: Object: 'Object Repository/Final Object Repo/Page_Form 3 EIS - Cessation as Employer/Document Type - Form 3' is clicked on

2018-12-13 12:12:00 - [MESSAGE][PASSED] - Object: 'Object Repository/Final Object Repo/Page_Form 3 EIS - Cessation as Employer/Document Type - Form 3' is clicked on

2018-12-13 12:12:00 - [TEST_STEP][PASSED] - delay: Delayed 2 second(s)

2018-12-13 12:12:02 - [MESSAGE][PASSED] - Delayed 2 second(s)

2018-12-13 12:12:02 - [TEST_STEP][PASSED] - sendKeys: Keys 'C:\Users\Public\Pictures\Sample Pictures\Koala.jpg' sent to object: 'Object Repository/Final Object Repo/Page_Form 3 EIS - Cessation as Employer/ploading File'

2018-12-13 12:12:02 - [MESSAGE][PASSED] - Keys 'C:\Users\Public\Pictures\Sample Pictures\Koala.jpg' sent to object: 'Object Repository/Final Object Repo/Page_Form 3 EIS - Cessation as Employer/ploading File'

2018-12-13 12:12:02 - [TEST_STEP][PASSED] - delay: Delayed 1 second(s)

2018-12-13 12:12:03 - [MESSAGE][PASSED] - Delayed 1 second(s)

2018-12-13 12:12:03 - [TEST_STEP][PASSED] - click: Object: 'Object Repository/Final Object Repo/Page_Form 3 EIS - Cessation as Employer/Add Document in Uploading Page' is clicked on

2018-12-13 12:12:03 - [MESSAGE][PASSED] - Object: 'Object Repository/Final Object Repo/Page_Form 3 EIS - Cessation as Employer/Add Document in Uploading Page' is clicked on

2018-12-13 12:12:03 - [TEST_STEP][PASSED] - delay: Delayed 2 second(s)

2018-12-13 12:12:05 - [MESSAGE][PASSED] - Delayed 2 second(s)

2018-12-13 12:12:05 - [TEST_STEP][PASSED] - Statement - CaseReferenceNo = com.kms.katalon.core.webui.keyword.WebUiBuiltInKeywords.getText(com.kms.katalon.core.testobject.ObjectRepository.findTestObject(Final Object Repo/Page_Update Employer Information/Reference Number in Update Employee Information Page)): Text of object 'Object Repository/Final Object Repo/Page_Update Employer Information/Reference Number in Update Employee Information Page' is: 'ERN122018C200002418'

2018-12-13 12:12:07 - [MESSAGE][PASSED] - Text of object 'Object Repository/Final Object Repo/Page_Update Employer Information/Reference Number in Update Employee Information Page' is: 'ERN122018C200002418'

2018-12-13 12:12:07 - [TEST_STEP][PASSED] - callTestCase: Call Test Case 'Test Cases/Final Aug 2018 - PKS Automation/Common/Reference Number Setter' successfully

2018-12-13 12:12:07 - [TEST_CASE][PASSED] - Test Cases/Final Aug 2018 - PKS Automation/Common/Reference Number Setter: Test Cases/Final Aug 2018 - PKS Automation/Common/Reference Number Setter

2018-12-13 12:12:07 - [TEST_STEP][PASSED] - Statement - RefNoOldFile = new java.io.File(C://Users//Admin//Desktop//PKS//Automation Reference Point//KatalonReference.txt): null

2018-12-13 12:12:07 - [TEST_STEP][PASSED] - Statement - RefNoOldFile.delete(): null

2018-12-13 12:12:07 - [TEST_STEP][PASSED] - delay: Delayed 5 second(s)

2018-12-13 12:12:12 - [MESSAGE][PASSED] - Delayed 5 second(s)

2018-12-13 12:12:12 - [TEST_STEP][PASSED] - Statement - RefNo = new java.io.File(C://Users//Admin//Desktop//PKS//Automation Reference Point//KatalonReference.txt): null

2018-12-13 12:12:12 - [TEST_STEP][PASSED] - Statement - f2 = new java.io.FileWriter(RefNo, false): null

2018-12-13 12:12:12 - [TEST_STEP][PASSED] - Statement - f2.write(CaseReferenceNo): null

2018-12-13 12:12:12 - [TEST_STEP][PASSED] - Statement - f2.close(): null

2018-12-13 12:12:12 - [TEST_STEP][PASSED] - Statement - out.println("


" + CaseReferenceNo + "


"): null

2018-12-13 12:12:12 - [MESSAGE][PASSED] - Call Test Case 'Test Cases/Final Aug 2018 - PKS Automation/Common/Reference Number Setter' successfully

2018-12-13 12:12:12 - [TEST_STEP][PASSED] - delay: Delayed 2 second(s)

2018-12-13 12:12:14 - [MESSAGE][PASSED] - Delayed 2 second(s)

2018-12-13 12:12:14 - [TEST_STEP][PASSED] - click: Object: 'Object Repository/Final Object Repo/Page_Form 3 EIS - Cessation as Employer/Save  Continue in Uploading Page' is clicked on

2018-12-13 12:12:14 - [MESSAGE][PASSED] - Object: 'Object Repository/Final Object Repo/Page_Form 3 EIS - Cessation as Employer/Save  Continue in Uploading Page' is clicked on

2018-12-13 12:12:14 - [TEST_STEP][PASSED] - delay: Delayed 2 second(s)

2018-12-13 12:12:16 - [MESSAGE][PASSED] - Delayed 2 second(s)

2018-12-13 12:12:16 - [TEST_STEP][PASSED] - click: Object: 'Object Repository/Final Object Repo/Page_Form 3 EIS - Cessation as Employer/Submit' is clicked on

2018-12-13 12:12:19 - [MESSAGE][PASSED] - Object: 'Object Repository/Final Object Repo/Page_Form 3 EIS - Cessation as Employer/Submit' is clicked on

2018-12-13 12:12:19 - [TEST_STEP][PASSED] - delay: Delayed 2 second(s)

2018-12-13 12:12:21 - [MESSAGE][PASSED] - Delayed 2 second(s)

2018-12-13 12:12:21 - [TEST_STEP][PASSED] - click: Object: 'Object Repository/Final Object Repo/Page_Form 3 EIS - Cessation as Employer/Confirm' is clicked on

2018-12-13 12:12:21 - [MESSAGE][PASSED] - Object: 'Object Repository/Final Object Repo/Page_Form 3 EIS - Cessation as Employer/Confirm' is clicked on

2018-12-13 12:12:21 - [TEST_STEP][PASSED] - delay: Delayed 2 second(s)

2018-12-13 12:12:23 - [MESSAGE][PASSED] - Delayed 2 second(s)

2018-12-13 12:12:23 - [TEST_STEP][PASSED] - click: Object: 'Object Repository/Final Object Repo/Page_Form 3 EIS - Cessation as Employer/Message Your Request will be routed to UO' is clicked on

2018-12-13 12:12:27 - [MESSAGE][PASSED] - Object: 'Object Repository/Final Object Repo/Page_Form 3 EIS - Cessation as Employer/Message Your Request will be routed to UO' is clicked on

2018-12-13 12:12:27 - [TEST_STEP][PASSED] - click: Object: 'Object Repository/Final Object Repo/Page_Form 3 EIS - Cessation as Employer/Letter of acknowledgement' is clicked on

2018-12-13 12:12:28 - [MESSAGE][PASSED] - Object: 'Object Repository/Final Object Repo/Page_Form 3 EIS - Cessation as Employer/Letter of acknowledgement' is clicked on

2018-12-13 12:12:28 - [MESSAGE][PASSED] - Call Test Case 'Test Cases/Final Aug 2018 - PKS Automation/Registration Module/Workflow/Form 3 EIS - Cessation As Employer/Template/Form 3 A - Cessation As Employer (OTC)' successfully

2018-12-13 12:12:28 - [TEST_STEP][PASSED] - callTestCase: Call Test Case 'Test Cases/Final Aug 2018 - PKS Automation/Registration Module/Workflow/Form 3 EIS - Cessation As Employer/Template/Form 3 A - Cessation As Employer (Approve)' successfully

2018-12-13 12:12:28 - [TEST_CASE][PASSED] - Test Cases/Final Aug 2018 - PKS Automation/Registration Module/Workflow/Form 3 EIS - Cessation As Employer/Template/Form 3 A - Cessation As Employer (Approve): Test Cases/Final Aug 2018 - PKS Automation/Registration Module/Workflow/Form 3 EIS - Cessation As Employer/Template/Form 3 A - Cessation As Employer (Approve)

2018-12-13 12:12:28 - [TEST_STEP][NOT_RUN] - callTestCase: NOT_RUN: callTestCase

2018-12-13 12:12:28 - [MESSAGE][NOT_RUN] - NOT_RUN: callTestCase

2018-12-13 12:12:28 - [TEST_STEP][PASSED] - delay: Delayed 1 second(s)

2018-12-13 12:12:29 - [MESSAGE][PASSED] - Delayed 1 second(s)

2018-12-13 12:12:29 - [TEST_STEP][PASSED] - navigateToUrl: Navigate to 'https://assist2-uat.perkeso.gov.my/c/portal/logout' successfully

2018-12-13 12:12:30 - [MESSAGE][PASSED] - Navigate to 'https://assist2-uat.perkeso.gov.my/c/portal/logout' successfully

2018-12-13 12:12:30 - [TEST_STEP][PASSED] - delay: Delayed 1 second(s)

2018-12-13 12:12:31 - [MESSAGE][PASSED] - Delayed 1 second(s)

2018-12-13 12:12:31 - [TEST_STEP][PASSED] - callTestCase: Call Test Case 'Test Cases/Final Aug 2018 - PKS Automation/Common/Reference Number Getter' successfully

2018-12-13 12:12:31 - [TEST_CASE][PASSED] - Test Cases/Final Aug 2018 - PKS Automation/Common/Reference Number Getter: Test Cases/Final Aug 2018 - PKS Automation/Common/Reference Number Getter

2018-12-13 12:12:31 - [TEST_STEP][PASSED] - Statement - Try: null

2018-12-13 12:12:31 - [TEST_STEP][PASSED] - Statement - RefNo = new java.io.File(C://Users//Admin//Desktop//PKS//Automation Reference Point//KatalonReference.txt): null

2018-12-13 12:12:31 - [TEST_STEP][PASSED] - Statement - bufferread = new java.io.BufferedReader(new java.io.FileReader(RefNo)): null

2018-12-13 12:12:31 - [TEST_STEP][PASSED] - Statement - readedVal = bufferread.readLine(): null

2018-12-13 12:12:31 - [TEST_STEP][PASSED] - Statement - out.println(CaseReferenceNo): null

2018-12-13 12:12:31 - [TEST_STEP][PASSED] - Statement - out.println(readedVal): null

2018-12-13 12:12:31 - [TEST_STEP][PASSED] - Statement - CaseReferenceNo = "": null

2018-12-13 12:12:31 - [TEST_STEP][PASSED] - Statement - CaseReferenceNo = readedVal: null

2018-12-13 12:12:31 - [MESSAGE][PASSED] - Call Test Case 'Test Cases/Final Aug 2018 - PKS Automation/Common/Reference Number Getter' successfully

2018-12-13 12:12:31 - [TEST_STEP][PASSED] - callTestCase: Call Test Case 'Test Cases/Final Aug 2018 - PKS Automation/Common/Workflow Owner Finder' successfully

2018-12-13 12:12:31 - [TEST_CASE][PASSED] - Test Cases/Final Aug 2018 - PKS Automation/Common/Workflow Owner Finder: Test Cases/Final Aug 2018 - PKS Automation/Common/Workflow Owner Finder

2018-12-13 12:12:31 - [TEST_STEP][PASSED] - openBrowser: Browser is opened with url: ''

2018-12-13 12:12:31 - [MESSAGE][WARNING] - A browser is already opened. Closing browser and opening a new one

2018-12-13 12:12:35 - [MESSAGE][PASSED] - Browser is opened with url: ''

2018-12-13 12:12:35 - [TEST_STEP][PASSED] - navigateToUrl: Navigate to 'https://assist2-uat.perkeso.gov.my/login' successfully

2018-12-13 12:12:36 - [MESSAGE][PASSED] - Navigate to 'https://assist2-uat.perkeso.gov.my/login' successfully

2018-12-13 12:12:36 - [TEST_STEP][PASSED] - delay: Delayed 5 second(s)

2018-12-13 12:12:41 - [MESSAGE][PASSED] - Delayed 5 second(s)

2018-12-13 12:12:41 - [TEST_STEP][PASSED] - setText: Text 'test@liferay.com' is set on object 'Object Repository/Final Object Repo/Login Page/Internal User/Email Address'

2018-12-13 12:12:41 - [MESSAGE][PASSED] - Text 'test@liferay.com' is set on object 'Object Repository/Final Object Repo/Login Page/Internal User/Email Address'

2018-12-13 12:12:41 - [TEST_STEP][PASSED] - click: Object: 'Object Repository/Final Object Repo/Login Page/Internal User/Next Button' is clicked on

2018-12-13 12:12:41 - [MESSAGE][PASSED] - Object: 'Object Repository/Final Object Repo/Login Page/Internal User/Next Button' is clicked on

2018-12-13 12:12:41 - [TEST_STEP][PASSED] - delay: Delayed 2 second(s)

2018-12-13 12:12:43 - [MESSAGE][PASSED] - Delayed 2 second(s)

2018-12-13 12:12:43 - [TEST_STEP][PASSED] - setText: Text 'test' is set on object 'Object Repository/Final Object Repo/Login Page/Internal User/Password'

2018-12-13 12:12:43 - [MESSAGE][PASSED] - Text 'test' is set on object 'Object Repository/Final Object Repo/Login Page/Internal User/Password'

2018-12-13 12:12:43 - [TEST_STEP][PASSED] - delay: Delayed 2 second(s)

2018-12-13 12:12:45 - [MESSAGE][PASSED] - Delayed 2 second(s)

2018-12-13 12:12:45 - [TEST_STEP][PASSED] - click: Object: 'Object Repository/Final Object Repo/Login Page/Internal User/Login Button' is clicked on

2018-12-13 12:12:46 - [MESSAGE][PASSED] - Object: 'Object Repository/Final Object Repo/Login Page/Internal User/Login Button' is clicked on

2018-12-13 12:12:46 - [TEST_STEP][PASSED] - Statement - tester = com.kms.katalon.core.testobject.ObjectRepository.findTestObject(Final Object Repo/Landing Page/Select to English): Finding Test Object with id 'Object Repository/Final Object Repo/Landing Page/Select to English'

2018-12-13 12:12:46 - [TEST_STEP][PASSED] - Statement - Try: Delayed 2 second(s)

2018-12-13 12:12:46 - [TEST_STEP][PASSED] - Statement - Checker = com.kms.katalon.core.webui.keyword.WebUiBuiltInKeywords.verifyElementNotPresent(tester, 3): Web element with id: 'Object Repository/Final Object Repo/Landing Page/Select to English' located by 'By.xpath: //a[@class = 'taglib-language-list-text' and @lang = 'en-US' and (contains(text(), 'EN') or contains(., 'EN'))]' is not present after '3' second(s)

2018-12-13 12:12:49 - [MESSAGE][PASSED] - Web element with id: 'Object Repository/Final Object Repo/Landing Page/Select to English' located by 'By.xpath: //a[@class = 'taglib-language-list-text' and @lang = 'en-US' and (contains(text(), 'EN') or contains(., 'EN'))]' is not present after '3' second(s)

2018-12-13 12:12:49 - [TEST_STEP][PASSED] - Statement - If (Checker == false): null

2018-12-13 12:12:49 - [TEST_STEP][PASSED] - delay: Delayed 2 second(s)

2018-12-13 12:12:51 - [MESSAGE][PASSED] - Delayed 2 second(s)

2018-12-13 12:12:51 - [TEST_STEP][PASSED] - delay: Delayed 5 second(s)

2018-12-13 12:12:56 - [MESSAGE][PASSED] - Delayed 5 second(s)

2018-12-13 12:12:56 - [TEST_STEP][PASSED] - mouseOver: Object: 'Object Repository/Final Object Repo/Landing Page/WorkFlow Menu' is hovered

2018-12-13 12:12:56 - [MESSAGE][PASSED] - Object: 'Object Repository/Final Object Repo/Landing Page/WorkFlow Menu' is hovered

2018-12-13 12:12:56 - [TEST_STEP][PASSED] - delay: Delayed 2 second(s)

2018-12-13 12:12:58 - [MESSAGE][PASSED] - Delayed 2 second(s)

2018-12-13 12:12:58 - [TEST_STEP][PASSED] - click: Object: 'Object Repository/Final Object Repo/Landing Page/Select to Workflow Listing' is clicked on

2018-12-13 12:12:59 - [MESSAGE][PASSED] - Object: 'Object Repository/Final Object Repo/Landing Page/Select to Workflow Listing' is clicked on

2018-12-13 12:12:59 - [TEST_STEP][PASSED] - delay: Delayed 2 second(s)

2018-12-13 12:13:01 - [MESSAGE][PASSED] - Delayed 2 second(s)

2018-12-13 12:13:01 - [TEST_STEP][PASSED] - click: Object: 'Object Repository/Final Object Repo/WorkFlow Listing Page/Search Information - To Put Ref No' is clicked on

2018-12-13 12:13:01 - [MESSAGE][PASSED] - Object: 'Object Repository/Final Object Repo/WorkFlow Listing Page/Search Information - To Put Ref No' is clicked on

2018-12-13 12:13:01 - [TEST_STEP][PASSED] - delay: Delayed 2 second(s)

2018-12-13 12:13:03 - [MESSAGE][PASSED] - Delayed 2 second(s)

2018-12-13 12:13:03 - [TEST_STEP][PASSED] - callTestCase: Call Test Case 'Test Cases/Final Aug 2018 - PKS Automation/Common/Reference Number Getter' successfully

2018-12-13 12:13:03 - [TEST_CASE][PASSED] - Test Cases/Final Aug 2018 - PKS Automation/Common/Reference Number Getter: Test Cases/Final Aug 2018 - PKS Automation/Common/Reference Number Getter

2018-12-13 12:13:03 - [TEST_STEP][PASSED] - Statement - Try: null

2018-12-13 12:13:03 - [TEST_STEP][PASSED] - Statement - RefNo = new java.io.File(C://Users//Admin//Desktop//PKS//Automation Reference Point//KatalonReference.txt): null

2018-12-13 12:13:03 - [TEST_STEP][PASSED] - Statement - bufferread = new java.io.BufferedReader(new java.io.FileReader(RefNo)): null

2018-12-13 12:13:03 - [TEST_STEP][PASSED] - Statement - readedVal = bufferread.readLine(): null

2018-12-13 12:13:03 - [TEST_STEP][PASSED] - Statement - out.println(CaseReferenceNo): null

2018-12-13 12:13:03 - [TEST_STEP][PASSED] - Statement - out.println(readedVal): null

2018-12-13 12:13:03 - [TEST_STEP][PASSED] - Statement - CaseReferenceNo = "": null

2018-12-13 12:13:03 - [TEST_STEP][PASSED] - Statement - CaseReferenceNo = readedVal: null

2018-12-13 12:13:03 - [MESSAGE][PASSED] - Call Test Case 'Test Cases/Final Aug 2018 - PKS Automation/Common/Reference Number Getter' successfully

2018-12-13 12:13:03 - [TEST_STEP][PASSED] - setText: Text 'ERN122018C200002418' is set on object 'Object Repository/Final Object Repo/WorkFlow Listing Page/Ref No Set Text'

2018-12-13 12:13:04 - [MESSAGE][PASSED] - Text 'ERN122018C200002418' is set on object 'Object Repository/Final Object Repo/WorkFlow Listing Page/Ref No Set Text'

2018-12-13 12:13:04 - [TEST_STEP][PASSED] - delay: Delayed 2 second(s)

2018-12-13 12:13:06 - [MESSAGE][PASSED] - Delayed 2 second(s)

2018-12-13 12:13:06 - [TEST_STEP][PASSED] - click: Object: 'Object Repository/Final Object Repo/WorkFlow Listing Page/Search Ref No Search Button' is clicked on

2018-12-13 12:13:06 - [MESSAGE][PASSED] - Object: 'Object Repository/Final Object Repo/WorkFlow Listing Page/Search Ref No Search Button' is clicked on

2018-12-13 12:13:06 - [TEST_STEP][PASSED] - delay: Delayed 6 second(s)

2018-12-13 12:13:12 - [MESSAGE][PASSED] - Delayed 6 second(s)

2018-12-13 12:13:12 - [TEST_STEP][PASSED] - click: Object: 'Object Repository/Final Object Repo/WorkFlow Listing Page/Click Continue Tooltip' is clicked on

2018-12-13 12:13:13 - [MESSAGE][PASSED] - Object: 'Object Repository/Final Object Repo/WorkFlow Listing Page/Click Continue Tooltip' is clicked on

2018-12-13 12:13:13 - [TEST_STEP][PASSED] - delay: Delayed 5 second(s)

2018-12-13 12:13:18 - [MESSAGE][PASSED] - Delayed 5 second(s)

2018-12-13 12:13:18 - [TEST_STEP][PASSED] - doubleClick: Object: 'Object Repository/Final Object Repo/WorkFlow Listing Page/Workflow Found - Listing 1' is double clicked on

2018-12-13 12:13:18 - [MESSAGE][PASSED] - Object: 'Object Repository/Final Object Repo/WorkFlow Listing Page/Workflow Found - Listing 1' is double clicked on

2018-12-13 12:13:18 - [TEST_STEP][PASSED] - Statement - println(OwnerID): null

2018-12-13 12:13:18 - [TEST_STEP][PASSED] - Statement - OwnerID = com.kms.katalon.core.webui.keyword.WebUiBuiltInKeywords.getText(com.kms.katalon.core.testobject.ObjectRepository.findTestObject(Final Object Repo/WorkFlow Listing Page/Workflow Found - Listing 1), STOP_ON_FAILURE): Text of object 'Object Repository/Final Object Repo/WorkFlow Listing Page/Workflow Found - Listing 1' is: 'JOHORuo3'

2018-12-13 12:13:18 - [MESSAGE][PASSED] - Text of object 'Object Repository/Final Object Repo/WorkFlow Listing Page/Workflow Found - Listing 1' is: 'JOHORuo3'

2018-12-13 12:13:18 - [TEST_STEP][PASSED] - Statement - OwnerID = OwnerID.toLowerCase() + "@gmail.com": null

2018-12-13 12:13:18 - [TEST_STEP][PASSED] - Statement - println(OwnerID): null

2018-12-13 12:13:18 - [TEST_STEP][PASSED] - delay: Delayed 2 second(s)

2018-12-13 12:13:20 - [MESSAGE][PASSED] - Delayed 2 second(s)

2018-12-13 12:13:20 - [MESSAGE][PASSED] - Call Test Case 'Test Cases/Final Aug 2018 - PKS Automation/Common/Workflow Owner Finder' successfully

2018-12-13 12:13:20 - [TEST_STEP][PASSED] - delay: Delayed 1 second(s)

2018-12-13 12:13:21 - [MESSAGE][PASSED] - Delayed 1 second(s)

2018-12-13 12:13:21 - [TEST_STEP][PASSED] - navigateToUrl: Navigate to 'https://assist2-uat.perkeso.gov.my/c/portal/logout' successfully

2018-12-13 12:13:22 - [MESSAGE][PASSED] - Navigate to 'https://assist2-uat.perkeso.gov.my/c/portal/logout' successfully

2018-12-13 12:13:22 - [TEST_STEP][PASSED] - delay: Delayed 1 second(s)

2018-12-13 12:13:23 - [MESSAGE][PASSED] - Delayed 1 second(s)

2018-12-13 12:13:23 - [TEST_STEP][PASSED] - callTestCase: Call Test Case 'Test Cases/Final Aug 2018 - PKS Automation/Registration Module/Workflow/Login and Search Case For Workflow' successfully

2018-12-13 12:13:23 - [TEST_CASE][PASSED] - Test Cases/Final Aug 2018 - PKS Automation/Registration Module/Workflow/Login and Search Case For Workflow: Test Cases/Final Aug 2018 - PKS Automation/Registration Module/Workflow/Login and Search Case For Workflow

2018-12-13 12:13:23 - [TEST_STEP][PASSED] - navigateToUrl: Navigate to 'https://assist2-uat.perkeso.gov.my/login' successfully

2018-12-13 12:13:24 - [MESSAGE][PASSED] - Navigate to 'https://assist2-uat.perkeso.gov.my/login' successfully

2018-12-13 12:13:24 - [TEST_STEP][PASSED] - setText: Text 'johoruo3@gmail.com' is set on object 'Object Repository/Final Object Repo/Login Page/Internal User/Email Address'

2018-12-13 12:13:24 - [MESSAGE][PASSED] - Text 'johoruo3@gmail.com' is set on object 'Object Repository/Final Object Repo/Login Page/Internal User/Email Address'

2018-12-13 12:13:24 - [TEST_STEP][PASSED] - click: Object: 'Object Repository/Final Object Repo/Login Page/Internal User/Next Button' is clicked on

2018-12-13 12:13:24 - [MESSAGE][PASSED] - Object: 'Object Repository/Final Object Repo/Login Page/Internal User/Next Button' is clicked on

2018-12-13 12:13:24 - [TEST_STEP][PASSED] - delay: Delayed 1 second(s)

2018-12-13 12:13:25 - [MESSAGE][PASSED] - Delayed 1 second(s)

2018-12-13 12:13:25 - [TEST_STEP][PASSED] - setEncryptedText: Text ****** has been set on object 'Object Repository/Final Object Repo/Login Page/Internal User/Password'

2018-12-13 12:13:25 - [MESSAGE][PASSED] - Text ****** has been set on object 'Object Repository/Final Object Repo/Login Page/Internal User/Password'

2018-12-13 12:13:25 - [TEST_STEP][PASSED] - click: Object: 'Object Repository/Final Object Repo/Login Page/Internal User/Login Button' is clicked on

2018-12-13 12:13:25 - [MESSAGE][PASSED] - Object: 'Object Repository/Final Object Repo/Login Page/Internal User/Login Button' is clicked on

2018-12-13 12:13:25 - [TEST_STEP][PASSED] - delay: Delayed 2 second(s)

2018-12-13 12:13:27 - [MESSAGE][PASSED] - Delayed 2 second(s)

2018-12-13 12:13:27 - [TEST_STEP][PASSED] - Statement - Try: Delayed 2 second(s)

2018-12-13 12:13:27 - [TEST_STEP][PASSED] - Statement - Checker = false: null

2018-12-13 12:13:27 - [TEST_STEP][PASSED] - Statement - Checker = com.kms.katalon.core.webui.keyword.WebUiBuiltInKeywords.verifyElementHasAttribute(com.kms.katalon.core.testobject.ObjectRepository.findTestObject(Final Object Repo/Landing Page/BM Detecting), "href", 20, OPTIONAL): Object 'Object Repository/Final Object Repo/Landing Page/BM Detecting' has attribute 'href'

2018-12-13 12:13:27 - [MESSAGE][PASSED] - Object 'Object Repository/Final Object Repo/Landing Page/BM Detecting' has attribute 'href'

2018-12-13 12:13:27 - [TEST_STEP][PASSED] - Statement - out.println(Checker): null

2018-12-13 12:13:27 - [TEST_STEP][PASSED] - Statement - If (Checker == false): null

2018-12-13 12:13:27 - [TEST_STEP][PASSED] - Statement - Else: null

2018-12-13 12:13:27 - [TEST_STEP][PASSED] - delay: Delayed 2 second(s)

2018-12-13 12:13:29 - [MESSAGE][PASSED] - Delayed 2 second(s)

2018-12-13 12:13:29 - [TEST_STEP][PASSED] - click: Object: 'Object Repository/Final Object Repo/Page_MyASSIST - ASSIST - Search Pending Case For Add Supporting Document/Search Information' is clicked on

2018-12-13 12:13:30 - [MESSAGE][PASSED] - Object: 'Object Repository/Final Object Repo/Page_MyASSIST - ASSIST - Search Pending Case For Add Supporting Document/Search Information' is clicked on

2018-12-13 12:13:30 - [TEST_STEP][PASSED] - delay: Delayed 3 second(s)

2018-12-13 12:13:33 - [MESSAGE][PASSED] - Delayed 3 second(s)

2018-12-13 12:13:33 - [TEST_STEP][PASSED] - sendKeys: Keys 'ERN122018C200002418' sent to object: 'Object Repository/Final Object Repo/Page_MyASSIST - ASSIST - Search Pending Case For Add Supporting Document/Reference No'

2018-12-13 12:13:33 - [MESSAGE][PASSED] - Keys 'ERN122018C200002418' sent to object: 'Object Repository/Final Object Repo/Page_MyASSIST - ASSIST - Search Pending Case For Add Supporting Document/Reference No'

2018-12-13 12:13:33 - [TEST_STEP][PASSED] - click: Object: 'Object Repository/Final Object Repo/Page_MyASSIST - ASSIST - Search Pending Case For Add Supporting Document/Search Reference No' is clicked on

2018-12-13 12:13:33 - [MESSAGE][PASSED] - Object: 'Object Repository/Final Object Repo/Page_MyASSIST - ASSIST - Search Pending Case For Add Supporting Document/Search Reference No' is clicked on

2018-12-13 12:13:33 - [TEST_STEP][PASSED] - delay: Delayed 2 second(s)

2018-12-13 12:13:35 - [MESSAGE][PASSED] - Delayed 2 second(s)

2018-12-13 12:13:35 - [TEST_STEP][PASSED] - click: Object: 'Object Repository/Final Object Repo/Page_MyASSIST - ASSIST - Search Pending Case For Add Supporting Document/Continue' is clicked on

2018-12-13 12:13:38 - [MESSAGE][PASSED] - Object: 'Object Repository/Final Object Repo/Page_MyASSIST - ASSIST - Search Pending Case For Add Supporting Document/Continue' is clicked on

2018-12-13 12:13:38 - [TEST_STEP][PASSED] - delay: Delayed 20 second(s)

2018-12-13 12:13:58 - [MESSAGE][PASSED] - Delayed 20 second(s)

2018-12-13 12:13:58 - [MESSAGE][PASSED] - Call Test Case 'Test Cases/Final Aug 2018 - PKS Automation/Registration Module/Workflow/Login and Search Case For Workflow' successfully

2018-12-13 12:13:58 - [TEST_STEP][PASSED] - click: Object: 'Object Repository/Final Object Repo/Page_Form 3 EIS - Cessation as Employer/Page_Form 3 EIS - Cessation as Employer (Approve)/Save  Continue in Form 3 Page' is clicked on

2018-12-13 12:13:59 - [MESSAGE][PASSED] - Object: 'Object Repository/Final Object Repo/Page_Form 3 EIS - Cessation as Employer/Page_Form 3 EIS - Cessation as Employer (Approve)/Save  Continue in Form 3 Page' is clicked on

2018-12-13 12:13:59 - [TEST_STEP][PASSED] - delay: Delayed 2 second(s)

2018-12-13 12:14:01 - [MESSAGE][PASSED] - Delayed 2 second(s)

2018-12-13 12:14:01 - [TEST_STEP][PASSED] - click: Object: 'Object Repository/Final Object Repo/Page_Form 3 EIS - Cessation as Employer/Page_Form 3 EIS - Cessation as Employer (Approve)/Save  Continue in Resigned Page' is clicked on

2018-12-13 12:14:01 - [MESSAGE][PASSED] - Object: 'Object Repository/Final Object Repo/Page_Form 3 EIS - Cessation as Employer/Page_Form 3 EIS - Cessation as Employer (Approve)/Save  Continue in Resigned Page' is clicked on

2018-12-13 12:14:01 - [TEST_STEP][PASSED] - delay: Delayed 2 second(s)

2018-12-13 12:14:03 - [MESSAGE][PASSED] - Delayed 2 second(s)

2018-12-13 12:14:03 - [TEST_STEP][PASSED] - click: Object: 'Object Repository/Final Object Repo/Page_Form 3 EIS - Cessation as Employer/Page_Form 3 EIS - Cessation as Employer (Approve)/Save  Continue in Uploading Page' is clicked on

2018-12-13 12:14:04 - [MESSAGE][PASSED] - Object: 'Object Repository/Final Object Repo/Page_Form 3 EIS - Cessation as Employer/Page_Form 3 EIS - Cessation as Employer (Approve)/Save  Continue in Uploading Page' is clicked on

2018-12-13 12:14:04 - [TEST_STEP][PASSED] - delay: Delayed 2 second(s)

2018-12-13 12:14:06 - [MESSAGE][PASSED] - Delayed 2 second(s)

2018-12-13 12:14:06 - [TEST_STEP][PASSED] - click: Object: 'Object Repository/Final Object Repo/Page_Form 3 EIS - Cessation as Employer/Page_Form 3 EIS - Cessation as Employer (Approve)/Approve' is clicked on

2018-12-13 12:14:09 - [MESSAGE][PASSED] - Object: 'Object Repository/Final Object Repo/Page_Form 3 EIS - Cessation as Employer/Page_Form 3 EIS - Cessation as Employer (Approve)/Approve' is clicked on

2018-12-13 12:14:09 - [TEST_STEP][PASSED] - delay: Delayed 2 second(s)

2018-12-13 12:14:11 - [MESSAGE][PASSED] - Delayed 2 second(s)

2018-12-13 12:14:11 - [TEST_STEP][PASSED] - click: Object: 'Object Repository/Final Object Repo/Page_Form 3 EIS - Cessation as Employer/Page_Form 3 EIS - Cessation as Employer (Approve)/Confirm' is clicked on

2018-12-13 12:14:11 - [MESSAGE][PASSED] - Object: 'Object Repository/Final Object Repo/Page_Form 3 EIS - Cessation as Employer/Page_Form 3 EIS - Cessation as Employer (Approve)/Confirm' is clicked on

2018-12-13 12:14:11 - [TEST_STEP][PASSED] - delay: Delayed 2 second(s)

2018-12-13 12:14:13 - [MESSAGE][PASSED] - Delayed 2 second(s)

2018-12-13 12:14:13 - [TEST_STEP][PASSED] - click: Object: 'Object Repository/Final Object Repo/Page_Form 3 EIS - Cessation as Employer/Page_Form 3 EIS - Cessation as Employer (Approve)/Message Your Request    Form 3 EIS' is clicked on

2018-12-13 12:14:18 - [MESSAGE][PASSED] - Object: 'Object Repository/Final Object Repo/Page_Form 3 EIS - Cessation as Employer/Page_Form 3 EIS - Cessation as Employer (Approve)/Message Your Request    Form 3 EIS' is clicked on

2018-12-13 12:14:18 - [TEST_STEP][PASSED] - click: Object: 'Object Repository/Final Object Repo/Page_Form 3 EIS - Cessation as Employer/Page_Form 3 EIS - Cessation as Employer (Approve)/Letter of successful update' is clicked on

2018-12-13 12:14:19 - [MESSAGE][PASSED] - Object: 'Object Repository/Final Object Repo/Page_Form 3 EIS - Cessation as Employer/Page_Form 3 EIS - Cessation as Employer (Approve)/Letter of successful update' is clicked on

2018-12-13 12:14:19 - [MESSAGE][PASSED] - Call Test Case 'Test Cases/Final Aug 2018 - PKS Automation/Registration Module/Workflow/Form 3 EIS - Cessation As Employer/Template/Form 3 A - Cessation As Employer (Approve)' successfully]]></system-out>
         <system-err><![CDATA[]]></system-err>
      </testcase>
      <testcase name="Test Cases/Final Aug 2018 - PKS Automation/Registration Module/Workflow/Form 3 EIS - Cessation As Employer/OTC to UO (Query)" classname="Test Cases/Final Aug 2018 - PKS Automation/Registration Module/Workflow/Form 3 EIS - Cessation As Employer/OTC to UO (Query)" status="FAILED">
         <failure type="FAILED" message="(Stack trace: com.kms.katalon.core.exception.StepFailedException: Unable to click on object 'Object Repository/Final Object Repo/Page_Form 3 EIS - Cessation as Employer/Page_Form 3 EIS - Cessation as Employer (Query - OTC - UO)/Next' (Root cause: com.kms.katalon.core.webui.exception.WebElementNotFoundException: Web element with id: 'Object Repository/Final Object Repo/Page_Form 3 EIS - Cessation as Employer/Page_Form 3 EIS - Cessation as Employer (Query - OTC - UO)/Next' located by 'By.xpath: //a[(text() = ' NEXT
						' or . = ' NEXT
						')]' not found)
	at com.kms.katalon.core.keyword.internal.KeywordMain.stepFailed(KeywordMain.groovy:32)
	at com.kms.katalon.core.webui.keyword.internal.WebUIKeywordMain.stepFailed(WebUIKeywordMain.groovy:65)
	at com.kms.katalon.core.webui.keyword.internal.WebUIKeywordMain.runKeyword(WebUIKeywordMain.groovy:27)
	at com.kms.katalon.core.webui.keyword.builtin.ClickKeyword.click(ClickKeyword.groovy:86)
	at com.kms.katalon.core.webui.keyword.builtin.ClickKeyword.execute(ClickKeyword.groovy:67)
	at com.kms.katalon.core.keyword.internal.KeywordExecutor.executeKeywordForPlatform(KeywordExecutor.groovy:53)
	at com.kms.katalon.core.webui.keyword.WebUiBuiltInKeywords.click(WebUiBuiltInKeywords.groovy:616)
	at com.kms.katalon.core.webui.keyword.WebUiBuiltInKeywords$click$2.call(Unknown Source)
	at Script1536114876563.run(Script1536114876563.groovy:87)
	at com.kms.katalon.core.main.ScriptEngine.run(ScriptEngine.java:183)
	at com.kms.katalon.core.main.ScriptEngine.runScriptAsRawText(ScriptEngine.java:108)
	at com.kms.katalon.core.main.TestCaseExecutor.runScript(TestCaseExecutor.java:294)
	at com.kms.katalon.core.main.TestCaseExecutor.doExecute(TestCaseExecutor.java:285)
	at com.kms.katalon.core.main.TestCaseExecutor.processExecutionPhase(TestCaseExecutor.java:264)
	at com.kms.katalon.core.main.TestCaseExecutor.accessMainPhase(TestCaseExecutor.java:256)
	at com.kms.katalon.core.main.TestCaseExecutor.execute(TestCaseExecutor.java:200)
	at com.kms.katalon.core.main.TestCaseMain.runTestCase(TestCaseMain.java:99)
	at com.kms.katalon.core.keyword.builtin.CallTestCaseKeyword$_callTestCase_closure1.doCall(CallTestCaseKeyword.groovy:60)
	at com.kms.katalon.core.keyword.builtin.CallTestCaseKeyword$_callTestCase_closure1.call(CallTestCaseKeyword.groovy)
	at com.kms.katalon.core.keyword.internal.KeywordMain.runKeyword(KeywordMain.groovy:54)
	at com.kms.katalon.core.keyword.builtin.CallTestCaseKeyword.callTestCase(CallTestCaseKeyword.groovy:81)
	at com.kms.katalon.core.keyword.builtin.CallTestCaseKeyword.execute(CallTestCaseKeyword.groovy:45)
	at com.kms.katalon.core.keyword.internal.KeywordExecutor.executeKeywordForPlatform(KeywordExecutor.groovy:53)
	at com.kms.katalon.core.keyword.BuiltinKeywords.callTestCase(BuiltinKeywords.groovy:334)
	at sun.reflect.GeneratedMethodAccessor13.invoke(Unknown Source)
	at sun.reflect.DelegatingMethodAccessorImpl.invoke(DelegatingMethodAccessorImpl.java:43)
	at java.lang.reflect.Method.invoke(Method.java:498)
	at org.codehaus.groovy.reflection.CachedMethod.invoke(CachedMethod.java:93)
	at groovy.lang.MetaMethod.doMethodInvoke(MetaMethod.java:325)
	at groovy.lang.MetaClassImpl.invokeStaticMethod(MetaClassImpl.java:1469)
	at org.codehaus.groovy.runtime.callsite.StaticMetaClassSite.call(StaticMetaClassSite.java:53)
	at org.codehaus.groovy.runtime.callsite.CallSiteArray.defaultCall(CallSiteArray.java:48)
	at org.codehaus.groovy.runtime.callsite.AbstractCallSite.call(AbstractCallSite.java:113)
	at org.codehaus.groovy.runtime.callsite.AbstractCallSite.call(AbstractCallSite.java:141)
	at Script1536204253481.run(Script1536204253481.groovy:25)
	at com.kms.katalon.core.main.ScriptEngine.run(ScriptEngine.java:183)
	at com.kms.katalon.core.main.ScriptEngine.runScriptAsRawText(ScriptEngine.java:108)
	at com.kms.katalon.core.main.TestCaseExecutor.runScript(TestCaseExecutor.java:294)
	at com.kms.katalon.core.main.TestCaseExecutor.doExecute(TestCaseExecutor.java:285)
	at com.kms.katalon.core.main.TestCaseExecutor.processExecutionPhase(TestCaseExecutor.java:264)
	at com.kms.katalon.core.main.TestCaseExecutor.accessMainPhase(TestCaseExecutor.java:256)
	at com.kms.katalon.core.main.TestCaseExecutor.execute(TestCaseExecutor.java:200)
	at com.kms.katalon.core.main.TestSuiteExecutor.accessTestCaseMainPhase(TestSuiteExecutor.java:129)
	at com.kms.katalon.core.main.TestSuiteExecutor.accessTestSuiteMainPhase(TestSuiteExecutor.java:112)
	at com.kms.katalon.core.main.TestSuiteExecutor.execute(TestSuiteExecutor.java:81)
	at com.kms.katalon.core.main.TestCaseMain.startTestSuite(TestCaseMain.java:142)
	at com.kms.katalon.core.main.TestCaseMain$startTestSuite$0.call(Unknown Source)
	at org.codehaus.groovy.runtime.callsite.CallSiteArray.defaultCall(CallSiteArray.java:48)
	at org.codehaus.groovy.runtime.callsite.AbstractCallSite.call(AbstractCallSite.java:113)
	at org.codehaus.groovy.runtime.callsite.AbstractCallSite.call(AbstractCallSite.java:141)
	at TempTestSuite1544668253557.run(TempTestSuite1544668253557.groovy:36)
	at groovy.lang.GroovyShell.runScriptOrMainOrTestOrRunnable(GroovyShell.java:263)
	at groovy.lang.GroovyShell.run(GroovyShell.java:518)
	at groovy.lang.GroovyShell.run(GroovyShell.java:507)
	at groovy.ui.GroovyMain.processOnce(GroovyMain.java:653)
	at groovy.ui.GroovyMain.run(GroovyMain.java:384)
	at groovy.ui.GroovyMain.process(GroovyMain.java:370)
	at groovy.ui.GroovyMain.processArgs(GroovyMain.java:129)
	at groovy.ui.GroovyMain.main(GroovyMain.java:109)
	at sun.reflect.NativeMethodAccessorImpl.invoke0(Native Method)
	at sun.reflect.NativeMethodAccessorImpl.invoke(NativeMethodAccessorImpl.java:62)
	at sun.reflect.DelegatingMethodAccessorImpl.invoke(DelegatingMethodAccessorImpl.java:43)
	at java.lang.reflect.Method.invoke(Method.java:498)
	at org.codehaus.groovy.tools.GroovyStarter.rootLoader(GroovyStarter.java:109)
	at org.codehaus.groovy.tools.GroovyStarter.main(GroovyStarter.java:131)
)"/>
         <system-out><![CDATA[2018-12-13 12:14:19 - [TEST_CASE][FAILED] - Test Cases/Final Aug 2018 - PKS Automation/Registration Module/Workflow/Form 3 EIS - Cessation As Employer/OTC to UO (Query): Test Cases/Final Aug 2018 - PKS Automation/Registration Module/Workflow/Form 3 EIS - Cessation As Employer/OTC to UO (Query) FAILED because (of) (Stack trace: com.kms.katalon.core.exception.StepFailedException: Unable to click on object 'Object Repository/Final Object Repo/Page_Form 3 EIS - Cessation as Employer/Page_Form 3 EIS - Cessation as Employer (Query - OTC - UO)/Next' (Root cause: com.kms.katalon.core.webui.exception.WebElementNotFoundException: Web element with id: 'Object Repository/Final Object Repo/Page_Form 3 EIS - Cessation as Employer/Page_Form 3 EIS - Cessation as Employer (Query - OTC - UO)/Next' located by 'By.xpath: //a[(text() = ' NEXT
						' or . = ' NEXT
						')]' not found)
	at com.kms.katalon.core.keyword.internal.KeywordMain.stepFailed(KeywordMain.groovy:32)
	at com.kms.katalon.core.webui.keyword.internal.WebUIKeywordMain.stepFailed(WebUIKeywordMain.groovy:65)
	at com.kms.katalon.core.webui.keyword.internal.WebUIKeywordMain.runKeyword(WebUIKeywordMain.groovy:27)
	at com.kms.katalon.core.webui.keyword.builtin.ClickKeyword.click(ClickKeyword.groovy:86)
	at com.kms.katalon.core.webui.keyword.builtin.ClickKeyword.execute(ClickKeyword.groovy:67)
	at com.kms.katalon.core.keyword.internal.KeywordExecutor.executeKeywordForPlatform(KeywordExecutor.groovy:53)
	at com.kms.katalon.core.webui.keyword.WebUiBuiltInKeywords.click(WebUiBuiltInKeywords.groovy:616)
	at com.kms.katalon.core.webui.keyword.WebUiBuiltInKeywords$click$2.call(Unknown Source)
	at Script1536114876563.run(Script1536114876563.groovy:87)
	at com.kms.katalon.core.main.ScriptEngine.run(ScriptEngine.java:183)
	at com.kms.katalon.core.main.ScriptEngine.runScriptAsRawText(ScriptEngine.java:108)
	at com.kms.katalon.core.main.TestCaseExecutor.runScript(TestCaseExecutor.java:294)
	at com.kms.katalon.core.main.TestCaseExecutor.doExecute(TestCaseExecutor.java:285)
	at com.kms.katalon.core.main.TestCaseExecutor.processExecutionPhase(TestCaseExecutor.java:264)
	at com.kms.katalon.core.main.TestCaseExecutor.accessMainPhase(TestCaseExecutor.java:256)
	at com.kms.katalon.core.main.TestCaseExecutor.execute(TestCaseExecutor.java:200)
	at com.kms.katalon.core.main.TestCaseMain.runTestCase(TestCaseMain.java:99)
	at com.kms.katalon.core.keyword.builtin.CallTestCaseKeyword$_callTestCase_closure1.doCall(CallTestCaseKeyword.groovy:60)
	at com.kms.katalon.core.keyword.builtin.CallTestCaseKeyword$_callTestCase_closure1.call(CallTestCaseKeyword.groovy)
	at com.kms.katalon.core.keyword.internal.KeywordMain.runKeyword(KeywordMain.groovy:54)
	at com.kms.katalon.core.keyword.builtin.CallTestCaseKeyword.callTestCase(CallTestCaseKeyword.groovy:81)
	at com.kms.katalon.core.keyword.builtin.CallTestCaseKeyword.execute(CallTestCaseKeyword.groovy:45)
	at com.kms.katalon.core.keyword.internal.KeywordExecutor.executeKeywordForPlatform(KeywordExecutor.groovy:53)
	at com.kms.katalon.core.keyword.BuiltinKeywords.callTestCase(BuiltinKeywords.groovy:334)
	at sun.reflect.GeneratedMethodAccessor13.invoke(Unknown Source)
	at sun.reflect.DelegatingMethodAccessorImpl.invoke(DelegatingMethodAccessorImpl.java:43)
	at java.lang.reflect.Method.invoke(Method.java:498)
	at org.codehaus.groovy.reflection.CachedMethod.invoke(CachedMethod.java:93)
	at groovy.lang.MetaMethod.doMethodInvoke(MetaMethod.java:325)
	at groovy.lang.MetaClassImpl.invokeStaticMethod(MetaClassImpl.java:1469)
	at org.codehaus.groovy.runtime.callsite.StaticMetaClassSite.call(StaticMetaClassSite.java:53)
	at org.codehaus.groovy.runtime.callsite.CallSiteArray.defaultCall(CallSiteArray.java:48)
	at org.codehaus.groovy.runtime.callsite.AbstractCallSite.call(AbstractCallSite.java:113)
	at org.codehaus.groovy.runtime.callsite.AbstractCallSite.call(AbstractCallSite.java:141)
	at Script1536204253481.run(Script1536204253481.groovy:25)
	at com.kms.katalon.core.main.ScriptEngine.run(ScriptEngine.java:183)
	at com.kms.katalon.core.main.ScriptEngine.runScriptAsRawText(ScriptEngine.java:108)
	at com.kms.katalon.core.main.TestCaseExecutor.runScript(TestCaseExecutor.java:294)
	at com.kms.katalon.core.main.TestCaseExecutor.doExecute(TestCaseExecutor.java:285)
	at com.kms.katalon.core.main.TestCaseExecutor.processExecutionPhase(TestCaseExecutor.java:264)
	at com.kms.katalon.core.main.TestCaseExecutor.accessMainPhase(TestCaseExecutor.java:256)
	at com.kms.katalon.core.main.TestCaseExecutor.execute(TestCaseExecutor.java:200)
	at com.kms.katalon.core.main.TestSuiteExecutor.accessTestCaseMainPhase(TestSuiteExecutor.java:129)
	at com.kms.katalon.core.main.TestSuiteExecutor.accessTestSuiteMainPhase(TestSuiteExecutor.java:112)
	at com.kms.katalon.core.main.TestSuiteExecutor.execute(TestSuiteExecutor.java:81)
	at com.kms.katalon.core.main.TestCaseMain.startTestSuite(TestCaseMain.java:142)
	at com.kms.katalon.core.main.TestCaseMain$startTestSuite$0.call(Unknown Source)
	at org.codehaus.groovy.runtime.callsite.CallSiteArray.defaultCall(CallSiteArray.java:48)
	at org.codehaus.groovy.runtime.callsite.AbstractCallSite.call(AbstractCallSite.java:113)
	at org.codehaus.groovy.runtime.callsite.AbstractCallSite.call(AbstractCallSite.java:141)
	at TempTestSuite1544668253557.run(TempTestSuite1544668253557.groovy:36)
	at groovy.lang.GroovyShell.runScriptOrMainOrTestOrRunnable(GroovyShell.java:263)
	at groovy.lang.GroovyShell.run(GroovyShell.java:518)
	at groovy.lang.GroovyShell.run(GroovyShell.java:507)
	at groovy.ui.GroovyMain.processOnce(GroovyMain.java:653)
	at groovy.ui.GroovyMain.run(GroovyMain.java:384)
	at groovy.ui.GroovyMain.process(GroovyMain.java:370)
	at groovy.ui.GroovyMain.processArgs(GroovyMain.java:129)
	at groovy.ui.GroovyMain.main(GroovyMain.java:109)
	at sun.reflect.NativeMethodAccessorImpl.invoke0(Native Method)
	at sun.reflect.NativeMethodAccessorImpl.invoke(NativeMethodAccessorImpl.java:62)
	at sun.reflect.DelegatingMethodAccessorImpl.invoke(DelegatingMethodAccessorImpl.java:43)
	at java.lang.reflect.Method.invoke(Method.java:498)
	at org.codehaus.groovy.tools.GroovyStarter.rootLoader(GroovyStarter.java:109)
	at org.codehaus.groovy.tools.GroovyStarter.main(GroovyStarter.java:131)
)

2018-12-13 12:14:19 - [TEST_STEP][PASSED] - callTestCase: Call Test Case 'Test Cases/Final Aug 2018 - PKS Automation/Registration Module/Workflow/Form 3 EIS - Cessation As Employer/Template/Form 3 A - Cessation As Employer (OTC)' successfully

2018-12-13 12:14:19 - [TEST_CASE][PASSED] - Test Cases/Final Aug 2018 - PKS Automation/Registration Module/Workflow/Form 3 EIS - Cessation As Employer/Template/Form 3 A - Cessation As Employer (OTC): Test Cases/Final Aug 2018 - PKS Automation/Registration Module/Workflow/Form 3 EIS - Cessation As Employer/Template/Form 3 A - Cessation As Employer (OTC)

2018-12-13 12:14:19 - [TEST_STEP][PASSED] - openBrowser: Browser is opened with url: ''

2018-12-13 12:14:19 - [MESSAGE][WARNING] - A browser is already opened. Closing browser and opening a new one

2018-12-13 12:14:24 - [MESSAGE][PASSED] - Browser is opened with url: ''

2018-12-13 12:14:24 - [TEST_STEP][PASSED] - navigateToUrl: Navigate to 'https://assist2-uat.perkeso.gov.my/login' successfully

2018-12-13 12:14:25 - [MESSAGE][PASSED] - Navigate to 'https://assist2-uat.perkeso.gov.my/login' successfully

2018-12-13 12:14:25 - [TEST_STEP][PASSED] - setText: Text 'johorotc1@gmail.com' is set on object 'Object Repository/Final Object Repo/Login Page/Internal User/Email Address'

2018-12-13 12:14:25 - [MESSAGE][PASSED] - Text 'johorotc1@gmail.com' is set on object 'Object Repository/Final Object Repo/Login Page/Internal User/Email Address'

2018-12-13 12:14:25 - [TEST_STEP][PASSED] - click: Object: 'Object Repository/Final Object Repo/Login Page/Internal User/Next Button' is clicked on

2018-12-13 12:14:26 - [MESSAGE][PASSED] - Object: 'Object Repository/Final Object Repo/Login Page/Internal User/Next Button' is clicked on

2018-12-13 12:14:26 - [TEST_STEP][PASSED] - delay: Delayed 1 second(s)

2018-12-13 12:14:27 - [MESSAGE][PASSED] - Delayed 1 second(s)

2018-12-13 12:14:27 - [TEST_STEP][PASSED] - setEncryptedText: Text ****** has been set on object 'Object Repository/Final Object Repo/Login Page/Internal User/Password'

2018-12-13 12:14:27 - [MESSAGE][PASSED] - Text ****** has been set on object 'Object Repository/Final Object Repo/Login Page/Internal User/Password'

2018-12-13 12:14:27 - [TEST_STEP][PASSED] - click: Object: 'Object Repository/Final Object Repo/Login Page/Internal User/Login Button' is clicked on

2018-12-13 12:14:27 - [MESSAGE][PASSED] - Object: 'Object Repository/Final Object Repo/Login Page/Internal User/Login Button' is clicked on

2018-12-13 12:14:27 - [TEST_STEP][PASSED] - delay: Delayed 1 second(s)

2018-12-13 12:14:28 - [MESSAGE][PASSED] - Delayed 1 second(s)

2018-12-13 12:14:28 - [TEST_STEP][PASSED] - Statement - Try: Delayed 2 second(s)

2018-12-13 12:14:28 - [TEST_STEP][PASSED] - Statement - Checker = false: null

2018-12-13 12:14:28 - [TEST_STEP][PASSED] - Statement - Checker = com.kms.katalon.core.webui.keyword.WebUiBuiltInKeywords.verifyElementHasAttribute(com.kms.katalon.core.testobject.ObjectRepository.findTestObject(Final Object Repo/Landing Page/BM Detecting), "href", 20, OPTIONAL): Object 'Object Repository/Final Object Repo/Landing Page/BM Detecting' has attribute 'href'

2018-12-13 12:14:29 - [MESSAGE][PASSED] - Object 'Object Repository/Final Object Repo/Landing Page/BM Detecting' has attribute 'href'

2018-12-13 12:14:29 - [TEST_STEP][PASSED] - Statement - out.println(Checker): null

2018-12-13 12:14:29 - [TEST_STEP][PASSED] - Statement - If (Checker == false): null

2018-12-13 12:14:29 - [TEST_STEP][PASSED] - Statement - Else: null

2018-12-13 12:14:29 - [TEST_STEP][PASSED] - delay: Delayed 2 second(s)

2018-12-13 12:14:31 - [MESSAGE][PASSED] - Delayed 2 second(s)

2018-12-13 12:14:31 - [TEST_STEP][PASSED] - navigateToUrl: Navigate to 'https://assist2-uat.perkeso.gov.my/web/registration/eis-update/form-3-eis-cessation-as-employer' successfully

2018-12-13 12:14:32 - [MESSAGE][PASSED] - Navigate to 'https://assist2-uat.perkeso.gov.my/web/registration/eis-update/form-3-eis-cessation-as-employer' successfully

2018-12-13 12:14:32 - [TEST_STEP][PASSED] - delay: Delayed 1 second(s)

2018-12-13 12:14:33 - [MESSAGE][PASSED] - Delayed 1 second(s)

2018-12-13 12:14:33 - [TEST_STEP][PASSED] - setText: Text 'E1102069769W' is set on object 'Object Repository/Final Object Repo/Page_Form 3 EIS - Cessation as Employer/Employer Code'

2018-12-13 12:14:33 - [MESSAGE][PASSED] - Text 'E1102069769W' is set on object 'Object Repository/Final Object Repo/Page_Form 3 EIS - Cessation as Employer/Employer Code'

2018-12-13 12:14:33 - [TEST_STEP][PASSED] - click: Object: 'Object Repository/Final Object Repo/Page_Form 3 EIS - Cessation as Employer/Search' is clicked on

2018-12-13 12:14:33 - [MESSAGE][PASSED] - Object: 'Object Repository/Final Object Repo/Page_Form 3 EIS - Cessation as Employer/Search' is clicked on

2018-12-13 12:14:33 - [TEST_STEP][PASSED] - click: Object: 'Object Repository/Final Object Repo/Page_Form 3 EIS - Cessation as Employer/Edit' is clicked on

2018-12-13 12:14:36 - [MESSAGE][PASSED] - Object: 'Object Repository/Final Object Repo/Page_Form 3 EIS - Cessation as Employer/Edit' is clicked on

2018-12-13 12:14:36 - [TEST_STEP][PASSED] - delay: Delayed 1 second(s)

2018-12-13 12:14:37 - [MESSAGE][PASSED] - Delayed 1 second(s)

2018-12-13 12:14:37 - [TEST_STEP][PASSED] - Statement - abc = com.kms.katalon.core.webui.keyword.WebUiBuiltInKeywords.getAttribute(com.kms.katalon.core.testobject.ObjectRepository.findTestObject(Final Object Repo/Page_Form 3 EIS - Cessation as Employer/Employer Status), "value"): Attribute 'value' of object 'Object Repository/Final Object Repo/Page_Form 3 EIS - Cessation as Employer/Employer Status' is: 'Active'

2018-12-13 12:14:37 - [MESSAGE][PASSED] - Attribute 'value' of object 'Object Repository/Final Object Repo/Page_Form 3 EIS - Cessation as Employer/Employer Status' is: 'Active'

2018-12-13 12:14:37 - [TEST_STEP][PASSED] - Statement - out.println(abc): null

2018-12-13 12:14:37 - [TEST_STEP][PASSED] - Statement - If (abc == "Active"): Object: 'Object Repository/Final Object Repo/Page_Form 3 EIS - Cessation as Employer/Dormant EIS' is clicked on

2018-12-13 12:14:37 - [TEST_STEP][PASSED] - click: Object: 'Object Repository/Final Object Repo/Page_Form 3 EIS - Cessation as Employer/Change Employer Status to' is clicked on

2018-12-13 12:14:37 - [MESSAGE][PASSED] - Object: 'Object Repository/Final Object Repo/Page_Form 3 EIS - Cessation as Employer/Change Employer Status to' is clicked on

2018-12-13 12:14:37 - [TEST_STEP][PASSED] - click: Object: 'Object Repository/Final Object Repo/Page_Form 3 EIS - Cessation as Employer/Dormant EIS' is clicked on

2018-12-13 12:14:37 - [MESSAGE][PASSED] - Object: 'Object Repository/Final Object Repo/Page_Form 3 EIS - Cessation as Employer/Dormant EIS' is clicked on

2018-12-13 12:14:37 - [TEST_STEP][PASSED] - click: Object: 'Object Repository/Final Object Repo/Page_Form 3 EIS - Cessation as Employer/Calender' is clicked on

2018-12-13 12:14:38 - [MESSAGE][PASSED] - Object: 'Object Repository/Final Object Repo/Page_Form 3 EIS - Cessation as Employer/Calender' is clicked on

2018-12-13 12:14:38 - [TEST_STEP][PASSED] - delay: Delayed 1 second(s)

2018-12-13 12:14:39 - [MESSAGE][PASSED] - Delayed 1 second(s)

2018-12-13 12:14:39 - [TEST_STEP][PASSED] - click: Object: 'Object Repository/Final Object Repo/Page_Form 3 EIS - Cessation as Employer/Calender - Date' is clicked on

2018-12-13 12:14:39 - [MESSAGE][PASSED] - Object: 'Object Repository/Final Object Repo/Page_Form 3 EIS - Cessation as Employer/Calender - Date' is clicked on

2018-12-13 12:14:39 - [TEST_STEP][PASSED] - click: Object: 'Object Repository/Final Object Repo/Page_Form 3 EIS - Cessation as Employer/Save  Continue in Form 3 EIS Page' is clicked on

2018-12-13 12:14:39 - [MESSAGE][PASSED] - Object: 'Object Repository/Final Object Repo/Page_Form 3 EIS - Cessation as Employer/Save  Continue in Form 3 EIS Page' is clicked on

2018-12-13 12:14:39 - [TEST_STEP][PASSED] - delay: Delayed 1 second(s)

2018-12-13 12:14:40 - [MESSAGE][PASSED] - Delayed 1 second(s)

2018-12-13 12:14:40 - [TEST_STEP][PASSED] - click: Object: 'Object Repository/Final Object Repo/Page_Form 3 EIS - Cessation as Employer/Employment Resign Date' is clicked on

2018-12-13 12:14:41 - [MESSAGE][PASSED] - Object: 'Object Repository/Final Object Repo/Page_Form 3 EIS - Cessation as Employer/Employment Resign Date' is clicked on

2018-12-13 12:14:41 - [TEST_STEP][PASSED] - selectOptionByValue: All options with value '2030' are selected in object 'Object Repository/Final Object Repo/Page_Form 3 EIS - Cessation as Employer/Employment Resign Date - Year' 

2018-12-13 12:14:41 - [MESSAGE][PASSED] - All options with value '2030' are selected in object 'Object Repository/Final Object Repo/Page_Form 3 EIS - Cessation as Employer/Employment Resign Date - Year' 

2018-12-13 12:14:41 - [TEST_STEP][PASSED] - delay: Delayed 2 second(s)

2018-12-13 12:14:43 - [MESSAGE][PASSED] - Delayed 2 second(s)

2018-12-13 12:14:43 - [TEST_STEP][PASSED] - click: Object: 'Object Repository/Final Object Repo/Page_Form 3 EIS - Cessation as Employer/Employment Resign Date - Year - Date' is clicked on

2018-12-13 12:14:43 - [MESSAGE][PASSED] - Object: 'Object Repository/Final Object Repo/Page_Form 3 EIS - Cessation as Employer/Employment Resign Date - Year - Date' is clicked on

2018-12-13 12:14:43 - [TEST_STEP][PASSED] - delay: Delayed 2 second(s)

2018-12-13 12:14:45 - [MESSAGE][PASSED] - Delayed 2 second(s)

2018-12-13 12:14:45 - [TEST_STEP][PASSED] - click: Object: 'Object Repository/Final Object Repo/Page_Form 3 EIS - Cessation as Employer/Save  Continue in Employment Resign Page' is clicked on

2018-12-13 12:14:45 - [MESSAGE][PASSED] - Object: 'Object Repository/Final Object Repo/Page_Form 3 EIS - Cessation as Employer/Save  Continue in Employment Resign Page' is clicked on

2018-12-13 12:14:45 - [TEST_STEP][PASSED] - delay: Delayed 2 second(s)

2018-12-13 12:14:47 - [MESSAGE][PASSED] - Delayed 2 second(s)

2018-12-13 12:14:47 - [TEST_STEP][PASSED] - click: Object: 'Object Repository/Final Object Repo/Page_Form 3 EIS - Cessation as Employer/Set Latest - Yes' is clicked on

2018-12-13 12:14:47 - [MESSAGE][PASSED] - Object: 'Object Repository/Final Object Repo/Page_Form 3 EIS - Cessation as Employer/Set Latest - Yes' is clicked on

2018-12-13 12:14:47 - [TEST_STEP][PASSED] - delay: Delayed 2 second(s)

2018-12-13 12:14:49 - [MESSAGE][PASSED] - Delayed 2 second(s)

2018-12-13 12:14:49 - [TEST_STEP][PASSED] - click: Object: 'Object Repository/Final Object Repo/Page_Form 3 EIS - Cessation as Employer/Add Document' is clicked on

2018-12-13 12:14:51 - [MESSAGE][PASSED] - Object: 'Object Repository/Final Object Repo/Page_Form 3 EIS - Cessation as Employer/Add Document' is clicked on

2018-12-13 12:14:51 - [TEST_STEP][PASSED] - delay: Delayed 3 second(s)

2018-12-13 12:14:54 - [MESSAGE][PASSED] - Delayed 3 second(s)

2018-12-13 12:14:54 - [TEST_STEP][PASSED] - click: Object: 'Object Repository/Final Object Repo/Page_Form 3 EIS - Cessation as Employer/Document Type' is clicked on

2018-12-13 12:14:54 - [MESSAGE][PASSED] - Object: 'Object Repository/Final Object Repo/Page_Form 3 EIS - Cessation as Employer/Document Type' is clicked on

2018-12-13 12:14:54 - [TEST_STEP][PASSED] - click: Object: 'Object Repository/Final Object Repo/Page_Form 3 EIS - Cessation as Employer/Document Type - Form 3' is clicked on

2018-12-13 12:14:54 - [MESSAGE][PASSED] - Object: 'Object Repository/Final Object Repo/Page_Form 3 EIS - Cessation as Employer/Document Type - Form 3' is clicked on

2018-12-13 12:14:54 - [TEST_STEP][PASSED] - delay: Delayed 2 second(s)

2018-12-13 12:14:56 - [MESSAGE][PASSED] - Delayed 2 second(s)

2018-12-13 12:14:56 - [TEST_STEP][PASSED] - sendKeys: Keys 'C:\Users\Public\Pictures\Sample Pictures\Koala.jpg' sent to object: 'Object Repository/Final Object Repo/Page_Form 3 EIS - Cessation as Employer/ploading File'

2018-12-13 12:14:56 - [MESSAGE][PASSED] - Keys 'C:\Users\Public\Pictures\Sample Pictures\Koala.jpg' sent to object: 'Object Repository/Final Object Repo/Page_Form 3 EIS - Cessation as Employer/ploading File'

2018-12-13 12:14:56 - [TEST_STEP][PASSED] - delay: Delayed 1 second(s)

2018-12-13 12:14:57 - [MESSAGE][PASSED] - Delayed 1 second(s)

2018-12-13 12:14:57 - [TEST_STEP][PASSED] - click: Object: 'Object Repository/Final Object Repo/Page_Form 3 EIS - Cessation as Employer/Add Document in Uploading Page' is clicked on

2018-12-13 12:14:57 - [MESSAGE][PASSED] - Object: 'Object Repository/Final Object Repo/Page_Form 3 EIS - Cessation as Employer/Add Document in Uploading Page' is clicked on

2018-12-13 12:14:57 - [TEST_STEP][PASSED] - delay: Delayed 2 second(s)

2018-12-13 12:14:59 - [MESSAGE][PASSED] - Delayed 2 second(s)

2018-12-13 12:14:59 - [TEST_STEP][PASSED] - Statement - CaseReferenceNo = com.kms.katalon.core.webui.keyword.WebUiBuiltInKeywords.getText(com.kms.katalon.core.testobject.ObjectRepository.findTestObject(Final Object Repo/Page_Update Employer Information/Reference Number in Update Employee Information Page)): Text of object 'Object Repository/Final Object Repo/Page_Update Employer Information/Reference Number in Update Employee Information Page' is: 'ERN122018C200002419'

2018-12-13 12:15:01 - [MESSAGE][PASSED] - Text of object 'Object Repository/Final Object Repo/Page_Update Employer Information/Reference Number in Update Employee Information Page' is: 'ERN122018C200002419'

2018-12-13 12:15:01 - [TEST_STEP][PASSED] - callTestCase: Call Test Case 'Test Cases/Final Aug 2018 - PKS Automation/Common/Reference Number Setter' successfully

2018-12-13 12:15:01 - [TEST_CASE][PASSED] - Test Cases/Final Aug 2018 - PKS Automation/Common/Reference Number Setter: Test Cases/Final Aug 2018 - PKS Automation/Common/Reference Number Setter

2018-12-13 12:15:01 - [TEST_STEP][PASSED] - Statement - RefNoOldFile = new java.io.File(C://Users//Admin//Desktop//PKS//Automation Reference Point//KatalonReference.txt): null

2018-12-13 12:15:01 - [TEST_STEP][PASSED] - Statement - RefNoOldFile.delete(): null

2018-12-13 12:15:01 - [TEST_STEP][PASSED] - delay: Delayed 5 second(s)

2018-12-13 12:15:06 - [MESSAGE][PASSED] - Delayed 5 second(s)

2018-12-13 12:15:06 - [TEST_STEP][PASSED] - Statement - RefNo = new java.io.File(C://Users//Admin//Desktop//PKS//Automation Reference Point//KatalonReference.txt): null

2018-12-13 12:15:06 - [TEST_STEP][PASSED] - Statement - f2 = new java.io.FileWriter(RefNo, false): null

2018-12-13 12:15:06 - [TEST_STEP][PASSED] - Statement - f2.write(CaseReferenceNo): null

2018-12-13 12:15:06 - [TEST_STEP][PASSED] - Statement - f2.close(): null

2018-12-13 12:15:06 - [TEST_STEP][PASSED] - Statement - out.println("


" + CaseReferenceNo + "


"): null

2018-12-13 12:15:06 - [MESSAGE][PASSED] - Call Test Case 'Test Cases/Final Aug 2018 - PKS Automation/Common/Reference Number Setter' successfully

2018-12-13 12:15:06 - [TEST_STEP][PASSED] - delay: Delayed 2 second(s)

2018-12-13 12:15:08 - [MESSAGE][PASSED] - Delayed 2 second(s)

2018-12-13 12:15:08 - [TEST_STEP][PASSED] - click: Object: 'Object Repository/Final Object Repo/Page_Form 3 EIS - Cessation as Employer/Save  Continue in Uploading Page' is clicked on

2018-12-13 12:15:08 - [MESSAGE][PASSED] - Object: 'Object Repository/Final Object Repo/Page_Form 3 EIS - Cessation as Employer/Save  Continue in Uploading Page' is clicked on

2018-12-13 12:15:08 - [TEST_STEP][PASSED] - delay: Delayed 2 second(s)

2018-12-13 12:15:10 - [MESSAGE][PASSED] - Delayed 2 second(s)

2018-12-13 12:15:10 - [TEST_STEP][PASSED] - click: Object: 'Object Repository/Final Object Repo/Page_Form 3 EIS - Cessation as Employer/Submit' is clicked on

2018-12-13 12:15:13 - [MESSAGE][PASSED] - Object: 'Object Repository/Final Object Repo/Page_Form 3 EIS - Cessation as Employer/Submit' is clicked on

2018-12-13 12:15:13 - [TEST_STEP][PASSED] - delay: Delayed 2 second(s)

2018-12-13 12:15:15 - [MESSAGE][PASSED] - Delayed 2 second(s)

2018-12-13 12:15:15 - [TEST_STEP][PASSED] - click: Object: 'Object Repository/Final Object Repo/Page_Form 3 EIS - Cessation as Employer/Confirm' is clicked on

2018-12-13 12:15:15 - [MESSAGE][PASSED] - Object: 'Object Repository/Final Object Repo/Page_Form 3 EIS - Cessation as Employer/Confirm' is clicked on

2018-12-13 12:15:15 - [TEST_STEP][PASSED] - delay: Delayed 2 second(s)

2018-12-13 12:15:17 - [MESSAGE][PASSED] - Delayed 2 second(s)

2018-12-13 12:15:17 - [TEST_STEP][PASSED] - click: Object: 'Object Repository/Final Object Repo/Page_Form 3 EIS - Cessation as Employer/Message Your Request will be routed to UO' is clicked on

2018-12-13 12:15:20 - [MESSAGE][PASSED] - Object: 'Object Repository/Final Object Repo/Page_Form 3 EIS - Cessation as Employer/Message Your Request will be routed to UO' is clicked on

2018-12-13 12:15:20 - [TEST_STEP][PASSED] - click: Object: 'Object Repository/Final Object Repo/Page_Form 3 EIS - Cessation as Employer/Letter of acknowledgement' is clicked on

2018-12-13 12:15:21 - [MESSAGE][PASSED] - Object: 'Object Repository/Final Object Repo/Page_Form 3 EIS - Cessation as Employer/Letter of acknowledgement' is clicked on

2018-12-13 12:15:21 - [MESSAGE][PASSED] - Call Test Case 'Test Cases/Final Aug 2018 - PKS Automation/Registration Module/Workflow/Form 3 EIS - Cessation As Employer/Template/Form 3 A - Cessation As Employer (OTC)' successfully

2018-12-13 12:15:21 - [TEST_STEP][FAILED] - callTestCase: Unable to call Test Case with id 'Test Cases/Final Aug 2018 - PKS Automation/Registration Module/Workflow/Form 3 EIS - Cessation As Employer/Template/Form 3 A - Cessation As Employer (Query)' (Root cause: Call Test Case 'Test Cases/Final Aug 2018 - PKS Automation/Registration Module/Workflow/Form 3 EIS - Cessation As Employer/Template/Form 3 A - Cessation As Employer (Query)' failed)

2018-12-13 12:15:21 - [TEST_CASE][FAILED] - Test Cases/Final Aug 2018 - PKS Automation/Registration Module/Workflow/Form 3 EIS - Cessation As Employer/Template/Form 3 A - Cessation As Employer (Query): Test Cases/Final Aug 2018 - PKS Automation/Registration Module/Workflow/Form 3 EIS - Cessation As Employer/Template/Form 3 A - Cessation As Employer (Query) FAILED because (of) (Stack trace: com.kms.katalon.core.exception.StepFailedException: Unable to click on object 'Object Repository/Final Object Repo/Page_Form 3 EIS - Cessation as Employer/Page_Form 3 EIS - Cessation as Employer (Query - OTC - UO)/Next' (Root cause: com.kms.katalon.core.webui.exception.WebElementNotFoundException: Web element with id: 'Object Repository/Final Object Repo/Page_Form 3 EIS - Cessation as Employer/Page_Form 3 EIS - Cessation as Employer (Query - OTC - UO)/Next' located by 'By.xpath: //a[(text() = ' NEXT
						' or . = ' NEXT
						')]' not found)
	at com.kms.katalon.core.keyword.internal.KeywordMain.stepFailed(KeywordMain.groovy:32)
	at com.kms.katalon.core.webui.keyword.internal.WebUIKeywordMain.stepFailed(WebUIKeywordMain.groovy:65)
	at com.kms.katalon.core.webui.keyword.internal.WebUIKeywordMain.runKeyword(WebUIKeywordMain.groovy:27)
	at com.kms.katalon.core.webui.keyword.builtin.ClickKeyword.click(ClickKeyword.groovy:86)
	at com.kms.katalon.core.webui.keyword.builtin.ClickKeyword.execute(ClickKeyword.groovy:67)
	at com.kms.katalon.core.keyword.internal.KeywordExecutor.executeKeywordForPlatform(KeywordExecutor.groovy:53)
	at com.kms.katalon.core.webui.keyword.WebUiBuiltInKeywords.click(WebUiBuiltInKeywords.groovy:616)
	at com.kms.katalon.core.webui.keyword.WebUiBuiltInKeywords$click$2.call(Unknown Source)
	at Script1536114876563.run(Script1536114876563.groovy:87)
	at com.kms.katalon.core.main.ScriptEngine.run(ScriptEngine.java:183)
	at com.kms.katalon.core.main.ScriptEngine.runScriptAsRawText(ScriptEngine.java:108)
	at com.kms.katalon.core.main.TestCaseExecutor.runScript(TestCaseExecutor.java:294)
	at com.kms.katalon.core.main.TestCaseExecutor.doExecute(TestCaseExecutor.java:285)
	at com.kms.katalon.core.main.TestCaseExecutor.processExecutionPhase(TestCaseExecutor.java:264)
	at com.kms.katalon.core.main.TestCaseExecutor.accessMainPhase(TestCaseExecutor.java:256)
	at com.kms.katalon.core.main.TestCaseExecutor.execute(TestCaseExecutor.java:200)
	at com.kms.katalon.core.main.TestCaseMain.runTestCase(TestCaseMain.java:99)
	at com.kms.katalon.core.keyword.builtin.CallTestCaseKeyword$_callTestCase_closure1.doCall(CallTestCaseKeyword.groovy:60)
	at com.kms.katalon.core.keyword.builtin.CallTestCaseKeyword$_callTestCase_closure1.call(CallTestCaseKeyword.groovy)
	at com.kms.katalon.core.keyword.internal.KeywordMain.runKeyword(KeywordMain.groovy:54)
	at com.kms.katalon.core.keyword.builtin.CallTestCaseKeyword.callTestCase(CallTestCaseKeyword.groovy:81)
	at com.kms.katalon.core.keyword.builtin.CallTestCaseKeyword.execute(CallTestCaseKeyword.groovy:45)
	at com.kms.katalon.core.keyword.internal.KeywordExecutor.executeKeywordForPlatform(KeywordExecutor.groovy:53)
	at com.kms.katalon.core.keyword.BuiltinKeywords.callTestCase(BuiltinKeywords.groovy:334)
	at sun.reflect.GeneratedMethodAccessor13.invoke(Unknown Source)
	at sun.reflect.DelegatingMethodAccessorImpl.invoke(DelegatingMethodAccessorImpl.java:43)
	at java.lang.reflect.Method.invoke(Method.java:498)
	at org.codehaus.groovy.reflection.CachedMethod.invoke(CachedMethod.java:93)
	at groovy.lang.MetaMethod.doMethodInvoke(MetaMethod.java:325)
	at groovy.lang.MetaClassImpl.invokeStaticMethod(MetaClassImpl.java:1469)
	at org.codehaus.groovy.runtime.callsite.StaticMetaClassSite.call(StaticMetaClassSite.java:53)
	at org.codehaus.groovy.runtime.callsite.CallSiteArray.defaultCall(CallSiteArray.java:48)
	at org.codehaus.groovy.runtime.callsite.AbstractCallSite.call(AbstractCallSite.java:113)
	at org.codehaus.groovy.runtime.callsite.AbstractCallSite.call(AbstractCallSite.java:141)
	at Script1536204253481.run(Script1536204253481.groovy:25)
	at com.kms.katalon.core.main.ScriptEngine.run(ScriptEngine.java:183)
	at com.kms.katalon.core.main.ScriptEngine.runScriptAsRawText(ScriptEngine.java:108)
	at com.kms.katalon.core.main.TestCaseExecutor.runScript(TestCaseExecutor.java:294)
	at com.kms.katalon.core.main.TestCaseExecutor.doExecute(TestCaseExecutor.java:285)
	at com.kms.katalon.core.main.TestCaseExecutor.processExecutionPhase(TestCaseExecutor.java:264)
	at com.kms.katalon.core.main.TestCaseExecutor.accessMainPhase(TestCaseExecutor.java:256)
	at com.kms.katalon.core.main.TestCaseExecutor.execute(TestCaseExecutor.java:200)
	at com.kms.katalon.core.main.TestSuiteExecutor.accessTestCaseMainPhase(TestSuiteExecutor.java:129)
	at com.kms.katalon.core.main.TestSuiteExecutor.accessTestSuiteMainPhase(TestSuiteExecutor.java:112)
	at com.kms.katalon.core.main.TestSuiteExecutor.execute(TestSuiteExecutor.java:81)
	at com.kms.katalon.core.main.TestCaseMain.startTestSuite(TestCaseMain.java:142)
	at com.kms.katalon.core.main.TestCaseMain$startTestSuite$0.call(Unknown Source)
	at org.codehaus.groovy.runtime.callsite.CallSiteArray.defaultCall(CallSiteArray.java:48)
	at org.codehaus.groovy.runtime.callsite.AbstractCallSite.call(AbstractCallSite.java:113)
	at org.codehaus.groovy.runtime.callsite.AbstractCallSite.call(AbstractCallSite.java:141)
	at TempTestSuite1544668253557.run(TempTestSuite1544668253557.groovy:36)
	at groovy.lang.GroovyShell.runScriptOrMainOrTestOrRunnable(GroovyShell.java:263)
	at groovy.lang.GroovyShell.run(GroovyShell.java:518)
	at groovy.lang.GroovyShell.run(GroovyShell.java:507)
	at groovy.ui.GroovyMain.processOnce(GroovyMain.java:653)
	at groovy.ui.GroovyMain.run(GroovyMain.java:384)
	at groovy.ui.GroovyMain.process(GroovyMain.java:370)
	at groovy.ui.GroovyMain.processArgs(GroovyMain.java:129)
	at groovy.ui.GroovyMain.main(GroovyMain.java:109)
	at sun.reflect.NativeMethodAccessorImpl.invoke0(Native Method)
	at sun.reflect.NativeMethodAccessorImpl.invoke(NativeMethodAccessorImpl.java:62)
	at sun.reflect.DelegatingMethodAccessorImpl.invoke(DelegatingMethodAccessorImpl.java:43)
	at java.lang.reflect.Method.invoke(Method.java:498)
	at org.codehaus.groovy.tools.GroovyStarter.rootLoader(GroovyStarter.java:109)
	at org.codehaus.groovy.tools.GroovyStarter.main(GroovyStarter.java:131)
)

2018-12-13 12:15:21 - [TEST_STEP][NOT_RUN] - callTestCase: NOT_RUN: callTestCase

2018-12-13 12:15:21 - [MESSAGE][NOT_RUN] - NOT_RUN: callTestCase

2018-12-13 12:15:21 - [TEST_STEP][PASSED] - delay: Delayed 1 second(s)

2018-12-13 12:15:22 - [MESSAGE][PASSED] - Delayed 1 second(s)

2018-12-13 12:15:22 - [TEST_STEP][PASSED] - navigateToUrl: Navigate to 'https://assist2-uat.perkeso.gov.my/c/portal/logout' successfully

2018-12-13 12:15:23 - [MESSAGE][PASSED] - Navigate to 'https://assist2-uat.perkeso.gov.my/c/portal/logout' successfully

2018-12-13 12:15:23 - [TEST_STEP][PASSED] - delay: Delayed 1 second(s)

2018-12-13 12:15:24 - [MESSAGE][PASSED] - Delayed 1 second(s)

2018-12-13 12:15:24 - [TEST_STEP][PASSED] - callTestCase: Call Test Case 'Test Cases/Final Aug 2018 - PKS Automation/Common/Reference Number Getter' successfully

2018-12-13 12:15:24 - [TEST_CASE][PASSED] - Test Cases/Final Aug 2018 - PKS Automation/Common/Reference Number Getter: Test Cases/Final Aug 2018 - PKS Automation/Common/Reference Number Getter

2018-12-13 12:15:24 - [TEST_STEP][PASSED] - Statement - Try: null

2018-12-13 12:15:24 - [TEST_STEP][PASSED] - Statement - RefNo = new java.io.File(C://Users//Admin//Desktop//PKS//Automation Reference Point//KatalonReference.txt): null

2018-12-13 12:15:24 - [TEST_STEP][PASSED] - Statement - bufferread = new java.io.BufferedReader(new java.io.FileReader(RefNo)): null

2018-12-13 12:15:24 - [TEST_STEP][PASSED] - Statement - readedVal = bufferread.readLine(): null

2018-12-13 12:15:24 - [TEST_STEP][PASSED] - Statement - out.println(CaseReferenceNo): null

2018-12-13 12:15:24 - [TEST_STEP][PASSED] - Statement - out.println(readedVal): null

2018-12-13 12:15:24 - [TEST_STEP][PASSED] - Statement - CaseReferenceNo = "": null

2018-12-13 12:15:24 - [TEST_STEP][PASSED] - Statement - CaseReferenceNo = readedVal: null

2018-12-13 12:15:24 - [MESSAGE][PASSED] - Call Test Case 'Test Cases/Final Aug 2018 - PKS Automation/Common/Reference Number Getter' successfully

2018-12-13 12:15:24 - [TEST_STEP][PASSED] - callTestCase: Call Test Case 'Test Cases/Final Aug 2018 - PKS Automation/Common/Workflow Owner Finder' successfully

2018-12-13 12:15:24 - [TEST_CASE][PASSED] - Test Cases/Final Aug 2018 - PKS Automation/Common/Workflow Owner Finder: Test Cases/Final Aug 2018 - PKS Automation/Common/Workflow Owner Finder

2018-12-13 12:15:24 - [TEST_STEP][PASSED] - openBrowser: Browser is opened with url: ''

2018-12-13 12:15:24 - [MESSAGE][WARNING] - A browser is already opened. Closing browser and opening a new one

2018-12-13 12:15:28 - [MESSAGE][PASSED] - Browser is opened with url: ''

2018-12-13 12:15:28 - [TEST_STEP][PASSED] - navigateToUrl: Navigate to 'https://assist2-uat.perkeso.gov.my/login' successfully

2018-12-13 12:15:29 - [MESSAGE][PASSED] - Navigate to 'https://assist2-uat.perkeso.gov.my/login' successfully

2018-12-13 12:15:29 - [TEST_STEP][PASSED] - delay: Delayed 5 second(s)

2018-12-13 12:15:34 - [MESSAGE][PASSED] - Delayed 5 second(s)

2018-12-13 12:15:34 - [TEST_STEP][PASSED] - setText: Text 'test@liferay.com' is set on object 'Object Repository/Final Object Repo/Login Page/Internal User/Email Address'

2018-12-13 12:15:35 - [MESSAGE][PASSED] - Text 'test@liferay.com' is set on object 'Object Repository/Final Object Repo/Login Page/Internal User/Email Address'

2018-12-13 12:15:35 - [TEST_STEP][PASSED] - click: Object: 'Object Repository/Final Object Repo/Login Page/Internal User/Next Button' is clicked on

2018-12-13 12:15:35 - [MESSAGE][PASSED] - Object: 'Object Repository/Final Object Repo/Login Page/Internal User/Next Button' is clicked on

2018-12-13 12:15:35 - [TEST_STEP][PASSED] - delay: Delayed 2 second(s)

2018-12-13 12:15:37 - [MESSAGE][PASSED] - Delayed 2 second(s)

2018-12-13 12:15:37 - [TEST_STEP][PASSED] - setText: Text 'test' is set on object 'Object Repository/Final Object Repo/Login Page/Internal User/Password'

2018-12-13 12:15:37 - [MESSAGE][PASSED] - Text 'test' is set on object 'Object Repository/Final Object Repo/Login Page/Internal User/Password'

2018-12-13 12:15:37 - [TEST_STEP][PASSED] - delay: Delayed 2 second(s)

2018-12-13 12:15:39 - [MESSAGE][PASSED] - Delayed 2 second(s)

2018-12-13 12:15:39 - [TEST_STEP][PASSED] - click: Object: 'Object Repository/Final Object Repo/Login Page/Internal User/Login Button' is clicked on

2018-12-13 12:15:39 - [MESSAGE][PASSED] - Object: 'Object Repository/Final Object Repo/Login Page/Internal User/Login Button' is clicked on

2018-12-13 12:15:39 - [TEST_STEP][PASSED] - Statement - tester = com.kms.katalon.core.testobject.ObjectRepository.findTestObject(Final Object Repo/Landing Page/Select to English): Finding Test Object with id 'Object Repository/Final Object Repo/Landing Page/Select to English'

2018-12-13 12:15:39 - [TEST_STEP][PASSED] - Statement - Try: Delayed 2 second(s)

2018-12-13 12:15:39 - [TEST_STEP][PASSED] - Statement - Checker = com.kms.katalon.core.webui.keyword.WebUiBuiltInKeywords.verifyElementNotPresent(tester, 3): Web element with id: 'Object Repository/Final Object Repo/Landing Page/Select to English' located by 'By.xpath: //a[@class = 'taglib-language-list-text' and @lang = 'en-US' and (contains(text(), 'EN') or contains(., 'EN'))]' is not present after '3' second(s)

2018-12-13 12:15:41 - [MESSAGE][PASSED] - Web element with id: 'Object Repository/Final Object Repo/Landing Page/Select to English' located by 'By.xpath: //a[@class = 'taglib-language-list-text' and @lang = 'en-US' and (contains(text(), 'EN') or contains(., 'EN'))]' is not present after '3' second(s)

2018-12-13 12:15:41 - [TEST_STEP][PASSED] - Statement - If (Checker == false): null

2018-12-13 12:15:41 - [TEST_STEP][PASSED] - delay: Delayed 2 second(s)

2018-12-13 12:15:43 - [MESSAGE][PASSED] - Delayed 2 second(s)

2018-12-13 12:15:43 - [TEST_STEP][PASSED] - delay: Delayed 5 second(s)

2018-12-13 12:15:48 - [MESSAGE][PASSED] - Delayed 5 second(s)

2018-12-13 12:15:48 - [TEST_STEP][PASSED] - mouseOver: Object: 'Object Repository/Final Object Repo/Landing Page/WorkFlow Menu' is hovered

2018-12-13 12:15:48 - [MESSAGE][PASSED] - Object: 'Object Repository/Final Object Repo/Landing Page/WorkFlow Menu' is hovered

2018-12-13 12:15:48 - [TEST_STEP][PASSED] - delay: Delayed 2 second(s)

2018-12-13 12:15:50 - [MESSAGE][PASSED] - Delayed 2 second(s)

2018-12-13 12:15:50 - [TEST_STEP][PASSED] - click: Object: 'Object Repository/Final Object Repo/Landing Page/Select to Workflow Listing' is clicked on

2018-12-13 12:15:52 - [MESSAGE][PASSED] - Object: 'Object Repository/Final Object Repo/Landing Page/Select to Workflow Listing' is clicked on

2018-12-13 12:15:52 - [TEST_STEP][PASSED] - delay: Delayed 2 second(s)

2018-12-13 12:15:54 - [MESSAGE][PASSED] - Delayed 2 second(s)

2018-12-13 12:15:54 - [TEST_STEP][PASSED] - click: Object: 'Object Repository/Final Object Repo/WorkFlow Listing Page/Search Information - To Put Ref No' is clicked on

2018-12-13 12:15:54 - [MESSAGE][PASSED] - Object: 'Object Repository/Final Object Repo/WorkFlow Listing Page/Search Information - To Put Ref No' is clicked on

2018-12-13 12:15:54 - [TEST_STEP][PASSED] - delay: Delayed 2 second(s)

2018-12-13 12:15:56 - [MESSAGE][PASSED] - Delayed 2 second(s)

2018-12-13 12:15:56 - [TEST_STEP][PASSED] - callTestCase: Call Test Case 'Test Cases/Final Aug 2018 - PKS Automation/Common/Reference Number Getter' successfully

2018-12-13 12:15:56 - [TEST_CASE][PASSED] - Test Cases/Final Aug 2018 - PKS Automation/Common/Reference Number Getter: Test Cases/Final Aug 2018 - PKS Automation/Common/Reference Number Getter

2018-12-13 12:15:56 - [TEST_STEP][PASSED] - Statement - Try: null

2018-12-13 12:15:56 - [TEST_STEP][PASSED] - Statement - RefNo = new java.io.File(C://Users//Admin//Desktop//PKS//Automation Reference Point//KatalonReference.txt): null

2018-12-13 12:15:56 - [TEST_STEP][PASSED] - Statement - bufferread = new java.io.BufferedReader(new java.io.FileReader(RefNo)): null

2018-12-13 12:15:56 - [TEST_STEP][PASSED] - Statement - readedVal = bufferread.readLine(): null

2018-12-13 12:15:56 - [TEST_STEP][PASSED] - Statement - out.println(CaseReferenceNo): null

2018-12-13 12:15:56 - [TEST_STEP][PASSED] - Statement - out.println(readedVal): null

2018-12-13 12:15:56 - [TEST_STEP][PASSED] - Statement - CaseReferenceNo = "": null

2018-12-13 12:15:56 - [TEST_STEP][PASSED] - Statement - CaseReferenceNo = readedVal: null

2018-12-13 12:15:56 - [MESSAGE][PASSED] - Call Test Case 'Test Cases/Final Aug 2018 - PKS Automation/Common/Reference Number Getter' successfully

2018-12-13 12:15:56 - [TEST_STEP][PASSED] - setText: Text 'ERN122018C200002419' is set on object 'Object Repository/Final Object Repo/WorkFlow Listing Page/Ref No Set Text'

2018-12-13 12:15:56 - [MESSAGE][PASSED] - Text 'ERN122018C200002419' is set on object 'Object Repository/Final Object Repo/WorkFlow Listing Page/Ref No Set Text'

2018-12-13 12:15:56 - [TEST_STEP][PASSED] - delay: Delayed 2 second(s)

2018-12-13 12:15:58 - [MESSAGE][PASSED] - Delayed 2 second(s)

2018-12-13 12:15:58 - [TEST_STEP][PASSED] - click: Object: 'Object Repository/Final Object Repo/WorkFlow Listing Page/Search Ref No Search Button' is clicked on

2018-12-13 12:15:58 - [MESSAGE][PASSED] - Object: 'Object Repository/Final Object Repo/WorkFlow Listing Page/Search Ref No Search Button' is clicked on

2018-12-13 12:15:58 - [TEST_STEP][PASSED] - delay: Delayed 6 second(s)

2018-12-13 12:16:04 - [MESSAGE][PASSED] - Delayed 6 second(s)

2018-12-13 12:16:04 - [TEST_STEP][PASSED] - click: Object: 'Object Repository/Final Object Repo/WorkFlow Listing Page/Click Continue Tooltip' is clicked on

2018-12-13 12:16:05 - [MESSAGE][PASSED] - Object: 'Object Repository/Final Object Repo/WorkFlow Listing Page/Click Continue Tooltip' is clicked on

2018-12-13 12:16:05 - [TEST_STEP][PASSED] - delay: Delayed 5 second(s)

2018-12-13 12:16:10 - [MESSAGE][PASSED] - Delayed 5 second(s)

2018-12-13 12:16:10 - [TEST_STEP][PASSED] - doubleClick: Object: 'Object Repository/Final Object Repo/WorkFlow Listing Page/Workflow Found - Listing 1' is double clicked on

2018-12-13 12:16:11 - [MESSAGE][PASSED] - Object: 'Object Repository/Final Object Repo/WorkFlow Listing Page/Workflow Found - Listing 1' is double clicked on

2018-12-13 12:16:11 - [TEST_STEP][PASSED] - Statement - println(OwnerID): null

2018-12-13 12:16:11 - [TEST_STEP][PASSED] - Statement - OwnerID = com.kms.katalon.core.webui.keyword.WebUiBuiltInKeywords.getText(com.kms.katalon.core.testobject.ObjectRepository.findTestObject(Final Object Repo/WorkFlow Listing Page/Workflow Found - Listing 1), STOP_ON_FAILURE): Text of object 'Object Repository/Final Object Repo/WorkFlow Listing Page/Workflow Found - Listing 1' is: 'JOHORuo1'

2018-12-13 12:16:11 - [MESSAGE][PASSED] - Text of object 'Object Repository/Final Object Repo/WorkFlow Listing Page/Workflow Found - Listing 1' is: 'JOHORuo1'

2018-12-13 12:16:11 - [TEST_STEP][PASSED] - Statement - OwnerID = OwnerID.toLowerCase() + "@gmail.com": null

2018-12-13 12:16:11 - [TEST_STEP][PASSED] - Statement - println(OwnerID): null

2018-12-13 12:16:11 - [TEST_STEP][PASSED] - delay: Delayed 2 second(s)

2018-12-13 12:16:13 - [MESSAGE][PASSED] - Delayed 2 second(s)

2018-12-13 12:16:13 - [MESSAGE][PASSED] - Call Test Case 'Test Cases/Final Aug 2018 - PKS Automation/Common/Workflow Owner Finder' successfully

2018-12-13 12:16:13 - [TEST_STEP][PASSED] - delay: Delayed 1 second(s)

2018-12-13 12:16:14 - [MESSAGE][PASSED] - Delayed 1 second(s)

2018-12-13 12:16:14 - [TEST_STEP][PASSED] - navigateToUrl: Navigate to 'https://assist2-uat.perkeso.gov.my/c/portal/logout' successfully

2018-12-13 12:16:14 - [MESSAGE][PASSED] - Navigate to 'https://assist2-uat.perkeso.gov.my/c/portal/logout' successfully

2018-12-13 12:16:14 - [TEST_STEP][PASSED] - delay: Delayed 1 second(s)

2018-12-13 12:16:15 - [MESSAGE][PASSED] - Delayed 1 second(s)

2018-12-13 12:16:15 - [TEST_STEP][PASSED] - callTestCase: Call Test Case 'Test Cases/Final Aug 2018 - PKS Automation/Registration Module/Workflow/Login and Search Case For Workflow' successfully

2018-12-13 12:16:16 - [TEST_CASE][PASSED] - Test Cases/Final Aug 2018 - PKS Automation/Registration Module/Workflow/Login and Search Case For Workflow: Test Cases/Final Aug 2018 - PKS Automation/Registration Module/Workflow/Login and Search Case For Workflow

2018-12-13 12:16:16 - [TEST_STEP][PASSED] - navigateToUrl: Navigate to 'https://assist2-uat.perkeso.gov.my/login' successfully

2018-12-13 12:16:16 - [MESSAGE][PASSED] - Navigate to 'https://assist2-uat.perkeso.gov.my/login' successfully

2018-12-13 12:16:16 - [TEST_STEP][PASSED] - setText: Text 'johoruo1@gmail.com' is set on object 'Object Repository/Final Object Repo/Login Page/Internal User/Email Address'

2018-12-13 12:16:16 - [MESSAGE][PASSED] - Text 'johoruo1@gmail.com' is set on object 'Object Repository/Final Object Repo/Login Page/Internal User/Email Address'

2018-12-13 12:16:16 - [TEST_STEP][PASSED] - click: Object: 'Object Repository/Final Object Repo/Login Page/Internal User/Next Button' is clicked on

2018-12-13 12:16:17 - [MESSAGE][PASSED] - Object: 'Object Repository/Final Object Repo/Login Page/Internal User/Next Button' is clicked on

2018-12-13 12:16:17 - [TEST_STEP][PASSED] - delay: Delayed 1 second(s)

2018-12-13 12:16:18 - [MESSAGE][PASSED] - Delayed 1 second(s)

2018-12-13 12:16:18 - [TEST_STEP][PASSED] - setEncryptedText: Text ****** has been set on object 'Object Repository/Final Object Repo/Login Page/Internal User/Password'

2018-12-13 12:16:18 - [MESSAGE][PASSED] - Text ****** has been set on object 'Object Repository/Final Object Repo/Login Page/Internal User/Password'

2018-12-13 12:16:18 - [TEST_STEP][PASSED] - click: Object: 'Object Repository/Final Object Repo/Login Page/Internal User/Login Button' is clicked on

2018-12-13 12:16:18 - [MESSAGE][PASSED] - Object: 'Object Repository/Final Object Repo/Login Page/Internal User/Login Button' is clicked on

2018-12-13 12:16:18 - [TEST_STEP][PASSED] - delay: Delayed 2 second(s)

2018-12-13 12:16:20 - [MESSAGE][PASSED] - Delayed 2 second(s)

2018-12-13 12:16:20 - [TEST_STEP][PASSED] - Statement - Try: Delayed 2 second(s)

2018-12-13 12:16:20 - [TEST_STEP][PASSED] - Statement - Checker = false: null

2018-12-13 12:16:20 - [TEST_STEP][PASSED] - Statement - Checker = com.kms.katalon.core.webui.keyword.WebUiBuiltInKeywords.verifyElementHasAttribute(com.kms.katalon.core.testobject.ObjectRepository.findTestObject(Final Object Repo/Landing Page/BM Detecting), "href", 20, OPTIONAL): Object 'Object Repository/Final Object Repo/Landing Page/BM Detecting' has attribute 'href'

2018-12-13 12:16:20 - [MESSAGE][PASSED] - Object 'Object Repository/Final Object Repo/Landing Page/BM Detecting' has attribute 'href'

2018-12-13 12:16:20 - [TEST_STEP][PASSED] - Statement - out.println(Checker): null

2018-12-13 12:16:20 - [TEST_STEP][PASSED] - Statement - If (Checker == false): null

2018-12-13 12:16:20 - [TEST_STEP][PASSED] - Statement - Else: null

2018-12-13 12:16:20 - [TEST_STEP][PASSED] - delay: Delayed 2 second(s)

2018-12-13 12:16:22 - [MESSAGE][PASSED] - Delayed 2 second(s)

2018-12-13 12:16:22 - [TEST_STEP][PASSED] - click: Object: 'Object Repository/Final Object Repo/Page_MyASSIST - ASSIST - Search Pending Case For Add Supporting Document/Search Information' is clicked on

2018-12-13 12:16:22 - [MESSAGE][PASSED] - Object: 'Object Repository/Final Object Repo/Page_MyASSIST - ASSIST - Search Pending Case For Add Supporting Document/Search Information' is clicked on

2018-12-13 12:16:22 - [TEST_STEP][PASSED] - delay: Delayed 3 second(s)

2018-12-13 12:16:25 - [MESSAGE][PASSED] - Delayed 3 second(s)

2018-12-13 12:16:25 - [TEST_STEP][PASSED] - sendKeys: Keys 'ERN122018C200002419' sent to object: 'Object Repository/Final Object Repo/Page_MyASSIST - ASSIST - Search Pending Case For Add Supporting Document/Reference No'

2018-12-13 12:16:26 - [MESSAGE][PASSED] - Keys 'ERN122018C200002419' sent to object: 'Object Repository/Final Object Repo/Page_MyASSIST - ASSIST - Search Pending Case For Add Supporting Document/Reference No'

2018-12-13 12:16:26 - [TEST_STEP][PASSED] - click: Object: 'Object Repository/Final Object Repo/Page_MyASSIST - ASSIST - Search Pending Case For Add Supporting Document/Search Reference No' is clicked on

2018-12-13 12:16:26 - [MESSAGE][PASSED] - Object: 'Object Repository/Final Object Repo/Page_MyASSIST - ASSIST - Search Pending Case For Add Supporting Document/Search Reference No' is clicked on

2018-12-13 12:16:26 - [TEST_STEP][PASSED] - delay: Delayed 2 second(s)

2018-12-13 12:16:28 - [MESSAGE][PASSED] - Delayed 2 second(s)

2018-12-13 12:16:28 - [TEST_STEP][PASSED] - click: Object: 'Object Repository/Final Object Repo/Page_MyASSIST - ASSIST - Search Pending Case For Add Supporting Document/Continue' is clicked on

2018-12-13 12:16:31 - [MESSAGE][PASSED] - Object: 'Object Repository/Final Object Repo/Page_MyASSIST - ASSIST - Search Pending Case For Add Supporting Document/Continue' is clicked on

2018-12-13 12:16:31 - [TEST_STEP][PASSED] - delay: Delayed 20 second(s)

2018-12-13 12:16:51 - [MESSAGE][PASSED] - Delayed 20 second(s)

2018-12-13 12:16:51 - [MESSAGE][PASSED] - Call Test Case 'Test Cases/Final Aug 2018 - PKS Automation/Registration Module/Workflow/Login and Search Case For Workflow' successfully

2018-12-13 12:16:51 - [TEST_STEP][PASSED] - click: Object: 'Object Repository/Final Object Repo/Page_Form 3 EIS - Cessation as Employer/Page_Form 3 EIS - Cessation as Employer (Approve)/Save  Continue in Form 3 Page' is clicked on

2018-12-13 12:16:51 - [MESSAGE][PASSED] - Object: 'Object Repository/Final Object Repo/Page_Form 3 EIS - Cessation as Employer/Page_Form 3 EIS - Cessation as Employer (Approve)/Save  Continue in Form 3 Page' is clicked on

2018-12-13 12:16:51 - [TEST_STEP][PASSED] - delay: Delayed 4 second(s)

2018-12-13 12:16:55 - [MESSAGE][PASSED] - Delayed 4 second(s)

2018-12-13 12:16:55 - [TEST_STEP][PASSED] - click: Object: 'Object Repository/Final Object Repo/Page_Form 3 EIS - Cessation as Employer/Page_Form 3 EIS - Cessation as Employer (Approve)/Save  Continue in Resigned Page' is clicked on

2018-12-13 12:16:55 - [MESSAGE][PASSED] - Object: 'Object Repository/Final Object Repo/Page_Form 3 EIS - Cessation as Employer/Page_Form 3 EIS - Cessation as Employer (Approve)/Save  Continue in Resigned Page' is clicked on

2018-12-13 12:16:55 - [TEST_STEP][PASSED] - delay: Delayed 2 second(s)

2018-12-13 12:16:57 - [MESSAGE][PASSED] - Delayed 2 second(s)

2018-12-13 12:16:57 - [TEST_STEP][PASSED] - setText: Text 'Remark' is set on object 'Object Repository/Final Object Repo/Page_Form 3 EIS - Cessation as Employer/Page_Form 3 EIS - Cessation as Employer (Query)/Query - Remark'

2018-12-13 12:16:59 - [MESSAGE][PASSED] - Text 'Remark' is set on object 'Object Repository/Final Object Repo/Page_Form 3 EIS - Cessation as Employer/Page_Form 3 EIS - Cessation as Employer (Query)/Query - Remark'

2018-12-13 12:16:59 - [TEST_STEP][PASSED] - delay: Delayed 2 second(s)

2018-12-13 12:17:01 - [MESSAGE][PASSED] - Delayed 2 second(s)

2018-12-13 12:17:01 - [TEST_STEP][PASSED] - click: Object: 'Object Repository/Final Object Repo/Page_Form 3 EIS - Cessation as Employer/Page_Form 3 EIS - Cessation as Employer (Query)/Save  Continue' is clicked on

2018-12-13 12:17:01 - [MESSAGE][PASSED] - Object: 'Object Repository/Final Object Repo/Page_Form 3 EIS - Cessation as Employer/Page_Form 3 EIS - Cessation as Employer (Query)/Save  Continue' is clicked on

2018-12-13 12:17:01 - [TEST_STEP][PASSED] - delay: Delayed 2 second(s)

2018-12-13 12:17:03 - [MESSAGE][PASSED] - Delayed 2 second(s)

2018-12-13 12:17:03 - [TEST_STEP][PASSED] - click: Object: 'Object Repository/Final Object Repo/Page_Form 3 EIS - Cessation as Employer/Page_Form 3 EIS - Cessation as Employer (Query)/Query' is clicked on

2018-12-13 12:17:05 - [MESSAGE][PASSED] - Object: 'Object Repository/Final Object Repo/Page_Form 3 EIS - Cessation as Employer/Page_Form 3 EIS - Cessation as Employer (Query)/Query' is clicked on

2018-12-13 12:17:05 - [TEST_STEP][PASSED] - delay: Delayed 2 second(s)

2018-12-13 12:17:07 - [MESSAGE][PASSED] - Delayed 2 second(s)

2018-12-13 12:17:07 - [TEST_STEP][PASSED] - click: Object: 'Object Repository/Final Object Repo/Page_Form 3 EIS - Cessation as Employer/Page_Form 3 EIS - Cessation as Employer (Query)/Confirm' is clicked on

2018-12-13 12:17:15 - [MESSAGE][PASSED] - Object: 'Object Repository/Final Object Repo/Page_Form 3 EIS - Cessation as Employer/Page_Form 3 EIS - Cessation as Employer (Query)/Confirm' is clicked on

2018-12-13 12:17:15 - [TEST_STEP][PASSED] - delay: Delayed 2 second(s)

2018-12-13 12:17:17 - [MESSAGE][PASSED] - Delayed 2 second(s)

2018-12-13 12:17:17 - [TEST_STEP][PASSED] - click: Object: 'Object Repository/Final Object Repo/Page_Form 3 EIS - Cessation as Employer/Page_Form 3 EIS - Cessation as Employer (Query)/Message The Case Is Under Query' is clicked on

2018-12-13 12:17:17 - [MESSAGE][PASSED] - Object: 'Object Repository/Final Object Repo/Page_Form 3 EIS - Cessation as Employer/Page_Form 3 EIS - Cessation as Employer (Query)/Message The Case Is Under Query' is clicked on

2018-12-13 12:17:17 - [TEST_STEP][PASSED] - click: Object: 'Object Repository/Final Object Repo/Page_Form 3 EIS - Cessation as Employer/Page_Form 3 EIS - Cessation as Employer (Query)/Letter of inquiry' is clicked on

2018-12-13 12:17:18 - [MESSAGE][PASSED] - Object: 'Object Repository/Final Object Repo/Page_Form 3 EIS - Cessation as Employer/Page_Form 3 EIS - Cessation as Employer (Query)/Letter of inquiry' is clicked on

2018-12-13 12:17:18 - [TEST_STEP][PASSED] - delay: Delayed 1 second(s)

2018-12-13 12:17:19 - [MESSAGE][PASSED] - Delayed 1 second(s)

2018-12-13 12:17:19 - [TEST_STEP][PASSED] - navigateToUrl: Navigate to 'https://assist2-uat.perkeso.gov.my/c/portal/logout' successfully

2018-12-13 12:17:19 - [MESSAGE][PASSED] - Navigate to 'https://assist2-uat.perkeso.gov.my/c/portal/logout' successfully

2018-12-13 12:17:19 - [TEST_STEP][PASSED] - delay: Delayed 1 second(s)

2018-12-13 12:17:20 - [MESSAGE][PASSED] - Delayed 1 second(s)

2018-12-13 12:17:20 - [TEST_STEP][PASSED] - callTestCase: Call Test Case 'Test Cases/Final Aug 2018 - PKS Automation/Registration Module/Workflow/Login and Search Case For Workflow' successfully

2018-12-13 12:17:20 - [TEST_CASE][PASSED] - Test Cases/Final Aug 2018 - PKS Automation/Registration Module/Workflow/Login and Search Case For Workflow: Test Cases/Final Aug 2018 - PKS Automation/Registration Module/Workflow/Login and Search Case For Workflow

2018-12-13 12:17:20 - [TEST_STEP][PASSED] - navigateToUrl: Navigate to 'https://assist2-uat.perkeso.gov.my/login' successfully

2018-12-13 12:17:21 - [MESSAGE][PASSED] - Navigate to 'https://assist2-uat.perkeso.gov.my/login' successfully

2018-12-13 12:17:21 - [TEST_STEP][PASSED] - setText: Text 'johoruo1@gmail.com' is set on object 'Object Repository/Final Object Repo/Login Page/Internal User/Email Address'

2018-12-13 12:17:21 - [MESSAGE][PASSED] - Text 'johoruo1@gmail.com' is set on object 'Object Repository/Final Object Repo/Login Page/Internal User/Email Address'

2018-12-13 12:17:21 - [TEST_STEP][PASSED] - click: Object: 'Object Repository/Final Object Repo/Login Page/Internal User/Next Button' is clicked on

2018-12-13 12:17:21 - [MESSAGE][PASSED] - Object: 'Object Repository/Final Object Repo/Login Page/Internal User/Next Button' is clicked on

2018-12-13 12:17:21 - [TEST_STEP][PASSED] - delay: Delayed 1 second(s)

2018-12-13 12:17:22 - [MESSAGE][PASSED] - Delayed 1 second(s)

2018-12-13 12:17:22 - [TEST_STEP][PASSED] - setEncryptedText: Text ****** has been set on object 'Object Repository/Final Object Repo/Login Page/Internal User/Password'

2018-12-13 12:17:23 - [MESSAGE][PASSED] - Text ****** has been set on object 'Object Repository/Final Object Repo/Login Page/Internal User/Password'

2018-12-13 12:17:23 - [TEST_STEP][PASSED] - click: Object: 'Object Repository/Final Object Repo/Login Page/Internal User/Login Button' is clicked on

2018-12-13 12:17:23 - [MESSAGE][PASSED] - Object: 'Object Repository/Final Object Repo/Login Page/Internal User/Login Button' is clicked on

2018-12-13 12:17:23 - [TEST_STEP][PASSED] - delay: Delayed 2 second(s)

2018-12-13 12:17:25 - [MESSAGE][PASSED] - Delayed 2 second(s)

2018-12-13 12:17:25 - [TEST_STEP][PASSED] - Statement - Try: Delayed 2 second(s)

2018-12-13 12:17:25 - [TEST_STEP][PASSED] - Statement - Checker = false: null

2018-12-13 12:17:25 - [TEST_STEP][PASSED] - Statement - Checker = com.kms.katalon.core.webui.keyword.WebUiBuiltInKeywords.verifyElementHasAttribute(com.kms.katalon.core.testobject.ObjectRepository.findTestObject(Final Object Repo/Landing Page/BM Detecting), "href", 20, OPTIONAL): Object 'Object Repository/Final Object Repo/Landing Page/BM Detecting' has attribute 'href'

2018-12-13 12:17:25 - [MESSAGE][PASSED] - Object 'Object Repository/Final Object Repo/Landing Page/BM Detecting' has attribute 'href'

2018-12-13 12:17:25 - [TEST_STEP][PASSED] - Statement - out.println(Checker): null

2018-12-13 12:17:25 - [TEST_STEP][PASSED] - Statement - If (Checker == false): null

2018-12-13 12:17:25 - [TEST_STEP][PASSED] - Statement - Else: null

2018-12-13 12:17:25 - [TEST_STEP][PASSED] - delay: Delayed 2 second(s)

2018-12-13 12:17:27 - [MESSAGE][PASSED] - Delayed 2 second(s)

2018-12-13 12:17:27 - [TEST_STEP][PASSED] - click: Object: 'Object Repository/Final Object Repo/Page_MyASSIST - ASSIST - Search Pending Case For Add Supporting Document/Search Information' is clicked on

2018-12-13 12:17:27 - [MESSAGE][PASSED] - Object: 'Object Repository/Final Object Repo/Page_MyASSIST - ASSIST - Search Pending Case For Add Supporting Document/Search Information' is clicked on

2018-12-13 12:17:27 - [TEST_STEP][PASSED] - delay: Delayed 3 second(s)

2018-12-13 12:17:30 - [MESSAGE][PASSED] - Delayed 3 second(s)

2018-12-13 12:17:30 - [TEST_STEP][PASSED] - sendKeys: Keys 'ERN122018C200002419' sent to object: 'Object Repository/Final Object Repo/Page_MyASSIST - ASSIST - Search Pending Case For Add Supporting Document/Reference No'

2018-12-13 12:17:30 - [MESSAGE][PASSED] - Keys 'ERN122018C200002419' sent to object: 'Object Repository/Final Object Repo/Page_MyASSIST - ASSIST - Search Pending Case For Add Supporting Document/Reference No'

2018-12-13 12:17:30 - [TEST_STEP][PASSED] - click: Object: 'Object Repository/Final Object Repo/Page_MyASSIST - ASSIST - Search Pending Case For Add Supporting Document/Search Reference No' is clicked on

2018-12-13 12:17:30 - [MESSAGE][PASSED] - Object: 'Object Repository/Final Object Repo/Page_MyASSIST - ASSIST - Search Pending Case For Add Supporting Document/Search Reference No' is clicked on

2018-12-13 12:17:30 - [TEST_STEP][PASSED] - delay: Delayed 2 second(s)

2018-12-13 12:17:32 - [MESSAGE][PASSED] - Delayed 2 second(s)

2018-12-13 12:17:32 - [TEST_STEP][PASSED] - click: Object: 'Object Repository/Final Object Repo/Page_MyASSIST - ASSIST - Search Pending Case For Add Supporting Document/Continue' is clicked on

2018-12-13 12:17:36 - [MESSAGE][PASSED] - Object: 'Object Repository/Final Object Repo/Page_MyASSIST - ASSIST - Search Pending Case For Add Supporting Document/Continue' is clicked on

2018-12-13 12:17:36 - [TEST_STEP][PASSED] - delay: Delayed 20 second(s)

2018-12-13 12:17:56 - [MESSAGE][PASSED] - Delayed 20 second(s)

2018-12-13 12:17:56 - [MESSAGE][PASSED] - Call Test Case 'Test Cases/Final Aug 2018 - PKS Automation/Registration Module/Workflow/Login and Search Case For Workflow' successfully

2018-12-13 12:17:56 - [TEST_STEP][PASSED] - navigateToUrl: Navigate to 'https://assist2-uat.perkeso.gov.my/web/registration/eis-update/form-3-eis-cessation-as-employer?p_p_id=searchforemployersip_WAR_registrationportlet&p_p_lifecycle=0&_searchforemployersip_WAR_registrationportlet_regViewKey=87&_searchforemployersip_WAR_registrationportlet_browserIdKey=1536115932192&_searchforemployersip_WAR_registrationportlet_tempEmployerIdKey=128990&_searchforemployersip_WAR_registrationportlet_employerIdKey=&_searchforemployersip_WAR_registrationportlet_refCaseNo=ERN092018C200002133&_searchforemployersip_WAR_registrationportlet_mvcPath=%2Fapps%2Freg%2Fdiscontinue_business_sip%2Fdiscontinue_business_sip_form.jsp&_searchforemployersip_WAR_registrationportlet_regSectionKey=215' successfully

2018-12-13 12:17:59 - [MESSAGE][PASSED] - Navigate to 'https://assist2-uat.perkeso.gov.my/web/registration/eis-update/form-3-eis-cessation-as-employer?p_p_id=searchforemployersip_WAR_registrationportlet&p_p_lifecycle=0&_searchforemployersip_WAR_registrationportlet_regViewKey=87&_searchforemployersip_WAR_registrationportlet_browserIdKey=1536115932192&_searchforemployersip_WAR_registrationportlet_tempEmployerIdKey=128990&_searchforemployersip_WAR_registrationportlet_employerIdKey=&_searchforemployersip_WAR_registrationportlet_refCaseNo=ERN092018C200002133&_searchforemployersip_WAR_registrationportlet_mvcPath=%2Fapps%2Freg%2Fdiscontinue_business_sip%2Fdiscontinue_business_sip_form.jsp&_searchforemployersip_WAR_registrationportlet_regSectionKey=215' successfully

2018-12-13 12:17:59 - [TEST_STEP][PASSED] - delay: Delayed 5 second(s)

2018-12-13 12:18:04 - [MESSAGE][PASSED] - Delayed 5 second(s)

2018-12-13 12:18:04 - [TEST_STEP][FAILED] - click: Unable to click on object 'Object Repository/Final Object Repo/Page_Form 3 EIS - Cessation as Employer/Page_Form 3 EIS - Cessation as Employer (Query - OTC - UO)/Next' (Root cause: com.kms.katalon.core.webui.exception.WebElementNotFoundException: Web element with id: 'Object Repository/Final Object Repo/Page_Form 3 EIS - Cessation as Employer/Page_Form 3 EIS - Cessation as Employer (Query - OTC - UO)/Next' located by 'By.xpath: //a[(text() = ' NEXT
						' or . = ' NEXT
						')]' not found)

2018-12-13 12:18:37 - [MESSAGE][FAILED] - Unable to click on object 'Object Repository/Final Object Repo/Page_Form 3 EIS - Cessation as Employer/Page_Form 3 EIS - Cessation as Employer (Query - OTC - UO)/Next' (Root cause: com.kms.katalon.core.webui.exception.WebElementNotFoundException: Web element with id: 'Object Repository/Final Object Repo/Page_Form 3 EIS - Cessation as Employer/Page_Form 3 EIS - Cessation as Employer (Query - OTC - UO)/Next' located by 'By.xpath: //a[(text() = ' NEXT
						' or . = ' NEXT
						')]' not found)
[[ATTACHMENT|C:\\Users\\Admin\\Desktop\\PKS\\Perkeso Phase A\\Reports\\Workflow\\Form 3 EIS - Cessation as Employer\\20181213_103053\\1544674717196.png]]

2018-12-13 12:18:37 - [TEST_STEP][PASSED] - delay: Delayed 2 second(s)

2018-12-13 12:18:39 - [MESSAGE][PASSED] - Delayed 2 second(s)

2018-12-13 12:18:39 - [TEST_STEP][FAILED] - click: Unable to click on object 'Object Repository/Final Object Repo/Page_Form 3 EIS - Cessation as Employer/Page_Form 3 EIS - Cessation as Employer (Query - OTC - UO)/Next in Resigned Page' (Root cause: com.kms.katalon.core.webui.exception.WebElementNotFoundException: Web element with id: 'Object Repository/Final Object Repo/Page_Form 3 EIS - Cessation as Employer/Page_Form 3 EIS - Cessation as Employer (Query - OTC - UO)/Next in Resigned Page' located by 'By.xpath: //a[(text() = ' NEXT
					' or . = ' NEXT
					')]' not found)

2018-12-13 12:19:12 - [MESSAGE][FAILED] - Unable to click on object 'Object Repository/Final Object Repo/Page_Form 3 EIS - Cessation as Employer/Page_Form 3 EIS - Cessation as Employer (Query - OTC - UO)/Next in Resigned Page' (Root cause: com.kms.katalon.core.webui.exception.WebElementNotFoundException: Web element with id: 'Object Repository/Final Object Repo/Page_Form 3 EIS - Cessation as Employer/Page_Form 3 EIS - Cessation as Employer (Query - OTC - UO)/Next in Resigned Page' located by 'By.xpath: //a[(text() = ' NEXT
					' or . = ' NEXT
					')]' not found)
[[ATTACHMENT|C:\\Users\\Admin\\Desktop\\PKS\\Perkeso Phase A\\Reports\\Workflow\\Form 3 EIS - Cessation as Employer\\20181213_103053\\1544674751914.png]]

2018-12-13 12:19:12 - [TEST_STEP][PASSED] - delay: Delayed 2 second(s)

2018-12-13 12:19:14 - [MESSAGE][PASSED] - Delayed 2 second(s)

2018-12-13 12:19:14 - [TEST_STEP][FAILED] - click: Unable to click on object 'Object Repository/Final Object Repo/Page_Form 3 EIS - Cessation as Employer/Page_Form 3 EIS - Cessation as Employer (Query - OTC - UO)/Add Document' (Root cause: com.kms.katalon.core.webui.exception.WebElementNotFoundException: Web element with id: 'Object Repository/Final Object Repo/Page_Form 3 EIS - Cessation as Employer/Page_Form 3 EIS - Cessation as Employer (Query - OTC - UO)/Add Document' located by 'By.xpath: //a[(text() = '
					ADD DOCUMENT
	             ' or . = '
					ADD DOCUMENT
	             ')]' not found)

2018-12-13 12:19:47 - [MESSAGE][FAILED] - Unable to click on object 'Object Repository/Final Object Repo/Page_Form 3 EIS - Cessation as Employer/Page_Form 3 EIS - Cessation as Employer (Query - OTC - UO)/Add Document' (Root cause: com.kms.katalon.core.webui.exception.WebElementNotFoundException: Web element with id: 'Object Repository/Final Object Repo/Page_Form 3 EIS - Cessation as Employer/Page_Form 3 EIS - Cessation as Employer (Query - OTC - UO)/Add Document' located by 'By.xpath: //a[(text() = '
					ADD DOCUMENT
	             ' or . = '
					ADD DOCUMENT
	             ')]' not found)
[[ATTACHMENT|C:\\Users\\Admin\\Desktop\\PKS\\Perkeso Phase A\\Reports\\Workflow\\Form 3 EIS - Cessation as Employer\\20181213_103053\\1544674786933.png]]

2018-12-13 12:19:47 - [TEST_STEP][PASSED] - delay: Delayed 2 second(s)

2018-12-13 12:19:49 - [MESSAGE][PASSED] - Delayed 2 second(s)

2018-12-13 12:19:49 - [TEST_STEP][FAILED] - click: Unable to click on object 'Object Repository/Final Object Repo/Page_Form 3 EIS - Cessation as Employer/Page_Form 3 EIS - Cessation as Employer (Query - OTC - UO)/Document Type' (Root cause: com.kms.katalon.core.webui.exception.WebElementNotFoundException: Web element with id: 'Object Repository/Final Object Repo/Page_Form 3 EIS - Cessation as Employer/Page_Form 3 EIS - Cessation as Employer (Query - OTC - UO)/Document Type' located by 'By.xpath: //span[@aria-labelledby = 'select2-_searchforemployersip_WAR_registrationportlet_objdocTypeId-container']' not found)

2018-12-13 12:20:26 - [MESSAGE][FAILED] - Unable to click on object 'Object Repository/Final Object Repo/Page_Form 3 EIS - Cessation as Employer/Page_Form 3 EIS - Cessation as Employer (Query - OTC - UO)/Document Type' (Root cause: com.kms.katalon.core.webui.exception.WebElementNotFoundException: Web element with id: 'Object Repository/Final Object Repo/Page_Form 3 EIS - Cessation as Employer/Page_Form 3 EIS - Cessation as Employer (Query - OTC - UO)/Document Type' located by 'By.xpath: //span[@aria-labelledby = 'select2-_searchforemployersip_WAR_registrationportlet_objdocTypeId-container']' not found)
[[ATTACHMENT|C:\\Users\\Admin\\Desktop\\PKS\\Perkeso Phase A\\Reports\\Workflow\\Form 3 EIS - Cessation as Employer\\20181213_103053\\1544674826163.png]]

2018-12-13 12:20:26 - [TEST_STEP][PASSED] - delay: Delayed 2 second(s)

2018-12-13 12:20:28 - [MESSAGE][PASSED] - Delayed 2 second(s)

2018-12-13 12:20:28 - [TEST_STEP][FAILED] - click: Unable to click on object 'Object Repository/Final Object Repo/Page_Form 3 EIS - Cessation as Employer/Page_Form 3 EIS - Cessation as Employer (Query - OTC - UO)/Document Type - Others' (Root cause: com.kms.katalon.core.webui.exception.WebElementNotFoundException: Web element with id: 'Object Repository/Final Object Repo/Page_Form 3 EIS - Cessation as Employer/Page_Form 3 EIS - Cessation as Employer (Query - OTC - UO)/Document Type - Others' located by 'By.xpath: //span[(text() = '


	Others
' or . = '


	Others
')]' not found)

2018-12-13 12:21:00 - [MESSAGE][FAILED] - Unable to click on object 'Object Repository/Final Object Repo/Page_Form 3 EIS - Cessation as Employer/Page_Form 3 EIS - Cessation as Employer (Query - OTC - UO)/Document Type - Others' (Root cause: com.kms.katalon.core.webui.exception.WebElementNotFoundException: Web element with id: 'Object Repository/Final Object Repo/Page_Form 3 EIS - Cessation as Employer/Page_Form 3 EIS - Cessation as Employer (Query - OTC - UO)/Document Type - Others' located by 'By.xpath: //span[(text() = '


	Others
' or . = '


	Others
')]' not found)
[[ATTACHMENT|C:\\Users\\Admin\\Desktop\\PKS\\Perkeso Phase A\\Reports\\Workflow\\Form 3 EIS - Cessation as Employer\\20181213_103053\\1544674860008.png]]

2018-12-13 12:21:00 - [TEST_STEP][PASSED] - delay: Delayed 2 second(s)

2018-12-13 12:21:02 - [MESSAGE][PASSED] - Delayed 2 second(s)

2018-12-13 12:21:02 - [TEST_STEP][FAILED] - sendKeys: Unable to send keys 'C:\Users\Public\Pictures\Sample Pictures\Koala.jpg' to object 'Object Repository/Final Object Repo/Page_Form 3 EIS - Cessation as Employer/Page_Form 3 EIS - Cessation as Employer (Query - OTC - UO)/ploading File' (Root cause: com.kms.katalon.core.webui.exception.WebElementNotFoundException: Web element with id: 'Object Repository/Final Object Repo/Page_Form 3 EIS - Cessation as Employer/Page_Form 3 EIS - Cessation as Employer (Query - OTC - UO)/ploading File' located by 'By.xpath: //input[@type = 'file' and @id = '_searchforemployersip_WAR_registrationportlet_uploadFile']' not found)

2018-12-13 12:21:35 - [MESSAGE][FAILED] - Unable to send keys 'C:\Users\Public\Pictures\Sample Pictures\Koala.jpg' to object 'Object Repository/Final Object Repo/Page_Form 3 EIS - Cessation as Employer/Page_Form 3 EIS - Cessation as Employer (Query - OTC - UO)/ploading File' (Root cause: com.kms.katalon.core.webui.exception.WebElementNotFoundException: Web element with id: 'Object Repository/Final Object Repo/Page_Form 3 EIS - Cessation as Employer/Page_Form 3 EIS - Cessation as Employer (Query - OTC - UO)/ploading File' located by 'By.xpath: //input[@type = 'file' and @id = '_searchforemployersip_WAR_registrationportlet_uploadFile']' not found)
[[ATTACHMENT|C:\\Users\\Admin\\Desktop\\PKS\\Perkeso Phase A\\Reports\\Workflow\\Form 3 EIS - Cessation as Employer\\20181213_103053\\1544674895068.png]]

2018-12-13 12:21:35 - [TEST_STEP][PASSED] - delay: Delayed 2 second(s)

2018-12-13 12:21:37 - [MESSAGE][PASSED] - Delayed 2 second(s)

2018-12-13 12:21:37 - [TEST_STEP][FAILED] - click: Unable to click on object 'Object Repository/Final Object Repo/Page_Form 3 EIS - Cessation as Employer/Page_Form 3 EIS - Cessation as Employer (Query - OTC - UO)/Add Document in Uploading Page' (Root cause: com.kms.katalon.core.webui.exception.WebElementNotFoundException: Web element with id: 'Object Repository/Final Object Repo/Page_Form 3 EIS - Cessation as Employer/Page_Form 3 EIS - Cessation as Employer (Query - OTC - UO)/Add Document in Uploading Page' located by 'By.xpath: //a[(text() = '
										ADD DOCUMENT
								     ' or . = '
										ADD DOCUMENT
								     ')]' not found)

2018-12-13 12:22:11 - [MESSAGE][FAILED] - Unable to click on object 'Object Repository/Final Object Repo/Page_Form 3 EIS - Cessation as Employer/Page_Form 3 EIS - Cessation as Employer (Query - OTC - UO)/Add Document in Uploading Page' (Root cause: com.kms.katalon.core.webui.exception.WebElementNotFoundException: Web element with id: 'Object Repository/Final Object Repo/Page_Form 3 EIS - Cessation as Employer/Page_Form 3 EIS - Cessation as Employer (Query - OTC - UO)/Add Document in Uploading Page' located by 'By.xpath: //a[(text() = '
										ADD DOCUMENT
								     ' or . = '
										ADD DOCUMENT
								     ')]' not found)
[[ATTACHMENT|C:\\Users\\Admin\\Desktop\\PKS\\Perkeso Phase A\\Reports\\Workflow\\Form 3 EIS - Cessation as Employer\\20181213_103053\\1544674931248.png]]

2018-12-13 12:22:11 - [TEST_STEP][PASSED] - delay: Delayed 2 second(s)

2018-12-13 12:22:13 - [MESSAGE][PASSED] - Delayed 2 second(s)

2018-12-13 12:22:13 - [TEST_STEP][FAILED] - click: Unable to click on object 'Object Repository/Final Object Repo/Page_Form 3 EIS - Cessation as Employer/Page_Form 3 EIS - Cessation as Employer (Query - OTC - UO)/Exit' (Root cause: com.kms.katalon.core.webui.exception.WebElementNotFoundException: Web element with id: 'Object Repository/Final Object Repo/Page_Form 3 EIS - Cessation as Employer/Page_Form 3 EIS - Cessation as Employer (Query - OTC - UO)/Exit' located by 'By.xpath: //a[(text() = '
									EXIT
				                ' or . = '
									EXIT
				                ')]' not found)

2018-12-13 12:22:46 - [MESSAGE][FAILED] - Unable to click on object 'Object Repository/Final Object Repo/Page_Form 3 EIS - Cessation as Employer/Page_Form 3 EIS - Cessation as Employer (Query - OTC - UO)/Exit' (Root cause: com.kms.katalon.core.webui.exception.WebElementNotFoundException: Web element with id: 'Object Repository/Final Object Repo/Page_Form 3 EIS - Cessation as Employer/Page_Form 3 EIS - Cessation as Employer (Query - OTC - UO)/Exit' located by 'By.xpath: //a[(text() = '
									EXIT
				                ' or . = '
									EXIT
				                ')]' not found)
[[ATTACHMENT|C:\\Users\\Admin\\Desktop\\PKS\\Perkeso Phase A\\Reports\\Workflow\\Form 3 EIS - Cessation as Employer\\20181213_103053\\1544674966596.png]]

2018-12-13 12:22:46 - [TEST_STEP][PASSED] - delay: Delayed 1 second(s)

2018-12-13 12:22:47 - [MESSAGE][PASSED] - Delayed 1 second(s)

2018-12-13 12:22:47 - [TEST_STEP][PASSED] - navigateToUrl: Navigate to 'https://assist2-uat.perkeso.gov.my/c/portal/logout' successfully

2018-12-13 12:22:48 - [MESSAGE][PASSED] - Navigate to 'https://assist2-uat.perkeso.gov.my/c/portal/logout' successfully

2018-12-13 12:22:48 - [TEST_STEP][PASSED] - delay: Delayed 1 second(s)

2018-12-13 12:22:49 - [MESSAGE][PASSED] - Delayed 1 second(s)

2018-12-13 12:22:49 - [TEST_STEP][PASSED] - callTestCase: Call Test Case 'Test Cases/Final Aug 2018 - PKS Automation/Registration Module/Workflow/Login and Search Case For Workflow' successfully

2018-12-13 12:22:49 - [TEST_CASE][PASSED] - Test Cases/Final Aug 2018 - PKS Automation/Registration Module/Workflow/Login and Search Case For Workflow: Test Cases/Final Aug 2018 - PKS Automation/Registration Module/Workflow/Login and Search Case For Workflow

2018-12-13 12:22:49 - [TEST_STEP][PASSED] - navigateToUrl: Navigate to 'https://assist2-uat.perkeso.gov.my/login' successfully

2018-12-13 12:22:50 - [MESSAGE][PASSED] - Navigate to 'https://assist2-uat.perkeso.gov.my/login' successfully

2018-12-13 12:22:50 - [TEST_STEP][PASSED] - setText: Text 'johoruo1@gmail.com' is set on object 'Object Repository/Final Object Repo/Login Page/Internal User/Email Address'

2018-12-13 12:22:50 - [MESSAGE][PASSED] - Text 'johoruo1@gmail.com' is set on object 'Object Repository/Final Object Repo/Login Page/Internal User/Email Address'

2018-12-13 12:22:50 - [TEST_STEP][PASSED] - click: Object: 'Object Repository/Final Object Repo/Login Page/Internal User/Next Button' is clicked on

2018-12-13 12:22:50 - [MESSAGE][PASSED] - Object: 'Object Repository/Final Object Repo/Login Page/Internal User/Next Button' is clicked on

2018-12-13 12:22:50 - [TEST_STEP][PASSED] - delay: Delayed 1 second(s)

2018-12-13 12:22:51 - [MESSAGE][PASSED] - Delayed 1 second(s)

2018-12-13 12:22:51 - [TEST_STEP][PASSED] - setEncryptedText: Text ****** has been set on object 'Object Repository/Final Object Repo/Login Page/Internal User/Password'

2018-12-13 12:22:51 - [MESSAGE][PASSED] - Text ****** has been set on object 'Object Repository/Final Object Repo/Login Page/Internal User/Password'

2018-12-13 12:22:51 - [TEST_STEP][PASSED] - click: Object: 'Object Repository/Final Object Repo/Login Page/Internal User/Login Button' is clicked on

2018-12-13 12:22:51 - [MESSAGE][PASSED] - Object: 'Object Repository/Final Object Repo/Login Page/Internal User/Login Button' is clicked on

2018-12-13 12:22:51 - [TEST_STEP][PASSED] - delay: Delayed 2 second(s)

2018-12-13 12:22:53 - [MESSAGE][PASSED] - Delayed 2 second(s)

2018-12-13 12:22:53 - [TEST_STEP][PASSED] - Statement - Try: Delayed 2 second(s)

2018-12-13 12:22:53 - [TEST_STEP][PASSED] - Statement - Checker = false: null

2018-12-13 12:22:53 - [TEST_STEP][PASSED] - Statement - Checker = com.kms.katalon.core.webui.keyword.WebUiBuiltInKeywords.verifyElementHasAttribute(com.kms.katalon.core.testobject.ObjectRepository.findTestObject(Final Object Repo/Landing Page/BM Detecting), "href", 20, OPTIONAL): Object 'Object Repository/Final Object Repo/Landing Page/BM Detecting' has attribute 'href'

2018-12-13 12:22:54 - [MESSAGE][PASSED] - Object 'Object Repository/Final Object Repo/Landing Page/BM Detecting' has attribute 'href'

2018-12-13 12:22:54 - [TEST_STEP][PASSED] - Statement - out.println(Checker): null

2018-12-13 12:22:54 - [TEST_STEP][PASSED] - Statement - If (Checker == false): null

2018-12-13 12:22:54 - [TEST_STEP][PASSED] - Statement - Else: null

2018-12-13 12:22:54 - [TEST_STEP][PASSED] - delay: Delayed 2 second(s)

2018-12-13 12:22:56 - [MESSAGE][PASSED] - Delayed 2 second(s)

2018-12-13 12:22:56 - [TEST_STEP][PASSED] - click: Object: 'Object Repository/Final Object Repo/Page_MyASSIST - ASSIST - Search Pending Case For Add Supporting Document/Search Information' is clicked on

2018-12-13 12:22:56 - [MESSAGE][PASSED] - Object: 'Object Repository/Final Object Repo/Page_MyASSIST - ASSIST - Search Pending Case For Add Supporting Document/Search Information' is clicked on

2018-12-13 12:22:56 - [TEST_STEP][PASSED] - delay: Delayed 3 second(s)

2018-12-13 12:22:59 - [MESSAGE][PASSED] - Delayed 3 second(s)

2018-12-13 12:22:59 - [TEST_STEP][PASSED] - sendKeys: Keys 'ERN122018C200002419' sent to object: 'Object Repository/Final Object Repo/Page_MyASSIST - ASSIST - Search Pending Case For Add Supporting Document/Reference No'

2018-12-13 12:22:59 - [MESSAGE][PASSED] - Keys 'ERN122018C200002419' sent to object: 'Object Repository/Final Object Repo/Page_MyASSIST - ASSIST - Search Pending Case For Add Supporting Document/Reference No'

2018-12-13 12:22:59 - [TEST_STEP][PASSED] - click: Object: 'Object Repository/Final Object Repo/Page_MyASSIST - ASSIST - Search Pending Case For Add Supporting Document/Search Reference No' is clicked on

2018-12-13 12:22:59 - [MESSAGE][PASSED] - Object: 'Object Repository/Final Object Repo/Page_MyASSIST - ASSIST - Search Pending Case For Add Supporting Document/Search Reference No' is clicked on

2018-12-13 12:22:59 - [TEST_STEP][PASSED] - delay: Delayed 2 second(s)

2018-12-13 12:23:01 - [MESSAGE][PASSED] - Delayed 2 second(s)

2018-12-13 12:23:01 - [TEST_STEP][PASSED] - click: Object: 'Object Repository/Final Object Repo/Page_MyASSIST - ASSIST - Search Pending Case For Add Supporting Document/Continue' is clicked on

2018-12-13 12:23:04 - [MESSAGE][PASSED] - Object: 'Object Repository/Final Object Repo/Page_MyASSIST - ASSIST - Search Pending Case For Add Supporting Document/Continue' is clicked on

2018-12-13 12:23:04 - [TEST_STEP][PASSED] - delay: Delayed 20 second(s)

2018-12-13 12:23:24 - [MESSAGE][PASSED] - Delayed 20 second(s)

2018-12-13 12:23:24 - [MESSAGE][PASSED] - Call Test Case 'Test Cases/Final Aug 2018 - PKS Automation/Registration Module/Workflow/Login and Search Case For Workflow' successfully

2018-12-13 12:23:24 - [TEST_STEP][PASSED] - click: Object: 'Object Repository/Final Object Repo/Page_Form 3 EIS - Cessation as Employer/Page_Form 3 EIS - Cessation as Employer (Approve)/Save  Continue in Form 3 Page' is clicked on

2018-12-13 12:23:25 - [MESSAGE][PASSED] - Object: 'Object Repository/Final Object Repo/Page_Form 3 EIS - Cessation as Employer/Page_Form 3 EIS - Cessation as Employer (Approve)/Save  Continue in Form 3 Page' is clicked on

2018-12-13 12:23:25 - [TEST_STEP][PASSED] - delay: Delayed 2 second(s)

2018-12-13 12:23:27 - [MESSAGE][PASSED] - Delayed 2 second(s)

2018-12-13 12:23:27 - [TEST_STEP][PASSED] - click: Object: 'Object Repository/Final Object Repo/Page_Form 3 EIS - Cessation as Employer/Page_Form 3 EIS - Cessation as Employer (Approve)/Save  Continue in Resigned Page' is clicked on

2018-12-13 12:23:27 - [MESSAGE][PASSED] - Object: 'Object Repository/Final Object Repo/Page_Form 3 EIS - Cessation as Employer/Page_Form 3 EIS - Cessation as Employer (Approve)/Save  Continue in Resigned Page' is clicked on

2018-12-13 12:23:27 - [TEST_STEP][PASSED] - delay: Delayed 2 second(s)

2018-12-13 12:23:29 - [MESSAGE][PASSED] - Delayed 2 second(s)

2018-12-13 12:23:29 - [TEST_STEP][PASSED] - click: Object: 'Object Repository/Final Object Repo/Page_Form 3 EIS - Cessation as Employer/Page_Form 3 EIS - Cessation as Employer (Approve)/Save  Continue in Uploading Page' is clicked on

2018-12-13 12:23:30 - [MESSAGE][PASSED] - Object: 'Object Repository/Final Object Repo/Page_Form 3 EIS - Cessation as Employer/Page_Form 3 EIS - Cessation as Employer (Approve)/Save  Continue in Uploading Page' is clicked on

2018-12-13 12:23:30 - [TEST_STEP][PASSED] - delay: Delayed 2 second(s)

2018-12-13 12:23:32 - [MESSAGE][PASSED] - Delayed 2 second(s)

2018-12-13 12:23:32 - [TEST_STEP][PASSED] - click: Object: 'Object Repository/Final Object Repo/Page_Form 3 EIS - Cessation as Employer/Page_Form 3 EIS - Cessation as Employer (Reject)/Reject' is clicked on

2018-12-13 12:23:34 - [MESSAGE][PASSED] - Object: 'Object Repository/Final Object Repo/Page_Form 3 EIS - Cessation as Employer/Page_Form 3 EIS - Cessation as Employer (Reject)/Reject' is clicked on

2018-12-13 12:23:34 - [TEST_STEP][PASSED] - delay: Delayed 2 second(s)

2018-12-13 12:23:36 - [MESSAGE][PASSED] - Delayed 2 second(s)

2018-12-13 12:23:36 - [TEST_STEP][PASSED] - click: Object: 'Object Repository/Final Object Repo/Page_Form 3 EIS - Cessation as Employer/Page_Form 3 EIS - Cessation as Employer (Reject)/Confirm' is clicked on

2018-12-13 12:23:37 - [MESSAGE][PASSED] - Object: 'Object Repository/Final Object Repo/Page_Form 3 EIS - Cessation as Employer/Page_Form 3 EIS - Cessation as Employer (Reject)/Confirm' is clicked on

2018-12-13 12:23:37 - [TEST_STEP][PASSED] - delay: Delayed 2 second(s)

2018-12-13 12:23:39 - [MESSAGE][PASSED] - Delayed 2 second(s)

2018-12-13 12:23:39 - [TEST_STEP][PASSED] - click: Object: 'Object Repository/Final Object Repo/Page_Form 3 EIS - Cessation as Employer/Page_Form 3 EIS - Cessation as Employer (Reject)/Message This Case has been Rejected' is clicked on

2018-12-13 12:23:43 - [MESSAGE][PASSED] - Object: 'Object Repository/Final Object Repo/Page_Form 3 EIS - Cessation as Employer/Page_Form 3 EIS - Cessation as Employer (Reject)/Message This Case has been Rejected' is clicked on

2018-12-13 12:23:43 - [TEST_STEP][PASSED] - click: Object: 'Object Repository/Final Object Repo/Page_Form 3 EIS - Cessation as Employer/Page_Form 3 EIS - Cessation as Employer (Reject)/Letter of update rejection' is clicked on

2018-12-13 12:23:44 - [MESSAGE][PASSED] - Object: 'Object Repository/Final Object Repo/Page_Form 3 EIS - Cessation as Employer/Page_Form 3 EIS - Cessation as Employer (Reject)/Letter of update rejection' is clicked on

2018-12-13 12:23:44 - [MESSAGE][FAILED] - Unable to call Test Case with id 'Test Cases/Final Aug 2018 - PKS Automation/Registration Module/Workflow/Form 3 EIS - Cessation As Employer/Template/Form 3 A - Cessation As Employer (Query)' (Root cause: Call Test Case 'Test Cases/Final Aug 2018 - PKS Automation/Registration Module/Workflow/Form 3 EIS - Cessation As Employer/Template/Form 3 A - Cessation As Employer (Query)' failed)]]></system-out>
         <system-err><![CDATA[2018-12-13 12:14:19 - [TEST_CASE][FAILED] - Test Cases/Final Aug 2018 - PKS Automation/Registration Module/Workflow/Form 3 EIS - Cessation As Employer/OTC to UO (Query): Test Cases/Final Aug 2018 - PKS Automation/Registration Module/Workflow/Form 3 EIS - Cessation As Employer/OTC to UO (Query) FAILED because (of) (Stack trace: com.kms.katalon.core.exception.StepFailedException: Unable to click on object 'Object Repository/Final Object Repo/Page_Form 3 EIS - Cessation as Employer/Page_Form 3 EIS - Cessation as Employer (Query - OTC - UO)/Next' (Root cause: com.kms.katalon.core.webui.exception.WebElementNotFoundException: Web element with id: 'Object Repository/Final Object Repo/Page_Form 3 EIS - Cessation as Employer/Page_Form 3 EIS - Cessation as Employer (Query - OTC - UO)/Next' located by 'By.xpath: //a[(text() = ' NEXT
						' or . = ' NEXT
						')]' not found)
	at com.kms.katalon.core.keyword.internal.KeywordMain.stepFailed(KeywordMain.groovy:32)
	at com.kms.katalon.core.webui.keyword.internal.WebUIKeywordMain.stepFailed(WebUIKeywordMain.groovy:65)
	at com.kms.katalon.core.webui.keyword.internal.WebUIKeywordMain.runKeyword(WebUIKeywordMain.groovy:27)
	at com.kms.katalon.core.webui.keyword.builtin.ClickKeyword.click(ClickKeyword.groovy:86)
	at com.kms.katalon.core.webui.keyword.builtin.ClickKeyword.execute(ClickKeyword.groovy:67)
	at com.kms.katalon.core.keyword.internal.KeywordExecutor.executeKeywordForPlatform(KeywordExecutor.groovy:53)
	at com.kms.katalon.core.webui.keyword.WebUiBuiltInKeywords.click(WebUiBuiltInKeywords.groovy:616)
	at com.kms.katalon.core.webui.keyword.WebUiBuiltInKeywords$click$2.call(Unknown Source)
	at Script1536114876563.run(Script1536114876563.groovy:87)
	at com.kms.katalon.core.main.ScriptEngine.run(ScriptEngine.java:183)
	at com.kms.katalon.core.main.ScriptEngine.runScriptAsRawText(ScriptEngine.java:108)
	at com.kms.katalon.core.main.TestCaseExecutor.runScript(TestCaseExecutor.java:294)
	at com.kms.katalon.core.main.TestCaseExecutor.doExecute(TestCaseExecutor.java:285)
	at com.kms.katalon.core.main.TestCaseExecutor.processExecutionPhase(TestCaseExecutor.java:264)
	at com.kms.katalon.core.main.TestCaseExecutor.accessMainPhase(TestCaseExecutor.java:256)
	at com.kms.katalon.core.main.TestCaseExecutor.execute(TestCaseExecutor.java:200)
	at com.kms.katalon.core.main.TestCaseMain.runTestCase(TestCaseMain.java:99)
	at com.kms.katalon.core.keyword.builtin.CallTestCaseKeyword$_callTestCase_closure1.doCall(CallTestCaseKeyword.groovy:60)
	at com.kms.katalon.core.keyword.builtin.CallTestCaseKeyword$_callTestCase_closure1.call(CallTestCaseKeyword.groovy)
	at com.kms.katalon.core.keyword.internal.KeywordMain.runKeyword(KeywordMain.groovy:54)
	at com.kms.katalon.core.keyword.builtin.CallTestCaseKeyword.callTestCase(CallTestCaseKeyword.groovy:81)
	at com.kms.katalon.core.keyword.builtin.CallTestCaseKeyword.execute(CallTestCaseKeyword.groovy:45)
	at com.kms.katalon.core.keyword.internal.KeywordExecutor.executeKeywordForPlatform(KeywordExecutor.groovy:53)
	at com.kms.katalon.core.keyword.BuiltinKeywords.callTestCase(BuiltinKeywords.groovy:334)
	at sun.reflect.GeneratedMethodAccessor13.invoke(Unknown Source)
	at sun.reflect.DelegatingMethodAccessorImpl.invoke(DelegatingMethodAccessorImpl.java:43)
	at java.lang.reflect.Method.invoke(Method.java:498)
	at org.codehaus.groovy.reflection.CachedMethod.invoke(CachedMethod.java:93)
	at groovy.lang.MetaMethod.doMethodInvoke(MetaMethod.java:325)
	at groovy.lang.MetaClassImpl.invokeStaticMethod(MetaClassImpl.java:1469)
	at org.codehaus.groovy.runtime.callsite.StaticMetaClassSite.call(StaticMetaClassSite.java:53)
	at org.codehaus.groovy.runtime.callsite.CallSiteArray.defaultCall(CallSiteArray.java:48)
	at org.codehaus.groovy.runtime.callsite.AbstractCallSite.call(AbstractCallSite.java:113)
	at org.codehaus.groovy.runtime.callsite.AbstractCallSite.call(AbstractCallSite.java:141)
	at Script1536204253481.run(Script1536204253481.groovy:25)
	at com.kms.katalon.core.main.ScriptEngine.run(ScriptEngine.java:183)
	at com.kms.katalon.core.main.ScriptEngine.runScriptAsRawText(ScriptEngine.java:108)
	at com.kms.katalon.core.main.TestCaseExecutor.runScript(TestCaseExecutor.java:294)
	at com.kms.katalon.core.main.TestCaseExecutor.doExecute(TestCaseExecutor.java:285)
	at com.kms.katalon.core.main.TestCaseExecutor.processExecutionPhase(TestCaseExecutor.java:264)
	at com.kms.katalon.core.main.TestCaseExecutor.accessMainPhase(TestCaseExecutor.java:256)
	at com.kms.katalon.core.main.TestCaseExecutor.execute(TestCaseExecutor.java:200)
	at com.kms.katalon.core.main.TestSuiteExecutor.accessTestCaseMainPhase(TestSuiteExecutor.java:129)
	at com.kms.katalon.core.main.TestSuiteExecutor.accessTestSuiteMainPhase(TestSuiteExecutor.java:112)
	at com.kms.katalon.core.main.TestSuiteExecutor.execute(TestSuiteExecutor.java:81)
	at com.kms.katalon.core.main.TestCaseMain.startTestSuite(TestCaseMain.java:142)
	at com.kms.katalon.core.main.TestCaseMain$startTestSuite$0.call(Unknown Source)
	at org.codehaus.groovy.runtime.callsite.CallSiteArray.defaultCall(CallSiteArray.java:48)
	at org.codehaus.groovy.runtime.callsite.AbstractCallSite.call(AbstractCallSite.java:113)
	at org.codehaus.groovy.runtime.callsite.AbstractCallSite.call(AbstractCallSite.java:141)
	at TempTestSuite1544668253557.run(TempTestSuite1544668253557.groovy:36)
	at groovy.lang.GroovyShell.runScriptOrMainOrTestOrRunnable(GroovyShell.java:263)
	at groovy.lang.GroovyShell.run(GroovyShell.java:518)
	at groovy.lang.GroovyShell.run(GroovyShell.java:507)
	at groovy.ui.GroovyMain.processOnce(GroovyMain.java:653)
	at groovy.ui.GroovyMain.run(GroovyMain.java:384)
	at groovy.ui.GroovyMain.process(GroovyMain.java:370)
	at groovy.ui.GroovyMain.processArgs(GroovyMain.java:129)
	at groovy.ui.GroovyMain.main(GroovyMain.java:109)
	at sun.reflect.NativeMethodAccessorImpl.invoke0(Native Method)
	at sun.reflect.NativeMethodAccessorImpl.invoke(NativeMethodAccessorImpl.java:62)
	at sun.reflect.DelegatingMethodAccessorImpl.invoke(DelegatingMethodAccessorImpl.java:43)
	at java.lang.reflect.Method.invoke(Method.java:498)
	at org.codehaus.groovy.tools.GroovyStarter.rootLoader(GroovyStarter.java:109)
	at org.codehaus.groovy.tools.GroovyStarter.main(GroovyStarter.java:131)
)]]></system-err>
      </testcase>
      <testcase name="Test Cases/Final Aug 2018 - PKS Automation/Registration Module/Workflow/Form 3 EIS - Cessation As Employer/OTC to UO (Reject)" classname="Test Cases/Final Aug 2018 - PKS Automation/Registration Module/Workflow/Form 3 EIS - Cessation As Employer/OTC to UO (Reject)" status="PASSED">
         <system-out><![CDATA[2018-12-13 12:23:44 - [TEST_CASE][PASSED] - Test Cases/Final Aug 2018 - PKS Automation/Registration Module/Workflow/Form 3 EIS - Cessation As Employer/OTC to UO (Reject): Test Cases/Final Aug 2018 - PKS Automation/Registration Module/Workflow/Form 3 EIS - Cessation As Employer/OTC to UO (Reject)

2018-12-13 12:23:44 - [TEST_STEP][PASSED] - callTestCase: Call Test Case 'Test Cases/Final Aug 2018 - PKS Automation/Registration Module/Workflow/Form 3 EIS - Cessation As Employer/Template/Form 3 A - Cessation As Employer (OTC)' successfully

2018-12-13 12:23:44 - [TEST_CASE][PASSED] - Test Cases/Final Aug 2018 - PKS Automation/Registration Module/Workflow/Form 3 EIS - Cessation As Employer/Template/Form 3 A - Cessation As Employer (OTC): Test Cases/Final Aug 2018 - PKS Automation/Registration Module/Workflow/Form 3 EIS - Cessation As Employer/Template/Form 3 A - Cessation As Employer (OTC)

2018-12-13 12:23:44 - [TEST_STEP][PASSED] - openBrowser: Browser is opened with url: ''

2018-12-13 12:23:44 - [MESSAGE][WARNING] - A browser is already opened. Closing browser and opening a new one

2018-12-13 12:23:48 - [MESSAGE][PASSED] - Browser is opened with url: ''

2018-12-13 12:23:48 - [TEST_STEP][PASSED] - navigateToUrl: Navigate to 'https://assist2-uat.perkeso.gov.my/login' successfully

2018-12-13 12:23:49 - [MESSAGE][PASSED] - Navigate to 'https://assist2-uat.perkeso.gov.my/login' successfully

2018-12-13 12:23:49 - [TEST_STEP][PASSED] - setText: Text 'johorotc1@gmail.com' is set on object 'Object Repository/Final Object Repo/Login Page/Internal User/Email Address'

2018-12-13 12:23:50 - [MESSAGE][PASSED] - Text 'johorotc1@gmail.com' is set on object 'Object Repository/Final Object Repo/Login Page/Internal User/Email Address'

2018-12-13 12:23:50 - [TEST_STEP][PASSED] - click: Object: 'Object Repository/Final Object Repo/Login Page/Internal User/Next Button' is clicked on

2018-12-13 12:23:50 - [MESSAGE][PASSED] - Object: 'Object Repository/Final Object Repo/Login Page/Internal User/Next Button' is clicked on

2018-12-13 12:23:50 - [TEST_STEP][PASSED] - delay: Delayed 1 second(s)

2018-12-13 12:23:51 - [MESSAGE][PASSED] - Delayed 1 second(s)

2018-12-13 12:23:51 - [TEST_STEP][PASSED] - setEncryptedText: Text ****** has been set on object 'Object Repository/Final Object Repo/Login Page/Internal User/Password'

2018-12-13 12:23:51 - [MESSAGE][PASSED] - Text ****** has been set on object 'Object Repository/Final Object Repo/Login Page/Internal User/Password'

2018-12-13 12:23:51 - [TEST_STEP][PASSED] - click: Object: 'Object Repository/Final Object Repo/Login Page/Internal User/Login Button' is clicked on

2018-12-13 12:23:52 - [MESSAGE][PASSED] - Object: 'Object Repository/Final Object Repo/Login Page/Internal User/Login Button' is clicked on

2018-12-13 12:23:52 - [TEST_STEP][PASSED] - delay: Delayed 1 second(s)

2018-12-13 12:23:53 - [MESSAGE][PASSED] - Delayed 1 second(s)

2018-12-13 12:23:53 - [TEST_STEP][PASSED] - Statement - Try: Delayed 2 second(s)

2018-12-13 12:23:53 - [TEST_STEP][PASSED] - Statement - Checker = false: null

2018-12-13 12:23:53 - [TEST_STEP][PASSED] - Statement - Checker = com.kms.katalon.core.webui.keyword.WebUiBuiltInKeywords.verifyElementHasAttribute(com.kms.katalon.core.testobject.ObjectRepository.findTestObject(Final Object Repo/Landing Page/BM Detecting), "href", 20, OPTIONAL): Object 'Object Repository/Final Object Repo/Landing Page/BM Detecting' has attribute 'href'

2018-12-13 12:23:53 - [MESSAGE][PASSED] - Object 'Object Repository/Final Object Repo/Landing Page/BM Detecting' has attribute 'href'

2018-12-13 12:23:53 - [TEST_STEP][PASSED] - Statement - out.println(Checker): null

2018-12-13 12:23:53 - [TEST_STEP][PASSED] - Statement - If (Checker == false): null

2018-12-13 12:23:53 - [TEST_STEP][PASSED] - Statement - Else: null

2018-12-13 12:23:53 - [TEST_STEP][PASSED] - delay: Delayed 2 second(s)

2018-12-13 12:23:55 - [MESSAGE][PASSED] - Delayed 2 second(s)

2018-12-13 12:23:55 - [TEST_STEP][PASSED] - navigateToUrl: Navigate to 'https://assist2-uat.perkeso.gov.my/web/registration/eis-update/form-3-eis-cessation-as-employer' successfully

2018-12-13 12:23:56 - [MESSAGE][PASSED] - Navigate to 'https://assist2-uat.perkeso.gov.my/web/registration/eis-update/form-3-eis-cessation-as-employer' successfully

2018-12-13 12:23:56 - [TEST_STEP][PASSED] - delay: Delayed 1 second(s)

2018-12-13 12:23:57 - [MESSAGE][PASSED] - Delayed 1 second(s)

2018-12-13 12:23:57 - [TEST_STEP][PASSED] - setText: Text 'E1102069769W' is set on object 'Object Repository/Final Object Repo/Page_Form 3 EIS - Cessation as Employer/Employer Code'

2018-12-13 12:23:58 - [MESSAGE][PASSED] - Text 'E1102069769W' is set on object 'Object Repository/Final Object Repo/Page_Form 3 EIS - Cessation as Employer/Employer Code'

2018-12-13 12:23:58 - [TEST_STEP][PASSED] - click: Object: 'Object Repository/Final Object Repo/Page_Form 3 EIS - Cessation as Employer/Search' is clicked on

2018-12-13 12:23:58 - [MESSAGE][PASSED] - Object: 'Object Repository/Final Object Repo/Page_Form 3 EIS - Cessation as Employer/Search' is clicked on

2018-12-13 12:23:58 - [TEST_STEP][PASSED] - click: Object: 'Object Repository/Final Object Repo/Page_Form 3 EIS - Cessation as Employer/Edit' is clicked on

2018-12-13 12:24:00 - [MESSAGE][PASSED] - Object: 'Object Repository/Final Object Repo/Page_Form 3 EIS - Cessation as Employer/Edit' is clicked on

2018-12-13 12:24:00 - [TEST_STEP][PASSED] - delay: Delayed 1 second(s)

2018-12-13 12:24:01 - [MESSAGE][PASSED] - Delayed 1 second(s)

2018-12-13 12:24:01 - [TEST_STEP][PASSED] - Statement - abc = com.kms.katalon.core.webui.keyword.WebUiBuiltInKeywords.getAttribute(com.kms.katalon.core.testobject.ObjectRepository.findTestObject(Final Object Repo/Page_Form 3 EIS - Cessation as Employer/Employer Status), "value"): Attribute 'value' of object 'Object Repository/Final Object Repo/Page_Form 3 EIS - Cessation as Employer/Employer Status' is: 'Active'

2018-12-13 12:24:01 - [MESSAGE][PASSED] - Attribute 'value' of object 'Object Repository/Final Object Repo/Page_Form 3 EIS - Cessation as Employer/Employer Status' is: 'Active'

2018-12-13 12:24:01 - [TEST_STEP][PASSED] - Statement - out.println(abc): null

2018-12-13 12:24:01 - [TEST_STEP][PASSED] - Statement - If (abc == "Active"): Object: 'Object Repository/Final Object Repo/Page_Form 3 EIS - Cessation as Employer/Dormant EIS' is clicked on

2018-12-13 12:24:01 - [TEST_STEP][PASSED] - click: Object: 'Object Repository/Final Object Repo/Page_Form 3 EIS - Cessation as Employer/Change Employer Status to' is clicked on

2018-12-13 12:24:01 - [MESSAGE][PASSED] - Object: 'Object Repository/Final Object Repo/Page_Form 3 EIS - Cessation as Employer/Change Employer Status to' is clicked on

2018-12-13 12:24:01 - [TEST_STEP][PASSED] - click: Object: 'Object Repository/Final Object Repo/Page_Form 3 EIS - Cessation as Employer/Dormant EIS' is clicked on

2018-12-13 12:24:01 - [MESSAGE][PASSED] - Object: 'Object Repository/Final Object Repo/Page_Form 3 EIS - Cessation as Employer/Dormant EIS' is clicked on

2018-12-13 12:24:01 - [TEST_STEP][PASSED] - click: Object: 'Object Repository/Final Object Repo/Page_Form 3 EIS - Cessation as Employer/Calender' is clicked on

2018-12-13 12:24:02 - [MESSAGE][PASSED] - Object: 'Object Repository/Final Object Repo/Page_Form 3 EIS - Cessation as Employer/Calender' is clicked on

2018-12-13 12:24:02 - [TEST_STEP][PASSED] - delay: Delayed 1 second(s)

2018-12-13 12:24:03 - [MESSAGE][PASSED] - Delayed 1 second(s)

2018-12-13 12:24:03 - [TEST_STEP][PASSED] - click: Object: 'Object Repository/Final Object Repo/Page_Form 3 EIS - Cessation as Employer/Calender - Date' is clicked on

2018-12-13 12:24:03 - [MESSAGE][PASSED] - Object: 'Object Repository/Final Object Repo/Page_Form 3 EIS - Cessation as Employer/Calender - Date' is clicked on

2018-12-13 12:24:03 - [TEST_STEP][PASSED] - click: Object: 'Object Repository/Final Object Repo/Page_Form 3 EIS - Cessation as Employer/Save  Continue in Form 3 EIS Page' is clicked on

2018-12-13 12:24:03 - [MESSAGE][PASSED] - Object: 'Object Repository/Final Object Repo/Page_Form 3 EIS - Cessation as Employer/Save  Continue in Form 3 EIS Page' is clicked on

2018-12-13 12:24:03 - [TEST_STEP][PASSED] - delay: Delayed 1 second(s)

2018-12-13 12:24:04 - [MESSAGE][PASSED] - Delayed 1 second(s)

2018-12-13 12:24:04 - [TEST_STEP][PASSED] - click: Object: 'Object Repository/Final Object Repo/Page_Form 3 EIS - Cessation as Employer/Employment Resign Date' is clicked on

2018-12-13 12:24:05 - [MESSAGE][PASSED] - Object: 'Object Repository/Final Object Repo/Page_Form 3 EIS - Cessation as Employer/Employment Resign Date' is clicked on

2018-12-13 12:24:05 - [TEST_STEP][PASSED] - selectOptionByValue: All options with value '2030' are selected in object 'Object Repository/Final Object Repo/Page_Form 3 EIS - Cessation as Employer/Employment Resign Date - Year' 

2018-12-13 12:24:05 - [MESSAGE][PASSED] - All options with value '2030' are selected in object 'Object Repository/Final Object Repo/Page_Form 3 EIS - Cessation as Employer/Employment Resign Date - Year' 

2018-12-13 12:24:05 - [TEST_STEP][PASSED] - delay: Delayed 2 second(s)

2018-12-13 12:24:07 - [MESSAGE][PASSED] - Delayed 2 second(s)

2018-12-13 12:24:07 - [TEST_STEP][PASSED] - click: Object: 'Object Repository/Final Object Repo/Page_Form 3 EIS - Cessation as Employer/Employment Resign Date - Year - Date' is clicked on

2018-12-13 12:24:07 - [MESSAGE][PASSED] - Object: 'Object Repository/Final Object Repo/Page_Form 3 EIS - Cessation as Employer/Employment Resign Date - Year - Date' is clicked on

2018-12-13 12:24:07 - [TEST_STEP][PASSED] - delay: Delayed 2 second(s)

2018-12-13 12:24:09 - [MESSAGE][PASSED] - Delayed 2 second(s)

2018-12-13 12:24:09 - [TEST_STEP][PASSED] - click: Object: 'Object Repository/Final Object Repo/Page_Form 3 EIS - Cessation as Employer/Save  Continue in Employment Resign Page' is clicked on

2018-12-13 12:24:09 - [MESSAGE][PASSED] - Object: 'Object Repository/Final Object Repo/Page_Form 3 EIS - Cessation as Employer/Save  Continue in Employment Resign Page' is clicked on

2018-12-13 12:24:09 - [TEST_STEP][PASSED] - delay: Delayed 2 second(s)

2018-12-13 12:24:11 - [MESSAGE][PASSED] - Delayed 2 second(s)

2018-12-13 12:24:11 - [TEST_STEP][PASSED] - click: Object: 'Object Repository/Final Object Repo/Page_Form 3 EIS - Cessation as Employer/Set Latest - Yes' is clicked on

2018-12-13 12:24:11 - [MESSAGE][PASSED] - Object: 'Object Repository/Final Object Repo/Page_Form 3 EIS - Cessation as Employer/Set Latest - Yes' is clicked on

2018-12-13 12:24:11 - [TEST_STEP][PASSED] - delay: Delayed 2 second(s)

2018-12-13 12:24:13 - [MESSAGE][PASSED] - Delayed 2 second(s)

2018-12-13 12:24:13 - [TEST_STEP][PASSED] - click: Object: 'Object Repository/Final Object Repo/Page_Form 3 EIS - Cessation as Employer/Add Document' is clicked on

2018-12-13 12:24:15 - [MESSAGE][PASSED] - Object: 'Object Repository/Final Object Repo/Page_Form 3 EIS - Cessation as Employer/Add Document' is clicked on

2018-12-13 12:24:15 - [TEST_STEP][PASSED] - delay: Delayed 3 second(s)

2018-12-13 12:24:18 - [MESSAGE][PASSED] - Delayed 3 second(s)

2018-12-13 12:24:18 - [TEST_STEP][PASSED] - click: Object: 'Object Repository/Final Object Repo/Page_Form 3 EIS - Cessation as Employer/Document Type' is clicked on

2018-12-13 12:24:18 - [MESSAGE][PASSED] - Object: 'Object Repository/Final Object Repo/Page_Form 3 EIS - Cessation as Employer/Document Type' is clicked on

2018-12-13 12:24:18 - [TEST_STEP][PASSED] - click: Object: 'Object Repository/Final Object Repo/Page_Form 3 EIS - Cessation as Employer/Document Type - Form 3' is clicked on

2018-12-13 12:24:18 - [MESSAGE][PASSED] - Object: 'Object Repository/Final Object Repo/Page_Form 3 EIS - Cessation as Employer/Document Type - Form 3' is clicked on

2018-12-13 12:24:18 - [TEST_STEP][PASSED] - delay: Delayed 2 second(s)

2018-12-13 12:24:20 - [MESSAGE][PASSED] - Delayed 2 second(s)

2018-12-13 12:24:20 - [TEST_STEP][PASSED] - sendKeys: Keys 'C:\Users\Public\Pictures\Sample Pictures\Koala.jpg' sent to object: 'Object Repository/Final Object Repo/Page_Form 3 EIS - Cessation as Employer/ploading File'

2018-12-13 12:24:20 - [MESSAGE][PASSED] - Keys 'C:\Users\Public\Pictures\Sample Pictures\Koala.jpg' sent to object: 'Object Repository/Final Object Repo/Page_Form 3 EIS - Cessation as Employer/ploading File'

2018-12-13 12:24:20 - [TEST_STEP][PASSED] - delay: Delayed 1 second(s)

2018-12-13 12:24:21 - [MESSAGE][PASSED] - Delayed 1 second(s)

2018-12-13 12:24:21 - [TEST_STEP][PASSED] - click: Object: 'Object Repository/Final Object Repo/Page_Form 3 EIS - Cessation as Employer/Add Document in Uploading Page' is clicked on

2018-12-13 12:24:21 - [MESSAGE][PASSED] - Object: 'Object Repository/Final Object Repo/Page_Form 3 EIS - Cessation as Employer/Add Document in Uploading Page' is clicked on

2018-12-13 12:24:21 - [TEST_STEP][PASSED] - delay: Delayed 2 second(s)

2018-12-13 12:24:23 - [MESSAGE][PASSED] - Delayed 2 second(s)

2018-12-13 12:24:23 - [TEST_STEP][PASSED] - Statement - CaseReferenceNo = com.kms.katalon.core.webui.keyword.WebUiBuiltInKeywords.getText(com.kms.katalon.core.testobject.ObjectRepository.findTestObject(Final Object Repo/Page_Update Employer Information/Reference Number in Update Employee Information Page)): Text of object 'Object Repository/Final Object Repo/Page_Update Employer Information/Reference Number in Update Employee Information Page' is: 'ERN122018C200002420'

2018-12-13 12:24:25 - [MESSAGE][PASSED] - Text of object 'Object Repository/Final Object Repo/Page_Update Employer Information/Reference Number in Update Employee Information Page' is: 'ERN122018C200002420'

2018-12-13 12:24:25 - [TEST_STEP][PASSED] - callTestCase: Call Test Case 'Test Cases/Final Aug 2018 - PKS Automation/Common/Reference Number Setter' successfully

2018-12-13 12:24:25 - [TEST_CASE][PASSED] - Test Cases/Final Aug 2018 - PKS Automation/Common/Reference Number Setter: Test Cases/Final Aug 2018 - PKS Automation/Common/Reference Number Setter

2018-12-13 12:24:25 - [TEST_STEP][PASSED] - Statement - RefNoOldFile = new java.io.File(C://Users//Admin//Desktop//PKS//Automation Reference Point//KatalonReference.txt): null

2018-12-13 12:24:25 - [TEST_STEP][PASSED] - Statement - RefNoOldFile.delete(): null

2018-12-13 12:24:25 - [TEST_STEP][PASSED] - delay: Delayed 5 second(s)

2018-12-13 12:24:30 - [MESSAGE][PASSED] - Delayed 5 second(s)

2018-12-13 12:24:30 - [TEST_STEP][PASSED] - Statement - RefNo = new java.io.File(C://Users//Admin//Desktop//PKS//Automation Reference Point//KatalonReference.txt): null

2018-12-13 12:24:30 - [TEST_STEP][PASSED] - Statement - f2 = new java.io.FileWriter(RefNo, false): null

2018-12-13 12:24:30 - [TEST_STEP][PASSED] - Statement - f2.write(CaseReferenceNo): null

2018-12-13 12:24:30 - [TEST_STEP][PASSED] - Statement - f2.close(): null

2018-12-13 12:24:30 - [TEST_STEP][PASSED] - Statement - out.println("


" + CaseReferenceNo + "


"): null

2018-12-13 12:24:30 - [MESSAGE][PASSED] - Call Test Case 'Test Cases/Final Aug 2018 - PKS Automation/Common/Reference Number Setter' successfully

2018-12-13 12:24:30 - [TEST_STEP][PASSED] - delay: Delayed 2 second(s)

2018-12-13 12:24:32 - [MESSAGE][PASSED] - Delayed 2 second(s)

2018-12-13 12:24:32 - [TEST_STEP][PASSED] - click: Object: 'Object Repository/Final Object Repo/Page_Form 3 EIS - Cessation as Employer/Save  Continue in Uploading Page' is clicked on

2018-12-13 12:24:32 - [MESSAGE][PASSED] - Object: 'Object Repository/Final Object Repo/Page_Form 3 EIS - Cessation as Employer/Save  Continue in Uploading Page' is clicked on

2018-12-13 12:24:32 - [TEST_STEP][PASSED] - delay: Delayed 2 second(s)

2018-12-13 12:24:34 - [MESSAGE][PASSED] - Delayed 2 second(s)

2018-12-13 12:24:34 - [TEST_STEP][PASSED] - click: Object: 'Object Repository/Final Object Repo/Page_Form 3 EIS - Cessation as Employer/Submit' is clicked on

2018-12-13 12:24:37 - [MESSAGE][PASSED] - Object: 'Object Repository/Final Object Repo/Page_Form 3 EIS - Cessation as Employer/Submit' is clicked on

2018-12-13 12:24:37 - [TEST_STEP][PASSED] - delay: Delayed 2 second(s)

2018-12-13 12:24:39 - [MESSAGE][PASSED] - Delayed 2 second(s)

2018-12-13 12:24:39 - [TEST_STEP][PASSED] - click: Object: 'Object Repository/Final Object Repo/Page_Form 3 EIS - Cessation as Employer/Confirm' is clicked on

2018-12-13 12:24:39 - [MESSAGE][PASSED] - Object: 'Object Repository/Final Object Repo/Page_Form 3 EIS - Cessation as Employer/Confirm' is clicked on

2018-12-13 12:24:39 - [TEST_STEP][PASSED] - delay: Delayed 2 second(s)

2018-12-13 12:24:41 - [MESSAGE][PASSED] - Delayed 2 second(s)

2018-12-13 12:24:41 - [TEST_STEP][PASSED] - click: Object: 'Object Repository/Final Object Repo/Page_Form 3 EIS - Cessation as Employer/Message Your Request will be routed to UO' is clicked on

2018-12-13 12:24:45 - [MESSAGE][PASSED] - Object: 'Object Repository/Final Object Repo/Page_Form 3 EIS - Cessation as Employer/Message Your Request will be routed to UO' is clicked on

2018-12-13 12:24:45 - [TEST_STEP][PASSED] - click: Object: 'Object Repository/Final Object Repo/Page_Form 3 EIS - Cessation as Employer/Letter of acknowledgement' is clicked on

2018-12-13 12:24:45 - [MESSAGE][PASSED] - Object: 'Object Repository/Final Object Repo/Page_Form 3 EIS - Cessation as Employer/Letter of acknowledgement' is clicked on

2018-12-13 12:24:45 - [MESSAGE][PASSED] - Call Test Case 'Test Cases/Final Aug 2018 - PKS Automation/Registration Module/Workflow/Form 3 EIS - Cessation As Employer/Template/Form 3 A - Cessation As Employer (OTC)' successfully

2018-12-13 12:24:45 - [TEST_STEP][PASSED] - callTestCase: Call Test Case 'Test Cases/Final Aug 2018 - PKS Automation/Registration Module/Workflow/Form 3 EIS - Cessation As Employer/Template/Form 3 A - Cessation As Employer (Reject)' successfully

2018-12-13 12:24:45 - [TEST_CASE][PASSED] - Test Cases/Final Aug 2018 - PKS Automation/Registration Module/Workflow/Form 3 EIS - Cessation As Employer/Template/Form 3 A - Cessation As Employer (Reject): Test Cases/Final Aug 2018 - PKS Automation/Registration Module/Workflow/Form 3 EIS - Cessation As Employer/Template/Form 3 A - Cessation As Employer (Reject)

2018-12-13 12:24:45 - [TEST_STEP][NOT_RUN] - callTestCase: NOT_RUN: callTestCase

2018-12-13 12:24:45 - [MESSAGE][NOT_RUN] - NOT_RUN: callTestCase

2018-12-13 12:24:45 - [TEST_STEP][PASSED] - delay: Delayed 1 second(s)

2018-12-13 12:24:46 - [MESSAGE][PASSED] - Delayed 1 second(s)

2018-12-13 12:24:46 - [TEST_STEP][PASSED] - navigateToUrl: Navigate to 'https://assist2-uat.perkeso.gov.my/c/portal/logout' successfully

2018-12-13 12:24:47 - [MESSAGE][PASSED] - Navigate to 'https://assist2-uat.perkeso.gov.my/c/portal/logout' successfully

2018-12-13 12:24:47 - [TEST_STEP][PASSED] - delay: Delayed 1 second(s)

2018-12-13 12:24:48 - [MESSAGE][PASSED] - Delayed 1 second(s)

2018-12-13 12:24:48 - [TEST_STEP][PASSED] - callTestCase: Call Test Case 'Test Cases/Final Aug 2018 - PKS Automation/Common/Reference Number Getter' successfully

2018-12-13 12:24:48 - [TEST_CASE][PASSED] - Test Cases/Final Aug 2018 - PKS Automation/Common/Reference Number Getter: Test Cases/Final Aug 2018 - PKS Automation/Common/Reference Number Getter

2018-12-13 12:24:48 - [TEST_STEP][PASSED] - Statement - Try: null

2018-12-13 12:24:48 - [TEST_STEP][PASSED] - Statement - RefNo = new java.io.File(C://Users//Admin//Desktop//PKS//Automation Reference Point//KatalonReference.txt): null

2018-12-13 12:24:48 - [TEST_STEP][PASSED] - Statement - bufferread = new java.io.BufferedReader(new java.io.FileReader(RefNo)): null

2018-12-13 12:24:48 - [TEST_STEP][PASSED] - Statement - readedVal = bufferread.readLine(): null

2018-12-13 12:24:48 - [TEST_STEP][PASSED] - Statement - out.println(CaseReferenceNo): null

2018-12-13 12:24:48 - [TEST_STEP][PASSED] - Statement - out.println(readedVal): null

2018-12-13 12:24:48 - [TEST_STEP][PASSED] - Statement - CaseReferenceNo = "": null

2018-12-13 12:24:48 - [TEST_STEP][PASSED] - Statement - CaseReferenceNo = readedVal: null

2018-12-13 12:24:48 - [MESSAGE][PASSED] - Call Test Case 'Test Cases/Final Aug 2018 - PKS Automation/Common/Reference Number Getter' successfully

2018-12-13 12:24:48 - [TEST_STEP][PASSED] - callTestCase: Call Test Case 'Test Cases/Final Aug 2018 - PKS Automation/Common/Workflow Owner Finder' successfully

2018-12-13 12:24:48 - [TEST_CASE][PASSED] - Test Cases/Final Aug 2018 - PKS Automation/Common/Workflow Owner Finder: Test Cases/Final Aug 2018 - PKS Automation/Common/Workflow Owner Finder

2018-12-13 12:24:48 - [TEST_STEP][PASSED] - openBrowser: Browser is opened with url: ''

2018-12-13 12:24:48 - [MESSAGE][WARNING] - A browser is already opened. Closing browser and opening a new one

2018-12-13 12:24:53 - [MESSAGE][PASSED] - Browser is opened with url: ''

2018-12-13 12:24:53 - [TEST_STEP][PASSED] - navigateToUrl: Navigate to 'https://assist2-uat.perkeso.gov.my/login' successfully

2018-12-13 12:24:54 - [MESSAGE][PASSED] - Navigate to 'https://assist2-uat.perkeso.gov.my/login' successfully

2018-12-13 12:24:54 - [TEST_STEP][PASSED] - delay: Delayed 5 second(s)

2018-12-13 12:24:59 - [MESSAGE][PASSED] - Delayed 5 second(s)

2018-12-13 12:24:59 - [TEST_STEP][PASSED] - setText: Text 'test@liferay.com' is set on object 'Object Repository/Final Object Repo/Login Page/Internal User/Email Address'

2018-12-13 12:24:59 - [MESSAGE][PASSED] - Text 'test@liferay.com' is set on object 'Object Repository/Final Object Repo/Login Page/Internal User/Email Address'

2018-12-13 12:24:59 - [TEST_STEP][PASSED] - click: Object: 'Object Repository/Final Object Repo/Login Page/Internal User/Next Button' is clicked on

2018-12-13 12:24:59 - [MESSAGE][PASSED] - Object: 'Object Repository/Final Object Repo/Login Page/Internal User/Next Button' is clicked on

2018-12-13 12:24:59 - [TEST_STEP][PASSED] - delay: Delayed 2 second(s)

2018-12-13 12:25:01 - [MESSAGE][PASSED] - Delayed 2 second(s)

2018-12-13 12:25:01 - [TEST_STEP][PASSED] - setText: Text 'test' is set on object 'Object Repository/Final Object Repo/Login Page/Internal User/Password'

2018-12-13 12:25:01 - [MESSAGE][PASSED] - Text 'test' is set on object 'Object Repository/Final Object Repo/Login Page/Internal User/Password'

2018-12-13 12:25:01 - [TEST_STEP][PASSED] - delay: Delayed 2 second(s)

2018-12-13 12:25:03 - [MESSAGE][PASSED] - Delayed 2 second(s)

2018-12-13 12:25:03 - [TEST_STEP][PASSED] - click: Object: 'Object Repository/Final Object Repo/Login Page/Internal User/Login Button' is clicked on

2018-12-13 12:25:03 - [MESSAGE][PASSED] - Object: 'Object Repository/Final Object Repo/Login Page/Internal User/Login Button' is clicked on

2018-12-13 12:25:03 - [TEST_STEP][PASSED] - Statement - tester = com.kms.katalon.core.testobject.ObjectRepository.findTestObject(Final Object Repo/Landing Page/Select to English): Finding Test Object with id 'Object Repository/Final Object Repo/Landing Page/Select to English'

2018-12-13 12:25:03 - [TEST_STEP][PASSED] - Statement - Try: Delayed 2 second(s)

2018-12-13 12:25:03 - [TEST_STEP][PASSED] - Statement - Checker = com.kms.katalon.core.webui.keyword.WebUiBuiltInKeywords.verifyElementNotPresent(tester, 3): Web element with id: 'Object Repository/Final Object Repo/Landing Page/Select to English' located by 'By.xpath: //a[@class = 'taglib-language-list-text' and @lang = 'en-US' and (contains(text(), 'EN') or contains(., 'EN'))]' is not present after '3' second(s)

2018-12-13 12:25:06 - [MESSAGE][PASSED] - Web element with id: 'Object Repository/Final Object Repo/Landing Page/Select to English' located by 'By.xpath: //a[@class = 'taglib-language-list-text' and @lang = 'en-US' and (contains(text(), 'EN') or contains(., 'EN'))]' is not present after '3' second(s)

2018-12-13 12:25:06 - [TEST_STEP][PASSED] - Statement - If (Checker == false): null

2018-12-13 12:25:06 - [TEST_STEP][PASSED] - delay: Delayed 2 second(s)

2018-12-13 12:25:08 - [MESSAGE][PASSED] - Delayed 2 second(s)

2018-12-13 12:25:08 - [TEST_STEP][PASSED] - delay: Delayed 5 second(s)

2018-12-13 12:25:13 - [MESSAGE][PASSED] - Delayed 5 second(s)

2018-12-13 12:25:13 - [TEST_STEP][PASSED] - mouseOver: Object: 'Object Repository/Final Object Repo/Landing Page/WorkFlow Menu' is hovered

2018-12-13 12:25:13 - [MESSAGE][PASSED] - Object: 'Object Repository/Final Object Repo/Landing Page/WorkFlow Menu' is hovered

2018-12-13 12:25:13 - [TEST_STEP][PASSED] - delay: Delayed 2 second(s)

2018-12-13 12:25:15 - [MESSAGE][PASSED] - Delayed 2 second(s)

2018-12-13 12:25:15 - [TEST_STEP][PASSED] - click: Object: 'Object Repository/Final Object Repo/Landing Page/Select to Workflow Listing' is clicked on

2018-12-13 12:25:16 - [MESSAGE][PASSED] - Object: 'Object Repository/Final Object Repo/Landing Page/Select to Workflow Listing' is clicked on

2018-12-13 12:25:16 - [TEST_STEP][PASSED] - delay: Delayed 2 second(s)

2018-12-13 12:25:18 - [MESSAGE][PASSED] - Delayed 2 second(s)

2018-12-13 12:25:18 - [TEST_STEP][PASSED] - click: Object: 'Object Repository/Final Object Repo/WorkFlow Listing Page/Search Information - To Put Ref No' is clicked on

2018-12-13 12:25:18 - [MESSAGE][PASSED] - Object: 'Object Repository/Final Object Repo/WorkFlow Listing Page/Search Information - To Put Ref No' is clicked on

2018-12-13 12:25:18 - [TEST_STEP][PASSED] - delay: Delayed 2 second(s)

2018-12-13 12:25:20 - [MESSAGE][PASSED] - Delayed 2 second(s)

2018-12-13 12:25:20 - [TEST_STEP][PASSED] - callTestCase: Call Test Case 'Test Cases/Final Aug 2018 - PKS Automation/Common/Reference Number Getter' successfully

2018-12-13 12:25:20 - [TEST_CASE][PASSED] - Test Cases/Final Aug 2018 - PKS Automation/Common/Reference Number Getter: Test Cases/Final Aug 2018 - PKS Automation/Common/Reference Number Getter

2018-12-13 12:25:20 - [TEST_STEP][PASSED] - Statement - Try: null

2018-12-13 12:25:20 - [TEST_STEP][PASSED] - Statement - RefNo = new java.io.File(C://Users//Admin//Desktop//PKS//Automation Reference Point//KatalonReference.txt): null

2018-12-13 12:25:20 - [TEST_STEP][PASSED] - Statement - bufferread = new java.io.BufferedReader(new java.io.FileReader(RefNo)): null

2018-12-13 12:25:20 - [TEST_STEP][PASSED] - Statement - readedVal = bufferread.readLine(): null

2018-12-13 12:25:20 - [TEST_STEP][PASSED] - Statement - out.println(CaseReferenceNo): null

2018-12-13 12:25:20 - [TEST_STEP][PASSED] - Statement - out.println(readedVal): null

2018-12-13 12:25:20 - [TEST_STEP][PASSED] - Statement - CaseReferenceNo = "": null

2018-12-13 12:25:20 - [TEST_STEP][PASSED] - Statement - CaseReferenceNo = readedVal: null

2018-12-13 12:25:20 - [MESSAGE][PASSED] - Call Test Case 'Test Cases/Final Aug 2018 - PKS Automation/Common/Reference Number Getter' successfully

2018-12-13 12:25:20 - [TEST_STEP][PASSED] - setText: Text 'ERN122018C200002420' is set on object 'Object Repository/Final Object Repo/WorkFlow Listing Page/Ref No Set Text'

2018-12-13 12:25:20 - [MESSAGE][PASSED] - Text 'ERN122018C200002420' is set on object 'Object Repository/Final Object Repo/WorkFlow Listing Page/Ref No Set Text'

2018-12-13 12:25:20 - [TEST_STEP][PASSED] - delay: Delayed 2 second(s)

2018-12-13 12:25:22 - [MESSAGE][PASSED] - Delayed 2 second(s)

2018-12-13 12:25:22 - [TEST_STEP][PASSED] - click: Object: 'Object Repository/Final Object Repo/WorkFlow Listing Page/Search Ref No Search Button' is clicked on

2018-12-13 12:25:23 - [MESSAGE][PASSED] - Object: 'Object Repository/Final Object Repo/WorkFlow Listing Page/Search Ref No Search Button' is clicked on

2018-12-13 12:25:23 - [TEST_STEP][PASSED] - delay: Delayed 6 second(s)

2018-12-13 12:25:29 - [MESSAGE][PASSED] - Delayed 6 second(s)

2018-12-13 12:25:29 - [TEST_STEP][PASSED] - click: Object: 'Object Repository/Final Object Repo/WorkFlow Listing Page/Click Continue Tooltip' is clicked on

2018-12-13 12:25:30 - [MESSAGE][PASSED] - Object: 'Object Repository/Final Object Repo/WorkFlow Listing Page/Click Continue Tooltip' is clicked on

2018-12-13 12:25:30 - [TEST_STEP][PASSED] - delay: Delayed 5 second(s)

2018-12-13 12:25:35 - [MESSAGE][PASSED] - Delayed 5 second(s)

2018-12-13 12:25:35 - [TEST_STEP][PASSED] - doubleClick: Object: 'Object Repository/Final Object Repo/WorkFlow Listing Page/Workflow Found - Listing 1' is double clicked on

2018-12-13 12:25:35 - [MESSAGE][PASSED] - Object: 'Object Repository/Final Object Repo/WorkFlow Listing Page/Workflow Found - Listing 1' is double clicked on

2018-12-13 12:25:35 - [TEST_STEP][PASSED] - Statement - println(OwnerID): null

2018-12-13 12:25:35 - [TEST_STEP][PASSED] - Statement - OwnerID = com.kms.katalon.core.webui.keyword.WebUiBuiltInKeywords.getText(com.kms.katalon.core.testobject.ObjectRepository.findTestObject(Final Object Repo/WorkFlow Listing Page/Workflow Found - Listing 1), STOP_ON_FAILURE): Text of object 'Object Repository/Final Object Repo/WorkFlow Listing Page/Workflow Found - Listing 1' is: 'JOHORuo2'

2018-12-13 12:25:35 - [MESSAGE][PASSED] - Text of object 'Object Repository/Final Object Repo/WorkFlow Listing Page/Workflow Found - Listing 1' is: 'JOHORuo2'

2018-12-13 12:25:35 - [TEST_STEP][PASSED] - Statement - OwnerID = OwnerID.toLowerCase() + "@gmail.com": null

2018-12-13 12:25:35 - [TEST_STEP][PASSED] - Statement - println(OwnerID): null

2018-12-13 12:25:35 - [TEST_STEP][PASSED] - delay: Delayed 2 second(s)

2018-12-13 12:25:37 - [MESSAGE][PASSED] - Delayed 2 second(s)

2018-12-13 12:25:37 - [MESSAGE][PASSED] - Call Test Case 'Test Cases/Final Aug 2018 - PKS Automation/Common/Workflow Owner Finder' successfully

2018-12-13 12:25:37 - [TEST_STEP][PASSED] - delay: Delayed 1 second(s)

2018-12-13 12:25:38 - [MESSAGE][PASSED] - Delayed 1 second(s)

2018-12-13 12:25:38 - [TEST_STEP][PASSED] - navigateToUrl: Navigate to 'https://assist2-uat.perkeso.gov.my/c/portal/logout' successfully

2018-12-13 12:25:39 - [MESSAGE][PASSED] - Navigate to 'https://assist2-uat.perkeso.gov.my/c/portal/logout' successfully

2018-12-13 12:25:39 - [TEST_STEP][PASSED] - delay: Delayed 1 second(s)

2018-12-13 12:25:40 - [MESSAGE][PASSED] - Delayed 1 second(s)

2018-12-13 12:25:40 - [TEST_STEP][PASSED] - callTestCase: Call Test Case 'Test Cases/Final Aug 2018 - PKS Automation/Registration Module/Workflow/Login and Search Case For Workflow' successfully

2018-12-13 12:25:40 - [TEST_CASE][PASSED] - Test Cases/Final Aug 2018 - PKS Automation/Registration Module/Workflow/Login and Search Case For Workflow: Test Cases/Final Aug 2018 - PKS Automation/Registration Module/Workflow/Login and Search Case For Workflow

2018-12-13 12:25:40 - [TEST_STEP][PASSED] - navigateToUrl: Navigate to 'https://assist2-uat.perkeso.gov.my/login' successfully

2018-12-13 12:25:40 - [MESSAGE][PASSED] - Navigate to 'https://assist2-uat.perkeso.gov.my/login' successfully

2018-12-13 12:25:40 - [TEST_STEP][PASSED] - setText: Text 'johoruo2@gmail.com' is set on object 'Object Repository/Final Object Repo/Login Page/Internal User/Email Address'

2018-12-13 12:25:40 - [MESSAGE][PASSED] - Text 'johoruo2@gmail.com' is set on object 'Object Repository/Final Object Repo/Login Page/Internal User/Email Address'

2018-12-13 12:25:40 - [TEST_STEP][PASSED] - click: Object: 'Object Repository/Final Object Repo/Login Page/Internal User/Next Button' is clicked on

2018-12-13 12:25:41 - [MESSAGE][PASSED] - Object: 'Object Repository/Final Object Repo/Login Page/Internal User/Next Button' is clicked on

2018-12-13 12:25:41 - [TEST_STEP][PASSED] - delay: Delayed 1 second(s)

2018-12-13 12:25:42 - [MESSAGE][PASSED] - Delayed 1 second(s)

2018-12-13 12:25:42 - [TEST_STEP][PASSED] - setEncryptedText: Text ****** has been set on object 'Object Repository/Final Object Repo/Login Page/Internal User/Password'

2018-12-13 12:25:42 - [MESSAGE][PASSED] - Text ****** has been set on object 'Object Repository/Final Object Repo/Login Page/Internal User/Password'

2018-12-13 12:25:42 - [TEST_STEP][PASSED] - click: Object: 'Object Repository/Final Object Repo/Login Page/Internal User/Login Button' is clicked on

2018-12-13 12:25:42 - [MESSAGE][PASSED] - Object: 'Object Repository/Final Object Repo/Login Page/Internal User/Login Button' is clicked on

2018-12-13 12:25:42 - [TEST_STEP][PASSED] - delay: Delayed 2 second(s)

2018-12-13 12:25:44 - [MESSAGE][PASSED] - Delayed 2 second(s)

2018-12-13 12:25:44 - [TEST_STEP][PASSED] - Statement - Try: Delayed 2 second(s)

2018-12-13 12:25:44 - [TEST_STEP][PASSED] - Statement - Checker = false: null

2018-12-13 12:25:44 - [TEST_STEP][PASSED] - Statement - Checker = com.kms.katalon.core.webui.keyword.WebUiBuiltInKeywords.verifyElementHasAttribute(com.kms.katalon.core.testobject.ObjectRepository.findTestObject(Final Object Repo/Landing Page/BM Detecting), "href", 20, OPTIONAL): Object 'Object Repository/Final Object Repo/Landing Page/BM Detecting' has attribute 'href'

2018-12-13 12:25:44 - [MESSAGE][PASSED] - Object 'Object Repository/Final Object Repo/Landing Page/BM Detecting' has attribute 'href'

2018-12-13 12:25:44 - [TEST_STEP][PASSED] - Statement - out.println(Checker): null

2018-12-13 12:25:44 - [TEST_STEP][PASSED] - Statement - If (Checker == false): null

2018-12-13 12:25:44 - [TEST_STEP][PASSED] - Statement - Else: null

2018-12-13 12:25:44 - [TEST_STEP][PASSED] - delay: Delayed 2 second(s)

2018-12-13 12:25:46 - [MESSAGE][PASSED] - Delayed 2 second(s)

2018-12-13 12:25:46 - [TEST_STEP][PASSED] - click: Object: 'Object Repository/Final Object Repo/Page_MyASSIST - ASSIST - Search Pending Case For Add Supporting Document/Search Information' is clicked on

2018-12-13 12:25:46 - [MESSAGE][PASSED] - Object: 'Object Repository/Final Object Repo/Page_MyASSIST - ASSIST - Search Pending Case For Add Supporting Document/Search Information' is clicked on

2018-12-13 12:25:46 - [TEST_STEP][PASSED] - delay: Delayed 3 second(s)

2018-12-13 12:25:49 - [MESSAGE][PASSED] - Delayed 3 second(s)

2018-12-13 12:25:49 - [TEST_STEP][PASSED] - sendKeys: Keys 'ERN122018C200002420' sent to object: 'Object Repository/Final Object Repo/Page_MyASSIST - ASSIST - Search Pending Case For Add Supporting Document/Reference No'

2018-12-13 12:25:50 - [MESSAGE][PASSED] - Keys 'ERN122018C200002420' sent to object: 'Object Repository/Final Object Repo/Page_MyASSIST - ASSIST - Search Pending Case For Add Supporting Document/Reference No'

2018-12-13 12:25:50 - [TEST_STEP][PASSED] - click: Object: 'Object Repository/Final Object Repo/Page_MyASSIST - ASSIST - Search Pending Case For Add Supporting Document/Search Reference No' is clicked on

2018-12-13 12:25:50 - [MESSAGE][PASSED] - Object: 'Object Repository/Final Object Repo/Page_MyASSIST - ASSIST - Search Pending Case For Add Supporting Document/Search Reference No' is clicked on

2018-12-13 12:25:50 - [TEST_STEP][PASSED] - delay: Delayed 2 second(s)

2018-12-13 12:25:52 - [MESSAGE][PASSED] - Delayed 2 second(s)

2018-12-13 12:25:52 - [TEST_STEP][PASSED] - click: Object: 'Object Repository/Final Object Repo/Page_MyASSIST - ASSIST - Search Pending Case For Add Supporting Document/Continue' is clicked on

2018-12-13 12:25:55 - [MESSAGE][PASSED] - Object: 'Object Repository/Final Object Repo/Page_MyASSIST - ASSIST - Search Pending Case For Add Supporting Document/Continue' is clicked on

2018-12-13 12:25:55 - [TEST_STEP][PASSED] - delay: Delayed 20 second(s)

2018-12-13 12:26:15 - [MESSAGE][PASSED] - Delayed 20 second(s)

2018-12-13 12:26:15 - [MESSAGE][PASSED] - Call Test Case 'Test Cases/Final Aug 2018 - PKS Automation/Registration Module/Workflow/Login and Search Case For Workflow' successfully

2018-12-13 12:26:15 - [TEST_STEP][PASSED] - click: Object: 'Object Repository/Final Object Repo/Page_Form 3 EIS - Cessation as Employer/Page_Form 3 EIS - Cessation as Employer (Approve)/Save  Continue in Form 3 Page' is clicked on

2018-12-13 12:26:15 - [MESSAGE][PASSED] - Object: 'Object Repository/Final Object Repo/Page_Form 3 EIS - Cessation as Employer/Page_Form 3 EIS - Cessation as Employer (Approve)/Save  Continue in Form 3 Page' is clicked on

2018-12-13 12:26:15 - [TEST_STEP][PASSED] - delay: Delayed 2 second(s)

2018-12-13 12:26:17 - [MESSAGE][PASSED] - Delayed 2 second(s)

2018-12-13 12:26:17 - [TEST_STEP][PASSED] - click: Object: 'Object Repository/Final Object Repo/Page_Form 3 EIS - Cessation as Employer/Page_Form 3 EIS - Cessation as Employer (Approve)/Save  Continue in Resigned Page' is clicked on

2018-12-13 12:26:17 - [MESSAGE][PASSED] - Object: 'Object Repository/Final Object Repo/Page_Form 3 EIS - Cessation as Employer/Page_Form 3 EIS - Cessation as Employer (Approve)/Save  Continue in Resigned Page' is clicked on

2018-12-13 12:26:17 - [TEST_STEP][PASSED] - delay: Delayed 2 second(s)

2018-12-13 12:26:19 - [MESSAGE][PASSED] - Delayed 2 second(s)

2018-12-13 12:26:19 - [TEST_STEP][PASSED] - click: Object: 'Object Repository/Final Object Repo/Page_Form 3 EIS - Cessation as Employer/Page_Form 3 EIS - Cessation as Employer (Approve)/Save  Continue in Uploading Page' is clicked on

2018-12-13 12:26:21 - [MESSAGE][PASSED] - Object: 'Object Repository/Final Object Repo/Page_Form 3 EIS - Cessation as Employer/Page_Form 3 EIS - Cessation as Employer (Approve)/Save  Continue in Uploading Page' is clicked on

2018-12-13 12:26:21 - [TEST_STEP][PASSED] - delay: Delayed 2 second(s)

2018-12-13 12:26:23 - [MESSAGE][PASSED] - Delayed 2 second(s)

2018-12-13 12:26:23 - [TEST_STEP][PASSED] - click: Object: 'Object Repository/Final Object Repo/Page_Form 3 EIS - Cessation as Employer/Page_Form 3 EIS - Cessation as Employer (Reject)/Reject' is clicked on

2018-12-13 12:26:26 - [MESSAGE][PASSED] - Object: 'Object Repository/Final Object Repo/Page_Form 3 EIS - Cessation as Employer/Page_Form 3 EIS - Cessation as Employer (Reject)/Reject' is clicked on

2018-12-13 12:26:26 - [TEST_STEP][PASSED] - delay: Delayed 2 second(s)

2018-12-13 12:26:28 - [MESSAGE][PASSED] - Delayed 2 second(s)

2018-12-13 12:26:28 - [TEST_STEP][PASSED] - click: Object: 'Object Repository/Final Object Repo/Page_Form 3 EIS - Cessation as Employer/Page_Form 3 EIS - Cessation as Employer (Reject)/Confirm' is clicked on

2018-12-13 12:26:28 - [MESSAGE][PASSED] - Object: 'Object Repository/Final Object Repo/Page_Form 3 EIS - Cessation as Employer/Page_Form 3 EIS - Cessation as Employer (Reject)/Confirm' is clicked on

2018-12-13 12:26:28 - [TEST_STEP][PASSED] - delay: Delayed 2 second(s)

2018-12-13 12:26:30 - [MESSAGE][PASSED] - Delayed 2 second(s)

2018-12-13 12:26:30 - [TEST_STEP][PASSED] - click: Object: 'Object Repository/Final Object Repo/Page_Form 3 EIS - Cessation as Employer/Page_Form 3 EIS - Cessation as Employer (Reject)/Message This Case has been Rejected' is clicked on

2018-12-13 12:26:34 - [MESSAGE][PASSED] - Object: 'Object Repository/Final Object Repo/Page_Form 3 EIS - Cessation as Employer/Page_Form 3 EIS - Cessation as Employer (Reject)/Message This Case has been Rejected' is clicked on

2018-12-13 12:26:34 - [TEST_STEP][PASSED] - click: Object: 'Object Repository/Final Object Repo/Page_Form 3 EIS - Cessation as Employer/Page_Form 3 EIS - Cessation as Employer (Reject)/Letter of update rejection' is clicked on

2018-12-13 12:26:34 - [MESSAGE][PASSED] - Object: 'Object Repository/Final Object Repo/Page_Form 3 EIS - Cessation as Employer/Page_Form 3 EIS - Cessation as Employer (Reject)/Letter of update rejection' is clicked on

2018-12-13 12:26:34 - [MESSAGE][PASSED] - Call Test Case 'Test Cases/Final Aug 2018 - PKS Automation/Registration Module/Workflow/Form 3 EIS - Cessation As Employer/Template/Form 3 A - Cessation As Employer (Reject)' successfully]]></system-out>
         <system-err><![CDATA[]]></system-err>
      </testcase>
      <testcase name="Test Cases/Final Aug 2018 - PKS Automation/Registration Module/Workflow/Form 3 EIS - Cessation As Employer/OTC to UO (Under enforcement)" classname="Test Cases/Final Aug 2018 - PKS Automation/Registration Module/Workflow/Form 3 EIS - Cessation As Employer/OTC to UO (Under enforcement)" status="PASSED">
         <system-out><![CDATA[2018-12-13 12:26:34 - [TEST_CASE][PASSED] - Test Cases/Final Aug 2018 - PKS Automation/Registration Module/Workflow/Form 3 EIS - Cessation As Employer/OTC to UO (Under enforcement): Test Cases/Final Aug 2018 - PKS Automation/Registration Module/Workflow/Form 3 EIS - Cessation As Employer/OTC to UO (Under enforcement)

2018-12-13 12:26:35 - [TEST_STEP][PASSED] - callTestCase: Call Test Case 'Test Cases/Final Aug 2018 - PKS Automation/Registration Module/Workflow/Form 3 EIS - Cessation As Employer/Template/Form 3 A - Cessation As Employer (OTC)' successfully

2018-12-13 12:26:35 - [TEST_CASE][PASSED] - Test Cases/Final Aug 2018 - PKS Automation/Registration Module/Workflow/Form 3 EIS - Cessation As Employer/Template/Form 3 A - Cessation As Employer (OTC): Test Cases/Final Aug 2018 - PKS Automation/Registration Module/Workflow/Form 3 EIS - Cessation As Employer/Template/Form 3 A - Cessation As Employer (OTC)

2018-12-13 12:26:35 - [TEST_STEP][PASSED] - openBrowser: Browser is opened with url: ''

2018-12-13 12:26:35 - [MESSAGE][WARNING] - A browser is already opened. Closing browser and opening a new one

2018-12-13 12:26:39 - [MESSAGE][PASSED] - Browser is opened with url: ''

2018-12-13 12:26:39 - [TEST_STEP][PASSED] - navigateToUrl: Navigate to 'https://assist2-uat.perkeso.gov.my/login' successfully

2018-12-13 12:26:40 - [MESSAGE][PASSED] - Navigate to 'https://assist2-uat.perkeso.gov.my/login' successfully

2018-12-13 12:26:40 - [TEST_STEP][PASSED] - setText: Text 'johorotc1@gmail.com' is set on object 'Object Repository/Final Object Repo/Login Page/Internal User/Email Address'

2018-12-13 12:26:40 - [MESSAGE][PASSED] - Text 'johorotc1@gmail.com' is set on object 'Object Repository/Final Object Repo/Login Page/Internal User/Email Address'

2018-12-13 12:26:40 - [TEST_STEP][PASSED] - click: Object: 'Object Repository/Final Object Repo/Login Page/Internal User/Next Button' is clicked on

2018-12-13 12:26:41 - [MESSAGE][PASSED] - Object: 'Object Repository/Final Object Repo/Login Page/Internal User/Next Button' is clicked on

2018-12-13 12:26:41 - [TEST_STEP][PASSED] - delay: Delayed 1 second(s)

2018-12-13 12:26:42 - [MESSAGE][PASSED] - Delayed 1 second(s)

2018-12-13 12:26:42 - [TEST_STEP][PASSED] - setEncryptedText: Text ****** has been set on object 'Object Repository/Final Object Repo/Login Page/Internal User/Password'

2018-12-13 12:26:42 - [MESSAGE][PASSED] - Text ****** has been set on object 'Object Repository/Final Object Repo/Login Page/Internal User/Password'

2018-12-13 12:26:42 - [TEST_STEP][PASSED] - click: Object: 'Object Repository/Final Object Repo/Login Page/Internal User/Login Button' is clicked on

2018-12-13 12:26:42 - [MESSAGE][PASSED] - Object: 'Object Repository/Final Object Repo/Login Page/Internal User/Login Button' is clicked on

2018-12-13 12:26:42 - [TEST_STEP][PASSED] - delay: Delayed 1 second(s)

2018-12-13 12:26:43 - [MESSAGE][PASSED] - Delayed 1 second(s)

2018-12-13 12:26:43 - [TEST_STEP][PASSED] - Statement - Try: Delayed 2 second(s)

2018-12-13 12:26:43 - [TEST_STEP][PASSED] - Statement - Checker = false: null

2018-12-13 12:26:43 - [TEST_STEP][PASSED] - Statement - Checker = com.kms.katalon.core.webui.keyword.WebUiBuiltInKeywords.verifyElementHasAttribute(com.kms.katalon.core.testobject.ObjectRepository.findTestObject(Final Object Repo/Landing Page/BM Detecting), "href", 20, OPTIONAL): Object 'Object Repository/Final Object Repo/Landing Page/BM Detecting' has attribute 'href'

2018-12-13 12:26:44 - [MESSAGE][PASSED] - Object 'Object Repository/Final Object Repo/Landing Page/BM Detecting' has attribute 'href'

2018-12-13 12:26:44 - [TEST_STEP][PASSED] - Statement - out.println(Checker): null

2018-12-13 12:26:44 - [TEST_STEP][PASSED] - Statement - If (Checker == false): null

2018-12-13 12:26:44 - [TEST_STEP][PASSED] - Statement - Else: null

2018-12-13 12:26:44 - [TEST_STEP][PASSED] - delay: Delayed 2 second(s)

2018-12-13 12:26:46 - [MESSAGE][PASSED] - Delayed 2 second(s)

2018-12-13 12:26:46 - [TEST_STEP][PASSED] - navigateToUrl: Navigate to 'https://assist2-uat.perkeso.gov.my/web/registration/eis-update/form-3-eis-cessation-as-employer' successfully

2018-12-13 12:26:47 - [MESSAGE][PASSED] - Navigate to 'https://assist2-uat.perkeso.gov.my/web/registration/eis-update/form-3-eis-cessation-as-employer' successfully

2018-12-13 12:26:47 - [TEST_STEP][PASSED] - delay: Delayed 1 second(s)

2018-12-13 12:26:48 - [MESSAGE][PASSED] - Delayed 1 second(s)

2018-12-13 12:26:48 - [TEST_STEP][PASSED] - setText: Text 'E1102069769W' is set on object 'Object Repository/Final Object Repo/Page_Form 3 EIS - Cessation as Employer/Employer Code'

2018-12-13 12:26:48 - [MESSAGE][PASSED] - Text 'E1102069769W' is set on object 'Object Repository/Final Object Repo/Page_Form 3 EIS - Cessation as Employer/Employer Code'

2018-12-13 12:26:48 - [TEST_STEP][PASSED] - click: Object: 'Object Repository/Final Object Repo/Page_Form 3 EIS - Cessation as Employer/Search' is clicked on

2018-12-13 12:26:48 - [MESSAGE][PASSED] - Object: 'Object Repository/Final Object Repo/Page_Form 3 EIS - Cessation as Employer/Search' is clicked on

2018-12-13 12:26:48 - [TEST_STEP][PASSED] - click: Object: 'Object Repository/Final Object Repo/Page_Form 3 EIS - Cessation as Employer/Edit' is clicked on

2018-12-13 12:26:51 - [MESSAGE][PASSED] - Object: 'Object Repository/Final Object Repo/Page_Form 3 EIS - Cessation as Employer/Edit' is clicked on

2018-12-13 12:26:51 - [TEST_STEP][PASSED] - delay: Delayed 1 second(s)

2018-12-13 12:26:52 - [MESSAGE][PASSED] - Delayed 1 second(s)

2018-12-13 12:26:52 - [TEST_STEP][PASSED] - Statement - abc = com.kms.katalon.core.webui.keyword.WebUiBuiltInKeywords.getAttribute(com.kms.katalon.core.testobject.ObjectRepository.findTestObject(Final Object Repo/Page_Form 3 EIS - Cessation as Employer/Employer Status), "value"): Attribute 'value' of object 'Object Repository/Final Object Repo/Page_Form 3 EIS - Cessation as Employer/Employer Status' is: 'Active'

2018-12-13 12:26:52 - [MESSAGE][PASSED] - Attribute 'value' of object 'Object Repository/Final Object Repo/Page_Form 3 EIS - Cessation as Employer/Employer Status' is: 'Active'

2018-12-13 12:26:52 - [TEST_STEP][PASSED] - Statement - out.println(abc): null

2018-12-13 12:26:52 - [TEST_STEP][PASSED] - Statement - If (abc == "Active"): Object: 'Object Repository/Final Object Repo/Page_Form 3 EIS - Cessation as Employer/Dormant EIS' is clicked on

2018-12-13 12:26:52 - [TEST_STEP][PASSED] - click: Object: 'Object Repository/Final Object Repo/Page_Form 3 EIS - Cessation as Employer/Change Employer Status to' is clicked on

2018-12-13 12:26:52 - [MESSAGE][PASSED] - Object: 'Object Repository/Final Object Repo/Page_Form 3 EIS - Cessation as Employer/Change Employer Status to' is clicked on

2018-12-13 12:26:52 - [TEST_STEP][PASSED] - click: Object: 'Object Repository/Final Object Repo/Page_Form 3 EIS - Cessation as Employer/Dormant EIS' is clicked on

2018-12-13 12:26:52 - [MESSAGE][PASSED] - Object: 'Object Repository/Final Object Repo/Page_Form 3 EIS - Cessation as Employer/Dormant EIS' is clicked on

2018-12-13 12:26:52 - [TEST_STEP][PASSED] - click: Object: 'Object Repository/Final Object Repo/Page_Form 3 EIS - Cessation as Employer/Calender' is clicked on

2018-12-13 12:26:52 - [MESSAGE][PASSED] - Object: 'Object Repository/Final Object Repo/Page_Form 3 EIS - Cessation as Employer/Calender' is clicked on

2018-12-13 12:26:52 - [TEST_STEP][PASSED] - delay: Delayed 1 second(s)

2018-12-13 12:26:53 - [MESSAGE][PASSED] - Delayed 1 second(s)

2018-12-13 12:26:53 - [TEST_STEP][PASSED] - click: Object: 'Object Repository/Final Object Repo/Page_Form 3 EIS - Cessation as Employer/Calender - Date' is clicked on

2018-12-13 12:26:53 - [MESSAGE][PASSED] - Object: 'Object Repository/Final Object Repo/Page_Form 3 EIS - Cessation as Employer/Calender - Date' is clicked on

2018-12-13 12:26:53 - [TEST_STEP][PASSED] - click: Object: 'Object Repository/Final Object Repo/Page_Form 3 EIS - Cessation as Employer/Save  Continue in Form 3 EIS Page' is clicked on

2018-12-13 12:26:54 - [MESSAGE][PASSED] - Object: 'Object Repository/Final Object Repo/Page_Form 3 EIS - Cessation as Employer/Save  Continue in Form 3 EIS Page' is clicked on

2018-12-13 12:26:54 - [TEST_STEP][PASSED] - delay: Delayed 1 second(s)

2018-12-13 12:26:55 - [MESSAGE][PASSED] - Delayed 1 second(s)

2018-12-13 12:26:55 - [TEST_STEP][PASSED] - click: Object: 'Object Repository/Final Object Repo/Page_Form 3 EIS - Cessation as Employer/Employment Resign Date' is clicked on

2018-12-13 12:26:55 - [MESSAGE][PASSED] - Object: 'Object Repository/Final Object Repo/Page_Form 3 EIS - Cessation as Employer/Employment Resign Date' is clicked on

2018-12-13 12:26:55 - [TEST_STEP][PASSED] - selectOptionByValue: All options with value '2030' are selected in object 'Object Repository/Final Object Repo/Page_Form 3 EIS - Cessation as Employer/Employment Resign Date - Year' 

2018-12-13 12:26:55 - [MESSAGE][PASSED] - All options with value '2030' are selected in object 'Object Repository/Final Object Repo/Page_Form 3 EIS - Cessation as Employer/Employment Resign Date - Year' 

2018-12-13 12:26:55 - [TEST_STEP][PASSED] - delay: Delayed 2 second(s)

2018-12-13 12:26:57 - [MESSAGE][PASSED] - Delayed 2 second(s)

2018-12-13 12:26:57 - [TEST_STEP][PASSED] - click: Object: 'Object Repository/Final Object Repo/Page_Form 3 EIS - Cessation as Employer/Employment Resign Date - Year - Date' is clicked on

2018-12-13 12:26:57 - [MESSAGE][PASSED] - Object: 'Object Repository/Final Object Repo/Page_Form 3 EIS - Cessation as Employer/Employment Resign Date - Year - Date' is clicked on

2018-12-13 12:26:57 - [TEST_STEP][PASSED] - delay: Delayed 2 second(s)

2018-12-13 12:26:59 - [MESSAGE][PASSED] - Delayed 2 second(s)

2018-12-13 12:26:59 - [TEST_STEP][PASSED] - click: Object: 'Object Repository/Final Object Repo/Page_Form 3 EIS - Cessation as Employer/Save  Continue in Employment Resign Page' is clicked on

2018-12-13 12:26:59 - [MESSAGE][PASSED] - Object: 'Object Repository/Final Object Repo/Page_Form 3 EIS - Cessation as Employer/Save  Continue in Employment Resign Page' is clicked on

2018-12-13 12:26:59 - [TEST_STEP][PASSED] - delay: Delayed 2 second(s)

2018-12-13 12:27:01 - [MESSAGE][PASSED] - Delayed 2 second(s)

2018-12-13 12:27:01 - [TEST_STEP][PASSED] - click: Object: 'Object Repository/Final Object Repo/Page_Form 3 EIS - Cessation as Employer/Set Latest - Yes' is clicked on

2018-12-13 12:27:02 - [MESSAGE][PASSED] - Object: 'Object Repository/Final Object Repo/Page_Form 3 EIS - Cessation as Employer/Set Latest - Yes' is clicked on

2018-12-13 12:27:02 - [TEST_STEP][PASSED] - delay: Delayed 2 second(s)

2018-12-13 12:27:04 - [MESSAGE][PASSED] - Delayed 2 second(s)

2018-12-13 12:27:04 - [TEST_STEP][PASSED] - click: Object: 'Object Repository/Final Object Repo/Page_Form 3 EIS - Cessation as Employer/Add Document' is clicked on

2018-12-13 12:27:05 - [MESSAGE][PASSED] - Object: 'Object Repository/Final Object Repo/Page_Form 3 EIS - Cessation as Employer/Add Document' is clicked on

2018-12-13 12:27:05 - [TEST_STEP][PASSED] - delay: Delayed 3 second(s)

2018-12-13 12:27:08 - [MESSAGE][PASSED] - Delayed 3 second(s)

2018-12-13 12:27:08 - [TEST_STEP][PASSED] - click: Object: 'Object Repository/Final Object Repo/Page_Form 3 EIS - Cessation as Employer/Document Type' is clicked on

2018-12-13 12:27:08 - [MESSAGE][PASSED] - Object: 'Object Repository/Final Object Repo/Page_Form 3 EIS - Cessation as Employer/Document Type' is clicked on

2018-12-13 12:27:08 - [TEST_STEP][PASSED] - click: Object: 'Object Repository/Final Object Repo/Page_Form 3 EIS - Cessation as Employer/Document Type - Form 3' is clicked on

2018-12-13 12:27:08 - [MESSAGE][PASSED] - Object: 'Object Repository/Final Object Repo/Page_Form 3 EIS - Cessation as Employer/Document Type - Form 3' is clicked on

2018-12-13 12:27:08 - [TEST_STEP][PASSED] - delay: Delayed 2 second(s)

2018-12-13 12:27:10 - [MESSAGE][PASSED] - Delayed 2 second(s)

2018-12-13 12:27:10 - [TEST_STEP][PASSED] - sendKeys: Keys 'C:\Users\Public\Pictures\Sample Pictures\Koala.jpg' sent to object: 'Object Repository/Final Object Repo/Page_Form 3 EIS - Cessation as Employer/ploading File'

2018-12-13 12:27:10 - [MESSAGE][PASSED] - Keys 'C:\Users\Public\Pictures\Sample Pictures\Koala.jpg' sent to object: 'Object Repository/Final Object Repo/Page_Form 3 EIS - Cessation as Employer/ploading File'

2018-12-13 12:27:10 - [TEST_STEP][PASSED] - delay: Delayed 1 second(s)

2018-12-13 12:27:11 - [MESSAGE][PASSED] - Delayed 1 second(s)

2018-12-13 12:27:11 - [TEST_STEP][PASSED] - click: Object: 'Object Repository/Final Object Repo/Page_Form 3 EIS - Cessation as Employer/Add Document in Uploading Page' is clicked on

2018-12-13 12:27:11 - [MESSAGE][PASSED] - Object: 'Object Repository/Final Object Repo/Page_Form 3 EIS - Cessation as Employer/Add Document in Uploading Page' is clicked on

2018-12-13 12:27:11 - [TEST_STEP][PASSED] - delay: Delayed 2 second(s)

2018-12-13 12:27:13 - [MESSAGE][PASSED] - Delayed 2 second(s)

2018-12-13 12:27:13 - [TEST_STEP][PASSED] - Statement - CaseReferenceNo = com.kms.katalon.core.webui.keyword.WebUiBuiltInKeywords.getText(com.kms.katalon.core.testobject.ObjectRepository.findTestObject(Final Object Repo/Page_Update Employer Information/Reference Number in Update Employee Information Page)): Text of object 'Object Repository/Final Object Repo/Page_Update Employer Information/Reference Number in Update Employee Information Page' is: 'ERN122018C200002421'

2018-12-13 12:27:15 - [MESSAGE][PASSED] - Text of object 'Object Repository/Final Object Repo/Page_Update Employer Information/Reference Number in Update Employee Information Page' is: 'ERN122018C200002421'

2018-12-13 12:27:15 - [TEST_STEP][PASSED] - callTestCase: Call Test Case 'Test Cases/Final Aug 2018 - PKS Automation/Common/Reference Number Setter' successfully

2018-12-13 12:27:15 - [TEST_CASE][PASSED] - Test Cases/Final Aug 2018 - PKS Automation/Common/Reference Number Setter: Test Cases/Final Aug 2018 - PKS Automation/Common/Reference Number Setter

2018-12-13 12:27:15 - [TEST_STEP][PASSED] - Statement - RefNoOldFile = new java.io.File(C://Users//Admin//Desktop//PKS//Automation Reference Point//KatalonReference.txt): null

2018-12-13 12:27:15 - [TEST_STEP][PASSED] - Statement - RefNoOldFile.delete(): null

2018-12-13 12:27:15 - [TEST_STEP][PASSED] - delay: Delayed 5 second(s)

2018-12-13 12:27:20 - [MESSAGE][PASSED] - Delayed 5 second(s)

2018-12-13 12:27:20 - [TEST_STEP][PASSED] - Statement - RefNo = new java.io.File(C://Users//Admin//Desktop//PKS//Automation Reference Point//KatalonReference.txt): null

2018-12-13 12:27:20 - [TEST_STEP][PASSED] - Statement - f2 = new java.io.FileWriter(RefNo, false): null

2018-12-13 12:27:20 - [TEST_STEP][PASSED] - Statement - f2.write(CaseReferenceNo): null

2018-12-13 12:27:20 - [TEST_STEP][PASSED] - Statement - f2.close(): null

2018-12-13 12:27:20 - [TEST_STEP][PASSED] - Statement - out.println("


" + CaseReferenceNo + "


"): null

2018-12-13 12:27:20 - [MESSAGE][PASSED] - Call Test Case 'Test Cases/Final Aug 2018 - PKS Automation/Common/Reference Number Setter' successfully

2018-12-13 12:27:20 - [TEST_STEP][PASSED] - delay: Delayed 2 second(s)

2018-12-13 12:27:22 - [MESSAGE][PASSED] - Delayed 2 second(s)

2018-12-13 12:27:22 - [TEST_STEP][PASSED] - click: Object: 'Object Repository/Final Object Repo/Page_Form 3 EIS - Cessation as Employer/Save  Continue in Uploading Page' is clicked on

2018-12-13 12:27:23 - [MESSAGE][PASSED] - Object: 'Object Repository/Final Object Repo/Page_Form 3 EIS - Cessation as Employer/Save  Continue in Uploading Page' is clicked on

2018-12-13 12:27:23 - [TEST_STEP][PASSED] - delay: Delayed 2 second(s)

2018-12-13 12:27:25 - [MESSAGE][PASSED] - Delayed 2 second(s)

2018-12-13 12:27:25 - [TEST_STEP][PASSED] - click: Object: 'Object Repository/Final Object Repo/Page_Form 3 EIS - Cessation as Employer/Submit' is clicked on

2018-12-13 12:27:28 - [MESSAGE][PASSED] - Object: 'Object Repository/Final Object Repo/Page_Form 3 EIS - Cessation as Employer/Submit' is clicked on

2018-12-13 12:27:28 - [TEST_STEP][PASSED] - delay: Delayed 2 second(s)

2018-12-13 12:27:30 - [MESSAGE][PASSED] - Delayed 2 second(s)

2018-12-13 12:27:30 - [TEST_STEP][PASSED] - click: Object: 'Object Repository/Final Object Repo/Page_Form 3 EIS - Cessation as Employer/Confirm' is clicked on

2018-12-13 12:27:30 - [MESSAGE][PASSED] - Object: 'Object Repository/Final Object Repo/Page_Form 3 EIS - Cessation as Employer/Confirm' is clicked on

2018-12-13 12:27:30 - [TEST_STEP][PASSED] - delay: Delayed 2 second(s)

2018-12-13 12:27:32 - [MESSAGE][PASSED] - Delayed 2 second(s)

2018-12-13 12:27:32 - [TEST_STEP][PASSED] - click: Object: 'Object Repository/Final Object Repo/Page_Form 3 EIS - Cessation as Employer/Message Your Request will be routed to UO' is clicked on

2018-12-13 12:27:35 - [MESSAGE][PASSED] - Object: 'Object Repository/Final Object Repo/Page_Form 3 EIS - Cessation as Employer/Message Your Request will be routed to UO' is clicked on

2018-12-13 12:27:35 - [TEST_STEP][PASSED] - click: Object: 'Object Repository/Final Object Repo/Page_Form 3 EIS - Cessation as Employer/Letter of acknowledgement' is clicked on

2018-12-13 12:27:36 - [MESSAGE][PASSED] - Object: 'Object Repository/Final Object Repo/Page_Form 3 EIS - Cessation as Employer/Letter of acknowledgement' is clicked on

2018-12-13 12:27:36 - [MESSAGE][PASSED] - Call Test Case 'Test Cases/Final Aug 2018 - PKS Automation/Registration Module/Workflow/Form 3 EIS - Cessation As Employer/Template/Form 3 A - Cessation As Employer (OTC)' successfully

2018-12-13 12:27:36 - [TEST_STEP][PASSED] - callTestCase: Call Test Case 'Test Cases/Final Aug 2018 - PKS Automation/Registration Module/Workflow/Form 3 EIS - Cessation As Employer/Template/Form 3 A - Cessation As Employer (Under enforcement)' successfully

2018-12-13 12:27:36 - [TEST_CASE][PASSED] - Test Cases/Final Aug 2018 - PKS Automation/Registration Module/Workflow/Form 3 EIS - Cessation As Employer/Template/Form 3 A - Cessation As Employer (Under enforcement): Test Cases/Final Aug 2018 - PKS Automation/Registration Module/Workflow/Form 3 EIS - Cessation As Employer/Template/Form 3 A - Cessation As Employer (Under enforcement)

2018-12-13 12:27:36 - [TEST_STEP][NOT_RUN] - callTestCase: NOT_RUN: callTestCase

2018-12-13 12:27:36 - [MESSAGE][NOT_RUN] - NOT_RUN: callTestCase

2018-12-13 12:27:36 - [TEST_STEP][PASSED] - delay: Delayed 1 second(s)

2018-12-13 12:27:37 - [MESSAGE][PASSED] - Delayed 1 second(s)

2018-12-13 12:27:37 - [TEST_STEP][PASSED] - navigateToUrl: Navigate to 'https://assist2-uat.perkeso.gov.my/c/portal/logout' successfully

2018-12-13 12:27:38 - [MESSAGE][PASSED] - Navigate to 'https://assist2-uat.perkeso.gov.my/c/portal/logout' successfully

2018-12-13 12:27:38 - [TEST_STEP][PASSED] - delay: Delayed 1 second(s)

2018-12-13 12:27:39 - [MESSAGE][PASSED] - Delayed 1 second(s)

2018-12-13 12:27:39 - [TEST_STEP][PASSED] - callTestCase: Call Test Case 'Test Cases/Final Aug 2018 - PKS Automation/Common/Reference Number Getter' successfully

2018-12-13 12:27:39 - [TEST_CASE][PASSED] - Test Cases/Final Aug 2018 - PKS Automation/Common/Reference Number Getter: Test Cases/Final Aug 2018 - PKS Automation/Common/Reference Number Getter

2018-12-13 12:27:39 - [TEST_STEP][PASSED] - Statement - Try: null

2018-12-13 12:27:39 - [TEST_STEP][PASSED] - Statement - RefNo = new java.io.File(C://Users//Admin//Desktop//PKS//Automation Reference Point//KatalonReference.txt): null

2018-12-13 12:27:39 - [TEST_STEP][PASSED] - Statement - bufferread = new java.io.BufferedReader(new java.io.FileReader(RefNo)): null

2018-12-13 12:27:39 - [TEST_STEP][PASSED] - Statement - readedVal = bufferread.readLine(): null

2018-12-13 12:27:39 - [TEST_STEP][PASSED] - Statement - out.println(CaseReferenceNo): null

2018-12-13 12:27:39 - [TEST_STEP][PASSED] - Statement - out.println(readedVal): null

2018-12-13 12:27:39 - [TEST_STEP][PASSED] - Statement - CaseReferenceNo = "": null

2018-12-13 12:27:39 - [TEST_STEP][PASSED] - Statement - CaseReferenceNo = readedVal: null

2018-12-13 12:27:39 - [MESSAGE][PASSED] - Call Test Case 'Test Cases/Final Aug 2018 - PKS Automation/Common/Reference Number Getter' successfully

2018-12-13 12:27:39 - [TEST_STEP][PASSED] - callTestCase: Call Test Case 'Test Cases/Final Aug 2018 - PKS Automation/Common/Workflow Owner Finder' successfully

2018-12-13 12:27:39 - [TEST_CASE][PASSED] - Test Cases/Final Aug 2018 - PKS Automation/Common/Workflow Owner Finder: Test Cases/Final Aug 2018 - PKS Automation/Common/Workflow Owner Finder

2018-12-13 12:27:39 - [TEST_STEP][PASSED] - openBrowser: Browser is opened with url: ''

2018-12-13 12:27:39 - [MESSAGE][WARNING] - A browser is already opened. Closing browser and opening a new one

2018-12-13 12:27:43 - [MESSAGE][PASSED] - Browser is opened with url: ''

2018-12-13 12:27:43 - [TEST_STEP][PASSED] - navigateToUrl: Navigate to 'https://assist2-uat.perkeso.gov.my/login' successfully

2018-12-13 12:27:44 - [MESSAGE][PASSED] - Navigate to 'https://assist2-uat.perkeso.gov.my/login' successfully

2018-12-13 12:27:44 - [TEST_STEP][PASSED] - delay: Delayed 5 second(s)

2018-12-13 12:27:49 - [MESSAGE][PASSED] - Delayed 5 second(s)

2018-12-13 12:27:49 - [TEST_STEP][PASSED] - setText: Text 'test@liferay.com' is set on object 'Object Repository/Final Object Repo/Login Page/Internal User/Email Address'

2018-12-13 12:27:49 - [MESSAGE][PASSED] - Text 'test@liferay.com' is set on object 'Object Repository/Final Object Repo/Login Page/Internal User/Email Address'

2018-12-13 12:27:49 - [TEST_STEP][PASSED] - click: Object: 'Object Repository/Final Object Repo/Login Page/Internal User/Next Button' is clicked on

2018-12-13 12:27:49 - [MESSAGE][PASSED] - Object: 'Object Repository/Final Object Repo/Login Page/Internal User/Next Button' is clicked on

2018-12-13 12:27:49 - [TEST_STEP][PASSED] - delay: Delayed 2 second(s)

2018-12-13 12:27:51 - [MESSAGE][PASSED] - Delayed 2 second(s)

2018-12-13 12:27:51 - [TEST_STEP][PASSED] - setText: Text 'test' is set on object 'Object Repository/Final Object Repo/Login Page/Internal User/Password'

2018-12-13 12:27:52 - [MESSAGE][PASSED] - Text 'test' is set on object 'Object Repository/Final Object Repo/Login Page/Internal User/Password'

2018-12-13 12:27:52 - [TEST_STEP][PASSED] - delay: Delayed 2 second(s)

2018-12-13 12:27:54 - [MESSAGE][PASSED] - Delayed 2 second(s)

2018-12-13 12:27:54 - [TEST_STEP][PASSED] - click: Object: 'Object Repository/Final Object Repo/Login Page/Internal User/Login Button' is clicked on

2018-12-13 12:27:54 - [MESSAGE][PASSED] - Object: 'Object Repository/Final Object Repo/Login Page/Internal User/Login Button' is clicked on

2018-12-13 12:27:54 - [TEST_STEP][PASSED] - Statement - tester = com.kms.katalon.core.testobject.ObjectRepository.findTestObject(Final Object Repo/Landing Page/Select to English): Finding Test Object with id 'Object Repository/Final Object Repo/Landing Page/Select to English'

2018-12-13 12:27:54 - [TEST_STEP][PASSED] - Statement - Try: Delayed 2 second(s)

2018-12-13 12:27:54 - [TEST_STEP][PASSED] - Statement - Checker = com.kms.katalon.core.webui.keyword.WebUiBuiltInKeywords.verifyElementNotPresent(tester, 3): Web element with id: 'Object Repository/Final Object Repo/Landing Page/Select to English' located by 'By.xpath: //a[@class = 'taglib-language-list-text' and @lang = 'en-US' and (contains(text(), 'EN') or contains(., 'EN'))]' is not present after '3' second(s)

2018-12-13 12:27:55 - [MESSAGE][PASSED] - Web element with id: 'Object Repository/Final Object Repo/Landing Page/Select to English' located by 'By.xpath: //a[@class = 'taglib-language-list-text' and @lang = 'en-US' and (contains(text(), 'EN') or contains(., 'EN'))]' is not present after '3' second(s)

2018-12-13 12:27:55 - [TEST_STEP][PASSED] - Statement - If (Checker == false): null

2018-12-13 12:27:55 - [TEST_STEP][PASSED] - delay: Delayed 2 second(s)

2018-12-13 12:27:57 - [MESSAGE][PASSED] - Delayed 2 second(s)

2018-12-13 12:27:57 - [TEST_STEP][PASSED] - delay: Delayed 5 second(s)

2018-12-13 12:28:02 - [MESSAGE][PASSED] - Delayed 5 second(s)

2018-12-13 12:28:02 - [TEST_STEP][PASSED] - mouseOver: Object: 'Object Repository/Final Object Repo/Landing Page/WorkFlow Menu' is hovered

2018-12-13 12:28:03 - [MESSAGE][PASSED] - Object: 'Object Repository/Final Object Repo/Landing Page/WorkFlow Menu' is hovered

2018-12-13 12:28:03 - [TEST_STEP][PASSED] - delay: Delayed 2 second(s)

2018-12-13 12:28:05 - [MESSAGE][PASSED] - Delayed 2 second(s)

2018-12-13 12:28:05 - [TEST_STEP][PASSED] - click: Object: 'Object Repository/Final Object Repo/Landing Page/Select to Workflow Listing' is clicked on

2018-12-13 12:28:06 - [MESSAGE][PASSED] - Object: 'Object Repository/Final Object Repo/Landing Page/Select to Workflow Listing' is clicked on

2018-12-13 12:28:06 - [TEST_STEP][PASSED] - delay: Delayed 2 second(s)

2018-12-13 12:28:08 - [MESSAGE][PASSED] - Delayed 2 second(s)

2018-12-13 12:28:08 - [TEST_STEP][PASSED] - click: Object: 'Object Repository/Final Object Repo/WorkFlow Listing Page/Search Information - To Put Ref No' is clicked on

2018-12-13 12:28:08 - [MESSAGE][PASSED] - Object: 'Object Repository/Final Object Repo/WorkFlow Listing Page/Search Information - To Put Ref No' is clicked on

2018-12-13 12:28:08 - [TEST_STEP][PASSED] - delay: Delayed 2 second(s)

2018-12-13 12:28:10 - [MESSAGE][PASSED] - Delayed 2 second(s)

2018-12-13 12:28:10 - [TEST_STEP][PASSED] - callTestCase: Call Test Case 'Test Cases/Final Aug 2018 - PKS Automation/Common/Reference Number Getter' successfully

2018-12-13 12:28:10 - [TEST_CASE][PASSED] - Test Cases/Final Aug 2018 - PKS Automation/Common/Reference Number Getter: Test Cases/Final Aug 2018 - PKS Automation/Common/Reference Number Getter

2018-12-13 12:28:10 - [TEST_STEP][PASSED] - Statement - Try: null

2018-12-13 12:28:10 - [TEST_STEP][PASSED] - Statement - RefNo = new java.io.File(C://Users//Admin//Desktop//PKS//Automation Reference Point//KatalonReference.txt): null

2018-12-13 12:28:10 - [TEST_STEP][PASSED] - Statement - bufferread = new java.io.BufferedReader(new java.io.FileReader(RefNo)): null

2018-12-13 12:28:10 - [TEST_STEP][PASSED] - Statement - readedVal = bufferread.readLine(): null

2018-12-13 12:28:10 - [TEST_STEP][PASSED] - Statement - out.println(CaseReferenceNo): null

2018-12-13 12:28:10 - [TEST_STEP][PASSED] - Statement - out.println(readedVal): null

2018-12-13 12:28:10 - [TEST_STEP][PASSED] - Statement - CaseReferenceNo = "": null

2018-12-13 12:28:10 - [TEST_STEP][PASSED] - Statement - CaseReferenceNo = readedVal: null

2018-12-13 12:28:10 - [MESSAGE][PASSED] - Call Test Case 'Test Cases/Final Aug 2018 - PKS Automation/Common/Reference Number Getter' successfully

2018-12-13 12:28:10 - [TEST_STEP][PASSED] - setText: Text 'ERN122018C200002421' is set on object 'Object Repository/Final Object Repo/WorkFlow Listing Page/Ref No Set Text'

2018-12-13 12:28:10 - [MESSAGE][PASSED] - Text 'ERN122018C200002421' is set on object 'Object Repository/Final Object Repo/WorkFlow Listing Page/Ref No Set Text'

2018-12-13 12:28:10 - [TEST_STEP][PASSED] - delay: Delayed 2 second(s)

2018-12-13 12:28:12 - [MESSAGE][PASSED] - Delayed 2 second(s)

2018-12-13 12:28:12 - [TEST_STEP][PASSED] - click: Object: 'Object Repository/Final Object Repo/WorkFlow Listing Page/Search Ref No Search Button' is clicked on

2018-12-13 12:28:12 - [MESSAGE][PASSED] - Object: 'Object Repository/Final Object Repo/WorkFlow Listing Page/Search Ref No Search Button' is clicked on

2018-12-13 12:28:12 - [TEST_STEP][PASSED] - delay: Delayed 6 second(s)

2018-12-13 12:28:18 - [MESSAGE][PASSED] - Delayed 6 second(s)

2018-12-13 12:28:18 - [TEST_STEP][PASSED] - click: Object: 'Object Repository/Final Object Repo/WorkFlow Listing Page/Click Continue Tooltip' is clicked on

2018-12-13 12:28:19 - [MESSAGE][PASSED] - Object: 'Object Repository/Final Object Repo/WorkFlow Listing Page/Click Continue Tooltip' is clicked on

2018-12-13 12:28:19 - [TEST_STEP][PASSED] - delay: Delayed 5 second(s)

2018-12-13 12:28:24 - [MESSAGE][PASSED] - Delayed 5 second(s)

2018-12-13 12:28:24 - [TEST_STEP][PASSED] - doubleClick: Object: 'Object Repository/Final Object Repo/WorkFlow Listing Page/Workflow Found - Listing 1' is double clicked on

2018-12-13 12:28:24 - [MESSAGE][PASSED] - Object: 'Object Repository/Final Object Repo/WorkFlow Listing Page/Workflow Found - Listing 1' is double clicked on

2018-12-13 12:28:24 - [TEST_STEP][PASSED] - Statement - println(OwnerID): null

2018-12-13 12:28:24 - [TEST_STEP][PASSED] - Statement - OwnerID = com.kms.katalon.core.webui.keyword.WebUiBuiltInKeywords.getText(com.kms.katalon.core.testobject.ObjectRepository.findTestObject(Final Object Repo/WorkFlow Listing Page/Workflow Found - Listing 1), STOP_ON_FAILURE): Text of object 'Object Repository/Final Object Repo/WorkFlow Listing Page/Workflow Found - Listing 1' is: 'JOHORuo3'

2018-12-13 12:28:24 - [MESSAGE][PASSED] - Text of object 'Object Repository/Final Object Repo/WorkFlow Listing Page/Workflow Found - Listing 1' is: 'JOHORuo3'

2018-12-13 12:28:24 - [TEST_STEP][PASSED] - Statement - OwnerID = OwnerID.toLowerCase() + "@gmail.com": null

2018-12-13 12:28:24 - [TEST_STEP][PASSED] - Statement - println(OwnerID): null

2018-12-13 12:28:24 - [TEST_STEP][PASSED] - delay: Delayed 2 second(s)

2018-12-13 12:28:26 - [MESSAGE][PASSED] - Delayed 2 second(s)

2018-12-13 12:28:26 - [MESSAGE][PASSED] - Call Test Case 'Test Cases/Final Aug 2018 - PKS Automation/Common/Workflow Owner Finder' successfully

2018-12-13 12:28:26 - [TEST_STEP][PASSED] - delay: Delayed 1 second(s)

2018-12-13 12:28:27 - [MESSAGE][PASSED] - Delayed 1 second(s)

2018-12-13 12:28:27 - [TEST_STEP][PASSED] - navigateToUrl: Navigate to 'https://assist2-uat.perkeso.gov.my/c/portal/logout' successfully

2018-12-13 12:28:28 - [MESSAGE][PASSED] - Navigate to 'https://assist2-uat.perkeso.gov.my/c/portal/logout' successfully

2018-12-13 12:28:28 - [TEST_STEP][PASSED] - delay: Delayed 1 second(s)

2018-12-13 12:28:29 - [MESSAGE][PASSED] - Delayed 1 second(s)

2018-12-13 12:28:29 - [TEST_STEP][PASSED] - callTestCase: Call Test Case 'Test Cases/Final Aug 2018 - PKS Automation/Registration Module/Workflow/Login and Search Case For Workflow' successfully

2018-12-13 12:28:29 - [TEST_CASE][PASSED] - Test Cases/Final Aug 2018 - PKS Automation/Registration Module/Workflow/Login and Search Case For Workflow: Test Cases/Final Aug 2018 - PKS Automation/Registration Module/Workflow/Login and Search Case For Workflow

2018-12-13 12:28:29 - [TEST_STEP][PASSED] - navigateToUrl: Navigate to 'https://assist2-uat.perkeso.gov.my/login' successfully

2018-12-13 12:28:30 - [MESSAGE][PASSED] - Navigate to 'https://assist2-uat.perkeso.gov.my/login' successfully

2018-12-13 12:28:30 - [TEST_STEP][PASSED] - setText: Text 'johoruo3@gmail.com' is set on object 'Object Repository/Final Object Repo/Login Page/Internal User/Email Address'

2018-12-13 12:28:30 - [MESSAGE][PASSED] - Text 'johoruo3@gmail.com' is set on object 'Object Repository/Final Object Repo/Login Page/Internal User/Email Address'

2018-12-13 12:28:30 - [TEST_STEP][PASSED] - click: Object: 'Object Repository/Final Object Repo/Login Page/Internal User/Next Button' is clicked on

2018-12-13 12:28:30 - [MESSAGE][PASSED] - Object: 'Object Repository/Final Object Repo/Login Page/Internal User/Next Button' is clicked on

2018-12-13 12:28:30 - [TEST_STEP][PASSED] - delay: Delayed 1 second(s)

2018-12-13 12:28:31 - [MESSAGE][PASSED] - Delayed 1 second(s)

2018-12-13 12:28:31 - [TEST_STEP][PASSED] - setEncryptedText: Text ****** has been set on object 'Object Repository/Final Object Repo/Login Page/Internal User/Password'

2018-12-13 12:28:32 - [MESSAGE][PASSED] - Text ****** has been set on object 'Object Repository/Final Object Repo/Login Page/Internal User/Password'

2018-12-13 12:28:32 - [TEST_STEP][PASSED] - click: Object: 'Object Repository/Final Object Repo/Login Page/Internal User/Login Button' is clicked on

2018-12-13 12:28:32 - [MESSAGE][PASSED] - Object: 'Object Repository/Final Object Repo/Login Page/Internal User/Login Button' is clicked on

2018-12-13 12:28:32 - [TEST_STEP][PASSED] - delay: Delayed 2 second(s)

2018-12-13 12:28:34 - [MESSAGE][PASSED] - Delayed 2 second(s)

2018-12-13 12:28:34 - [TEST_STEP][PASSED] - Statement - Try: Delayed 2 second(s)

2018-12-13 12:28:34 - [TEST_STEP][PASSED] - Statement - Checker = false: null

2018-12-13 12:28:34 - [TEST_STEP][PASSED] - Statement - Checker = com.kms.katalon.core.webui.keyword.WebUiBuiltInKeywords.verifyElementHasAttribute(com.kms.katalon.core.testobject.ObjectRepository.findTestObject(Final Object Repo/Landing Page/BM Detecting), "href", 20, OPTIONAL): Object 'Object Repository/Final Object Repo/Landing Page/BM Detecting' has attribute 'href'

2018-12-13 12:28:34 - [MESSAGE][PASSED] - Object 'Object Repository/Final Object Repo/Landing Page/BM Detecting' has attribute 'href'

2018-12-13 12:28:34 - [TEST_STEP][PASSED] - Statement - out.println(Checker): null

2018-12-13 12:28:34 - [TEST_STEP][PASSED] - Statement - If (Checker == false): null

2018-12-13 12:28:34 - [TEST_STEP][PASSED] - Statement - Else: null

2018-12-13 12:28:34 - [TEST_STEP][PASSED] - delay: Delayed 2 second(s)

2018-12-13 12:28:36 - [MESSAGE][PASSED] - Delayed 2 second(s)

2018-12-13 12:28:36 - [TEST_STEP][PASSED] - click: Object: 'Object Repository/Final Object Repo/Page_MyASSIST - ASSIST - Search Pending Case For Add Supporting Document/Search Information' is clicked on

2018-12-13 12:28:36 - [MESSAGE][PASSED] - Object: 'Object Repository/Final Object Repo/Page_MyASSIST - ASSIST - Search Pending Case For Add Supporting Document/Search Information' is clicked on

2018-12-13 12:28:36 - [TEST_STEP][PASSED] - delay: Delayed 3 second(s)

2018-12-13 12:28:39 - [MESSAGE][PASSED] - Delayed 3 second(s)

2018-12-13 12:28:39 - [TEST_STEP][PASSED] - sendKeys: Keys 'ERN122018C200002421' sent to object: 'Object Repository/Final Object Repo/Page_MyASSIST - ASSIST - Search Pending Case For Add Supporting Document/Reference No'

2018-12-13 12:28:39 - [MESSAGE][PASSED] - Keys 'ERN122018C200002421' sent to object: 'Object Repository/Final Object Repo/Page_MyASSIST - ASSIST - Search Pending Case For Add Supporting Document/Reference No'

2018-12-13 12:28:39 - [TEST_STEP][PASSED] - click: Object: 'Object Repository/Final Object Repo/Page_MyASSIST - ASSIST - Search Pending Case For Add Supporting Document/Search Reference No' is clicked on

2018-12-13 12:28:39 - [MESSAGE][PASSED] - Object: 'Object Repository/Final Object Repo/Page_MyASSIST - ASSIST - Search Pending Case For Add Supporting Document/Search Reference No' is clicked on

2018-12-13 12:28:39 - [TEST_STEP][PASSED] - delay: Delayed 2 second(s)

2018-12-13 12:28:41 - [MESSAGE][PASSED] - Delayed 2 second(s)

2018-12-13 12:28:41 - [TEST_STEP][PASSED] - click: Object: 'Object Repository/Final Object Repo/Page_MyASSIST - ASSIST - Search Pending Case For Add Supporting Document/Continue' is clicked on

2018-12-13 12:28:45 - [MESSAGE][PASSED] - Object: 'Object Repository/Final Object Repo/Page_MyASSIST - ASSIST - Search Pending Case For Add Supporting Document/Continue' is clicked on

2018-12-13 12:28:45 - [TEST_STEP][PASSED] - delay: Delayed 20 second(s)

2018-12-13 12:29:05 - [MESSAGE][PASSED] - Delayed 20 second(s)

2018-12-13 12:29:05 - [MESSAGE][PASSED] - Call Test Case 'Test Cases/Final Aug 2018 - PKS Automation/Registration Module/Workflow/Login and Search Case For Workflow' successfully

2018-12-13 12:29:05 - [TEST_STEP][PASSED] - click: Object: 'Object Repository/Final Object Repo/Page_Form 3 EIS - Cessation as Employer/Page_Form 3 EIS - Cessation as Employer (Approve)/Save  Continue in Form 3 Page' is clicked on

2018-12-13 12:29:05 - [MESSAGE][PASSED] - Object: 'Object Repository/Final Object Repo/Page_Form 3 EIS - Cessation as Employer/Page_Form 3 EIS - Cessation as Employer (Approve)/Save  Continue in Form 3 Page' is clicked on

2018-12-13 12:29:05 - [TEST_STEP][PASSED] - delay: Delayed 2 second(s)

2018-12-13 12:29:07 - [MESSAGE][PASSED] - Delayed 2 second(s)

2018-12-13 12:29:07 - [TEST_STEP][PASSED] - click: Object: 'Object Repository/Final Object Repo/Page_Form 3 EIS - Cessation as Employer/Page_Form 3 EIS - Cessation as Employer (Approve)/Save  Continue in Resigned Page' is clicked on

2018-12-13 12:29:07 - [MESSAGE][PASSED] - Object: 'Object Repository/Final Object Repo/Page_Form 3 EIS - Cessation as Employer/Page_Form 3 EIS - Cessation as Employer (Approve)/Save  Continue in Resigned Page' is clicked on

2018-12-13 12:29:07 - [TEST_STEP][PASSED] - delay: Delayed 2 second(s)

2018-12-13 12:29:09 - [MESSAGE][PASSED] - Delayed 2 second(s)

2018-12-13 12:29:09 - [TEST_STEP][PASSED] - click: Object: 'Object Repository/Final Object Repo/Page_Form 3 EIS - Cessation as Employer/Page_Form 3 EIS - Cessation as Employer (Approve)/Save  Continue in Uploading Page' is clicked on

2018-12-13 12:29:10 - [MESSAGE][PASSED] - Object: 'Object Repository/Final Object Repo/Page_Form 3 EIS - Cessation as Employer/Page_Form 3 EIS - Cessation as Employer (Approve)/Save  Continue in Uploading Page' is clicked on

2018-12-13 12:29:10 - [TEST_STEP][PASSED] - delay: Delayed 2 second(s)

2018-12-13 12:29:12 - [MESSAGE][PASSED] - Delayed 2 second(s)

2018-12-13 12:29:12 - [TEST_STEP][PASSED] - click: Object: 'Object Repository/Final Object Repo/Page_Form 3 EIS - Cessation as Employer/Page_Form 3 EIS - Cessation as Employer (Under enforcement)/Underenforcement' is clicked on

2018-12-13 12:29:15 - [MESSAGE][PASSED] - Object: 'Object Repository/Final Object Repo/Page_Form 3 EIS - Cessation as Employer/Page_Form 3 EIS - Cessation as Employer (Under enforcement)/Underenforcement' is clicked on

2018-12-13 12:29:15 - [TEST_STEP][PASSED] - delay: Delayed 2 second(s)

2018-12-13 12:29:17 - [MESSAGE][PASSED] - Delayed 2 second(s)

2018-12-13 12:29:17 - [TEST_STEP][PASSED] - setText: Text 'Remark' is set on object 'Object Repository/Final Object Repo/Page_Form 3 EIS - Cessation as Employer/Page_Form 3 EIS - Cessation as Employer (Under enforcement)/Under enforcement - Remark'

2018-12-13 12:29:17 - [MESSAGE][PASSED] - Text 'Remark' is set on object 'Object Repository/Final Object Repo/Page_Form 3 EIS - Cessation as Employer/Page_Form 3 EIS - Cessation as Employer (Under enforcement)/Under enforcement - Remark'

2018-12-13 12:29:17 - [TEST_STEP][PASSED] - delay: Delayed 2 second(s)

2018-12-13 12:29:19 - [MESSAGE][PASSED] - Delayed 2 second(s)

2018-12-13 12:29:19 - [TEST_STEP][PASSED] - click: Object: 'Object Repository/Final Object Repo/Page_Form 3 EIS - Cessation as Employer/Page_Form 3 EIS - Cessation as Employer (Under enforcement)/Save  Continue in Under enforcement' is clicked on

2018-12-13 12:29:19 - [MESSAGE][PASSED] - Object: 'Object Repository/Final Object Repo/Page_Form 3 EIS - Cessation as Employer/Page_Form 3 EIS - Cessation as Employer (Under enforcement)/Save  Continue in Under enforcement' is clicked on

2018-12-13 12:29:19 - [TEST_STEP][PASSED] - doubleClick: Object: 'Object Repository/Final Object Repo/Page_Form 3 EIS - Cessation as Employer/Page_Form 3 EIS - Cessation as Employer (Under enforcement)/Message The case is under enforcement' is double clicked on

2018-12-13 12:29:24 - [MESSAGE][PASSED] - Object: 'Object Repository/Final Object Repo/Page_Form 3 EIS - Cessation as Employer/Page_Form 3 EIS - Cessation as Employer (Under enforcement)/Message The case is under enforcement' is double clicked on

2018-12-13 12:29:24 - [MESSAGE][PASSED] - Call Test Case 'Test Cases/Final Aug 2018 - PKS Automation/Registration Module/Workflow/Form 3 EIS - Cessation As Employer/Template/Form 3 A - Cessation As Employer (Under enforcement)' successfully]]></system-out>
         <system-err><![CDATA[]]></system-err>
      </testcase>
      <testcase name="Test Cases/Final Aug 2018 - PKS Automation/Registration Module/Workflow/Form 3 EIS - Cessation As Employer/PKRBO to UO (Approve)" classname="Test Cases/Final Aug 2018 - PKS Automation/Registration Module/Workflow/Form 3 EIS - Cessation As Employer/PKRBO to UO (Approve)" status="PASSED">
         <system-out><![CDATA[2018-12-13 12:29:24 - [TEST_CASE][PASSED] - Test Cases/Final Aug 2018 - PKS Automation/Registration Module/Workflow/Form 3 EIS - Cessation As Employer/PKRBO to UO (Approve): Test Cases/Final Aug 2018 - PKS Automation/Registration Module/Workflow/Form 3 EIS - Cessation As Employer/PKRBO to UO (Approve)

2018-12-13 12:29:24 - [TEST_STEP][PASSED] - callTestCase: Call Test Case 'Test Cases/Final Aug 2018 - PKS Automation/Registration Module/Workflow/Form 3 EIS - Cessation As Employer/Template/Form 3 A - Cessation As Employer (PKRBO)' successfully

2018-12-13 12:29:24 - [TEST_CASE][PASSED] - Test Cases/Final Aug 2018 - PKS Automation/Registration Module/Workflow/Form 3 EIS - Cessation As Employer/Template/Form 3 A - Cessation As Employer (PKRBO): Test Cases/Final Aug 2018 - PKS Automation/Registration Module/Workflow/Form 3 EIS - Cessation As Employer/Template/Form 3 A - Cessation As Employer (PKRBO)

2018-12-13 12:29:24 - [TEST_STEP][PASSED] - openBrowser: Browser is opened with url: ''

2018-12-13 12:29:24 - [MESSAGE][WARNING] - A browser is already opened. Closing browser and opening a new one

2018-12-13 12:29:28 - [MESSAGE][PASSED] - Browser is opened with url: ''

2018-12-13 12:29:28 - [TEST_STEP][PASSED] - navigateToUrl: Navigate to 'https://assist2-uat.perkeso.gov.my/login' successfully

2018-12-13 12:29:29 - [MESSAGE][PASSED] - Navigate to 'https://assist2-uat.perkeso.gov.my/login' successfully

2018-12-13 12:29:29 - [TEST_STEP][PASSED] - setText: Text 'johorpkrbo1@gmail.com' is set on object 'Object Repository/Final Object Repo/Login Page/Internal User/Email Address'

2018-12-13 12:29:30 - [MESSAGE][PASSED] - Text 'johorpkrbo1@gmail.com' is set on object 'Object Repository/Final Object Repo/Login Page/Internal User/Email Address'

2018-12-13 12:29:30 - [TEST_STEP][PASSED] - click: Object: 'Object Repository/Final Object Repo/Login Page/Internal User/Next Button' is clicked on

2018-12-13 12:29:30 - [MESSAGE][PASSED] - Object: 'Object Repository/Final Object Repo/Login Page/Internal User/Next Button' is clicked on

2018-12-13 12:29:30 - [TEST_STEP][PASSED] - delay: Delayed 1 second(s)

2018-12-13 12:29:31 - [MESSAGE][PASSED] - Delayed 1 second(s)

2018-12-13 12:29:31 - [TEST_STEP][PASSED] - setEncryptedText: Text ****** has been set on object 'Object Repository/Final Object Repo/Login Page/Internal User/Password'

2018-12-13 12:29:31 - [MESSAGE][PASSED] - Text ****** has been set on object 'Object Repository/Final Object Repo/Login Page/Internal User/Password'

2018-12-13 12:29:31 - [TEST_STEP][PASSED] - click: Object: 'Object Repository/Final Object Repo/Login Page/Internal User/Login Button' is clicked on

2018-12-13 12:29:31 - [MESSAGE][PASSED] - Object: 'Object Repository/Final Object Repo/Login Page/Internal User/Login Button' is clicked on

2018-12-13 12:29:31 - [TEST_STEP][PASSED] - delay: Delayed 1 second(s)

2018-12-13 12:29:32 - [MESSAGE][PASSED] - Delayed 1 second(s)

2018-12-13 12:29:32 - [TEST_STEP][PASSED] - Statement - Try: Delayed 2 second(s)

2018-12-13 12:29:32 - [TEST_STEP][PASSED] - Statement - Checker = false: null

2018-12-13 12:29:32 - [TEST_STEP][PASSED] - Statement - Checker = com.kms.katalon.core.webui.keyword.WebUiBuiltInKeywords.verifyElementHasAttribute(com.kms.katalon.core.testobject.ObjectRepository.findTestObject(Final Object Repo/Landing Page/BM Detecting), "href", 20, OPTIONAL): Object 'Object Repository/Final Object Repo/Landing Page/BM Detecting' has attribute 'href'

2018-12-13 12:29:33 - [MESSAGE][PASSED] - Object 'Object Repository/Final Object Repo/Landing Page/BM Detecting' has attribute 'href'

2018-12-13 12:29:33 - [TEST_STEP][PASSED] - Statement - out.println(Checker): null

2018-12-13 12:29:33 - [TEST_STEP][PASSED] - Statement - If (Checker == false): null

2018-12-13 12:29:33 - [TEST_STEP][PASSED] - Statement - Else: null

2018-12-13 12:29:33 - [TEST_STEP][PASSED] - delay: Delayed 2 second(s)

2018-12-13 12:29:35 - [MESSAGE][PASSED] - Delayed 2 second(s)

2018-12-13 12:29:35 - [TEST_STEP][PASSED] - navigateToUrl: Navigate to 'https://assist2-uat.perkeso.gov.my/web/registration/eis-update/form-3-eis-cessation-as-employer' successfully

2018-12-13 12:29:36 - [MESSAGE][PASSED] - Navigate to 'https://assist2-uat.perkeso.gov.my/web/registration/eis-update/form-3-eis-cessation-as-employer' successfully

2018-12-13 12:29:36 - [TEST_STEP][PASSED] - delay: Delayed 1 second(s)

2018-12-13 12:29:37 - [MESSAGE][PASSED] - Delayed 1 second(s)

2018-12-13 12:29:37 - [TEST_STEP][PASSED] - setText: Text 'E1102069769W' is set on object 'Object Repository/Final Object Repo/Page_Form 3 EIS - Cessation as Employer/Employer Code'

2018-12-13 12:29:38 - [MESSAGE][PASSED] - Text 'E1102069769W' is set on object 'Object Repository/Final Object Repo/Page_Form 3 EIS - Cessation as Employer/Employer Code'

2018-12-13 12:29:38 - [TEST_STEP][PASSED] - click: Object: 'Object Repository/Final Object Repo/Page_Form 3 EIS - Cessation as Employer/Search' is clicked on

2018-12-13 12:29:38 - [MESSAGE][PASSED] - Object: 'Object Repository/Final Object Repo/Page_Form 3 EIS - Cessation as Employer/Search' is clicked on

2018-12-13 12:29:38 - [TEST_STEP][PASSED] - click: Object: 'Object Repository/Final Object Repo/Page_Form 3 EIS - Cessation as Employer/Edit' is clicked on

2018-12-13 12:29:40 - [MESSAGE][PASSED] - Object: 'Object Repository/Final Object Repo/Page_Form 3 EIS - Cessation as Employer/Edit' is clicked on

2018-12-13 12:29:40 - [TEST_STEP][PASSED] - delay: Delayed 1 second(s)

2018-12-13 12:29:41 - [MESSAGE][PASSED] - Delayed 1 second(s)

2018-12-13 12:29:41 - [TEST_STEP][PASSED] - Statement - abc = com.kms.katalon.core.webui.keyword.WebUiBuiltInKeywords.getAttribute(com.kms.katalon.core.testobject.ObjectRepository.findTestObject(Final Object Repo/Page_Form 3 EIS - Cessation as Employer/Employer Status), "value"): Attribute 'value' of object 'Object Repository/Final Object Repo/Page_Form 3 EIS - Cessation as Employer/Employer Status' is: 'Active'

2018-12-13 12:29:41 - [MESSAGE][PASSED] - Attribute 'value' of object 'Object Repository/Final Object Repo/Page_Form 3 EIS - Cessation as Employer/Employer Status' is: 'Active'

2018-12-13 12:29:41 - [TEST_STEP][PASSED] - Statement - out.println(abc): null

2018-12-13 12:29:41 - [TEST_STEP][PASSED] - Statement - If (abc == "Active"): Object: 'Object Repository/Final Object Repo/Page_Form 3 EIS - Cessation as Employer/Dormant EIS' is clicked on

2018-12-13 12:29:41 - [TEST_STEP][PASSED] - click: Object: 'Object Repository/Final Object Repo/Page_Form 3 EIS - Cessation as Employer/Change Employer Status to' is clicked on

2018-12-13 12:29:42 - [MESSAGE][PASSED] - Object: 'Object Repository/Final Object Repo/Page_Form 3 EIS - Cessation as Employer/Change Employer Status to' is clicked on

2018-12-13 12:29:42 - [TEST_STEP][PASSED] - click: Object: 'Object Repository/Final Object Repo/Page_Form 3 EIS - Cessation as Employer/Dormant EIS' is clicked on

2018-12-13 12:29:42 - [MESSAGE][PASSED] - Object: 'Object Repository/Final Object Repo/Page_Form 3 EIS - Cessation as Employer/Dormant EIS' is clicked on

2018-12-13 12:29:42 - [TEST_STEP][PASSED] - click: Object: 'Object Repository/Final Object Repo/Page_Form 3 EIS - Cessation as Employer/Calender' is clicked on

2018-12-13 12:29:42 - [MESSAGE][PASSED] - Object: 'Object Repository/Final Object Repo/Page_Form 3 EIS - Cessation as Employer/Calender' is clicked on

2018-12-13 12:29:42 - [TEST_STEP][PASSED] - delay: Delayed 1 second(s)

2018-12-13 12:29:43 - [MESSAGE][PASSED] - Delayed 1 second(s)

2018-12-13 12:29:43 - [TEST_STEP][PASSED] - click: Object: 'Object Repository/Final Object Repo/Page_Form 3 EIS - Cessation as Employer/Calender - Date' is clicked on

2018-12-13 12:29:43 - [MESSAGE][PASSED] - Object: 'Object Repository/Final Object Repo/Page_Form 3 EIS - Cessation as Employer/Calender - Date' is clicked on

2018-12-13 12:29:43 - [TEST_STEP][PASSED] - click: Object: 'Object Repository/Final Object Repo/Page_Form 3 EIS - Cessation as Employer/Save  Continue in Form 3 EIS Page' is clicked on

2018-12-13 12:29:43 - [MESSAGE][PASSED] - Object: 'Object Repository/Final Object Repo/Page_Form 3 EIS - Cessation as Employer/Save  Continue in Form 3 EIS Page' is clicked on

2018-12-13 12:29:43 - [TEST_STEP][PASSED] - delay: Delayed 1 second(s)

2018-12-13 12:29:44 - [MESSAGE][PASSED] - Delayed 1 second(s)

2018-12-13 12:29:44 - [TEST_STEP][PASSED] - click: Object: 'Object Repository/Final Object Repo/Page_Form 3 EIS - Cessation as Employer/Employment Resign Date' is clicked on

2018-12-13 12:29:45 - [MESSAGE][PASSED] - Object: 'Object Repository/Final Object Repo/Page_Form 3 EIS - Cessation as Employer/Employment Resign Date' is clicked on

2018-12-13 12:29:45 - [TEST_STEP][PASSED] - selectOptionByValue: All options with value '2030' are selected in object 'Object Repository/Final Object Repo/Page_Form 3 EIS - Cessation as Employer/Employment Resign Date - Year' 

2018-12-13 12:29:45 - [MESSAGE][PASSED] - All options with value '2030' are selected in object 'Object Repository/Final Object Repo/Page_Form 3 EIS - Cessation as Employer/Employment Resign Date - Year' 

2018-12-13 12:29:45 - [TEST_STEP][PASSED] - delay: Delayed 2 second(s)

2018-12-13 12:29:47 - [MESSAGE][PASSED] - Delayed 2 second(s)

2018-12-13 12:29:47 - [TEST_STEP][PASSED] - click: Object: 'Object Repository/Final Object Repo/Page_Form 3 EIS - Cessation as Employer/Employment Resign Date - Year - Date' is clicked on

2018-12-13 12:29:47 - [MESSAGE][PASSED] - Object: 'Object Repository/Final Object Repo/Page_Form 3 EIS - Cessation as Employer/Employment Resign Date - Year - Date' is clicked on

2018-12-13 12:29:47 - [TEST_STEP][PASSED] - delay: Delayed 2 second(s)

2018-12-13 12:29:49 - [MESSAGE][PASSED] - Delayed 2 second(s)

2018-12-13 12:29:49 - [TEST_STEP][PASSED] - click: Object: 'Object Repository/Final Object Repo/Page_Form 3 EIS - Cessation as Employer/Save  Continue in Employment Resign Page' is clicked on

2018-12-13 12:29:49 - [MESSAGE][PASSED] - Object: 'Object Repository/Final Object Repo/Page_Form 3 EIS - Cessation as Employer/Save  Continue in Employment Resign Page' is clicked on

2018-12-13 12:29:49 - [TEST_STEP][PASSED] - delay: Delayed 2 second(s)

2018-12-13 12:29:51 - [MESSAGE][PASSED] - Delayed 2 second(s)

2018-12-13 12:29:51 - [TEST_STEP][PASSED] - click: Object: 'Object Repository/Final Object Repo/Page_Form 3 EIS - Cessation as Employer/Set Latest - Yes' is clicked on

2018-12-13 12:29:52 - [MESSAGE][PASSED] - Object: 'Object Repository/Final Object Repo/Page_Form 3 EIS - Cessation as Employer/Set Latest - Yes' is clicked on

2018-12-13 12:29:52 - [TEST_STEP][PASSED] - delay: Delayed 2 second(s)

2018-12-13 12:29:54 - [MESSAGE][PASSED] - Delayed 2 second(s)

2018-12-13 12:29:54 - [TEST_STEP][PASSED] - click: Object: 'Object Repository/Final Object Repo/Page_Form 3 EIS - Cessation as Employer/Add Document' is clicked on

2018-12-13 12:29:55 - [MESSAGE][PASSED] - Object: 'Object Repository/Final Object Repo/Page_Form 3 EIS - Cessation as Employer/Add Document' is clicked on

2018-12-13 12:29:55 - [TEST_STEP][PASSED] - delay: Delayed 3 second(s)

2018-12-13 12:29:58 - [MESSAGE][PASSED] - Delayed 3 second(s)

2018-12-13 12:29:58 - [TEST_STEP][PASSED] - click: Object: 'Object Repository/Final Object Repo/Page_Form 3 EIS - Cessation as Employer/Document Type' is clicked on

2018-12-13 12:29:58 - [MESSAGE][PASSED] - Object: 'Object Repository/Final Object Repo/Page_Form 3 EIS - Cessation as Employer/Document Type' is clicked on

2018-12-13 12:29:58 - [TEST_STEP][PASSED] - click: Object: 'Object Repository/Final Object Repo/Page_Form 3 EIS - Cessation as Employer/Document Type - Form 3' is clicked on

2018-12-13 12:29:58 - [MESSAGE][PASSED] - Object: 'Object Repository/Final Object Repo/Page_Form 3 EIS - Cessation as Employer/Document Type - Form 3' is clicked on

2018-12-13 12:29:58 - [TEST_STEP][PASSED] - delay: Delayed 2 second(s)

2018-12-13 12:30:00 - [MESSAGE][PASSED] - Delayed 2 second(s)

2018-12-13 12:30:00 - [TEST_STEP][PASSED] - sendKeys: Keys 'C:\Users\Public\Pictures\Sample Pictures\Koala.jpg' sent to object: 'Object Repository/Final Object Repo/Page_Form 3 EIS - Cessation as Employer/ploading File'

2018-12-13 12:30:00 - [MESSAGE][PASSED] - Keys 'C:\Users\Public\Pictures\Sample Pictures\Koala.jpg' sent to object: 'Object Repository/Final Object Repo/Page_Form 3 EIS - Cessation as Employer/ploading File'

2018-12-13 12:30:00 - [TEST_STEP][PASSED] - delay: Delayed 1 second(s)

2018-12-13 12:30:01 - [MESSAGE][PASSED] - Delayed 1 second(s)

2018-12-13 12:30:01 - [TEST_STEP][PASSED] - click: Object: 'Object Repository/Final Object Repo/Page_Form 3 EIS - Cessation as Employer/Add Document in Uploading Page' is clicked on

2018-12-13 12:30:01 - [MESSAGE][PASSED] - Object: 'Object Repository/Final Object Repo/Page_Form 3 EIS - Cessation as Employer/Add Document in Uploading Page' is clicked on

2018-12-13 12:30:01 - [TEST_STEP][PASSED] - delay: Delayed 2 second(s)

2018-12-13 12:30:03 - [MESSAGE][PASSED] - Delayed 2 second(s)

2018-12-13 12:30:03 - [TEST_STEP][PASSED] - Statement - CaseReferenceNo = com.kms.katalon.core.webui.keyword.WebUiBuiltInKeywords.getText(com.kms.katalon.core.testobject.ObjectRepository.findTestObject(Final Object Repo/Page_Update Employer Information/Reference Number in Update Employee Information Page)): Text of object 'Object Repository/Final Object Repo/Page_Update Employer Information/Reference Number in Update Employee Information Page' is: 'ERN122018C200002422'

2018-12-13 12:30:05 - [MESSAGE][PASSED] - Text of object 'Object Repository/Final Object Repo/Page_Update Employer Information/Reference Number in Update Employee Information Page' is: 'ERN122018C200002422'

2018-12-13 12:30:05 - [TEST_STEP][PASSED] - callTestCase: Call Test Case 'Test Cases/Final Aug 2018 - PKS Automation/Common/Reference Number Setter' successfully

2018-12-13 12:30:05 - [TEST_CASE][PASSED] - Test Cases/Final Aug 2018 - PKS Automation/Common/Reference Number Setter: Test Cases/Final Aug 2018 - PKS Automation/Common/Reference Number Setter

2018-12-13 12:30:05 - [TEST_STEP][PASSED] - Statement - RefNoOldFile = new java.io.File(C://Users//Admin//Desktop//PKS//Automation Reference Point//KatalonReference.txt): null

2018-12-13 12:30:05 - [TEST_STEP][PASSED] - Statement - RefNoOldFile.delete(): null

2018-12-13 12:30:05 - [TEST_STEP][PASSED] - delay: Delayed 5 second(s)

2018-12-13 12:30:10 - [MESSAGE][PASSED] - Delayed 5 second(s)

2018-12-13 12:30:10 - [TEST_STEP][PASSED] - Statement - RefNo = new java.io.File(C://Users//Admin//Desktop//PKS//Automation Reference Point//KatalonReference.txt): null

2018-12-13 12:30:10 - [TEST_STEP][PASSED] - Statement - f2 = new java.io.FileWriter(RefNo, false): null

2018-12-13 12:30:10 - [TEST_STEP][PASSED] - Statement - f2.write(CaseReferenceNo): null

2018-12-13 12:30:10 - [TEST_STEP][PASSED] - Statement - f2.close(): null

2018-12-13 12:30:10 - [TEST_STEP][PASSED] - Statement - out.println("


" + CaseReferenceNo + "


"): null

2018-12-13 12:30:10 - [MESSAGE][PASSED] - Call Test Case 'Test Cases/Final Aug 2018 - PKS Automation/Common/Reference Number Setter' successfully

2018-12-13 12:30:10 - [TEST_STEP][PASSED] - delay: Delayed 2 second(s)

2018-12-13 12:30:12 - [MESSAGE][PASSED] - Delayed 2 second(s)

2018-12-13 12:30:12 - [TEST_STEP][PASSED] - click: Object: 'Object Repository/Final Object Repo/Page_Form 3 EIS - Cessation as Employer/Save  Continue in Uploading Page' is clicked on

2018-12-13 12:30:12 - [MESSAGE][PASSED] - Object: 'Object Repository/Final Object Repo/Page_Form 3 EIS - Cessation as Employer/Save  Continue in Uploading Page' is clicked on

2018-12-13 12:30:12 - [TEST_STEP][PASSED] - delay: Delayed 2 second(s)

2018-12-13 12:30:14 - [MESSAGE][PASSED] - Delayed 2 second(s)

2018-12-13 12:30:14 - [TEST_STEP][PASSED] - click: Object: 'Object Repository/Final Object Repo/Page_Form 3 EIS - Cessation as Employer/Submit' is clicked on

2018-12-13 12:30:17 - [MESSAGE][PASSED] - Object: 'Object Repository/Final Object Repo/Page_Form 3 EIS - Cessation as Employer/Submit' is clicked on

2018-12-13 12:30:17 - [TEST_STEP][PASSED] - delay: Delayed 2 second(s)

2018-12-13 12:30:19 - [MESSAGE][PASSED] - Delayed 2 second(s)

2018-12-13 12:30:19 - [TEST_STEP][PASSED] - click: Object: 'Object Repository/Final Object Repo/Page_Form 3 EIS - Cessation as Employer/Confirm' is clicked on

2018-12-13 12:30:19 - [MESSAGE][PASSED] - Object: 'Object Repository/Final Object Repo/Page_Form 3 EIS - Cessation as Employer/Confirm' is clicked on

2018-12-13 12:30:19 - [TEST_STEP][PASSED] - delay: Delayed 2 second(s)

2018-12-13 12:30:21 - [MESSAGE][PASSED] - Delayed 2 second(s)

2018-12-13 12:30:21 - [TEST_STEP][PASSED] - click: Object: 'Object Repository/Final Object Repo/Page_Form 3 EIS - Cessation as Employer/Message Your Request will be routed to UO' is clicked on

2018-12-13 12:30:25 - [MESSAGE][PASSED] - Object: 'Object Repository/Final Object Repo/Page_Form 3 EIS - Cessation as Employer/Message Your Request will be routed to UO' is clicked on

2018-12-13 12:30:25 - [TEST_STEP][PASSED] - click: Object: 'Object Repository/Final Object Repo/Page_Form 3 EIS - Cessation as Employer/Letter of acknowledgement' is clicked on

2018-12-13 12:30:26 - [MESSAGE][PASSED] - Object: 'Object Repository/Final Object Repo/Page_Form 3 EIS - Cessation as Employer/Letter of acknowledgement' is clicked on

2018-12-13 12:30:26 - [MESSAGE][PASSED] - Call Test Case 'Test Cases/Final Aug 2018 - PKS Automation/Registration Module/Workflow/Form 3 EIS - Cessation As Employer/Template/Form 3 A - Cessation As Employer (PKRBO)' successfully

2018-12-13 12:30:26 - [TEST_STEP][PASSED] - callTestCase: Call Test Case 'Test Cases/Final Aug 2018 - PKS Automation/Registration Module/Workflow/Form 3 EIS - Cessation As Employer/Template/Form 3 A - Cessation As Employer (Approve)' successfully

2018-12-13 12:30:26 - [TEST_CASE][PASSED] - Test Cases/Final Aug 2018 - PKS Automation/Registration Module/Workflow/Form 3 EIS - Cessation As Employer/Template/Form 3 A - Cessation As Employer (Approve): Test Cases/Final Aug 2018 - PKS Automation/Registration Module/Workflow/Form 3 EIS - Cessation As Employer/Template/Form 3 A - Cessation As Employer (Approve)

2018-12-13 12:30:26 - [TEST_STEP][NOT_RUN] - callTestCase: NOT_RUN: callTestCase

2018-12-13 12:30:26 - [MESSAGE][NOT_RUN] - NOT_RUN: callTestCase

2018-12-13 12:30:26 - [TEST_STEP][PASSED] - delay: Delayed 1 second(s)

2018-12-13 12:30:27 - [MESSAGE][PASSED] - Delayed 1 second(s)

2018-12-13 12:30:27 - [TEST_STEP][PASSED] - navigateToUrl: Navigate to 'https://assist2-uat.perkeso.gov.my/c/portal/logout' successfully

2018-12-13 12:30:28 - [MESSAGE][PASSED] - Navigate to 'https://assist2-uat.perkeso.gov.my/c/portal/logout' successfully

2018-12-13 12:30:28 - [TEST_STEP][PASSED] - delay: Delayed 1 second(s)

2018-12-13 12:30:29 - [MESSAGE][PASSED] - Delayed 1 second(s)

2018-12-13 12:30:29 - [TEST_STEP][PASSED] - callTestCase: Call Test Case 'Test Cases/Final Aug 2018 - PKS Automation/Common/Reference Number Getter' successfully

2018-12-13 12:30:29 - [TEST_CASE][PASSED] - Test Cases/Final Aug 2018 - PKS Automation/Common/Reference Number Getter: Test Cases/Final Aug 2018 - PKS Automation/Common/Reference Number Getter

2018-12-13 12:30:29 - [TEST_STEP][PASSED] - Statement - Try: null

2018-12-13 12:30:29 - [TEST_STEP][PASSED] - Statement - RefNo = new java.io.File(C://Users//Admin//Desktop//PKS//Automation Reference Point//KatalonReference.txt): null

2018-12-13 12:30:29 - [TEST_STEP][PASSED] - Statement - bufferread = new java.io.BufferedReader(new java.io.FileReader(RefNo)): null

2018-12-13 12:30:29 - [TEST_STEP][PASSED] - Statement - readedVal = bufferread.readLine(): null

2018-12-13 12:30:29 - [TEST_STEP][PASSED] - Statement - out.println(CaseReferenceNo): null

2018-12-13 12:30:29 - [TEST_STEP][PASSED] - Statement - out.println(readedVal): null

2018-12-13 12:30:29 - [TEST_STEP][PASSED] - Statement - CaseReferenceNo = "": null

2018-12-13 12:30:29 - [TEST_STEP][PASSED] - Statement - CaseReferenceNo = readedVal: null

2018-12-13 12:30:29 - [MESSAGE][PASSED] - Call Test Case 'Test Cases/Final Aug 2018 - PKS Automation/Common/Reference Number Getter' successfully

2018-12-13 12:30:29 - [TEST_STEP][PASSED] - callTestCase: Call Test Case 'Test Cases/Final Aug 2018 - PKS Automation/Common/Workflow Owner Finder' successfully

2018-12-13 12:30:29 - [TEST_CASE][PASSED] - Test Cases/Final Aug 2018 - PKS Automation/Common/Workflow Owner Finder: Test Cases/Final Aug 2018 - PKS Automation/Common/Workflow Owner Finder

2018-12-13 12:30:29 - [TEST_STEP][PASSED] - openBrowser: Browser is opened with url: ''

2018-12-13 12:30:29 - [MESSAGE][WARNING] - A browser is already opened. Closing browser and opening a new one

2018-12-13 12:30:33 - [MESSAGE][PASSED] - Browser is opened with url: ''

2018-12-13 12:30:33 - [TEST_STEP][PASSED] - navigateToUrl: Navigate to 'https://assist2-uat.perkeso.gov.my/login' successfully

2018-12-13 12:30:34 - [MESSAGE][PASSED] - Navigate to 'https://assist2-uat.perkeso.gov.my/login' successfully

2018-12-13 12:30:34 - [TEST_STEP][PASSED] - delay: Delayed 5 second(s)

2018-12-13 12:30:39 - [MESSAGE][PASSED] - Delayed 5 second(s)

2018-12-13 12:30:39 - [TEST_STEP][PASSED] - setText: Text 'test@liferay.com' is set on object 'Object Repository/Final Object Repo/Login Page/Internal User/Email Address'

2018-12-13 12:30:39 - [MESSAGE][PASSED] - Text 'test@liferay.com' is set on object 'Object Repository/Final Object Repo/Login Page/Internal User/Email Address'

2018-12-13 12:30:39 - [TEST_STEP][PASSED] - click: Object: 'Object Repository/Final Object Repo/Login Page/Internal User/Next Button' is clicked on

2018-12-13 12:30:39 - [MESSAGE][PASSED] - Object: 'Object Repository/Final Object Repo/Login Page/Internal User/Next Button' is clicked on

2018-12-13 12:30:39 - [TEST_STEP][PASSED] - delay: Delayed 2 second(s)

2018-12-13 12:30:41 - [MESSAGE][PASSED] - Delayed 2 second(s)

2018-12-13 12:30:41 - [TEST_STEP][PASSED] - setText: Text 'test' is set on object 'Object Repository/Final Object Repo/Login Page/Internal User/Password'

2018-12-13 12:30:42 - [MESSAGE][PASSED] - Text 'test' is set on object 'Object Repository/Final Object Repo/Login Page/Internal User/Password'

2018-12-13 12:30:42 - [TEST_STEP][PASSED] - delay: Delayed 2 second(s)

2018-12-13 12:30:44 - [MESSAGE][PASSED] - Delayed 2 second(s)

2018-12-13 12:30:44 - [TEST_STEP][PASSED] - click: Object: 'Object Repository/Final Object Repo/Login Page/Internal User/Login Button' is clicked on

2018-12-13 12:30:44 - [MESSAGE][PASSED] - Object: 'Object Repository/Final Object Repo/Login Page/Internal User/Login Button' is clicked on

2018-12-13 12:30:44 - [TEST_STEP][PASSED] - Statement - tester = com.kms.katalon.core.testobject.ObjectRepository.findTestObject(Final Object Repo/Landing Page/Select to English): Finding Test Object with id 'Object Repository/Final Object Repo/Landing Page/Select to English'

2018-12-13 12:30:44 - [TEST_STEP][PASSED] - Statement - Try: Delayed 2 second(s)

2018-12-13 12:30:44 - [TEST_STEP][PASSED] - Statement - Checker = com.kms.katalon.core.webui.keyword.WebUiBuiltInKeywords.verifyElementNotPresent(tester, 3): Web element with id: 'Object Repository/Final Object Repo/Landing Page/Select to English' located by 'By.xpath: //a[@class = 'taglib-language-list-text' and @lang = 'en-US' and (contains(text(), 'EN') or contains(., 'EN'))]' is not present after '3' second(s)

2018-12-13 12:30:46 - [MESSAGE][PASSED] - Web element with id: 'Object Repository/Final Object Repo/Landing Page/Select to English' located by 'By.xpath: //a[@class = 'taglib-language-list-text' and @lang = 'en-US' and (contains(text(), 'EN') or contains(., 'EN'))]' is not present after '3' second(s)

2018-12-13 12:30:46 - [TEST_STEP][PASSED] - Statement - If (Checker == false): null

2018-12-13 12:30:46 - [TEST_STEP][PASSED] - delay: Delayed 2 second(s)

2018-12-13 12:30:48 - [MESSAGE][PASSED] - Delayed 2 second(s)

2018-12-13 12:30:48 - [TEST_STEP][PASSED] - delay: Delayed 5 second(s)

2018-12-13 12:30:53 - [MESSAGE][PASSED] - Delayed 5 second(s)

2018-12-13 12:30:53 - [TEST_STEP][PASSED] - mouseOver: Object: 'Object Repository/Final Object Repo/Landing Page/WorkFlow Menu' is hovered

2018-12-13 12:30:53 - [MESSAGE][PASSED] - Object: 'Object Repository/Final Object Repo/Landing Page/WorkFlow Menu' is hovered

2018-12-13 12:30:53 - [TEST_STEP][PASSED] - delay: Delayed 2 second(s)

2018-12-13 12:30:55 - [MESSAGE][PASSED] - Delayed 2 second(s)

2018-12-13 12:30:55 - [TEST_STEP][PASSED] - click: Object: 'Object Repository/Final Object Repo/Landing Page/Select to Workflow Listing' is clicked on

2018-12-13 12:30:55 - [MESSAGE][PASSED] - Object: 'Object Repository/Final Object Repo/Landing Page/Select to Workflow Listing' is clicked on

2018-12-13 12:30:55 - [TEST_STEP][PASSED] - delay: Delayed 2 second(s)

2018-12-13 12:30:57 - [MESSAGE][PASSED] - Delayed 2 second(s)

2018-12-13 12:30:57 - [TEST_STEP][PASSED] - click: Object: 'Object Repository/Final Object Repo/WorkFlow Listing Page/Search Information - To Put Ref No' is clicked on

2018-12-13 12:30:58 - [MESSAGE][PASSED] - Object: 'Object Repository/Final Object Repo/WorkFlow Listing Page/Search Information - To Put Ref No' is clicked on

2018-12-13 12:30:58 - [TEST_STEP][PASSED] - delay: Delayed 2 second(s)

2018-12-13 12:31:00 - [MESSAGE][PASSED] - Delayed 2 second(s)

2018-12-13 12:31:00 - [TEST_STEP][PASSED] - callTestCase: Call Test Case 'Test Cases/Final Aug 2018 - PKS Automation/Common/Reference Number Getter' successfully

2018-12-13 12:31:00 - [TEST_CASE][PASSED] - Test Cases/Final Aug 2018 - PKS Automation/Common/Reference Number Getter: Test Cases/Final Aug 2018 - PKS Automation/Common/Reference Number Getter

2018-12-13 12:31:00 - [TEST_STEP][PASSED] - Statement - Try: null

2018-12-13 12:31:00 - [TEST_STEP][PASSED] - Statement - RefNo = new java.io.File(C://Users//Admin//Desktop//PKS//Automation Reference Point//KatalonReference.txt): null

2018-12-13 12:31:00 - [TEST_STEP][PASSED] - Statement - bufferread = new java.io.BufferedReader(new java.io.FileReader(RefNo)): null

2018-12-13 12:31:00 - [TEST_STEP][PASSED] - Statement - readedVal = bufferread.readLine(): null

2018-12-13 12:31:00 - [TEST_STEP][PASSED] - Statement - out.println(CaseReferenceNo): null

2018-12-13 12:31:00 - [TEST_STEP][PASSED] - Statement - out.println(readedVal): null

2018-12-13 12:31:00 - [TEST_STEP][PASSED] - Statement - CaseReferenceNo = "": null

2018-12-13 12:31:00 - [TEST_STEP][PASSED] - Statement - CaseReferenceNo = readedVal: null

2018-12-13 12:31:00 - [MESSAGE][PASSED] - Call Test Case 'Test Cases/Final Aug 2018 - PKS Automation/Common/Reference Number Getter' successfully

2018-12-13 12:31:00 - [TEST_STEP][PASSED] - setText: Text 'ERN122018C200002422' is set on object 'Object Repository/Final Object Repo/WorkFlow Listing Page/Ref No Set Text'

2018-12-13 12:31:00 - [MESSAGE][PASSED] - Text 'ERN122018C200002422' is set on object 'Object Repository/Final Object Repo/WorkFlow Listing Page/Ref No Set Text'

2018-12-13 12:31:00 - [TEST_STEP][PASSED] - delay: Delayed 2 second(s)

2018-12-13 12:31:02 - [MESSAGE][PASSED] - Delayed 2 second(s)

2018-12-13 12:31:02 - [TEST_STEP][PASSED] - click: Object: 'Object Repository/Final Object Repo/WorkFlow Listing Page/Search Ref No Search Button' is clicked on

2018-12-13 12:31:02 - [MESSAGE][PASSED] - Object: 'Object Repository/Final Object Repo/WorkFlow Listing Page/Search Ref No Search Button' is clicked on

2018-12-13 12:31:02 - [TEST_STEP][PASSED] - delay: Delayed 6 second(s)

2018-12-13 12:31:08 - [MESSAGE][PASSED] - Delayed 6 second(s)

2018-12-13 12:31:08 - [TEST_STEP][PASSED] - click: Object: 'Object Repository/Final Object Repo/WorkFlow Listing Page/Click Continue Tooltip' is clicked on

2018-12-13 12:31:09 - [MESSAGE][PASSED] - Object: 'Object Repository/Final Object Repo/WorkFlow Listing Page/Click Continue Tooltip' is clicked on

2018-12-13 12:31:09 - [TEST_STEP][PASSED] - delay: Delayed 5 second(s)

2018-12-13 12:31:14 - [MESSAGE][PASSED] - Delayed 5 second(s)

2018-12-13 12:31:14 - [TEST_STEP][PASSED] - doubleClick: Object: 'Object Repository/Final Object Repo/WorkFlow Listing Page/Workflow Found - Listing 1' is double clicked on

2018-12-13 12:31:14 - [MESSAGE][PASSED] - Object: 'Object Repository/Final Object Repo/WorkFlow Listing Page/Workflow Found - Listing 1' is double clicked on

2018-12-13 12:31:14 - [TEST_STEP][PASSED] - Statement - println(OwnerID): null

2018-12-13 12:31:14 - [TEST_STEP][PASSED] - Statement - OwnerID = com.kms.katalon.core.webui.keyword.WebUiBuiltInKeywords.getText(com.kms.katalon.core.testobject.ObjectRepository.findTestObject(Final Object Repo/WorkFlow Listing Page/Workflow Found - Listing 1), STOP_ON_FAILURE): Text of object 'Object Repository/Final Object Repo/WorkFlow Listing Page/Workflow Found - Listing 1' is: 'JOHORuo1'

2018-12-13 12:31:14 - [MESSAGE][PASSED] - Text of object 'Object Repository/Final Object Repo/WorkFlow Listing Page/Workflow Found - Listing 1' is: 'JOHORuo1'

2018-12-13 12:31:14 - [TEST_STEP][PASSED] - Statement - OwnerID = OwnerID.toLowerCase() + "@gmail.com": null

2018-12-13 12:31:14 - [TEST_STEP][PASSED] - Statement - println(OwnerID): null

2018-12-13 12:31:14 - [TEST_STEP][PASSED] - delay: Delayed 2 second(s)

2018-12-13 12:31:16 - [MESSAGE][PASSED] - Delayed 2 second(s)

2018-12-13 12:31:16 - [MESSAGE][PASSED] - Call Test Case 'Test Cases/Final Aug 2018 - PKS Automation/Common/Workflow Owner Finder' successfully

2018-12-13 12:31:16 - [TEST_STEP][PASSED] - delay: Delayed 1 second(s)

2018-12-13 12:31:17 - [MESSAGE][PASSED] - Delayed 1 second(s)

2018-12-13 12:31:17 - [TEST_STEP][PASSED] - navigateToUrl: Navigate to 'https://assist2-uat.perkeso.gov.my/c/portal/logout' successfully

2018-12-13 12:31:18 - [MESSAGE][PASSED] - Navigate to 'https://assist2-uat.perkeso.gov.my/c/portal/logout' successfully

2018-12-13 12:31:18 - [TEST_STEP][PASSED] - delay: Delayed 1 second(s)

2018-12-13 12:31:19 - [MESSAGE][PASSED] - Delayed 1 second(s)

2018-12-13 12:31:19 - [TEST_STEP][PASSED] - callTestCase: Call Test Case 'Test Cases/Final Aug 2018 - PKS Automation/Registration Module/Workflow/Login and Search Case For Workflow' successfully

2018-12-13 12:31:19 - [TEST_CASE][PASSED] - Test Cases/Final Aug 2018 - PKS Automation/Registration Module/Workflow/Login and Search Case For Workflow: Test Cases/Final Aug 2018 - PKS Automation/Registration Module/Workflow/Login and Search Case For Workflow

2018-12-13 12:31:19 - [TEST_STEP][PASSED] - navigateToUrl: Navigate to 'https://assist2-uat.perkeso.gov.my/login' successfully

2018-12-13 12:31:20 - [MESSAGE][PASSED] - Navigate to 'https://assist2-uat.perkeso.gov.my/login' successfully

2018-12-13 12:31:20 - [TEST_STEP][PASSED] - setText: Text 'johoruo1@gmail.com' is set on object 'Object Repository/Final Object Repo/Login Page/Internal User/Email Address'

2018-12-13 12:31:20 - [MESSAGE][PASSED] - Text 'johoruo1@gmail.com' is set on object 'Object Repository/Final Object Repo/Login Page/Internal User/Email Address'

2018-12-13 12:31:20 - [TEST_STEP][PASSED] - click: Object: 'Object Repository/Final Object Repo/Login Page/Internal User/Next Button' is clicked on

2018-12-13 12:31:20 - [MESSAGE][PASSED] - Object: 'Object Repository/Final Object Repo/Login Page/Internal User/Next Button' is clicked on

2018-12-13 12:31:20 - [TEST_STEP][PASSED] - delay: Delayed 1 second(s)

2018-12-13 12:31:21 - [MESSAGE][PASSED] - Delayed 1 second(s)

2018-12-13 12:31:21 - [TEST_STEP][PASSED] - setEncryptedText: Text ****** has been set on object 'Object Repository/Final Object Repo/Login Page/Internal User/Password'

2018-12-13 12:31:21 - [MESSAGE][PASSED] - Text ****** has been set on object 'Object Repository/Final Object Repo/Login Page/Internal User/Password'

2018-12-13 12:31:21 - [TEST_STEP][PASSED] - click: Object: 'Object Repository/Final Object Repo/Login Page/Internal User/Login Button' is clicked on

2018-12-13 12:31:22 - [MESSAGE][PASSED] - Object: 'Object Repository/Final Object Repo/Login Page/Internal User/Login Button' is clicked on

2018-12-13 12:31:22 - [TEST_STEP][PASSED] - delay: Delayed 2 second(s)

2018-12-13 12:31:24 - [MESSAGE][PASSED] - Delayed 2 second(s)

2018-12-13 12:31:24 - [TEST_STEP][PASSED] - Statement - Try: Delayed 2 second(s)

2018-12-13 12:31:24 - [TEST_STEP][PASSED] - Statement - Checker = false: null

2018-12-13 12:31:24 - [TEST_STEP][PASSED] - Statement - Checker = com.kms.katalon.core.webui.keyword.WebUiBuiltInKeywords.verifyElementHasAttribute(com.kms.katalon.core.testobject.ObjectRepository.findTestObject(Final Object Repo/Landing Page/BM Detecting), "href", 20, OPTIONAL): Object 'Object Repository/Final Object Repo/Landing Page/BM Detecting' has attribute 'href'

2018-12-13 12:31:24 - [MESSAGE][PASSED] - Object 'Object Repository/Final Object Repo/Landing Page/BM Detecting' has attribute 'href'

2018-12-13 12:31:24 - [TEST_STEP][PASSED] - Statement - out.println(Checker): null

2018-12-13 12:31:24 - [TEST_STEP][PASSED] - Statement - If (Checker == false): null

2018-12-13 12:31:24 - [TEST_STEP][PASSED] - Statement - Else: null

2018-12-13 12:31:24 - [TEST_STEP][PASSED] - delay: Delayed 2 second(s)

2018-12-13 12:31:26 - [MESSAGE][PASSED] - Delayed 2 second(s)

2018-12-13 12:31:26 - [TEST_STEP][PASSED] - click: Object: 'Object Repository/Final Object Repo/Page_MyASSIST - ASSIST - Search Pending Case For Add Supporting Document/Search Information' is clicked on

2018-12-13 12:31:26 - [MESSAGE][PASSED] - Object: 'Object Repository/Final Object Repo/Page_MyASSIST - ASSIST - Search Pending Case For Add Supporting Document/Search Information' is clicked on

2018-12-13 12:31:26 - [TEST_STEP][PASSED] - delay: Delayed 3 second(s)

2018-12-13 12:31:29 - [MESSAGE][PASSED] - Delayed 3 second(s)

2018-12-13 12:31:29 - [TEST_STEP][PASSED] - sendKeys: Keys 'ERN122018C200002422' sent to object: 'Object Repository/Final Object Repo/Page_MyASSIST - ASSIST - Search Pending Case For Add Supporting Document/Reference No'

2018-12-13 12:31:29 - [MESSAGE][PASSED] - Keys 'ERN122018C200002422' sent to object: 'Object Repository/Final Object Repo/Page_MyASSIST - ASSIST - Search Pending Case For Add Supporting Document/Reference No'

2018-12-13 12:31:29 - [TEST_STEP][PASSED] - click: Object: 'Object Repository/Final Object Repo/Page_MyASSIST - ASSIST - Search Pending Case For Add Supporting Document/Search Reference No' is clicked on

2018-12-13 12:31:29 - [MESSAGE][PASSED] - Object: 'Object Repository/Final Object Repo/Page_MyASSIST - ASSIST - Search Pending Case For Add Supporting Document/Search Reference No' is clicked on

2018-12-13 12:31:29 - [TEST_STEP][PASSED] - delay: Delayed 2 second(s)

2018-12-13 12:31:31 - [MESSAGE][PASSED] - Delayed 2 second(s)

2018-12-13 12:31:31 - [TEST_STEP][PASSED] - click: Object: 'Object Repository/Final Object Repo/Page_MyASSIST - ASSIST - Search Pending Case For Add Supporting Document/Continue' is clicked on

2018-12-13 12:31:35 - [MESSAGE][PASSED] - Object: 'Object Repository/Final Object Repo/Page_MyASSIST - ASSIST - Search Pending Case For Add Supporting Document/Continue' is clicked on

2018-12-13 12:31:35 - [TEST_STEP][PASSED] - delay: Delayed 20 second(s)

2018-12-13 12:31:55 - [MESSAGE][PASSED] - Delayed 20 second(s)

2018-12-13 12:31:55 - [MESSAGE][PASSED] - Call Test Case 'Test Cases/Final Aug 2018 - PKS Automation/Registration Module/Workflow/Login and Search Case For Workflow' successfully

2018-12-13 12:31:55 - [TEST_STEP][PASSED] - click: Object: 'Object Repository/Final Object Repo/Page_Form 3 EIS - Cessation as Employer/Page_Form 3 EIS - Cessation as Employer (Approve)/Save  Continue in Form 3 Page' is clicked on

2018-12-13 12:31:55 - [MESSAGE][PASSED] - Object: 'Object Repository/Final Object Repo/Page_Form 3 EIS - Cessation as Employer/Page_Form 3 EIS - Cessation as Employer (Approve)/Save  Continue in Form 3 Page' is clicked on

2018-12-13 12:31:55 - [TEST_STEP][PASSED] - delay: Delayed 2 second(s)

2018-12-13 12:31:57 - [MESSAGE][PASSED] - Delayed 2 second(s)

2018-12-13 12:31:57 - [TEST_STEP][PASSED] - click: Object: 'Object Repository/Final Object Repo/Page_Form 3 EIS - Cessation as Employer/Page_Form 3 EIS - Cessation as Employer (Approve)/Save  Continue in Resigned Page' is clicked on

2018-12-13 12:31:57 - [MESSAGE][PASSED] - Object: 'Object Repository/Final Object Repo/Page_Form 3 EIS - Cessation as Employer/Page_Form 3 EIS - Cessation as Employer (Approve)/Save  Continue in Resigned Page' is clicked on

2018-12-13 12:31:57 - [TEST_STEP][PASSED] - delay: Delayed 2 second(s)

2018-12-13 12:31:59 - [MESSAGE][PASSED] - Delayed 2 second(s)

2018-12-13 12:31:59 - [TEST_STEP][PASSED] - click: Object: 'Object Repository/Final Object Repo/Page_Form 3 EIS - Cessation as Employer/Page_Form 3 EIS - Cessation as Employer (Approve)/Save  Continue in Uploading Page' is clicked on

2018-12-13 12:32:00 - [MESSAGE][PASSED] - Object: 'Object Repository/Final Object Repo/Page_Form 3 EIS - Cessation as Employer/Page_Form 3 EIS - Cessation as Employer (Approve)/Save  Continue in Uploading Page' is clicked on

2018-12-13 12:32:00 - [TEST_STEP][PASSED] - delay: Delayed 2 second(s)

2018-12-13 12:32:02 - [MESSAGE][PASSED] - Delayed 2 second(s)

2018-12-13 12:32:02 - [TEST_STEP][PASSED] - click: Object: 'Object Repository/Final Object Repo/Page_Form 3 EIS - Cessation as Employer/Page_Form 3 EIS - Cessation as Employer (Approve)/Approve' is clicked on

2018-12-13 12:32:05 - [MESSAGE][PASSED] - Object: 'Object Repository/Final Object Repo/Page_Form 3 EIS - Cessation as Employer/Page_Form 3 EIS - Cessation as Employer (Approve)/Approve' is clicked on

2018-12-13 12:32:05 - [TEST_STEP][PASSED] - delay: Delayed 2 second(s)

2018-12-13 12:32:07 - [MESSAGE][PASSED] - Delayed 2 second(s)

2018-12-13 12:32:07 - [TEST_STEP][PASSED] - click: Object: 'Object Repository/Final Object Repo/Page_Form 3 EIS - Cessation as Employer/Page_Form 3 EIS - Cessation as Employer (Approve)/Confirm' is clicked on

2018-12-13 12:32:07 - [MESSAGE][PASSED] - Object: 'Object Repository/Final Object Repo/Page_Form 3 EIS - Cessation as Employer/Page_Form 3 EIS - Cessation as Employer (Approve)/Confirm' is clicked on

2018-12-13 12:32:07 - [TEST_STEP][PASSED] - delay: Delayed 2 second(s)

2018-12-13 12:32:09 - [MESSAGE][PASSED] - Delayed 2 second(s)

2018-12-13 12:32:09 - [TEST_STEP][PASSED] - click: Object: 'Object Repository/Final Object Repo/Page_Form 3 EIS - Cessation as Employer/Page_Form 3 EIS - Cessation as Employer (Approve)/Message Your Request    Form 3 EIS' is clicked on

2018-12-13 12:32:15 - [MESSAGE][PASSED] - Object: 'Object Repository/Final Object Repo/Page_Form 3 EIS - Cessation as Employer/Page_Form 3 EIS - Cessation as Employer (Approve)/Message Your Request    Form 3 EIS' is clicked on

2018-12-13 12:32:15 - [TEST_STEP][PASSED] - click: Object: 'Object Repository/Final Object Repo/Page_Form 3 EIS - Cessation as Employer/Page_Form 3 EIS - Cessation as Employer (Approve)/Letter of successful update' is clicked on

2018-12-13 12:32:16 - [MESSAGE][PASSED] - Object: 'Object Repository/Final Object Repo/Page_Form 3 EIS - Cessation as Employer/Page_Form 3 EIS - Cessation as Employer (Approve)/Letter of successful update' is clicked on

2018-12-13 12:32:16 - [MESSAGE][PASSED] - Call Test Case 'Test Cases/Final Aug 2018 - PKS Automation/Registration Module/Workflow/Form 3 EIS - Cessation As Employer/Template/Form 3 A - Cessation As Employer (Approve)' successfully]]></system-out>
         <system-err><![CDATA[]]></system-err>
      </testcase>
      <testcase name="Test Cases/Final Aug 2018 - PKS Automation/Registration Module/Workflow/Form 3 EIS - Cessation As Employer/PKRBO to UO (Query)" classname="Test Cases/Final Aug 2018 - PKS Automation/Registration Module/Workflow/Form 3 EIS - Cessation As Employer/PKRBO to UO (Query)" status="PASSED">
         <system-out><![CDATA[2018-12-13 12:32:16 - [TEST_CASE][PASSED] - Test Cases/Final Aug 2018 - PKS Automation/Registration Module/Workflow/Form 3 EIS - Cessation As Employer/PKRBO to UO (Query): Test Cases/Final Aug 2018 - PKS Automation/Registration Module/Workflow/Form 3 EIS - Cessation As Employer/PKRBO to UO (Query)

2018-12-13 12:32:16 - [TEST_STEP][PASSED] - callTestCase: Call Test Case 'Test Cases/Final Aug 2018 - PKS Automation/Registration Module/Workflow/Form 3 EIS - Cessation As Employer/Template/Form 3 A - Cessation As Employer (PKRBO)' successfully

2018-12-13 12:32:16 - [TEST_CASE][PASSED] - Test Cases/Final Aug 2018 - PKS Automation/Registration Module/Workflow/Form 3 EIS - Cessation As Employer/Template/Form 3 A - Cessation As Employer (PKRBO): Test Cases/Final Aug 2018 - PKS Automation/Registration Module/Workflow/Form 3 EIS - Cessation As Employer/Template/Form 3 A - Cessation As Employer (PKRBO)

2018-12-13 12:32:16 - [TEST_STEP][PASSED] - openBrowser: Browser is opened with url: ''

2018-12-13 12:32:16 - [MESSAGE][WARNING] - A browser is already opened. Closing browser and opening a new one

2018-12-13 12:32:20 - [MESSAGE][PASSED] - Browser is opened with url: ''

2018-12-13 12:32:20 - [TEST_STEP][PASSED] - navigateToUrl: Navigate to 'https://assist2-uat.perkeso.gov.my/login' successfully

2018-12-13 12:32:21 - [MESSAGE][PASSED] - Navigate to 'https://assist2-uat.perkeso.gov.my/login' successfully

2018-12-13 12:32:21 - [TEST_STEP][PASSED] - setText: Text 'johorpkrbo1@gmail.com' is set on object 'Object Repository/Final Object Repo/Login Page/Internal User/Email Address'

2018-12-13 12:32:21 - [MESSAGE][PASSED] - Text 'johorpkrbo1@gmail.com' is set on object 'Object Repository/Final Object Repo/Login Page/Internal User/Email Address'

2018-12-13 12:32:21 - [TEST_STEP][PASSED] - click: Object: 'Object Repository/Final Object Repo/Login Page/Internal User/Next Button' is clicked on

2018-12-13 12:32:22 - [MESSAGE][PASSED] - Object: 'Object Repository/Final Object Repo/Login Page/Internal User/Next Button' is clicked on

2018-12-13 12:32:22 - [TEST_STEP][PASSED] - delay: Delayed 1 second(s)

2018-12-13 12:32:23 - [MESSAGE][PASSED] - Delayed 1 second(s)

2018-12-13 12:32:23 - [TEST_STEP][PASSED] - setEncryptedText: Text ****** has been set on object 'Object Repository/Final Object Repo/Login Page/Internal User/Password'

2018-12-13 12:32:23 - [MESSAGE][PASSED] - Text ****** has been set on object 'Object Repository/Final Object Repo/Login Page/Internal User/Password'

2018-12-13 12:32:23 - [TEST_STEP][PASSED] - click: Object: 'Object Repository/Final Object Repo/Login Page/Internal User/Login Button' is clicked on

2018-12-13 12:32:23 - [MESSAGE][PASSED] - Object: 'Object Repository/Final Object Repo/Login Page/Internal User/Login Button' is clicked on

2018-12-13 12:32:23 - [TEST_STEP][PASSED] - delay: Delayed 1 second(s)

2018-12-13 12:32:24 - [MESSAGE][PASSED] - Delayed 1 second(s)

2018-12-13 12:32:24 - [TEST_STEP][PASSED] - Statement - Try: Delayed 2 second(s)

2018-12-13 12:32:24 - [TEST_STEP][PASSED] - Statement - Checker = false: null

2018-12-13 12:32:24 - [TEST_STEP][PASSED] - Statement - Checker = com.kms.katalon.core.webui.keyword.WebUiBuiltInKeywords.verifyElementHasAttribute(com.kms.katalon.core.testobject.ObjectRepository.findTestObject(Final Object Repo/Landing Page/BM Detecting), "href", 20, OPTIONAL): Object 'Object Repository/Final Object Repo/Landing Page/BM Detecting' has attribute 'href'

2018-12-13 12:32:25 - [MESSAGE][PASSED] - Object 'Object Repository/Final Object Repo/Landing Page/BM Detecting' has attribute 'href'

2018-12-13 12:32:25 - [TEST_STEP][PASSED] - Statement - out.println(Checker): null

2018-12-13 12:32:25 - [TEST_STEP][PASSED] - Statement - If (Checker == false): null

2018-12-13 12:32:25 - [TEST_STEP][PASSED] - Statement - Else: null

2018-12-13 12:32:25 - [TEST_STEP][PASSED] - delay: Delayed 2 second(s)

2018-12-13 12:32:27 - [MESSAGE][PASSED] - Delayed 2 second(s)

2018-12-13 12:32:27 - [TEST_STEP][PASSED] - navigateToUrl: Navigate to 'https://assist2-uat.perkeso.gov.my/web/registration/eis-update/form-3-eis-cessation-as-employer' successfully

2018-12-13 12:32:28 - [MESSAGE][PASSED] - Navigate to 'https://assist2-uat.perkeso.gov.my/web/registration/eis-update/form-3-eis-cessation-as-employer' successfully

2018-12-13 12:32:28 - [TEST_STEP][PASSED] - delay: Delayed 1 second(s)

2018-12-13 12:32:29 - [MESSAGE][PASSED] - Delayed 1 second(s)

2018-12-13 12:32:29 - [TEST_STEP][PASSED] - setText: Text 'E1102069769W' is set on object 'Object Repository/Final Object Repo/Page_Form 3 EIS - Cessation as Employer/Employer Code'

2018-12-13 12:32:29 - [MESSAGE][PASSED] - Text 'E1102069769W' is set on object 'Object Repository/Final Object Repo/Page_Form 3 EIS - Cessation as Employer/Employer Code'

2018-12-13 12:32:29 - [TEST_STEP][PASSED] - click: Object: 'Object Repository/Final Object Repo/Page_Form 3 EIS - Cessation as Employer/Search' is clicked on

2018-12-13 12:32:29 - [MESSAGE][PASSED] - Object: 'Object Repository/Final Object Repo/Page_Form 3 EIS - Cessation as Employer/Search' is clicked on

2018-12-13 12:32:29 - [TEST_STEP][PASSED] - click: Object: 'Object Repository/Final Object Repo/Page_Form 3 EIS - Cessation as Employer/Edit' is clicked on

2018-12-13 12:32:32 - [MESSAGE][PASSED] - Object: 'Object Repository/Final Object Repo/Page_Form 3 EIS - Cessation as Employer/Edit' is clicked on

2018-12-13 12:32:32 - [TEST_STEP][PASSED] - delay: Delayed 1 second(s)

2018-12-13 12:32:33 - [MESSAGE][PASSED] - Delayed 1 second(s)

2018-12-13 12:32:33 - [TEST_STEP][PASSED] - Statement - abc = com.kms.katalon.core.webui.keyword.WebUiBuiltInKeywords.getAttribute(com.kms.katalon.core.testobject.ObjectRepository.findTestObject(Final Object Repo/Page_Form 3 EIS - Cessation as Employer/Employer Status), "value"): Attribute 'value' of object 'Object Repository/Final Object Repo/Page_Form 3 EIS - Cessation as Employer/Employer Status' is: 'Active'

2018-12-13 12:32:33 - [MESSAGE][PASSED] - Attribute 'value' of object 'Object Repository/Final Object Repo/Page_Form 3 EIS - Cessation as Employer/Employer Status' is: 'Active'

2018-12-13 12:32:33 - [TEST_STEP][PASSED] - Statement - out.println(abc): null

2018-12-13 12:32:33 - [TEST_STEP][PASSED] - Statement - If (abc == "Active"): Object: 'Object Repository/Final Object Repo/Page_Form 3 EIS - Cessation as Employer/Dormant EIS' is clicked on

2018-12-13 12:32:33 - [TEST_STEP][PASSED] - click: Object: 'Object Repository/Final Object Repo/Page_Form 3 EIS - Cessation as Employer/Change Employer Status to' is clicked on

2018-12-13 12:32:33 - [MESSAGE][PASSED] - Object: 'Object Repository/Final Object Repo/Page_Form 3 EIS - Cessation as Employer/Change Employer Status to' is clicked on

2018-12-13 12:32:33 - [TEST_STEP][PASSED] - click: Object: 'Object Repository/Final Object Repo/Page_Form 3 EIS - Cessation as Employer/Dormant EIS' is clicked on

2018-12-13 12:32:33 - [MESSAGE][PASSED] - Object: 'Object Repository/Final Object Repo/Page_Form 3 EIS - Cessation as Employer/Dormant EIS' is clicked on

2018-12-13 12:32:33 - [TEST_STEP][PASSED] - click: Object: 'Object Repository/Final Object Repo/Page_Form 3 EIS - Cessation as Employer/Calender' is clicked on

2018-12-13 12:32:33 - [MESSAGE][PASSED] - Object: 'Object Repository/Final Object Repo/Page_Form 3 EIS - Cessation as Employer/Calender' is clicked on

2018-12-13 12:32:33 - [TEST_STEP][PASSED] - delay: Delayed 1 second(s)

2018-12-13 12:32:34 - [MESSAGE][PASSED] - Delayed 1 second(s)

2018-12-13 12:32:34 - [TEST_STEP][PASSED] - click: Object: 'Object Repository/Final Object Repo/Page_Form 3 EIS - Cessation as Employer/Calender - Date' is clicked on

2018-12-13 12:32:34 - [MESSAGE][PASSED] - Object: 'Object Repository/Final Object Repo/Page_Form 3 EIS - Cessation as Employer/Calender - Date' is clicked on

2018-12-13 12:32:34 - [TEST_STEP][PASSED] - click: Object: 'Object Repository/Final Object Repo/Page_Form 3 EIS - Cessation as Employer/Save  Continue in Form 3 EIS Page' is clicked on

2018-12-13 12:32:35 - [MESSAGE][PASSED] - Object: 'Object Repository/Final Object Repo/Page_Form 3 EIS - Cessation as Employer/Save  Continue in Form 3 EIS Page' is clicked on

2018-12-13 12:32:35 - [TEST_STEP][PASSED] - delay: Delayed 1 second(s)

2018-12-13 12:32:36 - [MESSAGE][PASSED] - Delayed 1 second(s)

2018-12-13 12:32:36 - [TEST_STEP][PASSED] - click: Object: 'Object Repository/Final Object Repo/Page_Form 3 EIS - Cessation as Employer/Employment Resign Date' is clicked on

2018-12-13 12:32:36 - [MESSAGE][PASSED] - Object: 'Object Repository/Final Object Repo/Page_Form 3 EIS - Cessation as Employer/Employment Resign Date' is clicked on

2018-12-13 12:32:36 - [TEST_STEP][PASSED] - selectOptionByValue: All options with value '2030' are selected in object 'Object Repository/Final Object Repo/Page_Form 3 EIS - Cessation as Employer/Employment Resign Date - Year' 

2018-12-13 12:32:36 - [MESSAGE][PASSED] - All options with value '2030' are selected in object 'Object Repository/Final Object Repo/Page_Form 3 EIS - Cessation as Employer/Employment Resign Date - Year' 

2018-12-13 12:32:36 - [TEST_STEP][PASSED] - delay: Delayed 2 second(s)

2018-12-13 12:32:38 - [MESSAGE][PASSED] - Delayed 2 second(s)

2018-12-13 12:32:38 - [TEST_STEP][PASSED] - click: Object: 'Object Repository/Final Object Repo/Page_Form 3 EIS - Cessation as Employer/Employment Resign Date - Year - Date' is clicked on

2018-12-13 12:32:38 - [MESSAGE][PASSED] - Object: 'Object Repository/Final Object Repo/Page_Form 3 EIS - Cessation as Employer/Employment Resign Date - Year - Date' is clicked on

2018-12-13 12:32:38 - [TEST_STEP][PASSED] - delay: Delayed 2 second(s)

2018-12-13 12:32:40 - [MESSAGE][PASSED] - Delayed 2 second(s)

2018-12-13 12:32:40 - [TEST_STEP][PASSED] - click: Object: 'Object Repository/Final Object Repo/Page_Form 3 EIS - Cessation as Employer/Save  Continue in Employment Resign Page' is clicked on

2018-12-13 12:32:40 - [MESSAGE][PASSED] - Object: 'Object Repository/Final Object Repo/Page_Form 3 EIS - Cessation as Employer/Save  Continue in Employment Resign Page' is clicked on

2018-12-13 12:32:40 - [TEST_STEP][PASSED] - delay: Delayed 2 second(s)

2018-12-13 12:32:42 - [MESSAGE][PASSED] - Delayed 2 second(s)

2018-12-13 12:32:42 - [TEST_STEP][PASSED] - click: Object: 'Object Repository/Final Object Repo/Page_Form 3 EIS - Cessation as Employer/Set Latest - Yes' is clicked on

2018-12-13 12:32:43 - [MESSAGE][PASSED] - Object: 'Object Repository/Final Object Repo/Page_Form 3 EIS - Cessation as Employer/Set Latest - Yes' is clicked on

2018-12-13 12:32:43 - [TEST_STEP][PASSED] - delay: Delayed 2 second(s)

2018-12-13 12:32:45 - [MESSAGE][PASSED] - Delayed 2 second(s)

2018-12-13 12:32:45 - [TEST_STEP][PASSED] - click: Object: 'Object Repository/Final Object Repo/Page_Form 3 EIS - Cessation as Employer/Add Document' is clicked on

2018-12-13 12:32:46 - [MESSAGE][PASSED] - Object: 'Object Repository/Final Object Repo/Page_Form 3 EIS - Cessation as Employer/Add Document' is clicked on

2018-12-13 12:32:46 - [TEST_STEP][PASSED] - delay: Delayed 3 second(s)

2018-12-13 12:32:49 - [MESSAGE][PASSED] - Delayed 3 second(s)

2018-12-13 12:32:49 - [TEST_STEP][PASSED] - click: Object: 'Object Repository/Final Object Repo/Page_Form 3 EIS - Cessation as Employer/Document Type' is clicked on

2018-12-13 12:32:49 - [MESSAGE][PASSED] - Object: 'Object Repository/Final Object Repo/Page_Form 3 EIS - Cessation as Employer/Document Type' is clicked on

2018-12-13 12:32:49 - [TEST_STEP][PASSED] - click: Object: 'Object Repository/Final Object Repo/Page_Form 3 EIS - Cessation as Employer/Document Type - Form 3' is clicked on

2018-12-13 12:32:49 - [MESSAGE][PASSED] - Object: 'Object Repository/Final Object Repo/Page_Form 3 EIS - Cessation as Employer/Document Type - Form 3' is clicked on

2018-12-13 12:32:49 - [TEST_STEP][PASSED] - delay: Delayed 2 second(s)

2018-12-13 12:32:51 - [MESSAGE][PASSED] - Delayed 2 second(s)

2018-12-13 12:32:51 - [TEST_STEP][PASSED] - sendKeys: Keys 'C:\Users\Public\Pictures\Sample Pictures\Koala.jpg' sent to object: 'Object Repository/Final Object Repo/Page_Form 3 EIS - Cessation as Employer/ploading File'

2018-12-13 12:32:51 - [MESSAGE][PASSED] - Keys 'C:\Users\Public\Pictures\Sample Pictures\Koala.jpg' sent to object: 'Object Repository/Final Object Repo/Page_Form 3 EIS - Cessation as Employer/ploading File'

2018-12-13 12:32:51 - [TEST_STEP][PASSED] - delay: Delayed 1 second(s)

2018-12-13 12:32:52 - [MESSAGE][PASSED] - Delayed 1 second(s)

2018-12-13 12:32:52 - [TEST_STEP][PASSED] - click: Object: 'Object Repository/Final Object Repo/Page_Form 3 EIS - Cessation as Employer/Add Document in Uploading Page' is clicked on

2018-12-13 12:32:52 - [MESSAGE][PASSED] - Object: 'Object Repository/Final Object Repo/Page_Form 3 EIS - Cessation as Employer/Add Document in Uploading Page' is clicked on

2018-12-13 12:32:52 - [TEST_STEP][PASSED] - delay: Delayed 2 second(s)

2018-12-13 12:32:54 - [MESSAGE][PASSED] - Delayed 2 second(s)

2018-12-13 12:32:54 - [TEST_STEP][PASSED] - Statement - CaseReferenceNo = com.kms.katalon.core.webui.keyword.WebUiBuiltInKeywords.getText(com.kms.katalon.core.testobject.ObjectRepository.findTestObject(Final Object Repo/Page_Update Employer Information/Reference Number in Update Employee Information Page)): Text of object 'Object Repository/Final Object Repo/Page_Update Employer Information/Reference Number in Update Employee Information Page' is: 'ERN122018C200002423'

2018-12-13 12:32:56 - [MESSAGE][PASSED] - Text of object 'Object Repository/Final Object Repo/Page_Update Employer Information/Reference Number in Update Employee Information Page' is: 'ERN122018C200002423'

2018-12-13 12:32:56 - [TEST_STEP][PASSED] - callTestCase: Call Test Case 'Test Cases/Final Aug 2018 - PKS Automation/Common/Reference Number Setter' successfully

2018-12-13 12:32:56 - [TEST_CASE][PASSED] - Test Cases/Final Aug 2018 - PKS Automation/Common/Reference Number Setter: Test Cases/Final Aug 2018 - PKS Automation/Common/Reference Number Setter

2018-12-13 12:32:56 - [TEST_STEP][PASSED] - Statement - RefNoOldFile = new java.io.File(C://Users//Admin//Desktop//PKS//Automation Reference Point//KatalonReference.txt): null

2018-12-13 12:32:56 - [TEST_STEP][PASSED] - Statement - RefNoOldFile.delete(): null

2018-12-13 12:32:56 - [TEST_STEP][PASSED] - delay: Delayed 5 second(s)

2018-12-13 12:33:01 - [MESSAGE][PASSED] - Delayed 5 second(s)

2018-12-13 12:33:01 - [TEST_STEP][PASSED] - Statement - RefNo = new java.io.File(C://Users//Admin//Desktop//PKS//Automation Reference Point//KatalonReference.txt): null

2018-12-13 12:33:01 - [TEST_STEP][PASSED] - Statement - f2 = new java.io.FileWriter(RefNo, false): null

2018-12-13 12:33:01 - [TEST_STEP][PASSED] - Statement - f2.write(CaseReferenceNo): null

2018-12-13 12:33:01 - [TEST_STEP][PASSED] - Statement - f2.close(): null

2018-12-13 12:33:01 - [TEST_STEP][PASSED] - Statement - out.println("


" + CaseReferenceNo + "


"): null

2018-12-13 12:33:01 - [MESSAGE][PASSED] - Call Test Case 'Test Cases/Final Aug 2018 - PKS Automation/Common/Reference Number Setter' successfully

2018-12-13 12:33:01 - [TEST_STEP][PASSED] - delay: Delayed 2 second(s)

2018-12-13 12:33:03 - [MESSAGE][PASSED] - Delayed 2 second(s)

2018-12-13 12:33:03 - [TEST_STEP][PASSED] - click: Object: 'Object Repository/Final Object Repo/Page_Form 3 EIS - Cessation as Employer/Save  Continue in Uploading Page' is clicked on

2018-12-13 12:33:04 - [MESSAGE][PASSED] - Object: 'Object Repository/Final Object Repo/Page_Form 3 EIS - Cessation as Employer/Save  Continue in Uploading Page' is clicked on

2018-12-13 12:33:04 - [TEST_STEP][PASSED] - delay: Delayed 2 second(s)

2018-12-13 12:33:06 - [MESSAGE][PASSED] - Delayed 2 second(s)

2018-12-13 12:33:06 - [TEST_STEP][PASSED] - click: Object: 'Object Repository/Final Object Repo/Page_Form 3 EIS - Cessation as Employer/Submit' is clicked on

2018-12-13 12:33:08 - [MESSAGE][PASSED] - Object: 'Object Repository/Final Object Repo/Page_Form 3 EIS - Cessation as Employer/Submit' is clicked on

2018-12-13 12:33:08 - [TEST_STEP][PASSED] - delay: Delayed 2 second(s)

2018-12-13 12:33:10 - [MESSAGE][PASSED] - Delayed 2 second(s)

2018-12-13 12:33:10 - [TEST_STEP][PASSED] - click: Object: 'Object Repository/Final Object Repo/Page_Form 3 EIS - Cessation as Employer/Confirm' is clicked on

2018-12-13 12:33:10 - [MESSAGE][PASSED] - Object: 'Object Repository/Final Object Repo/Page_Form 3 EIS - Cessation as Employer/Confirm' is clicked on

2018-12-13 12:33:10 - [TEST_STEP][PASSED] - delay: Delayed 2 second(s)

2018-12-13 12:33:12 - [MESSAGE][PASSED] - Delayed 2 second(s)

2018-12-13 12:33:12 - [TEST_STEP][PASSED] - click: Object: 'Object Repository/Final Object Repo/Page_Form 3 EIS - Cessation as Employer/Message Your Request will be routed to UO' is clicked on

2018-12-13 12:33:16 - [MESSAGE][PASSED] - Object: 'Object Repository/Final Object Repo/Page_Form 3 EIS - Cessation as Employer/Message Your Request will be routed to UO' is clicked on

2018-12-13 12:33:16 - [TEST_STEP][PASSED] - click: Object: 'Object Repository/Final Object Repo/Page_Form 3 EIS - Cessation as Employer/Letter of acknowledgement' is clicked on

2018-12-13 12:33:16 - [MESSAGE][PASSED] - Object: 'Object Repository/Final Object Repo/Page_Form 3 EIS - Cessation as Employer/Letter of acknowledgement' is clicked on

2018-12-13 12:33:16 - [MESSAGE][PASSED] - Call Test Case 'Test Cases/Final Aug 2018 - PKS Automation/Registration Module/Workflow/Form 3 EIS - Cessation As Employer/Template/Form 3 A - Cessation As Employer (PKRBO)' successfully

2018-12-13 12:33:16 - [TEST_STEP][PASSED] - callTestCase: Call Test Case 'Test Cases/Final Aug 2018 - PKS Automation/Registration Module/Workflow/Form 3 EIS - Cessation As Employer/Template/Form 3 A - Cessation As Employer (Query)' successfully

2018-12-13 12:33:17 - [TEST_CASE][PASSED] - Test Cases/Final Aug 2018 - PKS Automation/Registration Module/Workflow/Form 3 EIS - Cessation As Employer/Template/Form 3 A - Cessation As Employer (Query): Test Cases/Final Aug 2018 - PKS Automation/Registration Module/Workflow/Form 3 EIS - Cessation As Employer/Template/Form 3 A - Cessation As Employer (Query)

2018-12-13 12:33:17 - [TEST_STEP][NOT_RUN] - callTestCase: NOT_RUN: callTestCase

2018-12-13 12:33:17 - [MESSAGE][NOT_RUN] - NOT_RUN: callTestCase

2018-12-13 12:33:17 - [TEST_STEP][PASSED] - delay: Delayed 1 second(s)

2018-12-13 12:33:18 - [MESSAGE][PASSED] - Delayed 1 second(s)

2018-12-13 12:33:18 - [TEST_STEP][PASSED] - navigateToUrl: Navigate to 'https://assist2-uat.perkeso.gov.my/c/portal/logout' successfully

2018-12-13 12:33:18 - [MESSAGE][PASSED] - Navigate to 'https://assist2-uat.perkeso.gov.my/c/portal/logout' successfully

2018-12-13 12:33:18 - [TEST_STEP][PASSED] - delay: Delayed 1 second(s)

2018-12-13 12:33:19 - [MESSAGE][PASSED] - Delayed 1 second(s)

2018-12-13 12:33:19 - [TEST_STEP][PASSED] - callTestCase: Call Test Case 'Test Cases/Final Aug 2018 - PKS Automation/Common/Reference Number Getter' successfully

2018-12-13 12:33:19 - [TEST_CASE][PASSED] - Test Cases/Final Aug 2018 - PKS Automation/Common/Reference Number Getter: Test Cases/Final Aug 2018 - PKS Automation/Common/Reference Number Getter

2018-12-13 12:33:19 - [TEST_STEP][PASSED] - Statement - Try: null

2018-12-13 12:33:19 - [TEST_STEP][PASSED] - Statement - RefNo = new java.io.File(C://Users//Admin//Desktop//PKS//Automation Reference Point//KatalonReference.txt): null

2018-12-13 12:33:19 - [TEST_STEP][PASSED] - Statement - bufferread = new java.io.BufferedReader(new java.io.FileReader(RefNo)): null

2018-12-13 12:33:19 - [TEST_STEP][PASSED] - Statement - readedVal = bufferread.readLine(): null

2018-12-13 12:33:19 - [TEST_STEP][PASSED] - Statement - out.println(CaseReferenceNo): null

2018-12-13 12:33:19 - [TEST_STEP][PASSED] - Statement - out.println(readedVal): null

2018-12-13 12:33:19 - [TEST_STEP][PASSED] - Statement - CaseReferenceNo = "": null

2018-12-13 12:33:19 - [TEST_STEP][PASSED] - Statement - CaseReferenceNo = readedVal: null

2018-12-13 12:33:19 - [MESSAGE][PASSED] - Call Test Case 'Test Cases/Final Aug 2018 - PKS Automation/Common/Reference Number Getter' successfully

2018-12-13 12:33:19 - [TEST_STEP][PASSED] - callTestCase: Call Test Case 'Test Cases/Final Aug 2018 - PKS Automation/Common/Workflow Owner Finder' successfully

2018-12-13 12:33:20 - [TEST_CASE][PASSED] - Test Cases/Final Aug 2018 - PKS Automation/Common/Workflow Owner Finder: Test Cases/Final Aug 2018 - PKS Automation/Common/Workflow Owner Finder

2018-12-13 12:33:20 - [TEST_STEP][PASSED] - openBrowser: Browser is opened with url: ''

2018-12-13 12:33:20 - [MESSAGE][WARNING] - A browser is already opened. Closing browser and opening a new one

2018-12-13 12:33:23 - [MESSAGE][PASSED] - Browser is opened with url: ''

2018-12-13 12:33:23 - [TEST_STEP][PASSED] - navigateToUrl: Navigate to 'https://assist2-uat.perkeso.gov.my/login' successfully

2018-12-13 12:33:24 - [MESSAGE][PASSED] - Navigate to 'https://assist2-uat.perkeso.gov.my/login' successfully

2018-12-13 12:33:24 - [TEST_STEP][PASSED] - delay: Delayed 5 second(s)

2018-12-13 12:33:29 - [MESSAGE][PASSED] - Delayed 5 second(s)

2018-12-13 12:33:29 - [TEST_STEP][PASSED] - setText: Text 'test@liferay.com' is set on object 'Object Repository/Final Object Repo/Login Page/Internal User/Email Address'

2018-12-13 12:33:30 - [MESSAGE][PASSED] - Text 'test@liferay.com' is set on object 'Object Repository/Final Object Repo/Login Page/Internal User/Email Address'

2018-12-13 12:33:30 - [TEST_STEP][PASSED] - click: Object: 'Object Repository/Final Object Repo/Login Page/Internal User/Next Button' is clicked on

2018-12-13 12:33:30 - [MESSAGE][PASSED] - Object: 'Object Repository/Final Object Repo/Login Page/Internal User/Next Button' is clicked on

2018-12-13 12:33:30 - [TEST_STEP][PASSED] - delay: Delayed 2 second(s)

2018-12-13 12:33:32 - [MESSAGE][PASSED] - Delayed 2 second(s)

2018-12-13 12:33:32 - [TEST_STEP][PASSED] - setText: Text 'test' is set on object 'Object Repository/Final Object Repo/Login Page/Internal User/Password'

2018-12-13 12:33:32 - [MESSAGE][PASSED] - Text 'test' is set on object 'Object Repository/Final Object Repo/Login Page/Internal User/Password'

2018-12-13 12:33:32 - [TEST_STEP][PASSED] - delay: Delayed 2 second(s)

2018-12-13 12:33:34 - [MESSAGE][PASSED] - Delayed 2 second(s)

2018-12-13 12:33:34 - [TEST_STEP][PASSED] - click: Object: 'Object Repository/Final Object Repo/Login Page/Internal User/Login Button' is clicked on

2018-12-13 12:33:34 - [MESSAGE][PASSED] - Object: 'Object Repository/Final Object Repo/Login Page/Internal User/Login Button' is clicked on

2018-12-13 12:33:34 - [TEST_STEP][PASSED] - Statement - tester = com.kms.katalon.core.testobject.ObjectRepository.findTestObject(Final Object Repo/Landing Page/Select to English): Finding Test Object with id 'Object Repository/Final Object Repo/Landing Page/Select to English'

2018-12-13 12:33:34 - [TEST_STEP][PASSED] - Statement - Try: Delayed 2 second(s)

2018-12-13 12:33:34 - [TEST_STEP][PASSED] - Statement - Checker = com.kms.katalon.core.webui.keyword.WebUiBuiltInKeywords.verifyElementNotPresent(tester, 3): Web element with id: 'Object Repository/Final Object Repo/Landing Page/Select to English' located by 'By.xpath: //a[@class = 'taglib-language-list-text' and @lang = 'en-US' and (contains(text(), 'EN') or contains(., 'EN'))]' is not present after '3' second(s)

2018-12-13 12:33:36 - [MESSAGE][PASSED] - Web element with id: 'Object Repository/Final Object Repo/Landing Page/Select to English' located by 'By.xpath: //a[@class = 'taglib-language-list-text' and @lang = 'en-US' and (contains(text(), 'EN') or contains(., 'EN'))]' is not present after '3' second(s)

2018-12-13 12:33:36 - [TEST_STEP][PASSED] - Statement - If (Checker == false): null

2018-12-13 12:33:36 - [TEST_STEP][PASSED] - delay: Delayed 2 second(s)

2018-12-13 12:33:38 - [MESSAGE][PASSED] - Delayed 2 second(s)

2018-12-13 12:33:38 - [TEST_STEP][PASSED] - delay: Delayed 5 second(s)

2018-12-13 12:33:43 - [MESSAGE][PASSED] - Delayed 5 second(s)

2018-12-13 12:33:43 - [TEST_STEP][PASSED] - mouseOver: Object: 'Object Repository/Final Object Repo/Landing Page/WorkFlow Menu' is hovered

2018-12-13 12:33:43 - [MESSAGE][PASSED] - Object: 'Object Repository/Final Object Repo/Landing Page/WorkFlow Menu' is hovered

2018-12-13 12:33:43 - [TEST_STEP][PASSED] - delay: Delayed 2 second(s)

2018-12-13 12:33:45 - [MESSAGE][PASSED] - Delayed 2 second(s)

2018-12-13 12:33:45 - [TEST_STEP][PASSED] - click: Object: 'Object Repository/Final Object Repo/Landing Page/Select to Workflow Listing' is clicked on

2018-12-13 12:33:46 - [MESSAGE][PASSED] - Object: 'Object Repository/Final Object Repo/Landing Page/Select to Workflow Listing' is clicked on

2018-12-13 12:33:46 - [TEST_STEP][PASSED] - delay: Delayed 2 second(s)

2018-12-13 12:33:48 - [MESSAGE][PASSED] - Delayed 2 second(s)

2018-12-13 12:33:48 - [TEST_STEP][PASSED] - click: Object: 'Object Repository/Final Object Repo/WorkFlow Listing Page/Search Information - To Put Ref No' is clicked on

2018-12-13 12:33:48 - [MESSAGE][PASSED] - Object: 'Object Repository/Final Object Repo/WorkFlow Listing Page/Search Information - To Put Ref No' is clicked on

2018-12-13 12:33:48 - [TEST_STEP][PASSED] - delay: Delayed 2 second(s)

2018-12-13 12:33:50 - [MESSAGE][PASSED] - Delayed 2 second(s)

2018-12-13 12:33:50 - [TEST_STEP][PASSED] - callTestCase: Call Test Case 'Test Cases/Final Aug 2018 - PKS Automation/Common/Reference Number Getter' successfully

2018-12-13 12:33:50 - [TEST_CASE][PASSED] - Test Cases/Final Aug 2018 - PKS Automation/Common/Reference Number Getter: Test Cases/Final Aug 2018 - PKS Automation/Common/Reference Number Getter

2018-12-13 12:33:50 - [TEST_STEP][PASSED] - Statement - Try: null

2018-12-13 12:33:50 - [TEST_STEP][PASSED] - Statement - RefNo = new java.io.File(C://Users//Admin//Desktop//PKS//Automation Reference Point//KatalonReference.txt): null

2018-12-13 12:33:50 - [TEST_STEP][PASSED] - Statement - bufferread = new java.io.BufferedReader(new java.io.FileReader(RefNo)): null

2018-12-13 12:33:50 - [TEST_STEP][PASSED] - Statement - readedVal = bufferread.readLine(): null

2018-12-13 12:33:50 - [TEST_STEP][PASSED] - Statement - out.println(CaseReferenceNo): null

2018-12-13 12:33:50 - [TEST_STEP][PASSED] - Statement - out.println(readedVal): null

2018-12-13 12:33:50 - [TEST_STEP][PASSED] - Statement - CaseReferenceNo = "": null

2018-12-13 12:33:50 - [TEST_STEP][PASSED] - Statement - CaseReferenceNo = readedVal: null

2018-12-13 12:33:50 - [MESSAGE][PASSED] - Call Test Case 'Test Cases/Final Aug 2018 - PKS Automation/Common/Reference Number Getter' successfully

2018-12-13 12:33:50 - [TEST_STEP][PASSED] - setText: Text 'ERN122018C200002423' is set on object 'Object Repository/Final Object Repo/WorkFlow Listing Page/Ref No Set Text'

2018-12-13 12:33:51 - [MESSAGE][PASSED] - Text 'ERN122018C200002423' is set on object 'Object Repository/Final Object Repo/WorkFlow Listing Page/Ref No Set Text'

2018-12-13 12:33:51 - [TEST_STEP][PASSED] - delay: Delayed 2 second(s)

2018-12-13 12:33:53 - [MESSAGE][PASSED] - Delayed 2 second(s)

2018-12-13 12:33:53 - [TEST_STEP][PASSED] - click: Object: 'Object Repository/Final Object Repo/WorkFlow Listing Page/Search Ref No Search Button' is clicked on

2018-12-13 12:33:53 - [MESSAGE][PASSED] - Object: 'Object Repository/Final Object Repo/WorkFlow Listing Page/Search Ref No Search Button' is clicked on

2018-12-13 12:33:53 - [TEST_STEP][PASSED] - delay: Delayed 6 second(s)

2018-12-13 12:33:59 - [MESSAGE][PASSED] - Delayed 6 second(s)

2018-12-13 12:33:59 - [TEST_STEP][PASSED] - click: Object: 'Object Repository/Final Object Repo/WorkFlow Listing Page/Click Continue Tooltip' is clicked on

2018-12-13 12:34:00 - [MESSAGE][PASSED] - Object: 'Object Repository/Final Object Repo/WorkFlow Listing Page/Click Continue Tooltip' is clicked on

2018-12-13 12:34:00 - [TEST_STEP][PASSED] - delay: Delayed 5 second(s)

2018-12-13 12:34:05 - [MESSAGE][PASSED] - Delayed 5 second(s)

2018-12-13 12:34:05 - [TEST_STEP][PASSED] - doubleClick: Object: 'Object Repository/Final Object Repo/WorkFlow Listing Page/Workflow Found - Listing 1' is double clicked on

2018-12-13 12:34:05 - [MESSAGE][PASSED] - Object: 'Object Repository/Final Object Repo/WorkFlow Listing Page/Workflow Found - Listing 1' is double clicked on

2018-12-13 12:34:05 - [TEST_STEP][PASSED] - Statement - println(OwnerID): null

2018-12-13 12:34:05 - [TEST_STEP][PASSED] - Statement - OwnerID = com.kms.katalon.core.webui.keyword.WebUiBuiltInKeywords.getText(com.kms.katalon.core.testobject.ObjectRepository.findTestObject(Final Object Repo/WorkFlow Listing Page/Workflow Found - Listing 1), STOP_ON_FAILURE): Text of object 'Object Repository/Final Object Repo/WorkFlow Listing Page/Workflow Found - Listing 1' is: 'JOHORuo2'

2018-12-13 12:34:05 - [MESSAGE][PASSED] - Text of object 'Object Repository/Final Object Repo/WorkFlow Listing Page/Workflow Found - Listing 1' is: 'JOHORuo2'

2018-12-13 12:34:05 - [TEST_STEP][PASSED] - Statement - OwnerID = OwnerID.toLowerCase() + "@gmail.com": null

2018-12-13 12:34:05 - [TEST_STEP][PASSED] - Statement - println(OwnerID): null

2018-12-13 12:34:05 - [TEST_STEP][PASSED] - delay: Delayed 2 second(s)

2018-12-13 12:34:07 - [MESSAGE][PASSED] - Delayed 2 second(s)

2018-12-13 12:34:07 - [MESSAGE][PASSED] - Call Test Case 'Test Cases/Final Aug 2018 - PKS Automation/Common/Workflow Owner Finder' successfully

2018-12-13 12:34:07 - [TEST_STEP][PASSED] - delay: Delayed 1 second(s)

2018-12-13 12:34:08 - [MESSAGE][PASSED] - Delayed 1 second(s)

2018-12-13 12:34:08 - [TEST_STEP][PASSED] - navigateToUrl: Navigate to 'https://assist2-uat.perkeso.gov.my/c/portal/logout' successfully

2018-12-13 12:34:09 - [MESSAGE][PASSED] - Navigate to 'https://assist2-uat.perkeso.gov.my/c/portal/logout' successfully

2018-12-13 12:34:09 - [TEST_STEP][PASSED] - delay: Delayed 1 second(s)

2018-12-13 12:34:10 - [MESSAGE][PASSED] - Delayed 1 second(s)

2018-12-13 12:34:10 - [TEST_STEP][PASSED] - callTestCase: Call Test Case 'Test Cases/Final Aug 2018 - PKS Automation/Registration Module/Workflow/Login and Search Case For Workflow' successfully

2018-12-13 12:34:10 - [TEST_CASE][PASSED] - Test Cases/Final Aug 2018 - PKS Automation/Registration Module/Workflow/Login and Search Case For Workflow: Test Cases/Final Aug 2018 - PKS Automation/Registration Module/Workflow/Login and Search Case For Workflow

2018-12-13 12:34:10 - [TEST_STEP][PASSED] - navigateToUrl: Navigate to 'https://assist2-uat.perkeso.gov.my/login' successfully

2018-12-13 12:34:10 - [MESSAGE][PASSED] - Navigate to 'https://assist2-uat.perkeso.gov.my/login' successfully

2018-12-13 12:34:10 - [TEST_STEP][PASSED] - setText: Text 'johoruo2@gmail.com' is set on object 'Object Repository/Final Object Repo/Login Page/Internal User/Email Address'

2018-12-13 12:34:11 - [MESSAGE][PASSED] - Text 'johoruo2@gmail.com' is set on object 'Object Repository/Final Object Repo/Login Page/Internal User/Email Address'

2018-12-13 12:34:11 - [TEST_STEP][PASSED] - click: Object: 'Object Repository/Final Object Repo/Login Page/Internal User/Next Button' is clicked on

2018-12-13 12:34:11 - [MESSAGE][PASSED] - Object: 'Object Repository/Final Object Repo/Login Page/Internal User/Next Button' is clicked on

2018-12-13 12:34:11 - [TEST_STEP][PASSED] - delay: Delayed 1 second(s)

2018-12-13 12:34:12 - [MESSAGE][PASSED] - Delayed 1 second(s)

2018-12-13 12:34:12 - [TEST_STEP][PASSED] - setEncryptedText: Text ****** has been set on object 'Object Repository/Final Object Repo/Login Page/Internal User/Password'

2018-12-13 12:34:12 - [MESSAGE][PASSED] - Text ****** has been set on object 'Object Repository/Final Object Repo/Login Page/Internal User/Password'

2018-12-13 12:34:12 - [TEST_STEP][PASSED] - click: Object: 'Object Repository/Final Object Repo/Login Page/Internal User/Login Button' is clicked on

2018-12-13 12:34:12 - [MESSAGE][PASSED] - Object: 'Object Repository/Final Object Repo/Login Page/Internal User/Login Button' is clicked on

2018-12-13 12:34:12 - [TEST_STEP][PASSED] - delay: Delayed 2 second(s)

2018-12-13 12:34:14 - [MESSAGE][PASSED] - Delayed 2 second(s)

2018-12-13 12:34:14 - [TEST_STEP][PASSED] - Statement - Try: Delayed 2 second(s)

2018-12-13 12:34:14 - [TEST_STEP][PASSED] - Statement - Checker = false: null

2018-12-13 12:34:14 - [TEST_STEP][PASSED] - Statement - Checker = com.kms.katalon.core.webui.keyword.WebUiBuiltInKeywords.verifyElementHasAttribute(com.kms.katalon.core.testobject.ObjectRepository.findTestObject(Final Object Repo/Landing Page/BM Detecting), "href", 20, OPTIONAL): Object 'Object Repository/Final Object Repo/Landing Page/BM Detecting' has attribute 'href'

2018-12-13 12:34:14 - [MESSAGE][PASSED] - Object 'Object Repository/Final Object Repo/Landing Page/BM Detecting' has attribute 'href'

2018-12-13 12:34:14 - [TEST_STEP][PASSED] - Statement - out.println(Checker): null

2018-12-13 12:34:14 - [TEST_STEP][PASSED] - Statement - If (Checker == false): null

2018-12-13 12:34:14 - [TEST_STEP][PASSED] - Statement - Else: null

2018-12-13 12:34:14 - [TEST_STEP][PASSED] - delay: Delayed 2 second(s)

2018-12-13 12:34:16 - [MESSAGE][PASSED] - Delayed 2 second(s)

2018-12-13 12:34:16 - [TEST_STEP][PASSED] - click: Object: 'Object Repository/Final Object Repo/Page_MyASSIST - ASSIST - Search Pending Case For Add Supporting Document/Search Information' is clicked on

2018-12-13 12:34:16 - [MESSAGE][PASSED] - Object: 'Object Repository/Final Object Repo/Page_MyASSIST - ASSIST - Search Pending Case For Add Supporting Document/Search Information' is clicked on

2018-12-13 12:34:16 - [TEST_STEP][PASSED] - delay: Delayed 3 second(s)

2018-12-13 12:34:19 - [MESSAGE][PASSED] - Delayed 3 second(s)

2018-12-13 12:34:19 - [TEST_STEP][PASSED] - sendKeys: Keys 'ERN122018C200002423' sent to object: 'Object Repository/Final Object Repo/Page_MyASSIST - ASSIST - Search Pending Case For Add Supporting Document/Reference No'

2018-12-13 12:34:20 - [MESSAGE][PASSED] - Keys 'ERN122018C200002423' sent to object: 'Object Repository/Final Object Repo/Page_MyASSIST - ASSIST - Search Pending Case For Add Supporting Document/Reference No'

2018-12-13 12:34:20 - [TEST_STEP][PASSED] - click: Object: 'Object Repository/Final Object Repo/Page_MyASSIST - ASSIST - Search Pending Case For Add Supporting Document/Search Reference No' is clicked on

2018-12-13 12:34:20 - [MESSAGE][PASSED] - Object: 'Object Repository/Final Object Repo/Page_MyASSIST - ASSIST - Search Pending Case For Add Supporting Document/Search Reference No' is clicked on

2018-12-13 12:34:20 - [TEST_STEP][PASSED] - delay: Delayed 2 second(s)

2018-12-13 12:34:22 - [MESSAGE][PASSED] - Delayed 2 second(s)

2018-12-13 12:34:22 - [TEST_STEP][PASSED] - click: Object: 'Object Repository/Final Object Repo/Page_MyASSIST - ASSIST - Search Pending Case For Add Supporting Document/Continue' is clicked on

2018-12-13 12:34:25 - [MESSAGE][PASSED] - Object: 'Object Repository/Final Object Repo/Page_MyASSIST - ASSIST - Search Pending Case For Add Supporting Document/Continue' is clicked on

2018-12-13 12:34:25 - [TEST_STEP][PASSED] - delay: Delayed 20 second(s)

2018-12-13 12:34:45 - [MESSAGE][PASSED] - Delayed 20 second(s)

2018-12-13 12:34:45 - [MESSAGE][PASSED] - Call Test Case 'Test Cases/Final Aug 2018 - PKS Automation/Registration Module/Workflow/Login and Search Case For Workflow' successfully

2018-12-13 12:34:45 - [TEST_STEP][PASSED] - click: Object: 'Object Repository/Final Object Repo/Page_Form 3 EIS - Cessation as Employer/Page_Form 3 EIS - Cessation as Employer (Approve)/Save  Continue in Form 3 Page' is clicked on

2018-12-13 12:34:45 - [MESSAGE][PASSED] - Object: 'Object Repository/Final Object Repo/Page_Form 3 EIS - Cessation as Employer/Page_Form 3 EIS - Cessation as Employer (Approve)/Save  Continue in Form 3 Page' is clicked on

2018-12-13 12:34:45 - [TEST_STEP][PASSED] - delay: Delayed 4 second(s)

2018-12-13 12:34:49 - [MESSAGE][PASSED] - Delayed 4 second(s)

2018-12-13 12:34:49 - [TEST_STEP][PASSED] - click: Object: 'Object Repository/Final Object Repo/Page_Form 3 EIS - Cessation as Employer/Page_Form 3 EIS - Cessation as Employer (Approve)/Save  Continue in Resigned Page' is clicked on

2018-12-13 12:34:49 - [MESSAGE][PASSED] - Object: 'Object Repository/Final Object Repo/Page_Form 3 EIS - Cessation as Employer/Page_Form 3 EIS - Cessation as Employer (Approve)/Save  Continue in Resigned Page' is clicked on

2018-12-13 12:34:49 - [TEST_STEP][PASSED] - delay: Delayed 2 second(s)

2018-12-13 12:34:51 - [MESSAGE][PASSED] - Delayed 2 second(s)

2018-12-13 12:34:51 - [TEST_STEP][PASSED] - setText: Text 'Remark' is set on object 'Object Repository/Final Object Repo/Page_Form 3 EIS - Cessation as Employer/Page_Form 3 EIS - Cessation as Employer (Query)/Query - Remark'

2018-12-13 12:34:53 - [MESSAGE][PASSED] - Text 'Remark' is set on object 'Object Repository/Final Object Repo/Page_Form 3 EIS - Cessation as Employer/Page_Form 3 EIS - Cessation as Employer (Query)/Query - Remark'

2018-12-13 12:34:53 - [TEST_STEP][PASSED] - delay: Delayed 2 second(s)

2018-12-13 12:34:55 - [MESSAGE][PASSED] - Delayed 2 second(s)

2018-12-13 12:34:55 - [TEST_STEP][PASSED] - click: Object: 'Object Repository/Final Object Repo/Page_Form 3 EIS - Cessation as Employer/Page_Form 3 EIS - Cessation as Employer (Query)/Save  Continue' is clicked on

2018-12-13 12:34:55 - [MESSAGE][PASSED] - Object: 'Object Repository/Final Object Repo/Page_Form 3 EIS - Cessation as Employer/Page_Form 3 EIS - Cessation as Employer (Query)/Save  Continue' is clicked on

2018-12-13 12:34:55 - [TEST_STEP][PASSED] - delay: Delayed 2 second(s)

2018-12-13 12:34:57 - [MESSAGE][PASSED] - Delayed 2 second(s)

2018-12-13 12:34:57 - [TEST_STEP][PASSED] - click: Object: 'Object Repository/Final Object Repo/Page_Form 3 EIS - Cessation as Employer/Page_Form 3 EIS - Cessation as Employer (Query)/Query' is clicked on

2018-12-13 12:35:00 - [MESSAGE][PASSED] - Object: 'Object Repository/Final Object Repo/Page_Form 3 EIS - Cessation as Employer/Page_Form 3 EIS - Cessation as Employer (Query)/Query' is clicked on

2018-12-13 12:35:00 - [TEST_STEP][PASSED] - delay: Delayed 2 second(s)

2018-12-13 12:35:02 - [MESSAGE][PASSED] - Delayed 2 second(s)

2018-12-13 12:35:02 - [TEST_STEP][PASSED] - click: Object: 'Object Repository/Final Object Repo/Page_Form 3 EIS - Cessation as Employer/Page_Form 3 EIS - Cessation as Employer (Query)/Confirm' is clicked on

2018-12-13 12:35:08 - [MESSAGE][PASSED] - Object: 'Object Repository/Final Object Repo/Page_Form 3 EIS - Cessation as Employer/Page_Form 3 EIS - Cessation as Employer (Query)/Confirm' is clicked on

2018-12-13 12:35:08 - [TEST_STEP][PASSED] - delay: Delayed 2 second(s)

2018-12-13 12:35:10 - [MESSAGE][PASSED] - Delayed 2 second(s)

2018-12-13 12:35:10 - [TEST_STEP][PASSED] - click: Object: 'Object Repository/Final Object Repo/Page_Form 3 EIS - Cessation as Employer/Page_Form 3 EIS - Cessation as Employer (Query)/Message The Case Is Under Query' is clicked on

2018-12-13 12:35:10 - [MESSAGE][PASSED] - Object: 'Object Repository/Final Object Repo/Page_Form 3 EIS - Cessation as Employer/Page_Form 3 EIS - Cessation as Employer (Query)/Message The Case Is Under Query' is clicked on

2018-12-13 12:35:10 - [TEST_STEP][PASSED] - click: Object: 'Object Repository/Final Object Repo/Page_Form 3 EIS - Cessation as Employer/Page_Form 3 EIS - Cessation as Employer (Query)/Letter of inquiry' is clicked on

2018-12-13 12:35:11 - [MESSAGE][PASSED] - Object: 'Object Repository/Final Object Repo/Page_Form 3 EIS - Cessation as Employer/Page_Form 3 EIS - Cessation as Employer (Query)/Letter of inquiry' is clicked on

2018-12-13 12:35:11 - [TEST_STEP][PASSED] - delay: Delayed 1 second(s)

2018-12-13 12:35:12 - [MESSAGE][PASSED] - Delayed 1 second(s)

2018-12-13 12:35:12 - [TEST_STEP][PASSED] - navigateToUrl: Navigate to 'https://assist2-uat.perkeso.gov.my/c/portal/logout' successfully

2018-12-13 12:35:13 - [MESSAGE][PASSED] - Navigate to 'https://assist2-uat.perkeso.gov.my/c/portal/logout' successfully

2018-12-13 12:35:13 - [TEST_STEP][PASSED] - delay: Delayed 1 second(s)

2018-12-13 12:35:14 - [MESSAGE][PASSED] - Delayed 1 second(s)

2018-12-13 12:35:14 - [TEST_STEP][PASSED] - callTestCase: Call Test Case 'Test Cases/Final Aug 2018 - PKS Automation/Registration Module/Workflow/Login and Search Case For Workflow' successfully

2018-12-13 12:35:14 - [TEST_CASE][PASSED] - Test Cases/Final Aug 2018 - PKS Automation/Registration Module/Workflow/Login and Search Case For Workflow: Test Cases/Final Aug 2018 - PKS Automation/Registration Module/Workflow/Login and Search Case For Workflow

2018-12-13 12:35:14 - [TEST_STEP][PASSED] - navigateToUrl: Navigate to 'https://assist2-uat.perkeso.gov.my/login' successfully

2018-12-13 12:35:14 - [MESSAGE][PASSED] - Navigate to 'https://assist2-uat.perkeso.gov.my/login' successfully

2018-12-13 12:35:14 - [TEST_STEP][PASSED] - setText: Text 'johoruo2@gmail.com' is set on object 'Object Repository/Final Object Repo/Login Page/Internal User/Email Address'

2018-12-13 12:35:15 - [MESSAGE][PASSED] - Text 'johoruo2@gmail.com' is set on object 'Object Repository/Final Object Repo/Login Page/Internal User/Email Address'

2018-12-13 12:35:15 - [TEST_STEP][PASSED] - click: Object: 'Object Repository/Final Object Repo/Login Page/Internal User/Next Button' is clicked on

2018-12-13 12:35:15 - [MESSAGE][PASSED] - Object: 'Object Repository/Final Object Repo/Login Page/Internal User/Next Button' is clicked on

2018-12-13 12:35:15 - [TEST_STEP][PASSED] - delay: Delayed 1 second(s)

2018-12-13 12:35:16 - [MESSAGE][PASSED] - Delayed 1 second(s)

2018-12-13 12:35:16 - [TEST_STEP][PASSED] - setEncryptedText: Text ****** has been set on object 'Object Repository/Final Object Repo/Login Page/Internal User/Password'

2018-12-13 12:35:16 - [MESSAGE][PASSED] - Text ****** has been set on object 'Object Repository/Final Object Repo/Login Page/Internal User/Password'

2018-12-13 12:35:16 - [TEST_STEP][PASSED] - click: Object: 'Object Repository/Final Object Repo/Login Page/Internal User/Login Button' is clicked on

2018-12-13 12:35:16 - [MESSAGE][PASSED] - Object: 'Object Repository/Final Object Repo/Login Page/Internal User/Login Button' is clicked on

2018-12-13 12:35:16 - [TEST_STEP][PASSED] - delay: Delayed 2 second(s)

2018-12-13 12:35:18 - [MESSAGE][PASSED] - Delayed 2 second(s)

2018-12-13 12:35:18 - [TEST_STEP][PASSED] - Statement - Try: Delayed 2 second(s)

2018-12-13 12:35:18 - [TEST_STEP][PASSED] - Statement - Checker = false: null

2018-12-13 12:35:18 - [TEST_STEP][PASSED] - Statement - Checker = com.kms.katalon.core.webui.keyword.WebUiBuiltInKeywords.verifyElementHasAttribute(com.kms.katalon.core.testobject.ObjectRepository.findTestObject(Final Object Repo/Landing Page/BM Detecting), "href", 20, OPTIONAL): Object 'Object Repository/Final Object Repo/Landing Page/BM Detecting' has attribute 'href'

2018-12-13 12:35:18 - [MESSAGE][PASSED] - Object 'Object Repository/Final Object Repo/Landing Page/BM Detecting' has attribute 'href'

2018-12-13 12:35:18 - [TEST_STEP][PASSED] - Statement - out.println(Checker): null

2018-12-13 12:35:18 - [TEST_STEP][PASSED] - Statement - If (Checker == false): null

2018-12-13 12:35:18 - [TEST_STEP][PASSED] - Statement - Else: null

2018-12-13 12:35:18 - [TEST_STEP][PASSED] - delay: Delayed 2 second(s)

2018-12-13 12:35:20 - [MESSAGE][PASSED] - Delayed 2 second(s)

2018-12-13 12:35:20 - [TEST_STEP][PASSED] - click: Object: 'Object Repository/Final Object Repo/Page_MyASSIST - ASSIST - Search Pending Case For Add Supporting Document/Search Information' is clicked on

2018-12-13 12:35:20 - [MESSAGE][PASSED] - Object: 'Object Repository/Final Object Repo/Page_MyASSIST - ASSIST - Search Pending Case For Add Supporting Document/Search Information' is clicked on

2018-12-13 12:35:20 - [TEST_STEP][PASSED] - delay: Delayed 3 second(s)

2018-12-13 12:35:23 - [MESSAGE][PASSED] - Delayed 3 second(s)

2018-12-13 12:35:23 - [TEST_STEP][PASSED] - sendKeys: Keys 'ERN122018C200002423' sent to object: 'Object Repository/Final Object Repo/Page_MyASSIST - ASSIST - Search Pending Case For Add Supporting Document/Reference No'

2018-12-13 12:35:24 - [MESSAGE][PASSED] - Keys 'ERN122018C200002423' sent to object: 'Object Repository/Final Object Repo/Page_MyASSIST - ASSIST - Search Pending Case For Add Supporting Document/Reference No'

2018-12-13 12:35:24 - [TEST_STEP][PASSED] - click: Object: 'Object Repository/Final Object Repo/Page_MyASSIST - ASSIST - Search Pending Case For Add Supporting Document/Search Reference No' is clicked on

2018-12-13 12:35:24 - [MESSAGE][PASSED] - Object: 'Object Repository/Final Object Repo/Page_MyASSIST - ASSIST - Search Pending Case For Add Supporting Document/Search Reference No' is clicked on

2018-12-13 12:35:24 - [TEST_STEP][PASSED] - delay: Delayed 2 second(s)

2018-12-13 12:35:26 - [MESSAGE][PASSED] - Delayed 2 second(s)

2018-12-13 12:35:26 - [TEST_STEP][PASSED] - click: Object: 'Object Repository/Final Object Repo/Page_MyASSIST - ASSIST - Search Pending Case For Add Supporting Document/Continue' is clicked on

2018-12-13 12:35:29 - [MESSAGE][PASSED] - Object: 'Object Repository/Final Object Repo/Page_MyASSIST - ASSIST - Search Pending Case For Add Supporting Document/Continue' is clicked on

2018-12-13 12:35:29 - [TEST_STEP][PASSED] - delay: Delayed 20 second(s)

2018-12-13 12:35:49 - [MESSAGE][PASSED] - Delayed 20 second(s)

2018-12-13 12:35:49 - [MESSAGE][PASSED] - Call Test Case 'Test Cases/Final Aug 2018 - PKS Automation/Registration Module/Workflow/Login and Search Case For Workflow' successfully

2018-12-13 12:35:49 - [TEST_STEP][PASSED] - navigateToUrl: Navigate to 'https://assist2-uat.perkeso.gov.my/web/registration/eis-update/form-3-eis-cessation-as-employer?p_p_id=searchforemployersip_WAR_registrationportlet&p_p_lifecycle=0&_searchforemployersip_WAR_registrationportlet_regViewKey=87&_searchforemployersip_WAR_registrationportlet_browserIdKey=1536115932192&_searchforemployersip_WAR_registrationportlet_tempEmployerIdKey=128990&_searchforemployersip_WAR_registrationportlet_employerIdKey=&_searchforemployersip_WAR_registrationportlet_refCaseNo=ERN092018C200002133&_searchforemployersip_WAR_registrationportlet_mvcPath=%2Fapps%2Freg%2Fdiscontinue_business_sip%2Fdiscontinue_business_sip_form.jsp&_searchforemployersip_WAR_registrationportlet_regSectionKey=215' successfully

2018-12-13 12:35:52 - [MESSAGE][PASSED] - Navigate to 'https://assist2-uat.perkeso.gov.my/web/registration/eis-update/form-3-eis-cessation-as-employer?p_p_id=searchforemployersip_WAR_registrationportlet&p_p_lifecycle=0&_searchforemployersip_WAR_registrationportlet_regViewKey=87&_searchforemployersip_WAR_registrationportlet_browserIdKey=1536115932192&_searchforemployersip_WAR_registrationportlet_tempEmployerIdKey=128990&_searchforemployersip_WAR_registrationportlet_employerIdKey=&_searchforemployersip_WAR_registrationportlet_refCaseNo=ERN092018C200002133&_searchforemployersip_WAR_registrationportlet_mvcPath=%2Fapps%2Freg%2Fdiscontinue_business_sip%2Fdiscontinue_business_sip_form.jsp&_searchforemployersip_WAR_registrationportlet_regSectionKey=215' successfully

2018-12-13 12:35:52 - [TEST_STEP][PASSED] - delay: Delayed 5 second(s)

2018-12-13 12:35:57 - [MESSAGE][PASSED] - Delayed 5 second(s)

2018-12-13 12:35:57 - [TEST_STEP][PASSED] - click: Object: 'Object Repository/Final Object Repo/Page_Form 3 EIS - Cessation as Employer/Page_Form 3 EIS - Cessation as Employer (Query - OTC - UO)/Next' is clicked on

2018-12-13 12:35:58 - [MESSAGE][PASSED] - Object: 'Object Repository/Final Object Repo/Page_Form 3 EIS - Cessation as Employer/Page_Form 3 EIS - Cessation as Employer (Query - OTC - UO)/Next' is clicked on

2018-12-13 12:35:58 - [TEST_STEP][PASSED] - delay: Delayed 2 second(s)

2018-12-13 12:36:00 - [MESSAGE][PASSED] - Delayed 2 second(s)

2018-12-13 12:36:00 - [TEST_STEP][PASSED] - click: Object: 'Object Repository/Final Object Repo/Page_Form 3 EIS - Cessation as Employer/Page_Form 3 EIS - Cessation as Employer (Query - OTC - UO)/Next in Resigned Page' is clicked on

2018-12-13 12:36:03 - [MESSAGE][PASSED] - Object: 'Object Repository/Final Object Repo/Page_Form 3 EIS - Cessation as Employer/Page_Form 3 EIS - Cessation as Employer (Query - OTC - UO)/Next in Resigned Page' is clicked on

2018-12-13 12:36:03 - [TEST_STEP][PASSED] - delay: Delayed 2 second(s)

2018-12-13 12:36:05 - [MESSAGE][PASSED] - Delayed 2 second(s)

2018-12-13 12:36:05 - [TEST_STEP][PASSED] - click: Object: 'Object Repository/Final Object Repo/Page_Form 3 EIS - Cessation as Employer/Page_Form 3 EIS - Cessation as Employer (Query - OTC - UO)/Add Document' is clicked on

2018-12-13 12:36:06 - [MESSAGE][PASSED] - Object: 'Object Repository/Final Object Repo/Page_Form 3 EIS - Cessation as Employer/Page_Form 3 EIS - Cessation as Employer (Query - OTC - UO)/Add Document' is clicked on

2018-12-13 12:36:06 - [TEST_STEP][PASSED] - delay: Delayed 2 second(s)

2018-12-13 12:36:08 - [MESSAGE][PASSED] - Delayed 2 second(s)

2018-12-13 12:36:08 - [TEST_STEP][PASSED] - click: Object: 'Object Repository/Final Object Repo/Page_Form 3 EIS - Cessation as Employer/Page_Form 3 EIS - Cessation as Employer (Query - OTC - UO)/Document Type' is clicked on

2018-12-13 12:36:08 - [MESSAGE][PASSED] - Object: 'Object Repository/Final Object Repo/Page_Form 3 EIS - Cessation as Employer/Page_Form 3 EIS - Cessation as Employer (Query - OTC - UO)/Document Type' is clicked on

2018-12-13 12:36:08 - [TEST_STEP][PASSED] - delay: Delayed 2 second(s)

2018-12-13 12:36:10 - [MESSAGE][PASSED] - Delayed 2 second(s)

2018-12-13 12:36:10 - [TEST_STEP][PASSED] - click: Object: 'Object Repository/Final Object Repo/Page_Form 3 EIS - Cessation as Employer/Page_Form 3 EIS - Cessation as Employer (Query - OTC - UO)/Document Type - Others' is clicked on

2018-12-13 12:36:11 - [MESSAGE][PASSED] - Object: 'Object Repository/Final Object Repo/Page_Form 3 EIS - Cessation as Employer/Page_Form 3 EIS - Cessation as Employer (Query - OTC - UO)/Document Type - Others' is clicked on

2018-12-13 12:36:11 - [TEST_STEP][PASSED] - delay: Delayed 2 second(s)

2018-12-13 12:36:13 - [MESSAGE][PASSED] - Delayed 2 second(s)

2018-12-13 12:36:13 - [TEST_STEP][PASSED] - sendKeys: Keys 'C:\Users\Public\Pictures\Sample Pictures\Koala.jpg' sent to object: 'Object Repository/Final Object Repo/Page_Form 3 EIS - Cessation as Employer/Page_Form 3 EIS - Cessation as Employer (Query - OTC - UO)/ploading File'

2018-12-13 12:36:13 - [MESSAGE][PASSED] - Keys 'C:\Users\Public\Pictures\Sample Pictures\Koala.jpg' sent to object: 'Object Repository/Final Object Repo/Page_Form 3 EIS - Cessation as Employer/Page_Form 3 EIS - Cessation as Employer (Query - OTC - UO)/ploading File'

2018-12-13 12:36:13 - [TEST_STEP][PASSED] - delay: Delayed 2 second(s)

2018-12-13 12:36:15 - [MESSAGE][PASSED] - Delayed 2 second(s)

2018-12-13 12:36:15 - [TEST_STEP][PASSED] - click: Object: 'Object Repository/Final Object Repo/Page_Form 3 EIS - Cessation as Employer/Page_Form 3 EIS - Cessation as Employer (Query - OTC - UO)/Add Document in Uploading Page' is clicked on

2018-12-13 12:36:15 - [MESSAGE][PASSED] - Object: 'Object Repository/Final Object Repo/Page_Form 3 EIS - Cessation as Employer/Page_Form 3 EIS - Cessation as Employer (Query - OTC - UO)/Add Document in Uploading Page' is clicked on

2018-12-13 12:36:15 - [TEST_STEP][PASSED] - delay: Delayed 2 second(s)

2018-12-13 12:36:17 - [MESSAGE][PASSED] - Delayed 2 second(s)

2018-12-13 12:36:17 - [TEST_STEP][PASSED] - click: Object: 'Object Repository/Final Object Repo/Page_Form 3 EIS - Cessation as Employer/Page_Form 3 EIS - Cessation as Employer (Query - OTC - UO)/Exit' is clicked on

2018-12-13 12:36:20 - [MESSAGE][PASSED] - Object: 'Object Repository/Final Object Repo/Page_Form 3 EIS - Cessation as Employer/Page_Form 3 EIS - Cessation as Employer (Query - OTC - UO)/Exit' is clicked on

2018-12-13 12:36:20 - [TEST_STEP][PASSED] - delay: Delayed 1 second(s)

2018-12-13 12:36:21 - [MESSAGE][PASSED] - Delayed 1 second(s)

2018-12-13 12:36:21 - [TEST_STEP][PASSED] - navigateToUrl: Navigate to 'https://assist2-uat.perkeso.gov.my/c/portal/logout' successfully

2018-12-13 12:36:21 - [MESSAGE][PASSED] - Navigate to 'https://assist2-uat.perkeso.gov.my/c/portal/logout' successfully

2018-12-13 12:36:21 - [TEST_STEP][PASSED] - delay: Delayed 1 second(s)

2018-12-13 12:36:22 - [MESSAGE][PASSED] - Delayed 1 second(s)

2018-12-13 12:36:22 - [TEST_STEP][PASSED] - callTestCase: Call Test Case 'Test Cases/Final Aug 2018 - PKS Automation/Registration Module/Workflow/Login and Search Case For Workflow' successfully

2018-12-13 12:36:22 - [TEST_CASE][PASSED] - Test Cases/Final Aug 2018 - PKS Automation/Registration Module/Workflow/Login and Search Case For Workflow: Test Cases/Final Aug 2018 - PKS Automation/Registration Module/Workflow/Login and Search Case For Workflow

2018-12-13 12:36:22 - [TEST_STEP][PASSED] - navigateToUrl: Navigate to 'https://assist2-uat.perkeso.gov.my/login' successfully

2018-12-13 12:36:23 - [MESSAGE][PASSED] - Navigate to 'https://assist2-uat.perkeso.gov.my/login' successfully

2018-12-13 12:36:23 - [TEST_STEP][PASSED] - setText: Text 'johoruo2@gmail.com' is set on object 'Object Repository/Final Object Repo/Login Page/Internal User/Email Address'

2018-12-13 12:36:23 - [MESSAGE][PASSED] - Text 'johoruo2@gmail.com' is set on object 'Object Repository/Final Object Repo/Login Page/Internal User/Email Address'

2018-12-13 12:36:23 - [TEST_STEP][PASSED] - click: Object: 'Object Repository/Final Object Repo/Login Page/Internal User/Next Button' is clicked on

2018-12-13 12:36:23 - [MESSAGE][PASSED] - Object: 'Object Repository/Final Object Repo/Login Page/Internal User/Next Button' is clicked on

2018-12-13 12:36:23 - [TEST_STEP][PASSED] - delay: Delayed 1 second(s)

2018-12-13 12:36:24 - [MESSAGE][PASSED] - Delayed 1 second(s)

2018-12-13 12:36:24 - [TEST_STEP][PASSED] - setEncryptedText: Text ****** has been set on object 'Object Repository/Final Object Repo/Login Page/Internal User/Password'

2018-12-13 12:36:25 - [MESSAGE][PASSED] - Text ****** has been set on object 'Object Repository/Final Object Repo/Login Page/Internal User/Password'

2018-12-13 12:36:25 - [TEST_STEP][PASSED] - click: Object: 'Object Repository/Final Object Repo/Login Page/Internal User/Login Button' is clicked on

2018-12-13 12:36:25 - [MESSAGE][PASSED] - Object: 'Object Repository/Final Object Repo/Login Page/Internal User/Login Button' is clicked on

2018-12-13 12:36:25 - [TEST_STEP][PASSED] - delay: Delayed 2 second(s)

2018-12-13 12:36:27 - [MESSAGE][PASSED] - Delayed 2 second(s)

2018-12-13 12:36:27 - [TEST_STEP][PASSED] - Statement - Try: Delayed 2 second(s)

2018-12-13 12:36:27 - [TEST_STEP][PASSED] - Statement - Checker = false: null

2018-12-13 12:36:27 - [TEST_STEP][PASSED] - Statement - Checker = com.kms.katalon.core.webui.keyword.WebUiBuiltInKeywords.verifyElementHasAttribute(com.kms.katalon.core.testobject.ObjectRepository.findTestObject(Final Object Repo/Landing Page/BM Detecting), "href", 20, OPTIONAL): Object 'Object Repository/Final Object Repo/Landing Page/BM Detecting' has attribute 'href'

2018-12-13 12:36:27 - [MESSAGE][PASSED] - Object 'Object Repository/Final Object Repo/Landing Page/BM Detecting' has attribute 'href'

2018-12-13 12:36:27 - [TEST_STEP][PASSED] - Statement - out.println(Checker): null

2018-12-13 12:36:27 - [TEST_STEP][PASSED] - Statement - If (Checker == false): null

2018-12-13 12:36:27 - [TEST_STEP][PASSED] - Statement - Else: null

2018-12-13 12:36:27 - [TEST_STEP][PASSED] - delay: Delayed 2 second(s)

2018-12-13 12:36:29 - [MESSAGE][PASSED] - Delayed 2 second(s)

2018-12-13 12:36:29 - [TEST_STEP][PASSED] - click: Object: 'Object Repository/Final Object Repo/Page_MyASSIST - ASSIST - Search Pending Case For Add Supporting Document/Search Information' is clicked on

2018-12-13 12:36:29 - [MESSAGE][PASSED] - Object: 'Object Repository/Final Object Repo/Page_MyASSIST - ASSIST - Search Pending Case For Add Supporting Document/Search Information' is clicked on

2018-12-13 12:36:29 - [TEST_STEP][PASSED] - delay: Delayed 3 second(s)

2018-12-13 12:36:32 - [MESSAGE][PASSED] - Delayed 3 second(s)

2018-12-13 12:36:32 - [TEST_STEP][PASSED] - sendKeys: Keys 'ERN122018C200002423' sent to object: 'Object Repository/Final Object Repo/Page_MyASSIST - ASSIST - Search Pending Case For Add Supporting Document/Reference No'

2018-12-13 12:36:32 - [MESSAGE][PASSED] - Keys 'ERN122018C200002423' sent to object: 'Object Repository/Final Object Repo/Page_MyASSIST - ASSIST - Search Pending Case For Add Supporting Document/Reference No'

2018-12-13 12:36:32 - [TEST_STEP][PASSED] - click: Object: 'Object Repository/Final Object Repo/Page_MyASSIST - ASSIST - Search Pending Case For Add Supporting Document/Search Reference No' is clicked on

2018-12-13 12:36:32 - [MESSAGE][PASSED] - Object: 'Object Repository/Final Object Repo/Page_MyASSIST - ASSIST - Search Pending Case For Add Supporting Document/Search Reference No' is clicked on

2018-12-13 12:36:32 - [TEST_STEP][PASSED] - delay: Delayed 2 second(s)

2018-12-13 12:36:34 - [MESSAGE][PASSED] - Delayed 2 second(s)

2018-12-13 12:36:34 - [TEST_STEP][PASSED] - click: Object: 'Object Repository/Final Object Repo/Page_MyASSIST - ASSIST - Search Pending Case For Add Supporting Document/Continue' is clicked on

2018-12-13 12:36:37 - [MESSAGE][PASSED] - Object: 'Object Repository/Final Object Repo/Page_MyASSIST - ASSIST - Search Pending Case For Add Supporting Document/Continue' is clicked on

2018-12-13 12:36:37 - [TEST_STEP][PASSED] - delay: Delayed 20 second(s)

2018-12-13 12:36:57 - [MESSAGE][PASSED] - Delayed 20 second(s)

2018-12-13 12:36:57 - [MESSAGE][PASSED] - Call Test Case 'Test Cases/Final Aug 2018 - PKS Automation/Registration Module/Workflow/Login and Search Case For Workflow' successfully

2018-12-13 12:36:57 - [TEST_STEP][PASSED] - click: Object: 'Object Repository/Final Object Repo/Page_Form 3 EIS - Cessation as Employer/Page_Form 3 EIS - Cessation as Employer (Approve)/Save  Continue in Form 3 Page' is clicked on

2018-12-13 12:36:58 - [MESSAGE][PASSED] - Object: 'Object Repository/Final Object Repo/Page_Form 3 EIS - Cessation as Employer/Page_Form 3 EIS - Cessation as Employer (Approve)/Save  Continue in Form 3 Page' is clicked on

2018-12-13 12:36:58 - [TEST_STEP][PASSED] - delay: Delayed 2 second(s)

2018-12-13 12:37:00 - [MESSAGE][PASSED] - Delayed 2 second(s)

2018-12-13 12:37:00 - [TEST_STEP][PASSED] - click: Object: 'Object Repository/Final Object Repo/Page_Form 3 EIS - Cessation as Employer/Page_Form 3 EIS - Cessation as Employer (Approve)/Save  Continue in Resigned Page' is clicked on

2018-12-13 12:37:00 - [MESSAGE][PASSED] - Object: 'Object Repository/Final Object Repo/Page_Form 3 EIS - Cessation as Employer/Page_Form 3 EIS - Cessation as Employer (Approve)/Save  Continue in Resigned Page' is clicked on

2018-12-13 12:37:00 - [TEST_STEP][PASSED] - delay: Delayed 2 second(s)

2018-12-13 12:37:02 - [MESSAGE][PASSED] - Delayed 2 second(s)

2018-12-13 12:37:02 - [TEST_STEP][PASSED] - click: Object: 'Object Repository/Final Object Repo/Page_Form 3 EIS - Cessation as Employer/Page_Form 3 EIS - Cessation as Employer (Approve)/Save  Continue in Uploading Page' is clicked on

2018-12-13 12:37:03 - [MESSAGE][PASSED] - Object: 'Object Repository/Final Object Repo/Page_Form 3 EIS - Cessation as Employer/Page_Form 3 EIS - Cessation as Employer (Approve)/Save  Continue in Uploading Page' is clicked on

2018-12-13 12:37:03 - [TEST_STEP][PASSED] - delay: Delayed 2 second(s)

2018-12-13 12:37:05 - [MESSAGE][PASSED] - Delayed 2 second(s)

2018-12-13 12:37:05 - [TEST_STEP][PASSED] - click: Object: 'Object Repository/Final Object Repo/Page_Form 3 EIS - Cessation as Employer/Page_Form 3 EIS - Cessation as Employer (Reject)/Reject' is clicked on

2018-12-13 12:37:08 - [MESSAGE][PASSED] - Object: 'Object Repository/Final Object Repo/Page_Form 3 EIS - Cessation as Employer/Page_Form 3 EIS - Cessation as Employer (Reject)/Reject' is clicked on

2018-12-13 12:37:08 - [TEST_STEP][PASSED] - delay: Delayed 2 second(s)

2018-12-13 12:37:10 - [MESSAGE][PASSED] - Delayed 2 second(s)

2018-12-13 12:37:10 - [TEST_STEP][PASSED] - click: Object: 'Object Repository/Final Object Repo/Page_Form 3 EIS - Cessation as Employer/Page_Form 3 EIS - Cessation as Employer (Reject)/Confirm' is clicked on

2018-12-13 12:37:10 - [MESSAGE][PASSED] - Object: 'Object Repository/Final Object Repo/Page_Form 3 EIS - Cessation as Employer/Page_Form 3 EIS - Cessation as Employer (Reject)/Confirm' is clicked on

2018-12-13 12:37:10 - [TEST_STEP][PASSED] - delay: Delayed 2 second(s)

2018-12-13 12:37:12 - [MESSAGE][PASSED] - Delayed 2 second(s)

2018-12-13 12:37:12 - [TEST_STEP][PASSED] - click: Object: 'Object Repository/Final Object Repo/Page_Form 3 EIS - Cessation as Employer/Page_Form 3 EIS - Cessation as Employer (Reject)/Message This Case has been Rejected' is clicked on

2018-12-13 12:37:16 - [MESSAGE][PASSED] - Object: 'Object Repository/Final Object Repo/Page_Form 3 EIS - Cessation as Employer/Page_Form 3 EIS - Cessation as Employer (Reject)/Message This Case has been Rejected' is clicked on

2018-12-13 12:37:16 - [TEST_STEP][PASSED] - click: Object: 'Object Repository/Final Object Repo/Page_Form 3 EIS - Cessation as Employer/Page_Form 3 EIS - Cessation as Employer (Reject)/Letter of update rejection' is clicked on

2018-12-13 12:37:16 - [MESSAGE][PASSED] - Object: 'Object Repository/Final Object Repo/Page_Form 3 EIS - Cessation as Employer/Page_Form 3 EIS - Cessation as Employer (Reject)/Letter of update rejection' is clicked on

2018-12-13 12:37:16 - [MESSAGE][PASSED] - Call Test Case 'Test Cases/Final Aug 2018 - PKS Automation/Registration Module/Workflow/Form 3 EIS - Cessation As Employer/Template/Form 3 A - Cessation As Employer (Query)' successfully]]></system-out>
         <system-err><![CDATA[]]></system-err>
      </testcase>
      <testcase name="Test Cases/Final Aug 2018 - PKS Automation/Registration Module/Workflow/Form 3 EIS - Cessation As Employer/PKRBO to UO (Reject)" classname="Test Cases/Final Aug 2018 - PKS Automation/Registration Module/Workflow/Form 3 EIS - Cessation As Employer/PKRBO to UO (Reject)" status="PASSED">
         <system-out><![CDATA[2018-12-13 12:37:16 - [TEST_CASE][PASSED] - Test Cases/Final Aug 2018 - PKS Automation/Registration Module/Workflow/Form 3 EIS - Cessation As Employer/PKRBO to UO (Reject): Test Cases/Final Aug 2018 - PKS Automation/Registration Module/Workflow/Form 3 EIS - Cessation As Employer/PKRBO to UO (Reject)

2018-12-13 12:37:17 - [TEST_STEP][PASSED] - callTestCase: Call Test Case 'Test Cases/Final Aug 2018 - PKS Automation/Registration Module/Workflow/Form 3 EIS - Cessation As Employer/Template/Form 3 A - Cessation As Employer (PKRBO)' successfully

2018-12-13 12:37:17 - [TEST_CASE][PASSED] - Test Cases/Final Aug 2018 - PKS Automation/Registration Module/Workflow/Form 3 EIS - Cessation As Employer/Template/Form 3 A - Cessation As Employer (PKRBO): Test Cases/Final Aug 2018 - PKS Automation/Registration Module/Workflow/Form 3 EIS - Cessation As Employer/Template/Form 3 A - Cessation As Employer (PKRBO)

2018-12-13 12:37:17 - [TEST_STEP][PASSED] - openBrowser: Browser is opened with url: ''

2018-12-13 12:37:17 - [MESSAGE][WARNING] - A browser is already opened. Closing browser and opening a new one

2018-12-13 12:37:21 - [MESSAGE][PASSED] - Browser is opened with url: ''

2018-12-13 12:37:21 - [TEST_STEP][PASSED] - navigateToUrl: Navigate to 'https://assist2-uat.perkeso.gov.my/login' successfully

2018-12-13 12:37:22 - [MESSAGE][PASSED] - Navigate to 'https://assist2-uat.perkeso.gov.my/login' successfully

2018-12-13 12:37:22 - [TEST_STEP][PASSED] - setText: Text 'johorpkrbo1@gmail.com' is set on object 'Object Repository/Final Object Repo/Login Page/Internal User/Email Address'

2018-12-13 12:37:22 - [MESSAGE][PASSED] - Text 'johorpkrbo1@gmail.com' is set on object 'Object Repository/Final Object Repo/Login Page/Internal User/Email Address'

2018-12-13 12:37:22 - [TEST_STEP][PASSED] - click: Object: 'Object Repository/Final Object Repo/Login Page/Internal User/Next Button' is clicked on

2018-12-13 12:37:22 - [MESSAGE][PASSED] - Object: 'Object Repository/Final Object Repo/Login Page/Internal User/Next Button' is clicked on

2018-12-13 12:37:22 - [TEST_STEP][PASSED] - delay: Delayed 1 second(s)

2018-12-13 12:37:23 - [MESSAGE][PASSED] - Delayed 1 second(s)

2018-12-13 12:37:23 - [TEST_STEP][PASSED] - setEncryptedText: Text ****** has been set on object 'Object Repository/Final Object Repo/Login Page/Internal User/Password'

2018-12-13 12:37:23 - [MESSAGE][PASSED] - Text ****** has been set on object 'Object Repository/Final Object Repo/Login Page/Internal User/Password'

2018-12-13 12:37:23 - [TEST_STEP][PASSED] - click: Object: 'Object Repository/Final Object Repo/Login Page/Internal User/Login Button' is clicked on

2018-12-13 12:37:24 - [MESSAGE][PASSED] - Object: 'Object Repository/Final Object Repo/Login Page/Internal User/Login Button' is clicked on

2018-12-13 12:37:24 - [TEST_STEP][PASSED] - delay: Delayed 1 second(s)

2018-12-13 12:37:25 - [MESSAGE][PASSED] - Delayed 1 second(s)

2018-12-13 12:37:25 - [TEST_STEP][PASSED] - Statement - Try: Delayed 2 second(s)

2018-12-13 12:37:25 - [TEST_STEP][PASSED] - Statement - Checker = false: null

2018-12-13 12:37:25 - [TEST_STEP][PASSED] - Statement - Checker = com.kms.katalon.core.webui.keyword.WebUiBuiltInKeywords.verifyElementHasAttribute(com.kms.katalon.core.testobject.ObjectRepository.findTestObject(Final Object Repo/Landing Page/BM Detecting), "href", 20, OPTIONAL): Object 'Object Repository/Final Object Repo/Landing Page/BM Detecting' has attribute 'href'

2018-12-13 12:37:25 - [MESSAGE][PASSED] - Object 'Object Repository/Final Object Repo/Landing Page/BM Detecting' has attribute 'href'

2018-12-13 12:37:25 - [TEST_STEP][PASSED] - Statement - out.println(Checker): null

2018-12-13 12:37:25 - [TEST_STEP][PASSED] - Statement - If (Checker == false): null

2018-12-13 12:37:25 - [TEST_STEP][PASSED] - Statement - Else: null

2018-12-13 12:37:25 - [TEST_STEP][PASSED] - delay: Delayed 2 second(s)

2018-12-13 12:37:27 - [MESSAGE][PASSED] - Delayed 2 second(s)

2018-12-13 12:37:27 - [TEST_STEP][PASSED] - navigateToUrl: Navigate to 'https://assist2-uat.perkeso.gov.my/web/registration/eis-update/form-3-eis-cessation-as-employer' successfully

2018-12-13 12:37:28 - [MESSAGE][PASSED] - Navigate to 'https://assist2-uat.perkeso.gov.my/web/registration/eis-update/form-3-eis-cessation-as-employer' successfully

2018-12-13 12:37:28 - [TEST_STEP][PASSED] - delay: Delayed 1 second(s)

2018-12-13 12:37:29 - [MESSAGE][PASSED] - Delayed 1 second(s)

2018-12-13 12:37:29 - [TEST_STEP][PASSED] - setText: Text 'E1102069769W' is set on object 'Object Repository/Final Object Repo/Page_Form 3 EIS - Cessation as Employer/Employer Code'

2018-12-13 12:37:30 - [MESSAGE][PASSED] - Text 'E1102069769W' is set on object 'Object Repository/Final Object Repo/Page_Form 3 EIS - Cessation as Employer/Employer Code'

2018-12-13 12:37:30 - [TEST_STEP][PASSED] - click: Object: 'Object Repository/Final Object Repo/Page_Form 3 EIS - Cessation as Employer/Search' is clicked on

2018-12-13 12:37:30 - [MESSAGE][PASSED] - Object: 'Object Repository/Final Object Repo/Page_Form 3 EIS - Cessation as Employer/Search' is clicked on

2018-12-13 12:37:30 - [TEST_STEP][PASSED] - click: Object: 'Object Repository/Final Object Repo/Page_Form 3 EIS - Cessation as Employer/Edit' is clicked on

2018-12-13 12:37:32 - [MESSAGE][PASSED] - Object: 'Object Repository/Final Object Repo/Page_Form 3 EIS - Cessation as Employer/Edit' is clicked on

2018-12-13 12:37:32 - [TEST_STEP][PASSED] - delay: Delayed 1 second(s)

2018-12-13 12:37:33 - [MESSAGE][PASSED] - Delayed 1 second(s)

2018-12-13 12:37:33 - [TEST_STEP][PASSED] - Statement - abc = com.kms.katalon.core.webui.keyword.WebUiBuiltInKeywords.getAttribute(com.kms.katalon.core.testobject.ObjectRepository.findTestObject(Final Object Repo/Page_Form 3 EIS - Cessation as Employer/Employer Status), "value"): Attribute 'value' of object 'Object Repository/Final Object Repo/Page_Form 3 EIS - Cessation as Employer/Employer Status' is: 'Active'

2018-12-13 12:37:33 - [MESSAGE][PASSED] - Attribute 'value' of object 'Object Repository/Final Object Repo/Page_Form 3 EIS - Cessation as Employer/Employer Status' is: 'Active'

2018-12-13 12:37:33 - [TEST_STEP][PASSED] - Statement - out.println(abc): null

2018-12-13 12:37:33 - [TEST_STEP][PASSED] - Statement - If (abc == "Active"): Object: 'Object Repository/Final Object Repo/Page_Form 3 EIS - Cessation as Employer/Dormant EIS' is clicked on

2018-12-13 12:37:33 - [TEST_STEP][PASSED] - click: Object: 'Object Repository/Final Object Repo/Page_Form 3 EIS - Cessation as Employer/Change Employer Status to' is clicked on

2018-12-13 12:37:33 - [MESSAGE][PASSED] - Object: 'Object Repository/Final Object Repo/Page_Form 3 EIS - Cessation as Employer/Change Employer Status to' is clicked on

2018-12-13 12:37:33 - [TEST_STEP][PASSED] - click: Object: 'Object Repository/Final Object Repo/Page_Form 3 EIS - Cessation as Employer/Dormant EIS' is clicked on

2018-12-13 12:37:34 - [MESSAGE][PASSED] - Object: 'Object Repository/Final Object Repo/Page_Form 3 EIS - Cessation as Employer/Dormant EIS' is clicked on

2018-12-13 12:37:34 - [TEST_STEP][PASSED] - click: Object: 'Object Repository/Final Object Repo/Page_Form 3 EIS - Cessation as Employer/Calender' is clicked on

2018-12-13 12:37:34 - [MESSAGE][PASSED] - Object: 'Object Repository/Final Object Repo/Page_Form 3 EIS - Cessation as Employer/Calender' is clicked on

2018-12-13 12:37:34 - [TEST_STEP][PASSED] - delay: Delayed 1 second(s)

2018-12-13 12:37:35 - [MESSAGE][PASSED] - Delayed 1 second(s)

2018-12-13 12:37:35 - [TEST_STEP][PASSED] - click: Object: 'Object Repository/Final Object Repo/Page_Form 3 EIS - Cessation as Employer/Calender - Date' is clicked on

2018-12-13 12:37:35 - [MESSAGE][PASSED] - Object: 'Object Repository/Final Object Repo/Page_Form 3 EIS - Cessation as Employer/Calender - Date' is clicked on

2018-12-13 12:37:35 - [TEST_STEP][PASSED] - click: Object: 'Object Repository/Final Object Repo/Page_Form 3 EIS - Cessation as Employer/Save  Continue in Form 3 EIS Page' is clicked on

2018-12-13 12:37:35 - [MESSAGE][PASSED] - Object: 'Object Repository/Final Object Repo/Page_Form 3 EIS - Cessation as Employer/Save  Continue in Form 3 EIS Page' is clicked on

2018-12-13 12:37:35 - [TEST_STEP][PASSED] - delay: Delayed 1 second(s)

2018-12-13 12:37:36 - [MESSAGE][PASSED] - Delayed 1 second(s)

2018-12-13 12:37:36 - [TEST_STEP][PASSED] - click: Object: 'Object Repository/Final Object Repo/Page_Form 3 EIS - Cessation as Employer/Employment Resign Date' is clicked on

2018-12-13 12:37:36 - [MESSAGE][PASSED] - Object: 'Object Repository/Final Object Repo/Page_Form 3 EIS - Cessation as Employer/Employment Resign Date' is clicked on

2018-12-13 12:37:36 - [TEST_STEP][PASSED] - selectOptionByValue: All options with value '2030' are selected in object 'Object Repository/Final Object Repo/Page_Form 3 EIS - Cessation as Employer/Employment Resign Date - Year' 

2018-12-13 12:37:37 - [MESSAGE][PASSED] - All options with value '2030' are selected in object 'Object Repository/Final Object Repo/Page_Form 3 EIS - Cessation as Employer/Employment Resign Date - Year' 

2018-12-13 12:37:37 - [TEST_STEP][PASSED] - delay: Delayed 2 second(s)

2018-12-13 12:37:39 - [MESSAGE][PASSED] - Delayed 2 second(s)

2018-12-13 12:37:39 - [TEST_STEP][PASSED] - click: Object: 'Object Repository/Final Object Repo/Page_Form 3 EIS - Cessation as Employer/Employment Resign Date - Year - Date' is clicked on

2018-12-13 12:37:39 - [MESSAGE][PASSED] - Object: 'Object Repository/Final Object Repo/Page_Form 3 EIS - Cessation as Employer/Employment Resign Date - Year - Date' is clicked on

2018-12-13 12:37:39 - [TEST_STEP][PASSED] - delay: Delayed 2 second(s)

2018-12-13 12:37:41 - [MESSAGE][PASSED] - Delayed 2 second(s)

2018-12-13 12:37:41 - [TEST_STEP][PASSED] - click: Object: 'Object Repository/Final Object Repo/Page_Form 3 EIS - Cessation as Employer/Save  Continue in Employment Resign Page' is clicked on

2018-12-13 12:37:41 - [MESSAGE][PASSED] - Object: 'Object Repository/Final Object Repo/Page_Form 3 EIS - Cessation as Employer/Save  Continue in Employment Resign Page' is clicked on

2018-12-13 12:37:41 - [TEST_STEP][PASSED] - delay: Delayed 2 second(s)

2018-12-13 12:37:43 - [MESSAGE][PASSED] - Delayed 2 second(s)

2018-12-13 12:37:43 - [TEST_STEP][PASSED] - click: Object: 'Object Repository/Final Object Repo/Page_Form 3 EIS - Cessation as Employer/Set Latest - Yes' is clicked on

2018-12-13 12:37:43 - [MESSAGE][PASSED] - Object: 'Object Repository/Final Object Repo/Page_Form 3 EIS - Cessation as Employer/Set Latest - Yes' is clicked on

2018-12-13 12:37:43 - [TEST_STEP][PASSED] - delay: Delayed 2 second(s)

2018-12-13 12:37:45 - [MESSAGE][PASSED] - Delayed 2 second(s)

2018-12-13 12:37:45 - [TEST_STEP][PASSED] - click: Object: 'Object Repository/Final Object Repo/Page_Form 3 EIS - Cessation as Employer/Add Document' is clicked on

2018-12-13 12:37:46 - [MESSAGE][PASSED] - Object: 'Object Repository/Final Object Repo/Page_Form 3 EIS - Cessation as Employer/Add Document' is clicked on

2018-12-13 12:37:46 - [TEST_STEP][PASSED] - delay: Delayed 3 second(s)

2018-12-13 12:37:49 - [MESSAGE][PASSED] - Delayed 3 second(s)

2018-12-13 12:37:49 - [TEST_STEP][PASSED] - click: Object: 'Object Repository/Final Object Repo/Page_Form 3 EIS - Cessation as Employer/Document Type' is clicked on

2018-12-13 12:37:49 - [MESSAGE][PASSED] - Object: 'Object Repository/Final Object Repo/Page_Form 3 EIS - Cessation as Employer/Document Type' is clicked on

2018-12-13 12:37:49 - [TEST_STEP][PASSED] - click: Object: 'Object Repository/Final Object Repo/Page_Form 3 EIS - Cessation as Employer/Document Type - Form 3' is clicked on

2018-12-13 12:37:49 - [MESSAGE][PASSED] - Object: 'Object Repository/Final Object Repo/Page_Form 3 EIS - Cessation as Employer/Document Type - Form 3' is clicked on

2018-12-13 12:37:49 - [TEST_STEP][PASSED] - delay: Delayed 2 second(s)

2018-12-13 12:37:51 - [MESSAGE][PASSED] - Delayed 2 second(s)

2018-12-13 12:37:51 - [TEST_STEP][PASSED] - sendKeys: Keys 'C:\Users\Public\Pictures\Sample Pictures\Koala.jpg' sent to object: 'Object Repository/Final Object Repo/Page_Form 3 EIS - Cessation as Employer/ploading File'

2018-12-13 12:37:52 - [MESSAGE][PASSED] - Keys 'C:\Users\Public\Pictures\Sample Pictures\Koala.jpg' sent to object: 'Object Repository/Final Object Repo/Page_Form 3 EIS - Cessation as Employer/ploading File'

2018-12-13 12:37:52 - [TEST_STEP][PASSED] - delay: Delayed 1 second(s)

2018-12-13 12:37:53 - [MESSAGE][PASSED] - Delayed 1 second(s)

2018-12-13 12:37:53 - [TEST_STEP][PASSED] - click: Object: 'Object Repository/Final Object Repo/Page_Form 3 EIS - Cessation as Employer/Add Document in Uploading Page' is clicked on

2018-12-13 12:37:53 - [MESSAGE][PASSED] - Object: 'Object Repository/Final Object Repo/Page_Form 3 EIS - Cessation as Employer/Add Document in Uploading Page' is clicked on

2018-12-13 12:37:53 - [TEST_STEP][PASSED] - delay: Delayed 2 second(s)

2018-12-13 12:37:55 - [MESSAGE][PASSED] - Delayed 2 second(s)

2018-12-13 12:37:55 - [TEST_STEP][PASSED] - Statement - CaseReferenceNo = com.kms.katalon.core.webui.keyword.WebUiBuiltInKeywords.getText(com.kms.katalon.core.testobject.ObjectRepository.findTestObject(Final Object Repo/Page_Update Employer Information/Reference Number in Update Employee Information Page)): Text of object 'Object Repository/Final Object Repo/Page_Update Employer Information/Reference Number in Update Employee Information Page' is: 'ERN122018C200002424'

2018-12-13 12:37:57 - [MESSAGE][PASSED] - Text of object 'Object Repository/Final Object Repo/Page_Update Employer Information/Reference Number in Update Employee Information Page' is: 'ERN122018C200002424'

2018-12-13 12:37:57 - [TEST_STEP][PASSED] - callTestCase: Call Test Case 'Test Cases/Final Aug 2018 - PKS Automation/Common/Reference Number Setter' successfully

2018-12-13 12:37:57 - [TEST_CASE][PASSED] - Test Cases/Final Aug 2018 - PKS Automation/Common/Reference Number Setter: Test Cases/Final Aug 2018 - PKS Automation/Common/Reference Number Setter

2018-12-13 12:37:57 - [TEST_STEP][PASSED] - Statement - RefNoOldFile = new java.io.File(C://Users//Admin//Desktop//PKS//Automation Reference Point//KatalonReference.txt): null

2018-12-13 12:37:57 - [TEST_STEP][PASSED] - Statement - RefNoOldFile.delete(): null

2018-12-13 12:37:57 - [TEST_STEP][PASSED] - delay: Delayed 5 second(s)

2018-12-13 12:38:02 - [MESSAGE][PASSED] - Delayed 5 second(s)

2018-12-13 12:38:02 - [TEST_STEP][PASSED] - Statement - RefNo = new java.io.File(C://Users//Admin//Desktop//PKS//Automation Reference Point//KatalonReference.txt): null

2018-12-13 12:38:02 - [TEST_STEP][PASSED] - Statement - f2 = new java.io.FileWriter(RefNo, false): null

2018-12-13 12:38:02 - [TEST_STEP][PASSED] - Statement - f2.write(CaseReferenceNo): null

2018-12-13 12:38:02 - [TEST_STEP][PASSED] - Statement - f2.close(): null

2018-12-13 12:38:02 - [TEST_STEP][PASSED] - Statement - out.println("


" + CaseReferenceNo + "


"): null

2018-12-13 12:38:02 - [MESSAGE][PASSED] - Call Test Case 'Test Cases/Final Aug 2018 - PKS Automation/Common/Reference Number Setter' successfully

2018-12-13 12:38:02 - [TEST_STEP][PASSED] - delay: Delayed 2 second(s)

2018-12-13 12:38:04 - [MESSAGE][PASSED] - Delayed 2 second(s)

2018-12-13 12:38:04 - [TEST_STEP][PASSED] - click: Object: 'Object Repository/Final Object Repo/Page_Form 3 EIS - Cessation as Employer/Save  Continue in Uploading Page' is clicked on

2018-12-13 12:38:04 - [MESSAGE][PASSED] - Object: 'Object Repository/Final Object Repo/Page_Form 3 EIS - Cessation as Employer/Save  Continue in Uploading Page' is clicked on

2018-12-13 12:38:04 - [TEST_STEP][PASSED] - delay: Delayed 2 second(s)

2018-12-13 12:38:06 - [MESSAGE][PASSED] - Delayed 2 second(s)

2018-12-13 12:38:06 - [TEST_STEP][PASSED] - click: Object: 'Object Repository/Final Object Repo/Page_Form 3 EIS - Cessation as Employer/Submit' is clicked on

2018-12-13 12:38:09 - [MESSAGE][PASSED] - Object: 'Object Repository/Final Object Repo/Page_Form 3 EIS - Cessation as Employer/Submit' is clicked on

2018-12-13 12:38:09 - [TEST_STEP][PASSED] - delay: Delayed 2 second(s)

2018-12-13 12:38:11 - [MESSAGE][PASSED] - Delayed 2 second(s)

2018-12-13 12:38:11 - [TEST_STEP][PASSED] - click: Object: 'Object Repository/Final Object Repo/Page_Form 3 EIS - Cessation as Employer/Confirm' is clicked on

2018-12-13 12:38:11 - [MESSAGE][PASSED] - Object: 'Object Repository/Final Object Repo/Page_Form 3 EIS - Cessation as Employer/Confirm' is clicked on

2018-12-13 12:38:11 - [TEST_STEP][PASSED] - delay: Delayed 2 second(s)

2018-12-13 12:38:13 - [MESSAGE][PASSED] - Delayed 2 second(s)

2018-12-13 12:38:13 - [TEST_STEP][PASSED] - click: Object: 'Object Repository/Final Object Repo/Page_Form 3 EIS - Cessation as Employer/Message Your Request will be routed to UO' is clicked on

2018-12-13 12:38:17 - [MESSAGE][PASSED] - Object: 'Object Repository/Final Object Repo/Page_Form 3 EIS - Cessation as Employer/Message Your Request will be routed to UO' is clicked on

2018-12-13 12:38:17 - [TEST_STEP][PASSED] - click: Object: 'Object Repository/Final Object Repo/Page_Form 3 EIS - Cessation as Employer/Letter of acknowledgement' is clicked on

2018-12-13 12:38:17 - [MESSAGE][PASSED] - Object: 'Object Repository/Final Object Repo/Page_Form 3 EIS - Cessation as Employer/Letter of acknowledgement' is clicked on

2018-12-13 12:38:17 - [MESSAGE][PASSED] - Call Test Case 'Test Cases/Final Aug 2018 - PKS Automation/Registration Module/Workflow/Form 3 EIS - Cessation As Employer/Template/Form 3 A - Cessation As Employer (PKRBO)' successfully

2018-12-13 12:38:17 - [TEST_STEP][PASSED] - callTestCase: Call Test Case 'Test Cases/Final Aug 2018 - PKS Automation/Registration Module/Workflow/Form 3 EIS - Cessation As Employer/Template/Form 3 A - Cessation As Employer (Reject)' successfully

2018-12-13 12:38:17 - [TEST_CASE][PASSED] - Test Cases/Final Aug 2018 - PKS Automation/Registration Module/Workflow/Form 3 EIS - Cessation As Employer/Template/Form 3 A - Cessation As Employer (Reject): Test Cases/Final Aug 2018 - PKS Automation/Registration Module/Workflow/Form 3 EIS - Cessation As Employer/Template/Form 3 A - Cessation As Employer (Reject)

2018-12-13 12:38:17 - [TEST_STEP][NOT_RUN] - callTestCase: NOT_RUN: callTestCase

2018-12-13 12:38:17 - [MESSAGE][NOT_RUN] - NOT_RUN: callTestCase

2018-12-13 12:38:17 - [TEST_STEP][PASSED] - delay: Delayed 1 second(s)

2018-12-13 12:38:18 - [MESSAGE][PASSED] - Delayed 1 second(s)

2018-12-13 12:38:18 - [TEST_STEP][PASSED] - navigateToUrl: Navigate to 'https://assist2-uat.perkeso.gov.my/c/portal/logout' successfully

2018-12-13 12:38:19 - [MESSAGE][PASSED] - Navigate to 'https://assist2-uat.perkeso.gov.my/c/portal/logout' successfully

2018-12-13 12:38:19 - [TEST_STEP][PASSED] - delay: Delayed 1 second(s)

2018-12-13 12:38:20 - [MESSAGE][PASSED] - Delayed 1 second(s)

2018-12-13 12:38:20 - [TEST_STEP][PASSED] - callTestCase: Call Test Case 'Test Cases/Final Aug 2018 - PKS Automation/Common/Reference Number Getter' successfully

2018-12-13 12:38:20 - [TEST_CASE][PASSED] - Test Cases/Final Aug 2018 - PKS Automation/Common/Reference Number Getter: Test Cases/Final Aug 2018 - PKS Automation/Common/Reference Number Getter

2018-12-13 12:38:20 - [TEST_STEP][PASSED] - Statement - Try: null

2018-12-13 12:38:20 - [TEST_STEP][PASSED] - Statement - RefNo = new java.io.File(C://Users//Admin//Desktop//PKS//Automation Reference Point//KatalonReference.txt): null

2018-12-13 12:38:20 - [TEST_STEP][PASSED] - Statement - bufferread = new java.io.BufferedReader(new java.io.FileReader(RefNo)): null

2018-12-13 12:38:20 - [TEST_STEP][PASSED] - Statement - readedVal = bufferread.readLine(): null

2018-12-13 12:38:20 - [TEST_STEP][PASSED] - Statement - out.println(CaseReferenceNo): null

2018-12-13 12:38:20 - [TEST_STEP][PASSED] - Statement - out.println(readedVal): null

2018-12-13 12:38:20 - [TEST_STEP][PASSED] - Statement - CaseReferenceNo = "": null

2018-12-13 12:38:20 - [TEST_STEP][PASSED] - Statement - CaseReferenceNo = readedVal: null

2018-12-13 12:38:20 - [MESSAGE][PASSED] - Call Test Case 'Test Cases/Final Aug 2018 - PKS Automation/Common/Reference Number Getter' successfully

2018-12-13 12:38:20 - [TEST_STEP][PASSED] - callTestCase: Call Test Case 'Test Cases/Final Aug 2018 - PKS Automation/Common/Workflow Owner Finder' successfully

2018-12-13 12:38:20 - [TEST_CASE][PASSED] - Test Cases/Final Aug 2018 - PKS Automation/Common/Workflow Owner Finder: Test Cases/Final Aug 2018 - PKS Automation/Common/Workflow Owner Finder

2018-12-13 12:38:20 - [TEST_STEP][PASSED] - openBrowser: Browser is opened with url: ''

2018-12-13 12:38:20 - [MESSAGE][WARNING] - A browser is already opened. Closing browser and opening a new one

2018-12-13 12:38:24 - [MESSAGE][PASSED] - Browser is opened with url: ''

2018-12-13 12:38:24 - [TEST_STEP][PASSED] - navigateToUrl: Navigate to 'https://assist2-uat.perkeso.gov.my/login' successfully

2018-12-13 12:38:25 - [MESSAGE][PASSED] - Navigate to 'https://assist2-uat.perkeso.gov.my/login' successfully

2018-12-13 12:38:25 - [TEST_STEP][PASSED] - delay: Delayed 5 second(s)

2018-12-13 12:38:30 - [MESSAGE][PASSED] - Delayed 5 second(s)

2018-12-13 12:38:30 - [TEST_STEP][PASSED] - setText: Text 'test@liferay.com' is set on object 'Object Repository/Final Object Repo/Login Page/Internal User/Email Address'

2018-12-13 12:38:30 - [MESSAGE][PASSED] - Text 'test@liferay.com' is set on object 'Object Repository/Final Object Repo/Login Page/Internal User/Email Address'

2018-12-13 12:38:30 - [TEST_STEP][PASSED] - click: Object: 'Object Repository/Final Object Repo/Login Page/Internal User/Next Button' is clicked on

2018-12-13 12:38:31 - [MESSAGE][PASSED] - Object: 'Object Repository/Final Object Repo/Login Page/Internal User/Next Button' is clicked on

2018-12-13 12:38:31 - [TEST_STEP][PASSED] - delay: Delayed 2 second(s)

2018-12-13 12:38:33 - [MESSAGE][PASSED] - Delayed 2 second(s)

2018-12-13 12:38:33 - [TEST_STEP][PASSED] - setText: Text 'test' is set on object 'Object Repository/Final Object Repo/Login Page/Internal User/Password'

2018-12-13 12:38:33 - [MESSAGE][PASSED] - Text 'test' is set on object 'Object Repository/Final Object Repo/Login Page/Internal User/Password'

2018-12-13 12:38:33 - [TEST_STEP][PASSED] - delay: Delayed 2 second(s)

2018-12-13 12:38:35 - [MESSAGE][PASSED] - Delayed 2 second(s)

2018-12-13 12:38:35 - [TEST_STEP][PASSED] - click: Object: 'Object Repository/Final Object Repo/Login Page/Internal User/Login Button' is clicked on

2018-12-13 12:38:35 - [MESSAGE][PASSED] - Object: 'Object Repository/Final Object Repo/Login Page/Internal User/Login Button' is clicked on

2018-12-13 12:38:35 - [TEST_STEP][PASSED] - Statement - tester = com.kms.katalon.core.testobject.ObjectRepository.findTestObject(Final Object Repo/Landing Page/Select to English): Finding Test Object with id 'Object Repository/Final Object Repo/Landing Page/Select to English'

2018-12-13 12:38:35 - [TEST_STEP][PASSED] - Statement - Try: Delayed 2 second(s)

2018-12-13 12:38:35 - [TEST_STEP][PASSED] - Statement - Checker = com.kms.katalon.core.webui.keyword.WebUiBuiltInKeywords.verifyElementNotPresent(tester, 3): Web element with id: 'Object Repository/Final Object Repo/Landing Page/Select to English' located by 'By.xpath: //a[@class = 'taglib-language-list-text' and @lang = 'en-US' and (contains(text(), 'EN') or contains(., 'EN'))]' is not present after '3' second(s)

2018-12-13 12:38:37 - [MESSAGE][PASSED] - Web element with id: 'Object Repository/Final Object Repo/Landing Page/Select to English' located by 'By.xpath: //a[@class = 'taglib-language-list-text' and @lang = 'en-US' and (contains(text(), 'EN') or contains(., 'EN'))]' is not present after '3' second(s)

2018-12-13 12:38:37 - [TEST_STEP][PASSED] - Statement - If (Checker == false): null

2018-12-13 12:38:37 - [TEST_STEP][PASSED] - delay: Delayed 2 second(s)

2018-12-13 12:38:39 - [MESSAGE][PASSED] - Delayed 2 second(s)

2018-12-13 12:38:39 - [TEST_STEP][PASSED] - delay: Delayed 5 second(s)

2018-12-13 12:38:44 - [MESSAGE][PASSED] - Delayed 5 second(s)

2018-12-13 12:38:44 - [TEST_STEP][PASSED] - mouseOver: Object: 'Object Repository/Final Object Repo/Landing Page/WorkFlow Menu' is hovered

2018-12-13 12:38:44 - [MESSAGE][PASSED] - Object: 'Object Repository/Final Object Repo/Landing Page/WorkFlow Menu' is hovered

2018-12-13 12:38:44 - [TEST_STEP][PASSED] - delay: Delayed 2 second(s)

2018-12-13 12:38:46 - [MESSAGE][PASSED] - Delayed 2 second(s)

2018-12-13 12:38:46 - [TEST_STEP][PASSED] - click: Object: 'Object Repository/Final Object Repo/Landing Page/Select to Workflow Listing' is clicked on

2018-12-13 12:38:47 - [MESSAGE][PASSED] - Object: 'Object Repository/Final Object Repo/Landing Page/Select to Workflow Listing' is clicked on

2018-12-13 12:38:47 - [TEST_STEP][PASSED] - delay: Delayed 2 second(s)

2018-12-13 12:38:49 - [MESSAGE][PASSED] - Delayed 2 second(s)

2018-12-13 12:38:49 - [TEST_STEP][PASSED] - click: Object: 'Object Repository/Final Object Repo/WorkFlow Listing Page/Search Information - To Put Ref No' is clicked on

2018-12-13 12:38:50 - [MESSAGE][PASSED] - Object: 'Object Repository/Final Object Repo/WorkFlow Listing Page/Search Information - To Put Ref No' is clicked on

2018-12-13 12:38:50 - [TEST_STEP][PASSED] - delay: Delayed 2 second(s)

2018-12-13 12:38:52 - [MESSAGE][PASSED] - Delayed 2 second(s)

2018-12-13 12:38:52 - [TEST_STEP][PASSED] - callTestCase: Call Test Case 'Test Cases/Final Aug 2018 - PKS Automation/Common/Reference Number Getter' successfully

2018-12-13 12:38:52 - [TEST_CASE][PASSED] - Test Cases/Final Aug 2018 - PKS Automation/Common/Reference Number Getter: Test Cases/Final Aug 2018 - PKS Automation/Common/Reference Number Getter

2018-12-13 12:38:52 - [TEST_STEP][PASSED] - Statement - Try: null

2018-12-13 12:38:52 - [TEST_STEP][PASSED] - Statement - RefNo = new java.io.File(C://Users//Admin//Desktop//PKS//Automation Reference Point//KatalonReference.txt): null

2018-12-13 12:38:52 - [TEST_STEP][PASSED] - Statement - bufferread = new java.io.BufferedReader(new java.io.FileReader(RefNo)): null

2018-12-13 12:38:52 - [TEST_STEP][PASSED] - Statement - readedVal = bufferread.readLine(): null

2018-12-13 12:38:52 - [TEST_STEP][PASSED] - Statement - out.println(CaseReferenceNo): null

2018-12-13 12:38:52 - [TEST_STEP][PASSED] - Statement - out.println(readedVal): null

2018-12-13 12:38:52 - [TEST_STEP][PASSED] - Statement - CaseReferenceNo = "": null

2018-12-13 12:38:52 - [TEST_STEP][PASSED] - Statement - CaseReferenceNo = readedVal: null

2018-12-13 12:38:52 - [MESSAGE][PASSED] - Call Test Case 'Test Cases/Final Aug 2018 - PKS Automation/Common/Reference Number Getter' successfully

2018-12-13 12:38:52 - [TEST_STEP][PASSED] - setText: Text 'ERN122018C200002424' is set on object 'Object Repository/Final Object Repo/WorkFlow Listing Page/Ref No Set Text'

2018-12-13 12:38:52 - [MESSAGE][PASSED] - Text 'ERN122018C200002424' is set on object 'Object Repository/Final Object Repo/WorkFlow Listing Page/Ref No Set Text'

2018-12-13 12:38:52 - [TEST_STEP][PASSED] - delay: Delayed 2 second(s)

2018-12-13 12:38:54 - [MESSAGE][PASSED] - Delayed 2 second(s)

2018-12-13 12:38:54 - [TEST_STEP][PASSED] - click: Object: 'Object Repository/Final Object Repo/WorkFlow Listing Page/Search Ref No Search Button' is clicked on

2018-12-13 12:38:54 - [MESSAGE][PASSED] - Object: 'Object Repository/Final Object Repo/WorkFlow Listing Page/Search Ref No Search Button' is clicked on

2018-12-13 12:38:54 - [TEST_STEP][PASSED] - delay: Delayed 6 second(s)

2018-12-13 12:39:00 - [MESSAGE][PASSED] - Delayed 6 second(s)

2018-12-13 12:39:00 - [TEST_STEP][PASSED] - click: Object: 'Object Repository/Final Object Repo/WorkFlow Listing Page/Click Continue Tooltip' is clicked on

2018-12-13 12:39:01 - [MESSAGE][PASSED] - Object: 'Object Repository/Final Object Repo/WorkFlow Listing Page/Click Continue Tooltip' is clicked on

2018-12-13 12:39:01 - [TEST_STEP][PASSED] - delay: Delayed 5 second(s)

2018-12-13 12:39:06 - [MESSAGE][PASSED] - Delayed 5 second(s)

2018-12-13 12:39:06 - [TEST_STEP][PASSED] - doubleClick: Object: 'Object Repository/Final Object Repo/WorkFlow Listing Page/Workflow Found - Listing 1' is double clicked on

2018-12-13 12:39:06 - [MESSAGE][PASSED] - Object: 'Object Repository/Final Object Repo/WorkFlow Listing Page/Workflow Found - Listing 1' is double clicked on

2018-12-13 12:39:06 - [TEST_STEP][PASSED] - Statement - println(OwnerID): null

2018-12-13 12:39:06 - [TEST_STEP][PASSED] - Statement - OwnerID = com.kms.katalon.core.webui.keyword.WebUiBuiltInKeywords.getText(com.kms.katalon.core.testobject.ObjectRepository.findTestObject(Final Object Repo/WorkFlow Listing Page/Workflow Found - Listing 1), STOP_ON_FAILURE): Text of object 'Object Repository/Final Object Repo/WorkFlow Listing Page/Workflow Found - Listing 1' is: 'JOHORuo3'

2018-12-13 12:39:06 - [MESSAGE][PASSED] - Text of object 'Object Repository/Final Object Repo/WorkFlow Listing Page/Workflow Found - Listing 1' is: 'JOHORuo3'

2018-12-13 12:39:06 - [TEST_STEP][PASSED] - Statement - OwnerID = OwnerID.toLowerCase() + "@gmail.com": null

2018-12-13 12:39:06 - [TEST_STEP][PASSED] - Statement - println(OwnerID): null

2018-12-13 12:39:06 - [TEST_STEP][PASSED] - delay: Delayed 2 second(s)

2018-12-13 12:39:08 - [MESSAGE][PASSED] - Delayed 2 second(s)

2018-12-13 12:39:08 - [MESSAGE][PASSED] - Call Test Case 'Test Cases/Final Aug 2018 - PKS Automation/Common/Workflow Owner Finder' successfully

2018-12-13 12:39:08 - [TEST_STEP][PASSED] - delay: Delayed 1 second(s)

2018-12-13 12:39:09 - [MESSAGE][PASSED] - Delayed 1 second(s)

2018-12-13 12:39:09 - [TEST_STEP][PASSED] - navigateToUrl: Navigate to 'https://assist2-uat.perkeso.gov.my/c/portal/logout' successfully

2018-12-13 12:39:10 - [MESSAGE][PASSED] - Navigate to 'https://assist2-uat.perkeso.gov.my/c/portal/logout' successfully

2018-12-13 12:39:10 - [TEST_STEP][PASSED] - delay: Delayed 1 second(s)

2018-12-13 12:39:11 - [MESSAGE][PASSED] - Delayed 1 second(s)

2018-12-13 12:39:11 - [TEST_STEP][PASSED] - callTestCase: Call Test Case 'Test Cases/Final Aug 2018 - PKS Automation/Registration Module/Workflow/Login and Search Case For Workflow' successfully

2018-12-13 12:39:11 - [TEST_CASE][PASSED] - Test Cases/Final Aug 2018 - PKS Automation/Registration Module/Workflow/Login and Search Case For Workflow: Test Cases/Final Aug 2018 - PKS Automation/Registration Module/Workflow/Login and Search Case For Workflow

2018-12-13 12:39:11 - [TEST_STEP][PASSED] - navigateToUrl: Navigate to 'https://assist2-uat.perkeso.gov.my/login' successfully

2018-12-13 12:39:12 - [MESSAGE][PASSED] - Navigate to 'https://assist2-uat.perkeso.gov.my/login' successfully

2018-12-13 12:39:12 - [TEST_STEP][PASSED] - setText: Text 'johoruo3@gmail.com' is set on object 'Object Repository/Final Object Repo/Login Page/Internal User/Email Address'

2018-12-13 12:39:12 - [MESSAGE][PASSED] - Text 'johoruo3@gmail.com' is set on object 'Object Repository/Final Object Repo/Login Page/Internal User/Email Address'

2018-12-13 12:39:12 - [TEST_STEP][PASSED] - click: Object: 'Object Repository/Final Object Repo/Login Page/Internal User/Next Button' is clicked on

2018-12-13 12:39:12 - [MESSAGE][PASSED] - Object: 'Object Repository/Final Object Repo/Login Page/Internal User/Next Button' is clicked on

2018-12-13 12:39:12 - [TEST_STEP][PASSED] - delay: Delayed 1 second(s)

2018-12-13 12:39:13 - [MESSAGE][PASSED] - Delayed 1 second(s)

2018-12-13 12:39:13 - [TEST_STEP][PASSED] - setEncryptedText: Text ****** has been set on object 'Object Repository/Final Object Repo/Login Page/Internal User/Password'

2018-12-13 12:39:14 - [MESSAGE][PASSED] - Text ****** has been set on object 'Object Repository/Final Object Repo/Login Page/Internal User/Password'

2018-12-13 12:39:14 - [TEST_STEP][PASSED] - click: Object: 'Object Repository/Final Object Repo/Login Page/Internal User/Login Button' is clicked on

2018-12-13 12:39:14 - [MESSAGE][PASSED] - Object: 'Object Repository/Final Object Repo/Login Page/Internal User/Login Button' is clicked on

2018-12-13 12:39:14 - [TEST_STEP][PASSED] - delay: Delayed 2 second(s)

2018-12-13 12:39:16 - [MESSAGE][PASSED] - Delayed 2 second(s)

2018-12-13 12:39:16 - [TEST_STEP][PASSED] - Statement - Try: Delayed 2 second(s)

2018-12-13 12:39:16 - [TEST_STEP][PASSED] - Statement - Checker = false: null

2018-12-13 12:39:16 - [TEST_STEP][PASSED] - Statement - Checker = com.kms.katalon.core.webui.keyword.WebUiBuiltInKeywords.verifyElementHasAttribute(com.kms.katalon.core.testobject.ObjectRepository.findTestObject(Final Object Repo/Landing Page/BM Detecting), "href", 20, OPTIONAL): Object 'Object Repository/Final Object Repo/Landing Page/BM Detecting' has attribute 'href'

2018-12-13 12:39:16 - [MESSAGE][PASSED] - Object 'Object Repository/Final Object Repo/Landing Page/BM Detecting' has attribute 'href'

2018-12-13 12:39:16 - [TEST_STEP][PASSED] - Statement - out.println(Checker): null

2018-12-13 12:39:16 - [TEST_STEP][PASSED] - Statement - If (Checker == false): null

2018-12-13 12:39:16 - [TEST_STEP][PASSED] - Statement - Else: null

2018-12-13 12:39:16 - [TEST_STEP][PASSED] - delay: Delayed 2 second(s)

2018-12-13 12:39:18 - [MESSAGE][PASSED] - Delayed 2 second(s)

2018-12-13 12:39:18 - [TEST_STEP][PASSED] - click: Object: 'Object Repository/Final Object Repo/Page_MyASSIST - ASSIST - Search Pending Case For Add Supporting Document/Search Information' is clicked on

2018-12-13 12:39:18 - [MESSAGE][PASSED] - Object: 'Object Repository/Final Object Repo/Page_MyASSIST - ASSIST - Search Pending Case For Add Supporting Document/Search Information' is clicked on

2018-12-13 12:39:18 - [TEST_STEP][PASSED] - delay: Delayed 3 second(s)

2018-12-13 12:39:21 - [MESSAGE][PASSED] - Delayed 3 second(s)

2018-12-13 12:39:21 - [TEST_STEP][PASSED] - sendKeys: Keys 'ERN122018C200002424' sent to object: 'Object Repository/Final Object Repo/Page_MyASSIST - ASSIST - Search Pending Case For Add Supporting Document/Reference No'

2018-12-13 12:39:21 - [MESSAGE][PASSED] - Keys 'ERN122018C200002424' sent to object: 'Object Repository/Final Object Repo/Page_MyASSIST - ASSIST - Search Pending Case For Add Supporting Document/Reference No'

2018-12-13 12:39:21 - [TEST_STEP][PASSED] - click: Object: 'Object Repository/Final Object Repo/Page_MyASSIST - ASSIST - Search Pending Case For Add Supporting Document/Search Reference No' is clicked on

2018-12-13 12:39:21 - [MESSAGE][PASSED] - Object: 'Object Repository/Final Object Repo/Page_MyASSIST - ASSIST - Search Pending Case For Add Supporting Document/Search Reference No' is clicked on

2018-12-13 12:39:21 - [TEST_STEP][PASSED] - delay: Delayed 2 second(s)

2018-12-13 12:39:23 - [MESSAGE][PASSED] - Delayed 2 second(s)

2018-12-13 12:39:23 - [TEST_STEP][PASSED] - click: Object: 'Object Repository/Final Object Repo/Page_MyASSIST - ASSIST - Search Pending Case For Add Supporting Document/Continue' is clicked on

2018-12-13 12:39:27 - [MESSAGE][PASSED] - Object: 'Object Repository/Final Object Repo/Page_MyASSIST - ASSIST - Search Pending Case For Add Supporting Document/Continue' is clicked on

2018-12-13 12:39:27 - [TEST_STEP][PASSED] - delay: Delayed 20 second(s)

2018-12-13 12:39:47 - [MESSAGE][PASSED] - Delayed 20 second(s)

2018-12-13 12:39:47 - [MESSAGE][PASSED] - Call Test Case 'Test Cases/Final Aug 2018 - PKS Automation/Registration Module/Workflow/Login and Search Case For Workflow' successfully

2018-12-13 12:39:47 - [TEST_STEP][PASSED] - click: Object: 'Object Repository/Final Object Repo/Page_Form 3 EIS - Cessation as Employer/Page_Form 3 EIS - Cessation as Employer (Approve)/Save  Continue in Form 3 Page' is clicked on

2018-12-13 12:39:47 - [MESSAGE][PASSED] - Object: 'Object Repository/Final Object Repo/Page_Form 3 EIS - Cessation as Employer/Page_Form 3 EIS - Cessation as Employer (Approve)/Save  Continue in Form 3 Page' is clicked on

2018-12-13 12:39:47 - [TEST_STEP][PASSED] - delay: Delayed 2 second(s)

2018-12-13 12:39:49 - [MESSAGE][PASSED] - Delayed 2 second(s)

2018-12-13 12:39:49 - [TEST_STEP][PASSED] - click: Object: 'Object Repository/Final Object Repo/Page_Form 3 EIS - Cessation as Employer/Page_Form 3 EIS - Cessation as Employer (Approve)/Save  Continue in Resigned Page' is clicked on

2018-12-13 12:39:49 - [MESSAGE][PASSED] - Object: 'Object Repository/Final Object Repo/Page_Form 3 EIS - Cessation as Employer/Page_Form 3 EIS - Cessation as Employer (Approve)/Save  Continue in Resigned Page' is clicked on

2018-12-13 12:39:49 - [TEST_STEP][PASSED] - delay: Delayed 2 second(s)

2018-12-13 12:39:51 - [MESSAGE][PASSED] - Delayed 2 second(s)

2018-12-13 12:39:51 - [TEST_STEP][PASSED] - click: Object: 'Object Repository/Final Object Repo/Page_Form 3 EIS - Cessation as Employer/Page_Form 3 EIS - Cessation as Employer (Approve)/Save  Continue in Uploading Page' is clicked on

2018-12-13 12:39:52 - [MESSAGE][PASSED] - Object: 'Object Repository/Final Object Repo/Page_Form 3 EIS - Cessation as Employer/Page_Form 3 EIS - Cessation as Employer (Approve)/Save  Continue in Uploading Page' is clicked on

2018-12-13 12:39:52 - [TEST_STEP][PASSED] - delay: Delayed 2 second(s)

2018-12-13 12:39:54 - [MESSAGE][PASSED] - Delayed 2 second(s)

2018-12-13 12:39:54 - [TEST_STEP][PASSED] - click: Object: 'Object Repository/Final Object Repo/Page_Form 3 EIS - Cessation as Employer/Page_Form 3 EIS - Cessation as Employer (Reject)/Reject' is clicked on

2018-12-13 12:39:57 - [MESSAGE][PASSED] - Object: 'Object Repository/Final Object Repo/Page_Form 3 EIS - Cessation as Employer/Page_Form 3 EIS - Cessation as Employer (Reject)/Reject' is clicked on

2018-12-13 12:39:57 - [TEST_STEP][PASSED] - delay: Delayed 2 second(s)

2018-12-13 12:39:59 - [MESSAGE][PASSED] - Delayed 2 second(s)

2018-12-13 12:39:59 - [TEST_STEP][PASSED] - click: Object: 'Object Repository/Final Object Repo/Page_Form 3 EIS - Cessation as Employer/Page_Form 3 EIS - Cessation as Employer (Reject)/Confirm' is clicked on

2018-12-13 12:39:59 - [MESSAGE][PASSED] - Object: 'Object Repository/Final Object Repo/Page_Form 3 EIS - Cessation as Employer/Page_Form 3 EIS - Cessation as Employer (Reject)/Confirm' is clicked on

2018-12-13 12:39:59 - [TEST_STEP][PASSED] - delay: Delayed 2 second(s)

2018-12-13 12:40:01 - [MESSAGE][PASSED] - Delayed 2 second(s)

2018-12-13 12:40:01 - [TEST_STEP][PASSED] - click: Object: 'Object Repository/Final Object Repo/Page_Form 3 EIS - Cessation as Employer/Page_Form 3 EIS - Cessation as Employer (Reject)/Message This Case has been Rejected' is clicked on

2018-12-13 12:40:05 - [MESSAGE][PASSED] - Object: 'Object Repository/Final Object Repo/Page_Form 3 EIS - Cessation as Employer/Page_Form 3 EIS - Cessation as Employer (Reject)/Message This Case has been Rejected' is clicked on

2018-12-13 12:40:05 - [TEST_STEP][PASSED] - click: Object: 'Object Repository/Final Object Repo/Page_Form 3 EIS - Cessation as Employer/Page_Form 3 EIS - Cessation as Employer (Reject)/Letter of update rejection' is clicked on

2018-12-13 12:40:06 - [MESSAGE][PASSED] - Object: 'Object Repository/Final Object Repo/Page_Form 3 EIS - Cessation as Employer/Page_Form 3 EIS - Cessation as Employer (Reject)/Letter of update rejection' is clicked on

2018-12-13 12:40:06 - [MESSAGE][PASSED] - Call Test Case 'Test Cases/Final Aug 2018 - PKS Automation/Registration Module/Workflow/Form 3 EIS - Cessation As Employer/Template/Form 3 A - Cessation As Employer (Reject)' successfully]]></system-out>
         <system-err><![CDATA[]]></system-err>
      </testcase>
      <testcase name="Test Cases/Final Aug 2018 - PKS Automation/Registration Module/Workflow/Form 3 EIS - Cessation As Employer/PKRBO to UO (Under enforcement)" classname="Test Cases/Final Aug 2018 - PKS Automation/Registration Module/Workflow/Form 3 EIS - Cessation As Employer/PKRBO to UO (Under enforcement)" status="PASSED">
         <system-out><![CDATA[2018-12-13 12:40:06 - [TEST_CASE][PASSED] - Test Cases/Final Aug 2018 - PKS Automation/Registration Module/Workflow/Form 3 EIS - Cessation As Employer/PKRBO to UO (Under enforcement): Test Cases/Final Aug 2018 - PKS Automation/Registration Module/Workflow/Form 3 EIS - Cessation As Employer/PKRBO to UO (Under enforcement)

2018-12-13 12:40:06 - [TEST_STEP][PASSED] - callTestCase: Call Test Case 'Test Cases/Final Aug 2018 - PKS Automation/Registration Module/Workflow/Form 3 EIS - Cessation As Employer/Template/Form 3 A - Cessation As Employer (PKRBO)' successfully

2018-12-13 12:40:06 - [TEST_CASE][PASSED] - Test Cases/Final Aug 2018 - PKS Automation/Registration Module/Workflow/Form 3 EIS - Cessation As Employer/Template/Form 3 A - Cessation As Employer (PKRBO): Test Cases/Final Aug 2018 - PKS Automation/Registration Module/Workflow/Form 3 EIS - Cessation As Employer/Template/Form 3 A - Cessation As Employer (PKRBO)

2018-12-13 12:40:06 - [TEST_STEP][PASSED] - openBrowser: Browser is opened with url: ''

2018-12-13 12:40:06 - [MESSAGE][WARNING] - A browser is already opened. Closing browser and opening a new one

2018-12-13 12:40:10 - [MESSAGE][PASSED] - Browser is opened with url: ''

2018-12-13 12:40:10 - [TEST_STEP][PASSED] - navigateToUrl: Navigate to 'https://assist2-uat.perkeso.gov.my/login' successfully

2018-12-13 12:40:11 - [MESSAGE][PASSED] - Navigate to 'https://assist2-uat.perkeso.gov.my/login' successfully

2018-12-13 12:40:11 - [TEST_STEP][PASSED] - setText: Text 'johorpkrbo1@gmail.com' is set on object 'Object Repository/Final Object Repo/Login Page/Internal User/Email Address'

2018-12-13 12:40:12 - [MESSAGE][PASSED] - Text 'johorpkrbo1@gmail.com' is set on object 'Object Repository/Final Object Repo/Login Page/Internal User/Email Address'

2018-12-13 12:40:12 - [TEST_STEP][PASSED] - click: Object: 'Object Repository/Final Object Repo/Login Page/Internal User/Next Button' is clicked on

2018-12-13 12:40:12 - [MESSAGE][PASSED] - Object: 'Object Repository/Final Object Repo/Login Page/Internal User/Next Button' is clicked on

2018-12-13 12:40:12 - [TEST_STEP][PASSED] - delay: Delayed 1 second(s)

2018-12-13 12:40:13 - [MESSAGE][PASSED] - Delayed 1 second(s)

2018-12-13 12:40:13 - [TEST_STEP][PASSED] - setEncryptedText: Text ****** has been set on object 'Object Repository/Final Object Repo/Login Page/Internal User/Password'

2018-12-13 12:40:13 - [MESSAGE][PASSED] - Text ****** has been set on object 'Object Repository/Final Object Repo/Login Page/Internal User/Password'

2018-12-13 12:40:13 - [TEST_STEP][PASSED] - click: Object: 'Object Repository/Final Object Repo/Login Page/Internal User/Login Button' is clicked on

2018-12-13 12:40:13 - [MESSAGE][PASSED] - Object: 'Object Repository/Final Object Repo/Login Page/Internal User/Login Button' is clicked on

2018-12-13 12:40:13 - [TEST_STEP][PASSED] - delay: Delayed 1 second(s)

2018-12-13 12:40:14 - [MESSAGE][PASSED] - Delayed 1 second(s)

2018-12-13 12:40:14 - [TEST_STEP][PASSED] - Statement - Try: Delayed 2 second(s)

2018-12-13 12:40:14 - [TEST_STEP][PASSED] - Statement - Checker = false: null

2018-12-13 12:40:14 - [TEST_STEP][PASSED] - Statement - Checker = com.kms.katalon.core.webui.keyword.WebUiBuiltInKeywords.verifyElementHasAttribute(com.kms.katalon.core.testobject.ObjectRepository.findTestObject(Final Object Repo/Landing Page/BM Detecting), "href", 20, OPTIONAL): Object 'Object Repository/Final Object Repo/Landing Page/BM Detecting' has attribute 'href'

2018-12-13 12:40:15 - [MESSAGE][PASSED] - Object 'Object Repository/Final Object Repo/Landing Page/BM Detecting' has attribute 'href'

2018-12-13 12:40:15 - [TEST_STEP][PASSED] - Statement - out.println(Checker): null

2018-12-13 12:40:15 - [TEST_STEP][PASSED] - Statement - If (Checker == false): null

2018-12-13 12:40:15 - [TEST_STEP][PASSED] - Statement - Else: null

2018-12-13 12:40:15 - [TEST_STEP][PASSED] - delay: Delayed 2 second(s)

2018-12-13 12:40:17 - [MESSAGE][PASSED] - Delayed 2 second(s)

2018-12-13 12:40:17 - [TEST_STEP][PASSED] - navigateToUrl: Navigate to 'https://assist2-uat.perkeso.gov.my/web/registration/eis-update/form-3-eis-cessation-as-employer' successfully

2018-12-13 12:40:18 - [MESSAGE][PASSED] - Navigate to 'https://assist2-uat.perkeso.gov.my/web/registration/eis-update/form-3-eis-cessation-as-employer' successfully

2018-12-13 12:40:18 - [TEST_STEP][PASSED] - delay: Delayed 1 second(s)

2018-12-13 12:40:19 - [MESSAGE][PASSED] - Delayed 1 second(s)

2018-12-13 12:40:19 - [TEST_STEP][PASSED] - setText: Text 'E1102069769W' is set on object 'Object Repository/Final Object Repo/Page_Form 3 EIS - Cessation as Employer/Employer Code'

2018-12-13 12:40:19 - [MESSAGE][PASSED] - Text 'E1102069769W' is set on object 'Object Repository/Final Object Repo/Page_Form 3 EIS - Cessation as Employer/Employer Code'

2018-12-13 12:40:19 - [TEST_STEP][PASSED] - click: Object: 'Object Repository/Final Object Repo/Page_Form 3 EIS - Cessation as Employer/Search' is clicked on

2018-12-13 12:40:19 - [MESSAGE][PASSED] - Object: 'Object Repository/Final Object Repo/Page_Form 3 EIS - Cessation as Employer/Search' is clicked on

2018-12-13 12:40:19 - [TEST_STEP][PASSED] - click: Object: 'Object Repository/Final Object Repo/Page_Form 3 EIS - Cessation as Employer/Edit' is clicked on

2018-12-13 12:40:22 - [MESSAGE][PASSED] - Object: 'Object Repository/Final Object Repo/Page_Form 3 EIS - Cessation as Employer/Edit' is clicked on

2018-12-13 12:40:22 - [TEST_STEP][PASSED] - delay: Delayed 1 second(s)

2018-12-13 12:40:23 - [MESSAGE][PASSED] - Delayed 1 second(s)

2018-12-13 12:40:23 - [TEST_STEP][PASSED] - Statement - abc = com.kms.katalon.core.webui.keyword.WebUiBuiltInKeywords.getAttribute(com.kms.katalon.core.testobject.ObjectRepository.findTestObject(Final Object Repo/Page_Form 3 EIS - Cessation as Employer/Employer Status), "value"): Attribute 'value' of object 'Object Repository/Final Object Repo/Page_Form 3 EIS - Cessation as Employer/Employer Status' is: 'Active'

2018-12-13 12:40:23 - [MESSAGE][PASSED] - Attribute 'value' of object 'Object Repository/Final Object Repo/Page_Form 3 EIS - Cessation as Employer/Employer Status' is: 'Active'

2018-12-13 12:40:23 - [TEST_STEP][PASSED] - Statement - out.println(abc): null

2018-12-13 12:40:23 - [TEST_STEP][PASSED] - Statement - If (abc == "Active"): Object: 'Object Repository/Final Object Repo/Page_Form 3 EIS - Cessation as Employer/Dormant EIS' is clicked on

2018-12-13 12:40:23 - [TEST_STEP][PASSED] - click: Object: 'Object Repository/Final Object Repo/Page_Form 3 EIS - Cessation as Employer/Change Employer Status to' is clicked on

2018-12-13 12:40:23 - [MESSAGE][PASSED] - Object: 'Object Repository/Final Object Repo/Page_Form 3 EIS - Cessation as Employer/Change Employer Status to' is clicked on

2018-12-13 12:40:23 - [TEST_STEP][PASSED] - click: Object: 'Object Repository/Final Object Repo/Page_Form 3 EIS - Cessation as Employer/Dormant EIS' is clicked on

2018-12-13 12:40:23 - [MESSAGE][PASSED] - Object: 'Object Repository/Final Object Repo/Page_Form 3 EIS - Cessation as Employer/Dormant EIS' is clicked on

2018-12-13 12:40:23 - [TEST_STEP][PASSED] - click: Object: 'Object Repository/Final Object Repo/Page_Form 3 EIS - Cessation as Employer/Calender' is clicked on

2018-12-13 12:40:24 - [MESSAGE][PASSED] - Object: 'Object Repository/Final Object Repo/Page_Form 3 EIS - Cessation as Employer/Calender' is clicked on

2018-12-13 12:40:24 - [TEST_STEP][PASSED] - delay: Delayed 1 second(s)

2018-12-13 12:40:25 - [MESSAGE][PASSED] - Delayed 1 second(s)

2018-12-13 12:40:25 - [TEST_STEP][PASSED] - click: Object: 'Object Repository/Final Object Repo/Page_Form 3 EIS - Cessation as Employer/Calender - Date' is clicked on

2018-12-13 12:40:25 - [MESSAGE][PASSED] - Object: 'Object Repository/Final Object Repo/Page_Form 3 EIS - Cessation as Employer/Calender - Date' is clicked on

2018-12-13 12:40:25 - [TEST_STEP][PASSED] - click: Object: 'Object Repository/Final Object Repo/Page_Form 3 EIS - Cessation as Employer/Save  Continue in Form 3 EIS Page' is clicked on

2018-12-13 12:40:25 - [MESSAGE][PASSED] - Object: 'Object Repository/Final Object Repo/Page_Form 3 EIS - Cessation as Employer/Save  Continue in Form 3 EIS Page' is clicked on

2018-12-13 12:40:25 - [TEST_STEP][PASSED] - delay: Delayed 1 second(s)

2018-12-13 12:40:26 - [MESSAGE][PASSED] - Delayed 1 second(s)

2018-12-13 12:40:26 - [TEST_STEP][PASSED] - click: Object: 'Object Repository/Final Object Repo/Page_Form 3 EIS - Cessation as Employer/Employment Resign Date' is clicked on

2018-12-13 12:40:26 - [MESSAGE][PASSED] - Object: 'Object Repository/Final Object Repo/Page_Form 3 EIS - Cessation as Employer/Employment Resign Date' is clicked on

2018-12-13 12:40:26 - [TEST_STEP][PASSED] - selectOptionByValue: All options with value '2030' are selected in object 'Object Repository/Final Object Repo/Page_Form 3 EIS - Cessation as Employer/Employment Resign Date - Year' 

2018-12-13 12:40:26 - [MESSAGE][PASSED] - All options with value '2030' are selected in object 'Object Repository/Final Object Repo/Page_Form 3 EIS - Cessation as Employer/Employment Resign Date - Year' 

2018-12-13 12:40:26 - [TEST_STEP][PASSED] - delay: Delayed 2 second(s)

2018-12-13 12:40:28 - [MESSAGE][PASSED] - Delayed 2 second(s)

2018-12-13 12:40:28 - [TEST_STEP][PASSED] - click: Object: 'Object Repository/Final Object Repo/Page_Form 3 EIS - Cessation as Employer/Employment Resign Date - Year - Date' is clicked on

2018-12-13 12:40:29 - [MESSAGE][PASSED] - Object: 'Object Repository/Final Object Repo/Page_Form 3 EIS - Cessation as Employer/Employment Resign Date - Year - Date' is clicked on

2018-12-13 12:40:29 - [TEST_STEP][PASSED] - delay: Delayed 2 second(s)

2018-12-13 12:40:31 - [MESSAGE][PASSED] - Delayed 2 second(s)

2018-12-13 12:40:31 - [TEST_STEP][PASSED] - click: Object: 'Object Repository/Final Object Repo/Page_Form 3 EIS - Cessation as Employer/Save  Continue in Employment Resign Page' is clicked on

2018-12-13 12:40:31 - [MESSAGE][PASSED] - Object: 'Object Repository/Final Object Repo/Page_Form 3 EIS - Cessation as Employer/Save  Continue in Employment Resign Page' is clicked on

2018-12-13 12:40:31 - [TEST_STEP][PASSED] - delay: Delayed 2 second(s)

2018-12-13 12:40:33 - [MESSAGE][PASSED] - Delayed 2 second(s)

2018-12-13 12:40:33 - [TEST_STEP][PASSED] - click: Object: 'Object Repository/Final Object Repo/Page_Form 3 EIS - Cessation as Employer/Set Latest - Yes' is clicked on

2018-12-13 12:40:33 - [MESSAGE][PASSED] - Object: 'Object Repository/Final Object Repo/Page_Form 3 EIS - Cessation as Employer/Set Latest - Yes' is clicked on

2018-12-13 12:40:33 - [TEST_STEP][PASSED] - delay: Delayed 2 second(s)

2018-12-13 12:40:35 - [MESSAGE][PASSED] - Delayed 2 second(s)

2018-12-13 12:40:35 - [TEST_STEP][PASSED] - click: Object: 'Object Repository/Final Object Repo/Page_Form 3 EIS - Cessation as Employer/Add Document' is clicked on

2018-12-13 12:40:36 - [MESSAGE][PASSED] - Object: 'Object Repository/Final Object Repo/Page_Form 3 EIS - Cessation as Employer/Add Document' is clicked on

2018-12-13 12:40:36 - [TEST_STEP][PASSED] - delay: Delayed 3 second(s)

2018-12-13 12:40:39 - [MESSAGE][PASSED] - Delayed 3 second(s)

2018-12-13 12:40:39 - [TEST_STEP][PASSED] - click: Object: 'Object Repository/Final Object Repo/Page_Form 3 EIS - Cessation as Employer/Document Type' is clicked on

2018-12-13 12:40:39 - [MESSAGE][PASSED] - Object: 'Object Repository/Final Object Repo/Page_Form 3 EIS - Cessation as Employer/Document Type' is clicked on

2018-12-13 12:40:39 - [TEST_STEP][PASSED] - click: Object: 'Object Repository/Final Object Repo/Page_Form 3 EIS - Cessation as Employer/Document Type - Form 3' is clicked on

2018-12-13 12:40:39 - [MESSAGE][PASSED] - Object: 'Object Repository/Final Object Repo/Page_Form 3 EIS - Cessation as Employer/Document Type - Form 3' is clicked on

2018-12-13 12:40:39 - [TEST_STEP][PASSED] - delay: Delayed 2 second(s)

2018-12-13 12:40:41 - [MESSAGE][PASSED] - Delayed 2 second(s)

2018-12-13 12:40:41 - [TEST_STEP][PASSED] - sendKeys: Keys 'C:\Users\Public\Pictures\Sample Pictures\Koala.jpg' sent to object: 'Object Repository/Final Object Repo/Page_Form 3 EIS - Cessation as Employer/ploading File'

2018-12-13 12:40:41 - [MESSAGE][PASSED] - Keys 'C:\Users\Public\Pictures\Sample Pictures\Koala.jpg' sent to object: 'Object Repository/Final Object Repo/Page_Form 3 EIS - Cessation as Employer/ploading File'

2018-12-13 12:40:41 - [TEST_STEP][PASSED] - delay: Delayed 1 second(s)

2018-12-13 12:40:42 - [MESSAGE][PASSED] - Delayed 1 second(s)

2018-12-13 12:40:42 - [TEST_STEP][PASSED] - click: Object: 'Object Repository/Final Object Repo/Page_Form 3 EIS - Cessation as Employer/Add Document in Uploading Page' is clicked on

2018-12-13 12:40:42 - [MESSAGE][PASSED] - Object: 'Object Repository/Final Object Repo/Page_Form 3 EIS - Cessation as Employer/Add Document in Uploading Page' is clicked on

2018-12-13 12:40:42 - [TEST_STEP][PASSED] - delay: Delayed 2 second(s)

2018-12-13 12:40:44 - [MESSAGE][PASSED] - Delayed 2 second(s)

2018-12-13 12:40:44 - [TEST_STEP][PASSED] - Statement - CaseReferenceNo = com.kms.katalon.core.webui.keyword.WebUiBuiltInKeywords.getText(com.kms.katalon.core.testobject.ObjectRepository.findTestObject(Final Object Repo/Page_Update Employer Information/Reference Number in Update Employee Information Page)): Text of object 'Object Repository/Final Object Repo/Page_Update Employer Information/Reference Number in Update Employee Information Page' is: 'ERN122018C200002425'

2018-12-13 12:40:46 - [MESSAGE][PASSED] - Text of object 'Object Repository/Final Object Repo/Page_Update Employer Information/Reference Number in Update Employee Information Page' is: 'ERN122018C200002425'

2018-12-13 12:40:46 - [TEST_STEP][PASSED] - callTestCase: Call Test Case 'Test Cases/Final Aug 2018 - PKS Automation/Common/Reference Number Setter' successfully

2018-12-13 12:40:46 - [TEST_CASE][PASSED] - Test Cases/Final Aug 2018 - PKS Automation/Common/Reference Number Setter: Test Cases/Final Aug 2018 - PKS Automation/Common/Reference Number Setter

2018-12-13 12:40:46 - [TEST_STEP][PASSED] - Statement - RefNoOldFile = new java.io.File(C://Users//Admin//Desktop//PKS//Automation Reference Point//KatalonReference.txt): null

2018-12-13 12:40:46 - [TEST_STEP][PASSED] - Statement - RefNoOldFile.delete(): null

2018-12-13 12:40:46 - [TEST_STEP][PASSED] - delay: Delayed 5 second(s)

2018-12-13 12:40:51 - [MESSAGE][PASSED] - Delayed 5 second(s)

2018-12-13 12:40:51 - [TEST_STEP][PASSED] - Statement - RefNo = new java.io.File(C://Users//Admin//Desktop//PKS//Automation Reference Point//KatalonReference.txt): null

2018-12-13 12:40:51 - [TEST_STEP][PASSED] - Statement - f2 = new java.io.FileWriter(RefNo, false): null

2018-12-13 12:40:51 - [TEST_STEP][PASSED] - Statement - f2.write(CaseReferenceNo): null

2018-12-13 12:40:51 - [TEST_STEP][PASSED] - Statement - f2.close(): null

2018-12-13 12:40:51 - [TEST_STEP][PASSED] - Statement - out.println("


" + CaseReferenceNo + "


"): null

2018-12-13 12:40:51 - [MESSAGE][PASSED] - Call Test Case 'Test Cases/Final Aug 2018 - PKS Automation/Common/Reference Number Setter' successfully

2018-12-13 12:40:51 - [TEST_STEP][PASSED] - delay: Delayed 2 second(s)

2018-12-13 12:40:53 - [MESSAGE][PASSED] - Delayed 2 second(s)

2018-12-13 12:40:53 - [TEST_STEP][PASSED] - click: Object: 'Object Repository/Final Object Repo/Page_Form 3 EIS - Cessation as Employer/Save  Continue in Uploading Page' is clicked on

2018-12-13 12:40:53 - [MESSAGE][PASSED] - Object: 'Object Repository/Final Object Repo/Page_Form 3 EIS - Cessation as Employer/Save  Continue in Uploading Page' is clicked on

2018-12-13 12:40:53 - [TEST_STEP][PASSED] - delay: Delayed 2 second(s)

2018-12-13 12:40:55 - [MESSAGE][PASSED] - Delayed 2 second(s)

2018-12-13 12:40:55 - [TEST_STEP][PASSED] - click: Object: 'Object Repository/Final Object Repo/Page_Form 3 EIS - Cessation as Employer/Submit' is clicked on

2018-12-13 12:40:58 - [MESSAGE][PASSED] - Object: 'Object Repository/Final Object Repo/Page_Form 3 EIS - Cessation as Employer/Submit' is clicked on

2018-12-13 12:40:58 - [TEST_STEP][PASSED] - delay: Delayed 2 second(s)

2018-12-13 12:41:00 - [MESSAGE][PASSED] - Delayed 2 second(s)

2018-12-13 12:41:00 - [TEST_STEP][PASSED] - click: Object: 'Object Repository/Final Object Repo/Page_Form 3 EIS - Cessation as Employer/Confirm' is clicked on

2018-12-13 12:41:00 - [MESSAGE][PASSED] - Object: 'Object Repository/Final Object Repo/Page_Form 3 EIS - Cessation as Employer/Confirm' is clicked on

2018-12-13 12:41:00 - [TEST_STEP][PASSED] - delay: Delayed 2 second(s)

2018-12-13 12:41:02 - [MESSAGE][PASSED] - Delayed 2 second(s)

2018-12-13 12:41:02 - [TEST_STEP][PASSED] - click: Object: 'Object Repository/Final Object Repo/Page_Form 3 EIS - Cessation as Employer/Message Your Request will be routed to UO' is clicked on

2018-12-13 12:41:06 - [MESSAGE][PASSED] - Object: 'Object Repository/Final Object Repo/Page_Form 3 EIS - Cessation as Employer/Message Your Request will be routed to UO' is clicked on

2018-12-13 12:41:06 - [TEST_STEP][PASSED] - click: Object: 'Object Repository/Final Object Repo/Page_Form 3 EIS - Cessation as Employer/Letter of acknowledgement' is clicked on

2018-12-13 12:41:07 - [MESSAGE][PASSED] - Object: 'Object Repository/Final Object Repo/Page_Form 3 EIS - Cessation as Employer/Letter of acknowledgement' is clicked on

2018-12-13 12:41:07 - [MESSAGE][PASSED] - Call Test Case 'Test Cases/Final Aug 2018 - PKS Automation/Registration Module/Workflow/Form 3 EIS - Cessation As Employer/Template/Form 3 A - Cessation As Employer (PKRBO)' successfully

2018-12-13 12:41:07 - [TEST_STEP][PASSED] - callTestCase: Call Test Case 'Test Cases/Final Aug 2018 - PKS Automation/Registration Module/Workflow/Form 3 EIS - Cessation As Employer/Template/Form 3 A - Cessation As Employer (Under enforcement)' successfully

2018-12-13 12:41:07 - [TEST_CASE][PASSED] - Test Cases/Final Aug 2018 - PKS Automation/Registration Module/Workflow/Form 3 EIS - Cessation As Employer/Template/Form 3 A - Cessation As Employer (Under enforcement): Test Cases/Final Aug 2018 - PKS Automation/Registration Module/Workflow/Form 3 EIS - Cessation As Employer/Template/Form 3 A - Cessation As Employer (Under enforcement)

2018-12-13 12:41:07 - [TEST_STEP][NOT_RUN] - callTestCase: NOT_RUN: callTestCase

2018-12-13 12:41:07 - [MESSAGE][NOT_RUN] - NOT_RUN: callTestCase

2018-12-13 12:41:07 - [TEST_STEP][PASSED] - delay: Delayed 1 second(s)

2018-12-13 12:41:08 - [MESSAGE][PASSED] - Delayed 1 second(s)

2018-12-13 12:41:08 - [TEST_STEP][PASSED] - navigateToUrl: Navigate to 'https://assist2-uat.perkeso.gov.my/c/portal/logout' successfully

2018-12-13 12:41:09 - [MESSAGE][PASSED] - Navigate to 'https://assist2-uat.perkeso.gov.my/c/portal/logout' successfully

2018-12-13 12:41:09 - [TEST_STEP][PASSED] - delay: Delayed 1 second(s)

2018-12-13 12:41:10 - [MESSAGE][PASSED] - Delayed 1 second(s)

2018-12-13 12:41:10 - [TEST_STEP][PASSED] - callTestCase: Call Test Case 'Test Cases/Final Aug 2018 - PKS Automation/Common/Reference Number Getter' successfully

2018-12-13 12:41:10 - [TEST_CASE][PASSED] - Test Cases/Final Aug 2018 - PKS Automation/Common/Reference Number Getter: Test Cases/Final Aug 2018 - PKS Automation/Common/Reference Number Getter

2018-12-13 12:41:10 - [TEST_STEP][PASSED] - Statement - Try: null

2018-12-13 12:41:10 - [TEST_STEP][PASSED] - Statement - RefNo = new java.io.File(C://Users//Admin//Desktop//PKS//Automation Reference Point//KatalonReference.txt): null

2018-12-13 12:41:10 - [TEST_STEP][PASSED] - Statement - bufferread = new java.io.BufferedReader(new java.io.FileReader(RefNo)): null

2018-12-13 12:41:10 - [TEST_STEP][PASSED] - Statement - readedVal = bufferread.readLine(): null

2018-12-13 12:41:10 - [TEST_STEP][PASSED] - Statement - out.println(CaseReferenceNo): null

2018-12-13 12:41:10 - [TEST_STEP][PASSED] - Statement - out.println(readedVal): null

2018-12-13 12:41:10 - [TEST_STEP][PASSED] - Statement - CaseReferenceNo = "": null

2018-12-13 12:41:10 - [TEST_STEP][PASSED] - Statement - CaseReferenceNo = readedVal: null

2018-12-13 12:41:10 - [MESSAGE][PASSED] - Call Test Case 'Test Cases/Final Aug 2018 - PKS Automation/Common/Reference Number Getter' successfully

2018-12-13 12:41:10 - [TEST_STEP][PASSED] - callTestCase: Call Test Case 'Test Cases/Final Aug 2018 - PKS Automation/Common/Workflow Owner Finder' successfully

2018-12-13 12:41:10 - [TEST_CASE][PASSED] - Test Cases/Final Aug 2018 - PKS Automation/Common/Workflow Owner Finder: Test Cases/Final Aug 2018 - PKS Automation/Common/Workflow Owner Finder

2018-12-13 12:41:10 - [TEST_STEP][PASSED] - openBrowser: Browser is opened with url: ''

2018-12-13 12:41:10 - [MESSAGE][WARNING] - A browser is already opened. Closing browser and opening a new one

2018-12-13 12:41:14 - [MESSAGE][PASSED] - Browser is opened with url: ''

2018-12-13 12:41:14 - [TEST_STEP][PASSED] - navigateToUrl: Navigate to 'https://assist2-uat.perkeso.gov.my/login' successfully

2018-12-13 12:41:15 - [MESSAGE][PASSED] - Navigate to 'https://assist2-uat.perkeso.gov.my/login' successfully

2018-12-13 12:41:15 - [TEST_STEP][PASSED] - delay: Delayed 5 second(s)

2018-12-13 12:41:20 - [MESSAGE][PASSED] - Delayed 5 second(s)

2018-12-13 12:41:20 - [TEST_STEP][PASSED] - setText: Text 'test@liferay.com' is set on object 'Object Repository/Final Object Repo/Login Page/Internal User/Email Address'

2018-12-13 12:41:20 - [MESSAGE][PASSED] - Text 'test@liferay.com' is set on object 'Object Repository/Final Object Repo/Login Page/Internal User/Email Address'

2018-12-13 12:41:20 - [TEST_STEP][PASSED] - click: Object: 'Object Repository/Final Object Repo/Login Page/Internal User/Next Button' is clicked on

2018-12-13 12:41:20 - [MESSAGE][PASSED] - Object: 'Object Repository/Final Object Repo/Login Page/Internal User/Next Button' is clicked on

2018-12-13 12:41:20 - [TEST_STEP][PASSED] - delay: Delayed 2 second(s)

2018-12-13 12:41:22 - [MESSAGE][PASSED] - Delayed 2 second(s)

2018-12-13 12:41:22 - [TEST_STEP][PASSED] - setText: Text 'test' is set on object 'Object Repository/Final Object Repo/Login Page/Internal User/Password'

2018-12-13 12:41:22 - [MESSAGE][PASSED] - Text 'test' is set on object 'Object Repository/Final Object Repo/Login Page/Internal User/Password'

2018-12-13 12:41:22 - [TEST_STEP][PASSED] - delay: Delayed 2 second(s)

2018-12-13 12:41:24 - [MESSAGE][PASSED] - Delayed 2 second(s)

2018-12-13 12:41:24 - [TEST_STEP][PASSED] - click: Object: 'Object Repository/Final Object Repo/Login Page/Internal User/Login Button' is clicked on

2018-12-13 12:41:25 - [MESSAGE][PASSED] - Object: 'Object Repository/Final Object Repo/Login Page/Internal User/Login Button' is clicked on

2018-12-13 12:41:25 - [TEST_STEP][PASSED] - Statement - tester = com.kms.katalon.core.testobject.ObjectRepository.findTestObject(Final Object Repo/Landing Page/Select to English): Finding Test Object with id 'Object Repository/Final Object Repo/Landing Page/Select to English'

2018-12-13 12:41:25 - [TEST_STEP][PASSED] - Statement - Try: Delayed 2 second(s)

2018-12-13 12:41:25 - [TEST_STEP][PASSED] - Statement - Checker = com.kms.katalon.core.webui.keyword.WebUiBuiltInKeywords.verifyElementNotPresent(tester, 3): Web element with id: 'Object Repository/Final Object Repo/Landing Page/Select to English' located by 'By.xpath: //a[@class = 'taglib-language-list-text' and @lang = 'en-US' and (contains(text(), 'EN') or contains(., 'EN'))]' is not present after '3' second(s)

2018-12-13 12:41:26 - [MESSAGE][PASSED] - Web element with id: 'Object Repository/Final Object Repo/Landing Page/Select to English' located by 'By.xpath: //a[@class = 'taglib-language-list-text' and @lang = 'en-US' and (contains(text(), 'EN') or contains(., 'EN'))]' is not present after '3' second(s)

2018-12-13 12:41:26 - [TEST_STEP][PASSED] - Statement - If (Checker == false): null

2018-12-13 12:41:26 - [TEST_STEP][PASSED] - delay: Delayed 2 second(s)

2018-12-13 12:41:28 - [MESSAGE][PASSED] - Delayed 2 second(s)

2018-12-13 12:41:28 - [TEST_STEP][PASSED] - delay: Delayed 5 second(s)

2018-12-13 12:41:33 - [MESSAGE][PASSED] - Delayed 5 second(s)

2018-12-13 12:41:33 - [TEST_STEP][PASSED] - mouseOver: Object: 'Object Repository/Final Object Repo/Landing Page/WorkFlow Menu' is hovered

2018-12-13 12:41:33 - [MESSAGE][PASSED] - Object: 'Object Repository/Final Object Repo/Landing Page/WorkFlow Menu' is hovered

2018-12-13 12:41:33 - [TEST_STEP][PASSED] - delay: Delayed 2 second(s)

2018-12-13 12:41:35 - [MESSAGE][PASSED] - Delayed 2 second(s)

2018-12-13 12:41:35 - [TEST_STEP][PASSED] - click: Object: 'Object Repository/Final Object Repo/Landing Page/Select to Workflow Listing' is clicked on

2018-12-13 12:41:37 - [MESSAGE][PASSED] - Object: 'Object Repository/Final Object Repo/Landing Page/Select to Workflow Listing' is clicked on

2018-12-13 12:41:37 - [TEST_STEP][PASSED] - delay: Delayed 2 second(s)

2018-12-13 12:41:39 - [MESSAGE][PASSED] - Delayed 2 second(s)

2018-12-13 12:41:39 - [TEST_STEP][PASSED] - click: Object: 'Object Repository/Final Object Repo/WorkFlow Listing Page/Search Information - To Put Ref No' is clicked on

2018-12-13 12:41:39 - [MESSAGE][PASSED] - Object: 'Object Repository/Final Object Repo/WorkFlow Listing Page/Search Information - To Put Ref No' is clicked on

2018-12-13 12:41:39 - [TEST_STEP][PASSED] - delay: Delayed 2 second(s)

2018-12-13 12:41:41 - [MESSAGE][PASSED] - Delayed 2 second(s)

2018-12-13 12:41:41 - [TEST_STEP][PASSED] - callTestCase: Call Test Case 'Test Cases/Final Aug 2018 - PKS Automation/Common/Reference Number Getter' successfully

2018-12-13 12:41:41 - [TEST_CASE][PASSED] - Test Cases/Final Aug 2018 - PKS Automation/Common/Reference Number Getter: Test Cases/Final Aug 2018 - PKS Automation/Common/Reference Number Getter

2018-12-13 12:41:41 - [TEST_STEP][PASSED] - Statement - Try: null

2018-12-13 12:41:41 - [TEST_STEP][PASSED] - Statement - RefNo = new java.io.File(C://Users//Admin//Desktop//PKS//Automation Reference Point//KatalonReference.txt): null

2018-12-13 12:41:41 - [TEST_STEP][PASSED] - Statement - bufferread = new java.io.BufferedReader(new java.io.FileReader(RefNo)): null

2018-12-13 12:41:41 - [TEST_STEP][PASSED] - Statement - readedVal = bufferread.readLine(): null

2018-12-13 12:41:41 - [TEST_STEP][PASSED] - Statement - out.println(CaseReferenceNo): null

2018-12-13 12:41:41 - [TEST_STEP][PASSED] - Statement - out.println(readedVal): null

2018-12-13 12:41:41 - [TEST_STEP][PASSED] - Statement - CaseReferenceNo = "": null

2018-12-13 12:41:41 - [TEST_STEP][PASSED] - Statement - CaseReferenceNo = readedVal: null

2018-12-13 12:41:41 - [MESSAGE][PASSED] - Call Test Case 'Test Cases/Final Aug 2018 - PKS Automation/Common/Reference Number Getter' successfully

2018-12-13 12:41:41 - [TEST_STEP][PASSED] - setText: Text 'ERN122018C200002425' is set on object 'Object Repository/Final Object Repo/WorkFlow Listing Page/Ref No Set Text'

2018-12-13 12:41:41 - [MESSAGE][PASSED] - Text 'ERN122018C200002425' is set on object 'Object Repository/Final Object Repo/WorkFlow Listing Page/Ref No Set Text'

2018-12-13 12:41:41 - [TEST_STEP][PASSED] - delay: Delayed 2 second(s)

2018-12-13 12:41:43 - [MESSAGE][PASSED] - Delayed 2 second(s)

2018-12-13 12:41:43 - [TEST_STEP][PASSED] - click: Object: 'Object Repository/Final Object Repo/WorkFlow Listing Page/Search Ref No Search Button' is clicked on

2018-12-13 12:41:43 - [MESSAGE][PASSED] - Object: 'Object Repository/Final Object Repo/WorkFlow Listing Page/Search Ref No Search Button' is clicked on

2018-12-13 12:41:43 - [TEST_STEP][PASSED] - delay: Delayed 6 second(s)

2018-12-13 12:41:49 - [MESSAGE][PASSED] - Delayed 6 second(s)

2018-12-13 12:41:49 - [TEST_STEP][PASSED] - click: Object: 'Object Repository/Final Object Repo/WorkFlow Listing Page/Click Continue Tooltip' is clicked on

2018-12-13 12:41:50 - [MESSAGE][PASSED] - Object: 'Object Repository/Final Object Repo/WorkFlow Listing Page/Click Continue Tooltip' is clicked on

2018-12-13 12:41:50 - [TEST_STEP][PASSED] - delay: Delayed 5 second(s)

2018-12-13 12:41:55 - [MESSAGE][PASSED] - Delayed 5 second(s)

2018-12-13 12:41:55 - [TEST_STEP][PASSED] - doubleClick: Object: 'Object Repository/Final Object Repo/WorkFlow Listing Page/Workflow Found - Listing 1' is double clicked on

2018-12-13 12:41:55 - [MESSAGE][PASSED] - Object: 'Object Repository/Final Object Repo/WorkFlow Listing Page/Workflow Found - Listing 1' is double clicked on

2018-12-13 12:41:55 - [TEST_STEP][PASSED] - Statement - println(OwnerID): null

2018-12-13 12:41:55 - [TEST_STEP][PASSED] - Statement - OwnerID = com.kms.katalon.core.webui.keyword.WebUiBuiltInKeywords.getText(com.kms.katalon.core.testobject.ObjectRepository.findTestObject(Final Object Repo/WorkFlow Listing Page/Workflow Found - Listing 1), STOP_ON_FAILURE): Text of object 'Object Repository/Final Object Repo/WorkFlow Listing Page/Workflow Found - Listing 1' is: 'JOHORuo1'

2018-12-13 12:41:55 - [MESSAGE][PASSED] - Text of object 'Object Repository/Final Object Repo/WorkFlow Listing Page/Workflow Found - Listing 1' is: 'JOHORuo1'

2018-12-13 12:41:55 - [TEST_STEP][PASSED] - Statement - OwnerID = OwnerID.toLowerCase() + "@gmail.com": null

2018-12-13 12:41:55 - [TEST_STEP][PASSED] - Statement - println(OwnerID): null

2018-12-13 12:41:55 - [TEST_STEP][PASSED] - delay: Delayed 2 second(s)

2018-12-13 12:41:57 - [MESSAGE][PASSED] - Delayed 2 second(s)

2018-12-13 12:41:57 - [MESSAGE][PASSED] - Call Test Case 'Test Cases/Final Aug 2018 - PKS Automation/Common/Workflow Owner Finder' successfully

2018-12-13 12:41:57 - [TEST_STEP][PASSED] - delay: Delayed 1 second(s)

2018-12-13 12:41:58 - [MESSAGE][PASSED] - Delayed 1 second(s)

2018-12-13 12:41:58 - [TEST_STEP][PASSED] - navigateToUrl: Navigate to 'https://assist2-uat.perkeso.gov.my/c/portal/logout' successfully

2018-12-13 12:41:59 - [MESSAGE][PASSED] - Navigate to 'https://assist2-uat.perkeso.gov.my/c/portal/logout' successfully

2018-12-13 12:41:59 - [TEST_STEP][PASSED] - delay: Delayed 1 second(s)

2018-12-13 12:42:00 - [MESSAGE][PASSED] - Delayed 1 second(s)

2018-12-13 12:42:00 - [TEST_STEP][PASSED] - callTestCase: Call Test Case 'Test Cases/Final Aug 2018 - PKS Automation/Registration Module/Workflow/Login and Search Case For Workflow' successfully

2018-12-13 12:42:00 - [TEST_CASE][PASSED] - Test Cases/Final Aug 2018 - PKS Automation/Registration Module/Workflow/Login and Search Case For Workflow: Test Cases/Final Aug 2018 - PKS Automation/Registration Module/Workflow/Login and Search Case For Workflow

2018-12-13 12:42:00 - [TEST_STEP][PASSED] - navigateToUrl: Navigate to 'https://assist2-uat.perkeso.gov.my/login' successfully

2018-12-13 12:42:01 - [MESSAGE][PASSED] - Navigate to 'https://assist2-uat.perkeso.gov.my/login' successfully

2018-12-13 12:42:01 - [TEST_STEP][PASSED] - setText: Text 'johoruo1@gmail.com' is set on object 'Object Repository/Final Object Repo/Login Page/Internal User/Email Address'

2018-12-13 12:42:01 - [MESSAGE][PASSED] - Text 'johoruo1@gmail.com' is set on object 'Object Repository/Final Object Repo/Login Page/Internal User/Email Address'

2018-12-13 12:42:01 - [TEST_STEP][PASSED] - click: Object: 'Object Repository/Final Object Repo/Login Page/Internal User/Next Button' is clicked on

2018-12-13 12:42:01 - [MESSAGE][PASSED] - Object: 'Object Repository/Final Object Repo/Login Page/Internal User/Next Button' is clicked on

2018-12-13 12:42:01 - [TEST_STEP][PASSED] - delay: Delayed 1 second(s)

2018-12-13 12:42:02 - [MESSAGE][PASSED] - Delayed 1 second(s)

2018-12-13 12:42:02 - [TEST_STEP][PASSED] - setEncryptedText: Text ****** has been set on object 'Object Repository/Final Object Repo/Login Page/Internal User/Password'

2018-12-13 12:42:03 - [MESSAGE][PASSED] - Text ****** has been set on object 'Object Repository/Final Object Repo/Login Page/Internal User/Password'

2018-12-13 12:42:03 - [TEST_STEP][PASSED] - click: Object: 'Object Repository/Final Object Repo/Login Page/Internal User/Login Button' is clicked on

2018-12-13 12:42:03 - [MESSAGE][PASSED] - Object: 'Object Repository/Final Object Repo/Login Page/Internal User/Login Button' is clicked on

2018-12-13 12:42:03 - [TEST_STEP][PASSED] - delay: Delayed 2 second(s)

2018-12-13 12:42:05 - [MESSAGE][PASSED] - Delayed 2 second(s)

2018-12-13 12:42:05 - [TEST_STEP][PASSED] - Statement - Try: Delayed 2 second(s)

2018-12-13 12:42:05 - [TEST_STEP][PASSED] - Statement - Checker = false: null

2018-12-13 12:42:05 - [TEST_STEP][PASSED] - Statement - Checker = com.kms.katalon.core.webui.keyword.WebUiBuiltInKeywords.verifyElementHasAttribute(com.kms.katalon.core.testobject.ObjectRepository.findTestObject(Final Object Repo/Landing Page/BM Detecting), "href", 20, OPTIONAL): Object 'Object Repository/Final Object Repo/Landing Page/BM Detecting' has attribute 'href'

2018-12-13 12:42:05 - [MESSAGE][PASSED] - Object 'Object Repository/Final Object Repo/Landing Page/BM Detecting' has attribute 'href'

2018-12-13 12:42:05 - [TEST_STEP][PASSED] - Statement - out.println(Checker): null

2018-12-13 12:42:05 - [TEST_STEP][PASSED] - Statement - If (Checker == false): null

2018-12-13 12:42:05 - [TEST_STEP][PASSED] - Statement - Else: null

2018-12-13 12:42:05 - [TEST_STEP][PASSED] - delay: Delayed 2 second(s)

2018-12-13 12:42:07 - [MESSAGE][PASSED] - Delayed 2 second(s)

2018-12-13 12:42:07 - [TEST_STEP][PASSED] - click: Object: 'Object Repository/Final Object Repo/Page_MyASSIST - ASSIST - Search Pending Case For Add Supporting Document/Search Information' is clicked on

2018-12-13 12:42:07 - [MESSAGE][PASSED] - Object: 'Object Repository/Final Object Repo/Page_MyASSIST - ASSIST - Search Pending Case For Add Supporting Document/Search Information' is clicked on

2018-12-13 12:42:07 - [TEST_STEP][PASSED] - delay: Delayed 3 second(s)

2018-12-13 12:42:10 - [MESSAGE][PASSED] - Delayed 3 second(s)

2018-12-13 12:42:10 - [TEST_STEP][PASSED] - sendKeys: Keys 'ERN122018C200002425' sent to object: 'Object Repository/Final Object Repo/Page_MyASSIST - ASSIST - Search Pending Case For Add Supporting Document/Reference No'

2018-12-13 12:42:10 - [MESSAGE][PASSED] - Keys 'ERN122018C200002425' sent to object: 'Object Repository/Final Object Repo/Page_MyASSIST - ASSIST - Search Pending Case For Add Supporting Document/Reference No'

2018-12-13 12:42:10 - [TEST_STEP][PASSED] - click: Object: 'Object Repository/Final Object Repo/Page_MyASSIST - ASSIST - Search Pending Case For Add Supporting Document/Search Reference No' is clicked on

2018-12-13 12:42:10 - [MESSAGE][PASSED] - Object: 'Object Repository/Final Object Repo/Page_MyASSIST - ASSIST - Search Pending Case For Add Supporting Document/Search Reference No' is clicked on

2018-12-13 12:42:10 - [TEST_STEP][PASSED] - delay: Delayed 2 second(s)

2018-12-13 12:42:12 - [MESSAGE][PASSED] - Delayed 2 second(s)

2018-12-13 12:42:12 - [TEST_STEP][PASSED] - click: Object: 'Object Repository/Final Object Repo/Page_MyASSIST - ASSIST - Search Pending Case For Add Supporting Document/Continue' is clicked on

2018-12-13 12:42:16 - [MESSAGE][PASSED] - Object: 'Object Repository/Final Object Repo/Page_MyASSIST - ASSIST - Search Pending Case For Add Supporting Document/Continue' is clicked on

2018-12-13 12:42:16 - [TEST_STEP][PASSED] - delay: Delayed 20 second(s)

2018-12-13 12:42:36 - [MESSAGE][PASSED] - Delayed 20 second(s)

2018-12-13 12:42:36 - [MESSAGE][PASSED] - Call Test Case 'Test Cases/Final Aug 2018 - PKS Automation/Registration Module/Workflow/Login and Search Case For Workflow' successfully

2018-12-13 12:42:36 - [TEST_STEP][PASSED] - click: Object: 'Object Repository/Final Object Repo/Page_Form 3 EIS - Cessation as Employer/Page_Form 3 EIS - Cessation as Employer (Approve)/Save  Continue in Form 3 Page' is clicked on

2018-12-13 12:42:36 - [MESSAGE][PASSED] - Object: 'Object Repository/Final Object Repo/Page_Form 3 EIS - Cessation as Employer/Page_Form 3 EIS - Cessation as Employer (Approve)/Save  Continue in Form 3 Page' is clicked on

2018-12-13 12:42:36 - [TEST_STEP][PASSED] - delay: Delayed 2 second(s)

2018-12-13 12:42:38 - [MESSAGE][PASSED] - Delayed 2 second(s)

2018-12-13 12:42:38 - [TEST_STEP][PASSED] - click: Object: 'Object Repository/Final Object Repo/Page_Form 3 EIS - Cessation as Employer/Page_Form 3 EIS - Cessation as Employer (Approve)/Save  Continue in Resigned Page' is clicked on

2018-12-13 12:42:38 - [MESSAGE][PASSED] - Object: 'Object Repository/Final Object Repo/Page_Form 3 EIS - Cessation as Employer/Page_Form 3 EIS - Cessation as Employer (Approve)/Save  Continue in Resigned Page' is clicked on

2018-12-13 12:42:38 - [TEST_STEP][PASSED] - delay: Delayed 2 second(s)

2018-12-13 12:42:40 - [MESSAGE][PASSED] - Delayed 2 second(s)

2018-12-13 12:42:40 - [TEST_STEP][PASSED] - click: Object: 'Object Repository/Final Object Repo/Page_Form 3 EIS - Cessation as Employer/Page_Form 3 EIS - Cessation as Employer (Approve)/Save  Continue in Uploading Page' is clicked on

2018-12-13 12:42:41 - [MESSAGE][PASSED] - Object: 'Object Repository/Final Object Repo/Page_Form 3 EIS - Cessation as Employer/Page_Form 3 EIS - Cessation as Employer (Approve)/Save  Continue in Uploading Page' is clicked on

2018-12-13 12:42:41 - [TEST_STEP][PASSED] - delay: Delayed 2 second(s)

2018-12-13 12:42:43 - [MESSAGE][PASSED] - Delayed 2 second(s)

2018-12-13 12:42:43 - [TEST_STEP][PASSED] - click: Object: 'Object Repository/Final Object Repo/Page_Form 3 EIS - Cessation as Employer/Page_Form 3 EIS - Cessation as Employer (Under enforcement)/Underenforcement' is clicked on

2018-12-13 12:42:46 - [MESSAGE][PASSED] - Object: 'Object Repository/Final Object Repo/Page_Form 3 EIS - Cessation as Employer/Page_Form 3 EIS - Cessation as Employer (Under enforcement)/Underenforcement' is clicked on

2018-12-13 12:42:46 - [TEST_STEP][PASSED] - delay: Delayed 2 second(s)

2018-12-13 12:42:48 - [MESSAGE][PASSED] - Delayed 2 second(s)

2018-12-13 12:42:48 - [TEST_STEP][PASSED] - setText: Text 'Remark' is set on object 'Object Repository/Final Object Repo/Page_Form 3 EIS - Cessation as Employer/Page_Form 3 EIS - Cessation as Employer (Under enforcement)/Under enforcement - Remark'

2018-12-13 12:42:48 - [MESSAGE][PASSED] - Text 'Remark' is set on object 'Object Repository/Final Object Repo/Page_Form 3 EIS - Cessation as Employer/Page_Form 3 EIS - Cessation as Employer (Under enforcement)/Under enforcement - Remark'

2018-12-13 12:42:48 - [TEST_STEP][PASSED] - delay: Delayed 2 second(s)

2018-12-13 12:42:50 - [MESSAGE][PASSED] - Delayed 2 second(s)

2018-12-13 12:42:50 - [TEST_STEP][PASSED] - click: Object: 'Object Repository/Final Object Repo/Page_Form 3 EIS - Cessation as Employer/Page_Form 3 EIS - Cessation as Employer (Under enforcement)/Save  Continue in Under enforcement' is clicked on

2018-12-13 12:42:51 - [MESSAGE][PASSED] - Object: 'Object Repository/Final Object Repo/Page_Form 3 EIS - Cessation as Employer/Page_Form 3 EIS - Cessation as Employer (Under enforcement)/Save  Continue in Under enforcement' is clicked on

2018-12-13 12:42:51 - [TEST_STEP][PASSED] - doubleClick: Object: 'Object Repository/Final Object Repo/Page_Form 3 EIS - Cessation as Employer/Page_Form 3 EIS - Cessation as Employer (Under enforcement)/Message The case is under enforcement' is double clicked on

2018-12-13 12:42:55 - [MESSAGE][PASSED] - Object: 'Object Repository/Final Object Repo/Page_Form 3 EIS - Cessation as Employer/Page_Form 3 EIS - Cessation as Employer (Under enforcement)/Message The case is under enforcement' is double clicked on

2018-12-13 12:42:55 - [MESSAGE][PASSED] - Call Test Case 'Test Cases/Final Aug 2018 - PKS Automation/Registration Module/Workflow/Form 3 EIS - Cessation As Employer/Template/Form 3 A - Cessation As Employer (Under enforcement)' successfully]]></system-out>
         <system-err><![CDATA[]]></system-err>
      </testcase>
      <system-out><![CDATA[2018-12-13 11:41:50 - [TEST_SUITE][FAILED] - Form 3 EIS - Cessation as Employer: Test Cases/Final Aug 2018 - PKS Automation/Registration Module/Workflow/Form 3 EIS - Cessation As Employer/OTC to UO (Query) FAILED because (of) (Stack trace: com.kms.katalon.core.exception.StepFailedException: Unable to click on object 'Object Repository/Final Object Repo/Page_Form 3 EIS - Cessation as Employer/Page_Form 3 EIS - Cessation as Employer (Query - OTC - UO)/Next' (Root cause: com.kms.katalon.core.webui.exception.WebElementNotFoundException: Web element with id: 'Object Repository/Final Object Repo/Page_Form 3 EIS - Cessation as Employer/Page_Form 3 EIS - Cessation as Employer (Query - OTC - UO)/Next' located by 'By.xpath: //a[(text() = ' NEXT
						' or . = ' NEXT
						')]' not found)
	at com.kms.katalon.core.keyword.internal.KeywordMain.stepFailed(KeywordMain.groovy:32)
	at com.kms.katalon.core.webui.keyword.internal.WebUIKeywordMain.stepFailed(WebUIKeywordMain.groovy:65)
	at com.kms.katalon.core.webui.keyword.internal.WebUIKeywordMain.runKeyword(WebUIKeywordMain.groovy:27)
	at com.kms.katalon.core.webui.keyword.builtin.ClickKeyword.click(ClickKeyword.groovy:86)
	at com.kms.katalon.core.webui.keyword.builtin.ClickKeyword.execute(ClickKeyword.groovy:67)
	at com.kms.katalon.core.keyword.internal.KeywordExecutor.executeKeywordForPlatform(KeywordExecutor.groovy:53)
	at com.kms.katalon.core.webui.keyword.WebUiBuiltInKeywords.click(WebUiBuiltInKeywords.groovy:616)
	at com.kms.katalon.core.webui.keyword.WebUiBuiltInKeywords$click$2.call(Unknown Source)
	at Script1536114876563.run(Script1536114876563.groovy:87)
	at com.kms.katalon.core.main.ScriptEngine.run(ScriptEngine.java:183)
	at com.kms.katalon.core.main.ScriptEngine.runScriptAsRawText(ScriptEngine.java:108)
	at com.kms.katalon.core.main.TestCaseExecutor.runScript(TestCaseExecutor.java:294)
	at com.kms.katalon.core.main.TestCaseExecutor.doExecute(TestCaseExecutor.java:285)
	at com.kms.katalon.core.main.TestCaseExecutor.processExecutionPhase(TestCaseExecutor.java:264)
	at com.kms.katalon.core.main.TestCaseExecutor.accessMainPhase(TestCaseExecutor.java:256)
	at com.kms.katalon.core.main.TestCaseExecutor.execute(TestCaseExecutor.java:200)
	at com.kms.katalon.core.main.TestCaseMain.runTestCase(TestCaseMain.java:99)
	at com.kms.katalon.core.keyword.builtin.CallTestCaseKeyword$_callTestCase_closure1.doCall(CallTestCaseKeyword.groovy:60)
	at com.kms.katalon.core.keyword.builtin.CallTestCaseKeyword$_callTestCase_closure1.call(CallTestCaseKeyword.groovy)
	at com.kms.katalon.core.keyword.internal.KeywordMain.runKeyword(KeywordMain.groovy:54)
	at com.kms.katalon.core.keyword.builtin.CallTestCaseKeyword.callTestCase(CallTestCaseKeyword.groovy:81)
	at com.kms.katalon.core.keyword.builtin.CallTestCaseKeyword.execute(CallTestCaseKeyword.groovy:45)
	at com.kms.katalon.core.keyword.internal.KeywordExecutor.executeKeywordForPlatform(KeywordExecutor.groovy:53)
	at com.kms.katalon.core.keyword.BuiltinKeywords.callTestCase(BuiltinKeywords.groovy:334)
	at sun.reflect.GeneratedMethodAccessor13.invoke(Unknown Source)
	at sun.reflect.DelegatingMethodAccessorImpl.invoke(DelegatingMethodAccessorImpl.java:43)
	at java.lang.reflect.Method.invoke(Method.java:498)
	at org.codehaus.groovy.reflection.CachedMethod.invoke(CachedMethod.java:93)
	at groovy.lang.MetaMethod.doMethodInvoke(MetaMethod.java:325)
	at groovy.lang.MetaClassImpl.invokeStaticMethod(MetaClassImpl.java:1469)
	at org.codehaus.groovy.runtime.callsite.StaticMetaClassSite.call(StaticMetaClassSite.java:53)
	at org.codehaus.groovy.runtime.callsite.CallSiteArray.defaultCall(CallSiteArray.java:48)
	at org.codehaus.groovy.runtime.callsite.AbstractCallSite.call(AbstractCallSite.java:113)
	at org.codehaus.groovy.runtime.callsite.AbstractCallSite.call(AbstractCallSite.java:141)
	at Script1536204253481.run(Script1536204253481.groovy:25)
	at com.kms.katalon.core.main.ScriptEngine.run(ScriptEngine.java:183)
	at com.kms.katalon.core.main.ScriptEngine.runScriptAsRawText(ScriptEngine.java:108)
	at com.kms.katalon.core.main.TestCaseExecutor.runScript(TestCaseExecutor.java:294)
	at com.kms.katalon.core.main.TestCaseExecutor.doExecute(TestCaseExecutor.java:285)
	at com.kms.katalon.core.main.TestCaseExecutor.processExecutionPhase(TestCaseExecutor.java:264)
	at com.kms.katalon.core.main.TestCaseExecutor.accessMainPhase(TestCaseExecutor.java:256)
	at com.kms.katalon.core.main.TestCaseExecutor.execute(TestCaseExecutor.java:200)
	at com.kms.katalon.core.main.TestSuiteExecutor.accessTestCaseMainPhase(TestSuiteExecutor.java:129)
	at com.kms.katalon.core.main.TestSuiteExecutor.accessTestSuiteMainPhase(TestSuiteExecutor.java:112)
	at com.kms.katalon.core.main.TestSuiteExecutor.execute(TestSuiteExecutor.java:81)
	at com.kms.katalon.core.main.TestCaseMain.startTestSuite(TestCaseMain.java:142)
	at com.kms.katalon.core.main.TestCaseMain$startTestSuite$0.call(Unknown Source)
	at org.codehaus.groovy.runtime.callsite.CallSiteArray.defaultCall(CallSiteArray.java:48)
	at org.codehaus.groovy.runtime.callsite.AbstractCallSite.call(AbstractCallSite.java:113)
	at org.codehaus.groovy.runtime.callsite.AbstractCallSite.call(AbstractCallSite.java:141)
	at TempTestSuite1544668253557.run(TempTestSuite1544668253557.groovy:36)
	at groovy.lang.GroovyShell.runScriptOrMainOrTestOrRunnable(GroovyShell.java:263)
	at groovy.lang.GroovyShell.run(GroovyShell.java:518)
	at groovy.lang.GroovyShell.run(GroovyShell.java:507)
	at groovy.ui.GroovyMain.processOnce(GroovyMain.java:653)
	at groovy.ui.GroovyMain.run(GroovyMain.java:384)
	at groovy.ui.GroovyMain.process(GroovyMain.java:370)
	at groovy.ui.GroovyMain.processArgs(GroovyMain.java:129)
	at groovy.ui.GroovyMain.main(GroovyMain.java:109)
	at sun.reflect.NativeMethodAccessorImpl.invoke0(Native Method)
	at sun.reflect.NativeMethodAccessorImpl.invoke(NativeMethodAccessorImpl.java:62)
	at sun.reflect.DelegatingMethodAccessorImpl.invoke(DelegatingMethodAccessorImpl.java:43)
	at java.lang.reflect.Method.invoke(Method.java:498)
	at org.codehaus.groovy.tools.GroovyStarter.rootLoader(GroovyStarter.java:109)
	at org.codehaus.groovy.tools.GroovyStarter.main(GroovyStarter.java:131)
)]]></system-out>
      <system-err><![CDATA[2018-12-13 11:41:50 - [TEST_SUITE][FAILED] - Form 3 EIS - Cessation as Employer: Test Cases/Final Aug 2018 - PKS Automation/Registration Module/Workflow/Form 3 EIS - Cessation As Employer/OTC to UO (Query) FAILED because (of) (Stack trace: com.kms.katalon.core.exception.StepFailedException: Unable to click on object 'Object Repository/Final Object Repo/Page_Form 3 EIS - Cessation as Employer/Page_Form 3 EIS - Cessation as Employer (Query - OTC - UO)/Next' (Root cause: com.kms.katalon.core.webui.exception.WebElementNotFoundException: Web element with id: 'Object Repository/Final Object Repo/Page_Form 3 EIS - Cessation as Employer/Page_Form 3 EIS - Cessation as Employer (Query - OTC - UO)/Next' located by 'By.xpath: //a[(text() = ' NEXT
						' or . = ' NEXT
						')]' not found)
	at com.kms.katalon.core.keyword.internal.KeywordMain.stepFailed(KeywordMain.groovy:32)
	at com.kms.katalon.core.webui.keyword.internal.WebUIKeywordMain.stepFailed(WebUIKeywordMain.groovy:65)
	at com.kms.katalon.core.webui.keyword.internal.WebUIKeywordMain.runKeyword(WebUIKeywordMain.groovy:27)
	at com.kms.katalon.core.webui.keyword.builtin.ClickKeyword.click(ClickKeyword.groovy:86)
	at com.kms.katalon.core.webui.keyword.builtin.ClickKeyword.execute(ClickKeyword.groovy:67)
	at com.kms.katalon.core.keyword.internal.KeywordExecutor.executeKeywordForPlatform(KeywordExecutor.groovy:53)
	at com.kms.katalon.core.webui.keyword.WebUiBuiltInKeywords.click(WebUiBuiltInKeywords.groovy:616)
	at com.kms.katalon.core.webui.keyword.WebUiBuiltInKeywords$click$2.call(Unknown Source)
	at Script1536114876563.run(Script1536114876563.groovy:87)
	at com.kms.katalon.core.main.ScriptEngine.run(ScriptEngine.java:183)
	at com.kms.katalon.core.main.ScriptEngine.runScriptAsRawText(ScriptEngine.java:108)
	at com.kms.katalon.core.main.TestCaseExecutor.runScript(TestCaseExecutor.java:294)
	at com.kms.katalon.core.main.TestCaseExecutor.doExecute(TestCaseExecutor.java:285)
	at com.kms.katalon.core.main.TestCaseExecutor.processExecutionPhase(TestCaseExecutor.java:264)
	at com.kms.katalon.core.main.TestCaseExecutor.accessMainPhase(TestCaseExecutor.java:256)
	at com.kms.katalon.core.main.TestCaseExecutor.execute(TestCaseExecutor.java:200)
	at com.kms.katalon.core.main.TestCaseMain.runTestCase(TestCaseMain.java:99)
	at com.kms.katalon.core.keyword.builtin.CallTestCaseKeyword$_callTestCase_closure1.doCall(CallTestCaseKeyword.groovy:60)
	at com.kms.katalon.core.keyword.builtin.CallTestCaseKeyword$_callTestCase_closure1.call(CallTestCaseKeyword.groovy)
	at com.kms.katalon.core.keyword.internal.KeywordMain.runKeyword(KeywordMain.groovy:54)
	at com.kms.katalon.core.keyword.builtin.CallTestCaseKeyword.callTestCase(CallTestCaseKeyword.groovy:81)
	at com.kms.katalon.core.keyword.builtin.CallTestCaseKeyword.execute(CallTestCaseKeyword.groovy:45)
	at com.kms.katalon.core.keyword.internal.KeywordExecutor.executeKeywordForPlatform(KeywordExecutor.groovy:53)
	at com.kms.katalon.core.keyword.BuiltinKeywords.callTestCase(BuiltinKeywords.groovy:334)
	at sun.reflect.GeneratedMethodAccessor13.invoke(Unknown Source)
	at sun.reflect.DelegatingMethodAccessorImpl.invoke(DelegatingMethodAccessorImpl.java:43)
	at java.lang.reflect.Method.invoke(Method.java:498)
	at org.codehaus.groovy.reflection.CachedMethod.invoke(CachedMethod.java:93)
	at groovy.lang.MetaMethod.doMethodInvoke(MetaMethod.java:325)
	at groovy.lang.MetaClassImpl.invokeStaticMethod(MetaClassImpl.java:1469)
	at org.codehaus.groovy.runtime.callsite.StaticMetaClassSite.call(StaticMetaClassSite.java:53)
	at org.codehaus.groovy.runtime.callsite.CallSiteArray.defaultCall(CallSiteArray.java:48)
	at org.codehaus.groovy.runtime.callsite.AbstractCallSite.call(AbstractCallSite.java:113)
	at org.codehaus.groovy.runtime.callsite.AbstractCallSite.call(AbstractCallSite.java:141)
	at Script1536204253481.run(Script1536204253481.groovy:25)
	at com.kms.katalon.core.main.ScriptEngine.run(ScriptEngine.java:183)
	at com.kms.katalon.core.main.ScriptEngine.runScriptAsRawText(ScriptEngine.java:108)
	at com.kms.katalon.core.main.TestCaseExecutor.runScript(TestCaseExecutor.java:294)
	at com.kms.katalon.core.main.TestCaseExecutor.doExecute(TestCaseExecutor.java:285)
	at com.kms.katalon.core.main.TestCaseExecutor.processExecutionPhase(TestCaseExecutor.java:264)
	at com.kms.katalon.core.main.TestCaseExecutor.accessMainPhase(TestCaseExecutor.java:256)
	at com.kms.katalon.core.main.TestCaseExecutor.execute(TestCaseExecutor.java:200)
	at com.kms.katalon.core.main.TestSuiteExecutor.accessTestCaseMainPhase(TestSuiteExecutor.java:129)
	at com.kms.katalon.core.main.TestSuiteExecutor.accessTestSuiteMainPhase(TestSuiteExecutor.java:112)
	at com.kms.katalon.core.main.TestSuiteExecutor.execute(TestSuiteExecutor.java:81)
	at com.kms.katalon.core.main.TestCaseMain.startTestSuite(TestCaseMain.java:142)
	at com.kms.katalon.core.main.TestCaseMain$startTestSuite$0.call(Unknown Source)
	at org.codehaus.groovy.runtime.callsite.CallSiteArray.defaultCall(CallSiteArray.java:48)
	at org.codehaus.groovy.runtime.callsite.AbstractCallSite.call(AbstractCallSite.java:113)
	at org.codehaus.groovy.runtime.callsite.AbstractCallSite.call(AbstractCallSite.java:141)
	at TempTestSuite1544668253557.run(TempTestSuite1544668253557.groovy:36)
	at groovy.lang.GroovyShell.runScriptOrMainOrTestOrRunnable(GroovyShell.java:263)
	at groovy.lang.GroovyShell.run(GroovyShell.java:518)
	at groovy.lang.GroovyShell.run(GroovyShell.java:507)
	at groovy.ui.GroovyMain.processOnce(GroovyMain.java:653)
	at groovy.ui.GroovyMain.run(GroovyMain.java:384)
	at groovy.ui.GroovyMain.process(GroovyMain.java:370)
	at groovy.ui.GroovyMain.processArgs(GroovyMain.java:129)
	at groovy.ui.GroovyMain.main(GroovyMain.java:109)
	at sun.reflect.NativeMethodAccessorImpl.invoke0(Native Method)
	at sun.reflect.NativeMethodAccessorImpl.invoke(NativeMethodAccessorImpl.java:62)
	at sun.reflect.DelegatingMethodAccessorImpl.invoke(DelegatingMethodAccessorImpl.java:43)
	at java.lang.reflect.Method.invoke(Method.java:498)
	at org.codehaus.groovy.tools.GroovyStarter.rootLoader(GroovyStarter.java:109)
	at org.codehaus.groovy.tools.GroovyStarter.main(GroovyStarter.java:131)
)]]></system-err>
   </testsuite>
</testsuites>
