<?xml version="1.0" encoding="UTF-8"?>
<testsuites name="Update Employee Information (Employee)" time="2445" tests="12" failures="0" errors="0">
   <testsuite name="Update Employee Information (Employee)" tests="12" failures="0" errors="0" time="2445" timestamp="2018-12-07 02:43:03" hostname="Admin - Win7Test02" id="Test Suites/Workflow/Update Employee Information (Employee)">
      <properties>
         <property name="deviceName" value=""/>
         <property name="devicePlatform" value=""/>
         <property name="logFolder" value="C:\\Users\\Admin\\Desktop\\PKS\\Perkeso Phase A\\Reports\\Workflow\\Update Employee Information (Employee)\\20181206_171415"/>
         <property name="logFiles" value="C:\\Users\\Admin\\Desktop\\PKS\\Perkeso Phase A\\Reports\\Workflow\\Update Employee Information (Employee)\\20181206_171415\\execution0.log"/>
         <property name="attachments" value=""/>
         <property name="hostName" value="Admin - Win7Test02"/>
         <property name="os" value="Windows 7 64bit"/>
         <property name="katalonVersion" value="5.8.6.1"/>
         <property name="browser" value="Chrome 70.0.3538.110"/>
         <property name="hostAddress" value="10.20.3.72"/>
         <property name="sessionId" value="2b7dc721f7dc52a42bf09fc1ff2d7ae2"/>
         <property name="seleniumVersion" value="3.7.1"/>
         <property name="proxyInformation" value="ProxyInformation{proxyOption=NO_PROXY, proxyServerType=HTTP, password=, proxyServerAddress=, proxyServerPort=0}"/>
         <property name="platform" value="Windows 7"/>
      </properties>
      <testcase name="Test Cases/Final Aug 2018 - PKS Automation/Registration Module/Workflow/Update Employee Information (Employee)/OTC to UO (Approve)" classname="Test Cases/Final Aug 2018 - PKS Automation/Registration Module/Workflow/Update Employee Information (Employee)/OTC to UO (Approve)" status="PASSED">
         <system-out><![CDATA[2018-12-07 02:43:04 - [TEST_CASE][PASSED] - Test Cases/Final Aug 2018 - PKS Automation/Registration Module/Workflow/Update Employee Information (Employee)/OTC to UO (Approve): Test Cases/Final Aug 2018 - PKS Automation/Registration Module/Workflow/Update Employee Information (Employee)/OTC to UO (Approve)

2018-12-07 02:43:04 - [TEST_STEP][PASSED] - callTestCase: Call Test Case 'Test Cases/Final Aug 2018 - PKS Automation/Registration Module/Workflow/Update Employee Information (Employee)/Template/Update Employee Information - Special Case (OTC)' successfully

2018-12-07 02:43:04 - [TEST_CASE][PASSED] - Test Cases/Final Aug 2018 - PKS Automation/Registration Module/Workflow/Update Employee Information (Employee)/Template/Update Employee Information - Special Case (OTC): Test Cases/Final Aug 2018 - PKS Automation/Registration Module/Workflow/Update Employee Information (Employee)/Template/Update Employee Information - Special Case (OTC)

2018-12-07 02:43:05 - [TEST_STEP][PASSED] - openBrowser: Browser is opened with url: ''

2018-12-07 02:43:09 - [MESSAGE][PASSED] - Browser is opened with url: ''

2018-12-07 02:43:09 - [TEST_STEP][PASSED] - navigateToUrl: Navigate to 'https://assist2-uat.perkeso.gov.my/login' successfully

2018-12-07 02:43:10 - [MESSAGE][PASSED] - Navigate to 'https://assist2-uat.perkeso.gov.my/login' successfully

2018-12-07 02:43:10 - [TEST_STEP][PASSED] - setText: Text 'johorotc1@gmail.com' is set on object 'Object Repository/Final Object Repo/Login Page/Internal User/Email Address'

2018-12-07 02:43:11 - [MESSAGE][PASSED] - Text 'johorotc1@gmail.com' is set on object 'Object Repository/Final Object Repo/Login Page/Internal User/Email Address'

2018-12-07 02:43:11 - [TEST_STEP][PASSED] - click: Object: 'Object Repository/Final Object Repo/Login Page/Internal User/Next Button' is clicked on

2018-12-07 02:43:11 - [MESSAGE][PASSED] - Object: 'Object Repository/Final Object Repo/Login Page/Internal User/Next Button' is clicked on

2018-12-07 02:43:11 - [TEST_STEP][PASSED] - delay: Delayed 1 second(s)

2018-12-07 02:43:12 - [MESSAGE][PASSED] - Delayed 1 second(s)

2018-12-07 02:43:12 - [TEST_STEP][PASSED] - setEncryptedText: Text ****** has been set on object 'Object Repository/Final Object Repo/Login Page/Internal User/Password'

2018-12-07 02:43:12 - [MESSAGE][PASSED] - Text ****** has been set on object 'Object Repository/Final Object Repo/Login Page/Internal User/Password'

2018-12-07 02:43:12 - [TEST_STEP][PASSED] - click: Object: 'Object Repository/Final Object Repo/Login Page/Internal User/Login Button' is clicked on

2018-12-07 02:43:13 - [MESSAGE][PASSED] - Object: 'Object Repository/Final Object Repo/Login Page/Internal User/Login Button' is clicked on

2018-12-07 02:43:13 - [TEST_STEP][PASSED] - Statement - tester = com.kms.katalon.core.testobject.ObjectRepository.findTestObject(Final Object Repo/Landing Page/Select to English): Finding Test Object with id 'Object Repository/Final Object Repo/Landing Page/Select to English'

2018-12-07 02:43:13 - [TEST_STEP][PASSED] - Statement - Try: Delayed 2 second(s)

2018-12-07 02:43:13 - [TEST_STEP][PASSED] - Statement - Checker = com.kms.katalon.core.webui.keyword.WebUiBuiltInKeywords.verifyElementNotPresent(tester, 3): Web element with id: 'Object Repository/Final Object Repo/Landing Page/Select to English' located by 'By.xpath: //a[@class = 'taglib-language-list-text' and @lang = 'en-US' and (contains(text(), 'EN') or contains(., 'EN'))]' is not present after '3' second(s)

2018-12-07 02:43:15 - [MESSAGE][PASSED] - Web element with id: 'Object Repository/Final Object Repo/Landing Page/Select to English' located by 'By.xpath: //a[@class = 'taglib-language-list-text' and @lang = 'en-US' and (contains(text(), 'EN') or contains(., 'EN'))]' is not present after '3' second(s)

2018-12-07 02:43:15 - [TEST_STEP][PASSED] - Statement - If (Checker == false): null

2018-12-07 02:43:15 - [TEST_STEP][PASSED] - delay: Delayed 2 second(s)

2018-12-07 02:43:17 - [MESSAGE][PASSED] - Delayed 2 second(s)

2018-12-07 02:43:17 - [TEST_STEP][PASSED] - delay: Delayed 5 second(s)

2018-12-07 02:43:22 - [MESSAGE][PASSED] - Delayed 5 second(s)

2018-12-07 02:43:22 - [TEST_STEP][PASSED] - navigateToUrl: Navigate to 'https://assist2-uat.perkeso.gov.my/web/registration/update/update-employee-information-employee-' successfully

2018-12-07 02:43:23 - [MESSAGE][PASSED] - Navigate to 'https://assist2-uat.perkeso.gov.my/web/registration/update/update-employee-information-employee-' successfully

2018-12-07 02:43:23 - [TEST_STEP][PASSED] - click: Object: 'Object Repository/Final Object Repo/Page_Update Employee Information By Employee/Type of Identification' is clicked on

2018-12-07 02:43:23 - [MESSAGE][PASSED] - Object: 'Object Repository/Final Object Repo/Page_Update Employee Information By Employee/Type of Identification' is clicked on

2018-12-07 02:43:23 - [TEST_STEP][PASSED] - click: Object: 'Object Repository/Final Object Repo/Page Update Employee Information By Employee/Type of Identification - Name' is clicked on

2018-12-07 02:43:23 - [MESSAGE][PASSED] - Object: 'Object Repository/Final Object Repo/Page Update Employee Information By Employee/Type of Identification - Name' is clicked on

2018-12-07 02:43:23 - [TEST_STEP][PASSED] - setText: Text 'YUKI JR B' is set on object 'Object Repository/Final Object Repo/Page_Update Employee Information By Employee/New Identification'

2018-12-07 02:43:23 - [MESSAGE][PASSED] - Text 'YUKI JR B' is set on object 'Object Repository/Final Object Repo/Page_Update Employee Information By Employee/New Identification'

2018-12-07 02:43:23 - [TEST_STEP][PASSED] - click: Object: 'Object Repository/Final Object Repo/Page_Update Employee Information By Employee/Search Button' is clicked on

2018-12-07 02:43:24 - [MESSAGE][PASSED] - Object: 'Object Repository/Final Object Repo/Page_Update Employee Information By Employee/Search Button' is clicked on

2018-12-07 02:43:24 - [TEST_STEP][PASSED] - click: Object: 'Object Repository/Final Object Repo/Page_Update Employee Information By Employee/Edit Button' is clicked on

2018-12-07 02:43:27 - [MESSAGE][PASSED] - Object: 'Object Repository/Final Object Repo/Page_Update Employee Information By Employee/Edit Button' is clicked on

2018-12-07 02:43:27 - [TEST_STEP][PASSED] - delay: Delayed 2 second(s)

2018-12-07 02:43:29 - [MESSAGE][PASSED] - Delayed 2 second(s)

2018-12-07 02:43:29 - [TEST_STEP][PASSED] - click: Object: 'Object Repository/Final Object Repo/Page_Update Employee Information By Employee/Employee Information Edit Button' is clicked on

2018-12-07 02:43:29 - [MESSAGE][PASSED] - Object: 'Object Repository/Final Object Repo/Page_Update Employee Information By Employee/Employee Information Edit Button' is clicked on

2018-12-07 02:43:29 - [TEST_STEP][PASSED] - delay: Delayed 2 second(s)

2018-12-07 02:43:31 - [MESSAGE][PASSED] - Delayed 2 second(s)

2018-12-07 02:43:31 - [TEST_STEP][PASSED] - click: Object: 'Object Repository/Final Object Repo/Page_Update Employee Information By Employee/New Identification Number' is clicked on

2018-12-07 02:43:31 - [MESSAGE][PASSED] - Object: 'Object Repository/Final Object Repo/Page_Update Employee Information By Employee/New Identification Number' is clicked on

2018-12-07 02:43:31 - [TEST_STEP][PASSED] - setText: Text '' is set on object 'Object Repository/Final Object Repo/Page_Update Employee Information By Employee/New Identification Number'

2018-12-07 02:43:31 - [MESSAGE][PASSED] - Text '' is set on object 'Object Repository/Final Object Repo/Page_Update Employee Information By Employee/New Identification Number'

2018-12-07 02:43:31 - [TEST_STEP][PASSED] - Statement - rnd = new java.util.Random(): null

2018-12-07 02:43:31 - [TEST_STEP][PASSED] - Statement - snum = rnd.nextInt(899999 + 1) + 100000: null

2018-12-07 02:43:31 - [TEST_STEP][PASSED] - Statement - tnum = rnd.nextInt(899999 + 1) + 100000: null

2018-12-07 02:43:31 - [TEST_STEP][PASSED] - Statement - IC = java.lang.Integer.toString(snum) + java.lang.Integer.toString(tnum): null

2018-12-07 02:43:31 - [TEST_STEP][PASSED] - Statement - out.println(IC): null

2018-12-07 02:43:31 - [TEST_STEP][PASSED] - setText: Text '864549297882' is set on object 'Object Repository/Final Object Repo/Page_Update Employee Information By Employee/New Identification Number'

2018-12-07 02:43:32 - [MESSAGE][PASSED] - Text '864549297882' is set on object 'Object Repository/Final Object Repo/Page_Update Employee Information By Employee/New Identification Number'

2018-12-07 02:43:32 - [TEST_STEP][PASSED] - delay: Delayed 2 second(s)

2018-12-07 02:43:34 - [MESSAGE][PASSED] - Delayed 2 second(s)

2018-12-07 02:43:34 - [TEST_STEP][PASSED] - click: Object: 'Object Repository/Final Object Repo/Page_Update Employee Information By Employee/Save' is clicked on

2018-12-07 02:43:34 - [MESSAGE][PASSED] - Object: 'Object Repository/Final Object Repo/Page_Update Employee Information By Employee/Save' is clicked on

2018-12-07 02:43:34 - [TEST_STEP][PASSED] - delay: Delayed 10 second(s)

2018-12-07 02:43:44 - [MESSAGE][PASSED] - Delayed 10 second(s)

2018-12-07 02:43:44 - [TEST_STEP][PASSED] - click: Object: 'Object Repository/Final Object Repo/Page_Update Employee Information By Employee/Save  Continue in Update Employee Information' is clicked on

2018-12-07 02:43:44 - [MESSAGE][PASSED] - Object: 'Object Repository/Final Object Repo/Page_Update Employee Information By Employee/Save  Continue in Update Employee Information' is clicked on

2018-12-07 02:43:44 - [TEST_STEP][PASSED] - delay: Delayed 2 second(s)

2018-12-07 02:43:46 - [MESSAGE][PASSED] - Delayed 2 second(s)

2018-12-07 02:43:46 - [TEST_STEP][PASSED] - click: Object: 'Object Repository/Final Object Repo/Page_Update Employee Information By Employee/Save  Continue in Uploading Page' is clicked on

2018-12-07 02:43:47 - [MESSAGE][PASSED] - Object: 'Object Repository/Final Object Repo/Page_Update Employee Information By Employee/Save  Continue in Uploading Page' is clicked on

2018-12-07 02:43:47 - [TEST_STEP][PASSED] - delay: Delayed 2 second(s)

2018-12-07 02:43:49 - [MESSAGE][PASSED] - Delayed 2 second(s)

2018-12-07 02:43:49 - [TEST_STEP][PASSED] - Statement - CaseReferenceNo = com.kms.katalon.core.webui.keyword.WebUiBuiltInKeywords.getText(com.kms.katalon.core.testobject.ObjectRepository.findTestObject(Final Object Repo/Page_Update Employer Information/Reference Number in Update Employee Information Page)): Text of object 'Object Repository/Final Object Repo/Page_Update Employer Information/Reference Number in Update Employee Information Page' is: 'CUN122018C100005867'

2018-12-07 02:43:51 - [MESSAGE][PASSED] - Text of object 'Object Repository/Final Object Repo/Page_Update Employer Information/Reference Number in Update Employee Information Page' is: 'CUN122018C100005867'

2018-12-07 02:43:51 - [TEST_STEP][PASSED] - callTestCase: Call Test Case 'Test Cases/Final Aug 2018 - PKS Automation/Common/Reference Number Setter' successfully

2018-12-07 02:43:51 - [TEST_CASE][PASSED] - Test Cases/Final Aug 2018 - PKS Automation/Common/Reference Number Setter: Test Cases/Final Aug 2018 - PKS Automation/Common/Reference Number Setter

2018-12-07 02:43:51 - [TEST_STEP][PASSED] - Statement - RefNoOldFile = new java.io.File(C://Users//Admin//Desktop//PKS//Automation Reference Point//KatalonReference.txt): null

2018-12-07 02:43:51 - [TEST_STEP][PASSED] - Statement - RefNoOldFile.delete(): null

2018-12-07 02:43:51 - [TEST_STEP][PASSED] - delay: Delayed 5 second(s)

2018-12-07 02:43:56 - [MESSAGE][PASSED] - Delayed 5 second(s)

2018-12-07 02:43:56 - [TEST_STEP][PASSED] - Statement - RefNo = new java.io.File(C://Users//Admin//Desktop//PKS//Automation Reference Point//KatalonReference.txt): null

2018-12-07 02:43:56 - [TEST_STEP][PASSED] - Statement - f2 = new java.io.FileWriter(RefNo, false): null

2018-12-07 02:43:56 - [TEST_STEP][PASSED] - Statement - f2.write(CaseReferenceNo): null

2018-12-07 02:43:56 - [TEST_STEP][PASSED] - Statement - f2.close(): null

2018-12-07 02:43:56 - [TEST_STEP][PASSED] - Statement - out.println("


" + CaseReferenceNo + "


"): null

2018-12-07 02:43:56 - [MESSAGE][PASSED] - Call Test Case 'Test Cases/Final Aug 2018 - PKS Automation/Common/Reference Number Setter' successfully

2018-12-07 02:43:56 - [TEST_STEP][PASSED] - delay: Delayed 2 second(s)

2018-12-07 02:43:58 - [MESSAGE][PASSED] - Delayed 2 second(s)

2018-12-07 02:43:58 - [TEST_STEP][PASSED] - click: Object: 'Object Repository/Final Object Repo/Page_Update Employee Information By Employee/Submit' is clicked on

2018-12-07 02:43:59 - [MESSAGE][PASSED] - Object: 'Object Repository/Final Object Repo/Page_Update Employee Information By Employee/Submit' is clicked on

2018-12-07 02:43:59 - [TEST_STEP][PASSED] - delay: Delayed 2 second(s)

2018-12-07 02:44:01 - [MESSAGE][PASSED] - Delayed 2 second(s)

2018-12-07 02:44:01 - [TEST_STEP][PASSED] - click: Object: 'Object Repository/Final Object Repo/Page_Update Employee Information By Employee/Confirm Button' is clicked on

2018-12-07 02:44:01 - [MESSAGE][PASSED] - Object: 'Object Repository/Final Object Repo/Page_Update Employee Information By Employee/Confirm Button' is clicked on

2018-12-07 02:44:01 - [TEST_STEP][PASSED] - delay: Delayed 2 second(s)

2018-12-07 02:44:03 - [MESSAGE][PASSED] - Delayed 2 second(s)

2018-12-07 02:44:03 - [TEST_STEP][PASSED] - click: Object: 'Object Repository/Final Object Repo/Page_Update Employee Information By Employee/Successful Message Routed to UO' is clicked on

2018-12-07 02:44:04 - [MESSAGE][PASSED] - Object: 'Object Repository/Final Object Repo/Page_Update Employee Information By Employee/Successful Message Routed to UO' is clicked on

2018-12-07 02:44:04 - [MESSAGE][PASSED] - Call Test Case 'Test Cases/Final Aug 2018 - PKS Automation/Registration Module/Workflow/Update Employee Information (Employee)/Template/Update Employee Information - Special Case (OTC)' successfully

2018-12-07 02:44:04 - [TEST_STEP][PASSED] - callTestCase: Call Test Case 'Test Cases/Final Aug 2018 - PKS Automation/Registration Module/Workflow/Update Employee Information (Employee)/Template/Update Employee Information - Special Case - UO (Approve)' successfully

2018-12-07 02:44:04 - [TEST_CASE][PASSED] - Test Cases/Final Aug 2018 - PKS Automation/Registration Module/Workflow/Update Employee Information (Employee)/Template/Update Employee Information - Special Case - UO (Approve): Test Cases/Final Aug 2018 - PKS Automation/Registration Module/Workflow/Update Employee Information (Employee)/Template/Update Employee Information - Special Case - UO (Approve)

2018-12-07 02:44:04 - [TEST_STEP][NOT_RUN] - callTestCase: NOT_RUN: callTestCase

2018-12-07 02:44:04 - [MESSAGE][NOT_RUN] - NOT_RUN: callTestCase

2018-12-07 02:44:04 - [TEST_STEP][PASSED] - delay: Delayed 2 second(s)

2018-12-07 02:44:06 - [MESSAGE][PASSED] - Delayed 2 second(s)

2018-12-07 02:44:06 - [TEST_STEP][PASSED] - navigateToUrl: Navigate to 'https://assist2-uat.perkeso.gov.my/c/portal/logout' successfully

2018-12-07 02:44:07 - [MESSAGE][PASSED] - Navigate to 'https://assist2-uat.perkeso.gov.my/c/portal/logout' successfully

2018-12-07 02:44:07 - [TEST_STEP][PASSED] - delay: Delayed 2 second(s)

2018-12-07 02:44:09 - [MESSAGE][PASSED] - Delayed 2 second(s)

2018-12-07 02:44:09 - [TEST_STEP][PASSED] - callTestCase: Call Test Case 'Test Cases/Final Aug 2018 - PKS Automation/Common/Reference Number Getter' successfully

2018-12-07 02:44:09 - [TEST_CASE][PASSED] - Test Cases/Final Aug 2018 - PKS Automation/Common/Reference Number Getter: Test Cases/Final Aug 2018 - PKS Automation/Common/Reference Number Getter

2018-12-07 02:44:10 - [TEST_STEP][PASSED] - Statement - Try: null

2018-12-07 02:44:10 - [TEST_STEP][PASSED] - Statement - RefNo = new java.io.File(C://Users//Admin//Desktop//PKS//Automation Reference Point//KatalonReference.txt): null

2018-12-07 02:44:10 - [TEST_STEP][PASSED] - Statement - bufferread = new java.io.BufferedReader(new java.io.FileReader(RefNo)): null

2018-12-07 02:44:10 - [TEST_STEP][PASSED] - Statement - readedVal = bufferread.readLine(): null

2018-12-07 02:44:10 - [TEST_STEP][PASSED] - Statement - out.println(CaseReferenceNo): null

2018-12-07 02:44:10 - [TEST_STEP][PASSED] - Statement - out.println(readedVal): null

2018-12-07 02:44:10 - [TEST_STEP][PASSED] - Statement - CaseReferenceNo = "": null

2018-12-07 02:44:10 - [TEST_STEP][PASSED] - Statement - CaseReferenceNo = readedVal: null

2018-12-07 02:44:10 - [MESSAGE][PASSED] - Call Test Case 'Test Cases/Final Aug 2018 - PKS Automation/Common/Reference Number Getter' successfully

2018-12-07 02:44:10 - [TEST_STEP][PASSED] - callTestCase: Call Test Case 'Test Cases/Final Aug 2018 - PKS Automation/Common/Workflow Owner Finder' successfully

2018-12-07 02:44:10 - [TEST_CASE][PASSED] - Test Cases/Final Aug 2018 - PKS Automation/Common/Workflow Owner Finder: Test Cases/Final Aug 2018 - PKS Automation/Common/Workflow Owner Finder

2018-12-07 02:44:10 - [TEST_STEP][PASSED] - openBrowser: Browser is opened with url: ''

2018-12-07 02:44:10 - [MESSAGE][WARNING] - A browser is already opened. Closing browser and opening a new one

2018-12-07 02:44:14 - [MESSAGE][PASSED] - Browser is opened with url: ''

2018-12-07 02:44:14 - [TEST_STEP][PASSED] - navigateToUrl: Navigate to 'https://assist2-uat.perkeso.gov.my/login' successfully

2018-12-07 02:44:15 - [MESSAGE][PASSED] - Navigate to 'https://assist2-uat.perkeso.gov.my/login' successfully

2018-12-07 02:44:15 - [TEST_STEP][PASSED] - delay: Delayed 5 second(s)

2018-12-07 02:44:20 - [MESSAGE][PASSED] - Delayed 5 second(s)

2018-12-07 02:44:20 - [TEST_STEP][PASSED] - setText: Text 'test@liferay.com' is set on object 'Object Repository/Final Object Repo/Login Page/Internal User/Email Address'

2018-12-07 02:44:21 - [MESSAGE][PASSED] - Text 'test@liferay.com' is set on object 'Object Repository/Final Object Repo/Login Page/Internal User/Email Address'

2018-12-07 02:44:21 - [TEST_STEP][PASSED] - click: Object: 'Object Repository/Final Object Repo/Login Page/Internal User/Next Button' is clicked on

2018-12-07 02:44:21 - [MESSAGE][PASSED] - Object: 'Object Repository/Final Object Repo/Login Page/Internal User/Next Button' is clicked on

2018-12-07 02:44:21 - [TEST_STEP][PASSED] - delay: Delayed 2 second(s)

2018-12-07 02:44:23 - [MESSAGE][PASSED] - Delayed 2 second(s)

2018-12-07 02:44:23 - [TEST_STEP][PASSED] - setText: Text 'test' is set on object 'Object Repository/Final Object Repo/Login Page/Internal User/Password'

2018-12-07 02:44:23 - [MESSAGE][PASSED] - Text 'test' is set on object 'Object Repository/Final Object Repo/Login Page/Internal User/Password'

2018-12-07 02:44:23 - [TEST_STEP][PASSED] - delay: Delayed 2 second(s)

2018-12-07 02:44:25 - [MESSAGE][PASSED] - Delayed 2 second(s)

2018-12-07 02:44:25 - [TEST_STEP][PASSED] - click: Object: 'Object Repository/Final Object Repo/Login Page/Internal User/Login Button' is clicked on

2018-12-07 02:44:26 - [MESSAGE][PASSED] - Object: 'Object Repository/Final Object Repo/Login Page/Internal User/Login Button' is clicked on

2018-12-07 02:44:26 - [TEST_STEP][PASSED] - Statement - tester = com.kms.katalon.core.testobject.ObjectRepository.findTestObject(Final Object Repo/Landing Page/Select to English): Finding Test Object with id 'Object Repository/Final Object Repo/Landing Page/Select to English'

2018-12-07 02:44:26 - [TEST_STEP][PASSED] - Statement - Try: Delayed 2 second(s)

2018-12-07 02:44:26 - [TEST_STEP][PASSED] - Statement - Checker = com.kms.katalon.core.webui.keyword.WebUiBuiltInKeywords.verifyElementNotPresent(tester, 3): Web element with id: 'Object Repository/Final Object Repo/Landing Page/Select to English' located by 'By.xpath: //a[@class = 'taglib-language-list-text' and @lang = 'en-US' and (contains(text(), 'EN') or contains(., 'EN'))]' is not present after '3' second(s)

2018-12-07 02:44:28 - [MESSAGE][PASSED] - Web element with id: 'Object Repository/Final Object Repo/Landing Page/Select to English' located by 'By.xpath: //a[@class = 'taglib-language-list-text' and @lang = 'en-US' and (contains(text(), 'EN') or contains(., 'EN'))]' is not present after '3' second(s)

2018-12-07 02:44:28 - [TEST_STEP][PASSED] - Statement - If (Checker == false): null

2018-12-07 02:44:28 - [TEST_STEP][PASSED] - delay: Delayed 2 second(s)

2018-12-07 02:44:30 - [MESSAGE][PASSED] - Delayed 2 second(s)

2018-12-07 02:44:30 - [TEST_STEP][PASSED] - delay: Delayed 5 second(s)

2018-12-07 02:44:35 - [MESSAGE][PASSED] - Delayed 5 second(s)

2018-12-07 02:44:35 - [TEST_STEP][PASSED] - mouseOver: Object: 'Object Repository/Final Object Repo/Landing Page/WorkFlow Menu' is hovered

2018-12-07 02:44:35 - [MESSAGE][PASSED] - Object: 'Object Repository/Final Object Repo/Landing Page/WorkFlow Menu' is hovered

2018-12-07 02:44:35 - [TEST_STEP][PASSED] - delay: Delayed 2 second(s)

2018-12-07 02:44:37 - [MESSAGE][PASSED] - Delayed 2 second(s)

2018-12-07 02:44:37 - [TEST_STEP][PASSED] - click: Object: 'Object Repository/Final Object Repo/Landing Page/Select to Workflow Listing' is clicked on

2018-12-07 02:44:38 - [MESSAGE][PASSED] - Object: 'Object Repository/Final Object Repo/Landing Page/Select to Workflow Listing' is clicked on

2018-12-07 02:44:38 - [TEST_STEP][PASSED] - delay: Delayed 2 second(s)

2018-12-07 02:44:40 - [MESSAGE][PASSED] - Delayed 2 second(s)

2018-12-07 02:44:40 - [TEST_STEP][PASSED] - click: Object: 'Object Repository/Final Object Repo/WorkFlow Listing Page/Search Information - To Put Ref No' is clicked on

2018-12-07 02:44:40 - [MESSAGE][PASSED] - Object: 'Object Repository/Final Object Repo/WorkFlow Listing Page/Search Information - To Put Ref No' is clicked on

2018-12-07 02:44:40 - [TEST_STEP][PASSED] - delay: Delayed 2 second(s)

2018-12-07 02:44:42 - [MESSAGE][PASSED] - Delayed 2 second(s)

2018-12-07 02:44:42 - [TEST_STEP][PASSED] - callTestCase: Call Test Case 'Test Cases/Final Aug 2018 - PKS Automation/Common/Reference Number Getter' successfully

2018-12-07 02:44:42 - [TEST_CASE][PASSED] - Test Cases/Final Aug 2018 - PKS Automation/Common/Reference Number Getter: Test Cases/Final Aug 2018 - PKS Automation/Common/Reference Number Getter

2018-12-07 02:44:42 - [TEST_STEP][PASSED] - Statement - Try: null

2018-12-07 02:44:42 - [TEST_STEP][PASSED] - Statement - RefNo = new java.io.File(C://Users//Admin//Desktop//PKS//Automation Reference Point//KatalonReference.txt): null

2018-12-07 02:44:42 - [TEST_STEP][PASSED] - Statement - bufferread = new java.io.BufferedReader(new java.io.FileReader(RefNo)): null

2018-12-07 02:44:42 - [TEST_STEP][PASSED] - Statement - readedVal = bufferread.readLine(): null

2018-12-07 02:44:42 - [TEST_STEP][PASSED] - Statement - out.println(CaseReferenceNo): null

2018-12-07 02:44:42 - [TEST_STEP][PASSED] - Statement - out.println(readedVal): null

2018-12-07 02:44:42 - [TEST_STEP][PASSED] - Statement - CaseReferenceNo = "": null

2018-12-07 02:44:42 - [TEST_STEP][PASSED] - Statement - CaseReferenceNo = readedVal: null

2018-12-07 02:44:42 - [MESSAGE][PASSED] - Call Test Case 'Test Cases/Final Aug 2018 - PKS Automation/Common/Reference Number Getter' successfully

2018-12-07 02:44:42 - [TEST_STEP][PASSED] - setText: Text 'CUN122018C100005867' is set on object 'Object Repository/Final Object Repo/WorkFlow Listing Page/Ref No Set Text'

2018-12-07 02:44:43 - [MESSAGE][PASSED] - Text 'CUN122018C100005867' is set on object 'Object Repository/Final Object Repo/WorkFlow Listing Page/Ref No Set Text'

2018-12-07 02:44:43 - [TEST_STEP][PASSED] - delay: Delayed 2 second(s)

2018-12-07 02:44:45 - [MESSAGE][PASSED] - Delayed 2 second(s)

2018-12-07 02:44:45 - [TEST_STEP][PASSED] - click: Object: 'Object Repository/Final Object Repo/WorkFlow Listing Page/Search Ref No Search Button' is clicked on

2018-12-07 02:44:45 - [MESSAGE][PASSED] - Object: 'Object Repository/Final Object Repo/WorkFlow Listing Page/Search Ref No Search Button' is clicked on

2018-12-07 02:44:45 - [TEST_STEP][PASSED] - delay: Delayed 6 second(s)

2018-12-07 02:44:51 - [MESSAGE][PASSED] - Delayed 6 second(s)

2018-12-07 02:44:51 - [TEST_STEP][PASSED] - click: Object: 'Object Repository/Final Object Repo/WorkFlow Listing Page/Click Continue Tooltip' is clicked on

2018-12-07 02:44:52 - [MESSAGE][PASSED] - Object: 'Object Repository/Final Object Repo/WorkFlow Listing Page/Click Continue Tooltip' is clicked on

2018-12-07 02:44:52 - [TEST_STEP][PASSED] - delay: Delayed 5 second(s)

2018-12-07 02:44:57 - [MESSAGE][PASSED] - Delayed 5 second(s)

2018-12-07 02:44:57 - [TEST_STEP][PASSED] - doubleClick: Object: 'Object Repository/Final Object Repo/WorkFlow Listing Page/Workflow Found - Listing 1' is double clicked on

2018-12-07 02:44:57 - [MESSAGE][PASSED] - Object: 'Object Repository/Final Object Repo/WorkFlow Listing Page/Workflow Found - Listing 1' is double clicked on

2018-12-07 02:44:57 - [TEST_STEP][PASSED] - Statement - println(OwnerID): null

2018-12-07 02:44:57 - [TEST_STEP][PASSED] - Statement - OwnerID = com.kms.katalon.core.webui.keyword.WebUiBuiltInKeywords.getText(com.kms.katalon.core.testobject.ObjectRepository.findTestObject(Final Object Repo/WorkFlow Listing Page/Workflow Found - Listing 1), STOP_ON_FAILURE): Text of object 'Object Repository/Final Object Repo/WorkFlow Listing Page/Workflow Found - Listing 1' is: 'JOHORuo2'

2018-12-07 02:44:57 - [MESSAGE][PASSED] - Text of object 'Object Repository/Final Object Repo/WorkFlow Listing Page/Workflow Found - Listing 1' is: 'JOHORuo2'

2018-12-07 02:44:57 - [TEST_STEP][PASSED] - Statement - OwnerID = OwnerID.toLowerCase() + "@gmail.com": null

2018-12-07 02:44:57 - [TEST_STEP][PASSED] - Statement - println(OwnerID): null

2018-12-07 02:44:57 - [TEST_STEP][PASSED] - delay: Delayed 2 second(s)

2018-12-07 02:44:59 - [MESSAGE][PASSED] - Delayed 2 second(s)

2018-12-07 02:44:59 - [MESSAGE][PASSED] - Call Test Case 'Test Cases/Final Aug 2018 - PKS Automation/Common/Workflow Owner Finder' successfully

2018-12-07 02:44:59 - [TEST_STEP][PASSED] - delay: Delayed 2 second(s)

2018-12-07 02:45:01 - [MESSAGE][PASSED] - Delayed 2 second(s)

2018-12-07 02:45:01 - [TEST_STEP][PASSED] - navigateToUrl: Navigate to 'https://assist2-uat.perkeso.gov.my/c/portal/logout' successfully

2018-12-07 02:45:02 - [MESSAGE][PASSED] - Navigate to 'https://assist2-uat.perkeso.gov.my/c/portal/logout' successfully

2018-12-07 02:45:02 - [TEST_STEP][PASSED] - delay: Delayed 2 second(s)

2018-12-07 02:45:04 - [MESSAGE][PASSED] - Delayed 2 second(s)

2018-12-07 02:45:04 - [TEST_STEP][PASSED] - callTestCase: Call Test Case 'Test Cases/Final Aug 2018 - PKS Automation/Registration Module/Workflow/Login and Search Case For Workflow' successfully

2018-12-07 02:45:04 - [TEST_CASE][PASSED] - Test Cases/Final Aug 2018 - PKS Automation/Registration Module/Workflow/Login and Search Case For Workflow: Test Cases/Final Aug 2018 - PKS Automation/Registration Module/Workflow/Login and Search Case For Workflow

2018-12-07 02:45:04 - [TEST_STEP][PASSED] - navigateToUrl: Navigate to 'https://assist2-uat.perkeso.gov.my/login' successfully

2018-12-07 02:45:05 - [MESSAGE][PASSED] - Navigate to 'https://assist2-uat.perkeso.gov.my/login' successfully

2018-12-07 02:45:05 - [TEST_STEP][PASSED] - setText: Text 'johoruo2@gmail.com' is set on object 'Object Repository/Final Object Repo/Login Page/Internal User/Email Address'

2018-12-07 02:45:05 - [MESSAGE][PASSED] - Text 'johoruo2@gmail.com' is set on object 'Object Repository/Final Object Repo/Login Page/Internal User/Email Address'

2018-12-07 02:45:05 - [TEST_STEP][PASSED] - click: Object: 'Object Repository/Final Object Repo/Login Page/Internal User/Next Button' is clicked on

2018-12-07 02:45:05 - [MESSAGE][PASSED] - Object: 'Object Repository/Final Object Repo/Login Page/Internal User/Next Button' is clicked on

2018-12-07 02:45:05 - [TEST_STEP][PASSED] - delay: Delayed 1 second(s)

2018-12-07 02:45:06 - [MESSAGE][PASSED] - Delayed 1 second(s)

2018-12-07 02:45:06 - [TEST_STEP][PASSED] - setEncryptedText: Text ****** has been set on object 'Object Repository/Final Object Repo/Login Page/Internal User/Password'

2018-12-07 02:45:07 - [MESSAGE][PASSED] - Text ****** has been set on object 'Object Repository/Final Object Repo/Login Page/Internal User/Password'

2018-12-07 02:45:07 - [TEST_STEP][PASSED] - click: Object: 'Object Repository/Final Object Repo/Login Page/Internal User/Login Button' is clicked on

2018-12-07 02:45:07 - [MESSAGE][PASSED] - Object: 'Object Repository/Final Object Repo/Login Page/Internal User/Login Button' is clicked on

2018-12-07 02:45:07 - [TEST_STEP][PASSED] - delay: Delayed 2 second(s)

2018-12-07 02:45:09 - [MESSAGE][PASSED] - Delayed 2 second(s)

2018-12-07 02:45:09 - [TEST_STEP][PASSED] - Statement - Try: Delayed 2 second(s)

2018-12-07 02:45:09 - [TEST_STEP][PASSED] - Statement - Checker = false: null

2018-12-07 02:45:09 - [TEST_STEP][PASSED] - Statement - Checker = com.kms.katalon.core.webui.keyword.WebUiBuiltInKeywords.verifyElementHasAttribute(com.kms.katalon.core.testobject.ObjectRepository.findTestObject(Final Object Repo/Landing Page/BM Detecting), "href", 20, OPTIONAL): Object 'Object Repository/Final Object Repo/Landing Page/BM Detecting' has attribute 'href'

2018-12-07 02:45:09 - [MESSAGE][PASSED] - Object 'Object Repository/Final Object Repo/Landing Page/BM Detecting' has attribute 'href'

2018-12-07 02:45:09 - [TEST_STEP][PASSED] - Statement - out.println(Checker): null

2018-12-07 02:45:09 - [TEST_STEP][PASSED] - Statement - If (Checker == false): null

2018-12-07 02:45:09 - [TEST_STEP][PASSED] - Statement - Else: null

2018-12-07 02:45:09 - [TEST_STEP][PASSED] - delay: Delayed 2 second(s)

2018-12-07 02:45:11 - [MESSAGE][PASSED] - Delayed 2 second(s)

2018-12-07 02:45:11 - [TEST_STEP][PASSED] - click: Object: 'Object Repository/Final Object Repo/Page_MyASSIST - ASSIST - Search Pending Case For Add Supporting Document/Search Information' is clicked on

2018-12-07 02:45:11 - [MESSAGE][PASSED] - Object: 'Object Repository/Final Object Repo/Page_MyASSIST - ASSIST - Search Pending Case For Add Supporting Document/Search Information' is clicked on

2018-12-07 02:45:11 - [TEST_STEP][PASSED] - delay: Delayed 3 second(s)

2018-12-07 02:45:14 - [MESSAGE][PASSED] - Delayed 3 second(s)

2018-12-07 02:45:14 - [TEST_STEP][PASSED] - sendKeys: Keys 'CUN122018C100005867' sent to object: 'Object Repository/Final Object Repo/Page_MyASSIST - ASSIST - Search Pending Case For Add Supporting Document/Reference No'

2018-12-07 02:45:14 - [MESSAGE][PASSED] - Keys 'CUN122018C100005867' sent to object: 'Object Repository/Final Object Repo/Page_MyASSIST - ASSIST - Search Pending Case For Add Supporting Document/Reference No'

2018-12-07 02:45:14 - [TEST_STEP][PASSED] - click: Object: 'Object Repository/Final Object Repo/Page_MyASSIST - ASSIST - Search Pending Case For Add Supporting Document/Search Reference No' is clicked on

2018-12-07 02:45:15 - [MESSAGE][PASSED] - Object: 'Object Repository/Final Object Repo/Page_MyASSIST - ASSIST - Search Pending Case For Add Supporting Document/Search Reference No' is clicked on

2018-12-07 02:45:15 - [TEST_STEP][PASSED] - delay: Delayed 2 second(s)

2018-12-07 02:45:17 - [MESSAGE][PASSED] - Delayed 2 second(s)

2018-12-07 02:45:17 - [TEST_STEP][PASSED] - click: Object: 'Object Repository/Final Object Repo/Page_MyASSIST - ASSIST - Search Pending Case For Add Supporting Document/Continue' is clicked on

2018-12-07 02:45:21 - [MESSAGE][PASSED] - Object: 'Object Repository/Final Object Repo/Page_MyASSIST - ASSIST - Search Pending Case For Add Supporting Document/Continue' is clicked on

2018-12-07 02:45:21 - [TEST_STEP][PASSED] - delay: Delayed 20 second(s)

2018-12-07 02:45:41 - [MESSAGE][PASSED] - Delayed 20 second(s)

2018-12-07 02:45:41 - [MESSAGE][PASSED] - Call Test Case 'Test Cases/Final Aug 2018 - PKS Automation/Registration Module/Workflow/Login and Search Case For Workflow' successfully

2018-12-07 02:45:41 - [TEST_STEP][PASSED] - click: Object: 'Object Repository/Final Object Repo/Page_Update Employee Information By Employee/Page_Update Employee Information By Employee (Approve)/Continue' is clicked on

2018-12-07 02:45:44 - [MESSAGE][PASSED] - Object: 'Object Repository/Final Object Repo/Page_Update Employee Information By Employee/Page_Update Employee Information By Employee (Approve)/Continue' is clicked on

2018-12-07 02:45:44 - [TEST_STEP][PASSED] - delay: Delayed 2 second(s)

2018-12-07 02:45:46 - [MESSAGE][PASSED] - Delayed 2 second(s)

2018-12-07 02:45:46 - [TEST_STEP][PASSED] - click: Object: 'Object Repository/Final Object Repo/Page_Update Employee Information By Employee/Page_Update Employee Information By Employee (Approve)/Save  Continue in Update Employee Information Page' is clicked on

2018-12-07 02:45:46 - [MESSAGE][PASSED] - Object: 'Object Repository/Final Object Repo/Page_Update Employee Information By Employee/Page_Update Employee Information By Employee (Approve)/Save  Continue in Update Employee Information Page' is clicked on

2018-12-07 02:45:46 - [TEST_STEP][PASSED] - delay: Delayed 2 second(s)

2018-12-07 02:45:48 - [MESSAGE][PASSED] - Delayed 2 second(s)

2018-12-07 02:45:48 - [TEST_STEP][PASSED] - click: Object: 'Object Repository/Final Object Repo/Page_Update Employee Information By Employee/Page_Update Employee Information By Employee (Approve)/Save  Continue in Upload Supporting Doucument Page' is clicked on

2018-12-07 02:45:49 - [MESSAGE][PASSED] - Object: 'Object Repository/Final Object Repo/Page_Update Employee Information By Employee/Page_Update Employee Information By Employee (Approve)/Save  Continue in Upload Supporting Doucument Page' is clicked on

2018-12-07 02:45:49 - [TEST_STEP][PASSED] - delay: Delayed 2 second(s)

2018-12-07 02:45:51 - [MESSAGE][PASSED] - Delayed 2 second(s)

2018-12-07 02:45:51 - [TEST_STEP][PASSED] - click: Object: 'Object Repository/Final Object Repo/Page_Update Employee Information By Employee/Page_Update Employee Information By Employee (Approve)/Approve' is clicked on

2018-12-07 02:45:53 - [MESSAGE][PASSED] - Object: 'Object Repository/Final Object Repo/Page_Update Employee Information By Employee/Page_Update Employee Information By Employee (Approve)/Approve' is clicked on

2018-12-07 02:45:53 - [TEST_STEP][PASSED] - delay: Delayed 2 second(s)

2018-12-07 02:45:55 - [MESSAGE][PASSED] - Delayed 2 second(s)

2018-12-07 02:45:55 - [TEST_STEP][PASSED] - click: Object: 'Object Repository/Final Object Repo/Page_Update Employee Information By Employee/Page_Update Employee Information By Employee (Approve)/Confirm' is clicked on

2018-12-07 02:45:55 - [MESSAGE][PASSED] - Object: 'Object Repository/Final Object Repo/Page_Update Employee Information By Employee/Page_Update Employee Information By Employee (Approve)/Confirm' is clicked on

2018-12-07 02:45:55 - [TEST_STEP][PASSED] - delay: Delayed 2 second(s)

2018-12-07 02:45:57 - [MESSAGE][PASSED] - Delayed 2 second(s)

2018-12-07 02:45:57 - [TEST_STEP][PASSED] - click: Object: 'Object Repository/Final Object Repo/Page_Update Employee Information By Employee/Page_Update Employee Information By Employee (Approve)/Message Your Request    Update Emp' is clicked on

2018-12-07 02:46:01 - [MESSAGE][PASSED] - Object: 'Object Repository/Final Object Repo/Page_Update Employee Information By Employee/Page_Update Employee Information By Employee (Approve)/Message Your Request    Update Emp' is clicked on

2018-12-07 02:46:01 - [TEST_STEP][PASSED] - click: Object: 'Object Repository/Final Object Repo/Page_Update Employee Information By Employee/Page_Update Employee Information By Employee (Approve)/Letter of successful update' is clicked on

2018-12-07 02:46:01 - [MESSAGE][PASSED] - Object: 'Object Repository/Final Object Repo/Page_Update Employee Information By Employee/Page_Update Employee Information By Employee (Approve)/Letter of successful update' is clicked on

2018-12-07 02:46:01 - [MESSAGE][PASSED] - Call Test Case 'Test Cases/Final Aug 2018 - PKS Automation/Registration Module/Workflow/Update Employee Information (Employee)/Template/Update Employee Information - Special Case - UO (Approve)' successfully]]></system-out>
         <system-err><![CDATA[]]></system-err>
      </testcase>
      <testcase name="Test Cases/Final Aug 2018 - PKS Automation/Registration Module/Workflow/Update Employee Information (Employee)/OTC to UO (Query)" classname="Test Cases/Final Aug 2018 - PKS Automation/Registration Module/Workflow/Update Employee Information (Employee)/OTC to UO (Query)" status="PASSED">
         <system-out><![CDATA[2018-12-07 02:46:01 - [TEST_CASE][PASSED] - Test Cases/Final Aug 2018 - PKS Automation/Registration Module/Workflow/Update Employee Information (Employee)/OTC to UO (Query): Test Cases/Final Aug 2018 - PKS Automation/Registration Module/Workflow/Update Employee Information (Employee)/OTC to UO (Query)

2018-12-07 02:46:03 - [TEST_STEP][PASSED] - callTestCase: Call Test Case 'Test Cases/Final Aug 2018 - PKS Automation/Registration Module/Workflow/Update Employee Information (Employee)/Template/Update Employee Information - Special Case (OTC)' successfully

2018-12-07 02:46:03 - [TEST_CASE][PASSED] - Test Cases/Final Aug 2018 - PKS Automation/Registration Module/Workflow/Update Employee Information (Employee)/Template/Update Employee Information - Special Case (OTC): Test Cases/Final Aug 2018 - PKS Automation/Registration Module/Workflow/Update Employee Information (Employee)/Template/Update Employee Information - Special Case (OTC)

2018-12-07 02:46:03 - [TEST_STEP][PASSED] - openBrowser: Browser is opened with url: ''

2018-12-07 02:46:03 - [MESSAGE][WARNING] - A browser is already opened. Closing browser and opening a new one

2018-12-07 02:46:07 - [MESSAGE][PASSED] - Browser is opened with url: ''

2018-12-07 02:46:07 - [TEST_STEP][PASSED] - navigateToUrl: Navigate to 'https://assist2-uat.perkeso.gov.my/login' successfully

2018-12-07 02:46:08 - [MESSAGE][PASSED] - Navigate to 'https://assist2-uat.perkeso.gov.my/login' successfully

2018-12-07 02:46:08 - [TEST_STEP][PASSED] - setText: Text 'johorotc1@gmail.com' is set on object 'Object Repository/Final Object Repo/Login Page/Internal User/Email Address'

2018-12-07 02:46:08 - [MESSAGE][PASSED] - Text 'johorotc1@gmail.com' is set on object 'Object Repository/Final Object Repo/Login Page/Internal User/Email Address'

2018-12-07 02:46:08 - [TEST_STEP][PASSED] - click: Object: 'Object Repository/Final Object Repo/Login Page/Internal User/Next Button' is clicked on

2018-12-07 02:46:09 - [MESSAGE][PASSED] - Object: 'Object Repository/Final Object Repo/Login Page/Internal User/Next Button' is clicked on

2018-12-07 02:46:09 - [TEST_STEP][PASSED] - delay: Delayed 1 second(s)

2018-12-07 02:46:10 - [MESSAGE][PASSED] - Delayed 1 second(s)

2018-12-07 02:46:10 - [TEST_STEP][PASSED] - setEncryptedText: Text ****** has been set on object 'Object Repository/Final Object Repo/Login Page/Internal User/Password'

2018-12-07 02:46:10 - [MESSAGE][PASSED] - Text ****** has been set on object 'Object Repository/Final Object Repo/Login Page/Internal User/Password'

2018-12-07 02:46:10 - [TEST_STEP][PASSED] - click: Object: 'Object Repository/Final Object Repo/Login Page/Internal User/Login Button' is clicked on

2018-12-07 02:46:10 - [MESSAGE][PASSED] - Object: 'Object Repository/Final Object Repo/Login Page/Internal User/Login Button' is clicked on

2018-12-07 02:46:10 - [TEST_STEP][PASSED] - Statement - tester = com.kms.katalon.core.testobject.ObjectRepository.findTestObject(Final Object Repo/Landing Page/Select to English): Finding Test Object with id 'Object Repository/Final Object Repo/Landing Page/Select to English'

2018-12-07 02:46:10 - [TEST_STEP][PASSED] - Statement - Try: Delayed 2 second(s)

2018-12-07 02:46:10 - [TEST_STEP][PASSED] - Statement - Checker = com.kms.katalon.core.webui.keyword.WebUiBuiltInKeywords.verifyElementNotPresent(tester, 3): Web element with id: 'Object Repository/Final Object Repo/Landing Page/Select to English' located by 'By.xpath: //a[@class = 'taglib-language-list-text' and @lang = 'en-US' and (contains(text(), 'EN') or contains(., 'EN'))]' is not present after '3' second(s)

2018-12-07 02:46:12 - [MESSAGE][PASSED] - Web element with id: 'Object Repository/Final Object Repo/Landing Page/Select to English' located by 'By.xpath: //a[@class = 'taglib-language-list-text' and @lang = 'en-US' and (contains(text(), 'EN') or contains(., 'EN'))]' is not present after '3' second(s)

2018-12-07 02:46:12 - [TEST_STEP][PASSED] - Statement - If (Checker == false): null

2018-12-07 02:46:12 - [TEST_STEP][PASSED] - delay: Delayed 2 second(s)

2018-12-07 02:46:14 - [MESSAGE][PASSED] - Delayed 2 second(s)

2018-12-07 02:46:14 - [TEST_STEP][PASSED] - delay: Delayed 5 second(s)

2018-12-07 02:46:19 - [MESSAGE][PASSED] - Delayed 5 second(s)

2018-12-07 02:46:19 - [TEST_STEP][PASSED] - navigateToUrl: Navigate to 'https://assist2-uat.perkeso.gov.my/web/registration/update/update-employee-information-employee-' successfully

2018-12-07 02:46:20 - [MESSAGE][PASSED] - Navigate to 'https://assist2-uat.perkeso.gov.my/web/registration/update/update-employee-information-employee-' successfully

2018-12-07 02:46:20 - [TEST_STEP][PASSED] - click: Object: 'Object Repository/Final Object Repo/Page_Update Employee Information By Employee/Type of Identification' is clicked on

2018-12-07 02:46:20 - [MESSAGE][PASSED] - Object: 'Object Repository/Final Object Repo/Page_Update Employee Information By Employee/Type of Identification' is clicked on

2018-12-07 02:46:20 - [TEST_STEP][PASSED] - click: Object: 'Object Repository/Final Object Repo/Page Update Employee Information By Employee/Type of Identification - Name' is clicked on

2018-12-07 02:46:20 - [MESSAGE][PASSED] - Object: 'Object Repository/Final Object Repo/Page Update Employee Information By Employee/Type of Identification - Name' is clicked on

2018-12-07 02:46:20 - [TEST_STEP][PASSED] - setText: Text 'YUKI JR B' is set on object 'Object Repository/Final Object Repo/Page_Update Employee Information By Employee/New Identification'

2018-12-07 02:46:20 - [MESSAGE][PASSED] - Text 'YUKI JR B' is set on object 'Object Repository/Final Object Repo/Page_Update Employee Information By Employee/New Identification'

2018-12-07 02:46:20 - [TEST_STEP][PASSED] - click: Object: 'Object Repository/Final Object Repo/Page_Update Employee Information By Employee/Search Button' is clicked on

2018-12-07 02:46:21 - [MESSAGE][PASSED] - Object: 'Object Repository/Final Object Repo/Page_Update Employee Information By Employee/Search Button' is clicked on

2018-12-07 02:46:21 - [TEST_STEP][PASSED] - click: Object: 'Object Repository/Final Object Repo/Page_Update Employee Information By Employee/Edit Button' is clicked on

2018-12-07 02:46:24 - [MESSAGE][PASSED] - Object: 'Object Repository/Final Object Repo/Page_Update Employee Information By Employee/Edit Button' is clicked on

2018-12-07 02:46:24 - [TEST_STEP][PASSED] - delay: Delayed 2 second(s)

2018-12-07 02:46:26 - [MESSAGE][PASSED] - Delayed 2 second(s)

2018-12-07 02:46:26 - [TEST_STEP][PASSED] - click: Object: 'Object Repository/Final Object Repo/Page_Update Employee Information By Employee/Employee Information Edit Button' is clicked on

2018-12-07 02:46:26 - [MESSAGE][PASSED] - Object: 'Object Repository/Final Object Repo/Page_Update Employee Information By Employee/Employee Information Edit Button' is clicked on

2018-12-07 02:46:26 - [TEST_STEP][PASSED] - delay: Delayed 2 second(s)

2018-12-07 02:46:28 - [MESSAGE][PASSED] - Delayed 2 second(s)

2018-12-07 02:46:28 - [TEST_STEP][PASSED] - click: Object: 'Object Repository/Final Object Repo/Page_Update Employee Information By Employee/New Identification Number' is clicked on

2018-12-07 02:46:29 - [MESSAGE][PASSED] - Object: 'Object Repository/Final Object Repo/Page_Update Employee Information By Employee/New Identification Number' is clicked on

2018-12-07 02:46:29 - [TEST_STEP][PASSED] - setText: Text '' is set on object 'Object Repository/Final Object Repo/Page_Update Employee Information By Employee/New Identification Number'

2018-12-07 02:46:29 - [MESSAGE][PASSED] - Text '' is set on object 'Object Repository/Final Object Repo/Page_Update Employee Information By Employee/New Identification Number'

2018-12-07 02:46:29 - [TEST_STEP][PASSED] - Statement - rnd = new java.util.Random(): null

2018-12-07 02:46:29 - [TEST_STEP][PASSED] - Statement - snum = rnd.nextInt(899999 + 1) + 100000: null

2018-12-07 02:46:29 - [TEST_STEP][PASSED] - Statement - tnum = rnd.nextInt(899999 + 1) + 100000: null

2018-12-07 02:46:29 - [TEST_STEP][PASSED] - Statement - IC = java.lang.Integer.toString(snum) + java.lang.Integer.toString(tnum): null

2018-12-07 02:46:29 - [TEST_STEP][PASSED] - Statement - out.println(IC): null

2018-12-07 02:46:29 - [TEST_STEP][PASSED] - setText: Text '378592276286' is set on object 'Object Repository/Final Object Repo/Page_Update Employee Information By Employee/New Identification Number'

2018-12-07 02:46:29 - [MESSAGE][PASSED] - Text '378592276286' is set on object 'Object Repository/Final Object Repo/Page_Update Employee Information By Employee/New Identification Number'

2018-12-07 02:46:29 - [TEST_STEP][PASSED] - delay: Delayed 2 second(s)

2018-12-07 02:46:31 - [MESSAGE][PASSED] - Delayed 2 second(s)

2018-12-07 02:46:31 - [TEST_STEP][PASSED] - click: Object: 'Object Repository/Final Object Repo/Page_Update Employee Information By Employee/Save' is clicked on

2018-12-07 02:46:31 - [MESSAGE][PASSED] - Object: 'Object Repository/Final Object Repo/Page_Update Employee Information By Employee/Save' is clicked on

2018-12-07 02:46:31 - [TEST_STEP][PASSED] - delay: Delayed 10 second(s)

2018-12-07 02:46:41 - [MESSAGE][PASSED] - Delayed 10 second(s)

2018-12-07 02:46:41 - [TEST_STEP][PASSED] - click: Object: 'Object Repository/Final Object Repo/Page_Update Employee Information By Employee/Save  Continue in Update Employee Information' is clicked on

2018-12-07 02:46:42 - [MESSAGE][PASSED] - Object: 'Object Repository/Final Object Repo/Page_Update Employee Information By Employee/Save  Continue in Update Employee Information' is clicked on

2018-12-07 02:46:42 - [TEST_STEP][PASSED] - delay: Delayed 2 second(s)

2018-12-07 02:46:44 - [MESSAGE][PASSED] - Delayed 2 second(s)

2018-12-07 02:46:44 - [TEST_STEP][PASSED] - click: Object: 'Object Repository/Final Object Repo/Page_Update Employee Information By Employee/Save  Continue in Uploading Page' is clicked on

2018-12-07 02:46:45 - [MESSAGE][PASSED] - Object: 'Object Repository/Final Object Repo/Page_Update Employee Information By Employee/Save  Continue in Uploading Page' is clicked on

2018-12-07 02:46:45 - [TEST_STEP][PASSED] - delay: Delayed 2 second(s)

2018-12-07 02:46:47 - [MESSAGE][PASSED] - Delayed 2 second(s)

2018-12-07 02:46:47 - [TEST_STEP][PASSED] - Statement - CaseReferenceNo = com.kms.katalon.core.webui.keyword.WebUiBuiltInKeywords.getText(com.kms.katalon.core.testobject.ObjectRepository.findTestObject(Final Object Repo/Page_Update Employer Information/Reference Number in Update Employee Information Page)): Text of object 'Object Repository/Final Object Repo/Page_Update Employer Information/Reference Number in Update Employee Information Page' is: 'CUN122018C100005868'

2018-12-07 02:46:48 - [MESSAGE][PASSED] - Text of object 'Object Repository/Final Object Repo/Page_Update Employer Information/Reference Number in Update Employee Information Page' is: 'CUN122018C100005868'

2018-12-07 02:46:48 - [TEST_STEP][PASSED] - callTestCase: Call Test Case 'Test Cases/Final Aug 2018 - PKS Automation/Common/Reference Number Setter' successfully

2018-12-07 02:46:49 - [TEST_CASE][PASSED] - Test Cases/Final Aug 2018 - PKS Automation/Common/Reference Number Setter: Test Cases/Final Aug 2018 - PKS Automation/Common/Reference Number Setter

2018-12-07 02:46:49 - [TEST_STEP][PASSED] - Statement - RefNoOldFile = new java.io.File(C://Users//Admin//Desktop//PKS//Automation Reference Point//KatalonReference.txt): null

2018-12-07 02:46:49 - [TEST_STEP][PASSED] - Statement - RefNoOldFile.delete(): null

2018-12-07 02:46:49 - [TEST_STEP][PASSED] - delay: Delayed 5 second(s)

2018-12-07 02:46:54 - [MESSAGE][PASSED] - Delayed 5 second(s)

2018-12-07 02:46:54 - [TEST_STEP][PASSED] - Statement - RefNo = new java.io.File(C://Users//Admin//Desktop//PKS//Automation Reference Point//KatalonReference.txt): null

2018-12-07 02:46:54 - [TEST_STEP][PASSED] - Statement - f2 = new java.io.FileWriter(RefNo, false): null

2018-12-07 02:46:54 - [TEST_STEP][PASSED] - Statement - f2.write(CaseReferenceNo): null

2018-12-07 02:46:54 - [TEST_STEP][PASSED] - Statement - f2.close(): null

2018-12-07 02:46:54 - [TEST_STEP][PASSED] - Statement - out.println("


" + CaseReferenceNo + "


"): null

2018-12-07 02:46:54 - [MESSAGE][PASSED] - Call Test Case 'Test Cases/Final Aug 2018 - PKS Automation/Common/Reference Number Setter' successfully

2018-12-07 02:46:54 - [TEST_STEP][PASSED] - delay: Delayed 2 second(s)

2018-12-07 02:46:56 - [MESSAGE][PASSED] - Delayed 2 second(s)

2018-12-07 02:46:56 - [TEST_STEP][PASSED] - click: Object: 'Object Repository/Final Object Repo/Page_Update Employee Information By Employee/Submit' is clicked on

2018-12-07 02:46:56 - [MESSAGE][PASSED] - Object: 'Object Repository/Final Object Repo/Page_Update Employee Information By Employee/Submit' is clicked on

2018-12-07 02:46:56 - [TEST_STEP][PASSED] - delay: Delayed 2 second(s)

2018-12-07 02:46:58 - [MESSAGE][PASSED] - Delayed 2 second(s)

2018-12-07 02:46:58 - [TEST_STEP][PASSED] - click: Object: 'Object Repository/Final Object Repo/Page_Update Employee Information By Employee/Confirm Button' is clicked on

2018-12-07 02:46:58 - [MESSAGE][PASSED] - Object: 'Object Repository/Final Object Repo/Page_Update Employee Information By Employee/Confirm Button' is clicked on

2018-12-07 02:46:58 - [TEST_STEP][PASSED] - delay: Delayed 2 second(s)

2018-12-07 02:47:00 - [MESSAGE][PASSED] - Delayed 2 second(s)

2018-12-07 02:47:00 - [TEST_STEP][PASSED] - click: Object: 'Object Repository/Final Object Repo/Page_Update Employee Information By Employee/Successful Message Routed to UO' is clicked on

2018-12-07 02:47:01 - [MESSAGE][PASSED] - Object: 'Object Repository/Final Object Repo/Page_Update Employee Information By Employee/Successful Message Routed to UO' is clicked on

2018-12-07 02:47:01 - [MESSAGE][PASSED] - Call Test Case 'Test Cases/Final Aug 2018 - PKS Automation/Registration Module/Workflow/Update Employee Information (Employee)/Template/Update Employee Information - Special Case (OTC)' successfully

2018-12-07 02:47:01 - [TEST_STEP][PASSED] - callTestCase: Call Test Case 'Test Cases/Final Aug 2018 - PKS Automation/Registration Module/Workflow/Update Employee Information (Employee)/Template/Update Employee Information - Special Case - UO (Query)' successfully

2018-12-07 02:47:01 - [TEST_CASE][PASSED] - Test Cases/Final Aug 2018 - PKS Automation/Registration Module/Workflow/Update Employee Information (Employee)/Template/Update Employee Information - Special Case - UO (Query): Test Cases/Final Aug 2018 - PKS Automation/Registration Module/Workflow/Update Employee Information (Employee)/Template/Update Employee Information - Special Case - UO (Query)

2018-12-07 02:47:02 - [TEST_STEP][NOT_RUN] - callTestCase: NOT_RUN: callTestCase

2018-12-07 02:47:02 - [MESSAGE][NOT_RUN] - NOT_RUN: callTestCase

2018-12-07 02:47:02 - [TEST_STEP][PASSED] - delay: Delayed 2 second(s)

2018-12-07 02:47:04 - [MESSAGE][PASSED] - Delayed 2 second(s)

2018-12-07 02:47:04 - [TEST_STEP][PASSED] - navigateToUrl: Navigate to 'https://assist2-uat.perkeso.gov.my/c/portal/logout' successfully

2018-12-07 02:47:04 - [MESSAGE][PASSED] - Navigate to 'https://assist2-uat.perkeso.gov.my/c/portal/logout' successfully

2018-12-07 02:47:04 - [TEST_STEP][PASSED] - delay: Delayed 2 second(s)

2018-12-07 02:47:06 - [MESSAGE][PASSED] - Delayed 2 second(s)

2018-12-07 02:47:06 - [TEST_STEP][PASSED] - callTestCase: Call Test Case 'Test Cases/Final Aug 2018 - PKS Automation/Common/Reference Number Getter' successfully

2018-12-07 02:47:06 - [TEST_CASE][PASSED] - Test Cases/Final Aug 2018 - PKS Automation/Common/Reference Number Getter: Test Cases/Final Aug 2018 - PKS Automation/Common/Reference Number Getter

2018-12-07 02:47:06 - [TEST_STEP][PASSED] - Statement - Try: null

2018-12-07 02:47:06 - [TEST_STEP][PASSED] - Statement - RefNo = new java.io.File(C://Users//Admin//Desktop//PKS//Automation Reference Point//KatalonReference.txt): null

2018-12-07 02:47:06 - [TEST_STEP][PASSED] - Statement - bufferread = new java.io.BufferedReader(new java.io.FileReader(RefNo)): null

2018-12-07 02:47:06 - [TEST_STEP][PASSED] - Statement - readedVal = bufferread.readLine(): null

2018-12-07 02:47:06 - [TEST_STEP][PASSED] - Statement - out.println(CaseReferenceNo): null

2018-12-07 02:47:06 - [TEST_STEP][PASSED] - Statement - out.println(readedVal): null

2018-12-07 02:47:06 - [TEST_STEP][PASSED] - Statement - CaseReferenceNo = "": null

2018-12-07 02:47:06 - [TEST_STEP][PASSED] - Statement - CaseReferenceNo = readedVal: null

2018-12-07 02:47:06 - [MESSAGE][PASSED] - Call Test Case 'Test Cases/Final Aug 2018 - PKS Automation/Common/Reference Number Getter' successfully

2018-12-07 02:47:06 - [TEST_STEP][PASSED] - callTestCase: Call Test Case 'Test Cases/Final Aug 2018 - PKS Automation/Common/Workflow Owner Finder' successfully

2018-12-07 02:47:06 - [TEST_CASE][PASSED] - Test Cases/Final Aug 2018 - PKS Automation/Common/Workflow Owner Finder: Test Cases/Final Aug 2018 - PKS Automation/Common/Workflow Owner Finder

2018-12-07 02:47:06 - [TEST_STEP][PASSED] - openBrowser: Browser is opened with url: ''

2018-12-07 02:47:06 - [MESSAGE][WARNING] - A browser is already opened. Closing browser and opening a new one

2018-12-07 02:47:10 - [MESSAGE][PASSED] - Browser is opened with url: ''

2018-12-07 02:47:10 - [TEST_STEP][PASSED] - navigateToUrl: Navigate to 'https://assist2-uat.perkeso.gov.my/login' successfully

2018-12-07 02:47:11 - [MESSAGE][PASSED] - Navigate to 'https://assist2-uat.perkeso.gov.my/login' successfully

2018-12-07 02:47:11 - [TEST_STEP][PASSED] - delay: Delayed 5 second(s)

2018-12-07 02:47:16 - [MESSAGE][PASSED] - Delayed 5 second(s)

2018-12-07 02:47:16 - [TEST_STEP][PASSED] - setText: Text 'test@liferay.com' is set on object 'Object Repository/Final Object Repo/Login Page/Internal User/Email Address'

2018-12-07 02:47:17 - [MESSAGE][PASSED] - Text 'test@liferay.com' is set on object 'Object Repository/Final Object Repo/Login Page/Internal User/Email Address'

2018-12-07 02:47:17 - [TEST_STEP][PASSED] - click: Object: 'Object Repository/Final Object Repo/Login Page/Internal User/Next Button' is clicked on

2018-12-07 02:47:17 - [MESSAGE][PASSED] - Object: 'Object Repository/Final Object Repo/Login Page/Internal User/Next Button' is clicked on

2018-12-07 02:47:17 - [TEST_STEP][PASSED] - delay: Delayed 2 second(s)

2018-12-07 02:47:19 - [MESSAGE][PASSED] - Delayed 2 second(s)

2018-12-07 02:47:19 - [TEST_STEP][PASSED] - setText: Text 'test' is set on object 'Object Repository/Final Object Repo/Login Page/Internal User/Password'

2018-12-07 02:47:19 - [MESSAGE][PASSED] - Text 'test' is set on object 'Object Repository/Final Object Repo/Login Page/Internal User/Password'

2018-12-07 02:47:19 - [TEST_STEP][PASSED] - delay: Delayed 2 second(s)

2018-12-07 02:47:21 - [MESSAGE][PASSED] - Delayed 2 second(s)

2018-12-07 02:47:21 - [TEST_STEP][PASSED] - click: Object: 'Object Repository/Final Object Repo/Login Page/Internal User/Login Button' is clicked on

2018-12-07 02:47:21 - [MESSAGE][PASSED] - Object: 'Object Repository/Final Object Repo/Login Page/Internal User/Login Button' is clicked on

2018-12-07 02:47:21 - [TEST_STEP][PASSED] - Statement - tester = com.kms.katalon.core.testobject.ObjectRepository.findTestObject(Final Object Repo/Landing Page/Select to English): Finding Test Object with id 'Object Repository/Final Object Repo/Landing Page/Select to English'

2018-12-07 02:47:21 - [TEST_STEP][PASSED] - Statement - Try: Delayed 2 second(s)

2018-12-07 02:47:21 - [TEST_STEP][PASSED] - Statement - Checker = com.kms.katalon.core.webui.keyword.WebUiBuiltInKeywords.verifyElementNotPresent(tester, 3): Web element with id: 'Object Repository/Final Object Repo/Landing Page/Select to English' located by 'By.xpath: //a[@class = 'taglib-language-list-text' and @lang = 'en-US' and (contains(text(), 'EN') or contains(., 'EN'))]' is not present after '3' second(s)

2018-12-07 02:47:23 - [MESSAGE][PASSED] - Web element with id: 'Object Repository/Final Object Repo/Landing Page/Select to English' located by 'By.xpath: //a[@class = 'taglib-language-list-text' and @lang = 'en-US' and (contains(text(), 'EN') or contains(., 'EN'))]' is not present after '3' second(s)

2018-12-07 02:47:23 - [TEST_STEP][PASSED] - Statement - If (Checker == false): null

2018-12-07 02:47:23 - [TEST_STEP][PASSED] - delay: Delayed 2 second(s)

2018-12-07 02:47:25 - [MESSAGE][PASSED] - Delayed 2 second(s)

2018-12-07 02:47:25 - [TEST_STEP][PASSED] - delay: Delayed 5 second(s)

2018-12-07 02:47:30 - [MESSAGE][PASSED] - Delayed 5 second(s)

2018-12-07 02:47:30 - [TEST_STEP][PASSED] - mouseOver: Object: 'Object Repository/Final Object Repo/Landing Page/WorkFlow Menu' is hovered

2018-12-07 02:47:30 - [MESSAGE][PASSED] - Object: 'Object Repository/Final Object Repo/Landing Page/WorkFlow Menu' is hovered

2018-12-07 02:47:30 - [TEST_STEP][PASSED] - delay: Delayed 2 second(s)

2018-12-07 02:47:32 - [MESSAGE][PASSED] - Delayed 2 second(s)

2018-12-07 02:47:32 - [TEST_STEP][PASSED] - click: Object: 'Object Repository/Final Object Repo/Landing Page/Select to Workflow Listing' is clicked on

2018-12-07 02:47:33 - [MESSAGE][PASSED] - Object: 'Object Repository/Final Object Repo/Landing Page/Select to Workflow Listing' is clicked on

2018-12-07 02:47:33 - [TEST_STEP][PASSED] - delay: Delayed 2 second(s)

2018-12-07 02:47:35 - [MESSAGE][PASSED] - Delayed 2 second(s)

2018-12-07 02:47:35 - [TEST_STEP][PASSED] - click: Object: 'Object Repository/Final Object Repo/WorkFlow Listing Page/Search Information - To Put Ref No' is clicked on

2018-12-07 02:47:36 - [MESSAGE][PASSED] - Object: 'Object Repository/Final Object Repo/WorkFlow Listing Page/Search Information - To Put Ref No' is clicked on

2018-12-07 02:47:36 - [TEST_STEP][PASSED] - delay: Delayed 2 second(s)

2018-12-07 02:47:38 - [MESSAGE][PASSED] - Delayed 2 second(s)

2018-12-07 02:47:38 - [TEST_STEP][PASSED] - callTestCase: Call Test Case 'Test Cases/Final Aug 2018 - PKS Automation/Common/Reference Number Getter' successfully

2018-12-07 02:47:38 - [TEST_CASE][PASSED] - Test Cases/Final Aug 2018 - PKS Automation/Common/Reference Number Getter: Test Cases/Final Aug 2018 - PKS Automation/Common/Reference Number Getter

2018-12-07 02:47:38 - [TEST_STEP][PASSED] - Statement - Try: null

2018-12-07 02:47:38 - [TEST_STEP][PASSED] - Statement - RefNo = new java.io.File(C://Users//Admin//Desktop//PKS//Automation Reference Point//KatalonReference.txt): null

2018-12-07 02:47:38 - [TEST_STEP][PASSED] - Statement - bufferread = new java.io.BufferedReader(new java.io.FileReader(RefNo)): null

2018-12-07 02:47:38 - [TEST_STEP][PASSED] - Statement - readedVal = bufferread.readLine(): null

2018-12-07 02:47:38 - [TEST_STEP][PASSED] - Statement - out.println(CaseReferenceNo): null

2018-12-07 02:47:38 - [TEST_STEP][PASSED] - Statement - out.println(readedVal): null

2018-12-07 02:47:38 - [TEST_STEP][PASSED] - Statement - CaseReferenceNo = "": null

2018-12-07 02:47:38 - [TEST_STEP][PASSED] - Statement - CaseReferenceNo = readedVal: null

2018-12-07 02:47:38 - [MESSAGE][PASSED] - Call Test Case 'Test Cases/Final Aug 2018 - PKS Automation/Common/Reference Number Getter' successfully

2018-12-07 02:47:38 - [TEST_STEP][PASSED] - setText: Text 'CUN122018C100005868' is set on object 'Object Repository/Final Object Repo/WorkFlow Listing Page/Ref No Set Text'

2018-12-07 02:47:38 - [MESSAGE][PASSED] - Text 'CUN122018C100005868' is set on object 'Object Repository/Final Object Repo/WorkFlow Listing Page/Ref No Set Text'

2018-12-07 02:47:38 - [TEST_STEP][PASSED] - delay: Delayed 2 second(s)

2018-12-07 02:47:40 - [MESSAGE][PASSED] - Delayed 2 second(s)

2018-12-07 02:47:40 - [TEST_STEP][PASSED] - click: Object: 'Object Repository/Final Object Repo/WorkFlow Listing Page/Search Ref No Search Button' is clicked on

2018-12-07 02:47:40 - [MESSAGE][PASSED] - Object: 'Object Repository/Final Object Repo/WorkFlow Listing Page/Search Ref No Search Button' is clicked on

2018-12-07 02:47:40 - [TEST_STEP][PASSED] - delay: Delayed 6 second(s)

2018-12-07 02:47:46 - [MESSAGE][PASSED] - Delayed 6 second(s)

2018-12-07 02:47:46 - [TEST_STEP][PASSED] - click: Object: 'Object Repository/Final Object Repo/WorkFlow Listing Page/Click Continue Tooltip' is clicked on

2018-12-07 02:47:47 - [MESSAGE][PASSED] - Object: 'Object Repository/Final Object Repo/WorkFlow Listing Page/Click Continue Tooltip' is clicked on

2018-12-07 02:47:47 - [TEST_STEP][PASSED] - delay: Delayed 5 second(s)

2018-12-07 02:47:52 - [MESSAGE][PASSED] - Delayed 5 second(s)

2018-12-07 02:47:52 - [TEST_STEP][PASSED] - doubleClick: Object: 'Object Repository/Final Object Repo/WorkFlow Listing Page/Workflow Found - Listing 1' is double clicked on

2018-12-07 02:47:52 - [MESSAGE][PASSED] - Object: 'Object Repository/Final Object Repo/WorkFlow Listing Page/Workflow Found - Listing 1' is double clicked on

2018-12-07 02:47:52 - [TEST_STEP][PASSED] - Statement - println(OwnerID): null

2018-12-07 02:47:52 - [TEST_STEP][PASSED] - Statement - OwnerID = com.kms.katalon.core.webui.keyword.WebUiBuiltInKeywords.getText(com.kms.katalon.core.testobject.ObjectRepository.findTestObject(Final Object Repo/WorkFlow Listing Page/Workflow Found - Listing 1), STOP_ON_FAILURE): Text of object 'Object Repository/Final Object Repo/WorkFlow Listing Page/Workflow Found - Listing 1' is: 'JOHORuo3'

2018-12-07 02:47:52 - [MESSAGE][PASSED] - Text of object 'Object Repository/Final Object Repo/WorkFlow Listing Page/Workflow Found - Listing 1' is: 'JOHORuo3'

2018-12-07 02:47:52 - [TEST_STEP][PASSED] - Statement - OwnerID = OwnerID.toLowerCase() + "@gmail.com": null

2018-12-07 02:47:52 - [TEST_STEP][PASSED] - Statement - println(OwnerID): null

2018-12-07 02:47:52 - [TEST_STEP][PASSED] - delay: Delayed 2 second(s)

2018-12-07 02:47:54 - [MESSAGE][PASSED] - Delayed 2 second(s)

2018-12-07 02:47:54 - [MESSAGE][PASSED] - Call Test Case 'Test Cases/Final Aug 2018 - PKS Automation/Common/Workflow Owner Finder' successfully

2018-12-07 02:47:54 - [TEST_STEP][PASSED] - delay: Delayed 2 second(s)

2018-12-07 02:47:56 - [MESSAGE][PASSED] - Delayed 2 second(s)

2018-12-07 02:47:56 - [TEST_STEP][PASSED] - navigateToUrl: Navigate to 'https://assist2-uat.perkeso.gov.my/c/portal/logout' successfully

2018-12-07 02:47:57 - [MESSAGE][PASSED] - Navigate to 'https://assist2-uat.perkeso.gov.my/c/portal/logout' successfully

2018-12-07 02:47:57 - [TEST_STEP][PASSED] - delay: Delayed 2 second(s)

2018-12-07 02:47:59 - [MESSAGE][PASSED] - Delayed 2 second(s)

2018-12-07 02:47:59 - [TEST_STEP][PASSED] - callTestCase: Call Test Case 'Test Cases/Final Aug 2018 - PKS Automation/Registration Module/Workflow/Login and Search Case For Workflow' successfully

2018-12-07 02:47:59 - [TEST_CASE][PASSED] - Test Cases/Final Aug 2018 - PKS Automation/Registration Module/Workflow/Login and Search Case For Workflow: Test Cases/Final Aug 2018 - PKS Automation/Registration Module/Workflow/Login and Search Case For Workflow

2018-12-07 02:47:59 - [TEST_STEP][PASSED] - navigateToUrl: Navigate to 'https://assist2-uat.perkeso.gov.my/login' successfully

2018-12-07 02:48:00 - [MESSAGE][PASSED] - Navigate to 'https://assist2-uat.perkeso.gov.my/login' successfully

2018-12-07 02:48:00 - [TEST_STEP][PASSED] - setText: Text 'johoruo3@gmail.com' is set on object 'Object Repository/Final Object Repo/Login Page/Internal User/Email Address'

2018-12-07 02:48:00 - [MESSAGE][PASSED] - Text 'johoruo3@gmail.com' is set on object 'Object Repository/Final Object Repo/Login Page/Internal User/Email Address'

2018-12-07 02:48:00 - [TEST_STEP][PASSED] - click: Object: 'Object Repository/Final Object Repo/Login Page/Internal User/Next Button' is clicked on

2018-12-07 02:48:00 - [MESSAGE][PASSED] - Object: 'Object Repository/Final Object Repo/Login Page/Internal User/Next Button' is clicked on

2018-12-07 02:48:00 - [TEST_STEP][PASSED] - delay: Delayed 1 second(s)

2018-12-07 02:48:01 - [MESSAGE][PASSED] - Delayed 1 second(s)

2018-12-07 02:48:01 - [TEST_STEP][PASSED] - setEncryptedText: Text ****** has been set on object 'Object Repository/Final Object Repo/Login Page/Internal User/Password'

2018-12-07 02:48:01 - [MESSAGE][PASSED] - Text ****** has been set on object 'Object Repository/Final Object Repo/Login Page/Internal User/Password'

2018-12-07 02:48:01 - [TEST_STEP][PASSED] - click: Object: 'Object Repository/Final Object Repo/Login Page/Internal User/Login Button' is clicked on

2018-12-07 02:48:02 - [MESSAGE][PASSED] - Object: 'Object Repository/Final Object Repo/Login Page/Internal User/Login Button' is clicked on

2018-12-07 02:48:02 - [TEST_STEP][PASSED] - delay: Delayed 2 second(s)

2018-12-07 02:48:04 - [MESSAGE][PASSED] - Delayed 2 second(s)

2018-12-07 02:48:04 - [TEST_STEP][PASSED] - Statement - Try: Delayed 2 second(s)

2018-12-07 02:48:04 - [TEST_STEP][PASSED] - Statement - Checker = false: null

2018-12-07 02:48:04 - [TEST_STEP][PASSED] - Statement - Checker = com.kms.katalon.core.webui.keyword.WebUiBuiltInKeywords.verifyElementHasAttribute(com.kms.katalon.core.testobject.ObjectRepository.findTestObject(Final Object Repo/Landing Page/BM Detecting), "href", 20, OPTIONAL): Object 'Object Repository/Final Object Repo/Landing Page/BM Detecting' has attribute 'href'

2018-12-07 02:48:04 - [MESSAGE][PASSED] - Object 'Object Repository/Final Object Repo/Landing Page/BM Detecting' has attribute 'href'

2018-12-07 02:48:04 - [TEST_STEP][PASSED] - Statement - out.println(Checker): null

2018-12-07 02:48:04 - [TEST_STEP][PASSED] - Statement - If (Checker == false): null

2018-12-07 02:48:04 - [TEST_STEP][PASSED] - Statement - Else: null

2018-12-07 02:48:04 - [TEST_STEP][PASSED] - delay: Delayed 2 second(s)

2018-12-07 02:48:06 - [MESSAGE][PASSED] - Delayed 2 second(s)

2018-12-07 02:48:06 - [TEST_STEP][PASSED] - click: Object: 'Object Repository/Final Object Repo/Page_MyASSIST - ASSIST - Search Pending Case For Add Supporting Document/Search Information' is clicked on

2018-12-07 02:48:06 - [MESSAGE][PASSED] - Object: 'Object Repository/Final Object Repo/Page_MyASSIST - ASSIST - Search Pending Case For Add Supporting Document/Search Information' is clicked on

2018-12-07 02:48:06 - [TEST_STEP][PASSED] - delay: Delayed 3 second(s)

2018-12-07 02:48:09 - [MESSAGE][PASSED] - Delayed 3 second(s)

2018-12-07 02:48:09 - [TEST_STEP][PASSED] - sendKeys: Keys 'CUN122018C100005868' sent to object: 'Object Repository/Final Object Repo/Page_MyASSIST - ASSIST - Search Pending Case For Add Supporting Document/Reference No'

2018-12-07 02:48:09 - [MESSAGE][PASSED] - Keys 'CUN122018C100005868' sent to object: 'Object Repository/Final Object Repo/Page_MyASSIST - ASSIST - Search Pending Case For Add Supporting Document/Reference No'

2018-12-07 02:48:09 - [TEST_STEP][PASSED] - click: Object: 'Object Repository/Final Object Repo/Page_MyASSIST - ASSIST - Search Pending Case For Add Supporting Document/Search Reference No' is clicked on

2018-12-07 02:48:09 - [MESSAGE][PASSED] - Object: 'Object Repository/Final Object Repo/Page_MyASSIST - ASSIST - Search Pending Case For Add Supporting Document/Search Reference No' is clicked on

2018-12-07 02:48:09 - [TEST_STEP][PASSED] - delay: Delayed 2 second(s)

2018-12-07 02:48:11 - [MESSAGE][PASSED] - Delayed 2 second(s)

2018-12-07 02:48:11 - [TEST_STEP][PASSED] - click: Object: 'Object Repository/Final Object Repo/Page_MyASSIST - ASSIST - Search Pending Case For Add Supporting Document/Continue' is clicked on

2018-12-07 02:48:15 - [MESSAGE][PASSED] - Object: 'Object Repository/Final Object Repo/Page_MyASSIST - ASSIST - Search Pending Case For Add Supporting Document/Continue' is clicked on

2018-12-07 02:48:15 - [TEST_STEP][PASSED] - delay: Delayed 20 second(s)

2018-12-07 02:48:35 - [MESSAGE][PASSED] - Delayed 20 second(s)

2018-12-07 02:48:35 - [MESSAGE][PASSED] - Call Test Case 'Test Cases/Final Aug 2018 - PKS Automation/Registration Module/Workflow/Login and Search Case For Workflow' successfully

2018-12-07 02:48:35 - [TEST_STEP][PASSED] - click: Object: 'Object Repository/Final Object Repo/Page_Update Employee Information By Employee/Page_Update Employee Information By Employee (Approve)/Continue' is clicked on

2018-12-07 02:48:38 - [MESSAGE][PASSED] - Object: 'Object Repository/Final Object Repo/Page_Update Employee Information By Employee/Page_Update Employee Information By Employee (Approve)/Continue' is clicked on

2018-12-07 02:48:38 - [TEST_STEP][PASSED] - delay: Delayed 2 second(s)

2018-12-07 02:48:40 - [MESSAGE][PASSED] - Delayed 2 second(s)

2018-12-07 02:48:40 - [TEST_STEP][PASSED] - click: Object: 'Object Repository/Final Object Repo/Page_Update Employee Information By Employer/Page_Update Employee Information by Employer (Approve)/Save  Continue in Update Employee Information Page' is clicked on

2018-12-07 02:48:41 - [MESSAGE][PASSED] - Object: 'Object Repository/Final Object Repo/Page_Update Employee Information By Employer/Page_Update Employee Information by Employer (Approve)/Save  Continue in Update Employee Information Page' is clicked on

2018-12-07 02:48:41 - [TEST_STEP][PASSED] - delay: Delayed 2 second(s)

2018-12-07 02:48:43 - [MESSAGE][PASSED] - Delayed 2 second(s)

2018-12-07 02:48:43 - [TEST_STEP][PASSED] - setText: Text 'remark' is set on object 'Object Repository/Final Object Repo/Page_Update Employee Information By Employee/Page_Update Employee Information By Employee (Query)/Query - remark'

2018-12-07 02:48:44 - [MESSAGE][PASSED] - Text 'remark' is set on object 'Object Repository/Final Object Repo/Page_Update Employee Information By Employee/Page_Update Employee Information By Employee (Query)/Query - remark'

2018-12-07 02:48:44 - [TEST_STEP][PASSED] - click: Object: 'Object Repository/Final Object Repo/Page_Update Employee Information By Employer/Page_Update Employee Information by Employer (Approve)/Save  Continue in Upload Supporting Doucument Page' is clicked on

2018-12-07 02:48:44 - [MESSAGE][PASSED] - Object: 'Object Repository/Final Object Repo/Page_Update Employee Information By Employer/Page_Update Employee Information by Employer (Approve)/Save  Continue in Upload Supporting Doucument Page' is clicked on

2018-12-07 02:48:44 - [TEST_STEP][PASSED] - delay: Delayed 2 second(s)

2018-12-07 02:48:46 - [MESSAGE][PASSED] - Delayed 2 second(s)

2018-12-07 02:48:46 - [TEST_STEP][PASSED] - click: Object: 'Object Repository/Final Object Repo/Page_Update Employee Information By Employee/Page_Update Employee Information By Employee (Query)/Query' is clicked on

2018-12-07 02:48:48 - [MESSAGE][PASSED] - Object: 'Object Repository/Final Object Repo/Page_Update Employee Information By Employee/Page_Update Employee Information By Employee (Query)/Query' is clicked on

2018-12-07 02:48:48 - [TEST_STEP][PASSED] - delay: Delayed 2 second(s)

2018-12-07 02:48:50 - [MESSAGE][PASSED] - Delayed 2 second(s)

2018-12-07 02:48:50 - [TEST_STEP][PASSED] - click: Object: 'Object Repository/Final Object Repo/Page_Update Employee Information By Employee/Page_Update Employee Information By Employee (Query)/Confirm' is clicked on

2018-12-07 02:48:50 - [MESSAGE][PASSED] - Object: 'Object Repository/Final Object Repo/Page_Update Employee Information By Employee/Page_Update Employee Information By Employee (Query)/Confirm' is clicked on

2018-12-07 02:48:50 - [TEST_STEP][PASSED] - delay: Delayed 2 second(s)

2018-12-07 02:48:52 - [MESSAGE][PASSED] - Delayed 2 second(s)

2018-12-07 02:48:52 - [TEST_STEP][PASSED] - click: Object: 'Object Repository/Final Object Repo/Page_Update Employee Information By Employee/Page_Update Employee Information By Employee (Query)/Message The Case Is Under Query' is clicked on

2018-12-07 02:48:55 - [MESSAGE][PASSED] - Object: 'Object Repository/Final Object Repo/Page_Update Employee Information By Employee/Page_Update Employee Information By Employee (Query)/Message The Case Is Under Query' is clicked on

2018-12-07 02:48:55 - [TEST_STEP][PASSED] - click: Object: 'Object Repository/Final Object Repo/Page_Update Employee Information By Employee/Page_Update Employee Information By Employee (Query)/Letter of inquiry' is clicked on

2018-12-07 02:48:56 - [MESSAGE][PASSED] - Object: 'Object Repository/Final Object Repo/Page_Update Employee Information By Employee/Page_Update Employee Information By Employee (Query)/Letter of inquiry' is clicked on

2018-12-07 02:48:56 - [TEST_STEP][PASSED] - delay: Delayed 1 second(s)

2018-12-07 02:48:57 - [MESSAGE][PASSED] - Delayed 1 second(s)

2018-12-07 02:48:57 - [TEST_STEP][PASSED] - navigateToUrl: Navigate to 'https://assist2-uat.perkeso.gov.my/c/portal/logout' successfully

2018-12-07 02:48:58 - [MESSAGE][PASSED] - Navigate to 'https://assist2-uat.perkeso.gov.my/c/portal/logout' successfully

2018-12-07 02:48:58 - [TEST_STEP][PASSED] - delay: Delayed 1 second(s)

2018-12-07 02:48:59 - [MESSAGE][PASSED] - Delayed 1 second(s)

2018-12-07 02:48:59 - [TEST_STEP][PASSED] - callTestCase: Call Test Case 'Test Cases/Final Aug 2018 - PKS Automation/Registration Module/Workflow/Search Pending Case For Add Supporting Document (OTC)' successfully

2018-12-07 02:48:59 - [TEST_CASE][PASSED] - Test Cases/Final Aug 2018 - PKS Automation/Registration Module/Workflow/Search Pending Case For Add Supporting Document (OTC): Test Cases/Final Aug 2018 - PKS Automation/Registration Module/Workflow/Search Pending Case For Add Supporting Document (OTC)

2018-12-07 02:48:59 - [TEST_STEP][PASSED] - openBrowser: Browser is opened with url: ''

2018-12-07 02:48:59 - [MESSAGE][WARNING] - A browser is already opened. Closing browser and opening a new one

2018-12-07 02:49:03 - [MESSAGE][PASSED] - Browser is opened with url: ''

2018-12-07 02:49:03 - [TEST_STEP][PASSED] - navigateToUrl: Navigate to 'https://assist2-uat.perkeso.gov.my/login' successfully

2018-12-07 02:49:04 - [MESSAGE][PASSED] - Navigate to 'https://assist2-uat.perkeso.gov.my/login' successfully

2018-12-07 02:49:04 - [TEST_STEP][PASSED] - setText: Text 'johorotc1@gmail.com' is set on object 'Object Repository/Final Object Repo/Login Page/Internal User/Email Address'

2018-12-07 02:49:04 - [MESSAGE][PASSED] - Text 'johorotc1@gmail.com' is set on object 'Object Repository/Final Object Repo/Login Page/Internal User/Email Address'

2018-12-07 02:49:04 - [TEST_STEP][PASSED] - click: Object: 'Object Repository/Final Object Repo/Login Page/Internal User/Next Button' is clicked on

2018-12-07 02:49:05 - [MESSAGE][PASSED] - Object: 'Object Repository/Final Object Repo/Login Page/Internal User/Next Button' is clicked on

2018-12-07 02:49:05 - [TEST_STEP][PASSED] - delay: Delayed 1 second(s)

2018-12-07 02:49:06 - [MESSAGE][PASSED] - Delayed 1 second(s)

2018-12-07 02:49:06 - [TEST_STEP][PASSED] - setEncryptedText: Text ****** has been set on object 'Object Repository/Final Object Repo/Login Page/Internal User/Password'

2018-12-07 02:49:06 - [MESSAGE][PASSED] - Text ****** has been set on object 'Object Repository/Final Object Repo/Login Page/Internal User/Password'

2018-12-07 02:49:06 - [TEST_STEP][PASSED] - click: Object: 'Object Repository/Final Object Repo/Login Page/Internal User/Login Button' is clicked on

2018-12-07 02:49:06 - [MESSAGE][PASSED] - Object: 'Object Repository/Final Object Repo/Login Page/Internal User/Login Button' is clicked on

2018-12-07 02:49:06 - [TEST_STEP][PASSED] - delay: Delayed 1 second(s)

2018-12-07 02:49:07 - [MESSAGE][PASSED] - Delayed 1 second(s)

2018-12-07 02:49:07 - [TEST_STEP][PASSED] - Statement - Try: Delayed 2 second(s)

2018-12-07 02:49:07 - [TEST_STEP][PASSED] - Statement - Checker = false: null

2018-12-07 02:49:07 - [TEST_STEP][PASSED] - Statement - Checker = com.kms.katalon.core.webui.keyword.WebUiBuiltInKeywords.verifyElementHasAttribute(com.kms.katalon.core.testobject.ObjectRepository.findTestObject(Final Object Repo/Landing Page/BM Detecting), "href", 20, OPTIONAL): Object 'Object Repository/Final Object Repo/Landing Page/BM Detecting' has attribute 'href'

2018-12-07 02:49:08 - [MESSAGE][PASSED] - Object 'Object Repository/Final Object Repo/Landing Page/BM Detecting' has attribute 'href'

2018-12-07 02:49:08 - [TEST_STEP][PASSED] - Statement - out.println(Checker): null

2018-12-07 02:49:08 - [TEST_STEP][PASSED] - Statement - If (Checker == false): null

2018-12-07 02:49:08 - [TEST_STEP][PASSED] - Statement - Else: null

2018-12-07 02:49:08 - [TEST_STEP][PASSED] - delay: Delayed 2 second(s)

2018-12-07 02:49:10 - [MESSAGE][PASSED] - Delayed 2 second(s)

2018-12-07 02:49:10 - [TEST_STEP][PASSED] - navigateToUrl: Navigate to 'https://assist2-uat.perkeso.gov.my/web/registration/search/search-pending-case-for-add-supporting-document' successfully

2018-12-07 02:49:11 - [MESSAGE][PASSED] - Navigate to 'https://assist2-uat.perkeso.gov.my/web/registration/search/search-pending-case-for-add-supporting-document' successfully

2018-12-07 02:49:11 - [TEST_STEP][PASSED] - click: Object: 'Object Repository/Final Object Repo/Page_Search Pending Case For Add Suporting Document/Search By' is clicked on

2018-12-07 02:49:11 - [MESSAGE][PASSED] - Object: 'Object Repository/Final Object Repo/Page_Search Pending Case For Add Suporting Document/Search By' is clicked on

2018-12-07 02:49:11 - [TEST_STEP][PASSED] - click: Object: 'Object Repository/Final Object Repo/Page_Search Pending Case For Add Suporting Document/Search By - Reference ID' is clicked on

2018-12-07 02:49:11 - [MESSAGE][PASSED] - Object: 'Object Repository/Final Object Repo/Page_Search Pending Case For Add Suporting Document/Search By - Reference ID' is clicked on

2018-12-07 02:49:11 - [TEST_STEP][PASSED] - delay: Delayed 2 second(s)

2018-12-07 02:49:13 - [MESSAGE][PASSED] - Delayed 2 second(s)

2018-12-07 02:49:13 - [TEST_STEP][PASSED] - setText: Text 'CUN122018C100005868' is set on object 'Object Repository/Final Object Repo/Page_Search Pending Case For Add Suporting Document/Reference ID'

2018-12-07 02:49:13 - [MESSAGE][PASSED] - Text 'CUN122018C100005868' is set on object 'Object Repository/Final Object Repo/Page_Search Pending Case For Add Suporting Document/Reference ID'

2018-12-07 02:49:13 - [TEST_STEP][PASSED] - click: Object: 'Object Repository/Final Object Repo/Page_Search Pending Case For Add Suporting Document/Search' is clicked on

2018-12-07 02:49:14 - [MESSAGE][PASSED] - Object: 'Object Repository/Final Object Repo/Page_Search Pending Case For Add Suporting Document/Search' is clicked on

2018-12-07 02:49:14 - [TEST_STEP][PASSED] - delay: Delayed 2 second(s)

2018-12-07 02:49:16 - [MESSAGE][PASSED] - Delayed 2 second(s)

2018-12-07 02:49:16 - [TEST_STEP][PASSED] - click: Object: 'Object Repository/Final Object Repo/Page_Search Pending Case For Add Suporting Document/Edit' is clicked on

2018-12-07 02:49:18 - [MESSAGE][PASSED] - Object: 'Object Repository/Final Object Repo/Page_Search Pending Case For Add Suporting Document/Edit' is clicked on

2018-12-07 02:49:18 - [MESSAGE][PASSED] - Call Test Case 'Test Cases/Final Aug 2018 - PKS Automation/Registration Module/Workflow/Search Pending Case For Add Supporting Document (OTC)' successfully

2018-12-07 02:49:18 - [TEST_STEP][PASSED] - click: Object: 'Object Repository/Final Object Repo/Page_Update Employee Information By Employee/Page_Update Employee Information by Employee (Query -OTC -UO)/Next' is clicked on

2018-12-07 02:49:22 - [MESSAGE][PASSED] - Object: 'Object Repository/Final Object Repo/Page_Update Employee Information By Employee/Page_Update Employee Information by Employee (Query -OTC -UO)/Next' is clicked on

2018-12-07 02:49:22 - [TEST_STEP][PASSED] - delay: Delayed 2 second(s)

2018-12-07 02:49:24 - [MESSAGE][PASSED] - Delayed 2 second(s)

2018-12-07 02:49:24 - [TEST_STEP][PASSED] - click: Object: 'Object Repository/Final Object Repo/Page_Update Employee Information By Employee/Page_Update Employee Information by Employee (Query -OTC -UO)/Add Document' is clicked on

2018-12-07 02:49:24 - [MESSAGE][PASSED] - Object: 'Object Repository/Final Object Repo/Page_Update Employee Information By Employee/Page_Update Employee Information by Employee (Query -OTC -UO)/Add Document' is clicked on

2018-12-07 02:49:24 - [TEST_STEP][PASSED] - delay: Delayed 2 second(s)

2018-12-07 02:49:26 - [MESSAGE][PASSED] - Delayed 2 second(s)

2018-12-07 02:49:26 - [TEST_STEP][PASSED] - click: Object: 'Object Repository/Final Object Repo/Page_Update Employee Information By Employee/Page_Update Employee Information by Employee (Query -OTC -UO)/Document Type' is clicked on

2018-12-07 02:49:27 - [MESSAGE][PASSED] - Object: 'Object Repository/Final Object Repo/Page_Update Employee Information By Employee/Page_Update Employee Information by Employee (Query -OTC -UO)/Document Type' is clicked on

2018-12-07 02:49:27 - [TEST_STEP][PASSED] - delay: Delayed 2 second(s)

2018-12-07 02:49:29 - [MESSAGE][PASSED] - Delayed 2 second(s)

2018-12-07 02:49:29 - [TEST_STEP][PASSED] - click: Object: 'Object Repository/Final Object Repo/Page_Update Employee Information By Employee/Page_Update Employee Information by Employee (Query -OTC -UO)/Document Type - Other' is clicked on

2018-12-07 02:49:29 - [MESSAGE][PASSED] - Object: 'Object Repository/Final Object Repo/Page_Update Employee Information By Employee/Page_Update Employee Information by Employee (Query -OTC -UO)/Document Type - Other' is clicked on

2018-12-07 02:49:29 - [TEST_STEP][PASSED] - delay: Delayed 2 second(s)

2018-12-07 02:49:31 - [MESSAGE][PASSED] - Delayed 2 second(s)

2018-12-07 02:49:31 - [TEST_STEP][PASSED] - sendKeys: Keys 'C:\Users\Public\Pictures\Sample Pictures\Koala.jpg' sent to object: 'Object Repository/Final Object Repo/Page_Update Employee Information By Employee/Page_Update Employee Information by Employee (Query -OTC -UO)/Uploading File'

2018-12-07 02:49:31 - [MESSAGE][PASSED] - Keys 'C:\Users\Public\Pictures\Sample Pictures\Koala.jpg' sent to object: 'Object Repository/Final Object Repo/Page_Update Employee Information By Employee/Page_Update Employee Information by Employee (Query -OTC -UO)/Uploading File'

2018-12-07 02:49:31 - [TEST_STEP][PASSED] - delay: Delayed 2 second(s)

2018-12-07 02:49:33 - [MESSAGE][PASSED] - Delayed 2 second(s)

2018-12-07 02:49:33 - [TEST_STEP][PASSED] - click: Object: 'Object Repository/Final Object Repo/Page_Update Employee Information By Employee/Page_Update Employee Information by Employee (Query -OTC -UO)/Add Document in Uploading Page' is clicked on

2018-12-07 02:49:33 - [MESSAGE][PASSED] - Object: 'Object Repository/Final Object Repo/Page_Update Employee Information By Employee/Page_Update Employee Information by Employee (Query -OTC -UO)/Add Document in Uploading Page' is clicked on

2018-12-07 02:49:33 - [TEST_STEP][PASSED] - delay: Delayed 2 second(s)

2018-12-07 02:49:35 - [MESSAGE][PASSED] - Delayed 2 second(s)

2018-12-07 02:49:35 - [TEST_STEP][PASSED] - click: Object: 'Object Repository/Final Object Repo/Page_Update Employee Information By Employee/Page_Update Employee Information by Employee (Query -OTC -UO)/Exit' is clicked on

2018-12-07 02:49:48 - [MESSAGE][PASSED] - Object: 'Object Repository/Final Object Repo/Page_Update Employee Information By Employee/Page_Update Employee Information by Employee (Query -OTC -UO)/Exit' is clicked on

2018-12-07 02:49:48 - [TEST_STEP][PASSED] - delay: Delayed 1 second(s)

2018-12-07 02:49:49 - [MESSAGE][PASSED] - Delayed 1 second(s)

2018-12-07 02:49:49 - [TEST_STEP][PASSED] - navigateToUrl: Navigate to 'https://assist2-uat.perkeso.gov.my/c/portal/logout' successfully

2018-12-07 02:49:50 - [MESSAGE][PASSED] - Navigate to 'https://assist2-uat.perkeso.gov.my/c/portal/logout' successfully

2018-12-07 02:49:50 - [TEST_STEP][PASSED] - delay: Delayed 1 second(s)

2018-12-07 02:49:51 - [MESSAGE][PASSED] - Delayed 1 second(s)

2018-12-07 02:49:51 - [TEST_STEP][PASSED] - callTestCase: Call Test Case 'Test Cases/Final Aug 2018 - PKS Automation/Registration Module/Workflow/Login and Search Case For Workflow' successfully

2018-12-07 02:49:51 - [TEST_CASE][PASSED] - Test Cases/Final Aug 2018 - PKS Automation/Registration Module/Workflow/Login and Search Case For Workflow: Test Cases/Final Aug 2018 - PKS Automation/Registration Module/Workflow/Login and Search Case For Workflow

2018-12-07 02:49:51 - [TEST_STEP][PASSED] - navigateToUrl: Navigate to 'https://assist2-uat.perkeso.gov.my/login' successfully

2018-12-07 02:49:52 - [MESSAGE][PASSED] - Navigate to 'https://assist2-uat.perkeso.gov.my/login' successfully

2018-12-07 02:49:52 - [TEST_STEP][PASSED] - setText: Text 'johoruo3@gmail.com' is set on object 'Object Repository/Final Object Repo/Login Page/Internal User/Email Address'

2018-12-07 02:49:52 - [MESSAGE][PASSED] - Text 'johoruo3@gmail.com' is set on object 'Object Repository/Final Object Repo/Login Page/Internal User/Email Address'

2018-12-07 02:49:52 - [TEST_STEP][PASSED] - click: Object: 'Object Repository/Final Object Repo/Login Page/Internal User/Next Button' is clicked on

2018-12-07 02:49:52 - [MESSAGE][PASSED] - Object: 'Object Repository/Final Object Repo/Login Page/Internal User/Next Button' is clicked on

2018-12-07 02:49:52 - [TEST_STEP][PASSED] - delay: Delayed 1 second(s)

2018-12-07 02:49:53 - [MESSAGE][PASSED] - Delayed 1 second(s)

2018-12-07 02:49:53 - [TEST_STEP][PASSED] - setEncryptedText: Text ****** has been set on object 'Object Repository/Final Object Repo/Login Page/Internal User/Password'

2018-12-07 02:49:53 - [MESSAGE][PASSED] - Text ****** has been set on object 'Object Repository/Final Object Repo/Login Page/Internal User/Password'

2018-12-07 02:49:53 - [TEST_STEP][PASSED] - click: Object: 'Object Repository/Final Object Repo/Login Page/Internal User/Login Button' is clicked on

2018-12-07 02:49:53 - [MESSAGE][PASSED] - Object: 'Object Repository/Final Object Repo/Login Page/Internal User/Login Button' is clicked on

2018-12-07 02:49:53 - [TEST_STEP][PASSED] - delay: Delayed 2 second(s)

2018-12-07 02:49:55 - [MESSAGE][PASSED] - Delayed 2 second(s)

2018-12-07 02:49:55 - [TEST_STEP][PASSED] - Statement - Try: Delayed 2 second(s)

2018-12-07 02:49:55 - [TEST_STEP][PASSED] - Statement - Checker = false: null

2018-12-07 02:49:55 - [TEST_STEP][PASSED] - Statement - Checker = com.kms.katalon.core.webui.keyword.WebUiBuiltInKeywords.verifyElementHasAttribute(com.kms.katalon.core.testobject.ObjectRepository.findTestObject(Final Object Repo/Landing Page/BM Detecting), "href", 20, OPTIONAL): Object 'Object Repository/Final Object Repo/Landing Page/BM Detecting' has attribute 'href'

2018-12-07 02:49:56 - [MESSAGE][PASSED] - Object 'Object Repository/Final Object Repo/Landing Page/BM Detecting' has attribute 'href'

2018-12-07 02:49:56 - [TEST_STEP][PASSED] - Statement - out.println(Checker): null

2018-12-07 02:49:56 - [TEST_STEP][PASSED] - Statement - If (Checker == false): null

2018-12-07 02:49:56 - [TEST_STEP][PASSED] - Statement - Else: null

2018-12-07 02:49:56 - [TEST_STEP][PASSED] - delay: Delayed 2 second(s)

2018-12-07 02:49:58 - [MESSAGE][PASSED] - Delayed 2 second(s)

2018-12-07 02:49:58 - [TEST_STEP][PASSED] - click: Object: 'Object Repository/Final Object Repo/Page_MyASSIST - ASSIST - Search Pending Case For Add Supporting Document/Search Information' is clicked on

2018-12-07 02:49:58 - [MESSAGE][PASSED] - Object: 'Object Repository/Final Object Repo/Page_MyASSIST - ASSIST - Search Pending Case For Add Supporting Document/Search Information' is clicked on

2018-12-07 02:49:58 - [TEST_STEP][PASSED] - delay: Delayed 3 second(s)

2018-12-07 02:50:01 - [MESSAGE][PASSED] - Delayed 3 second(s)

2018-12-07 02:50:01 - [TEST_STEP][PASSED] - sendKeys: Keys 'CUN122018C100005868' sent to object: 'Object Repository/Final Object Repo/Page_MyASSIST - ASSIST - Search Pending Case For Add Supporting Document/Reference No'

2018-12-07 02:50:01 - [MESSAGE][PASSED] - Keys 'CUN122018C100005868' sent to object: 'Object Repository/Final Object Repo/Page_MyASSIST - ASSIST - Search Pending Case For Add Supporting Document/Reference No'

2018-12-07 02:50:01 - [TEST_STEP][PASSED] - click: Object: 'Object Repository/Final Object Repo/Page_MyASSIST - ASSIST - Search Pending Case For Add Supporting Document/Search Reference No' is clicked on

2018-12-07 02:50:01 - [MESSAGE][PASSED] - Object: 'Object Repository/Final Object Repo/Page_MyASSIST - ASSIST - Search Pending Case For Add Supporting Document/Search Reference No' is clicked on

2018-12-07 02:50:01 - [TEST_STEP][PASSED] - delay: Delayed 2 second(s)

2018-12-07 02:50:03 - [MESSAGE][PASSED] - Delayed 2 second(s)

2018-12-07 02:50:03 - [TEST_STEP][PASSED] - click: Object: 'Object Repository/Final Object Repo/Page_MyASSIST - ASSIST - Search Pending Case For Add Supporting Document/Continue' is clicked on

2018-12-07 02:50:07 - [MESSAGE][PASSED] - Object: 'Object Repository/Final Object Repo/Page_MyASSIST - ASSIST - Search Pending Case For Add Supporting Document/Continue' is clicked on

2018-12-07 02:50:07 - [TEST_STEP][PASSED] - delay: Delayed 20 second(s)

2018-12-07 02:50:27 - [MESSAGE][PASSED] - Delayed 20 second(s)

2018-12-07 02:50:27 - [MESSAGE][PASSED] - Call Test Case 'Test Cases/Final Aug 2018 - PKS Automation/Registration Module/Workflow/Login and Search Case For Workflow' successfully

2018-12-07 02:50:27 - [TEST_STEP][PASSED] - click: Object: 'Object Repository/Final Object Repo/Page_Update Employee Information By Employer/Page_Update Employee Information by Employer (Approve)/Continue' is clicked on

2018-12-07 02:50:30 - [MESSAGE][PASSED] - Object: 'Object Repository/Final Object Repo/Page_Update Employee Information By Employer/Page_Update Employee Information by Employer (Approve)/Continue' is clicked on

2018-12-07 02:50:30 - [TEST_STEP][PASSED] - delay: Delayed 2 second(s)

2018-12-07 02:50:32 - [MESSAGE][PASSED] - Delayed 2 second(s)

2018-12-07 02:50:32 - [TEST_STEP][PASSED] - click: Object: 'Object Repository/Final Object Repo/Page_Update Employee Information By Employer/Page_Update Employee Information by Employer (Approve)/Save  Continue in Update Employee Information Page' is clicked on

2018-12-07 02:50:32 - [MESSAGE][PASSED] - Object: 'Object Repository/Final Object Repo/Page_Update Employee Information By Employer/Page_Update Employee Information by Employer (Approve)/Save  Continue in Update Employee Information Page' is clicked on

2018-12-07 02:50:32 - [TEST_STEP][PASSED] - delay: Delayed 2 second(s)

2018-12-07 02:50:34 - [MESSAGE][PASSED] - Delayed 2 second(s)

2018-12-07 02:50:34 - [TEST_STEP][PASSED] - click: Object: 'Object Repository/Final Object Repo/Page_Update Employee Information By Employer/Page_Update Employee Information by Employer (Approve)/Save  Continue in Upload Supporting Doucument Page' is clicked on

2018-12-07 02:50:35 - [MESSAGE][PASSED] - Object: 'Object Repository/Final Object Repo/Page_Update Employee Information By Employer/Page_Update Employee Information by Employer (Approve)/Save  Continue in Upload Supporting Doucument Page' is clicked on

2018-12-07 02:50:35 - [TEST_STEP][PASSED] - delay: Delayed 2 second(s)

2018-12-07 02:50:37 - [MESSAGE][PASSED] - Delayed 2 second(s)

2018-12-07 02:50:37 - [TEST_STEP][PASSED] - click: Object: 'Object Repository/Final Object Repo/Page_Update Employee Information By Employer/Page_Update Employee Information by Employer (Approve)/Approve' is clicked on

2018-12-07 02:50:39 - [MESSAGE][PASSED] - Object: 'Object Repository/Final Object Repo/Page_Update Employee Information By Employer/Page_Update Employee Information by Employer (Approve)/Approve' is clicked on

2018-12-07 02:50:39 - [TEST_STEP][PASSED] - delay: Delayed 2 second(s)

2018-12-07 02:50:41 - [MESSAGE][PASSED] - Delayed 2 second(s)

2018-12-07 02:50:41 - [TEST_STEP][PASSED] - click: Object: 'Object Repository/Final Object Repo/Page_Update Employee Information By Employer/Page_Update Employee Information by Employer (Approve)/Confirm' is clicked on

2018-12-07 02:50:41 - [MESSAGE][PASSED] - Object: 'Object Repository/Final Object Repo/Page_Update Employee Information By Employer/Page_Update Employee Information by Employer (Approve)/Confirm' is clicked on

2018-12-07 02:50:41 - [TEST_STEP][PASSED] - delay: Delayed 2 second(s)

2018-12-07 02:50:43 - [MESSAGE][PASSED] - Delayed 2 second(s)

2018-12-07 02:50:43 - [TEST_STEP][PASSED] - click: Object: 'Object Repository/Final Object Repo/Page_Update Employee Information By Employee/Page_Update Employee Information By Employee (Approve)/Message Your Request    Update Emp' is clicked on

2018-12-07 02:50:47 - [MESSAGE][PASSED] - Object: 'Object Repository/Final Object Repo/Page_Update Employee Information By Employee/Page_Update Employee Information By Employee (Approve)/Message Your Request    Update Emp' is clicked on

2018-12-07 02:50:47 - [TEST_STEP][PASSED] - click: Object: 'Object Repository/Final Object Repo/Page_Update Employee Information By Employee/Page_Update Employee Information By Employee (Approve)/Letter of successful update' is clicked on

2018-12-07 02:50:47 - [MESSAGE][PASSED] - Object: 'Object Repository/Final Object Repo/Page_Update Employee Information By Employee/Page_Update Employee Information By Employee (Approve)/Letter of successful update' is clicked on

2018-12-07 02:50:47 - [MESSAGE][PASSED] - Call Test Case 'Test Cases/Final Aug 2018 - PKS Automation/Registration Module/Workflow/Update Employee Information (Employee)/Template/Update Employee Information - Special Case - UO (Query)' successfully]]></system-out>
         <system-err><![CDATA[]]></system-err>
      </testcase>
      <testcase name="Test Cases/Final Aug 2018 - PKS Automation/Registration Module/Workflow/Update Employee Information (Employee)/OTC to UO (Reject)" classname="Test Cases/Final Aug 2018 - PKS Automation/Registration Module/Workflow/Update Employee Information (Employee)/OTC to UO (Reject)" status="PASSED">
         <system-out><![CDATA[2018-12-07 02:50:47 - [TEST_CASE][PASSED] - Test Cases/Final Aug 2018 - PKS Automation/Registration Module/Workflow/Update Employee Information (Employee)/OTC to UO (Reject): Test Cases/Final Aug 2018 - PKS Automation/Registration Module/Workflow/Update Employee Information (Employee)/OTC to UO (Reject)

2018-12-07 02:50:49 - [TEST_STEP][PASSED] - callTestCase: Call Test Case 'Test Cases/Final Aug 2018 - PKS Automation/Registration Module/Workflow/Update Employee Information (Employee)/Template/Update Employee Information - Special Case (OTC)' successfully

2018-12-07 02:50:49 - [TEST_CASE][PASSED] - Test Cases/Final Aug 2018 - PKS Automation/Registration Module/Workflow/Update Employee Information (Employee)/Template/Update Employee Information - Special Case (OTC): Test Cases/Final Aug 2018 - PKS Automation/Registration Module/Workflow/Update Employee Information (Employee)/Template/Update Employee Information - Special Case (OTC)

2018-12-07 02:50:49 - [TEST_STEP][PASSED] - openBrowser: Browser is opened with url: ''

2018-12-07 02:50:49 - [MESSAGE][WARNING] - A browser is already opened. Closing browser and opening a new one

2018-12-07 02:50:53 - [MESSAGE][PASSED] - Browser is opened with url: ''

2018-12-07 02:50:53 - [TEST_STEP][PASSED] - navigateToUrl: Navigate to 'https://assist2-uat.perkeso.gov.my/login' successfully

2018-12-07 02:50:54 - [MESSAGE][PASSED] - Navigate to 'https://assist2-uat.perkeso.gov.my/login' successfully

2018-12-07 02:50:54 - [TEST_STEP][PASSED] - setText: Text 'johorotc1@gmail.com' is set on object 'Object Repository/Final Object Repo/Login Page/Internal User/Email Address'

2018-12-07 02:50:54 - [MESSAGE][PASSED] - Text 'johorotc1@gmail.com' is set on object 'Object Repository/Final Object Repo/Login Page/Internal User/Email Address'

2018-12-07 02:50:54 - [TEST_STEP][PASSED] - click: Object: 'Object Repository/Final Object Repo/Login Page/Internal User/Next Button' is clicked on

2018-12-07 02:50:54 - [MESSAGE][PASSED] - Object: 'Object Repository/Final Object Repo/Login Page/Internal User/Next Button' is clicked on

2018-12-07 02:50:54 - [TEST_STEP][PASSED] - delay: Delayed 1 second(s)

2018-12-07 02:50:55 - [MESSAGE][PASSED] - Delayed 1 second(s)

2018-12-07 02:50:55 - [TEST_STEP][PASSED] - setEncryptedText: Text ****** has been set on object 'Object Repository/Final Object Repo/Login Page/Internal User/Password'

2018-12-07 02:50:56 - [MESSAGE][PASSED] - Text ****** has been set on object 'Object Repository/Final Object Repo/Login Page/Internal User/Password'

2018-12-07 02:50:56 - [TEST_STEP][PASSED] - click: Object: 'Object Repository/Final Object Repo/Login Page/Internal User/Login Button' is clicked on

2018-12-07 02:50:56 - [MESSAGE][PASSED] - Object: 'Object Repository/Final Object Repo/Login Page/Internal User/Login Button' is clicked on

2018-12-07 02:50:56 - [TEST_STEP][PASSED] - Statement - tester = com.kms.katalon.core.testobject.ObjectRepository.findTestObject(Final Object Repo/Landing Page/Select to English): Finding Test Object with id 'Object Repository/Final Object Repo/Landing Page/Select to English'

2018-12-07 02:50:56 - [TEST_STEP][PASSED] - Statement - Try: Delayed 2 second(s)

2018-12-07 02:50:56 - [TEST_STEP][PASSED] - Statement - Checker = com.kms.katalon.core.webui.keyword.WebUiBuiltInKeywords.verifyElementNotPresent(tester, 3): Web element with id: 'Object Repository/Final Object Repo/Landing Page/Select to English' located by 'By.xpath: //a[@class = 'taglib-language-list-text' and @lang = 'en-US' and (contains(text(), 'EN') or contains(., 'EN'))]' is not present after '3' second(s)

2018-12-07 02:50:58 - [MESSAGE][PASSED] - Web element with id: 'Object Repository/Final Object Repo/Landing Page/Select to English' located by 'By.xpath: //a[@class = 'taglib-language-list-text' and @lang = 'en-US' and (contains(text(), 'EN') or contains(., 'EN'))]' is not present after '3' second(s)

2018-12-07 02:50:58 - [TEST_STEP][PASSED] - Statement - If (Checker == false): null

2018-12-07 02:50:58 - [TEST_STEP][PASSED] - delay: Delayed 2 second(s)

2018-12-07 02:51:00 - [MESSAGE][PASSED] - Delayed 2 second(s)

2018-12-07 02:51:00 - [TEST_STEP][PASSED] - delay: Delayed 5 second(s)

2018-12-07 02:51:05 - [MESSAGE][PASSED] - Delayed 5 second(s)

2018-12-07 02:51:05 - [TEST_STEP][PASSED] - navigateToUrl: Navigate to 'https://assist2-uat.perkeso.gov.my/web/registration/update/update-employee-information-employee-' successfully

2018-12-07 02:51:05 - [MESSAGE][PASSED] - Navigate to 'https://assist2-uat.perkeso.gov.my/web/registration/update/update-employee-information-employee-' successfully

2018-12-07 02:51:05 - [TEST_STEP][PASSED] - click: Object: 'Object Repository/Final Object Repo/Page_Update Employee Information By Employee/Type of Identification' is clicked on

2018-12-07 02:51:06 - [MESSAGE][PASSED] - Object: 'Object Repository/Final Object Repo/Page_Update Employee Information By Employee/Type of Identification' is clicked on

2018-12-07 02:51:06 - [TEST_STEP][PASSED] - click: Object: 'Object Repository/Final Object Repo/Page Update Employee Information By Employee/Type of Identification - Name' is clicked on

2018-12-07 02:51:06 - [MESSAGE][PASSED] - Object: 'Object Repository/Final Object Repo/Page Update Employee Information By Employee/Type of Identification - Name' is clicked on

2018-12-07 02:51:06 - [TEST_STEP][PASSED] - setText: Text 'YUKI JR B' is set on object 'Object Repository/Final Object Repo/Page_Update Employee Information By Employee/New Identification'

2018-12-07 02:51:06 - [MESSAGE][PASSED] - Text 'YUKI JR B' is set on object 'Object Repository/Final Object Repo/Page_Update Employee Information By Employee/New Identification'

2018-12-07 02:51:06 - [TEST_STEP][PASSED] - click: Object: 'Object Repository/Final Object Repo/Page_Update Employee Information By Employee/Search Button' is clicked on

2018-12-07 02:51:06 - [MESSAGE][PASSED] - Object: 'Object Repository/Final Object Repo/Page_Update Employee Information By Employee/Search Button' is clicked on

2018-12-07 02:51:06 - [TEST_STEP][PASSED] - click: Object: 'Object Repository/Final Object Repo/Page_Update Employee Information By Employee/Edit Button' is clicked on

2018-12-07 02:51:10 - [MESSAGE][PASSED] - Object: 'Object Repository/Final Object Repo/Page_Update Employee Information By Employee/Edit Button' is clicked on

2018-12-07 02:51:10 - [TEST_STEP][PASSED] - delay: Delayed 2 second(s)

2018-12-07 02:51:12 - [MESSAGE][PASSED] - Delayed 2 second(s)

2018-12-07 02:51:12 - [TEST_STEP][PASSED] - click: Object: 'Object Repository/Final Object Repo/Page_Update Employee Information By Employee/Employee Information Edit Button' is clicked on

2018-12-07 02:51:12 - [MESSAGE][PASSED] - Object: 'Object Repository/Final Object Repo/Page_Update Employee Information By Employee/Employee Information Edit Button' is clicked on

2018-12-07 02:51:12 - [TEST_STEP][PASSED] - delay: Delayed 2 second(s)

2018-12-07 02:51:14 - [MESSAGE][PASSED] - Delayed 2 second(s)

2018-12-07 02:51:14 - [TEST_STEP][PASSED] - click: Object: 'Object Repository/Final Object Repo/Page_Update Employee Information By Employee/New Identification Number' is clicked on

2018-12-07 02:51:14 - [MESSAGE][PASSED] - Object: 'Object Repository/Final Object Repo/Page_Update Employee Information By Employee/New Identification Number' is clicked on

2018-12-07 02:51:14 - [TEST_STEP][PASSED] - setText: Text '' is set on object 'Object Repository/Final Object Repo/Page_Update Employee Information By Employee/New Identification Number'

2018-12-07 02:51:14 - [MESSAGE][PASSED] - Text '' is set on object 'Object Repository/Final Object Repo/Page_Update Employee Information By Employee/New Identification Number'

2018-12-07 02:51:14 - [TEST_STEP][PASSED] - Statement - rnd = new java.util.Random(): null

2018-12-07 02:51:14 - [TEST_STEP][PASSED] - Statement - snum = rnd.nextInt(899999 + 1) + 100000: null

2018-12-07 02:51:14 - [TEST_STEP][PASSED] - Statement - tnum = rnd.nextInt(899999 + 1) + 100000: null

2018-12-07 02:51:14 - [TEST_STEP][PASSED] - Statement - IC = java.lang.Integer.toString(snum) + java.lang.Integer.toString(tnum): null

2018-12-07 02:51:14 - [TEST_STEP][PASSED] - Statement - out.println(IC): null

2018-12-07 02:51:14 - [TEST_STEP][PASSED] - setText: Text '688365430722' is set on object 'Object Repository/Final Object Repo/Page_Update Employee Information By Employee/New Identification Number'

2018-12-07 02:51:15 - [MESSAGE][PASSED] - Text '688365430722' is set on object 'Object Repository/Final Object Repo/Page_Update Employee Information By Employee/New Identification Number'

2018-12-07 02:51:15 - [TEST_STEP][PASSED] - delay: Delayed 2 second(s)

2018-12-07 02:51:17 - [MESSAGE][PASSED] - Delayed 2 second(s)

2018-12-07 02:51:17 - [TEST_STEP][PASSED] - click: Object: 'Object Repository/Final Object Repo/Page_Update Employee Information By Employee/Save' is clicked on

2018-12-07 02:51:17 - [MESSAGE][PASSED] - Object: 'Object Repository/Final Object Repo/Page_Update Employee Information By Employee/Save' is clicked on

2018-12-07 02:51:17 - [TEST_STEP][PASSED] - delay: Delayed 10 second(s)

2018-12-07 02:51:27 - [MESSAGE][PASSED] - Delayed 10 second(s)

2018-12-07 02:51:27 - [TEST_STEP][PASSED] - click: Object: 'Object Repository/Final Object Repo/Page_Update Employee Information By Employee/Save  Continue in Update Employee Information' is clicked on

2018-12-07 02:51:27 - [MESSAGE][PASSED] - Object: 'Object Repository/Final Object Repo/Page_Update Employee Information By Employee/Save  Continue in Update Employee Information' is clicked on

2018-12-07 02:51:27 - [TEST_STEP][PASSED] - delay: Delayed 2 second(s)

2018-12-07 02:51:29 - [MESSAGE][PASSED] - Delayed 2 second(s)

2018-12-07 02:51:29 - [TEST_STEP][PASSED] - click: Object: 'Object Repository/Final Object Repo/Page_Update Employee Information By Employee/Save  Continue in Uploading Page' is clicked on

2018-12-07 02:51:30 - [MESSAGE][PASSED] - Object: 'Object Repository/Final Object Repo/Page_Update Employee Information By Employee/Save  Continue in Uploading Page' is clicked on

2018-12-07 02:51:30 - [TEST_STEP][PASSED] - delay: Delayed 2 second(s)

2018-12-07 02:51:32 - [MESSAGE][PASSED] - Delayed 2 second(s)

2018-12-07 02:51:32 - [TEST_STEP][PASSED] - Statement - CaseReferenceNo = com.kms.katalon.core.webui.keyword.WebUiBuiltInKeywords.getText(com.kms.katalon.core.testobject.ObjectRepository.findTestObject(Final Object Repo/Page_Update Employer Information/Reference Number in Update Employee Information Page)): Text of object 'Object Repository/Final Object Repo/Page_Update Employer Information/Reference Number in Update Employee Information Page' is: 'CUN122018C100005869'

2018-12-07 02:51:34 - [MESSAGE][PASSED] - Text of object 'Object Repository/Final Object Repo/Page_Update Employer Information/Reference Number in Update Employee Information Page' is: 'CUN122018C100005869'

2018-12-07 02:51:34 - [TEST_STEP][PASSED] - callTestCase: Call Test Case 'Test Cases/Final Aug 2018 - PKS Automation/Common/Reference Number Setter' successfully

2018-12-07 02:51:34 - [TEST_CASE][PASSED] - Test Cases/Final Aug 2018 - PKS Automation/Common/Reference Number Setter: Test Cases/Final Aug 2018 - PKS Automation/Common/Reference Number Setter

2018-12-07 02:51:34 - [TEST_STEP][PASSED] - Statement - RefNoOldFile = new java.io.File(C://Users//Admin//Desktop//PKS//Automation Reference Point//KatalonReference.txt): null

2018-12-07 02:51:34 - [TEST_STEP][PASSED] - Statement - RefNoOldFile.delete(): null

2018-12-07 02:51:34 - [TEST_STEP][PASSED] - delay: Delayed 5 second(s)

2018-12-07 02:51:39 - [MESSAGE][PASSED] - Delayed 5 second(s)

2018-12-07 02:51:39 - [TEST_STEP][PASSED] - Statement - RefNo = new java.io.File(C://Users//Admin//Desktop//PKS//Automation Reference Point//KatalonReference.txt): null

2018-12-07 02:51:39 - [TEST_STEP][PASSED] - Statement - f2 = new java.io.FileWriter(RefNo, false): null

2018-12-07 02:51:39 - [TEST_STEP][PASSED] - Statement - f2.write(CaseReferenceNo): null

2018-12-07 02:51:39 - [TEST_STEP][PASSED] - Statement - f2.close(): null

2018-12-07 02:51:39 - [TEST_STEP][PASSED] - Statement - out.println("


" + CaseReferenceNo + "


"): null

2018-12-07 02:51:39 - [MESSAGE][PASSED] - Call Test Case 'Test Cases/Final Aug 2018 - PKS Automation/Common/Reference Number Setter' successfully

2018-12-07 02:51:39 - [TEST_STEP][PASSED] - delay: Delayed 2 second(s)

2018-12-07 02:51:41 - [MESSAGE][PASSED] - Delayed 2 second(s)

2018-12-07 02:51:41 - [TEST_STEP][PASSED] - click: Object: 'Object Repository/Final Object Repo/Page_Update Employee Information By Employee/Submit' is clicked on

2018-12-07 02:51:41 - [MESSAGE][PASSED] - Object: 'Object Repository/Final Object Repo/Page_Update Employee Information By Employee/Submit' is clicked on

2018-12-07 02:51:41 - [TEST_STEP][PASSED] - delay: Delayed 2 second(s)

2018-12-07 02:51:43 - [MESSAGE][PASSED] - Delayed 2 second(s)

2018-12-07 02:51:43 - [TEST_STEP][PASSED] - click: Object: 'Object Repository/Final Object Repo/Page_Update Employee Information By Employee/Confirm Button' is clicked on

2018-12-07 02:51:43 - [MESSAGE][PASSED] - Object: 'Object Repository/Final Object Repo/Page_Update Employee Information By Employee/Confirm Button' is clicked on

2018-12-07 02:51:43 - [TEST_STEP][PASSED] - delay: Delayed 2 second(s)

2018-12-07 02:51:45 - [MESSAGE][PASSED] - Delayed 2 second(s)

2018-12-07 02:51:45 - [TEST_STEP][PASSED] - click: Object: 'Object Repository/Final Object Repo/Page_Update Employee Information By Employee/Successful Message Routed to UO' is clicked on

2018-12-07 02:51:47 - [MESSAGE][PASSED] - Object: 'Object Repository/Final Object Repo/Page_Update Employee Information By Employee/Successful Message Routed to UO' is clicked on

2018-12-07 02:51:47 - [MESSAGE][PASSED] - Call Test Case 'Test Cases/Final Aug 2018 - PKS Automation/Registration Module/Workflow/Update Employee Information (Employee)/Template/Update Employee Information - Special Case (OTC)' successfully

2018-12-07 02:51:47 - [TEST_STEP][PASSED] - callTestCase: Call Test Case 'Test Cases/Final Aug 2018 - PKS Automation/Registration Module/Workflow/Update Employee Information (Employee)/Template/Update Employee Information - Special Case - UO (Reject)' successfully

2018-12-07 02:51:47 - [TEST_CASE][PASSED] - Test Cases/Final Aug 2018 - PKS Automation/Registration Module/Workflow/Update Employee Information (Employee)/Template/Update Employee Information - Special Case - UO (Reject): Test Cases/Final Aug 2018 - PKS Automation/Registration Module/Workflow/Update Employee Information (Employee)/Template/Update Employee Information - Special Case - UO (Reject)

2018-12-07 02:51:47 - [TEST_STEP][NOT_RUN] - callTestCase: NOT_RUN: callTestCase

2018-12-07 02:51:47 - [MESSAGE][NOT_RUN] - NOT_RUN: callTestCase

2018-12-07 02:51:47 - [TEST_STEP][PASSED] - delay: Delayed 2 second(s)

2018-12-07 02:51:49 - [MESSAGE][PASSED] - Delayed 2 second(s)

2018-12-07 02:51:49 - [TEST_STEP][PASSED] - navigateToUrl: Navigate to 'https://assist2-uat.perkeso.gov.my/c/portal/logout' successfully

2018-12-07 02:51:50 - [MESSAGE][PASSED] - Navigate to 'https://assist2-uat.perkeso.gov.my/c/portal/logout' successfully

2018-12-07 02:51:50 - [TEST_STEP][PASSED] - delay: Delayed 2 second(s)

2018-12-07 02:51:52 - [MESSAGE][PASSED] - Delayed 2 second(s)

2018-12-07 02:51:52 - [TEST_STEP][PASSED] - callTestCase: Call Test Case 'Test Cases/Final Aug 2018 - PKS Automation/Common/Reference Number Getter' successfully

2018-12-07 02:51:52 - [TEST_CASE][PASSED] - Test Cases/Final Aug 2018 - PKS Automation/Common/Reference Number Getter: Test Cases/Final Aug 2018 - PKS Automation/Common/Reference Number Getter

2018-12-07 02:51:52 - [TEST_STEP][PASSED] - Statement - Try: null

2018-12-07 02:51:52 - [TEST_STEP][PASSED] - Statement - RefNo = new java.io.File(C://Users//Admin//Desktop//PKS//Automation Reference Point//KatalonReference.txt): null

2018-12-07 02:51:52 - [TEST_STEP][PASSED] - Statement - bufferread = new java.io.BufferedReader(new java.io.FileReader(RefNo)): null

2018-12-07 02:51:52 - [TEST_STEP][PASSED] - Statement - readedVal = bufferread.readLine(): null

2018-12-07 02:51:52 - [TEST_STEP][PASSED] - Statement - out.println(CaseReferenceNo): null

2018-12-07 02:51:52 - [TEST_STEP][PASSED] - Statement - out.println(readedVal): null

2018-12-07 02:51:52 - [TEST_STEP][PASSED] - Statement - CaseReferenceNo = "": null

2018-12-07 02:51:52 - [TEST_STEP][PASSED] - Statement - CaseReferenceNo = readedVal: null

2018-12-07 02:51:52 - [MESSAGE][PASSED] - Call Test Case 'Test Cases/Final Aug 2018 - PKS Automation/Common/Reference Number Getter' successfully

2018-12-07 02:51:52 - [TEST_STEP][PASSED] - callTestCase: Call Test Case 'Test Cases/Final Aug 2018 - PKS Automation/Common/Workflow Owner Finder' successfully

2018-12-07 02:51:52 - [TEST_CASE][PASSED] - Test Cases/Final Aug 2018 - PKS Automation/Common/Workflow Owner Finder: Test Cases/Final Aug 2018 - PKS Automation/Common/Workflow Owner Finder

2018-12-07 02:51:52 - [TEST_STEP][PASSED] - openBrowser: Browser is opened with url: ''

2018-12-07 02:51:52 - [MESSAGE][WARNING] - A browser is already opened. Closing browser and opening a new one

2018-12-07 02:51:56 - [MESSAGE][PASSED] - Browser is opened with url: ''

2018-12-07 02:51:56 - [TEST_STEP][PASSED] - navigateToUrl: Navigate to 'https://assist2-uat.perkeso.gov.my/login' successfully

2018-12-07 02:51:57 - [MESSAGE][PASSED] - Navigate to 'https://assist2-uat.perkeso.gov.my/login' successfully

2018-12-07 02:51:57 - [TEST_STEP][PASSED] - delay: Delayed 5 second(s)

2018-12-07 02:52:02 - [MESSAGE][PASSED] - Delayed 5 second(s)

2018-12-07 02:52:02 - [TEST_STEP][PASSED] - setText: Text 'test@liferay.com' is set on object 'Object Repository/Final Object Repo/Login Page/Internal User/Email Address'

2018-12-07 02:52:02 - [MESSAGE][PASSED] - Text 'test@liferay.com' is set on object 'Object Repository/Final Object Repo/Login Page/Internal User/Email Address'

2018-12-07 02:52:02 - [TEST_STEP][PASSED] - click: Object: 'Object Repository/Final Object Repo/Login Page/Internal User/Next Button' is clicked on

2018-12-07 02:52:03 - [MESSAGE][PASSED] - Object: 'Object Repository/Final Object Repo/Login Page/Internal User/Next Button' is clicked on

2018-12-07 02:52:03 - [TEST_STEP][PASSED] - delay: Delayed 2 second(s)

2018-12-07 02:52:05 - [MESSAGE][PASSED] - Delayed 2 second(s)

2018-12-07 02:52:05 - [TEST_STEP][PASSED] - setText: Text 'test' is set on object 'Object Repository/Final Object Repo/Login Page/Internal User/Password'

2018-12-07 02:52:05 - [MESSAGE][PASSED] - Text 'test' is set on object 'Object Repository/Final Object Repo/Login Page/Internal User/Password'

2018-12-07 02:52:05 - [TEST_STEP][PASSED] - delay: Delayed 2 second(s)

2018-12-07 02:52:07 - [MESSAGE][PASSED] - Delayed 2 second(s)

2018-12-07 02:52:07 - [TEST_STEP][PASSED] - click: Object: 'Object Repository/Final Object Repo/Login Page/Internal User/Login Button' is clicked on

2018-12-07 02:52:07 - [MESSAGE][PASSED] - Object: 'Object Repository/Final Object Repo/Login Page/Internal User/Login Button' is clicked on

2018-12-07 02:52:07 - [TEST_STEP][PASSED] - Statement - tester = com.kms.katalon.core.testobject.ObjectRepository.findTestObject(Final Object Repo/Landing Page/Select to English): Finding Test Object with id 'Object Repository/Final Object Repo/Landing Page/Select to English'

2018-12-07 02:52:07 - [TEST_STEP][PASSED] - Statement - Try: Delayed 2 second(s)

2018-12-07 02:52:07 - [TEST_STEP][PASSED] - Statement - Checker = com.kms.katalon.core.webui.keyword.WebUiBuiltInKeywords.verifyElementNotPresent(tester, 3): Web element with id: 'Object Repository/Final Object Repo/Landing Page/Select to English' located by 'By.xpath: //a[@class = 'taglib-language-list-text' and @lang = 'en-US' and (contains(text(), 'EN') or contains(., 'EN'))]' is not present after '3' second(s)

2018-12-07 02:52:09 - [MESSAGE][PASSED] - Web element with id: 'Object Repository/Final Object Repo/Landing Page/Select to English' located by 'By.xpath: //a[@class = 'taglib-language-list-text' and @lang = 'en-US' and (contains(text(), 'EN') or contains(., 'EN'))]' is not present after '3' second(s)

2018-12-07 02:52:09 - [TEST_STEP][PASSED] - Statement - If (Checker == false): null

2018-12-07 02:52:09 - [TEST_STEP][PASSED] - delay: Delayed 2 second(s)

2018-12-07 02:52:11 - [MESSAGE][PASSED] - Delayed 2 second(s)

2018-12-07 02:52:11 - [TEST_STEP][PASSED] - delay: Delayed 5 second(s)

2018-12-07 02:52:16 - [MESSAGE][PASSED] - Delayed 5 second(s)

2018-12-07 02:52:16 - [TEST_STEP][PASSED] - mouseOver: Object: 'Object Repository/Final Object Repo/Landing Page/WorkFlow Menu' is hovered

2018-12-07 02:52:16 - [MESSAGE][PASSED] - Object: 'Object Repository/Final Object Repo/Landing Page/WorkFlow Menu' is hovered

2018-12-07 02:52:16 - [TEST_STEP][PASSED] - delay: Delayed 2 second(s)

2018-12-07 02:52:18 - [MESSAGE][PASSED] - Delayed 2 second(s)

2018-12-07 02:52:18 - [TEST_STEP][PASSED] - click: Object: 'Object Repository/Final Object Repo/Landing Page/Select to Workflow Listing' is clicked on

2018-12-07 02:52:19 - [MESSAGE][PASSED] - Object: 'Object Repository/Final Object Repo/Landing Page/Select to Workflow Listing' is clicked on

2018-12-07 02:52:19 - [TEST_STEP][PASSED] - delay: Delayed 2 second(s)

2018-12-07 02:52:21 - [MESSAGE][PASSED] - Delayed 2 second(s)

2018-12-07 02:52:21 - [TEST_STEP][PASSED] - click: Object: 'Object Repository/Final Object Repo/WorkFlow Listing Page/Search Information - To Put Ref No' is clicked on

2018-12-07 02:52:21 - [MESSAGE][PASSED] - Object: 'Object Repository/Final Object Repo/WorkFlow Listing Page/Search Information - To Put Ref No' is clicked on

2018-12-07 02:52:21 - [TEST_STEP][PASSED] - delay: Delayed 2 second(s)

2018-12-07 02:52:23 - [MESSAGE][PASSED] - Delayed 2 second(s)

2018-12-07 02:52:23 - [TEST_STEP][PASSED] - callTestCase: Call Test Case 'Test Cases/Final Aug 2018 - PKS Automation/Common/Reference Number Getter' successfully

2018-12-07 02:52:23 - [TEST_CASE][PASSED] - Test Cases/Final Aug 2018 - PKS Automation/Common/Reference Number Getter: Test Cases/Final Aug 2018 - PKS Automation/Common/Reference Number Getter

2018-12-07 02:52:23 - [TEST_STEP][PASSED] - Statement - Try: null

2018-12-07 02:52:23 - [TEST_STEP][PASSED] - Statement - RefNo = new java.io.File(C://Users//Admin//Desktop//PKS//Automation Reference Point//KatalonReference.txt): null

2018-12-07 02:52:23 - [TEST_STEP][PASSED] - Statement - bufferread = new java.io.BufferedReader(new java.io.FileReader(RefNo)): null

2018-12-07 02:52:23 - [TEST_STEP][PASSED] - Statement - readedVal = bufferread.readLine(): null

2018-12-07 02:52:23 - [TEST_STEP][PASSED] - Statement - out.println(CaseReferenceNo): null

2018-12-07 02:52:23 - [TEST_STEP][PASSED] - Statement - out.println(readedVal): null

2018-12-07 02:52:23 - [TEST_STEP][PASSED] - Statement - CaseReferenceNo = "": null

2018-12-07 02:52:23 - [TEST_STEP][PASSED] - Statement - CaseReferenceNo = readedVal: null

2018-12-07 02:52:23 - [MESSAGE][PASSED] - Call Test Case 'Test Cases/Final Aug 2018 - PKS Automation/Common/Reference Number Getter' successfully

2018-12-07 02:52:23 - [TEST_STEP][PASSED] - setText: Text 'CUN122018C100005869' is set on object 'Object Repository/Final Object Repo/WorkFlow Listing Page/Ref No Set Text'

2018-12-07 02:52:24 - [MESSAGE][PASSED] - Text 'CUN122018C100005869' is set on object 'Object Repository/Final Object Repo/WorkFlow Listing Page/Ref No Set Text'

2018-12-07 02:52:24 - [TEST_STEP][PASSED] - delay: Delayed 2 second(s)

2018-12-07 02:52:26 - [MESSAGE][PASSED] - Delayed 2 second(s)

2018-12-07 02:52:26 - [TEST_STEP][PASSED] - click: Object: 'Object Repository/Final Object Repo/WorkFlow Listing Page/Search Ref No Search Button' is clicked on

2018-12-07 02:52:26 - [MESSAGE][PASSED] - Object: 'Object Repository/Final Object Repo/WorkFlow Listing Page/Search Ref No Search Button' is clicked on

2018-12-07 02:52:26 - [TEST_STEP][PASSED] - delay: Delayed 6 second(s)

2018-12-07 02:52:32 - [MESSAGE][PASSED] - Delayed 6 second(s)

2018-12-07 02:52:32 - [TEST_STEP][PASSED] - click: Object: 'Object Repository/Final Object Repo/WorkFlow Listing Page/Click Continue Tooltip' is clicked on

2018-12-07 02:52:33 - [MESSAGE][PASSED] - Object: 'Object Repository/Final Object Repo/WorkFlow Listing Page/Click Continue Tooltip' is clicked on

2018-12-07 02:52:33 - [TEST_STEP][PASSED] - delay: Delayed 5 second(s)

2018-12-07 02:52:38 - [MESSAGE][PASSED] - Delayed 5 second(s)

2018-12-07 02:52:38 - [TEST_STEP][PASSED] - doubleClick: Object: 'Object Repository/Final Object Repo/WorkFlow Listing Page/Workflow Found - Listing 1' is double clicked on

2018-12-07 02:52:38 - [MESSAGE][PASSED] - Object: 'Object Repository/Final Object Repo/WorkFlow Listing Page/Workflow Found - Listing 1' is double clicked on

2018-12-07 02:52:38 - [TEST_STEP][PASSED] - Statement - println(OwnerID): null

2018-12-07 02:52:38 - [TEST_STEP][PASSED] - Statement - OwnerID = com.kms.katalon.core.webui.keyword.WebUiBuiltInKeywords.getText(com.kms.katalon.core.testobject.ObjectRepository.findTestObject(Final Object Repo/WorkFlow Listing Page/Workflow Found - Listing 1), STOP_ON_FAILURE): Text of object 'Object Repository/Final Object Repo/WorkFlow Listing Page/Workflow Found - Listing 1' is: 'JOHORuo1'

2018-12-07 02:52:38 - [MESSAGE][PASSED] - Text of object 'Object Repository/Final Object Repo/WorkFlow Listing Page/Workflow Found - Listing 1' is: 'JOHORuo1'

2018-12-07 02:52:38 - [TEST_STEP][PASSED] - Statement - OwnerID = OwnerID.toLowerCase() + "@gmail.com": null

2018-12-07 02:52:38 - [TEST_STEP][PASSED] - Statement - println(OwnerID): null

2018-12-07 02:52:38 - [TEST_STEP][PASSED] - delay: Delayed 2 second(s)

2018-12-07 02:52:40 - [MESSAGE][PASSED] - Delayed 2 second(s)

2018-12-07 02:52:40 - [MESSAGE][PASSED] - Call Test Case 'Test Cases/Final Aug 2018 - PKS Automation/Common/Workflow Owner Finder' successfully

2018-12-07 02:52:40 - [TEST_STEP][PASSED] - delay: Delayed 2 second(s)

2018-12-07 02:52:42 - [MESSAGE][PASSED] - Delayed 2 second(s)

2018-12-07 02:52:42 - [TEST_STEP][PASSED] - navigateToUrl: Navigate to 'https://assist2-uat.perkeso.gov.my/c/portal/logout' successfully

2018-12-07 02:52:43 - [MESSAGE][PASSED] - Navigate to 'https://assist2-uat.perkeso.gov.my/c/portal/logout' successfully

2018-12-07 02:52:43 - [TEST_STEP][PASSED] - delay: Delayed 2 second(s)

2018-12-07 02:52:45 - [MESSAGE][PASSED] - Delayed 2 second(s)

2018-12-07 02:52:45 - [TEST_STEP][PASSED] - callTestCase: Call Test Case 'Test Cases/Final Aug 2018 - PKS Automation/Registration Module/Workflow/Login and Search Case For Workflow' successfully

2018-12-07 02:52:45 - [TEST_CASE][PASSED] - Test Cases/Final Aug 2018 - PKS Automation/Registration Module/Workflow/Login and Search Case For Workflow: Test Cases/Final Aug 2018 - PKS Automation/Registration Module/Workflow/Login and Search Case For Workflow

2018-12-07 02:52:45 - [TEST_STEP][PASSED] - navigateToUrl: Navigate to 'https://assist2-uat.perkeso.gov.my/login' successfully

2018-12-07 02:52:45 - [MESSAGE][PASSED] - Navigate to 'https://assist2-uat.perkeso.gov.my/login' successfully

2018-12-07 02:52:45 - [TEST_STEP][PASSED] - setText: Text 'johoruo1@gmail.com' is set on object 'Object Repository/Final Object Repo/Login Page/Internal User/Email Address'

2018-12-07 02:52:46 - [MESSAGE][PASSED] - Text 'johoruo1@gmail.com' is set on object 'Object Repository/Final Object Repo/Login Page/Internal User/Email Address'

2018-12-07 02:52:46 - [TEST_STEP][PASSED] - click: Object: 'Object Repository/Final Object Repo/Login Page/Internal User/Next Button' is clicked on

2018-12-07 02:52:46 - [MESSAGE][PASSED] - Object: 'Object Repository/Final Object Repo/Login Page/Internal User/Next Button' is clicked on

2018-12-07 02:52:46 - [TEST_STEP][PASSED] - delay: Delayed 1 second(s)

2018-12-07 02:52:47 - [MESSAGE][PASSED] - Delayed 1 second(s)

2018-12-07 02:52:47 - [TEST_STEP][PASSED] - setEncryptedText: Text ****** has been set on object 'Object Repository/Final Object Repo/Login Page/Internal User/Password'

2018-12-07 02:52:47 - [MESSAGE][PASSED] - Text ****** has been set on object 'Object Repository/Final Object Repo/Login Page/Internal User/Password'

2018-12-07 02:52:47 - [TEST_STEP][PASSED] - click: Object: 'Object Repository/Final Object Repo/Login Page/Internal User/Login Button' is clicked on

2018-12-07 02:52:47 - [MESSAGE][PASSED] - Object: 'Object Repository/Final Object Repo/Login Page/Internal User/Login Button' is clicked on

2018-12-07 02:52:47 - [TEST_STEP][PASSED] - delay: Delayed 2 second(s)

2018-12-07 02:52:49 - [MESSAGE][PASSED] - Delayed 2 second(s)

2018-12-07 02:52:49 - [TEST_STEP][PASSED] - Statement - Try: Delayed 2 second(s)

2018-12-07 02:52:49 - [TEST_STEP][PASSED] - Statement - Checker = false: null

2018-12-07 02:52:49 - [TEST_STEP][PASSED] - Statement - Checker = com.kms.katalon.core.webui.keyword.WebUiBuiltInKeywords.verifyElementHasAttribute(com.kms.katalon.core.testobject.ObjectRepository.findTestObject(Final Object Repo/Landing Page/BM Detecting), "href", 20, OPTIONAL): Object 'Object Repository/Final Object Repo/Landing Page/BM Detecting' has attribute 'href'

2018-12-07 02:52:49 - [MESSAGE][PASSED] - Object 'Object Repository/Final Object Repo/Landing Page/BM Detecting' has attribute 'href'

2018-12-07 02:52:49 - [TEST_STEP][PASSED] - Statement - out.println(Checker): null

2018-12-07 02:52:49 - [TEST_STEP][PASSED] - Statement - If (Checker == false): null

2018-12-07 02:52:49 - [TEST_STEP][PASSED] - Statement - Else: null

2018-12-07 02:52:49 - [TEST_STEP][PASSED] - delay: Delayed 2 second(s)

2018-12-07 02:52:51 - [MESSAGE][PASSED] - Delayed 2 second(s)

2018-12-07 02:52:51 - [TEST_STEP][PASSED] - click: Object: 'Object Repository/Final Object Repo/Page_MyASSIST - ASSIST - Search Pending Case For Add Supporting Document/Search Information' is clicked on

2018-12-07 02:52:52 - [MESSAGE][PASSED] - Object: 'Object Repository/Final Object Repo/Page_MyASSIST - ASSIST - Search Pending Case For Add Supporting Document/Search Information' is clicked on

2018-12-07 02:52:52 - [TEST_STEP][PASSED] - delay: Delayed 3 second(s)

2018-12-07 02:52:55 - [MESSAGE][PASSED] - Delayed 3 second(s)

2018-12-07 02:52:55 - [TEST_STEP][PASSED] - sendKeys: Keys 'CUN122018C100005869' sent to object: 'Object Repository/Final Object Repo/Page_MyASSIST - ASSIST - Search Pending Case For Add Supporting Document/Reference No'

2018-12-07 02:52:55 - [MESSAGE][PASSED] - Keys 'CUN122018C100005869' sent to object: 'Object Repository/Final Object Repo/Page_MyASSIST - ASSIST - Search Pending Case For Add Supporting Document/Reference No'

2018-12-07 02:52:55 - [TEST_STEP][PASSED] - click: Object: 'Object Repository/Final Object Repo/Page_MyASSIST - ASSIST - Search Pending Case For Add Supporting Document/Search Reference No' is clicked on

2018-12-07 02:52:55 - [MESSAGE][PASSED] - Object: 'Object Repository/Final Object Repo/Page_MyASSIST - ASSIST - Search Pending Case For Add Supporting Document/Search Reference No' is clicked on

2018-12-07 02:52:55 - [TEST_STEP][PASSED] - delay: Delayed 2 second(s)

2018-12-07 02:52:57 - [MESSAGE][PASSED] - Delayed 2 second(s)

2018-12-07 02:52:57 - [TEST_STEP][PASSED] - click: Object: 'Object Repository/Final Object Repo/Page_MyASSIST - ASSIST - Search Pending Case For Add Supporting Document/Continue' is clicked on

2018-12-07 02:53:01 - [MESSAGE][PASSED] - Object: 'Object Repository/Final Object Repo/Page_MyASSIST - ASSIST - Search Pending Case For Add Supporting Document/Continue' is clicked on

2018-12-07 02:53:01 - [TEST_STEP][PASSED] - delay: Delayed 20 second(s)

2018-12-07 02:53:21 - [MESSAGE][PASSED] - Delayed 20 second(s)

2018-12-07 02:53:21 - [MESSAGE][PASSED] - Call Test Case 'Test Cases/Final Aug 2018 - PKS Automation/Registration Module/Workflow/Login and Search Case For Workflow' successfully

2018-12-07 02:53:21 - [TEST_STEP][PASSED] - delay: Delayed 2 second(s)

2018-12-07 02:53:23 - [MESSAGE][PASSED] - Delayed 2 second(s)

2018-12-07 02:53:23 - [TEST_STEP][PASSED] - click: Object: 'Object Repository/Final Object Repo/Page_Update Employee Information By Employee/Page_Update Employee Information By Employee (Approve)/Continue' is clicked on

2018-12-07 02:53:26 - [MESSAGE][PASSED] - Object: 'Object Repository/Final Object Repo/Page_Update Employee Information By Employee/Page_Update Employee Information By Employee (Approve)/Continue' is clicked on

2018-12-07 02:53:26 - [TEST_STEP][PASSED] - delay: Delayed 10 second(s)

2018-12-07 02:53:36 - [MESSAGE][PASSED] - Delayed 10 second(s)

2018-12-07 02:53:36 - [TEST_STEP][PASSED] - click: Object: 'Object Repository/Final Object Repo/Page_Update Employee Information By Employer/Page_Update Employee Information by Employer (Approve)/Save  Continue in Update Employee Information Page' is clicked on

2018-12-07 02:53:37 - [MESSAGE][PASSED] - Object: 'Object Repository/Final Object Repo/Page_Update Employee Information By Employer/Page_Update Employee Information by Employer (Approve)/Save  Continue in Update Employee Information Page' is clicked on

2018-12-07 02:53:37 - [TEST_STEP][PASSED] - delay: Delayed 2 second(s)

2018-12-07 02:53:39 - [MESSAGE][PASSED] - Delayed 2 second(s)

2018-12-07 02:53:39 - [TEST_STEP][PASSED] - click: Object: 'Object Repository/Final Object Repo/Page_Update Employee Information By Employer/Page_Update Employee Information by Employer (Approve)/Save  Continue in Upload Supporting Doucument Page' is clicked on

2018-12-07 02:53:40 - [MESSAGE][PASSED] - Object: 'Object Repository/Final Object Repo/Page_Update Employee Information By Employer/Page_Update Employee Information by Employer (Approve)/Save  Continue in Upload Supporting Doucument Page' is clicked on

2018-12-07 02:53:40 - [TEST_STEP][PASSED] - delay: Delayed 2 second(s)

2018-12-07 02:53:42 - [MESSAGE][PASSED] - Delayed 2 second(s)

2018-12-07 02:53:42 - [TEST_STEP][PASSED] - click: Object: 'Object Repository/Final Object Repo/Page_Update Employee Information By Employee/Page_Update Employee Information by Employee (Reject)/Reject' is clicked on

2018-12-07 02:53:43 - [MESSAGE][PASSED] - Object: 'Object Repository/Final Object Repo/Page_Update Employee Information By Employee/Page_Update Employee Information by Employee (Reject)/Reject' is clicked on

2018-12-07 02:53:43 - [TEST_STEP][PASSED] - delay: Delayed 2 second(s)

2018-12-07 02:53:45 - [MESSAGE][PASSED] - Delayed 2 second(s)

2018-12-07 02:53:45 - [TEST_STEP][PASSED] - click: Object: 'Object Repository/Final Object Repo/Page_Update Employee Information By Employee/Page_Update Employee Information by Employee (Reject)/Confirm' is clicked on

2018-12-07 02:53:45 - [MESSAGE][PASSED] - Object: 'Object Repository/Final Object Repo/Page_Update Employee Information By Employee/Page_Update Employee Information by Employee (Reject)/Confirm' is clicked on

2018-12-07 02:53:45 - [TEST_STEP][PASSED] - delay: Delayed 2 second(s)

2018-12-07 02:53:47 - [MESSAGE][PASSED] - Delayed 2 second(s)

2018-12-07 02:53:47 - [TEST_STEP][PASSED] - verifyElementVisible: Object 'Object Repository/Final Object Repo/Page_Update Employee Information By Employee/Page_Update Employee Information by Employee (Reject)/Message This Case has been Rejected' is visible

2018-12-07 02:53:50 - [MESSAGE][PASSED] - Object 'Object Repository/Final Object Repo/Page_Update Employee Information By Employee/Page_Update Employee Information by Employee (Reject)/Message This Case has been Rejected' is visible

2018-12-07 02:53:50 - [TEST_STEP][PASSED] - verifyElementVisible: Object 'Object Repository/Final Object Repo/Page_Update Employee Information By Employee/Page_Update Employee Information by Employee (Reject)/Letter of update rejection' is visible

2018-12-07 02:53:51 - [MESSAGE][PASSED] - Object 'Object Repository/Final Object Repo/Page_Update Employee Information By Employee/Page_Update Employee Information by Employee (Reject)/Letter of update rejection' is visible

2018-12-07 02:53:51 - [MESSAGE][PASSED] - Call Test Case 'Test Cases/Final Aug 2018 - PKS Automation/Registration Module/Workflow/Update Employee Information (Employee)/Template/Update Employee Information - Special Case - UO (Reject)' successfully]]></system-out>
         <system-err><![CDATA[]]></system-err>
      </testcase>
      <testcase name="Test Cases/Final Aug 2018 - PKS Automation/Registration Module/Workflow/Update Employee Information (Employee)/OTC to UO (Under enforcement)" classname="Test Cases/Final Aug 2018 - PKS Automation/Registration Module/Workflow/Update Employee Information (Employee)/OTC to UO (Under enforcement)" status="PASSED">
         <system-out><![CDATA[2018-12-07 02:53:51 - [TEST_CASE][PASSED] - Test Cases/Final Aug 2018 - PKS Automation/Registration Module/Workflow/Update Employee Information (Employee)/OTC to UO (Under enforcement): Test Cases/Final Aug 2018 - PKS Automation/Registration Module/Workflow/Update Employee Information (Employee)/OTC to UO (Under enforcement)

2018-12-07 02:53:51 - [TEST_STEP][PASSED] - callTestCase: Call Test Case 'Test Cases/Final Aug 2018 - PKS Automation/Registration Module/Workflow/Update Employee Information (Employee)/Template/Update Employee Information - Special Case (OTC)' successfully

2018-12-07 02:53:51 - [TEST_CASE][PASSED] - Test Cases/Final Aug 2018 - PKS Automation/Registration Module/Workflow/Update Employee Information (Employee)/Template/Update Employee Information - Special Case (OTC): Test Cases/Final Aug 2018 - PKS Automation/Registration Module/Workflow/Update Employee Information (Employee)/Template/Update Employee Information - Special Case (OTC)

2018-12-07 02:53:51 - [TEST_STEP][PASSED] - openBrowser: Browser is opened with url: ''

2018-12-07 02:53:51 - [MESSAGE][WARNING] - A browser is already opened. Closing browser and opening a new one

2018-12-07 02:53:55 - [MESSAGE][PASSED] - Browser is opened with url: ''

2018-12-07 02:53:55 - [TEST_STEP][PASSED] - navigateToUrl: Navigate to 'https://assist2-uat.perkeso.gov.my/login' successfully

2018-12-07 02:53:56 - [MESSAGE][PASSED] - Navigate to 'https://assist2-uat.perkeso.gov.my/login' successfully

2018-12-07 02:53:56 - [TEST_STEP][PASSED] - setText: Text 'johorotc1@gmail.com' is set on object 'Object Repository/Final Object Repo/Login Page/Internal User/Email Address'

2018-12-07 02:53:56 - [MESSAGE][PASSED] - Text 'johorotc1@gmail.com' is set on object 'Object Repository/Final Object Repo/Login Page/Internal User/Email Address'

2018-12-07 02:53:56 - [TEST_STEP][PASSED] - click: Object: 'Object Repository/Final Object Repo/Login Page/Internal User/Next Button' is clicked on

2018-12-07 02:53:56 - [MESSAGE][PASSED] - Object: 'Object Repository/Final Object Repo/Login Page/Internal User/Next Button' is clicked on

2018-12-07 02:53:56 - [TEST_STEP][PASSED] - delay: Delayed 1 second(s)

2018-12-07 02:53:57 - [MESSAGE][PASSED] - Delayed 1 second(s)

2018-12-07 02:53:57 - [TEST_STEP][PASSED] - setEncryptedText: Text ****** has been set on object 'Object Repository/Final Object Repo/Login Page/Internal User/Password'

2018-12-07 02:53:58 - [MESSAGE][PASSED] - Text ****** has been set on object 'Object Repository/Final Object Repo/Login Page/Internal User/Password'

2018-12-07 02:53:58 - [TEST_STEP][PASSED] - click: Object: 'Object Repository/Final Object Repo/Login Page/Internal User/Login Button' is clicked on

2018-12-07 02:53:58 - [MESSAGE][PASSED] - Object: 'Object Repository/Final Object Repo/Login Page/Internal User/Login Button' is clicked on

2018-12-07 02:53:58 - [TEST_STEP][PASSED] - Statement - tester = com.kms.katalon.core.testobject.ObjectRepository.findTestObject(Final Object Repo/Landing Page/Select to English): Finding Test Object with id 'Object Repository/Final Object Repo/Landing Page/Select to English'

2018-12-07 02:53:58 - [TEST_STEP][PASSED] - Statement - Try: Delayed 2 second(s)

2018-12-07 02:53:58 - [TEST_STEP][PASSED] - Statement - Checker = com.kms.katalon.core.webui.keyword.WebUiBuiltInKeywords.verifyElementNotPresent(tester, 3): Web element with id: 'Object Repository/Final Object Repo/Landing Page/Select to English' located by 'By.xpath: //a[@class = 'taglib-language-list-text' and @lang = 'en-US' and (contains(text(), 'EN') or contains(., 'EN'))]' is not present after '3' second(s)

2018-12-07 02:54:00 - [MESSAGE][PASSED] - Web element with id: 'Object Repository/Final Object Repo/Landing Page/Select to English' located by 'By.xpath: //a[@class = 'taglib-language-list-text' and @lang = 'en-US' and (contains(text(), 'EN') or contains(., 'EN'))]' is not present after '3' second(s)

2018-12-07 02:54:00 - [TEST_STEP][PASSED] - Statement - If (Checker == false): null

2018-12-07 02:54:00 - [TEST_STEP][PASSED] - delay: Delayed 2 second(s)

2018-12-07 02:54:02 - [MESSAGE][PASSED] - Delayed 2 second(s)

2018-12-07 02:54:02 - [TEST_STEP][PASSED] - delay: Delayed 5 second(s)

2018-12-07 02:54:07 - [MESSAGE][PASSED] - Delayed 5 second(s)

2018-12-07 02:54:07 - [TEST_STEP][PASSED] - navigateToUrl: Navigate to 'https://assist2-uat.perkeso.gov.my/web/registration/update/update-employee-information-employee-' successfully

2018-12-07 02:54:08 - [MESSAGE][PASSED] - Navigate to 'https://assist2-uat.perkeso.gov.my/web/registration/update/update-employee-information-employee-' successfully

2018-12-07 02:54:08 - [TEST_STEP][PASSED] - click: Object: 'Object Repository/Final Object Repo/Page_Update Employee Information By Employee/Type of Identification' is clicked on

2018-12-07 02:54:08 - [MESSAGE][PASSED] - Object: 'Object Repository/Final Object Repo/Page_Update Employee Information By Employee/Type of Identification' is clicked on

2018-12-07 02:54:08 - [TEST_STEP][PASSED] - click: Object: 'Object Repository/Final Object Repo/Page Update Employee Information By Employee/Type of Identification - Name' is clicked on

2018-12-07 02:54:08 - [MESSAGE][PASSED] - Object: 'Object Repository/Final Object Repo/Page Update Employee Information By Employee/Type of Identification - Name' is clicked on

2018-12-07 02:54:08 - [TEST_STEP][PASSED] - setText: Text 'YUKI JR B' is set on object 'Object Repository/Final Object Repo/Page_Update Employee Information By Employee/New Identification'

2018-12-07 02:54:08 - [MESSAGE][PASSED] - Text 'YUKI JR B' is set on object 'Object Repository/Final Object Repo/Page_Update Employee Information By Employee/New Identification'

2018-12-07 02:54:08 - [TEST_STEP][PASSED] - click: Object: 'Object Repository/Final Object Repo/Page_Update Employee Information By Employee/Search Button' is clicked on

2018-12-07 02:54:08 - [MESSAGE][PASSED] - Object: 'Object Repository/Final Object Repo/Page_Update Employee Information By Employee/Search Button' is clicked on

2018-12-07 02:54:08 - [TEST_STEP][PASSED] - click: Object: 'Object Repository/Final Object Repo/Page_Update Employee Information By Employee/Edit Button' is clicked on

2018-12-07 02:54:12 - [MESSAGE][PASSED] - Object: 'Object Repository/Final Object Repo/Page_Update Employee Information By Employee/Edit Button' is clicked on

2018-12-07 02:54:12 - [TEST_STEP][PASSED] - delay: Delayed 2 second(s)

2018-12-07 02:54:14 - [MESSAGE][PASSED] - Delayed 2 second(s)

2018-12-07 02:54:14 - [TEST_STEP][PASSED] - click: Object: 'Object Repository/Final Object Repo/Page_Update Employee Information By Employee/Employee Information Edit Button' is clicked on

2018-12-07 02:54:14 - [MESSAGE][PASSED] - Object: 'Object Repository/Final Object Repo/Page_Update Employee Information By Employee/Employee Information Edit Button' is clicked on

2018-12-07 02:54:14 - [TEST_STEP][PASSED] - delay: Delayed 2 second(s)

2018-12-07 02:54:16 - [MESSAGE][PASSED] - Delayed 2 second(s)

2018-12-07 02:54:16 - [TEST_STEP][PASSED] - click: Object: 'Object Repository/Final Object Repo/Page_Update Employee Information By Employee/New Identification Number' is clicked on

2018-12-07 02:54:17 - [MESSAGE][PASSED] - Object: 'Object Repository/Final Object Repo/Page_Update Employee Information By Employee/New Identification Number' is clicked on

2018-12-07 02:54:17 - [TEST_STEP][PASSED] - setText: Text '' is set on object 'Object Repository/Final Object Repo/Page_Update Employee Information By Employee/New Identification Number'

2018-12-07 02:54:17 - [MESSAGE][PASSED] - Text '' is set on object 'Object Repository/Final Object Repo/Page_Update Employee Information By Employee/New Identification Number'

2018-12-07 02:54:17 - [TEST_STEP][PASSED] - Statement - rnd = new java.util.Random(): null

2018-12-07 02:54:17 - [TEST_STEP][PASSED] - Statement - snum = rnd.nextInt(899999 + 1) + 100000: null

2018-12-07 02:54:17 - [TEST_STEP][PASSED] - Statement - tnum = rnd.nextInt(899999 + 1) + 100000: null

2018-12-07 02:54:17 - [TEST_STEP][PASSED] - Statement - IC = java.lang.Integer.toString(snum) + java.lang.Integer.toString(tnum): null

2018-12-07 02:54:17 - [TEST_STEP][PASSED] - Statement - out.println(IC): null

2018-12-07 02:54:17 - [TEST_STEP][PASSED] - setText: Text '561039516228' is set on object 'Object Repository/Final Object Repo/Page_Update Employee Information By Employee/New Identification Number'

2018-12-07 02:54:17 - [MESSAGE][PASSED] - Text '561039516228' is set on object 'Object Repository/Final Object Repo/Page_Update Employee Information By Employee/New Identification Number'

2018-12-07 02:54:17 - [TEST_STEP][PASSED] - delay: Delayed 2 second(s)

2018-12-07 02:54:19 - [MESSAGE][PASSED] - Delayed 2 second(s)

2018-12-07 02:54:19 - [TEST_STEP][PASSED] - click: Object: 'Object Repository/Final Object Repo/Page_Update Employee Information By Employee/Save' is clicked on

2018-12-07 02:54:19 - [MESSAGE][PASSED] - Object: 'Object Repository/Final Object Repo/Page_Update Employee Information By Employee/Save' is clicked on

2018-12-07 02:54:19 - [TEST_STEP][PASSED] - delay: Delayed 10 second(s)

2018-12-07 02:54:29 - [MESSAGE][PASSED] - Delayed 10 second(s)

2018-12-07 02:54:29 - [TEST_STEP][PASSED] - click: Object: 'Object Repository/Final Object Repo/Page_Update Employee Information By Employee/Save  Continue in Update Employee Information' is clicked on

2018-12-07 02:54:30 - [MESSAGE][PASSED] - Object: 'Object Repository/Final Object Repo/Page_Update Employee Information By Employee/Save  Continue in Update Employee Information' is clicked on

2018-12-07 02:54:30 - [TEST_STEP][PASSED] - delay: Delayed 2 second(s)

2018-12-07 02:54:32 - [MESSAGE][PASSED] - Delayed 2 second(s)

2018-12-07 02:54:32 - [TEST_STEP][PASSED] - click: Object: 'Object Repository/Final Object Repo/Page_Update Employee Information By Employee/Save  Continue in Uploading Page' is clicked on

2018-12-07 02:54:33 - [MESSAGE][PASSED] - Object: 'Object Repository/Final Object Repo/Page_Update Employee Information By Employee/Save  Continue in Uploading Page' is clicked on

2018-12-07 02:54:33 - [TEST_STEP][PASSED] - delay: Delayed 2 second(s)

2018-12-07 02:54:35 - [MESSAGE][PASSED] - Delayed 2 second(s)

2018-12-07 02:54:35 - [TEST_STEP][PASSED] - Statement - CaseReferenceNo = com.kms.katalon.core.webui.keyword.WebUiBuiltInKeywords.getText(com.kms.katalon.core.testobject.ObjectRepository.findTestObject(Final Object Repo/Page_Update Employer Information/Reference Number in Update Employee Information Page)): Text of object 'Object Repository/Final Object Repo/Page_Update Employer Information/Reference Number in Update Employee Information Page' is: 'CUN122018C100005870'

2018-12-07 02:54:36 - [MESSAGE][PASSED] - Text of object 'Object Repository/Final Object Repo/Page_Update Employer Information/Reference Number in Update Employee Information Page' is: 'CUN122018C100005870'

2018-12-07 02:54:36 - [TEST_STEP][PASSED] - callTestCase: Call Test Case 'Test Cases/Final Aug 2018 - PKS Automation/Common/Reference Number Setter' successfully

2018-12-07 02:54:37 - [TEST_CASE][PASSED] - Test Cases/Final Aug 2018 - PKS Automation/Common/Reference Number Setter: Test Cases/Final Aug 2018 - PKS Automation/Common/Reference Number Setter

2018-12-07 02:54:37 - [TEST_STEP][PASSED] - Statement - RefNoOldFile = new java.io.File(C://Users//Admin//Desktop//PKS//Automation Reference Point//KatalonReference.txt): null

2018-12-07 02:54:37 - [TEST_STEP][PASSED] - Statement - RefNoOldFile.delete(): null

2018-12-07 02:54:37 - [TEST_STEP][PASSED] - delay: Delayed 5 second(s)

2018-12-07 02:54:42 - [MESSAGE][PASSED] - Delayed 5 second(s)

2018-12-07 02:54:42 - [TEST_STEP][PASSED] - Statement - RefNo = new java.io.File(C://Users//Admin//Desktop//PKS//Automation Reference Point//KatalonReference.txt): null

2018-12-07 02:54:42 - [TEST_STEP][PASSED] - Statement - f2 = new java.io.FileWriter(RefNo, false): null

2018-12-07 02:54:42 - [TEST_STEP][PASSED] - Statement - f2.write(CaseReferenceNo): null

2018-12-07 02:54:42 - [TEST_STEP][PASSED] - Statement - f2.close(): null

2018-12-07 02:54:42 - [TEST_STEP][PASSED] - Statement - out.println("


" + CaseReferenceNo + "


"): null

2018-12-07 02:54:42 - [MESSAGE][PASSED] - Call Test Case 'Test Cases/Final Aug 2018 - PKS Automation/Common/Reference Number Setter' successfully

2018-12-07 02:54:42 - [TEST_STEP][PASSED] - delay: Delayed 2 second(s)

2018-12-07 02:54:44 - [MESSAGE][PASSED] - Delayed 2 second(s)

2018-12-07 02:54:44 - [TEST_STEP][PASSED] - click: Object: 'Object Repository/Final Object Repo/Page_Update Employee Information By Employee/Submit' is clicked on

2018-12-07 02:54:44 - [MESSAGE][PASSED] - Object: 'Object Repository/Final Object Repo/Page_Update Employee Information By Employee/Submit' is clicked on

2018-12-07 02:54:44 - [TEST_STEP][PASSED] - delay: Delayed 2 second(s)

2018-12-07 02:54:46 - [MESSAGE][PASSED] - Delayed 2 second(s)

2018-12-07 02:54:46 - [TEST_STEP][PASSED] - click: Object: 'Object Repository/Final Object Repo/Page_Update Employee Information By Employee/Confirm Button' is clicked on

2018-12-07 02:54:46 - [MESSAGE][PASSED] - Object: 'Object Repository/Final Object Repo/Page_Update Employee Information By Employee/Confirm Button' is clicked on

2018-12-07 02:54:46 - [TEST_STEP][PASSED] - delay: Delayed 2 second(s)

2018-12-07 02:54:48 - [MESSAGE][PASSED] - Delayed 2 second(s)

2018-12-07 02:54:48 - [TEST_STEP][PASSED] - click: Object: 'Object Repository/Final Object Repo/Page_Update Employee Information By Employee/Successful Message Routed to UO' is clicked on

2018-12-07 02:54:49 - [MESSAGE][PASSED] - Object: 'Object Repository/Final Object Repo/Page_Update Employee Information By Employee/Successful Message Routed to UO' is clicked on

2018-12-07 02:54:49 - [MESSAGE][PASSED] - Call Test Case 'Test Cases/Final Aug 2018 - PKS Automation/Registration Module/Workflow/Update Employee Information (Employee)/Template/Update Employee Information - Special Case (OTC)' successfully

2018-12-07 02:54:49 - [TEST_STEP][PASSED] - callTestCase: Call Test Case 'Test Cases/Final Aug 2018 - PKS Automation/Registration Module/Workflow/Update Employee Information (Employee)/Template/Update Employee Information - Special Case - UO (Under enforcement)' successfully

2018-12-07 02:54:49 - [TEST_CASE][PASSED] - Test Cases/Final Aug 2018 - PKS Automation/Registration Module/Workflow/Update Employee Information (Employee)/Template/Update Employee Information - Special Case - UO (Under enforcement): Test Cases/Final Aug 2018 - PKS Automation/Registration Module/Workflow/Update Employee Information (Employee)/Template/Update Employee Information - Special Case - UO (Under enforcement)

2018-12-07 02:54:50 - [TEST_STEP][NOT_RUN] - callTestCase: NOT_RUN: callTestCase

2018-12-07 02:54:50 - [MESSAGE][NOT_RUN] - NOT_RUN: callTestCase

2018-12-07 02:54:50 - [TEST_STEP][PASSED] - delay: Delayed 2 second(s)

2018-12-07 02:54:52 - [MESSAGE][PASSED] - Delayed 2 second(s)

2018-12-07 02:54:52 - [TEST_STEP][PASSED] - navigateToUrl: Navigate to 'https://assist2-uat.perkeso.gov.my/c/portal/logout' successfully

2018-12-07 02:54:52 - [MESSAGE][PASSED] - Navigate to 'https://assist2-uat.perkeso.gov.my/c/portal/logout' successfully

2018-12-07 02:54:52 - [TEST_STEP][PASSED] - delay: Delayed 2 second(s)

2018-12-07 02:54:54 - [MESSAGE][PASSED] - Delayed 2 second(s)

2018-12-07 02:54:54 - [TEST_STEP][PASSED] - callTestCase: Call Test Case 'Test Cases/Final Aug 2018 - PKS Automation/Common/Reference Number Getter' successfully

2018-12-07 02:54:55 - [TEST_CASE][PASSED] - Test Cases/Final Aug 2018 - PKS Automation/Common/Reference Number Getter: Test Cases/Final Aug 2018 - PKS Automation/Common/Reference Number Getter

2018-12-07 02:54:55 - [TEST_STEP][PASSED] - Statement - Try: null

2018-12-07 02:54:55 - [TEST_STEP][PASSED] - Statement - RefNo = new java.io.File(C://Users//Admin//Desktop//PKS//Automation Reference Point//KatalonReference.txt): null

2018-12-07 02:54:55 - [TEST_STEP][PASSED] - Statement - bufferread = new java.io.BufferedReader(new java.io.FileReader(RefNo)): null

2018-12-07 02:54:55 - [TEST_STEP][PASSED] - Statement - readedVal = bufferread.readLine(): null

2018-12-07 02:54:55 - [TEST_STEP][PASSED] - Statement - out.println(CaseReferenceNo): null

2018-12-07 02:54:55 - [TEST_STEP][PASSED] - Statement - out.println(readedVal): null

2018-12-07 02:54:55 - [TEST_STEP][PASSED] - Statement - CaseReferenceNo = "": null

2018-12-07 02:54:55 - [TEST_STEP][PASSED] - Statement - CaseReferenceNo = readedVal: null

2018-12-07 02:54:55 - [MESSAGE][PASSED] - Call Test Case 'Test Cases/Final Aug 2018 - PKS Automation/Common/Reference Number Getter' successfully

2018-12-07 02:54:55 - [TEST_STEP][PASSED] - callTestCase: Call Test Case 'Test Cases/Final Aug 2018 - PKS Automation/Common/Workflow Owner Finder' successfully

2018-12-07 02:54:55 - [TEST_CASE][PASSED] - Test Cases/Final Aug 2018 - PKS Automation/Common/Workflow Owner Finder: Test Cases/Final Aug 2018 - PKS Automation/Common/Workflow Owner Finder

2018-12-07 02:54:55 - [TEST_STEP][PASSED] - openBrowser: Browser is opened with url: ''

2018-12-07 02:54:55 - [MESSAGE][WARNING] - A browser is already opened. Closing browser and opening a new one

2018-12-07 02:54:58 - [MESSAGE][PASSED] - Browser is opened with url: ''

2018-12-07 02:54:58 - [TEST_STEP][PASSED] - navigateToUrl: Navigate to 'https://assist2-uat.perkeso.gov.my/login' successfully

2018-12-07 02:55:00 - [MESSAGE][PASSED] - Navigate to 'https://assist2-uat.perkeso.gov.my/login' successfully

2018-12-07 02:55:00 - [TEST_STEP][PASSED] - delay: Delayed 5 second(s)

2018-12-07 02:55:05 - [MESSAGE][PASSED] - Delayed 5 second(s)

2018-12-07 02:55:05 - [TEST_STEP][PASSED] - setText: Text 'test@liferay.com' is set on object 'Object Repository/Final Object Repo/Login Page/Internal User/Email Address'

2018-12-07 02:55:05 - [MESSAGE][PASSED] - Text 'test@liferay.com' is set on object 'Object Repository/Final Object Repo/Login Page/Internal User/Email Address'

2018-12-07 02:55:05 - [TEST_STEP][PASSED] - click: Object: 'Object Repository/Final Object Repo/Login Page/Internal User/Next Button' is clicked on

2018-12-07 02:55:05 - [MESSAGE][PASSED] - Object: 'Object Repository/Final Object Repo/Login Page/Internal User/Next Button' is clicked on

2018-12-07 02:55:05 - [TEST_STEP][PASSED] - delay: Delayed 2 second(s)

2018-12-07 02:55:07 - [MESSAGE][PASSED] - Delayed 2 second(s)

2018-12-07 02:55:07 - [TEST_STEP][PASSED] - setText: Text 'test' is set on object 'Object Repository/Final Object Repo/Login Page/Internal User/Password'

2018-12-07 02:55:08 - [MESSAGE][PASSED] - Text 'test' is set on object 'Object Repository/Final Object Repo/Login Page/Internal User/Password'

2018-12-07 02:55:08 - [TEST_STEP][PASSED] - delay: Delayed 2 second(s)

2018-12-07 02:55:10 - [MESSAGE][PASSED] - Delayed 2 second(s)

2018-12-07 02:55:10 - [TEST_STEP][PASSED] - click: Object: 'Object Repository/Final Object Repo/Login Page/Internal User/Login Button' is clicked on

2018-12-07 02:55:10 - [MESSAGE][PASSED] - Object: 'Object Repository/Final Object Repo/Login Page/Internal User/Login Button' is clicked on

2018-12-07 02:55:10 - [TEST_STEP][PASSED] - Statement - tester = com.kms.katalon.core.testobject.ObjectRepository.findTestObject(Final Object Repo/Landing Page/Select to English): Finding Test Object with id 'Object Repository/Final Object Repo/Landing Page/Select to English'

2018-12-07 02:55:10 - [TEST_STEP][PASSED] - Statement - Try: Delayed 2 second(s)

2018-12-07 02:55:10 - [TEST_STEP][PASSED] - Statement - Checker = com.kms.katalon.core.webui.keyword.WebUiBuiltInKeywords.verifyElementNotPresent(tester, 3): Web element with id: 'Object Repository/Final Object Repo/Landing Page/Select to English' located by 'By.xpath: //a[@class = 'taglib-language-list-text' and @lang = 'en-US' and (contains(text(), 'EN') or contains(., 'EN'))]' is not present after '3' second(s)

2018-12-07 02:55:12 - [MESSAGE][PASSED] - Web element with id: 'Object Repository/Final Object Repo/Landing Page/Select to English' located by 'By.xpath: //a[@class = 'taglib-language-list-text' and @lang = 'en-US' and (contains(text(), 'EN') or contains(., 'EN'))]' is not present after '3' second(s)

2018-12-07 02:55:12 - [TEST_STEP][PASSED] - Statement - If (Checker == false): null

2018-12-07 02:55:12 - [TEST_STEP][PASSED] - delay: Delayed 2 second(s)

2018-12-07 02:55:14 - [MESSAGE][PASSED] - Delayed 2 second(s)

2018-12-07 02:55:14 - [TEST_STEP][PASSED] - delay: Delayed 5 second(s)

2018-12-07 02:55:19 - [MESSAGE][PASSED] - Delayed 5 second(s)

2018-12-07 02:55:19 - [TEST_STEP][PASSED] - mouseOver: Object: 'Object Repository/Final Object Repo/Landing Page/WorkFlow Menu' is hovered

2018-12-07 02:55:19 - [MESSAGE][PASSED] - Object: 'Object Repository/Final Object Repo/Landing Page/WorkFlow Menu' is hovered

2018-12-07 02:55:19 - [TEST_STEP][PASSED] - delay: Delayed 2 second(s)

2018-12-07 02:55:21 - [MESSAGE][PASSED] - Delayed 2 second(s)

2018-12-07 02:55:21 - [TEST_STEP][PASSED] - click: Object: 'Object Repository/Final Object Repo/Landing Page/Select to Workflow Listing' is clicked on

2018-12-07 02:55:22 - [MESSAGE][PASSED] - Object: 'Object Repository/Final Object Repo/Landing Page/Select to Workflow Listing' is clicked on

2018-12-07 02:55:22 - [TEST_STEP][PASSED] - delay: Delayed 2 second(s)

2018-12-07 02:55:24 - [MESSAGE][PASSED] - Delayed 2 second(s)

2018-12-07 02:55:24 - [TEST_STEP][PASSED] - click: Object: 'Object Repository/Final Object Repo/WorkFlow Listing Page/Search Information - To Put Ref No' is clicked on

2018-12-07 02:55:24 - [MESSAGE][PASSED] - Object: 'Object Repository/Final Object Repo/WorkFlow Listing Page/Search Information - To Put Ref No' is clicked on

2018-12-07 02:55:24 - [TEST_STEP][PASSED] - delay: Delayed 2 second(s)

2018-12-07 02:55:26 - [MESSAGE][PASSED] - Delayed 2 second(s)

2018-12-07 02:55:26 - [TEST_STEP][PASSED] - callTestCase: Call Test Case 'Test Cases/Final Aug 2018 - PKS Automation/Common/Reference Number Getter' successfully

2018-12-07 02:55:26 - [TEST_CASE][PASSED] - Test Cases/Final Aug 2018 - PKS Automation/Common/Reference Number Getter: Test Cases/Final Aug 2018 - PKS Automation/Common/Reference Number Getter

2018-12-07 02:55:26 - [TEST_STEP][PASSED] - Statement - Try: null

2018-12-07 02:55:26 - [TEST_STEP][PASSED] - Statement - RefNo = new java.io.File(C://Users//Admin//Desktop//PKS//Automation Reference Point//KatalonReference.txt): null

2018-12-07 02:55:26 - [TEST_STEP][PASSED] - Statement - bufferread = new java.io.BufferedReader(new java.io.FileReader(RefNo)): null

2018-12-07 02:55:26 - [TEST_STEP][PASSED] - Statement - readedVal = bufferread.readLine(): null

2018-12-07 02:55:26 - [TEST_STEP][PASSED] - Statement - out.println(CaseReferenceNo): null

2018-12-07 02:55:26 - [TEST_STEP][PASSED] - Statement - out.println(readedVal): null

2018-12-07 02:55:26 - [TEST_STEP][PASSED] - Statement - CaseReferenceNo = "": null

2018-12-07 02:55:26 - [TEST_STEP][PASSED] - Statement - CaseReferenceNo = readedVal: null

2018-12-07 02:55:26 - [MESSAGE][PASSED] - Call Test Case 'Test Cases/Final Aug 2018 - PKS Automation/Common/Reference Number Getter' successfully

2018-12-07 02:55:26 - [TEST_STEP][PASSED] - setText: Text 'CUN122018C100005870' is set on object 'Object Repository/Final Object Repo/WorkFlow Listing Page/Ref No Set Text'

2018-12-07 02:55:26 - [MESSAGE][PASSED] - Text 'CUN122018C100005870' is set on object 'Object Repository/Final Object Repo/WorkFlow Listing Page/Ref No Set Text'

2018-12-07 02:55:26 - [TEST_STEP][PASSED] - delay: Delayed 2 second(s)

2018-12-07 02:55:28 - [MESSAGE][PASSED] - Delayed 2 second(s)

2018-12-07 02:55:28 - [TEST_STEP][PASSED] - click: Object: 'Object Repository/Final Object Repo/WorkFlow Listing Page/Search Ref No Search Button' is clicked on

2018-12-07 02:55:29 - [MESSAGE][PASSED] - Object: 'Object Repository/Final Object Repo/WorkFlow Listing Page/Search Ref No Search Button' is clicked on

2018-12-07 02:55:29 - [TEST_STEP][PASSED] - delay: Delayed 6 second(s)

2018-12-07 02:55:35 - [MESSAGE][PASSED] - Delayed 6 second(s)

2018-12-07 02:55:35 - [TEST_STEP][PASSED] - click: Object: 'Object Repository/Final Object Repo/WorkFlow Listing Page/Click Continue Tooltip' is clicked on

2018-12-07 02:55:35 - [MESSAGE][PASSED] - Object: 'Object Repository/Final Object Repo/WorkFlow Listing Page/Click Continue Tooltip' is clicked on

2018-12-07 02:55:35 - [TEST_STEP][PASSED] - delay: Delayed 5 second(s)

2018-12-07 02:55:40 - [MESSAGE][PASSED] - Delayed 5 second(s)

2018-12-07 02:55:40 - [TEST_STEP][PASSED] - doubleClick: Object: 'Object Repository/Final Object Repo/WorkFlow Listing Page/Workflow Found - Listing 1' is double clicked on

2018-12-07 02:55:41 - [MESSAGE][PASSED] - Object: 'Object Repository/Final Object Repo/WorkFlow Listing Page/Workflow Found - Listing 1' is double clicked on

2018-12-07 02:55:41 - [TEST_STEP][PASSED] - Statement - println(OwnerID): null

2018-12-07 02:55:41 - [TEST_STEP][PASSED] - Statement - OwnerID = com.kms.katalon.core.webui.keyword.WebUiBuiltInKeywords.getText(com.kms.katalon.core.testobject.ObjectRepository.findTestObject(Final Object Repo/WorkFlow Listing Page/Workflow Found - Listing 1), STOP_ON_FAILURE): Text of object 'Object Repository/Final Object Repo/WorkFlow Listing Page/Workflow Found - Listing 1' is: 'JOHORuo2'

2018-12-07 02:55:41 - [MESSAGE][PASSED] - Text of object 'Object Repository/Final Object Repo/WorkFlow Listing Page/Workflow Found - Listing 1' is: 'JOHORuo2'

2018-12-07 02:55:41 - [TEST_STEP][PASSED] - Statement - OwnerID = OwnerID.toLowerCase() + "@gmail.com": null

2018-12-07 02:55:41 - [TEST_STEP][PASSED] - Statement - println(OwnerID): null

2018-12-07 02:55:41 - [TEST_STEP][PASSED] - delay: Delayed 2 second(s)

2018-12-07 02:55:43 - [MESSAGE][PASSED] - Delayed 2 second(s)

2018-12-07 02:55:43 - [MESSAGE][PASSED] - Call Test Case 'Test Cases/Final Aug 2018 - PKS Automation/Common/Workflow Owner Finder' successfully

2018-12-07 02:55:43 - [TEST_STEP][PASSED] - delay: Delayed 2 second(s)

2018-12-07 02:55:45 - [MESSAGE][PASSED] - Delayed 2 second(s)

2018-12-07 02:55:45 - [TEST_STEP][PASSED] - navigateToUrl: Navigate to 'https://assist2-uat.perkeso.gov.my/c/portal/logout' successfully

2018-12-07 02:55:46 - [MESSAGE][PASSED] - Navigate to 'https://assist2-uat.perkeso.gov.my/c/portal/logout' successfully

2018-12-07 02:55:46 - [TEST_STEP][PASSED] - delay: Delayed 2 second(s)

2018-12-07 02:55:48 - [MESSAGE][PASSED] - Delayed 2 second(s)

2018-12-07 02:55:48 - [TEST_STEP][PASSED] - callTestCase: Call Test Case 'Test Cases/Final Aug 2018 - PKS Automation/Registration Module/Workflow/Login and Search Case For Workflow' successfully

2018-12-07 02:55:48 - [TEST_CASE][PASSED] - Test Cases/Final Aug 2018 - PKS Automation/Registration Module/Workflow/Login and Search Case For Workflow: Test Cases/Final Aug 2018 - PKS Automation/Registration Module/Workflow/Login and Search Case For Workflow

2018-12-07 02:55:48 - [TEST_STEP][PASSED] - navigateToUrl: Navigate to 'https://assist2-uat.perkeso.gov.my/login' successfully

2018-12-07 02:55:48 - [MESSAGE][PASSED] - Navigate to 'https://assist2-uat.perkeso.gov.my/login' successfully

2018-12-07 02:55:48 - [TEST_STEP][PASSED] - setText: Text 'johoruo2@gmail.com' is set on object 'Object Repository/Final Object Repo/Login Page/Internal User/Email Address'

2018-12-07 02:55:48 - [MESSAGE][PASSED] - Text 'johoruo2@gmail.com' is set on object 'Object Repository/Final Object Repo/Login Page/Internal User/Email Address'

2018-12-07 02:55:48 - [TEST_STEP][PASSED] - click: Object: 'Object Repository/Final Object Repo/Login Page/Internal User/Next Button' is clicked on

2018-12-07 02:55:49 - [MESSAGE][PASSED] - Object: 'Object Repository/Final Object Repo/Login Page/Internal User/Next Button' is clicked on

2018-12-07 02:55:49 - [TEST_STEP][PASSED] - delay: Delayed 1 second(s)

2018-12-07 02:55:50 - [MESSAGE][PASSED] - Delayed 1 second(s)

2018-12-07 02:55:50 - [TEST_STEP][PASSED] - setEncryptedText: Text ****** has been set on object 'Object Repository/Final Object Repo/Login Page/Internal User/Password'

2018-12-07 02:55:50 - [MESSAGE][PASSED] - Text ****** has been set on object 'Object Repository/Final Object Repo/Login Page/Internal User/Password'

2018-12-07 02:55:50 - [TEST_STEP][PASSED] - click: Object: 'Object Repository/Final Object Repo/Login Page/Internal User/Login Button' is clicked on

2018-12-07 02:55:50 - [MESSAGE][PASSED] - Object: 'Object Repository/Final Object Repo/Login Page/Internal User/Login Button' is clicked on

2018-12-07 02:55:50 - [TEST_STEP][PASSED] - delay: Delayed 2 second(s)

2018-12-07 02:55:52 - [MESSAGE][PASSED] - Delayed 2 second(s)

2018-12-07 02:55:52 - [TEST_STEP][PASSED] - Statement - Try: Delayed 2 second(s)

2018-12-07 02:55:52 - [TEST_STEP][PASSED] - Statement - Checker = false: null

2018-12-07 02:55:52 - [TEST_STEP][PASSED] - Statement - Checker = com.kms.katalon.core.webui.keyword.WebUiBuiltInKeywords.verifyElementHasAttribute(com.kms.katalon.core.testobject.ObjectRepository.findTestObject(Final Object Repo/Landing Page/BM Detecting), "href", 20, OPTIONAL): Object 'Object Repository/Final Object Repo/Landing Page/BM Detecting' has attribute 'href'

2018-12-07 02:55:52 - [MESSAGE][PASSED] - Object 'Object Repository/Final Object Repo/Landing Page/BM Detecting' has attribute 'href'

2018-12-07 02:55:52 - [TEST_STEP][PASSED] - Statement - out.println(Checker): null

2018-12-07 02:55:52 - [TEST_STEP][PASSED] - Statement - If (Checker == false): null

2018-12-07 02:55:52 - [TEST_STEP][PASSED] - Statement - Else: null

2018-12-07 02:55:52 - [TEST_STEP][PASSED] - delay: Delayed 2 second(s)

2018-12-07 02:55:54 - [MESSAGE][PASSED] - Delayed 2 second(s)

2018-12-07 02:55:54 - [TEST_STEP][PASSED] - click: Object: 'Object Repository/Final Object Repo/Page_MyASSIST - ASSIST - Search Pending Case For Add Supporting Document/Search Information' is clicked on

2018-12-07 02:55:54 - [MESSAGE][PASSED] - Object: 'Object Repository/Final Object Repo/Page_MyASSIST - ASSIST - Search Pending Case For Add Supporting Document/Search Information' is clicked on

2018-12-07 02:55:54 - [TEST_STEP][PASSED] - delay: Delayed 3 second(s)

2018-12-07 02:55:57 - [MESSAGE][PASSED] - Delayed 3 second(s)

2018-12-07 02:55:57 - [TEST_STEP][PASSED] - sendKeys: Keys 'CUN122018C100005870' sent to object: 'Object Repository/Final Object Repo/Page_MyASSIST - ASSIST - Search Pending Case For Add Supporting Document/Reference No'

2018-12-07 02:55:58 - [MESSAGE][PASSED] - Keys 'CUN122018C100005870' sent to object: 'Object Repository/Final Object Repo/Page_MyASSIST - ASSIST - Search Pending Case For Add Supporting Document/Reference No'

2018-12-07 02:55:58 - [TEST_STEP][PASSED] - click: Object: 'Object Repository/Final Object Repo/Page_MyASSIST - ASSIST - Search Pending Case For Add Supporting Document/Search Reference No' is clicked on

2018-12-07 02:55:58 - [MESSAGE][PASSED] - Object: 'Object Repository/Final Object Repo/Page_MyASSIST - ASSIST - Search Pending Case For Add Supporting Document/Search Reference No' is clicked on

2018-12-07 02:55:58 - [TEST_STEP][PASSED] - delay: Delayed 2 second(s)

2018-12-07 02:56:00 - [MESSAGE][PASSED] - Delayed 2 second(s)

2018-12-07 02:56:00 - [TEST_STEP][PASSED] - click: Object: 'Object Repository/Final Object Repo/Page_MyASSIST - ASSIST - Search Pending Case For Add Supporting Document/Continue' is clicked on

2018-12-07 02:56:04 - [MESSAGE][PASSED] - Object: 'Object Repository/Final Object Repo/Page_MyASSIST - ASSIST - Search Pending Case For Add Supporting Document/Continue' is clicked on

2018-12-07 02:56:04 - [TEST_STEP][PASSED] - delay: Delayed 20 second(s)

2018-12-07 02:56:24 - [MESSAGE][PASSED] - Delayed 20 second(s)

2018-12-07 02:56:24 - [MESSAGE][PASSED] - Call Test Case 'Test Cases/Final Aug 2018 - PKS Automation/Registration Module/Workflow/Login and Search Case For Workflow' successfully

2018-12-07 02:56:24 - [TEST_STEP][PASSED] - click: Object: 'Object Repository/Final Object Repo/Page_Update Employee Information By Employee/Page_Update Employee Information By Employee (Approve)/Continue' is clicked on

2018-12-07 02:56:27 - [MESSAGE][PASSED] - Object: 'Object Repository/Final Object Repo/Page_Update Employee Information By Employee/Page_Update Employee Information By Employee (Approve)/Continue' is clicked on

2018-12-07 02:56:27 - [TEST_STEP][PASSED] - delay: Delayed 2 second(s)

2018-12-07 02:56:29 - [MESSAGE][PASSED] - Delayed 2 second(s)

2018-12-07 02:56:29 - [TEST_STEP][PASSED] - click: Object: 'Object Repository/Final Object Repo/Page_Update Employee Information By Employer/Page_Update Employee Information by Employer (Approve)/Save  Continue in Update Employee Information Page' is clicked on

2018-12-07 02:56:30 - [MESSAGE][PASSED] - Object: 'Object Repository/Final Object Repo/Page_Update Employee Information By Employer/Page_Update Employee Information by Employer (Approve)/Save  Continue in Update Employee Information Page' is clicked on

2018-12-07 02:56:30 - [TEST_STEP][PASSED] - delay: Delayed 2 second(s)

2018-12-07 02:56:32 - [MESSAGE][PASSED] - Delayed 2 second(s)

2018-12-07 02:56:32 - [TEST_STEP][PASSED] - click: Object: 'Object Repository/Final Object Repo/Page_Update Employee Information By Employer/Page_Update Employee Information by Employer (Approve)/Save  Continue in Upload Supporting Doucument Page' is clicked on

2018-12-07 02:56:33 - [MESSAGE][PASSED] - Object: 'Object Repository/Final Object Repo/Page_Update Employee Information By Employer/Page_Update Employee Information by Employer (Approve)/Save  Continue in Upload Supporting Doucument Page' is clicked on

2018-12-07 02:56:33 - [TEST_STEP][PASSED] - delay: Delayed 2 second(s)

2018-12-07 02:56:35 - [MESSAGE][PASSED] - Delayed 2 second(s)

2018-12-07 02:56:35 - [TEST_STEP][PASSED] - click: Object: 'Object Repository/Final Object Repo/Page_Update Employee Information By Employee/Page_Update Employee Information by Employee (Under enforcement)/Under enforcement' is clicked on

2018-12-07 02:56:36 - [MESSAGE][PASSED] - Object: 'Object Repository/Final Object Repo/Page_Update Employee Information By Employee/Page_Update Employee Information by Employee (Under enforcement)/Under enforcement' is clicked on

2018-12-07 02:56:36 - [TEST_STEP][PASSED] - delay: Delayed 2 second(s)

2018-12-07 02:56:38 - [MESSAGE][PASSED] - Delayed 2 second(s)

2018-12-07 02:56:38 - [TEST_STEP][PASSED] - setText: Text 'remark' is set on object 'Object Repository/Final Object Repo/Page_Update Employee Information By Employee/Page_Update Employee Information by Employee (Under enforcement)/Under enforcement - remark'

2018-12-07 02:56:39 - [MESSAGE][PASSED] - Text 'remark' is set on object 'Object Repository/Final Object Repo/Page_Update Employee Information By Employee/Page_Update Employee Information by Employee (Under enforcement)/Under enforcement - remark'

2018-12-07 02:56:39 - [TEST_STEP][PASSED] - delay: Delayed 2 second(s)

2018-12-07 02:56:41 - [MESSAGE][PASSED] - Delayed 2 second(s)

2018-12-07 02:56:41 - [TEST_STEP][PASSED] - click: Object: 'Object Repository/Final Object Repo/Page_Update Employee Information By Employee/Page_Update Employee Information by Employee (Under enforcement)/Save  Continue in Under enforcement Page' is clicked on

2018-12-07 02:56:41 - [MESSAGE][PASSED] - Object: 'Object Repository/Final Object Repo/Page_Update Employee Information By Employee/Page_Update Employee Information by Employee (Under enforcement)/Save  Continue in Under enforcement Page' is clicked on

2018-12-07 02:56:41 - [TEST_STEP][PASSED] - click: Object: 'Object Repository/Final Object Repo/Page_Update Employee Information By Employee/Page_Update Employee Information by Employee (Under enforcement)/Message The case is under enforcement' is clicked on

2018-12-07 02:56:44 - [MESSAGE][PASSED] - Object: 'Object Repository/Final Object Repo/Page_Update Employee Information By Employee/Page_Update Employee Information by Employee (Under enforcement)/Message The case is under enforcement' is clicked on

2018-12-07 02:56:44 - [MESSAGE][PASSED] - Call Test Case 'Test Cases/Final Aug 2018 - PKS Automation/Registration Module/Workflow/Update Employee Information (Employee)/Template/Update Employee Information - Special Case - UO (Under enforcement)' successfully]]></system-out>
         <system-err><![CDATA[]]></system-err>
      </testcase>
      <testcase name="Test Cases/Final Aug 2018 - PKS Automation/Registration Module/Workflow/Update Employee Information (Employee)/PAU to UO (Approve)" classname="Test Cases/Final Aug 2018 - PKS Automation/Registration Module/Workflow/Update Employee Information (Employee)/PAU to UO (Approve)" status="PASSED">
         <system-out><![CDATA[2018-12-07 02:56:44 - [TEST_CASE][PASSED] - Test Cases/Final Aug 2018 - PKS Automation/Registration Module/Workflow/Update Employee Information (Employee)/PAU to UO (Approve): Test Cases/Final Aug 2018 - PKS Automation/Registration Module/Workflow/Update Employee Information (Employee)/PAU to UO (Approve)

2018-12-07 02:56:45 - [TEST_STEP][PASSED] - callTestCase: Call Test Case 'Test Cases/Final Aug 2018 - PKS Automation/Registration Module/Workflow/Update Employee Information (Employee)/Template/Update Employee Information - Special Case (PAU)' successfully

2018-12-07 02:56:45 - [TEST_CASE][PASSED] - Test Cases/Final Aug 2018 - PKS Automation/Registration Module/Workflow/Update Employee Information (Employee)/Template/Update Employee Information - Special Case (PAU): Test Cases/Final Aug 2018 - PKS Automation/Registration Module/Workflow/Update Employee Information (Employee)/Template/Update Employee Information - Special Case (PAU)

2018-12-07 02:56:45 - [TEST_STEP][PASSED] - openBrowser: Browser is opened with url: ''

2018-12-07 02:56:45 - [MESSAGE][WARNING] - A browser is already opened. Closing browser and opening a new one

2018-12-07 02:56:49 - [MESSAGE][PASSED] - Browser is opened with url: ''

2018-12-07 02:56:49 - [TEST_STEP][PASSED] - navigateToUrl: Navigate to 'https://assist2-uat.perkeso.gov.my/login' successfully

2018-12-07 02:56:50 - [MESSAGE][PASSED] - Navigate to 'https://assist2-uat.perkeso.gov.my/login' successfully

2018-12-07 02:56:50 - [TEST_STEP][PASSED] - setText: Text 'johorpau1@gmail.com' is set on object 'Object Repository/Final Object Repo/Login Page/Internal User/Email Address'

2018-12-07 02:56:50 - [MESSAGE][PASSED] - Text 'johorpau1@gmail.com' is set on object 'Object Repository/Final Object Repo/Login Page/Internal User/Email Address'

2018-12-07 02:56:50 - [TEST_STEP][PASSED] - click: Object: 'Object Repository/Final Object Repo/Login Page/Internal User/Next Button' is clicked on

2018-12-07 02:56:50 - [MESSAGE][PASSED] - Object: 'Object Repository/Final Object Repo/Login Page/Internal User/Next Button' is clicked on

2018-12-07 02:56:50 - [TEST_STEP][PASSED] - delay: Delayed 1 second(s)

2018-12-07 02:56:51 - [MESSAGE][PASSED] - Delayed 1 second(s)

2018-12-07 02:56:51 - [TEST_STEP][PASSED] - setEncryptedText: Text ****** has been set on object 'Object Repository/Final Object Repo/Login Page/Internal User/Password'

2018-12-07 02:56:52 - [MESSAGE][PASSED] - Text ****** has been set on object 'Object Repository/Final Object Repo/Login Page/Internal User/Password'

2018-12-07 02:56:52 - [TEST_STEP][PASSED] - click: Object: 'Object Repository/Final Object Repo/Login Page/Internal User/Login Button' is clicked on

2018-12-07 02:56:52 - [MESSAGE][PASSED] - Object: 'Object Repository/Final Object Repo/Login Page/Internal User/Login Button' is clicked on

2018-12-07 02:56:52 - [TEST_STEP][PASSED] - Statement - tester = com.kms.katalon.core.testobject.ObjectRepository.findTestObject(Final Object Repo/Landing Page/Select to English): Finding Test Object with id 'Object Repository/Final Object Repo/Landing Page/Select to English'

2018-12-07 02:56:52 - [TEST_STEP][PASSED] - Statement - Try: Delayed 2 second(s)

2018-12-07 02:56:52 - [TEST_STEP][PASSED] - Statement - Checker = com.kms.katalon.core.webui.keyword.WebUiBuiltInKeywords.verifyElementNotPresent(tester, 3): Web element with id: 'Object Repository/Final Object Repo/Landing Page/Select to English' located by 'By.xpath: //a[@class = 'taglib-language-list-text' and @lang = 'en-US' and (contains(text(), 'EN') or contains(., 'EN'))]' is not present after '3' second(s)

2018-12-07 02:56:54 - [MESSAGE][PASSED] - Web element with id: 'Object Repository/Final Object Repo/Landing Page/Select to English' located by 'By.xpath: //a[@class = 'taglib-language-list-text' and @lang = 'en-US' and (contains(text(), 'EN') or contains(., 'EN'))]' is not present after '3' second(s)

2018-12-07 02:56:54 - [TEST_STEP][PASSED] - Statement - If (Checker == false): null

2018-12-07 02:56:54 - [TEST_STEP][PASSED] - delay: Delayed 2 second(s)

2018-12-07 02:56:56 - [MESSAGE][PASSED] - Delayed 2 second(s)

2018-12-07 02:56:56 - [TEST_STEP][PASSED] - delay: Delayed 5 second(s)

2018-12-07 02:57:01 - [MESSAGE][PASSED] - Delayed 5 second(s)

2018-12-07 02:57:01 - [TEST_STEP][PASSED] - navigateToUrl: Navigate to 'https://assist2-uat.perkeso.gov.my/web/registration/update/update-employee-information-employee-' successfully

2018-12-07 02:57:02 - [MESSAGE][PASSED] - Navigate to 'https://assist2-uat.perkeso.gov.my/web/registration/update/update-employee-information-employee-' successfully

2018-12-07 02:57:02 - [TEST_STEP][PASSED] - click: Object: 'Object Repository/Final Object Repo/Page_Update Employee Information By Employee/Type of Identification' is clicked on

2018-12-07 02:57:02 - [MESSAGE][PASSED] - Object: 'Object Repository/Final Object Repo/Page_Update Employee Information By Employee/Type of Identification' is clicked on

2018-12-07 02:57:02 - [TEST_STEP][PASSED] - click: Object: 'Object Repository/Final Object Repo/Page Update Employee Information By Employee/Type of Identification - Name' is clicked on

2018-12-07 02:57:02 - [MESSAGE][PASSED] - Object: 'Object Repository/Final Object Repo/Page Update Employee Information By Employee/Type of Identification - Name' is clicked on

2018-12-07 02:57:02 - [TEST_STEP][PASSED] - setText: Text 'YUKI JR B' is set on object 'Object Repository/Final Object Repo/Page_Update Employee Information By Employee/New Identification'

2018-12-07 02:57:02 - [MESSAGE][PASSED] - Text 'YUKI JR B' is set on object 'Object Repository/Final Object Repo/Page_Update Employee Information By Employee/New Identification'

2018-12-07 02:57:02 - [TEST_STEP][PASSED] - click: Object: 'Object Repository/Final Object Repo/Page_Update Employee Information By Employee/Search Button' is clicked on

2018-12-07 02:57:02 - [MESSAGE][PASSED] - Object: 'Object Repository/Final Object Repo/Page_Update Employee Information By Employee/Search Button' is clicked on

2018-12-07 02:57:02 - [TEST_STEP][PASSED] - click: Object: 'Object Repository/Final Object Repo/Page_Update Employee Information By Employee/Edit Button' is clicked on

2018-12-07 02:57:06 - [MESSAGE][PASSED] - Object: 'Object Repository/Final Object Repo/Page_Update Employee Information By Employee/Edit Button' is clicked on

2018-12-07 02:57:06 - [TEST_STEP][PASSED] - delay: Delayed 2 second(s)

2018-12-07 02:57:08 - [MESSAGE][PASSED] - Delayed 2 second(s)

2018-12-07 02:57:08 - [TEST_STEP][PASSED] - click: Object: 'Object Repository/Final Object Repo/Page_Update Employee Information By Employee/Employee Information Edit Button' is clicked on

2018-12-07 02:57:08 - [MESSAGE][PASSED] - Object: 'Object Repository/Final Object Repo/Page_Update Employee Information By Employee/Employee Information Edit Button' is clicked on

2018-12-07 02:57:08 - [TEST_STEP][PASSED] - delay: Delayed 2 second(s)

2018-12-07 02:57:10 - [MESSAGE][PASSED] - Delayed 2 second(s)

2018-12-07 02:57:10 - [TEST_STEP][PASSED] - click: Object: 'Object Repository/Final Object Repo/Page_Update Employee Information By Employee/New Identification Number' is clicked on

2018-12-07 02:57:10 - [MESSAGE][PASSED] - Object: 'Object Repository/Final Object Repo/Page_Update Employee Information By Employee/New Identification Number' is clicked on

2018-12-07 02:57:10 - [TEST_STEP][PASSED] - setText: Text '' is set on object 'Object Repository/Final Object Repo/Page_Update Employee Information By Employee/New Identification Number'

2018-12-07 02:57:10 - [MESSAGE][PASSED] - Text '' is set on object 'Object Repository/Final Object Repo/Page_Update Employee Information By Employee/New Identification Number'

2018-12-07 02:57:10 - [TEST_STEP][PASSED] - Statement - rnd = new java.util.Random(): null

2018-12-07 02:57:10 - [TEST_STEP][PASSED] - Statement - snum = rnd.nextInt(899999 + 1) + 100000: null

2018-12-07 02:57:10 - [TEST_STEP][PASSED] - Statement - tnum = rnd.nextInt(899999 + 1) + 100000: null

2018-12-07 02:57:10 - [TEST_STEP][PASSED] - Statement - IC = java.lang.Integer.toString(snum) + java.lang.Integer.toString(tnum): null

2018-12-07 02:57:10 - [TEST_STEP][PASSED] - Statement - out.println(IC): null

2018-12-07 02:57:10 - [TEST_STEP][PASSED] - setText: Text '344004605550' is set on object 'Object Repository/Final Object Repo/Page_Update Employee Information By Employee/New Identification Number'

2018-12-07 02:57:11 - [MESSAGE][PASSED] - Text '344004605550' is set on object 'Object Repository/Final Object Repo/Page_Update Employee Information By Employee/New Identification Number'

2018-12-07 02:57:11 - [TEST_STEP][PASSED] - delay: Delayed 2 second(s)

2018-12-07 02:57:13 - [MESSAGE][PASSED] - Delayed 2 second(s)

2018-12-07 02:57:13 - [TEST_STEP][PASSED] - click: Object: 'Object Repository/Final Object Repo/Page_Update Employee Information By Employee/Save' is clicked on

2018-12-07 02:57:13 - [MESSAGE][PASSED] - Object: 'Object Repository/Final Object Repo/Page_Update Employee Information By Employee/Save' is clicked on

2018-12-07 02:57:13 - [TEST_STEP][PASSED] - delay: Delayed 10 second(s)

2018-12-07 02:57:23 - [MESSAGE][PASSED] - Delayed 10 second(s)

2018-12-07 02:57:23 - [TEST_STEP][PASSED] - click: Object: 'Object Repository/Final Object Repo/Page_Update Employee Information By Employee/Save  Continue in Update Employee Information' is clicked on

2018-12-07 02:57:23 - [MESSAGE][PASSED] - Object: 'Object Repository/Final Object Repo/Page_Update Employee Information By Employee/Save  Continue in Update Employee Information' is clicked on

2018-12-07 02:57:23 - [TEST_STEP][PASSED] - delay: Delayed 2 second(s)

2018-12-07 02:57:25 - [MESSAGE][PASSED] - Delayed 2 second(s)

2018-12-07 02:57:25 - [TEST_STEP][PASSED] - click: Object: 'Object Repository/Final Object Repo/Page_Update Employee Information By Employee/Save  Continue in Uploading Page' is clicked on

2018-12-07 02:57:26 - [MESSAGE][PASSED] - Object: 'Object Repository/Final Object Repo/Page_Update Employee Information By Employee/Save  Continue in Uploading Page' is clicked on

2018-12-07 02:57:26 - [TEST_STEP][PASSED] - delay: Delayed 2 second(s)

2018-12-07 02:57:28 - [MESSAGE][PASSED] - Delayed 2 second(s)

2018-12-07 02:57:28 - [TEST_STEP][PASSED] - Statement - CaseReferenceNo = com.kms.katalon.core.webui.keyword.WebUiBuiltInKeywords.getText(com.kms.katalon.core.testobject.ObjectRepository.findTestObject(Final Object Repo/Page_Update Employer Information/Reference Number in Update Employee Information Page)): Text of object 'Object Repository/Final Object Repo/Page_Update Employer Information/Reference Number in Update Employee Information Page' is: 'CUN122018C100005871'

2018-12-07 02:57:30 - [MESSAGE][PASSED] - Text of object 'Object Repository/Final Object Repo/Page_Update Employer Information/Reference Number in Update Employee Information Page' is: 'CUN122018C100005871'

2018-12-07 02:57:30 - [TEST_STEP][PASSED] - callTestCase: Call Test Case 'Test Cases/Final Aug 2018 - PKS Automation/Common/Reference Number Setter' successfully

2018-12-07 02:57:30 - [TEST_CASE][PASSED] - Test Cases/Final Aug 2018 - PKS Automation/Common/Reference Number Setter: Test Cases/Final Aug 2018 - PKS Automation/Common/Reference Number Setter

2018-12-07 02:57:30 - [TEST_STEP][PASSED] - Statement - RefNoOldFile = new java.io.File(C://Users//Admin//Desktop//PKS//Automation Reference Point//KatalonReference.txt): null

2018-12-07 02:57:30 - [TEST_STEP][PASSED] - Statement - RefNoOldFile.delete(): null

2018-12-07 02:57:30 - [TEST_STEP][PASSED] - delay: Delayed 5 second(s)

2018-12-07 02:57:35 - [MESSAGE][PASSED] - Delayed 5 second(s)

2018-12-07 02:57:35 - [TEST_STEP][PASSED] - Statement - RefNo = new java.io.File(C://Users//Admin//Desktop//PKS//Automation Reference Point//KatalonReference.txt): null

2018-12-07 02:57:35 - [TEST_STEP][PASSED] - Statement - f2 = new java.io.FileWriter(RefNo, false): null

2018-12-07 02:57:35 - [TEST_STEP][PASSED] - Statement - f2.write(CaseReferenceNo): null

2018-12-07 02:57:35 - [TEST_STEP][PASSED] - Statement - f2.close(): null

2018-12-07 02:57:35 - [TEST_STEP][PASSED] - Statement - out.println("


" + CaseReferenceNo + "


"): null

2018-12-07 02:57:35 - [MESSAGE][PASSED] - Call Test Case 'Test Cases/Final Aug 2018 - PKS Automation/Common/Reference Number Setter' successfully

2018-12-07 02:57:35 - [TEST_STEP][PASSED] - delay: Delayed 2 second(s)

2018-12-07 02:57:37 - [MESSAGE][PASSED] - Delayed 2 second(s)

2018-12-07 02:57:37 - [TEST_STEP][PASSED] - click: Object: 'Object Repository/Final Object Repo/Page_Update Employee Information By Employee/Submit' is clicked on

2018-12-07 02:57:37 - [MESSAGE][PASSED] - Object: 'Object Repository/Final Object Repo/Page_Update Employee Information By Employee/Submit' is clicked on

2018-12-07 02:57:37 - [TEST_STEP][PASSED] - delay: Delayed 2 second(s)

2018-12-07 02:57:39 - [MESSAGE][PASSED] - Delayed 2 second(s)

2018-12-07 02:57:39 - [TEST_STEP][PASSED] - click: Object: 'Object Repository/Final Object Repo/Page_Update Employee Information By Employee/Confirm Button' is clicked on

2018-12-07 02:57:39 - [MESSAGE][PASSED] - Object: 'Object Repository/Final Object Repo/Page_Update Employee Information By Employee/Confirm Button' is clicked on

2018-12-07 02:57:39 - [TEST_STEP][PASSED] - delay: Delayed 2 second(s)

2018-12-07 02:57:41 - [MESSAGE][PASSED] - Delayed 2 second(s)

2018-12-07 02:57:41 - [TEST_STEP][PASSED] - click: Object: 'Object Repository/Final Object Repo/Page_Update Employee Information By Employee/Successful Message Routed to UO' is clicked on

2018-12-07 02:57:43 - [MESSAGE][PASSED] - Object: 'Object Repository/Final Object Repo/Page_Update Employee Information By Employee/Successful Message Routed to UO' is clicked on

2018-12-07 02:57:43 - [MESSAGE][PASSED] - Call Test Case 'Test Cases/Final Aug 2018 - PKS Automation/Registration Module/Workflow/Update Employee Information (Employee)/Template/Update Employee Information - Special Case (PAU)' successfully

2018-12-07 02:57:43 - [TEST_STEP][PASSED] - callTestCase: Call Test Case 'Test Cases/Final Aug 2018 - PKS Automation/Registration Module/Workflow/Update Employee Information (Employee)/Template/Update Employee Information - Special Case - UO (Approve)' successfully

2018-12-07 02:57:43 - [TEST_CASE][PASSED] - Test Cases/Final Aug 2018 - PKS Automation/Registration Module/Workflow/Update Employee Information (Employee)/Template/Update Employee Information - Special Case - UO (Approve): Test Cases/Final Aug 2018 - PKS Automation/Registration Module/Workflow/Update Employee Information (Employee)/Template/Update Employee Information - Special Case - UO (Approve)

2018-12-07 02:57:43 - [TEST_STEP][NOT_RUN] - callTestCase: NOT_RUN: callTestCase

2018-12-07 02:57:43 - [MESSAGE][NOT_RUN] - NOT_RUN: callTestCase

2018-12-07 02:57:43 - [TEST_STEP][PASSED] - delay: Delayed 2 second(s)

2018-12-07 02:57:45 - [MESSAGE][PASSED] - Delayed 2 second(s)

2018-12-07 02:57:45 - [TEST_STEP][PASSED] - navigateToUrl: Navigate to 'https://assist2-uat.perkeso.gov.my/c/portal/logout' successfully

2018-12-07 02:57:46 - [MESSAGE][PASSED] - Navigate to 'https://assist2-uat.perkeso.gov.my/c/portal/logout' successfully

2018-12-07 02:57:46 - [TEST_STEP][PASSED] - delay: Delayed 2 second(s)

2018-12-07 02:57:48 - [MESSAGE][PASSED] - Delayed 2 second(s)

2018-12-07 02:57:48 - [TEST_STEP][PASSED] - callTestCase: Call Test Case 'Test Cases/Final Aug 2018 - PKS Automation/Common/Reference Number Getter' successfully

2018-12-07 02:57:48 - [TEST_CASE][PASSED] - Test Cases/Final Aug 2018 - PKS Automation/Common/Reference Number Getter: Test Cases/Final Aug 2018 - PKS Automation/Common/Reference Number Getter

2018-12-07 02:57:48 - [TEST_STEP][PASSED] - Statement - Try: null

2018-12-07 02:57:48 - [TEST_STEP][PASSED] - Statement - RefNo = new java.io.File(C://Users//Admin//Desktop//PKS//Automation Reference Point//KatalonReference.txt): null

2018-12-07 02:57:48 - [TEST_STEP][PASSED] - Statement - bufferread = new java.io.BufferedReader(new java.io.FileReader(RefNo)): null

2018-12-07 02:57:48 - [TEST_STEP][PASSED] - Statement - readedVal = bufferread.readLine(): null

2018-12-07 02:57:48 - [TEST_STEP][PASSED] - Statement - out.println(CaseReferenceNo): null

2018-12-07 02:57:48 - [TEST_STEP][PASSED] - Statement - out.println(readedVal): null

2018-12-07 02:57:48 - [TEST_STEP][PASSED] - Statement - CaseReferenceNo = "": null

2018-12-07 02:57:48 - [TEST_STEP][PASSED] - Statement - CaseReferenceNo = readedVal: null

2018-12-07 02:57:48 - [MESSAGE][PASSED] - Call Test Case 'Test Cases/Final Aug 2018 - PKS Automation/Common/Reference Number Getter' successfully

2018-12-07 02:57:48 - [TEST_STEP][PASSED] - callTestCase: Call Test Case 'Test Cases/Final Aug 2018 - PKS Automation/Common/Workflow Owner Finder' successfully

2018-12-07 02:57:48 - [TEST_CASE][PASSED] - Test Cases/Final Aug 2018 - PKS Automation/Common/Workflow Owner Finder: Test Cases/Final Aug 2018 - PKS Automation/Common/Workflow Owner Finder

2018-12-07 02:57:48 - [TEST_STEP][PASSED] - openBrowser: Browser is opened with url: ''

2018-12-07 02:57:48 - [MESSAGE][WARNING] - A browser is already opened. Closing browser and opening a new one

2018-12-07 02:57:52 - [MESSAGE][PASSED] - Browser is opened with url: ''

2018-12-07 02:57:52 - [TEST_STEP][PASSED] - navigateToUrl: Navigate to 'https://assist2-uat.perkeso.gov.my/login' successfully

2018-12-07 02:57:53 - [MESSAGE][PASSED] - Navigate to 'https://assist2-uat.perkeso.gov.my/login' successfully

2018-12-07 02:57:53 - [TEST_STEP][PASSED] - delay: Delayed 5 second(s)

2018-12-07 02:57:58 - [MESSAGE][PASSED] - Delayed 5 second(s)

2018-12-07 02:57:58 - [TEST_STEP][PASSED] - setText: Text 'test@liferay.com' is set on object 'Object Repository/Final Object Repo/Login Page/Internal User/Email Address'

2018-12-07 02:57:58 - [MESSAGE][PASSED] - Text 'test@liferay.com' is set on object 'Object Repository/Final Object Repo/Login Page/Internal User/Email Address'

2018-12-07 02:57:58 - [TEST_STEP][PASSED] - click: Object: 'Object Repository/Final Object Repo/Login Page/Internal User/Next Button' is clicked on

2018-12-07 02:57:58 - [MESSAGE][PASSED] - Object: 'Object Repository/Final Object Repo/Login Page/Internal User/Next Button' is clicked on

2018-12-07 02:57:58 - [TEST_STEP][PASSED] - delay: Delayed 2 second(s)

2018-12-07 02:58:00 - [MESSAGE][PASSED] - Delayed 2 second(s)

2018-12-07 02:58:00 - [TEST_STEP][PASSED] - setText: Text 'test' is set on object 'Object Repository/Final Object Repo/Login Page/Internal User/Password'

2018-12-07 02:58:00 - [MESSAGE][PASSED] - Text 'test' is set on object 'Object Repository/Final Object Repo/Login Page/Internal User/Password'

2018-12-07 02:58:00 - [TEST_STEP][PASSED] - delay: Delayed 2 second(s)

2018-12-07 02:58:02 - [MESSAGE][PASSED] - Delayed 2 second(s)

2018-12-07 02:58:02 - [TEST_STEP][PASSED] - click: Object: 'Object Repository/Final Object Repo/Login Page/Internal User/Login Button' is clicked on

2018-12-07 02:58:03 - [MESSAGE][PASSED] - Object: 'Object Repository/Final Object Repo/Login Page/Internal User/Login Button' is clicked on

2018-12-07 02:58:03 - [TEST_STEP][PASSED] - Statement - tester = com.kms.katalon.core.testobject.ObjectRepository.findTestObject(Final Object Repo/Landing Page/Select to English): Finding Test Object with id 'Object Repository/Final Object Repo/Landing Page/Select to English'

2018-12-07 02:58:03 - [TEST_STEP][PASSED] - Statement - Try: Delayed 2 second(s)

2018-12-07 02:58:03 - [TEST_STEP][PASSED] - Statement - Checker = com.kms.katalon.core.webui.keyword.WebUiBuiltInKeywords.verifyElementNotPresent(tester, 3): Web element with id: 'Object Repository/Final Object Repo/Landing Page/Select to English' located by 'By.xpath: //a[@class = 'taglib-language-list-text' and @lang = 'en-US' and (contains(text(), 'EN') or contains(., 'EN'))]' is not present after '3' second(s)

2018-12-07 02:58:05 - [MESSAGE][PASSED] - Web element with id: 'Object Repository/Final Object Repo/Landing Page/Select to English' located by 'By.xpath: //a[@class = 'taglib-language-list-text' and @lang = 'en-US' and (contains(text(), 'EN') or contains(., 'EN'))]' is not present after '3' second(s)

2018-12-07 02:58:05 - [TEST_STEP][PASSED] - Statement - If (Checker == false): null

2018-12-07 02:58:05 - [TEST_STEP][PASSED] - delay: Delayed 2 second(s)

2018-12-07 02:58:07 - [MESSAGE][PASSED] - Delayed 2 second(s)

2018-12-07 02:58:07 - [TEST_STEP][PASSED] - delay: Delayed 5 second(s)

2018-12-07 02:58:12 - [MESSAGE][PASSED] - Delayed 5 second(s)

2018-12-07 02:58:12 - [TEST_STEP][PASSED] - mouseOver: Object: 'Object Repository/Final Object Repo/Landing Page/WorkFlow Menu' is hovered

2018-12-07 02:58:12 - [MESSAGE][PASSED] - Object: 'Object Repository/Final Object Repo/Landing Page/WorkFlow Menu' is hovered

2018-12-07 02:58:12 - [TEST_STEP][PASSED] - delay: Delayed 2 second(s)

2018-12-07 02:58:14 - [MESSAGE][PASSED] - Delayed 2 second(s)

2018-12-07 02:58:14 - [TEST_STEP][PASSED] - click: Object: 'Object Repository/Final Object Repo/Landing Page/Select to Workflow Listing' is clicked on

2018-12-07 02:58:15 - [MESSAGE][PASSED] - Object: 'Object Repository/Final Object Repo/Landing Page/Select to Workflow Listing' is clicked on

2018-12-07 02:58:15 - [TEST_STEP][PASSED] - delay: Delayed 2 second(s)

2018-12-07 02:58:17 - [MESSAGE][PASSED] - Delayed 2 second(s)

2018-12-07 02:58:17 - [TEST_STEP][PASSED] - click: Object: 'Object Repository/Final Object Repo/WorkFlow Listing Page/Search Information - To Put Ref No' is clicked on

2018-12-07 02:58:17 - [MESSAGE][PASSED] - Object: 'Object Repository/Final Object Repo/WorkFlow Listing Page/Search Information - To Put Ref No' is clicked on

2018-12-07 02:58:17 - [TEST_STEP][PASSED] - delay: Delayed 2 second(s)

2018-12-07 02:58:19 - [MESSAGE][PASSED] - Delayed 2 second(s)

2018-12-07 02:58:19 - [TEST_STEP][PASSED] - callTestCase: Call Test Case 'Test Cases/Final Aug 2018 - PKS Automation/Common/Reference Number Getter' successfully

2018-12-07 02:58:19 - [TEST_CASE][PASSED] - Test Cases/Final Aug 2018 - PKS Automation/Common/Reference Number Getter: Test Cases/Final Aug 2018 - PKS Automation/Common/Reference Number Getter

2018-12-07 02:58:19 - [TEST_STEP][PASSED] - Statement - Try: null

2018-12-07 02:58:19 - [TEST_STEP][PASSED] - Statement - RefNo = new java.io.File(C://Users//Admin//Desktop//PKS//Automation Reference Point//KatalonReference.txt): null

2018-12-07 02:58:19 - [TEST_STEP][PASSED] - Statement - bufferread = new java.io.BufferedReader(new java.io.FileReader(RefNo)): null

2018-12-07 02:58:19 - [TEST_STEP][PASSED] - Statement - readedVal = bufferread.readLine(): null

2018-12-07 02:58:19 - [TEST_STEP][PASSED] - Statement - out.println(CaseReferenceNo): null

2018-12-07 02:58:19 - [TEST_STEP][PASSED] - Statement - out.println(readedVal): null

2018-12-07 02:58:19 - [TEST_STEP][PASSED] - Statement - CaseReferenceNo = "": null

2018-12-07 02:58:19 - [TEST_STEP][PASSED] - Statement - CaseReferenceNo = readedVal: null

2018-12-07 02:58:19 - [MESSAGE][PASSED] - Call Test Case 'Test Cases/Final Aug 2018 - PKS Automation/Common/Reference Number Getter' successfully

2018-12-07 02:58:19 - [TEST_STEP][PASSED] - setText: Text 'CUN122018C100005871' is set on object 'Object Repository/Final Object Repo/WorkFlow Listing Page/Ref No Set Text'

2018-12-07 02:58:19 - [MESSAGE][PASSED] - Text 'CUN122018C100005871' is set on object 'Object Repository/Final Object Repo/WorkFlow Listing Page/Ref No Set Text'

2018-12-07 02:58:19 - [TEST_STEP][PASSED] - delay: Delayed 2 second(s)

2018-12-07 02:58:21 - [MESSAGE][PASSED] - Delayed 2 second(s)

2018-12-07 02:58:21 - [TEST_STEP][PASSED] - click: Object: 'Object Repository/Final Object Repo/WorkFlow Listing Page/Search Ref No Search Button' is clicked on

2018-12-07 02:58:22 - [MESSAGE][PASSED] - Object: 'Object Repository/Final Object Repo/WorkFlow Listing Page/Search Ref No Search Button' is clicked on

2018-12-07 02:58:22 - [TEST_STEP][PASSED] - delay: Delayed 6 second(s)

2018-12-07 02:58:28 - [MESSAGE][PASSED] - Delayed 6 second(s)

2018-12-07 02:58:28 - [TEST_STEP][PASSED] - click: Object: 'Object Repository/Final Object Repo/WorkFlow Listing Page/Click Continue Tooltip' is clicked on

2018-12-07 02:58:29 - [MESSAGE][PASSED] - Object: 'Object Repository/Final Object Repo/WorkFlow Listing Page/Click Continue Tooltip' is clicked on

2018-12-07 02:58:29 - [TEST_STEP][PASSED] - delay: Delayed 5 second(s)

2018-12-07 02:58:34 - [MESSAGE][PASSED] - Delayed 5 second(s)

2018-12-07 02:58:34 - [TEST_STEP][PASSED] - doubleClick: Object: 'Object Repository/Final Object Repo/WorkFlow Listing Page/Workflow Found - Listing 1' is double clicked on

2018-12-07 02:58:34 - [MESSAGE][PASSED] - Object: 'Object Repository/Final Object Repo/WorkFlow Listing Page/Workflow Found - Listing 1' is double clicked on

2018-12-07 02:58:34 - [TEST_STEP][PASSED] - Statement - println(OwnerID): null

2018-12-07 02:58:34 - [TEST_STEP][PASSED] - Statement - OwnerID = com.kms.katalon.core.webui.keyword.WebUiBuiltInKeywords.getText(com.kms.katalon.core.testobject.ObjectRepository.findTestObject(Final Object Repo/WorkFlow Listing Page/Workflow Found - Listing 1), STOP_ON_FAILURE): Text of object 'Object Repository/Final Object Repo/WorkFlow Listing Page/Workflow Found - Listing 1' is: 'JOHORuo3'

2018-12-07 02:58:34 - [MESSAGE][PASSED] - Text of object 'Object Repository/Final Object Repo/WorkFlow Listing Page/Workflow Found - Listing 1' is: 'JOHORuo3'

2018-12-07 02:58:34 - [TEST_STEP][PASSED] - Statement - OwnerID = OwnerID.toLowerCase() + "@gmail.com": null

2018-12-07 02:58:34 - [TEST_STEP][PASSED] - Statement - println(OwnerID): null

2018-12-07 02:58:34 - [TEST_STEP][PASSED] - delay: Delayed 2 second(s)

2018-12-07 02:58:36 - [MESSAGE][PASSED] - Delayed 2 second(s)

2018-12-07 02:58:36 - [MESSAGE][PASSED] - Call Test Case 'Test Cases/Final Aug 2018 - PKS Automation/Common/Workflow Owner Finder' successfully

2018-12-07 02:58:36 - [TEST_STEP][PASSED] - delay: Delayed 2 second(s)

2018-12-07 02:58:38 - [MESSAGE][PASSED] - Delayed 2 second(s)

2018-12-07 02:58:38 - [TEST_STEP][PASSED] - navigateToUrl: Navigate to 'https://assist2-uat.perkeso.gov.my/c/portal/logout' successfully

2018-12-07 02:58:39 - [MESSAGE][PASSED] - Navigate to 'https://assist2-uat.perkeso.gov.my/c/portal/logout' successfully

2018-12-07 02:58:39 - [TEST_STEP][PASSED] - delay: Delayed 2 second(s)

2018-12-07 02:58:41 - [MESSAGE][PASSED] - Delayed 2 second(s)

2018-12-07 02:58:41 - [TEST_STEP][PASSED] - callTestCase: Call Test Case 'Test Cases/Final Aug 2018 - PKS Automation/Registration Module/Workflow/Login and Search Case For Workflow' successfully

2018-12-07 02:58:41 - [TEST_CASE][PASSED] - Test Cases/Final Aug 2018 - PKS Automation/Registration Module/Workflow/Login and Search Case For Workflow: Test Cases/Final Aug 2018 - PKS Automation/Registration Module/Workflow/Login and Search Case For Workflow

2018-12-07 02:58:41 - [TEST_STEP][PASSED] - navigateToUrl: Navigate to 'https://assist2-uat.perkeso.gov.my/login' successfully

2018-12-07 02:58:41 - [MESSAGE][PASSED] - Navigate to 'https://assist2-uat.perkeso.gov.my/login' successfully

2018-12-07 02:58:41 - [TEST_STEP][PASSED] - setText: Text 'johoruo3@gmail.com' is set on object 'Object Repository/Final Object Repo/Login Page/Internal User/Email Address'

2018-12-07 02:58:42 - [MESSAGE][PASSED] - Text 'johoruo3@gmail.com' is set on object 'Object Repository/Final Object Repo/Login Page/Internal User/Email Address'

2018-12-07 02:58:42 - [TEST_STEP][PASSED] - click: Object: 'Object Repository/Final Object Repo/Login Page/Internal User/Next Button' is clicked on

2018-12-07 02:58:42 - [MESSAGE][PASSED] - Object: 'Object Repository/Final Object Repo/Login Page/Internal User/Next Button' is clicked on

2018-12-07 02:58:42 - [TEST_STEP][PASSED] - delay: Delayed 1 second(s)

2018-12-07 02:58:43 - [MESSAGE][PASSED] - Delayed 1 second(s)

2018-12-07 02:58:43 - [TEST_STEP][PASSED] - setEncryptedText: Text ****** has been set on object 'Object Repository/Final Object Repo/Login Page/Internal User/Password'

2018-12-07 02:58:43 - [MESSAGE][PASSED] - Text ****** has been set on object 'Object Repository/Final Object Repo/Login Page/Internal User/Password'

2018-12-07 02:58:43 - [TEST_STEP][PASSED] - click: Object: 'Object Repository/Final Object Repo/Login Page/Internal User/Login Button' is clicked on

2018-12-07 02:58:43 - [MESSAGE][PASSED] - Object: 'Object Repository/Final Object Repo/Login Page/Internal User/Login Button' is clicked on

2018-12-07 02:58:43 - [TEST_STEP][PASSED] - delay: Delayed 2 second(s)

2018-12-07 02:58:45 - [MESSAGE][PASSED] - Delayed 2 second(s)

2018-12-07 02:58:45 - [TEST_STEP][PASSED] - Statement - Try: Delayed 2 second(s)

2018-12-07 02:58:45 - [TEST_STEP][PASSED] - Statement - Checker = false: null

2018-12-07 02:58:45 - [TEST_STEP][PASSED] - Statement - Checker = com.kms.katalon.core.webui.keyword.WebUiBuiltInKeywords.verifyElementHasAttribute(com.kms.katalon.core.testobject.ObjectRepository.findTestObject(Final Object Repo/Landing Page/BM Detecting), "href", 20, OPTIONAL): Object 'Object Repository/Final Object Repo/Landing Page/BM Detecting' has attribute 'href'

2018-12-07 02:58:45 - [MESSAGE][PASSED] - Object 'Object Repository/Final Object Repo/Landing Page/BM Detecting' has attribute 'href'

2018-12-07 02:58:45 - [TEST_STEP][PASSED] - Statement - out.println(Checker): null

2018-12-07 02:58:45 - [TEST_STEP][PASSED] - Statement - If (Checker == false): null

2018-12-07 02:58:45 - [TEST_STEP][PASSED] - Statement - Else: null

2018-12-07 02:58:45 - [TEST_STEP][PASSED] - delay: Delayed 2 second(s)

2018-12-07 02:58:47 - [MESSAGE][PASSED] - Delayed 2 second(s)

2018-12-07 02:58:47 - [TEST_STEP][PASSED] - click: Object: 'Object Repository/Final Object Repo/Page_MyASSIST - ASSIST - Search Pending Case For Add Supporting Document/Search Information' is clicked on

2018-12-07 02:58:48 - [MESSAGE][PASSED] - Object: 'Object Repository/Final Object Repo/Page_MyASSIST - ASSIST - Search Pending Case For Add Supporting Document/Search Information' is clicked on

2018-12-07 02:58:48 - [TEST_STEP][PASSED] - delay: Delayed 3 second(s)

2018-12-07 02:58:51 - [MESSAGE][PASSED] - Delayed 3 second(s)

2018-12-07 02:58:51 - [TEST_STEP][PASSED] - sendKeys: Keys 'CUN122018C100005871' sent to object: 'Object Repository/Final Object Repo/Page_MyASSIST - ASSIST - Search Pending Case For Add Supporting Document/Reference No'

2018-12-07 02:58:51 - [MESSAGE][PASSED] - Keys 'CUN122018C100005871' sent to object: 'Object Repository/Final Object Repo/Page_MyASSIST - ASSIST - Search Pending Case For Add Supporting Document/Reference No'

2018-12-07 02:58:51 - [TEST_STEP][PASSED] - click: Object: 'Object Repository/Final Object Repo/Page_MyASSIST - ASSIST - Search Pending Case For Add Supporting Document/Search Reference No' is clicked on

2018-12-07 02:58:51 - [MESSAGE][PASSED] - Object: 'Object Repository/Final Object Repo/Page_MyASSIST - ASSIST - Search Pending Case For Add Supporting Document/Search Reference No' is clicked on

2018-12-07 02:58:51 - [TEST_STEP][PASSED] - delay: Delayed 2 second(s)

2018-12-07 02:58:53 - [MESSAGE][PASSED] - Delayed 2 second(s)

2018-12-07 02:58:53 - [TEST_STEP][PASSED] - click: Object: 'Object Repository/Final Object Repo/Page_MyASSIST - ASSIST - Search Pending Case For Add Supporting Document/Continue' is clicked on

2018-12-07 02:58:57 - [MESSAGE][PASSED] - Object: 'Object Repository/Final Object Repo/Page_MyASSIST - ASSIST - Search Pending Case For Add Supporting Document/Continue' is clicked on

2018-12-07 02:58:57 - [TEST_STEP][PASSED] - delay: Delayed 20 second(s)

2018-12-07 02:59:17 - [MESSAGE][PASSED] - Delayed 20 second(s)

2018-12-07 02:59:17 - [MESSAGE][PASSED] - Call Test Case 'Test Cases/Final Aug 2018 - PKS Automation/Registration Module/Workflow/Login and Search Case For Workflow' successfully

2018-12-07 02:59:17 - [TEST_STEP][PASSED] - click: Object: 'Object Repository/Final Object Repo/Page_Update Employee Information By Employee/Page_Update Employee Information By Employee (Approve)/Continue' is clicked on

2018-12-07 02:59:20 - [MESSAGE][PASSED] - Object: 'Object Repository/Final Object Repo/Page_Update Employee Information By Employee/Page_Update Employee Information By Employee (Approve)/Continue' is clicked on

2018-12-07 02:59:20 - [TEST_STEP][PASSED] - delay: Delayed 2 second(s)

2018-12-07 02:59:22 - [MESSAGE][PASSED] - Delayed 2 second(s)

2018-12-07 02:59:22 - [TEST_STEP][PASSED] - click: Object: 'Object Repository/Final Object Repo/Page_Update Employee Information By Employee/Page_Update Employee Information By Employee (Approve)/Save  Continue in Update Employee Information Page' is clicked on

2018-12-07 02:59:22 - [MESSAGE][PASSED] - Object: 'Object Repository/Final Object Repo/Page_Update Employee Information By Employee/Page_Update Employee Information By Employee (Approve)/Save  Continue in Update Employee Information Page' is clicked on

2018-12-07 02:59:22 - [TEST_STEP][PASSED] - delay: Delayed 2 second(s)

2018-12-07 02:59:24 - [MESSAGE][PASSED] - Delayed 2 second(s)

2018-12-07 02:59:24 - [TEST_STEP][PASSED] - click: Object: 'Object Repository/Final Object Repo/Page_Update Employee Information By Employee/Page_Update Employee Information By Employee (Approve)/Save  Continue in Upload Supporting Doucument Page' is clicked on

2018-12-07 02:59:25 - [MESSAGE][PASSED] - Object: 'Object Repository/Final Object Repo/Page_Update Employee Information By Employee/Page_Update Employee Information By Employee (Approve)/Save  Continue in Upload Supporting Doucument Page' is clicked on

2018-12-07 02:59:25 - [TEST_STEP][PASSED] - delay: Delayed 2 second(s)

2018-12-07 02:59:27 - [MESSAGE][PASSED] - Delayed 2 second(s)

2018-12-07 02:59:27 - [TEST_STEP][PASSED] - click: Object: 'Object Repository/Final Object Repo/Page_Update Employee Information By Employee/Page_Update Employee Information By Employee (Approve)/Approve' is clicked on

2018-12-07 02:59:29 - [MESSAGE][PASSED] - Object: 'Object Repository/Final Object Repo/Page_Update Employee Information By Employee/Page_Update Employee Information By Employee (Approve)/Approve' is clicked on

2018-12-07 02:59:29 - [TEST_STEP][PASSED] - delay: Delayed 2 second(s)

2018-12-07 02:59:31 - [MESSAGE][PASSED] - Delayed 2 second(s)

2018-12-07 02:59:31 - [TEST_STEP][PASSED] - click: Object: 'Object Repository/Final Object Repo/Page_Update Employee Information By Employee/Page_Update Employee Information By Employee (Approve)/Confirm' is clicked on

2018-12-07 02:59:31 - [MESSAGE][PASSED] - Object: 'Object Repository/Final Object Repo/Page_Update Employee Information By Employee/Page_Update Employee Information By Employee (Approve)/Confirm' is clicked on

2018-12-07 02:59:31 - [TEST_STEP][PASSED] - delay: Delayed 2 second(s)

2018-12-07 02:59:33 - [MESSAGE][PASSED] - Delayed 2 second(s)

2018-12-07 02:59:33 - [TEST_STEP][PASSED] - click: Object: 'Object Repository/Final Object Repo/Page_Update Employee Information By Employee/Page_Update Employee Information By Employee (Approve)/Message Your Request    Update Emp' is clicked on

2018-12-07 02:59:36 - [MESSAGE][PASSED] - Object: 'Object Repository/Final Object Repo/Page_Update Employee Information By Employee/Page_Update Employee Information By Employee (Approve)/Message Your Request    Update Emp' is clicked on

2018-12-07 02:59:36 - [TEST_STEP][PASSED] - click: Object: 'Object Repository/Final Object Repo/Page_Update Employee Information By Employee/Page_Update Employee Information By Employee (Approve)/Letter of successful update' is clicked on

2018-12-07 02:59:37 - [MESSAGE][PASSED] - Object: 'Object Repository/Final Object Repo/Page_Update Employee Information By Employee/Page_Update Employee Information By Employee (Approve)/Letter of successful update' is clicked on

2018-12-07 02:59:37 - [MESSAGE][PASSED] - Call Test Case 'Test Cases/Final Aug 2018 - PKS Automation/Registration Module/Workflow/Update Employee Information (Employee)/Template/Update Employee Information - Special Case - UO (Approve)' successfully]]></system-out>
         <system-err><![CDATA[]]></system-err>
      </testcase>
      <testcase name="Test Cases/Final Aug 2018 - PKS Automation/Registration Module/Workflow/Update Employee Information (Employee)/PAU to UO (Query)" classname="Test Cases/Final Aug 2018 - PKS Automation/Registration Module/Workflow/Update Employee Information (Employee)/PAU to UO (Query)" status="PASSED">
         <system-out><![CDATA[2018-12-07 02:59:37 - [TEST_CASE][PASSED] - Test Cases/Final Aug 2018 - PKS Automation/Registration Module/Workflow/Update Employee Information (Employee)/PAU to UO (Query): Test Cases/Final Aug 2018 - PKS Automation/Registration Module/Workflow/Update Employee Information (Employee)/PAU to UO (Query)

2018-12-07 02:59:39 - [TEST_STEP][PASSED] - callTestCase: Call Test Case 'Test Cases/Final Aug 2018 - PKS Automation/Registration Module/Workflow/Update Employee Information (Employee)/Template/Update Employee Information - Special Case (PAU)' successfully

2018-12-07 02:59:39 - [TEST_CASE][PASSED] - Test Cases/Final Aug 2018 - PKS Automation/Registration Module/Workflow/Update Employee Information (Employee)/Template/Update Employee Information - Special Case (PAU): Test Cases/Final Aug 2018 - PKS Automation/Registration Module/Workflow/Update Employee Information (Employee)/Template/Update Employee Information - Special Case (PAU)

2018-12-07 02:59:39 - [TEST_STEP][PASSED] - openBrowser: Browser is opened with url: ''

2018-12-07 02:59:39 - [MESSAGE][WARNING] - A browser is already opened. Closing browser and opening a new one

2018-12-07 02:59:42 - [MESSAGE][PASSED] - Browser is opened with url: ''

2018-12-07 02:59:42 - [TEST_STEP][PASSED] - navigateToUrl: Navigate to 'https://assist2-uat.perkeso.gov.my/login' successfully

2018-12-07 02:59:44 - [MESSAGE][PASSED] - Navigate to 'https://assist2-uat.perkeso.gov.my/login' successfully

2018-12-07 02:59:44 - [TEST_STEP][PASSED] - setText: Text 'johorpau1@gmail.com' is set on object 'Object Repository/Final Object Repo/Login Page/Internal User/Email Address'

2018-12-07 02:59:44 - [MESSAGE][PASSED] - Text 'johorpau1@gmail.com' is set on object 'Object Repository/Final Object Repo/Login Page/Internal User/Email Address'

2018-12-07 02:59:44 - [TEST_STEP][PASSED] - click: Object: 'Object Repository/Final Object Repo/Login Page/Internal User/Next Button' is clicked on

2018-12-07 02:59:44 - [MESSAGE][PASSED] - Object: 'Object Repository/Final Object Repo/Login Page/Internal User/Next Button' is clicked on

2018-12-07 02:59:44 - [TEST_STEP][PASSED] - delay: Delayed 1 second(s)

2018-12-07 02:59:45 - [MESSAGE][PASSED] - Delayed 1 second(s)

2018-12-07 02:59:45 - [TEST_STEP][PASSED] - setEncryptedText: Text ****** has been set on object 'Object Repository/Final Object Repo/Login Page/Internal User/Password'

2018-12-07 02:59:45 - [MESSAGE][PASSED] - Text ****** has been set on object 'Object Repository/Final Object Repo/Login Page/Internal User/Password'

2018-12-07 02:59:45 - [TEST_STEP][PASSED] - click: Object: 'Object Repository/Final Object Repo/Login Page/Internal User/Login Button' is clicked on

2018-12-07 02:59:45 - [MESSAGE][PASSED] - Object: 'Object Repository/Final Object Repo/Login Page/Internal User/Login Button' is clicked on

2018-12-07 02:59:45 - [TEST_STEP][PASSED] - Statement - tester = com.kms.katalon.core.testobject.ObjectRepository.findTestObject(Final Object Repo/Landing Page/Select to English): Finding Test Object with id 'Object Repository/Final Object Repo/Landing Page/Select to English'

2018-12-07 02:59:45 - [TEST_STEP][PASSED] - Statement - Try: Delayed 2 second(s)

2018-12-07 02:59:45 - [TEST_STEP][PASSED] - Statement - Checker = com.kms.katalon.core.webui.keyword.WebUiBuiltInKeywords.verifyElementNotPresent(tester, 3): Web element with id: 'Object Repository/Final Object Repo/Landing Page/Select to English' located by 'By.xpath: //a[@class = 'taglib-language-list-text' and @lang = 'en-US' and (contains(text(), 'EN') or contains(., 'EN'))]' is not present after '3' second(s)

2018-12-07 02:59:47 - [MESSAGE][PASSED] - Web element with id: 'Object Repository/Final Object Repo/Landing Page/Select to English' located by 'By.xpath: //a[@class = 'taglib-language-list-text' and @lang = 'en-US' and (contains(text(), 'EN') or contains(., 'EN'))]' is not present after '3' second(s)

2018-12-07 02:59:47 - [TEST_STEP][PASSED] - Statement - If (Checker == false): null

2018-12-07 02:59:47 - [TEST_STEP][PASSED] - delay: Delayed 2 second(s)

2018-12-07 02:59:49 - [MESSAGE][PASSED] - Delayed 2 second(s)

2018-12-07 02:59:49 - [TEST_STEP][PASSED] - delay: Delayed 5 second(s)

2018-12-07 02:59:54 - [MESSAGE][PASSED] - Delayed 5 second(s)

2018-12-07 02:59:54 - [TEST_STEP][PASSED] - navigateToUrl: Navigate to 'https://assist2-uat.perkeso.gov.my/web/registration/update/update-employee-information-employee-' successfully

2018-12-07 02:59:55 - [MESSAGE][PASSED] - Navigate to 'https://assist2-uat.perkeso.gov.my/web/registration/update/update-employee-information-employee-' successfully

2018-12-07 02:59:55 - [TEST_STEP][PASSED] - click: Object: 'Object Repository/Final Object Repo/Page_Update Employee Information By Employee/Type of Identification' is clicked on

2018-12-07 02:59:55 - [MESSAGE][PASSED] - Object: 'Object Repository/Final Object Repo/Page_Update Employee Information By Employee/Type of Identification' is clicked on

2018-12-07 02:59:55 - [TEST_STEP][PASSED] - click: Object: 'Object Repository/Final Object Repo/Page Update Employee Information By Employee/Type of Identification - Name' is clicked on

2018-12-07 02:59:55 - [MESSAGE][PASSED] - Object: 'Object Repository/Final Object Repo/Page Update Employee Information By Employee/Type of Identification - Name' is clicked on

2018-12-07 02:59:55 - [TEST_STEP][PASSED] - setText: Text 'YUKI JR B' is set on object 'Object Repository/Final Object Repo/Page_Update Employee Information By Employee/New Identification'

2018-12-07 02:59:56 - [MESSAGE][PASSED] - Text 'YUKI JR B' is set on object 'Object Repository/Final Object Repo/Page_Update Employee Information By Employee/New Identification'

2018-12-07 02:59:56 - [TEST_STEP][PASSED] - click: Object: 'Object Repository/Final Object Repo/Page_Update Employee Information By Employee/Search Button' is clicked on

2018-12-07 02:59:56 - [MESSAGE][PASSED] - Object: 'Object Repository/Final Object Repo/Page_Update Employee Information By Employee/Search Button' is clicked on

2018-12-07 02:59:56 - [TEST_STEP][PASSED] - click: Object: 'Object Repository/Final Object Repo/Page_Update Employee Information By Employee/Edit Button' is clicked on

2018-12-07 02:59:59 - [MESSAGE][PASSED] - Object: 'Object Repository/Final Object Repo/Page_Update Employee Information By Employee/Edit Button' is clicked on

2018-12-07 02:59:59 - [TEST_STEP][PASSED] - delay: Delayed 2 second(s)

2018-12-07 03:00:01 - [MESSAGE][PASSED] - Delayed 2 second(s)

2018-12-07 03:00:01 - [TEST_STEP][PASSED] - click: Object: 'Object Repository/Final Object Repo/Page_Update Employee Information By Employee/Employee Information Edit Button' is clicked on

2018-12-07 03:00:02 - [MESSAGE][PASSED] - Object: 'Object Repository/Final Object Repo/Page_Update Employee Information By Employee/Employee Information Edit Button' is clicked on

2018-12-07 03:00:02 - [TEST_STEP][PASSED] - delay: Delayed 2 second(s)

2018-12-07 03:00:04 - [MESSAGE][PASSED] - Delayed 2 second(s)

2018-12-07 03:00:04 - [TEST_STEP][PASSED] - click: Object: 'Object Repository/Final Object Repo/Page_Update Employee Information By Employee/New Identification Number' is clicked on

2018-12-07 03:00:04 - [MESSAGE][PASSED] - Object: 'Object Repository/Final Object Repo/Page_Update Employee Information By Employee/New Identification Number' is clicked on

2018-12-07 03:00:04 - [TEST_STEP][PASSED] - setText: Text '' is set on object 'Object Repository/Final Object Repo/Page_Update Employee Information By Employee/New Identification Number'

2018-12-07 03:00:04 - [MESSAGE][PASSED] - Text '' is set on object 'Object Repository/Final Object Repo/Page_Update Employee Information By Employee/New Identification Number'

2018-12-07 03:00:04 - [TEST_STEP][PASSED] - Statement - rnd = new java.util.Random(): null

2018-12-07 03:00:04 - [TEST_STEP][PASSED] - Statement - snum = rnd.nextInt(899999 + 1) + 100000: null

2018-12-07 03:00:04 - [TEST_STEP][PASSED] - Statement - tnum = rnd.nextInt(899999 + 1) + 100000: null

2018-12-07 03:00:04 - [TEST_STEP][PASSED] - Statement - IC = java.lang.Integer.toString(snum) + java.lang.Integer.toString(tnum): null

2018-12-07 03:00:04 - [TEST_STEP][PASSED] - Statement - out.println(IC): null

2018-12-07 03:00:04 - [TEST_STEP][PASSED] - setText: Text '863472877480' is set on object 'Object Repository/Final Object Repo/Page_Update Employee Information By Employee/New Identification Number'

2018-12-07 03:00:04 - [MESSAGE][PASSED] - Text '863472877480' is set on object 'Object Repository/Final Object Repo/Page_Update Employee Information By Employee/New Identification Number'

2018-12-07 03:00:04 - [TEST_STEP][PASSED] - delay: Delayed 2 second(s)

2018-12-07 03:00:06 - [MESSAGE][PASSED] - Delayed 2 second(s)

2018-12-07 03:00:06 - [TEST_STEP][PASSED] - click: Object: 'Object Repository/Final Object Repo/Page_Update Employee Information By Employee/Save' is clicked on

2018-12-07 03:00:07 - [MESSAGE][PASSED] - Object: 'Object Repository/Final Object Repo/Page_Update Employee Information By Employee/Save' is clicked on

2018-12-07 03:00:07 - [TEST_STEP][PASSED] - delay: Delayed 10 second(s)

2018-12-07 03:00:17 - [MESSAGE][PASSED] - Delayed 10 second(s)

2018-12-07 03:00:17 - [TEST_STEP][PASSED] - click: Object: 'Object Repository/Final Object Repo/Page_Update Employee Information By Employee/Save  Continue in Update Employee Information' is clicked on

2018-12-07 03:00:17 - [MESSAGE][PASSED] - Object: 'Object Repository/Final Object Repo/Page_Update Employee Information By Employee/Save  Continue in Update Employee Information' is clicked on

2018-12-07 03:00:17 - [TEST_STEP][PASSED] - delay: Delayed 2 second(s)

2018-12-07 03:00:19 - [MESSAGE][PASSED] - Delayed 2 second(s)

2018-12-07 03:00:19 - [TEST_STEP][PASSED] - click: Object: 'Object Repository/Final Object Repo/Page_Update Employee Information By Employee/Save  Continue in Uploading Page' is clicked on

2018-12-07 03:00:20 - [MESSAGE][PASSED] - Object: 'Object Repository/Final Object Repo/Page_Update Employee Information By Employee/Save  Continue in Uploading Page' is clicked on

2018-12-07 03:00:20 - [TEST_STEP][PASSED] - delay: Delayed 2 second(s)

2018-12-07 03:00:22 - [MESSAGE][PASSED] - Delayed 2 second(s)

2018-12-07 03:00:22 - [TEST_STEP][PASSED] - Statement - CaseReferenceNo = com.kms.katalon.core.webui.keyword.WebUiBuiltInKeywords.getText(com.kms.katalon.core.testobject.ObjectRepository.findTestObject(Final Object Repo/Page_Update Employer Information/Reference Number in Update Employee Information Page)): Text of object 'Object Repository/Final Object Repo/Page_Update Employer Information/Reference Number in Update Employee Information Page' is: 'CUN122018C100005872'

2018-12-07 03:00:23 - [MESSAGE][PASSED] - Text of object 'Object Repository/Final Object Repo/Page_Update Employer Information/Reference Number in Update Employee Information Page' is: 'CUN122018C100005872'

2018-12-07 03:00:23 - [TEST_STEP][PASSED] - callTestCase: Call Test Case 'Test Cases/Final Aug 2018 - PKS Automation/Common/Reference Number Setter' successfully

2018-12-07 03:00:23 - [TEST_CASE][PASSED] - Test Cases/Final Aug 2018 - PKS Automation/Common/Reference Number Setter: Test Cases/Final Aug 2018 - PKS Automation/Common/Reference Number Setter

2018-12-07 03:00:23 - [TEST_STEP][PASSED] - Statement - RefNoOldFile = new java.io.File(C://Users//Admin//Desktop//PKS//Automation Reference Point//KatalonReference.txt): null

2018-12-07 03:00:23 - [TEST_STEP][PASSED] - Statement - RefNoOldFile.delete(): null

2018-12-07 03:00:23 - [TEST_STEP][PASSED] - delay: Delayed 5 second(s)

2018-12-07 03:00:28 - [MESSAGE][PASSED] - Delayed 5 second(s)

2018-12-07 03:00:28 - [TEST_STEP][PASSED] - Statement - RefNo = new java.io.File(C://Users//Admin//Desktop//PKS//Automation Reference Point//KatalonReference.txt): null

2018-12-07 03:00:28 - [TEST_STEP][PASSED] - Statement - f2 = new java.io.FileWriter(RefNo, false): null

2018-12-07 03:00:28 - [TEST_STEP][PASSED] - Statement - f2.write(CaseReferenceNo): null

2018-12-07 03:00:28 - [TEST_STEP][PASSED] - Statement - f2.close(): null

2018-12-07 03:00:28 - [TEST_STEP][PASSED] - Statement - out.println("


" + CaseReferenceNo + "


"): null

2018-12-07 03:00:28 - [MESSAGE][PASSED] - Call Test Case 'Test Cases/Final Aug 2018 - PKS Automation/Common/Reference Number Setter' successfully

2018-12-07 03:00:28 - [TEST_STEP][PASSED] - delay: Delayed 2 second(s)

2018-12-07 03:00:30 - [MESSAGE][PASSED] - Delayed 2 second(s)

2018-12-07 03:00:30 - [TEST_STEP][PASSED] - click: Object: 'Object Repository/Final Object Repo/Page_Update Employee Information By Employee/Submit' is clicked on

2018-12-07 03:00:30 - [MESSAGE][PASSED] - Object: 'Object Repository/Final Object Repo/Page_Update Employee Information By Employee/Submit' is clicked on

2018-12-07 03:00:30 - [TEST_STEP][PASSED] - delay: Delayed 2 second(s)

2018-12-07 03:00:32 - [MESSAGE][PASSED] - Delayed 2 second(s)

2018-12-07 03:00:32 - [TEST_STEP][PASSED] - click: Object: 'Object Repository/Final Object Repo/Page_Update Employee Information By Employee/Confirm Button' is clicked on

2018-12-07 03:00:33 - [MESSAGE][PASSED] - Object: 'Object Repository/Final Object Repo/Page_Update Employee Information By Employee/Confirm Button' is clicked on

2018-12-07 03:00:33 - [TEST_STEP][PASSED] - delay: Delayed 2 second(s)

2018-12-07 03:00:35 - [MESSAGE][PASSED] - Delayed 2 second(s)

2018-12-07 03:00:35 - [TEST_STEP][PASSED] - click: Object: 'Object Repository/Final Object Repo/Page_Update Employee Information By Employee/Successful Message Routed to UO' is clicked on

2018-12-07 03:00:36 - [MESSAGE][PASSED] - Object: 'Object Repository/Final Object Repo/Page_Update Employee Information By Employee/Successful Message Routed to UO' is clicked on

2018-12-07 03:00:36 - [MESSAGE][PASSED] - Call Test Case 'Test Cases/Final Aug 2018 - PKS Automation/Registration Module/Workflow/Update Employee Information (Employee)/Template/Update Employee Information - Special Case (PAU)' successfully

2018-12-07 03:00:36 - [TEST_STEP][PASSED] - callTestCase: Call Test Case 'Test Cases/Final Aug 2018 - PKS Automation/Registration Module/Workflow/Update Employee Information (Employee)/Template/Update Employee Information - Special Case - UO (Query)' successfully

2018-12-07 03:00:36 - [TEST_CASE][PASSED] - Test Cases/Final Aug 2018 - PKS Automation/Registration Module/Workflow/Update Employee Information (Employee)/Template/Update Employee Information - Special Case - UO (Query): Test Cases/Final Aug 2018 - PKS Automation/Registration Module/Workflow/Update Employee Information (Employee)/Template/Update Employee Information - Special Case - UO (Query)

2018-12-07 03:00:36 - [TEST_STEP][NOT_RUN] - callTestCase: NOT_RUN: callTestCase

2018-12-07 03:00:36 - [MESSAGE][NOT_RUN] - NOT_RUN: callTestCase

2018-12-07 03:00:36 - [TEST_STEP][PASSED] - delay: Delayed 2 second(s)

2018-12-07 03:00:38 - [MESSAGE][PASSED] - Delayed 2 second(s)

2018-12-07 03:00:38 - [TEST_STEP][PASSED] - navigateToUrl: Navigate to 'https://assist2-uat.perkeso.gov.my/c/portal/logout' successfully

2018-12-07 03:00:39 - [MESSAGE][PASSED] - Navigate to 'https://assist2-uat.perkeso.gov.my/c/portal/logout' successfully

2018-12-07 03:00:39 - [TEST_STEP][PASSED] - delay: Delayed 2 second(s)

2018-12-07 03:00:41 - [MESSAGE][PASSED] - Delayed 2 second(s)

2018-12-07 03:00:41 - [TEST_STEP][PASSED] - callTestCase: Call Test Case 'Test Cases/Final Aug 2018 - PKS Automation/Common/Reference Number Getter' successfully

2018-12-07 03:00:41 - [TEST_CASE][PASSED] - Test Cases/Final Aug 2018 - PKS Automation/Common/Reference Number Getter: Test Cases/Final Aug 2018 - PKS Automation/Common/Reference Number Getter

2018-12-07 03:00:41 - [TEST_STEP][PASSED] - Statement - Try: null

2018-12-07 03:00:41 - [TEST_STEP][PASSED] - Statement - RefNo = new java.io.File(C://Users//Admin//Desktop//PKS//Automation Reference Point//KatalonReference.txt): null

2018-12-07 03:00:41 - [TEST_STEP][PASSED] - Statement - bufferread = new java.io.BufferedReader(new java.io.FileReader(RefNo)): null

2018-12-07 03:00:41 - [TEST_STEP][PASSED] - Statement - readedVal = bufferread.readLine(): null

2018-12-07 03:00:41 - [TEST_STEP][PASSED] - Statement - out.println(CaseReferenceNo): null

2018-12-07 03:00:41 - [TEST_STEP][PASSED] - Statement - out.println(readedVal): null

2018-12-07 03:00:41 - [TEST_STEP][PASSED] - Statement - CaseReferenceNo = "": null

2018-12-07 03:00:41 - [TEST_STEP][PASSED] - Statement - CaseReferenceNo = readedVal: null

2018-12-07 03:00:41 - [MESSAGE][PASSED] - Call Test Case 'Test Cases/Final Aug 2018 - PKS Automation/Common/Reference Number Getter' successfully

2018-12-07 03:00:41 - [TEST_STEP][PASSED] - callTestCase: Call Test Case 'Test Cases/Final Aug 2018 - PKS Automation/Common/Workflow Owner Finder' successfully

2018-12-07 03:00:41 - [TEST_CASE][PASSED] - Test Cases/Final Aug 2018 - PKS Automation/Common/Workflow Owner Finder: Test Cases/Final Aug 2018 - PKS Automation/Common/Workflow Owner Finder

2018-12-07 03:00:41 - [TEST_STEP][PASSED] - openBrowser: Browser is opened with url: ''

2018-12-07 03:00:41 - [MESSAGE][WARNING] - A browser is already opened. Closing browser and opening a new one

2018-12-07 03:00:45 - [MESSAGE][PASSED] - Browser is opened with url: ''

2018-12-07 03:00:45 - [TEST_STEP][PASSED] - navigateToUrl: Navigate to 'https://assist2-uat.perkeso.gov.my/login' successfully

2018-12-07 03:00:46 - [MESSAGE][PASSED] - Navigate to 'https://assist2-uat.perkeso.gov.my/login' successfully

2018-12-07 03:00:46 - [TEST_STEP][PASSED] - delay: Delayed 5 second(s)

2018-12-07 03:00:51 - [MESSAGE][PASSED] - Delayed 5 second(s)

2018-12-07 03:00:51 - [TEST_STEP][PASSED] - setText: Text 'test@liferay.com' is set on object 'Object Repository/Final Object Repo/Login Page/Internal User/Email Address'

2018-12-07 03:00:51 - [MESSAGE][PASSED] - Text 'test@liferay.com' is set on object 'Object Repository/Final Object Repo/Login Page/Internal User/Email Address'

2018-12-07 03:00:51 - [TEST_STEP][PASSED] - click: Object: 'Object Repository/Final Object Repo/Login Page/Internal User/Next Button' is clicked on

2018-12-07 03:00:52 - [MESSAGE][PASSED] - Object: 'Object Repository/Final Object Repo/Login Page/Internal User/Next Button' is clicked on

2018-12-07 03:00:52 - [TEST_STEP][PASSED] - delay: Delayed 2 second(s)

2018-12-07 03:00:54 - [MESSAGE][PASSED] - Delayed 2 second(s)

2018-12-07 03:00:54 - [TEST_STEP][PASSED] - setText: Text 'test' is set on object 'Object Repository/Final Object Repo/Login Page/Internal User/Password'

2018-12-07 03:00:54 - [MESSAGE][PASSED] - Text 'test' is set on object 'Object Repository/Final Object Repo/Login Page/Internal User/Password'

2018-12-07 03:00:54 - [TEST_STEP][PASSED] - delay: Delayed 2 second(s)

2018-12-07 03:00:56 - [MESSAGE][PASSED] - Delayed 2 second(s)

2018-12-07 03:00:56 - [TEST_STEP][PASSED] - click: Object: 'Object Repository/Final Object Repo/Login Page/Internal User/Login Button' is clicked on

2018-12-07 03:00:56 - [MESSAGE][PASSED] - Object: 'Object Repository/Final Object Repo/Login Page/Internal User/Login Button' is clicked on

2018-12-07 03:00:56 - [TEST_STEP][PASSED] - Statement - tester = com.kms.katalon.core.testobject.ObjectRepository.findTestObject(Final Object Repo/Landing Page/Select to English): Finding Test Object with id 'Object Repository/Final Object Repo/Landing Page/Select to English'

2018-12-07 03:00:56 - [TEST_STEP][PASSED] - Statement - Try: Delayed 2 second(s)

2018-12-07 03:00:56 - [TEST_STEP][PASSED] - Statement - Checker = com.kms.katalon.core.webui.keyword.WebUiBuiltInKeywords.verifyElementNotPresent(tester, 3): Web element with id: 'Object Repository/Final Object Repo/Landing Page/Select to English' located by 'By.xpath: //a[@class = 'taglib-language-list-text' and @lang = 'en-US' and (contains(text(), 'EN') or contains(., 'EN'))]' is not present after '3' second(s)

2018-12-07 03:00:58 - [MESSAGE][PASSED] - Web element with id: 'Object Repository/Final Object Repo/Landing Page/Select to English' located by 'By.xpath: //a[@class = 'taglib-language-list-text' and @lang = 'en-US' and (contains(text(), 'EN') or contains(., 'EN'))]' is not present after '3' second(s)

2018-12-07 03:00:58 - [TEST_STEP][PASSED] - Statement - If (Checker == false): null

2018-12-07 03:00:58 - [TEST_STEP][PASSED] - delay: Delayed 2 second(s)

2018-12-07 03:01:00 - [MESSAGE][PASSED] - Delayed 2 second(s)

2018-12-07 03:01:00 - [TEST_STEP][PASSED] - delay: Delayed 5 second(s)

2018-12-07 03:01:05 - [MESSAGE][PASSED] - Delayed 5 second(s)

2018-12-07 03:01:05 - [TEST_STEP][PASSED] - mouseOver: Object: 'Object Repository/Final Object Repo/Landing Page/WorkFlow Menu' is hovered

2018-12-07 03:01:05 - [MESSAGE][PASSED] - Object: 'Object Repository/Final Object Repo/Landing Page/WorkFlow Menu' is hovered

2018-12-07 03:01:05 - [TEST_STEP][PASSED] - delay: Delayed 2 second(s)

2018-12-07 03:01:07 - [MESSAGE][PASSED] - Delayed 2 second(s)

2018-12-07 03:01:07 - [TEST_STEP][PASSED] - click: Object: 'Object Repository/Final Object Repo/Landing Page/Select to Workflow Listing' is clicked on

2018-12-07 03:01:08 - [MESSAGE][PASSED] - Object: 'Object Repository/Final Object Repo/Landing Page/Select to Workflow Listing' is clicked on

2018-12-07 03:01:08 - [TEST_STEP][PASSED] - delay: Delayed 2 second(s)

2018-12-07 03:01:10 - [MESSAGE][PASSED] - Delayed 2 second(s)

2018-12-07 03:01:10 - [TEST_STEP][PASSED] - click: Object: 'Object Repository/Final Object Repo/WorkFlow Listing Page/Search Information - To Put Ref No' is clicked on

2018-12-07 03:01:10 - [MESSAGE][PASSED] - Object: 'Object Repository/Final Object Repo/WorkFlow Listing Page/Search Information - To Put Ref No' is clicked on

2018-12-07 03:01:10 - [TEST_STEP][PASSED] - delay: Delayed 2 second(s)

2018-12-07 03:01:12 - [MESSAGE][PASSED] - Delayed 2 second(s)

2018-12-07 03:01:12 - [TEST_STEP][PASSED] - callTestCase: Call Test Case 'Test Cases/Final Aug 2018 - PKS Automation/Common/Reference Number Getter' successfully

2018-12-07 03:01:12 - [TEST_CASE][PASSED] - Test Cases/Final Aug 2018 - PKS Automation/Common/Reference Number Getter: Test Cases/Final Aug 2018 - PKS Automation/Common/Reference Number Getter

2018-12-07 03:01:12 - [TEST_STEP][PASSED] - Statement - Try: null

2018-12-07 03:01:12 - [TEST_STEP][PASSED] - Statement - RefNo = new java.io.File(C://Users//Admin//Desktop//PKS//Automation Reference Point//KatalonReference.txt): null

2018-12-07 03:01:12 - [TEST_STEP][PASSED] - Statement - bufferread = new java.io.BufferedReader(new java.io.FileReader(RefNo)): null

2018-12-07 03:01:12 - [TEST_STEP][PASSED] - Statement - readedVal = bufferread.readLine(): null

2018-12-07 03:01:12 - [TEST_STEP][PASSED] - Statement - out.println(CaseReferenceNo): null

2018-12-07 03:01:12 - [TEST_STEP][PASSED] - Statement - out.println(readedVal): null

2018-12-07 03:01:12 - [TEST_STEP][PASSED] - Statement - CaseReferenceNo = "": null

2018-12-07 03:01:12 - [TEST_STEP][PASSED] - Statement - CaseReferenceNo = readedVal: null

2018-12-07 03:01:12 - [MESSAGE][PASSED] - Call Test Case 'Test Cases/Final Aug 2018 - PKS Automation/Common/Reference Number Getter' successfully

2018-12-07 03:01:12 - [TEST_STEP][PASSED] - setText: Text 'CUN122018C100005872' is set on object 'Object Repository/Final Object Repo/WorkFlow Listing Page/Ref No Set Text'

2018-12-07 03:01:13 - [MESSAGE][PASSED] - Text 'CUN122018C100005872' is set on object 'Object Repository/Final Object Repo/WorkFlow Listing Page/Ref No Set Text'

2018-12-07 03:01:13 - [TEST_STEP][PASSED] - delay: Delayed 2 second(s)

2018-12-07 03:01:15 - [MESSAGE][PASSED] - Delayed 2 second(s)

2018-12-07 03:01:15 - [TEST_STEP][PASSED] - click: Object: 'Object Repository/Final Object Repo/WorkFlow Listing Page/Search Ref No Search Button' is clicked on

2018-12-07 03:01:15 - [MESSAGE][PASSED] - Object: 'Object Repository/Final Object Repo/WorkFlow Listing Page/Search Ref No Search Button' is clicked on

2018-12-07 03:01:15 - [TEST_STEP][PASSED] - delay: Delayed 6 second(s)

2018-12-07 03:01:21 - [MESSAGE][PASSED] - Delayed 6 second(s)

2018-12-07 03:01:21 - [TEST_STEP][PASSED] - click: Object: 'Object Repository/Final Object Repo/WorkFlow Listing Page/Click Continue Tooltip' is clicked on

2018-12-07 03:01:22 - [MESSAGE][PASSED] - Object: 'Object Repository/Final Object Repo/WorkFlow Listing Page/Click Continue Tooltip' is clicked on

2018-12-07 03:01:22 - [TEST_STEP][PASSED] - delay: Delayed 5 second(s)

2018-12-07 03:01:27 - [MESSAGE][PASSED] - Delayed 5 second(s)

2018-12-07 03:01:27 - [TEST_STEP][PASSED] - doubleClick: Object: 'Object Repository/Final Object Repo/WorkFlow Listing Page/Workflow Found - Listing 1' is double clicked on

2018-12-07 03:01:27 - [MESSAGE][PASSED] - Object: 'Object Repository/Final Object Repo/WorkFlow Listing Page/Workflow Found - Listing 1' is double clicked on

2018-12-07 03:01:27 - [TEST_STEP][PASSED] - Statement - println(OwnerID): null

2018-12-07 03:01:27 - [TEST_STEP][PASSED] - Statement - OwnerID = com.kms.katalon.core.webui.keyword.WebUiBuiltInKeywords.getText(com.kms.katalon.core.testobject.ObjectRepository.findTestObject(Final Object Repo/WorkFlow Listing Page/Workflow Found - Listing 1), STOP_ON_FAILURE): Text of object 'Object Repository/Final Object Repo/WorkFlow Listing Page/Workflow Found - Listing 1' is: 'JOHORuo1'

2018-12-07 03:01:27 - [MESSAGE][PASSED] - Text of object 'Object Repository/Final Object Repo/WorkFlow Listing Page/Workflow Found - Listing 1' is: 'JOHORuo1'

2018-12-07 03:01:27 - [TEST_STEP][PASSED] - Statement - OwnerID = OwnerID.toLowerCase() + "@gmail.com": null

2018-12-07 03:01:27 - [TEST_STEP][PASSED] - Statement - println(OwnerID): null

2018-12-07 03:01:27 - [TEST_STEP][PASSED] - delay: Delayed 2 second(s)

2018-12-07 03:01:29 - [MESSAGE][PASSED] - Delayed 2 second(s)

2018-12-07 03:01:29 - [MESSAGE][PASSED] - Call Test Case 'Test Cases/Final Aug 2018 - PKS Automation/Common/Workflow Owner Finder' successfully

2018-12-07 03:01:29 - [TEST_STEP][PASSED] - delay: Delayed 2 second(s)

2018-12-07 03:01:31 - [MESSAGE][PASSED] - Delayed 2 second(s)

2018-12-07 03:01:31 - [TEST_STEP][PASSED] - navigateToUrl: Navigate to 'https://assist2-uat.perkeso.gov.my/c/portal/logout' successfully

2018-12-07 03:01:32 - [MESSAGE][PASSED] - Navigate to 'https://assist2-uat.perkeso.gov.my/c/portal/logout' successfully

2018-12-07 03:01:32 - [TEST_STEP][PASSED] - delay: Delayed 2 second(s)

2018-12-07 03:01:34 - [MESSAGE][PASSED] - Delayed 2 second(s)

2018-12-07 03:01:34 - [TEST_STEP][PASSED] - callTestCase: Call Test Case 'Test Cases/Final Aug 2018 - PKS Automation/Registration Module/Workflow/Login and Search Case For Workflow' successfully

2018-12-07 03:01:34 - [TEST_CASE][PASSED] - Test Cases/Final Aug 2018 - PKS Automation/Registration Module/Workflow/Login and Search Case For Workflow: Test Cases/Final Aug 2018 - PKS Automation/Registration Module/Workflow/Login and Search Case For Workflow

2018-12-07 03:01:34 - [TEST_STEP][PASSED] - navigateToUrl: Navigate to 'https://assist2-uat.perkeso.gov.my/login' successfully

2018-12-07 03:01:34 - [MESSAGE][PASSED] - Navigate to 'https://assist2-uat.perkeso.gov.my/login' successfully

2018-12-07 03:01:34 - [TEST_STEP][PASSED] - setText: Text 'johoruo1@gmail.com' is set on object 'Object Repository/Final Object Repo/Login Page/Internal User/Email Address'

2018-12-07 03:01:35 - [MESSAGE][PASSED] - Text 'johoruo1@gmail.com' is set on object 'Object Repository/Final Object Repo/Login Page/Internal User/Email Address'

2018-12-07 03:01:35 - [TEST_STEP][PASSED] - click: Object: 'Object Repository/Final Object Repo/Login Page/Internal User/Next Button' is clicked on

2018-12-07 03:01:35 - [MESSAGE][PASSED] - Object: 'Object Repository/Final Object Repo/Login Page/Internal User/Next Button' is clicked on

2018-12-07 03:01:35 - [TEST_STEP][PASSED] - delay: Delayed 1 second(s)

2018-12-07 03:01:36 - [MESSAGE][PASSED] - Delayed 1 second(s)

2018-12-07 03:01:36 - [TEST_STEP][PASSED] - setEncryptedText: Text ****** has been set on object 'Object Repository/Final Object Repo/Login Page/Internal User/Password'

2018-12-07 03:01:36 - [MESSAGE][PASSED] - Text ****** has been set on object 'Object Repository/Final Object Repo/Login Page/Internal User/Password'

2018-12-07 03:01:36 - [TEST_STEP][PASSED] - click: Object: 'Object Repository/Final Object Repo/Login Page/Internal User/Login Button' is clicked on

2018-12-07 03:01:36 - [MESSAGE][PASSED] - Object: 'Object Repository/Final Object Repo/Login Page/Internal User/Login Button' is clicked on

2018-12-07 03:01:36 - [TEST_STEP][PASSED] - delay: Delayed 2 second(s)

2018-12-07 03:01:38 - [MESSAGE][PASSED] - Delayed 2 second(s)

2018-12-07 03:01:38 - [TEST_STEP][PASSED] - Statement - Try: Delayed 2 second(s)

2018-12-07 03:01:38 - [TEST_STEP][PASSED] - Statement - Checker = false: null

2018-12-07 03:01:38 - [TEST_STEP][PASSED] - Statement - Checker = com.kms.katalon.core.webui.keyword.WebUiBuiltInKeywords.verifyElementHasAttribute(com.kms.katalon.core.testobject.ObjectRepository.findTestObject(Final Object Repo/Landing Page/BM Detecting), "href", 20, OPTIONAL): Object 'Object Repository/Final Object Repo/Landing Page/BM Detecting' has attribute 'href'

2018-12-07 03:01:38 - [MESSAGE][PASSED] - Object 'Object Repository/Final Object Repo/Landing Page/BM Detecting' has attribute 'href'

2018-12-07 03:01:38 - [TEST_STEP][PASSED] - Statement - out.println(Checker): null

2018-12-07 03:01:38 - [TEST_STEP][PASSED] - Statement - If (Checker == false): null

2018-12-07 03:01:38 - [TEST_STEP][PASSED] - Statement - Else: null

2018-12-07 03:01:38 - [TEST_STEP][PASSED] - delay: Delayed 2 second(s)

2018-12-07 03:01:40 - [MESSAGE][PASSED] - Delayed 2 second(s)

2018-12-07 03:01:40 - [TEST_STEP][PASSED] - click: Object: 'Object Repository/Final Object Repo/Page_MyASSIST - ASSIST - Search Pending Case For Add Supporting Document/Search Information' is clicked on

2018-12-07 03:01:40 - [MESSAGE][PASSED] - Object: 'Object Repository/Final Object Repo/Page_MyASSIST - ASSIST - Search Pending Case For Add Supporting Document/Search Information' is clicked on

2018-12-07 03:01:40 - [TEST_STEP][PASSED] - delay: Delayed 3 second(s)

2018-12-07 03:01:43 - [MESSAGE][PASSED] - Delayed 3 second(s)

2018-12-07 03:01:43 - [TEST_STEP][PASSED] - sendKeys: Keys 'CUN122018C100005872' sent to object: 'Object Repository/Final Object Repo/Page_MyASSIST - ASSIST - Search Pending Case For Add Supporting Document/Reference No'

2018-12-07 03:01:44 - [MESSAGE][PASSED] - Keys 'CUN122018C100005872' sent to object: 'Object Repository/Final Object Repo/Page_MyASSIST - ASSIST - Search Pending Case For Add Supporting Document/Reference No'

2018-12-07 03:01:44 - [TEST_STEP][PASSED] - click: Object: 'Object Repository/Final Object Repo/Page_MyASSIST - ASSIST - Search Pending Case For Add Supporting Document/Search Reference No' is clicked on

2018-12-07 03:01:44 - [MESSAGE][PASSED] - Object: 'Object Repository/Final Object Repo/Page_MyASSIST - ASSIST - Search Pending Case For Add Supporting Document/Search Reference No' is clicked on

2018-12-07 03:01:44 - [TEST_STEP][PASSED] - delay: Delayed 2 second(s)

2018-12-07 03:01:46 - [MESSAGE][PASSED] - Delayed 2 second(s)

2018-12-07 03:01:46 - [TEST_STEP][PASSED] - click: Object: 'Object Repository/Final Object Repo/Page_MyASSIST - ASSIST - Search Pending Case For Add Supporting Document/Continue' is clicked on

2018-12-07 03:01:50 - [MESSAGE][PASSED] - Object: 'Object Repository/Final Object Repo/Page_MyASSIST - ASSIST - Search Pending Case For Add Supporting Document/Continue' is clicked on

2018-12-07 03:01:50 - [TEST_STEP][PASSED] - delay: Delayed 20 second(s)

2018-12-07 03:02:10 - [MESSAGE][PASSED] - Delayed 20 second(s)

2018-12-07 03:02:10 - [MESSAGE][PASSED] - Call Test Case 'Test Cases/Final Aug 2018 - PKS Automation/Registration Module/Workflow/Login and Search Case For Workflow' successfully

2018-12-07 03:02:10 - [TEST_STEP][PASSED] - click: Object: 'Object Repository/Final Object Repo/Page_Update Employee Information By Employee/Page_Update Employee Information By Employee (Approve)/Continue' is clicked on

2018-12-07 03:02:13 - [MESSAGE][PASSED] - Object: 'Object Repository/Final Object Repo/Page_Update Employee Information By Employee/Page_Update Employee Information By Employee (Approve)/Continue' is clicked on

2018-12-07 03:02:13 - [TEST_STEP][PASSED] - delay: Delayed 2 second(s)

2018-12-07 03:02:15 - [MESSAGE][PASSED] - Delayed 2 second(s)

2018-12-07 03:02:15 - [TEST_STEP][PASSED] - click: Object: 'Object Repository/Final Object Repo/Page_Update Employee Information By Employer/Page_Update Employee Information by Employer (Approve)/Save  Continue in Update Employee Information Page' is clicked on

2018-12-07 03:02:16 - [MESSAGE][PASSED] - Object: 'Object Repository/Final Object Repo/Page_Update Employee Information By Employer/Page_Update Employee Information by Employer (Approve)/Save  Continue in Update Employee Information Page' is clicked on

2018-12-07 03:02:16 - [TEST_STEP][PASSED] - delay: Delayed 2 second(s)

2018-12-07 03:02:18 - [MESSAGE][PASSED] - Delayed 2 second(s)

2018-12-07 03:02:18 - [TEST_STEP][PASSED] - setText: Text 'remark' is set on object 'Object Repository/Final Object Repo/Page_Update Employee Information By Employee/Page_Update Employee Information By Employee (Query)/Query - remark'

2018-12-07 03:02:19 - [MESSAGE][PASSED] - Text 'remark' is set on object 'Object Repository/Final Object Repo/Page_Update Employee Information By Employee/Page_Update Employee Information By Employee (Query)/Query - remark'

2018-12-07 03:02:19 - [TEST_STEP][PASSED] - click: Object: 'Object Repository/Final Object Repo/Page_Update Employee Information By Employer/Page_Update Employee Information by Employer (Approve)/Save  Continue in Upload Supporting Doucument Page' is clicked on

2018-12-07 03:02:19 - [MESSAGE][PASSED] - Object: 'Object Repository/Final Object Repo/Page_Update Employee Information By Employer/Page_Update Employee Information by Employer (Approve)/Save  Continue in Upload Supporting Doucument Page' is clicked on

2018-12-07 03:02:19 - [TEST_STEP][PASSED] - delay: Delayed 2 second(s)

2018-12-07 03:02:21 - [MESSAGE][PASSED] - Delayed 2 second(s)

2018-12-07 03:02:21 - [TEST_STEP][PASSED] - click: Object: 'Object Repository/Final Object Repo/Page_Update Employee Information By Employee/Page_Update Employee Information By Employee (Query)/Query' is clicked on

2018-12-07 03:02:22 - [MESSAGE][PASSED] - Object: 'Object Repository/Final Object Repo/Page_Update Employee Information By Employee/Page_Update Employee Information By Employee (Query)/Query' is clicked on

2018-12-07 03:02:22 - [TEST_STEP][PASSED] - delay: Delayed 2 second(s)

2018-12-07 03:02:24 - [MESSAGE][PASSED] - Delayed 2 second(s)

2018-12-07 03:02:24 - [TEST_STEP][PASSED] - click: Object: 'Object Repository/Final Object Repo/Page_Update Employee Information By Employee/Page_Update Employee Information By Employee (Query)/Confirm' is clicked on

2018-12-07 03:02:25 - [MESSAGE][PASSED] - Object: 'Object Repository/Final Object Repo/Page_Update Employee Information By Employee/Page_Update Employee Information By Employee (Query)/Confirm' is clicked on

2018-12-07 03:02:25 - [TEST_STEP][PASSED] - delay: Delayed 2 second(s)

2018-12-07 03:02:27 - [MESSAGE][PASSED] - Delayed 2 second(s)

2018-12-07 03:02:27 - [TEST_STEP][PASSED] - click: Object: 'Object Repository/Final Object Repo/Page_Update Employee Information By Employee/Page_Update Employee Information By Employee (Query)/Message The Case Is Under Query' is clicked on

2018-12-07 03:02:31 - [MESSAGE][PASSED] - Object: 'Object Repository/Final Object Repo/Page_Update Employee Information By Employee/Page_Update Employee Information By Employee (Query)/Message The Case Is Under Query' is clicked on

2018-12-07 03:02:31 - [TEST_STEP][PASSED] - click: Object: 'Object Repository/Final Object Repo/Page_Update Employee Information By Employee/Page_Update Employee Information By Employee (Query)/Letter of inquiry' is clicked on

2018-12-07 03:02:32 - [MESSAGE][PASSED] - Object: 'Object Repository/Final Object Repo/Page_Update Employee Information By Employee/Page_Update Employee Information By Employee (Query)/Letter of inquiry' is clicked on

2018-12-07 03:02:32 - [TEST_STEP][PASSED] - delay: Delayed 1 second(s)

2018-12-07 03:02:33 - [MESSAGE][PASSED] - Delayed 1 second(s)

2018-12-07 03:02:33 - [TEST_STEP][PASSED] - navigateToUrl: Navigate to 'https://assist2-uat.perkeso.gov.my/c/portal/logout' successfully

2018-12-07 03:02:33 - [MESSAGE][PASSED] - Navigate to 'https://assist2-uat.perkeso.gov.my/c/portal/logout' successfully

2018-12-07 03:02:33 - [TEST_STEP][PASSED] - delay: Delayed 1 second(s)

2018-12-07 03:02:34 - [MESSAGE][PASSED] - Delayed 1 second(s)

2018-12-07 03:02:34 - [TEST_STEP][PASSED] - callTestCase: Call Test Case 'Test Cases/Final Aug 2018 - PKS Automation/Registration Module/Workflow/Search Pending Case For Add Supporting Document (OTC)' successfully

2018-12-07 03:02:34 - [TEST_CASE][PASSED] - Test Cases/Final Aug 2018 - PKS Automation/Registration Module/Workflow/Search Pending Case For Add Supporting Document (OTC): Test Cases/Final Aug 2018 - PKS Automation/Registration Module/Workflow/Search Pending Case For Add Supporting Document (OTC)

2018-12-07 03:02:34 - [TEST_STEP][PASSED] - openBrowser: Browser is opened with url: ''

2018-12-07 03:02:34 - [MESSAGE][WARNING] - A browser is already opened. Closing browser and opening a new one

2018-12-07 03:02:38 - [MESSAGE][PASSED] - Browser is opened with url: ''

2018-12-07 03:02:38 - [TEST_STEP][PASSED] - navigateToUrl: Navigate to 'https://assist2-uat.perkeso.gov.my/login' successfully

2018-12-07 03:02:39 - [MESSAGE][PASSED] - Navigate to 'https://assist2-uat.perkeso.gov.my/login' successfully

2018-12-07 03:02:39 - [TEST_STEP][PASSED] - setText: Text 'johorotc1@gmail.com' is set on object 'Object Repository/Final Object Repo/Login Page/Internal User/Email Address'

2018-12-07 03:02:40 - [MESSAGE][PASSED] - Text 'johorotc1@gmail.com' is set on object 'Object Repository/Final Object Repo/Login Page/Internal User/Email Address'

2018-12-07 03:02:40 - [TEST_STEP][PASSED] - click: Object: 'Object Repository/Final Object Repo/Login Page/Internal User/Next Button' is clicked on

2018-12-07 03:02:40 - [MESSAGE][PASSED] - Object: 'Object Repository/Final Object Repo/Login Page/Internal User/Next Button' is clicked on

2018-12-07 03:02:40 - [TEST_STEP][PASSED] - delay: Delayed 1 second(s)

2018-12-07 03:02:41 - [MESSAGE][PASSED] - Delayed 1 second(s)

2018-12-07 03:02:41 - [TEST_STEP][PASSED] - setEncryptedText: Text ****** has been set on object 'Object Repository/Final Object Repo/Login Page/Internal User/Password'

2018-12-07 03:02:41 - [MESSAGE][PASSED] - Text ****** has been set on object 'Object Repository/Final Object Repo/Login Page/Internal User/Password'

2018-12-07 03:02:41 - [TEST_STEP][PASSED] - click: Object: 'Object Repository/Final Object Repo/Login Page/Internal User/Login Button' is clicked on

2018-12-07 03:02:41 - [MESSAGE][PASSED] - Object: 'Object Repository/Final Object Repo/Login Page/Internal User/Login Button' is clicked on

2018-12-07 03:02:41 - [TEST_STEP][PASSED] - delay: Delayed 1 second(s)

2018-12-07 03:02:42 - [MESSAGE][PASSED] - Delayed 1 second(s)

2018-12-07 03:02:42 - [TEST_STEP][PASSED] - Statement - Try: Delayed 2 second(s)

2018-12-07 03:02:42 - [TEST_STEP][PASSED] - Statement - Checker = false: null

2018-12-07 03:02:42 - [TEST_STEP][PASSED] - Statement - Checker = com.kms.katalon.core.webui.keyword.WebUiBuiltInKeywords.verifyElementHasAttribute(com.kms.katalon.core.testobject.ObjectRepository.findTestObject(Final Object Repo/Landing Page/BM Detecting), "href", 20, OPTIONAL): Object 'Object Repository/Final Object Repo/Landing Page/BM Detecting' has attribute 'href'

2018-12-07 03:02:43 - [MESSAGE][PASSED] - Object 'Object Repository/Final Object Repo/Landing Page/BM Detecting' has attribute 'href'

2018-12-07 03:02:43 - [TEST_STEP][PASSED] - Statement - out.println(Checker): null

2018-12-07 03:02:43 - [TEST_STEP][PASSED] - Statement - If (Checker == false): null

2018-12-07 03:02:43 - [TEST_STEP][PASSED] - Statement - Else: null

2018-12-07 03:02:43 - [TEST_STEP][PASSED] - delay: Delayed 2 second(s)

2018-12-07 03:02:45 - [MESSAGE][PASSED] - Delayed 2 second(s)

2018-12-07 03:02:45 - [TEST_STEP][PASSED] - navigateToUrl: Navigate to 'https://assist2-uat.perkeso.gov.my/web/registration/search/search-pending-case-for-add-supporting-document' successfully

2018-12-07 03:02:46 - [MESSAGE][PASSED] - Navigate to 'https://assist2-uat.perkeso.gov.my/web/registration/search/search-pending-case-for-add-supporting-document' successfully

2018-12-07 03:02:46 - [TEST_STEP][PASSED] - click: Object: 'Object Repository/Final Object Repo/Page_Search Pending Case For Add Suporting Document/Search By' is clicked on

2018-12-07 03:02:47 - [MESSAGE][PASSED] - Object: 'Object Repository/Final Object Repo/Page_Search Pending Case For Add Suporting Document/Search By' is clicked on

2018-12-07 03:02:47 - [TEST_STEP][PASSED] - click: Object: 'Object Repository/Final Object Repo/Page_Search Pending Case For Add Suporting Document/Search By - Reference ID' is clicked on

2018-12-07 03:02:47 - [MESSAGE][PASSED] - Object: 'Object Repository/Final Object Repo/Page_Search Pending Case For Add Suporting Document/Search By - Reference ID' is clicked on

2018-12-07 03:02:47 - [TEST_STEP][PASSED] - delay: Delayed 2 second(s)

2018-12-07 03:02:49 - [MESSAGE][PASSED] - Delayed 2 second(s)

2018-12-07 03:02:49 - [TEST_STEP][PASSED] - setText: Text 'CUN122018C100005872' is set on object 'Object Repository/Final Object Repo/Page_Search Pending Case For Add Suporting Document/Reference ID'

2018-12-07 03:02:49 - [MESSAGE][PASSED] - Text 'CUN122018C100005872' is set on object 'Object Repository/Final Object Repo/Page_Search Pending Case For Add Suporting Document/Reference ID'

2018-12-07 03:02:49 - [TEST_STEP][PASSED] - click: Object: 'Object Repository/Final Object Repo/Page_Search Pending Case For Add Suporting Document/Search' is clicked on

2018-12-07 03:02:49 - [MESSAGE][PASSED] - Object: 'Object Repository/Final Object Repo/Page_Search Pending Case For Add Suporting Document/Search' is clicked on

2018-12-07 03:02:49 - [TEST_STEP][PASSED] - delay: Delayed 2 second(s)

2018-12-07 03:02:51 - [MESSAGE][PASSED] - Delayed 2 second(s)

2018-12-07 03:02:51 - [TEST_STEP][PASSED] - click: Object: 'Object Repository/Final Object Repo/Page_Search Pending Case For Add Suporting Document/Edit' is clicked on

2018-12-07 03:02:54 - [MESSAGE][PASSED] - Object: 'Object Repository/Final Object Repo/Page_Search Pending Case For Add Suporting Document/Edit' is clicked on

2018-12-07 03:02:54 - [MESSAGE][PASSED] - Call Test Case 'Test Cases/Final Aug 2018 - PKS Automation/Registration Module/Workflow/Search Pending Case For Add Supporting Document (OTC)' successfully

2018-12-07 03:02:54 - [TEST_STEP][PASSED] - click: Object: 'Object Repository/Final Object Repo/Page_Update Employee Information By Employee/Page_Update Employee Information by Employee (Query -OTC -UO)/Next' is clicked on

2018-12-07 03:02:57 - [MESSAGE][PASSED] - Object: 'Object Repository/Final Object Repo/Page_Update Employee Information By Employee/Page_Update Employee Information by Employee (Query -OTC -UO)/Next' is clicked on

2018-12-07 03:02:57 - [TEST_STEP][PASSED] - delay: Delayed 2 second(s)

2018-12-07 03:02:59 - [MESSAGE][PASSED] - Delayed 2 second(s)

2018-12-07 03:02:59 - [TEST_STEP][PASSED] - click: Object: 'Object Repository/Final Object Repo/Page_Update Employee Information By Employee/Page_Update Employee Information by Employee (Query -OTC -UO)/Add Document' is clicked on

2018-12-07 03:02:59 - [MESSAGE][PASSED] - Object: 'Object Repository/Final Object Repo/Page_Update Employee Information By Employee/Page_Update Employee Information by Employee (Query -OTC -UO)/Add Document' is clicked on

2018-12-07 03:02:59 - [TEST_STEP][PASSED] - delay: Delayed 2 second(s)

2018-12-07 03:03:01 - [MESSAGE][PASSED] - Delayed 2 second(s)

2018-12-07 03:03:01 - [TEST_STEP][PASSED] - click: Object: 'Object Repository/Final Object Repo/Page_Update Employee Information By Employee/Page_Update Employee Information by Employee (Query -OTC -UO)/Document Type' is clicked on

2018-12-07 03:03:02 - [MESSAGE][PASSED] - Object: 'Object Repository/Final Object Repo/Page_Update Employee Information By Employee/Page_Update Employee Information by Employee (Query -OTC -UO)/Document Type' is clicked on

2018-12-07 03:03:02 - [TEST_STEP][PASSED] - delay: Delayed 2 second(s)

2018-12-07 03:03:04 - [MESSAGE][PASSED] - Delayed 2 second(s)

2018-12-07 03:03:04 - [TEST_STEP][PASSED] - click: Object: 'Object Repository/Final Object Repo/Page_Update Employee Information By Employee/Page_Update Employee Information by Employee (Query -OTC -UO)/Document Type - Other' is clicked on

2018-12-07 03:03:04 - [MESSAGE][PASSED] - Object: 'Object Repository/Final Object Repo/Page_Update Employee Information By Employee/Page_Update Employee Information by Employee (Query -OTC -UO)/Document Type - Other' is clicked on

2018-12-07 03:03:04 - [TEST_STEP][PASSED] - delay: Delayed 2 second(s)

2018-12-07 03:03:06 - [MESSAGE][PASSED] - Delayed 2 second(s)

2018-12-07 03:03:06 - [TEST_STEP][PASSED] - sendKeys: Keys 'C:\Users\Public\Pictures\Sample Pictures\Koala.jpg' sent to object: 'Object Repository/Final Object Repo/Page_Update Employee Information By Employee/Page_Update Employee Information by Employee (Query -OTC -UO)/Uploading File'

2018-12-07 03:03:06 - [MESSAGE][PASSED] - Keys 'C:\Users\Public\Pictures\Sample Pictures\Koala.jpg' sent to object: 'Object Repository/Final Object Repo/Page_Update Employee Information By Employee/Page_Update Employee Information by Employee (Query -OTC -UO)/Uploading File'

2018-12-07 03:03:06 - [TEST_STEP][PASSED] - delay: Delayed 2 second(s)

2018-12-07 03:03:08 - [MESSAGE][PASSED] - Delayed 2 second(s)

2018-12-07 03:03:08 - [TEST_STEP][PASSED] - click: Object: 'Object Repository/Final Object Repo/Page_Update Employee Information By Employee/Page_Update Employee Information by Employee (Query -OTC -UO)/Add Document in Uploading Page' is clicked on

2018-12-07 03:03:09 - [MESSAGE][PASSED] - Object: 'Object Repository/Final Object Repo/Page_Update Employee Information By Employee/Page_Update Employee Information by Employee (Query -OTC -UO)/Add Document in Uploading Page' is clicked on

2018-12-07 03:03:09 - [TEST_STEP][PASSED] - delay: Delayed 2 second(s)

2018-12-07 03:03:11 - [MESSAGE][PASSED] - Delayed 2 second(s)

2018-12-07 03:03:11 - [TEST_STEP][PASSED] - click: Object: 'Object Repository/Final Object Repo/Page_Update Employee Information By Employee/Page_Update Employee Information by Employee (Query -OTC -UO)/Exit' is clicked on

2018-12-07 03:03:14 - [MESSAGE][PASSED] - Object: 'Object Repository/Final Object Repo/Page_Update Employee Information By Employee/Page_Update Employee Information by Employee (Query -OTC -UO)/Exit' is clicked on

2018-12-07 03:03:14 - [TEST_STEP][PASSED] - delay: Delayed 1 second(s)

2018-12-07 03:03:15 - [MESSAGE][PASSED] - Delayed 1 second(s)

2018-12-07 03:03:15 - [TEST_STEP][PASSED] - navigateToUrl: Navigate to 'https://assist2-uat.perkeso.gov.my/c/portal/logout' successfully

2018-12-07 03:03:15 - [MESSAGE][PASSED] - Navigate to 'https://assist2-uat.perkeso.gov.my/c/portal/logout' successfully

2018-12-07 03:03:15 - [TEST_STEP][PASSED] - delay: Delayed 1 second(s)

2018-12-07 03:03:16 - [MESSAGE][PASSED] - Delayed 1 second(s)

2018-12-07 03:03:16 - [TEST_STEP][PASSED] - callTestCase: Call Test Case 'Test Cases/Final Aug 2018 - PKS Automation/Registration Module/Workflow/Login and Search Case For Workflow' successfully

2018-12-07 03:03:17 - [TEST_CASE][PASSED] - Test Cases/Final Aug 2018 - PKS Automation/Registration Module/Workflow/Login and Search Case For Workflow: Test Cases/Final Aug 2018 - PKS Automation/Registration Module/Workflow/Login and Search Case For Workflow

2018-12-07 03:03:17 - [TEST_STEP][PASSED] - navigateToUrl: Navigate to 'https://assist2-uat.perkeso.gov.my/login' successfully

2018-12-07 03:03:17 - [MESSAGE][PASSED] - Navigate to 'https://assist2-uat.perkeso.gov.my/login' successfully

2018-12-07 03:03:17 - [TEST_STEP][PASSED] - setText: Text 'johoruo1@gmail.com' is set on object 'Object Repository/Final Object Repo/Login Page/Internal User/Email Address'

2018-12-07 03:03:17 - [MESSAGE][PASSED] - Text 'johoruo1@gmail.com' is set on object 'Object Repository/Final Object Repo/Login Page/Internal User/Email Address'

2018-12-07 03:03:17 - [TEST_STEP][PASSED] - click: Object: 'Object Repository/Final Object Repo/Login Page/Internal User/Next Button' is clicked on

2018-12-07 03:03:18 - [MESSAGE][PASSED] - Object: 'Object Repository/Final Object Repo/Login Page/Internal User/Next Button' is clicked on

2018-12-07 03:03:18 - [TEST_STEP][PASSED] - delay: Delayed 1 second(s)

2018-12-07 03:03:19 - [MESSAGE][PASSED] - Delayed 1 second(s)

2018-12-07 03:03:19 - [TEST_STEP][PASSED] - setEncryptedText: Text ****** has been set on object 'Object Repository/Final Object Repo/Login Page/Internal User/Password'

2018-12-07 03:03:19 - [MESSAGE][PASSED] - Text ****** has been set on object 'Object Repository/Final Object Repo/Login Page/Internal User/Password'

2018-12-07 03:03:19 - [TEST_STEP][PASSED] - click: Object: 'Object Repository/Final Object Repo/Login Page/Internal User/Login Button' is clicked on

2018-12-07 03:03:19 - [MESSAGE][PASSED] - Object: 'Object Repository/Final Object Repo/Login Page/Internal User/Login Button' is clicked on

2018-12-07 03:03:19 - [TEST_STEP][PASSED] - delay: Delayed 2 second(s)

2018-12-07 03:03:21 - [MESSAGE][PASSED] - Delayed 2 second(s)

2018-12-07 03:03:21 - [TEST_STEP][PASSED] - Statement - Try: Delayed 2 second(s)

2018-12-07 03:03:21 - [TEST_STEP][PASSED] - Statement - Checker = false: null

2018-12-07 03:03:21 - [TEST_STEP][PASSED] - Statement - Checker = com.kms.katalon.core.webui.keyword.WebUiBuiltInKeywords.verifyElementHasAttribute(com.kms.katalon.core.testobject.ObjectRepository.findTestObject(Final Object Repo/Landing Page/BM Detecting), "href", 20, OPTIONAL): Object 'Object Repository/Final Object Repo/Landing Page/BM Detecting' has attribute 'href'

2018-12-07 03:03:21 - [MESSAGE][PASSED] - Object 'Object Repository/Final Object Repo/Landing Page/BM Detecting' has attribute 'href'

2018-12-07 03:03:21 - [TEST_STEP][PASSED] - Statement - out.println(Checker): null

2018-12-07 03:03:21 - [TEST_STEP][PASSED] - Statement - If (Checker == false): null

2018-12-07 03:03:21 - [TEST_STEP][PASSED] - Statement - Else: null

2018-12-07 03:03:21 - [TEST_STEP][PASSED] - delay: Delayed 2 second(s)

2018-12-07 03:03:23 - [MESSAGE][PASSED] - Delayed 2 second(s)

2018-12-07 03:03:23 - [TEST_STEP][PASSED] - click: Object: 'Object Repository/Final Object Repo/Page_MyASSIST - ASSIST - Search Pending Case For Add Supporting Document/Search Information' is clicked on

2018-12-07 03:03:23 - [MESSAGE][PASSED] - Object: 'Object Repository/Final Object Repo/Page_MyASSIST - ASSIST - Search Pending Case For Add Supporting Document/Search Information' is clicked on

2018-12-07 03:03:23 - [TEST_STEP][PASSED] - delay: Delayed 3 second(s)

2018-12-07 03:03:26 - [MESSAGE][PASSED] - Delayed 3 second(s)

2018-12-07 03:03:26 - [TEST_STEP][PASSED] - sendKeys: Keys 'CUN122018C100005872' sent to object: 'Object Repository/Final Object Repo/Page_MyASSIST - ASSIST - Search Pending Case For Add Supporting Document/Reference No'

2018-12-07 03:03:27 - [MESSAGE][PASSED] - Keys 'CUN122018C100005872' sent to object: 'Object Repository/Final Object Repo/Page_MyASSIST - ASSIST - Search Pending Case For Add Supporting Document/Reference No'

2018-12-07 03:03:27 - [TEST_STEP][PASSED] - click: Object: 'Object Repository/Final Object Repo/Page_MyASSIST - ASSIST - Search Pending Case For Add Supporting Document/Search Reference No' is clicked on

2018-12-07 03:03:27 - [MESSAGE][PASSED] - Object: 'Object Repository/Final Object Repo/Page_MyASSIST - ASSIST - Search Pending Case For Add Supporting Document/Search Reference No' is clicked on

2018-12-07 03:03:27 - [TEST_STEP][PASSED] - delay: Delayed 2 second(s)

2018-12-07 03:03:29 - [MESSAGE][PASSED] - Delayed 2 second(s)

2018-12-07 03:03:29 - [TEST_STEP][PASSED] - click: Object: 'Object Repository/Final Object Repo/Page_MyASSIST - ASSIST - Search Pending Case For Add Supporting Document/Continue' is clicked on

2018-12-07 03:03:32 - [MESSAGE][PASSED] - Object: 'Object Repository/Final Object Repo/Page_MyASSIST - ASSIST - Search Pending Case For Add Supporting Document/Continue' is clicked on

2018-12-07 03:03:32 - [TEST_STEP][PASSED] - delay: Delayed 20 second(s)

2018-12-07 03:03:52 - [MESSAGE][PASSED] - Delayed 20 second(s)

2018-12-07 03:03:52 - [MESSAGE][PASSED] - Call Test Case 'Test Cases/Final Aug 2018 - PKS Automation/Registration Module/Workflow/Login and Search Case For Workflow' successfully

2018-12-07 03:03:52 - [TEST_STEP][PASSED] - click: Object: 'Object Repository/Final Object Repo/Page_Update Employee Information By Employer/Page_Update Employee Information by Employer (Approve)/Continue' is clicked on

2018-12-07 03:03:55 - [MESSAGE][PASSED] - Object: 'Object Repository/Final Object Repo/Page_Update Employee Information By Employer/Page_Update Employee Information by Employer (Approve)/Continue' is clicked on

2018-12-07 03:03:55 - [TEST_STEP][PASSED] - delay: Delayed 2 second(s)

2018-12-07 03:03:57 - [MESSAGE][PASSED] - Delayed 2 second(s)

2018-12-07 03:03:57 - [TEST_STEP][PASSED] - click: Object: 'Object Repository/Final Object Repo/Page_Update Employee Information By Employer/Page_Update Employee Information by Employer (Approve)/Save  Continue in Update Employee Information Page' is clicked on

2018-12-07 03:03:58 - [MESSAGE][PASSED] - Object: 'Object Repository/Final Object Repo/Page_Update Employee Information By Employer/Page_Update Employee Information by Employer (Approve)/Save  Continue in Update Employee Information Page' is clicked on

2018-12-07 03:03:58 - [TEST_STEP][PASSED] - delay: Delayed 2 second(s)

2018-12-07 03:04:00 - [MESSAGE][PASSED] - Delayed 2 second(s)

2018-12-07 03:04:00 - [TEST_STEP][PASSED] - click: Object: 'Object Repository/Final Object Repo/Page_Update Employee Information By Employer/Page_Update Employee Information by Employer (Approve)/Save  Continue in Upload Supporting Doucument Page' is clicked on

2018-12-07 03:04:01 - [MESSAGE][PASSED] - Object: 'Object Repository/Final Object Repo/Page_Update Employee Information By Employer/Page_Update Employee Information by Employer (Approve)/Save  Continue in Upload Supporting Doucument Page' is clicked on

2018-12-07 03:04:01 - [TEST_STEP][PASSED] - delay: Delayed 2 second(s)

2018-12-07 03:04:03 - [MESSAGE][PASSED] - Delayed 2 second(s)

2018-12-07 03:04:03 - [TEST_STEP][PASSED] - click: Object: 'Object Repository/Final Object Repo/Page_Update Employee Information By Employer/Page_Update Employee Information by Employer (Approve)/Approve' is clicked on

2018-12-07 03:04:04 - [MESSAGE][PASSED] - Object: 'Object Repository/Final Object Repo/Page_Update Employee Information By Employer/Page_Update Employee Information by Employer (Approve)/Approve' is clicked on

2018-12-07 03:04:04 - [TEST_STEP][PASSED] - delay: Delayed 2 second(s)

2018-12-07 03:04:06 - [MESSAGE][PASSED] - Delayed 2 second(s)

2018-12-07 03:04:06 - [TEST_STEP][PASSED] - click: Object: 'Object Repository/Final Object Repo/Page_Update Employee Information By Employer/Page_Update Employee Information by Employer (Approve)/Confirm' is clicked on

2018-12-07 03:04:07 - [MESSAGE][PASSED] - Object: 'Object Repository/Final Object Repo/Page_Update Employee Information By Employer/Page_Update Employee Information by Employer (Approve)/Confirm' is clicked on

2018-12-07 03:04:07 - [TEST_STEP][PASSED] - delay: Delayed 2 second(s)

2018-12-07 03:04:09 - [MESSAGE][PASSED] - Delayed 2 second(s)

2018-12-07 03:04:09 - [TEST_STEP][PASSED] - click: Object: 'Object Repository/Final Object Repo/Page_Update Employee Information By Employee/Page_Update Employee Information By Employee (Approve)/Message Your Request    Update Emp' is clicked on

2018-12-07 03:04:13 - [MESSAGE][PASSED] - Object: 'Object Repository/Final Object Repo/Page_Update Employee Information By Employee/Page_Update Employee Information By Employee (Approve)/Message Your Request    Update Emp' is clicked on

2018-12-07 03:04:13 - [TEST_STEP][PASSED] - click: Object: 'Object Repository/Final Object Repo/Page_Update Employee Information By Employee/Page_Update Employee Information By Employee (Approve)/Letter of successful update' is clicked on

2018-12-07 03:04:13 - [MESSAGE][PASSED] - Object: 'Object Repository/Final Object Repo/Page_Update Employee Information By Employee/Page_Update Employee Information By Employee (Approve)/Letter of successful update' is clicked on

2018-12-07 03:04:13 - [MESSAGE][PASSED] - Call Test Case 'Test Cases/Final Aug 2018 - PKS Automation/Registration Module/Workflow/Update Employee Information (Employee)/Template/Update Employee Information - Special Case - UO (Query)' successfully]]></system-out>
         <system-err><![CDATA[]]></system-err>
      </testcase>
      <testcase name="Test Cases/Final Aug 2018 - PKS Automation/Registration Module/Workflow/Update Employee Information (Employee)/PAU to UO (Reject)" classname="Test Cases/Final Aug 2018 - PKS Automation/Registration Module/Workflow/Update Employee Information (Employee)/PAU to UO (Reject)" status="PASSED">
         <system-out><![CDATA[2018-12-07 03:04:13 - [TEST_CASE][PASSED] - Test Cases/Final Aug 2018 - PKS Automation/Registration Module/Workflow/Update Employee Information (Employee)/PAU to UO (Reject): Test Cases/Final Aug 2018 - PKS Automation/Registration Module/Workflow/Update Employee Information (Employee)/PAU to UO (Reject)

2018-12-07 03:04:14 - [TEST_STEP][PASSED] - callTestCase: Call Test Case 'Test Cases/Final Aug 2018 - PKS Automation/Registration Module/Workflow/Update Employee Information (Employee)/Template/Update Employee Information - Special Case (PAU)' successfully

2018-12-07 03:04:14 - [TEST_CASE][PASSED] - Test Cases/Final Aug 2018 - PKS Automation/Registration Module/Workflow/Update Employee Information (Employee)/Template/Update Employee Information - Special Case (PAU): Test Cases/Final Aug 2018 - PKS Automation/Registration Module/Workflow/Update Employee Information (Employee)/Template/Update Employee Information - Special Case (PAU)

2018-12-07 03:04:14 - [TEST_STEP][PASSED] - openBrowser: Browser is opened with url: ''

2018-12-07 03:04:14 - [MESSAGE][WARNING] - A browser is already opened. Closing browser and opening a new one

2018-12-07 03:04:18 - [MESSAGE][PASSED] - Browser is opened with url: ''

2018-12-07 03:04:18 - [TEST_STEP][PASSED] - navigateToUrl: Navigate to 'https://assist2-uat.perkeso.gov.my/login' successfully

2018-12-07 03:04:19 - [MESSAGE][PASSED] - Navigate to 'https://assist2-uat.perkeso.gov.my/login' successfully

2018-12-07 03:04:19 - [TEST_STEP][PASSED] - setText: Text 'johorpau1@gmail.com' is set on object 'Object Repository/Final Object Repo/Login Page/Internal User/Email Address'

2018-12-07 03:04:19 - [MESSAGE][PASSED] - Text 'johorpau1@gmail.com' is set on object 'Object Repository/Final Object Repo/Login Page/Internal User/Email Address'

2018-12-07 03:04:19 - [TEST_STEP][PASSED] - click: Object: 'Object Repository/Final Object Repo/Login Page/Internal User/Next Button' is clicked on

2018-12-07 03:04:20 - [MESSAGE][PASSED] - Object: 'Object Repository/Final Object Repo/Login Page/Internal User/Next Button' is clicked on

2018-12-07 03:04:20 - [TEST_STEP][PASSED] - delay: Delayed 1 second(s)

2018-12-07 03:04:21 - [MESSAGE][PASSED] - Delayed 1 second(s)

2018-12-07 03:04:21 - [TEST_STEP][PASSED] - setEncryptedText: Text ****** has been set on object 'Object Repository/Final Object Repo/Login Page/Internal User/Password'

2018-12-07 03:04:21 - [MESSAGE][PASSED] - Text ****** has been set on object 'Object Repository/Final Object Repo/Login Page/Internal User/Password'

2018-12-07 03:04:21 - [TEST_STEP][PASSED] - click: Object: 'Object Repository/Final Object Repo/Login Page/Internal User/Login Button' is clicked on

2018-12-07 03:04:21 - [MESSAGE][PASSED] - Object: 'Object Repository/Final Object Repo/Login Page/Internal User/Login Button' is clicked on

2018-12-07 03:04:21 - [TEST_STEP][PASSED] - Statement - tester = com.kms.katalon.core.testobject.ObjectRepository.findTestObject(Final Object Repo/Landing Page/Select to English): Finding Test Object with id 'Object Repository/Final Object Repo/Landing Page/Select to English'

2018-12-07 03:04:21 - [TEST_STEP][PASSED] - Statement - Try: Delayed 2 second(s)

2018-12-07 03:04:21 - [TEST_STEP][PASSED] - Statement - Checker = com.kms.katalon.core.webui.keyword.WebUiBuiltInKeywords.verifyElementNotPresent(tester, 3): Web element with id: 'Object Repository/Final Object Repo/Landing Page/Select to English' located by 'By.xpath: //a[@class = 'taglib-language-list-text' and @lang = 'en-US' and (contains(text(), 'EN') or contains(., 'EN'))]' is not present after '3' second(s)

2018-12-07 03:04:23 - [MESSAGE][PASSED] - Web element with id: 'Object Repository/Final Object Repo/Landing Page/Select to English' located by 'By.xpath: //a[@class = 'taglib-language-list-text' and @lang = 'en-US' and (contains(text(), 'EN') or contains(., 'EN'))]' is not present after '3' second(s)

2018-12-07 03:04:23 - [TEST_STEP][PASSED] - Statement - If (Checker == false): null

2018-12-07 03:04:23 - [TEST_STEP][PASSED] - delay: Delayed 2 second(s)

2018-12-07 03:04:25 - [MESSAGE][PASSED] - Delayed 2 second(s)

2018-12-07 03:04:25 - [TEST_STEP][PASSED] - delay: Delayed 5 second(s)

2018-12-07 03:04:30 - [MESSAGE][PASSED] - Delayed 5 second(s)

2018-12-07 03:04:30 - [TEST_STEP][PASSED] - navigateToUrl: Navigate to 'https://assist2-uat.perkeso.gov.my/web/registration/update/update-employee-information-employee-' successfully

2018-12-07 03:04:31 - [MESSAGE][PASSED] - Navigate to 'https://assist2-uat.perkeso.gov.my/web/registration/update/update-employee-information-employee-' successfully

2018-12-07 03:04:31 - [TEST_STEP][PASSED] - click: Object: 'Object Repository/Final Object Repo/Page_Update Employee Information By Employee/Type of Identification' is clicked on

2018-12-07 03:04:31 - [MESSAGE][PASSED] - Object: 'Object Repository/Final Object Repo/Page_Update Employee Information By Employee/Type of Identification' is clicked on

2018-12-07 03:04:31 - [TEST_STEP][PASSED] - click: Object: 'Object Repository/Final Object Repo/Page Update Employee Information By Employee/Type of Identification - Name' is clicked on

2018-12-07 03:04:31 - [MESSAGE][PASSED] - Object: 'Object Repository/Final Object Repo/Page Update Employee Information By Employee/Type of Identification - Name' is clicked on

2018-12-07 03:04:31 - [TEST_STEP][PASSED] - setText: Text 'YUKI JR B' is set on object 'Object Repository/Final Object Repo/Page_Update Employee Information By Employee/New Identification'

2018-12-07 03:04:31 - [MESSAGE][PASSED] - Text 'YUKI JR B' is set on object 'Object Repository/Final Object Repo/Page_Update Employee Information By Employee/New Identification'

2018-12-07 03:04:31 - [TEST_STEP][PASSED] - click: Object: 'Object Repository/Final Object Repo/Page_Update Employee Information By Employee/Search Button' is clicked on

2018-12-07 03:04:32 - [MESSAGE][PASSED] - Object: 'Object Repository/Final Object Repo/Page_Update Employee Information By Employee/Search Button' is clicked on

2018-12-07 03:04:32 - [TEST_STEP][PASSED] - click: Object: 'Object Repository/Final Object Repo/Page_Update Employee Information By Employee/Edit Button' is clicked on

2018-12-07 03:04:35 - [MESSAGE][PASSED] - Object: 'Object Repository/Final Object Repo/Page_Update Employee Information By Employee/Edit Button' is clicked on

2018-12-07 03:04:35 - [TEST_STEP][PASSED] - delay: Delayed 2 second(s)

2018-12-07 03:04:37 - [MESSAGE][PASSED] - Delayed 2 second(s)

2018-12-07 03:04:37 - [TEST_STEP][PASSED] - click: Object: 'Object Repository/Final Object Repo/Page_Update Employee Information By Employee/Employee Information Edit Button' is clicked on

2018-12-07 03:04:37 - [MESSAGE][PASSED] - Object: 'Object Repository/Final Object Repo/Page_Update Employee Information By Employee/Employee Information Edit Button' is clicked on

2018-12-07 03:04:37 - [TEST_STEP][PASSED] - delay: Delayed 2 second(s)

2018-12-07 03:04:39 - [MESSAGE][PASSED] - Delayed 2 second(s)

2018-12-07 03:04:39 - [TEST_STEP][PASSED] - click: Object: 'Object Repository/Final Object Repo/Page_Update Employee Information By Employee/New Identification Number' is clicked on

2018-12-07 03:04:40 - [MESSAGE][PASSED] - Object: 'Object Repository/Final Object Repo/Page_Update Employee Information By Employee/New Identification Number' is clicked on

2018-12-07 03:04:40 - [TEST_STEP][PASSED] - setText: Text '' is set on object 'Object Repository/Final Object Repo/Page_Update Employee Information By Employee/New Identification Number'

2018-12-07 03:04:40 - [MESSAGE][PASSED] - Text '' is set on object 'Object Repository/Final Object Repo/Page_Update Employee Information By Employee/New Identification Number'

2018-12-07 03:04:40 - [TEST_STEP][PASSED] - Statement - rnd = new java.util.Random(): null

2018-12-07 03:04:40 - [TEST_STEP][PASSED] - Statement - snum = rnd.nextInt(899999 + 1) + 100000: null

2018-12-07 03:04:40 - [TEST_STEP][PASSED] - Statement - tnum = rnd.nextInt(899999 + 1) + 100000: null

2018-12-07 03:04:40 - [TEST_STEP][PASSED] - Statement - IC = java.lang.Integer.toString(snum) + java.lang.Integer.toString(tnum): null

2018-12-07 03:04:40 - [TEST_STEP][PASSED] - Statement - out.println(IC): null

2018-12-07 03:04:40 - [TEST_STEP][PASSED] - setText: Text '917713310222' is set on object 'Object Repository/Final Object Repo/Page_Update Employee Information By Employee/New Identification Number'

2018-12-07 03:04:40 - [MESSAGE][PASSED] - Text '917713310222' is set on object 'Object Repository/Final Object Repo/Page_Update Employee Information By Employee/New Identification Number'

2018-12-07 03:04:40 - [TEST_STEP][PASSED] - delay: Delayed 2 second(s)

2018-12-07 03:04:42 - [MESSAGE][PASSED] - Delayed 2 second(s)

2018-12-07 03:04:42 - [TEST_STEP][PASSED] - click: Object: 'Object Repository/Final Object Repo/Page_Update Employee Information By Employee/Save' is clicked on

2018-12-07 03:04:42 - [MESSAGE][PASSED] - Object: 'Object Repository/Final Object Repo/Page_Update Employee Information By Employee/Save' is clicked on

2018-12-07 03:04:42 - [TEST_STEP][PASSED] - delay: Delayed 10 second(s)

2018-12-07 03:04:52 - [MESSAGE][PASSED] - Delayed 10 second(s)

2018-12-07 03:04:52 - [TEST_STEP][PASSED] - click: Object: 'Object Repository/Final Object Repo/Page_Update Employee Information By Employee/Save  Continue in Update Employee Information' is clicked on

2018-12-07 03:04:52 - [MESSAGE][PASSED] - Object: 'Object Repository/Final Object Repo/Page_Update Employee Information By Employee/Save  Continue in Update Employee Information' is clicked on

2018-12-07 03:04:52 - [TEST_STEP][PASSED] - delay: Delayed 2 second(s)

2018-12-07 03:04:54 - [MESSAGE][PASSED] - Delayed 2 second(s)

2018-12-07 03:04:54 - [TEST_STEP][PASSED] - click: Object: 'Object Repository/Final Object Repo/Page_Update Employee Information By Employee/Save  Continue in Uploading Page' is clicked on

2018-12-07 03:05:02 - [MESSAGE][PASSED] - Object: 'Object Repository/Final Object Repo/Page_Update Employee Information By Employee/Save  Continue in Uploading Page' is clicked on

2018-12-07 03:05:02 - [TEST_STEP][PASSED] - delay: Delayed 2 second(s)

2018-12-07 03:05:04 - [MESSAGE][PASSED] - Delayed 2 second(s)

2018-12-07 03:05:04 - [TEST_STEP][PASSED] - Statement - CaseReferenceNo = com.kms.katalon.core.webui.keyword.WebUiBuiltInKeywords.getText(com.kms.katalon.core.testobject.ObjectRepository.findTestObject(Final Object Repo/Page_Update Employer Information/Reference Number in Update Employee Information Page)): Text of object 'Object Repository/Final Object Repo/Page_Update Employer Information/Reference Number in Update Employee Information Page' is: 'CUN122018C100005873'

2018-12-07 03:05:06 - [MESSAGE][PASSED] - Text of object 'Object Repository/Final Object Repo/Page_Update Employer Information/Reference Number in Update Employee Information Page' is: 'CUN122018C100005873'

2018-12-07 03:05:06 - [TEST_STEP][PASSED] - callTestCase: Call Test Case 'Test Cases/Final Aug 2018 - PKS Automation/Common/Reference Number Setter' successfully

2018-12-07 03:05:06 - [TEST_CASE][PASSED] - Test Cases/Final Aug 2018 - PKS Automation/Common/Reference Number Setter: Test Cases/Final Aug 2018 - PKS Automation/Common/Reference Number Setter

2018-12-07 03:05:06 - [TEST_STEP][PASSED] - Statement - RefNoOldFile = new java.io.File(C://Users//Admin//Desktop//PKS//Automation Reference Point//KatalonReference.txt): null

2018-12-07 03:05:06 - [TEST_STEP][PASSED] - Statement - RefNoOldFile.delete(): null

2018-12-07 03:05:06 - [TEST_STEP][PASSED] - delay: Delayed 5 second(s)

2018-12-07 03:05:11 - [MESSAGE][PASSED] - Delayed 5 second(s)

2018-12-07 03:05:11 - [TEST_STEP][PASSED] - Statement - RefNo = new java.io.File(C://Users//Admin//Desktop//PKS//Automation Reference Point//KatalonReference.txt): null

2018-12-07 03:05:11 - [TEST_STEP][PASSED] - Statement - f2 = new java.io.FileWriter(RefNo, false): null

2018-12-07 03:05:11 - [TEST_STEP][PASSED] - Statement - f2.write(CaseReferenceNo): null

2018-12-07 03:05:11 - [TEST_STEP][PASSED] - Statement - f2.close(): null

2018-12-07 03:05:11 - [TEST_STEP][PASSED] - Statement - out.println("


" + CaseReferenceNo + "


"): null

2018-12-07 03:05:11 - [MESSAGE][PASSED] - Call Test Case 'Test Cases/Final Aug 2018 - PKS Automation/Common/Reference Number Setter' successfully

2018-12-07 03:05:11 - [TEST_STEP][PASSED] - delay: Delayed 2 second(s)

2018-12-07 03:05:13 - [MESSAGE][PASSED] - Delayed 2 second(s)

2018-12-07 03:05:13 - [TEST_STEP][PASSED] - click: Object: 'Object Repository/Final Object Repo/Page_Update Employee Information By Employee/Submit' is clicked on

2018-12-07 03:05:13 - [MESSAGE][PASSED] - Object: 'Object Repository/Final Object Repo/Page_Update Employee Information By Employee/Submit' is clicked on

2018-12-07 03:05:13 - [TEST_STEP][PASSED] - delay: Delayed 2 second(s)

2018-12-07 03:05:15 - [MESSAGE][PASSED] - Delayed 2 second(s)

2018-12-07 03:05:15 - [TEST_STEP][PASSED] - click: Object: 'Object Repository/Final Object Repo/Page_Update Employee Information By Employee/Confirm Button' is clicked on

2018-12-07 03:05:15 - [MESSAGE][PASSED] - Object: 'Object Repository/Final Object Repo/Page_Update Employee Information By Employee/Confirm Button' is clicked on

2018-12-07 03:05:15 - [TEST_STEP][PASSED] - delay: Delayed 2 second(s)

2018-12-07 03:05:17 - [MESSAGE][PASSED] - Delayed 2 second(s)

2018-12-07 03:05:17 - [TEST_STEP][PASSED] - click: Object: 'Object Repository/Final Object Repo/Page_Update Employee Information By Employee/Successful Message Routed to UO' is clicked on

2018-12-07 03:05:20 - [MESSAGE][PASSED] - Object: 'Object Repository/Final Object Repo/Page_Update Employee Information By Employee/Successful Message Routed to UO' is clicked on

2018-12-07 03:05:20 - [MESSAGE][PASSED] - Call Test Case 'Test Cases/Final Aug 2018 - PKS Automation/Registration Module/Workflow/Update Employee Information (Employee)/Template/Update Employee Information - Special Case (PAU)' successfully

2018-12-07 03:05:20 - [TEST_STEP][PASSED] - callTestCase: Call Test Case 'Test Cases/Final Aug 2018 - PKS Automation/Registration Module/Workflow/Update Employee Information (Employee)/Template/Update Employee Information - Special Case - UO (Reject)' successfully

2018-12-07 03:05:20 - [TEST_CASE][PASSED] - Test Cases/Final Aug 2018 - PKS Automation/Registration Module/Workflow/Update Employee Information (Employee)/Template/Update Employee Information - Special Case - UO (Reject): Test Cases/Final Aug 2018 - PKS Automation/Registration Module/Workflow/Update Employee Information (Employee)/Template/Update Employee Information - Special Case - UO (Reject)

2018-12-07 03:05:20 - [TEST_STEP][NOT_RUN] - callTestCase: NOT_RUN: callTestCase

2018-12-07 03:05:20 - [MESSAGE][NOT_RUN] - NOT_RUN: callTestCase

2018-12-07 03:05:20 - [TEST_STEP][PASSED] - delay: Delayed 2 second(s)

2018-12-07 03:05:22 - [MESSAGE][PASSED] - Delayed 2 second(s)

2018-12-07 03:05:22 - [TEST_STEP][PASSED] - navigateToUrl: Navigate to 'https://assist2-uat.perkeso.gov.my/c/portal/logout' successfully

2018-12-07 03:05:23 - [MESSAGE][PASSED] - Navigate to 'https://assist2-uat.perkeso.gov.my/c/portal/logout' successfully

2018-12-07 03:05:23 - [TEST_STEP][PASSED] - delay: Delayed 2 second(s)

2018-12-07 03:05:25 - [MESSAGE][PASSED] - Delayed 2 second(s)

2018-12-07 03:05:25 - [TEST_STEP][PASSED] - callTestCase: Call Test Case 'Test Cases/Final Aug 2018 - PKS Automation/Common/Reference Number Getter' successfully

2018-12-07 03:05:25 - [TEST_CASE][PASSED] - Test Cases/Final Aug 2018 - PKS Automation/Common/Reference Number Getter: Test Cases/Final Aug 2018 - PKS Automation/Common/Reference Number Getter

2018-12-07 03:05:25 - [TEST_STEP][PASSED] - Statement - Try: null

2018-12-07 03:05:25 - [TEST_STEP][PASSED] - Statement - RefNo = new java.io.File(C://Users//Admin//Desktop//PKS//Automation Reference Point//KatalonReference.txt): null

2018-12-07 03:05:25 - [TEST_STEP][PASSED] - Statement - bufferread = new java.io.BufferedReader(new java.io.FileReader(RefNo)): null

2018-12-07 03:05:25 - [TEST_STEP][PASSED] - Statement - readedVal = bufferread.readLine(): null

2018-12-07 03:05:25 - [TEST_STEP][PASSED] - Statement - out.println(CaseReferenceNo): null

2018-12-07 03:05:25 - [TEST_STEP][PASSED] - Statement - out.println(readedVal): null

2018-12-07 03:05:25 - [TEST_STEP][PASSED] - Statement - CaseReferenceNo = "": null

2018-12-07 03:05:25 - [TEST_STEP][PASSED] - Statement - CaseReferenceNo = readedVal: null

2018-12-07 03:05:25 - [MESSAGE][PASSED] - Call Test Case 'Test Cases/Final Aug 2018 - PKS Automation/Common/Reference Number Getter' successfully

2018-12-07 03:05:25 - [TEST_STEP][PASSED] - callTestCase: Call Test Case 'Test Cases/Final Aug 2018 - PKS Automation/Common/Workflow Owner Finder' successfully

2018-12-07 03:05:25 - [TEST_CASE][PASSED] - Test Cases/Final Aug 2018 - PKS Automation/Common/Workflow Owner Finder: Test Cases/Final Aug 2018 - PKS Automation/Common/Workflow Owner Finder

2018-12-07 03:05:25 - [TEST_STEP][PASSED] - openBrowser: Browser is opened with url: ''

2018-12-07 03:05:25 - [MESSAGE][WARNING] - A browser is already opened. Closing browser and opening a new one

2018-12-07 03:05:29 - [MESSAGE][PASSED] - Browser is opened with url: ''

2018-12-07 03:05:29 - [TEST_STEP][PASSED] - navigateToUrl: Navigate to 'https://assist2-uat.perkeso.gov.my/login' successfully

2018-12-07 03:05:30 - [MESSAGE][PASSED] - Navigate to 'https://assist2-uat.perkeso.gov.my/login' successfully

2018-12-07 03:05:30 - [TEST_STEP][PASSED] - delay: Delayed 5 second(s)

2018-12-07 03:05:35 - [MESSAGE][PASSED] - Delayed 5 second(s)

2018-12-07 03:05:35 - [TEST_STEP][PASSED] - setText: Text 'test@liferay.com' is set on object 'Object Repository/Final Object Repo/Login Page/Internal User/Email Address'

2018-12-07 03:05:36 - [MESSAGE][PASSED] - Text 'test@liferay.com' is set on object 'Object Repository/Final Object Repo/Login Page/Internal User/Email Address'

2018-12-07 03:05:36 - [TEST_STEP][PASSED] - click: Object: 'Object Repository/Final Object Repo/Login Page/Internal User/Next Button' is clicked on

2018-12-07 03:05:36 - [MESSAGE][PASSED] - Object: 'Object Repository/Final Object Repo/Login Page/Internal User/Next Button' is clicked on

2018-12-07 03:05:36 - [TEST_STEP][PASSED] - delay: Delayed 2 second(s)

2018-12-07 03:05:38 - [MESSAGE][PASSED] - Delayed 2 second(s)

2018-12-07 03:05:38 - [TEST_STEP][PASSED] - setText: Text 'test' is set on object 'Object Repository/Final Object Repo/Login Page/Internal User/Password'

2018-12-07 03:05:38 - [MESSAGE][PASSED] - Text 'test' is set on object 'Object Repository/Final Object Repo/Login Page/Internal User/Password'

2018-12-07 03:05:38 - [TEST_STEP][PASSED] - delay: Delayed 2 second(s)

2018-12-07 03:05:40 - [MESSAGE][PASSED] - Delayed 2 second(s)

2018-12-07 03:05:40 - [TEST_STEP][PASSED] - click: Object: 'Object Repository/Final Object Repo/Login Page/Internal User/Login Button' is clicked on

2018-12-07 03:05:40 - [MESSAGE][PASSED] - Object: 'Object Repository/Final Object Repo/Login Page/Internal User/Login Button' is clicked on

2018-12-07 03:05:40 - [TEST_STEP][PASSED] - Statement - tester = com.kms.katalon.core.testobject.ObjectRepository.findTestObject(Final Object Repo/Landing Page/Select to English): Finding Test Object with id 'Object Repository/Final Object Repo/Landing Page/Select to English'

2018-12-07 03:05:40 - [TEST_STEP][PASSED] - Statement - Try: Delayed 2 second(s)

2018-12-07 03:05:40 - [TEST_STEP][PASSED] - Statement - Checker = com.kms.katalon.core.webui.keyword.WebUiBuiltInKeywords.verifyElementNotPresent(tester, 3): Web element with id: 'Object Repository/Final Object Repo/Landing Page/Select to English' located by 'By.xpath: //a[@class = 'taglib-language-list-text' and @lang = 'en-US' and (contains(text(), 'EN') or contains(., 'EN'))]' is not present after '3' second(s)

2018-12-07 03:05:42 - [MESSAGE][PASSED] - Web element with id: 'Object Repository/Final Object Repo/Landing Page/Select to English' located by 'By.xpath: //a[@class = 'taglib-language-list-text' and @lang = 'en-US' and (contains(text(), 'EN') or contains(., 'EN'))]' is not present after '3' second(s)

2018-12-07 03:05:42 - [TEST_STEP][PASSED] - Statement - If (Checker == false): null

2018-12-07 03:05:42 - [TEST_STEP][PASSED] - delay: Delayed 2 second(s)

2018-12-07 03:05:44 - [MESSAGE][PASSED] - Delayed 2 second(s)

2018-12-07 03:05:44 - [TEST_STEP][PASSED] - delay: Delayed 5 second(s)

2018-12-07 03:05:49 - [MESSAGE][PASSED] - Delayed 5 second(s)

2018-12-07 03:05:49 - [TEST_STEP][PASSED] - mouseOver: Object: 'Object Repository/Final Object Repo/Landing Page/WorkFlow Menu' is hovered

2018-12-07 03:05:49 - [MESSAGE][PASSED] - Object: 'Object Repository/Final Object Repo/Landing Page/WorkFlow Menu' is hovered

2018-12-07 03:05:49 - [TEST_STEP][PASSED] - delay: Delayed 2 second(s)

2018-12-07 03:05:51 - [MESSAGE][PASSED] - Delayed 2 second(s)

2018-12-07 03:05:51 - [TEST_STEP][PASSED] - click: Object: 'Object Repository/Final Object Repo/Landing Page/Select to Workflow Listing' is clicked on

2018-12-07 03:05:52 - [MESSAGE][PASSED] - Object: 'Object Repository/Final Object Repo/Landing Page/Select to Workflow Listing' is clicked on

2018-12-07 03:05:52 - [TEST_STEP][PASSED] - delay: Delayed 2 second(s)

2018-12-07 03:05:54 - [MESSAGE][PASSED] - Delayed 2 second(s)

2018-12-07 03:05:54 - [TEST_STEP][PASSED] - click: Object: 'Object Repository/Final Object Repo/WorkFlow Listing Page/Search Information - To Put Ref No' is clicked on

2018-12-07 03:05:55 - [MESSAGE][PASSED] - Object: 'Object Repository/Final Object Repo/WorkFlow Listing Page/Search Information - To Put Ref No' is clicked on

2018-12-07 03:05:55 - [TEST_STEP][PASSED] - delay: Delayed 2 second(s)

2018-12-07 03:05:57 - [MESSAGE][PASSED] - Delayed 2 second(s)

2018-12-07 03:05:57 - [TEST_STEP][PASSED] - callTestCase: Call Test Case 'Test Cases/Final Aug 2018 - PKS Automation/Common/Reference Number Getter' successfully

2018-12-07 03:05:57 - [TEST_CASE][PASSED] - Test Cases/Final Aug 2018 - PKS Automation/Common/Reference Number Getter: Test Cases/Final Aug 2018 - PKS Automation/Common/Reference Number Getter

2018-12-07 03:05:57 - [TEST_STEP][PASSED] - Statement - Try: null

2018-12-07 03:05:57 - [TEST_STEP][PASSED] - Statement - RefNo = new java.io.File(C://Users//Admin//Desktop//PKS//Automation Reference Point//KatalonReference.txt): null

2018-12-07 03:05:57 - [TEST_STEP][PASSED] - Statement - bufferread = new java.io.BufferedReader(new java.io.FileReader(RefNo)): null

2018-12-07 03:05:57 - [TEST_STEP][PASSED] - Statement - readedVal = bufferread.readLine(): null

2018-12-07 03:05:57 - [TEST_STEP][PASSED] - Statement - out.println(CaseReferenceNo): null

2018-12-07 03:05:57 - [TEST_STEP][PASSED] - Statement - out.println(readedVal): null

2018-12-07 03:05:57 - [TEST_STEP][PASSED] - Statement - CaseReferenceNo = "": null

2018-12-07 03:05:57 - [TEST_STEP][PASSED] - Statement - CaseReferenceNo = readedVal: null

2018-12-07 03:05:57 - [MESSAGE][PASSED] - Call Test Case 'Test Cases/Final Aug 2018 - PKS Automation/Common/Reference Number Getter' successfully

2018-12-07 03:05:57 - [TEST_STEP][PASSED] - setText: Text 'CUN122018C100005873' is set on object 'Object Repository/Final Object Repo/WorkFlow Listing Page/Ref No Set Text'

2018-12-07 03:05:57 - [MESSAGE][PASSED] - Text 'CUN122018C100005873' is set on object 'Object Repository/Final Object Repo/WorkFlow Listing Page/Ref No Set Text'

2018-12-07 03:05:57 - [TEST_STEP][PASSED] - delay: Delayed 2 second(s)

2018-12-07 03:05:59 - [MESSAGE][PASSED] - Delayed 2 second(s)

2018-12-07 03:05:59 - [TEST_STEP][PASSED] - click: Object: 'Object Repository/Final Object Repo/WorkFlow Listing Page/Search Ref No Search Button' is clicked on

2018-12-07 03:05:59 - [MESSAGE][PASSED] - Object: 'Object Repository/Final Object Repo/WorkFlow Listing Page/Search Ref No Search Button' is clicked on

2018-12-07 03:05:59 - [TEST_STEP][PASSED] - delay: Delayed 6 second(s)

2018-12-07 03:06:05 - [MESSAGE][PASSED] - Delayed 6 second(s)

2018-12-07 03:06:05 - [TEST_STEP][PASSED] - click: Object: 'Object Repository/Final Object Repo/WorkFlow Listing Page/Click Continue Tooltip' is clicked on

2018-12-07 03:06:06 - [MESSAGE][PASSED] - Object: 'Object Repository/Final Object Repo/WorkFlow Listing Page/Click Continue Tooltip' is clicked on

2018-12-07 03:06:06 - [TEST_STEP][PASSED] - delay: Delayed 5 second(s)

2018-12-07 03:06:11 - [MESSAGE][PASSED] - Delayed 5 second(s)

2018-12-07 03:06:11 - [TEST_STEP][PASSED] - doubleClick: Object: 'Object Repository/Final Object Repo/WorkFlow Listing Page/Workflow Found - Listing 1' is double clicked on

2018-12-07 03:06:11 - [MESSAGE][PASSED] - Object: 'Object Repository/Final Object Repo/WorkFlow Listing Page/Workflow Found - Listing 1' is double clicked on

2018-12-07 03:06:11 - [TEST_STEP][PASSED] - Statement - println(OwnerID): null

2018-12-07 03:06:11 - [TEST_STEP][PASSED] - Statement - OwnerID = com.kms.katalon.core.webui.keyword.WebUiBuiltInKeywords.getText(com.kms.katalon.core.testobject.ObjectRepository.findTestObject(Final Object Repo/WorkFlow Listing Page/Workflow Found - Listing 1), STOP_ON_FAILURE): Text of object 'Object Repository/Final Object Repo/WorkFlow Listing Page/Workflow Found - Listing 1' is: 'JOHORuo2'

2018-12-07 03:06:11 - [MESSAGE][PASSED] - Text of object 'Object Repository/Final Object Repo/WorkFlow Listing Page/Workflow Found - Listing 1' is: 'JOHORuo2'

2018-12-07 03:06:11 - [TEST_STEP][PASSED] - Statement - OwnerID = OwnerID.toLowerCase() + "@gmail.com": null

2018-12-07 03:06:11 - [TEST_STEP][PASSED] - Statement - println(OwnerID): null

2018-12-07 03:06:11 - [TEST_STEP][PASSED] - delay: Delayed 2 second(s)

2018-12-07 03:06:14 - [MESSAGE][PASSED] - Delayed 2 second(s)

2018-12-07 03:06:14 - [MESSAGE][PASSED] - Call Test Case 'Test Cases/Final Aug 2018 - PKS Automation/Common/Workflow Owner Finder' successfully

2018-12-07 03:06:14 - [TEST_STEP][PASSED] - delay: Delayed 2 second(s)

2018-12-07 03:06:16 - [MESSAGE][PASSED] - Delayed 2 second(s)

2018-12-07 03:06:16 - [TEST_STEP][PASSED] - navigateToUrl: Navigate to 'https://assist2-uat.perkeso.gov.my/c/portal/logout' successfully

2018-12-07 03:06:16 - [MESSAGE][PASSED] - Navigate to 'https://assist2-uat.perkeso.gov.my/c/portal/logout' successfully

2018-12-07 03:06:16 - [TEST_STEP][PASSED] - delay: Delayed 2 second(s)

2018-12-07 03:06:18 - [MESSAGE][PASSED] - Delayed 2 second(s)

2018-12-07 03:06:18 - [TEST_STEP][PASSED] - callTestCase: Call Test Case 'Test Cases/Final Aug 2018 - PKS Automation/Registration Module/Workflow/Login and Search Case For Workflow' successfully

2018-12-07 03:06:18 - [TEST_CASE][PASSED] - Test Cases/Final Aug 2018 - PKS Automation/Registration Module/Workflow/Login and Search Case For Workflow: Test Cases/Final Aug 2018 - PKS Automation/Registration Module/Workflow/Login and Search Case For Workflow

2018-12-07 03:06:18 - [TEST_STEP][PASSED] - navigateToUrl: Navigate to 'https://assist2-uat.perkeso.gov.my/login' successfully

2018-12-07 03:06:19 - [MESSAGE][PASSED] - Navigate to 'https://assist2-uat.perkeso.gov.my/login' successfully

2018-12-07 03:06:19 - [TEST_STEP][PASSED] - setText: Text 'johoruo2@gmail.com' is set on object 'Object Repository/Final Object Repo/Login Page/Internal User/Email Address'

2018-12-07 03:06:19 - [MESSAGE][PASSED] - Text 'johoruo2@gmail.com' is set on object 'Object Repository/Final Object Repo/Login Page/Internal User/Email Address'

2018-12-07 03:06:19 - [TEST_STEP][PASSED] - click: Object: 'Object Repository/Final Object Repo/Login Page/Internal User/Next Button' is clicked on

2018-12-07 03:06:19 - [MESSAGE][PASSED] - Object: 'Object Repository/Final Object Repo/Login Page/Internal User/Next Button' is clicked on

2018-12-07 03:06:19 - [TEST_STEP][PASSED] - delay: Delayed 1 second(s)

2018-12-07 03:06:20 - [MESSAGE][PASSED] - Delayed 1 second(s)

2018-12-07 03:06:20 - [TEST_STEP][PASSED] - setEncryptedText: Text ****** has been set on object 'Object Repository/Final Object Repo/Login Page/Internal User/Password'

2018-12-07 03:06:21 - [MESSAGE][PASSED] - Text ****** has been set on object 'Object Repository/Final Object Repo/Login Page/Internal User/Password'

2018-12-07 03:06:21 - [TEST_STEP][PASSED] - click: Object: 'Object Repository/Final Object Repo/Login Page/Internal User/Login Button' is clicked on

2018-12-07 03:06:21 - [MESSAGE][PASSED] - Object: 'Object Repository/Final Object Repo/Login Page/Internal User/Login Button' is clicked on

2018-12-07 03:06:21 - [TEST_STEP][PASSED] - delay: Delayed 2 second(s)

2018-12-07 03:06:23 - [MESSAGE][PASSED] - Delayed 2 second(s)

2018-12-07 03:06:23 - [TEST_STEP][PASSED] - Statement - Try: Delayed 2 second(s)

2018-12-07 03:06:23 - [TEST_STEP][PASSED] - Statement - Checker = false: null

2018-12-07 03:06:23 - [TEST_STEP][PASSED] - Statement - Checker = com.kms.katalon.core.webui.keyword.WebUiBuiltInKeywords.verifyElementHasAttribute(com.kms.katalon.core.testobject.ObjectRepository.findTestObject(Final Object Repo/Landing Page/BM Detecting), "href", 20, OPTIONAL): Object 'Object Repository/Final Object Repo/Landing Page/BM Detecting' has attribute 'href'

2018-12-07 03:06:23 - [MESSAGE][PASSED] - Object 'Object Repository/Final Object Repo/Landing Page/BM Detecting' has attribute 'href'

2018-12-07 03:06:23 - [TEST_STEP][PASSED] - Statement - out.println(Checker): null

2018-12-07 03:06:23 - [TEST_STEP][PASSED] - Statement - If (Checker == false): null

2018-12-07 03:06:23 - [TEST_STEP][PASSED] - Statement - Else: null

2018-12-07 03:06:23 - [TEST_STEP][PASSED] - delay: Delayed 2 second(s)

2018-12-07 03:06:25 - [MESSAGE][PASSED] - Delayed 2 second(s)

2018-12-07 03:06:25 - [TEST_STEP][PASSED] - click: Object: 'Object Repository/Final Object Repo/Page_MyASSIST - ASSIST - Search Pending Case For Add Supporting Document/Search Information' is clicked on

2018-12-07 03:06:25 - [MESSAGE][PASSED] - Object: 'Object Repository/Final Object Repo/Page_MyASSIST - ASSIST - Search Pending Case For Add Supporting Document/Search Information' is clicked on

2018-12-07 03:06:25 - [TEST_STEP][PASSED] - delay: Delayed 3 second(s)

2018-12-07 03:06:28 - [MESSAGE][PASSED] - Delayed 3 second(s)

2018-12-07 03:06:28 - [TEST_STEP][PASSED] - sendKeys: Keys 'CUN122018C100005873' sent to object: 'Object Repository/Final Object Repo/Page_MyASSIST - ASSIST - Search Pending Case For Add Supporting Document/Reference No'

2018-12-07 03:06:28 - [MESSAGE][PASSED] - Keys 'CUN122018C100005873' sent to object: 'Object Repository/Final Object Repo/Page_MyASSIST - ASSIST - Search Pending Case For Add Supporting Document/Reference No'

2018-12-07 03:06:28 - [TEST_STEP][PASSED] - click: Object: 'Object Repository/Final Object Repo/Page_MyASSIST - ASSIST - Search Pending Case For Add Supporting Document/Search Reference No' is clicked on

2018-12-07 03:06:29 - [MESSAGE][PASSED] - Object: 'Object Repository/Final Object Repo/Page_MyASSIST - ASSIST - Search Pending Case For Add Supporting Document/Search Reference No' is clicked on

2018-12-07 03:06:29 - [TEST_STEP][PASSED] - delay: Delayed 2 second(s)

2018-12-07 03:06:31 - [MESSAGE][PASSED] - Delayed 2 second(s)

2018-12-07 03:06:31 - [TEST_STEP][PASSED] - click: Object: 'Object Repository/Final Object Repo/Page_MyASSIST - ASSIST - Search Pending Case For Add Supporting Document/Continue' is clicked on

2018-12-07 03:06:35 - [MESSAGE][PASSED] - Object: 'Object Repository/Final Object Repo/Page_MyASSIST - ASSIST - Search Pending Case For Add Supporting Document/Continue' is clicked on

2018-12-07 03:06:35 - [TEST_STEP][PASSED] - delay: Delayed 20 second(s)

2018-12-07 03:06:55 - [MESSAGE][PASSED] - Delayed 20 second(s)

2018-12-07 03:06:55 - [MESSAGE][PASSED] - Call Test Case 'Test Cases/Final Aug 2018 - PKS Automation/Registration Module/Workflow/Login and Search Case For Workflow' successfully

2018-12-07 03:06:55 - [TEST_STEP][PASSED] - delay: Delayed 2 second(s)

2018-12-07 03:06:57 - [MESSAGE][PASSED] - Delayed 2 second(s)

2018-12-07 03:06:57 - [TEST_STEP][PASSED] - click: Object: 'Object Repository/Final Object Repo/Page_Update Employee Information By Employee/Page_Update Employee Information By Employee (Approve)/Continue' is clicked on

2018-12-07 03:07:00 - [MESSAGE][PASSED] - Object: 'Object Repository/Final Object Repo/Page_Update Employee Information By Employee/Page_Update Employee Information By Employee (Approve)/Continue' is clicked on

2018-12-07 03:07:00 - [TEST_STEP][PASSED] - delay: Delayed 10 second(s)

2018-12-07 03:07:10 - [MESSAGE][PASSED] - Delayed 10 second(s)

2018-12-07 03:07:10 - [TEST_STEP][PASSED] - click: Object: 'Object Repository/Final Object Repo/Page_Update Employee Information By Employer/Page_Update Employee Information by Employer (Approve)/Save  Continue in Update Employee Information Page' is clicked on

2018-12-07 03:07:10 - [MESSAGE][PASSED] - Object: 'Object Repository/Final Object Repo/Page_Update Employee Information By Employer/Page_Update Employee Information by Employer (Approve)/Save  Continue in Update Employee Information Page' is clicked on

2018-12-07 03:07:10 - [TEST_STEP][PASSED] - delay: Delayed 2 second(s)

2018-12-07 03:07:12 - [MESSAGE][PASSED] - Delayed 2 second(s)

2018-12-07 03:07:12 - [TEST_STEP][PASSED] - click: Object: 'Object Repository/Final Object Repo/Page_Update Employee Information By Employer/Page_Update Employee Information by Employer (Approve)/Save  Continue in Upload Supporting Doucument Page' is clicked on

2018-12-07 03:07:13 - [MESSAGE][PASSED] - Object: 'Object Repository/Final Object Repo/Page_Update Employee Information By Employer/Page_Update Employee Information by Employer (Approve)/Save  Continue in Upload Supporting Doucument Page' is clicked on

2018-12-07 03:07:13 - [TEST_STEP][PASSED] - delay: Delayed 2 second(s)

2018-12-07 03:07:15 - [MESSAGE][PASSED] - Delayed 2 second(s)

2018-12-07 03:07:15 - [TEST_STEP][PASSED] - click: Object: 'Object Repository/Final Object Repo/Page_Update Employee Information By Employee/Page_Update Employee Information by Employee (Reject)/Reject' is clicked on

2018-12-07 03:07:17 - [MESSAGE][PASSED] - Object: 'Object Repository/Final Object Repo/Page_Update Employee Information By Employee/Page_Update Employee Information by Employee (Reject)/Reject' is clicked on

2018-12-07 03:07:17 - [TEST_STEP][PASSED] - delay: Delayed 2 second(s)

2018-12-07 03:07:19 - [MESSAGE][PASSED] - Delayed 2 second(s)

2018-12-07 03:07:19 - [TEST_STEP][PASSED] - click: Object: 'Object Repository/Final Object Repo/Page_Update Employee Information By Employee/Page_Update Employee Information by Employee (Reject)/Confirm' is clicked on

2018-12-07 03:07:19 - [MESSAGE][PASSED] - Object: 'Object Repository/Final Object Repo/Page_Update Employee Information By Employee/Page_Update Employee Information by Employee (Reject)/Confirm' is clicked on

2018-12-07 03:07:19 - [TEST_STEP][PASSED] - delay: Delayed 2 second(s)

2018-12-07 03:07:21 - [MESSAGE][PASSED] - Delayed 2 second(s)

2018-12-07 03:07:21 - [TEST_STEP][PASSED] - verifyElementVisible: Object 'Object Repository/Final Object Repo/Page_Update Employee Information By Employee/Page_Update Employee Information by Employee (Reject)/Message This Case has been Rejected' is visible

2018-12-07 03:07:25 - [MESSAGE][PASSED] - Object 'Object Repository/Final Object Repo/Page_Update Employee Information By Employee/Page_Update Employee Information by Employee (Reject)/Message This Case has been Rejected' is visible

2018-12-07 03:07:25 - [TEST_STEP][PASSED] - verifyElementVisible: Object 'Object Repository/Final Object Repo/Page_Update Employee Information By Employee/Page_Update Employee Information by Employee (Reject)/Letter of update rejection' is visible

2018-12-07 03:07:25 - [MESSAGE][PASSED] - Object 'Object Repository/Final Object Repo/Page_Update Employee Information By Employee/Page_Update Employee Information by Employee (Reject)/Letter of update rejection' is visible

2018-12-07 03:07:25 - [MESSAGE][PASSED] - Call Test Case 'Test Cases/Final Aug 2018 - PKS Automation/Registration Module/Workflow/Update Employee Information (Employee)/Template/Update Employee Information - Special Case - UO (Reject)' successfully]]></system-out>
         <system-err><![CDATA[]]></system-err>
      </testcase>
      <testcase name="Test Cases/Final Aug 2018 - PKS Automation/Registration Module/Workflow/Update Employee Information (Employee)/PAU to UO (Under enforcement)" classname="Test Cases/Final Aug 2018 - PKS Automation/Registration Module/Workflow/Update Employee Information (Employee)/PAU to UO (Under enforcement)" status="PASSED">
         <system-out><![CDATA[2018-12-07 03:07:25 - [TEST_CASE][PASSED] - Test Cases/Final Aug 2018 - PKS Automation/Registration Module/Workflow/Update Employee Information (Employee)/PAU to UO (Under enforcement): Test Cases/Final Aug 2018 - PKS Automation/Registration Module/Workflow/Update Employee Information (Employee)/PAU to UO (Under enforcement)

2018-12-07 03:07:25 - [TEST_STEP][PASSED] - callTestCase: Call Test Case 'Test Cases/Final Aug 2018 - PKS Automation/Registration Module/Workflow/Update Employee Information (Employee)/Template/Update Employee Information - Special Case (PAU)' successfully

2018-12-07 03:07:25 - [TEST_CASE][PASSED] - Test Cases/Final Aug 2018 - PKS Automation/Registration Module/Workflow/Update Employee Information (Employee)/Template/Update Employee Information - Special Case (PAU): Test Cases/Final Aug 2018 - PKS Automation/Registration Module/Workflow/Update Employee Information (Employee)/Template/Update Employee Information - Special Case (PAU)

2018-12-07 03:07:25 - [TEST_STEP][PASSED] - openBrowser: Browser is opened with url: ''

2018-12-07 03:07:25 - [MESSAGE][WARNING] - A browser is already opened. Closing browser and opening a new one

2018-12-07 03:07:29 - [MESSAGE][PASSED] - Browser is opened with url: ''

2018-12-07 03:07:29 - [TEST_STEP][PASSED] - navigateToUrl: Navigate to 'https://assist2-uat.perkeso.gov.my/login' successfully

2018-12-07 03:07:30 - [MESSAGE][PASSED] - Navigate to 'https://assist2-uat.perkeso.gov.my/login' successfully

2018-12-07 03:07:30 - [TEST_STEP][PASSED] - setText: Text 'johorpau1@gmail.com' is set on object 'Object Repository/Final Object Repo/Login Page/Internal User/Email Address'

2018-12-07 03:07:31 - [MESSAGE][PASSED] - Text 'johorpau1@gmail.com' is set on object 'Object Repository/Final Object Repo/Login Page/Internal User/Email Address'

2018-12-07 03:07:31 - [TEST_STEP][PASSED] - click: Object: 'Object Repository/Final Object Repo/Login Page/Internal User/Next Button' is clicked on

2018-12-07 03:07:31 - [MESSAGE][PASSED] - Object: 'Object Repository/Final Object Repo/Login Page/Internal User/Next Button' is clicked on

2018-12-07 03:07:31 - [TEST_STEP][PASSED] - delay: Delayed 1 second(s)

2018-12-07 03:07:32 - [MESSAGE][PASSED] - Delayed 1 second(s)

2018-12-07 03:07:32 - [TEST_STEP][PASSED] - setEncryptedText: Text ****** has been set on object 'Object Repository/Final Object Repo/Login Page/Internal User/Password'

2018-12-07 03:07:32 - [MESSAGE][PASSED] - Text ****** has been set on object 'Object Repository/Final Object Repo/Login Page/Internal User/Password'

2018-12-07 03:07:32 - [TEST_STEP][PASSED] - click: Object: 'Object Repository/Final Object Repo/Login Page/Internal User/Login Button' is clicked on

2018-12-07 03:07:32 - [MESSAGE][PASSED] - Object: 'Object Repository/Final Object Repo/Login Page/Internal User/Login Button' is clicked on

2018-12-07 03:07:32 - [TEST_STEP][PASSED] - Statement - tester = com.kms.katalon.core.testobject.ObjectRepository.findTestObject(Final Object Repo/Landing Page/Select to English): Finding Test Object with id 'Object Repository/Final Object Repo/Landing Page/Select to English'

2018-12-07 03:07:32 - [TEST_STEP][PASSED] - Statement - Try: Delayed 2 second(s)

2018-12-07 03:07:32 - [TEST_STEP][PASSED] - Statement - Checker = com.kms.katalon.core.webui.keyword.WebUiBuiltInKeywords.verifyElementNotPresent(tester, 3): Web element with id: 'Object Repository/Final Object Repo/Landing Page/Select to English' located by 'By.xpath: //a[@class = 'taglib-language-list-text' and @lang = 'en-US' and (contains(text(), 'EN') or contains(., 'EN'))]' is not present after '3' second(s)

2018-12-07 03:07:34 - [MESSAGE][PASSED] - Web element with id: 'Object Repository/Final Object Repo/Landing Page/Select to English' located by 'By.xpath: //a[@class = 'taglib-language-list-text' and @lang = 'en-US' and (contains(text(), 'EN') or contains(., 'EN'))]' is not present after '3' second(s)

2018-12-07 03:07:34 - [TEST_STEP][PASSED] - Statement - If (Checker == false): null

2018-12-07 03:07:34 - [TEST_STEP][PASSED] - delay: Delayed 2 second(s)

2018-12-07 03:07:36 - [MESSAGE][PASSED] - Delayed 2 second(s)

2018-12-07 03:07:36 - [TEST_STEP][PASSED] - delay: Delayed 5 second(s)

2018-12-07 03:07:41 - [MESSAGE][PASSED] - Delayed 5 second(s)

2018-12-07 03:07:41 - [TEST_STEP][PASSED] - navigateToUrl: Navigate to 'https://assist2-uat.perkeso.gov.my/web/registration/update/update-employee-information-employee-' successfully

2018-12-07 03:07:42 - [MESSAGE][PASSED] - Navigate to 'https://assist2-uat.perkeso.gov.my/web/registration/update/update-employee-information-employee-' successfully

2018-12-07 03:07:42 - [TEST_STEP][PASSED] - click: Object: 'Object Repository/Final Object Repo/Page_Update Employee Information By Employee/Type of Identification' is clicked on

2018-12-07 03:07:42 - [MESSAGE][PASSED] - Object: 'Object Repository/Final Object Repo/Page_Update Employee Information By Employee/Type of Identification' is clicked on

2018-12-07 03:07:42 - [TEST_STEP][PASSED] - click: Object: 'Object Repository/Final Object Repo/Page Update Employee Information By Employee/Type of Identification - Name' is clicked on

2018-12-07 03:07:42 - [MESSAGE][PASSED] - Object: 'Object Repository/Final Object Repo/Page Update Employee Information By Employee/Type of Identification - Name' is clicked on

2018-12-07 03:07:42 - [TEST_STEP][PASSED] - setText: Text 'YUKI JR B' is set on object 'Object Repository/Final Object Repo/Page_Update Employee Information By Employee/New Identification'

2018-12-07 03:07:42 - [MESSAGE][PASSED] - Text 'YUKI JR B' is set on object 'Object Repository/Final Object Repo/Page_Update Employee Information By Employee/New Identification'

2018-12-07 03:07:42 - [TEST_STEP][PASSED] - click: Object: 'Object Repository/Final Object Repo/Page_Update Employee Information By Employee/Search Button' is clicked on

2018-12-07 03:07:42 - [MESSAGE][PASSED] - Object: 'Object Repository/Final Object Repo/Page_Update Employee Information By Employee/Search Button' is clicked on

2018-12-07 03:07:42 - [TEST_STEP][PASSED] - click: Object: 'Object Repository/Final Object Repo/Page_Update Employee Information By Employee/Edit Button' is clicked on

2018-12-07 03:07:46 - [MESSAGE][PASSED] - Object: 'Object Repository/Final Object Repo/Page_Update Employee Information By Employee/Edit Button' is clicked on

2018-12-07 03:07:46 - [TEST_STEP][PASSED] - delay: Delayed 2 second(s)

2018-12-07 03:07:48 - [MESSAGE][PASSED] - Delayed 2 second(s)

2018-12-07 03:07:48 - [TEST_STEP][PASSED] - click: Object: 'Object Repository/Final Object Repo/Page_Update Employee Information By Employee/Employee Information Edit Button' is clicked on

2018-12-07 03:07:48 - [MESSAGE][PASSED] - Object: 'Object Repository/Final Object Repo/Page_Update Employee Information By Employee/Employee Information Edit Button' is clicked on

2018-12-07 03:07:48 - [TEST_STEP][PASSED] - delay: Delayed 2 second(s)

2018-12-07 03:07:50 - [MESSAGE][PASSED] - Delayed 2 second(s)

2018-12-07 03:07:50 - [TEST_STEP][PASSED] - click: Object: 'Object Repository/Final Object Repo/Page_Update Employee Information By Employee/New Identification Number' is clicked on

2018-12-07 03:07:50 - [MESSAGE][PASSED] - Object: 'Object Repository/Final Object Repo/Page_Update Employee Information By Employee/New Identification Number' is clicked on

2018-12-07 03:07:50 - [TEST_STEP][PASSED] - setText: Text '' is set on object 'Object Repository/Final Object Repo/Page_Update Employee Information By Employee/New Identification Number'

2018-12-07 03:07:51 - [MESSAGE][PASSED] - Text '' is set on object 'Object Repository/Final Object Repo/Page_Update Employee Information By Employee/New Identification Number'

2018-12-07 03:07:51 - [TEST_STEP][PASSED] - Statement - rnd = new java.util.Random(): null

2018-12-07 03:07:51 - [TEST_STEP][PASSED] - Statement - snum = rnd.nextInt(899999 + 1) + 100000: null

2018-12-07 03:07:51 - [TEST_STEP][PASSED] - Statement - tnum = rnd.nextInt(899999 + 1) + 100000: null

2018-12-07 03:07:51 - [TEST_STEP][PASSED] - Statement - IC = java.lang.Integer.toString(snum) + java.lang.Integer.toString(tnum): null

2018-12-07 03:07:51 - [TEST_STEP][PASSED] - Statement - out.println(IC): null

2018-12-07 03:07:51 - [TEST_STEP][PASSED] - setText: Text '490793934119' is set on object 'Object Repository/Final Object Repo/Page_Update Employee Information By Employee/New Identification Number'

2018-12-07 03:07:51 - [MESSAGE][PASSED] - Text '490793934119' is set on object 'Object Repository/Final Object Repo/Page_Update Employee Information By Employee/New Identification Number'

2018-12-07 03:07:51 - [TEST_STEP][PASSED] - delay: Delayed 2 second(s)

2018-12-07 03:07:53 - [MESSAGE][PASSED] - Delayed 2 second(s)

2018-12-07 03:07:53 - [TEST_STEP][PASSED] - click: Object: 'Object Repository/Final Object Repo/Page_Update Employee Information By Employee/Save' is clicked on

2018-12-07 03:07:53 - [MESSAGE][PASSED] - Object: 'Object Repository/Final Object Repo/Page_Update Employee Information By Employee/Save' is clicked on

2018-12-07 03:07:53 - [TEST_STEP][PASSED] - delay: Delayed 10 second(s)

2018-12-07 03:08:03 - [MESSAGE][PASSED] - Delayed 10 second(s)

2018-12-07 03:08:03 - [TEST_STEP][PASSED] - click: Object: 'Object Repository/Final Object Repo/Page_Update Employee Information By Employee/Save  Continue in Update Employee Information' is clicked on

2018-12-07 03:08:03 - [MESSAGE][PASSED] - Object: 'Object Repository/Final Object Repo/Page_Update Employee Information By Employee/Save  Continue in Update Employee Information' is clicked on

2018-12-07 03:08:03 - [TEST_STEP][PASSED] - delay: Delayed 2 second(s)

2018-12-07 03:08:05 - [MESSAGE][PASSED] - Delayed 2 second(s)

2018-12-07 03:08:05 - [TEST_STEP][PASSED] - click: Object: 'Object Repository/Final Object Repo/Page_Update Employee Information By Employee/Save  Continue in Uploading Page' is clicked on

2018-12-07 03:08:06 - [MESSAGE][PASSED] - Object: 'Object Repository/Final Object Repo/Page_Update Employee Information By Employee/Save  Continue in Uploading Page' is clicked on

2018-12-07 03:08:06 - [TEST_STEP][PASSED] - delay: Delayed 2 second(s)

2018-12-07 03:08:08 - [MESSAGE][PASSED] - Delayed 2 second(s)

2018-12-07 03:08:08 - [TEST_STEP][PASSED] - Statement - CaseReferenceNo = com.kms.katalon.core.webui.keyword.WebUiBuiltInKeywords.getText(com.kms.katalon.core.testobject.ObjectRepository.findTestObject(Final Object Repo/Page_Update Employer Information/Reference Number in Update Employee Information Page)): Text of object 'Object Repository/Final Object Repo/Page_Update Employer Information/Reference Number in Update Employee Information Page' is: 'CUN122018C100005874'

2018-12-07 03:08:10 - [MESSAGE][PASSED] - Text of object 'Object Repository/Final Object Repo/Page_Update Employer Information/Reference Number in Update Employee Information Page' is: 'CUN122018C100005874'

2018-12-07 03:08:10 - [TEST_STEP][PASSED] - callTestCase: Call Test Case 'Test Cases/Final Aug 2018 - PKS Automation/Common/Reference Number Setter' successfully

2018-12-07 03:08:10 - [TEST_CASE][PASSED] - Test Cases/Final Aug 2018 - PKS Automation/Common/Reference Number Setter: Test Cases/Final Aug 2018 - PKS Automation/Common/Reference Number Setter

2018-12-07 03:08:10 - [TEST_STEP][PASSED] - Statement - RefNoOldFile = new java.io.File(C://Users//Admin//Desktop//PKS//Automation Reference Point//KatalonReference.txt): null

2018-12-07 03:08:10 - [TEST_STEP][PASSED] - Statement - RefNoOldFile.delete(): null

2018-12-07 03:08:10 - [TEST_STEP][PASSED] - delay: Delayed 5 second(s)

2018-12-07 03:08:15 - [MESSAGE][PASSED] - Delayed 5 second(s)

2018-12-07 03:08:15 - [TEST_STEP][PASSED] - Statement - RefNo = new java.io.File(C://Users//Admin//Desktop//PKS//Automation Reference Point//KatalonReference.txt): null

2018-12-07 03:08:15 - [TEST_STEP][PASSED] - Statement - f2 = new java.io.FileWriter(RefNo, false): null

2018-12-07 03:08:15 - [TEST_STEP][PASSED] - Statement - f2.write(CaseReferenceNo): null

2018-12-07 03:08:15 - [TEST_STEP][PASSED] - Statement - f2.close(): null

2018-12-07 03:08:15 - [TEST_STEP][PASSED] - Statement - out.println("


" + CaseReferenceNo + "


"): null

2018-12-07 03:08:15 - [MESSAGE][PASSED] - Call Test Case 'Test Cases/Final Aug 2018 - PKS Automation/Common/Reference Number Setter' successfully

2018-12-07 03:08:15 - [TEST_STEP][PASSED] - delay: Delayed 2 second(s)

2018-12-07 03:08:17 - [MESSAGE][PASSED] - Delayed 2 second(s)

2018-12-07 03:08:17 - [TEST_STEP][PASSED] - click: Object: 'Object Repository/Final Object Repo/Page_Update Employee Information By Employee/Submit' is clicked on

2018-12-07 03:08:17 - [MESSAGE][PASSED] - Object: 'Object Repository/Final Object Repo/Page_Update Employee Information By Employee/Submit' is clicked on

2018-12-07 03:08:17 - [TEST_STEP][PASSED] - delay: Delayed 2 second(s)

2018-12-07 03:08:19 - [MESSAGE][PASSED] - Delayed 2 second(s)

2018-12-07 03:08:19 - [TEST_STEP][PASSED] - click: Object: 'Object Repository/Final Object Repo/Page_Update Employee Information By Employee/Confirm Button' is clicked on

2018-12-07 03:08:19 - [MESSAGE][PASSED] - Object: 'Object Repository/Final Object Repo/Page_Update Employee Information By Employee/Confirm Button' is clicked on

2018-12-07 03:08:19 - [TEST_STEP][PASSED] - delay: Delayed 2 second(s)

2018-12-07 03:08:21 - [MESSAGE][PASSED] - Delayed 2 second(s)

2018-12-07 03:08:21 - [TEST_STEP][PASSED] - click: Object: 'Object Repository/Final Object Repo/Page_Update Employee Information By Employee/Successful Message Routed to UO' is clicked on

2018-12-07 03:08:23 - [MESSAGE][PASSED] - Object: 'Object Repository/Final Object Repo/Page_Update Employee Information By Employee/Successful Message Routed to UO' is clicked on

2018-12-07 03:08:23 - [MESSAGE][PASSED] - Call Test Case 'Test Cases/Final Aug 2018 - PKS Automation/Registration Module/Workflow/Update Employee Information (Employee)/Template/Update Employee Information - Special Case (PAU)' successfully

2018-12-07 03:08:23 - [TEST_STEP][PASSED] - callTestCase: Call Test Case 'Test Cases/Final Aug 2018 - PKS Automation/Registration Module/Workflow/Update Employee Information (Employee)/Template/Update Employee Information - Special Case - UO (Under enforcement)' successfully

2018-12-07 03:08:23 - [TEST_CASE][PASSED] - Test Cases/Final Aug 2018 - PKS Automation/Registration Module/Workflow/Update Employee Information (Employee)/Template/Update Employee Information - Special Case - UO (Under enforcement): Test Cases/Final Aug 2018 - PKS Automation/Registration Module/Workflow/Update Employee Information (Employee)/Template/Update Employee Information - Special Case - UO (Under enforcement)

2018-12-07 03:08:23 - [TEST_STEP][NOT_RUN] - callTestCase: NOT_RUN: callTestCase

2018-12-07 03:08:23 - [MESSAGE][NOT_RUN] - NOT_RUN: callTestCase

2018-12-07 03:08:23 - [TEST_STEP][PASSED] - delay: Delayed 2 second(s)

2018-12-07 03:08:25 - [MESSAGE][PASSED] - Delayed 2 second(s)

2018-12-07 03:08:25 - [TEST_STEP][PASSED] - navigateToUrl: Navigate to 'https://assist2-uat.perkeso.gov.my/c/portal/logout' successfully

2018-12-07 03:08:26 - [MESSAGE][PASSED] - Navigate to 'https://assist2-uat.perkeso.gov.my/c/portal/logout' successfully

2018-12-07 03:08:26 - [TEST_STEP][PASSED] - delay: Delayed 2 second(s)

2018-12-07 03:08:28 - [MESSAGE][PASSED] - Delayed 2 second(s)

2018-12-07 03:08:28 - [TEST_STEP][PASSED] - callTestCase: Call Test Case 'Test Cases/Final Aug 2018 - PKS Automation/Common/Reference Number Getter' successfully

2018-12-07 03:08:28 - [TEST_CASE][PASSED] - Test Cases/Final Aug 2018 - PKS Automation/Common/Reference Number Getter: Test Cases/Final Aug 2018 - PKS Automation/Common/Reference Number Getter

2018-12-07 03:08:28 - [TEST_STEP][PASSED] - Statement - Try: null

2018-12-07 03:08:28 - [TEST_STEP][PASSED] - Statement - RefNo = new java.io.File(C://Users//Admin//Desktop//PKS//Automation Reference Point//KatalonReference.txt): null

2018-12-07 03:08:28 - [TEST_STEP][PASSED] - Statement - bufferread = new java.io.BufferedReader(new java.io.FileReader(RefNo)): null

2018-12-07 03:08:28 - [TEST_STEP][PASSED] - Statement - readedVal = bufferread.readLine(): null

2018-12-07 03:08:28 - [TEST_STEP][PASSED] - Statement - out.println(CaseReferenceNo): null

2018-12-07 03:08:28 - [TEST_STEP][PASSED] - Statement - out.println(readedVal): null

2018-12-07 03:08:28 - [TEST_STEP][PASSED] - Statement - CaseReferenceNo = "": null

2018-12-07 03:08:28 - [TEST_STEP][PASSED] - Statement - CaseReferenceNo = readedVal: null

2018-12-07 03:08:28 - [MESSAGE][PASSED] - Call Test Case 'Test Cases/Final Aug 2018 - PKS Automation/Common/Reference Number Getter' successfully

2018-12-07 03:08:28 - [TEST_STEP][PASSED] - callTestCase: Call Test Case 'Test Cases/Final Aug 2018 - PKS Automation/Common/Workflow Owner Finder' successfully

2018-12-07 03:08:28 - [TEST_CASE][PASSED] - Test Cases/Final Aug 2018 - PKS Automation/Common/Workflow Owner Finder: Test Cases/Final Aug 2018 - PKS Automation/Common/Workflow Owner Finder

2018-12-07 03:08:28 - [TEST_STEP][PASSED] - openBrowser: Browser is opened with url: ''

2018-12-07 03:08:28 - [MESSAGE][WARNING] - A browser is already opened. Closing browser and opening a new one

2018-12-07 03:08:32 - [MESSAGE][PASSED] - Browser is opened with url: ''

2018-12-07 03:08:32 - [TEST_STEP][PASSED] - navigateToUrl: Navigate to 'https://assist2-uat.perkeso.gov.my/login' successfully

2018-12-07 03:08:33 - [MESSAGE][PASSED] - Navigate to 'https://assist2-uat.perkeso.gov.my/login' successfully

2018-12-07 03:08:33 - [TEST_STEP][PASSED] - delay: Delayed 5 second(s)

2018-12-07 03:08:38 - [MESSAGE][PASSED] - Delayed 5 second(s)

2018-12-07 03:08:38 - [TEST_STEP][PASSED] - setText: Text 'test@liferay.com' is set on object 'Object Repository/Final Object Repo/Login Page/Internal User/Email Address'

2018-12-07 03:08:38 - [MESSAGE][PASSED] - Text 'test@liferay.com' is set on object 'Object Repository/Final Object Repo/Login Page/Internal User/Email Address'

2018-12-07 03:08:38 - [TEST_STEP][PASSED] - click: Object: 'Object Repository/Final Object Repo/Login Page/Internal User/Next Button' is clicked on

2018-12-07 03:08:38 - [MESSAGE][PASSED] - Object: 'Object Repository/Final Object Repo/Login Page/Internal User/Next Button' is clicked on

2018-12-07 03:08:38 - [TEST_STEP][PASSED] - delay: Delayed 2 second(s)

2018-12-07 03:08:40 - [MESSAGE][PASSED] - Delayed 2 second(s)

2018-12-07 03:08:40 - [TEST_STEP][PASSED] - setText: Text 'test' is set on object 'Object Repository/Final Object Repo/Login Page/Internal User/Password'

2018-12-07 03:08:40 - [MESSAGE][PASSED] - Text 'test' is set on object 'Object Repository/Final Object Repo/Login Page/Internal User/Password'

2018-12-07 03:08:40 - [TEST_STEP][PASSED] - delay: Delayed 2 second(s)

2018-12-07 03:08:42 - [MESSAGE][PASSED] - Delayed 2 second(s)

2018-12-07 03:08:42 - [TEST_STEP][PASSED] - click: Object: 'Object Repository/Final Object Repo/Login Page/Internal User/Login Button' is clicked on

2018-12-07 03:08:42 - [MESSAGE][PASSED] - Object: 'Object Repository/Final Object Repo/Login Page/Internal User/Login Button' is clicked on

2018-12-07 03:08:42 - [TEST_STEP][PASSED] - Statement - tester = com.kms.katalon.core.testobject.ObjectRepository.findTestObject(Final Object Repo/Landing Page/Select to English): Finding Test Object with id 'Object Repository/Final Object Repo/Landing Page/Select to English'

2018-12-07 03:08:42 - [TEST_STEP][PASSED] - Statement - Try: Delayed 2 second(s)

2018-12-07 03:08:42 - [TEST_STEP][PASSED] - Statement - Checker = com.kms.katalon.core.webui.keyword.WebUiBuiltInKeywords.verifyElementNotPresent(tester, 3): Web element with id: 'Object Repository/Final Object Repo/Landing Page/Select to English' located by 'By.xpath: //a[@class = 'taglib-language-list-text' and @lang = 'en-US' and (contains(text(), 'EN') or contains(., 'EN'))]' is not present after '3' second(s)

2018-12-07 03:08:45 - [MESSAGE][PASSED] - Web element with id: 'Object Repository/Final Object Repo/Landing Page/Select to English' located by 'By.xpath: //a[@class = 'taglib-language-list-text' and @lang = 'en-US' and (contains(text(), 'EN') or contains(., 'EN'))]' is not present after '3' second(s)

2018-12-07 03:08:45 - [TEST_STEP][PASSED] - Statement - If (Checker == false): null

2018-12-07 03:08:45 - [TEST_STEP][PASSED] - delay: Delayed 2 second(s)

2018-12-07 03:08:47 - [MESSAGE][PASSED] - Delayed 2 second(s)

2018-12-07 03:08:47 - [TEST_STEP][PASSED] - delay: Delayed 5 second(s)

2018-12-07 03:08:52 - [MESSAGE][PASSED] - Delayed 5 second(s)

2018-12-07 03:08:52 - [TEST_STEP][PASSED] - mouseOver: Object: 'Object Repository/Final Object Repo/Landing Page/WorkFlow Menu' is hovered

2018-12-07 03:08:52 - [MESSAGE][PASSED] - Object: 'Object Repository/Final Object Repo/Landing Page/WorkFlow Menu' is hovered

2018-12-07 03:08:52 - [TEST_STEP][PASSED] - delay: Delayed 2 second(s)

2018-12-07 03:08:54 - [MESSAGE][PASSED] - Delayed 2 second(s)

2018-12-07 03:08:54 - [TEST_STEP][PASSED] - click: Object: 'Object Repository/Final Object Repo/Landing Page/Select to Workflow Listing' is clicked on

2018-12-07 03:08:55 - [MESSAGE][PASSED] - Object: 'Object Repository/Final Object Repo/Landing Page/Select to Workflow Listing' is clicked on

2018-12-07 03:08:55 - [TEST_STEP][PASSED] - delay: Delayed 2 second(s)

2018-12-07 03:08:57 - [MESSAGE][PASSED] - Delayed 2 second(s)

2018-12-07 03:08:57 - [TEST_STEP][PASSED] - click: Object: 'Object Repository/Final Object Repo/WorkFlow Listing Page/Search Information - To Put Ref No' is clicked on

2018-12-07 03:08:57 - [MESSAGE][PASSED] - Object: 'Object Repository/Final Object Repo/WorkFlow Listing Page/Search Information - To Put Ref No' is clicked on

2018-12-07 03:08:57 - [TEST_STEP][PASSED] - delay: Delayed 2 second(s)

2018-12-07 03:08:59 - [MESSAGE][PASSED] - Delayed 2 second(s)

2018-12-07 03:08:59 - [TEST_STEP][PASSED] - callTestCase: Call Test Case 'Test Cases/Final Aug 2018 - PKS Automation/Common/Reference Number Getter' successfully

2018-12-07 03:08:59 - [TEST_CASE][PASSED] - Test Cases/Final Aug 2018 - PKS Automation/Common/Reference Number Getter: Test Cases/Final Aug 2018 - PKS Automation/Common/Reference Number Getter

2018-12-07 03:08:59 - [TEST_STEP][PASSED] - Statement - Try: null

2018-12-07 03:08:59 - [TEST_STEP][PASSED] - Statement - RefNo = new java.io.File(C://Users//Admin//Desktop//PKS//Automation Reference Point//KatalonReference.txt): null

2018-12-07 03:08:59 - [TEST_STEP][PASSED] - Statement - bufferread = new java.io.BufferedReader(new java.io.FileReader(RefNo)): null

2018-12-07 03:08:59 - [TEST_STEP][PASSED] - Statement - readedVal = bufferread.readLine(): null

2018-12-07 03:08:59 - [TEST_STEP][PASSED] - Statement - out.println(CaseReferenceNo): null

2018-12-07 03:08:59 - [TEST_STEP][PASSED] - Statement - out.println(readedVal): null

2018-12-07 03:08:59 - [TEST_STEP][PASSED] - Statement - CaseReferenceNo = "": null

2018-12-07 03:08:59 - [TEST_STEP][PASSED] - Statement - CaseReferenceNo = readedVal: null

2018-12-07 03:08:59 - [MESSAGE][PASSED] - Call Test Case 'Test Cases/Final Aug 2018 - PKS Automation/Common/Reference Number Getter' successfully

2018-12-07 03:08:59 - [TEST_STEP][PASSED] - setText: Text 'CUN122018C100005874' is set on object 'Object Repository/Final Object Repo/WorkFlow Listing Page/Ref No Set Text'

2018-12-07 03:08:59 - [MESSAGE][PASSED] - Text 'CUN122018C100005874' is set on object 'Object Repository/Final Object Repo/WorkFlow Listing Page/Ref No Set Text'

2018-12-07 03:08:59 - [TEST_STEP][PASSED] - delay: Delayed 2 second(s)

2018-12-07 03:09:01 - [MESSAGE][PASSED] - Delayed 2 second(s)

2018-12-07 03:09:01 - [TEST_STEP][PASSED] - click: Object: 'Object Repository/Final Object Repo/WorkFlow Listing Page/Search Ref No Search Button' is clicked on

2018-12-07 03:09:02 - [MESSAGE][PASSED] - Object: 'Object Repository/Final Object Repo/WorkFlow Listing Page/Search Ref No Search Button' is clicked on

2018-12-07 03:09:02 - [TEST_STEP][PASSED] - delay: Delayed 6 second(s)

2018-12-07 03:09:08 - [MESSAGE][PASSED] - Delayed 6 second(s)

2018-12-07 03:09:08 - [TEST_STEP][PASSED] - click: Object: 'Object Repository/Final Object Repo/WorkFlow Listing Page/Click Continue Tooltip' is clicked on

2018-12-07 03:09:08 - [MESSAGE][PASSED] - Object: 'Object Repository/Final Object Repo/WorkFlow Listing Page/Click Continue Tooltip' is clicked on

2018-12-07 03:09:08 - [TEST_STEP][PASSED] - delay: Delayed 5 second(s)

2018-12-07 03:09:13 - [MESSAGE][PASSED] - Delayed 5 second(s)

2018-12-07 03:09:13 - [TEST_STEP][PASSED] - doubleClick: Object: 'Object Repository/Final Object Repo/WorkFlow Listing Page/Workflow Found - Listing 1' is double clicked on

2018-12-07 03:09:14 - [MESSAGE][PASSED] - Object: 'Object Repository/Final Object Repo/WorkFlow Listing Page/Workflow Found - Listing 1' is double clicked on

2018-12-07 03:09:14 - [TEST_STEP][PASSED] - Statement - println(OwnerID): null

2018-12-07 03:09:14 - [TEST_STEP][PASSED] - Statement - OwnerID = com.kms.katalon.core.webui.keyword.WebUiBuiltInKeywords.getText(com.kms.katalon.core.testobject.ObjectRepository.findTestObject(Final Object Repo/WorkFlow Listing Page/Workflow Found - Listing 1), STOP_ON_FAILURE): Text of object 'Object Repository/Final Object Repo/WorkFlow Listing Page/Workflow Found - Listing 1' is: 'JOHORuo3'

2018-12-07 03:09:14 - [MESSAGE][PASSED] - Text of object 'Object Repository/Final Object Repo/WorkFlow Listing Page/Workflow Found - Listing 1' is: 'JOHORuo3'

2018-12-07 03:09:14 - [TEST_STEP][PASSED] - Statement - OwnerID = OwnerID.toLowerCase() + "@gmail.com": null

2018-12-07 03:09:14 - [TEST_STEP][PASSED] - Statement - println(OwnerID): null

2018-12-07 03:09:14 - [TEST_STEP][PASSED] - delay: Delayed 2 second(s)

2018-12-07 03:09:16 - [MESSAGE][PASSED] - Delayed 2 second(s)

2018-12-07 03:09:16 - [MESSAGE][PASSED] - Call Test Case 'Test Cases/Final Aug 2018 - PKS Automation/Common/Workflow Owner Finder' successfully

2018-12-07 03:09:16 - [TEST_STEP][PASSED] - delay: Delayed 2 second(s)

2018-12-07 03:09:18 - [MESSAGE][PASSED] - Delayed 2 second(s)

2018-12-07 03:09:18 - [TEST_STEP][PASSED] - navigateToUrl: Navigate to 'https://assist2-uat.perkeso.gov.my/c/portal/logout' successfully

2018-12-07 03:09:19 - [MESSAGE][PASSED] - Navigate to 'https://assist2-uat.perkeso.gov.my/c/portal/logout' successfully

2018-12-07 03:09:19 - [TEST_STEP][PASSED] - delay: Delayed 2 second(s)

2018-12-07 03:09:21 - [MESSAGE][PASSED] - Delayed 2 second(s)

2018-12-07 03:09:21 - [TEST_STEP][PASSED] - callTestCase: Call Test Case 'Test Cases/Final Aug 2018 - PKS Automation/Registration Module/Workflow/Login and Search Case For Workflow' successfully

2018-12-07 03:09:21 - [TEST_CASE][PASSED] - Test Cases/Final Aug 2018 - PKS Automation/Registration Module/Workflow/Login and Search Case For Workflow: Test Cases/Final Aug 2018 - PKS Automation/Registration Module/Workflow/Login and Search Case For Workflow

2018-12-07 03:09:21 - [TEST_STEP][PASSED] - navigateToUrl: Navigate to 'https://assist2-uat.perkeso.gov.my/login' successfully

2018-12-07 03:09:21 - [MESSAGE][PASSED] - Navigate to 'https://assist2-uat.perkeso.gov.my/login' successfully

2018-12-07 03:09:21 - [TEST_STEP][PASSED] - setText: Text 'johoruo3@gmail.com' is set on object 'Object Repository/Final Object Repo/Login Page/Internal User/Email Address'

2018-12-07 03:09:21 - [MESSAGE][PASSED] - Text 'johoruo3@gmail.com' is set on object 'Object Repository/Final Object Repo/Login Page/Internal User/Email Address'

2018-12-07 03:09:21 - [TEST_STEP][PASSED] - click: Object: 'Object Repository/Final Object Repo/Login Page/Internal User/Next Button' is clicked on

2018-12-07 03:09:22 - [MESSAGE][PASSED] - Object: 'Object Repository/Final Object Repo/Login Page/Internal User/Next Button' is clicked on

2018-12-07 03:09:22 - [TEST_STEP][PASSED] - delay: Delayed 1 second(s)

2018-12-07 03:09:23 - [MESSAGE][PASSED] - Delayed 1 second(s)

2018-12-07 03:09:23 - [TEST_STEP][PASSED] - setEncryptedText: Text ****** has been set on object 'Object Repository/Final Object Repo/Login Page/Internal User/Password'

2018-12-07 03:09:23 - [MESSAGE][PASSED] - Text ****** has been set on object 'Object Repository/Final Object Repo/Login Page/Internal User/Password'

2018-12-07 03:09:23 - [TEST_STEP][PASSED] - click: Object: 'Object Repository/Final Object Repo/Login Page/Internal User/Login Button' is clicked on

2018-12-07 03:09:23 - [MESSAGE][PASSED] - Object: 'Object Repository/Final Object Repo/Login Page/Internal User/Login Button' is clicked on

2018-12-07 03:09:23 - [TEST_STEP][PASSED] - delay: Delayed 2 second(s)

2018-12-07 03:09:25 - [MESSAGE][PASSED] - Delayed 2 second(s)

2018-12-07 03:09:25 - [TEST_STEP][PASSED] - Statement - Try: Delayed 2 second(s)

2018-12-07 03:09:25 - [TEST_STEP][PASSED] - Statement - Checker = false: null

2018-12-07 03:09:25 - [TEST_STEP][PASSED] - Statement - Checker = com.kms.katalon.core.webui.keyword.WebUiBuiltInKeywords.verifyElementHasAttribute(com.kms.katalon.core.testobject.ObjectRepository.findTestObject(Final Object Repo/Landing Page/BM Detecting), "href", 20, OPTIONAL): Object 'Object Repository/Final Object Repo/Landing Page/BM Detecting' has attribute 'href'

2018-12-07 03:09:25 - [MESSAGE][PASSED] - Object 'Object Repository/Final Object Repo/Landing Page/BM Detecting' has attribute 'href'

2018-12-07 03:09:25 - [TEST_STEP][PASSED] - Statement - out.println(Checker): null

2018-12-07 03:09:25 - [TEST_STEP][PASSED] - Statement - If (Checker == false): null

2018-12-07 03:09:25 - [TEST_STEP][PASSED] - Statement - Else: null

2018-12-07 03:09:25 - [TEST_STEP][PASSED] - delay: Delayed 2 second(s)

2018-12-07 03:09:27 - [MESSAGE][PASSED] - Delayed 2 second(s)

2018-12-07 03:09:27 - [TEST_STEP][PASSED] - click: Object: 'Object Repository/Final Object Repo/Page_MyASSIST - ASSIST - Search Pending Case For Add Supporting Document/Search Information' is clicked on

2018-12-07 03:09:27 - [MESSAGE][PASSED] - Object: 'Object Repository/Final Object Repo/Page_MyASSIST - ASSIST - Search Pending Case For Add Supporting Document/Search Information' is clicked on

2018-12-07 03:09:27 - [TEST_STEP][PASSED] - delay: Delayed 3 second(s)

2018-12-07 03:09:30 - [MESSAGE][PASSED] - Delayed 3 second(s)

2018-12-07 03:09:30 - [TEST_STEP][PASSED] - sendKeys: Keys 'CUN122018C100005874' sent to object: 'Object Repository/Final Object Repo/Page_MyASSIST - ASSIST - Search Pending Case For Add Supporting Document/Reference No'

2018-12-07 03:09:30 - [MESSAGE][PASSED] - Keys 'CUN122018C100005874' sent to object: 'Object Repository/Final Object Repo/Page_MyASSIST - ASSIST - Search Pending Case For Add Supporting Document/Reference No'

2018-12-07 03:09:30 - [TEST_STEP][PASSED] - click: Object: 'Object Repository/Final Object Repo/Page_MyASSIST - ASSIST - Search Pending Case For Add Supporting Document/Search Reference No' is clicked on

2018-12-07 03:09:31 - [MESSAGE][PASSED] - Object: 'Object Repository/Final Object Repo/Page_MyASSIST - ASSIST - Search Pending Case For Add Supporting Document/Search Reference No' is clicked on

2018-12-07 03:09:31 - [TEST_STEP][PASSED] - delay: Delayed 2 second(s)

2018-12-07 03:09:33 - [MESSAGE][PASSED] - Delayed 2 second(s)

2018-12-07 03:09:33 - [TEST_STEP][PASSED] - click: Object: 'Object Repository/Final Object Repo/Page_MyASSIST - ASSIST - Search Pending Case For Add Supporting Document/Continue' is clicked on

2018-12-07 03:09:37 - [MESSAGE][PASSED] - Object: 'Object Repository/Final Object Repo/Page_MyASSIST - ASSIST - Search Pending Case For Add Supporting Document/Continue' is clicked on

2018-12-07 03:09:37 - [TEST_STEP][PASSED] - delay: Delayed 20 second(s)

2018-12-07 03:09:57 - [MESSAGE][PASSED] - Delayed 20 second(s)

2018-12-07 03:09:57 - [MESSAGE][PASSED] - Call Test Case 'Test Cases/Final Aug 2018 - PKS Automation/Registration Module/Workflow/Login and Search Case For Workflow' successfully

2018-12-07 03:09:57 - [TEST_STEP][PASSED] - click: Object: 'Object Repository/Final Object Repo/Page_Update Employee Information By Employee/Page_Update Employee Information By Employee (Approve)/Continue' is clicked on

2018-12-07 03:10:00 - [MESSAGE][PASSED] - Object: 'Object Repository/Final Object Repo/Page_Update Employee Information By Employee/Page_Update Employee Information By Employee (Approve)/Continue' is clicked on

2018-12-07 03:10:00 - [TEST_STEP][PASSED] - delay: Delayed 2 second(s)

2018-12-07 03:10:02 - [MESSAGE][PASSED] - Delayed 2 second(s)

2018-12-07 03:10:02 - [TEST_STEP][PASSED] - click: Object: 'Object Repository/Final Object Repo/Page_Update Employee Information By Employer/Page_Update Employee Information by Employer (Approve)/Save  Continue in Update Employee Information Page' is clicked on

2018-12-07 03:10:02 - [MESSAGE][PASSED] - Object: 'Object Repository/Final Object Repo/Page_Update Employee Information By Employer/Page_Update Employee Information by Employer (Approve)/Save  Continue in Update Employee Information Page' is clicked on

2018-12-07 03:10:02 - [TEST_STEP][PASSED] - delay: Delayed 2 second(s)

2018-12-07 03:10:04 - [MESSAGE][PASSED] - Delayed 2 second(s)

2018-12-07 03:10:04 - [TEST_STEP][PASSED] - click: Object: 'Object Repository/Final Object Repo/Page_Update Employee Information By Employer/Page_Update Employee Information by Employer (Approve)/Save  Continue in Upload Supporting Doucument Page' is clicked on

2018-12-07 03:10:05 - [MESSAGE][PASSED] - Object: 'Object Repository/Final Object Repo/Page_Update Employee Information By Employer/Page_Update Employee Information by Employer (Approve)/Save  Continue in Upload Supporting Doucument Page' is clicked on

2018-12-07 03:10:05 - [TEST_STEP][PASSED] - delay: Delayed 2 second(s)

2018-12-07 03:10:07 - [MESSAGE][PASSED] - Delayed 2 second(s)

2018-12-07 03:10:07 - [TEST_STEP][PASSED] - click: Object: 'Object Repository/Final Object Repo/Page_Update Employee Information By Employee/Page_Update Employee Information by Employee (Under enforcement)/Under enforcement' is clicked on

2018-12-07 03:10:09 - [MESSAGE][PASSED] - Object: 'Object Repository/Final Object Repo/Page_Update Employee Information By Employee/Page_Update Employee Information by Employee (Under enforcement)/Under enforcement' is clicked on

2018-12-07 03:10:09 - [TEST_STEP][PASSED] - delay: Delayed 2 second(s)

2018-12-07 03:10:11 - [MESSAGE][PASSED] - Delayed 2 second(s)

2018-12-07 03:10:11 - [TEST_STEP][PASSED] - setText: Text 'remark' is set on object 'Object Repository/Final Object Repo/Page_Update Employee Information By Employee/Page_Update Employee Information by Employee (Under enforcement)/Under enforcement - remark'

2018-12-07 03:10:11 - [MESSAGE][PASSED] - Text 'remark' is set on object 'Object Repository/Final Object Repo/Page_Update Employee Information By Employee/Page_Update Employee Information by Employee (Under enforcement)/Under enforcement - remark'

2018-12-07 03:10:11 - [TEST_STEP][PASSED] - delay: Delayed 2 second(s)

2018-12-07 03:10:13 - [MESSAGE][PASSED] - Delayed 2 second(s)

2018-12-07 03:10:13 - [TEST_STEP][PASSED] - click: Object: 'Object Repository/Final Object Repo/Page_Update Employee Information By Employee/Page_Update Employee Information by Employee (Under enforcement)/Save  Continue in Under enforcement Page' is clicked on

2018-12-07 03:10:13 - [MESSAGE][PASSED] - Object: 'Object Repository/Final Object Repo/Page_Update Employee Information By Employee/Page_Update Employee Information by Employee (Under enforcement)/Save  Continue in Under enforcement Page' is clicked on

2018-12-07 03:10:13 - [TEST_STEP][PASSED] - click: Object: 'Object Repository/Final Object Repo/Page_Update Employee Information By Employee/Page_Update Employee Information by Employee (Under enforcement)/Message The case is under enforcement' is clicked on

2018-12-07 03:10:17 - [MESSAGE][PASSED] - Object: 'Object Repository/Final Object Repo/Page_Update Employee Information By Employee/Page_Update Employee Information by Employee (Under enforcement)/Message The case is under enforcement' is clicked on

2018-12-07 03:10:17 - [MESSAGE][PASSED] - Call Test Case 'Test Cases/Final Aug 2018 - PKS Automation/Registration Module/Workflow/Update Employee Information (Employee)/Template/Update Employee Information - Special Case - UO (Under enforcement)' successfully]]></system-out>
         <system-err><![CDATA[]]></system-err>
      </testcase>
      <testcase name="Test Cases/Final Aug 2018 - PKS Automation/Registration Module/Workflow/Update Employee Information (Employee)/PKRBO to UO (Approve)" classname="Test Cases/Final Aug 2018 - PKS Automation/Registration Module/Workflow/Update Employee Information (Employee)/PKRBO to UO (Approve)" status="PASSED">
         <system-out><![CDATA[2018-12-07 03:10:17 - [TEST_CASE][PASSED] - Test Cases/Final Aug 2018 - PKS Automation/Registration Module/Workflow/Update Employee Information (Employee)/PKRBO to UO (Approve): Test Cases/Final Aug 2018 - PKS Automation/Registration Module/Workflow/Update Employee Information (Employee)/PKRBO to UO (Approve)

2018-12-07 03:10:17 - [TEST_STEP][PASSED] - callTestCase: Call Test Case 'Test Cases/Final Aug 2018 - PKS Automation/Registration Module/Workflow/Update Employee Information (Employee)/Template/Update Employee Information - Special Case (PKRBO)' successfully

2018-12-07 03:10:17 - [TEST_CASE][PASSED] - Test Cases/Final Aug 2018 - PKS Automation/Registration Module/Workflow/Update Employee Information (Employee)/Template/Update Employee Information - Special Case (PKRBO): Test Cases/Final Aug 2018 - PKS Automation/Registration Module/Workflow/Update Employee Information (Employee)/Template/Update Employee Information - Special Case (PKRBO)

2018-12-07 03:10:17 - [TEST_STEP][PASSED] - openBrowser: Browser is opened with url: ''

2018-12-07 03:10:17 - [MESSAGE][WARNING] - A browser is already opened. Closing browser and opening a new one

2018-12-07 03:10:21 - [MESSAGE][PASSED] - Browser is opened with url: ''

2018-12-07 03:10:21 - [TEST_STEP][PASSED] - navigateToUrl: Navigate to 'https://assist2-uat.perkeso.gov.my/login' successfully

2018-12-07 03:10:22 - [MESSAGE][PASSED] - Navigate to 'https://assist2-uat.perkeso.gov.my/login' successfully

2018-12-07 03:10:22 - [TEST_STEP][PASSED] - setText: Text 'johorotc1@gmail.com' is set on object 'Object Repository/Final Object Repo/Login Page/Internal User/Email Address'

2018-12-07 03:10:23 - [MESSAGE][PASSED] - Text 'johorotc1@gmail.com' is set on object 'Object Repository/Final Object Repo/Login Page/Internal User/Email Address'

2018-12-07 03:10:23 - [TEST_STEP][PASSED] - click: Object: 'Object Repository/Final Object Repo/Login Page/Internal User/Next Button' is clicked on

2018-12-07 03:10:23 - [MESSAGE][PASSED] - Object: 'Object Repository/Final Object Repo/Login Page/Internal User/Next Button' is clicked on

2018-12-07 03:10:23 - [TEST_STEP][PASSED] - delay: Delayed 1 second(s)

2018-12-07 03:10:24 - [MESSAGE][PASSED] - Delayed 1 second(s)

2018-12-07 03:10:24 - [TEST_STEP][PASSED] - setEncryptedText: Text ****** has been set on object 'Object Repository/Final Object Repo/Login Page/Internal User/Password'

2018-12-07 03:10:24 - [MESSAGE][PASSED] - Text ****** has been set on object 'Object Repository/Final Object Repo/Login Page/Internal User/Password'

2018-12-07 03:10:24 - [TEST_STEP][PASSED] - click: Object: 'Object Repository/Final Object Repo/Login Page/Internal User/Login Button' is clicked on

2018-12-07 03:10:24 - [MESSAGE][PASSED] - Object: 'Object Repository/Final Object Repo/Login Page/Internal User/Login Button' is clicked on

2018-12-07 03:10:24 - [TEST_STEP][PASSED] - Statement - tester = com.kms.katalon.core.testobject.ObjectRepository.findTestObject(Final Object Repo/Landing Page/Select to English): Finding Test Object with id 'Object Repository/Final Object Repo/Landing Page/Select to English'

2018-12-07 03:10:24 - [TEST_STEP][PASSED] - Statement - Try: Delayed 2 second(s)

2018-12-07 03:10:24 - [TEST_STEP][PASSED] - Statement - Checker = com.kms.katalon.core.webui.keyword.WebUiBuiltInKeywords.verifyElementNotPresent(tester, 3): Web element with id: 'Object Repository/Final Object Repo/Landing Page/Select to English' located by 'By.xpath: //a[@class = 'taglib-language-list-text' and @lang = 'en-US' and (contains(text(), 'EN') or contains(., 'EN'))]' is not present after '3' second(s)

2018-12-07 03:10:26 - [MESSAGE][PASSED] - Web element with id: 'Object Repository/Final Object Repo/Landing Page/Select to English' located by 'By.xpath: //a[@class = 'taglib-language-list-text' and @lang = 'en-US' and (contains(text(), 'EN') or contains(., 'EN'))]' is not present after '3' second(s)

2018-12-07 03:10:26 - [TEST_STEP][PASSED] - Statement - If (Checker == false): null

2018-12-07 03:10:26 - [TEST_STEP][PASSED] - delay: Delayed 2 second(s)

2018-12-07 03:10:28 - [MESSAGE][PASSED] - Delayed 2 second(s)

2018-12-07 03:10:28 - [TEST_STEP][PASSED] - delay: Delayed 5 second(s)

2018-12-07 03:10:33 - [MESSAGE][PASSED] - Delayed 5 second(s)

2018-12-07 03:10:33 - [TEST_STEP][PASSED] - navigateToUrl: Navigate to 'https://assist2-uat.perkeso.gov.my/web/registration/update/update-employee-information-employee-' successfully

2018-12-07 03:10:34 - [MESSAGE][PASSED] - Navigate to 'https://assist2-uat.perkeso.gov.my/web/registration/update/update-employee-information-employee-' successfully

2018-12-07 03:10:34 - [TEST_STEP][PASSED] - click: Object: 'Object Repository/Final Object Repo/Page_Update Employee Information By Employee/Type of Identification' is clicked on

2018-12-07 03:10:34 - [MESSAGE][PASSED] - Object: 'Object Repository/Final Object Repo/Page_Update Employee Information By Employee/Type of Identification' is clicked on

2018-12-07 03:10:34 - [TEST_STEP][PASSED] - click: Object: 'Object Repository/Final Object Repo/Page Update Employee Information By Employee/Type of Identification - Name' is clicked on

2018-12-07 03:10:34 - [MESSAGE][PASSED] - Object: 'Object Repository/Final Object Repo/Page Update Employee Information By Employee/Type of Identification - Name' is clicked on

2018-12-07 03:10:34 - [TEST_STEP][PASSED] - setText: Text 'YUKI JR B' is set on object 'Object Repository/Final Object Repo/Page_Update Employee Information By Employee/New Identification'

2018-12-07 03:10:34 - [MESSAGE][PASSED] - Text 'YUKI JR B' is set on object 'Object Repository/Final Object Repo/Page_Update Employee Information By Employee/New Identification'

2018-12-07 03:10:34 - [TEST_STEP][PASSED] - click: Object: 'Object Repository/Final Object Repo/Page_Update Employee Information By Employee/Search Button' is clicked on

2018-12-07 03:10:35 - [MESSAGE][PASSED] - Object: 'Object Repository/Final Object Repo/Page_Update Employee Information By Employee/Search Button' is clicked on

2018-12-07 03:10:35 - [TEST_STEP][PASSED] - click: Object: 'Object Repository/Final Object Repo/Page_Update Employee Information By Employee/Edit Button' is clicked on

2018-12-07 03:10:38 - [MESSAGE][PASSED] - Object: 'Object Repository/Final Object Repo/Page_Update Employee Information By Employee/Edit Button' is clicked on

2018-12-07 03:10:38 - [TEST_STEP][PASSED] - delay: Delayed 2 second(s)

2018-12-07 03:10:40 - [MESSAGE][PASSED] - Delayed 2 second(s)

2018-12-07 03:10:40 - [TEST_STEP][PASSED] - click: Object: 'Object Repository/Final Object Repo/Page_Update Employee Information By Employee/Employee Information Edit Button' is clicked on

2018-12-07 03:10:40 - [MESSAGE][PASSED] - Object: 'Object Repository/Final Object Repo/Page_Update Employee Information By Employee/Employee Information Edit Button' is clicked on

2018-12-07 03:10:40 - [TEST_STEP][PASSED] - delay: Delayed 2 second(s)

2018-12-07 03:10:42 - [MESSAGE][PASSED] - Delayed 2 second(s)

2018-12-07 03:10:42 - [TEST_STEP][PASSED] - click: Object: 'Object Repository/Final Object Repo/Page_Update Employee Information By Employee/New Identification Number' is clicked on

2018-12-07 03:10:42 - [MESSAGE][PASSED] - Object: 'Object Repository/Final Object Repo/Page_Update Employee Information By Employee/New Identification Number' is clicked on

2018-12-07 03:10:42 - [TEST_STEP][PASSED] - setText: Text '' is set on object 'Object Repository/Final Object Repo/Page_Update Employee Information By Employee/New Identification Number'

2018-12-07 03:10:43 - [MESSAGE][PASSED] - Text '' is set on object 'Object Repository/Final Object Repo/Page_Update Employee Information By Employee/New Identification Number'

2018-12-07 03:10:43 - [TEST_STEP][PASSED] - Statement - rnd = new java.util.Random(): null

2018-12-07 03:10:43 - [TEST_STEP][PASSED] - Statement - snum = rnd.nextInt(899999 + 1) + 100000: null

2018-12-07 03:10:43 - [TEST_STEP][PASSED] - Statement - tnum = rnd.nextInt(899999 + 1) + 100000: null

2018-12-07 03:10:43 - [TEST_STEP][PASSED] - Statement - IC = java.lang.Integer.toString(snum) + java.lang.Integer.toString(tnum): null

2018-12-07 03:10:43 - [TEST_STEP][PASSED] - Statement - out.println(IC): null

2018-12-07 03:10:43 - [TEST_STEP][PASSED] - setText: Text '908739746444' is set on object 'Object Repository/Final Object Repo/Page_Update Employee Information By Employee/New Identification Number'

2018-12-07 03:10:43 - [MESSAGE][PASSED] - Text '908739746444' is set on object 'Object Repository/Final Object Repo/Page_Update Employee Information By Employee/New Identification Number'

2018-12-07 03:10:43 - [TEST_STEP][PASSED] - delay: Delayed 5 second(s)

2018-12-07 03:10:48 - [MESSAGE][PASSED] - Delayed 5 second(s)

2018-12-07 03:10:48 - [TEST_STEP][PASSED] - click: Object: 'Object Repository/Final Object Repo/Page_Update Employee Information By Employee/Save' is clicked on

2018-12-07 03:10:48 - [MESSAGE][PASSED] - Object: 'Object Repository/Final Object Repo/Page_Update Employee Information By Employee/Save' is clicked on

2018-12-07 03:10:48 - [TEST_STEP][PASSED] - delay: Delayed 5 second(s)

2018-12-07 03:10:53 - [MESSAGE][PASSED] - Delayed 5 second(s)

2018-12-07 03:10:53 - [TEST_STEP][PASSED] - click: Object: 'Object Repository/Final Object Repo/Page_Update Employee Information By Employee/Save  Continue in Update Employee Information' is clicked on

2018-12-07 03:10:53 - [MESSAGE][PASSED] - Object: 'Object Repository/Final Object Repo/Page_Update Employee Information By Employee/Save  Continue in Update Employee Information' is clicked on

2018-12-07 03:10:53 - [TEST_STEP][PASSED] - delay: Delayed 5 second(s)

2018-12-07 03:10:58 - [MESSAGE][PASSED] - Delayed 5 second(s)

2018-12-07 03:10:58 - [TEST_STEP][PASSED] - click: Object: 'Object Repository/Final Object Repo/Page_Update Employee Information By Employee/Save  Continue in Uploading Page' is clicked on

2018-12-07 03:10:59 - [MESSAGE][PASSED] - Object: 'Object Repository/Final Object Repo/Page_Update Employee Information By Employee/Save  Continue in Uploading Page' is clicked on

2018-12-07 03:10:59 - [TEST_STEP][PASSED] - delay: Delayed 2 second(s)

2018-12-07 03:11:01 - [MESSAGE][PASSED] - Delayed 2 second(s)

2018-12-07 03:11:01 - [TEST_STEP][PASSED] - Statement - CaseReferenceNo = com.kms.katalon.core.webui.keyword.WebUiBuiltInKeywords.getText(com.kms.katalon.core.testobject.ObjectRepository.findTestObject(Final Object Repo/Page_Update Employer Information/Reference Number in Update Employee Information Page)): Text of object 'Object Repository/Final Object Repo/Page_Update Employer Information/Reference Number in Update Employee Information Page' is: 'CUN122018C100005875'

2018-12-07 03:11:02 - [MESSAGE][PASSED] - Text of object 'Object Repository/Final Object Repo/Page_Update Employer Information/Reference Number in Update Employee Information Page' is: 'CUN122018C100005875'

2018-12-07 03:11:02 - [TEST_STEP][PASSED] - callTestCase: Call Test Case 'Test Cases/Final Aug 2018 - PKS Automation/Common/Reference Number Setter' successfully

2018-12-07 03:11:02 - [TEST_CASE][PASSED] - Test Cases/Final Aug 2018 - PKS Automation/Common/Reference Number Setter: Test Cases/Final Aug 2018 - PKS Automation/Common/Reference Number Setter

2018-12-07 03:11:02 - [TEST_STEP][PASSED] - Statement - RefNoOldFile = new java.io.File(C://Users//Admin//Desktop//PKS//Automation Reference Point//KatalonReference.txt): null

2018-12-07 03:11:02 - [TEST_STEP][PASSED] - Statement - RefNoOldFile.delete(): null

2018-12-07 03:11:02 - [TEST_STEP][PASSED] - delay: Delayed 5 second(s)

2018-12-07 03:11:07 - [MESSAGE][PASSED] - Delayed 5 second(s)

2018-12-07 03:11:07 - [TEST_STEP][PASSED] - Statement - RefNo = new java.io.File(C://Users//Admin//Desktop//PKS//Automation Reference Point//KatalonReference.txt): null

2018-12-07 03:11:07 - [TEST_STEP][PASSED] - Statement - f2 = new java.io.FileWriter(RefNo, false): null

2018-12-07 03:11:07 - [TEST_STEP][PASSED] - Statement - f2.write(CaseReferenceNo): null

2018-12-07 03:11:07 - [TEST_STEP][PASSED] - Statement - f2.close(): null

2018-12-07 03:11:07 - [TEST_STEP][PASSED] - Statement - out.println("


" + CaseReferenceNo + "


"): null

2018-12-07 03:11:07 - [MESSAGE][PASSED] - Call Test Case 'Test Cases/Final Aug 2018 - PKS Automation/Common/Reference Number Setter' successfully

2018-12-07 03:11:07 - [TEST_STEP][PASSED] - delay: Delayed 2 second(s)

2018-12-07 03:11:09 - [MESSAGE][PASSED] - Delayed 2 second(s)

2018-12-07 03:11:09 - [TEST_STEP][PASSED] - click: Object: 'Object Repository/Final Object Repo/Page_Update Employee Information By Employee/Submit' is clicked on

2018-12-07 03:11:09 - [MESSAGE][PASSED] - Object: 'Object Repository/Final Object Repo/Page_Update Employee Information By Employee/Submit' is clicked on

2018-12-07 03:11:09 - [TEST_STEP][PASSED] - delay: Delayed 2 second(s)

2018-12-07 03:11:11 - [MESSAGE][PASSED] - Delayed 2 second(s)

2018-12-07 03:11:11 - [TEST_STEP][PASSED] - click: Object: 'Object Repository/Final Object Repo/Page_Update Employee Information By Employee/Confirm Button' is clicked on

2018-12-07 03:11:12 - [MESSAGE][PASSED] - Object: 'Object Repository/Final Object Repo/Page_Update Employee Information By Employee/Confirm Button' is clicked on

2018-12-07 03:11:12 - [TEST_STEP][PASSED] - delay: Delayed 2 second(s)

2018-12-07 03:11:14 - [MESSAGE][PASSED] - Delayed 2 second(s)

2018-12-07 03:11:14 - [TEST_STEP][PASSED] - click: Object: 'Object Repository/Final Object Repo/Page_Update Employee Information By Employee/Successful Message Routed to UO' is clicked on

2018-12-07 03:11:15 - [MESSAGE][PASSED] - Object: 'Object Repository/Final Object Repo/Page_Update Employee Information By Employee/Successful Message Routed to UO' is clicked on

2018-12-07 03:11:15 - [MESSAGE][PASSED] - Call Test Case 'Test Cases/Final Aug 2018 - PKS Automation/Registration Module/Workflow/Update Employee Information (Employee)/Template/Update Employee Information - Special Case (PKRBO)' successfully

2018-12-07 03:11:15 - [TEST_STEP][PASSED] - callTestCase: Call Test Case 'Test Cases/Final Aug 2018 - PKS Automation/Registration Module/Workflow/Update Employee Information (Employee)/Template/Update Employee Information - Special Case - UO (Approve)' successfully

2018-12-07 03:11:15 - [TEST_CASE][PASSED] - Test Cases/Final Aug 2018 - PKS Automation/Registration Module/Workflow/Update Employee Information (Employee)/Template/Update Employee Information - Special Case - UO (Approve): Test Cases/Final Aug 2018 - PKS Automation/Registration Module/Workflow/Update Employee Information (Employee)/Template/Update Employee Information - Special Case - UO (Approve)

2018-12-07 03:11:15 - [TEST_STEP][NOT_RUN] - callTestCase: NOT_RUN: callTestCase

2018-12-07 03:11:15 - [MESSAGE][NOT_RUN] - NOT_RUN: callTestCase

2018-12-07 03:11:15 - [TEST_STEP][PASSED] - delay: Delayed 2 second(s)

2018-12-07 03:11:17 - [MESSAGE][PASSED] - Delayed 2 second(s)

2018-12-07 03:11:17 - [TEST_STEP][PASSED] - navigateToUrl: Navigate to 'https://assist2-uat.perkeso.gov.my/c/portal/logout' successfully

2018-12-07 03:11:18 - [MESSAGE][PASSED] - Navigate to 'https://assist2-uat.perkeso.gov.my/c/portal/logout' successfully

2018-12-07 03:11:18 - [TEST_STEP][PASSED] - delay: Delayed 2 second(s)

2018-12-07 03:11:20 - [MESSAGE][PASSED] - Delayed 2 second(s)

2018-12-07 03:11:20 - [TEST_STEP][PASSED] - callTestCase: Call Test Case 'Test Cases/Final Aug 2018 - PKS Automation/Common/Reference Number Getter' successfully

2018-12-07 03:11:20 - [TEST_CASE][PASSED] - Test Cases/Final Aug 2018 - PKS Automation/Common/Reference Number Getter: Test Cases/Final Aug 2018 - PKS Automation/Common/Reference Number Getter

2018-12-07 03:11:20 - [TEST_STEP][PASSED] - Statement - Try: null

2018-12-07 03:11:20 - [TEST_STEP][PASSED] - Statement - RefNo = new java.io.File(C://Users//Admin//Desktop//PKS//Automation Reference Point//KatalonReference.txt): null

2018-12-07 03:11:20 - [TEST_STEP][PASSED] - Statement - bufferread = new java.io.BufferedReader(new java.io.FileReader(RefNo)): null

2018-12-07 03:11:20 - [TEST_STEP][PASSED] - Statement - readedVal = bufferread.readLine(): null

2018-12-07 03:11:20 - [TEST_STEP][PASSED] - Statement - out.println(CaseReferenceNo): null

2018-12-07 03:11:20 - [TEST_STEP][PASSED] - Statement - out.println(readedVal): null

2018-12-07 03:11:20 - [TEST_STEP][PASSED] - Statement - CaseReferenceNo = "": null

2018-12-07 03:11:20 - [TEST_STEP][PASSED] - Statement - CaseReferenceNo = readedVal: null

2018-12-07 03:11:20 - [MESSAGE][PASSED] - Call Test Case 'Test Cases/Final Aug 2018 - PKS Automation/Common/Reference Number Getter' successfully

2018-12-07 03:11:20 - [TEST_STEP][PASSED] - callTestCase: Call Test Case 'Test Cases/Final Aug 2018 - PKS Automation/Common/Workflow Owner Finder' successfully

2018-12-07 03:11:20 - [TEST_CASE][PASSED] - Test Cases/Final Aug 2018 - PKS Automation/Common/Workflow Owner Finder: Test Cases/Final Aug 2018 - PKS Automation/Common/Workflow Owner Finder

2018-12-07 03:11:20 - [TEST_STEP][PASSED] - openBrowser: Browser is opened with url: ''

2018-12-07 03:11:20 - [MESSAGE][WARNING] - A browser is already opened. Closing browser and opening a new one

2018-12-07 03:11:24 - [MESSAGE][PASSED] - Browser is opened with url: ''

2018-12-07 03:11:24 - [TEST_STEP][PASSED] - navigateToUrl: Navigate to 'https://assist2-uat.perkeso.gov.my/login' successfully

2018-12-07 03:11:25 - [MESSAGE][PASSED] - Navigate to 'https://assist2-uat.perkeso.gov.my/login' successfully

2018-12-07 03:11:25 - [TEST_STEP][PASSED] - delay: Delayed 5 second(s)

2018-12-07 03:11:30 - [MESSAGE][PASSED] - Delayed 5 second(s)

2018-12-07 03:11:30 - [TEST_STEP][PASSED] - setText: Text 'test@liferay.com' is set on object 'Object Repository/Final Object Repo/Login Page/Internal User/Email Address'

2018-12-07 03:11:30 - [MESSAGE][PASSED] - Text 'test@liferay.com' is set on object 'Object Repository/Final Object Repo/Login Page/Internal User/Email Address'

2018-12-07 03:11:30 - [TEST_STEP][PASSED] - click: Object: 'Object Repository/Final Object Repo/Login Page/Internal User/Next Button' is clicked on

2018-12-07 03:11:31 - [MESSAGE][PASSED] - Object: 'Object Repository/Final Object Repo/Login Page/Internal User/Next Button' is clicked on

2018-12-07 03:11:31 - [TEST_STEP][PASSED] - delay: Delayed 2 second(s)

2018-12-07 03:11:33 - [MESSAGE][PASSED] - Delayed 2 second(s)

2018-12-07 03:11:33 - [TEST_STEP][PASSED] - setText: Text 'test' is set on object 'Object Repository/Final Object Repo/Login Page/Internal User/Password'

2018-12-07 03:11:33 - [MESSAGE][PASSED] - Text 'test' is set on object 'Object Repository/Final Object Repo/Login Page/Internal User/Password'

2018-12-07 03:11:33 - [TEST_STEP][PASSED] - delay: Delayed 2 second(s)

2018-12-07 03:11:35 - [MESSAGE][PASSED] - Delayed 2 second(s)

2018-12-07 03:11:35 - [TEST_STEP][PASSED] - click: Object: 'Object Repository/Final Object Repo/Login Page/Internal User/Login Button' is clicked on

2018-12-07 03:11:35 - [MESSAGE][PASSED] - Object: 'Object Repository/Final Object Repo/Login Page/Internal User/Login Button' is clicked on

2018-12-07 03:11:35 - [TEST_STEP][PASSED] - Statement - tester = com.kms.katalon.core.testobject.ObjectRepository.findTestObject(Final Object Repo/Landing Page/Select to English): Finding Test Object with id 'Object Repository/Final Object Repo/Landing Page/Select to English'

2018-12-07 03:11:35 - [TEST_STEP][PASSED] - Statement - Try: Delayed 2 second(s)

2018-12-07 03:11:35 - [TEST_STEP][PASSED] - Statement - Checker = com.kms.katalon.core.webui.keyword.WebUiBuiltInKeywords.verifyElementNotPresent(tester, 3): Web element with id: 'Object Repository/Final Object Repo/Landing Page/Select to English' located by 'By.xpath: //a[@class = 'taglib-language-list-text' and @lang = 'en-US' and (contains(text(), 'EN') or contains(., 'EN'))]' is not present after '3' second(s)

2018-12-07 03:11:37 - [MESSAGE][PASSED] - Web element with id: 'Object Repository/Final Object Repo/Landing Page/Select to English' located by 'By.xpath: //a[@class = 'taglib-language-list-text' and @lang = 'en-US' and (contains(text(), 'EN') or contains(., 'EN'))]' is not present after '3' second(s)

2018-12-07 03:11:37 - [TEST_STEP][PASSED] - Statement - If (Checker == false): null

2018-12-07 03:11:37 - [TEST_STEP][PASSED] - delay: Delayed 2 second(s)

2018-12-07 03:11:39 - [MESSAGE][PASSED] - Delayed 2 second(s)

2018-12-07 03:11:39 - [TEST_STEP][PASSED] - delay: Delayed 5 second(s)

2018-12-07 03:11:44 - [MESSAGE][PASSED] - Delayed 5 second(s)

2018-12-07 03:11:44 - [TEST_STEP][PASSED] - mouseOver: Object: 'Object Repository/Final Object Repo/Landing Page/WorkFlow Menu' is hovered

2018-12-07 03:11:44 - [MESSAGE][PASSED] - Object: 'Object Repository/Final Object Repo/Landing Page/WorkFlow Menu' is hovered

2018-12-07 03:11:44 - [TEST_STEP][PASSED] - delay: Delayed 2 second(s)

2018-12-07 03:11:46 - [MESSAGE][PASSED] - Delayed 2 second(s)

2018-12-07 03:11:46 - [TEST_STEP][PASSED] - click: Object: 'Object Repository/Final Object Repo/Landing Page/Select to Workflow Listing' is clicked on

2018-12-07 03:11:47 - [MESSAGE][PASSED] - Object: 'Object Repository/Final Object Repo/Landing Page/Select to Workflow Listing' is clicked on

2018-12-07 03:11:47 - [TEST_STEP][PASSED] - delay: Delayed 2 second(s)

2018-12-07 03:11:49 - [MESSAGE][PASSED] - Delayed 2 second(s)

2018-12-07 03:11:49 - [TEST_STEP][PASSED] - click: Object: 'Object Repository/Final Object Repo/WorkFlow Listing Page/Search Information - To Put Ref No' is clicked on

2018-12-07 03:11:49 - [MESSAGE][PASSED] - Object: 'Object Repository/Final Object Repo/WorkFlow Listing Page/Search Information - To Put Ref No' is clicked on

2018-12-07 03:11:49 - [TEST_STEP][PASSED] - delay: Delayed 2 second(s)

2018-12-07 03:11:51 - [MESSAGE][PASSED] - Delayed 2 second(s)

2018-12-07 03:11:51 - [TEST_STEP][PASSED] - callTestCase: Call Test Case 'Test Cases/Final Aug 2018 - PKS Automation/Common/Reference Number Getter' successfully

2018-12-07 03:11:51 - [TEST_CASE][PASSED] - Test Cases/Final Aug 2018 - PKS Automation/Common/Reference Number Getter: Test Cases/Final Aug 2018 - PKS Automation/Common/Reference Number Getter

2018-12-07 03:11:51 - [TEST_STEP][PASSED] - Statement - Try: null

2018-12-07 03:11:51 - [TEST_STEP][PASSED] - Statement - RefNo = new java.io.File(C://Users//Admin//Desktop//PKS//Automation Reference Point//KatalonReference.txt): null

2018-12-07 03:11:51 - [TEST_STEP][PASSED] - Statement - bufferread = new java.io.BufferedReader(new java.io.FileReader(RefNo)): null

2018-12-07 03:11:51 - [TEST_STEP][PASSED] - Statement - readedVal = bufferread.readLine(): null

2018-12-07 03:11:51 - [TEST_STEP][PASSED] - Statement - out.println(CaseReferenceNo): null

2018-12-07 03:11:51 - [TEST_STEP][PASSED] - Statement - out.println(readedVal): null

2018-12-07 03:11:51 - [TEST_STEP][PASSED] - Statement - CaseReferenceNo = "": null

2018-12-07 03:11:51 - [TEST_STEP][PASSED] - Statement - CaseReferenceNo = readedVal: null

2018-12-07 03:11:51 - [MESSAGE][PASSED] - Call Test Case 'Test Cases/Final Aug 2018 - PKS Automation/Common/Reference Number Getter' successfully

2018-12-07 03:11:51 - [TEST_STEP][PASSED] - setText: Text 'CUN122018C100005875' is set on object 'Object Repository/Final Object Repo/WorkFlow Listing Page/Ref No Set Text'

2018-12-07 03:11:52 - [MESSAGE][PASSED] - Text 'CUN122018C100005875' is set on object 'Object Repository/Final Object Repo/WorkFlow Listing Page/Ref No Set Text'

2018-12-07 03:11:52 - [TEST_STEP][PASSED] - delay: Delayed 2 second(s)

2018-12-07 03:11:54 - [MESSAGE][PASSED] - Delayed 2 second(s)

2018-12-07 03:11:54 - [TEST_STEP][PASSED] - click: Object: 'Object Repository/Final Object Repo/WorkFlow Listing Page/Search Ref No Search Button' is clicked on

2018-12-07 03:11:54 - [MESSAGE][PASSED] - Object: 'Object Repository/Final Object Repo/WorkFlow Listing Page/Search Ref No Search Button' is clicked on

2018-12-07 03:11:54 - [TEST_STEP][PASSED] - delay: Delayed 6 second(s)

2018-12-07 03:12:00 - [MESSAGE][PASSED] - Delayed 6 second(s)

2018-12-07 03:12:00 - [TEST_STEP][PASSED] - click: Object: 'Object Repository/Final Object Repo/WorkFlow Listing Page/Click Continue Tooltip' is clicked on

2018-12-07 03:12:01 - [MESSAGE][PASSED] - Object: 'Object Repository/Final Object Repo/WorkFlow Listing Page/Click Continue Tooltip' is clicked on

2018-12-07 03:12:01 - [TEST_STEP][PASSED] - delay: Delayed 5 second(s)

2018-12-07 03:12:06 - [MESSAGE][PASSED] - Delayed 5 second(s)

2018-12-07 03:12:06 - [TEST_STEP][PASSED] - doubleClick: Object: 'Object Repository/Final Object Repo/WorkFlow Listing Page/Workflow Found - Listing 1' is double clicked on

2018-12-07 03:12:06 - [MESSAGE][PASSED] - Object: 'Object Repository/Final Object Repo/WorkFlow Listing Page/Workflow Found - Listing 1' is double clicked on

2018-12-07 03:12:06 - [TEST_STEP][PASSED] - Statement - println(OwnerID): null

2018-12-07 03:12:06 - [TEST_STEP][PASSED] - Statement - OwnerID = com.kms.katalon.core.webui.keyword.WebUiBuiltInKeywords.getText(com.kms.katalon.core.testobject.ObjectRepository.findTestObject(Final Object Repo/WorkFlow Listing Page/Workflow Found - Listing 1), STOP_ON_FAILURE): Text of object 'Object Repository/Final Object Repo/WorkFlow Listing Page/Workflow Found - Listing 1' is: 'JOHORuo1'

2018-12-07 03:12:06 - [MESSAGE][PASSED] - Text of object 'Object Repository/Final Object Repo/WorkFlow Listing Page/Workflow Found - Listing 1' is: 'JOHORuo1'

2018-12-07 03:12:06 - [TEST_STEP][PASSED] - Statement - OwnerID = OwnerID.toLowerCase() + "@gmail.com": null

2018-12-07 03:12:06 - [TEST_STEP][PASSED] - Statement - println(OwnerID): null

2018-12-07 03:12:06 - [TEST_STEP][PASSED] - delay: Delayed 2 second(s)

2018-12-07 03:12:08 - [MESSAGE][PASSED] - Delayed 2 second(s)

2018-12-07 03:12:08 - [MESSAGE][PASSED] - Call Test Case 'Test Cases/Final Aug 2018 - PKS Automation/Common/Workflow Owner Finder' successfully

2018-12-07 03:12:08 - [TEST_STEP][PASSED] - delay: Delayed 2 second(s)

2018-12-07 03:12:10 - [MESSAGE][PASSED] - Delayed 2 second(s)

2018-12-07 03:12:10 - [TEST_STEP][PASSED] - navigateToUrl: Navigate to 'https://assist2-uat.perkeso.gov.my/c/portal/logout' successfully

2018-12-07 03:12:11 - [MESSAGE][PASSED] - Navigate to 'https://assist2-uat.perkeso.gov.my/c/portal/logout' successfully

2018-12-07 03:12:11 - [TEST_STEP][PASSED] - delay: Delayed 2 second(s)

2018-12-07 03:12:13 - [MESSAGE][PASSED] - Delayed 2 second(s)

2018-12-07 03:12:13 - [TEST_STEP][PASSED] - callTestCase: Call Test Case 'Test Cases/Final Aug 2018 - PKS Automation/Registration Module/Workflow/Login and Search Case For Workflow' successfully

2018-12-07 03:12:13 - [TEST_CASE][PASSED] - Test Cases/Final Aug 2018 - PKS Automation/Registration Module/Workflow/Login and Search Case For Workflow: Test Cases/Final Aug 2018 - PKS Automation/Registration Module/Workflow/Login and Search Case For Workflow

2018-12-07 03:12:13 - [TEST_STEP][PASSED] - navigateToUrl: Navigate to 'https://assist2-uat.perkeso.gov.my/login' successfully

2018-12-07 03:12:13 - [MESSAGE][PASSED] - Navigate to 'https://assist2-uat.perkeso.gov.my/login' successfully

2018-12-07 03:12:13 - [TEST_STEP][PASSED] - setText: Text 'johoruo1@gmail.com' is set on object 'Object Repository/Final Object Repo/Login Page/Internal User/Email Address'

2018-12-07 03:12:14 - [MESSAGE][PASSED] - Text 'johoruo1@gmail.com' is set on object 'Object Repository/Final Object Repo/Login Page/Internal User/Email Address'

2018-12-07 03:12:14 - [TEST_STEP][PASSED] - click: Object: 'Object Repository/Final Object Repo/Login Page/Internal User/Next Button' is clicked on

2018-12-07 03:12:14 - [MESSAGE][PASSED] - Object: 'Object Repository/Final Object Repo/Login Page/Internal User/Next Button' is clicked on

2018-12-07 03:12:14 - [TEST_STEP][PASSED] - delay: Delayed 1 second(s)

2018-12-07 03:12:15 - [MESSAGE][PASSED] - Delayed 1 second(s)

2018-12-07 03:12:15 - [TEST_STEP][PASSED] - setEncryptedText: Text ****** has been set on object 'Object Repository/Final Object Repo/Login Page/Internal User/Password'

2018-12-07 03:12:15 - [MESSAGE][PASSED] - Text ****** has been set on object 'Object Repository/Final Object Repo/Login Page/Internal User/Password'

2018-12-07 03:12:15 - [TEST_STEP][PASSED] - click: Object: 'Object Repository/Final Object Repo/Login Page/Internal User/Login Button' is clicked on

2018-12-07 03:12:15 - [MESSAGE][PASSED] - Object: 'Object Repository/Final Object Repo/Login Page/Internal User/Login Button' is clicked on

2018-12-07 03:12:15 - [TEST_STEP][PASSED] - delay: Delayed 2 second(s)

2018-12-07 03:12:17 - [MESSAGE][PASSED] - Delayed 2 second(s)

2018-12-07 03:12:17 - [TEST_STEP][PASSED] - Statement - Try: Delayed 2 second(s)

2018-12-07 03:12:17 - [TEST_STEP][PASSED] - Statement - Checker = false: null

2018-12-07 03:12:17 - [TEST_STEP][PASSED] - Statement - Checker = com.kms.katalon.core.webui.keyword.WebUiBuiltInKeywords.verifyElementHasAttribute(com.kms.katalon.core.testobject.ObjectRepository.findTestObject(Final Object Repo/Landing Page/BM Detecting), "href", 20, OPTIONAL): Object 'Object Repository/Final Object Repo/Landing Page/BM Detecting' has attribute 'href'

2018-12-07 03:12:17 - [MESSAGE][PASSED] - Object 'Object Repository/Final Object Repo/Landing Page/BM Detecting' has attribute 'href'

2018-12-07 03:12:17 - [TEST_STEP][PASSED] - Statement - out.println(Checker): null

2018-12-07 03:12:17 - [TEST_STEP][PASSED] - Statement - If (Checker == false): null

2018-12-07 03:12:17 - [TEST_STEP][PASSED] - Statement - Else: null

2018-12-07 03:12:17 - [TEST_STEP][PASSED] - delay: Delayed 2 second(s)

2018-12-07 03:12:19 - [MESSAGE][PASSED] - Delayed 2 second(s)

2018-12-07 03:12:19 - [TEST_STEP][PASSED] - click: Object: 'Object Repository/Final Object Repo/Page_MyASSIST - ASSIST - Search Pending Case For Add Supporting Document/Search Information' is clicked on

2018-12-07 03:12:20 - [MESSAGE][PASSED] - Object: 'Object Repository/Final Object Repo/Page_MyASSIST - ASSIST - Search Pending Case For Add Supporting Document/Search Information' is clicked on

2018-12-07 03:12:20 - [TEST_STEP][PASSED] - delay: Delayed 3 second(s)

2018-12-07 03:12:23 - [MESSAGE][PASSED] - Delayed 3 second(s)

2018-12-07 03:12:23 - [TEST_STEP][PASSED] - sendKeys: Keys 'CUN122018C100005875' sent to object: 'Object Repository/Final Object Repo/Page_MyASSIST - ASSIST - Search Pending Case For Add Supporting Document/Reference No'

2018-12-07 03:12:23 - [MESSAGE][PASSED] - Keys 'CUN122018C100005875' sent to object: 'Object Repository/Final Object Repo/Page_MyASSIST - ASSIST - Search Pending Case For Add Supporting Document/Reference No'

2018-12-07 03:12:23 - [TEST_STEP][PASSED] - click: Object: 'Object Repository/Final Object Repo/Page_MyASSIST - ASSIST - Search Pending Case For Add Supporting Document/Search Reference No' is clicked on

2018-12-07 03:12:23 - [MESSAGE][PASSED] - Object: 'Object Repository/Final Object Repo/Page_MyASSIST - ASSIST - Search Pending Case For Add Supporting Document/Search Reference No' is clicked on

2018-12-07 03:12:23 - [TEST_STEP][PASSED] - delay: Delayed 2 second(s)

2018-12-07 03:12:25 - [MESSAGE][PASSED] - Delayed 2 second(s)

2018-12-07 03:12:25 - [TEST_STEP][PASSED] - click: Object: 'Object Repository/Final Object Repo/Page_MyASSIST - ASSIST - Search Pending Case For Add Supporting Document/Continue' is clicked on

2018-12-07 03:12:29 - [MESSAGE][PASSED] - Object: 'Object Repository/Final Object Repo/Page_MyASSIST - ASSIST - Search Pending Case For Add Supporting Document/Continue' is clicked on

2018-12-07 03:12:29 - [TEST_STEP][PASSED] - delay: Delayed 20 second(s)

2018-12-07 03:12:49 - [MESSAGE][PASSED] - Delayed 20 second(s)

2018-12-07 03:12:49 - [MESSAGE][PASSED] - Call Test Case 'Test Cases/Final Aug 2018 - PKS Automation/Registration Module/Workflow/Login and Search Case For Workflow' successfully

2018-12-07 03:12:49 - [TEST_STEP][PASSED] - click: Object: 'Object Repository/Final Object Repo/Page_Update Employee Information By Employee/Page_Update Employee Information By Employee (Approve)/Continue' is clicked on

2018-12-07 03:12:52 - [MESSAGE][PASSED] - Object: 'Object Repository/Final Object Repo/Page_Update Employee Information By Employee/Page_Update Employee Information By Employee (Approve)/Continue' is clicked on

2018-12-07 03:12:52 - [TEST_STEP][PASSED] - delay: Delayed 2 second(s)

2018-12-07 03:12:54 - [MESSAGE][PASSED] - Delayed 2 second(s)

2018-12-07 03:12:54 - [TEST_STEP][PASSED] - click: Object: 'Object Repository/Final Object Repo/Page_Update Employee Information By Employee/Page_Update Employee Information By Employee (Approve)/Save  Continue in Update Employee Information Page' is clicked on

2018-12-07 03:12:54 - [MESSAGE][PASSED] - Object: 'Object Repository/Final Object Repo/Page_Update Employee Information By Employee/Page_Update Employee Information By Employee (Approve)/Save  Continue in Update Employee Information Page' is clicked on

2018-12-07 03:12:54 - [TEST_STEP][PASSED] - delay: Delayed 2 second(s)

2018-12-07 03:12:56 - [MESSAGE][PASSED] - Delayed 2 second(s)

2018-12-07 03:12:56 - [TEST_STEP][PASSED] - click: Object: 'Object Repository/Final Object Repo/Page_Update Employee Information By Employee/Page_Update Employee Information By Employee (Approve)/Save  Continue in Upload Supporting Doucument Page' is clicked on

2018-12-07 03:12:57 - [MESSAGE][PASSED] - Object: 'Object Repository/Final Object Repo/Page_Update Employee Information By Employee/Page_Update Employee Information By Employee (Approve)/Save  Continue in Upload Supporting Doucument Page' is clicked on

2018-12-07 03:12:57 - [TEST_STEP][PASSED] - delay: Delayed 2 second(s)

2018-12-07 03:12:59 - [MESSAGE][PASSED] - Delayed 2 second(s)

2018-12-07 03:12:59 - [TEST_STEP][PASSED] - click: Object: 'Object Repository/Final Object Repo/Page_Update Employee Information By Employee/Page_Update Employee Information By Employee (Approve)/Approve' is clicked on

2018-12-07 03:13:01 - [MESSAGE][PASSED] - Object: 'Object Repository/Final Object Repo/Page_Update Employee Information By Employee/Page_Update Employee Information By Employee (Approve)/Approve' is clicked on

2018-12-07 03:13:01 - [TEST_STEP][PASSED] - delay: Delayed 2 second(s)

2018-12-07 03:13:03 - [MESSAGE][PASSED] - Delayed 2 second(s)

2018-12-07 03:13:03 - [TEST_STEP][PASSED] - click: Object: 'Object Repository/Final Object Repo/Page_Update Employee Information By Employee/Page_Update Employee Information By Employee (Approve)/Confirm' is clicked on

2018-12-07 03:13:03 - [MESSAGE][PASSED] - Object: 'Object Repository/Final Object Repo/Page_Update Employee Information By Employee/Page_Update Employee Information By Employee (Approve)/Confirm' is clicked on

2018-12-07 03:13:03 - [TEST_STEP][PASSED] - delay: Delayed 2 second(s)

2018-12-07 03:13:05 - [MESSAGE][PASSED] - Delayed 2 second(s)

2018-12-07 03:13:05 - [TEST_STEP][PASSED] - click: Object: 'Object Repository/Final Object Repo/Page_Update Employee Information By Employee/Page_Update Employee Information By Employee (Approve)/Message Your Request    Update Emp' is clicked on

2018-12-07 03:13:09 - [MESSAGE][PASSED] - Object: 'Object Repository/Final Object Repo/Page_Update Employee Information By Employee/Page_Update Employee Information By Employee (Approve)/Message Your Request    Update Emp' is clicked on

2018-12-07 03:13:09 - [TEST_STEP][PASSED] - click: Object: 'Object Repository/Final Object Repo/Page_Update Employee Information By Employee/Page_Update Employee Information By Employee (Approve)/Letter of successful update' is clicked on

2018-12-07 03:13:10 - [MESSAGE][PASSED] - Object: 'Object Repository/Final Object Repo/Page_Update Employee Information By Employee/Page_Update Employee Information By Employee (Approve)/Letter of successful update' is clicked on

2018-12-07 03:13:10 - [MESSAGE][PASSED] - Call Test Case 'Test Cases/Final Aug 2018 - PKS Automation/Registration Module/Workflow/Update Employee Information (Employee)/Template/Update Employee Information - Special Case - UO (Approve)' successfully]]></system-out>
         <system-err><![CDATA[]]></system-err>
      </testcase>
      <testcase name="Test Cases/Final Aug 2018 - PKS Automation/Registration Module/Workflow/Update Employee Information (Employee)/PKRBO to UO (Query)" classname="Test Cases/Final Aug 2018 - PKS Automation/Registration Module/Workflow/Update Employee Information (Employee)/PKRBO to UO (Query)" status="PASSED">
         <system-out><![CDATA[2018-12-07 03:13:10 - [TEST_CASE][PASSED] - Test Cases/Final Aug 2018 - PKS Automation/Registration Module/Workflow/Update Employee Information (Employee)/PKRBO to UO (Query): Test Cases/Final Aug 2018 - PKS Automation/Registration Module/Workflow/Update Employee Information (Employee)/PKRBO to UO (Query)

2018-12-07 03:13:11 - [TEST_STEP][PASSED] - callTestCase: Call Test Case 'Test Cases/Final Aug 2018 - PKS Automation/Registration Module/Workflow/Update Employee Information (Employee)/Template/Update Employee Information - Special Case (PKRBO)' successfully

2018-12-07 03:13:11 - [TEST_CASE][PASSED] - Test Cases/Final Aug 2018 - PKS Automation/Registration Module/Workflow/Update Employee Information (Employee)/Template/Update Employee Information - Special Case (PKRBO): Test Cases/Final Aug 2018 - PKS Automation/Registration Module/Workflow/Update Employee Information (Employee)/Template/Update Employee Information - Special Case (PKRBO)

2018-12-07 03:13:11 - [TEST_STEP][PASSED] - openBrowser: Browser is opened with url: ''

2018-12-07 03:13:11 - [MESSAGE][WARNING] - A browser is already opened. Closing browser and opening a new one

2018-12-07 03:13:15 - [MESSAGE][PASSED] - Browser is opened with url: ''

2018-12-07 03:13:15 - [TEST_STEP][PASSED] - navigateToUrl: Navigate to 'https://assist2-uat.perkeso.gov.my/login' successfully

2018-12-07 03:13:16 - [MESSAGE][PASSED] - Navigate to 'https://assist2-uat.perkeso.gov.my/login' successfully

2018-12-07 03:13:16 - [TEST_STEP][PASSED] - setText: Text 'johorotc1@gmail.com' is set on object 'Object Repository/Final Object Repo/Login Page/Internal User/Email Address'

2018-12-07 03:13:17 - [MESSAGE][PASSED] - Text 'johorotc1@gmail.com' is set on object 'Object Repository/Final Object Repo/Login Page/Internal User/Email Address'

2018-12-07 03:13:17 - [TEST_STEP][PASSED] - click: Object: 'Object Repository/Final Object Repo/Login Page/Internal User/Next Button' is clicked on

2018-12-07 03:13:17 - [MESSAGE][PASSED] - Object: 'Object Repository/Final Object Repo/Login Page/Internal User/Next Button' is clicked on

2018-12-07 03:13:17 - [TEST_STEP][PASSED] - delay: Delayed 1 second(s)

2018-12-07 03:13:18 - [MESSAGE][PASSED] - Delayed 1 second(s)

2018-12-07 03:13:18 - [TEST_STEP][PASSED] - setEncryptedText: Text ****** has been set on object 'Object Repository/Final Object Repo/Login Page/Internal User/Password'

2018-12-07 03:13:18 - [MESSAGE][PASSED] - Text ****** has been set on object 'Object Repository/Final Object Repo/Login Page/Internal User/Password'

2018-12-07 03:13:18 - [TEST_STEP][PASSED] - click: Object: 'Object Repository/Final Object Repo/Login Page/Internal User/Login Button' is clicked on

2018-12-07 03:13:18 - [MESSAGE][PASSED] - Object: 'Object Repository/Final Object Repo/Login Page/Internal User/Login Button' is clicked on

2018-12-07 03:13:18 - [TEST_STEP][PASSED] - Statement - tester = com.kms.katalon.core.testobject.ObjectRepository.findTestObject(Final Object Repo/Landing Page/Select to English): Finding Test Object with id 'Object Repository/Final Object Repo/Landing Page/Select to English'

2018-12-07 03:13:18 - [TEST_STEP][PASSED] - Statement - Try: Delayed 2 second(s)

2018-12-07 03:13:18 - [TEST_STEP][PASSED] - Statement - Checker = com.kms.katalon.core.webui.keyword.WebUiBuiltInKeywords.verifyElementNotPresent(tester, 3): Web element with id: 'Object Repository/Final Object Repo/Landing Page/Select to English' located by 'By.xpath: //a[@class = 'taglib-language-list-text' and @lang = 'en-US' and (contains(text(), 'EN') or contains(., 'EN'))]' is not present after '3' second(s)

2018-12-07 03:13:20 - [MESSAGE][PASSED] - Web element with id: 'Object Repository/Final Object Repo/Landing Page/Select to English' located by 'By.xpath: //a[@class = 'taglib-language-list-text' and @lang = 'en-US' and (contains(text(), 'EN') or contains(., 'EN'))]' is not present after '3' second(s)

2018-12-07 03:13:20 - [TEST_STEP][PASSED] - Statement - If (Checker == false): null

2018-12-07 03:13:20 - [TEST_STEP][PASSED] - delay: Delayed 2 second(s)

2018-12-07 03:13:22 - [MESSAGE][PASSED] - Delayed 2 second(s)

2018-12-07 03:13:22 - [TEST_STEP][PASSED] - delay: Delayed 5 second(s)

2018-12-07 03:13:27 - [MESSAGE][PASSED] - Delayed 5 second(s)

2018-12-07 03:13:27 - [TEST_STEP][PASSED] - navigateToUrl: Navigate to 'https://assist2-uat.perkeso.gov.my/web/registration/update/update-employee-information-employee-' successfully

2018-12-07 03:13:28 - [MESSAGE][PASSED] - Navigate to 'https://assist2-uat.perkeso.gov.my/web/registration/update/update-employee-information-employee-' successfully

2018-12-07 03:13:28 - [TEST_STEP][PASSED] - click: Object: 'Object Repository/Final Object Repo/Page_Update Employee Information By Employee/Type of Identification' is clicked on

2018-12-07 03:13:28 - [MESSAGE][PASSED] - Object: 'Object Repository/Final Object Repo/Page_Update Employee Information By Employee/Type of Identification' is clicked on

2018-12-07 03:13:28 - [TEST_STEP][PASSED] - click: Object: 'Object Repository/Final Object Repo/Page Update Employee Information By Employee/Type of Identification - Name' is clicked on

2018-12-07 03:13:28 - [MESSAGE][PASSED] - Object: 'Object Repository/Final Object Repo/Page Update Employee Information By Employee/Type of Identification - Name' is clicked on

2018-12-07 03:13:28 - [TEST_STEP][PASSED] - setText: Text 'YUKI JR B' is set on object 'Object Repository/Final Object Repo/Page_Update Employee Information By Employee/New Identification'

2018-12-07 03:13:29 - [MESSAGE][PASSED] - Text 'YUKI JR B' is set on object 'Object Repository/Final Object Repo/Page_Update Employee Information By Employee/New Identification'

2018-12-07 03:13:29 - [TEST_STEP][PASSED] - click: Object: 'Object Repository/Final Object Repo/Page_Update Employee Information By Employee/Search Button' is clicked on

2018-12-07 03:13:29 - [MESSAGE][PASSED] - Object: 'Object Repository/Final Object Repo/Page_Update Employee Information By Employee/Search Button' is clicked on

2018-12-07 03:13:29 - [TEST_STEP][PASSED] - click: Object: 'Object Repository/Final Object Repo/Page_Update Employee Information By Employee/Edit Button' is clicked on

2018-12-07 03:13:33 - [MESSAGE][PASSED] - Object: 'Object Repository/Final Object Repo/Page_Update Employee Information By Employee/Edit Button' is clicked on

2018-12-07 03:13:33 - [TEST_STEP][PASSED] - delay: Delayed 2 second(s)

2018-12-07 03:13:35 - [MESSAGE][PASSED] - Delayed 2 second(s)

2018-12-07 03:13:35 - [TEST_STEP][PASSED] - click: Object: 'Object Repository/Final Object Repo/Page_Update Employee Information By Employee/Employee Information Edit Button' is clicked on

2018-12-07 03:13:35 - [MESSAGE][PASSED] - Object: 'Object Repository/Final Object Repo/Page_Update Employee Information By Employee/Employee Information Edit Button' is clicked on

2018-12-07 03:13:35 - [TEST_STEP][PASSED] - delay: Delayed 2 second(s)

2018-12-07 03:13:37 - [MESSAGE][PASSED] - Delayed 2 second(s)

2018-12-07 03:13:37 - [TEST_STEP][PASSED] - click: Object: 'Object Repository/Final Object Repo/Page_Update Employee Information By Employee/New Identification Number' is clicked on

2018-12-07 03:13:37 - [MESSAGE][PASSED] - Object: 'Object Repository/Final Object Repo/Page_Update Employee Information By Employee/New Identification Number' is clicked on

2018-12-07 03:13:37 - [TEST_STEP][PASSED] - setText: Text '' is set on object 'Object Repository/Final Object Repo/Page_Update Employee Information By Employee/New Identification Number'

2018-12-07 03:13:37 - [MESSAGE][PASSED] - Text '' is set on object 'Object Repository/Final Object Repo/Page_Update Employee Information By Employee/New Identification Number'

2018-12-07 03:13:37 - [TEST_STEP][PASSED] - Statement - rnd = new java.util.Random(): null

2018-12-07 03:13:37 - [TEST_STEP][PASSED] - Statement - snum = rnd.nextInt(899999 + 1) + 100000: null

2018-12-07 03:13:37 - [TEST_STEP][PASSED] - Statement - tnum = rnd.nextInt(899999 + 1) + 100000: null

2018-12-07 03:13:37 - [TEST_STEP][PASSED] - Statement - IC = java.lang.Integer.toString(snum) + java.lang.Integer.toString(tnum): null

2018-12-07 03:13:37 - [TEST_STEP][PASSED] - Statement - out.println(IC): null

2018-12-07 03:13:37 - [TEST_STEP][PASSED] - setText: Text '289907712459' is set on object 'Object Repository/Final Object Repo/Page_Update Employee Information By Employee/New Identification Number'

2018-12-07 03:13:37 - [MESSAGE][PASSED] - Text '289907712459' is set on object 'Object Repository/Final Object Repo/Page_Update Employee Information By Employee/New Identification Number'

2018-12-07 03:13:37 - [TEST_STEP][PASSED] - delay: Delayed 5 second(s)

2018-12-07 03:13:42 - [MESSAGE][PASSED] - Delayed 5 second(s)

2018-12-07 03:13:42 - [TEST_STEP][PASSED] - click: Object: 'Object Repository/Final Object Repo/Page_Update Employee Information By Employee/Save' is clicked on

2018-12-07 03:13:43 - [MESSAGE][PASSED] - Object: 'Object Repository/Final Object Repo/Page_Update Employee Information By Employee/Save' is clicked on

2018-12-07 03:13:43 - [TEST_STEP][PASSED] - delay: Delayed 5 second(s)

2018-12-07 03:13:48 - [MESSAGE][PASSED] - Delayed 5 second(s)

2018-12-07 03:13:48 - [TEST_STEP][PASSED] - click: Object: 'Object Repository/Final Object Repo/Page_Update Employee Information By Employee/Save  Continue in Update Employee Information' is clicked on

2018-12-07 03:13:48 - [MESSAGE][PASSED] - Object: 'Object Repository/Final Object Repo/Page_Update Employee Information By Employee/Save  Continue in Update Employee Information' is clicked on

2018-12-07 03:13:48 - [TEST_STEP][PASSED] - delay: Delayed 5 second(s)

2018-12-07 03:13:53 - [MESSAGE][PASSED] - Delayed 5 second(s)

2018-12-07 03:13:53 - [TEST_STEP][PASSED] - click: Object: 'Object Repository/Final Object Repo/Page_Update Employee Information By Employee/Save  Continue in Uploading Page' is clicked on

2018-12-07 03:13:53 - [MESSAGE][PASSED] - Object: 'Object Repository/Final Object Repo/Page_Update Employee Information By Employee/Save  Continue in Uploading Page' is clicked on

2018-12-07 03:13:53 - [TEST_STEP][PASSED] - delay: Delayed 2 second(s)

2018-12-07 03:13:55 - [MESSAGE][PASSED] - Delayed 2 second(s)

2018-12-07 03:13:55 - [TEST_STEP][PASSED] - Statement - CaseReferenceNo = com.kms.katalon.core.webui.keyword.WebUiBuiltInKeywords.getText(com.kms.katalon.core.testobject.ObjectRepository.findTestObject(Final Object Repo/Page_Update Employer Information/Reference Number in Update Employee Information Page)): Text of object 'Object Repository/Final Object Repo/Page_Update Employer Information/Reference Number in Update Employee Information Page' is: 'CUN122018C100005876'

2018-12-07 03:13:57 - [MESSAGE][PASSED] - Text of object 'Object Repository/Final Object Repo/Page_Update Employer Information/Reference Number in Update Employee Information Page' is: 'CUN122018C100005876'

2018-12-07 03:13:57 - [TEST_STEP][PASSED] - callTestCase: Call Test Case 'Test Cases/Final Aug 2018 - PKS Automation/Common/Reference Number Setter' successfully

2018-12-07 03:13:57 - [TEST_CASE][PASSED] - Test Cases/Final Aug 2018 - PKS Automation/Common/Reference Number Setter: Test Cases/Final Aug 2018 - PKS Automation/Common/Reference Number Setter

2018-12-07 03:13:57 - [TEST_STEP][PASSED] - Statement - RefNoOldFile = new java.io.File(C://Users//Admin//Desktop//PKS//Automation Reference Point//KatalonReference.txt): null

2018-12-07 03:13:57 - [TEST_STEP][PASSED] - Statement - RefNoOldFile.delete(): null

2018-12-07 03:13:57 - [TEST_STEP][PASSED] - delay: Delayed 5 second(s)

2018-12-07 03:14:02 - [MESSAGE][PASSED] - Delayed 5 second(s)

2018-12-07 03:14:02 - [TEST_STEP][PASSED] - Statement - RefNo = new java.io.File(C://Users//Admin//Desktop//PKS//Automation Reference Point//KatalonReference.txt): null

2018-12-07 03:14:02 - [TEST_STEP][PASSED] - Statement - f2 = new java.io.FileWriter(RefNo, false): null

2018-12-07 03:14:02 - [TEST_STEP][PASSED] - Statement - f2.write(CaseReferenceNo): null

2018-12-07 03:14:02 - [TEST_STEP][PASSED] - Statement - f2.close(): null

2018-12-07 03:14:02 - [TEST_STEP][PASSED] - Statement - out.println("


" + CaseReferenceNo + "


"): null

2018-12-07 03:14:02 - [MESSAGE][PASSED] - Call Test Case 'Test Cases/Final Aug 2018 - PKS Automation/Common/Reference Number Setter' successfully

2018-12-07 03:14:02 - [TEST_STEP][PASSED] - delay: Delayed 2 second(s)

2018-12-07 03:14:04 - [MESSAGE][PASSED] - Delayed 2 second(s)

2018-12-07 03:14:04 - [TEST_STEP][PASSED] - click: Object: 'Object Repository/Final Object Repo/Page_Update Employee Information By Employee/Submit' is clicked on

2018-12-07 03:14:04 - [MESSAGE][PASSED] - Object: 'Object Repository/Final Object Repo/Page_Update Employee Information By Employee/Submit' is clicked on

2018-12-07 03:14:04 - [TEST_STEP][PASSED] - delay: Delayed 2 second(s)

2018-12-07 03:14:06 - [MESSAGE][PASSED] - Delayed 2 second(s)

2018-12-07 03:14:06 - [TEST_STEP][PASSED] - click: Object: 'Object Repository/Final Object Repo/Page_Update Employee Information By Employee/Confirm Button' is clicked on

2018-12-07 03:14:06 - [MESSAGE][PASSED] - Object: 'Object Repository/Final Object Repo/Page_Update Employee Information By Employee/Confirm Button' is clicked on

2018-12-07 03:14:06 - [TEST_STEP][PASSED] - delay: Delayed 2 second(s)

2018-12-07 03:14:08 - [MESSAGE][PASSED] - Delayed 2 second(s)

2018-12-07 03:14:08 - [TEST_STEP][PASSED] - click: Object: 'Object Repository/Final Object Repo/Page_Update Employee Information By Employee/Successful Message Routed to UO' is clicked on

2018-12-07 03:14:09 - [MESSAGE][PASSED] - Object: 'Object Repository/Final Object Repo/Page_Update Employee Information By Employee/Successful Message Routed to UO' is clicked on

2018-12-07 03:14:09 - [MESSAGE][PASSED] - Call Test Case 'Test Cases/Final Aug 2018 - PKS Automation/Registration Module/Workflow/Update Employee Information (Employee)/Template/Update Employee Information - Special Case (PKRBO)' successfully

2018-12-07 03:14:09 - [TEST_STEP][PASSED] - callTestCase: Call Test Case 'Test Cases/Final Aug 2018 - PKS Automation/Registration Module/Workflow/Update Employee Information (Employee)/Template/Update Employee Information - Special Case - UO (Query)' successfully

2018-12-07 03:14:09 - [TEST_CASE][PASSED] - Test Cases/Final Aug 2018 - PKS Automation/Registration Module/Workflow/Update Employee Information (Employee)/Template/Update Employee Information - Special Case - UO (Query): Test Cases/Final Aug 2018 - PKS Automation/Registration Module/Workflow/Update Employee Information (Employee)/Template/Update Employee Information - Special Case - UO (Query)

2018-12-07 03:14:09 - [TEST_STEP][NOT_RUN] - callTestCase: NOT_RUN: callTestCase

2018-12-07 03:14:09 - [MESSAGE][NOT_RUN] - NOT_RUN: callTestCase

2018-12-07 03:14:09 - [TEST_STEP][PASSED] - delay: Delayed 2 second(s)

2018-12-07 03:14:11 - [MESSAGE][PASSED] - Delayed 2 second(s)

2018-12-07 03:14:11 - [TEST_STEP][PASSED] - navigateToUrl: Navigate to 'https://assist2-uat.perkeso.gov.my/c/portal/logout' successfully

2018-12-07 03:14:12 - [MESSAGE][PASSED] - Navigate to 'https://assist2-uat.perkeso.gov.my/c/portal/logout' successfully

2018-12-07 03:14:12 - [TEST_STEP][PASSED] - delay: Delayed 2 second(s)

2018-12-07 03:14:14 - [MESSAGE][PASSED] - Delayed 2 second(s)

2018-12-07 03:14:14 - [TEST_STEP][PASSED] - callTestCase: Call Test Case 'Test Cases/Final Aug 2018 - PKS Automation/Common/Reference Number Getter' successfully

2018-12-07 03:14:14 - [TEST_CASE][PASSED] - Test Cases/Final Aug 2018 - PKS Automation/Common/Reference Number Getter: Test Cases/Final Aug 2018 - PKS Automation/Common/Reference Number Getter

2018-12-07 03:14:14 - [TEST_STEP][PASSED] - Statement - Try: null

2018-12-07 03:14:14 - [TEST_STEP][PASSED] - Statement - RefNo = new java.io.File(C://Users//Admin//Desktop//PKS//Automation Reference Point//KatalonReference.txt): null

2018-12-07 03:14:14 - [TEST_STEP][PASSED] - Statement - bufferread = new java.io.BufferedReader(new java.io.FileReader(RefNo)): null

2018-12-07 03:14:14 - [TEST_STEP][PASSED] - Statement - readedVal = bufferread.readLine(): null

2018-12-07 03:14:14 - [TEST_STEP][PASSED] - Statement - out.println(CaseReferenceNo): null

2018-12-07 03:14:14 - [TEST_STEP][PASSED] - Statement - out.println(readedVal): null

2018-12-07 03:14:14 - [TEST_STEP][PASSED] - Statement - CaseReferenceNo = "": null

2018-12-07 03:14:14 - [TEST_STEP][PASSED] - Statement - CaseReferenceNo = readedVal: null

2018-12-07 03:14:14 - [MESSAGE][PASSED] - Call Test Case 'Test Cases/Final Aug 2018 - PKS Automation/Common/Reference Number Getter' successfully

2018-12-07 03:14:14 - [TEST_STEP][PASSED] - callTestCase: Call Test Case 'Test Cases/Final Aug 2018 - PKS Automation/Common/Workflow Owner Finder' successfully

2018-12-07 03:14:14 - [TEST_CASE][PASSED] - Test Cases/Final Aug 2018 - PKS Automation/Common/Workflow Owner Finder: Test Cases/Final Aug 2018 - PKS Automation/Common/Workflow Owner Finder

2018-12-07 03:14:14 - [TEST_STEP][PASSED] - openBrowser: Browser is opened with url: ''

2018-12-07 03:14:14 - [MESSAGE][WARNING] - A browser is already opened. Closing browser and opening a new one

2018-12-07 03:14:19 - [MESSAGE][PASSED] - Browser is opened with url: ''

2018-12-07 03:14:19 - [TEST_STEP][PASSED] - navigateToUrl: Navigate to 'https://assist2-uat.perkeso.gov.my/login' successfully

2018-12-07 03:14:20 - [MESSAGE][PASSED] - Navigate to 'https://assist2-uat.perkeso.gov.my/login' successfully

2018-12-07 03:14:20 - [TEST_STEP][PASSED] - delay: Delayed 5 second(s)

2018-12-07 03:14:25 - [MESSAGE][PASSED] - Delayed 5 second(s)

2018-12-07 03:14:25 - [TEST_STEP][PASSED] - setText: Text 'test@liferay.com' is set on object 'Object Repository/Final Object Repo/Login Page/Internal User/Email Address'

2018-12-07 03:14:25 - [MESSAGE][PASSED] - Text 'test@liferay.com' is set on object 'Object Repository/Final Object Repo/Login Page/Internal User/Email Address'

2018-12-07 03:14:25 - [TEST_STEP][PASSED] - click: Object: 'Object Repository/Final Object Repo/Login Page/Internal User/Next Button' is clicked on

2018-12-07 03:14:25 - [MESSAGE][PASSED] - Object: 'Object Repository/Final Object Repo/Login Page/Internal User/Next Button' is clicked on

2018-12-07 03:14:25 - [TEST_STEP][PASSED] - delay: Delayed 2 second(s)

2018-12-07 03:14:27 - [MESSAGE][PASSED] - Delayed 2 second(s)

2018-12-07 03:14:27 - [TEST_STEP][PASSED] - setText: Text 'test' is set on object 'Object Repository/Final Object Repo/Login Page/Internal User/Password'

2018-12-07 03:14:27 - [MESSAGE][PASSED] - Text 'test' is set on object 'Object Repository/Final Object Repo/Login Page/Internal User/Password'

2018-12-07 03:14:27 - [TEST_STEP][PASSED] - delay: Delayed 2 second(s)

2018-12-07 03:14:29 - [MESSAGE][PASSED] - Delayed 2 second(s)

2018-12-07 03:14:29 - [TEST_STEP][PASSED] - click: Object: 'Object Repository/Final Object Repo/Login Page/Internal User/Login Button' is clicked on

2018-12-07 03:14:30 - [MESSAGE][PASSED] - Object: 'Object Repository/Final Object Repo/Login Page/Internal User/Login Button' is clicked on

2018-12-07 03:14:30 - [TEST_STEP][PASSED] - Statement - tester = com.kms.katalon.core.testobject.ObjectRepository.findTestObject(Final Object Repo/Landing Page/Select to English): Finding Test Object with id 'Object Repository/Final Object Repo/Landing Page/Select to English'

2018-12-07 03:14:30 - [TEST_STEP][PASSED] - Statement - Try: Delayed 2 second(s)

2018-12-07 03:14:30 - [TEST_STEP][PASSED] - Statement - Checker = com.kms.katalon.core.webui.keyword.WebUiBuiltInKeywords.verifyElementNotPresent(tester, 3): Web element with id: 'Object Repository/Final Object Repo/Landing Page/Select to English' located by 'By.xpath: //a[@class = 'taglib-language-list-text' and @lang = 'en-US' and (contains(text(), 'EN') or contains(., 'EN'))]' is not present after '3' second(s)

2018-12-07 03:14:31 - [MESSAGE][PASSED] - Web element with id: 'Object Repository/Final Object Repo/Landing Page/Select to English' located by 'By.xpath: //a[@class = 'taglib-language-list-text' and @lang = 'en-US' and (contains(text(), 'EN') or contains(., 'EN'))]' is not present after '3' second(s)

2018-12-07 03:14:31 - [TEST_STEP][PASSED] - Statement - If (Checker == false): null

2018-12-07 03:14:31 - [TEST_STEP][PASSED] - delay: Delayed 2 second(s)

2018-12-07 03:14:33 - [MESSAGE][PASSED] - Delayed 2 second(s)

2018-12-07 03:14:33 - [TEST_STEP][PASSED] - delay: Delayed 5 second(s)

2018-12-07 03:14:38 - [MESSAGE][PASSED] - Delayed 5 second(s)

2018-12-07 03:14:38 - [TEST_STEP][PASSED] - mouseOver: Object: 'Object Repository/Final Object Repo/Landing Page/WorkFlow Menu' is hovered

2018-12-07 03:14:38 - [MESSAGE][PASSED] - Object: 'Object Repository/Final Object Repo/Landing Page/WorkFlow Menu' is hovered

2018-12-07 03:14:38 - [TEST_STEP][PASSED] - delay: Delayed 2 second(s)

2018-12-07 03:14:40 - [MESSAGE][PASSED] - Delayed 2 second(s)

2018-12-07 03:14:40 - [TEST_STEP][PASSED] - click: Object: 'Object Repository/Final Object Repo/Landing Page/Select to Workflow Listing' is clicked on

2018-12-07 03:14:42 - [MESSAGE][PASSED] - Object: 'Object Repository/Final Object Repo/Landing Page/Select to Workflow Listing' is clicked on

2018-12-07 03:14:42 - [TEST_STEP][PASSED] - delay: Delayed 2 second(s)

2018-12-07 03:14:44 - [MESSAGE][PASSED] - Delayed 2 second(s)

2018-12-07 03:14:44 - [TEST_STEP][PASSED] - click: Object: 'Object Repository/Final Object Repo/WorkFlow Listing Page/Search Information - To Put Ref No' is clicked on

2018-12-07 03:14:44 - [MESSAGE][PASSED] - Object: 'Object Repository/Final Object Repo/WorkFlow Listing Page/Search Information - To Put Ref No' is clicked on

2018-12-07 03:14:44 - [TEST_STEP][PASSED] - delay: Delayed 2 second(s)

2018-12-07 03:14:46 - [MESSAGE][PASSED] - Delayed 2 second(s)

2018-12-07 03:14:46 - [TEST_STEP][PASSED] - callTestCase: Call Test Case 'Test Cases/Final Aug 2018 - PKS Automation/Common/Reference Number Getter' successfully

2018-12-07 03:14:46 - [TEST_CASE][PASSED] - Test Cases/Final Aug 2018 - PKS Automation/Common/Reference Number Getter: Test Cases/Final Aug 2018 - PKS Automation/Common/Reference Number Getter

2018-12-07 03:14:46 - [TEST_STEP][PASSED] - Statement - Try: null

2018-12-07 03:14:46 - [TEST_STEP][PASSED] - Statement - RefNo = new java.io.File(C://Users//Admin//Desktop//PKS//Automation Reference Point//KatalonReference.txt): null

2018-12-07 03:14:46 - [TEST_STEP][PASSED] - Statement - bufferread = new java.io.BufferedReader(new java.io.FileReader(RefNo)): null

2018-12-07 03:14:46 - [TEST_STEP][PASSED] - Statement - readedVal = bufferread.readLine(): null

2018-12-07 03:14:46 - [TEST_STEP][PASSED] - Statement - out.println(CaseReferenceNo): null

2018-12-07 03:14:46 - [TEST_STEP][PASSED] - Statement - out.println(readedVal): null

2018-12-07 03:14:46 - [TEST_STEP][PASSED] - Statement - CaseReferenceNo = "": null

2018-12-07 03:14:46 - [TEST_STEP][PASSED] - Statement - CaseReferenceNo = readedVal: null

2018-12-07 03:14:46 - [MESSAGE][PASSED] - Call Test Case 'Test Cases/Final Aug 2018 - PKS Automation/Common/Reference Number Getter' successfully

2018-12-07 03:14:46 - [TEST_STEP][PASSED] - setText: Text 'CUN122018C100005876' is set on object 'Object Repository/Final Object Repo/WorkFlow Listing Page/Ref No Set Text'

2018-12-07 03:14:46 - [MESSAGE][PASSED] - Text 'CUN122018C100005876' is set on object 'Object Repository/Final Object Repo/WorkFlow Listing Page/Ref No Set Text'

2018-12-07 03:14:46 - [TEST_STEP][PASSED] - delay: Delayed 2 second(s)

2018-12-07 03:14:48 - [MESSAGE][PASSED] - Delayed 2 second(s)

2018-12-07 03:14:48 - [TEST_STEP][PASSED] - click: Object: 'Object Repository/Final Object Repo/WorkFlow Listing Page/Search Ref No Search Button' is clicked on

2018-12-07 03:14:48 - [MESSAGE][PASSED] - Object: 'Object Repository/Final Object Repo/WorkFlow Listing Page/Search Ref No Search Button' is clicked on

2018-12-07 03:14:48 - [TEST_STEP][PASSED] - delay: Delayed 6 second(s)

2018-12-07 03:14:54 - [MESSAGE][PASSED] - Delayed 6 second(s)

2018-12-07 03:14:54 - [TEST_STEP][PASSED] - click: Object: 'Object Repository/Final Object Repo/WorkFlow Listing Page/Click Continue Tooltip' is clicked on

2018-12-07 03:14:55 - [MESSAGE][PASSED] - Object: 'Object Repository/Final Object Repo/WorkFlow Listing Page/Click Continue Tooltip' is clicked on

2018-12-07 03:14:55 - [TEST_STEP][PASSED] - delay: Delayed 5 second(s)

2018-12-07 03:15:00 - [MESSAGE][PASSED] - Delayed 5 second(s)

2018-12-07 03:15:00 - [TEST_STEP][PASSED] - doubleClick: Object: 'Object Repository/Final Object Repo/WorkFlow Listing Page/Workflow Found - Listing 1' is double clicked on

2018-12-07 03:15:00 - [MESSAGE][PASSED] - Object: 'Object Repository/Final Object Repo/WorkFlow Listing Page/Workflow Found - Listing 1' is double clicked on

2018-12-07 03:15:00 - [TEST_STEP][PASSED] - Statement - println(OwnerID): null

2018-12-07 03:15:00 - [TEST_STEP][PASSED] - Statement - OwnerID = com.kms.katalon.core.webui.keyword.WebUiBuiltInKeywords.getText(com.kms.katalon.core.testobject.ObjectRepository.findTestObject(Final Object Repo/WorkFlow Listing Page/Workflow Found - Listing 1), STOP_ON_FAILURE): Text of object 'Object Repository/Final Object Repo/WorkFlow Listing Page/Workflow Found - Listing 1' is: 'JOHORuo2'

2018-12-07 03:15:00 - [MESSAGE][PASSED] - Text of object 'Object Repository/Final Object Repo/WorkFlow Listing Page/Workflow Found - Listing 1' is: 'JOHORuo2'

2018-12-07 03:15:00 - [TEST_STEP][PASSED] - Statement - OwnerID = OwnerID.toLowerCase() + "@gmail.com": null

2018-12-07 03:15:00 - [TEST_STEP][PASSED] - Statement - println(OwnerID): null

2018-12-07 03:15:00 - [TEST_STEP][PASSED] - delay: Delayed 2 second(s)

2018-12-07 03:15:02 - [MESSAGE][PASSED] - Delayed 2 second(s)

2018-12-07 03:15:02 - [MESSAGE][PASSED] - Call Test Case 'Test Cases/Final Aug 2018 - PKS Automation/Common/Workflow Owner Finder' successfully

2018-12-07 03:15:02 - [TEST_STEP][PASSED] - delay: Delayed 2 second(s)

2018-12-07 03:15:04 - [MESSAGE][PASSED] - Delayed 2 second(s)

2018-12-07 03:15:04 - [TEST_STEP][PASSED] - navigateToUrl: Navigate to 'https://assist2-uat.perkeso.gov.my/c/portal/logout' successfully

2018-12-07 03:15:05 - [MESSAGE][PASSED] - Navigate to 'https://assist2-uat.perkeso.gov.my/c/portal/logout' successfully

2018-12-07 03:15:05 - [TEST_STEP][PASSED] - delay: Delayed 2 second(s)

2018-12-07 03:15:07 - [MESSAGE][PASSED] - Delayed 2 second(s)

2018-12-07 03:15:07 - [TEST_STEP][PASSED] - callTestCase: Call Test Case 'Test Cases/Final Aug 2018 - PKS Automation/Registration Module/Workflow/Login and Search Case For Workflow' successfully

2018-12-07 03:15:07 - [TEST_CASE][PASSED] - Test Cases/Final Aug 2018 - PKS Automation/Registration Module/Workflow/Login and Search Case For Workflow: Test Cases/Final Aug 2018 - PKS Automation/Registration Module/Workflow/Login and Search Case For Workflow

2018-12-07 03:15:07 - [TEST_STEP][PASSED] - navigateToUrl: Navigate to 'https://assist2-uat.perkeso.gov.my/login' successfully

2018-12-07 03:15:08 - [MESSAGE][PASSED] - Navigate to 'https://assist2-uat.perkeso.gov.my/login' successfully

2018-12-07 03:15:08 - [TEST_STEP][PASSED] - setText: Text 'johoruo2@gmail.com' is set on object 'Object Repository/Final Object Repo/Login Page/Internal User/Email Address'

2018-12-07 03:15:08 - [MESSAGE][PASSED] - Text 'johoruo2@gmail.com' is set on object 'Object Repository/Final Object Repo/Login Page/Internal User/Email Address'

2018-12-07 03:15:08 - [TEST_STEP][PASSED] - click: Object: 'Object Repository/Final Object Repo/Login Page/Internal User/Next Button' is clicked on

2018-12-07 03:15:08 - [MESSAGE][PASSED] - Object: 'Object Repository/Final Object Repo/Login Page/Internal User/Next Button' is clicked on

2018-12-07 03:15:08 - [TEST_STEP][PASSED] - delay: Delayed 1 second(s)

2018-12-07 03:15:09 - [MESSAGE][PASSED] - Delayed 1 second(s)

2018-12-07 03:15:09 - [TEST_STEP][PASSED] - setEncryptedText: Text ****** has been set on object 'Object Repository/Final Object Repo/Login Page/Internal User/Password'

2018-12-07 03:15:10 - [MESSAGE][PASSED] - Text ****** has been set on object 'Object Repository/Final Object Repo/Login Page/Internal User/Password'

2018-12-07 03:15:10 - [TEST_STEP][PASSED] - click: Object: 'Object Repository/Final Object Repo/Login Page/Internal User/Login Button' is clicked on

2018-12-07 03:15:10 - [MESSAGE][PASSED] - Object: 'Object Repository/Final Object Repo/Login Page/Internal User/Login Button' is clicked on

2018-12-07 03:15:10 - [TEST_STEP][PASSED] - delay: Delayed 2 second(s)

2018-12-07 03:15:12 - [MESSAGE][PASSED] - Delayed 2 second(s)

2018-12-07 03:15:12 - [TEST_STEP][PASSED] - Statement - Try: Delayed 2 second(s)

2018-12-07 03:15:12 - [TEST_STEP][PASSED] - Statement - Checker = false: null

2018-12-07 03:15:12 - [TEST_STEP][PASSED] - Statement - Checker = com.kms.katalon.core.webui.keyword.WebUiBuiltInKeywords.verifyElementHasAttribute(com.kms.katalon.core.testobject.ObjectRepository.findTestObject(Final Object Repo/Landing Page/BM Detecting), "href", 20, OPTIONAL): Object 'Object Repository/Final Object Repo/Landing Page/BM Detecting' has attribute 'href'

2018-12-07 03:15:12 - [MESSAGE][PASSED] - Object 'Object Repository/Final Object Repo/Landing Page/BM Detecting' has attribute 'href'

2018-12-07 03:15:12 - [TEST_STEP][PASSED] - Statement - out.println(Checker): null

2018-12-07 03:15:12 - [TEST_STEP][PASSED] - Statement - If (Checker == false): null

2018-12-07 03:15:12 - [TEST_STEP][PASSED] - Statement - Else: null

2018-12-07 03:15:12 - [TEST_STEP][PASSED] - delay: Delayed 2 second(s)

2018-12-07 03:15:14 - [MESSAGE][PASSED] - Delayed 2 second(s)

2018-12-07 03:15:14 - [TEST_STEP][PASSED] - click: Object: 'Object Repository/Final Object Repo/Page_MyASSIST - ASSIST - Search Pending Case For Add Supporting Document/Search Information' is clicked on

2018-12-07 03:15:14 - [MESSAGE][PASSED] - Object: 'Object Repository/Final Object Repo/Page_MyASSIST - ASSIST - Search Pending Case For Add Supporting Document/Search Information' is clicked on

2018-12-07 03:15:14 - [TEST_STEP][PASSED] - delay: Delayed 3 second(s)

2018-12-07 03:15:17 - [MESSAGE][PASSED] - Delayed 3 second(s)

2018-12-07 03:15:17 - [TEST_STEP][PASSED] - sendKeys: Keys 'CUN122018C100005876' sent to object: 'Object Repository/Final Object Repo/Page_MyASSIST - ASSIST - Search Pending Case For Add Supporting Document/Reference No'

2018-12-07 03:15:17 - [MESSAGE][PASSED] - Keys 'CUN122018C100005876' sent to object: 'Object Repository/Final Object Repo/Page_MyASSIST - ASSIST - Search Pending Case For Add Supporting Document/Reference No'

2018-12-07 03:15:17 - [TEST_STEP][PASSED] - click: Object: 'Object Repository/Final Object Repo/Page_MyASSIST - ASSIST - Search Pending Case For Add Supporting Document/Search Reference No' is clicked on

2018-12-07 03:15:17 - [MESSAGE][PASSED] - Object: 'Object Repository/Final Object Repo/Page_MyASSIST - ASSIST - Search Pending Case For Add Supporting Document/Search Reference No' is clicked on

2018-12-07 03:15:17 - [TEST_STEP][PASSED] - delay: Delayed 2 second(s)

2018-12-07 03:15:19 - [MESSAGE][PASSED] - Delayed 2 second(s)

2018-12-07 03:15:19 - [TEST_STEP][PASSED] - click: Object: 'Object Repository/Final Object Repo/Page_MyASSIST - ASSIST - Search Pending Case For Add Supporting Document/Continue' is clicked on

2018-12-07 03:15:23 - [MESSAGE][PASSED] - Object: 'Object Repository/Final Object Repo/Page_MyASSIST - ASSIST - Search Pending Case For Add Supporting Document/Continue' is clicked on

2018-12-07 03:15:23 - [TEST_STEP][PASSED] - delay: Delayed 20 second(s)

2018-12-07 03:15:43 - [MESSAGE][PASSED] - Delayed 20 second(s)

2018-12-07 03:15:43 - [MESSAGE][PASSED] - Call Test Case 'Test Cases/Final Aug 2018 - PKS Automation/Registration Module/Workflow/Login and Search Case For Workflow' successfully

2018-12-07 03:15:43 - [TEST_STEP][PASSED] - click: Object: 'Object Repository/Final Object Repo/Page_Update Employee Information By Employee/Page_Update Employee Information By Employee (Approve)/Continue' is clicked on

2018-12-07 03:15:46 - [MESSAGE][PASSED] - Object: 'Object Repository/Final Object Repo/Page_Update Employee Information By Employee/Page_Update Employee Information By Employee (Approve)/Continue' is clicked on

2018-12-07 03:15:46 - [TEST_STEP][PASSED] - delay: Delayed 2 second(s)

2018-12-07 03:15:48 - [MESSAGE][PASSED] - Delayed 2 second(s)

2018-12-07 03:15:48 - [TEST_STEP][PASSED] - click: Object: 'Object Repository/Final Object Repo/Page_Update Employee Information By Employer/Page_Update Employee Information by Employer (Approve)/Save  Continue in Update Employee Information Page' is clicked on

2018-12-07 03:15:48 - [MESSAGE][PASSED] - Object: 'Object Repository/Final Object Repo/Page_Update Employee Information By Employer/Page_Update Employee Information by Employer (Approve)/Save  Continue in Update Employee Information Page' is clicked on

2018-12-07 03:15:48 - [TEST_STEP][PASSED] - delay: Delayed 2 second(s)

2018-12-07 03:15:50 - [MESSAGE][PASSED] - Delayed 2 second(s)

2018-12-07 03:15:50 - [TEST_STEP][PASSED] - setText: Text 'remark' is set on object 'Object Repository/Final Object Repo/Page_Update Employee Information By Employee/Page_Update Employee Information By Employee (Query)/Query - remark'

2018-12-07 03:15:51 - [MESSAGE][PASSED] - Text 'remark' is set on object 'Object Repository/Final Object Repo/Page_Update Employee Information By Employee/Page_Update Employee Information By Employee (Query)/Query - remark'

2018-12-07 03:15:51 - [TEST_STEP][PASSED] - click: Object: 'Object Repository/Final Object Repo/Page_Update Employee Information By Employer/Page_Update Employee Information by Employer (Approve)/Save  Continue in Upload Supporting Doucument Page' is clicked on

2018-12-07 03:15:51 - [MESSAGE][PASSED] - Object: 'Object Repository/Final Object Repo/Page_Update Employee Information By Employer/Page_Update Employee Information by Employer (Approve)/Save  Continue in Upload Supporting Doucument Page' is clicked on

2018-12-07 03:15:51 - [TEST_STEP][PASSED] - delay: Delayed 2 second(s)

2018-12-07 03:15:53 - [MESSAGE][PASSED] - Delayed 2 second(s)

2018-12-07 03:15:53 - [TEST_STEP][PASSED] - click: Object: 'Object Repository/Final Object Repo/Page_Update Employee Information By Employee/Page_Update Employee Information By Employee (Query)/Query' is clicked on

2018-12-07 03:15:55 - [MESSAGE][PASSED] - Object: 'Object Repository/Final Object Repo/Page_Update Employee Information By Employee/Page_Update Employee Information By Employee (Query)/Query' is clicked on

2018-12-07 03:15:55 - [TEST_STEP][PASSED] - delay: Delayed 2 second(s)

2018-12-07 03:15:57 - [MESSAGE][PASSED] - Delayed 2 second(s)

2018-12-07 03:15:57 - [TEST_STEP][PASSED] - click: Object: 'Object Repository/Final Object Repo/Page_Update Employee Information By Employee/Page_Update Employee Information By Employee (Query)/Confirm' is clicked on

2018-12-07 03:15:57 - [MESSAGE][PASSED] - Object: 'Object Repository/Final Object Repo/Page_Update Employee Information By Employee/Page_Update Employee Information By Employee (Query)/Confirm' is clicked on

2018-12-07 03:15:57 - [TEST_STEP][PASSED] - delay: Delayed 2 second(s)

2018-12-07 03:15:59 - [MESSAGE][PASSED] - Delayed 2 second(s)

2018-12-07 03:15:59 - [TEST_STEP][PASSED] - click: Object: 'Object Repository/Final Object Repo/Page_Update Employee Information By Employee/Page_Update Employee Information By Employee (Query)/Message The Case Is Under Query' is clicked on

2018-12-07 03:16:03 - [MESSAGE][PASSED] - Object: 'Object Repository/Final Object Repo/Page_Update Employee Information By Employee/Page_Update Employee Information By Employee (Query)/Message The Case Is Under Query' is clicked on

2018-12-07 03:16:03 - [TEST_STEP][PASSED] - click: Object: 'Object Repository/Final Object Repo/Page_Update Employee Information By Employee/Page_Update Employee Information By Employee (Query)/Letter of inquiry' is clicked on

2018-12-07 03:16:03 - [MESSAGE][PASSED] - Object: 'Object Repository/Final Object Repo/Page_Update Employee Information By Employee/Page_Update Employee Information By Employee (Query)/Letter of inquiry' is clicked on

2018-12-07 03:16:03 - [TEST_STEP][PASSED] - delay: Delayed 1 second(s)

2018-12-07 03:16:04 - [MESSAGE][PASSED] - Delayed 1 second(s)

2018-12-07 03:16:04 - [TEST_STEP][PASSED] - navigateToUrl: Navigate to 'https://assist2-uat.perkeso.gov.my/c/portal/logout' successfully

2018-12-07 03:16:05 - [MESSAGE][PASSED] - Navigate to 'https://assist2-uat.perkeso.gov.my/c/portal/logout' successfully

2018-12-07 03:16:05 - [TEST_STEP][PASSED] - delay: Delayed 1 second(s)

2018-12-07 03:16:06 - [MESSAGE][PASSED] - Delayed 1 second(s)

2018-12-07 03:16:06 - [TEST_STEP][PASSED] - callTestCase: Call Test Case 'Test Cases/Final Aug 2018 - PKS Automation/Registration Module/Workflow/Search Pending Case For Add Supporting Document (OTC)' successfully

2018-12-07 03:16:06 - [TEST_CASE][PASSED] - Test Cases/Final Aug 2018 - PKS Automation/Registration Module/Workflow/Search Pending Case For Add Supporting Document (OTC): Test Cases/Final Aug 2018 - PKS Automation/Registration Module/Workflow/Search Pending Case For Add Supporting Document (OTC)

2018-12-07 03:16:06 - [TEST_STEP][PASSED] - openBrowser: Browser is opened with url: ''

2018-12-07 03:16:06 - [MESSAGE][WARNING] - A browser is already opened. Closing browser and opening a new one

2018-12-07 03:16:10 - [MESSAGE][PASSED] - Browser is opened with url: ''

2018-12-07 03:16:10 - [TEST_STEP][PASSED] - navigateToUrl: Navigate to 'https://assist2-uat.perkeso.gov.my/login' successfully

2018-12-07 03:16:11 - [MESSAGE][PASSED] - Navigate to 'https://assist2-uat.perkeso.gov.my/login' successfully

2018-12-07 03:16:11 - [TEST_STEP][PASSED] - setText: Text 'johorotc1@gmail.com' is set on object 'Object Repository/Final Object Repo/Login Page/Internal User/Email Address'

2018-12-07 03:16:11 - [MESSAGE][PASSED] - Text 'johorotc1@gmail.com' is set on object 'Object Repository/Final Object Repo/Login Page/Internal User/Email Address'

2018-12-07 03:16:11 - [TEST_STEP][PASSED] - click: Object: 'Object Repository/Final Object Repo/Login Page/Internal User/Next Button' is clicked on

2018-12-07 03:16:11 - [MESSAGE][PASSED] - Object: 'Object Repository/Final Object Repo/Login Page/Internal User/Next Button' is clicked on

2018-12-07 03:16:11 - [TEST_STEP][PASSED] - delay: Delayed 1 second(s)

2018-12-07 03:16:12 - [MESSAGE][PASSED] - Delayed 1 second(s)

2018-12-07 03:16:12 - [TEST_STEP][PASSED] - setEncryptedText: Text ****** has been set on object 'Object Repository/Final Object Repo/Login Page/Internal User/Password'

2018-12-07 03:16:13 - [MESSAGE][PASSED] - Text ****** has been set on object 'Object Repository/Final Object Repo/Login Page/Internal User/Password'

2018-12-07 03:16:13 - [TEST_STEP][PASSED] - click: Object: 'Object Repository/Final Object Repo/Login Page/Internal User/Login Button' is clicked on

2018-12-07 03:16:13 - [MESSAGE][PASSED] - Object: 'Object Repository/Final Object Repo/Login Page/Internal User/Login Button' is clicked on

2018-12-07 03:16:13 - [TEST_STEP][PASSED] - delay: Delayed 1 second(s)

2018-12-07 03:16:14 - [MESSAGE][PASSED] - Delayed 1 second(s)

2018-12-07 03:16:14 - [TEST_STEP][PASSED] - Statement - Try: Delayed 2 second(s)

2018-12-07 03:16:14 - [TEST_STEP][PASSED] - Statement - Checker = false: null

2018-12-07 03:16:14 - [TEST_STEP][PASSED] - Statement - Checker = com.kms.katalon.core.webui.keyword.WebUiBuiltInKeywords.verifyElementHasAttribute(com.kms.katalon.core.testobject.ObjectRepository.findTestObject(Final Object Repo/Landing Page/BM Detecting), "href", 20, OPTIONAL): Object 'Object Repository/Final Object Repo/Landing Page/BM Detecting' has attribute 'href'

2018-12-07 03:16:15 - [MESSAGE][PASSED] - Object 'Object Repository/Final Object Repo/Landing Page/BM Detecting' has attribute 'href'

2018-12-07 03:16:15 - [TEST_STEP][PASSED] - Statement - out.println(Checker): null

2018-12-07 03:16:15 - [TEST_STEP][PASSED] - Statement - If (Checker == false): null

2018-12-07 03:16:15 - [TEST_STEP][PASSED] - Statement - Else: null

2018-12-07 03:16:15 - [TEST_STEP][PASSED] - delay: Delayed 2 second(s)

2018-12-07 03:16:17 - [MESSAGE][PASSED] - Delayed 2 second(s)

2018-12-07 03:16:17 - [TEST_STEP][PASSED] - navigateToUrl: Navigate to 'https://assist2-uat.perkeso.gov.my/web/registration/search/search-pending-case-for-add-supporting-document' successfully

2018-12-07 03:16:18 - [MESSAGE][PASSED] - Navigate to 'https://assist2-uat.perkeso.gov.my/web/registration/search/search-pending-case-for-add-supporting-document' successfully

2018-12-07 03:16:18 - [TEST_STEP][PASSED] - click: Object: 'Object Repository/Final Object Repo/Page_Search Pending Case For Add Suporting Document/Search By' is clicked on

2018-12-07 03:16:18 - [MESSAGE][PASSED] - Object: 'Object Repository/Final Object Repo/Page_Search Pending Case For Add Suporting Document/Search By' is clicked on

2018-12-07 03:16:18 - [TEST_STEP][PASSED] - click: Object: 'Object Repository/Final Object Repo/Page_Search Pending Case For Add Suporting Document/Search By - Reference ID' is clicked on

2018-12-07 03:16:18 - [MESSAGE][PASSED] - Object: 'Object Repository/Final Object Repo/Page_Search Pending Case For Add Suporting Document/Search By - Reference ID' is clicked on

2018-12-07 03:16:18 - [TEST_STEP][PASSED] - delay: Delayed 2 second(s)

2018-12-07 03:16:20 - [MESSAGE][PASSED] - Delayed 2 second(s)

2018-12-07 03:16:20 - [TEST_STEP][PASSED] - setText: Text 'CUN122018C100005876' is set on object 'Object Repository/Final Object Repo/Page_Search Pending Case For Add Suporting Document/Reference ID'

2018-12-07 03:16:20 - [MESSAGE][PASSED] - Text 'CUN122018C100005876' is set on object 'Object Repository/Final Object Repo/Page_Search Pending Case For Add Suporting Document/Reference ID'

2018-12-07 03:16:20 - [TEST_STEP][PASSED] - click: Object: 'Object Repository/Final Object Repo/Page_Search Pending Case For Add Suporting Document/Search' is clicked on

2018-12-07 03:16:20 - [MESSAGE][PASSED] - Object: 'Object Repository/Final Object Repo/Page_Search Pending Case For Add Suporting Document/Search' is clicked on

2018-12-07 03:16:20 - [TEST_STEP][PASSED] - delay: Delayed 2 second(s)

2018-12-07 03:16:22 - [MESSAGE][PASSED] - Delayed 2 second(s)

2018-12-07 03:16:22 - [TEST_STEP][PASSED] - click: Object: 'Object Repository/Final Object Repo/Page_Search Pending Case For Add Suporting Document/Edit' is clicked on

2018-12-07 03:16:25 - [MESSAGE][PASSED] - Object: 'Object Repository/Final Object Repo/Page_Search Pending Case For Add Suporting Document/Edit' is clicked on

2018-12-07 03:16:25 - [MESSAGE][PASSED] - Call Test Case 'Test Cases/Final Aug 2018 - PKS Automation/Registration Module/Workflow/Search Pending Case For Add Supporting Document (OTC)' successfully

2018-12-07 03:16:25 - [TEST_STEP][PASSED] - click: Object: 'Object Repository/Final Object Repo/Page_Update Employee Information By Employee/Page_Update Employee Information by Employee (Query -OTC -UO)/Next' is clicked on

2018-12-07 03:16:28 - [MESSAGE][PASSED] - Object: 'Object Repository/Final Object Repo/Page_Update Employee Information By Employee/Page_Update Employee Information by Employee (Query -OTC -UO)/Next' is clicked on

2018-12-07 03:16:28 - [TEST_STEP][PASSED] - delay: Delayed 2 second(s)

2018-12-07 03:16:30 - [MESSAGE][PASSED] - Delayed 2 second(s)

2018-12-07 03:16:30 - [TEST_STEP][PASSED] - click: Object: 'Object Repository/Final Object Repo/Page_Update Employee Information By Employee/Page_Update Employee Information by Employee (Query -OTC -UO)/Add Document' is clicked on

2018-12-07 03:16:31 - [MESSAGE][PASSED] - Object: 'Object Repository/Final Object Repo/Page_Update Employee Information By Employee/Page_Update Employee Information by Employee (Query -OTC -UO)/Add Document' is clicked on

2018-12-07 03:16:31 - [TEST_STEP][PASSED] - delay: Delayed 2 second(s)

2018-12-07 03:16:33 - [MESSAGE][PASSED] - Delayed 2 second(s)

2018-12-07 03:16:33 - [TEST_STEP][PASSED] - click: Object: 'Object Repository/Final Object Repo/Page_Update Employee Information By Employee/Page_Update Employee Information by Employee (Query -OTC -UO)/Document Type' is clicked on

2018-12-07 03:16:33 - [MESSAGE][PASSED] - Object: 'Object Repository/Final Object Repo/Page_Update Employee Information By Employee/Page_Update Employee Information by Employee (Query -OTC -UO)/Document Type' is clicked on

2018-12-07 03:16:33 - [TEST_STEP][PASSED] - delay: Delayed 2 second(s)

2018-12-07 03:16:35 - [MESSAGE][PASSED] - Delayed 2 second(s)

2018-12-07 03:16:35 - [TEST_STEP][PASSED] - click: Object: 'Object Repository/Final Object Repo/Page_Update Employee Information By Employee/Page_Update Employee Information by Employee (Query -OTC -UO)/Document Type - Other' is clicked on

2018-12-07 03:16:35 - [MESSAGE][PASSED] - Object: 'Object Repository/Final Object Repo/Page_Update Employee Information By Employee/Page_Update Employee Information by Employee (Query -OTC -UO)/Document Type - Other' is clicked on

2018-12-07 03:16:35 - [TEST_STEP][PASSED] - delay: Delayed 2 second(s)

2018-12-07 03:16:37 - [MESSAGE][PASSED] - Delayed 2 second(s)

2018-12-07 03:16:37 - [TEST_STEP][PASSED] - sendKeys: Keys 'C:\Users\Public\Pictures\Sample Pictures\Koala.jpg' sent to object: 'Object Repository/Final Object Repo/Page_Update Employee Information By Employee/Page_Update Employee Information by Employee (Query -OTC -UO)/Uploading File'

2018-12-07 03:16:38 - [MESSAGE][PASSED] - Keys 'C:\Users\Public\Pictures\Sample Pictures\Koala.jpg' sent to object: 'Object Repository/Final Object Repo/Page_Update Employee Information By Employee/Page_Update Employee Information by Employee (Query -OTC -UO)/Uploading File'

2018-12-07 03:16:38 - [TEST_STEP][PASSED] - delay: Delayed 2 second(s)

2018-12-07 03:16:40 - [MESSAGE][PASSED] - Delayed 2 second(s)

2018-12-07 03:16:40 - [TEST_STEP][PASSED] - click: Object: 'Object Repository/Final Object Repo/Page_Update Employee Information By Employee/Page_Update Employee Information by Employee (Query -OTC -UO)/Add Document in Uploading Page' is clicked on

2018-12-07 03:16:40 - [MESSAGE][PASSED] - Object: 'Object Repository/Final Object Repo/Page_Update Employee Information By Employee/Page_Update Employee Information by Employee (Query -OTC -UO)/Add Document in Uploading Page' is clicked on

2018-12-07 03:16:40 - [TEST_STEP][PASSED] - delay: Delayed 2 second(s)

2018-12-07 03:16:42 - [MESSAGE][PASSED] - Delayed 2 second(s)

2018-12-07 03:16:42 - [TEST_STEP][PASSED] - click: Object: 'Object Repository/Final Object Repo/Page_Update Employee Information By Employee/Page_Update Employee Information by Employee (Query -OTC -UO)/Exit' is clicked on

2018-12-07 03:16:44 - [MESSAGE][PASSED] - Object: 'Object Repository/Final Object Repo/Page_Update Employee Information By Employee/Page_Update Employee Information by Employee (Query -OTC -UO)/Exit' is clicked on

2018-12-07 03:16:44 - [TEST_STEP][PASSED] - delay: Delayed 1 second(s)

2018-12-07 03:16:45 - [MESSAGE][PASSED] - Delayed 1 second(s)

2018-12-07 03:16:45 - [TEST_STEP][PASSED] - navigateToUrl: Navigate to 'https://assist2-uat.perkeso.gov.my/c/portal/logout' successfully

2018-12-07 03:16:46 - [MESSAGE][PASSED] - Navigate to 'https://assist2-uat.perkeso.gov.my/c/portal/logout' successfully

2018-12-07 03:16:46 - [TEST_STEP][PASSED] - delay: Delayed 1 second(s)

2018-12-07 03:16:47 - [MESSAGE][PASSED] - Delayed 1 second(s)

2018-12-07 03:16:47 - [TEST_STEP][PASSED] - callTestCase: Call Test Case 'Test Cases/Final Aug 2018 - PKS Automation/Registration Module/Workflow/Login and Search Case For Workflow' successfully

2018-12-07 03:16:47 - [TEST_CASE][PASSED] - Test Cases/Final Aug 2018 - PKS Automation/Registration Module/Workflow/Login and Search Case For Workflow: Test Cases/Final Aug 2018 - PKS Automation/Registration Module/Workflow/Login and Search Case For Workflow

2018-12-07 03:16:47 - [TEST_STEP][PASSED] - navigateToUrl: Navigate to 'https://assist2-uat.perkeso.gov.my/login' successfully

2018-12-07 03:16:48 - [MESSAGE][PASSED] - Navigate to 'https://assist2-uat.perkeso.gov.my/login' successfully

2018-12-07 03:16:48 - [TEST_STEP][PASSED] - setText: Text 'johoruo2@gmail.com' is set on object 'Object Repository/Final Object Repo/Login Page/Internal User/Email Address'

2018-12-07 03:16:48 - [MESSAGE][PASSED] - Text 'johoruo2@gmail.com' is set on object 'Object Repository/Final Object Repo/Login Page/Internal User/Email Address'

2018-12-07 03:16:48 - [TEST_STEP][PASSED] - click: Object: 'Object Repository/Final Object Repo/Login Page/Internal User/Next Button' is clicked on

2018-12-07 03:16:48 - [MESSAGE][PASSED] - Object: 'Object Repository/Final Object Repo/Login Page/Internal User/Next Button' is clicked on

2018-12-07 03:16:48 - [TEST_STEP][PASSED] - delay: Delayed 1 second(s)

2018-12-07 03:16:49 - [MESSAGE][PASSED] - Delayed 1 second(s)

2018-12-07 03:16:49 - [TEST_STEP][PASSED] - setEncryptedText: Text ****** has been set on object 'Object Repository/Final Object Repo/Login Page/Internal User/Password'

2018-12-07 03:16:49 - [MESSAGE][PASSED] - Text ****** has been set on object 'Object Repository/Final Object Repo/Login Page/Internal User/Password'

2018-12-07 03:16:49 - [TEST_STEP][PASSED] - click: Object: 'Object Repository/Final Object Repo/Login Page/Internal User/Login Button' is clicked on

2018-12-07 03:16:50 - [MESSAGE][PASSED] - Object: 'Object Repository/Final Object Repo/Login Page/Internal User/Login Button' is clicked on

2018-12-07 03:16:50 - [TEST_STEP][PASSED] - delay: Delayed 2 second(s)

2018-12-07 03:16:52 - [MESSAGE][PASSED] - Delayed 2 second(s)

2018-12-07 03:16:52 - [TEST_STEP][PASSED] - Statement - Try: Delayed 2 second(s)

2018-12-07 03:16:52 - [TEST_STEP][PASSED] - Statement - Checker = false: null

2018-12-07 03:16:52 - [TEST_STEP][PASSED] - Statement - Checker = com.kms.katalon.core.webui.keyword.WebUiBuiltInKeywords.verifyElementHasAttribute(com.kms.katalon.core.testobject.ObjectRepository.findTestObject(Final Object Repo/Landing Page/BM Detecting), "href", 20, OPTIONAL): Object 'Object Repository/Final Object Repo/Landing Page/BM Detecting' has attribute 'href'

2018-12-07 03:16:52 - [MESSAGE][PASSED] - Object 'Object Repository/Final Object Repo/Landing Page/BM Detecting' has attribute 'href'

2018-12-07 03:16:52 - [TEST_STEP][PASSED] - Statement - out.println(Checker): null

2018-12-07 03:16:52 - [TEST_STEP][PASSED] - Statement - If (Checker == false): null

2018-12-07 03:16:52 - [TEST_STEP][PASSED] - Statement - Else: null

2018-12-07 03:16:52 - [TEST_STEP][PASSED] - delay: Delayed 2 second(s)

2018-12-07 03:16:54 - [MESSAGE][PASSED] - Delayed 2 second(s)

2018-12-07 03:16:54 - [TEST_STEP][PASSED] - click: Object: 'Object Repository/Final Object Repo/Page_MyASSIST - ASSIST - Search Pending Case For Add Supporting Document/Search Information' is clicked on

2018-12-07 03:16:54 - [MESSAGE][PASSED] - Object: 'Object Repository/Final Object Repo/Page_MyASSIST - ASSIST - Search Pending Case For Add Supporting Document/Search Information' is clicked on

2018-12-07 03:16:54 - [TEST_STEP][PASSED] - delay: Delayed 3 second(s)

2018-12-07 03:16:57 - [MESSAGE][PASSED] - Delayed 3 second(s)

2018-12-07 03:16:57 - [TEST_STEP][PASSED] - sendKeys: Keys 'CUN122018C100005876' sent to object: 'Object Repository/Final Object Repo/Page_MyASSIST - ASSIST - Search Pending Case For Add Supporting Document/Reference No'

2018-12-07 03:16:57 - [MESSAGE][PASSED] - Keys 'CUN122018C100005876' sent to object: 'Object Repository/Final Object Repo/Page_MyASSIST - ASSIST - Search Pending Case For Add Supporting Document/Reference No'

2018-12-07 03:16:57 - [TEST_STEP][PASSED] - click: Object: 'Object Repository/Final Object Repo/Page_MyASSIST - ASSIST - Search Pending Case For Add Supporting Document/Search Reference No' is clicked on

2018-12-07 03:16:57 - [MESSAGE][PASSED] - Object: 'Object Repository/Final Object Repo/Page_MyASSIST - ASSIST - Search Pending Case For Add Supporting Document/Search Reference No' is clicked on

2018-12-07 03:16:57 - [TEST_STEP][PASSED] - delay: Delayed 2 second(s)

2018-12-07 03:16:59 - [MESSAGE][PASSED] - Delayed 2 second(s)

2018-12-07 03:16:59 - [TEST_STEP][PASSED] - click: Object: 'Object Repository/Final Object Repo/Page_MyASSIST - ASSIST - Search Pending Case For Add Supporting Document/Continue' is clicked on

2018-12-07 03:17:03 - [MESSAGE][PASSED] - Object: 'Object Repository/Final Object Repo/Page_MyASSIST - ASSIST - Search Pending Case For Add Supporting Document/Continue' is clicked on

2018-12-07 03:17:03 - [TEST_STEP][PASSED] - delay: Delayed 20 second(s)

2018-12-07 03:17:23 - [MESSAGE][PASSED] - Delayed 20 second(s)

2018-12-07 03:17:23 - [MESSAGE][PASSED] - Call Test Case 'Test Cases/Final Aug 2018 - PKS Automation/Registration Module/Workflow/Login and Search Case For Workflow' successfully

2018-12-07 03:17:23 - [TEST_STEP][PASSED] - click: Object: 'Object Repository/Final Object Repo/Page_Update Employee Information By Employer/Page_Update Employee Information by Employer (Approve)/Continue' is clicked on

2018-12-07 03:17:26 - [MESSAGE][PASSED] - Object: 'Object Repository/Final Object Repo/Page_Update Employee Information By Employer/Page_Update Employee Information by Employer (Approve)/Continue' is clicked on

2018-12-07 03:17:26 - [TEST_STEP][PASSED] - delay: Delayed 2 second(s)

2018-12-07 03:17:28 - [MESSAGE][PASSED] - Delayed 2 second(s)

2018-12-07 03:17:28 - [TEST_STEP][PASSED] - click: Object: 'Object Repository/Final Object Repo/Page_Update Employee Information By Employer/Page_Update Employee Information by Employer (Approve)/Save  Continue in Update Employee Information Page' is clicked on

2018-12-07 03:17:28 - [MESSAGE][PASSED] - Object: 'Object Repository/Final Object Repo/Page_Update Employee Information By Employer/Page_Update Employee Information by Employer (Approve)/Save  Continue in Update Employee Information Page' is clicked on

2018-12-07 03:17:28 - [TEST_STEP][PASSED] - delay: Delayed 2 second(s)

2018-12-07 03:17:30 - [MESSAGE][PASSED] - Delayed 2 second(s)

2018-12-07 03:17:30 - [TEST_STEP][PASSED] - click: Object: 'Object Repository/Final Object Repo/Page_Update Employee Information By Employer/Page_Update Employee Information by Employer (Approve)/Save  Continue in Upload Supporting Doucument Page' is clicked on

2018-12-07 03:17:32 - [MESSAGE][PASSED] - Object: 'Object Repository/Final Object Repo/Page_Update Employee Information By Employer/Page_Update Employee Information by Employer (Approve)/Save  Continue in Upload Supporting Doucument Page' is clicked on

2018-12-07 03:17:32 - [TEST_STEP][PASSED] - delay: Delayed 2 second(s)

2018-12-07 03:17:34 - [MESSAGE][PASSED] - Delayed 2 second(s)

2018-12-07 03:17:34 - [TEST_STEP][PASSED] - click: Object: 'Object Repository/Final Object Repo/Page_Update Employee Information By Employer/Page_Update Employee Information by Employer (Approve)/Approve' is clicked on

2018-12-07 03:17:35 - [MESSAGE][PASSED] - Object: 'Object Repository/Final Object Repo/Page_Update Employee Information By Employer/Page_Update Employee Information by Employer (Approve)/Approve' is clicked on

2018-12-07 03:17:35 - [TEST_STEP][PASSED] - delay: Delayed 2 second(s)

2018-12-07 03:17:37 - [MESSAGE][PASSED] - Delayed 2 second(s)

2018-12-07 03:17:37 - [TEST_STEP][PASSED] - click: Object: 'Object Repository/Final Object Repo/Page_Update Employee Information By Employer/Page_Update Employee Information by Employer (Approve)/Confirm' is clicked on

2018-12-07 03:17:38 - [MESSAGE][PASSED] - Object: 'Object Repository/Final Object Repo/Page_Update Employee Information By Employer/Page_Update Employee Information by Employer (Approve)/Confirm' is clicked on

2018-12-07 03:17:38 - [TEST_STEP][PASSED] - delay: Delayed 2 second(s)

2018-12-07 03:17:40 - [MESSAGE][PASSED] - Delayed 2 second(s)

2018-12-07 03:17:40 - [TEST_STEP][PASSED] - click: Object: 'Object Repository/Final Object Repo/Page_Update Employee Information By Employee/Page_Update Employee Information By Employee (Approve)/Message Your Request    Update Emp' is clicked on

2018-12-07 03:17:53 - [MESSAGE][PASSED] - Object: 'Object Repository/Final Object Repo/Page_Update Employee Information By Employee/Page_Update Employee Information By Employee (Approve)/Message Your Request    Update Emp' is clicked on

2018-12-07 03:17:53 - [TEST_STEP][PASSED] - click: Object: 'Object Repository/Final Object Repo/Page_Update Employee Information By Employee/Page_Update Employee Information By Employee (Approve)/Letter of successful update' is clicked on

2018-12-07 03:17:54 - [MESSAGE][PASSED] - Object: 'Object Repository/Final Object Repo/Page_Update Employee Information By Employee/Page_Update Employee Information By Employee (Approve)/Letter of successful update' is clicked on

2018-12-07 03:17:54 - [MESSAGE][PASSED] - Call Test Case 'Test Cases/Final Aug 2018 - PKS Automation/Registration Module/Workflow/Update Employee Information (Employee)/Template/Update Employee Information - Special Case - UO (Query)' successfully]]></system-out>
         <system-err><![CDATA[]]></system-err>
      </testcase>
      <testcase name="Test Cases/Final Aug 2018 - PKS Automation/Registration Module/Workflow/Update Employee Information (Employee)/PKRBO to UO (Reject)" classname="Test Cases/Final Aug 2018 - PKS Automation/Registration Module/Workflow/Update Employee Information (Employee)/PKRBO to UO (Reject)" status="PASSED">
         <system-out><![CDATA[2018-12-07 03:17:54 - [TEST_CASE][PASSED] - Test Cases/Final Aug 2018 - PKS Automation/Registration Module/Workflow/Update Employee Information (Employee)/PKRBO to UO (Reject): Test Cases/Final Aug 2018 - PKS Automation/Registration Module/Workflow/Update Employee Information (Employee)/PKRBO to UO (Reject)

2018-12-07 03:17:55 - [TEST_STEP][PASSED] - callTestCase: Call Test Case 'Test Cases/Final Aug 2018 - PKS Automation/Registration Module/Workflow/Update Employee Information (Employee)/Template/Update Employee Information - Special Case (PKRBO)' successfully

2018-12-07 03:17:55 - [TEST_CASE][PASSED] - Test Cases/Final Aug 2018 - PKS Automation/Registration Module/Workflow/Update Employee Information (Employee)/Template/Update Employee Information - Special Case (PKRBO): Test Cases/Final Aug 2018 - PKS Automation/Registration Module/Workflow/Update Employee Information (Employee)/Template/Update Employee Information - Special Case (PKRBO)

2018-12-07 03:17:55 - [TEST_STEP][PASSED] - openBrowser: Browser is opened with url: ''

2018-12-07 03:17:55 - [MESSAGE][WARNING] - A browser is already opened. Closing browser and opening a new one

2018-12-07 03:17:59 - [MESSAGE][PASSED] - Browser is opened with url: ''

2018-12-07 03:17:59 - [TEST_STEP][PASSED] - navigateToUrl: Navigate to 'https://assist2-uat.perkeso.gov.my/login' successfully

2018-12-07 03:18:00 - [MESSAGE][PASSED] - Navigate to 'https://assist2-uat.perkeso.gov.my/login' successfully

2018-12-07 03:18:00 - [TEST_STEP][PASSED] - setText: Text 'johorotc1@gmail.com' is set on object 'Object Repository/Final Object Repo/Login Page/Internal User/Email Address'

2018-12-07 03:18:00 - [MESSAGE][PASSED] - Text 'johorotc1@gmail.com' is set on object 'Object Repository/Final Object Repo/Login Page/Internal User/Email Address'

2018-12-07 03:18:00 - [TEST_STEP][PASSED] - click: Object: 'Object Repository/Final Object Repo/Login Page/Internal User/Next Button' is clicked on

2018-12-07 03:18:01 - [MESSAGE][PASSED] - Object: 'Object Repository/Final Object Repo/Login Page/Internal User/Next Button' is clicked on

2018-12-07 03:18:01 - [TEST_STEP][PASSED] - delay: Delayed 1 second(s)

2018-12-07 03:18:02 - [MESSAGE][PASSED] - Delayed 1 second(s)

2018-12-07 03:18:02 - [TEST_STEP][PASSED] - setEncryptedText: Text ****** has been set on object 'Object Repository/Final Object Repo/Login Page/Internal User/Password'

2018-12-07 03:18:02 - [MESSAGE][PASSED] - Text ****** has been set on object 'Object Repository/Final Object Repo/Login Page/Internal User/Password'

2018-12-07 03:18:02 - [TEST_STEP][PASSED] - click: Object: 'Object Repository/Final Object Repo/Login Page/Internal User/Login Button' is clicked on

2018-12-07 03:18:02 - [MESSAGE][PASSED] - Object: 'Object Repository/Final Object Repo/Login Page/Internal User/Login Button' is clicked on

2018-12-07 03:18:02 - [TEST_STEP][PASSED] - Statement - tester = com.kms.katalon.core.testobject.ObjectRepository.findTestObject(Final Object Repo/Landing Page/Select to English): Finding Test Object with id 'Object Repository/Final Object Repo/Landing Page/Select to English'

2018-12-07 03:18:02 - [TEST_STEP][PASSED] - Statement - Try: Delayed 2 second(s)

2018-12-07 03:18:02 - [TEST_STEP][PASSED] - Statement - Checker = com.kms.katalon.core.webui.keyword.WebUiBuiltInKeywords.verifyElementNotPresent(tester, 3): Web element with id: 'Object Repository/Final Object Repo/Landing Page/Select to English' located by 'By.xpath: //a[@class = 'taglib-language-list-text' and @lang = 'en-US' and (contains(text(), 'EN') or contains(., 'EN'))]' is not present after '3' second(s)

2018-12-07 03:18:04 - [MESSAGE][PASSED] - Web element with id: 'Object Repository/Final Object Repo/Landing Page/Select to English' located by 'By.xpath: //a[@class = 'taglib-language-list-text' and @lang = 'en-US' and (contains(text(), 'EN') or contains(., 'EN'))]' is not present after '3' second(s)

2018-12-07 03:18:04 - [TEST_STEP][PASSED] - Statement - If (Checker == false): null

2018-12-07 03:18:04 - [TEST_STEP][PASSED] - delay: Delayed 2 second(s)

2018-12-07 03:18:06 - [MESSAGE][PASSED] - Delayed 2 second(s)

2018-12-07 03:18:06 - [TEST_STEP][PASSED] - delay: Delayed 5 second(s)

2018-12-07 03:18:11 - [MESSAGE][PASSED] - Delayed 5 second(s)

2018-12-07 03:18:11 - [TEST_STEP][PASSED] - navigateToUrl: Navigate to 'https://assist2-uat.perkeso.gov.my/web/registration/update/update-employee-information-employee-' successfully

2018-12-07 03:18:12 - [MESSAGE][PASSED] - Navigate to 'https://assist2-uat.perkeso.gov.my/web/registration/update/update-employee-information-employee-' successfully

2018-12-07 03:18:12 - [TEST_STEP][PASSED] - click: Object: 'Object Repository/Final Object Repo/Page_Update Employee Information By Employee/Type of Identification' is clicked on

2018-12-07 03:18:12 - [MESSAGE][PASSED] - Object: 'Object Repository/Final Object Repo/Page_Update Employee Information By Employee/Type of Identification' is clicked on

2018-12-07 03:18:12 - [TEST_STEP][PASSED] - click: Object: 'Object Repository/Final Object Repo/Page Update Employee Information By Employee/Type of Identification - Name' is clicked on

2018-12-07 03:18:12 - [MESSAGE][PASSED] - Object: 'Object Repository/Final Object Repo/Page Update Employee Information By Employee/Type of Identification - Name' is clicked on

2018-12-07 03:18:12 - [TEST_STEP][PASSED] - setText: Text 'YUKI JR B' is set on object 'Object Repository/Final Object Repo/Page_Update Employee Information By Employee/New Identification'

2018-12-07 03:18:12 - [MESSAGE][PASSED] - Text 'YUKI JR B' is set on object 'Object Repository/Final Object Repo/Page_Update Employee Information By Employee/New Identification'

2018-12-07 03:18:12 - [TEST_STEP][PASSED] - click: Object: 'Object Repository/Final Object Repo/Page_Update Employee Information By Employee/Search Button' is clicked on

2018-12-07 03:18:13 - [MESSAGE][PASSED] - Object: 'Object Repository/Final Object Repo/Page_Update Employee Information By Employee/Search Button' is clicked on

2018-12-07 03:18:13 - [TEST_STEP][PASSED] - click: Object: 'Object Repository/Final Object Repo/Page_Update Employee Information By Employee/Edit Button' is clicked on

2018-12-07 03:18:16 - [MESSAGE][PASSED] - Object: 'Object Repository/Final Object Repo/Page_Update Employee Information By Employee/Edit Button' is clicked on

2018-12-07 03:18:16 - [TEST_STEP][PASSED] - delay: Delayed 2 second(s)

2018-12-07 03:18:18 - [MESSAGE][PASSED] - Delayed 2 second(s)

2018-12-07 03:18:18 - [TEST_STEP][PASSED] - click: Object: 'Object Repository/Final Object Repo/Page_Update Employee Information By Employee/Employee Information Edit Button' is clicked on

2018-12-07 03:18:18 - [MESSAGE][PASSED] - Object: 'Object Repository/Final Object Repo/Page_Update Employee Information By Employee/Employee Information Edit Button' is clicked on

2018-12-07 03:18:18 - [TEST_STEP][PASSED] - delay: Delayed 2 second(s)

2018-12-07 03:18:20 - [MESSAGE][PASSED] - Delayed 2 second(s)

2018-12-07 03:18:20 - [TEST_STEP][PASSED] - click: Object: 'Object Repository/Final Object Repo/Page_Update Employee Information By Employee/New Identification Number' is clicked on

2018-12-07 03:18:20 - [MESSAGE][PASSED] - Object: 'Object Repository/Final Object Repo/Page_Update Employee Information By Employee/New Identification Number' is clicked on

2018-12-07 03:18:20 - [TEST_STEP][PASSED] - setText: Text '' is set on object 'Object Repository/Final Object Repo/Page_Update Employee Information By Employee/New Identification Number'

2018-12-07 03:18:21 - [MESSAGE][PASSED] - Text '' is set on object 'Object Repository/Final Object Repo/Page_Update Employee Information By Employee/New Identification Number'

2018-12-07 03:18:21 - [TEST_STEP][PASSED] - Statement - rnd = new java.util.Random(): null

2018-12-07 03:18:21 - [TEST_STEP][PASSED] - Statement - snum = rnd.nextInt(899999 + 1) + 100000: null

2018-12-07 03:18:21 - [TEST_STEP][PASSED] - Statement - tnum = rnd.nextInt(899999 + 1) + 100000: null

2018-12-07 03:18:21 - [TEST_STEP][PASSED] - Statement - IC = java.lang.Integer.toString(snum) + java.lang.Integer.toString(tnum): null

2018-12-07 03:18:21 - [TEST_STEP][PASSED] - Statement - out.println(IC): null

2018-12-07 03:18:21 - [TEST_STEP][PASSED] - setText: Text '900232430079' is set on object 'Object Repository/Final Object Repo/Page_Update Employee Information By Employee/New Identification Number'

2018-12-07 03:18:21 - [MESSAGE][PASSED] - Text '900232430079' is set on object 'Object Repository/Final Object Repo/Page_Update Employee Information By Employee/New Identification Number'

2018-12-07 03:18:21 - [TEST_STEP][PASSED] - delay: Delayed 5 second(s)

2018-12-07 03:18:26 - [MESSAGE][PASSED] - Delayed 5 second(s)

2018-12-07 03:18:26 - [TEST_STEP][PASSED] - click: Object: 'Object Repository/Final Object Repo/Page_Update Employee Information By Employee/Save' is clicked on

2018-12-07 03:18:26 - [MESSAGE][PASSED] - Object: 'Object Repository/Final Object Repo/Page_Update Employee Information By Employee/Save' is clicked on

2018-12-07 03:18:26 - [TEST_STEP][PASSED] - delay: Delayed 5 second(s)

2018-12-07 03:18:31 - [MESSAGE][PASSED] - Delayed 5 second(s)

2018-12-07 03:18:31 - [TEST_STEP][PASSED] - click: Object: 'Object Repository/Final Object Repo/Page_Update Employee Information By Employee/Save  Continue in Update Employee Information' is clicked on

2018-12-07 03:18:31 - [MESSAGE][PASSED] - Object: 'Object Repository/Final Object Repo/Page_Update Employee Information By Employee/Save  Continue in Update Employee Information' is clicked on

2018-12-07 03:18:31 - [TEST_STEP][PASSED] - delay: Delayed 5 second(s)

2018-12-07 03:18:36 - [MESSAGE][PASSED] - Delayed 5 second(s)

2018-12-07 03:18:36 - [TEST_STEP][PASSED] - click: Object: 'Object Repository/Final Object Repo/Page_Update Employee Information By Employee/Save  Continue in Uploading Page' is clicked on

2018-12-07 03:18:36 - [MESSAGE][PASSED] - Object: 'Object Repository/Final Object Repo/Page_Update Employee Information By Employee/Save  Continue in Uploading Page' is clicked on

2018-12-07 03:18:36 - [TEST_STEP][PASSED] - delay: Delayed 2 second(s)

2018-12-07 03:18:38 - [MESSAGE][PASSED] - Delayed 2 second(s)

2018-12-07 03:18:38 - [TEST_STEP][PASSED] - Statement - CaseReferenceNo = com.kms.katalon.core.webui.keyword.WebUiBuiltInKeywords.getText(com.kms.katalon.core.testobject.ObjectRepository.findTestObject(Final Object Repo/Page_Update Employer Information/Reference Number in Update Employee Information Page)): Text of object 'Object Repository/Final Object Repo/Page_Update Employer Information/Reference Number in Update Employee Information Page' is: 'CUN122018C100005877'

2018-12-07 03:18:40 - [MESSAGE][PASSED] - Text of object 'Object Repository/Final Object Repo/Page_Update Employer Information/Reference Number in Update Employee Information Page' is: 'CUN122018C100005877'

2018-12-07 03:18:40 - [TEST_STEP][PASSED] - callTestCase: Call Test Case 'Test Cases/Final Aug 2018 - PKS Automation/Common/Reference Number Setter' successfully

2018-12-07 03:18:40 - [TEST_CASE][PASSED] - Test Cases/Final Aug 2018 - PKS Automation/Common/Reference Number Setter: Test Cases/Final Aug 2018 - PKS Automation/Common/Reference Number Setter

2018-12-07 03:18:40 - [TEST_STEP][PASSED] - Statement - RefNoOldFile = new java.io.File(C://Users//Admin//Desktop//PKS//Automation Reference Point//KatalonReference.txt): null

2018-12-07 03:18:40 - [TEST_STEP][PASSED] - Statement - RefNoOldFile.delete(): null

2018-12-07 03:18:40 - [TEST_STEP][PASSED] - delay: Delayed 5 second(s)

2018-12-07 03:18:45 - [MESSAGE][PASSED] - Delayed 5 second(s)

2018-12-07 03:18:45 - [TEST_STEP][PASSED] - Statement - RefNo = new java.io.File(C://Users//Admin//Desktop//PKS//Automation Reference Point//KatalonReference.txt): null

2018-12-07 03:18:45 - [TEST_STEP][PASSED] - Statement - f2 = new java.io.FileWriter(RefNo, false): null

2018-12-07 03:18:45 - [TEST_STEP][PASSED] - Statement - f2.write(CaseReferenceNo): null

2018-12-07 03:18:45 - [TEST_STEP][PASSED] - Statement - f2.close(): null

2018-12-07 03:18:45 - [TEST_STEP][PASSED] - Statement - out.println("


" + CaseReferenceNo + "


"): null

2018-12-07 03:18:45 - [MESSAGE][PASSED] - Call Test Case 'Test Cases/Final Aug 2018 - PKS Automation/Common/Reference Number Setter' successfully

2018-12-07 03:18:45 - [TEST_STEP][PASSED] - delay: Delayed 2 second(s)

2018-12-07 03:18:47 - [MESSAGE][PASSED] - Delayed 2 second(s)

2018-12-07 03:18:47 - [TEST_STEP][PASSED] - click: Object: 'Object Repository/Final Object Repo/Page_Update Employee Information By Employee/Submit' is clicked on

2018-12-07 03:18:47 - [MESSAGE][PASSED] - Object: 'Object Repository/Final Object Repo/Page_Update Employee Information By Employee/Submit' is clicked on

2018-12-07 03:18:47 - [TEST_STEP][PASSED] - delay: Delayed 2 second(s)

2018-12-07 03:18:49 - [MESSAGE][PASSED] - Delayed 2 second(s)

2018-12-07 03:18:49 - [TEST_STEP][PASSED] - click: Object: 'Object Repository/Final Object Repo/Page_Update Employee Information By Employee/Confirm Button' is clicked on

2018-12-07 03:18:49 - [MESSAGE][PASSED] - Object: 'Object Repository/Final Object Repo/Page_Update Employee Information By Employee/Confirm Button' is clicked on

2018-12-07 03:18:49 - [TEST_STEP][PASSED] - delay: Delayed 2 second(s)

2018-12-07 03:18:51 - [MESSAGE][PASSED] - Delayed 2 second(s)

2018-12-07 03:18:51 - [TEST_STEP][PASSED] - click: Object: 'Object Repository/Final Object Repo/Page_Update Employee Information By Employee/Successful Message Routed to UO' is clicked on

2018-12-07 03:18:52 - [MESSAGE][PASSED] - Object: 'Object Repository/Final Object Repo/Page_Update Employee Information By Employee/Successful Message Routed to UO' is clicked on

2018-12-07 03:18:52 - [MESSAGE][PASSED] - Call Test Case 'Test Cases/Final Aug 2018 - PKS Automation/Registration Module/Workflow/Update Employee Information (Employee)/Template/Update Employee Information - Special Case (PKRBO)' successfully

2018-12-07 03:18:52 - [TEST_STEP][PASSED] - callTestCase: Call Test Case 'Test Cases/Final Aug 2018 - PKS Automation/Registration Module/Workflow/Update Employee Information (Employee)/Template/Update Employee Information - Special Case - UO (Reject)' successfully

2018-12-07 03:18:53 - [TEST_CASE][PASSED] - Test Cases/Final Aug 2018 - PKS Automation/Registration Module/Workflow/Update Employee Information (Employee)/Template/Update Employee Information - Special Case - UO (Reject): Test Cases/Final Aug 2018 - PKS Automation/Registration Module/Workflow/Update Employee Information (Employee)/Template/Update Employee Information - Special Case - UO (Reject)

2018-12-07 03:18:53 - [TEST_STEP][NOT_RUN] - callTestCase: NOT_RUN: callTestCase

2018-12-07 03:18:53 - [MESSAGE][NOT_RUN] - NOT_RUN: callTestCase

2018-12-07 03:18:53 - [TEST_STEP][PASSED] - delay: Delayed 2 second(s)

2018-12-07 03:18:55 - [MESSAGE][PASSED] - Delayed 2 second(s)

2018-12-07 03:18:55 - [TEST_STEP][PASSED] - navigateToUrl: Navigate to 'https://assist2-uat.perkeso.gov.my/c/portal/logout' successfully

2018-12-07 03:18:55 - [MESSAGE][PASSED] - Navigate to 'https://assist2-uat.perkeso.gov.my/c/portal/logout' successfully

2018-12-07 03:18:55 - [TEST_STEP][PASSED] - delay: Delayed 2 second(s)

2018-12-07 03:18:57 - [MESSAGE][PASSED] - Delayed 2 second(s)

2018-12-07 03:18:57 - [TEST_STEP][PASSED] - callTestCase: Call Test Case 'Test Cases/Final Aug 2018 - PKS Automation/Common/Reference Number Getter' successfully

2018-12-07 03:18:58 - [TEST_CASE][PASSED] - Test Cases/Final Aug 2018 - PKS Automation/Common/Reference Number Getter: Test Cases/Final Aug 2018 - PKS Automation/Common/Reference Number Getter

2018-12-07 03:18:58 - [TEST_STEP][PASSED] - Statement - Try: null

2018-12-07 03:18:58 - [TEST_STEP][PASSED] - Statement - RefNo = new java.io.File(C://Users//Admin//Desktop//PKS//Automation Reference Point//KatalonReference.txt): null

2018-12-07 03:18:58 - [TEST_STEP][PASSED] - Statement - bufferread = new java.io.BufferedReader(new java.io.FileReader(RefNo)): null

2018-12-07 03:18:58 - [TEST_STEP][PASSED] - Statement - readedVal = bufferread.readLine(): null

2018-12-07 03:18:58 - [TEST_STEP][PASSED] - Statement - out.println(CaseReferenceNo): null

2018-12-07 03:18:58 - [TEST_STEP][PASSED] - Statement - out.println(readedVal): null

2018-12-07 03:18:58 - [TEST_STEP][PASSED] - Statement - CaseReferenceNo = "": null

2018-12-07 03:18:58 - [TEST_STEP][PASSED] - Statement - CaseReferenceNo = readedVal: null

2018-12-07 03:18:58 - [MESSAGE][PASSED] - Call Test Case 'Test Cases/Final Aug 2018 - PKS Automation/Common/Reference Number Getter' successfully

2018-12-07 03:18:58 - [TEST_STEP][PASSED] - callTestCase: Call Test Case 'Test Cases/Final Aug 2018 - PKS Automation/Common/Workflow Owner Finder' successfully

2018-12-07 03:18:58 - [TEST_CASE][PASSED] - Test Cases/Final Aug 2018 - PKS Automation/Common/Workflow Owner Finder: Test Cases/Final Aug 2018 - PKS Automation/Common/Workflow Owner Finder

2018-12-07 03:18:58 - [TEST_STEP][PASSED] - openBrowser: Browser is opened with url: ''

2018-12-07 03:18:58 - [MESSAGE][WARNING] - A browser is already opened. Closing browser and opening a new one

2018-12-07 03:19:02 - [MESSAGE][PASSED] - Browser is opened with url: ''

2018-12-07 03:19:02 - [TEST_STEP][PASSED] - navigateToUrl: Navigate to 'https://assist2-uat.perkeso.gov.my/login' successfully

2018-12-07 03:19:03 - [MESSAGE][PASSED] - Navigate to 'https://assist2-uat.perkeso.gov.my/login' successfully

2018-12-07 03:19:03 - [TEST_STEP][PASSED] - delay: Delayed 5 second(s)

2018-12-07 03:19:08 - [MESSAGE][PASSED] - Delayed 5 second(s)

2018-12-07 03:19:08 - [TEST_STEP][PASSED] - setText: Text 'test@liferay.com' is set on object 'Object Repository/Final Object Repo/Login Page/Internal User/Email Address'

2018-12-07 03:19:08 - [MESSAGE][PASSED] - Text 'test@liferay.com' is set on object 'Object Repository/Final Object Repo/Login Page/Internal User/Email Address'

2018-12-07 03:19:08 - [TEST_STEP][PASSED] - click: Object: 'Object Repository/Final Object Repo/Login Page/Internal User/Next Button' is clicked on

2018-12-07 03:19:08 - [MESSAGE][PASSED] - Object: 'Object Repository/Final Object Repo/Login Page/Internal User/Next Button' is clicked on

2018-12-07 03:19:08 - [TEST_STEP][PASSED] - delay: Delayed 2 second(s)

2018-12-07 03:19:10 - [MESSAGE][PASSED] - Delayed 2 second(s)

2018-12-07 03:19:10 - [TEST_STEP][PASSED] - setText: Text 'test' is set on object 'Object Repository/Final Object Repo/Login Page/Internal User/Password'

2018-12-07 03:19:10 - [MESSAGE][PASSED] - Text 'test' is set on object 'Object Repository/Final Object Repo/Login Page/Internal User/Password'

2018-12-07 03:19:10 - [TEST_STEP][PASSED] - delay: Delayed 2 second(s)

2018-12-07 03:19:12 - [MESSAGE][PASSED] - Delayed 2 second(s)

2018-12-07 03:19:12 - [TEST_STEP][PASSED] - click: Object: 'Object Repository/Final Object Repo/Login Page/Internal User/Login Button' is clicked on

2018-12-07 03:19:12 - [MESSAGE][PASSED] - Object: 'Object Repository/Final Object Repo/Login Page/Internal User/Login Button' is clicked on

2018-12-07 03:19:12 - [TEST_STEP][PASSED] - Statement - tester = com.kms.katalon.core.testobject.ObjectRepository.findTestObject(Final Object Repo/Landing Page/Select to English): Finding Test Object with id 'Object Repository/Final Object Repo/Landing Page/Select to English'

2018-12-07 03:19:12 - [TEST_STEP][PASSED] - Statement - Try: Delayed 2 second(s)

2018-12-07 03:19:12 - [TEST_STEP][PASSED] - Statement - Checker = com.kms.katalon.core.webui.keyword.WebUiBuiltInKeywords.verifyElementNotPresent(tester, 3): Web element with id: 'Object Repository/Final Object Repo/Landing Page/Select to English' located by 'By.xpath: //a[@class = 'taglib-language-list-text' and @lang = 'en-US' and (contains(text(), 'EN') or contains(., 'EN'))]' is not present after '3' second(s)

2018-12-07 03:19:14 - [MESSAGE][PASSED] - Web element with id: 'Object Repository/Final Object Repo/Landing Page/Select to English' located by 'By.xpath: //a[@class = 'taglib-language-list-text' and @lang = 'en-US' and (contains(text(), 'EN') or contains(., 'EN'))]' is not present after '3' second(s)

2018-12-07 03:19:14 - [TEST_STEP][PASSED] - Statement - If (Checker == false): null

2018-12-07 03:19:14 - [TEST_STEP][PASSED] - delay: Delayed 2 second(s)

2018-12-07 03:19:16 - [MESSAGE][PASSED] - Delayed 2 second(s)

2018-12-07 03:19:16 - [TEST_STEP][PASSED] - delay: Delayed 5 second(s)

2018-12-07 03:19:21 - [MESSAGE][PASSED] - Delayed 5 second(s)

2018-12-07 03:19:21 - [TEST_STEP][PASSED] - mouseOver: Object: 'Object Repository/Final Object Repo/Landing Page/WorkFlow Menu' is hovered

2018-12-07 03:19:21 - [MESSAGE][PASSED] - Object: 'Object Repository/Final Object Repo/Landing Page/WorkFlow Menu' is hovered

2018-12-07 03:19:21 - [TEST_STEP][PASSED] - delay: Delayed 2 second(s)

2018-12-07 03:19:23 - [MESSAGE][PASSED] - Delayed 2 second(s)

2018-12-07 03:19:23 - [TEST_STEP][PASSED] - click: Object: 'Object Repository/Final Object Repo/Landing Page/Select to Workflow Listing' is clicked on

2018-12-07 03:19:25 - [MESSAGE][PASSED] - Object: 'Object Repository/Final Object Repo/Landing Page/Select to Workflow Listing' is clicked on

2018-12-07 03:19:25 - [TEST_STEP][PASSED] - delay: Delayed 2 second(s)

2018-12-07 03:19:27 - [MESSAGE][PASSED] - Delayed 2 second(s)

2018-12-07 03:19:27 - [TEST_STEP][PASSED] - click: Object: 'Object Repository/Final Object Repo/WorkFlow Listing Page/Search Information - To Put Ref No' is clicked on

2018-12-07 03:19:27 - [MESSAGE][PASSED] - Object: 'Object Repository/Final Object Repo/WorkFlow Listing Page/Search Information - To Put Ref No' is clicked on

2018-12-07 03:19:27 - [TEST_STEP][PASSED] - delay: Delayed 2 second(s)

2018-12-07 03:19:29 - [MESSAGE][PASSED] - Delayed 2 second(s)

2018-12-07 03:19:29 - [TEST_STEP][PASSED] - callTestCase: Call Test Case 'Test Cases/Final Aug 2018 - PKS Automation/Common/Reference Number Getter' successfully

2018-12-07 03:19:29 - [TEST_CASE][PASSED] - Test Cases/Final Aug 2018 - PKS Automation/Common/Reference Number Getter: Test Cases/Final Aug 2018 - PKS Automation/Common/Reference Number Getter

2018-12-07 03:19:29 - [TEST_STEP][PASSED] - Statement - Try: null

2018-12-07 03:19:29 - [TEST_STEP][PASSED] - Statement - RefNo = new java.io.File(C://Users//Admin//Desktop//PKS//Automation Reference Point//KatalonReference.txt): null

2018-12-07 03:19:29 - [TEST_STEP][PASSED] - Statement - bufferread = new java.io.BufferedReader(new java.io.FileReader(RefNo)): null

2018-12-07 03:19:29 - [TEST_STEP][PASSED] - Statement - readedVal = bufferread.readLine(): null

2018-12-07 03:19:29 - [TEST_STEP][PASSED] - Statement - out.println(CaseReferenceNo): null

2018-12-07 03:19:29 - [TEST_STEP][PASSED] - Statement - out.println(readedVal): null

2018-12-07 03:19:29 - [TEST_STEP][PASSED] - Statement - CaseReferenceNo = "": null

2018-12-07 03:19:29 - [TEST_STEP][PASSED] - Statement - CaseReferenceNo = readedVal: null

2018-12-07 03:19:29 - [MESSAGE][PASSED] - Call Test Case 'Test Cases/Final Aug 2018 - PKS Automation/Common/Reference Number Getter' successfully

2018-12-07 03:19:29 - [TEST_STEP][PASSED] - setText: Text 'CUN122018C100005877' is set on object 'Object Repository/Final Object Repo/WorkFlow Listing Page/Ref No Set Text'

2018-12-07 03:19:29 - [MESSAGE][PASSED] - Text 'CUN122018C100005877' is set on object 'Object Repository/Final Object Repo/WorkFlow Listing Page/Ref No Set Text'

2018-12-07 03:19:29 - [TEST_STEP][PASSED] - delay: Delayed 2 second(s)

2018-12-07 03:19:31 - [MESSAGE][PASSED] - Delayed 2 second(s)

2018-12-07 03:19:31 - [TEST_STEP][PASSED] - click: Object: 'Object Repository/Final Object Repo/WorkFlow Listing Page/Search Ref No Search Button' is clicked on

2018-12-07 03:19:32 - [MESSAGE][PASSED] - Object: 'Object Repository/Final Object Repo/WorkFlow Listing Page/Search Ref No Search Button' is clicked on

2018-12-07 03:19:32 - [TEST_STEP][PASSED] - delay: Delayed 6 second(s)

2018-12-07 03:19:38 - [MESSAGE][PASSED] - Delayed 6 second(s)

2018-12-07 03:19:38 - [TEST_STEP][PASSED] - click: Object: 'Object Repository/Final Object Repo/WorkFlow Listing Page/Click Continue Tooltip' is clicked on

2018-12-07 03:19:38 - [MESSAGE][PASSED] - Object: 'Object Repository/Final Object Repo/WorkFlow Listing Page/Click Continue Tooltip' is clicked on

2018-12-07 03:19:38 - [TEST_STEP][PASSED] - delay: Delayed 5 second(s)

2018-12-07 03:19:43 - [MESSAGE][PASSED] - Delayed 5 second(s)

2018-12-07 03:19:43 - [TEST_STEP][PASSED] - doubleClick: Object: 'Object Repository/Final Object Repo/WorkFlow Listing Page/Workflow Found - Listing 1' is double clicked on

2018-12-07 03:19:44 - [MESSAGE][PASSED] - Object: 'Object Repository/Final Object Repo/WorkFlow Listing Page/Workflow Found - Listing 1' is double clicked on

2018-12-07 03:19:44 - [TEST_STEP][PASSED] - Statement - println(OwnerID): null

2018-12-07 03:19:44 - [TEST_STEP][PASSED] - Statement - OwnerID = com.kms.katalon.core.webui.keyword.WebUiBuiltInKeywords.getText(com.kms.katalon.core.testobject.ObjectRepository.findTestObject(Final Object Repo/WorkFlow Listing Page/Workflow Found - Listing 1), STOP_ON_FAILURE): Text of object 'Object Repository/Final Object Repo/WorkFlow Listing Page/Workflow Found - Listing 1' is: 'JOHORuo3'

2018-12-07 03:19:44 - [MESSAGE][PASSED] - Text of object 'Object Repository/Final Object Repo/WorkFlow Listing Page/Workflow Found - Listing 1' is: 'JOHORuo3'

2018-12-07 03:19:44 - [TEST_STEP][PASSED] - Statement - OwnerID = OwnerID.toLowerCase() + "@gmail.com": null

2018-12-07 03:19:44 - [TEST_STEP][PASSED] - Statement - println(OwnerID): null

2018-12-07 03:19:44 - [TEST_STEP][PASSED] - delay: Delayed 2 second(s)

2018-12-07 03:19:46 - [MESSAGE][PASSED] - Delayed 2 second(s)

2018-12-07 03:19:46 - [MESSAGE][PASSED] - Call Test Case 'Test Cases/Final Aug 2018 - PKS Automation/Common/Workflow Owner Finder' successfully

2018-12-07 03:19:46 - [TEST_STEP][PASSED] - delay: Delayed 2 second(s)

2018-12-07 03:19:48 - [MESSAGE][PASSED] - Delayed 2 second(s)

2018-12-07 03:19:48 - [TEST_STEP][PASSED] - navigateToUrl: Navigate to 'https://assist2-uat.perkeso.gov.my/c/portal/logout' successfully

2018-12-07 03:19:48 - [MESSAGE][PASSED] - Navigate to 'https://assist2-uat.perkeso.gov.my/c/portal/logout' successfully

2018-12-07 03:19:48 - [TEST_STEP][PASSED] - delay: Delayed 2 second(s)

2018-12-07 03:19:50 - [MESSAGE][PASSED] - Delayed 2 second(s)

2018-12-07 03:19:50 - [TEST_STEP][PASSED] - callTestCase: Call Test Case 'Test Cases/Final Aug 2018 - PKS Automation/Registration Module/Workflow/Login and Search Case For Workflow' successfully

2018-12-07 03:19:50 - [TEST_CASE][PASSED] - Test Cases/Final Aug 2018 - PKS Automation/Registration Module/Workflow/Login and Search Case For Workflow: Test Cases/Final Aug 2018 - PKS Automation/Registration Module/Workflow/Login and Search Case For Workflow

2018-12-07 03:19:51 - [TEST_STEP][PASSED] - navigateToUrl: Navigate to 'https://assist2-uat.perkeso.gov.my/login' successfully

2018-12-07 03:19:51 - [MESSAGE][PASSED] - Navigate to 'https://assist2-uat.perkeso.gov.my/login' successfully

2018-12-07 03:19:51 - [TEST_STEP][PASSED] - setText: Text 'johoruo3@gmail.com' is set on object 'Object Repository/Final Object Repo/Login Page/Internal User/Email Address'

2018-12-07 03:19:51 - [MESSAGE][PASSED] - Text 'johoruo3@gmail.com' is set on object 'Object Repository/Final Object Repo/Login Page/Internal User/Email Address'

2018-12-07 03:19:51 - [TEST_STEP][PASSED] - click: Object: 'Object Repository/Final Object Repo/Login Page/Internal User/Next Button' is clicked on

2018-12-07 03:19:52 - [MESSAGE][PASSED] - Object: 'Object Repository/Final Object Repo/Login Page/Internal User/Next Button' is clicked on

2018-12-07 03:19:52 - [TEST_STEP][PASSED] - delay: Delayed 1 second(s)

2018-12-07 03:19:53 - [MESSAGE][PASSED] - Delayed 1 second(s)

2018-12-07 03:19:53 - [TEST_STEP][PASSED] - setEncryptedText: Text ****** has been set on object 'Object Repository/Final Object Repo/Login Page/Internal User/Password'

2018-12-07 03:19:53 - [MESSAGE][PASSED] - Text ****** has been set on object 'Object Repository/Final Object Repo/Login Page/Internal User/Password'

2018-12-07 03:19:53 - [TEST_STEP][PASSED] - click: Object: 'Object Repository/Final Object Repo/Login Page/Internal User/Login Button' is clicked on

2018-12-07 03:19:53 - [MESSAGE][PASSED] - Object: 'Object Repository/Final Object Repo/Login Page/Internal User/Login Button' is clicked on

2018-12-07 03:19:53 - [TEST_STEP][PASSED] - delay: Delayed 2 second(s)

2018-12-07 03:19:55 - [MESSAGE][PASSED] - Delayed 2 second(s)

2018-12-07 03:19:55 - [TEST_STEP][PASSED] - Statement - Try: Delayed 2 second(s)

2018-12-07 03:19:55 - [TEST_STEP][PASSED] - Statement - Checker = false: null

2018-12-07 03:19:55 - [TEST_STEP][PASSED] - Statement - Checker = com.kms.katalon.core.webui.keyword.WebUiBuiltInKeywords.verifyElementHasAttribute(com.kms.katalon.core.testobject.ObjectRepository.findTestObject(Final Object Repo/Landing Page/BM Detecting), "href", 20, OPTIONAL): Object 'Object Repository/Final Object Repo/Landing Page/BM Detecting' has attribute 'href'

2018-12-07 03:19:55 - [MESSAGE][PASSED] - Object 'Object Repository/Final Object Repo/Landing Page/BM Detecting' has attribute 'href'

2018-12-07 03:19:55 - [TEST_STEP][PASSED] - Statement - out.println(Checker): null

2018-12-07 03:19:55 - [TEST_STEP][PASSED] - Statement - If (Checker == false): null

2018-12-07 03:19:55 - [TEST_STEP][PASSED] - Statement - Else: null

2018-12-07 03:19:55 - [TEST_STEP][PASSED] - delay: Delayed 2 second(s)

2018-12-07 03:19:57 - [MESSAGE][PASSED] - Delayed 2 second(s)

2018-12-07 03:19:57 - [TEST_STEP][PASSED] - click: Object: 'Object Repository/Final Object Repo/Page_MyASSIST - ASSIST - Search Pending Case For Add Supporting Document/Search Information' is clicked on

2018-12-07 03:19:57 - [MESSAGE][PASSED] - Object: 'Object Repository/Final Object Repo/Page_MyASSIST - ASSIST - Search Pending Case For Add Supporting Document/Search Information' is clicked on

2018-12-07 03:19:57 - [TEST_STEP][PASSED] - delay: Delayed 3 second(s)

2018-12-07 03:20:00 - [MESSAGE][PASSED] - Delayed 3 second(s)

2018-12-07 03:20:00 - [TEST_STEP][PASSED] - sendKeys: Keys 'CUN122018C100005877' sent to object: 'Object Repository/Final Object Repo/Page_MyASSIST - ASSIST - Search Pending Case For Add Supporting Document/Reference No'

2018-12-07 03:20:00 - [MESSAGE][PASSED] - Keys 'CUN122018C100005877' sent to object: 'Object Repository/Final Object Repo/Page_MyASSIST - ASSIST - Search Pending Case For Add Supporting Document/Reference No'

2018-12-07 03:20:00 - [TEST_STEP][PASSED] - click: Object: 'Object Repository/Final Object Repo/Page_MyASSIST - ASSIST - Search Pending Case For Add Supporting Document/Search Reference No' is clicked on

2018-12-07 03:20:01 - [MESSAGE][PASSED] - Object: 'Object Repository/Final Object Repo/Page_MyASSIST - ASSIST - Search Pending Case For Add Supporting Document/Search Reference No' is clicked on

2018-12-07 03:20:01 - [TEST_STEP][PASSED] - delay: Delayed 2 second(s)

2018-12-07 03:20:03 - [MESSAGE][PASSED] - Delayed 2 second(s)

2018-12-07 03:20:03 - [TEST_STEP][PASSED] - click: Object: 'Object Repository/Final Object Repo/Page_MyASSIST - ASSIST - Search Pending Case For Add Supporting Document/Continue' is clicked on

2018-12-07 03:20:07 - [MESSAGE][PASSED] - Object: 'Object Repository/Final Object Repo/Page_MyASSIST - ASSIST - Search Pending Case For Add Supporting Document/Continue' is clicked on

2018-12-07 03:20:07 - [TEST_STEP][PASSED] - delay: Delayed 20 second(s)

2018-12-07 03:20:27 - [MESSAGE][PASSED] - Delayed 20 second(s)

2018-12-07 03:20:27 - [MESSAGE][PASSED] - Call Test Case 'Test Cases/Final Aug 2018 - PKS Automation/Registration Module/Workflow/Login and Search Case For Workflow' successfully

2018-12-07 03:20:27 - [TEST_STEP][PASSED] - delay: Delayed 2 second(s)

2018-12-07 03:20:29 - [MESSAGE][PASSED] - Delayed 2 second(s)

2018-12-07 03:20:29 - [TEST_STEP][PASSED] - click: Object: 'Object Repository/Final Object Repo/Page_Update Employee Information By Employee/Page_Update Employee Information By Employee (Approve)/Continue' is clicked on

2018-12-07 03:20:32 - [MESSAGE][PASSED] - Object: 'Object Repository/Final Object Repo/Page_Update Employee Information By Employee/Page_Update Employee Information By Employee (Approve)/Continue' is clicked on

2018-12-07 03:20:32 - [TEST_STEP][PASSED] - delay: Delayed 10 second(s)

2018-12-07 03:20:42 - [MESSAGE][PASSED] - Delayed 10 second(s)

2018-12-07 03:20:42 - [TEST_STEP][PASSED] - click: Object: 'Object Repository/Final Object Repo/Page_Update Employee Information By Employer/Page_Update Employee Information by Employer (Approve)/Save  Continue in Update Employee Information Page' is clicked on

2018-12-07 03:20:42 - [MESSAGE][PASSED] - Object: 'Object Repository/Final Object Repo/Page_Update Employee Information By Employer/Page_Update Employee Information by Employer (Approve)/Save  Continue in Update Employee Information Page' is clicked on

2018-12-07 03:20:42 - [TEST_STEP][PASSED] - delay: Delayed 2 second(s)

2018-12-07 03:20:44 - [MESSAGE][PASSED] - Delayed 2 second(s)

2018-12-07 03:20:44 - [TEST_STEP][PASSED] - click: Object: 'Object Repository/Final Object Repo/Page_Update Employee Information By Employer/Page_Update Employee Information by Employer (Approve)/Save  Continue in Upload Supporting Doucument Page' is clicked on

2018-12-07 03:20:45 - [MESSAGE][PASSED] - Object: 'Object Repository/Final Object Repo/Page_Update Employee Information By Employer/Page_Update Employee Information by Employer (Approve)/Save  Continue in Upload Supporting Doucument Page' is clicked on

2018-12-07 03:20:45 - [TEST_STEP][PASSED] - delay: Delayed 2 second(s)

2018-12-07 03:20:47 - [MESSAGE][PASSED] - Delayed 2 second(s)

2018-12-07 03:20:47 - [TEST_STEP][PASSED] - click: Object: 'Object Repository/Final Object Repo/Page_Update Employee Information By Employee/Page_Update Employee Information by Employee (Reject)/Reject' is clicked on

2018-12-07 03:20:49 - [MESSAGE][PASSED] - Object: 'Object Repository/Final Object Repo/Page_Update Employee Information By Employee/Page_Update Employee Information by Employee (Reject)/Reject' is clicked on

2018-12-07 03:20:49 - [TEST_STEP][PASSED] - delay: Delayed 2 second(s)

2018-12-07 03:20:51 - [MESSAGE][PASSED] - Delayed 2 second(s)

2018-12-07 03:20:51 - [TEST_STEP][PASSED] - click: Object: 'Object Repository/Final Object Repo/Page_Update Employee Information By Employee/Page_Update Employee Information by Employee (Reject)/Confirm' is clicked on

2018-12-07 03:20:51 - [MESSAGE][PASSED] - Object: 'Object Repository/Final Object Repo/Page_Update Employee Information By Employee/Page_Update Employee Information by Employee (Reject)/Confirm' is clicked on

2018-12-07 03:20:51 - [TEST_STEP][PASSED] - delay: Delayed 2 second(s)

2018-12-07 03:20:53 - [MESSAGE][PASSED] - Delayed 2 second(s)

2018-12-07 03:20:53 - [TEST_STEP][PASSED] - verifyElementVisible: Object 'Object Repository/Final Object Repo/Page_Update Employee Information By Employee/Page_Update Employee Information by Employee (Reject)/Message This Case has been Rejected' is visible

2018-12-07 03:20:56 - [MESSAGE][PASSED] - Object 'Object Repository/Final Object Repo/Page_Update Employee Information By Employee/Page_Update Employee Information by Employee (Reject)/Message This Case has been Rejected' is visible

2018-12-07 03:20:56 - [TEST_STEP][PASSED] - verifyElementVisible: Object 'Object Repository/Final Object Repo/Page_Update Employee Information By Employee/Page_Update Employee Information by Employee (Reject)/Letter of update rejection' is visible

2018-12-07 03:20:56 - [MESSAGE][PASSED] - Object 'Object Repository/Final Object Repo/Page_Update Employee Information By Employee/Page_Update Employee Information by Employee (Reject)/Letter of update rejection' is visible

2018-12-07 03:20:56 - [MESSAGE][PASSED] - Call Test Case 'Test Cases/Final Aug 2018 - PKS Automation/Registration Module/Workflow/Update Employee Information (Employee)/Template/Update Employee Information - Special Case - UO (Reject)' successfully]]></system-out>
         <system-err><![CDATA[]]></system-err>
      </testcase>
      <testcase name="Test Cases/Final Aug 2018 - PKS Automation/Registration Module/Workflow/Update Employee Information (Employee)/PKRBO to UO (Under enforcement)" classname="Test Cases/Final Aug 2018 - PKS Automation/Registration Module/Workflow/Update Employee Information (Employee)/PKRBO to UO (Under enforcement)" status="PASSED">
         <system-out><![CDATA[2018-12-07 03:20:56 - [TEST_CASE][PASSED] - Test Cases/Final Aug 2018 - PKS Automation/Registration Module/Workflow/Update Employee Information (Employee)/PKRBO to UO (Under enforcement): Test Cases/Final Aug 2018 - PKS Automation/Registration Module/Workflow/Update Employee Information (Employee)/PKRBO to UO (Under enforcement)

2018-12-07 03:20:56 - [TEST_STEP][PASSED] - callTestCase: Call Test Case 'Test Cases/Final Aug 2018 - PKS Automation/Registration Module/Workflow/Update Employee Information (Employee)/Template/Update Employee Information - Special Case (PKRBO)' successfully

2018-12-07 03:20:56 - [TEST_CASE][PASSED] - Test Cases/Final Aug 2018 - PKS Automation/Registration Module/Workflow/Update Employee Information (Employee)/Template/Update Employee Information - Special Case (PKRBO): Test Cases/Final Aug 2018 - PKS Automation/Registration Module/Workflow/Update Employee Information (Employee)/Template/Update Employee Information - Special Case (PKRBO)

2018-12-07 03:20:56 - [TEST_STEP][PASSED] - openBrowser: Browser is opened with url: ''

2018-12-07 03:20:56 - [MESSAGE][WARNING] - A browser is already opened. Closing browser and opening a new one

2018-12-07 03:21:00 - [MESSAGE][PASSED] - Browser is opened with url: ''

2018-12-07 03:21:00 - [TEST_STEP][PASSED] - navigateToUrl: Navigate to 'https://assist2-uat.perkeso.gov.my/login' successfully

2018-12-07 03:21:01 - [MESSAGE][PASSED] - Navigate to 'https://assist2-uat.perkeso.gov.my/login' successfully

2018-12-07 03:21:01 - [TEST_STEP][PASSED] - setText: Text 'johorotc1@gmail.com' is set on object 'Object Repository/Final Object Repo/Login Page/Internal User/Email Address'

2018-12-07 03:21:01 - [MESSAGE][PASSED] - Text 'johorotc1@gmail.com' is set on object 'Object Repository/Final Object Repo/Login Page/Internal User/Email Address'

2018-12-07 03:21:01 - [TEST_STEP][PASSED] - click: Object: 'Object Repository/Final Object Repo/Login Page/Internal User/Next Button' is clicked on

2018-12-07 03:21:01 - [MESSAGE][PASSED] - Object: 'Object Repository/Final Object Repo/Login Page/Internal User/Next Button' is clicked on

2018-12-07 03:21:01 - [TEST_STEP][PASSED] - delay: Delayed 1 second(s)

2018-12-07 03:21:02 - [MESSAGE][PASSED] - Delayed 1 second(s)

2018-12-07 03:21:02 - [TEST_STEP][PASSED] - setEncryptedText: Text ****** has been set on object 'Object Repository/Final Object Repo/Login Page/Internal User/Password'

2018-12-07 03:21:03 - [MESSAGE][PASSED] - Text ****** has been set on object 'Object Repository/Final Object Repo/Login Page/Internal User/Password'

2018-12-07 03:21:03 - [TEST_STEP][PASSED] - click: Object: 'Object Repository/Final Object Repo/Login Page/Internal User/Login Button' is clicked on

2018-12-07 03:21:03 - [MESSAGE][PASSED] - Object: 'Object Repository/Final Object Repo/Login Page/Internal User/Login Button' is clicked on

2018-12-07 03:21:03 - [TEST_STEP][PASSED] - Statement - tester = com.kms.katalon.core.testobject.ObjectRepository.findTestObject(Final Object Repo/Landing Page/Select to English): Finding Test Object with id 'Object Repository/Final Object Repo/Landing Page/Select to English'

2018-12-07 03:21:03 - [TEST_STEP][PASSED] - Statement - Try: Delayed 2 second(s)

2018-12-07 03:21:03 - [TEST_STEP][PASSED] - Statement - Checker = com.kms.katalon.core.webui.keyword.WebUiBuiltInKeywords.verifyElementNotPresent(tester, 3): Web element with id: 'Object Repository/Final Object Repo/Landing Page/Select to English' located by 'By.xpath: //a[@class = 'taglib-language-list-text' and @lang = 'en-US' and (contains(text(), 'EN') or contains(., 'EN'))]' is not present after '3' second(s)

2018-12-07 03:21:05 - [MESSAGE][PASSED] - Web element with id: 'Object Repository/Final Object Repo/Landing Page/Select to English' located by 'By.xpath: //a[@class = 'taglib-language-list-text' and @lang = 'en-US' and (contains(text(), 'EN') or contains(., 'EN'))]' is not present after '3' second(s)

2018-12-07 03:21:05 - [TEST_STEP][PASSED] - Statement - If (Checker == false): null

2018-12-07 03:21:05 - [TEST_STEP][PASSED] - delay: Delayed 2 second(s)

2018-12-07 03:21:07 - [MESSAGE][PASSED] - Delayed 2 second(s)

2018-12-07 03:21:07 - [TEST_STEP][PASSED] - delay: Delayed 5 second(s)

2018-12-07 03:21:12 - [MESSAGE][PASSED] - Delayed 5 second(s)

2018-12-07 03:21:12 - [TEST_STEP][PASSED] - navigateToUrl: Navigate to 'https://assist2-uat.perkeso.gov.my/web/registration/update/update-employee-information-employee-' successfully

2018-12-07 03:21:12 - [MESSAGE][PASSED] - Navigate to 'https://assist2-uat.perkeso.gov.my/web/registration/update/update-employee-information-employee-' successfully

2018-12-07 03:21:12 - [TEST_STEP][PASSED] - click: Object: 'Object Repository/Final Object Repo/Page_Update Employee Information By Employee/Type of Identification' is clicked on

2018-12-07 03:21:13 - [MESSAGE][PASSED] - Object: 'Object Repository/Final Object Repo/Page_Update Employee Information By Employee/Type of Identification' is clicked on

2018-12-07 03:21:13 - [TEST_STEP][PASSED] - click: Object: 'Object Repository/Final Object Repo/Page Update Employee Information By Employee/Type of Identification - Name' is clicked on

2018-12-07 03:21:13 - [MESSAGE][PASSED] - Object: 'Object Repository/Final Object Repo/Page Update Employee Information By Employee/Type of Identification - Name' is clicked on

2018-12-07 03:21:13 - [TEST_STEP][PASSED] - setText: Text 'YUKI JR B' is set on object 'Object Repository/Final Object Repo/Page_Update Employee Information By Employee/New Identification'

2018-12-07 03:21:13 - [MESSAGE][PASSED] - Text 'YUKI JR B' is set on object 'Object Repository/Final Object Repo/Page_Update Employee Information By Employee/New Identification'

2018-12-07 03:21:13 - [TEST_STEP][PASSED] - click: Object: 'Object Repository/Final Object Repo/Page_Update Employee Information By Employee/Search Button' is clicked on

2018-12-07 03:21:13 - [MESSAGE][PASSED] - Object: 'Object Repository/Final Object Repo/Page_Update Employee Information By Employee/Search Button' is clicked on

2018-12-07 03:21:13 - [TEST_STEP][PASSED] - click: Object: 'Object Repository/Final Object Repo/Page_Update Employee Information By Employee/Edit Button' is clicked on

2018-12-07 03:21:17 - [MESSAGE][PASSED] - Object: 'Object Repository/Final Object Repo/Page_Update Employee Information By Employee/Edit Button' is clicked on

2018-12-07 03:21:17 - [TEST_STEP][PASSED] - delay: Delayed 2 second(s)

2018-12-07 03:21:19 - [MESSAGE][PASSED] - Delayed 2 second(s)

2018-12-07 03:21:19 - [TEST_STEP][PASSED] - click: Object: 'Object Repository/Final Object Repo/Page_Update Employee Information By Employee/Employee Information Edit Button' is clicked on

2018-12-07 03:21:19 - [MESSAGE][PASSED] - Object: 'Object Repository/Final Object Repo/Page_Update Employee Information By Employee/Employee Information Edit Button' is clicked on

2018-12-07 03:21:19 - [TEST_STEP][PASSED] - delay: Delayed 2 second(s)

2018-12-07 03:21:21 - [MESSAGE][PASSED] - Delayed 2 second(s)

2018-12-07 03:21:21 - [TEST_STEP][PASSED] - click: Object: 'Object Repository/Final Object Repo/Page_Update Employee Information By Employee/New Identification Number' is clicked on

2018-12-07 03:21:21 - [MESSAGE][PASSED] - Object: 'Object Repository/Final Object Repo/Page_Update Employee Information By Employee/New Identification Number' is clicked on

2018-12-07 03:21:21 - [TEST_STEP][PASSED] - setText: Text '' is set on object 'Object Repository/Final Object Repo/Page_Update Employee Information By Employee/New Identification Number'

2018-12-07 03:21:21 - [MESSAGE][PASSED] - Text '' is set on object 'Object Repository/Final Object Repo/Page_Update Employee Information By Employee/New Identification Number'

2018-12-07 03:21:21 - [TEST_STEP][PASSED] - Statement - rnd = new java.util.Random(): null

2018-12-07 03:21:21 - [TEST_STEP][PASSED] - Statement - snum = rnd.nextInt(899999 + 1) + 100000: null

2018-12-07 03:21:21 - [TEST_STEP][PASSED] - Statement - tnum = rnd.nextInt(899999 + 1) + 100000: null

2018-12-07 03:21:21 - [TEST_STEP][PASSED] - Statement - IC = java.lang.Integer.toString(snum) + java.lang.Integer.toString(tnum): null

2018-12-07 03:21:21 - [TEST_STEP][PASSED] - Statement - out.println(IC): null

2018-12-07 03:21:21 - [TEST_STEP][PASSED] - setText: Text '417080859601' is set on object 'Object Repository/Final Object Repo/Page_Update Employee Information By Employee/New Identification Number'

2018-12-07 03:21:22 - [MESSAGE][PASSED] - Text '417080859601' is set on object 'Object Repository/Final Object Repo/Page_Update Employee Information By Employee/New Identification Number'

2018-12-07 03:21:22 - [TEST_STEP][PASSED] - delay: Delayed 5 second(s)

2018-12-07 03:21:27 - [MESSAGE][PASSED] - Delayed 5 second(s)

2018-12-07 03:21:27 - [TEST_STEP][PASSED] - click: Object: 'Object Repository/Final Object Repo/Page_Update Employee Information By Employee/Save' is clicked on

2018-12-07 03:21:27 - [MESSAGE][PASSED] - Object: 'Object Repository/Final Object Repo/Page_Update Employee Information By Employee/Save' is clicked on

2018-12-07 03:21:27 - [TEST_STEP][PASSED] - delay: Delayed 5 second(s)

2018-12-07 03:21:32 - [MESSAGE][PASSED] - Delayed 5 second(s)

2018-12-07 03:21:32 - [TEST_STEP][PASSED] - click: Object: 'Object Repository/Final Object Repo/Page_Update Employee Information By Employee/Save  Continue in Update Employee Information' is clicked on

2018-12-07 03:21:32 - [MESSAGE][PASSED] - Object: 'Object Repository/Final Object Repo/Page_Update Employee Information By Employee/Save  Continue in Update Employee Information' is clicked on

2018-12-07 03:21:32 - [TEST_STEP][PASSED] - delay: Delayed 5 second(s)

2018-12-07 03:21:37 - [MESSAGE][PASSED] - Delayed 5 second(s)

2018-12-07 03:21:37 - [TEST_STEP][PASSED] - click: Object: 'Object Repository/Final Object Repo/Page_Update Employee Information By Employee/Save  Continue in Uploading Page' is clicked on

2018-12-07 03:21:37 - [MESSAGE][PASSED] - Object: 'Object Repository/Final Object Repo/Page_Update Employee Information By Employee/Save  Continue in Uploading Page' is clicked on

2018-12-07 03:21:37 - [TEST_STEP][PASSED] - delay: Delayed 2 second(s)

2018-12-07 03:21:39 - [MESSAGE][PASSED] - Delayed 2 second(s)

2018-12-07 03:21:39 - [TEST_STEP][PASSED] - Statement - CaseReferenceNo = com.kms.katalon.core.webui.keyword.WebUiBuiltInKeywords.getText(com.kms.katalon.core.testobject.ObjectRepository.findTestObject(Final Object Repo/Page_Update Employer Information/Reference Number in Update Employee Information Page)): Text of object 'Object Repository/Final Object Repo/Page_Update Employer Information/Reference Number in Update Employee Information Page' is: 'CUN122018C100005878'

2018-12-07 03:21:41 - [MESSAGE][PASSED] - Text of object 'Object Repository/Final Object Repo/Page_Update Employer Information/Reference Number in Update Employee Information Page' is: 'CUN122018C100005878'

2018-12-07 03:21:41 - [TEST_STEP][PASSED] - callTestCase: Call Test Case 'Test Cases/Final Aug 2018 - PKS Automation/Common/Reference Number Setter' successfully

2018-12-07 03:21:41 - [TEST_CASE][PASSED] - Test Cases/Final Aug 2018 - PKS Automation/Common/Reference Number Setter: Test Cases/Final Aug 2018 - PKS Automation/Common/Reference Number Setter

2018-12-07 03:21:41 - [TEST_STEP][PASSED] - Statement - RefNoOldFile = new java.io.File(C://Users//Admin//Desktop//PKS//Automation Reference Point//KatalonReference.txt): null

2018-12-07 03:21:41 - [TEST_STEP][PASSED] - Statement - RefNoOldFile.delete(): null

2018-12-07 03:21:41 - [TEST_STEP][PASSED] - delay: Delayed 5 second(s)

2018-12-07 03:21:46 - [MESSAGE][PASSED] - Delayed 5 second(s)

2018-12-07 03:21:46 - [TEST_STEP][PASSED] - Statement - RefNo = new java.io.File(C://Users//Admin//Desktop//PKS//Automation Reference Point//KatalonReference.txt): null

2018-12-07 03:21:46 - [TEST_STEP][PASSED] - Statement - f2 = new java.io.FileWriter(RefNo, false): null

2018-12-07 03:21:46 - [TEST_STEP][PASSED] - Statement - f2.write(CaseReferenceNo): null

2018-12-07 03:21:46 - [TEST_STEP][PASSED] - Statement - f2.close(): null

2018-12-07 03:21:46 - [TEST_STEP][PASSED] - Statement - out.println("


" + CaseReferenceNo + "


"): null

2018-12-07 03:21:46 - [MESSAGE][PASSED] - Call Test Case 'Test Cases/Final Aug 2018 - PKS Automation/Common/Reference Number Setter' successfully

2018-12-07 03:21:46 - [TEST_STEP][PASSED] - delay: Delayed 2 second(s)

2018-12-07 03:21:48 - [MESSAGE][PASSED] - Delayed 2 second(s)

2018-12-07 03:21:48 - [TEST_STEP][PASSED] - click: Object: 'Object Repository/Final Object Repo/Page_Update Employee Information By Employee/Submit' is clicked on

2018-12-07 03:21:48 - [MESSAGE][PASSED] - Object: 'Object Repository/Final Object Repo/Page_Update Employee Information By Employee/Submit' is clicked on

2018-12-07 03:21:48 - [TEST_STEP][PASSED] - delay: Delayed 2 second(s)

2018-12-07 03:21:50 - [MESSAGE][PASSED] - Delayed 2 second(s)

2018-12-07 03:21:50 - [TEST_STEP][PASSED] - click: Object: 'Object Repository/Final Object Repo/Page_Update Employee Information By Employee/Confirm Button' is clicked on

2018-12-07 03:21:50 - [MESSAGE][PASSED] - Object: 'Object Repository/Final Object Repo/Page_Update Employee Information By Employee/Confirm Button' is clicked on

2018-12-07 03:21:50 - [TEST_STEP][PASSED] - delay: Delayed 2 second(s)

2018-12-07 03:21:52 - [MESSAGE][PASSED] - Delayed 2 second(s)

2018-12-07 03:21:52 - [TEST_STEP][PASSED] - click: Object: 'Object Repository/Final Object Repo/Page_Update Employee Information By Employee/Successful Message Routed to UO' is clicked on

2018-12-07 03:21:54 - [MESSAGE][PASSED] - Object: 'Object Repository/Final Object Repo/Page_Update Employee Information By Employee/Successful Message Routed to UO' is clicked on

2018-12-07 03:21:54 - [MESSAGE][PASSED] - Call Test Case 'Test Cases/Final Aug 2018 - PKS Automation/Registration Module/Workflow/Update Employee Information (Employee)/Template/Update Employee Information - Special Case (PKRBO)' successfully

2018-12-07 03:21:54 - [TEST_STEP][PASSED] - callTestCase: Call Test Case 'Test Cases/Final Aug 2018 - PKS Automation/Registration Module/Workflow/Update Employee Information (Employee)/Template/Update Employee Information - Special Case - UO (Under enforcement)' successfully

2018-12-07 03:21:54 - [TEST_CASE][PASSED] - Test Cases/Final Aug 2018 - PKS Automation/Registration Module/Workflow/Update Employee Information (Employee)/Template/Update Employee Information - Special Case - UO (Under enforcement): Test Cases/Final Aug 2018 - PKS Automation/Registration Module/Workflow/Update Employee Information (Employee)/Template/Update Employee Information - Special Case - UO (Under enforcement)

2018-12-07 03:21:54 - [TEST_STEP][NOT_RUN] - callTestCase: NOT_RUN: callTestCase

2018-12-07 03:21:54 - [MESSAGE][NOT_RUN] - NOT_RUN: callTestCase

2018-12-07 03:21:54 - [TEST_STEP][PASSED] - delay: Delayed 2 second(s)

2018-12-07 03:21:56 - [MESSAGE][PASSED] - Delayed 2 second(s)

2018-12-07 03:21:56 - [TEST_STEP][PASSED] - navigateToUrl: Navigate to 'https://assist2-uat.perkeso.gov.my/c/portal/logout' successfully

2018-12-07 03:21:57 - [MESSAGE][PASSED] - Navigate to 'https://assist2-uat.perkeso.gov.my/c/portal/logout' successfully

2018-12-07 03:21:57 - [TEST_STEP][PASSED] - delay: Delayed 2 second(s)

2018-12-07 03:21:59 - [MESSAGE][PASSED] - Delayed 2 second(s)

2018-12-07 03:21:59 - [TEST_STEP][PASSED] - callTestCase: Call Test Case 'Test Cases/Final Aug 2018 - PKS Automation/Common/Reference Number Getter' successfully

2018-12-07 03:21:59 - [TEST_CASE][PASSED] - Test Cases/Final Aug 2018 - PKS Automation/Common/Reference Number Getter: Test Cases/Final Aug 2018 - PKS Automation/Common/Reference Number Getter

2018-12-07 03:21:59 - [TEST_STEP][PASSED] - Statement - Try: null

2018-12-07 03:21:59 - [TEST_STEP][PASSED] - Statement - RefNo = new java.io.File(C://Users//Admin//Desktop//PKS//Automation Reference Point//KatalonReference.txt): null

2018-12-07 03:21:59 - [TEST_STEP][PASSED] - Statement - bufferread = new java.io.BufferedReader(new java.io.FileReader(RefNo)): null

2018-12-07 03:21:59 - [TEST_STEP][PASSED] - Statement - readedVal = bufferread.readLine(): null

2018-12-07 03:21:59 - [TEST_STEP][PASSED] - Statement - out.println(CaseReferenceNo): null

2018-12-07 03:21:59 - [TEST_STEP][PASSED] - Statement - out.println(readedVal): null

2018-12-07 03:21:59 - [TEST_STEP][PASSED] - Statement - CaseReferenceNo = "": null

2018-12-07 03:21:59 - [TEST_STEP][PASSED] - Statement - CaseReferenceNo = readedVal: null

2018-12-07 03:21:59 - [MESSAGE][PASSED] - Call Test Case 'Test Cases/Final Aug 2018 - PKS Automation/Common/Reference Number Getter' successfully

2018-12-07 03:21:59 - [TEST_STEP][PASSED] - callTestCase: Call Test Case 'Test Cases/Final Aug 2018 - PKS Automation/Common/Workflow Owner Finder' successfully

2018-12-07 03:21:59 - [TEST_CASE][PASSED] - Test Cases/Final Aug 2018 - PKS Automation/Common/Workflow Owner Finder: Test Cases/Final Aug 2018 - PKS Automation/Common/Workflow Owner Finder

2018-12-07 03:21:59 - [TEST_STEP][PASSED] - openBrowser: Browser is opened with url: ''

2018-12-07 03:21:59 - [MESSAGE][WARNING] - A browser is already opened. Closing browser and opening a new one

2018-12-07 03:22:03 - [MESSAGE][PASSED] - Browser is opened with url: ''

2018-12-07 03:22:03 - [TEST_STEP][PASSED] - navigateToUrl: Navigate to 'https://assist2-uat.perkeso.gov.my/login' successfully

2018-12-07 03:22:04 - [MESSAGE][PASSED] - Navigate to 'https://assist2-uat.perkeso.gov.my/login' successfully

2018-12-07 03:22:04 - [TEST_STEP][PASSED] - delay: Delayed 5 second(s)

2018-12-07 03:22:09 - [MESSAGE][PASSED] - Delayed 5 second(s)

2018-12-07 03:22:09 - [TEST_STEP][PASSED] - setText: Text 'test@liferay.com' is set on object 'Object Repository/Final Object Repo/Login Page/Internal User/Email Address'

2018-12-07 03:22:09 - [MESSAGE][PASSED] - Text 'test@liferay.com' is set on object 'Object Repository/Final Object Repo/Login Page/Internal User/Email Address'

2018-12-07 03:22:09 - [TEST_STEP][PASSED] - click: Object: 'Object Repository/Final Object Repo/Login Page/Internal User/Next Button' is clicked on

2018-12-07 03:22:09 - [MESSAGE][PASSED] - Object: 'Object Repository/Final Object Repo/Login Page/Internal User/Next Button' is clicked on

2018-12-07 03:22:09 - [TEST_STEP][PASSED] - delay: Delayed 2 second(s)

2018-12-07 03:22:11 - [MESSAGE][PASSED] - Delayed 2 second(s)

2018-12-07 03:22:11 - [TEST_STEP][PASSED] - setText: Text 'test' is set on object 'Object Repository/Final Object Repo/Login Page/Internal User/Password'

2018-12-07 03:22:12 - [MESSAGE][PASSED] - Text 'test' is set on object 'Object Repository/Final Object Repo/Login Page/Internal User/Password'

2018-12-07 03:22:12 - [TEST_STEP][PASSED] - delay: Delayed 2 second(s)

2018-12-07 03:22:14 - [MESSAGE][PASSED] - Delayed 2 second(s)

2018-12-07 03:22:14 - [TEST_STEP][PASSED] - click: Object: 'Object Repository/Final Object Repo/Login Page/Internal User/Login Button' is clicked on

2018-12-07 03:22:14 - [MESSAGE][PASSED] - Object: 'Object Repository/Final Object Repo/Login Page/Internal User/Login Button' is clicked on

2018-12-07 03:22:14 - [TEST_STEP][PASSED] - Statement - tester = com.kms.katalon.core.testobject.ObjectRepository.findTestObject(Final Object Repo/Landing Page/Select to English): Finding Test Object with id 'Object Repository/Final Object Repo/Landing Page/Select to English'

2018-12-07 03:22:14 - [TEST_STEP][PASSED] - Statement - Try: Delayed 2 second(s)

2018-12-07 03:22:14 - [TEST_STEP][PASSED] - Statement - Checker = com.kms.katalon.core.webui.keyword.WebUiBuiltInKeywords.verifyElementNotPresent(tester, 3): Web element with id: 'Object Repository/Final Object Repo/Landing Page/Select to English' located by 'By.xpath: //a[@class = 'taglib-language-list-text' and @lang = 'en-US' and (contains(text(), 'EN') or contains(., 'EN'))]' is not present after '3' second(s)

2018-12-07 03:22:16 - [MESSAGE][PASSED] - Web element with id: 'Object Repository/Final Object Repo/Landing Page/Select to English' located by 'By.xpath: //a[@class = 'taglib-language-list-text' and @lang = 'en-US' and (contains(text(), 'EN') or contains(., 'EN'))]' is not present after '3' second(s)

2018-12-07 03:22:16 - [TEST_STEP][PASSED] - Statement - If (Checker == false): null

2018-12-07 03:22:16 - [TEST_STEP][PASSED] - delay: Delayed 2 second(s)

2018-12-07 03:22:18 - [MESSAGE][PASSED] - Delayed 2 second(s)

2018-12-07 03:22:18 - [TEST_STEP][PASSED] - delay: Delayed 5 second(s)

2018-12-07 03:22:23 - [MESSAGE][PASSED] - Delayed 5 second(s)

2018-12-07 03:22:23 - [TEST_STEP][PASSED] - mouseOver: Object: 'Object Repository/Final Object Repo/Landing Page/WorkFlow Menu' is hovered

2018-12-07 03:22:23 - [MESSAGE][PASSED] - Object: 'Object Repository/Final Object Repo/Landing Page/WorkFlow Menu' is hovered

2018-12-07 03:22:23 - [TEST_STEP][PASSED] - delay: Delayed 2 second(s)

2018-12-07 03:22:25 - [MESSAGE][PASSED] - Delayed 2 second(s)

2018-12-07 03:22:25 - [TEST_STEP][PASSED] - click: Object: 'Object Repository/Final Object Repo/Landing Page/Select to Workflow Listing' is clicked on

2018-12-07 03:22:26 - [MESSAGE][PASSED] - Object: 'Object Repository/Final Object Repo/Landing Page/Select to Workflow Listing' is clicked on

2018-12-07 03:22:26 - [TEST_STEP][PASSED] - delay: Delayed 2 second(s)

2018-12-07 03:22:28 - [MESSAGE][PASSED] - Delayed 2 second(s)

2018-12-07 03:22:28 - [TEST_STEP][PASSED] - click: Object: 'Object Repository/Final Object Repo/WorkFlow Listing Page/Search Information - To Put Ref No' is clicked on

2018-12-07 03:22:28 - [MESSAGE][PASSED] - Object: 'Object Repository/Final Object Repo/WorkFlow Listing Page/Search Information - To Put Ref No' is clicked on

2018-12-07 03:22:28 - [TEST_STEP][PASSED] - delay: Delayed 2 second(s)

2018-12-07 03:22:30 - [MESSAGE][PASSED] - Delayed 2 second(s)

2018-12-07 03:22:30 - [TEST_STEP][PASSED] - callTestCase: Call Test Case 'Test Cases/Final Aug 2018 - PKS Automation/Common/Reference Number Getter' successfully

2018-12-07 03:22:30 - [TEST_CASE][PASSED] - Test Cases/Final Aug 2018 - PKS Automation/Common/Reference Number Getter: Test Cases/Final Aug 2018 - PKS Automation/Common/Reference Number Getter

2018-12-07 03:22:30 - [TEST_STEP][PASSED] - Statement - Try: null

2018-12-07 03:22:30 - [TEST_STEP][PASSED] - Statement - RefNo = new java.io.File(C://Users//Admin//Desktop//PKS//Automation Reference Point//KatalonReference.txt): null

2018-12-07 03:22:30 - [TEST_STEP][PASSED] - Statement - bufferread = new java.io.BufferedReader(new java.io.FileReader(RefNo)): null

2018-12-07 03:22:30 - [TEST_STEP][PASSED] - Statement - readedVal = bufferread.readLine(): null

2018-12-07 03:22:30 - [TEST_STEP][PASSED] - Statement - out.println(CaseReferenceNo): null

2018-12-07 03:22:30 - [TEST_STEP][PASSED] - Statement - out.println(readedVal): null

2018-12-07 03:22:30 - [TEST_STEP][PASSED] - Statement - CaseReferenceNo = "": null

2018-12-07 03:22:30 - [TEST_STEP][PASSED] - Statement - CaseReferenceNo = readedVal: null

2018-12-07 03:22:30 - [MESSAGE][PASSED] - Call Test Case 'Test Cases/Final Aug 2018 - PKS Automation/Common/Reference Number Getter' successfully

2018-12-07 03:22:30 - [TEST_STEP][PASSED] - setText: Text 'CUN122018C100005878' is set on object 'Object Repository/Final Object Repo/WorkFlow Listing Page/Ref No Set Text'

2018-12-07 03:22:31 - [MESSAGE][PASSED] - Text 'CUN122018C100005878' is set on object 'Object Repository/Final Object Repo/WorkFlow Listing Page/Ref No Set Text'

2018-12-07 03:22:31 - [TEST_STEP][PASSED] - delay: Delayed 2 second(s)

2018-12-07 03:22:33 - [MESSAGE][PASSED] - Delayed 2 second(s)

2018-12-07 03:22:33 - [TEST_STEP][PASSED] - click: Object: 'Object Repository/Final Object Repo/WorkFlow Listing Page/Search Ref No Search Button' is clicked on

2018-12-07 03:22:33 - [MESSAGE][PASSED] - Object: 'Object Repository/Final Object Repo/WorkFlow Listing Page/Search Ref No Search Button' is clicked on

2018-12-07 03:22:33 - [TEST_STEP][PASSED] - delay: Delayed 6 second(s)

2018-12-07 03:22:39 - [MESSAGE][PASSED] - Delayed 6 second(s)

2018-12-07 03:22:39 - [TEST_STEP][PASSED] - click: Object: 'Object Repository/Final Object Repo/WorkFlow Listing Page/Click Continue Tooltip' is clicked on

2018-12-07 03:22:40 - [MESSAGE][PASSED] - Object: 'Object Repository/Final Object Repo/WorkFlow Listing Page/Click Continue Tooltip' is clicked on

2018-12-07 03:22:40 - [TEST_STEP][PASSED] - delay: Delayed 5 second(s)

2018-12-07 03:22:45 - [MESSAGE][PASSED] - Delayed 5 second(s)

2018-12-07 03:22:45 - [TEST_STEP][PASSED] - doubleClick: Object: 'Object Repository/Final Object Repo/WorkFlow Listing Page/Workflow Found - Listing 1' is double clicked on

2018-12-07 03:22:45 - [MESSAGE][PASSED] - Object: 'Object Repository/Final Object Repo/WorkFlow Listing Page/Workflow Found - Listing 1' is double clicked on

2018-12-07 03:22:45 - [TEST_STEP][PASSED] - Statement - println(OwnerID): null

2018-12-07 03:22:45 - [TEST_STEP][PASSED] - Statement - OwnerID = com.kms.katalon.core.webui.keyword.WebUiBuiltInKeywords.getText(com.kms.katalon.core.testobject.ObjectRepository.findTestObject(Final Object Repo/WorkFlow Listing Page/Workflow Found - Listing 1), STOP_ON_FAILURE): Text of object 'Object Repository/Final Object Repo/WorkFlow Listing Page/Workflow Found - Listing 1' is: 'JOHORuo1'

2018-12-07 03:22:45 - [MESSAGE][PASSED] - Text of object 'Object Repository/Final Object Repo/WorkFlow Listing Page/Workflow Found - Listing 1' is: 'JOHORuo1'

2018-12-07 03:22:45 - [TEST_STEP][PASSED] - Statement - OwnerID = OwnerID.toLowerCase() + "@gmail.com": null

2018-12-07 03:22:45 - [TEST_STEP][PASSED] - Statement - println(OwnerID): null

2018-12-07 03:22:45 - [TEST_STEP][PASSED] - delay: Delayed 2 second(s)

2018-12-07 03:22:47 - [MESSAGE][PASSED] - Delayed 2 second(s)

2018-12-07 03:22:47 - [MESSAGE][PASSED] - Call Test Case 'Test Cases/Final Aug 2018 - PKS Automation/Common/Workflow Owner Finder' successfully

2018-12-07 03:22:47 - [TEST_STEP][PASSED] - delay: Delayed 2 second(s)

2018-12-07 03:22:49 - [MESSAGE][PASSED] - Delayed 2 second(s)

2018-12-07 03:22:49 - [TEST_STEP][PASSED] - navigateToUrl: Navigate to 'https://assist2-uat.perkeso.gov.my/c/portal/logout' successfully

2018-12-07 03:22:50 - [MESSAGE][PASSED] - Navigate to 'https://assist2-uat.perkeso.gov.my/c/portal/logout' successfully

2018-12-07 03:22:50 - [TEST_STEP][PASSED] - delay: Delayed 2 second(s)

2018-12-07 03:22:52 - [MESSAGE][PASSED] - Delayed 2 second(s)

2018-12-07 03:22:52 - [TEST_STEP][PASSED] - callTestCase: Call Test Case 'Test Cases/Final Aug 2018 - PKS Automation/Registration Module/Workflow/Login and Search Case For Workflow' successfully

2018-12-07 03:22:52 - [TEST_CASE][PASSED] - Test Cases/Final Aug 2018 - PKS Automation/Registration Module/Workflow/Login and Search Case For Workflow: Test Cases/Final Aug 2018 - PKS Automation/Registration Module/Workflow/Login and Search Case For Workflow

2018-12-07 03:22:52 - [TEST_STEP][PASSED] - navigateToUrl: Navigate to 'https://assist2-uat.perkeso.gov.my/login' successfully

2018-12-07 03:22:52 - [MESSAGE][PASSED] - Navigate to 'https://assist2-uat.perkeso.gov.my/login' successfully

2018-12-07 03:22:52 - [TEST_STEP][PASSED] - setText: Text 'johoruo1@gmail.com' is set on object 'Object Repository/Final Object Repo/Login Page/Internal User/Email Address'

2018-12-07 03:22:53 - [MESSAGE][PASSED] - Text 'johoruo1@gmail.com' is set on object 'Object Repository/Final Object Repo/Login Page/Internal User/Email Address'

2018-12-07 03:22:53 - [TEST_STEP][PASSED] - click: Object: 'Object Repository/Final Object Repo/Login Page/Internal User/Next Button' is clicked on

2018-12-07 03:22:53 - [MESSAGE][PASSED] - Object: 'Object Repository/Final Object Repo/Login Page/Internal User/Next Button' is clicked on

2018-12-07 03:22:53 - [TEST_STEP][PASSED] - delay: Delayed 1 second(s)

2018-12-07 03:22:54 - [MESSAGE][PASSED] - Delayed 1 second(s)

2018-12-07 03:22:54 - [TEST_STEP][PASSED] - setEncryptedText: Text ****** has been set on object 'Object Repository/Final Object Repo/Login Page/Internal User/Password'

2018-12-07 03:22:54 - [MESSAGE][PASSED] - Text ****** has been set on object 'Object Repository/Final Object Repo/Login Page/Internal User/Password'

2018-12-07 03:22:54 - [TEST_STEP][PASSED] - click: Object: 'Object Repository/Final Object Repo/Login Page/Internal User/Login Button' is clicked on

2018-12-07 03:22:54 - [MESSAGE][PASSED] - Object: 'Object Repository/Final Object Repo/Login Page/Internal User/Login Button' is clicked on

2018-12-07 03:22:54 - [TEST_STEP][PASSED] - delay: Delayed 2 second(s)

2018-12-07 03:22:56 - [MESSAGE][PASSED] - Delayed 2 second(s)

2018-12-07 03:22:56 - [TEST_STEP][PASSED] - Statement - Try: Delayed 2 second(s)

2018-12-07 03:22:56 - [TEST_STEP][PASSED] - Statement - Checker = false: null

2018-12-07 03:22:56 - [TEST_STEP][PASSED] - Statement - Checker = com.kms.katalon.core.webui.keyword.WebUiBuiltInKeywords.verifyElementHasAttribute(com.kms.katalon.core.testobject.ObjectRepository.findTestObject(Final Object Repo/Landing Page/BM Detecting), "href", 20, OPTIONAL): Object 'Object Repository/Final Object Repo/Landing Page/BM Detecting' has attribute 'href'

2018-12-07 03:22:56 - [MESSAGE][PASSED] - Object 'Object Repository/Final Object Repo/Landing Page/BM Detecting' has attribute 'href'

2018-12-07 03:22:56 - [TEST_STEP][PASSED] - Statement - out.println(Checker): null

2018-12-07 03:22:56 - [TEST_STEP][PASSED] - Statement - If (Checker == false): null

2018-12-07 03:22:56 - [TEST_STEP][PASSED] - Statement - Else: null

2018-12-07 03:22:56 - [TEST_STEP][PASSED] - delay: Delayed 2 second(s)

2018-12-07 03:22:58 - [MESSAGE][PASSED] - Delayed 2 second(s)

2018-12-07 03:22:58 - [TEST_STEP][PASSED] - click: Object: 'Object Repository/Final Object Repo/Page_MyASSIST - ASSIST - Search Pending Case For Add Supporting Document/Search Information' is clicked on

2018-12-07 03:22:58 - [MESSAGE][PASSED] - Object: 'Object Repository/Final Object Repo/Page_MyASSIST - ASSIST - Search Pending Case For Add Supporting Document/Search Information' is clicked on

2018-12-07 03:22:58 - [TEST_STEP][PASSED] - delay: Delayed 3 second(s)

2018-12-07 03:23:01 - [MESSAGE][PASSED] - Delayed 3 second(s)

2018-12-07 03:23:01 - [TEST_STEP][PASSED] - sendKeys: Keys 'CUN122018C100005878' sent to object: 'Object Repository/Final Object Repo/Page_MyASSIST - ASSIST - Search Pending Case For Add Supporting Document/Reference No'

2018-12-07 03:23:02 - [MESSAGE][PASSED] - Keys 'CUN122018C100005878' sent to object: 'Object Repository/Final Object Repo/Page_MyASSIST - ASSIST - Search Pending Case For Add Supporting Document/Reference No'

2018-12-07 03:23:02 - [TEST_STEP][PASSED] - click: Object: 'Object Repository/Final Object Repo/Page_MyASSIST - ASSIST - Search Pending Case For Add Supporting Document/Search Reference No' is clicked on

2018-12-07 03:23:02 - [MESSAGE][PASSED] - Object: 'Object Repository/Final Object Repo/Page_MyASSIST - ASSIST - Search Pending Case For Add Supporting Document/Search Reference No' is clicked on

2018-12-07 03:23:02 - [TEST_STEP][PASSED] - delay: Delayed 2 second(s)

2018-12-07 03:23:04 - [MESSAGE][PASSED] - Delayed 2 second(s)

2018-12-07 03:23:04 - [TEST_STEP][PASSED] - click: Object: 'Object Repository/Final Object Repo/Page_MyASSIST - ASSIST - Search Pending Case For Add Supporting Document/Continue' is clicked on

2018-12-07 03:23:08 - [MESSAGE][PASSED] - Object: 'Object Repository/Final Object Repo/Page_MyASSIST - ASSIST - Search Pending Case For Add Supporting Document/Continue' is clicked on

2018-12-07 03:23:08 - [TEST_STEP][PASSED] - delay: Delayed 20 second(s)

2018-12-07 03:23:28 - [MESSAGE][PASSED] - Delayed 20 second(s)

2018-12-07 03:23:28 - [MESSAGE][PASSED] - Call Test Case 'Test Cases/Final Aug 2018 - PKS Automation/Registration Module/Workflow/Login and Search Case For Workflow' successfully

2018-12-07 03:23:28 - [TEST_STEP][PASSED] - click: Object: 'Object Repository/Final Object Repo/Page_Update Employee Information By Employee/Page_Update Employee Information By Employee (Approve)/Continue' is clicked on

2018-12-07 03:23:31 - [MESSAGE][PASSED] - Object: 'Object Repository/Final Object Repo/Page_Update Employee Information By Employee/Page_Update Employee Information By Employee (Approve)/Continue' is clicked on

2018-12-07 03:23:31 - [TEST_STEP][PASSED] - delay: Delayed 2 second(s)

2018-12-07 03:23:33 - [MESSAGE][PASSED] - Delayed 2 second(s)

2018-12-07 03:23:33 - [TEST_STEP][PASSED] - click: Object: 'Object Repository/Final Object Repo/Page_Update Employee Information By Employer/Page_Update Employee Information by Employer (Approve)/Save  Continue in Update Employee Information Page' is clicked on

2018-12-07 03:23:33 - [MESSAGE][PASSED] - Object: 'Object Repository/Final Object Repo/Page_Update Employee Information By Employer/Page_Update Employee Information by Employer (Approve)/Save  Continue in Update Employee Information Page' is clicked on

2018-12-07 03:23:33 - [TEST_STEP][PASSED] - delay: Delayed 2 second(s)

2018-12-07 03:23:35 - [MESSAGE][PASSED] - Delayed 2 second(s)

2018-12-07 03:23:35 - [TEST_STEP][PASSED] - click: Object: 'Object Repository/Final Object Repo/Page_Update Employee Information By Employer/Page_Update Employee Information by Employer (Approve)/Save  Continue in Upload Supporting Doucument Page' is clicked on

2018-12-07 03:23:36 - [MESSAGE][PASSED] - Object: 'Object Repository/Final Object Repo/Page_Update Employee Information By Employer/Page_Update Employee Information by Employer (Approve)/Save  Continue in Upload Supporting Doucument Page' is clicked on

2018-12-07 03:23:36 - [TEST_STEP][PASSED] - delay: Delayed 2 second(s)

2018-12-07 03:23:38 - [MESSAGE][PASSED] - Delayed 2 second(s)

2018-12-07 03:23:38 - [TEST_STEP][PASSED] - click: Object: 'Object Repository/Final Object Repo/Page_Update Employee Information By Employee/Page_Update Employee Information by Employee (Under enforcement)/Under enforcement' is clicked on

2018-12-07 03:23:40 - [MESSAGE][PASSED] - Object: 'Object Repository/Final Object Repo/Page_Update Employee Information By Employee/Page_Update Employee Information by Employee (Under enforcement)/Under enforcement' is clicked on

2018-12-07 03:23:40 - [TEST_STEP][PASSED] - delay: Delayed 2 second(s)

2018-12-07 03:23:42 - [MESSAGE][PASSED] - Delayed 2 second(s)

2018-12-07 03:23:42 - [TEST_STEP][PASSED] - setText: Text 'remark' is set on object 'Object Repository/Final Object Repo/Page_Update Employee Information By Employee/Page_Update Employee Information by Employee (Under enforcement)/Under enforcement - remark'

2018-12-07 03:23:42 - [MESSAGE][PASSED] - Text 'remark' is set on object 'Object Repository/Final Object Repo/Page_Update Employee Information By Employee/Page_Update Employee Information by Employee (Under enforcement)/Under enforcement - remark'

2018-12-07 03:23:42 - [TEST_STEP][PASSED] - delay: Delayed 2 second(s)

2018-12-07 03:23:44 - [MESSAGE][PASSED] - Delayed 2 second(s)

2018-12-07 03:23:44 - [TEST_STEP][PASSED] - click: Object: 'Object Repository/Final Object Repo/Page_Update Employee Information By Employee/Page_Update Employee Information by Employee (Under enforcement)/Save  Continue in Under enforcement Page' is clicked on

2018-12-07 03:23:44 - [MESSAGE][PASSED] - Object: 'Object Repository/Final Object Repo/Page_Update Employee Information By Employee/Page_Update Employee Information by Employee (Under enforcement)/Save  Continue in Under enforcement Page' is clicked on

2018-12-07 03:23:44 - [TEST_STEP][PASSED] - click: Object: 'Object Repository/Final Object Repo/Page_Update Employee Information By Employee/Page_Update Employee Information by Employee (Under enforcement)/Message The case is under enforcement' is clicked on

2018-12-07 03:23:48 - [MESSAGE][PASSED] - Object: 'Object Repository/Final Object Repo/Page_Update Employee Information By Employee/Page_Update Employee Information by Employee (Under enforcement)/Message The case is under enforcement' is clicked on

2018-12-07 03:23:48 - [MESSAGE][PASSED] - Call Test Case 'Test Cases/Final Aug 2018 - PKS Automation/Registration Module/Workflow/Update Employee Information (Employee)/Template/Update Employee Information - Special Case - UO (Under enforcement)' successfully]]></system-out>
         <system-err><![CDATA[]]></system-err>
      </testcase>
      <system-out><![CDATA[2018-12-07 02:43:03 - [TEST_SUITE][PASSED] - Update Employee Information (Employee): Test Cases/Final Aug 2018 - PKS Automation/Registration Module/Workflow/Update Employee Information (Employee)/PKRBO to UO (Under enforcement)]]></system-out>
      <system-err><![CDATA[]]></system-err>
   </testsuite>
</testsuites>
