<?xml version="1.0" encoding="UTF-8"?>
<testsuites name="Form 1A - Cessation as Employer" time="4337" tests="12" failures="0" errors="0">
   <testsuite name="Form 1A - Cessation as Employer" tests="12" failures="0" errors="0" time="4337" timestamp="2018-11-28 11:02:51" hostname="Admin - Win7Test02" id="Test Suites/Workflow/Form 1A - Cessation as Employer">
      <properties>
         <property name="deviceName" value=""/>
         <property name="devicePlatform" value=""/>
         <property name="logFolder" value="C:\\Users\\Admin\\Desktop\\PKS\\Perkeso Phase A\\Reports\\Workflow\\Form 1A - Cessation as Employer\\20181128_110248"/>
         <property name="logFiles" value="C:\\Users\\Admin\\Desktop\\PKS\\Perkeso Phase A\\Reports\\Workflow\\Form 1A - Cessation as Employer\\20181128_110248\\execution0.log"/>
         <property name="attachments" value=""/>
         <property name="hostName" value="Admin - Win7Test02"/>
         <property name="os" value="Windows 7 64bit"/>
         <property name="katalonVersion" value="5.8.6.1"/>
         <property name="browser" value="Chrome 70.0.3538.110"/>
         <property name="hostAddress" value="10.20.3.72"/>
         <property name="sessionId" value="b4478c0334898e54f73f93dca0a20731"/>
         <property name="seleniumVersion" value="3.7.1"/>
         <property name="proxyInformation" value="ProxyInformation{proxyOption=NO_PROXY, proxyServerType=HTTP, password=, proxyServerAddress=, proxyServerPort=0}"/>
         <property name="platform" value="Windows 7"/>
      </properties>
      <testcase name="Test Cases/Final Aug 2018 - PKS Automation/Registration Module/Workflow/Form 1A - Cessation As Employer/Employer to UO (Approve)" classname="Test Cases/Final Aug 2018 - PKS Automation/Registration Module/Workflow/Form 1A - Cessation As Employer/Employer to UO (Approve)" status="PASSED">
         <system-out><![CDATA[2018-11-28 11:02:52 - [TEST_CASE][PASSED] - Test Cases/Final Aug 2018 - PKS Automation/Registration Module/Workflow/Form 1A - Cessation As Employer/Employer to UO (Approve): Test Cases/Final Aug 2018 - PKS Automation/Registration Module/Workflow/Form 1A - Cessation As Employer/Employer to UO (Approve)

2018-11-28 11:02:52 - [TEST_STEP][PASSED] - callTestCase: Call Test Case 'Test Cases/Final Aug 2018 - PKS Automation/Registration Module/Workflow/Form 1A - Cessation As Employer/Template/Form 1 A - Cessation As Employer (Employer)' successfully

2018-11-28 11:02:52 - [TEST_CASE][PASSED] - Test Cases/Final Aug 2018 - PKS Automation/Registration Module/Workflow/Form 1A - Cessation As Employer/Template/Form 1 A - Cessation As Employer (Employer): Test Cases/Final Aug 2018 - PKS Automation/Registration Module/Workflow/Form 1A - Cessation As Employer/Template/Form 1 A - Cessation As Employer (Employer)

2018-11-28 11:02:53 - [TEST_STEP][PASSED] - callTestCase: Call Test Case 'Test Cases/Final Aug 2018 - PKS Automation/Registration Module/Workflow/Update Add New Employee/Template/New Company for Update Add New - Employer' successfully

2018-11-28 11:02:53 - [TEST_CASE][PASSED] - Test Cases/Final Aug 2018 - PKS Automation/Registration Module/Workflow/Update Add New Employee/Template/New Company for Update Add New - Employer: Test Cases/Final Aug 2018 - PKS Automation/Registration Module/Workflow/Update Add New Employee/Template/New Company for Update Add New - Employer

2018-11-28 11:02:53 - [TEST_STEP][PASSED] - callTestCase: Call Test Case 'Test Cases/Final Aug 2018 - PKS Automation/Create Employer Acc/Create Employer Account' successfully

2018-11-28 11:02:53 - [TEST_CASE][PASSED] - Test Cases/Final Aug 2018 - PKS Automation/Create Employer Acc/Create Employer Account: Test Cases/Final Aug 2018 - PKS Automation/Create Employer Acc/Create Employer Account

2018-11-28 11:02:53 - [TEST_STEP][PASSED] - callTestCase: Call Test Case 'Test Cases/Final Aug 2018 - PKS Automation/Create Employer Acc/Template/Register Employer' successfully

2018-11-28 11:02:53 - [TEST_CASE][PASSED] - Test Cases/Final Aug 2018 - PKS Automation/Create Employer Acc/Template/Register Employer: Test Cases/Final Aug 2018 - PKS Automation/Create Employer Acc/Template/Register Employer

2018-11-28 11:02:54 - [TEST_STEP][PASSED] - openBrowser: Browser is opened with url: ''

2018-11-28 11:02:58 - [MESSAGE][PASSED] - Browser is opened with url: ''

2018-11-28 11:02:58 - [TEST_STEP][PASSED] - navigateToUrl: Navigate to 'https://assist2-uat.perkeso.gov.my/login' successfully

2018-11-28 11:02:59 - [MESSAGE][PASSED] - Navigate to 'https://assist2-uat.perkeso.gov.my/login' successfully

2018-11-28 11:02:59 - [TEST_STEP][PASSED] - setText: Text 'johorotc1@gmail.com' is set on object 'Object Repository/Final Object Repo/Login Page/Internal User/Email Address'

2018-11-28 11:02:59 - [MESSAGE][PASSED] - Text 'johorotc1@gmail.com' is set on object 'Object Repository/Final Object Repo/Login Page/Internal User/Email Address'

2018-11-28 11:02:59 - [TEST_STEP][PASSED] - click: Object: 'Object Repository/Final Object Repo/Login Page/Internal User/Next Button' is clicked on

2018-11-28 11:02:59 - [MESSAGE][PASSED] - Object: 'Object Repository/Final Object Repo/Login Page/Internal User/Next Button' is clicked on

2018-11-28 11:02:59 - [TEST_STEP][PASSED] - delay: Delayed 1 second(s)

2018-11-28 11:03:00 - [MESSAGE][PASSED] - Delayed 1 second(s)

2018-11-28 11:03:00 - [TEST_STEP][PASSED] - setEncryptedText: Text ****** has been set on object 'Object Repository/Final Object Repo/Login Page/Internal User/Password'

2018-11-28 11:03:01 - [MESSAGE][PASSED] - Text ****** has been set on object 'Object Repository/Final Object Repo/Login Page/Internal User/Password'

2018-11-28 11:03:01 - [TEST_STEP][PASSED] - click: Object: 'Object Repository/Final Object Repo/Login Page/Internal User/Login Button' is clicked on

2018-11-28 11:03:01 - [MESSAGE][PASSED] - Object: 'Object Repository/Final Object Repo/Login Page/Internal User/Login Button' is clicked on

2018-11-28 11:03:01 - [TEST_STEP][PASSED] - delay: Delayed 1 second(s)

2018-11-28 11:03:02 - [MESSAGE][PASSED] - Delayed 1 second(s)

2018-11-28 11:03:02 - [TEST_STEP][PASSED] - navigateToUrl: Navigate to 'https://assist2-uat.perkeso.gov.my/web/base/portal-id/registration' successfully

2018-11-28 11:03:04 - [MESSAGE][PASSED] - Navigate to 'https://assist2-uat.perkeso.gov.my/web/base/portal-id/registration' successfully

2018-11-28 11:03:04 - [TEST_STEP][PASSED] - setText: Text 'AUTOMATION EMPLOYER' is set on object 'Object Repository/Final Object Repo/Creating Employer Account/Page_Registration - ASSIST (Base)/Employer Name'

2018-11-28 11:03:04 - [MESSAGE][PASSED] - Text 'AUTOMATION EMPLOYER' is set on object 'Object Repository/Final Object Repo/Creating Employer Account/Page_Registration - ASSIST (Base)/Employer Name'

2018-11-28 11:03:04 - [TEST_STEP][PASSED] - delay: Delayed 2 second(s)

2018-11-28 11:03:06 - [MESSAGE][PASSED] - Delayed 2 second(s)

2018-11-28 11:03:06 - [TEST_STEP][PASSED] - click: Object: 'Object Repository/Final Object Repo/Creating Employer Account/Page_Registration - ASSIST (Base)/Registration Type' is clicked on

2018-11-28 11:03:07 - [MESSAGE][PASSED] - Object: 'Object Repository/Final Object Repo/Creating Employer Account/Page_Registration - ASSIST (Base)/Registration Type' is clicked on

2018-11-28 11:03:07 - [TEST_STEP][PASSED] - delay: Delayed 2 second(s)

2018-11-28 11:03:09 - [MESSAGE][PASSED] - Delayed 2 second(s)

2018-11-28 11:03:09 - [TEST_STEP][PASSED] - click: Object: 'Object Repository/Final Object Repo/Creating Employer Account/Page_Registration - ASSIST (Base)/Registration Type - Registration No' is clicked on

2018-11-28 11:03:09 - [MESSAGE][PASSED] - Object: 'Object Repository/Final Object Repo/Creating Employer Account/Page_Registration - ASSIST (Base)/Registration Type - Registration No' is clicked on

2018-11-28 11:03:09 - [TEST_STEP][PASSED] - delay: Delayed 2 second(s)

2018-11-28 11:03:11 - [MESSAGE][PASSED] - Delayed 2 second(s)

2018-11-28 11:03:11 - [TEST_STEP][PASSED] - setText: Text '1234567890' is set on object 'Object Repository/Final Object Repo/Creating Employer Account/Page_Registration - ASSIST (Base)/Registration Number'

2018-11-28 11:03:11 - [MESSAGE][PASSED] - Text '1234567890' is set on object 'Object Repository/Final Object Repo/Creating Employer Account/Page_Registration - ASSIST (Base)/Registration Number'

2018-11-28 11:03:11 - [TEST_STEP][PASSED] - delay: Delayed 2 second(s)

2018-11-28 11:03:13 - [MESSAGE][PASSED] - Delayed 2 second(s)

2018-11-28 11:03:13 - [TEST_STEP][PASSED] - setText: Text 'ADDRESS 1' is set on object 'Object Repository/Final Object Repo/Creating Employer Account/Page_Registration - ASSIST (Base)/Postal Address 1'

2018-11-28 11:03:14 - [MESSAGE][PASSED] - Text 'ADDRESS 1' is set on object 'Object Repository/Final Object Repo/Creating Employer Account/Page_Registration - ASSIST (Base)/Postal Address 1'

2018-11-28 11:03:14 - [TEST_STEP][PASSED] - setText: Text 'ADDRESS 2' is set on object 'Object Repository/Final Object Repo/Creating Employer Account/Page_Registration - ASSIST (Base)/Postal Address 2'

2018-11-28 11:03:14 - [MESSAGE][PASSED] - Text 'ADDRESS 2' is set on object 'Object Repository/Final Object Repo/Creating Employer Account/Page_Registration - ASSIST (Base)/Postal Address 2'

2018-11-28 11:03:14 - [TEST_STEP][PASSED] - click: Object: 'Object Repository/Final Object Repo/Creating Employer Account/Page_Registration - ASSIST (Base)/State' is clicked on

2018-11-28 11:03:14 - [MESSAGE][PASSED] - Object: 'Object Repository/Final Object Repo/Creating Employer Account/Page_Registration - ASSIST (Base)/State' is clicked on

2018-11-28 11:03:14 - [TEST_STEP][PASSED] - delay: Delayed 2 second(s)

2018-11-28 11:03:16 - [MESSAGE][PASSED] - Delayed 2 second(s)

2018-11-28 11:03:16 - [TEST_STEP][PASSED] - click: Object: 'Object Repository/Final Object Repo/Creating Employer Account/Page_Registration - ASSIST (Base)/State - Johor' is clicked on

2018-11-28 11:03:17 - [MESSAGE][PASSED] - Object: 'Object Repository/Final Object Repo/Creating Employer Account/Page_Registration - ASSIST (Base)/State - Johor' is clicked on

2018-11-28 11:03:17 - [TEST_STEP][PASSED] - delay: Delayed 2 second(s)

2018-11-28 11:03:19 - [MESSAGE][PASSED] - Delayed 2 second(s)

2018-11-28 11:03:19 - [TEST_STEP][PASSED] - click: Object: 'Object Repository/Final Object Repo/Creating Employer Account/Page_Registration - ASSIST (Base)/City' is clicked on

2018-11-28 11:03:19 - [MESSAGE][PASSED] - Object: 'Object Repository/Final Object Repo/Creating Employer Account/Page_Registration - ASSIST (Base)/City' is clicked on

2018-11-28 11:03:19 - [TEST_STEP][PASSED] - delay: Delayed 2 second(s)

2018-11-28 11:03:21 - [MESSAGE][PASSED] - Delayed 2 second(s)

2018-11-28 11:03:21 - [TEST_STEP][PASSED] - setText: Text 'joh' is set on object 'Object Repository/Final Object Repo/Creating Employer Account/Page_Registration - ASSIST (Base)/City - joh'

2018-11-28 11:03:21 - [MESSAGE][PASSED] - Text 'joh' is set on object 'Object Repository/Final Object Repo/Creating Employer Account/Page_Registration - ASSIST (Base)/City - joh'

2018-11-28 11:03:21 - [TEST_STEP][PASSED] - delay: Delayed 2 second(s)

2018-11-28 11:03:23 - [MESSAGE][PASSED] - Delayed 2 second(s)

2018-11-28 11:03:23 - [TEST_STEP][PASSED] - click: Object: 'Object Repository/Final Object Repo/Creating Employer Account/Page_Registration - ASSIST (Base)/City - Johor Bharu' is clicked on

2018-11-28 11:03:23 - [MESSAGE][PASSED] - Object: 'Object Repository/Final Object Repo/Creating Employer Account/Page_Registration - ASSIST (Base)/City - Johor Bharu' is clicked on

2018-11-28 11:03:23 - [TEST_STEP][PASSED] - delay: Delayed 2 second(s)

2018-11-28 11:03:25 - [MESSAGE][PASSED] - Delayed 2 second(s)

2018-11-28 11:03:25 - [TEST_STEP][PASSED] - click: Object: 'Object Repository/Final Object Repo/Creating Employer Account/Page_Registration - ASSIST (Base)/Post Code' is clicked on

2018-11-28 11:03:26 - [MESSAGE][PASSED] - Object: 'Object Repository/Final Object Repo/Creating Employer Account/Page_Registration - ASSIST (Base)/Post Code' is clicked on

2018-11-28 11:03:26 - [TEST_STEP][PASSED] - delay: Delayed 2 second(s)

2018-11-28 11:03:28 - [MESSAGE][PASSED] - Delayed 2 second(s)

2018-11-28 11:03:28 - [TEST_STEP][PASSED] - setText: Text '810' is set on object 'Object Repository/Final Object Repo/Creating Employer Account/Page_Registration - ASSIST (Base)/Post Code - 810'

2018-11-28 11:03:28 - [MESSAGE][PASSED] - Text '810' is set on object 'Object Repository/Final Object Repo/Creating Employer Account/Page_Registration - ASSIST (Base)/Post Code - 810'

2018-11-28 11:03:28 - [TEST_STEP][PASSED] - delay: Delayed 2 second(s)

2018-11-28 11:03:30 - [MESSAGE][PASSED] - Delayed 2 second(s)

2018-11-28 11:03:30 - [TEST_STEP][PASSED] - click: Object: 'Object Repository/Final Object Repo/Creating Employer Account/Page_Registration - ASSIST (Base)/Post Code - 81000' is clicked on

2018-11-28 11:03:30 - [MESSAGE][PASSED] - Object: 'Object Repository/Final Object Repo/Creating Employer Account/Page_Registration - ASSIST (Base)/Post Code - 81000' is clicked on

2018-11-28 11:03:30 - [TEST_STEP][PASSED] - delay: Delayed 2 second(s)

2018-11-28 11:03:32 - [MESSAGE][PASSED] - Delayed 2 second(s)

2018-11-28 11:03:32 - [TEST_STEP][PASSED] - setText: Text 'PERKESO' is set on object 'Object Repository/Final Object Repo/Creating Employer Account/Page_Registration - ASSIST (Base)/Full Name'

2018-11-28 11:03:32 - [MESSAGE][PASSED] - Text 'PERKESO' is set on object 'Object Repository/Final Object Repo/Creating Employer Account/Page_Registration - ASSIST (Base)/Full Name'

2018-11-28 11:03:32 - [TEST_STEP][PASSED] - Statement - rnd = new java.util.Random(): null

2018-11-28 11:03:32 - [TEST_STEP][PASSED] - Statement - snum = rnd.nextInt(899999 + 1) + 100000: null

2018-11-28 11:03:32 - [TEST_STEP][PASSED] - Statement - tnum = rnd.nextInt(899999 + 1) + 100000: null

2018-11-28 11:03:32 - [TEST_STEP][PASSED] - Statement - IC = java.lang.Integer.toString(snum) + java.lang.Integer.toString(tnum): null

2018-11-28 11:03:32 - [TEST_STEP][PASSED] - Statement - out.println(IC): null

2018-11-28 11:03:32 - [TEST_STEP][PASSED] - setText: Text '615602611676' is set on object 'Object Repository/Final Object Repo/Creating Employer Account/Page_Registration - ASSIST (Base)/Identification Number'

2018-11-28 11:03:33 - [MESSAGE][PASSED] - Text '615602611676' is set on object 'Object Repository/Final Object Repo/Creating Employer Account/Page_Registration - ASSIST (Base)/Identification Number'

2018-11-28 11:03:33 - [TEST_STEP][PASSED] - delay: Delayed 2 second(s)

2018-11-28 11:03:35 - [MESSAGE][PASSED] - Delayed 2 second(s)

2018-11-28 11:03:35 - [TEST_STEP][PASSED] - setText: Text '123456789012' is set on object 'Object Repository/Final Object Repo/Creating Employer Account/Page_Registration - ASSIST (Base)/Contact Number'

2018-11-28 11:03:35 - [MESSAGE][PASSED] - Text '123456789012' is set on object 'Object Repository/Final Object Repo/Creating Employer Account/Page_Registration - ASSIST (Base)/Contact Number'

2018-11-28 11:03:35 - [TEST_STEP][PASSED] - Statement - Email = "perkeso" + IC + "@gmail.com": null

2018-11-28 11:03:35 - [TEST_STEP][PASSED] - delay: Delayed 2 second(s)

2018-11-28 11:03:37 - [MESSAGE][PASSED] - Delayed 2 second(s)

2018-11-28 11:03:37 - [TEST_STEP][PASSED] - callTestCase: Call Test Case 'Test Cases/Final Aug 2018 - PKS Automation/Create Employer Acc/Template/Employer Email Settler' successfully

2018-11-28 11:03:37 - [TEST_CASE][PASSED] - Test Cases/Final Aug 2018 - PKS Automation/Create Employer Acc/Template/Employer Email Settler: Test Cases/Final Aug 2018 - PKS Automation/Create Employer Acc/Template/Employer Email Settler

2018-11-28 11:03:38 - [TEST_STEP][PASSED] - Statement - EmpEmailOld = new java.io.File(C://Users//Admin//Desktop//PKS//Automation Reference Point//EmpEmail.txt): null

2018-11-28 11:03:38 - [TEST_STEP][PASSED] - Statement - EmpEmailOld.delete(): null

2018-11-28 11:03:38 - [TEST_STEP][PASSED] - Statement - EmpEmail = new java.io.File(C://Users//Admin//Desktop//PKS//Automation Reference Point//EmpEmail.txt): null

2018-11-28 11:03:38 - [TEST_STEP][PASSED] - Statement - EmpEmail.append(Email): null

2018-11-28 11:03:38 - [TEST_STEP][PASSED] - Statement - out.println(Email): null

2018-11-28 11:03:38 - [MESSAGE][PASSED] - Call Test Case 'Test Cases/Final Aug 2018 - PKS Automation/Create Employer Acc/Template/Employer Email Settler' successfully

2018-11-28 11:03:38 - [TEST_STEP][PASSED] - delay: Delayed 2 second(s)

2018-11-28 11:03:40 - [MESSAGE][PASSED] - Delayed 2 second(s)

2018-11-28 11:03:40 - [TEST_STEP][PASSED] - setText: Text 'perkeso615602611676@gmail.com' is set on object 'Object Repository/Final Object Repo/Creating Employer Account/Page_Registration - ASSIST (Base)/Email'

2018-11-28 11:03:40 - [MESSAGE][PASSED] - Text 'perkeso615602611676@gmail.com' is set on object 'Object Repository/Final Object Repo/Creating Employer Account/Page_Registration - ASSIST (Base)/Email'

2018-11-28 11:03:40 - [TEST_STEP][PASSED] - setText: Text '123' is set on object 'Object Repository/Final Object Repo/Creating Employer Account/Page_Registration - ASSIST (Base)/Security Phase'

2018-11-28 11:03:41 - [MESSAGE][PASSED] - Text '123' is set on object 'Object Repository/Final Object Repo/Creating Employer Account/Page_Registration - ASSIST (Base)/Security Phase'

2018-11-28 11:03:41 - [TEST_STEP][PASSED] - click: Object: 'Object Repository/Final Object Repo/Creating Employer Account/Page_Registration - ASSIST (Base)/Save  Continue' is clicked on

2018-11-28 11:03:41 - [MESSAGE][PASSED] - Object: 'Object Repository/Final Object Repo/Creating Employer Account/Page_Registration - ASSIST (Base)/Save  Continue' is clicked on

2018-11-28 11:03:41 - [TEST_STEP][PASSED] - delay: Delayed 2 second(s)

2018-11-28 11:03:43 - [MESSAGE][PASSED] - Delayed 2 second(s)

2018-11-28 11:03:43 - [TEST_STEP][PASSED] - click: Object: 'Object Repository/Final Object Repo/Creating Employer Account/Page_Registration - ASSIST (Base)/Add Document' is clicked on

2018-11-28 11:03:43 - [MESSAGE][PASSED] - Object: 'Object Repository/Final Object Repo/Creating Employer Account/Page_Registration - ASSIST (Base)/Add Document' is clicked on

2018-11-28 11:03:43 - [TEST_STEP][PASSED] - delay: Delayed 2 second(s)

2018-11-28 11:03:45 - [MESSAGE][PASSED] - Delayed 2 second(s)

2018-11-28 11:03:45 - [TEST_STEP][PASSED] - click: Object: 'Object Repository/Final Object Repo/Creating Employer Account/Page_Registration - ASSIST (Base)/Document Type' is clicked on

2018-11-28 11:03:45 - [MESSAGE][PASSED] - Object: 'Object Repository/Final Object Repo/Creating Employer Account/Page_Registration - ASSIST (Base)/Document Type' is clicked on

2018-11-28 11:03:45 - [TEST_STEP][PASSED] - delay: Delayed 2 second(s)

2018-11-28 11:03:47 - [MESSAGE][PASSED] - Delayed 2 second(s)

2018-11-28 11:03:47 - [TEST_STEP][PASSED] - click: Object: 'Object Repository/Final Object Repo/Creating Employer Account/Page_Registration - ASSIST (Base)/Document Type - Letter of Authorization' is clicked on

2018-11-28 11:03:47 - [MESSAGE][PASSED] - Object: 'Object Repository/Final Object Repo/Creating Employer Account/Page_Registration - ASSIST (Base)/Document Type - Letter of Authorization' is clicked on

2018-11-28 11:03:47 - [TEST_STEP][PASSED] - delay: Delayed 2 second(s)

2018-11-28 11:03:49 - [MESSAGE][PASSED] - Delayed 2 second(s)

2018-11-28 11:03:49 - [TEST_STEP][PASSED] - sendKeys: Keys 'C:\Users\Public\Pictures\Sample Pictures\Koala.jpg' sent to object: 'Object Repository/Final Object Repo/Creating Employer Account/Page_Registration - ASSIST (Base)/Uploading File'

2018-11-28 11:03:50 - [MESSAGE][PASSED] - Keys 'C:\Users\Public\Pictures\Sample Pictures\Koala.jpg' sent to object: 'Object Repository/Final Object Repo/Creating Employer Account/Page_Registration - ASSIST (Base)/Uploading File'

2018-11-28 11:03:50 - [TEST_STEP][PASSED] - delay: Delayed 2 second(s)

2018-11-28 11:03:52 - [MESSAGE][PASSED] - Delayed 2 second(s)

2018-11-28 11:03:52 - [TEST_STEP][PASSED] - click: Object: 'Object Repository/Final Object Repo/Creating Employer Account/Page_Registration - ASSIST (Base)/Add Document in Uploading File' is clicked on

2018-11-28 11:03:52 - [MESSAGE][PASSED] - Object: 'Object Repository/Final Object Repo/Creating Employer Account/Page_Registration - ASSIST (Base)/Add Document in Uploading File' is clicked on

2018-11-28 11:03:52 - [TEST_STEP][PASSED] - delay: Delayed 2 second(s)

2018-11-28 11:03:54 - [MESSAGE][PASSED] - Delayed 2 second(s)

2018-11-28 11:03:54 - [TEST_STEP][PASSED] - click: Object: 'Object Repository/Final Object Repo/Creating Employer Account/Page_Registration - ASSIST (Base)/Save' is clicked on

2018-11-28 11:03:54 - [MESSAGE][PASSED] - Object: 'Object Repository/Final Object Repo/Creating Employer Account/Page_Registration - ASSIST (Base)/Save' is clicked on

2018-11-28 11:03:54 - [TEST_STEP][PASSED] - delay: Delayed 2 second(s)

2018-11-28 11:03:56 - [MESSAGE][PASSED] - Delayed 2 second(s)

2018-11-28 11:03:56 - [TEST_STEP][PASSED] - click: Object: 'Object Repository/Final Object Repo/Creating Employer Account/Page_Registration - ASSIST (Base)/Submit' is clicked on

2018-11-28 11:03:56 - [MESSAGE][PASSED] - Object: 'Object Repository/Final Object Repo/Creating Employer Account/Page_Registration - ASSIST (Base)/Submit' is clicked on

2018-11-28 11:03:56 - [TEST_STEP][PASSED] - delay: Delayed 2 second(s)

2018-11-28 11:03:58 - [MESSAGE][PASSED] - Delayed 2 second(s)

2018-11-28 11:03:58 - [TEST_STEP][PASSED] - click: Object: 'Object Repository/Final Object Repo/Creating Employer Account/Page_Registration - ASSIST (Base)/Confirm' is clicked on

2018-11-28 11:03:58 - [MESSAGE][PASSED] - Object: 'Object Repository/Final Object Repo/Creating Employer Account/Page_Registration - ASSIST (Base)/Confirm' is clicked on

2018-11-28 11:03:58 - [MESSAGE][PASSED] - Call Test Case 'Test Cases/Final Aug 2018 - PKS Automation/Create Employer Acc/Template/Register Employer' successfully

2018-11-28 11:03:58 - [TEST_STEP][PASSED] - delay: Delayed 1 second(s)

2018-11-28 11:03:59 - [MESSAGE][PASSED] - Delayed 1 second(s)

2018-11-28 11:03:59 - [TEST_STEP][PASSED] - navigateToUrl: Navigate to 'https://assist2-uat.perkeso.gov.my/c/portal/logout' successfully

2018-11-28 11:04:01 - [MESSAGE][PASSED] - Navigate to 'https://assist2-uat.perkeso.gov.my/c/portal/logout' successfully

2018-11-28 11:04:01 - [TEST_STEP][PASSED] - delay: Delayed 1 second(s)

2018-11-28 11:04:02 - [MESSAGE][PASSED] - Delayed 1 second(s)

2018-11-28 11:04:02 - [TEST_STEP][PASSED] - callTestCase: Call Test Case 'Test Cases/Final Aug 2018 - PKS Automation/Create Employer Acc/Template/Change Password of Employer' successfully

2018-11-28 11:04:02 - [TEST_CASE][PASSED] - Test Cases/Final Aug 2018 - PKS Automation/Create Employer Acc/Template/Change Password of Employer: Test Cases/Final Aug 2018 - PKS Automation/Create Employer Acc/Template/Change Password of Employer

2018-11-28 11:04:03 - [TEST_STEP][PASSED] - openBrowser: Browser is opened with url: ''

2018-11-28 11:04:03 - [MESSAGE][WARNING] - A browser is already opened. Closing browser and opening a new one

2018-11-28 11:04:06 - [MESSAGE][PASSED] - Browser is opened with url: ''

2018-11-28 11:04:06 - [TEST_STEP][PASSED] - navigateToUrl: Navigate to 'https://assist2-uat.perkeso.gov.my/login' successfully

2018-11-28 11:04:07 - [MESSAGE][PASSED] - Navigate to 'https://assist2-uat.perkeso.gov.my/login' successfully

2018-11-28 11:04:07 - [TEST_STEP][PASSED] - delay: Delayed 5 second(s)

2018-11-28 11:04:12 - [MESSAGE][PASSED] - Delayed 5 second(s)

2018-11-28 11:04:12 - [TEST_STEP][PASSED] - setText: Text 'test@liferay.com' is set on object 'Object Repository/Final Object Repo/Login Page/Internal User/Email Address'

2018-11-28 11:04:12 - [MESSAGE][PASSED] - Text 'test@liferay.com' is set on object 'Object Repository/Final Object Repo/Login Page/Internal User/Email Address'

2018-11-28 11:04:12 - [TEST_STEP][PASSED] - click: Object: 'Object Repository/Final Object Repo/Login Page/Internal User/Next Button' is clicked on

2018-11-28 11:04:12 - [MESSAGE][PASSED] - Object: 'Object Repository/Final Object Repo/Login Page/Internal User/Next Button' is clicked on

2018-11-28 11:04:12 - [TEST_STEP][PASSED] - delay: Delayed 2 second(s)

2018-11-28 11:04:14 - [MESSAGE][PASSED] - Delayed 2 second(s)

2018-11-28 11:04:14 - [TEST_STEP][PASSED] - setText: Text 'test' is set on object 'Object Repository/Final Object Repo/Login Page/Internal User/Password'

2018-11-28 11:04:15 - [MESSAGE][PASSED] - Text 'test' is set on object 'Object Repository/Final Object Repo/Login Page/Internal User/Password'

2018-11-28 11:04:15 - [TEST_STEP][PASSED] - delay: Delayed 2 second(s)

2018-11-28 11:04:17 - [MESSAGE][PASSED] - Delayed 2 second(s)

2018-11-28 11:04:17 - [TEST_STEP][PASSED] - click: Object: 'Object Repository/Final Object Repo/Login Page/Internal User/Login Button' is clicked on

2018-11-28 11:04:17 - [MESSAGE][PASSED] - Object: 'Object Repository/Final Object Repo/Login Page/Internal User/Login Button' is clicked on

2018-11-28 11:04:17 - [TEST_STEP][PASSED] - delay: Delayed 3 second(s)

2018-11-28 11:04:20 - [MESSAGE][PASSED] - Delayed 3 second(s)

2018-11-28 11:04:20 - [TEST_STEP][PASSED] - navigateToUrl: Navigate to 'https://assist2-uat.perkeso.gov.my/group/control_panel/manage?p_p_id=125&p_p_lifecycle=0&p_p_state=maximized&p_p_mode=view&refererPlid=20455&_125_usersListView=flat-users&_125_toolbarItem=view-all-users&_125_saveUsersListView=true&_125_struts_action=%2Fusers_admin%2Fview' successfully

2018-11-28 11:04:21 - [MESSAGE][PASSED] - Navigate to 'https://assist2-uat.perkeso.gov.my/group/control_panel/manage?p_p_id=125&p_p_lifecycle=0&p_p_state=maximized&p_p_mode=view&refererPlid=20455&_125_usersListView=flat-users&_125_toolbarItem=view-all-users&_125_saveUsersListView=true&_125_struts_action=%2Fusers_admin%2Fview' successfully

2018-11-28 11:04:21 - [TEST_STEP][PASSED] - delay: Delayed 3 second(s)

2018-11-28 11:04:24 - [MESSAGE][PASSED] - Delayed 3 second(s)

2018-11-28 11:04:24 - [TEST_STEP][PASSED] - setText: Text 'perkeso615602611676@gmail.com' is set on object 'Object Repository/Final Object Repo/Creating Employer Account/Page_Users and Organizations - ASSIST/Employer name'

2018-11-28 11:04:25 - [MESSAGE][PASSED] - Text 'perkeso615602611676@gmail.com' is set on object 'Object Repository/Final Object Repo/Creating Employer Account/Page_Users and Organizations - ASSIST/Employer name'

2018-11-28 11:04:25 - [TEST_STEP][PASSED] - delay: Delayed 3 second(s)

2018-11-28 11:04:28 - [MESSAGE][PASSED] - Delayed 3 second(s)

2018-11-28 11:04:28 - [TEST_STEP][PASSED] - click: Object: 'Object Repository/Final Object Repo/Creating Employer Account/Page_Users and Organizations - ASSIST/Search' is clicked on

2018-11-28 11:04:28 - [MESSAGE][PASSED] - Object: 'Object Repository/Final Object Repo/Creating Employer Account/Page_Users and Organizations - ASSIST/Search' is clicked on

2018-11-28 11:04:28 - [TEST_STEP][PASSED] - delay: Delayed 3 second(s)

2018-11-28 11:04:31 - [MESSAGE][PASSED] - Delayed 3 second(s)

2018-11-28 11:04:31 - [TEST_STEP][PASSED] - click: Object: 'Object Repository/Final Object Repo/Creating Employer Account/Page_Users and Organizations - ASSIST/Action' is clicked on

2018-11-28 11:04:32 - [MESSAGE][PASSED] - Object: 'Object Repository/Final Object Repo/Creating Employer Account/Page_Users and Organizations - ASSIST/Action' is clicked on

2018-11-28 11:04:32 - [TEST_STEP][PASSED] - delay: Delayed 3 second(s)

2018-11-28 11:04:35 - [MESSAGE][PASSED] - Delayed 3 second(s)

2018-11-28 11:04:35 - [TEST_STEP][PASSED] - click: Object: 'Object Repository/Final Object Repo/Creating Employer Account/Page_Users and Organizations - ASSIST/Edit' is clicked on

2018-11-28 11:04:36 - [MESSAGE][PASSED] - Object: 'Object Repository/Final Object Repo/Creating Employer Account/Page_Users and Organizations - ASSIST/Edit' is clicked on

2018-11-28 11:04:36 - [TEST_STEP][PASSED] - delay: Delayed 3 second(s)

2018-11-28 11:04:39 - [MESSAGE][PASSED] - Delayed 3 second(s)

2018-11-28 11:04:39 - [TEST_STEP][PASSED] - click: Object: 'Object Repository/Final Object Repo/Creating Employer Account/Page_PERKESO - Users and Organizati/a_Password (Modified)' is clicked on

2018-11-28 11:04:39 - [MESSAGE][PASSED] - Object: 'Object Repository/Final Object Repo/Creating Employer Account/Page_PERKESO - Users and Organizati/a_Password (Modified)' is clicked on

2018-11-28 11:04:39 - [TEST_STEP][PASSED] - delay: Delayed 3 second(s)

2018-11-28 11:04:42 - [MESSAGE][PASSED] - Delayed 3 second(s)

2018-11-28 11:04:42 - [TEST_STEP][PASSED] - setEncryptedText: Text ****** has been set on object 'Object Repository/Final Object Repo/Creating Employer Account/Page_PERKESO - Users and Organizati/input__125_password1'

2018-11-28 11:04:42 - [MESSAGE][PASSED] - Text ****** has been set on object 'Object Repository/Final Object Repo/Creating Employer Account/Page_PERKESO - Users and Organizati/input__125_password1'

2018-11-28 11:04:42 - [TEST_STEP][PASSED] - delay: Delayed 3 second(s)

2018-11-28 11:04:45 - [MESSAGE][PASSED] - Delayed 3 second(s)

2018-11-28 11:04:45 - [TEST_STEP][PASSED] - setEncryptedText: Text ****** has been set on object 'Object Repository/Final Object Repo/Creating Employer Account/Page_PERKESO - Users and Organizati/input__125_password2'

2018-11-28 11:04:46 - [MESSAGE][PASSED] - Text ****** has been set on object 'Object Repository/Final Object Repo/Creating Employer Account/Page_PERKESO - Users and Organizati/input__125_password2'

2018-11-28 11:04:46 - [TEST_STEP][PASSED] - delay: Delayed 3 second(s)

2018-11-28 11:04:49 - [MESSAGE][PASSED] - Delayed 3 second(s)

2018-11-28 11:04:49 - [TEST_STEP][PASSED] - click: Object: 'Object Repository/Final Object Repo/Creating Employer Account/Page_PERKESO - Users and Organizati/Save' is clicked on

2018-11-28 11:04:50 - [MESSAGE][PASSED] - Object: 'Object Repository/Final Object Repo/Creating Employer Account/Page_PERKESO - Users and Organizati/Save' is clicked on

2018-11-28 11:04:50 - [MESSAGE][PASSED] - Call Test Case 'Test Cases/Final Aug 2018 - PKS Automation/Create Employer Acc/Template/Change Password of Employer' successfully

2018-11-28 11:04:51 - [TEST_STEP][PASSED] - delay: Delayed 1 second(s)

2018-11-28 11:04:52 - [MESSAGE][PASSED] - Delayed 1 second(s)

2018-11-28 11:04:52 - [TEST_STEP][PASSED] - navigateToUrl: Navigate to 'https://assist2-uat.perkeso.gov.my/c/portal/logout' successfully

2018-11-28 11:04:52 - [MESSAGE][PASSED] - Navigate to 'https://assist2-uat.perkeso.gov.my/c/portal/logout' successfully

2018-11-28 11:04:52 - [TEST_STEP][PASSED] - delay: Delayed 1 second(s)

2018-11-28 11:04:53 - [MESSAGE][PASSED] - Delayed 1 second(s)

2018-11-28 11:04:53 - [TEST_STEP][PASSED] - callTestCase: Call Test Case 'Test Cases/Final Aug 2018 - PKS Automation/Create Employer Acc/Template/Login to Employer Account (First Time)' successfully

2018-11-28 11:04:53 - [TEST_CASE][PASSED] - Test Cases/Final Aug 2018 - PKS Automation/Create Employer Acc/Template/Login to Employer Account (First Time): Test Cases/Final Aug 2018 - PKS Automation/Create Employer Acc/Template/Login to Employer Account (First Time)

2018-11-28 11:04:54 - [TEST_STEP][PASSED] - openBrowser: Browser is opened with url: ''

2018-11-28 11:04:54 - [MESSAGE][WARNING] - A browser is already opened. Closing browser and opening a new one

2018-11-28 11:04:57 - [MESSAGE][PASSED] - Browser is opened with url: ''

2018-11-28 11:04:57 - [TEST_STEP][PASSED] - navigateToUrl: Navigate to 'https://assist2-uat.perkeso.gov.my/employer/login' successfully

2018-11-28 11:04:58 - [MESSAGE][PASSED] - Navigate to 'https://assist2-uat.perkeso.gov.my/employer/login' successfully

2018-11-28 11:04:58 - [TEST_STEP][PASSED] - delay: Delayed 3 second(s)

2018-11-28 11:05:01 - [MESSAGE][PASSED] - Delayed 3 second(s)

2018-11-28 11:05:01 - [TEST_STEP][PASSED] - callTestCase: Call Test Case 'Test Cases/Final Aug 2018 - PKS Automation/Create Employer Acc/Template/Employer Email Getter' successfully

2018-11-28 11:05:01 - [TEST_CASE][PASSED] - Test Cases/Final Aug 2018 - PKS Automation/Create Employer Acc/Template/Employer Email Getter: Test Cases/Final Aug 2018 - PKS Automation/Create Employer Acc/Template/Employer Email Getter

2018-11-28 11:05:01 - [TEST_STEP][PASSED] - Statement - Try: null

2018-11-28 11:05:01 - [TEST_STEP][PASSED] - Statement - EmpEmail = new java.io.File(C://Users//Admin//Desktop//PKS//Automation Reference Point//EmpEmail.txt): null

2018-11-28 11:05:01 - [TEST_STEP][PASSED] - Statement - bufferread = new java.io.BufferedReader(new java.io.FileReader(EmpEmail)): null

2018-11-28 11:05:01 - [TEST_STEP][PASSED] - Statement - readedVal = bufferread.readLine(): null

2018-11-28 11:05:01 - [TEST_STEP][PASSED] - Statement - out.println(readedVal): null

2018-11-28 11:05:01 - [TEST_STEP][PASSED] - Statement - Email = readedVal: null

2018-11-28 11:05:01 - [MESSAGE][PASSED] - Call Test Case 'Test Cases/Final Aug 2018 - PKS Automation/Create Employer Acc/Template/Employer Email Getter' successfully

2018-11-28 11:05:01 - [TEST_STEP][PASSED] - setText: Text 'perkeso615602611676@gmail.com' is set on object 'Object Repository/Final Object Repo/Login Page/External Login Page/Email'

2018-11-28 11:05:01 - [MESSAGE][PASSED] - Text 'perkeso615602611676@gmail.com' is set on object 'Object Repository/Final Object Repo/Login Page/External Login Page/Email'

2018-11-28 11:05:01 - [TEST_STEP][PASSED] - click: Object: 'Object Repository/Final Object Repo/Login Page/External Login Page/Next' is clicked on

2018-11-28 11:05:02 - [MESSAGE][PASSED] - Object: 'Object Repository/Final Object Repo/Login Page/External Login Page/Next' is clicked on

2018-11-28 11:05:02 - [TEST_STEP][PASSED] - delay: Delayed 3 second(s)

2018-11-28 11:05:05 - [MESSAGE][PASSED] - Delayed 3 second(s)

2018-11-28 11:05:05 - [TEST_STEP][PASSED] - setEncryptedText: Text ****** has been set on object 'Object Repository/Final Object Repo/Login Page/External Login Page/Password'

2018-11-28 11:05:05 - [MESSAGE][PASSED] - Text ****** has been set on object 'Object Repository/Final Object Repo/Login Page/External Login Page/Password'

2018-11-28 11:05:05 - [TEST_STEP][PASSED] - click: Object: 'Object Repository/Final Object Repo/Login Page/External Login Page/Login' is clicked on

2018-11-28 11:05:05 - [MESSAGE][PASSED] - Object: 'Object Repository/Final Object Repo/Login Page/External Login Page/Login' is clicked on

2018-11-28 11:05:05 - [TEST_STEP][PASSED] - delay: Delayed 3 second(s)

2018-11-28 11:05:08 - [MESSAGE][PASSED] - Delayed 3 second(s)

2018-11-28 11:05:08 - [TEST_STEP][PASSED] - click: Object: 'Object Repository/Final Object Repo/Creating Employer Account/Page_Terms of Use - ASSIST/button_I Agree' is clicked on

2018-11-28 11:05:09 - [MESSAGE][PASSED] - Object: 'Object Repository/Final Object Repo/Creating Employer Account/Page_Terms of Use - ASSIST/button_I Agree' is clicked on

2018-11-28 11:05:09 - [TEST_STEP][PASSED] - delay: Delayed 2 second(s)

2018-11-28 11:05:11 - [MESSAGE][PASSED] - Delayed 2 second(s)

2018-11-28 11:05:11 - [TEST_STEP][PASSED] - setEncryptedText: Text ****** has been set on object 'Object Repository/Final Object Repo/Creating Employer Account/Page_New Password - ASSIST/input_password1'

2018-11-28 11:05:11 - [MESSAGE][PASSED] - Text ****** has been set on object 'Object Repository/Final Object Repo/Creating Employer Account/Page_New Password - ASSIST/input_password1'

2018-11-28 11:05:11 - [TEST_STEP][PASSED] - setEncryptedText: Text ****** has been set on object 'Object Repository/Final Object Repo/Creating Employer Account/Page_New Password - ASSIST/input_password2'

2018-11-28 11:05:12 - [MESSAGE][PASSED] - Text ****** has been set on object 'Object Repository/Final Object Repo/Creating Employer Account/Page_New Password - ASSIST/input_password2'

2018-11-28 11:05:12 - [TEST_STEP][PASSED] - delay: Delayed 2 second(s)

2018-11-28 11:05:14 - [MESSAGE][PASSED] - Delayed 2 second(s)

2018-11-28 11:05:14 - [TEST_STEP][PASSED] - click: Object: 'Object Repository/Final Object Repo/Creating Employer Account/Page_New Password - ASSIST/Save' is clicked on

2018-11-28 11:05:15 - [MESSAGE][PASSED] - Object: 'Object Repository/Final Object Repo/Creating Employer Account/Page_New Password - ASSIST/Save' is clicked on

2018-11-28 11:05:15 - [TEST_STEP][PASSED] - delay: Delayed 2 second(s)

2018-11-28 11:05:17 - [MESSAGE][PASSED] - Delayed 2 second(s)

2018-11-28 11:05:17 - [TEST_STEP][PASSED] - setText: Text 'test' is set on object 'Object Repository/Final Object Repo/Creating Employer Account/Page_Password Reminder - ASSIST/Reminder Query Answer'

2018-11-28 11:05:17 - [MESSAGE][PASSED] - Text 'test' is set on object 'Object Repository/Final Object Repo/Creating Employer Account/Page_Password Reminder - ASSIST/Reminder Query Answer'

2018-11-28 11:05:17 - [TEST_STEP][PASSED] - delay: Delayed 2 second(s)

2018-11-28 11:05:19 - [MESSAGE][PASSED] - Delayed 2 second(s)

2018-11-28 11:05:19 - [TEST_STEP][PASSED] - doubleClick: Object: 'Object Repository/Final Object Repo/Creating Employer Account/Page_Password Reminder - ASSIST/Save' is double clicked on

2018-11-28 11:05:19 - [MESSAGE][PASSED] - Object: 'Object Repository/Final Object Repo/Creating Employer Account/Page_Password Reminder - ASSIST/Save' is double clicked on

2018-11-28 11:05:19 - [MESSAGE][PASSED] - Call Test Case 'Test Cases/Final Aug 2018 - PKS Automation/Create Employer Acc/Template/Login to Employer Account (First Time)' successfully

2018-11-28 11:05:19 - [MESSAGE][PASSED] - Call Test Case 'Test Cases/Final Aug 2018 - PKS Automation/Create Employer Acc/Create Employer Account' successfully

2018-11-28 11:05:19 - [TEST_STEP][PASSED] - callTestCase: Call Test Case 'Test Cases/Final Aug 2018 - PKS Automation/Registration Module/Log Out/log out avoiding katalon tagging' successfully

2018-11-28 11:05:19 - [TEST_CASE][PASSED] - Test Cases/Final Aug 2018 - PKS Automation/Registration Module/Log Out/log out avoiding katalon tagging: Test Cases/Final Aug 2018 - PKS Automation/Registration Module/Log Out/log out avoiding katalon tagging

2018-11-28 11:05:20 - [TEST_STEP][PASSED] - navigateToUrl: Navigate to 'https://assist2-uat.perkeso.gov.my/c/portal/logout' successfully

2018-11-28 11:05:22 - [MESSAGE][PASSED] - Navigate to 'https://assist2-uat.perkeso.gov.my/c/portal/logout' successfully

2018-11-28 11:05:22 - [MESSAGE][PASSED] - Call Test Case 'Test Cases/Final Aug 2018 - PKS Automation/Registration Module/Log Out/log out avoiding katalon tagging' successfully

2018-11-28 11:05:22 - [TEST_STEP][PASSED] - callTestCase: Call Test Case 'Test Cases/Final Aug 2018 - PKS Automation/Create Employer Acc/Login to Employer Account (Second time)' successfully

2018-11-28 11:05:22 - [TEST_CASE][PASSED] - Test Cases/Final Aug 2018 - PKS Automation/Create Employer Acc/Login to Employer Account (Second time): Test Cases/Final Aug 2018 - PKS Automation/Create Employer Acc/Login to Employer Account (Second time)

2018-11-28 11:05:23 - [TEST_STEP][PASSED] - openBrowser: Browser is opened with url: ''

2018-11-28 11:05:23 - [MESSAGE][WARNING] - A browser is already opened. Closing browser and opening a new one

2018-11-28 11:05:26 - [MESSAGE][PASSED] - Browser is opened with url: ''

2018-11-28 11:05:26 - [TEST_STEP][PASSED] - navigateToUrl: Navigate to 'https://assist2-uat.perkeso.gov.my/employer/login' successfully

2018-11-28 11:05:27 - [MESSAGE][PASSED] - Navigate to 'https://assist2-uat.perkeso.gov.my/employer/login' successfully

2018-11-28 11:05:27 - [TEST_STEP][PASSED] - delay: Delayed 3 second(s)

2018-11-28 11:05:30 - [MESSAGE][PASSED] - Delayed 3 second(s)

2018-11-28 11:05:30 - [TEST_STEP][PASSED] - callTestCase: Call Test Case 'Test Cases/Final Aug 2018 - PKS Automation/Create Employer Acc/Template/Employer Email Getter' successfully

2018-11-28 11:05:30 - [TEST_CASE][PASSED] - Test Cases/Final Aug 2018 - PKS Automation/Create Employer Acc/Template/Employer Email Getter: Test Cases/Final Aug 2018 - PKS Automation/Create Employer Acc/Template/Employer Email Getter

2018-11-28 11:05:30 - [TEST_STEP][PASSED] - Statement - Try: null

2018-11-28 11:05:30 - [TEST_STEP][PASSED] - Statement - EmpEmail = new java.io.File(C://Users//Admin//Desktop//PKS//Automation Reference Point//EmpEmail.txt): null

2018-11-28 11:05:30 - [TEST_STEP][PASSED] - Statement - bufferread = new java.io.BufferedReader(new java.io.FileReader(EmpEmail)): null

2018-11-28 11:05:30 - [TEST_STEP][PASSED] - Statement - readedVal = bufferread.readLine(): null

2018-11-28 11:05:30 - [TEST_STEP][PASSED] - Statement - out.println(readedVal): null

2018-11-28 11:05:30 - [TEST_STEP][PASSED] - Statement - Email = readedVal: null

2018-11-28 11:05:30 - [MESSAGE][PASSED] - Call Test Case 'Test Cases/Final Aug 2018 - PKS Automation/Create Employer Acc/Template/Employer Email Getter' successfully

2018-11-28 11:05:30 - [TEST_STEP][PASSED] - setText: Text 'perkeso615602611676@gmail.com' is set on object 'Object Repository/Final Object Repo/Login Page/External Login Page/Email'

2018-11-28 11:05:30 - [MESSAGE][PASSED] - Text 'perkeso615602611676@gmail.com' is set on object 'Object Repository/Final Object Repo/Login Page/External Login Page/Email'

2018-11-28 11:05:30 - [TEST_STEP][PASSED] - click: Object: 'Object Repository/Final Object Repo/Login Page/External Login Page/Next' is clicked on

2018-11-28 11:05:30 - [MESSAGE][PASSED] - Object: 'Object Repository/Final Object Repo/Login Page/External Login Page/Next' is clicked on

2018-11-28 11:05:30 - [TEST_STEP][PASSED] - delay: Delayed 3 second(s)

2018-11-28 11:05:33 - [MESSAGE][PASSED] - Delayed 3 second(s)

2018-11-28 11:05:33 - [TEST_STEP][PASSED] - setEncryptedText: Text ****** has been set on object 'Object Repository/Final Object Repo/Login Page/External Login Page/Password'

2018-11-28 11:05:34 - [MESSAGE][PASSED] - Text ****** has been set on object 'Object Repository/Final Object Repo/Login Page/External Login Page/Password'

2018-11-28 11:05:34 - [TEST_STEP][PASSED] - click: Object: 'Object Repository/Final Object Repo/Login Page/External Login Page/Login' is clicked on

2018-11-28 11:05:34 - [MESSAGE][PASSED] - Object: 'Object Repository/Final Object Repo/Login Page/External Login Page/Login' is clicked on

2018-11-28 11:05:34 - [TEST_STEP][PASSED] - delay: Delayed 5 second(s)

2018-11-28 11:05:39 - [MESSAGE][PASSED] - Delayed 5 second(s)

2018-11-28 11:05:39 - [MESSAGE][PASSED] - Call Test Case 'Test Cases/Final Aug 2018 - PKS Automation/Create Employer Acc/Login to Employer Account (Second time)' successfully

2018-11-28 11:05:39 - [TEST_STEP][PASSED] - delay: Delayed 4 second(s)

2018-11-28 11:05:43 - [MESSAGE][PASSED] - Delayed 4 second(s)

2018-11-28 11:05:43 - [TEST_STEP][PASSED] - Statement - Try: Delayed 2 second(s)

2018-11-28 11:05:43 - [TEST_STEP][PASSED] - Statement - Checker = false: null

2018-11-28 11:05:43 - [TEST_STEP][PASSED] - Statement - Checker = com.kms.katalon.core.webui.keyword.WebUiBuiltInKeywords.verifyElementHasAttribute(com.kms.katalon.core.testobject.ObjectRepository.findTestObject(Final Object Repo/Landing Page/BM Detecting), "href", 20, OPTIONAL): Object 'Object Repository/Final Object Repo/Landing Page/BM Detecting' has attribute 'href'

2018-11-28 11:05:43 - [MESSAGE][PASSED] - Object 'Object Repository/Final Object Repo/Landing Page/BM Detecting' has attribute 'href'

2018-11-28 11:05:43 - [TEST_STEP][PASSED] - Statement - out.println(Checker): null

2018-11-28 11:05:43 - [TEST_STEP][PASSED] - Statement - If (Checker == false): null

2018-11-28 11:05:43 - [TEST_STEP][PASSED] - Statement - Else: null

2018-11-28 11:05:43 - [TEST_STEP][PASSED] - delay: Delayed 2 second(s)

2018-11-28 11:05:45 - [MESSAGE][PASSED] - Delayed 2 second(s)

2018-11-28 11:05:45 - [TEST_STEP][PASSED] - delay: Delayed 4 second(s)

2018-11-28 11:05:49 - [MESSAGE][PASSED] - Delayed 4 second(s)

2018-11-28 11:05:49 - [TEST_STEP][PASSED] - click: Object: 'Object Repository/Final Object Repo/Landing Page/My Sites Drop Down' is clicked on

2018-11-28 11:05:49 - [MESSAGE][PASSED] - Object: 'Object Repository/Final Object Repo/Landing Page/My Sites Drop Down' is clicked on

2018-11-28 11:05:49 - [TEST_STEP][PASSED] - click: Object: 'Object Repository/Final Object Repo/Landing Page/Select to Registration Module' is clicked on

2018-11-28 11:05:53 - [MESSAGE][PASSED] - Object: 'Object Repository/Final Object Repo/Landing Page/Select to Registration Module' is clicked on

2018-11-28 11:05:53 - [TEST_STEP][PASSED] - click: Object: 'Object Repository/Final Object Repo/Landing Page/Registration Button' is clicked on

2018-11-28 11:05:54 - [MESSAGE][PASSED] - Object: 'Object Repository/Final Object Repo/Landing Page/Registration Button' is clicked on

2018-11-28 11:05:54 - [TEST_STEP][PASSED] - delay: Delayed 2 second(s)

2018-11-28 11:05:56 - [MESSAGE][PASSED] - Delayed 2 second(s)

2018-11-28 11:05:56 - [TEST_STEP][PASSED] - click: Object: 'Object Repository/Final Object Repo/New Registration - Registration Module Pages/New Reg - OTC to RO/Special Case - OTC - Form 1/AEC NO' is clicked on

2018-11-28 11:05:56 - [MESSAGE][PASSED] - Object: 'Object Repository/Final Object Repo/New Registration - Registration Module Pages/New Reg - OTC to RO/Special Case - OTC - Form 1/AEC NO' is clicked on

2018-11-28 11:05:56 - [TEST_STEP][PASSED] - click: Object: 'Object Repository/Final Object Repo/New Registration - Registration Module Pages/New Reg - OTC to RO/Special Case - OTC - Form 1/Business Entity - Please Select' is clicked on

2018-11-28 11:05:56 - [MESSAGE][PASSED] - Object: 'Object Repository/Final Object Repo/New Registration - Registration Module Pages/New Reg - OTC to RO/Special Case - OTC - Form 1/Business Entity - Please Select' is clicked on

2018-11-28 11:05:56 - [TEST_STEP][PASSED] - click: Object: 'Object Repository/Final Object Repo/New Registration - Registration Module Pages/New Reg - OTC to RO/Special Case - OTC - Form 1/Selected - Corporation' is clicked on

2018-11-28 11:05:57 - [MESSAGE][PASSED] - Object: 'Object Repository/Final Object Repo/New Registration - Registration Module Pages/New Reg - OTC to RO/Special Case - OTC - Form 1/Selected - Corporation' is clicked on

2018-11-28 11:05:57 - [TEST_STEP][PASSED] - delay: Delayed 2 second(s)

2018-11-28 11:05:59 - [MESSAGE][PASSED] - Delayed 2 second(s)

2018-11-28 11:05:59 - [TEST_STEP][PASSED] - click: Object: 'Object Repository/Final Object Repo/New Registration - Registration Module Pages/New Reg - OTC to RO/Special Case - OTC - Form 1/Sub Business Entity - Please Select' is clicked on

2018-11-28 11:05:59 - [MESSAGE][PASSED] - Object: 'Object Repository/Final Object Repo/New Registration - Registration Module Pages/New Reg - OTC to RO/Special Case - OTC - Form 1/Sub Business Entity - Please Select' is clicked on

2018-11-28 11:05:59 - [TEST_STEP][PASSED] - delay: Delayed 2 second(s)

2018-11-28 11:06:01 - [MESSAGE][PASSED] - Delayed 2 second(s)

2018-11-28 11:06:01 - [TEST_STEP][PASSED] - click: Object: 'Object Repository/Final Object Repo/New Registration - Registration Module Pages/New Reg - OTC to RO/Special Case - OTC - Form 1/Selected - Sendirian Berhad' is clicked on

2018-11-28 11:06:01 - [MESSAGE][PASSED] - Object: 'Object Repository/Final Object Repo/New Registration - Registration Module Pages/New Reg - OTC to RO/Special Case - OTC - Form 1/Selected - Sendirian Berhad' is clicked on

2018-11-28 11:06:01 - [TEST_STEP][PASSED] - setText: Text 'AUTOMATE001' is set on object 'Object Repository/Final Object Repo/New Registration - Registration Module Pages/New Reg - OTC to RO/Special Case - OTC - Form 1/Input BRN Number'

2018-11-28 11:06:02 - [MESSAGE][PASSED] - Text 'AUTOMATE001' is set on object 'Object Repository/Final Object Repo/New Registration - Registration Module Pages/New Reg - OTC to RO/Special Case - OTC - Form 1/Input BRN Number'

2018-11-28 11:06:02 - [TEST_STEP][PASSED] - delay: Delayed 2 second(s)

2018-11-28 11:06:04 - [MESSAGE][PASSED] - Delayed 2 second(s)

2018-11-28 11:06:04 - [TEST_STEP][PASSED] - click: Object: 'Object Repository/Final Object Repo/New Registration - Registration Module Pages/New Reg - OTC to RO/Special Case - OTC - Form 1/BRN Search' is clicked on

2018-11-28 11:06:04 - [MESSAGE][PASSED] - Object: 'Object Repository/Final Object Repo/New Registration - Registration Module Pages/New Reg - OTC to RO/Special Case - OTC - Form 1/BRN Search' is clicked on

2018-11-28 11:06:04 - [TEST_STEP][PASSED] - delay: Delayed 4 second(s)

2018-11-28 11:06:08 - [MESSAGE][PASSED] - Delayed 4 second(s)

2018-11-28 11:06:08 - [TEST_STEP][PASSED] - click: Object: 'Object Repository/Final Object Repo/New Registration - Registration Module Pages/New Reg - OTC to RO/Special Case - OTC - Form 1/Registered with SSM - After Feb 2017' is clicked on

2018-11-28 11:06:08 - [MESSAGE][PASSED] - Object: 'Object Repository/Final Object Repo/New Registration - Registration Module Pages/New Reg - OTC to RO/Special Case - OTC - Form 1/Registered with SSM - After Feb 2017' is clicked on

2018-11-28 11:06:08 - [TEST_STEP][PASSED] - delay: Delayed 2 second(s)

2018-11-28 11:06:10 - [MESSAGE][PASSED] - Delayed 2 second(s)

2018-11-28 11:06:10 - [TEST_STEP][PASSED] - click: Object: 'Object Repository/Final Object Repo/New Registration - Registration Module Pages/Form 1/Registered As a Branch - Yes' is clicked on

2018-11-28 11:06:10 - [MESSAGE][PASSED] - Object: 'Object Repository/Final Object Repo/New Registration - Registration Module Pages/Form 1/Registered As a Branch - Yes' is clicked on

2018-11-28 11:06:10 - [TEST_STEP][PASSED] - click: Object: 'Object Repository/Final Object Repo/New Registration - Registration Module Pages/New Reg - OTC to RO/Special Case - OTC - Form 1/Acknowledgement Ticked' is clicked on

2018-11-28 11:06:11 - [MESSAGE][PASSED] - Object: 'Object Repository/Final Object Repo/New Registration - Registration Module Pages/New Reg - OTC to RO/Special Case - OTC - Form 1/Acknowledgement Ticked' is clicked on

2018-11-28 11:06:11 - [TEST_STEP][PASSED] - setText: Text 'perkeso615602611676@gmail.com' is set on object 'Object Repository/Final Object Repo/New Registration - Registration Module Pages/Form 1/Email'

2018-11-28 11:06:11 - [MESSAGE][PASSED] - Text 'perkeso615602611676@gmail.com' is set on object 'Object Repository/Final Object Repo/New Registration - Registration Module Pages/Form 1/Email'

2018-11-28 11:06:11 - [TEST_STEP][PASSED] - click: Object: 'Object Repository/Final Object Repo/New Registration - Registration Module Pages/New Reg - OTC to RO/Special Case - OTC - Form 1/Submit Button' is clicked on

2018-11-28 11:06:12 - [MESSAGE][PASSED] - Object: 'Object Repository/Final Object Repo/New Registration - Registration Module Pages/New Reg - OTC to RO/Special Case - OTC - Form 1/Submit Button' is clicked on

2018-11-28 11:06:12 - [TEST_STEP][PASSED] - callTestCase: Call Test Case 'Test Cases/Final Aug 2018 - PKS Automation/Registration Module/New Registration/Form 2/Add 1 Eligible - Employer Account Use' successfully

2018-11-28 11:06:12 - [TEST_CASE][PASSED] - Test Cases/Final Aug 2018 - PKS Automation/Registration Module/New Registration/Form 2/Add 1 Eligible - Employer Account Use: Test Cases/Final Aug 2018 - PKS Automation/Registration Module/New Registration/Form 2/Add 1 Eligible - Employer Account Use

2018-11-28 11:06:12 - [TEST_STEP][PASSED] - delay: Delayed 2 second(s)

2018-11-28 11:06:14 - [MESSAGE][PASSED] - Delayed 2 second(s)

2018-11-28 11:06:14 - [TEST_STEP][PASSED] - callTestCase: Call Test Case 'Test Cases/Final Aug 2018 - PKS Automation/Registration Module/New Registration/Form 2/Date Updater' successfully

2018-11-28 11:06:14 - [TEST_CASE][PASSED] - Test Cases/Final Aug 2018 - PKS Automation/Registration Module/New Registration/Form 2/Date Updater: Test Cases/Final Aug 2018 - PKS Automation/Registration Module/New Registration/Form 2/Date Updater

2018-11-28 11:06:14 - [TEST_STEP][PASSED] - Statement - TodayDate = new java.util.Date(): null

2018-11-28 11:06:14 - [TEST_STEP][PASSED] - Statement - CurrentDateNoFilter = new java.text.SimpleDateFormat(): null

2018-11-28 11:06:14 - [TEST_STEP][PASSED] - Statement - CurrentDateNoFilter.applyPattern("dd"): null

2018-11-28 11:06:14 - [TEST_STEP][PASSED] - Statement - CurrentDate = CurrentDateNoFilter.format(TodayDate): null

2018-11-28 11:06:14 - [TEST_STEP][PASSED] - Statement - CurrentDate = java.lang.Integer.parseInt(CurrentDate): null

2018-11-28 11:06:14 - [TEST_STEP][PASSED] - Statement - CurrentDate = CurrentDate: null

2018-11-28 11:06:14 - [TEST_STEP][PASSED] - Statement - CurrentDay = java.lang.Integer.parseInt(CurrentDate): null

2018-11-28 11:06:14 - [TEST_STEP][PASSED] - Statement - aDayBefore = CurrentDay + 1: null

2018-11-28 11:06:14 - [TEST_STEP][PASSED] - Statement - DayBefore = aDayBefore.toString(): null

2018-11-28 11:06:14 - [TEST_STEP][PASSED] - Statement - OneDayBefore = DayBefore: null

2018-11-28 11:06:14 - [TEST_STEP][PASSED] - Statement - CurrentDateNoFilter.applyPattern("MM"): null

2018-11-28 11:06:14 - [TEST_STEP][PASSED] - Statement - monthContainerMatcher = java.lang.Integer.parseInt(CurrentDateNoFilter.format(TodayDate)): null

2018-11-28 11:06:14 - [TEST_STEP][PASSED] - Statement - monthContainerMatcher = monthContainerMatcher - 1: null

2018-11-28 11:06:14 - [TEST_STEP][PASSED] - Statement - CurrentMonth = monthContainerMatcher.toString(): null

2018-11-28 11:06:14 - [TEST_STEP][PASSED] - Statement - CurrentMonth = CurrentMonth: null

2018-11-28 11:06:14 - [TEST_STEP][PASSED] - Statement - CurrentDateNoFilter.applyPattern("yyyy"): null

2018-11-28 11:06:14 - [TEST_STEP][PASSED] - Statement - CurrentYear = CurrentDateNoFilter.format(TodayDate): null

2018-11-28 11:06:14 - [TEST_STEP][PASSED] - Statement - CurrentYear = CurrentYear: null

2018-11-28 11:06:14 - [TEST_STEP][PASSED] - Statement - intCurrentYear = java.lang.Integer.parseInt(CurrentDateNoFilter.format(TodayDate)): null

2018-11-28 11:06:14 - [TEST_STEP][PASSED] - Statement - eighteenYrsAgo = intCurrentYear - 18: null

2018-11-28 11:06:14 - [TEST_STEP][PASSED] - Statement - eighteenYrsBeforeThisYr = eighteenYrsAgo.toString(): null

2018-11-28 11:06:14 - [TEST_STEP][PASSED] - Statement - EighteenYrsBefore = eighteenYrsBeforeThisYr: null

2018-11-28 11:06:14 - [TEST_STEP][PASSED] - Statement - fiftysevenYrsAgo = intCurrentYear - 57: null

2018-11-28 11:06:14 - [TEST_STEP][PASSED] - Statement - fiftysevenYrsBeforeThisYr = fiftysevenYrsAgo.toString(): null

2018-11-28 11:06:14 - [TEST_STEP][PASSED] - Statement - FiftysevenYrsBefore = fiftysevenYrsBeforeThisYr: null

2018-11-28 11:06:14 - [MESSAGE][PASSED] - Call Test Case 'Test Cases/Final Aug 2018 - PKS Automation/Registration Module/New Registration/Form 2/Date Updater' successfully

2018-11-28 11:06:14 - [TEST_STEP][PASSED] - delay: Delayed 1 second(s)

2018-11-28 11:06:15 - [MESSAGE][PASSED] - Delayed 1 second(s)

2018-11-28 11:06:15 - [TEST_STEP][PASSED] - Statement - CaseReferenceNo = com.kms.katalon.core.webui.keyword.WebUiBuiltInKeywords.getText(com.kms.katalon.core.testobject.ObjectRepository.findTestObject(Final Object Repo/New Registration - Registration Module Pages/Form 2/RefNo Acquiring)): Text of object 'Object Repository/Final Object Repo/New Registration - Registration Module Pages/Form 2/RefNo Acquiring' is: 'CRN11201800122892'

2018-11-28 11:06:15 - [MESSAGE][PASSED] - Text of object 'Object Repository/Final Object Repo/New Registration - Registration Module Pages/Form 2/RefNo Acquiring' is: 'CRN11201800122892'

2018-11-28 11:06:15 - [TEST_STEP][PASSED] - delay: Delayed 1 second(s)

2018-11-28 11:06:16 - [MESSAGE][PASSED] - Delayed 1 second(s)

2018-11-28 11:06:16 - [TEST_STEP][PASSED] - click: Object: 'Object Repository/Final Object Repo/New Registration - Registration Module Pages/Form 2/Add Employee Button' is clicked on

2018-11-28 11:06:17 - [MESSAGE][PASSED] - Object: 'Object Repository/Final Object Repo/New Registration - Registration Module Pages/Form 2/Add Employee Button' is clicked on

2018-11-28 11:06:17 - [TEST_STEP][PASSED] - delay: Delayed 1 second(s)

2018-11-28 11:06:18 - [MESSAGE][PASSED] - Delayed 1 second(s)

2018-11-28 11:06:18 - [TEST_STEP][PASSED] - setText: Text '010903091948' is set on object 'Object Repository/Final Object Repo/New Registration - Registration Module Pages/Form 2/NRIC Input'

2018-11-28 11:06:18 - [MESSAGE][PASSED] - Text '010903091948' is set on object 'Object Repository/Final Object Repo/New Registration - Registration Module Pages/Form 2/NRIC Input'

2018-11-28 11:06:18 - [TEST_STEP][PASSED] - delay: Delayed 2 second(s)

2018-11-28 11:06:20 - [MESSAGE][PASSED] - Delayed 2 second(s)

2018-11-28 11:06:20 - [TEST_STEP][PASSED] - setText: Text 'Automate001 eligible 1' is set on object 'Object Repository/Final Object Repo/New Registration - Registration Module Pages/Form 2/Employee Name Input'

2018-11-28 11:06:21 - [MESSAGE][PASSED] - Text 'Automate001 eligible 1' is set on object 'Object Repository/Final Object Repo/New Registration - Registration Module Pages/Form 2/Employee Name Input'

2018-11-28 11:06:21 - [TEST_STEP][PASSED] - delay: Delayed 2 second(s)

2018-11-28 11:06:23 - [MESSAGE][PASSED] - Delayed 2 second(s)

2018-11-28 11:06:23 - [TEST_STEP][PASSED] - click: Object: 'Object Repository/Final Object Repo/New Registration - Registration Module Pages/Form 2/DatePicker Pop Up' is clicked on

2018-11-28 11:06:23 - [MESSAGE][PASSED] - Object: 'Object Repository/Final Object Repo/New Registration - Registration Module Pages/Form 2/DatePicker Pop Up' is clicked on

2018-11-28 11:06:23 - [TEST_STEP][PASSED] - click: Object: 'Object Repository/Final Object Repo/New Registration - Registration Module Pages/Form 2/DOB Month' is clicked on

2018-11-28 11:06:23 - [MESSAGE][PASSED] - Object: 'Object Repository/Final Object Repo/New Registration - Registration Module Pages/Form 2/DOB Month' is clicked on

2018-11-28 11:06:23 - [TEST_STEP][PASSED] - Statement - CurrentMonth = CurrentMonth: null

2018-11-28 11:06:23 - [TEST_STEP][PASSED] - Statement - selectMonth = new com.kms.katalon.core.testobject.TestObject(): null

2018-11-28 11:06:23 - [TEST_STEP][PASSED] - Statement - selectMonth.addProperty("xpath", EQUALS, "//body/div/div/div/select/option[@value='" + CurrentMonth + "']", true): null

2018-11-28 11:06:23 - [TEST_STEP][PASSED] - click: Object: '' is clicked on

2018-11-28 11:06:23 - [MESSAGE][PASSED] - Object: '' is clicked on

2018-11-28 11:06:23 - [TEST_STEP][PASSED] - click: Object: 'Object Repository/Final Object Repo/New Registration - Registration Module Pages/Form 2/DOB Year' is clicked on

2018-11-28 11:06:23 - [MESSAGE][PASSED] - Object: 'Object Repository/Final Object Repo/New Registration - Registration Module Pages/Form 2/DOB Year' is clicked on

2018-11-28 11:06:23 - [TEST_STEP][PASSED] - Statement - Eyearsbf = EighteenYrsBefore: null

2018-11-28 11:06:23 - [TEST_STEP][PASSED] - Statement - selectYear = new com.kms.katalon.core.testobject.TestObject(): null

2018-11-28 11:06:23 - [TEST_STEP][PASSED] - Statement - selectYear.addProperty("xpath", EQUALS, "//div/div/div/select/option[@value='" + Eyearsbf + "']", true): null

2018-11-28 11:06:23 - [TEST_STEP][PASSED] - click: Object: '' is clicked on

2018-11-28 11:06:24 - [MESSAGE][PASSED] - Object: '' is clicked on

2018-11-28 11:06:24 - [TEST_STEP][PASSED] - Statement - UpdatedSelectDate = com.kms.katalon.core.webui.keyword.WebUiBuiltInKeywords.modifyObjectProperty(com.kms.katalon.core.testobject.ObjectRepository.findTestObject(Final Object Repo/New Registration - Registration Module Pages/Form 2/DOB Date), "xpath", "equals", "//body/div/table/tbody/tr/td/a[text()="" + CurrentDate + ""]", true): Modify property of object successfully

2018-11-28 11:06:24 - [MESSAGE][PASSED] - Modify property of object successfully

2018-11-28 11:06:24 - [TEST_STEP][PASSED] - delay: Delayed 3 second(s)

2018-11-28 11:06:27 - [MESSAGE][PASSED] - Delayed 3 second(s)

2018-11-28 11:06:27 - [TEST_STEP][PASSED] - click: Object: 'Object Repository/Final Object Repo/New Registration - Registration Module Pages/Form 2/DOB Date' is clicked on

2018-11-28 11:06:27 - [MESSAGE][PASSED] - Object: 'Object Repository/Final Object Repo/New Registration - Registration Module Pages/Form 2/DOB Date' is clicked on

2018-11-28 11:06:27 - [TEST_STEP][PASSED] - delay: Delayed 2 second(s)

2018-11-28 11:06:29 - [MESSAGE][PASSED] - Delayed 2 second(s)

2018-11-28 11:06:29 - [TEST_STEP][PASSED] - click: Object: 'Object Repository/Final Object Repo/New Registration - Registration Module Pages/Form 2/EmploymentStartDate Pop Up' is clicked on

2018-11-28 11:06:29 - [MESSAGE][PASSED] - Object: 'Object Repository/Final Object Repo/New Registration - Registration Module Pages/Form 2/EmploymentStartDate Pop Up' is clicked on

2018-11-28 11:06:29 - [TEST_STEP][PASSED] - delay: Delayed 2 second(s)

2018-11-28 11:06:31 - [MESSAGE][PASSED] - Delayed 2 second(s)

2018-11-28 11:06:31 - [TEST_STEP][PASSED] - click: Object: 'Object Repository/Final Object Repo/New Registration - Registration Module Pages/Form 2/Socso Employment StartDate Month' is clicked on

2018-11-28 11:06:31 - [MESSAGE][PASSED] - Object: 'Object Repository/Final Object Repo/New Registration - Registration Module Pages/Form 2/Socso Employment StartDate Month' is clicked on

2018-11-28 11:06:31 - [TEST_STEP][PASSED] - delay: Delayed 1 second(s)

2018-11-28 11:06:32 - [MESSAGE][PASSED] - Delayed 1 second(s)

2018-11-28 11:06:32 - [TEST_STEP][PASSED] - click: Object: 'Object Repository/Final Object Repo/New Registration - Registration Module Pages/Form 2/Select Socso Employement Startdate Month' is clicked on

2018-11-28 11:06:32 - [MESSAGE][PASSED] - Object: 'Object Repository/Final Object Repo/New Registration - Registration Module Pages/Form 2/Select Socso Employement Startdate Month' is clicked on

2018-11-28 11:06:32 - [TEST_STEP][PASSED] - delay: Delayed 2 second(s)

2018-11-28 11:06:34 - [MESSAGE][PASSED] - Delayed 2 second(s)

2018-11-28 11:06:34 - [TEST_STEP][PASSED] - click: Object: 'Object Repository/Final Object Repo/New Registration - Registration Module Pages/Form 2/Socso Employment StartDate Year' is clicked on

2018-11-28 11:06:35 - [MESSAGE][PASSED] - Object: 'Object Repository/Final Object Repo/New Registration - Registration Module Pages/Form 2/Socso Employment StartDate Year' is clicked on

2018-11-28 11:06:35 - [TEST_STEP][PASSED] - delay: Delayed 1 second(s)

2018-11-28 11:06:36 - [MESSAGE][PASSED] - Delayed 1 second(s)

2018-11-28 11:06:36 - [TEST_STEP][PASSED] - click: Object: 'Object Repository/Final Object Repo/New Registration - Registration Module Pages/Form 2/Select Socso Employment Startdate Year' is clicked on

2018-11-28 11:06:36 - [MESSAGE][PASSED] - Object: 'Object Repository/Final Object Repo/New Registration - Registration Module Pages/Form 2/Select Socso Employment Startdate Year' is clicked on

2018-11-28 11:06:36 - [TEST_STEP][PASSED] - delay: Delayed 2 second(s)

2018-11-28 11:06:38 - [MESSAGE][PASSED] - Delayed 2 second(s)

2018-11-28 11:06:38 - [TEST_STEP][PASSED] - click: Object: 'Object Repository/Final Object Repo/New Registration - Registration Module Pages/Form 2/Socso Employment Start Date Day' is clicked on

2018-11-28 11:06:38 - [MESSAGE][PASSED] - Object: 'Object Repository/Final Object Repo/New Registration - Registration Module Pages/Form 2/Socso Employment Start Date Day' is clicked on

2018-11-28 11:06:38 - [TEST_STEP][PASSED] - delay: Delayed 2 second(s)

2018-11-28 11:06:40 - [MESSAGE][PASSED] - Delayed 2 second(s)

2018-11-28 11:06:40 - [TEST_STEP][PASSED] - click: Object: 'Object Repository/Final Object Repo/New Registration - Registration Module Pages/Form 2/Save Button for Add Employee' is clicked on

2018-11-28 11:06:40 - [MESSAGE][PASSED] - Object: 'Object Repository/Final Object Repo/New Registration - Registration Module Pages/Form 2/Save Button for Add Employee' is clicked on

2018-11-28 11:06:40 - [TEST_STEP][PASSED] - delay: Delayed 6 second(s)

2018-11-28 11:06:46 - [MESSAGE][PASSED] - Delayed 6 second(s)

2018-11-28 11:06:46 - [TEST_STEP][PASSED] - click: Object: 'Object Repository/Final Object Repo/New Registration - Registration Module Pages/Form 2/Save and Continue Form 2' is clicked on

2018-11-28 11:06:47 - [MESSAGE][PASSED] - Object: 'Object Repository/Final Object Repo/New Registration - Registration Module Pages/Form 2/Save and Continue Form 2' is clicked on

2018-11-28 11:06:47 - [MESSAGE][PASSED] - Call Test Case 'Test Cases/Final Aug 2018 - PKS Automation/Registration Module/New Registration/Form 2/Add 1 Eligible - Employer Account Use' successfully

2018-11-28 11:06:47 - [TEST_STEP][PASSED] - callTestCase: Call Test Case 'Test Cases/Final Aug 2018 - PKS Automation/Registration Module/New Registration/Flow of New Registration/Third Screen - Upload Supporting Doc - Preview' successfully

2018-11-28 11:06:47 - [TEST_CASE][PASSED] - Test Cases/Final Aug 2018 - PKS Automation/Registration Module/New Registration/Flow of New Registration/Third Screen - Upload Supporting Doc - Preview: Test Cases/Final Aug 2018 - PKS Automation/Registration Module/New Registration/Flow of New Registration/Third Screen - Upload Supporting Doc - Preview

2018-11-28 11:06:47 - [TEST_STEP][PASSED] - waitForPageLoad: Wait for page load successfully

2018-11-28 11:06:48 - [MESSAGE][PASSED] - Wait for page load successfully

2018-11-28 11:06:48 - [TEST_STEP][PASSED] - Statement - CaseReferenceNo = com.kms.katalon.core.webui.keyword.WebUiBuiltInKeywords.getText(com.kms.katalon.core.testobject.ObjectRepository.findTestObject(Final Object Repo/New Registration - Registration Module Pages/Third Screen - Upload Supporting Doc- Preview/RefNo Acquiring)): Text of object 'Object Repository/Final Object Repo/New Registration - Registration Module Pages/Third Screen - Upload Supporting Doc- Preview/RefNo Acquiring' is: 'CRN11201800122892'

2018-11-28 11:06:48 - [MESSAGE][PASSED] - Text of object 'Object Repository/Final Object Repo/New Registration - Registration Module Pages/Third Screen - Upload Supporting Doc- Preview/RefNo Acquiring' is: 'CRN11201800122892'

2018-11-28 11:06:48 - [TEST_STEP][PASSED] - delay: Delayed 2 second(s)

2018-11-28 11:06:50 - [MESSAGE][PASSED] - Delayed 2 second(s)

2018-11-28 11:06:50 - [TEST_STEP][PASSED] - callTestCase: Call Test Case 'Test Cases/Final Aug 2018 - PKS Automation/Common/Reference Number Setter' successfully

2018-11-28 11:06:50 - [TEST_CASE][PASSED] - Test Cases/Final Aug 2018 - PKS Automation/Common/Reference Number Setter: Test Cases/Final Aug 2018 - PKS Automation/Common/Reference Number Setter

2018-11-28 11:06:50 - [TEST_STEP][PASSED] - Statement - RefNoOldFile = new java.io.File(C://Users//Admin//Desktop//PKS//Automation Reference Point//KatalonReference.txt): null

2018-11-28 11:06:50 - [TEST_STEP][PASSED] - Statement - RefNoOldFile.delete(): null

2018-11-28 11:06:50 - [TEST_STEP][PASSED] - delay: Delayed 5 second(s)

2018-11-28 11:06:55 - [MESSAGE][PASSED] - Delayed 5 second(s)

2018-11-28 11:06:55 - [TEST_STEP][PASSED] - Statement - RefNo = new java.io.File(C://Users//Admin//Desktop//PKS//Automation Reference Point//KatalonReference.txt): null

2018-11-28 11:06:55 - [TEST_STEP][PASSED] - Statement - f2 = new java.io.FileWriter(RefNo, false): null

2018-11-28 11:06:55 - [TEST_STEP][PASSED] - Statement - f2.write(CaseReferenceNo): null

2018-11-28 11:06:55 - [TEST_STEP][PASSED] - Statement - f2.close(): null

2018-11-28 11:06:55 - [TEST_STEP][PASSED] - Statement - out.println("


" + CaseReferenceNo + "


"): null

2018-11-28 11:06:55 - [MESSAGE][PASSED] - Call Test Case 'Test Cases/Final Aug 2018 - PKS Automation/Common/Reference Number Setter' successfully

2018-11-28 11:06:55 - [TEST_STEP][PASSED] - waitForElementClickable: Object 'Object Repository/Final Object Repo/New Registration - Registration Module Pages/Third Screen - Upload Supporting Doc- Preview/Save n Continue in SIP Employee Listing Page' is clickable

2018-11-28 11:06:55 - [MESSAGE][PASSED] - Object 'Object Repository/Final Object Repo/New Registration - Registration Module Pages/Third Screen - Upload Supporting Doc- Preview/Save n Continue in SIP Employee Listing Page' is clickable

2018-11-28 11:06:55 - [TEST_STEP][PASSED] - click: Object: 'Object Repository/Final Object Repo/New Registration - Registration Module Pages/Third Screen - Upload Supporting Doc- Preview/Save n Continue in SIP Employee Listing Page' is clicked on

2018-11-28 11:07:01 - [MESSAGE][PASSED] - Object: 'Object Repository/Final Object Repo/New Registration - Registration Module Pages/Third Screen - Upload Supporting Doc- Preview/Save n Continue in SIP Employee Listing Page' is clicked on

2018-11-28 11:07:01 - [TEST_STEP][PASSED] - delay: Delayed 7 second(s)

2018-11-28 11:07:08 - [MESSAGE][PASSED] - Delayed 7 second(s)

2018-11-28 11:07:08 - [TEST_STEP][PASSED] - click: Object: 'Object Repository/Final Object Repo/New Registration - Registration Module Pages/Third Screen - Upload Supporting Doc- Preview/Add Document Button' is clicked on

2018-11-28 11:07:08 - [MESSAGE][PASSED] - Object: 'Object Repository/Final Object Repo/New Registration - Registration Module Pages/Third Screen - Upload Supporting Doc- Preview/Add Document Button' is clicked on

2018-11-28 11:07:08 - [TEST_STEP][PASSED] - delay: Delayed 30 second(s)

2018-11-28 11:07:38 - [MESSAGE][PASSED] - Delayed 30 second(s)

2018-11-28 11:07:38 - [TEST_STEP][PASSED] - click: Object: 'Object Repository/Final Object Repo/New Registration - Registration Module Pages/Third Screen - Upload Supporting Doc- Preview/Supporting Doc Please Select Drop Down' is clicked on

2018-11-28 11:07:38 - [MESSAGE][PASSED] - Object: 'Object Repository/Final Object Repo/New Registration - Registration Module Pages/Third Screen - Upload Supporting Doc- Preview/Supporting Doc Please Select Drop Down' is clicked on

2018-11-28 11:07:38 - [TEST_STEP][PASSED] - delay: Delayed 2 second(s)

2018-11-28 11:07:40 - [MESSAGE][PASSED] - Delayed 2 second(s)

2018-11-28 11:07:40 - [TEST_STEP][PASSED] - click: Object: 'Object Repository/Final Object Repo/New Registration - Registration Module Pages/Third Screen - Upload Supporting Doc- Preview/Select to Upload Form 1' is clicked on

2018-11-28 11:07:40 - [MESSAGE][PASSED] - Object: 'Object Repository/Final Object Repo/New Registration - Registration Module Pages/Third Screen - Upload Supporting Doc- Preview/Select to Upload Form 1' is clicked on

2018-11-28 11:07:40 - [TEST_STEP][PASSED] - delay: Delayed 2 second(s)

2018-11-28 11:07:42 - [MESSAGE][PASSED] - Delayed 2 second(s)

2018-11-28 11:07:42 - [TEST_STEP][PASSED] - uploadFile: File 'C:\Users\Public\Pictures\Sample Pictures\Koala.jpg' sent to object: 'Object Repository/Final Object Repo/New Registration - Registration Module Pages/Third Screen - Upload Supporting Doc- Preview/Upload File Adding'

2018-11-28 11:07:42 - [MESSAGE][PASSED] - File 'C:\Users\Public\Pictures\Sample Pictures\Koala.jpg' sent to object: 'Object Repository/Final Object Repo/New Registration - Registration Module Pages/Third Screen - Upload Supporting Doc- Preview/Upload File Adding'

2018-11-28 11:07:42 - [TEST_STEP][PASSED] - delay: Delayed 5 second(s)

2018-11-28 11:07:47 - [MESSAGE][PASSED] - Delayed 5 second(s)

2018-11-28 11:07:47 - [TEST_STEP][PASSED] - click: Object: 'Object Repository/Final Object Repo/New Registration - Registration Module Pages/Third Screen - Upload Supporting Doc- Preview/Inner Form Add Document Button' is clicked on

2018-11-28 11:07:48 - [MESSAGE][PASSED] - Object: 'Object Repository/Final Object Repo/New Registration - Registration Module Pages/Third Screen - Upload Supporting Doc- Preview/Inner Form Add Document Button' is clicked on

2018-11-28 11:07:48 - [TEST_STEP][PASSED] - delay: Delayed 3 second(s)

2018-11-28 11:07:51 - [MESSAGE][PASSED] - Delayed 3 second(s)

2018-11-28 11:07:51 - [TEST_STEP][PASSED] - click: Object: 'Object Repository/Final Object Repo/New Registration - Registration Module Pages/Third Screen - Upload Supporting Doc- Preview/Add Document Button' is clicked on

2018-11-28 11:07:52 - [MESSAGE][PASSED] - Object: 'Object Repository/Final Object Repo/New Registration - Registration Module Pages/Third Screen - Upload Supporting Doc- Preview/Add Document Button' is clicked on

2018-11-28 11:07:52 - [TEST_STEP][PASSED] - delay: Delayed 30 second(s)

2018-11-28 11:08:22 - [MESSAGE][PASSED] - Delayed 30 second(s)

2018-11-28 11:08:22 - [TEST_STEP][PASSED] - click: Object: 'Object Repository/Final Object Repo/New Registration - Registration Module Pages/Third Screen - Upload Supporting Doc- Preview/Supporting Doc Please Select Drop Down' is clicked on

2018-11-28 11:08:23 - [MESSAGE][PASSED] - Object: 'Object Repository/Final Object Repo/New Registration - Registration Module Pages/Third Screen - Upload Supporting Doc- Preview/Supporting Doc Please Select Drop Down' is clicked on

2018-11-28 11:08:23 - [TEST_STEP][PASSED] - delay: Delayed 2 second(s)

2018-11-28 11:08:25 - [MESSAGE][PASSED] - Delayed 2 second(s)

2018-11-28 11:08:25 - [TEST_STEP][PASSED] - click: Object: 'Object Repository/Final Object Repo/New Registration - Registration Module Pages/Third Screen - Upload Supporting Doc- Preview/Select to Upload Form 2' is clicked on

2018-11-28 11:08:25 - [MESSAGE][PASSED] - Object: 'Object Repository/Final Object Repo/New Registration - Registration Module Pages/Third Screen - Upload Supporting Doc- Preview/Select to Upload Form 2' is clicked on

2018-11-28 11:08:25 - [TEST_STEP][PASSED] - delay: Delayed 2 second(s)

2018-11-28 11:08:27 - [MESSAGE][PASSED] - Delayed 2 second(s)

2018-11-28 11:08:27 - [TEST_STEP][PASSED] - uploadFile: File 'C:\Users\Public\Pictures\Sample Pictures\Koala.jpg' sent to object: 'Object Repository/Final Object Repo/New Registration - Registration Module Pages/Third Screen - Upload Supporting Doc- Preview/Upload File Adding'

2018-11-28 11:08:27 - [MESSAGE][PASSED] - File 'C:\Users\Public\Pictures\Sample Pictures\Koala.jpg' sent to object: 'Object Repository/Final Object Repo/New Registration - Registration Module Pages/Third Screen - Upload Supporting Doc- Preview/Upload File Adding'

2018-11-28 11:08:27 - [TEST_STEP][PASSED] - click: Object: 'Object Repository/Final Object Repo/New Registration - Registration Module Pages/Third Screen - Upload Supporting Doc- Preview/Inner Form Add Document Button' is clicked on

2018-11-28 11:08:27 - [MESSAGE][PASSED] - Object: 'Object Repository/Final Object Repo/New Registration - Registration Module Pages/Third Screen - Upload Supporting Doc- Preview/Inner Form Add Document Button' is clicked on

2018-11-28 11:08:27 - [TEST_STEP][PASSED] - delay: Delayed 5 second(s)

2018-11-28 11:08:32 - [MESSAGE][PASSED] - Delayed 5 second(s)

2018-11-28 11:08:32 - [TEST_STEP][PASSED] - click: Object: 'Object Repository/Final Object Repo/New Registration - Registration Module Pages/Third Screen - Upload Supporting Doc- Preview/Add Document Button' is clicked on

2018-11-28 11:08:32 - [MESSAGE][PASSED] - Object: 'Object Repository/Final Object Repo/New Registration - Registration Module Pages/Third Screen - Upload Supporting Doc- Preview/Add Document Button' is clicked on

2018-11-28 11:08:32 - [TEST_STEP][PASSED] - delay: Delayed 30 second(s)

2018-11-28 11:09:02 - [MESSAGE][PASSED] - Delayed 30 second(s)

2018-11-28 11:09:02 - [TEST_STEP][PASSED] - click: Object: 'Object Repository/Final Object Repo/New Registration - Registration Module Pages/Third Screen - Upload Supporting Doc- Preview/Supporting Doc Please Select Drop Down' is clicked on

2018-11-28 11:09:03 - [MESSAGE][PASSED] - Object: 'Object Repository/Final Object Repo/New Registration - Registration Module Pages/Third Screen - Upload Supporting Doc- Preview/Supporting Doc Please Select Drop Down' is clicked on

2018-11-28 11:09:03 - [TEST_STEP][PASSED] - click: Object: 'Object Repository/Final Object Repo/New Registration - Registration Module Pages/Third Screen - Upload Supporting Doc- Preview/Select to Upload Borang SIP 1' is clicked on

2018-11-28 11:09:03 - [MESSAGE][PASSED] - Object: 'Object Repository/Final Object Repo/New Registration - Registration Module Pages/Third Screen - Upload Supporting Doc- Preview/Select to Upload Borang SIP 1' is clicked on

2018-11-28 11:09:03 - [TEST_STEP][PASSED] - delay: Delayed 2 second(s)

2018-11-28 11:09:05 - [MESSAGE][PASSED] - Delayed 2 second(s)

2018-11-28 11:09:05 - [TEST_STEP][PASSED] - uploadFile: File 'C:\Users\Public\Pictures\Sample Pictures\Koala.jpg' sent to object: 'Object Repository/Final Object Repo/New Registration - Registration Module Pages/Third Screen - Upload Supporting Doc- Preview/Upload File Adding'

2018-11-28 11:09:05 - [MESSAGE][PASSED] - File 'C:\Users\Public\Pictures\Sample Pictures\Koala.jpg' sent to object: 'Object Repository/Final Object Repo/New Registration - Registration Module Pages/Third Screen - Upload Supporting Doc- Preview/Upload File Adding'

2018-11-28 11:09:05 - [TEST_STEP][PASSED] - click: Object: 'Object Repository/Final Object Repo/New Registration - Registration Module Pages/Third Screen - Upload Supporting Doc- Preview/Inner Form Add Document Button' is clicked on

2018-11-28 11:09:05 - [MESSAGE][PASSED] - Object: 'Object Repository/Final Object Repo/New Registration - Registration Module Pages/Third Screen - Upload Supporting Doc- Preview/Inner Form Add Document Button' is clicked on

2018-11-28 11:09:05 - [TEST_STEP][PASSED] - delay: Delayed 5 second(s)

2018-11-28 11:09:10 - [MESSAGE][PASSED] - Delayed 5 second(s)

2018-11-28 11:09:10 - [TEST_STEP][PASSED] - click: Object: 'Object Repository/Final Object Repo/New Registration - Registration Module Pages/Third Screen - Upload Supporting Doc- Preview/Add Document Button' is clicked on

2018-11-28 11:09:11 - [MESSAGE][PASSED] - Object: 'Object Repository/Final Object Repo/New Registration - Registration Module Pages/Third Screen - Upload Supporting Doc- Preview/Add Document Button' is clicked on

2018-11-28 11:09:11 - [TEST_STEP][PASSED] - delay: Delayed 30 second(s)

2018-11-28 11:09:41 - [MESSAGE][PASSED] - Delayed 30 second(s)

2018-11-28 11:09:41 - [TEST_STEP][PASSED] - click: Object: 'Object Repository/Final Object Repo/New Registration - Registration Module Pages/Third Screen - Upload Supporting Doc- Preview/Supporting Doc Please Select Drop Down' is clicked on

2018-11-28 11:09:41 - [MESSAGE][PASSED] - Object: 'Object Repository/Final Object Repo/New Registration - Registration Module Pages/Third Screen - Upload Supporting Doc- Preview/Supporting Doc Please Select Drop Down' is clicked on

2018-11-28 11:09:41 - [TEST_STEP][PASSED] - delay: Delayed 3 second(s)

2018-11-28 11:09:44 - [MESSAGE][PASSED] - Delayed 3 second(s)

2018-11-28 11:09:44 - [TEST_STEP][PASSED] - click: Object: 'Object Repository/Final Object Repo/New Registration - Registration Module Pages/Third Screen - Upload Supporting Doc- Preview/Select to Upload Borang SIP 2' is clicked on

2018-11-28 11:09:44 - [MESSAGE][PASSED] - Object: 'Object Repository/Final Object Repo/New Registration - Registration Module Pages/Third Screen - Upload Supporting Doc- Preview/Select to Upload Borang SIP 2' is clicked on

2018-11-28 11:09:44 - [TEST_STEP][PASSED] - delay: Delayed 2 second(s)

2018-11-28 11:09:46 - [MESSAGE][PASSED] - Delayed 2 second(s)

2018-11-28 11:09:46 - [TEST_STEP][PASSED] - uploadFile: File 'C:\Users\Public\Pictures\Sample Pictures\Koala.jpg' sent to object: 'Object Repository/Final Object Repo/New Registration - Registration Module Pages/Third Screen - Upload Supporting Doc- Preview/Upload File Adding'

2018-11-28 11:09:46 - [MESSAGE][PASSED] - File 'C:\Users\Public\Pictures\Sample Pictures\Koala.jpg' sent to object: 'Object Repository/Final Object Repo/New Registration - Registration Module Pages/Third Screen - Upload Supporting Doc- Preview/Upload File Adding'

2018-11-28 11:09:46 - [TEST_STEP][PASSED] - delay: Delayed 5 second(s)

2018-11-28 11:09:51 - [MESSAGE][PASSED] - Delayed 5 second(s)

2018-11-28 11:09:51 - [TEST_STEP][PASSED] - click: Object: 'Object Repository/Final Object Repo/New Registration - Registration Module Pages/Third Screen - Upload Supporting Doc- Preview/Inner Form Add Document Button' is clicked on

2018-11-28 11:09:51 - [MESSAGE][PASSED] - Object: 'Object Repository/Final Object Repo/New Registration - Registration Module Pages/Third Screen - Upload Supporting Doc- Preview/Inner Form Add Document Button' is clicked on

2018-11-28 11:09:51 - [TEST_STEP][PASSED] - delay: Delayed 3 second(s)

2018-11-28 11:09:54 - [MESSAGE][PASSED] - Delayed 3 second(s)

2018-11-28 11:09:54 - [TEST_STEP][PASSED] - waitForElementClickable: Object 'Object Repository/Final Object Repo/New Registration - Registration Module Pages/Third Screen - Upload Supporting Doc- Preview/Save n Continue in Uploading Supporting Doc Page' is clickable

2018-11-28 11:09:55 - [MESSAGE][PASSED] - Object 'Object Repository/Final Object Repo/New Registration - Registration Module Pages/Third Screen - Upload Supporting Doc- Preview/Save n Continue in Uploading Supporting Doc Page' is clickable

2018-11-28 11:09:55 - [TEST_STEP][PASSED] - click: Object: 'Object Repository/Final Object Repo/New Registration - Registration Module Pages/Third Screen - Upload Supporting Doc- Preview/Save n Continue in Uploading Supporting Doc Page' is clicked on

2018-11-28 11:09:56 - [MESSAGE][PASSED] - Object: 'Object Repository/Final Object Repo/New Registration - Registration Module Pages/Third Screen - Upload Supporting Doc- Preview/Save n Continue in Uploading Supporting Doc Page' is clicked on

2018-11-28 11:09:56 - [MESSAGE][PASSED] - Call Test Case 'Test Cases/Final Aug 2018 - PKS Automation/Registration Module/New Registration/Flow of New Registration/Third Screen - Upload Supporting Doc - Preview' successfully

2018-11-28 11:09:56 - [TEST_STEP][PASSED] - setText: Text 'Tester' is set on object 'Object Repository/Final Object Repo/New Registration - Registration Module Pages/New Reg - OTC to RO/Special Case - All Related Objects/Employer Preview Name'

2018-11-28 11:10:00 - [MESSAGE][PASSED] - Text 'Tester' is set on object 'Object Repository/Final Object Repo/New Registration - Registration Module Pages/New Reg - OTC to RO/Special Case - All Related Objects/Employer Preview Name'

2018-11-28 11:10:00 - [TEST_STEP][PASSED] - click: Object: 'Object Repository/Final Object Repo/New Registration - Registration Module Pages/New Reg - OTC to RO/Special Case - All Related Objects/IC Type Drop Down' is clicked on

2018-11-28 11:10:01 - [MESSAGE][PASSED] - Object: 'Object Repository/Final Object Repo/New Registration - Registration Module Pages/New Reg - OTC to RO/Special Case - All Related Objects/IC Type Drop Down' is clicked on

2018-11-28 11:10:01 - [TEST_STEP][PASSED] - click: Object: 'Object Repository/Final Object Repo/New Registration - Registration Module Pages/New Reg - OTC to RO/Special Case - All Related Objects/Select to NRIC' is clicked on

2018-11-28 11:10:01 - [MESSAGE][PASSED] - Object: 'Object Repository/Final Object Repo/New Registration - Registration Module Pages/New Reg - OTC to RO/Special Case - All Related Objects/Select to NRIC' is clicked on

2018-11-28 11:10:01 - [TEST_STEP][PASSED] - setText: Text '133245561223' is set on object 'Object Repository/Final Object Repo/New Registration - Registration Module Pages/New Reg - OTC to RO/Special Case - All Related Objects/IC Value'

2018-11-28 11:10:01 - [MESSAGE][PASSED] - Text '133245561223' is set on object 'Object Repository/Final Object Repo/New Registration - Registration Module Pages/New Reg - OTC to RO/Special Case - All Related Objects/IC Value'

2018-11-28 11:10:01 - [TEST_STEP][PASSED] - setText: Text 'Auto' is set on object 'Object Repository/Final Object Repo/New Registration - Registration Module Pages/New Reg - OTC to RO/Special Case - All Related Objects/Designation'

2018-11-28 11:10:01 - [MESSAGE][PASSED] - Text 'Auto' is set on object 'Object Repository/Final Object Repo/New Registration - Registration Module Pages/New Reg - OTC to RO/Special Case - All Related Objects/Designation'

2018-11-28 11:10:01 - [TEST_STEP][PASSED] - callTestCase: Call Test Case 'Test Cases/Final Aug 2018 - PKS Automation/Registration Module/New Registration/Submit and Screenshot/Submit Registration and Screenshot - Copy' successfully

2018-11-28 11:10:01 - [TEST_CASE][PASSED] - Test Cases/Final Aug 2018 - PKS Automation/Registration Module/New Registration/Submit and Screenshot/Submit Registration and Screenshot - Copy: Test Cases/Final Aug 2018 - PKS Automation/Registration Module/New Registration/Submit and Screenshot/Submit Registration and Screenshot - Copy

2018-11-28 11:10:02 - [TEST_STEP][PASSED] - delay: Delayed 6 second(s)

2018-11-28 11:10:08 - [MESSAGE][PASSED] - Delayed 6 second(s)

2018-11-28 11:10:08 - [TEST_STEP][PASSED] - click: Object: 'Object Repository/Final Object Repo/New Registration - Registration Module Pages/Third Screen - Upload Supporting Doc- Preview/Preview Submit Button' is clicked on

2018-11-28 11:10:08 - [MESSAGE][PASSED] - Object: 'Object Repository/Final Object Repo/New Registration - Registration Module Pages/Third Screen - Upload Supporting Doc- Preview/Preview Submit Button' is clicked on

2018-11-28 11:10:08 - [TEST_STEP][PASSED] - delay: Delayed 2 second(s)

2018-11-28 11:10:10 - [MESSAGE][PASSED] - Delayed 2 second(s)

2018-11-28 11:10:10 - [TEST_STEP][PASSED] - click: Object: 'Object Repository/Final Object Repo/New Registration - Registration Module Pages/Third Screen - Upload Supporting Doc- Preview/Preview Submit - Confirm' is clicked on

2018-11-28 11:10:10 - [MESSAGE][PASSED] - Object: 'Object Repository/Final Object Repo/New Registration - Registration Module Pages/Third Screen - Upload Supporting Doc- Preview/Preview Submit - Confirm' is clicked on

2018-11-28 11:10:10 - [TEST_STEP][PASSED] - delay: Delayed 15 second(s)

2018-11-28 11:10:25 - [MESSAGE][PASSED] - Delayed 15 second(s)

2018-11-28 11:10:25 - [TEST_STEP][PASSED] - Statement - driver = com.kms.katalon.core.webui.driver.DriverFactory.getWebDriver(): null

2018-11-28 11:10:25 - [TEST_STEP][PASSED] - Statement - driver.manage().timeouts().implicitlyWait(10, SECONDS): null

2018-11-28 11:10:25 - [TEST_STEP][PASSED] - Statement - PresavePath = KatalonScreenshots: null

2018-11-28 11:10:25 - [TEST_STEP][PASSED] - Statement - pathPrefix = "C:\Users\Public\Pictures\Sample Pictures\Katalon Screenshots\Automate Ending Screen": null

2018-11-28 11:10:25 - [TEST_STEP][PASSED] - Statement - finalPath = <not implemented yet for class: org.codehaus.groovy.ast.expr.EmptyExpression>: null

2018-11-28 11:10:25 - [TEST_STEP][PASSED] - Statement - scrFile = driver.getScreenshotAs(FILE): null

2018-11-28 11:10:26 - [TEST_STEP][PASSED] - Statement - PreSaveFile = new java.io.File(PresavePath): null

2018-11-28 11:10:26 - [TEST_STEP][PASSED] - Statement - counter = 0: null

2018-11-28 11:10:26 - [TEST_STEP][PASSED] - Statement - If (PreSaveFile.exists()): null

2018-11-28 11:10:26 - [TEST_STEP][PASSED] - Statement - While (PreSaveFile.exists()): null

2018-11-28 11:10:26 - [TEST_STEP][PASSED] - Statement - counter = counter + 1: null

2018-11-28 11:10:26 - [TEST_STEP][PASSED] - Statement - PreSaveFile = new java.io.File(((pathPrefix + java.lang.Integer.toString(counter)) + .png)): null

2018-11-28 11:10:26 - [TEST_STEP][PASSED] - Statement - counter = counter + 1: null

2018-11-28 11:10:26 - [TEST_STEP][PASSED] - Statement - PreSaveFile = new java.io.File(((pathPrefix + java.lang.Integer.toString(counter)) + .png)): null

2018-11-28 11:10:26 - [TEST_STEP][PASSED] - Statement - counter = counter + 1: null

2018-11-28 11:10:26 - [TEST_STEP][PASSED] - Statement - PreSaveFile = new java.io.File(((pathPrefix + java.lang.Integer.toString(counter)) + .png)): null

2018-11-28 11:10:26 - [TEST_STEP][PASSED] - Statement - counter = counter + 1: null

2018-11-28 11:10:26 - [TEST_STEP][PASSED] - Statement - PreSaveFile = new java.io.File(((pathPrefix + java.lang.Integer.toString(counter)) + .png)): null

2018-11-28 11:10:26 - [TEST_STEP][PASSED] - Statement - counter = counter + 1: null

2018-11-28 11:10:26 - [TEST_STEP][PASSED] - Statement - PreSaveFile = new java.io.File(((pathPrefix + java.lang.Integer.toString(counter)) + .png)): null

2018-11-28 11:10:26 - [TEST_STEP][PASSED] - Statement - counter = counter + 1: null

2018-11-28 11:10:26 - [TEST_STEP][PASSED] - Statement - PreSaveFile = new java.io.File(((pathPrefix + java.lang.Integer.toString(counter)) + .png)): null

2018-11-28 11:10:26 - [TEST_STEP][PASSED] - Statement - counter = counter + 1: null

2018-11-28 11:10:26 - [TEST_STEP][PASSED] - Statement - PreSaveFile = new java.io.File(((pathPrefix + java.lang.Integer.toString(counter)) + .png)): null

2018-11-28 11:10:26 - [TEST_STEP][PASSED] - Statement - counter = counter + 1: null

2018-11-28 11:10:26 - [TEST_STEP][PASSED] - Statement - PreSaveFile = new java.io.File(((pathPrefix + java.lang.Integer.toString(counter)) + .png)): null

2018-11-28 11:10:26 - [TEST_STEP][PASSED] - Statement - counter = counter + 1: null

2018-11-28 11:10:26 - [TEST_STEP][PASSED] - Statement - PreSaveFile = new java.io.File(((pathPrefix + java.lang.Integer.toString(counter)) + .png)): null

2018-11-28 11:10:26 - [TEST_STEP][PASSED] - Statement - counter = counter + 1: null

2018-11-28 11:10:26 - [TEST_STEP][PASSED] - Statement - PreSaveFile = new java.io.File(((pathPrefix + java.lang.Integer.toString(counter)) + .png)): null

2018-11-28 11:10:26 - [TEST_STEP][PASSED] - Statement - counter = counter + 1: null

2018-11-28 11:10:26 - [TEST_STEP][PASSED] - Statement - PreSaveFile = new java.io.File(((pathPrefix + java.lang.Integer.toString(counter)) + .png)): null

2018-11-28 11:10:26 - [TEST_STEP][PASSED] - Statement - counter = counter + 1: null

2018-11-28 11:10:26 - [TEST_STEP][PASSED] - Statement - PreSaveFile = new java.io.File(((pathPrefix + java.lang.Integer.toString(counter)) + .png)): null

2018-11-28 11:10:26 - [TEST_STEP][PASSED] - Statement - counter = counter + 1: null

2018-11-28 11:10:26 - [TEST_STEP][PASSED] - Statement - PreSaveFile = new java.io.File(((pathPrefix + java.lang.Integer.toString(counter)) + .png)): null

2018-11-28 11:10:26 - [TEST_STEP][PASSED] - Statement - counter = counter + 1: null

2018-11-28 11:10:26 - [TEST_STEP][PASSED] - Statement - PreSaveFile = new java.io.File(((pathPrefix + java.lang.Integer.toString(counter)) + .png)): null

2018-11-28 11:10:26 - [TEST_STEP][PASSED] - Statement - counter = counter + 1: null

2018-11-28 11:10:26 - [TEST_STEP][PASSED] - Statement - PreSaveFile = new java.io.File(((pathPrefix + java.lang.Integer.toString(counter)) + .png)): null

2018-11-28 11:10:26 - [TEST_STEP][PASSED] - Statement - counter = counter + 1: null

2018-11-28 11:10:26 - [TEST_STEP][PASSED] - Statement - PreSaveFile = new java.io.File(((pathPrefix + java.lang.Integer.toString(counter)) + .png)): null

2018-11-28 11:10:26 - [TEST_STEP][PASSED] - Statement - counter = counter + 1: null

2018-11-28 11:10:26 - [TEST_STEP][PASSED] - Statement - PreSaveFile = new java.io.File(((pathPrefix + java.lang.Integer.toString(counter)) + .png)): null

2018-11-28 11:10:26 - [TEST_STEP][PASSED] - Statement - counter = counter + 1: null

2018-11-28 11:10:26 - [TEST_STEP][PASSED] - Statement - PreSaveFile = new java.io.File(((pathPrefix + java.lang.Integer.toString(counter)) + .png)): null

2018-11-28 11:10:26 - [TEST_STEP][PASSED] - Statement - counter = counter + 1: null

2018-11-28 11:10:26 - [TEST_STEP][PASSED] - Statement - PreSaveFile = new java.io.File(((pathPrefix + java.lang.Integer.toString(counter)) + .png)): null

2018-11-28 11:10:27 - [TEST_STEP][PASSED] - Statement - counter = counter + 1: null

2018-11-28 11:10:27 - [TEST_STEP][PASSED] - Statement - PreSaveFile = new java.io.File(((pathPrefix + java.lang.Integer.toString(counter)) + .png)): null

2018-11-28 11:10:27 - [TEST_STEP][PASSED] - Statement - counter = counter + 1: null

2018-11-28 11:10:27 - [TEST_STEP][PASSED] - Statement - PreSaveFile = new java.io.File(((pathPrefix + java.lang.Integer.toString(counter)) + .png)): null

2018-11-28 11:10:27 - [TEST_STEP][PASSED] - Statement - counter = counter + 1: null

2018-11-28 11:10:27 - [TEST_STEP][PASSED] - Statement - PreSaveFile = new java.io.File(((pathPrefix + java.lang.Integer.toString(counter)) + .png)): null

2018-11-28 11:10:27 - [TEST_STEP][PASSED] - Statement - counter = counter + 1: null

2018-11-28 11:10:27 - [TEST_STEP][PASSED] - Statement - PreSaveFile = new java.io.File(((pathPrefix + java.lang.Integer.toString(counter)) + .png)): null

2018-11-28 11:10:27 - [TEST_STEP][PASSED] - Statement - counter = counter + 1: null

2018-11-28 11:10:27 - [TEST_STEP][PASSED] - Statement - PreSaveFile = new java.io.File(((pathPrefix + java.lang.Integer.toString(counter)) + .png)): null

2018-11-28 11:10:27 - [TEST_STEP][PASSED] - Statement - counter = counter + 1: null

2018-11-28 11:10:27 - [TEST_STEP][PASSED] - Statement - PreSaveFile = new java.io.File(((pathPrefix + java.lang.Integer.toString(counter)) + .png)): null

2018-11-28 11:10:27 - [TEST_STEP][PASSED] - Statement - counter = counter + 1: null

2018-11-28 11:10:27 - [TEST_STEP][PASSED] - Statement - PreSaveFile = new java.io.File(((pathPrefix + java.lang.Integer.toString(counter)) + .png)): null

2018-11-28 11:10:27 - [TEST_STEP][PASSED] - Statement - counter = counter + 1: null

2018-11-28 11:10:27 - [TEST_STEP][PASSED] - Statement - PreSaveFile = new java.io.File(((pathPrefix + java.lang.Integer.toString(counter)) + .png)): null

2018-11-28 11:10:27 - [TEST_STEP][PASSED] - Statement - counter = counter + 1: null

2018-11-28 11:10:27 - [TEST_STEP][PASSED] - Statement - PreSaveFile = new java.io.File(((pathPrefix + java.lang.Integer.toString(counter)) + .png)): null

2018-11-28 11:10:27 - [TEST_STEP][PASSED] - Statement - counter = counter + 1: null

2018-11-28 11:10:27 - [TEST_STEP][PASSED] - Statement - PreSaveFile = new java.io.File(((pathPrefix + java.lang.Integer.toString(counter)) + .png)): null

2018-11-28 11:10:27 - [TEST_STEP][PASSED] - Statement - counter = counter + 1: null

2018-11-28 11:10:27 - [TEST_STEP][PASSED] - Statement - PreSaveFile = new java.io.File(((pathPrefix + java.lang.Integer.toString(counter)) + .png)): null

2018-11-28 11:10:27 - [TEST_STEP][PASSED] - Statement - counter = counter + 1: null

2018-11-28 11:10:27 - [TEST_STEP][PASSED] - Statement - PreSaveFile = new java.io.File(((pathPrefix + java.lang.Integer.toString(counter)) + .png)): null

2018-11-28 11:10:27 - [TEST_STEP][PASSED] - Statement - counter = counter + 1: null

2018-11-28 11:10:27 - [TEST_STEP][PASSED] - Statement - PreSaveFile = new java.io.File(((pathPrefix + java.lang.Integer.toString(counter)) + .png)): null

2018-11-28 11:10:27 - [TEST_STEP][PASSED] - Statement - counter = counter + 1: null

2018-11-28 11:10:27 - [TEST_STEP][PASSED] - Statement - PreSaveFile = new java.io.File(((pathPrefix + java.lang.Integer.toString(counter)) + .png)): null

2018-11-28 11:10:28 - [TEST_STEP][PASSED] - Statement - counter = counter + 1: null

2018-11-28 11:10:28 - [TEST_STEP][PASSED] - Statement - PreSaveFile = new java.io.File(((pathPrefix + java.lang.Integer.toString(counter)) + .png)): null

2018-11-28 11:10:28 - [TEST_STEP][PASSED] - Statement - counter = counter + 1: null

2018-11-28 11:10:28 - [TEST_STEP][PASSED] - Statement - PreSaveFile = new java.io.File(((pathPrefix + java.lang.Integer.toString(counter)) + .png)): null

2018-11-28 11:10:28 - [TEST_STEP][PASSED] - Statement - counter = counter + 1: null

2018-11-28 11:10:28 - [TEST_STEP][PASSED] - Statement - PreSaveFile = new java.io.File(((pathPrefix + java.lang.Integer.toString(counter)) + .png)): null

2018-11-28 11:10:28 - [TEST_STEP][PASSED] - Statement - counter = counter + 1: null

2018-11-28 11:10:28 - [TEST_STEP][PASSED] - Statement - PreSaveFile = new java.io.File(((pathPrefix + java.lang.Integer.toString(counter)) + .png)): null

2018-11-28 11:10:28 - [TEST_STEP][PASSED] - Statement - counter = counter + 1: null

2018-11-28 11:10:28 - [TEST_STEP][PASSED] - Statement - PreSaveFile = new java.io.File(((pathPrefix + java.lang.Integer.toString(counter)) + .png)): null

2018-11-28 11:10:29 - [TEST_STEP][PASSED] - Statement - counter = counter + 1: null

2018-11-28 11:10:29 - [TEST_STEP][PASSED] - Statement - PreSaveFile = new java.io.File(((pathPrefix + java.lang.Integer.toString(counter)) + .png)): null

2018-11-28 11:10:29 - [TEST_STEP][PASSED] - Statement - counter = counter + 1: null

2018-11-28 11:10:29 - [TEST_STEP][PASSED] - Statement - PreSaveFile = new java.io.File(((pathPrefix + java.lang.Integer.toString(counter)) + .png)): null

2018-11-28 11:10:29 - [TEST_STEP][PASSED] - Statement - counter = counter + 1: null

2018-11-28 11:10:29 - [TEST_STEP][PASSED] - Statement - PreSaveFile = new java.io.File(((pathPrefix + java.lang.Integer.toString(counter)) + .png)): null

2018-11-28 11:10:29 - [TEST_STEP][PASSED] - Statement - counter = counter + 1: null

2018-11-28 11:10:29 - [TEST_STEP][PASSED] - Statement - PreSaveFile = new java.io.File(((pathPrefix + java.lang.Integer.toString(counter)) + .png)): null

2018-11-28 11:10:29 - [TEST_STEP][PASSED] - Statement - counter = counter + 1: null

2018-11-28 11:10:29 - [TEST_STEP][PASSED] - Statement - PreSaveFile = new java.io.File(((pathPrefix + java.lang.Integer.toString(counter)) + .png)): null

2018-11-28 11:10:29 - [TEST_STEP][PASSED] - Statement - counter = counter + 1: null

2018-11-28 11:10:29 - [TEST_STEP][PASSED] - Statement - PreSaveFile = new java.io.File(((pathPrefix + java.lang.Integer.toString(counter)) + .png)): null

2018-11-28 11:10:29 - [TEST_STEP][PASSED] - Statement - counter = counter + 1: null

2018-11-28 11:10:29 - [TEST_STEP][PASSED] - Statement - PreSaveFile = new java.io.File(((pathPrefix + java.lang.Integer.toString(counter)) + .png)): null

2018-11-28 11:10:29 - [TEST_STEP][PASSED] - Statement - counter = counter + 1: null

2018-11-28 11:10:29 - [TEST_STEP][PASSED] - Statement - PreSaveFile = new java.io.File(((pathPrefix + java.lang.Integer.toString(counter)) + .png)): null

2018-11-28 11:10:29 - [TEST_STEP][PASSED] - Statement - counter = counter + 1: null

2018-11-28 11:10:29 - [TEST_STEP][PASSED] - Statement - PreSaveFile = new java.io.File(((pathPrefix + java.lang.Integer.toString(counter)) + .png)): null

2018-11-28 11:10:29 - [TEST_STEP][PASSED] - Statement - counter = counter + 1: null

2018-11-28 11:10:30 - [TEST_STEP][PASSED] - Statement - PreSaveFile = new java.io.File(((pathPrefix + java.lang.Integer.toString(counter)) + .png)): null

2018-11-28 11:10:30 - [TEST_STEP][PASSED] - Statement - counter = counter + 1: null

2018-11-28 11:10:30 - [TEST_STEP][PASSED] - Statement - PreSaveFile = new java.io.File(((pathPrefix + java.lang.Integer.toString(counter)) + .png)): null

2018-11-28 11:10:30 - [TEST_STEP][PASSED] - Statement - counter = counter + 1: null

2018-11-28 11:10:30 - [TEST_STEP][PASSED] - Statement - PreSaveFile = new java.io.File(((pathPrefix + java.lang.Integer.toString(counter)) + .png)): null

2018-11-28 11:10:30 - [TEST_STEP][PASSED] - Statement - counter = counter + 1: null

2018-11-28 11:10:30 - [TEST_STEP][PASSED] - Statement - PreSaveFile = new java.io.File(((pathPrefix + java.lang.Integer.toString(counter)) + .png)): null

2018-11-28 11:10:30 - [TEST_STEP][PASSED] - Statement - counter = counter + 1: null

2018-11-28 11:10:30 - [TEST_STEP][PASSED] - Statement - PreSaveFile = new java.io.File(((pathPrefix + java.lang.Integer.toString(counter)) + .png)): null

2018-11-28 11:10:31 - [TEST_STEP][PASSED] - Statement - counter = counter + 1: null

2018-11-28 11:10:31 - [TEST_STEP][PASSED] - Statement - PreSaveFile = new java.io.File(((pathPrefix + java.lang.Integer.toString(counter)) + .png)): null

2018-11-28 11:10:31 - [TEST_STEP][PASSED] - Statement - counter = counter + 1: null

2018-11-28 11:10:31 - [TEST_STEP][PASSED] - Statement - PreSaveFile = new java.io.File(((pathPrefix + java.lang.Integer.toString(counter)) + .png)): null

2018-11-28 11:10:31 - [TEST_STEP][PASSED] - Statement - counter = counter + 1: null

2018-11-28 11:10:31 - [TEST_STEP][PASSED] - Statement - PreSaveFile = new java.io.File(((pathPrefix + java.lang.Integer.toString(counter)) + .png)): null

2018-11-28 11:10:31 - [TEST_STEP][PASSED] - Statement - counter = counter + 1: null

2018-11-28 11:10:31 - [TEST_STEP][PASSED] - Statement - PreSaveFile = new java.io.File(((pathPrefix + java.lang.Integer.toString(counter)) + .png)): null

2018-11-28 11:10:31 - [TEST_STEP][PASSED] - Statement - counter = counter + 1: null

2018-11-28 11:10:31 - [TEST_STEP][PASSED] - Statement - PreSaveFile = new java.io.File(((pathPrefix + java.lang.Integer.toString(counter)) + .png)): null

2018-11-28 11:10:31 - [TEST_STEP][PASSED] - Statement - counter = counter + 1: null

2018-11-28 11:10:31 - [TEST_STEP][PASSED] - Statement - PreSaveFile = new java.io.File(((pathPrefix + java.lang.Integer.toString(counter)) + .png)): null

2018-11-28 11:10:31 - [TEST_STEP][PASSED] - Statement - counter = counter + 1: null

2018-11-28 11:10:31 - [TEST_STEP][PASSED] - Statement - PreSaveFile = new java.io.File(((pathPrefix + java.lang.Integer.toString(counter)) + .png)): null

2018-11-28 11:10:31 - [TEST_STEP][PASSED] - Statement - counter = counter + 1: null

2018-11-28 11:10:31 - [TEST_STEP][PASSED] - Statement - PreSaveFile = new java.io.File(((pathPrefix + java.lang.Integer.toString(counter)) + .png)): null

2018-11-28 11:10:31 - [TEST_STEP][PASSED] - Statement - counter = counter + 1: null

2018-11-28 11:10:31 - [TEST_STEP][PASSED] - Statement - PreSaveFile = new java.io.File(((pathPrefix + java.lang.Integer.toString(counter)) + .png)): null

2018-11-28 11:10:31 - [TEST_STEP][PASSED] - Statement - counter = counter + 1: null

2018-11-28 11:10:31 - [TEST_STEP][PASSED] - Statement - PreSaveFile = new java.io.File(((pathPrefix + java.lang.Integer.toString(counter)) + .png)): null

2018-11-28 11:10:32 - [TEST_STEP][PASSED] - Statement - counter = counter + 1: null

2018-11-28 11:10:32 - [TEST_STEP][PASSED] - Statement - PreSaveFile = new java.io.File(((pathPrefix + java.lang.Integer.toString(counter)) + .png)): null

2018-11-28 11:10:32 - [TEST_STEP][PASSED] - Statement - counter = counter + 1: null

2018-11-28 11:10:32 - [TEST_STEP][PASSED] - Statement - PreSaveFile = new java.io.File(((pathPrefix + java.lang.Integer.toString(counter)) + .png)): null

2018-11-28 11:10:32 - [TEST_STEP][PASSED] - Statement - counter = counter + 1: null

2018-11-28 11:10:32 - [TEST_STEP][PASSED] - Statement - PreSaveFile = new java.io.File(((pathPrefix + java.lang.Integer.toString(counter)) + .png)): null

2018-11-28 11:10:32 - [TEST_STEP][PASSED] - Statement - counter = counter + 1: null

2018-11-28 11:10:32 - [TEST_STEP][PASSED] - Statement - PreSaveFile = new java.io.File(((pathPrefix + java.lang.Integer.toString(counter)) + .png)): null

2018-11-28 11:10:32 - [TEST_STEP][PASSED] - Statement - counter = counter + 1: null

2018-11-28 11:10:33 - [TEST_STEP][PASSED] - Statement - PreSaveFile = new java.io.File(((pathPrefix + java.lang.Integer.toString(counter)) + .png)): null

2018-11-28 11:10:33 - [TEST_STEP][PASSED] - Statement - counter = counter + 1: null

2018-11-28 11:10:33 - [TEST_STEP][PASSED] - Statement - PreSaveFile = new java.io.File(((pathPrefix + java.lang.Integer.toString(counter)) + .png)): null

2018-11-28 11:10:33 - [TEST_STEP][PASSED] - Statement - counter = counter + 1: null

2018-11-28 11:10:33 - [TEST_STEP][PASSED] - Statement - PreSaveFile = new java.io.File(((pathPrefix + java.lang.Integer.toString(counter)) + .png)): null

2018-11-28 11:10:33 - [TEST_STEP][PASSED] - Statement - counter = counter + 1: null

2018-11-28 11:10:33 - [TEST_STEP][PASSED] - Statement - PreSaveFile = new java.io.File(((pathPrefix + java.lang.Integer.toString(counter)) + .png)): null

2018-11-28 11:10:33 - [TEST_STEP][PASSED] - Statement - counter = counter + 1: null

2018-11-28 11:10:33 - [TEST_STEP][PASSED] - Statement - PreSaveFile = new java.io.File(((pathPrefix + java.lang.Integer.toString(counter)) + .png)): null

2018-11-28 11:10:33 - [TEST_STEP][PASSED] - Statement - counter = counter + 1: null

2018-11-28 11:10:34 - [TEST_STEP][PASSED] - Statement - PreSaveFile = new java.io.File(((pathPrefix + java.lang.Integer.toString(counter)) + .png)): null

2018-11-28 11:10:34 - [TEST_STEP][PASSED] - Statement - counter = counter + 1: null

2018-11-28 11:10:34 - [TEST_STEP][PASSED] - Statement - PreSaveFile = new java.io.File(((pathPrefix + java.lang.Integer.toString(counter)) + .png)): null

2018-11-28 11:10:34 - [TEST_STEP][PASSED] - Statement - counter = counter + 1: null

2018-11-28 11:10:34 - [TEST_STEP][PASSED] - Statement - PreSaveFile = new java.io.File(((pathPrefix + java.lang.Integer.toString(counter)) + .png)): null

2018-11-28 11:10:34 - [TEST_STEP][PASSED] - Statement - counter = counter + 1: null

2018-11-28 11:10:34 - [TEST_STEP][PASSED] - Statement - PreSaveFile = new java.io.File(((pathPrefix + java.lang.Integer.toString(counter)) + .png)): null

2018-11-28 11:10:34 - [TEST_STEP][PASSED] - Statement - counter = counter + 1: null

2018-11-28 11:10:34 - [TEST_STEP][PASSED] - Statement - PreSaveFile = new java.io.File(((pathPrefix + java.lang.Integer.toString(counter)) + .png)): null

2018-11-28 11:10:35 - [TEST_STEP][PASSED] - Statement - counter = counter + 1: null

2018-11-28 11:10:35 - [TEST_STEP][PASSED] - Statement - PreSaveFile = new java.io.File(((pathPrefix + java.lang.Integer.toString(counter)) + .png)): null

2018-11-28 11:10:35 - [TEST_STEP][PASSED] - Statement - counter = counter + 1: null

2018-11-28 11:10:35 - [TEST_STEP][PASSED] - Statement - PreSaveFile = new java.io.File(((pathPrefix + java.lang.Integer.toString(counter)) + .png)): null

2018-11-28 11:10:35 - [TEST_STEP][PASSED] - Statement - counter = counter + 1: null

2018-11-28 11:10:35 - [TEST_STEP][PASSED] - Statement - PreSaveFile = new java.io.File(((pathPrefix + java.lang.Integer.toString(counter)) + .png)): null

2018-11-28 11:10:35 - [TEST_STEP][PASSED] - Statement - counter = counter + 1: null

2018-11-28 11:10:35 - [TEST_STEP][PASSED] - Statement - PreSaveFile = new java.io.File(((pathPrefix + java.lang.Integer.toString(counter)) + .png)): null

2018-11-28 11:10:35 - [TEST_STEP][PASSED] - Statement - counter = counter + 1: null

2018-11-28 11:10:35 - [TEST_STEP][PASSED] - Statement - PreSaveFile = new java.io.File(((pathPrefix + java.lang.Integer.toString(counter)) + .png)): null

2018-11-28 11:10:35 - [TEST_STEP][PASSED] - Statement - counter = counter + 1: null

2018-11-28 11:10:35 - [TEST_STEP][PASSED] - Statement - PreSaveFile = new java.io.File(((pathPrefix + java.lang.Integer.toString(counter)) + .png)): null

2018-11-28 11:10:35 - [TEST_STEP][PASSED] - Statement - counter = counter + 1: null

2018-11-28 11:10:35 - [TEST_STEP][PASSED] - Statement - PreSaveFile = new java.io.File(((pathPrefix + java.lang.Integer.toString(counter)) + .png)): null

2018-11-28 11:10:35 - [TEST_STEP][PASSED] - Statement - counter = counter + 1: null

2018-11-28 11:10:35 - [TEST_STEP][PASSED] - Statement - PreSaveFile = new java.io.File(((pathPrefix + java.lang.Integer.toString(counter)) + .png)): null

2018-11-28 11:10:35 - [TEST_STEP][PASSED] - Statement - counter = counter + 1: null

2018-11-28 11:10:35 - [TEST_STEP][PASSED] - Statement - PreSaveFile = new java.io.File(((pathPrefix + java.lang.Integer.toString(counter)) + .png)): null

2018-11-28 11:10:35 - [TEST_STEP][PASSED] - Statement - counter = counter + 1: null

2018-11-28 11:10:35 - [TEST_STEP][PASSED] - Statement - PreSaveFile = new java.io.File(((pathPrefix + java.lang.Integer.toString(counter)) + .png)): null

2018-11-28 11:10:36 - [TEST_STEP][PASSED] - Statement - counter = counter + 1: null

2018-11-28 11:10:36 - [TEST_STEP][PASSED] - Statement - PreSaveFile = new java.io.File(((pathPrefix + java.lang.Integer.toString(counter)) + .png)): null

2018-11-28 11:10:36 - [TEST_STEP][PASSED] - Statement - counter = counter + 1: null

2018-11-28 11:10:36 - [TEST_STEP][PASSED] - Statement - PreSaveFile = new java.io.File(((pathPrefix + java.lang.Integer.toString(counter)) + .png)): null

2018-11-28 11:10:36 - [TEST_STEP][PASSED] - Statement - counter = counter + 1: null

2018-11-28 11:10:36 - [TEST_STEP][PASSED] - Statement - PreSaveFile = new java.io.File(((pathPrefix + java.lang.Integer.toString(counter)) + .png)): null

2018-11-28 11:10:36 - [TEST_STEP][PASSED] - Statement - counter = counter + 1: null

2018-11-28 11:10:36 - [TEST_STEP][PASSED] - Statement - PreSaveFile = new java.io.File(((pathPrefix + java.lang.Integer.toString(counter)) + .png)): null

2018-11-28 11:10:36 - [TEST_STEP][PASSED] - Statement - counter = counter + 1: null

2018-11-28 11:10:37 - [TEST_STEP][PASSED] - Statement - PreSaveFile = new java.io.File(((pathPrefix + java.lang.Integer.toString(counter)) + .png)): null

2018-11-28 11:10:37 - [TEST_STEP][PASSED] - Statement - counter = counter + 1: null

2018-11-28 11:10:37 - [TEST_STEP][PASSED] - Statement - PreSaveFile = new java.io.File(((pathPrefix + java.lang.Integer.toString(counter)) + .png)): null

2018-11-28 11:10:37 - [TEST_STEP][PASSED] - Statement - counter = counter + 1: null

2018-11-28 11:10:37 - [TEST_STEP][PASSED] - Statement - PreSaveFile = new java.io.File(((pathPrefix + java.lang.Integer.toString(counter)) + .png)): null

2018-11-28 11:10:37 - [TEST_STEP][PASSED] - Statement - counter = counter + 1: null

2018-11-28 11:10:37 - [TEST_STEP][PASSED] - Statement - PreSaveFile = new java.io.File(((pathPrefix + java.lang.Integer.toString(counter)) + .png)): null

2018-11-28 11:10:37 - [TEST_STEP][PASSED] - Statement - counter = counter + 1: null

2018-11-28 11:10:37 - [TEST_STEP][PASSED] - Statement - PreSaveFile = new java.io.File(((pathPrefix + java.lang.Integer.toString(counter)) + .png)): null

2018-11-28 11:10:37 - [TEST_STEP][PASSED] - Statement - counter = counter + 1: null

2018-11-28 11:10:38 - [TEST_STEP][PASSED] - Statement - PreSaveFile = new java.io.File(((pathPrefix + java.lang.Integer.toString(counter)) + .png)): null

2018-11-28 11:10:38 - [TEST_STEP][PASSED] - Statement - counter = counter + 1: null

2018-11-28 11:10:38 - [TEST_STEP][PASSED] - Statement - PreSaveFile = new java.io.File(((pathPrefix + java.lang.Integer.toString(counter)) + .png)): null

2018-11-28 11:10:38 - [TEST_STEP][PASSED] - Statement - counter = counter + 1: null

2018-11-28 11:10:38 - [TEST_STEP][PASSED] - Statement - PreSaveFile = new java.io.File(((pathPrefix + java.lang.Integer.toString(counter)) + .png)): null

2018-11-28 11:10:38 - [TEST_STEP][PASSED] - Statement - counter = counter + 1: null

2018-11-28 11:10:38 - [TEST_STEP][PASSED] - Statement - PreSaveFile = new java.io.File(((pathPrefix + java.lang.Integer.toString(counter)) + .png)): null

2018-11-28 11:10:38 - [TEST_STEP][PASSED] - Statement - counter = counter + 1: null

2018-11-28 11:10:38 - [TEST_STEP][PASSED] - Statement - PreSaveFile = new java.io.File(((pathPrefix + java.lang.Integer.toString(counter)) + .png)): null

2018-11-28 11:10:39 - [TEST_STEP][PASSED] - Statement - counter = counter + 1: null

2018-11-28 11:10:39 - [TEST_STEP][PASSED] - Statement - PreSaveFile = new java.io.File(((pathPrefix + java.lang.Integer.toString(counter)) + .png)): null

2018-11-28 11:10:39 - [TEST_STEP][PASSED] - Statement - counter = counter + 1: null

2018-11-28 11:10:39 - [TEST_STEP][PASSED] - Statement - PreSaveFile = new java.io.File(((pathPrefix + java.lang.Integer.toString(counter)) + .png)): null

2018-11-28 11:10:39 - [TEST_STEP][PASSED] - Statement - counter = counter + 1: null

2018-11-28 11:10:39 - [TEST_STEP][PASSED] - Statement - PreSaveFile = new java.io.File(((pathPrefix + java.lang.Integer.toString(counter)) + .png)): null

2018-11-28 11:10:39 - [TEST_STEP][PASSED] - Statement - counter = counter + 1: null

2018-11-28 11:10:39 - [TEST_STEP][PASSED] - Statement - PreSaveFile = new java.io.File(((pathPrefix + java.lang.Integer.toString(counter)) + .png)): null

2018-11-28 11:10:39 - [TEST_STEP][PASSED] - Statement - counter = counter + 1: null

2018-11-28 11:10:39 - [TEST_STEP][PASSED] - Statement - PreSaveFile = new java.io.File(((pathPrefix + java.lang.Integer.toString(counter)) + .png)): null

2018-11-28 11:10:40 - [TEST_STEP][PASSED] - Statement - counter = counter + 1: null

2018-11-28 11:10:40 - [TEST_STEP][PASSED] - Statement - PreSaveFile = new java.io.File(((pathPrefix + java.lang.Integer.toString(counter)) + .png)): null

2018-11-28 11:10:40 - [TEST_STEP][PASSED] - Statement - counter = counter + 1: null

2018-11-28 11:10:40 - [TEST_STEP][PASSED] - Statement - PreSaveFile = new java.io.File(((pathPrefix + java.lang.Integer.toString(counter)) + .png)): null

2018-11-28 11:10:40 - [TEST_STEP][PASSED] - Statement - counter = counter + 1: null

2018-11-28 11:10:40 - [TEST_STEP][PASSED] - Statement - PreSaveFile = new java.io.File(((pathPrefix + java.lang.Integer.toString(counter)) + .png)): null

2018-11-28 11:10:40 - [TEST_STEP][PASSED] - Statement - counter = counter + 1: null

2018-11-28 11:10:40 - [TEST_STEP][PASSED] - Statement - PreSaveFile = new java.io.File(((pathPrefix + java.lang.Integer.toString(counter)) + .png)): null

2018-11-28 11:10:40 - [TEST_STEP][PASSED] - Statement - counter = counter + 1: null

2018-11-28 11:10:40 - [TEST_STEP][PASSED] - Statement - PreSaveFile = new java.io.File(((pathPrefix + java.lang.Integer.toString(counter)) + .png)): null

2018-11-28 11:10:41 - [TEST_STEP][PASSED] - Statement - counter = counter + 1: null

2018-11-28 11:10:41 - [TEST_STEP][PASSED] - Statement - PreSaveFile = new java.io.File(((pathPrefix + java.lang.Integer.toString(counter)) + .png)): null

2018-11-28 11:10:41 - [TEST_STEP][PASSED] - Statement - counter = counter + 1: null

2018-11-28 11:10:41 - [TEST_STEP][PASSED] - Statement - PreSaveFile = new java.io.File(((pathPrefix + java.lang.Integer.toString(counter)) + .png)): null

2018-11-28 11:10:41 - [TEST_STEP][PASSED] - Statement - counter = counter + 1: null

2018-11-28 11:10:41 - [TEST_STEP][PASSED] - Statement - PreSaveFile = new java.io.File(((pathPrefix + java.lang.Integer.toString(counter)) + .png)): null

2018-11-28 11:10:41 - [TEST_STEP][PASSED] - Statement - counter = counter + 1: null

2018-11-28 11:10:41 - [TEST_STEP][PASSED] - Statement - PreSaveFile = new java.io.File(((pathPrefix + java.lang.Integer.toString(counter)) + .png)): null

2018-11-28 11:10:41 - [TEST_STEP][PASSED] - Statement - counter = counter + 1: null

2018-11-28 11:10:42 - [TEST_STEP][PASSED] - Statement - PreSaveFile = new java.io.File(((pathPrefix + java.lang.Integer.toString(counter)) + .png)): null

2018-11-28 11:10:42 - [TEST_STEP][PASSED] - Statement - counter = counter + 1: null

2018-11-28 11:10:42 - [TEST_STEP][PASSED] - Statement - PreSaveFile = new java.io.File(((pathPrefix + java.lang.Integer.toString(counter)) + .png)): null

2018-11-28 11:10:42 - [TEST_STEP][PASSED] - Statement - counter = counter + 1: null

2018-11-28 11:10:42 - [TEST_STEP][PASSED] - Statement - PreSaveFile = new java.io.File(((pathPrefix + java.lang.Integer.toString(counter)) + .png)): null

2018-11-28 11:10:42 - [TEST_STEP][PASSED] - Statement - counter = counter + 1: null

2018-11-28 11:10:42 - [TEST_STEP][PASSED] - Statement - PreSaveFile = new java.io.File(((pathPrefix + java.lang.Integer.toString(counter)) + .png)): null

2018-11-28 11:10:42 - [TEST_STEP][PASSED] - Statement - counter = counter + 1: null

2018-11-28 11:10:42 - [TEST_STEP][PASSED] - Statement - PreSaveFile = new java.io.File(((pathPrefix + java.lang.Integer.toString(counter)) + .png)): null

2018-11-28 11:10:42 - [TEST_STEP][PASSED] - Statement - counter = counter + 1: null

2018-11-28 11:10:43 - [TEST_STEP][PASSED] - Statement - PreSaveFile = new java.io.File(((pathPrefix + java.lang.Integer.toString(counter)) + .png)): null

2018-11-28 11:10:43 - [TEST_STEP][PASSED] - Statement - counter = counter + 1: null

2018-11-28 11:10:43 - [TEST_STEP][PASSED] - Statement - PreSaveFile = new java.io.File(((pathPrefix + java.lang.Integer.toString(counter)) + .png)): null

2018-11-28 11:10:43 - [TEST_STEP][PASSED] - Statement - counter = counter + 1: null

2018-11-28 11:10:43 - [TEST_STEP][PASSED] - Statement - PreSaveFile = new java.io.File(((pathPrefix + java.lang.Integer.toString(counter)) + .png)): null

2018-11-28 11:10:43 - [TEST_STEP][PASSED] - Statement - counter = counter + 1: null

2018-11-28 11:10:43 - [TEST_STEP][PASSED] - Statement - PreSaveFile = new java.io.File(((pathPrefix + java.lang.Integer.toString(counter)) + .png)): null

2018-11-28 11:10:43 - [TEST_STEP][PASSED] - Statement - counter = counter + 1: null

2018-11-28 11:10:43 - [TEST_STEP][PASSED] - Statement - PreSaveFile = new java.io.File(((pathPrefix + java.lang.Integer.toString(counter)) + .png)): null

2018-11-28 11:10:44 - [TEST_STEP][PASSED] - Statement - counter = counter + 1: null

2018-11-28 11:10:44 - [TEST_STEP][PASSED] - Statement - PreSaveFile = new java.io.File(((pathPrefix + java.lang.Integer.toString(counter)) + .png)): null

2018-11-28 11:10:44 - [TEST_STEP][PASSED] - Statement - counter = counter + 1: null

2018-11-28 11:10:44 - [TEST_STEP][PASSED] - Statement - PreSaveFile = new java.io.File(((pathPrefix + java.lang.Integer.toString(counter)) + .png)): null

2018-11-28 11:10:44 - [TEST_STEP][PASSED] - Statement - counter = counter + 1: null

2018-11-28 11:10:44 - [TEST_STEP][PASSED] - Statement - PreSaveFile = new java.io.File(((pathPrefix + java.lang.Integer.toString(counter)) + .png)): null

2018-11-28 11:10:44 - [TEST_STEP][PASSED] - Statement - counter = counter + 1: null

2018-11-28 11:10:44 - [TEST_STEP][PASSED] - Statement - PreSaveFile = new java.io.File(((pathPrefix + java.lang.Integer.toString(counter)) + .png)): null

2018-11-28 11:10:44 - [TEST_STEP][PASSED] - Statement - counter = counter + 1: null

2018-11-28 11:10:44 - [TEST_STEP][PASSED] - Statement - PreSaveFile = new java.io.File(((pathPrefix + java.lang.Integer.toString(counter)) + .png)): null

2018-11-28 11:10:45 - [TEST_STEP][PASSED] - Statement - counter = counter + 1: null

2018-11-28 11:10:45 - [TEST_STEP][PASSED] - Statement - PreSaveFile = new java.io.File(((pathPrefix + java.lang.Integer.toString(counter)) + .png)): null

2018-11-28 11:10:45 - [TEST_STEP][PASSED] - Statement - counter = counter + 1: null

2018-11-28 11:10:45 - [TEST_STEP][PASSED] - Statement - PreSaveFile = new java.io.File(((pathPrefix + java.lang.Integer.toString(counter)) + .png)): null

2018-11-28 11:10:45 - [TEST_STEP][PASSED] - Statement - counter = counter + 1: null

2018-11-28 11:10:45 - [TEST_STEP][PASSED] - Statement - PreSaveFile = new java.io.File(((pathPrefix + java.lang.Integer.toString(counter)) + .png)): null

2018-11-28 11:10:45 - [TEST_STEP][PASSED] - Statement - counter = counter + 1: null

2018-11-28 11:10:45 - [TEST_STEP][PASSED] - Statement - PreSaveFile = new java.io.File(((pathPrefix + java.lang.Integer.toString(counter)) + .png)): null

2018-11-28 11:10:45 - [TEST_STEP][PASSED] - Statement - counter = counter + 1: null

2018-11-28 11:10:45 - [TEST_STEP][PASSED] - Statement - PreSaveFile = new java.io.File(((pathPrefix + java.lang.Integer.toString(counter)) + .png)): null

2018-11-28 11:10:47 - [TEST_STEP][PASSED] - Statement - counter = counter + 1: null

2018-11-28 11:10:47 - [TEST_STEP][PASSED] - Statement - PreSaveFile = new java.io.File(((pathPrefix + java.lang.Integer.toString(counter)) + .png)): null

2018-11-28 11:10:47 - [TEST_STEP][PASSED] - Statement - counter = counter + 1: null

2018-11-28 11:10:47 - [TEST_STEP][PASSED] - Statement - PreSaveFile = new java.io.File(((pathPrefix + java.lang.Integer.toString(counter)) + .png)): null

2018-11-28 11:10:47 - [TEST_STEP][PASSED] - Statement - counter = counter + 1: null

2018-11-28 11:10:47 - [TEST_STEP][PASSED] - Statement - PreSaveFile = new java.io.File(((pathPrefix + java.lang.Integer.toString(counter)) + .png)): null

2018-11-28 11:10:47 - [TEST_STEP][PASSED] - Statement - counter = counter + 1: null

2018-11-28 11:10:47 - [TEST_STEP][PASSED] - Statement - PreSaveFile = new java.io.File(((pathPrefix + java.lang.Integer.toString(counter)) + .png)): null

2018-11-28 11:10:47 - [TEST_STEP][PASSED] - Statement - counter = counter + 1: null

2018-11-28 11:10:48 - [TEST_STEP][PASSED] - Statement - PreSaveFile = new java.io.File(((pathPrefix + java.lang.Integer.toString(counter)) + .png)): null

2018-11-28 11:10:48 - [TEST_STEP][PASSED] - Statement - counter = counter + 1: null

2018-11-28 11:10:48 - [TEST_STEP][PASSED] - Statement - PreSaveFile = new java.io.File(((pathPrefix + java.lang.Integer.toString(counter)) + .png)): null

2018-11-28 11:10:48 - [TEST_STEP][PASSED] - Statement - counter = counter + 1: null

2018-11-28 11:10:48 - [TEST_STEP][PASSED] - Statement - PreSaveFile = new java.io.File(((pathPrefix + java.lang.Integer.toString(counter)) + .png)): null

2018-11-28 11:10:48 - [TEST_STEP][PASSED] - Statement - counter = counter + 1: null

2018-11-28 11:10:48 - [TEST_STEP][PASSED] - Statement - PreSaveFile = new java.io.File(((pathPrefix + java.lang.Integer.toString(counter)) + .png)): null

2018-11-28 11:10:48 - [TEST_STEP][PASSED] - Statement - counter = counter + 1: null

2018-11-28 11:10:48 - [TEST_STEP][PASSED] - Statement - PreSaveFile = new java.io.File(((pathPrefix + java.lang.Integer.toString(counter)) + .png)): null

2018-11-28 11:10:48 - [TEST_STEP][PASSED] - Statement - counter = counter + 1: null

2018-11-28 11:10:49 - [TEST_STEP][PASSED] - Statement - PreSaveFile = new java.io.File(((pathPrefix + java.lang.Integer.toString(counter)) + .png)): null

2018-11-28 11:10:49 - [TEST_STEP][PASSED] - Statement - counter = counter + 1: null

2018-11-28 11:10:49 - [TEST_STEP][PASSED] - Statement - PreSaveFile = new java.io.File(((pathPrefix + java.lang.Integer.toString(counter)) + .png)): null

2018-11-28 11:10:49 - [TEST_STEP][PASSED] - Statement - counter = counter + 1: null

2018-11-28 11:10:49 - [TEST_STEP][PASSED] - Statement - PreSaveFile = new java.io.File(((pathPrefix + java.lang.Integer.toString(counter)) + .png)): null

2018-11-28 11:10:49 - [TEST_STEP][PASSED] - Statement - counter = counter + 1: null

2018-11-28 11:10:49 - [TEST_STEP][PASSED] - Statement - PreSaveFile = new java.io.File(((pathPrefix + java.lang.Integer.toString(counter)) + .png)): null

2018-11-28 11:10:49 - [TEST_STEP][PASSED] - Statement - counter = counter + 1: null

2018-11-28 11:10:49 - [TEST_STEP][PASSED] - Statement - PreSaveFile = new java.io.File(((pathPrefix + java.lang.Integer.toString(counter)) + .png)): null

2018-11-28 11:10:49 - [TEST_STEP][PASSED] - Statement - counter = counter + 1: null

2018-11-28 11:10:50 - [TEST_STEP][PASSED] - Statement - PreSaveFile = new java.io.File(((pathPrefix + java.lang.Integer.toString(counter)) + .png)): null

2018-11-28 11:10:50 - [TEST_STEP][PASSED] - Statement - counter = counter + 1: null

2018-11-28 11:10:50 - [TEST_STEP][PASSED] - Statement - PreSaveFile = new java.io.File(((pathPrefix + java.lang.Integer.toString(counter)) + .png)): null

2018-11-28 11:10:50 - [TEST_STEP][PASSED] - Statement - counter = counter + 1: null

2018-11-28 11:10:50 - [TEST_STEP][PASSED] - Statement - PreSaveFile = new java.io.File(((pathPrefix + java.lang.Integer.toString(counter)) + .png)): null

2018-11-28 11:10:50 - [TEST_STEP][PASSED] - Statement - counter = counter + 1: null

2018-11-28 11:10:50 - [TEST_STEP][PASSED] - Statement - PreSaveFile = new java.io.File(((pathPrefix + java.lang.Integer.toString(counter)) + .png)): null

2018-11-28 11:10:50 - [TEST_STEP][PASSED] - Statement - counter = counter + 1: null

2018-11-28 11:10:50 - [TEST_STEP][PASSED] - Statement - PreSaveFile = new java.io.File(((pathPrefix + java.lang.Integer.toString(counter)) + .png)): null

2018-11-28 11:10:51 - [TEST_STEP][PASSED] - Statement - counter = counter + 1: null

2018-11-28 11:10:51 - [TEST_STEP][PASSED] - Statement - PreSaveFile = new java.io.File(((pathPrefix + java.lang.Integer.toString(counter)) + .png)): null

2018-11-28 11:10:51 - [TEST_STEP][PASSED] - Statement - counter = counter + 1: null

2018-11-28 11:10:51 - [TEST_STEP][PASSED] - Statement - PreSaveFile = new java.io.File(((pathPrefix + java.lang.Integer.toString(counter)) + .png)): null

2018-11-28 11:10:51 - [TEST_STEP][PASSED] - Statement - counter = counter + 1: null

2018-11-28 11:10:51 - [TEST_STEP][PASSED] - Statement - PreSaveFile = new java.io.File(((pathPrefix + java.lang.Integer.toString(counter)) + .png)): null

2018-11-28 11:10:51 - [TEST_STEP][PASSED] - Statement - counter = counter + 1: null

2018-11-28 11:10:51 - [TEST_STEP][PASSED] - Statement - PreSaveFile = new java.io.File(((pathPrefix + java.lang.Integer.toString(counter)) + .png)): null

2018-11-28 11:10:51 - [TEST_STEP][PASSED] - Statement - counter = counter + 1: null

2018-11-28 11:10:51 - [TEST_STEP][PASSED] - Statement - PreSaveFile = new java.io.File(((pathPrefix + java.lang.Integer.toString(counter)) + .png)): null

2018-11-28 11:10:53 - [TEST_STEP][PASSED] - Statement - counter = counter + 1: null

2018-11-28 11:10:53 - [TEST_STEP][PASSED] - Statement - PreSaveFile = new java.io.File(((pathPrefix + java.lang.Integer.toString(counter)) + .png)): null

2018-11-28 11:10:53 - [TEST_STEP][PASSED] - Statement - counter = counter + 1: null

2018-11-28 11:10:53 - [TEST_STEP][PASSED] - Statement - PreSaveFile = new java.io.File(((pathPrefix + java.lang.Integer.toString(counter)) + .png)): null

2018-11-28 11:10:53 - [TEST_STEP][PASSED] - Statement - counter = counter + 1: null

2018-11-28 11:10:53 - [TEST_STEP][PASSED] - Statement - PreSaveFile = new java.io.File(((pathPrefix + java.lang.Integer.toString(counter)) + .png)): null

2018-11-28 11:10:53 - [TEST_STEP][PASSED] - Statement - counter = counter + 1: null

2018-11-28 11:10:53 - [TEST_STEP][PASSED] - Statement - PreSaveFile = new java.io.File(((pathPrefix + java.lang.Integer.toString(counter)) + .png)): null

2018-11-28 11:10:53 - [TEST_STEP][PASSED] - Statement - counter = counter + 1: null

2018-11-28 11:10:53 - [TEST_STEP][PASSED] - Statement - PreSaveFile = new java.io.File(((pathPrefix + java.lang.Integer.toString(counter)) + .png)): null

2018-11-28 11:10:53 - [TEST_STEP][PASSED] - Statement - counter = counter + 1: null

2018-11-28 11:10:53 - [TEST_STEP][PASSED] - Statement - PreSaveFile = new java.io.File(((pathPrefix + java.lang.Integer.toString(counter)) + .png)): null

2018-11-28 11:10:53 - [TEST_STEP][PASSED] - Statement - counter = counter + 1: null

2018-11-28 11:10:53 - [TEST_STEP][PASSED] - Statement - PreSaveFile = new java.io.File(((pathPrefix + java.lang.Integer.toString(counter)) + .png)): null

2018-11-28 11:10:53 - [TEST_STEP][PASSED] - Statement - counter = counter + 1: null

2018-11-28 11:10:53 - [TEST_STEP][PASSED] - Statement - PreSaveFile = new java.io.File(((pathPrefix + java.lang.Integer.toString(counter)) + .png)): null

2018-11-28 11:10:53 - [TEST_STEP][PASSED] - Statement - counter = counter + 1: null

2018-11-28 11:10:53 - [TEST_STEP][PASSED] - Statement - PreSaveFile = new java.io.File(((pathPrefix + java.lang.Integer.toString(counter)) + .png)): null

2018-11-28 11:10:53 - [TEST_STEP][PASSED] - Statement - counter = counter + 1: null

2018-11-28 11:10:55 - [TEST_STEP][PASSED] - Statement - PreSaveFile = new java.io.File(((pathPrefix + java.lang.Integer.toString(counter)) + .png)): null

2018-11-28 11:10:55 - [TEST_STEP][PASSED] - Statement - counter = counter + 1: null

2018-11-28 11:10:55 - [TEST_STEP][PASSED] - Statement - PreSaveFile = new java.io.File(((pathPrefix + java.lang.Integer.toString(counter)) + .png)): null

2018-11-28 11:10:55 - [TEST_STEP][PASSED] - Statement - counter = counter + 1: null

2018-11-28 11:10:55 - [TEST_STEP][PASSED] - Statement - PreSaveFile = new java.io.File(((pathPrefix + java.lang.Integer.toString(counter)) + .png)): null

2018-11-28 11:10:55 - [TEST_STEP][PASSED] - Statement - counter = counter + 1: null

2018-11-28 11:10:55 - [TEST_STEP][PASSED] - Statement - PreSaveFile = new java.io.File(((pathPrefix + java.lang.Integer.toString(counter)) + .png)): null

2018-11-28 11:10:55 - [TEST_STEP][PASSED] - Statement - counter = counter + 1: null

2018-11-28 11:10:55 - [TEST_STEP][PASSED] - Statement - PreSaveFile = new java.io.File(((pathPrefix + java.lang.Integer.toString(counter)) + .png)): null

2018-11-28 11:10:55 - [TEST_STEP][PASSED] - Statement - counter = counter + 1: null

2018-11-28 11:10:56 - [TEST_STEP][PASSED] - Statement - PreSaveFile = new java.io.File(((pathPrefix + java.lang.Integer.toString(counter)) + .png)): null

2018-11-28 11:10:56 - [TEST_STEP][PASSED] - Statement - counter = counter + 1: null

2018-11-28 11:10:56 - [TEST_STEP][PASSED] - Statement - PreSaveFile = new java.io.File(((pathPrefix + java.lang.Integer.toString(counter)) + .png)): null

2018-11-28 11:10:56 - [TEST_STEP][PASSED] - Statement - counter = counter + 1: null

2018-11-28 11:10:56 - [TEST_STEP][PASSED] - Statement - PreSaveFile = new java.io.File(((pathPrefix + java.lang.Integer.toString(counter)) + .png)): null

2018-11-28 11:10:56 - [TEST_STEP][PASSED] - Statement - counter = counter + 1: null

2018-11-28 11:10:56 - [TEST_STEP][PASSED] - Statement - PreSaveFile = new java.io.File(((pathPrefix + java.lang.Integer.toString(counter)) + .png)): null

2018-11-28 11:10:56 - [TEST_STEP][PASSED] - Statement - counter = counter + 1: null

2018-11-28 11:10:56 - [TEST_STEP][PASSED] - Statement - PreSaveFile = new java.io.File(((pathPrefix + java.lang.Integer.toString(counter)) + .png)): null

2018-11-28 11:10:57 - [TEST_STEP][PASSED] - Statement - counter = counter + 1: null

2018-11-28 11:10:57 - [TEST_STEP][PASSED] - Statement - PreSaveFile = new java.io.File(((pathPrefix + java.lang.Integer.toString(counter)) + .png)): null

2018-11-28 11:10:57 - [TEST_STEP][PASSED] - Statement - counter = counter + 1: null

2018-11-28 11:10:57 - [TEST_STEP][PASSED] - Statement - PreSaveFile = new java.io.File(((pathPrefix + java.lang.Integer.toString(counter)) + .png)): null

2018-11-28 11:10:57 - [TEST_STEP][PASSED] - Statement - counter = counter + 1: null

2018-11-28 11:10:57 - [TEST_STEP][PASSED] - Statement - PreSaveFile = new java.io.File(((pathPrefix + java.lang.Integer.toString(counter)) + .png)): null

2018-11-28 11:10:57 - [TEST_STEP][PASSED] - Statement - counter = counter + 1: null

2018-11-28 11:10:57 - [TEST_STEP][PASSED] - Statement - PreSaveFile = new java.io.File(((pathPrefix + java.lang.Integer.toString(counter)) + .png)): null

2018-11-28 11:10:57 - [TEST_STEP][PASSED] - Statement - counter = counter + 1: null

2018-11-28 11:10:57 - [TEST_STEP][PASSED] - Statement - PreSaveFile = new java.io.File(((pathPrefix + java.lang.Integer.toString(counter)) + .png)): null

2018-11-28 11:10:59 - [TEST_STEP][PASSED] - Statement - counter = counter + 1: null

2018-11-28 11:10:59 - [TEST_STEP][PASSED] - Statement - PreSaveFile = new java.io.File(((pathPrefix + java.lang.Integer.toString(counter)) + .png)): null

2018-11-28 11:10:59 - [TEST_STEP][PASSED] - Statement - counter = counter + 1: null

2018-11-28 11:10:59 - [TEST_STEP][PASSED] - Statement - PreSaveFile = new java.io.File(((pathPrefix + java.lang.Integer.toString(counter)) + .png)): null

2018-11-28 11:10:59 - [TEST_STEP][PASSED] - Statement - counter = counter + 1: null

2018-11-28 11:10:59 - [TEST_STEP][PASSED] - Statement - PreSaveFile = new java.io.File(((pathPrefix + java.lang.Integer.toString(counter)) + .png)): null

2018-11-28 11:10:59 - [TEST_STEP][PASSED] - Statement - counter = counter + 1: null

2018-11-28 11:10:59 - [TEST_STEP][PASSED] - Statement - PreSaveFile = new java.io.File(((pathPrefix + java.lang.Integer.toString(counter)) + .png)): null

2018-11-28 11:10:59 - [TEST_STEP][PASSED] - Statement - counter = counter + 1: null

2018-11-28 11:11:00 - [TEST_STEP][PASSED] - Statement - PreSaveFile = new java.io.File(((pathPrefix + java.lang.Integer.toString(counter)) + .png)): null

2018-11-28 11:11:00 - [TEST_STEP][PASSED] - Statement - counter = counter + 1: null

2018-11-28 11:11:00 - [TEST_STEP][PASSED] - Statement - PreSaveFile = new java.io.File(((pathPrefix + java.lang.Integer.toString(counter)) + .png)): null

2018-11-28 11:11:00 - [TEST_STEP][PASSED] - Statement - counter = counter + 1: null

2018-11-28 11:11:00 - [TEST_STEP][PASSED] - Statement - PreSaveFile = new java.io.File(((pathPrefix + java.lang.Integer.toString(counter)) + .png)): null

2018-11-28 11:11:00 - [TEST_STEP][PASSED] - Statement - counter = counter + 1: null

2018-11-28 11:11:00 - [TEST_STEP][PASSED] - Statement - PreSaveFile = new java.io.File(((pathPrefix + java.lang.Integer.toString(counter)) + .png)): null

2018-11-28 11:11:00 - [TEST_STEP][PASSED] - Statement - counter = counter + 1: null

2018-11-28 11:11:00 - [TEST_STEP][PASSED] - Statement - PreSaveFile = new java.io.File(((pathPrefix + java.lang.Integer.toString(counter)) + .png)): null

2018-11-28 11:11:00 - [TEST_STEP][PASSED] - Statement - counter = counter + 1: null

2018-11-28 11:11:02 - [TEST_STEP][PASSED] - Statement - PreSaveFile = new java.io.File(((pathPrefix + java.lang.Integer.toString(counter)) + .png)): null

2018-11-28 11:11:02 - [TEST_STEP][PASSED] - Statement - counter = counter + 1: null

2018-11-28 11:11:02 - [TEST_STEP][PASSED] - Statement - PreSaveFile = new java.io.File(((pathPrefix + java.lang.Integer.toString(counter)) + .png)): null

2018-11-28 11:11:02 - [TEST_STEP][PASSED] - Statement - counter = counter + 1: null

2018-11-28 11:11:02 - [TEST_STEP][PASSED] - Statement - PreSaveFile = new java.io.File(((pathPrefix + java.lang.Integer.toString(counter)) + .png)): null

2018-11-28 11:11:02 - [TEST_STEP][PASSED] - Statement - counter = counter + 1: null

2018-11-28 11:11:02 - [TEST_STEP][PASSED] - Statement - PreSaveFile = new java.io.File(((pathPrefix + java.lang.Integer.toString(counter)) + .png)): null

2018-11-28 11:11:02 - [TEST_STEP][PASSED] - Statement - counter = counter + 1: null

2018-11-28 11:11:02 - [TEST_STEP][PASSED] - Statement - PreSaveFile = new java.io.File(((pathPrefix + java.lang.Integer.toString(counter)) + .png)): null

2018-11-28 11:11:02 - [TEST_STEP][PASSED] - Statement - counter = counter + 1: null

2018-11-28 11:11:03 - [TEST_STEP][PASSED] - Statement - PreSaveFile = new java.io.File(((pathPrefix + java.lang.Integer.toString(counter)) + .png)): null

2018-11-28 11:11:03 - [TEST_STEP][PASSED] - Statement - counter = counter + 1: null

2018-11-28 11:11:03 - [TEST_STEP][PASSED] - Statement - PreSaveFile = new java.io.File(((pathPrefix + java.lang.Integer.toString(counter)) + .png)): null

2018-11-28 11:11:03 - [TEST_STEP][PASSED] - Statement - counter = counter + 1: null

2018-11-28 11:11:03 - [TEST_STEP][PASSED] - Statement - PreSaveFile = new java.io.File(((pathPrefix + java.lang.Integer.toString(counter)) + .png)): null

2018-11-28 11:11:03 - [TEST_STEP][PASSED] - Statement - counter = counter + 1: null

2018-11-28 11:11:03 - [TEST_STEP][PASSED] - Statement - PreSaveFile = new java.io.File(((pathPrefix + java.lang.Integer.toString(counter)) + .png)): null

2018-11-28 11:11:03 - [TEST_STEP][PASSED] - Statement - counter = counter + 1: null

2018-11-28 11:11:03 - [TEST_STEP][PASSED] - Statement - PreSaveFile = new java.io.File(((pathPrefix + java.lang.Integer.toString(counter)) + .png)): null

2018-11-28 11:11:04 - [TEST_STEP][PASSED] - Statement - counter = counter + 1: null

2018-11-28 11:11:04 - [TEST_STEP][PASSED] - Statement - PreSaveFile = new java.io.File(((pathPrefix + java.lang.Integer.toString(counter)) + .png)): null

2018-11-28 11:11:04 - [TEST_STEP][PASSED] - Statement - counter = counter + 1: null

2018-11-28 11:11:04 - [TEST_STEP][PASSED] - Statement - PreSaveFile = new java.io.File(((pathPrefix + java.lang.Integer.toString(counter)) + .png)): null

2018-11-28 11:11:04 - [TEST_STEP][PASSED] - Statement - counter = counter + 1: null

2018-11-28 11:11:04 - [TEST_STEP][PASSED] - Statement - PreSaveFile = new java.io.File(((pathPrefix + java.lang.Integer.toString(counter)) + .png)): null

2018-11-28 11:11:04 - [TEST_STEP][PASSED] - Statement - counter = counter + 1: null

2018-11-28 11:11:04 - [TEST_STEP][PASSED] - Statement - PreSaveFile = new java.io.File(((pathPrefix + java.lang.Integer.toString(counter)) + .png)): null

2018-11-28 11:11:04 - [TEST_STEP][PASSED] - Statement - counter = counter + 1: null

2018-11-28 11:11:04 - [TEST_STEP][PASSED] - Statement - PreSaveFile = new java.io.File(((pathPrefix + java.lang.Integer.toString(counter)) + .png)): null

2018-11-28 11:11:06 - [TEST_STEP][PASSED] - Statement - counter = counter + 1: null

2018-11-28 11:11:06 - [TEST_STEP][PASSED] - Statement - PreSaveFile = new java.io.File(((pathPrefix + java.lang.Integer.toString(counter)) + .png)): null

2018-11-28 11:11:06 - [TEST_STEP][PASSED] - Statement - counter = counter + 1: null

2018-11-28 11:11:06 - [TEST_STEP][PASSED] - Statement - PreSaveFile = new java.io.File(((pathPrefix + java.lang.Integer.toString(counter)) + .png)): null

2018-11-28 11:11:06 - [TEST_STEP][PASSED] - Statement - counter = counter + 1: null

2018-11-28 11:11:06 - [TEST_STEP][PASSED] - Statement - PreSaveFile = new java.io.File(((pathPrefix + java.lang.Integer.toString(counter)) + .png)): null

2018-11-28 11:11:06 - [TEST_STEP][PASSED] - Statement - counter = counter + 1: null

2018-11-28 11:11:06 - [TEST_STEP][PASSED] - Statement - PreSaveFile = new java.io.File(((pathPrefix + java.lang.Integer.toString(counter)) + .png)): null

2018-11-28 11:11:06 - [TEST_STEP][PASSED] - Statement - counter = counter + 1: null

2018-11-28 11:11:07 - [TEST_STEP][PASSED] - Statement - PreSaveFile = new java.io.File(((pathPrefix + java.lang.Integer.toString(counter)) + .png)): null

2018-11-28 11:11:07 - [TEST_STEP][PASSED] - Statement - counter = counter + 1: null

2018-11-28 11:11:07 - [TEST_STEP][PASSED] - Statement - PreSaveFile = new java.io.File(((pathPrefix + java.lang.Integer.toString(counter)) + .png)): null

2018-11-28 11:11:07 - [TEST_STEP][PASSED] - Statement - counter = counter + 1: null

2018-11-28 11:11:07 - [TEST_STEP][PASSED] - Statement - PreSaveFile = new java.io.File(((pathPrefix + java.lang.Integer.toString(counter)) + .png)): null

2018-11-28 11:11:07 - [TEST_STEP][PASSED] - Statement - counter = counter + 1: null

2018-11-28 11:11:07 - [TEST_STEP][PASSED] - Statement - PreSaveFile = new java.io.File(((pathPrefix + java.lang.Integer.toString(counter)) + .png)): null

2018-11-28 11:11:07 - [TEST_STEP][PASSED] - Statement - counter = counter + 1: null

2018-11-28 11:11:07 - [TEST_STEP][PASSED] - Statement - PreSaveFile = new java.io.File(((pathPrefix + java.lang.Integer.toString(counter)) + .png)): null

2018-11-28 11:11:07 - [TEST_STEP][PASSED] - Statement - counter = counter + 1: null

2018-11-28 11:11:08 - [TEST_STEP][PASSED] - Statement - PreSaveFile = new java.io.File(((pathPrefix + java.lang.Integer.toString(counter)) + .png)): null

2018-11-28 11:11:08 - [TEST_STEP][PASSED] - Statement - counter = counter + 1: null

2018-11-28 11:11:08 - [TEST_STEP][PASSED] - Statement - PreSaveFile = new java.io.File(((pathPrefix + java.lang.Integer.toString(counter)) + .png)): null

2018-11-28 11:11:08 - [TEST_STEP][PASSED] - Statement - counter = counter + 1: null

2018-11-28 11:11:08 - [TEST_STEP][PASSED] - Statement - PreSaveFile = new java.io.File(((pathPrefix + java.lang.Integer.toString(counter)) + .png)): null

2018-11-28 11:11:08 - [TEST_STEP][PASSED] - Statement - counter = counter + 1: null

2018-11-28 11:11:08 - [TEST_STEP][PASSED] - Statement - PreSaveFile = new java.io.File(((pathPrefix + java.lang.Integer.toString(counter)) + .png)): null

2018-11-28 11:11:08 - [TEST_STEP][PASSED] - Statement - counter = counter + 1: null

2018-11-28 11:11:08 - [TEST_STEP][PASSED] - Statement - PreSaveFile = new java.io.File(((pathPrefix + java.lang.Integer.toString(counter)) + .png)): null

2018-11-28 11:11:08 - [TEST_STEP][PASSED] - Statement - counter = counter + 1: null

2018-11-28 11:11:10 - [TEST_STEP][PASSED] - Statement - PreSaveFile = new java.io.File(((pathPrefix + java.lang.Integer.toString(counter)) + .png)): null

2018-11-28 11:11:10 - [TEST_STEP][PASSED] - Statement - counter = counter + 1: null

2018-11-28 11:11:10 - [TEST_STEP][PASSED] - Statement - PreSaveFile = new java.io.File(((pathPrefix + java.lang.Integer.toString(counter)) + .png)): null

2018-11-28 11:11:10 - [TEST_STEP][PASSED] - Statement - counter = counter + 1: null

2018-11-28 11:11:10 - [TEST_STEP][PASSED] - Statement - PreSaveFile = new java.io.File(((pathPrefix + java.lang.Integer.toString(counter)) + .png)): null

2018-11-28 11:11:10 - [TEST_STEP][PASSED] - Statement - counter = counter + 1: null

2018-11-28 11:11:10 - [TEST_STEP][PASSED] - Statement - PreSaveFile = new java.io.File(((pathPrefix + java.lang.Integer.toString(counter)) + .png)): null

2018-11-28 11:11:10 - [TEST_STEP][PASSED] - Statement - counter = counter + 1: null

2018-11-28 11:11:10 - [TEST_STEP][PASSED] - Statement - PreSaveFile = new java.io.File(((pathPrefix + java.lang.Integer.toString(counter)) + .png)): null

2018-11-28 11:11:11 - [TEST_STEP][PASSED] - Statement - counter = counter + 1: null

2018-11-28 11:11:11 - [TEST_STEP][PASSED] - Statement - PreSaveFile = new java.io.File(((pathPrefix + java.lang.Integer.toString(counter)) + .png)): null

2018-11-28 11:11:11 - [TEST_STEP][PASSED] - Statement - counter = counter + 1: null

2018-11-28 11:11:11 - [TEST_STEP][PASSED] - Statement - PreSaveFile = new java.io.File(((pathPrefix + java.lang.Integer.toString(counter)) + .png)): null

2018-11-28 11:11:11 - [TEST_STEP][PASSED] - Statement - counter = counter + 1: null

2018-11-28 11:11:11 - [TEST_STEP][PASSED] - Statement - PreSaveFile = new java.io.File(((pathPrefix + java.lang.Integer.toString(counter)) + .png)): null

2018-11-28 11:11:11 - [TEST_STEP][PASSED] - Statement - counter = counter + 1: null

2018-11-28 11:11:11 - [TEST_STEP][PASSED] - Statement - PreSaveFile = new java.io.File(((pathPrefix + java.lang.Integer.toString(counter)) + .png)): null

2018-11-28 11:11:11 - [TEST_STEP][PASSED] - Statement - counter = counter + 1: null

2018-11-28 11:11:11 - [TEST_STEP][PASSED] - Statement - PreSaveFile = new java.io.File(((pathPrefix + java.lang.Integer.toString(counter)) + .png)): null

2018-11-28 11:11:12 - [TEST_STEP][PASSED] - Statement - counter = counter + 1: null

2018-11-28 11:11:12 - [TEST_STEP][PASSED] - Statement - PreSaveFile = new java.io.File(((pathPrefix + java.lang.Integer.toString(counter)) + .png)): null

2018-11-28 11:11:12 - [TEST_STEP][PASSED] - Statement - counter = counter + 1: null

2018-11-28 11:11:12 - [TEST_STEP][PASSED] - Statement - PreSaveFile = new java.io.File(((pathPrefix + java.lang.Integer.toString(counter)) + .png)): null

2018-11-28 11:11:12 - [TEST_STEP][PASSED] - Statement - counter = counter + 1: null

2018-11-28 11:11:12 - [TEST_STEP][PASSED] - Statement - PreSaveFile = new java.io.File(((pathPrefix + java.lang.Integer.toString(counter)) + .png)): null

2018-11-28 11:11:12 - [TEST_STEP][PASSED] - Statement - counter = counter + 1: null

2018-11-28 11:11:12 - [TEST_STEP][PASSED] - Statement - PreSaveFile = new java.io.File(((pathPrefix + java.lang.Integer.toString(counter)) + .png)): null

2018-11-28 11:11:12 - [TEST_STEP][PASSED] - Statement - counter = counter + 1: null

2018-11-28 11:11:13 - [TEST_STEP][PASSED] - Statement - PreSaveFile = new java.io.File(((pathPrefix + java.lang.Integer.toString(counter)) + .png)): null

2018-11-28 11:11:13 - [TEST_STEP][PASSED] - Statement - counter = counter + 1: null

2018-11-28 11:11:13 - [TEST_STEP][PASSED] - Statement - PreSaveFile = new java.io.File(((pathPrefix + java.lang.Integer.toString(counter)) + .png)): null

2018-11-28 11:11:13 - [TEST_STEP][PASSED] - Statement - counter = counter + 1: null

2018-11-28 11:11:13 - [TEST_STEP][PASSED] - Statement - PreSaveFile = new java.io.File(((pathPrefix + java.lang.Integer.toString(counter)) + .png)): null

2018-11-28 11:11:13 - [TEST_STEP][PASSED] - Statement - counter = counter + 1: null

2018-11-28 11:11:13 - [TEST_STEP][PASSED] - Statement - PreSaveFile = new java.io.File(((pathPrefix + java.lang.Integer.toString(counter)) + .png)): null

2018-11-28 11:11:13 - [TEST_STEP][PASSED] - Statement - counter = counter + 1: null

2018-11-28 11:11:13 - [TEST_STEP][PASSED] - Statement - PreSaveFile = new java.io.File(((pathPrefix + java.lang.Integer.toString(counter)) + .png)): null

2018-11-28 11:11:13 - [TEST_STEP][PASSED] - Statement - counter = counter + 1: null

2018-11-28 11:11:15 - [TEST_STEP][PASSED] - Statement - PreSaveFile = new java.io.File(((pathPrefix + java.lang.Integer.toString(counter)) + .png)): null

2018-11-28 11:11:15 - [TEST_STEP][PASSED] - Statement - counter = counter + 1: null

2018-11-28 11:11:15 - [TEST_STEP][PASSED] - Statement - PreSaveFile = new java.io.File(((pathPrefix + java.lang.Integer.toString(counter)) + .png)): null

2018-11-28 11:11:15 - [TEST_STEP][PASSED] - Statement - counter = counter + 1: null

2018-11-28 11:11:15 - [TEST_STEP][PASSED] - Statement - PreSaveFile = new java.io.File(((pathPrefix + java.lang.Integer.toString(counter)) + .png)): null

2018-11-28 11:11:15 - [TEST_STEP][PASSED] - Statement - counter = counter + 1: null

2018-11-28 11:11:15 - [TEST_STEP][PASSED] - Statement - PreSaveFile = new java.io.File(((pathPrefix + java.lang.Integer.toString(counter)) + .png)): null

2018-11-28 11:11:15 - [TEST_STEP][PASSED] - Statement - counter = counter + 1: null

2018-11-28 11:11:15 - [TEST_STEP][PASSED] - Statement - PreSaveFile = new java.io.File(((pathPrefix + java.lang.Integer.toString(counter)) + .png)): null

2018-11-28 11:11:15 - [TEST_STEP][PASSED] - Statement - counter = counter + 1: null

2018-11-28 11:11:16 - [TEST_STEP][PASSED] - Statement - PreSaveFile = new java.io.File(((pathPrefix + java.lang.Integer.toString(counter)) + .png)): null

2018-11-28 11:11:16 - [TEST_STEP][PASSED] - Statement - counter = counter + 1: null

2018-11-28 11:11:16 - [TEST_STEP][PASSED] - Statement - PreSaveFile = new java.io.File(((pathPrefix + java.lang.Integer.toString(counter)) + .png)): null

2018-11-28 11:11:16 - [TEST_STEP][PASSED] - Statement - counter = counter + 1: null

2018-11-28 11:11:16 - [TEST_STEP][PASSED] - Statement - PreSaveFile = new java.io.File(((pathPrefix + java.lang.Integer.toString(counter)) + .png)): null

2018-11-28 11:11:16 - [TEST_STEP][PASSED] - Statement - counter = counter + 1: null

2018-11-28 11:11:16 - [TEST_STEP][PASSED] - Statement - PreSaveFile = new java.io.File(((pathPrefix + java.lang.Integer.toString(counter)) + .png)): null

2018-11-28 11:11:16 - [TEST_STEP][PASSED] - Statement - counter = counter + 1: null

2018-11-28 11:11:16 - [TEST_STEP][PASSED] - Statement - PreSaveFile = new java.io.File(((pathPrefix + java.lang.Integer.toString(counter)) + .png)): null

2018-11-28 11:11:18 - [TEST_STEP][PASSED] - Statement - counter = counter + 1: null

2018-11-28 11:11:18 - [TEST_STEP][PASSED] - Statement - PreSaveFile = new java.io.File(((pathPrefix + java.lang.Integer.toString(counter)) + .png)): null

2018-11-28 11:11:18 - [TEST_STEP][PASSED] - Statement - counter = counter + 1: null

2018-11-28 11:11:18 - [TEST_STEP][PASSED] - Statement - PreSaveFile = new java.io.File(((pathPrefix + java.lang.Integer.toString(counter)) + .png)): null

2018-11-28 11:11:18 - [TEST_STEP][PASSED] - Statement - counter = counter + 1: null

2018-11-28 11:11:18 - [TEST_STEP][PASSED] - Statement - PreSaveFile = new java.io.File(((pathPrefix + java.lang.Integer.toString(counter)) + .png)): null

2018-11-28 11:11:18 - [TEST_STEP][PASSED] - Statement - counter = counter + 1: null

2018-11-28 11:11:18 - [TEST_STEP][PASSED] - Statement - PreSaveFile = new java.io.File(((pathPrefix + java.lang.Integer.toString(counter)) + .png)): null

2018-11-28 11:11:18 - [TEST_STEP][PASSED] - Statement - counter = counter + 1: null

2018-11-28 11:11:18 - [TEST_STEP][PASSED] - Statement - PreSaveFile = new java.io.File(((pathPrefix + java.lang.Integer.toString(counter)) + .png)): null

2018-11-28 11:11:19 - [TEST_STEP][PASSED] - Statement - counter = counter + 1: null

2018-11-28 11:11:19 - [TEST_STEP][PASSED] - Statement - PreSaveFile = new java.io.File(((pathPrefix + java.lang.Integer.toString(counter)) + .png)): null

2018-11-28 11:11:19 - [TEST_STEP][PASSED] - Statement - counter = counter + 1: null

2018-11-28 11:11:19 - [TEST_STEP][PASSED] - Statement - PreSaveFile = new java.io.File(((pathPrefix + java.lang.Integer.toString(counter)) + .png)): null

2018-11-28 11:11:19 - [TEST_STEP][PASSED] - Statement - counter = counter + 1: null

2018-11-28 11:11:19 - [TEST_STEP][PASSED] - Statement - PreSaveFile = new java.io.File(((pathPrefix + java.lang.Integer.toString(counter)) + .png)): null

2018-11-28 11:11:19 - [TEST_STEP][PASSED] - Statement - counter = counter + 1: null

2018-11-28 11:11:19 - [TEST_STEP][PASSED] - Statement - PreSaveFile = new java.io.File(((pathPrefix + java.lang.Integer.toString(counter)) + .png)): null

2018-11-28 11:11:19 - [TEST_STEP][PASSED] - Statement - counter = counter + 1: null

2018-11-28 11:11:20 - [TEST_STEP][PASSED] - Statement - PreSaveFile = new java.io.File(((pathPrefix + java.lang.Integer.toString(counter)) + .png)): null

2018-11-28 11:11:20 - [TEST_STEP][PASSED] - Statement - counter = counter + 1: null

2018-11-28 11:11:20 - [TEST_STEP][PASSED] - Statement - PreSaveFile = new java.io.File(((pathPrefix + java.lang.Integer.toString(counter)) + .png)): null

2018-11-28 11:11:20 - [TEST_STEP][PASSED] - Statement - counter = counter + 1: null

2018-11-28 11:11:20 - [TEST_STEP][PASSED] - Statement - PreSaveFile = new java.io.File(((pathPrefix + java.lang.Integer.toString(counter)) + .png)): null

2018-11-28 11:11:20 - [TEST_STEP][PASSED] - Statement - counter = counter + 1: null

2018-11-28 11:11:20 - [TEST_STEP][PASSED] - Statement - PreSaveFile = new java.io.File(((pathPrefix + java.lang.Integer.toString(counter)) + .png)): null

2018-11-28 11:11:20 - [TEST_STEP][PASSED] - Statement - counter = counter + 1: null

2018-11-28 11:11:20 - [TEST_STEP][PASSED] - Statement - PreSaveFile = new java.io.File(((pathPrefix + java.lang.Integer.toString(counter)) + .png)): null

2018-11-28 11:11:22 - [TEST_STEP][PASSED] - Statement - finalPath = pathPrefix + java.lang.Integer.toString(counter) + ".png": null

2018-11-28 11:11:22 - [TEST_STEP][PASSED] - Statement - SaveFile = new java.io.File(finalPath): null

2018-11-28 11:11:22 - [TEST_STEP][PASSED] - Statement - Try: null

2018-11-28 11:11:22 - [TEST_STEP][PASSED] - Statement - org.apache.commons.io.FileUtils.copyFile(scrFile, SaveFile): null

2018-11-28 11:11:22 - [TEST_STEP][PASSED] - Statement - out.println("file kept"): null

2018-11-28 11:11:22 - [TEST_STEP][PASSED] - delay: Delayed 10 second(s)

2018-11-28 11:11:32 - [MESSAGE][PASSED] - Delayed 10 second(s)

2018-11-28 11:11:32 - [MESSAGE][PASSED] - Call Test Case 'Test Cases/Final Aug 2018 - PKS Automation/Registration Module/New Registration/Submit and Screenshot/Submit Registration and Screenshot - Copy' successfully

2018-11-28 11:11:32 - [TEST_STEP][PASSED] - Statement - UpdateAddNewECode = com.kms.katalon.core.webui.keyword.WebUiBuiltInKeywords.getText(com.kms.katalon.core.testobject.ObjectRepository.findTestObject(Object Repository/Final Object Repo/Page_Update Add New Employee - ASSIST/getEmpCode)): Text of object 'Object Repository/Final Object Repo/Page_Update Add New Employee - ASSIST/getEmpCode' is: 'E1102070523Y'

2018-11-28 11:11:32 - [MESSAGE][PASSED] - Text of object 'Object Repository/Final Object Repo/Page_Update Add New Employee - ASSIST/getEmpCode' is: 'E1102070523Y'

2018-11-28 11:11:32 - [TEST_STEP][PASSED] - callTestCase: Call Test Case 'Test Cases/Final Aug 2018 - PKS Automation/Common/Emp Code Setter' successfully

2018-11-28 11:11:32 - [TEST_CASE][PASSED] - Test Cases/Final Aug 2018 - PKS Automation/Common/Emp Code Setter: Test Cases/Final Aug 2018 - PKS Automation/Common/Emp Code Setter

2018-11-28 11:11:33 - [TEST_STEP][PASSED] - Statement - EmpCodeOld = new java.io.File(C://Users//Admin//Desktop//PKS//Automation Reference Point//EmpCode.txt): null

2018-11-28 11:11:33 - [TEST_STEP][PASSED] - Statement - EmpCodeOld.delete(): null

2018-11-28 11:11:33 - [TEST_STEP][PASSED] - Statement - EmpCode = new java.io.File(C://Users//Admin//Desktop//PKS//Automation Reference Point//EmpCode.txt): null

2018-11-28 11:11:33 - [TEST_STEP][PASSED] - Statement - EmpCode.append(UpdateAddNewECode): null

2018-11-28 11:11:33 - [TEST_STEP][PASSED] - Statement - out.println("


" + UpdateAddNewECode + "


"): null

2018-11-28 11:11:33 - [MESSAGE][PASSED] - Call Test Case 'Test Cases/Final Aug 2018 - PKS Automation/Common/Emp Code Setter' successfully

2018-11-28 11:11:33 - [MESSAGE][PASSED] - Call Test Case 'Test Cases/Final Aug 2018 - PKS Automation/Registration Module/Workflow/Update Add New Employee/Template/New Company for Update Add New - Employer' successfully

2018-11-28 11:11:33 - [TEST_STEP][PASSED] - callTestCase: Call Test Case 'Test Cases/Final Aug 2018 - PKS Automation/Create Employer Acc/Login to Employer Account (Second time)' successfully

2018-11-28 11:11:33 - [TEST_CASE][PASSED] - Test Cases/Final Aug 2018 - PKS Automation/Create Employer Acc/Login to Employer Account (Second time): Test Cases/Final Aug 2018 - PKS Automation/Create Employer Acc/Login to Employer Account (Second time)

2018-11-28 11:11:33 - [TEST_STEP][PASSED] - openBrowser: Browser is opened with url: ''

2018-11-28 11:11:33 - [MESSAGE][WARNING] - A browser is already opened. Closing browser and opening a new one

2018-11-28 11:11:36 - [MESSAGE][PASSED] - Browser is opened with url: ''

2018-11-28 11:11:36 - [TEST_STEP][PASSED] - navigateToUrl: Navigate to 'https://assist2-uat.perkeso.gov.my/employer/login' successfully

2018-11-28 11:11:37 - [MESSAGE][PASSED] - Navigate to 'https://assist2-uat.perkeso.gov.my/employer/login' successfully

2018-11-28 11:11:37 - [TEST_STEP][PASSED] - delay: Delayed 3 second(s)

2018-11-28 11:11:40 - [MESSAGE][PASSED] - Delayed 3 second(s)

2018-11-28 11:11:40 - [TEST_STEP][PASSED] - callTestCase: Call Test Case 'Test Cases/Final Aug 2018 - PKS Automation/Create Employer Acc/Template/Employer Email Getter' successfully

2018-11-28 11:11:40 - [TEST_CASE][PASSED] - Test Cases/Final Aug 2018 - PKS Automation/Create Employer Acc/Template/Employer Email Getter: Test Cases/Final Aug 2018 - PKS Automation/Create Employer Acc/Template/Employer Email Getter

2018-11-28 11:11:40 - [TEST_STEP][PASSED] - Statement - Try: null

2018-11-28 11:11:40 - [TEST_STEP][PASSED] - Statement - EmpEmail = new java.io.File(C://Users//Admin//Desktop//PKS//Automation Reference Point//EmpEmail.txt): null

2018-11-28 11:11:40 - [TEST_STEP][PASSED] - Statement - bufferread = new java.io.BufferedReader(new java.io.FileReader(EmpEmail)): null

2018-11-28 11:11:40 - [TEST_STEP][PASSED] - Statement - readedVal = bufferread.readLine(): null

2018-11-28 11:11:40 - [TEST_STEP][PASSED] - Statement - out.println(readedVal): null

2018-11-28 11:11:40 - [TEST_STEP][PASSED] - Statement - Email = readedVal: null

2018-11-28 11:11:40 - [MESSAGE][PASSED] - Call Test Case 'Test Cases/Final Aug 2018 - PKS Automation/Create Employer Acc/Template/Employer Email Getter' successfully

2018-11-28 11:11:40 - [TEST_STEP][PASSED] - setText: Text 'perkeso615602611676@gmail.com' is set on object 'Object Repository/Final Object Repo/Login Page/External Login Page/Email'

2018-11-28 11:11:40 - [MESSAGE][PASSED] - Text 'perkeso615602611676@gmail.com' is set on object 'Object Repository/Final Object Repo/Login Page/External Login Page/Email'

2018-11-28 11:11:40 - [TEST_STEP][PASSED] - click: Object: 'Object Repository/Final Object Repo/Login Page/External Login Page/Next' is clicked on

2018-11-28 11:11:41 - [MESSAGE][PASSED] - Object: 'Object Repository/Final Object Repo/Login Page/External Login Page/Next' is clicked on

2018-11-28 11:11:41 - [TEST_STEP][PASSED] - delay: Delayed 3 second(s)

2018-11-28 11:11:44 - [MESSAGE][PASSED] - Delayed 3 second(s)

2018-11-28 11:11:44 - [TEST_STEP][PASSED] - setEncryptedText: Text ****** has been set on object 'Object Repository/Final Object Repo/Login Page/External Login Page/Password'

2018-11-28 11:11:44 - [MESSAGE][PASSED] - Text ****** has been set on object 'Object Repository/Final Object Repo/Login Page/External Login Page/Password'

2018-11-28 11:11:44 - [TEST_STEP][PASSED] - click: Object: 'Object Repository/Final Object Repo/Login Page/External Login Page/Login' is clicked on

2018-11-28 11:11:44 - [MESSAGE][PASSED] - Object: 'Object Repository/Final Object Repo/Login Page/External Login Page/Login' is clicked on

2018-11-28 11:11:44 - [TEST_STEP][PASSED] - delay: Delayed 5 second(s)

2018-11-28 11:11:49 - [MESSAGE][PASSED] - Delayed 5 second(s)

2018-11-28 11:11:49 - [MESSAGE][PASSED] - Call Test Case 'Test Cases/Final Aug 2018 - PKS Automation/Create Employer Acc/Login to Employer Account (Second time)' successfully

2018-11-28 11:11:49 - [TEST_STEP][PASSED] - navigateToUrl: Navigate to 'https://assist2-uat.perkeso.gov.my/web/registration/update/form-1a-cessation-as-employer-discontinue-business-' successfully

2018-11-28 11:11:50 - [MESSAGE][PASSED] - Navigate to 'https://assist2-uat.perkeso.gov.my/web/registration/update/form-1a-cessation-as-employer-discontinue-business-' successfully

2018-11-28 11:11:50 - [TEST_STEP][PASSED] - callTestCase: Call Test Case 'Test Cases/Final Aug 2018 - PKS Automation/Common/Emp Code Getter' successfully

2018-11-28 11:11:51 - [TEST_CASE][PASSED] - Test Cases/Final Aug 2018 - PKS Automation/Common/Emp Code Getter: Test Cases/Final Aug 2018 - PKS Automation/Common/Emp Code Getter

2018-11-28 11:11:51 - [TEST_STEP][PASSED] - Statement - Try: null

2018-11-28 11:11:51 - [TEST_STEP][PASSED] - Statement - EmpCode = new java.io.File(C://Users//Admin//Desktop//PKS//Automation Reference Point//EmpCode.txt): null

2018-11-28 11:11:51 - [TEST_STEP][PASSED] - Statement - bufferread = new java.io.BufferedReader(new java.io.FileReader(EmpCode)): null

2018-11-28 11:11:51 - [TEST_STEP][PASSED] - Statement - readedVal = bufferread.readLine(): null

2018-11-28 11:11:51 - [TEST_STEP][PASSED] - Statement - out.println(readedVal): null

2018-11-28 11:11:51 - [TEST_STEP][PASSED] - Statement - UpdateAddNewECode = readedVal: null

2018-11-28 11:11:51 - [MESSAGE][PASSED] - Call Test Case 'Test Cases/Final Aug 2018 - PKS Automation/Common/Emp Code Getter' successfully

2018-11-28 11:11:51 - [TEST_STEP][PASSED] - setText: Text 'E1102070523Y' is set on object 'Object Repository/Final Object Repo/Page_Update Employer Information/Employer Code'

2018-11-28 11:11:51 - [MESSAGE][PASSED] - Text 'E1102070523Y' is set on object 'Object Repository/Final Object Repo/Page_Update Employer Information/Employer Code'

2018-11-28 11:11:51 - [TEST_STEP][PASSED] - click: Object: 'Object Repository/Final Object Repo/Page_Update Employer Information/Search Button' is clicked on

2018-11-28 11:11:51 - [MESSAGE][PASSED] - Object: 'Object Repository/Final Object Repo/Page_Update Employer Information/Search Button' is clicked on

2018-11-28 11:11:51 - [TEST_STEP][PASSED] - delay: Delayed 2 second(s)

2018-11-28 11:11:53 - [MESSAGE][PASSED] - Delayed 2 second(s)

2018-11-28 11:11:53 - [TEST_STEP][PASSED] - click: Object: 'Object Repository/Final Object Repo/Page_Update Employer Information/Edit Button' is clicked on

2018-11-28 11:11:54 - [MESSAGE][PASSED] - Object: 'Object Repository/Final Object Repo/Page_Update Employer Information/Edit Button' is clicked on

2018-11-28 11:11:54 - [TEST_STEP][PASSED] - Statement - abc = com.kms.katalon.core.webui.keyword.WebUiBuiltInKeywords.getAttribute(com.kms.katalon.core.testobject.ObjectRepository.findTestObject(Final Object Repo/Page_Form 1A - Cessation As Employer/Employer Status), "value"): Attribute 'value' of object 'Object Repository/Final Object Repo/Page_Form 1A - Cessation As Employer/Employer Status' is: 'Active'

2018-11-28 11:11:55 - [MESSAGE][PASSED] - Attribute 'value' of object 'Object Repository/Final Object Repo/Page_Form 1A - Cessation As Employer/Employer Status' is: 'Active'

2018-11-28 11:11:55 - [TEST_STEP][PASSED] - Statement - out.println(abc): null

2018-11-28 11:11:55 - [TEST_STEP][PASSED] - Statement - If (abc == "Active"): Object: 'Object Repository/Final Object Repo/Page_Form 1A - Cessation As Employer/Change Employer Status to - Dormant' is clicked on

2018-11-28 11:11:55 - [TEST_STEP][PASSED] - click: Object: 'Object Repository/Final Object Repo/Page_Form 1A - Cessation As Employer/Change Employer Status to' is clicked on

2018-11-28 11:11:55 - [MESSAGE][PASSED] - Object: 'Object Repository/Final Object Repo/Page_Form 1A - Cessation As Employer/Change Employer Status to' is clicked on

2018-11-28 11:11:55 - [TEST_STEP][PASSED] - click: Object: 'Object Repository/Final Object Repo/Page_Form 1A - Cessation As Employer/Change Employer Status to - Dormant' is clicked on

2018-11-28 11:11:55 - [MESSAGE][PASSED] - Object: 'Object Repository/Final Object Repo/Page_Form 1A - Cessation As Employer/Change Employer Status to - Dormant' is clicked on

2018-11-28 11:11:55 - [TEST_STEP][PASSED] - click: Object: 'Object Repository/Final Object Repo/Page_Form 1A - Cessation As Employer/Calender' is clicked on

2018-11-28 11:11:55 - [MESSAGE][PASSED] - Object: 'Object Repository/Final Object Repo/Page_Form 1A - Cessation As Employer/Calender' is clicked on

2018-11-28 11:11:55 - [TEST_STEP][PASSED] - click: Object: 'Object Repository/Final Object Repo/Page_Form 1A - Cessation As Employer/Calender - Date' is clicked on

2018-11-28 11:11:55 - [MESSAGE][PASSED] - Object: 'Object Repository/Final Object Repo/Page_Form 1A - Cessation As Employer/Calender - Date' is clicked on

2018-11-28 11:11:55 - [TEST_STEP][PASSED] - delay: Delayed 2 second(s)

2018-11-28 11:11:57 - [MESSAGE][PASSED] - Delayed 2 second(s)

2018-11-28 11:11:57 - [TEST_STEP][PASSED] - click: Object: 'Object Repository/Final Object Repo/Page_Form 1A - Cessation As Employer/Save  Continue in Form 1A Page' is clicked on

2018-11-28 11:11:58 - [MESSAGE][PASSED] - Object: 'Object Repository/Final Object Repo/Page_Form 1A - Cessation As Employer/Save  Continue in Form 1A Page' is clicked on

2018-11-28 11:11:58 - [TEST_STEP][PASSED] - delay: Delayed 2 second(s)

2018-11-28 11:12:00 - [MESSAGE][PASSED] - Delayed 2 second(s)

2018-11-28 11:12:00 - [TEST_STEP][PASSED] - click: Object: 'Object Repository/Final Object Repo/Page_Form 1A - Cessation As Employer/Employment Resign Date' is clicked on

2018-11-28 11:12:00 - [MESSAGE][PASSED] - Object: 'Object Repository/Final Object Repo/Page_Form 1A - Cessation As Employer/Employment Resign Date' is clicked on

2018-11-28 11:12:00 - [TEST_STEP][PASSED] - delay: Delayed 1 second(s)

2018-11-28 11:12:01 - [MESSAGE][PASSED] - Delayed 1 second(s)

2018-11-28 11:12:01 - [TEST_STEP][PASSED] - Statement - CaseReferenceNo = com.kms.katalon.core.webui.keyword.WebUiBuiltInKeywords.getText(com.kms.katalon.core.testobject.ObjectRepository.findTestObject(Final Object Repo/Page_Update Employer Information/Reference Number in Update Employee Information Page)): Text of object 'Object Repository/Final Object Repo/Page_Update Employer Information/Reference Number in Update Employee Information Page' is: 'CUN112018C200001657'

2018-11-28 11:12:01 - [MESSAGE][PASSED] - Text of object 'Object Repository/Final Object Repo/Page_Update Employer Information/Reference Number in Update Employee Information Page' is: 'CUN112018C200001657'

2018-11-28 11:12:01 - [TEST_STEP][PASSED] - callTestCase: Call Test Case 'Test Cases/Final Aug 2018 - PKS Automation/Common/Reference Number Setter' successfully

2018-11-28 11:12:01 - [TEST_CASE][PASSED] - Test Cases/Final Aug 2018 - PKS Automation/Common/Reference Number Setter: Test Cases/Final Aug 2018 - PKS Automation/Common/Reference Number Setter

2018-11-28 11:12:01 - [TEST_STEP][PASSED] - Statement - RefNoOldFile = new java.io.File(C://Users//Admin//Desktop//PKS//Automation Reference Point//KatalonReference.txt): null

2018-11-28 11:12:01 - [TEST_STEP][PASSED] - Statement - RefNoOldFile.delete(): null

2018-11-28 11:12:01 - [TEST_STEP][PASSED] - delay: Delayed 5 second(s)

2018-11-28 11:12:06 - [MESSAGE][PASSED] - Delayed 5 second(s)

2018-11-28 11:12:06 - [TEST_STEP][PASSED] - Statement - RefNo = new java.io.File(C://Users//Admin//Desktop//PKS//Automation Reference Point//KatalonReference.txt): null

2018-11-28 11:12:06 - [TEST_STEP][PASSED] - Statement - f2 = new java.io.FileWriter(RefNo, false): null

2018-11-28 11:12:06 - [TEST_STEP][PASSED] - Statement - f2.write(CaseReferenceNo): null

2018-11-28 11:12:06 - [TEST_STEP][PASSED] - Statement - f2.close(): null

2018-11-28 11:12:06 - [TEST_STEP][PASSED] - Statement - out.println("


" + CaseReferenceNo + "


"): null

2018-11-28 11:12:06 - [MESSAGE][PASSED] - Call Test Case 'Test Cases/Final Aug 2018 - PKS Automation/Common/Reference Number Setter' successfully

2018-11-28 11:12:06 - [TEST_STEP][PASSED] - selectOptionByValue: All options with value '2030' are selected in object 'Object Repository/Final Object Repo/Page_Form 1A - Cessation As Employer/Employment Resign Date - Year' 

2018-11-28 11:12:06 - [MESSAGE][PASSED] - All options with value '2030' are selected in object 'Object Repository/Final Object Repo/Page_Form 1A - Cessation As Employer/Employment Resign Date - Year' 

2018-11-28 11:12:06 - [TEST_STEP][PASSED] - delay: Delayed 1 second(s)

2018-11-28 11:12:07 - [MESSAGE][PASSED] - Delayed 1 second(s)

2018-11-28 11:12:07 - [TEST_STEP][PASSED] - click: Object: 'Object Repository/Final Object Repo/Page_Form 1A - Cessation As Employer/Employment Resign Date - Year - Date' is clicked on

2018-11-28 11:12:08 - [MESSAGE][PASSED] - Object: 'Object Repository/Final Object Repo/Page_Form 1A - Cessation As Employer/Employment Resign Date - Year - Date' is clicked on

2018-11-28 11:12:08 - [TEST_STEP][PASSED] - delay: Delayed 2 second(s)

2018-11-28 11:12:10 - [MESSAGE][PASSED] - Delayed 2 second(s)

2018-11-28 11:12:10 - [TEST_STEP][PASSED] - click: Object: 'Object Repository/Final Object Repo/Page_Form 1A - Cessation As Employer/Save  Continue in Update Add Employee Resigned Date Page' is clicked on

2018-11-28 11:12:10 - [MESSAGE][PASSED] - Object: 'Object Repository/Final Object Repo/Page_Form 1A - Cessation As Employer/Save  Continue in Update Add Employee Resigned Date Page' is clicked on

2018-11-28 11:12:10 - [TEST_STEP][PASSED] - delay: Delayed 2 second(s)

2018-11-28 11:12:12 - [MESSAGE][PASSED] - Delayed 2 second(s)

2018-11-28 11:12:12 - [TEST_STEP][PASSED] - click: Object: 'Object Repository/Final Object Repo/Page_Form 1A - Cessation As Employer/Set Latest - Yes' is clicked on

2018-11-28 11:12:12 - [MESSAGE][PASSED] - Object: 'Object Repository/Final Object Repo/Page_Form 1A - Cessation As Employer/Set Latest - Yes' is clicked on

2018-11-28 11:12:12 - [TEST_STEP][PASSED] - delay: Delayed 2 second(s)

2018-11-28 11:12:14 - [MESSAGE][PASSED] - Delayed 2 second(s)

2018-11-28 11:12:14 - [TEST_STEP][PASSED] - click: Object: 'Object Repository/Final Object Repo/Page_Form 1A - Cessation As Employer/Add Document' is clicked on

2018-11-28 11:12:15 - [MESSAGE][PASSED] - Object: 'Object Repository/Final Object Repo/Page_Form 1A - Cessation As Employer/Add Document' is clicked on

2018-11-28 11:12:15 - [TEST_STEP][PASSED] - delay: Delayed 3 second(s)

2018-11-28 11:12:18 - [MESSAGE][PASSED] - Delayed 3 second(s)

2018-11-28 11:12:18 - [TEST_STEP][PASSED] - click: Object: 'Object Repository/Final Object Repo/Page_Form 1A - Cessation As Employer/Document Type' is clicked on

2018-11-28 11:12:18 - [MESSAGE][PASSED] - Object: 'Object Repository/Final Object Repo/Page_Form 1A - Cessation As Employer/Document Type' is clicked on

2018-11-28 11:12:18 - [TEST_STEP][PASSED] - delay: Delayed 2 second(s)

2018-11-28 11:12:20 - [MESSAGE][PASSED] - Delayed 2 second(s)

2018-11-28 11:12:20 - [TEST_STEP][PASSED] - click: Object: 'Object Repository/Final Object Repo/Page_Form 1A - Cessation As Employer/Document Type - Supporting Document For Cessation' is clicked on

2018-11-28 11:12:21 - [MESSAGE][PASSED] - Object: 'Object Repository/Final Object Repo/Page_Form 1A - Cessation As Employer/Document Type - Supporting Document For Cessation' is clicked on

2018-11-28 11:12:21 - [TEST_STEP][PASSED] - delay: Delayed 2 second(s)

2018-11-28 11:12:23 - [MESSAGE][PASSED] - Delayed 2 second(s)

2018-11-28 11:12:23 - [TEST_STEP][PASSED] - sendKeys: Keys 'C:\Users\Public\Pictures\Sample Pictures\Koala.jpg' sent to object: 'Object Repository/Final Object Repo/Page_Form 1A - Cessation As Employer/Uploading File'

2018-11-28 11:12:23 - [MESSAGE][PASSED] - Keys 'C:\Users\Public\Pictures\Sample Pictures\Koala.jpg' sent to object: 'Object Repository/Final Object Repo/Page_Form 1A - Cessation As Employer/Uploading File'

2018-11-28 11:12:23 - [TEST_STEP][PASSED] - delay: Delayed 2 second(s)

2018-11-28 11:12:25 - [MESSAGE][PASSED] - Delayed 2 second(s)

2018-11-28 11:12:25 - [TEST_STEP][PASSED] - click: Object: 'Object Repository/Final Object Repo/Page_Form 1A - Cessation As Employer/Add Document in Uploading Page' is clicked on

2018-11-28 11:12:25 - [MESSAGE][PASSED] - Object: 'Object Repository/Final Object Repo/Page_Form 1A - Cessation As Employer/Add Document in Uploading Page' is clicked on

2018-11-28 11:12:25 - [TEST_STEP][PASSED] - delay: Delayed 2 second(s)

2018-11-28 11:12:27 - [MESSAGE][PASSED] - Delayed 2 second(s)

2018-11-28 11:12:27 - [TEST_STEP][PASSED] - click: Object: 'Object Repository/Final Object Repo/Page_Form 1A - Cessation As Employer/Save  Continue in Uploading Page' is clicked on

2018-11-28 11:12:29 - [MESSAGE][PASSED] - Object: 'Object Repository/Final Object Repo/Page_Form 1A - Cessation As Employer/Save  Continue in Uploading Page' is clicked on

2018-11-28 11:12:29 - [TEST_STEP][PASSED] - delay: Delayed 2 second(s)

2018-11-28 11:12:31 - [MESSAGE][PASSED] - Delayed 2 second(s)

2018-11-28 11:12:31 - [TEST_STEP][PASSED] - click: Object: 'Object Repository/Final Object Repo/Page_Form 1A - Cessation As Employer/Submit2' is clicked on

2018-11-28 11:12:34 - [MESSAGE][PASSED] - Object: 'Object Repository/Final Object Repo/Page_Form 1A - Cessation As Employer/Submit2' is clicked on

2018-11-28 11:12:34 - [TEST_STEP][PASSED] - delay: Delayed 2 second(s)

2018-11-28 11:12:36 - [MESSAGE][PASSED] - Delayed 2 second(s)

2018-11-28 11:12:36 - [TEST_STEP][PASSED] - click: Object: 'Object Repository/Final Object Repo/Page_Form 1A - Cessation As Employer/Confirm' is clicked on

2018-11-28 11:12:36 - [MESSAGE][PASSED] - Object: 'Object Repository/Final Object Repo/Page_Form 1A - Cessation As Employer/Confirm' is clicked on

2018-11-28 11:12:36 - [TEST_STEP][PASSED] - delay: Delayed 2 second(s)

2018-11-28 11:12:38 - [MESSAGE][PASSED] - Delayed 2 second(s)

2018-11-28 11:12:38 - [TEST_STEP][PASSED] - verifyElementVisible: Object 'Object Repository/Final Object Repo/Page_Form 1A - Cessation As Employer/Message Your Request will be routed to UO' is visible

2018-11-28 11:12:42 - [MESSAGE][PASSED] - Object 'Object Repository/Final Object Repo/Page_Form 1A - Cessation As Employer/Message Your Request will be routed to UO' is visible

2018-11-28 11:12:42 - [TEST_STEP][PASSED] - delay: Delayed 1 second(s)

2018-11-28 11:12:43 - [MESSAGE][PASSED] - Delayed 1 second(s)

2018-11-28 11:12:43 - [TEST_STEP][PASSED] - verifyElementVisible: Object 'Object Repository/Final Object Repo/Page_Form 1A - Cessation As Employer/Letter of acknowledgement' is visible

2018-11-28 11:12:43 - [MESSAGE][PASSED] - Object 'Object Repository/Final Object Repo/Page_Form 1A - Cessation As Employer/Letter of acknowledgement' is visible

2018-11-28 11:12:43 - [MESSAGE][PASSED] - Call Test Case 'Test Cases/Final Aug 2018 - PKS Automation/Registration Module/Workflow/Form 1A - Cessation As Employer/Template/Form 1 A - Cessation As Employer (Employer)' successfully

2018-11-28 11:12:43 - [TEST_STEP][PASSED] - callTestCase: Call Test Case 'Test Cases/Final Aug 2018 - PKS Automation/Registration Module/Workflow/Form 1A - Cessation As Employer/Template/Form 1 A - Cessation As Employer (Approve)' successfully

2018-11-28 11:12:43 - [TEST_CASE][PASSED] - Test Cases/Final Aug 2018 - PKS Automation/Registration Module/Workflow/Form 1A - Cessation As Employer/Template/Form 1 A - Cessation As Employer (Approve): Test Cases/Final Aug 2018 - PKS Automation/Registration Module/Workflow/Form 1A - Cessation As Employer/Template/Form 1 A - Cessation As Employer (Approve)

2018-11-28 11:12:44 - [TEST_STEP][NOT_RUN] - callTestCase: NOT_RUN: callTestCase

2018-11-28 11:12:44 - [MESSAGE][NOT_RUN] - NOT_RUN: callTestCase

2018-11-28 11:12:44 - [TEST_STEP][PASSED] - delay: Delayed 1 second(s)

2018-11-28 11:12:45 - [MESSAGE][PASSED] - Delayed 1 second(s)

2018-11-28 11:12:45 - [TEST_STEP][PASSED] - navigateToUrl: Navigate to 'https://assist2-uat.perkeso.gov.my/c/portal/logout' successfully

2018-11-28 11:12:45 - [MESSAGE][PASSED] - Navigate to 'https://assist2-uat.perkeso.gov.my/c/portal/logout' successfully

2018-11-28 11:12:45 - [TEST_STEP][PASSED] - delay: Delayed 1 second(s)

2018-11-28 11:12:46 - [MESSAGE][PASSED] - Delayed 1 second(s)

2018-11-28 11:12:46 - [TEST_STEP][PASSED] - callTestCase: Call Test Case 'Test Cases/Final Aug 2018 - PKS Automation/Common/Reference Number Getter' successfully

2018-11-28 11:12:46 - [TEST_CASE][PASSED] - Test Cases/Final Aug 2018 - PKS Automation/Common/Reference Number Getter: Test Cases/Final Aug 2018 - PKS Automation/Common/Reference Number Getter

2018-11-28 11:12:47 - [TEST_STEP][PASSED] - Statement - Try: null

2018-11-28 11:12:47 - [TEST_STEP][PASSED] - Statement - RefNo = new java.io.File(C://Users//Admin//Desktop//PKS//Automation Reference Point//KatalonReference.txt): null

2018-11-28 11:12:47 - [TEST_STEP][PASSED] - Statement - bufferread = new java.io.BufferedReader(new java.io.FileReader(RefNo)): null

2018-11-28 11:12:47 - [TEST_STEP][PASSED] - Statement - readedVal = bufferread.readLine(): null

2018-11-28 11:12:47 - [TEST_STEP][PASSED] - Statement - out.println(CaseReferenceNo): null

2018-11-28 11:12:47 - [TEST_STEP][PASSED] - Statement - out.println(readedVal): null

2018-11-28 11:12:47 - [TEST_STEP][PASSED] - Statement - CaseReferenceNo = "": null

2018-11-28 11:12:47 - [TEST_STEP][PASSED] - Statement - CaseReferenceNo = readedVal: null

2018-11-28 11:12:47 - [MESSAGE][PASSED] - Call Test Case 'Test Cases/Final Aug 2018 - PKS Automation/Common/Reference Number Getter' successfully

2018-11-28 11:12:47 - [TEST_STEP][PASSED] - callTestCase: Call Test Case 'Test Cases/Final Aug 2018 - PKS Automation/Common/Workflow Owner Finder' successfully

2018-11-28 11:12:47 - [TEST_CASE][PASSED] - Test Cases/Final Aug 2018 - PKS Automation/Common/Workflow Owner Finder: Test Cases/Final Aug 2018 - PKS Automation/Common/Workflow Owner Finder

2018-11-28 11:12:47 - [TEST_STEP][PASSED] - openBrowser: Browser is opened with url: ''

2018-11-28 11:12:47 - [MESSAGE][WARNING] - A browser is already opened. Closing browser and opening a new one

2018-11-28 11:12:50 - [MESSAGE][PASSED] - Browser is opened with url: ''

2018-11-28 11:12:50 - [TEST_STEP][PASSED] - navigateToUrl: Navigate to 'https://assist2-uat.perkeso.gov.my/login' successfully

2018-11-28 11:12:51 - [MESSAGE][PASSED] - Navigate to 'https://assist2-uat.perkeso.gov.my/login' successfully

2018-11-28 11:12:51 - [TEST_STEP][PASSED] - delay: Delayed 5 second(s)

2018-11-28 11:12:56 - [MESSAGE][PASSED] - Delayed 5 second(s)

2018-11-28 11:12:56 - [TEST_STEP][PASSED] - setText: Text 'test@liferay.com' is set on object 'Object Repository/Final Object Repo/Login Page/Internal User/Email Address'

2018-11-28 11:12:56 - [MESSAGE][PASSED] - Text 'test@liferay.com' is set on object 'Object Repository/Final Object Repo/Login Page/Internal User/Email Address'

2018-11-28 11:12:56 - [TEST_STEP][PASSED] - click: Object: 'Object Repository/Final Object Repo/Login Page/Internal User/Next Button' is clicked on

2018-11-28 11:12:57 - [MESSAGE][PASSED] - Object: 'Object Repository/Final Object Repo/Login Page/Internal User/Next Button' is clicked on

2018-11-28 11:12:57 - [TEST_STEP][PASSED] - delay: Delayed 2 second(s)

2018-11-28 11:12:59 - [MESSAGE][PASSED] - Delayed 2 second(s)

2018-11-28 11:12:59 - [TEST_STEP][PASSED] - setText: Text 'test' is set on object 'Object Repository/Final Object Repo/Login Page/Internal User/Password'

2018-11-28 11:12:59 - [MESSAGE][PASSED] - Text 'test' is set on object 'Object Repository/Final Object Repo/Login Page/Internal User/Password'

2018-11-28 11:12:59 - [TEST_STEP][PASSED] - delay: Delayed 2 second(s)

2018-11-28 11:13:01 - [MESSAGE][PASSED] - Delayed 2 second(s)

2018-11-28 11:13:01 - [TEST_STEP][PASSED] - click: Object: 'Object Repository/Final Object Repo/Login Page/Internal User/Login Button' is clicked on

2018-11-28 11:13:01 - [MESSAGE][PASSED] - Object: 'Object Repository/Final Object Repo/Login Page/Internal User/Login Button' is clicked on

2018-11-28 11:13:01 - [TEST_STEP][PASSED] - Statement - Try: null

2018-11-28 11:13:01 - [TEST_STEP][PASSED] - Statement - Checker = com.kms.katalon.core.webui.keyword.WebUiBuiltInKeywords.verifyElementNotPresent("Final Object Repo/Landing Page/Select to English", 3): null

2018-11-28 11:13:01 - [TEST_STEP][PASSED] - Statement - Catch (Exception e): null

2018-11-28 11:13:01 - [TEST_STEP][PASSED] - Statement - e.printStackTrace(): null

2018-11-28 11:13:01 - [TEST_STEP][PASSED] - delay: Delayed 5 second(s)

2018-11-28 11:13:06 - [MESSAGE][PASSED] - Delayed 5 second(s)

2018-11-28 11:13:06 - [TEST_STEP][PASSED] - mouseOver: Object: 'Object Repository/Final Object Repo/Landing Page/WorkFlow Menu' is hovered

2018-11-28 11:13:06 - [MESSAGE][PASSED] - Object: 'Object Repository/Final Object Repo/Landing Page/WorkFlow Menu' is hovered

2018-11-28 11:13:06 - [TEST_STEP][PASSED] - delay: Delayed 2 second(s)

2018-11-28 11:13:08 - [MESSAGE][PASSED] - Delayed 2 second(s)

2018-11-28 11:13:08 - [TEST_STEP][PASSED] - click: Object: 'Object Repository/Final Object Repo/Landing Page/Select to Workflow Listing' is clicked on

2018-11-28 11:13:10 - [MESSAGE][PASSED] - Object: 'Object Repository/Final Object Repo/Landing Page/Select to Workflow Listing' is clicked on

2018-11-28 11:13:10 - [TEST_STEP][PASSED] - delay: Delayed 2 second(s)

2018-11-28 11:13:12 - [MESSAGE][PASSED] - Delayed 2 second(s)

2018-11-28 11:13:12 - [TEST_STEP][PASSED] - click: Object: 'Object Repository/Final Object Repo/WorkFlow Listing Page/Search Information - To Put Ref No' is clicked on

2018-11-28 11:13:12 - [MESSAGE][PASSED] - Object: 'Object Repository/Final Object Repo/WorkFlow Listing Page/Search Information - To Put Ref No' is clicked on

2018-11-28 11:13:12 - [TEST_STEP][PASSED] - delay: Delayed 2 second(s)

2018-11-28 11:13:14 - [MESSAGE][PASSED] - Delayed 2 second(s)

2018-11-28 11:13:14 - [TEST_STEP][PASSED] - callTestCase: Call Test Case 'Test Cases/Final Aug 2018 - PKS Automation/Common/Reference Number Getter' successfully

2018-11-28 11:13:14 - [TEST_CASE][PASSED] - Test Cases/Final Aug 2018 - PKS Automation/Common/Reference Number Getter: Test Cases/Final Aug 2018 - PKS Automation/Common/Reference Number Getter

2018-11-28 11:13:14 - [TEST_STEP][PASSED] - Statement - Try: null

2018-11-28 11:13:14 - [TEST_STEP][PASSED] - Statement - RefNo = new java.io.File(C://Users//Admin//Desktop//PKS//Automation Reference Point//KatalonReference.txt): null

2018-11-28 11:13:14 - [TEST_STEP][PASSED] - Statement - bufferread = new java.io.BufferedReader(new java.io.FileReader(RefNo)): null

2018-11-28 11:13:14 - [TEST_STEP][PASSED] - Statement - readedVal = bufferread.readLine(): null

2018-11-28 11:13:14 - [TEST_STEP][PASSED] - Statement - out.println(CaseReferenceNo): null

2018-11-28 11:13:14 - [TEST_STEP][PASSED] - Statement - out.println(readedVal): null

2018-11-28 11:13:14 - [TEST_STEP][PASSED] - Statement - CaseReferenceNo = "": null

2018-11-28 11:13:14 - [TEST_STEP][PASSED] - Statement - CaseReferenceNo = readedVal: null

2018-11-28 11:13:14 - [MESSAGE][PASSED] - Call Test Case 'Test Cases/Final Aug 2018 - PKS Automation/Common/Reference Number Getter' successfully

2018-11-28 11:13:14 - [TEST_STEP][PASSED] - setText: Text 'CUN112018C200001657' is set on object 'Object Repository/Final Object Repo/WorkFlow Listing Page/Ref No Set Text'

2018-11-28 11:13:14 - [MESSAGE][PASSED] - Text 'CUN112018C200001657' is set on object 'Object Repository/Final Object Repo/WorkFlow Listing Page/Ref No Set Text'

2018-11-28 11:13:14 - [TEST_STEP][PASSED] - delay: Delayed 2 second(s)

2018-11-28 11:13:16 - [MESSAGE][PASSED] - Delayed 2 second(s)

2018-11-28 11:13:16 - [TEST_STEP][PASSED] - click: Object: 'Object Repository/Final Object Repo/WorkFlow Listing Page/Search Ref No Search Button' is clicked on

2018-11-28 11:13:16 - [MESSAGE][PASSED] - Object: 'Object Repository/Final Object Repo/WorkFlow Listing Page/Search Ref No Search Button' is clicked on

2018-11-28 11:13:16 - [TEST_STEP][PASSED] - delay: Delayed 4 second(s)

2018-11-28 11:13:20 - [MESSAGE][PASSED] - Delayed 4 second(s)

2018-11-28 11:13:20 - [TEST_STEP][PASSED] - click: Object: 'Object Repository/Final Object Repo/WorkFlow Listing Page/Click Continue Tooltip' is clicked on

2018-11-28 11:13:22 - [MESSAGE][PASSED] - Object: 'Object Repository/Final Object Repo/WorkFlow Listing Page/Click Continue Tooltip' is clicked on

2018-11-28 11:13:22 - [TEST_STEP][PASSED] - delay: Delayed 5 second(s)

2018-11-28 11:13:27 - [MESSAGE][PASSED] - Delayed 5 second(s)

2018-11-28 11:13:27 - [TEST_STEP][PASSED] - doubleClick: Object: 'Object Repository/Final Object Repo/WorkFlow Listing Page/Workflow Found - Listing 1' is double clicked on

2018-11-28 11:13:27 - [MESSAGE][PASSED] - Object: 'Object Repository/Final Object Repo/WorkFlow Listing Page/Workflow Found - Listing 1' is double clicked on

2018-11-28 11:13:27 - [TEST_STEP][PASSED] - Statement - println(OwnerID): null

2018-11-28 11:13:27 - [TEST_STEP][PASSED] - Statement - OwnerID = com.kms.katalon.core.webui.keyword.WebUiBuiltInKeywords.getText(com.kms.katalon.core.testobject.ObjectRepository.findTestObject(Final Object Repo/WorkFlow Listing Page/Workflow Found - Listing 1), STOP_ON_FAILURE): Text of object 'Object Repository/Final Object Repo/WorkFlow Listing Page/Workflow Found - Listing 1' is: 'JOHORuo2'

2018-11-28 11:13:27 - [MESSAGE][PASSED] - Text of object 'Object Repository/Final Object Repo/WorkFlow Listing Page/Workflow Found - Listing 1' is: 'JOHORuo2'

2018-11-28 11:13:27 - [TEST_STEP][PASSED] - Statement - OwnerID = OwnerID.toLowerCase() + "@gmail.com": null

2018-11-28 11:13:27 - [TEST_STEP][PASSED] - Statement - println(OwnerID): null

2018-11-28 11:13:27 - [TEST_STEP][PASSED] - delay: Delayed 2 second(s)

2018-11-28 11:13:29 - [MESSAGE][PASSED] - Delayed 2 second(s)

2018-11-28 11:13:29 - [MESSAGE][PASSED] - Call Test Case 'Test Cases/Final Aug 2018 - PKS Automation/Common/Workflow Owner Finder' successfully

2018-11-28 11:13:29 - [TEST_STEP][PASSED] - delay: Delayed 1 second(s)

2018-11-28 11:13:30 - [MESSAGE][PASSED] - Delayed 1 second(s)

2018-11-28 11:13:30 - [TEST_STEP][PASSED] - navigateToUrl: Navigate to 'https://assist2-uat.perkeso.gov.my/c/portal/logout' successfully

2018-11-28 11:13:31 - [MESSAGE][PASSED] - Navigate to 'https://assist2-uat.perkeso.gov.my/c/portal/logout' successfully

2018-11-28 11:13:31 - [TEST_STEP][PASSED] - delay: Delayed 1 second(s)

2018-11-28 11:13:32 - [MESSAGE][PASSED] - Delayed 1 second(s)

2018-11-28 11:13:32 - [TEST_STEP][PASSED] - callTestCase: Call Test Case 'Test Cases/Final Aug 2018 - PKS Automation/Registration Module/Workflow/Login and Search Case For Workflow' successfully

2018-11-28 11:13:32 - [TEST_CASE][PASSED] - Test Cases/Final Aug 2018 - PKS Automation/Registration Module/Workflow/Login and Search Case For Workflow: Test Cases/Final Aug 2018 - PKS Automation/Registration Module/Workflow/Login and Search Case For Workflow

2018-11-28 11:13:32 - [TEST_STEP][PASSED] - navigateToUrl: Navigate to 'https://assist2-uat.perkeso.gov.my/login' successfully

2018-11-28 11:13:33 - [MESSAGE][PASSED] - Navigate to 'https://assist2-uat.perkeso.gov.my/login' successfully

2018-11-28 11:13:33 - [TEST_STEP][PASSED] - setText: Text 'johoruo2@gmail.com' is set on object 'Object Repository/Final Object Repo/Login Page/Internal User/Email Address'

2018-11-28 11:13:33 - [MESSAGE][PASSED] - Text 'johoruo2@gmail.com' is set on object 'Object Repository/Final Object Repo/Login Page/Internal User/Email Address'

2018-11-28 11:13:33 - [TEST_STEP][PASSED] - click: Object: 'Object Repository/Final Object Repo/Login Page/Internal User/Next Button' is clicked on

2018-11-28 11:13:33 - [MESSAGE][PASSED] - Object: 'Object Repository/Final Object Repo/Login Page/Internal User/Next Button' is clicked on

2018-11-28 11:13:33 - [TEST_STEP][PASSED] - delay: Delayed 1 second(s)

2018-11-28 11:13:34 - [MESSAGE][PASSED] - Delayed 1 second(s)

2018-11-28 11:13:34 - [TEST_STEP][PASSED] - setEncryptedText: Text ****** has been set on object 'Object Repository/Final Object Repo/Login Page/Internal User/Password'

2018-11-28 11:13:34 - [MESSAGE][PASSED] - Text ****** has been set on object 'Object Repository/Final Object Repo/Login Page/Internal User/Password'

2018-11-28 11:13:34 - [TEST_STEP][PASSED] - click: Object: 'Object Repository/Final Object Repo/Login Page/Internal User/Login Button' is clicked on

2018-11-28 11:13:35 - [MESSAGE][PASSED] - Object: 'Object Repository/Final Object Repo/Login Page/Internal User/Login Button' is clicked on

2018-11-28 11:13:35 - [TEST_STEP][PASSED] - delay: Delayed 2 second(s)

2018-11-28 11:13:37 - [MESSAGE][PASSED] - Delayed 2 second(s)

2018-11-28 11:13:37 - [TEST_STEP][PASSED] - Statement - Try: Delayed 2 second(s)

2018-11-28 11:13:37 - [TEST_STEP][PASSED] - Statement - Checker = false: null

2018-11-28 11:13:37 - [TEST_STEP][PASSED] - Statement - Checker = com.kms.katalon.core.webui.keyword.WebUiBuiltInKeywords.verifyElementHasAttribute(com.kms.katalon.core.testobject.ObjectRepository.findTestObject(Final Object Repo/Landing Page/BM Detecting), "href", 20, OPTIONAL): Object 'Object Repository/Final Object Repo/Landing Page/BM Detecting' has attribute 'href'

2018-11-28 11:13:37 - [MESSAGE][PASSED] - Object 'Object Repository/Final Object Repo/Landing Page/BM Detecting' has attribute 'href'

2018-11-28 11:13:37 - [TEST_STEP][PASSED] - Statement - out.println(Checker): null

2018-11-28 11:13:37 - [TEST_STEP][PASSED] - Statement - If (Checker == false): null

2018-11-28 11:13:37 - [TEST_STEP][PASSED] - Statement - Else: null

2018-11-28 11:13:37 - [TEST_STEP][PASSED] - delay: Delayed 2 second(s)

2018-11-28 11:13:39 - [MESSAGE][PASSED] - Delayed 2 second(s)

2018-11-28 11:13:39 - [TEST_STEP][PASSED] - click: Object: 'Object Repository/Final Object Repo/Page_MyASSIST - ASSIST - Search Pending Case For Add Supporting Document/Search Information' is clicked on

2018-11-28 11:13:39 - [MESSAGE][PASSED] - Object: 'Object Repository/Final Object Repo/Page_MyASSIST - ASSIST - Search Pending Case For Add Supporting Document/Search Information' is clicked on

2018-11-28 11:13:39 - [TEST_STEP][PASSED] - delay: Delayed 3 second(s)

2018-11-28 11:13:42 - [MESSAGE][PASSED] - Delayed 3 second(s)

2018-11-28 11:13:42 - [TEST_STEP][PASSED] - sendKeys: Keys 'CUN112018C200001657' sent to object: 'Object Repository/Final Object Repo/Page_MyASSIST - ASSIST - Search Pending Case For Add Supporting Document/Reference No'

2018-11-28 11:13:42 - [MESSAGE][PASSED] - Keys 'CUN112018C200001657' sent to object: 'Object Repository/Final Object Repo/Page_MyASSIST - ASSIST - Search Pending Case For Add Supporting Document/Reference No'

2018-11-28 11:13:42 - [TEST_STEP][PASSED] - click: Object: 'Object Repository/Final Object Repo/Page_MyASSIST - ASSIST - Search Pending Case For Add Supporting Document/Search Reference No' is clicked on

2018-11-28 11:13:42 - [MESSAGE][PASSED] - Object: 'Object Repository/Final Object Repo/Page_MyASSIST - ASSIST - Search Pending Case For Add Supporting Document/Search Reference No' is clicked on

2018-11-28 11:13:42 - [TEST_STEP][PASSED] - delay: Delayed 2 second(s)

2018-11-28 11:13:44 - [MESSAGE][PASSED] - Delayed 2 second(s)

2018-11-28 11:13:44 - [TEST_STEP][PASSED] - click: Object: 'Object Repository/Final Object Repo/Page_MyASSIST - ASSIST - Search Pending Case For Add Supporting Document/Continue' is clicked on

2018-11-28 11:13:48 - [MESSAGE][PASSED] - Object: 'Object Repository/Final Object Repo/Page_MyASSIST - ASSIST - Search Pending Case For Add Supporting Document/Continue' is clicked on

2018-11-28 11:13:48 - [TEST_STEP][PASSED] - delay: Delayed 20 second(s)

2018-11-28 11:14:08 - [MESSAGE][PASSED] - Delayed 20 second(s)

2018-11-28 11:14:08 - [MESSAGE][PASSED] - Call Test Case 'Test Cases/Final Aug 2018 - PKS Automation/Registration Module/Workflow/Login and Search Case For Workflow' successfully

2018-11-28 11:14:08 - [TEST_STEP][PASSED] - click: Object: 'Object Repository/Final Object Repo/Page_Form 1A - Cessation As Employer/Page_Form 1A - Cessation As Employer (Approve)/Save  Continue in Form 1A Page' is clicked on

2018-11-28 11:14:08 - [MESSAGE][PASSED] - Object: 'Object Repository/Final Object Repo/Page_Form 1A - Cessation As Employer/Page_Form 1A - Cessation As Employer (Approve)/Save  Continue in Form 1A Page' is clicked on

2018-11-28 11:14:08 - [TEST_STEP][PASSED] - delay: Delayed 2 second(s)

2018-11-28 11:14:10 - [MESSAGE][PASSED] - Delayed 2 second(s)

2018-11-28 11:14:10 - [TEST_STEP][PASSED] - click: Object: 'Object Repository/Final Object Repo/Page_Form 1A - Cessation As Employer/Employment Resign Date' is clicked on

2018-11-28 11:14:11 - [MESSAGE][PASSED] - Object: 'Object Repository/Final Object Repo/Page_Form 1A - Cessation As Employer/Employment Resign Date' is clicked on

2018-11-28 11:14:11 - [TEST_STEP][PASSED] - delay: Delayed 1 second(s)

2018-11-28 11:14:12 - [MESSAGE][PASSED] - Delayed 1 second(s)

2018-11-28 11:14:12 - [TEST_STEP][PASSED] - selectOptionByValue: All options with value '2030' are selected in object 'Object Repository/Final Object Repo/Page_Form 1A - Cessation As Employer/Employment Resign Date - Year' 

2018-11-28 11:14:12 - [MESSAGE][PASSED] - All options with value '2030' are selected in object 'Object Repository/Final Object Repo/Page_Form 1A - Cessation As Employer/Employment Resign Date - Year' 

2018-11-28 11:14:12 - [TEST_STEP][PASSED] - delay: Delayed 1 second(s)

2018-11-28 11:14:13 - [MESSAGE][PASSED] - Delayed 1 second(s)

2018-11-28 11:14:13 - [TEST_STEP][PASSED] - click: Object: 'Object Repository/Final Object Repo/Page_Form 1A - Cessation As Employer/Employment Resign Date - Year - Date' is clicked on

2018-11-28 11:14:13 - [MESSAGE][PASSED] - Object: 'Object Repository/Final Object Repo/Page_Form 1A - Cessation As Employer/Employment Resign Date - Year - Date' is clicked on

2018-11-28 11:14:13 - [TEST_STEP][PASSED] - delay: Delayed 2 second(s)

2018-11-28 11:14:15 - [MESSAGE][PASSED] - Delayed 2 second(s)

2018-11-28 11:14:15 - [TEST_STEP][PASSED] - click: Object: 'Object Repository/Final Object Repo/Page_Form 1A - Cessation As Employer/Page_Form 1A - Cessation As Employer (Approve)/Save  Continue in Update Add Employee Resigned Date Page' is clicked on

2018-11-28 11:14:15 - [MESSAGE][PASSED] - Object: 'Object Repository/Final Object Repo/Page_Form 1A - Cessation As Employer/Page_Form 1A - Cessation As Employer (Approve)/Save  Continue in Update Add Employee Resigned Date Page' is clicked on

2018-11-28 11:14:15 - [TEST_STEP][PASSED] - delay: Delayed 2 second(s)

2018-11-28 11:14:17 - [MESSAGE][PASSED] - Delayed 2 second(s)

2018-11-28 11:14:17 - [TEST_STEP][PASSED] - click: Object: 'Object Repository/Final Object Repo/Page_Form 1A - Cessation As Employer/Set Latest - Yes' is clicked on

2018-11-28 11:14:17 - [MESSAGE][PASSED] - Object: 'Object Repository/Final Object Repo/Page_Form 1A - Cessation As Employer/Set Latest - Yes' is clicked on

2018-11-28 11:14:17 - [TEST_STEP][PASSED] - delay: Delayed 2 second(s)

2018-11-28 11:14:19 - [MESSAGE][PASSED] - Delayed 2 second(s)

2018-11-28 11:14:19 - [TEST_STEP][PASSED] - click: Object: 'Object Repository/Final Object Repo/Page_Form 1A - Cessation As Employer/Page_Form 1A - Cessation As Employer (Approve)/Save  Contine in Uploading Document Page' is clicked on

2018-11-28 11:14:21 - [MESSAGE][PASSED] - Object: 'Object Repository/Final Object Repo/Page_Form 1A - Cessation As Employer/Page_Form 1A - Cessation As Employer (Approve)/Save  Contine in Uploading Document Page' is clicked on

2018-11-28 11:14:21 - [TEST_STEP][PASSED] - delay: Delayed 2 second(s)

2018-11-28 11:14:23 - [MESSAGE][PASSED] - Delayed 2 second(s)

2018-11-28 11:14:23 - [TEST_STEP][PASSED] - click: Object: 'Object Repository/Final Object Repo/Page_Form 1A - Cessation As Employer/Page_Form 1A - Cessation As Employer (Approve)/Approve' is clicked on

2018-11-28 11:14:26 - [MESSAGE][PASSED] - Object: 'Object Repository/Final Object Repo/Page_Form 1A - Cessation As Employer/Page_Form 1A - Cessation As Employer (Approve)/Approve' is clicked on

2018-11-28 11:14:26 - [TEST_STEP][PASSED] - delay: Delayed 2 second(s)

2018-11-28 11:14:28 - [MESSAGE][PASSED] - Delayed 2 second(s)

2018-11-28 11:14:28 - [TEST_STEP][PASSED] - click: Object: 'Object Repository/Final Object Repo/Page_Form 1A - Cessation As Employer/Confirm' is clicked on

2018-11-28 11:14:28 - [MESSAGE][PASSED] - Object: 'Object Repository/Final Object Repo/Page_Form 1A - Cessation As Employer/Confirm' is clicked on

2018-11-28 11:14:28 - [TEST_STEP][PASSED] - delay: Delayed 2 second(s)

2018-11-28 11:14:30 - [MESSAGE][PASSED] - Delayed 2 second(s)

2018-11-28 11:14:30 - [TEST_STEP][PASSED] - click: Object: 'Object Repository/Final Object Repo/Page_Form 1A - Cessation As Employer/Page_Form 1A - Cessation As Employer (Approve)/Message Your Request    Form 1A ' is clicked on

2018-11-28 11:14:39 - [MESSAGE][PASSED] - Object: 'Object Repository/Final Object Repo/Page_Form 1A - Cessation As Employer/Page_Form 1A - Cessation As Employer (Approve)/Message Your Request    Form 1A ' is clicked on

2018-11-28 11:14:39 - [TEST_STEP][PASSED] - delay: Delayed 2 second(s)

2018-11-28 11:14:41 - [MESSAGE][PASSED] - Delayed 2 second(s)

2018-11-28 11:14:41 - [TEST_STEP][PASSED] - click: Object: 'Object Repository/Final Object Repo/Page_Form 1A - Cessation As Employer/Page_Form 1A - Cessation As Employer (Approve)/Letter of successful update' is clicked on

2018-11-28 11:14:42 - [MESSAGE][PASSED] - Object: 'Object Repository/Final Object Repo/Page_Form 1A - Cessation As Employer/Page_Form 1A - Cessation As Employer (Approve)/Letter of successful update' is clicked on

2018-11-28 11:14:42 - [MESSAGE][PASSED] - Call Test Case 'Test Cases/Final Aug 2018 - PKS Automation/Registration Module/Workflow/Form 1A - Cessation As Employer/Template/Form 1 A - Cessation As Employer (Approve)' successfully]]></system-out>
         <system-err><![CDATA[]]></system-err>
      </testcase>
      <testcase name="Test Cases/Final Aug 2018 - PKS Automation/Registration Module/Workflow/Form 1A - Cessation As Employer/Employer to UO (Query)" classname="Test Cases/Final Aug 2018 - PKS Automation/Registration Module/Workflow/Form 1A - Cessation As Employer/Employer to UO (Query)" status="PASSED">
         <system-out><![CDATA[2018-11-28 11:14:42 - [TEST_CASE][PASSED] - Test Cases/Final Aug 2018 - PKS Automation/Registration Module/Workflow/Form 1A - Cessation As Employer/Employer to UO (Query): Test Cases/Final Aug 2018 - PKS Automation/Registration Module/Workflow/Form 1A - Cessation As Employer/Employer to UO (Query)

2018-11-28 11:14:42 - [TEST_STEP][PASSED] - callTestCase: Call Test Case 'Test Cases/Final Aug 2018 - PKS Automation/Registration Module/Workflow/Form 1A - Cessation As Employer/Template/Form 1 A - Cessation As Employer (Employer)' successfully

2018-11-28 11:14:42 - [TEST_CASE][PASSED] - Test Cases/Final Aug 2018 - PKS Automation/Registration Module/Workflow/Form 1A - Cessation As Employer/Template/Form 1 A - Cessation As Employer (Employer): Test Cases/Final Aug 2018 - PKS Automation/Registration Module/Workflow/Form 1A - Cessation As Employer/Template/Form 1 A - Cessation As Employer (Employer)

2018-11-28 11:14:42 - [TEST_STEP][PASSED] - callTestCase: Call Test Case 'Test Cases/Final Aug 2018 - PKS Automation/Registration Module/Workflow/Update Add New Employee/Template/New Company for Update Add New - Employer' successfully

2018-11-28 11:14:42 - [TEST_CASE][PASSED] - Test Cases/Final Aug 2018 - PKS Automation/Registration Module/Workflow/Update Add New Employee/Template/New Company for Update Add New - Employer: Test Cases/Final Aug 2018 - PKS Automation/Registration Module/Workflow/Update Add New Employee/Template/New Company for Update Add New - Employer

2018-11-28 11:14:42 - [TEST_STEP][PASSED] - callTestCase: Call Test Case 'Test Cases/Final Aug 2018 - PKS Automation/Create Employer Acc/Create Employer Account' successfully

2018-11-28 11:14:42 - [TEST_CASE][PASSED] - Test Cases/Final Aug 2018 - PKS Automation/Create Employer Acc/Create Employer Account: Test Cases/Final Aug 2018 - PKS Automation/Create Employer Acc/Create Employer Account

2018-11-28 11:14:42 - [TEST_STEP][PASSED] - callTestCase: Call Test Case 'Test Cases/Final Aug 2018 - PKS Automation/Create Employer Acc/Template/Register Employer' successfully

2018-11-28 11:14:42 - [TEST_CASE][PASSED] - Test Cases/Final Aug 2018 - PKS Automation/Create Employer Acc/Template/Register Employer: Test Cases/Final Aug 2018 - PKS Automation/Create Employer Acc/Template/Register Employer

2018-11-28 11:14:42 - [TEST_STEP][PASSED] - openBrowser: Browser is opened with url: ''

2018-11-28 11:14:42 - [MESSAGE][WARNING] - A browser is already opened. Closing browser and opening a new one

2018-11-28 11:14:45 - [MESSAGE][PASSED] - Browser is opened with url: ''

2018-11-28 11:14:45 - [TEST_STEP][PASSED] - navigateToUrl: Navigate to 'https://assist2-uat.perkeso.gov.my/login' successfully

2018-11-28 11:14:46 - [MESSAGE][PASSED] - Navigate to 'https://assist2-uat.perkeso.gov.my/login' successfully

2018-11-28 11:14:46 - [TEST_STEP][PASSED] - setText: Text 'johorotc1@gmail.com' is set on object 'Object Repository/Final Object Repo/Login Page/Internal User/Email Address'

2018-11-28 11:14:47 - [MESSAGE][PASSED] - Text 'johorotc1@gmail.com' is set on object 'Object Repository/Final Object Repo/Login Page/Internal User/Email Address'

2018-11-28 11:14:47 - [TEST_STEP][PASSED] - click: Object: 'Object Repository/Final Object Repo/Login Page/Internal User/Next Button' is clicked on

2018-11-28 11:14:47 - [MESSAGE][PASSED] - Object: 'Object Repository/Final Object Repo/Login Page/Internal User/Next Button' is clicked on

2018-11-28 11:14:47 - [TEST_STEP][PASSED] - delay: Delayed 1 second(s)

2018-11-28 11:14:48 - [MESSAGE][PASSED] - Delayed 1 second(s)

2018-11-28 11:14:48 - [TEST_STEP][PASSED] - setEncryptedText: Text ****** has been set on object 'Object Repository/Final Object Repo/Login Page/Internal User/Password'

2018-11-28 11:14:48 - [MESSAGE][PASSED] - Text ****** has been set on object 'Object Repository/Final Object Repo/Login Page/Internal User/Password'

2018-11-28 11:14:48 - [TEST_STEP][PASSED] - click: Object: 'Object Repository/Final Object Repo/Login Page/Internal User/Login Button' is clicked on

2018-11-28 11:14:49 - [MESSAGE][PASSED] - Object: 'Object Repository/Final Object Repo/Login Page/Internal User/Login Button' is clicked on

2018-11-28 11:14:49 - [TEST_STEP][PASSED] - delay: Delayed 1 second(s)

2018-11-28 11:14:50 - [MESSAGE][PASSED] - Delayed 1 second(s)

2018-11-28 11:14:50 - [TEST_STEP][PASSED] - navigateToUrl: Navigate to 'https://assist2-uat.perkeso.gov.my/web/base/portal-id/registration' successfully

2018-11-28 11:14:52 - [MESSAGE][PASSED] - Navigate to 'https://assist2-uat.perkeso.gov.my/web/base/portal-id/registration' successfully

2018-11-28 11:14:52 - [TEST_STEP][PASSED] - setText: Text 'AUTOMATION EMPLOYER' is set on object 'Object Repository/Final Object Repo/Creating Employer Account/Page_Registration - ASSIST (Base)/Employer Name'

2018-11-28 11:14:52 - [MESSAGE][PASSED] - Text 'AUTOMATION EMPLOYER' is set on object 'Object Repository/Final Object Repo/Creating Employer Account/Page_Registration - ASSIST (Base)/Employer Name'

2018-11-28 11:14:52 - [TEST_STEP][PASSED] - delay: Delayed 2 second(s)

2018-11-28 11:14:54 - [MESSAGE][PASSED] - Delayed 2 second(s)

2018-11-28 11:14:54 - [TEST_STEP][PASSED] - click: Object: 'Object Repository/Final Object Repo/Creating Employer Account/Page_Registration - ASSIST (Base)/Registration Type' is clicked on

2018-11-28 11:14:54 - [MESSAGE][PASSED] - Object: 'Object Repository/Final Object Repo/Creating Employer Account/Page_Registration - ASSIST (Base)/Registration Type' is clicked on

2018-11-28 11:14:54 - [TEST_STEP][PASSED] - delay: Delayed 2 second(s)

2018-11-28 11:14:56 - [MESSAGE][PASSED] - Delayed 2 second(s)

2018-11-28 11:14:56 - [TEST_STEP][PASSED] - click: Object: 'Object Repository/Final Object Repo/Creating Employer Account/Page_Registration - ASSIST (Base)/Registration Type - Registration No' is clicked on

2018-11-28 11:14:57 - [MESSAGE][PASSED] - Object: 'Object Repository/Final Object Repo/Creating Employer Account/Page_Registration - ASSIST (Base)/Registration Type - Registration No' is clicked on

2018-11-28 11:14:57 - [TEST_STEP][PASSED] - delay: Delayed 2 second(s)

2018-11-28 11:14:59 - [MESSAGE][PASSED] - Delayed 2 second(s)

2018-11-28 11:14:59 - [TEST_STEP][PASSED] - setText: Text '1234567890' is set on object 'Object Repository/Final Object Repo/Creating Employer Account/Page_Registration - ASSIST (Base)/Registration Number'

2018-11-28 11:14:59 - [MESSAGE][PASSED] - Text '1234567890' is set on object 'Object Repository/Final Object Repo/Creating Employer Account/Page_Registration - ASSIST (Base)/Registration Number'

2018-11-28 11:14:59 - [TEST_STEP][PASSED] - delay: Delayed 2 second(s)

2018-11-28 11:15:01 - [MESSAGE][PASSED] - Delayed 2 second(s)

2018-11-28 11:15:01 - [TEST_STEP][PASSED] - setText: Text 'ADDRESS 1' is set on object 'Object Repository/Final Object Repo/Creating Employer Account/Page_Registration - ASSIST (Base)/Postal Address 1'

2018-11-28 11:15:01 - [MESSAGE][PASSED] - Text 'ADDRESS 1' is set on object 'Object Repository/Final Object Repo/Creating Employer Account/Page_Registration - ASSIST (Base)/Postal Address 1'

2018-11-28 11:15:01 - [TEST_STEP][PASSED] - setText: Text 'ADDRESS 2' is set on object 'Object Repository/Final Object Repo/Creating Employer Account/Page_Registration - ASSIST (Base)/Postal Address 2'

2018-11-28 11:15:02 - [MESSAGE][PASSED] - Text 'ADDRESS 2' is set on object 'Object Repository/Final Object Repo/Creating Employer Account/Page_Registration - ASSIST (Base)/Postal Address 2'

2018-11-28 11:15:02 - [TEST_STEP][PASSED] - click: Object: 'Object Repository/Final Object Repo/Creating Employer Account/Page_Registration - ASSIST (Base)/State' is clicked on

2018-11-28 11:15:02 - [MESSAGE][PASSED] - Object: 'Object Repository/Final Object Repo/Creating Employer Account/Page_Registration - ASSIST (Base)/State' is clicked on

2018-11-28 11:15:02 - [TEST_STEP][PASSED] - delay: Delayed 2 second(s)

2018-11-28 11:15:04 - [MESSAGE][PASSED] - Delayed 2 second(s)

2018-11-28 11:15:04 - [TEST_STEP][PASSED] - click: Object: 'Object Repository/Final Object Repo/Creating Employer Account/Page_Registration - ASSIST (Base)/State - Johor' is clicked on

2018-11-28 11:15:04 - [MESSAGE][PASSED] - Object: 'Object Repository/Final Object Repo/Creating Employer Account/Page_Registration - ASSIST (Base)/State - Johor' is clicked on

2018-11-28 11:15:04 - [TEST_STEP][PASSED] - delay: Delayed 2 second(s)

2018-11-28 11:15:06 - [MESSAGE][PASSED] - Delayed 2 second(s)

2018-11-28 11:15:06 - [TEST_STEP][PASSED] - click: Object: 'Object Repository/Final Object Repo/Creating Employer Account/Page_Registration - ASSIST (Base)/City' is clicked on

2018-11-28 11:15:06 - [MESSAGE][PASSED] - Object: 'Object Repository/Final Object Repo/Creating Employer Account/Page_Registration - ASSIST (Base)/City' is clicked on

2018-11-28 11:15:06 - [TEST_STEP][PASSED] - delay: Delayed 2 second(s)

2018-11-28 11:15:08 - [MESSAGE][PASSED] - Delayed 2 second(s)

2018-11-28 11:15:08 - [TEST_STEP][PASSED] - setText: Text 'joh' is set on object 'Object Repository/Final Object Repo/Creating Employer Account/Page_Registration - ASSIST (Base)/City - joh'

2018-11-28 11:15:09 - [MESSAGE][PASSED] - Text 'joh' is set on object 'Object Repository/Final Object Repo/Creating Employer Account/Page_Registration - ASSIST (Base)/City - joh'

2018-11-28 11:15:09 - [TEST_STEP][PASSED] - delay: Delayed 2 second(s)

2018-11-28 11:15:11 - [MESSAGE][PASSED] - Delayed 2 second(s)

2018-11-28 11:15:11 - [TEST_STEP][PASSED] - click: Object: 'Object Repository/Final Object Repo/Creating Employer Account/Page_Registration - ASSIST (Base)/City - Johor Bharu' is clicked on

2018-11-28 11:15:11 - [MESSAGE][PASSED] - Object: 'Object Repository/Final Object Repo/Creating Employer Account/Page_Registration - ASSIST (Base)/City - Johor Bharu' is clicked on

2018-11-28 11:15:11 - [TEST_STEP][PASSED] - delay: Delayed 2 second(s)

2018-11-28 11:15:13 - [MESSAGE][PASSED] - Delayed 2 second(s)

2018-11-28 11:15:13 - [TEST_STEP][PASSED] - click: Object: 'Object Repository/Final Object Repo/Creating Employer Account/Page_Registration - ASSIST (Base)/Post Code' is clicked on

2018-11-28 11:15:13 - [MESSAGE][PASSED] - Object: 'Object Repository/Final Object Repo/Creating Employer Account/Page_Registration - ASSIST (Base)/Post Code' is clicked on

2018-11-28 11:15:13 - [TEST_STEP][PASSED] - delay: Delayed 2 second(s)

2018-11-28 11:15:15 - [MESSAGE][PASSED] - Delayed 2 second(s)

2018-11-28 11:15:15 - [TEST_STEP][PASSED] - setText: Text '810' is set on object 'Object Repository/Final Object Repo/Creating Employer Account/Page_Registration - ASSIST (Base)/Post Code - 810'

2018-11-28 11:15:15 - [MESSAGE][PASSED] - Text '810' is set on object 'Object Repository/Final Object Repo/Creating Employer Account/Page_Registration - ASSIST (Base)/Post Code - 810'

2018-11-28 11:15:15 - [TEST_STEP][PASSED] - delay: Delayed 2 second(s)

2018-11-28 11:15:17 - [MESSAGE][PASSED] - Delayed 2 second(s)

2018-11-28 11:15:17 - [TEST_STEP][PASSED] - click: Object: 'Object Repository/Final Object Repo/Creating Employer Account/Page_Registration - ASSIST (Base)/Post Code - 81000' is clicked on

2018-11-28 11:15:18 - [MESSAGE][PASSED] - Object: 'Object Repository/Final Object Repo/Creating Employer Account/Page_Registration - ASSIST (Base)/Post Code - 81000' is clicked on

2018-11-28 11:15:18 - [TEST_STEP][PASSED] - delay: Delayed 2 second(s)

2018-11-28 11:15:20 - [MESSAGE][PASSED] - Delayed 2 second(s)

2018-11-28 11:15:20 - [TEST_STEP][PASSED] - setText: Text 'PERKESO' is set on object 'Object Repository/Final Object Repo/Creating Employer Account/Page_Registration - ASSIST (Base)/Full Name'

2018-11-28 11:15:20 - [MESSAGE][PASSED] - Text 'PERKESO' is set on object 'Object Repository/Final Object Repo/Creating Employer Account/Page_Registration - ASSIST (Base)/Full Name'

2018-11-28 11:15:20 - [TEST_STEP][PASSED] - Statement - rnd = new java.util.Random(): null

2018-11-28 11:15:20 - [TEST_STEP][PASSED] - Statement - snum = rnd.nextInt(899999 + 1) + 100000: null

2018-11-28 11:15:20 - [TEST_STEP][PASSED] - Statement - tnum = rnd.nextInt(899999 + 1) + 100000: null

2018-11-28 11:15:20 - [TEST_STEP][PASSED] - Statement - IC = java.lang.Integer.toString(snum) + java.lang.Integer.toString(tnum): null

2018-11-28 11:15:20 - [TEST_STEP][PASSED] - Statement - out.println(IC): null

2018-11-28 11:15:20 - [TEST_STEP][PASSED] - setText: Text '224799266394' is set on object 'Object Repository/Final Object Repo/Creating Employer Account/Page_Registration - ASSIST (Base)/Identification Number'

2018-11-28 11:15:20 - [MESSAGE][PASSED] - Text '224799266394' is set on object 'Object Repository/Final Object Repo/Creating Employer Account/Page_Registration - ASSIST (Base)/Identification Number'

2018-11-28 11:15:20 - [TEST_STEP][PASSED] - delay: Delayed 2 second(s)

2018-11-28 11:15:22 - [MESSAGE][PASSED] - Delayed 2 second(s)

2018-11-28 11:15:22 - [TEST_STEP][PASSED] - setText: Text '123456789012' is set on object 'Object Repository/Final Object Repo/Creating Employer Account/Page_Registration - ASSIST (Base)/Contact Number'

2018-11-28 11:15:23 - [MESSAGE][PASSED] - Text '123456789012' is set on object 'Object Repository/Final Object Repo/Creating Employer Account/Page_Registration - ASSIST (Base)/Contact Number'

2018-11-28 11:15:23 - [TEST_STEP][PASSED] - Statement - Email = "perkeso" + IC + "@gmail.com": null

2018-11-28 11:15:23 - [TEST_STEP][PASSED] - delay: Delayed 2 second(s)

2018-11-28 11:15:25 - [MESSAGE][PASSED] - Delayed 2 second(s)

2018-11-28 11:15:25 - [TEST_STEP][PASSED] - callTestCase: Call Test Case 'Test Cases/Final Aug 2018 - PKS Automation/Create Employer Acc/Template/Employer Email Settler' successfully

2018-11-28 11:15:25 - [TEST_CASE][PASSED] - Test Cases/Final Aug 2018 - PKS Automation/Create Employer Acc/Template/Employer Email Settler: Test Cases/Final Aug 2018 - PKS Automation/Create Employer Acc/Template/Employer Email Settler

2018-11-28 11:15:25 - [TEST_STEP][PASSED] - Statement - EmpEmailOld = new java.io.File(C://Users//Admin//Desktop//PKS//Automation Reference Point//EmpEmail.txt): null

2018-11-28 11:15:25 - [TEST_STEP][PASSED] - Statement - EmpEmailOld.delete(): null

2018-11-28 11:15:25 - [TEST_STEP][PASSED] - Statement - EmpEmail = new java.io.File(C://Users//Admin//Desktop//PKS//Automation Reference Point//EmpEmail.txt): null

2018-11-28 11:15:25 - [TEST_STEP][PASSED] - Statement - EmpEmail.append(Email): null

2018-11-28 11:15:25 - [TEST_STEP][PASSED] - Statement - out.println(Email): null

2018-11-28 11:15:25 - [MESSAGE][PASSED] - Call Test Case 'Test Cases/Final Aug 2018 - PKS Automation/Create Employer Acc/Template/Employer Email Settler' successfully

2018-11-28 11:15:25 - [TEST_STEP][PASSED] - delay: Delayed 2 second(s)

2018-11-28 11:15:27 - [MESSAGE][PASSED] - Delayed 2 second(s)

2018-11-28 11:15:27 - [TEST_STEP][PASSED] - setText: Text 'perkeso224799266394@gmail.com' is set on object 'Object Repository/Final Object Repo/Creating Employer Account/Page_Registration - ASSIST (Base)/Email'

2018-11-28 11:15:27 - [MESSAGE][PASSED] - Text 'perkeso224799266394@gmail.com' is set on object 'Object Repository/Final Object Repo/Creating Employer Account/Page_Registration - ASSIST (Base)/Email'

2018-11-28 11:15:27 - [TEST_STEP][PASSED] - setText: Text '123' is set on object 'Object Repository/Final Object Repo/Creating Employer Account/Page_Registration - ASSIST (Base)/Security Phase'

2018-11-28 11:15:28 - [MESSAGE][PASSED] - Text '123' is set on object 'Object Repository/Final Object Repo/Creating Employer Account/Page_Registration - ASSIST (Base)/Security Phase'

2018-11-28 11:15:28 - [TEST_STEP][PASSED] - click: Object: 'Object Repository/Final Object Repo/Creating Employer Account/Page_Registration - ASSIST (Base)/Save  Continue' is clicked on

2018-11-28 11:15:28 - [MESSAGE][PASSED] - Object: 'Object Repository/Final Object Repo/Creating Employer Account/Page_Registration - ASSIST (Base)/Save  Continue' is clicked on

2018-11-28 11:15:28 - [TEST_STEP][PASSED] - delay: Delayed 2 second(s)

2018-11-28 11:15:30 - [MESSAGE][PASSED] - Delayed 2 second(s)

2018-11-28 11:15:30 - [TEST_STEP][PASSED] - click: Object: 'Object Repository/Final Object Repo/Creating Employer Account/Page_Registration - ASSIST (Base)/Add Document' is clicked on

2018-11-28 11:15:30 - [MESSAGE][PASSED] - Object: 'Object Repository/Final Object Repo/Creating Employer Account/Page_Registration - ASSIST (Base)/Add Document' is clicked on

2018-11-28 11:15:30 - [TEST_STEP][PASSED] - delay: Delayed 2 second(s)

2018-11-28 11:15:32 - [MESSAGE][PASSED] - Delayed 2 second(s)

2018-11-28 11:15:32 - [TEST_STEP][PASSED] - click: Object: 'Object Repository/Final Object Repo/Creating Employer Account/Page_Registration - ASSIST (Base)/Document Type' is clicked on

2018-11-28 11:15:32 - [MESSAGE][PASSED] - Object: 'Object Repository/Final Object Repo/Creating Employer Account/Page_Registration - ASSIST (Base)/Document Type' is clicked on

2018-11-28 11:15:32 - [TEST_STEP][PASSED] - delay: Delayed 2 second(s)

2018-11-28 11:15:34 - [MESSAGE][PASSED] - Delayed 2 second(s)

2018-11-28 11:15:34 - [TEST_STEP][PASSED] - click: Object: 'Object Repository/Final Object Repo/Creating Employer Account/Page_Registration - ASSIST (Base)/Document Type - Letter of Authorization' is clicked on

2018-11-28 11:15:34 - [MESSAGE][PASSED] - Object: 'Object Repository/Final Object Repo/Creating Employer Account/Page_Registration - ASSIST (Base)/Document Type - Letter of Authorization' is clicked on

2018-11-28 11:15:34 - [TEST_STEP][PASSED] - delay: Delayed 2 second(s)

2018-11-28 11:15:36 - [MESSAGE][PASSED] - Delayed 2 second(s)

2018-11-28 11:15:36 - [TEST_STEP][PASSED] - sendKeys: Keys 'C:\Users\Public\Pictures\Sample Pictures\Koala.jpg' sent to object: 'Object Repository/Final Object Repo/Creating Employer Account/Page_Registration - ASSIST (Base)/Uploading File'

2018-11-28 11:15:37 - [MESSAGE][PASSED] - Keys 'C:\Users\Public\Pictures\Sample Pictures\Koala.jpg' sent to object: 'Object Repository/Final Object Repo/Creating Employer Account/Page_Registration - ASSIST (Base)/Uploading File'

2018-11-28 11:15:37 - [TEST_STEP][PASSED] - delay: Delayed 2 second(s)

2018-11-28 11:15:39 - [MESSAGE][PASSED] - Delayed 2 second(s)

2018-11-28 11:15:39 - [TEST_STEP][PASSED] - click: Object: 'Object Repository/Final Object Repo/Creating Employer Account/Page_Registration - ASSIST (Base)/Add Document in Uploading File' is clicked on

2018-11-28 11:15:39 - [MESSAGE][PASSED] - Object: 'Object Repository/Final Object Repo/Creating Employer Account/Page_Registration - ASSIST (Base)/Add Document in Uploading File' is clicked on

2018-11-28 11:15:39 - [TEST_STEP][PASSED] - delay: Delayed 2 second(s)

2018-11-28 11:15:41 - [MESSAGE][PASSED] - Delayed 2 second(s)

2018-11-28 11:15:41 - [TEST_STEP][PASSED] - click: Object: 'Object Repository/Final Object Repo/Creating Employer Account/Page_Registration - ASSIST (Base)/Save' is clicked on

2018-11-28 11:15:41 - [MESSAGE][PASSED] - Object: 'Object Repository/Final Object Repo/Creating Employer Account/Page_Registration - ASSIST (Base)/Save' is clicked on

2018-11-28 11:15:41 - [TEST_STEP][PASSED] - delay: Delayed 2 second(s)

2018-11-28 11:15:43 - [MESSAGE][PASSED] - Delayed 2 second(s)

2018-11-28 11:15:43 - [TEST_STEP][PASSED] - click: Object: 'Object Repository/Final Object Repo/Creating Employer Account/Page_Registration - ASSIST (Base)/Submit' is clicked on

2018-11-28 11:15:43 - [MESSAGE][PASSED] - Object: 'Object Repository/Final Object Repo/Creating Employer Account/Page_Registration - ASSIST (Base)/Submit' is clicked on

2018-11-28 11:15:43 - [TEST_STEP][PASSED] - delay: Delayed 2 second(s)

2018-11-28 11:15:45 - [MESSAGE][PASSED] - Delayed 2 second(s)

2018-11-28 11:15:45 - [TEST_STEP][PASSED] - click: Object: 'Object Repository/Final Object Repo/Creating Employer Account/Page_Registration - ASSIST (Base)/Confirm' is clicked on

2018-11-28 11:15:45 - [MESSAGE][PASSED] - Object: 'Object Repository/Final Object Repo/Creating Employer Account/Page_Registration - ASSIST (Base)/Confirm' is clicked on

2018-11-28 11:15:45 - [MESSAGE][PASSED] - Call Test Case 'Test Cases/Final Aug 2018 - PKS Automation/Create Employer Acc/Template/Register Employer' successfully

2018-11-28 11:15:45 - [TEST_STEP][PASSED] - delay: Delayed 1 second(s)

2018-11-28 11:15:46 - [MESSAGE][PASSED] - Delayed 1 second(s)

2018-11-28 11:15:46 - [TEST_STEP][PASSED] - navigateToUrl: Navigate to 'https://assist2-uat.perkeso.gov.my/c/portal/logout' successfully

2018-11-28 11:15:48 - [MESSAGE][PASSED] - Navigate to 'https://assist2-uat.perkeso.gov.my/c/portal/logout' successfully

2018-11-28 11:15:48 - [TEST_STEP][PASSED] - delay: Delayed 1 second(s)

2018-11-28 11:15:49 - [MESSAGE][PASSED] - Delayed 1 second(s)

2018-11-28 11:15:49 - [TEST_STEP][PASSED] - callTestCase: Call Test Case 'Test Cases/Final Aug 2018 - PKS Automation/Create Employer Acc/Template/Change Password of Employer' successfully

2018-11-28 11:15:49 - [TEST_CASE][PASSED] - Test Cases/Final Aug 2018 - PKS Automation/Create Employer Acc/Template/Change Password of Employer: Test Cases/Final Aug 2018 - PKS Automation/Create Employer Acc/Template/Change Password of Employer

2018-11-28 11:15:49 - [TEST_STEP][PASSED] - openBrowser: Browser is opened with url: ''

2018-11-28 11:15:49 - [MESSAGE][WARNING] - A browser is already opened. Closing browser and opening a new one

2018-11-28 11:15:52 - [MESSAGE][PASSED] - Browser is opened with url: ''

2018-11-28 11:15:52 - [TEST_STEP][PASSED] - navigateToUrl: Navigate to 'https://assist2-uat.perkeso.gov.my/login' successfully

2018-11-28 11:15:53 - [MESSAGE][PASSED] - Navigate to 'https://assist2-uat.perkeso.gov.my/login' successfully

2018-11-28 11:15:53 - [TEST_STEP][PASSED] - delay: Delayed 5 second(s)

2018-11-28 11:15:58 - [MESSAGE][PASSED] - Delayed 5 second(s)

2018-11-28 11:15:58 - [TEST_STEP][PASSED] - setText: Text 'test@liferay.com' is set on object 'Object Repository/Final Object Repo/Login Page/Internal User/Email Address'

2018-11-28 11:15:59 - [MESSAGE][PASSED] - Text 'test@liferay.com' is set on object 'Object Repository/Final Object Repo/Login Page/Internal User/Email Address'

2018-11-28 11:15:59 - [TEST_STEP][PASSED] - click: Object: 'Object Repository/Final Object Repo/Login Page/Internal User/Next Button' is clicked on

2018-11-28 11:15:59 - [MESSAGE][PASSED] - Object: 'Object Repository/Final Object Repo/Login Page/Internal User/Next Button' is clicked on

2018-11-28 11:15:59 - [TEST_STEP][PASSED] - delay: Delayed 2 second(s)

2018-11-28 11:16:01 - [MESSAGE][PASSED] - Delayed 2 second(s)

2018-11-28 11:16:01 - [TEST_STEP][PASSED] - setText: Text 'test' is set on object 'Object Repository/Final Object Repo/Login Page/Internal User/Password'

2018-11-28 11:16:01 - [MESSAGE][PASSED] - Text 'test' is set on object 'Object Repository/Final Object Repo/Login Page/Internal User/Password'

2018-11-28 11:16:01 - [TEST_STEP][PASSED] - delay: Delayed 2 second(s)

2018-11-28 11:16:03 - [MESSAGE][PASSED] - Delayed 2 second(s)

2018-11-28 11:16:03 - [TEST_STEP][PASSED] - click: Object: 'Object Repository/Final Object Repo/Login Page/Internal User/Login Button' is clicked on

2018-11-28 11:16:04 - [MESSAGE][PASSED] - Object: 'Object Repository/Final Object Repo/Login Page/Internal User/Login Button' is clicked on

2018-11-28 11:16:04 - [TEST_STEP][PASSED] - delay: Delayed 3 second(s)

2018-11-28 11:16:07 - [MESSAGE][PASSED] - Delayed 3 second(s)

2018-11-28 11:16:07 - [TEST_STEP][PASSED] - navigateToUrl: Navigate to 'https://assist2-uat.perkeso.gov.my/group/control_panel/manage?p_p_id=125&p_p_lifecycle=0&p_p_state=maximized&p_p_mode=view&refererPlid=20455&_125_usersListView=flat-users&_125_toolbarItem=view-all-users&_125_saveUsersListView=true&_125_struts_action=%2Fusers_admin%2Fview' successfully

2018-11-28 11:16:08 - [MESSAGE][PASSED] - Navigate to 'https://assist2-uat.perkeso.gov.my/group/control_panel/manage?p_p_id=125&p_p_lifecycle=0&p_p_state=maximized&p_p_mode=view&refererPlid=20455&_125_usersListView=flat-users&_125_toolbarItem=view-all-users&_125_saveUsersListView=true&_125_struts_action=%2Fusers_admin%2Fview' successfully

2018-11-28 11:16:08 - [TEST_STEP][PASSED] - delay: Delayed 3 second(s)

2018-11-28 11:16:11 - [MESSAGE][PASSED] - Delayed 3 second(s)

2018-11-28 11:16:11 - [TEST_STEP][PASSED] - setText: Text 'perkeso224799266394@gmail.com' is set on object 'Object Repository/Final Object Repo/Creating Employer Account/Page_Users and Organizations - ASSIST/Employer name'

2018-11-28 11:16:12 - [MESSAGE][PASSED] - Text 'perkeso224799266394@gmail.com' is set on object 'Object Repository/Final Object Repo/Creating Employer Account/Page_Users and Organizations - ASSIST/Employer name'

2018-11-28 11:16:12 - [TEST_STEP][PASSED] - delay: Delayed 3 second(s)

2018-11-28 11:16:15 - [MESSAGE][PASSED] - Delayed 3 second(s)

2018-11-28 11:16:15 - [TEST_STEP][PASSED] - click: Object: 'Object Repository/Final Object Repo/Creating Employer Account/Page_Users and Organizations - ASSIST/Search' is clicked on

2018-11-28 11:16:15 - [MESSAGE][PASSED] - Object: 'Object Repository/Final Object Repo/Creating Employer Account/Page_Users and Organizations - ASSIST/Search' is clicked on

2018-11-28 11:16:15 - [TEST_STEP][PASSED] - delay: Delayed 3 second(s)

2018-11-28 11:16:18 - [MESSAGE][PASSED] - Delayed 3 second(s)

2018-11-28 11:16:18 - [TEST_STEP][PASSED] - click: Object: 'Object Repository/Final Object Repo/Creating Employer Account/Page_Users and Organizations - ASSIST/Action' is clicked on

2018-11-28 11:16:18 - [MESSAGE][PASSED] - Object: 'Object Repository/Final Object Repo/Creating Employer Account/Page_Users and Organizations - ASSIST/Action' is clicked on

2018-11-28 11:16:18 - [TEST_STEP][PASSED] - delay: Delayed 3 second(s)

2018-11-28 11:16:21 - [MESSAGE][PASSED] - Delayed 3 second(s)

2018-11-28 11:16:21 - [TEST_STEP][PASSED] - click: Object: 'Object Repository/Final Object Repo/Creating Employer Account/Page_Users and Organizations - ASSIST/Edit' is clicked on

2018-11-28 11:16:23 - [MESSAGE][PASSED] - Object: 'Object Repository/Final Object Repo/Creating Employer Account/Page_Users and Organizations - ASSIST/Edit' is clicked on

2018-11-28 11:16:23 - [TEST_STEP][PASSED] - delay: Delayed 3 second(s)

2018-11-28 11:16:26 - [MESSAGE][PASSED] - Delayed 3 second(s)

2018-11-28 11:16:26 - [TEST_STEP][PASSED] - click: Object: 'Object Repository/Final Object Repo/Creating Employer Account/Page_PERKESO - Users and Organizati/a_Password (Modified)' is clicked on

2018-11-28 11:16:26 - [MESSAGE][PASSED] - Object: 'Object Repository/Final Object Repo/Creating Employer Account/Page_PERKESO - Users and Organizati/a_Password (Modified)' is clicked on

2018-11-28 11:16:26 - [TEST_STEP][PASSED] - delay: Delayed 3 second(s)

2018-11-28 11:16:29 - [MESSAGE][PASSED] - Delayed 3 second(s)

2018-11-28 11:16:29 - [TEST_STEP][PASSED] - setEncryptedText: Text ****** has been set on object 'Object Repository/Final Object Repo/Creating Employer Account/Page_PERKESO - Users and Organizati/input__125_password1'

2018-11-28 11:16:29 - [MESSAGE][PASSED] - Text ****** has been set on object 'Object Repository/Final Object Repo/Creating Employer Account/Page_PERKESO - Users and Organizati/input__125_password1'

2018-11-28 11:16:29 - [TEST_STEP][PASSED] - delay: Delayed 3 second(s)

2018-11-28 11:16:32 - [MESSAGE][PASSED] - Delayed 3 second(s)

2018-11-28 11:16:32 - [TEST_STEP][PASSED] - setEncryptedText: Text ****** has been set on object 'Object Repository/Final Object Repo/Creating Employer Account/Page_PERKESO - Users and Organizati/input__125_password2'

2018-11-28 11:16:32 - [MESSAGE][PASSED] - Text ****** has been set on object 'Object Repository/Final Object Repo/Creating Employer Account/Page_PERKESO - Users and Organizati/input__125_password2'

2018-11-28 11:16:32 - [TEST_STEP][PASSED] - delay: Delayed 3 second(s)

2018-11-28 11:16:35 - [MESSAGE][PASSED] - Delayed 3 second(s)

2018-11-28 11:16:35 - [TEST_STEP][PASSED] - click: Object: 'Object Repository/Final Object Repo/Creating Employer Account/Page_PERKESO - Users and Organizati/Save' is clicked on

2018-11-28 11:16:37 - [MESSAGE][PASSED] - Object: 'Object Repository/Final Object Repo/Creating Employer Account/Page_PERKESO - Users and Organizati/Save' is clicked on

2018-11-28 11:16:37 - [MESSAGE][PASSED] - Call Test Case 'Test Cases/Final Aug 2018 - PKS Automation/Create Employer Acc/Template/Change Password of Employer' successfully

2018-11-28 11:16:37 - [TEST_STEP][PASSED] - delay: Delayed 1 second(s)

2018-11-28 11:16:38 - [MESSAGE][PASSED] - Delayed 1 second(s)

2018-11-28 11:16:38 - [TEST_STEP][PASSED] - navigateToUrl: Navigate to 'https://assist2-uat.perkeso.gov.my/c/portal/logout' successfully

2018-11-28 11:16:39 - [MESSAGE][PASSED] - Navigate to 'https://assist2-uat.perkeso.gov.my/c/portal/logout' successfully

2018-11-28 11:16:39 - [TEST_STEP][PASSED] - delay: Delayed 1 second(s)

2018-11-28 11:16:40 - [MESSAGE][PASSED] - Delayed 1 second(s)

2018-11-28 11:16:40 - [TEST_STEP][PASSED] - callTestCase: Call Test Case 'Test Cases/Final Aug 2018 - PKS Automation/Create Employer Acc/Template/Login to Employer Account (First Time)' successfully

2018-11-28 11:16:40 - [TEST_CASE][PASSED] - Test Cases/Final Aug 2018 - PKS Automation/Create Employer Acc/Template/Login to Employer Account (First Time): Test Cases/Final Aug 2018 - PKS Automation/Create Employer Acc/Template/Login to Employer Account (First Time)

2018-11-28 11:16:40 - [TEST_STEP][PASSED] - openBrowser: Browser is opened with url: ''

2018-11-28 11:16:40 - [MESSAGE][WARNING] - A browser is already opened. Closing browser and opening a new one

2018-11-28 11:16:43 - [MESSAGE][PASSED] - Browser is opened with url: ''

2018-11-28 11:16:43 - [TEST_STEP][PASSED] - navigateToUrl: Navigate to 'https://assist2-uat.perkeso.gov.my/employer/login' successfully

2018-11-28 11:16:44 - [MESSAGE][PASSED] - Navigate to 'https://assist2-uat.perkeso.gov.my/employer/login' successfully

2018-11-28 11:16:44 - [TEST_STEP][PASSED] - delay: Delayed 3 second(s)

2018-11-28 11:16:47 - [MESSAGE][PASSED] - Delayed 3 second(s)

2018-11-28 11:16:47 - [TEST_STEP][PASSED] - callTestCase: Call Test Case 'Test Cases/Final Aug 2018 - PKS Automation/Create Employer Acc/Template/Employer Email Getter' successfully

2018-11-28 11:16:48 - [TEST_CASE][PASSED] - Test Cases/Final Aug 2018 - PKS Automation/Create Employer Acc/Template/Employer Email Getter: Test Cases/Final Aug 2018 - PKS Automation/Create Employer Acc/Template/Employer Email Getter

2018-11-28 11:16:48 - [TEST_STEP][PASSED] - Statement - Try: null

2018-11-28 11:16:48 - [TEST_STEP][PASSED] - Statement - EmpEmail = new java.io.File(C://Users//Admin//Desktop//PKS//Automation Reference Point//EmpEmail.txt): null

2018-11-28 11:16:48 - [TEST_STEP][PASSED] - Statement - bufferread = new java.io.BufferedReader(new java.io.FileReader(EmpEmail)): null

2018-11-28 11:16:48 - [TEST_STEP][PASSED] - Statement - readedVal = bufferread.readLine(): null

2018-11-28 11:16:48 - [TEST_STEP][PASSED] - Statement - out.println(readedVal): null

2018-11-28 11:16:48 - [TEST_STEP][PASSED] - Statement - Email = readedVal: null

2018-11-28 11:16:48 - [MESSAGE][PASSED] - Call Test Case 'Test Cases/Final Aug 2018 - PKS Automation/Create Employer Acc/Template/Employer Email Getter' successfully

2018-11-28 11:16:48 - [TEST_STEP][PASSED] - setText: Text 'perkeso224799266394@gmail.com' is set on object 'Object Repository/Final Object Repo/Login Page/External Login Page/Email'

2018-11-28 11:16:48 - [MESSAGE][PASSED] - Text 'perkeso224799266394@gmail.com' is set on object 'Object Repository/Final Object Repo/Login Page/External Login Page/Email'

2018-11-28 11:16:48 - [TEST_STEP][PASSED] - click: Object: 'Object Repository/Final Object Repo/Login Page/External Login Page/Next' is clicked on

2018-11-28 11:16:48 - [MESSAGE][PASSED] - Object: 'Object Repository/Final Object Repo/Login Page/External Login Page/Next' is clicked on

2018-11-28 11:16:48 - [TEST_STEP][PASSED] - delay: Delayed 3 second(s)

2018-11-28 11:16:51 - [MESSAGE][PASSED] - Delayed 3 second(s)

2018-11-28 11:16:51 - [TEST_STEP][PASSED] - setEncryptedText: Text ****** has been set on object 'Object Repository/Final Object Repo/Login Page/External Login Page/Password'

2018-11-28 11:16:52 - [MESSAGE][PASSED] - Text ****** has been set on object 'Object Repository/Final Object Repo/Login Page/External Login Page/Password'

2018-11-28 11:16:52 - [TEST_STEP][PASSED] - click: Object: 'Object Repository/Final Object Repo/Login Page/External Login Page/Login' is clicked on

2018-11-28 11:16:52 - [MESSAGE][PASSED] - Object: 'Object Repository/Final Object Repo/Login Page/External Login Page/Login' is clicked on

2018-11-28 11:16:52 - [TEST_STEP][PASSED] - delay: Delayed 3 second(s)

2018-11-28 11:16:55 - [MESSAGE][PASSED] - Delayed 3 second(s)

2018-11-28 11:16:55 - [TEST_STEP][PASSED] - click: Object: 'Object Repository/Final Object Repo/Creating Employer Account/Page_Terms of Use - ASSIST/button_I Agree' is clicked on

2018-11-28 11:16:56 - [MESSAGE][PASSED] - Object: 'Object Repository/Final Object Repo/Creating Employer Account/Page_Terms of Use - ASSIST/button_I Agree' is clicked on

2018-11-28 11:16:56 - [TEST_STEP][PASSED] - delay: Delayed 2 second(s)

2018-11-28 11:16:58 - [MESSAGE][PASSED] - Delayed 2 second(s)

2018-11-28 11:16:58 - [TEST_STEP][PASSED] - setEncryptedText: Text ****** has been set on object 'Object Repository/Final Object Repo/Creating Employer Account/Page_New Password - ASSIST/input_password1'

2018-11-28 11:16:59 - [MESSAGE][PASSED] - Text ****** has been set on object 'Object Repository/Final Object Repo/Creating Employer Account/Page_New Password - ASSIST/input_password1'

2018-11-28 11:16:59 - [TEST_STEP][PASSED] - setEncryptedText: Text ****** has been set on object 'Object Repository/Final Object Repo/Creating Employer Account/Page_New Password - ASSIST/input_password2'

2018-11-28 11:16:59 - [MESSAGE][PASSED] - Text ****** has been set on object 'Object Repository/Final Object Repo/Creating Employer Account/Page_New Password - ASSIST/input_password2'

2018-11-28 11:16:59 - [TEST_STEP][PASSED] - delay: Delayed 2 second(s)

2018-11-28 11:17:01 - [MESSAGE][PASSED] - Delayed 2 second(s)

2018-11-28 11:17:01 - [TEST_STEP][PASSED] - click: Object: 'Object Repository/Final Object Repo/Creating Employer Account/Page_New Password - ASSIST/Save' is clicked on

2018-11-28 11:17:01 - [MESSAGE][PASSED] - Object: 'Object Repository/Final Object Repo/Creating Employer Account/Page_New Password - ASSIST/Save' is clicked on

2018-11-28 11:17:01 - [TEST_STEP][PASSED] - delay: Delayed 2 second(s)

2018-11-28 11:17:03 - [MESSAGE][PASSED] - Delayed 2 second(s)

2018-11-28 11:17:03 - [TEST_STEP][PASSED] - setText: Text 'test' is set on object 'Object Repository/Final Object Repo/Creating Employer Account/Page_Password Reminder - ASSIST/Reminder Query Answer'

2018-11-28 11:17:03 - [MESSAGE][PASSED] - Text 'test' is set on object 'Object Repository/Final Object Repo/Creating Employer Account/Page_Password Reminder - ASSIST/Reminder Query Answer'

2018-11-28 11:17:03 - [TEST_STEP][PASSED] - delay: Delayed 2 second(s)

2018-11-28 11:17:05 - [MESSAGE][PASSED] - Delayed 2 second(s)

2018-11-28 11:17:05 - [TEST_STEP][PASSED] - doubleClick: Object: 'Object Repository/Final Object Repo/Creating Employer Account/Page_Password Reminder - ASSIST/Save' is double clicked on

2018-11-28 11:17:06 - [MESSAGE][PASSED] - Object: 'Object Repository/Final Object Repo/Creating Employer Account/Page_Password Reminder - ASSIST/Save' is double clicked on

2018-11-28 11:17:06 - [MESSAGE][PASSED] - Call Test Case 'Test Cases/Final Aug 2018 - PKS Automation/Create Employer Acc/Template/Login to Employer Account (First Time)' successfully

2018-11-28 11:17:06 - [MESSAGE][PASSED] - Call Test Case 'Test Cases/Final Aug 2018 - PKS Automation/Create Employer Acc/Create Employer Account' successfully

2018-11-28 11:17:06 - [TEST_STEP][PASSED] - callTestCase: Call Test Case 'Test Cases/Final Aug 2018 - PKS Automation/Registration Module/Log Out/log out avoiding katalon tagging' successfully

2018-11-28 11:17:06 - [TEST_CASE][PASSED] - Test Cases/Final Aug 2018 - PKS Automation/Registration Module/Log Out/log out avoiding katalon tagging: Test Cases/Final Aug 2018 - PKS Automation/Registration Module/Log Out/log out avoiding katalon tagging

2018-11-28 11:17:06 - [TEST_STEP][PASSED] - navigateToUrl: Navigate to 'https://assist2-uat.perkeso.gov.my/c/portal/logout' successfully

2018-11-28 11:17:09 - [MESSAGE][PASSED] - Navigate to 'https://assist2-uat.perkeso.gov.my/c/portal/logout' successfully

2018-11-28 11:17:09 - [MESSAGE][PASSED] - Call Test Case 'Test Cases/Final Aug 2018 - PKS Automation/Registration Module/Log Out/log out avoiding katalon tagging' successfully

2018-11-28 11:17:09 - [TEST_STEP][PASSED] - callTestCase: Call Test Case 'Test Cases/Final Aug 2018 - PKS Automation/Create Employer Acc/Login to Employer Account (Second time)' successfully

2018-11-28 11:17:09 - [TEST_CASE][PASSED] - Test Cases/Final Aug 2018 - PKS Automation/Create Employer Acc/Login to Employer Account (Second time): Test Cases/Final Aug 2018 - PKS Automation/Create Employer Acc/Login to Employer Account (Second time)

2018-11-28 11:17:09 - [TEST_STEP][PASSED] - openBrowser: Browser is opened with url: ''

2018-11-28 11:17:09 - [MESSAGE][WARNING] - A browser is already opened. Closing browser and opening a new one

2018-11-28 11:17:12 - [MESSAGE][PASSED] - Browser is opened with url: ''

2018-11-28 11:17:12 - [TEST_STEP][PASSED] - navigateToUrl: Navigate to 'https://assist2-uat.perkeso.gov.my/employer/login' successfully

2018-11-28 11:17:13 - [MESSAGE][PASSED] - Navigate to 'https://assist2-uat.perkeso.gov.my/employer/login' successfully

2018-11-28 11:17:13 - [TEST_STEP][PASSED] - delay: Delayed 3 second(s)

2018-11-28 11:17:16 - [MESSAGE][PASSED] - Delayed 3 second(s)

2018-11-28 11:17:16 - [TEST_STEP][PASSED] - callTestCase: Call Test Case 'Test Cases/Final Aug 2018 - PKS Automation/Create Employer Acc/Template/Employer Email Getter' successfully

2018-11-28 11:17:16 - [TEST_CASE][PASSED] - Test Cases/Final Aug 2018 - PKS Automation/Create Employer Acc/Template/Employer Email Getter: Test Cases/Final Aug 2018 - PKS Automation/Create Employer Acc/Template/Employer Email Getter

2018-11-28 11:17:16 - [TEST_STEP][PASSED] - Statement - Try: null

2018-11-28 11:17:16 - [TEST_STEP][PASSED] - Statement - EmpEmail = new java.io.File(C://Users//Admin//Desktop//PKS//Automation Reference Point//EmpEmail.txt): null

2018-11-28 11:17:16 - [TEST_STEP][PASSED] - Statement - bufferread = new java.io.BufferedReader(new java.io.FileReader(EmpEmail)): null

2018-11-28 11:17:16 - [TEST_STEP][PASSED] - Statement - readedVal = bufferread.readLine(): null

2018-11-28 11:17:16 - [TEST_STEP][PASSED] - Statement - out.println(readedVal): null

2018-11-28 11:17:16 - [TEST_STEP][PASSED] - Statement - Email = readedVal: null

2018-11-28 11:17:16 - [MESSAGE][PASSED] - Call Test Case 'Test Cases/Final Aug 2018 - PKS Automation/Create Employer Acc/Template/Employer Email Getter' successfully

2018-11-28 11:17:16 - [TEST_STEP][PASSED] - setText: Text 'perkeso224799266394@gmail.com' is set on object 'Object Repository/Final Object Repo/Login Page/External Login Page/Email'

2018-11-28 11:17:17 - [MESSAGE][PASSED] - Text 'perkeso224799266394@gmail.com' is set on object 'Object Repository/Final Object Repo/Login Page/External Login Page/Email'

2018-11-28 11:17:17 - [TEST_STEP][PASSED] - click: Object: 'Object Repository/Final Object Repo/Login Page/External Login Page/Next' is clicked on

2018-11-28 11:17:17 - [MESSAGE][PASSED] - Object: 'Object Repository/Final Object Repo/Login Page/External Login Page/Next' is clicked on

2018-11-28 11:17:17 - [TEST_STEP][PASSED] - delay: Delayed 3 second(s)

2018-11-28 11:17:20 - [MESSAGE][PASSED] - Delayed 3 second(s)

2018-11-28 11:17:20 - [TEST_STEP][PASSED] - setEncryptedText: Text ****** has been set on object 'Object Repository/Final Object Repo/Login Page/External Login Page/Password'

2018-11-28 11:17:20 - [MESSAGE][PASSED] - Text ****** has been set on object 'Object Repository/Final Object Repo/Login Page/External Login Page/Password'

2018-11-28 11:17:20 - [TEST_STEP][PASSED] - click: Object: 'Object Repository/Final Object Repo/Login Page/External Login Page/Login' is clicked on

2018-11-28 11:17:20 - [MESSAGE][PASSED] - Object: 'Object Repository/Final Object Repo/Login Page/External Login Page/Login' is clicked on

2018-11-28 11:17:20 - [TEST_STEP][PASSED] - delay: Delayed 5 second(s)

2018-11-28 11:17:25 - [MESSAGE][PASSED] - Delayed 5 second(s)

2018-11-28 11:17:25 - [MESSAGE][PASSED] - Call Test Case 'Test Cases/Final Aug 2018 - PKS Automation/Create Employer Acc/Login to Employer Account (Second time)' successfully

2018-11-28 11:17:25 - [TEST_STEP][PASSED] - delay: Delayed 4 second(s)

2018-11-28 11:17:29 - [MESSAGE][PASSED] - Delayed 4 second(s)

2018-11-28 11:17:29 - [TEST_STEP][PASSED] - Statement - Try: Delayed 2 second(s)

2018-11-28 11:17:29 - [TEST_STEP][PASSED] - Statement - Checker = false: null

2018-11-28 11:17:29 - [TEST_STEP][PASSED] - Statement - Checker = com.kms.katalon.core.webui.keyword.WebUiBuiltInKeywords.verifyElementHasAttribute(com.kms.katalon.core.testobject.ObjectRepository.findTestObject(Final Object Repo/Landing Page/BM Detecting), "href", 20, OPTIONAL): Object 'Object Repository/Final Object Repo/Landing Page/BM Detecting' has attribute 'href'

2018-11-28 11:17:29 - [MESSAGE][PASSED] - Object 'Object Repository/Final Object Repo/Landing Page/BM Detecting' has attribute 'href'

2018-11-28 11:17:29 - [TEST_STEP][PASSED] - Statement - out.println(Checker): null

2018-11-28 11:17:29 - [TEST_STEP][PASSED] - Statement - If (Checker == false): null

2018-11-28 11:17:29 - [TEST_STEP][PASSED] - Statement - Else: null

2018-11-28 11:17:29 - [TEST_STEP][PASSED] - delay: Delayed 2 second(s)

2018-11-28 11:17:31 - [MESSAGE][PASSED] - Delayed 2 second(s)

2018-11-28 11:17:31 - [TEST_STEP][PASSED] - delay: Delayed 4 second(s)

2018-11-28 11:17:35 - [MESSAGE][PASSED] - Delayed 4 second(s)

2018-11-28 11:17:35 - [TEST_STEP][PASSED] - click: Object: 'Object Repository/Final Object Repo/Landing Page/My Sites Drop Down' is clicked on

2018-11-28 11:17:36 - [MESSAGE][PASSED] - Object: 'Object Repository/Final Object Repo/Landing Page/My Sites Drop Down' is clicked on

2018-11-28 11:17:36 - [TEST_STEP][PASSED] - click: Object: 'Object Repository/Final Object Repo/Landing Page/Select to Registration Module' is clicked on

2018-11-28 11:17:38 - [MESSAGE][PASSED] - Object: 'Object Repository/Final Object Repo/Landing Page/Select to Registration Module' is clicked on

2018-11-28 11:17:38 - [TEST_STEP][PASSED] - click: Object: 'Object Repository/Final Object Repo/Landing Page/Registration Button' is clicked on

2018-11-28 11:17:40 - [MESSAGE][PASSED] - Object: 'Object Repository/Final Object Repo/Landing Page/Registration Button' is clicked on

2018-11-28 11:17:40 - [TEST_STEP][PASSED] - delay: Delayed 2 second(s)

2018-11-28 11:17:42 - [MESSAGE][PASSED] - Delayed 2 second(s)

2018-11-28 11:17:42 - [TEST_STEP][PASSED] - click: Object: 'Object Repository/Final Object Repo/New Registration - Registration Module Pages/New Reg - OTC to RO/Special Case - OTC - Form 1/AEC NO' is clicked on

2018-11-28 11:17:42 - [MESSAGE][PASSED] - Object: 'Object Repository/Final Object Repo/New Registration - Registration Module Pages/New Reg - OTC to RO/Special Case - OTC - Form 1/AEC NO' is clicked on

2018-11-28 11:17:42 - [TEST_STEP][PASSED] - click: Object: 'Object Repository/Final Object Repo/New Registration - Registration Module Pages/New Reg - OTC to RO/Special Case - OTC - Form 1/Business Entity - Please Select' is clicked on

2018-11-28 11:17:42 - [MESSAGE][PASSED] - Object: 'Object Repository/Final Object Repo/New Registration - Registration Module Pages/New Reg - OTC to RO/Special Case - OTC - Form 1/Business Entity - Please Select' is clicked on

2018-11-28 11:17:42 - [TEST_STEP][PASSED] - click: Object: 'Object Repository/Final Object Repo/New Registration - Registration Module Pages/New Reg - OTC to RO/Special Case - OTC - Form 1/Selected - Corporation' is clicked on

2018-11-28 11:17:42 - [MESSAGE][PASSED] - Object: 'Object Repository/Final Object Repo/New Registration - Registration Module Pages/New Reg - OTC to RO/Special Case - OTC - Form 1/Selected - Corporation' is clicked on

2018-11-28 11:17:42 - [TEST_STEP][PASSED] - delay: Delayed 2 second(s)

2018-11-28 11:17:44 - [MESSAGE][PASSED] - Delayed 2 second(s)

2018-11-28 11:17:44 - [TEST_STEP][PASSED] - click: Object: 'Object Repository/Final Object Repo/New Registration - Registration Module Pages/New Reg - OTC to RO/Special Case - OTC - Form 1/Sub Business Entity - Please Select' is clicked on

2018-11-28 11:17:44 - [MESSAGE][PASSED] - Object: 'Object Repository/Final Object Repo/New Registration - Registration Module Pages/New Reg - OTC to RO/Special Case - OTC - Form 1/Sub Business Entity - Please Select' is clicked on

2018-11-28 11:17:44 - [TEST_STEP][PASSED] - delay: Delayed 2 second(s)

2018-11-28 11:17:46 - [MESSAGE][PASSED] - Delayed 2 second(s)

2018-11-28 11:17:46 - [TEST_STEP][PASSED] - click: Object: 'Object Repository/Final Object Repo/New Registration - Registration Module Pages/New Reg - OTC to RO/Special Case - OTC - Form 1/Selected - Sendirian Berhad' is clicked on

2018-11-28 11:17:47 - [MESSAGE][PASSED] - Object: 'Object Repository/Final Object Repo/New Registration - Registration Module Pages/New Reg - OTC to RO/Special Case - OTC - Form 1/Selected - Sendirian Berhad' is clicked on

2018-11-28 11:17:47 - [TEST_STEP][PASSED] - setText: Text 'AUTOMATE001' is set on object 'Object Repository/Final Object Repo/New Registration - Registration Module Pages/New Reg - OTC to RO/Special Case - OTC - Form 1/Input BRN Number'

2018-11-28 11:17:47 - [MESSAGE][PASSED] - Text 'AUTOMATE001' is set on object 'Object Repository/Final Object Repo/New Registration - Registration Module Pages/New Reg - OTC to RO/Special Case - OTC - Form 1/Input BRN Number'

2018-11-28 11:17:47 - [TEST_STEP][PASSED] - delay: Delayed 2 second(s)

2018-11-28 11:17:49 - [MESSAGE][PASSED] - Delayed 2 second(s)

2018-11-28 11:17:49 - [TEST_STEP][PASSED] - click: Object: 'Object Repository/Final Object Repo/New Registration - Registration Module Pages/New Reg - OTC to RO/Special Case - OTC - Form 1/BRN Search' is clicked on

2018-11-28 11:17:49 - [MESSAGE][PASSED] - Object: 'Object Repository/Final Object Repo/New Registration - Registration Module Pages/New Reg - OTC to RO/Special Case - OTC - Form 1/BRN Search' is clicked on

2018-11-28 11:17:49 - [TEST_STEP][PASSED] - delay: Delayed 4 second(s)

2018-11-28 11:17:53 - [MESSAGE][PASSED] - Delayed 4 second(s)

2018-11-28 11:17:53 - [TEST_STEP][PASSED] - click: Object: 'Object Repository/Final Object Repo/New Registration - Registration Module Pages/New Reg - OTC to RO/Special Case - OTC - Form 1/Registered with SSM - After Feb 2017' is clicked on

2018-11-28 11:17:54 - [MESSAGE][PASSED] - Object: 'Object Repository/Final Object Repo/New Registration - Registration Module Pages/New Reg - OTC to RO/Special Case - OTC - Form 1/Registered with SSM - After Feb 2017' is clicked on

2018-11-28 11:17:54 - [TEST_STEP][PASSED] - delay: Delayed 2 second(s)

2018-11-28 11:17:56 - [MESSAGE][PASSED] - Delayed 2 second(s)

2018-11-28 11:17:56 - [TEST_STEP][PASSED] - click: Object: 'Object Repository/Final Object Repo/New Registration - Registration Module Pages/Form 1/Registered As a Branch - Yes' is clicked on

2018-11-28 11:17:56 - [MESSAGE][PASSED] - Object: 'Object Repository/Final Object Repo/New Registration - Registration Module Pages/Form 1/Registered As a Branch - Yes' is clicked on

2018-11-28 11:17:56 - [TEST_STEP][PASSED] - click: Object: 'Object Repository/Final Object Repo/New Registration - Registration Module Pages/New Reg - OTC to RO/Special Case - OTC - Form 1/Acknowledgement Ticked' is clicked on

2018-11-28 11:17:56 - [MESSAGE][PASSED] - Object: 'Object Repository/Final Object Repo/New Registration - Registration Module Pages/New Reg - OTC to RO/Special Case - OTC - Form 1/Acknowledgement Ticked' is clicked on

2018-11-28 11:17:56 - [TEST_STEP][PASSED] - setText: Text 'perkeso224799266394@gmail.com' is set on object 'Object Repository/Final Object Repo/New Registration - Registration Module Pages/Form 1/Email'

2018-11-28 11:17:57 - [MESSAGE][PASSED] - Text 'perkeso224799266394@gmail.com' is set on object 'Object Repository/Final Object Repo/New Registration - Registration Module Pages/Form 1/Email'

2018-11-28 11:17:57 - [TEST_STEP][PASSED] - click: Object: 'Object Repository/Final Object Repo/New Registration - Registration Module Pages/New Reg - OTC to RO/Special Case - OTC - Form 1/Submit Button' is clicked on

2018-11-28 11:17:57 - [MESSAGE][PASSED] - Object: 'Object Repository/Final Object Repo/New Registration - Registration Module Pages/New Reg - OTC to RO/Special Case - OTC - Form 1/Submit Button' is clicked on

2018-11-28 11:17:57 - [TEST_STEP][PASSED] - callTestCase: Call Test Case 'Test Cases/Final Aug 2018 - PKS Automation/Registration Module/New Registration/Form 2/Add 1 Eligible - Employer Account Use' successfully

2018-11-28 11:17:57 - [TEST_CASE][PASSED] - Test Cases/Final Aug 2018 - PKS Automation/Registration Module/New Registration/Form 2/Add 1 Eligible - Employer Account Use: Test Cases/Final Aug 2018 - PKS Automation/Registration Module/New Registration/Form 2/Add 1 Eligible - Employer Account Use

2018-11-28 11:17:57 - [TEST_STEP][PASSED] - delay: Delayed 2 second(s)

2018-11-28 11:17:59 - [MESSAGE][PASSED] - Delayed 2 second(s)

2018-11-28 11:17:59 - [TEST_STEP][PASSED] - callTestCase: Call Test Case 'Test Cases/Final Aug 2018 - PKS Automation/Registration Module/New Registration/Form 2/Date Updater' successfully

2018-11-28 11:17:59 - [TEST_CASE][PASSED] - Test Cases/Final Aug 2018 - PKS Automation/Registration Module/New Registration/Form 2/Date Updater: Test Cases/Final Aug 2018 - PKS Automation/Registration Module/New Registration/Form 2/Date Updater

2018-11-28 11:17:59 - [TEST_STEP][PASSED] - Statement - TodayDate = new java.util.Date(): null

2018-11-28 11:17:59 - [TEST_STEP][PASSED] - Statement - CurrentDateNoFilter = new java.text.SimpleDateFormat(): null

2018-11-28 11:17:59 - [TEST_STEP][PASSED] - Statement - CurrentDateNoFilter.applyPattern("dd"): null

2018-11-28 11:17:59 - [TEST_STEP][PASSED] - Statement - CurrentDate = CurrentDateNoFilter.format(TodayDate): null

2018-11-28 11:17:59 - [TEST_STEP][PASSED] - Statement - CurrentDate = java.lang.Integer.parseInt(CurrentDate): null

2018-11-28 11:17:59 - [TEST_STEP][PASSED] - Statement - CurrentDate = CurrentDate: null

2018-11-28 11:17:59 - [TEST_STEP][PASSED] - Statement - CurrentDay = java.lang.Integer.parseInt(CurrentDate): null

2018-11-28 11:17:59 - [TEST_STEP][PASSED] - Statement - aDayBefore = CurrentDay + 1: null

2018-11-28 11:17:59 - [TEST_STEP][PASSED] - Statement - DayBefore = aDayBefore.toString(): null

2018-11-28 11:17:59 - [TEST_STEP][PASSED] - Statement - OneDayBefore = DayBefore: null

2018-11-28 11:17:59 - [TEST_STEP][PASSED] - Statement - CurrentDateNoFilter.applyPattern("MM"): null

2018-11-28 11:17:59 - [TEST_STEP][PASSED] - Statement - monthContainerMatcher = java.lang.Integer.parseInt(CurrentDateNoFilter.format(TodayDate)): null

2018-11-28 11:17:59 - [TEST_STEP][PASSED] - Statement - monthContainerMatcher = monthContainerMatcher - 1: null

2018-11-28 11:17:59 - [TEST_STEP][PASSED] - Statement - CurrentMonth = monthContainerMatcher.toString(): null

2018-11-28 11:17:59 - [TEST_STEP][PASSED] - Statement - CurrentMonth = CurrentMonth: null

2018-11-28 11:17:59 - [TEST_STEP][PASSED] - Statement - CurrentDateNoFilter.applyPattern("yyyy"): null

2018-11-28 11:17:59 - [TEST_STEP][PASSED] - Statement - CurrentYear = CurrentDateNoFilter.format(TodayDate): null

2018-11-28 11:17:59 - [TEST_STEP][PASSED] - Statement - CurrentYear = CurrentYear: null

2018-11-28 11:17:59 - [TEST_STEP][PASSED] - Statement - intCurrentYear = java.lang.Integer.parseInt(CurrentDateNoFilter.format(TodayDate)): null

2018-11-28 11:17:59 - [TEST_STEP][PASSED] - Statement - eighteenYrsAgo = intCurrentYear - 18: null

2018-11-28 11:17:59 - [TEST_STEP][PASSED] - Statement - eighteenYrsBeforeThisYr = eighteenYrsAgo.toString(): null

2018-11-28 11:17:59 - [TEST_STEP][PASSED] - Statement - EighteenYrsBefore = eighteenYrsBeforeThisYr: null

2018-11-28 11:17:59 - [TEST_STEP][PASSED] - Statement - fiftysevenYrsAgo = intCurrentYear - 57: null

2018-11-28 11:17:59 - [TEST_STEP][PASSED] - Statement - fiftysevenYrsBeforeThisYr = fiftysevenYrsAgo.toString(): null

2018-11-28 11:17:59 - [TEST_STEP][PASSED] - Statement - FiftysevenYrsBefore = fiftysevenYrsBeforeThisYr: null

2018-11-28 11:17:59 - [MESSAGE][PASSED] - Call Test Case 'Test Cases/Final Aug 2018 - PKS Automation/Registration Module/New Registration/Form 2/Date Updater' successfully

2018-11-28 11:17:59 - [TEST_STEP][PASSED] - delay: Delayed 1 second(s)

2018-11-28 11:18:00 - [MESSAGE][PASSED] - Delayed 1 second(s)

2018-11-28 11:18:00 - [TEST_STEP][PASSED] - Statement - CaseReferenceNo = com.kms.katalon.core.webui.keyword.WebUiBuiltInKeywords.getText(com.kms.katalon.core.testobject.ObjectRepository.findTestObject(Final Object Repo/New Registration - Registration Module Pages/Form 2/RefNo Acquiring)): Text of object 'Object Repository/Final Object Repo/New Registration - Registration Module Pages/Form 2/RefNo Acquiring' is: 'CRN11201800122893'

2018-11-28 11:18:00 - [MESSAGE][PASSED] - Text of object 'Object Repository/Final Object Repo/New Registration - Registration Module Pages/Form 2/RefNo Acquiring' is: 'CRN11201800122893'

2018-11-28 11:18:00 - [TEST_STEP][PASSED] - delay: Delayed 1 second(s)

2018-11-28 11:18:01 - [MESSAGE][PASSED] - Delayed 1 second(s)

2018-11-28 11:18:01 - [TEST_STEP][PASSED] - click: Object: 'Object Repository/Final Object Repo/New Registration - Registration Module Pages/Form 2/Add Employee Button' is clicked on

2018-11-28 11:18:02 - [MESSAGE][PASSED] - Object: 'Object Repository/Final Object Repo/New Registration - Registration Module Pages/Form 2/Add Employee Button' is clicked on

2018-11-28 11:18:02 - [TEST_STEP][PASSED] - delay: Delayed 1 second(s)

2018-11-28 11:18:03 - [MESSAGE][PASSED] - Delayed 1 second(s)

2018-11-28 11:18:03 - [TEST_STEP][PASSED] - setText: Text '010903091948' is set on object 'Object Repository/Final Object Repo/New Registration - Registration Module Pages/Form 2/NRIC Input'

2018-11-28 11:18:03 - [MESSAGE][PASSED] - Text '010903091948' is set on object 'Object Repository/Final Object Repo/New Registration - Registration Module Pages/Form 2/NRIC Input'

2018-11-28 11:18:03 - [TEST_STEP][PASSED] - delay: Delayed 2 second(s)

2018-11-28 11:18:05 - [MESSAGE][PASSED] - Delayed 2 second(s)

2018-11-28 11:18:05 - [TEST_STEP][PASSED] - setText: Text 'Automate001 eligible 1' is set on object 'Object Repository/Final Object Repo/New Registration - Registration Module Pages/Form 2/Employee Name Input'

2018-11-28 11:18:06 - [MESSAGE][PASSED] - Text 'Automate001 eligible 1' is set on object 'Object Repository/Final Object Repo/New Registration - Registration Module Pages/Form 2/Employee Name Input'

2018-11-28 11:18:06 - [TEST_STEP][PASSED] - delay: Delayed 2 second(s)

2018-11-28 11:18:08 - [MESSAGE][PASSED] - Delayed 2 second(s)

2018-11-28 11:18:08 - [TEST_STEP][PASSED] - click: Object: 'Object Repository/Final Object Repo/New Registration - Registration Module Pages/Form 2/DatePicker Pop Up' is clicked on

2018-11-28 11:18:08 - [MESSAGE][PASSED] - Object: 'Object Repository/Final Object Repo/New Registration - Registration Module Pages/Form 2/DatePicker Pop Up' is clicked on

2018-11-28 11:18:08 - [TEST_STEP][PASSED] - click: Object: 'Object Repository/Final Object Repo/New Registration - Registration Module Pages/Form 2/DOB Month' is clicked on

2018-11-28 11:18:08 - [MESSAGE][PASSED] - Object: 'Object Repository/Final Object Repo/New Registration - Registration Module Pages/Form 2/DOB Month' is clicked on

2018-11-28 11:18:08 - [TEST_STEP][PASSED] - Statement - CurrentMonth = CurrentMonth: null

2018-11-28 11:18:08 - [TEST_STEP][PASSED] - Statement - selectMonth = new com.kms.katalon.core.testobject.TestObject(): null

2018-11-28 11:18:08 - [TEST_STEP][PASSED] - Statement - selectMonth.addProperty("xpath", EQUALS, "//body/div/div/div/select/option[@value='" + CurrentMonth + "']", true): null

2018-11-28 11:18:08 - [TEST_STEP][PASSED] - click: Object: '' is clicked on

2018-11-28 11:18:08 - [MESSAGE][PASSED] - Object: '' is clicked on

2018-11-28 11:18:08 - [TEST_STEP][PASSED] - click: Object: 'Object Repository/Final Object Repo/New Registration - Registration Module Pages/Form 2/DOB Year' is clicked on

2018-11-28 11:18:08 - [MESSAGE][PASSED] - Object: 'Object Repository/Final Object Repo/New Registration - Registration Module Pages/Form 2/DOB Year' is clicked on

2018-11-28 11:18:08 - [TEST_STEP][PASSED] - Statement - Eyearsbf = EighteenYrsBefore: null

2018-11-28 11:18:08 - [TEST_STEP][PASSED] - Statement - selectYear = new com.kms.katalon.core.testobject.TestObject(): null

2018-11-28 11:18:08 - [TEST_STEP][PASSED] - Statement - selectYear.addProperty("xpath", EQUALS, "//div/div/div/select/option[@value='" + Eyearsbf + "']", true): null

2018-11-28 11:18:08 - [TEST_STEP][PASSED] - click: Object: '' is clicked on

2018-11-28 11:18:09 - [MESSAGE][PASSED] - Object: '' is clicked on

2018-11-28 11:18:09 - [TEST_STEP][PASSED] - Statement - UpdatedSelectDate = com.kms.katalon.core.webui.keyword.WebUiBuiltInKeywords.modifyObjectProperty(com.kms.katalon.core.testobject.ObjectRepository.findTestObject(Final Object Repo/New Registration - Registration Module Pages/Form 2/DOB Date), "xpath", "equals", "//body/div/table/tbody/tr/td/a[text()="" + CurrentDate + ""]", true): Modify property of object successfully

2018-11-28 11:18:09 - [MESSAGE][PASSED] - Modify property of object successfully

2018-11-28 11:18:09 - [TEST_STEP][PASSED] - delay: Delayed 3 second(s)

2018-11-28 11:18:12 - [MESSAGE][PASSED] - Delayed 3 second(s)

2018-11-28 11:18:12 - [TEST_STEP][PASSED] - click: Object: 'Object Repository/Final Object Repo/New Registration - Registration Module Pages/Form 2/DOB Date' is clicked on

2018-11-28 11:18:12 - [MESSAGE][PASSED] - Object: 'Object Repository/Final Object Repo/New Registration - Registration Module Pages/Form 2/DOB Date' is clicked on

2018-11-28 11:18:12 - [TEST_STEP][PASSED] - delay: Delayed 2 second(s)

2018-11-28 11:18:14 - [MESSAGE][PASSED] - Delayed 2 second(s)

2018-11-28 11:18:14 - [TEST_STEP][PASSED] - click: Object: 'Object Repository/Final Object Repo/New Registration - Registration Module Pages/Form 2/EmploymentStartDate Pop Up' is clicked on

2018-11-28 11:18:14 - [MESSAGE][PASSED] - Object: 'Object Repository/Final Object Repo/New Registration - Registration Module Pages/Form 2/EmploymentStartDate Pop Up' is clicked on

2018-11-28 11:18:14 - [TEST_STEP][PASSED] - delay: Delayed 2 second(s)

2018-11-28 11:18:16 - [MESSAGE][PASSED] - Delayed 2 second(s)

2018-11-28 11:18:16 - [TEST_STEP][PASSED] - click: Object: 'Object Repository/Final Object Repo/New Registration - Registration Module Pages/Form 2/Socso Employment StartDate Month' is clicked on

2018-11-28 11:18:16 - [MESSAGE][PASSED] - Object: 'Object Repository/Final Object Repo/New Registration - Registration Module Pages/Form 2/Socso Employment StartDate Month' is clicked on

2018-11-28 11:18:16 - [TEST_STEP][PASSED] - delay: Delayed 1 second(s)

2018-11-28 11:18:17 - [MESSAGE][PASSED] - Delayed 1 second(s)

2018-11-28 11:18:17 - [TEST_STEP][PASSED] - click: Object: 'Object Repository/Final Object Repo/New Registration - Registration Module Pages/Form 2/Select Socso Employement Startdate Month' is clicked on

2018-11-28 11:18:17 - [MESSAGE][PASSED] - Object: 'Object Repository/Final Object Repo/New Registration - Registration Module Pages/Form 2/Select Socso Employement Startdate Month' is clicked on

2018-11-28 11:18:17 - [TEST_STEP][PASSED] - delay: Delayed 2 second(s)

2018-11-28 11:18:19 - [MESSAGE][PASSED] - Delayed 2 second(s)

2018-11-28 11:18:19 - [TEST_STEP][PASSED] - click: Object: 'Object Repository/Final Object Repo/New Registration - Registration Module Pages/Form 2/Socso Employment StartDate Year' is clicked on

2018-11-28 11:18:20 - [MESSAGE][PASSED] - Object: 'Object Repository/Final Object Repo/New Registration - Registration Module Pages/Form 2/Socso Employment StartDate Year' is clicked on

2018-11-28 11:18:20 - [TEST_STEP][PASSED] - delay: Delayed 1 second(s)

2018-11-28 11:18:21 - [MESSAGE][PASSED] - Delayed 1 second(s)

2018-11-28 11:18:21 - [TEST_STEP][PASSED] - click: Object: 'Object Repository/Final Object Repo/New Registration - Registration Module Pages/Form 2/Select Socso Employment Startdate Year' is clicked on

2018-11-28 11:18:21 - [MESSAGE][PASSED] - Object: 'Object Repository/Final Object Repo/New Registration - Registration Module Pages/Form 2/Select Socso Employment Startdate Year' is clicked on

2018-11-28 11:18:21 - [TEST_STEP][PASSED] - delay: Delayed 2 second(s)

2018-11-28 11:18:23 - [MESSAGE][PASSED] - Delayed 2 second(s)

2018-11-28 11:18:23 - [TEST_STEP][PASSED] - click: Object: 'Object Repository/Final Object Repo/New Registration - Registration Module Pages/Form 2/Socso Employment Start Date Day' is clicked on

2018-11-28 11:18:23 - [MESSAGE][PASSED] - Object: 'Object Repository/Final Object Repo/New Registration - Registration Module Pages/Form 2/Socso Employment Start Date Day' is clicked on

2018-11-28 11:18:23 - [TEST_STEP][PASSED] - delay: Delayed 2 second(s)

2018-11-28 11:18:25 - [MESSAGE][PASSED] - Delayed 2 second(s)

2018-11-28 11:18:25 - [TEST_STEP][PASSED] - click: Object: 'Object Repository/Final Object Repo/New Registration - Registration Module Pages/Form 2/Save Button for Add Employee' is clicked on

2018-11-28 11:18:49 - [MESSAGE][PASSED] - Object: 'Object Repository/Final Object Repo/New Registration - Registration Module Pages/Form 2/Save Button for Add Employee' is clicked on

2018-11-28 11:18:49 - [TEST_STEP][PASSED] - delay: Delayed 6 second(s)

2018-11-28 11:18:55 - [MESSAGE][PASSED] - Delayed 6 second(s)

2018-11-28 11:18:55 - [TEST_STEP][PASSED] - click: Object: 'Object Repository/Final Object Repo/New Registration - Registration Module Pages/Form 2/Save and Continue Form 2' is clicked on

2018-11-28 11:18:55 - [MESSAGE][PASSED] - Object: 'Object Repository/Final Object Repo/New Registration - Registration Module Pages/Form 2/Save and Continue Form 2' is clicked on

2018-11-28 11:18:55 - [MESSAGE][PASSED] - Call Test Case 'Test Cases/Final Aug 2018 - PKS Automation/Registration Module/New Registration/Form 2/Add 1 Eligible - Employer Account Use' successfully

2018-11-28 11:18:55 - [TEST_STEP][PASSED] - callTestCase: Call Test Case 'Test Cases/Final Aug 2018 - PKS Automation/Registration Module/New Registration/Flow of New Registration/Third Screen - Upload Supporting Doc - Preview' successfully

2018-11-28 11:18:55 - [TEST_CASE][PASSED] - Test Cases/Final Aug 2018 - PKS Automation/Registration Module/New Registration/Flow of New Registration/Third Screen - Upload Supporting Doc - Preview: Test Cases/Final Aug 2018 - PKS Automation/Registration Module/New Registration/Flow of New Registration/Third Screen - Upload Supporting Doc - Preview

2018-11-28 11:18:55 - [TEST_STEP][PASSED] - waitForPageLoad: Wait for page load successfully

2018-11-28 11:18:56 - [MESSAGE][PASSED] - Wait for page load successfully

2018-11-28 11:18:56 - [TEST_STEP][PASSED] - Statement - CaseReferenceNo = com.kms.katalon.core.webui.keyword.WebUiBuiltInKeywords.getText(com.kms.katalon.core.testobject.ObjectRepository.findTestObject(Final Object Repo/New Registration - Registration Module Pages/Third Screen - Upload Supporting Doc- Preview/RefNo Acquiring)): Text of object 'Object Repository/Final Object Repo/New Registration - Registration Module Pages/Third Screen - Upload Supporting Doc- Preview/RefNo Acquiring' is: 'CRN11201800122893'

2018-11-28 11:18:56 - [MESSAGE][PASSED] - Text of object 'Object Repository/Final Object Repo/New Registration - Registration Module Pages/Third Screen - Upload Supporting Doc- Preview/RefNo Acquiring' is: 'CRN11201800122893'

2018-11-28 11:18:56 - [TEST_STEP][PASSED] - delay: Delayed 2 second(s)

2018-11-28 11:18:58 - [MESSAGE][PASSED] - Delayed 2 second(s)

2018-11-28 11:18:58 - [TEST_STEP][PASSED] - callTestCase: Call Test Case 'Test Cases/Final Aug 2018 - PKS Automation/Common/Reference Number Setter' successfully

2018-11-28 11:18:58 - [TEST_CASE][PASSED] - Test Cases/Final Aug 2018 - PKS Automation/Common/Reference Number Setter: Test Cases/Final Aug 2018 - PKS Automation/Common/Reference Number Setter

2018-11-28 11:18:58 - [TEST_STEP][PASSED] - Statement - RefNoOldFile = new java.io.File(C://Users//Admin//Desktop//PKS//Automation Reference Point//KatalonReference.txt): null

2018-11-28 11:18:58 - [TEST_STEP][PASSED] - Statement - RefNoOldFile.delete(): null

2018-11-28 11:18:58 - [TEST_STEP][PASSED] - delay: Delayed 5 second(s)

2018-11-28 11:19:03 - [MESSAGE][PASSED] - Delayed 5 second(s)

2018-11-28 11:19:03 - [TEST_STEP][PASSED] - Statement - RefNo = new java.io.File(C://Users//Admin//Desktop//PKS//Automation Reference Point//KatalonReference.txt): null

2018-11-28 11:19:03 - [TEST_STEP][PASSED] - Statement - f2 = new java.io.FileWriter(RefNo, false): null

2018-11-28 11:19:03 - [TEST_STEP][PASSED] - Statement - f2.write(CaseReferenceNo): null

2018-11-28 11:19:03 - [TEST_STEP][PASSED] - Statement - f2.close(): null

2018-11-28 11:19:03 - [TEST_STEP][PASSED] - Statement - out.println("


" + CaseReferenceNo + "


"): null

2018-11-28 11:19:03 - [MESSAGE][PASSED] - Call Test Case 'Test Cases/Final Aug 2018 - PKS Automation/Common/Reference Number Setter' successfully

2018-11-28 11:19:03 - [TEST_STEP][PASSED] - waitForElementClickable: Object 'Object Repository/Final Object Repo/New Registration - Registration Module Pages/Third Screen - Upload Supporting Doc- Preview/Save n Continue in SIP Employee Listing Page' is clickable

2018-11-28 11:19:03 - [MESSAGE][PASSED] - Object 'Object Repository/Final Object Repo/New Registration - Registration Module Pages/Third Screen - Upload Supporting Doc- Preview/Save n Continue in SIP Employee Listing Page' is clickable

2018-11-28 11:19:03 - [TEST_STEP][PASSED] - click: Object: 'Object Repository/Final Object Repo/New Registration - Registration Module Pages/Third Screen - Upload Supporting Doc- Preview/Save n Continue in SIP Employee Listing Page' is clicked on

2018-11-28 11:19:09 - [MESSAGE][PASSED] - Object: 'Object Repository/Final Object Repo/New Registration - Registration Module Pages/Third Screen - Upload Supporting Doc- Preview/Save n Continue in SIP Employee Listing Page' is clicked on

2018-11-28 11:19:09 - [TEST_STEP][PASSED] - delay: Delayed 7 second(s)

2018-11-28 11:19:16 - [MESSAGE][PASSED] - Delayed 7 second(s)

2018-11-28 11:19:16 - [TEST_STEP][PASSED] - click: Object: 'Object Repository/Final Object Repo/New Registration - Registration Module Pages/Third Screen - Upload Supporting Doc- Preview/Add Document Button' is clicked on

2018-11-28 11:19:16 - [MESSAGE][PASSED] - Object: 'Object Repository/Final Object Repo/New Registration - Registration Module Pages/Third Screen - Upload Supporting Doc- Preview/Add Document Button' is clicked on

2018-11-28 11:19:16 - [TEST_STEP][PASSED] - delay: Delayed 30 second(s)

2018-11-28 11:19:46 - [MESSAGE][PASSED] - Delayed 30 second(s)

2018-11-28 11:19:46 - [TEST_STEP][PASSED] - click: Object: 'Object Repository/Final Object Repo/New Registration - Registration Module Pages/Third Screen - Upload Supporting Doc- Preview/Supporting Doc Please Select Drop Down' is clicked on

2018-11-28 11:19:46 - [MESSAGE][PASSED] - Object: 'Object Repository/Final Object Repo/New Registration - Registration Module Pages/Third Screen - Upload Supporting Doc- Preview/Supporting Doc Please Select Drop Down' is clicked on

2018-11-28 11:19:46 - [TEST_STEP][PASSED] - delay: Delayed 2 second(s)

2018-11-28 11:19:48 - [MESSAGE][PASSED] - Delayed 2 second(s)

2018-11-28 11:19:48 - [TEST_STEP][PASSED] - click: Object: 'Object Repository/Final Object Repo/New Registration - Registration Module Pages/Third Screen - Upload Supporting Doc- Preview/Select to Upload Form 1' is clicked on

2018-11-28 11:19:49 - [MESSAGE][PASSED] - Object: 'Object Repository/Final Object Repo/New Registration - Registration Module Pages/Third Screen - Upload Supporting Doc- Preview/Select to Upload Form 1' is clicked on

2018-11-28 11:19:49 - [TEST_STEP][PASSED] - delay: Delayed 2 second(s)

2018-11-28 11:19:51 - [MESSAGE][PASSED] - Delayed 2 second(s)

2018-11-28 11:19:51 - [TEST_STEP][PASSED] - uploadFile: File 'C:\Users\Public\Pictures\Sample Pictures\Koala.jpg' sent to object: 'Object Repository/Final Object Repo/New Registration - Registration Module Pages/Third Screen - Upload Supporting Doc- Preview/Upload File Adding'

2018-11-28 11:19:51 - [MESSAGE][PASSED] - File 'C:\Users\Public\Pictures\Sample Pictures\Koala.jpg' sent to object: 'Object Repository/Final Object Repo/New Registration - Registration Module Pages/Third Screen - Upload Supporting Doc- Preview/Upload File Adding'

2018-11-28 11:19:51 - [TEST_STEP][PASSED] - delay: Delayed 5 second(s)

2018-11-28 11:19:56 - [MESSAGE][PASSED] - Delayed 5 second(s)

2018-11-28 11:19:56 - [TEST_STEP][PASSED] - click: Object: 'Object Repository/Final Object Repo/New Registration - Registration Module Pages/Third Screen - Upload Supporting Doc- Preview/Inner Form Add Document Button' is clicked on

2018-11-28 11:19:56 - [MESSAGE][PASSED] - Object: 'Object Repository/Final Object Repo/New Registration - Registration Module Pages/Third Screen - Upload Supporting Doc- Preview/Inner Form Add Document Button' is clicked on

2018-11-28 11:19:56 - [TEST_STEP][PASSED] - delay: Delayed 3 second(s)

2018-11-28 11:19:59 - [MESSAGE][PASSED] - Delayed 3 second(s)

2018-11-28 11:19:59 - [TEST_STEP][PASSED] - click: Object: 'Object Repository/Final Object Repo/New Registration - Registration Module Pages/Third Screen - Upload Supporting Doc- Preview/Add Document Button' is clicked on

2018-11-28 11:20:00 - [MESSAGE][PASSED] - Object: 'Object Repository/Final Object Repo/New Registration - Registration Module Pages/Third Screen - Upload Supporting Doc- Preview/Add Document Button' is clicked on

2018-11-28 11:20:00 - [TEST_STEP][PASSED] - delay: Delayed 30 second(s)

2018-11-28 11:20:30 - [MESSAGE][PASSED] - Delayed 30 second(s)

2018-11-28 11:20:30 - [TEST_STEP][PASSED] - click: Object: 'Object Repository/Final Object Repo/New Registration - Registration Module Pages/Third Screen - Upload Supporting Doc- Preview/Supporting Doc Please Select Drop Down' is clicked on

2018-11-28 11:20:30 - [MESSAGE][PASSED] - Object: 'Object Repository/Final Object Repo/New Registration - Registration Module Pages/Third Screen - Upload Supporting Doc- Preview/Supporting Doc Please Select Drop Down' is clicked on

2018-11-28 11:20:30 - [TEST_STEP][PASSED] - delay: Delayed 2 second(s)

2018-11-28 11:20:32 - [MESSAGE][PASSED] - Delayed 2 second(s)

2018-11-28 11:20:32 - [TEST_STEP][PASSED] - click: Object: 'Object Repository/Final Object Repo/New Registration - Registration Module Pages/Third Screen - Upload Supporting Doc- Preview/Select to Upload Form 2' is clicked on

2018-11-28 11:20:33 - [MESSAGE][PASSED] - Object: 'Object Repository/Final Object Repo/New Registration - Registration Module Pages/Third Screen - Upload Supporting Doc- Preview/Select to Upload Form 2' is clicked on

2018-11-28 11:20:33 - [TEST_STEP][PASSED] - delay: Delayed 2 second(s)

2018-11-28 11:20:35 - [MESSAGE][PASSED] - Delayed 2 second(s)

2018-11-28 11:20:35 - [TEST_STEP][PASSED] - uploadFile: File 'C:\Users\Public\Pictures\Sample Pictures\Koala.jpg' sent to object: 'Object Repository/Final Object Repo/New Registration - Registration Module Pages/Third Screen - Upload Supporting Doc- Preview/Upload File Adding'

2018-11-28 11:20:35 - [MESSAGE][PASSED] - File 'C:\Users\Public\Pictures\Sample Pictures\Koala.jpg' sent to object: 'Object Repository/Final Object Repo/New Registration - Registration Module Pages/Third Screen - Upload Supporting Doc- Preview/Upload File Adding'

2018-11-28 11:20:35 - [TEST_STEP][PASSED] - click: Object: 'Object Repository/Final Object Repo/New Registration - Registration Module Pages/Third Screen - Upload Supporting Doc- Preview/Inner Form Add Document Button' is clicked on

2018-11-28 11:20:35 - [MESSAGE][PASSED] - Object: 'Object Repository/Final Object Repo/New Registration - Registration Module Pages/Third Screen - Upload Supporting Doc- Preview/Inner Form Add Document Button' is clicked on

2018-11-28 11:20:35 - [TEST_STEP][PASSED] - delay: Delayed 5 second(s)

2018-11-28 11:20:40 - [MESSAGE][PASSED] - Delayed 5 second(s)

2018-11-28 11:20:40 - [TEST_STEP][PASSED] - click: Object: 'Object Repository/Final Object Repo/New Registration - Registration Module Pages/Third Screen - Upload Supporting Doc- Preview/Add Document Button' is clicked on

2018-11-28 11:20:40 - [MESSAGE][PASSED] - Object: 'Object Repository/Final Object Repo/New Registration - Registration Module Pages/Third Screen - Upload Supporting Doc- Preview/Add Document Button' is clicked on

2018-11-28 11:20:40 - [TEST_STEP][PASSED] - delay: Delayed 30 second(s)

2018-11-28 11:21:10 - [MESSAGE][PASSED] - Delayed 30 second(s)

2018-11-28 11:21:10 - [TEST_STEP][PASSED] - click: Object: 'Object Repository/Final Object Repo/New Registration - Registration Module Pages/Third Screen - Upload Supporting Doc- Preview/Supporting Doc Please Select Drop Down' is clicked on

2018-11-28 11:21:10 - [MESSAGE][PASSED] - Object: 'Object Repository/Final Object Repo/New Registration - Registration Module Pages/Third Screen - Upload Supporting Doc- Preview/Supporting Doc Please Select Drop Down' is clicked on

2018-11-28 11:21:10 - [TEST_STEP][PASSED] - click: Object: 'Object Repository/Final Object Repo/New Registration - Registration Module Pages/Third Screen - Upload Supporting Doc- Preview/Select to Upload Borang SIP 1' is clicked on

2018-11-28 11:21:11 - [MESSAGE][PASSED] - Object: 'Object Repository/Final Object Repo/New Registration - Registration Module Pages/Third Screen - Upload Supporting Doc- Preview/Select to Upload Borang SIP 1' is clicked on

2018-11-28 11:21:11 - [TEST_STEP][PASSED] - delay: Delayed 2 second(s)

2018-11-28 11:21:13 - [MESSAGE][PASSED] - Delayed 2 second(s)

2018-11-28 11:21:13 - [TEST_STEP][PASSED] - uploadFile: File 'C:\Users\Public\Pictures\Sample Pictures\Koala.jpg' sent to object: 'Object Repository/Final Object Repo/New Registration - Registration Module Pages/Third Screen - Upload Supporting Doc- Preview/Upload File Adding'

2018-11-28 11:21:13 - [MESSAGE][PASSED] - File 'C:\Users\Public\Pictures\Sample Pictures\Koala.jpg' sent to object: 'Object Repository/Final Object Repo/New Registration - Registration Module Pages/Third Screen - Upload Supporting Doc- Preview/Upload File Adding'

2018-11-28 11:21:13 - [TEST_STEP][PASSED] - click: Object: 'Object Repository/Final Object Repo/New Registration - Registration Module Pages/Third Screen - Upload Supporting Doc- Preview/Inner Form Add Document Button' is clicked on

2018-11-28 11:21:13 - [MESSAGE][PASSED] - Object: 'Object Repository/Final Object Repo/New Registration - Registration Module Pages/Third Screen - Upload Supporting Doc- Preview/Inner Form Add Document Button' is clicked on

2018-11-28 11:21:13 - [TEST_STEP][PASSED] - delay: Delayed 5 second(s)

2018-11-28 11:21:18 - [MESSAGE][PASSED] - Delayed 5 second(s)

2018-11-28 11:21:18 - [TEST_STEP][PASSED] - click: Object: 'Object Repository/Final Object Repo/New Registration - Registration Module Pages/Third Screen - Upload Supporting Doc- Preview/Add Document Button' is clicked on

2018-11-28 11:21:18 - [MESSAGE][PASSED] - Object: 'Object Repository/Final Object Repo/New Registration - Registration Module Pages/Third Screen - Upload Supporting Doc- Preview/Add Document Button' is clicked on

2018-11-28 11:21:18 - [TEST_STEP][PASSED] - delay: Delayed 30 second(s)

2018-11-28 11:21:48 - [MESSAGE][PASSED] - Delayed 30 second(s)

2018-11-28 11:21:48 - [TEST_STEP][PASSED] - click: Object: 'Object Repository/Final Object Repo/New Registration - Registration Module Pages/Third Screen - Upload Supporting Doc- Preview/Supporting Doc Please Select Drop Down' is clicked on

2018-11-28 11:21:48 - [MESSAGE][PASSED] - Object: 'Object Repository/Final Object Repo/New Registration - Registration Module Pages/Third Screen - Upload Supporting Doc- Preview/Supporting Doc Please Select Drop Down' is clicked on

2018-11-28 11:21:48 - [TEST_STEP][PASSED] - delay: Delayed 3 second(s)

2018-11-28 11:21:51 - [MESSAGE][PASSED] - Delayed 3 second(s)

2018-11-28 11:21:51 - [TEST_STEP][PASSED] - click: Object: 'Object Repository/Final Object Repo/New Registration - Registration Module Pages/Third Screen - Upload Supporting Doc- Preview/Select to Upload Borang SIP 2' is clicked on

2018-11-28 11:21:52 - [MESSAGE][PASSED] - Object: 'Object Repository/Final Object Repo/New Registration - Registration Module Pages/Third Screen - Upload Supporting Doc- Preview/Select to Upload Borang SIP 2' is clicked on

2018-11-28 11:21:52 - [TEST_STEP][PASSED] - delay: Delayed 2 second(s)

2018-11-28 11:21:54 - [MESSAGE][PASSED] - Delayed 2 second(s)

2018-11-28 11:21:54 - [TEST_STEP][PASSED] - uploadFile: File 'C:\Users\Public\Pictures\Sample Pictures\Koala.jpg' sent to object: 'Object Repository/Final Object Repo/New Registration - Registration Module Pages/Third Screen - Upload Supporting Doc- Preview/Upload File Adding'

2018-11-28 11:21:54 - [MESSAGE][PASSED] - File 'C:\Users\Public\Pictures\Sample Pictures\Koala.jpg' sent to object: 'Object Repository/Final Object Repo/New Registration - Registration Module Pages/Third Screen - Upload Supporting Doc- Preview/Upload File Adding'

2018-11-28 11:21:54 - [TEST_STEP][PASSED] - delay: Delayed 5 second(s)

2018-11-28 11:21:59 - [MESSAGE][PASSED] - Delayed 5 second(s)

2018-11-28 11:21:59 - [TEST_STEP][PASSED] - click: Object: 'Object Repository/Final Object Repo/New Registration - Registration Module Pages/Third Screen - Upload Supporting Doc- Preview/Inner Form Add Document Button' is clicked on

2018-11-28 11:21:59 - [MESSAGE][PASSED] - Object: 'Object Repository/Final Object Repo/New Registration - Registration Module Pages/Third Screen - Upload Supporting Doc- Preview/Inner Form Add Document Button' is clicked on

2018-11-28 11:21:59 - [TEST_STEP][PASSED] - delay: Delayed 3 second(s)

2018-11-28 11:22:02 - [MESSAGE][PASSED] - Delayed 3 second(s)

2018-11-28 11:22:02 - [TEST_STEP][PASSED] - waitForElementClickable: Object 'Object Repository/Final Object Repo/New Registration - Registration Module Pages/Third Screen - Upload Supporting Doc- Preview/Save n Continue in Uploading Supporting Doc Page' is clickable

2018-11-28 11:22:03 - [MESSAGE][PASSED] - Object 'Object Repository/Final Object Repo/New Registration - Registration Module Pages/Third Screen - Upload Supporting Doc- Preview/Save n Continue in Uploading Supporting Doc Page' is clickable

2018-11-28 11:22:03 - [TEST_STEP][PASSED] - click: Object: 'Object Repository/Final Object Repo/New Registration - Registration Module Pages/Third Screen - Upload Supporting Doc- Preview/Save n Continue in Uploading Supporting Doc Page' is clicked on

2018-11-28 11:22:03 - [MESSAGE][PASSED] - Object: 'Object Repository/Final Object Repo/New Registration - Registration Module Pages/Third Screen - Upload Supporting Doc- Preview/Save n Continue in Uploading Supporting Doc Page' is clicked on

2018-11-28 11:22:03 - [MESSAGE][PASSED] - Call Test Case 'Test Cases/Final Aug 2018 - PKS Automation/Registration Module/New Registration/Flow of New Registration/Third Screen - Upload Supporting Doc - Preview' successfully

2018-11-28 11:22:03 - [TEST_STEP][PASSED] - setText: Text 'Tester' is set on object 'Object Repository/Final Object Repo/New Registration - Registration Module Pages/New Reg - OTC to RO/Special Case - All Related Objects/Employer Preview Name'

2018-11-28 11:22:08 - [MESSAGE][PASSED] - Text 'Tester' is set on object 'Object Repository/Final Object Repo/New Registration - Registration Module Pages/New Reg - OTC to RO/Special Case - All Related Objects/Employer Preview Name'

2018-11-28 11:22:08 - [TEST_STEP][PASSED] - click: Object: 'Object Repository/Final Object Repo/New Registration - Registration Module Pages/New Reg - OTC to RO/Special Case - All Related Objects/IC Type Drop Down' is clicked on

2018-11-28 11:22:08 - [MESSAGE][PASSED] - Object: 'Object Repository/Final Object Repo/New Registration - Registration Module Pages/New Reg - OTC to RO/Special Case - All Related Objects/IC Type Drop Down' is clicked on

2018-11-28 11:22:08 - [TEST_STEP][PASSED] - click: Object: 'Object Repository/Final Object Repo/New Registration - Registration Module Pages/New Reg - OTC to RO/Special Case - All Related Objects/Select to NRIC' is clicked on

2018-11-28 11:22:08 - [MESSAGE][PASSED] - Object: 'Object Repository/Final Object Repo/New Registration - Registration Module Pages/New Reg - OTC to RO/Special Case - All Related Objects/Select to NRIC' is clicked on

2018-11-28 11:22:08 - [TEST_STEP][PASSED] - setText: Text '133245561223' is set on object 'Object Repository/Final Object Repo/New Registration - Registration Module Pages/New Reg - OTC to RO/Special Case - All Related Objects/IC Value'

2018-11-28 11:22:08 - [MESSAGE][PASSED] - Text '133245561223' is set on object 'Object Repository/Final Object Repo/New Registration - Registration Module Pages/New Reg - OTC to RO/Special Case - All Related Objects/IC Value'

2018-11-28 11:22:08 - [TEST_STEP][PASSED] - setText: Text 'Auto' is set on object 'Object Repository/Final Object Repo/New Registration - Registration Module Pages/New Reg - OTC to RO/Special Case - All Related Objects/Designation'

2018-11-28 11:22:09 - [MESSAGE][PASSED] - Text 'Auto' is set on object 'Object Repository/Final Object Repo/New Registration - Registration Module Pages/New Reg - OTC to RO/Special Case - All Related Objects/Designation'

2018-11-28 11:22:09 - [TEST_STEP][PASSED] - callTestCase: Call Test Case 'Test Cases/Final Aug 2018 - PKS Automation/Registration Module/New Registration/Submit and Screenshot/Submit Registration and Screenshot - Copy' successfully

2018-11-28 11:22:09 - [TEST_CASE][PASSED] - Test Cases/Final Aug 2018 - PKS Automation/Registration Module/New Registration/Submit and Screenshot/Submit Registration and Screenshot - Copy: Test Cases/Final Aug 2018 - PKS Automation/Registration Module/New Registration/Submit and Screenshot/Submit Registration and Screenshot - Copy

2018-11-28 11:22:09 - [TEST_STEP][PASSED] - delay: Delayed 6 second(s)

2018-11-28 11:22:15 - [MESSAGE][PASSED] - Delayed 6 second(s)

2018-11-28 11:22:15 - [TEST_STEP][PASSED] - click: Object: 'Object Repository/Final Object Repo/New Registration - Registration Module Pages/Third Screen - Upload Supporting Doc- Preview/Preview Submit Button' is clicked on

2018-11-28 11:22:15 - [MESSAGE][PASSED] - Object: 'Object Repository/Final Object Repo/New Registration - Registration Module Pages/Third Screen - Upload Supporting Doc- Preview/Preview Submit Button' is clicked on

2018-11-28 11:22:15 - [TEST_STEP][PASSED] - delay: Delayed 2 second(s)

2018-11-28 11:22:17 - [MESSAGE][PASSED] - Delayed 2 second(s)

2018-11-28 11:22:17 - [TEST_STEP][PASSED] - click: Object: 'Object Repository/Final Object Repo/New Registration - Registration Module Pages/Third Screen - Upload Supporting Doc- Preview/Preview Submit - Confirm' is clicked on

2018-11-28 11:22:17 - [MESSAGE][PASSED] - Object: 'Object Repository/Final Object Repo/New Registration - Registration Module Pages/Third Screen - Upload Supporting Doc- Preview/Preview Submit - Confirm' is clicked on

2018-11-28 11:22:17 - [TEST_STEP][PASSED] - delay: Delayed 15 second(s)

2018-11-28 11:22:32 - [MESSAGE][PASSED] - Delayed 15 second(s)

2018-11-28 11:22:32 - [TEST_STEP][PASSED] - Statement - driver = com.kms.katalon.core.webui.driver.DriverFactory.getWebDriver(): null

2018-11-28 11:22:32 - [TEST_STEP][PASSED] - Statement - driver.manage().timeouts().implicitlyWait(10, SECONDS): null

2018-11-28 11:22:32 - [TEST_STEP][PASSED] - Statement - PresavePath = KatalonScreenshots: null

2018-11-28 11:22:32 - [TEST_STEP][PASSED] - Statement - pathPrefix = "C:\Users\Public\Pictures\Sample Pictures\Katalon Screenshots\Automate Ending Screen": null

2018-11-28 11:22:32 - [TEST_STEP][PASSED] - Statement - finalPath = <not implemented yet for class: org.codehaus.groovy.ast.expr.EmptyExpression>: null

2018-11-28 11:22:32 - [TEST_STEP][PASSED] - Statement - scrFile = driver.getScreenshotAs(FILE): null

2018-11-28 11:22:33 - [TEST_STEP][PASSED] - Statement - PreSaveFile = new java.io.File(PresavePath): null

2018-11-28 11:22:33 - [TEST_STEP][PASSED] - Statement - counter = 0: null

2018-11-28 11:22:33 - [TEST_STEP][PASSED] - Statement - If (PreSaveFile.exists()): null

2018-11-28 11:22:33 - [TEST_STEP][PASSED] - Statement - While (PreSaveFile.exists()): null

2018-11-28 11:22:33 - [TEST_STEP][PASSED] - Statement - counter = counter + 1: null

2018-11-28 11:22:33 - [TEST_STEP][PASSED] - Statement - PreSaveFile = new java.io.File(((pathPrefix + java.lang.Integer.toString(counter)) + .png)): null

2018-11-28 11:22:33 - [TEST_STEP][PASSED] - Statement - counter = counter + 1: null

2018-11-28 11:22:33 - [TEST_STEP][PASSED] - Statement - PreSaveFile = new java.io.File(((pathPrefix + java.lang.Integer.toString(counter)) + .png)): null

2018-11-28 11:22:33 - [TEST_STEP][PASSED] - Statement - counter = counter + 1: null

2018-11-28 11:22:33 - [TEST_STEP][PASSED] - Statement - PreSaveFile = new java.io.File(((pathPrefix + java.lang.Integer.toString(counter)) + .png)): null

2018-11-28 11:22:33 - [TEST_STEP][PASSED] - Statement - counter = counter + 1: null

2018-11-28 11:22:33 - [TEST_STEP][PASSED] - Statement - PreSaveFile = new java.io.File(((pathPrefix + java.lang.Integer.toString(counter)) + .png)): null

2018-11-28 11:22:33 - [TEST_STEP][PASSED] - Statement - counter = counter + 1: null

2018-11-28 11:22:33 - [TEST_STEP][PASSED] - Statement - PreSaveFile = new java.io.File(((pathPrefix + java.lang.Integer.toString(counter)) + .png)): null

2018-11-28 11:22:33 - [TEST_STEP][PASSED] - Statement - counter = counter + 1: null

2018-11-28 11:22:33 - [TEST_STEP][PASSED] - Statement - PreSaveFile = new java.io.File(((pathPrefix + java.lang.Integer.toString(counter)) + .png)): null

2018-11-28 11:22:33 - [TEST_STEP][PASSED] - Statement - counter = counter + 1: null

2018-11-28 11:22:33 - [TEST_STEP][PASSED] - Statement - PreSaveFile = new java.io.File(((pathPrefix + java.lang.Integer.toString(counter)) + .png)): null

2018-11-28 11:22:33 - [TEST_STEP][PASSED] - Statement - counter = counter + 1: null

2018-11-28 11:22:33 - [TEST_STEP][PASSED] - Statement - PreSaveFile = new java.io.File(((pathPrefix + java.lang.Integer.toString(counter)) + .png)): null

2018-11-28 11:22:33 - [TEST_STEP][PASSED] - Statement - counter = counter + 1: null

2018-11-28 11:22:33 - [TEST_STEP][PASSED] - Statement - PreSaveFile = new java.io.File(((pathPrefix + java.lang.Integer.toString(counter)) + .png)): null

2018-11-28 11:22:33 - [TEST_STEP][PASSED] - Statement - counter = counter + 1: null

2018-11-28 11:22:33 - [TEST_STEP][PASSED] - Statement - PreSaveFile = new java.io.File(((pathPrefix + java.lang.Integer.toString(counter)) + .png)): null

2018-11-28 11:22:33 - [TEST_STEP][PASSED] - Statement - counter = counter + 1: null

2018-11-28 11:22:33 - [TEST_STEP][PASSED] - Statement - PreSaveFile = new java.io.File(((pathPrefix + java.lang.Integer.toString(counter)) + .png)): null

2018-11-28 11:22:33 - [TEST_STEP][PASSED] - Statement - counter = counter + 1: null

2018-11-28 11:22:33 - [TEST_STEP][PASSED] - Statement - PreSaveFile = new java.io.File(((pathPrefix + java.lang.Integer.toString(counter)) + .png)): null

2018-11-28 11:22:33 - [TEST_STEP][PASSED] - Statement - counter = counter + 1: null

2018-11-28 11:22:33 - [TEST_STEP][PASSED] - Statement - PreSaveFile = new java.io.File(((pathPrefix + java.lang.Integer.toString(counter)) + .png)): null

2018-11-28 11:22:33 - [TEST_STEP][PASSED] - Statement - counter = counter + 1: null

2018-11-28 11:22:33 - [TEST_STEP][PASSED] - Statement - PreSaveFile = new java.io.File(((pathPrefix + java.lang.Integer.toString(counter)) + .png)): null

2018-11-28 11:22:33 - [TEST_STEP][PASSED] - Statement - counter = counter + 1: null

2018-11-28 11:22:33 - [TEST_STEP][PASSED] - Statement - PreSaveFile = new java.io.File(((pathPrefix + java.lang.Integer.toString(counter)) + .png)): null

2018-11-28 11:22:33 - [TEST_STEP][PASSED] - Statement - counter = counter + 1: null

2018-11-28 11:22:33 - [TEST_STEP][PASSED] - Statement - PreSaveFile = new java.io.File(((pathPrefix + java.lang.Integer.toString(counter)) + .png)): null

2018-11-28 11:22:33 - [TEST_STEP][PASSED] - Statement - counter = counter + 1: null

2018-11-28 11:22:33 - [TEST_STEP][PASSED] - Statement - PreSaveFile = new java.io.File(((pathPrefix + java.lang.Integer.toString(counter)) + .png)): null

2018-11-28 11:22:33 - [TEST_STEP][PASSED] - Statement - counter = counter + 1: null

2018-11-28 11:22:33 - [TEST_STEP][PASSED] - Statement - PreSaveFile = new java.io.File(((pathPrefix + java.lang.Integer.toString(counter)) + .png)): null

2018-11-28 11:22:33 - [TEST_STEP][PASSED] - Statement - counter = counter + 1: null

2018-11-28 11:22:33 - [TEST_STEP][PASSED] - Statement - PreSaveFile = new java.io.File(((pathPrefix + java.lang.Integer.toString(counter)) + .png)): null

2018-11-28 11:22:34 - [TEST_STEP][PASSED] - Statement - counter = counter + 1: null

2018-11-28 11:22:34 - [TEST_STEP][PASSED] - Statement - PreSaveFile = new java.io.File(((pathPrefix + java.lang.Integer.toString(counter)) + .png)): null

2018-11-28 11:22:34 - [TEST_STEP][PASSED] - Statement - counter = counter + 1: null

2018-11-28 11:22:34 - [TEST_STEP][PASSED] - Statement - PreSaveFile = new java.io.File(((pathPrefix + java.lang.Integer.toString(counter)) + .png)): null

2018-11-28 11:22:34 - [TEST_STEP][PASSED] - Statement - counter = counter + 1: null

2018-11-28 11:22:34 - [TEST_STEP][PASSED] - Statement - PreSaveFile = new java.io.File(((pathPrefix + java.lang.Integer.toString(counter)) + .png)): null

2018-11-28 11:22:34 - [TEST_STEP][PASSED] - Statement - counter = counter + 1: null

2018-11-28 11:22:34 - [TEST_STEP][PASSED] - Statement - PreSaveFile = new java.io.File(((pathPrefix + java.lang.Integer.toString(counter)) + .png)): null

2018-11-28 11:22:34 - [TEST_STEP][PASSED] - Statement - counter = counter + 1: null

2018-11-28 11:22:34 - [TEST_STEP][PASSED] - Statement - PreSaveFile = new java.io.File(((pathPrefix + java.lang.Integer.toString(counter)) + .png)): null

2018-11-28 11:22:34 - [TEST_STEP][PASSED] - Statement - counter = counter + 1: null

2018-11-28 11:22:34 - [TEST_STEP][PASSED] - Statement - PreSaveFile = new java.io.File(((pathPrefix + java.lang.Integer.toString(counter)) + .png)): null

2018-11-28 11:22:34 - [TEST_STEP][PASSED] - Statement - counter = counter + 1: null

2018-11-28 11:22:34 - [TEST_STEP][PASSED] - Statement - PreSaveFile = new java.io.File(((pathPrefix + java.lang.Integer.toString(counter)) + .png)): null

2018-11-28 11:22:34 - [TEST_STEP][PASSED] - Statement - counter = counter + 1: null

2018-11-28 11:22:34 - [TEST_STEP][PASSED] - Statement - PreSaveFile = new java.io.File(((pathPrefix + java.lang.Integer.toString(counter)) + .png)): null

2018-11-28 11:22:34 - [TEST_STEP][PASSED] - Statement - counter = counter + 1: null

2018-11-28 11:22:34 - [TEST_STEP][PASSED] - Statement - PreSaveFile = new java.io.File(((pathPrefix + java.lang.Integer.toString(counter)) + .png)): null

2018-11-28 11:22:34 - [TEST_STEP][PASSED] - Statement - counter = counter + 1: null

2018-11-28 11:22:34 - [TEST_STEP][PASSED] - Statement - PreSaveFile = new java.io.File(((pathPrefix + java.lang.Integer.toString(counter)) + .png)): null

2018-11-28 11:22:34 - [TEST_STEP][PASSED] - Statement - counter = counter + 1: null

2018-11-28 11:22:34 - [TEST_STEP][PASSED] - Statement - PreSaveFile = new java.io.File(((pathPrefix + java.lang.Integer.toString(counter)) + .png)): null

2018-11-28 11:22:34 - [TEST_STEP][PASSED] - Statement - counter = counter + 1: null

2018-11-28 11:22:34 - [TEST_STEP][PASSED] - Statement - PreSaveFile = new java.io.File(((pathPrefix + java.lang.Integer.toString(counter)) + .png)): null

2018-11-28 11:22:34 - [TEST_STEP][PASSED] - Statement - counter = counter + 1: null

2018-11-28 11:22:34 - [TEST_STEP][PASSED] - Statement - PreSaveFile = new java.io.File(((pathPrefix + java.lang.Integer.toString(counter)) + .png)): null

2018-11-28 11:22:34 - [TEST_STEP][PASSED] - Statement - counter = counter + 1: null

2018-11-28 11:22:34 - [TEST_STEP][PASSED] - Statement - PreSaveFile = new java.io.File(((pathPrefix + java.lang.Integer.toString(counter)) + .png)): null

2018-11-28 11:22:35 - [TEST_STEP][PASSED] - Statement - counter = counter + 1: null

2018-11-28 11:22:35 - [TEST_STEP][PASSED] - Statement - PreSaveFile = new java.io.File(((pathPrefix + java.lang.Integer.toString(counter)) + .png)): null

2018-11-28 11:22:35 - [TEST_STEP][PASSED] - Statement - counter = counter + 1: null

2018-11-28 11:22:35 - [TEST_STEP][PASSED] - Statement - PreSaveFile = new java.io.File(((pathPrefix + java.lang.Integer.toString(counter)) + .png)): null

2018-11-28 11:22:35 - [TEST_STEP][PASSED] - Statement - counter = counter + 1: null

2018-11-28 11:22:35 - [TEST_STEP][PASSED] - Statement - PreSaveFile = new java.io.File(((pathPrefix + java.lang.Integer.toString(counter)) + .png)): null

2018-11-28 11:22:35 - [TEST_STEP][PASSED] - Statement - counter = counter + 1: null

2018-11-28 11:22:35 - [TEST_STEP][PASSED] - Statement - PreSaveFile = new java.io.File(((pathPrefix + java.lang.Integer.toString(counter)) + .png)): null

2018-11-28 11:22:35 - [TEST_STEP][PASSED] - Statement - counter = counter + 1: null

2018-11-28 11:22:35 - [TEST_STEP][PASSED] - Statement - PreSaveFile = new java.io.File(((pathPrefix + java.lang.Integer.toString(counter)) + .png)): null

2018-11-28 11:22:35 - [TEST_STEP][PASSED] - Statement - counter = counter + 1: null

2018-11-28 11:22:35 - [TEST_STEP][PASSED] - Statement - PreSaveFile = new java.io.File(((pathPrefix + java.lang.Integer.toString(counter)) + .png)): null

2018-11-28 11:22:35 - [TEST_STEP][PASSED] - Statement - counter = counter + 1: null

2018-11-28 11:22:35 - [TEST_STEP][PASSED] - Statement - PreSaveFile = new java.io.File(((pathPrefix + java.lang.Integer.toString(counter)) + .png)): null

2018-11-28 11:22:35 - [TEST_STEP][PASSED] - Statement - counter = counter + 1: null

2018-11-28 11:22:35 - [TEST_STEP][PASSED] - Statement - PreSaveFile = new java.io.File(((pathPrefix + java.lang.Integer.toString(counter)) + .png)): null

2018-11-28 11:22:35 - [TEST_STEP][PASSED] - Statement - counter = counter + 1: null

2018-11-28 11:22:35 - [TEST_STEP][PASSED] - Statement - PreSaveFile = new java.io.File(((pathPrefix + java.lang.Integer.toString(counter)) + .png)): null

2018-11-28 11:22:35 - [TEST_STEP][PASSED] - Statement - counter = counter + 1: null

2018-11-28 11:22:36 - [TEST_STEP][PASSED] - Statement - PreSaveFile = new java.io.File(((pathPrefix + java.lang.Integer.toString(counter)) + .png)): null

2018-11-28 11:22:36 - [TEST_STEP][PASSED] - Statement - counter = counter + 1: null

2018-11-28 11:22:36 - [TEST_STEP][PASSED] - Statement - PreSaveFile = new java.io.File(((pathPrefix + java.lang.Integer.toString(counter)) + .png)): null

2018-11-28 11:22:36 - [TEST_STEP][PASSED] - Statement - counter = counter + 1: null

2018-11-28 11:22:36 - [TEST_STEP][PASSED] - Statement - PreSaveFile = new java.io.File(((pathPrefix + java.lang.Integer.toString(counter)) + .png)): null

2018-11-28 11:22:36 - [TEST_STEP][PASSED] - Statement - counter = counter + 1: null

2018-11-28 11:22:36 - [TEST_STEP][PASSED] - Statement - PreSaveFile = new java.io.File(((pathPrefix + java.lang.Integer.toString(counter)) + .png)): null

2018-11-28 11:22:36 - [TEST_STEP][PASSED] - Statement - counter = counter + 1: null

2018-11-28 11:22:36 - [TEST_STEP][PASSED] - Statement - PreSaveFile = new java.io.File(((pathPrefix + java.lang.Integer.toString(counter)) + .png)): null

2018-11-28 11:22:36 - [TEST_STEP][PASSED] - Statement - counter = counter + 1: null

2018-11-28 11:22:37 - [TEST_STEP][PASSED] - Statement - PreSaveFile = new java.io.File(((pathPrefix + java.lang.Integer.toString(counter)) + .png)): null

2018-11-28 11:22:37 - [TEST_STEP][PASSED] - Statement - counter = counter + 1: null

2018-11-28 11:22:37 - [TEST_STEP][PASSED] - Statement - PreSaveFile = new java.io.File(((pathPrefix + java.lang.Integer.toString(counter)) + .png)): null

2018-11-28 11:22:37 - [TEST_STEP][PASSED] - Statement - counter = counter + 1: null

2018-11-28 11:22:37 - [TEST_STEP][PASSED] - Statement - PreSaveFile = new java.io.File(((pathPrefix + java.lang.Integer.toString(counter)) + .png)): null

2018-11-28 11:22:37 - [TEST_STEP][PASSED] - Statement - counter = counter + 1: null

2018-11-28 11:22:37 - [TEST_STEP][PASSED] - Statement - PreSaveFile = new java.io.File(((pathPrefix + java.lang.Integer.toString(counter)) + .png)): null

2018-11-28 11:22:37 - [TEST_STEP][PASSED] - Statement - counter = counter + 1: null

2018-11-28 11:22:37 - [TEST_STEP][PASSED] - Statement - PreSaveFile = new java.io.File(((pathPrefix + java.lang.Integer.toString(counter)) + .png)): null

2018-11-28 11:22:37 - [TEST_STEP][PASSED] - Statement - counter = counter + 1: null

2018-11-28 11:22:38 - [TEST_STEP][PASSED] - Statement - PreSaveFile = new java.io.File(((pathPrefix + java.lang.Integer.toString(counter)) + .png)): null

2018-11-28 11:22:38 - [TEST_STEP][PASSED] - Statement - counter = counter + 1: null

2018-11-28 11:22:38 - [TEST_STEP][PASSED] - Statement - PreSaveFile = new java.io.File(((pathPrefix + java.lang.Integer.toString(counter)) + .png)): null

2018-11-28 11:22:38 - [TEST_STEP][PASSED] - Statement - counter = counter + 1: null

2018-11-28 11:22:38 - [TEST_STEP][PASSED] - Statement - PreSaveFile = new java.io.File(((pathPrefix + java.lang.Integer.toString(counter)) + .png)): null

2018-11-28 11:22:38 - [TEST_STEP][PASSED] - Statement - counter = counter + 1: null

2018-11-28 11:22:38 - [TEST_STEP][PASSED] - Statement - PreSaveFile = new java.io.File(((pathPrefix + java.lang.Integer.toString(counter)) + .png)): null

2018-11-28 11:22:38 - [TEST_STEP][PASSED] - Statement - counter = counter + 1: null

2018-11-28 11:22:38 - [TEST_STEP][PASSED] - Statement - PreSaveFile = new java.io.File(((pathPrefix + java.lang.Integer.toString(counter)) + .png)): null

2018-11-28 11:22:38 - [TEST_STEP][PASSED] - Statement - counter = counter + 1: null

2018-11-28 11:22:38 - [TEST_STEP][PASSED] - Statement - PreSaveFile = new java.io.File(((pathPrefix + java.lang.Integer.toString(counter)) + .png)): null

2018-11-28 11:22:38 - [TEST_STEP][PASSED] - Statement - counter = counter + 1: null

2018-11-28 11:22:38 - [TEST_STEP][PASSED] - Statement - PreSaveFile = new java.io.File(((pathPrefix + java.lang.Integer.toString(counter)) + .png)): null

2018-11-28 11:22:38 - [TEST_STEP][PASSED] - Statement - counter = counter + 1: null

2018-11-28 11:22:38 - [TEST_STEP][PASSED] - Statement - PreSaveFile = new java.io.File(((pathPrefix + java.lang.Integer.toString(counter)) + .png)): null

2018-11-28 11:22:38 - [TEST_STEP][PASSED] - Statement - counter = counter + 1: null

2018-11-28 11:22:38 - [TEST_STEP][PASSED] - Statement - PreSaveFile = new java.io.File(((pathPrefix + java.lang.Integer.toString(counter)) + .png)): null

2018-11-28 11:22:38 - [TEST_STEP][PASSED] - Statement - counter = counter + 1: null

2018-11-28 11:22:38 - [TEST_STEP][PASSED] - Statement - PreSaveFile = new java.io.File(((pathPrefix + java.lang.Integer.toString(counter)) + .png)): null

2018-11-28 11:22:39 - [TEST_STEP][PASSED] - Statement - counter = counter + 1: null

2018-11-28 11:22:39 - [TEST_STEP][PASSED] - Statement - PreSaveFile = new java.io.File(((pathPrefix + java.lang.Integer.toString(counter)) + .png)): null

2018-11-28 11:22:39 - [TEST_STEP][PASSED] - Statement - counter = counter + 1: null

2018-11-28 11:22:39 - [TEST_STEP][PASSED] - Statement - PreSaveFile = new java.io.File(((pathPrefix + java.lang.Integer.toString(counter)) + .png)): null

2018-11-28 11:22:39 - [TEST_STEP][PASSED] - Statement - counter = counter + 1: null

2018-11-28 11:22:39 - [TEST_STEP][PASSED] - Statement - PreSaveFile = new java.io.File(((pathPrefix + java.lang.Integer.toString(counter)) + .png)): null

2018-11-28 11:22:39 - [TEST_STEP][PASSED] - Statement - counter = counter + 1: null

2018-11-28 11:22:39 - [TEST_STEP][PASSED] - Statement - PreSaveFile = new java.io.File(((pathPrefix + java.lang.Integer.toString(counter)) + .png)): null

2018-11-28 11:22:39 - [TEST_STEP][PASSED] - Statement - counter = counter + 1: null

2018-11-28 11:22:40 - [TEST_STEP][PASSED] - Statement - PreSaveFile = new java.io.File(((pathPrefix + java.lang.Integer.toString(counter)) + .png)): null

2018-11-28 11:22:40 - [TEST_STEP][PASSED] - Statement - counter = counter + 1: null

2018-11-28 11:22:40 - [TEST_STEP][PASSED] - Statement - PreSaveFile = new java.io.File(((pathPrefix + java.lang.Integer.toString(counter)) + .png)): null

2018-11-28 11:22:40 - [TEST_STEP][PASSED] - Statement - counter = counter + 1: null

2018-11-28 11:22:40 - [TEST_STEP][PASSED] - Statement - PreSaveFile = new java.io.File(((pathPrefix + java.lang.Integer.toString(counter)) + .png)): null

2018-11-28 11:22:40 - [TEST_STEP][PASSED] - Statement - counter = counter + 1: null

2018-11-28 11:22:40 - [TEST_STEP][PASSED] - Statement - PreSaveFile = new java.io.File(((pathPrefix + java.lang.Integer.toString(counter)) + .png)): null

2018-11-28 11:22:40 - [TEST_STEP][PASSED] - Statement - counter = counter + 1: null

2018-11-28 11:22:40 - [TEST_STEP][PASSED] - Statement - PreSaveFile = new java.io.File(((pathPrefix + java.lang.Integer.toString(counter)) + .png)): null

2018-11-28 11:22:40 - [TEST_STEP][PASSED] - Statement - counter = counter + 1: null

2018-11-28 11:22:41 - [TEST_STEP][PASSED] - Statement - PreSaveFile = new java.io.File(((pathPrefix + java.lang.Integer.toString(counter)) + .png)): null

2018-11-28 11:22:41 - [TEST_STEP][PASSED] - Statement - counter = counter + 1: null

2018-11-28 11:22:41 - [TEST_STEP][PASSED] - Statement - PreSaveFile = new java.io.File(((pathPrefix + java.lang.Integer.toString(counter)) + .png)): null

2018-11-28 11:22:41 - [TEST_STEP][PASSED] - Statement - counter = counter + 1: null

2018-11-28 11:22:41 - [TEST_STEP][PASSED] - Statement - PreSaveFile = new java.io.File(((pathPrefix + java.lang.Integer.toString(counter)) + .png)): null

2018-11-28 11:22:41 - [TEST_STEP][PASSED] - Statement - counter = counter + 1: null

2018-11-28 11:22:41 - [TEST_STEP][PASSED] - Statement - PreSaveFile = new java.io.File(((pathPrefix + java.lang.Integer.toString(counter)) + .png)): null

2018-11-28 11:22:41 - [TEST_STEP][PASSED] - Statement - counter = counter + 1: null

2018-11-28 11:22:41 - [TEST_STEP][PASSED] - Statement - PreSaveFile = new java.io.File(((pathPrefix + java.lang.Integer.toString(counter)) + .png)): null

2018-11-28 11:22:41 - [TEST_STEP][PASSED] - Statement - counter = counter + 1: null

2018-11-28 11:22:41 - [TEST_STEP][PASSED] - Statement - PreSaveFile = new java.io.File(((pathPrefix + java.lang.Integer.toString(counter)) + .png)): null

2018-11-28 11:22:41 - [TEST_STEP][PASSED] - Statement - counter = counter + 1: null

2018-11-28 11:22:41 - [TEST_STEP][PASSED] - Statement - PreSaveFile = new java.io.File(((pathPrefix + java.lang.Integer.toString(counter)) + .png)): null

2018-11-28 11:22:41 - [TEST_STEP][PASSED] - Statement - counter = counter + 1: null

2018-11-28 11:22:41 - [TEST_STEP][PASSED] - Statement - PreSaveFile = new java.io.File(((pathPrefix + java.lang.Integer.toString(counter)) + .png)): null

2018-11-28 11:22:41 - [TEST_STEP][PASSED] - Statement - counter = counter + 1: null

2018-11-28 11:22:41 - [TEST_STEP][PASSED] - Statement - PreSaveFile = new java.io.File(((pathPrefix + java.lang.Integer.toString(counter)) + .png)): null

2018-11-28 11:22:41 - [TEST_STEP][PASSED] - Statement - counter = counter + 1: null

2018-11-28 11:22:41 - [TEST_STEP][PASSED] - Statement - PreSaveFile = new java.io.File(((pathPrefix + java.lang.Integer.toString(counter)) + .png)): null

2018-11-28 11:22:42 - [TEST_STEP][PASSED] - Statement - counter = counter + 1: null

2018-11-28 11:22:42 - [TEST_STEP][PASSED] - Statement - PreSaveFile = new java.io.File(((pathPrefix + java.lang.Integer.toString(counter)) + .png)): null

2018-11-28 11:22:42 - [TEST_STEP][PASSED] - Statement - counter = counter + 1: null

2018-11-28 11:22:42 - [TEST_STEP][PASSED] - Statement - PreSaveFile = new java.io.File(((pathPrefix + java.lang.Integer.toString(counter)) + .png)): null

2018-11-28 11:22:42 - [TEST_STEP][PASSED] - Statement - counter = counter + 1: null

2018-11-28 11:22:42 - [TEST_STEP][PASSED] - Statement - PreSaveFile = new java.io.File(((pathPrefix + java.lang.Integer.toString(counter)) + .png)): null

2018-11-28 11:22:42 - [TEST_STEP][PASSED] - Statement - counter = counter + 1: null

2018-11-28 11:22:42 - [TEST_STEP][PASSED] - Statement - PreSaveFile = new java.io.File(((pathPrefix + java.lang.Integer.toString(counter)) + .png)): null

2018-11-28 11:22:42 - [TEST_STEP][PASSED] - Statement - counter = counter + 1: null

2018-11-28 11:22:42 - [TEST_STEP][PASSED] - Statement - PreSaveFile = new java.io.File(((pathPrefix + java.lang.Integer.toString(counter)) + .png)): null

2018-11-28 11:22:43 - [TEST_STEP][PASSED] - Statement - counter = counter + 1: null

2018-11-28 11:22:43 - [TEST_STEP][PASSED] - Statement - PreSaveFile = new java.io.File(((pathPrefix + java.lang.Integer.toString(counter)) + .png)): null

2018-11-28 11:22:43 - [TEST_STEP][PASSED] - Statement - counter = counter + 1: null

2018-11-28 11:22:43 - [TEST_STEP][PASSED] - Statement - PreSaveFile = new java.io.File(((pathPrefix + java.lang.Integer.toString(counter)) + .png)): null

2018-11-28 11:22:43 - [TEST_STEP][PASSED] - Statement - counter = counter + 1: null

2018-11-28 11:22:43 - [TEST_STEP][PASSED] - Statement - PreSaveFile = new java.io.File(((pathPrefix + java.lang.Integer.toString(counter)) + .png)): null

2018-11-28 11:22:43 - [TEST_STEP][PASSED] - Statement - counter = counter + 1: null

2018-11-28 11:22:43 - [TEST_STEP][PASSED] - Statement - PreSaveFile = new java.io.File(((pathPrefix + java.lang.Integer.toString(counter)) + .png)): null

2018-11-28 11:22:43 - [TEST_STEP][PASSED] - Statement - counter = counter + 1: null

2018-11-28 11:22:44 - [TEST_STEP][PASSED] - Statement - PreSaveFile = new java.io.File(((pathPrefix + java.lang.Integer.toString(counter)) + .png)): null

2018-11-28 11:22:44 - [TEST_STEP][PASSED] - Statement - counter = counter + 1: null

2018-11-28 11:22:44 - [TEST_STEP][PASSED] - Statement - PreSaveFile = new java.io.File(((pathPrefix + java.lang.Integer.toString(counter)) + .png)): null

2018-11-28 11:22:44 - [TEST_STEP][PASSED] - Statement - counter = counter + 1: null

2018-11-28 11:22:44 - [TEST_STEP][PASSED] - Statement - PreSaveFile = new java.io.File(((pathPrefix + java.lang.Integer.toString(counter)) + .png)): null

2018-11-28 11:22:44 - [TEST_STEP][PASSED] - Statement - counter = counter + 1: null

2018-11-28 11:22:44 - [TEST_STEP][PASSED] - Statement - PreSaveFile = new java.io.File(((pathPrefix + java.lang.Integer.toString(counter)) + .png)): null

2018-11-28 11:22:44 - [TEST_STEP][PASSED] - Statement - counter = counter + 1: null

2018-11-28 11:22:44 - [TEST_STEP][PASSED] - Statement - PreSaveFile = new java.io.File(((pathPrefix + java.lang.Integer.toString(counter)) + .png)): null

2018-11-28 11:22:44 - [TEST_STEP][PASSED] - Statement - counter = counter + 1: null

2018-11-28 11:22:45 - [TEST_STEP][PASSED] - Statement - PreSaveFile = new java.io.File(((pathPrefix + java.lang.Integer.toString(counter)) + .png)): null

2018-11-28 11:22:45 - [TEST_STEP][PASSED] - Statement - counter = counter + 1: null

2018-11-28 11:22:45 - [TEST_STEP][PASSED] - Statement - PreSaveFile = new java.io.File(((pathPrefix + java.lang.Integer.toString(counter)) + .png)): null

2018-11-28 11:22:45 - [TEST_STEP][PASSED] - Statement - counter = counter + 1: null

2018-11-28 11:22:45 - [TEST_STEP][PASSED] - Statement - PreSaveFile = new java.io.File(((pathPrefix + java.lang.Integer.toString(counter)) + .png)): null

2018-11-28 11:22:45 - [TEST_STEP][PASSED] - Statement - counter = counter + 1: null

2018-11-28 11:22:45 - [TEST_STEP][PASSED] - Statement - PreSaveFile = new java.io.File(((pathPrefix + java.lang.Integer.toString(counter)) + .png)): null

2018-11-28 11:22:45 - [TEST_STEP][PASSED] - Statement - counter = counter + 1: null

2018-11-28 11:22:45 - [TEST_STEP][PASSED] - Statement - PreSaveFile = new java.io.File(((pathPrefix + java.lang.Integer.toString(counter)) + .png)): null

2018-11-28 11:22:45 - [TEST_STEP][PASSED] - Statement - counter = counter + 1: null

2018-11-28 11:22:46 - [TEST_STEP][PASSED] - Statement - PreSaveFile = new java.io.File(((pathPrefix + java.lang.Integer.toString(counter)) + .png)): null

2018-11-28 11:22:46 - [TEST_STEP][PASSED] - Statement - counter = counter + 1: null

2018-11-28 11:22:46 - [TEST_STEP][PASSED] - Statement - PreSaveFile = new java.io.File(((pathPrefix + java.lang.Integer.toString(counter)) + .png)): null

2018-11-28 11:22:46 - [TEST_STEP][PASSED] - Statement - counter = counter + 1: null

2018-11-28 11:22:46 - [TEST_STEP][PASSED] - Statement - PreSaveFile = new java.io.File(((pathPrefix + java.lang.Integer.toString(counter)) + .png)): null

2018-11-28 11:22:46 - [TEST_STEP][PASSED] - Statement - counter = counter + 1: null

2018-11-28 11:22:46 - [TEST_STEP][PASSED] - Statement - PreSaveFile = new java.io.File(((pathPrefix + java.lang.Integer.toString(counter)) + .png)): null

2018-11-28 11:22:46 - [TEST_STEP][PASSED] - Statement - counter = counter + 1: null

2018-11-28 11:22:46 - [TEST_STEP][PASSED] - Statement - PreSaveFile = new java.io.File(((pathPrefix + java.lang.Integer.toString(counter)) + .png)): null

2018-11-28 11:22:47 - [TEST_STEP][PASSED] - Statement - counter = counter + 1: null

2018-11-28 11:22:47 - [TEST_STEP][PASSED] - Statement - PreSaveFile = new java.io.File(((pathPrefix + java.lang.Integer.toString(counter)) + .png)): null

2018-11-28 11:22:47 - [TEST_STEP][PASSED] - Statement - counter = counter + 1: null

2018-11-28 11:22:47 - [TEST_STEP][PASSED] - Statement - PreSaveFile = new java.io.File(((pathPrefix + java.lang.Integer.toString(counter)) + .png)): null

2018-11-28 11:22:47 - [TEST_STEP][PASSED] - Statement - counter = counter + 1: null

2018-11-28 11:22:47 - [TEST_STEP][PASSED] - Statement - PreSaveFile = new java.io.File(((pathPrefix + java.lang.Integer.toString(counter)) + .png)): null

2018-11-28 11:22:47 - [TEST_STEP][PASSED] - Statement - counter = counter + 1: null

2018-11-28 11:22:47 - [TEST_STEP][PASSED] - Statement - PreSaveFile = new java.io.File(((pathPrefix + java.lang.Integer.toString(counter)) + .png)): null

2018-11-28 11:22:47 - [TEST_STEP][PASSED] - Statement - counter = counter + 1: null

2018-11-28 11:22:47 - [TEST_STEP][PASSED] - Statement - PreSaveFile = new java.io.File(((pathPrefix + java.lang.Integer.toString(counter)) + .png)): null

2018-11-28 11:22:48 - [TEST_STEP][PASSED] - Statement - counter = counter + 1: null

2018-11-28 11:22:48 - [TEST_STEP][PASSED] - Statement - PreSaveFile = new java.io.File(((pathPrefix + java.lang.Integer.toString(counter)) + .png)): null

2018-11-28 11:22:48 - [TEST_STEP][PASSED] - Statement - counter = counter + 1: null

2018-11-28 11:22:48 - [TEST_STEP][PASSED] - Statement - PreSaveFile = new java.io.File(((pathPrefix + java.lang.Integer.toString(counter)) + .png)): null

2018-11-28 11:22:48 - [TEST_STEP][PASSED] - Statement - counter = counter + 1: null

2018-11-28 11:22:48 - [TEST_STEP][PASSED] - Statement - PreSaveFile = new java.io.File(((pathPrefix + java.lang.Integer.toString(counter)) + .png)): null

2018-11-28 11:22:48 - [TEST_STEP][PASSED] - Statement - counter = counter + 1: null

2018-11-28 11:22:48 - [TEST_STEP][PASSED] - Statement - PreSaveFile = new java.io.File(((pathPrefix + java.lang.Integer.toString(counter)) + .png)): null

2018-11-28 11:22:48 - [TEST_STEP][PASSED] - Statement - counter = counter + 1: null

2018-11-28 11:22:49 - [TEST_STEP][PASSED] - Statement - PreSaveFile = new java.io.File(((pathPrefix + java.lang.Integer.toString(counter)) + .png)): null

2018-11-28 11:22:49 - [TEST_STEP][PASSED] - Statement - counter = counter + 1: null

2018-11-28 11:22:49 - [TEST_STEP][PASSED] - Statement - PreSaveFile = new java.io.File(((pathPrefix + java.lang.Integer.toString(counter)) + .png)): null

2018-11-28 11:22:49 - [TEST_STEP][PASSED] - Statement - counter = counter + 1: null

2018-11-28 11:22:49 - [TEST_STEP][PASSED] - Statement - PreSaveFile = new java.io.File(((pathPrefix + java.lang.Integer.toString(counter)) + .png)): null

2018-11-28 11:22:49 - [TEST_STEP][PASSED] - Statement - counter = counter + 1: null

2018-11-28 11:22:49 - [TEST_STEP][PASSED] - Statement - PreSaveFile = new java.io.File(((pathPrefix + java.lang.Integer.toString(counter)) + .png)): null

2018-11-28 11:22:49 - [TEST_STEP][PASSED] - Statement - counter = counter + 1: null

2018-11-28 11:22:49 - [TEST_STEP][PASSED] - Statement - PreSaveFile = new java.io.File(((pathPrefix + java.lang.Integer.toString(counter)) + .png)): null

2018-11-28 11:22:49 - [TEST_STEP][PASSED] - Statement - counter = counter + 1: null

2018-11-28 11:22:50 - [TEST_STEP][PASSED] - Statement - PreSaveFile = new java.io.File(((pathPrefix + java.lang.Integer.toString(counter)) + .png)): null

2018-11-28 11:22:50 - [TEST_STEP][PASSED] - Statement - counter = counter + 1: null

2018-11-28 11:22:50 - [TEST_STEP][PASSED] - Statement - PreSaveFile = new java.io.File(((pathPrefix + java.lang.Integer.toString(counter)) + .png)): null

2018-11-28 11:22:50 - [TEST_STEP][PASSED] - Statement - counter = counter + 1: null

2018-11-28 11:22:50 - [TEST_STEP][PASSED] - Statement - PreSaveFile = new java.io.File(((pathPrefix + java.lang.Integer.toString(counter)) + .png)): null

2018-11-28 11:22:50 - [TEST_STEP][PASSED] - Statement - counter = counter + 1: null

2018-11-28 11:22:50 - [TEST_STEP][PASSED] - Statement - PreSaveFile = new java.io.File(((pathPrefix + java.lang.Integer.toString(counter)) + .png)): null

2018-11-28 11:22:50 - [TEST_STEP][PASSED] - Statement - counter = counter + 1: null

2018-11-28 11:22:50 - [TEST_STEP][PASSED] - Statement - PreSaveFile = new java.io.File(((pathPrefix + java.lang.Integer.toString(counter)) + .png)): null

2018-11-28 11:22:50 - [TEST_STEP][PASSED] - Statement - counter = counter + 1: null

2018-11-28 11:22:51 - [TEST_STEP][PASSED] - Statement - PreSaveFile = new java.io.File(((pathPrefix + java.lang.Integer.toString(counter)) + .png)): null

2018-11-28 11:22:51 - [TEST_STEP][PASSED] - Statement - counter = counter + 1: null

2018-11-28 11:22:51 - [TEST_STEP][PASSED] - Statement - PreSaveFile = new java.io.File(((pathPrefix + java.lang.Integer.toString(counter)) + .png)): null

2018-11-28 11:22:51 - [TEST_STEP][PASSED] - Statement - counter = counter + 1: null

2018-11-28 11:22:51 - [TEST_STEP][PASSED] - Statement - PreSaveFile = new java.io.File(((pathPrefix + java.lang.Integer.toString(counter)) + .png)): null

2018-11-28 11:22:51 - [TEST_STEP][PASSED] - Statement - counter = counter + 1: null

2018-11-28 11:22:51 - [TEST_STEP][PASSED] - Statement - PreSaveFile = new java.io.File(((pathPrefix + java.lang.Integer.toString(counter)) + .png)): null

2018-11-28 11:22:51 - [TEST_STEP][PASSED] - Statement - counter = counter + 1: null

2018-11-28 11:22:51 - [TEST_STEP][PASSED] - Statement - PreSaveFile = new java.io.File(((pathPrefix + java.lang.Integer.toString(counter)) + .png)): null

2018-11-28 11:22:52 - [TEST_STEP][PASSED] - Statement - counter = counter + 1: null

2018-11-28 11:22:52 - [TEST_STEP][PASSED] - Statement - PreSaveFile = new java.io.File(((pathPrefix + java.lang.Integer.toString(counter)) + .png)): null

2018-11-28 11:22:52 - [TEST_STEP][PASSED] - Statement - counter = counter + 1: null

2018-11-28 11:22:52 - [TEST_STEP][PASSED] - Statement - PreSaveFile = new java.io.File(((pathPrefix + java.lang.Integer.toString(counter)) + .png)): null

2018-11-28 11:22:52 - [TEST_STEP][PASSED] - Statement - counter = counter + 1: null

2018-11-28 11:22:52 - [TEST_STEP][PASSED] - Statement - PreSaveFile = new java.io.File(((pathPrefix + java.lang.Integer.toString(counter)) + .png)): null

2018-11-28 11:22:52 - [TEST_STEP][PASSED] - Statement - counter = counter + 1: null

2018-11-28 11:22:52 - [TEST_STEP][PASSED] - Statement - PreSaveFile = new java.io.File(((pathPrefix + java.lang.Integer.toString(counter)) + .png)): null

2018-11-28 11:22:52 - [TEST_STEP][PASSED] - Statement - counter = counter + 1: null

2018-11-28 11:22:52 - [TEST_STEP][PASSED] - Statement - PreSaveFile = new java.io.File(((pathPrefix + java.lang.Integer.toString(counter)) + .png)): null

2018-11-28 11:22:53 - [TEST_STEP][PASSED] - Statement - counter = counter + 1: null

2018-11-28 11:22:53 - [TEST_STEP][PASSED] - Statement - PreSaveFile = new java.io.File(((pathPrefix + java.lang.Integer.toString(counter)) + .png)): null

2018-11-28 11:22:53 - [TEST_STEP][PASSED] - Statement - counter = counter + 1: null

2018-11-28 11:22:53 - [TEST_STEP][PASSED] - Statement - PreSaveFile = new java.io.File(((pathPrefix + java.lang.Integer.toString(counter)) + .png)): null

2018-11-28 11:22:53 - [TEST_STEP][PASSED] - Statement - counter = counter + 1: null

2018-11-28 11:22:53 - [TEST_STEP][PASSED] - Statement - PreSaveFile = new java.io.File(((pathPrefix + java.lang.Integer.toString(counter)) + .png)): null

2018-11-28 11:22:53 - [TEST_STEP][PASSED] - Statement - counter = counter + 1: null

2018-11-28 11:22:53 - [TEST_STEP][PASSED] - Statement - PreSaveFile = new java.io.File(((pathPrefix + java.lang.Integer.toString(counter)) + .png)): null

2018-11-28 11:22:53 - [TEST_STEP][PASSED] - Statement - counter = counter + 1: null

2018-11-28 11:22:55 - [TEST_STEP][PASSED] - Statement - PreSaveFile = new java.io.File(((pathPrefix + java.lang.Integer.toString(counter)) + .png)): null

2018-11-28 11:22:55 - [TEST_STEP][PASSED] - Statement - counter = counter + 1: null

2018-11-28 11:22:55 - [TEST_STEP][PASSED] - Statement - PreSaveFile = new java.io.File(((pathPrefix + java.lang.Integer.toString(counter)) + .png)): null

2018-11-28 11:22:55 - [TEST_STEP][PASSED] - Statement - counter = counter + 1: null

2018-11-28 11:22:55 - [TEST_STEP][PASSED] - Statement - PreSaveFile = new java.io.File(((pathPrefix + java.lang.Integer.toString(counter)) + .png)): null

2018-11-28 11:22:55 - [TEST_STEP][PASSED] - Statement - counter = counter + 1: null

2018-11-28 11:22:55 - [TEST_STEP][PASSED] - Statement - PreSaveFile = new java.io.File(((pathPrefix + java.lang.Integer.toString(counter)) + .png)): null

2018-11-28 11:22:55 - [TEST_STEP][PASSED] - Statement - counter = counter + 1: null

2018-11-28 11:22:55 - [TEST_STEP][PASSED] - Statement - PreSaveFile = new java.io.File(((pathPrefix + java.lang.Integer.toString(counter)) + .png)): null

2018-11-28 11:22:55 - [TEST_STEP][PASSED] - Statement - counter = counter + 1: null

2018-11-28 11:22:56 - [TEST_STEP][PASSED] - Statement - PreSaveFile = new java.io.File(((pathPrefix + java.lang.Integer.toString(counter)) + .png)): null

2018-11-28 11:22:56 - [TEST_STEP][PASSED] - Statement - counter = counter + 1: null

2018-11-28 11:22:56 - [TEST_STEP][PASSED] - Statement - PreSaveFile = new java.io.File(((pathPrefix + java.lang.Integer.toString(counter)) + .png)): null

2018-11-28 11:22:56 - [TEST_STEP][PASSED] - Statement - counter = counter + 1: null

2018-11-28 11:22:56 - [TEST_STEP][PASSED] - Statement - PreSaveFile = new java.io.File(((pathPrefix + java.lang.Integer.toString(counter)) + .png)): null

2018-11-28 11:22:56 - [TEST_STEP][PASSED] - Statement - counter = counter + 1: null

2018-11-28 11:22:56 - [TEST_STEP][PASSED] - Statement - PreSaveFile = new java.io.File(((pathPrefix + java.lang.Integer.toString(counter)) + .png)): null

2018-11-28 11:22:56 - [TEST_STEP][PASSED] - Statement - counter = counter + 1: null

2018-11-28 11:22:56 - [TEST_STEP][PASSED] - Statement - PreSaveFile = new java.io.File(((pathPrefix + java.lang.Integer.toString(counter)) + .png)): null

2018-11-28 11:22:56 - [TEST_STEP][PASSED] - Statement - counter = counter + 1: null

2018-11-28 11:22:57 - [TEST_STEP][PASSED] - Statement - PreSaveFile = new java.io.File(((pathPrefix + java.lang.Integer.toString(counter)) + .png)): null

2018-11-28 11:22:57 - [TEST_STEP][PASSED] - Statement - counter = counter + 1: null

2018-11-28 11:22:57 - [TEST_STEP][PASSED] - Statement - PreSaveFile = new java.io.File(((pathPrefix + java.lang.Integer.toString(counter)) + .png)): null

2018-11-28 11:22:57 - [TEST_STEP][PASSED] - Statement - counter = counter + 1: null

2018-11-28 11:22:57 - [TEST_STEP][PASSED] - Statement - PreSaveFile = new java.io.File(((pathPrefix + java.lang.Integer.toString(counter)) + .png)): null

2018-11-28 11:22:57 - [TEST_STEP][PASSED] - Statement - counter = counter + 1: null

2018-11-28 11:22:57 - [TEST_STEP][PASSED] - Statement - PreSaveFile = new java.io.File(((pathPrefix + java.lang.Integer.toString(counter)) + .png)): null

2018-11-28 11:22:57 - [TEST_STEP][PASSED] - Statement - counter = counter + 1: null

2018-11-28 11:22:57 - [TEST_STEP][PASSED] - Statement - PreSaveFile = new java.io.File(((pathPrefix + java.lang.Integer.toString(counter)) + .png)): null

2018-11-28 11:22:58 - [TEST_STEP][PASSED] - Statement - counter = counter + 1: null

2018-11-28 11:22:58 - [TEST_STEP][PASSED] - Statement - PreSaveFile = new java.io.File(((pathPrefix + java.lang.Integer.toString(counter)) + .png)): null

2018-11-28 11:22:58 - [TEST_STEP][PASSED] - Statement - counter = counter + 1: null

2018-11-28 11:22:58 - [TEST_STEP][PASSED] - Statement - PreSaveFile = new java.io.File(((pathPrefix + java.lang.Integer.toString(counter)) + .png)): null

2018-11-28 11:22:58 - [TEST_STEP][PASSED] - Statement - counter = counter + 1: null

2018-11-28 11:22:58 - [TEST_STEP][PASSED] - Statement - PreSaveFile = new java.io.File(((pathPrefix + java.lang.Integer.toString(counter)) + .png)): null

2018-11-28 11:22:58 - [TEST_STEP][PASSED] - Statement - counter = counter + 1: null

2018-11-28 11:22:58 - [TEST_STEP][PASSED] - Statement - PreSaveFile = new java.io.File(((pathPrefix + java.lang.Integer.toString(counter)) + .png)): null

2018-11-28 11:22:58 - [TEST_STEP][PASSED] - Statement - counter = counter + 1: null

2018-11-28 11:22:58 - [TEST_STEP][PASSED] - Statement - PreSaveFile = new java.io.File(((pathPrefix + java.lang.Integer.toString(counter)) + .png)): null

2018-11-28 11:23:00 - [TEST_STEP][PASSED] - Statement - counter = counter + 1: null

2018-11-28 11:23:00 - [TEST_STEP][PASSED] - Statement - PreSaveFile = new java.io.File(((pathPrefix + java.lang.Integer.toString(counter)) + .png)): null

2018-11-28 11:23:00 - [TEST_STEP][PASSED] - Statement - counter = counter + 1: null

2018-11-28 11:23:00 - [TEST_STEP][PASSED] - Statement - PreSaveFile = new java.io.File(((pathPrefix + java.lang.Integer.toString(counter)) + .png)): null

2018-11-28 11:23:00 - [TEST_STEP][PASSED] - Statement - counter = counter + 1: null

2018-11-28 11:23:00 - [TEST_STEP][PASSED] - Statement - PreSaveFile = new java.io.File(((pathPrefix + java.lang.Integer.toString(counter)) + .png)): null

2018-11-28 11:23:00 - [TEST_STEP][PASSED] - Statement - counter = counter + 1: null

2018-11-28 11:23:00 - [TEST_STEP][PASSED] - Statement - PreSaveFile = new java.io.File(((pathPrefix + java.lang.Integer.toString(counter)) + .png)): null

2018-11-28 11:23:00 - [TEST_STEP][PASSED] - Statement - counter = counter + 1: null

2018-11-28 11:23:01 - [TEST_STEP][PASSED] - Statement - PreSaveFile = new java.io.File(((pathPrefix + java.lang.Integer.toString(counter)) + .png)): null

2018-11-28 11:23:01 - [TEST_STEP][PASSED] - Statement - counter = counter + 1: null

2018-11-28 11:23:01 - [TEST_STEP][PASSED] - Statement - PreSaveFile = new java.io.File(((pathPrefix + java.lang.Integer.toString(counter)) + .png)): null

2018-11-28 11:23:01 - [TEST_STEP][PASSED] - Statement - counter = counter + 1: null

2018-11-28 11:23:01 - [TEST_STEP][PASSED] - Statement - PreSaveFile = new java.io.File(((pathPrefix + java.lang.Integer.toString(counter)) + .png)): null

2018-11-28 11:23:01 - [TEST_STEP][PASSED] - Statement - counter = counter + 1: null

2018-11-28 11:23:01 - [TEST_STEP][PASSED] - Statement - PreSaveFile = new java.io.File(((pathPrefix + java.lang.Integer.toString(counter)) + .png)): null

2018-11-28 11:23:01 - [TEST_STEP][PASSED] - Statement - counter = counter + 1: null

2018-11-28 11:23:01 - [TEST_STEP][PASSED] - Statement - PreSaveFile = new java.io.File(((pathPrefix + java.lang.Integer.toString(counter)) + .png)): null

2018-11-28 11:23:01 - [TEST_STEP][PASSED] - Statement - counter = counter + 1: null

2018-11-28 11:23:02 - [TEST_STEP][PASSED] - Statement - PreSaveFile = new java.io.File(((pathPrefix + java.lang.Integer.toString(counter)) + .png)): null

2018-11-28 11:23:02 - [TEST_STEP][PASSED] - Statement - counter = counter + 1: null

2018-11-28 11:23:02 - [TEST_STEP][PASSED] - Statement - PreSaveFile = new java.io.File(((pathPrefix + java.lang.Integer.toString(counter)) + .png)): null

2018-11-28 11:23:02 - [TEST_STEP][PASSED] - Statement - counter = counter + 1: null

2018-11-28 11:23:02 - [TEST_STEP][PASSED] - Statement - PreSaveFile = new java.io.File(((pathPrefix + java.lang.Integer.toString(counter)) + .png)): null

2018-11-28 11:23:02 - [TEST_STEP][PASSED] - Statement - counter = counter + 1: null

2018-11-28 11:23:02 - [TEST_STEP][PASSED] - Statement - PreSaveFile = new java.io.File(((pathPrefix + java.lang.Integer.toString(counter)) + .png)): null

2018-11-28 11:23:02 - [TEST_STEP][PASSED] - Statement - counter = counter + 1: null

2018-11-28 11:23:02 - [TEST_STEP][PASSED] - Statement - PreSaveFile = new java.io.File(((pathPrefix + java.lang.Integer.toString(counter)) + .png)): null

2018-11-28 11:23:02 - [TEST_STEP][PASSED] - Statement - counter = counter + 1: null

2018-11-28 11:23:03 - [TEST_STEP][PASSED] - Statement - PreSaveFile = new java.io.File(((pathPrefix + java.lang.Integer.toString(counter)) + .png)): null

2018-11-28 11:23:03 - [TEST_STEP][PASSED] - Statement - counter = counter + 1: null

2018-11-28 11:23:03 - [TEST_STEP][PASSED] - Statement - PreSaveFile = new java.io.File(((pathPrefix + java.lang.Integer.toString(counter)) + .png)): null

2018-11-28 11:23:03 - [TEST_STEP][PASSED] - Statement - counter = counter + 1: null

2018-11-28 11:23:03 - [TEST_STEP][PASSED] - Statement - PreSaveFile = new java.io.File(((pathPrefix + java.lang.Integer.toString(counter)) + .png)): null

2018-11-28 11:23:03 - [TEST_STEP][PASSED] - Statement - counter = counter + 1: null

2018-11-28 11:23:03 - [TEST_STEP][PASSED] - Statement - PreSaveFile = new java.io.File(((pathPrefix + java.lang.Integer.toString(counter)) + .png)): null

2018-11-28 11:23:03 - [TEST_STEP][PASSED] - Statement - counter = counter + 1: null

2018-11-28 11:23:03 - [TEST_STEP][PASSED] - Statement - PreSaveFile = new java.io.File(((pathPrefix + java.lang.Integer.toString(counter)) + .png)): null

2018-11-28 11:23:04 - [TEST_STEP][PASSED] - Statement - counter = counter + 1: null

2018-11-28 11:23:04 - [TEST_STEP][PASSED] - Statement - PreSaveFile = new java.io.File(((pathPrefix + java.lang.Integer.toString(counter)) + .png)): null

2018-11-28 11:23:04 - [TEST_STEP][PASSED] - Statement - counter = counter + 1: null

2018-11-28 11:23:04 - [TEST_STEP][PASSED] - Statement - PreSaveFile = new java.io.File(((pathPrefix + java.lang.Integer.toString(counter)) + .png)): null

2018-11-28 11:23:04 - [TEST_STEP][PASSED] - Statement - counter = counter + 1: null

2018-11-28 11:23:04 - [TEST_STEP][PASSED] - Statement - PreSaveFile = new java.io.File(((pathPrefix + java.lang.Integer.toString(counter)) + .png)): null

2018-11-28 11:23:04 - [TEST_STEP][PASSED] - Statement - counter = counter + 1: null

2018-11-28 11:23:04 - [TEST_STEP][PASSED] - Statement - PreSaveFile = new java.io.File(((pathPrefix + java.lang.Integer.toString(counter)) + .png)): null

2018-11-28 11:23:04 - [TEST_STEP][PASSED] - Statement - counter = counter + 1: null

2018-11-28 11:23:04 - [TEST_STEP][PASSED] - Statement - PreSaveFile = new java.io.File(((pathPrefix + java.lang.Integer.toString(counter)) + .png)): null

2018-11-28 11:23:06 - [TEST_STEP][PASSED] - Statement - counter = counter + 1: null

2018-11-28 11:23:06 - [TEST_STEP][PASSED] - Statement - PreSaveFile = new java.io.File(((pathPrefix + java.lang.Integer.toString(counter)) + .png)): null

2018-11-28 11:23:06 - [TEST_STEP][PASSED] - Statement - counter = counter + 1: null

2018-11-28 11:23:06 - [TEST_STEP][PASSED] - Statement - PreSaveFile = new java.io.File(((pathPrefix + java.lang.Integer.toString(counter)) + .png)): null

2018-11-28 11:23:06 - [TEST_STEP][PASSED] - Statement - counter = counter + 1: null

2018-11-28 11:23:06 - [TEST_STEP][PASSED] - Statement - PreSaveFile = new java.io.File(((pathPrefix + java.lang.Integer.toString(counter)) + .png)): null

2018-11-28 11:23:06 - [TEST_STEP][PASSED] - Statement - counter = counter + 1: null

2018-11-28 11:23:06 - [TEST_STEP][PASSED] - Statement - PreSaveFile = new java.io.File(((pathPrefix + java.lang.Integer.toString(counter)) + .png)): null

2018-11-28 11:23:06 - [TEST_STEP][PASSED] - Statement - counter = counter + 1: null

2018-11-28 11:23:06 - [TEST_STEP][PASSED] - Statement - PreSaveFile = new java.io.File(((pathPrefix + java.lang.Integer.toString(counter)) + .png)): null

2018-11-28 11:23:07 - [TEST_STEP][PASSED] - Statement - counter = counter + 1: null

2018-11-28 11:23:07 - [TEST_STEP][PASSED] - Statement - PreSaveFile = new java.io.File(((pathPrefix + java.lang.Integer.toString(counter)) + .png)): null

2018-11-28 11:23:07 - [TEST_STEP][PASSED] - Statement - counter = counter + 1: null

2018-11-28 11:23:07 - [TEST_STEP][PASSED] - Statement - PreSaveFile = new java.io.File(((pathPrefix + java.lang.Integer.toString(counter)) + .png)): null

2018-11-28 11:23:07 - [TEST_STEP][PASSED] - Statement - counter = counter + 1: null

2018-11-28 11:23:07 - [TEST_STEP][PASSED] - Statement - PreSaveFile = new java.io.File(((pathPrefix + java.lang.Integer.toString(counter)) + .png)): null

2018-11-28 11:23:07 - [TEST_STEP][PASSED] - Statement - counter = counter + 1: null

2018-11-28 11:23:07 - [TEST_STEP][PASSED] - Statement - PreSaveFile = new java.io.File(((pathPrefix + java.lang.Integer.toString(counter)) + .png)): null

2018-11-28 11:23:07 - [TEST_STEP][PASSED] - Statement - counter = counter + 1: null

2018-11-28 11:23:09 - [TEST_STEP][PASSED] - Statement - PreSaveFile = new java.io.File(((pathPrefix + java.lang.Integer.toString(counter)) + .png)): null

2018-11-28 11:23:09 - [TEST_STEP][PASSED] - Statement - counter = counter + 1: null

2018-11-28 11:23:09 - [TEST_STEP][PASSED] - Statement - PreSaveFile = new java.io.File(((pathPrefix + java.lang.Integer.toString(counter)) + .png)): null

2018-11-28 11:23:09 - [TEST_STEP][PASSED] - Statement - counter = counter + 1: null

2018-11-28 11:23:09 - [TEST_STEP][PASSED] - Statement - PreSaveFile = new java.io.File(((pathPrefix + java.lang.Integer.toString(counter)) + .png)): null

2018-11-28 11:23:09 - [TEST_STEP][PASSED] - Statement - counter = counter + 1: null

2018-11-28 11:23:09 - [TEST_STEP][PASSED] - Statement - PreSaveFile = new java.io.File(((pathPrefix + java.lang.Integer.toString(counter)) + .png)): null

2018-11-28 11:23:09 - [TEST_STEP][PASSED] - Statement - counter = counter + 1: null

2018-11-28 11:23:09 - [TEST_STEP][PASSED] - Statement - PreSaveFile = new java.io.File(((pathPrefix + java.lang.Integer.toString(counter)) + .png)): null

2018-11-28 11:23:09 - [TEST_STEP][PASSED] - Statement - counter = counter + 1: null

2018-11-28 11:23:10 - [TEST_STEP][PASSED] - Statement - PreSaveFile = new java.io.File(((pathPrefix + java.lang.Integer.toString(counter)) + .png)): null

2018-11-28 11:23:10 - [TEST_STEP][PASSED] - Statement - counter = counter + 1: null

2018-11-28 11:23:10 - [TEST_STEP][PASSED] - Statement - PreSaveFile = new java.io.File(((pathPrefix + java.lang.Integer.toString(counter)) + .png)): null

2018-11-28 11:23:10 - [TEST_STEP][PASSED] - Statement - counter = counter + 1: null

2018-11-28 11:23:10 - [TEST_STEP][PASSED] - Statement - PreSaveFile = new java.io.File(((pathPrefix + java.lang.Integer.toString(counter)) + .png)): null

2018-11-28 11:23:10 - [TEST_STEP][PASSED] - Statement - counter = counter + 1: null

2018-11-28 11:23:10 - [TEST_STEP][PASSED] - Statement - PreSaveFile = new java.io.File(((pathPrefix + java.lang.Integer.toString(counter)) + .png)): null

2018-11-28 11:23:10 - [TEST_STEP][PASSED] - Statement - counter = counter + 1: null

2018-11-28 11:23:10 - [TEST_STEP][PASSED] - Statement - PreSaveFile = new java.io.File(((pathPrefix + java.lang.Integer.toString(counter)) + .png)): null

2018-11-28 11:23:12 - [TEST_STEP][PASSED] - Statement - counter = counter + 1: null

2018-11-28 11:23:12 - [TEST_STEP][PASSED] - Statement - PreSaveFile = new java.io.File(((pathPrefix + java.lang.Integer.toString(counter)) + .png)): null

2018-11-28 11:23:12 - [TEST_STEP][PASSED] - Statement - counter = counter + 1: null

2018-11-28 11:23:12 - [TEST_STEP][PASSED] - Statement - PreSaveFile = new java.io.File(((pathPrefix + java.lang.Integer.toString(counter)) + .png)): null

2018-11-28 11:23:12 - [TEST_STEP][PASSED] - Statement - counter = counter + 1: null

2018-11-28 11:23:12 - [TEST_STEP][PASSED] - Statement - PreSaveFile = new java.io.File(((pathPrefix + java.lang.Integer.toString(counter)) + .png)): null

2018-11-28 11:23:12 - [TEST_STEP][PASSED] - Statement - counter = counter + 1: null

2018-11-28 11:23:12 - [TEST_STEP][PASSED] - Statement - PreSaveFile = new java.io.File(((pathPrefix + java.lang.Integer.toString(counter)) + .png)): null

2018-11-28 11:23:12 - [TEST_STEP][PASSED] - Statement - counter = counter + 1: null

2018-11-28 11:23:12 - [TEST_STEP][PASSED] - Statement - PreSaveFile = new java.io.File(((pathPrefix + java.lang.Integer.toString(counter)) + .png)): null

2018-11-28 11:23:13 - [TEST_STEP][PASSED] - Statement - counter = counter + 1: null

2018-11-28 11:23:13 - [TEST_STEP][PASSED] - Statement - PreSaveFile = new java.io.File(((pathPrefix + java.lang.Integer.toString(counter)) + .png)): null

2018-11-28 11:23:13 - [TEST_STEP][PASSED] - Statement - counter = counter + 1: null

2018-11-28 11:23:13 - [TEST_STEP][PASSED] - Statement - PreSaveFile = new java.io.File(((pathPrefix + java.lang.Integer.toString(counter)) + .png)): null

2018-11-28 11:23:13 - [TEST_STEP][PASSED] - Statement - counter = counter + 1: null

2018-11-28 11:23:13 - [TEST_STEP][PASSED] - Statement - PreSaveFile = new java.io.File(((pathPrefix + java.lang.Integer.toString(counter)) + .png)): null

2018-11-28 11:23:13 - [TEST_STEP][PASSED] - Statement - counter = counter + 1: null

2018-11-28 11:23:13 - [TEST_STEP][PASSED] - Statement - PreSaveFile = new java.io.File(((pathPrefix + java.lang.Integer.toString(counter)) + .png)): null

2018-11-28 11:23:13 - [TEST_STEP][PASSED] - Statement - counter = counter + 1: null

2018-11-28 11:23:13 - [TEST_STEP][PASSED] - Statement - PreSaveFile = new java.io.File(((pathPrefix + java.lang.Integer.toString(counter)) + .png)): null

2018-11-28 11:23:14 - [TEST_STEP][PASSED] - Statement - counter = counter + 1: null

2018-11-28 11:23:14 - [TEST_STEP][PASSED] - Statement - PreSaveFile = new java.io.File(((pathPrefix + java.lang.Integer.toString(counter)) + .png)): null

2018-11-28 11:23:14 - [TEST_STEP][PASSED] - Statement - counter = counter + 1: null

2018-11-28 11:23:14 - [TEST_STEP][PASSED] - Statement - PreSaveFile = new java.io.File(((pathPrefix + java.lang.Integer.toString(counter)) + .png)): null

2018-11-28 11:23:14 - [TEST_STEP][PASSED] - Statement - counter = counter + 1: null

2018-11-28 11:23:14 - [TEST_STEP][PASSED] - Statement - PreSaveFile = new java.io.File(((pathPrefix + java.lang.Integer.toString(counter)) + .png)): null

2018-11-28 11:23:14 - [TEST_STEP][PASSED] - Statement - counter = counter + 1: null

2018-11-28 11:23:14 - [TEST_STEP][PASSED] - Statement - PreSaveFile = new java.io.File(((pathPrefix + java.lang.Integer.toString(counter)) + .png)): null

2018-11-28 11:23:14 - [TEST_STEP][PASSED] - Statement - counter = counter + 1: null

2018-11-28 11:23:16 - [TEST_STEP][PASSED] - Statement - PreSaveFile = new java.io.File(((pathPrefix + java.lang.Integer.toString(counter)) + .png)): null

2018-11-28 11:23:16 - [TEST_STEP][PASSED] - Statement - counter = counter + 1: null

2018-11-28 11:23:16 - [TEST_STEP][PASSED] - Statement - PreSaveFile = new java.io.File(((pathPrefix + java.lang.Integer.toString(counter)) + .png)): null

2018-11-28 11:23:16 - [TEST_STEP][PASSED] - Statement - counter = counter + 1: null

2018-11-28 11:23:16 - [TEST_STEP][PASSED] - Statement - PreSaveFile = new java.io.File(((pathPrefix + java.lang.Integer.toString(counter)) + .png)): null

2018-11-28 11:23:16 - [TEST_STEP][PASSED] - Statement - counter = counter + 1: null

2018-11-28 11:23:16 - [TEST_STEP][PASSED] - Statement - PreSaveFile = new java.io.File(((pathPrefix + java.lang.Integer.toString(counter)) + .png)): null

2018-11-28 11:23:16 - [TEST_STEP][PASSED] - Statement - counter = counter + 1: null

2018-11-28 11:23:16 - [TEST_STEP][PASSED] - Statement - PreSaveFile = new java.io.File(((pathPrefix + java.lang.Integer.toString(counter)) + .png)): null

2018-11-28 11:23:16 - [TEST_STEP][PASSED] - Statement - counter = counter + 1: null

2018-11-28 11:23:17 - [TEST_STEP][PASSED] - Statement - PreSaveFile = new java.io.File(((pathPrefix + java.lang.Integer.toString(counter)) + .png)): null

2018-11-28 11:23:17 - [TEST_STEP][PASSED] - Statement - counter = counter + 1: null

2018-11-28 11:23:17 - [TEST_STEP][PASSED] - Statement - PreSaveFile = new java.io.File(((pathPrefix + java.lang.Integer.toString(counter)) + .png)): null

2018-11-28 11:23:17 - [TEST_STEP][PASSED] - Statement - counter = counter + 1: null

2018-11-28 11:23:17 - [TEST_STEP][PASSED] - Statement - PreSaveFile = new java.io.File(((pathPrefix + java.lang.Integer.toString(counter)) + .png)): null

2018-11-28 11:23:17 - [TEST_STEP][PASSED] - Statement - counter = counter + 1: null

2018-11-28 11:23:17 - [TEST_STEP][PASSED] - Statement - PreSaveFile = new java.io.File(((pathPrefix + java.lang.Integer.toString(counter)) + .png)): null

2018-11-28 11:23:17 - [TEST_STEP][PASSED] - Statement - counter = counter + 1: null

2018-11-28 11:23:17 - [TEST_STEP][PASSED] - Statement - PreSaveFile = new java.io.File(((pathPrefix + java.lang.Integer.toString(counter)) + .png)): null

2018-11-28 11:23:19 - [TEST_STEP][PASSED] - Statement - counter = counter + 1: null

2018-11-28 11:23:19 - [TEST_STEP][PASSED] - Statement - PreSaveFile = new java.io.File(((pathPrefix + java.lang.Integer.toString(counter)) + .png)): null

2018-11-28 11:23:19 - [TEST_STEP][PASSED] - Statement - counter = counter + 1: null

2018-11-28 11:23:19 - [TEST_STEP][PASSED] - Statement - PreSaveFile = new java.io.File(((pathPrefix + java.lang.Integer.toString(counter)) + .png)): null

2018-11-28 11:23:19 - [TEST_STEP][PASSED] - Statement - counter = counter + 1: null

2018-11-28 11:23:19 - [TEST_STEP][PASSED] - Statement - PreSaveFile = new java.io.File(((pathPrefix + java.lang.Integer.toString(counter)) + .png)): null

2018-11-28 11:23:19 - [TEST_STEP][PASSED] - Statement - counter = counter + 1: null

2018-11-28 11:23:19 - [TEST_STEP][PASSED] - Statement - PreSaveFile = new java.io.File(((pathPrefix + java.lang.Integer.toString(counter)) + .png)): null

2018-11-28 11:23:19 - [TEST_STEP][PASSED] - Statement - counter = counter + 1: null

2018-11-28 11:23:19 - [TEST_STEP][PASSED] - Statement - PreSaveFile = new java.io.File(((pathPrefix + java.lang.Integer.toString(counter)) + .png)): null

2018-11-28 11:23:21 - [TEST_STEP][PASSED] - Statement - counter = counter + 1: null

2018-11-28 11:23:21 - [TEST_STEP][PASSED] - Statement - PreSaveFile = new java.io.File(((pathPrefix + java.lang.Integer.toString(counter)) + .png)): null

2018-11-28 11:23:21 - [TEST_STEP][PASSED] - Statement - counter = counter + 1: null

2018-11-28 11:23:21 - [TEST_STEP][PASSED] - Statement - PreSaveFile = new java.io.File(((pathPrefix + java.lang.Integer.toString(counter)) + .png)): null

2018-11-28 11:23:21 - [TEST_STEP][PASSED] - Statement - counter = counter + 1: null

2018-11-28 11:23:21 - [TEST_STEP][PASSED] - Statement - PreSaveFile = new java.io.File(((pathPrefix + java.lang.Integer.toString(counter)) + .png)): null

2018-11-28 11:23:21 - [TEST_STEP][PASSED] - Statement - counter = counter + 1: null

2018-11-28 11:23:21 - [TEST_STEP][PASSED] - Statement - PreSaveFile = new java.io.File(((pathPrefix + java.lang.Integer.toString(counter)) + .png)): null

2018-11-28 11:23:21 - [TEST_STEP][PASSED] - Statement - counter = counter + 1: null

2018-11-28 11:23:21 - [TEST_STEP][PASSED] - Statement - PreSaveFile = new java.io.File(((pathPrefix + java.lang.Integer.toString(counter)) + .png)): null

2018-11-28 11:23:22 - [TEST_STEP][PASSED] - Statement - counter = counter + 1: null

2018-11-28 11:23:22 - [TEST_STEP][PASSED] - Statement - PreSaveFile = new java.io.File(((pathPrefix + java.lang.Integer.toString(counter)) + .png)): null

2018-11-28 11:23:22 - [TEST_STEP][PASSED] - Statement - counter = counter + 1: null

2018-11-28 11:23:22 - [TEST_STEP][PASSED] - Statement - PreSaveFile = new java.io.File(((pathPrefix + java.lang.Integer.toString(counter)) + .png)): null

2018-11-28 11:23:22 - [TEST_STEP][PASSED] - Statement - counter = counter + 1: null

2018-11-28 11:23:22 - [TEST_STEP][PASSED] - Statement - PreSaveFile = new java.io.File(((pathPrefix + java.lang.Integer.toString(counter)) + .png)): null

2018-11-28 11:23:22 - [TEST_STEP][PASSED] - Statement - counter = counter + 1: null

2018-11-28 11:23:22 - [TEST_STEP][PASSED] - Statement - PreSaveFile = new java.io.File(((pathPrefix + java.lang.Integer.toString(counter)) + .png)): null

2018-11-28 11:23:22 - [TEST_STEP][PASSED] - Statement - counter = counter + 1: null

2018-11-28 11:23:23 - [TEST_STEP][PASSED] - Statement - PreSaveFile = new java.io.File(((pathPrefix + java.lang.Integer.toString(counter)) + .png)): null

2018-11-28 11:23:23 - [TEST_STEP][PASSED] - Statement - counter = counter + 1: null

2018-11-28 11:23:23 - [TEST_STEP][PASSED] - Statement - PreSaveFile = new java.io.File(((pathPrefix + java.lang.Integer.toString(counter)) + .png)): null

2018-11-28 11:23:23 - [TEST_STEP][PASSED] - Statement - counter = counter + 1: null

2018-11-28 11:23:23 - [TEST_STEP][PASSED] - Statement - PreSaveFile = new java.io.File(((pathPrefix + java.lang.Integer.toString(counter)) + .png)): null

2018-11-28 11:23:23 - [TEST_STEP][PASSED] - Statement - counter = counter + 1: null

2018-11-28 11:23:23 - [TEST_STEP][PASSED] - Statement - PreSaveFile = new java.io.File(((pathPrefix + java.lang.Integer.toString(counter)) + .png)): null

2018-11-28 11:23:23 - [TEST_STEP][PASSED] - Statement - counter = counter + 1: null

2018-11-28 11:23:23 - [TEST_STEP][PASSED] - Statement - PreSaveFile = new java.io.File(((pathPrefix + java.lang.Integer.toString(counter)) + .png)): null

2018-11-28 11:23:23 - [TEST_STEP][PASSED] - Statement - counter = counter + 1: null

2018-11-28 11:23:25 - [TEST_STEP][PASSED] - Statement - PreSaveFile = new java.io.File(((pathPrefix + java.lang.Integer.toString(counter)) + .png)): null

2018-11-28 11:23:25 - [TEST_STEP][PASSED] - Statement - counter = counter + 1: null

2018-11-28 11:23:25 - [TEST_STEP][PASSED] - Statement - PreSaveFile = new java.io.File(((pathPrefix + java.lang.Integer.toString(counter)) + .png)): null

2018-11-28 11:23:25 - [TEST_STEP][PASSED] - Statement - counter = counter + 1: null

2018-11-28 11:23:25 - [TEST_STEP][PASSED] - Statement - PreSaveFile = new java.io.File(((pathPrefix + java.lang.Integer.toString(counter)) + .png)): null

2018-11-28 11:23:25 - [TEST_STEP][PASSED] - Statement - counter = counter + 1: null

2018-11-28 11:23:25 - [TEST_STEP][PASSED] - Statement - PreSaveFile = new java.io.File(((pathPrefix + java.lang.Integer.toString(counter)) + .png)): null

2018-11-28 11:23:25 - [TEST_STEP][PASSED] - Statement - counter = counter + 1: null

2018-11-28 11:23:25 - [TEST_STEP][PASSED] - Statement - PreSaveFile = new java.io.File(((pathPrefix + java.lang.Integer.toString(counter)) + .png)): null

2018-11-28 11:23:26 - [TEST_STEP][PASSED] - Statement - counter = counter + 1: null

2018-11-28 11:23:26 - [TEST_STEP][PASSED] - Statement - PreSaveFile = new java.io.File(((pathPrefix + java.lang.Integer.toString(counter)) + .png)): null

2018-11-28 11:23:26 - [TEST_STEP][PASSED] - Statement - counter = counter + 1: null

2018-11-28 11:23:26 - [TEST_STEP][PASSED] - Statement - PreSaveFile = new java.io.File(((pathPrefix + java.lang.Integer.toString(counter)) + .png)): null

2018-11-28 11:23:26 - [TEST_STEP][PASSED] - Statement - counter = counter + 1: null

2018-11-28 11:23:26 - [TEST_STEP][PASSED] - Statement - PreSaveFile = new java.io.File(((pathPrefix + java.lang.Integer.toString(counter)) + .png)): null

2018-11-28 11:23:26 - [TEST_STEP][PASSED] - Statement - counter = counter + 1: null

2018-11-28 11:23:26 - [TEST_STEP][PASSED] - Statement - PreSaveFile = new java.io.File(((pathPrefix + java.lang.Integer.toString(counter)) + .png)): null

2018-11-28 11:23:26 - [TEST_STEP][PASSED] - Statement - counter = counter + 1: null

2018-11-28 11:23:26 - [TEST_STEP][PASSED] - Statement - PreSaveFile = new java.io.File(((pathPrefix + java.lang.Integer.toString(counter)) + .png)): null

2018-11-28 11:23:27 - [TEST_STEP][PASSED] - Statement - counter = counter + 1: null

2018-11-28 11:23:27 - [TEST_STEP][PASSED] - Statement - PreSaveFile = new java.io.File(((pathPrefix + java.lang.Integer.toString(counter)) + .png)): null

2018-11-28 11:23:27 - [TEST_STEP][PASSED] - Statement - counter = counter + 1: null

2018-11-28 11:23:27 - [TEST_STEP][PASSED] - Statement - PreSaveFile = new java.io.File(((pathPrefix + java.lang.Integer.toString(counter)) + .png)): null

2018-11-28 11:23:27 - [TEST_STEP][PASSED] - Statement - counter = counter + 1: null

2018-11-28 11:23:27 - [TEST_STEP][PASSED] - Statement - PreSaveFile = new java.io.File(((pathPrefix + java.lang.Integer.toString(counter)) + .png)): null

2018-11-28 11:23:27 - [TEST_STEP][PASSED] - Statement - counter = counter + 1: null

2018-11-28 11:23:27 - [TEST_STEP][PASSED] - Statement - PreSaveFile = new java.io.File(((pathPrefix + java.lang.Integer.toString(counter)) + .png)): null

2018-11-28 11:23:27 - [TEST_STEP][PASSED] - Statement - counter = counter + 1: null

2018-11-28 11:23:27 - [TEST_STEP][PASSED] - Statement - PreSaveFile = new java.io.File(((pathPrefix + java.lang.Integer.toString(counter)) + .png)): null

2018-11-28 11:23:29 - [TEST_STEP][PASSED] - Statement - counter = counter + 1: null

2018-11-28 11:23:29 - [TEST_STEP][PASSED] - Statement - PreSaveFile = new java.io.File(((pathPrefix + java.lang.Integer.toString(counter)) + .png)): null

2018-11-28 11:23:29 - [TEST_STEP][PASSED] - Statement - counter = counter + 1: null

2018-11-28 11:23:29 - [TEST_STEP][PASSED] - Statement - PreSaveFile = new java.io.File(((pathPrefix + java.lang.Integer.toString(counter)) + .png)): null

2018-11-28 11:23:29 - [TEST_STEP][PASSED] - Statement - counter = counter + 1: null

2018-11-28 11:23:29 - [TEST_STEP][PASSED] - Statement - PreSaveFile = new java.io.File(((pathPrefix + java.lang.Integer.toString(counter)) + .png)): null

2018-11-28 11:23:29 - [TEST_STEP][PASSED] - Statement - counter = counter + 1: null

2018-11-28 11:23:29 - [TEST_STEP][PASSED] - Statement - PreSaveFile = new java.io.File(((pathPrefix + java.lang.Integer.toString(counter)) + .png)): null

2018-11-28 11:23:29 - [TEST_STEP][PASSED] - Statement - counter = counter + 1: null

2018-11-28 11:23:31 - [TEST_STEP][PASSED] - Statement - PreSaveFile = new java.io.File(((pathPrefix + java.lang.Integer.toString(counter)) + .png)): null

2018-11-28 11:23:31 - [TEST_STEP][PASSED] - Statement - finalPath = pathPrefix + java.lang.Integer.toString(counter) + ".png": null

2018-11-28 11:23:31 - [TEST_STEP][PASSED] - Statement - SaveFile = new java.io.File(finalPath): null

2018-11-28 11:23:31 - [TEST_STEP][PASSED] - Statement - Try: null

2018-11-28 11:23:31 - [TEST_STEP][PASSED] - Statement - org.apache.commons.io.FileUtils.copyFile(scrFile, SaveFile): null

2018-11-28 11:23:31 - [TEST_STEP][PASSED] - Statement - out.println("file kept"): null

2018-11-28 11:23:31 - [TEST_STEP][PASSED] - delay: Delayed 10 second(s)

2018-11-28 11:23:41 - [MESSAGE][PASSED] - Delayed 10 second(s)

2018-11-28 11:23:41 - [MESSAGE][PASSED] - Call Test Case 'Test Cases/Final Aug 2018 - PKS Automation/Registration Module/New Registration/Submit and Screenshot/Submit Registration and Screenshot - Copy' successfully

2018-11-28 11:23:41 - [TEST_STEP][PASSED] - Statement - UpdateAddNewECode = com.kms.katalon.core.webui.keyword.WebUiBuiltInKeywords.getText(com.kms.katalon.core.testobject.ObjectRepository.findTestObject(Object Repository/Final Object Repo/Page_Update Add New Employee - ASSIST/getEmpCode)): Text of object 'Object Repository/Final Object Repo/Page_Update Add New Employee - ASSIST/getEmpCode' is: 'E1102070524W'

2018-11-28 11:23:41 - [MESSAGE][PASSED] - Text of object 'Object Repository/Final Object Repo/Page_Update Add New Employee - ASSIST/getEmpCode' is: 'E1102070524W'

2018-11-28 11:23:41 - [TEST_STEP][PASSED] - callTestCase: Call Test Case 'Test Cases/Final Aug 2018 - PKS Automation/Common/Emp Code Setter' successfully

2018-11-28 11:23:41 - [TEST_CASE][PASSED] - Test Cases/Final Aug 2018 - PKS Automation/Common/Emp Code Setter: Test Cases/Final Aug 2018 - PKS Automation/Common/Emp Code Setter

2018-11-28 11:23:41 - [TEST_STEP][PASSED] - Statement - EmpCodeOld = new java.io.File(C://Users//Admin//Desktop//PKS//Automation Reference Point//EmpCode.txt): null

2018-11-28 11:23:41 - [TEST_STEP][PASSED] - Statement - EmpCodeOld.delete(): null

2018-11-28 11:23:41 - [TEST_STEP][PASSED] - Statement - EmpCode = new java.io.File(C://Users//Admin//Desktop//PKS//Automation Reference Point//EmpCode.txt): null

2018-11-28 11:23:41 - [TEST_STEP][PASSED] - Statement - EmpCode.append(UpdateAddNewECode): null

2018-11-28 11:23:41 - [TEST_STEP][PASSED] - Statement - out.println("


" + UpdateAddNewECode + "


"): null

2018-11-28 11:23:41 - [MESSAGE][PASSED] - Call Test Case 'Test Cases/Final Aug 2018 - PKS Automation/Common/Emp Code Setter' successfully

2018-11-28 11:23:41 - [MESSAGE][PASSED] - Call Test Case 'Test Cases/Final Aug 2018 - PKS Automation/Registration Module/Workflow/Update Add New Employee/Template/New Company for Update Add New - Employer' successfully

2018-11-28 11:23:41 - [TEST_STEP][PASSED] - callTestCase: Call Test Case 'Test Cases/Final Aug 2018 - PKS Automation/Create Employer Acc/Login to Employer Account (Second time)' successfully

2018-11-28 11:23:41 - [TEST_CASE][PASSED] - Test Cases/Final Aug 2018 - PKS Automation/Create Employer Acc/Login to Employer Account (Second time): Test Cases/Final Aug 2018 - PKS Automation/Create Employer Acc/Login to Employer Account (Second time)

2018-11-28 11:23:41 - [TEST_STEP][PASSED] - openBrowser: Browser is opened with url: ''

2018-11-28 11:23:41 - [MESSAGE][WARNING] - A browser is already opened. Closing browser and opening a new one

2018-11-28 11:23:44 - [MESSAGE][PASSED] - Browser is opened with url: ''

2018-11-28 11:23:44 - [TEST_STEP][PASSED] - navigateToUrl: Navigate to 'https://assist2-uat.perkeso.gov.my/employer/login' successfully

2018-11-28 11:23:45 - [MESSAGE][PASSED] - Navigate to 'https://assist2-uat.perkeso.gov.my/employer/login' successfully

2018-11-28 11:23:45 - [TEST_STEP][PASSED] - delay: Delayed 3 second(s)

2018-11-28 11:23:48 - [MESSAGE][PASSED] - Delayed 3 second(s)

2018-11-28 11:23:48 - [TEST_STEP][PASSED] - callTestCase: Call Test Case 'Test Cases/Final Aug 2018 - PKS Automation/Create Employer Acc/Template/Employer Email Getter' successfully

2018-11-28 11:23:48 - [TEST_CASE][PASSED] - Test Cases/Final Aug 2018 - PKS Automation/Create Employer Acc/Template/Employer Email Getter: Test Cases/Final Aug 2018 - PKS Automation/Create Employer Acc/Template/Employer Email Getter

2018-11-28 11:23:48 - [TEST_STEP][PASSED] - Statement - Try: null

2018-11-28 11:23:48 - [TEST_STEP][PASSED] - Statement - EmpEmail = new java.io.File(C://Users//Admin//Desktop//PKS//Automation Reference Point//EmpEmail.txt): null

2018-11-28 11:23:48 - [TEST_STEP][PASSED] - Statement - bufferread = new java.io.BufferedReader(new java.io.FileReader(EmpEmail)): null

2018-11-28 11:23:48 - [TEST_STEP][PASSED] - Statement - readedVal = bufferread.readLine(): null

2018-11-28 11:23:48 - [TEST_STEP][PASSED] - Statement - out.println(readedVal): null

2018-11-28 11:23:48 - [TEST_STEP][PASSED] - Statement - Email = readedVal: null

2018-11-28 11:23:48 - [MESSAGE][PASSED] - Call Test Case 'Test Cases/Final Aug 2018 - PKS Automation/Create Employer Acc/Template/Employer Email Getter' successfully

2018-11-28 11:23:48 - [TEST_STEP][PASSED] - setText: Text 'perkeso224799266394@gmail.com' is set on object 'Object Repository/Final Object Repo/Login Page/External Login Page/Email'

2018-11-28 11:23:49 - [MESSAGE][PASSED] - Text 'perkeso224799266394@gmail.com' is set on object 'Object Repository/Final Object Repo/Login Page/External Login Page/Email'

2018-11-28 11:23:49 - [TEST_STEP][PASSED] - click: Object: 'Object Repository/Final Object Repo/Login Page/External Login Page/Next' is clicked on

2018-11-28 11:23:49 - [MESSAGE][PASSED] - Object: 'Object Repository/Final Object Repo/Login Page/External Login Page/Next' is clicked on

2018-11-28 11:23:49 - [TEST_STEP][PASSED] - delay: Delayed 3 second(s)

2018-11-28 11:23:52 - [MESSAGE][PASSED] - Delayed 3 second(s)

2018-11-28 11:23:52 - [TEST_STEP][PASSED] - setEncryptedText: Text ****** has been set on object 'Object Repository/Final Object Repo/Login Page/External Login Page/Password'

2018-11-28 11:23:52 - [MESSAGE][PASSED] - Text ****** has been set on object 'Object Repository/Final Object Repo/Login Page/External Login Page/Password'

2018-11-28 11:23:52 - [TEST_STEP][PASSED] - click: Object: 'Object Repository/Final Object Repo/Login Page/External Login Page/Login' is clicked on

2018-11-28 11:23:52 - [MESSAGE][PASSED] - Object: 'Object Repository/Final Object Repo/Login Page/External Login Page/Login' is clicked on

2018-11-28 11:23:52 - [TEST_STEP][PASSED] - delay: Delayed 5 second(s)

2018-11-28 11:23:57 - [MESSAGE][PASSED] - Delayed 5 second(s)

2018-11-28 11:23:57 - [MESSAGE][PASSED] - Call Test Case 'Test Cases/Final Aug 2018 - PKS Automation/Create Employer Acc/Login to Employer Account (Second time)' successfully

2018-11-28 11:23:57 - [TEST_STEP][PASSED] - navigateToUrl: Navigate to 'https://assist2-uat.perkeso.gov.my/web/registration/update/form-1a-cessation-as-employer-discontinue-business-' successfully

2018-11-28 11:23:59 - [MESSAGE][PASSED] - Navigate to 'https://assist2-uat.perkeso.gov.my/web/registration/update/form-1a-cessation-as-employer-discontinue-business-' successfully

2018-11-28 11:23:59 - [TEST_STEP][PASSED] - callTestCase: Call Test Case 'Test Cases/Final Aug 2018 - PKS Automation/Common/Emp Code Getter' successfully

2018-11-28 11:23:59 - [TEST_CASE][PASSED] - Test Cases/Final Aug 2018 - PKS Automation/Common/Emp Code Getter: Test Cases/Final Aug 2018 - PKS Automation/Common/Emp Code Getter

2018-11-28 11:23:59 - [TEST_STEP][PASSED] - Statement - Try: null

2018-11-28 11:23:59 - [TEST_STEP][PASSED] - Statement - EmpCode = new java.io.File(C://Users//Admin//Desktop//PKS//Automation Reference Point//EmpCode.txt): null

2018-11-28 11:23:59 - [TEST_STEP][PASSED] - Statement - bufferread = new java.io.BufferedReader(new java.io.FileReader(EmpCode)): null

2018-11-28 11:23:59 - [TEST_STEP][PASSED] - Statement - readedVal = bufferread.readLine(): null

2018-11-28 11:23:59 - [TEST_STEP][PASSED] - Statement - out.println(readedVal): null

2018-11-28 11:23:59 - [TEST_STEP][PASSED] - Statement - UpdateAddNewECode = readedVal: null

2018-11-28 11:23:59 - [MESSAGE][PASSED] - Call Test Case 'Test Cases/Final Aug 2018 - PKS Automation/Common/Emp Code Getter' successfully

2018-11-28 11:23:59 - [TEST_STEP][PASSED] - setText: Text 'E1102070524W' is set on object 'Object Repository/Final Object Repo/Page_Update Employer Information/Employer Code'

2018-11-28 11:23:59 - [MESSAGE][PASSED] - Text 'E1102070524W' is set on object 'Object Repository/Final Object Repo/Page_Update Employer Information/Employer Code'

2018-11-28 11:23:59 - [TEST_STEP][PASSED] - click: Object: 'Object Repository/Final Object Repo/Page_Update Employer Information/Search Button' is clicked on

2018-11-28 11:23:59 - [MESSAGE][PASSED] - Object: 'Object Repository/Final Object Repo/Page_Update Employer Information/Search Button' is clicked on

2018-11-28 11:23:59 - [TEST_STEP][PASSED] - delay: Delayed 2 second(s)

2018-11-28 11:24:01 - [MESSAGE][PASSED] - Delayed 2 second(s)

2018-11-28 11:24:01 - [TEST_STEP][PASSED] - click: Object: 'Object Repository/Final Object Repo/Page_Update Employer Information/Edit Button' is clicked on

2018-11-28 11:24:02 - [MESSAGE][PASSED] - Object: 'Object Repository/Final Object Repo/Page_Update Employer Information/Edit Button' is clicked on

2018-11-28 11:24:02 - [TEST_STEP][PASSED] - Statement - abc = com.kms.katalon.core.webui.keyword.WebUiBuiltInKeywords.getAttribute(com.kms.katalon.core.testobject.ObjectRepository.findTestObject(Final Object Repo/Page_Form 1A - Cessation As Employer/Employer Status), "value"): Attribute 'value' of object 'Object Repository/Final Object Repo/Page_Form 1A - Cessation As Employer/Employer Status' is: 'Active'

2018-11-28 11:24:02 - [MESSAGE][PASSED] - Attribute 'value' of object 'Object Repository/Final Object Repo/Page_Form 1A - Cessation As Employer/Employer Status' is: 'Active'

2018-11-28 11:24:02 - [TEST_STEP][PASSED] - Statement - out.println(abc): null

2018-11-28 11:24:02 - [TEST_STEP][PASSED] - Statement - If (abc == "Active"): Object: 'Object Repository/Final Object Repo/Page_Form 1A - Cessation As Employer/Change Employer Status to - Dormant' is clicked on

2018-11-28 11:24:02 - [TEST_STEP][PASSED] - click: Object: 'Object Repository/Final Object Repo/Page_Form 1A - Cessation As Employer/Change Employer Status to' is clicked on

2018-11-28 11:24:02 - [MESSAGE][PASSED] - Object: 'Object Repository/Final Object Repo/Page_Form 1A - Cessation As Employer/Change Employer Status to' is clicked on

2018-11-28 11:24:02 - [TEST_STEP][PASSED] - click: Object: 'Object Repository/Final Object Repo/Page_Form 1A - Cessation As Employer/Change Employer Status to - Dormant' is clicked on

2018-11-28 11:24:03 - [MESSAGE][PASSED] - Object: 'Object Repository/Final Object Repo/Page_Form 1A - Cessation As Employer/Change Employer Status to - Dormant' is clicked on

2018-11-28 11:24:03 - [TEST_STEP][PASSED] - click: Object: 'Object Repository/Final Object Repo/Page_Form 1A - Cessation As Employer/Calender' is clicked on

2018-11-28 11:24:03 - [MESSAGE][PASSED] - Object: 'Object Repository/Final Object Repo/Page_Form 1A - Cessation As Employer/Calender' is clicked on

2018-11-28 11:24:03 - [TEST_STEP][PASSED] - click: Object: 'Object Repository/Final Object Repo/Page_Form 1A - Cessation As Employer/Calender - Date' is clicked on

2018-11-28 11:24:03 - [MESSAGE][PASSED] - Object: 'Object Repository/Final Object Repo/Page_Form 1A - Cessation As Employer/Calender - Date' is clicked on

2018-11-28 11:24:03 - [TEST_STEP][PASSED] - delay: Delayed 2 second(s)

2018-11-28 11:24:05 - [MESSAGE][PASSED] - Delayed 2 second(s)

2018-11-28 11:24:05 - [TEST_STEP][PASSED] - click: Object: 'Object Repository/Final Object Repo/Page_Form 1A - Cessation As Employer/Save  Continue in Form 1A Page' is clicked on

2018-11-28 11:24:05 - [MESSAGE][PASSED] - Object: 'Object Repository/Final Object Repo/Page_Form 1A - Cessation As Employer/Save  Continue in Form 1A Page' is clicked on

2018-11-28 11:24:05 - [TEST_STEP][PASSED] - delay: Delayed 2 second(s)

2018-11-28 11:24:07 - [MESSAGE][PASSED] - Delayed 2 second(s)

2018-11-28 11:24:07 - [TEST_STEP][PASSED] - click: Object: 'Object Repository/Final Object Repo/Page_Form 1A - Cessation As Employer/Employment Resign Date' is clicked on

2018-11-28 11:24:08 - [MESSAGE][PASSED] - Object: 'Object Repository/Final Object Repo/Page_Form 1A - Cessation As Employer/Employment Resign Date' is clicked on

2018-11-28 11:24:08 - [TEST_STEP][PASSED] - delay: Delayed 1 second(s)

2018-11-28 11:24:09 - [MESSAGE][PASSED] - Delayed 1 second(s)

2018-11-28 11:24:09 - [TEST_STEP][PASSED] - Statement - CaseReferenceNo = com.kms.katalon.core.webui.keyword.WebUiBuiltInKeywords.getText(com.kms.katalon.core.testobject.ObjectRepository.findTestObject(Final Object Repo/Page_Update Employer Information/Reference Number in Update Employee Information Page)): Text of object 'Object Repository/Final Object Repo/Page_Update Employer Information/Reference Number in Update Employee Information Page' is: 'CUN112018C200001658'

2018-11-28 11:24:09 - [MESSAGE][PASSED] - Text of object 'Object Repository/Final Object Repo/Page_Update Employer Information/Reference Number in Update Employee Information Page' is: 'CUN112018C200001658'

2018-11-28 11:24:09 - [TEST_STEP][PASSED] - callTestCase: Call Test Case 'Test Cases/Final Aug 2018 - PKS Automation/Common/Reference Number Setter' successfully

2018-11-28 11:24:09 - [TEST_CASE][PASSED] - Test Cases/Final Aug 2018 - PKS Automation/Common/Reference Number Setter: Test Cases/Final Aug 2018 - PKS Automation/Common/Reference Number Setter

2018-11-28 11:24:09 - [TEST_STEP][PASSED] - Statement - RefNoOldFile = new java.io.File(C://Users//Admin//Desktop//PKS//Automation Reference Point//KatalonReference.txt): null

2018-11-28 11:24:09 - [TEST_STEP][PASSED] - Statement - RefNoOldFile.delete(): null

2018-11-28 11:24:09 - [TEST_STEP][PASSED] - delay: Delayed 5 second(s)

2018-11-28 11:24:14 - [MESSAGE][PASSED] - Delayed 5 second(s)

2018-11-28 11:24:14 - [TEST_STEP][PASSED] - Statement - RefNo = new java.io.File(C://Users//Admin//Desktop//PKS//Automation Reference Point//KatalonReference.txt): null

2018-11-28 11:24:14 - [TEST_STEP][PASSED] - Statement - f2 = new java.io.FileWriter(RefNo, false): null

2018-11-28 11:24:14 - [TEST_STEP][PASSED] - Statement - f2.write(CaseReferenceNo): null

2018-11-28 11:24:14 - [TEST_STEP][PASSED] - Statement - f2.close(): null

2018-11-28 11:24:14 - [TEST_STEP][PASSED] - Statement - out.println("


" + CaseReferenceNo + "


"): null

2018-11-28 11:24:14 - [MESSAGE][PASSED] - Call Test Case 'Test Cases/Final Aug 2018 - PKS Automation/Common/Reference Number Setter' successfully

2018-11-28 11:24:14 - [TEST_STEP][PASSED] - selectOptionByValue: All options with value '2030' are selected in object 'Object Repository/Final Object Repo/Page_Form 1A - Cessation As Employer/Employment Resign Date - Year' 

2018-11-28 11:24:14 - [MESSAGE][PASSED] - All options with value '2030' are selected in object 'Object Repository/Final Object Repo/Page_Form 1A - Cessation As Employer/Employment Resign Date - Year' 

2018-11-28 11:24:14 - [TEST_STEP][PASSED] - delay: Delayed 1 second(s)

2018-11-28 11:24:15 - [MESSAGE][PASSED] - Delayed 1 second(s)

2018-11-28 11:24:15 - [TEST_STEP][PASSED] - click: Object: 'Object Repository/Final Object Repo/Page_Form 1A - Cessation As Employer/Employment Resign Date - Year - Date' is clicked on

2018-11-28 11:24:15 - [MESSAGE][PASSED] - Object: 'Object Repository/Final Object Repo/Page_Form 1A - Cessation As Employer/Employment Resign Date - Year - Date' is clicked on

2018-11-28 11:24:15 - [TEST_STEP][PASSED] - delay: Delayed 2 second(s)

2018-11-28 11:24:17 - [MESSAGE][PASSED] - Delayed 2 second(s)

2018-11-28 11:24:17 - [TEST_STEP][PASSED] - click: Object: 'Object Repository/Final Object Repo/Page_Form 1A - Cessation As Employer/Save  Continue in Update Add Employee Resigned Date Page' is clicked on

2018-11-28 11:24:17 - [MESSAGE][PASSED] - Object: 'Object Repository/Final Object Repo/Page_Form 1A - Cessation As Employer/Save  Continue in Update Add Employee Resigned Date Page' is clicked on

2018-11-28 11:24:17 - [TEST_STEP][PASSED] - delay: Delayed 2 second(s)

2018-11-28 11:24:19 - [MESSAGE][PASSED] - Delayed 2 second(s)

2018-11-28 11:24:19 - [TEST_STEP][PASSED] - click: Object: 'Object Repository/Final Object Repo/Page_Form 1A - Cessation As Employer/Set Latest - Yes' is clicked on

2018-11-28 11:24:20 - [MESSAGE][PASSED] - Object: 'Object Repository/Final Object Repo/Page_Form 1A - Cessation As Employer/Set Latest - Yes' is clicked on

2018-11-28 11:24:20 - [TEST_STEP][PASSED] - delay: Delayed 2 second(s)

2018-11-28 11:24:22 - [MESSAGE][PASSED] - Delayed 2 second(s)

2018-11-28 11:24:22 - [TEST_STEP][PASSED] - click: Object: 'Object Repository/Final Object Repo/Page_Form 1A - Cessation As Employer/Add Document' is clicked on

2018-11-28 11:24:23 - [MESSAGE][PASSED] - Object: 'Object Repository/Final Object Repo/Page_Form 1A - Cessation As Employer/Add Document' is clicked on

2018-11-28 11:24:23 - [TEST_STEP][PASSED] - delay: Delayed 3 second(s)

2018-11-28 11:24:26 - [MESSAGE][PASSED] - Delayed 3 second(s)

2018-11-28 11:24:26 - [TEST_STEP][PASSED] - click: Object: 'Object Repository/Final Object Repo/Page_Form 1A - Cessation As Employer/Document Type' is clicked on

2018-11-28 11:24:26 - [MESSAGE][PASSED] - Object: 'Object Repository/Final Object Repo/Page_Form 1A - Cessation As Employer/Document Type' is clicked on

2018-11-28 11:24:26 - [TEST_STEP][PASSED] - delay: Delayed 2 second(s)

2018-11-28 11:24:28 - [MESSAGE][PASSED] - Delayed 2 second(s)

2018-11-28 11:24:28 - [TEST_STEP][PASSED] - click: Object: 'Object Repository/Final Object Repo/Page_Form 1A - Cessation As Employer/Document Type - Supporting Document For Cessation' is clicked on

2018-11-28 11:24:28 - [MESSAGE][PASSED] - Object: 'Object Repository/Final Object Repo/Page_Form 1A - Cessation As Employer/Document Type - Supporting Document For Cessation' is clicked on

2018-11-28 11:24:28 - [TEST_STEP][PASSED] - delay: Delayed 2 second(s)

2018-11-28 11:24:30 - [MESSAGE][PASSED] - Delayed 2 second(s)

2018-11-28 11:24:30 - [TEST_STEP][PASSED] - sendKeys: Keys 'C:\Users\Public\Pictures\Sample Pictures\Koala.jpg' sent to object: 'Object Repository/Final Object Repo/Page_Form 1A - Cessation As Employer/Uploading File'

2018-11-28 11:24:30 - [MESSAGE][PASSED] - Keys 'C:\Users\Public\Pictures\Sample Pictures\Koala.jpg' sent to object: 'Object Repository/Final Object Repo/Page_Form 1A - Cessation As Employer/Uploading File'

2018-11-28 11:24:30 - [TEST_STEP][PASSED] - delay: Delayed 2 second(s)

2018-11-28 11:24:32 - [MESSAGE][PASSED] - Delayed 2 second(s)

2018-11-28 11:24:32 - [TEST_STEP][PASSED] - click: Object: 'Object Repository/Final Object Repo/Page_Form 1A - Cessation As Employer/Add Document in Uploading Page' is clicked on

2018-11-28 11:24:32 - [MESSAGE][PASSED] - Object: 'Object Repository/Final Object Repo/Page_Form 1A - Cessation As Employer/Add Document in Uploading Page' is clicked on

2018-11-28 11:24:32 - [TEST_STEP][PASSED] - delay: Delayed 2 second(s)

2018-11-28 11:24:34 - [MESSAGE][PASSED] - Delayed 2 second(s)

2018-11-28 11:24:34 - [TEST_STEP][PASSED] - click: Object: 'Object Repository/Final Object Repo/Page_Form 1A - Cessation As Employer/Save  Continue in Uploading Page' is clicked on

2018-11-28 11:24:37 - [MESSAGE][PASSED] - Object: 'Object Repository/Final Object Repo/Page_Form 1A - Cessation As Employer/Save  Continue in Uploading Page' is clicked on

2018-11-28 11:24:37 - [TEST_STEP][PASSED] - delay: Delayed 2 second(s)

2018-11-28 11:24:39 - [MESSAGE][PASSED] - Delayed 2 second(s)

2018-11-28 11:24:39 - [TEST_STEP][PASSED] - click: Object: 'Object Repository/Final Object Repo/Page_Form 1A - Cessation As Employer/Submit2' is clicked on

2018-11-28 11:24:42 - [MESSAGE][PASSED] - Object: 'Object Repository/Final Object Repo/Page_Form 1A - Cessation As Employer/Submit2' is clicked on

2018-11-28 11:24:42 - [TEST_STEP][PASSED] - delay: Delayed 2 second(s)

2018-11-28 11:24:44 - [MESSAGE][PASSED] - Delayed 2 second(s)

2018-11-28 11:24:44 - [TEST_STEP][PASSED] - click: Object: 'Object Repository/Final Object Repo/Page_Form 1A - Cessation As Employer/Confirm' is clicked on

2018-11-28 11:24:44 - [MESSAGE][PASSED] - Object: 'Object Repository/Final Object Repo/Page_Form 1A - Cessation As Employer/Confirm' is clicked on

2018-11-28 11:24:44 - [TEST_STEP][PASSED] - delay: Delayed 2 second(s)

2018-11-28 11:24:46 - [MESSAGE][PASSED] - Delayed 2 second(s)

2018-11-28 11:24:46 - [TEST_STEP][PASSED] - verifyElementVisible: Object 'Object Repository/Final Object Repo/Page_Form 1A - Cessation As Employer/Message Your Request will be routed to UO' is visible

2018-11-28 11:24:50 - [MESSAGE][PASSED] - Object 'Object Repository/Final Object Repo/Page_Form 1A - Cessation As Employer/Message Your Request will be routed to UO' is visible

2018-11-28 11:24:50 - [TEST_STEP][PASSED] - delay: Delayed 1 second(s)

2018-11-28 11:24:51 - [MESSAGE][PASSED] - Delayed 1 second(s)

2018-11-28 11:24:51 - [TEST_STEP][PASSED] - verifyElementVisible: Object 'Object Repository/Final Object Repo/Page_Form 1A - Cessation As Employer/Letter of acknowledgement' is visible

2018-11-28 11:24:51 - [MESSAGE][PASSED] - Object 'Object Repository/Final Object Repo/Page_Form 1A - Cessation As Employer/Letter of acknowledgement' is visible

2018-11-28 11:24:51 - [MESSAGE][PASSED] - Call Test Case 'Test Cases/Final Aug 2018 - PKS Automation/Registration Module/Workflow/Form 1A - Cessation As Employer/Template/Form 1 A - Cessation As Employer (Employer)' successfully

2018-11-28 11:24:51 - [TEST_STEP][PASSED] - callTestCase: Call Test Case 'Test Cases/Final Aug 2018 - PKS Automation/Registration Module/Workflow/Form 1A - Cessation As Employer/Template/Form 1 A - Cessation As Employer (Query)' successfully

2018-11-28 11:24:51 - [TEST_CASE][PASSED] - Test Cases/Final Aug 2018 - PKS Automation/Registration Module/Workflow/Form 1A - Cessation As Employer/Template/Form 1 A - Cessation As Employer (Query): Test Cases/Final Aug 2018 - PKS Automation/Registration Module/Workflow/Form 1A - Cessation As Employer/Template/Form 1 A - Cessation As Employer (Query)

2018-11-28 11:24:52 - [TEST_STEP][NOT_RUN] - callTestCase: NOT_RUN: callTestCase

2018-11-28 11:24:52 - [MESSAGE][NOT_RUN] - NOT_RUN: callTestCase

2018-11-28 11:24:52 - [TEST_STEP][PASSED] - delay: Delayed 1 second(s)

2018-11-28 11:24:53 - [MESSAGE][PASSED] - Delayed 1 second(s)

2018-11-28 11:24:53 - [TEST_STEP][PASSED] - navigateToUrl: Navigate to 'https://assist2-uat.perkeso.gov.my/c/portal/logout' successfully

2018-11-28 11:24:54 - [MESSAGE][PASSED] - Navigate to 'https://assist2-uat.perkeso.gov.my/c/portal/logout' successfully

2018-11-28 11:24:54 - [TEST_STEP][PASSED] - delay: Delayed 1 second(s)

2018-11-28 11:24:55 - [MESSAGE][PASSED] - Delayed 1 second(s)

2018-11-28 11:24:55 - [TEST_STEP][PASSED] - callTestCase: Call Test Case 'Test Cases/Final Aug 2018 - PKS Automation/Common/Reference Number Getter' successfully

2018-11-28 11:24:55 - [TEST_CASE][PASSED] - Test Cases/Final Aug 2018 - PKS Automation/Common/Reference Number Getter: Test Cases/Final Aug 2018 - PKS Automation/Common/Reference Number Getter

2018-11-28 11:24:55 - [TEST_STEP][PASSED] - Statement - Try: null

2018-11-28 11:24:55 - [TEST_STEP][PASSED] - Statement - RefNo = new java.io.File(C://Users//Admin//Desktop//PKS//Automation Reference Point//KatalonReference.txt): null

2018-11-28 11:24:55 - [TEST_STEP][PASSED] - Statement - bufferread = new java.io.BufferedReader(new java.io.FileReader(RefNo)): null

2018-11-28 11:24:55 - [TEST_STEP][PASSED] - Statement - readedVal = bufferread.readLine(): null

2018-11-28 11:24:55 - [TEST_STEP][PASSED] - Statement - out.println(CaseReferenceNo): null

2018-11-28 11:24:55 - [TEST_STEP][PASSED] - Statement - out.println(readedVal): null

2018-11-28 11:24:55 - [TEST_STEP][PASSED] - Statement - CaseReferenceNo = "": null

2018-11-28 11:24:55 - [TEST_STEP][PASSED] - Statement - CaseReferenceNo = readedVal: null

2018-11-28 11:24:55 - [MESSAGE][PASSED] - Call Test Case 'Test Cases/Final Aug 2018 - PKS Automation/Common/Reference Number Getter' successfully

2018-11-28 11:24:55 - [TEST_STEP][PASSED] - callTestCase: Call Test Case 'Test Cases/Final Aug 2018 - PKS Automation/Common/Workflow Owner Finder' successfully

2018-11-28 11:24:55 - [TEST_CASE][PASSED] - Test Cases/Final Aug 2018 - PKS Automation/Common/Workflow Owner Finder: Test Cases/Final Aug 2018 - PKS Automation/Common/Workflow Owner Finder

2018-11-28 11:24:55 - [TEST_STEP][PASSED] - openBrowser: Browser is opened with url: ''

2018-11-28 11:24:55 - [MESSAGE][WARNING] - A browser is already opened. Closing browser and opening a new one

2018-11-28 11:24:58 - [MESSAGE][PASSED] - Browser is opened with url: ''

2018-11-28 11:24:58 - [TEST_STEP][PASSED] - navigateToUrl: Navigate to 'https://assist2-uat.perkeso.gov.my/login' successfully

2018-11-28 11:24:59 - [MESSAGE][PASSED] - Navigate to 'https://assist2-uat.perkeso.gov.my/login' successfully

2018-11-28 11:24:59 - [TEST_STEP][PASSED] - delay: Delayed 5 second(s)

2018-11-28 11:25:04 - [MESSAGE][PASSED] - Delayed 5 second(s)

2018-11-28 11:25:04 - [TEST_STEP][PASSED] - setText: Text 'test@liferay.com' is set on object 'Object Repository/Final Object Repo/Login Page/Internal User/Email Address'

2018-11-28 11:25:04 - [MESSAGE][PASSED] - Text 'test@liferay.com' is set on object 'Object Repository/Final Object Repo/Login Page/Internal User/Email Address'

2018-11-28 11:25:04 - [TEST_STEP][PASSED] - click: Object: 'Object Repository/Final Object Repo/Login Page/Internal User/Next Button' is clicked on

2018-11-28 11:25:04 - [MESSAGE][PASSED] - Object: 'Object Repository/Final Object Repo/Login Page/Internal User/Next Button' is clicked on

2018-11-28 11:25:04 - [TEST_STEP][PASSED] - delay: Delayed 2 second(s)

2018-11-28 11:25:06 - [MESSAGE][PASSED] - Delayed 2 second(s)

2018-11-28 11:25:06 - [TEST_STEP][PASSED] - setText: Text 'test' is set on object 'Object Repository/Final Object Repo/Login Page/Internal User/Password'

2018-11-28 11:25:07 - [MESSAGE][PASSED] - Text 'test' is set on object 'Object Repository/Final Object Repo/Login Page/Internal User/Password'

2018-11-28 11:25:07 - [TEST_STEP][PASSED] - delay: Delayed 2 second(s)

2018-11-28 11:25:09 - [MESSAGE][PASSED] - Delayed 2 second(s)

2018-11-28 11:25:09 - [TEST_STEP][PASSED] - click: Object: 'Object Repository/Final Object Repo/Login Page/Internal User/Login Button' is clicked on

2018-11-28 11:25:09 - [MESSAGE][PASSED] - Object: 'Object Repository/Final Object Repo/Login Page/Internal User/Login Button' is clicked on

2018-11-28 11:25:09 - [TEST_STEP][PASSED] - Statement - Try: null

2018-11-28 11:25:09 - [TEST_STEP][PASSED] - Statement - Checker = com.kms.katalon.core.webui.keyword.WebUiBuiltInKeywords.verifyElementNotPresent("Final Object Repo/Landing Page/Select to English", 3): null

2018-11-28 11:25:09 - [TEST_STEP][PASSED] - Statement - Catch (Exception e): null

2018-11-28 11:25:09 - [TEST_STEP][PASSED] - Statement - e.printStackTrace(): null

2018-11-28 11:25:09 - [TEST_STEP][PASSED] - delay: Delayed 5 second(s)

2018-11-28 11:25:14 - [MESSAGE][PASSED] - Delayed 5 second(s)

2018-11-28 11:25:14 - [TEST_STEP][PASSED] - mouseOver: Object: 'Object Repository/Final Object Repo/Landing Page/WorkFlow Menu' is hovered

2018-11-28 11:25:14 - [MESSAGE][PASSED] - Object: 'Object Repository/Final Object Repo/Landing Page/WorkFlow Menu' is hovered

2018-11-28 11:25:14 - [TEST_STEP][PASSED] - delay: Delayed 2 second(s)

2018-11-28 11:25:16 - [MESSAGE][PASSED] - Delayed 2 second(s)

2018-11-28 11:25:16 - [TEST_STEP][PASSED] - click: Object: 'Object Repository/Final Object Repo/Landing Page/Select to Workflow Listing' is clicked on

2018-11-28 11:25:17 - [MESSAGE][PASSED] - Object: 'Object Repository/Final Object Repo/Landing Page/Select to Workflow Listing' is clicked on

2018-11-28 11:25:17 - [TEST_STEP][PASSED] - delay: Delayed 2 second(s)

2018-11-28 11:25:19 - [MESSAGE][PASSED] - Delayed 2 second(s)

2018-11-28 11:25:19 - [TEST_STEP][PASSED] - click: Object: 'Object Repository/Final Object Repo/WorkFlow Listing Page/Search Information - To Put Ref No' is clicked on

2018-11-28 11:25:19 - [MESSAGE][PASSED] - Object: 'Object Repository/Final Object Repo/WorkFlow Listing Page/Search Information - To Put Ref No' is clicked on

2018-11-28 11:25:19 - [TEST_STEP][PASSED] - delay: Delayed 2 second(s)

2018-11-28 11:25:21 - [MESSAGE][PASSED] - Delayed 2 second(s)

2018-11-28 11:25:21 - [TEST_STEP][PASSED] - callTestCase: Call Test Case 'Test Cases/Final Aug 2018 - PKS Automation/Common/Reference Number Getter' successfully

2018-11-28 11:25:22 - [TEST_CASE][PASSED] - Test Cases/Final Aug 2018 - PKS Automation/Common/Reference Number Getter: Test Cases/Final Aug 2018 - PKS Automation/Common/Reference Number Getter

2018-11-28 11:25:22 - [TEST_STEP][PASSED] - Statement - Try: null

2018-11-28 11:25:22 - [TEST_STEP][PASSED] - Statement - RefNo = new java.io.File(C://Users//Admin//Desktop//PKS//Automation Reference Point//KatalonReference.txt): null

2018-11-28 11:25:22 - [TEST_STEP][PASSED] - Statement - bufferread = new java.io.BufferedReader(new java.io.FileReader(RefNo)): null

2018-11-28 11:25:22 - [TEST_STEP][PASSED] - Statement - readedVal = bufferread.readLine(): null

2018-11-28 11:25:22 - [TEST_STEP][PASSED] - Statement - out.println(CaseReferenceNo): null

2018-11-28 11:25:22 - [TEST_STEP][PASSED] - Statement - out.println(readedVal): null

2018-11-28 11:25:22 - [TEST_STEP][PASSED] - Statement - CaseReferenceNo = "": null

2018-11-28 11:25:22 - [TEST_STEP][PASSED] - Statement - CaseReferenceNo = readedVal: null

2018-11-28 11:25:22 - [MESSAGE][PASSED] - Call Test Case 'Test Cases/Final Aug 2018 - PKS Automation/Common/Reference Number Getter' successfully

2018-11-28 11:25:22 - [TEST_STEP][PASSED] - setText: Text 'CUN112018C200001658' is set on object 'Object Repository/Final Object Repo/WorkFlow Listing Page/Ref No Set Text'

2018-11-28 11:25:22 - [MESSAGE][PASSED] - Text 'CUN112018C200001658' is set on object 'Object Repository/Final Object Repo/WorkFlow Listing Page/Ref No Set Text'

2018-11-28 11:25:22 - [TEST_STEP][PASSED] - delay: Delayed 2 second(s)

2018-11-28 11:25:24 - [MESSAGE][PASSED] - Delayed 2 second(s)

2018-11-28 11:25:24 - [TEST_STEP][PASSED] - click: Object: 'Object Repository/Final Object Repo/WorkFlow Listing Page/Search Ref No Search Button' is clicked on

2018-11-28 11:25:24 - [MESSAGE][PASSED] - Object: 'Object Repository/Final Object Repo/WorkFlow Listing Page/Search Ref No Search Button' is clicked on

2018-11-28 11:25:24 - [TEST_STEP][PASSED] - delay: Delayed 4 second(s)

2018-11-28 11:25:28 - [MESSAGE][PASSED] - Delayed 4 second(s)

2018-11-28 11:25:28 - [TEST_STEP][PASSED] - click: Object: 'Object Repository/Final Object Repo/WorkFlow Listing Page/Click Continue Tooltip' is clicked on

2018-11-28 11:25:29 - [MESSAGE][PASSED] - Object: 'Object Repository/Final Object Repo/WorkFlow Listing Page/Click Continue Tooltip' is clicked on

2018-11-28 11:25:29 - [TEST_STEP][PASSED] - delay: Delayed 5 second(s)

2018-11-28 11:25:34 - [MESSAGE][PASSED] - Delayed 5 second(s)

2018-11-28 11:25:34 - [TEST_STEP][PASSED] - doubleClick: Object: 'Object Repository/Final Object Repo/WorkFlow Listing Page/Workflow Found - Listing 1' is double clicked on

2018-11-28 11:25:34 - [MESSAGE][PASSED] - Object: 'Object Repository/Final Object Repo/WorkFlow Listing Page/Workflow Found - Listing 1' is double clicked on

2018-11-28 11:25:34 - [TEST_STEP][PASSED] - Statement - println(OwnerID): null

2018-11-28 11:25:34 - [TEST_STEP][PASSED] - Statement - OwnerID = com.kms.katalon.core.webui.keyword.WebUiBuiltInKeywords.getText(com.kms.katalon.core.testobject.ObjectRepository.findTestObject(Final Object Repo/WorkFlow Listing Page/Workflow Found - Listing 1), STOP_ON_FAILURE): Text of object 'Object Repository/Final Object Repo/WorkFlow Listing Page/Workflow Found - Listing 1' is: 'JOHORuo3'

2018-11-28 11:25:34 - [MESSAGE][PASSED] - Text of object 'Object Repository/Final Object Repo/WorkFlow Listing Page/Workflow Found - Listing 1' is: 'JOHORuo3'

2018-11-28 11:25:34 - [TEST_STEP][PASSED] - Statement - OwnerID = OwnerID.toLowerCase() + "@gmail.com": null

2018-11-28 11:25:34 - [TEST_STEP][PASSED] - Statement - println(OwnerID): null

2018-11-28 11:25:34 - [TEST_STEP][PASSED] - delay: Delayed 2 second(s)

2018-11-28 11:25:36 - [MESSAGE][PASSED] - Delayed 2 second(s)

2018-11-28 11:25:36 - [MESSAGE][PASSED] - Call Test Case 'Test Cases/Final Aug 2018 - PKS Automation/Common/Workflow Owner Finder' successfully

2018-11-28 11:25:36 - [TEST_STEP][PASSED] - delay: Delayed 1 second(s)

2018-11-28 11:25:37 - [MESSAGE][PASSED] - Delayed 1 second(s)

2018-11-28 11:25:37 - [TEST_STEP][PASSED] - navigateToUrl: Navigate to 'https://assist2-uat.perkeso.gov.my/c/portal/logout' successfully

2018-11-28 11:25:38 - [MESSAGE][PASSED] - Navigate to 'https://assist2-uat.perkeso.gov.my/c/portal/logout' successfully

2018-11-28 11:25:38 - [TEST_STEP][PASSED] - delay: Delayed 1 second(s)

2018-11-28 11:25:39 - [MESSAGE][PASSED] - Delayed 1 second(s)

2018-11-28 11:25:39 - [TEST_STEP][PASSED] - callTestCase: Call Test Case 'Test Cases/Final Aug 2018 - PKS Automation/Registration Module/Workflow/Login and Search Case For Workflow' successfully

2018-11-28 11:25:39 - [TEST_CASE][PASSED] - Test Cases/Final Aug 2018 - PKS Automation/Registration Module/Workflow/Login and Search Case For Workflow: Test Cases/Final Aug 2018 - PKS Automation/Registration Module/Workflow/Login and Search Case For Workflow

2018-11-28 11:25:39 - [TEST_STEP][PASSED] - navigateToUrl: Navigate to 'https://assist2-uat.perkeso.gov.my/login' successfully

2018-11-28 11:25:40 - [MESSAGE][PASSED] - Navigate to 'https://assist2-uat.perkeso.gov.my/login' successfully

2018-11-28 11:25:40 - [TEST_STEP][PASSED] - setText: Text 'johoruo3@gmail.com' is set on object 'Object Repository/Final Object Repo/Login Page/Internal User/Email Address'

2018-11-28 11:25:40 - [MESSAGE][PASSED] - Text 'johoruo3@gmail.com' is set on object 'Object Repository/Final Object Repo/Login Page/Internal User/Email Address'

2018-11-28 11:25:40 - [TEST_STEP][PASSED] - click: Object: 'Object Repository/Final Object Repo/Login Page/Internal User/Next Button' is clicked on

2018-11-28 11:25:40 - [MESSAGE][PASSED] - Object: 'Object Repository/Final Object Repo/Login Page/Internal User/Next Button' is clicked on

2018-11-28 11:25:40 - [TEST_STEP][PASSED] - delay: Delayed 1 second(s)

2018-11-28 11:25:41 - [MESSAGE][PASSED] - Delayed 1 second(s)

2018-11-28 11:25:41 - [TEST_STEP][PASSED] - setEncryptedText: Text ****** has been set on object 'Object Repository/Final Object Repo/Login Page/Internal User/Password'

2018-11-28 11:25:42 - [MESSAGE][PASSED] - Text ****** has been set on object 'Object Repository/Final Object Repo/Login Page/Internal User/Password'

2018-11-28 11:25:42 - [TEST_STEP][PASSED] - click: Object: 'Object Repository/Final Object Repo/Login Page/Internal User/Login Button' is clicked on

2018-11-28 11:25:42 - [MESSAGE][PASSED] - Object: 'Object Repository/Final Object Repo/Login Page/Internal User/Login Button' is clicked on

2018-11-28 11:25:42 - [TEST_STEP][PASSED] - delay: Delayed 2 second(s)

2018-11-28 11:25:44 - [MESSAGE][PASSED] - Delayed 2 second(s)

2018-11-28 11:25:44 - [TEST_STEP][PASSED] - Statement - Try: Delayed 2 second(s)

2018-11-28 11:25:44 - [TEST_STEP][PASSED] - Statement - Checker = false: null

2018-11-28 11:25:44 - [TEST_STEP][PASSED] - Statement - Checker = com.kms.katalon.core.webui.keyword.WebUiBuiltInKeywords.verifyElementHasAttribute(com.kms.katalon.core.testobject.ObjectRepository.findTestObject(Final Object Repo/Landing Page/BM Detecting), "href", 20, OPTIONAL): Object 'Object Repository/Final Object Repo/Landing Page/BM Detecting' has attribute 'href'

2018-11-28 11:25:44 - [MESSAGE][PASSED] - Object 'Object Repository/Final Object Repo/Landing Page/BM Detecting' has attribute 'href'

2018-11-28 11:25:44 - [TEST_STEP][PASSED] - Statement - out.println(Checker): null

2018-11-28 11:25:44 - [TEST_STEP][PASSED] - Statement - If (Checker == false): null

2018-11-28 11:25:44 - [TEST_STEP][PASSED] - Statement - Else: null

2018-11-28 11:25:44 - [TEST_STEP][PASSED] - delay: Delayed 2 second(s)

2018-11-28 11:25:46 - [MESSAGE][PASSED] - Delayed 2 second(s)

2018-11-28 11:25:46 - [TEST_STEP][PASSED] - click: Object: 'Object Repository/Final Object Repo/Page_MyASSIST - ASSIST - Search Pending Case For Add Supporting Document/Search Information' is clicked on

2018-11-28 11:25:46 - [MESSAGE][PASSED] - Object: 'Object Repository/Final Object Repo/Page_MyASSIST - ASSIST - Search Pending Case For Add Supporting Document/Search Information' is clicked on

2018-11-28 11:25:46 - [TEST_STEP][PASSED] - delay: Delayed 3 second(s)

2018-11-28 11:25:49 - [MESSAGE][PASSED] - Delayed 3 second(s)

2018-11-28 11:25:49 - [TEST_STEP][PASSED] - sendKeys: Keys 'CUN112018C200001658' sent to object: 'Object Repository/Final Object Repo/Page_MyASSIST - ASSIST - Search Pending Case For Add Supporting Document/Reference No'

2018-11-28 11:25:50 - [MESSAGE][PASSED] - Keys 'CUN112018C200001658' sent to object: 'Object Repository/Final Object Repo/Page_MyASSIST - ASSIST - Search Pending Case For Add Supporting Document/Reference No'

2018-11-28 11:25:50 - [TEST_STEP][PASSED] - click: Object: 'Object Repository/Final Object Repo/Page_MyASSIST - ASSIST - Search Pending Case For Add Supporting Document/Search Reference No' is clicked on

2018-11-28 11:25:50 - [MESSAGE][PASSED] - Object: 'Object Repository/Final Object Repo/Page_MyASSIST - ASSIST - Search Pending Case For Add Supporting Document/Search Reference No' is clicked on

2018-11-28 11:25:50 - [TEST_STEP][PASSED] - delay: Delayed 2 second(s)

2018-11-28 11:25:52 - [MESSAGE][PASSED] - Delayed 2 second(s)

2018-11-28 11:25:52 - [TEST_STEP][PASSED] - click: Object: 'Object Repository/Final Object Repo/Page_MyASSIST - ASSIST - Search Pending Case For Add Supporting Document/Continue' is clicked on

2018-11-28 11:25:55 - [MESSAGE][PASSED] - Object: 'Object Repository/Final Object Repo/Page_MyASSIST - ASSIST - Search Pending Case For Add Supporting Document/Continue' is clicked on

2018-11-28 11:25:55 - [TEST_STEP][PASSED] - delay: Delayed 20 second(s)

2018-11-28 11:26:15 - [MESSAGE][PASSED] - Delayed 20 second(s)

2018-11-28 11:26:15 - [MESSAGE][PASSED] - Call Test Case 'Test Cases/Final Aug 2018 - PKS Automation/Registration Module/Workflow/Login and Search Case For Workflow' successfully

2018-11-28 11:26:15 - [TEST_STEP][PASSED] - click: Object: 'Object Repository/Final Object Repo/Page_Form 1A - Cessation As Employer/Page_Form 1A - Cessation As Employer (Approve)/Save  Continue in Form 1A Page' is clicked on

2018-11-28 11:26:15 - [MESSAGE][PASSED] - Object: 'Object Repository/Final Object Repo/Page_Form 1A - Cessation As Employer/Page_Form 1A - Cessation As Employer (Approve)/Save  Continue in Form 1A Page' is clicked on

2018-11-28 11:26:15 - [TEST_STEP][PASSED] - delay: Delayed 2 second(s)

2018-11-28 11:26:17 - [MESSAGE][PASSED] - Delayed 2 second(s)

2018-11-28 11:26:17 - [TEST_STEP][PASSED] - click: Object: 'Object Repository/Final Object Repo/Page_Form 1A - Cessation As Employer/Employment Resign Date' is clicked on

2018-11-28 11:26:18 - [MESSAGE][PASSED] - Object: 'Object Repository/Final Object Repo/Page_Form 1A - Cessation As Employer/Employment Resign Date' is clicked on

2018-11-28 11:26:18 - [TEST_STEP][PASSED] - delay: Delayed 1 second(s)

2018-11-28 11:26:19 - [MESSAGE][PASSED] - Delayed 1 second(s)

2018-11-28 11:26:19 - [TEST_STEP][PASSED] - selectOptionByValue: All options with value '2030' are selected in object 'Object Repository/Final Object Repo/Page_Form 1A - Cessation As Employer/Employment Resign Date - Year' 

2018-11-28 11:26:19 - [MESSAGE][PASSED] - All options with value '2030' are selected in object 'Object Repository/Final Object Repo/Page_Form 1A - Cessation As Employer/Employment Resign Date - Year' 

2018-11-28 11:26:19 - [TEST_STEP][PASSED] - delay: Delayed 1 second(s)

2018-11-28 11:26:20 - [MESSAGE][PASSED] - Delayed 1 second(s)

2018-11-28 11:26:20 - [TEST_STEP][PASSED] - click: Object: 'Object Repository/Final Object Repo/Page_Form 1A - Cessation As Employer/Employment Resign Date - Year - Date' is clicked on

2018-11-28 11:26:20 - [MESSAGE][PASSED] - Object: 'Object Repository/Final Object Repo/Page_Form 1A - Cessation As Employer/Employment Resign Date - Year - Date' is clicked on

2018-11-28 11:26:20 - [TEST_STEP][PASSED] - delay: Delayed 2 second(s)

2018-11-28 11:26:22 - [MESSAGE][PASSED] - Delayed 2 second(s)

2018-11-28 11:26:22 - [TEST_STEP][PASSED] - click: Object: 'Object Repository/Final Object Repo/Page_Form 1A - Cessation As Employer/Page_Form 1A - Cessation As Employer (Approve)/Save  Continue in Update Add Employee Resigned Date Page' is clicked on

2018-11-28 11:26:22 - [MESSAGE][PASSED] - Object: 'Object Repository/Final Object Repo/Page_Form 1A - Cessation As Employer/Page_Form 1A - Cessation As Employer (Approve)/Save  Continue in Update Add Employee Resigned Date Page' is clicked on

2018-11-28 11:26:22 - [TEST_STEP][PASSED] - delay: Delayed 2 second(s)

2018-11-28 11:26:24 - [MESSAGE][PASSED] - Delayed 2 second(s)

2018-11-28 11:26:24 - [TEST_STEP][PASSED] - click: Object: 'Object Repository/Final Object Repo/Page_Form 1A - Cessation As Employer/Set Latest - Yes' is clicked on

2018-11-28 11:26:25 - [MESSAGE][PASSED] - Object: 'Object Repository/Final Object Repo/Page_Form 1A - Cessation As Employer/Set Latest - Yes' is clicked on

2018-11-28 11:26:25 - [TEST_STEP][PASSED] - delay: Delayed 2 second(s)

2018-11-28 11:26:27 - [MESSAGE][PASSED] - Delayed 2 second(s)

2018-11-28 11:26:27 - [TEST_STEP][PASSED] - setText: Text 'remark' is set on object 'Object Repository/Final Object Repo/Page_Form 1A - Cessation As Employer/Page_Form 1A - Cessation As Employer (Query)/Query - remark'

2018-11-28 11:26:28 - [MESSAGE][PASSED] - Text 'remark' is set on object 'Object Repository/Final Object Repo/Page_Form 1A - Cessation As Employer/Page_Form 1A - Cessation As Employer (Query)/Query - remark'

2018-11-28 11:26:28 - [TEST_STEP][PASSED] - delay: Delayed 2 second(s)

2018-11-28 11:26:30 - [MESSAGE][PASSED] - Delayed 2 second(s)

2018-11-28 11:26:30 - [TEST_STEP][PASSED] - click: Object: 'Object Repository/Final Object Repo/Page_Form 1A - Cessation As Employer/Page_Form 1A - Cessation As Employer (Approve)/Save  Contine in Uploading Document Page' is clicked on

2018-11-28 11:26:30 - [MESSAGE][PASSED] - Object: 'Object Repository/Final Object Repo/Page_Form 1A - Cessation As Employer/Page_Form 1A - Cessation As Employer (Approve)/Save  Contine in Uploading Document Page' is clicked on

2018-11-28 11:26:30 - [TEST_STEP][PASSED] - delay: Delayed 2 second(s)

2018-11-28 11:26:32 - [MESSAGE][PASSED] - Delayed 2 second(s)

2018-11-28 11:26:32 - [TEST_STEP][PASSED] - click: Object: 'Object Repository/Final Object Repo/Page_Form 1A - Cessation As Employer/Page_Form 1A - Cessation As Employer (Query)/Query' is clicked on

2018-11-28 11:26:35 - [MESSAGE][PASSED] - Object: 'Object Repository/Final Object Repo/Page_Form 1A - Cessation As Employer/Page_Form 1A - Cessation As Employer (Query)/Query' is clicked on

2018-11-28 11:26:35 - [TEST_STEP][PASSED] - delay: Delayed 2 second(s)

2018-11-28 11:26:37 - [MESSAGE][PASSED] - Delayed 2 second(s)

2018-11-28 11:26:37 - [TEST_STEP][PASSED] - click: Object: 'Object Repository/Final Object Repo/Page_Form 1A - Cessation As Employer/Page_Form 1A - Cessation As Employer (Query)/Confirm' is clicked on

2018-11-28 11:26:44 - [MESSAGE][PASSED] - Object: 'Object Repository/Final Object Repo/Page_Form 1A - Cessation As Employer/Page_Form 1A - Cessation As Employer (Query)/Confirm' is clicked on

2018-11-28 11:26:44 - [TEST_STEP][PASSED] - delay: Delayed 2 second(s)

2018-11-28 11:26:46 - [MESSAGE][PASSED] - Delayed 2 second(s)

2018-11-28 11:26:46 - [TEST_STEP][PASSED] - verifyElementVisible: Object 'Object Repository/Final Object Repo/Page_Form 1A - Cessation As Employer/Page_Form 1A - Cessation As Employer (Query)/MessageThe Case Is Under Query' is visible

2018-11-28 11:26:47 - [MESSAGE][PASSED] - Object 'Object Repository/Final Object Repo/Page_Form 1A - Cessation As Employer/Page_Form 1A - Cessation As Employer (Query)/MessageThe Case Is Under Query' is visible

2018-11-28 11:26:47 - [TEST_STEP][PASSED] - delay: Delayed 1 second(s)

2018-11-28 11:26:48 - [MESSAGE][PASSED] - Delayed 1 second(s)

2018-11-28 11:26:48 - [TEST_STEP][PASSED] - verifyElementVisible: Object 'Object Repository/Final Object Repo/Page_Form 1A - Cessation As Employer/Page_Form 1A - Cessation As Employer (Query)/Letter of inquiry' is visible

2018-11-28 11:26:48 - [MESSAGE][PASSED] - Object 'Object Repository/Final Object Repo/Page_Form 1A - Cessation As Employer/Page_Form 1A - Cessation As Employer (Query)/Letter of inquiry' is visible

2018-11-28 11:26:48 - [TEST_STEP][PASSED] - delay: Delayed 1 second(s)

2018-11-28 11:26:49 - [MESSAGE][PASSED] - Delayed 1 second(s)

2018-11-28 11:26:49 - [TEST_STEP][PASSED] - navigateToUrl: Navigate to 'https://assist2-uat.perkeso.gov.my/c/portal/logout' successfully

2018-11-28 11:26:49 - [MESSAGE][PASSED] - Navigate to 'https://assist2-uat.perkeso.gov.my/c/portal/logout' successfully

2018-11-28 11:26:49 - [TEST_STEP][PASSED] - delay: Delayed 1 second(s)

2018-11-28 11:26:50 - [MESSAGE][PASSED] - Delayed 1 second(s)

2018-11-28 11:26:50 - [TEST_STEP][PASSED] - callTestCase: Call Test Case 'Test Cases/Final Aug 2018 - PKS Automation/Registration Module/Workflow/Search Pending Case For Add Supporting Document (OTC)' successfully

2018-11-28 11:26:50 - [TEST_CASE][PASSED] - Test Cases/Final Aug 2018 - PKS Automation/Registration Module/Workflow/Search Pending Case For Add Supporting Document (OTC): Test Cases/Final Aug 2018 - PKS Automation/Registration Module/Workflow/Search Pending Case For Add Supporting Document (OTC)

2018-11-28 11:26:51 - [TEST_STEP][PASSED] - openBrowser: Browser is opened with url: ''

2018-11-28 11:26:51 - [MESSAGE][WARNING] - A browser is already opened. Closing browser and opening a new one

2018-11-28 11:26:54 - [MESSAGE][PASSED] - Browser is opened with url: ''

2018-11-28 11:26:54 - [TEST_STEP][PASSED] - navigateToUrl: Navigate to 'https://assist2-uat.perkeso.gov.my/login' successfully

2018-11-28 11:26:55 - [MESSAGE][PASSED] - Navigate to 'https://assist2-uat.perkeso.gov.my/login' successfully

2018-11-28 11:26:55 - [TEST_STEP][PASSED] - setText: Text 'johorotc1@gmail.com' is set on object 'Object Repository/Final Object Repo/Login Page/Internal User/Email Address'

2018-11-28 11:26:55 - [MESSAGE][PASSED] - Text 'johorotc1@gmail.com' is set on object 'Object Repository/Final Object Repo/Login Page/Internal User/Email Address'

2018-11-28 11:26:55 - [TEST_STEP][PASSED] - click: Object: 'Object Repository/Final Object Repo/Login Page/Internal User/Next Button' is clicked on

2018-11-28 11:26:55 - [MESSAGE][PASSED] - Object: 'Object Repository/Final Object Repo/Login Page/Internal User/Next Button' is clicked on

2018-11-28 11:26:55 - [TEST_STEP][PASSED] - delay: Delayed 1 second(s)

2018-11-28 11:26:56 - [MESSAGE][PASSED] - Delayed 1 second(s)

2018-11-28 11:26:56 - [TEST_STEP][PASSED] - setEncryptedText: Text ****** has been set on object 'Object Repository/Final Object Repo/Login Page/Internal User/Password'

2018-11-28 11:26:57 - [MESSAGE][PASSED] - Text ****** has been set on object 'Object Repository/Final Object Repo/Login Page/Internal User/Password'

2018-11-28 11:26:57 - [TEST_STEP][PASSED] - click: Object: 'Object Repository/Final Object Repo/Login Page/Internal User/Login Button' is clicked on

2018-11-28 11:26:57 - [MESSAGE][PASSED] - Object: 'Object Repository/Final Object Repo/Login Page/Internal User/Login Button' is clicked on

2018-11-28 11:26:57 - [TEST_STEP][PASSED] - delay: Delayed 1 second(s)

2018-11-28 11:26:58 - [MESSAGE][PASSED] - Delayed 1 second(s)

2018-11-28 11:26:58 - [TEST_STEP][PASSED] - Statement - Try: Delayed 2 second(s)

2018-11-28 11:26:58 - [TEST_STEP][PASSED] - Statement - Checker = false: null

2018-11-28 11:26:58 - [TEST_STEP][PASSED] - Statement - Checker = com.kms.katalon.core.webui.keyword.WebUiBuiltInKeywords.verifyElementHasAttribute(com.kms.katalon.core.testobject.ObjectRepository.findTestObject(Final Object Repo/Landing Page/BM Detecting), "href", 20, OPTIONAL): Object 'Object Repository/Final Object Repo/Landing Page/BM Detecting' has attribute 'href'

2018-11-28 11:26:59 - [MESSAGE][PASSED] - Object 'Object Repository/Final Object Repo/Landing Page/BM Detecting' has attribute 'href'

2018-11-28 11:26:59 - [TEST_STEP][PASSED] - Statement - out.println(Checker): null

2018-11-28 11:26:59 - [TEST_STEP][PASSED] - Statement - If (Checker == false): null

2018-11-28 11:26:59 - [TEST_STEP][PASSED] - Statement - Else: null

2018-11-28 11:26:59 - [TEST_STEP][PASSED] - delay: Delayed 2 second(s)

2018-11-28 11:27:01 - [MESSAGE][PASSED] - Delayed 2 second(s)

2018-11-28 11:27:01 - [TEST_STEP][PASSED] - navigateToUrl: Navigate to 'https://assist2-uat.perkeso.gov.my/web/registration/search/search-pending-case-for-add-supporting-document' successfully

2018-11-28 11:27:02 - [MESSAGE][PASSED] - Navigate to 'https://assist2-uat.perkeso.gov.my/web/registration/search/search-pending-case-for-add-supporting-document' successfully

2018-11-28 11:27:02 - [TEST_STEP][PASSED] - click: Object: 'Object Repository/Final Object Repo/Page_Search Pending Case For Add Suporting Document/Search By' is clicked on

2018-11-28 11:27:02 - [MESSAGE][PASSED] - Object: 'Object Repository/Final Object Repo/Page_Search Pending Case For Add Suporting Document/Search By' is clicked on

2018-11-28 11:27:02 - [TEST_STEP][PASSED] - click: Object: 'Object Repository/Final Object Repo/Page_Search Pending Case For Add Suporting Document/Search By - Reference ID' is clicked on

2018-11-28 11:27:02 - [MESSAGE][PASSED] - Object: 'Object Repository/Final Object Repo/Page_Search Pending Case For Add Suporting Document/Search By - Reference ID' is clicked on

2018-11-28 11:27:02 - [TEST_STEP][PASSED] - delay: Delayed 2 second(s)

2018-11-28 11:27:04 - [MESSAGE][PASSED] - Delayed 2 second(s)

2018-11-28 11:27:04 - [TEST_STEP][PASSED] - setText: Text 'CUN112018C200001658' is set on object 'Object Repository/Final Object Repo/Page_Search Pending Case For Add Suporting Document/Reference ID'

2018-11-28 11:27:05 - [MESSAGE][PASSED] - Text 'CUN112018C200001658' is set on object 'Object Repository/Final Object Repo/Page_Search Pending Case For Add Suporting Document/Reference ID'

2018-11-28 11:27:05 - [TEST_STEP][PASSED] - click: Object: 'Object Repository/Final Object Repo/Page_Search Pending Case For Add Suporting Document/Search' is clicked on

2018-11-28 11:27:05 - [MESSAGE][PASSED] - Object: 'Object Repository/Final Object Repo/Page_Search Pending Case For Add Suporting Document/Search' is clicked on

2018-11-28 11:27:05 - [TEST_STEP][PASSED] - delay: Delayed 2 second(s)

2018-11-28 11:27:07 - [MESSAGE][PASSED] - Delayed 2 second(s)

2018-11-28 11:27:07 - [TEST_STEP][PASSED] - click: Object: 'Object Repository/Final Object Repo/Page_Search Pending Case For Add Suporting Document/Edit' is clicked on

2018-11-28 11:27:10 - [MESSAGE][PASSED] - Object: 'Object Repository/Final Object Repo/Page_Search Pending Case For Add Suporting Document/Edit' is clicked on

2018-11-28 11:27:10 - [MESSAGE][PASSED] - Call Test Case 'Test Cases/Final Aug 2018 - PKS Automation/Registration Module/Workflow/Search Pending Case For Add Supporting Document (OTC)' successfully

2018-11-28 11:27:10 - [TEST_STEP][PASSED] - click: Object: 'Object Repository/Final Object Repo/Page_Form 1A - Cessation As Employer/Page_Form 1A - Cessation As Employer (Query -OTC -UO)/Next in Form 1A Page' is clicked on

2018-11-28 11:27:11 - [MESSAGE][PASSED] - Object: 'Object Repository/Final Object Repo/Page_Form 1A - Cessation As Employer/Page_Form 1A - Cessation As Employer (Query -OTC -UO)/Next in Form 1A Page' is clicked on

2018-11-28 11:27:11 - [TEST_STEP][PASSED] - delay: Delayed 2 second(s)

2018-11-28 11:27:13 - [MESSAGE][PASSED] - Delayed 2 second(s)

2018-11-28 11:27:13 - [TEST_STEP][PASSED] - click: Object: 'Object Repository/Final Object Repo/Page_Form 1A - Cessation As Employer/Page_Form 1A - Cessation As Employer (Query -OTC -UO)/Next in Resigned Date Page' is clicked on

2018-11-28 11:27:17 - [MESSAGE][PASSED] - Object: 'Object Repository/Final Object Repo/Page_Form 1A - Cessation As Employer/Page_Form 1A - Cessation As Employer (Query -OTC -UO)/Next in Resigned Date Page' is clicked on

2018-11-28 11:27:17 - [TEST_STEP][PASSED] - delay: Delayed 2 second(s)

2018-11-28 11:27:19 - [MESSAGE][PASSED] - Delayed 2 second(s)

2018-11-28 11:27:19 - [TEST_STEP][PASSED] - click: Object: 'Object Repository/Final Object Repo/Page_Form 1A - Cessation As Employer/Page_Form 1A - Cessation As Employer (Query -OTC -UO)/Add Document' is clicked on

2018-11-28 11:27:19 - [MESSAGE][PASSED] - Object: 'Object Repository/Final Object Repo/Page_Form 1A - Cessation As Employer/Page_Form 1A - Cessation As Employer (Query -OTC -UO)/Add Document' is clicked on

2018-11-28 11:27:19 - [TEST_STEP][PASSED] - delay: Delayed 2 second(s)

2018-11-28 11:27:21 - [MESSAGE][PASSED] - Delayed 2 second(s)

2018-11-28 11:27:21 - [TEST_STEP][PASSED] - click: Object: 'Object Repository/Final Object Repo/Page_Form 1A - Cessation As Employer/Page_Form 1A - Cessation As Employer (Query -OTC -UO)/Document Type' is clicked on

2018-11-28 11:27:22 - [MESSAGE][PASSED] - Object: 'Object Repository/Final Object Repo/Page_Form 1A - Cessation As Employer/Page_Form 1A - Cessation As Employer (Query -OTC -UO)/Document Type' is clicked on

2018-11-28 11:27:22 - [TEST_STEP][PASSED] - click: Object: 'Object Repository/Final Object Repo/Page_Form 1A - Cessation As Employer/Page_Form 1A - Cessation As Employer (Query -OTC -UO)/Document Type - Others' is clicked on

2018-11-28 11:27:22 - [MESSAGE][PASSED] - Object: 'Object Repository/Final Object Repo/Page_Form 1A - Cessation As Employer/Page_Form 1A - Cessation As Employer (Query -OTC -UO)/Document Type - Others' is clicked on

2018-11-28 11:27:22 - [TEST_STEP][PASSED] - delay: Delayed 2 second(s)

2018-11-28 11:27:24 - [MESSAGE][PASSED] - Delayed 2 second(s)

2018-11-28 11:27:24 - [TEST_STEP][PASSED] - sendKeys: Keys 'C:\Users\Public\Pictures\Sample Pictures\Koala.jpg' sent to object: 'Object Repository/Final Object Repo/Page_Form 1A - Cessation As Employer/Uploading File'

2018-11-28 11:27:24 - [MESSAGE][PASSED] - Keys 'C:\Users\Public\Pictures\Sample Pictures\Koala.jpg' sent to object: 'Object Repository/Final Object Repo/Page_Form 1A - Cessation As Employer/Uploading File'

2018-11-28 11:27:24 - [TEST_STEP][PASSED] - delay: Delayed 2 second(s)

2018-11-28 11:27:26 - [MESSAGE][PASSED] - Delayed 2 second(s)

2018-11-28 11:27:26 - [TEST_STEP][PASSED] - click: Object: 'Object Repository/Final Object Repo/Page_Form 1A - Cessation As Employer/Page_Form 1A - Cessation As Employer (Query -OTC -UO)/Add Document in Uploading Page' is clicked on

2018-11-28 11:27:26 - [MESSAGE][PASSED] - Object: 'Object Repository/Final Object Repo/Page_Form 1A - Cessation As Employer/Page_Form 1A - Cessation As Employer (Query -OTC -UO)/Add Document in Uploading Page' is clicked on

2018-11-28 11:27:26 - [TEST_STEP][PASSED] - delay: Delayed 4 second(s)

2018-11-28 11:27:30 - [MESSAGE][PASSED] - Delayed 4 second(s)

2018-11-28 11:27:30 - [TEST_STEP][PASSED] - click: Object: 'Object Repository/Final Object Repo/Page_Form 1A - Cessation As Employer/Page_Form 1A - Cessation As Employer (Query -OTC -UO)/Exit' is clicked on

2018-11-28 11:27:32 - [MESSAGE][PASSED] - Object: 'Object Repository/Final Object Repo/Page_Form 1A - Cessation As Employer/Page_Form 1A - Cessation As Employer (Query -OTC -UO)/Exit' is clicked on

2018-11-28 11:27:32 - [TEST_STEP][PASSED] - delay: Delayed 1 second(s)

2018-11-28 11:27:33 - [MESSAGE][PASSED] - Delayed 1 second(s)

2018-11-28 11:27:33 - [TEST_STEP][PASSED] - navigateToUrl: Navigate to 'https://assist2-uat.perkeso.gov.my/c/portal/logout' successfully

2018-11-28 11:27:33 - [MESSAGE][PASSED] - Navigate to 'https://assist2-uat.perkeso.gov.my/c/portal/logout' successfully

2018-11-28 11:27:33 - [TEST_STEP][PASSED] - delay: Delayed 1 second(s)

2018-11-28 11:27:34 - [MESSAGE][PASSED] - Delayed 1 second(s)

2018-11-28 11:27:34 - [TEST_STEP][PASSED] - callTestCase: Call Test Case 'Test Cases/Final Aug 2018 - PKS Automation/Registration Module/Workflow/Login and Search Case For Workflow' successfully

2018-11-28 11:27:34 - [TEST_CASE][PASSED] - Test Cases/Final Aug 2018 - PKS Automation/Registration Module/Workflow/Login and Search Case For Workflow: Test Cases/Final Aug 2018 - PKS Automation/Registration Module/Workflow/Login and Search Case For Workflow

2018-11-28 11:27:34 - [TEST_STEP][PASSED] - navigateToUrl: Navigate to 'https://assist2-uat.perkeso.gov.my/login' successfully

2018-11-28 11:27:35 - [MESSAGE][PASSED] - Navigate to 'https://assist2-uat.perkeso.gov.my/login' successfully

2018-11-28 11:27:35 - [TEST_STEP][PASSED] - setText: Text 'johoruo3@gmail.com' is set on object 'Object Repository/Final Object Repo/Login Page/Internal User/Email Address'

2018-11-28 11:27:35 - [MESSAGE][PASSED] - Text 'johoruo3@gmail.com' is set on object 'Object Repository/Final Object Repo/Login Page/Internal User/Email Address'

2018-11-28 11:27:35 - [TEST_STEP][PASSED] - click: Object: 'Object Repository/Final Object Repo/Login Page/Internal User/Next Button' is clicked on

2018-11-28 11:27:35 - [MESSAGE][PASSED] - Object: 'Object Repository/Final Object Repo/Login Page/Internal User/Next Button' is clicked on

2018-11-28 11:27:35 - [TEST_STEP][PASSED] - delay: Delayed 1 second(s)

2018-11-28 11:27:36 - [MESSAGE][PASSED] - Delayed 1 second(s)

2018-11-28 11:27:36 - [TEST_STEP][PASSED] - setEncryptedText: Text ****** has been set on object 'Object Repository/Final Object Repo/Login Page/Internal User/Password'

2018-11-28 11:27:37 - [MESSAGE][PASSED] - Text ****** has been set on object 'Object Repository/Final Object Repo/Login Page/Internal User/Password'

2018-11-28 11:27:37 - [TEST_STEP][PASSED] - click: Object: 'Object Repository/Final Object Repo/Login Page/Internal User/Login Button' is clicked on

2018-11-28 11:27:37 - [MESSAGE][PASSED] - Object: 'Object Repository/Final Object Repo/Login Page/Internal User/Login Button' is clicked on

2018-11-28 11:27:37 - [TEST_STEP][PASSED] - delay: Delayed 2 second(s)

2018-11-28 11:27:39 - [MESSAGE][PASSED] - Delayed 2 second(s)

2018-11-28 11:27:39 - [TEST_STEP][PASSED] - Statement - Try: Delayed 2 second(s)

2018-11-28 11:27:39 - [TEST_STEP][PASSED] - Statement - Checker = false: null

2018-11-28 11:27:39 - [TEST_STEP][PASSED] - Statement - Checker = com.kms.katalon.core.webui.keyword.WebUiBuiltInKeywords.verifyElementHasAttribute(com.kms.katalon.core.testobject.ObjectRepository.findTestObject(Final Object Repo/Landing Page/BM Detecting), "href", 20, OPTIONAL): Object 'Object Repository/Final Object Repo/Landing Page/BM Detecting' has attribute 'href'

2018-11-28 11:27:39 - [MESSAGE][PASSED] - Object 'Object Repository/Final Object Repo/Landing Page/BM Detecting' has attribute 'href'

2018-11-28 11:27:39 - [TEST_STEP][PASSED] - Statement - out.println(Checker): null

2018-11-28 11:27:39 - [TEST_STEP][PASSED] - Statement - If (Checker == false): null

2018-11-28 11:27:39 - [TEST_STEP][PASSED] - Statement - Else: null

2018-11-28 11:27:39 - [TEST_STEP][PASSED] - delay: Delayed 2 second(s)

2018-11-28 11:27:41 - [MESSAGE][PASSED] - Delayed 2 second(s)

2018-11-28 11:27:41 - [TEST_STEP][PASSED] - click: Object: 'Object Repository/Final Object Repo/Page_MyASSIST - ASSIST - Search Pending Case For Add Supporting Document/Search Information' is clicked on

2018-11-28 11:27:41 - [MESSAGE][PASSED] - Object: 'Object Repository/Final Object Repo/Page_MyASSIST - ASSIST - Search Pending Case For Add Supporting Document/Search Information' is clicked on

2018-11-28 11:27:41 - [TEST_STEP][PASSED] - delay: Delayed 3 second(s)

2018-11-28 11:27:44 - [MESSAGE][PASSED] - Delayed 3 second(s)

2018-11-28 11:27:44 - [TEST_STEP][PASSED] - sendKeys: Keys 'CUN112018C200001658' sent to object: 'Object Repository/Final Object Repo/Page_MyASSIST - ASSIST - Search Pending Case For Add Supporting Document/Reference No'

2018-11-28 11:27:44 - [MESSAGE][PASSED] - Keys 'CUN112018C200001658' sent to object: 'Object Repository/Final Object Repo/Page_MyASSIST - ASSIST - Search Pending Case For Add Supporting Document/Reference No'

2018-11-28 11:27:44 - [TEST_STEP][PASSED] - click: Object: 'Object Repository/Final Object Repo/Page_MyASSIST - ASSIST - Search Pending Case For Add Supporting Document/Search Reference No' is clicked on

2018-11-28 11:27:45 - [MESSAGE][PASSED] - Object: 'Object Repository/Final Object Repo/Page_MyASSIST - ASSIST - Search Pending Case For Add Supporting Document/Search Reference No' is clicked on

2018-11-28 11:27:45 - [TEST_STEP][PASSED] - delay: Delayed 2 second(s)

2018-11-28 11:27:47 - [MESSAGE][PASSED] - Delayed 2 second(s)

2018-11-28 11:27:47 - [TEST_STEP][PASSED] - click: Object: 'Object Repository/Final Object Repo/Page_MyASSIST - ASSIST - Search Pending Case For Add Supporting Document/Continue' is clicked on

2018-11-28 11:27:50 - [MESSAGE][PASSED] - Object: 'Object Repository/Final Object Repo/Page_MyASSIST - ASSIST - Search Pending Case For Add Supporting Document/Continue' is clicked on

2018-11-28 11:27:50 - [TEST_STEP][PASSED] - delay: Delayed 20 second(s)

2018-11-28 11:28:10 - [MESSAGE][PASSED] - Delayed 20 second(s)

2018-11-28 11:28:10 - [MESSAGE][PASSED] - Call Test Case 'Test Cases/Final Aug 2018 - PKS Automation/Registration Module/Workflow/Login and Search Case For Workflow' successfully

2018-11-28 11:28:10 - [TEST_STEP][PASSED] - click: Object: 'Object Repository/Final Object Repo/Page_Form 1A - Cessation As Employer/Page_Form 1A - Cessation As Employer (Approve)/Save  Continue in Form 1A Page' is clicked on

2018-11-28 11:28:10 - [MESSAGE][PASSED] - Object: 'Object Repository/Final Object Repo/Page_Form 1A - Cessation As Employer/Page_Form 1A - Cessation As Employer (Approve)/Save  Continue in Form 1A Page' is clicked on

2018-11-28 11:28:10 - [TEST_STEP][PASSED] - delay: Delayed 3 second(s)

2018-11-28 11:28:13 - [MESSAGE][PASSED] - Delayed 3 second(s)

2018-11-28 11:28:13 - [TEST_STEP][PASSED] - click: Object: 'Object Repository/Final Object Repo/Page_Form 1A - Cessation As Employer/Page_Form 1A - Cessation As Employer (Approve)/Save  Continue in Update Add Employee Resigned Date Page' is clicked on

2018-11-28 11:28:14 - [MESSAGE][PASSED] - Object: 'Object Repository/Final Object Repo/Page_Form 1A - Cessation As Employer/Page_Form 1A - Cessation As Employer (Approve)/Save  Continue in Update Add Employee Resigned Date Page' is clicked on

2018-11-28 11:28:14 - [TEST_STEP][PASSED] - delay: Delayed 3 second(s)

2018-11-28 11:28:17 - [MESSAGE][PASSED] - Delayed 3 second(s)

2018-11-28 11:28:17 - [TEST_STEP][PASSED] - click: Object: 'Object Repository/Final Object Repo/Page_Form 1A - Cessation As Employer/Page_Form 1A - Cessation As Employer (Approve)/Save  Contine in Uploading Document Page' is clicked on

2018-11-28 11:28:17 - [MESSAGE][PASSED] - Object: 'Object Repository/Final Object Repo/Page_Form 1A - Cessation As Employer/Page_Form 1A - Cessation As Employer (Approve)/Save  Contine in Uploading Document Page' is clicked on

2018-11-28 11:28:17 - [TEST_STEP][PASSED] - delay: Delayed 3 second(s)

2018-11-28 11:28:20 - [MESSAGE][PASSED] - Delayed 3 second(s)

2018-11-28 11:28:20 - [TEST_STEP][PASSED] - click: Object: 'Object Repository/Final Object Repo/Page_Form 1A - Cessation As Employer/Page_Form 1A - Cessation As Employer (Approve)/Approve' is clicked on

2018-11-28 11:28:22 - [MESSAGE][PASSED] - Object: 'Object Repository/Final Object Repo/Page_Form 1A - Cessation As Employer/Page_Form 1A - Cessation As Employer (Approve)/Approve' is clicked on

2018-11-28 11:28:22 - [TEST_STEP][PASSED] - delay: Delayed 2 second(s)

2018-11-28 11:28:24 - [MESSAGE][PASSED] - Delayed 2 second(s)

2018-11-28 11:28:24 - [TEST_STEP][PASSED] - click: Object: 'Object Repository/Final Object Repo/Page_Form 1A - Cessation As Employer/Confirm' is clicked on

2018-11-28 11:28:24 - [MESSAGE][PASSED] - Object: 'Object Repository/Final Object Repo/Page_Form 1A - Cessation As Employer/Confirm' is clicked on

2018-11-28 11:28:24 - [TEST_STEP][PASSED] - delay: Delayed 2 second(s)

2018-11-28 11:28:26 - [MESSAGE][PASSED] - Delayed 2 second(s)

2018-11-28 11:28:26 - [TEST_STEP][PASSED] - click: Object: 'Object Repository/Final Object Repo/Page_Form 1A - Cessation As Employer/Page_Form 1A - Cessation As Employer (Approve)/Message Your Request    Form 1A ' is clicked on

2018-11-28 11:28:35 - [MESSAGE][PASSED] - Object: 'Object Repository/Final Object Repo/Page_Form 1A - Cessation As Employer/Page_Form 1A - Cessation As Employer (Approve)/Message Your Request    Form 1A ' is clicked on

2018-11-28 11:28:35 - [TEST_STEP][PASSED] - delay: Delayed 2 second(s)

2018-11-28 11:28:37 - [MESSAGE][PASSED] - Delayed 2 second(s)

2018-11-28 11:28:37 - [TEST_STEP][PASSED] - click: Object: 'Object Repository/Final Object Repo/Page_Form 1A - Cessation As Employer/Page_Form 1A - Cessation As Employer (Approve)/Letter of successful update' is clicked on

2018-11-28 11:28:38 - [MESSAGE][PASSED] - Object: 'Object Repository/Final Object Repo/Page_Form 1A - Cessation As Employer/Page_Form 1A - Cessation As Employer (Approve)/Letter of successful update' is clicked on

2018-11-28 11:28:38 - [MESSAGE][PASSED] - Call Test Case 'Test Cases/Final Aug 2018 - PKS Automation/Registration Module/Workflow/Form 1A - Cessation As Employer/Template/Form 1 A - Cessation As Employer (Query)' successfully]]></system-out>
         <system-err><![CDATA[]]></system-err>
      </testcase>
      <testcase name="Test Cases/Final Aug 2018 - PKS Automation/Registration Module/Workflow/Form 1A - Cessation As Employer/Employer to UO (Reject)" classname="Test Cases/Final Aug 2018 - PKS Automation/Registration Module/Workflow/Form 1A - Cessation As Employer/Employer to UO (Reject)" status="PASSED">
         <system-out><![CDATA[2018-11-28 11:28:38 - [TEST_CASE][PASSED] - Test Cases/Final Aug 2018 - PKS Automation/Registration Module/Workflow/Form 1A - Cessation As Employer/Employer to UO (Reject): Test Cases/Final Aug 2018 - PKS Automation/Registration Module/Workflow/Form 1A - Cessation As Employer/Employer to UO (Reject)

2018-11-28 11:28:39 - [TEST_STEP][PASSED] - callTestCase: Call Test Case 'Test Cases/Final Aug 2018 - PKS Automation/Registration Module/Workflow/Form 1A - Cessation As Employer/Template/Form 1 A - Cessation As Employer (Employer)' successfully

2018-11-28 11:28:39 - [TEST_CASE][PASSED] - Test Cases/Final Aug 2018 - PKS Automation/Registration Module/Workflow/Form 1A - Cessation As Employer/Template/Form 1 A - Cessation As Employer (Employer): Test Cases/Final Aug 2018 - PKS Automation/Registration Module/Workflow/Form 1A - Cessation As Employer/Template/Form 1 A - Cessation As Employer (Employer)

2018-11-28 11:28:39 - [TEST_STEP][PASSED] - callTestCase: Call Test Case 'Test Cases/Final Aug 2018 - PKS Automation/Registration Module/Workflow/Update Add New Employee/Template/New Company for Update Add New - Employer' successfully

2018-11-28 11:28:39 - [TEST_CASE][PASSED] - Test Cases/Final Aug 2018 - PKS Automation/Registration Module/Workflow/Update Add New Employee/Template/New Company for Update Add New - Employer: Test Cases/Final Aug 2018 - PKS Automation/Registration Module/Workflow/Update Add New Employee/Template/New Company for Update Add New - Employer

2018-11-28 11:28:39 - [TEST_STEP][PASSED] - callTestCase: Call Test Case 'Test Cases/Final Aug 2018 - PKS Automation/Create Employer Acc/Create Employer Account' successfully

2018-11-28 11:28:39 - [TEST_CASE][PASSED] - Test Cases/Final Aug 2018 - PKS Automation/Create Employer Acc/Create Employer Account: Test Cases/Final Aug 2018 - PKS Automation/Create Employer Acc/Create Employer Account

2018-11-28 11:28:39 - [TEST_STEP][PASSED] - callTestCase: Call Test Case 'Test Cases/Final Aug 2018 - PKS Automation/Create Employer Acc/Template/Register Employer' successfully

2018-11-28 11:28:40 - [TEST_CASE][PASSED] - Test Cases/Final Aug 2018 - PKS Automation/Create Employer Acc/Template/Register Employer: Test Cases/Final Aug 2018 - PKS Automation/Create Employer Acc/Template/Register Employer

2018-11-28 11:28:40 - [TEST_STEP][PASSED] - openBrowser: Browser is opened with url: ''

2018-11-28 11:28:40 - [MESSAGE][WARNING] - A browser is already opened. Closing browser and opening a new one

2018-11-28 11:28:43 - [MESSAGE][PASSED] - Browser is opened with url: ''

2018-11-28 11:28:43 - [TEST_STEP][PASSED] - navigateToUrl: Navigate to 'https://assist2-uat.perkeso.gov.my/login' successfully

2018-11-28 11:28:44 - [MESSAGE][PASSED] - Navigate to 'https://assist2-uat.perkeso.gov.my/login' successfully

2018-11-28 11:28:44 - [TEST_STEP][PASSED] - setText: Text 'johorotc1@gmail.com' is set on object 'Object Repository/Final Object Repo/Login Page/Internal User/Email Address'

2018-11-28 11:28:44 - [MESSAGE][PASSED] - Text 'johorotc1@gmail.com' is set on object 'Object Repository/Final Object Repo/Login Page/Internal User/Email Address'

2018-11-28 11:28:44 - [TEST_STEP][PASSED] - click: Object: 'Object Repository/Final Object Repo/Login Page/Internal User/Next Button' is clicked on

2018-11-28 11:28:44 - [MESSAGE][PASSED] - Object: 'Object Repository/Final Object Repo/Login Page/Internal User/Next Button' is clicked on

2018-11-28 11:28:44 - [TEST_STEP][PASSED] - delay: Delayed 1 second(s)

2018-11-28 11:28:45 - [MESSAGE][PASSED] - Delayed 1 second(s)

2018-11-28 11:28:45 - [TEST_STEP][PASSED] - setEncryptedText: Text ****** has been set on object 'Object Repository/Final Object Repo/Login Page/Internal User/Password'

2018-11-28 11:28:45 - [MESSAGE][PASSED] - Text ****** has been set on object 'Object Repository/Final Object Repo/Login Page/Internal User/Password'

2018-11-28 11:28:45 - [TEST_STEP][PASSED] - click: Object: 'Object Repository/Final Object Repo/Login Page/Internal User/Login Button' is clicked on

2018-11-28 11:28:46 - [MESSAGE][PASSED] - Object: 'Object Repository/Final Object Repo/Login Page/Internal User/Login Button' is clicked on

2018-11-28 11:28:46 - [TEST_STEP][PASSED] - delay: Delayed 1 second(s)

2018-11-28 11:28:47 - [MESSAGE][PASSED] - Delayed 1 second(s)

2018-11-28 11:28:47 - [TEST_STEP][PASSED] - navigateToUrl: Navigate to 'https://assist2-uat.perkeso.gov.my/web/base/portal-id/registration' successfully

2018-11-28 11:28:49 - [MESSAGE][PASSED] - Navigate to 'https://assist2-uat.perkeso.gov.my/web/base/portal-id/registration' successfully

2018-11-28 11:28:49 - [TEST_STEP][PASSED] - setText: Text 'AUTOMATION EMPLOYER' is set on object 'Object Repository/Final Object Repo/Creating Employer Account/Page_Registration - ASSIST (Base)/Employer Name'

2018-11-28 11:28:49 - [MESSAGE][PASSED] - Text 'AUTOMATION EMPLOYER' is set on object 'Object Repository/Final Object Repo/Creating Employer Account/Page_Registration - ASSIST (Base)/Employer Name'

2018-11-28 11:28:49 - [TEST_STEP][PASSED] - delay: Delayed 2 second(s)

2018-11-28 11:28:51 - [MESSAGE][PASSED] - Delayed 2 second(s)

2018-11-28 11:28:51 - [TEST_STEP][PASSED] - click: Object: 'Object Repository/Final Object Repo/Creating Employer Account/Page_Registration - ASSIST (Base)/Registration Type' is clicked on

2018-11-28 11:28:51 - [MESSAGE][PASSED] - Object: 'Object Repository/Final Object Repo/Creating Employer Account/Page_Registration - ASSIST (Base)/Registration Type' is clicked on

2018-11-28 11:28:51 - [TEST_STEP][PASSED] - delay: Delayed 2 second(s)

2018-11-28 11:28:53 - [MESSAGE][PASSED] - Delayed 2 second(s)

2018-11-28 11:28:53 - [TEST_STEP][PASSED] - click: Object: 'Object Repository/Final Object Repo/Creating Employer Account/Page_Registration - ASSIST (Base)/Registration Type - Registration No' is clicked on

2018-11-28 11:28:54 - [MESSAGE][PASSED] - Object: 'Object Repository/Final Object Repo/Creating Employer Account/Page_Registration - ASSIST (Base)/Registration Type - Registration No' is clicked on

2018-11-28 11:28:54 - [TEST_STEP][PASSED] - delay: Delayed 2 second(s)

2018-11-28 11:28:56 - [MESSAGE][PASSED] - Delayed 2 second(s)

2018-11-28 11:28:56 - [TEST_STEP][PASSED] - setText: Text '1234567890' is set on object 'Object Repository/Final Object Repo/Creating Employer Account/Page_Registration - ASSIST (Base)/Registration Number'

2018-11-28 11:28:56 - [MESSAGE][PASSED] - Text '1234567890' is set on object 'Object Repository/Final Object Repo/Creating Employer Account/Page_Registration - ASSIST (Base)/Registration Number'

2018-11-28 11:28:56 - [TEST_STEP][PASSED] - delay: Delayed 2 second(s)

2018-11-28 11:28:58 - [MESSAGE][PASSED] - Delayed 2 second(s)

2018-11-28 11:28:58 - [TEST_STEP][PASSED] - setText: Text 'ADDRESS 1' is set on object 'Object Repository/Final Object Repo/Creating Employer Account/Page_Registration - ASSIST (Base)/Postal Address 1'

2018-11-28 11:28:58 - [MESSAGE][PASSED] - Text 'ADDRESS 1' is set on object 'Object Repository/Final Object Repo/Creating Employer Account/Page_Registration - ASSIST (Base)/Postal Address 1'

2018-11-28 11:28:58 - [TEST_STEP][PASSED] - setText: Text 'ADDRESS 2' is set on object 'Object Repository/Final Object Repo/Creating Employer Account/Page_Registration - ASSIST (Base)/Postal Address 2'

2018-11-28 11:28:59 - [MESSAGE][PASSED] - Text 'ADDRESS 2' is set on object 'Object Repository/Final Object Repo/Creating Employer Account/Page_Registration - ASSIST (Base)/Postal Address 2'

2018-11-28 11:28:59 - [TEST_STEP][PASSED] - click: Object: 'Object Repository/Final Object Repo/Creating Employer Account/Page_Registration - ASSIST (Base)/State' is clicked on

2018-11-28 11:28:59 - [MESSAGE][PASSED] - Object: 'Object Repository/Final Object Repo/Creating Employer Account/Page_Registration - ASSIST (Base)/State' is clicked on

2018-11-28 11:28:59 - [TEST_STEP][PASSED] - delay: Delayed 2 second(s)

2018-11-28 11:29:01 - [MESSAGE][PASSED] - Delayed 2 second(s)

2018-11-28 11:29:01 - [TEST_STEP][PASSED] - click: Object: 'Object Repository/Final Object Repo/Creating Employer Account/Page_Registration - ASSIST (Base)/State - Johor' is clicked on

2018-11-28 11:29:01 - [MESSAGE][PASSED] - Object: 'Object Repository/Final Object Repo/Creating Employer Account/Page_Registration - ASSIST (Base)/State - Johor' is clicked on

2018-11-28 11:29:01 - [TEST_STEP][PASSED] - delay: Delayed 2 second(s)

2018-11-28 11:29:03 - [MESSAGE][PASSED] - Delayed 2 second(s)

2018-11-28 11:29:03 - [TEST_STEP][PASSED] - click: Object: 'Object Repository/Final Object Repo/Creating Employer Account/Page_Registration - ASSIST (Base)/City' is clicked on

2018-11-28 11:29:03 - [MESSAGE][PASSED] - Object: 'Object Repository/Final Object Repo/Creating Employer Account/Page_Registration - ASSIST (Base)/City' is clicked on

2018-11-28 11:29:03 - [TEST_STEP][PASSED] - delay: Delayed 2 second(s)

2018-11-28 11:29:05 - [MESSAGE][PASSED] - Delayed 2 second(s)

2018-11-28 11:29:05 - [TEST_STEP][PASSED] - setText: Text 'joh' is set on object 'Object Repository/Final Object Repo/Creating Employer Account/Page_Registration - ASSIST (Base)/City - joh'

2018-11-28 11:29:06 - [MESSAGE][PASSED] - Text 'joh' is set on object 'Object Repository/Final Object Repo/Creating Employer Account/Page_Registration - ASSIST (Base)/City - joh'

2018-11-28 11:29:06 - [TEST_STEP][PASSED] - delay: Delayed 2 second(s)

2018-11-28 11:29:08 - [MESSAGE][PASSED] - Delayed 2 second(s)

2018-11-28 11:29:08 - [TEST_STEP][PASSED] - click: Object: 'Object Repository/Final Object Repo/Creating Employer Account/Page_Registration - ASSIST (Base)/City - Johor Bharu' is clicked on

2018-11-28 11:29:08 - [MESSAGE][PASSED] - Object: 'Object Repository/Final Object Repo/Creating Employer Account/Page_Registration - ASSIST (Base)/City - Johor Bharu' is clicked on

2018-11-28 11:29:08 - [TEST_STEP][PASSED] - delay: Delayed 2 second(s)

2018-11-28 11:29:10 - [MESSAGE][PASSED] - Delayed 2 second(s)

2018-11-28 11:29:10 - [TEST_STEP][PASSED] - click: Object: 'Object Repository/Final Object Repo/Creating Employer Account/Page_Registration - ASSIST (Base)/Post Code' is clicked on

2018-11-28 11:29:10 - [MESSAGE][PASSED] - Object: 'Object Repository/Final Object Repo/Creating Employer Account/Page_Registration - ASSIST (Base)/Post Code' is clicked on

2018-11-28 11:29:10 - [TEST_STEP][PASSED] - delay: Delayed 2 second(s)

2018-11-28 11:29:12 - [MESSAGE][PASSED] - Delayed 2 second(s)

2018-11-28 11:29:12 - [TEST_STEP][PASSED] - setText: Text '810' is set on object 'Object Repository/Final Object Repo/Creating Employer Account/Page_Registration - ASSIST (Base)/Post Code - 810'

2018-11-28 11:29:12 - [MESSAGE][PASSED] - Text '810' is set on object 'Object Repository/Final Object Repo/Creating Employer Account/Page_Registration - ASSIST (Base)/Post Code - 810'

2018-11-28 11:29:12 - [TEST_STEP][PASSED] - delay: Delayed 2 second(s)

2018-11-28 11:29:14 - [MESSAGE][PASSED] - Delayed 2 second(s)

2018-11-28 11:29:14 - [TEST_STEP][PASSED] - click: Object: 'Object Repository/Final Object Repo/Creating Employer Account/Page_Registration - ASSIST (Base)/Post Code - 81000' is clicked on

2018-11-28 11:29:15 - [MESSAGE][PASSED] - Object: 'Object Repository/Final Object Repo/Creating Employer Account/Page_Registration - ASSIST (Base)/Post Code - 81000' is clicked on

2018-11-28 11:29:15 - [TEST_STEP][PASSED] - delay: Delayed 2 second(s)

2018-11-28 11:29:17 - [MESSAGE][PASSED] - Delayed 2 second(s)

2018-11-28 11:29:17 - [TEST_STEP][PASSED] - setText: Text 'PERKESO' is set on object 'Object Repository/Final Object Repo/Creating Employer Account/Page_Registration - ASSIST (Base)/Full Name'

2018-11-28 11:29:17 - [MESSAGE][PASSED] - Text 'PERKESO' is set on object 'Object Repository/Final Object Repo/Creating Employer Account/Page_Registration - ASSIST (Base)/Full Name'

2018-11-28 11:29:17 - [TEST_STEP][PASSED] - Statement - rnd = new java.util.Random(): null

2018-11-28 11:29:17 - [TEST_STEP][PASSED] - Statement - snum = rnd.nextInt(899999 + 1) + 100000: null

2018-11-28 11:29:17 - [TEST_STEP][PASSED] - Statement - tnum = rnd.nextInt(899999 + 1) + 100000: null

2018-11-28 11:29:17 - [TEST_STEP][PASSED] - Statement - IC = java.lang.Integer.toString(snum) + java.lang.Integer.toString(tnum): null

2018-11-28 11:29:17 - [TEST_STEP][PASSED] - Statement - out.println(IC): null

2018-11-28 11:29:17 - [TEST_STEP][PASSED] - setText: Text '761010574989' is set on object 'Object Repository/Final Object Repo/Creating Employer Account/Page_Registration - ASSIST (Base)/Identification Number'

2018-11-28 11:29:17 - [MESSAGE][PASSED] - Text '761010574989' is set on object 'Object Repository/Final Object Repo/Creating Employer Account/Page_Registration - ASSIST (Base)/Identification Number'

2018-11-28 11:29:17 - [TEST_STEP][PASSED] - delay: Delayed 2 second(s)

2018-11-28 11:29:19 - [MESSAGE][PASSED] - Delayed 2 second(s)

2018-11-28 11:29:19 - [TEST_STEP][PASSED] - setText: Text '123456789012' is set on object 'Object Repository/Final Object Repo/Creating Employer Account/Page_Registration - ASSIST (Base)/Contact Number'

2018-11-28 11:29:20 - [MESSAGE][PASSED] - Text '123456789012' is set on object 'Object Repository/Final Object Repo/Creating Employer Account/Page_Registration - ASSIST (Base)/Contact Number'

2018-11-28 11:29:20 - [TEST_STEP][PASSED] - Statement - Email = "perkeso" + IC + "@gmail.com": null

2018-11-28 11:29:20 - [TEST_STEP][PASSED] - delay: Delayed 2 second(s)

2018-11-28 11:29:22 - [MESSAGE][PASSED] - Delayed 2 second(s)

2018-11-28 11:29:22 - [TEST_STEP][PASSED] - callTestCase: Call Test Case 'Test Cases/Final Aug 2018 - PKS Automation/Create Employer Acc/Template/Employer Email Settler' successfully

2018-11-28 11:29:22 - [TEST_CASE][PASSED] - Test Cases/Final Aug 2018 - PKS Automation/Create Employer Acc/Template/Employer Email Settler: Test Cases/Final Aug 2018 - PKS Automation/Create Employer Acc/Template/Employer Email Settler

2018-11-28 11:29:22 - [TEST_STEP][PASSED] - Statement - EmpEmailOld = new java.io.File(C://Users//Admin//Desktop//PKS//Automation Reference Point//EmpEmail.txt): null

2018-11-28 11:29:22 - [TEST_STEP][PASSED] - Statement - EmpEmailOld.delete(): null

2018-11-28 11:29:22 - [TEST_STEP][PASSED] - Statement - EmpEmail = new java.io.File(C://Users//Admin//Desktop//PKS//Automation Reference Point//EmpEmail.txt): null

2018-11-28 11:29:22 - [TEST_STEP][PASSED] - Statement - EmpEmail.append(Email): null

2018-11-28 11:29:22 - [TEST_STEP][PASSED] - Statement - out.println(Email): null

2018-11-28 11:29:22 - [MESSAGE][PASSED] - Call Test Case 'Test Cases/Final Aug 2018 - PKS Automation/Create Employer Acc/Template/Employer Email Settler' successfully

2018-11-28 11:29:22 - [TEST_STEP][PASSED] - delay: Delayed 2 second(s)

2018-11-28 11:29:24 - [MESSAGE][PASSED] - Delayed 2 second(s)

2018-11-28 11:29:24 - [TEST_STEP][PASSED] - setText: Text 'perkeso761010574989@gmail.com' is set on object 'Object Repository/Final Object Repo/Creating Employer Account/Page_Registration - ASSIST (Base)/Email'

2018-11-28 11:29:24 - [MESSAGE][PASSED] - Text 'perkeso761010574989@gmail.com' is set on object 'Object Repository/Final Object Repo/Creating Employer Account/Page_Registration - ASSIST (Base)/Email'

2018-11-28 11:29:24 - [TEST_STEP][PASSED] - setText: Text '123' is set on object 'Object Repository/Final Object Repo/Creating Employer Account/Page_Registration - ASSIST (Base)/Security Phase'

2018-11-28 11:29:25 - [MESSAGE][PASSED] - Text '123' is set on object 'Object Repository/Final Object Repo/Creating Employer Account/Page_Registration - ASSIST (Base)/Security Phase'

2018-11-28 11:29:25 - [TEST_STEP][PASSED] - click: Object: 'Object Repository/Final Object Repo/Creating Employer Account/Page_Registration - ASSIST (Base)/Save  Continue' is clicked on

2018-11-28 11:29:25 - [MESSAGE][PASSED] - Object: 'Object Repository/Final Object Repo/Creating Employer Account/Page_Registration - ASSIST (Base)/Save  Continue' is clicked on

2018-11-28 11:29:25 - [TEST_STEP][PASSED] - delay: Delayed 2 second(s)

2018-11-28 11:29:27 - [MESSAGE][PASSED] - Delayed 2 second(s)

2018-11-28 11:29:27 - [TEST_STEP][PASSED] - click: Object: 'Object Repository/Final Object Repo/Creating Employer Account/Page_Registration - ASSIST (Base)/Add Document' is clicked on

2018-11-28 11:29:27 - [MESSAGE][PASSED] - Object: 'Object Repository/Final Object Repo/Creating Employer Account/Page_Registration - ASSIST (Base)/Add Document' is clicked on

2018-11-28 11:29:27 - [TEST_STEP][PASSED] - delay: Delayed 2 second(s)

2018-11-28 11:29:29 - [MESSAGE][PASSED] - Delayed 2 second(s)

2018-11-28 11:29:29 - [TEST_STEP][PASSED] - click: Object: 'Object Repository/Final Object Repo/Creating Employer Account/Page_Registration - ASSIST (Base)/Document Type' is clicked on

2018-11-28 11:29:29 - [MESSAGE][PASSED] - Object: 'Object Repository/Final Object Repo/Creating Employer Account/Page_Registration - ASSIST (Base)/Document Type' is clicked on

2018-11-28 11:29:29 - [TEST_STEP][PASSED] - delay: Delayed 2 second(s)

2018-11-28 11:29:31 - [MESSAGE][PASSED] - Delayed 2 second(s)

2018-11-28 11:29:31 - [TEST_STEP][PASSED] - click: Object: 'Object Repository/Final Object Repo/Creating Employer Account/Page_Registration - ASSIST (Base)/Document Type - Letter of Authorization' is clicked on

2018-11-28 11:29:31 - [MESSAGE][PASSED] - Object: 'Object Repository/Final Object Repo/Creating Employer Account/Page_Registration - ASSIST (Base)/Document Type - Letter of Authorization' is clicked on

2018-11-28 11:29:31 - [TEST_STEP][PASSED] - delay: Delayed 2 second(s)

2018-11-28 11:29:33 - [MESSAGE][PASSED] - Delayed 2 second(s)

2018-11-28 11:29:33 - [TEST_STEP][PASSED] - sendKeys: Keys 'C:\Users\Public\Pictures\Sample Pictures\Koala.jpg' sent to object: 'Object Repository/Final Object Repo/Creating Employer Account/Page_Registration - ASSIST (Base)/Uploading File'

2018-11-28 11:29:34 - [MESSAGE][PASSED] - Keys 'C:\Users\Public\Pictures\Sample Pictures\Koala.jpg' sent to object: 'Object Repository/Final Object Repo/Creating Employer Account/Page_Registration - ASSIST (Base)/Uploading File'

2018-11-28 11:29:34 - [TEST_STEP][PASSED] - delay: Delayed 2 second(s)

2018-11-28 11:29:36 - [MESSAGE][PASSED] - Delayed 2 second(s)

2018-11-28 11:29:36 - [TEST_STEP][PASSED] - click: Object: 'Object Repository/Final Object Repo/Creating Employer Account/Page_Registration - ASSIST (Base)/Add Document in Uploading File' is clicked on

2018-11-28 11:29:36 - [MESSAGE][PASSED] - Object: 'Object Repository/Final Object Repo/Creating Employer Account/Page_Registration - ASSIST (Base)/Add Document in Uploading File' is clicked on

2018-11-28 11:29:36 - [TEST_STEP][PASSED] - delay: Delayed 2 second(s)

2018-11-28 11:29:38 - [MESSAGE][PASSED] - Delayed 2 second(s)

2018-11-28 11:29:38 - [TEST_STEP][PASSED] - click: Object: 'Object Repository/Final Object Repo/Creating Employer Account/Page_Registration - ASSIST (Base)/Save' is clicked on

2018-11-28 11:29:38 - [MESSAGE][PASSED] - Object: 'Object Repository/Final Object Repo/Creating Employer Account/Page_Registration - ASSIST (Base)/Save' is clicked on

2018-11-28 11:29:38 - [TEST_STEP][PASSED] - delay: Delayed 2 second(s)

2018-11-28 11:29:40 - [MESSAGE][PASSED] - Delayed 2 second(s)

2018-11-28 11:29:40 - [TEST_STEP][PASSED] - click: Object: 'Object Repository/Final Object Repo/Creating Employer Account/Page_Registration - ASSIST (Base)/Submit' is clicked on

2018-11-28 11:29:40 - [MESSAGE][PASSED] - Object: 'Object Repository/Final Object Repo/Creating Employer Account/Page_Registration - ASSIST (Base)/Submit' is clicked on

2018-11-28 11:29:40 - [TEST_STEP][PASSED] - delay: Delayed 2 second(s)

2018-11-28 11:29:42 - [MESSAGE][PASSED] - Delayed 2 second(s)

2018-11-28 11:29:42 - [TEST_STEP][PASSED] - click: Object: 'Object Repository/Final Object Repo/Creating Employer Account/Page_Registration - ASSIST (Base)/Confirm' is clicked on

2018-11-28 11:29:42 - [MESSAGE][PASSED] - Object: 'Object Repository/Final Object Repo/Creating Employer Account/Page_Registration - ASSIST (Base)/Confirm' is clicked on

2018-11-28 11:29:42 - [MESSAGE][PASSED] - Call Test Case 'Test Cases/Final Aug 2018 - PKS Automation/Create Employer Acc/Template/Register Employer' successfully

2018-11-28 11:29:42 - [TEST_STEP][PASSED] - delay: Delayed 1 second(s)

2018-11-28 11:29:43 - [MESSAGE][PASSED] - Delayed 1 second(s)

2018-11-28 11:29:43 - [TEST_STEP][PASSED] - navigateToUrl: Navigate to 'https://assist2-uat.perkeso.gov.my/c/portal/logout' successfully

2018-11-28 11:29:45 - [MESSAGE][PASSED] - Navigate to 'https://assist2-uat.perkeso.gov.my/c/portal/logout' successfully

2018-11-28 11:29:45 - [TEST_STEP][PASSED] - delay: Delayed 1 second(s)

2018-11-28 11:29:46 - [MESSAGE][PASSED] - Delayed 1 second(s)

2018-11-28 11:29:46 - [TEST_STEP][PASSED] - callTestCase: Call Test Case 'Test Cases/Final Aug 2018 - PKS Automation/Create Employer Acc/Template/Change Password of Employer' successfully

2018-11-28 11:29:46 - [TEST_CASE][PASSED] - Test Cases/Final Aug 2018 - PKS Automation/Create Employer Acc/Template/Change Password of Employer: Test Cases/Final Aug 2018 - PKS Automation/Create Employer Acc/Template/Change Password of Employer

2018-11-28 11:29:46 - [TEST_STEP][PASSED] - openBrowser: Browser is opened with url: ''

2018-11-28 11:29:46 - [MESSAGE][WARNING] - A browser is already opened. Closing browser and opening a new one

2018-11-28 11:29:49 - [MESSAGE][PASSED] - Browser is opened with url: ''

2018-11-28 11:29:49 - [TEST_STEP][PASSED] - navigateToUrl: Navigate to 'https://assist2-uat.perkeso.gov.my/login' successfully

2018-11-28 11:29:50 - [MESSAGE][PASSED] - Navigate to 'https://assist2-uat.perkeso.gov.my/login' successfully

2018-11-28 11:29:50 - [TEST_STEP][PASSED] - delay: Delayed 5 second(s)

2018-11-28 11:29:55 - [MESSAGE][PASSED] - Delayed 5 second(s)

2018-11-28 11:29:55 - [TEST_STEP][PASSED] - setText: Text 'test@liferay.com' is set on object 'Object Repository/Final Object Repo/Login Page/Internal User/Email Address'

2018-11-28 11:29:56 - [MESSAGE][PASSED] - Text 'test@liferay.com' is set on object 'Object Repository/Final Object Repo/Login Page/Internal User/Email Address'

2018-11-28 11:29:56 - [TEST_STEP][PASSED] - click: Object: 'Object Repository/Final Object Repo/Login Page/Internal User/Next Button' is clicked on

2018-11-28 11:29:56 - [MESSAGE][PASSED] - Object: 'Object Repository/Final Object Repo/Login Page/Internal User/Next Button' is clicked on

2018-11-28 11:29:56 - [TEST_STEP][PASSED] - delay: Delayed 2 second(s)

2018-11-28 11:29:58 - [MESSAGE][PASSED] - Delayed 2 second(s)

2018-11-28 11:29:58 - [TEST_STEP][PASSED] - setText: Text 'test' is set on object 'Object Repository/Final Object Repo/Login Page/Internal User/Password'

2018-11-28 11:29:58 - [MESSAGE][PASSED] - Text 'test' is set on object 'Object Repository/Final Object Repo/Login Page/Internal User/Password'

2018-11-28 11:29:58 - [TEST_STEP][PASSED] - delay: Delayed 2 second(s)

2018-11-28 11:30:00 - [MESSAGE][PASSED] - Delayed 2 second(s)

2018-11-28 11:30:00 - [TEST_STEP][PASSED] - click: Object: 'Object Repository/Final Object Repo/Login Page/Internal User/Login Button' is clicked on

2018-11-28 11:30:00 - [MESSAGE][PASSED] - Object: 'Object Repository/Final Object Repo/Login Page/Internal User/Login Button' is clicked on

2018-11-28 11:30:00 - [TEST_STEP][PASSED] - delay: Delayed 3 second(s)

2018-11-28 11:30:03 - [MESSAGE][PASSED] - Delayed 3 second(s)

2018-11-28 11:30:03 - [TEST_STEP][PASSED] - navigateToUrl: Navigate to 'https://assist2-uat.perkeso.gov.my/group/control_panel/manage?p_p_id=125&p_p_lifecycle=0&p_p_state=maximized&p_p_mode=view&refererPlid=20455&_125_usersListView=flat-users&_125_toolbarItem=view-all-users&_125_saveUsersListView=true&_125_struts_action=%2Fusers_admin%2Fview' successfully

2018-11-28 11:30:05 - [MESSAGE][PASSED] - Navigate to 'https://assist2-uat.perkeso.gov.my/group/control_panel/manage?p_p_id=125&p_p_lifecycle=0&p_p_state=maximized&p_p_mode=view&refererPlid=20455&_125_usersListView=flat-users&_125_toolbarItem=view-all-users&_125_saveUsersListView=true&_125_struts_action=%2Fusers_admin%2Fview' successfully

2018-11-28 11:30:05 - [TEST_STEP][PASSED] - delay: Delayed 3 second(s)

2018-11-28 11:30:08 - [MESSAGE][PASSED] - Delayed 3 second(s)

2018-11-28 11:30:08 - [TEST_STEP][PASSED] - setText: Text 'perkeso761010574989@gmail.com' is set on object 'Object Repository/Final Object Repo/Creating Employer Account/Page_Users and Organizations - ASSIST/Employer name'

2018-11-28 11:30:09 - [MESSAGE][PASSED] - Text 'perkeso761010574989@gmail.com' is set on object 'Object Repository/Final Object Repo/Creating Employer Account/Page_Users and Organizations - ASSIST/Employer name'

2018-11-28 11:30:09 - [TEST_STEP][PASSED] - delay: Delayed 3 second(s)

2018-11-28 11:30:12 - [MESSAGE][PASSED] - Delayed 3 second(s)

2018-11-28 11:30:12 - [TEST_STEP][PASSED] - click: Object: 'Object Repository/Final Object Repo/Creating Employer Account/Page_Users and Organizations - ASSIST/Search' is clicked on

2018-11-28 11:30:12 - [MESSAGE][PASSED] - Object: 'Object Repository/Final Object Repo/Creating Employer Account/Page_Users and Organizations - ASSIST/Search' is clicked on

2018-11-28 11:30:12 - [TEST_STEP][PASSED] - delay: Delayed 3 second(s)

2018-11-28 11:30:15 - [MESSAGE][PASSED] - Delayed 3 second(s)

2018-11-28 11:30:15 - [TEST_STEP][PASSED] - click: Object: 'Object Repository/Final Object Repo/Creating Employer Account/Page_Users and Organizations - ASSIST/Action' is clicked on

2018-11-28 11:30:15 - [MESSAGE][PASSED] - Object: 'Object Repository/Final Object Repo/Creating Employer Account/Page_Users and Organizations - ASSIST/Action' is clicked on

2018-11-28 11:30:15 - [TEST_STEP][PASSED] - delay: Delayed 3 second(s)

2018-11-28 11:30:18 - [MESSAGE][PASSED] - Delayed 3 second(s)

2018-11-28 11:30:18 - [TEST_STEP][PASSED] - click: Object: 'Object Repository/Final Object Repo/Creating Employer Account/Page_Users and Organizations - ASSIST/Edit' is clicked on

2018-11-28 11:30:19 - [MESSAGE][PASSED] - Object: 'Object Repository/Final Object Repo/Creating Employer Account/Page_Users and Organizations - ASSIST/Edit' is clicked on

2018-11-28 11:30:19 - [TEST_STEP][PASSED] - delay: Delayed 3 second(s)

2018-11-28 11:30:22 - [MESSAGE][PASSED] - Delayed 3 second(s)

2018-11-28 11:30:22 - [TEST_STEP][PASSED] - click: Object: 'Object Repository/Final Object Repo/Creating Employer Account/Page_PERKESO - Users and Organizati/a_Password (Modified)' is clicked on

2018-11-28 11:30:23 - [MESSAGE][PASSED] - Object: 'Object Repository/Final Object Repo/Creating Employer Account/Page_PERKESO - Users and Organizati/a_Password (Modified)' is clicked on

2018-11-28 11:30:23 - [TEST_STEP][PASSED] - delay: Delayed 3 second(s)

2018-11-28 11:30:26 - [MESSAGE][PASSED] - Delayed 3 second(s)

2018-11-28 11:30:26 - [TEST_STEP][PASSED] - setEncryptedText: Text ****** has been set on object 'Object Repository/Final Object Repo/Creating Employer Account/Page_PERKESO - Users and Organizati/input__125_password1'

2018-11-28 11:30:26 - [MESSAGE][PASSED] - Text ****** has been set on object 'Object Repository/Final Object Repo/Creating Employer Account/Page_PERKESO - Users and Organizati/input__125_password1'

2018-11-28 11:30:26 - [TEST_STEP][PASSED] - delay: Delayed 3 second(s)

2018-11-28 11:30:29 - [MESSAGE][PASSED] - Delayed 3 second(s)

2018-11-28 11:30:29 - [TEST_STEP][PASSED] - setEncryptedText: Text ****** has been set on object 'Object Repository/Final Object Repo/Creating Employer Account/Page_PERKESO - Users and Organizati/input__125_password2'

2018-11-28 11:30:29 - [MESSAGE][PASSED] - Text ****** has been set on object 'Object Repository/Final Object Repo/Creating Employer Account/Page_PERKESO - Users and Organizati/input__125_password2'

2018-11-28 11:30:29 - [TEST_STEP][PASSED] - delay: Delayed 3 second(s)

2018-11-28 11:30:32 - [MESSAGE][PASSED] - Delayed 3 second(s)

2018-11-28 11:30:32 - [TEST_STEP][PASSED] - click: Object: 'Object Repository/Final Object Repo/Creating Employer Account/Page_PERKESO - Users and Organizati/Save' is clicked on

2018-11-28 11:30:34 - [MESSAGE][PASSED] - Object: 'Object Repository/Final Object Repo/Creating Employer Account/Page_PERKESO - Users and Organizati/Save' is clicked on

2018-11-28 11:30:34 - [MESSAGE][PASSED] - Call Test Case 'Test Cases/Final Aug 2018 - PKS Automation/Create Employer Acc/Template/Change Password of Employer' successfully

2018-11-28 11:30:34 - [TEST_STEP][PASSED] - delay: Delayed 1 second(s)

2018-11-28 11:30:35 - [MESSAGE][PASSED] - Delayed 1 second(s)

2018-11-28 11:30:35 - [TEST_STEP][PASSED] - navigateToUrl: Navigate to 'https://assist2-uat.perkeso.gov.my/c/portal/logout' successfully

2018-11-28 11:30:36 - [MESSAGE][PASSED] - Navigate to 'https://assist2-uat.perkeso.gov.my/c/portal/logout' successfully

2018-11-28 11:30:36 - [TEST_STEP][PASSED] - delay: Delayed 1 second(s)

2018-11-28 11:30:37 - [MESSAGE][PASSED] - Delayed 1 second(s)

2018-11-28 11:30:37 - [TEST_STEP][PASSED] - callTestCase: Call Test Case 'Test Cases/Final Aug 2018 - PKS Automation/Create Employer Acc/Template/Login to Employer Account (First Time)' successfully

2018-11-28 11:30:37 - [TEST_CASE][PASSED] - Test Cases/Final Aug 2018 - PKS Automation/Create Employer Acc/Template/Login to Employer Account (First Time): Test Cases/Final Aug 2018 - PKS Automation/Create Employer Acc/Template/Login to Employer Account (First Time)

2018-11-28 11:30:37 - [TEST_STEP][PASSED] - openBrowser: Browser is opened with url: ''

2018-11-28 11:30:37 - [MESSAGE][WARNING] - A browser is already opened. Closing browser and opening a new one

2018-11-28 11:30:40 - [MESSAGE][PASSED] - Browser is opened with url: ''

2018-11-28 11:30:40 - [TEST_STEP][PASSED] - navigateToUrl: Navigate to 'https://assist2-uat.perkeso.gov.my/employer/login' successfully

2018-11-28 11:30:41 - [MESSAGE][PASSED] - Navigate to 'https://assist2-uat.perkeso.gov.my/employer/login' successfully

2018-11-28 11:30:41 - [TEST_STEP][PASSED] - delay: Delayed 3 second(s)

2018-11-28 11:30:44 - [MESSAGE][PASSED] - Delayed 3 second(s)

2018-11-28 11:30:44 - [TEST_STEP][PASSED] - callTestCase: Call Test Case 'Test Cases/Final Aug 2018 - PKS Automation/Create Employer Acc/Template/Employer Email Getter' successfully

2018-11-28 11:30:44 - [TEST_CASE][PASSED] - Test Cases/Final Aug 2018 - PKS Automation/Create Employer Acc/Template/Employer Email Getter: Test Cases/Final Aug 2018 - PKS Automation/Create Employer Acc/Template/Employer Email Getter

2018-11-28 11:30:44 - [TEST_STEP][PASSED] - Statement - Try: null

2018-11-28 11:30:44 - [TEST_STEP][PASSED] - Statement - EmpEmail = new java.io.File(C://Users//Admin//Desktop//PKS//Automation Reference Point//EmpEmail.txt): null

2018-11-28 11:30:44 - [TEST_STEP][PASSED] - Statement - bufferread = new java.io.BufferedReader(new java.io.FileReader(EmpEmail)): null

2018-11-28 11:30:44 - [TEST_STEP][PASSED] - Statement - readedVal = bufferread.readLine(): null

2018-11-28 11:30:44 - [TEST_STEP][PASSED] - Statement - out.println(readedVal): null

2018-11-28 11:30:44 - [TEST_STEP][PASSED] - Statement - Email = readedVal: null

2018-11-28 11:30:44 - [MESSAGE][PASSED] - Call Test Case 'Test Cases/Final Aug 2018 - PKS Automation/Create Employer Acc/Template/Employer Email Getter' successfully

2018-11-28 11:30:44 - [TEST_STEP][PASSED] - setText: Text 'perkeso761010574989@gmail.com' is set on object 'Object Repository/Final Object Repo/Login Page/External Login Page/Email'

2018-11-28 11:30:45 - [MESSAGE][PASSED] - Text 'perkeso761010574989@gmail.com' is set on object 'Object Repository/Final Object Repo/Login Page/External Login Page/Email'

2018-11-28 11:30:45 - [TEST_STEP][PASSED] - click: Object: 'Object Repository/Final Object Repo/Login Page/External Login Page/Next' is clicked on

2018-11-28 11:30:45 - [MESSAGE][PASSED] - Object: 'Object Repository/Final Object Repo/Login Page/External Login Page/Next' is clicked on

2018-11-28 11:30:45 - [TEST_STEP][PASSED] - delay: Delayed 3 second(s)

2018-11-28 11:30:48 - [MESSAGE][PASSED] - Delayed 3 second(s)

2018-11-28 11:30:48 - [TEST_STEP][PASSED] - setEncryptedText: Text ****** has been set on object 'Object Repository/Final Object Repo/Login Page/External Login Page/Password'

2018-11-28 11:30:49 - [MESSAGE][PASSED] - Text ****** has been set on object 'Object Repository/Final Object Repo/Login Page/External Login Page/Password'

2018-11-28 11:30:49 - [TEST_STEP][PASSED] - click: Object: 'Object Repository/Final Object Repo/Login Page/External Login Page/Login' is clicked on

2018-11-28 11:30:49 - [MESSAGE][PASSED] - Object: 'Object Repository/Final Object Repo/Login Page/External Login Page/Login' is clicked on

2018-11-28 11:30:49 - [TEST_STEP][PASSED] - delay: Delayed 3 second(s)

2018-11-28 11:30:52 - [MESSAGE][PASSED] - Delayed 3 second(s)

2018-11-28 11:30:52 - [TEST_STEP][PASSED] - click: Object: 'Object Repository/Final Object Repo/Creating Employer Account/Page_Terms of Use - ASSIST/button_I Agree' is clicked on

2018-11-28 11:30:53 - [MESSAGE][PASSED] - Object: 'Object Repository/Final Object Repo/Creating Employer Account/Page_Terms of Use - ASSIST/button_I Agree' is clicked on

2018-11-28 11:30:53 - [TEST_STEP][PASSED] - delay: Delayed 2 second(s)

2018-11-28 11:30:55 - [MESSAGE][PASSED] - Delayed 2 second(s)

2018-11-28 11:30:55 - [TEST_STEP][PASSED] - setEncryptedText: Text ****** has been set on object 'Object Repository/Final Object Repo/Creating Employer Account/Page_New Password - ASSIST/input_password1'

2018-11-28 11:30:55 - [MESSAGE][PASSED] - Text ****** has been set on object 'Object Repository/Final Object Repo/Creating Employer Account/Page_New Password - ASSIST/input_password1'

2018-11-28 11:30:55 - [TEST_STEP][PASSED] - setEncryptedText: Text ****** has been set on object 'Object Repository/Final Object Repo/Creating Employer Account/Page_New Password - ASSIST/input_password2'

2018-11-28 11:30:55 - [MESSAGE][PASSED] - Text ****** has been set on object 'Object Repository/Final Object Repo/Creating Employer Account/Page_New Password - ASSIST/input_password2'

2018-11-28 11:30:55 - [TEST_STEP][PASSED] - delay: Delayed 2 second(s)

2018-11-28 11:30:57 - [MESSAGE][PASSED] - Delayed 2 second(s)

2018-11-28 11:30:57 - [TEST_STEP][PASSED] - click: Object: 'Object Repository/Final Object Repo/Creating Employer Account/Page_New Password - ASSIST/Save' is clicked on

2018-11-28 11:30:57 - [MESSAGE][PASSED] - Object: 'Object Repository/Final Object Repo/Creating Employer Account/Page_New Password - ASSIST/Save' is clicked on

2018-11-28 11:30:57 - [TEST_STEP][PASSED] - delay: Delayed 2 second(s)

2018-11-28 11:30:59 - [MESSAGE][PASSED] - Delayed 2 second(s)

2018-11-28 11:30:59 - [TEST_STEP][PASSED] - setText: Text 'test' is set on object 'Object Repository/Final Object Repo/Creating Employer Account/Page_Password Reminder - ASSIST/Reminder Query Answer'

2018-11-28 11:31:00 - [MESSAGE][PASSED] - Text 'test' is set on object 'Object Repository/Final Object Repo/Creating Employer Account/Page_Password Reminder - ASSIST/Reminder Query Answer'

2018-11-28 11:31:00 - [TEST_STEP][PASSED] - delay: Delayed 2 second(s)

2018-11-28 11:31:02 - [MESSAGE][PASSED] - Delayed 2 second(s)

2018-11-28 11:31:02 - [TEST_STEP][PASSED] - doubleClick: Object: 'Object Repository/Final Object Repo/Creating Employer Account/Page_Password Reminder - ASSIST/Save' is double clicked on

2018-11-28 11:31:04 - [MESSAGE][PASSED] - Object: 'Object Repository/Final Object Repo/Creating Employer Account/Page_Password Reminder - ASSIST/Save' is double clicked on

2018-11-28 11:31:04 - [MESSAGE][PASSED] - Call Test Case 'Test Cases/Final Aug 2018 - PKS Automation/Create Employer Acc/Template/Login to Employer Account (First Time)' successfully

2018-11-28 11:31:04 - [MESSAGE][PASSED] - Call Test Case 'Test Cases/Final Aug 2018 - PKS Automation/Create Employer Acc/Create Employer Account' successfully

2018-11-28 11:31:04 - [TEST_STEP][PASSED] - callTestCase: Call Test Case 'Test Cases/Final Aug 2018 - PKS Automation/Registration Module/Log Out/log out avoiding katalon tagging' successfully

2018-11-28 11:31:04 - [TEST_CASE][PASSED] - Test Cases/Final Aug 2018 - PKS Automation/Registration Module/Log Out/log out avoiding katalon tagging: Test Cases/Final Aug 2018 - PKS Automation/Registration Module/Log Out/log out avoiding katalon tagging

2018-11-28 11:31:04 - [TEST_STEP][PASSED] - navigateToUrl: Navigate to 'https://assist2-uat.perkeso.gov.my/c/portal/logout' successfully

2018-11-28 11:31:05 - [MESSAGE][PASSED] - Navigate to 'https://assist2-uat.perkeso.gov.my/c/portal/logout' successfully

2018-11-28 11:31:05 - [MESSAGE][PASSED] - Call Test Case 'Test Cases/Final Aug 2018 - PKS Automation/Registration Module/Log Out/log out avoiding katalon tagging' successfully

2018-11-28 11:31:05 - [TEST_STEP][PASSED] - callTestCase: Call Test Case 'Test Cases/Final Aug 2018 - PKS Automation/Create Employer Acc/Login to Employer Account (Second time)' successfully

2018-11-28 11:31:05 - [TEST_CASE][PASSED] - Test Cases/Final Aug 2018 - PKS Automation/Create Employer Acc/Login to Employer Account (Second time): Test Cases/Final Aug 2018 - PKS Automation/Create Employer Acc/Login to Employer Account (Second time)

2018-11-28 11:31:05 - [TEST_STEP][PASSED] - openBrowser: Browser is opened with url: ''

2018-11-28 11:31:05 - [MESSAGE][WARNING] - A browser is already opened. Closing browser and opening a new one

2018-11-28 11:31:08 - [MESSAGE][PASSED] - Browser is opened with url: ''

2018-11-28 11:31:08 - [TEST_STEP][PASSED] - navigateToUrl: Navigate to 'https://assist2-uat.perkeso.gov.my/employer/login' successfully

2018-11-28 11:31:09 - [MESSAGE][PASSED] - Navigate to 'https://assist2-uat.perkeso.gov.my/employer/login' successfully

2018-11-28 11:31:09 - [TEST_STEP][PASSED] - delay: Delayed 3 second(s)

2018-11-28 11:31:12 - [MESSAGE][PASSED] - Delayed 3 second(s)

2018-11-28 11:31:12 - [TEST_STEP][PASSED] - callTestCase: Call Test Case 'Test Cases/Final Aug 2018 - PKS Automation/Create Employer Acc/Template/Employer Email Getter' successfully

2018-11-28 11:31:12 - [TEST_CASE][PASSED] - Test Cases/Final Aug 2018 - PKS Automation/Create Employer Acc/Template/Employer Email Getter: Test Cases/Final Aug 2018 - PKS Automation/Create Employer Acc/Template/Employer Email Getter

2018-11-28 11:31:12 - [TEST_STEP][PASSED] - Statement - Try: null

2018-11-28 11:31:12 - [TEST_STEP][PASSED] - Statement - EmpEmail = new java.io.File(C://Users//Admin//Desktop//PKS//Automation Reference Point//EmpEmail.txt): null

2018-11-28 11:31:12 - [TEST_STEP][PASSED] - Statement - bufferread = new java.io.BufferedReader(new java.io.FileReader(EmpEmail)): null

2018-11-28 11:31:12 - [TEST_STEP][PASSED] - Statement - readedVal = bufferread.readLine(): null

2018-11-28 11:31:12 - [TEST_STEP][PASSED] - Statement - out.println(readedVal): null

2018-11-28 11:31:12 - [TEST_STEP][PASSED] - Statement - Email = readedVal: null

2018-11-28 11:31:12 - [MESSAGE][PASSED] - Call Test Case 'Test Cases/Final Aug 2018 - PKS Automation/Create Employer Acc/Template/Employer Email Getter' successfully

2018-11-28 11:31:12 - [TEST_STEP][PASSED] - setText: Text 'perkeso761010574989@gmail.com' is set on object 'Object Repository/Final Object Repo/Login Page/External Login Page/Email'

2018-11-28 11:31:13 - [MESSAGE][PASSED] - Text 'perkeso761010574989@gmail.com' is set on object 'Object Repository/Final Object Repo/Login Page/External Login Page/Email'

2018-11-28 11:31:13 - [TEST_STEP][PASSED] - click: Object: 'Object Repository/Final Object Repo/Login Page/External Login Page/Next' is clicked on

2018-11-28 11:31:13 - [MESSAGE][PASSED] - Object: 'Object Repository/Final Object Repo/Login Page/External Login Page/Next' is clicked on

2018-11-28 11:31:13 - [TEST_STEP][PASSED] - delay: Delayed 3 second(s)

2018-11-28 11:31:16 - [MESSAGE][PASSED] - Delayed 3 second(s)

2018-11-28 11:31:16 - [TEST_STEP][PASSED] - setEncryptedText: Text ****** has been set on object 'Object Repository/Final Object Repo/Login Page/External Login Page/Password'

2018-11-28 11:31:16 - [MESSAGE][PASSED] - Text ****** has been set on object 'Object Repository/Final Object Repo/Login Page/External Login Page/Password'

2018-11-28 11:31:16 - [TEST_STEP][PASSED] - click: Object: 'Object Repository/Final Object Repo/Login Page/External Login Page/Login' is clicked on

2018-11-28 11:31:16 - [MESSAGE][PASSED] - Object: 'Object Repository/Final Object Repo/Login Page/External Login Page/Login' is clicked on

2018-11-28 11:31:16 - [TEST_STEP][PASSED] - delay: Delayed 5 second(s)

2018-11-28 11:31:21 - [MESSAGE][PASSED] - Delayed 5 second(s)

2018-11-28 11:31:21 - [MESSAGE][PASSED] - Call Test Case 'Test Cases/Final Aug 2018 - PKS Automation/Create Employer Acc/Login to Employer Account (Second time)' successfully

2018-11-28 11:31:21 - [TEST_STEP][PASSED] - delay: Delayed 4 second(s)

2018-11-28 11:31:25 - [MESSAGE][PASSED] - Delayed 4 second(s)

2018-11-28 11:31:25 - [TEST_STEP][PASSED] - Statement - Try: Delayed 2 second(s)

2018-11-28 11:31:25 - [TEST_STEP][PASSED] - Statement - Checker = false: null

2018-11-28 11:31:25 - [TEST_STEP][PASSED] - Statement - Checker = com.kms.katalon.core.webui.keyword.WebUiBuiltInKeywords.verifyElementHasAttribute(com.kms.katalon.core.testobject.ObjectRepository.findTestObject(Final Object Repo/Landing Page/BM Detecting), "href", 20, OPTIONAL): Object 'Object Repository/Final Object Repo/Landing Page/BM Detecting' has attribute 'href'

2018-11-28 11:31:25 - [MESSAGE][PASSED] - Object 'Object Repository/Final Object Repo/Landing Page/BM Detecting' has attribute 'href'

2018-11-28 11:31:25 - [TEST_STEP][PASSED] - Statement - out.println(Checker): null

2018-11-28 11:31:25 - [TEST_STEP][PASSED] - Statement - If (Checker == false): null

2018-11-28 11:31:25 - [TEST_STEP][PASSED] - Statement - Else: null

2018-11-28 11:31:25 - [TEST_STEP][PASSED] - delay: Delayed 2 second(s)

2018-11-28 11:31:27 - [MESSAGE][PASSED] - Delayed 2 second(s)

2018-11-28 11:31:27 - [TEST_STEP][PASSED] - delay: Delayed 4 second(s)

2018-11-28 11:31:31 - [MESSAGE][PASSED] - Delayed 4 second(s)

2018-11-28 11:31:31 - [TEST_STEP][PASSED] - click: Object: 'Object Repository/Final Object Repo/Landing Page/My Sites Drop Down' is clicked on

2018-11-28 11:31:32 - [MESSAGE][PASSED] - Object: 'Object Repository/Final Object Repo/Landing Page/My Sites Drop Down' is clicked on

2018-11-28 11:31:32 - [TEST_STEP][PASSED] - click: Object: 'Object Repository/Final Object Repo/Landing Page/Select to Registration Module' is clicked on

2018-11-28 11:31:34 - [MESSAGE][PASSED] - Object: 'Object Repository/Final Object Repo/Landing Page/Select to Registration Module' is clicked on

2018-11-28 11:31:34 - [TEST_STEP][PASSED] - click: Object: 'Object Repository/Final Object Repo/Landing Page/Registration Button' is clicked on

2018-11-28 11:31:35 - [MESSAGE][PASSED] - Object: 'Object Repository/Final Object Repo/Landing Page/Registration Button' is clicked on

2018-11-28 11:31:35 - [TEST_STEP][PASSED] - delay: Delayed 2 second(s)

2018-11-28 11:31:37 - [MESSAGE][PASSED] - Delayed 2 second(s)

2018-11-28 11:31:37 - [TEST_STEP][PASSED] - click: Object: 'Object Repository/Final Object Repo/New Registration - Registration Module Pages/New Reg - OTC to RO/Special Case - OTC - Form 1/AEC NO' is clicked on

2018-11-28 11:31:38 - [MESSAGE][PASSED] - Object: 'Object Repository/Final Object Repo/New Registration - Registration Module Pages/New Reg - OTC to RO/Special Case - OTC - Form 1/AEC NO' is clicked on

2018-11-28 11:31:38 - [TEST_STEP][PASSED] - click: Object: 'Object Repository/Final Object Repo/New Registration - Registration Module Pages/New Reg - OTC to RO/Special Case - OTC - Form 1/Business Entity - Please Select' is clicked on

2018-11-28 11:31:38 - [MESSAGE][PASSED] - Object: 'Object Repository/Final Object Repo/New Registration - Registration Module Pages/New Reg - OTC to RO/Special Case - OTC - Form 1/Business Entity - Please Select' is clicked on

2018-11-28 11:31:38 - [TEST_STEP][PASSED] - click: Object: 'Object Repository/Final Object Repo/New Registration - Registration Module Pages/New Reg - OTC to RO/Special Case - OTC - Form 1/Selected - Corporation' is clicked on

2018-11-28 11:31:38 - [MESSAGE][PASSED] - Object: 'Object Repository/Final Object Repo/New Registration - Registration Module Pages/New Reg - OTC to RO/Special Case - OTC - Form 1/Selected - Corporation' is clicked on

2018-11-28 11:31:38 - [TEST_STEP][PASSED] - delay: Delayed 2 second(s)

2018-11-28 11:31:40 - [MESSAGE][PASSED] - Delayed 2 second(s)

2018-11-28 11:31:40 - [TEST_STEP][PASSED] - click: Object: 'Object Repository/Final Object Repo/New Registration - Registration Module Pages/New Reg - OTC to RO/Special Case - OTC - Form 1/Sub Business Entity - Please Select' is clicked on

2018-11-28 11:31:40 - [MESSAGE][PASSED] - Object: 'Object Repository/Final Object Repo/New Registration - Registration Module Pages/New Reg - OTC to RO/Special Case - OTC - Form 1/Sub Business Entity - Please Select' is clicked on

2018-11-28 11:31:40 - [TEST_STEP][PASSED] - delay: Delayed 2 second(s)

2018-11-28 11:31:42 - [MESSAGE][PASSED] - Delayed 2 second(s)

2018-11-28 11:31:42 - [TEST_STEP][PASSED] - click: Object: 'Object Repository/Final Object Repo/New Registration - Registration Module Pages/New Reg - OTC to RO/Special Case - OTC - Form 1/Selected - Sendirian Berhad' is clicked on

2018-11-28 11:31:43 - [MESSAGE][PASSED] - Object: 'Object Repository/Final Object Repo/New Registration - Registration Module Pages/New Reg - OTC to RO/Special Case - OTC - Form 1/Selected - Sendirian Berhad' is clicked on

2018-11-28 11:31:43 - [TEST_STEP][PASSED] - setText: Text 'AUTOMATE001' is set on object 'Object Repository/Final Object Repo/New Registration - Registration Module Pages/New Reg - OTC to RO/Special Case - OTC - Form 1/Input BRN Number'

2018-11-28 11:31:43 - [MESSAGE][PASSED] - Text 'AUTOMATE001' is set on object 'Object Repository/Final Object Repo/New Registration - Registration Module Pages/New Reg - OTC to RO/Special Case - OTC - Form 1/Input BRN Number'

2018-11-28 11:31:43 - [TEST_STEP][PASSED] - delay: Delayed 2 second(s)

2018-11-28 11:31:45 - [MESSAGE][PASSED] - Delayed 2 second(s)

2018-11-28 11:31:45 - [TEST_STEP][PASSED] - click: Object: 'Object Repository/Final Object Repo/New Registration - Registration Module Pages/New Reg - OTC to RO/Special Case - OTC - Form 1/BRN Search' is clicked on

2018-11-28 11:31:45 - [MESSAGE][PASSED] - Object: 'Object Repository/Final Object Repo/New Registration - Registration Module Pages/New Reg - OTC to RO/Special Case - OTC - Form 1/BRN Search' is clicked on

2018-11-28 11:31:45 - [TEST_STEP][PASSED] - delay: Delayed 4 second(s)

2018-11-28 11:31:49 - [MESSAGE][PASSED] - Delayed 4 second(s)

2018-11-28 11:31:49 - [TEST_STEP][PASSED] - click: Object: 'Object Repository/Final Object Repo/New Registration - Registration Module Pages/New Reg - OTC to RO/Special Case - OTC - Form 1/Registered with SSM - After Feb 2017' is clicked on

2018-11-28 11:31:49 - [MESSAGE][PASSED] - Object: 'Object Repository/Final Object Repo/New Registration - Registration Module Pages/New Reg - OTC to RO/Special Case - OTC - Form 1/Registered with SSM - After Feb 2017' is clicked on

2018-11-28 11:31:49 - [TEST_STEP][PASSED] - delay: Delayed 2 second(s)

2018-11-28 11:31:51 - [MESSAGE][PASSED] - Delayed 2 second(s)

2018-11-28 11:31:51 - [TEST_STEP][PASSED] - click: Object: 'Object Repository/Final Object Repo/New Registration - Registration Module Pages/Form 1/Registered As a Branch - Yes' is clicked on

2018-11-28 11:31:52 - [MESSAGE][PASSED] - Object: 'Object Repository/Final Object Repo/New Registration - Registration Module Pages/Form 1/Registered As a Branch - Yes' is clicked on

2018-11-28 11:31:52 - [TEST_STEP][PASSED] - click: Object: 'Object Repository/Final Object Repo/New Registration - Registration Module Pages/New Reg - OTC to RO/Special Case - OTC - Form 1/Acknowledgement Ticked' is clicked on

2018-11-28 11:31:52 - [MESSAGE][PASSED] - Object: 'Object Repository/Final Object Repo/New Registration - Registration Module Pages/New Reg - OTC to RO/Special Case - OTC - Form 1/Acknowledgement Ticked' is clicked on

2018-11-28 11:31:52 - [TEST_STEP][PASSED] - setText: Text 'perkeso761010574989@gmail.com' is set on object 'Object Repository/Final Object Repo/New Registration - Registration Module Pages/Form 1/Email'

2018-11-28 11:31:53 - [MESSAGE][PASSED] - Text 'perkeso761010574989@gmail.com' is set on object 'Object Repository/Final Object Repo/New Registration - Registration Module Pages/Form 1/Email'

2018-11-28 11:31:53 - [TEST_STEP][PASSED] - click: Object: 'Object Repository/Final Object Repo/New Registration - Registration Module Pages/New Reg - OTC to RO/Special Case - OTC - Form 1/Submit Button' is clicked on

2018-11-28 11:31:53 - [MESSAGE][PASSED] - Object: 'Object Repository/Final Object Repo/New Registration - Registration Module Pages/New Reg - OTC to RO/Special Case - OTC - Form 1/Submit Button' is clicked on

2018-11-28 11:31:53 - [TEST_STEP][PASSED] - callTestCase: Call Test Case 'Test Cases/Final Aug 2018 - PKS Automation/Registration Module/New Registration/Form 2/Add 1 Eligible - Employer Account Use' successfully

2018-11-28 11:31:53 - [TEST_CASE][PASSED] - Test Cases/Final Aug 2018 - PKS Automation/Registration Module/New Registration/Form 2/Add 1 Eligible - Employer Account Use: Test Cases/Final Aug 2018 - PKS Automation/Registration Module/New Registration/Form 2/Add 1 Eligible - Employer Account Use

2018-11-28 11:31:53 - [TEST_STEP][PASSED] - delay: Delayed 2 second(s)

2018-11-28 11:31:55 - [MESSAGE][PASSED] - Delayed 2 second(s)

2018-11-28 11:31:55 - [TEST_STEP][PASSED] - callTestCase: Call Test Case 'Test Cases/Final Aug 2018 - PKS Automation/Registration Module/New Registration/Form 2/Date Updater' successfully

2018-11-28 11:31:55 - [TEST_CASE][PASSED] - Test Cases/Final Aug 2018 - PKS Automation/Registration Module/New Registration/Form 2/Date Updater: Test Cases/Final Aug 2018 - PKS Automation/Registration Module/New Registration/Form 2/Date Updater

2018-11-28 11:31:55 - [TEST_STEP][PASSED] - Statement - TodayDate = new java.util.Date(): null

2018-11-28 11:31:55 - [TEST_STEP][PASSED] - Statement - CurrentDateNoFilter = new java.text.SimpleDateFormat(): null

2018-11-28 11:31:55 - [TEST_STEP][PASSED] - Statement - CurrentDateNoFilter.applyPattern("dd"): null

2018-11-28 11:31:55 - [TEST_STEP][PASSED] - Statement - CurrentDate = CurrentDateNoFilter.format(TodayDate): null

2018-11-28 11:31:55 - [TEST_STEP][PASSED] - Statement - CurrentDate = java.lang.Integer.parseInt(CurrentDate): null

2018-11-28 11:31:55 - [TEST_STEP][PASSED] - Statement - CurrentDate = CurrentDate: null

2018-11-28 11:31:55 - [TEST_STEP][PASSED] - Statement - CurrentDay = java.lang.Integer.parseInt(CurrentDate): null

2018-11-28 11:31:55 - [TEST_STEP][PASSED] - Statement - aDayBefore = CurrentDay + 1: null

2018-11-28 11:31:55 - [TEST_STEP][PASSED] - Statement - DayBefore = aDayBefore.toString(): null

2018-11-28 11:31:55 - [TEST_STEP][PASSED] - Statement - OneDayBefore = DayBefore: null

2018-11-28 11:31:55 - [TEST_STEP][PASSED] - Statement - CurrentDateNoFilter.applyPattern("MM"): null

2018-11-28 11:31:55 - [TEST_STEP][PASSED] - Statement - monthContainerMatcher = java.lang.Integer.parseInt(CurrentDateNoFilter.format(TodayDate)): null

2018-11-28 11:31:55 - [TEST_STEP][PASSED] - Statement - monthContainerMatcher = monthContainerMatcher - 1: null

2018-11-28 11:31:55 - [TEST_STEP][PASSED] - Statement - CurrentMonth = monthContainerMatcher.toString(): null

2018-11-28 11:31:55 - [TEST_STEP][PASSED] - Statement - CurrentMonth = CurrentMonth: null

2018-11-28 11:31:55 - [TEST_STEP][PASSED] - Statement - CurrentDateNoFilter.applyPattern("yyyy"): null

2018-11-28 11:31:55 - [TEST_STEP][PASSED] - Statement - CurrentYear = CurrentDateNoFilter.format(TodayDate): null

2018-11-28 11:31:55 - [TEST_STEP][PASSED] - Statement - CurrentYear = CurrentYear: null

2018-11-28 11:31:55 - [TEST_STEP][PASSED] - Statement - intCurrentYear = java.lang.Integer.parseInt(CurrentDateNoFilter.format(TodayDate)): null

2018-11-28 11:31:55 - [TEST_STEP][PASSED] - Statement - eighteenYrsAgo = intCurrentYear - 18: null

2018-11-28 11:31:55 - [TEST_STEP][PASSED] - Statement - eighteenYrsBeforeThisYr = eighteenYrsAgo.toString(): null

2018-11-28 11:31:55 - [TEST_STEP][PASSED] - Statement - EighteenYrsBefore = eighteenYrsBeforeThisYr: null

2018-11-28 11:31:55 - [TEST_STEP][PASSED] - Statement - fiftysevenYrsAgo = intCurrentYear - 57: null

2018-11-28 11:31:55 - [TEST_STEP][PASSED] - Statement - fiftysevenYrsBeforeThisYr = fiftysevenYrsAgo.toString(): null

2018-11-28 11:31:55 - [TEST_STEP][PASSED] - Statement - FiftysevenYrsBefore = fiftysevenYrsBeforeThisYr: null

2018-11-28 11:31:55 - [MESSAGE][PASSED] - Call Test Case 'Test Cases/Final Aug 2018 - PKS Automation/Registration Module/New Registration/Form 2/Date Updater' successfully

2018-11-28 11:31:55 - [TEST_STEP][PASSED] - delay: Delayed 1 second(s)

2018-11-28 11:31:56 - [MESSAGE][PASSED] - Delayed 1 second(s)

2018-11-28 11:31:56 - [TEST_STEP][PASSED] - Statement - CaseReferenceNo = com.kms.katalon.core.webui.keyword.WebUiBuiltInKeywords.getText(com.kms.katalon.core.testobject.ObjectRepository.findTestObject(Final Object Repo/New Registration - Registration Module Pages/Form 2/RefNo Acquiring)): Text of object 'Object Repository/Final Object Repo/New Registration - Registration Module Pages/Form 2/RefNo Acquiring' is: 'CRN11201800122894'

2018-11-28 11:31:56 - [MESSAGE][PASSED] - Text of object 'Object Repository/Final Object Repo/New Registration - Registration Module Pages/Form 2/RefNo Acquiring' is: 'CRN11201800122894'

2018-11-28 11:31:56 - [TEST_STEP][PASSED] - delay: Delayed 1 second(s)

2018-11-28 11:31:57 - [MESSAGE][PASSED] - Delayed 1 second(s)

2018-11-28 11:31:57 - [TEST_STEP][PASSED] - click: Object: 'Object Repository/Final Object Repo/New Registration - Registration Module Pages/Form 2/Add Employee Button' is clicked on

2018-11-28 11:31:57 - [MESSAGE][PASSED] - Object: 'Object Repository/Final Object Repo/New Registration - Registration Module Pages/Form 2/Add Employee Button' is clicked on

2018-11-28 11:31:57 - [TEST_STEP][PASSED] - delay: Delayed 1 second(s)

2018-11-28 11:31:58 - [MESSAGE][PASSED] - Delayed 1 second(s)

2018-11-28 11:31:58 - [TEST_STEP][PASSED] - setText: Text '010903091948' is set on object 'Object Repository/Final Object Repo/New Registration - Registration Module Pages/Form 2/NRIC Input'

2018-11-28 11:31:59 - [MESSAGE][PASSED] - Text '010903091948' is set on object 'Object Repository/Final Object Repo/New Registration - Registration Module Pages/Form 2/NRIC Input'

2018-11-28 11:31:59 - [TEST_STEP][PASSED] - delay: Delayed 2 second(s)

2018-11-28 11:32:01 - [MESSAGE][PASSED] - Delayed 2 second(s)

2018-11-28 11:32:01 - [TEST_STEP][PASSED] - setText: Text 'Automate001 eligible 1' is set on object 'Object Repository/Final Object Repo/New Registration - Registration Module Pages/Form 2/Employee Name Input'

2018-11-28 11:32:01 - [MESSAGE][PASSED] - Text 'Automate001 eligible 1' is set on object 'Object Repository/Final Object Repo/New Registration - Registration Module Pages/Form 2/Employee Name Input'

2018-11-28 11:32:01 - [TEST_STEP][PASSED] - delay: Delayed 2 second(s)

2018-11-28 11:32:03 - [MESSAGE][PASSED] - Delayed 2 second(s)

2018-11-28 11:32:03 - [TEST_STEP][PASSED] - click: Object: 'Object Repository/Final Object Repo/New Registration - Registration Module Pages/Form 2/DatePicker Pop Up' is clicked on

2018-11-28 11:32:03 - [MESSAGE][PASSED] - Object: 'Object Repository/Final Object Repo/New Registration - Registration Module Pages/Form 2/DatePicker Pop Up' is clicked on

2018-11-28 11:32:03 - [TEST_STEP][PASSED] - click: Object: 'Object Repository/Final Object Repo/New Registration - Registration Module Pages/Form 2/DOB Month' is clicked on

2018-11-28 11:32:04 - [MESSAGE][PASSED] - Object: 'Object Repository/Final Object Repo/New Registration - Registration Module Pages/Form 2/DOB Month' is clicked on

2018-11-28 11:32:04 - [TEST_STEP][PASSED] - Statement - CurrentMonth = CurrentMonth: null

2018-11-28 11:32:04 - [TEST_STEP][PASSED] - Statement - selectMonth = new com.kms.katalon.core.testobject.TestObject(): null

2018-11-28 11:32:04 - [TEST_STEP][PASSED] - Statement - selectMonth.addProperty("xpath", EQUALS, "//body/div/div/div/select/option[@value='" + CurrentMonth + "']", true): null

2018-11-28 11:32:04 - [TEST_STEP][PASSED] - click: Object: '' is clicked on

2018-11-28 11:32:04 - [MESSAGE][PASSED] - Object: '' is clicked on

2018-11-28 11:32:04 - [TEST_STEP][PASSED] - click: Object: 'Object Repository/Final Object Repo/New Registration - Registration Module Pages/Form 2/DOB Year' is clicked on

2018-11-28 11:32:04 - [MESSAGE][PASSED] - Object: 'Object Repository/Final Object Repo/New Registration - Registration Module Pages/Form 2/DOB Year' is clicked on

2018-11-28 11:32:04 - [TEST_STEP][PASSED] - Statement - Eyearsbf = EighteenYrsBefore: null

2018-11-28 11:32:04 - [TEST_STEP][PASSED] - Statement - selectYear = new com.kms.katalon.core.testobject.TestObject(): null

2018-11-28 11:32:04 - [TEST_STEP][PASSED] - Statement - selectYear.addProperty("xpath", EQUALS, "//div/div/div/select/option[@value='" + Eyearsbf + "']", true): null

2018-11-28 11:32:04 - [TEST_STEP][PASSED] - click: Object: '' is clicked on

2018-11-28 11:32:04 - [MESSAGE][PASSED] - Object: '' is clicked on

2018-11-28 11:32:04 - [TEST_STEP][PASSED] - Statement - UpdatedSelectDate = com.kms.katalon.core.webui.keyword.WebUiBuiltInKeywords.modifyObjectProperty(com.kms.katalon.core.testobject.ObjectRepository.findTestObject(Final Object Repo/New Registration - Registration Module Pages/Form 2/DOB Date), "xpath", "equals", "//body/div/table/tbody/tr/td/a[text()="" + CurrentDate + ""]", true): Modify property of object successfully

2018-11-28 11:32:04 - [MESSAGE][PASSED] - Modify property of object successfully

2018-11-28 11:32:04 - [TEST_STEP][PASSED] - delay: Delayed 3 second(s)

2018-11-28 11:32:07 - [MESSAGE][PASSED] - Delayed 3 second(s)

2018-11-28 11:32:07 - [TEST_STEP][PASSED] - click: Object: 'Object Repository/Final Object Repo/New Registration - Registration Module Pages/Form 2/DOB Date' is clicked on

2018-11-28 11:32:07 - [MESSAGE][PASSED] - Object: 'Object Repository/Final Object Repo/New Registration - Registration Module Pages/Form 2/DOB Date' is clicked on

2018-11-28 11:32:07 - [TEST_STEP][PASSED] - delay: Delayed 2 second(s)

2018-11-28 11:32:09 - [MESSAGE][PASSED] - Delayed 2 second(s)

2018-11-28 11:32:09 - [TEST_STEP][PASSED] - click: Object: 'Object Repository/Final Object Repo/New Registration - Registration Module Pages/Form 2/EmploymentStartDate Pop Up' is clicked on

2018-11-28 11:32:10 - [MESSAGE][PASSED] - Object: 'Object Repository/Final Object Repo/New Registration - Registration Module Pages/Form 2/EmploymentStartDate Pop Up' is clicked on

2018-11-28 11:32:10 - [TEST_STEP][PASSED] - delay: Delayed 2 second(s)

2018-11-28 11:32:12 - [MESSAGE][PASSED] - Delayed 2 second(s)

2018-11-28 11:32:12 - [TEST_STEP][PASSED] - click: Object: 'Object Repository/Final Object Repo/New Registration - Registration Module Pages/Form 2/Socso Employment StartDate Month' is clicked on

2018-11-28 11:32:12 - [MESSAGE][PASSED] - Object: 'Object Repository/Final Object Repo/New Registration - Registration Module Pages/Form 2/Socso Employment StartDate Month' is clicked on

2018-11-28 11:32:12 - [TEST_STEP][PASSED] - delay: Delayed 1 second(s)

2018-11-28 11:32:13 - [MESSAGE][PASSED] - Delayed 1 second(s)

2018-11-28 11:32:13 - [TEST_STEP][PASSED] - click: Object: 'Object Repository/Final Object Repo/New Registration - Registration Module Pages/Form 2/Select Socso Employement Startdate Month' is clicked on

2018-11-28 11:32:13 - [MESSAGE][PASSED] - Object: 'Object Repository/Final Object Repo/New Registration - Registration Module Pages/Form 2/Select Socso Employement Startdate Month' is clicked on

2018-11-28 11:32:13 - [TEST_STEP][PASSED] - delay: Delayed 2 second(s)

2018-11-28 11:32:15 - [MESSAGE][PASSED] - Delayed 2 second(s)

2018-11-28 11:32:15 - [TEST_STEP][PASSED] - click: Object: 'Object Repository/Final Object Repo/New Registration - Registration Module Pages/Form 2/Socso Employment StartDate Year' is clicked on

2018-11-28 11:32:15 - [MESSAGE][PASSED] - Object: 'Object Repository/Final Object Repo/New Registration - Registration Module Pages/Form 2/Socso Employment StartDate Year' is clicked on

2018-11-28 11:32:15 - [TEST_STEP][PASSED] - delay: Delayed 1 second(s)

2018-11-28 11:32:16 - [MESSAGE][PASSED] - Delayed 1 second(s)

2018-11-28 11:32:16 - [TEST_STEP][PASSED] - click: Object: 'Object Repository/Final Object Repo/New Registration - Registration Module Pages/Form 2/Select Socso Employment Startdate Year' is clicked on

2018-11-28 11:32:16 - [MESSAGE][PASSED] - Object: 'Object Repository/Final Object Repo/New Registration - Registration Module Pages/Form 2/Select Socso Employment Startdate Year' is clicked on

2018-11-28 11:32:16 - [TEST_STEP][PASSED] - delay: Delayed 2 second(s)

2018-11-28 11:32:18 - [MESSAGE][PASSED] - Delayed 2 second(s)

2018-11-28 11:32:18 - [TEST_STEP][PASSED] - click: Object: 'Object Repository/Final Object Repo/New Registration - Registration Module Pages/Form 2/Socso Employment Start Date Day' is clicked on

2018-11-28 11:32:19 - [MESSAGE][PASSED] - Object: 'Object Repository/Final Object Repo/New Registration - Registration Module Pages/Form 2/Socso Employment Start Date Day' is clicked on

2018-11-28 11:32:19 - [TEST_STEP][PASSED] - delay: Delayed 2 second(s)

2018-11-28 11:32:21 - [MESSAGE][PASSED] - Delayed 2 second(s)

2018-11-28 11:32:21 - [TEST_STEP][PASSED] - click: Object: 'Object Repository/Final Object Repo/New Registration - Registration Module Pages/Form 2/Save Button for Add Employee' is clicked on

2018-11-28 11:32:21 - [MESSAGE][PASSED] - Object: 'Object Repository/Final Object Repo/New Registration - Registration Module Pages/Form 2/Save Button for Add Employee' is clicked on

2018-11-28 11:32:21 - [TEST_STEP][PASSED] - delay: Delayed 6 second(s)

2018-11-28 11:32:27 - [MESSAGE][PASSED] - Delayed 6 second(s)

2018-11-28 11:32:27 - [TEST_STEP][PASSED] - click: Object: 'Object Repository/Final Object Repo/New Registration - Registration Module Pages/Form 2/Save and Continue Form 2' is clicked on

2018-11-28 11:32:27 - [MESSAGE][PASSED] - Object: 'Object Repository/Final Object Repo/New Registration - Registration Module Pages/Form 2/Save and Continue Form 2' is clicked on

2018-11-28 11:32:27 - [MESSAGE][PASSED] - Call Test Case 'Test Cases/Final Aug 2018 - PKS Automation/Registration Module/New Registration/Form 2/Add 1 Eligible - Employer Account Use' successfully

2018-11-28 11:32:27 - [TEST_STEP][PASSED] - callTestCase: Call Test Case 'Test Cases/Final Aug 2018 - PKS Automation/Registration Module/New Registration/Flow of New Registration/Third Screen - Upload Supporting Doc - Preview' successfully

2018-11-28 11:32:27 - [TEST_CASE][PASSED] - Test Cases/Final Aug 2018 - PKS Automation/Registration Module/New Registration/Flow of New Registration/Third Screen - Upload Supporting Doc - Preview: Test Cases/Final Aug 2018 - PKS Automation/Registration Module/New Registration/Flow of New Registration/Third Screen - Upload Supporting Doc - Preview

2018-11-28 11:32:27 - [TEST_STEP][PASSED] - waitForPageLoad: Wait for page load successfully

2018-11-28 11:32:28 - [MESSAGE][PASSED] - Wait for page load successfully

2018-11-28 11:32:28 - [TEST_STEP][PASSED] - Statement - CaseReferenceNo = com.kms.katalon.core.webui.keyword.WebUiBuiltInKeywords.getText(com.kms.katalon.core.testobject.ObjectRepository.findTestObject(Final Object Repo/New Registration - Registration Module Pages/Third Screen - Upload Supporting Doc- Preview/RefNo Acquiring)): Text of object 'Object Repository/Final Object Repo/New Registration - Registration Module Pages/Third Screen - Upload Supporting Doc- Preview/RefNo Acquiring' is: 'CRN11201800122894'

2018-11-28 11:32:28 - [MESSAGE][PASSED] - Text of object 'Object Repository/Final Object Repo/New Registration - Registration Module Pages/Third Screen - Upload Supporting Doc- Preview/RefNo Acquiring' is: 'CRN11201800122894'

2018-11-28 11:32:28 - [TEST_STEP][PASSED] - delay: Delayed 2 second(s)

2018-11-28 11:32:30 - [MESSAGE][PASSED] - Delayed 2 second(s)

2018-11-28 11:32:30 - [TEST_STEP][PASSED] - callTestCase: Call Test Case 'Test Cases/Final Aug 2018 - PKS Automation/Common/Reference Number Setter' successfully

2018-11-28 11:32:30 - [TEST_CASE][PASSED] - Test Cases/Final Aug 2018 - PKS Automation/Common/Reference Number Setter: Test Cases/Final Aug 2018 - PKS Automation/Common/Reference Number Setter

2018-11-28 11:32:30 - [TEST_STEP][PASSED] - Statement - RefNoOldFile = new java.io.File(C://Users//Admin//Desktop//PKS//Automation Reference Point//KatalonReference.txt): null

2018-11-28 11:32:30 - [TEST_STEP][PASSED] - Statement - RefNoOldFile.delete(): null

2018-11-28 11:32:30 - [TEST_STEP][PASSED] - delay: Delayed 5 second(s)

2018-11-28 11:32:35 - [MESSAGE][PASSED] - Delayed 5 second(s)

2018-11-28 11:32:35 - [TEST_STEP][PASSED] - Statement - RefNo = new java.io.File(C://Users//Admin//Desktop//PKS//Automation Reference Point//KatalonReference.txt): null

2018-11-28 11:32:35 - [TEST_STEP][PASSED] - Statement - f2 = new java.io.FileWriter(RefNo, false): null

2018-11-28 11:32:35 - [TEST_STEP][PASSED] - Statement - f2.write(CaseReferenceNo): null

2018-11-28 11:32:35 - [TEST_STEP][PASSED] - Statement - f2.close(): null

2018-11-28 11:32:35 - [TEST_STEP][PASSED] - Statement - out.println("


" + CaseReferenceNo + "


"): null

2018-11-28 11:32:35 - [MESSAGE][PASSED] - Call Test Case 'Test Cases/Final Aug 2018 - PKS Automation/Common/Reference Number Setter' successfully

2018-11-28 11:32:35 - [TEST_STEP][PASSED] - waitForElementClickable: Object 'Object Repository/Final Object Repo/New Registration - Registration Module Pages/Third Screen - Upload Supporting Doc- Preview/Save n Continue in SIP Employee Listing Page' is clickable

2018-11-28 11:32:35 - [MESSAGE][PASSED] - Object 'Object Repository/Final Object Repo/New Registration - Registration Module Pages/Third Screen - Upload Supporting Doc- Preview/Save n Continue in SIP Employee Listing Page' is clickable

2018-11-28 11:32:35 - [TEST_STEP][PASSED] - click: Object: 'Object Repository/Final Object Repo/New Registration - Registration Module Pages/Third Screen - Upload Supporting Doc- Preview/Save n Continue in SIP Employee Listing Page' is clicked on

2018-11-28 11:32:41 - [MESSAGE][PASSED] - Object: 'Object Repository/Final Object Repo/New Registration - Registration Module Pages/Third Screen - Upload Supporting Doc- Preview/Save n Continue in SIP Employee Listing Page' is clicked on

2018-11-28 11:32:41 - [TEST_STEP][PASSED] - delay: Delayed 7 second(s)

2018-11-28 11:32:48 - [MESSAGE][PASSED] - Delayed 7 second(s)

2018-11-28 11:32:48 - [TEST_STEP][PASSED] - click: Object: 'Object Repository/Final Object Repo/New Registration - Registration Module Pages/Third Screen - Upload Supporting Doc- Preview/Add Document Button' is clicked on

2018-11-28 11:32:48 - [MESSAGE][PASSED] - Object: 'Object Repository/Final Object Repo/New Registration - Registration Module Pages/Third Screen - Upload Supporting Doc- Preview/Add Document Button' is clicked on

2018-11-28 11:32:48 - [TEST_STEP][PASSED] - delay: Delayed 30 second(s)

2018-11-28 11:33:18 - [MESSAGE][PASSED] - Delayed 30 second(s)

2018-11-28 11:33:18 - [TEST_STEP][PASSED] - click: Object: 'Object Repository/Final Object Repo/New Registration - Registration Module Pages/Third Screen - Upload Supporting Doc- Preview/Supporting Doc Please Select Drop Down' is clicked on

2018-11-28 11:33:18 - [MESSAGE][PASSED] - Object: 'Object Repository/Final Object Repo/New Registration - Registration Module Pages/Third Screen - Upload Supporting Doc- Preview/Supporting Doc Please Select Drop Down' is clicked on

2018-11-28 11:33:18 - [TEST_STEP][PASSED] - delay: Delayed 2 second(s)

2018-11-28 11:33:20 - [MESSAGE][PASSED] - Delayed 2 second(s)

2018-11-28 11:33:20 - [TEST_STEP][PASSED] - click: Object: 'Object Repository/Final Object Repo/New Registration - Registration Module Pages/Third Screen - Upload Supporting Doc- Preview/Select to Upload Form 1' is clicked on

2018-11-28 11:33:20 - [MESSAGE][PASSED] - Object: 'Object Repository/Final Object Repo/New Registration - Registration Module Pages/Third Screen - Upload Supporting Doc- Preview/Select to Upload Form 1' is clicked on

2018-11-28 11:33:20 - [TEST_STEP][PASSED] - delay: Delayed 2 second(s)

2018-11-28 11:33:22 - [MESSAGE][PASSED] - Delayed 2 second(s)

2018-11-28 11:33:22 - [TEST_STEP][PASSED] - uploadFile: File 'C:\Users\Public\Pictures\Sample Pictures\Koala.jpg' sent to object: 'Object Repository/Final Object Repo/New Registration - Registration Module Pages/Third Screen - Upload Supporting Doc- Preview/Upload File Adding'

2018-11-28 11:33:23 - [MESSAGE][PASSED] - File 'C:\Users\Public\Pictures\Sample Pictures\Koala.jpg' sent to object: 'Object Repository/Final Object Repo/New Registration - Registration Module Pages/Third Screen - Upload Supporting Doc- Preview/Upload File Adding'

2018-11-28 11:33:23 - [TEST_STEP][PASSED] - delay: Delayed 5 second(s)

2018-11-28 11:33:28 - [MESSAGE][PASSED] - Delayed 5 second(s)

2018-11-28 11:33:28 - [TEST_STEP][PASSED] - click: Object: 'Object Repository/Final Object Repo/New Registration - Registration Module Pages/Third Screen - Upload Supporting Doc- Preview/Inner Form Add Document Button' is clicked on

2018-11-28 11:33:28 - [MESSAGE][PASSED] - Object: 'Object Repository/Final Object Repo/New Registration - Registration Module Pages/Third Screen - Upload Supporting Doc- Preview/Inner Form Add Document Button' is clicked on

2018-11-28 11:33:28 - [TEST_STEP][PASSED] - delay: Delayed 3 second(s)

2018-11-28 11:33:31 - [MESSAGE][PASSED] - Delayed 3 second(s)

2018-11-28 11:33:31 - [TEST_STEP][PASSED] - click: Object: 'Object Repository/Final Object Repo/New Registration - Registration Module Pages/Third Screen - Upload Supporting Doc- Preview/Add Document Button' is clicked on

2018-11-28 11:33:32 - [MESSAGE][PASSED] - Object: 'Object Repository/Final Object Repo/New Registration - Registration Module Pages/Third Screen - Upload Supporting Doc- Preview/Add Document Button' is clicked on

2018-11-28 11:33:32 - [TEST_STEP][PASSED] - delay: Delayed 30 second(s)

2018-11-28 11:34:02 - [MESSAGE][PASSED] - Delayed 30 second(s)

2018-11-28 11:34:02 - [TEST_STEP][PASSED] - click: Object: 'Object Repository/Final Object Repo/New Registration - Registration Module Pages/Third Screen - Upload Supporting Doc- Preview/Supporting Doc Please Select Drop Down' is clicked on

2018-11-28 11:34:02 - [MESSAGE][PASSED] - Object: 'Object Repository/Final Object Repo/New Registration - Registration Module Pages/Third Screen - Upload Supporting Doc- Preview/Supporting Doc Please Select Drop Down' is clicked on

2018-11-28 11:34:02 - [TEST_STEP][PASSED] - delay: Delayed 2 second(s)

2018-11-28 11:34:04 - [MESSAGE][PASSED] - Delayed 2 second(s)

2018-11-28 11:34:04 - [TEST_STEP][PASSED] - click: Object: 'Object Repository/Final Object Repo/New Registration - Registration Module Pages/Third Screen - Upload Supporting Doc- Preview/Select to Upload Form 2' is clicked on

2018-11-28 11:34:05 - [MESSAGE][PASSED] - Object: 'Object Repository/Final Object Repo/New Registration - Registration Module Pages/Third Screen - Upload Supporting Doc- Preview/Select to Upload Form 2' is clicked on

2018-11-28 11:34:05 - [TEST_STEP][PASSED] - delay: Delayed 2 second(s)

2018-11-28 11:34:07 - [MESSAGE][PASSED] - Delayed 2 second(s)

2018-11-28 11:34:07 - [TEST_STEP][PASSED] - uploadFile: File 'C:\Users\Public\Pictures\Sample Pictures\Koala.jpg' sent to object: 'Object Repository/Final Object Repo/New Registration - Registration Module Pages/Third Screen - Upload Supporting Doc- Preview/Upload File Adding'

2018-11-28 11:34:07 - [MESSAGE][PASSED] - File 'C:\Users\Public\Pictures\Sample Pictures\Koala.jpg' sent to object: 'Object Repository/Final Object Repo/New Registration - Registration Module Pages/Third Screen - Upload Supporting Doc- Preview/Upload File Adding'

2018-11-28 11:34:07 - [TEST_STEP][PASSED] - click: Object: 'Object Repository/Final Object Repo/New Registration - Registration Module Pages/Third Screen - Upload Supporting Doc- Preview/Inner Form Add Document Button' is clicked on

2018-11-28 11:34:07 - [MESSAGE][PASSED] - Object: 'Object Repository/Final Object Repo/New Registration - Registration Module Pages/Third Screen - Upload Supporting Doc- Preview/Inner Form Add Document Button' is clicked on

2018-11-28 11:34:07 - [TEST_STEP][PASSED] - delay: Delayed 5 second(s)

2018-11-28 11:34:12 - [MESSAGE][PASSED] - Delayed 5 second(s)

2018-11-28 11:34:12 - [TEST_STEP][PASSED] - click: Object: 'Object Repository/Final Object Repo/New Registration - Registration Module Pages/Third Screen - Upload Supporting Doc- Preview/Add Document Button' is clicked on

2018-11-28 11:34:12 - [MESSAGE][PASSED] - Object: 'Object Repository/Final Object Repo/New Registration - Registration Module Pages/Third Screen - Upload Supporting Doc- Preview/Add Document Button' is clicked on

2018-11-28 11:34:12 - [TEST_STEP][PASSED] - delay: Delayed 30 second(s)

2018-11-28 11:34:42 - [MESSAGE][PASSED] - Delayed 30 second(s)

2018-11-28 11:34:42 - [TEST_STEP][PASSED] - click: Object: 'Object Repository/Final Object Repo/New Registration - Registration Module Pages/Third Screen - Upload Supporting Doc- Preview/Supporting Doc Please Select Drop Down' is clicked on

2018-11-28 11:34:42 - [MESSAGE][PASSED] - Object: 'Object Repository/Final Object Repo/New Registration - Registration Module Pages/Third Screen - Upload Supporting Doc- Preview/Supporting Doc Please Select Drop Down' is clicked on

2018-11-28 11:34:42 - [TEST_STEP][PASSED] - click: Object: 'Object Repository/Final Object Repo/New Registration - Registration Module Pages/Third Screen - Upload Supporting Doc- Preview/Select to Upload Borang SIP 1' is clicked on

2018-11-28 11:34:43 - [MESSAGE][PASSED] - Object: 'Object Repository/Final Object Repo/New Registration - Registration Module Pages/Third Screen - Upload Supporting Doc- Preview/Select to Upload Borang SIP 1' is clicked on

2018-11-28 11:34:43 - [TEST_STEP][PASSED] - delay: Delayed 2 second(s)

2018-11-28 11:34:45 - [MESSAGE][PASSED] - Delayed 2 second(s)

2018-11-28 11:34:45 - [TEST_STEP][PASSED] - uploadFile: File 'C:\Users\Public\Pictures\Sample Pictures\Koala.jpg' sent to object: 'Object Repository/Final Object Repo/New Registration - Registration Module Pages/Third Screen - Upload Supporting Doc- Preview/Upload File Adding'

2018-11-28 11:34:45 - [MESSAGE][PASSED] - File 'C:\Users\Public\Pictures\Sample Pictures\Koala.jpg' sent to object: 'Object Repository/Final Object Repo/New Registration - Registration Module Pages/Third Screen - Upload Supporting Doc- Preview/Upload File Adding'

2018-11-28 11:34:45 - [TEST_STEP][PASSED] - click: Object: 'Object Repository/Final Object Repo/New Registration - Registration Module Pages/Third Screen - Upload Supporting Doc- Preview/Inner Form Add Document Button' is clicked on

2018-11-28 11:34:45 - [MESSAGE][PASSED] - Object: 'Object Repository/Final Object Repo/New Registration - Registration Module Pages/Third Screen - Upload Supporting Doc- Preview/Inner Form Add Document Button' is clicked on

2018-11-28 11:34:45 - [TEST_STEP][PASSED] - delay: Delayed 5 second(s)

2018-11-28 11:34:50 - [MESSAGE][PASSED] - Delayed 5 second(s)

2018-11-28 11:34:50 - [TEST_STEP][PASSED] - click: Object: 'Object Repository/Final Object Repo/New Registration - Registration Module Pages/Third Screen - Upload Supporting Doc- Preview/Add Document Button' is clicked on

2018-11-28 11:34:50 - [MESSAGE][PASSED] - Object: 'Object Repository/Final Object Repo/New Registration - Registration Module Pages/Third Screen - Upload Supporting Doc- Preview/Add Document Button' is clicked on

2018-11-28 11:34:50 - [TEST_STEP][PASSED] - delay: Delayed 30 second(s)

2018-11-28 11:35:20 - [MESSAGE][PASSED] - Delayed 30 second(s)

2018-11-28 11:35:20 - [TEST_STEP][PASSED] - click: Object: 'Object Repository/Final Object Repo/New Registration - Registration Module Pages/Third Screen - Upload Supporting Doc- Preview/Supporting Doc Please Select Drop Down' is clicked on

2018-11-28 11:35:20 - [MESSAGE][PASSED] - Object: 'Object Repository/Final Object Repo/New Registration - Registration Module Pages/Third Screen - Upload Supporting Doc- Preview/Supporting Doc Please Select Drop Down' is clicked on

2018-11-28 11:35:20 - [TEST_STEP][PASSED] - delay: Delayed 3 second(s)

2018-11-28 11:35:23 - [MESSAGE][PASSED] - Delayed 3 second(s)

2018-11-28 11:35:23 - [TEST_STEP][PASSED] - click: Object: 'Object Repository/Final Object Repo/New Registration - Registration Module Pages/Third Screen - Upload Supporting Doc- Preview/Select to Upload Borang SIP 2' is clicked on

2018-11-28 11:35:24 - [MESSAGE][PASSED] - Object: 'Object Repository/Final Object Repo/New Registration - Registration Module Pages/Third Screen - Upload Supporting Doc- Preview/Select to Upload Borang SIP 2' is clicked on

2018-11-28 11:35:24 - [TEST_STEP][PASSED] - delay: Delayed 2 second(s)

2018-11-28 11:35:26 - [MESSAGE][PASSED] - Delayed 2 second(s)

2018-11-28 11:35:26 - [TEST_STEP][PASSED] - uploadFile: File 'C:\Users\Public\Pictures\Sample Pictures\Koala.jpg' sent to object: 'Object Repository/Final Object Repo/New Registration - Registration Module Pages/Third Screen - Upload Supporting Doc- Preview/Upload File Adding'

2018-11-28 11:35:26 - [MESSAGE][PASSED] - File 'C:\Users\Public\Pictures\Sample Pictures\Koala.jpg' sent to object: 'Object Repository/Final Object Repo/New Registration - Registration Module Pages/Third Screen - Upload Supporting Doc- Preview/Upload File Adding'

2018-11-28 11:35:26 - [TEST_STEP][PASSED] - delay: Delayed 5 second(s)

2018-11-28 11:35:31 - [MESSAGE][PASSED] - Delayed 5 second(s)

2018-11-28 11:35:31 - [TEST_STEP][PASSED] - click: Object: 'Object Repository/Final Object Repo/New Registration - Registration Module Pages/Third Screen - Upload Supporting Doc- Preview/Inner Form Add Document Button' is clicked on

2018-11-28 11:35:31 - [MESSAGE][PASSED] - Object: 'Object Repository/Final Object Repo/New Registration - Registration Module Pages/Third Screen - Upload Supporting Doc- Preview/Inner Form Add Document Button' is clicked on

2018-11-28 11:35:31 - [TEST_STEP][PASSED] - delay: Delayed 3 second(s)

2018-11-28 11:35:34 - [MESSAGE][PASSED] - Delayed 3 second(s)

2018-11-28 11:35:34 - [TEST_STEP][PASSED] - waitForElementClickable: Object 'Object Repository/Final Object Repo/New Registration - Registration Module Pages/Third Screen - Upload Supporting Doc- Preview/Save n Continue in Uploading Supporting Doc Page' is clickable

2018-11-28 11:35:35 - [MESSAGE][PASSED] - Object 'Object Repository/Final Object Repo/New Registration - Registration Module Pages/Third Screen - Upload Supporting Doc- Preview/Save n Continue in Uploading Supporting Doc Page' is clickable

2018-11-28 11:35:35 - [TEST_STEP][PASSED] - click: Object: 'Object Repository/Final Object Repo/New Registration - Registration Module Pages/Third Screen - Upload Supporting Doc- Preview/Save n Continue in Uploading Supporting Doc Page' is clicked on

2018-11-28 11:35:36 - [MESSAGE][PASSED] - Object: 'Object Repository/Final Object Repo/New Registration - Registration Module Pages/Third Screen - Upload Supporting Doc- Preview/Save n Continue in Uploading Supporting Doc Page' is clicked on

2018-11-28 11:35:36 - [MESSAGE][PASSED] - Call Test Case 'Test Cases/Final Aug 2018 - PKS Automation/Registration Module/New Registration/Flow of New Registration/Third Screen - Upload Supporting Doc - Preview' successfully

2018-11-28 11:35:36 - [TEST_STEP][PASSED] - setText: Text 'Tester' is set on object 'Object Repository/Final Object Repo/New Registration - Registration Module Pages/New Reg - OTC to RO/Special Case - All Related Objects/Employer Preview Name'

2018-11-28 11:35:40 - [MESSAGE][PASSED] - Text 'Tester' is set on object 'Object Repository/Final Object Repo/New Registration - Registration Module Pages/New Reg - OTC to RO/Special Case - All Related Objects/Employer Preview Name'

2018-11-28 11:35:40 - [TEST_STEP][PASSED] - click: Object: 'Object Repository/Final Object Repo/New Registration - Registration Module Pages/New Reg - OTC to RO/Special Case - All Related Objects/IC Type Drop Down' is clicked on

2018-11-28 11:35:41 - [MESSAGE][PASSED] - Object: 'Object Repository/Final Object Repo/New Registration - Registration Module Pages/New Reg - OTC to RO/Special Case - All Related Objects/IC Type Drop Down' is clicked on

2018-11-28 11:35:41 - [TEST_STEP][PASSED] - click: Object: 'Object Repository/Final Object Repo/New Registration - Registration Module Pages/New Reg - OTC to RO/Special Case - All Related Objects/Select to NRIC' is clicked on

2018-11-28 11:35:41 - [MESSAGE][PASSED] - Object: 'Object Repository/Final Object Repo/New Registration - Registration Module Pages/New Reg - OTC to RO/Special Case - All Related Objects/Select to NRIC' is clicked on

2018-11-28 11:35:41 - [TEST_STEP][PASSED] - setText: Text '133245561223' is set on object 'Object Repository/Final Object Repo/New Registration - Registration Module Pages/New Reg - OTC to RO/Special Case - All Related Objects/IC Value'

2018-11-28 11:35:41 - [MESSAGE][PASSED] - Text '133245561223' is set on object 'Object Repository/Final Object Repo/New Registration - Registration Module Pages/New Reg - OTC to RO/Special Case - All Related Objects/IC Value'

2018-11-28 11:35:41 - [TEST_STEP][PASSED] - setText: Text 'Auto' is set on object 'Object Repository/Final Object Repo/New Registration - Registration Module Pages/New Reg - OTC to RO/Special Case - All Related Objects/Designation'

2018-11-28 11:35:41 - [MESSAGE][PASSED] - Text 'Auto' is set on object 'Object Repository/Final Object Repo/New Registration - Registration Module Pages/New Reg - OTC to RO/Special Case - All Related Objects/Designation'

2018-11-28 11:35:41 - [TEST_STEP][PASSED] - callTestCase: Call Test Case 'Test Cases/Final Aug 2018 - PKS Automation/Registration Module/New Registration/Submit and Screenshot/Submit Registration and Screenshot - Copy' successfully

2018-11-28 11:35:41 - [TEST_CASE][PASSED] - Test Cases/Final Aug 2018 - PKS Automation/Registration Module/New Registration/Submit and Screenshot/Submit Registration and Screenshot - Copy: Test Cases/Final Aug 2018 - PKS Automation/Registration Module/New Registration/Submit and Screenshot/Submit Registration and Screenshot - Copy

2018-11-28 11:35:41 - [TEST_STEP][PASSED] - delay: Delayed 6 second(s)

2018-11-28 11:35:47 - [MESSAGE][PASSED] - Delayed 6 second(s)

2018-11-28 11:35:47 - [TEST_STEP][PASSED] - click: Object: 'Object Repository/Final Object Repo/New Registration - Registration Module Pages/Third Screen - Upload Supporting Doc- Preview/Preview Submit Button' is clicked on

2018-11-28 11:35:48 - [MESSAGE][PASSED] - Object: 'Object Repository/Final Object Repo/New Registration - Registration Module Pages/Third Screen - Upload Supporting Doc- Preview/Preview Submit Button' is clicked on

2018-11-28 11:35:48 - [TEST_STEP][PASSED] - delay: Delayed 2 second(s)

2018-11-28 11:35:50 - [MESSAGE][PASSED] - Delayed 2 second(s)

2018-11-28 11:35:50 - [TEST_STEP][PASSED] - click: Object: 'Object Repository/Final Object Repo/New Registration - Registration Module Pages/Third Screen - Upload Supporting Doc- Preview/Preview Submit - Confirm' is clicked on

2018-11-28 11:35:50 - [MESSAGE][PASSED] - Object: 'Object Repository/Final Object Repo/New Registration - Registration Module Pages/Third Screen - Upload Supporting Doc- Preview/Preview Submit - Confirm' is clicked on

2018-11-28 11:35:50 - [TEST_STEP][PASSED] - delay: Delayed 15 second(s)

2018-11-28 11:36:05 - [MESSAGE][PASSED] - Delayed 15 second(s)

2018-11-28 11:36:05 - [TEST_STEP][PASSED] - Statement - driver = com.kms.katalon.core.webui.driver.DriverFactory.getWebDriver(): null

2018-11-28 11:36:05 - [TEST_STEP][PASSED] - Statement - driver.manage().timeouts().implicitlyWait(10, SECONDS): null

2018-11-28 11:36:05 - [TEST_STEP][PASSED] - Statement - PresavePath = KatalonScreenshots: null

2018-11-28 11:36:05 - [TEST_STEP][PASSED] - Statement - pathPrefix = "C:\Users\Public\Pictures\Sample Pictures\Katalon Screenshots\Automate Ending Screen": null

2018-11-28 11:36:05 - [TEST_STEP][PASSED] - Statement - finalPath = <not implemented yet for class: org.codehaus.groovy.ast.expr.EmptyExpression>: null

2018-11-28 11:36:05 - [TEST_STEP][PASSED] - Statement - scrFile = driver.getScreenshotAs(FILE): null

2018-11-28 11:36:05 - [TEST_STEP][PASSED] - Statement - PreSaveFile = new java.io.File(PresavePath): null

2018-11-28 11:36:05 - [TEST_STEP][PASSED] - Statement - counter = 0: null

2018-11-28 11:36:05 - [TEST_STEP][PASSED] - Statement - If (PreSaveFile.exists()): null

2018-11-28 11:36:05 - [TEST_STEP][PASSED] - Statement - While (PreSaveFile.exists()): null

2018-11-28 11:36:05 - [TEST_STEP][PASSED] - Statement - counter = counter + 1: null

2018-11-28 11:36:05 - [TEST_STEP][PASSED] - Statement - PreSaveFile = new java.io.File(((pathPrefix + java.lang.Integer.toString(counter)) + .png)): null

2018-11-28 11:36:05 - [TEST_STEP][PASSED] - Statement - counter = counter + 1: null

2018-11-28 11:36:05 - [TEST_STEP][PASSED] - Statement - PreSaveFile = new java.io.File(((pathPrefix + java.lang.Integer.toString(counter)) + .png)): null

2018-11-28 11:36:05 - [TEST_STEP][PASSED] - Statement - counter = counter + 1: null

2018-11-28 11:36:05 - [TEST_STEP][PASSED] - Statement - PreSaveFile = new java.io.File(((pathPrefix + java.lang.Integer.toString(counter)) + .png)): null

2018-11-28 11:36:05 - [TEST_STEP][PASSED] - Statement - counter = counter + 1: null

2018-11-28 11:36:05 - [TEST_STEP][PASSED] - Statement - PreSaveFile = new java.io.File(((pathPrefix + java.lang.Integer.toString(counter)) + .png)): null

2018-11-28 11:36:05 - [TEST_STEP][PASSED] - Statement - counter = counter + 1: null

2018-11-28 11:36:05 - [TEST_STEP][PASSED] - Statement - PreSaveFile = new java.io.File(((pathPrefix + java.lang.Integer.toString(counter)) + .png)): null

2018-11-28 11:36:05 - [TEST_STEP][PASSED] - Statement - counter = counter + 1: null

2018-11-28 11:36:05 - [TEST_STEP][PASSED] - Statement - PreSaveFile = new java.io.File(((pathPrefix + java.lang.Integer.toString(counter)) + .png)): null

2018-11-28 11:36:05 - [TEST_STEP][PASSED] - Statement - counter = counter + 1: null

2018-11-28 11:36:05 - [TEST_STEP][PASSED] - Statement - PreSaveFile = new java.io.File(((pathPrefix + java.lang.Integer.toString(counter)) + .png)): null

2018-11-28 11:36:05 - [TEST_STEP][PASSED] - Statement - counter = counter + 1: null

2018-11-28 11:36:05 - [TEST_STEP][PASSED] - Statement - PreSaveFile = new java.io.File(((pathPrefix + java.lang.Integer.toString(counter)) + .png)): null

2018-11-28 11:36:05 - [TEST_STEP][PASSED] - Statement - counter = counter + 1: null

2018-11-28 11:36:05 - [TEST_STEP][PASSED] - Statement - PreSaveFile = new java.io.File(((pathPrefix + java.lang.Integer.toString(counter)) + .png)): null

2018-11-28 11:36:05 - [TEST_STEP][PASSED] - Statement - counter = counter + 1: null

2018-11-28 11:36:05 - [TEST_STEP][PASSED] - Statement - PreSaveFile = new java.io.File(((pathPrefix + java.lang.Integer.toString(counter)) + .png)): null

2018-11-28 11:36:05 - [TEST_STEP][PASSED] - Statement - counter = counter + 1: null

2018-11-28 11:36:05 - [TEST_STEP][PASSED] - Statement - PreSaveFile = new java.io.File(((pathPrefix + java.lang.Integer.toString(counter)) + .png)): null

2018-11-28 11:36:05 - [TEST_STEP][PASSED] - Statement - counter = counter + 1: null

2018-11-28 11:36:05 - [TEST_STEP][PASSED] - Statement - PreSaveFile = new java.io.File(((pathPrefix + java.lang.Integer.toString(counter)) + .png)): null

2018-11-28 11:36:05 - [TEST_STEP][PASSED] - Statement - counter = counter + 1: null

2018-11-28 11:36:05 - [TEST_STEP][PASSED] - Statement - PreSaveFile = new java.io.File(((pathPrefix + java.lang.Integer.toString(counter)) + .png)): null

2018-11-28 11:36:05 - [TEST_STEP][PASSED] - Statement - counter = counter + 1: null

2018-11-28 11:36:05 - [TEST_STEP][PASSED] - Statement - PreSaveFile = new java.io.File(((pathPrefix + java.lang.Integer.toString(counter)) + .png)): null

2018-11-28 11:36:05 - [TEST_STEP][PASSED] - Statement - counter = counter + 1: null

2018-11-28 11:36:05 - [TEST_STEP][PASSED] - Statement - PreSaveFile = new java.io.File(((pathPrefix + java.lang.Integer.toString(counter)) + .png)): null

2018-11-28 11:36:05 - [TEST_STEP][PASSED] - Statement - counter = counter + 1: null

2018-11-28 11:36:05 - [TEST_STEP][PASSED] - Statement - PreSaveFile = new java.io.File(((pathPrefix + java.lang.Integer.toString(counter)) + .png)): null

2018-11-28 11:36:05 - [TEST_STEP][PASSED] - Statement - counter = counter + 1: null

2018-11-28 11:36:05 - [TEST_STEP][PASSED] - Statement - PreSaveFile = new java.io.File(((pathPrefix + java.lang.Integer.toString(counter)) + .png)): null

2018-11-28 11:36:06 - [TEST_STEP][PASSED] - Statement - counter = counter + 1: null

2018-11-28 11:36:06 - [TEST_STEP][PASSED] - Statement - PreSaveFile = new java.io.File(((pathPrefix + java.lang.Integer.toString(counter)) + .png)): null

2018-11-28 11:36:06 - [TEST_STEP][PASSED] - Statement - counter = counter + 1: null

2018-11-28 11:36:06 - [TEST_STEP][PASSED] - Statement - PreSaveFile = new java.io.File(((pathPrefix + java.lang.Integer.toString(counter)) + .png)): null

2018-11-28 11:36:06 - [TEST_STEP][PASSED] - Statement - counter = counter + 1: null

2018-11-28 11:36:06 - [TEST_STEP][PASSED] - Statement - PreSaveFile = new java.io.File(((pathPrefix + java.lang.Integer.toString(counter)) + .png)): null

2018-11-28 11:36:06 - [TEST_STEP][PASSED] - Statement - counter = counter + 1: null

2018-11-28 11:36:06 - [TEST_STEP][PASSED] - Statement - PreSaveFile = new java.io.File(((pathPrefix + java.lang.Integer.toString(counter)) + .png)): null

2018-11-28 11:36:06 - [TEST_STEP][PASSED] - Statement - counter = counter + 1: null

2018-11-28 11:36:06 - [TEST_STEP][PASSED] - Statement - PreSaveFile = new java.io.File(((pathPrefix + java.lang.Integer.toString(counter)) + .png)): null

2018-11-28 11:36:06 - [TEST_STEP][PASSED] - Statement - counter = counter + 1: null

2018-11-28 11:36:06 - [TEST_STEP][PASSED] - Statement - PreSaveFile = new java.io.File(((pathPrefix + java.lang.Integer.toString(counter)) + .png)): null

2018-11-28 11:36:06 - [TEST_STEP][PASSED] - Statement - counter = counter + 1: null

2018-11-28 11:36:06 - [TEST_STEP][PASSED] - Statement - PreSaveFile = new java.io.File(((pathPrefix + java.lang.Integer.toString(counter)) + .png)): null

2018-11-28 11:36:06 - [TEST_STEP][PASSED] - Statement - counter = counter + 1: null

2018-11-28 11:36:06 - [TEST_STEP][PASSED] - Statement - PreSaveFile = new java.io.File(((pathPrefix + java.lang.Integer.toString(counter)) + .png)): null

2018-11-28 11:36:06 - [TEST_STEP][PASSED] - Statement - counter = counter + 1: null

2018-11-28 11:36:06 - [TEST_STEP][PASSED] - Statement - PreSaveFile = new java.io.File(((pathPrefix + java.lang.Integer.toString(counter)) + .png)): null

2018-11-28 11:36:06 - [TEST_STEP][PASSED] - Statement - counter = counter + 1: null

2018-11-28 11:36:06 - [TEST_STEP][PASSED] - Statement - PreSaveFile = new java.io.File(((pathPrefix + java.lang.Integer.toString(counter)) + .png)): null

2018-11-28 11:36:06 - [TEST_STEP][PASSED] - Statement - counter = counter + 1: null

2018-11-28 11:36:06 - [TEST_STEP][PASSED] - Statement - PreSaveFile = new java.io.File(((pathPrefix + java.lang.Integer.toString(counter)) + .png)): null

2018-11-28 11:36:06 - [TEST_STEP][PASSED] - Statement - counter = counter + 1: null

2018-11-28 11:36:07 - [TEST_STEP][PASSED] - Statement - PreSaveFile = new java.io.File(((pathPrefix + java.lang.Integer.toString(counter)) + .png)): null

2018-11-28 11:36:07 - [TEST_STEP][PASSED] - Statement - counter = counter + 1: null

2018-11-28 11:36:07 - [TEST_STEP][PASSED] - Statement - PreSaveFile = new java.io.File(((pathPrefix + java.lang.Integer.toString(counter)) + .png)): null

2018-11-28 11:36:07 - [TEST_STEP][PASSED] - Statement - counter = counter + 1: null

2018-11-28 11:36:07 - [TEST_STEP][PASSED] - Statement - PreSaveFile = new java.io.File(((pathPrefix + java.lang.Integer.toString(counter)) + .png)): null

2018-11-28 11:36:07 - [TEST_STEP][PASSED] - Statement - counter = counter + 1: null

2018-11-28 11:36:07 - [TEST_STEP][PASSED] - Statement - PreSaveFile = new java.io.File(((pathPrefix + java.lang.Integer.toString(counter)) + .png)): null

2018-11-28 11:36:07 - [TEST_STEP][PASSED] - Statement - counter = counter + 1: null

2018-11-28 11:36:07 - [TEST_STEP][PASSED] - Statement - PreSaveFile = new java.io.File(((pathPrefix + java.lang.Integer.toString(counter)) + .png)): null

2018-11-28 11:36:07 - [TEST_STEP][PASSED] - Statement - counter = counter + 1: null

2018-11-28 11:36:07 - [TEST_STEP][PASSED] - Statement - PreSaveFile = new java.io.File(((pathPrefix + java.lang.Integer.toString(counter)) + .png)): null

2018-11-28 11:36:07 - [TEST_STEP][PASSED] - Statement - counter = counter + 1: null

2018-11-28 11:36:07 - [TEST_STEP][PASSED] - Statement - PreSaveFile = new java.io.File(((pathPrefix + java.lang.Integer.toString(counter)) + .png)): null

2018-11-28 11:36:07 - [TEST_STEP][PASSED] - Statement - counter = counter + 1: null

2018-11-28 11:36:07 - [TEST_STEP][PASSED] - Statement - PreSaveFile = new java.io.File(((pathPrefix + java.lang.Integer.toString(counter)) + .png)): null

2018-11-28 11:36:07 - [TEST_STEP][PASSED] - Statement - counter = counter + 1: null

2018-11-28 11:36:07 - [TEST_STEP][PASSED] - Statement - PreSaveFile = new java.io.File(((pathPrefix + java.lang.Integer.toString(counter)) + .png)): null

2018-11-28 11:36:07 - [TEST_STEP][PASSED] - Statement - counter = counter + 1: null

2018-11-28 11:36:08 - [TEST_STEP][PASSED] - Statement - PreSaveFile = new java.io.File(((pathPrefix + java.lang.Integer.toString(counter)) + .png)): null

2018-11-28 11:36:08 - [TEST_STEP][PASSED] - Statement - counter = counter + 1: null

2018-11-28 11:36:08 - [TEST_STEP][PASSED] - Statement - PreSaveFile = new java.io.File(((pathPrefix + java.lang.Integer.toString(counter)) + .png)): null

2018-11-28 11:36:08 - [TEST_STEP][PASSED] - Statement - counter = counter + 1: null

2018-11-28 11:36:08 - [TEST_STEP][PASSED] - Statement - PreSaveFile = new java.io.File(((pathPrefix + java.lang.Integer.toString(counter)) + .png)): null

2018-11-28 11:36:08 - [TEST_STEP][PASSED] - Statement - counter = counter + 1: null

2018-11-28 11:36:08 - [TEST_STEP][PASSED] - Statement - PreSaveFile = new java.io.File(((pathPrefix + java.lang.Integer.toString(counter)) + .png)): null

2018-11-28 11:36:08 - [TEST_STEP][PASSED] - Statement - counter = counter + 1: null

2018-11-28 11:36:08 - [TEST_STEP][PASSED] - Statement - PreSaveFile = new java.io.File(((pathPrefix + java.lang.Integer.toString(counter)) + .png)): null

2018-11-28 11:36:08 - [TEST_STEP][PASSED] - Statement - counter = counter + 1: null

2018-11-28 11:36:08 - [TEST_STEP][PASSED] - Statement - PreSaveFile = new java.io.File(((pathPrefix + java.lang.Integer.toString(counter)) + .png)): null

2018-11-28 11:36:08 - [TEST_STEP][PASSED] - Statement - counter = counter + 1: null

2018-11-28 11:36:08 - [TEST_STEP][PASSED] - Statement - PreSaveFile = new java.io.File(((pathPrefix + java.lang.Integer.toString(counter)) + .png)): null

2018-11-28 11:36:08 - [TEST_STEP][PASSED] - Statement - counter = counter + 1: null

2018-11-28 11:36:08 - [TEST_STEP][PASSED] - Statement - PreSaveFile = new java.io.File(((pathPrefix + java.lang.Integer.toString(counter)) + .png)): null

2018-11-28 11:36:08 - [TEST_STEP][PASSED] - Statement - counter = counter + 1: null

2018-11-28 11:36:08 - [TEST_STEP][PASSED] - Statement - PreSaveFile = new java.io.File(((pathPrefix + java.lang.Integer.toString(counter)) + .png)): null

2018-11-28 11:36:08 - [TEST_STEP][PASSED] - Statement - counter = counter + 1: null

2018-11-28 11:36:08 - [TEST_STEP][PASSED] - Statement - PreSaveFile = new java.io.File(((pathPrefix + java.lang.Integer.toString(counter)) + .png)): null

2018-11-28 11:36:08 - [TEST_STEP][PASSED] - Statement - counter = counter + 1: null

2018-11-28 11:36:09 - [TEST_STEP][PASSED] - Statement - PreSaveFile = new java.io.File(((pathPrefix + java.lang.Integer.toString(counter)) + .png)): null

2018-11-28 11:36:09 - [TEST_STEP][PASSED] - Statement - counter = counter + 1: null

2018-11-28 11:36:09 - [TEST_STEP][PASSED] - Statement - PreSaveFile = new java.io.File(((pathPrefix + java.lang.Integer.toString(counter)) + .png)): null

2018-11-28 11:36:09 - [TEST_STEP][PASSED] - Statement - counter = counter + 1: null

2018-11-28 11:36:09 - [TEST_STEP][PASSED] - Statement - PreSaveFile = new java.io.File(((pathPrefix + java.lang.Integer.toString(counter)) + .png)): null

2018-11-28 11:36:09 - [TEST_STEP][PASSED] - Statement - counter = counter + 1: null

2018-11-28 11:36:09 - [TEST_STEP][PASSED] - Statement - PreSaveFile = new java.io.File(((pathPrefix + java.lang.Integer.toString(counter)) + .png)): null

2018-11-28 11:36:09 - [TEST_STEP][PASSED] - Statement - counter = counter + 1: null

2018-11-28 11:36:09 - [TEST_STEP][PASSED] - Statement - PreSaveFile = new java.io.File(((pathPrefix + java.lang.Integer.toString(counter)) + .png)): null

2018-11-28 11:36:09 - [TEST_STEP][PASSED] - Statement - counter = counter + 1: null

2018-11-28 11:36:10 - [TEST_STEP][PASSED] - Statement - PreSaveFile = new java.io.File(((pathPrefix + java.lang.Integer.toString(counter)) + .png)): null

2018-11-28 11:36:10 - [TEST_STEP][PASSED] - Statement - counter = counter + 1: null

2018-11-28 11:36:10 - [TEST_STEP][PASSED] - Statement - PreSaveFile = new java.io.File(((pathPrefix + java.lang.Integer.toString(counter)) + .png)): null

2018-11-28 11:36:10 - [TEST_STEP][PASSED] - Statement - counter = counter + 1: null

2018-11-28 11:36:10 - [TEST_STEP][PASSED] - Statement - PreSaveFile = new java.io.File(((pathPrefix + java.lang.Integer.toString(counter)) + .png)): null

2018-11-28 11:36:10 - [TEST_STEP][PASSED] - Statement - counter = counter + 1: null

2018-11-28 11:36:10 - [TEST_STEP][PASSED] - Statement - PreSaveFile = new java.io.File(((pathPrefix + java.lang.Integer.toString(counter)) + .png)): null

2018-11-28 11:36:10 - [TEST_STEP][PASSED] - Statement - counter = counter + 1: null

2018-11-28 11:36:10 - [TEST_STEP][PASSED] - Statement - PreSaveFile = new java.io.File(((pathPrefix + java.lang.Integer.toString(counter)) + .png)): null

2018-11-28 11:36:11 - [TEST_STEP][PASSED] - Statement - counter = counter + 1: null

2018-11-28 11:36:11 - [TEST_STEP][PASSED] - Statement - PreSaveFile = new java.io.File(((pathPrefix + java.lang.Integer.toString(counter)) + .png)): null

2018-11-28 11:36:11 - [TEST_STEP][PASSED] - Statement - counter = counter + 1: null

2018-11-28 11:36:11 - [TEST_STEP][PASSED] - Statement - PreSaveFile = new java.io.File(((pathPrefix + java.lang.Integer.toString(counter)) + .png)): null

2018-11-28 11:36:11 - [TEST_STEP][PASSED] - Statement - counter = counter + 1: null

2018-11-28 11:36:11 - [TEST_STEP][PASSED] - Statement - PreSaveFile = new java.io.File(((pathPrefix + java.lang.Integer.toString(counter)) + .png)): null

2018-11-28 11:36:11 - [TEST_STEP][PASSED] - Statement - counter = counter + 1: null

2018-11-28 11:36:11 - [TEST_STEP][PASSED] - Statement - PreSaveFile = new java.io.File(((pathPrefix + java.lang.Integer.toString(counter)) + .png)): null

2018-11-28 11:36:11 - [TEST_STEP][PASSED] - Statement - counter = counter + 1: null

2018-11-28 11:36:11 - [TEST_STEP][PASSED] - Statement - PreSaveFile = new java.io.File(((pathPrefix + java.lang.Integer.toString(counter)) + .png)): null

2018-11-28 11:36:11 - [TEST_STEP][PASSED] - Statement - counter = counter + 1: null

2018-11-28 11:36:11 - [TEST_STEP][PASSED] - Statement - PreSaveFile = new java.io.File(((pathPrefix + java.lang.Integer.toString(counter)) + .png)): null

2018-11-28 11:36:11 - [TEST_STEP][PASSED] - Statement - counter = counter + 1: null

2018-11-28 11:36:11 - [TEST_STEP][PASSED] - Statement - PreSaveFile = new java.io.File(((pathPrefix + java.lang.Integer.toString(counter)) + .png)): null

2018-11-28 11:36:11 - [TEST_STEP][PASSED] - Statement - counter = counter + 1: null

2018-11-28 11:36:11 - [TEST_STEP][PASSED] - Statement - PreSaveFile = new java.io.File(((pathPrefix + java.lang.Integer.toString(counter)) + .png)): null

2018-11-28 11:36:11 - [TEST_STEP][PASSED] - Statement - counter = counter + 1: null

2018-11-28 11:36:11 - [TEST_STEP][PASSED] - Statement - PreSaveFile = new java.io.File(((pathPrefix + java.lang.Integer.toString(counter)) + .png)): null

2018-11-28 11:36:11 - [TEST_STEP][PASSED] - Statement - counter = counter + 1: null

2018-11-28 11:36:12 - [TEST_STEP][PASSED] - Statement - PreSaveFile = new java.io.File(((pathPrefix + java.lang.Integer.toString(counter)) + .png)): null

2018-11-28 11:36:12 - [TEST_STEP][PASSED] - Statement - counter = counter + 1: null

2018-11-28 11:36:12 - [TEST_STEP][PASSED] - Statement - PreSaveFile = new java.io.File(((pathPrefix + java.lang.Integer.toString(counter)) + .png)): null

2018-11-28 11:36:12 - [TEST_STEP][PASSED] - Statement - counter = counter + 1: null

2018-11-28 11:36:12 - [TEST_STEP][PASSED] - Statement - PreSaveFile = new java.io.File(((pathPrefix + java.lang.Integer.toString(counter)) + .png)): null

2018-11-28 11:36:12 - [TEST_STEP][PASSED] - Statement - counter = counter + 1: null

2018-11-28 11:36:12 - [TEST_STEP][PASSED] - Statement - PreSaveFile = new java.io.File(((pathPrefix + java.lang.Integer.toString(counter)) + .png)): null

2018-11-28 11:36:12 - [TEST_STEP][PASSED] - Statement - counter = counter + 1: null

2018-11-28 11:36:12 - [TEST_STEP][PASSED] - Statement - PreSaveFile = new java.io.File(((pathPrefix + java.lang.Integer.toString(counter)) + .png)): null

2018-11-28 11:36:12 - [TEST_STEP][PASSED] - Statement - counter = counter + 1: null

2018-11-28 11:36:13 - [TEST_STEP][PASSED] - Statement - PreSaveFile = new java.io.File(((pathPrefix + java.lang.Integer.toString(counter)) + .png)): null

2018-11-28 11:36:13 - [TEST_STEP][PASSED] - Statement - counter = counter + 1: null

2018-11-28 11:36:13 - [TEST_STEP][PASSED] - Statement - PreSaveFile = new java.io.File(((pathPrefix + java.lang.Integer.toString(counter)) + .png)): null

2018-11-28 11:36:13 - [TEST_STEP][PASSED] - Statement - counter = counter + 1: null

2018-11-28 11:36:13 - [TEST_STEP][PASSED] - Statement - PreSaveFile = new java.io.File(((pathPrefix + java.lang.Integer.toString(counter)) + .png)): null

2018-11-28 11:36:13 - [TEST_STEP][PASSED] - Statement - counter = counter + 1: null

2018-11-28 11:36:13 - [TEST_STEP][PASSED] - Statement - PreSaveFile = new java.io.File(((pathPrefix + java.lang.Integer.toString(counter)) + .png)): null

2018-11-28 11:36:13 - [TEST_STEP][PASSED] - Statement - counter = counter + 1: null

2018-11-28 11:36:13 - [TEST_STEP][PASSED] - Statement - PreSaveFile = new java.io.File(((pathPrefix + java.lang.Integer.toString(counter)) + .png)): null

2018-11-28 11:36:14 - [TEST_STEP][PASSED] - Statement - counter = counter + 1: null

2018-11-28 11:36:14 - [TEST_STEP][PASSED] - Statement - PreSaveFile = new java.io.File(((pathPrefix + java.lang.Integer.toString(counter)) + .png)): null

2018-11-28 11:36:14 - [TEST_STEP][PASSED] - Statement - counter = counter + 1: null

2018-11-28 11:36:14 - [TEST_STEP][PASSED] - Statement - PreSaveFile = new java.io.File(((pathPrefix + java.lang.Integer.toString(counter)) + .png)): null

2018-11-28 11:36:14 - [TEST_STEP][PASSED] - Statement - counter = counter + 1: null

2018-11-28 11:36:14 - [TEST_STEP][PASSED] - Statement - PreSaveFile = new java.io.File(((pathPrefix + java.lang.Integer.toString(counter)) + .png)): null

2018-11-28 11:36:14 - [TEST_STEP][PASSED] - Statement - counter = counter + 1: null

2018-11-28 11:36:14 - [TEST_STEP][PASSED] - Statement - PreSaveFile = new java.io.File(((pathPrefix + java.lang.Integer.toString(counter)) + .png)): null

2018-11-28 11:36:14 - [TEST_STEP][PASSED] - Statement - counter = counter + 1: null

2018-11-28 11:36:15 - [TEST_STEP][PASSED] - Statement - PreSaveFile = new java.io.File(((pathPrefix + java.lang.Integer.toString(counter)) + .png)): null

2018-11-28 11:36:15 - [TEST_STEP][PASSED] - Statement - counter = counter + 1: null

2018-11-28 11:36:15 - [TEST_STEP][PASSED] - Statement - PreSaveFile = new java.io.File(((pathPrefix + java.lang.Integer.toString(counter)) + .png)): null

2018-11-28 11:36:15 - [TEST_STEP][PASSED] - Statement - counter = counter + 1: null

2018-11-28 11:36:15 - [TEST_STEP][PASSED] - Statement - PreSaveFile = new java.io.File(((pathPrefix + java.lang.Integer.toString(counter)) + .png)): null

2018-11-28 11:36:15 - [TEST_STEP][PASSED] - Statement - counter = counter + 1: null

2018-11-28 11:36:15 - [TEST_STEP][PASSED] - Statement - PreSaveFile = new java.io.File(((pathPrefix + java.lang.Integer.toString(counter)) + .png)): null

2018-11-28 11:36:15 - [TEST_STEP][PASSED] - Statement - counter = counter + 1: null

2018-11-28 11:36:15 - [TEST_STEP][PASSED] - Statement - PreSaveFile = new java.io.File(((pathPrefix + java.lang.Integer.toString(counter)) + .png)): null

2018-11-28 11:36:15 - [TEST_STEP][PASSED] - Statement - counter = counter + 1: null

2018-11-28 11:36:15 - [TEST_STEP][PASSED] - Statement - PreSaveFile = new java.io.File(((pathPrefix + java.lang.Integer.toString(counter)) + .png)): null

2018-11-28 11:36:15 - [TEST_STEP][PASSED] - Statement - counter = counter + 1: null

2018-11-28 11:36:15 - [TEST_STEP][PASSED] - Statement - PreSaveFile = new java.io.File(((pathPrefix + java.lang.Integer.toString(counter)) + .png)): null

2018-11-28 11:36:15 - [TEST_STEP][PASSED] - Statement - counter = counter + 1: null

2018-11-28 11:36:15 - [TEST_STEP][PASSED] - Statement - PreSaveFile = new java.io.File(((pathPrefix + java.lang.Integer.toString(counter)) + .png)): null

2018-11-28 11:36:15 - [TEST_STEP][PASSED] - Statement - counter = counter + 1: null

2018-11-28 11:36:15 - [TEST_STEP][PASSED] - Statement - PreSaveFile = new java.io.File(((pathPrefix + java.lang.Integer.toString(counter)) + .png)): null

2018-11-28 11:36:15 - [TEST_STEP][PASSED] - Statement - counter = counter + 1: null

2018-11-28 11:36:15 - [TEST_STEP][PASSED] - Statement - PreSaveFile = new java.io.File(((pathPrefix + java.lang.Integer.toString(counter)) + .png)): null

2018-11-28 11:36:15 - [TEST_STEP][PASSED] - Statement - counter = counter + 1: null

2018-11-28 11:36:16 - [TEST_STEP][PASSED] - Statement - PreSaveFile = new java.io.File(((pathPrefix + java.lang.Integer.toString(counter)) + .png)): null

2018-11-28 11:36:16 - [TEST_STEP][PASSED] - Statement - counter = counter + 1: null

2018-11-28 11:36:16 - [TEST_STEP][PASSED] - Statement - PreSaveFile = new java.io.File(((pathPrefix + java.lang.Integer.toString(counter)) + .png)): null

2018-11-28 11:36:16 - [TEST_STEP][PASSED] - Statement - counter = counter + 1: null

2018-11-28 11:36:16 - [TEST_STEP][PASSED] - Statement - PreSaveFile = new java.io.File(((pathPrefix + java.lang.Integer.toString(counter)) + .png)): null

2018-11-28 11:36:16 - [TEST_STEP][PASSED] - Statement - counter = counter + 1: null

2018-11-28 11:36:16 - [TEST_STEP][PASSED] - Statement - PreSaveFile = new java.io.File(((pathPrefix + java.lang.Integer.toString(counter)) + .png)): null

2018-11-28 11:36:16 - [TEST_STEP][PASSED] - Statement - counter = counter + 1: null

2018-11-28 11:36:16 - [TEST_STEP][PASSED] - Statement - PreSaveFile = new java.io.File(((pathPrefix + java.lang.Integer.toString(counter)) + .png)): null

2018-11-28 11:36:16 - [TEST_STEP][PASSED] - Statement - counter = counter + 1: null

2018-11-28 11:36:17 - [TEST_STEP][PASSED] - Statement - PreSaveFile = new java.io.File(((pathPrefix + java.lang.Integer.toString(counter)) + .png)): null

2018-11-28 11:36:17 - [TEST_STEP][PASSED] - Statement - counter = counter + 1: null

2018-11-28 11:36:17 - [TEST_STEP][PASSED] - Statement - PreSaveFile = new java.io.File(((pathPrefix + java.lang.Integer.toString(counter)) + .png)): null

2018-11-28 11:36:17 - [TEST_STEP][PASSED] - Statement - counter = counter + 1: null

2018-11-28 11:36:17 - [TEST_STEP][PASSED] - Statement - PreSaveFile = new java.io.File(((pathPrefix + java.lang.Integer.toString(counter)) + .png)): null

2018-11-28 11:36:17 - [TEST_STEP][PASSED] - Statement - counter = counter + 1: null

2018-11-28 11:36:17 - [TEST_STEP][PASSED] - Statement - PreSaveFile = new java.io.File(((pathPrefix + java.lang.Integer.toString(counter)) + .png)): null

2018-11-28 11:36:17 - [TEST_STEP][PASSED] - Statement - counter = counter + 1: null

2018-11-28 11:36:17 - [TEST_STEP][PASSED] - Statement - PreSaveFile = new java.io.File(((pathPrefix + java.lang.Integer.toString(counter)) + .png)): null

2018-11-28 11:36:18 - [TEST_STEP][PASSED] - Statement - counter = counter + 1: null

2018-11-28 11:36:18 - [TEST_STEP][PASSED] - Statement - PreSaveFile = new java.io.File(((pathPrefix + java.lang.Integer.toString(counter)) + .png)): null

2018-11-28 11:36:18 - [TEST_STEP][PASSED] - Statement - counter = counter + 1: null

2018-11-28 11:36:18 - [TEST_STEP][PASSED] - Statement - PreSaveFile = new java.io.File(((pathPrefix + java.lang.Integer.toString(counter)) + .png)): null

2018-11-28 11:36:18 - [TEST_STEP][PASSED] - Statement - counter = counter + 1: null

2018-11-28 11:36:18 - [TEST_STEP][PASSED] - Statement - PreSaveFile = new java.io.File(((pathPrefix + java.lang.Integer.toString(counter)) + .png)): null

2018-11-28 11:36:18 - [TEST_STEP][PASSED] - Statement - counter = counter + 1: null

2018-11-28 11:36:18 - [TEST_STEP][PASSED] - Statement - PreSaveFile = new java.io.File(((pathPrefix + java.lang.Integer.toString(counter)) + .png)): null

2018-11-28 11:36:18 - [TEST_STEP][PASSED] - Statement - counter = counter + 1: null

2018-11-28 11:36:19 - [TEST_STEP][PASSED] - Statement - PreSaveFile = new java.io.File(((pathPrefix + java.lang.Integer.toString(counter)) + .png)): null

2018-11-28 11:36:19 - [TEST_STEP][PASSED] - Statement - counter = counter + 1: null

2018-11-28 11:36:19 - [TEST_STEP][PASSED] - Statement - PreSaveFile = new java.io.File(((pathPrefix + java.lang.Integer.toString(counter)) + .png)): null

2018-11-28 11:36:19 - [TEST_STEP][PASSED] - Statement - counter = counter + 1: null

2018-11-28 11:36:19 - [TEST_STEP][PASSED] - Statement - PreSaveFile = new java.io.File(((pathPrefix + java.lang.Integer.toString(counter)) + .png)): null

2018-11-28 11:36:19 - [TEST_STEP][PASSED] - Statement - counter = counter + 1: null

2018-11-28 11:36:19 - [TEST_STEP][PASSED] - Statement - PreSaveFile = new java.io.File(((pathPrefix + java.lang.Integer.toString(counter)) + .png)): null

2018-11-28 11:36:19 - [TEST_STEP][PASSED] - Statement - counter = counter + 1: null

2018-11-28 11:36:19 - [TEST_STEP][PASSED] - Statement - PreSaveFile = new java.io.File(((pathPrefix + java.lang.Integer.toString(counter)) + .png)): null

2018-11-28 11:36:19 - [TEST_STEP][PASSED] - Statement - counter = counter + 1: null

2018-11-28 11:36:20 - [TEST_STEP][PASSED] - Statement - PreSaveFile = new java.io.File(((pathPrefix + java.lang.Integer.toString(counter)) + .png)): null

2018-11-28 11:36:20 - [TEST_STEP][PASSED] - Statement - counter = counter + 1: null

2018-11-28 11:36:20 - [TEST_STEP][PASSED] - Statement - PreSaveFile = new java.io.File(((pathPrefix + java.lang.Integer.toString(counter)) + .png)): null

2018-11-28 11:36:20 - [TEST_STEP][PASSED] - Statement - counter = counter + 1: null

2018-11-28 11:36:20 - [TEST_STEP][PASSED] - Statement - PreSaveFile = new java.io.File(((pathPrefix + java.lang.Integer.toString(counter)) + .png)): null

2018-11-28 11:36:20 - [TEST_STEP][PASSED] - Statement - counter = counter + 1: null

2018-11-28 11:36:20 - [TEST_STEP][PASSED] - Statement - PreSaveFile = new java.io.File(((pathPrefix + java.lang.Integer.toString(counter)) + .png)): null

2018-11-28 11:36:20 - [TEST_STEP][PASSED] - Statement - counter = counter + 1: null

2018-11-28 11:36:20 - [TEST_STEP][PASSED] - Statement - PreSaveFile = new java.io.File(((pathPrefix + java.lang.Integer.toString(counter)) + .png)): null

2018-11-28 11:36:20 - [TEST_STEP][PASSED] - Statement - counter = counter + 1: null

2018-11-28 11:36:21 - [TEST_STEP][PASSED] - Statement - PreSaveFile = new java.io.File(((pathPrefix + java.lang.Integer.toString(counter)) + .png)): null

2018-11-28 11:36:21 - [TEST_STEP][PASSED] - Statement - counter = counter + 1: null

2018-11-28 11:36:21 - [TEST_STEP][PASSED] - Statement - PreSaveFile = new java.io.File(((pathPrefix + java.lang.Integer.toString(counter)) + .png)): null

2018-11-28 11:36:21 - [TEST_STEP][PASSED] - Statement - counter = counter + 1: null

2018-11-28 11:36:21 - [TEST_STEP][PASSED] - Statement - PreSaveFile = new java.io.File(((pathPrefix + java.lang.Integer.toString(counter)) + .png)): null

2018-11-28 11:36:21 - [TEST_STEP][PASSED] - Statement - counter = counter + 1: null

2018-11-28 11:36:21 - [TEST_STEP][PASSED] - Statement - PreSaveFile = new java.io.File(((pathPrefix + java.lang.Integer.toString(counter)) + .png)): null

2018-11-28 11:36:21 - [TEST_STEP][PASSED] - Statement - counter = counter + 1: null

2018-11-28 11:36:21 - [TEST_STEP][PASSED] - Statement - PreSaveFile = new java.io.File(((pathPrefix + java.lang.Integer.toString(counter)) + .png)): null

2018-11-28 11:36:22 - [TEST_STEP][PASSED] - Statement - counter = counter + 1: null

2018-11-28 11:36:22 - [TEST_STEP][PASSED] - Statement - PreSaveFile = new java.io.File(((pathPrefix + java.lang.Integer.toString(counter)) + .png)): null

2018-11-28 11:36:22 - [TEST_STEP][PASSED] - Statement - counter = counter + 1: null

2018-11-28 11:36:22 - [TEST_STEP][PASSED] - Statement - PreSaveFile = new java.io.File(((pathPrefix + java.lang.Integer.toString(counter)) + .png)): null

2018-11-28 11:36:22 - [TEST_STEP][PASSED] - Statement - counter = counter + 1: null

2018-11-28 11:36:22 - [TEST_STEP][PASSED] - Statement - PreSaveFile = new java.io.File(((pathPrefix + java.lang.Integer.toString(counter)) + .png)): null

2018-11-28 11:36:22 - [TEST_STEP][PASSED] - Statement - counter = counter + 1: null

2018-11-28 11:36:22 - [TEST_STEP][PASSED] - Statement - PreSaveFile = new java.io.File(((pathPrefix + java.lang.Integer.toString(counter)) + .png)): null

2018-11-28 11:36:22 - [TEST_STEP][PASSED] - Statement - counter = counter + 1: null

2018-11-28 11:36:22 - [TEST_STEP][PASSED] - Statement - PreSaveFile = new java.io.File(((pathPrefix + java.lang.Integer.toString(counter)) + .png)): null

2018-11-28 11:36:23 - [TEST_STEP][PASSED] - Statement - counter = counter + 1: null

2018-11-28 11:36:23 - [TEST_STEP][PASSED] - Statement - PreSaveFile = new java.io.File(((pathPrefix + java.lang.Integer.toString(counter)) + .png)): null

2018-11-28 11:36:23 - [TEST_STEP][PASSED] - Statement - counter = counter + 1: null

2018-11-28 11:36:23 - [TEST_STEP][PASSED] - Statement - PreSaveFile = new java.io.File(((pathPrefix + java.lang.Integer.toString(counter)) + .png)): null

2018-11-28 11:36:23 - [TEST_STEP][PASSED] - Statement - counter = counter + 1: null

2018-11-28 11:36:23 - [TEST_STEP][PASSED] - Statement - PreSaveFile = new java.io.File(((pathPrefix + java.lang.Integer.toString(counter)) + .png)): null

2018-11-28 11:36:23 - [TEST_STEP][PASSED] - Statement - counter = counter + 1: null

2018-11-28 11:36:23 - [TEST_STEP][PASSED] - Statement - PreSaveFile = new java.io.File(((pathPrefix + java.lang.Integer.toString(counter)) + .png)): null

2018-11-28 11:36:23 - [TEST_STEP][PASSED] - Statement - counter = counter + 1: null

2018-11-28 11:36:25 - [TEST_STEP][PASSED] - Statement - PreSaveFile = new java.io.File(((pathPrefix + java.lang.Integer.toString(counter)) + .png)): null

2018-11-28 11:36:25 - [TEST_STEP][PASSED] - Statement - counter = counter + 1: null

2018-11-28 11:36:25 - [TEST_STEP][PASSED] - Statement - PreSaveFile = new java.io.File(((pathPrefix + java.lang.Integer.toString(counter)) + .png)): null

2018-11-28 11:36:25 - [TEST_STEP][PASSED] - Statement - counter = counter + 1: null

2018-11-28 11:36:25 - [TEST_STEP][PASSED] - Statement - PreSaveFile = new java.io.File(((pathPrefix + java.lang.Integer.toString(counter)) + .png)): null

2018-11-28 11:36:25 - [TEST_STEP][PASSED] - Statement - counter = counter + 1: null

2018-11-28 11:36:25 - [TEST_STEP][PASSED] - Statement - PreSaveFile = new java.io.File(((pathPrefix + java.lang.Integer.toString(counter)) + .png)): null

2018-11-28 11:36:25 - [TEST_STEP][PASSED] - Statement - counter = counter + 1: null

2018-11-28 11:36:25 - [TEST_STEP][PASSED] - Statement - PreSaveFile = new java.io.File(((pathPrefix + java.lang.Integer.toString(counter)) + .png)): null

2018-11-28 11:36:25 - [TEST_STEP][PASSED] - Statement - counter = counter + 1: null

2018-11-28 11:36:26 - [TEST_STEP][PASSED] - Statement - PreSaveFile = new java.io.File(((pathPrefix + java.lang.Integer.toString(counter)) + .png)): null

2018-11-28 11:36:26 - [TEST_STEP][PASSED] - Statement - counter = counter + 1: null

2018-11-28 11:36:26 - [TEST_STEP][PASSED] - Statement - PreSaveFile = new java.io.File(((pathPrefix + java.lang.Integer.toString(counter)) + .png)): null

2018-11-28 11:36:26 - [TEST_STEP][PASSED] - Statement - counter = counter + 1: null

2018-11-28 11:36:26 - [TEST_STEP][PASSED] - Statement - PreSaveFile = new java.io.File(((pathPrefix + java.lang.Integer.toString(counter)) + .png)): null

2018-11-28 11:36:26 - [TEST_STEP][PASSED] - Statement - counter = counter + 1: null

2018-11-28 11:36:26 - [TEST_STEP][PASSED] - Statement - PreSaveFile = new java.io.File(((pathPrefix + java.lang.Integer.toString(counter)) + .png)): null

2018-11-28 11:36:26 - [TEST_STEP][PASSED] - Statement - counter = counter + 1: null

2018-11-28 11:36:26 - [TEST_STEP][PASSED] - Statement - PreSaveFile = new java.io.File(((pathPrefix + java.lang.Integer.toString(counter)) + .png)): null

2018-11-28 11:36:26 - [TEST_STEP][PASSED] - Statement - counter = counter + 1: null

2018-11-28 11:36:27 - [TEST_STEP][PASSED] - Statement - PreSaveFile = new java.io.File(((pathPrefix + java.lang.Integer.toString(counter)) + .png)): null

2018-11-28 11:36:27 - [TEST_STEP][PASSED] - Statement - counter = counter + 1: null

2018-11-28 11:36:27 - [TEST_STEP][PASSED] - Statement - PreSaveFile = new java.io.File(((pathPrefix + java.lang.Integer.toString(counter)) + .png)): null

2018-11-28 11:36:27 - [TEST_STEP][PASSED] - Statement - counter = counter + 1: null

2018-11-28 11:36:27 - [TEST_STEP][PASSED] - Statement - PreSaveFile = new java.io.File(((pathPrefix + java.lang.Integer.toString(counter)) + .png)): null

2018-11-28 11:36:27 - [TEST_STEP][PASSED] - Statement - counter = counter + 1: null

2018-11-28 11:36:27 - [TEST_STEP][PASSED] - Statement - PreSaveFile = new java.io.File(((pathPrefix + java.lang.Integer.toString(counter)) + .png)): null

2018-11-28 11:36:27 - [TEST_STEP][PASSED] - Statement - counter = counter + 1: null

2018-11-28 11:36:27 - [TEST_STEP][PASSED] - Statement - PreSaveFile = new java.io.File(((pathPrefix + java.lang.Integer.toString(counter)) + .png)): null

2018-11-28 11:36:28 - [TEST_STEP][PASSED] - Statement - counter = counter + 1: null

2018-11-28 11:36:28 - [TEST_STEP][PASSED] - Statement - PreSaveFile = new java.io.File(((pathPrefix + java.lang.Integer.toString(counter)) + .png)): null

2018-11-28 11:36:28 - [TEST_STEP][PASSED] - Statement - counter = counter + 1: null

2018-11-28 11:36:28 - [TEST_STEP][PASSED] - Statement - PreSaveFile = new java.io.File(((pathPrefix + java.lang.Integer.toString(counter)) + .png)): null

2018-11-28 11:36:28 - [TEST_STEP][PASSED] - Statement - counter = counter + 1: null

2018-11-28 11:36:28 - [TEST_STEP][PASSED] - Statement - PreSaveFile = new java.io.File(((pathPrefix + java.lang.Integer.toString(counter)) + .png)): null

2018-11-28 11:36:28 - [TEST_STEP][PASSED] - Statement - counter = counter + 1: null

2018-11-28 11:36:28 - [TEST_STEP][PASSED] - Statement - PreSaveFile = new java.io.File(((pathPrefix + java.lang.Integer.toString(counter)) + .png)): null

2018-11-28 11:36:28 - [TEST_STEP][PASSED] - Statement - counter = counter + 1: null

2018-11-28 11:36:30 - [TEST_STEP][PASSED] - Statement - PreSaveFile = new java.io.File(((pathPrefix + java.lang.Integer.toString(counter)) + .png)): null

2018-11-28 11:36:30 - [TEST_STEP][PASSED] - Statement - counter = counter + 1: null

2018-11-28 11:36:30 - [TEST_STEP][PASSED] - Statement - PreSaveFile = new java.io.File(((pathPrefix + java.lang.Integer.toString(counter)) + .png)): null

2018-11-28 11:36:30 - [TEST_STEP][PASSED] - Statement - counter = counter + 1: null

2018-11-28 11:36:30 - [TEST_STEP][PASSED] - Statement - PreSaveFile = new java.io.File(((pathPrefix + java.lang.Integer.toString(counter)) + .png)): null

2018-11-28 11:36:30 - [TEST_STEP][PASSED] - Statement - counter = counter + 1: null

2018-11-28 11:36:30 - [TEST_STEP][PASSED] - Statement - PreSaveFile = new java.io.File(((pathPrefix + java.lang.Integer.toString(counter)) + .png)): null

2018-11-28 11:36:30 - [TEST_STEP][PASSED] - Statement - counter = counter + 1: null

2018-11-28 11:36:30 - [TEST_STEP][PASSED] - Statement - PreSaveFile = new java.io.File(((pathPrefix + java.lang.Integer.toString(counter)) + .png)): null

2018-11-28 11:36:30 - [TEST_STEP][PASSED] - Statement - counter = counter + 1: null

2018-11-28 11:36:31 - [TEST_STEP][PASSED] - Statement - PreSaveFile = new java.io.File(((pathPrefix + java.lang.Integer.toString(counter)) + .png)): null

2018-11-28 11:36:31 - [TEST_STEP][PASSED] - Statement - counter = counter + 1: null

2018-11-28 11:36:31 - [TEST_STEP][PASSED] - Statement - PreSaveFile = new java.io.File(((pathPrefix + java.lang.Integer.toString(counter)) + .png)): null

2018-11-28 11:36:31 - [TEST_STEP][PASSED] - Statement - counter = counter + 1: null

2018-11-28 11:36:31 - [TEST_STEP][PASSED] - Statement - PreSaveFile = new java.io.File(((pathPrefix + java.lang.Integer.toString(counter)) + .png)): null

2018-11-28 11:36:31 - [TEST_STEP][PASSED] - Statement - counter = counter + 1: null

2018-11-28 11:36:31 - [TEST_STEP][PASSED] - Statement - PreSaveFile = new java.io.File(((pathPrefix + java.lang.Integer.toString(counter)) + .png)): null

2018-11-28 11:36:31 - [TEST_STEP][PASSED] - Statement - counter = counter + 1: null

2018-11-28 11:36:31 - [TEST_STEP][PASSED] - Statement - PreSaveFile = new java.io.File(((pathPrefix + java.lang.Integer.toString(counter)) + .png)): null

2018-11-28 11:36:31 - [TEST_STEP][PASSED] - Statement - counter = counter + 1: null

2018-11-28 11:36:32 - [TEST_STEP][PASSED] - Statement - PreSaveFile = new java.io.File(((pathPrefix + java.lang.Integer.toString(counter)) + .png)): null

2018-11-28 11:36:32 - [TEST_STEP][PASSED] - Statement - counter = counter + 1: null

2018-11-28 11:36:32 - [TEST_STEP][PASSED] - Statement - PreSaveFile = new java.io.File(((pathPrefix + java.lang.Integer.toString(counter)) + .png)): null

2018-11-28 11:36:32 - [TEST_STEP][PASSED] - Statement - counter = counter + 1: null

2018-11-28 11:36:32 - [TEST_STEP][PASSED] - Statement - PreSaveFile = new java.io.File(((pathPrefix + java.lang.Integer.toString(counter)) + .png)): null

2018-11-28 11:36:32 - [TEST_STEP][PASSED] - Statement - counter = counter + 1: null

2018-11-28 11:36:32 - [TEST_STEP][PASSED] - Statement - PreSaveFile = new java.io.File(((pathPrefix + java.lang.Integer.toString(counter)) + .png)): null

2018-11-28 11:36:32 - [TEST_STEP][PASSED] - Statement - counter = counter + 1: null

2018-11-28 11:36:32 - [TEST_STEP][PASSED] - Statement - PreSaveFile = new java.io.File(((pathPrefix + java.lang.Integer.toString(counter)) + .png)): null

2018-11-28 11:36:32 - [TEST_STEP][PASSED] - Statement - counter = counter + 1: null

2018-11-28 11:36:33 - [TEST_STEP][PASSED] - Statement - PreSaveFile = new java.io.File(((pathPrefix + java.lang.Integer.toString(counter)) + .png)): null

2018-11-28 11:36:33 - [TEST_STEP][PASSED] - Statement - counter = counter + 1: null

2018-11-28 11:36:33 - [TEST_STEP][PASSED] - Statement - PreSaveFile = new java.io.File(((pathPrefix + java.lang.Integer.toString(counter)) + .png)): null

2018-11-28 11:36:33 - [TEST_STEP][PASSED] - Statement - counter = counter + 1: null

2018-11-28 11:36:33 - [TEST_STEP][PASSED] - Statement - PreSaveFile = new java.io.File(((pathPrefix + java.lang.Integer.toString(counter)) + .png)): null

2018-11-28 11:36:33 - [TEST_STEP][PASSED] - Statement - counter = counter + 1: null

2018-11-28 11:36:33 - [TEST_STEP][PASSED] - Statement - PreSaveFile = new java.io.File(((pathPrefix + java.lang.Integer.toString(counter)) + .png)): null

2018-11-28 11:36:33 - [TEST_STEP][PASSED] - Statement - counter = counter + 1: null

2018-11-28 11:36:33 - [TEST_STEP][PASSED] - Statement - PreSaveFile = new java.io.File(((pathPrefix + java.lang.Integer.toString(counter)) + .png)): null

2018-11-28 11:36:34 - [TEST_STEP][PASSED] - Statement - counter = counter + 1: null

2018-11-28 11:36:34 - [TEST_STEP][PASSED] - Statement - PreSaveFile = new java.io.File(((pathPrefix + java.lang.Integer.toString(counter)) + .png)): null

2018-11-28 11:36:34 - [TEST_STEP][PASSED] - Statement - counter = counter + 1: null

2018-11-28 11:36:34 - [TEST_STEP][PASSED] - Statement - PreSaveFile = new java.io.File(((pathPrefix + java.lang.Integer.toString(counter)) + .png)): null

2018-11-28 11:36:34 - [TEST_STEP][PASSED] - Statement - counter = counter + 1: null

2018-11-28 11:36:34 - [TEST_STEP][PASSED] - Statement - PreSaveFile = new java.io.File(((pathPrefix + java.lang.Integer.toString(counter)) + .png)): null

2018-11-28 11:36:34 - [TEST_STEP][PASSED] - Statement - counter = counter + 1: null

2018-11-28 11:36:34 - [TEST_STEP][PASSED] - Statement - PreSaveFile = new java.io.File(((pathPrefix + java.lang.Integer.toString(counter)) + .png)): null

2018-11-28 11:36:34 - [TEST_STEP][PASSED] - Statement - counter = counter + 1: null

2018-11-28 11:36:35 - [TEST_STEP][PASSED] - Statement - PreSaveFile = new java.io.File(((pathPrefix + java.lang.Integer.toString(counter)) + .png)): null

2018-11-28 11:36:35 - [TEST_STEP][PASSED] - Statement - counter = counter + 1: null

2018-11-28 11:36:35 - [TEST_STEP][PASSED] - Statement - PreSaveFile = new java.io.File(((pathPrefix + java.lang.Integer.toString(counter)) + .png)): null

2018-11-28 11:36:35 - [TEST_STEP][PASSED] - Statement - counter = counter + 1: null

2018-11-28 11:36:35 - [TEST_STEP][PASSED] - Statement - PreSaveFile = new java.io.File(((pathPrefix + java.lang.Integer.toString(counter)) + .png)): null

2018-11-28 11:36:35 - [TEST_STEP][PASSED] - Statement - counter = counter + 1: null

2018-11-28 11:36:35 - [TEST_STEP][PASSED] - Statement - PreSaveFile = new java.io.File(((pathPrefix + java.lang.Integer.toString(counter)) + .png)): null

2018-11-28 11:36:35 - [TEST_STEP][PASSED] - Statement - counter = counter + 1: null

2018-11-28 11:36:35 - [TEST_STEP][PASSED] - Statement - PreSaveFile = new java.io.File(((pathPrefix + java.lang.Integer.toString(counter)) + .png)): null

2018-11-28 11:36:35 - [TEST_STEP][PASSED] - Statement - counter = counter + 1: null

2018-11-28 11:36:36 - [TEST_STEP][PASSED] - Statement - PreSaveFile = new java.io.File(((pathPrefix + java.lang.Integer.toString(counter)) + .png)): null

2018-11-28 11:36:36 - [TEST_STEP][PASSED] - Statement - counter = counter + 1: null

2018-11-28 11:36:36 - [TEST_STEP][PASSED] - Statement - PreSaveFile = new java.io.File(((pathPrefix + java.lang.Integer.toString(counter)) + .png)): null

2018-11-28 11:36:36 - [TEST_STEP][PASSED] - Statement - counter = counter + 1: null

2018-11-28 11:36:36 - [TEST_STEP][PASSED] - Statement - PreSaveFile = new java.io.File(((pathPrefix + java.lang.Integer.toString(counter)) + .png)): null

2018-11-28 11:36:36 - [TEST_STEP][PASSED] - Statement - counter = counter + 1: null

2018-11-28 11:36:36 - [TEST_STEP][PASSED] - Statement - PreSaveFile = new java.io.File(((pathPrefix + java.lang.Integer.toString(counter)) + .png)): null

2018-11-28 11:36:36 - [TEST_STEP][PASSED] - Statement - counter = counter + 1: null

2018-11-28 11:36:36 - [TEST_STEP][PASSED] - Statement - PreSaveFile = new java.io.File(((pathPrefix + java.lang.Integer.toString(counter)) + .png)): null

2018-11-28 11:36:36 - [TEST_STEP][PASSED] - Statement - counter = counter + 1: null

2018-11-28 11:36:37 - [TEST_STEP][PASSED] - Statement - PreSaveFile = new java.io.File(((pathPrefix + java.lang.Integer.toString(counter)) + .png)): null

2018-11-28 11:36:37 - [TEST_STEP][PASSED] - Statement - counter = counter + 1: null

2018-11-28 11:36:37 - [TEST_STEP][PASSED] - Statement - PreSaveFile = new java.io.File(((pathPrefix + java.lang.Integer.toString(counter)) + .png)): null

2018-11-28 11:36:37 - [TEST_STEP][PASSED] - Statement - counter = counter + 1: null

2018-11-28 11:36:37 - [TEST_STEP][PASSED] - Statement - PreSaveFile = new java.io.File(((pathPrefix + java.lang.Integer.toString(counter)) + .png)): null

2018-11-28 11:36:37 - [TEST_STEP][PASSED] - Statement - counter = counter + 1: null

2018-11-28 11:36:37 - [TEST_STEP][PASSED] - Statement - PreSaveFile = new java.io.File(((pathPrefix + java.lang.Integer.toString(counter)) + .png)): null

2018-11-28 11:36:37 - [TEST_STEP][PASSED] - Statement - counter = counter + 1: null

2018-11-28 11:36:37 - [TEST_STEP][PASSED] - Statement - PreSaveFile = new java.io.File(((pathPrefix + java.lang.Integer.toString(counter)) + .png)): null

2018-11-28 11:36:39 - [TEST_STEP][PASSED] - Statement - counter = counter + 1: null

2018-11-28 11:36:39 - [TEST_STEP][PASSED] - Statement - PreSaveFile = new java.io.File(((pathPrefix + java.lang.Integer.toString(counter)) + .png)): null

2018-11-28 11:36:39 - [TEST_STEP][PASSED] - Statement - counter = counter + 1: null

2018-11-28 11:36:39 - [TEST_STEP][PASSED] - Statement - PreSaveFile = new java.io.File(((pathPrefix + java.lang.Integer.toString(counter)) + .png)): null

2018-11-28 11:36:39 - [TEST_STEP][PASSED] - Statement - counter = counter + 1: null

2018-11-28 11:36:39 - [TEST_STEP][PASSED] - Statement - PreSaveFile = new java.io.File(((pathPrefix + java.lang.Integer.toString(counter)) + .png)): null

2018-11-28 11:36:39 - [TEST_STEP][PASSED] - Statement - counter = counter + 1: null

2018-11-28 11:36:39 - [TEST_STEP][PASSED] - Statement - PreSaveFile = new java.io.File(((pathPrefix + java.lang.Integer.toString(counter)) + .png)): null

2018-11-28 11:36:39 - [TEST_STEP][PASSED] - Statement - counter = counter + 1: null

2018-11-28 11:36:39 - [TEST_STEP][PASSED] - Statement - PreSaveFile = new java.io.File(((pathPrefix + java.lang.Integer.toString(counter)) + .png)): null

2018-11-28 11:36:40 - [TEST_STEP][PASSED] - Statement - counter = counter + 1: null

2018-11-28 11:36:40 - [TEST_STEP][PASSED] - Statement - PreSaveFile = new java.io.File(((pathPrefix + java.lang.Integer.toString(counter)) + .png)): null

2018-11-28 11:36:40 - [TEST_STEP][PASSED] - Statement - counter = counter + 1: null

2018-11-28 11:36:40 - [TEST_STEP][PASSED] - Statement - PreSaveFile = new java.io.File(((pathPrefix + java.lang.Integer.toString(counter)) + .png)): null

2018-11-28 11:36:40 - [TEST_STEP][PASSED] - Statement - counter = counter + 1: null

2018-11-28 11:36:40 - [TEST_STEP][PASSED] - Statement - PreSaveFile = new java.io.File(((pathPrefix + java.lang.Integer.toString(counter)) + .png)): null

2018-11-28 11:36:40 - [TEST_STEP][PASSED] - Statement - counter = counter + 1: null

2018-11-28 11:36:40 - [TEST_STEP][PASSED] - Statement - PreSaveFile = new java.io.File(((pathPrefix + java.lang.Integer.toString(counter)) + .png)): null

2018-11-28 11:36:40 - [TEST_STEP][PASSED] - Statement - counter = counter + 1: null

2018-11-28 11:36:42 - [TEST_STEP][PASSED] - Statement - PreSaveFile = new java.io.File(((pathPrefix + java.lang.Integer.toString(counter)) + .png)): null

2018-11-28 11:36:42 - [TEST_STEP][PASSED] - Statement - counter = counter + 1: null

2018-11-28 11:36:42 - [TEST_STEP][PASSED] - Statement - PreSaveFile = new java.io.File(((pathPrefix + java.lang.Integer.toString(counter)) + .png)): null

2018-11-28 11:36:42 - [TEST_STEP][PASSED] - Statement - counter = counter + 1: null

2018-11-28 11:36:42 - [TEST_STEP][PASSED] - Statement - PreSaveFile = new java.io.File(((pathPrefix + java.lang.Integer.toString(counter)) + .png)): null

2018-11-28 11:36:42 - [TEST_STEP][PASSED] - Statement - counter = counter + 1: null

2018-11-28 11:36:42 - [TEST_STEP][PASSED] - Statement - PreSaveFile = new java.io.File(((pathPrefix + java.lang.Integer.toString(counter)) + .png)): null

2018-11-28 11:36:42 - [TEST_STEP][PASSED] - Statement - counter = counter + 1: null

2018-11-28 11:36:42 - [TEST_STEP][PASSED] - Statement - PreSaveFile = new java.io.File(((pathPrefix + java.lang.Integer.toString(counter)) + .png)): null

2018-11-28 11:36:42 - [TEST_STEP][PASSED] - Statement - counter = counter + 1: null

2018-11-28 11:36:43 - [TEST_STEP][PASSED] - Statement - PreSaveFile = new java.io.File(((pathPrefix + java.lang.Integer.toString(counter)) + .png)): null

2018-11-28 11:36:43 - [TEST_STEP][PASSED] - Statement - counter = counter + 1: null

2018-11-28 11:36:43 - [TEST_STEP][PASSED] - Statement - PreSaveFile = new java.io.File(((pathPrefix + java.lang.Integer.toString(counter)) + .png)): null

2018-11-28 11:36:43 - [TEST_STEP][PASSED] - Statement - counter = counter + 1: null

2018-11-28 11:36:43 - [TEST_STEP][PASSED] - Statement - PreSaveFile = new java.io.File(((pathPrefix + java.lang.Integer.toString(counter)) + .png)): null

2018-11-28 11:36:43 - [TEST_STEP][PASSED] - Statement - counter = counter + 1: null

2018-11-28 11:36:43 - [TEST_STEP][PASSED] - Statement - PreSaveFile = new java.io.File(((pathPrefix + java.lang.Integer.toString(counter)) + .png)): null

2018-11-28 11:36:43 - [TEST_STEP][PASSED] - Statement - counter = counter + 1: null

2018-11-28 11:36:43 - [TEST_STEP][PASSED] - Statement - PreSaveFile = new java.io.File(((pathPrefix + java.lang.Integer.toString(counter)) + .png)): null

2018-11-28 11:36:43 - [TEST_STEP][PASSED] - Statement - counter = counter + 1: null

2018-11-28 11:36:44 - [TEST_STEP][PASSED] - Statement - PreSaveFile = new java.io.File(((pathPrefix + java.lang.Integer.toString(counter)) + .png)): null

2018-11-28 11:36:44 - [TEST_STEP][PASSED] - Statement - counter = counter + 1: null

2018-11-28 11:36:44 - [TEST_STEP][PASSED] - Statement - PreSaveFile = new java.io.File(((pathPrefix + java.lang.Integer.toString(counter)) + .png)): null

2018-11-28 11:36:44 - [TEST_STEP][PASSED] - Statement - counter = counter + 1: null

2018-11-28 11:36:44 - [TEST_STEP][PASSED] - Statement - PreSaveFile = new java.io.File(((pathPrefix + java.lang.Integer.toString(counter)) + .png)): null

2018-11-28 11:36:44 - [TEST_STEP][PASSED] - Statement - counter = counter + 1: null

2018-11-28 11:36:44 - [TEST_STEP][PASSED] - Statement - PreSaveFile = new java.io.File(((pathPrefix + java.lang.Integer.toString(counter)) + .png)): null

2018-11-28 11:36:44 - [TEST_STEP][PASSED] - Statement - counter = counter + 1: null

2018-11-28 11:36:44 - [TEST_STEP][PASSED] - Statement - PreSaveFile = new java.io.File(((pathPrefix + java.lang.Integer.toString(counter)) + .png)): null

2018-11-28 11:36:45 - [TEST_STEP][PASSED] - Statement - counter = counter + 1: null

2018-11-28 11:36:45 - [TEST_STEP][PASSED] - Statement - PreSaveFile = new java.io.File(((pathPrefix + java.lang.Integer.toString(counter)) + .png)): null

2018-11-28 11:36:45 - [TEST_STEP][PASSED] - Statement - counter = counter + 1: null

2018-11-28 11:36:45 - [TEST_STEP][PASSED] - Statement - PreSaveFile = new java.io.File(((pathPrefix + java.lang.Integer.toString(counter)) + .png)): null

2018-11-28 11:36:45 - [TEST_STEP][PASSED] - Statement - counter = counter + 1: null

2018-11-28 11:36:45 - [TEST_STEP][PASSED] - Statement - PreSaveFile = new java.io.File(((pathPrefix + java.lang.Integer.toString(counter)) + .png)): null

2018-11-28 11:36:45 - [TEST_STEP][PASSED] - Statement - counter = counter + 1: null

2018-11-28 11:36:45 - [TEST_STEP][PASSED] - Statement - PreSaveFile = new java.io.File(((pathPrefix + java.lang.Integer.toString(counter)) + .png)): null

2018-11-28 11:36:45 - [TEST_STEP][PASSED] - Statement - counter = counter + 1: null

2018-11-28 11:36:47 - [TEST_STEP][PASSED] - Statement - PreSaveFile = new java.io.File(((pathPrefix + java.lang.Integer.toString(counter)) + .png)): null

2018-11-28 11:36:47 - [TEST_STEP][PASSED] - Statement - counter = counter + 1: null

2018-11-28 11:36:47 - [TEST_STEP][PASSED] - Statement - PreSaveFile = new java.io.File(((pathPrefix + java.lang.Integer.toString(counter)) + .png)): null

2018-11-28 11:36:47 - [TEST_STEP][PASSED] - Statement - counter = counter + 1: null

2018-11-28 11:36:47 - [TEST_STEP][PASSED] - Statement - PreSaveFile = new java.io.File(((pathPrefix + java.lang.Integer.toString(counter)) + .png)): null

2018-11-28 11:36:47 - [TEST_STEP][PASSED] - Statement - counter = counter + 1: null

2018-11-28 11:36:47 - [TEST_STEP][PASSED] - Statement - PreSaveFile = new java.io.File(((pathPrefix + java.lang.Integer.toString(counter)) + .png)): null

2018-11-28 11:36:47 - [TEST_STEP][PASSED] - Statement - counter = counter + 1: null

2018-11-28 11:36:47 - [TEST_STEP][PASSED] - Statement - PreSaveFile = new java.io.File(((pathPrefix + java.lang.Integer.toString(counter)) + .png)): null

2018-11-28 11:36:47 - [TEST_STEP][PASSED] - Statement - counter = counter + 1: null

2018-11-28 11:36:49 - [TEST_STEP][PASSED] - Statement - PreSaveFile = new java.io.File(((pathPrefix + java.lang.Integer.toString(counter)) + .png)): null

2018-11-28 11:36:49 - [TEST_STEP][PASSED] - Statement - counter = counter + 1: null

2018-11-28 11:36:49 - [TEST_STEP][PASSED] - Statement - PreSaveFile = new java.io.File(((pathPrefix + java.lang.Integer.toString(counter)) + .png)): null

2018-11-28 11:36:49 - [TEST_STEP][PASSED] - Statement - counter = counter + 1: null

2018-11-28 11:36:49 - [TEST_STEP][PASSED] - Statement - PreSaveFile = new java.io.File(((pathPrefix + java.lang.Integer.toString(counter)) + .png)): null

2018-11-28 11:36:49 - [TEST_STEP][PASSED] - Statement - counter = counter + 1: null

2018-11-28 11:36:49 - [TEST_STEP][PASSED] - Statement - PreSaveFile = new java.io.File(((pathPrefix + java.lang.Integer.toString(counter)) + .png)): null

2018-11-28 11:36:49 - [TEST_STEP][PASSED] - Statement - counter = counter + 1: null

2018-11-28 11:36:49 - [TEST_STEP][PASSED] - Statement - PreSaveFile = new java.io.File(((pathPrefix + java.lang.Integer.toString(counter)) + .png)): null

2018-11-28 11:36:49 - [TEST_STEP][PASSED] - Statement - counter = counter + 1: null

2018-11-28 11:36:50 - [TEST_STEP][PASSED] - Statement - PreSaveFile = new java.io.File(((pathPrefix + java.lang.Integer.toString(counter)) + .png)): null

2018-11-28 11:36:50 - [TEST_STEP][PASSED] - Statement - counter = counter + 1: null

2018-11-28 11:36:50 - [TEST_STEP][PASSED] - Statement - PreSaveFile = new java.io.File(((pathPrefix + java.lang.Integer.toString(counter)) + .png)): null

2018-11-28 11:36:50 - [TEST_STEP][PASSED] - Statement - counter = counter + 1: null

2018-11-28 11:36:50 - [TEST_STEP][PASSED] - Statement - PreSaveFile = new java.io.File(((pathPrefix + java.lang.Integer.toString(counter)) + .png)): null

2018-11-28 11:36:50 - [TEST_STEP][PASSED] - Statement - counter = counter + 1: null

2018-11-28 11:36:50 - [TEST_STEP][PASSED] - Statement - PreSaveFile = new java.io.File(((pathPrefix + java.lang.Integer.toString(counter)) + .png)): null

2018-11-28 11:36:50 - [TEST_STEP][PASSED] - Statement - counter = counter + 1: null

2018-11-28 11:36:50 - [TEST_STEP][PASSED] - Statement - PreSaveFile = new java.io.File(((pathPrefix + java.lang.Integer.toString(counter)) + .png)): null

2018-11-28 11:36:50 - [TEST_STEP][PASSED] - Statement - counter = counter + 1: null

2018-11-28 11:36:52 - [TEST_STEP][PASSED] - Statement - PreSaveFile = new java.io.File(((pathPrefix + java.lang.Integer.toString(counter)) + .png)): null

2018-11-28 11:36:52 - [TEST_STEP][PASSED] - Statement - counter = counter + 1: null

2018-11-28 11:36:52 - [TEST_STEP][PASSED] - Statement - PreSaveFile = new java.io.File(((pathPrefix + java.lang.Integer.toString(counter)) + .png)): null

2018-11-28 11:36:52 - [TEST_STEP][PASSED] - Statement - counter = counter + 1: null

2018-11-28 11:36:52 - [TEST_STEP][PASSED] - Statement - PreSaveFile = new java.io.File(((pathPrefix + java.lang.Integer.toString(counter)) + .png)): null

2018-11-28 11:36:52 - [TEST_STEP][PASSED] - Statement - counter = counter + 1: null

2018-11-28 11:36:52 - [TEST_STEP][PASSED] - Statement - PreSaveFile = new java.io.File(((pathPrefix + java.lang.Integer.toString(counter)) + .png)): null

2018-11-28 11:36:52 - [TEST_STEP][PASSED] - Statement - counter = counter + 1: null

2018-11-28 11:36:52 - [TEST_STEP][PASSED] - Statement - PreSaveFile = new java.io.File(((pathPrefix + java.lang.Integer.toString(counter)) + .png)): null

2018-11-28 11:36:53 - [TEST_STEP][PASSED] - Statement - counter = counter + 1: null

2018-11-28 11:36:53 - [TEST_STEP][PASSED] - Statement - PreSaveFile = new java.io.File(((pathPrefix + java.lang.Integer.toString(counter)) + .png)): null

2018-11-28 11:36:53 - [TEST_STEP][PASSED] - Statement - counter = counter + 1: null

2018-11-28 11:36:53 - [TEST_STEP][PASSED] - Statement - PreSaveFile = new java.io.File(((pathPrefix + java.lang.Integer.toString(counter)) + .png)): null

2018-11-28 11:36:53 - [TEST_STEP][PASSED] - Statement - counter = counter + 1: null

2018-11-28 11:36:53 - [TEST_STEP][PASSED] - Statement - PreSaveFile = new java.io.File(((pathPrefix + java.lang.Integer.toString(counter)) + .png)): null

2018-11-28 11:36:53 - [TEST_STEP][PASSED] - Statement - counter = counter + 1: null

2018-11-28 11:36:53 - [TEST_STEP][PASSED] - Statement - PreSaveFile = new java.io.File(((pathPrefix + java.lang.Integer.toString(counter)) + .png)): null

2018-11-28 11:36:53 - [TEST_STEP][PASSED] - Statement - counter = counter + 1: null

2018-11-28 11:36:54 - [TEST_STEP][PASSED] - Statement - PreSaveFile = new java.io.File(((pathPrefix + java.lang.Integer.toString(counter)) + .png)): null

2018-11-28 11:36:54 - [TEST_STEP][PASSED] - Statement - counter = counter + 1: null

2018-11-28 11:36:54 - [TEST_STEP][PASSED] - Statement - PreSaveFile = new java.io.File(((pathPrefix + java.lang.Integer.toString(counter)) + .png)): null

2018-11-28 11:36:54 - [TEST_STEP][PASSED] - Statement - counter = counter + 1: null

2018-11-28 11:36:54 - [TEST_STEP][PASSED] - Statement - PreSaveFile = new java.io.File(((pathPrefix + java.lang.Integer.toString(counter)) + .png)): null

2018-11-28 11:36:54 - [TEST_STEP][PASSED] - Statement - counter = counter + 1: null

2018-11-28 11:36:54 - [TEST_STEP][PASSED] - Statement - PreSaveFile = new java.io.File(((pathPrefix + java.lang.Integer.toString(counter)) + .png)): null

2018-11-28 11:36:54 - [TEST_STEP][PASSED] - Statement - counter = counter + 1: null

2018-11-28 11:36:54 - [TEST_STEP][PASSED] - Statement - PreSaveFile = new java.io.File(((pathPrefix + java.lang.Integer.toString(counter)) + .png)): null

2018-11-28 11:36:54 - [TEST_STEP][PASSED] - Statement - counter = counter + 1: null

2018-11-28 11:36:56 - [TEST_STEP][PASSED] - Statement - PreSaveFile = new java.io.File(((pathPrefix + java.lang.Integer.toString(counter)) + .png)): null

2018-11-28 11:36:56 - [TEST_STEP][PASSED] - Statement - counter = counter + 1: null

2018-11-28 11:36:56 - [TEST_STEP][PASSED] - Statement - PreSaveFile = new java.io.File(((pathPrefix + java.lang.Integer.toString(counter)) + .png)): null

2018-11-28 11:36:56 - [TEST_STEP][PASSED] - Statement - counter = counter + 1: null

2018-11-28 11:36:56 - [TEST_STEP][PASSED] - Statement - PreSaveFile = new java.io.File(((pathPrefix + java.lang.Integer.toString(counter)) + .png)): null

2018-11-28 11:36:56 - [TEST_STEP][PASSED] - Statement - counter = counter + 1: null

2018-11-28 11:36:56 - [TEST_STEP][PASSED] - Statement - PreSaveFile = new java.io.File(((pathPrefix + java.lang.Integer.toString(counter)) + .png)): null

2018-11-28 11:36:56 - [TEST_STEP][PASSED] - Statement - counter = counter + 1: null

2018-11-28 11:36:56 - [TEST_STEP][PASSED] - Statement - PreSaveFile = new java.io.File(((pathPrefix + java.lang.Integer.toString(counter)) + .png)): null

2018-11-28 11:36:56 - [TEST_STEP][PASSED] - Statement - counter = counter + 1: null

2018-11-28 11:36:57 - [TEST_STEP][PASSED] - Statement - PreSaveFile = new java.io.File(((pathPrefix + java.lang.Integer.toString(counter)) + .png)): null

2018-11-28 11:36:57 - [TEST_STEP][PASSED] - Statement - counter = counter + 1: null

2018-11-28 11:36:57 - [TEST_STEP][PASSED] - Statement - PreSaveFile = new java.io.File(((pathPrefix + java.lang.Integer.toString(counter)) + .png)): null

2018-11-28 11:36:57 - [TEST_STEP][PASSED] - Statement - counter = counter + 1: null

2018-11-28 11:36:57 - [TEST_STEP][PASSED] - Statement - PreSaveFile = new java.io.File(((pathPrefix + java.lang.Integer.toString(counter)) + .png)): null

2018-11-28 11:36:57 - [TEST_STEP][PASSED] - Statement - counter = counter + 1: null

2018-11-28 11:36:57 - [TEST_STEP][PASSED] - Statement - PreSaveFile = new java.io.File(((pathPrefix + java.lang.Integer.toString(counter)) + .png)): null

2018-11-28 11:36:57 - [TEST_STEP][PASSED] - Statement - counter = counter + 1: null

2018-11-28 11:36:57 - [TEST_STEP][PASSED] - Statement - PreSaveFile = new java.io.File(((pathPrefix + java.lang.Integer.toString(counter)) + .png)): null

2018-11-28 11:36:58 - [TEST_STEP][PASSED] - Statement - counter = counter + 1: null

2018-11-28 11:36:58 - [TEST_STEP][PASSED] - Statement - PreSaveFile = new java.io.File(((pathPrefix + java.lang.Integer.toString(counter)) + .png)): null

2018-11-28 11:36:58 - [TEST_STEP][PASSED] - Statement - counter = counter + 1: null

2018-11-28 11:36:58 - [TEST_STEP][PASSED] - Statement - PreSaveFile = new java.io.File(((pathPrefix + java.lang.Integer.toString(counter)) + .png)): null

2018-11-28 11:36:58 - [TEST_STEP][PASSED] - Statement - counter = counter + 1: null

2018-11-28 11:36:58 - [TEST_STEP][PASSED] - Statement - PreSaveFile = new java.io.File(((pathPrefix + java.lang.Integer.toString(counter)) + .png)): null

2018-11-28 11:36:58 - [TEST_STEP][PASSED] - Statement - counter = counter + 1: null

2018-11-28 11:36:58 - [TEST_STEP][PASSED] - Statement - PreSaveFile = new java.io.File(((pathPrefix + java.lang.Integer.toString(counter)) + .png)): null

2018-11-28 11:36:58 - [TEST_STEP][PASSED] - Statement - counter = counter + 1: null

2018-11-28 11:36:58 - [TEST_STEP][PASSED] - Statement - PreSaveFile = new java.io.File(((pathPrefix + java.lang.Integer.toString(counter)) + .png)): null

2018-11-28 11:37:00 - [TEST_STEP][PASSED] - Statement - counter = counter + 1: null

2018-11-28 11:37:00 - [TEST_STEP][PASSED] - Statement - PreSaveFile = new java.io.File(((pathPrefix + java.lang.Integer.toString(counter)) + .png)): null

2018-11-28 11:37:00 - [TEST_STEP][PASSED] - Statement - counter = counter + 1: null

2018-11-28 11:37:00 - [TEST_STEP][PASSED] - Statement - PreSaveFile = new java.io.File(((pathPrefix + java.lang.Integer.toString(counter)) + .png)): null

2018-11-28 11:37:00 - [TEST_STEP][PASSED] - Statement - counter = counter + 1: null

2018-11-28 11:37:00 - [TEST_STEP][PASSED] - Statement - PreSaveFile = new java.io.File(((pathPrefix + java.lang.Integer.toString(counter)) + .png)): null

2018-11-28 11:37:00 - [TEST_STEP][PASSED] - Statement - counter = counter + 1: null

2018-11-28 11:37:00 - [TEST_STEP][PASSED] - Statement - PreSaveFile = new java.io.File(((pathPrefix + java.lang.Integer.toString(counter)) + .png)): null

2018-11-28 11:37:00 - [TEST_STEP][PASSED] - Statement - counter = counter + 1: null

2018-11-28 11:37:01 - [TEST_STEP][PASSED] - Statement - PreSaveFile = new java.io.File(((pathPrefix + java.lang.Integer.toString(counter)) + .png)): null

2018-11-28 11:37:01 - [TEST_STEP][PASSED] - Statement - counter = counter + 1: null

2018-11-28 11:37:01 - [TEST_STEP][PASSED] - Statement - PreSaveFile = new java.io.File(((pathPrefix + java.lang.Integer.toString(counter)) + .png)): null

2018-11-28 11:37:01 - [TEST_STEP][PASSED] - Statement - counter = counter + 1: null

2018-11-28 11:37:01 - [TEST_STEP][PASSED] - Statement - PreSaveFile = new java.io.File(((pathPrefix + java.lang.Integer.toString(counter)) + .png)): null

2018-11-28 11:37:01 - [TEST_STEP][PASSED] - Statement - finalPath = pathPrefix + java.lang.Integer.toString(counter) + ".png": null

2018-11-28 11:37:01 - [TEST_STEP][PASSED] - Statement - SaveFile = new java.io.File(finalPath): null

2018-11-28 11:37:01 - [TEST_STEP][PASSED] - Statement - Try: null

2018-11-28 11:37:01 - [TEST_STEP][PASSED] - Statement - org.apache.commons.io.FileUtils.copyFile(scrFile, SaveFile): null

2018-11-28 11:37:03 - [TEST_STEP][PASSED] - Statement - out.println("file kept"): null

2018-11-28 11:37:03 - [TEST_STEP][PASSED] - delay: Delayed 10 second(s)

2018-11-28 11:37:13 - [MESSAGE][PASSED] - Delayed 10 second(s)

2018-11-28 11:37:13 - [MESSAGE][PASSED] - Call Test Case 'Test Cases/Final Aug 2018 - PKS Automation/Registration Module/New Registration/Submit and Screenshot/Submit Registration and Screenshot - Copy' successfully

2018-11-28 11:37:13 - [TEST_STEP][PASSED] - Statement - UpdateAddNewECode = com.kms.katalon.core.webui.keyword.WebUiBuiltInKeywords.getText(com.kms.katalon.core.testobject.ObjectRepository.findTestObject(Object Repository/Final Object Repo/Page_Update Add New Employee - ASSIST/getEmpCode)): Text of object 'Object Repository/Final Object Repo/Page_Update Add New Employee - ASSIST/getEmpCode' is: 'E1102070525P'

2018-11-28 11:37:13 - [MESSAGE][PASSED] - Text of object 'Object Repository/Final Object Repo/Page_Update Add New Employee - ASSIST/getEmpCode' is: 'E1102070525P'

2018-11-28 11:37:13 - [TEST_STEP][PASSED] - callTestCase: Call Test Case 'Test Cases/Final Aug 2018 - PKS Automation/Common/Emp Code Setter' successfully

2018-11-28 11:37:13 - [TEST_CASE][PASSED] - Test Cases/Final Aug 2018 - PKS Automation/Common/Emp Code Setter: Test Cases/Final Aug 2018 - PKS Automation/Common/Emp Code Setter

2018-11-28 11:37:13 - [TEST_STEP][PASSED] - Statement - EmpCodeOld = new java.io.File(C://Users//Admin//Desktop//PKS//Automation Reference Point//EmpCode.txt): null

2018-11-28 11:37:13 - [TEST_STEP][PASSED] - Statement - EmpCodeOld.delete(): null

2018-11-28 11:37:13 - [TEST_STEP][PASSED] - Statement - EmpCode = new java.io.File(C://Users//Admin//Desktop//PKS//Automation Reference Point//EmpCode.txt): null

2018-11-28 11:37:13 - [TEST_STEP][PASSED] - Statement - EmpCode.append(UpdateAddNewECode): null

2018-11-28 11:37:13 - [TEST_STEP][PASSED] - Statement - out.println("


" + UpdateAddNewECode + "


"): null

2018-11-28 11:37:13 - [MESSAGE][PASSED] - Call Test Case 'Test Cases/Final Aug 2018 - PKS Automation/Common/Emp Code Setter' successfully

2018-11-28 11:37:13 - [MESSAGE][PASSED] - Call Test Case 'Test Cases/Final Aug 2018 - PKS Automation/Registration Module/Workflow/Update Add New Employee/Template/New Company for Update Add New - Employer' successfully

2018-11-28 11:37:13 - [TEST_STEP][PASSED] - callTestCase: Call Test Case 'Test Cases/Final Aug 2018 - PKS Automation/Create Employer Acc/Login to Employer Account (Second time)' successfully

2018-11-28 11:37:13 - [TEST_CASE][PASSED] - Test Cases/Final Aug 2018 - PKS Automation/Create Employer Acc/Login to Employer Account (Second time): Test Cases/Final Aug 2018 - PKS Automation/Create Employer Acc/Login to Employer Account (Second time)

2018-11-28 11:37:13 - [TEST_STEP][PASSED] - openBrowser: Browser is opened with url: ''

2018-11-28 11:37:13 - [MESSAGE][WARNING] - A browser is already opened. Closing browser and opening a new one

2018-11-28 11:37:16 - [MESSAGE][PASSED] - Browser is opened with url: ''

2018-11-28 11:37:16 - [TEST_STEP][PASSED] - navigateToUrl: Navigate to 'https://assist2-uat.perkeso.gov.my/employer/login' successfully

2018-11-28 11:37:17 - [MESSAGE][PASSED] - Navigate to 'https://assist2-uat.perkeso.gov.my/employer/login' successfully

2018-11-28 11:37:17 - [TEST_STEP][PASSED] - delay: Delayed 3 second(s)

2018-11-28 11:37:20 - [MESSAGE][PASSED] - Delayed 3 second(s)

2018-11-28 11:37:20 - [TEST_STEP][PASSED] - callTestCase: Call Test Case 'Test Cases/Final Aug 2018 - PKS Automation/Create Employer Acc/Template/Employer Email Getter' successfully

2018-11-28 11:37:21 - [TEST_CASE][PASSED] - Test Cases/Final Aug 2018 - PKS Automation/Create Employer Acc/Template/Employer Email Getter: Test Cases/Final Aug 2018 - PKS Automation/Create Employer Acc/Template/Employer Email Getter

2018-11-28 11:37:21 - [TEST_STEP][PASSED] - Statement - Try: null

2018-11-28 11:37:21 - [TEST_STEP][PASSED] - Statement - EmpEmail = new java.io.File(C://Users//Admin//Desktop//PKS//Automation Reference Point//EmpEmail.txt): null

2018-11-28 11:37:21 - [TEST_STEP][PASSED] - Statement - bufferread = new java.io.BufferedReader(new java.io.FileReader(EmpEmail)): null

2018-11-28 11:37:21 - [TEST_STEP][PASSED] - Statement - readedVal = bufferread.readLine(): null

2018-11-28 11:37:21 - [TEST_STEP][PASSED] - Statement - out.println(readedVal): null

2018-11-28 11:37:21 - [TEST_STEP][PASSED] - Statement - Email = readedVal: null

2018-11-28 11:37:21 - [MESSAGE][PASSED] - Call Test Case 'Test Cases/Final Aug 2018 - PKS Automation/Create Employer Acc/Template/Employer Email Getter' successfully

2018-11-28 11:37:21 - [TEST_STEP][PASSED] - setText: Text 'perkeso761010574989@gmail.com' is set on object 'Object Repository/Final Object Repo/Login Page/External Login Page/Email'

2018-11-28 11:37:21 - [MESSAGE][PASSED] - Text 'perkeso761010574989@gmail.com' is set on object 'Object Repository/Final Object Repo/Login Page/External Login Page/Email'

2018-11-28 11:37:21 - [TEST_STEP][PASSED] - click: Object: 'Object Repository/Final Object Repo/Login Page/External Login Page/Next' is clicked on

2018-11-28 11:37:21 - [MESSAGE][PASSED] - Object: 'Object Repository/Final Object Repo/Login Page/External Login Page/Next' is clicked on

2018-11-28 11:37:21 - [TEST_STEP][PASSED] - delay: Delayed 3 second(s)

2018-11-28 11:37:24 - [MESSAGE][PASSED] - Delayed 3 second(s)

2018-11-28 11:37:24 - [TEST_STEP][PASSED] - setEncryptedText: Text ****** has been set on object 'Object Repository/Final Object Repo/Login Page/External Login Page/Password'

2018-11-28 11:37:25 - [MESSAGE][PASSED] - Text ****** has been set on object 'Object Repository/Final Object Repo/Login Page/External Login Page/Password'

2018-11-28 11:37:25 - [TEST_STEP][PASSED] - click: Object: 'Object Repository/Final Object Repo/Login Page/External Login Page/Login' is clicked on

2018-11-28 11:37:25 - [MESSAGE][PASSED] - Object: 'Object Repository/Final Object Repo/Login Page/External Login Page/Login' is clicked on

2018-11-28 11:37:25 - [TEST_STEP][PASSED] - delay: Delayed 5 second(s)

2018-11-28 11:37:30 - [MESSAGE][PASSED] - Delayed 5 second(s)

2018-11-28 11:37:30 - [MESSAGE][PASSED] - Call Test Case 'Test Cases/Final Aug 2018 - PKS Automation/Create Employer Acc/Login to Employer Account (Second time)' successfully

2018-11-28 11:37:30 - [TEST_STEP][PASSED] - navigateToUrl: Navigate to 'https://assist2-uat.perkeso.gov.my/web/registration/update/form-1a-cessation-as-employer-discontinue-business-' successfully

2018-11-28 11:37:31 - [MESSAGE][PASSED] - Navigate to 'https://assist2-uat.perkeso.gov.my/web/registration/update/form-1a-cessation-as-employer-discontinue-business-' successfully

2018-11-28 11:37:31 - [TEST_STEP][PASSED] - callTestCase: Call Test Case 'Test Cases/Final Aug 2018 - PKS Automation/Common/Emp Code Getter' successfully

2018-11-28 11:37:31 - [TEST_CASE][PASSED] - Test Cases/Final Aug 2018 - PKS Automation/Common/Emp Code Getter: Test Cases/Final Aug 2018 - PKS Automation/Common/Emp Code Getter

2018-11-28 11:37:31 - [TEST_STEP][PASSED] - Statement - Try: null

2018-11-28 11:37:31 - [TEST_STEP][PASSED] - Statement - EmpCode = new java.io.File(C://Users//Admin//Desktop//PKS//Automation Reference Point//EmpCode.txt): null

2018-11-28 11:37:31 - [TEST_STEP][PASSED] - Statement - bufferread = new java.io.BufferedReader(new java.io.FileReader(EmpCode)): null

2018-11-28 11:37:31 - [TEST_STEP][PASSED] - Statement - readedVal = bufferread.readLine(): null

2018-11-28 11:37:31 - [TEST_STEP][PASSED] - Statement - out.println(readedVal): null

2018-11-28 11:37:31 - [TEST_STEP][PASSED] - Statement - UpdateAddNewECode = readedVal: null

2018-11-28 11:37:31 - [MESSAGE][PASSED] - Call Test Case 'Test Cases/Final Aug 2018 - PKS Automation/Common/Emp Code Getter' successfully

2018-11-28 11:37:31 - [TEST_STEP][PASSED] - setText: Text 'E1102070525P' is set on object 'Object Repository/Final Object Repo/Page_Update Employer Information/Employer Code'

2018-11-28 11:37:31 - [MESSAGE][PASSED] - Text 'E1102070525P' is set on object 'Object Repository/Final Object Repo/Page_Update Employer Information/Employer Code'

2018-11-28 11:37:31 - [TEST_STEP][PASSED] - click: Object: 'Object Repository/Final Object Repo/Page_Update Employer Information/Search Button' is clicked on

2018-11-28 11:37:31 - [MESSAGE][PASSED] - Object: 'Object Repository/Final Object Repo/Page_Update Employer Information/Search Button' is clicked on

2018-11-28 11:37:31 - [TEST_STEP][PASSED] - delay: Delayed 2 second(s)

2018-11-28 11:37:33 - [MESSAGE][PASSED] - Delayed 2 second(s)

2018-11-28 11:37:33 - [TEST_STEP][PASSED] - click: Object: 'Object Repository/Final Object Repo/Page_Update Employer Information/Edit Button' is clicked on

2018-11-28 11:37:35 - [MESSAGE][PASSED] - Object: 'Object Repository/Final Object Repo/Page_Update Employer Information/Edit Button' is clicked on

2018-11-28 11:37:35 - [TEST_STEP][PASSED] - Statement - abc = com.kms.katalon.core.webui.keyword.WebUiBuiltInKeywords.getAttribute(com.kms.katalon.core.testobject.ObjectRepository.findTestObject(Final Object Repo/Page_Form 1A - Cessation As Employer/Employer Status), "value"): Attribute 'value' of object 'Object Repository/Final Object Repo/Page_Form 1A - Cessation As Employer/Employer Status' is: 'Active'

2018-11-28 11:37:35 - [MESSAGE][PASSED] - Attribute 'value' of object 'Object Repository/Final Object Repo/Page_Form 1A - Cessation As Employer/Employer Status' is: 'Active'

2018-11-28 11:37:35 - [TEST_STEP][PASSED] - Statement - out.println(abc): null

2018-11-28 11:37:35 - [TEST_STEP][PASSED] - Statement - If (abc == "Active"): Object: 'Object Repository/Final Object Repo/Page_Form 1A - Cessation As Employer/Change Employer Status to - Dormant' is clicked on

2018-11-28 11:37:35 - [TEST_STEP][PASSED] - click: Object: 'Object Repository/Final Object Repo/Page_Form 1A - Cessation As Employer/Change Employer Status to' is clicked on

2018-11-28 11:37:35 - [MESSAGE][PASSED] - Object: 'Object Repository/Final Object Repo/Page_Form 1A - Cessation As Employer/Change Employer Status to' is clicked on

2018-11-28 11:37:35 - [TEST_STEP][PASSED] - click: Object: 'Object Repository/Final Object Repo/Page_Form 1A - Cessation As Employer/Change Employer Status to - Dormant' is clicked on

2018-11-28 11:37:35 - [MESSAGE][PASSED] - Object: 'Object Repository/Final Object Repo/Page_Form 1A - Cessation As Employer/Change Employer Status to - Dormant' is clicked on

2018-11-28 11:37:35 - [TEST_STEP][PASSED] - click: Object: 'Object Repository/Final Object Repo/Page_Form 1A - Cessation As Employer/Calender' is clicked on

2018-11-28 11:37:35 - [MESSAGE][PASSED] - Object: 'Object Repository/Final Object Repo/Page_Form 1A - Cessation As Employer/Calender' is clicked on

2018-11-28 11:37:35 - [TEST_STEP][PASSED] - click: Object: 'Object Repository/Final Object Repo/Page_Form 1A - Cessation As Employer/Calender - Date' is clicked on

2018-11-28 11:37:36 - [MESSAGE][PASSED] - Object: 'Object Repository/Final Object Repo/Page_Form 1A - Cessation As Employer/Calender - Date' is clicked on

2018-11-28 11:37:36 - [TEST_STEP][PASSED] - delay: Delayed 2 second(s)

2018-11-28 11:37:38 - [MESSAGE][PASSED] - Delayed 2 second(s)

2018-11-28 11:37:38 - [TEST_STEP][PASSED] - click: Object: 'Object Repository/Final Object Repo/Page_Form 1A - Cessation As Employer/Save  Continue in Form 1A Page' is clicked on

2018-11-28 11:37:38 - [MESSAGE][PASSED] - Object: 'Object Repository/Final Object Repo/Page_Form 1A - Cessation As Employer/Save  Continue in Form 1A Page' is clicked on

2018-11-28 11:37:38 - [TEST_STEP][PASSED] - delay: Delayed 2 second(s)

2018-11-28 11:37:40 - [MESSAGE][PASSED] - Delayed 2 second(s)

2018-11-28 11:37:40 - [TEST_STEP][PASSED] - click: Object: 'Object Repository/Final Object Repo/Page_Form 1A - Cessation As Employer/Employment Resign Date' is clicked on

2018-11-28 11:37:40 - [MESSAGE][PASSED] - Object: 'Object Repository/Final Object Repo/Page_Form 1A - Cessation As Employer/Employment Resign Date' is clicked on

2018-11-28 11:37:40 - [TEST_STEP][PASSED] - delay: Delayed 1 second(s)

2018-11-28 11:37:41 - [MESSAGE][PASSED] - Delayed 1 second(s)

2018-11-28 11:37:41 - [TEST_STEP][PASSED] - Statement - CaseReferenceNo = com.kms.katalon.core.webui.keyword.WebUiBuiltInKeywords.getText(com.kms.katalon.core.testobject.ObjectRepository.findTestObject(Final Object Repo/Page_Update Employer Information/Reference Number in Update Employee Information Page)): Text of object 'Object Repository/Final Object Repo/Page_Update Employer Information/Reference Number in Update Employee Information Page' is: 'CUN112018C200001659'

2018-11-28 11:37:41 - [MESSAGE][PASSED] - Text of object 'Object Repository/Final Object Repo/Page_Update Employer Information/Reference Number in Update Employee Information Page' is: 'CUN112018C200001659'

2018-11-28 11:37:41 - [TEST_STEP][PASSED] - callTestCase: Call Test Case 'Test Cases/Final Aug 2018 - PKS Automation/Common/Reference Number Setter' successfully

2018-11-28 11:37:41 - [TEST_CASE][PASSED] - Test Cases/Final Aug 2018 - PKS Automation/Common/Reference Number Setter: Test Cases/Final Aug 2018 - PKS Automation/Common/Reference Number Setter

2018-11-28 11:37:41 - [TEST_STEP][PASSED] - Statement - RefNoOldFile = new java.io.File(C://Users//Admin//Desktop//PKS//Automation Reference Point//KatalonReference.txt): null

2018-11-28 11:37:41 - [TEST_STEP][PASSED] - Statement - RefNoOldFile.delete(): null

2018-11-28 11:37:41 - [TEST_STEP][PASSED] - delay: Delayed 5 second(s)

2018-11-28 11:37:46 - [MESSAGE][PASSED] - Delayed 5 second(s)

2018-11-28 11:37:46 - [TEST_STEP][PASSED] - Statement - RefNo = new java.io.File(C://Users//Admin//Desktop//PKS//Automation Reference Point//KatalonReference.txt): null

2018-11-28 11:37:46 - [TEST_STEP][PASSED] - Statement - f2 = new java.io.FileWriter(RefNo, false): null

2018-11-28 11:37:46 - [TEST_STEP][PASSED] - Statement - f2.write(CaseReferenceNo): null

2018-11-28 11:37:46 - [TEST_STEP][PASSED] - Statement - f2.close(): null

2018-11-28 11:37:46 - [TEST_STEP][PASSED] - Statement - out.println("


" + CaseReferenceNo + "


"): null

2018-11-28 11:37:46 - [MESSAGE][PASSED] - Call Test Case 'Test Cases/Final Aug 2018 - PKS Automation/Common/Reference Number Setter' successfully

2018-11-28 11:37:46 - [TEST_STEP][PASSED] - selectOptionByValue: All options with value '2030' are selected in object 'Object Repository/Final Object Repo/Page_Form 1A - Cessation As Employer/Employment Resign Date - Year' 

2018-11-28 11:37:46 - [MESSAGE][PASSED] - All options with value '2030' are selected in object 'Object Repository/Final Object Repo/Page_Form 1A - Cessation As Employer/Employment Resign Date - Year' 

2018-11-28 11:37:46 - [TEST_STEP][PASSED] - delay: Delayed 1 second(s)

2018-11-28 11:37:47 - [MESSAGE][PASSED] - Delayed 1 second(s)

2018-11-28 11:37:47 - [TEST_STEP][PASSED] - click: Object: 'Object Repository/Final Object Repo/Page_Form 1A - Cessation As Employer/Employment Resign Date - Year - Date' is clicked on

2018-11-28 11:37:48 - [MESSAGE][PASSED] - Object: 'Object Repository/Final Object Repo/Page_Form 1A - Cessation As Employer/Employment Resign Date - Year - Date' is clicked on

2018-11-28 11:37:48 - [TEST_STEP][PASSED] - delay: Delayed 2 second(s)

2018-11-28 11:37:50 - [MESSAGE][PASSED] - Delayed 2 second(s)

2018-11-28 11:37:50 - [TEST_STEP][PASSED] - click: Object: 'Object Repository/Final Object Repo/Page_Form 1A - Cessation As Employer/Save  Continue in Update Add Employee Resigned Date Page' is clicked on

2018-11-28 11:37:50 - [MESSAGE][PASSED] - Object: 'Object Repository/Final Object Repo/Page_Form 1A - Cessation As Employer/Save  Continue in Update Add Employee Resigned Date Page' is clicked on

2018-11-28 11:37:50 - [TEST_STEP][PASSED] - delay: Delayed 2 second(s)

2018-11-28 11:37:52 - [MESSAGE][PASSED] - Delayed 2 second(s)

2018-11-28 11:37:52 - [TEST_STEP][PASSED] - click: Object: 'Object Repository/Final Object Repo/Page_Form 1A - Cessation As Employer/Set Latest - Yes' is clicked on

2018-11-28 11:37:52 - [MESSAGE][PASSED] - Object: 'Object Repository/Final Object Repo/Page_Form 1A - Cessation As Employer/Set Latest - Yes' is clicked on

2018-11-28 11:37:52 - [TEST_STEP][PASSED] - delay: Delayed 2 second(s)

2018-11-28 11:37:54 - [MESSAGE][PASSED] - Delayed 2 second(s)

2018-11-28 11:37:54 - [TEST_STEP][PASSED] - click: Object: 'Object Repository/Final Object Repo/Page_Form 1A - Cessation As Employer/Add Document' is clicked on

2018-11-28 11:37:55 - [MESSAGE][PASSED] - Object: 'Object Repository/Final Object Repo/Page_Form 1A - Cessation As Employer/Add Document' is clicked on

2018-11-28 11:37:55 - [TEST_STEP][PASSED] - delay: Delayed 3 second(s)

2018-11-28 11:37:58 - [MESSAGE][PASSED] - Delayed 3 second(s)

2018-11-28 11:37:58 - [TEST_STEP][PASSED] - click: Object: 'Object Repository/Final Object Repo/Page_Form 1A - Cessation As Employer/Document Type' is clicked on

2018-11-28 11:37:59 - [MESSAGE][PASSED] - Object: 'Object Repository/Final Object Repo/Page_Form 1A - Cessation As Employer/Document Type' is clicked on

2018-11-28 11:37:59 - [TEST_STEP][PASSED] - delay: Delayed 2 second(s)

2018-11-28 11:38:01 - [MESSAGE][PASSED] - Delayed 2 second(s)

2018-11-28 11:38:01 - [TEST_STEP][PASSED] - click: Object: 'Object Repository/Final Object Repo/Page_Form 1A - Cessation As Employer/Document Type - Supporting Document For Cessation' is clicked on

2018-11-28 11:38:01 - [MESSAGE][PASSED] - Object: 'Object Repository/Final Object Repo/Page_Form 1A - Cessation As Employer/Document Type - Supporting Document For Cessation' is clicked on

2018-11-28 11:38:01 - [TEST_STEP][PASSED] - delay: Delayed 2 second(s)

2018-11-28 11:38:03 - [MESSAGE][PASSED] - Delayed 2 second(s)

2018-11-28 11:38:03 - [TEST_STEP][PASSED] - sendKeys: Keys 'C:\Users\Public\Pictures\Sample Pictures\Koala.jpg' sent to object: 'Object Repository/Final Object Repo/Page_Form 1A - Cessation As Employer/Uploading File'

2018-11-28 11:38:03 - [MESSAGE][PASSED] - Keys 'C:\Users\Public\Pictures\Sample Pictures\Koala.jpg' sent to object: 'Object Repository/Final Object Repo/Page_Form 1A - Cessation As Employer/Uploading File'

2018-11-28 11:38:03 - [TEST_STEP][PASSED] - delay: Delayed 2 second(s)

2018-11-28 11:38:05 - [MESSAGE][PASSED] - Delayed 2 second(s)

2018-11-28 11:38:05 - [TEST_STEP][PASSED] - click: Object: 'Object Repository/Final Object Repo/Page_Form 1A - Cessation As Employer/Add Document in Uploading Page' is clicked on

2018-11-28 11:38:05 - [MESSAGE][PASSED] - Object: 'Object Repository/Final Object Repo/Page_Form 1A - Cessation As Employer/Add Document in Uploading Page' is clicked on

2018-11-28 11:38:05 - [TEST_STEP][PASSED] - delay: Delayed 2 second(s)

2018-11-28 11:38:07 - [MESSAGE][PASSED] - Delayed 2 second(s)

2018-11-28 11:38:07 - [TEST_STEP][PASSED] - click: Object: 'Object Repository/Final Object Repo/Page_Form 1A - Cessation As Employer/Save  Continue in Uploading Page' is clicked on

2018-11-28 11:38:09 - [MESSAGE][PASSED] - Object: 'Object Repository/Final Object Repo/Page_Form 1A - Cessation As Employer/Save  Continue in Uploading Page' is clicked on

2018-11-28 11:38:09 - [TEST_STEP][PASSED] - delay: Delayed 2 second(s)

2018-11-28 11:38:11 - [MESSAGE][PASSED] - Delayed 2 second(s)

2018-11-28 11:38:11 - [TEST_STEP][PASSED] - click: Object: 'Object Repository/Final Object Repo/Page_Form 1A - Cessation As Employer/Submit2' is clicked on

2018-11-28 11:38:14 - [MESSAGE][PASSED] - Object: 'Object Repository/Final Object Repo/Page_Form 1A - Cessation As Employer/Submit2' is clicked on

2018-11-28 11:38:14 - [TEST_STEP][PASSED] - delay: Delayed 2 second(s)

2018-11-28 11:38:16 - [MESSAGE][PASSED] - Delayed 2 second(s)

2018-11-28 11:38:16 - [TEST_STEP][PASSED] - click: Object: 'Object Repository/Final Object Repo/Page_Form 1A - Cessation As Employer/Confirm' is clicked on

2018-11-28 11:38:16 - [MESSAGE][PASSED] - Object: 'Object Repository/Final Object Repo/Page_Form 1A - Cessation As Employer/Confirm' is clicked on

2018-11-28 11:38:16 - [TEST_STEP][PASSED] - delay: Delayed 2 second(s)

2018-11-28 11:38:18 - [MESSAGE][PASSED] - Delayed 2 second(s)

2018-11-28 11:38:18 - [TEST_STEP][PASSED] - verifyElementVisible: Object 'Object Repository/Final Object Repo/Page_Form 1A - Cessation As Employer/Message Your Request will be routed to UO' is visible

2018-11-28 11:38:23 - [MESSAGE][PASSED] - Object 'Object Repository/Final Object Repo/Page_Form 1A - Cessation As Employer/Message Your Request will be routed to UO' is visible

2018-11-28 11:38:23 - [TEST_STEP][PASSED] - delay: Delayed 1 second(s)

2018-11-28 11:38:24 - [MESSAGE][PASSED] - Delayed 1 second(s)

2018-11-28 11:38:24 - [TEST_STEP][PASSED] - verifyElementVisible: Object 'Object Repository/Final Object Repo/Page_Form 1A - Cessation As Employer/Letter of acknowledgement' is visible

2018-11-28 11:38:24 - [MESSAGE][PASSED] - Object 'Object Repository/Final Object Repo/Page_Form 1A - Cessation As Employer/Letter of acknowledgement' is visible

2018-11-28 11:38:24 - [MESSAGE][PASSED] - Call Test Case 'Test Cases/Final Aug 2018 - PKS Automation/Registration Module/Workflow/Form 1A - Cessation As Employer/Template/Form 1 A - Cessation As Employer (Employer)' successfully

2018-11-28 11:38:24 - [TEST_STEP][PASSED] - callTestCase: Call Test Case 'Test Cases/Final Aug 2018 - PKS Automation/Registration Module/Workflow/Form 1A - Cessation As Employer/Template/Form 1 A - Cessation As Employer (Reject)' successfully

2018-11-28 11:38:24 - [TEST_CASE][PASSED] - Test Cases/Final Aug 2018 - PKS Automation/Registration Module/Workflow/Form 1A - Cessation As Employer/Template/Form 1 A - Cessation As Employer (Reject): Test Cases/Final Aug 2018 - PKS Automation/Registration Module/Workflow/Form 1A - Cessation As Employer/Template/Form 1 A - Cessation As Employer (Reject)

2018-11-28 11:38:24 - [TEST_STEP][PASSED] - callTestCase: Call Test Case 'Test Cases/Final Aug 2018 - PKS Automation/Registration Module/Workflow/Form 1A - Cessation As Employer/Template/Form 1 A - Cessation As Employer (OTC)' successfully

2018-11-28 11:38:24 - [TEST_CASE][PASSED] - Test Cases/Final Aug 2018 - PKS Automation/Registration Module/Workflow/Form 1A - Cessation As Employer/Template/Form 1 A - Cessation As Employer (OTC): Test Cases/Final Aug 2018 - PKS Automation/Registration Module/Workflow/Form 1A - Cessation As Employer/Template/Form 1 A - Cessation As Employer (OTC)

2018-11-28 11:38:25 - [TEST_STEP][PASSED] - openBrowser: Browser is opened with url: ''

2018-11-28 11:38:25 - [MESSAGE][WARNING] - A browser is already opened. Closing browser and opening a new one

2018-11-28 11:38:27 - [MESSAGE][PASSED] - Browser is opened with url: ''

2018-11-28 11:38:27 - [TEST_STEP][PASSED] - navigateToUrl: Navigate to 'https://assist2-uat.perkeso.gov.my/login' successfully

2018-11-28 11:38:29 - [MESSAGE][PASSED] - Navigate to 'https://assist2-uat.perkeso.gov.my/login' successfully

2018-11-28 11:38:29 - [TEST_STEP][PASSED] - setText: Text 'johorotc1@gmail.com' is set on object 'Object Repository/Final Object Repo/Login Page/Internal User/Email Address'

2018-11-28 11:38:29 - [MESSAGE][PASSED] - Text 'johorotc1@gmail.com' is set on object 'Object Repository/Final Object Repo/Login Page/Internal User/Email Address'

2018-11-28 11:38:29 - [TEST_STEP][PASSED] - click: Object: 'Object Repository/Final Object Repo/Login Page/Internal User/Next Button' is clicked on

2018-11-28 11:38:29 - [MESSAGE][PASSED] - Object: 'Object Repository/Final Object Repo/Login Page/Internal User/Next Button' is clicked on

2018-11-28 11:38:29 - [TEST_STEP][PASSED] - delay: Delayed 1 second(s)

2018-11-28 11:38:30 - [MESSAGE][PASSED] - Delayed 1 second(s)

2018-11-28 11:38:30 - [TEST_STEP][PASSED] - setEncryptedText: Text ****** has been set on object 'Object Repository/Final Object Repo/Login Page/Internal User/Password'

2018-11-28 11:38:31 - [MESSAGE][PASSED] - Text ****** has been set on object 'Object Repository/Final Object Repo/Login Page/Internal User/Password'

2018-11-28 11:38:31 - [TEST_STEP][PASSED] - click: Object: 'Object Repository/Final Object Repo/Login Page/Internal User/Login Button' is clicked on

2018-11-28 11:38:31 - [MESSAGE][PASSED] - Object: 'Object Repository/Final Object Repo/Login Page/Internal User/Login Button' is clicked on

2018-11-28 11:38:31 - [TEST_STEP][PASSED] - delay: Delayed 1 second(s)

2018-11-28 11:38:32 - [MESSAGE][PASSED] - Delayed 1 second(s)

2018-11-28 11:38:32 - [TEST_STEP][PASSED] - Statement - Try: Delayed 2 second(s)

2018-11-28 11:38:32 - [TEST_STEP][PASSED] - Statement - Checker = false: null

2018-11-28 11:38:32 - [TEST_STEP][PASSED] - Statement - Checker = com.kms.katalon.core.webui.keyword.WebUiBuiltInKeywords.verifyElementHasAttribute(com.kms.katalon.core.testobject.ObjectRepository.findTestObject(Final Object Repo/Landing Page/BM Detecting), "href", 20, OPTIONAL): Object 'Object Repository/Final Object Repo/Landing Page/BM Detecting' has attribute 'href'

2018-11-28 11:38:33 - [MESSAGE][PASSED] - Object 'Object Repository/Final Object Repo/Landing Page/BM Detecting' has attribute 'href'

2018-11-28 11:38:33 - [TEST_STEP][PASSED] - Statement - out.println(Checker): null

2018-11-28 11:38:33 - [TEST_STEP][PASSED] - Statement - If (Checker == false): null

2018-11-28 11:38:33 - [TEST_STEP][PASSED] - Statement - Else: null

2018-11-28 11:38:33 - [TEST_STEP][PASSED] - delay: Delayed 2 second(s)

2018-11-28 11:38:35 - [MESSAGE][PASSED] - Delayed 2 second(s)

2018-11-28 11:38:35 - [TEST_STEP][PASSED] - navigateToUrl: Navigate to 'https://assist2-uat.perkeso.gov.my/web/registration/update/form-1a-cessation-as-employer-discontinue-business-' successfully

2018-11-28 11:38:36 - [MESSAGE][PASSED] - Navigate to 'https://assist2-uat.perkeso.gov.my/web/registration/update/form-1a-cessation-as-employer-discontinue-business-' successfully

2018-11-28 11:38:36 - [TEST_STEP][PASSED] - setText: Text 'E1102069770Z' is set on object 'Object Repository/Final Object Repo/Page_Update Employer Information/Employer Code'

2018-11-28 11:38:36 - [MESSAGE][PASSED] - Text 'E1102069770Z' is set on object 'Object Repository/Final Object Repo/Page_Update Employer Information/Employer Code'

2018-11-28 11:38:36 - [TEST_STEP][PASSED] - click: Object: 'Object Repository/Final Object Repo/Page_Update Employer Information/Search Button' is clicked on

2018-11-28 11:38:36 - [MESSAGE][PASSED] - Object: 'Object Repository/Final Object Repo/Page_Update Employer Information/Search Button' is clicked on

2018-11-28 11:38:36 - [TEST_STEP][PASSED] - click: Object: 'Object Repository/Final Object Repo/Page_Update Employer Information/Edit Button' is clicked on

2018-11-28 11:38:39 - [MESSAGE][PASSED] - Object: 'Object Repository/Final Object Repo/Page_Update Employer Information/Edit Button' is clicked on

2018-11-28 11:38:39 - [TEST_STEP][PASSED] - Statement - abc = com.kms.katalon.core.webui.keyword.WebUiBuiltInKeywords.getAttribute(com.kms.katalon.core.testobject.ObjectRepository.findTestObject(Final Object Repo/Page_Form 1A - Cessation As Employer/Employer Status), "value"): Attribute 'value' of object 'Object Repository/Final Object Repo/Page_Form 1A - Cessation As Employer/Employer Status' is: 'Dormant'

2018-11-28 11:38:39 - [MESSAGE][PASSED] - Attribute 'value' of object 'Object Repository/Final Object Repo/Page_Form 1A - Cessation As Employer/Employer Status' is: 'Dormant'

2018-11-28 11:38:39 - [TEST_STEP][PASSED] - Statement - out.println(abc): null

2018-11-28 11:38:39 - [TEST_STEP][PASSED] - Statement - If (abc == "Active"): null

2018-11-28 11:38:39 - [TEST_STEP][PASSED] - Statement - Else If (abc == "Cancel"): null

2018-11-28 11:38:39 - [TEST_STEP][PASSED] - Statement - Else If (abc == "Dormant"): Object: 'Object Repository/Final Object Repo/Page_Form 1A - Cessation As Employer/Change Employer Status to - Dormant' is clicked on

2018-11-28 11:38:39 - [TEST_STEP][PASSED] - click: Object: 'Object Repository/Final Object Repo/Page_Form 1A - Cessation As Employer/Change Employer Status to' is clicked on

2018-11-28 11:38:39 - [MESSAGE][PASSED] - Object: 'Object Repository/Final Object Repo/Page_Form 1A - Cessation As Employer/Change Employer Status to' is clicked on

2018-11-28 11:38:39 - [TEST_STEP][PASSED] - click: Object: 'Object Repository/Final Object Repo/Page_Form 1A - Cessation As Employer/Change Employer Status to - Dormant' is clicked on

2018-11-28 11:38:39 - [MESSAGE][PASSED] - Object: 'Object Repository/Final Object Repo/Page_Form 1A - Cessation As Employer/Change Employer Status to - Dormant' is clicked on

2018-11-28 11:38:39 - [TEST_STEP][PASSED] - click: Object: 'Object Repository/Final Object Repo/Page_Form 1A - Cessation As Employer/Calender' is clicked on

2018-11-28 11:38:40 - [MESSAGE][PASSED] - Object: 'Object Repository/Final Object Repo/Page_Form 1A - Cessation As Employer/Calender' is clicked on

2018-11-28 11:38:40 - [TEST_STEP][PASSED] - click: Object: 'Object Repository/Final Object Repo/Page_Form 1A - Cessation As Employer/Calender - Date' is clicked on

2018-11-28 11:38:40 - [MESSAGE][PASSED] - Object: 'Object Repository/Final Object Repo/Page_Form 1A - Cessation As Employer/Calender - Date' is clicked on

2018-11-28 11:38:40 - [TEST_STEP][PASSED] - delay: Delayed 2 second(s)

2018-11-28 11:38:42 - [MESSAGE][PASSED] - Delayed 2 second(s)

2018-11-28 11:38:42 - [TEST_STEP][PASSED] - click: Object: 'Object Repository/Final Object Repo/Page_Form 1A - Cessation As Employer/Save  Continue in Form 1A Page' is clicked on

2018-11-28 11:38:42 - [MESSAGE][PASSED] - Object: 'Object Repository/Final Object Repo/Page_Form 1A - Cessation As Employer/Save  Continue in Form 1A Page' is clicked on

2018-11-28 11:38:42 - [TEST_STEP][PASSED] - delay: Delayed 2 second(s)

2018-11-28 11:38:44 - [MESSAGE][PASSED] - Delayed 2 second(s)

2018-11-28 11:38:44 - [TEST_STEP][PASSED] - click: Object: 'Object Repository/Final Object Repo/Page_Form 1A - Cessation As Employer/Employment Resign Date' is clicked on

2018-11-28 11:38:44 - [MESSAGE][PASSED] - Object: 'Object Repository/Final Object Repo/Page_Form 1A - Cessation As Employer/Employment Resign Date' is clicked on

2018-11-28 11:38:44 - [TEST_STEP][PASSED] - delay: Delayed 1 second(s)

2018-11-28 11:38:45 - [MESSAGE][PASSED] - Delayed 1 second(s)

2018-11-28 11:38:45 - [TEST_STEP][PASSED] - Statement - CaseReferenceNo = com.kms.katalon.core.webui.keyword.WebUiBuiltInKeywords.getText(com.kms.katalon.core.testobject.ObjectRepository.findTestObject(Final Object Repo/Page_Update Employer Information/Reference Number in Update Employee Information Page)): Text of object 'Object Repository/Final Object Repo/Page_Update Employer Information/Reference Number in Update Employee Information Page' is: 'CUN112018C200001660'

2018-11-28 11:38:45 - [MESSAGE][PASSED] - Text of object 'Object Repository/Final Object Repo/Page_Update Employer Information/Reference Number in Update Employee Information Page' is: 'CUN112018C200001660'

2018-11-28 11:38:45 - [TEST_STEP][PASSED] - callTestCase: Call Test Case 'Test Cases/Final Aug 2018 - PKS Automation/Common/Reference Number Setter' successfully

2018-11-28 11:38:45 - [TEST_CASE][PASSED] - Test Cases/Final Aug 2018 - PKS Automation/Common/Reference Number Setter: Test Cases/Final Aug 2018 - PKS Automation/Common/Reference Number Setter

2018-11-28 11:38:45 - [TEST_STEP][PASSED] - Statement - RefNoOldFile = new java.io.File(C://Users//Admin//Desktop//PKS//Automation Reference Point//KatalonReference.txt): null

2018-11-28 11:38:45 - [TEST_STEP][PASSED] - Statement - RefNoOldFile.delete(): null

2018-11-28 11:38:45 - [TEST_STEP][PASSED] - delay: Delayed 5 second(s)

2018-11-28 11:38:50 - [MESSAGE][PASSED] - Delayed 5 second(s)

2018-11-28 11:38:50 - [TEST_STEP][PASSED] - Statement - RefNo = new java.io.File(C://Users//Admin//Desktop//PKS//Automation Reference Point//KatalonReference.txt): null

2018-11-28 11:38:50 - [TEST_STEP][PASSED] - Statement - f2 = new java.io.FileWriter(RefNo, false): null

2018-11-28 11:38:50 - [TEST_STEP][PASSED] - Statement - f2.write(CaseReferenceNo): null

2018-11-28 11:38:50 - [TEST_STEP][PASSED] - Statement - f2.close(): null

2018-11-28 11:38:50 - [TEST_STEP][PASSED] - Statement - out.println("


" + CaseReferenceNo + "


"): null

2018-11-28 11:38:50 - [MESSAGE][PASSED] - Call Test Case 'Test Cases/Final Aug 2018 - PKS Automation/Common/Reference Number Setter' successfully

2018-11-28 11:38:50 - [TEST_STEP][PASSED] - selectOptionByValue: All options with value '2030' are selected in object 'Object Repository/Final Object Repo/Page_Form 1A - Cessation As Employer/Employment Resign Date - Year' 

2018-11-28 11:38:51 - [MESSAGE][PASSED] - All options with value '2030' are selected in object 'Object Repository/Final Object Repo/Page_Form 1A - Cessation As Employer/Employment Resign Date - Year' 

2018-11-28 11:38:51 - [TEST_STEP][PASSED] - delay: Delayed 1 second(s)

2018-11-28 11:38:52 - [MESSAGE][PASSED] - Delayed 1 second(s)

2018-11-28 11:38:52 - [TEST_STEP][PASSED] - click: Object: 'Object Repository/Final Object Repo/Page_Form 1A - Cessation As Employer/Employment Resign Date - Year - Date' is clicked on

2018-11-28 11:38:52 - [MESSAGE][PASSED] - Object: 'Object Repository/Final Object Repo/Page_Form 1A - Cessation As Employer/Employment Resign Date - Year - Date' is clicked on

2018-11-28 11:38:52 - [TEST_STEP][PASSED] - delay: Delayed 2 second(s)

2018-11-28 11:38:54 - [MESSAGE][PASSED] - Delayed 2 second(s)

2018-11-28 11:38:54 - [TEST_STEP][PASSED] - click: Object: 'Object Repository/Final Object Repo/Page_Form 1A - Cessation As Employer/Save  Continue in Update Add Employee Resigned Date Page' is clicked on

2018-11-28 11:38:54 - [MESSAGE][PASSED] - Object: 'Object Repository/Final Object Repo/Page_Form 1A - Cessation As Employer/Save  Continue in Update Add Employee Resigned Date Page' is clicked on

2018-11-28 11:38:54 - [TEST_STEP][PASSED] - delay: Delayed 2 second(s)

2018-11-28 11:38:56 - [MESSAGE][PASSED] - Delayed 2 second(s)

2018-11-28 11:38:56 - [TEST_STEP][PASSED] - click: Object: 'Object Repository/Final Object Repo/Page_Form 1A - Cessation As Employer/Set Latest - Yes' is clicked on

2018-11-28 11:38:56 - [MESSAGE][PASSED] - Object: 'Object Repository/Final Object Repo/Page_Form 1A - Cessation As Employer/Set Latest - Yes' is clicked on

2018-11-28 11:38:56 - [TEST_STEP][PASSED] - delay: Delayed 2 second(s)

2018-11-28 11:38:58 - [MESSAGE][PASSED] - Delayed 2 second(s)

2018-11-28 11:38:58 - [TEST_STEP][PASSED] - click: Object: 'Object Repository/Final Object Repo/Page_Form 1A - Cessation As Employer/Add Document' is clicked on

2018-11-28 11:38:59 - [MESSAGE][PASSED] - Object: 'Object Repository/Final Object Repo/Page_Form 1A - Cessation As Employer/Add Document' is clicked on

2018-11-28 11:38:59 - [TEST_STEP][PASSED] - delay: Delayed 2 second(s)

2018-11-28 11:39:01 - [MESSAGE][PASSED] - Delayed 2 second(s)

2018-11-28 11:39:01 - [TEST_STEP][PASSED] - click: Object: 'Object Repository/Final Object Repo/Page_Form 1A - Cessation As Employer/Document Type' is clicked on

2018-11-28 11:39:02 - [MESSAGE][PASSED] - Object: 'Object Repository/Final Object Repo/Page_Form 1A - Cessation As Employer/Document Type' is clicked on

2018-11-28 11:39:02 - [TEST_STEP][PASSED] - delay: Delayed 2 second(s)

2018-11-28 11:39:04 - [MESSAGE][PASSED] - Delayed 2 second(s)

2018-11-28 11:39:04 - [TEST_STEP][PASSED] - click: Object: 'Object Repository/Final Object Repo/Page_Form 1A - Cessation As Employer/Document Type - Supporting Document For Cessation' is clicked on

2018-11-28 11:39:04 - [MESSAGE][PASSED] - Object: 'Object Repository/Final Object Repo/Page_Form 1A - Cessation As Employer/Document Type - Supporting Document For Cessation' is clicked on

2018-11-28 11:39:04 - [TEST_STEP][PASSED] - delay: Delayed 2 second(s)

2018-11-28 11:39:06 - [MESSAGE][PASSED] - Delayed 2 second(s)

2018-11-28 11:39:06 - [TEST_STEP][PASSED] - sendKeys: Keys 'C:\Users\Public\Pictures\Sample Pictures\Koala.jpg' sent to object: 'Object Repository/Final Object Repo/Page_Form 1A - Cessation As Employer/Uploading File'

2018-11-28 11:39:07 - [MESSAGE][PASSED] - Keys 'C:\Users\Public\Pictures\Sample Pictures\Koala.jpg' sent to object: 'Object Repository/Final Object Repo/Page_Form 1A - Cessation As Employer/Uploading File'

2018-11-28 11:39:07 - [TEST_STEP][PASSED] - delay: Delayed 2 second(s)

2018-11-28 11:39:09 - [MESSAGE][PASSED] - Delayed 2 second(s)

2018-11-28 11:39:09 - [TEST_STEP][PASSED] - click: Object: 'Object Repository/Final Object Repo/Page_Form 1A - Cessation As Employer/Add Document in Uploading Page' is clicked on

2018-11-28 11:39:09 - [MESSAGE][PASSED] - Object: 'Object Repository/Final Object Repo/Page_Form 1A - Cessation As Employer/Add Document in Uploading Page' is clicked on

2018-11-28 11:39:09 - [TEST_STEP][PASSED] - delay: Delayed 20 second(s)

2018-11-28 11:39:29 - [MESSAGE][PASSED] - Delayed 20 second(s)

2018-11-28 11:39:29 - [TEST_STEP][PASSED] - click: Object: 'Object Repository/Final Object Repo/Page_Form 1A - Cessation As Employer/Save  Continue in Uploading Page' is clicked on

2018-11-28 11:39:29 - [MESSAGE][PASSED] - Object: 'Object Repository/Final Object Repo/Page_Form 1A - Cessation As Employer/Save  Continue in Uploading Page' is clicked on

2018-11-28 11:39:29 - [TEST_STEP][PASSED] - delay: Delayed 2 second(s)

2018-11-28 11:39:31 - [MESSAGE][PASSED] - Delayed 2 second(s)

2018-11-28 11:39:31 - [TEST_STEP][PASSED] - click: Object: 'Object Repository/Final Object Repo/Page_Form 1A - Cessation As Employer/Submit2' is clicked on

2018-11-28 11:39:34 - [MESSAGE][PASSED] - Object: 'Object Repository/Final Object Repo/Page_Form 1A - Cessation As Employer/Submit2' is clicked on

2018-11-28 11:39:34 - [TEST_STEP][PASSED] - delay: Delayed 2 second(s)

2018-11-28 11:39:36 - [MESSAGE][PASSED] - Delayed 2 second(s)

2018-11-28 11:39:36 - [TEST_STEP][PASSED] - click: Object: 'Object Repository/Final Object Repo/Page_Form 1A - Cessation As Employer/Confirm' is clicked on

2018-11-28 11:39:36 - [MESSAGE][PASSED] - Object: 'Object Repository/Final Object Repo/Page_Form 1A - Cessation As Employer/Confirm' is clicked on

2018-11-28 11:39:36 - [TEST_STEP][PASSED] - delay: Delayed 2 second(s)

2018-11-28 11:39:38 - [MESSAGE][PASSED] - Delayed 2 second(s)

2018-11-28 11:39:38 - [TEST_STEP][PASSED] - verifyElementVisible: Object 'Object Repository/Final Object Repo/Page_Form 1A - Cessation As Employer/Message Your Request will be routed to UO' is visible

2018-11-28 11:39:42 - [MESSAGE][PASSED] - Object 'Object Repository/Final Object Repo/Page_Form 1A - Cessation As Employer/Message Your Request will be routed to UO' is visible

2018-11-28 11:39:42 - [TEST_STEP][PASSED] - delay: Delayed 1 second(s)

2018-11-28 11:39:43 - [MESSAGE][PASSED] - Delayed 1 second(s)

2018-11-28 11:39:43 - [TEST_STEP][PASSED] - verifyElementVisible: Object 'Object Repository/Final Object Repo/Page_Form 1A - Cessation As Employer/Letter of acknowledgement' is visible

2018-11-28 11:39:43 - [MESSAGE][PASSED] - Object 'Object Repository/Final Object Repo/Page_Form 1A - Cessation As Employer/Letter of acknowledgement' is visible

2018-11-28 11:39:43 - [MESSAGE][PASSED] - Call Test Case 'Test Cases/Final Aug 2018 - PKS Automation/Registration Module/Workflow/Form 1A - Cessation As Employer/Template/Form 1 A - Cessation As Employer (OTC)' successfully

2018-11-28 11:39:43 - [TEST_STEP][PASSED] - delay: Delayed 1 second(s)

2018-11-28 11:39:44 - [MESSAGE][PASSED] - Delayed 1 second(s)

2018-11-28 11:39:44 - [TEST_STEP][PASSED] - navigateToUrl: Navigate to 'https://assist2-uat.perkeso.gov.my/c/portal/logout' successfully

2018-11-28 11:39:45 - [MESSAGE][PASSED] - Navigate to 'https://assist2-uat.perkeso.gov.my/c/portal/logout' successfully

2018-11-28 11:39:45 - [TEST_STEP][PASSED] - delay: Delayed 1 second(s)

2018-11-28 11:39:46 - [MESSAGE][PASSED] - Delayed 1 second(s)

2018-11-28 11:39:46 - [TEST_STEP][PASSED] - callTestCase: Call Test Case 'Test Cases/Final Aug 2018 - PKS Automation/Common/Reference Number Getter' successfully

2018-11-28 11:39:46 - [TEST_CASE][PASSED] - Test Cases/Final Aug 2018 - PKS Automation/Common/Reference Number Getter: Test Cases/Final Aug 2018 - PKS Automation/Common/Reference Number Getter

2018-11-28 11:39:46 - [TEST_STEP][PASSED] - Statement - Try: null

2018-11-28 11:39:46 - [TEST_STEP][PASSED] - Statement - RefNo = new java.io.File(C://Users//Admin//Desktop//PKS//Automation Reference Point//KatalonReference.txt): null

2018-11-28 11:39:46 - [TEST_STEP][PASSED] - Statement - bufferread = new java.io.BufferedReader(new java.io.FileReader(RefNo)): null

2018-11-28 11:39:46 - [TEST_STEP][PASSED] - Statement - readedVal = bufferread.readLine(): null

2018-11-28 11:39:46 - [TEST_STEP][PASSED] - Statement - out.println(CaseReferenceNo): null

2018-11-28 11:39:46 - [TEST_STEP][PASSED] - Statement - out.println(readedVal): null

2018-11-28 11:39:46 - [TEST_STEP][PASSED] - Statement - CaseReferenceNo = "": null

2018-11-28 11:39:46 - [TEST_STEP][PASSED] - Statement - CaseReferenceNo = readedVal: null

2018-11-28 11:39:46 - [MESSAGE][PASSED] - Call Test Case 'Test Cases/Final Aug 2018 - PKS Automation/Common/Reference Number Getter' successfully

2018-11-28 11:39:46 - [TEST_STEP][PASSED] - callTestCase: Call Test Case 'Test Cases/Final Aug 2018 - PKS Automation/Common/Workflow Owner Finder' successfully

2018-11-28 11:39:46 - [TEST_CASE][PASSED] - Test Cases/Final Aug 2018 - PKS Automation/Common/Workflow Owner Finder: Test Cases/Final Aug 2018 - PKS Automation/Common/Workflow Owner Finder

2018-11-28 11:39:46 - [TEST_STEP][PASSED] - openBrowser: Browser is opened with url: ''

2018-11-28 11:39:46 - [MESSAGE][WARNING] - A browser is already opened. Closing browser and opening a new one

2018-11-28 11:39:49 - [MESSAGE][PASSED] - Browser is opened with url: ''

2018-11-28 11:39:49 - [TEST_STEP][PASSED] - navigateToUrl: Navigate to 'https://assist2-uat.perkeso.gov.my/login' successfully

2018-11-28 11:39:50 - [MESSAGE][PASSED] - Navigate to 'https://assist2-uat.perkeso.gov.my/login' successfully

2018-11-28 11:39:50 - [TEST_STEP][PASSED] - delay: Delayed 5 second(s)

2018-11-28 11:39:55 - [MESSAGE][PASSED] - Delayed 5 second(s)

2018-11-28 11:39:55 - [TEST_STEP][PASSED] - setText: Text 'test@liferay.com' is set on object 'Object Repository/Final Object Repo/Login Page/Internal User/Email Address'

2018-11-28 11:39:56 - [MESSAGE][PASSED] - Text 'test@liferay.com' is set on object 'Object Repository/Final Object Repo/Login Page/Internal User/Email Address'

2018-11-28 11:39:56 - [TEST_STEP][PASSED] - click: Object: 'Object Repository/Final Object Repo/Login Page/Internal User/Next Button' is clicked on

2018-11-28 11:39:56 - [MESSAGE][PASSED] - Object: 'Object Repository/Final Object Repo/Login Page/Internal User/Next Button' is clicked on

2018-11-28 11:39:56 - [TEST_STEP][PASSED] - delay: Delayed 2 second(s)

2018-11-28 11:39:58 - [MESSAGE][PASSED] - Delayed 2 second(s)

2018-11-28 11:39:58 - [TEST_STEP][PASSED] - setText: Text 'test' is set on object 'Object Repository/Final Object Repo/Login Page/Internal User/Password'

2018-11-28 11:39:58 - [MESSAGE][PASSED] - Text 'test' is set on object 'Object Repository/Final Object Repo/Login Page/Internal User/Password'

2018-11-28 11:39:58 - [TEST_STEP][PASSED] - delay: Delayed 2 second(s)

2018-11-28 11:40:00 - [MESSAGE][PASSED] - Delayed 2 second(s)

2018-11-28 11:40:00 - [TEST_STEP][PASSED] - click: Object: 'Object Repository/Final Object Repo/Login Page/Internal User/Login Button' is clicked on

2018-11-28 11:40:00 - [MESSAGE][PASSED] - Object: 'Object Repository/Final Object Repo/Login Page/Internal User/Login Button' is clicked on

2018-11-28 11:40:00 - [TEST_STEP][PASSED] - Statement - Try: null

2018-11-28 11:40:00 - [TEST_STEP][PASSED] - Statement - Checker = com.kms.katalon.core.webui.keyword.WebUiBuiltInKeywords.verifyElementNotPresent("Final Object Repo/Landing Page/Select to English", 3): null

2018-11-28 11:40:00 - [TEST_STEP][PASSED] - Statement - Catch (Exception e): null

2018-11-28 11:40:00 - [TEST_STEP][PASSED] - Statement - e.printStackTrace(): null

2018-11-28 11:40:01 - [TEST_STEP][PASSED] - delay: Delayed 5 second(s)

2018-11-28 11:40:06 - [MESSAGE][PASSED] - Delayed 5 second(s)

2018-11-28 11:40:06 - [TEST_STEP][PASSED] - mouseOver: Object: 'Object Repository/Final Object Repo/Landing Page/WorkFlow Menu' is hovered

2018-11-28 11:40:06 - [MESSAGE][PASSED] - Object: 'Object Repository/Final Object Repo/Landing Page/WorkFlow Menu' is hovered

2018-11-28 11:40:06 - [TEST_STEP][PASSED] - delay: Delayed 2 second(s)

2018-11-28 11:40:08 - [MESSAGE][PASSED] - Delayed 2 second(s)

2018-11-28 11:40:08 - [TEST_STEP][PASSED] - click: Object: 'Object Repository/Final Object Repo/Landing Page/Select to Workflow Listing' is clicked on

2018-11-28 11:40:09 - [MESSAGE][PASSED] - Object: 'Object Repository/Final Object Repo/Landing Page/Select to Workflow Listing' is clicked on

2018-11-28 11:40:09 - [TEST_STEP][PASSED] - delay: Delayed 2 second(s)

2018-11-28 11:40:11 - [MESSAGE][PASSED] - Delayed 2 second(s)

2018-11-28 11:40:11 - [TEST_STEP][PASSED] - click: Object: 'Object Repository/Final Object Repo/WorkFlow Listing Page/Search Information - To Put Ref No' is clicked on

2018-11-28 11:40:11 - [MESSAGE][PASSED] - Object: 'Object Repository/Final Object Repo/WorkFlow Listing Page/Search Information - To Put Ref No' is clicked on

2018-11-28 11:40:11 - [TEST_STEP][PASSED] - delay: Delayed 2 second(s)

2018-11-28 11:40:13 - [MESSAGE][PASSED] - Delayed 2 second(s)

2018-11-28 11:40:13 - [TEST_STEP][PASSED] - callTestCase: Call Test Case 'Test Cases/Final Aug 2018 - PKS Automation/Common/Reference Number Getter' successfully

2018-11-28 11:40:13 - [TEST_CASE][PASSED] - Test Cases/Final Aug 2018 - PKS Automation/Common/Reference Number Getter: Test Cases/Final Aug 2018 - PKS Automation/Common/Reference Number Getter

2018-11-28 11:40:13 - [TEST_STEP][PASSED] - Statement - Try: null

2018-11-28 11:40:13 - [TEST_STEP][PASSED] - Statement - RefNo = new java.io.File(C://Users//Admin//Desktop//PKS//Automation Reference Point//KatalonReference.txt): null

2018-11-28 11:40:13 - [TEST_STEP][PASSED] - Statement - bufferread = new java.io.BufferedReader(new java.io.FileReader(RefNo)): null

2018-11-28 11:40:13 - [TEST_STEP][PASSED] - Statement - readedVal = bufferread.readLine(): null

2018-11-28 11:40:13 - [TEST_STEP][PASSED] - Statement - out.println(CaseReferenceNo): null

2018-11-28 11:40:13 - [TEST_STEP][PASSED] - Statement - out.println(readedVal): null

2018-11-28 11:40:13 - [TEST_STEP][PASSED] - Statement - CaseReferenceNo = "": null

2018-11-28 11:40:13 - [TEST_STEP][PASSED] - Statement - CaseReferenceNo = readedVal: null

2018-11-28 11:40:13 - [MESSAGE][PASSED] - Call Test Case 'Test Cases/Final Aug 2018 - PKS Automation/Common/Reference Number Getter' successfully

2018-11-28 11:40:13 - [TEST_STEP][PASSED] - setText: Text 'CUN112018C200001660' is set on object 'Object Repository/Final Object Repo/WorkFlow Listing Page/Ref No Set Text'

2018-11-28 11:40:14 - [MESSAGE][PASSED] - Text 'CUN112018C200001660' is set on object 'Object Repository/Final Object Repo/WorkFlow Listing Page/Ref No Set Text'

2018-11-28 11:40:14 - [TEST_STEP][PASSED] - delay: Delayed 2 second(s)

2018-11-28 11:40:16 - [MESSAGE][PASSED] - Delayed 2 second(s)

2018-11-28 11:40:16 - [TEST_STEP][PASSED] - click: Object: 'Object Repository/Final Object Repo/WorkFlow Listing Page/Search Ref No Search Button' is clicked on

2018-11-28 11:40:16 - [MESSAGE][PASSED] - Object: 'Object Repository/Final Object Repo/WorkFlow Listing Page/Search Ref No Search Button' is clicked on

2018-11-28 11:40:16 - [TEST_STEP][PASSED] - delay: Delayed 4 second(s)

2018-11-28 11:40:20 - [MESSAGE][PASSED] - Delayed 4 second(s)

2018-11-28 11:40:20 - [TEST_STEP][PASSED] - click: Object: 'Object Repository/Final Object Repo/WorkFlow Listing Page/Click Continue Tooltip' is clicked on

2018-11-28 11:40:21 - [MESSAGE][PASSED] - Object: 'Object Repository/Final Object Repo/WorkFlow Listing Page/Click Continue Tooltip' is clicked on

2018-11-28 11:40:21 - [TEST_STEP][PASSED] - delay: Delayed 5 second(s)

2018-11-28 11:40:26 - [MESSAGE][PASSED] - Delayed 5 second(s)

2018-11-28 11:40:26 - [TEST_STEP][PASSED] - doubleClick: Object: 'Object Repository/Final Object Repo/WorkFlow Listing Page/Workflow Found - Listing 1' is double clicked on

2018-11-28 11:40:26 - [MESSAGE][PASSED] - Object: 'Object Repository/Final Object Repo/WorkFlow Listing Page/Workflow Found - Listing 1' is double clicked on

2018-11-28 11:40:26 - [TEST_STEP][PASSED] - Statement - println(OwnerID): null

2018-11-28 11:40:26 - [TEST_STEP][PASSED] - Statement - OwnerID = com.kms.katalon.core.webui.keyword.WebUiBuiltInKeywords.getText(com.kms.katalon.core.testobject.ObjectRepository.findTestObject(Final Object Repo/WorkFlow Listing Page/Workflow Found - Listing 1), STOP_ON_FAILURE): Text of object 'Object Repository/Final Object Repo/WorkFlow Listing Page/Workflow Found - Listing 1' is: 'JOHORuo2'

2018-11-28 11:40:26 - [MESSAGE][PASSED] - Text of object 'Object Repository/Final Object Repo/WorkFlow Listing Page/Workflow Found - Listing 1' is: 'JOHORuo2'

2018-11-28 11:40:26 - [TEST_STEP][PASSED] - Statement - OwnerID = OwnerID.toLowerCase() + "@gmail.com": null

2018-11-28 11:40:26 - [TEST_STEP][PASSED] - Statement - println(OwnerID): null

2018-11-28 11:40:26 - [TEST_STEP][PASSED] - delay: Delayed 2 second(s)

2018-11-28 11:40:28 - [MESSAGE][PASSED] - Delayed 2 second(s)

2018-11-28 11:40:28 - [MESSAGE][PASSED] - Call Test Case 'Test Cases/Final Aug 2018 - PKS Automation/Common/Workflow Owner Finder' successfully

2018-11-28 11:40:28 - [TEST_STEP][PASSED] - delay: Delayed 1 second(s)

2018-11-28 11:40:29 - [MESSAGE][PASSED] - Delayed 1 second(s)

2018-11-28 11:40:29 - [TEST_STEP][PASSED] - navigateToUrl: Navigate to 'https://assist2-uat.perkeso.gov.my/c/portal/logout' successfully

2018-11-28 11:40:30 - [MESSAGE][PASSED] - Navigate to 'https://assist2-uat.perkeso.gov.my/c/portal/logout' successfully

2018-11-28 11:40:30 - [TEST_STEP][PASSED] - delay: Delayed 1 second(s)

2018-11-28 11:40:31 - [MESSAGE][PASSED] - Delayed 1 second(s)

2018-11-28 11:40:31 - [TEST_STEP][PASSED] - callTestCase: Call Test Case 'Test Cases/Final Aug 2018 - PKS Automation/Registration Module/Workflow/Login and Search Case For Workflow' successfully

2018-11-28 11:40:31 - [TEST_CASE][PASSED] - Test Cases/Final Aug 2018 - PKS Automation/Registration Module/Workflow/Login and Search Case For Workflow: Test Cases/Final Aug 2018 - PKS Automation/Registration Module/Workflow/Login and Search Case For Workflow

2018-11-28 11:40:31 - [TEST_STEP][PASSED] - navigateToUrl: Navigate to 'https://assist2-uat.perkeso.gov.my/login' successfully

2018-11-28 11:40:32 - [MESSAGE][PASSED] - Navigate to 'https://assist2-uat.perkeso.gov.my/login' successfully

2018-11-28 11:40:32 - [TEST_STEP][PASSED] - setText: Text 'johoruo2@gmail.com' is set on object 'Object Repository/Final Object Repo/Login Page/Internal User/Email Address'

2018-11-28 11:40:32 - [MESSAGE][PASSED] - Text 'johoruo2@gmail.com' is set on object 'Object Repository/Final Object Repo/Login Page/Internal User/Email Address'

2018-11-28 11:40:32 - [TEST_STEP][PASSED] - click: Object: 'Object Repository/Final Object Repo/Login Page/Internal User/Next Button' is clicked on

2018-11-28 11:40:32 - [MESSAGE][PASSED] - Object: 'Object Repository/Final Object Repo/Login Page/Internal User/Next Button' is clicked on

2018-11-28 11:40:32 - [TEST_STEP][PASSED] - delay: Delayed 1 second(s)

2018-11-28 11:40:33 - [MESSAGE][PASSED] - Delayed 1 second(s)

2018-11-28 11:40:33 - [TEST_STEP][PASSED] - setEncryptedText: Text ****** has been set on object 'Object Repository/Final Object Repo/Login Page/Internal User/Password'

2018-11-28 11:40:34 - [MESSAGE][PASSED] - Text ****** has been set on object 'Object Repository/Final Object Repo/Login Page/Internal User/Password'

2018-11-28 11:40:34 - [TEST_STEP][PASSED] - click: Object: 'Object Repository/Final Object Repo/Login Page/Internal User/Login Button' is clicked on

2018-11-28 11:40:34 - [MESSAGE][PASSED] - Object: 'Object Repository/Final Object Repo/Login Page/Internal User/Login Button' is clicked on

2018-11-28 11:40:34 - [TEST_STEP][PASSED] - delay: Delayed 2 second(s)

2018-11-28 11:40:36 - [MESSAGE][PASSED] - Delayed 2 second(s)

2018-11-28 11:40:36 - [TEST_STEP][PASSED] - Statement - Try: Delayed 2 second(s)

2018-11-28 11:40:36 - [TEST_STEP][PASSED] - Statement - Checker = false: null

2018-11-28 11:40:36 - [TEST_STEP][PASSED] - Statement - Checker = com.kms.katalon.core.webui.keyword.WebUiBuiltInKeywords.verifyElementHasAttribute(com.kms.katalon.core.testobject.ObjectRepository.findTestObject(Final Object Repo/Landing Page/BM Detecting), "href", 20, OPTIONAL): Object 'Object Repository/Final Object Repo/Landing Page/BM Detecting' has attribute 'href'

2018-11-28 11:40:36 - [MESSAGE][PASSED] - Object 'Object Repository/Final Object Repo/Landing Page/BM Detecting' has attribute 'href'

2018-11-28 11:40:36 - [TEST_STEP][PASSED] - Statement - out.println(Checker): null

2018-11-28 11:40:36 - [TEST_STEP][PASSED] - Statement - If (Checker == false): null

2018-11-28 11:40:36 - [TEST_STEP][PASSED] - Statement - Else: null

2018-11-28 11:40:36 - [TEST_STEP][PASSED] - delay: Delayed 2 second(s)

2018-11-28 11:40:38 - [MESSAGE][PASSED] - Delayed 2 second(s)

2018-11-28 11:40:38 - [TEST_STEP][PASSED] - click: Object: 'Object Repository/Final Object Repo/Page_MyASSIST - ASSIST - Search Pending Case For Add Supporting Document/Search Information' is clicked on

2018-11-28 11:40:38 - [MESSAGE][PASSED] - Object: 'Object Repository/Final Object Repo/Page_MyASSIST - ASSIST - Search Pending Case For Add Supporting Document/Search Information' is clicked on

2018-11-28 11:40:38 - [TEST_STEP][PASSED] - delay: Delayed 3 second(s)

2018-11-28 11:40:41 - [MESSAGE][PASSED] - Delayed 3 second(s)

2018-11-28 11:40:41 - [TEST_STEP][PASSED] - sendKeys: Keys 'CUN112018C200001660' sent to object: 'Object Repository/Final Object Repo/Page_MyASSIST - ASSIST - Search Pending Case For Add Supporting Document/Reference No'

2018-11-28 11:40:41 - [MESSAGE][PASSED] - Keys 'CUN112018C200001660' sent to object: 'Object Repository/Final Object Repo/Page_MyASSIST - ASSIST - Search Pending Case For Add Supporting Document/Reference No'

2018-11-28 11:40:41 - [TEST_STEP][PASSED] - click: Object: 'Object Repository/Final Object Repo/Page_MyASSIST - ASSIST - Search Pending Case For Add Supporting Document/Search Reference No' is clicked on

2018-11-28 11:40:41 - [MESSAGE][PASSED] - Object: 'Object Repository/Final Object Repo/Page_MyASSIST - ASSIST - Search Pending Case For Add Supporting Document/Search Reference No' is clicked on

2018-11-28 11:40:41 - [TEST_STEP][PASSED] - delay: Delayed 2 second(s)

2018-11-28 11:40:43 - [MESSAGE][PASSED] - Delayed 2 second(s)

2018-11-28 11:40:43 - [TEST_STEP][PASSED] - click: Object: 'Object Repository/Final Object Repo/Page_MyASSIST - ASSIST - Search Pending Case For Add Supporting Document/Continue' is clicked on

2018-11-28 11:40:47 - [MESSAGE][PASSED] - Object: 'Object Repository/Final Object Repo/Page_MyASSIST - ASSIST - Search Pending Case For Add Supporting Document/Continue' is clicked on

2018-11-28 11:40:47 - [TEST_STEP][PASSED] - delay: Delayed 20 second(s)

2018-11-28 11:41:07 - [MESSAGE][PASSED] - Delayed 20 second(s)

2018-11-28 11:41:07 - [MESSAGE][PASSED] - Call Test Case 'Test Cases/Final Aug 2018 - PKS Automation/Registration Module/Workflow/Login and Search Case For Workflow' successfully

2018-11-28 11:41:07 - [TEST_STEP][PASSED] - click: Object: 'Object Repository/Final Object Repo/Page_Form 1A - Cessation As Employer/Page_Form 1A - Cessation As Employer (Approve)/Save  Continue in Form 1A Page' is clicked on

2018-11-28 11:41:07 - [MESSAGE][PASSED] - Object: 'Object Repository/Final Object Repo/Page_Form 1A - Cessation As Employer/Page_Form 1A - Cessation As Employer (Approve)/Save  Continue in Form 1A Page' is clicked on

2018-11-28 11:41:07 - [TEST_STEP][PASSED] - delay: Delayed 2 second(s)

2018-11-28 11:41:09 - [MESSAGE][PASSED] - Delayed 2 second(s)

2018-11-28 11:41:09 - [TEST_STEP][PASSED] - click: Object: 'Object Repository/Final Object Repo/Page_Form 1A - Cessation As Employer/Employment Resign Date' is clicked on

2018-11-28 11:41:09 - [MESSAGE][PASSED] - Object: 'Object Repository/Final Object Repo/Page_Form 1A - Cessation As Employer/Employment Resign Date' is clicked on

2018-11-28 11:41:09 - [TEST_STEP][PASSED] - delay: Delayed 1 second(s)

2018-11-28 11:41:10 - [MESSAGE][PASSED] - Delayed 1 second(s)

2018-11-28 11:41:10 - [TEST_STEP][PASSED] - selectOptionByValue: All options with value '2030' are selected in object 'Object Repository/Final Object Repo/Page_Form 1A - Cessation As Employer/Employment Resign Date - Year' 

2018-11-28 11:41:11 - [MESSAGE][PASSED] - All options with value '2030' are selected in object 'Object Repository/Final Object Repo/Page_Form 1A - Cessation As Employer/Employment Resign Date - Year' 

2018-11-28 11:41:11 - [TEST_STEP][PASSED] - delay: Delayed 1 second(s)

2018-11-28 11:41:12 - [MESSAGE][PASSED] - Delayed 1 second(s)

2018-11-28 11:41:12 - [TEST_STEP][PASSED] - click: Object: 'Object Repository/Final Object Repo/Page_Form 1A - Cessation As Employer/Employment Resign Date - Year - Date' is clicked on

2018-11-28 11:41:12 - [MESSAGE][PASSED] - Object: 'Object Repository/Final Object Repo/Page_Form 1A - Cessation As Employer/Employment Resign Date - Year - Date' is clicked on

2018-11-28 11:41:12 - [TEST_STEP][PASSED] - delay: Delayed 2 second(s)

2018-11-28 11:41:14 - [MESSAGE][PASSED] - Delayed 2 second(s)

2018-11-28 11:41:14 - [TEST_STEP][PASSED] - click: Object: 'Object Repository/Final Object Repo/Page_Form 1A - Cessation As Employer/Page_Form 1A - Cessation As Employer (Approve)/Save  Continue in Update Add Employee Resigned Date Page' is clicked on

2018-11-28 11:41:14 - [MESSAGE][PASSED] - Object: 'Object Repository/Final Object Repo/Page_Form 1A - Cessation As Employer/Page_Form 1A - Cessation As Employer (Approve)/Save  Continue in Update Add Employee Resigned Date Page' is clicked on

2018-11-28 11:41:14 - [TEST_STEP][PASSED] - delay: Delayed 2 second(s)

2018-11-28 11:41:16 - [MESSAGE][PASSED] - Delayed 2 second(s)

2018-11-28 11:41:16 - [TEST_STEP][PASSED] - click: Object: 'Object Repository/Final Object Repo/Page_Form 1A - Cessation As Employer/Set Latest - Yes' is clicked on

2018-11-28 11:41:16 - [MESSAGE][PASSED] - Object: 'Object Repository/Final Object Repo/Page_Form 1A - Cessation As Employer/Set Latest - Yes' is clicked on

2018-11-28 11:41:16 - [TEST_STEP][PASSED] - delay: Delayed 2 second(s)

2018-11-28 11:41:18 - [MESSAGE][PASSED] - Delayed 2 second(s)

2018-11-28 11:41:18 - [TEST_STEP][PASSED] - click: Object: 'Object Repository/Final Object Repo/Page_Form 1A - Cessation As Employer/Page_Form 1A - Cessation As Employer (Approve)/Save  Contine in Uploading Document Page' is clicked on

2018-11-28 11:41:20 - [MESSAGE][PASSED] - Object: 'Object Repository/Final Object Repo/Page_Form 1A - Cessation As Employer/Page_Form 1A - Cessation As Employer (Approve)/Save  Contine in Uploading Document Page' is clicked on

2018-11-28 11:41:20 - [TEST_STEP][PASSED] - delay: Delayed 2 second(s)

2018-11-28 11:41:22 - [MESSAGE][PASSED] - Delayed 2 second(s)

2018-11-28 11:41:22 - [TEST_STEP][PASSED] - click: Object: 'Object Repository/Final Object Repo/Page_Form 1A - Cessation As Employer/Page_Form 1A - Cessation As Employer (Reject)/Reject' is clicked on

2018-11-28 11:41:24 - [MESSAGE][PASSED] - Object: 'Object Repository/Final Object Repo/Page_Form 1A - Cessation As Employer/Page_Form 1A - Cessation As Employer (Reject)/Reject' is clicked on

2018-11-28 11:41:24 - [TEST_STEP][PASSED] - delay: Delayed 2 second(s)

2018-11-28 11:41:26 - [MESSAGE][PASSED] - Delayed 2 second(s)

2018-11-28 11:41:26 - [TEST_STEP][PASSED] - click: Object: 'Object Repository/Final Object Repo/Page_Form 1A - Cessation As Employer/Page_Form 1A - Cessation As Employer (Reject)/Confirm' is clicked on

2018-11-28 11:41:27 - [MESSAGE][PASSED] - Object: 'Object Repository/Final Object Repo/Page_Form 1A - Cessation As Employer/Page_Form 1A - Cessation As Employer (Reject)/Confirm' is clicked on

2018-11-28 11:41:27 - [TEST_STEP][PASSED] - delay: Delayed 2 second(s)

2018-11-28 11:41:29 - [MESSAGE][PASSED] - Delayed 2 second(s)

2018-11-28 11:41:29 - [TEST_STEP][PASSED] - verifyElementVisible: Object 'Object Repository/Final Object Repo/Page_Form 1A - Cessation As Employer/Page_Form 1A - Cessation As Employer (Reject)/Message This Case has been Rejected' is visible

2018-11-28 11:41:35 - [MESSAGE][PASSED] - Object 'Object Repository/Final Object Repo/Page_Form 1A - Cessation As Employer/Page_Form 1A - Cessation As Employer (Reject)/Message This Case has been Rejected' is visible

2018-11-28 11:41:35 - [TEST_STEP][PASSED] - delay: Delayed 1 second(s)

2018-11-28 11:41:36 - [MESSAGE][PASSED] - Delayed 1 second(s)

2018-11-28 11:41:36 - [TEST_STEP][PASSED] - verifyElementVisible: Object 'Object Repository/Final Object Repo/Page_Form 1A - Cessation As Employer/Page_Form 1A - Cessation As Employer (Reject)/Letter of update rejection' is visible

2018-11-28 11:41:36 - [MESSAGE][PASSED] - Object 'Object Repository/Final Object Repo/Page_Form 1A - Cessation As Employer/Page_Form 1A - Cessation As Employer (Reject)/Letter of update rejection' is visible

2018-11-28 11:41:36 - [MESSAGE][PASSED] - Call Test Case 'Test Cases/Final Aug 2018 - PKS Automation/Registration Module/Workflow/Form 1A - Cessation As Employer/Template/Form 1 A - Cessation As Employer (Reject)' successfully]]></system-out>
         <system-err><![CDATA[]]></system-err>
      </testcase>
      <testcase name="Test Cases/Final Aug 2018 - PKS Automation/Registration Module/Workflow/Form 1A - Cessation As Employer/Employer to UO (Under enforcement)" classname="Test Cases/Final Aug 2018 - PKS Automation/Registration Module/Workflow/Form 1A - Cessation As Employer/Employer to UO (Under enforcement)" status="PASSED">
         <system-out><![CDATA[2018-11-28 11:41:36 - [TEST_CASE][PASSED] - Test Cases/Final Aug 2018 - PKS Automation/Registration Module/Workflow/Form 1A - Cessation As Employer/Employer to UO (Under enforcement): Test Cases/Final Aug 2018 - PKS Automation/Registration Module/Workflow/Form 1A - Cessation As Employer/Employer to UO (Under enforcement)

2018-11-28 11:41:36 - [TEST_STEP][PASSED] - callTestCase: Call Test Case 'Test Cases/Final Aug 2018 - PKS Automation/Registration Module/Workflow/Form 1A - Cessation As Employer/Template/Form 1 A - Cessation As Employer (OTC)' successfully

2018-11-28 11:41:36 - [TEST_CASE][PASSED] - Test Cases/Final Aug 2018 - PKS Automation/Registration Module/Workflow/Form 1A - Cessation As Employer/Template/Form 1 A - Cessation As Employer (OTC): Test Cases/Final Aug 2018 - PKS Automation/Registration Module/Workflow/Form 1A - Cessation As Employer/Template/Form 1 A - Cessation As Employer (OTC)

2018-11-28 11:41:36 - [TEST_STEP][PASSED] - openBrowser: Browser is opened with url: ''

2018-11-28 11:41:36 - [MESSAGE][WARNING] - A browser is already opened. Closing browser and opening a new one

2018-11-28 11:41:39 - [MESSAGE][PASSED] - Browser is opened with url: ''

2018-11-28 11:41:39 - [TEST_STEP][PASSED] - navigateToUrl: Navigate to 'https://assist2-uat.perkeso.gov.my/login' successfully

2018-11-28 11:41:40 - [MESSAGE][PASSED] - Navigate to 'https://assist2-uat.perkeso.gov.my/login' successfully

2018-11-28 11:41:40 - [TEST_STEP][PASSED] - setText: Text 'johorotc1@gmail.com' is set on object 'Object Repository/Final Object Repo/Login Page/Internal User/Email Address'

2018-11-28 11:41:41 - [MESSAGE][PASSED] - Text 'johorotc1@gmail.com' is set on object 'Object Repository/Final Object Repo/Login Page/Internal User/Email Address'

2018-11-28 11:41:41 - [TEST_STEP][PASSED] - click: Object: 'Object Repository/Final Object Repo/Login Page/Internal User/Next Button' is clicked on

2018-11-28 11:41:41 - [MESSAGE][PASSED] - Object: 'Object Repository/Final Object Repo/Login Page/Internal User/Next Button' is clicked on

2018-11-28 11:41:41 - [TEST_STEP][PASSED] - delay: Delayed 1 second(s)

2018-11-28 11:41:42 - [MESSAGE][PASSED] - Delayed 1 second(s)

2018-11-28 11:41:42 - [TEST_STEP][PASSED] - setEncryptedText: Text ****** has been set on object 'Object Repository/Final Object Repo/Login Page/Internal User/Password'

2018-11-28 11:41:42 - [MESSAGE][PASSED] - Text ****** has been set on object 'Object Repository/Final Object Repo/Login Page/Internal User/Password'

2018-11-28 11:41:42 - [TEST_STEP][PASSED] - click: Object: 'Object Repository/Final Object Repo/Login Page/Internal User/Login Button' is clicked on

2018-11-28 11:41:42 - [MESSAGE][PASSED] - Object: 'Object Repository/Final Object Repo/Login Page/Internal User/Login Button' is clicked on

2018-11-28 11:41:42 - [TEST_STEP][PASSED] - delay: Delayed 1 second(s)

2018-11-28 11:41:43 - [MESSAGE][PASSED] - Delayed 1 second(s)

2018-11-28 11:41:43 - [TEST_STEP][PASSED] - Statement - Try: Delayed 2 second(s)

2018-11-28 11:41:43 - [TEST_STEP][PASSED] - Statement - Checker = false: null

2018-11-28 11:41:43 - [TEST_STEP][PASSED] - Statement - Checker = com.kms.katalon.core.webui.keyword.WebUiBuiltInKeywords.verifyElementHasAttribute(com.kms.katalon.core.testobject.ObjectRepository.findTestObject(Final Object Repo/Landing Page/BM Detecting), "href", 20, OPTIONAL): Object 'Object Repository/Final Object Repo/Landing Page/BM Detecting' has attribute 'href'

2018-11-28 11:41:44 - [MESSAGE][PASSED] - Object 'Object Repository/Final Object Repo/Landing Page/BM Detecting' has attribute 'href'

2018-11-28 11:41:44 - [TEST_STEP][PASSED] - Statement - out.println(Checker): null

2018-11-28 11:41:44 - [TEST_STEP][PASSED] - Statement - If (Checker == false): null

2018-11-28 11:41:44 - [TEST_STEP][PASSED] - Statement - Else: null

2018-11-28 11:41:44 - [TEST_STEP][PASSED] - delay: Delayed 2 second(s)

2018-11-28 11:41:46 - [MESSAGE][PASSED] - Delayed 2 second(s)

2018-11-28 11:41:46 - [TEST_STEP][PASSED] - navigateToUrl: Navigate to 'https://assist2-uat.perkeso.gov.my/web/registration/update/form-1a-cessation-as-employer-discontinue-business-' successfully

2018-11-28 11:41:47 - [MESSAGE][PASSED] - Navigate to 'https://assist2-uat.perkeso.gov.my/web/registration/update/form-1a-cessation-as-employer-discontinue-business-' successfully

2018-11-28 11:41:47 - [TEST_STEP][PASSED] - setText: Text 'E1102069770Z' is set on object 'Object Repository/Final Object Repo/Page_Update Employer Information/Employer Code'

2018-11-28 11:41:47 - [MESSAGE][PASSED] - Text 'E1102069770Z' is set on object 'Object Repository/Final Object Repo/Page_Update Employer Information/Employer Code'

2018-11-28 11:41:47 - [TEST_STEP][PASSED] - click: Object: 'Object Repository/Final Object Repo/Page_Update Employer Information/Search Button' is clicked on

2018-11-28 11:41:48 - [MESSAGE][PASSED] - Object: 'Object Repository/Final Object Repo/Page_Update Employer Information/Search Button' is clicked on

2018-11-28 11:41:48 - [TEST_STEP][PASSED] - click: Object: 'Object Repository/Final Object Repo/Page_Update Employer Information/Edit Button' is clicked on

2018-11-28 11:41:50 - [MESSAGE][PASSED] - Object: 'Object Repository/Final Object Repo/Page_Update Employer Information/Edit Button' is clicked on

2018-11-28 11:41:50 - [TEST_STEP][PASSED] - Statement - abc = com.kms.katalon.core.webui.keyword.WebUiBuiltInKeywords.getAttribute(com.kms.katalon.core.testobject.ObjectRepository.findTestObject(Final Object Repo/Page_Form 1A - Cessation As Employer/Employer Status), "value"): Attribute 'value' of object 'Object Repository/Final Object Repo/Page_Form 1A - Cessation As Employer/Employer Status' is: 'Dormant'

2018-11-28 11:41:50 - [MESSAGE][PASSED] - Attribute 'value' of object 'Object Repository/Final Object Repo/Page_Form 1A - Cessation As Employer/Employer Status' is: 'Dormant'

2018-11-28 11:41:50 - [TEST_STEP][PASSED] - Statement - out.println(abc): null

2018-11-28 11:41:50 - [TEST_STEP][PASSED] - Statement - If (abc == "Active"): null

2018-11-28 11:41:50 - [TEST_STEP][PASSED] - Statement - Else If (abc == "Cancel"): null

2018-11-28 11:41:50 - [TEST_STEP][PASSED] - Statement - Else If (abc == "Dormant"): Object: 'Object Repository/Final Object Repo/Page_Form 1A - Cessation As Employer/Change Employer Status to - Dormant' is clicked on

2018-11-28 11:41:50 - [TEST_STEP][PASSED] - click: Object: 'Object Repository/Final Object Repo/Page_Form 1A - Cessation As Employer/Change Employer Status to' is clicked on

2018-11-28 11:41:50 - [MESSAGE][PASSED] - Object: 'Object Repository/Final Object Repo/Page_Form 1A - Cessation As Employer/Change Employer Status to' is clicked on

2018-11-28 11:41:50 - [TEST_STEP][PASSED] - click: Object: 'Object Repository/Final Object Repo/Page_Form 1A - Cessation As Employer/Change Employer Status to - Dormant' is clicked on

2018-11-28 11:41:51 - [MESSAGE][PASSED] - Object: 'Object Repository/Final Object Repo/Page_Form 1A - Cessation As Employer/Change Employer Status to - Dormant' is clicked on

2018-11-28 11:41:51 - [TEST_STEP][PASSED] - click: Object: 'Object Repository/Final Object Repo/Page_Form 1A - Cessation As Employer/Calender' is clicked on

2018-11-28 11:41:51 - [MESSAGE][PASSED] - Object: 'Object Repository/Final Object Repo/Page_Form 1A - Cessation As Employer/Calender' is clicked on

2018-11-28 11:41:51 - [TEST_STEP][PASSED] - click: Object: 'Object Repository/Final Object Repo/Page_Form 1A - Cessation As Employer/Calender - Date' is clicked on

2018-11-28 11:41:51 - [MESSAGE][PASSED] - Object: 'Object Repository/Final Object Repo/Page_Form 1A - Cessation As Employer/Calender - Date' is clicked on

2018-11-28 11:41:51 - [TEST_STEP][PASSED] - delay: Delayed 2 second(s)

2018-11-28 11:41:53 - [MESSAGE][PASSED] - Delayed 2 second(s)

2018-11-28 11:41:53 - [TEST_STEP][PASSED] - click: Object: 'Object Repository/Final Object Repo/Page_Form 1A - Cessation As Employer/Save  Continue in Form 1A Page' is clicked on

2018-11-28 11:41:53 - [MESSAGE][PASSED] - Object: 'Object Repository/Final Object Repo/Page_Form 1A - Cessation As Employer/Save  Continue in Form 1A Page' is clicked on

2018-11-28 11:41:53 - [TEST_STEP][PASSED] - delay: Delayed 2 second(s)

2018-11-28 11:41:55 - [MESSAGE][PASSED] - Delayed 2 second(s)

2018-11-28 11:41:55 - [TEST_STEP][PASSED] - click: Object: 'Object Repository/Final Object Repo/Page_Form 1A - Cessation As Employer/Employment Resign Date' is clicked on

2018-11-28 11:41:56 - [MESSAGE][PASSED] - Object: 'Object Repository/Final Object Repo/Page_Form 1A - Cessation As Employer/Employment Resign Date' is clicked on

2018-11-28 11:41:56 - [TEST_STEP][PASSED] - delay: Delayed 1 second(s)

2018-11-28 11:41:57 - [MESSAGE][PASSED] - Delayed 1 second(s)

2018-11-28 11:41:57 - [TEST_STEP][PASSED] - Statement - CaseReferenceNo = com.kms.katalon.core.webui.keyword.WebUiBuiltInKeywords.getText(com.kms.katalon.core.testobject.ObjectRepository.findTestObject(Final Object Repo/Page_Update Employer Information/Reference Number in Update Employee Information Page)): Text of object 'Object Repository/Final Object Repo/Page_Update Employer Information/Reference Number in Update Employee Information Page' is: 'CUN112018C200001661'

2018-11-28 11:41:57 - [MESSAGE][PASSED] - Text of object 'Object Repository/Final Object Repo/Page_Update Employer Information/Reference Number in Update Employee Information Page' is: 'CUN112018C200001661'

2018-11-28 11:41:57 - [TEST_STEP][PASSED] - callTestCase: Call Test Case 'Test Cases/Final Aug 2018 - PKS Automation/Common/Reference Number Setter' successfully

2018-11-28 11:41:57 - [TEST_CASE][PASSED] - Test Cases/Final Aug 2018 - PKS Automation/Common/Reference Number Setter: Test Cases/Final Aug 2018 - PKS Automation/Common/Reference Number Setter

2018-11-28 11:41:57 - [TEST_STEP][PASSED] - Statement - RefNoOldFile = new java.io.File(C://Users//Admin//Desktop//PKS//Automation Reference Point//KatalonReference.txt): null

2018-11-28 11:41:57 - [TEST_STEP][PASSED] - Statement - RefNoOldFile.delete(): null

2018-11-28 11:41:57 - [TEST_STEP][PASSED] - delay: Delayed 5 second(s)

2018-11-28 11:42:02 - [MESSAGE][PASSED] - Delayed 5 second(s)

2018-11-28 11:42:02 - [TEST_STEP][PASSED] - Statement - RefNo = new java.io.File(C://Users//Admin//Desktop//PKS//Automation Reference Point//KatalonReference.txt): null

2018-11-28 11:42:02 - [TEST_STEP][PASSED] - Statement - f2 = new java.io.FileWriter(RefNo, false): null

2018-11-28 11:42:02 - [TEST_STEP][PASSED] - Statement - f2.write(CaseReferenceNo): null

2018-11-28 11:42:02 - [TEST_STEP][PASSED] - Statement - f2.close(): null

2018-11-28 11:42:02 - [TEST_STEP][PASSED] - Statement - out.println("


" + CaseReferenceNo + "


"): null

2018-11-28 11:42:02 - [MESSAGE][PASSED] - Call Test Case 'Test Cases/Final Aug 2018 - PKS Automation/Common/Reference Number Setter' successfully

2018-11-28 11:42:02 - [TEST_STEP][PASSED] - selectOptionByValue: All options with value '2030' are selected in object 'Object Repository/Final Object Repo/Page_Form 1A - Cessation As Employer/Employment Resign Date - Year' 

2018-11-28 11:42:02 - [MESSAGE][PASSED] - All options with value '2030' are selected in object 'Object Repository/Final Object Repo/Page_Form 1A - Cessation As Employer/Employment Resign Date - Year' 

2018-11-28 11:42:02 - [TEST_STEP][PASSED] - delay: Delayed 1 second(s)

2018-11-28 11:42:03 - [MESSAGE][PASSED] - Delayed 1 second(s)

2018-11-28 11:42:03 - [TEST_STEP][PASSED] - click: Object: 'Object Repository/Final Object Repo/Page_Form 1A - Cessation As Employer/Employment Resign Date - Year - Date' is clicked on

2018-11-28 11:42:03 - [MESSAGE][PASSED] - Object: 'Object Repository/Final Object Repo/Page_Form 1A - Cessation As Employer/Employment Resign Date - Year - Date' is clicked on

2018-11-28 11:42:03 - [TEST_STEP][PASSED] - delay: Delayed 2 second(s)

2018-11-28 11:42:05 - [MESSAGE][PASSED] - Delayed 2 second(s)

2018-11-28 11:42:05 - [TEST_STEP][PASSED] - click: Object: 'Object Repository/Final Object Repo/Page_Form 1A - Cessation As Employer/Save  Continue in Update Add Employee Resigned Date Page' is clicked on

2018-11-28 11:42:05 - [MESSAGE][PASSED] - Object: 'Object Repository/Final Object Repo/Page_Form 1A - Cessation As Employer/Save  Continue in Update Add Employee Resigned Date Page' is clicked on

2018-11-28 11:42:05 - [TEST_STEP][PASSED] - delay: Delayed 2 second(s)

2018-11-28 11:42:07 - [MESSAGE][PASSED] - Delayed 2 second(s)

2018-11-28 11:42:07 - [TEST_STEP][PASSED] - click: Object: 'Object Repository/Final Object Repo/Page_Form 1A - Cessation As Employer/Set Latest - Yes' is clicked on

2018-11-28 11:42:08 - [MESSAGE][PASSED] - Object: 'Object Repository/Final Object Repo/Page_Form 1A - Cessation As Employer/Set Latest - Yes' is clicked on

2018-11-28 11:42:08 - [TEST_STEP][PASSED] - delay: Delayed 2 second(s)

2018-11-28 11:42:10 - [MESSAGE][PASSED] - Delayed 2 second(s)

2018-11-28 11:42:10 - [TEST_STEP][PASSED] - click: Object: 'Object Repository/Final Object Repo/Page_Form 1A - Cessation As Employer/Add Document' is clicked on

2018-11-28 11:42:11 - [MESSAGE][PASSED] - Object: 'Object Repository/Final Object Repo/Page_Form 1A - Cessation As Employer/Add Document' is clicked on

2018-11-28 11:42:11 - [TEST_STEP][PASSED] - delay: Delayed 2 second(s)

2018-11-28 11:42:13 - [MESSAGE][PASSED] - Delayed 2 second(s)

2018-11-28 11:42:13 - [TEST_STEP][PASSED] - click: Object: 'Object Repository/Final Object Repo/Page_Form 1A - Cessation As Employer/Document Type' is clicked on

2018-11-28 11:42:14 - [MESSAGE][PASSED] - Object: 'Object Repository/Final Object Repo/Page_Form 1A - Cessation As Employer/Document Type' is clicked on

2018-11-28 11:42:14 - [TEST_STEP][PASSED] - delay: Delayed 2 second(s)

2018-11-28 11:42:16 - [MESSAGE][PASSED] - Delayed 2 second(s)

2018-11-28 11:42:16 - [TEST_STEP][PASSED] - click: Object: 'Object Repository/Final Object Repo/Page_Form 1A - Cessation As Employer/Document Type - Supporting Document For Cessation' is clicked on

2018-11-28 11:42:17 - [MESSAGE][PASSED] - Object: 'Object Repository/Final Object Repo/Page_Form 1A - Cessation As Employer/Document Type - Supporting Document For Cessation' is clicked on

2018-11-28 11:42:17 - [TEST_STEP][PASSED] - delay: Delayed 2 second(s)

2018-11-28 11:42:19 - [MESSAGE][PASSED] - Delayed 2 second(s)

2018-11-28 11:42:19 - [TEST_STEP][PASSED] - sendKeys: Keys 'C:\Users\Public\Pictures\Sample Pictures\Koala.jpg' sent to object: 'Object Repository/Final Object Repo/Page_Form 1A - Cessation As Employer/Uploading File'

2018-11-28 11:42:19 - [MESSAGE][PASSED] - Keys 'C:\Users\Public\Pictures\Sample Pictures\Koala.jpg' sent to object: 'Object Repository/Final Object Repo/Page_Form 1A - Cessation As Employer/Uploading File'

2018-11-28 11:42:19 - [TEST_STEP][PASSED] - delay: Delayed 2 second(s)

2018-11-28 11:42:21 - [MESSAGE][PASSED] - Delayed 2 second(s)

2018-11-28 11:42:21 - [TEST_STEP][PASSED] - click: Object: 'Object Repository/Final Object Repo/Page_Form 1A - Cessation As Employer/Add Document in Uploading Page' is clicked on

2018-11-28 11:42:21 - [MESSAGE][PASSED] - Object: 'Object Repository/Final Object Repo/Page_Form 1A - Cessation As Employer/Add Document in Uploading Page' is clicked on

2018-11-28 11:42:21 - [TEST_STEP][PASSED] - delay: Delayed 20 second(s)

2018-11-28 11:42:41 - [MESSAGE][PASSED] - Delayed 20 second(s)

2018-11-28 11:42:41 - [TEST_STEP][PASSED] - click: Object: 'Object Repository/Final Object Repo/Page_Form 1A - Cessation As Employer/Save  Continue in Uploading Page' is clicked on

2018-11-28 11:42:41 - [MESSAGE][PASSED] - Object: 'Object Repository/Final Object Repo/Page_Form 1A - Cessation As Employer/Save  Continue in Uploading Page' is clicked on

2018-11-28 11:42:41 - [TEST_STEP][PASSED] - delay: Delayed 2 second(s)

2018-11-28 11:42:43 - [MESSAGE][PASSED] - Delayed 2 second(s)

2018-11-28 11:42:43 - [TEST_STEP][PASSED] - click: Object: 'Object Repository/Final Object Repo/Page_Form 1A - Cessation As Employer/Submit2' is clicked on

2018-11-28 11:42:46 - [MESSAGE][PASSED] - Object: 'Object Repository/Final Object Repo/Page_Form 1A - Cessation As Employer/Submit2' is clicked on

2018-11-28 11:42:46 - [TEST_STEP][PASSED] - delay: Delayed 2 second(s)

2018-11-28 11:42:48 - [MESSAGE][PASSED] - Delayed 2 second(s)

2018-11-28 11:42:48 - [TEST_STEP][PASSED] - click: Object: 'Object Repository/Final Object Repo/Page_Form 1A - Cessation As Employer/Confirm' is clicked on

2018-11-28 11:42:48 - [MESSAGE][PASSED] - Object: 'Object Repository/Final Object Repo/Page_Form 1A - Cessation As Employer/Confirm' is clicked on

2018-11-28 11:42:48 - [TEST_STEP][PASSED] - delay: Delayed 2 second(s)

2018-11-28 11:42:50 - [MESSAGE][PASSED] - Delayed 2 second(s)

2018-11-28 11:42:50 - [TEST_STEP][PASSED] - verifyElementVisible: Object 'Object Repository/Final Object Repo/Page_Form 1A - Cessation As Employer/Message Your Request will be routed to UO' is visible

2018-11-28 11:42:54 - [MESSAGE][PASSED] - Object 'Object Repository/Final Object Repo/Page_Form 1A - Cessation As Employer/Message Your Request will be routed to UO' is visible

2018-11-28 11:42:54 - [TEST_STEP][PASSED] - delay: Delayed 1 second(s)

2018-11-28 11:42:55 - [MESSAGE][PASSED] - Delayed 1 second(s)

2018-11-28 11:42:55 - [TEST_STEP][PASSED] - verifyElementVisible: Object 'Object Repository/Final Object Repo/Page_Form 1A - Cessation As Employer/Letter of acknowledgement' is visible

2018-11-28 11:42:55 - [MESSAGE][PASSED] - Object 'Object Repository/Final Object Repo/Page_Form 1A - Cessation As Employer/Letter of acknowledgement' is visible

2018-11-28 11:42:55 - [MESSAGE][PASSED] - Call Test Case 'Test Cases/Final Aug 2018 - PKS Automation/Registration Module/Workflow/Form 1A - Cessation As Employer/Template/Form 1 A - Cessation As Employer (OTC)' successfully

2018-11-28 11:42:55 - [TEST_STEP][PASSED] - callTestCase: Call Test Case 'Test Cases/Final Aug 2018 - PKS Automation/Registration Module/Workflow/Form 1A - Cessation As Employer/Template/Form 1 A - Cessation As Employer (Under enforcement)' successfully

2018-11-28 11:42:55 - [TEST_CASE][PASSED] - Test Cases/Final Aug 2018 - PKS Automation/Registration Module/Workflow/Form 1A - Cessation As Employer/Template/Form 1 A - Cessation As Employer (Under enforcement): Test Cases/Final Aug 2018 - PKS Automation/Registration Module/Workflow/Form 1A - Cessation As Employer/Template/Form 1 A - Cessation As Employer (Under enforcement)

2018-11-28 11:42:55 - [TEST_STEP][NOT_RUN] - callTestCase: NOT_RUN: callTestCase

2018-11-28 11:42:55 - [MESSAGE][NOT_RUN] - NOT_RUN: callTestCase

2018-11-28 11:42:55 - [TEST_STEP][PASSED] - delay: Delayed 1 second(s)

2018-11-28 11:42:56 - [MESSAGE][PASSED] - Delayed 1 second(s)

2018-11-28 11:42:56 - [TEST_STEP][PASSED] - navigateToUrl: Navigate to 'https://assist2-uat.perkeso.gov.my/c/portal/logout' successfully

2018-11-28 11:42:57 - [MESSAGE][PASSED] - Navigate to 'https://assist2-uat.perkeso.gov.my/c/portal/logout' successfully

2018-11-28 11:42:57 - [TEST_STEP][PASSED] - delay: Delayed 1 second(s)

2018-11-28 11:42:58 - [MESSAGE][PASSED] - Delayed 1 second(s)

2018-11-28 11:42:58 - [TEST_STEP][PASSED] - callTestCase: Call Test Case 'Test Cases/Final Aug 2018 - PKS Automation/Common/Reference Number Getter' successfully

2018-11-28 11:42:58 - [TEST_CASE][PASSED] - Test Cases/Final Aug 2018 - PKS Automation/Common/Reference Number Getter: Test Cases/Final Aug 2018 - PKS Automation/Common/Reference Number Getter

2018-11-28 11:42:58 - [TEST_STEP][PASSED] - Statement - Try: null

2018-11-28 11:42:58 - [TEST_STEP][PASSED] - Statement - RefNo = new java.io.File(C://Users//Admin//Desktop//PKS//Automation Reference Point//KatalonReference.txt): null

2018-11-28 11:42:58 - [TEST_STEP][PASSED] - Statement - bufferread = new java.io.BufferedReader(new java.io.FileReader(RefNo)): null

2018-11-28 11:42:58 - [TEST_STEP][PASSED] - Statement - readedVal = bufferread.readLine(): null

2018-11-28 11:42:58 - [TEST_STEP][PASSED] - Statement - out.println(CaseReferenceNo): null

2018-11-28 11:42:58 - [TEST_STEP][PASSED] - Statement - out.println(readedVal): null

2018-11-28 11:42:58 - [TEST_STEP][PASSED] - Statement - CaseReferenceNo = "": null

2018-11-28 11:42:58 - [TEST_STEP][PASSED] - Statement - CaseReferenceNo = readedVal: null

2018-11-28 11:42:58 - [MESSAGE][PASSED] - Call Test Case 'Test Cases/Final Aug 2018 - PKS Automation/Common/Reference Number Getter' successfully

2018-11-28 11:42:58 - [TEST_STEP][PASSED] - callTestCase: Call Test Case 'Test Cases/Final Aug 2018 - PKS Automation/Common/Workflow Owner Finder' successfully

2018-11-28 11:42:58 - [TEST_CASE][PASSED] - Test Cases/Final Aug 2018 - PKS Automation/Common/Workflow Owner Finder: Test Cases/Final Aug 2018 - PKS Automation/Common/Workflow Owner Finder

2018-11-28 11:42:58 - [TEST_STEP][PASSED] - openBrowser: Browser is opened with url: ''

2018-11-28 11:42:58 - [MESSAGE][WARNING] - A browser is already opened. Closing browser and opening a new one

2018-11-28 11:43:01 - [MESSAGE][PASSED] - Browser is opened with url: ''

2018-11-28 11:43:01 - [TEST_STEP][PASSED] - navigateToUrl: Navigate to 'https://assist2-uat.perkeso.gov.my/login' successfully

2018-11-28 11:43:02 - [MESSAGE][PASSED] - Navigate to 'https://assist2-uat.perkeso.gov.my/login' successfully

2018-11-28 11:43:02 - [TEST_STEP][PASSED] - delay: Delayed 5 second(s)

2018-11-28 11:43:07 - [MESSAGE][PASSED] - Delayed 5 second(s)

2018-11-28 11:43:07 - [TEST_STEP][PASSED] - setText: Text 'test@liferay.com' is set on object 'Object Repository/Final Object Repo/Login Page/Internal User/Email Address'

2018-11-28 11:43:08 - [MESSAGE][PASSED] - Text 'test@liferay.com' is set on object 'Object Repository/Final Object Repo/Login Page/Internal User/Email Address'

2018-11-28 11:43:08 - [TEST_STEP][PASSED] - click: Object: 'Object Repository/Final Object Repo/Login Page/Internal User/Next Button' is clicked on

2018-11-28 11:43:08 - [MESSAGE][PASSED] - Object: 'Object Repository/Final Object Repo/Login Page/Internal User/Next Button' is clicked on

2018-11-28 11:43:08 - [TEST_STEP][PASSED] - delay: Delayed 2 second(s)

2018-11-28 11:43:10 - [MESSAGE][PASSED] - Delayed 2 second(s)

2018-11-28 11:43:10 - [TEST_STEP][PASSED] - setText: Text 'test' is set on object 'Object Repository/Final Object Repo/Login Page/Internal User/Password'

2018-11-28 11:43:10 - [MESSAGE][PASSED] - Text 'test' is set on object 'Object Repository/Final Object Repo/Login Page/Internal User/Password'

2018-11-28 11:43:10 - [TEST_STEP][PASSED] - delay: Delayed 2 second(s)

2018-11-28 11:43:12 - [MESSAGE][PASSED] - Delayed 2 second(s)

2018-11-28 11:43:12 - [TEST_STEP][PASSED] - click: Object: 'Object Repository/Final Object Repo/Login Page/Internal User/Login Button' is clicked on

2018-11-28 11:43:12 - [MESSAGE][PASSED] - Object: 'Object Repository/Final Object Repo/Login Page/Internal User/Login Button' is clicked on

2018-11-28 11:43:12 - [TEST_STEP][PASSED] - Statement - Try: null

2018-11-28 11:43:12 - [TEST_STEP][PASSED] - Statement - Checker = com.kms.katalon.core.webui.keyword.WebUiBuiltInKeywords.verifyElementNotPresent("Final Object Repo/Landing Page/Select to English", 3): null

2018-11-28 11:43:12 - [TEST_STEP][PASSED] - Statement - Catch (Exception e): null

2018-11-28 11:43:12 - [TEST_STEP][PASSED] - Statement - e.printStackTrace(): null

2018-11-28 11:43:12 - [TEST_STEP][PASSED] - delay: Delayed 5 second(s)

2018-11-28 11:43:17 - [MESSAGE][PASSED] - Delayed 5 second(s)

2018-11-28 11:43:17 - [TEST_STEP][PASSED] - mouseOver: Object: 'Object Repository/Final Object Repo/Landing Page/WorkFlow Menu' is hovered

2018-11-28 11:43:18 - [MESSAGE][PASSED] - Object: 'Object Repository/Final Object Repo/Landing Page/WorkFlow Menu' is hovered

2018-11-28 11:43:18 - [TEST_STEP][PASSED] - delay: Delayed 2 second(s)

2018-11-28 11:43:20 - [MESSAGE][PASSED] - Delayed 2 second(s)

2018-11-28 11:43:20 - [TEST_STEP][PASSED] - click: Object: 'Object Repository/Final Object Repo/Landing Page/Select to Workflow Listing' is clicked on

2018-11-28 11:43:21 - [MESSAGE][PASSED] - Object: 'Object Repository/Final Object Repo/Landing Page/Select to Workflow Listing' is clicked on

2018-11-28 11:43:21 - [TEST_STEP][PASSED] - delay: Delayed 2 second(s)

2018-11-28 11:43:23 - [MESSAGE][PASSED] - Delayed 2 second(s)

2018-11-28 11:43:23 - [TEST_STEP][PASSED] - click: Object: 'Object Repository/Final Object Repo/WorkFlow Listing Page/Search Information - To Put Ref No' is clicked on

2018-11-28 11:43:23 - [MESSAGE][PASSED] - Object: 'Object Repository/Final Object Repo/WorkFlow Listing Page/Search Information - To Put Ref No' is clicked on

2018-11-28 11:43:23 - [TEST_STEP][PASSED] - delay: Delayed 2 second(s)

2018-11-28 11:43:25 - [MESSAGE][PASSED] - Delayed 2 second(s)

2018-11-28 11:43:25 - [TEST_STEP][PASSED] - callTestCase: Call Test Case 'Test Cases/Final Aug 2018 - PKS Automation/Common/Reference Number Getter' successfully

2018-11-28 11:43:25 - [TEST_CASE][PASSED] - Test Cases/Final Aug 2018 - PKS Automation/Common/Reference Number Getter: Test Cases/Final Aug 2018 - PKS Automation/Common/Reference Number Getter

2018-11-28 11:43:25 - [TEST_STEP][PASSED] - Statement - Try: null

2018-11-28 11:43:25 - [TEST_STEP][PASSED] - Statement - RefNo = new java.io.File(C://Users//Admin//Desktop//PKS//Automation Reference Point//KatalonReference.txt): null

2018-11-28 11:43:25 - [TEST_STEP][PASSED] - Statement - bufferread = new java.io.BufferedReader(new java.io.FileReader(RefNo)): null

2018-11-28 11:43:25 - [TEST_STEP][PASSED] - Statement - readedVal = bufferread.readLine(): null

2018-11-28 11:43:25 - [TEST_STEP][PASSED] - Statement - out.println(CaseReferenceNo): null

2018-11-28 11:43:25 - [TEST_STEP][PASSED] - Statement - out.println(readedVal): null

2018-11-28 11:43:25 - [TEST_STEP][PASSED] - Statement - CaseReferenceNo = "": null

2018-11-28 11:43:25 - [TEST_STEP][PASSED] - Statement - CaseReferenceNo = readedVal: null

2018-11-28 11:43:25 - [MESSAGE][PASSED] - Call Test Case 'Test Cases/Final Aug 2018 - PKS Automation/Common/Reference Number Getter' successfully

2018-11-28 11:43:25 - [TEST_STEP][PASSED] - setText: Text 'CUN112018C200001661' is set on object 'Object Repository/Final Object Repo/WorkFlow Listing Page/Ref No Set Text'

2018-11-28 11:43:25 - [MESSAGE][PASSED] - Text 'CUN112018C200001661' is set on object 'Object Repository/Final Object Repo/WorkFlow Listing Page/Ref No Set Text'

2018-11-28 11:43:25 - [TEST_STEP][PASSED] - delay: Delayed 2 second(s)

2018-11-28 11:43:27 - [MESSAGE][PASSED] - Delayed 2 second(s)

2018-11-28 11:43:27 - [TEST_STEP][PASSED] - click: Object: 'Object Repository/Final Object Repo/WorkFlow Listing Page/Search Ref No Search Button' is clicked on

2018-11-28 11:43:28 - [MESSAGE][PASSED] - Object: 'Object Repository/Final Object Repo/WorkFlow Listing Page/Search Ref No Search Button' is clicked on

2018-11-28 11:43:28 - [TEST_STEP][PASSED] - delay: Delayed 4 second(s)

2018-11-28 11:43:32 - [MESSAGE][PASSED] - Delayed 4 second(s)

2018-11-28 11:43:32 - [TEST_STEP][PASSED] - click: Object: 'Object Repository/Final Object Repo/WorkFlow Listing Page/Click Continue Tooltip' is clicked on

2018-11-28 11:43:33 - [MESSAGE][PASSED] - Object: 'Object Repository/Final Object Repo/WorkFlow Listing Page/Click Continue Tooltip' is clicked on

2018-11-28 11:43:33 - [TEST_STEP][PASSED] - delay: Delayed 5 second(s)

2018-11-28 11:43:38 - [MESSAGE][PASSED] - Delayed 5 second(s)

2018-11-28 11:43:38 - [TEST_STEP][PASSED] - doubleClick: Object: 'Object Repository/Final Object Repo/WorkFlow Listing Page/Workflow Found - Listing 1' is double clicked on

2018-11-28 11:43:38 - [MESSAGE][PASSED] - Object: 'Object Repository/Final Object Repo/WorkFlow Listing Page/Workflow Found - Listing 1' is double clicked on

2018-11-28 11:43:38 - [TEST_STEP][PASSED] - Statement - println(OwnerID): null

2018-11-28 11:43:38 - [TEST_STEP][PASSED] - Statement - OwnerID = com.kms.katalon.core.webui.keyword.WebUiBuiltInKeywords.getText(com.kms.katalon.core.testobject.ObjectRepository.findTestObject(Final Object Repo/WorkFlow Listing Page/Workflow Found - Listing 1), STOP_ON_FAILURE): Text of object 'Object Repository/Final Object Repo/WorkFlow Listing Page/Workflow Found - Listing 1' is: 'JOHORuo3'

2018-11-28 11:43:38 - [MESSAGE][PASSED] - Text of object 'Object Repository/Final Object Repo/WorkFlow Listing Page/Workflow Found - Listing 1' is: 'JOHORuo3'

2018-11-28 11:43:38 - [TEST_STEP][PASSED] - Statement - OwnerID = OwnerID.toLowerCase() + "@gmail.com": null

2018-11-28 11:43:38 - [TEST_STEP][PASSED] - Statement - println(OwnerID): null

2018-11-28 11:43:38 - [TEST_STEP][PASSED] - delay: Delayed 2 second(s)

2018-11-28 11:43:40 - [MESSAGE][PASSED] - Delayed 2 second(s)

2018-11-28 11:43:40 - [MESSAGE][PASSED] - Call Test Case 'Test Cases/Final Aug 2018 - PKS Automation/Common/Workflow Owner Finder' successfully

2018-11-28 11:43:40 - [TEST_STEP][PASSED] - delay: Delayed 1 second(s)

2018-11-28 11:43:41 - [MESSAGE][PASSED] - Delayed 1 second(s)

2018-11-28 11:43:41 - [TEST_STEP][PASSED] - navigateToUrl: Navigate to 'https://assist2-uat.perkeso.gov.my/c/portal/logout' successfully

2018-11-28 11:43:42 - [MESSAGE][PASSED] - Navigate to 'https://assist2-uat.perkeso.gov.my/c/portal/logout' successfully

2018-11-28 11:43:42 - [TEST_STEP][PASSED] - delay: Delayed 1 second(s)

2018-11-28 11:43:43 - [MESSAGE][PASSED] - Delayed 1 second(s)

2018-11-28 11:43:43 - [TEST_STEP][PASSED] - callTestCase: Call Test Case 'Test Cases/Final Aug 2018 - PKS Automation/Registration Module/Workflow/Login and Search Case For Workflow' successfully

2018-11-28 11:43:43 - [TEST_CASE][PASSED] - Test Cases/Final Aug 2018 - PKS Automation/Registration Module/Workflow/Login and Search Case For Workflow: Test Cases/Final Aug 2018 - PKS Automation/Registration Module/Workflow/Login and Search Case For Workflow

2018-11-28 11:43:43 - [TEST_STEP][PASSED] - navigateToUrl: Navigate to 'https://assist2-uat.perkeso.gov.my/login' successfully

2018-11-28 11:43:44 - [MESSAGE][PASSED] - Navigate to 'https://assist2-uat.perkeso.gov.my/login' successfully

2018-11-28 11:43:44 - [TEST_STEP][PASSED] - setText: Text 'johoruo3@gmail.com' is set on object 'Object Repository/Final Object Repo/Login Page/Internal User/Email Address'

2018-11-28 11:43:44 - [MESSAGE][PASSED] - Text 'johoruo3@gmail.com' is set on object 'Object Repository/Final Object Repo/Login Page/Internal User/Email Address'

2018-11-28 11:43:44 - [TEST_STEP][PASSED] - click: Object: 'Object Repository/Final Object Repo/Login Page/Internal User/Next Button' is clicked on

2018-11-28 11:43:44 - [MESSAGE][PASSED] - Object: 'Object Repository/Final Object Repo/Login Page/Internal User/Next Button' is clicked on

2018-11-28 11:43:44 - [TEST_STEP][PASSED] - delay: Delayed 1 second(s)

2018-11-28 11:43:45 - [MESSAGE][PASSED] - Delayed 1 second(s)

2018-11-28 11:43:45 - [TEST_STEP][PASSED] - setEncryptedText: Text ****** has been set on object 'Object Repository/Final Object Repo/Login Page/Internal User/Password'

2018-11-28 11:43:45 - [MESSAGE][PASSED] - Text ****** has been set on object 'Object Repository/Final Object Repo/Login Page/Internal User/Password'

2018-11-28 11:43:45 - [TEST_STEP][PASSED] - click: Object: 'Object Repository/Final Object Repo/Login Page/Internal User/Login Button' is clicked on

2018-11-28 11:43:46 - [MESSAGE][PASSED] - Object: 'Object Repository/Final Object Repo/Login Page/Internal User/Login Button' is clicked on

2018-11-28 11:43:46 - [TEST_STEP][PASSED] - delay: Delayed 2 second(s)

2018-11-28 11:43:48 - [MESSAGE][PASSED] - Delayed 2 second(s)

2018-11-28 11:43:48 - [TEST_STEP][PASSED] - Statement - Try: Delayed 2 second(s)

2018-11-28 11:43:48 - [TEST_STEP][PASSED] - Statement - Checker = false: null

2018-11-28 11:43:48 - [TEST_STEP][PASSED] - Statement - Checker = com.kms.katalon.core.webui.keyword.WebUiBuiltInKeywords.verifyElementHasAttribute(com.kms.katalon.core.testobject.ObjectRepository.findTestObject(Final Object Repo/Landing Page/BM Detecting), "href", 20, OPTIONAL): Object 'Object Repository/Final Object Repo/Landing Page/BM Detecting' has attribute 'href'

2018-11-28 11:43:48 - [MESSAGE][PASSED] - Object 'Object Repository/Final Object Repo/Landing Page/BM Detecting' has attribute 'href'

2018-11-28 11:43:48 - [TEST_STEP][PASSED] - Statement - out.println(Checker): null

2018-11-28 11:43:48 - [TEST_STEP][PASSED] - Statement - If (Checker == false): null

2018-11-28 11:43:48 - [TEST_STEP][PASSED] - Statement - Else: null

2018-11-28 11:43:48 - [TEST_STEP][PASSED] - delay: Delayed 2 second(s)

2018-11-28 11:43:50 - [MESSAGE][PASSED] - Delayed 2 second(s)

2018-11-28 11:43:50 - [TEST_STEP][PASSED] - click: Object: 'Object Repository/Final Object Repo/Page_MyASSIST - ASSIST - Search Pending Case For Add Supporting Document/Search Information' is clicked on

2018-11-28 11:43:50 - [MESSAGE][PASSED] - Object: 'Object Repository/Final Object Repo/Page_MyASSIST - ASSIST - Search Pending Case For Add Supporting Document/Search Information' is clicked on

2018-11-28 11:43:50 - [TEST_STEP][PASSED] - delay: Delayed 3 second(s)

2018-11-28 11:43:53 - [MESSAGE][PASSED] - Delayed 3 second(s)

2018-11-28 11:43:53 - [TEST_STEP][PASSED] - sendKeys: Keys 'CUN112018C200001661' sent to object: 'Object Repository/Final Object Repo/Page_MyASSIST - ASSIST - Search Pending Case For Add Supporting Document/Reference No'

2018-11-28 11:43:53 - [MESSAGE][PASSED] - Keys 'CUN112018C200001661' sent to object: 'Object Repository/Final Object Repo/Page_MyASSIST - ASSIST - Search Pending Case For Add Supporting Document/Reference No'

2018-11-28 11:43:53 - [TEST_STEP][PASSED] - click: Object: 'Object Repository/Final Object Repo/Page_MyASSIST - ASSIST - Search Pending Case For Add Supporting Document/Search Reference No' is clicked on

2018-11-28 11:43:53 - [MESSAGE][PASSED] - Object: 'Object Repository/Final Object Repo/Page_MyASSIST - ASSIST - Search Pending Case For Add Supporting Document/Search Reference No' is clicked on

2018-11-28 11:43:53 - [TEST_STEP][PASSED] - delay: Delayed 2 second(s)

2018-11-28 11:43:55 - [MESSAGE][PASSED] - Delayed 2 second(s)

2018-11-28 11:43:55 - [TEST_STEP][PASSED] - click: Object: 'Object Repository/Final Object Repo/Page_MyASSIST - ASSIST - Search Pending Case For Add Supporting Document/Continue' is clicked on

2018-11-28 11:43:59 - [MESSAGE][PASSED] - Object: 'Object Repository/Final Object Repo/Page_MyASSIST - ASSIST - Search Pending Case For Add Supporting Document/Continue' is clicked on

2018-11-28 11:43:59 - [TEST_STEP][PASSED] - delay: Delayed 20 second(s)

2018-11-28 11:44:19 - [MESSAGE][PASSED] - Delayed 20 second(s)

2018-11-28 11:44:19 - [MESSAGE][PASSED] - Call Test Case 'Test Cases/Final Aug 2018 - PKS Automation/Registration Module/Workflow/Login and Search Case For Workflow' successfully

2018-11-28 11:44:19 - [TEST_STEP][PASSED] - click: Object: 'Object Repository/Final Object Repo/Page_Form 1A - Cessation As Employer/Page_Form 1A - Cessation As Employer (Approve)/Save  Continue in Form 1A Page' is clicked on

2018-11-28 11:44:19 - [MESSAGE][PASSED] - Object: 'Object Repository/Final Object Repo/Page_Form 1A - Cessation As Employer/Page_Form 1A - Cessation As Employer (Approve)/Save  Continue in Form 1A Page' is clicked on

2018-11-28 11:44:19 - [TEST_STEP][PASSED] - delay: Delayed 2 second(s)

2018-11-28 11:44:21 - [MESSAGE][PASSED] - Delayed 2 second(s)

2018-11-28 11:44:21 - [TEST_STEP][PASSED] - click: Object: 'Object Repository/Final Object Repo/Page_Form 1A - Cessation As Employer/Employment Resign Date' is clicked on

2018-11-28 11:44:22 - [MESSAGE][PASSED] - Object: 'Object Repository/Final Object Repo/Page_Form 1A - Cessation As Employer/Employment Resign Date' is clicked on

2018-11-28 11:44:22 - [TEST_STEP][PASSED] - delay: Delayed 1 second(s)

2018-11-28 11:44:23 - [MESSAGE][PASSED] - Delayed 1 second(s)

2018-11-28 11:44:23 - [TEST_STEP][PASSED] - selectOptionByValue: All options with value '2030' are selected in object 'Object Repository/Final Object Repo/Page_Form 1A - Cessation As Employer/Employment Resign Date - Year' 

2018-11-28 11:44:23 - [MESSAGE][PASSED] - All options with value '2030' are selected in object 'Object Repository/Final Object Repo/Page_Form 1A - Cessation As Employer/Employment Resign Date - Year' 

2018-11-28 11:44:23 - [TEST_STEP][PASSED] - delay: Delayed 1 second(s)

2018-11-28 11:44:24 - [MESSAGE][PASSED] - Delayed 1 second(s)

2018-11-28 11:44:24 - [TEST_STEP][PASSED] - click: Object: 'Object Repository/Final Object Repo/Page_Form 1A - Cessation As Employer/Employment Resign Date - Year - Date' is clicked on

2018-11-28 11:44:24 - [MESSAGE][PASSED] - Object: 'Object Repository/Final Object Repo/Page_Form 1A - Cessation As Employer/Employment Resign Date - Year - Date' is clicked on

2018-11-28 11:44:24 - [TEST_STEP][PASSED] - delay: Delayed 2 second(s)

2018-11-28 11:44:26 - [MESSAGE][PASSED] - Delayed 2 second(s)

2018-11-28 11:44:26 - [TEST_STEP][PASSED] - click: Object: 'Object Repository/Final Object Repo/Page_Form 1A - Cessation As Employer/Page_Form 1A - Cessation As Employer (Approve)/Save  Continue in Update Add Employee Resigned Date Page' is clicked on

2018-11-28 11:44:26 - [MESSAGE][PASSED] - Object: 'Object Repository/Final Object Repo/Page_Form 1A - Cessation As Employer/Page_Form 1A - Cessation As Employer (Approve)/Save  Continue in Update Add Employee Resigned Date Page' is clicked on

2018-11-28 11:44:26 - [TEST_STEP][PASSED] - delay: Delayed 2 second(s)

2018-11-28 11:44:28 - [MESSAGE][PASSED] - Delayed 2 second(s)

2018-11-28 11:44:28 - [TEST_STEP][PASSED] - click: Object: 'Object Repository/Final Object Repo/Page_Form 1A - Cessation As Employer/Set Latest - Yes' is clicked on

2018-11-28 11:44:28 - [MESSAGE][PASSED] - Object: 'Object Repository/Final Object Repo/Page_Form 1A - Cessation As Employer/Set Latest - Yes' is clicked on

2018-11-28 11:44:28 - [TEST_STEP][PASSED] - delay: Delayed 2 second(s)

2018-11-28 11:44:30 - [MESSAGE][PASSED] - Delayed 2 second(s)

2018-11-28 11:44:30 - [TEST_STEP][PASSED] - click: Object: 'Object Repository/Final Object Repo/Page_Form 1A - Cessation As Employer/Page_Form 1A - Cessation As Employer (Approve)/Save  Contine in Uploading Document Page' is clicked on

2018-11-28 11:44:32 - [MESSAGE][PASSED] - Object: 'Object Repository/Final Object Repo/Page_Form 1A - Cessation As Employer/Page_Form 1A - Cessation As Employer (Approve)/Save  Contine in Uploading Document Page' is clicked on

2018-11-28 11:44:32 - [TEST_STEP][PASSED] - delay: Delayed 2 second(s)

2018-11-28 11:44:34 - [MESSAGE][PASSED] - Delayed 2 second(s)

2018-11-28 11:44:34 - [TEST_STEP][PASSED] - click: Object: 'Object Repository/Final Object Repo/Page_Form 1A - Cessation As Employer/Page_Form 1A - Cessation As Employer (Under enforcement)/Under enforcement' is clicked on

2018-11-28 11:44:36 - [MESSAGE][PASSED] - Object: 'Object Repository/Final Object Repo/Page_Form 1A - Cessation As Employer/Page_Form 1A - Cessation As Employer (Under enforcement)/Under enforcement' is clicked on

2018-11-28 11:44:36 - [TEST_STEP][PASSED] - delay: Delayed 2 second(s)

2018-11-28 11:44:38 - [MESSAGE][PASSED] - Delayed 2 second(s)

2018-11-28 11:44:38 - [TEST_STEP][PASSED] - setText: Text 'remark' is set on object 'Object Repository/Final Object Repo/Page_Form 1A - Cessation As Employer/Page_Form 1A - Cessation As Employer (Under enforcement)/Under enforcement - remark'

2018-11-28 11:44:39 - [MESSAGE][PASSED] - Text 'remark' is set on object 'Object Repository/Final Object Repo/Page_Form 1A - Cessation As Employer/Page_Form 1A - Cessation As Employer (Under enforcement)/Under enforcement - remark'

2018-11-28 11:44:39 - [TEST_STEP][PASSED] - delay: Delayed 2 second(s)

2018-11-28 11:44:41 - [MESSAGE][PASSED] - Delayed 2 second(s)

2018-11-28 11:44:41 - [TEST_STEP][PASSED] - click: Object: 'Object Repository/Final Object Repo/Page_Form 1A - Cessation As Employer/Page_Form 1A - Cessation As Employer (Under enforcement)/Save  Continue in Under enforcement Page' is clicked on

2018-11-28 11:44:41 - [MESSAGE][PASSED] - Object: 'Object Repository/Final Object Repo/Page_Form 1A - Cessation As Employer/Page_Form 1A - Cessation As Employer (Under enforcement)/Save  Continue in Under enforcement Page' is clicked on

2018-11-28 11:44:41 - [TEST_STEP][PASSED] - delay: Delayed 2 second(s)

2018-11-28 11:44:43 - [MESSAGE][PASSED] - Delayed 2 second(s)

2018-11-28 11:44:43 - [TEST_STEP][PASSED] - click: Object: 'Object Repository/Final Object Repo/Page_Form 1A - Cessation As Employer/Page_Form 1A - Cessation As Employer (Under enforcement)/Message The case is under enforcement' is clicked on

2018-11-28 11:44:44 - [MESSAGE][PASSED] - Object: 'Object Repository/Final Object Repo/Page_Form 1A - Cessation As Employer/Page_Form 1A - Cessation As Employer (Under enforcement)/Message The case is under enforcement' is clicked on

2018-11-28 11:44:44 - [MESSAGE][PASSED] - Call Test Case 'Test Cases/Final Aug 2018 - PKS Automation/Registration Module/Workflow/Form 1A - Cessation As Employer/Template/Form 1 A - Cessation As Employer (Under enforcement)' successfully]]></system-out>
         <system-err><![CDATA[]]></system-err>
      </testcase>
      <testcase name="Test Cases/Final Aug 2018 - PKS Automation/Registration Module/Workflow/Form 1A - Cessation As Employer/OTC to UO (Approve)" classname="Test Cases/Final Aug 2018 - PKS Automation/Registration Module/Workflow/Form 1A - Cessation As Employer/OTC to UO (Approve)" status="PASSED">
         <system-out><![CDATA[2018-11-28 11:44:44 - [TEST_CASE][PASSED] - Test Cases/Final Aug 2018 - PKS Automation/Registration Module/Workflow/Form 1A - Cessation As Employer/OTC to UO (Approve): Test Cases/Final Aug 2018 - PKS Automation/Registration Module/Workflow/Form 1A - Cessation As Employer/OTC to UO (Approve)

2018-11-28 11:44:45 - [TEST_STEP][PASSED] - callTestCase: Call Test Case 'Test Cases/Final Aug 2018 - PKS Automation/Registration Module/Workflow/Form 1A - Cessation As Employer/Template/Form 1 A - Cessation As Employer (OTC)' successfully

2018-11-28 11:44:45 - [TEST_CASE][PASSED] - Test Cases/Final Aug 2018 - PKS Automation/Registration Module/Workflow/Form 1A - Cessation As Employer/Template/Form 1 A - Cessation As Employer (OTC): Test Cases/Final Aug 2018 - PKS Automation/Registration Module/Workflow/Form 1A - Cessation As Employer/Template/Form 1 A - Cessation As Employer (OTC)

2018-11-28 11:44:45 - [TEST_STEP][PASSED] - openBrowser: Browser is opened with url: ''

2018-11-28 11:44:45 - [MESSAGE][WARNING] - A browser is already opened. Closing browser and opening a new one

2018-11-28 11:44:48 - [MESSAGE][PASSED] - Browser is opened with url: ''

2018-11-28 11:44:48 - [TEST_STEP][PASSED] - navigateToUrl: Navigate to 'https://assist2-uat.perkeso.gov.my/login' successfully

2018-11-28 11:44:49 - [MESSAGE][PASSED] - Navigate to 'https://assist2-uat.perkeso.gov.my/login' successfully

2018-11-28 11:44:49 - [TEST_STEP][PASSED] - setText: Text 'johorotc1@gmail.com' is set on object 'Object Repository/Final Object Repo/Login Page/Internal User/Email Address'

2018-11-28 11:44:49 - [MESSAGE][PASSED] - Text 'johorotc1@gmail.com' is set on object 'Object Repository/Final Object Repo/Login Page/Internal User/Email Address'

2018-11-28 11:44:49 - [TEST_STEP][PASSED] - click: Object: 'Object Repository/Final Object Repo/Login Page/Internal User/Next Button' is clicked on

2018-11-28 11:44:50 - [MESSAGE][PASSED] - Object: 'Object Repository/Final Object Repo/Login Page/Internal User/Next Button' is clicked on

2018-11-28 11:44:50 - [TEST_STEP][PASSED] - delay: Delayed 1 second(s)

2018-11-28 11:44:51 - [MESSAGE][PASSED] - Delayed 1 second(s)

2018-11-28 11:44:51 - [TEST_STEP][PASSED] - setEncryptedText: Text ****** has been set on object 'Object Repository/Final Object Repo/Login Page/Internal User/Password'

2018-11-28 11:44:51 - [MESSAGE][PASSED] - Text ****** has been set on object 'Object Repository/Final Object Repo/Login Page/Internal User/Password'

2018-11-28 11:44:51 - [TEST_STEP][PASSED] - click: Object: 'Object Repository/Final Object Repo/Login Page/Internal User/Login Button' is clicked on

2018-11-28 11:44:51 - [MESSAGE][PASSED] - Object: 'Object Repository/Final Object Repo/Login Page/Internal User/Login Button' is clicked on

2018-11-28 11:44:51 - [TEST_STEP][PASSED] - delay: Delayed 1 second(s)

2018-11-28 11:44:52 - [MESSAGE][PASSED] - Delayed 1 second(s)

2018-11-28 11:44:52 - [TEST_STEP][PASSED] - Statement - Try: Delayed 2 second(s)

2018-11-28 11:44:52 - [TEST_STEP][PASSED] - Statement - Checker = false: null

2018-11-28 11:44:52 - [TEST_STEP][PASSED] - Statement - Checker = com.kms.katalon.core.webui.keyword.WebUiBuiltInKeywords.verifyElementHasAttribute(com.kms.katalon.core.testobject.ObjectRepository.findTestObject(Final Object Repo/Landing Page/BM Detecting), "href", 20, OPTIONAL): Object 'Object Repository/Final Object Repo/Landing Page/BM Detecting' has attribute 'href'

2018-11-28 11:44:53 - [MESSAGE][PASSED] - Object 'Object Repository/Final Object Repo/Landing Page/BM Detecting' has attribute 'href'

2018-11-28 11:44:53 - [TEST_STEP][PASSED] - Statement - out.println(Checker): null

2018-11-28 11:44:53 - [TEST_STEP][PASSED] - Statement - If (Checker == false): null

2018-11-28 11:44:53 - [TEST_STEP][PASSED] - Statement - Else: null

2018-11-28 11:44:53 - [TEST_STEP][PASSED] - delay: Delayed 2 second(s)

2018-11-28 11:44:55 - [MESSAGE][PASSED] - Delayed 2 second(s)

2018-11-28 11:44:55 - [TEST_STEP][PASSED] - navigateToUrl: Navigate to 'https://assist2-uat.perkeso.gov.my/web/registration/update/form-1a-cessation-as-employer-discontinue-business-' successfully

2018-11-28 11:44:56 - [MESSAGE][PASSED] - Navigate to 'https://assist2-uat.perkeso.gov.my/web/registration/update/form-1a-cessation-as-employer-discontinue-business-' successfully

2018-11-28 11:44:56 - [TEST_STEP][PASSED] - setText: Text 'E1102069770Z' is set on object 'Object Repository/Final Object Repo/Page_Update Employer Information/Employer Code'

2018-11-28 11:44:56 - [MESSAGE][PASSED] - Text 'E1102069770Z' is set on object 'Object Repository/Final Object Repo/Page_Update Employer Information/Employer Code'

2018-11-28 11:44:56 - [TEST_STEP][PASSED] - click: Object: 'Object Repository/Final Object Repo/Page_Update Employer Information/Search Button' is clicked on

2018-11-28 11:44:57 - [MESSAGE][PASSED] - Object: 'Object Repository/Final Object Repo/Page_Update Employer Information/Search Button' is clicked on

2018-11-28 11:44:57 - [TEST_STEP][PASSED] - click: Object: 'Object Repository/Final Object Repo/Page_Update Employer Information/Edit Button' is clicked on

2018-11-28 11:44:59 - [MESSAGE][PASSED] - Object: 'Object Repository/Final Object Repo/Page_Update Employer Information/Edit Button' is clicked on

2018-11-28 11:44:59 - [TEST_STEP][PASSED] - Statement - abc = com.kms.katalon.core.webui.keyword.WebUiBuiltInKeywords.getAttribute(com.kms.katalon.core.testobject.ObjectRepository.findTestObject(Final Object Repo/Page_Form 1A - Cessation As Employer/Employer Status), "value"): Attribute 'value' of object 'Object Repository/Final Object Repo/Page_Form 1A - Cessation As Employer/Employer Status' is: 'Dormant'

2018-11-28 11:44:59 - [MESSAGE][PASSED] - Attribute 'value' of object 'Object Repository/Final Object Repo/Page_Form 1A - Cessation As Employer/Employer Status' is: 'Dormant'

2018-11-28 11:44:59 - [TEST_STEP][PASSED] - Statement - out.println(abc): null

2018-11-28 11:44:59 - [TEST_STEP][PASSED] - Statement - If (abc == "Active"): null

2018-11-28 11:44:59 - [TEST_STEP][PASSED] - Statement - Else If (abc == "Cancel"): null

2018-11-28 11:44:59 - [TEST_STEP][PASSED] - Statement - Else If (abc == "Dormant"): Object: 'Object Repository/Final Object Repo/Page_Form 1A - Cessation As Employer/Change Employer Status to - Dormant' is clicked on

2018-11-28 11:44:59 - [TEST_STEP][PASSED] - click: Object: 'Object Repository/Final Object Repo/Page_Form 1A - Cessation As Employer/Change Employer Status to' is clicked on

2018-11-28 11:44:59 - [MESSAGE][PASSED] - Object: 'Object Repository/Final Object Repo/Page_Form 1A - Cessation As Employer/Change Employer Status to' is clicked on

2018-11-28 11:44:59 - [TEST_STEP][PASSED] - click: Object: 'Object Repository/Final Object Repo/Page_Form 1A - Cessation As Employer/Change Employer Status to - Dormant' is clicked on

2018-11-28 11:45:00 - [MESSAGE][PASSED] - Object: 'Object Repository/Final Object Repo/Page_Form 1A - Cessation As Employer/Change Employer Status to - Dormant' is clicked on

2018-11-28 11:45:00 - [TEST_STEP][PASSED] - click: Object: 'Object Repository/Final Object Repo/Page_Form 1A - Cessation As Employer/Calender' is clicked on

2018-11-28 11:45:00 - [MESSAGE][PASSED] - Object: 'Object Repository/Final Object Repo/Page_Form 1A - Cessation As Employer/Calender' is clicked on

2018-11-28 11:45:00 - [TEST_STEP][PASSED] - click: Object: 'Object Repository/Final Object Repo/Page_Form 1A - Cessation As Employer/Calender - Date' is clicked on

2018-11-28 11:45:00 - [MESSAGE][PASSED] - Object: 'Object Repository/Final Object Repo/Page_Form 1A - Cessation As Employer/Calender - Date' is clicked on

2018-11-28 11:45:00 - [TEST_STEP][PASSED] - delay: Delayed 2 second(s)

2018-11-28 11:45:02 - [MESSAGE][PASSED] - Delayed 2 second(s)

2018-11-28 11:45:02 - [TEST_STEP][PASSED] - click: Object: 'Object Repository/Final Object Repo/Page_Form 1A - Cessation As Employer/Save  Continue in Form 1A Page' is clicked on

2018-11-28 11:45:02 - [MESSAGE][PASSED] - Object: 'Object Repository/Final Object Repo/Page_Form 1A - Cessation As Employer/Save  Continue in Form 1A Page' is clicked on

2018-11-28 11:45:02 - [TEST_STEP][PASSED] - delay: Delayed 2 second(s)

2018-11-28 11:45:04 - [MESSAGE][PASSED] - Delayed 2 second(s)

2018-11-28 11:45:04 - [TEST_STEP][PASSED] - click: Object: 'Object Repository/Final Object Repo/Page_Form 1A - Cessation As Employer/Employment Resign Date' is clicked on

2018-11-28 11:45:05 - [MESSAGE][PASSED] - Object: 'Object Repository/Final Object Repo/Page_Form 1A - Cessation As Employer/Employment Resign Date' is clicked on

2018-11-28 11:45:05 - [TEST_STEP][PASSED] - delay: Delayed 1 second(s)

2018-11-28 11:45:06 - [MESSAGE][PASSED] - Delayed 1 second(s)

2018-11-28 11:45:06 - [TEST_STEP][PASSED] - Statement - CaseReferenceNo = com.kms.katalon.core.webui.keyword.WebUiBuiltInKeywords.getText(com.kms.katalon.core.testobject.ObjectRepository.findTestObject(Final Object Repo/Page_Update Employer Information/Reference Number in Update Employee Information Page)): Text of object 'Object Repository/Final Object Repo/Page_Update Employer Information/Reference Number in Update Employee Information Page' is: 'CUN112018C200001662'

2018-11-28 11:45:06 - [MESSAGE][PASSED] - Text of object 'Object Repository/Final Object Repo/Page_Update Employer Information/Reference Number in Update Employee Information Page' is: 'CUN112018C200001662'

2018-11-28 11:45:06 - [TEST_STEP][PASSED] - callTestCase: Call Test Case 'Test Cases/Final Aug 2018 - PKS Automation/Common/Reference Number Setter' successfully

2018-11-28 11:45:06 - [TEST_CASE][PASSED] - Test Cases/Final Aug 2018 - PKS Automation/Common/Reference Number Setter: Test Cases/Final Aug 2018 - PKS Automation/Common/Reference Number Setter

2018-11-28 11:45:06 - [TEST_STEP][PASSED] - Statement - RefNoOldFile = new java.io.File(C://Users//Admin//Desktop//PKS//Automation Reference Point//KatalonReference.txt): null

2018-11-28 11:45:06 - [TEST_STEP][PASSED] - Statement - RefNoOldFile.delete(): null

2018-11-28 11:45:06 - [TEST_STEP][PASSED] - delay: Delayed 5 second(s)

2018-11-28 11:45:11 - [MESSAGE][PASSED] - Delayed 5 second(s)

2018-11-28 11:45:11 - [TEST_STEP][PASSED] - Statement - RefNo = new java.io.File(C://Users//Admin//Desktop//PKS//Automation Reference Point//KatalonReference.txt): null

2018-11-28 11:45:11 - [TEST_STEP][PASSED] - Statement - f2 = new java.io.FileWriter(RefNo, false): null

2018-11-28 11:45:11 - [TEST_STEP][PASSED] - Statement - f2.write(CaseReferenceNo): null

2018-11-28 11:45:11 - [TEST_STEP][PASSED] - Statement - f2.close(): null

2018-11-28 11:45:11 - [TEST_STEP][PASSED] - Statement - out.println("


" + CaseReferenceNo + "


"): null

2018-11-28 11:45:11 - [MESSAGE][PASSED] - Call Test Case 'Test Cases/Final Aug 2018 - PKS Automation/Common/Reference Number Setter' successfully

2018-11-28 11:45:11 - [TEST_STEP][PASSED] - selectOptionByValue: All options with value '2030' are selected in object 'Object Repository/Final Object Repo/Page_Form 1A - Cessation As Employer/Employment Resign Date - Year' 

2018-11-28 11:45:11 - [MESSAGE][PASSED] - All options with value '2030' are selected in object 'Object Repository/Final Object Repo/Page_Form 1A - Cessation As Employer/Employment Resign Date - Year' 

2018-11-28 11:45:11 - [TEST_STEP][PASSED] - delay: Delayed 1 second(s)

2018-11-28 11:45:12 - [MESSAGE][PASSED] - Delayed 1 second(s)

2018-11-28 11:45:12 - [TEST_STEP][PASSED] - click: Object: 'Object Repository/Final Object Repo/Page_Form 1A - Cessation As Employer/Employment Resign Date - Year - Date' is clicked on

2018-11-28 11:45:12 - [MESSAGE][PASSED] - Object: 'Object Repository/Final Object Repo/Page_Form 1A - Cessation As Employer/Employment Resign Date - Year - Date' is clicked on

2018-11-28 11:45:12 - [TEST_STEP][PASSED] - delay: Delayed 2 second(s)

2018-11-28 11:45:14 - [MESSAGE][PASSED] - Delayed 2 second(s)

2018-11-28 11:45:14 - [TEST_STEP][PASSED] - click: Object: 'Object Repository/Final Object Repo/Page_Form 1A - Cessation As Employer/Save  Continue in Update Add Employee Resigned Date Page' is clicked on

2018-11-28 11:45:14 - [MESSAGE][PASSED] - Object: 'Object Repository/Final Object Repo/Page_Form 1A - Cessation As Employer/Save  Continue in Update Add Employee Resigned Date Page' is clicked on

2018-11-28 11:45:14 - [TEST_STEP][PASSED] - delay: Delayed 2 second(s)

2018-11-28 11:45:16 - [MESSAGE][PASSED] - Delayed 2 second(s)

2018-11-28 11:45:16 - [TEST_STEP][PASSED] - click: Object: 'Object Repository/Final Object Repo/Page_Form 1A - Cessation As Employer/Set Latest - Yes' is clicked on

2018-11-28 11:45:17 - [MESSAGE][PASSED] - Object: 'Object Repository/Final Object Repo/Page_Form 1A - Cessation As Employer/Set Latest - Yes' is clicked on

2018-11-28 11:45:17 - [TEST_STEP][PASSED] - delay: Delayed 2 second(s)

2018-11-28 11:45:19 - [MESSAGE][PASSED] - Delayed 2 second(s)

2018-11-28 11:45:19 - [TEST_STEP][PASSED] - click: Object: 'Object Repository/Final Object Repo/Page_Form 1A - Cessation As Employer/Add Document' is clicked on

2018-11-28 11:45:20 - [MESSAGE][PASSED] - Object: 'Object Repository/Final Object Repo/Page_Form 1A - Cessation As Employer/Add Document' is clicked on

2018-11-28 11:45:20 - [TEST_STEP][PASSED] - delay: Delayed 2 second(s)

2018-11-28 11:45:22 - [MESSAGE][PASSED] - Delayed 2 second(s)

2018-11-28 11:45:22 - [TEST_STEP][PASSED] - click: Object: 'Object Repository/Final Object Repo/Page_Form 1A - Cessation As Employer/Document Type' is clicked on

2018-11-28 11:45:23 - [MESSAGE][PASSED] - Object: 'Object Repository/Final Object Repo/Page_Form 1A - Cessation As Employer/Document Type' is clicked on

2018-11-28 11:45:23 - [TEST_STEP][PASSED] - delay: Delayed 2 second(s)

2018-11-28 11:45:25 - [MESSAGE][PASSED] - Delayed 2 second(s)

2018-11-28 11:45:25 - [TEST_STEP][PASSED] - click: Object: 'Object Repository/Final Object Repo/Page_Form 1A - Cessation As Employer/Document Type - Supporting Document For Cessation' is clicked on

2018-11-28 11:45:25 - [MESSAGE][PASSED] - Object: 'Object Repository/Final Object Repo/Page_Form 1A - Cessation As Employer/Document Type - Supporting Document For Cessation' is clicked on

2018-11-28 11:45:25 - [TEST_STEP][PASSED] - delay: Delayed 2 second(s)

2018-11-28 11:45:27 - [MESSAGE][PASSED] - Delayed 2 second(s)

2018-11-28 11:45:27 - [TEST_STEP][PASSED] - sendKeys: Keys 'C:\Users\Public\Pictures\Sample Pictures\Koala.jpg' sent to object: 'Object Repository/Final Object Repo/Page_Form 1A - Cessation As Employer/Uploading File'

2018-11-28 11:45:27 - [MESSAGE][PASSED] - Keys 'C:\Users\Public\Pictures\Sample Pictures\Koala.jpg' sent to object: 'Object Repository/Final Object Repo/Page_Form 1A - Cessation As Employer/Uploading File'

2018-11-28 11:45:27 - [TEST_STEP][PASSED] - delay: Delayed 2 second(s)

2018-11-28 11:45:29 - [MESSAGE][PASSED] - Delayed 2 second(s)

2018-11-28 11:45:29 - [TEST_STEP][PASSED] - click: Object: 'Object Repository/Final Object Repo/Page_Form 1A - Cessation As Employer/Add Document in Uploading Page' is clicked on

2018-11-28 11:45:29 - [MESSAGE][PASSED] - Object: 'Object Repository/Final Object Repo/Page_Form 1A - Cessation As Employer/Add Document in Uploading Page' is clicked on

2018-11-28 11:45:29 - [TEST_STEP][PASSED] - delay: Delayed 20 second(s)

2018-11-28 11:45:49 - [MESSAGE][PASSED] - Delayed 20 second(s)

2018-11-28 11:45:49 - [TEST_STEP][PASSED] - click: Object: 'Object Repository/Final Object Repo/Page_Form 1A - Cessation As Employer/Save  Continue in Uploading Page' is clicked on

2018-11-28 11:45:50 - [MESSAGE][PASSED] - Object: 'Object Repository/Final Object Repo/Page_Form 1A - Cessation As Employer/Save  Continue in Uploading Page' is clicked on

2018-11-28 11:45:50 - [TEST_STEP][PASSED] - delay: Delayed 2 second(s)

2018-11-28 11:45:52 - [MESSAGE][PASSED] - Delayed 2 second(s)

2018-11-28 11:45:52 - [TEST_STEP][PASSED] - click: Object: 'Object Repository/Final Object Repo/Page_Form 1A - Cessation As Employer/Submit2' is clicked on

2018-11-28 11:45:55 - [MESSAGE][PASSED] - Object: 'Object Repository/Final Object Repo/Page_Form 1A - Cessation As Employer/Submit2' is clicked on

2018-11-28 11:45:55 - [TEST_STEP][PASSED] - delay: Delayed 2 second(s)

2018-11-28 11:45:57 - [MESSAGE][PASSED] - Delayed 2 second(s)

2018-11-28 11:45:57 - [TEST_STEP][PASSED] - click: Object: 'Object Repository/Final Object Repo/Page_Form 1A - Cessation As Employer/Confirm' is clicked on

2018-11-28 11:45:57 - [MESSAGE][PASSED] - Object: 'Object Repository/Final Object Repo/Page_Form 1A - Cessation As Employer/Confirm' is clicked on

2018-11-28 11:45:57 - [TEST_STEP][PASSED] - delay: Delayed 2 second(s)

2018-11-28 11:45:59 - [MESSAGE][PASSED] - Delayed 2 second(s)

2018-11-28 11:45:59 - [TEST_STEP][PASSED] - verifyElementVisible: Object 'Object Repository/Final Object Repo/Page_Form 1A - Cessation As Employer/Message Your Request will be routed to UO' is visible

2018-11-28 11:46:02 - [MESSAGE][PASSED] - Object 'Object Repository/Final Object Repo/Page_Form 1A - Cessation As Employer/Message Your Request will be routed to UO' is visible

2018-11-28 11:46:02 - [TEST_STEP][PASSED] - delay: Delayed 1 second(s)

2018-11-28 11:46:03 - [MESSAGE][PASSED] - Delayed 1 second(s)

2018-11-28 11:46:03 - [TEST_STEP][PASSED] - verifyElementVisible: Object 'Object Repository/Final Object Repo/Page_Form 1A - Cessation As Employer/Letter of acknowledgement' is visible

2018-11-28 11:46:03 - [MESSAGE][PASSED] - Object 'Object Repository/Final Object Repo/Page_Form 1A - Cessation As Employer/Letter of acknowledgement' is visible

2018-11-28 11:46:03 - [MESSAGE][PASSED] - Call Test Case 'Test Cases/Final Aug 2018 - PKS Automation/Registration Module/Workflow/Form 1A - Cessation As Employer/Template/Form 1 A - Cessation As Employer (OTC)' successfully

2018-11-28 11:46:03 - [TEST_STEP][PASSED] - callTestCase: Call Test Case 'Test Cases/Final Aug 2018 - PKS Automation/Registration Module/Workflow/Form 1A - Cessation As Employer/Template/Form 1 A - Cessation As Employer (Approve)' successfully

2018-11-28 11:46:03 - [TEST_CASE][PASSED] - Test Cases/Final Aug 2018 - PKS Automation/Registration Module/Workflow/Form 1A - Cessation As Employer/Template/Form 1 A - Cessation As Employer (Approve): Test Cases/Final Aug 2018 - PKS Automation/Registration Module/Workflow/Form 1A - Cessation As Employer/Template/Form 1 A - Cessation As Employer (Approve)

2018-11-28 11:46:03 - [TEST_STEP][NOT_RUN] - callTestCase: NOT_RUN: callTestCase

2018-11-28 11:46:03 - [MESSAGE][NOT_RUN] - NOT_RUN: callTestCase

2018-11-28 11:46:03 - [TEST_STEP][PASSED] - delay: Delayed 1 second(s)

2018-11-28 11:46:04 - [MESSAGE][PASSED] - Delayed 1 second(s)

2018-11-28 11:46:04 - [TEST_STEP][PASSED] - navigateToUrl: Navigate to 'https://assist2-uat.perkeso.gov.my/c/portal/logout' successfully

2018-11-28 11:46:05 - [MESSAGE][PASSED] - Navigate to 'https://assist2-uat.perkeso.gov.my/c/portal/logout' successfully

2018-11-28 11:46:05 - [TEST_STEP][PASSED] - delay: Delayed 1 second(s)

2018-11-28 11:46:06 - [MESSAGE][PASSED] - Delayed 1 second(s)

2018-11-28 11:46:06 - [TEST_STEP][PASSED] - callTestCase: Call Test Case 'Test Cases/Final Aug 2018 - PKS Automation/Common/Reference Number Getter' successfully

2018-11-28 11:46:06 - [TEST_CASE][PASSED] - Test Cases/Final Aug 2018 - PKS Automation/Common/Reference Number Getter: Test Cases/Final Aug 2018 - PKS Automation/Common/Reference Number Getter

2018-11-28 11:46:06 - [TEST_STEP][PASSED] - Statement - Try: null

2018-11-28 11:46:06 - [TEST_STEP][PASSED] - Statement - RefNo = new java.io.File(C://Users//Admin//Desktop//PKS//Automation Reference Point//KatalonReference.txt): null

2018-11-28 11:46:06 - [TEST_STEP][PASSED] - Statement - bufferread = new java.io.BufferedReader(new java.io.FileReader(RefNo)): null

2018-11-28 11:46:06 - [TEST_STEP][PASSED] - Statement - readedVal = bufferread.readLine(): null

2018-11-28 11:46:06 - [TEST_STEP][PASSED] - Statement - out.println(CaseReferenceNo): null

2018-11-28 11:46:06 - [TEST_STEP][PASSED] - Statement - out.println(readedVal): null

2018-11-28 11:46:06 - [TEST_STEP][PASSED] - Statement - CaseReferenceNo = "": null

2018-11-28 11:46:06 - [TEST_STEP][PASSED] - Statement - CaseReferenceNo = readedVal: null

2018-11-28 11:46:06 - [MESSAGE][PASSED] - Call Test Case 'Test Cases/Final Aug 2018 - PKS Automation/Common/Reference Number Getter' successfully

2018-11-28 11:46:06 - [TEST_STEP][PASSED] - callTestCase: Call Test Case 'Test Cases/Final Aug 2018 - PKS Automation/Common/Workflow Owner Finder' successfully

2018-11-28 11:46:06 - [TEST_CASE][PASSED] - Test Cases/Final Aug 2018 - PKS Automation/Common/Workflow Owner Finder: Test Cases/Final Aug 2018 - PKS Automation/Common/Workflow Owner Finder

2018-11-28 11:46:06 - [TEST_STEP][PASSED] - openBrowser: Browser is opened with url: ''

2018-11-28 11:46:06 - [MESSAGE][WARNING] - A browser is already opened. Closing browser and opening a new one

2018-11-28 11:46:09 - [MESSAGE][PASSED] - Browser is opened with url: ''

2018-11-28 11:46:09 - [TEST_STEP][PASSED] - navigateToUrl: Navigate to 'https://assist2-uat.perkeso.gov.my/login' successfully

2018-11-28 11:46:11 - [MESSAGE][PASSED] - Navigate to 'https://assist2-uat.perkeso.gov.my/login' successfully

2018-11-28 11:46:11 - [TEST_STEP][PASSED] - delay: Delayed 5 second(s)

2018-11-28 11:46:16 - [MESSAGE][PASSED] - Delayed 5 second(s)

2018-11-28 11:46:16 - [TEST_STEP][PASSED] - setText: Text 'test@liferay.com' is set on object 'Object Repository/Final Object Repo/Login Page/Internal User/Email Address'

2018-11-28 11:46:16 - [MESSAGE][PASSED] - Text 'test@liferay.com' is set on object 'Object Repository/Final Object Repo/Login Page/Internal User/Email Address'

2018-11-28 11:46:16 - [TEST_STEP][PASSED] - click: Object: 'Object Repository/Final Object Repo/Login Page/Internal User/Next Button' is clicked on

2018-11-28 11:46:16 - [MESSAGE][PASSED] - Object: 'Object Repository/Final Object Repo/Login Page/Internal User/Next Button' is clicked on

2018-11-28 11:46:16 - [TEST_STEP][PASSED] - delay: Delayed 2 second(s)

2018-11-28 11:46:18 - [MESSAGE][PASSED] - Delayed 2 second(s)

2018-11-28 11:46:18 - [TEST_STEP][PASSED] - setText: Text 'test' is set on object 'Object Repository/Final Object Repo/Login Page/Internal User/Password'

2018-11-28 11:46:18 - [MESSAGE][PASSED] - Text 'test' is set on object 'Object Repository/Final Object Repo/Login Page/Internal User/Password'

2018-11-28 11:46:18 - [TEST_STEP][PASSED] - delay: Delayed 2 second(s)

2018-11-28 11:46:20 - [MESSAGE][PASSED] - Delayed 2 second(s)

2018-11-28 11:46:20 - [TEST_STEP][PASSED] - click: Object: 'Object Repository/Final Object Repo/Login Page/Internal User/Login Button' is clicked on

2018-11-28 11:46:21 - [MESSAGE][PASSED] - Object: 'Object Repository/Final Object Repo/Login Page/Internal User/Login Button' is clicked on

2018-11-28 11:46:21 - [TEST_STEP][PASSED] - Statement - Try: null

2018-11-28 11:46:21 - [TEST_STEP][PASSED] - Statement - Checker = com.kms.katalon.core.webui.keyword.WebUiBuiltInKeywords.verifyElementNotPresent("Final Object Repo/Landing Page/Select to English", 3): null

2018-11-28 11:46:21 - [TEST_STEP][PASSED] - Statement - Catch (Exception e): null

2018-11-28 11:46:21 - [TEST_STEP][PASSED] - Statement - e.printStackTrace(): null

2018-11-28 11:46:21 - [TEST_STEP][PASSED] - delay: Delayed 5 second(s)

2018-11-28 11:46:26 - [MESSAGE][PASSED] - Delayed 5 second(s)

2018-11-28 11:46:26 - [TEST_STEP][PASSED] - mouseOver: Object: 'Object Repository/Final Object Repo/Landing Page/WorkFlow Menu' is hovered

2018-11-28 11:46:26 - [MESSAGE][PASSED] - Object: 'Object Repository/Final Object Repo/Landing Page/WorkFlow Menu' is hovered

2018-11-28 11:46:26 - [TEST_STEP][PASSED] - delay: Delayed 2 second(s)

2018-11-28 11:46:28 - [MESSAGE][PASSED] - Delayed 2 second(s)

2018-11-28 11:46:28 - [TEST_STEP][PASSED] - click: Object: 'Object Repository/Final Object Repo/Landing Page/Select to Workflow Listing' is clicked on

2018-11-28 11:46:29 - [MESSAGE][PASSED] - Object: 'Object Repository/Final Object Repo/Landing Page/Select to Workflow Listing' is clicked on

2018-11-28 11:46:29 - [TEST_STEP][PASSED] - delay: Delayed 2 second(s)

2018-11-28 11:46:31 - [MESSAGE][PASSED] - Delayed 2 second(s)

2018-11-28 11:46:31 - [TEST_STEP][PASSED] - click: Object: 'Object Repository/Final Object Repo/WorkFlow Listing Page/Search Information - To Put Ref No' is clicked on

2018-11-28 11:46:31 - [MESSAGE][PASSED] - Object: 'Object Repository/Final Object Repo/WorkFlow Listing Page/Search Information - To Put Ref No' is clicked on

2018-11-28 11:46:31 - [TEST_STEP][PASSED] - delay: Delayed 2 second(s)

2018-11-28 11:46:33 - [MESSAGE][PASSED] - Delayed 2 second(s)

2018-11-28 11:46:33 - [TEST_STEP][PASSED] - callTestCase: Call Test Case 'Test Cases/Final Aug 2018 - PKS Automation/Common/Reference Number Getter' successfully

2018-11-28 11:46:33 - [TEST_CASE][PASSED] - Test Cases/Final Aug 2018 - PKS Automation/Common/Reference Number Getter: Test Cases/Final Aug 2018 - PKS Automation/Common/Reference Number Getter

2018-11-28 11:46:33 - [TEST_STEP][PASSED] - Statement - Try: null

2018-11-28 11:46:33 - [TEST_STEP][PASSED] - Statement - RefNo = new java.io.File(C://Users//Admin//Desktop//PKS//Automation Reference Point//KatalonReference.txt): null

2018-11-28 11:46:33 - [TEST_STEP][PASSED] - Statement - bufferread = new java.io.BufferedReader(new java.io.FileReader(RefNo)): null

2018-11-28 11:46:33 - [TEST_STEP][PASSED] - Statement - readedVal = bufferread.readLine(): null

2018-11-28 11:46:33 - [TEST_STEP][PASSED] - Statement - out.println(CaseReferenceNo): null

2018-11-28 11:46:33 - [TEST_STEP][PASSED] - Statement - out.println(readedVal): null

2018-11-28 11:46:33 - [TEST_STEP][PASSED] - Statement - CaseReferenceNo = "": null

2018-11-28 11:46:33 - [TEST_STEP][PASSED] - Statement - CaseReferenceNo = readedVal: null

2018-11-28 11:46:33 - [MESSAGE][PASSED] - Call Test Case 'Test Cases/Final Aug 2018 - PKS Automation/Common/Reference Number Getter' successfully

2018-11-28 11:46:33 - [TEST_STEP][PASSED] - setText: Text 'CUN112018C200001662' is set on object 'Object Repository/Final Object Repo/WorkFlow Listing Page/Ref No Set Text'

2018-11-28 11:46:34 - [MESSAGE][PASSED] - Text 'CUN112018C200001662' is set on object 'Object Repository/Final Object Repo/WorkFlow Listing Page/Ref No Set Text'

2018-11-28 11:46:34 - [TEST_STEP][PASSED] - delay: Delayed 2 second(s)

2018-11-28 11:46:36 - [MESSAGE][PASSED] - Delayed 2 second(s)

2018-11-28 11:46:36 - [TEST_STEP][PASSED] - click: Object: 'Object Repository/Final Object Repo/WorkFlow Listing Page/Search Ref No Search Button' is clicked on

2018-11-28 11:46:36 - [MESSAGE][PASSED] - Object: 'Object Repository/Final Object Repo/WorkFlow Listing Page/Search Ref No Search Button' is clicked on

2018-11-28 11:46:36 - [TEST_STEP][PASSED] - delay: Delayed 4 second(s)

2018-11-28 11:46:40 - [MESSAGE][PASSED] - Delayed 4 second(s)

2018-11-28 11:46:40 - [TEST_STEP][PASSED] - click: Object: 'Object Repository/Final Object Repo/WorkFlow Listing Page/Click Continue Tooltip' is clicked on

2018-11-28 11:46:41 - [MESSAGE][PASSED] - Object: 'Object Repository/Final Object Repo/WorkFlow Listing Page/Click Continue Tooltip' is clicked on

2018-11-28 11:46:41 - [TEST_STEP][PASSED] - delay: Delayed 5 second(s)

2018-11-28 11:46:46 - [MESSAGE][PASSED] - Delayed 5 second(s)

2018-11-28 11:46:46 - [TEST_STEP][PASSED] - doubleClick: Object: 'Object Repository/Final Object Repo/WorkFlow Listing Page/Workflow Found - Listing 1' is double clicked on

2018-11-28 11:46:46 - [MESSAGE][PASSED] - Object: 'Object Repository/Final Object Repo/WorkFlow Listing Page/Workflow Found - Listing 1' is double clicked on

2018-11-28 11:46:46 - [TEST_STEP][PASSED] - Statement - println(OwnerID): null

2018-11-28 11:46:46 - [TEST_STEP][PASSED] - Statement - OwnerID = com.kms.katalon.core.webui.keyword.WebUiBuiltInKeywords.getText(com.kms.katalon.core.testobject.ObjectRepository.findTestObject(Final Object Repo/WorkFlow Listing Page/Workflow Found - Listing 1), STOP_ON_FAILURE): Text of object 'Object Repository/Final Object Repo/WorkFlow Listing Page/Workflow Found - Listing 1' is: 'JOHORuo1'

2018-11-28 11:46:46 - [MESSAGE][PASSED] - Text of object 'Object Repository/Final Object Repo/WorkFlow Listing Page/Workflow Found - Listing 1' is: 'JOHORuo1'

2018-11-28 11:46:46 - [TEST_STEP][PASSED] - Statement - OwnerID = OwnerID.toLowerCase() + "@gmail.com": null

2018-11-28 11:46:46 - [TEST_STEP][PASSED] - Statement - println(OwnerID): null

2018-11-28 11:46:46 - [TEST_STEP][PASSED] - delay: Delayed 2 second(s)

2018-11-28 11:46:48 - [MESSAGE][PASSED] - Delayed 2 second(s)

2018-11-28 11:46:48 - [MESSAGE][PASSED] - Call Test Case 'Test Cases/Final Aug 2018 - PKS Automation/Common/Workflow Owner Finder' successfully

2018-11-28 11:46:48 - [TEST_STEP][PASSED] - delay: Delayed 1 second(s)

2018-11-28 11:46:49 - [MESSAGE][PASSED] - Delayed 1 second(s)

2018-11-28 11:46:49 - [TEST_STEP][PASSED] - navigateToUrl: Navigate to 'https://assist2-uat.perkeso.gov.my/c/portal/logout' successfully

2018-11-28 11:46:50 - [MESSAGE][PASSED] - Navigate to 'https://assist2-uat.perkeso.gov.my/c/portal/logout' successfully

2018-11-28 11:46:50 - [TEST_STEP][PASSED] - delay: Delayed 1 second(s)

2018-11-28 11:46:51 - [MESSAGE][PASSED] - Delayed 1 second(s)

2018-11-28 11:46:51 - [TEST_STEP][PASSED] - callTestCase: Call Test Case 'Test Cases/Final Aug 2018 - PKS Automation/Registration Module/Workflow/Login and Search Case For Workflow' successfully

2018-11-28 11:46:51 - [TEST_CASE][PASSED] - Test Cases/Final Aug 2018 - PKS Automation/Registration Module/Workflow/Login and Search Case For Workflow: Test Cases/Final Aug 2018 - PKS Automation/Registration Module/Workflow/Login and Search Case For Workflow

2018-11-28 11:46:51 - [TEST_STEP][PASSED] - navigateToUrl: Navigate to 'https://assist2-uat.perkeso.gov.my/login' successfully

2018-11-28 11:46:52 - [MESSAGE][PASSED] - Navigate to 'https://assist2-uat.perkeso.gov.my/login' successfully

2018-11-28 11:46:52 - [TEST_STEP][PASSED] - setText: Text 'johoruo1@gmail.com' is set on object 'Object Repository/Final Object Repo/Login Page/Internal User/Email Address'

2018-11-28 11:46:52 - [MESSAGE][PASSED] - Text 'johoruo1@gmail.com' is set on object 'Object Repository/Final Object Repo/Login Page/Internal User/Email Address'

2018-11-28 11:46:52 - [TEST_STEP][PASSED] - click: Object: 'Object Repository/Final Object Repo/Login Page/Internal User/Next Button' is clicked on

2018-11-28 11:46:52 - [MESSAGE][PASSED] - Object: 'Object Repository/Final Object Repo/Login Page/Internal User/Next Button' is clicked on

2018-11-28 11:46:52 - [TEST_STEP][PASSED] - delay: Delayed 1 second(s)

2018-11-28 11:46:53 - [MESSAGE][PASSED] - Delayed 1 second(s)

2018-11-28 11:46:53 - [TEST_STEP][PASSED] - setEncryptedText: Text ****** has been set on object 'Object Repository/Final Object Repo/Login Page/Internal User/Password'

2018-11-28 11:46:54 - [MESSAGE][PASSED] - Text ****** has been set on object 'Object Repository/Final Object Repo/Login Page/Internal User/Password'

2018-11-28 11:46:54 - [TEST_STEP][PASSED] - click: Object: 'Object Repository/Final Object Repo/Login Page/Internal User/Login Button' is clicked on

2018-11-28 11:46:54 - [MESSAGE][PASSED] - Object: 'Object Repository/Final Object Repo/Login Page/Internal User/Login Button' is clicked on

2018-11-28 11:46:54 - [TEST_STEP][PASSED] - delay: Delayed 2 second(s)

2018-11-28 11:46:56 - [MESSAGE][PASSED] - Delayed 2 second(s)

2018-11-28 11:46:56 - [TEST_STEP][PASSED] - Statement - Try: Delayed 2 second(s)

2018-11-28 11:46:56 - [TEST_STEP][PASSED] - Statement - Checker = false: null

2018-11-28 11:46:56 - [TEST_STEP][PASSED] - Statement - Checker = com.kms.katalon.core.webui.keyword.WebUiBuiltInKeywords.verifyElementHasAttribute(com.kms.katalon.core.testobject.ObjectRepository.findTestObject(Final Object Repo/Landing Page/BM Detecting), "href", 20, OPTIONAL): Object 'Object Repository/Final Object Repo/Landing Page/BM Detecting' has attribute 'href'

2018-11-28 11:46:56 - [MESSAGE][PASSED] - Object 'Object Repository/Final Object Repo/Landing Page/BM Detecting' has attribute 'href'

2018-11-28 11:46:56 - [TEST_STEP][PASSED] - Statement - out.println(Checker): null

2018-11-28 11:46:56 - [TEST_STEP][PASSED] - Statement - If (Checker == false): null

2018-11-28 11:46:56 - [TEST_STEP][PASSED] - Statement - Else: null

2018-11-28 11:46:56 - [TEST_STEP][PASSED] - delay: Delayed 2 second(s)

2018-11-28 11:46:58 - [MESSAGE][PASSED] - Delayed 2 second(s)

2018-11-28 11:46:58 - [TEST_STEP][PASSED] - click: Object: 'Object Repository/Final Object Repo/Page_MyASSIST - ASSIST - Search Pending Case For Add Supporting Document/Search Information' is clicked on

2018-11-28 11:46:58 - [MESSAGE][PASSED] - Object: 'Object Repository/Final Object Repo/Page_MyASSIST - ASSIST - Search Pending Case For Add Supporting Document/Search Information' is clicked on

2018-11-28 11:46:58 - [TEST_STEP][PASSED] - delay: Delayed 3 second(s)

2018-11-28 11:47:01 - [MESSAGE][PASSED] - Delayed 3 second(s)

2018-11-28 11:47:01 - [TEST_STEP][PASSED] - sendKeys: Keys 'CUN112018C200001662' sent to object: 'Object Repository/Final Object Repo/Page_MyASSIST - ASSIST - Search Pending Case For Add Supporting Document/Reference No'

2018-11-28 11:47:01 - [MESSAGE][PASSED] - Keys 'CUN112018C200001662' sent to object: 'Object Repository/Final Object Repo/Page_MyASSIST - ASSIST - Search Pending Case For Add Supporting Document/Reference No'

2018-11-28 11:47:01 - [TEST_STEP][PASSED] - click: Object: 'Object Repository/Final Object Repo/Page_MyASSIST - ASSIST - Search Pending Case For Add Supporting Document/Search Reference No' is clicked on

2018-11-28 11:47:02 - [MESSAGE][PASSED] - Object: 'Object Repository/Final Object Repo/Page_MyASSIST - ASSIST - Search Pending Case For Add Supporting Document/Search Reference No' is clicked on

2018-11-28 11:47:02 - [TEST_STEP][PASSED] - delay: Delayed 2 second(s)

2018-11-28 11:47:04 - [MESSAGE][PASSED] - Delayed 2 second(s)

2018-11-28 11:47:04 - [TEST_STEP][PASSED] - click: Object: 'Object Repository/Final Object Repo/Page_MyASSIST - ASSIST - Search Pending Case For Add Supporting Document/Continue' is clicked on

2018-11-28 11:47:07 - [MESSAGE][PASSED] - Object: 'Object Repository/Final Object Repo/Page_MyASSIST - ASSIST - Search Pending Case For Add Supporting Document/Continue' is clicked on

2018-11-28 11:47:07 - [TEST_STEP][PASSED] - delay: Delayed 20 second(s)

2018-11-28 11:47:27 - [MESSAGE][PASSED] - Delayed 20 second(s)

2018-11-28 11:47:27 - [MESSAGE][PASSED] - Call Test Case 'Test Cases/Final Aug 2018 - PKS Automation/Registration Module/Workflow/Login and Search Case For Workflow' successfully

2018-11-28 11:47:27 - [TEST_STEP][PASSED] - click: Object: 'Object Repository/Final Object Repo/Page_Form 1A - Cessation As Employer/Page_Form 1A - Cessation As Employer (Approve)/Save  Continue in Form 1A Page' is clicked on

2018-11-28 11:47:28 - [MESSAGE][PASSED] - Object: 'Object Repository/Final Object Repo/Page_Form 1A - Cessation As Employer/Page_Form 1A - Cessation As Employer (Approve)/Save  Continue in Form 1A Page' is clicked on

2018-11-28 11:47:28 - [TEST_STEP][PASSED] - delay: Delayed 2 second(s)

2018-11-28 11:47:30 - [MESSAGE][PASSED] - Delayed 2 second(s)

2018-11-28 11:47:30 - [TEST_STEP][PASSED] - click: Object: 'Object Repository/Final Object Repo/Page_Form 1A - Cessation As Employer/Employment Resign Date' is clicked on

2018-11-28 11:47:30 - [MESSAGE][PASSED] - Object: 'Object Repository/Final Object Repo/Page_Form 1A - Cessation As Employer/Employment Resign Date' is clicked on

2018-11-28 11:47:30 - [TEST_STEP][PASSED] - delay: Delayed 1 second(s)

2018-11-28 11:47:31 - [MESSAGE][PASSED] - Delayed 1 second(s)

2018-11-28 11:47:31 - [TEST_STEP][PASSED] - selectOptionByValue: All options with value '2030' are selected in object 'Object Repository/Final Object Repo/Page_Form 1A - Cessation As Employer/Employment Resign Date - Year' 

2018-11-28 11:47:31 - [MESSAGE][PASSED] - All options with value '2030' are selected in object 'Object Repository/Final Object Repo/Page_Form 1A - Cessation As Employer/Employment Resign Date - Year' 

2018-11-28 11:47:31 - [TEST_STEP][PASSED] - delay: Delayed 1 second(s)

2018-11-28 11:47:32 - [MESSAGE][PASSED] - Delayed 1 second(s)

2018-11-28 11:47:32 - [TEST_STEP][PASSED] - click: Object: 'Object Repository/Final Object Repo/Page_Form 1A - Cessation As Employer/Employment Resign Date - Year - Date' is clicked on

2018-11-28 11:47:32 - [MESSAGE][PASSED] - Object: 'Object Repository/Final Object Repo/Page_Form 1A - Cessation As Employer/Employment Resign Date - Year - Date' is clicked on

2018-11-28 11:47:32 - [TEST_STEP][PASSED] - delay: Delayed 2 second(s)

2018-11-28 11:47:34 - [MESSAGE][PASSED] - Delayed 2 second(s)

2018-11-28 11:47:34 - [TEST_STEP][PASSED] - click: Object: 'Object Repository/Final Object Repo/Page_Form 1A - Cessation As Employer/Page_Form 1A - Cessation As Employer (Approve)/Save  Continue in Update Add Employee Resigned Date Page' is clicked on

2018-11-28 11:47:35 - [MESSAGE][PASSED] - Object: 'Object Repository/Final Object Repo/Page_Form 1A - Cessation As Employer/Page_Form 1A - Cessation As Employer (Approve)/Save  Continue in Update Add Employee Resigned Date Page' is clicked on

2018-11-28 11:47:35 - [TEST_STEP][PASSED] - delay: Delayed 2 second(s)

2018-11-28 11:47:37 - [MESSAGE][PASSED] - Delayed 2 second(s)

2018-11-28 11:47:37 - [TEST_STEP][PASSED] - click: Object: 'Object Repository/Final Object Repo/Page_Form 1A - Cessation As Employer/Set Latest - Yes' is clicked on

2018-11-28 11:47:37 - [MESSAGE][PASSED] - Object: 'Object Repository/Final Object Repo/Page_Form 1A - Cessation As Employer/Set Latest - Yes' is clicked on

2018-11-28 11:47:37 - [TEST_STEP][PASSED] - delay: Delayed 2 second(s)

2018-11-28 11:47:39 - [MESSAGE][PASSED] - Delayed 2 second(s)

2018-11-28 11:47:39 - [TEST_STEP][PASSED] - click: Object: 'Object Repository/Final Object Repo/Page_Form 1A - Cessation As Employer/Page_Form 1A - Cessation As Employer (Approve)/Save  Contine in Uploading Document Page' is clicked on

2018-11-28 11:47:40 - [MESSAGE][PASSED] - Object: 'Object Repository/Final Object Repo/Page_Form 1A - Cessation As Employer/Page_Form 1A - Cessation As Employer (Approve)/Save  Contine in Uploading Document Page' is clicked on

2018-11-28 11:47:40 - [TEST_STEP][PASSED] - delay: Delayed 2 second(s)

2018-11-28 11:47:42 - [MESSAGE][PASSED] - Delayed 2 second(s)

2018-11-28 11:47:42 - [TEST_STEP][PASSED] - click: Object: 'Object Repository/Final Object Repo/Page_Form 1A - Cessation As Employer/Page_Form 1A - Cessation As Employer (Approve)/Approve' is clicked on

2018-11-28 11:47:45 - [MESSAGE][PASSED] - Object: 'Object Repository/Final Object Repo/Page_Form 1A - Cessation As Employer/Page_Form 1A - Cessation As Employer (Approve)/Approve' is clicked on

2018-11-28 11:47:45 - [TEST_STEP][PASSED] - delay: Delayed 2 second(s)

2018-11-28 11:47:47 - [MESSAGE][PASSED] - Delayed 2 second(s)

2018-11-28 11:47:47 - [TEST_STEP][PASSED] - click: Object: 'Object Repository/Final Object Repo/Page_Form 1A - Cessation As Employer/Confirm' is clicked on

2018-11-28 11:47:47 - [MESSAGE][PASSED] - Object: 'Object Repository/Final Object Repo/Page_Form 1A - Cessation As Employer/Confirm' is clicked on

2018-11-28 11:47:47 - [TEST_STEP][PASSED] - delay: Delayed 2 second(s)

2018-11-28 11:47:49 - [MESSAGE][PASSED] - Delayed 2 second(s)

2018-11-28 11:47:49 - [TEST_STEP][PASSED] - click: Object: 'Object Repository/Final Object Repo/Page_Form 1A - Cessation As Employer/Page_Form 1A - Cessation As Employer (Approve)/Message Your Request    Form 1A ' is clicked on

2018-11-28 11:47:58 - [MESSAGE][PASSED] - Object: 'Object Repository/Final Object Repo/Page_Form 1A - Cessation As Employer/Page_Form 1A - Cessation As Employer (Approve)/Message Your Request    Form 1A ' is clicked on

2018-11-28 11:47:58 - [TEST_STEP][PASSED] - delay: Delayed 2 second(s)

2018-11-28 11:48:00 - [MESSAGE][PASSED] - Delayed 2 second(s)

2018-11-28 11:48:00 - [TEST_STEP][PASSED] - click: Object: 'Object Repository/Final Object Repo/Page_Form 1A - Cessation As Employer/Page_Form 1A - Cessation As Employer (Approve)/Letter of successful update' is clicked on

2018-11-28 11:48:01 - [MESSAGE][PASSED] - Object: 'Object Repository/Final Object Repo/Page_Form 1A - Cessation As Employer/Page_Form 1A - Cessation As Employer (Approve)/Letter of successful update' is clicked on

2018-11-28 11:48:01 - [MESSAGE][PASSED] - Call Test Case 'Test Cases/Final Aug 2018 - PKS Automation/Registration Module/Workflow/Form 1A - Cessation As Employer/Template/Form 1 A - Cessation As Employer (Approve)' successfully]]></system-out>
         <system-err><![CDATA[]]></system-err>
      </testcase>
      <testcase name="Test Cases/Final Aug 2018 - PKS Automation/Registration Module/Workflow/Form 1A - Cessation As Employer/OTC to UO (Query)" classname="Test Cases/Final Aug 2018 - PKS Automation/Registration Module/Workflow/Form 1A - Cessation As Employer/OTC to UO (Query)" status="PASSED">
         <system-out><![CDATA[2018-11-28 11:48:01 - [TEST_CASE][PASSED] - Test Cases/Final Aug 2018 - PKS Automation/Registration Module/Workflow/Form 1A - Cessation As Employer/OTC to UO (Query): Test Cases/Final Aug 2018 - PKS Automation/Registration Module/Workflow/Form 1A - Cessation As Employer/OTC to UO (Query)

2018-11-28 11:48:02 - [TEST_STEP][PASSED] - callTestCase: Call Test Case 'Test Cases/Final Aug 2018 - PKS Automation/Registration Module/Workflow/Form 1A - Cessation As Employer/Template/Form 1 A - Cessation As Employer (OTC)' successfully

2018-11-28 11:48:02 - [TEST_CASE][PASSED] - Test Cases/Final Aug 2018 - PKS Automation/Registration Module/Workflow/Form 1A - Cessation As Employer/Template/Form 1 A - Cessation As Employer (OTC): Test Cases/Final Aug 2018 - PKS Automation/Registration Module/Workflow/Form 1A - Cessation As Employer/Template/Form 1 A - Cessation As Employer (OTC)

2018-11-28 11:48:02 - [TEST_STEP][PASSED] - openBrowser: Browser is opened with url: ''

2018-11-28 11:48:02 - [MESSAGE][WARNING] - A browser is already opened. Closing browser and opening a new one

2018-11-28 11:48:05 - [MESSAGE][PASSED] - Browser is opened with url: ''

2018-11-28 11:48:05 - [TEST_STEP][PASSED] - navigateToUrl: Navigate to 'https://assist2-uat.perkeso.gov.my/login' successfully

2018-11-28 11:48:06 - [MESSAGE][PASSED] - Navigate to 'https://assist2-uat.perkeso.gov.my/login' successfully

2018-11-28 11:48:06 - [TEST_STEP][PASSED] - setText: Text 'johorotc1@gmail.com' is set on object 'Object Repository/Final Object Repo/Login Page/Internal User/Email Address'

2018-11-28 11:48:07 - [MESSAGE][PASSED] - Text 'johorotc1@gmail.com' is set on object 'Object Repository/Final Object Repo/Login Page/Internal User/Email Address'

2018-11-28 11:48:07 - [TEST_STEP][PASSED] - click: Object: 'Object Repository/Final Object Repo/Login Page/Internal User/Next Button' is clicked on

2018-11-28 11:48:07 - [MESSAGE][PASSED] - Object: 'Object Repository/Final Object Repo/Login Page/Internal User/Next Button' is clicked on

2018-11-28 11:48:07 - [TEST_STEP][PASSED] - delay: Delayed 1 second(s)

2018-11-28 11:48:08 - [MESSAGE][PASSED] - Delayed 1 second(s)

2018-11-28 11:48:08 - [TEST_STEP][PASSED] - setEncryptedText: Text ****** has been set on object 'Object Repository/Final Object Repo/Login Page/Internal User/Password'

2018-11-28 11:48:08 - [MESSAGE][PASSED] - Text ****** has been set on object 'Object Repository/Final Object Repo/Login Page/Internal User/Password'

2018-11-28 11:48:08 - [TEST_STEP][PASSED] - click: Object: 'Object Repository/Final Object Repo/Login Page/Internal User/Login Button' is clicked on

2018-11-28 11:48:08 - [MESSAGE][PASSED] - Object: 'Object Repository/Final Object Repo/Login Page/Internal User/Login Button' is clicked on

2018-11-28 11:48:08 - [TEST_STEP][PASSED] - delay: Delayed 1 second(s)

2018-11-28 11:48:09 - [MESSAGE][PASSED] - Delayed 1 second(s)

2018-11-28 11:48:09 - [TEST_STEP][PASSED] - Statement - Try: Delayed 2 second(s)

2018-11-28 11:48:09 - [TEST_STEP][PASSED] - Statement - Checker = false: null

2018-11-28 11:48:09 - [TEST_STEP][PASSED] - Statement - Checker = com.kms.katalon.core.webui.keyword.WebUiBuiltInKeywords.verifyElementHasAttribute(com.kms.katalon.core.testobject.ObjectRepository.findTestObject(Final Object Repo/Landing Page/BM Detecting), "href", 20, OPTIONAL): Object 'Object Repository/Final Object Repo/Landing Page/BM Detecting' has attribute 'href'

2018-11-28 11:48:10 - [MESSAGE][PASSED] - Object 'Object Repository/Final Object Repo/Landing Page/BM Detecting' has attribute 'href'

2018-11-28 11:48:10 - [TEST_STEP][PASSED] - Statement - out.println(Checker): null

2018-11-28 11:48:10 - [TEST_STEP][PASSED] - Statement - If (Checker == false): null

2018-11-28 11:48:10 - [TEST_STEP][PASSED] - Statement - Else: null

2018-11-28 11:48:10 - [TEST_STEP][PASSED] - delay: Delayed 2 second(s)

2018-11-28 11:48:12 - [MESSAGE][PASSED] - Delayed 2 second(s)

2018-11-28 11:48:12 - [TEST_STEP][PASSED] - navigateToUrl: Navigate to 'https://assist2-uat.perkeso.gov.my/web/registration/update/form-1a-cessation-as-employer-discontinue-business-' successfully

2018-11-28 11:48:13 - [MESSAGE][PASSED] - Navigate to 'https://assist2-uat.perkeso.gov.my/web/registration/update/form-1a-cessation-as-employer-discontinue-business-' successfully

2018-11-28 11:48:13 - [TEST_STEP][PASSED] - setText: Text 'E1102069770Z' is set on object 'Object Repository/Final Object Repo/Page_Update Employer Information/Employer Code'

2018-11-28 11:48:14 - [MESSAGE][PASSED] - Text 'E1102069770Z' is set on object 'Object Repository/Final Object Repo/Page_Update Employer Information/Employer Code'

2018-11-28 11:48:14 - [TEST_STEP][PASSED] - click: Object: 'Object Repository/Final Object Repo/Page_Update Employer Information/Search Button' is clicked on

2018-11-28 11:48:14 - [MESSAGE][PASSED] - Object: 'Object Repository/Final Object Repo/Page_Update Employer Information/Search Button' is clicked on

2018-11-28 11:48:14 - [TEST_STEP][PASSED] - click: Object: 'Object Repository/Final Object Repo/Page_Update Employer Information/Edit Button' is clicked on

2018-11-28 11:48:16 - [MESSAGE][PASSED] - Object: 'Object Repository/Final Object Repo/Page_Update Employer Information/Edit Button' is clicked on

2018-11-28 11:48:16 - [TEST_STEP][PASSED] - Statement - abc = com.kms.katalon.core.webui.keyword.WebUiBuiltInKeywords.getAttribute(com.kms.katalon.core.testobject.ObjectRepository.findTestObject(Final Object Repo/Page_Form 1A - Cessation As Employer/Employer Status), "value"): Attribute 'value' of object 'Object Repository/Final Object Repo/Page_Form 1A - Cessation As Employer/Employer Status' is: 'Dormant'

2018-11-28 11:48:16 - [MESSAGE][PASSED] - Attribute 'value' of object 'Object Repository/Final Object Repo/Page_Form 1A - Cessation As Employer/Employer Status' is: 'Dormant'

2018-11-28 11:48:16 - [TEST_STEP][PASSED] - Statement - out.println(abc): null

2018-11-28 11:48:16 - [TEST_STEP][PASSED] - Statement - If (abc == "Active"): null

2018-11-28 11:48:16 - [TEST_STEP][PASSED] - Statement - Else If (abc == "Cancel"): null

2018-11-28 11:48:16 - [TEST_STEP][PASSED] - Statement - Else If (abc == "Dormant"): Object: 'Object Repository/Final Object Repo/Page_Form 1A - Cessation As Employer/Change Employer Status to - Dormant' is clicked on

2018-11-28 11:48:16 - [TEST_STEP][PASSED] - click: Object: 'Object Repository/Final Object Repo/Page_Form 1A - Cessation As Employer/Change Employer Status to' is clicked on

2018-11-28 11:48:17 - [MESSAGE][PASSED] - Object: 'Object Repository/Final Object Repo/Page_Form 1A - Cessation As Employer/Change Employer Status to' is clicked on

2018-11-28 11:48:17 - [TEST_STEP][PASSED] - click: Object: 'Object Repository/Final Object Repo/Page_Form 1A - Cessation As Employer/Change Employer Status to - Dormant' is clicked on

2018-11-28 11:48:17 - [MESSAGE][PASSED] - Object: 'Object Repository/Final Object Repo/Page_Form 1A - Cessation As Employer/Change Employer Status to - Dormant' is clicked on

2018-11-28 11:48:17 - [TEST_STEP][PASSED] - click: Object: 'Object Repository/Final Object Repo/Page_Form 1A - Cessation As Employer/Calender' is clicked on

2018-11-28 11:48:17 - [MESSAGE][PASSED] - Object: 'Object Repository/Final Object Repo/Page_Form 1A - Cessation As Employer/Calender' is clicked on

2018-11-28 11:48:17 - [TEST_STEP][PASSED] - click: Object: 'Object Repository/Final Object Repo/Page_Form 1A - Cessation As Employer/Calender - Date' is clicked on

2018-11-28 11:48:17 - [MESSAGE][PASSED] - Object: 'Object Repository/Final Object Repo/Page_Form 1A - Cessation As Employer/Calender - Date' is clicked on

2018-11-28 11:48:17 - [TEST_STEP][PASSED] - delay: Delayed 2 second(s)

2018-11-28 11:48:19 - [MESSAGE][PASSED] - Delayed 2 second(s)

2018-11-28 11:48:19 - [TEST_STEP][PASSED] - click: Object: 'Object Repository/Final Object Repo/Page_Form 1A - Cessation As Employer/Save  Continue in Form 1A Page' is clicked on

2018-11-28 11:48:20 - [MESSAGE][PASSED] - Object: 'Object Repository/Final Object Repo/Page_Form 1A - Cessation As Employer/Save  Continue in Form 1A Page' is clicked on

2018-11-28 11:48:20 - [TEST_STEP][PASSED] - delay: Delayed 2 second(s)

2018-11-28 11:48:22 - [MESSAGE][PASSED] - Delayed 2 second(s)

2018-11-28 11:48:22 - [TEST_STEP][PASSED] - click: Object: 'Object Repository/Final Object Repo/Page_Form 1A - Cessation As Employer/Employment Resign Date' is clicked on

2018-11-28 11:48:22 - [MESSAGE][PASSED] - Object: 'Object Repository/Final Object Repo/Page_Form 1A - Cessation As Employer/Employment Resign Date' is clicked on

2018-11-28 11:48:22 - [TEST_STEP][PASSED] - delay: Delayed 1 second(s)

2018-11-28 11:48:23 - [MESSAGE][PASSED] - Delayed 1 second(s)

2018-11-28 11:48:23 - [TEST_STEP][PASSED] - Statement - CaseReferenceNo = com.kms.katalon.core.webui.keyword.WebUiBuiltInKeywords.getText(com.kms.katalon.core.testobject.ObjectRepository.findTestObject(Final Object Repo/Page_Update Employer Information/Reference Number in Update Employee Information Page)): Text of object 'Object Repository/Final Object Repo/Page_Update Employer Information/Reference Number in Update Employee Information Page' is: 'CUN112018C200001663'

2018-11-28 11:48:23 - [MESSAGE][PASSED] - Text of object 'Object Repository/Final Object Repo/Page_Update Employer Information/Reference Number in Update Employee Information Page' is: 'CUN112018C200001663'

2018-11-28 11:48:23 - [TEST_STEP][PASSED] - callTestCase: Call Test Case 'Test Cases/Final Aug 2018 - PKS Automation/Common/Reference Number Setter' successfully

2018-11-28 11:48:23 - [TEST_CASE][PASSED] - Test Cases/Final Aug 2018 - PKS Automation/Common/Reference Number Setter: Test Cases/Final Aug 2018 - PKS Automation/Common/Reference Number Setter

2018-11-28 11:48:23 - [TEST_STEP][PASSED] - Statement - RefNoOldFile = new java.io.File(C://Users//Admin//Desktop//PKS//Automation Reference Point//KatalonReference.txt): null

2018-11-28 11:48:23 - [TEST_STEP][PASSED] - Statement - RefNoOldFile.delete(): null

2018-11-28 11:48:23 - [TEST_STEP][PASSED] - delay: Delayed 5 second(s)

2018-11-28 11:48:28 - [MESSAGE][PASSED] - Delayed 5 second(s)

2018-11-28 11:48:28 - [TEST_STEP][PASSED] - Statement - RefNo = new java.io.File(C://Users//Admin//Desktop//PKS//Automation Reference Point//KatalonReference.txt): null

2018-11-28 11:48:28 - [TEST_STEP][PASSED] - Statement - f2 = new java.io.FileWriter(RefNo, false): null

2018-11-28 11:48:28 - [TEST_STEP][PASSED] - Statement - f2.write(CaseReferenceNo): null

2018-11-28 11:48:28 - [TEST_STEP][PASSED] - Statement - f2.close(): null

2018-11-28 11:48:28 - [TEST_STEP][PASSED] - Statement - out.println("


" + CaseReferenceNo + "


"): null

2018-11-28 11:48:28 - [MESSAGE][PASSED] - Call Test Case 'Test Cases/Final Aug 2018 - PKS Automation/Common/Reference Number Setter' successfully

2018-11-28 11:48:28 - [TEST_STEP][PASSED] - selectOptionByValue: All options with value '2030' are selected in object 'Object Repository/Final Object Repo/Page_Form 1A - Cessation As Employer/Employment Resign Date - Year' 

2018-11-28 11:48:28 - [MESSAGE][PASSED] - All options with value '2030' are selected in object 'Object Repository/Final Object Repo/Page_Form 1A - Cessation As Employer/Employment Resign Date - Year' 

2018-11-28 11:48:28 - [TEST_STEP][PASSED] - delay: Delayed 1 second(s)

2018-11-28 11:48:29 - [MESSAGE][PASSED] - Delayed 1 second(s)

2018-11-28 11:48:29 - [TEST_STEP][PASSED] - click: Object: 'Object Repository/Final Object Repo/Page_Form 1A - Cessation As Employer/Employment Resign Date - Year - Date' is clicked on

2018-11-28 11:48:29 - [MESSAGE][PASSED] - Object: 'Object Repository/Final Object Repo/Page_Form 1A - Cessation As Employer/Employment Resign Date - Year - Date' is clicked on

2018-11-28 11:48:29 - [TEST_STEP][PASSED] - delay: Delayed 2 second(s)

2018-11-28 11:48:31 - [MESSAGE][PASSED] - Delayed 2 second(s)

2018-11-28 11:48:31 - [TEST_STEP][PASSED] - click: Object: 'Object Repository/Final Object Repo/Page_Form 1A - Cessation As Employer/Save  Continue in Update Add Employee Resigned Date Page' is clicked on

2018-11-28 11:48:32 - [MESSAGE][PASSED] - Object: 'Object Repository/Final Object Repo/Page_Form 1A - Cessation As Employer/Save  Continue in Update Add Employee Resigned Date Page' is clicked on

2018-11-28 11:48:32 - [TEST_STEP][PASSED] - delay: Delayed 2 second(s)

2018-11-28 11:48:34 - [MESSAGE][PASSED] - Delayed 2 second(s)

2018-11-28 11:48:34 - [TEST_STEP][PASSED] - click: Object: 'Object Repository/Final Object Repo/Page_Form 1A - Cessation As Employer/Set Latest - Yes' is clicked on

2018-11-28 11:48:34 - [MESSAGE][PASSED] - Object: 'Object Repository/Final Object Repo/Page_Form 1A - Cessation As Employer/Set Latest - Yes' is clicked on

2018-11-28 11:48:34 - [TEST_STEP][PASSED] - delay: Delayed 2 second(s)

2018-11-28 11:48:36 - [MESSAGE][PASSED] - Delayed 2 second(s)

2018-11-28 11:48:36 - [TEST_STEP][PASSED] - click: Object: 'Object Repository/Final Object Repo/Page_Form 1A - Cessation As Employer/Add Document' is clicked on

2018-11-28 11:48:37 - [MESSAGE][PASSED] - Object: 'Object Repository/Final Object Repo/Page_Form 1A - Cessation As Employer/Add Document' is clicked on

2018-11-28 11:48:37 - [TEST_STEP][PASSED] - delay: Delayed 2 second(s)

2018-11-28 11:48:39 - [MESSAGE][PASSED] - Delayed 2 second(s)

2018-11-28 11:48:39 - [TEST_STEP][PASSED] - click: Object: 'Object Repository/Final Object Repo/Page_Form 1A - Cessation As Employer/Document Type' is clicked on

2018-11-28 11:48:40 - [MESSAGE][PASSED] - Object: 'Object Repository/Final Object Repo/Page_Form 1A - Cessation As Employer/Document Type' is clicked on

2018-11-28 11:48:40 - [TEST_STEP][PASSED] - delay: Delayed 2 second(s)

2018-11-28 11:48:42 - [MESSAGE][PASSED] - Delayed 2 second(s)

2018-11-28 11:48:42 - [TEST_STEP][PASSED] - click: Object: 'Object Repository/Final Object Repo/Page_Form 1A - Cessation As Employer/Document Type - Supporting Document For Cessation' is clicked on

2018-11-28 11:48:42 - [MESSAGE][PASSED] - Object: 'Object Repository/Final Object Repo/Page_Form 1A - Cessation As Employer/Document Type - Supporting Document For Cessation' is clicked on

2018-11-28 11:48:42 - [TEST_STEP][PASSED] - delay: Delayed 2 second(s)

2018-11-28 11:48:44 - [MESSAGE][PASSED] - Delayed 2 second(s)

2018-11-28 11:48:44 - [TEST_STEP][PASSED] - sendKeys: Keys 'C:\Users\Public\Pictures\Sample Pictures\Koala.jpg' sent to object: 'Object Repository/Final Object Repo/Page_Form 1A - Cessation As Employer/Uploading File'

2018-11-28 11:48:44 - [MESSAGE][PASSED] - Keys 'C:\Users\Public\Pictures\Sample Pictures\Koala.jpg' sent to object: 'Object Repository/Final Object Repo/Page_Form 1A - Cessation As Employer/Uploading File'

2018-11-28 11:48:44 - [TEST_STEP][PASSED] - delay: Delayed 2 second(s)

2018-11-28 11:48:46 - [MESSAGE][PASSED] - Delayed 2 second(s)

2018-11-28 11:48:46 - [TEST_STEP][PASSED] - click: Object: 'Object Repository/Final Object Repo/Page_Form 1A - Cessation As Employer/Add Document in Uploading Page' is clicked on

2018-11-28 11:48:46 - [MESSAGE][PASSED] - Object: 'Object Repository/Final Object Repo/Page_Form 1A - Cessation As Employer/Add Document in Uploading Page' is clicked on

2018-11-28 11:48:46 - [TEST_STEP][PASSED] - delay: Delayed 20 second(s)

2018-11-28 11:49:06 - [MESSAGE][PASSED] - Delayed 20 second(s)

2018-11-28 11:49:06 - [TEST_STEP][PASSED] - click: Object: 'Object Repository/Final Object Repo/Page_Form 1A - Cessation As Employer/Save  Continue in Uploading Page' is clicked on

2018-11-28 11:49:07 - [MESSAGE][PASSED] - Object: 'Object Repository/Final Object Repo/Page_Form 1A - Cessation As Employer/Save  Continue in Uploading Page' is clicked on

2018-11-28 11:49:07 - [TEST_STEP][PASSED] - delay: Delayed 2 second(s)

2018-11-28 11:49:09 - [MESSAGE][PASSED] - Delayed 2 second(s)

2018-11-28 11:49:09 - [TEST_STEP][PASSED] - click: Object: 'Object Repository/Final Object Repo/Page_Form 1A - Cessation As Employer/Submit2' is clicked on

2018-11-28 11:49:11 - [MESSAGE][PASSED] - Object: 'Object Repository/Final Object Repo/Page_Form 1A - Cessation As Employer/Submit2' is clicked on

2018-11-28 11:49:11 - [TEST_STEP][PASSED] - delay: Delayed 2 second(s)

2018-11-28 11:49:13 - [MESSAGE][PASSED] - Delayed 2 second(s)

2018-11-28 11:49:13 - [TEST_STEP][PASSED] - click: Object: 'Object Repository/Final Object Repo/Page_Form 1A - Cessation As Employer/Confirm' is clicked on

2018-11-28 11:49:14 - [MESSAGE][PASSED] - Object: 'Object Repository/Final Object Repo/Page_Form 1A - Cessation As Employer/Confirm' is clicked on

2018-11-28 11:49:14 - [TEST_STEP][PASSED] - delay: Delayed 2 second(s)

2018-11-28 11:49:16 - [MESSAGE][PASSED] - Delayed 2 second(s)

2018-11-28 11:49:16 - [TEST_STEP][PASSED] - verifyElementVisible: Object 'Object Repository/Final Object Repo/Page_Form 1A - Cessation As Employer/Message Your Request will be routed to UO' is visible

2018-11-28 11:49:19 - [MESSAGE][PASSED] - Object 'Object Repository/Final Object Repo/Page_Form 1A - Cessation As Employer/Message Your Request will be routed to UO' is visible

2018-11-28 11:49:19 - [TEST_STEP][PASSED] - delay: Delayed 1 second(s)

2018-11-28 11:49:20 - [MESSAGE][PASSED] - Delayed 1 second(s)

2018-11-28 11:49:20 - [TEST_STEP][PASSED] - verifyElementVisible: Object 'Object Repository/Final Object Repo/Page_Form 1A - Cessation As Employer/Letter of acknowledgement' is visible

2018-11-28 11:49:20 - [MESSAGE][PASSED] - Object 'Object Repository/Final Object Repo/Page_Form 1A - Cessation As Employer/Letter of acknowledgement' is visible

2018-11-28 11:49:20 - [MESSAGE][PASSED] - Call Test Case 'Test Cases/Final Aug 2018 - PKS Automation/Registration Module/Workflow/Form 1A - Cessation As Employer/Template/Form 1 A - Cessation As Employer (OTC)' successfully

2018-11-28 11:49:20 - [TEST_STEP][PASSED] - callTestCase: Call Test Case 'Test Cases/Final Aug 2018 - PKS Automation/Registration Module/Workflow/Form 1A - Cessation As Employer/Template/Form 1 A - Cessation As Employer (Query)' successfully

2018-11-28 11:49:21 - [TEST_CASE][PASSED] - Test Cases/Final Aug 2018 - PKS Automation/Registration Module/Workflow/Form 1A - Cessation As Employer/Template/Form 1 A - Cessation As Employer (Query): Test Cases/Final Aug 2018 - PKS Automation/Registration Module/Workflow/Form 1A - Cessation As Employer/Template/Form 1 A - Cessation As Employer (Query)

2018-11-28 11:49:21 - [TEST_STEP][NOT_RUN] - callTestCase: NOT_RUN: callTestCase

2018-11-28 11:49:21 - [MESSAGE][NOT_RUN] - NOT_RUN: callTestCase

2018-11-28 11:49:21 - [TEST_STEP][PASSED] - delay: Delayed 1 second(s)

2018-11-28 11:49:22 - [MESSAGE][PASSED] - Delayed 1 second(s)

2018-11-28 11:49:22 - [TEST_STEP][PASSED] - navigateToUrl: Navigate to 'https://assist2-uat.perkeso.gov.my/c/portal/logout' successfully

2018-11-28 11:49:22 - [MESSAGE][PASSED] - Navigate to 'https://assist2-uat.perkeso.gov.my/c/portal/logout' successfully

2018-11-28 11:49:22 - [TEST_STEP][PASSED] - delay: Delayed 1 second(s)

2018-11-28 11:49:23 - [MESSAGE][PASSED] - Delayed 1 second(s)

2018-11-28 11:49:23 - [TEST_STEP][PASSED] - callTestCase: Call Test Case 'Test Cases/Final Aug 2018 - PKS Automation/Common/Reference Number Getter' successfully

2018-11-28 11:49:23 - [TEST_CASE][PASSED] - Test Cases/Final Aug 2018 - PKS Automation/Common/Reference Number Getter: Test Cases/Final Aug 2018 - PKS Automation/Common/Reference Number Getter

2018-11-28 11:49:23 - [TEST_STEP][PASSED] - Statement - Try: null

2018-11-28 11:49:23 - [TEST_STEP][PASSED] - Statement - RefNo = new java.io.File(C://Users//Admin//Desktop//PKS//Automation Reference Point//KatalonReference.txt): null

2018-11-28 11:49:23 - [TEST_STEP][PASSED] - Statement - bufferread = new java.io.BufferedReader(new java.io.FileReader(RefNo)): null

2018-11-28 11:49:23 - [TEST_STEP][PASSED] - Statement - readedVal = bufferread.readLine(): null

2018-11-28 11:49:23 - [TEST_STEP][PASSED] - Statement - out.println(CaseReferenceNo): null

2018-11-28 11:49:23 - [TEST_STEP][PASSED] - Statement - out.println(readedVal): null

2018-11-28 11:49:23 - [TEST_STEP][PASSED] - Statement - CaseReferenceNo = "": null

2018-11-28 11:49:23 - [TEST_STEP][PASSED] - Statement - CaseReferenceNo = readedVal: null

2018-11-28 11:49:23 - [MESSAGE][PASSED] - Call Test Case 'Test Cases/Final Aug 2018 - PKS Automation/Common/Reference Number Getter' successfully

2018-11-28 11:49:23 - [TEST_STEP][PASSED] - callTestCase: Call Test Case 'Test Cases/Final Aug 2018 - PKS Automation/Common/Workflow Owner Finder' successfully

2018-11-28 11:49:24 - [TEST_CASE][PASSED] - Test Cases/Final Aug 2018 - PKS Automation/Common/Workflow Owner Finder: Test Cases/Final Aug 2018 - PKS Automation/Common/Workflow Owner Finder

2018-11-28 11:49:24 - [TEST_STEP][PASSED] - openBrowser: Browser is opened with url: ''

2018-11-28 11:49:24 - [MESSAGE][WARNING] - A browser is already opened. Closing browser and opening a new one

2018-11-28 11:49:27 - [MESSAGE][PASSED] - Browser is opened with url: ''

2018-11-28 11:49:27 - [TEST_STEP][PASSED] - navigateToUrl: Navigate to 'https://assist2-uat.perkeso.gov.my/login' successfully

2018-11-28 11:49:28 - [MESSAGE][PASSED] - Navigate to 'https://assist2-uat.perkeso.gov.my/login' successfully

2018-11-28 11:49:28 - [TEST_STEP][PASSED] - delay: Delayed 5 second(s)

2018-11-28 11:49:33 - [MESSAGE][PASSED] - Delayed 5 second(s)

2018-11-28 11:49:33 - [TEST_STEP][PASSED] - setText: Text 'test@liferay.com' is set on object 'Object Repository/Final Object Repo/Login Page/Internal User/Email Address'

2018-11-28 11:49:33 - [MESSAGE][PASSED] - Text 'test@liferay.com' is set on object 'Object Repository/Final Object Repo/Login Page/Internal User/Email Address'

2018-11-28 11:49:33 - [TEST_STEP][PASSED] - click: Object: 'Object Repository/Final Object Repo/Login Page/Internal User/Next Button' is clicked on

2018-11-28 11:49:33 - [MESSAGE][PASSED] - Object: 'Object Repository/Final Object Repo/Login Page/Internal User/Next Button' is clicked on

2018-11-28 11:49:33 - [TEST_STEP][PASSED] - delay: Delayed 2 second(s)

2018-11-28 11:49:35 - [MESSAGE][PASSED] - Delayed 2 second(s)

2018-11-28 11:49:35 - [TEST_STEP][PASSED] - setText: Text 'test' is set on object 'Object Repository/Final Object Repo/Login Page/Internal User/Password'

2018-11-28 11:49:35 - [MESSAGE][PASSED] - Text 'test' is set on object 'Object Repository/Final Object Repo/Login Page/Internal User/Password'

2018-11-28 11:49:35 - [TEST_STEP][PASSED] - delay: Delayed 2 second(s)

2018-11-28 11:49:37 - [MESSAGE][PASSED] - Delayed 2 second(s)

2018-11-28 11:49:37 - [TEST_STEP][PASSED] - click: Object: 'Object Repository/Final Object Repo/Login Page/Internal User/Login Button' is clicked on

2018-11-28 11:49:38 - [MESSAGE][PASSED] - Object: 'Object Repository/Final Object Repo/Login Page/Internal User/Login Button' is clicked on

2018-11-28 11:49:38 - [TEST_STEP][PASSED] - Statement - Try: null

2018-11-28 11:49:38 - [TEST_STEP][PASSED] - Statement - Checker = com.kms.katalon.core.webui.keyword.WebUiBuiltInKeywords.verifyElementNotPresent("Final Object Repo/Landing Page/Select to English", 3): null

2018-11-28 11:49:38 - [TEST_STEP][PASSED] - Statement - Catch (Exception e): null

2018-11-28 11:49:38 - [TEST_STEP][PASSED] - Statement - e.printStackTrace(): null

2018-11-28 11:49:38 - [TEST_STEP][PASSED] - delay: Delayed 5 second(s)

2018-11-28 11:49:43 - [MESSAGE][PASSED] - Delayed 5 second(s)

2018-11-28 11:49:43 - [TEST_STEP][PASSED] - mouseOver: Object: 'Object Repository/Final Object Repo/Landing Page/WorkFlow Menu' is hovered

2018-11-28 11:49:43 - [MESSAGE][PASSED] - Object: 'Object Repository/Final Object Repo/Landing Page/WorkFlow Menu' is hovered

2018-11-28 11:49:43 - [TEST_STEP][PASSED] - delay: Delayed 2 second(s)

2018-11-28 11:49:45 - [MESSAGE][PASSED] - Delayed 2 second(s)

2018-11-28 11:49:45 - [TEST_STEP][PASSED] - click: Object: 'Object Repository/Final Object Repo/Landing Page/Select to Workflow Listing' is clicked on

2018-11-28 11:49:46 - [MESSAGE][PASSED] - Object: 'Object Repository/Final Object Repo/Landing Page/Select to Workflow Listing' is clicked on

2018-11-28 11:49:46 - [TEST_STEP][PASSED] - delay: Delayed 2 second(s)

2018-11-28 11:49:48 - [MESSAGE][PASSED] - Delayed 2 second(s)

2018-11-28 11:49:48 - [TEST_STEP][PASSED] - click: Object: 'Object Repository/Final Object Repo/WorkFlow Listing Page/Search Information - To Put Ref No' is clicked on

2018-11-28 11:49:48 - [MESSAGE][PASSED] - Object: 'Object Repository/Final Object Repo/WorkFlow Listing Page/Search Information - To Put Ref No' is clicked on

2018-11-28 11:49:48 - [TEST_STEP][PASSED] - delay: Delayed 2 second(s)

2018-11-28 11:49:50 - [MESSAGE][PASSED] - Delayed 2 second(s)

2018-11-28 11:49:50 - [TEST_STEP][PASSED] - callTestCase: Call Test Case 'Test Cases/Final Aug 2018 - PKS Automation/Common/Reference Number Getter' successfully

2018-11-28 11:49:50 - [TEST_CASE][PASSED] - Test Cases/Final Aug 2018 - PKS Automation/Common/Reference Number Getter: Test Cases/Final Aug 2018 - PKS Automation/Common/Reference Number Getter

2018-11-28 11:49:50 - [TEST_STEP][PASSED] - Statement - Try: null

2018-11-28 11:49:50 - [TEST_STEP][PASSED] - Statement - RefNo = new java.io.File(C://Users//Admin//Desktop//PKS//Automation Reference Point//KatalonReference.txt): null

2018-11-28 11:49:50 - [TEST_STEP][PASSED] - Statement - bufferread = new java.io.BufferedReader(new java.io.FileReader(RefNo)): null

2018-11-28 11:49:50 - [TEST_STEP][PASSED] - Statement - readedVal = bufferread.readLine(): null

2018-11-28 11:49:50 - [TEST_STEP][PASSED] - Statement - out.println(CaseReferenceNo): null

2018-11-28 11:49:50 - [TEST_STEP][PASSED] - Statement - out.println(readedVal): null

2018-11-28 11:49:50 - [TEST_STEP][PASSED] - Statement - CaseReferenceNo = "": null

2018-11-28 11:49:50 - [TEST_STEP][PASSED] - Statement - CaseReferenceNo = readedVal: null

2018-11-28 11:49:50 - [MESSAGE][PASSED] - Call Test Case 'Test Cases/Final Aug 2018 - PKS Automation/Common/Reference Number Getter' successfully

2018-11-28 11:49:50 - [TEST_STEP][PASSED] - setText: Text 'CUN112018C200001663' is set on object 'Object Repository/Final Object Repo/WorkFlow Listing Page/Ref No Set Text'

2018-11-28 11:49:50 - [MESSAGE][PASSED] - Text 'CUN112018C200001663' is set on object 'Object Repository/Final Object Repo/WorkFlow Listing Page/Ref No Set Text'

2018-11-28 11:49:50 - [TEST_STEP][PASSED] - delay: Delayed 2 second(s)

2018-11-28 11:49:52 - [MESSAGE][PASSED] - Delayed 2 second(s)

2018-11-28 11:49:52 - [TEST_STEP][PASSED] - click: Object: 'Object Repository/Final Object Repo/WorkFlow Listing Page/Search Ref No Search Button' is clicked on

2018-11-28 11:49:52 - [MESSAGE][PASSED] - Object: 'Object Repository/Final Object Repo/WorkFlow Listing Page/Search Ref No Search Button' is clicked on

2018-11-28 11:49:52 - [TEST_STEP][PASSED] - delay: Delayed 4 second(s)

2018-11-28 11:49:56 - [MESSAGE][PASSED] - Delayed 4 second(s)

2018-11-28 11:49:56 - [TEST_STEP][PASSED] - click: Object: 'Object Repository/Final Object Repo/WorkFlow Listing Page/Click Continue Tooltip' is clicked on

2018-11-28 11:49:57 - [MESSAGE][PASSED] - Object: 'Object Repository/Final Object Repo/WorkFlow Listing Page/Click Continue Tooltip' is clicked on

2018-11-28 11:49:57 - [TEST_STEP][PASSED] - delay: Delayed 5 second(s)

2018-11-28 11:50:02 - [MESSAGE][PASSED] - Delayed 5 second(s)

2018-11-28 11:50:02 - [TEST_STEP][PASSED] - doubleClick: Object: 'Object Repository/Final Object Repo/WorkFlow Listing Page/Workflow Found - Listing 1' is double clicked on

2018-11-28 11:50:03 - [MESSAGE][PASSED] - Object: 'Object Repository/Final Object Repo/WorkFlow Listing Page/Workflow Found - Listing 1' is double clicked on

2018-11-28 11:50:03 - [TEST_STEP][PASSED] - Statement - println(OwnerID): null

2018-11-28 11:50:03 - [TEST_STEP][PASSED] - Statement - OwnerID = com.kms.katalon.core.webui.keyword.WebUiBuiltInKeywords.getText(com.kms.katalon.core.testobject.ObjectRepository.findTestObject(Final Object Repo/WorkFlow Listing Page/Workflow Found - Listing 1), STOP_ON_FAILURE): Text of object 'Object Repository/Final Object Repo/WorkFlow Listing Page/Workflow Found - Listing 1' is: 'JOHORuo2'

2018-11-28 11:50:03 - [MESSAGE][PASSED] - Text of object 'Object Repository/Final Object Repo/WorkFlow Listing Page/Workflow Found - Listing 1' is: 'JOHORuo2'

2018-11-28 11:50:03 - [TEST_STEP][PASSED] - Statement - OwnerID = OwnerID.toLowerCase() + "@gmail.com": null

2018-11-28 11:50:03 - [TEST_STEP][PASSED] - Statement - println(OwnerID): null

2018-11-28 11:50:03 - [TEST_STEP][PASSED] - delay: Delayed 2 second(s)

2018-11-28 11:50:05 - [MESSAGE][PASSED] - Delayed 2 second(s)

2018-11-28 11:50:05 - [MESSAGE][PASSED] - Call Test Case 'Test Cases/Final Aug 2018 - PKS Automation/Common/Workflow Owner Finder' successfully

2018-11-28 11:50:05 - [TEST_STEP][PASSED] - delay: Delayed 1 second(s)

2018-11-28 11:50:06 - [MESSAGE][PASSED] - Delayed 1 second(s)

2018-11-28 11:50:06 - [TEST_STEP][PASSED] - navigateToUrl: Navigate to 'https://assist2-uat.perkeso.gov.my/c/portal/logout' successfully

2018-11-28 11:50:07 - [MESSAGE][PASSED] - Navigate to 'https://assist2-uat.perkeso.gov.my/c/portal/logout' successfully

2018-11-28 11:50:07 - [TEST_STEP][PASSED] - delay: Delayed 1 second(s)

2018-11-28 11:50:08 - [MESSAGE][PASSED] - Delayed 1 second(s)

2018-11-28 11:50:08 - [TEST_STEP][PASSED] - callTestCase: Call Test Case 'Test Cases/Final Aug 2018 - PKS Automation/Registration Module/Workflow/Login and Search Case For Workflow' successfully

2018-11-28 11:50:08 - [TEST_CASE][PASSED] - Test Cases/Final Aug 2018 - PKS Automation/Registration Module/Workflow/Login and Search Case For Workflow: Test Cases/Final Aug 2018 - PKS Automation/Registration Module/Workflow/Login and Search Case For Workflow

2018-11-28 11:50:08 - [TEST_STEP][PASSED] - navigateToUrl: Navigate to 'https://assist2-uat.perkeso.gov.my/login' successfully

2018-11-28 11:50:08 - [MESSAGE][PASSED] - Navigate to 'https://assist2-uat.perkeso.gov.my/login' successfully

2018-11-28 11:50:08 - [TEST_STEP][PASSED] - setText: Text 'johoruo2@gmail.com' is set on object 'Object Repository/Final Object Repo/Login Page/Internal User/Email Address'

2018-11-28 11:50:09 - [MESSAGE][PASSED] - Text 'johoruo2@gmail.com' is set on object 'Object Repository/Final Object Repo/Login Page/Internal User/Email Address'

2018-11-28 11:50:09 - [TEST_STEP][PASSED] - click: Object: 'Object Repository/Final Object Repo/Login Page/Internal User/Next Button' is clicked on

2018-11-28 11:50:09 - [MESSAGE][PASSED] - Object: 'Object Repository/Final Object Repo/Login Page/Internal User/Next Button' is clicked on

2018-11-28 11:50:09 - [TEST_STEP][PASSED] - delay: Delayed 1 second(s)

2018-11-28 11:50:10 - [MESSAGE][PASSED] - Delayed 1 second(s)

2018-11-28 11:50:10 - [TEST_STEP][PASSED] - setEncryptedText: Text ****** has been set on object 'Object Repository/Final Object Repo/Login Page/Internal User/Password'

2018-11-28 11:50:10 - [MESSAGE][PASSED] - Text ****** has been set on object 'Object Repository/Final Object Repo/Login Page/Internal User/Password'

2018-11-28 11:50:10 - [TEST_STEP][PASSED] - click: Object: 'Object Repository/Final Object Repo/Login Page/Internal User/Login Button' is clicked on

2018-11-28 11:50:10 - [MESSAGE][PASSED] - Object: 'Object Repository/Final Object Repo/Login Page/Internal User/Login Button' is clicked on

2018-11-28 11:50:10 - [TEST_STEP][PASSED] - delay: Delayed 2 second(s)

2018-11-28 11:50:12 - [MESSAGE][PASSED] - Delayed 2 second(s)

2018-11-28 11:50:12 - [TEST_STEP][PASSED] - Statement - Try: Delayed 2 second(s)

2018-11-28 11:50:12 - [TEST_STEP][PASSED] - Statement - Checker = false: null

2018-11-28 11:50:12 - [TEST_STEP][PASSED] - Statement - Checker = com.kms.katalon.core.webui.keyword.WebUiBuiltInKeywords.verifyElementHasAttribute(com.kms.katalon.core.testobject.ObjectRepository.findTestObject(Final Object Repo/Landing Page/BM Detecting), "href", 20, OPTIONAL): Object 'Object Repository/Final Object Repo/Landing Page/BM Detecting' has attribute 'href'

2018-11-28 11:50:12 - [MESSAGE][PASSED] - Object 'Object Repository/Final Object Repo/Landing Page/BM Detecting' has attribute 'href'

2018-11-28 11:50:12 - [TEST_STEP][PASSED] - Statement - out.println(Checker): null

2018-11-28 11:50:12 - [TEST_STEP][PASSED] - Statement - If (Checker == false): null

2018-11-28 11:50:12 - [TEST_STEP][PASSED] - Statement - Else: null

2018-11-28 11:50:12 - [TEST_STEP][PASSED] - delay: Delayed 2 second(s)

2018-11-28 11:50:14 - [MESSAGE][PASSED] - Delayed 2 second(s)

2018-11-28 11:50:14 - [TEST_STEP][PASSED] - click: Object: 'Object Repository/Final Object Repo/Page_MyASSIST - ASSIST - Search Pending Case For Add Supporting Document/Search Information' is clicked on

2018-11-28 11:50:15 - [MESSAGE][PASSED] - Object: 'Object Repository/Final Object Repo/Page_MyASSIST - ASSIST - Search Pending Case For Add Supporting Document/Search Information' is clicked on

2018-11-28 11:50:15 - [TEST_STEP][PASSED] - delay: Delayed 3 second(s)

2018-11-28 11:50:18 - [MESSAGE][PASSED] - Delayed 3 second(s)

2018-11-28 11:50:18 - [TEST_STEP][PASSED] - sendKeys: Keys 'CUN112018C200001663' sent to object: 'Object Repository/Final Object Repo/Page_MyASSIST - ASSIST - Search Pending Case For Add Supporting Document/Reference No'

2018-11-28 11:50:18 - [MESSAGE][PASSED] - Keys 'CUN112018C200001663' sent to object: 'Object Repository/Final Object Repo/Page_MyASSIST - ASSIST - Search Pending Case For Add Supporting Document/Reference No'

2018-11-28 11:50:18 - [TEST_STEP][PASSED] - click: Object: 'Object Repository/Final Object Repo/Page_MyASSIST - ASSIST - Search Pending Case For Add Supporting Document/Search Reference No' is clicked on

2018-11-28 11:50:18 - [MESSAGE][PASSED] - Object: 'Object Repository/Final Object Repo/Page_MyASSIST - ASSIST - Search Pending Case For Add Supporting Document/Search Reference No' is clicked on

2018-11-28 11:50:18 - [TEST_STEP][PASSED] - delay: Delayed 2 second(s)

2018-11-28 11:50:20 - [MESSAGE][PASSED] - Delayed 2 second(s)

2018-11-28 11:50:20 - [TEST_STEP][PASSED] - click: Object: 'Object Repository/Final Object Repo/Page_MyASSIST - ASSIST - Search Pending Case For Add Supporting Document/Continue' is clicked on

2018-11-28 11:50:24 - [MESSAGE][PASSED] - Object: 'Object Repository/Final Object Repo/Page_MyASSIST - ASSIST - Search Pending Case For Add Supporting Document/Continue' is clicked on

2018-11-28 11:50:24 - [TEST_STEP][PASSED] - delay: Delayed 20 second(s)

2018-11-28 11:50:44 - [MESSAGE][PASSED] - Delayed 20 second(s)

2018-11-28 11:50:44 - [MESSAGE][PASSED] - Call Test Case 'Test Cases/Final Aug 2018 - PKS Automation/Registration Module/Workflow/Login and Search Case For Workflow' successfully

2018-11-28 11:50:44 - [TEST_STEP][PASSED] - click: Object: 'Object Repository/Final Object Repo/Page_Form 1A - Cessation As Employer/Page_Form 1A - Cessation As Employer (Approve)/Save  Continue in Form 1A Page' is clicked on

2018-11-28 11:50:44 - [MESSAGE][PASSED] - Object: 'Object Repository/Final Object Repo/Page_Form 1A - Cessation As Employer/Page_Form 1A - Cessation As Employer (Approve)/Save  Continue in Form 1A Page' is clicked on

2018-11-28 11:50:44 - [TEST_STEP][PASSED] - delay: Delayed 2 second(s)

2018-11-28 11:50:46 - [MESSAGE][PASSED] - Delayed 2 second(s)

2018-11-28 11:50:46 - [TEST_STEP][PASSED] - click: Object: 'Object Repository/Final Object Repo/Page_Form 1A - Cessation As Employer/Employment Resign Date' is clicked on

2018-11-28 11:50:46 - [MESSAGE][PASSED] - Object: 'Object Repository/Final Object Repo/Page_Form 1A - Cessation As Employer/Employment Resign Date' is clicked on

2018-11-28 11:50:46 - [TEST_STEP][PASSED] - delay: Delayed 1 second(s)

2018-11-28 11:50:47 - [MESSAGE][PASSED] - Delayed 1 second(s)

2018-11-28 11:50:47 - [TEST_STEP][PASSED] - selectOptionByValue: All options with value '2030' are selected in object 'Object Repository/Final Object Repo/Page_Form 1A - Cessation As Employer/Employment Resign Date - Year' 

2018-11-28 11:50:47 - [MESSAGE][PASSED] - All options with value '2030' are selected in object 'Object Repository/Final Object Repo/Page_Form 1A - Cessation As Employer/Employment Resign Date - Year' 

2018-11-28 11:50:47 - [TEST_STEP][PASSED] - delay: Delayed 1 second(s)

2018-11-28 11:50:48 - [MESSAGE][PASSED] - Delayed 1 second(s)

2018-11-28 11:50:48 - [TEST_STEP][PASSED] - click: Object: 'Object Repository/Final Object Repo/Page_Form 1A - Cessation As Employer/Employment Resign Date - Year - Date' is clicked on

2018-11-28 11:50:48 - [MESSAGE][PASSED] - Object: 'Object Repository/Final Object Repo/Page_Form 1A - Cessation As Employer/Employment Resign Date - Year - Date' is clicked on

2018-11-28 11:50:48 - [TEST_STEP][PASSED] - delay: Delayed 2 second(s)

2018-11-28 11:50:50 - [MESSAGE][PASSED] - Delayed 2 second(s)

2018-11-28 11:50:50 - [TEST_STEP][PASSED] - click: Object: 'Object Repository/Final Object Repo/Page_Form 1A - Cessation As Employer/Page_Form 1A - Cessation As Employer (Approve)/Save  Continue in Update Add Employee Resigned Date Page' is clicked on

2018-11-28 11:50:51 - [MESSAGE][PASSED] - Object: 'Object Repository/Final Object Repo/Page_Form 1A - Cessation As Employer/Page_Form 1A - Cessation As Employer (Approve)/Save  Continue in Update Add Employee Resigned Date Page' is clicked on

2018-11-28 11:50:51 - [TEST_STEP][PASSED] - delay: Delayed 2 second(s)

2018-11-28 11:50:53 - [MESSAGE][PASSED] - Delayed 2 second(s)

2018-11-28 11:50:53 - [TEST_STEP][PASSED] - click: Object: 'Object Repository/Final Object Repo/Page_Form 1A - Cessation As Employer/Set Latest - Yes' is clicked on

2018-11-28 11:50:53 - [MESSAGE][PASSED] - Object: 'Object Repository/Final Object Repo/Page_Form 1A - Cessation As Employer/Set Latest - Yes' is clicked on

2018-11-28 11:50:53 - [TEST_STEP][PASSED] - delay: Delayed 2 second(s)

2018-11-28 11:50:55 - [MESSAGE][PASSED] - Delayed 2 second(s)

2018-11-28 11:50:55 - [TEST_STEP][PASSED] - setText: Text 'remark' is set on object 'Object Repository/Final Object Repo/Page_Form 1A - Cessation As Employer/Page_Form 1A - Cessation As Employer (Query)/Query - remark'

2018-11-28 11:50:56 - [MESSAGE][PASSED] - Text 'remark' is set on object 'Object Repository/Final Object Repo/Page_Form 1A - Cessation As Employer/Page_Form 1A - Cessation As Employer (Query)/Query - remark'

2018-11-28 11:50:56 - [TEST_STEP][PASSED] - delay: Delayed 2 second(s)

2018-11-28 11:50:58 - [MESSAGE][PASSED] - Delayed 2 second(s)

2018-11-28 11:50:58 - [TEST_STEP][PASSED] - click: Object: 'Object Repository/Final Object Repo/Page_Form 1A - Cessation As Employer/Page_Form 1A - Cessation As Employer (Approve)/Save  Contine in Uploading Document Page' is clicked on

2018-11-28 11:50:59 - [MESSAGE][PASSED] - Object: 'Object Repository/Final Object Repo/Page_Form 1A - Cessation As Employer/Page_Form 1A - Cessation As Employer (Approve)/Save  Contine in Uploading Document Page' is clicked on

2018-11-28 11:50:59 - [TEST_STEP][PASSED] - delay: Delayed 2 second(s)

2018-11-28 11:51:01 - [MESSAGE][PASSED] - Delayed 2 second(s)

2018-11-28 11:51:01 - [TEST_STEP][PASSED] - click: Object: 'Object Repository/Final Object Repo/Page_Form 1A - Cessation As Employer/Page_Form 1A - Cessation As Employer (Query)/Query' is clicked on

2018-11-28 11:51:03 - [MESSAGE][PASSED] - Object: 'Object Repository/Final Object Repo/Page_Form 1A - Cessation As Employer/Page_Form 1A - Cessation As Employer (Query)/Query' is clicked on

2018-11-28 11:51:03 - [TEST_STEP][PASSED] - delay: Delayed 2 second(s)

2018-11-28 11:51:05 - [MESSAGE][PASSED] - Delayed 2 second(s)

2018-11-28 11:51:05 - [TEST_STEP][PASSED] - click: Object: 'Object Repository/Final Object Repo/Page_Form 1A - Cessation As Employer/Page_Form 1A - Cessation As Employer (Query)/Confirm' is clicked on

2018-11-28 11:51:12 - [MESSAGE][PASSED] - Object: 'Object Repository/Final Object Repo/Page_Form 1A - Cessation As Employer/Page_Form 1A - Cessation As Employer (Query)/Confirm' is clicked on

2018-11-28 11:51:12 - [TEST_STEP][PASSED] - delay: Delayed 2 second(s)

2018-11-28 11:51:14 - [MESSAGE][PASSED] - Delayed 2 second(s)

2018-11-28 11:51:14 - [TEST_STEP][PASSED] - verifyElementVisible: Object 'Object Repository/Final Object Repo/Page_Form 1A - Cessation As Employer/Page_Form 1A - Cessation As Employer (Query)/MessageThe Case Is Under Query' is visible

2018-11-28 11:51:14 - [MESSAGE][PASSED] - Object 'Object Repository/Final Object Repo/Page_Form 1A - Cessation As Employer/Page_Form 1A - Cessation As Employer (Query)/MessageThe Case Is Under Query' is visible

2018-11-28 11:51:14 - [TEST_STEP][PASSED] - delay: Delayed 1 second(s)

2018-11-28 11:51:15 - [MESSAGE][PASSED] - Delayed 1 second(s)

2018-11-28 11:51:15 - [TEST_STEP][PASSED] - verifyElementVisible: Object 'Object Repository/Final Object Repo/Page_Form 1A - Cessation As Employer/Page_Form 1A - Cessation As Employer (Query)/Letter of inquiry' is visible

2018-11-28 11:51:16 - [MESSAGE][PASSED] - Object 'Object Repository/Final Object Repo/Page_Form 1A - Cessation As Employer/Page_Form 1A - Cessation As Employer (Query)/Letter of inquiry' is visible

2018-11-28 11:51:16 - [TEST_STEP][PASSED] - delay: Delayed 1 second(s)

2018-11-28 11:51:17 - [MESSAGE][PASSED] - Delayed 1 second(s)

2018-11-28 11:51:17 - [TEST_STEP][PASSED] - navigateToUrl: Navigate to 'https://assist2-uat.perkeso.gov.my/c/portal/logout' successfully

2018-11-28 11:51:17 - [MESSAGE][PASSED] - Navigate to 'https://assist2-uat.perkeso.gov.my/c/portal/logout' successfully

2018-11-28 11:51:17 - [TEST_STEP][PASSED] - delay: Delayed 1 second(s)

2018-11-28 11:51:18 - [MESSAGE][PASSED] - Delayed 1 second(s)

2018-11-28 11:51:18 - [TEST_STEP][PASSED] - callTestCase: Call Test Case 'Test Cases/Final Aug 2018 - PKS Automation/Registration Module/Workflow/Search Pending Case For Add Supporting Document (OTC)' successfully

2018-11-28 11:51:18 - [TEST_CASE][PASSED] - Test Cases/Final Aug 2018 - PKS Automation/Registration Module/Workflow/Search Pending Case For Add Supporting Document (OTC): Test Cases/Final Aug 2018 - PKS Automation/Registration Module/Workflow/Search Pending Case For Add Supporting Document (OTC)

2018-11-28 11:51:18 - [TEST_STEP][PASSED] - openBrowser: Browser is opened with url: ''

2018-11-28 11:51:18 - [MESSAGE][WARNING] - A browser is already opened. Closing browser and opening a new one

2018-11-28 11:51:21 - [MESSAGE][PASSED] - Browser is opened with url: ''

2018-11-28 11:51:21 - [TEST_STEP][PASSED] - navigateToUrl: Navigate to 'https://assist2-uat.perkeso.gov.my/login' successfully

2018-11-28 11:51:22 - [MESSAGE][PASSED] - Navigate to 'https://assist2-uat.perkeso.gov.my/login' successfully

2018-11-28 11:51:22 - [TEST_STEP][PASSED] - setText: Text 'johorotc1@gmail.com' is set on object 'Object Repository/Final Object Repo/Login Page/Internal User/Email Address'

2018-11-28 11:51:23 - [MESSAGE][PASSED] - Text 'johorotc1@gmail.com' is set on object 'Object Repository/Final Object Repo/Login Page/Internal User/Email Address'

2018-11-28 11:51:23 - [TEST_STEP][PASSED] - click: Object: 'Object Repository/Final Object Repo/Login Page/Internal User/Next Button' is clicked on

2018-11-28 11:51:23 - [MESSAGE][PASSED] - Object: 'Object Repository/Final Object Repo/Login Page/Internal User/Next Button' is clicked on

2018-11-28 11:51:23 - [TEST_STEP][PASSED] - delay: Delayed 1 second(s)

2018-11-28 11:51:24 - [MESSAGE][PASSED] - Delayed 1 second(s)

2018-11-28 11:51:24 - [TEST_STEP][PASSED] - setEncryptedText: Text ****** has been set on object 'Object Repository/Final Object Repo/Login Page/Internal User/Password'

2018-11-28 11:51:24 - [MESSAGE][PASSED] - Text ****** has been set on object 'Object Repository/Final Object Repo/Login Page/Internal User/Password'

2018-11-28 11:51:24 - [TEST_STEP][PASSED] - click: Object: 'Object Repository/Final Object Repo/Login Page/Internal User/Login Button' is clicked on

2018-11-28 11:51:25 - [MESSAGE][PASSED] - Object: 'Object Repository/Final Object Repo/Login Page/Internal User/Login Button' is clicked on

2018-11-28 11:51:25 - [TEST_STEP][PASSED] - delay: Delayed 1 second(s)

2018-11-28 11:51:26 - [MESSAGE][PASSED] - Delayed 1 second(s)

2018-11-28 11:51:26 - [TEST_STEP][PASSED] - Statement - Try: Delayed 2 second(s)

2018-11-28 11:51:26 - [TEST_STEP][PASSED] - Statement - Checker = false: null

2018-11-28 11:51:26 - [TEST_STEP][PASSED] - Statement - Checker = com.kms.katalon.core.webui.keyword.WebUiBuiltInKeywords.verifyElementHasAttribute(com.kms.katalon.core.testobject.ObjectRepository.findTestObject(Final Object Repo/Landing Page/BM Detecting), "href", 20, OPTIONAL): Object 'Object Repository/Final Object Repo/Landing Page/BM Detecting' has attribute 'href'

2018-11-28 11:51:27 - [MESSAGE][PASSED] - Object 'Object Repository/Final Object Repo/Landing Page/BM Detecting' has attribute 'href'

2018-11-28 11:51:27 - [TEST_STEP][PASSED] - Statement - out.println(Checker): null

2018-11-28 11:51:27 - [TEST_STEP][PASSED] - Statement - If (Checker == false): null

2018-11-28 11:51:27 - [TEST_STEP][PASSED] - Statement - Else: null

2018-11-28 11:51:27 - [TEST_STEP][PASSED] - delay: Delayed 2 second(s)

2018-11-28 11:51:29 - [MESSAGE][PASSED] - Delayed 2 second(s)

2018-11-28 11:51:29 - [TEST_STEP][PASSED] - navigateToUrl: Navigate to 'https://assist2-uat.perkeso.gov.my/web/registration/search/search-pending-case-for-add-supporting-document' successfully

2018-11-28 11:51:30 - [MESSAGE][PASSED] - Navigate to 'https://assist2-uat.perkeso.gov.my/web/registration/search/search-pending-case-for-add-supporting-document' successfully

2018-11-28 11:51:30 - [TEST_STEP][PASSED] - click: Object: 'Object Repository/Final Object Repo/Page_Search Pending Case For Add Suporting Document/Search By' is clicked on

2018-11-28 11:51:30 - [MESSAGE][PASSED] - Object: 'Object Repository/Final Object Repo/Page_Search Pending Case For Add Suporting Document/Search By' is clicked on

2018-11-28 11:51:30 - [TEST_STEP][PASSED] - click: Object: 'Object Repository/Final Object Repo/Page_Search Pending Case For Add Suporting Document/Search By - Reference ID' is clicked on

2018-11-28 11:51:30 - [MESSAGE][PASSED] - Object: 'Object Repository/Final Object Repo/Page_Search Pending Case For Add Suporting Document/Search By - Reference ID' is clicked on

2018-11-28 11:51:30 - [TEST_STEP][PASSED] - delay: Delayed 2 second(s)

2018-11-28 11:51:32 - [MESSAGE][PASSED] - Delayed 2 second(s)

2018-11-28 11:51:32 - [TEST_STEP][PASSED] - setText: Text 'CUN112018C200001663' is set on object 'Object Repository/Final Object Repo/Page_Search Pending Case For Add Suporting Document/Reference ID'

2018-11-28 11:51:32 - [MESSAGE][PASSED] - Text 'CUN112018C200001663' is set on object 'Object Repository/Final Object Repo/Page_Search Pending Case For Add Suporting Document/Reference ID'

2018-11-28 11:51:32 - [TEST_STEP][PASSED] - click: Object: 'Object Repository/Final Object Repo/Page_Search Pending Case For Add Suporting Document/Search' is clicked on

2018-11-28 11:51:32 - [MESSAGE][PASSED] - Object: 'Object Repository/Final Object Repo/Page_Search Pending Case For Add Suporting Document/Search' is clicked on

2018-11-28 11:51:32 - [TEST_STEP][PASSED] - delay: Delayed 2 second(s)

2018-11-28 11:51:34 - [MESSAGE][PASSED] - Delayed 2 second(s)

2018-11-28 11:51:34 - [TEST_STEP][PASSED] - click: Object: 'Object Repository/Final Object Repo/Page_Search Pending Case For Add Suporting Document/Edit' is clicked on

2018-11-28 11:51:37 - [MESSAGE][PASSED] - Object: 'Object Repository/Final Object Repo/Page_Search Pending Case For Add Suporting Document/Edit' is clicked on

2018-11-28 11:51:37 - [MESSAGE][PASSED] - Call Test Case 'Test Cases/Final Aug 2018 - PKS Automation/Registration Module/Workflow/Search Pending Case For Add Supporting Document (OTC)' successfully

2018-11-28 11:51:37 - [TEST_STEP][PASSED] - click: Object: 'Object Repository/Final Object Repo/Page_Form 1A - Cessation As Employer/Page_Form 1A - Cessation As Employer (Query -OTC -UO)/Next in Form 1A Page' is clicked on

2018-11-28 11:51:39 - [MESSAGE][PASSED] - Object: 'Object Repository/Final Object Repo/Page_Form 1A - Cessation As Employer/Page_Form 1A - Cessation As Employer (Query -OTC -UO)/Next in Form 1A Page' is clicked on

2018-11-28 11:51:39 - [TEST_STEP][PASSED] - delay: Delayed 2 second(s)

2018-11-28 11:51:41 - [MESSAGE][PASSED] - Delayed 2 second(s)

2018-11-28 11:51:41 - [TEST_STEP][PASSED] - click: Object: 'Object Repository/Final Object Repo/Page_Form 1A - Cessation As Employer/Page_Form 1A - Cessation As Employer (Query -OTC -UO)/Next in Resigned Date Page' is clicked on

2018-11-28 11:51:44 - [MESSAGE][PASSED] - Object: 'Object Repository/Final Object Repo/Page_Form 1A - Cessation As Employer/Page_Form 1A - Cessation As Employer (Query -OTC -UO)/Next in Resigned Date Page' is clicked on

2018-11-28 11:51:44 - [TEST_STEP][PASSED] - delay: Delayed 2 second(s)

2018-11-28 11:51:46 - [MESSAGE][PASSED] - Delayed 2 second(s)

2018-11-28 11:51:46 - [TEST_STEP][PASSED] - click: Object: 'Object Repository/Final Object Repo/Page_Form 1A - Cessation As Employer/Page_Form 1A - Cessation As Employer (Query -OTC -UO)/Add Document' is clicked on

2018-11-28 11:51:46 - [MESSAGE][PASSED] - Object: 'Object Repository/Final Object Repo/Page_Form 1A - Cessation As Employer/Page_Form 1A - Cessation As Employer (Query -OTC -UO)/Add Document' is clicked on

2018-11-28 11:51:46 - [TEST_STEP][PASSED] - delay: Delayed 2 second(s)

2018-11-28 11:51:48 - [MESSAGE][PASSED] - Delayed 2 second(s)

2018-11-28 11:51:48 - [TEST_STEP][PASSED] - click: Object: 'Object Repository/Final Object Repo/Page_Form 1A - Cessation As Employer/Page_Form 1A - Cessation As Employer (Query -OTC -UO)/Document Type' is clicked on

2018-11-28 11:51:49 - [MESSAGE][PASSED] - Object: 'Object Repository/Final Object Repo/Page_Form 1A - Cessation As Employer/Page_Form 1A - Cessation As Employer (Query -OTC -UO)/Document Type' is clicked on

2018-11-28 11:51:49 - [TEST_STEP][PASSED] - click: Object: 'Object Repository/Final Object Repo/Page_Form 1A - Cessation As Employer/Page_Form 1A - Cessation As Employer (Query -OTC -UO)/Document Type - Others' is clicked on

2018-11-28 11:51:50 - [MESSAGE][PASSED] - Object: 'Object Repository/Final Object Repo/Page_Form 1A - Cessation As Employer/Page_Form 1A - Cessation As Employer (Query -OTC -UO)/Document Type - Others' is clicked on

2018-11-28 11:51:50 - [TEST_STEP][PASSED] - delay: Delayed 2 second(s)

2018-11-28 11:51:52 - [MESSAGE][PASSED] - Delayed 2 second(s)

2018-11-28 11:51:52 - [TEST_STEP][PASSED] - sendKeys: Keys 'C:\Users\Public\Pictures\Sample Pictures\Koala.jpg' sent to object: 'Object Repository/Final Object Repo/Page_Form 1A - Cessation As Employer/Uploading File'

2018-11-28 11:51:52 - [MESSAGE][PASSED] - Keys 'C:\Users\Public\Pictures\Sample Pictures\Koala.jpg' sent to object: 'Object Repository/Final Object Repo/Page_Form 1A - Cessation As Employer/Uploading File'

2018-11-28 11:51:52 - [TEST_STEP][PASSED] - delay: Delayed 2 second(s)

2018-11-28 11:51:54 - [MESSAGE][PASSED] - Delayed 2 second(s)

2018-11-28 11:51:54 - [TEST_STEP][PASSED] - click: Object: 'Object Repository/Final Object Repo/Page_Form 1A - Cessation As Employer/Page_Form 1A - Cessation As Employer (Query -OTC -UO)/Add Document in Uploading Page' is clicked on

2018-11-28 11:51:54 - [MESSAGE][PASSED] - Object: 'Object Repository/Final Object Repo/Page_Form 1A - Cessation As Employer/Page_Form 1A - Cessation As Employer (Query -OTC -UO)/Add Document in Uploading Page' is clicked on

2018-11-28 11:51:54 - [TEST_STEP][PASSED] - delay: Delayed 4 second(s)

2018-11-28 11:51:58 - [MESSAGE][PASSED] - Delayed 4 second(s)

2018-11-28 11:51:58 - [TEST_STEP][PASSED] - click: Object: 'Object Repository/Final Object Repo/Page_Form 1A - Cessation As Employer/Page_Form 1A - Cessation As Employer (Query -OTC -UO)/Exit' is clicked on

2018-11-28 11:51:59 - [MESSAGE][PASSED] - Object: 'Object Repository/Final Object Repo/Page_Form 1A - Cessation As Employer/Page_Form 1A - Cessation As Employer (Query -OTC -UO)/Exit' is clicked on

2018-11-28 11:51:59 - [TEST_STEP][PASSED] - delay: Delayed 1 second(s)

2018-11-28 11:52:00 - [MESSAGE][PASSED] - Delayed 1 second(s)

2018-11-28 11:52:00 - [TEST_STEP][PASSED] - navigateToUrl: Navigate to 'https://assist2-uat.perkeso.gov.my/c/portal/logout' successfully

2018-11-28 11:52:01 - [MESSAGE][PASSED] - Navigate to 'https://assist2-uat.perkeso.gov.my/c/portal/logout' successfully

2018-11-28 11:52:01 - [TEST_STEP][PASSED] - delay: Delayed 1 second(s)

2018-11-28 11:52:02 - [MESSAGE][PASSED] - Delayed 1 second(s)

2018-11-28 11:52:02 - [TEST_STEP][PASSED] - callTestCase: Call Test Case 'Test Cases/Final Aug 2018 - PKS Automation/Registration Module/Workflow/Login and Search Case For Workflow' successfully

2018-11-28 11:52:02 - [TEST_CASE][PASSED] - Test Cases/Final Aug 2018 - PKS Automation/Registration Module/Workflow/Login and Search Case For Workflow: Test Cases/Final Aug 2018 - PKS Automation/Registration Module/Workflow/Login and Search Case For Workflow

2018-11-28 11:52:02 - [TEST_STEP][PASSED] - navigateToUrl: Navigate to 'https://assist2-uat.perkeso.gov.my/login' successfully

2018-11-28 11:52:02 - [MESSAGE][PASSED] - Navigate to 'https://assist2-uat.perkeso.gov.my/login' successfully

2018-11-28 11:52:02 - [TEST_STEP][PASSED] - setText: Text 'johoruo2@gmail.com' is set on object 'Object Repository/Final Object Repo/Login Page/Internal User/Email Address'

2018-11-28 11:52:03 - [MESSAGE][PASSED] - Text 'johoruo2@gmail.com' is set on object 'Object Repository/Final Object Repo/Login Page/Internal User/Email Address'

2018-11-28 11:52:03 - [TEST_STEP][PASSED] - click: Object: 'Object Repository/Final Object Repo/Login Page/Internal User/Next Button' is clicked on

2018-11-28 11:52:03 - [MESSAGE][PASSED] - Object: 'Object Repository/Final Object Repo/Login Page/Internal User/Next Button' is clicked on

2018-11-28 11:52:03 - [TEST_STEP][PASSED] - delay: Delayed 1 second(s)

2018-11-28 11:52:04 - [MESSAGE][PASSED] - Delayed 1 second(s)

2018-11-28 11:52:04 - [TEST_STEP][PASSED] - setEncryptedText: Text ****** has been set on object 'Object Repository/Final Object Repo/Login Page/Internal User/Password'

2018-11-28 11:52:04 - [MESSAGE][PASSED] - Text ****** has been set on object 'Object Repository/Final Object Repo/Login Page/Internal User/Password'

2018-11-28 11:52:04 - [TEST_STEP][PASSED] - click: Object: 'Object Repository/Final Object Repo/Login Page/Internal User/Login Button' is clicked on

2018-11-28 11:52:04 - [MESSAGE][PASSED] - Object: 'Object Repository/Final Object Repo/Login Page/Internal User/Login Button' is clicked on

2018-11-28 11:52:04 - [TEST_STEP][PASSED] - delay: Delayed 2 second(s)

2018-11-28 11:52:06 - [MESSAGE][PASSED] - Delayed 2 second(s)

2018-11-28 11:52:06 - [TEST_STEP][PASSED] - Statement - Try: Delayed 2 second(s)

2018-11-28 11:52:06 - [TEST_STEP][PASSED] - Statement - Checker = false: null

2018-11-28 11:52:06 - [TEST_STEP][PASSED] - Statement - Checker = com.kms.katalon.core.webui.keyword.WebUiBuiltInKeywords.verifyElementHasAttribute(com.kms.katalon.core.testobject.ObjectRepository.findTestObject(Final Object Repo/Landing Page/BM Detecting), "href", 20, OPTIONAL): Object 'Object Repository/Final Object Repo/Landing Page/BM Detecting' has attribute 'href'

2018-11-28 11:52:06 - [MESSAGE][PASSED] - Object 'Object Repository/Final Object Repo/Landing Page/BM Detecting' has attribute 'href'

2018-11-28 11:52:06 - [TEST_STEP][PASSED] - Statement - out.println(Checker): null

2018-11-28 11:52:06 - [TEST_STEP][PASSED] - Statement - If (Checker == false): null

2018-11-28 11:52:06 - [TEST_STEP][PASSED] - Statement - Else: null

2018-11-28 11:52:06 - [TEST_STEP][PASSED] - delay: Delayed 2 second(s)

2018-11-28 11:52:08 - [MESSAGE][PASSED] - Delayed 2 second(s)

2018-11-28 11:52:08 - [TEST_STEP][PASSED] - click: Object: 'Object Repository/Final Object Repo/Page_MyASSIST - ASSIST - Search Pending Case For Add Supporting Document/Search Information' is clicked on

2018-11-28 11:52:09 - [MESSAGE][PASSED] - Object: 'Object Repository/Final Object Repo/Page_MyASSIST - ASSIST - Search Pending Case For Add Supporting Document/Search Information' is clicked on

2018-11-28 11:52:09 - [TEST_STEP][PASSED] - delay: Delayed 3 second(s)

2018-11-28 11:52:12 - [MESSAGE][PASSED] - Delayed 3 second(s)

2018-11-28 11:52:12 - [TEST_STEP][PASSED] - sendKeys: Keys 'CUN112018C200001663' sent to object: 'Object Repository/Final Object Repo/Page_MyASSIST - ASSIST - Search Pending Case For Add Supporting Document/Reference No'

2018-11-28 11:52:12 - [MESSAGE][PASSED] - Keys 'CUN112018C200001663' sent to object: 'Object Repository/Final Object Repo/Page_MyASSIST - ASSIST - Search Pending Case For Add Supporting Document/Reference No'

2018-11-28 11:52:12 - [TEST_STEP][PASSED] - click: Object: 'Object Repository/Final Object Repo/Page_MyASSIST - ASSIST - Search Pending Case For Add Supporting Document/Search Reference No' is clicked on

2018-11-28 11:52:12 - [MESSAGE][PASSED] - Object: 'Object Repository/Final Object Repo/Page_MyASSIST - ASSIST - Search Pending Case For Add Supporting Document/Search Reference No' is clicked on

2018-11-28 11:52:12 - [TEST_STEP][PASSED] - delay: Delayed 2 second(s)

2018-11-28 11:52:14 - [MESSAGE][PASSED] - Delayed 2 second(s)

2018-11-28 11:52:14 - [TEST_STEP][PASSED] - click: Object: 'Object Repository/Final Object Repo/Page_MyASSIST - ASSIST - Search Pending Case For Add Supporting Document/Continue' is clicked on

2018-11-28 11:52:17 - [MESSAGE][PASSED] - Object: 'Object Repository/Final Object Repo/Page_MyASSIST - ASSIST - Search Pending Case For Add Supporting Document/Continue' is clicked on

2018-11-28 11:52:17 - [TEST_STEP][PASSED] - delay: Delayed 20 second(s)

2018-11-28 11:52:37 - [MESSAGE][PASSED] - Delayed 20 second(s)

2018-11-28 11:52:37 - [MESSAGE][PASSED] - Call Test Case 'Test Cases/Final Aug 2018 - PKS Automation/Registration Module/Workflow/Login and Search Case For Workflow' successfully

2018-11-28 11:52:37 - [TEST_STEP][PASSED] - click: Object: 'Object Repository/Final Object Repo/Page_Form 1A - Cessation As Employer/Page_Form 1A - Cessation As Employer (Approve)/Save  Continue in Form 1A Page' is clicked on

2018-11-28 11:52:37 - [MESSAGE][PASSED] - Object: 'Object Repository/Final Object Repo/Page_Form 1A - Cessation As Employer/Page_Form 1A - Cessation As Employer (Approve)/Save  Continue in Form 1A Page' is clicked on

2018-11-28 11:52:37 - [TEST_STEP][PASSED] - delay: Delayed 3 second(s)

2018-11-28 11:52:40 - [MESSAGE][PASSED] - Delayed 3 second(s)

2018-11-28 11:52:40 - [TEST_STEP][PASSED] - click: Object: 'Object Repository/Final Object Repo/Page_Form 1A - Cessation As Employer/Page_Form 1A - Cessation As Employer (Approve)/Save  Continue in Update Add Employee Resigned Date Page' is clicked on

2018-11-28 11:52:41 - [MESSAGE][PASSED] - Object: 'Object Repository/Final Object Repo/Page_Form 1A - Cessation As Employer/Page_Form 1A - Cessation As Employer (Approve)/Save  Continue in Update Add Employee Resigned Date Page' is clicked on

2018-11-28 11:52:41 - [TEST_STEP][PASSED] - delay: Delayed 3 second(s)

2018-11-28 11:52:44 - [MESSAGE][PASSED] - Delayed 3 second(s)

2018-11-28 11:52:44 - [TEST_STEP][PASSED] - click: Object: 'Object Repository/Final Object Repo/Page_Form 1A - Cessation As Employer/Page_Form 1A - Cessation As Employer (Approve)/Save  Contine in Uploading Document Page' is clicked on

2018-11-28 11:52:44 - [MESSAGE][PASSED] - Object: 'Object Repository/Final Object Repo/Page_Form 1A - Cessation As Employer/Page_Form 1A - Cessation As Employer (Approve)/Save  Contine in Uploading Document Page' is clicked on

2018-11-28 11:52:44 - [TEST_STEP][PASSED] - delay: Delayed 3 second(s)

2018-11-28 11:52:47 - [MESSAGE][PASSED] - Delayed 3 second(s)

2018-11-28 11:52:47 - [TEST_STEP][PASSED] - click: Object: 'Object Repository/Final Object Repo/Page_Form 1A - Cessation As Employer/Page_Form 1A - Cessation As Employer (Approve)/Approve' is clicked on

2018-11-28 11:52:49 - [MESSAGE][PASSED] - Object: 'Object Repository/Final Object Repo/Page_Form 1A - Cessation As Employer/Page_Form 1A - Cessation As Employer (Approve)/Approve' is clicked on

2018-11-28 11:52:49 - [TEST_STEP][PASSED] - delay: Delayed 2 second(s)

2018-11-28 11:52:51 - [MESSAGE][PASSED] - Delayed 2 second(s)

2018-11-28 11:52:51 - [TEST_STEP][PASSED] - click: Object: 'Object Repository/Final Object Repo/Page_Form 1A - Cessation As Employer/Confirm' is clicked on

2018-11-28 11:52:51 - [MESSAGE][PASSED] - Object: 'Object Repository/Final Object Repo/Page_Form 1A - Cessation As Employer/Confirm' is clicked on

2018-11-28 11:52:51 - [TEST_STEP][PASSED] - delay: Delayed 2 second(s)

2018-11-28 11:52:53 - [MESSAGE][PASSED] - Delayed 2 second(s)

2018-11-28 11:52:53 - [TEST_STEP][PASSED] - click: Object: 'Object Repository/Final Object Repo/Page_Form 1A - Cessation As Employer/Page_Form 1A - Cessation As Employer (Approve)/Message Your Request    Form 1A ' is clicked on

2018-11-28 11:53:01 - [MESSAGE][PASSED] - Object: 'Object Repository/Final Object Repo/Page_Form 1A - Cessation As Employer/Page_Form 1A - Cessation As Employer (Approve)/Message Your Request    Form 1A ' is clicked on

2018-11-28 11:53:01 - [TEST_STEP][PASSED] - delay: Delayed 2 second(s)

2018-11-28 11:53:03 - [MESSAGE][PASSED] - Delayed 2 second(s)

2018-11-28 11:53:03 - [TEST_STEP][PASSED] - click: Object: 'Object Repository/Final Object Repo/Page_Form 1A - Cessation As Employer/Page_Form 1A - Cessation As Employer (Approve)/Letter of successful update' is clicked on

2018-11-28 11:53:04 - [MESSAGE][PASSED] - Object: 'Object Repository/Final Object Repo/Page_Form 1A - Cessation As Employer/Page_Form 1A - Cessation As Employer (Approve)/Letter of successful update' is clicked on

2018-11-28 11:53:04 - [MESSAGE][PASSED] - Call Test Case 'Test Cases/Final Aug 2018 - PKS Automation/Registration Module/Workflow/Form 1A - Cessation As Employer/Template/Form 1 A - Cessation As Employer (Query)' successfully]]></system-out>
         <system-err><![CDATA[]]></system-err>
      </testcase>
      <testcase name="Test Cases/Final Aug 2018 - PKS Automation/Registration Module/Workflow/Form 1A - Cessation As Employer/OTC to UO (Reject)" classname="Test Cases/Final Aug 2018 - PKS Automation/Registration Module/Workflow/Form 1A - Cessation As Employer/OTC to UO (Reject)" status="PASSED">
         <system-out><![CDATA[2018-11-28 11:53:04 - [TEST_CASE][PASSED] - Test Cases/Final Aug 2018 - PKS Automation/Registration Module/Workflow/Form 1A - Cessation As Employer/OTC to UO (Reject): Test Cases/Final Aug 2018 - PKS Automation/Registration Module/Workflow/Form 1A - Cessation As Employer/OTC to UO (Reject)

2018-11-28 11:53:04 - [TEST_STEP][PASSED] - callTestCase: Call Test Case 'Test Cases/Final Aug 2018 - PKS Automation/Registration Module/Workflow/Form 1A - Cessation As Employer/Template/Form 1 A - Cessation As Employer (OTC)' successfully

2018-11-28 11:53:04 - [TEST_CASE][PASSED] - Test Cases/Final Aug 2018 - PKS Automation/Registration Module/Workflow/Form 1A - Cessation As Employer/Template/Form 1 A - Cessation As Employer (OTC): Test Cases/Final Aug 2018 - PKS Automation/Registration Module/Workflow/Form 1A - Cessation As Employer/Template/Form 1 A - Cessation As Employer (OTC)

2018-11-28 11:53:04 - [TEST_STEP][PASSED] - openBrowser: Browser is opened with url: ''

2018-11-28 11:53:04 - [MESSAGE][WARNING] - A browser is already opened. Closing browser and opening a new one

2018-11-28 11:53:07 - [MESSAGE][PASSED] - Browser is opened with url: ''

2018-11-28 11:53:07 - [TEST_STEP][PASSED] - navigateToUrl: Navigate to 'https://assist2-uat.perkeso.gov.my/login' successfully

2018-11-28 11:53:09 - [MESSAGE][PASSED] - Navigate to 'https://assist2-uat.perkeso.gov.my/login' successfully

2018-11-28 11:53:09 - [TEST_STEP][PASSED] - setText: Text 'johorotc1@gmail.com' is set on object 'Object Repository/Final Object Repo/Login Page/Internal User/Email Address'

2018-11-28 11:53:09 - [MESSAGE][PASSED] - Text 'johorotc1@gmail.com' is set on object 'Object Repository/Final Object Repo/Login Page/Internal User/Email Address'

2018-11-28 11:53:09 - [TEST_STEP][PASSED] - click: Object: 'Object Repository/Final Object Repo/Login Page/Internal User/Next Button' is clicked on

2018-11-28 11:53:09 - [MESSAGE][PASSED] - Object: 'Object Repository/Final Object Repo/Login Page/Internal User/Next Button' is clicked on

2018-11-28 11:53:09 - [TEST_STEP][PASSED] - delay: Delayed 1 second(s)

2018-11-28 11:53:10 - [MESSAGE][PASSED] - Delayed 1 second(s)

2018-11-28 11:53:10 - [TEST_STEP][PASSED] - setEncryptedText: Text ****** has been set on object 'Object Repository/Final Object Repo/Login Page/Internal User/Password'

2018-11-28 11:53:11 - [MESSAGE][PASSED] - Text ****** has been set on object 'Object Repository/Final Object Repo/Login Page/Internal User/Password'

2018-11-28 11:53:11 - [TEST_STEP][PASSED] - click: Object: 'Object Repository/Final Object Repo/Login Page/Internal User/Login Button' is clicked on

2018-11-28 11:53:11 - [MESSAGE][PASSED] - Object: 'Object Repository/Final Object Repo/Login Page/Internal User/Login Button' is clicked on

2018-11-28 11:53:11 - [TEST_STEP][PASSED] - delay: Delayed 1 second(s)

2018-11-28 11:53:12 - [MESSAGE][PASSED] - Delayed 1 second(s)

2018-11-28 11:53:12 - [TEST_STEP][PASSED] - Statement - Try: Delayed 2 second(s)

2018-11-28 11:53:12 - [TEST_STEP][PASSED] - Statement - Checker = false: null

2018-11-28 11:53:12 - [TEST_STEP][PASSED] - Statement - Checker = com.kms.katalon.core.webui.keyword.WebUiBuiltInKeywords.verifyElementHasAttribute(com.kms.katalon.core.testobject.ObjectRepository.findTestObject(Final Object Repo/Landing Page/BM Detecting), "href", 20, OPTIONAL): Object 'Object Repository/Final Object Repo/Landing Page/BM Detecting' has attribute 'href'

2018-11-28 11:53:13 - [MESSAGE][PASSED] - Object 'Object Repository/Final Object Repo/Landing Page/BM Detecting' has attribute 'href'

2018-11-28 11:53:13 - [TEST_STEP][PASSED] - Statement - out.println(Checker): null

2018-11-28 11:53:13 - [TEST_STEP][PASSED] - Statement - If (Checker == false): null

2018-11-28 11:53:13 - [TEST_STEP][PASSED] - Statement - Else: null

2018-11-28 11:53:13 - [TEST_STEP][PASSED] - delay: Delayed 2 second(s)

2018-11-28 11:53:15 - [MESSAGE][PASSED] - Delayed 2 second(s)

2018-11-28 11:53:15 - [TEST_STEP][PASSED] - navigateToUrl: Navigate to 'https://assist2-uat.perkeso.gov.my/web/registration/update/form-1a-cessation-as-employer-discontinue-business-' successfully

2018-11-28 11:53:16 - [MESSAGE][PASSED] - Navigate to 'https://assist2-uat.perkeso.gov.my/web/registration/update/form-1a-cessation-as-employer-discontinue-business-' successfully

2018-11-28 11:53:16 - [TEST_STEP][PASSED] - setText: Text 'E1102069770Z' is set on object 'Object Repository/Final Object Repo/Page_Update Employer Information/Employer Code'

2018-11-28 11:53:16 - [MESSAGE][PASSED] - Text 'E1102069770Z' is set on object 'Object Repository/Final Object Repo/Page_Update Employer Information/Employer Code'

2018-11-28 11:53:16 - [TEST_STEP][PASSED] - click: Object: 'Object Repository/Final Object Repo/Page_Update Employer Information/Search Button' is clicked on

2018-11-28 11:53:16 - [MESSAGE][PASSED] - Object: 'Object Repository/Final Object Repo/Page_Update Employer Information/Search Button' is clicked on

2018-11-28 11:53:16 - [TEST_STEP][PASSED] - click: Object: 'Object Repository/Final Object Repo/Page_Update Employer Information/Edit Button' is clicked on

2018-11-28 11:53:19 - [MESSAGE][PASSED] - Object: 'Object Repository/Final Object Repo/Page_Update Employer Information/Edit Button' is clicked on

2018-11-28 11:53:19 - [TEST_STEP][PASSED] - Statement - abc = com.kms.katalon.core.webui.keyword.WebUiBuiltInKeywords.getAttribute(com.kms.katalon.core.testobject.ObjectRepository.findTestObject(Final Object Repo/Page_Form 1A - Cessation As Employer/Employer Status), "value"): Attribute 'value' of object 'Object Repository/Final Object Repo/Page_Form 1A - Cessation As Employer/Employer Status' is: 'Dormant'

2018-11-28 11:53:19 - [MESSAGE][PASSED] - Attribute 'value' of object 'Object Repository/Final Object Repo/Page_Form 1A - Cessation As Employer/Employer Status' is: 'Dormant'

2018-11-28 11:53:19 - [TEST_STEP][PASSED] - Statement - out.println(abc): null

2018-11-28 11:53:19 - [TEST_STEP][PASSED] - Statement - If (abc == "Active"): null

2018-11-28 11:53:19 - [TEST_STEP][PASSED] - Statement - Else If (abc == "Cancel"): null

2018-11-28 11:53:19 - [TEST_STEP][PASSED] - Statement - Else If (abc == "Dormant"): Object: 'Object Repository/Final Object Repo/Page_Form 1A - Cessation As Employer/Change Employer Status to - Dormant' is clicked on

2018-11-28 11:53:19 - [TEST_STEP][PASSED] - click: Object: 'Object Repository/Final Object Repo/Page_Form 1A - Cessation As Employer/Change Employer Status to' is clicked on

2018-11-28 11:53:19 - [MESSAGE][PASSED] - Object: 'Object Repository/Final Object Repo/Page_Form 1A - Cessation As Employer/Change Employer Status to' is clicked on

2018-11-28 11:53:19 - [TEST_STEP][PASSED] - click: Object: 'Object Repository/Final Object Repo/Page_Form 1A - Cessation As Employer/Change Employer Status to - Dormant' is clicked on

2018-11-28 11:53:19 - [MESSAGE][PASSED] - Object: 'Object Repository/Final Object Repo/Page_Form 1A - Cessation As Employer/Change Employer Status to - Dormant' is clicked on

2018-11-28 11:53:19 - [TEST_STEP][PASSED] - click: Object: 'Object Repository/Final Object Repo/Page_Form 1A - Cessation As Employer/Calender' is clicked on

2018-11-28 11:53:20 - [MESSAGE][PASSED] - Object: 'Object Repository/Final Object Repo/Page_Form 1A - Cessation As Employer/Calender' is clicked on

2018-11-28 11:53:20 - [TEST_STEP][PASSED] - click: Object: 'Object Repository/Final Object Repo/Page_Form 1A - Cessation As Employer/Calender - Date' is clicked on

2018-11-28 11:53:20 - [MESSAGE][PASSED] - Object: 'Object Repository/Final Object Repo/Page_Form 1A - Cessation As Employer/Calender - Date' is clicked on

2018-11-28 11:53:20 - [TEST_STEP][PASSED] - delay: Delayed 2 second(s)

2018-11-28 11:53:22 - [MESSAGE][PASSED] - Delayed 2 second(s)

2018-11-28 11:53:22 - [TEST_STEP][PASSED] - click: Object: 'Object Repository/Final Object Repo/Page_Form 1A - Cessation As Employer/Save  Continue in Form 1A Page' is clicked on

2018-11-28 11:53:22 - [MESSAGE][PASSED] - Object: 'Object Repository/Final Object Repo/Page_Form 1A - Cessation As Employer/Save  Continue in Form 1A Page' is clicked on

2018-11-28 11:53:22 - [TEST_STEP][PASSED] - delay: Delayed 2 second(s)

2018-11-28 11:53:24 - [MESSAGE][PASSED] - Delayed 2 second(s)

2018-11-28 11:53:24 - [TEST_STEP][PASSED] - click: Object: 'Object Repository/Final Object Repo/Page_Form 1A - Cessation As Employer/Employment Resign Date' is clicked on

2018-11-28 11:53:24 - [MESSAGE][PASSED] - Object: 'Object Repository/Final Object Repo/Page_Form 1A - Cessation As Employer/Employment Resign Date' is clicked on

2018-11-28 11:53:24 - [TEST_STEP][PASSED] - delay: Delayed 1 second(s)

2018-11-28 11:53:25 - [MESSAGE][PASSED] - Delayed 1 second(s)

2018-11-28 11:53:25 - [TEST_STEP][PASSED] - Statement - CaseReferenceNo = com.kms.katalon.core.webui.keyword.WebUiBuiltInKeywords.getText(com.kms.katalon.core.testobject.ObjectRepository.findTestObject(Final Object Repo/Page_Update Employer Information/Reference Number in Update Employee Information Page)): Text of object 'Object Repository/Final Object Repo/Page_Update Employer Information/Reference Number in Update Employee Information Page' is: 'CUN112018C200001664'

2018-11-28 11:53:25 - [MESSAGE][PASSED] - Text of object 'Object Repository/Final Object Repo/Page_Update Employer Information/Reference Number in Update Employee Information Page' is: 'CUN112018C200001664'

2018-11-28 11:53:25 - [TEST_STEP][PASSED] - callTestCase: Call Test Case 'Test Cases/Final Aug 2018 - PKS Automation/Common/Reference Number Setter' successfully

2018-11-28 11:53:25 - [TEST_CASE][PASSED] - Test Cases/Final Aug 2018 - PKS Automation/Common/Reference Number Setter: Test Cases/Final Aug 2018 - PKS Automation/Common/Reference Number Setter

2018-11-28 11:53:25 - [TEST_STEP][PASSED] - Statement - RefNoOldFile = new java.io.File(C://Users//Admin//Desktop//PKS//Automation Reference Point//KatalonReference.txt): null

2018-11-28 11:53:25 - [TEST_STEP][PASSED] - Statement - RefNoOldFile.delete(): null

2018-11-28 11:53:25 - [TEST_STEP][PASSED] - delay: Delayed 5 second(s)

2018-11-28 11:53:30 - [MESSAGE][PASSED] - Delayed 5 second(s)

2018-11-28 11:53:30 - [TEST_STEP][PASSED] - Statement - RefNo = new java.io.File(C://Users//Admin//Desktop//PKS//Automation Reference Point//KatalonReference.txt): null

2018-11-28 11:53:30 - [TEST_STEP][PASSED] - Statement - f2 = new java.io.FileWriter(RefNo, false): null

2018-11-28 11:53:30 - [TEST_STEP][PASSED] - Statement - f2.write(CaseReferenceNo): null

2018-11-28 11:53:30 - [TEST_STEP][PASSED] - Statement - f2.close(): null

2018-11-28 11:53:30 - [TEST_STEP][PASSED] - Statement - out.println("


" + CaseReferenceNo + "


"): null

2018-11-28 11:53:30 - [MESSAGE][PASSED] - Call Test Case 'Test Cases/Final Aug 2018 - PKS Automation/Common/Reference Number Setter' successfully

2018-11-28 11:53:30 - [TEST_STEP][PASSED] - selectOptionByValue: All options with value '2030' are selected in object 'Object Repository/Final Object Repo/Page_Form 1A - Cessation As Employer/Employment Resign Date - Year' 

2018-11-28 11:53:31 - [MESSAGE][PASSED] - All options with value '2030' are selected in object 'Object Repository/Final Object Repo/Page_Form 1A - Cessation As Employer/Employment Resign Date - Year' 

2018-11-28 11:53:31 - [TEST_STEP][PASSED] - delay: Delayed 1 second(s)

2018-11-28 11:53:32 - [MESSAGE][PASSED] - Delayed 1 second(s)

2018-11-28 11:53:32 - [TEST_STEP][PASSED] - click: Object: 'Object Repository/Final Object Repo/Page_Form 1A - Cessation As Employer/Employment Resign Date - Year - Date' is clicked on

2018-11-28 11:53:32 - [MESSAGE][PASSED] - Object: 'Object Repository/Final Object Repo/Page_Form 1A - Cessation As Employer/Employment Resign Date - Year - Date' is clicked on

2018-11-28 11:53:32 - [TEST_STEP][PASSED] - delay: Delayed 2 second(s)

2018-11-28 11:53:34 - [MESSAGE][PASSED] - Delayed 2 second(s)

2018-11-28 11:53:34 - [TEST_STEP][PASSED] - click: Object: 'Object Repository/Final Object Repo/Page_Form 1A - Cessation As Employer/Save  Continue in Update Add Employee Resigned Date Page' is clicked on

2018-11-28 11:53:34 - [MESSAGE][PASSED] - Object: 'Object Repository/Final Object Repo/Page_Form 1A - Cessation As Employer/Save  Continue in Update Add Employee Resigned Date Page' is clicked on

2018-11-28 11:53:34 - [TEST_STEP][PASSED] - delay: Delayed 2 second(s)

2018-11-28 11:53:36 - [MESSAGE][PASSED] - Delayed 2 second(s)

2018-11-28 11:53:36 - [TEST_STEP][PASSED] - click: Object: 'Object Repository/Final Object Repo/Page_Form 1A - Cessation As Employer/Set Latest - Yes' is clicked on

2018-11-28 11:53:36 - [MESSAGE][PASSED] - Object: 'Object Repository/Final Object Repo/Page_Form 1A - Cessation As Employer/Set Latest - Yes' is clicked on

2018-11-28 11:53:36 - [TEST_STEP][PASSED] - delay: Delayed 2 second(s)

2018-11-28 11:53:38 - [MESSAGE][PASSED] - Delayed 2 second(s)

2018-11-28 11:53:38 - [TEST_STEP][PASSED] - click: Object: 'Object Repository/Final Object Repo/Page_Form 1A - Cessation As Employer/Add Document' is clicked on

2018-11-28 11:53:39 - [MESSAGE][PASSED] - Object: 'Object Repository/Final Object Repo/Page_Form 1A - Cessation As Employer/Add Document' is clicked on

2018-11-28 11:53:39 - [TEST_STEP][PASSED] - delay: Delayed 2 second(s)

2018-11-28 11:53:41 - [MESSAGE][PASSED] - Delayed 2 second(s)

2018-11-28 11:53:41 - [TEST_STEP][PASSED] - click: Object: 'Object Repository/Final Object Repo/Page_Form 1A - Cessation As Employer/Document Type' is clicked on

2018-11-28 11:53:42 - [MESSAGE][PASSED] - Object: 'Object Repository/Final Object Repo/Page_Form 1A - Cessation As Employer/Document Type' is clicked on

2018-11-28 11:53:42 - [TEST_STEP][PASSED] - delay: Delayed 2 second(s)

2018-11-28 11:53:44 - [MESSAGE][PASSED] - Delayed 2 second(s)

2018-11-28 11:53:44 - [TEST_STEP][PASSED] - click: Object: 'Object Repository/Final Object Repo/Page_Form 1A - Cessation As Employer/Document Type - Supporting Document For Cessation' is clicked on

2018-11-28 11:53:44 - [MESSAGE][PASSED] - Object: 'Object Repository/Final Object Repo/Page_Form 1A - Cessation As Employer/Document Type - Supporting Document For Cessation' is clicked on

2018-11-28 11:53:44 - [TEST_STEP][PASSED] - delay: Delayed 2 second(s)

2018-11-28 11:53:46 - [MESSAGE][PASSED] - Delayed 2 second(s)

2018-11-28 11:53:46 - [TEST_STEP][PASSED] - sendKeys: Keys 'C:\Users\Public\Pictures\Sample Pictures\Koala.jpg' sent to object: 'Object Repository/Final Object Repo/Page_Form 1A - Cessation As Employer/Uploading File'

2018-11-28 11:53:46 - [MESSAGE][PASSED] - Keys 'C:\Users\Public\Pictures\Sample Pictures\Koala.jpg' sent to object: 'Object Repository/Final Object Repo/Page_Form 1A - Cessation As Employer/Uploading File'

2018-11-28 11:53:46 - [TEST_STEP][PASSED] - delay: Delayed 2 second(s)

2018-11-28 11:53:48 - [MESSAGE][PASSED] - Delayed 2 second(s)

2018-11-28 11:53:48 - [TEST_STEP][PASSED] - click: Object: 'Object Repository/Final Object Repo/Page_Form 1A - Cessation As Employer/Add Document in Uploading Page' is clicked on

2018-11-28 11:53:49 - [MESSAGE][PASSED] - Object: 'Object Repository/Final Object Repo/Page_Form 1A - Cessation As Employer/Add Document in Uploading Page' is clicked on

2018-11-28 11:53:49 - [TEST_STEP][PASSED] - delay: Delayed 20 second(s)

2018-11-28 11:54:09 - [MESSAGE][PASSED] - Delayed 20 second(s)

2018-11-28 11:54:09 - [TEST_STEP][PASSED] - click: Object: 'Object Repository/Final Object Repo/Page_Form 1A - Cessation As Employer/Save  Continue in Uploading Page' is clicked on

2018-11-28 11:54:09 - [MESSAGE][PASSED] - Object: 'Object Repository/Final Object Repo/Page_Form 1A - Cessation As Employer/Save  Continue in Uploading Page' is clicked on

2018-11-28 11:54:09 - [TEST_STEP][PASSED] - delay: Delayed 2 second(s)

2018-11-28 11:54:11 - [MESSAGE][PASSED] - Delayed 2 second(s)

2018-11-28 11:54:11 - [TEST_STEP][PASSED] - click: Object: 'Object Repository/Final Object Repo/Page_Form 1A - Cessation As Employer/Submit2' is clicked on

2018-11-28 11:54:14 - [MESSAGE][PASSED] - Object: 'Object Repository/Final Object Repo/Page_Form 1A - Cessation As Employer/Submit2' is clicked on

2018-11-28 11:54:14 - [TEST_STEP][PASSED] - delay: Delayed 2 second(s)

2018-11-28 11:54:16 - [MESSAGE][PASSED] - Delayed 2 second(s)

2018-11-28 11:54:16 - [TEST_STEP][PASSED] - click: Object: 'Object Repository/Final Object Repo/Page_Form 1A - Cessation As Employer/Confirm' is clicked on

2018-11-28 11:54:16 - [MESSAGE][PASSED] - Object: 'Object Repository/Final Object Repo/Page_Form 1A - Cessation As Employer/Confirm' is clicked on

2018-11-28 11:54:16 - [TEST_STEP][PASSED] - delay: Delayed 2 second(s)

2018-11-28 11:54:18 - [MESSAGE][PASSED] - Delayed 2 second(s)

2018-11-28 11:54:18 - [TEST_STEP][PASSED] - verifyElementVisible: Object 'Object Repository/Final Object Repo/Page_Form 1A - Cessation As Employer/Message Your Request will be routed to UO' is visible

2018-11-28 11:54:22 - [MESSAGE][PASSED] - Object 'Object Repository/Final Object Repo/Page_Form 1A - Cessation As Employer/Message Your Request will be routed to UO' is visible

2018-11-28 11:54:22 - [TEST_STEP][PASSED] - delay: Delayed 1 second(s)

2018-11-28 11:54:23 - [MESSAGE][PASSED] - Delayed 1 second(s)

2018-11-28 11:54:23 - [TEST_STEP][PASSED] - verifyElementVisible: Object 'Object Repository/Final Object Repo/Page_Form 1A - Cessation As Employer/Letter of acknowledgement' is visible

2018-11-28 11:54:23 - [MESSAGE][PASSED] - Object 'Object Repository/Final Object Repo/Page_Form 1A - Cessation As Employer/Letter of acknowledgement' is visible

2018-11-28 11:54:23 - [MESSAGE][PASSED] - Call Test Case 'Test Cases/Final Aug 2018 - PKS Automation/Registration Module/Workflow/Form 1A - Cessation As Employer/Template/Form 1 A - Cessation As Employer (OTC)' successfully

2018-11-28 11:54:23 - [TEST_STEP][PASSED] - callTestCase: Call Test Case 'Test Cases/Final Aug 2018 - PKS Automation/Registration Module/Workflow/Form 1A - Cessation As Employer/Template/Form 1 A - Cessation As Employer (Reject)' successfully

2018-11-28 11:54:23 - [TEST_CASE][PASSED] - Test Cases/Final Aug 2018 - PKS Automation/Registration Module/Workflow/Form 1A - Cessation As Employer/Template/Form 1 A - Cessation As Employer (Reject): Test Cases/Final Aug 2018 - PKS Automation/Registration Module/Workflow/Form 1A - Cessation As Employer/Template/Form 1 A - Cessation As Employer (Reject)

2018-11-28 11:54:23 - [TEST_STEP][PASSED] - callTestCase: Call Test Case 'Test Cases/Final Aug 2018 - PKS Automation/Registration Module/Workflow/Form 1A - Cessation As Employer/Template/Form 1 A - Cessation As Employer (OTC)' successfully

2018-11-28 11:54:23 - [TEST_CASE][PASSED] - Test Cases/Final Aug 2018 - PKS Automation/Registration Module/Workflow/Form 1A - Cessation As Employer/Template/Form 1 A - Cessation As Employer (OTC): Test Cases/Final Aug 2018 - PKS Automation/Registration Module/Workflow/Form 1A - Cessation As Employer/Template/Form 1 A - Cessation As Employer (OTC)

2018-11-28 11:54:23 - [TEST_STEP][PASSED] - openBrowser: Browser is opened with url: ''

2018-11-28 11:54:23 - [MESSAGE][WARNING] - A browser is already opened. Closing browser and opening a new one

2018-11-28 11:54:26 - [MESSAGE][PASSED] - Browser is opened with url: ''

2018-11-28 11:54:26 - [TEST_STEP][PASSED] - navigateToUrl: Navigate to 'https://assist2-uat.perkeso.gov.my/login' successfully

2018-11-28 11:54:27 - [MESSAGE][PASSED] - Navigate to 'https://assist2-uat.perkeso.gov.my/login' successfully

2018-11-28 11:54:27 - [TEST_STEP][PASSED] - setText: Text 'johorotc1@gmail.com' is set on object 'Object Repository/Final Object Repo/Login Page/Internal User/Email Address'

2018-11-28 11:54:27 - [MESSAGE][PASSED] - Text 'johorotc1@gmail.com' is set on object 'Object Repository/Final Object Repo/Login Page/Internal User/Email Address'

2018-11-28 11:54:27 - [TEST_STEP][PASSED] - click: Object: 'Object Repository/Final Object Repo/Login Page/Internal User/Next Button' is clicked on

2018-11-28 11:54:28 - [MESSAGE][PASSED] - Object: 'Object Repository/Final Object Repo/Login Page/Internal User/Next Button' is clicked on

2018-11-28 11:54:28 - [TEST_STEP][PASSED] - delay: Delayed 1 second(s)

2018-11-28 11:54:29 - [MESSAGE][PASSED] - Delayed 1 second(s)

2018-11-28 11:54:29 - [TEST_STEP][PASSED] - setEncryptedText: Text ****** has been set on object 'Object Repository/Final Object Repo/Login Page/Internal User/Password'

2018-11-28 11:54:29 - [MESSAGE][PASSED] - Text ****** has been set on object 'Object Repository/Final Object Repo/Login Page/Internal User/Password'

2018-11-28 11:54:29 - [TEST_STEP][PASSED] - click: Object: 'Object Repository/Final Object Repo/Login Page/Internal User/Login Button' is clicked on

2018-11-28 11:54:29 - [MESSAGE][PASSED] - Object: 'Object Repository/Final Object Repo/Login Page/Internal User/Login Button' is clicked on

2018-11-28 11:54:29 - [TEST_STEP][PASSED] - delay: Delayed 1 second(s)

2018-11-28 11:54:30 - [MESSAGE][PASSED] - Delayed 1 second(s)

2018-11-28 11:54:30 - [TEST_STEP][PASSED] - Statement - Try: Delayed 2 second(s)

2018-11-28 11:54:30 - [TEST_STEP][PASSED] - Statement - Checker = false: null

2018-11-28 11:54:30 - [TEST_STEP][PASSED] - Statement - Checker = com.kms.katalon.core.webui.keyword.WebUiBuiltInKeywords.verifyElementHasAttribute(com.kms.katalon.core.testobject.ObjectRepository.findTestObject(Final Object Repo/Landing Page/BM Detecting), "href", 20, OPTIONAL): Object 'Object Repository/Final Object Repo/Landing Page/BM Detecting' has attribute 'href'

2018-11-28 11:54:31 - [MESSAGE][PASSED] - Object 'Object Repository/Final Object Repo/Landing Page/BM Detecting' has attribute 'href'

2018-11-28 11:54:31 - [TEST_STEP][PASSED] - Statement - out.println(Checker): null

2018-11-28 11:54:31 - [TEST_STEP][PASSED] - Statement - If (Checker == false): null

2018-11-28 11:54:31 - [TEST_STEP][PASSED] - Statement - Else: null

2018-11-28 11:54:31 - [TEST_STEP][PASSED] - delay: Delayed 2 second(s)

2018-11-28 11:54:33 - [MESSAGE][PASSED] - Delayed 2 second(s)

2018-11-28 11:54:33 - [TEST_STEP][PASSED] - navigateToUrl: Navigate to 'https://assist2-uat.perkeso.gov.my/web/registration/update/form-1a-cessation-as-employer-discontinue-business-' successfully

2018-11-28 11:54:34 - [MESSAGE][PASSED] - Navigate to 'https://assist2-uat.perkeso.gov.my/web/registration/update/form-1a-cessation-as-employer-discontinue-business-' successfully

2018-11-28 11:54:34 - [TEST_STEP][PASSED] - setText: Text 'E1102069770Z' is set on object 'Object Repository/Final Object Repo/Page_Update Employer Information/Employer Code'

2018-11-28 11:54:34 - [MESSAGE][PASSED] - Text 'E1102069770Z' is set on object 'Object Repository/Final Object Repo/Page_Update Employer Information/Employer Code'

2018-11-28 11:54:34 - [TEST_STEP][PASSED] - click: Object: 'Object Repository/Final Object Repo/Page_Update Employer Information/Search Button' is clicked on

2018-11-28 11:54:34 - [MESSAGE][PASSED] - Object: 'Object Repository/Final Object Repo/Page_Update Employer Information/Search Button' is clicked on

2018-11-28 11:54:34 - [TEST_STEP][PASSED] - click: Object: 'Object Repository/Final Object Repo/Page_Update Employer Information/Edit Button' is clicked on

2018-11-28 11:54:37 - [MESSAGE][PASSED] - Object: 'Object Repository/Final Object Repo/Page_Update Employer Information/Edit Button' is clicked on

2018-11-28 11:54:37 - [TEST_STEP][PASSED] - Statement - abc = com.kms.katalon.core.webui.keyword.WebUiBuiltInKeywords.getAttribute(com.kms.katalon.core.testobject.ObjectRepository.findTestObject(Final Object Repo/Page_Form 1A - Cessation As Employer/Employer Status), "value"): Attribute 'value' of object 'Object Repository/Final Object Repo/Page_Form 1A - Cessation As Employer/Employer Status' is: 'Dormant'

2018-11-28 11:54:37 - [MESSAGE][PASSED] - Attribute 'value' of object 'Object Repository/Final Object Repo/Page_Form 1A - Cessation As Employer/Employer Status' is: 'Dormant'

2018-11-28 11:54:37 - [TEST_STEP][PASSED] - Statement - out.println(abc): null

2018-11-28 11:54:37 - [TEST_STEP][PASSED] - Statement - If (abc == "Active"): null

2018-11-28 11:54:37 - [TEST_STEP][PASSED] - Statement - Else If (abc == "Cancel"): null

2018-11-28 11:54:37 - [TEST_STEP][PASSED] - Statement - Else If (abc == "Dormant"): Object: 'Object Repository/Final Object Repo/Page_Form 1A - Cessation As Employer/Change Employer Status to - Dormant' is clicked on

2018-11-28 11:54:37 - [TEST_STEP][PASSED] - click: Object: 'Object Repository/Final Object Repo/Page_Form 1A - Cessation As Employer/Change Employer Status to' is clicked on

2018-11-28 11:54:37 - [MESSAGE][PASSED] - Object: 'Object Repository/Final Object Repo/Page_Form 1A - Cessation As Employer/Change Employer Status to' is clicked on

2018-11-28 11:54:37 - [TEST_STEP][PASSED] - click: Object: 'Object Repository/Final Object Repo/Page_Form 1A - Cessation As Employer/Change Employer Status to - Dormant' is clicked on

2018-11-28 11:54:37 - [MESSAGE][PASSED] - Object: 'Object Repository/Final Object Repo/Page_Form 1A - Cessation As Employer/Change Employer Status to - Dormant' is clicked on

2018-11-28 11:54:37 - [TEST_STEP][PASSED] - click: Object: 'Object Repository/Final Object Repo/Page_Form 1A - Cessation As Employer/Calender' is clicked on

2018-11-28 11:54:38 - [MESSAGE][PASSED] - Object: 'Object Repository/Final Object Repo/Page_Form 1A - Cessation As Employer/Calender' is clicked on

2018-11-28 11:54:38 - [TEST_STEP][PASSED] - click: Object: 'Object Repository/Final Object Repo/Page_Form 1A - Cessation As Employer/Calender - Date' is clicked on

2018-11-28 11:54:38 - [MESSAGE][PASSED] - Object: 'Object Repository/Final Object Repo/Page_Form 1A - Cessation As Employer/Calender - Date' is clicked on

2018-11-28 11:54:38 - [TEST_STEP][PASSED] - delay: Delayed 2 second(s)

2018-11-28 11:54:40 - [MESSAGE][PASSED] - Delayed 2 second(s)

2018-11-28 11:54:40 - [TEST_STEP][PASSED] - click: Object: 'Object Repository/Final Object Repo/Page_Form 1A - Cessation As Employer/Save  Continue in Form 1A Page' is clicked on

2018-11-28 11:54:40 - [MESSAGE][PASSED] - Object: 'Object Repository/Final Object Repo/Page_Form 1A - Cessation As Employer/Save  Continue in Form 1A Page' is clicked on

2018-11-28 11:54:40 - [TEST_STEP][PASSED] - delay: Delayed 2 second(s)

2018-11-28 11:54:42 - [MESSAGE][PASSED] - Delayed 2 second(s)

2018-11-28 11:54:42 - [TEST_STEP][PASSED] - click: Object: 'Object Repository/Final Object Repo/Page_Form 1A - Cessation As Employer/Employment Resign Date' is clicked on

2018-11-28 11:54:42 - [MESSAGE][PASSED] - Object: 'Object Repository/Final Object Repo/Page_Form 1A - Cessation As Employer/Employment Resign Date' is clicked on

2018-11-28 11:54:42 - [TEST_STEP][PASSED] - delay: Delayed 1 second(s)

2018-11-28 11:54:43 - [MESSAGE][PASSED] - Delayed 1 second(s)

2018-11-28 11:54:43 - [TEST_STEP][PASSED] - Statement - CaseReferenceNo = com.kms.katalon.core.webui.keyword.WebUiBuiltInKeywords.getText(com.kms.katalon.core.testobject.ObjectRepository.findTestObject(Final Object Repo/Page_Update Employer Information/Reference Number in Update Employee Information Page)): Text of object 'Object Repository/Final Object Repo/Page_Update Employer Information/Reference Number in Update Employee Information Page' is: 'CUN112018C200001665'

2018-11-28 11:54:43 - [MESSAGE][PASSED] - Text of object 'Object Repository/Final Object Repo/Page_Update Employer Information/Reference Number in Update Employee Information Page' is: 'CUN112018C200001665'

2018-11-28 11:54:43 - [TEST_STEP][PASSED] - callTestCase: Call Test Case 'Test Cases/Final Aug 2018 - PKS Automation/Common/Reference Number Setter' successfully

2018-11-28 11:54:44 - [TEST_CASE][PASSED] - Test Cases/Final Aug 2018 - PKS Automation/Common/Reference Number Setter: Test Cases/Final Aug 2018 - PKS Automation/Common/Reference Number Setter

2018-11-28 11:54:44 - [TEST_STEP][PASSED] - Statement - RefNoOldFile = new java.io.File(C://Users//Admin//Desktop//PKS//Automation Reference Point//KatalonReference.txt): null

2018-11-28 11:54:44 - [TEST_STEP][PASSED] - Statement - RefNoOldFile.delete(): null

2018-11-28 11:54:44 - [TEST_STEP][PASSED] - delay: Delayed 5 second(s)

2018-11-28 11:54:49 - [MESSAGE][PASSED] - Delayed 5 second(s)

2018-11-28 11:54:49 - [TEST_STEP][PASSED] - Statement - RefNo = new java.io.File(C://Users//Admin//Desktop//PKS//Automation Reference Point//KatalonReference.txt): null

2018-11-28 11:54:49 - [TEST_STEP][PASSED] - Statement - f2 = new java.io.FileWriter(RefNo, false): null

2018-11-28 11:54:49 - [TEST_STEP][PASSED] - Statement - f2.write(CaseReferenceNo): null

2018-11-28 11:54:49 - [TEST_STEP][PASSED] - Statement - f2.close(): null

2018-11-28 11:54:49 - [TEST_STEP][PASSED] - Statement - out.println("


" + CaseReferenceNo + "


"): null

2018-11-28 11:54:49 - [MESSAGE][PASSED] - Call Test Case 'Test Cases/Final Aug 2018 - PKS Automation/Common/Reference Number Setter' successfully

2018-11-28 11:54:49 - [TEST_STEP][PASSED] - selectOptionByValue: All options with value '2030' are selected in object 'Object Repository/Final Object Repo/Page_Form 1A - Cessation As Employer/Employment Resign Date - Year' 

2018-11-28 11:54:49 - [MESSAGE][PASSED] - All options with value '2030' are selected in object 'Object Repository/Final Object Repo/Page_Form 1A - Cessation As Employer/Employment Resign Date - Year' 

2018-11-28 11:54:49 - [TEST_STEP][PASSED] - delay: Delayed 1 second(s)

2018-11-28 11:54:50 - [MESSAGE][PASSED] - Delayed 1 second(s)

2018-11-28 11:54:50 - [TEST_STEP][PASSED] - click: Object: 'Object Repository/Final Object Repo/Page_Form 1A - Cessation As Employer/Employment Resign Date - Year - Date' is clicked on

2018-11-28 11:54:50 - [MESSAGE][PASSED] - Object: 'Object Repository/Final Object Repo/Page_Form 1A - Cessation As Employer/Employment Resign Date - Year - Date' is clicked on

2018-11-28 11:54:50 - [TEST_STEP][PASSED] - delay: Delayed 2 second(s)

2018-11-28 11:54:52 - [MESSAGE][PASSED] - Delayed 2 second(s)

2018-11-28 11:54:52 - [TEST_STEP][PASSED] - click: Object: 'Object Repository/Final Object Repo/Page_Form 1A - Cessation As Employer/Save  Continue in Update Add Employee Resigned Date Page' is clicked on

2018-11-28 11:54:52 - [MESSAGE][PASSED] - Object: 'Object Repository/Final Object Repo/Page_Form 1A - Cessation As Employer/Save  Continue in Update Add Employee Resigned Date Page' is clicked on

2018-11-28 11:54:52 - [TEST_STEP][PASSED] - delay: Delayed 2 second(s)

2018-11-28 11:54:54 - [MESSAGE][PASSED] - Delayed 2 second(s)

2018-11-28 11:54:54 - [TEST_STEP][PASSED] - click: Object: 'Object Repository/Final Object Repo/Page_Form 1A - Cessation As Employer/Set Latest - Yes' is clicked on

2018-11-28 11:54:54 - [MESSAGE][PASSED] - Object: 'Object Repository/Final Object Repo/Page_Form 1A - Cessation As Employer/Set Latest - Yes' is clicked on

2018-11-28 11:54:54 - [TEST_STEP][PASSED] - delay: Delayed 2 second(s)

2018-11-28 11:54:56 - [MESSAGE][PASSED] - Delayed 2 second(s)

2018-11-28 11:54:56 - [TEST_STEP][PASSED] - click: Object: 'Object Repository/Final Object Repo/Page_Form 1A - Cessation As Employer/Add Document' is clicked on

2018-11-28 11:54:58 - [MESSAGE][PASSED] - Object: 'Object Repository/Final Object Repo/Page_Form 1A - Cessation As Employer/Add Document' is clicked on

2018-11-28 11:54:58 - [TEST_STEP][PASSED] - delay: Delayed 2 second(s)

2018-11-28 11:55:00 - [MESSAGE][PASSED] - Delayed 2 second(s)

2018-11-28 11:55:00 - [TEST_STEP][PASSED] - click: Object: 'Object Repository/Final Object Repo/Page_Form 1A - Cessation As Employer/Document Type' is clicked on

2018-11-28 11:55:01 - [MESSAGE][PASSED] - Object: 'Object Repository/Final Object Repo/Page_Form 1A - Cessation As Employer/Document Type' is clicked on

2018-11-28 11:55:01 - [TEST_STEP][PASSED] - delay: Delayed 2 second(s)

2018-11-28 11:55:03 - [MESSAGE][PASSED] - Delayed 2 second(s)

2018-11-28 11:55:03 - [TEST_STEP][PASSED] - click: Object: 'Object Repository/Final Object Repo/Page_Form 1A - Cessation As Employer/Document Type - Supporting Document For Cessation' is clicked on

2018-11-28 11:55:03 - [MESSAGE][PASSED] - Object: 'Object Repository/Final Object Repo/Page_Form 1A - Cessation As Employer/Document Type - Supporting Document For Cessation' is clicked on

2018-11-28 11:55:03 - [TEST_STEP][PASSED] - delay: Delayed 2 second(s)

2018-11-28 11:55:05 - [MESSAGE][PASSED] - Delayed 2 second(s)

2018-11-28 11:55:05 - [TEST_STEP][PASSED] - sendKeys: Keys 'C:\Users\Public\Pictures\Sample Pictures\Koala.jpg' sent to object: 'Object Repository/Final Object Repo/Page_Form 1A - Cessation As Employer/Uploading File'

2018-11-28 11:55:05 - [MESSAGE][PASSED] - Keys 'C:\Users\Public\Pictures\Sample Pictures\Koala.jpg' sent to object: 'Object Repository/Final Object Repo/Page_Form 1A - Cessation As Employer/Uploading File'

2018-11-28 11:55:05 - [TEST_STEP][PASSED] - delay: Delayed 2 second(s)

2018-11-28 11:55:07 - [MESSAGE][PASSED] - Delayed 2 second(s)

2018-11-28 11:55:07 - [TEST_STEP][PASSED] - click: Object: 'Object Repository/Final Object Repo/Page_Form 1A - Cessation As Employer/Add Document in Uploading Page' is clicked on

2018-11-28 11:55:07 - [MESSAGE][PASSED] - Object: 'Object Repository/Final Object Repo/Page_Form 1A - Cessation As Employer/Add Document in Uploading Page' is clicked on

2018-11-28 11:55:07 - [TEST_STEP][PASSED] - delay: Delayed 20 second(s)

2018-11-28 11:55:27 - [MESSAGE][PASSED] - Delayed 20 second(s)

2018-11-28 11:55:27 - [TEST_STEP][PASSED] - click: Object: 'Object Repository/Final Object Repo/Page_Form 1A - Cessation As Employer/Save  Continue in Uploading Page' is clicked on

2018-11-28 11:55:28 - [MESSAGE][PASSED] - Object: 'Object Repository/Final Object Repo/Page_Form 1A - Cessation As Employer/Save  Continue in Uploading Page' is clicked on

2018-11-28 11:55:28 - [TEST_STEP][PASSED] - delay: Delayed 2 second(s)

2018-11-28 11:55:30 - [MESSAGE][PASSED] - Delayed 2 second(s)

2018-11-28 11:55:30 - [TEST_STEP][PASSED] - click: Object: 'Object Repository/Final Object Repo/Page_Form 1A - Cessation As Employer/Submit2' is clicked on

2018-11-28 11:55:33 - [MESSAGE][PASSED] - Object: 'Object Repository/Final Object Repo/Page_Form 1A - Cessation As Employer/Submit2' is clicked on

2018-11-28 11:55:33 - [TEST_STEP][PASSED] - delay: Delayed 2 second(s)

2018-11-28 11:55:35 - [MESSAGE][PASSED] - Delayed 2 second(s)

2018-11-28 11:55:35 - [TEST_STEP][PASSED] - click: Object: 'Object Repository/Final Object Repo/Page_Form 1A - Cessation As Employer/Confirm' is clicked on

2018-11-28 11:55:35 - [MESSAGE][PASSED] - Object: 'Object Repository/Final Object Repo/Page_Form 1A - Cessation As Employer/Confirm' is clicked on

2018-11-28 11:55:35 - [TEST_STEP][PASSED] - delay: Delayed 2 second(s)

2018-11-28 11:55:37 - [MESSAGE][PASSED] - Delayed 2 second(s)

2018-11-28 11:55:37 - [TEST_STEP][PASSED] - verifyElementVisible: Object 'Object Repository/Final Object Repo/Page_Form 1A - Cessation As Employer/Message Your Request will be routed to UO' is visible

2018-11-28 11:55:41 - [MESSAGE][PASSED] - Object 'Object Repository/Final Object Repo/Page_Form 1A - Cessation As Employer/Message Your Request will be routed to UO' is visible

2018-11-28 11:55:41 - [TEST_STEP][PASSED] - delay: Delayed 1 second(s)

2018-11-28 11:55:42 - [MESSAGE][PASSED] - Delayed 1 second(s)

2018-11-28 11:55:42 - [TEST_STEP][PASSED] - verifyElementVisible: Object 'Object Repository/Final Object Repo/Page_Form 1A - Cessation As Employer/Letter of acknowledgement' is visible

2018-11-28 11:55:42 - [MESSAGE][PASSED] - Object 'Object Repository/Final Object Repo/Page_Form 1A - Cessation As Employer/Letter of acknowledgement' is visible

2018-11-28 11:55:42 - [MESSAGE][PASSED] - Call Test Case 'Test Cases/Final Aug 2018 - PKS Automation/Registration Module/Workflow/Form 1A - Cessation As Employer/Template/Form 1 A - Cessation As Employer (OTC)' successfully

2018-11-28 11:55:42 - [TEST_STEP][PASSED] - delay: Delayed 1 second(s)

2018-11-28 11:55:43 - [MESSAGE][PASSED] - Delayed 1 second(s)

2018-11-28 11:55:43 - [TEST_STEP][PASSED] - navigateToUrl: Navigate to 'https://assist2-uat.perkeso.gov.my/c/portal/logout' successfully

2018-11-28 11:55:44 - [MESSAGE][PASSED] - Navigate to 'https://assist2-uat.perkeso.gov.my/c/portal/logout' successfully

2018-11-28 11:55:44 - [TEST_STEP][PASSED] - delay: Delayed 1 second(s)

2018-11-28 11:55:45 - [MESSAGE][PASSED] - Delayed 1 second(s)

2018-11-28 11:55:45 - [TEST_STEP][PASSED] - callTestCase: Call Test Case 'Test Cases/Final Aug 2018 - PKS Automation/Common/Reference Number Getter' successfully

2018-11-28 11:55:45 - [TEST_CASE][PASSED] - Test Cases/Final Aug 2018 - PKS Automation/Common/Reference Number Getter: Test Cases/Final Aug 2018 - PKS Automation/Common/Reference Number Getter

2018-11-28 11:55:45 - [TEST_STEP][PASSED] - Statement - Try: null

2018-11-28 11:55:45 - [TEST_STEP][PASSED] - Statement - RefNo = new java.io.File(C://Users//Admin//Desktop//PKS//Automation Reference Point//KatalonReference.txt): null

2018-11-28 11:55:45 - [TEST_STEP][PASSED] - Statement - bufferread = new java.io.BufferedReader(new java.io.FileReader(RefNo)): null

2018-11-28 11:55:45 - [TEST_STEP][PASSED] - Statement - readedVal = bufferread.readLine(): null

2018-11-28 11:55:45 - [TEST_STEP][PASSED] - Statement - out.println(CaseReferenceNo): null

2018-11-28 11:55:45 - [TEST_STEP][PASSED] - Statement - out.println(readedVal): null

2018-11-28 11:55:45 - [TEST_STEP][PASSED] - Statement - CaseReferenceNo = "": null

2018-11-28 11:55:45 - [TEST_STEP][PASSED] - Statement - CaseReferenceNo = readedVal: null

2018-11-28 11:55:45 - [MESSAGE][PASSED] - Call Test Case 'Test Cases/Final Aug 2018 - PKS Automation/Common/Reference Number Getter' successfully

2018-11-28 11:55:45 - [TEST_STEP][PASSED] - callTestCase: Call Test Case 'Test Cases/Final Aug 2018 - PKS Automation/Common/Workflow Owner Finder' successfully

2018-11-28 11:55:45 - [TEST_CASE][PASSED] - Test Cases/Final Aug 2018 - PKS Automation/Common/Workflow Owner Finder: Test Cases/Final Aug 2018 - PKS Automation/Common/Workflow Owner Finder

2018-11-28 11:55:45 - [TEST_STEP][PASSED] - openBrowser: Browser is opened with url: ''

2018-11-28 11:55:45 - [MESSAGE][WARNING] - A browser is already opened. Closing browser and opening a new one

2018-11-28 11:55:48 - [MESSAGE][PASSED] - Browser is opened with url: ''

2018-11-28 11:55:48 - [TEST_STEP][PASSED] - navigateToUrl: Navigate to 'https://assist2-uat.perkeso.gov.my/login' successfully

2018-11-28 11:55:49 - [MESSAGE][PASSED] - Navigate to 'https://assist2-uat.perkeso.gov.my/login' successfully

2018-11-28 11:55:49 - [TEST_STEP][PASSED] - delay: Delayed 5 second(s)

2018-11-28 11:55:54 - [MESSAGE][PASSED] - Delayed 5 second(s)

2018-11-28 11:55:54 - [TEST_STEP][PASSED] - setText: Text 'test@liferay.com' is set on object 'Object Repository/Final Object Repo/Login Page/Internal User/Email Address'

2018-11-28 11:55:54 - [MESSAGE][PASSED] - Text 'test@liferay.com' is set on object 'Object Repository/Final Object Repo/Login Page/Internal User/Email Address'

2018-11-28 11:55:54 - [TEST_STEP][PASSED] - click: Object: 'Object Repository/Final Object Repo/Login Page/Internal User/Next Button' is clicked on

2018-11-28 11:55:54 - [MESSAGE][PASSED] - Object: 'Object Repository/Final Object Repo/Login Page/Internal User/Next Button' is clicked on

2018-11-28 11:55:54 - [TEST_STEP][PASSED] - delay: Delayed 2 second(s)

2018-11-28 11:55:56 - [MESSAGE][PASSED] - Delayed 2 second(s)

2018-11-28 11:55:56 - [TEST_STEP][PASSED] - setText: Text 'test' is set on object 'Object Repository/Final Object Repo/Login Page/Internal User/Password'

2018-11-28 11:55:57 - [MESSAGE][PASSED] - Text 'test' is set on object 'Object Repository/Final Object Repo/Login Page/Internal User/Password'

2018-11-28 11:55:57 - [TEST_STEP][PASSED] - delay: Delayed 2 second(s)

2018-11-28 11:55:59 - [MESSAGE][PASSED] - Delayed 2 second(s)

2018-11-28 11:55:59 - [TEST_STEP][PASSED] - click: Object: 'Object Repository/Final Object Repo/Login Page/Internal User/Login Button' is clicked on

2018-11-28 11:55:59 - [MESSAGE][PASSED] - Object: 'Object Repository/Final Object Repo/Login Page/Internal User/Login Button' is clicked on

2018-11-28 11:55:59 - [TEST_STEP][PASSED] - Statement - Try: null

2018-11-28 11:55:59 - [TEST_STEP][PASSED] - Statement - Checker = com.kms.katalon.core.webui.keyword.WebUiBuiltInKeywords.verifyElementNotPresent("Final Object Repo/Landing Page/Select to English", 3): null

2018-11-28 11:55:59 - [TEST_STEP][PASSED] - Statement - Catch (Exception e): null

2018-11-28 11:55:59 - [TEST_STEP][PASSED] - Statement - e.printStackTrace(): null

2018-11-28 11:55:59 - [TEST_STEP][PASSED] - delay: Delayed 5 second(s)

2018-11-28 11:56:04 - [MESSAGE][PASSED] - Delayed 5 second(s)

2018-11-28 11:56:04 - [TEST_STEP][PASSED] - mouseOver: Object: 'Object Repository/Final Object Repo/Landing Page/WorkFlow Menu' is hovered

2018-11-28 11:56:04 - [MESSAGE][PASSED] - Object: 'Object Repository/Final Object Repo/Landing Page/WorkFlow Menu' is hovered

2018-11-28 11:56:04 - [TEST_STEP][PASSED] - delay: Delayed 2 second(s)

2018-11-28 11:56:06 - [MESSAGE][PASSED] - Delayed 2 second(s)

2018-11-28 11:56:06 - [TEST_STEP][PASSED] - click: Object: 'Object Repository/Final Object Repo/Landing Page/Select to Workflow Listing' is clicked on

2018-11-28 11:56:07 - [MESSAGE][PASSED] - Object: 'Object Repository/Final Object Repo/Landing Page/Select to Workflow Listing' is clicked on

2018-11-28 11:56:07 - [TEST_STEP][PASSED] - delay: Delayed 2 second(s)

2018-11-28 11:56:09 - [MESSAGE][PASSED] - Delayed 2 second(s)

2018-11-28 11:56:09 - [TEST_STEP][PASSED] - click: Object: 'Object Repository/Final Object Repo/WorkFlow Listing Page/Search Information - To Put Ref No' is clicked on

2018-11-28 11:56:09 - [MESSAGE][PASSED] - Object: 'Object Repository/Final Object Repo/WorkFlow Listing Page/Search Information - To Put Ref No' is clicked on

2018-11-28 11:56:09 - [TEST_STEP][PASSED] - delay: Delayed 2 second(s)

2018-11-28 11:56:11 - [MESSAGE][PASSED] - Delayed 2 second(s)

2018-11-28 11:56:11 - [TEST_STEP][PASSED] - callTestCase: Call Test Case 'Test Cases/Final Aug 2018 - PKS Automation/Common/Reference Number Getter' successfully

2018-11-28 11:56:11 - [TEST_CASE][PASSED] - Test Cases/Final Aug 2018 - PKS Automation/Common/Reference Number Getter: Test Cases/Final Aug 2018 - PKS Automation/Common/Reference Number Getter

2018-11-28 11:56:11 - [TEST_STEP][PASSED] - Statement - Try: null

2018-11-28 11:56:11 - [TEST_STEP][PASSED] - Statement - RefNo = new java.io.File(C://Users//Admin//Desktop//PKS//Automation Reference Point//KatalonReference.txt): null

2018-11-28 11:56:11 - [TEST_STEP][PASSED] - Statement - bufferread = new java.io.BufferedReader(new java.io.FileReader(RefNo)): null

2018-11-28 11:56:11 - [TEST_STEP][PASSED] - Statement - readedVal = bufferread.readLine(): null

2018-11-28 11:56:11 - [TEST_STEP][PASSED] - Statement - out.println(CaseReferenceNo): null

2018-11-28 11:56:11 - [TEST_STEP][PASSED] - Statement - out.println(readedVal): null

2018-11-28 11:56:11 - [TEST_STEP][PASSED] - Statement - CaseReferenceNo = "": null

2018-11-28 11:56:11 - [TEST_STEP][PASSED] - Statement - CaseReferenceNo = readedVal: null

2018-11-28 11:56:11 - [MESSAGE][PASSED] - Call Test Case 'Test Cases/Final Aug 2018 - PKS Automation/Common/Reference Number Getter' successfully

2018-11-28 11:56:11 - [TEST_STEP][PASSED] - setText: Text 'CUN112018C200001665' is set on object 'Object Repository/Final Object Repo/WorkFlow Listing Page/Ref No Set Text'

2018-11-28 11:56:12 - [MESSAGE][PASSED] - Text 'CUN112018C200001665' is set on object 'Object Repository/Final Object Repo/WorkFlow Listing Page/Ref No Set Text'

2018-11-28 11:56:12 - [TEST_STEP][PASSED] - delay: Delayed 2 second(s)

2018-11-28 11:56:14 - [MESSAGE][PASSED] - Delayed 2 second(s)

2018-11-28 11:56:14 - [TEST_STEP][PASSED] - click: Object: 'Object Repository/Final Object Repo/WorkFlow Listing Page/Search Ref No Search Button' is clicked on

2018-11-28 11:56:14 - [MESSAGE][PASSED] - Object: 'Object Repository/Final Object Repo/WorkFlow Listing Page/Search Ref No Search Button' is clicked on

2018-11-28 11:56:14 - [TEST_STEP][PASSED] - delay: Delayed 4 second(s)

2018-11-28 11:56:18 - [MESSAGE][PASSED] - Delayed 4 second(s)

2018-11-28 11:56:18 - [TEST_STEP][PASSED] - click: Object: 'Object Repository/Final Object Repo/WorkFlow Listing Page/Click Continue Tooltip' is clicked on

2018-11-28 11:56:19 - [MESSAGE][PASSED] - Object: 'Object Repository/Final Object Repo/WorkFlow Listing Page/Click Continue Tooltip' is clicked on

2018-11-28 11:56:19 - [TEST_STEP][PASSED] - delay: Delayed 5 second(s)

2018-11-28 11:56:24 - [MESSAGE][PASSED] - Delayed 5 second(s)

2018-11-28 11:56:24 - [TEST_STEP][PASSED] - doubleClick: Object: 'Object Repository/Final Object Repo/WorkFlow Listing Page/Workflow Found - Listing 1' is double clicked on

2018-11-28 11:56:24 - [MESSAGE][PASSED] - Object: 'Object Repository/Final Object Repo/WorkFlow Listing Page/Workflow Found - Listing 1' is double clicked on

2018-11-28 11:56:24 - [TEST_STEP][PASSED] - Statement - println(OwnerID): null

2018-11-28 11:56:24 - [TEST_STEP][PASSED] - Statement - OwnerID = com.kms.katalon.core.webui.keyword.WebUiBuiltInKeywords.getText(com.kms.katalon.core.testobject.ObjectRepository.findTestObject(Final Object Repo/WorkFlow Listing Page/Workflow Found - Listing 1), STOP_ON_FAILURE): Text of object 'Object Repository/Final Object Repo/WorkFlow Listing Page/Workflow Found - Listing 1' is: 'JOHORuo1'

2018-11-28 11:56:24 - [MESSAGE][PASSED] - Text of object 'Object Repository/Final Object Repo/WorkFlow Listing Page/Workflow Found - Listing 1' is: 'JOHORuo1'

2018-11-28 11:56:24 - [TEST_STEP][PASSED] - Statement - OwnerID = OwnerID.toLowerCase() + "@gmail.com": null

2018-11-28 11:56:24 - [TEST_STEP][PASSED] - Statement - println(OwnerID): null

2018-11-28 11:56:24 - [TEST_STEP][PASSED] - delay: Delayed 2 second(s)

2018-11-28 11:56:26 - [MESSAGE][PASSED] - Delayed 2 second(s)

2018-11-28 11:56:26 - [MESSAGE][PASSED] - Call Test Case 'Test Cases/Final Aug 2018 - PKS Automation/Common/Workflow Owner Finder' successfully

2018-11-28 11:56:26 - [TEST_STEP][PASSED] - delay: Delayed 1 second(s)

2018-11-28 11:56:27 - [MESSAGE][PASSED] - Delayed 1 second(s)

2018-11-28 11:56:27 - [TEST_STEP][PASSED] - navigateToUrl: Navigate to 'https://assist2-uat.perkeso.gov.my/c/portal/logout' successfully

2018-11-28 11:56:28 - [MESSAGE][PASSED] - Navigate to 'https://assist2-uat.perkeso.gov.my/c/portal/logout' successfully

2018-11-28 11:56:28 - [TEST_STEP][PASSED] - delay: Delayed 1 second(s)

2018-11-28 11:56:29 - [MESSAGE][PASSED] - Delayed 1 second(s)

2018-11-28 11:56:29 - [TEST_STEP][PASSED] - callTestCase: Call Test Case 'Test Cases/Final Aug 2018 - PKS Automation/Registration Module/Workflow/Login and Search Case For Workflow' successfully

2018-11-28 11:56:29 - [TEST_CASE][PASSED] - Test Cases/Final Aug 2018 - PKS Automation/Registration Module/Workflow/Login and Search Case For Workflow: Test Cases/Final Aug 2018 - PKS Automation/Registration Module/Workflow/Login and Search Case For Workflow

2018-11-28 11:56:29 - [TEST_STEP][PASSED] - navigateToUrl: Navigate to 'https://assist2-uat.perkeso.gov.my/login' successfully

2018-11-28 11:56:30 - [MESSAGE][PASSED] - Navigate to 'https://assist2-uat.perkeso.gov.my/login' successfully

2018-11-28 11:56:30 - [TEST_STEP][PASSED] - setText: Text 'johoruo1@gmail.com' is set on object 'Object Repository/Final Object Repo/Login Page/Internal User/Email Address'

2018-11-28 11:56:30 - [MESSAGE][PASSED] - Text 'johoruo1@gmail.com' is set on object 'Object Repository/Final Object Repo/Login Page/Internal User/Email Address'

2018-11-28 11:56:30 - [TEST_STEP][PASSED] - click: Object: 'Object Repository/Final Object Repo/Login Page/Internal User/Next Button' is clicked on

2018-11-28 11:56:30 - [MESSAGE][PASSED] - Object: 'Object Repository/Final Object Repo/Login Page/Internal User/Next Button' is clicked on

2018-11-28 11:56:30 - [TEST_STEP][PASSED] - delay: Delayed 1 second(s)

2018-11-28 11:56:31 - [MESSAGE][PASSED] - Delayed 1 second(s)

2018-11-28 11:56:31 - [TEST_STEP][PASSED] - setEncryptedText: Text ****** has been set on object 'Object Repository/Final Object Repo/Login Page/Internal User/Password'

2018-11-28 11:56:31 - [MESSAGE][PASSED] - Text ****** has been set on object 'Object Repository/Final Object Repo/Login Page/Internal User/Password'

2018-11-28 11:56:31 - [TEST_STEP][PASSED] - click: Object: 'Object Repository/Final Object Repo/Login Page/Internal User/Login Button' is clicked on

2018-11-28 11:56:32 - [MESSAGE][PASSED] - Object: 'Object Repository/Final Object Repo/Login Page/Internal User/Login Button' is clicked on

2018-11-28 11:56:32 - [TEST_STEP][PASSED] - delay: Delayed 2 second(s)

2018-11-28 11:56:34 - [MESSAGE][PASSED] - Delayed 2 second(s)

2018-11-28 11:56:34 - [TEST_STEP][PASSED] - Statement - Try: Delayed 2 second(s)

2018-11-28 11:56:34 - [TEST_STEP][PASSED] - Statement - Checker = false: null

2018-11-28 11:56:34 - [TEST_STEP][PASSED] - Statement - Checker = com.kms.katalon.core.webui.keyword.WebUiBuiltInKeywords.verifyElementHasAttribute(com.kms.katalon.core.testobject.ObjectRepository.findTestObject(Final Object Repo/Landing Page/BM Detecting), "href", 20, OPTIONAL): Object 'Object Repository/Final Object Repo/Landing Page/BM Detecting' has attribute 'href'

2018-11-28 11:56:34 - [MESSAGE][PASSED] - Object 'Object Repository/Final Object Repo/Landing Page/BM Detecting' has attribute 'href'

2018-11-28 11:56:34 - [TEST_STEP][PASSED] - Statement - out.println(Checker): null

2018-11-28 11:56:34 - [TEST_STEP][PASSED] - Statement - If (Checker == false): null

2018-11-28 11:56:34 - [TEST_STEP][PASSED] - Statement - Else: null

2018-11-28 11:56:34 - [TEST_STEP][PASSED] - delay: Delayed 2 second(s)

2018-11-28 11:56:36 - [MESSAGE][PASSED] - Delayed 2 second(s)

2018-11-28 11:56:36 - [TEST_STEP][PASSED] - click: Object: 'Object Repository/Final Object Repo/Page_MyASSIST - ASSIST - Search Pending Case For Add Supporting Document/Search Information' is clicked on

2018-11-28 11:56:36 - [MESSAGE][PASSED] - Object: 'Object Repository/Final Object Repo/Page_MyASSIST - ASSIST - Search Pending Case For Add Supporting Document/Search Information' is clicked on

2018-11-28 11:56:36 - [TEST_STEP][PASSED] - delay: Delayed 3 second(s)

2018-11-28 11:56:39 - [MESSAGE][PASSED] - Delayed 3 second(s)

2018-11-28 11:56:39 - [TEST_STEP][PASSED] - sendKeys: Keys 'CUN112018C200001665' sent to object: 'Object Repository/Final Object Repo/Page_MyASSIST - ASSIST - Search Pending Case For Add Supporting Document/Reference No'

2018-11-28 11:56:39 - [MESSAGE][PASSED] - Keys 'CUN112018C200001665' sent to object: 'Object Repository/Final Object Repo/Page_MyASSIST - ASSIST - Search Pending Case For Add Supporting Document/Reference No'

2018-11-28 11:56:39 - [TEST_STEP][PASSED] - click: Object: 'Object Repository/Final Object Repo/Page_MyASSIST - ASSIST - Search Pending Case For Add Supporting Document/Search Reference No' is clicked on

2018-11-28 11:56:39 - [MESSAGE][PASSED] - Object: 'Object Repository/Final Object Repo/Page_MyASSIST - ASSIST - Search Pending Case For Add Supporting Document/Search Reference No' is clicked on

2018-11-28 11:56:39 - [TEST_STEP][PASSED] - delay: Delayed 2 second(s)

2018-11-28 11:56:41 - [MESSAGE][PASSED] - Delayed 2 second(s)

2018-11-28 11:56:41 - [TEST_STEP][PASSED] - click: Object: 'Object Repository/Final Object Repo/Page_MyASSIST - ASSIST - Search Pending Case For Add Supporting Document/Continue' is clicked on

2018-11-28 11:56:45 - [MESSAGE][PASSED] - Object: 'Object Repository/Final Object Repo/Page_MyASSIST - ASSIST - Search Pending Case For Add Supporting Document/Continue' is clicked on

2018-11-28 11:56:45 - [TEST_STEP][PASSED] - delay: Delayed 20 second(s)

2018-11-28 11:57:05 - [MESSAGE][PASSED] - Delayed 20 second(s)

2018-11-28 11:57:05 - [MESSAGE][PASSED] - Call Test Case 'Test Cases/Final Aug 2018 - PKS Automation/Registration Module/Workflow/Login and Search Case For Workflow' successfully

2018-11-28 11:57:05 - [TEST_STEP][PASSED] - click: Object: 'Object Repository/Final Object Repo/Page_Form 1A - Cessation As Employer/Page_Form 1A - Cessation As Employer (Approve)/Save  Continue in Form 1A Page' is clicked on

2018-11-28 11:57:05 - [MESSAGE][PASSED] - Object: 'Object Repository/Final Object Repo/Page_Form 1A - Cessation As Employer/Page_Form 1A - Cessation As Employer (Approve)/Save  Continue in Form 1A Page' is clicked on

2018-11-28 11:57:05 - [TEST_STEP][PASSED] - delay: Delayed 2 second(s)

2018-11-28 11:57:07 - [MESSAGE][PASSED] - Delayed 2 second(s)

2018-11-28 11:57:07 - [TEST_STEP][PASSED] - click: Object: 'Object Repository/Final Object Repo/Page_Form 1A - Cessation As Employer/Employment Resign Date' is clicked on

2018-11-28 11:57:07 - [MESSAGE][PASSED] - Object: 'Object Repository/Final Object Repo/Page_Form 1A - Cessation As Employer/Employment Resign Date' is clicked on

2018-11-28 11:57:07 - [TEST_STEP][PASSED] - delay: Delayed 1 second(s)

2018-11-28 11:57:08 - [MESSAGE][PASSED] - Delayed 1 second(s)

2018-11-28 11:57:08 - [TEST_STEP][PASSED] - selectOptionByValue: All options with value '2030' are selected in object 'Object Repository/Final Object Repo/Page_Form 1A - Cessation As Employer/Employment Resign Date - Year' 

2018-11-28 11:57:09 - [MESSAGE][PASSED] - All options with value '2030' are selected in object 'Object Repository/Final Object Repo/Page_Form 1A - Cessation As Employer/Employment Resign Date - Year' 

2018-11-28 11:57:09 - [TEST_STEP][PASSED] - delay: Delayed 1 second(s)

2018-11-28 11:57:10 - [MESSAGE][PASSED] - Delayed 1 second(s)

2018-11-28 11:57:10 - [TEST_STEP][PASSED] - click: Object: 'Object Repository/Final Object Repo/Page_Form 1A - Cessation As Employer/Employment Resign Date - Year - Date' is clicked on

2018-11-28 11:57:10 - [MESSAGE][PASSED] - Object: 'Object Repository/Final Object Repo/Page_Form 1A - Cessation As Employer/Employment Resign Date - Year - Date' is clicked on

2018-11-28 11:57:10 - [TEST_STEP][PASSED] - delay: Delayed 2 second(s)

2018-11-28 11:57:12 - [MESSAGE][PASSED] - Delayed 2 second(s)

2018-11-28 11:57:12 - [TEST_STEP][PASSED] - click: Object: 'Object Repository/Final Object Repo/Page_Form 1A - Cessation As Employer/Page_Form 1A - Cessation As Employer (Approve)/Save  Continue in Update Add Employee Resigned Date Page' is clicked on

2018-11-28 11:57:12 - [MESSAGE][PASSED] - Object: 'Object Repository/Final Object Repo/Page_Form 1A - Cessation As Employer/Page_Form 1A - Cessation As Employer (Approve)/Save  Continue in Update Add Employee Resigned Date Page' is clicked on

2018-11-28 11:57:12 - [TEST_STEP][PASSED] - delay: Delayed 2 second(s)

2018-11-28 11:57:14 - [MESSAGE][PASSED] - Delayed 2 second(s)

2018-11-28 11:57:14 - [TEST_STEP][PASSED] - click: Object: 'Object Repository/Final Object Repo/Page_Form 1A - Cessation As Employer/Set Latest - Yes' is clicked on

2018-11-28 11:57:14 - [MESSAGE][PASSED] - Object: 'Object Repository/Final Object Repo/Page_Form 1A - Cessation As Employer/Set Latest - Yes' is clicked on

2018-11-28 11:57:14 - [TEST_STEP][PASSED] - delay: Delayed 2 second(s)

2018-11-28 11:57:16 - [MESSAGE][PASSED] - Delayed 2 second(s)

2018-11-28 11:57:16 - [TEST_STEP][PASSED] - click: Object: 'Object Repository/Final Object Repo/Page_Form 1A - Cessation As Employer/Page_Form 1A - Cessation As Employer (Approve)/Save  Contine in Uploading Document Page' is clicked on

2018-11-28 11:57:17 - [MESSAGE][PASSED] - Object: 'Object Repository/Final Object Repo/Page_Form 1A - Cessation As Employer/Page_Form 1A - Cessation As Employer (Approve)/Save  Contine in Uploading Document Page' is clicked on

2018-11-28 11:57:17 - [TEST_STEP][PASSED] - delay: Delayed 2 second(s)

2018-11-28 11:57:19 - [MESSAGE][PASSED] - Delayed 2 second(s)

2018-11-28 11:57:19 - [TEST_STEP][PASSED] - click: Object: 'Object Repository/Final Object Repo/Page_Form 1A - Cessation As Employer/Page_Form 1A - Cessation As Employer (Reject)/Reject' is clicked on

2018-11-28 11:57:22 - [MESSAGE][PASSED] - Object: 'Object Repository/Final Object Repo/Page_Form 1A - Cessation As Employer/Page_Form 1A - Cessation As Employer (Reject)/Reject' is clicked on

2018-11-28 11:57:22 - [TEST_STEP][PASSED] - delay: Delayed 2 second(s)

2018-11-28 11:57:24 - [MESSAGE][PASSED] - Delayed 2 second(s)

2018-11-28 11:57:24 - [TEST_STEP][PASSED] - click: Object: 'Object Repository/Final Object Repo/Page_Form 1A - Cessation As Employer/Page_Form 1A - Cessation As Employer (Reject)/Confirm' is clicked on

2018-11-28 11:57:24 - [MESSAGE][PASSED] - Object: 'Object Repository/Final Object Repo/Page_Form 1A - Cessation As Employer/Page_Form 1A - Cessation As Employer (Reject)/Confirm' is clicked on

2018-11-28 11:57:24 - [TEST_STEP][PASSED] - delay: Delayed 2 second(s)

2018-11-28 11:57:26 - [MESSAGE][PASSED] - Delayed 2 second(s)

2018-11-28 11:57:26 - [TEST_STEP][PASSED] - verifyElementVisible: Object 'Object Repository/Final Object Repo/Page_Form 1A - Cessation As Employer/Page_Form 1A - Cessation As Employer (Reject)/Message This Case has been Rejected' is visible

2018-11-28 11:57:31 - [MESSAGE][PASSED] - Object 'Object Repository/Final Object Repo/Page_Form 1A - Cessation As Employer/Page_Form 1A - Cessation As Employer (Reject)/Message This Case has been Rejected' is visible

2018-11-28 11:57:31 - [TEST_STEP][PASSED] - delay: Delayed 1 second(s)

2018-11-28 11:57:32 - [MESSAGE][PASSED] - Delayed 1 second(s)

2018-11-28 11:57:32 - [TEST_STEP][PASSED] - verifyElementVisible: Object 'Object Repository/Final Object Repo/Page_Form 1A - Cessation As Employer/Page_Form 1A - Cessation As Employer (Reject)/Letter of update rejection' is visible

2018-11-28 11:57:32 - [MESSAGE][PASSED] - Object 'Object Repository/Final Object Repo/Page_Form 1A - Cessation As Employer/Page_Form 1A - Cessation As Employer (Reject)/Letter of update rejection' is visible

2018-11-28 11:57:32 - [MESSAGE][PASSED] - Call Test Case 'Test Cases/Final Aug 2018 - PKS Automation/Registration Module/Workflow/Form 1A - Cessation As Employer/Template/Form 1 A - Cessation As Employer (Reject)' successfully]]></system-out>
         <system-err><![CDATA[]]></system-err>
      </testcase>
      <testcase name="Test Cases/Final Aug 2018 - PKS Automation/Registration Module/Workflow/Form 1A - Cessation As Employer/OTC to UO (Under enforcement)" classname="Test Cases/Final Aug 2018 - PKS Automation/Registration Module/Workflow/Form 1A - Cessation As Employer/OTC to UO (Under enforcement)" status="PASSED">
         <system-out><![CDATA[2018-11-28 11:57:32 - [TEST_CASE][PASSED] - Test Cases/Final Aug 2018 - PKS Automation/Registration Module/Workflow/Form 1A - Cessation As Employer/OTC to UO (Under enforcement): Test Cases/Final Aug 2018 - PKS Automation/Registration Module/Workflow/Form 1A - Cessation As Employer/OTC to UO (Under enforcement)

2018-11-28 11:57:32 - [TEST_STEP][PASSED] - callTestCase: Call Test Case 'Test Cases/Final Aug 2018 - PKS Automation/Registration Module/Workflow/Form 1A - Cessation As Employer/Template/Form 1 A - Cessation As Employer (OTC)' successfully

2018-11-28 11:57:32 - [TEST_CASE][PASSED] - Test Cases/Final Aug 2018 - PKS Automation/Registration Module/Workflow/Form 1A - Cessation As Employer/Template/Form 1 A - Cessation As Employer (OTC): Test Cases/Final Aug 2018 - PKS Automation/Registration Module/Workflow/Form 1A - Cessation As Employer/Template/Form 1 A - Cessation As Employer (OTC)

2018-11-28 11:57:32 - [TEST_STEP][PASSED] - openBrowser: Browser is opened with url: ''

2018-11-28 11:57:32 - [MESSAGE][WARNING] - A browser is already opened. Closing browser and opening a new one

2018-11-28 11:57:35 - [MESSAGE][PASSED] - Browser is opened with url: ''

2018-11-28 11:57:35 - [TEST_STEP][PASSED] - navigateToUrl: Navigate to 'https://assist2-uat.perkeso.gov.my/login' successfully

2018-11-28 11:57:36 - [MESSAGE][PASSED] - Navigate to 'https://assist2-uat.perkeso.gov.my/login' successfully

2018-11-28 11:57:36 - [TEST_STEP][PASSED] - setText: Text 'johorotc1@gmail.com' is set on object 'Object Repository/Final Object Repo/Login Page/Internal User/Email Address'

2018-11-28 11:57:36 - [MESSAGE][PASSED] - Text 'johorotc1@gmail.com' is set on object 'Object Repository/Final Object Repo/Login Page/Internal User/Email Address'

2018-11-28 11:57:36 - [TEST_STEP][PASSED] - click: Object: 'Object Repository/Final Object Repo/Login Page/Internal User/Next Button' is clicked on

2018-11-28 11:57:37 - [MESSAGE][PASSED] - Object: 'Object Repository/Final Object Repo/Login Page/Internal User/Next Button' is clicked on

2018-11-28 11:57:37 - [TEST_STEP][PASSED] - delay: Delayed 1 second(s)

2018-11-28 11:57:38 - [MESSAGE][PASSED] - Delayed 1 second(s)

2018-11-28 11:57:38 - [TEST_STEP][PASSED] - setEncryptedText: Text ****** has been set on object 'Object Repository/Final Object Repo/Login Page/Internal User/Password'

2018-11-28 11:57:38 - [MESSAGE][PASSED] - Text ****** has been set on object 'Object Repository/Final Object Repo/Login Page/Internal User/Password'

2018-11-28 11:57:38 - [TEST_STEP][PASSED] - click: Object: 'Object Repository/Final Object Repo/Login Page/Internal User/Login Button' is clicked on

2018-11-28 11:57:38 - [MESSAGE][PASSED] - Object: 'Object Repository/Final Object Repo/Login Page/Internal User/Login Button' is clicked on

2018-11-28 11:57:38 - [TEST_STEP][PASSED] - delay: Delayed 1 second(s)

2018-11-28 11:57:39 - [MESSAGE][PASSED] - Delayed 1 second(s)

2018-11-28 11:57:39 - [TEST_STEP][PASSED] - Statement - Try: Delayed 2 second(s)

2018-11-28 11:57:39 - [TEST_STEP][PASSED] - Statement - Checker = false: null

2018-11-28 11:57:39 - [TEST_STEP][PASSED] - Statement - Checker = com.kms.katalon.core.webui.keyword.WebUiBuiltInKeywords.verifyElementHasAttribute(com.kms.katalon.core.testobject.ObjectRepository.findTestObject(Final Object Repo/Landing Page/BM Detecting), "href", 20, OPTIONAL): Object 'Object Repository/Final Object Repo/Landing Page/BM Detecting' has attribute 'href'

2018-11-28 11:57:40 - [MESSAGE][PASSED] - Object 'Object Repository/Final Object Repo/Landing Page/BM Detecting' has attribute 'href'

2018-11-28 11:57:40 - [TEST_STEP][PASSED] - Statement - out.println(Checker): null

2018-11-28 11:57:40 - [TEST_STEP][PASSED] - Statement - If (Checker == false): null

2018-11-28 11:57:40 - [TEST_STEP][PASSED] - Statement - Else: null

2018-11-28 11:57:40 - [TEST_STEP][PASSED] - delay: Delayed 2 second(s)

2018-11-28 11:57:42 - [MESSAGE][PASSED] - Delayed 2 second(s)

2018-11-28 11:57:42 - [TEST_STEP][PASSED] - navigateToUrl: Navigate to 'https://assist2-uat.perkeso.gov.my/web/registration/update/form-1a-cessation-as-employer-discontinue-business-' successfully

2018-11-28 11:57:43 - [MESSAGE][PASSED] - Navigate to 'https://assist2-uat.perkeso.gov.my/web/registration/update/form-1a-cessation-as-employer-discontinue-business-' successfully

2018-11-28 11:57:43 - [TEST_STEP][PASSED] - setText: Text 'E1102069770Z' is set on object 'Object Repository/Final Object Repo/Page_Update Employer Information/Employer Code'

2018-11-28 11:57:43 - [MESSAGE][PASSED] - Text 'E1102069770Z' is set on object 'Object Repository/Final Object Repo/Page_Update Employer Information/Employer Code'

2018-11-28 11:57:43 - [TEST_STEP][PASSED] - click: Object: 'Object Repository/Final Object Repo/Page_Update Employer Information/Search Button' is clicked on

2018-11-28 11:57:44 - [MESSAGE][PASSED] - Object: 'Object Repository/Final Object Repo/Page_Update Employer Information/Search Button' is clicked on

2018-11-28 11:57:44 - [TEST_STEP][PASSED] - click: Object: 'Object Repository/Final Object Repo/Page_Update Employer Information/Edit Button' is clicked on

2018-11-28 11:57:46 - [MESSAGE][PASSED] - Object: 'Object Repository/Final Object Repo/Page_Update Employer Information/Edit Button' is clicked on

2018-11-28 11:57:46 - [TEST_STEP][PASSED] - Statement - abc = com.kms.katalon.core.webui.keyword.WebUiBuiltInKeywords.getAttribute(com.kms.katalon.core.testobject.ObjectRepository.findTestObject(Final Object Repo/Page_Form 1A - Cessation As Employer/Employer Status), "value"): Attribute 'value' of object 'Object Repository/Final Object Repo/Page_Form 1A - Cessation As Employer/Employer Status' is: 'Dormant'

2018-11-28 11:57:46 - [MESSAGE][PASSED] - Attribute 'value' of object 'Object Repository/Final Object Repo/Page_Form 1A - Cessation As Employer/Employer Status' is: 'Dormant'

2018-11-28 11:57:46 - [TEST_STEP][PASSED] - Statement - out.println(abc): null

2018-11-28 11:57:46 - [TEST_STEP][PASSED] - Statement - If (abc == "Active"): null

2018-11-28 11:57:46 - [TEST_STEP][PASSED] - Statement - Else If (abc == "Cancel"): null

2018-11-28 11:57:46 - [TEST_STEP][PASSED] - Statement - Else If (abc == "Dormant"): Object: 'Object Repository/Final Object Repo/Page_Form 1A - Cessation As Employer/Change Employer Status to - Dormant' is clicked on

2018-11-28 11:57:46 - [TEST_STEP][PASSED] - click: Object: 'Object Repository/Final Object Repo/Page_Form 1A - Cessation As Employer/Change Employer Status to' is clicked on

2018-11-28 11:57:46 - [MESSAGE][PASSED] - Object: 'Object Repository/Final Object Repo/Page_Form 1A - Cessation As Employer/Change Employer Status to' is clicked on

2018-11-28 11:57:46 - [TEST_STEP][PASSED] - click: Object: 'Object Repository/Final Object Repo/Page_Form 1A - Cessation As Employer/Change Employer Status to - Dormant' is clicked on

2018-11-28 11:57:46 - [MESSAGE][PASSED] - Object: 'Object Repository/Final Object Repo/Page_Form 1A - Cessation As Employer/Change Employer Status to - Dormant' is clicked on

2018-11-28 11:57:46 - [TEST_STEP][PASSED] - click: Object: 'Object Repository/Final Object Repo/Page_Form 1A - Cessation As Employer/Calender' is clicked on

2018-11-28 11:57:47 - [MESSAGE][PASSED] - Object: 'Object Repository/Final Object Repo/Page_Form 1A - Cessation As Employer/Calender' is clicked on

2018-11-28 11:57:47 - [TEST_STEP][PASSED] - click: Object: 'Object Repository/Final Object Repo/Page_Form 1A - Cessation As Employer/Calender - Date' is clicked on

2018-11-28 11:57:47 - [MESSAGE][PASSED] - Object: 'Object Repository/Final Object Repo/Page_Form 1A - Cessation As Employer/Calender - Date' is clicked on

2018-11-28 11:57:47 - [TEST_STEP][PASSED] - delay: Delayed 2 second(s)

2018-11-28 11:57:49 - [MESSAGE][PASSED] - Delayed 2 second(s)

2018-11-28 11:57:49 - [TEST_STEP][PASSED] - click: Object: 'Object Repository/Final Object Repo/Page_Form 1A - Cessation As Employer/Save  Continue in Form 1A Page' is clicked on

2018-11-28 11:57:49 - [MESSAGE][PASSED] - Object: 'Object Repository/Final Object Repo/Page_Form 1A - Cessation As Employer/Save  Continue in Form 1A Page' is clicked on

2018-11-28 11:57:49 - [TEST_STEP][PASSED] - delay: Delayed 2 second(s)

2018-11-28 11:57:51 - [MESSAGE][PASSED] - Delayed 2 second(s)

2018-11-28 11:57:51 - [TEST_STEP][PASSED] - click: Object: 'Object Repository/Final Object Repo/Page_Form 1A - Cessation As Employer/Employment Resign Date' is clicked on

2018-11-28 11:57:51 - [MESSAGE][PASSED] - Object: 'Object Repository/Final Object Repo/Page_Form 1A - Cessation As Employer/Employment Resign Date' is clicked on

2018-11-28 11:57:51 - [TEST_STEP][PASSED] - delay: Delayed 1 second(s)

2018-11-28 11:57:52 - [MESSAGE][PASSED] - Delayed 1 second(s)

2018-11-28 11:57:52 - [TEST_STEP][PASSED] - Statement - CaseReferenceNo = com.kms.katalon.core.webui.keyword.WebUiBuiltInKeywords.getText(com.kms.katalon.core.testobject.ObjectRepository.findTestObject(Final Object Repo/Page_Update Employer Information/Reference Number in Update Employee Information Page)): Text of object 'Object Repository/Final Object Repo/Page_Update Employer Information/Reference Number in Update Employee Information Page' is: 'CUN112018C200001666'

2018-11-28 11:57:52 - [MESSAGE][PASSED] - Text of object 'Object Repository/Final Object Repo/Page_Update Employer Information/Reference Number in Update Employee Information Page' is: 'CUN112018C200001666'

2018-11-28 11:57:52 - [TEST_STEP][PASSED] - callTestCase: Call Test Case 'Test Cases/Final Aug 2018 - PKS Automation/Common/Reference Number Setter' successfully

2018-11-28 11:57:53 - [TEST_CASE][PASSED] - Test Cases/Final Aug 2018 - PKS Automation/Common/Reference Number Setter: Test Cases/Final Aug 2018 - PKS Automation/Common/Reference Number Setter

2018-11-28 11:57:53 - [TEST_STEP][PASSED] - Statement - RefNoOldFile = new java.io.File(C://Users//Admin//Desktop//PKS//Automation Reference Point//KatalonReference.txt): null

2018-11-28 11:57:53 - [TEST_STEP][PASSED] - Statement - RefNoOldFile.delete(): null

2018-11-28 11:57:53 - [TEST_STEP][PASSED] - delay: Delayed 5 second(s)

2018-11-28 11:57:58 - [MESSAGE][PASSED] - Delayed 5 second(s)

2018-11-28 11:57:58 - [TEST_STEP][PASSED] - Statement - RefNo = new java.io.File(C://Users//Admin//Desktop//PKS//Automation Reference Point//KatalonReference.txt): null

2018-11-28 11:57:58 - [TEST_STEP][PASSED] - Statement - f2 = new java.io.FileWriter(RefNo, false): null

2018-11-28 11:57:58 - [TEST_STEP][PASSED] - Statement - f2.write(CaseReferenceNo): null

2018-11-28 11:57:58 - [TEST_STEP][PASSED] - Statement - f2.close(): null

2018-11-28 11:57:58 - [TEST_STEP][PASSED] - Statement - out.println("


" + CaseReferenceNo + "


"): null

2018-11-28 11:57:58 - [MESSAGE][PASSED] - Call Test Case 'Test Cases/Final Aug 2018 - PKS Automation/Common/Reference Number Setter' successfully

2018-11-28 11:57:58 - [TEST_STEP][PASSED] - selectOptionByValue: All options with value '2030' are selected in object 'Object Repository/Final Object Repo/Page_Form 1A - Cessation As Employer/Employment Resign Date - Year' 

2018-11-28 11:57:58 - [MESSAGE][PASSED] - All options with value '2030' are selected in object 'Object Repository/Final Object Repo/Page_Form 1A - Cessation As Employer/Employment Resign Date - Year' 

2018-11-28 11:57:58 - [TEST_STEP][PASSED] - delay: Delayed 1 second(s)

2018-11-28 11:57:59 - [MESSAGE][PASSED] - Delayed 1 second(s)

2018-11-28 11:57:59 - [TEST_STEP][PASSED] - click: Object: 'Object Repository/Final Object Repo/Page_Form 1A - Cessation As Employer/Employment Resign Date - Year - Date' is clicked on

2018-11-28 11:57:59 - [MESSAGE][PASSED] - Object: 'Object Repository/Final Object Repo/Page_Form 1A - Cessation As Employer/Employment Resign Date - Year - Date' is clicked on

2018-11-28 11:57:59 - [TEST_STEP][PASSED] - delay: Delayed 2 second(s)

2018-11-28 11:58:01 - [MESSAGE][PASSED] - Delayed 2 second(s)

2018-11-28 11:58:01 - [TEST_STEP][PASSED] - click: Object: 'Object Repository/Final Object Repo/Page_Form 1A - Cessation As Employer/Save  Continue in Update Add Employee Resigned Date Page' is clicked on

2018-11-28 11:58:01 - [MESSAGE][PASSED] - Object: 'Object Repository/Final Object Repo/Page_Form 1A - Cessation As Employer/Save  Continue in Update Add Employee Resigned Date Page' is clicked on

2018-11-28 11:58:01 - [TEST_STEP][PASSED] - delay: Delayed 2 second(s)

2018-11-28 11:58:03 - [MESSAGE][PASSED] - Delayed 2 second(s)

2018-11-28 11:58:03 - [TEST_STEP][PASSED] - click: Object: 'Object Repository/Final Object Repo/Page_Form 1A - Cessation As Employer/Set Latest - Yes' is clicked on

2018-11-28 11:58:03 - [MESSAGE][PASSED] - Object: 'Object Repository/Final Object Repo/Page_Form 1A - Cessation As Employer/Set Latest - Yes' is clicked on

2018-11-28 11:58:03 - [TEST_STEP][PASSED] - delay: Delayed 2 second(s)

2018-11-28 11:58:05 - [MESSAGE][PASSED] - Delayed 2 second(s)

2018-11-28 11:58:05 - [TEST_STEP][PASSED] - click: Object: 'Object Repository/Final Object Repo/Page_Form 1A - Cessation As Employer/Add Document' is clicked on

2018-11-28 11:58:07 - [MESSAGE][PASSED] - Object: 'Object Repository/Final Object Repo/Page_Form 1A - Cessation As Employer/Add Document' is clicked on

2018-11-28 11:58:07 - [TEST_STEP][PASSED] - delay: Delayed 2 second(s)

2018-11-28 11:58:09 - [MESSAGE][PASSED] - Delayed 2 second(s)

2018-11-28 11:58:09 - [TEST_STEP][PASSED] - click: Object: 'Object Repository/Final Object Repo/Page_Form 1A - Cessation As Employer/Document Type' is clicked on

2018-11-28 11:58:10 - [MESSAGE][PASSED] - Object: 'Object Repository/Final Object Repo/Page_Form 1A - Cessation As Employer/Document Type' is clicked on

2018-11-28 11:58:10 - [TEST_STEP][PASSED] - delay: Delayed 2 second(s)

2018-11-28 11:58:12 - [MESSAGE][PASSED] - Delayed 2 second(s)

2018-11-28 11:58:12 - [TEST_STEP][PASSED] - click: Object: 'Object Repository/Final Object Repo/Page_Form 1A - Cessation As Employer/Document Type - Supporting Document For Cessation' is clicked on

2018-11-28 11:58:12 - [MESSAGE][PASSED] - Object: 'Object Repository/Final Object Repo/Page_Form 1A - Cessation As Employer/Document Type - Supporting Document For Cessation' is clicked on

2018-11-28 11:58:12 - [TEST_STEP][PASSED] - delay: Delayed 2 second(s)

2018-11-28 11:58:14 - [MESSAGE][PASSED] - Delayed 2 second(s)

2018-11-28 11:58:14 - [TEST_STEP][PASSED] - sendKeys: Keys 'C:\Users\Public\Pictures\Sample Pictures\Koala.jpg' sent to object: 'Object Repository/Final Object Repo/Page_Form 1A - Cessation As Employer/Uploading File'

2018-11-28 11:58:14 - [MESSAGE][PASSED] - Keys 'C:\Users\Public\Pictures\Sample Pictures\Koala.jpg' sent to object: 'Object Repository/Final Object Repo/Page_Form 1A - Cessation As Employer/Uploading File'

2018-11-28 11:58:14 - [TEST_STEP][PASSED] - delay: Delayed 2 second(s)

2018-11-28 11:58:16 - [MESSAGE][PASSED] - Delayed 2 second(s)

2018-11-28 11:58:16 - [TEST_STEP][PASSED] - click: Object: 'Object Repository/Final Object Repo/Page_Form 1A - Cessation As Employer/Add Document in Uploading Page' is clicked on

2018-11-28 11:58:16 - [MESSAGE][PASSED] - Object: 'Object Repository/Final Object Repo/Page_Form 1A - Cessation As Employer/Add Document in Uploading Page' is clicked on

2018-11-28 11:58:16 - [TEST_STEP][PASSED] - delay: Delayed 20 second(s)

2018-11-28 11:58:36 - [MESSAGE][PASSED] - Delayed 20 second(s)

2018-11-28 11:58:36 - [TEST_STEP][PASSED] - click: Object: 'Object Repository/Final Object Repo/Page_Form 1A - Cessation As Employer/Save  Continue in Uploading Page' is clicked on

2018-11-28 11:58:36 - [MESSAGE][PASSED] - Object: 'Object Repository/Final Object Repo/Page_Form 1A - Cessation As Employer/Save  Continue in Uploading Page' is clicked on

2018-11-28 11:58:36 - [TEST_STEP][PASSED] - delay: Delayed 2 second(s)

2018-11-28 11:58:38 - [MESSAGE][PASSED] - Delayed 2 second(s)

2018-11-28 11:58:38 - [TEST_STEP][PASSED] - click: Object: 'Object Repository/Final Object Repo/Page_Form 1A - Cessation As Employer/Submit2' is clicked on

2018-11-28 11:58:42 - [MESSAGE][PASSED] - Object: 'Object Repository/Final Object Repo/Page_Form 1A - Cessation As Employer/Submit2' is clicked on

2018-11-28 11:58:42 - [TEST_STEP][PASSED] - delay: Delayed 2 second(s)

2018-11-28 11:58:44 - [MESSAGE][PASSED] - Delayed 2 second(s)

2018-11-28 11:58:44 - [TEST_STEP][PASSED] - click: Object: 'Object Repository/Final Object Repo/Page_Form 1A - Cessation As Employer/Confirm' is clicked on

2018-11-28 11:58:44 - [MESSAGE][PASSED] - Object: 'Object Repository/Final Object Repo/Page_Form 1A - Cessation As Employer/Confirm' is clicked on

2018-11-28 11:58:44 - [TEST_STEP][PASSED] - delay: Delayed 2 second(s)

2018-11-28 11:58:46 - [MESSAGE][PASSED] - Delayed 2 second(s)

2018-11-28 11:58:46 - [TEST_STEP][PASSED] - verifyElementVisible: Object 'Object Repository/Final Object Repo/Page_Form 1A - Cessation As Employer/Message Your Request will be routed to UO' is visible

2018-11-28 11:58:50 - [MESSAGE][PASSED] - Object 'Object Repository/Final Object Repo/Page_Form 1A - Cessation As Employer/Message Your Request will be routed to UO' is visible

2018-11-28 11:58:50 - [TEST_STEP][PASSED] - delay: Delayed 1 second(s)

2018-11-28 11:58:51 - [MESSAGE][PASSED] - Delayed 1 second(s)

2018-11-28 11:58:51 - [TEST_STEP][PASSED] - verifyElementVisible: Object 'Object Repository/Final Object Repo/Page_Form 1A - Cessation As Employer/Letter of acknowledgement' is visible

2018-11-28 11:58:51 - [MESSAGE][PASSED] - Object 'Object Repository/Final Object Repo/Page_Form 1A - Cessation As Employer/Letter of acknowledgement' is visible

2018-11-28 11:58:51 - [MESSAGE][PASSED] - Call Test Case 'Test Cases/Final Aug 2018 - PKS Automation/Registration Module/Workflow/Form 1A - Cessation As Employer/Template/Form 1 A - Cessation As Employer (OTC)' successfully

2018-11-28 11:58:51 - [TEST_STEP][PASSED] - callTestCase: Call Test Case 'Test Cases/Final Aug 2018 - PKS Automation/Registration Module/Workflow/Form 1A - Cessation As Employer/Template/Form 1 A - Cessation As Employer (Under enforcement)' successfully

2018-11-28 11:58:51 - [TEST_CASE][PASSED] - Test Cases/Final Aug 2018 - PKS Automation/Registration Module/Workflow/Form 1A - Cessation As Employer/Template/Form 1 A - Cessation As Employer (Under enforcement): Test Cases/Final Aug 2018 - PKS Automation/Registration Module/Workflow/Form 1A - Cessation As Employer/Template/Form 1 A - Cessation As Employer (Under enforcement)

2018-11-28 11:58:51 - [TEST_STEP][NOT_RUN] - callTestCase: NOT_RUN: callTestCase

2018-11-28 11:58:51 - [MESSAGE][NOT_RUN] - NOT_RUN: callTestCase

2018-11-28 11:58:51 - [TEST_STEP][PASSED] - delay: Delayed 1 second(s)

2018-11-28 11:58:52 - [MESSAGE][PASSED] - Delayed 1 second(s)

2018-11-28 11:58:52 - [TEST_STEP][PASSED] - navigateToUrl: Navigate to 'https://assist2-uat.perkeso.gov.my/c/portal/logout' successfully

2018-11-28 11:58:53 - [MESSAGE][PASSED] - Navigate to 'https://assist2-uat.perkeso.gov.my/c/portal/logout' successfully

2018-11-28 11:58:53 - [TEST_STEP][PASSED] - delay: Delayed 1 second(s)

2018-11-28 11:58:54 - [MESSAGE][PASSED] - Delayed 1 second(s)

2018-11-28 11:58:54 - [TEST_STEP][PASSED] - callTestCase: Call Test Case 'Test Cases/Final Aug 2018 - PKS Automation/Common/Reference Number Getter' successfully

2018-11-28 11:58:54 - [TEST_CASE][PASSED] - Test Cases/Final Aug 2018 - PKS Automation/Common/Reference Number Getter: Test Cases/Final Aug 2018 - PKS Automation/Common/Reference Number Getter

2018-11-28 11:58:54 - [TEST_STEP][PASSED] - Statement - Try: null

2018-11-28 11:58:54 - [TEST_STEP][PASSED] - Statement - RefNo = new java.io.File(C://Users//Admin//Desktop//PKS//Automation Reference Point//KatalonReference.txt): null

2018-11-28 11:58:54 - [TEST_STEP][PASSED] - Statement - bufferread = new java.io.BufferedReader(new java.io.FileReader(RefNo)): null

2018-11-28 11:58:54 - [TEST_STEP][PASSED] - Statement - readedVal = bufferread.readLine(): null

2018-11-28 11:58:54 - [TEST_STEP][PASSED] - Statement - out.println(CaseReferenceNo): null

2018-11-28 11:58:54 - [TEST_STEP][PASSED] - Statement - out.println(readedVal): null

2018-11-28 11:58:54 - [TEST_STEP][PASSED] - Statement - CaseReferenceNo = "": null

2018-11-28 11:58:54 - [TEST_STEP][PASSED] - Statement - CaseReferenceNo = readedVal: null

2018-11-28 11:58:54 - [MESSAGE][PASSED] - Call Test Case 'Test Cases/Final Aug 2018 - PKS Automation/Common/Reference Number Getter' successfully

2018-11-28 11:58:54 - [TEST_STEP][PASSED] - callTestCase: Call Test Case 'Test Cases/Final Aug 2018 - PKS Automation/Common/Workflow Owner Finder' successfully

2018-11-28 11:58:54 - [TEST_CASE][PASSED] - Test Cases/Final Aug 2018 - PKS Automation/Common/Workflow Owner Finder: Test Cases/Final Aug 2018 - PKS Automation/Common/Workflow Owner Finder

2018-11-28 11:58:54 - [TEST_STEP][PASSED] - openBrowser: Browser is opened with url: ''

2018-11-28 11:58:54 - [MESSAGE][WARNING] - A browser is already opened. Closing browser and opening a new one

2018-11-28 11:58:57 - [MESSAGE][PASSED] - Browser is opened with url: ''

2018-11-28 11:58:57 - [TEST_STEP][PASSED] - navigateToUrl: Navigate to 'https://assist2-uat.perkeso.gov.my/login' successfully

2018-11-28 11:58:58 - [MESSAGE][PASSED] - Navigate to 'https://assist2-uat.perkeso.gov.my/login' successfully

2018-11-28 11:58:58 - [TEST_STEP][PASSED] - delay: Delayed 5 second(s)

2018-11-28 11:59:03 - [MESSAGE][PASSED] - Delayed 5 second(s)

2018-11-28 11:59:03 - [TEST_STEP][PASSED] - setText: Text 'test@liferay.com' is set on object 'Object Repository/Final Object Repo/Login Page/Internal User/Email Address'

2018-11-28 11:59:03 - [MESSAGE][PASSED] - Text 'test@liferay.com' is set on object 'Object Repository/Final Object Repo/Login Page/Internal User/Email Address'

2018-11-28 11:59:03 - [TEST_STEP][PASSED] - click: Object: 'Object Repository/Final Object Repo/Login Page/Internal User/Next Button' is clicked on

2018-11-28 11:59:03 - [MESSAGE][PASSED] - Object: 'Object Repository/Final Object Repo/Login Page/Internal User/Next Button' is clicked on

2018-11-28 11:59:03 - [TEST_STEP][PASSED] - delay: Delayed 2 second(s)

2018-11-28 11:59:05 - [MESSAGE][PASSED] - Delayed 2 second(s)

2018-11-28 11:59:05 - [TEST_STEP][PASSED] - setText: Text 'test' is set on object 'Object Repository/Final Object Repo/Login Page/Internal User/Password'

2018-11-28 11:59:06 - [MESSAGE][PASSED] - Text 'test' is set on object 'Object Repository/Final Object Repo/Login Page/Internal User/Password'

2018-11-28 11:59:06 - [TEST_STEP][PASSED] - delay: Delayed 2 second(s)

2018-11-28 11:59:08 - [MESSAGE][PASSED] - Delayed 2 second(s)

2018-11-28 11:59:08 - [TEST_STEP][PASSED] - click: Object: 'Object Repository/Final Object Repo/Login Page/Internal User/Login Button' is clicked on

2018-11-28 11:59:08 - [MESSAGE][PASSED] - Object: 'Object Repository/Final Object Repo/Login Page/Internal User/Login Button' is clicked on

2018-11-28 11:59:08 - [TEST_STEP][PASSED] - Statement - Try: null

2018-11-28 11:59:08 - [TEST_STEP][PASSED] - Statement - Checker = com.kms.katalon.core.webui.keyword.WebUiBuiltInKeywords.verifyElementNotPresent("Final Object Repo/Landing Page/Select to English", 3): null

2018-11-28 11:59:08 - [TEST_STEP][PASSED] - Statement - Catch (Exception e): null

2018-11-28 11:59:08 - [TEST_STEP][PASSED] - Statement - e.printStackTrace(): null

2018-11-28 11:59:08 - [TEST_STEP][PASSED] - delay: Delayed 5 second(s)

2018-11-28 11:59:13 - [MESSAGE][PASSED] - Delayed 5 second(s)

2018-11-28 11:59:13 - [TEST_STEP][PASSED] - mouseOver: Object: 'Object Repository/Final Object Repo/Landing Page/WorkFlow Menu' is hovered

2018-11-28 11:59:13 - [MESSAGE][PASSED] - Object: 'Object Repository/Final Object Repo/Landing Page/WorkFlow Menu' is hovered

2018-11-28 11:59:13 - [TEST_STEP][PASSED] - delay: Delayed 2 second(s)

2018-11-28 11:59:15 - [MESSAGE][PASSED] - Delayed 2 second(s)

2018-11-28 11:59:15 - [TEST_STEP][PASSED] - click: Object: 'Object Repository/Final Object Repo/Landing Page/Select to Workflow Listing' is clicked on

2018-11-28 11:59:16 - [MESSAGE][PASSED] - Object: 'Object Repository/Final Object Repo/Landing Page/Select to Workflow Listing' is clicked on

2018-11-28 11:59:16 - [TEST_STEP][PASSED] - delay: Delayed 2 second(s)

2018-11-28 11:59:18 - [MESSAGE][PASSED] - Delayed 2 second(s)

2018-11-28 11:59:18 - [TEST_STEP][PASSED] - click: Object: 'Object Repository/Final Object Repo/WorkFlow Listing Page/Search Information - To Put Ref No' is clicked on

2018-11-28 11:59:18 - [MESSAGE][PASSED] - Object: 'Object Repository/Final Object Repo/WorkFlow Listing Page/Search Information - To Put Ref No' is clicked on

2018-11-28 11:59:18 - [TEST_STEP][PASSED] - delay: Delayed 2 second(s)

2018-11-28 11:59:20 - [MESSAGE][PASSED] - Delayed 2 second(s)

2018-11-28 11:59:20 - [TEST_STEP][PASSED] - callTestCase: Call Test Case 'Test Cases/Final Aug 2018 - PKS Automation/Common/Reference Number Getter' successfully

2018-11-28 11:59:21 - [TEST_CASE][PASSED] - Test Cases/Final Aug 2018 - PKS Automation/Common/Reference Number Getter: Test Cases/Final Aug 2018 - PKS Automation/Common/Reference Number Getter

2018-11-28 11:59:21 - [TEST_STEP][PASSED] - Statement - Try: null

2018-11-28 11:59:21 - [TEST_STEP][PASSED] - Statement - RefNo = new java.io.File(C://Users//Admin//Desktop//PKS//Automation Reference Point//KatalonReference.txt): null

2018-11-28 11:59:21 - [TEST_STEP][PASSED] - Statement - bufferread = new java.io.BufferedReader(new java.io.FileReader(RefNo)): null

2018-11-28 11:59:21 - [TEST_STEP][PASSED] - Statement - readedVal = bufferread.readLine(): null

2018-11-28 11:59:21 - [TEST_STEP][PASSED] - Statement - out.println(CaseReferenceNo): null

2018-11-28 11:59:21 - [TEST_STEP][PASSED] - Statement - out.println(readedVal): null

2018-11-28 11:59:21 - [TEST_STEP][PASSED] - Statement - CaseReferenceNo = "": null

2018-11-28 11:59:21 - [TEST_STEP][PASSED] - Statement - CaseReferenceNo = readedVal: null

2018-11-28 11:59:21 - [MESSAGE][PASSED] - Call Test Case 'Test Cases/Final Aug 2018 - PKS Automation/Common/Reference Number Getter' successfully

2018-11-28 11:59:21 - [TEST_STEP][PASSED] - setText: Text 'CUN112018C200001666' is set on object 'Object Repository/Final Object Repo/WorkFlow Listing Page/Ref No Set Text'

2018-11-28 11:59:21 - [MESSAGE][PASSED] - Text 'CUN112018C200001666' is set on object 'Object Repository/Final Object Repo/WorkFlow Listing Page/Ref No Set Text'

2018-11-28 11:59:21 - [TEST_STEP][PASSED] - delay: Delayed 2 second(s)

2018-11-28 11:59:23 - [MESSAGE][PASSED] - Delayed 2 second(s)

2018-11-28 11:59:23 - [TEST_STEP][PASSED] - click: Object: 'Object Repository/Final Object Repo/WorkFlow Listing Page/Search Ref No Search Button' is clicked on

2018-11-28 11:59:23 - [MESSAGE][PASSED] - Object: 'Object Repository/Final Object Repo/WorkFlow Listing Page/Search Ref No Search Button' is clicked on

2018-11-28 11:59:23 - [TEST_STEP][PASSED] - delay: Delayed 4 second(s)

2018-11-28 11:59:27 - [MESSAGE][PASSED] - Delayed 4 second(s)

2018-11-28 11:59:27 - [TEST_STEP][PASSED] - click: Object: 'Object Repository/Final Object Repo/WorkFlow Listing Page/Click Continue Tooltip' is clicked on

2018-11-28 11:59:28 - [MESSAGE][PASSED] - Object: 'Object Repository/Final Object Repo/WorkFlow Listing Page/Click Continue Tooltip' is clicked on

2018-11-28 11:59:28 - [TEST_STEP][PASSED] - delay: Delayed 5 second(s)

2018-11-28 11:59:33 - [MESSAGE][PASSED] - Delayed 5 second(s)

2018-11-28 11:59:33 - [TEST_STEP][PASSED] - doubleClick: Object: 'Object Repository/Final Object Repo/WorkFlow Listing Page/Workflow Found - Listing 1' is double clicked on

2018-11-28 11:59:33 - [MESSAGE][PASSED] - Object: 'Object Repository/Final Object Repo/WorkFlow Listing Page/Workflow Found - Listing 1' is double clicked on

2018-11-28 11:59:33 - [TEST_STEP][PASSED] - Statement - println(OwnerID): null

2018-11-28 11:59:33 - [TEST_STEP][PASSED] - Statement - OwnerID = com.kms.katalon.core.webui.keyword.WebUiBuiltInKeywords.getText(com.kms.katalon.core.testobject.ObjectRepository.findTestObject(Final Object Repo/WorkFlow Listing Page/Workflow Found - Listing 1), STOP_ON_FAILURE): Text of object 'Object Repository/Final Object Repo/WorkFlow Listing Page/Workflow Found - Listing 1' is: 'JOHORuo2'

2018-11-28 11:59:34 - [MESSAGE][PASSED] - Text of object 'Object Repository/Final Object Repo/WorkFlow Listing Page/Workflow Found - Listing 1' is: 'JOHORuo2'

2018-11-28 11:59:34 - [TEST_STEP][PASSED] - Statement - OwnerID = OwnerID.toLowerCase() + "@gmail.com": null

2018-11-28 11:59:34 - [TEST_STEP][PASSED] - Statement - println(OwnerID): null

2018-11-28 11:59:34 - [TEST_STEP][PASSED] - delay: Delayed 2 second(s)

2018-11-28 11:59:36 - [MESSAGE][PASSED] - Delayed 2 second(s)

2018-11-28 11:59:36 - [MESSAGE][PASSED] - Call Test Case 'Test Cases/Final Aug 2018 - PKS Automation/Common/Workflow Owner Finder' successfully

2018-11-28 11:59:36 - [TEST_STEP][PASSED] - delay: Delayed 1 second(s)

2018-11-28 11:59:37 - [MESSAGE][PASSED] - Delayed 1 second(s)

2018-11-28 11:59:37 - [TEST_STEP][PASSED] - navigateToUrl: Navigate to 'https://assist2-uat.perkeso.gov.my/c/portal/logout' successfully

2018-11-28 11:59:37 - [MESSAGE][PASSED] - Navigate to 'https://assist2-uat.perkeso.gov.my/c/portal/logout' successfully

2018-11-28 11:59:37 - [TEST_STEP][PASSED] - delay: Delayed 1 second(s)

2018-11-28 11:59:38 - [MESSAGE][PASSED] - Delayed 1 second(s)

2018-11-28 11:59:38 - [TEST_STEP][PASSED] - callTestCase: Call Test Case 'Test Cases/Final Aug 2018 - PKS Automation/Registration Module/Workflow/Login and Search Case For Workflow' successfully

2018-11-28 11:59:38 - [TEST_CASE][PASSED] - Test Cases/Final Aug 2018 - PKS Automation/Registration Module/Workflow/Login and Search Case For Workflow: Test Cases/Final Aug 2018 - PKS Automation/Registration Module/Workflow/Login and Search Case For Workflow

2018-11-28 11:59:39 - [TEST_STEP][PASSED] - navigateToUrl: Navigate to 'https://assist2-uat.perkeso.gov.my/login' successfully

2018-11-28 11:59:39 - [MESSAGE][PASSED] - Navigate to 'https://assist2-uat.perkeso.gov.my/login' successfully

2018-11-28 11:59:39 - [TEST_STEP][PASSED] - setText: Text 'johoruo2@gmail.com' is set on object 'Object Repository/Final Object Repo/Login Page/Internal User/Email Address'

2018-11-28 11:59:39 - [MESSAGE][PASSED] - Text 'johoruo2@gmail.com' is set on object 'Object Repository/Final Object Repo/Login Page/Internal User/Email Address'

2018-11-28 11:59:39 - [TEST_STEP][PASSED] - click: Object: 'Object Repository/Final Object Repo/Login Page/Internal User/Next Button' is clicked on

2018-11-28 11:59:40 - [MESSAGE][PASSED] - Object: 'Object Repository/Final Object Repo/Login Page/Internal User/Next Button' is clicked on

2018-11-28 11:59:40 - [TEST_STEP][PASSED] - delay: Delayed 1 second(s)

2018-11-28 11:59:41 - [MESSAGE][PASSED] - Delayed 1 second(s)

2018-11-28 11:59:41 - [TEST_STEP][PASSED] - setEncryptedText: Text ****** has been set on object 'Object Repository/Final Object Repo/Login Page/Internal User/Password'

2018-11-28 11:59:41 - [MESSAGE][PASSED] - Text ****** has been set on object 'Object Repository/Final Object Repo/Login Page/Internal User/Password'

2018-11-28 11:59:41 - [TEST_STEP][PASSED] - click: Object: 'Object Repository/Final Object Repo/Login Page/Internal User/Login Button' is clicked on

2018-11-28 11:59:41 - [MESSAGE][PASSED] - Object: 'Object Repository/Final Object Repo/Login Page/Internal User/Login Button' is clicked on

2018-11-28 11:59:41 - [TEST_STEP][PASSED] - delay: Delayed 2 second(s)

2018-11-28 11:59:43 - [MESSAGE][PASSED] - Delayed 2 second(s)

2018-11-28 11:59:43 - [TEST_STEP][PASSED] - Statement - Try: Delayed 2 second(s)

2018-11-28 11:59:43 - [TEST_STEP][PASSED] - Statement - Checker = false: null

2018-11-28 11:59:43 - [TEST_STEP][PASSED] - Statement - Checker = com.kms.katalon.core.webui.keyword.WebUiBuiltInKeywords.verifyElementHasAttribute(com.kms.katalon.core.testobject.ObjectRepository.findTestObject(Final Object Repo/Landing Page/BM Detecting), "href", 20, OPTIONAL): Object 'Object Repository/Final Object Repo/Landing Page/BM Detecting' has attribute 'href'

2018-11-28 11:59:43 - [MESSAGE][PASSED] - Object 'Object Repository/Final Object Repo/Landing Page/BM Detecting' has attribute 'href'

2018-11-28 11:59:43 - [TEST_STEP][PASSED] - Statement - out.println(Checker): null

2018-11-28 11:59:43 - [TEST_STEP][PASSED] - Statement - If (Checker == false): null

2018-11-28 11:59:43 - [TEST_STEP][PASSED] - Statement - Else: null

2018-11-28 11:59:43 - [TEST_STEP][PASSED] - delay: Delayed 2 second(s)

2018-11-28 11:59:45 - [MESSAGE][PASSED] - Delayed 2 second(s)

2018-11-28 11:59:45 - [TEST_STEP][PASSED] - click: Object: 'Object Repository/Final Object Repo/Page_MyASSIST - ASSIST - Search Pending Case For Add Supporting Document/Search Information' is clicked on

2018-11-28 11:59:45 - [MESSAGE][PASSED] - Object: 'Object Repository/Final Object Repo/Page_MyASSIST - ASSIST - Search Pending Case For Add Supporting Document/Search Information' is clicked on

2018-11-28 11:59:45 - [TEST_STEP][PASSED] - delay: Delayed 3 second(s)

2018-11-28 11:59:48 - [MESSAGE][PASSED] - Delayed 3 second(s)

2018-11-28 11:59:48 - [TEST_STEP][PASSED] - sendKeys: Keys 'CUN112018C200001666' sent to object: 'Object Repository/Final Object Repo/Page_MyASSIST - ASSIST - Search Pending Case For Add Supporting Document/Reference No'

2018-11-28 11:59:49 - [MESSAGE][PASSED] - Keys 'CUN112018C200001666' sent to object: 'Object Repository/Final Object Repo/Page_MyASSIST - ASSIST - Search Pending Case For Add Supporting Document/Reference No'

2018-11-28 11:59:49 - [TEST_STEP][PASSED] - click: Object: 'Object Repository/Final Object Repo/Page_MyASSIST - ASSIST - Search Pending Case For Add Supporting Document/Search Reference No' is clicked on

2018-11-28 11:59:49 - [MESSAGE][PASSED] - Object: 'Object Repository/Final Object Repo/Page_MyASSIST - ASSIST - Search Pending Case For Add Supporting Document/Search Reference No' is clicked on

2018-11-28 11:59:49 - [TEST_STEP][PASSED] - delay: Delayed 2 second(s)

2018-11-28 11:59:51 - [MESSAGE][PASSED] - Delayed 2 second(s)

2018-11-28 11:59:51 - [TEST_STEP][PASSED] - click: Object: 'Object Repository/Final Object Repo/Page_MyASSIST - ASSIST - Search Pending Case For Add Supporting Document/Continue' is clicked on

2018-11-28 11:59:54 - [MESSAGE][PASSED] - Object: 'Object Repository/Final Object Repo/Page_MyASSIST - ASSIST - Search Pending Case For Add Supporting Document/Continue' is clicked on

2018-11-28 11:59:54 - [TEST_STEP][PASSED] - delay: Delayed 20 second(s)

2018-11-28 12:00:14 - [MESSAGE][PASSED] - Delayed 20 second(s)

2018-11-28 12:00:14 - [MESSAGE][PASSED] - Call Test Case 'Test Cases/Final Aug 2018 - PKS Automation/Registration Module/Workflow/Login and Search Case For Workflow' successfully

2018-11-28 12:00:14 - [TEST_STEP][PASSED] - click: Object: 'Object Repository/Final Object Repo/Page_Form 1A - Cessation As Employer/Page_Form 1A - Cessation As Employer (Approve)/Save  Continue in Form 1A Page' is clicked on

2018-11-28 12:00:14 - [MESSAGE][PASSED] - Object: 'Object Repository/Final Object Repo/Page_Form 1A - Cessation As Employer/Page_Form 1A - Cessation As Employer (Approve)/Save  Continue in Form 1A Page' is clicked on

2018-11-28 12:00:14 - [TEST_STEP][PASSED] - delay: Delayed 2 second(s)

2018-11-28 12:00:16 - [MESSAGE][PASSED] - Delayed 2 second(s)

2018-11-28 12:00:16 - [TEST_STEP][PASSED] - click: Object: 'Object Repository/Final Object Repo/Page_Form 1A - Cessation As Employer/Employment Resign Date' is clicked on

2018-11-28 12:00:17 - [MESSAGE][PASSED] - Object: 'Object Repository/Final Object Repo/Page_Form 1A - Cessation As Employer/Employment Resign Date' is clicked on

2018-11-28 12:00:17 - [TEST_STEP][PASSED] - delay: Delayed 1 second(s)

2018-11-28 12:00:18 - [MESSAGE][PASSED] - Delayed 1 second(s)

2018-11-28 12:00:18 - [TEST_STEP][PASSED] - selectOptionByValue: All options with value '2030' are selected in object 'Object Repository/Final Object Repo/Page_Form 1A - Cessation As Employer/Employment Resign Date - Year' 

2018-11-28 12:00:18 - [MESSAGE][PASSED] - All options with value '2030' are selected in object 'Object Repository/Final Object Repo/Page_Form 1A - Cessation As Employer/Employment Resign Date - Year' 

2018-11-28 12:00:18 - [TEST_STEP][PASSED] - delay: Delayed 1 second(s)

2018-11-28 12:00:19 - [MESSAGE][PASSED] - Delayed 1 second(s)

2018-11-28 12:00:19 - [TEST_STEP][PASSED] - click: Object: 'Object Repository/Final Object Repo/Page_Form 1A - Cessation As Employer/Employment Resign Date - Year - Date' is clicked on

2018-11-28 12:00:19 - [MESSAGE][PASSED] - Object: 'Object Repository/Final Object Repo/Page_Form 1A - Cessation As Employer/Employment Resign Date - Year - Date' is clicked on

2018-11-28 12:00:19 - [TEST_STEP][PASSED] - delay: Delayed 2 second(s)

2018-11-28 12:00:21 - [MESSAGE][PASSED] - Delayed 2 second(s)

2018-11-28 12:00:21 - [TEST_STEP][PASSED] - click: Object: 'Object Repository/Final Object Repo/Page_Form 1A - Cessation As Employer/Page_Form 1A - Cessation As Employer (Approve)/Save  Continue in Update Add Employee Resigned Date Page' is clicked on

2018-11-28 12:00:21 - [MESSAGE][PASSED] - Object: 'Object Repository/Final Object Repo/Page_Form 1A - Cessation As Employer/Page_Form 1A - Cessation As Employer (Approve)/Save  Continue in Update Add Employee Resigned Date Page' is clicked on

2018-11-28 12:00:21 - [TEST_STEP][PASSED] - delay: Delayed 2 second(s)

2018-11-28 12:00:23 - [MESSAGE][PASSED] - Delayed 2 second(s)

2018-11-28 12:00:23 - [TEST_STEP][PASSED] - click: Object: 'Object Repository/Final Object Repo/Page_Form 1A - Cessation As Employer/Set Latest - Yes' is clicked on

2018-11-28 12:00:23 - [MESSAGE][PASSED] - Object: 'Object Repository/Final Object Repo/Page_Form 1A - Cessation As Employer/Set Latest - Yes' is clicked on

2018-11-28 12:00:23 - [TEST_STEP][PASSED] - delay: Delayed 2 second(s)

2018-11-28 12:00:25 - [MESSAGE][PASSED] - Delayed 2 second(s)

2018-11-28 12:00:25 - [TEST_STEP][PASSED] - click: Object: 'Object Repository/Final Object Repo/Page_Form 1A - Cessation As Employer/Page_Form 1A - Cessation As Employer (Approve)/Save  Contine in Uploading Document Page' is clicked on

2018-11-28 12:00:27 - [MESSAGE][PASSED] - Object: 'Object Repository/Final Object Repo/Page_Form 1A - Cessation As Employer/Page_Form 1A - Cessation As Employer (Approve)/Save  Contine in Uploading Document Page' is clicked on

2018-11-28 12:00:27 - [TEST_STEP][PASSED] - delay: Delayed 2 second(s)

2018-11-28 12:00:29 - [MESSAGE][PASSED] - Delayed 2 second(s)

2018-11-28 12:00:29 - [TEST_STEP][PASSED] - click: Object: 'Object Repository/Final Object Repo/Page_Form 1A - Cessation As Employer/Page_Form 1A - Cessation As Employer (Under enforcement)/Under enforcement' is clicked on

2018-11-28 12:00:31 - [MESSAGE][PASSED] - Object: 'Object Repository/Final Object Repo/Page_Form 1A - Cessation As Employer/Page_Form 1A - Cessation As Employer (Under enforcement)/Under enforcement' is clicked on

2018-11-28 12:00:31 - [TEST_STEP][PASSED] - delay: Delayed 2 second(s)

2018-11-28 12:00:33 - [MESSAGE][PASSED] - Delayed 2 second(s)

2018-11-28 12:00:33 - [TEST_STEP][PASSED] - setText: Text 'remark' is set on object 'Object Repository/Final Object Repo/Page_Form 1A - Cessation As Employer/Page_Form 1A - Cessation As Employer (Under enforcement)/Under enforcement - remark'

2018-11-28 12:00:34 - [MESSAGE][PASSED] - Text 'remark' is set on object 'Object Repository/Final Object Repo/Page_Form 1A - Cessation As Employer/Page_Form 1A - Cessation As Employer (Under enforcement)/Under enforcement - remark'

2018-11-28 12:00:34 - [TEST_STEP][PASSED] - delay: Delayed 2 second(s)

2018-11-28 12:00:36 - [MESSAGE][PASSED] - Delayed 2 second(s)

2018-11-28 12:00:36 - [TEST_STEP][PASSED] - click: Object: 'Object Repository/Final Object Repo/Page_Form 1A - Cessation As Employer/Page_Form 1A - Cessation As Employer (Under enforcement)/Save  Continue in Under enforcement Page' is clicked on

2018-11-28 12:00:36 - [MESSAGE][PASSED] - Object: 'Object Repository/Final Object Repo/Page_Form 1A - Cessation As Employer/Page_Form 1A - Cessation As Employer (Under enforcement)/Save  Continue in Under enforcement Page' is clicked on

2018-11-28 12:00:36 - [TEST_STEP][PASSED] - delay: Delayed 2 second(s)

2018-11-28 12:00:38 - [MESSAGE][PASSED] - Delayed 2 second(s)

2018-11-28 12:00:38 - [TEST_STEP][PASSED] - click: Object: 'Object Repository/Final Object Repo/Page_Form 1A - Cessation As Employer/Page_Form 1A - Cessation As Employer (Under enforcement)/Message The case is under enforcement' is clicked on

2018-11-28 12:00:40 - [MESSAGE][PASSED] - Object: 'Object Repository/Final Object Repo/Page_Form 1A - Cessation As Employer/Page_Form 1A - Cessation As Employer (Under enforcement)/Message The case is under enforcement' is clicked on

2018-11-28 12:00:40 - [MESSAGE][PASSED] - Call Test Case 'Test Cases/Final Aug 2018 - PKS Automation/Registration Module/Workflow/Form 1A - Cessation As Employer/Template/Form 1 A - Cessation As Employer (Under enforcement)' successfully]]></system-out>
         <system-err><![CDATA[]]></system-err>
      </testcase>
      <testcase name="Test Cases/Final Aug 2018 - PKS Automation/Registration Module/Workflow/Form 1A - Cessation As Employer/PKRBO to UO (Approve)" classname="Test Cases/Final Aug 2018 - PKS Automation/Registration Module/Workflow/Form 1A - Cessation As Employer/PKRBO to UO (Approve)" status="PASSED">
         <system-out><![CDATA[2018-11-28 12:00:40 - [TEST_CASE][PASSED] - Test Cases/Final Aug 2018 - PKS Automation/Registration Module/Workflow/Form 1A - Cessation As Employer/PKRBO to UO (Approve): Test Cases/Final Aug 2018 - PKS Automation/Registration Module/Workflow/Form 1A - Cessation As Employer/PKRBO to UO (Approve)

2018-11-28 12:00:40 - [TEST_STEP][PASSED] - callTestCase: Call Test Case 'Test Cases/Final Aug 2018 - PKS Automation/Registration Module/Workflow/Form 1A - Cessation As Employer/Template/Form 1 A - Cessation As Employer (PKRBO)' successfully

2018-11-28 12:00:40 - [TEST_CASE][PASSED] - Test Cases/Final Aug 2018 - PKS Automation/Registration Module/Workflow/Form 1A - Cessation As Employer/Template/Form 1 A - Cessation As Employer (PKRBO): Test Cases/Final Aug 2018 - PKS Automation/Registration Module/Workflow/Form 1A - Cessation As Employer/Template/Form 1 A - Cessation As Employer (PKRBO)

2018-11-28 12:00:40 - [TEST_STEP][PASSED] - openBrowser: Browser is opened with url: ''

2018-11-28 12:00:40 - [MESSAGE][WARNING] - A browser is already opened. Closing browser and opening a new one

2018-11-28 12:00:43 - [MESSAGE][PASSED] - Browser is opened with url: ''

2018-11-28 12:00:43 - [TEST_STEP][PASSED] - navigateToUrl: Navigate to 'https://assist2-uat.perkeso.gov.my/login' successfully

2018-11-28 12:00:44 - [MESSAGE][PASSED] - Navigate to 'https://assist2-uat.perkeso.gov.my/login' successfully

2018-11-28 12:00:44 - [TEST_STEP][PASSED] - setText: Text 'johorpkrbo1@gmail.com' is set on object 'Object Repository/Final Object Repo/Login Page/Internal User/Email Address'

2018-11-28 12:00:45 - [MESSAGE][PASSED] - Text 'johorpkrbo1@gmail.com' is set on object 'Object Repository/Final Object Repo/Login Page/Internal User/Email Address'

2018-11-28 12:00:45 - [TEST_STEP][PASSED] - click: Object: 'Object Repository/Final Object Repo/Login Page/Internal User/Next Button' is clicked on

2018-11-28 12:00:45 - [MESSAGE][PASSED] - Object: 'Object Repository/Final Object Repo/Login Page/Internal User/Next Button' is clicked on

2018-11-28 12:00:45 - [TEST_STEP][PASSED] - delay: Delayed 1 second(s)

2018-11-28 12:00:46 - [MESSAGE][PASSED] - Delayed 1 second(s)

2018-11-28 12:00:46 - [TEST_STEP][PASSED] - setEncryptedText: Text ****** has been set on object 'Object Repository/Final Object Repo/Login Page/Internal User/Password'

2018-11-28 12:00:46 - [MESSAGE][PASSED] - Text ****** has been set on object 'Object Repository/Final Object Repo/Login Page/Internal User/Password'

2018-11-28 12:00:46 - [TEST_STEP][PASSED] - click: Object: 'Object Repository/Final Object Repo/Login Page/Internal User/Login Button' is clicked on

2018-11-28 12:00:47 - [MESSAGE][PASSED] - Object: 'Object Repository/Final Object Repo/Login Page/Internal User/Login Button' is clicked on

2018-11-28 12:00:47 - [TEST_STEP][PASSED] - delay: Delayed 1 second(s)

2018-11-28 12:00:48 - [MESSAGE][PASSED] - Delayed 1 second(s)

2018-11-28 12:00:48 - [TEST_STEP][PASSED] - Statement - Try: Delayed 2 second(s)

2018-11-28 12:00:48 - [TEST_STEP][PASSED] - Statement - Checker = false: null

2018-11-28 12:00:48 - [TEST_STEP][PASSED] - Statement - Checker = com.kms.katalon.core.webui.keyword.WebUiBuiltInKeywords.verifyElementHasAttribute(com.kms.katalon.core.testobject.ObjectRepository.findTestObject(Final Object Repo/Landing Page/BM Detecting), "href", 20, OPTIONAL): Object 'Object Repository/Final Object Repo/Landing Page/BM Detecting' has attribute 'href'

2018-11-28 12:00:49 - [MESSAGE][PASSED] - Object 'Object Repository/Final Object Repo/Landing Page/BM Detecting' has attribute 'href'

2018-11-28 12:00:49 - [TEST_STEP][PASSED] - Statement - out.println(Checker): null

2018-11-28 12:00:49 - [TEST_STEP][PASSED] - Statement - If (Checker == false): null

2018-11-28 12:00:49 - [TEST_STEP][PASSED] - Statement - Else: null

2018-11-28 12:00:49 - [TEST_STEP][PASSED] - delay: Delayed 2 second(s)

2018-11-28 12:00:51 - [MESSAGE][PASSED] - Delayed 2 second(s)

2018-11-28 12:00:51 - [TEST_STEP][PASSED] - navigateToUrl: Navigate to 'https://assist2-uat.perkeso.gov.my/web/registration/update/form-1a-cessation-as-employer-discontinue-business-' successfully

2018-11-28 12:00:52 - [MESSAGE][PASSED] - Navigate to 'https://assist2-uat.perkeso.gov.my/web/registration/update/form-1a-cessation-as-employer-discontinue-business-' successfully

2018-11-28 12:00:52 - [TEST_STEP][PASSED] - setText: Text 'E1102069770Z' is set on object 'Object Repository/Final Object Repo/Page_Update Employer Information/Employer Code'

2018-11-28 12:00:52 - [MESSAGE][PASSED] - Text 'E1102069770Z' is set on object 'Object Repository/Final Object Repo/Page_Update Employer Information/Employer Code'

2018-11-28 12:00:52 - [TEST_STEP][PASSED] - click: Object: 'Object Repository/Final Object Repo/Page_Update Employer Information/Search Button' is clicked on

2018-11-28 12:00:52 - [MESSAGE][PASSED] - Object: 'Object Repository/Final Object Repo/Page_Update Employer Information/Search Button' is clicked on

2018-11-28 12:00:52 - [TEST_STEP][PASSED] - click: Object: 'Object Repository/Final Object Repo/Page_Update Employer Information/Edit Button' is clicked on

2018-11-28 12:00:55 - [MESSAGE][PASSED] - Object: 'Object Repository/Final Object Repo/Page_Update Employer Information/Edit Button' is clicked on

2018-11-28 12:00:55 - [TEST_STEP][PASSED] - Statement - abc = com.kms.katalon.core.webui.keyword.WebUiBuiltInKeywords.getAttribute(com.kms.katalon.core.testobject.ObjectRepository.findTestObject(Final Object Repo/Page_Form 1A - Cessation As Employer/Employer Status), "value"): Attribute 'value' of object 'Object Repository/Final Object Repo/Page_Form 1A - Cessation As Employer/Employer Status' is: 'Dormant'

2018-11-28 12:00:55 - [MESSAGE][PASSED] - Attribute 'value' of object 'Object Repository/Final Object Repo/Page_Form 1A - Cessation As Employer/Employer Status' is: 'Dormant'

2018-11-28 12:00:55 - [TEST_STEP][PASSED] - Statement - out.println(abc): null

2018-11-28 12:00:55 - [TEST_STEP][PASSED] - Statement - If (abc == "Active"): null

2018-11-28 12:00:55 - [TEST_STEP][PASSED] - Statement - Else If (abc == "Cancel"): null

2018-11-28 12:00:55 - [TEST_STEP][PASSED] - Statement - Else If (abc == "Dormant"): Object: 'Object Repository/Final Object Repo/Page_Form 1A - Cessation As Employer/Change Employer Status to - Dormant' is clicked on

2018-11-28 12:00:55 - [TEST_STEP][PASSED] - click: Object: 'Object Repository/Final Object Repo/Page_Form 1A - Cessation As Employer/Change Employer Status to' is clicked on

2018-11-28 12:00:55 - [MESSAGE][PASSED] - Object: 'Object Repository/Final Object Repo/Page_Form 1A - Cessation As Employer/Change Employer Status to' is clicked on

2018-11-28 12:00:55 - [TEST_STEP][PASSED] - click: Object: 'Object Repository/Final Object Repo/Page_Form 1A - Cessation As Employer/Change Employer Status to - Dormant' is clicked on

2018-11-28 12:00:55 - [MESSAGE][PASSED] - Object: 'Object Repository/Final Object Repo/Page_Form 1A - Cessation As Employer/Change Employer Status to - Dormant' is clicked on

2018-11-28 12:00:55 - [TEST_STEP][PASSED] - click: Object: 'Object Repository/Final Object Repo/Page_Form 1A - Cessation As Employer/Calender' is clicked on

2018-11-28 12:00:55 - [MESSAGE][PASSED] - Object: 'Object Repository/Final Object Repo/Page_Form 1A - Cessation As Employer/Calender' is clicked on

2018-11-28 12:00:55 - [TEST_STEP][PASSED] - click: Object: 'Object Repository/Final Object Repo/Page_Form 1A - Cessation As Employer/Calender - Date' is clicked on

2018-11-28 12:00:56 - [MESSAGE][PASSED] - Object: 'Object Repository/Final Object Repo/Page_Form 1A - Cessation As Employer/Calender - Date' is clicked on

2018-11-28 12:00:56 - [TEST_STEP][PASSED] - delay: Delayed 2 second(s)

2018-11-28 12:00:58 - [MESSAGE][PASSED] - Delayed 2 second(s)

2018-11-28 12:00:58 - [TEST_STEP][PASSED] - click: Object: 'Object Repository/Final Object Repo/Page_Form 1A - Cessation As Employer/Save  Continue in Form 1A Page' is clicked on

2018-11-28 12:00:58 - [MESSAGE][PASSED] - Object: 'Object Repository/Final Object Repo/Page_Form 1A - Cessation As Employer/Save  Continue in Form 1A Page' is clicked on

2018-11-28 12:00:58 - [TEST_STEP][PASSED] - delay: Delayed 2 second(s)

2018-11-28 12:01:00 - [MESSAGE][PASSED] - Delayed 2 second(s)

2018-11-28 12:01:00 - [TEST_STEP][PASSED] - click: Object: 'Object Repository/Final Object Repo/Page_Form 1A - Cessation As Employer/Employment Resign Date' is clicked on

2018-11-28 12:01:00 - [MESSAGE][PASSED] - Object: 'Object Repository/Final Object Repo/Page_Form 1A - Cessation As Employer/Employment Resign Date' is clicked on

2018-11-28 12:01:00 - [TEST_STEP][PASSED] - delay: Delayed 1 second(s)

2018-11-28 12:01:01 - [MESSAGE][PASSED] - Delayed 1 second(s)

2018-11-28 12:01:01 - [TEST_STEP][PASSED] - Statement - CaseReferenceNo = com.kms.katalon.core.webui.keyword.WebUiBuiltInKeywords.getText(com.kms.katalon.core.testobject.ObjectRepository.findTestObject(Final Object Repo/Page_Update Employer Information/Reference Number in Update Employee Information Page)): Text of object 'Object Repository/Final Object Repo/Page_Update Employer Information/Reference Number in Update Employee Information Page' is: 'CUN112018C200001667'

2018-11-28 12:01:01 - [MESSAGE][PASSED] - Text of object 'Object Repository/Final Object Repo/Page_Update Employer Information/Reference Number in Update Employee Information Page' is: 'CUN112018C200001667'

2018-11-28 12:01:01 - [TEST_STEP][PASSED] - Statement - out.println(CaseReferenceNo): null

2018-11-28 12:01:01 - [TEST_STEP][PASSED] - callTestCase: Call Test Case 'Test Cases/Final Aug 2018 - PKS Automation/Common/Reference Number Setter' successfully

2018-11-28 12:01:01 - [TEST_CASE][PASSED] - Test Cases/Final Aug 2018 - PKS Automation/Common/Reference Number Setter: Test Cases/Final Aug 2018 - PKS Automation/Common/Reference Number Setter

2018-11-28 12:01:01 - [TEST_STEP][PASSED] - Statement - RefNoOldFile = new java.io.File(C://Users//Admin//Desktop//PKS//Automation Reference Point//KatalonReference.txt): null

2018-11-28 12:01:01 - [TEST_STEP][PASSED] - Statement - RefNoOldFile.delete(): null

2018-11-28 12:01:01 - [TEST_STEP][PASSED] - delay: Delayed 5 second(s)

2018-11-28 12:01:06 - [MESSAGE][PASSED] - Delayed 5 second(s)

2018-11-28 12:01:06 - [TEST_STEP][PASSED] - Statement - RefNo = new java.io.File(C://Users//Admin//Desktop//PKS//Automation Reference Point//KatalonReference.txt): null

2018-11-28 12:01:06 - [TEST_STEP][PASSED] - Statement - f2 = new java.io.FileWriter(RefNo, false): null

2018-11-28 12:01:06 - [TEST_STEP][PASSED] - Statement - f2.write(CaseReferenceNo): null

2018-11-28 12:01:06 - [TEST_STEP][PASSED] - Statement - f2.close(): null

2018-11-28 12:01:06 - [TEST_STEP][PASSED] - Statement - out.println("


" + CaseReferenceNo + "


"): null

2018-11-28 12:01:06 - [MESSAGE][PASSED] - Call Test Case 'Test Cases/Final Aug 2018 - PKS Automation/Common/Reference Number Setter' successfully

2018-11-28 12:01:06 - [TEST_STEP][PASSED] - selectOptionByValue: All options with value '2030' are selected in object 'Object Repository/Final Object Repo/Page_Form 1A - Cessation As Employer/Employment Resign Date - Year' 

2018-11-28 12:01:06 - [MESSAGE][PASSED] - All options with value '2030' are selected in object 'Object Repository/Final Object Repo/Page_Form 1A - Cessation As Employer/Employment Resign Date - Year' 

2018-11-28 12:01:06 - [TEST_STEP][PASSED] - delay: Delayed 1 second(s)

2018-11-28 12:01:07 - [MESSAGE][PASSED] - Delayed 1 second(s)

2018-11-28 12:01:07 - [TEST_STEP][PASSED] - click: Object: 'Object Repository/Final Object Repo/Page_Form 1A - Cessation As Employer/Employment Resign Date - Year - Date' is clicked on

2018-11-28 12:01:08 - [MESSAGE][PASSED] - Object: 'Object Repository/Final Object Repo/Page_Form 1A - Cessation As Employer/Employment Resign Date - Year - Date' is clicked on

2018-11-28 12:01:08 - [TEST_STEP][PASSED] - delay: Delayed 2 second(s)

2018-11-28 12:01:10 - [MESSAGE][PASSED] - Delayed 2 second(s)

2018-11-28 12:01:10 - [TEST_STEP][PASSED] - click: Object: 'Object Repository/Final Object Repo/Page_Form 1A - Cessation As Employer/Save  Continue in Update Add Employee Resigned Date Page' is clicked on

2018-11-28 12:01:10 - [MESSAGE][PASSED] - Object: 'Object Repository/Final Object Repo/Page_Form 1A - Cessation As Employer/Save  Continue in Update Add Employee Resigned Date Page' is clicked on

2018-11-28 12:01:10 - [TEST_STEP][PASSED] - delay: Delayed 2 second(s)

2018-11-28 12:01:12 - [MESSAGE][PASSED] - Delayed 2 second(s)

2018-11-28 12:01:12 - [TEST_STEP][PASSED] - click: Object: 'Object Repository/Final Object Repo/Page_Form 1A - Cessation As Employer/Set Latest - Yes' is clicked on

2018-11-28 12:01:12 - [MESSAGE][PASSED] - Object: 'Object Repository/Final Object Repo/Page_Form 1A - Cessation As Employer/Set Latest - Yes' is clicked on

2018-11-28 12:01:12 - [TEST_STEP][PASSED] - delay: Delayed 2 second(s)

2018-11-28 12:01:14 - [MESSAGE][PASSED] - Delayed 2 second(s)

2018-11-28 12:01:14 - [TEST_STEP][PASSED] - click: Object: 'Object Repository/Final Object Repo/Page_Form 1A - Cessation As Employer/Add Document' is clicked on

2018-11-28 12:01:15 - [MESSAGE][PASSED] - Object: 'Object Repository/Final Object Repo/Page_Form 1A - Cessation As Employer/Add Document' is clicked on

2018-11-28 12:01:15 - [TEST_STEP][PASSED] - delay: Delayed 2 second(s)

2018-11-28 12:01:17 - [MESSAGE][PASSED] - Delayed 2 second(s)

2018-11-28 12:01:17 - [TEST_STEP][PASSED] - click: Object: 'Object Repository/Final Object Repo/Page_Form 1A - Cessation As Employer/Document Type' is clicked on

2018-11-28 12:01:18 - [MESSAGE][PASSED] - Object: 'Object Repository/Final Object Repo/Page_Form 1A - Cessation As Employer/Document Type' is clicked on

2018-11-28 12:01:18 - [TEST_STEP][PASSED] - delay: Delayed 2 second(s)

2018-11-28 12:01:20 - [MESSAGE][PASSED] - Delayed 2 second(s)

2018-11-28 12:01:20 - [TEST_STEP][PASSED] - click: Object: 'Object Repository/Final Object Repo/Page_Form 1A - Cessation As Employer/Document Type - Supporting Document For Cessation' is clicked on

2018-11-28 12:01:20 - [MESSAGE][PASSED] - Object: 'Object Repository/Final Object Repo/Page_Form 1A - Cessation As Employer/Document Type - Supporting Document For Cessation' is clicked on

2018-11-28 12:01:20 - [TEST_STEP][PASSED] - delay: Delayed 2 second(s)

2018-11-28 12:01:22 - [MESSAGE][PASSED] - Delayed 2 second(s)

2018-11-28 12:01:22 - [TEST_STEP][PASSED] - sendKeys: Keys 'C:\Users\Public\Pictures\Sample Pictures\Koala.jpg' sent to object: 'Object Repository/Final Object Repo/Page_Form 1A - Cessation As Employer/Uploading File'

2018-11-28 12:01:22 - [MESSAGE][PASSED] - Keys 'C:\Users\Public\Pictures\Sample Pictures\Koala.jpg' sent to object: 'Object Repository/Final Object Repo/Page_Form 1A - Cessation As Employer/Uploading File'

2018-11-28 12:01:22 - [TEST_STEP][PASSED] - delay: Delayed 2 second(s)

2018-11-28 12:01:24 - [MESSAGE][PASSED] - Delayed 2 second(s)

2018-11-28 12:01:24 - [TEST_STEP][PASSED] - click: Object: 'Object Repository/Final Object Repo/Page_Form 1A - Cessation As Employer/Add Document in Uploading Page' is clicked on

2018-11-28 12:01:24 - [MESSAGE][PASSED] - Object: 'Object Repository/Final Object Repo/Page_Form 1A - Cessation As Employer/Add Document in Uploading Page' is clicked on

2018-11-28 12:01:24 - [TEST_STEP][PASSED] - delay: Delayed 15 second(s)

2018-11-28 12:01:39 - [MESSAGE][PASSED] - Delayed 15 second(s)

2018-11-28 12:01:39 - [TEST_STEP][PASSED] - click: Object: 'Object Repository/Final Object Repo/Page_Form 1A - Cessation As Employer/Save  Continue in Uploading Page' is clicked on

2018-11-28 12:01:40 - [MESSAGE][PASSED] - Object: 'Object Repository/Final Object Repo/Page_Form 1A - Cessation As Employer/Save  Continue in Uploading Page' is clicked on

2018-11-28 12:01:40 - [TEST_STEP][PASSED] - delay: Delayed 2 second(s)

2018-11-28 12:01:42 - [MESSAGE][PASSED] - Delayed 2 second(s)

2018-11-28 12:01:42 - [TEST_STEP][PASSED] - click: Object: 'Object Repository/Final Object Repo/Page_Form 1A - Cessation As Employer/Submit2' is clicked on

2018-11-28 12:01:45 - [MESSAGE][PASSED] - Object: 'Object Repository/Final Object Repo/Page_Form 1A - Cessation As Employer/Submit2' is clicked on

2018-11-28 12:01:45 - [TEST_STEP][PASSED] - delay: Delayed 2 second(s)

2018-11-28 12:01:47 - [MESSAGE][PASSED] - Delayed 2 second(s)

2018-11-28 12:01:47 - [TEST_STEP][PASSED] - click: Object: 'Object Repository/Final Object Repo/Page_Form 1A - Cessation As Employer/Confirm' is clicked on

2018-11-28 12:01:47 - [MESSAGE][PASSED] - Object: 'Object Repository/Final Object Repo/Page_Form 1A - Cessation As Employer/Confirm' is clicked on

2018-11-28 12:01:47 - [TEST_STEP][PASSED] - delay: Delayed 2 second(s)

2018-11-28 12:01:49 - [MESSAGE][PASSED] - Delayed 2 second(s)

2018-11-28 12:01:49 - [TEST_STEP][PASSED] - verifyElementVisible: Object 'Object Repository/Final Object Repo/Page_Form 1A - Cessation As Employer/Message Your Request will be routed to UO' is visible

2018-11-28 12:01:52 - [MESSAGE][PASSED] - Object 'Object Repository/Final Object Repo/Page_Form 1A - Cessation As Employer/Message Your Request will be routed to UO' is visible

2018-11-28 12:01:52 - [TEST_STEP][PASSED] - delay: Delayed 1 second(s)

2018-11-28 12:01:53 - [MESSAGE][PASSED] - Delayed 1 second(s)

2018-11-28 12:01:53 - [TEST_STEP][PASSED] - verifyElementVisible: Object 'Object Repository/Final Object Repo/Page_Form 1A - Cessation As Employer/Letter of acknowledgement' is visible

2018-11-28 12:01:54 - [MESSAGE][PASSED] - Object 'Object Repository/Final Object Repo/Page_Form 1A - Cessation As Employer/Letter of acknowledgement' is visible

2018-11-28 12:01:54 - [MESSAGE][PASSED] - Call Test Case 'Test Cases/Final Aug 2018 - PKS Automation/Registration Module/Workflow/Form 1A - Cessation As Employer/Template/Form 1 A - Cessation As Employer (PKRBO)' successfully

2018-11-28 12:01:54 - [TEST_STEP][PASSED] - callTestCase: Call Test Case 'Test Cases/Final Aug 2018 - PKS Automation/Registration Module/Workflow/Form 1A - Cessation As Employer/Template/Form 1 A - Cessation As Employer (Approve)' successfully

2018-11-28 12:01:54 - [TEST_CASE][PASSED] - Test Cases/Final Aug 2018 - PKS Automation/Registration Module/Workflow/Form 1A - Cessation As Employer/Template/Form 1 A - Cessation As Employer (Approve): Test Cases/Final Aug 2018 - PKS Automation/Registration Module/Workflow/Form 1A - Cessation As Employer/Template/Form 1 A - Cessation As Employer (Approve)

2018-11-28 12:01:54 - [TEST_STEP][NOT_RUN] - callTestCase: NOT_RUN: callTestCase

2018-11-28 12:01:54 - [MESSAGE][NOT_RUN] - NOT_RUN: callTestCase

2018-11-28 12:01:54 - [TEST_STEP][PASSED] - delay: Delayed 1 second(s)

2018-11-28 12:01:55 - [MESSAGE][PASSED] - Delayed 1 second(s)

2018-11-28 12:01:55 - [TEST_STEP][PASSED] - navigateToUrl: Navigate to 'https://assist2-uat.perkeso.gov.my/c/portal/logout' successfully

2018-11-28 12:01:55 - [MESSAGE][PASSED] - Navigate to 'https://assist2-uat.perkeso.gov.my/c/portal/logout' successfully

2018-11-28 12:01:55 - [TEST_STEP][PASSED] - delay: Delayed 1 second(s)

2018-11-28 12:01:56 - [MESSAGE][PASSED] - Delayed 1 second(s)

2018-11-28 12:01:56 - [TEST_STEP][PASSED] - callTestCase: Call Test Case 'Test Cases/Final Aug 2018 - PKS Automation/Common/Reference Number Getter' successfully

2018-11-28 12:01:56 - [TEST_CASE][PASSED] - Test Cases/Final Aug 2018 - PKS Automation/Common/Reference Number Getter: Test Cases/Final Aug 2018 - PKS Automation/Common/Reference Number Getter

2018-11-28 12:01:56 - [TEST_STEP][PASSED] - Statement - Try: null

2018-11-28 12:01:56 - [TEST_STEP][PASSED] - Statement - RefNo = new java.io.File(C://Users//Admin//Desktop//PKS//Automation Reference Point//KatalonReference.txt): null

2018-11-28 12:01:56 - [TEST_STEP][PASSED] - Statement - bufferread = new java.io.BufferedReader(new java.io.FileReader(RefNo)): null

2018-11-28 12:01:56 - [TEST_STEP][PASSED] - Statement - readedVal = bufferread.readLine(): null

2018-11-28 12:01:56 - [TEST_STEP][PASSED] - Statement - out.println(CaseReferenceNo): null

2018-11-28 12:01:56 - [TEST_STEP][PASSED] - Statement - out.println(readedVal): null

2018-11-28 12:01:56 - [TEST_STEP][PASSED] - Statement - CaseReferenceNo = "": null

2018-11-28 12:01:56 - [TEST_STEP][PASSED] - Statement - CaseReferenceNo = readedVal: null

2018-11-28 12:01:56 - [MESSAGE][PASSED] - Call Test Case 'Test Cases/Final Aug 2018 - PKS Automation/Common/Reference Number Getter' successfully

2018-11-28 12:01:56 - [TEST_STEP][PASSED] - callTestCase: Call Test Case 'Test Cases/Final Aug 2018 - PKS Automation/Common/Workflow Owner Finder' successfully

2018-11-28 12:01:57 - [TEST_CASE][PASSED] - Test Cases/Final Aug 2018 - PKS Automation/Common/Workflow Owner Finder: Test Cases/Final Aug 2018 - PKS Automation/Common/Workflow Owner Finder

2018-11-28 12:01:57 - [TEST_STEP][PASSED] - openBrowser: Browser is opened with url: ''

2018-11-28 12:01:57 - [MESSAGE][WARNING] - A browser is already opened. Closing browser and opening a new one

2018-11-28 12:02:00 - [MESSAGE][PASSED] - Browser is opened with url: ''

2018-11-28 12:02:00 - [TEST_STEP][PASSED] - navigateToUrl: Navigate to 'https://assist2-uat.perkeso.gov.my/login' successfully

2018-11-28 12:02:01 - [MESSAGE][PASSED] - Navigate to 'https://assist2-uat.perkeso.gov.my/login' successfully

2018-11-28 12:02:01 - [TEST_STEP][PASSED] - delay: Delayed 5 second(s)

2018-11-28 12:02:06 - [MESSAGE][PASSED] - Delayed 5 second(s)

2018-11-28 12:02:06 - [TEST_STEP][PASSED] - setText: Text 'test@liferay.com' is set on object 'Object Repository/Final Object Repo/Login Page/Internal User/Email Address'

2018-11-28 12:02:06 - [MESSAGE][PASSED] - Text 'test@liferay.com' is set on object 'Object Repository/Final Object Repo/Login Page/Internal User/Email Address'

2018-11-28 12:02:06 - [TEST_STEP][PASSED] - click: Object: 'Object Repository/Final Object Repo/Login Page/Internal User/Next Button' is clicked on

2018-11-28 12:02:06 - [MESSAGE][PASSED] - Object: 'Object Repository/Final Object Repo/Login Page/Internal User/Next Button' is clicked on

2018-11-28 12:02:06 - [TEST_STEP][PASSED] - delay: Delayed 2 second(s)

2018-11-28 12:02:08 - [MESSAGE][PASSED] - Delayed 2 second(s)

2018-11-28 12:02:08 - [TEST_STEP][PASSED] - setText: Text 'test' is set on object 'Object Repository/Final Object Repo/Login Page/Internal User/Password'

2018-11-28 12:02:08 - [MESSAGE][PASSED] - Text 'test' is set on object 'Object Repository/Final Object Repo/Login Page/Internal User/Password'

2018-11-28 12:02:08 - [TEST_STEP][PASSED] - delay: Delayed 2 second(s)

2018-11-28 12:02:10 - [MESSAGE][PASSED] - Delayed 2 second(s)

2018-11-28 12:02:10 - [TEST_STEP][PASSED] - click: Object: 'Object Repository/Final Object Repo/Login Page/Internal User/Login Button' is clicked on

2018-11-28 12:02:11 - [MESSAGE][PASSED] - Object: 'Object Repository/Final Object Repo/Login Page/Internal User/Login Button' is clicked on

2018-11-28 12:02:11 - [TEST_STEP][PASSED] - Statement - Try: null

2018-11-28 12:02:11 - [TEST_STEP][PASSED] - Statement - Checker = com.kms.katalon.core.webui.keyword.WebUiBuiltInKeywords.verifyElementNotPresent("Final Object Repo/Landing Page/Select to English", 3): null

2018-11-28 12:02:11 - [TEST_STEP][PASSED] - Statement - Catch (Exception e): null

2018-11-28 12:02:11 - [TEST_STEP][PASSED] - Statement - e.printStackTrace(): null

2018-11-28 12:02:11 - [TEST_STEP][PASSED] - delay: Delayed 5 second(s)

2018-11-28 12:02:16 - [MESSAGE][PASSED] - Delayed 5 second(s)

2018-11-28 12:02:16 - [TEST_STEP][PASSED] - mouseOver: Object: 'Object Repository/Final Object Repo/Landing Page/WorkFlow Menu' is hovered

2018-11-28 12:02:16 - [MESSAGE][PASSED] - Object: 'Object Repository/Final Object Repo/Landing Page/WorkFlow Menu' is hovered

2018-11-28 12:02:16 - [TEST_STEP][PASSED] - delay: Delayed 2 second(s)

2018-11-28 12:02:18 - [MESSAGE][PASSED] - Delayed 2 second(s)

2018-11-28 12:02:18 - [TEST_STEP][PASSED] - click: Object: 'Object Repository/Final Object Repo/Landing Page/Select to Workflow Listing' is clicked on

2018-11-28 12:02:19 - [MESSAGE][PASSED] - Object: 'Object Repository/Final Object Repo/Landing Page/Select to Workflow Listing' is clicked on

2018-11-28 12:02:19 - [TEST_STEP][PASSED] - delay: Delayed 2 second(s)

2018-11-28 12:02:21 - [MESSAGE][PASSED] - Delayed 2 second(s)

2018-11-28 12:02:21 - [TEST_STEP][PASSED] - click: Object: 'Object Repository/Final Object Repo/WorkFlow Listing Page/Search Information - To Put Ref No' is clicked on

2018-11-28 12:02:21 - [MESSAGE][PASSED] - Object: 'Object Repository/Final Object Repo/WorkFlow Listing Page/Search Information - To Put Ref No' is clicked on

2018-11-28 12:02:21 - [TEST_STEP][PASSED] - delay: Delayed 2 second(s)

2018-11-28 12:02:23 - [MESSAGE][PASSED] - Delayed 2 second(s)

2018-11-28 12:02:23 - [TEST_STEP][PASSED] - callTestCase: Call Test Case 'Test Cases/Final Aug 2018 - PKS Automation/Common/Reference Number Getter' successfully

2018-11-28 12:02:23 - [TEST_CASE][PASSED] - Test Cases/Final Aug 2018 - PKS Automation/Common/Reference Number Getter: Test Cases/Final Aug 2018 - PKS Automation/Common/Reference Number Getter

2018-11-28 12:02:23 - [TEST_STEP][PASSED] - Statement - Try: null

2018-11-28 12:02:23 - [TEST_STEP][PASSED] - Statement - RefNo = new java.io.File(C://Users//Admin//Desktop//PKS//Automation Reference Point//KatalonReference.txt): null

2018-11-28 12:02:23 - [TEST_STEP][PASSED] - Statement - bufferread = new java.io.BufferedReader(new java.io.FileReader(RefNo)): null

2018-11-28 12:02:23 - [TEST_STEP][PASSED] - Statement - readedVal = bufferread.readLine(): null

2018-11-28 12:02:23 - [TEST_STEP][PASSED] - Statement - out.println(CaseReferenceNo): null

2018-11-28 12:02:23 - [TEST_STEP][PASSED] - Statement - out.println(readedVal): null

2018-11-28 12:02:23 - [TEST_STEP][PASSED] - Statement - CaseReferenceNo = "": null

2018-11-28 12:02:23 - [TEST_STEP][PASSED] - Statement - CaseReferenceNo = readedVal: null

2018-11-28 12:02:23 - [MESSAGE][PASSED] - Call Test Case 'Test Cases/Final Aug 2018 - PKS Automation/Common/Reference Number Getter' successfully

2018-11-28 12:02:23 - [TEST_STEP][PASSED] - setText: Text 'CUN112018C200001667' is set on object 'Object Repository/Final Object Repo/WorkFlow Listing Page/Ref No Set Text'

2018-11-28 12:02:23 - [MESSAGE][PASSED] - Text 'CUN112018C200001667' is set on object 'Object Repository/Final Object Repo/WorkFlow Listing Page/Ref No Set Text'

2018-11-28 12:02:23 - [TEST_STEP][PASSED] - delay: Delayed 2 second(s)

2018-11-28 12:02:25 - [MESSAGE][PASSED] - Delayed 2 second(s)

2018-11-28 12:02:25 - [TEST_STEP][PASSED] - click: Object: 'Object Repository/Final Object Repo/WorkFlow Listing Page/Search Ref No Search Button' is clicked on

2018-11-28 12:02:26 - [MESSAGE][PASSED] - Object: 'Object Repository/Final Object Repo/WorkFlow Listing Page/Search Ref No Search Button' is clicked on

2018-11-28 12:02:26 - [TEST_STEP][PASSED] - delay: Delayed 4 second(s)

2018-11-28 12:02:30 - [MESSAGE][PASSED] - Delayed 4 second(s)

2018-11-28 12:02:30 - [TEST_STEP][PASSED] - click: Object: 'Object Repository/Final Object Repo/WorkFlow Listing Page/Click Continue Tooltip' is clicked on

2018-11-28 12:02:31 - [MESSAGE][PASSED] - Object: 'Object Repository/Final Object Repo/WorkFlow Listing Page/Click Continue Tooltip' is clicked on

2018-11-28 12:02:31 - [TEST_STEP][PASSED] - delay: Delayed 5 second(s)

2018-11-28 12:02:36 - [MESSAGE][PASSED] - Delayed 5 second(s)

2018-11-28 12:02:36 - [TEST_STEP][PASSED] - doubleClick: Object: 'Object Repository/Final Object Repo/WorkFlow Listing Page/Workflow Found - Listing 1' is double clicked on

2018-11-28 12:02:36 - [MESSAGE][PASSED] - Object: 'Object Repository/Final Object Repo/WorkFlow Listing Page/Workflow Found - Listing 1' is double clicked on

2018-11-28 12:02:36 - [TEST_STEP][PASSED] - Statement - println(OwnerID): null

2018-11-28 12:02:36 - [TEST_STEP][PASSED] - Statement - OwnerID = com.kms.katalon.core.webui.keyword.WebUiBuiltInKeywords.getText(com.kms.katalon.core.testobject.ObjectRepository.findTestObject(Final Object Repo/WorkFlow Listing Page/Workflow Found - Listing 1), STOP_ON_FAILURE): Text of object 'Object Repository/Final Object Repo/WorkFlow Listing Page/Workflow Found - Listing 1' is: 'JOHORuo3'

2018-11-28 12:02:36 - [MESSAGE][PASSED] - Text of object 'Object Repository/Final Object Repo/WorkFlow Listing Page/Workflow Found - Listing 1' is: 'JOHORuo3'

2018-11-28 12:02:36 - [TEST_STEP][PASSED] - Statement - OwnerID = OwnerID.toLowerCase() + "@gmail.com": null

2018-11-28 12:02:36 - [TEST_STEP][PASSED] - Statement - println(OwnerID): null

2018-11-28 12:02:36 - [TEST_STEP][PASSED] - delay: Delayed 2 second(s)

2018-11-28 12:02:38 - [MESSAGE][PASSED] - Delayed 2 second(s)

2018-11-28 12:02:38 - [MESSAGE][PASSED] - Call Test Case 'Test Cases/Final Aug 2018 - PKS Automation/Common/Workflow Owner Finder' successfully

2018-11-28 12:02:38 - [TEST_STEP][PASSED] - delay: Delayed 1 second(s)

2018-11-28 12:02:39 - [MESSAGE][PASSED] - Delayed 1 second(s)

2018-11-28 12:02:39 - [TEST_STEP][PASSED] - navigateToUrl: Navigate to 'https://assist2-uat.perkeso.gov.my/c/portal/logout' successfully

2018-11-28 12:02:40 - [MESSAGE][PASSED] - Navigate to 'https://assist2-uat.perkeso.gov.my/c/portal/logout' successfully

2018-11-28 12:02:40 - [TEST_STEP][PASSED] - delay: Delayed 1 second(s)

2018-11-28 12:02:41 - [MESSAGE][PASSED] - Delayed 1 second(s)

2018-11-28 12:02:41 - [TEST_STEP][PASSED] - callTestCase: Call Test Case 'Test Cases/Final Aug 2018 - PKS Automation/Registration Module/Workflow/Login and Search Case For Workflow' successfully

2018-11-28 12:02:41 - [TEST_CASE][PASSED] - Test Cases/Final Aug 2018 - PKS Automation/Registration Module/Workflow/Login and Search Case For Workflow: Test Cases/Final Aug 2018 - PKS Automation/Registration Module/Workflow/Login and Search Case For Workflow

2018-11-28 12:02:41 - [TEST_STEP][PASSED] - navigateToUrl: Navigate to 'https://assist2-uat.perkeso.gov.my/login' successfully

2018-11-28 12:02:42 - [MESSAGE][PASSED] - Navigate to 'https://assist2-uat.perkeso.gov.my/login' successfully

2018-11-28 12:02:42 - [TEST_STEP][PASSED] - setText: Text 'johoruo3@gmail.com' is set on object 'Object Repository/Final Object Repo/Login Page/Internal User/Email Address'

2018-11-28 12:02:42 - [MESSAGE][PASSED] - Text 'johoruo3@gmail.com' is set on object 'Object Repository/Final Object Repo/Login Page/Internal User/Email Address'

2018-11-28 12:02:42 - [TEST_STEP][PASSED] - click: Object: 'Object Repository/Final Object Repo/Login Page/Internal User/Next Button' is clicked on

2018-11-28 12:02:42 - [MESSAGE][PASSED] - Object: 'Object Repository/Final Object Repo/Login Page/Internal User/Next Button' is clicked on

2018-11-28 12:02:42 - [TEST_STEP][PASSED] - delay: Delayed 1 second(s)

2018-11-28 12:02:43 - [MESSAGE][PASSED] - Delayed 1 second(s)

2018-11-28 12:02:43 - [TEST_STEP][PASSED] - setEncryptedText: Text ****** has been set on object 'Object Repository/Final Object Repo/Login Page/Internal User/Password'

2018-11-28 12:02:43 - [MESSAGE][PASSED] - Text ****** has been set on object 'Object Repository/Final Object Repo/Login Page/Internal User/Password'

2018-11-28 12:02:43 - [TEST_STEP][PASSED] - click: Object: 'Object Repository/Final Object Repo/Login Page/Internal User/Login Button' is clicked on

2018-11-28 12:02:44 - [MESSAGE][PASSED] - Object: 'Object Repository/Final Object Repo/Login Page/Internal User/Login Button' is clicked on

2018-11-28 12:02:44 - [TEST_STEP][PASSED] - delay: Delayed 2 second(s)

2018-11-28 12:02:46 - [MESSAGE][PASSED] - Delayed 2 second(s)

2018-11-28 12:02:46 - [TEST_STEP][PASSED] - Statement - Try: Delayed 2 second(s)

2018-11-28 12:02:46 - [TEST_STEP][PASSED] - Statement - Checker = false: null

2018-11-28 12:02:46 - [TEST_STEP][PASSED] - Statement - Checker = com.kms.katalon.core.webui.keyword.WebUiBuiltInKeywords.verifyElementHasAttribute(com.kms.katalon.core.testobject.ObjectRepository.findTestObject(Final Object Repo/Landing Page/BM Detecting), "href", 20, OPTIONAL): Object 'Object Repository/Final Object Repo/Landing Page/BM Detecting' has attribute 'href'

2018-11-28 12:02:46 - [MESSAGE][PASSED] - Object 'Object Repository/Final Object Repo/Landing Page/BM Detecting' has attribute 'href'

2018-11-28 12:02:46 - [TEST_STEP][PASSED] - Statement - out.println(Checker): null

2018-11-28 12:02:46 - [TEST_STEP][PASSED] - Statement - If (Checker == false): null

2018-11-28 12:02:46 - [TEST_STEP][PASSED] - Statement - Else: null

2018-11-28 12:02:46 - [TEST_STEP][PASSED] - delay: Delayed 2 second(s)

2018-11-28 12:02:48 - [MESSAGE][PASSED] - Delayed 2 second(s)

2018-11-28 12:02:48 - [TEST_STEP][PASSED] - click: Object: 'Object Repository/Final Object Repo/Page_MyASSIST - ASSIST - Search Pending Case For Add Supporting Document/Search Information' is clicked on

2018-11-28 12:02:48 - [MESSAGE][PASSED] - Object: 'Object Repository/Final Object Repo/Page_MyASSIST - ASSIST - Search Pending Case For Add Supporting Document/Search Information' is clicked on

2018-11-28 12:02:48 - [TEST_STEP][PASSED] - delay: Delayed 3 second(s)

2018-11-28 12:02:51 - [MESSAGE][PASSED] - Delayed 3 second(s)

2018-11-28 12:02:51 - [TEST_STEP][PASSED] - sendKeys: Keys 'CUN112018C200001667' sent to object: 'Object Repository/Final Object Repo/Page_MyASSIST - ASSIST - Search Pending Case For Add Supporting Document/Reference No'

2018-11-28 12:02:51 - [MESSAGE][PASSED] - Keys 'CUN112018C200001667' sent to object: 'Object Repository/Final Object Repo/Page_MyASSIST - ASSIST - Search Pending Case For Add Supporting Document/Reference No'

2018-11-28 12:02:51 - [TEST_STEP][PASSED] - click: Object: 'Object Repository/Final Object Repo/Page_MyASSIST - ASSIST - Search Pending Case For Add Supporting Document/Search Reference No' is clicked on

2018-11-28 12:02:51 - [MESSAGE][PASSED] - Object: 'Object Repository/Final Object Repo/Page_MyASSIST - ASSIST - Search Pending Case For Add Supporting Document/Search Reference No' is clicked on

2018-11-28 12:02:51 - [TEST_STEP][PASSED] - delay: Delayed 2 second(s)

2018-11-28 12:02:53 - [MESSAGE][PASSED] - Delayed 2 second(s)

2018-11-28 12:02:53 - [TEST_STEP][PASSED] - click: Object: 'Object Repository/Final Object Repo/Page_MyASSIST - ASSIST - Search Pending Case For Add Supporting Document/Continue' is clicked on

2018-11-28 12:02:57 - [MESSAGE][PASSED] - Object: 'Object Repository/Final Object Repo/Page_MyASSIST - ASSIST - Search Pending Case For Add Supporting Document/Continue' is clicked on

2018-11-28 12:02:57 - [TEST_STEP][PASSED] - delay: Delayed 20 second(s)

2018-11-28 12:03:17 - [MESSAGE][PASSED] - Delayed 20 second(s)

2018-11-28 12:03:17 - [MESSAGE][PASSED] - Call Test Case 'Test Cases/Final Aug 2018 - PKS Automation/Registration Module/Workflow/Login and Search Case For Workflow' successfully

2018-11-28 12:03:17 - [TEST_STEP][PASSED] - click: Object: 'Object Repository/Final Object Repo/Page_Form 1A - Cessation As Employer/Page_Form 1A - Cessation As Employer (Approve)/Save  Continue in Form 1A Page' is clicked on

2018-11-28 12:03:17 - [MESSAGE][PASSED] - Object: 'Object Repository/Final Object Repo/Page_Form 1A - Cessation As Employer/Page_Form 1A - Cessation As Employer (Approve)/Save  Continue in Form 1A Page' is clicked on

2018-11-28 12:03:17 - [TEST_STEP][PASSED] - delay: Delayed 2 second(s)

2018-11-28 12:03:19 - [MESSAGE][PASSED] - Delayed 2 second(s)

2018-11-28 12:03:19 - [TEST_STEP][PASSED] - click: Object: 'Object Repository/Final Object Repo/Page_Form 1A - Cessation As Employer/Employment Resign Date' is clicked on

2018-11-28 12:03:19 - [MESSAGE][PASSED] - Object: 'Object Repository/Final Object Repo/Page_Form 1A - Cessation As Employer/Employment Resign Date' is clicked on

2018-11-28 12:03:19 - [TEST_STEP][PASSED] - delay: Delayed 1 second(s)

2018-11-28 12:03:20 - [MESSAGE][PASSED] - Delayed 1 second(s)

2018-11-28 12:03:20 - [TEST_STEP][PASSED] - selectOptionByValue: All options with value '2030' are selected in object 'Object Repository/Final Object Repo/Page_Form 1A - Cessation As Employer/Employment Resign Date - Year' 

2018-11-28 12:03:20 - [MESSAGE][PASSED] - All options with value '2030' are selected in object 'Object Repository/Final Object Repo/Page_Form 1A - Cessation As Employer/Employment Resign Date - Year' 

2018-11-28 12:03:20 - [TEST_STEP][PASSED] - delay: Delayed 1 second(s)

2018-11-28 12:03:21 - [MESSAGE][PASSED] - Delayed 1 second(s)

2018-11-28 12:03:21 - [TEST_STEP][PASSED] - click: Object: 'Object Repository/Final Object Repo/Page_Form 1A - Cessation As Employer/Employment Resign Date - Year - Date' is clicked on

2018-11-28 12:03:22 - [MESSAGE][PASSED] - Object: 'Object Repository/Final Object Repo/Page_Form 1A - Cessation As Employer/Employment Resign Date - Year - Date' is clicked on

2018-11-28 12:03:22 - [TEST_STEP][PASSED] - delay: Delayed 2 second(s)

2018-11-28 12:03:24 - [MESSAGE][PASSED] - Delayed 2 second(s)

2018-11-28 12:03:24 - [TEST_STEP][PASSED] - click: Object: 'Object Repository/Final Object Repo/Page_Form 1A - Cessation As Employer/Page_Form 1A - Cessation As Employer (Approve)/Save  Continue in Update Add Employee Resigned Date Page' is clicked on

2018-11-28 12:03:24 - [MESSAGE][PASSED] - Object: 'Object Repository/Final Object Repo/Page_Form 1A - Cessation As Employer/Page_Form 1A - Cessation As Employer (Approve)/Save  Continue in Update Add Employee Resigned Date Page' is clicked on

2018-11-28 12:03:24 - [TEST_STEP][PASSED] - delay: Delayed 2 second(s)

2018-11-28 12:03:26 - [MESSAGE][PASSED] - Delayed 2 second(s)

2018-11-28 12:03:26 - [TEST_STEP][PASSED] - click: Object: 'Object Repository/Final Object Repo/Page_Form 1A - Cessation As Employer/Set Latest - Yes' is clicked on

2018-11-28 12:03:26 - [MESSAGE][PASSED] - Object: 'Object Repository/Final Object Repo/Page_Form 1A - Cessation As Employer/Set Latest - Yes' is clicked on

2018-11-28 12:03:26 - [TEST_STEP][PASSED] - delay: Delayed 2 second(s)

2018-11-28 12:03:28 - [MESSAGE][PASSED] - Delayed 2 second(s)

2018-11-28 12:03:28 - [TEST_STEP][PASSED] - click: Object: 'Object Repository/Final Object Repo/Page_Form 1A - Cessation As Employer/Page_Form 1A - Cessation As Employer (Approve)/Save  Contine in Uploading Document Page' is clicked on

2018-11-28 12:03:29 - [MESSAGE][PASSED] - Object: 'Object Repository/Final Object Repo/Page_Form 1A - Cessation As Employer/Page_Form 1A - Cessation As Employer (Approve)/Save  Contine in Uploading Document Page' is clicked on

2018-11-28 12:03:29 - [TEST_STEP][PASSED] - delay: Delayed 2 second(s)

2018-11-28 12:03:31 - [MESSAGE][PASSED] - Delayed 2 second(s)

2018-11-28 12:03:31 - [TEST_STEP][PASSED] - click: Object: 'Object Repository/Final Object Repo/Page_Form 1A - Cessation As Employer/Page_Form 1A - Cessation As Employer (Approve)/Approve' is clicked on

2018-11-28 12:03:34 - [MESSAGE][PASSED] - Object: 'Object Repository/Final Object Repo/Page_Form 1A - Cessation As Employer/Page_Form 1A - Cessation As Employer (Approve)/Approve' is clicked on

2018-11-28 12:03:34 - [TEST_STEP][PASSED] - delay: Delayed 2 second(s)

2018-11-28 12:03:36 - [MESSAGE][PASSED] - Delayed 2 second(s)

2018-11-28 12:03:36 - [TEST_STEP][PASSED] - click: Object: 'Object Repository/Final Object Repo/Page_Form 1A - Cessation As Employer/Confirm' is clicked on

2018-11-28 12:03:36 - [MESSAGE][PASSED] - Object: 'Object Repository/Final Object Repo/Page_Form 1A - Cessation As Employer/Confirm' is clicked on

2018-11-28 12:03:36 - [TEST_STEP][PASSED] - delay: Delayed 2 second(s)

2018-11-28 12:03:38 - [MESSAGE][PASSED] - Delayed 2 second(s)

2018-11-28 12:03:38 - [TEST_STEP][PASSED] - click: Object: 'Object Repository/Final Object Repo/Page_Form 1A - Cessation As Employer/Page_Form 1A - Cessation As Employer (Approve)/Message Your Request    Form 1A ' is clicked on

2018-11-28 12:03:46 - [MESSAGE][PASSED] - Object: 'Object Repository/Final Object Repo/Page_Form 1A - Cessation As Employer/Page_Form 1A - Cessation As Employer (Approve)/Message Your Request    Form 1A ' is clicked on

2018-11-28 12:03:46 - [TEST_STEP][PASSED] - delay: Delayed 2 second(s)

2018-11-28 12:03:48 - [MESSAGE][PASSED] - Delayed 2 second(s)

2018-11-28 12:03:48 - [TEST_STEP][PASSED] - click: Object: 'Object Repository/Final Object Repo/Page_Form 1A - Cessation As Employer/Page_Form 1A - Cessation As Employer (Approve)/Letter of successful update' is clicked on

2018-11-28 12:03:49 - [MESSAGE][PASSED] - Object: 'Object Repository/Final Object Repo/Page_Form 1A - Cessation As Employer/Page_Form 1A - Cessation As Employer (Approve)/Letter of successful update' is clicked on

2018-11-28 12:03:49 - [MESSAGE][PASSED] - Call Test Case 'Test Cases/Final Aug 2018 - PKS Automation/Registration Module/Workflow/Form 1A - Cessation As Employer/Template/Form 1 A - Cessation As Employer (Approve)' successfully]]></system-out>
         <system-err><![CDATA[]]></system-err>
      </testcase>
      <testcase name="Test Cases/Final Aug 2018 - PKS Automation/Registration Module/Workflow/Form 1A - Cessation As Employer/PKRBO to UO (Query)" classname="Test Cases/Final Aug 2018 - PKS Automation/Registration Module/Workflow/Form 1A - Cessation As Employer/PKRBO to UO (Query)" status="PASSED">
         <system-out><![CDATA[2018-11-28 12:03:49 - [TEST_CASE][PASSED] - Test Cases/Final Aug 2018 - PKS Automation/Registration Module/Workflow/Form 1A - Cessation As Employer/PKRBO to UO (Query): Test Cases/Final Aug 2018 - PKS Automation/Registration Module/Workflow/Form 1A - Cessation As Employer/PKRBO to UO (Query)

2018-11-28 12:03:49 - [TEST_STEP][PASSED] - callTestCase: Call Test Case 'Test Cases/Final Aug 2018 - PKS Automation/Registration Module/Workflow/Form 1A - Cessation As Employer/Template/Form 1 A - Cessation As Employer (PKRBO)' successfully

2018-11-28 12:03:49 - [TEST_CASE][PASSED] - Test Cases/Final Aug 2018 - PKS Automation/Registration Module/Workflow/Form 1A - Cessation As Employer/Template/Form 1 A - Cessation As Employer (PKRBO): Test Cases/Final Aug 2018 - PKS Automation/Registration Module/Workflow/Form 1A - Cessation As Employer/Template/Form 1 A - Cessation As Employer (PKRBO)

2018-11-28 12:03:49 - [TEST_STEP][PASSED] - openBrowser: Browser is opened with url: ''

2018-11-28 12:03:49 - [MESSAGE][WARNING] - A browser is already opened. Closing browser and opening a new one

2018-11-28 12:03:52 - [MESSAGE][PASSED] - Browser is opened with url: ''

2018-11-28 12:03:52 - [TEST_STEP][PASSED] - navigateToUrl: Navigate to 'https://assist2-uat.perkeso.gov.my/login' successfully

2018-11-28 12:03:53 - [MESSAGE][PASSED] - Navigate to 'https://assist2-uat.perkeso.gov.my/login' successfully

2018-11-28 12:03:53 - [TEST_STEP][PASSED] - setText: Text 'johorpkrbo1@gmail.com' is set on object 'Object Repository/Final Object Repo/Login Page/Internal User/Email Address'

2018-11-28 12:03:53 - [MESSAGE][PASSED] - Text 'johorpkrbo1@gmail.com' is set on object 'Object Repository/Final Object Repo/Login Page/Internal User/Email Address'

2018-11-28 12:03:53 - [TEST_STEP][PASSED] - click: Object: 'Object Repository/Final Object Repo/Login Page/Internal User/Next Button' is clicked on

2018-11-28 12:03:54 - [MESSAGE][PASSED] - Object: 'Object Repository/Final Object Repo/Login Page/Internal User/Next Button' is clicked on

2018-11-28 12:03:54 - [TEST_STEP][PASSED] - delay: Delayed 1 second(s)

2018-11-28 12:03:55 - [MESSAGE][PASSED] - Delayed 1 second(s)

2018-11-28 12:03:55 - [TEST_STEP][PASSED] - setEncryptedText: Text ****** has been set on object 'Object Repository/Final Object Repo/Login Page/Internal User/Password'

2018-11-28 12:03:55 - [MESSAGE][PASSED] - Text ****** has been set on object 'Object Repository/Final Object Repo/Login Page/Internal User/Password'

2018-11-28 12:03:55 - [TEST_STEP][PASSED] - click: Object: 'Object Repository/Final Object Repo/Login Page/Internal User/Login Button' is clicked on

2018-11-28 12:03:55 - [MESSAGE][PASSED] - Object: 'Object Repository/Final Object Repo/Login Page/Internal User/Login Button' is clicked on

2018-11-28 12:03:55 - [TEST_STEP][PASSED] - delay: Delayed 1 second(s)

2018-11-28 12:03:56 - [MESSAGE][PASSED] - Delayed 1 second(s)

2018-11-28 12:03:56 - [TEST_STEP][PASSED] - Statement - Try: Delayed 2 second(s)

2018-11-28 12:03:56 - [TEST_STEP][PASSED] - Statement - Checker = false: null

2018-11-28 12:03:56 - [TEST_STEP][PASSED] - Statement - Checker = com.kms.katalon.core.webui.keyword.WebUiBuiltInKeywords.verifyElementHasAttribute(com.kms.katalon.core.testobject.ObjectRepository.findTestObject(Final Object Repo/Landing Page/BM Detecting), "href", 20, OPTIONAL): Object 'Object Repository/Final Object Repo/Landing Page/BM Detecting' has attribute 'href'

2018-11-28 12:03:57 - [MESSAGE][PASSED] - Object 'Object Repository/Final Object Repo/Landing Page/BM Detecting' has attribute 'href'

2018-11-28 12:03:57 - [TEST_STEP][PASSED] - Statement - out.println(Checker): null

2018-11-28 12:03:57 - [TEST_STEP][PASSED] - Statement - If (Checker == false): null

2018-11-28 12:03:57 - [TEST_STEP][PASSED] - Statement - Else: null

2018-11-28 12:03:57 - [TEST_STEP][PASSED] - delay: Delayed 2 second(s)

2018-11-28 12:03:59 - [MESSAGE][PASSED] - Delayed 2 second(s)

2018-11-28 12:03:59 - [TEST_STEP][PASSED] - navigateToUrl: Navigate to 'https://assist2-uat.perkeso.gov.my/web/registration/update/form-1a-cessation-as-employer-discontinue-business-' successfully

2018-11-28 12:04:00 - [MESSAGE][PASSED] - Navigate to 'https://assist2-uat.perkeso.gov.my/web/registration/update/form-1a-cessation-as-employer-discontinue-business-' successfully

2018-11-28 12:04:00 - [TEST_STEP][PASSED] - setText: Text 'E1102069770Z' is set on object 'Object Repository/Final Object Repo/Page_Update Employer Information/Employer Code'

2018-11-28 12:04:01 - [MESSAGE][PASSED] - Text 'E1102069770Z' is set on object 'Object Repository/Final Object Repo/Page_Update Employer Information/Employer Code'

2018-11-28 12:04:01 - [TEST_STEP][PASSED] - click: Object: 'Object Repository/Final Object Repo/Page_Update Employer Information/Search Button' is clicked on

2018-11-28 12:04:01 - [MESSAGE][PASSED] - Object: 'Object Repository/Final Object Repo/Page_Update Employer Information/Search Button' is clicked on

2018-11-28 12:04:01 - [TEST_STEP][PASSED] - click: Object: 'Object Repository/Final Object Repo/Page_Update Employer Information/Edit Button' is clicked on

2018-11-28 12:04:03 - [MESSAGE][PASSED] - Object: 'Object Repository/Final Object Repo/Page_Update Employer Information/Edit Button' is clicked on

2018-11-28 12:04:03 - [TEST_STEP][PASSED] - Statement - abc = com.kms.katalon.core.webui.keyword.WebUiBuiltInKeywords.getAttribute(com.kms.katalon.core.testobject.ObjectRepository.findTestObject(Final Object Repo/Page_Form 1A - Cessation As Employer/Employer Status), "value"): Attribute 'value' of object 'Object Repository/Final Object Repo/Page_Form 1A - Cessation As Employer/Employer Status' is: 'Dormant'

2018-11-28 12:04:03 - [MESSAGE][PASSED] - Attribute 'value' of object 'Object Repository/Final Object Repo/Page_Form 1A - Cessation As Employer/Employer Status' is: 'Dormant'

2018-11-28 12:04:03 - [TEST_STEP][PASSED] - Statement - out.println(abc): null

2018-11-28 12:04:03 - [TEST_STEP][PASSED] - Statement - If (abc == "Active"): null

2018-11-28 12:04:03 - [TEST_STEP][PASSED] - Statement - Else If (abc == "Cancel"): null

2018-11-28 12:04:03 - [TEST_STEP][PASSED] - Statement - Else If (abc == "Dormant"): Object: 'Object Repository/Final Object Repo/Page_Form 1A - Cessation As Employer/Change Employer Status to - Dormant' is clicked on

2018-11-28 12:04:03 - [TEST_STEP][PASSED] - click: Object: 'Object Repository/Final Object Repo/Page_Form 1A - Cessation As Employer/Change Employer Status to' is clicked on

2018-11-28 12:04:04 - [MESSAGE][PASSED] - Object: 'Object Repository/Final Object Repo/Page_Form 1A - Cessation As Employer/Change Employer Status to' is clicked on

2018-11-28 12:04:04 - [TEST_STEP][PASSED] - click: Object: 'Object Repository/Final Object Repo/Page_Form 1A - Cessation As Employer/Change Employer Status to - Dormant' is clicked on

2018-11-28 12:04:04 - [MESSAGE][PASSED] - Object: 'Object Repository/Final Object Repo/Page_Form 1A - Cessation As Employer/Change Employer Status to - Dormant' is clicked on

2018-11-28 12:04:04 - [TEST_STEP][PASSED] - click: Object: 'Object Repository/Final Object Repo/Page_Form 1A - Cessation As Employer/Calender' is clicked on

2018-11-28 12:04:04 - [MESSAGE][PASSED] - Object: 'Object Repository/Final Object Repo/Page_Form 1A - Cessation As Employer/Calender' is clicked on

2018-11-28 12:04:04 - [TEST_STEP][PASSED] - click: Object: 'Object Repository/Final Object Repo/Page_Form 1A - Cessation As Employer/Calender - Date' is clicked on

2018-11-28 12:04:04 - [MESSAGE][PASSED] - Object: 'Object Repository/Final Object Repo/Page_Form 1A - Cessation As Employer/Calender - Date' is clicked on

2018-11-28 12:04:04 - [TEST_STEP][PASSED] - delay: Delayed 2 second(s)

2018-11-28 12:04:06 - [MESSAGE][PASSED] - Delayed 2 second(s)

2018-11-28 12:04:06 - [TEST_STEP][PASSED] - click: Object: 'Object Repository/Final Object Repo/Page_Form 1A - Cessation As Employer/Save  Continue in Form 1A Page' is clicked on

2018-11-28 12:04:06 - [MESSAGE][PASSED] - Object: 'Object Repository/Final Object Repo/Page_Form 1A - Cessation As Employer/Save  Continue in Form 1A Page' is clicked on

2018-11-28 12:04:06 - [TEST_STEP][PASSED] - delay: Delayed 2 second(s)

2018-11-28 12:04:08 - [MESSAGE][PASSED] - Delayed 2 second(s)

2018-11-28 12:04:08 - [TEST_STEP][PASSED] - click: Object: 'Object Repository/Final Object Repo/Page_Form 1A - Cessation As Employer/Employment Resign Date' is clicked on

2018-11-28 12:04:09 - [MESSAGE][PASSED] - Object: 'Object Repository/Final Object Repo/Page_Form 1A - Cessation As Employer/Employment Resign Date' is clicked on

2018-11-28 12:04:09 - [TEST_STEP][PASSED] - delay: Delayed 1 second(s)

2018-11-28 12:04:10 - [MESSAGE][PASSED] - Delayed 1 second(s)

2018-11-28 12:04:10 - [TEST_STEP][PASSED] - Statement - CaseReferenceNo = com.kms.katalon.core.webui.keyword.WebUiBuiltInKeywords.getText(com.kms.katalon.core.testobject.ObjectRepository.findTestObject(Final Object Repo/Page_Update Employer Information/Reference Number in Update Employee Information Page)): Text of object 'Object Repository/Final Object Repo/Page_Update Employer Information/Reference Number in Update Employee Information Page' is: 'CUN112018C200001668'

2018-11-28 12:04:10 - [MESSAGE][PASSED] - Text of object 'Object Repository/Final Object Repo/Page_Update Employer Information/Reference Number in Update Employee Information Page' is: 'CUN112018C200001668'

2018-11-28 12:04:10 - [TEST_STEP][PASSED] - Statement - out.println(CaseReferenceNo): null

2018-11-28 12:04:10 - [TEST_STEP][PASSED] - callTestCase: Call Test Case 'Test Cases/Final Aug 2018 - PKS Automation/Common/Reference Number Setter' successfully

2018-11-28 12:04:10 - [TEST_CASE][PASSED] - Test Cases/Final Aug 2018 - PKS Automation/Common/Reference Number Setter: Test Cases/Final Aug 2018 - PKS Automation/Common/Reference Number Setter

2018-11-28 12:04:10 - [TEST_STEP][PASSED] - Statement - RefNoOldFile = new java.io.File(C://Users//Admin//Desktop//PKS//Automation Reference Point//KatalonReference.txt): null

2018-11-28 12:04:10 - [TEST_STEP][PASSED] - Statement - RefNoOldFile.delete(): null

2018-11-28 12:04:10 - [TEST_STEP][PASSED] - delay: Delayed 5 second(s)

2018-11-28 12:04:15 - [MESSAGE][PASSED] - Delayed 5 second(s)

2018-11-28 12:04:15 - [TEST_STEP][PASSED] - Statement - RefNo = new java.io.File(C://Users//Admin//Desktop//PKS//Automation Reference Point//KatalonReference.txt): null

2018-11-28 12:04:15 - [TEST_STEP][PASSED] - Statement - f2 = new java.io.FileWriter(RefNo, false): null

2018-11-28 12:04:15 - [TEST_STEP][PASSED] - Statement - f2.write(CaseReferenceNo): null

2018-11-28 12:04:15 - [TEST_STEP][PASSED] - Statement - f2.close(): null

2018-11-28 12:04:15 - [TEST_STEP][PASSED] - Statement - out.println("


" + CaseReferenceNo + "


"): null

2018-11-28 12:04:15 - [MESSAGE][PASSED] - Call Test Case 'Test Cases/Final Aug 2018 - PKS Automation/Common/Reference Number Setter' successfully

2018-11-28 12:04:15 - [TEST_STEP][PASSED] - selectOptionByValue: All options with value '2030' are selected in object 'Object Repository/Final Object Repo/Page_Form 1A - Cessation As Employer/Employment Resign Date - Year' 

2018-11-28 12:04:15 - [MESSAGE][PASSED] - All options with value '2030' are selected in object 'Object Repository/Final Object Repo/Page_Form 1A - Cessation As Employer/Employment Resign Date - Year' 

2018-11-28 12:04:15 - [TEST_STEP][PASSED] - delay: Delayed 1 second(s)

2018-11-28 12:04:16 - [MESSAGE][PASSED] - Delayed 1 second(s)

2018-11-28 12:04:16 - [TEST_STEP][PASSED] - click: Object: 'Object Repository/Final Object Repo/Page_Form 1A - Cessation As Employer/Employment Resign Date - Year - Date' is clicked on

2018-11-28 12:04:16 - [MESSAGE][PASSED] - Object: 'Object Repository/Final Object Repo/Page_Form 1A - Cessation As Employer/Employment Resign Date - Year - Date' is clicked on

2018-11-28 12:04:16 - [TEST_STEP][PASSED] - delay: Delayed 2 second(s)

2018-11-28 12:04:18 - [MESSAGE][PASSED] - Delayed 2 second(s)

2018-11-28 12:04:18 - [TEST_STEP][PASSED] - click: Object: 'Object Repository/Final Object Repo/Page_Form 1A - Cessation As Employer/Save  Continue in Update Add Employee Resigned Date Page' is clicked on

2018-11-28 12:04:18 - [MESSAGE][PASSED] - Object: 'Object Repository/Final Object Repo/Page_Form 1A - Cessation As Employer/Save  Continue in Update Add Employee Resigned Date Page' is clicked on

2018-11-28 12:04:18 - [TEST_STEP][PASSED] - delay: Delayed 2 second(s)

2018-11-28 12:04:20 - [MESSAGE][PASSED] - Delayed 2 second(s)

2018-11-28 12:04:20 - [TEST_STEP][PASSED] - click: Object: 'Object Repository/Final Object Repo/Page_Form 1A - Cessation As Employer/Set Latest - Yes' is clicked on

2018-11-28 12:04:21 - [MESSAGE][PASSED] - Object: 'Object Repository/Final Object Repo/Page_Form 1A - Cessation As Employer/Set Latest - Yes' is clicked on

2018-11-28 12:04:21 - [TEST_STEP][PASSED] - delay: Delayed 2 second(s)

2018-11-28 12:04:23 - [MESSAGE][PASSED] - Delayed 2 second(s)

2018-11-28 12:04:23 - [TEST_STEP][PASSED] - click: Object: 'Object Repository/Final Object Repo/Page_Form 1A - Cessation As Employer/Add Document' is clicked on

2018-11-28 12:04:24 - [MESSAGE][PASSED] - Object: 'Object Repository/Final Object Repo/Page_Form 1A - Cessation As Employer/Add Document' is clicked on

2018-11-28 12:04:24 - [TEST_STEP][PASSED] - delay: Delayed 2 second(s)

2018-11-28 12:04:26 - [MESSAGE][PASSED] - Delayed 2 second(s)

2018-11-28 12:04:26 - [TEST_STEP][PASSED] - click: Object: 'Object Repository/Final Object Repo/Page_Form 1A - Cessation As Employer/Document Type' is clicked on

2018-11-28 12:04:27 - [MESSAGE][PASSED] - Object: 'Object Repository/Final Object Repo/Page_Form 1A - Cessation As Employer/Document Type' is clicked on

2018-11-28 12:04:27 - [TEST_STEP][PASSED] - delay: Delayed 2 second(s)

2018-11-28 12:04:29 - [MESSAGE][PASSED] - Delayed 2 second(s)

2018-11-28 12:04:29 - [TEST_STEP][PASSED] - click: Object: 'Object Repository/Final Object Repo/Page_Form 1A - Cessation As Employer/Document Type - Supporting Document For Cessation' is clicked on

2018-11-28 12:04:29 - [MESSAGE][PASSED] - Object: 'Object Repository/Final Object Repo/Page_Form 1A - Cessation As Employer/Document Type - Supporting Document For Cessation' is clicked on

2018-11-28 12:04:29 - [TEST_STEP][PASSED] - delay: Delayed 2 second(s)

2018-11-28 12:04:31 - [MESSAGE][PASSED] - Delayed 2 second(s)

2018-11-28 12:04:31 - [TEST_STEP][PASSED] - sendKeys: Keys 'C:\Users\Public\Pictures\Sample Pictures\Koala.jpg' sent to object: 'Object Repository/Final Object Repo/Page_Form 1A - Cessation As Employer/Uploading File'

2018-11-28 12:04:31 - [MESSAGE][PASSED] - Keys 'C:\Users\Public\Pictures\Sample Pictures\Koala.jpg' sent to object: 'Object Repository/Final Object Repo/Page_Form 1A - Cessation As Employer/Uploading File'

2018-11-28 12:04:31 - [TEST_STEP][PASSED] - delay: Delayed 2 second(s)

2018-11-28 12:04:33 - [MESSAGE][PASSED] - Delayed 2 second(s)

2018-11-28 12:04:33 - [TEST_STEP][PASSED] - click: Object: 'Object Repository/Final Object Repo/Page_Form 1A - Cessation As Employer/Add Document in Uploading Page' is clicked on

2018-11-28 12:04:33 - [MESSAGE][PASSED] - Object: 'Object Repository/Final Object Repo/Page_Form 1A - Cessation As Employer/Add Document in Uploading Page' is clicked on

2018-11-28 12:04:33 - [TEST_STEP][PASSED] - delay: Delayed 15 second(s)

2018-11-28 12:04:48 - [MESSAGE][PASSED] - Delayed 15 second(s)

2018-11-28 12:04:48 - [TEST_STEP][PASSED] - click: Object: 'Object Repository/Final Object Repo/Page_Form 1A - Cessation As Employer/Save  Continue in Uploading Page' is clicked on

2018-11-28 12:04:49 - [MESSAGE][PASSED] - Object: 'Object Repository/Final Object Repo/Page_Form 1A - Cessation As Employer/Save  Continue in Uploading Page' is clicked on

2018-11-28 12:04:49 - [TEST_STEP][PASSED] - delay: Delayed 2 second(s)

2018-11-28 12:04:51 - [MESSAGE][PASSED] - Delayed 2 second(s)

2018-11-28 12:04:51 - [TEST_STEP][PASSED] - click: Object: 'Object Repository/Final Object Repo/Page_Form 1A - Cessation As Employer/Submit2' is clicked on

2018-11-28 12:04:54 - [MESSAGE][PASSED] - Object: 'Object Repository/Final Object Repo/Page_Form 1A - Cessation As Employer/Submit2' is clicked on

2018-11-28 12:04:54 - [TEST_STEP][PASSED] - delay: Delayed 2 second(s)

2018-11-28 12:04:56 - [MESSAGE][PASSED] - Delayed 2 second(s)

2018-11-28 12:04:56 - [TEST_STEP][PASSED] - click: Object: 'Object Repository/Final Object Repo/Page_Form 1A - Cessation As Employer/Confirm' is clicked on

2018-11-28 12:04:56 - [MESSAGE][PASSED] - Object: 'Object Repository/Final Object Repo/Page_Form 1A - Cessation As Employer/Confirm' is clicked on

2018-11-28 12:04:56 - [TEST_STEP][PASSED] - delay: Delayed 2 second(s)

2018-11-28 12:04:58 - [MESSAGE][PASSED] - Delayed 2 second(s)

2018-11-28 12:04:58 - [TEST_STEP][PASSED] - verifyElementVisible: Object 'Object Repository/Final Object Repo/Page_Form 1A - Cessation As Employer/Message Your Request will be routed to UO' is visible

2018-11-28 12:05:01 - [MESSAGE][PASSED] - Object 'Object Repository/Final Object Repo/Page_Form 1A - Cessation As Employer/Message Your Request will be routed to UO' is visible

2018-11-28 12:05:01 - [TEST_STEP][PASSED] - delay: Delayed 1 second(s)

2018-11-28 12:05:02 - [MESSAGE][PASSED] - Delayed 1 second(s)

2018-11-28 12:05:02 - [TEST_STEP][PASSED] - verifyElementVisible: Object 'Object Repository/Final Object Repo/Page_Form 1A - Cessation As Employer/Letter of acknowledgement' is visible

2018-11-28 12:05:02 - [MESSAGE][PASSED] - Object 'Object Repository/Final Object Repo/Page_Form 1A - Cessation As Employer/Letter of acknowledgement' is visible

2018-11-28 12:05:02 - [MESSAGE][PASSED] - Call Test Case 'Test Cases/Final Aug 2018 - PKS Automation/Registration Module/Workflow/Form 1A - Cessation As Employer/Template/Form 1 A - Cessation As Employer (PKRBO)' successfully

2018-11-28 12:05:02 - [TEST_STEP][PASSED] - callTestCase: Call Test Case 'Test Cases/Final Aug 2018 - PKS Automation/Registration Module/Workflow/Form 1A - Cessation As Employer/Template/Form 1 A - Cessation As Employer (Query)' successfully

2018-11-28 12:05:02 - [TEST_CASE][PASSED] - Test Cases/Final Aug 2018 - PKS Automation/Registration Module/Workflow/Form 1A - Cessation As Employer/Template/Form 1 A - Cessation As Employer (Query): Test Cases/Final Aug 2018 - PKS Automation/Registration Module/Workflow/Form 1A - Cessation As Employer/Template/Form 1 A - Cessation As Employer (Query)

2018-11-28 12:05:02 - [TEST_STEP][NOT_RUN] - callTestCase: NOT_RUN: callTestCase

2018-11-28 12:05:02 - [MESSAGE][NOT_RUN] - NOT_RUN: callTestCase

2018-11-28 12:05:02 - [TEST_STEP][PASSED] - delay: Delayed 1 second(s)

2018-11-28 12:05:03 - [MESSAGE][PASSED] - Delayed 1 second(s)

2018-11-28 12:05:03 - [TEST_STEP][PASSED] - navigateToUrl: Navigate to 'https://assist2-uat.perkeso.gov.my/c/portal/logout' successfully

2018-11-28 12:05:04 - [MESSAGE][PASSED] - Navigate to 'https://assist2-uat.perkeso.gov.my/c/portal/logout' successfully

2018-11-28 12:05:04 - [TEST_STEP][PASSED] - delay: Delayed 1 second(s)

2018-11-28 12:05:05 - [MESSAGE][PASSED] - Delayed 1 second(s)

2018-11-28 12:05:05 - [TEST_STEP][PASSED] - callTestCase: Call Test Case 'Test Cases/Final Aug 2018 - PKS Automation/Common/Reference Number Getter' successfully

2018-11-28 12:05:05 - [TEST_CASE][PASSED] - Test Cases/Final Aug 2018 - PKS Automation/Common/Reference Number Getter: Test Cases/Final Aug 2018 - PKS Automation/Common/Reference Number Getter

2018-11-28 12:05:05 - [TEST_STEP][PASSED] - Statement - Try: null

2018-11-28 12:05:05 - [TEST_STEP][PASSED] - Statement - RefNo = new java.io.File(C://Users//Admin//Desktop//PKS//Automation Reference Point//KatalonReference.txt): null

2018-11-28 12:05:05 - [TEST_STEP][PASSED] - Statement - bufferread = new java.io.BufferedReader(new java.io.FileReader(RefNo)): null

2018-11-28 12:05:05 - [TEST_STEP][PASSED] - Statement - readedVal = bufferread.readLine(): null

2018-11-28 12:05:05 - [TEST_STEP][PASSED] - Statement - out.println(CaseReferenceNo): null

2018-11-28 12:05:05 - [TEST_STEP][PASSED] - Statement - out.println(readedVal): null

2018-11-28 12:05:05 - [TEST_STEP][PASSED] - Statement - CaseReferenceNo = "": null

2018-11-28 12:05:05 - [TEST_STEP][PASSED] - Statement - CaseReferenceNo = readedVal: null

2018-11-28 12:05:05 - [MESSAGE][PASSED] - Call Test Case 'Test Cases/Final Aug 2018 - PKS Automation/Common/Reference Number Getter' successfully

2018-11-28 12:05:05 - [TEST_STEP][PASSED] - callTestCase: Call Test Case 'Test Cases/Final Aug 2018 - PKS Automation/Common/Workflow Owner Finder' successfully

2018-11-28 12:05:05 - [TEST_CASE][PASSED] - Test Cases/Final Aug 2018 - PKS Automation/Common/Workflow Owner Finder: Test Cases/Final Aug 2018 - PKS Automation/Common/Workflow Owner Finder

2018-11-28 12:05:05 - [TEST_STEP][PASSED] - openBrowser: Browser is opened with url: ''

2018-11-28 12:05:05 - [MESSAGE][WARNING] - A browser is already opened. Closing browser and opening a new one

2018-11-28 12:05:08 - [MESSAGE][PASSED] - Browser is opened with url: ''

2018-11-28 12:05:08 - [TEST_STEP][PASSED] - navigateToUrl: Navigate to 'https://assist2-uat.perkeso.gov.my/login' successfully

2018-11-28 12:05:09 - [MESSAGE][PASSED] - Navigate to 'https://assist2-uat.perkeso.gov.my/login' successfully

2018-11-28 12:05:09 - [TEST_STEP][PASSED] - delay: Delayed 5 second(s)

2018-11-28 12:05:14 - [MESSAGE][PASSED] - Delayed 5 second(s)

2018-11-28 12:05:14 - [TEST_STEP][PASSED] - setText: Text 'test@liferay.com' is set on object 'Object Repository/Final Object Repo/Login Page/Internal User/Email Address'

2018-11-28 12:05:15 - [MESSAGE][PASSED] - Text 'test@liferay.com' is set on object 'Object Repository/Final Object Repo/Login Page/Internal User/Email Address'

2018-11-28 12:05:15 - [TEST_STEP][PASSED] - click: Object: 'Object Repository/Final Object Repo/Login Page/Internal User/Next Button' is clicked on

2018-11-28 12:05:15 - [MESSAGE][PASSED] - Object: 'Object Repository/Final Object Repo/Login Page/Internal User/Next Button' is clicked on

2018-11-28 12:05:15 - [TEST_STEP][PASSED] - delay: Delayed 2 second(s)

2018-11-28 12:05:17 - [MESSAGE][PASSED] - Delayed 2 second(s)

2018-11-28 12:05:17 - [TEST_STEP][PASSED] - setText: Text 'test' is set on object 'Object Repository/Final Object Repo/Login Page/Internal User/Password'

2018-11-28 12:05:17 - [MESSAGE][PASSED] - Text 'test' is set on object 'Object Repository/Final Object Repo/Login Page/Internal User/Password'

2018-11-28 12:05:17 - [TEST_STEP][PASSED] - delay: Delayed 2 second(s)

2018-11-28 12:05:19 - [MESSAGE][PASSED] - Delayed 2 second(s)

2018-11-28 12:05:19 - [TEST_STEP][PASSED] - click: Object: 'Object Repository/Final Object Repo/Login Page/Internal User/Login Button' is clicked on

2018-11-28 12:05:19 - [MESSAGE][PASSED] - Object: 'Object Repository/Final Object Repo/Login Page/Internal User/Login Button' is clicked on

2018-11-28 12:05:19 - [TEST_STEP][PASSED] - Statement - Try: null

2018-11-28 12:05:19 - [TEST_STEP][PASSED] - Statement - Checker = com.kms.katalon.core.webui.keyword.WebUiBuiltInKeywords.verifyElementNotPresent("Final Object Repo/Landing Page/Select to English", 3): null

2018-11-28 12:05:19 - [TEST_STEP][PASSED] - Statement - Catch (Exception e): null

2018-11-28 12:05:19 - [TEST_STEP][PASSED] - Statement - e.printStackTrace(): null

2018-11-28 12:05:19 - [TEST_STEP][PASSED] - delay: Delayed 5 second(s)

2018-11-28 12:05:24 - [MESSAGE][PASSED] - Delayed 5 second(s)

2018-11-28 12:05:24 - [TEST_STEP][PASSED] - mouseOver: Object: 'Object Repository/Final Object Repo/Landing Page/WorkFlow Menu' is hovered

2018-11-28 12:05:25 - [MESSAGE][PASSED] - Object: 'Object Repository/Final Object Repo/Landing Page/WorkFlow Menu' is hovered

2018-11-28 12:05:25 - [TEST_STEP][PASSED] - delay: Delayed 2 second(s)

2018-11-28 12:05:27 - [MESSAGE][PASSED] - Delayed 2 second(s)

2018-11-28 12:05:27 - [TEST_STEP][PASSED] - click: Object: 'Object Repository/Final Object Repo/Landing Page/Select to Workflow Listing' is clicked on

2018-11-28 12:05:28 - [MESSAGE][PASSED] - Object: 'Object Repository/Final Object Repo/Landing Page/Select to Workflow Listing' is clicked on

2018-11-28 12:05:28 - [TEST_STEP][PASSED] - delay: Delayed 2 second(s)

2018-11-28 12:05:30 - [MESSAGE][PASSED] - Delayed 2 second(s)

2018-11-28 12:05:30 - [TEST_STEP][PASSED] - click: Object: 'Object Repository/Final Object Repo/WorkFlow Listing Page/Search Information - To Put Ref No' is clicked on

2018-11-28 12:05:30 - [MESSAGE][PASSED] - Object: 'Object Repository/Final Object Repo/WorkFlow Listing Page/Search Information - To Put Ref No' is clicked on

2018-11-28 12:05:30 - [TEST_STEP][PASSED] - delay: Delayed 2 second(s)

2018-11-28 12:05:32 - [MESSAGE][PASSED] - Delayed 2 second(s)

2018-11-28 12:05:32 - [TEST_STEP][PASSED] - callTestCase: Call Test Case 'Test Cases/Final Aug 2018 - PKS Automation/Common/Reference Number Getter' successfully

2018-11-28 12:05:32 - [TEST_CASE][PASSED] - Test Cases/Final Aug 2018 - PKS Automation/Common/Reference Number Getter: Test Cases/Final Aug 2018 - PKS Automation/Common/Reference Number Getter

2018-11-28 12:05:32 - [TEST_STEP][PASSED] - Statement - Try: null

2018-11-28 12:05:32 - [TEST_STEP][PASSED] - Statement - RefNo = new java.io.File(C://Users//Admin//Desktop//PKS//Automation Reference Point//KatalonReference.txt): null

2018-11-28 12:05:32 - [TEST_STEP][PASSED] - Statement - bufferread = new java.io.BufferedReader(new java.io.FileReader(RefNo)): null

2018-11-28 12:05:32 - [TEST_STEP][PASSED] - Statement - readedVal = bufferread.readLine(): null

2018-11-28 12:05:32 - [TEST_STEP][PASSED] - Statement - out.println(CaseReferenceNo): null

2018-11-28 12:05:32 - [TEST_STEP][PASSED] - Statement - out.println(readedVal): null

2018-11-28 12:05:32 - [TEST_STEP][PASSED] - Statement - CaseReferenceNo = "": null

2018-11-28 12:05:32 - [TEST_STEP][PASSED] - Statement - CaseReferenceNo = readedVal: null

2018-11-28 12:05:32 - [MESSAGE][PASSED] - Call Test Case 'Test Cases/Final Aug 2018 - PKS Automation/Common/Reference Number Getter' successfully

2018-11-28 12:05:32 - [TEST_STEP][PASSED] - setText: Text 'CUN112018C200001668' is set on object 'Object Repository/Final Object Repo/WorkFlow Listing Page/Ref No Set Text'

2018-11-28 12:05:32 - [MESSAGE][PASSED] - Text 'CUN112018C200001668' is set on object 'Object Repository/Final Object Repo/WorkFlow Listing Page/Ref No Set Text'

2018-11-28 12:05:32 - [TEST_STEP][PASSED] - delay: Delayed 2 second(s)

2018-11-28 12:05:34 - [MESSAGE][PASSED] - Delayed 2 second(s)

2018-11-28 12:05:34 - [TEST_STEP][PASSED] - click: Object: 'Object Repository/Final Object Repo/WorkFlow Listing Page/Search Ref No Search Button' is clicked on

2018-11-28 12:05:35 - [MESSAGE][PASSED] - Object: 'Object Repository/Final Object Repo/WorkFlow Listing Page/Search Ref No Search Button' is clicked on

2018-11-28 12:05:35 - [TEST_STEP][PASSED] - delay: Delayed 4 second(s)

2018-11-28 12:05:39 - [MESSAGE][PASSED] - Delayed 4 second(s)

2018-11-28 12:05:39 - [TEST_STEP][PASSED] - click: Object: 'Object Repository/Final Object Repo/WorkFlow Listing Page/Click Continue Tooltip' is clicked on

2018-11-28 12:05:40 - [MESSAGE][PASSED] - Object: 'Object Repository/Final Object Repo/WorkFlow Listing Page/Click Continue Tooltip' is clicked on

2018-11-28 12:05:40 - [TEST_STEP][PASSED] - delay: Delayed 5 second(s)

2018-11-28 12:05:45 - [MESSAGE][PASSED] - Delayed 5 second(s)

2018-11-28 12:05:45 - [TEST_STEP][PASSED] - doubleClick: Object: 'Object Repository/Final Object Repo/WorkFlow Listing Page/Workflow Found - Listing 1' is double clicked on

2018-11-28 12:05:45 - [MESSAGE][PASSED] - Object: 'Object Repository/Final Object Repo/WorkFlow Listing Page/Workflow Found - Listing 1' is double clicked on

2018-11-28 12:05:45 - [TEST_STEP][PASSED] - Statement - println(OwnerID): null

2018-11-28 12:05:45 - [TEST_STEP][PASSED] - Statement - OwnerID = com.kms.katalon.core.webui.keyword.WebUiBuiltInKeywords.getText(com.kms.katalon.core.testobject.ObjectRepository.findTestObject(Final Object Repo/WorkFlow Listing Page/Workflow Found - Listing 1), STOP_ON_FAILURE): Text of object 'Object Repository/Final Object Repo/WorkFlow Listing Page/Workflow Found - Listing 1' is: 'JOHORuo1'

2018-11-28 12:05:45 - [MESSAGE][PASSED] - Text of object 'Object Repository/Final Object Repo/WorkFlow Listing Page/Workflow Found - Listing 1' is: 'JOHORuo1'

2018-11-28 12:05:45 - [TEST_STEP][PASSED] - Statement - OwnerID = OwnerID.toLowerCase() + "@gmail.com": null

2018-11-28 12:05:45 - [TEST_STEP][PASSED] - Statement - println(OwnerID): null

2018-11-28 12:05:45 - [TEST_STEP][PASSED] - delay: Delayed 2 second(s)

2018-11-28 12:05:47 - [MESSAGE][PASSED] - Delayed 2 second(s)

2018-11-28 12:05:47 - [MESSAGE][PASSED] - Call Test Case 'Test Cases/Final Aug 2018 - PKS Automation/Common/Workflow Owner Finder' successfully

2018-11-28 12:05:47 - [TEST_STEP][PASSED] - delay: Delayed 1 second(s)

2018-11-28 12:05:48 - [MESSAGE][PASSED] - Delayed 1 second(s)

2018-11-28 12:05:48 - [TEST_STEP][PASSED] - navigateToUrl: Navigate to 'https://assist2-uat.perkeso.gov.my/c/portal/logout' successfully

2018-11-28 12:05:49 - [MESSAGE][PASSED] - Navigate to 'https://assist2-uat.perkeso.gov.my/c/portal/logout' successfully

2018-11-28 12:05:49 - [TEST_STEP][PASSED] - delay: Delayed 1 second(s)

2018-11-28 12:05:50 - [MESSAGE][PASSED] - Delayed 1 second(s)

2018-11-28 12:05:50 - [TEST_STEP][PASSED] - callTestCase: Call Test Case 'Test Cases/Final Aug 2018 - PKS Automation/Registration Module/Workflow/Login and Search Case For Workflow' successfully

2018-11-28 12:05:50 - [TEST_CASE][PASSED] - Test Cases/Final Aug 2018 - PKS Automation/Registration Module/Workflow/Login and Search Case For Workflow: Test Cases/Final Aug 2018 - PKS Automation/Registration Module/Workflow/Login and Search Case For Workflow

2018-11-28 12:05:50 - [TEST_STEP][PASSED] - navigateToUrl: Navigate to 'https://assist2-uat.perkeso.gov.my/login' successfully

2018-11-28 12:05:51 - [MESSAGE][PASSED] - Navigate to 'https://assist2-uat.perkeso.gov.my/login' successfully

2018-11-28 12:05:51 - [TEST_STEP][PASSED] - setText: Text 'johoruo1@gmail.com' is set on object 'Object Repository/Final Object Repo/Login Page/Internal User/Email Address'

2018-11-28 12:05:51 - [MESSAGE][PASSED] - Text 'johoruo1@gmail.com' is set on object 'Object Repository/Final Object Repo/Login Page/Internal User/Email Address'

2018-11-28 12:05:51 - [TEST_STEP][PASSED] - click: Object: 'Object Repository/Final Object Repo/Login Page/Internal User/Next Button' is clicked on

2018-11-28 12:05:51 - [MESSAGE][PASSED] - Object: 'Object Repository/Final Object Repo/Login Page/Internal User/Next Button' is clicked on

2018-11-28 12:05:51 - [TEST_STEP][PASSED] - delay: Delayed 1 second(s)

2018-11-28 12:05:52 - [MESSAGE][PASSED] - Delayed 1 second(s)

2018-11-28 12:05:52 - [TEST_STEP][PASSED] - setEncryptedText: Text ****** has been set on object 'Object Repository/Final Object Repo/Login Page/Internal User/Password'

2018-11-28 12:05:52 - [MESSAGE][PASSED] - Text ****** has been set on object 'Object Repository/Final Object Repo/Login Page/Internal User/Password'

2018-11-28 12:05:52 - [TEST_STEP][PASSED] - click: Object: 'Object Repository/Final Object Repo/Login Page/Internal User/Login Button' is clicked on

2018-11-28 12:05:53 - [MESSAGE][PASSED] - Object: 'Object Repository/Final Object Repo/Login Page/Internal User/Login Button' is clicked on

2018-11-28 12:05:53 - [TEST_STEP][PASSED] - delay: Delayed 2 second(s)

2018-11-28 12:05:55 - [MESSAGE][PASSED] - Delayed 2 second(s)

2018-11-28 12:05:55 - [TEST_STEP][PASSED] - Statement - Try: Delayed 2 second(s)

2018-11-28 12:05:55 - [TEST_STEP][PASSED] - Statement - Checker = false: null

2018-11-28 12:05:55 - [TEST_STEP][PASSED] - Statement - Checker = com.kms.katalon.core.webui.keyword.WebUiBuiltInKeywords.verifyElementHasAttribute(com.kms.katalon.core.testobject.ObjectRepository.findTestObject(Final Object Repo/Landing Page/BM Detecting), "href", 20, OPTIONAL): Object 'Object Repository/Final Object Repo/Landing Page/BM Detecting' has attribute 'href'

2018-11-28 12:05:55 - [MESSAGE][PASSED] - Object 'Object Repository/Final Object Repo/Landing Page/BM Detecting' has attribute 'href'

2018-11-28 12:05:55 - [TEST_STEP][PASSED] - Statement - out.println(Checker): null

2018-11-28 12:05:55 - [TEST_STEP][PASSED] - Statement - If (Checker == false): null

2018-11-28 12:05:55 - [TEST_STEP][PASSED] - Statement - Else: null

2018-11-28 12:05:55 - [TEST_STEP][PASSED] - delay: Delayed 2 second(s)

2018-11-28 12:05:57 - [MESSAGE][PASSED] - Delayed 2 second(s)

2018-11-28 12:05:57 - [TEST_STEP][PASSED] - click: Object: 'Object Repository/Final Object Repo/Page_MyASSIST - ASSIST - Search Pending Case For Add Supporting Document/Search Information' is clicked on

2018-11-28 12:05:57 - [MESSAGE][PASSED] - Object: 'Object Repository/Final Object Repo/Page_MyASSIST - ASSIST - Search Pending Case For Add Supporting Document/Search Information' is clicked on

2018-11-28 12:05:57 - [TEST_STEP][PASSED] - delay: Delayed 3 second(s)

2018-11-28 12:06:00 - [MESSAGE][PASSED] - Delayed 3 second(s)

2018-11-28 12:06:00 - [TEST_STEP][PASSED] - sendKeys: Keys 'CUN112018C200001668' sent to object: 'Object Repository/Final Object Repo/Page_MyASSIST - ASSIST - Search Pending Case For Add Supporting Document/Reference No'

2018-11-28 12:06:00 - [MESSAGE][PASSED] - Keys 'CUN112018C200001668' sent to object: 'Object Repository/Final Object Repo/Page_MyASSIST - ASSIST - Search Pending Case For Add Supporting Document/Reference No'

2018-11-28 12:06:00 - [TEST_STEP][PASSED] - click: Object: 'Object Repository/Final Object Repo/Page_MyASSIST - ASSIST - Search Pending Case For Add Supporting Document/Search Reference No' is clicked on

2018-11-28 12:06:00 - [MESSAGE][PASSED] - Object: 'Object Repository/Final Object Repo/Page_MyASSIST - ASSIST - Search Pending Case For Add Supporting Document/Search Reference No' is clicked on

2018-11-28 12:06:00 - [TEST_STEP][PASSED] - delay: Delayed 2 second(s)

2018-11-28 12:06:02 - [MESSAGE][PASSED] - Delayed 2 second(s)

2018-11-28 12:06:02 - [TEST_STEP][PASSED] - click: Object: 'Object Repository/Final Object Repo/Page_MyASSIST - ASSIST - Search Pending Case For Add Supporting Document/Continue' is clicked on

2018-11-28 12:06:06 - [MESSAGE][PASSED] - Object: 'Object Repository/Final Object Repo/Page_MyASSIST - ASSIST - Search Pending Case For Add Supporting Document/Continue' is clicked on

2018-11-28 12:06:06 - [TEST_STEP][PASSED] - delay: Delayed 20 second(s)

2018-11-28 12:06:26 - [MESSAGE][PASSED] - Delayed 20 second(s)

2018-11-28 12:06:26 - [MESSAGE][PASSED] - Call Test Case 'Test Cases/Final Aug 2018 - PKS Automation/Registration Module/Workflow/Login and Search Case For Workflow' successfully

2018-11-28 12:06:26 - [TEST_STEP][PASSED] - click: Object: 'Object Repository/Final Object Repo/Page_Form 1A - Cessation As Employer/Page_Form 1A - Cessation As Employer (Approve)/Save  Continue in Form 1A Page' is clicked on

2018-11-28 12:06:26 - [MESSAGE][PASSED] - Object: 'Object Repository/Final Object Repo/Page_Form 1A - Cessation As Employer/Page_Form 1A - Cessation As Employer (Approve)/Save  Continue in Form 1A Page' is clicked on

2018-11-28 12:06:26 - [TEST_STEP][PASSED] - delay: Delayed 2 second(s)

2018-11-28 12:06:28 - [MESSAGE][PASSED] - Delayed 2 second(s)

2018-11-28 12:06:28 - [TEST_STEP][PASSED] - click: Object: 'Object Repository/Final Object Repo/Page_Form 1A - Cessation As Employer/Employment Resign Date' is clicked on

2018-11-28 12:06:28 - [MESSAGE][PASSED] - Object: 'Object Repository/Final Object Repo/Page_Form 1A - Cessation As Employer/Employment Resign Date' is clicked on

2018-11-28 12:06:28 - [TEST_STEP][PASSED] - delay: Delayed 1 second(s)

2018-11-28 12:06:29 - [MESSAGE][PASSED] - Delayed 1 second(s)

2018-11-28 12:06:29 - [TEST_STEP][PASSED] - selectOptionByValue: All options with value '2030' are selected in object 'Object Repository/Final Object Repo/Page_Form 1A - Cessation As Employer/Employment Resign Date - Year' 

2018-11-28 12:06:30 - [MESSAGE][PASSED] - All options with value '2030' are selected in object 'Object Repository/Final Object Repo/Page_Form 1A - Cessation As Employer/Employment Resign Date - Year' 

2018-11-28 12:06:30 - [TEST_STEP][PASSED] - delay: Delayed 1 second(s)

2018-11-28 12:06:31 - [MESSAGE][PASSED] - Delayed 1 second(s)

2018-11-28 12:06:31 - [TEST_STEP][PASSED] - click: Object: 'Object Repository/Final Object Repo/Page_Form 1A - Cessation As Employer/Employment Resign Date - Year - Date' is clicked on

2018-11-28 12:06:31 - [MESSAGE][PASSED] - Object: 'Object Repository/Final Object Repo/Page_Form 1A - Cessation As Employer/Employment Resign Date - Year - Date' is clicked on

2018-11-28 12:06:31 - [TEST_STEP][PASSED] - delay: Delayed 2 second(s)

2018-11-28 12:06:33 - [MESSAGE][PASSED] - Delayed 2 second(s)

2018-11-28 12:06:33 - [TEST_STEP][PASSED] - click: Object: 'Object Repository/Final Object Repo/Page_Form 1A - Cessation As Employer/Page_Form 1A - Cessation As Employer (Approve)/Save  Continue in Update Add Employee Resigned Date Page' is clicked on

2018-11-28 12:06:33 - [MESSAGE][PASSED] - Object: 'Object Repository/Final Object Repo/Page_Form 1A - Cessation As Employer/Page_Form 1A - Cessation As Employer (Approve)/Save  Continue in Update Add Employee Resigned Date Page' is clicked on

2018-11-28 12:06:33 - [TEST_STEP][PASSED] - delay: Delayed 2 second(s)

2018-11-28 12:06:35 - [MESSAGE][PASSED] - Delayed 2 second(s)

2018-11-28 12:06:35 - [TEST_STEP][PASSED] - click: Object: 'Object Repository/Final Object Repo/Page_Form 1A - Cessation As Employer/Set Latest - Yes' is clicked on

2018-11-28 12:06:35 - [MESSAGE][PASSED] - Object: 'Object Repository/Final Object Repo/Page_Form 1A - Cessation As Employer/Set Latest - Yes' is clicked on

2018-11-28 12:06:35 - [TEST_STEP][PASSED] - delay: Delayed 2 second(s)

2018-11-28 12:06:37 - [MESSAGE][PASSED] - Delayed 2 second(s)

2018-11-28 12:06:37 - [TEST_STEP][PASSED] - setText: Text 'remark' is set on object 'Object Repository/Final Object Repo/Page_Form 1A - Cessation As Employer/Page_Form 1A - Cessation As Employer (Query)/Query - remark'

2018-11-28 12:06:38 - [MESSAGE][PASSED] - Text 'remark' is set on object 'Object Repository/Final Object Repo/Page_Form 1A - Cessation As Employer/Page_Form 1A - Cessation As Employer (Query)/Query - remark'

2018-11-28 12:06:38 - [TEST_STEP][PASSED] - delay: Delayed 2 second(s)

2018-11-28 12:06:40 - [MESSAGE][PASSED] - Delayed 2 second(s)

2018-11-28 12:06:40 - [TEST_STEP][PASSED] - click: Object: 'Object Repository/Final Object Repo/Page_Form 1A - Cessation As Employer/Page_Form 1A - Cessation As Employer (Approve)/Save  Contine in Uploading Document Page' is clicked on

2018-11-28 12:06:41 - [MESSAGE][PASSED] - Object: 'Object Repository/Final Object Repo/Page_Form 1A - Cessation As Employer/Page_Form 1A - Cessation As Employer (Approve)/Save  Contine in Uploading Document Page' is clicked on

2018-11-28 12:06:41 - [TEST_STEP][PASSED] - delay: Delayed 2 second(s)

2018-11-28 12:06:43 - [MESSAGE][PASSED] - Delayed 2 second(s)

2018-11-28 12:06:43 - [TEST_STEP][PASSED] - click: Object: 'Object Repository/Final Object Repo/Page_Form 1A - Cessation As Employer/Page_Form 1A - Cessation As Employer (Query)/Query' is clicked on

2018-11-28 12:06:46 - [MESSAGE][PASSED] - Object: 'Object Repository/Final Object Repo/Page_Form 1A - Cessation As Employer/Page_Form 1A - Cessation As Employer (Query)/Query' is clicked on

2018-11-28 12:06:46 - [TEST_STEP][PASSED] - delay: Delayed 2 second(s)

2018-11-28 12:06:48 - [MESSAGE][PASSED] - Delayed 2 second(s)

2018-11-28 12:06:48 - [TEST_STEP][PASSED] - click: Object: 'Object Repository/Final Object Repo/Page_Form 1A - Cessation As Employer/Page_Form 1A - Cessation As Employer (Query)/Confirm' is clicked on

2018-11-28 12:06:55 - [MESSAGE][PASSED] - Object: 'Object Repository/Final Object Repo/Page_Form 1A - Cessation As Employer/Page_Form 1A - Cessation As Employer (Query)/Confirm' is clicked on

2018-11-28 12:06:55 - [TEST_STEP][PASSED] - delay: Delayed 2 second(s)

2018-11-28 12:06:57 - [MESSAGE][PASSED] - Delayed 2 second(s)

2018-11-28 12:06:57 - [TEST_STEP][PASSED] - verifyElementVisible: Object 'Object Repository/Final Object Repo/Page_Form 1A - Cessation As Employer/Page_Form 1A - Cessation As Employer (Query)/MessageThe Case Is Under Query' is visible

2018-11-28 12:06:57 - [MESSAGE][PASSED] - Object 'Object Repository/Final Object Repo/Page_Form 1A - Cessation As Employer/Page_Form 1A - Cessation As Employer (Query)/MessageThe Case Is Under Query' is visible

2018-11-28 12:06:57 - [TEST_STEP][PASSED] - delay: Delayed 1 second(s)

2018-11-28 12:06:58 - [MESSAGE][PASSED] - Delayed 1 second(s)

2018-11-28 12:06:58 - [TEST_STEP][PASSED] - verifyElementVisible: Object 'Object Repository/Final Object Repo/Page_Form 1A - Cessation As Employer/Page_Form 1A - Cessation As Employer (Query)/Letter of inquiry' is visible

2018-11-28 12:06:58 - [MESSAGE][PASSED] - Object 'Object Repository/Final Object Repo/Page_Form 1A - Cessation As Employer/Page_Form 1A - Cessation As Employer (Query)/Letter of inquiry' is visible

2018-11-28 12:06:58 - [TEST_STEP][PASSED] - delay: Delayed 1 second(s)

2018-11-28 12:06:59 - [MESSAGE][PASSED] - Delayed 1 second(s)

2018-11-28 12:06:59 - [TEST_STEP][PASSED] - navigateToUrl: Navigate to 'https://assist2-uat.perkeso.gov.my/c/portal/logout' successfully

2018-11-28 12:07:00 - [MESSAGE][PASSED] - Navigate to 'https://assist2-uat.perkeso.gov.my/c/portal/logout' successfully

2018-11-28 12:07:00 - [TEST_STEP][PASSED] - delay: Delayed 1 second(s)

2018-11-28 12:07:01 - [MESSAGE][PASSED] - Delayed 1 second(s)

2018-11-28 12:07:01 - [TEST_STEP][PASSED] - callTestCase: Call Test Case 'Test Cases/Final Aug 2018 - PKS Automation/Registration Module/Workflow/Search Pending Case For Add Supporting Document (OTC)' successfully

2018-11-28 12:07:01 - [TEST_CASE][PASSED] - Test Cases/Final Aug 2018 - PKS Automation/Registration Module/Workflow/Search Pending Case For Add Supporting Document (OTC): Test Cases/Final Aug 2018 - PKS Automation/Registration Module/Workflow/Search Pending Case For Add Supporting Document (OTC)

2018-11-28 12:07:01 - [TEST_STEP][PASSED] - openBrowser: Browser is opened with url: ''

2018-11-28 12:07:01 - [MESSAGE][WARNING] - A browser is already opened. Closing browser and opening a new one

2018-11-28 12:07:04 - [MESSAGE][PASSED] - Browser is opened with url: ''

2018-11-28 12:07:04 - [TEST_STEP][PASSED] - navigateToUrl: Navigate to 'https://assist2-uat.perkeso.gov.my/login' successfully

2018-11-28 12:07:05 - [MESSAGE][PASSED] - Navigate to 'https://assist2-uat.perkeso.gov.my/login' successfully

2018-11-28 12:07:05 - [TEST_STEP][PASSED] - setText: Text 'johorotc1@gmail.com' is set on object 'Object Repository/Final Object Repo/Login Page/Internal User/Email Address'

2018-11-28 12:07:05 - [MESSAGE][PASSED] - Text 'johorotc1@gmail.com' is set on object 'Object Repository/Final Object Repo/Login Page/Internal User/Email Address'

2018-11-28 12:07:05 - [TEST_STEP][PASSED] - click: Object: 'Object Repository/Final Object Repo/Login Page/Internal User/Next Button' is clicked on

2018-11-28 12:07:06 - [MESSAGE][PASSED] - Object: 'Object Repository/Final Object Repo/Login Page/Internal User/Next Button' is clicked on

2018-11-28 12:07:06 - [TEST_STEP][PASSED] - delay: Delayed 1 second(s)

2018-11-28 12:07:07 - [MESSAGE][PASSED] - Delayed 1 second(s)

2018-11-28 12:07:07 - [TEST_STEP][PASSED] - setEncryptedText: Text ****** has been set on object 'Object Repository/Final Object Repo/Login Page/Internal User/Password'

2018-11-28 12:07:07 - [MESSAGE][PASSED] - Text ****** has been set on object 'Object Repository/Final Object Repo/Login Page/Internal User/Password'

2018-11-28 12:07:07 - [TEST_STEP][PASSED] - click: Object: 'Object Repository/Final Object Repo/Login Page/Internal User/Login Button' is clicked on

2018-11-28 12:07:07 - [MESSAGE][PASSED] - Object: 'Object Repository/Final Object Repo/Login Page/Internal User/Login Button' is clicked on

2018-11-28 12:07:07 - [TEST_STEP][PASSED] - delay: Delayed 1 second(s)

2018-11-28 12:07:08 - [MESSAGE][PASSED] - Delayed 1 second(s)

2018-11-28 12:07:08 - [TEST_STEP][PASSED] - Statement - Try: Delayed 2 second(s)

2018-11-28 12:07:08 - [TEST_STEP][PASSED] - Statement - Checker = false: null

2018-11-28 12:07:08 - [TEST_STEP][PASSED] - Statement - Checker = com.kms.katalon.core.webui.keyword.WebUiBuiltInKeywords.verifyElementHasAttribute(com.kms.katalon.core.testobject.ObjectRepository.findTestObject(Final Object Repo/Landing Page/BM Detecting), "href", 20, OPTIONAL): Object 'Object Repository/Final Object Repo/Landing Page/BM Detecting' has attribute 'href'

2018-11-28 12:07:09 - [MESSAGE][PASSED] - Object 'Object Repository/Final Object Repo/Landing Page/BM Detecting' has attribute 'href'

2018-11-28 12:07:09 - [TEST_STEP][PASSED] - Statement - out.println(Checker): null

2018-11-28 12:07:09 - [TEST_STEP][PASSED] - Statement - If (Checker == false): null

2018-11-28 12:07:09 - [TEST_STEP][PASSED] - Statement - Else: null

2018-11-28 12:07:09 - [TEST_STEP][PASSED] - delay: Delayed 2 second(s)

2018-11-28 12:07:11 - [MESSAGE][PASSED] - Delayed 2 second(s)

2018-11-28 12:07:11 - [TEST_STEP][PASSED] - navigateToUrl: Navigate to 'https://assist2-uat.perkeso.gov.my/web/registration/search/search-pending-case-for-add-supporting-document' successfully

2018-11-28 12:07:12 - [MESSAGE][PASSED] - Navigate to 'https://assist2-uat.perkeso.gov.my/web/registration/search/search-pending-case-for-add-supporting-document' successfully

2018-11-28 12:07:12 - [TEST_STEP][PASSED] - click: Object: 'Object Repository/Final Object Repo/Page_Search Pending Case For Add Suporting Document/Search By' is clicked on

2018-11-28 12:07:12 - [MESSAGE][PASSED] - Object: 'Object Repository/Final Object Repo/Page_Search Pending Case For Add Suporting Document/Search By' is clicked on

2018-11-28 12:07:12 - [TEST_STEP][PASSED] - click: Object: 'Object Repository/Final Object Repo/Page_Search Pending Case For Add Suporting Document/Search By - Reference ID' is clicked on

2018-11-28 12:07:12 - [MESSAGE][PASSED] - Object: 'Object Repository/Final Object Repo/Page_Search Pending Case For Add Suporting Document/Search By - Reference ID' is clicked on

2018-11-28 12:07:12 - [TEST_STEP][PASSED] - delay: Delayed 2 second(s)

2018-11-28 12:07:14 - [MESSAGE][PASSED] - Delayed 2 second(s)

2018-11-28 12:07:14 - [TEST_STEP][PASSED] - setText: Text 'CUN112018C200001668' is set on object 'Object Repository/Final Object Repo/Page_Search Pending Case For Add Suporting Document/Reference ID'

2018-11-28 12:07:15 - [MESSAGE][PASSED] - Text 'CUN112018C200001668' is set on object 'Object Repository/Final Object Repo/Page_Search Pending Case For Add Suporting Document/Reference ID'

2018-11-28 12:07:15 - [TEST_STEP][PASSED] - click: Object: 'Object Repository/Final Object Repo/Page_Search Pending Case For Add Suporting Document/Search' is clicked on

2018-11-28 12:07:15 - [MESSAGE][PASSED] - Object: 'Object Repository/Final Object Repo/Page_Search Pending Case For Add Suporting Document/Search' is clicked on

2018-11-28 12:07:15 - [TEST_STEP][PASSED] - delay: Delayed 2 second(s)

2018-11-28 12:07:17 - [MESSAGE][PASSED] - Delayed 2 second(s)

2018-11-28 12:07:17 - [TEST_STEP][PASSED] - click: Object: 'Object Repository/Final Object Repo/Page_Search Pending Case For Add Suporting Document/Edit' is clicked on

2018-11-28 12:07:20 - [MESSAGE][PASSED] - Object: 'Object Repository/Final Object Repo/Page_Search Pending Case For Add Suporting Document/Edit' is clicked on

2018-11-28 12:07:20 - [MESSAGE][PASSED] - Call Test Case 'Test Cases/Final Aug 2018 - PKS Automation/Registration Module/Workflow/Search Pending Case For Add Supporting Document (OTC)' successfully

2018-11-28 12:07:20 - [TEST_STEP][PASSED] - click: Object: 'Object Repository/Final Object Repo/Page_Form 1A - Cessation As Employer/Page_Form 1A - Cessation As Employer (Query -OTC -UO)/Next in Form 1A Page' is clicked on

2018-11-28 12:07:21 - [MESSAGE][PASSED] - Object: 'Object Repository/Final Object Repo/Page_Form 1A - Cessation As Employer/Page_Form 1A - Cessation As Employer (Query -OTC -UO)/Next in Form 1A Page' is clicked on

2018-11-28 12:07:21 - [TEST_STEP][PASSED] - delay: Delayed 2 second(s)

2018-11-28 12:07:23 - [MESSAGE][PASSED] - Delayed 2 second(s)

2018-11-28 12:07:23 - [TEST_STEP][PASSED] - click: Object: 'Object Repository/Final Object Repo/Page_Form 1A - Cessation As Employer/Page_Form 1A - Cessation As Employer (Query -OTC -UO)/Next in Resigned Date Page' is clicked on

2018-11-28 12:07:27 - [MESSAGE][PASSED] - Object: 'Object Repository/Final Object Repo/Page_Form 1A - Cessation As Employer/Page_Form 1A - Cessation As Employer (Query -OTC -UO)/Next in Resigned Date Page' is clicked on

2018-11-28 12:07:27 - [TEST_STEP][PASSED] - delay: Delayed 2 second(s)

2018-11-28 12:07:29 - [MESSAGE][PASSED] - Delayed 2 second(s)

2018-11-28 12:07:29 - [TEST_STEP][PASSED] - click: Object: 'Object Repository/Final Object Repo/Page_Form 1A - Cessation As Employer/Page_Form 1A - Cessation As Employer (Query -OTC -UO)/Add Document' is clicked on

2018-11-28 12:07:29 - [MESSAGE][PASSED] - Object: 'Object Repository/Final Object Repo/Page_Form 1A - Cessation As Employer/Page_Form 1A - Cessation As Employer (Query -OTC -UO)/Add Document' is clicked on

2018-11-28 12:07:29 - [TEST_STEP][PASSED] - delay: Delayed 2 second(s)

2018-11-28 12:07:31 - [MESSAGE][PASSED] - Delayed 2 second(s)

2018-11-28 12:07:31 - [TEST_STEP][PASSED] - click: Object: 'Object Repository/Final Object Repo/Page_Form 1A - Cessation As Employer/Page_Form 1A - Cessation As Employer (Query -OTC -UO)/Document Type' is clicked on

2018-11-28 12:07:32 - [MESSAGE][PASSED] - Object: 'Object Repository/Final Object Repo/Page_Form 1A - Cessation As Employer/Page_Form 1A - Cessation As Employer (Query -OTC -UO)/Document Type' is clicked on

2018-11-28 12:07:32 - [TEST_STEP][PASSED] - click: Object: 'Object Repository/Final Object Repo/Page_Form 1A - Cessation As Employer/Page_Form 1A - Cessation As Employer (Query -OTC -UO)/Document Type - Others' is clicked on

2018-11-28 12:07:32 - [MESSAGE][PASSED] - Object: 'Object Repository/Final Object Repo/Page_Form 1A - Cessation As Employer/Page_Form 1A - Cessation As Employer (Query -OTC -UO)/Document Type - Others' is clicked on

2018-11-28 12:07:32 - [TEST_STEP][PASSED] - delay: Delayed 2 second(s)

2018-11-28 12:07:34 - [MESSAGE][PASSED] - Delayed 2 second(s)

2018-11-28 12:07:34 - [TEST_STEP][PASSED] - sendKeys: Keys 'C:\Users\Public\Pictures\Sample Pictures\Koala.jpg' sent to object: 'Object Repository/Final Object Repo/Page_Form 1A - Cessation As Employer/Uploading File'

2018-11-28 12:07:35 - [MESSAGE][PASSED] - Keys 'C:\Users\Public\Pictures\Sample Pictures\Koala.jpg' sent to object: 'Object Repository/Final Object Repo/Page_Form 1A - Cessation As Employer/Uploading File'

2018-11-28 12:07:35 - [TEST_STEP][PASSED] - delay: Delayed 2 second(s)

2018-11-28 12:07:37 - [MESSAGE][PASSED] - Delayed 2 second(s)

2018-11-28 12:07:37 - [TEST_STEP][PASSED] - click: Object: 'Object Repository/Final Object Repo/Page_Form 1A - Cessation As Employer/Page_Form 1A - Cessation As Employer (Query -OTC -UO)/Add Document in Uploading Page' is clicked on

2018-11-28 12:07:37 - [MESSAGE][PASSED] - Object: 'Object Repository/Final Object Repo/Page_Form 1A - Cessation As Employer/Page_Form 1A - Cessation As Employer (Query -OTC -UO)/Add Document in Uploading Page' is clicked on

2018-11-28 12:07:37 - [TEST_STEP][PASSED] - delay: Delayed 4 second(s)

2018-11-28 12:07:41 - [MESSAGE][PASSED] - Delayed 4 second(s)

2018-11-28 12:07:41 - [TEST_STEP][PASSED] - click: Object: 'Object Repository/Final Object Repo/Page_Form 1A - Cessation As Employer/Page_Form 1A - Cessation As Employer (Query -OTC -UO)/Exit' is clicked on

2018-11-28 12:07:42 - [MESSAGE][PASSED] - Object: 'Object Repository/Final Object Repo/Page_Form 1A - Cessation As Employer/Page_Form 1A - Cessation As Employer (Query -OTC -UO)/Exit' is clicked on

2018-11-28 12:07:42 - [TEST_STEP][PASSED] - delay: Delayed 1 second(s)

2018-11-28 12:07:43 - [MESSAGE][PASSED] - Delayed 1 second(s)

2018-11-28 12:07:43 - [TEST_STEP][PASSED] - navigateToUrl: Navigate to 'https://assist2-uat.perkeso.gov.my/c/portal/logout' successfully

2018-11-28 12:07:44 - [MESSAGE][PASSED] - Navigate to 'https://assist2-uat.perkeso.gov.my/c/portal/logout' successfully

2018-11-28 12:07:44 - [TEST_STEP][PASSED] - delay: Delayed 1 second(s)

2018-11-28 12:07:45 - [MESSAGE][PASSED] - Delayed 1 second(s)

2018-11-28 12:07:45 - [TEST_STEP][PASSED] - callTestCase: Call Test Case 'Test Cases/Final Aug 2018 - PKS Automation/Registration Module/Workflow/Login and Search Case For Workflow' successfully

2018-11-28 12:07:45 - [TEST_CASE][PASSED] - Test Cases/Final Aug 2018 - PKS Automation/Registration Module/Workflow/Login and Search Case For Workflow: Test Cases/Final Aug 2018 - PKS Automation/Registration Module/Workflow/Login and Search Case For Workflow

2018-11-28 12:07:45 - [TEST_STEP][PASSED] - navigateToUrl: Navigate to 'https://assist2-uat.perkeso.gov.my/login' successfully

2018-11-28 12:07:45 - [MESSAGE][PASSED] - Navigate to 'https://assist2-uat.perkeso.gov.my/login' successfully

2018-11-28 12:07:45 - [TEST_STEP][PASSED] - setText: Text 'johoruo1@gmail.com' is set on object 'Object Repository/Final Object Repo/Login Page/Internal User/Email Address'

2018-11-28 12:07:45 - [MESSAGE][PASSED] - Text 'johoruo1@gmail.com' is set on object 'Object Repository/Final Object Repo/Login Page/Internal User/Email Address'

2018-11-28 12:07:45 - [TEST_STEP][PASSED] - click: Object: 'Object Repository/Final Object Repo/Login Page/Internal User/Next Button' is clicked on

2018-11-28 12:07:46 - [MESSAGE][PASSED] - Object: 'Object Repository/Final Object Repo/Login Page/Internal User/Next Button' is clicked on

2018-11-28 12:07:46 - [TEST_STEP][PASSED] - delay: Delayed 1 second(s)

2018-11-28 12:07:47 - [MESSAGE][PASSED] - Delayed 1 second(s)

2018-11-28 12:07:47 - [TEST_STEP][PASSED] - setEncryptedText: Text ****** has been set on object 'Object Repository/Final Object Repo/Login Page/Internal User/Password'

2018-11-28 12:07:47 - [MESSAGE][PASSED] - Text ****** has been set on object 'Object Repository/Final Object Repo/Login Page/Internal User/Password'

2018-11-28 12:07:47 - [TEST_STEP][PASSED] - click: Object: 'Object Repository/Final Object Repo/Login Page/Internal User/Login Button' is clicked on

2018-11-28 12:07:47 - [MESSAGE][PASSED] - Object: 'Object Repository/Final Object Repo/Login Page/Internal User/Login Button' is clicked on

2018-11-28 12:07:47 - [TEST_STEP][PASSED] - delay: Delayed 2 second(s)

2018-11-28 12:07:49 - [MESSAGE][PASSED] - Delayed 2 second(s)

2018-11-28 12:07:49 - [TEST_STEP][PASSED] - Statement - Try: Delayed 2 second(s)

2018-11-28 12:07:49 - [TEST_STEP][PASSED] - Statement - Checker = false: null

2018-11-28 12:07:49 - [TEST_STEP][PASSED] - Statement - Checker = com.kms.katalon.core.webui.keyword.WebUiBuiltInKeywords.verifyElementHasAttribute(com.kms.katalon.core.testobject.ObjectRepository.findTestObject(Final Object Repo/Landing Page/BM Detecting), "href", 20, OPTIONAL): Object 'Object Repository/Final Object Repo/Landing Page/BM Detecting' has attribute 'href'

2018-11-28 12:07:49 - [MESSAGE][PASSED] - Object 'Object Repository/Final Object Repo/Landing Page/BM Detecting' has attribute 'href'

2018-11-28 12:07:49 - [TEST_STEP][PASSED] - Statement - out.println(Checker): null

2018-11-28 12:07:49 - [TEST_STEP][PASSED] - Statement - If (Checker == false): null

2018-11-28 12:07:49 - [TEST_STEP][PASSED] - Statement - Else: null

2018-11-28 12:07:49 - [TEST_STEP][PASSED] - delay: Delayed 2 second(s)

2018-11-28 12:07:51 - [MESSAGE][PASSED] - Delayed 2 second(s)

2018-11-28 12:07:51 - [TEST_STEP][PASSED] - click: Object: 'Object Repository/Final Object Repo/Page_MyASSIST - ASSIST - Search Pending Case For Add Supporting Document/Search Information' is clicked on

2018-11-28 12:07:51 - [MESSAGE][PASSED] - Object: 'Object Repository/Final Object Repo/Page_MyASSIST - ASSIST - Search Pending Case For Add Supporting Document/Search Information' is clicked on

2018-11-28 12:07:51 - [TEST_STEP][PASSED] - delay: Delayed 3 second(s)

2018-11-28 12:07:54 - [MESSAGE][PASSED] - Delayed 3 second(s)

2018-11-28 12:07:54 - [TEST_STEP][PASSED] - sendKeys: Keys 'CUN112018C200001668' sent to object: 'Object Repository/Final Object Repo/Page_MyASSIST - ASSIST - Search Pending Case For Add Supporting Document/Reference No'

2018-11-28 12:07:55 - [MESSAGE][PASSED] - Keys 'CUN112018C200001668' sent to object: 'Object Repository/Final Object Repo/Page_MyASSIST - ASSIST - Search Pending Case For Add Supporting Document/Reference No'

2018-11-28 12:07:55 - [TEST_STEP][PASSED] - click: Object: 'Object Repository/Final Object Repo/Page_MyASSIST - ASSIST - Search Pending Case For Add Supporting Document/Search Reference No' is clicked on

2018-11-28 12:07:55 - [MESSAGE][PASSED] - Object: 'Object Repository/Final Object Repo/Page_MyASSIST - ASSIST - Search Pending Case For Add Supporting Document/Search Reference No' is clicked on

2018-11-28 12:07:55 - [TEST_STEP][PASSED] - delay: Delayed 2 second(s)

2018-11-28 12:07:57 - [MESSAGE][PASSED] - Delayed 2 second(s)

2018-11-28 12:07:57 - [TEST_STEP][PASSED] - click: Object: 'Object Repository/Final Object Repo/Page_MyASSIST - ASSIST - Search Pending Case For Add Supporting Document/Continue' is clicked on

2018-11-28 12:08:00 - [MESSAGE][PASSED] - Object: 'Object Repository/Final Object Repo/Page_MyASSIST - ASSIST - Search Pending Case For Add Supporting Document/Continue' is clicked on

2018-11-28 12:08:00 - [TEST_STEP][PASSED] - delay: Delayed 20 second(s)

2018-11-28 12:08:20 - [MESSAGE][PASSED] - Delayed 20 second(s)

2018-11-28 12:08:20 - [MESSAGE][PASSED] - Call Test Case 'Test Cases/Final Aug 2018 - PKS Automation/Registration Module/Workflow/Login and Search Case For Workflow' successfully

2018-11-28 12:08:20 - [TEST_STEP][PASSED] - click: Object: 'Object Repository/Final Object Repo/Page_Form 1A - Cessation As Employer/Page_Form 1A - Cessation As Employer (Approve)/Save  Continue in Form 1A Page' is clicked on

2018-11-28 12:08:20 - [MESSAGE][PASSED] - Object: 'Object Repository/Final Object Repo/Page_Form 1A - Cessation As Employer/Page_Form 1A - Cessation As Employer (Approve)/Save  Continue in Form 1A Page' is clicked on

2018-11-28 12:08:20 - [TEST_STEP][PASSED] - delay: Delayed 3 second(s)

2018-11-28 12:08:23 - [MESSAGE][PASSED] - Delayed 3 second(s)

2018-11-28 12:08:23 - [TEST_STEP][PASSED] - click: Object: 'Object Repository/Final Object Repo/Page_Form 1A - Cessation As Employer/Page_Form 1A - Cessation As Employer (Approve)/Save  Continue in Update Add Employee Resigned Date Page' is clicked on

2018-11-28 12:08:23 - [MESSAGE][PASSED] - Object: 'Object Repository/Final Object Repo/Page_Form 1A - Cessation As Employer/Page_Form 1A - Cessation As Employer (Approve)/Save  Continue in Update Add Employee Resigned Date Page' is clicked on

2018-11-28 12:08:23 - [TEST_STEP][PASSED] - delay: Delayed 3 second(s)

2018-11-28 12:08:26 - [MESSAGE][PASSED] - Delayed 3 second(s)

2018-11-28 12:08:26 - [TEST_STEP][PASSED] - click: Object: 'Object Repository/Final Object Repo/Page_Form 1A - Cessation As Employer/Page_Form 1A - Cessation As Employer (Approve)/Save  Contine in Uploading Document Page' is clicked on

2018-11-28 12:08:27 - [MESSAGE][PASSED] - Object: 'Object Repository/Final Object Repo/Page_Form 1A - Cessation As Employer/Page_Form 1A - Cessation As Employer (Approve)/Save  Contine in Uploading Document Page' is clicked on

2018-11-28 12:08:27 - [TEST_STEP][PASSED] - delay: Delayed 3 second(s)

2018-11-28 12:08:30 - [MESSAGE][PASSED] - Delayed 3 second(s)

2018-11-28 12:08:30 - [TEST_STEP][PASSED] - click: Object: 'Object Repository/Final Object Repo/Page_Form 1A - Cessation As Employer/Page_Form 1A - Cessation As Employer (Approve)/Approve' is clicked on

2018-11-28 12:08:32 - [MESSAGE][PASSED] - Object: 'Object Repository/Final Object Repo/Page_Form 1A - Cessation As Employer/Page_Form 1A - Cessation As Employer (Approve)/Approve' is clicked on

2018-11-28 12:08:32 - [TEST_STEP][PASSED] - delay: Delayed 2 second(s)

2018-11-28 12:08:34 - [MESSAGE][PASSED] - Delayed 2 second(s)

2018-11-28 12:08:34 - [TEST_STEP][PASSED] - click: Object: 'Object Repository/Final Object Repo/Page_Form 1A - Cessation As Employer/Confirm' is clicked on

2018-11-28 12:08:34 - [MESSAGE][PASSED] - Object: 'Object Repository/Final Object Repo/Page_Form 1A - Cessation As Employer/Confirm' is clicked on

2018-11-28 12:08:34 - [TEST_STEP][PASSED] - delay: Delayed 2 second(s)

2018-11-28 12:08:36 - [MESSAGE][PASSED] - Delayed 2 second(s)

2018-11-28 12:08:36 - [TEST_STEP][PASSED] - click: Object: 'Object Repository/Final Object Repo/Page_Form 1A - Cessation As Employer/Page_Form 1A - Cessation As Employer (Approve)/Message Your Request    Form 1A ' is clicked on

2018-11-28 12:08:44 - [MESSAGE][PASSED] - Object: 'Object Repository/Final Object Repo/Page_Form 1A - Cessation As Employer/Page_Form 1A - Cessation As Employer (Approve)/Message Your Request    Form 1A ' is clicked on

2018-11-28 12:08:44 - [TEST_STEP][PASSED] - delay: Delayed 2 second(s)

2018-11-28 12:08:46 - [MESSAGE][PASSED] - Delayed 2 second(s)

2018-11-28 12:08:46 - [TEST_STEP][PASSED] - click: Object: 'Object Repository/Final Object Repo/Page_Form 1A - Cessation As Employer/Page_Form 1A - Cessation As Employer (Approve)/Letter of successful update' is clicked on

2018-11-28 12:08:47 - [MESSAGE][PASSED] - Object: 'Object Repository/Final Object Repo/Page_Form 1A - Cessation As Employer/Page_Form 1A - Cessation As Employer (Approve)/Letter of successful update' is clicked on

2018-11-28 12:08:47 - [MESSAGE][PASSED] - Call Test Case 'Test Cases/Final Aug 2018 - PKS Automation/Registration Module/Workflow/Form 1A - Cessation As Employer/Template/Form 1 A - Cessation As Employer (Query)' successfully]]></system-out>
         <system-err><![CDATA[]]></system-err>
      </testcase>
      <testcase name="Test Cases/Final Aug 2018 - PKS Automation/Registration Module/Workflow/Form 1A - Cessation As Employer/PKRBO to UO (Reject)" classname="Test Cases/Final Aug 2018 - PKS Automation/Registration Module/Workflow/Form 1A - Cessation As Employer/PKRBO to UO (Reject)" status="PASSED">
         <system-out><![CDATA[2018-11-28 12:08:47 - [TEST_CASE][PASSED] - Test Cases/Final Aug 2018 - PKS Automation/Registration Module/Workflow/Form 1A - Cessation As Employer/PKRBO to UO (Reject): Test Cases/Final Aug 2018 - PKS Automation/Registration Module/Workflow/Form 1A - Cessation As Employer/PKRBO to UO (Reject)

2018-11-28 12:08:47 - [TEST_STEP][PASSED] - callTestCase: Call Test Case 'Test Cases/Final Aug 2018 - PKS Automation/Registration Module/Workflow/Form 1A - Cessation As Employer/Template/Form 1 A - Cessation As Employer (PKRBO)' successfully

2018-11-28 12:08:47 - [TEST_CASE][PASSED] - Test Cases/Final Aug 2018 - PKS Automation/Registration Module/Workflow/Form 1A - Cessation As Employer/Template/Form 1 A - Cessation As Employer (PKRBO): Test Cases/Final Aug 2018 - PKS Automation/Registration Module/Workflow/Form 1A - Cessation As Employer/Template/Form 1 A - Cessation As Employer (PKRBO)

2018-11-28 12:08:47 - [TEST_STEP][PASSED] - openBrowser: Browser is opened with url: ''

2018-11-28 12:08:47 - [MESSAGE][WARNING] - A browser is already opened. Closing browser and opening a new one

2018-11-28 12:08:50 - [MESSAGE][PASSED] - Browser is opened with url: ''

2018-11-28 12:08:50 - [TEST_STEP][PASSED] - navigateToUrl: Navigate to 'https://assist2-uat.perkeso.gov.my/login' successfully

2018-11-28 12:08:51 - [MESSAGE][PASSED] - Navigate to 'https://assist2-uat.perkeso.gov.my/login' successfully

2018-11-28 12:08:51 - [TEST_STEP][PASSED] - setText: Text 'johorpkrbo1@gmail.com' is set on object 'Object Repository/Final Object Repo/Login Page/Internal User/Email Address'

2018-11-28 12:08:52 - [MESSAGE][PASSED] - Text 'johorpkrbo1@gmail.com' is set on object 'Object Repository/Final Object Repo/Login Page/Internal User/Email Address'

2018-11-28 12:08:52 - [TEST_STEP][PASSED] - click: Object: 'Object Repository/Final Object Repo/Login Page/Internal User/Next Button' is clicked on

2018-11-28 12:08:52 - [MESSAGE][PASSED] - Object: 'Object Repository/Final Object Repo/Login Page/Internal User/Next Button' is clicked on

2018-11-28 12:08:52 - [TEST_STEP][PASSED] - delay: Delayed 1 second(s)

2018-11-28 12:08:53 - [MESSAGE][PASSED] - Delayed 1 second(s)

2018-11-28 12:08:53 - [TEST_STEP][PASSED] - setEncryptedText: Text ****** has been set on object 'Object Repository/Final Object Repo/Login Page/Internal User/Password'

2018-11-28 12:08:53 - [MESSAGE][PASSED] - Text ****** has been set on object 'Object Repository/Final Object Repo/Login Page/Internal User/Password'

2018-11-28 12:08:53 - [TEST_STEP][PASSED] - click: Object: 'Object Repository/Final Object Repo/Login Page/Internal User/Login Button' is clicked on

2018-11-28 12:08:53 - [MESSAGE][PASSED] - Object: 'Object Repository/Final Object Repo/Login Page/Internal User/Login Button' is clicked on

2018-11-28 12:08:53 - [TEST_STEP][PASSED] - delay: Delayed 1 second(s)

2018-11-28 12:08:54 - [MESSAGE][PASSED] - Delayed 1 second(s)

2018-11-28 12:08:54 - [TEST_STEP][PASSED] - Statement - Try: Delayed 2 second(s)

2018-11-28 12:08:54 - [TEST_STEP][PASSED] - Statement - Checker = false: null

2018-11-28 12:08:54 - [TEST_STEP][PASSED] - Statement - Checker = com.kms.katalon.core.webui.keyword.WebUiBuiltInKeywords.verifyElementHasAttribute(com.kms.katalon.core.testobject.ObjectRepository.findTestObject(Final Object Repo/Landing Page/BM Detecting), "href", 20, OPTIONAL): Object 'Object Repository/Final Object Repo/Landing Page/BM Detecting' has attribute 'href'

2018-11-28 12:08:56 - [MESSAGE][PASSED] - Object 'Object Repository/Final Object Repo/Landing Page/BM Detecting' has attribute 'href'

2018-11-28 12:08:56 - [TEST_STEP][PASSED] - Statement - out.println(Checker): null

2018-11-28 12:08:56 - [TEST_STEP][PASSED] - Statement - If (Checker == false): null

2018-11-28 12:08:56 - [TEST_STEP][PASSED] - Statement - Else: null

2018-11-28 12:08:56 - [TEST_STEP][PASSED] - delay: Delayed 2 second(s)

2018-11-28 12:08:58 - [MESSAGE][PASSED] - Delayed 2 second(s)

2018-11-28 12:08:58 - [TEST_STEP][PASSED] - navigateToUrl: Navigate to 'https://assist2-uat.perkeso.gov.my/web/registration/update/form-1a-cessation-as-employer-discontinue-business-' successfully

2018-11-28 12:08:58 - [MESSAGE][PASSED] - Navigate to 'https://assist2-uat.perkeso.gov.my/web/registration/update/form-1a-cessation-as-employer-discontinue-business-' successfully

2018-11-28 12:08:58 - [TEST_STEP][PASSED] - setText: Text 'E1102069770Z' is set on object 'Object Repository/Final Object Repo/Page_Update Employer Information/Employer Code'

2018-11-28 12:08:59 - [MESSAGE][PASSED] - Text 'E1102069770Z' is set on object 'Object Repository/Final Object Repo/Page_Update Employer Information/Employer Code'

2018-11-28 12:08:59 - [TEST_STEP][PASSED] - click: Object: 'Object Repository/Final Object Repo/Page_Update Employer Information/Search Button' is clicked on

2018-11-28 12:08:59 - [MESSAGE][PASSED] - Object: 'Object Repository/Final Object Repo/Page_Update Employer Information/Search Button' is clicked on

2018-11-28 12:08:59 - [TEST_STEP][PASSED] - click: Object: 'Object Repository/Final Object Repo/Page_Update Employer Information/Edit Button' is clicked on

2018-11-28 12:09:01 - [MESSAGE][PASSED] - Object: 'Object Repository/Final Object Repo/Page_Update Employer Information/Edit Button' is clicked on

2018-11-28 12:09:01 - [TEST_STEP][PASSED] - Statement - abc = com.kms.katalon.core.webui.keyword.WebUiBuiltInKeywords.getAttribute(com.kms.katalon.core.testobject.ObjectRepository.findTestObject(Final Object Repo/Page_Form 1A - Cessation As Employer/Employer Status), "value"): Attribute 'value' of object 'Object Repository/Final Object Repo/Page_Form 1A - Cessation As Employer/Employer Status' is: 'Dormant'

2018-11-28 12:09:01 - [MESSAGE][PASSED] - Attribute 'value' of object 'Object Repository/Final Object Repo/Page_Form 1A - Cessation As Employer/Employer Status' is: 'Dormant'

2018-11-28 12:09:01 - [TEST_STEP][PASSED] - Statement - out.println(abc): null

2018-11-28 12:09:01 - [TEST_STEP][PASSED] - Statement - If (abc == "Active"): null

2018-11-28 12:09:01 - [TEST_STEP][PASSED] - Statement - Else If (abc == "Cancel"): null

2018-11-28 12:09:01 - [TEST_STEP][PASSED] - Statement - Else If (abc == "Dormant"): Object: 'Object Repository/Final Object Repo/Page_Form 1A - Cessation As Employer/Change Employer Status to - Dormant' is clicked on

2018-11-28 12:09:01 - [TEST_STEP][PASSED] - click: Object: 'Object Repository/Final Object Repo/Page_Form 1A - Cessation As Employer/Change Employer Status to' is clicked on

2018-11-28 12:09:02 - [MESSAGE][PASSED] - Object: 'Object Repository/Final Object Repo/Page_Form 1A - Cessation As Employer/Change Employer Status to' is clicked on

2018-11-28 12:09:02 - [TEST_STEP][PASSED] - click: Object: 'Object Repository/Final Object Repo/Page_Form 1A - Cessation As Employer/Change Employer Status to - Dormant' is clicked on

2018-11-28 12:09:02 - [MESSAGE][PASSED] - Object: 'Object Repository/Final Object Repo/Page_Form 1A - Cessation As Employer/Change Employer Status to - Dormant' is clicked on

2018-11-28 12:09:02 - [TEST_STEP][PASSED] - click: Object: 'Object Repository/Final Object Repo/Page_Form 1A - Cessation As Employer/Calender' is clicked on

2018-11-28 12:09:02 - [MESSAGE][PASSED] - Object: 'Object Repository/Final Object Repo/Page_Form 1A - Cessation As Employer/Calender' is clicked on

2018-11-28 12:09:02 - [TEST_STEP][PASSED] - click: Object: 'Object Repository/Final Object Repo/Page_Form 1A - Cessation As Employer/Calender - Date' is clicked on

2018-11-28 12:09:02 - [MESSAGE][PASSED] - Object: 'Object Repository/Final Object Repo/Page_Form 1A - Cessation As Employer/Calender - Date' is clicked on

2018-11-28 12:09:02 - [TEST_STEP][PASSED] - delay: Delayed 2 second(s)

2018-11-28 12:09:04 - [MESSAGE][PASSED] - Delayed 2 second(s)

2018-11-28 12:09:04 - [TEST_STEP][PASSED] - click: Object: 'Object Repository/Final Object Repo/Page_Form 1A - Cessation As Employer/Save  Continue in Form 1A Page' is clicked on

2018-11-28 12:09:05 - [MESSAGE][PASSED] - Object: 'Object Repository/Final Object Repo/Page_Form 1A - Cessation As Employer/Save  Continue in Form 1A Page' is clicked on

2018-11-28 12:09:05 - [TEST_STEP][PASSED] - delay: Delayed 2 second(s)

2018-11-28 12:09:07 - [MESSAGE][PASSED] - Delayed 2 second(s)

2018-11-28 12:09:07 - [TEST_STEP][PASSED] - click: Object: 'Object Repository/Final Object Repo/Page_Form 1A - Cessation As Employer/Employment Resign Date' is clicked on

2018-11-28 12:09:07 - [MESSAGE][PASSED] - Object: 'Object Repository/Final Object Repo/Page_Form 1A - Cessation As Employer/Employment Resign Date' is clicked on

2018-11-28 12:09:07 - [TEST_STEP][PASSED] - delay: Delayed 1 second(s)

2018-11-28 12:09:08 - [MESSAGE][PASSED] - Delayed 1 second(s)

2018-11-28 12:09:08 - [TEST_STEP][PASSED] - Statement - CaseReferenceNo = com.kms.katalon.core.webui.keyword.WebUiBuiltInKeywords.getText(com.kms.katalon.core.testobject.ObjectRepository.findTestObject(Final Object Repo/Page_Update Employer Information/Reference Number in Update Employee Information Page)): Text of object 'Object Repository/Final Object Repo/Page_Update Employer Information/Reference Number in Update Employee Information Page' is: 'CUN112018C200001669'

2018-11-28 12:09:08 - [MESSAGE][PASSED] - Text of object 'Object Repository/Final Object Repo/Page_Update Employer Information/Reference Number in Update Employee Information Page' is: 'CUN112018C200001669'

2018-11-28 12:09:08 - [TEST_STEP][PASSED] - Statement - out.println(CaseReferenceNo): null

2018-11-28 12:09:08 - [TEST_STEP][PASSED] - callTestCase: Call Test Case 'Test Cases/Final Aug 2018 - PKS Automation/Common/Reference Number Setter' successfully

2018-11-28 12:09:08 - [TEST_CASE][PASSED] - Test Cases/Final Aug 2018 - PKS Automation/Common/Reference Number Setter: Test Cases/Final Aug 2018 - PKS Automation/Common/Reference Number Setter

2018-11-28 12:09:08 - [TEST_STEP][PASSED] - Statement - RefNoOldFile = new java.io.File(C://Users//Admin//Desktop//PKS//Automation Reference Point//KatalonReference.txt): null

2018-11-28 12:09:08 - [TEST_STEP][PASSED] - Statement - RefNoOldFile.delete(): null

2018-11-28 12:09:08 - [TEST_STEP][PASSED] - delay: Delayed 5 second(s)

2018-11-28 12:09:13 - [MESSAGE][PASSED] - Delayed 5 second(s)

2018-11-28 12:09:13 - [TEST_STEP][PASSED] - Statement - RefNo = new java.io.File(C://Users//Admin//Desktop//PKS//Automation Reference Point//KatalonReference.txt): null

2018-11-28 12:09:13 - [TEST_STEP][PASSED] - Statement - f2 = new java.io.FileWriter(RefNo, false): null

2018-11-28 12:09:13 - [TEST_STEP][PASSED] - Statement - f2.write(CaseReferenceNo): null

2018-11-28 12:09:13 - [TEST_STEP][PASSED] - Statement - f2.close(): null

2018-11-28 12:09:13 - [TEST_STEP][PASSED] - Statement - out.println("


" + CaseReferenceNo + "


"): null

2018-11-28 12:09:13 - [MESSAGE][PASSED] - Call Test Case 'Test Cases/Final Aug 2018 - PKS Automation/Common/Reference Number Setter' successfully

2018-11-28 12:09:13 - [TEST_STEP][PASSED] - selectOptionByValue: All options with value '2030' are selected in object 'Object Repository/Final Object Repo/Page_Form 1A - Cessation As Employer/Employment Resign Date - Year' 

2018-11-28 12:09:13 - [MESSAGE][PASSED] - All options with value '2030' are selected in object 'Object Repository/Final Object Repo/Page_Form 1A - Cessation As Employer/Employment Resign Date - Year' 

2018-11-28 12:09:13 - [TEST_STEP][PASSED] - delay: Delayed 1 second(s)

2018-11-28 12:09:14 - [MESSAGE][PASSED] - Delayed 1 second(s)

2018-11-28 12:09:14 - [TEST_STEP][PASSED] - click: Object: 'Object Repository/Final Object Repo/Page_Form 1A - Cessation As Employer/Employment Resign Date - Year - Date' is clicked on

2018-11-28 12:09:15 - [MESSAGE][PASSED] - Object: 'Object Repository/Final Object Repo/Page_Form 1A - Cessation As Employer/Employment Resign Date - Year - Date' is clicked on

2018-11-28 12:09:15 - [TEST_STEP][PASSED] - delay: Delayed 2 second(s)

2018-11-28 12:09:17 - [MESSAGE][PASSED] - Delayed 2 second(s)

2018-11-28 12:09:17 - [TEST_STEP][PASSED] - click: Object: 'Object Repository/Final Object Repo/Page_Form 1A - Cessation As Employer/Save  Continue in Update Add Employee Resigned Date Page' is clicked on

2018-11-28 12:09:17 - [MESSAGE][PASSED] - Object: 'Object Repository/Final Object Repo/Page_Form 1A - Cessation As Employer/Save  Continue in Update Add Employee Resigned Date Page' is clicked on

2018-11-28 12:09:17 - [TEST_STEP][PASSED] - delay: Delayed 2 second(s)

2018-11-28 12:09:19 - [MESSAGE][PASSED] - Delayed 2 second(s)

2018-11-28 12:09:19 - [TEST_STEP][PASSED] - click: Object: 'Object Repository/Final Object Repo/Page_Form 1A - Cessation As Employer/Set Latest - Yes' is clicked on

2018-11-28 12:09:19 - [MESSAGE][PASSED] - Object: 'Object Repository/Final Object Repo/Page_Form 1A - Cessation As Employer/Set Latest - Yes' is clicked on

2018-11-28 12:09:19 - [TEST_STEP][PASSED] - delay: Delayed 2 second(s)

2018-11-28 12:09:21 - [MESSAGE][PASSED] - Delayed 2 second(s)

2018-11-28 12:09:21 - [TEST_STEP][PASSED] - click: Object: 'Object Repository/Final Object Repo/Page_Form 1A - Cessation As Employer/Add Document' is clicked on

2018-11-28 12:09:22 - [MESSAGE][PASSED] - Object: 'Object Repository/Final Object Repo/Page_Form 1A - Cessation As Employer/Add Document' is clicked on

2018-11-28 12:09:22 - [TEST_STEP][PASSED] - delay: Delayed 2 second(s)

2018-11-28 12:09:24 - [MESSAGE][PASSED] - Delayed 2 second(s)

2018-11-28 12:09:24 - [TEST_STEP][PASSED] - click: Object: 'Object Repository/Final Object Repo/Page_Form 1A - Cessation As Employer/Document Type' is clicked on

2018-11-28 12:09:25 - [MESSAGE][PASSED] - Object: 'Object Repository/Final Object Repo/Page_Form 1A - Cessation As Employer/Document Type' is clicked on

2018-11-28 12:09:25 - [TEST_STEP][PASSED] - delay: Delayed 2 second(s)

2018-11-28 12:09:27 - [MESSAGE][PASSED] - Delayed 2 second(s)

2018-11-28 12:09:27 - [TEST_STEP][PASSED] - click: Object: 'Object Repository/Final Object Repo/Page_Form 1A - Cessation As Employer/Document Type - Supporting Document For Cessation' is clicked on

2018-11-28 12:09:27 - [MESSAGE][PASSED] - Object: 'Object Repository/Final Object Repo/Page_Form 1A - Cessation As Employer/Document Type - Supporting Document For Cessation' is clicked on

2018-11-28 12:09:27 - [TEST_STEP][PASSED] - delay: Delayed 2 second(s)

2018-11-28 12:09:29 - [MESSAGE][PASSED] - Delayed 2 second(s)

2018-11-28 12:09:29 - [TEST_STEP][PASSED] - sendKeys: Keys 'C:\Users\Public\Pictures\Sample Pictures\Koala.jpg' sent to object: 'Object Repository/Final Object Repo/Page_Form 1A - Cessation As Employer/Uploading File'

2018-11-28 12:09:29 - [MESSAGE][PASSED] - Keys 'C:\Users\Public\Pictures\Sample Pictures\Koala.jpg' sent to object: 'Object Repository/Final Object Repo/Page_Form 1A - Cessation As Employer/Uploading File'

2018-11-28 12:09:29 - [TEST_STEP][PASSED] - delay: Delayed 2 second(s)

2018-11-28 12:09:31 - [MESSAGE][PASSED] - Delayed 2 second(s)

2018-11-28 12:09:31 - [TEST_STEP][PASSED] - click: Object: 'Object Repository/Final Object Repo/Page_Form 1A - Cessation As Employer/Add Document in Uploading Page' is clicked on

2018-11-28 12:09:32 - [MESSAGE][PASSED] - Object: 'Object Repository/Final Object Repo/Page_Form 1A - Cessation As Employer/Add Document in Uploading Page' is clicked on

2018-11-28 12:09:32 - [TEST_STEP][PASSED] - delay: Delayed 15 second(s)

2018-11-28 12:09:47 - [MESSAGE][PASSED] - Delayed 15 second(s)

2018-11-28 12:09:47 - [TEST_STEP][PASSED] - click: Object: 'Object Repository/Final Object Repo/Page_Form 1A - Cessation As Employer/Save  Continue in Uploading Page' is clicked on

2018-11-28 12:09:47 - [MESSAGE][PASSED] - Object: 'Object Repository/Final Object Repo/Page_Form 1A - Cessation As Employer/Save  Continue in Uploading Page' is clicked on

2018-11-28 12:09:47 - [TEST_STEP][PASSED] - delay: Delayed 2 second(s)

2018-11-28 12:09:49 - [MESSAGE][PASSED] - Delayed 2 second(s)

2018-11-28 12:09:49 - [TEST_STEP][PASSED] - click: Object: 'Object Repository/Final Object Repo/Page_Form 1A - Cessation As Employer/Submit2' is clicked on

2018-11-28 12:09:52 - [MESSAGE][PASSED] - Object: 'Object Repository/Final Object Repo/Page_Form 1A - Cessation As Employer/Submit2' is clicked on

2018-11-28 12:09:52 - [TEST_STEP][PASSED] - delay: Delayed 2 second(s)

2018-11-28 12:09:54 - [MESSAGE][PASSED] - Delayed 2 second(s)

2018-11-28 12:09:54 - [TEST_STEP][PASSED] - click: Object: 'Object Repository/Final Object Repo/Page_Form 1A - Cessation As Employer/Confirm' is clicked on

2018-11-28 12:09:54 - [MESSAGE][PASSED] - Object: 'Object Repository/Final Object Repo/Page_Form 1A - Cessation As Employer/Confirm' is clicked on

2018-11-28 12:09:54 - [TEST_STEP][PASSED] - delay: Delayed 2 second(s)

2018-11-28 12:09:56 - [MESSAGE][PASSED] - Delayed 2 second(s)

2018-11-28 12:09:56 - [TEST_STEP][PASSED] - verifyElementVisible: Object 'Object Repository/Final Object Repo/Page_Form 1A - Cessation As Employer/Message Your Request will be routed to UO' is visible

2018-11-28 12:09:59 - [MESSAGE][PASSED] - Object 'Object Repository/Final Object Repo/Page_Form 1A - Cessation As Employer/Message Your Request will be routed to UO' is visible

2018-11-28 12:09:59 - [TEST_STEP][PASSED] - delay: Delayed 1 second(s)

2018-11-28 12:10:00 - [MESSAGE][PASSED] - Delayed 1 second(s)

2018-11-28 12:10:00 - [TEST_STEP][PASSED] - verifyElementVisible: Object 'Object Repository/Final Object Repo/Page_Form 1A - Cessation As Employer/Letter of acknowledgement' is visible

2018-11-28 12:10:01 - [MESSAGE][PASSED] - Object 'Object Repository/Final Object Repo/Page_Form 1A - Cessation As Employer/Letter of acknowledgement' is visible

2018-11-28 12:10:01 - [MESSAGE][PASSED] - Call Test Case 'Test Cases/Final Aug 2018 - PKS Automation/Registration Module/Workflow/Form 1A - Cessation As Employer/Template/Form 1 A - Cessation As Employer (PKRBO)' successfully

2018-11-28 12:10:01 - [TEST_STEP][PASSED] - callTestCase: Call Test Case 'Test Cases/Final Aug 2018 - PKS Automation/Registration Module/Workflow/Form 1A - Cessation As Employer/Template/Form 1 A - Cessation As Employer (Approve)' successfully

2018-11-28 12:10:01 - [TEST_CASE][PASSED] - Test Cases/Final Aug 2018 - PKS Automation/Registration Module/Workflow/Form 1A - Cessation As Employer/Template/Form 1 A - Cessation As Employer (Approve): Test Cases/Final Aug 2018 - PKS Automation/Registration Module/Workflow/Form 1A - Cessation As Employer/Template/Form 1 A - Cessation As Employer (Approve)

2018-11-28 12:10:01 - [TEST_STEP][NOT_RUN] - callTestCase: NOT_RUN: callTestCase

2018-11-28 12:10:01 - [MESSAGE][NOT_RUN] - NOT_RUN: callTestCase

2018-11-28 12:10:01 - [TEST_STEP][PASSED] - delay: Delayed 1 second(s)

2018-11-28 12:10:02 - [MESSAGE][PASSED] - Delayed 1 second(s)

2018-11-28 12:10:02 - [TEST_STEP][PASSED] - navigateToUrl: Navigate to 'https://assist2-uat.perkeso.gov.my/c/portal/logout' successfully

2018-11-28 12:10:02 - [MESSAGE][PASSED] - Navigate to 'https://assist2-uat.perkeso.gov.my/c/portal/logout' successfully

2018-11-28 12:10:02 - [TEST_STEP][PASSED] - delay: Delayed 1 second(s)

2018-11-28 12:10:03 - [MESSAGE][PASSED] - Delayed 1 second(s)

2018-11-28 12:10:03 - [TEST_STEP][PASSED] - callTestCase: Call Test Case 'Test Cases/Final Aug 2018 - PKS Automation/Common/Reference Number Getter' successfully

2018-11-28 12:10:04 - [TEST_CASE][PASSED] - Test Cases/Final Aug 2018 - PKS Automation/Common/Reference Number Getter: Test Cases/Final Aug 2018 - PKS Automation/Common/Reference Number Getter

2018-11-28 12:10:04 - [TEST_STEP][PASSED] - Statement - Try: null

2018-11-28 12:10:04 - [TEST_STEP][PASSED] - Statement - RefNo = new java.io.File(C://Users//Admin//Desktop//PKS//Automation Reference Point//KatalonReference.txt): null

2018-11-28 12:10:04 - [TEST_STEP][PASSED] - Statement - bufferread = new java.io.BufferedReader(new java.io.FileReader(RefNo)): null

2018-11-28 12:10:04 - [TEST_STEP][PASSED] - Statement - readedVal = bufferread.readLine(): null

2018-11-28 12:10:04 - [TEST_STEP][PASSED] - Statement - out.println(CaseReferenceNo): null

2018-11-28 12:10:04 - [TEST_STEP][PASSED] - Statement - out.println(readedVal): null

2018-11-28 12:10:04 - [TEST_STEP][PASSED] - Statement - CaseReferenceNo = "": null

2018-11-28 12:10:04 - [TEST_STEP][PASSED] - Statement - CaseReferenceNo = readedVal: null

2018-11-28 12:10:04 - [MESSAGE][PASSED] - Call Test Case 'Test Cases/Final Aug 2018 - PKS Automation/Common/Reference Number Getter' successfully

2018-11-28 12:10:04 - [TEST_STEP][PASSED] - callTestCase: Call Test Case 'Test Cases/Final Aug 2018 - PKS Automation/Common/Workflow Owner Finder' successfully

2018-11-28 12:10:04 - [TEST_CASE][PASSED] - Test Cases/Final Aug 2018 - PKS Automation/Common/Workflow Owner Finder: Test Cases/Final Aug 2018 - PKS Automation/Common/Workflow Owner Finder

2018-11-28 12:10:04 - [TEST_STEP][PASSED] - openBrowser: Browser is opened with url: ''

2018-11-28 12:10:04 - [MESSAGE][WARNING] - A browser is already opened. Closing browser and opening a new one

2018-11-28 12:10:07 - [MESSAGE][PASSED] - Browser is opened with url: ''

2018-11-28 12:10:07 - [TEST_STEP][PASSED] - navigateToUrl: Navigate to 'https://assist2-uat.perkeso.gov.my/login' successfully

2018-11-28 12:10:08 - [MESSAGE][PASSED] - Navigate to 'https://assist2-uat.perkeso.gov.my/login' successfully

2018-11-28 12:10:08 - [TEST_STEP][PASSED] - delay: Delayed 5 second(s)

2018-11-28 12:10:13 - [MESSAGE][PASSED] - Delayed 5 second(s)

2018-11-28 12:10:13 - [TEST_STEP][PASSED] - setText: Text 'test@liferay.com' is set on object 'Object Repository/Final Object Repo/Login Page/Internal User/Email Address'

2018-11-28 12:10:13 - [MESSAGE][PASSED] - Text 'test@liferay.com' is set on object 'Object Repository/Final Object Repo/Login Page/Internal User/Email Address'

2018-11-28 12:10:13 - [TEST_STEP][PASSED] - click: Object: 'Object Repository/Final Object Repo/Login Page/Internal User/Next Button' is clicked on

2018-11-28 12:10:13 - [MESSAGE][PASSED] - Object: 'Object Repository/Final Object Repo/Login Page/Internal User/Next Button' is clicked on

2018-11-28 12:10:13 - [TEST_STEP][PASSED] - delay: Delayed 2 second(s)

2018-11-28 12:10:15 - [MESSAGE][PASSED] - Delayed 2 second(s)

2018-11-28 12:10:15 - [TEST_STEP][PASSED] - setText: Text 'test' is set on object 'Object Repository/Final Object Repo/Login Page/Internal User/Password'

2018-11-28 12:10:15 - [MESSAGE][PASSED] - Text 'test' is set on object 'Object Repository/Final Object Repo/Login Page/Internal User/Password'

2018-11-28 12:10:15 - [TEST_STEP][PASSED] - delay: Delayed 2 second(s)

2018-11-28 12:10:17 - [MESSAGE][PASSED] - Delayed 2 second(s)

2018-11-28 12:10:17 - [TEST_STEP][PASSED] - click: Object: 'Object Repository/Final Object Repo/Login Page/Internal User/Login Button' is clicked on

2018-11-28 12:10:18 - [MESSAGE][PASSED] - Object: 'Object Repository/Final Object Repo/Login Page/Internal User/Login Button' is clicked on

2018-11-28 12:10:18 - [TEST_STEP][PASSED] - Statement - Try: null

2018-11-28 12:10:18 - [TEST_STEP][PASSED] - Statement - Checker = com.kms.katalon.core.webui.keyword.WebUiBuiltInKeywords.verifyElementNotPresent("Final Object Repo/Landing Page/Select to English", 3): null

2018-11-28 12:10:18 - [TEST_STEP][PASSED] - Statement - Catch (Exception e): null

2018-11-28 12:10:18 - [TEST_STEP][PASSED] - Statement - e.printStackTrace(): null

2018-11-28 12:10:18 - [TEST_STEP][PASSED] - delay: Delayed 5 second(s)

2018-11-28 12:10:23 - [MESSAGE][PASSED] - Delayed 5 second(s)

2018-11-28 12:10:23 - [TEST_STEP][PASSED] - mouseOver: Object: 'Object Repository/Final Object Repo/Landing Page/WorkFlow Menu' is hovered

2018-11-28 12:10:23 - [MESSAGE][PASSED] - Object: 'Object Repository/Final Object Repo/Landing Page/WorkFlow Menu' is hovered

2018-11-28 12:10:23 - [TEST_STEP][PASSED] - delay: Delayed 2 second(s)

2018-11-28 12:10:25 - [MESSAGE][PASSED] - Delayed 2 second(s)

2018-11-28 12:10:25 - [TEST_STEP][PASSED] - click: Object: 'Object Repository/Final Object Repo/Landing Page/Select to Workflow Listing' is clicked on

2018-11-28 12:10:26 - [MESSAGE][PASSED] - Object: 'Object Repository/Final Object Repo/Landing Page/Select to Workflow Listing' is clicked on

2018-11-28 12:10:26 - [TEST_STEP][PASSED] - delay: Delayed 2 second(s)

2018-11-28 12:10:28 - [MESSAGE][PASSED] - Delayed 2 second(s)

2018-11-28 12:10:28 - [TEST_STEP][PASSED] - click: Object: 'Object Repository/Final Object Repo/WorkFlow Listing Page/Search Information - To Put Ref No' is clicked on

2018-11-28 12:10:28 - [MESSAGE][PASSED] - Object: 'Object Repository/Final Object Repo/WorkFlow Listing Page/Search Information - To Put Ref No' is clicked on

2018-11-28 12:10:28 - [TEST_STEP][PASSED] - delay: Delayed 2 second(s)

2018-11-28 12:10:30 - [MESSAGE][PASSED] - Delayed 2 second(s)

2018-11-28 12:10:30 - [TEST_STEP][PASSED] - callTestCase: Call Test Case 'Test Cases/Final Aug 2018 - PKS Automation/Common/Reference Number Getter' successfully

2018-11-28 12:10:30 - [TEST_CASE][PASSED] - Test Cases/Final Aug 2018 - PKS Automation/Common/Reference Number Getter: Test Cases/Final Aug 2018 - PKS Automation/Common/Reference Number Getter

2018-11-28 12:10:30 - [TEST_STEP][PASSED] - Statement - Try: null

2018-11-28 12:10:30 - [TEST_STEP][PASSED] - Statement - RefNo = new java.io.File(C://Users//Admin//Desktop//PKS//Automation Reference Point//KatalonReference.txt): null

2018-11-28 12:10:30 - [TEST_STEP][PASSED] - Statement - bufferread = new java.io.BufferedReader(new java.io.FileReader(RefNo)): null

2018-11-28 12:10:30 - [TEST_STEP][PASSED] - Statement - readedVal = bufferread.readLine(): null

2018-11-28 12:10:30 - [TEST_STEP][PASSED] - Statement - out.println(CaseReferenceNo): null

2018-11-28 12:10:30 - [TEST_STEP][PASSED] - Statement - out.println(readedVal): null

2018-11-28 12:10:30 - [TEST_STEP][PASSED] - Statement - CaseReferenceNo = "": null

2018-11-28 12:10:30 - [TEST_STEP][PASSED] - Statement - CaseReferenceNo = readedVal: null

2018-11-28 12:10:30 - [MESSAGE][PASSED] - Call Test Case 'Test Cases/Final Aug 2018 - PKS Automation/Common/Reference Number Getter' successfully

2018-11-28 12:10:30 - [TEST_STEP][PASSED] - setText: Text 'CUN112018C200001669' is set on object 'Object Repository/Final Object Repo/WorkFlow Listing Page/Ref No Set Text'

2018-11-28 12:10:30 - [MESSAGE][PASSED] - Text 'CUN112018C200001669' is set on object 'Object Repository/Final Object Repo/WorkFlow Listing Page/Ref No Set Text'

2018-11-28 12:10:30 - [TEST_STEP][PASSED] - delay: Delayed 2 second(s)

2018-11-28 12:10:32 - [MESSAGE][PASSED] - Delayed 2 second(s)

2018-11-28 12:10:32 - [TEST_STEP][PASSED] - click: Object: 'Object Repository/Final Object Repo/WorkFlow Listing Page/Search Ref No Search Button' is clicked on

2018-11-28 12:10:33 - [MESSAGE][PASSED] - Object: 'Object Repository/Final Object Repo/WorkFlow Listing Page/Search Ref No Search Button' is clicked on

2018-11-28 12:10:33 - [TEST_STEP][PASSED] - delay: Delayed 4 second(s)

2018-11-28 12:10:37 - [MESSAGE][PASSED] - Delayed 4 second(s)

2018-11-28 12:10:37 - [TEST_STEP][PASSED] - click: Object: 'Object Repository/Final Object Repo/WorkFlow Listing Page/Click Continue Tooltip' is clicked on

2018-11-28 12:10:38 - [MESSAGE][PASSED] - Object: 'Object Repository/Final Object Repo/WorkFlow Listing Page/Click Continue Tooltip' is clicked on

2018-11-28 12:10:38 - [TEST_STEP][PASSED] - delay: Delayed 5 second(s)

2018-11-28 12:10:43 - [MESSAGE][PASSED] - Delayed 5 second(s)

2018-11-28 12:10:43 - [TEST_STEP][PASSED] - doubleClick: Object: 'Object Repository/Final Object Repo/WorkFlow Listing Page/Workflow Found - Listing 1' is double clicked on

2018-11-28 12:10:43 - [MESSAGE][PASSED] - Object: 'Object Repository/Final Object Repo/WorkFlow Listing Page/Workflow Found - Listing 1' is double clicked on

2018-11-28 12:10:43 - [TEST_STEP][PASSED] - Statement - println(OwnerID): null

2018-11-28 12:10:43 - [TEST_STEP][PASSED] - Statement - OwnerID = com.kms.katalon.core.webui.keyword.WebUiBuiltInKeywords.getText(com.kms.katalon.core.testobject.ObjectRepository.findTestObject(Final Object Repo/WorkFlow Listing Page/Workflow Found - Listing 1), STOP_ON_FAILURE): Text of object 'Object Repository/Final Object Repo/WorkFlow Listing Page/Workflow Found - Listing 1' is: 'JOHORuo2'

2018-11-28 12:10:43 - [MESSAGE][PASSED] - Text of object 'Object Repository/Final Object Repo/WorkFlow Listing Page/Workflow Found - Listing 1' is: 'JOHORuo2'

2018-11-28 12:10:43 - [TEST_STEP][PASSED] - Statement - OwnerID = OwnerID.toLowerCase() + "@gmail.com": null

2018-11-28 12:10:43 - [TEST_STEP][PASSED] - Statement - println(OwnerID): null

2018-11-28 12:10:43 - [TEST_STEP][PASSED] - delay: Delayed 2 second(s)

2018-11-28 12:10:45 - [MESSAGE][PASSED] - Delayed 2 second(s)

2018-11-28 12:10:45 - [MESSAGE][PASSED] - Call Test Case 'Test Cases/Final Aug 2018 - PKS Automation/Common/Workflow Owner Finder' successfully

2018-11-28 12:10:45 - [TEST_STEP][PASSED] - delay: Delayed 1 second(s)

2018-11-28 12:10:46 - [MESSAGE][PASSED] - Delayed 1 second(s)

2018-11-28 12:10:46 - [TEST_STEP][PASSED] - navigateToUrl: Navigate to 'https://assist2-uat.perkeso.gov.my/c/portal/logout' successfully

2018-11-28 12:10:47 - [MESSAGE][PASSED] - Navigate to 'https://assist2-uat.perkeso.gov.my/c/portal/logout' successfully

2018-11-28 12:10:47 - [TEST_STEP][PASSED] - delay: Delayed 1 second(s)

2018-11-28 12:10:48 - [MESSAGE][PASSED] - Delayed 1 second(s)

2018-11-28 12:10:48 - [TEST_STEP][PASSED] - callTestCase: Call Test Case 'Test Cases/Final Aug 2018 - PKS Automation/Registration Module/Workflow/Login and Search Case For Workflow' successfully

2018-11-28 12:10:48 - [TEST_CASE][PASSED] - Test Cases/Final Aug 2018 - PKS Automation/Registration Module/Workflow/Login and Search Case For Workflow: Test Cases/Final Aug 2018 - PKS Automation/Registration Module/Workflow/Login and Search Case For Workflow

2018-11-28 12:10:48 - [TEST_STEP][PASSED] - navigateToUrl: Navigate to 'https://assist2-uat.perkeso.gov.my/login' successfully

2018-11-28 12:10:48 - [MESSAGE][PASSED] - Navigate to 'https://assist2-uat.perkeso.gov.my/login' successfully

2018-11-28 12:10:48 - [TEST_STEP][PASSED] - setText: Text 'johoruo2@gmail.com' is set on object 'Object Repository/Final Object Repo/Login Page/Internal User/Email Address'

2018-11-28 12:10:49 - [MESSAGE][PASSED] - Text 'johoruo2@gmail.com' is set on object 'Object Repository/Final Object Repo/Login Page/Internal User/Email Address'

2018-11-28 12:10:49 - [TEST_STEP][PASSED] - click: Object: 'Object Repository/Final Object Repo/Login Page/Internal User/Next Button' is clicked on

2018-11-28 12:10:49 - [MESSAGE][PASSED] - Object: 'Object Repository/Final Object Repo/Login Page/Internal User/Next Button' is clicked on

2018-11-28 12:10:49 - [TEST_STEP][PASSED] - delay: Delayed 1 second(s)

2018-11-28 12:10:50 - [MESSAGE][PASSED] - Delayed 1 second(s)

2018-11-28 12:10:50 - [TEST_STEP][PASSED] - setEncryptedText: Text ****** has been set on object 'Object Repository/Final Object Repo/Login Page/Internal User/Password'

2018-11-28 12:10:50 - [MESSAGE][PASSED] - Text ****** has been set on object 'Object Repository/Final Object Repo/Login Page/Internal User/Password'

2018-11-28 12:10:50 - [TEST_STEP][PASSED] - click: Object: 'Object Repository/Final Object Repo/Login Page/Internal User/Login Button' is clicked on

2018-11-28 12:10:50 - [MESSAGE][PASSED] - Object: 'Object Repository/Final Object Repo/Login Page/Internal User/Login Button' is clicked on

2018-11-28 12:10:50 - [TEST_STEP][PASSED] - delay: Delayed 2 second(s)

2018-11-28 12:10:52 - [MESSAGE][PASSED] - Delayed 2 second(s)

2018-11-28 12:10:52 - [TEST_STEP][PASSED] - Statement - Try: Delayed 2 second(s)

2018-11-28 12:10:52 - [TEST_STEP][PASSED] - Statement - Checker = false: null

2018-11-28 12:10:52 - [TEST_STEP][PASSED] - Statement - Checker = com.kms.katalon.core.webui.keyword.WebUiBuiltInKeywords.verifyElementHasAttribute(com.kms.katalon.core.testobject.ObjectRepository.findTestObject(Final Object Repo/Landing Page/BM Detecting), "href", 20, OPTIONAL): Object 'Object Repository/Final Object Repo/Landing Page/BM Detecting' has attribute 'href'

2018-11-28 12:10:52 - [MESSAGE][PASSED] - Object 'Object Repository/Final Object Repo/Landing Page/BM Detecting' has attribute 'href'

2018-11-28 12:10:52 - [TEST_STEP][PASSED] - Statement - out.println(Checker): null

2018-11-28 12:10:52 - [TEST_STEP][PASSED] - Statement - If (Checker == false): null

2018-11-28 12:10:52 - [TEST_STEP][PASSED] - Statement - Else: null

2018-11-28 12:10:52 - [TEST_STEP][PASSED] - delay: Delayed 2 second(s)

2018-11-28 12:10:54 - [MESSAGE][PASSED] - Delayed 2 second(s)

2018-11-28 12:10:54 - [TEST_STEP][PASSED] - click: Object: 'Object Repository/Final Object Repo/Page_MyASSIST - ASSIST - Search Pending Case For Add Supporting Document/Search Information' is clicked on

2018-11-28 12:10:55 - [MESSAGE][PASSED] - Object: 'Object Repository/Final Object Repo/Page_MyASSIST - ASSIST - Search Pending Case For Add Supporting Document/Search Information' is clicked on

2018-11-28 12:10:55 - [TEST_STEP][PASSED] - delay: Delayed 3 second(s)

2018-11-28 12:10:58 - [MESSAGE][PASSED] - Delayed 3 second(s)

2018-11-28 12:10:58 - [TEST_STEP][PASSED] - sendKeys: Keys 'CUN112018C200001669' sent to object: 'Object Repository/Final Object Repo/Page_MyASSIST - ASSIST - Search Pending Case For Add Supporting Document/Reference No'

2018-11-28 12:10:58 - [MESSAGE][PASSED] - Keys 'CUN112018C200001669' sent to object: 'Object Repository/Final Object Repo/Page_MyASSIST - ASSIST - Search Pending Case For Add Supporting Document/Reference No'

2018-11-28 12:10:58 - [TEST_STEP][PASSED] - click: Object: 'Object Repository/Final Object Repo/Page_MyASSIST - ASSIST - Search Pending Case For Add Supporting Document/Search Reference No' is clicked on

2018-11-28 12:10:58 - [MESSAGE][PASSED] - Object: 'Object Repository/Final Object Repo/Page_MyASSIST - ASSIST - Search Pending Case For Add Supporting Document/Search Reference No' is clicked on

2018-11-28 12:10:58 - [TEST_STEP][PASSED] - delay: Delayed 2 second(s)

2018-11-28 12:11:00 - [MESSAGE][PASSED] - Delayed 2 second(s)

2018-11-28 12:11:00 - [TEST_STEP][PASSED] - click: Object: 'Object Repository/Final Object Repo/Page_MyASSIST - ASSIST - Search Pending Case For Add Supporting Document/Continue' is clicked on

2018-11-28 12:11:04 - [MESSAGE][PASSED] - Object: 'Object Repository/Final Object Repo/Page_MyASSIST - ASSIST - Search Pending Case For Add Supporting Document/Continue' is clicked on

2018-11-28 12:11:04 - [TEST_STEP][PASSED] - delay: Delayed 20 second(s)

2018-11-28 12:11:24 - [MESSAGE][PASSED] - Delayed 20 second(s)

2018-11-28 12:11:24 - [MESSAGE][PASSED] - Call Test Case 'Test Cases/Final Aug 2018 - PKS Automation/Registration Module/Workflow/Login and Search Case For Workflow' successfully

2018-11-28 12:11:24 - [TEST_STEP][PASSED] - click: Object: 'Object Repository/Final Object Repo/Page_Form 1A - Cessation As Employer/Page_Form 1A - Cessation As Employer (Approve)/Save  Continue in Form 1A Page' is clicked on

2018-11-28 12:11:24 - [MESSAGE][PASSED] - Object: 'Object Repository/Final Object Repo/Page_Form 1A - Cessation As Employer/Page_Form 1A - Cessation As Employer (Approve)/Save  Continue in Form 1A Page' is clicked on

2018-11-28 12:11:24 - [TEST_STEP][PASSED] - delay: Delayed 2 second(s)

2018-11-28 12:11:26 - [MESSAGE][PASSED] - Delayed 2 second(s)

2018-11-28 12:11:26 - [TEST_STEP][PASSED] - click: Object: 'Object Repository/Final Object Repo/Page_Form 1A - Cessation As Employer/Employment Resign Date' is clicked on

2018-11-28 12:11:26 - [MESSAGE][PASSED] - Object: 'Object Repository/Final Object Repo/Page_Form 1A - Cessation As Employer/Employment Resign Date' is clicked on

2018-11-28 12:11:26 - [TEST_STEP][PASSED] - delay: Delayed 1 second(s)

2018-11-28 12:11:27 - [MESSAGE][PASSED] - Delayed 1 second(s)

2018-11-28 12:11:27 - [TEST_STEP][PASSED] - selectOptionByValue: All options with value '2030' are selected in object 'Object Repository/Final Object Repo/Page_Form 1A - Cessation As Employer/Employment Resign Date - Year' 

2018-11-28 12:11:27 - [MESSAGE][PASSED] - All options with value '2030' are selected in object 'Object Repository/Final Object Repo/Page_Form 1A - Cessation As Employer/Employment Resign Date - Year' 

2018-11-28 12:11:27 - [TEST_STEP][PASSED] - delay: Delayed 1 second(s)

2018-11-28 12:11:28 - [MESSAGE][PASSED] - Delayed 1 second(s)

2018-11-28 12:11:28 - [TEST_STEP][PASSED] - click: Object: 'Object Repository/Final Object Repo/Page_Form 1A - Cessation As Employer/Employment Resign Date - Year - Date' is clicked on

2018-11-28 12:11:29 - [MESSAGE][PASSED] - Object: 'Object Repository/Final Object Repo/Page_Form 1A - Cessation As Employer/Employment Resign Date - Year - Date' is clicked on

2018-11-28 12:11:29 - [TEST_STEP][PASSED] - delay: Delayed 2 second(s)

2018-11-28 12:11:31 - [MESSAGE][PASSED] - Delayed 2 second(s)

2018-11-28 12:11:31 - [TEST_STEP][PASSED] - click: Object: 'Object Repository/Final Object Repo/Page_Form 1A - Cessation As Employer/Page_Form 1A - Cessation As Employer (Approve)/Save  Continue in Update Add Employee Resigned Date Page' is clicked on

2018-11-28 12:11:31 - [MESSAGE][PASSED] - Object: 'Object Repository/Final Object Repo/Page_Form 1A - Cessation As Employer/Page_Form 1A - Cessation As Employer (Approve)/Save  Continue in Update Add Employee Resigned Date Page' is clicked on

2018-11-28 12:11:31 - [TEST_STEP][PASSED] - delay: Delayed 2 second(s)

2018-11-28 12:11:33 - [MESSAGE][PASSED] - Delayed 2 second(s)

2018-11-28 12:11:33 - [TEST_STEP][PASSED] - click: Object: 'Object Repository/Final Object Repo/Page_Form 1A - Cessation As Employer/Set Latest - Yes' is clicked on

2018-11-28 12:11:33 - [MESSAGE][PASSED] - Object: 'Object Repository/Final Object Repo/Page_Form 1A - Cessation As Employer/Set Latest - Yes' is clicked on

2018-11-28 12:11:33 - [TEST_STEP][PASSED] - delay: Delayed 2 second(s)

2018-11-28 12:11:35 - [MESSAGE][PASSED] - Delayed 2 second(s)

2018-11-28 12:11:35 - [TEST_STEP][PASSED] - click: Object: 'Object Repository/Final Object Repo/Page_Form 1A - Cessation As Employer/Page_Form 1A - Cessation As Employer (Approve)/Save  Contine in Uploading Document Page' is clicked on

2018-11-28 12:11:36 - [MESSAGE][PASSED] - Object: 'Object Repository/Final Object Repo/Page_Form 1A - Cessation As Employer/Page_Form 1A - Cessation As Employer (Approve)/Save  Contine in Uploading Document Page' is clicked on

2018-11-28 12:11:36 - [TEST_STEP][PASSED] - delay: Delayed 2 second(s)

2018-11-28 12:11:38 - [MESSAGE][PASSED] - Delayed 2 second(s)

2018-11-28 12:11:38 - [TEST_STEP][PASSED] - click: Object: 'Object Repository/Final Object Repo/Page_Form 1A - Cessation As Employer/Page_Form 1A - Cessation As Employer (Approve)/Approve' is clicked on

2018-11-28 12:11:41 - [MESSAGE][PASSED] - Object: 'Object Repository/Final Object Repo/Page_Form 1A - Cessation As Employer/Page_Form 1A - Cessation As Employer (Approve)/Approve' is clicked on

2018-11-28 12:11:41 - [TEST_STEP][PASSED] - delay: Delayed 2 second(s)

2018-11-28 12:11:43 - [MESSAGE][PASSED] - Delayed 2 second(s)

2018-11-28 12:11:43 - [TEST_STEP][PASSED] - click: Object: 'Object Repository/Final Object Repo/Page_Form 1A - Cessation As Employer/Confirm' is clicked on

2018-11-28 12:11:43 - [MESSAGE][PASSED] - Object: 'Object Repository/Final Object Repo/Page_Form 1A - Cessation As Employer/Confirm' is clicked on

2018-11-28 12:11:43 - [TEST_STEP][PASSED] - delay: Delayed 2 second(s)

2018-11-28 12:11:45 - [MESSAGE][PASSED] - Delayed 2 second(s)

2018-11-28 12:11:45 - [TEST_STEP][PASSED] - click: Object: 'Object Repository/Final Object Repo/Page_Form 1A - Cessation As Employer/Page_Form 1A - Cessation As Employer (Approve)/Message Your Request    Form 1A ' is clicked on

2018-11-28 12:11:54 - [MESSAGE][PASSED] - Object: 'Object Repository/Final Object Repo/Page_Form 1A - Cessation As Employer/Page_Form 1A - Cessation As Employer (Approve)/Message Your Request    Form 1A ' is clicked on

2018-11-28 12:11:54 - [TEST_STEP][PASSED] - delay: Delayed 2 second(s)

2018-11-28 12:11:56 - [MESSAGE][PASSED] - Delayed 2 second(s)

2018-11-28 12:11:56 - [TEST_STEP][PASSED] - click: Object: 'Object Repository/Final Object Repo/Page_Form 1A - Cessation As Employer/Page_Form 1A - Cessation As Employer (Approve)/Letter of successful update' is clicked on

2018-11-28 12:11:56 - [MESSAGE][PASSED] - Object: 'Object Repository/Final Object Repo/Page_Form 1A - Cessation As Employer/Page_Form 1A - Cessation As Employer (Approve)/Letter of successful update' is clicked on

2018-11-28 12:11:56 - [MESSAGE][PASSED] - Call Test Case 'Test Cases/Final Aug 2018 - PKS Automation/Registration Module/Workflow/Form 1A - Cessation As Employer/Template/Form 1 A - Cessation As Employer (Approve)' successfully]]></system-out>
         <system-err><![CDATA[]]></system-err>
      </testcase>
      <testcase name="Test Cases/Final Aug 2018 - PKS Automation/Registration Module/Workflow/Form 1A - Cessation As Employer/PKRBO to UO (Under enforcement)" classname="Test Cases/Final Aug 2018 - PKS Automation/Registration Module/Workflow/Form 1A - Cessation As Employer/PKRBO to UO (Under enforcement)" status="PASSED">
         <system-out><![CDATA[2018-11-28 12:11:56 - [TEST_CASE][PASSED] - Test Cases/Final Aug 2018 - PKS Automation/Registration Module/Workflow/Form 1A - Cessation As Employer/PKRBO to UO (Under enforcement): Test Cases/Final Aug 2018 - PKS Automation/Registration Module/Workflow/Form 1A - Cessation As Employer/PKRBO to UO (Under enforcement)

2018-11-28 12:11:58 - [TEST_STEP][PASSED] - callTestCase: Call Test Case 'Test Cases/Final Aug 2018 - PKS Automation/Registration Module/Workflow/Form 1A - Cessation As Employer/Template/Form 1 A - Cessation As Employer (PKRBO)' successfully

2018-11-28 12:11:58 - [TEST_CASE][PASSED] - Test Cases/Final Aug 2018 - PKS Automation/Registration Module/Workflow/Form 1A - Cessation As Employer/Template/Form 1 A - Cessation As Employer (PKRBO): Test Cases/Final Aug 2018 - PKS Automation/Registration Module/Workflow/Form 1A - Cessation As Employer/Template/Form 1 A - Cessation As Employer (PKRBO)

2018-11-28 12:11:58 - [TEST_STEP][PASSED] - openBrowser: Browser is opened with url: ''

2018-11-28 12:11:58 - [MESSAGE][WARNING] - A browser is already opened. Closing browser and opening a new one

2018-11-28 12:12:01 - [MESSAGE][PASSED] - Browser is opened with url: ''

2018-11-28 12:12:01 - [TEST_STEP][PASSED] - navigateToUrl: Navigate to 'https://assist2-uat.perkeso.gov.my/login' successfully

2018-11-28 12:12:02 - [MESSAGE][PASSED] - Navigate to 'https://assist2-uat.perkeso.gov.my/login' successfully

2018-11-28 12:12:02 - [TEST_STEP][PASSED] - setText: Text 'johorpkrbo1@gmail.com' is set on object 'Object Repository/Final Object Repo/Login Page/Internal User/Email Address'

2018-11-28 12:12:02 - [MESSAGE][PASSED] - Text 'johorpkrbo1@gmail.com' is set on object 'Object Repository/Final Object Repo/Login Page/Internal User/Email Address'

2018-11-28 12:12:02 - [TEST_STEP][PASSED] - click: Object: 'Object Repository/Final Object Repo/Login Page/Internal User/Next Button' is clicked on

2018-11-28 12:12:02 - [MESSAGE][PASSED] - Object: 'Object Repository/Final Object Repo/Login Page/Internal User/Next Button' is clicked on

2018-11-28 12:12:02 - [TEST_STEP][PASSED] - delay: Delayed 1 second(s)

2018-11-28 12:12:03 - [MESSAGE][PASSED] - Delayed 1 second(s)

2018-11-28 12:12:03 - [TEST_STEP][PASSED] - setEncryptedText: Text ****** has been set on object 'Object Repository/Final Object Repo/Login Page/Internal User/Password'

2018-11-28 12:12:04 - [MESSAGE][PASSED] - Text ****** has been set on object 'Object Repository/Final Object Repo/Login Page/Internal User/Password'

2018-11-28 12:12:04 - [TEST_STEP][PASSED] - click: Object: 'Object Repository/Final Object Repo/Login Page/Internal User/Login Button' is clicked on

2018-11-28 12:12:04 - [MESSAGE][PASSED] - Object: 'Object Repository/Final Object Repo/Login Page/Internal User/Login Button' is clicked on

2018-11-28 12:12:04 - [TEST_STEP][PASSED] - delay: Delayed 1 second(s)

2018-11-28 12:12:05 - [MESSAGE][PASSED] - Delayed 1 second(s)

2018-11-28 12:12:05 - [TEST_STEP][PASSED] - Statement - Try: Delayed 2 second(s)

2018-11-28 12:12:05 - [TEST_STEP][PASSED] - Statement - Checker = false: null

2018-11-28 12:12:05 - [TEST_STEP][PASSED] - Statement - Checker = com.kms.katalon.core.webui.keyword.WebUiBuiltInKeywords.verifyElementHasAttribute(com.kms.katalon.core.testobject.ObjectRepository.findTestObject(Final Object Repo/Landing Page/BM Detecting), "href", 20, OPTIONAL): Object 'Object Repository/Final Object Repo/Landing Page/BM Detecting' has attribute 'href'

2018-11-28 12:12:06 - [MESSAGE][PASSED] - Object 'Object Repository/Final Object Repo/Landing Page/BM Detecting' has attribute 'href'

2018-11-28 12:12:06 - [TEST_STEP][PASSED] - Statement - out.println(Checker): null

2018-11-28 12:12:06 - [TEST_STEP][PASSED] - Statement - If (Checker == false): null

2018-11-28 12:12:06 - [TEST_STEP][PASSED] - Statement - Else: null

2018-11-28 12:12:06 - [TEST_STEP][PASSED] - delay: Delayed 2 second(s)

2018-11-28 12:12:08 - [MESSAGE][PASSED] - Delayed 2 second(s)

2018-11-28 12:12:08 - [TEST_STEP][PASSED] - navigateToUrl: Navigate to 'https://assist2-uat.perkeso.gov.my/web/registration/update/form-1a-cessation-as-employer-discontinue-business-' successfully

2018-11-28 12:12:09 - [MESSAGE][PASSED] - Navigate to 'https://assist2-uat.perkeso.gov.my/web/registration/update/form-1a-cessation-as-employer-discontinue-business-' successfully

2018-11-28 12:12:09 - [TEST_STEP][PASSED] - setText: Text 'E1102069770Z' is set on object 'Object Repository/Final Object Repo/Page_Update Employer Information/Employer Code'

2018-11-28 12:12:09 - [MESSAGE][PASSED] - Text 'E1102069770Z' is set on object 'Object Repository/Final Object Repo/Page_Update Employer Information/Employer Code'

2018-11-28 12:12:09 - [TEST_STEP][PASSED] - click: Object: 'Object Repository/Final Object Repo/Page_Update Employer Information/Search Button' is clicked on

2018-11-28 12:12:09 - [MESSAGE][PASSED] - Object: 'Object Repository/Final Object Repo/Page_Update Employer Information/Search Button' is clicked on

2018-11-28 12:12:09 - [TEST_STEP][PASSED] - click: Object: 'Object Repository/Final Object Repo/Page_Update Employer Information/Edit Button' is clicked on

2018-11-28 12:12:12 - [MESSAGE][PASSED] - Object: 'Object Repository/Final Object Repo/Page_Update Employer Information/Edit Button' is clicked on

2018-11-28 12:12:12 - [TEST_STEP][PASSED] - Statement - abc = com.kms.katalon.core.webui.keyword.WebUiBuiltInKeywords.getAttribute(com.kms.katalon.core.testobject.ObjectRepository.findTestObject(Final Object Repo/Page_Form 1A - Cessation As Employer/Employer Status), "value"): Attribute 'value' of object 'Object Repository/Final Object Repo/Page_Form 1A - Cessation As Employer/Employer Status' is: 'Dormant'

2018-11-28 12:12:12 - [MESSAGE][PASSED] - Attribute 'value' of object 'Object Repository/Final Object Repo/Page_Form 1A - Cessation As Employer/Employer Status' is: 'Dormant'

2018-11-28 12:12:12 - [TEST_STEP][PASSED] - Statement - out.println(abc): null

2018-11-28 12:12:12 - [TEST_STEP][PASSED] - Statement - If (abc == "Active"): null

2018-11-28 12:12:12 - [TEST_STEP][PASSED] - Statement - Else If (abc == "Cancel"): null

2018-11-28 12:12:12 - [TEST_STEP][PASSED] - Statement - Else If (abc == "Dormant"): Object: 'Object Repository/Final Object Repo/Page_Form 1A - Cessation As Employer/Change Employer Status to - Dormant' is clicked on

2018-11-28 12:12:12 - [TEST_STEP][PASSED] - click: Object: 'Object Repository/Final Object Repo/Page_Form 1A - Cessation As Employer/Change Employer Status to' is clicked on

2018-11-28 12:12:12 - [MESSAGE][PASSED] - Object: 'Object Repository/Final Object Repo/Page_Form 1A - Cessation As Employer/Change Employer Status to' is clicked on

2018-11-28 12:12:12 - [TEST_STEP][PASSED] - click: Object: 'Object Repository/Final Object Repo/Page_Form 1A - Cessation As Employer/Change Employer Status to - Dormant' is clicked on

2018-11-28 12:12:12 - [MESSAGE][PASSED] - Object: 'Object Repository/Final Object Repo/Page_Form 1A - Cessation As Employer/Change Employer Status to - Dormant' is clicked on

2018-11-28 12:12:12 - [TEST_STEP][PASSED] - click: Object: 'Object Repository/Final Object Repo/Page_Form 1A - Cessation As Employer/Calender' is clicked on

2018-11-28 12:12:13 - [MESSAGE][PASSED] - Object: 'Object Repository/Final Object Repo/Page_Form 1A - Cessation As Employer/Calender' is clicked on

2018-11-28 12:12:13 - [TEST_STEP][PASSED] - click: Object: 'Object Repository/Final Object Repo/Page_Form 1A - Cessation As Employer/Calender - Date' is clicked on

2018-11-28 12:12:13 - [MESSAGE][PASSED] - Object: 'Object Repository/Final Object Repo/Page_Form 1A - Cessation As Employer/Calender - Date' is clicked on

2018-11-28 12:12:13 - [TEST_STEP][PASSED] - delay: Delayed 2 second(s)

2018-11-28 12:12:15 - [MESSAGE][PASSED] - Delayed 2 second(s)

2018-11-28 12:12:15 - [TEST_STEP][PASSED] - click: Object: 'Object Repository/Final Object Repo/Page_Form 1A - Cessation As Employer/Save  Continue in Form 1A Page' is clicked on

2018-11-28 12:12:15 - [MESSAGE][PASSED] - Object: 'Object Repository/Final Object Repo/Page_Form 1A - Cessation As Employer/Save  Continue in Form 1A Page' is clicked on

2018-11-28 12:12:15 - [TEST_STEP][PASSED] - delay: Delayed 2 second(s)

2018-11-28 12:12:17 - [MESSAGE][PASSED] - Delayed 2 second(s)

2018-11-28 12:12:17 - [TEST_STEP][PASSED] - click: Object: 'Object Repository/Final Object Repo/Page_Form 1A - Cessation As Employer/Employment Resign Date' is clicked on

2018-11-28 12:12:17 - [MESSAGE][PASSED] - Object: 'Object Repository/Final Object Repo/Page_Form 1A - Cessation As Employer/Employment Resign Date' is clicked on

2018-11-28 12:12:17 - [TEST_STEP][PASSED] - delay: Delayed 1 second(s)

2018-11-28 12:12:18 - [MESSAGE][PASSED] - Delayed 1 second(s)

2018-11-28 12:12:18 - [TEST_STEP][PASSED] - Statement - CaseReferenceNo = com.kms.katalon.core.webui.keyword.WebUiBuiltInKeywords.getText(com.kms.katalon.core.testobject.ObjectRepository.findTestObject(Final Object Repo/Page_Update Employer Information/Reference Number in Update Employee Information Page)): Text of object 'Object Repository/Final Object Repo/Page_Update Employer Information/Reference Number in Update Employee Information Page' is: 'CUN112018C200001670'

2018-11-28 12:12:18 - [MESSAGE][PASSED] - Text of object 'Object Repository/Final Object Repo/Page_Update Employer Information/Reference Number in Update Employee Information Page' is: 'CUN112018C200001670'

2018-11-28 12:12:18 - [TEST_STEP][PASSED] - Statement - out.println(CaseReferenceNo): null

2018-11-28 12:12:18 - [TEST_STEP][PASSED] - callTestCase: Call Test Case 'Test Cases/Final Aug 2018 - PKS Automation/Common/Reference Number Setter' successfully

2018-11-28 12:12:18 - [TEST_CASE][PASSED] - Test Cases/Final Aug 2018 - PKS Automation/Common/Reference Number Setter: Test Cases/Final Aug 2018 - PKS Automation/Common/Reference Number Setter

2018-11-28 12:12:18 - [TEST_STEP][PASSED] - Statement - RefNoOldFile = new java.io.File(C://Users//Admin//Desktop//PKS//Automation Reference Point//KatalonReference.txt): null

2018-11-28 12:12:18 - [TEST_STEP][PASSED] - Statement - RefNoOldFile.delete(): null

2018-11-28 12:12:18 - [TEST_STEP][PASSED] - delay: Delayed 5 second(s)

2018-11-28 12:12:23 - [MESSAGE][PASSED] - Delayed 5 second(s)

2018-11-28 12:12:23 - [TEST_STEP][PASSED] - Statement - RefNo = new java.io.File(C://Users//Admin//Desktop//PKS//Automation Reference Point//KatalonReference.txt): null

2018-11-28 12:12:23 - [TEST_STEP][PASSED] - Statement - f2 = new java.io.FileWriter(RefNo, false): null

2018-11-28 12:12:23 - [TEST_STEP][PASSED] - Statement - f2.write(CaseReferenceNo): null

2018-11-28 12:12:23 - [TEST_STEP][PASSED] - Statement - f2.close(): null

2018-11-28 12:12:23 - [TEST_STEP][PASSED] - Statement - out.println("


" + CaseReferenceNo + "


"): null

2018-11-28 12:12:23 - [MESSAGE][PASSED] - Call Test Case 'Test Cases/Final Aug 2018 - PKS Automation/Common/Reference Number Setter' successfully

2018-11-28 12:12:23 - [TEST_STEP][PASSED] - selectOptionByValue: All options with value '2030' are selected in object 'Object Repository/Final Object Repo/Page_Form 1A - Cessation As Employer/Employment Resign Date - Year' 

2018-11-28 12:12:24 - [MESSAGE][PASSED] - All options with value '2030' are selected in object 'Object Repository/Final Object Repo/Page_Form 1A - Cessation As Employer/Employment Resign Date - Year' 

2018-11-28 12:12:24 - [TEST_STEP][PASSED] - delay: Delayed 1 second(s)

2018-11-28 12:12:25 - [MESSAGE][PASSED] - Delayed 1 second(s)

2018-11-28 12:12:25 - [TEST_STEP][PASSED] - click: Object: 'Object Repository/Final Object Repo/Page_Form 1A - Cessation As Employer/Employment Resign Date - Year - Date' is clicked on

2018-11-28 12:12:25 - [MESSAGE][PASSED] - Object: 'Object Repository/Final Object Repo/Page_Form 1A - Cessation As Employer/Employment Resign Date - Year - Date' is clicked on

2018-11-28 12:12:25 - [TEST_STEP][PASSED] - delay: Delayed 2 second(s)

2018-11-28 12:12:27 - [MESSAGE][PASSED] - Delayed 2 second(s)

2018-11-28 12:12:27 - [TEST_STEP][PASSED] - click: Object: 'Object Repository/Final Object Repo/Page_Form 1A - Cessation As Employer/Save  Continue in Update Add Employee Resigned Date Page' is clicked on

2018-11-28 12:12:27 - [MESSAGE][PASSED] - Object: 'Object Repository/Final Object Repo/Page_Form 1A - Cessation As Employer/Save  Continue in Update Add Employee Resigned Date Page' is clicked on

2018-11-28 12:12:27 - [TEST_STEP][PASSED] - delay: Delayed 2 second(s)

2018-11-28 12:12:29 - [MESSAGE][PASSED] - Delayed 2 second(s)

2018-11-28 12:12:29 - [TEST_STEP][PASSED] - click: Object: 'Object Repository/Final Object Repo/Page_Form 1A - Cessation As Employer/Set Latest - Yes' is clicked on

2018-11-28 12:12:29 - [MESSAGE][PASSED] - Object: 'Object Repository/Final Object Repo/Page_Form 1A - Cessation As Employer/Set Latest - Yes' is clicked on

2018-11-28 12:12:29 - [TEST_STEP][PASSED] - delay: Delayed 2 second(s)

2018-11-28 12:12:31 - [MESSAGE][PASSED] - Delayed 2 second(s)

2018-11-28 12:12:31 - [TEST_STEP][PASSED] - click: Object: 'Object Repository/Final Object Repo/Page_Form 1A - Cessation As Employer/Add Document' is clicked on

2018-11-28 12:12:32 - [MESSAGE][PASSED] - Object: 'Object Repository/Final Object Repo/Page_Form 1A - Cessation As Employer/Add Document' is clicked on

2018-11-28 12:12:32 - [TEST_STEP][PASSED] - delay: Delayed 2 second(s)

2018-11-28 12:12:34 - [MESSAGE][PASSED] - Delayed 2 second(s)

2018-11-28 12:12:34 - [TEST_STEP][PASSED] - click: Object: 'Object Repository/Final Object Repo/Page_Form 1A - Cessation As Employer/Document Type' is clicked on

2018-11-28 12:12:35 - [MESSAGE][PASSED] - Object: 'Object Repository/Final Object Repo/Page_Form 1A - Cessation As Employer/Document Type' is clicked on

2018-11-28 12:12:35 - [TEST_STEP][PASSED] - delay: Delayed 2 second(s)

2018-11-28 12:12:37 - [MESSAGE][PASSED] - Delayed 2 second(s)

2018-11-28 12:12:37 - [TEST_STEP][PASSED] - click: Object: 'Object Repository/Final Object Repo/Page_Form 1A - Cessation As Employer/Document Type - Supporting Document For Cessation' is clicked on

2018-11-28 12:12:38 - [MESSAGE][PASSED] - Object: 'Object Repository/Final Object Repo/Page_Form 1A - Cessation As Employer/Document Type - Supporting Document For Cessation' is clicked on

2018-11-28 12:12:38 - [TEST_STEP][PASSED] - delay: Delayed 2 second(s)

2018-11-28 12:12:40 - [MESSAGE][PASSED] - Delayed 2 second(s)

2018-11-28 12:12:40 - [TEST_STEP][PASSED] - sendKeys: Keys 'C:\Users\Public\Pictures\Sample Pictures\Koala.jpg' sent to object: 'Object Repository/Final Object Repo/Page_Form 1A - Cessation As Employer/Uploading File'

2018-11-28 12:12:40 - [MESSAGE][PASSED] - Keys 'C:\Users\Public\Pictures\Sample Pictures\Koala.jpg' sent to object: 'Object Repository/Final Object Repo/Page_Form 1A - Cessation As Employer/Uploading File'

2018-11-28 12:12:40 - [TEST_STEP][PASSED] - delay: Delayed 2 second(s)

2018-11-28 12:12:42 - [MESSAGE][PASSED] - Delayed 2 second(s)

2018-11-28 12:12:42 - [TEST_STEP][PASSED] - click: Object: 'Object Repository/Final Object Repo/Page_Form 1A - Cessation As Employer/Add Document in Uploading Page' is clicked on

2018-11-28 12:12:42 - [MESSAGE][PASSED] - Object: 'Object Repository/Final Object Repo/Page_Form 1A - Cessation As Employer/Add Document in Uploading Page' is clicked on

2018-11-28 12:12:42 - [TEST_STEP][PASSED] - delay: Delayed 15 second(s)

2018-11-28 12:12:57 - [MESSAGE][PASSED] - Delayed 15 second(s)

2018-11-28 12:12:57 - [TEST_STEP][PASSED] - click: Object: 'Object Repository/Final Object Repo/Page_Form 1A - Cessation As Employer/Save  Continue in Uploading Page' is clicked on

2018-11-28 12:12:57 - [MESSAGE][PASSED] - Object: 'Object Repository/Final Object Repo/Page_Form 1A - Cessation As Employer/Save  Continue in Uploading Page' is clicked on

2018-11-28 12:12:57 - [TEST_STEP][PASSED] - delay: Delayed 2 second(s)

2018-11-28 12:12:59 - [MESSAGE][PASSED] - Delayed 2 second(s)

2018-11-28 12:12:59 - [TEST_STEP][PASSED] - click: Object: 'Object Repository/Final Object Repo/Page_Form 1A - Cessation As Employer/Submit2' is clicked on

2018-11-28 12:13:03 - [MESSAGE][PASSED] - Object: 'Object Repository/Final Object Repo/Page_Form 1A - Cessation As Employer/Submit2' is clicked on

2018-11-28 12:13:03 - [TEST_STEP][PASSED] - delay: Delayed 2 second(s)

2018-11-28 12:13:05 - [MESSAGE][PASSED] - Delayed 2 second(s)

2018-11-28 12:13:05 - [TEST_STEP][PASSED] - click: Object: 'Object Repository/Final Object Repo/Page_Form 1A - Cessation As Employer/Confirm' is clicked on

2018-11-28 12:13:05 - [MESSAGE][PASSED] - Object: 'Object Repository/Final Object Repo/Page_Form 1A - Cessation As Employer/Confirm' is clicked on

2018-11-28 12:13:05 - [TEST_STEP][PASSED] - delay: Delayed 2 second(s)

2018-11-28 12:13:07 - [MESSAGE][PASSED] - Delayed 2 second(s)

2018-11-28 12:13:07 - [TEST_STEP][PASSED] - verifyElementVisible: Object 'Object Repository/Final Object Repo/Page_Form 1A - Cessation As Employer/Message Your Request will be routed to UO' is visible

2018-11-28 12:13:11 - [MESSAGE][PASSED] - Object 'Object Repository/Final Object Repo/Page_Form 1A - Cessation As Employer/Message Your Request will be routed to UO' is visible

2018-11-28 12:13:11 - [TEST_STEP][PASSED] - delay: Delayed 1 second(s)

2018-11-28 12:13:12 - [MESSAGE][PASSED] - Delayed 1 second(s)

2018-11-28 12:13:12 - [TEST_STEP][PASSED] - verifyElementVisible: Object 'Object Repository/Final Object Repo/Page_Form 1A - Cessation As Employer/Letter of acknowledgement' is visible

2018-11-28 12:13:12 - [MESSAGE][PASSED] - Object 'Object Repository/Final Object Repo/Page_Form 1A - Cessation As Employer/Letter of acknowledgement' is visible

2018-11-28 12:13:12 - [MESSAGE][PASSED] - Call Test Case 'Test Cases/Final Aug 2018 - PKS Automation/Registration Module/Workflow/Form 1A - Cessation As Employer/Template/Form 1 A - Cessation As Employer (PKRBO)' successfully

2018-11-28 12:13:12 - [TEST_STEP][PASSED] - callTestCase: Call Test Case 'Test Cases/Final Aug 2018 - PKS Automation/Registration Module/Workflow/Form 1A - Cessation As Employer/Template/Form 1 A - Cessation As Employer (Under enforcement)' successfully

2018-11-28 12:13:12 - [TEST_CASE][PASSED] - Test Cases/Final Aug 2018 - PKS Automation/Registration Module/Workflow/Form 1A - Cessation As Employer/Template/Form 1 A - Cessation As Employer (Under enforcement): Test Cases/Final Aug 2018 - PKS Automation/Registration Module/Workflow/Form 1A - Cessation As Employer/Template/Form 1 A - Cessation As Employer (Under enforcement)

2018-11-28 12:13:12 - [TEST_STEP][NOT_RUN] - callTestCase: NOT_RUN: callTestCase

2018-11-28 12:13:12 - [MESSAGE][NOT_RUN] - NOT_RUN: callTestCase

2018-11-28 12:13:12 - [TEST_STEP][PASSED] - delay: Delayed 1 second(s)

2018-11-28 12:13:13 - [MESSAGE][PASSED] - Delayed 1 second(s)

2018-11-28 12:13:13 - [TEST_STEP][PASSED] - navigateToUrl: Navigate to 'https://assist2-uat.perkeso.gov.my/c/portal/logout' successfully

2018-11-28 12:13:14 - [MESSAGE][PASSED] - Navigate to 'https://assist2-uat.perkeso.gov.my/c/portal/logout' successfully

2018-11-28 12:13:14 - [TEST_STEP][PASSED] - delay: Delayed 1 second(s)

2018-11-28 12:13:15 - [MESSAGE][PASSED] - Delayed 1 second(s)

2018-11-28 12:13:15 - [TEST_STEP][PASSED] - callTestCase: Call Test Case 'Test Cases/Final Aug 2018 - PKS Automation/Common/Reference Number Getter' successfully

2018-11-28 12:13:15 - [TEST_CASE][PASSED] - Test Cases/Final Aug 2018 - PKS Automation/Common/Reference Number Getter: Test Cases/Final Aug 2018 - PKS Automation/Common/Reference Number Getter

2018-11-28 12:13:15 - [TEST_STEP][PASSED] - Statement - Try: null

2018-11-28 12:13:15 - [TEST_STEP][PASSED] - Statement - RefNo = new java.io.File(C://Users//Admin//Desktop//PKS//Automation Reference Point//KatalonReference.txt): null

2018-11-28 12:13:15 - [TEST_STEP][PASSED] - Statement - bufferread = new java.io.BufferedReader(new java.io.FileReader(RefNo)): null

2018-11-28 12:13:15 - [TEST_STEP][PASSED] - Statement - readedVal = bufferread.readLine(): null

2018-11-28 12:13:15 - [TEST_STEP][PASSED] - Statement - out.println(CaseReferenceNo): null

2018-11-28 12:13:15 - [TEST_STEP][PASSED] - Statement - out.println(readedVal): null

2018-11-28 12:13:15 - [TEST_STEP][PASSED] - Statement - CaseReferenceNo = "": null

2018-11-28 12:13:15 - [TEST_STEP][PASSED] - Statement - CaseReferenceNo = readedVal: null

2018-11-28 12:13:15 - [MESSAGE][PASSED] - Call Test Case 'Test Cases/Final Aug 2018 - PKS Automation/Common/Reference Number Getter' successfully

2018-11-28 12:13:15 - [TEST_STEP][PASSED] - callTestCase: Call Test Case 'Test Cases/Final Aug 2018 - PKS Automation/Common/Workflow Owner Finder' successfully

2018-11-28 12:13:15 - [TEST_CASE][PASSED] - Test Cases/Final Aug 2018 - PKS Automation/Common/Workflow Owner Finder: Test Cases/Final Aug 2018 - PKS Automation/Common/Workflow Owner Finder

2018-11-28 12:13:15 - [TEST_STEP][PASSED] - openBrowser: Browser is opened with url: ''

2018-11-28 12:13:15 - [MESSAGE][WARNING] - A browser is already opened. Closing browser and opening a new one

2018-11-28 12:13:18 - [MESSAGE][PASSED] - Browser is opened with url: ''

2018-11-28 12:13:18 - [TEST_STEP][PASSED] - navigateToUrl: Navigate to 'https://assist2-uat.perkeso.gov.my/login' successfully

2018-11-28 12:13:19 - [MESSAGE][PASSED] - Navigate to 'https://assist2-uat.perkeso.gov.my/login' successfully

2018-11-28 12:13:19 - [TEST_STEP][PASSED] - delay: Delayed 5 second(s)

2018-11-28 12:13:24 - [MESSAGE][PASSED] - Delayed 5 second(s)

2018-11-28 12:13:24 - [TEST_STEP][PASSED] - setText: Text 'test@liferay.com' is set on object 'Object Repository/Final Object Repo/Login Page/Internal User/Email Address'

2018-11-28 12:13:24 - [MESSAGE][PASSED] - Text 'test@liferay.com' is set on object 'Object Repository/Final Object Repo/Login Page/Internal User/Email Address'

2018-11-28 12:13:24 - [TEST_STEP][PASSED] - click: Object: 'Object Repository/Final Object Repo/Login Page/Internal User/Next Button' is clicked on

2018-11-28 12:13:24 - [MESSAGE][PASSED] - Object: 'Object Repository/Final Object Repo/Login Page/Internal User/Next Button' is clicked on

2018-11-28 12:13:24 - [TEST_STEP][PASSED] - delay: Delayed 2 second(s)

2018-11-28 12:13:26 - [MESSAGE][PASSED] - Delayed 2 second(s)

2018-11-28 12:13:26 - [TEST_STEP][PASSED] - setText: Text 'test' is set on object 'Object Repository/Final Object Repo/Login Page/Internal User/Password'

2018-11-28 12:13:27 - [MESSAGE][PASSED] - Text 'test' is set on object 'Object Repository/Final Object Repo/Login Page/Internal User/Password'

2018-11-28 12:13:27 - [TEST_STEP][PASSED] - delay: Delayed 2 second(s)

2018-11-28 12:13:29 - [MESSAGE][PASSED] - Delayed 2 second(s)

2018-11-28 12:13:29 - [TEST_STEP][PASSED] - click: Object: 'Object Repository/Final Object Repo/Login Page/Internal User/Login Button' is clicked on

2018-11-28 12:13:29 - [MESSAGE][PASSED] - Object: 'Object Repository/Final Object Repo/Login Page/Internal User/Login Button' is clicked on

2018-11-28 12:13:29 - [TEST_STEP][PASSED] - Statement - Try: null

2018-11-28 12:13:29 - [TEST_STEP][PASSED] - Statement - Checker = com.kms.katalon.core.webui.keyword.WebUiBuiltInKeywords.verifyElementNotPresent("Final Object Repo/Landing Page/Select to English", 3): null

2018-11-28 12:13:29 - [TEST_STEP][PASSED] - Statement - Catch (Exception e): null

2018-11-28 12:13:29 - [TEST_STEP][PASSED] - Statement - e.printStackTrace(): null

2018-11-28 12:13:29 - [TEST_STEP][PASSED] - delay: Delayed 5 second(s)

2018-11-28 12:13:34 - [MESSAGE][PASSED] - Delayed 5 second(s)

2018-11-28 12:13:34 - [TEST_STEP][PASSED] - mouseOver: Object: 'Object Repository/Final Object Repo/Landing Page/WorkFlow Menu' is hovered

2018-11-28 12:13:34 - [MESSAGE][PASSED] - Object: 'Object Repository/Final Object Repo/Landing Page/WorkFlow Menu' is hovered

2018-11-28 12:13:34 - [TEST_STEP][PASSED] - delay: Delayed 2 second(s)

2018-11-28 12:13:36 - [MESSAGE][PASSED] - Delayed 2 second(s)

2018-11-28 12:13:36 - [TEST_STEP][PASSED] - click: Object: 'Object Repository/Final Object Repo/Landing Page/Select to Workflow Listing' is clicked on

2018-11-28 12:13:37 - [MESSAGE][PASSED] - Object: 'Object Repository/Final Object Repo/Landing Page/Select to Workflow Listing' is clicked on

2018-11-28 12:13:37 - [TEST_STEP][PASSED] - delay: Delayed 2 second(s)

2018-11-28 12:13:39 - [MESSAGE][PASSED] - Delayed 2 second(s)

2018-11-28 12:13:39 - [TEST_STEP][PASSED] - click: Object: 'Object Repository/Final Object Repo/WorkFlow Listing Page/Search Information - To Put Ref No' is clicked on

2018-11-28 12:13:39 - [MESSAGE][PASSED] - Object: 'Object Repository/Final Object Repo/WorkFlow Listing Page/Search Information - To Put Ref No' is clicked on

2018-11-28 12:13:39 - [TEST_STEP][PASSED] - delay: Delayed 2 second(s)

2018-11-28 12:13:41 - [MESSAGE][PASSED] - Delayed 2 second(s)

2018-11-28 12:13:41 - [TEST_STEP][PASSED] - callTestCase: Call Test Case 'Test Cases/Final Aug 2018 - PKS Automation/Common/Reference Number Getter' successfully

2018-11-28 12:13:41 - [TEST_CASE][PASSED] - Test Cases/Final Aug 2018 - PKS Automation/Common/Reference Number Getter: Test Cases/Final Aug 2018 - PKS Automation/Common/Reference Number Getter

2018-11-28 12:13:41 - [TEST_STEP][PASSED] - Statement - Try: null

2018-11-28 12:13:41 - [TEST_STEP][PASSED] - Statement - RefNo = new java.io.File(C://Users//Admin//Desktop//PKS//Automation Reference Point//KatalonReference.txt): null

2018-11-28 12:13:41 - [TEST_STEP][PASSED] - Statement - bufferread = new java.io.BufferedReader(new java.io.FileReader(RefNo)): null

2018-11-28 12:13:41 - [TEST_STEP][PASSED] - Statement - readedVal = bufferread.readLine(): null

2018-11-28 12:13:41 - [TEST_STEP][PASSED] - Statement - out.println(CaseReferenceNo): null

2018-11-28 12:13:41 - [TEST_STEP][PASSED] - Statement - out.println(readedVal): null

2018-11-28 12:13:41 - [TEST_STEP][PASSED] - Statement - CaseReferenceNo = "": null

2018-11-28 12:13:41 - [TEST_STEP][PASSED] - Statement - CaseReferenceNo = readedVal: null

2018-11-28 12:13:41 - [MESSAGE][PASSED] - Call Test Case 'Test Cases/Final Aug 2018 - PKS Automation/Common/Reference Number Getter' successfully

2018-11-28 12:13:41 - [TEST_STEP][PASSED] - setText: Text 'CUN112018C200001670' is set on object 'Object Repository/Final Object Repo/WorkFlow Listing Page/Ref No Set Text'

2018-11-28 12:13:42 - [MESSAGE][PASSED] - Text 'CUN112018C200001670' is set on object 'Object Repository/Final Object Repo/WorkFlow Listing Page/Ref No Set Text'

2018-11-28 12:13:42 - [TEST_STEP][PASSED] - delay: Delayed 2 second(s)

2018-11-28 12:13:44 - [MESSAGE][PASSED] - Delayed 2 second(s)

2018-11-28 12:13:44 - [TEST_STEP][PASSED] - click: Object: 'Object Repository/Final Object Repo/WorkFlow Listing Page/Search Ref No Search Button' is clicked on

2018-11-28 12:13:44 - [MESSAGE][PASSED] - Object: 'Object Repository/Final Object Repo/WorkFlow Listing Page/Search Ref No Search Button' is clicked on

2018-11-28 12:13:44 - [TEST_STEP][PASSED] - delay: Delayed 4 second(s)

2018-11-28 12:13:48 - [MESSAGE][PASSED] - Delayed 4 second(s)

2018-11-28 12:13:48 - [TEST_STEP][PASSED] - click: Object: 'Object Repository/Final Object Repo/WorkFlow Listing Page/Click Continue Tooltip' is clicked on

2018-11-28 12:13:49 - [MESSAGE][PASSED] - Object: 'Object Repository/Final Object Repo/WorkFlow Listing Page/Click Continue Tooltip' is clicked on

2018-11-28 12:13:49 - [TEST_STEP][PASSED] - delay: Delayed 5 second(s)

2018-11-28 12:13:54 - [MESSAGE][PASSED] - Delayed 5 second(s)

2018-11-28 12:13:54 - [TEST_STEP][PASSED] - doubleClick: Object: 'Object Repository/Final Object Repo/WorkFlow Listing Page/Workflow Found - Listing 1' is double clicked on

2018-11-28 12:13:54 - [MESSAGE][PASSED] - Object: 'Object Repository/Final Object Repo/WorkFlow Listing Page/Workflow Found - Listing 1' is double clicked on

2018-11-28 12:13:54 - [TEST_STEP][PASSED] - Statement - println(OwnerID): null

2018-11-28 12:13:54 - [TEST_STEP][PASSED] - Statement - OwnerID = com.kms.katalon.core.webui.keyword.WebUiBuiltInKeywords.getText(com.kms.katalon.core.testobject.ObjectRepository.findTestObject(Final Object Repo/WorkFlow Listing Page/Workflow Found - Listing 1), STOP_ON_FAILURE): Text of object 'Object Repository/Final Object Repo/WorkFlow Listing Page/Workflow Found - Listing 1' is: 'JOHORuo3'

2018-11-28 12:13:54 - [MESSAGE][PASSED] - Text of object 'Object Repository/Final Object Repo/WorkFlow Listing Page/Workflow Found - Listing 1' is: 'JOHORuo3'

2018-11-28 12:13:54 - [TEST_STEP][PASSED] - Statement - OwnerID = OwnerID.toLowerCase() + "@gmail.com": null

2018-11-28 12:13:54 - [TEST_STEP][PASSED] - Statement - println(OwnerID): null

2018-11-28 12:13:54 - [TEST_STEP][PASSED] - delay: Delayed 2 second(s)

2018-11-28 12:13:56 - [MESSAGE][PASSED] - Delayed 2 second(s)

2018-11-28 12:13:56 - [MESSAGE][PASSED] - Call Test Case 'Test Cases/Final Aug 2018 - PKS Automation/Common/Workflow Owner Finder' successfully

2018-11-28 12:13:56 - [TEST_STEP][PASSED] - delay: Delayed 1 second(s)

2018-11-28 12:13:57 - [MESSAGE][PASSED] - Delayed 1 second(s)

2018-11-28 12:13:57 - [TEST_STEP][PASSED] - navigateToUrl: Navigate to 'https://assist2-uat.perkeso.gov.my/c/portal/logout' successfully

2018-11-28 12:13:58 - [MESSAGE][PASSED] - Navigate to 'https://assist2-uat.perkeso.gov.my/c/portal/logout' successfully

2018-11-28 12:13:58 - [TEST_STEP][PASSED] - delay: Delayed 1 second(s)

2018-11-28 12:13:59 - [MESSAGE][PASSED] - Delayed 1 second(s)

2018-11-28 12:13:59 - [TEST_STEP][PASSED] - callTestCase: Call Test Case 'Test Cases/Final Aug 2018 - PKS Automation/Registration Module/Workflow/Login and Search Case For Workflow' successfully

2018-11-28 12:13:59 - [TEST_CASE][PASSED] - Test Cases/Final Aug 2018 - PKS Automation/Registration Module/Workflow/Login and Search Case For Workflow: Test Cases/Final Aug 2018 - PKS Automation/Registration Module/Workflow/Login and Search Case For Workflow

2018-11-28 12:13:59 - [TEST_STEP][PASSED] - navigateToUrl: Navigate to 'https://assist2-uat.perkeso.gov.my/login' successfully

2018-11-28 12:14:00 - [MESSAGE][PASSED] - Navigate to 'https://assist2-uat.perkeso.gov.my/login' successfully

2018-11-28 12:14:00 - [TEST_STEP][PASSED] - setText: Text 'johoruo3@gmail.com' is set on object 'Object Repository/Final Object Repo/Login Page/Internal User/Email Address'

2018-11-28 12:14:00 - [MESSAGE][PASSED] - Text 'johoruo3@gmail.com' is set on object 'Object Repository/Final Object Repo/Login Page/Internal User/Email Address'

2018-11-28 12:14:00 - [TEST_STEP][PASSED] - click: Object: 'Object Repository/Final Object Repo/Login Page/Internal User/Next Button' is clicked on

2018-11-28 12:14:00 - [MESSAGE][PASSED] - Object: 'Object Repository/Final Object Repo/Login Page/Internal User/Next Button' is clicked on

2018-11-28 12:14:00 - [TEST_STEP][PASSED] - delay: Delayed 1 second(s)

2018-11-28 12:14:01 - [MESSAGE][PASSED] - Delayed 1 second(s)

2018-11-28 12:14:01 - [TEST_STEP][PASSED] - setEncryptedText: Text ****** has been set on object 'Object Repository/Final Object Repo/Login Page/Internal User/Password'

2018-11-28 12:14:03 - [MESSAGE][PASSED] - Text ****** has been set on object 'Object Repository/Final Object Repo/Login Page/Internal User/Password'

2018-11-28 12:14:03 - [TEST_STEP][PASSED] - click: Object: 'Object Repository/Final Object Repo/Login Page/Internal User/Login Button' is clicked on

2018-11-28 12:14:03 - [MESSAGE][PASSED] - Object: 'Object Repository/Final Object Repo/Login Page/Internal User/Login Button' is clicked on

2018-11-28 12:14:03 - [TEST_STEP][PASSED] - delay: Delayed 2 second(s)

2018-11-28 12:14:05 - [MESSAGE][PASSED] - Delayed 2 second(s)

2018-11-28 12:14:05 - [TEST_STEP][PASSED] - Statement - Try: Delayed 2 second(s)

2018-11-28 12:14:05 - [TEST_STEP][PASSED] - Statement - Checker = false: null

2018-11-28 12:14:05 - [TEST_STEP][PASSED] - Statement - Checker = com.kms.katalon.core.webui.keyword.WebUiBuiltInKeywords.verifyElementHasAttribute(com.kms.katalon.core.testobject.ObjectRepository.findTestObject(Final Object Repo/Landing Page/BM Detecting), "href", 20, OPTIONAL): Object 'Object Repository/Final Object Repo/Landing Page/BM Detecting' has attribute 'href'

2018-11-28 12:14:05 - [MESSAGE][PASSED] - Object 'Object Repository/Final Object Repo/Landing Page/BM Detecting' has attribute 'href'

2018-11-28 12:14:05 - [TEST_STEP][PASSED] - Statement - out.println(Checker): null

2018-11-28 12:14:05 - [TEST_STEP][PASSED] - Statement - If (Checker == false): null

2018-11-28 12:14:05 - [TEST_STEP][PASSED] - Statement - Else: null

2018-11-28 12:14:05 - [TEST_STEP][PASSED] - delay: Delayed 2 second(s)

2018-11-28 12:14:07 - [MESSAGE][PASSED] - Delayed 2 second(s)

2018-11-28 12:14:07 - [TEST_STEP][PASSED] - click: Object: 'Object Repository/Final Object Repo/Page_MyASSIST - ASSIST - Search Pending Case For Add Supporting Document/Search Information' is clicked on

2018-11-28 12:14:07 - [MESSAGE][PASSED] - Object: 'Object Repository/Final Object Repo/Page_MyASSIST - ASSIST - Search Pending Case For Add Supporting Document/Search Information' is clicked on

2018-11-28 12:14:07 - [TEST_STEP][PASSED] - delay: Delayed 3 second(s)

2018-11-28 12:14:10 - [MESSAGE][PASSED] - Delayed 3 second(s)

2018-11-28 12:14:10 - [TEST_STEP][PASSED] - sendKeys: Keys 'CUN112018C200001670' sent to object: 'Object Repository/Final Object Repo/Page_MyASSIST - ASSIST - Search Pending Case For Add Supporting Document/Reference No'

2018-11-28 12:14:11 - [MESSAGE][PASSED] - Keys 'CUN112018C200001670' sent to object: 'Object Repository/Final Object Repo/Page_MyASSIST - ASSIST - Search Pending Case For Add Supporting Document/Reference No'

2018-11-28 12:14:11 - [TEST_STEP][PASSED] - click: Object: 'Object Repository/Final Object Repo/Page_MyASSIST - ASSIST - Search Pending Case For Add Supporting Document/Search Reference No' is clicked on

2018-11-28 12:14:11 - [MESSAGE][PASSED] - Object: 'Object Repository/Final Object Repo/Page_MyASSIST - ASSIST - Search Pending Case For Add Supporting Document/Search Reference No' is clicked on

2018-11-28 12:14:11 - [TEST_STEP][PASSED] - delay: Delayed 2 second(s)

2018-11-28 12:14:13 - [MESSAGE][PASSED] - Delayed 2 second(s)

2018-11-28 12:14:13 - [TEST_STEP][PASSED] - click: Object: 'Object Repository/Final Object Repo/Page_MyASSIST - ASSIST - Search Pending Case For Add Supporting Document/Continue' is clicked on

2018-11-28 12:14:16 - [MESSAGE][PASSED] - Object: 'Object Repository/Final Object Repo/Page_MyASSIST - ASSIST - Search Pending Case For Add Supporting Document/Continue' is clicked on

2018-11-28 12:14:16 - [TEST_STEP][PASSED] - delay: Delayed 20 second(s)

2018-11-28 12:14:36 - [MESSAGE][PASSED] - Delayed 20 second(s)

2018-11-28 12:14:36 - [MESSAGE][PASSED] - Call Test Case 'Test Cases/Final Aug 2018 - PKS Automation/Registration Module/Workflow/Login and Search Case For Workflow' successfully

2018-11-28 12:14:36 - [TEST_STEP][PASSED] - click: Object: 'Object Repository/Final Object Repo/Page_Form 1A - Cessation As Employer/Page_Form 1A - Cessation As Employer (Approve)/Save  Continue in Form 1A Page' is clicked on

2018-11-28 12:14:36 - [MESSAGE][PASSED] - Object: 'Object Repository/Final Object Repo/Page_Form 1A - Cessation As Employer/Page_Form 1A - Cessation As Employer (Approve)/Save  Continue in Form 1A Page' is clicked on

2018-11-28 12:14:36 - [TEST_STEP][PASSED] - delay: Delayed 2 second(s)

2018-11-28 12:14:38 - [MESSAGE][PASSED] - Delayed 2 second(s)

2018-11-28 12:14:38 - [TEST_STEP][PASSED] - click: Object: 'Object Repository/Final Object Repo/Page_Form 1A - Cessation As Employer/Employment Resign Date' is clicked on

2018-11-28 12:14:40 - [MESSAGE][PASSED] - Object: 'Object Repository/Final Object Repo/Page_Form 1A - Cessation As Employer/Employment Resign Date' is clicked on

2018-11-28 12:14:40 - [TEST_STEP][PASSED] - delay: Delayed 1 second(s)

2018-11-28 12:14:41 - [MESSAGE][PASSED] - Delayed 1 second(s)

2018-11-28 12:14:41 - [TEST_STEP][PASSED] - selectOptionByValue: All options with value '2030' are selected in object 'Object Repository/Final Object Repo/Page_Form 1A - Cessation As Employer/Employment Resign Date - Year' 

2018-11-28 12:14:41 - [MESSAGE][PASSED] - All options with value '2030' are selected in object 'Object Repository/Final Object Repo/Page_Form 1A - Cessation As Employer/Employment Resign Date - Year' 

2018-11-28 12:14:41 - [TEST_STEP][PASSED] - delay: Delayed 1 second(s)

2018-11-28 12:14:42 - [MESSAGE][PASSED] - Delayed 1 second(s)

2018-11-28 12:14:42 - [TEST_STEP][PASSED] - click: Object: 'Object Repository/Final Object Repo/Page_Form 1A - Cessation As Employer/Employment Resign Date - Year - Date' is clicked on

2018-11-28 12:14:42 - [MESSAGE][PASSED] - Object: 'Object Repository/Final Object Repo/Page_Form 1A - Cessation As Employer/Employment Resign Date - Year - Date' is clicked on

2018-11-28 12:14:42 - [TEST_STEP][PASSED] - delay: Delayed 2 second(s)

2018-11-28 12:14:44 - [MESSAGE][PASSED] - Delayed 2 second(s)

2018-11-28 12:14:44 - [TEST_STEP][PASSED] - click: Object: 'Object Repository/Final Object Repo/Page_Form 1A - Cessation As Employer/Page_Form 1A - Cessation As Employer (Approve)/Save  Continue in Update Add Employee Resigned Date Page' is clicked on

2018-11-28 12:14:45 - [MESSAGE][PASSED] - Object: 'Object Repository/Final Object Repo/Page_Form 1A - Cessation As Employer/Page_Form 1A - Cessation As Employer (Approve)/Save  Continue in Update Add Employee Resigned Date Page' is clicked on

2018-11-28 12:14:45 - [TEST_STEP][PASSED] - delay: Delayed 2 second(s)

2018-11-28 12:14:47 - [MESSAGE][PASSED] - Delayed 2 second(s)

2018-11-28 12:14:47 - [TEST_STEP][PASSED] - click: Object: 'Object Repository/Final Object Repo/Page_Form 1A - Cessation As Employer/Set Latest - Yes' is clicked on

2018-11-28 12:14:48 - [MESSAGE][PASSED] - Object: 'Object Repository/Final Object Repo/Page_Form 1A - Cessation As Employer/Set Latest - Yes' is clicked on

2018-11-28 12:14:48 - [TEST_STEP][PASSED] - delay: Delayed 2 second(s)

2018-11-28 12:14:50 - [MESSAGE][PASSED] - Delayed 2 second(s)

2018-11-28 12:14:50 - [TEST_STEP][PASSED] - click: Object: 'Object Repository/Final Object Repo/Page_Form 1A - Cessation As Employer/Page_Form 1A - Cessation As Employer (Approve)/Save  Contine in Uploading Document Page' is clicked on

2018-11-28 12:14:51 - [MESSAGE][PASSED] - Object: 'Object Repository/Final Object Repo/Page_Form 1A - Cessation As Employer/Page_Form 1A - Cessation As Employer (Approve)/Save  Contine in Uploading Document Page' is clicked on

2018-11-28 12:14:51 - [TEST_STEP][PASSED] - delay: Delayed 2 second(s)

2018-11-28 12:14:53 - [MESSAGE][PASSED] - Delayed 2 second(s)

2018-11-28 12:14:53 - [TEST_STEP][PASSED] - click: Object: 'Object Repository/Final Object Repo/Page_Form 1A - Cessation As Employer/Page_Form 1A - Cessation As Employer (Under enforcement)/Under enforcement' is clicked on

2018-11-28 12:14:56 - [MESSAGE][PASSED] - Object: 'Object Repository/Final Object Repo/Page_Form 1A - Cessation As Employer/Page_Form 1A - Cessation As Employer (Under enforcement)/Under enforcement' is clicked on

2018-11-28 12:14:56 - [TEST_STEP][PASSED] - delay: Delayed 2 second(s)

2018-11-28 12:14:58 - [MESSAGE][PASSED] - Delayed 2 second(s)

2018-11-28 12:14:58 - [TEST_STEP][PASSED] - setText: Text 'remark' is set on object 'Object Repository/Final Object Repo/Page_Form 1A - Cessation As Employer/Page_Form 1A - Cessation As Employer (Under enforcement)/Under enforcement - remark'

2018-11-28 12:15:02 - [MESSAGE][PASSED] - Text 'remark' is set on object 'Object Repository/Final Object Repo/Page_Form 1A - Cessation As Employer/Page_Form 1A - Cessation As Employer (Under enforcement)/Under enforcement - remark'

2018-11-28 12:15:02 - [TEST_STEP][PASSED] - delay: Delayed 2 second(s)

2018-11-28 12:15:04 - [MESSAGE][PASSED] - Delayed 2 second(s)

2018-11-28 12:15:04 - [TEST_STEP][PASSED] - click: Object: 'Object Repository/Final Object Repo/Page_Form 1A - Cessation As Employer/Page_Form 1A - Cessation As Employer (Under enforcement)/Save  Continue in Under enforcement Page' is clicked on

2018-11-28 12:15:04 - [MESSAGE][PASSED] - Object: 'Object Repository/Final Object Repo/Page_Form 1A - Cessation As Employer/Page_Form 1A - Cessation As Employer (Under enforcement)/Save  Continue in Under enforcement Page' is clicked on

2018-11-28 12:15:04 - [TEST_STEP][PASSED] - delay: Delayed 2 second(s)

2018-11-28 12:15:06 - [MESSAGE][PASSED] - Delayed 2 second(s)

2018-11-28 12:15:06 - [TEST_STEP][PASSED] - click: Object: 'Object Repository/Final Object Repo/Page_Form 1A - Cessation As Employer/Page_Form 1A - Cessation As Employer (Under enforcement)/Message The case is under enforcement' is clicked on

2018-11-28 12:15:08 - [MESSAGE][PASSED] - Object: 'Object Repository/Final Object Repo/Page_Form 1A - Cessation As Employer/Page_Form 1A - Cessation As Employer (Under enforcement)/Message The case is under enforcement' is clicked on

2018-11-28 12:15:08 - [MESSAGE][PASSED] - Call Test Case 'Test Cases/Final Aug 2018 - PKS Automation/Registration Module/Workflow/Form 1A - Cessation As Employer/Template/Form 1 A - Cessation As Employer (Under enforcement)' successfully]]></system-out>
         <system-err><![CDATA[]]></system-err>
      </testcase>
      <system-out><![CDATA[2018-11-28 11:02:51 - [TEST_SUITE][PASSED] - Form 1A - Cessation as Employer: Test Cases/Final Aug 2018 - PKS Automation/Registration Module/Workflow/Form 1A - Cessation As Employer/PKRBO to UO (Under enforcement)]]></system-out>
      <system-err><![CDATA[]]></system-err>
   </testsuite>
</testsuites>
