<?xml version="1.0" encoding="UTF-8"?>
<testsuites name="Request SSN" time="1612" tests="0" failures="6" errors="0">
   <testsuite name="Request SSN" tests="0" failures="6" errors="0" time="1612" timestamp="2018-11-25 10:36:09" hostname="Admin - Win7Test02" id="Test Suites/Workflow/Request SSN">
      <properties>
         <property name="deviceName" value=""/>
         <property name="devicePlatform" value=""/>
         <property name="logFolder" value="C:\\Users\\Admin\\Desktop\\PKS\\Perkeso Phase A\\Reports\\Workflow\\Request SSN\\20181125_002205"/>
         <property name="logFiles" value="C:\\Users\\Admin\\Desktop\\PKS\\Perkeso Phase A\\Reports\\Workflow\\Request SSN\\20181125_002205\\execution0.log"/>
         <property name="attachments" value="C:\\Users\\Admin\\Desktop\\PKS\\Perkeso Phase A\\Reports\\Workflow\\Request SSN\\20181125_002205\\1543113476449.png, C:\\Users\\Admin\\Desktop\\PKS\\Perkeso Phase A\\Reports\\Workflow\\Request SSN\\20181125_002205\\1543113510200.png, C:\\Users\\Admin\\Desktop\\PKS\\Perkeso Phase A\\Reports\\Workflow\\Request SSN\\20181125_002205\\1543113512963.png, C:\\Users\\Admin\\Desktop\\PKS\\Perkeso Phase A\\Reports\\Workflow\\Request SSN\\20181125_002205\\1543113515393.png, C:\\Users\\Admin\\Desktop\\PKS\\Perkeso Phase A\\Reports\\Workflow\\Request SSN\\20181125_002205\\1543113557550.png, C:\\Users\\Admin\\Desktop\\PKS\\Perkeso Phase A\\Reports\\Workflow\\Request SSN\\20181125_002205\\1543113674223.png, C:\\Users\\Admin\\Desktop\\PKS\\Perkeso Phase A\\Reports\\Workflow\\Request SSN\\20181125_002205\\1543113711941.png, C:\\Users\\Admin\\Desktop\\PKS\\Perkeso Phase A\\Reports\\Workflow\\Request SSN\\20181125_002205\\1543113719472.png, C:\\Users\\Admin\\Desktop\\PKS\\Perkeso Phase A\\Reports\\Workflow\\Request SSN\\20181125_002205\\1543113753132.png, C:\\Users\\Admin\\Desktop\\PKS\\Perkeso Phase A\\Reports\\Workflow\\Request SSN\\20181125_002205\\1543113787236.png, C:\\Users\\Admin\\Desktop\\PKS\\Perkeso Phase A\\Reports\\Workflow\\Request SSN\\20181125_002205\\1543113789666.png, C:\\Users\\Admin\\Desktop\\PKS\\Perkeso Phase A\\Reports\\Workflow\\Request SSN\\20181125_002205\\1543113831374.png, C:\\Users\\Admin\\Desktop\\PKS\\Perkeso Phase A\\Reports\\Workflow\\Request SSN\\20181125_002205\\1543113947487.png, C:\\Users\\Admin\\Desktop\\PKS\\Perkeso Phase A\\Reports\\Workflow\\Request SSN\\20181125_002205\\1543113985060.png, C:\\Users\\Admin\\Desktop\\PKS\\Perkeso Phase A\\Reports\\Workflow\\Request SSN\\20181125_002205\\1543113992563.png, C:\\Users\\Admin\\Desktop\\PKS\\Perkeso Phase A\\Reports\\Workflow\\Request SSN\\20181125_002205\\1543114026145.png, C:\\Users\\Admin\\Desktop\\PKS\\Perkeso Phase A\\Reports\\Workflow\\Request SSN\\20181125_002205\\1543114060217.png, C:\\Users\\Admin\\Desktop\\PKS\\Perkeso Phase A\\Reports\\Workflow\\Request SSN\\20181125_002205\\1543114062643.png, C:\\Users\\Admin\\Desktop\\PKS\\Perkeso Phase A\\Reports\\Workflow\\Request SSN\\20181125_002205\\1543114104215.png, C:\\Users\\Admin\\Desktop\\PKS\\Perkeso Phase A\\Reports\\Workflow\\Request SSN\\20181125_002205\\1543114301374.png, C:\\Users\\Admin\\Desktop\\PKS\\Perkeso Phase A\\Reports\\Workflow\\Request SSN\\20181125_002205\\1543114339068.png, C:\\Users\\Admin\\Desktop\\PKS\\Perkeso Phase A\\Reports\\Workflow\\Request SSN\\20181125_002205\\1543114346573.png, C:\\Users\\Admin\\Desktop\\PKS\\Perkeso Phase A\\Reports\\Workflow\\Request SSN\\20181125_002205\\1543114380190.png, C:\\Users\\Admin\\Desktop\\PKS\\Perkeso Phase A\\Reports\\Workflow\\Request SSN\\20181125_002205\\1543114414295.png, C:\\Users\\Admin\\Desktop\\PKS\\Perkeso Phase A\\Reports\\Workflow\\Request SSN\\20181125_002205\\1543114416710.png, C:\\Users\\Admin\\Desktop\\PKS\\Perkeso Phase A\\Reports\\Workflow\\Request SSN\\20181125_002205\\1543114458563.png, C:\\Users\\Admin\\Desktop\\PKS\\Perkeso Phase A\\Reports\\Workflow\\Request SSN\\20181125_002205\\1543114582588.png, C:\\Users\\Admin\\Desktop\\PKS\\Perkeso Phase A\\Reports\\Workflow\\Request SSN\\20181125_002205\\1543114620011.png, C:\\Users\\Admin\\Desktop\\PKS\\Perkeso Phase A\\Reports\\Workflow\\Request SSN\\20181125_002205\\1543114627521.png, C:\\Users\\Admin\\Desktop\\PKS\\Perkeso Phase A\\Reports\\Workflow\\Request SSN\\20181125_002205\\1543114661125.png, C:\\Users\\Admin\\Desktop\\PKS\\Perkeso Phase A\\Reports\\Workflow\\Request SSN\\20181125_002205\\1543114695192.png, C:\\Users\\Admin\\Desktop\\PKS\\Perkeso Phase A\\Reports\\Workflow\\Request SSN\\20181125_002205\\1543114697617.png, C:\\Users\\Admin\\Desktop\\PKS\\Perkeso Phase A\\Reports\\Workflow\\Request SSN\\20181125_002205\\1543114739359.png, C:\\Users\\Admin\\Desktop\\PKS\\Perkeso Phase A\\Reports\\Workflow\\Request SSN\\20181125_002205\\1543114868827.png, C:\\Users\\Admin\\Desktop\\PKS\\Perkeso Phase A\\Reports\\Workflow\\Request SSN\\20181125_002205\\1543114902447.png, C:\\Users\\Admin\\Desktop\\PKS\\Perkeso Phase A\\Reports\\Workflow\\Request SSN\\20181125_002205\\1543114936513.png, C:\\Users\\Admin\\Desktop\\PKS\\Perkeso Phase A\\Reports\\Workflow\\Request SSN\\20181125_002205\\1543114938940.png, C:\\Users\\Admin\\Desktop\\PKS\\Perkeso Phase A\\Reports\\Workflow\\Request SSN\\20181125_002205\\1543114980580.png"/>
         <property name="hostName" value="Admin - Win7Test02"/>
         <property name="os" value="Windows 7 64bit"/>
         <property name="katalonVersion" value="5.8.6.1"/>
         <property name="browser" value="Chrome 70.0.3538.102"/>
         <property name="hostAddress" value="10.20.3.72"/>
         <property name="sessionId" value="3cf6c9f61e7785300c4c79f3d299dbb6"/>
         <property name="seleniumVersion" value="3.7.1"/>
         <property name="proxyInformation" value="ProxyInformation{proxyOption=NO_PROXY, proxyServerType=HTTP, password=, proxyServerAddress=, proxyServerPort=0}"/>
         <property name="platform" value="Windows 7"/>
      </properties>
      <testcase name="Test Cases/Final Aug 2018 - PKS Automation/Registration Module/Workflow/Request SSN/OTC - RIO - RO (Approve)" classname="Test Cases/Final Aug 2018 - PKS Automation/Registration Module/Workflow/Request SSN/OTC - RIO - RO (Approve)" status="FAILED">
         <failure type="FAILED" message="(Stack trace: com.kms.katalon.core.exception.StepFailedException: Unable to click on object 'Object Repository/Final Object Repo/Landing Page/Select to Workflow Listing' (Root cause: org.openqa.selenium.ElementNotVisibleException: element not interactable
  (Session info: chrome=70.0.3538.102)
  (Driver info: chromedriver=2.43.600210 (68dcf5eebde37173d4027fa8635e332711d2874a),platform=Windows NT 6.1.7601 SP1 x86_64) (WARNING: The server did not provide any stacktrace information)
Command duration or timeout: 0 milliseconds
Build info: version: '3.7.1', revision: '8a0099a', time: '2017-11-06T21:07:36.161Z'
System info: host: 'WIN7TEST02', ip: '10.20.3.72', os.name: 'Windows 7', os.arch: 'amd64', os.version: '6.1', java.version: '1.8.0_181'
Driver info: com.kms.katalon.selenium.driver.CChromeDriver
Capabilities {acceptInsecureCerts: false, acceptSslCerts: false, applicationCacheEnabled: false, browserConnectionEnabled: false, browserName: chrome, chrome: {chromedriverVersion: 2.43.600210 (68dcf5eebde371..., userDataDir: C:\Users\Admin\AppData\Loca...}, cssSelectorsEnabled: true, databaseEnabled: false, goog:chromeOptions: {debuggerAddress: localhost:56796}, handlesAlerts: true, hasTouchScreen: false, javascriptEnabled: true, locationContextEnabled: true, mobileEmulationEnabled: false, nativeEvents: true, networkConnectionEnabled: false, pageLoadStrategy: normal, platform: XP, platformName: XP, rotatable: false, setWindowRect: true, takesHeapSnapshot: true, takesScreenshot: true, unexpectedAlertBehaviour: , unhandledPromptBehavior: , version: 70.0.3538.102, webStorageEnabled: true}
Session ID: 90b80e295885b2a937d1975a1133b55c)
	at com.kms.katalon.core.keyword.internal.KeywordMain.stepFailed(KeywordMain.groovy:32)
	at com.kms.katalon.core.webui.keyword.internal.WebUIKeywordMain.stepFailed(WebUIKeywordMain.groovy:65)
	at com.kms.katalon.core.webui.keyword.internal.WebUIKeywordMain.runKeyword(WebUIKeywordMain.groovy:27)
	at com.kms.katalon.core.webui.keyword.builtin.ClickKeyword.click(ClickKeyword.groovy:86)
	at com.kms.katalon.core.webui.keyword.builtin.ClickKeyword.execute(ClickKeyword.groovy:67)
	at com.kms.katalon.core.keyword.internal.KeywordExecutor.executeKeywordForPlatform(KeywordExecutor.groovy:53)
	at com.kms.katalon.core.webui.keyword.WebUiBuiltInKeywords.click(WebUiBuiltInKeywords.groovy:616)
	at com.kms.katalon.core.webui.keyword.WebUiBuiltInKeywords$click$2.call(Unknown Source)
	at org.codehaus.groovy.runtime.callsite.CallSiteArray.defaultCall(CallSiteArray.java:48)
	at org.codehaus.groovy.runtime.callsite.AbstractCallSite.call(AbstractCallSite.java:113)
	at org.codehaus.groovy.runtime.callsite.AbstractCallSite.call(AbstractCallSite.java:125)
	at Script1534407542420.run(Script1534407542420.groovy:73)
	at com.kms.katalon.core.main.ScriptEngine.run(ScriptEngine.java:183)
	at com.kms.katalon.core.main.ScriptEngine.runScriptAsRawText(ScriptEngine.java:108)
	at com.kms.katalon.core.main.TestCaseExecutor.runScript(TestCaseExecutor.java:294)
	at com.kms.katalon.core.main.TestCaseExecutor.doExecute(TestCaseExecutor.java:285)
	at com.kms.katalon.core.main.TestCaseExecutor.processExecutionPhase(TestCaseExecutor.java:264)
	at com.kms.katalon.core.main.TestCaseExecutor.accessMainPhase(TestCaseExecutor.java:256)
	at com.kms.katalon.core.main.TestCaseExecutor.execute(TestCaseExecutor.java:200)
	at com.kms.katalon.core.main.TestCaseMain.runTestCase(TestCaseMain.java:99)
	at com.kms.katalon.core.keyword.builtin.CallTestCaseKeyword$_callTestCase_closure1.doCall(CallTestCaseKeyword.groovy:60)
	at com.kms.katalon.core.keyword.builtin.CallTestCaseKeyword$_callTestCase_closure1.call(CallTestCaseKeyword.groovy)
	at com.kms.katalon.core.keyword.internal.KeywordMain.runKeyword(KeywordMain.groovy:54)
	at com.kms.katalon.core.keyword.builtin.CallTestCaseKeyword.callTestCase(CallTestCaseKeyword.groovy:81)
	at com.kms.katalon.core.keyword.builtin.CallTestCaseKeyword.execute(CallTestCaseKeyword.groovy:45)
	at com.kms.katalon.core.keyword.internal.KeywordExecutor.executeKeywordForPlatform(KeywordExecutor.groovy:53)
	at com.kms.katalon.core.keyword.BuiltinKeywords.callTestCase(BuiltinKeywords.groovy:334)
	at sun.reflect.NativeMethodAccessorImpl.invoke0(Native Method)
	at sun.reflect.NativeMethodAccessorImpl.invoke(NativeMethodAccessorImpl.java:62)
	at sun.reflect.DelegatingMethodAccessorImpl.invoke(DelegatingMethodAccessorImpl.java:43)
	at java.lang.reflect.Method.invoke(Method.java:498)
	at org.codehaus.groovy.reflection.CachedMethod.invoke(CachedMethod.java:93)
	at groovy.lang.MetaMethod.doMethodInvoke(MetaMethod.java:325)
	at groovy.lang.MetaClassImpl.invokeStaticMethod(MetaClassImpl.java:1469)
	at org.codehaus.groovy.runtime.callsite.StaticMetaClassSite.call(StaticMetaClassSite.java:53)
	at org.codehaus.groovy.runtime.callsite.CallSiteArray.defaultCall(CallSiteArray.java:48)
	at org.codehaus.groovy.runtime.callsite.AbstractCallSite.call(AbstractCallSite.java:113)
	at org.codehaus.groovy.runtime.callsite.AbstractCallSite.call(AbstractCallSite.java:141)
	at Script1537865992110.run(Script1537865992110.groovy:30)
	at com.kms.katalon.core.main.ScriptEngine.run(ScriptEngine.java:183)
	at com.kms.katalon.core.main.ScriptEngine.runScriptAsRawText(ScriptEngine.java:108)
	at com.kms.katalon.core.main.TestCaseExecutor.runScript(TestCaseExecutor.java:294)
	at com.kms.katalon.core.main.TestCaseExecutor.doExecute(TestCaseExecutor.java:285)
	at com.kms.katalon.core.main.TestCaseExecutor.processExecutionPhase(TestCaseExecutor.java:264)
	at com.kms.katalon.core.main.TestCaseExecutor.accessMainPhase(TestCaseExecutor.java:256)
	at com.kms.katalon.core.main.TestCaseExecutor.execute(TestCaseExecutor.java:200)
	at com.kms.katalon.core.main.TestCaseMain.runTestCase(TestCaseMain.java:99)
	at com.kms.katalon.core.keyword.builtin.CallTestCaseKeyword$_callTestCase_closure1.doCall(CallTestCaseKeyword.groovy:60)
	at com.kms.katalon.core.keyword.builtin.CallTestCaseKeyword$_callTestCase_closure1.call(CallTestCaseKeyword.groovy)
	at com.kms.katalon.core.keyword.internal.KeywordMain.runKeyword(KeywordMain.groovy:54)
	at com.kms.katalon.core.keyword.builtin.CallTestCaseKeyword.callTestCase(CallTestCaseKeyword.groovy:81)
	at com.kms.katalon.core.keyword.builtin.CallTestCaseKeyword.execute(CallTestCaseKeyword.groovy:45)
	at com.kms.katalon.core.keyword.internal.KeywordExecutor.executeKeywordForPlatform(KeywordExecutor.groovy:53)
	at com.kms.katalon.core.keyword.BuiltinKeywords.callTestCase(BuiltinKeywords.groovy:334)
	at sun.reflect.NativeMethodAccessorImpl.invoke0(Native Method)
	at sun.reflect.NativeMethodAccessorImpl.invoke(NativeMethodAccessorImpl.java:62)
	at sun.reflect.DelegatingMethodAccessorImpl.invoke(DelegatingMethodAccessorImpl.java:43)
	at java.lang.reflect.Method.invoke(Method.java:498)
	at org.codehaus.groovy.reflection.CachedMethod.invoke(CachedMethod.java:93)
	at groovy.lang.MetaMethod.doMethodInvoke(MetaMethod.java:325)
	at groovy.lang.MetaClassImpl.invokeStaticMethod(MetaClassImpl.java:1469)
	at org.codehaus.groovy.runtime.callsite.StaticMetaClassSite.call(StaticMetaClassSite.java:53)
	at org.codehaus.groovy.runtime.callsite.CallSiteArray.defaultCall(CallSiteArray.java:48)
	at org.codehaus.groovy.runtime.callsite.AbstractCallSite.call(AbstractCallSite.java:113)
	at org.codehaus.groovy.runtime.callsite.AbstractCallSite.call(AbstractCallSite.java:141)
	at Script1536300508581.run(Script1536300508581.groovy:26)
	at com.kms.katalon.core.main.ScriptEngine.run(ScriptEngine.java:183)
	at com.kms.katalon.core.main.ScriptEngine.runScriptAsRawText(ScriptEngine.java:108)
	at com.kms.katalon.core.main.TestCaseExecutor.runScript(TestCaseExecutor.java:294)
	at com.kms.katalon.core.main.TestCaseExecutor.doExecute(TestCaseExecutor.java:285)
	at com.kms.katalon.core.main.TestCaseExecutor.processExecutionPhase(TestCaseExecutor.java:264)
	at com.kms.katalon.core.main.TestCaseExecutor.accessMainPhase(TestCaseExecutor.java:256)
	at com.kms.katalon.core.main.TestCaseExecutor.execute(TestCaseExecutor.java:200)
	at com.kms.katalon.core.main.TestSuiteExecutor.accessTestCaseMainPhase(TestSuiteExecutor.java:129)
	at com.kms.katalon.core.main.TestSuiteExecutor.accessTestSuiteMainPhase(TestSuiteExecutor.java:112)
	at com.kms.katalon.core.main.TestSuiteExecutor.execute(TestSuiteExecutor.java:81)
	at com.kms.katalon.core.main.TestCaseMain.startTestSuite(TestCaseMain.java:142)
	at com.kms.katalon.core.main.TestCaseMain$startTestSuite$0.call(Unknown Source)
	at org.codehaus.groovy.runtime.callsite.CallSiteArray.defaultCall(CallSiteArray.java:48)
	at org.codehaus.groovy.runtime.callsite.AbstractCallSite.call(AbstractCallSite.java:113)
	at org.codehaus.groovy.runtime.callsite.AbstractCallSite.call(AbstractCallSite.java:141)
	at TempTestSuite1543076525606.run(TempTestSuite1543076525606.groovy:36)
	at groovy.lang.GroovyShell.runScriptOrMainOrTestOrRunnable(GroovyShell.java:263)
	at groovy.lang.GroovyShell.run(GroovyShell.java:518)
	at groovy.lang.GroovyShell.run(GroovyShell.java:507)
	at groovy.ui.GroovyMain.processOnce(GroovyMain.java:653)
	at groovy.ui.GroovyMain.run(GroovyMain.java:384)
	at groovy.ui.GroovyMain.process(GroovyMain.java:370)
	at groovy.ui.GroovyMain.processArgs(GroovyMain.java:129)
	at groovy.ui.GroovyMain.main(GroovyMain.java:109)
	at sun.reflect.NativeMethodAccessorImpl.invoke0(Native Method)
	at sun.reflect.NativeMethodAccessorImpl.invoke(NativeMethodAccessorImpl.java:62)
	at sun.reflect.DelegatingMethodAccessorImpl.invoke(DelegatingMethodAccessorImpl.java:43)
	at java.lang.reflect.Method.invoke(Method.java:498)
	at org.codehaus.groovy.tools.GroovyStarter.rootLoader(GroovyStarter.java:109)
	at org.codehaus.groovy.tools.GroovyStarter.main(GroovyStarter.java:131)
)"/>
         <system-out><![CDATA[2018-11-25 10:36:09 - [TEST_CASE][FAILED] - Test Cases/Final Aug 2018 - PKS Automation/Registration Module/Workflow/Request SSN/OTC - RIO - RO (Approve): Test Cases/Final Aug 2018 - PKS Automation/Registration Module/Workflow/Request SSN/OTC - RIO - RO (Approve) FAILED because (of) (Stack trace: com.kms.katalon.core.exception.StepFailedException: Unable to click on object 'Object Repository/Final Object Repo/Landing Page/Select to Workflow Listing' (Root cause: org.openqa.selenium.ElementNotVisibleException: element not interactable
  (Session info: chrome=70.0.3538.102)
  (Driver info: chromedriver=2.43.600210 (68dcf5eebde37173d4027fa8635e332711d2874a),platform=Windows NT 6.1.7601 SP1 x86_64) (WARNING: The server did not provide any stacktrace information)
Command duration or timeout: 0 milliseconds
Build info: version: '3.7.1', revision: '8a0099a', time: '2017-11-06T21:07:36.161Z'
System info: host: 'WIN7TEST02', ip: '10.20.3.72', os.name: 'Windows 7', os.arch: 'amd64', os.version: '6.1', java.version: '1.8.0_181'
Driver info: com.kms.katalon.selenium.driver.CChromeDriver
Capabilities {acceptInsecureCerts: false, acceptSslCerts: false, applicationCacheEnabled: false, browserConnectionEnabled: false, browserName: chrome, chrome: {chromedriverVersion: 2.43.600210 (68dcf5eebde371..., userDataDir: C:\Users\Admin\AppData\Loca...}, cssSelectorsEnabled: true, databaseEnabled: false, goog:chromeOptions: {debuggerAddress: localhost:56796}, handlesAlerts: true, hasTouchScreen: false, javascriptEnabled: true, locationContextEnabled: true, mobileEmulationEnabled: false, nativeEvents: true, networkConnectionEnabled: false, pageLoadStrategy: normal, platform: XP, platformName: XP, rotatable: false, setWindowRect: true, takesHeapSnapshot: true, takesScreenshot: true, unexpectedAlertBehaviour: , unhandledPromptBehavior: , version: 70.0.3538.102, webStorageEnabled: true}
Session ID: 90b80e295885b2a937d1975a1133b55c)
	at com.kms.katalon.core.keyword.internal.KeywordMain.stepFailed(KeywordMain.groovy:32)
	at com.kms.katalon.core.webui.keyword.internal.WebUIKeywordMain.stepFailed(WebUIKeywordMain.groovy:65)
	at com.kms.katalon.core.webui.keyword.internal.WebUIKeywordMain.runKeyword(WebUIKeywordMain.groovy:27)
	at com.kms.katalon.core.webui.keyword.builtin.ClickKeyword.click(ClickKeyword.groovy:86)
	at com.kms.katalon.core.webui.keyword.builtin.ClickKeyword.execute(ClickKeyword.groovy:67)
	at com.kms.katalon.core.keyword.internal.KeywordExecutor.executeKeywordForPlatform(KeywordExecutor.groovy:53)
	at com.kms.katalon.core.webui.keyword.WebUiBuiltInKeywords.click(WebUiBuiltInKeywords.groovy:616)
	at com.kms.katalon.core.webui.keyword.WebUiBuiltInKeywords$click$2.call(Unknown Source)
	at org.codehaus.groovy.runtime.callsite.CallSiteArray.defaultCall(CallSiteArray.java:48)
	at org.codehaus.groovy.runtime.callsite.AbstractCallSite.call(AbstractCallSite.java:113)
	at org.codehaus.groovy.runtime.callsite.AbstractCallSite.call(AbstractCallSite.java:125)
	at Script1534407542420.run(Script1534407542420.groovy:73)
	at com.kms.katalon.core.main.ScriptEngine.run(ScriptEngine.java:183)
	at com.kms.katalon.core.main.ScriptEngine.runScriptAsRawText(ScriptEngine.java:108)
	at com.kms.katalon.core.main.TestCaseExecutor.runScript(TestCaseExecutor.java:294)
	at com.kms.katalon.core.main.TestCaseExecutor.doExecute(TestCaseExecutor.java:285)
	at com.kms.katalon.core.main.TestCaseExecutor.processExecutionPhase(TestCaseExecutor.java:264)
	at com.kms.katalon.core.main.TestCaseExecutor.accessMainPhase(TestCaseExecutor.java:256)
	at com.kms.katalon.core.main.TestCaseExecutor.execute(TestCaseExecutor.java:200)
	at com.kms.katalon.core.main.TestCaseMain.runTestCase(TestCaseMain.java:99)
	at com.kms.katalon.core.keyword.builtin.CallTestCaseKeyword$_callTestCase_closure1.doCall(CallTestCaseKeyword.groovy:60)
	at com.kms.katalon.core.keyword.builtin.CallTestCaseKeyword$_callTestCase_closure1.call(CallTestCaseKeyword.groovy)
	at com.kms.katalon.core.keyword.internal.KeywordMain.runKeyword(KeywordMain.groovy:54)
	at com.kms.katalon.core.keyword.builtin.CallTestCaseKeyword.callTestCase(CallTestCaseKeyword.groovy:81)
	at com.kms.katalon.core.keyword.builtin.CallTestCaseKeyword.execute(CallTestCaseKeyword.groovy:45)
	at com.kms.katalon.core.keyword.internal.KeywordExecutor.executeKeywordForPlatform(KeywordExecutor.groovy:53)
	at com.kms.katalon.core.keyword.BuiltinKeywords.callTestCase(BuiltinKeywords.groovy:334)
	at sun.reflect.NativeMethodAccessorImpl.invoke0(Native Method)
	at sun.reflect.NativeMethodAccessorImpl.invoke(NativeMethodAccessorImpl.java:62)
	at sun.reflect.DelegatingMethodAccessorImpl.invoke(DelegatingMethodAccessorImpl.java:43)
	at java.lang.reflect.Method.invoke(Method.java:498)
	at org.codehaus.groovy.reflection.CachedMethod.invoke(CachedMethod.java:93)
	at groovy.lang.MetaMethod.doMethodInvoke(MetaMethod.java:325)
	at groovy.lang.MetaClassImpl.invokeStaticMethod(MetaClassImpl.java:1469)
	at org.codehaus.groovy.runtime.callsite.StaticMetaClassSite.call(StaticMetaClassSite.java:53)
	at org.codehaus.groovy.runtime.callsite.CallSiteArray.defaultCall(CallSiteArray.java:48)
	at org.codehaus.groovy.runtime.callsite.AbstractCallSite.call(AbstractCallSite.java:113)
	at org.codehaus.groovy.runtime.callsite.AbstractCallSite.call(AbstractCallSite.java:141)
	at Script1537865992110.run(Script1537865992110.groovy:30)
	at com.kms.katalon.core.main.ScriptEngine.run(ScriptEngine.java:183)
	at com.kms.katalon.core.main.ScriptEngine.runScriptAsRawText(ScriptEngine.java:108)
	at com.kms.katalon.core.main.TestCaseExecutor.runScript(TestCaseExecutor.java:294)
	at com.kms.katalon.core.main.TestCaseExecutor.doExecute(TestCaseExecutor.java:285)
	at com.kms.katalon.core.main.TestCaseExecutor.processExecutionPhase(TestCaseExecutor.java:264)
	at com.kms.katalon.core.main.TestCaseExecutor.accessMainPhase(TestCaseExecutor.java:256)
	at com.kms.katalon.core.main.TestCaseExecutor.execute(TestCaseExecutor.java:200)
	at com.kms.katalon.core.main.TestCaseMain.runTestCase(TestCaseMain.java:99)
	at com.kms.katalon.core.keyword.builtin.CallTestCaseKeyword$_callTestCase_closure1.doCall(CallTestCaseKeyword.groovy:60)
	at com.kms.katalon.core.keyword.builtin.CallTestCaseKeyword$_callTestCase_closure1.call(CallTestCaseKeyword.groovy)
	at com.kms.katalon.core.keyword.internal.KeywordMain.runKeyword(KeywordMain.groovy:54)
	at com.kms.katalon.core.keyword.builtin.CallTestCaseKeyword.callTestCase(CallTestCaseKeyword.groovy:81)
	at com.kms.katalon.core.keyword.builtin.CallTestCaseKeyword.execute(CallTestCaseKeyword.groovy:45)
	at com.kms.katalon.core.keyword.internal.KeywordExecutor.executeKeywordForPlatform(KeywordExecutor.groovy:53)
	at com.kms.katalon.core.keyword.BuiltinKeywords.callTestCase(BuiltinKeywords.groovy:334)
	at sun.reflect.NativeMethodAccessorImpl.invoke0(Native Method)
	at sun.reflect.NativeMethodAccessorImpl.invoke(NativeMethodAccessorImpl.java:62)
	at sun.reflect.DelegatingMethodAccessorImpl.invoke(DelegatingMethodAccessorImpl.java:43)
	at java.lang.reflect.Method.invoke(Method.java:498)
	at org.codehaus.groovy.reflection.CachedMethod.invoke(CachedMethod.java:93)
	at groovy.lang.MetaMethod.doMethodInvoke(MetaMethod.java:325)
	at groovy.lang.MetaClassImpl.invokeStaticMethod(MetaClassImpl.java:1469)
	at org.codehaus.groovy.runtime.callsite.StaticMetaClassSite.call(StaticMetaClassSite.java:53)
	at org.codehaus.groovy.runtime.callsite.CallSiteArray.defaultCall(CallSiteArray.java:48)
	at org.codehaus.groovy.runtime.callsite.AbstractCallSite.call(AbstractCallSite.java:113)
	at org.codehaus.groovy.runtime.callsite.AbstractCallSite.call(AbstractCallSite.java:141)
	at Script1536300508581.run(Script1536300508581.groovy:26)
	at com.kms.katalon.core.main.ScriptEngine.run(ScriptEngine.java:183)
	at com.kms.katalon.core.main.ScriptEngine.runScriptAsRawText(ScriptEngine.java:108)
	at com.kms.katalon.core.main.TestCaseExecutor.runScript(TestCaseExecutor.java:294)
	at com.kms.katalon.core.main.TestCaseExecutor.doExecute(TestCaseExecutor.java:285)
	at com.kms.katalon.core.main.TestCaseExecutor.processExecutionPhase(TestCaseExecutor.java:264)
	at com.kms.katalon.core.main.TestCaseExecutor.accessMainPhase(TestCaseExecutor.java:256)
	at com.kms.katalon.core.main.TestCaseExecutor.execute(TestCaseExecutor.java:200)
	at com.kms.katalon.core.main.TestSuiteExecutor.accessTestCaseMainPhase(TestSuiteExecutor.java:129)
	at com.kms.katalon.core.main.TestSuiteExecutor.accessTestSuiteMainPhase(TestSuiteExecutor.java:112)
	at com.kms.katalon.core.main.TestSuiteExecutor.execute(TestSuiteExecutor.java:81)
	at com.kms.katalon.core.main.TestCaseMain.startTestSuite(TestCaseMain.java:142)
	at com.kms.katalon.core.main.TestCaseMain$startTestSuite$0.call(Unknown Source)
	at org.codehaus.groovy.runtime.callsite.CallSiteArray.defaultCall(CallSiteArray.java:48)
	at org.codehaus.groovy.runtime.callsite.AbstractCallSite.call(AbstractCallSite.java:113)
	at org.codehaus.groovy.runtime.callsite.AbstractCallSite.call(AbstractCallSite.java:141)
	at TempTestSuite1543076525606.run(TempTestSuite1543076525606.groovy:36)
	at groovy.lang.GroovyShell.runScriptOrMainOrTestOrRunnable(GroovyShell.java:263)
	at groovy.lang.GroovyShell.run(GroovyShell.java:518)
	at groovy.lang.GroovyShell.run(GroovyShell.java:507)
	at groovy.ui.GroovyMain.processOnce(GroovyMain.java:653)
	at groovy.ui.GroovyMain.run(GroovyMain.java:384)
	at groovy.ui.GroovyMain.process(GroovyMain.java:370)
	at groovy.ui.GroovyMain.processArgs(GroovyMain.java:129)
	at groovy.ui.GroovyMain.main(GroovyMain.java:109)
	at sun.reflect.NativeMethodAccessorImpl.invoke0(Native Method)
	at sun.reflect.NativeMethodAccessorImpl.invoke(NativeMethodAccessorImpl.java:62)
	at sun.reflect.DelegatingMethodAccessorImpl.invoke(DelegatingMethodAccessorImpl.java:43)
	at java.lang.reflect.Method.invoke(Method.java:498)
	at org.codehaus.groovy.tools.GroovyStarter.rootLoader(GroovyStarter.java:109)
	at org.codehaus.groovy.tools.GroovyStarter.main(GroovyStarter.java:131)
)

2018-11-25 10:36:09 - [TEST_STEP][PASSED] - callTestCase: Call Test Case 'Test Cases/Final Aug 2018 - PKS Automation/Registration Module/Workflow/Request SSN/Template/Request SSN - OTC (Using Current Employer Code)' successfully

2018-11-25 10:36:10 - [TEST_CASE][PASSED] - Test Cases/Final Aug 2018 - PKS Automation/Registration Module/Workflow/Request SSN/Template/Request SSN - OTC (Using Current Employer Code): Test Cases/Final Aug 2018 - PKS Automation/Registration Module/Workflow/Request SSN/Template/Request SSN - OTC (Using Current Employer Code)

2018-11-25 10:36:10 - [TEST_STEP][PASSED] - openBrowser: Browser is opened with url: ''

2018-11-25 10:36:15 - [MESSAGE][PASSED] - Browser is opened with url: ''

2018-11-25 10:36:15 - [TEST_STEP][PASSED] - navigateToUrl: Navigate to 'https://assist2-uat.perkeso.gov.my/login' successfully

2018-11-25 10:36:16 - [MESSAGE][PASSED] - Navigate to 'https://assist2-uat.perkeso.gov.my/login' successfully

2018-11-25 10:36:16 - [TEST_STEP][PASSED] - setText: Text 'johorotc1@gmail.com' is set on object 'Object Repository/Final Object Repo/Login Page/Internal User/Email Address'

2018-11-25 10:36:16 - [MESSAGE][PASSED] - Text 'johorotc1@gmail.com' is set on object 'Object Repository/Final Object Repo/Login Page/Internal User/Email Address'

2018-11-25 10:36:16 - [TEST_STEP][PASSED] - click: Object: 'Object Repository/Final Object Repo/Login Page/Internal User/Next Button' is clicked on

2018-11-25 10:36:16 - [MESSAGE][PASSED] - Object: 'Object Repository/Final Object Repo/Login Page/Internal User/Next Button' is clicked on

2018-11-25 10:36:16 - [TEST_STEP][PASSED] - delay: Delayed 1 second(s)

2018-11-25 10:36:18 - [MESSAGE][PASSED] - Delayed 1 second(s)

2018-11-25 10:36:18 - [TEST_STEP][PASSED] - setEncryptedText: Text ****** has been set on object 'Object Repository/Final Object Repo/Login Page/Internal User/Password'

2018-11-25 10:36:18 - [MESSAGE][PASSED] - Text ****** has been set on object 'Object Repository/Final Object Repo/Login Page/Internal User/Password'

2018-11-25 10:36:18 - [TEST_STEP][PASSED] - click: Object: 'Object Repository/Final Object Repo/Login Page/Internal User/Login Button' is clicked on

2018-11-25 10:36:18 - [MESSAGE][PASSED] - Object: 'Object Repository/Final Object Repo/Login Page/Internal User/Login Button' is clicked on

2018-11-25 10:36:18 - [TEST_STEP][PASSED] - delay: Delayed 1 second(s)

2018-11-25 10:36:19 - [MESSAGE][PASSED] - Delayed 1 second(s)

2018-11-25 10:36:19 - [TEST_STEP][PASSED] - navigateToUrl: Navigate to 'https://assist2-uat.perkeso.gov.my/web/registration/request-ssn' successfully

2018-11-25 10:36:24 - [MESSAGE][PASSED] - Navigate to 'https://assist2-uat.perkeso.gov.my/web/registration/request-ssn' successfully

2018-11-25 10:36:24 - [TEST_STEP][PASSED] - setText: Text 'perkeso' is set on object 'Object Repository/Final Object Repo/Page_Request SSN - ASSIST/AI - Name'

2018-11-25 10:36:25 - [MESSAGE][PASSED] - Text 'perkeso' is set on object 'Object Repository/Final Object Repo/Page_Request SSN - ASSIST/AI - Name'

2018-11-25 10:36:25 - [TEST_STEP][PASSED] - click: Object: 'Object Repository/Final Object Repo/Page_Request SSN - ASSIST/AI - DOB' is clicked on

2018-11-25 10:36:25 - [MESSAGE][PASSED] - Object: 'Object Repository/Final Object Repo/Page_Request SSN - ASSIST/AI - DOB' is clicked on

2018-11-25 10:36:25 - [TEST_STEP][PASSED] - selectOptionByValue: All options with value '1995' are selected in object 'Object Repository/Final Object Repo/Page_Request SSN - ASSIST/AI - DOB - Year' 

2018-11-25 10:36:25 - [MESSAGE][PASSED] - All options with value '1995' are selected in object 'Object Repository/Final Object Repo/Page_Request SSN - ASSIST/AI - DOB - Year' 

2018-11-25 10:36:25 - [TEST_STEP][PASSED] - delay: Delayed 3 second(s)

2018-11-25 10:36:28 - [MESSAGE][PASSED] - Delayed 3 second(s)

2018-11-25 10:36:28 - [TEST_STEP][PASSED] - doubleClick: Object: 'Object Repository/Final Object Repo/Page_Request SSN - ASSIST/AI - DOB - Year - Date' is double clicked on

2018-11-25 10:36:28 - [MESSAGE][PASSED] - Object: 'Object Repository/Final Object Repo/Page_Request SSN - ASSIST/AI - DOB - Year - Date' is double clicked on

2018-11-25 10:36:28 - [TEST_STEP][PASSED] - click: Object: 'Object Repository/Final Object Repo/Page_Request SSN - ASSIST/AI - Male' is clicked on

2018-11-25 10:36:29 - [MESSAGE][PASSED] - Object: 'Object Repository/Final Object Repo/Page_Request SSN - ASSIST/AI - Male' is clicked on

2018-11-25 10:36:29 - [TEST_STEP][PASSED] - click: Object: 'Object Repository/Final Object Repo/Page_Request SSN - ASSIST/AI- Race' is clicked on

2018-11-25 10:36:29 - [MESSAGE][PASSED] - Object: 'Object Repository/Final Object Repo/Page_Request SSN - ASSIST/AI- Race' is clicked on

2018-11-25 10:36:29 - [TEST_STEP][PASSED] - click: Object: 'Object Repository/Final Object Repo/Page_Request SSN - ASSIST/AI - Race - Melayu' is clicked on

2018-11-25 10:36:29 - [MESSAGE][PASSED] - Object: 'Object Repository/Final Object Repo/Page_Request SSN - ASSIST/AI - Race - Melayu' is clicked on

2018-11-25 10:36:29 - [TEST_STEP][PASSED] - click: Object: 'Object Repository/Final Object Repo/Page_Request SSN - ASSIST/AI - Religion' is clicked on

2018-11-25 10:36:29 - [MESSAGE][PASSED] - Object: 'Object Repository/Final Object Repo/Page_Request SSN - ASSIST/AI - Religion' is clicked on

2018-11-25 10:36:29 - [TEST_STEP][PASSED] - click: Object: 'Object Repository/Final Object Repo/Page_Request SSN - ASSIST/AI - Religion - Islam' is clicked on

2018-11-25 10:36:30 - [MESSAGE][PASSED] - Object: 'Object Repository/Final Object Repo/Page_Request SSN - ASSIST/AI - Religion - Islam' is clicked on

2018-11-25 10:36:30 - [TEST_STEP][PASSED] - setText: Text '12345' is set on object 'Object Repository/Final Object Repo/Page_Request SSN - ASSIST/AI - Birth Certificate'

2018-11-25 10:36:30 - [MESSAGE][PASSED] - Text '12345' is set on object 'Object Repository/Final Object Repo/Page_Request SSN - ASSIST/AI - Birth Certificate'

2018-11-25 10:36:30 - [TEST_STEP][PASSED] - click: Object: 'Object Repository/Final Object Repo/Page_Request SSN - ASSIST/AI - Nationality' is clicked on

2018-11-25 10:36:30 - [MESSAGE][PASSED] - Object: 'Object Repository/Final Object Repo/Page_Request SSN - ASSIST/AI - Nationality' is clicked on

2018-11-25 10:36:30 - [TEST_STEP][PASSED] - click: Object: 'Object Repository/Final Object Repo/Page_Request SSN - ASSIST/AI - Nationality - Afghanistan' is clicked on

2018-11-25 10:36:31 - [MESSAGE][PASSED] - Object: 'Object Repository/Final Object Repo/Page_Request SSN - ASSIST/AI - Nationality - Afghanistan' is clicked on

2018-11-25 10:36:31 - [TEST_STEP][PASSED] - setText: Text 'PERKESO ADDRESS1' is set on object 'Object Repository/Final Object Repo/Page_Request SSN - ASSIST/AI - Address1'

2018-11-25 10:36:32 - [MESSAGE][PASSED] - Text 'PERKESO ADDRESS1' is set on object 'Object Repository/Final Object Repo/Page_Request SSN - ASSIST/AI - Address1'

2018-11-25 10:36:32 - [TEST_STEP][PASSED] - setText: Text 'PERKESO ADDRESS2' is set on object 'Object Repository/Final Object Repo/Page_Request SSN - ASSIST/AI - Address2'

2018-11-25 10:36:33 - [MESSAGE][PASSED] - Text 'PERKESO ADDRESS2' is set on object 'Object Repository/Final Object Repo/Page_Request SSN - ASSIST/AI - Address2'

2018-11-25 10:36:33 - [TEST_STEP][PASSED] - setText: Text 'PERKESO ADDRESS3' is set on object 'Object Repository/Final Object Repo/Page_Request SSN - ASSIST/AI - Address3'

2018-11-25 10:36:34 - [MESSAGE][PASSED] - Text 'PERKESO ADDRESS3' is set on object 'Object Repository/Final Object Repo/Page_Request SSN - ASSIST/AI - Address3'

2018-11-25 10:36:34 - [TEST_STEP][PASSED] - click: Object: 'Object Repository/Final Object Repo/Page_Request SSN - ASSIST/AI - State' is clicked on

2018-11-25 10:36:34 - [MESSAGE][PASSED] - Object: 'Object Repository/Final Object Repo/Page_Request SSN - ASSIST/AI - State' is clicked on

2018-11-25 10:36:34 - [TEST_STEP][PASSED] - click: Object: 'Object Repository/Final Object Repo/Page_Request SSN - ASSIST/AI - Current Employer State - Johor' is clicked on

2018-11-25 10:36:35 - [MESSAGE][PASSED] - Object: 'Object Repository/Final Object Repo/Page_Request SSN - ASSIST/AI - Current Employer State - Johor' is clicked on

2018-11-25 10:36:35 - [TEST_STEP][PASSED] - click: Object: 'Object Repository/Final Object Repo/Page_Request SSN - ASSIST/AI - City' is clicked on

2018-11-25 10:36:35 - [MESSAGE][PASSED] - Object: 'Object Repository/Final Object Repo/Page_Request SSN - ASSIST/AI - City' is clicked on

2018-11-25 10:36:35 - [TEST_STEP][PASSED] - setText: Text 'JOH' is set on object 'Object Repository/Final Object Repo/Page_Request SSN - ASSIST/AI - City - JOH'

2018-11-25 10:36:36 - [MESSAGE][PASSED] - Text 'JOH' is set on object 'Object Repository/Final Object Repo/Page_Request SSN - ASSIST/AI - City - JOH'

2018-11-25 10:36:36 - [TEST_STEP][PASSED] - delay: Delayed 3 second(s)

2018-11-25 10:36:39 - [MESSAGE][PASSED] - Delayed 3 second(s)

2018-11-25 10:36:39 - [TEST_STEP][PASSED] - click: Object: 'Object Repository/Final Object Repo/Page_Request SSN - ASSIST/AI - City - Johor Bharu' is clicked on

2018-11-25 10:36:39 - [MESSAGE][PASSED] - Object: 'Object Repository/Final Object Repo/Page_Request SSN - ASSIST/AI - City - Johor Bharu' is clicked on

2018-11-25 10:36:39 - [TEST_STEP][PASSED] - click: Object: 'Object Repository/Final Object Repo/Page_Request SSN - ASSIST/AI - Post Code' is clicked on

2018-11-25 10:36:39 - [MESSAGE][PASSED] - Object: 'Object Repository/Final Object Repo/Page_Request SSN - ASSIST/AI - Post Code' is clicked on

2018-11-25 10:36:39 - [TEST_STEP][PASSED] - setText: Text '810' is set on object 'Object Repository/Final Object Repo/Page_Request SSN - ASSIST/AI - City - JOH'

2018-11-25 10:36:40 - [MESSAGE][PASSED] - Text '810' is set on object 'Object Repository/Final Object Repo/Page_Request SSN - ASSIST/AI - City - JOH'

2018-11-25 10:36:40 - [TEST_STEP][PASSED] - delay: Delayed 3 second(s)

2018-11-25 10:36:43 - [MESSAGE][PASSED] - Delayed 3 second(s)

2018-11-25 10:36:43 - [TEST_STEP][PASSED] - click: Object: 'Object Repository/Final Object Repo/Page_Request SSN - ASSIST/AI - PostCode - 81000' is clicked on

2018-11-25 10:36:43 - [MESSAGE][PASSED] - Object: 'Object Repository/Final Object Repo/Page_Request SSN - ASSIST/AI - PostCode - 81000' is clicked on

2018-11-25 10:36:43 - [TEST_STEP][PASSED] - setText: Text '100' is set on object 'Object Repository/Final Object Repo/Page_Request SSN - ASSIST/P.O.BOX'

2018-11-25 10:36:43 - [MESSAGE][PASSED] - Text '100' is set on object 'Object Repository/Final Object Repo/Page_Request SSN - ASSIST/P.O.BOX'

2018-11-25 10:36:43 - [TEST_STEP][PASSED] - setText: Text '100' is set on object 'Object Repository/Final Object Repo/Page_Request SSN - ASSIST/Locked Bag No'

2018-11-25 10:36:44 - [MESSAGE][PASSED] - Text '100' is set on object 'Object Repository/Final Object Repo/Page_Request SSN - ASSIST/Locked Bag No'

2018-11-25 10:36:44 - [TEST_STEP][PASSED] - delay: Delayed 2 second(s)

2018-11-25 10:36:46 - [MESSAGE][PASSED] - Delayed 2 second(s)

2018-11-25 10:36:46 - [TEST_STEP][PASSED] - setText: Text '123456789' is set on object 'Object Repository/Final Object Repo/Page_Request SSN - ASSIST/AI - Telephone No'

2018-11-25 10:36:47 - [MESSAGE][PASSED] - Text '123456789' is set on object 'Object Repository/Final Object Repo/Page_Request SSN - ASSIST/AI - Telephone No'

2018-11-25 10:36:47 - [TEST_STEP][PASSED] - click: Object: 'Object Repository/Final Object Repo/Page_Request SSN - ASSIST/AI - Occupation' is clicked on

2018-11-25 10:36:47 - [MESSAGE][PASSED] - Object: 'Object Repository/Final Object Repo/Page_Request SSN - ASSIST/AI - Occupation' is clicked on

2018-11-25 10:36:47 - [TEST_STEP][PASSED] - click: Object: 'Object Repository/Final Object Repo/Page_Request SSN - ASSIST/AI - Occupation - NUMERICAL AND MATERIAL R' is clicked on

2018-11-25 10:36:47 - [MESSAGE][PASSED] - Object: 'Object Repository/Final Object Repo/Page_Request SSN - ASSIST/AI - Occupation - NUMERICAL AND MATERIAL R' is clicked on

2018-11-25 10:36:47 - [TEST_STEP][PASSED] - delay: Delayed 2 second(s)

2018-11-25 10:36:49 - [MESSAGE][PASSED] - Delayed 2 second(s)

2018-11-25 10:36:49 - [TEST_STEP][PASSED] - click: Object: 'Object Repository/Final Object Repo/Page_Request SSN - ASSIST/AI - Sub Occupation' is clicked on

2018-11-25 10:36:49 - [MESSAGE][PASSED] - Object: 'Object Repository/Final Object Repo/Page_Request SSN - ASSIST/AI - Sub Occupation' is clicked on

2018-11-25 10:36:49 - [TEST_STEP][PASSED] - click: Object: 'Object Repository/Final Object Repo/Page_Request SSN - ASSIST/AI - Sub Occupation - Stock Clerks' is clicked on

2018-11-25 10:36:50 - [MESSAGE][PASSED] - Object: 'Object Repository/Final Object Repo/Page_Request SSN - ASSIST/AI - Sub Occupation - Stock Clerks' is clicked on

2018-11-25 10:36:50 - [TEST_STEP][PASSED] - delay: Delayed 2 second(s)

2018-11-25 10:36:52 - [MESSAGE][PASSED] - Delayed 2 second(s)

2018-11-25 10:36:52 - [TEST_STEP][PASSED] - click: Object: 'Object Repository/Final Object Repo/Page_Request SSN - ASSIST/AI - Sub Occupation List' is clicked on

2018-11-25 10:36:52 - [MESSAGE][PASSED] - Object: 'Object Repository/Final Object Repo/Page_Request SSN - ASSIST/AI - Sub Occupation List' is clicked on

2018-11-25 10:36:52 - [TEST_STEP][PASSED] - click: Object: 'Object Repository/Final Object Repo/Page_Request SSN - ASSIST/AI - Sub Occupation List - Clerk raw material' is clicked on

2018-11-25 10:36:52 - [MESSAGE][PASSED] - Object: 'Object Repository/Final Object Repo/Page_Request SSN - ASSIST/AI - Sub Occupation List - Clerk raw material' is clicked on

2018-11-25 10:36:52 - [TEST_STEP][PASSED] - click: Object: 'Object Repository/Final Object Repo/Page_Request SSN - ASSIST/AI - Employment Start Date' is clicked on

2018-11-25 10:36:52 - [MESSAGE][PASSED] - Object: 'Object Repository/Final Object Repo/Page_Request SSN - ASSIST/AI - Employment Start Date' is clicked on

2018-11-25 10:36:52 - [TEST_STEP][PASSED] - click: Object: 'Object Repository/Final Object Repo/Page_Request SSN - ASSIST/AI - DOB - Year - Date' is clicked on

2018-11-25 10:36:52 - [MESSAGE][PASSED] - Object: 'Object Repository/Final Object Repo/Page_Request SSN - ASSIST/AI - DOB - Year - Date' is clicked on

2018-11-25 10:36:52 - [TEST_STEP][PASSED] - setText: Text 'E1102001065V' is set on object 'Object Repository/Final Object Repo/Page_Request SSN - ASSIST/AI - Current Employer Code'

2018-11-25 10:36:53 - [MESSAGE][PASSED] - Text 'E1102001065V' is set on object 'Object Repository/Final Object Repo/Page_Request SSN - ASSIST/AI - Current Employer Code'

2018-11-25 10:36:53 - [TEST_STEP][PASSED] - delay: Delayed 2 second(s)

2018-11-25 10:36:55 - [MESSAGE][PASSED] - Delayed 2 second(s)

2018-11-25 10:36:55 - [TEST_STEP][PASSED] - click: Object: 'Object Repository/Final Object Repo/Page_Request SSN - ASSIST/AI - Current Employer Code - Search' is clicked on

2018-11-25 10:36:56 - [MESSAGE][PASSED] - Object: 'Object Repository/Final Object Repo/Page_Request SSN - ASSIST/AI - Current Employer Code - Search' is clicked on

2018-11-25 10:36:56 - [TEST_STEP][PASSED] - delay: Delayed 2 second(s)

2018-11-25 10:36:58 - [MESSAGE][PASSED] - Delayed 2 second(s)

2018-11-25 10:36:58 - [TEST_STEP][NOT_RUN] - setText: NOT_RUN: setText

2018-11-25 10:36:58 - [MESSAGE][NOT_RUN] - NOT_RUN: setText

2018-11-25 10:36:58 - [TEST_STEP][NOT_RUN] - setText: NOT_RUN: setText

2018-11-25 10:36:58 - [MESSAGE][NOT_RUN] - NOT_RUN: setText

2018-11-25 10:36:58 - [TEST_STEP][NOT_RUN] - setText: NOT_RUN: setText

2018-11-25 10:36:58 - [MESSAGE][NOT_RUN] - NOT_RUN: setText

2018-11-25 10:36:58 - [TEST_STEP][NOT_RUN] - setText: NOT_RUN: setText

2018-11-25 10:36:58 - [MESSAGE][NOT_RUN] - NOT_RUN: setText

2018-11-25 10:36:58 - [TEST_STEP][NOT_RUN] - click: NOT_RUN: click

2018-11-25 10:36:58 - [MESSAGE][NOT_RUN] - NOT_RUN: click

2018-11-25 10:36:58 - [TEST_STEP][NOT_RUN] - click: NOT_RUN: click

2018-11-25 10:36:58 - [MESSAGE][NOT_RUN] - NOT_RUN: click

2018-11-25 10:36:58 - [TEST_STEP][NOT_RUN] - click: NOT_RUN: click

2018-11-25 10:36:58 - [MESSAGE][NOT_RUN] - NOT_RUN: click

2018-11-25 10:36:58 - [TEST_STEP][NOT_RUN] - setText: NOT_RUN: setText

2018-11-25 10:36:58 - [MESSAGE][NOT_RUN] - NOT_RUN: setText

2018-11-25 10:36:58 - [TEST_STEP][NOT_RUN] - delay: NOT_RUN: delay

2018-11-25 10:36:58 - [MESSAGE][NOT_RUN] - NOT_RUN: delay

2018-11-25 10:36:58 - [TEST_STEP][NOT_RUN] - click: NOT_RUN: click

2018-11-25 10:36:58 - [MESSAGE][NOT_RUN] - NOT_RUN: click

2018-11-25 10:36:58 - [TEST_STEP][NOT_RUN] - click: NOT_RUN: click

2018-11-25 10:36:58 - [MESSAGE][NOT_RUN] - NOT_RUN: click

2018-11-25 10:36:58 - [TEST_STEP][NOT_RUN] - setText: NOT_RUN: setText

2018-11-25 10:36:58 - [MESSAGE][NOT_RUN] - NOT_RUN: setText

2018-11-25 10:36:58 - [TEST_STEP][NOT_RUN] - delay: NOT_RUN: delay

2018-11-25 10:36:58 - [MESSAGE][NOT_RUN] - NOT_RUN: delay

2018-11-25 10:36:58 - [TEST_STEP][NOT_RUN] - click: NOT_RUN: click

2018-11-25 10:36:58 - [MESSAGE][NOT_RUN] - NOT_RUN: click

2018-11-25 10:36:58 - [TEST_STEP][NOT_RUN] - setText: NOT_RUN: setText

2018-11-25 10:36:58 - [MESSAGE][NOT_RUN] - NOT_RUN: setText

2018-11-25 10:36:58 - [TEST_STEP][NOT_RUN] - setText: NOT_RUN: setText

2018-11-25 10:36:58 - [MESSAGE][NOT_RUN] - NOT_RUN: setText

2018-11-25 10:36:58 - [TEST_STEP][NOT_RUN] - click: NOT_RUN: click

2018-11-25 10:36:58 - [MESSAGE][NOT_RUN] - NOT_RUN: click

2018-11-25 10:36:58 - [TEST_STEP][NOT_RUN] - click: NOT_RUN: click

2018-11-25 10:36:58 - [MESSAGE][NOT_RUN] - NOT_RUN: click

2018-11-25 10:36:58 - [TEST_STEP][NOT_RUN] - setText: NOT_RUN: setText

2018-11-25 10:36:58 - [MESSAGE][NOT_RUN] - NOT_RUN: setText

2018-11-25 10:36:58 - [TEST_STEP][NOT_RUN] - click: NOT_RUN: click

2018-11-25 10:36:58 - [MESSAGE][NOT_RUN] - NOT_RUN: click

2018-11-25 10:36:58 - [TEST_STEP][NOT_RUN] - click: NOT_RUN: click

2018-11-25 10:36:58 - [MESSAGE][NOT_RUN] - NOT_RUN: click

2018-11-25 10:36:58 - [TEST_STEP][NOT_RUN] - click: NOT_RUN: click

2018-11-25 10:36:58 - [MESSAGE][NOT_RUN] - NOT_RUN: click

2018-11-25 10:36:58 - [TEST_STEP][NOT_RUN] - click: NOT_RUN: click

2018-11-25 10:36:58 - [MESSAGE][NOT_RUN] - NOT_RUN: click

2018-11-25 10:36:58 - [TEST_STEP][NOT_RUN] - click: NOT_RUN: click

2018-11-25 10:36:58 - [MESSAGE][NOT_RUN] - NOT_RUN: click

2018-11-25 10:36:58 - [TEST_STEP][NOT_RUN] - click: NOT_RUN: click

2018-11-25 10:36:58 - [MESSAGE][NOT_RUN] - NOT_RUN: click

2018-11-25 10:36:58 - [TEST_STEP][NOT_RUN] - setText: NOT_RUN: setText

2018-11-25 10:36:58 - [MESSAGE][NOT_RUN] - NOT_RUN: setText

2018-11-25 10:36:58 - [TEST_STEP][NOT_RUN] - setText: NOT_RUN: setText

2018-11-25 10:36:58 - [MESSAGE][NOT_RUN] - NOT_RUN: setText

2018-11-25 10:36:58 - [TEST_STEP][NOT_RUN] - setText: NOT_RUN: setText

2018-11-25 10:36:58 - [MESSAGE][NOT_RUN] - NOT_RUN: setText

2018-11-25 10:36:58 - [TEST_STEP][NOT_RUN] - click: NOT_RUN: click

2018-11-25 10:36:58 - [MESSAGE][NOT_RUN] - NOT_RUN: click

2018-11-25 10:36:58 - [TEST_STEP][NOT_RUN] - click: NOT_RUN: click

2018-11-25 10:36:58 - [MESSAGE][NOT_RUN] - NOT_RUN: click

2018-11-25 10:36:58 - [TEST_STEP][NOT_RUN] - click: NOT_RUN: click

2018-11-25 10:36:58 - [MESSAGE][NOT_RUN] - NOT_RUN: click

2018-11-25 10:36:58 - [TEST_STEP][NOT_RUN] - setText: NOT_RUN: setText

2018-11-25 10:36:58 - [MESSAGE][NOT_RUN] - NOT_RUN: setText

2018-11-25 10:36:58 - [TEST_STEP][NOT_RUN] - delay: NOT_RUN: delay

2018-11-25 10:36:58 - [MESSAGE][NOT_RUN] - NOT_RUN: delay

2018-11-25 10:36:58 - [TEST_STEP][NOT_RUN] - click: NOT_RUN: click

2018-11-25 10:36:58 - [MESSAGE][NOT_RUN] - NOT_RUN: click

2018-11-25 10:36:58 - [TEST_STEP][NOT_RUN] - click: NOT_RUN: click

2018-11-25 10:36:58 - [MESSAGE][NOT_RUN] - NOT_RUN: click

2018-11-25 10:36:58 - [TEST_STEP][NOT_RUN] - click: NOT_RUN: click

2018-11-25 10:36:58 - [MESSAGE][NOT_RUN] - NOT_RUN: click

2018-11-25 10:36:58 - [TEST_STEP][NOT_RUN] - setText: NOT_RUN: setText

2018-11-25 10:36:58 - [MESSAGE][NOT_RUN] - NOT_RUN: setText

2018-11-25 10:36:58 - [TEST_STEP][NOT_RUN] - delay: NOT_RUN: delay

2018-11-25 10:36:58 - [MESSAGE][NOT_RUN] - NOT_RUN: delay

2018-11-25 10:36:58 - [TEST_STEP][NOT_RUN] - click: NOT_RUN: click

2018-11-25 10:36:58 - [MESSAGE][NOT_RUN] - NOT_RUN: click

2018-11-25 10:36:58 - [TEST_STEP][NOT_RUN] - delay: NOT_RUN: delay

2018-11-25 10:36:58 - [MESSAGE][NOT_RUN] - NOT_RUN: delay

2018-11-25 10:36:58 - [TEST_STEP][NOT_RUN] - setText: NOT_RUN: setText

2018-11-25 10:36:58 - [MESSAGE][NOT_RUN] - NOT_RUN: setText

2018-11-25 10:36:58 - [TEST_STEP][NOT_RUN] - setText: NOT_RUN: setText

2018-11-25 10:36:58 - [MESSAGE][NOT_RUN] - NOT_RUN: setText

2018-11-25 10:36:58 - [TEST_STEP][NOT_RUN] - setText: NOT_RUN: setText

2018-11-25 10:36:58 - [MESSAGE][NOT_RUN] - NOT_RUN: setText

2018-11-25 10:36:58 - [TEST_STEP][NOT_RUN] - click: NOT_RUN: click

2018-11-25 10:36:58 - [MESSAGE][NOT_RUN] - NOT_RUN: click

2018-11-25 10:36:58 - [TEST_STEP][NOT_RUN] - click: NOT_RUN: click

2018-11-25 10:36:58 - [MESSAGE][NOT_RUN] - NOT_RUN: click

2018-11-25 10:36:58 - [TEST_STEP][NOT_RUN] - setText: NOT_RUN: setText

2018-11-25 10:36:58 - [MESSAGE][NOT_RUN] - NOT_RUN: setText

2018-11-25 10:36:58 - [TEST_STEP][NOT_RUN] - click: NOT_RUN: click

2018-11-25 10:36:58 - [MESSAGE][NOT_RUN] - NOT_RUN: click

2018-11-25 10:36:58 - [TEST_STEP][NOT_RUN] - click: NOT_RUN: click

2018-11-25 10:36:58 - [MESSAGE][NOT_RUN] - NOT_RUN: click

2018-11-25 10:36:58 - [TEST_STEP][NOT_RUN] - click: NOT_RUN: click

2018-11-25 10:36:58 - [MESSAGE][NOT_RUN] - NOT_RUN: click

2018-11-25 10:36:58 - [TEST_STEP][NOT_RUN] - click: NOT_RUN: click

2018-11-25 10:36:58 - [MESSAGE][NOT_RUN] - NOT_RUN: click

2018-11-25 10:36:58 - [TEST_STEP][NOT_RUN] - click: NOT_RUN: click

2018-11-25 10:36:58 - [MESSAGE][NOT_RUN] - NOT_RUN: click

2018-11-25 10:36:58 - [TEST_STEP][NOT_RUN] - click: NOT_RUN: click

2018-11-25 10:36:58 - [MESSAGE][NOT_RUN] - NOT_RUN: click

2018-11-25 10:36:58 - [TEST_STEP][NOT_RUN] - setText: NOT_RUN: setText

2018-11-25 10:36:58 - [MESSAGE][NOT_RUN] - NOT_RUN: setText

2018-11-25 10:36:58 - [TEST_STEP][NOT_RUN] - setText: NOT_RUN: setText

2018-11-25 10:36:58 - [MESSAGE][NOT_RUN] - NOT_RUN: setText

2018-11-25 10:36:58 - [TEST_STEP][NOT_RUN] - setText: NOT_RUN: setText

2018-11-25 10:36:58 - [MESSAGE][NOT_RUN] - NOT_RUN: setText

2018-11-25 10:36:58 - [TEST_STEP][NOT_RUN] - click: NOT_RUN: click

2018-11-25 10:36:58 - [MESSAGE][NOT_RUN] - NOT_RUN: click

2018-11-25 10:36:58 - [TEST_STEP][NOT_RUN] - click: NOT_RUN: click

2018-11-25 10:36:58 - [MESSAGE][NOT_RUN] - NOT_RUN: click

2018-11-25 10:36:58 - [TEST_STEP][NOT_RUN] - click: NOT_RUN: click

2018-11-25 10:36:58 - [MESSAGE][NOT_RUN] - NOT_RUN: click

2018-11-25 10:36:58 - [TEST_STEP][NOT_RUN] - delay: NOT_RUN: delay

2018-11-25 10:36:58 - [MESSAGE][NOT_RUN] - NOT_RUN: delay

2018-11-25 10:36:58 - [TEST_STEP][NOT_RUN] - setText: NOT_RUN: setText

2018-11-25 10:36:58 - [MESSAGE][NOT_RUN] - NOT_RUN: setText

2018-11-25 10:36:58 - [TEST_STEP][NOT_RUN] - delay: NOT_RUN: delay

2018-11-25 10:36:58 - [MESSAGE][NOT_RUN] - NOT_RUN: delay

2018-11-25 10:36:58 - [TEST_STEP][NOT_RUN] - click: NOT_RUN: click

2018-11-25 10:36:58 - [MESSAGE][NOT_RUN] - NOT_RUN: click

2018-11-25 10:36:58 - [TEST_STEP][NOT_RUN] - doubleClick: NOT_RUN: doubleClick

2018-11-25 10:36:58 - [MESSAGE][NOT_RUN] - NOT_RUN: doubleClick

2018-11-25 10:36:58 - [TEST_STEP][NOT_RUN] - click: NOT_RUN: click

2018-11-25 10:36:58 - [MESSAGE][NOT_RUN] - NOT_RUN: click

2018-11-25 10:36:58 - [TEST_STEP][NOT_RUN] - setText: NOT_RUN: setText

2018-11-25 10:36:58 - [MESSAGE][NOT_RUN] - NOT_RUN: setText

2018-11-25 10:36:58 - [TEST_STEP][NOT_RUN] - delay: NOT_RUN: delay

2018-11-25 10:36:58 - [MESSAGE][NOT_RUN] - NOT_RUN: delay

2018-11-25 10:36:58 - [TEST_STEP][NOT_RUN] - click: NOT_RUN: click

2018-11-25 10:36:58 - [MESSAGE][NOT_RUN] - NOT_RUN: click

2018-11-25 10:36:58 - [TEST_STEP][NOT_RUN] - delay: NOT_RUN: delay

2018-11-25 10:36:58 - [MESSAGE][NOT_RUN] - NOT_RUN: delay

2018-11-25 10:36:58 - [TEST_STEP][NOT_RUN] - setText: NOT_RUN: setText

2018-11-25 10:36:58 - [MESSAGE][NOT_RUN] - NOT_RUN: setText

2018-11-25 10:36:58 - [TEST_STEP][PASSED] - click: Object: 'Object Repository/Final Object Repo/Page_Request SSN - ASSIST/Save  Continue' is clicked on

2018-11-25 10:36:58 - [MESSAGE][PASSED] - Object: 'Object Repository/Final Object Repo/Page_Request SSN - ASSIST/Save  Continue' is clicked on

2018-11-25 10:36:58 - [TEST_STEP][PASSED] - delay: Delayed 3 second(s)

2018-11-25 10:37:01 - [MESSAGE][PASSED] - Delayed 3 second(s)

2018-11-25 10:37:01 - [TEST_STEP][PASSED] - Statement - CaseReferenceNo = com.kms.katalon.core.webui.keyword.WebUiBuiltInKeywords.getText(com.kms.katalon.core.testobject.ObjectRepository.findTestObject(Final Object Repo/Page_Request SSN - ASSIST/Reference Number in Uploading Page)): Text of object 'Object Repository/Final Object Repo/Page_Request SSN - ASSIST/Reference Number in Uploading Page' is: 'YUKI'

2018-11-25 10:37:01 - [MESSAGE][PASSED] - Text of object 'Object Repository/Final Object Repo/Page_Request SSN - ASSIST/Reference Number in Uploading Page' is: 'YUKI'

2018-11-25 10:37:01 - [TEST_STEP][PASSED] - click: Object: 'Object Repository/Final Object Repo/Page_Request SSN - ASSIST/Add Document Button' is clicked on

2018-11-25 10:37:02 - [MESSAGE][PASSED] - Object: 'Object Repository/Final Object Repo/Page_Request SSN - ASSIST/Add Document Button' is clicked on

2018-11-25 10:37:02 - [TEST_STEP][PASSED] - delay: Delayed 2 second(s)

2018-11-25 10:37:04 - [MESSAGE][PASSED] - Delayed 2 second(s)

2018-11-25 10:37:04 - [TEST_STEP][PASSED] - click: Object: 'Object Repository/Final Object Repo/Page_Request SSN - ASSIST/Document Type' is clicked on

2018-11-25 10:37:05 - [MESSAGE][PASSED] - Object: 'Object Repository/Final Object Repo/Page_Request SSN - ASSIST/Document Type' is clicked on

2018-11-25 10:37:05 - [TEST_STEP][PASSED] - click: Object: 'Object Repository/Final Object Repo/Page_Request SSN - ASSIST/Document Type - Birth Certificate' is clicked on

2018-11-25 10:37:05 - [MESSAGE][PASSED] - Object: 'Object Repository/Final Object Repo/Page_Request SSN - ASSIST/Document Type - Birth Certificate' is clicked on

2018-11-25 10:37:05 - [TEST_STEP][PASSED] - sendKeys: Keys 'C:\Users\Public\Pictures\Sample Pictures\Koala.jpg' sent to object: 'Object Repository/Final Object Repo/Page_Request SSN - ASSIST/Upload File'

2018-11-25 10:37:05 - [MESSAGE][PASSED] - Keys 'C:\Users\Public\Pictures\Sample Pictures\Koala.jpg' sent to object: 'Object Repository/Final Object Repo/Page_Request SSN - ASSIST/Upload File'

2018-11-25 10:37:05 - [TEST_STEP][PASSED] - click: Object: 'Object Repository/Final Object Repo/Page_Request SSN - ASSIST/Add Document' is clicked on

2018-11-25 10:37:05 - [MESSAGE][PASSED] - Object: 'Object Repository/Final Object Repo/Page_Request SSN - ASSIST/Add Document' is clicked on

2018-11-25 10:37:05 - [TEST_STEP][PASSED] - delay: Delayed 2 second(s)

2018-11-25 10:37:07 - [MESSAGE][PASSED] - Delayed 2 second(s)

2018-11-25 10:37:07 - [TEST_STEP][PASSED] - click: Object: 'Object Repository/Final Object Repo/Page_Request SSN - ASSIST/Save  Continue in Uploading Document Page' is clicked on

2018-11-25 10:37:09 - [MESSAGE][PASSED] - Object: 'Object Repository/Final Object Repo/Page_Request SSN - ASSIST/Save  Continue in Uploading Document Page' is clicked on

2018-11-25 10:37:09 - [TEST_STEP][PASSED] - delay: Delayed 2 second(s)

2018-11-25 10:37:11 - [MESSAGE][PASSED] - Delayed 2 second(s)

2018-11-25 10:37:11 - [TEST_STEP][PASSED] - click: Object: 'Object Repository/Final Object Repo/Page_Request SSN - ASSIST/Submit' is clicked on

2018-11-25 10:37:15 - [MESSAGE][PASSED] - Object: 'Object Repository/Final Object Repo/Page_Request SSN - ASSIST/Submit' is clicked on

2018-11-25 10:37:15 - [TEST_STEP][PASSED] - delay: Delayed 2 second(s)

2018-11-25 10:37:17 - [MESSAGE][PASSED] - Delayed 2 second(s)

2018-11-25 10:37:17 - [TEST_STEP][PASSED] - click: Object: 'Object Repository/Final Object Repo/Page_Request SSN - ASSIST/Confirm' is clicked on

2018-11-25 10:37:17 - [MESSAGE][PASSED] - Object: 'Object Repository/Final Object Repo/Page_Request SSN - ASSIST/Confirm' is clicked on

2018-11-25 10:37:17 - [TEST_STEP][PASSED] - delay: Delayed 2 second(s)

2018-11-25 10:37:19 - [MESSAGE][PASSED] - Delayed 2 second(s)

2018-11-25 10:37:19 - [TEST_STEP][PASSED] - verifyElementVisible: Object 'Object Repository/Final Object Repo/Page_Request SSN - ASSIST/Message This Case will be routed to RIO' is visible

2018-11-25 10:37:24 - [MESSAGE][PASSED] - Object 'Object Repository/Final Object Repo/Page_Request SSN - ASSIST/Message This Case will be routed to RIO' is visible

2018-11-25 10:37:24 - [TEST_STEP][PASSED] - delay: Delayed 2 second(s)

2018-11-25 10:37:26 - [MESSAGE][PASSED] - Delayed 2 second(s)

2018-11-25 10:37:26 - [TEST_STEP][PASSED] - verifyElementVisible: Object 'Object Repository/Final Object Repo/Page_Request SSN - ASSIST/Letter of acknowledgement' is visible

2018-11-25 10:37:26 - [MESSAGE][PASSED] - Object 'Object Repository/Final Object Repo/Page_Request SSN - ASSIST/Letter of acknowledgement' is visible

2018-11-25 10:37:26 - [MESSAGE][PASSED] - Call Test Case 'Test Cases/Final Aug 2018 - PKS Automation/Registration Module/Workflow/Request SSN/Template/Request SSN - OTC (Using Current Employer Code)' successfully

2018-11-25 10:37:26 - [TEST_STEP][FAILED] - callTestCase: Unable to call Test Case with id 'Test Cases/Final Aug 2018 - PKS Automation/Registration Module/Workflow/Request SSN/Template/Request SSN RIO - RO (Approve)' (Root cause: Call Test Case 'Test Cases/Final Aug 2018 - PKS Automation/Registration Module/Workflow/Request SSN/Template/Request SSN RIO - RO (Approve)' failed)

2018-11-25 10:37:26 - [TEST_CASE][FAILED] - Test Cases/Final Aug 2018 - PKS Automation/Registration Module/Workflow/Request SSN/Template/Request SSN RIO - RO (Approve): Test Cases/Final Aug 2018 - PKS Automation/Registration Module/Workflow/Request SSN/Template/Request SSN RIO - RO (Approve) FAILED because (of) (Stack trace: com.kms.katalon.core.exception.StepFailedException: Unable to click on object 'Object Repository/Final Object Repo/Landing Page/Select to Workflow Listing' (Root cause: org.openqa.selenium.ElementNotVisibleException: element not interactable
  (Session info: chrome=70.0.3538.102)
  (Driver info: chromedriver=2.43.600210 (68dcf5eebde37173d4027fa8635e332711d2874a),platform=Windows NT 6.1.7601 SP1 x86_64) (WARNING: The server did not provide any stacktrace information)
Command duration or timeout: 0 milliseconds
Build info: version: '3.7.1', revision: '8a0099a', time: '2017-11-06T21:07:36.161Z'
System info: host: 'WIN7TEST02', ip: '10.20.3.72', os.name: 'Windows 7', os.arch: 'amd64', os.version: '6.1', java.version: '1.8.0_181'
Driver info: com.kms.katalon.selenium.driver.CChromeDriver
Capabilities {acceptInsecureCerts: false, acceptSslCerts: false, applicationCacheEnabled: false, browserConnectionEnabled: false, browserName: chrome, chrome: {chromedriverVersion: 2.43.600210 (68dcf5eebde371..., userDataDir: C:\Users\Admin\AppData\Loca...}, cssSelectorsEnabled: true, databaseEnabled: false, goog:chromeOptions: {debuggerAddress: localhost:56796}, handlesAlerts: true, hasTouchScreen: false, javascriptEnabled: true, locationContextEnabled: true, mobileEmulationEnabled: false, nativeEvents: true, networkConnectionEnabled: false, pageLoadStrategy: normal, platform: XP, platformName: XP, rotatable: false, setWindowRect: true, takesHeapSnapshot: true, takesScreenshot: true, unexpectedAlertBehaviour: , unhandledPromptBehavior: , version: 70.0.3538.102, webStorageEnabled: true}
Session ID: 90b80e295885b2a937d1975a1133b55c)
	at com.kms.katalon.core.keyword.internal.KeywordMain.stepFailed(KeywordMain.groovy:32)
	at com.kms.katalon.core.webui.keyword.internal.WebUIKeywordMain.stepFailed(WebUIKeywordMain.groovy:65)
	at com.kms.katalon.core.webui.keyword.internal.WebUIKeywordMain.runKeyword(WebUIKeywordMain.groovy:27)
	at com.kms.katalon.core.webui.keyword.builtin.ClickKeyword.click(ClickKeyword.groovy:86)
	at com.kms.katalon.core.webui.keyword.builtin.ClickKeyword.execute(ClickKeyword.groovy:67)
	at com.kms.katalon.core.keyword.internal.KeywordExecutor.executeKeywordForPlatform(KeywordExecutor.groovy:53)
	at com.kms.katalon.core.webui.keyword.WebUiBuiltInKeywords.click(WebUiBuiltInKeywords.groovy:616)
	at com.kms.katalon.core.webui.keyword.WebUiBuiltInKeywords$click$2.call(Unknown Source)
	at org.codehaus.groovy.runtime.callsite.CallSiteArray.defaultCall(CallSiteArray.java:48)
	at org.codehaus.groovy.runtime.callsite.AbstractCallSite.call(AbstractCallSite.java:113)
	at org.codehaus.groovy.runtime.callsite.AbstractCallSite.call(AbstractCallSite.java:125)
	at Script1534407542420.run(Script1534407542420.groovy:73)
	at com.kms.katalon.core.main.ScriptEngine.run(ScriptEngine.java:183)
	at com.kms.katalon.core.main.ScriptEngine.runScriptAsRawText(ScriptEngine.java:108)
	at com.kms.katalon.core.main.TestCaseExecutor.runScript(TestCaseExecutor.java:294)
	at com.kms.katalon.core.main.TestCaseExecutor.doExecute(TestCaseExecutor.java:285)
	at com.kms.katalon.core.main.TestCaseExecutor.processExecutionPhase(TestCaseExecutor.java:264)
	at com.kms.katalon.core.main.TestCaseExecutor.accessMainPhase(TestCaseExecutor.java:256)
	at com.kms.katalon.core.main.TestCaseExecutor.execute(TestCaseExecutor.java:200)
	at com.kms.katalon.core.main.TestCaseMain.runTestCase(TestCaseMain.java:99)
	at com.kms.katalon.core.keyword.builtin.CallTestCaseKeyword$_callTestCase_closure1.doCall(CallTestCaseKeyword.groovy:60)
	at com.kms.katalon.core.keyword.builtin.CallTestCaseKeyword$_callTestCase_closure1.call(CallTestCaseKeyword.groovy)
	at com.kms.katalon.core.keyword.internal.KeywordMain.runKeyword(KeywordMain.groovy:54)
	at com.kms.katalon.core.keyword.builtin.CallTestCaseKeyword.callTestCase(CallTestCaseKeyword.groovy:81)
	at com.kms.katalon.core.keyword.builtin.CallTestCaseKeyword.execute(CallTestCaseKeyword.groovy:45)
	at com.kms.katalon.core.keyword.internal.KeywordExecutor.executeKeywordForPlatform(KeywordExecutor.groovy:53)
	at com.kms.katalon.core.keyword.BuiltinKeywords.callTestCase(BuiltinKeywords.groovy:334)
	at sun.reflect.NativeMethodAccessorImpl.invoke0(Native Method)
	at sun.reflect.NativeMethodAccessorImpl.invoke(NativeMethodAccessorImpl.java:62)
	at sun.reflect.DelegatingMethodAccessorImpl.invoke(DelegatingMethodAccessorImpl.java:43)
	at java.lang.reflect.Method.invoke(Method.java:498)
	at org.codehaus.groovy.reflection.CachedMethod.invoke(CachedMethod.java:93)
	at groovy.lang.MetaMethod.doMethodInvoke(MetaMethod.java:325)
	at groovy.lang.MetaClassImpl.invokeStaticMethod(MetaClassImpl.java:1469)
	at org.codehaus.groovy.runtime.callsite.StaticMetaClassSite.call(StaticMetaClassSite.java:53)
	at org.codehaus.groovy.runtime.callsite.CallSiteArray.defaultCall(CallSiteArray.java:48)
	at org.codehaus.groovy.runtime.callsite.AbstractCallSite.call(AbstractCallSite.java:113)
	at org.codehaus.groovy.runtime.callsite.AbstractCallSite.call(AbstractCallSite.java:141)
	at Script1537865992110.run(Script1537865992110.groovy:30)
	at com.kms.katalon.core.main.ScriptEngine.run(ScriptEngine.java:183)
	at com.kms.katalon.core.main.ScriptEngine.runScriptAsRawText(ScriptEngine.java:108)
	at com.kms.katalon.core.main.TestCaseExecutor.runScript(TestCaseExecutor.java:294)
	at com.kms.katalon.core.main.TestCaseExecutor.doExecute(TestCaseExecutor.java:285)
	at com.kms.katalon.core.main.TestCaseExecutor.processExecutionPhase(TestCaseExecutor.java:264)
	at com.kms.katalon.core.main.TestCaseExecutor.accessMainPhase(TestCaseExecutor.java:256)
	at com.kms.katalon.core.main.TestCaseExecutor.execute(TestCaseExecutor.java:200)
	at com.kms.katalon.core.main.TestCaseMain.runTestCase(TestCaseMain.java:99)
	at com.kms.katalon.core.keyword.builtin.CallTestCaseKeyword$_callTestCase_closure1.doCall(CallTestCaseKeyword.groovy:60)
	at com.kms.katalon.core.keyword.builtin.CallTestCaseKeyword$_callTestCase_closure1.call(CallTestCaseKeyword.groovy)
	at com.kms.katalon.core.keyword.internal.KeywordMain.runKeyword(KeywordMain.groovy:54)
	at com.kms.katalon.core.keyword.builtin.CallTestCaseKeyword.callTestCase(CallTestCaseKeyword.groovy:81)
	at com.kms.katalon.core.keyword.builtin.CallTestCaseKeyword.execute(CallTestCaseKeyword.groovy:45)
	at com.kms.katalon.core.keyword.internal.KeywordExecutor.executeKeywordForPlatform(KeywordExecutor.groovy:53)
	at com.kms.katalon.core.keyword.BuiltinKeywords.callTestCase(BuiltinKeywords.groovy:334)
	at sun.reflect.NativeMethodAccessorImpl.invoke0(Native Method)
	at sun.reflect.NativeMethodAccessorImpl.invoke(NativeMethodAccessorImpl.java:62)
	at sun.reflect.DelegatingMethodAccessorImpl.invoke(DelegatingMethodAccessorImpl.java:43)
	at java.lang.reflect.Method.invoke(Method.java:498)
	at org.codehaus.groovy.reflection.CachedMethod.invoke(CachedMethod.java:93)
	at groovy.lang.MetaMethod.doMethodInvoke(MetaMethod.java:325)
	at groovy.lang.MetaClassImpl.invokeStaticMethod(MetaClassImpl.java:1469)
	at org.codehaus.groovy.runtime.callsite.StaticMetaClassSite.call(StaticMetaClassSite.java:53)
	at org.codehaus.groovy.runtime.callsite.CallSiteArray.defaultCall(CallSiteArray.java:48)
	at org.codehaus.groovy.runtime.callsite.AbstractCallSite.call(AbstractCallSite.java:113)
	at org.codehaus.groovy.runtime.callsite.AbstractCallSite.call(AbstractCallSite.java:141)
	at Script1536300508581.run(Script1536300508581.groovy:26)
	at com.kms.katalon.core.main.ScriptEngine.run(ScriptEngine.java:183)
	at com.kms.katalon.core.main.ScriptEngine.runScriptAsRawText(ScriptEngine.java:108)
	at com.kms.katalon.core.main.TestCaseExecutor.runScript(TestCaseExecutor.java:294)
	at com.kms.katalon.core.main.TestCaseExecutor.doExecute(TestCaseExecutor.java:285)
	at com.kms.katalon.core.main.TestCaseExecutor.processExecutionPhase(TestCaseExecutor.java:264)
	at com.kms.katalon.core.main.TestCaseExecutor.accessMainPhase(TestCaseExecutor.java:256)
	at com.kms.katalon.core.main.TestCaseExecutor.execute(TestCaseExecutor.java:200)
	at com.kms.katalon.core.main.TestSuiteExecutor.accessTestCaseMainPhase(TestSuiteExecutor.java:129)
	at com.kms.katalon.core.main.TestSuiteExecutor.accessTestSuiteMainPhase(TestSuiteExecutor.java:112)
	at com.kms.katalon.core.main.TestSuiteExecutor.execute(TestSuiteExecutor.java:81)
	at com.kms.katalon.core.main.TestCaseMain.startTestSuite(TestCaseMain.java:142)
	at com.kms.katalon.core.main.TestCaseMain$startTestSuite$0.call(Unknown Source)
	at org.codehaus.groovy.runtime.callsite.CallSiteArray.defaultCall(CallSiteArray.java:48)
	at org.codehaus.groovy.runtime.callsite.AbstractCallSite.call(AbstractCallSite.java:113)
	at org.codehaus.groovy.runtime.callsite.AbstractCallSite.call(AbstractCallSite.java:141)
	at TempTestSuite1543076525606.run(TempTestSuite1543076525606.groovy:36)
	at groovy.lang.GroovyShell.runScriptOrMainOrTestOrRunnable(GroovyShell.java:263)
	at groovy.lang.GroovyShell.run(GroovyShell.java:518)
	at groovy.lang.GroovyShell.run(GroovyShell.java:507)
	at groovy.ui.GroovyMain.processOnce(GroovyMain.java:653)
	at groovy.ui.GroovyMain.run(GroovyMain.java:384)
	at groovy.ui.GroovyMain.process(GroovyMain.java:370)
	at groovy.ui.GroovyMain.processArgs(GroovyMain.java:129)
	at groovy.ui.GroovyMain.main(GroovyMain.java:109)
	at sun.reflect.NativeMethodAccessorImpl.invoke0(Native Method)
	at sun.reflect.NativeMethodAccessorImpl.invoke(NativeMethodAccessorImpl.java:62)
	at sun.reflect.DelegatingMethodAccessorImpl.invoke(DelegatingMethodAccessorImpl.java:43)
	at java.lang.reflect.Method.invoke(Method.java:498)
	at org.codehaus.groovy.tools.GroovyStarter.rootLoader(GroovyStarter.java:109)
	at org.codehaus.groovy.tools.GroovyStarter.main(GroovyStarter.java:131)
)

2018-11-25 10:37:27 - [TEST_STEP][NOT_RUN] - callTestCase: NOT_RUN: callTestCase

2018-11-25 10:37:27 - [MESSAGE][NOT_RUN] - NOT_RUN: callTestCase

2018-11-25 10:37:27 - [TEST_STEP][PASSED] - delay: Delayed 2 second(s)

2018-11-25 10:37:29 - [MESSAGE][PASSED] - Delayed 2 second(s)

2018-11-25 10:37:29 - [TEST_STEP][PASSED] - navigateToUrl: Navigate to 'https://assist2-uat.perkeso.gov.my/c/portal/logout' successfully

2018-11-25 10:37:29 - [MESSAGE][PASSED] - Navigate to 'https://assist2-uat.perkeso.gov.my/c/portal/logout' successfully

2018-11-25 10:37:29 - [TEST_STEP][PASSED] - delay: Delayed 2 second(s)

2018-11-25 10:37:31 - [MESSAGE][PASSED] - Delayed 2 second(s)

2018-11-25 10:37:31 - [TEST_STEP][FAILED] - callTestCase: Unable to call Test Case with id 'Test Cases/Final Aug 2018 - PKS Automation/Common/Workflow Owner Finder' (Root cause: Call Test Case 'Test Cases/Final Aug 2018 - PKS Automation/Common/Workflow Owner Finder' failed)

2018-11-25 10:37:31 - [TEST_CASE][FAILED] - Test Cases/Final Aug 2018 - PKS Automation/Common/Workflow Owner Finder: Test Cases/Final Aug 2018 - PKS Automation/Common/Workflow Owner Finder FAILED because (of) (Stack trace: com.kms.katalon.core.exception.StepFailedException: Unable to click on object 'Object Repository/Final Object Repo/Landing Page/Select to Workflow Listing' (Root cause: org.openqa.selenium.ElementNotVisibleException: element not interactable
  (Session info: chrome=70.0.3538.102)
  (Driver info: chromedriver=2.43.600210 (68dcf5eebde37173d4027fa8635e332711d2874a),platform=Windows NT 6.1.7601 SP1 x86_64) (WARNING: The server did not provide any stacktrace information)
Command duration or timeout: 0 milliseconds
Build info: version: '3.7.1', revision: '8a0099a', time: '2017-11-06T21:07:36.161Z'
System info: host: 'WIN7TEST02', ip: '10.20.3.72', os.name: 'Windows 7', os.arch: 'amd64', os.version: '6.1', java.version: '1.8.0_181'
Driver info: com.kms.katalon.selenium.driver.CChromeDriver
Capabilities {acceptInsecureCerts: false, acceptSslCerts: false, applicationCacheEnabled: false, browserConnectionEnabled: false, browserName: chrome, chrome: {chromedriverVersion: 2.43.600210 (68dcf5eebde371..., userDataDir: C:\Users\Admin\AppData\Loca...}, cssSelectorsEnabled: true, databaseEnabled: false, goog:chromeOptions: {debuggerAddress: localhost:56796}, handlesAlerts: true, hasTouchScreen: false, javascriptEnabled: true, locationContextEnabled: true, mobileEmulationEnabled: false, nativeEvents: true, networkConnectionEnabled: false, pageLoadStrategy: normal, platform: XP, platformName: XP, rotatable: false, setWindowRect: true, takesHeapSnapshot: true, takesScreenshot: true, unexpectedAlertBehaviour: , unhandledPromptBehavior: , version: 70.0.3538.102, webStorageEnabled: true}
Session ID: 90b80e295885b2a937d1975a1133b55c)
	at com.kms.katalon.core.keyword.internal.KeywordMain.stepFailed(KeywordMain.groovy:32)
	at com.kms.katalon.core.webui.keyword.internal.WebUIKeywordMain.stepFailed(WebUIKeywordMain.groovy:65)
	at com.kms.katalon.core.webui.keyword.internal.WebUIKeywordMain.runKeyword(WebUIKeywordMain.groovy:27)
	at com.kms.katalon.core.webui.keyword.builtin.ClickKeyword.click(ClickKeyword.groovy:86)
	at com.kms.katalon.core.webui.keyword.builtin.ClickKeyword.execute(ClickKeyword.groovy:67)
	at com.kms.katalon.core.keyword.internal.KeywordExecutor.executeKeywordForPlatform(KeywordExecutor.groovy:53)
	at com.kms.katalon.core.webui.keyword.WebUiBuiltInKeywords.click(WebUiBuiltInKeywords.groovy:616)
	at com.kms.katalon.core.webui.keyword.WebUiBuiltInKeywords$click$2.call(Unknown Source)
	at org.codehaus.groovy.runtime.callsite.CallSiteArray.defaultCall(CallSiteArray.java:48)
	at org.codehaus.groovy.runtime.callsite.AbstractCallSite.call(AbstractCallSite.java:113)
	at org.codehaus.groovy.runtime.callsite.AbstractCallSite.call(AbstractCallSite.java:125)
	at Script1534407542420.run(Script1534407542420.groovy:73)
	at com.kms.katalon.core.main.ScriptEngine.run(ScriptEngine.java:183)
	at com.kms.katalon.core.main.ScriptEngine.runScriptAsRawText(ScriptEngine.java:108)
	at com.kms.katalon.core.main.TestCaseExecutor.runScript(TestCaseExecutor.java:294)
	at com.kms.katalon.core.main.TestCaseExecutor.doExecute(TestCaseExecutor.java:285)
	at com.kms.katalon.core.main.TestCaseExecutor.processExecutionPhase(TestCaseExecutor.java:264)
	at com.kms.katalon.core.main.TestCaseExecutor.accessMainPhase(TestCaseExecutor.java:256)
	at com.kms.katalon.core.main.TestCaseExecutor.execute(TestCaseExecutor.java:200)
	at com.kms.katalon.core.main.TestCaseMain.runTestCase(TestCaseMain.java:99)
	at com.kms.katalon.core.keyword.builtin.CallTestCaseKeyword$_callTestCase_closure1.doCall(CallTestCaseKeyword.groovy:60)
	at com.kms.katalon.core.keyword.builtin.CallTestCaseKeyword$_callTestCase_closure1.call(CallTestCaseKeyword.groovy)
	at com.kms.katalon.core.keyword.internal.KeywordMain.runKeyword(KeywordMain.groovy:54)
	at com.kms.katalon.core.keyword.builtin.CallTestCaseKeyword.callTestCase(CallTestCaseKeyword.groovy:81)
	at com.kms.katalon.core.keyword.builtin.CallTestCaseKeyword.execute(CallTestCaseKeyword.groovy:45)
	at com.kms.katalon.core.keyword.internal.KeywordExecutor.executeKeywordForPlatform(KeywordExecutor.groovy:53)
	at com.kms.katalon.core.keyword.BuiltinKeywords.callTestCase(BuiltinKeywords.groovy:334)
	at sun.reflect.NativeMethodAccessorImpl.invoke0(Native Method)
	at sun.reflect.NativeMethodAccessorImpl.invoke(NativeMethodAccessorImpl.java:62)
	at sun.reflect.DelegatingMethodAccessorImpl.invoke(DelegatingMethodAccessorImpl.java:43)
	at java.lang.reflect.Method.invoke(Method.java:498)
	at org.codehaus.groovy.reflection.CachedMethod.invoke(CachedMethod.java:93)
	at groovy.lang.MetaMethod.doMethodInvoke(MetaMethod.java:325)
	at groovy.lang.MetaClassImpl.invokeStaticMethod(MetaClassImpl.java:1469)
	at org.codehaus.groovy.runtime.callsite.StaticMetaClassSite.call(StaticMetaClassSite.java:53)
	at org.codehaus.groovy.runtime.callsite.CallSiteArray.defaultCall(CallSiteArray.java:48)
	at org.codehaus.groovy.runtime.callsite.AbstractCallSite.call(AbstractCallSite.java:113)
	at org.codehaus.groovy.runtime.callsite.AbstractCallSite.call(AbstractCallSite.java:141)
	at Script1537865992110.run(Script1537865992110.groovy:30)
	at com.kms.katalon.core.main.ScriptEngine.run(ScriptEngine.java:183)
	at com.kms.katalon.core.main.ScriptEngine.runScriptAsRawText(ScriptEngine.java:108)
	at com.kms.katalon.core.main.TestCaseExecutor.runScript(TestCaseExecutor.java:294)
	at com.kms.katalon.core.main.TestCaseExecutor.doExecute(TestCaseExecutor.java:285)
	at com.kms.katalon.core.main.TestCaseExecutor.processExecutionPhase(TestCaseExecutor.java:264)
	at com.kms.katalon.core.main.TestCaseExecutor.accessMainPhase(TestCaseExecutor.java:256)
	at com.kms.katalon.core.main.TestCaseExecutor.execute(TestCaseExecutor.java:200)
	at com.kms.katalon.core.main.TestCaseMain.runTestCase(TestCaseMain.java:99)
	at com.kms.katalon.core.keyword.builtin.CallTestCaseKeyword$_callTestCase_closure1.doCall(CallTestCaseKeyword.groovy:60)
	at com.kms.katalon.core.keyword.builtin.CallTestCaseKeyword$_callTestCase_closure1.call(CallTestCaseKeyword.groovy)
	at com.kms.katalon.core.keyword.internal.KeywordMain.runKeyword(KeywordMain.groovy:54)
	at com.kms.katalon.core.keyword.builtin.CallTestCaseKeyword.callTestCase(CallTestCaseKeyword.groovy:81)
	at com.kms.katalon.core.keyword.builtin.CallTestCaseKeyword.execute(CallTestCaseKeyword.groovy:45)
	at com.kms.katalon.core.keyword.internal.KeywordExecutor.executeKeywordForPlatform(KeywordExecutor.groovy:53)
	at com.kms.katalon.core.keyword.BuiltinKeywords.callTestCase(BuiltinKeywords.groovy:334)
	at sun.reflect.NativeMethodAccessorImpl.invoke0(Native Method)
	at sun.reflect.NativeMethodAccessorImpl.invoke(NativeMethodAccessorImpl.java:62)
	at sun.reflect.DelegatingMethodAccessorImpl.invoke(DelegatingMethodAccessorImpl.java:43)
	at java.lang.reflect.Method.invoke(Method.java:498)
	at org.codehaus.groovy.reflection.CachedMethod.invoke(CachedMethod.java:93)
	at groovy.lang.MetaMethod.doMethodInvoke(MetaMethod.java:325)
	at groovy.lang.MetaClassImpl.invokeStaticMethod(MetaClassImpl.java:1469)
	at org.codehaus.groovy.runtime.callsite.StaticMetaClassSite.call(StaticMetaClassSite.java:53)
	at org.codehaus.groovy.runtime.callsite.CallSiteArray.defaultCall(CallSiteArray.java:48)
	at org.codehaus.groovy.runtime.callsite.AbstractCallSite.call(AbstractCallSite.java:113)
	at org.codehaus.groovy.runtime.callsite.AbstractCallSite.call(AbstractCallSite.java:141)
	at Script1536300508581.run(Script1536300508581.groovy:26)
	at com.kms.katalon.core.main.ScriptEngine.run(ScriptEngine.java:183)
	at com.kms.katalon.core.main.ScriptEngine.runScriptAsRawText(ScriptEngine.java:108)
	at com.kms.katalon.core.main.TestCaseExecutor.runScript(TestCaseExecutor.java:294)
	at com.kms.katalon.core.main.TestCaseExecutor.doExecute(TestCaseExecutor.java:285)
	at com.kms.katalon.core.main.TestCaseExecutor.processExecutionPhase(TestCaseExecutor.java:264)
	at com.kms.katalon.core.main.TestCaseExecutor.accessMainPhase(TestCaseExecutor.java:256)
	at com.kms.katalon.core.main.TestCaseExecutor.execute(TestCaseExecutor.java:200)
	at com.kms.katalon.core.main.TestSuiteExecutor.accessTestCaseMainPhase(TestSuiteExecutor.java:129)
	at com.kms.katalon.core.main.TestSuiteExecutor.accessTestSuiteMainPhase(TestSuiteExecutor.java:112)
	at com.kms.katalon.core.main.TestSuiteExecutor.execute(TestSuiteExecutor.java:81)
	at com.kms.katalon.core.main.TestCaseMain.startTestSuite(TestCaseMain.java:142)
	at com.kms.katalon.core.main.TestCaseMain$startTestSuite$0.call(Unknown Source)
	at org.codehaus.groovy.runtime.callsite.CallSiteArray.defaultCall(CallSiteArray.java:48)
	at org.codehaus.groovy.runtime.callsite.AbstractCallSite.call(AbstractCallSite.java:113)
	at org.codehaus.groovy.runtime.callsite.AbstractCallSite.call(AbstractCallSite.java:141)
	at TempTestSuite1543076525606.run(TempTestSuite1543076525606.groovy:36)
	at groovy.lang.GroovyShell.runScriptOrMainOrTestOrRunnable(GroovyShell.java:263)
	at groovy.lang.GroovyShell.run(GroovyShell.java:518)
	at groovy.lang.GroovyShell.run(GroovyShell.java:507)
	at groovy.ui.GroovyMain.processOnce(GroovyMain.java:653)
	at groovy.ui.GroovyMain.run(GroovyMain.java:384)
	at groovy.ui.GroovyMain.process(GroovyMain.java:370)
	at groovy.ui.GroovyMain.processArgs(GroovyMain.java:129)
	at groovy.ui.GroovyMain.main(GroovyMain.java:109)
	at sun.reflect.NativeMethodAccessorImpl.invoke0(Native Method)
	at sun.reflect.NativeMethodAccessorImpl.invoke(NativeMethodAccessorImpl.java:62)
	at sun.reflect.DelegatingMethodAccessorImpl.invoke(DelegatingMethodAccessorImpl.java:43)
	at java.lang.reflect.Method.invoke(Method.java:498)
	at org.codehaus.groovy.tools.GroovyStarter.rootLoader(GroovyStarter.java:109)
	at org.codehaus.groovy.tools.GroovyStarter.main(GroovyStarter.java:131)
)

2018-11-25 10:37:32 - [TEST_STEP][PASSED] - openBrowser: Browser is opened with url: ''

2018-11-25 10:37:32 - [MESSAGE][WARNING] - A browser is already opened. Closing browser and opening a new one

2018-11-25 10:37:36 - [MESSAGE][PASSED] - Browser is opened with url: ''

2018-11-25 10:37:36 - [TEST_STEP][PASSED] - navigateToUrl: Navigate to 'https://assist2-uat.perkeso.gov.my/login' successfully

2018-11-25 10:37:37 - [MESSAGE][PASSED] - Navigate to 'https://assist2-uat.perkeso.gov.my/login' successfully

2018-11-25 10:37:37 - [TEST_STEP][PASSED] - delay: Delayed 5 second(s)

2018-11-25 10:37:42 - [MESSAGE][PASSED] - Delayed 5 second(s)

2018-11-25 10:37:42 - [TEST_STEP][PASSED] - setText: Text 'test@liferay.com' is set on object 'Object Repository/Final Object Repo/Login Page/Internal User/Email Address'

2018-11-25 10:37:42 - [MESSAGE][PASSED] - Text 'test@liferay.com' is set on object 'Object Repository/Final Object Repo/Login Page/Internal User/Email Address'

2018-11-25 10:37:42 - [TEST_STEP][PASSED] - click: Object: 'Object Repository/Final Object Repo/Login Page/Internal User/Next Button' is clicked on

2018-11-25 10:37:42 - [MESSAGE][PASSED] - Object: 'Object Repository/Final Object Repo/Login Page/Internal User/Next Button' is clicked on

2018-11-25 10:37:42 - [TEST_STEP][PASSED] - delay: Delayed 2 second(s)

2018-11-25 10:37:44 - [MESSAGE][PASSED] - Delayed 2 second(s)

2018-11-25 10:37:44 - [TEST_STEP][PASSED] - setText: Text 'test' is set on object 'Object Repository/Final Object Repo/Login Page/Internal User/Password'

2018-11-25 10:37:45 - [MESSAGE][PASSED] - Text 'test' is set on object 'Object Repository/Final Object Repo/Login Page/Internal User/Password'

2018-11-25 10:37:45 - [TEST_STEP][PASSED] - delay: Delayed 2 second(s)

2018-11-25 10:37:47 - [MESSAGE][PASSED] - Delayed 2 second(s)

2018-11-25 10:37:47 - [TEST_STEP][PASSED] - click: Object: 'Object Repository/Final Object Repo/Login Page/Internal User/Login Button' is clicked on

2018-11-25 10:37:47 - [MESSAGE][PASSED] - Object: 'Object Repository/Final Object Repo/Login Page/Internal User/Login Button' is clicked on

2018-11-25 10:37:47 - [TEST_STEP][PASSED] - Statement - Try: Delayed 2 second(s)

2018-11-25 10:37:47 - [TEST_STEP][PASSED] - Statement - Checker = false: null

2018-11-25 10:37:47 - [TEST_STEP][PASSED] - Statement - Checker = com.kms.katalon.core.webui.keyword.WebUiBuiltInKeywords.verifyElementHasAttribute(com.kms.katalon.core.testobject.ObjectRepository.findTestObject(Final Object Repo/Landing Page/BM Detecting), "href", 20, OPTIONAL): Object 'Object Repository/Final Object Repo/Landing Page/BM Detecting' has attribute 'href'

2018-11-25 10:37:49 - [MESSAGE][PASSED] - Object 'Object Repository/Final Object Repo/Landing Page/BM Detecting' has attribute 'href'

2018-11-25 10:37:49 - [TEST_STEP][PASSED] - Statement - out.println(Checker): null

2018-11-25 10:37:49 - [TEST_STEP][PASSED] - Statement - If (Checker == false): null

2018-11-25 10:37:49 - [TEST_STEP][PASSED] - Statement - Else: null

2018-11-25 10:37:49 - [TEST_STEP][PASSED] - delay: Delayed 2 second(s)

2018-11-25 10:37:51 - [MESSAGE][PASSED] - Delayed 2 second(s)

2018-11-25 10:37:51 - [TEST_STEP][PASSED] - delay: Delayed 3 second(s)

2018-11-25 10:37:54 - [MESSAGE][PASSED] - Delayed 3 second(s)

2018-11-25 10:37:54 - [TEST_STEP][PASSED] - mouseOver: Object: 'Object Repository/Final Object Repo/Landing Page/WorkFlow Menu' is hovered

2018-11-25 10:37:54 - [MESSAGE][PASSED] - Object: 'Object Repository/Final Object Repo/Landing Page/WorkFlow Menu' is hovered

2018-11-25 10:37:54 - [TEST_STEP][PASSED] - delay: Delayed 2 second(s)

2018-11-25 10:37:56 - [MESSAGE][PASSED] - Delayed 2 second(s)

2018-11-25 10:37:56 - [TEST_STEP][FAILED] - click: Unable to click on object 'Object Repository/Final Object Repo/Landing Page/Select to Workflow Listing' (Root cause: org.openqa.selenium.ElementNotVisibleException: element not interactable
  (Session info: chrome=70.0.3538.102)
  (Driver info: chromedriver=2.43.600210 (68dcf5eebde37173d4027fa8635e332711d2874a),platform=Windows NT 6.1.7601 SP1 x86_64) (WARNING: The server did not provide any stacktrace information)
Command duration or timeout: 0 milliseconds
Build info: version: '3.7.1', revision: '8a0099a', time: '2017-11-06T21:07:36.161Z'
System info: host: 'WIN7TEST02', ip: '10.20.3.72', os.name: 'Windows 7', os.arch: 'amd64', os.version: '6.1', java.version: '1.8.0_181'
Driver info: com.kms.katalon.selenium.driver.CChromeDriver
Capabilities {acceptInsecureCerts: false, acceptSslCerts: false, applicationCacheEnabled: false, browserConnectionEnabled: false, browserName: chrome, chrome: {chromedriverVersion: 2.43.600210 (68dcf5eebde371..., userDataDir: C:\Users\Admin\AppData\Loca...}, cssSelectorsEnabled: true, databaseEnabled: false, goog:chromeOptions: {debuggerAddress: localhost:56796}, handlesAlerts: true, hasTouchScreen: false, javascriptEnabled: true, locationContextEnabled: true, mobileEmulationEnabled: false, nativeEvents: true, networkConnectionEnabled: false, pageLoadStrategy: normal, platform: XP, platformName: XP, rotatable: false, setWindowRect: true, takesHeapSnapshot: true, takesScreenshot: true, unexpectedAlertBehaviour: , unhandledPromptBehavior: , version: 70.0.3538.102, webStorageEnabled: true}
Session ID: 90b80e295885b2a937d1975a1133b55c)

2018-11-25 10:37:56 - [MESSAGE][FAILED] - Unable to click on object 'Object Repository/Final Object Repo/Landing Page/Select to Workflow Listing' (Root cause: org.openqa.selenium.ElementNotVisibleException: element not interactable
  (Session info: chrome=70.0.3538.102)
  (Driver info: chromedriver=2.43.600210 (68dcf5eebde37173d4027fa8635e332711d2874a),platform=Windows NT 6.1.7601 SP1 x86_64) (WARNING: The server did not provide any stacktrace information)
Command duration or timeout: 0 milliseconds
Build info: version: '3.7.1', revision: '8a0099a', time: '2017-11-06T21:07:36.161Z'
System info: host: 'WIN7TEST02', ip: '10.20.3.72', os.name: 'Windows 7', os.arch: 'amd64', os.version: '6.1', java.version: '1.8.0_181'
Driver info: com.kms.katalon.selenium.driver.CChromeDriver
Capabilities {acceptInsecureCerts: false, acceptSslCerts: false, applicationCacheEnabled: false, browserConnectionEnabled: false, browserName: chrome, chrome: {chromedriverVersion: 2.43.600210 (68dcf5eebde371..., userDataDir: C:\Users\Admin\AppData\Loca...}, cssSelectorsEnabled: true, databaseEnabled: false, goog:chromeOptions: {debuggerAddress: localhost:56796}, handlesAlerts: true, hasTouchScreen: false, javascriptEnabled: true, locationContextEnabled: true, mobileEmulationEnabled: false, nativeEvents: true, networkConnectionEnabled: false, pageLoadStrategy: normal, platform: XP, platformName: XP, rotatable: false, setWindowRect: true, takesHeapSnapshot: true, takesScreenshot: true, unexpectedAlertBehaviour: , unhandledPromptBehavior: , version: 70.0.3538.102, webStorageEnabled: true}
Session ID: 90b80e295885b2a937d1975a1133b55c)
[[ATTACHMENT|C:\\Users\\Admin\\Desktop\\PKS\\Perkeso Phase A\\Reports\\Workflow\\Request SSN\\20181125_002205\\1543113476449.png]]

2018-11-25 10:37:56 - [TEST_STEP][PASSED] - delay: Delayed 2 second(s)

2018-11-25 10:37:58 - [MESSAGE][PASSED] - Delayed 2 second(s)

2018-11-25 10:37:58 - [TEST_STEP][FAILED] - click: Unable to click on object 'Object Repository/Final Object Repo/WorkFlow Listing Page/Search Information - To Put Ref No' (Root cause: com.kms.katalon.core.webui.exception.WebElementNotFoundException: Web element with id: 'Object Repository/Final Object Repo/WorkFlow Listing Page/Search Information - To Put Ref No' located by 'By.xpath: //h2[@data-target = '#_workflowlisting_WAR_baseportlet_searchDiv' and (text() = 'Search Information' or . = 'Search Information')]' not found)

2018-11-25 10:38:30 - [MESSAGE][FAILED] - Unable to click on object 'Object Repository/Final Object Repo/WorkFlow Listing Page/Search Information - To Put Ref No' (Root cause: com.kms.katalon.core.webui.exception.WebElementNotFoundException: Web element with id: 'Object Repository/Final Object Repo/WorkFlow Listing Page/Search Information - To Put Ref No' located by 'By.xpath: //h2[@data-target = '#_workflowlisting_WAR_baseportlet_searchDiv' and (text() = 'Search Information' or . = 'Search Information')]' not found)
[[ATTACHMENT|C:\\Users\\Admin\\Desktop\\PKS\\Perkeso Phase A\\Reports\\Workflow\\Request SSN\\20181125_002205\\1543113510200.png]]

2018-11-25 10:38:30 - [TEST_STEP][PASSED] - delay: Delayed 2 second(s)

2018-11-25 10:38:32 - [MESSAGE][PASSED] - Delayed 2 second(s)

2018-11-25 10:38:32 - [TEST_STEP][PASSED] - callTestCase: Call Test Case 'Test Cases/Final Aug 2018 - PKS Automation/Common/Reference Number Getter' successfully

2018-11-25 10:38:32 - [TEST_CASE][PASSED] - Test Cases/Final Aug 2018 - PKS Automation/Common/Reference Number Getter: Test Cases/Final Aug 2018 - PKS Automation/Common/Reference Number Getter

2018-11-25 10:38:32 - [TEST_STEP][PASSED] - Statement - Try: null

2018-11-25 10:38:32 - [TEST_STEP][PASSED] - Statement - RefNo = new java.io.File(C://Users//Admin//Desktop//PKS//Automation Reference Point//KatalonReference.txt): null

2018-11-25 10:38:32 - [TEST_STEP][PASSED] - Statement - bufferread = new java.io.BufferedReader(new java.io.FileReader(RefNo)): null

2018-11-25 10:38:32 - [TEST_STEP][PASSED] - Statement - readedVal = bufferread.readLine(): null

2018-11-25 10:38:32 - [TEST_STEP][PASSED] - Statement - out.println(CaseReferenceNo): null

2018-11-25 10:38:32 - [TEST_STEP][PASSED] - Statement - out.println(readedVal): null

2018-11-25 10:38:32 - [TEST_STEP][PASSED] - Statement - CaseReferenceNo = "": null

2018-11-25 10:38:32 - [TEST_STEP][PASSED] - Statement - CaseReferenceNo = readedVal: null

2018-11-25 10:38:32 - [MESSAGE][PASSED] - Call Test Case 'Test Cases/Final Aug 2018 - PKS Automation/Common/Reference Number Getter' successfully

2018-11-25 10:38:32 - [TEST_STEP][FAILED] - setText: Unable to set text 'null' of object 'Object Repository/Final Object Repo/WorkFlow Listing Page/Ref No Set Text' (Root cause: java.lang.IllegalArgumentException: Text is null)

2018-11-25 10:38:33 - [MESSAGE][FAILED] - Unable to set text 'null' of object 'Object Repository/Final Object Repo/WorkFlow Listing Page/Ref No Set Text' (Root cause: java.lang.IllegalArgumentException: Text is null)
[[ATTACHMENT|C:\\Users\\Admin\\Desktop\\PKS\\Perkeso Phase A\\Reports\\Workflow\\Request SSN\\20181125_002205\\1543113512963.png]]

2018-11-25 10:38:33 - [TEST_STEP][PASSED] - delay: Delayed 2 second(s)

2018-11-25 10:38:35 - [MESSAGE][PASSED] - Delayed 2 second(s)

2018-11-25 10:38:35 - [TEST_STEP][FAILED] - click: Unable to click on object 'Object Repository/Final Object Repo/WorkFlow Listing Page/Search Ref No Search Button' (Root cause: org.openqa.selenium.ElementNotVisibleException: element not interactable
  (Session info: chrome=70.0.3538.102)
  (Driver info: chromedriver=2.43.600210 (68dcf5eebde37173d4027fa8635e332711d2874a),platform=Windows NT 6.1.7601 SP1 x86_64) (WARNING: The server did not provide any stacktrace information)
Command duration or timeout: 0 milliseconds
Build info: version: '3.7.1', revision: '8a0099a', time: '2017-11-06T21:07:36.161Z'
System info: host: 'WIN7TEST02', ip: '10.20.3.72', os.name: 'Windows 7', os.arch: 'amd64', os.version: '6.1', java.version: '1.8.0_181'
Driver info: com.kms.katalon.selenium.driver.CChromeDriver
Capabilities {acceptInsecureCerts: false, acceptSslCerts: false, applicationCacheEnabled: false, browserConnectionEnabled: false, browserName: chrome, chrome: {chromedriverVersion: 2.43.600210 (68dcf5eebde371..., userDataDir: C:\Users\Admin\AppData\Loca...}, cssSelectorsEnabled: true, databaseEnabled: false, goog:chromeOptions: {debuggerAddress: localhost:56796}, handlesAlerts: true, hasTouchScreen: false, javascriptEnabled: true, locationContextEnabled: true, mobileEmulationEnabled: false, nativeEvents: true, networkConnectionEnabled: false, pageLoadStrategy: normal, platform: XP, platformName: XP, rotatable: false, setWindowRect: true, takesHeapSnapshot: true, takesScreenshot: true, unexpectedAlertBehaviour: , unhandledPromptBehavior: , version: 70.0.3538.102, webStorageEnabled: true}
Session ID: 90b80e295885b2a937d1975a1133b55c)

2018-11-25 10:38:35 - [MESSAGE][FAILED] - Unable to click on object 'Object Repository/Final Object Repo/WorkFlow Listing Page/Search Ref No Search Button' (Root cause: org.openqa.selenium.ElementNotVisibleException: element not interactable
  (Session info: chrome=70.0.3538.102)
  (Driver info: chromedriver=2.43.600210 (68dcf5eebde37173d4027fa8635e332711d2874a),platform=Windows NT 6.1.7601 SP1 x86_64) (WARNING: The server did not provide any stacktrace information)
Command duration or timeout: 0 milliseconds
Build info: version: '3.7.1', revision: '8a0099a', time: '2017-11-06T21:07:36.161Z'
System info: host: 'WIN7TEST02', ip: '10.20.3.72', os.name: 'Windows 7', os.arch: 'amd64', os.version: '6.1', java.version: '1.8.0_181'
Driver info: com.kms.katalon.selenium.driver.CChromeDriver
Capabilities {acceptInsecureCerts: false, acceptSslCerts: false, applicationCacheEnabled: false, browserConnectionEnabled: false, browserName: chrome, chrome: {chromedriverVersion: 2.43.600210 (68dcf5eebde371..., userDataDir: C:\Users\Admin\AppData\Loca...}, cssSelectorsEnabled: true, databaseEnabled: false, goog:chromeOptions: {debuggerAddress: localhost:56796}, handlesAlerts: true, hasTouchScreen: false, javascriptEnabled: true, locationContextEnabled: true, mobileEmulationEnabled: false, nativeEvents: true, networkConnectionEnabled: false, pageLoadStrategy: normal, platform: XP, platformName: XP, rotatable: false, setWindowRect: true, takesHeapSnapshot: true, takesScreenshot: true, unexpectedAlertBehaviour: , unhandledPromptBehavior: , version: 70.0.3538.102, webStorageEnabled: true}
Session ID: 90b80e295885b2a937d1975a1133b55c)
[[ATTACHMENT|C:\\Users\\Admin\\Desktop\\PKS\\Perkeso Phase A\\Reports\\Workflow\\Request SSN\\20181125_002205\\1543113515393.png]]

2018-11-25 10:38:35 - [TEST_STEP][PASSED] - delay: Delayed 4 second(s)

2018-11-25 10:38:39 - [MESSAGE][PASSED] - Delayed 4 second(s)

2018-11-25 10:38:39 - [TEST_STEP][PASSED] - click: Object: 'Object Repository/Final Object Repo/WorkFlow Listing Page/Click Continue Tooltip' is clicked on

2018-11-25 10:38:41 - [MESSAGE][PASSED] - Object: 'Object Repository/Final Object Repo/WorkFlow Listing Page/Click Continue Tooltip' is clicked on

2018-11-25 10:38:41 - [TEST_STEP][PASSED] - delay: Delayed 5 second(s)

2018-11-25 10:38:46 - [MESSAGE][PASSED] - Delayed 5 second(s)

2018-11-25 10:38:46 - [TEST_STEP][FAILED] - doubleClick: Unable to double click on object 'Object Repository/Final Object Repo/WorkFlow Listing Page/Workflow Found - Listing 1' (Root cause: com.kms.katalon.core.webui.exception.WebElementNotFoundException: Web element with id: 'Object Repository/Final Object Repo/WorkFlow Listing Page/Workflow Found - Listing 1' located by 'By.xpath: //body/div/div/div/div/div/div/div/div/div/div/div/div/div/div/div/div/table/tbody/tr/td[@class='table-cell  first']/following-sibling::td[1]' not found)

2018-11-25 10:39:17 - [MESSAGE][FAILED] - Unable to double click on object 'Object Repository/Final Object Repo/WorkFlow Listing Page/Workflow Found - Listing 1' (Root cause: com.kms.katalon.core.webui.exception.WebElementNotFoundException: Web element with id: 'Object Repository/Final Object Repo/WorkFlow Listing Page/Workflow Found - Listing 1' located by 'By.xpath: //body/div/div/div/div/div/div/div/div/div/div/div/div/div/div/div/div/table/tbody/tr/td[@class='table-cell  first']/following-sibling::td[1]' not found)
[[ATTACHMENT|C:\\Users\\Admin\\Desktop\\PKS\\Perkeso Phase A\\Reports\\Workflow\\Request SSN\\20181125_002205\\1543113557550.png]]

2018-11-25 10:39:17 - [MESSAGE][FAILED] - Unable to call Test Case with id 'Test Cases/Final Aug 2018 - PKS Automation/Common/Workflow Owner Finder' (Root cause: Call Test Case 'Test Cases/Final Aug 2018 - PKS Automation/Common/Workflow Owner Finder' failed)

2018-11-25 10:39:17 - [MESSAGE][FAILED] - Unable to call Test Case with id 'Test Cases/Final Aug 2018 - PKS Automation/Registration Module/Workflow/Request SSN/Template/Request SSN RIO - RO (Approve)' (Root cause: Call Test Case 'Test Cases/Final Aug 2018 - PKS Automation/Registration Module/Workflow/Request SSN/Template/Request SSN RIO - RO (Approve)' failed)]]></system-out>
         <system-err><![CDATA[2018-11-25 10:36:09 - [TEST_CASE][FAILED] - Test Cases/Final Aug 2018 - PKS Automation/Registration Module/Workflow/Request SSN/OTC - RIO - RO (Approve): Test Cases/Final Aug 2018 - PKS Automation/Registration Module/Workflow/Request SSN/OTC - RIO - RO (Approve) FAILED because (of) (Stack trace: com.kms.katalon.core.exception.StepFailedException: Unable to click on object 'Object Repository/Final Object Repo/Landing Page/Select to Workflow Listing' (Root cause: org.openqa.selenium.ElementNotVisibleException: element not interactable
  (Session info: chrome=70.0.3538.102)
  (Driver info: chromedriver=2.43.600210 (68dcf5eebde37173d4027fa8635e332711d2874a),platform=Windows NT 6.1.7601 SP1 x86_64) (WARNING: The server did not provide any stacktrace information)
Command duration or timeout: 0 milliseconds
Build info: version: '3.7.1', revision: '8a0099a', time: '2017-11-06T21:07:36.161Z'
System info: host: 'WIN7TEST02', ip: '10.20.3.72', os.name: 'Windows 7', os.arch: 'amd64', os.version: '6.1', java.version: '1.8.0_181'
Driver info: com.kms.katalon.selenium.driver.CChromeDriver
Capabilities {acceptInsecureCerts: false, acceptSslCerts: false, applicationCacheEnabled: false, browserConnectionEnabled: false, browserName: chrome, chrome: {chromedriverVersion: 2.43.600210 (68dcf5eebde371..., userDataDir: C:\Users\Admin\AppData\Loca...}, cssSelectorsEnabled: true, databaseEnabled: false, goog:chromeOptions: {debuggerAddress: localhost:56796}, handlesAlerts: true, hasTouchScreen: false, javascriptEnabled: true, locationContextEnabled: true, mobileEmulationEnabled: false, nativeEvents: true, networkConnectionEnabled: false, pageLoadStrategy: normal, platform: XP, platformName: XP, rotatable: false, setWindowRect: true, takesHeapSnapshot: true, takesScreenshot: true, unexpectedAlertBehaviour: , unhandledPromptBehavior: , version: 70.0.3538.102, webStorageEnabled: true}
Session ID: 90b80e295885b2a937d1975a1133b55c)
	at com.kms.katalon.core.keyword.internal.KeywordMain.stepFailed(KeywordMain.groovy:32)
	at com.kms.katalon.core.webui.keyword.internal.WebUIKeywordMain.stepFailed(WebUIKeywordMain.groovy:65)
	at com.kms.katalon.core.webui.keyword.internal.WebUIKeywordMain.runKeyword(WebUIKeywordMain.groovy:27)
	at com.kms.katalon.core.webui.keyword.builtin.ClickKeyword.click(ClickKeyword.groovy:86)
	at com.kms.katalon.core.webui.keyword.builtin.ClickKeyword.execute(ClickKeyword.groovy:67)
	at com.kms.katalon.core.keyword.internal.KeywordExecutor.executeKeywordForPlatform(KeywordExecutor.groovy:53)
	at com.kms.katalon.core.webui.keyword.WebUiBuiltInKeywords.click(WebUiBuiltInKeywords.groovy:616)
	at com.kms.katalon.core.webui.keyword.WebUiBuiltInKeywords$click$2.call(Unknown Source)
	at org.codehaus.groovy.runtime.callsite.CallSiteArray.defaultCall(CallSiteArray.java:48)
	at org.codehaus.groovy.runtime.callsite.AbstractCallSite.call(AbstractCallSite.java:113)
	at org.codehaus.groovy.runtime.callsite.AbstractCallSite.call(AbstractCallSite.java:125)
	at Script1534407542420.run(Script1534407542420.groovy:73)
	at com.kms.katalon.core.main.ScriptEngine.run(ScriptEngine.java:183)
	at com.kms.katalon.core.main.ScriptEngine.runScriptAsRawText(ScriptEngine.java:108)
	at com.kms.katalon.core.main.TestCaseExecutor.runScript(TestCaseExecutor.java:294)
	at com.kms.katalon.core.main.TestCaseExecutor.doExecute(TestCaseExecutor.java:285)
	at com.kms.katalon.core.main.TestCaseExecutor.processExecutionPhase(TestCaseExecutor.java:264)
	at com.kms.katalon.core.main.TestCaseExecutor.accessMainPhase(TestCaseExecutor.java:256)
	at com.kms.katalon.core.main.TestCaseExecutor.execute(TestCaseExecutor.java:200)
	at com.kms.katalon.core.main.TestCaseMain.runTestCase(TestCaseMain.java:99)
	at com.kms.katalon.core.keyword.builtin.CallTestCaseKeyword$_callTestCase_closure1.doCall(CallTestCaseKeyword.groovy:60)
	at com.kms.katalon.core.keyword.builtin.CallTestCaseKeyword$_callTestCase_closure1.call(CallTestCaseKeyword.groovy)
	at com.kms.katalon.core.keyword.internal.KeywordMain.runKeyword(KeywordMain.groovy:54)
	at com.kms.katalon.core.keyword.builtin.CallTestCaseKeyword.callTestCase(CallTestCaseKeyword.groovy:81)
	at com.kms.katalon.core.keyword.builtin.CallTestCaseKeyword.execute(CallTestCaseKeyword.groovy:45)
	at com.kms.katalon.core.keyword.internal.KeywordExecutor.executeKeywordForPlatform(KeywordExecutor.groovy:53)
	at com.kms.katalon.core.keyword.BuiltinKeywords.callTestCase(BuiltinKeywords.groovy:334)
	at sun.reflect.NativeMethodAccessorImpl.invoke0(Native Method)
	at sun.reflect.NativeMethodAccessorImpl.invoke(NativeMethodAccessorImpl.java:62)
	at sun.reflect.DelegatingMethodAccessorImpl.invoke(DelegatingMethodAccessorImpl.java:43)
	at java.lang.reflect.Method.invoke(Method.java:498)
	at org.codehaus.groovy.reflection.CachedMethod.invoke(CachedMethod.java:93)
	at groovy.lang.MetaMethod.doMethodInvoke(MetaMethod.java:325)
	at groovy.lang.MetaClassImpl.invokeStaticMethod(MetaClassImpl.java:1469)
	at org.codehaus.groovy.runtime.callsite.StaticMetaClassSite.call(StaticMetaClassSite.java:53)
	at org.codehaus.groovy.runtime.callsite.CallSiteArray.defaultCall(CallSiteArray.java:48)
	at org.codehaus.groovy.runtime.callsite.AbstractCallSite.call(AbstractCallSite.java:113)
	at org.codehaus.groovy.runtime.callsite.AbstractCallSite.call(AbstractCallSite.java:141)
	at Script1537865992110.run(Script1537865992110.groovy:30)
	at com.kms.katalon.core.main.ScriptEngine.run(ScriptEngine.java:183)
	at com.kms.katalon.core.main.ScriptEngine.runScriptAsRawText(ScriptEngine.java:108)
	at com.kms.katalon.core.main.TestCaseExecutor.runScript(TestCaseExecutor.java:294)
	at com.kms.katalon.core.main.TestCaseExecutor.doExecute(TestCaseExecutor.java:285)
	at com.kms.katalon.core.main.TestCaseExecutor.processExecutionPhase(TestCaseExecutor.java:264)
	at com.kms.katalon.core.main.TestCaseExecutor.accessMainPhase(TestCaseExecutor.java:256)
	at com.kms.katalon.core.main.TestCaseExecutor.execute(TestCaseExecutor.java:200)
	at com.kms.katalon.core.main.TestCaseMain.runTestCase(TestCaseMain.java:99)
	at com.kms.katalon.core.keyword.builtin.CallTestCaseKeyword$_callTestCase_closure1.doCall(CallTestCaseKeyword.groovy:60)
	at com.kms.katalon.core.keyword.builtin.CallTestCaseKeyword$_callTestCase_closure1.call(CallTestCaseKeyword.groovy)
	at com.kms.katalon.core.keyword.internal.KeywordMain.runKeyword(KeywordMain.groovy:54)
	at com.kms.katalon.core.keyword.builtin.CallTestCaseKeyword.callTestCase(CallTestCaseKeyword.groovy:81)
	at com.kms.katalon.core.keyword.builtin.CallTestCaseKeyword.execute(CallTestCaseKeyword.groovy:45)
	at com.kms.katalon.core.keyword.internal.KeywordExecutor.executeKeywordForPlatform(KeywordExecutor.groovy:53)
	at com.kms.katalon.core.keyword.BuiltinKeywords.callTestCase(BuiltinKeywords.groovy:334)
	at sun.reflect.NativeMethodAccessorImpl.invoke0(Native Method)
	at sun.reflect.NativeMethodAccessorImpl.invoke(NativeMethodAccessorImpl.java:62)
	at sun.reflect.DelegatingMethodAccessorImpl.invoke(DelegatingMethodAccessorImpl.java:43)
	at java.lang.reflect.Method.invoke(Method.java:498)
	at org.codehaus.groovy.reflection.CachedMethod.invoke(CachedMethod.java:93)
	at groovy.lang.MetaMethod.doMethodInvoke(MetaMethod.java:325)
	at groovy.lang.MetaClassImpl.invokeStaticMethod(MetaClassImpl.java:1469)
	at org.codehaus.groovy.runtime.callsite.StaticMetaClassSite.call(StaticMetaClassSite.java:53)
	at org.codehaus.groovy.runtime.callsite.CallSiteArray.defaultCall(CallSiteArray.java:48)
	at org.codehaus.groovy.runtime.callsite.AbstractCallSite.call(AbstractCallSite.java:113)
	at org.codehaus.groovy.runtime.callsite.AbstractCallSite.call(AbstractCallSite.java:141)
	at Script1536300508581.run(Script1536300508581.groovy:26)
	at com.kms.katalon.core.main.ScriptEngine.run(ScriptEngine.java:183)
	at com.kms.katalon.core.main.ScriptEngine.runScriptAsRawText(ScriptEngine.java:108)
	at com.kms.katalon.core.main.TestCaseExecutor.runScript(TestCaseExecutor.java:294)
	at com.kms.katalon.core.main.TestCaseExecutor.doExecute(TestCaseExecutor.java:285)
	at com.kms.katalon.core.main.TestCaseExecutor.processExecutionPhase(TestCaseExecutor.java:264)
	at com.kms.katalon.core.main.TestCaseExecutor.accessMainPhase(TestCaseExecutor.java:256)
	at com.kms.katalon.core.main.TestCaseExecutor.execute(TestCaseExecutor.java:200)
	at com.kms.katalon.core.main.TestSuiteExecutor.accessTestCaseMainPhase(TestSuiteExecutor.java:129)
	at com.kms.katalon.core.main.TestSuiteExecutor.accessTestSuiteMainPhase(TestSuiteExecutor.java:112)
	at com.kms.katalon.core.main.TestSuiteExecutor.execute(TestSuiteExecutor.java:81)
	at com.kms.katalon.core.main.TestCaseMain.startTestSuite(TestCaseMain.java:142)
	at com.kms.katalon.core.main.TestCaseMain$startTestSuite$0.call(Unknown Source)
	at org.codehaus.groovy.runtime.callsite.CallSiteArray.defaultCall(CallSiteArray.java:48)
	at org.codehaus.groovy.runtime.callsite.AbstractCallSite.call(AbstractCallSite.java:113)
	at org.codehaus.groovy.runtime.callsite.AbstractCallSite.call(AbstractCallSite.java:141)
	at TempTestSuite1543076525606.run(TempTestSuite1543076525606.groovy:36)
	at groovy.lang.GroovyShell.runScriptOrMainOrTestOrRunnable(GroovyShell.java:263)
	at groovy.lang.GroovyShell.run(GroovyShell.java:518)
	at groovy.lang.GroovyShell.run(GroovyShell.java:507)
	at groovy.ui.GroovyMain.processOnce(GroovyMain.java:653)
	at groovy.ui.GroovyMain.run(GroovyMain.java:384)
	at groovy.ui.GroovyMain.process(GroovyMain.java:370)
	at groovy.ui.GroovyMain.processArgs(GroovyMain.java:129)
	at groovy.ui.GroovyMain.main(GroovyMain.java:109)
	at sun.reflect.NativeMethodAccessorImpl.invoke0(Native Method)
	at sun.reflect.NativeMethodAccessorImpl.invoke(NativeMethodAccessorImpl.java:62)
	at sun.reflect.DelegatingMethodAccessorImpl.invoke(DelegatingMethodAccessorImpl.java:43)
	at java.lang.reflect.Method.invoke(Method.java:498)
	at org.codehaus.groovy.tools.GroovyStarter.rootLoader(GroovyStarter.java:109)
	at org.codehaus.groovy.tools.GroovyStarter.main(GroovyStarter.java:131)
)]]></system-err>
      </testcase>
      <testcase name="Test Cases/Final Aug 2018 - PKS Automation/Registration Module/Workflow/Request SSN/OTC - RIO - RO (Query)" classname="Test Cases/Final Aug 2018 - PKS Automation/Registration Module/Workflow/Request SSN/OTC - RIO - RO (Query)" status="FAILED">
         <failure type="FAILED" message="(Stack trace: com.kms.katalon.core.exception.StepFailedException: Unable to click on object 'Object Repository/Final Object Repo/Landing Page/Select to English' (Root cause: com.kms.katalon.core.webui.exception.WebElementNotFoundException: Web element with id: 'Object Repository/Final Object Repo/Landing Page/Select to English' located by 'By.xpath: //a[@class = 'taglib-language-list-text' and @lang = 'en-US' and (contains(text(), 'EN') or contains(., 'EN'))]' not found)
	at com.kms.katalon.core.keyword.internal.KeywordMain.stepFailed(KeywordMain.groovy:32)
	at com.kms.katalon.core.webui.keyword.internal.WebUIKeywordMain.stepFailed(WebUIKeywordMain.groovy:65)
	at com.kms.katalon.core.webui.keyword.internal.WebUIKeywordMain.runKeyword(WebUIKeywordMain.groovy:27)
	at com.kms.katalon.core.webui.keyword.builtin.ClickKeyword.click(ClickKeyword.groovy:86)
	at com.kms.katalon.core.webui.keyword.builtin.ClickKeyword.execute(ClickKeyword.groovy:67)
	at com.kms.katalon.core.keyword.internal.KeywordExecutor.executeKeywordForPlatform(KeywordExecutor.groovy:53)
	at com.kms.katalon.core.webui.keyword.WebUiBuiltInKeywords.click(WebUiBuiltInKeywords.groovy:604)
	at com.kms.katalon.core.webui.keyword.WebUiBuiltInKeywords$click$12.call(Unknown Source)
	at org.codehaus.groovy.runtime.callsite.CallSiteArray.defaultCall(CallSiteArray.java:48)
	at org.codehaus.groovy.runtime.callsite.AbstractCallSite.call(AbstractCallSite.java:113)
	at org.codehaus.groovy.runtime.callsite.AbstractCallSite.call(AbstractCallSite.java:133)
	at Script1534407542420.run(Script1534407542420.groovy:57)
	at com.kms.katalon.core.main.ScriptEngine.run(ScriptEngine.java:183)
	at com.kms.katalon.core.main.ScriptEngine.runScriptAsRawText(ScriptEngine.java:108)
	at com.kms.katalon.core.main.TestCaseExecutor.runScript(TestCaseExecutor.java:294)
	at com.kms.katalon.core.main.TestCaseExecutor.doExecute(TestCaseExecutor.java:285)
	at com.kms.katalon.core.main.TestCaseExecutor.processExecutionPhase(TestCaseExecutor.java:264)
	at com.kms.katalon.core.main.TestCaseExecutor.accessMainPhase(TestCaseExecutor.java:256)
	at com.kms.katalon.core.main.TestCaseExecutor.execute(TestCaseExecutor.java:200)
	at com.kms.katalon.core.main.TestCaseMain.runTestCase(TestCaseMain.java:99)
	at com.kms.katalon.core.keyword.builtin.CallTestCaseKeyword$_callTestCase_closure1.doCall(CallTestCaseKeyword.groovy:60)
	at com.kms.katalon.core.keyword.builtin.CallTestCaseKeyword$_callTestCase_closure1.call(CallTestCaseKeyword.groovy)
	at com.kms.katalon.core.keyword.internal.KeywordMain.runKeyword(KeywordMain.groovy:54)
	at com.kms.katalon.core.keyword.builtin.CallTestCaseKeyword.callTestCase(CallTestCaseKeyword.groovy:81)
	at com.kms.katalon.core.keyword.builtin.CallTestCaseKeyword.execute(CallTestCaseKeyword.groovy:45)
	at com.kms.katalon.core.keyword.internal.KeywordExecutor.executeKeywordForPlatform(KeywordExecutor.groovy:53)
	at com.kms.katalon.core.keyword.BuiltinKeywords.callTestCase(BuiltinKeywords.groovy:334)
	at sun.reflect.NativeMethodAccessorImpl.invoke0(Native Method)
	at sun.reflect.NativeMethodAccessorImpl.invoke(NativeMethodAccessorImpl.java:62)
	at sun.reflect.DelegatingMethodAccessorImpl.invoke(DelegatingMethodAccessorImpl.java:43)
	at java.lang.reflect.Method.invoke(Method.java:498)
	at org.codehaus.groovy.reflection.CachedMethod.invoke(CachedMethod.java:93)
	at groovy.lang.MetaMethod.doMethodInvoke(MetaMethod.java:325)
	at groovy.lang.MetaClassImpl.invokeStaticMethod(MetaClassImpl.java:1469)
	at org.codehaus.groovy.runtime.callsite.StaticMetaClassSite.call(StaticMetaClassSite.java:53)
	at org.codehaus.groovy.runtime.callsite.CallSiteArray.defaultCall(CallSiteArray.java:48)
	at org.codehaus.groovy.runtime.callsite.AbstractCallSite.call(AbstractCallSite.java:113)
	at org.codehaus.groovy.runtime.callsite.AbstractCallSite.call(AbstractCallSite.java:141)
	at Script1537866031818.run(Script1537866031818.groovy:33)
	at com.kms.katalon.core.main.ScriptEngine.run(ScriptEngine.java:183)
	at com.kms.katalon.core.main.ScriptEngine.runScriptAsRawText(ScriptEngine.java:108)
	at com.kms.katalon.core.main.TestCaseExecutor.runScript(TestCaseExecutor.java:294)
	at com.kms.katalon.core.main.TestCaseExecutor.doExecute(TestCaseExecutor.java:285)
	at com.kms.katalon.core.main.TestCaseExecutor.processExecutionPhase(TestCaseExecutor.java:264)
	at com.kms.katalon.core.main.TestCaseExecutor.accessMainPhase(TestCaseExecutor.java:256)
	at com.kms.katalon.core.main.TestCaseExecutor.execute(TestCaseExecutor.java:200)
	at com.kms.katalon.core.main.TestCaseMain.runTestCase(TestCaseMain.java:99)
	at com.kms.katalon.core.keyword.builtin.CallTestCaseKeyword$_callTestCase_closure1.doCall(CallTestCaseKeyword.groovy:60)
	at com.kms.katalon.core.keyword.builtin.CallTestCaseKeyword$_callTestCase_closure1.call(CallTestCaseKeyword.groovy)
	at com.kms.katalon.core.keyword.internal.KeywordMain.runKeyword(KeywordMain.groovy:54)
	at com.kms.katalon.core.keyword.builtin.CallTestCaseKeyword.callTestCase(CallTestCaseKeyword.groovy:81)
	at com.kms.katalon.core.keyword.builtin.CallTestCaseKeyword.execute(CallTestCaseKeyword.groovy:45)
	at com.kms.katalon.core.keyword.internal.KeywordExecutor.executeKeywordForPlatform(KeywordExecutor.groovy:53)
	at com.kms.katalon.core.keyword.BuiltinKeywords.callTestCase(BuiltinKeywords.groovy:334)
	at sun.reflect.NativeMethodAccessorImpl.invoke0(Native Method)
	at sun.reflect.NativeMethodAccessorImpl.invoke(NativeMethodAccessorImpl.java:62)
	at sun.reflect.DelegatingMethodAccessorImpl.invoke(DelegatingMethodAccessorImpl.java:43)
	at java.lang.reflect.Method.invoke(Method.java:498)
	at org.codehaus.groovy.reflection.CachedMethod.invoke(CachedMethod.java:93)
	at groovy.lang.MetaMethod.doMethodInvoke(MetaMethod.java:325)
	at groovy.lang.MetaClassImpl.invokeStaticMethod(MetaClassImpl.java:1469)
	at org.codehaus.groovy.runtime.callsite.StaticMetaClassSite.call(StaticMetaClassSite.java:53)
	at org.codehaus.groovy.runtime.callsite.CallSiteArray.defaultCall(CallSiteArray.java:48)
	at org.codehaus.groovy.runtime.callsite.AbstractCallSite.call(AbstractCallSite.java:113)
	at org.codehaus.groovy.runtime.callsite.AbstractCallSite.call(AbstractCallSite.java:141)
	at Script1536300508592.run(Script1536300508592.groovy:24)
	at com.kms.katalon.core.main.ScriptEngine.run(ScriptEngine.java:183)
	at com.kms.katalon.core.main.ScriptEngine.runScriptAsRawText(ScriptEngine.java:108)
	at com.kms.katalon.core.main.TestCaseExecutor.runScript(TestCaseExecutor.java:294)
	at com.kms.katalon.core.main.TestCaseExecutor.doExecute(TestCaseExecutor.java:285)
	at com.kms.katalon.core.main.TestCaseExecutor.processExecutionPhase(TestCaseExecutor.java:264)
	at com.kms.katalon.core.main.TestCaseExecutor.accessMainPhase(TestCaseExecutor.java:256)
	at com.kms.katalon.core.main.TestCaseExecutor.execute(TestCaseExecutor.java:200)
	at com.kms.katalon.core.main.TestSuiteExecutor.accessTestCaseMainPhase(TestSuiteExecutor.java:129)
	at com.kms.katalon.core.main.TestSuiteExecutor.accessTestSuiteMainPhase(TestSuiteExecutor.java:112)
	at com.kms.katalon.core.main.TestSuiteExecutor.execute(TestSuiteExecutor.java:81)
	at com.kms.katalon.core.main.TestCaseMain.startTestSuite(TestCaseMain.java:142)
	at com.kms.katalon.core.main.TestCaseMain$startTestSuite$0.call(Unknown Source)
	at org.codehaus.groovy.runtime.callsite.CallSiteArray.defaultCall(CallSiteArray.java:48)
	at org.codehaus.groovy.runtime.callsite.AbstractCallSite.call(AbstractCallSite.java:113)
	at org.codehaus.groovy.runtime.callsite.AbstractCallSite.call(AbstractCallSite.java:141)
	at TempTestSuite1543076525606.run(TempTestSuite1543076525606.groovy:36)
	at groovy.lang.GroovyShell.runScriptOrMainOrTestOrRunnable(GroovyShell.java:263)
	at groovy.lang.GroovyShell.run(GroovyShell.java:518)
	at groovy.lang.GroovyShell.run(GroovyShell.java:507)
	at groovy.ui.GroovyMain.processOnce(GroovyMain.java:653)
	at groovy.ui.GroovyMain.run(GroovyMain.java:384)
	at groovy.ui.GroovyMain.process(GroovyMain.java:370)
	at groovy.ui.GroovyMain.processArgs(GroovyMain.java:129)
	at groovy.ui.GroovyMain.main(GroovyMain.java:109)
	at sun.reflect.NativeMethodAccessorImpl.invoke0(Native Method)
	at sun.reflect.NativeMethodAccessorImpl.invoke(NativeMethodAccessorImpl.java:62)
	at sun.reflect.DelegatingMethodAccessorImpl.invoke(DelegatingMethodAccessorImpl.java:43)
	at java.lang.reflect.Method.invoke(Method.java:498)
	at org.codehaus.groovy.tools.GroovyStarter.rootLoader(GroovyStarter.java:109)
	at org.codehaus.groovy.tools.GroovyStarter.main(GroovyStarter.java:131)
)"/>
         <system-out><![CDATA[2018-11-25 10:39:17 - [TEST_CASE][FAILED] - Test Cases/Final Aug 2018 - PKS Automation/Registration Module/Workflow/Request SSN/OTC - RIO - RO (Query): Test Cases/Final Aug 2018 - PKS Automation/Registration Module/Workflow/Request SSN/OTC - RIO - RO (Query) FAILED because (of) (Stack trace: com.kms.katalon.core.exception.StepFailedException: Unable to click on object 'Object Repository/Final Object Repo/Landing Page/Select to English' (Root cause: com.kms.katalon.core.webui.exception.WebElementNotFoundException: Web element with id: 'Object Repository/Final Object Repo/Landing Page/Select to English' located by 'By.xpath: //a[@class = 'taglib-language-list-text' and @lang = 'en-US' and (contains(text(), 'EN') or contains(., 'EN'))]' not found)
	at com.kms.katalon.core.keyword.internal.KeywordMain.stepFailed(KeywordMain.groovy:32)
	at com.kms.katalon.core.webui.keyword.internal.WebUIKeywordMain.stepFailed(WebUIKeywordMain.groovy:65)
	at com.kms.katalon.core.webui.keyword.internal.WebUIKeywordMain.runKeyword(WebUIKeywordMain.groovy:27)
	at com.kms.katalon.core.webui.keyword.builtin.ClickKeyword.click(ClickKeyword.groovy:86)
	at com.kms.katalon.core.webui.keyword.builtin.ClickKeyword.execute(ClickKeyword.groovy:67)
	at com.kms.katalon.core.keyword.internal.KeywordExecutor.executeKeywordForPlatform(KeywordExecutor.groovy:53)
	at com.kms.katalon.core.webui.keyword.WebUiBuiltInKeywords.click(WebUiBuiltInKeywords.groovy:604)
	at com.kms.katalon.core.webui.keyword.WebUiBuiltInKeywords$click$12.call(Unknown Source)
	at org.codehaus.groovy.runtime.callsite.CallSiteArray.defaultCall(CallSiteArray.java:48)
	at org.codehaus.groovy.runtime.callsite.AbstractCallSite.call(AbstractCallSite.java:113)
	at org.codehaus.groovy.runtime.callsite.AbstractCallSite.call(AbstractCallSite.java:133)
	at Script1534407542420.run(Script1534407542420.groovy:57)
	at com.kms.katalon.core.main.ScriptEngine.run(ScriptEngine.java:183)
	at com.kms.katalon.core.main.ScriptEngine.runScriptAsRawText(ScriptEngine.java:108)
	at com.kms.katalon.core.main.TestCaseExecutor.runScript(TestCaseExecutor.java:294)
	at com.kms.katalon.core.main.TestCaseExecutor.doExecute(TestCaseExecutor.java:285)
	at com.kms.katalon.core.main.TestCaseExecutor.processExecutionPhase(TestCaseExecutor.java:264)
	at com.kms.katalon.core.main.TestCaseExecutor.accessMainPhase(TestCaseExecutor.java:256)
	at com.kms.katalon.core.main.TestCaseExecutor.execute(TestCaseExecutor.java:200)
	at com.kms.katalon.core.main.TestCaseMain.runTestCase(TestCaseMain.java:99)
	at com.kms.katalon.core.keyword.builtin.CallTestCaseKeyword$_callTestCase_closure1.doCall(CallTestCaseKeyword.groovy:60)
	at com.kms.katalon.core.keyword.builtin.CallTestCaseKeyword$_callTestCase_closure1.call(CallTestCaseKeyword.groovy)
	at com.kms.katalon.core.keyword.internal.KeywordMain.runKeyword(KeywordMain.groovy:54)
	at com.kms.katalon.core.keyword.builtin.CallTestCaseKeyword.callTestCase(CallTestCaseKeyword.groovy:81)
	at com.kms.katalon.core.keyword.builtin.CallTestCaseKeyword.execute(CallTestCaseKeyword.groovy:45)
	at com.kms.katalon.core.keyword.internal.KeywordExecutor.executeKeywordForPlatform(KeywordExecutor.groovy:53)
	at com.kms.katalon.core.keyword.BuiltinKeywords.callTestCase(BuiltinKeywords.groovy:334)
	at sun.reflect.NativeMethodAccessorImpl.invoke0(Native Method)
	at sun.reflect.NativeMethodAccessorImpl.invoke(NativeMethodAccessorImpl.java:62)
	at sun.reflect.DelegatingMethodAccessorImpl.invoke(DelegatingMethodAccessorImpl.java:43)
	at java.lang.reflect.Method.invoke(Method.java:498)
	at org.codehaus.groovy.reflection.CachedMethod.invoke(CachedMethod.java:93)
	at groovy.lang.MetaMethod.doMethodInvoke(MetaMethod.java:325)
	at groovy.lang.MetaClassImpl.invokeStaticMethod(MetaClassImpl.java:1469)
	at org.codehaus.groovy.runtime.callsite.StaticMetaClassSite.call(StaticMetaClassSite.java:53)
	at org.codehaus.groovy.runtime.callsite.CallSiteArray.defaultCall(CallSiteArray.java:48)
	at org.codehaus.groovy.runtime.callsite.AbstractCallSite.call(AbstractCallSite.java:113)
	at org.codehaus.groovy.runtime.callsite.AbstractCallSite.call(AbstractCallSite.java:141)
	at Script1537866031818.run(Script1537866031818.groovy:33)
	at com.kms.katalon.core.main.ScriptEngine.run(ScriptEngine.java:183)
	at com.kms.katalon.core.main.ScriptEngine.runScriptAsRawText(ScriptEngine.java:108)
	at com.kms.katalon.core.main.TestCaseExecutor.runScript(TestCaseExecutor.java:294)
	at com.kms.katalon.core.main.TestCaseExecutor.doExecute(TestCaseExecutor.java:285)
	at com.kms.katalon.core.main.TestCaseExecutor.processExecutionPhase(TestCaseExecutor.java:264)
	at com.kms.katalon.core.main.TestCaseExecutor.accessMainPhase(TestCaseExecutor.java:256)
	at com.kms.katalon.core.main.TestCaseExecutor.execute(TestCaseExecutor.java:200)
	at com.kms.katalon.core.main.TestCaseMain.runTestCase(TestCaseMain.java:99)
	at com.kms.katalon.core.keyword.builtin.CallTestCaseKeyword$_callTestCase_closure1.doCall(CallTestCaseKeyword.groovy:60)
	at com.kms.katalon.core.keyword.builtin.CallTestCaseKeyword$_callTestCase_closure1.call(CallTestCaseKeyword.groovy)
	at com.kms.katalon.core.keyword.internal.KeywordMain.runKeyword(KeywordMain.groovy:54)
	at com.kms.katalon.core.keyword.builtin.CallTestCaseKeyword.callTestCase(CallTestCaseKeyword.groovy:81)
	at com.kms.katalon.core.keyword.builtin.CallTestCaseKeyword.execute(CallTestCaseKeyword.groovy:45)
	at com.kms.katalon.core.keyword.internal.KeywordExecutor.executeKeywordForPlatform(KeywordExecutor.groovy:53)
	at com.kms.katalon.core.keyword.BuiltinKeywords.callTestCase(BuiltinKeywords.groovy:334)
	at sun.reflect.NativeMethodAccessorImpl.invoke0(Native Method)
	at sun.reflect.NativeMethodAccessorImpl.invoke(NativeMethodAccessorImpl.java:62)
	at sun.reflect.DelegatingMethodAccessorImpl.invoke(DelegatingMethodAccessorImpl.java:43)
	at java.lang.reflect.Method.invoke(Method.java:498)
	at org.codehaus.groovy.reflection.CachedMethod.invoke(CachedMethod.java:93)
	at groovy.lang.MetaMethod.doMethodInvoke(MetaMethod.java:325)
	at groovy.lang.MetaClassImpl.invokeStaticMethod(MetaClassImpl.java:1469)
	at org.codehaus.groovy.runtime.callsite.StaticMetaClassSite.call(StaticMetaClassSite.java:53)
	at org.codehaus.groovy.runtime.callsite.CallSiteArray.defaultCall(CallSiteArray.java:48)
	at org.codehaus.groovy.runtime.callsite.AbstractCallSite.call(AbstractCallSite.java:113)
	at org.codehaus.groovy.runtime.callsite.AbstractCallSite.call(AbstractCallSite.java:141)
	at Script1536300508592.run(Script1536300508592.groovy:24)
	at com.kms.katalon.core.main.ScriptEngine.run(ScriptEngine.java:183)
	at com.kms.katalon.core.main.ScriptEngine.runScriptAsRawText(ScriptEngine.java:108)
	at com.kms.katalon.core.main.TestCaseExecutor.runScript(TestCaseExecutor.java:294)
	at com.kms.katalon.core.main.TestCaseExecutor.doExecute(TestCaseExecutor.java:285)
	at com.kms.katalon.core.main.TestCaseExecutor.processExecutionPhase(TestCaseExecutor.java:264)
	at com.kms.katalon.core.main.TestCaseExecutor.accessMainPhase(TestCaseExecutor.java:256)
	at com.kms.katalon.core.main.TestCaseExecutor.execute(TestCaseExecutor.java:200)
	at com.kms.katalon.core.main.TestSuiteExecutor.accessTestCaseMainPhase(TestSuiteExecutor.java:129)
	at com.kms.katalon.core.main.TestSuiteExecutor.accessTestSuiteMainPhase(TestSuiteExecutor.java:112)
	at com.kms.katalon.core.main.TestSuiteExecutor.execute(TestSuiteExecutor.java:81)
	at com.kms.katalon.core.main.TestCaseMain.startTestSuite(TestCaseMain.java:142)
	at com.kms.katalon.core.main.TestCaseMain$startTestSuite$0.call(Unknown Source)
	at org.codehaus.groovy.runtime.callsite.CallSiteArray.defaultCall(CallSiteArray.java:48)
	at org.codehaus.groovy.runtime.callsite.AbstractCallSite.call(AbstractCallSite.java:113)
	at org.codehaus.groovy.runtime.callsite.AbstractCallSite.call(AbstractCallSite.java:141)
	at TempTestSuite1543076525606.run(TempTestSuite1543076525606.groovy:36)
	at groovy.lang.GroovyShell.runScriptOrMainOrTestOrRunnable(GroovyShell.java:263)
	at groovy.lang.GroovyShell.run(GroovyShell.java:518)
	at groovy.lang.GroovyShell.run(GroovyShell.java:507)
	at groovy.ui.GroovyMain.processOnce(GroovyMain.java:653)
	at groovy.ui.GroovyMain.run(GroovyMain.java:384)
	at groovy.ui.GroovyMain.process(GroovyMain.java:370)
	at groovy.ui.GroovyMain.processArgs(GroovyMain.java:129)
	at groovy.ui.GroovyMain.main(GroovyMain.java:109)
	at sun.reflect.NativeMethodAccessorImpl.invoke0(Native Method)
	at sun.reflect.NativeMethodAccessorImpl.invoke(NativeMethodAccessorImpl.java:62)
	at sun.reflect.DelegatingMethodAccessorImpl.invoke(DelegatingMethodAccessorImpl.java:43)
	at java.lang.reflect.Method.invoke(Method.java:498)
	at org.codehaus.groovy.tools.GroovyStarter.rootLoader(GroovyStarter.java:109)
	at org.codehaus.groovy.tools.GroovyStarter.main(GroovyStarter.java:131)
)

2018-11-25 10:39:18 - [TEST_STEP][PASSED] - callTestCase: Call Test Case 'Test Cases/Final Aug 2018 - PKS Automation/Registration Module/Workflow/Request SSN/Template/Request SSN - OTC' successfully

2018-11-25 10:39:18 - [TEST_CASE][PASSED] - Test Cases/Final Aug 2018 - PKS Automation/Registration Module/Workflow/Request SSN/Template/Request SSN - OTC: Test Cases/Final Aug 2018 - PKS Automation/Registration Module/Workflow/Request SSN/Template/Request SSN - OTC

2018-11-25 10:39:18 - [TEST_STEP][PASSED] - openBrowser: Browser is opened with url: ''

2018-11-25 10:39:18 - [MESSAGE][WARNING] - A browser is already opened. Closing browser and opening a new one

2018-11-25 10:39:22 - [MESSAGE][PASSED] - Browser is opened with url: ''

2018-11-25 10:39:22 - [TEST_STEP][PASSED] - navigateToUrl: Navigate to 'https://assist2-uat.perkeso.gov.my/login' successfully

2018-11-25 10:39:23 - [MESSAGE][PASSED] - Navigate to 'https://assist2-uat.perkeso.gov.my/login' successfully

2018-11-25 10:39:23 - [TEST_STEP][PASSED] - setText: Text 'johorotc1@gmail.com' is set on object 'Object Repository/Final Object Repo/Login Page/Internal User/Email Address'

2018-11-25 10:39:23 - [MESSAGE][PASSED] - Text 'johorotc1@gmail.com' is set on object 'Object Repository/Final Object Repo/Login Page/Internal User/Email Address'

2018-11-25 10:39:23 - [TEST_STEP][PASSED] - click: Object: 'Object Repository/Final Object Repo/Login Page/Internal User/Next Button' is clicked on

2018-11-25 10:39:24 - [MESSAGE][PASSED] - Object: 'Object Repository/Final Object Repo/Login Page/Internal User/Next Button' is clicked on

2018-11-25 10:39:24 - [TEST_STEP][PASSED] - delay: Delayed 1 second(s)

2018-11-25 10:39:25 - [MESSAGE][PASSED] - Delayed 1 second(s)

2018-11-25 10:39:25 - [TEST_STEP][PASSED] - setEncryptedText: Text ****** has been set on object 'Object Repository/Final Object Repo/Login Page/Internal User/Password'

2018-11-25 10:39:25 - [MESSAGE][PASSED] - Text ****** has been set on object 'Object Repository/Final Object Repo/Login Page/Internal User/Password'

2018-11-25 10:39:25 - [TEST_STEP][PASSED] - click: Object: 'Object Repository/Final Object Repo/Login Page/Internal User/Login Button' is clicked on

2018-11-25 10:39:25 - [MESSAGE][PASSED] - Object: 'Object Repository/Final Object Repo/Login Page/Internal User/Login Button' is clicked on

2018-11-25 10:39:25 - [TEST_STEP][PASSED] - delay: Delayed 1 second(s)

2018-11-25 10:39:26 - [MESSAGE][PASSED] - Delayed 1 second(s)

2018-11-25 10:39:26 - [TEST_STEP][PASSED] - navigateToUrl: Navigate to 'https://assist2-uat.perkeso.gov.my/web/registration/request-ssn' successfully

2018-11-25 10:39:31 - [MESSAGE][PASSED] - Navigate to 'https://assist2-uat.perkeso.gov.my/web/registration/request-ssn' successfully

2018-11-25 10:39:31 - [TEST_STEP][PASSED] - setText: Text 'perkeso' is set on object 'Object Repository/Final Object Repo/Page_Request SSN - ASSIST/AI - Name'

2018-11-25 10:39:31 - [MESSAGE][PASSED] - Text 'perkeso' is set on object 'Object Repository/Final Object Repo/Page_Request SSN - ASSIST/AI - Name'

2018-11-25 10:39:31 - [TEST_STEP][PASSED] - click: Object: 'Object Repository/Final Object Repo/Page_Request SSN - ASSIST/AI - DOB' is clicked on

2018-11-25 10:39:32 - [MESSAGE][PASSED] - Object: 'Object Repository/Final Object Repo/Page_Request SSN - ASSIST/AI - DOB' is clicked on

2018-11-25 10:39:32 - [TEST_STEP][PASSED] - selectOptionByValue: All options with value '1995' are selected in object 'Object Repository/Final Object Repo/Page_Request SSN - ASSIST/AI - DOB - Year' 

2018-11-25 10:39:32 - [MESSAGE][PASSED] - All options with value '1995' are selected in object 'Object Repository/Final Object Repo/Page_Request SSN - ASSIST/AI - DOB - Year' 

2018-11-25 10:39:32 - [TEST_STEP][PASSED] - delay: Delayed 3 second(s)

2018-11-25 10:39:35 - [MESSAGE][PASSED] - Delayed 3 second(s)

2018-11-25 10:39:35 - [TEST_STEP][PASSED] - doubleClick: Object: 'Object Repository/Final Object Repo/Page_Request SSN - ASSIST/AI - DOB - Year - Date' is double clicked on

2018-11-25 10:39:35 - [MESSAGE][PASSED] - Object: 'Object Repository/Final Object Repo/Page_Request SSN - ASSIST/AI - DOB - Year - Date' is double clicked on

2018-11-25 10:39:35 - [TEST_STEP][PASSED] - click: Object: 'Object Repository/Final Object Repo/Page_Request SSN - ASSIST/AI - Male' is clicked on

2018-11-25 10:39:35 - [MESSAGE][PASSED] - Object: 'Object Repository/Final Object Repo/Page_Request SSN - ASSIST/AI - Male' is clicked on

2018-11-25 10:39:35 - [TEST_STEP][PASSED] - click: Object: 'Object Repository/Final Object Repo/Page_Request SSN - ASSIST/AI- Race' is clicked on

2018-11-25 10:39:36 - [MESSAGE][PASSED] - Object: 'Object Repository/Final Object Repo/Page_Request SSN - ASSIST/AI- Race' is clicked on

2018-11-25 10:39:36 - [TEST_STEP][PASSED] - click: Object: 'Object Repository/Final Object Repo/Page_Request SSN - ASSIST/AI - Race - Melayu' is clicked on

2018-11-25 10:39:36 - [MESSAGE][PASSED] - Object: 'Object Repository/Final Object Repo/Page_Request SSN - ASSIST/AI - Race - Melayu' is clicked on

2018-11-25 10:39:36 - [TEST_STEP][PASSED] - click: Object: 'Object Repository/Final Object Repo/Page_Request SSN - ASSIST/AI - Religion' is clicked on

2018-11-25 10:39:36 - [MESSAGE][PASSED] - Object: 'Object Repository/Final Object Repo/Page_Request SSN - ASSIST/AI - Religion' is clicked on

2018-11-25 10:39:36 - [TEST_STEP][PASSED] - click: Object: 'Object Repository/Final Object Repo/Page_Request SSN - ASSIST/AI - Religion - Islam' is clicked on

2018-11-25 10:39:36 - [MESSAGE][PASSED] - Object: 'Object Repository/Final Object Repo/Page_Request SSN - ASSIST/AI - Religion - Islam' is clicked on

2018-11-25 10:39:36 - [TEST_STEP][PASSED] - setText: Text '12345' is set on object 'Object Repository/Final Object Repo/Page_Request SSN - ASSIST/AI - Birth Certificate'

2018-11-25 10:39:37 - [MESSAGE][PASSED] - Text '12345' is set on object 'Object Repository/Final Object Repo/Page_Request SSN - ASSIST/AI - Birth Certificate'

2018-11-25 10:39:37 - [TEST_STEP][PASSED] - click: Object: 'Object Repository/Final Object Repo/Page_Request SSN - ASSIST/AI - Nationality' is clicked on

2018-11-25 10:39:37 - [MESSAGE][PASSED] - Object: 'Object Repository/Final Object Repo/Page_Request SSN - ASSIST/AI - Nationality' is clicked on

2018-11-25 10:39:37 - [TEST_STEP][PASSED] - click: Object: 'Object Repository/Final Object Repo/Page_Request SSN - ASSIST/AI - Nationality - Afghanistan' is clicked on

2018-11-25 10:39:37 - [MESSAGE][PASSED] - Object: 'Object Repository/Final Object Repo/Page_Request SSN - ASSIST/AI - Nationality - Afghanistan' is clicked on

2018-11-25 10:39:37 - [TEST_STEP][PASSED] - setText: Text 'PERKESO ADDRESS1' is set on object 'Object Repository/Final Object Repo/Page_Request SSN - ASSIST/AI - Address1'

2018-11-25 10:39:39 - [MESSAGE][PASSED] - Text 'PERKESO ADDRESS1' is set on object 'Object Repository/Final Object Repo/Page_Request SSN - ASSIST/AI - Address1'

2018-11-25 10:39:39 - [TEST_STEP][PASSED] - setText: Text 'PERKESO ADDRESS2' is set on object 'Object Repository/Final Object Repo/Page_Request SSN - ASSIST/AI - Address2'

2018-11-25 10:39:40 - [MESSAGE][PASSED] - Text 'PERKESO ADDRESS2' is set on object 'Object Repository/Final Object Repo/Page_Request SSN - ASSIST/AI - Address2'

2018-11-25 10:39:40 - [TEST_STEP][PASSED] - setText: Text 'PERKESO ADDRESS3' is set on object 'Object Repository/Final Object Repo/Page_Request SSN - ASSIST/AI - Address3'

2018-11-25 10:39:41 - [MESSAGE][PASSED] - Text 'PERKESO ADDRESS3' is set on object 'Object Repository/Final Object Repo/Page_Request SSN - ASSIST/AI - Address3'

2018-11-25 10:39:41 - [TEST_STEP][PASSED] - click: Object: 'Object Repository/Final Object Repo/Page_Request SSN - ASSIST/AI - State' is clicked on

2018-11-25 10:39:41 - [MESSAGE][PASSED] - Object: 'Object Repository/Final Object Repo/Page_Request SSN - ASSIST/AI - State' is clicked on

2018-11-25 10:39:41 - [TEST_STEP][PASSED] - click: Object: 'Object Repository/Final Object Repo/Page_Request SSN - ASSIST/AI - Current Employer State - Johor' is clicked on

2018-11-25 10:39:42 - [MESSAGE][PASSED] - Object: 'Object Repository/Final Object Repo/Page_Request SSN - ASSIST/AI - Current Employer State - Johor' is clicked on

2018-11-25 10:39:42 - [TEST_STEP][PASSED] - click: Object: 'Object Repository/Final Object Repo/Page_Request SSN - ASSIST/AI - City' is clicked on

2018-11-25 10:39:42 - [MESSAGE][PASSED] - Object: 'Object Repository/Final Object Repo/Page_Request SSN - ASSIST/AI - City' is clicked on

2018-11-25 10:39:42 - [TEST_STEP][PASSED] - setText: Text 'JOH' is set on object 'Object Repository/Final Object Repo/Page_Request SSN - ASSIST/AI - City - JOH'

2018-11-25 10:39:42 - [MESSAGE][PASSED] - Text 'JOH' is set on object 'Object Repository/Final Object Repo/Page_Request SSN - ASSIST/AI - City - JOH'

2018-11-25 10:39:42 - [TEST_STEP][PASSED] - delay: Delayed 3 second(s)

2018-11-25 10:39:45 - [MESSAGE][PASSED] - Delayed 3 second(s)

2018-11-25 10:39:45 - [TEST_STEP][PASSED] - click: Object: 'Object Repository/Final Object Repo/Page_Request SSN - ASSIST/AI - City - Johor Bharu' is clicked on

2018-11-25 10:39:45 - [MESSAGE][PASSED] - Object: 'Object Repository/Final Object Repo/Page_Request SSN - ASSIST/AI - City - Johor Bharu' is clicked on

2018-11-25 10:39:45 - [TEST_STEP][PASSED] - click: Object: 'Object Repository/Final Object Repo/Page_Request SSN - ASSIST/AI - Post Code' is clicked on

2018-11-25 10:39:46 - [MESSAGE][PASSED] - Object: 'Object Repository/Final Object Repo/Page_Request SSN - ASSIST/AI - Post Code' is clicked on

2018-11-25 10:39:46 - [TEST_STEP][PASSED] - setText: Text '810' is set on object 'Object Repository/Final Object Repo/Page_Request SSN - ASSIST/AI - City - JOH'

2018-11-25 10:39:46 - [MESSAGE][PASSED] - Text '810' is set on object 'Object Repository/Final Object Repo/Page_Request SSN - ASSIST/AI - City - JOH'

2018-11-25 10:39:46 - [TEST_STEP][PASSED] - delay: Delayed 3 second(s)

2018-11-25 10:39:49 - [MESSAGE][PASSED] - Delayed 3 second(s)

2018-11-25 10:39:49 - [TEST_STEP][PASSED] - click: Object: 'Object Repository/Final Object Repo/Page_Request SSN - ASSIST/AI - PostCode - 81000' is clicked on

2018-11-25 10:39:50 - [MESSAGE][PASSED] - Object: 'Object Repository/Final Object Repo/Page_Request SSN - ASSIST/AI - PostCode - 81000' is clicked on

2018-11-25 10:39:50 - [TEST_STEP][PASSED] - setText: Text '100' is set on object 'Object Repository/Final Object Repo/Page_Request SSN - ASSIST/P.O.BOX'

2018-11-25 10:39:50 - [MESSAGE][PASSED] - Text '100' is set on object 'Object Repository/Final Object Repo/Page_Request SSN - ASSIST/P.O.BOX'

2018-11-25 10:39:50 - [TEST_STEP][PASSED] - setText: Text '100' is set on object 'Object Repository/Final Object Repo/Page_Request SSN - ASSIST/Locked Bag No'

2018-11-25 10:39:51 - [MESSAGE][PASSED] - Text '100' is set on object 'Object Repository/Final Object Repo/Page_Request SSN - ASSIST/Locked Bag No'

2018-11-25 10:39:51 - [TEST_STEP][PASSED] - delay: Delayed 2 second(s)

2018-11-25 10:39:53 - [MESSAGE][PASSED] - Delayed 2 second(s)

2018-11-25 10:39:53 - [TEST_STEP][PASSED] - setText: Text '123456789' is set on object 'Object Repository/Final Object Repo/Page_Request SSN - ASSIST/AI - Telephone No'

2018-11-25 10:39:54 - [MESSAGE][PASSED] - Text '123456789' is set on object 'Object Repository/Final Object Repo/Page_Request SSN - ASSIST/AI - Telephone No'

2018-11-25 10:39:54 - [TEST_STEP][PASSED] - click: Object: 'Object Repository/Final Object Repo/Page_Request SSN - ASSIST/AI - Occupation' is clicked on

2018-11-25 10:39:54 - [MESSAGE][PASSED] - Object: 'Object Repository/Final Object Repo/Page_Request SSN - ASSIST/AI - Occupation' is clicked on

2018-11-25 10:39:54 - [TEST_STEP][PASSED] - click: Object: 'Object Repository/Final Object Repo/Page_Request SSN - ASSIST/AI - Occupation - NUMERICAL AND MATERIAL R' is clicked on

2018-11-25 10:39:54 - [MESSAGE][PASSED] - Object: 'Object Repository/Final Object Repo/Page_Request SSN - ASSIST/AI - Occupation - NUMERICAL AND MATERIAL R' is clicked on

2018-11-25 10:39:54 - [TEST_STEP][PASSED] - delay: Delayed 2 second(s)

2018-11-25 10:39:56 - [MESSAGE][PASSED] - Delayed 2 second(s)

2018-11-25 10:39:56 - [TEST_STEP][PASSED] - click: Object: 'Object Repository/Final Object Repo/Page_Request SSN - ASSIST/AI - Sub Occupation' is clicked on

2018-11-25 10:39:56 - [MESSAGE][PASSED] - Object: 'Object Repository/Final Object Repo/Page_Request SSN - ASSIST/AI - Sub Occupation' is clicked on

2018-11-25 10:39:56 - [TEST_STEP][PASSED] - click: Object: 'Object Repository/Final Object Repo/Page_Request SSN - ASSIST/AI - Sub Occupation - Stock Clerks' is clicked on

2018-11-25 10:39:57 - [MESSAGE][PASSED] - Object: 'Object Repository/Final Object Repo/Page_Request SSN - ASSIST/AI - Sub Occupation - Stock Clerks' is clicked on

2018-11-25 10:39:57 - [TEST_STEP][PASSED] - delay: Delayed 2 second(s)

2018-11-25 10:39:59 - [MESSAGE][PASSED] - Delayed 2 second(s)

2018-11-25 10:39:59 - [TEST_STEP][PASSED] - click: Object: 'Object Repository/Final Object Repo/Page_Request SSN - ASSIST/AI - Sub Occupation List' is clicked on

2018-11-25 10:39:59 - [MESSAGE][PASSED] - Object: 'Object Repository/Final Object Repo/Page_Request SSN - ASSIST/AI - Sub Occupation List' is clicked on

2018-11-25 10:39:59 - [TEST_STEP][PASSED] - click: Object: 'Object Repository/Final Object Repo/Page_Request SSN - ASSIST/AI - Sub Occupation List - Clerk raw material' is clicked on

2018-11-25 10:39:59 - [MESSAGE][PASSED] - Object: 'Object Repository/Final Object Repo/Page_Request SSN - ASSIST/AI - Sub Occupation List - Clerk raw material' is clicked on

2018-11-25 10:39:59 - [TEST_STEP][PASSED] - click: Object: 'Object Repository/Final Object Repo/Page_Request SSN - ASSIST/AI - Employment Start Date' is clicked on

2018-11-25 10:39:59 - [MESSAGE][PASSED] - Object: 'Object Repository/Final Object Repo/Page_Request SSN - ASSIST/AI - Employment Start Date' is clicked on

2018-11-25 10:39:59 - [TEST_STEP][PASSED] - click: Object: 'Object Repository/Final Object Repo/Page_Request SSN - ASSIST/AI - DOB - Year - Date' is clicked on

2018-11-25 10:39:59 - [MESSAGE][PASSED] - Object: 'Object Repository/Final Object Repo/Page_Request SSN - ASSIST/AI - DOB - Year - Date' is clicked on

2018-11-25 10:39:59 - [TEST_STEP][PASSED] - setText: Text 'perkeso' is set on object 'Object Repository/Final Object Repo/Page_Request SSN - ASSIST/AI - Current Employer Name'

2018-11-25 10:40:00 - [MESSAGE][PASSED] - Text 'perkeso' is set on object 'Object Repository/Final Object Repo/Page_Request SSN - ASSIST/AI - Current Employer Name'

2018-11-25 10:40:00 - [TEST_STEP][PASSED] - setText: Text 'perkeso1' is set on object 'Object Repository/Final Object Repo/Page_Request SSN - ASSIST/AI - Current Employer Address1'

2018-11-25 10:40:01 - [MESSAGE][PASSED] - Text 'perkeso1' is set on object 'Object Repository/Final Object Repo/Page_Request SSN - ASSIST/AI - Current Employer Address1'

2018-11-25 10:40:01 - [TEST_STEP][PASSED] - setText: Text 'perkeso2' is set on object 'Object Repository/Final Object Repo/Page_Request SSN - ASSIST/AI - Current Employer Address2'

2018-11-25 10:40:01 - [MESSAGE][PASSED] - Text 'perkeso2' is set on object 'Object Repository/Final Object Repo/Page_Request SSN - ASSIST/AI - Current Employer Address2'

2018-11-25 10:40:01 - [TEST_STEP][PASSED] - setText: Text 'perkeso3' is set on object 'Object Repository/Final Object Repo/Page_Request SSN - ASSIST/AI - Current Employer Address3'

2018-11-25 10:40:02 - [MESSAGE][PASSED] - Text 'perkeso3' is set on object 'Object Repository/Final Object Repo/Page_Request SSN - ASSIST/AI - Current Employer Address3'

2018-11-25 10:40:02 - [TEST_STEP][PASSED] - click: Object: 'Object Repository/Final Object Repo/Page_Request SSN - ASSIST/AI - Current Employer State' is clicked on

2018-11-25 10:40:02 - [MESSAGE][PASSED] - Object: 'Object Repository/Final Object Repo/Page_Request SSN - ASSIST/AI - Current Employer State' is clicked on

2018-11-25 10:40:02 - [TEST_STEP][PASSED] - click: Object: 'Object Repository/Final Object Repo/Page_Request SSN - ASSIST/AI - Current Employer State - Johor 1' is clicked on

2018-11-25 10:40:03 - [MESSAGE][PASSED] - Object: 'Object Repository/Final Object Repo/Page_Request SSN - ASSIST/AI - Current Employer State - Johor 1' is clicked on

2018-11-25 10:40:03 - [TEST_STEP][PASSED] - click: Object: 'Object Repository/Final Object Repo/Page_Request SSN - ASSIST/AI - Current Employer City' is clicked on

2018-11-25 10:40:03 - [MESSAGE][PASSED] - Object: 'Object Repository/Final Object Repo/Page_Request SSN - ASSIST/AI - Current Employer City' is clicked on

2018-11-25 10:40:03 - [TEST_STEP][PASSED] - setText: Text 'joh' is set on object 'Object Repository/Final Object Repo/Page_Request SSN - ASSIST/AI - City - JOH'

2018-11-25 10:40:03 - [MESSAGE][PASSED] - Text 'joh' is set on object 'Object Repository/Final Object Repo/Page_Request SSN - ASSIST/AI - City - JOH'

2018-11-25 10:40:03 - [TEST_STEP][PASSED] - delay: Delayed 2 second(s)

2018-11-25 10:40:05 - [MESSAGE][PASSED] - Delayed 2 second(s)

2018-11-25 10:40:05 - [TEST_STEP][PASSED] - click: Object: 'Object Repository/Final Object Repo/Page_Request SSN - ASSIST/AI - City - Johor Bharu' is clicked on

2018-11-25 10:40:06 - [MESSAGE][PASSED] - Object: 'Object Repository/Final Object Repo/Page_Request SSN - ASSIST/AI - City - Johor Bharu' is clicked on

2018-11-25 10:40:06 - [TEST_STEP][PASSED] - click: Object: 'Object Repository/Final Object Repo/Page_Request SSN - ASSIST/AI - Current Employer Postcode' is clicked on

2018-11-25 10:40:06 - [MESSAGE][PASSED] - Object: 'Object Repository/Final Object Repo/Page_Request SSN - ASSIST/AI - Current Employer Postcode' is clicked on

2018-11-25 10:40:06 - [TEST_STEP][PASSED] - setText: Text '810' is set on object 'Object Repository/Final Object Repo/Page_Request SSN - ASSIST/AI - City - JOH'

2018-11-25 10:40:06 - [MESSAGE][PASSED] - Text '810' is set on object 'Object Repository/Final Object Repo/Page_Request SSN - ASSIST/AI - City - JOH'

2018-11-25 10:40:06 - [TEST_STEP][PASSED] - delay: Delayed 2 second(s)

2018-11-25 10:40:08 - [MESSAGE][PASSED] - Delayed 2 second(s)

2018-11-25 10:40:08 - [TEST_STEP][PASSED] - click: Object: 'Object Repository/Final Object Repo/Page_Request SSN - ASSIST/AI - PostCode - 81000' is clicked on

2018-11-25 10:40:09 - [MESSAGE][PASSED] - Object: 'Object Repository/Final Object Repo/Page_Request SSN - ASSIST/AI - PostCode - 81000' is clicked on

2018-11-25 10:40:09 - [TEST_STEP][NOT_RUN] - setText: NOT_RUN: setText

2018-11-25 10:40:09 - [MESSAGE][NOT_RUN] - NOT_RUN: setText

2018-11-25 10:40:09 - [TEST_STEP][NOT_RUN] - setText: NOT_RUN: setText

2018-11-25 10:40:09 - [MESSAGE][NOT_RUN] - NOT_RUN: setText

2018-11-25 10:40:09 - [TEST_STEP][NOT_RUN] - click: NOT_RUN: click

2018-11-25 10:40:09 - [MESSAGE][NOT_RUN] - NOT_RUN: click

2018-11-25 10:40:09 - [TEST_STEP][NOT_RUN] - click: NOT_RUN: click

2018-11-25 10:40:09 - [MESSAGE][NOT_RUN] - NOT_RUN: click

2018-11-25 10:40:09 - [TEST_STEP][NOT_RUN] - setText: NOT_RUN: setText

2018-11-25 10:40:09 - [MESSAGE][NOT_RUN] - NOT_RUN: setText

2018-11-25 10:40:09 - [TEST_STEP][NOT_RUN] - click: NOT_RUN: click

2018-11-25 10:40:09 - [MESSAGE][NOT_RUN] - NOT_RUN: click

2018-11-25 10:40:09 - [TEST_STEP][NOT_RUN] - click: NOT_RUN: click

2018-11-25 10:40:09 - [MESSAGE][NOT_RUN] - NOT_RUN: click

2018-11-25 10:40:09 - [TEST_STEP][NOT_RUN] - click: NOT_RUN: click

2018-11-25 10:40:09 - [MESSAGE][NOT_RUN] - NOT_RUN: click

2018-11-25 10:40:09 - [TEST_STEP][NOT_RUN] - click: NOT_RUN: click

2018-11-25 10:40:09 - [MESSAGE][NOT_RUN] - NOT_RUN: click

2018-11-25 10:40:09 - [TEST_STEP][NOT_RUN] - click: NOT_RUN: click

2018-11-25 10:40:09 - [MESSAGE][NOT_RUN] - NOT_RUN: click

2018-11-25 10:40:09 - [TEST_STEP][NOT_RUN] - click: NOT_RUN: click

2018-11-25 10:40:09 - [MESSAGE][NOT_RUN] - NOT_RUN: click

2018-11-25 10:40:09 - [TEST_STEP][NOT_RUN] - setText: NOT_RUN: setText

2018-11-25 10:40:09 - [MESSAGE][NOT_RUN] - NOT_RUN: setText

2018-11-25 10:40:09 - [TEST_STEP][NOT_RUN] - setText: NOT_RUN: setText

2018-11-25 10:40:09 - [MESSAGE][NOT_RUN] - NOT_RUN: setText

2018-11-25 10:40:09 - [TEST_STEP][NOT_RUN] - setText: NOT_RUN: setText

2018-11-25 10:40:09 - [MESSAGE][NOT_RUN] - NOT_RUN: setText

2018-11-25 10:40:09 - [TEST_STEP][NOT_RUN] - click: NOT_RUN: click

2018-11-25 10:40:09 - [MESSAGE][NOT_RUN] - NOT_RUN: click

2018-11-25 10:40:09 - [TEST_STEP][NOT_RUN] - click: NOT_RUN: click

2018-11-25 10:40:09 - [MESSAGE][NOT_RUN] - NOT_RUN: click

2018-11-25 10:40:09 - [TEST_STEP][NOT_RUN] - click: NOT_RUN: click

2018-11-25 10:40:09 - [MESSAGE][NOT_RUN] - NOT_RUN: click

2018-11-25 10:40:09 - [TEST_STEP][NOT_RUN] - setText: NOT_RUN: setText

2018-11-25 10:40:09 - [MESSAGE][NOT_RUN] - NOT_RUN: setText

2018-11-25 10:40:09 - [TEST_STEP][NOT_RUN] - delay: NOT_RUN: delay

2018-11-25 10:40:09 - [MESSAGE][NOT_RUN] - NOT_RUN: delay

2018-11-25 10:40:09 - [TEST_STEP][NOT_RUN] - click: NOT_RUN: click

2018-11-25 10:40:09 - [MESSAGE][NOT_RUN] - NOT_RUN: click

2018-11-25 10:40:09 - [TEST_STEP][NOT_RUN] - click: NOT_RUN: click

2018-11-25 10:40:09 - [MESSAGE][NOT_RUN] - NOT_RUN: click

2018-11-25 10:40:09 - [TEST_STEP][NOT_RUN] - click: NOT_RUN: click

2018-11-25 10:40:09 - [MESSAGE][NOT_RUN] - NOT_RUN: click

2018-11-25 10:40:09 - [TEST_STEP][NOT_RUN] - setText: NOT_RUN: setText

2018-11-25 10:40:09 - [MESSAGE][NOT_RUN] - NOT_RUN: setText

2018-11-25 10:40:09 - [TEST_STEP][NOT_RUN] - delay: NOT_RUN: delay

2018-11-25 10:40:09 - [MESSAGE][NOT_RUN] - NOT_RUN: delay

2018-11-25 10:40:09 - [TEST_STEP][NOT_RUN] - click: NOT_RUN: click

2018-11-25 10:40:09 - [MESSAGE][NOT_RUN] - NOT_RUN: click

2018-11-25 10:40:09 - [TEST_STEP][NOT_RUN] - delay: NOT_RUN: delay

2018-11-25 10:40:09 - [MESSAGE][NOT_RUN] - NOT_RUN: delay

2018-11-25 10:40:09 - [TEST_STEP][NOT_RUN] - setText: NOT_RUN: setText

2018-11-25 10:40:09 - [MESSAGE][NOT_RUN] - NOT_RUN: setText

2018-11-25 10:40:09 - [TEST_STEP][NOT_RUN] - setText: NOT_RUN: setText

2018-11-25 10:40:09 - [MESSAGE][NOT_RUN] - NOT_RUN: setText

2018-11-25 10:40:09 - [TEST_STEP][NOT_RUN] - setText: NOT_RUN: setText

2018-11-25 10:40:09 - [MESSAGE][NOT_RUN] - NOT_RUN: setText

2018-11-25 10:40:09 - [TEST_STEP][NOT_RUN] - click: NOT_RUN: click

2018-11-25 10:40:09 - [MESSAGE][NOT_RUN] - NOT_RUN: click

2018-11-25 10:40:09 - [TEST_STEP][NOT_RUN] - click: NOT_RUN: click

2018-11-25 10:40:09 - [MESSAGE][NOT_RUN] - NOT_RUN: click

2018-11-25 10:40:09 - [TEST_STEP][NOT_RUN] - setText: NOT_RUN: setText

2018-11-25 10:40:09 - [MESSAGE][NOT_RUN] - NOT_RUN: setText

2018-11-25 10:40:09 - [TEST_STEP][NOT_RUN] - click: NOT_RUN: click

2018-11-25 10:40:09 - [MESSAGE][NOT_RUN] - NOT_RUN: click

2018-11-25 10:40:09 - [TEST_STEP][NOT_RUN] - click: NOT_RUN: click

2018-11-25 10:40:09 - [MESSAGE][NOT_RUN] - NOT_RUN: click

2018-11-25 10:40:09 - [TEST_STEP][NOT_RUN] - click: NOT_RUN: click

2018-11-25 10:40:09 - [MESSAGE][NOT_RUN] - NOT_RUN: click

2018-11-25 10:40:09 - [TEST_STEP][NOT_RUN] - click: NOT_RUN: click

2018-11-25 10:40:09 - [MESSAGE][NOT_RUN] - NOT_RUN: click

2018-11-25 10:40:09 - [TEST_STEP][NOT_RUN] - click: NOT_RUN: click

2018-11-25 10:40:09 - [MESSAGE][NOT_RUN] - NOT_RUN: click

2018-11-25 10:40:09 - [TEST_STEP][NOT_RUN] - click: NOT_RUN: click

2018-11-25 10:40:09 - [MESSAGE][NOT_RUN] - NOT_RUN: click

2018-11-25 10:40:09 - [TEST_STEP][NOT_RUN] - setText: NOT_RUN: setText

2018-11-25 10:40:09 - [MESSAGE][NOT_RUN] - NOT_RUN: setText

2018-11-25 10:40:09 - [TEST_STEP][NOT_RUN] - setText: NOT_RUN: setText

2018-11-25 10:40:09 - [MESSAGE][NOT_RUN] - NOT_RUN: setText

2018-11-25 10:40:09 - [TEST_STEP][NOT_RUN] - setText: NOT_RUN: setText

2018-11-25 10:40:09 - [MESSAGE][NOT_RUN] - NOT_RUN: setText

2018-11-25 10:40:09 - [TEST_STEP][NOT_RUN] - click: NOT_RUN: click

2018-11-25 10:40:09 - [MESSAGE][NOT_RUN] - NOT_RUN: click

2018-11-25 10:40:09 - [TEST_STEP][NOT_RUN] - click: NOT_RUN: click

2018-11-25 10:40:09 - [MESSAGE][NOT_RUN] - NOT_RUN: click

2018-11-25 10:40:09 - [TEST_STEP][NOT_RUN] - click: NOT_RUN: click

2018-11-25 10:40:09 - [MESSAGE][NOT_RUN] - NOT_RUN: click

2018-11-25 10:40:09 - [TEST_STEP][NOT_RUN] - delay: NOT_RUN: delay

2018-11-25 10:40:09 - [MESSAGE][NOT_RUN] - NOT_RUN: delay

2018-11-25 10:40:09 - [TEST_STEP][NOT_RUN] - setText: NOT_RUN: setText

2018-11-25 10:40:09 - [MESSAGE][NOT_RUN] - NOT_RUN: setText

2018-11-25 10:40:09 - [TEST_STEP][NOT_RUN] - delay: NOT_RUN: delay

2018-11-25 10:40:09 - [MESSAGE][NOT_RUN] - NOT_RUN: delay

2018-11-25 10:40:09 - [TEST_STEP][NOT_RUN] - click: NOT_RUN: click

2018-11-25 10:40:09 - [MESSAGE][NOT_RUN] - NOT_RUN: click

2018-11-25 10:40:09 - [TEST_STEP][NOT_RUN] - doubleClick: NOT_RUN: doubleClick

2018-11-25 10:40:09 - [MESSAGE][NOT_RUN] - NOT_RUN: doubleClick

2018-11-25 10:40:09 - [TEST_STEP][NOT_RUN] - click: NOT_RUN: click

2018-11-25 10:40:09 - [MESSAGE][NOT_RUN] - NOT_RUN: click

2018-11-25 10:40:09 - [TEST_STEP][NOT_RUN] - setText: NOT_RUN: setText

2018-11-25 10:40:09 - [MESSAGE][NOT_RUN] - NOT_RUN: setText

2018-11-25 10:40:09 - [TEST_STEP][NOT_RUN] - delay: NOT_RUN: delay

2018-11-25 10:40:09 - [MESSAGE][NOT_RUN] - NOT_RUN: delay

2018-11-25 10:40:09 - [TEST_STEP][NOT_RUN] - click: NOT_RUN: click

2018-11-25 10:40:09 - [MESSAGE][NOT_RUN] - NOT_RUN: click

2018-11-25 10:40:09 - [TEST_STEP][NOT_RUN] - delay: NOT_RUN: delay

2018-11-25 10:40:09 - [MESSAGE][NOT_RUN] - NOT_RUN: delay

2018-11-25 10:40:09 - [TEST_STEP][NOT_RUN] - setText: NOT_RUN: setText

2018-11-25 10:40:09 - [MESSAGE][NOT_RUN] - NOT_RUN: setText

2018-11-25 10:40:09 - [TEST_STEP][PASSED] - click: Object: 'Object Repository/Final Object Repo/Page_Request SSN - ASSIST/Save  Continue' is clicked on

2018-11-25 10:40:09 - [MESSAGE][PASSED] - Object: 'Object Repository/Final Object Repo/Page_Request SSN - ASSIST/Save  Continue' is clicked on

2018-11-25 10:40:09 - [TEST_STEP][PASSED] - delay: Delayed 3 second(s)

2018-11-25 10:40:12 - [MESSAGE][PASSED] - Delayed 3 second(s)

2018-11-25 10:40:12 - [TEST_STEP][PASSED] - Statement - CaseReferenceNo = com.kms.katalon.core.webui.keyword.WebUiBuiltInKeywords.getText(com.kms.katalon.core.testobject.ObjectRepository.findTestObject(Final Object Repo/Page_Request SSN - ASSIST/Reference Number in Uploading Page)): Text of object 'Object Repository/Final Object Repo/Page_Request SSN - ASSIST/Reference Number in Uploading Page' is: 'SSN11201800001140'

2018-11-25 10:40:12 - [MESSAGE][PASSED] - Text of object 'Object Repository/Final Object Repo/Page_Request SSN - ASSIST/Reference Number in Uploading Page' is: 'SSN11201800001140'

2018-11-25 10:40:12 - [TEST_STEP][PASSED] - callTestCase: Call Test Case 'Test Cases/Final Aug 2018 - PKS Automation/Common/Reference Number Setter' successfully

2018-11-25 10:40:12 - [TEST_CASE][PASSED] - Test Cases/Final Aug 2018 - PKS Automation/Common/Reference Number Setter: Test Cases/Final Aug 2018 - PKS Automation/Common/Reference Number Setter

2018-11-25 10:40:12 - [TEST_STEP][PASSED] - Statement - RefNoOldFile = new java.io.File(C://Users//Admin//Desktop//PKS//Automation Reference Point//KatalonReference.txt): null

2018-11-25 10:40:12 - [TEST_STEP][PASSED] - Statement - RefNoOldFile.delete(): null

2018-11-25 10:40:12 - [TEST_STEP][PASSED] - delay: Delayed 5 second(s)

2018-11-25 10:40:17 - [MESSAGE][PASSED] - Delayed 5 second(s)

2018-11-25 10:40:17 - [TEST_STEP][PASSED] - Statement - RefNo = new java.io.File(C://Users//Admin//Desktop//PKS//Automation Reference Point//KatalonReference.txt): null

2018-11-25 10:40:17 - [TEST_STEP][PASSED] - Statement - f2 = new java.io.FileWriter(RefNo, false): null

2018-11-25 10:40:17 - [TEST_STEP][PASSED] - Statement - f2.write(CaseReferenceNo): null

2018-11-25 10:40:17 - [TEST_STEP][PASSED] - Statement - f2.close(): null

2018-11-25 10:40:18 - [TEST_STEP][PASSED] - Statement - out.println("


" + CaseReferenceNo + "


"): null

2018-11-25 10:40:18 - [MESSAGE][PASSED] - Call Test Case 'Test Cases/Final Aug 2018 - PKS Automation/Common/Reference Number Setter' successfully

2018-11-25 10:40:18 - [TEST_STEP][PASSED] - click: Object: 'Object Repository/Final Object Repo/Page_Request SSN - ASSIST/Add Document Button' is clicked on

2018-11-25 10:40:18 - [MESSAGE][PASSED] - Object: 'Object Repository/Final Object Repo/Page_Request SSN - ASSIST/Add Document Button' is clicked on

2018-11-25 10:40:18 - [TEST_STEP][PASSED] - delay: Delayed 2 second(s)

2018-11-25 10:40:20 - [MESSAGE][PASSED] - Delayed 2 second(s)

2018-11-25 10:40:20 - [TEST_STEP][PASSED] - click: Object: 'Object Repository/Final Object Repo/Page_Request SSN - ASSIST/Document Type' is clicked on

2018-11-25 10:40:21 - [MESSAGE][PASSED] - Object: 'Object Repository/Final Object Repo/Page_Request SSN - ASSIST/Document Type' is clicked on

2018-11-25 10:40:21 - [TEST_STEP][PASSED] - delay: Delayed 2 second(s)

2018-11-25 10:40:23 - [MESSAGE][PASSED] - Delayed 2 second(s)

2018-11-25 10:40:23 - [TEST_STEP][PASSED] - click: Object: 'Object Repository/Final Object Repo/Page_Request SSN - ASSIST/Document Type - Birth Certificate' is clicked on

2018-11-25 10:40:23 - [MESSAGE][PASSED] - Object: 'Object Repository/Final Object Repo/Page_Request SSN - ASSIST/Document Type - Birth Certificate' is clicked on

2018-11-25 10:40:23 - [TEST_STEP][PASSED] - delay: Delayed 2 second(s)

2018-11-25 10:40:25 - [MESSAGE][PASSED] - Delayed 2 second(s)

2018-11-25 10:40:25 - [TEST_STEP][PASSED] - sendKeys: Keys 'C:\Users\Public\Pictures\Sample Pictures\Koala.jpg' sent to object: 'Object Repository/Final Object Repo/Page_Request SSN - ASSIST/Upload File'

2018-11-25 10:40:25 - [MESSAGE][PASSED] - Keys 'C:\Users\Public\Pictures\Sample Pictures\Koala.jpg' sent to object: 'Object Repository/Final Object Repo/Page_Request SSN - ASSIST/Upload File'

2018-11-25 10:40:25 - [TEST_STEP][PASSED] - click: Object: 'Object Repository/Final Object Repo/Page_Request SSN - ASSIST/Add Document' is clicked on

2018-11-25 10:40:25 - [MESSAGE][PASSED] - Object: 'Object Repository/Final Object Repo/Page_Request SSN - ASSIST/Add Document' is clicked on

2018-11-25 10:40:25 - [TEST_STEP][PASSED] - delay: Delayed 10 second(s)

2018-11-25 10:40:35 - [MESSAGE][PASSED] - Delayed 10 second(s)

2018-11-25 10:40:35 - [TEST_STEP][PASSED] - click: Object: 'Object Repository/Final Object Repo/Page_Request SSN - ASSIST/Save  Continue in Uploading Document Page' is clicked on

2018-11-25 10:40:36 - [MESSAGE][PASSED] - Object: 'Object Repository/Final Object Repo/Page_Request SSN - ASSIST/Save  Continue in Uploading Document Page' is clicked on

2018-11-25 10:40:36 - [TEST_STEP][PASSED] - delay: Delayed 2 second(s)

2018-11-25 10:40:38 - [MESSAGE][PASSED] - Delayed 2 second(s)

2018-11-25 10:40:38 - [TEST_STEP][PASSED] - click: Object: 'Object Repository/Final Object Repo/Page_Request SSN - ASSIST/Submit' is clicked on

2018-11-25 10:40:40 - [MESSAGE][PASSED] - Object: 'Object Repository/Final Object Repo/Page_Request SSN - ASSIST/Submit' is clicked on

2018-11-25 10:40:40 - [TEST_STEP][PASSED] - delay: Delayed 2 second(s)

2018-11-25 10:40:42 - [MESSAGE][PASSED] - Delayed 2 second(s)

2018-11-25 10:40:42 - [TEST_STEP][PASSED] - click: Object: 'Object Repository/Final Object Repo/Page_Request SSN - ASSIST/Confirm' is clicked on

2018-11-25 10:40:42 - [MESSAGE][PASSED] - Object: 'Object Repository/Final Object Repo/Page_Request SSN - ASSIST/Confirm' is clicked on

2018-11-25 10:40:42 - [TEST_STEP][PASSED] - delay: Delayed 2 second(s)

2018-11-25 10:40:44 - [MESSAGE][PASSED] - Delayed 2 second(s)

2018-11-25 10:40:44 - [TEST_STEP][PASSED] - verifyElementVisible: Object 'Object Repository/Final Object Repo/Page_Request SSN - ASSIST/Message This Case will be routed to RIO' is visible

2018-11-25 10:40:49 - [MESSAGE][PASSED] - Object 'Object Repository/Final Object Repo/Page_Request SSN - ASSIST/Message This Case will be routed to RIO' is visible

2018-11-25 10:40:49 - [TEST_STEP][PASSED] - delay: Delayed 2 second(s)

2018-11-25 10:40:51 - [MESSAGE][PASSED] - Delayed 2 second(s)

2018-11-25 10:40:51 - [TEST_STEP][PASSED] - verifyElementVisible: Object 'Object Repository/Final Object Repo/Page_Request SSN - ASSIST/Letter of acknowledgement' is visible

2018-11-25 10:40:52 - [MESSAGE][PASSED] - Object 'Object Repository/Final Object Repo/Page_Request SSN - ASSIST/Letter of acknowledgement' is visible

2018-11-25 10:40:52 - [MESSAGE][PASSED] - Call Test Case 'Test Cases/Final Aug 2018 - PKS Automation/Registration Module/Workflow/Request SSN/Template/Request SSN - OTC' successfully

2018-11-25 10:40:52 - [TEST_STEP][FAILED] - callTestCase: Unable to call Test Case with id 'Test Cases/Final Aug 2018 - PKS Automation/Registration Module/Workflow/Request SSN/Template/Request SSN RIO - RO (Query)' (Root cause: Call Test Case 'Test Cases/Final Aug 2018 - PKS Automation/Registration Module/Workflow/Request SSN/Template/Request SSN RIO - RO (Query)' failed)

2018-11-25 10:40:52 - [TEST_CASE][FAILED] - Test Cases/Final Aug 2018 - PKS Automation/Registration Module/Workflow/Request SSN/Template/Request SSN RIO - RO (Query): Test Cases/Final Aug 2018 - PKS Automation/Registration Module/Workflow/Request SSN/Template/Request SSN RIO - RO (Query) FAILED because (of) (Stack trace: com.kms.katalon.core.exception.StepFailedException: Unable to click on object 'Object Repository/Final Object Repo/Landing Page/Select to English' (Root cause: com.kms.katalon.core.webui.exception.WebElementNotFoundException: Web element with id: 'Object Repository/Final Object Repo/Landing Page/Select to English' located by 'By.xpath: //a[@class = 'taglib-language-list-text' and @lang = 'en-US' and (contains(text(), 'EN') or contains(., 'EN'))]' not found)
	at com.kms.katalon.core.keyword.internal.KeywordMain.stepFailed(KeywordMain.groovy:32)
	at com.kms.katalon.core.webui.keyword.internal.WebUIKeywordMain.stepFailed(WebUIKeywordMain.groovy:65)
	at com.kms.katalon.core.webui.keyword.internal.WebUIKeywordMain.runKeyword(WebUIKeywordMain.groovy:27)
	at com.kms.katalon.core.webui.keyword.builtin.ClickKeyword.click(ClickKeyword.groovy:86)
	at com.kms.katalon.core.webui.keyword.builtin.ClickKeyword.execute(ClickKeyword.groovy:67)
	at com.kms.katalon.core.keyword.internal.KeywordExecutor.executeKeywordForPlatform(KeywordExecutor.groovy:53)
	at com.kms.katalon.core.webui.keyword.WebUiBuiltInKeywords.click(WebUiBuiltInKeywords.groovy:604)
	at com.kms.katalon.core.webui.keyword.WebUiBuiltInKeywords$click$12.call(Unknown Source)
	at org.codehaus.groovy.runtime.callsite.CallSiteArray.defaultCall(CallSiteArray.java:48)
	at org.codehaus.groovy.runtime.callsite.AbstractCallSite.call(AbstractCallSite.java:113)
	at org.codehaus.groovy.runtime.callsite.AbstractCallSite.call(AbstractCallSite.java:133)
	at Script1534407542420.run(Script1534407542420.groovy:57)
	at com.kms.katalon.core.main.ScriptEngine.run(ScriptEngine.java:183)
	at com.kms.katalon.core.main.ScriptEngine.runScriptAsRawText(ScriptEngine.java:108)
	at com.kms.katalon.core.main.TestCaseExecutor.runScript(TestCaseExecutor.java:294)
	at com.kms.katalon.core.main.TestCaseExecutor.doExecute(TestCaseExecutor.java:285)
	at com.kms.katalon.core.main.TestCaseExecutor.processExecutionPhase(TestCaseExecutor.java:264)
	at com.kms.katalon.core.main.TestCaseExecutor.accessMainPhase(TestCaseExecutor.java:256)
	at com.kms.katalon.core.main.TestCaseExecutor.execute(TestCaseExecutor.java:200)
	at com.kms.katalon.core.main.TestCaseMain.runTestCase(TestCaseMain.java:99)
	at com.kms.katalon.core.keyword.builtin.CallTestCaseKeyword$_callTestCase_closure1.doCall(CallTestCaseKeyword.groovy:60)
	at com.kms.katalon.core.keyword.builtin.CallTestCaseKeyword$_callTestCase_closure1.call(CallTestCaseKeyword.groovy)
	at com.kms.katalon.core.keyword.internal.KeywordMain.runKeyword(KeywordMain.groovy:54)
	at com.kms.katalon.core.keyword.builtin.CallTestCaseKeyword.callTestCase(CallTestCaseKeyword.groovy:81)
	at com.kms.katalon.core.keyword.builtin.CallTestCaseKeyword.execute(CallTestCaseKeyword.groovy:45)
	at com.kms.katalon.core.keyword.internal.KeywordExecutor.executeKeywordForPlatform(KeywordExecutor.groovy:53)
	at com.kms.katalon.core.keyword.BuiltinKeywords.callTestCase(BuiltinKeywords.groovy:334)
	at sun.reflect.NativeMethodAccessorImpl.invoke0(Native Method)
	at sun.reflect.NativeMethodAccessorImpl.invoke(NativeMethodAccessorImpl.java:62)
	at sun.reflect.DelegatingMethodAccessorImpl.invoke(DelegatingMethodAccessorImpl.java:43)
	at java.lang.reflect.Method.invoke(Method.java:498)
	at org.codehaus.groovy.reflection.CachedMethod.invoke(CachedMethod.java:93)
	at groovy.lang.MetaMethod.doMethodInvoke(MetaMethod.java:325)
	at groovy.lang.MetaClassImpl.invokeStaticMethod(MetaClassImpl.java:1469)
	at org.codehaus.groovy.runtime.callsite.StaticMetaClassSite.call(StaticMetaClassSite.java:53)
	at org.codehaus.groovy.runtime.callsite.CallSiteArray.defaultCall(CallSiteArray.java:48)
	at org.codehaus.groovy.runtime.callsite.AbstractCallSite.call(AbstractCallSite.java:113)
	at org.codehaus.groovy.runtime.callsite.AbstractCallSite.call(AbstractCallSite.java:141)
	at Script1537866031818.run(Script1537866031818.groovy:33)
	at com.kms.katalon.core.main.ScriptEngine.run(ScriptEngine.java:183)
	at com.kms.katalon.core.main.ScriptEngine.runScriptAsRawText(ScriptEngine.java:108)
	at com.kms.katalon.core.main.TestCaseExecutor.runScript(TestCaseExecutor.java:294)
	at com.kms.katalon.core.main.TestCaseExecutor.doExecute(TestCaseExecutor.java:285)
	at com.kms.katalon.core.main.TestCaseExecutor.processExecutionPhase(TestCaseExecutor.java:264)
	at com.kms.katalon.core.main.TestCaseExecutor.accessMainPhase(TestCaseExecutor.java:256)
	at com.kms.katalon.core.main.TestCaseExecutor.execute(TestCaseExecutor.java:200)
	at com.kms.katalon.core.main.TestCaseMain.runTestCase(TestCaseMain.java:99)
	at com.kms.katalon.core.keyword.builtin.CallTestCaseKeyword$_callTestCase_closure1.doCall(CallTestCaseKeyword.groovy:60)
	at com.kms.katalon.core.keyword.builtin.CallTestCaseKeyword$_callTestCase_closure1.call(CallTestCaseKeyword.groovy)
	at com.kms.katalon.core.keyword.internal.KeywordMain.runKeyword(KeywordMain.groovy:54)
	at com.kms.katalon.core.keyword.builtin.CallTestCaseKeyword.callTestCase(CallTestCaseKeyword.groovy:81)
	at com.kms.katalon.core.keyword.builtin.CallTestCaseKeyword.execute(CallTestCaseKeyword.groovy:45)
	at com.kms.katalon.core.keyword.internal.KeywordExecutor.executeKeywordForPlatform(KeywordExecutor.groovy:53)
	at com.kms.katalon.core.keyword.BuiltinKeywords.callTestCase(BuiltinKeywords.groovy:334)
	at sun.reflect.NativeMethodAccessorImpl.invoke0(Native Method)
	at sun.reflect.NativeMethodAccessorImpl.invoke(NativeMethodAccessorImpl.java:62)
	at sun.reflect.DelegatingMethodAccessorImpl.invoke(DelegatingMethodAccessorImpl.java:43)
	at java.lang.reflect.Method.invoke(Method.java:498)
	at org.codehaus.groovy.reflection.CachedMethod.invoke(CachedMethod.java:93)
	at groovy.lang.MetaMethod.doMethodInvoke(MetaMethod.java:325)
	at groovy.lang.MetaClassImpl.invokeStaticMethod(MetaClassImpl.java:1469)
	at org.codehaus.groovy.runtime.callsite.StaticMetaClassSite.call(StaticMetaClassSite.java:53)
	at org.codehaus.groovy.runtime.callsite.CallSiteArray.defaultCall(CallSiteArray.java:48)
	at org.codehaus.groovy.runtime.callsite.AbstractCallSite.call(AbstractCallSite.java:113)
	at org.codehaus.groovy.runtime.callsite.AbstractCallSite.call(AbstractCallSite.java:141)
	at Script1536300508592.run(Script1536300508592.groovy:24)
	at com.kms.katalon.core.main.ScriptEngine.run(ScriptEngine.java:183)
	at com.kms.katalon.core.main.ScriptEngine.runScriptAsRawText(ScriptEngine.java:108)
	at com.kms.katalon.core.main.TestCaseExecutor.runScript(TestCaseExecutor.java:294)
	at com.kms.katalon.core.main.TestCaseExecutor.doExecute(TestCaseExecutor.java:285)
	at com.kms.katalon.core.main.TestCaseExecutor.processExecutionPhase(TestCaseExecutor.java:264)
	at com.kms.katalon.core.main.TestCaseExecutor.accessMainPhase(TestCaseExecutor.java:256)
	at com.kms.katalon.core.main.TestCaseExecutor.execute(TestCaseExecutor.java:200)
	at com.kms.katalon.core.main.TestSuiteExecutor.accessTestCaseMainPhase(TestSuiteExecutor.java:129)
	at com.kms.katalon.core.main.TestSuiteExecutor.accessTestSuiteMainPhase(TestSuiteExecutor.java:112)
	at com.kms.katalon.core.main.TestSuiteExecutor.execute(TestSuiteExecutor.java:81)
	at com.kms.katalon.core.main.TestCaseMain.startTestSuite(TestCaseMain.java:142)
	at com.kms.katalon.core.main.TestCaseMain$startTestSuite$0.call(Unknown Source)
	at org.codehaus.groovy.runtime.callsite.CallSiteArray.defaultCall(CallSiteArray.java:48)
	at org.codehaus.groovy.runtime.callsite.AbstractCallSite.call(AbstractCallSite.java:113)
	at org.codehaus.groovy.runtime.callsite.AbstractCallSite.call(AbstractCallSite.java:141)
	at TempTestSuite1543076525606.run(TempTestSuite1543076525606.groovy:36)
	at groovy.lang.GroovyShell.runScriptOrMainOrTestOrRunnable(GroovyShell.java:263)
	at groovy.lang.GroovyShell.run(GroovyShell.java:518)
	at groovy.lang.GroovyShell.run(GroovyShell.java:507)
	at groovy.ui.GroovyMain.processOnce(GroovyMain.java:653)
	at groovy.ui.GroovyMain.run(GroovyMain.java:384)
	at groovy.ui.GroovyMain.process(GroovyMain.java:370)
	at groovy.ui.GroovyMain.processArgs(GroovyMain.java:129)
	at groovy.ui.GroovyMain.main(GroovyMain.java:109)
	at sun.reflect.NativeMethodAccessorImpl.invoke0(Native Method)
	at sun.reflect.NativeMethodAccessorImpl.invoke(NativeMethodAccessorImpl.java:62)
	at sun.reflect.DelegatingMethodAccessorImpl.invoke(DelegatingMethodAccessorImpl.java:43)
	at java.lang.reflect.Method.invoke(Method.java:498)
	at org.codehaus.groovy.tools.GroovyStarter.rootLoader(GroovyStarter.java:109)
	at org.codehaus.groovy.tools.GroovyStarter.main(GroovyStarter.java:131)
)

2018-11-25 10:40:52 - [TEST_STEP][NOT_RUN] - callTestCase: NOT_RUN: callTestCase

2018-11-25 10:40:52 - [MESSAGE][NOT_RUN] - NOT_RUN: callTestCase

2018-11-25 10:40:52 - [TEST_STEP][PASSED] - delay: Delayed 2 second(s)

2018-11-25 10:40:54 - [MESSAGE][PASSED] - Delayed 2 second(s)

2018-11-25 10:40:54 - [TEST_STEP][PASSED] - navigateToUrl: Navigate to 'https://assist2-uat.perkeso.gov.my/c/portal/logout' successfully

2018-11-25 10:40:55 - [MESSAGE][PASSED] - Navigate to 'https://assist2-uat.perkeso.gov.my/c/portal/logout' successfully

2018-11-25 10:40:55 - [TEST_STEP][PASSED] - delay: Delayed 2 second(s)

2018-11-25 10:40:57 - [MESSAGE][PASSED] - Delayed 2 second(s)

2018-11-25 10:40:57 - [TEST_STEP][PASSED] - callTestCase: Call Test Case 'Test Cases/Final Aug 2018 - PKS Automation/Common/Reference Number Getter' successfully

2018-11-25 10:40:57 - [TEST_CASE][PASSED] - Test Cases/Final Aug 2018 - PKS Automation/Common/Reference Number Getter: Test Cases/Final Aug 2018 - PKS Automation/Common/Reference Number Getter

2018-11-25 10:40:57 - [TEST_STEP][PASSED] - Statement - Try: null

2018-11-25 10:40:57 - [TEST_STEP][PASSED] - Statement - RefNo = new java.io.File(C://Users//Admin//Desktop//PKS//Automation Reference Point//KatalonReference.txt): null

2018-11-25 10:40:57 - [TEST_STEP][PASSED] - Statement - bufferread = new java.io.BufferedReader(new java.io.FileReader(RefNo)): null

2018-11-25 10:40:57 - [TEST_STEP][PASSED] - Statement - readedVal = bufferread.readLine(): null

2018-11-25 10:40:57 - [TEST_STEP][PASSED] - Statement - out.println(CaseReferenceNo): null

2018-11-25 10:40:57 - [TEST_STEP][PASSED] - Statement - out.println(readedVal): null

2018-11-25 10:40:57 - [TEST_STEP][PASSED] - Statement - CaseReferenceNo = "": null

2018-11-25 10:40:57 - [TEST_STEP][PASSED] - Statement - CaseReferenceNo = readedVal: null

2018-11-25 10:40:57 - [MESSAGE][PASSED] - Call Test Case 'Test Cases/Final Aug 2018 - PKS Automation/Common/Reference Number Getter' successfully

2018-11-25 10:40:57 - [TEST_STEP][FAILED] - callTestCase: Unable to call Test Case with id 'Test Cases/Final Aug 2018 - PKS Automation/Common/Workflow Owner Finder' (Root cause: Call Test Case 'Test Cases/Final Aug 2018 - PKS Automation/Common/Workflow Owner Finder' failed)

2018-11-25 10:40:57 - [TEST_CASE][FAILED] - Test Cases/Final Aug 2018 - PKS Automation/Common/Workflow Owner Finder: Test Cases/Final Aug 2018 - PKS Automation/Common/Workflow Owner Finder FAILED because (of) (Stack trace: com.kms.katalon.core.exception.StepFailedException: Unable to click on object 'Object Repository/Final Object Repo/Landing Page/Select to English' (Root cause: com.kms.katalon.core.webui.exception.WebElementNotFoundException: Web element with id: 'Object Repository/Final Object Repo/Landing Page/Select to English' located by 'By.xpath: //a[@class = 'taglib-language-list-text' and @lang = 'en-US' and (contains(text(), 'EN') or contains(., 'EN'))]' not found)
	at com.kms.katalon.core.keyword.internal.KeywordMain.stepFailed(KeywordMain.groovy:32)
	at com.kms.katalon.core.webui.keyword.internal.WebUIKeywordMain.stepFailed(WebUIKeywordMain.groovy:65)
	at com.kms.katalon.core.webui.keyword.internal.WebUIKeywordMain.runKeyword(WebUIKeywordMain.groovy:27)
	at com.kms.katalon.core.webui.keyword.builtin.ClickKeyword.click(ClickKeyword.groovy:86)
	at com.kms.katalon.core.webui.keyword.builtin.ClickKeyword.execute(ClickKeyword.groovy:67)
	at com.kms.katalon.core.keyword.internal.KeywordExecutor.executeKeywordForPlatform(KeywordExecutor.groovy:53)
	at com.kms.katalon.core.webui.keyword.WebUiBuiltInKeywords.click(WebUiBuiltInKeywords.groovy:604)
	at com.kms.katalon.core.webui.keyword.WebUiBuiltInKeywords$click$12.call(Unknown Source)
	at org.codehaus.groovy.runtime.callsite.CallSiteArray.defaultCall(CallSiteArray.java:48)
	at org.codehaus.groovy.runtime.callsite.AbstractCallSite.call(AbstractCallSite.java:113)
	at org.codehaus.groovy.runtime.callsite.AbstractCallSite.call(AbstractCallSite.java:133)
	at Script1534407542420.run(Script1534407542420.groovy:57)
	at com.kms.katalon.core.main.ScriptEngine.run(ScriptEngine.java:183)
	at com.kms.katalon.core.main.ScriptEngine.runScriptAsRawText(ScriptEngine.java:108)
	at com.kms.katalon.core.main.TestCaseExecutor.runScript(TestCaseExecutor.java:294)
	at com.kms.katalon.core.main.TestCaseExecutor.doExecute(TestCaseExecutor.java:285)
	at com.kms.katalon.core.main.TestCaseExecutor.processExecutionPhase(TestCaseExecutor.java:264)
	at com.kms.katalon.core.main.TestCaseExecutor.accessMainPhase(TestCaseExecutor.java:256)
	at com.kms.katalon.core.main.TestCaseExecutor.execute(TestCaseExecutor.java:200)
	at com.kms.katalon.core.main.TestCaseMain.runTestCase(TestCaseMain.java:99)
	at com.kms.katalon.core.keyword.builtin.CallTestCaseKeyword$_callTestCase_closure1.doCall(CallTestCaseKeyword.groovy:60)
	at com.kms.katalon.core.keyword.builtin.CallTestCaseKeyword$_callTestCase_closure1.call(CallTestCaseKeyword.groovy)
	at com.kms.katalon.core.keyword.internal.KeywordMain.runKeyword(KeywordMain.groovy:54)
	at com.kms.katalon.core.keyword.builtin.CallTestCaseKeyword.callTestCase(CallTestCaseKeyword.groovy:81)
	at com.kms.katalon.core.keyword.builtin.CallTestCaseKeyword.execute(CallTestCaseKeyword.groovy:45)
	at com.kms.katalon.core.keyword.internal.KeywordExecutor.executeKeywordForPlatform(KeywordExecutor.groovy:53)
	at com.kms.katalon.core.keyword.BuiltinKeywords.callTestCase(BuiltinKeywords.groovy:334)
	at sun.reflect.NativeMethodAccessorImpl.invoke0(Native Method)
	at sun.reflect.NativeMethodAccessorImpl.invoke(NativeMethodAccessorImpl.java:62)
	at sun.reflect.DelegatingMethodAccessorImpl.invoke(DelegatingMethodAccessorImpl.java:43)
	at java.lang.reflect.Method.invoke(Method.java:498)
	at org.codehaus.groovy.reflection.CachedMethod.invoke(CachedMethod.java:93)
	at groovy.lang.MetaMethod.doMethodInvoke(MetaMethod.java:325)
	at groovy.lang.MetaClassImpl.invokeStaticMethod(MetaClassImpl.java:1469)
	at org.codehaus.groovy.runtime.callsite.StaticMetaClassSite.call(StaticMetaClassSite.java:53)
	at org.codehaus.groovy.runtime.callsite.CallSiteArray.defaultCall(CallSiteArray.java:48)
	at org.codehaus.groovy.runtime.callsite.AbstractCallSite.call(AbstractCallSite.java:113)
	at org.codehaus.groovy.runtime.callsite.AbstractCallSite.call(AbstractCallSite.java:141)
	at Script1537866031818.run(Script1537866031818.groovy:33)
	at com.kms.katalon.core.main.ScriptEngine.run(ScriptEngine.java:183)
	at com.kms.katalon.core.main.ScriptEngine.runScriptAsRawText(ScriptEngine.java:108)
	at com.kms.katalon.core.main.TestCaseExecutor.runScript(TestCaseExecutor.java:294)
	at com.kms.katalon.core.main.TestCaseExecutor.doExecute(TestCaseExecutor.java:285)
	at com.kms.katalon.core.main.TestCaseExecutor.processExecutionPhase(TestCaseExecutor.java:264)
	at com.kms.katalon.core.main.TestCaseExecutor.accessMainPhase(TestCaseExecutor.java:256)
	at com.kms.katalon.core.main.TestCaseExecutor.execute(TestCaseExecutor.java:200)
	at com.kms.katalon.core.main.TestCaseMain.runTestCase(TestCaseMain.java:99)
	at com.kms.katalon.core.keyword.builtin.CallTestCaseKeyword$_callTestCase_closure1.doCall(CallTestCaseKeyword.groovy:60)
	at com.kms.katalon.core.keyword.builtin.CallTestCaseKeyword$_callTestCase_closure1.call(CallTestCaseKeyword.groovy)
	at com.kms.katalon.core.keyword.internal.KeywordMain.runKeyword(KeywordMain.groovy:54)
	at com.kms.katalon.core.keyword.builtin.CallTestCaseKeyword.callTestCase(CallTestCaseKeyword.groovy:81)
	at com.kms.katalon.core.keyword.builtin.CallTestCaseKeyword.execute(CallTestCaseKeyword.groovy:45)
	at com.kms.katalon.core.keyword.internal.KeywordExecutor.executeKeywordForPlatform(KeywordExecutor.groovy:53)
	at com.kms.katalon.core.keyword.BuiltinKeywords.callTestCase(BuiltinKeywords.groovy:334)
	at sun.reflect.NativeMethodAccessorImpl.invoke0(Native Method)
	at sun.reflect.NativeMethodAccessorImpl.invoke(NativeMethodAccessorImpl.java:62)
	at sun.reflect.DelegatingMethodAccessorImpl.invoke(DelegatingMethodAccessorImpl.java:43)
	at java.lang.reflect.Method.invoke(Method.java:498)
	at org.codehaus.groovy.reflection.CachedMethod.invoke(CachedMethod.java:93)
	at groovy.lang.MetaMethod.doMethodInvoke(MetaMethod.java:325)
	at groovy.lang.MetaClassImpl.invokeStaticMethod(MetaClassImpl.java:1469)
	at org.codehaus.groovy.runtime.callsite.StaticMetaClassSite.call(StaticMetaClassSite.java:53)
	at org.codehaus.groovy.runtime.callsite.CallSiteArray.defaultCall(CallSiteArray.java:48)
	at org.codehaus.groovy.runtime.callsite.AbstractCallSite.call(AbstractCallSite.java:113)
	at org.codehaus.groovy.runtime.callsite.AbstractCallSite.call(AbstractCallSite.java:141)
	at Script1536300508592.run(Script1536300508592.groovy:24)
	at com.kms.katalon.core.main.ScriptEngine.run(ScriptEngine.java:183)
	at com.kms.katalon.core.main.ScriptEngine.runScriptAsRawText(ScriptEngine.java:108)
	at com.kms.katalon.core.main.TestCaseExecutor.runScript(TestCaseExecutor.java:294)
	at com.kms.katalon.core.main.TestCaseExecutor.doExecute(TestCaseExecutor.java:285)
	at com.kms.katalon.core.main.TestCaseExecutor.processExecutionPhase(TestCaseExecutor.java:264)
	at com.kms.katalon.core.main.TestCaseExecutor.accessMainPhase(TestCaseExecutor.java:256)
	at com.kms.katalon.core.main.TestCaseExecutor.execute(TestCaseExecutor.java:200)
	at com.kms.katalon.core.main.TestSuiteExecutor.accessTestCaseMainPhase(TestSuiteExecutor.java:129)
	at com.kms.katalon.core.main.TestSuiteExecutor.accessTestSuiteMainPhase(TestSuiteExecutor.java:112)
	at com.kms.katalon.core.main.TestSuiteExecutor.execute(TestSuiteExecutor.java:81)
	at com.kms.katalon.core.main.TestCaseMain.startTestSuite(TestCaseMain.java:142)
	at com.kms.katalon.core.main.TestCaseMain$startTestSuite$0.call(Unknown Source)
	at org.codehaus.groovy.runtime.callsite.CallSiteArray.defaultCall(CallSiteArray.java:48)
	at org.codehaus.groovy.runtime.callsite.AbstractCallSite.call(AbstractCallSite.java:113)
	at org.codehaus.groovy.runtime.callsite.AbstractCallSite.call(AbstractCallSite.java:141)
	at TempTestSuite1543076525606.run(TempTestSuite1543076525606.groovy:36)
	at groovy.lang.GroovyShell.runScriptOrMainOrTestOrRunnable(GroovyShell.java:263)
	at groovy.lang.GroovyShell.run(GroovyShell.java:518)
	at groovy.lang.GroovyShell.run(GroovyShell.java:507)
	at groovy.ui.GroovyMain.processOnce(GroovyMain.java:653)
	at groovy.ui.GroovyMain.run(GroovyMain.java:384)
	at groovy.ui.GroovyMain.process(GroovyMain.java:370)
	at groovy.ui.GroovyMain.processArgs(GroovyMain.java:129)
	at groovy.ui.GroovyMain.main(GroovyMain.java:109)
	at sun.reflect.NativeMethodAccessorImpl.invoke0(Native Method)
	at sun.reflect.NativeMethodAccessorImpl.invoke(NativeMethodAccessorImpl.java:62)
	at sun.reflect.DelegatingMethodAccessorImpl.invoke(DelegatingMethodAccessorImpl.java:43)
	at java.lang.reflect.Method.invoke(Method.java:498)
	at org.codehaus.groovy.tools.GroovyStarter.rootLoader(GroovyStarter.java:109)
	at org.codehaus.groovy.tools.GroovyStarter.main(GroovyStarter.java:131)
)

2018-11-25 10:40:57 - [TEST_STEP][PASSED] - openBrowser: Browser is opened with url: ''

2018-11-25 10:40:57 - [MESSAGE][WARNING] - A browser is already opened. Closing browser and opening a new one

2018-11-25 10:41:01 - [MESSAGE][PASSED] - Browser is opened with url: ''

2018-11-25 10:41:01 - [TEST_STEP][PASSED] - navigateToUrl: Navigate to 'https://assist2-uat.perkeso.gov.my/login' successfully

2018-11-25 10:41:02 - [MESSAGE][PASSED] - Navigate to 'https://assist2-uat.perkeso.gov.my/login' successfully

2018-11-25 10:41:02 - [TEST_STEP][PASSED] - delay: Delayed 5 second(s)

2018-11-25 10:41:07 - [MESSAGE][PASSED] - Delayed 5 second(s)

2018-11-25 10:41:07 - [TEST_STEP][PASSED] - setText: Text 'test@liferay.com' is set on object 'Object Repository/Final Object Repo/Login Page/Internal User/Email Address'

2018-11-25 10:41:07 - [MESSAGE][PASSED] - Text 'test@liferay.com' is set on object 'Object Repository/Final Object Repo/Login Page/Internal User/Email Address'

2018-11-25 10:41:07 - [TEST_STEP][PASSED] - click: Object: 'Object Repository/Final Object Repo/Login Page/Internal User/Next Button' is clicked on

2018-11-25 10:41:07 - [MESSAGE][PASSED] - Object: 'Object Repository/Final Object Repo/Login Page/Internal User/Next Button' is clicked on

2018-11-25 10:41:07 - [TEST_STEP][PASSED] - delay: Delayed 2 second(s)

2018-11-25 10:41:09 - [MESSAGE][PASSED] - Delayed 2 second(s)

2018-11-25 10:41:09 - [TEST_STEP][PASSED] - setText: Text 'test' is set on object 'Object Repository/Final Object Repo/Login Page/Internal User/Password'

2018-11-25 10:41:10 - [MESSAGE][PASSED] - Text 'test' is set on object 'Object Repository/Final Object Repo/Login Page/Internal User/Password'

2018-11-25 10:41:10 - [TEST_STEP][PASSED] - delay: Delayed 2 second(s)

2018-11-25 10:41:12 - [MESSAGE][PASSED] - Delayed 2 second(s)

2018-11-25 10:41:12 - [TEST_STEP][PASSED] - click: Object: 'Object Repository/Final Object Repo/Login Page/Internal User/Login Button' is clicked on

2018-11-25 10:41:12 - [MESSAGE][PASSED] - Object: 'Object Repository/Final Object Repo/Login Page/Internal User/Login Button' is clicked on

2018-11-25 10:41:12 - [TEST_STEP][FAILED] - Statement - Try: Delayed 2 second(s)

2018-11-25 10:41:12 - [TEST_STEP][PASSED] - Statement - Checker = false: null

2018-11-25 10:41:12 - [TEST_STEP][PASSED] - Statement - Checker = com.kms.katalon.core.webui.keyword.WebUiBuiltInKeywords.verifyElementHasAttribute(com.kms.katalon.core.testobject.ObjectRepository.findTestObject(Final Object Repo/Landing Page/BM Detecting), "href", 20, OPTIONAL): Unable to verify if object 'Object Repository/Final Object Repo/Landing Page/BM Detecting' has attribute 'href' (Root cause: org.openqa.selenium.StaleElementReferenceException: stale element reference: element is not attached to the page document
  (Session info: chrome=70.0.3538.102)
  (Driver info: chromedriver=2.43.600210 (68dcf5eebde37173d4027fa8635e332711d2874a),platform=Windows NT 6.1.7601 SP1 x86_64) (WARNING: The server did not provide any stacktrace information)
Command duration or timeout: 0 milliseconds
For documentation on this error, please visit: http://seleniumhq.org/exceptions/stale_element_reference.html
Build info: version: '3.7.1', revision: '8a0099a', time: '2017-11-06T21:07:36.161Z'
System info: host: 'WIN7TEST02', ip: '10.20.3.72', os.name: 'Windows 7', os.arch: 'amd64', os.version: '6.1', java.version: '1.8.0_181'
Driver info: com.kms.katalon.selenium.driver.CChromeDriver
Capabilities {acceptInsecureCerts: false, acceptSslCerts: false, applicationCacheEnabled: false, browserConnectionEnabled: false, browserName: chrome, chrome: {chromedriverVersion: 2.43.600210 (68dcf5eebde371..., userDataDir: C:\Users\Admin\AppData\Loca...}, cssSelectorsEnabled: true, databaseEnabled: false, goog:chromeOptions: {debuggerAddress: localhost:56863}, handlesAlerts: true, hasTouchScreen: false, javascriptEnabled: true, locationContextEnabled: true, mobileEmulationEnabled: false, nativeEvents: true, networkConnectionEnabled: false, pageLoadStrategy: normal, platform: XP, platformName: XP, rotatable: false, setWindowRect: true, takesHeapSnapshot: true, takesScreenshot: true, unexpectedAlertBehaviour: , unhandledPromptBehavior: , version: 70.0.3538.102, webStorageEnabled: true}
Session ID: bc87b8e50812d275d5e4bbeffdd66074)

2018-11-25 10:41:14 - [MESSAGE][WARNING] - Unable to verify if object 'Object Repository/Final Object Repo/Landing Page/BM Detecting' has attribute 'href' (Root cause: org.openqa.selenium.StaleElementReferenceException: stale element reference: element is not attached to the page document
  (Session info: chrome=70.0.3538.102)
  (Driver info: chromedriver=2.43.600210 (68dcf5eebde37173d4027fa8635e332711d2874a),platform=Windows NT 6.1.7601 SP1 x86_64) (WARNING: The server did not provide any stacktrace information)
Command duration or timeout: 0 milliseconds
For documentation on this error, please visit: http://seleniumhq.org/exceptions/stale_element_reference.html
Build info: version: '3.7.1', revision: '8a0099a', time: '2017-11-06T21:07:36.161Z'
System info: host: 'WIN7TEST02', ip: '10.20.3.72', os.name: 'Windows 7', os.arch: 'amd64', os.version: '6.1', java.version: '1.8.0_181'
Driver info: com.kms.katalon.selenium.driver.CChromeDriver
Capabilities {acceptInsecureCerts: false, acceptSslCerts: false, applicationCacheEnabled: false, browserConnectionEnabled: false, browserName: chrome, chrome: {chromedriverVersion: 2.43.600210 (68dcf5eebde371..., userDataDir: C:\Users\Admin\AppData\Loca...}, cssSelectorsEnabled: true, databaseEnabled: false, goog:chromeOptions: {debuggerAddress: localhost:56863}, handlesAlerts: true, hasTouchScreen: false, javascriptEnabled: true, locationContextEnabled: true, mobileEmulationEnabled: false, nativeEvents: true, networkConnectionEnabled: false, pageLoadStrategy: normal, platform: XP, platformName: XP, rotatable: false, setWindowRect: true, takesHeapSnapshot: true, takesScreenshot: true, unexpectedAlertBehaviour: , unhandledPromptBehavior: , version: 70.0.3538.102, webStorageEnabled: true}
Session ID: bc87b8e50812d275d5e4bbeffdd66074)
[[ATTACHMENT|C:\\Users\\Admin\\Desktop\\PKS\\Perkeso Phase A\\Reports\\Workflow\\Request SSN\\20181125_002205\\1543113674223.png]]

2018-11-25 10:41:14 - [TEST_STEP][PASSED] - Statement - out.println(Checker): null

2018-11-25 10:41:14 - [TEST_STEP][FAILED] - Statement - If (Checker == false): Unable to click on object 'Object Repository/Final Object Repo/Landing Page/Select to English' (Root cause: com.kms.katalon.core.webui.exception.WebElementNotFoundException: Web element with id: 'Object Repository/Final Object Repo/Landing Page/Select to English' located by 'By.xpath: //a[@class = 'taglib-language-list-text' and @lang = 'en-US' and (contains(text(), 'EN') or contains(., 'EN'))]' not found)

2018-11-25 10:41:14 - [TEST_STEP][FAILED] - click: Unable to click on object 'Object Repository/Final Object Repo/Landing Page/Select to English' (Root cause: com.kms.katalon.core.webui.exception.WebElementNotFoundException: Web element with id: 'Object Repository/Final Object Repo/Landing Page/Select to English' located by 'By.xpath: //a[@class = 'taglib-language-list-text' and @lang = 'en-US' and (contains(text(), 'EN') or contains(., 'EN'))]' not found)

2018-11-25 10:41:52 - [MESSAGE][FAILED] - Unable to click on object 'Object Repository/Final Object Repo/Landing Page/Select to English' (Root cause: com.kms.katalon.core.webui.exception.WebElementNotFoundException: Web element with id: 'Object Repository/Final Object Repo/Landing Page/Select to English' located by 'By.xpath: //a[@class = 'taglib-language-list-text' and @lang = 'en-US' and (contains(text(), 'EN') or contains(., 'EN'))]' not found)
[[ATTACHMENT|C:\\Users\\Admin\\Desktop\\PKS\\Perkeso Phase A\\Reports\\Workflow\\Request SSN\\20181125_002205\\1543113711941.png]]

2018-11-25 10:41:52 - [TEST_STEP][PASSED] - delay: Delayed 2 second(s)

2018-11-25 10:41:54 - [MESSAGE][PASSED] - Delayed 2 second(s)

2018-11-25 10:41:54 - [TEST_STEP][PASSED] - delay: Delayed 3 second(s)

2018-11-25 10:41:57 - [MESSAGE][PASSED] - Delayed 3 second(s)

2018-11-25 10:41:57 - [TEST_STEP][PASSED] - mouseOver: Object: 'Object Repository/Final Object Repo/Landing Page/WorkFlow Menu' is hovered

2018-11-25 10:41:57 - [MESSAGE][PASSED] - Object: 'Object Repository/Final Object Repo/Landing Page/WorkFlow Menu' is hovered

2018-11-25 10:41:57 - [TEST_STEP][PASSED] - delay: Delayed 2 second(s)

2018-11-25 10:41:59 - [MESSAGE][PASSED] - Delayed 2 second(s)

2018-11-25 10:41:59 - [TEST_STEP][FAILED] - click: Unable to click on object 'Object Repository/Final Object Repo/Landing Page/Select to Workflow Listing' (Root cause: org.openqa.selenium.ElementNotVisibleException: element not interactable
  (Session info: chrome=70.0.3538.102)
  (Driver info: chromedriver=2.43.600210 (68dcf5eebde37173d4027fa8635e332711d2874a),platform=Windows NT 6.1.7601 SP1 x86_64) (WARNING: The server did not provide any stacktrace information)
Command duration or timeout: 0 milliseconds
Build info: version: '3.7.1', revision: '8a0099a', time: '2017-11-06T21:07:36.161Z'
System info: host: 'WIN7TEST02', ip: '10.20.3.72', os.name: 'Windows 7', os.arch: 'amd64', os.version: '6.1', java.version: '1.8.0_181'
Driver info: com.kms.katalon.selenium.driver.CChromeDriver
Capabilities {acceptInsecureCerts: false, acceptSslCerts: false, applicationCacheEnabled: false, browserConnectionEnabled: false, browserName: chrome, chrome: {chromedriverVersion: 2.43.600210 (68dcf5eebde371..., userDataDir: C:\Users\Admin\AppData\Loca...}, cssSelectorsEnabled: true, databaseEnabled: false, goog:chromeOptions: {debuggerAddress: localhost:56863}, handlesAlerts: true, hasTouchScreen: false, javascriptEnabled: true, locationContextEnabled: true, mobileEmulationEnabled: false, nativeEvents: true, networkConnectionEnabled: false, pageLoadStrategy: normal, platform: XP, platformName: XP, rotatable: false, setWindowRect: true, takesHeapSnapshot: true, takesScreenshot: true, unexpectedAlertBehaviour: , unhandledPromptBehavior: , version: 70.0.3538.102, webStorageEnabled: true}
Session ID: bc87b8e50812d275d5e4bbeffdd66074)

2018-11-25 10:41:59 - [MESSAGE][FAILED] - Unable to click on object 'Object Repository/Final Object Repo/Landing Page/Select to Workflow Listing' (Root cause: org.openqa.selenium.ElementNotVisibleException: element not interactable
  (Session info: chrome=70.0.3538.102)
  (Driver info: chromedriver=2.43.600210 (68dcf5eebde37173d4027fa8635e332711d2874a),platform=Windows NT 6.1.7601 SP1 x86_64) (WARNING: The server did not provide any stacktrace information)
Command duration or timeout: 0 milliseconds
Build info: version: '3.7.1', revision: '8a0099a', time: '2017-11-06T21:07:36.161Z'
System info: host: 'WIN7TEST02', ip: '10.20.3.72', os.name: 'Windows 7', os.arch: 'amd64', os.version: '6.1', java.version: '1.8.0_181'
Driver info: com.kms.katalon.selenium.driver.CChromeDriver
Capabilities {acceptInsecureCerts: false, acceptSslCerts: false, applicationCacheEnabled: false, browserConnectionEnabled: false, browserName: chrome, chrome: {chromedriverVersion: 2.43.600210 (68dcf5eebde371..., userDataDir: C:\Users\Admin\AppData\Loca...}, cssSelectorsEnabled: true, databaseEnabled: false, goog:chromeOptions: {debuggerAddress: localhost:56863}, handlesAlerts: true, hasTouchScreen: false, javascriptEnabled: true, locationContextEnabled: true, mobileEmulationEnabled: false, nativeEvents: true, networkConnectionEnabled: false, pageLoadStrategy: normal, platform: XP, platformName: XP, rotatable: false, setWindowRect: true, takesHeapSnapshot: true, takesScreenshot: true, unexpectedAlertBehaviour: , unhandledPromptBehavior: , version: 70.0.3538.102, webStorageEnabled: true}
Session ID: bc87b8e50812d275d5e4bbeffdd66074)
[[ATTACHMENT|C:\\Users\\Admin\\Desktop\\PKS\\Perkeso Phase A\\Reports\\Workflow\\Request SSN\\20181125_002205\\1543113719472.png]]

2018-11-25 10:41:59 - [TEST_STEP][PASSED] - delay: Delayed 2 second(s)

2018-11-25 10:42:01 - [MESSAGE][PASSED] - Delayed 2 second(s)

2018-11-25 10:42:01 - [TEST_STEP][FAILED] - click: Unable to click on object 'Object Repository/Final Object Repo/WorkFlow Listing Page/Search Information - To Put Ref No' (Root cause: com.kms.katalon.core.webui.exception.WebElementNotFoundException: Web element with id: 'Object Repository/Final Object Repo/WorkFlow Listing Page/Search Information - To Put Ref No' located by 'By.xpath: //h2[@data-target = '#_workflowlisting_WAR_baseportlet_searchDiv' and (text() = 'Search Information' or . = 'Search Information')]' not found)

2018-11-25 10:42:33 - [MESSAGE][FAILED] - Unable to click on object 'Object Repository/Final Object Repo/WorkFlow Listing Page/Search Information - To Put Ref No' (Root cause: com.kms.katalon.core.webui.exception.WebElementNotFoundException: Web element with id: 'Object Repository/Final Object Repo/WorkFlow Listing Page/Search Information - To Put Ref No' located by 'By.xpath: //h2[@data-target = '#_workflowlisting_WAR_baseportlet_searchDiv' and (text() = 'Search Information' or . = 'Search Information')]' not found)
[[ATTACHMENT|C:\\Users\\Admin\\Desktop\\PKS\\Perkeso Phase A\\Reports\\Workflow\\Request SSN\\20181125_002205\\1543113753132.png]]

2018-11-25 10:42:33 - [TEST_STEP][PASSED] - delay: Delayed 2 second(s)

2018-11-25 10:42:35 - [MESSAGE][PASSED] - Delayed 2 second(s)

2018-11-25 10:42:35 - [TEST_STEP][PASSED] - callTestCase: Call Test Case 'Test Cases/Final Aug 2018 - PKS Automation/Common/Reference Number Getter' successfully

2018-11-25 10:42:35 - [TEST_CASE][PASSED] - Test Cases/Final Aug 2018 - PKS Automation/Common/Reference Number Getter: Test Cases/Final Aug 2018 - PKS Automation/Common/Reference Number Getter

2018-11-25 10:42:35 - [TEST_STEP][PASSED] - Statement - Try: null

2018-11-25 10:42:35 - [TEST_STEP][PASSED] - Statement - RefNo = new java.io.File(C://Users//Admin//Desktop//PKS//Automation Reference Point//KatalonReference.txt): null

2018-11-25 10:42:35 - [TEST_STEP][PASSED] - Statement - bufferread = new java.io.BufferedReader(new java.io.FileReader(RefNo)): null

2018-11-25 10:42:35 - [TEST_STEP][PASSED] - Statement - readedVal = bufferread.readLine(): null

2018-11-25 10:42:35 - [TEST_STEP][PASSED] - Statement - out.println(CaseReferenceNo): null

2018-11-25 10:42:35 - [TEST_STEP][PASSED] - Statement - out.println(readedVal): null

2018-11-25 10:42:35 - [TEST_STEP][PASSED] - Statement - CaseReferenceNo = "": null

2018-11-25 10:42:35 - [TEST_STEP][PASSED] - Statement - CaseReferenceNo = readedVal: null

2018-11-25 10:42:35 - [MESSAGE][PASSED] - Call Test Case 'Test Cases/Final Aug 2018 - PKS Automation/Common/Reference Number Getter' successfully

2018-11-25 10:42:35 - [TEST_STEP][FAILED] - setText: Unable to set text 'SSN11201800001140' of object 'Object Repository/Final Object Repo/WorkFlow Listing Page/Ref No Set Text' (Root cause: com.kms.katalon.core.webui.exception.WebElementNotFoundException: Web element with id: 'Object Repository/Final Object Repo/WorkFlow Listing Page/Ref No Set Text' located by 'By.xpath: //input[@id = '_workflowlisting_WAR_baseportlet_dto.trxReferenceNum' and @name = '_workflowlisting_WAR_baseportlet_dto.trxReferenceNum' and @type = 'text']' not found)

2018-11-25 10:43:07 - [MESSAGE][FAILED] - Unable to set text 'SSN11201800001140' of object 'Object Repository/Final Object Repo/WorkFlow Listing Page/Ref No Set Text' (Root cause: com.kms.katalon.core.webui.exception.WebElementNotFoundException: Web element with id: 'Object Repository/Final Object Repo/WorkFlow Listing Page/Ref No Set Text' located by 'By.xpath: //input[@id = '_workflowlisting_WAR_baseportlet_dto.trxReferenceNum' and @name = '_workflowlisting_WAR_baseportlet_dto.trxReferenceNum' and @type = 'text']' not found)
[[ATTACHMENT|C:\\Users\\Admin\\Desktop\\PKS\\Perkeso Phase A\\Reports\\Workflow\\Request SSN\\20181125_002205\\1543113787236.png]]

2018-11-25 10:43:07 - [TEST_STEP][PASSED] - delay: Delayed 2 second(s)

2018-11-25 10:43:09 - [MESSAGE][PASSED] - Delayed 2 second(s)

2018-11-25 10:43:09 - [TEST_STEP][FAILED] - click: Unable to click on object 'Object Repository/Final Object Repo/WorkFlow Listing Page/Search Ref No Search Button' (Root cause: org.openqa.selenium.ElementNotVisibleException: element not interactable
  (Session info: chrome=70.0.3538.102)
  (Driver info: chromedriver=2.43.600210 (68dcf5eebde37173d4027fa8635e332711d2874a),platform=Windows NT 6.1.7601 SP1 x86_64) (WARNING: The server did not provide any stacktrace information)
Command duration or timeout: 0 milliseconds
Build info: version: '3.7.1', revision: '8a0099a', time: '2017-11-06T21:07:36.161Z'
System info: host: 'WIN7TEST02', ip: '10.20.3.72', os.name: 'Windows 7', os.arch: 'amd64', os.version: '6.1', java.version: '1.8.0_181'
Driver info: com.kms.katalon.selenium.driver.CChromeDriver
Capabilities {acceptInsecureCerts: false, acceptSslCerts: false, applicationCacheEnabled: false, browserConnectionEnabled: false, browserName: chrome, chrome: {chromedriverVersion: 2.43.600210 (68dcf5eebde371..., userDataDir: C:\Users\Admin\AppData\Loca...}, cssSelectorsEnabled: true, databaseEnabled: false, goog:chromeOptions: {debuggerAddress: localhost:56863}, handlesAlerts: true, hasTouchScreen: false, javascriptEnabled: true, locationContextEnabled: true, mobileEmulationEnabled: false, nativeEvents: true, networkConnectionEnabled: false, pageLoadStrategy: normal, platform: XP, platformName: XP, rotatable: false, setWindowRect: true, takesHeapSnapshot: true, takesScreenshot: true, unexpectedAlertBehaviour: , unhandledPromptBehavior: , version: 70.0.3538.102, webStorageEnabled: true}
Session ID: bc87b8e50812d275d5e4bbeffdd66074)

2018-11-25 10:43:10 - [MESSAGE][FAILED] - Unable to click on object 'Object Repository/Final Object Repo/WorkFlow Listing Page/Search Ref No Search Button' (Root cause: org.openqa.selenium.ElementNotVisibleException: element not interactable
  (Session info: chrome=70.0.3538.102)
  (Driver info: chromedriver=2.43.600210 (68dcf5eebde37173d4027fa8635e332711d2874a),platform=Windows NT 6.1.7601 SP1 x86_64) (WARNING: The server did not provide any stacktrace information)
Command duration or timeout: 0 milliseconds
Build info: version: '3.7.1', revision: '8a0099a', time: '2017-11-06T21:07:36.161Z'
System info: host: 'WIN7TEST02', ip: '10.20.3.72', os.name: 'Windows 7', os.arch: 'amd64', os.version: '6.1', java.version: '1.8.0_181'
Driver info: com.kms.katalon.selenium.driver.CChromeDriver
Capabilities {acceptInsecureCerts: false, acceptSslCerts: false, applicationCacheEnabled: false, browserConnectionEnabled: false, browserName: chrome, chrome: {chromedriverVersion: 2.43.600210 (68dcf5eebde371..., userDataDir: C:\Users\Admin\AppData\Loca...}, cssSelectorsEnabled: true, databaseEnabled: false, goog:chromeOptions: {debuggerAddress: localhost:56863}, handlesAlerts: true, hasTouchScreen: false, javascriptEnabled: true, locationContextEnabled: true, mobileEmulationEnabled: false, nativeEvents: true, networkConnectionEnabled: false, pageLoadStrategy: normal, platform: XP, platformName: XP, rotatable: false, setWindowRect: true, takesHeapSnapshot: true, takesScreenshot: true, unexpectedAlertBehaviour: , unhandledPromptBehavior: , version: 70.0.3538.102, webStorageEnabled: true}
Session ID: bc87b8e50812d275d5e4bbeffdd66074)
[[ATTACHMENT|C:\\Users\\Admin\\Desktop\\PKS\\Perkeso Phase A\\Reports\\Workflow\\Request SSN\\20181125_002205\\1543113789666.png]]

2018-11-25 10:43:10 - [TEST_STEP][PASSED] - delay: Delayed 4 second(s)

2018-11-25 10:43:14 - [MESSAGE][PASSED] - Delayed 4 second(s)

2018-11-25 10:43:14 - [TEST_STEP][PASSED] - click: Object: 'Object Repository/Final Object Repo/WorkFlow Listing Page/Click Continue Tooltip' is clicked on

2018-11-25 10:43:15 - [MESSAGE][PASSED] - Object: 'Object Repository/Final Object Repo/WorkFlow Listing Page/Click Continue Tooltip' is clicked on

2018-11-25 10:43:15 - [TEST_STEP][PASSED] - delay: Delayed 5 second(s)

2018-11-25 10:43:20 - [MESSAGE][PASSED] - Delayed 5 second(s)

2018-11-25 10:43:20 - [TEST_STEP][FAILED] - doubleClick: Unable to double click on object 'Object Repository/Final Object Repo/WorkFlow Listing Page/Workflow Found - Listing 1' (Root cause: com.kms.katalon.core.webui.exception.WebElementNotFoundException: Web element with id: 'Object Repository/Final Object Repo/WorkFlow Listing Page/Workflow Found - Listing 1' located by 'By.xpath: //body/div/div/div/div/div/div/div/div/div/div/div/div/div/div/div/div/table/tbody/tr/td[@class='table-cell  first']/following-sibling::td[1]' not found)

2018-11-25 10:43:51 - [MESSAGE][FAILED] - Unable to double click on object 'Object Repository/Final Object Repo/WorkFlow Listing Page/Workflow Found - Listing 1' (Root cause: com.kms.katalon.core.webui.exception.WebElementNotFoundException: Web element with id: 'Object Repository/Final Object Repo/WorkFlow Listing Page/Workflow Found - Listing 1' located by 'By.xpath: //body/div/div/div/div/div/div/div/div/div/div/div/div/div/div/div/div/table/tbody/tr/td[@class='table-cell  first']/following-sibling::td[1]' not found)
[[ATTACHMENT|C:\\Users\\Admin\\Desktop\\PKS\\Perkeso Phase A\\Reports\\Workflow\\Request SSN\\20181125_002205\\1543113831374.png]]

2018-11-25 10:43:51 - [MESSAGE][FAILED] - Unable to call Test Case with id 'Test Cases/Final Aug 2018 - PKS Automation/Common/Workflow Owner Finder' (Root cause: Call Test Case 'Test Cases/Final Aug 2018 - PKS Automation/Common/Workflow Owner Finder' failed)

2018-11-25 10:43:51 - [MESSAGE][FAILED] - Unable to call Test Case with id 'Test Cases/Final Aug 2018 - PKS Automation/Registration Module/Workflow/Request SSN/Template/Request SSN RIO - RO (Query)' (Root cause: Call Test Case 'Test Cases/Final Aug 2018 - PKS Automation/Registration Module/Workflow/Request SSN/Template/Request SSN RIO - RO (Query)' failed)]]></system-out>
         <system-err><![CDATA[2018-11-25 10:39:17 - [TEST_CASE][FAILED] - Test Cases/Final Aug 2018 - PKS Automation/Registration Module/Workflow/Request SSN/OTC - RIO - RO (Query): Test Cases/Final Aug 2018 - PKS Automation/Registration Module/Workflow/Request SSN/OTC - RIO - RO (Query) FAILED because (of) (Stack trace: com.kms.katalon.core.exception.StepFailedException: Unable to click on object 'Object Repository/Final Object Repo/Landing Page/Select to English' (Root cause: com.kms.katalon.core.webui.exception.WebElementNotFoundException: Web element with id: 'Object Repository/Final Object Repo/Landing Page/Select to English' located by 'By.xpath: //a[@class = 'taglib-language-list-text' and @lang = 'en-US' and (contains(text(), 'EN') or contains(., 'EN'))]' not found)
	at com.kms.katalon.core.keyword.internal.KeywordMain.stepFailed(KeywordMain.groovy:32)
	at com.kms.katalon.core.webui.keyword.internal.WebUIKeywordMain.stepFailed(WebUIKeywordMain.groovy:65)
	at com.kms.katalon.core.webui.keyword.internal.WebUIKeywordMain.runKeyword(WebUIKeywordMain.groovy:27)
	at com.kms.katalon.core.webui.keyword.builtin.ClickKeyword.click(ClickKeyword.groovy:86)
	at com.kms.katalon.core.webui.keyword.builtin.ClickKeyword.execute(ClickKeyword.groovy:67)
	at com.kms.katalon.core.keyword.internal.KeywordExecutor.executeKeywordForPlatform(KeywordExecutor.groovy:53)
	at com.kms.katalon.core.webui.keyword.WebUiBuiltInKeywords.click(WebUiBuiltInKeywords.groovy:604)
	at com.kms.katalon.core.webui.keyword.WebUiBuiltInKeywords$click$12.call(Unknown Source)
	at org.codehaus.groovy.runtime.callsite.CallSiteArray.defaultCall(CallSiteArray.java:48)
	at org.codehaus.groovy.runtime.callsite.AbstractCallSite.call(AbstractCallSite.java:113)
	at org.codehaus.groovy.runtime.callsite.AbstractCallSite.call(AbstractCallSite.java:133)
	at Script1534407542420.run(Script1534407542420.groovy:57)
	at com.kms.katalon.core.main.ScriptEngine.run(ScriptEngine.java:183)
	at com.kms.katalon.core.main.ScriptEngine.runScriptAsRawText(ScriptEngine.java:108)
	at com.kms.katalon.core.main.TestCaseExecutor.runScript(TestCaseExecutor.java:294)
	at com.kms.katalon.core.main.TestCaseExecutor.doExecute(TestCaseExecutor.java:285)
	at com.kms.katalon.core.main.TestCaseExecutor.processExecutionPhase(TestCaseExecutor.java:264)
	at com.kms.katalon.core.main.TestCaseExecutor.accessMainPhase(TestCaseExecutor.java:256)
	at com.kms.katalon.core.main.TestCaseExecutor.execute(TestCaseExecutor.java:200)
	at com.kms.katalon.core.main.TestCaseMain.runTestCase(TestCaseMain.java:99)
	at com.kms.katalon.core.keyword.builtin.CallTestCaseKeyword$_callTestCase_closure1.doCall(CallTestCaseKeyword.groovy:60)
	at com.kms.katalon.core.keyword.builtin.CallTestCaseKeyword$_callTestCase_closure1.call(CallTestCaseKeyword.groovy)
	at com.kms.katalon.core.keyword.internal.KeywordMain.runKeyword(KeywordMain.groovy:54)
	at com.kms.katalon.core.keyword.builtin.CallTestCaseKeyword.callTestCase(CallTestCaseKeyword.groovy:81)
	at com.kms.katalon.core.keyword.builtin.CallTestCaseKeyword.execute(CallTestCaseKeyword.groovy:45)
	at com.kms.katalon.core.keyword.internal.KeywordExecutor.executeKeywordForPlatform(KeywordExecutor.groovy:53)
	at com.kms.katalon.core.keyword.BuiltinKeywords.callTestCase(BuiltinKeywords.groovy:334)
	at sun.reflect.NativeMethodAccessorImpl.invoke0(Native Method)
	at sun.reflect.NativeMethodAccessorImpl.invoke(NativeMethodAccessorImpl.java:62)
	at sun.reflect.DelegatingMethodAccessorImpl.invoke(DelegatingMethodAccessorImpl.java:43)
	at java.lang.reflect.Method.invoke(Method.java:498)
	at org.codehaus.groovy.reflection.CachedMethod.invoke(CachedMethod.java:93)
	at groovy.lang.MetaMethod.doMethodInvoke(MetaMethod.java:325)
	at groovy.lang.MetaClassImpl.invokeStaticMethod(MetaClassImpl.java:1469)
	at org.codehaus.groovy.runtime.callsite.StaticMetaClassSite.call(StaticMetaClassSite.java:53)
	at org.codehaus.groovy.runtime.callsite.CallSiteArray.defaultCall(CallSiteArray.java:48)
	at org.codehaus.groovy.runtime.callsite.AbstractCallSite.call(AbstractCallSite.java:113)
	at org.codehaus.groovy.runtime.callsite.AbstractCallSite.call(AbstractCallSite.java:141)
	at Script1537866031818.run(Script1537866031818.groovy:33)
	at com.kms.katalon.core.main.ScriptEngine.run(ScriptEngine.java:183)
	at com.kms.katalon.core.main.ScriptEngine.runScriptAsRawText(ScriptEngine.java:108)
	at com.kms.katalon.core.main.TestCaseExecutor.runScript(TestCaseExecutor.java:294)
	at com.kms.katalon.core.main.TestCaseExecutor.doExecute(TestCaseExecutor.java:285)
	at com.kms.katalon.core.main.TestCaseExecutor.processExecutionPhase(TestCaseExecutor.java:264)
	at com.kms.katalon.core.main.TestCaseExecutor.accessMainPhase(TestCaseExecutor.java:256)
	at com.kms.katalon.core.main.TestCaseExecutor.execute(TestCaseExecutor.java:200)
	at com.kms.katalon.core.main.TestCaseMain.runTestCase(TestCaseMain.java:99)
	at com.kms.katalon.core.keyword.builtin.CallTestCaseKeyword$_callTestCase_closure1.doCall(CallTestCaseKeyword.groovy:60)
	at com.kms.katalon.core.keyword.builtin.CallTestCaseKeyword$_callTestCase_closure1.call(CallTestCaseKeyword.groovy)
	at com.kms.katalon.core.keyword.internal.KeywordMain.runKeyword(KeywordMain.groovy:54)
	at com.kms.katalon.core.keyword.builtin.CallTestCaseKeyword.callTestCase(CallTestCaseKeyword.groovy:81)
	at com.kms.katalon.core.keyword.builtin.CallTestCaseKeyword.execute(CallTestCaseKeyword.groovy:45)
	at com.kms.katalon.core.keyword.internal.KeywordExecutor.executeKeywordForPlatform(KeywordExecutor.groovy:53)
	at com.kms.katalon.core.keyword.BuiltinKeywords.callTestCase(BuiltinKeywords.groovy:334)
	at sun.reflect.NativeMethodAccessorImpl.invoke0(Native Method)
	at sun.reflect.NativeMethodAccessorImpl.invoke(NativeMethodAccessorImpl.java:62)
	at sun.reflect.DelegatingMethodAccessorImpl.invoke(DelegatingMethodAccessorImpl.java:43)
	at java.lang.reflect.Method.invoke(Method.java:498)
	at org.codehaus.groovy.reflection.CachedMethod.invoke(CachedMethod.java:93)
	at groovy.lang.MetaMethod.doMethodInvoke(MetaMethod.java:325)
	at groovy.lang.MetaClassImpl.invokeStaticMethod(MetaClassImpl.java:1469)
	at org.codehaus.groovy.runtime.callsite.StaticMetaClassSite.call(StaticMetaClassSite.java:53)
	at org.codehaus.groovy.runtime.callsite.CallSiteArray.defaultCall(CallSiteArray.java:48)
	at org.codehaus.groovy.runtime.callsite.AbstractCallSite.call(AbstractCallSite.java:113)
	at org.codehaus.groovy.runtime.callsite.AbstractCallSite.call(AbstractCallSite.java:141)
	at Script1536300508592.run(Script1536300508592.groovy:24)
	at com.kms.katalon.core.main.ScriptEngine.run(ScriptEngine.java:183)
	at com.kms.katalon.core.main.ScriptEngine.runScriptAsRawText(ScriptEngine.java:108)
	at com.kms.katalon.core.main.TestCaseExecutor.runScript(TestCaseExecutor.java:294)
	at com.kms.katalon.core.main.TestCaseExecutor.doExecute(TestCaseExecutor.java:285)
	at com.kms.katalon.core.main.TestCaseExecutor.processExecutionPhase(TestCaseExecutor.java:264)
	at com.kms.katalon.core.main.TestCaseExecutor.accessMainPhase(TestCaseExecutor.java:256)
	at com.kms.katalon.core.main.TestCaseExecutor.execute(TestCaseExecutor.java:200)
	at com.kms.katalon.core.main.TestSuiteExecutor.accessTestCaseMainPhase(TestSuiteExecutor.java:129)
	at com.kms.katalon.core.main.TestSuiteExecutor.accessTestSuiteMainPhase(TestSuiteExecutor.java:112)
	at com.kms.katalon.core.main.TestSuiteExecutor.execute(TestSuiteExecutor.java:81)
	at com.kms.katalon.core.main.TestCaseMain.startTestSuite(TestCaseMain.java:142)
	at com.kms.katalon.core.main.TestCaseMain$startTestSuite$0.call(Unknown Source)
	at org.codehaus.groovy.runtime.callsite.CallSiteArray.defaultCall(CallSiteArray.java:48)
	at org.codehaus.groovy.runtime.callsite.AbstractCallSite.call(AbstractCallSite.java:113)
	at org.codehaus.groovy.runtime.callsite.AbstractCallSite.call(AbstractCallSite.java:141)
	at TempTestSuite1543076525606.run(TempTestSuite1543076525606.groovy:36)
	at groovy.lang.GroovyShell.runScriptOrMainOrTestOrRunnable(GroovyShell.java:263)
	at groovy.lang.GroovyShell.run(GroovyShell.java:518)
	at groovy.lang.GroovyShell.run(GroovyShell.java:507)
	at groovy.ui.GroovyMain.processOnce(GroovyMain.java:653)
	at groovy.ui.GroovyMain.run(GroovyMain.java:384)
	at groovy.ui.GroovyMain.process(GroovyMain.java:370)
	at groovy.ui.GroovyMain.processArgs(GroovyMain.java:129)
	at groovy.ui.GroovyMain.main(GroovyMain.java:109)
	at sun.reflect.NativeMethodAccessorImpl.invoke0(Native Method)
	at sun.reflect.NativeMethodAccessorImpl.invoke(NativeMethodAccessorImpl.java:62)
	at sun.reflect.DelegatingMethodAccessorImpl.invoke(DelegatingMethodAccessorImpl.java:43)
	at java.lang.reflect.Method.invoke(Method.java:498)
	at org.codehaus.groovy.tools.GroovyStarter.rootLoader(GroovyStarter.java:109)
	at org.codehaus.groovy.tools.GroovyStarter.main(GroovyStarter.java:131)
)]]></system-err>
      </testcase>
      <testcase name="Test Cases/Final Aug 2018 - PKS Automation/Registration Module/Workflow/Request SSN/OTC - RIO - RO (Under enforcement)" classname="Test Cases/Final Aug 2018 - PKS Automation/Registration Module/Workflow/Request SSN/OTC - RIO - RO (Under enforcement)" status="FAILED">
         <failure type="FAILED" message="(Stack trace: com.kms.katalon.core.exception.StepFailedException: Unable to click on object 'Object Repository/Final Object Repo/Landing Page/Select to English' (Root cause: com.kms.katalon.core.webui.exception.WebElementNotFoundException: Web element with id: 'Object Repository/Final Object Repo/Landing Page/Select to English' located by 'By.xpath: //a[@class = 'taglib-language-list-text' and @lang = 'en-US' and (contains(text(), 'EN') or contains(., 'EN'))]' not found)
	at com.kms.katalon.core.keyword.internal.KeywordMain.stepFailed(KeywordMain.groovy:32)
	at com.kms.katalon.core.webui.keyword.internal.WebUIKeywordMain.stepFailed(WebUIKeywordMain.groovy:65)
	at com.kms.katalon.core.webui.keyword.internal.WebUIKeywordMain.runKeyword(WebUIKeywordMain.groovy:27)
	at com.kms.katalon.core.webui.keyword.builtin.ClickKeyword.click(ClickKeyword.groovy:86)
	at com.kms.katalon.core.webui.keyword.builtin.ClickKeyword.execute(ClickKeyword.groovy:67)
	at com.kms.katalon.core.keyword.internal.KeywordExecutor.executeKeywordForPlatform(KeywordExecutor.groovy:53)
	at com.kms.katalon.core.webui.keyword.WebUiBuiltInKeywords.click(WebUiBuiltInKeywords.groovy:604)
	at com.kms.katalon.core.webui.keyword.WebUiBuiltInKeywords$click$12.call(Unknown Source)
	at Script1534407542420.run(Script1534407542420.groovy:57)
	at com.kms.katalon.core.main.ScriptEngine.run(ScriptEngine.java:183)
	at com.kms.katalon.core.main.ScriptEngine.runScriptAsRawText(ScriptEngine.java:108)
	at com.kms.katalon.core.main.TestCaseExecutor.runScript(TestCaseExecutor.java:294)
	at com.kms.katalon.core.main.TestCaseExecutor.doExecute(TestCaseExecutor.java:285)
	at com.kms.katalon.core.main.TestCaseExecutor.processExecutionPhase(TestCaseExecutor.java:264)
	at com.kms.katalon.core.main.TestCaseExecutor.accessMainPhase(TestCaseExecutor.java:256)
	at com.kms.katalon.core.main.TestCaseExecutor.execute(TestCaseExecutor.java:200)
	at com.kms.katalon.core.main.TestCaseMain.runTestCase(TestCaseMain.java:99)
	at com.kms.katalon.core.keyword.builtin.CallTestCaseKeyword$_callTestCase_closure1.doCall(CallTestCaseKeyword.groovy:60)
	at com.kms.katalon.core.keyword.builtin.CallTestCaseKeyword$_callTestCase_closure1.call(CallTestCaseKeyword.groovy)
	at com.kms.katalon.core.keyword.internal.KeywordMain.runKeyword(KeywordMain.groovy:54)
	at com.kms.katalon.core.keyword.builtin.CallTestCaseKeyword.callTestCase(CallTestCaseKeyword.groovy:81)
	at com.kms.katalon.core.keyword.builtin.CallTestCaseKeyword.execute(CallTestCaseKeyword.groovy:45)
	at com.kms.katalon.core.keyword.internal.KeywordExecutor.executeKeywordForPlatform(KeywordExecutor.groovy:53)
	at com.kms.katalon.core.keyword.BuiltinKeywords.callTestCase(BuiltinKeywords.groovy:334)
	at sun.reflect.NativeMethodAccessorImpl.invoke0(Native Method)
	at sun.reflect.NativeMethodAccessorImpl.invoke(NativeMethodAccessorImpl.java:62)
	at sun.reflect.DelegatingMethodAccessorImpl.invoke(DelegatingMethodAccessorImpl.java:43)
	at java.lang.reflect.Method.invoke(Method.java:498)
	at org.codehaus.groovy.reflection.CachedMethod.invoke(CachedMethod.java:93)
	at groovy.lang.MetaMethod.doMethodInvoke(MetaMethod.java:325)
	at groovy.lang.MetaClassImpl.invokeStaticMethod(MetaClassImpl.java:1469)
	at org.codehaus.groovy.runtime.callsite.StaticMetaClassSite.call(StaticMetaClassSite.java:53)
	at org.codehaus.groovy.runtime.callsite.CallSiteArray.defaultCall(CallSiteArray.java:48)
	at org.codehaus.groovy.runtime.callsite.AbstractCallSite.call(AbstractCallSite.java:113)
	at org.codehaus.groovy.runtime.callsite.AbstractCallSite.call(AbstractCallSite.java:141)
	at Script1537866016330.run(Script1537866016330.groovy:33)
	at com.kms.katalon.core.main.ScriptEngine.run(ScriptEngine.java:183)
	at com.kms.katalon.core.main.ScriptEngine.runScriptAsRawText(ScriptEngine.java:108)
	at com.kms.katalon.core.main.TestCaseExecutor.runScript(TestCaseExecutor.java:294)
	at com.kms.katalon.core.main.TestCaseExecutor.doExecute(TestCaseExecutor.java:285)
	at com.kms.katalon.core.main.TestCaseExecutor.processExecutionPhase(TestCaseExecutor.java:264)
	at com.kms.katalon.core.main.TestCaseExecutor.accessMainPhase(TestCaseExecutor.java:256)
	at com.kms.katalon.core.main.TestCaseExecutor.execute(TestCaseExecutor.java:200)
	at com.kms.katalon.core.main.TestCaseMain.runTestCase(TestCaseMain.java:99)
	at com.kms.katalon.core.keyword.builtin.CallTestCaseKeyword$_callTestCase_closure1.doCall(CallTestCaseKeyword.groovy:60)
	at com.kms.katalon.core.keyword.builtin.CallTestCaseKeyword$_callTestCase_closure1.call(CallTestCaseKeyword.groovy)
	at com.kms.katalon.core.keyword.internal.KeywordMain.runKeyword(KeywordMain.groovy:54)
	at com.kms.katalon.core.keyword.builtin.CallTestCaseKeyword.callTestCase(CallTestCaseKeyword.groovy:81)
	at com.kms.katalon.core.keyword.builtin.CallTestCaseKeyword.execute(CallTestCaseKeyword.groovy:45)
	at com.kms.katalon.core.keyword.internal.KeywordExecutor.executeKeywordForPlatform(KeywordExecutor.groovy:53)
	at com.kms.katalon.core.keyword.BuiltinKeywords.callTestCase(BuiltinKeywords.groovy:334)
	at sun.reflect.NativeMethodAccessorImpl.invoke0(Native Method)
	at sun.reflect.NativeMethodAccessorImpl.invoke(NativeMethodAccessorImpl.java:62)
	at sun.reflect.DelegatingMethodAccessorImpl.invoke(DelegatingMethodAccessorImpl.java:43)
	at java.lang.reflect.Method.invoke(Method.java:498)
	at org.codehaus.groovy.reflection.CachedMethod.invoke(CachedMethod.java:93)
	at groovy.lang.MetaMethod.doMethodInvoke(MetaMethod.java:325)
	at groovy.lang.MetaClassImpl.invokeStaticMethod(MetaClassImpl.java:1469)
	at org.codehaus.groovy.runtime.callsite.StaticMetaClassSite.call(StaticMetaClassSite.java:53)
	at org.codehaus.groovy.runtime.callsite.CallSiteArray.defaultCall(CallSiteArray.java:48)
	at org.codehaus.groovy.runtime.callsite.AbstractCallSite.call(AbstractCallSite.java:113)
	at org.codehaus.groovy.runtime.callsite.AbstractCallSite.call(AbstractCallSite.java:141)
	at Script1536300508609.run(Script1536300508609.groovy:24)
	at com.kms.katalon.core.main.ScriptEngine.run(ScriptEngine.java:183)
	at com.kms.katalon.core.main.ScriptEngine.runScriptAsRawText(ScriptEngine.java:108)
	at com.kms.katalon.core.main.TestCaseExecutor.runScript(TestCaseExecutor.java:294)
	at com.kms.katalon.core.main.TestCaseExecutor.doExecute(TestCaseExecutor.java:285)
	at com.kms.katalon.core.main.TestCaseExecutor.processExecutionPhase(TestCaseExecutor.java:264)
	at com.kms.katalon.core.main.TestCaseExecutor.accessMainPhase(TestCaseExecutor.java:256)
	at com.kms.katalon.core.main.TestCaseExecutor.execute(TestCaseExecutor.java:200)
	at com.kms.katalon.core.main.TestSuiteExecutor.accessTestCaseMainPhase(TestSuiteExecutor.java:129)
	at com.kms.katalon.core.main.TestSuiteExecutor.accessTestSuiteMainPhase(TestSuiteExecutor.java:112)
	at com.kms.katalon.core.main.TestSuiteExecutor.execute(TestSuiteExecutor.java:81)
	at com.kms.katalon.core.main.TestCaseMain.startTestSuite(TestCaseMain.java:142)
	at com.kms.katalon.core.main.TestCaseMain$startTestSuite$0.call(Unknown Source)
	at org.codehaus.groovy.runtime.callsite.CallSiteArray.defaultCall(CallSiteArray.java:48)
	at org.codehaus.groovy.runtime.callsite.AbstractCallSite.call(AbstractCallSite.java:113)
	at org.codehaus.groovy.runtime.callsite.AbstractCallSite.call(AbstractCallSite.java:141)
	at TempTestSuite1543076525606.run(TempTestSuite1543076525606.groovy:36)
	at groovy.lang.GroovyShell.runScriptOrMainOrTestOrRunnable(GroovyShell.java:263)
	at groovy.lang.GroovyShell.run(GroovyShell.java:518)
	at groovy.lang.GroovyShell.run(GroovyShell.java:507)
	at groovy.ui.GroovyMain.processOnce(GroovyMain.java:653)
	at groovy.ui.GroovyMain.run(GroovyMain.java:384)
	at groovy.ui.GroovyMain.process(GroovyMain.java:370)
	at groovy.ui.GroovyMain.processArgs(GroovyMain.java:129)
	at groovy.ui.GroovyMain.main(GroovyMain.java:109)
	at sun.reflect.NativeMethodAccessorImpl.invoke0(Native Method)
	at sun.reflect.NativeMethodAccessorImpl.invoke(NativeMethodAccessorImpl.java:62)
	at sun.reflect.DelegatingMethodAccessorImpl.invoke(DelegatingMethodAccessorImpl.java:43)
	at java.lang.reflect.Method.invoke(Method.java:498)
	at org.codehaus.groovy.tools.GroovyStarter.rootLoader(GroovyStarter.java:109)
	at org.codehaus.groovy.tools.GroovyStarter.main(GroovyStarter.java:131)
)"/>
         <system-out><![CDATA[2018-11-25 10:43:51 - [TEST_CASE][FAILED] - Test Cases/Final Aug 2018 - PKS Automation/Registration Module/Workflow/Request SSN/OTC - RIO - RO (Under enforcement): Test Cases/Final Aug 2018 - PKS Automation/Registration Module/Workflow/Request SSN/OTC - RIO - RO (Under enforcement) FAILED because (of) (Stack trace: com.kms.katalon.core.exception.StepFailedException: Unable to click on object 'Object Repository/Final Object Repo/Landing Page/Select to English' (Root cause: com.kms.katalon.core.webui.exception.WebElementNotFoundException: Web element with id: 'Object Repository/Final Object Repo/Landing Page/Select to English' located by 'By.xpath: //a[@class = 'taglib-language-list-text' and @lang = 'en-US' and (contains(text(), 'EN') or contains(., 'EN'))]' not found)
	at com.kms.katalon.core.keyword.internal.KeywordMain.stepFailed(KeywordMain.groovy:32)
	at com.kms.katalon.core.webui.keyword.internal.WebUIKeywordMain.stepFailed(WebUIKeywordMain.groovy:65)
	at com.kms.katalon.core.webui.keyword.internal.WebUIKeywordMain.runKeyword(WebUIKeywordMain.groovy:27)
	at com.kms.katalon.core.webui.keyword.builtin.ClickKeyword.click(ClickKeyword.groovy:86)
	at com.kms.katalon.core.webui.keyword.builtin.ClickKeyword.execute(ClickKeyword.groovy:67)
	at com.kms.katalon.core.keyword.internal.KeywordExecutor.executeKeywordForPlatform(KeywordExecutor.groovy:53)
	at com.kms.katalon.core.webui.keyword.WebUiBuiltInKeywords.click(WebUiBuiltInKeywords.groovy:604)
	at com.kms.katalon.core.webui.keyword.WebUiBuiltInKeywords$click$12.call(Unknown Source)
	at Script1534407542420.run(Script1534407542420.groovy:57)
	at com.kms.katalon.core.main.ScriptEngine.run(ScriptEngine.java:183)
	at com.kms.katalon.core.main.ScriptEngine.runScriptAsRawText(ScriptEngine.java:108)
	at com.kms.katalon.core.main.TestCaseExecutor.runScript(TestCaseExecutor.java:294)
	at com.kms.katalon.core.main.TestCaseExecutor.doExecute(TestCaseExecutor.java:285)
	at com.kms.katalon.core.main.TestCaseExecutor.processExecutionPhase(TestCaseExecutor.java:264)
	at com.kms.katalon.core.main.TestCaseExecutor.accessMainPhase(TestCaseExecutor.java:256)
	at com.kms.katalon.core.main.TestCaseExecutor.execute(TestCaseExecutor.java:200)
	at com.kms.katalon.core.main.TestCaseMain.runTestCase(TestCaseMain.java:99)
	at com.kms.katalon.core.keyword.builtin.CallTestCaseKeyword$_callTestCase_closure1.doCall(CallTestCaseKeyword.groovy:60)
	at com.kms.katalon.core.keyword.builtin.CallTestCaseKeyword$_callTestCase_closure1.call(CallTestCaseKeyword.groovy)
	at com.kms.katalon.core.keyword.internal.KeywordMain.runKeyword(KeywordMain.groovy:54)
	at com.kms.katalon.core.keyword.builtin.CallTestCaseKeyword.callTestCase(CallTestCaseKeyword.groovy:81)
	at com.kms.katalon.core.keyword.builtin.CallTestCaseKeyword.execute(CallTestCaseKeyword.groovy:45)
	at com.kms.katalon.core.keyword.internal.KeywordExecutor.executeKeywordForPlatform(KeywordExecutor.groovy:53)
	at com.kms.katalon.core.keyword.BuiltinKeywords.callTestCase(BuiltinKeywords.groovy:334)
	at sun.reflect.NativeMethodAccessorImpl.invoke0(Native Method)
	at sun.reflect.NativeMethodAccessorImpl.invoke(NativeMethodAccessorImpl.java:62)
	at sun.reflect.DelegatingMethodAccessorImpl.invoke(DelegatingMethodAccessorImpl.java:43)
	at java.lang.reflect.Method.invoke(Method.java:498)
	at org.codehaus.groovy.reflection.CachedMethod.invoke(CachedMethod.java:93)
	at groovy.lang.MetaMethod.doMethodInvoke(MetaMethod.java:325)
	at groovy.lang.MetaClassImpl.invokeStaticMethod(MetaClassImpl.java:1469)
	at org.codehaus.groovy.runtime.callsite.StaticMetaClassSite.call(StaticMetaClassSite.java:53)
	at org.codehaus.groovy.runtime.callsite.CallSiteArray.defaultCall(CallSiteArray.java:48)
	at org.codehaus.groovy.runtime.callsite.AbstractCallSite.call(AbstractCallSite.java:113)
	at org.codehaus.groovy.runtime.callsite.AbstractCallSite.call(AbstractCallSite.java:141)
	at Script1537866016330.run(Script1537866016330.groovy:33)
	at com.kms.katalon.core.main.ScriptEngine.run(ScriptEngine.java:183)
	at com.kms.katalon.core.main.ScriptEngine.runScriptAsRawText(ScriptEngine.java:108)
	at com.kms.katalon.core.main.TestCaseExecutor.runScript(TestCaseExecutor.java:294)
	at com.kms.katalon.core.main.TestCaseExecutor.doExecute(TestCaseExecutor.java:285)
	at com.kms.katalon.core.main.TestCaseExecutor.processExecutionPhase(TestCaseExecutor.java:264)
	at com.kms.katalon.core.main.TestCaseExecutor.accessMainPhase(TestCaseExecutor.java:256)
	at com.kms.katalon.core.main.TestCaseExecutor.execute(TestCaseExecutor.java:200)
	at com.kms.katalon.core.main.TestCaseMain.runTestCase(TestCaseMain.java:99)
	at com.kms.katalon.core.keyword.builtin.CallTestCaseKeyword$_callTestCase_closure1.doCall(CallTestCaseKeyword.groovy:60)
	at com.kms.katalon.core.keyword.builtin.CallTestCaseKeyword$_callTestCase_closure1.call(CallTestCaseKeyword.groovy)
	at com.kms.katalon.core.keyword.internal.KeywordMain.runKeyword(KeywordMain.groovy:54)
	at com.kms.katalon.core.keyword.builtin.CallTestCaseKeyword.callTestCase(CallTestCaseKeyword.groovy:81)
	at com.kms.katalon.core.keyword.builtin.CallTestCaseKeyword.execute(CallTestCaseKeyword.groovy:45)
	at com.kms.katalon.core.keyword.internal.KeywordExecutor.executeKeywordForPlatform(KeywordExecutor.groovy:53)
	at com.kms.katalon.core.keyword.BuiltinKeywords.callTestCase(BuiltinKeywords.groovy:334)
	at sun.reflect.NativeMethodAccessorImpl.invoke0(Native Method)
	at sun.reflect.NativeMethodAccessorImpl.invoke(NativeMethodAccessorImpl.java:62)
	at sun.reflect.DelegatingMethodAccessorImpl.invoke(DelegatingMethodAccessorImpl.java:43)
	at java.lang.reflect.Method.invoke(Method.java:498)
	at org.codehaus.groovy.reflection.CachedMethod.invoke(CachedMethod.java:93)
	at groovy.lang.MetaMethod.doMethodInvoke(MetaMethod.java:325)
	at groovy.lang.MetaClassImpl.invokeStaticMethod(MetaClassImpl.java:1469)
	at org.codehaus.groovy.runtime.callsite.StaticMetaClassSite.call(StaticMetaClassSite.java:53)
	at org.codehaus.groovy.runtime.callsite.CallSiteArray.defaultCall(CallSiteArray.java:48)
	at org.codehaus.groovy.runtime.callsite.AbstractCallSite.call(AbstractCallSite.java:113)
	at org.codehaus.groovy.runtime.callsite.AbstractCallSite.call(AbstractCallSite.java:141)
	at Script1536300508609.run(Script1536300508609.groovy:24)
	at com.kms.katalon.core.main.ScriptEngine.run(ScriptEngine.java:183)
	at com.kms.katalon.core.main.ScriptEngine.runScriptAsRawText(ScriptEngine.java:108)
	at com.kms.katalon.core.main.TestCaseExecutor.runScript(TestCaseExecutor.java:294)
	at com.kms.katalon.core.main.TestCaseExecutor.doExecute(TestCaseExecutor.java:285)
	at com.kms.katalon.core.main.TestCaseExecutor.processExecutionPhase(TestCaseExecutor.java:264)
	at com.kms.katalon.core.main.TestCaseExecutor.accessMainPhase(TestCaseExecutor.java:256)
	at com.kms.katalon.core.main.TestCaseExecutor.execute(TestCaseExecutor.java:200)
	at com.kms.katalon.core.main.TestSuiteExecutor.accessTestCaseMainPhase(TestSuiteExecutor.java:129)
	at com.kms.katalon.core.main.TestSuiteExecutor.accessTestSuiteMainPhase(TestSuiteExecutor.java:112)
	at com.kms.katalon.core.main.TestSuiteExecutor.execute(TestSuiteExecutor.java:81)
	at com.kms.katalon.core.main.TestCaseMain.startTestSuite(TestCaseMain.java:142)
	at com.kms.katalon.core.main.TestCaseMain$startTestSuite$0.call(Unknown Source)
	at org.codehaus.groovy.runtime.callsite.CallSiteArray.defaultCall(CallSiteArray.java:48)
	at org.codehaus.groovy.runtime.callsite.AbstractCallSite.call(AbstractCallSite.java:113)
	at org.codehaus.groovy.runtime.callsite.AbstractCallSite.call(AbstractCallSite.java:141)
	at TempTestSuite1543076525606.run(TempTestSuite1543076525606.groovy:36)
	at groovy.lang.GroovyShell.runScriptOrMainOrTestOrRunnable(GroovyShell.java:263)
	at groovy.lang.GroovyShell.run(GroovyShell.java:518)
	at groovy.lang.GroovyShell.run(GroovyShell.java:507)
	at groovy.ui.GroovyMain.processOnce(GroovyMain.java:653)
	at groovy.ui.GroovyMain.run(GroovyMain.java:384)
	at groovy.ui.GroovyMain.process(GroovyMain.java:370)
	at groovy.ui.GroovyMain.processArgs(GroovyMain.java:129)
	at groovy.ui.GroovyMain.main(GroovyMain.java:109)
	at sun.reflect.NativeMethodAccessorImpl.invoke0(Native Method)
	at sun.reflect.NativeMethodAccessorImpl.invoke(NativeMethodAccessorImpl.java:62)
	at sun.reflect.DelegatingMethodAccessorImpl.invoke(DelegatingMethodAccessorImpl.java:43)
	at java.lang.reflect.Method.invoke(Method.java:498)
	at org.codehaus.groovy.tools.GroovyStarter.rootLoader(GroovyStarter.java:109)
	at org.codehaus.groovy.tools.GroovyStarter.main(GroovyStarter.java:131)
)

2018-11-25 10:43:52 - [TEST_STEP][PASSED] - callTestCase: Call Test Case 'Test Cases/Final Aug 2018 - PKS Automation/Registration Module/Workflow/Request SSN/Template/Request SSN - OTC' successfully

2018-11-25 10:43:52 - [TEST_CASE][PASSED] - Test Cases/Final Aug 2018 - PKS Automation/Registration Module/Workflow/Request SSN/Template/Request SSN - OTC: Test Cases/Final Aug 2018 - PKS Automation/Registration Module/Workflow/Request SSN/Template/Request SSN - OTC

2018-11-25 10:43:52 - [TEST_STEP][PASSED] - openBrowser: Browser is opened with url: ''

2018-11-25 10:43:52 - [MESSAGE][WARNING] - A browser is already opened. Closing browser and opening a new one

2018-11-25 10:43:55 - [MESSAGE][PASSED] - Browser is opened with url: ''

2018-11-25 10:43:55 - [TEST_STEP][PASSED] - navigateToUrl: Navigate to 'https://assist2-uat.perkeso.gov.my/login' successfully

2018-11-25 10:43:56 - [MESSAGE][PASSED] - Navigate to 'https://assist2-uat.perkeso.gov.my/login' successfully

2018-11-25 10:43:56 - [TEST_STEP][PASSED] - setText: Text 'johorotc1@gmail.com' is set on object 'Object Repository/Final Object Repo/Login Page/Internal User/Email Address'

2018-11-25 10:43:57 - [MESSAGE][PASSED] - Text 'johorotc1@gmail.com' is set on object 'Object Repository/Final Object Repo/Login Page/Internal User/Email Address'

2018-11-25 10:43:57 - [TEST_STEP][PASSED] - click: Object: 'Object Repository/Final Object Repo/Login Page/Internal User/Next Button' is clicked on

2018-11-25 10:43:57 - [MESSAGE][PASSED] - Object: 'Object Repository/Final Object Repo/Login Page/Internal User/Next Button' is clicked on

2018-11-25 10:43:57 - [TEST_STEP][PASSED] - delay: Delayed 1 second(s)

2018-11-25 10:43:58 - [MESSAGE][PASSED] - Delayed 1 second(s)

2018-11-25 10:43:58 - [TEST_STEP][PASSED] - setEncryptedText: Text ****** has been set on object 'Object Repository/Final Object Repo/Login Page/Internal User/Password'

2018-11-25 10:43:58 - [MESSAGE][PASSED] - Text ****** has been set on object 'Object Repository/Final Object Repo/Login Page/Internal User/Password'

2018-11-25 10:43:58 - [TEST_STEP][PASSED] - click: Object: 'Object Repository/Final Object Repo/Login Page/Internal User/Login Button' is clicked on

2018-11-25 10:43:58 - [MESSAGE][PASSED] - Object: 'Object Repository/Final Object Repo/Login Page/Internal User/Login Button' is clicked on

2018-11-25 10:43:58 - [TEST_STEP][PASSED] - delay: Delayed 1 second(s)

2018-11-25 10:43:59 - [MESSAGE][PASSED] - Delayed 1 second(s)

2018-11-25 10:43:59 - [TEST_STEP][PASSED] - navigateToUrl: Navigate to 'https://assist2-uat.perkeso.gov.my/web/registration/request-ssn' successfully

2018-11-25 10:44:04 - [MESSAGE][PASSED] - Navigate to 'https://assist2-uat.perkeso.gov.my/web/registration/request-ssn' successfully

2018-11-25 10:44:04 - [TEST_STEP][PASSED] - setText: Text 'perkeso' is set on object 'Object Repository/Final Object Repo/Page_Request SSN - ASSIST/AI - Name'

2018-11-25 10:44:05 - [MESSAGE][PASSED] - Text 'perkeso' is set on object 'Object Repository/Final Object Repo/Page_Request SSN - ASSIST/AI - Name'

2018-11-25 10:44:05 - [TEST_STEP][PASSED] - click: Object: 'Object Repository/Final Object Repo/Page_Request SSN - ASSIST/AI - DOB' is clicked on

2018-11-25 10:44:05 - [MESSAGE][PASSED] - Object: 'Object Repository/Final Object Repo/Page_Request SSN - ASSIST/AI - DOB' is clicked on

2018-11-25 10:44:05 - [TEST_STEP][PASSED] - selectOptionByValue: All options with value '1995' are selected in object 'Object Repository/Final Object Repo/Page_Request SSN - ASSIST/AI - DOB - Year' 

2018-11-25 10:44:06 - [MESSAGE][PASSED] - All options with value '1995' are selected in object 'Object Repository/Final Object Repo/Page_Request SSN - ASSIST/AI - DOB - Year' 

2018-11-25 10:44:06 - [TEST_STEP][PASSED] - delay: Delayed 3 second(s)

2018-11-25 10:44:09 - [MESSAGE][PASSED] - Delayed 3 second(s)

2018-11-25 10:44:09 - [TEST_STEP][PASSED] - doubleClick: Object: 'Object Repository/Final Object Repo/Page_Request SSN - ASSIST/AI - DOB - Year - Date' is double clicked on

2018-11-25 10:44:09 - [MESSAGE][PASSED] - Object: 'Object Repository/Final Object Repo/Page_Request SSN - ASSIST/AI - DOB - Year - Date' is double clicked on

2018-11-25 10:44:09 - [TEST_STEP][PASSED] - click: Object: 'Object Repository/Final Object Repo/Page_Request SSN - ASSIST/AI - Male' is clicked on

2018-11-25 10:44:09 - [MESSAGE][PASSED] - Object: 'Object Repository/Final Object Repo/Page_Request SSN - ASSIST/AI - Male' is clicked on

2018-11-25 10:44:09 - [TEST_STEP][PASSED] - click: Object: 'Object Repository/Final Object Repo/Page_Request SSN - ASSIST/AI- Race' is clicked on

2018-11-25 10:44:09 - [MESSAGE][PASSED] - Object: 'Object Repository/Final Object Repo/Page_Request SSN - ASSIST/AI- Race' is clicked on

2018-11-25 10:44:09 - [TEST_STEP][PASSED] - click: Object: 'Object Repository/Final Object Repo/Page_Request SSN - ASSIST/AI - Race - Melayu' is clicked on

2018-11-25 10:44:10 - [MESSAGE][PASSED] - Object: 'Object Repository/Final Object Repo/Page_Request SSN - ASSIST/AI - Race - Melayu' is clicked on

2018-11-25 10:44:10 - [TEST_STEP][PASSED] - click: Object: 'Object Repository/Final Object Repo/Page_Request SSN - ASSIST/AI - Religion' is clicked on

2018-11-25 10:44:10 - [MESSAGE][PASSED] - Object: 'Object Repository/Final Object Repo/Page_Request SSN - ASSIST/AI - Religion' is clicked on

2018-11-25 10:44:10 - [TEST_STEP][PASSED] - click: Object: 'Object Repository/Final Object Repo/Page_Request SSN - ASSIST/AI - Religion - Islam' is clicked on

2018-11-25 10:44:10 - [MESSAGE][PASSED] - Object: 'Object Repository/Final Object Repo/Page_Request SSN - ASSIST/AI - Religion - Islam' is clicked on

2018-11-25 10:44:10 - [TEST_STEP][PASSED] - setText: Text '12345' is set on object 'Object Repository/Final Object Repo/Page_Request SSN - ASSIST/AI - Birth Certificate'

2018-11-25 10:44:11 - [MESSAGE][PASSED] - Text '12345' is set on object 'Object Repository/Final Object Repo/Page_Request SSN - ASSIST/AI - Birth Certificate'

2018-11-25 10:44:11 - [TEST_STEP][PASSED] - click: Object: 'Object Repository/Final Object Repo/Page_Request SSN - ASSIST/AI - Nationality' is clicked on

2018-11-25 10:44:11 - [MESSAGE][PASSED] - Object: 'Object Repository/Final Object Repo/Page_Request SSN - ASSIST/AI - Nationality' is clicked on

2018-11-25 10:44:11 - [TEST_STEP][PASSED] - click: Object: 'Object Repository/Final Object Repo/Page_Request SSN - ASSIST/AI - Nationality - Afghanistan' is clicked on

2018-11-25 10:44:11 - [MESSAGE][PASSED] - Object: 'Object Repository/Final Object Repo/Page_Request SSN - ASSIST/AI - Nationality - Afghanistan' is clicked on

2018-11-25 10:44:11 - [TEST_STEP][PASSED] - setText: Text 'PERKESO ADDRESS1' is set on object 'Object Repository/Final Object Repo/Page_Request SSN - ASSIST/AI - Address1'

2018-11-25 10:44:12 - [MESSAGE][PASSED] - Text 'PERKESO ADDRESS1' is set on object 'Object Repository/Final Object Repo/Page_Request SSN - ASSIST/AI - Address1'

2018-11-25 10:44:12 - [TEST_STEP][PASSED] - setText: Text 'PERKESO ADDRESS2' is set on object 'Object Repository/Final Object Repo/Page_Request SSN - ASSIST/AI - Address2'

2018-11-25 10:44:14 - [MESSAGE][PASSED] - Text 'PERKESO ADDRESS2' is set on object 'Object Repository/Final Object Repo/Page_Request SSN - ASSIST/AI - Address2'

2018-11-25 10:44:14 - [TEST_STEP][PASSED] - setText: Text 'PERKESO ADDRESS3' is set on object 'Object Repository/Final Object Repo/Page_Request SSN - ASSIST/AI - Address3'

2018-11-25 10:44:15 - [MESSAGE][PASSED] - Text 'PERKESO ADDRESS3' is set on object 'Object Repository/Final Object Repo/Page_Request SSN - ASSIST/AI - Address3'

2018-11-25 10:44:15 - [TEST_STEP][PASSED] - click: Object: 'Object Repository/Final Object Repo/Page_Request SSN - ASSIST/AI - State' is clicked on

2018-11-25 10:44:15 - [MESSAGE][PASSED] - Object: 'Object Repository/Final Object Repo/Page_Request SSN - ASSIST/AI - State' is clicked on

2018-11-25 10:44:15 - [TEST_STEP][PASSED] - click: Object: 'Object Repository/Final Object Repo/Page_Request SSN - ASSIST/AI - Current Employer State - Johor' is clicked on

2018-11-25 10:44:16 - [MESSAGE][PASSED] - Object: 'Object Repository/Final Object Repo/Page_Request SSN - ASSIST/AI - Current Employer State - Johor' is clicked on

2018-11-25 10:44:16 - [TEST_STEP][PASSED] - click: Object: 'Object Repository/Final Object Repo/Page_Request SSN - ASSIST/AI - City' is clicked on

2018-11-25 10:44:16 - [MESSAGE][PASSED] - Object: 'Object Repository/Final Object Repo/Page_Request SSN - ASSIST/AI - City' is clicked on

2018-11-25 10:44:16 - [TEST_STEP][PASSED] - setText: Text 'JOH' is set on object 'Object Repository/Final Object Repo/Page_Request SSN - ASSIST/AI - City - JOH'

2018-11-25 10:44:16 - [MESSAGE][PASSED] - Text 'JOH' is set on object 'Object Repository/Final Object Repo/Page_Request SSN - ASSIST/AI - City - JOH'

2018-11-25 10:44:16 - [TEST_STEP][PASSED] - delay: Delayed 3 second(s)

2018-11-25 10:44:19 - [MESSAGE][PASSED] - Delayed 3 second(s)

2018-11-25 10:44:19 - [TEST_STEP][PASSED] - click: Object: 'Object Repository/Final Object Repo/Page_Request SSN - ASSIST/AI - City - Johor Bharu' is clicked on

2018-11-25 10:44:19 - [MESSAGE][PASSED] - Object: 'Object Repository/Final Object Repo/Page_Request SSN - ASSIST/AI - City - Johor Bharu' is clicked on

2018-11-25 10:44:19 - [TEST_STEP][PASSED] - click: Object: 'Object Repository/Final Object Repo/Page_Request SSN - ASSIST/AI - Post Code' is clicked on

2018-11-25 10:44:20 - [MESSAGE][PASSED] - Object: 'Object Repository/Final Object Repo/Page_Request SSN - ASSIST/AI - Post Code' is clicked on

2018-11-25 10:44:20 - [TEST_STEP][PASSED] - setText: Text '810' is set on object 'Object Repository/Final Object Repo/Page_Request SSN - ASSIST/AI - City - JOH'

2018-11-25 10:44:20 - [MESSAGE][PASSED] - Text '810' is set on object 'Object Repository/Final Object Repo/Page_Request SSN - ASSIST/AI - City - JOH'

2018-11-25 10:44:20 - [TEST_STEP][PASSED] - delay: Delayed 3 second(s)

2018-11-25 10:44:23 - [MESSAGE][PASSED] - Delayed 3 second(s)

2018-11-25 10:44:23 - [TEST_STEP][PASSED] - click: Object: 'Object Repository/Final Object Repo/Page_Request SSN - ASSIST/AI - PostCode - 81000' is clicked on

2018-11-25 10:44:24 - [MESSAGE][PASSED] - Object: 'Object Repository/Final Object Repo/Page_Request SSN - ASSIST/AI - PostCode - 81000' is clicked on

2018-11-25 10:44:24 - [TEST_STEP][PASSED] - setText: Text '100' is set on object 'Object Repository/Final Object Repo/Page_Request SSN - ASSIST/P.O.BOX'

2018-11-25 10:44:24 - [MESSAGE][PASSED] - Text '100' is set on object 'Object Repository/Final Object Repo/Page_Request SSN - ASSIST/P.O.BOX'

2018-11-25 10:44:24 - [TEST_STEP][PASSED] - setText: Text '100' is set on object 'Object Repository/Final Object Repo/Page_Request SSN - ASSIST/Locked Bag No'

2018-11-25 10:44:24 - [MESSAGE][PASSED] - Text '100' is set on object 'Object Repository/Final Object Repo/Page_Request SSN - ASSIST/Locked Bag No'

2018-11-25 10:44:24 - [TEST_STEP][PASSED] - delay: Delayed 2 second(s)

2018-11-25 10:44:26 - [MESSAGE][PASSED] - Delayed 2 second(s)

2018-11-25 10:44:26 - [TEST_STEP][PASSED] - setText: Text '123456789' is set on object 'Object Repository/Final Object Repo/Page_Request SSN - ASSIST/AI - Telephone No'

2018-11-25 10:44:27 - [MESSAGE][PASSED] - Text '123456789' is set on object 'Object Repository/Final Object Repo/Page_Request SSN - ASSIST/AI - Telephone No'

2018-11-25 10:44:27 - [TEST_STEP][PASSED] - click: Object: 'Object Repository/Final Object Repo/Page_Request SSN - ASSIST/AI - Occupation' is clicked on

2018-11-25 10:44:27 - [MESSAGE][PASSED] - Object: 'Object Repository/Final Object Repo/Page_Request SSN - ASSIST/AI - Occupation' is clicked on

2018-11-25 10:44:27 - [TEST_STEP][PASSED] - click: Object: 'Object Repository/Final Object Repo/Page_Request SSN - ASSIST/AI - Occupation - NUMERICAL AND MATERIAL R' is clicked on

2018-11-25 10:44:28 - [MESSAGE][PASSED] - Object: 'Object Repository/Final Object Repo/Page_Request SSN - ASSIST/AI - Occupation - NUMERICAL AND MATERIAL R' is clicked on

2018-11-25 10:44:28 - [TEST_STEP][PASSED] - delay: Delayed 2 second(s)

2018-11-25 10:44:30 - [MESSAGE][PASSED] - Delayed 2 second(s)

2018-11-25 10:44:30 - [TEST_STEP][PASSED] - click: Object: 'Object Repository/Final Object Repo/Page_Request SSN - ASSIST/AI - Sub Occupation' is clicked on

2018-11-25 10:44:30 - [MESSAGE][PASSED] - Object: 'Object Repository/Final Object Repo/Page_Request SSN - ASSIST/AI - Sub Occupation' is clicked on

2018-11-25 10:44:30 - [TEST_STEP][PASSED] - click: Object: 'Object Repository/Final Object Repo/Page_Request SSN - ASSIST/AI - Sub Occupation - Stock Clerks' is clicked on

2018-11-25 10:44:30 - [MESSAGE][PASSED] - Object: 'Object Repository/Final Object Repo/Page_Request SSN - ASSIST/AI - Sub Occupation - Stock Clerks' is clicked on

2018-11-25 10:44:30 - [TEST_STEP][PASSED] - delay: Delayed 2 second(s)

2018-11-25 10:44:32 - [MESSAGE][PASSED] - Delayed 2 second(s)

2018-11-25 10:44:32 - [TEST_STEP][PASSED] - click: Object: 'Object Repository/Final Object Repo/Page_Request SSN - ASSIST/AI - Sub Occupation List' is clicked on

2018-11-25 10:44:32 - [MESSAGE][PASSED] - Object: 'Object Repository/Final Object Repo/Page_Request SSN - ASSIST/AI - Sub Occupation List' is clicked on

2018-11-25 10:44:32 - [TEST_STEP][PASSED] - click: Object: 'Object Repository/Final Object Repo/Page_Request SSN - ASSIST/AI - Sub Occupation List - Clerk raw material' is clicked on

2018-11-25 10:44:33 - [MESSAGE][PASSED] - Object: 'Object Repository/Final Object Repo/Page_Request SSN - ASSIST/AI - Sub Occupation List - Clerk raw material' is clicked on

2018-11-25 10:44:33 - [TEST_STEP][PASSED] - click: Object: 'Object Repository/Final Object Repo/Page_Request SSN - ASSIST/AI - Employment Start Date' is clicked on

2018-11-25 10:44:33 - [MESSAGE][PASSED] - Object: 'Object Repository/Final Object Repo/Page_Request SSN - ASSIST/AI - Employment Start Date' is clicked on

2018-11-25 10:44:33 - [TEST_STEP][PASSED] - click: Object: 'Object Repository/Final Object Repo/Page_Request SSN - ASSIST/AI - DOB - Year - Date' is clicked on

2018-11-25 10:44:33 - [MESSAGE][PASSED] - Object: 'Object Repository/Final Object Repo/Page_Request SSN - ASSIST/AI - DOB - Year - Date' is clicked on

2018-11-25 10:44:33 - [TEST_STEP][PASSED] - setText: Text 'perkeso' is set on object 'Object Repository/Final Object Repo/Page_Request SSN - ASSIST/AI - Current Employer Name'

2018-11-25 10:44:34 - [MESSAGE][PASSED] - Text 'perkeso' is set on object 'Object Repository/Final Object Repo/Page_Request SSN - ASSIST/AI - Current Employer Name'

2018-11-25 10:44:34 - [TEST_STEP][PASSED] - setText: Text 'perkeso1' is set on object 'Object Repository/Final Object Repo/Page_Request SSN - ASSIST/AI - Current Employer Address1'

2018-11-25 10:44:35 - [MESSAGE][PASSED] - Text 'perkeso1' is set on object 'Object Repository/Final Object Repo/Page_Request SSN - ASSIST/AI - Current Employer Address1'

2018-11-25 10:44:35 - [TEST_STEP][PASSED] - setText: Text 'perkeso2' is set on object 'Object Repository/Final Object Repo/Page_Request SSN - ASSIST/AI - Current Employer Address2'

2018-11-25 10:44:35 - [MESSAGE][PASSED] - Text 'perkeso2' is set on object 'Object Repository/Final Object Repo/Page_Request SSN - ASSIST/AI - Current Employer Address2'

2018-11-25 10:44:35 - [TEST_STEP][PASSED] - setText: Text 'perkeso3' is set on object 'Object Repository/Final Object Repo/Page_Request SSN - ASSIST/AI - Current Employer Address3'

2018-11-25 10:44:36 - [MESSAGE][PASSED] - Text 'perkeso3' is set on object 'Object Repository/Final Object Repo/Page_Request SSN - ASSIST/AI - Current Employer Address3'

2018-11-25 10:44:36 - [TEST_STEP][PASSED] - click: Object: 'Object Repository/Final Object Repo/Page_Request SSN - ASSIST/AI - Current Employer State' is clicked on

2018-11-25 10:44:36 - [MESSAGE][PASSED] - Object: 'Object Repository/Final Object Repo/Page_Request SSN - ASSIST/AI - Current Employer State' is clicked on

2018-11-25 10:44:36 - [TEST_STEP][PASSED] - click: Object: 'Object Repository/Final Object Repo/Page_Request SSN - ASSIST/AI - Current Employer State - Johor 1' is clicked on

2018-11-25 10:44:37 - [MESSAGE][PASSED] - Object: 'Object Repository/Final Object Repo/Page_Request SSN - ASSIST/AI - Current Employer State - Johor 1' is clicked on

2018-11-25 10:44:37 - [TEST_STEP][PASSED] - click: Object: 'Object Repository/Final Object Repo/Page_Request SSN - ASSIST/AI - Current Employer City' is clicked on

2018-11-25 10:44:37 - [MESSAGE][PASSED] - Object: 'Object Repository/Final Object Repo/Page_Request SSN - ASSIST/AI - Current Employer City' is clicked on

2018-11-25 10:44:37 - [TEST_STEP][PASSED] - setText: Text 'joh' is set on object 'Object Repository/Final Object Repo/Page_Request SSN - ASSIST/AI - City - JOH'

2018-11-25 10:44:37 - [MESSAGE][PASSED] - Text 'joh' is set on object 'Object Repository/Final Object Repo/Page_Request SSN - ASSIST/AI - City - JOH'

2018-11-25 10:44:37 - [TEST_STEP][PASSED] - delay: Delayed 2 second(s)

2018-11-25 10:44:39 - [MESSAGE][PASSED] - Delayed 2 second(s)

2018-11-25 10:44:39 - [TEST_STEP][PASSED] - click: Object: 'Object Repository/Final Object Repo/Page_Request SSN - ASSIST/AI - City - Johor Bharu' is clicked on

2018-11-25 10:44:39 - [MESSAGE][PASSED] - Object: 'Object Repository/Final Object Repo/Page_Request SSN - ASSIST/AI - City - Johor Bharu' is clicked on

2018-11-25 10:44:39 - [TEST_STEP][PASSED] - click: Object: 'Object Repository/Final Object Repo/Page_Request SSN - ASSIST/AI - Current Employer Postcode' is clicked on

2018-11-25 10:44:40 - [MESSAGE][PASSED] - Object: 'Object Repository/Final Object Repo/Page_Request SSN - ASSIST/AI - Current Employer Postcode' is clicked on

2018-11-25 10:44:40 - [TEST_STEP][PASSED] - setText: Text '810' is set on object 'Object Repository/Final Object Repo/Page_Request SSN - ASSIST/AI - City - JOH'

2018-11-25 10:44:40 - [MESSAGE][PASSED] - Text '810' is set on object 'Object Repository/Final Object Repo/Page_Request SSN - ASSIST/AI - City - JOH'

2018-11-25 10:44:40 - [TEST_STEP][PASSED] - delay: Delayed 2 second(s)

2018-11-25 10:44:42 - [MESSAGE][PASSED] - Delayed 2 second(s)

2018-11-25 10:44:42 - [TEST_STEP][PASSED] - click: Object: 'Object Repository/Final Object Repo/Page_Request SSN - ASSIST/AI - PostCode - 81000' is clicked on

2018-11-25 10:44:43 - [MESSAGE][PASSED] - Object: 'Object Repository/Final Object Repo/Page_Request SSN - ASSIST/AI - PostCode - 81000' is clicked on

2018-11-25 10:44:43 - [TEST_STEP][NOT_RUN] - setText: NOT_RUN: setText

2018-11-25 10:44:43 - [MESSAGE][NOT_RUN] - NOT_RUN: setText

2018-11-25 10:44:43 - [TEST_STEP][NOT_RUN] - setText: NOT_RUN: setText

2018-11-25 10:44:43 - [MESSAGE][NOT_RUN] - NOT_RUN: setText

2018-11-25 10:44:43 - [TEST_STEP][NOT_RUN] - click: NOT_RUN: click

2018-11-25 10:44:43 - [MESSAGE][NOT_RUN] - NOT_RUN: click

2018-11-25 10:44:43 - [TEST_STEP][NOT_RUN] - click: NOT_RUN: click

2018-11-25 10:44:43 - [MESSAGE][NOT_RUN] - NOT_RUN: click

2018-11-25 10:44:43 - [TEST_STEP][NOT_RUN] - setText: NOT_RUN: setText

2018-11-25 10:44:43 - [MESSAGE][NOT_RUN] - NOT_RUN: setText

2018-11-25 10:44:43 - [TEST_STEP][NOT_RUN] - click: NOT_RUN: click

2018-11-25 10:44:43 - [MESSAGE][NOT_RUN] - NOT_RUN: click

2018-11-25 10:44:43 - [TEST_STEP][NOT_RUN] - click: NOT_RUN: click

2018-11-25 10:44:43 - [MESSAGE][NOT_RUN] - NOT_RUN: click

2018-11-25 10:44:43 - [TEST_STEP][NOT_RUN] - click: NOT_RUN: click

2018-11-25 10:44:43 - [MESSAGE][NOT_RUN] - NOT_RUN: click

2018-11-25 10:44:43 - [TEST_STEP][NOT_RUN] - click: NOT_RUN: click

2018-11-25 10:44:43 - [MESSAGE][NOT_RUN] - NOT_RUN: click

2018-11-25 10:44:43 - [TEST_STEP][NOT_RUN] - click: NOT_RUN: click

2018-11-25 10:44:43 - [MESSAGE][NOT_RUN] - NOT_RUN: click

2018-11-25 10:44:43 - [TEST_STEP][NOT_RUN] - click: NOT_RUN: click

2018-11-25 10:44:43 - [MESSAGE][NOT_RUN] - NOT_RUN: click

2018-11-25 10:44:43 - [TEST_STEP][NOT_RUN] - setText: NOT_RUN: setText

2018-11-25 10:44:43 - [MESSAGE][NOT_RUN] - NOT_RUN: setText

2018-11-25 10:44:43 - [TEST_STEP][NOT_RUN] - setText: NOT_RUN: setText

2018-11-25 10:44:43 - [MESSAGE][NOT_RUN] - NOT_RUN: setText

2018-11-25 10:44:43 - [TEST_STEP][NOT_RUN] - setText: NOT_RUN: setText

2018-11-25 10:44:43 - [MESSAGE][NOT_RUN] - NOT_RUN: setText

2018-11-25 10:44:43 - [TEST_STEP][NOT_RUN] - click: NOT_RUN: click

2018-11-25 10:44:43 - [MESSAGE][NOT_RUN] - NOT_RUN: click

2018-11-25 10:44:43 - [TEST_STEP][NOT_RUN] - click: NOT_RUN: click

2018-11-25 10:44:43 - [MESSAGE][NOT_RUN] - NOT_RUN: click

2018-11-25 10:44:43 - [TEST_STEP][NOT_RUN] - click: NOT_RUN: click

2018-11-25 10:44:43 - [MESSAGE][NOT_RUN] - NOT_RUN: click

2018-11-25 10:44:43 - [TEST_STEP][NOT_RUN] - setText: NOT_RUN: setText

2018-11-25 10:44:43 - [MESSAGE][NOT_RUN] - NOT_RUN: setText

2018-11-25 10:44:43 - [TEST_STEP][NOT_RUN] - delay: NOT_RUN: delay

2018-11-25 10:44:43 - [MESSAGE][NOT_RUN] - NOT_RUN: delay

2018-11-25 10:44:43 - [TEST_STEP][NOT_RUN] - click: NOT_RUN: click

2018-11-25 10:44:43 - [MESSAGE][NOT_RUN] - NOT_RUN: click

2018-11-25 10:44:43 - [TEST_STEP][NOT_RUN] - click: NOT_RUN: click

2018-11-25 10:44:43 - [MESSAGE][NOT_RUN] - NOT_RUN: click

2018-11-25 10:44:43 - [TEST_STEP][NOT_RUN] - click: NOT_RUN: click

2018-11-25 10:44:43 - [MESSAGE][NOT_RUN] - NOT_RUN: click

2018-11-25 10:44:43 - [TEST_STEP][NOT_RUN] - setText: NOT_RUN: setText

2018-11-25 10:44:43 - [MESSAGE][NOT_RUN] - NOT_RUN: setText

2018-11-25 10:44:43 - [TEST_STEP][NOT_RUN] - delay: NOT_RUN: delay

2018-11-25 10:44:43 - [MESSAGE][NOT_RUN] - NOT_RUN: delay

2018-11-25 10:44:43 - [TEST_STEP][NOT_RUN] - click: NOT_RUN: click

2018-11-25 10:44:43 - [MESSAGE][NOT_RUN] - NOT_RUN: click

2018-11-25 10:44:43 - [TEST_STEP][NOT_RUN] - delay: NOT_RUN: delay

2018-11-25 10:44:43 - [MESSAGE][NOT_RUN] - NOT_RUN: delay

2018-11-25 10:44:43 - [TEST_STEP][NOT_RUN] - setText: NOT_RUN: setText

2018-11-25 10:44:43 - [MESSAGE][NOT_RUN] - NOT_RUN: setText

2018-11-25 10:44:43 - [TEST_STEP][NOT_RUN] - setText: NOT_RUN: setText

2018-11-25 10:44:43 - [MESSAGE][NOT_RUN] - NOT_RUN: setText

2018-11-25 10:44:43 - [TEST_STEP][NOT_RUN] - setText: NOT_RUN: setText

2018-11-25 10:44:43 - [MESSAGE][NOT_RUN] - NOT_RUN: setText

2018-11-25 10:44:43 - [TEST_STEP][NOT_RUN] - click: NOT_RUN: click

2018-11-25 10:44:43 - [MESSAGE][NOT_RUN] - NOT_RUN: click

2018-11-25 10:44:43 - [TEST_STEP][NOT_RUN] - click: NOT_RUN: click

2018-11-25 10:44:43 - [MESSAGE][NOT_RUN] - NOT_RUN: click

2018-11-25 10:44:43 - [TEST_STEP][NOT_RUN] - setText: NOT_RUN: setText

2018-11-25 10:44:43 - [MESSAGE][NOT_RUN] - NOT_RUN: setText

2018-11-25 10:44:43 - [TEST_STEP][NOT_RUN] - click: NOT_RUN: click

2018-11-25 10:44:43 - [MESSAGE][NOT_RUN] - NOT_RUN: click

2018-11-25 10:44:43 - [TEST_STEP][NOT_RUN] - click: NOT_RUN: click

2018-11-25 10:44:43 - [MESSAGE][NOT_RUN] - NOT_RUN: click

2018-11-25 10:44:43 - [TEST_STEP][NOT_RUN] - click: NOT_RUN: click

2018-11-25 10:44:43 - [MESSAGE][NOT_RUN] - NOT_RUN: click

2018-11-25 10:44:43 - [TEST_STEP][NOT_RUN] - click: NOT_RUN: click

2018-11-25 10:44:43 - [MESSAGE][NOT_RUN] - NOT_RUN: click

2018-11-25 10:44:43 - [TEST_STEP][NOT_RUN] - click: NOT_RUN: click

2018-11-25 10:44:43 - [MESSAGE][NOT_RUN] - NOT_RUN: click

2018-11-25 10:44:43 - [TEST_STEP][NOT_RUN] - click: NOT_RUN: click

2018-11-25 10:44:43 - [MESSAGE][NOT_RUN] - NOT_RUN: click

2018-11-25 10:44:43 - [TEST_STEP][NOT_RUN] - setText: NOT_RUN: setText

2018-11-25 10:44:43 - [MESSAGE][NOT_RUN] - NOT_RUN: setText

2018-11-25 10:44:43 - [TEST_STEP][NOT_RUN] - setText: NOT_RUN: setText

2018-11-25 10:44:43 - [MESSAGE][NOT_RUN] - NOT_RUN: setText

2018-11-25 10:44:43 - [TEST_STEP][NOT_RUN] - setText: NOT_RUN: setText

2018-11-25 10:44:43 - [MESSAGE][NOT_RUN] - NOT_RUN: setText

2018-11-25 10:44:43 - [TEST_STEP][NOT_RUN] - click: NOT_RUN: click

2018-11-25 10:44:43 - [MESSAGE][NOT_RUN] - NOT_RUN: click

2018-11-25 10:44:43 - [TEST_STEP][NOT_RUN] - click: NOT_RUN: click

2018-11-25 10:44:43 - [MESSAGE][NOT_RUN] - NOT_RUN: click

2018-11-25 10:44:43 - [TEST_STEP][NOT_RUN] - click: NOT_RUN: click

2018-11-25 10:44:43 - [MESSAGE][NOT_RUN] - NOT_RUN: click

2018-11-25 10:44:43 - [TEST_STEP][NOT_RUN] - delay: NOT_RUN: delay

2018-11-25 10:44:43 - [MESSAGE][NOT_RUN] - NOT_RUN: delay

2018-11-25 10:44:43 - [TEST_STEP][NOT_RUN] - setText: NOT_RUN: setText

2018-11-25 10:44:43 - [MESSAGE][NOT_RUN] - NOT_RUN: setText

2018-11-25 10:44:43 - [TEST_STEP][NOT_RUN] - delay: NOT_RUN: delay

2018-11-25 10:44:43 - [MESSAGE][NOT_RUN] - NOT_RUN: delay

2018-11-25 10:44:43 - [TEST_STEP][NOT_RUN] - click: NOT_RUN: click

2018-11-25 10:44:43 - [MESSAGE][NOT_RUN] - NOT_RUN: click

2018-11-25 10:44:43 - [TEST_STEP][NOT_RUN] - doubleClick: NOT_RUN: doubleClick

2018-11-25 10:44:43 - [MESSAGE][NOT_RUN] - NOT_RUN: doubleClick

2018-11-25 10:44:43 - [TEST_STEP][NOT_RUN] - click: NOT_RUN: click

2018-11-25 10:44:43 - [MESSAGE][NOT_RUN] - NOT_RUN: click

2018-11-25 10:44:43 - [TEST_STEP][NOT_RUN] - setText: NOT_RUN: setText

2018-11-25 10:44:43 - [MESSAGE][NOT_RUN] - NOT_RUN: setText

2018-11-25 10:44:43 - [TEST_STEP][NOT_RUN] - delay: NOT_RUN: delay

2018-11-25 10:44:43 - [MESSAGE][NOT_RUN] - NOT_RUN: delay

2018-11-25 10:44:43 - [TEST_STEP][NOT_RUN] - click: NOT_RUN: click

2018-11-25 10:44:43 - [MESSAGE][NOT_RUN] - NOT_RUN: click

2018-11-25 10:44:43 - [TEST_STEP][NOT_RUN] - delay: NOT_RUN: delay

2018-11-25 10:44:43 - [MESSAGE][NOT_RUN] - NOT_RUN: delay

2018-11-25 10:44:43 - [TEST_STEP][NOT_RUN] - setText: NOT_RUN: setText

2018-11-25 10:44:43 - [MESSAGE][NOT_RUN] - NOT_RUN: setText

2018-11-25 10:44:43 - [TEST_STEP][PASSED] - click: Object: 'Object Repository/Final Object Repo/Page_Request SSN - ASSIST/Save  Continue' is clicked on

2018-11-25 10:44:43 - [MESSAGE][PASSED] - Object: 'Object Repository/Final Object Repo/Page_Request SSN - ASSIST/Save  Continue' is clicked on

2018-11-25 10:44:43 - [TEST_STEP][PASSED] - delay: Delayed 3 second(s)

2018-11-25 10:44:46 - [MESSAGE][PASSED] - Delayed 3 second(s)

2018-11-25 10:44:46 - [TEST_STEP][PASSED] - Statement - CaseReferenceNo = com.kms.katalon.core.webui.keyword.WebUiBuiltInKeywords.getText(com.kms.katalon.core.testobject.ObjectRepository.findTestObject(Final Object Repo/Page_Request SSN - ASSIST/Reference Number in Uploading Page)): Text of object 'Object Repository/Final Object Repo/Page_Request SSN - ASSIST/Reference Number in Uploading Page' is: 'SSN11201800001141'

2018-11-25 10:44:46 - [MESSAGE][PASSED] - Text of object 'Object Repository/Final Object Repo/Page_Request SSN - ASSIST/Reference Number in Uploading Page' is: 'SSN11201800001141'

2018-11-25 10:44:46 - [TEST_STEP][PASSED] - callTestCase: Call Test Case 'Test Cases/Final Aug 2018 - PKS Automation/Common/Reference Number Setter' successfully

2018-11-25 10:44:46 - [TEST_CASE][PASSED] - Test Cases/Final Aug 2018 - PKS Automation/Common/Reference Number Setter: Test Cases/Final Aug 2018 - PKS Automation/Common/Reference Number Setter

2018-11-25 10:44:47 - [TEST_STEP][PASSED] - Statement - RefNoOldFile = new java.io.File(C://Users//Admin//Desktop//PKS//Automation Reference Point//KatalonReference.txt): null

2018-11-25 10:44:47 - [TEST_STEP][PASSED] - Statement - RefNoOldFile.delete(): null

2018-11-25 10:44:47 - [TEST_STEP][PASSED] - delay: Delayed 5 second(s)

2018-11-25 10:44:52 - [MESSAGE][PASSED] - Delayed 5 second(s)

2018-11-25 10:44:52 - [TEST_STEP][PASSED] - Statement - RefNo = new java.io.File(C://Users//Admin//Desktop//PKS//Automation Reference Point//KatalonReference.txt): null

2018-11-25 10:44:52 - [TEST_STEP][PASSED] - Statement - f2 = new java.io.FileWriter(RefNo, false): null

2018-11-25 10:44:52 - [TEST_STEP][PASSED] - Statement - f2.write(CaseReferenceNo): null

2018-11-25 10:44:52 - [TEST_STEP][PASSED] - Statement - f2.close(): null

2018-11-25 10:44:52 - [TEST_STEP][PASSED] - Statement - out.println("


" + CaseReferenceNo + "


"): null

2018-11-25 10:44:52 - [MESSAGE][PASSED] - Call Test Case 'Test Cases/Final Aug 2018 - PKS Automation/Common/Reference Number Setter' successfully

2018-11-25 10:44:52 - [TEST_STEP][PASSED] - click: Object: 'Object Repository/Final Object Repo/Page_Request SSN - ASSIST/Add Document Button' is clicked on

2018-11-25 10:44:52 - [MESSAGE][PASSED] - Object: 'Object Repository/Final Object Repo/Page_Request SSN - ASSIST/Add Document Button' is clicked on

2018-11-25 10:44:52 - [TEST_STEP][PASSED] - delay: Delayed 2 second(s)

2018-11-25 10:44:54 - [MESSAGE][PASSED] - Delayed 2 second(s)

2018-11-25 10:44:54 - [TEST_STEP][PASSED] - click: Object: 'Object Repository/Final Object Repo/Page_Request SSN - ASSIST/Document Type' is clicked on

2018-11-25 10:44:54 - [MESSAGE][PASSED] - Object: 'Object Repository/Final Object Repo/Page_Request SSN - ASSIST/Document Type' is clicked on

2018-11-25 10:44:54 - [TEST_STEP][PASSED] - delay: Delayed 2 second(s)

2018-11-25 10:44:56 - [MESSAGE][PASSED] - Delayed 2 second(s)

2018-11-25 10:44:56 - [TEST_STEP][PASSED] - click: Object: 'Object Repository/Final Object Repo/Page_Request SSN - ASSIST/Document Type - Birth Certificate' is clicked on

2018-11-25 10:44:57 - [MESSAGE][PASSED] - Object: 'Object Repository/Final Object Repo/Page_Request SSN - ASSIST/Document Type - Birth Certificate' is clicked on

2018-11-25 10:44:57 - [TEST_STEP][PASSED] - delay: Delayed 2 second(s)

2018-11-25 10:44:59 - [MESSAGE][PASSED] - Delayed 2 second(s)

2018-11-25 10:44:59 - [TEST_STEP][PASSED] - sendKeys: Keys 'C:\Users\Public\Pictures\Sample Pictures\Koala.jpg' sent to object: 'Object Repository/Final Object Repo/Page_Request SSN - ASSIST/Upload File'

2018-11-25 10:44:59 - [MESSAGE][PASSED] - Keys 'C:\Users\Public\Pictures\Sample Pictures\Koala.jpg' sent to object: 'Object Repository/Final Object Repo/Page_Request SSN - ASSIST/Upload File'

2018-11-25 10:44:59 - [TEST_STEP][PASSED] - click: Object: 'Object Repository/Final Object Repo/Page_Request SSN - ASSIST/Add Document' is clicked on

2018-11-25 10:44:59 - [MESSAGE][PASSED] - Object: 'Object Repository/Final Object Repo/Page_Request SSN - ASSIST/Add Document' is clicked on

2018-11-25 10:44:59 - [TEST_STEP][PASSED] - delay: Delayed 10 second(s)

2018-11-25 10:45:09 - [MESSAGE][PASSED] - Delayed 10 second(s)

2018-11-25 10:45:09 - [TEST_STEP][PASSED] - click: Object: 'Object Repository/Final Object Repo/Page_Request SSN - ASSIST/Save  Continue in Uploading Document Page' is clicked on

2018-11-25 10:45:09 - [MESSAGE][PASSED] - Object: 'Object Repository/Final Object Repo/Page_Request SSN - ASSIST/Save  Continue in Uploading Document Page' is clicked on

2018-11-25 10:45:09 - [TEST_STEP][PASSED] - delay: Delayed 2 second(s)

2018-11-25 10:45:11 - [MESSAGE][PASSED] - Delayed 2 second(s)

2018-11-25 10:45:11 - [TEST_STEP][PASSED] - click: Object: 'Object Repository/Final Object Repo/Page_Request SSN - ASSIST/Submit' is clicked on

2018-11-25 10:45:13 - [MESSAGE][PASSED] - Object: 'Object Repository/Final Object Repo/Page_Request SSN - ASSIST/Submit' is clicked on

2018-11-25 10:45:13 - [TEST_STEP][PASSED] - delay: Delayed 2 second(s)

2018-11-25 10:45:15 - [MESSAGE][PASSED] - Delayed 2 second(s)

2018-11-25 10:45:15 - [TEST_STEP][PASSED] - click: Object: 'Object Repository/Final Object Repo/Page_Request SSN - ASSIST/Confirm' is clicked on

2018-11-25 10:45:16 - [MESSAGE][PASSED] - Object: 'Object Repository/Final Object Repo/Page_Request SSN - ASSIST/Confirm' is clicked on

2018-11-25 10:45:16 - [TEST_STEP][PASSED] - delay: Delayed 2 second(s)

2018-11-25 10:45:18 - [MESSAGE][PASSED] - Delayed 2 second(s)

2018-11-25 10:45:18 - [TEST_STEP][PASSED] - verifyElementVisible: Object 'Object Repository/Final Object Repo/Page_Request SSN - ASSIST/Message This Case will be routed to RIO' is visible

2018-11-25 10:45:23 - [MESSAGE][PASSED] - Object 'Object Repository/Final Object Repo/Page_Request SSN - ASSIST/Message This Case will be routed to RIO' is visible

2018-11-25 10:45:23 - [TEST_STEP][PASSED] - delay: Delayed 2 second(s)

2018-11-25 10:45:25 - [MESSAGE][PASSED] - Delayed 2 second(s)

2018-11-25 10:45:25 - [TEST_STEP][PASSED] - verifyElementVisible: Object 'Object Repository/Final Object Repo/Page_Request SSN - ASSIST/Letter of acknowledgement' is visible

2018-11-25 10:45:25 - [MESSAGE][PASSED] - Object 'Object Repository/Final Object Repo/Page_Request SSN - ASSIST/Letter of acknowledgement' is visible

2018-11-25 10:45:25 - [MESSAGE][PASSED] - Call Test Case 'Test Cases/Final Aug 2018 - PKS Automation/Registration Module/Workflow/Request SSN/Template/Request SSN - OTC' successfully

2018-11-25 10:45:25 - [TEST_STEP][FAILED] - callTestCase: Unable to call Test Case with id 'Test Cases/Final Aug 2018 - PKS Automation/Registration Module/Workflow/Request SSN/Template/Request SSN RIO - RO (Under Enforcement)' (Root cause: Call Test Case 'Test Cases/Final Aug 2018 - PKS Automation/Registration Module/Workflow/Request SSN/Template/Request SSN RIO - RO (Under Enforcement)' failed)

2018-11-25 10:45:25 - [TEST_CASE][FAILED] - Test Cases/Final Aug 2018 - PKS Automation/Registration Module/Workflow/Request SSN/Template/Request SSN RIO - RO (Under Enforcement): Test Cases/Final Aug 2018 - PKS Automation/Registration Module/Workflow/Request SSN/Template/Request SSN RIO - RO (Under Enforcement) FAILED because (of) (Stack trace: com.kms.katalon.core.exception.StepFailedException: Unable to click on object 'Object Repository/Final Object Repo/Landing Page/Select to English' (Root cause: com.kms.katalon.core.webui.exception.WebElementNotFoundException: Web element with id: 'Object Repository/Final Object Repo/Landing Page/Select to English' located by 'By.xpath: //a[@class = 'taglib-language-list-text' and @lang = 'en-US' and (contains(text(), 'EN') or contains(., 'EN'))]' not found)
	at com.kms.katalon.core.keyword.internal.KeywordMain.stepFailed(KeywordMain.groovy:32)
	at com.kms.katalon.core.webui.keyword.internal.WebUIKeywordMain.stepFailed(WebUIKeywordMain.groovy:65)
	at com.kms.katalon.core.webui.keyword.internal.WebUIKeywordMain.runKeyword(WebUIKeywordMain.groovy:27)
	at com.kms.katalon.core.webui.keyword.builtin.ClickKeyword.click(ClickKeyword.groovy:86)
	at com.kms.katalon.core.webui.keyword.builtin.ClickKeyword.execute(ClickKeyword.groovy:67)
	at com.kms.katalon.core.keyword.internal.KeywordExecutor.executeKeywordForPlatform(KeywordExecutor.groovy:53)
	at com.kms.katalon.core.webui.keyword.WebUiBuiltInKeywords.click(WebUiBuiltInKeywords.groovy:604)
	at com.kms.katalon.core.webui.keyword.WebUiBuiltInKeywords$click$12.call(Unknown Source)
	at Script1534407542420.run(Script1534407542420.groovy:57)
	at com.kms.katalon.core.main.ScriptEngine.run(ScriptEngine.java:183)
	at com.kms.katalon.core.main.ScriptEngine.runScriptAsRawText(ScriptEngine.java:108)
	at com.kms.katalon.core.main.TestCaseExecutor.runScript(TestCaseExecutor.java:294)
	at com.kms.katalon.core.main.TestCaseExecutor.doExecute(TestCaseExecutor.java:285)
	at com.kms.katalon.core.main.TestCaseExecutor.processExecutionPhase(TestCaseExecutor.java:264)
	at com.kms.katalon.core.main.TestCaseExecutor.accessMainPhase(TestCaseExecutor.java:256)
	at com.kms.katalon.core.main.TestCaseExecutor.execute(TestCaseExecutor.java:200)
	at com.kms.katalon.core.main.TestCaseMain.runTestCase(TestCaseMain.java:99)
	at com.kms.katalon.core.keyword.builtin.CallTestCaseKeyword$_callTestCase_closure1.doCall(CallTestCaseKeyword.groovy:60)
	at com.kms.katalon.core.keyword.builtin.CallTestCaseKeyword$_callTestCase_closure1.call(CallTestCaseKeyword.groovy)
	at com.kms.katalon.core.keyword.internal.KeywordMain.runKeyword(KeywordMain.groovy:54)
	at com.kms.katalon.core.keyword.builtin.CallTestCaseKeyword.callTestCase(CallTestCaseKeyword.groovy:81)
	at com.kms.katalon.core.keyword.builtin.CallTestCaseKeyword.execute(CallTestCaseKeyword.groovy:45)
	at com.kms.katalon.core.keyword.internal.KeywordExecutor.executeKeywordForPlatform(KeywordExecutor.groovy:53)
	at com.kms.katalon.core.keyword.BuiltinKeywords.callTestCase(BuiltinKeywords.groovy:334)
	at sun.reflect.NativeMethodAccessorImpl.invoke0(Native Method)
	at sun.reflect.NativeMethodAccessorImpl.invoke(NativeMethodAccessorImpl.java:62)
	at sun.reflect.DelegatingMethodAccessorImpl.invoke(DelegatingMethodAccessorImpl.java:43)
	at java.lang.reflect.Method.invoke(Method.java:498)
	at org.codehaus.groovy.reflection.CachedMethod.invoke(CachedMethod.java:93)
	at groovy.lang.MetaMethod.doMethodInvoke(MetaMethod.java:325)
	at groovy.lang.MetaClassImpl.invokeStaticMethod(MetaClassImpl.java:1469)
	at org.codehaus.groovy.runtime.callsite.StaticMetaClassSite.call(StaticMetaClassSite.java:53)
	at org.codehaus.groovy.runtime.callsite.CallSiteArray.defaultCall(CallSiteArray.java:48)
	at org.codehaus.groovy.runtime.callsite.AbstractCallSite.call(AbstractCallSite.java:113)
	at org.codehaus.groovy.runtime.callsite.AbstractCallSite.call(AbstractCallSite.java:141)
	at Script1537866016330.run(Script1537866016330.groovy:33)
	at com.kms.katalon.core.main.ScriptEngine.run(ScriptEngine.java:183)
	at com.kms.katalon.core.main.ScriptEngine.runScriptAsRawText(ScriptEngine.java:108)
	at com.kms.katalon.core.main.TestCaseExecutor.runScript(TestCaseExecutor.java:294)
	at com.kms.katalon.core.main.TestCaseExecutor.doExecute(TestCaseExecutor.java:285)
	at com.kms.katalon.core.main.TestCaseExecutor.processExecutionPhase(TestCaseExecutor.java:264)
	at com.kms.katalon.core.main.TestCaseExecutor.accessMainPhase(TestCaseExecutor.java:256)
	at com.kms.katalon.core.main.TestCaseExecutor.execute(TestCaseExecutor.java:200)
	at com.kms.katalon.core.main.TestCaseMain.runTestCase(TestCaseMain.java:99)
	at com.kms.katalon.core.keyword.builtin.CallTestCaseKeyword$_callTestCase_closure1.doCall(CallTestCaseKeyword.groovy:60)
	at com.kms.katalon.core.keyword.builtin.CallTestCaseKeyword$_callTestCase_closure1.call(CallTestCaseKeyword.groovy)
	at com.kms.katalon.core.keyword.internal.KeywordMain.runKeyword(KeywordMain.groovy:54)
	at com.kms.katalon.core.keyword.builtin.CallTestCaseKeyword.callTestCase(CallTestCaseKeyword.groovy:81)
	at com.kms.katalon.core.keyword.builtin.CallTestCaseKeyword.execute(CallTestCaseKeyword.groovy:45)
	at com.kms.katalon.core.keyword.internal.KeywordExecutor.executeKeywordForPlatform(KeywordExecutor.groovy:53)
	at com.kms.katalon.core.keyword.BuiltinKeywords.callTestCase(BuiltinKeywords.groovy:334)
	at sun.reflect.NativeMethodAccessorImpl.invoke0(Native Method)
	at sun.reflect.NativeMethodAccessorImpl.invoke(NativeMethodAccessorImpl.java:62)
	at sun.reflect.DelegatingMethodAccessorImpl.invoke(DelegatingMethodAccessorImpl.java:43)
	at java.lang.reflect.Method.invoke(Method.java:498)
	at org.codehaus.groovy.reflection.CachedMethod.invoke(CachedMethod.java:93)
	at groovy.lang.MetaMethod.doMethodInvoke(MetaMethod.java:325)
	at groovy.lang.MetaClassImpl.invokeStaticMethod(MetaClassImpl.java:1469)
	at org.codehaus.groovy.runtime.callsite.StaticMetaClassSite.call(StaticMetaClassSite.java:53)
	at org.codehaus.groovy.runtime.callsite.CallSiteArray.defaultCall(CallSiteArray.java:48)
	at org.codehaus.groovy.runtime.callsite.AbstractCallSite.call(AbstractCallSite.java:113)
	at org.codehaus.groovy.runtime.callsite.AbstractCallSite.call(AbstractCallSite.java:141)
	at Script1536300508609.run(Script1536300508609.groovy:24)
	at com.kms.katalon.core.main.ScriptEngine.run(ScriptEngine.java:183)
	at com.kms.katalon.core.main.ScriptEngine.runScriptAsRawText(ScriptEngine.java:108)
	at com.kms.katalon.core.main.TestCaseExecutor.runScript(TestCaseExecutor.java:294)
	at com.kms.katalon.core.main.TestCaseExecutor.doExecute(TestCaseExecutor.java:285)
	at com.kms.katalon.core.main.TestCaseExecutor.processExecutionPhase(TestCaseExecutor.java:264)
	at com.kms.katalon.core.main.TestCaseExecutor.accessMainPhase(TestCaseExecutor.java:256)
	at com.kms.katalon.core.main.TestCaseExecutor.execute(TestCaseExecutor.java:200)
	at com.kms.katalon.core.main.TestSuiteExecutor.accessTestCaseMainPhase(TestSuiteExecutor.java:129)
	at com.kms.katalon.core.main.TestSuiteExecutor.accessTestSuiteMainPhase(TestSuiteExecutor.java:112)
	at com.kms.katalon.core.main.TestSuiteExecutor.execute(TestSuiteExecutor.java:81)
	at com.kms.katalon.core.main.TestCaseMain.startTestSuite(TestCaseMain.java:142)
	at com.kms.katalon.core.main.TestCaseMain$startTestSuite$0.call(Unknown Source)
	at org.codehaus.groovy.runtime.callsite.CallSiteArray.defaultCall(CallSiteArray.java:48)
	at org.codehaus.groovy.runtime.callsite.AbstractCallSite.call(AbstractCallSite.java:113)
	at org.codehaus.groovy.runtime.callsite.AbstractCallSite.call(AbstractCallSite.java:141)
	at TempTestSuite1543076525606.run(TempTestSuite1543076525606.groovy:36)
	at groovy.lang.GroovyShell.runScriptOrMainOrTestOrRunnable(GroovyShell.java:263)
	at groovy.lang.GroovyShell.run(GroovyShell.java:518)
	at groovy.lang.GroovyShell.run(GroovyShell.java:507)
	at groovy.ui.GroovyMain.processOnce(GroovyMain.java:653)
	at groovy.ui.GroovyMain.run(GroovyMain.java:384)
	at groovy.ui.GroovyMain.process(GroovyMain.java:370)
	at groovy.ui.GroovyMain.processArgs(GroovyMain.java:129)
	at groovy.ui.GroovyMain.main(GroovyMain.java:109)
	at sun.reflect.NativeMethodAccessorImpl.invoke0(Native Method)
	at sun.reflect.NativeMethodAccessorImpl.invoke(NativeMethodAccessorImpl.java:62)
	at sun.reflect.DelegatingMethodAccessorImpl.invoke(DelegatingMethodAccessorImpl.java:43)
	at java.lang.reflect.Method.invoke(Method.java:498)
	at org.codehaus.groovy.tools.GroovyStarter.rootLoader(GroovyStarter.java:109)
	at org.codehaus.groovy.tools.GroovyStarter.main(GroovyStarter.java:131)
)

2018-11-25 10:45:25 - [TEST_STEP][NOT_RUN] - callTestCase: NOT_RUN: callTestCase

2018-11-25 10:45:25 - [MESSAGE][NOT_RUN] - NOT_RUN: callTestCase

2018-11-25 10:45:25 - [TEST_STEP][PASSED] - delay: Delayed 2 second(s)

2018-11-25 10:45:27 - [MESSAGE][PASSED] - Delayed 2 second(s)

2018-11-25 10:45:27 - [TEST_STEP][PASSED] - navigateToUrl: Navigate to 'https://assist2-uat.perkeso.gov.my/c/portal/logout' successfully

2018-11-25 10:45:28 - [MESSAGE][PASSED] - Navigate to 'https://assist2-uat.perkeso.gov.my/c/portal/logout' successfully

2018-11-25 10:45:28 - [TEST_STEP][PASSED] - delay: Delayed 2 second(s)

2018-11-25 10:45:30 - [MESSAGE][PASSED] - Delayed 2 second(s)

2018-11-25 10:45:30 - [TEST_STEP][PASSED] - callTestCase: Call Test Case 'Test Cases/Final Aug 2018 - PKS Automation/Common/Reference Number Getter' successfully

2018-11-25 10:45:30 - [TEST_CASE][PASSED] - Test Cases/Final Aug 2018 - PKS Automation/Common/Reference Number Getter: Test Cases/Final Aug 2018 - PKS Automation/Common/Reference Number Getter

2018-11-25 10:45:30 - [TEST_STEP][PASSED] - Statement - Try: null

2018-11-25 10:45:30 - [TEST_STEP][PASSED] - Statement - RefNo = new java.io.File(C://Users//Admin//Desktop//PKS//Automation Reference Point//KatalonReference.txt): null

2018-11-25 10:45:30 - [TEST_STEP][PASSED] - Statement - bufferread = new java.io.BufferedReader(new java.io.FileReader(RefNo)): null

2018-11-25 10:45:30 - [TEST_STEP][PASSED] - Statement - readedVal = bufferread.readLine(): null

2018-11-25 10:45:30 - [TEST_STEP][PASSED] - Statement - out.println(CaseReferenceNo): null

2018-11-25 10:45:30 - [TEST_STEP][PASSED] - Statement - out.println(readedVal): null

2018-11-25 10:45:30 - [TEST_STEP][PASSED] - Statement - CaseReferenceNo = "": null

2018-11-25 10:45:30 - [TEST_STEP][PASSED] - Statement - CaseReferenceNo = readedVal: null

2018-11-25 10:45:30 - [MESSAGE][PASSED] - Call Test Case 'Test Cases/Final Aug 2018 - PKS Automation/Common/Reference Number Getter' successfully

2018-11-25 10:45:30 - [TEST_STEP][FAILED] - callTestCase: Unable to call Test Case with id 'Test Cases/Final Aug 2018 - PKS Automation/Common/Workflow Owner Finder' (Root cause: Call Test Case 'Test Cases/Final Aug 2018 - PKS Automation/Common/Workflow Owner Finder' failed)

2018-11-25 10:45:30 - [TEST_CASE][FAILED] - Test Cases/Final Aug 2018 - PKS Automation/Common/Workflow Owner Finder: Test Cases/Final Aug 2018 - PKS Automation/Common/Workflow Owner Finder FAILED because (of) (Stack trace: com.kms.katalon.core.exception.StepFailedException: Unable to click on object 'Object Repository/Final Object Repo/Landing Page/Select to English' (Root cause: com.kms.katalon.core.webui.exception.WebElementNotFoundException: Web element with id: 'Object Repository/Final Object Repo/Landing Page/Select to English' located by 'By.xpath: //a[@class = 'taglib-language-list-text' and @lang = 'en-US' and (contains(text(), 'EN') or contains(., 'EN'))]' not found)
	at com.kms.katalon.core.keyword.internal.KeywordMain.stepFailed(KeywordMain.groovy:32)
	at com.kms.katalon.core.webui.keyword.internal.WebUIKeywordMain.stepFailed(WebUIKeywordMain.groovy:65)
	at com.kms.katalon.core.webui.keyword.internal.WebUIKeywordMain.runKeyword(WebUIKeywordMain.groovy:27)
	at com.kms.katalon.core.webui.keyword.builtin.ClickKeyword.click(ClickKeyword.groovy:86)
	at com.kms.katalon.core.webui.keyword.builtin.ClickKeyword.execute(ClickKeyword.groovy:67)
	at com.kms.katalon.core.keyword.internal.KeywordExecutor.executeKeywordForPlatform(KeywordExecutor.groovy:53)
	at com.kms.katalon.core.webui.keyword.WebUiBuiltInKeywords.click(WebUiBuiltInKeywords.groovy:604)
	at com.kms.katalon.core.webui.keyword.WebUiBuiltInKeywords$click$12.call(Unknown Source)
	at Script1534407542420.run(Script1534407542420.groovy:57)
	at com.kms.katalon.core.main.ScriptEngine.run(ScriptEngine.java:183)
	at com.kms.katalon.core.main.ScriptEngine.runScriptAsRawText(ScriptEngine.java:108)
	at com.kms.katalon.core.main.TestCaseExecutor.runScript(TestCaseExecutor.java:294)
	at com.kms.katalon.core.main.TestCaseExecutor.doExecute(TestCaseExecutor.java:285)
	at com.kms.katalon.core.main.TestCaseExecutor.processExecutionPhase(TestCaseExecutor.java:264)
	at com.kms.katalon.core.main.TestCaseExecutor.accessMainPhase(TestCaseExecutor.java:256)
	at com.kms.katalon.core.main.TestCaseExecutor.execute(TestCaseExecutor.java:200)
	at com.kms.katalon.core.main.TestCaseMain.runTestCase(TestCaseMain.java:99)
	at com.kms.katalon.core.keyword.builtin.CallTestCaseKeyword$_callTestCase_closure1.doCall(CallTestCaseKeyword.groovy:60)
	at com.kms.katalon.core.keyword.builtin.CallTestCaseKeyword$_callTestCase_closure1.call(CallTestCaseKeyword.groovy)
	at com.kms.katalon.core.keyword.internal.KeywordMain.runKeyword(KeywordMain.groovy:54)
	at com.kms.katalon.core.keyword.builtin.CallTestCaseKeyword.callTestCase(CallTestCaseKeyword.groovy:81)
	at com.kms.katalon.core.keyword.builtin.CallTestCaseKeyword.execute(CallTestCaseKeyword.groovy:45)
	at com.kms.katalon.core.keyword.internal.KeywordExecutor.executeKeywordForPlatform(KeywordExecutor.groovy:53)
	at com.kms.katalon.core.keyword.BuiltinKeywords.callTestCase(BuiltinKeywords.groovy:334)
	at sun.reflect.NativeMethodAccessorImpl.invoke0(Native Method)
	at sun.reflect.NativeMethodAccessorImpl.invoke(NativeMethodAccessorImpl.java:62)
	at sun.reflect.DelegatingMethodAccessorImpl.invoke(DelegatingMethodAccessorImpl.java:43)
	at java.lang.reflect.Method.invoke(Method.java:498)
	at org.codehaus.groovy.reflection.CachedMethod.invoke(CachedMethod.java:93)
	at groovy.lang.MetaMethod.doMethodInvoke(MetaMethod.java:325)
	at groovy.lang.MetaClassImpl.invokeStaticMethod(MetaClassImpl.java:1469)
	at org.codehaus.groovy.runtime.callsite.StaticMetaClassSite.call(StaticMetaClassSite.java:53)
	at org.codehaus.groovy.runtime.callsite.CallSiteArray.defaultCall(CallSiteArray.java:48)
	at org.codehaus.groovy.runtime.callsite.AbstractCallSite.call(AbstractCallSite.java:113)
	at org.codehaus.groovy.runtime.callsite.AbstractCallSite.call(AbstractCallSite.java:141)
	at Script1537866016330.run(Script1537866016330.groovy:33)
	at com.kms.katalon.core.main.ScriptEngine.run(ScriptEngine.java:183)
	at com.kms.katalon.core.main.ScriptEngine.runScriptAsRawText(ScriptEngine.java:108)
	at com.kms.katalon.core.main.TestCaseExecutor.runScript(TestCaseExecutor.java:294)
	at com.kms.katalon.core.main.TestCaseExecutor.doExecute(TestCaseExecutor.java:285)
	at com.kms.katalon.core.main.TestCaseExecutor.processExecutionPhase(TestCaseExecutor.java:264)
	at com.kms.katalon.core.main.TestCaseExecutor.accessMainPhase(TestCaseExecutor.java:256)
	at com.kms.katalon.core.main.TestCaseExecutor.execute(TestCaseExecutor.java:200)
	at com.kms.katalon.core.main.TestCaseMain.runTestCase(TestCaseMain.java:99)
	at com.kms.katalon.core.keyword.builtin.CallTestCaseKeyword$_callTestCase_closure1.doCall(CallTestCaseKeyword.groovy:60)
	at com.kms.katalon.core.keyword.builtin.CallTestCaseKeyword$_callTestCase_closure1.call(CallTestCaseKeyword.groovy)
	at com.kms.katalon.core.keyword.internal.KeywordMain.runKeyword(KeywordMain.groovy:54)
	at com.kms.katalon.core.keyword.builtin.CallTestCaseKeyword.callTestCase(CallTestCaseKeyword.groovy:81)
	at com.kms.katalon.core.keyword.builtin.CallTestCaseKeyword.execute(CallTestCaseKeyword.groovy:45)
	at com.kms.katalon.core.keyword.internal.KeywordExecutor.executeKeywordForPlatform(KeywordExecutor.groovy:53)
	at com.kms.katalon.core.keyword.BuiltinKeywords.callTestCase(BuiltinKeywords.groovy:334)
	at sun.reflect.NativeMethodAccessorImpl.invoke0(Native Method)
	at sun.reflect.NativeMethodAccessorImpl.invoke(NativeMethodAccessorImpl.java:62)
	at sun.reflect.DelegatingMethodAccessorImpl.invoke(DelegatingMethodAccessorImpl.java:43)
	at java.lang.reflect.Method.invoke(Method.java:498)
	at org.codehaus.groovy.reflection.CachedMethod.invoke(CachedMethod.java:93)
	at groovy.lang.MetaMethod.doMethodInvoke(MetaMethod.java:325)
	at groovy.lang.MetaClassImpl.invokeStaticMethod(MetaClassImpl.java:1469)
	at org.codehaus.groovy.runtime.callsite.StaticMetaClassSite.call(StaticMetaClassSite.java:53)
	at org.codehaus.groovy.runtime.callsite.CallSiteArray.defaultCall(CallSiteArray.java:48)
	at org.codehaus.groovy.runtime.callsite.AbstractCallSite.call(AbstractCallSite.java:113)
	at org.codehaus.groovy.runtime.callsite.AbstractCallSite.call(AbstractCallSite.java:141)
	at Script1536300508609.run(Script1536300508609.groovy:24)
	at com.kms.katalon.core.main.ScriptEngine.run(ScriptEngine.java:183)
	at com.kms.katalon.core.main.ScriptEngine.runScriptAsRawText(ScriptEngine.java:108)
	at com.kms.katalon.core.main.TestCaseExecutor.runScript(TestCaseExecutor.java:294)
	at com.kms.katalon.core.main.TestCaseExecutor.doExecute(TestCaseExecutor.java:285)
	at com.kms.katalon.core.main.TestCaseExecutor.processExecutionPhase(TestCaseExecutor.java:264)
	at com.kms.katalon.core.main.TestCaseExecutor.accessMainPhase(TestCaseExecutor.java:256)
	at com.kms.katalon.core.main.TestCaseExecutor.execute(TestCaseExecutor.java:200)
	at com.kms.katalon.core.main.TestSuiteExecutor.accessTestCaseMainPhase(TestSuiteExecutor.java:129)
	at com.kms.katalon.core.main.TestSuiteExecutor.accessTestSuiteMainPhase(TestSuiteExecutor.java:112)
	at com.kms.katalon.core.main.TestSuiteExecutor.execute(TestSuiteExecutor.java:81)
	at com.kms.katalon.core.main.TestCaseMain.startTestSuite(TestCaseMain.java:142)
	at com.kms.katalon.core.main.TestCaseMain$startTestSuite$0.call(Unknown Source)
	at org.codehaus.groovy.runtime.callsite.CallSiteArray.defaultCall(CallSiteArray.java:48)
	at org.codehaus.groovy.runtime.callsite.AbstractCallSite.call(AbstractCallSite.java:113)
	at org.codehaus.groovy.runtime.callsite.AbstractCallSite.call(AbstractCallSite.java:141)
	at TempTestSuite1543076525606.run(TempTestSuite1543076525606.groovy:36)
	at groovy.lang.GroovyShell.runScriptOrMainOrTestOrRunnable(GroovyShell.java:263)
	at groovy.lang.GroovyShell.run(GroovyShell.java:518)
	at groovy.lang.GroovyShell.run(GroovyShell.java:507)
	at groovy.ui.GroovyMain.processOnce(GroovyMain.java:653)
	at groovy.ui.GroovyMain.run(GroovyMain.java:384)
	at groovy.ui.GroovyMain.process(GroovyMain.java:370)
	at groovy.ui.GroovyMain.processArgs(GroovyMain.java:129)
	at groovy.ui.GroovyMain.main(GroovyMain.java:109)
	at sun.reflect.NativeMethodAccessorImpl.invoke0(Native Method)
	at sun.reflect.NativeMethodAccessorImpl.invoke(NativeMethodAccessorImpl.java:62)
	at sun.reflect.DelegatingMethodAccessorImpl.invoke(DelegatingMethodAccessorImpl.java:43)
	at java.lang.reflect.Method.invoke(Method.java:498)
	at org.codehaus.groovy.tools.GroovyStarter.rootLoader(GroovyStarter.java:109)
	at org.codehaus.groovy.tools.GroovyStarter.main(GroovyStarter.java:131)
)

2018-11-25 10:45:30 - [TEST_STEP][PASSED] - openBrowser: Browser is opened with url: ''

2018-11-25 10:45:30 - [MESSAGE][WARNING] - A browser is already opened. Closing browser and opening a new one

2018-11-25 10:45:34 - [MESSAGE][PASSED] - Browser is opened with url: ''

2018-11-25 10:45:34 - [TEST_STEP][PASSED] - navigateToUrl: Navigate to 'https://assist2-uat.perkeso.gov.my/login' successfully

2018-11-25 10:45:35 - [MESSAGE][PASSED] - Navigate to 'https://assist2-uat.perkeso.gov.my/login' successfully

2018-11-25 10:45:35 - [TEST_STEP][PASSED] - delay: Delayed 5 second(s)

2018-11-25 10:45:40 - [MESSAGE][PASSED] - Delayed 5 second(s)

2018-11-25 10:45:40 - [TEST_STEP][PASSED] - setText: Text 'test@liferay.com' is set on object 'Object Repository/Final Object Repo/Login Page/Internal User/Email Address'

2018-11-25 10:45:41 - [MESSAGE][PASSED] - Text 'test@liferay.com' is set on object 'Object Repository/Final Object Repo/Login Page/Internal User/Email Address'

2018-11-25 10:45:41 - [TEST_STEP][PASSED] - click: Object: 'Object Repository/Final Object Repo/Login Page/Internal User/Next Button' is clicked on

2018-11-25 10:45:41 - [MESSAGE][PASSED] - Object: 'Object Repository/Final Object Repo/Login Page/Internal User/Next Button' is clicked on

2018-11-25 10:45:41 - [TEST_STEP][PASSED] - delay: Delayed 2 second(s)

2018-11-25 10:45:43 - [MESSAGE][PASSED] - Delayed 2 second(s)

2018-11-25 10:45:43 - [TEST_STEP][PASSED] - setText: Text 'test' is set on object 'Object Repository/Final Object Repo/Login Page/Internal User/Password'

2018-11-25 10:45:43 - [MESSAGE][PASSED] - Text 'test' is set on object 'Object Repository/Final Object Repo/Login Page/Internal User/Password'

2018-11-25 10:45:43 - [TEST_STEP][PASSED] - delay: Delayed 2 second(s)

2018-11-25 10:45:45 - [MESSAGE][PASSED] - Delayed 2 second(s)

2018-11-25 10:45:45 - [TEST_STEP][PASSED] - click: Object: 'Object Repository/Final Object Repo/Login Page/Internal User/Login Button' is clicked on

2018-11-25 10:45:45 - [MESSAGE][PASSED] - Object: 'Object Repository/Final Object Repo/Login Page/Internal User/Login Button' is clicked on

2018-11-25 10:45:45 - [TEST_STEP][FAILED] - Statement - Try: Delayed 2 second(s)

2018-11-25 10:45:45 - [TEST_STEP][PASSED] - Statement - Checker = false: null

2018-11-25 10:45:45 - [TEST_STEP][PASSED] - Statement - Checker = com.kms.katalon.core.webui.keyword.WebUiBuiltInKeywords.verifyElementHasAttribute(com.kms.katalon.core.testobject.ObjectRepository.findTestObject(Final Object Repo/Landing Page/BM Detecting), "href", 20, OPTIONAL): Unable to verify if object 'Object Repository/Final Object Repo/Landing Page/BM Detecting' has attribute 'href' (Root cause: org.openqa.selenium.StaleElementReferenceException: stale element reference: element is not attached to the page document
  (Session info: chrome=70.0.3538.102)
  (Driver info: chromedriver=2.43.600210 (68dcf5eebde37173d4027fa8635e332711d2874a),platform=Windows NT 6.1.7601 SP1 x86_64) (WARNING: The server did not provide any stacktrace information)
Command duration or timeout: 0 milliseconds
For documentation on this error, please visit: http://seleniumhq.org/exceptions/stale_element_reference.html
Build info: version: '3.7.1', revision: '8a0099a', time: '2017-11-06T21:07:36.161Z'
System info: host: 'WIN7TEST02', ip: '10.20.3.72', os.name: 'Windows 7', os.arch: 'amd64', os.version: '6.1', java.version: '1.8.0_181'
Driver info: com.kms.katalon.selenium.driver.CChromeDriver
Capabilities {acceptInsecureCerts: false, acceptSslCerts: false, applicationCacheEnabled: false, browserConnectionEnabled: false, browserName: chrome, chrome: {chromedriverVersion: 2.43.600210 (68dcf5eebde371..., userDataDir: C:\Users\Admin\AppData\Loca...}, cssSelectorsEnabled: true, databaseEnabled: false, goog:chromeOptions: {debuggerAddress: localhost:56933}, handlesAlerts: true, hasTouchScreen: false, javascriptEnabled: true, locationContextEnabled: true, mobileEmulationEnabled: false, nativeEvents: true, networkConnectionEnabled: false, pageLoadStrategy: normal, platform: XP, platformName: XP, rotatable: false, setWindowRect: true, takesHeapSnapshot: true, takesScreenshot: true, unexpectedAlertBehaviour: , unhandledPromptBehavior: , version: 70.0.3538.102, webStorageEnabled: true}
Session ID: 40092296a3e798abb5b3bd01677fdd0e)

2018-11-25 10:45:47 - [MESSAGE][WARNING] - Unable to verify if object 'Object Repository/Final Object Repo/Landing Page/BM Detecting' has attribute 'href' (Root cause: org.openqa.selenium.StaleElementReferenceException: stale element reference: element is not attached to the page document
  (Session info: chrome=70.0.3538.102)
  (Driver info: chromedriver=2.43.600210 (68dcf5eebde37173d4027fa8635e332711d2874a),platform=Windows NT 6.1.7601 SP1 x86_64) (WARNING: The server did not provide any stacktrace information)
Command duration or timeout: 0 milliseconds
For documentation on this error, please visit: http://seleniumhq.org/exceptions/stale_element_reference.html
Build info: version: '3.7.1', revision: '8a0099a', time: '2017-11-06T21:07:36.161Z'
System info: host: 'WIN7TEST02', ip: '10.20.3.72', os.name: 'Windows 7', os.arch: 'amd64', os.version: '6.1', java.version: '1.8.0_181'
Driver info: com.kms.katalon.selenium.driver.CChromeDriver
Capabilities {acceptInsecureCerts: false, acceptSslCerts: false, applicationCacheEnabled: false, browserConnectionEnabled: false, browserName: chrome, chrome: {chromedriverVersion: 2.43.600210 (68dcf5eebde371..., userDataDir: C:\Users\Admin\AppData\Loca...}, cssSelectorsEnabled: true, databaseEnabled: false, goog:chromeOptions: {debuggerAddress: localhost:56933}, handlesAlerts: true, hasTouchScreen: false, javascriptEnabled: true, locationContextEnabled: true, mobileEmulationEnabled: false, nativeEvents: true, networkConnectionEnabled: false, pageLoadStrategy: normal, platform: XP, platformName: XP, rotatable: false, setWindowRect: true, takesHeapSnapshot: true, takesScreenshot: true, unexpectedAlertBehaviour: , unhandledPromptBehavior: , version: 70.0.3538.102, webStorageEnabled: true}
Session ID: 40092296a3e798abb5b3bd01677fdd0e)
[[ATTACHMENT|C:\\Users\\Admin\\Desktop\\PKS\\Perkeso Phase A\\Reports\\Workflow\\Request SSN\\20181125_002205\\1543113947487.png]]

2018-11-25 10:45:47 - [TEST_STEP][PASSED] - Statement - out.println(Checker): null

2018-11-25 10:45:47 - [TEST_STEP][FAILED] - Statement - If (Checker == false): Unable to click on object 'Object Repository/Final Object Repo/Landing Page/Select to English' (Root cause: com.kms.katalon.core.webui.exception.WebElementNotFoundException: Web element with id: 'Object Repository/Final Object Repo/Landing Page/Select to English' located by 'By.xpath: //a[@class = 'taglib-language-list-text' and @lang = 'en-US' and (contains(text(), 'EN') or contains(., 'EN'))]' not found)

2018-11-25 10:45:47 - [TEST_STEP][FAILED] - click: Unable to click on object 'Object Repository/Final Object Repo/Landing Page/Select to English' (Root cause: com.kms.katalon.core.webui.exception.WebElementNotFoundException: Web element with id: 'Object Repository/Final Object Repo/Landing Page/Select to English' located by 'By.xpath: //a[@class = 'taglib-language-list-text' and @lang = 'en-US' and (contains(text(), 'EN') or contains(., 'EN'))]' not found)

2018-11-25 10:46:25 - [MESSAGE][FAILED] - Unable to click on object 'Object Repository/Final Object Repo/Landing Page/Select to English' (Root cause: com.kms.katalon.core.webui.exception.WebElementNotFoundException: Web element with id: 'Object Repository/Final Object Repo/Landing Page/Select to English' located by 'By.xpath: //a[@class = 'taglib-language-list-text' and @lang = 'en-US' and (contains(text(), 'EN') or contains(., 'EN'))]' not found)
[[ATTACHMENT|C:\\Users\\Admin\\Desktop\\PKS\\Perkeso Phase A\\Reports\\Workflow\\Request SSN\\20181125_002205\\1543113985060.png]]

2018-11-25 10:46:25 - [TEST_STEP][PASSED] - delay: Delayed 2 second(s)

2018-11-25 10:46:27 - [MESSAGE][PASSED] - Delayed 2 second(s)

2018-11-25 10:46:27 - [TEST_STEP][PASSED] - delay: Delayed 3 second(s)

2018-11-25 10:46:30 - [MESSAGE][PASSED] - Delayed 3 second(s)

2018-11-25 10:46:30 - [TEST_STEP][PASSED] - mouseOver: Object: 'Object Repository/Final Object Repo/Landing Page/WorkFlow Menu' is hovered

2018-11-25 10:46:30 - [MESSAGE][PASSED] - Object: 'Object Repository/Final Object Repo/Landing Page/WorkFlow Menu' is hovered

2018-11-25 10:46:30 - [TEST_STEP][PASSED] - delay: Delayed 2 second(s)

2018-11-25 10:46:32 - [MESSAGE][PASSED] - Delayed 2 second(s)

2018-11-25 10:46:32 - [TEST_STEP][FAILED] - click: Unable to click on object 'Object Repository/Final Object Repo/Landing Page/Select to Workflow Listing' (Root cause: org.openqa.selenium.ElementNotVisibleException: element not interactable
  (Session info: chrome=70.0.3538.102)
  (Driver info: chromedriver=2.43.600210 (68dcf5eebde37173d4027fa8635e332711d2874a),platform=Windows NT 6.1.7601 SP1 x86_64) (WARNING: The server did not provide any stacktrace information)
Command duration or timeout: 0 milliseconds
Build info: version: '3.7.1', revision: '8a0099a', time: '2017-11-06T21:07:36.161Z'
System info: host: 'WIN7TEST02', ip: '10.20.3.72', os.name: 'Windows 7', os.arch: 'amd64', os.version: '6.1', java.version: '1.8.0_181'
Driver info: com.kms.katalon.selenium.driver.CChromeDriver
Capabilities {acceptInsecureCerts: false, acceptSslCerts: false, applicationCacheEnabled: false, browserConnectionEnabled: false, browserName: chrome, chrome: {chromedriverVersion: 2.43.600210 (68dcf5eebde371..., userDataDir: C:\Users\Admin\AppData\Loca...}, cssSelectorsEnabled: true, databaseEnabled: false, goog:chromeOptions: {debuggerAddress: localhost:56933}, handlesAlerts: true, hasTouchScreen: false, javascriptEnabled: true, locationContextEnabled: true, mobileEmulationEnabled: false, nativeEvents: true, networkConnectionEnabled: false, pageLoadStrategy: normal, platform: XP, platformName: XP, rotatable: false, setWindowRect: true, takesHeapSnapshot: true, takesScreenshot: true, unexpectedAlertBehaviour: , unhandledPromptBehavior: , version: 70.0.3538.102, webStorageEnabled: true}
Session ID: 40092296a3e798abb5b3bd01677fdd0e)

2018-11-25 10:46:32 - [MESSAGE][FAILED] - Unable to click on object 'Object Repository/Final Object Repo/Landing Page/Select to Workflow Listing' (Root cause: org.openqa.selenium.ElementNotVisibleException: element not interactable
  (Session info: chrome=70.0.3538.102)
  (Driver info: chromedriver=2.43.600210 (68dcf5eebde37173d4027fa8635e332711d2874a),platform=Windows NT 6.1.7601 SP1 x86_64) (WARNING: The server did not provide any stacktrace information)
Command duration or timeout: 0 milliseconds
Build info: version: '3.7.1', revision: '8a0099a', time: '2017-11-06T21:07:36.161Z'
System info: host: 'WIN7TEST02', ip: '10.20.3.72', os.name: 'Windows 7', os.arch: 'amd64', os.version: '6.1', java.version: '1.8.0_181'
Driver info: com.kms.katalon.selenium.driver.CChromeDriver
Capabilities {acceptInsecureCerts: false, acceptSslCerts: false, applicationCacheEnabled: false, browserConnectionEnabled: false, browserName: chrome, chrome: {chromedriverVersion: 2.43.600210 (68dcf5eebde371..., userDataDir: C:\Users\Admin\AppData\Loca...}, cssSelectorsEnabled: true, databaseEnabled: false, goog:chromeOptions: {debuggerAddress: localhost:56933}, handlesAlerts: true, hasTouchScreen: false, javascriptEnabled: true, locationContextEnabled: true, mobileEmulationEnabled: false, nativeEvents: true, networkConnectionEnabled: false, pageLoadStrategy: normal, platform: XP, platformName: XP, rotatable: false, setWindowRect: true, takesHeapSnapshot: true, takesScreenshot: true, unexpectedAlertBehaviour: , unhandledPromptBehavior: , version: 70.0.3538.102, webStorageEnabled: true}
Session ID: 40092296a3e798abb5b3bd01677fdd0e)
[[ATTACHMENT|C:\\Users\\Admin\\Desktop\\PKS\\Perkeso Phase A\\Reports\\Workflow\\Request SSN\\20181125_002205\\1543113992563.png]]

2018-11-25 10:46:32 - [TEST_STEP][PASSED] - delay: Delayed 2 second(s)

2018-11-25 10:46:34 - [MESSAGE][PASSED] - Delayed 2 second(s)

2018-11-25 10:46:34 - [TEST_STEP][FAILED] - click: Unable to click on object 'Object Repository/Final Object Repo/WorkFlow Listing Page/Search Information - To Put Ref No' (Root cause: com.kms.katalon.core.webui.exception.WebElementNotFoundException: Web element with id: 'Object Repository/Final Object Repo/WorkFlow Listing Page/Search Information - To Put Ref No' located by 'By.xpath: //h2[@data-target = '#_workflowlisting_WAR_baseportlet_searchDiv' and (text() = 'Search Information' or . = 'Search Information')]' not found)

2018-11-25 10:47:06 - [MESSAGE][FAILED] - Unable to click on object 'Object Repository/Final Object Repo/WorkFlow Listing Page/Search Information - To Put Ref No' (Root cause: com.kms.katalon.core.webui.exception.WebElementNotFoundException: Web element with id: 'Object Repository/Final Object Repo/WorkFlow Listing Page/Search Information - To Put Ref No' located by 'By.xpath: //h2[@data-target = '#_workflowlisting_WAR_baseportlet_searchDiv' and (text() = 'Search Information' or . = 'Search Information')]' not found)
[[ATTACHMENT|C:\\Users\\Admin\\Desktop\\PKS\\Perkeso Phase A\\Reports\\Workflow\\Request SSN\\20181125_002205\\1543114026145.png]]

2018-11-25 10:47:06 - [TEST_STEP][PASSED] - delay: Delayed 2 second(s)

2018-11-25 10:47:08 - [MESSAGE][PASSED] - Delayed 2 second(s)

2018-11-25 10:47:08 - [TEST_STEP][PASSED] - callTestCase: Call Test Case 'Test Cases/Final Aug 2018 - PKS Automation/Common/Reference Number Getter' successfully

2018-11-25 10:47:08 - [TEST_CASE][PASSED] - Test Cases/Final Aug 2018 - PKS Automation/Common/Reference Number Getter: Test Cases/Final Aug 2018 - PKS Automation/Common/Reference Number Getter

2018-11-25 10:47:08 - [TEST_STEP][PASSED] - Statement - Try: null

2018-11-25 10:47:08 - [TEST_STEP][PASSED] - Statement - RefNo = new java.io.File(C://Users//Admin//Desktop//PKS//Automation Reference Point//KatalonReference.txt): null

2018-11-25 10:47:08 - [TEST_STEP][PASSED] - Statement - bufferread = new java.io.BufferedReader(new java.io.FileReader(RefNo)): null

2018-11-25 10:47:08 - [TEST_STEP][PASSED] - Statement - readedVal = bufferread.readLine(): null

2018-11-25 10:47:08 - [TEST_STEP][PASSED] - Statement - out.println(CaseReferenceNo): null

2018-11-25 10:47:08 - [TEST_STEP][PASSED] - Statement - out.println(readedVal): null

2018-11-25 10:47:08 - [TEST_STEP][PASSED] - Statement - CaseReferenceNo = "": null

2018-11-25 10:47:08 - [TEST_STEP][PASSED] - Statement - CaseReferenceNo = readedVal: null

2018-11-25 10:47:08 - [MESSAGE][PASSED] - Call Test Case 'Test Cases/Final Aug 2018 - PKS Automation/Common/Reference Number Getter' successfully

2018-11-25 10:47:08 - [TEST_STEP][FAILED] - setText: Unable to set text 'SSN11201800001141' of object 'Object Repository/Final Object Repo/WorkFlow Listing Page/Ref No Set Text' (Root cause: com.kms.katalon.core.webui.exception.WebElementNotFoundException: Web element with id: 'Object Repository/Final Object Repo/WorkFlow Listing Page/Ref No Set Text' located by 'By.xpath: //input[@id = '_workflowlisting_WAR_baseportlet_dto.trxReferenceNum' and @name = '_workflowlisting_WAR_baseportlet_dto.trxReferenceNum' and @type = 'text']' not found)

2018-11-25 10:47:40 - [MESSAGE][FAILED] - Unable to set text 'SSN11201800001141' of object 'Object Repository/Final Object Repo/WorkFlow Listing Page/Ref No Set Text' (Root cause: com.kms.katalon.core.webui.exception.WebElementNotFoundException: Web element with id: 'Object Repository/Final Object Repo/WorkFlow Listing Page/Ref No Set Text' located by 'By.xpath: //input[@id = '_workflowlisting_WAR_baseportlet_dto.trxReferenceNum' and @name = '_workflowlisting_WAR_baseportlet_dto.trxReferenceNum' and @type = 'text']' not found)
[[ATTACHMENT|C:\\Users\\Admin\\Desktop\\PKS\\Perkeso Phase A\\Reports\\Workflow\\Request SSN\\20181125_002205\\1543114060217.png]]

2018-11-25 10:47:40 - [TEST_STEP][PASSED] - delay: Delayed 2 second(s)

2018-11-25 10:47:42 - [MESSAGE][PASSED] - Delayed 2 second(s)

2018-11-25 10:47:42 - [TEST_STEP][FAILED] - click: Unable to click on object 'Object Repository/Final Object Repo/WorkFlow Listing Page/Search Ref No Search Button' (Root cause: org.openqa.selenium.ElementNotVisibleException: element not interactable
  (Session info: chrome=70.0.3538.102)
  (Driver info: chromedriver=2.43.600210 (68dcf5eebde37173d4027fa8635e332711d2874a),platform=Windows NT 6.1.7601 SP1 x86_64) (WARNING: The server did not provide any stacktrace information)
Command duration or timeout: 0 milliseconds
Build info: version: '3.7.1', revision: '8a0099a', time: '2017-11-06T21:07:36.161Z'
System info: host: 'WIN7TEST02', ip: '10.20.3.72', os.name: 'Windows 7', os.arch: 'amd64', os.version: '6.1', java.version: '1.8.0_181'
Driver info: com.kms.katalon.selenium.driver.CChromeDriver
Capabilities {acceptInsecureCerts: false, acceptSslCerts: false, applicationCacheEnabled: false, browserConnectionEnabled: false, browserName: chrome, chrome: {chromedriverVersion: 2.43.600210 (68dcf5eebde371..., userDataDir: C:\Users\Admin\AppData\Loca...}, cssSelectorsEnabled: true, databaseEnabled: false, goog:chromeOptions: {debuggerAddress: localhost:56933}, handlesAlerts: true, hasTouchScreen: false, javascriptEnabled: true, locationContextEnabled: true, mobileEmulationEnabled: false, nativeEvents: true, networkConnectionEnabled: false, pageLoadStrategy: normal, platform: XP, platformName: XP, rotatable: false, setWindowRect: true, takesHeapSnapshot: true, takesScreenshot: true, unexpectedAlertBehaviour: , unhandledPromptBehavior: , version: 70.0.3538.102, webStorageEnabled: true}
Session ID: 40092296a3e798abb5b3bd01677fdd0e)

2018-11-25 10:47:42 - [MESSAGE][FAILED] - Unable to click on object 'Object Repository/Final Object Repo/WorkFlow Listing Page/Search Ref No Search Button' (Root cause: org.openqa.selenium.ElementNotVisibleException: element not interactable
  (Session info: chrome=70.0.3538.102)
  (Driver info: chromedriver=2.43.600210 (68dcf5eebde37173d4027fa8635e332711d2874a),platform=Windows NT 6.1.7601 SP1 x86_64) (WARNING: The server did not provide any stacktrace information)
Command duration or timeout: 0 milliseconds
Build info: version: '3.7.1', revision: '8a0099a', time: '2017-11-06T21:07:36.161Z'
System info: host: 'WIN7TEST02', ip: '10.20.3.72', os.name: 'Windows 7', os.arch: 'amd64', os.version: '6.1', java.version: '1.8.0_181'
Driver info: com.kms.katalon.selenium.driver.CChromeDriver
Capabilities {acceptInsecureCerts: false, acceptSslCerts: false, applicationCacheEnabled: false, browserConnectionEnabled: false, browserName: chrome, chrome: {chromedriverVersion: 2.43.600210 (68dcf5eebde371..., userDataDir: C:\Users\Admin\AppData\Loca...}, cssSelectorsEnabled: true, databaseEnabled: false, goog:chromeOptions: {debuggerAddress: localhost:56933}, handlesAlerts: true, hasTouchScreen: false, javascriptEnabled: true, locationContextEnabled: true, mobileEmulationEnabled: false, nativeEvents: true, networkConnectionEnabled: false, pageLoadStrategy: normal, platform: XP, platformName: XP, rotatable: false, setWindowRect: true, takesHeapSnapshot: true, takesScreenshot: true, unexpectedAlertBehaviour: , unhandledPromptBehavior: , version: 70.0.3538.102, webStorageEnabled: true}
Session ID: 40092296a3e798abb5b3bd01677fdd0e)
[[ATTACHMENT|C:\\Users\\Admin\\Desktop\\PKS\\Perkeso Phase A\\Reports\\Workflow\\Request SSN\\20181125_002205\\1543114062643.png]]

2018-11-25 10:47:42 - [TEST_STEP][PASSED] - delay: Delayed 4 second(s)

2018-11-25 10:47:46 - [MESSAGE][PASSED] - Delayed 4 second(s)

2018-11-25 10:47:46 - [TEST_STEP][PASSED] - click: Object: 'Object Repository/Final Object Repo/WorkFlow Listing Page/Click Continue Tooltip' is clicked on

2018-11-25 10:47:48 - [MESSAGE][PASSED] - Object: 'Object Repository/Final Object Repo/WorkFlow Listing Page/Click Continue Tooltip' is clicked on

2018-11-25 10:47:48 - [TEST_STEP][PASSED] - delay: Delayed 5 second(s)

2018-11-25 10:47:53 - [MESSAGE][PASSED] - Delayed 5 second(s)

2018-11-25 10:47:53 - [TEST_STEP][FAILED] - doubleClick: Unable to double click on object 'Object Repository/Final Object Repo/WorkFlow Listing Page/Workflow Found - Listing 1' (Root cause: com.kms.katalon.core.webui.exception.WebElementNotFoundException: Web element with id: 'Object Repository/Final Object Repo/WorkFlow Listing Page/Workflow Found - Listing 1' located by 'By.xpath: //body/div/div/div/div/div/div/div/div/div/div/div/div/div/div/div/div/table/tbody/tr/td[@class='table-cell  first']/following-sibling::td[1]' not found)

2018-11-25 10:48:24 - [MESSAGE][FAILED] - Unable to double click on object 'Object Repository/Final Object Repo/WorkFlow Listing Page/Workflow Found - Listing 1' (Root cause: com.kms.katalon.core.webui.exception.WebElementNotFoundException: Web element with id: 'Object Repository/Final Object Repo/WorkFlow Listing Page/Workflow Found - Listing 1' located by 'By.xpath: //body/div/div/div/div/div/div/div/div/div/div/div/div/div/div/div/div/table/tbody/tr/td[@class='table-cell  first']/following-sibling::td[1]' not found)
[[ATTACHMENT|C:\\Users\\Admin\\Desktop\\PKS\\Perkeso Phase A\\Reports\\Workflow\\Request SSN\\20181125_002205\\1543114104215.png]]

2018-11-25 10:48:24 - [MESSAGE][FAILED] - Unable to call Test Case with id 'Test Cases/Final Aug 2018 - PKS Automation/Common/Workflow Owner Finder' (Root cause: Call Test Case 'Test Cases/Final Aug 2018 - PKS Automation/Common/Workflow Owner Finder' failed)

2018-11-25 10:48:24 - [MESSAGE][FAILED] - Unable to call Test Case with id 'Test Cases/Final Aug 2018 - PKS Automation/Registration Module/Workflow/Request SSN/Template/Request SSN RIO - RO (Under Enforcement)' (Root cause: Call Test Case 'Test Cases/Final Aug 2018 - PKS Automation/Registration Module/Workflow/Request SSN/Template/Request SSN RIO - RO (Under Enforcement)' failed)]]></system-out>
         <system-err><![CDATA[2018-11-25 10:43:51 - [TEST_CASE][FAILED] - Test Cases/Final Aug 2018 - PKS Automation/Registration Module/Workflow/Request SSN/OTC - RIO - RO (Under enforcement): Test Cases/Final Aug 2018 - PKS Automation/Registration Module/Workflow/Request SSN/OTC - RIO - RO (Under enforcement) FAILED because (of) (Stack trace: com.kms.katalon.core.exception.StepFailedException: Unable to click on object 'Object Repository/Final Object Repo/Landing Page/Select to English' (Root cause: com.kms.katalon.core.webui.exception.WebElementNotFoundException: Web element with id: 'Object Repository/Final Object Repo/Landing Page/Select to English' located by 'By.xpath: //a[@class = 'taglib-language-list-text' and @lang = 'en-US' and (contains(text(), 'EN') or contains(., 'EN'))]' not found)
	at com.kms.katalon.core.keyword.internal.KeywordMain.stepFailed(KeywordMain.groovy:32)
	at com.kms.katalon.core.webui.keyword.internal.WebUIKeywordMain.stepFailed(WebUIKeywordMain.groovy:65)
	at com.kms.katalon.core.webui.keyword.internal.WebUIKeywordMain.runKeyword(WebUIKeywordMain.groovy:27)
	at com.kms.katalon.core.webui.keyword.builtin.ClickKeyword.click(ClickKeyword.groovy:86)
	at com.kms.katalon.core.webui.keyword.builtin.ClickKeyword.execute(ClickKeyword.groovy:67)
	at com.kms.katalon.core.keyword.internal.KeywordExecutor.executeKeywordForPlatform(KeywordExecutor.groovy:53)
	at com.kms.katalon.core.webui.keyword.WebUiBuiltInKeywords.click(WebUiBuiltInKeywords.groovy:604)
	at com.kms.katalon.core.webui.keyword.WebUiBuiltInKeywords$click$12.call(Unknown Source)
	at Script1534407542420.run(Script1534407542420.groovy:57)
	at com.kms.katalon.core.main.ScriptEngine.run(ScriptEngine.java:183)
	at com.kms.katalon.core.main.ScriptEngine.runScriptAsRawText(ScriptEngine.java:108)
	at com.kms.katalon.core.main.TestCaseExecutor.runScript(TestCaseExecutor.java:294)
	at com.kms.katalon.core.main.TestCaseExecutor.doExecute(TestCaseExecutor.java:285)
	at com.kms.katalon.core.main.TestCaseExecutor.processExecutionPhase(TestCaseExecutor.java:264)
	at com.kms.katalon.core.main.TestCaseExecutor.accessMainPhase(TestCaseExecutor.java:256)
	at com.kms.katalon.core.main.TestCaseExecutor.execute(TestCaseExecutor.java:200)
	at com.kms.katalon.core.main.TestCaseMain.runTestCase(TestCaseMain.java:99)
	at com.kms.katalon.core.keyword.builtin.CallTestCaseKeyword$_callTestCase_closure1.doCall(CallTestCaseKeyword.groovy:60)
	at com.kms.katalon.core.keyword.builtin.CallTestCaseKeyword$_callTestCase_closure1.call(CallTestCaseKeyword.groovy)
	at com.kms.katalon.core.keyword.internal.KeywordMain.runKeyword(KeywordMain.groovy:54)
	at com.kms.katalon.core.keyword.builtin.CallTestCaseKeyword.callTestCase(CallTestCaseKeyword.groovy:81)
	at com.kms.katalon.core.keyword.builtin.CallTestCaseKeyword.execute(CallTestCaseKeyword.groovy:45)
	at com.kms.katalon.core.keyword.internal.KeywordExecutor.executeKeywordForPlatform(KeywordExecutor.groovy:53)
	at com.kms.katalon.core.keyword.BuiltinKeywords.callTestCase(BuiltinKeywords.groovy:334)
	at sun.reflect.NativeMethodAccessorImpl.invoke0(Native Method)
	at sun.reflect.NativeMethodAccessorImpl.invoke(NativeMethodAccessorImpl.java:62)
	at sun.reflect.DelegatingMethodAccessorImpl.invoke(DelegatingMethodAccessorImpl.java:43)
	at java.lang.reflect.Method.invoke(Method.java:498)
	at org.codehaus.groovy.reflection.CachedMethod.invoke(CachedMethod.java:93)
	at groovy.lang.MetaMethod.doMethodInvoke(MetaMethod.java:325)
	at groovy.lang.MetaClassImpl.invokeStaticMethod(MetaClassImpl.java:1469)
	at org.codehaus.groovy.runtime.callsite.StaticMetaClassSite.call(StaticMetaClassSite.java:53)
	at org.codehaus.groovy.runtime.callsite.CallSiteArray.defaultCall(CallSiteArray.java:48)
	at org.codehaus.groovy.runtime.callsite.AbstractCallSite.call(AbstractCallSite.java:113)
	at org.codehaus.groovy.runtime.callsite.AbstractCallSite.call(AbstractCallSite.java:141)
	at Script1537866016330.run(Script1537866016330.groovy:33)
	at com.kms.katalon.core.main.ScriptEngine.run(ScriptEngine.java:183)
	at com.kms.katalon.core.main.ScriptEngine.runScriptAsRawText(ScriptEngine.java:108)
	at com.kms.katalon.core.main.TestCaseExecutor.runScript(TestCaseExecutor.java:294)
	at com.kms.katalon.core.main.TestCaseExecutor.doExecute(TestCaseExecutor.java:285)
	at com.kms.katalon.core.main.TestCaseExecutor.processExecutionPhase(TestCaseExecutor.java:264)
	at com.kms.katalon.core.main.TestCaseExecutor.accessMainPhase(TestCaseExecutor.java:256)
	at com.kms.katalon.core.main.TestCaseExecutor.execute(TestCaseExecutor.java:200)
	at com.kms.katalon.core.main.TestCaseMain.runTestCase(TestCaseMain.java:99)
	at com.kms.katalon.core.keyword.builtin.CallTestCaseKeyword$_callTestCase_closure1.doCall(CallTestCaseKeyword.groovy:60)
	at com.kms.katalon.core.keyword.builtin.CallTestCaseKeyword$_callTestCase_closure1.call(CallTestCaseKeyword.groovy)
	at com.kms.katalon.core.keyword.internal.KeywordMain.runKeyword(KeywordMain.groovy:54)
	at com.kms.katalon.core.keyword.builtin.CallTestCaseKeyword.callTestCase(CallTestCaseKeyword.groovy:81)
	at com.kms.katalon.core.keyword.builtin.CallTestCaseKeyword.execute(CallTestCaseKeyword.groovy:45)
	at com.kms.katalon.core.keyword.internal.KeywordExecutor.executeKeywordForPlatform(KeywordExecutor.groovy:53)
	at com.kms.katalon.core.keyword.BuiltinKeywords.callTestCase(BuiltinKeywords.groovy:334)
	at sun.reflect.NativeMethodAccessorImpl.invoke0(Native Method)
	at sun.reflect.NativeMethodAccessorImpl.invoke(NativeMethodAccessorImpl.java:62)
	at sun.reflect.DelegatingMethodAccessorImpl.invoke(DelegatingMethodAccessorImpl.java:43)
	at java.lang.reflect.Method.invoke(Method.java:498)
	at org.codehaus.groovy.reflection.CachedMethod.invoke(CachedMethod.java:93)
	at groovy.lang.MetaMethod.doMethodInvoke(MetaMethod.java:325)
	at groovy.lang.MetaClassImpl.invokeStaticMethod(MetaClassImpl.java:1469)
	at org.codehaus.groovy.runtime.callsite.StaticMetaClassSite.call(StaticMetaClassSite.java:53)
	at org.codehaus.groovy.runtime.callsite.CallSiteArray.defaultCall(CallSiteArray.java:48)
	at org.codehaus.groovy.runtime.callsite.AbstractCallSite.call(AbstractCallSite.java:113)
	at org.codehaus.groovy.runtime.callsite.AbstractCallSite.call(AbstractCallSite.java:141)
	at Script1536300508609.run(Script1536300508609.groovy:24)
	at com.kms.katalon.core.main.ScriptEngine.run(ScriptEngine.java:183)
	at com.kms.katalon.core.main.ScriptEngine.runScriptAsRawText(ScriptEngine.java:108)
	at com.kms.katalon.core.main.TestCaseExecutor.runScript(TestCaseExecutor.java:294)
	at com.kms.katalon.core.main.TestCaseExecutor.doExecute(TestCaseExecutor.java:285)
	at com.kms.katalon.core.main.TestCaseExecutor.processExecutionPhase(TestCaseExecutor.java:264)
	at com.kms.katalon.core.main.TestCaseExecutor.accessMainPhase(TestCaseExecutor.java:256)
	at com.kms.katalon.core.main.TestCaseExecutor.execute(TestCaseExecutor.java:200)
	at com.kms.katalon.core.main.TestSuiteExecutor.accessTestCaseMainPhase(TestSuiteExecutor.java:129)
	at com.kms.katalon.core.main.TestSuiteExecutor.accessTestSuiteMainPhase(TestSuiteExecutor.java:112)
	at com.kms.katalon.core.main.TestSuiteExecutor.execute(TestSuiteExecutor.java:81)
	at com.kms.katalon.core.main.TestCaseMain.startTestSuite(TestCaseMain.java:142)
	at com.kms.katalon.core.main.TestCaseMain$startTestSuite$0.call(Unknown Source)
	at org.codehaus.groovy.runtime.callsite.CallSiteArray.defaultCall(CallSiteArray.java:48)
	at org.codehaus.groovy.runtime.callsite.AbstractCallSite.call(AbstractCallSite.java:113)
	at org.codehaus.groovy.runtime.callsite.AbstractCallSite.call(AbstractCallSite.java:141)
	at TempTestSuite1543076525606.run(TempTestSuite1543076525606.groovy:36)
	at groovy.lang.GroovyShell.runScriptOrMainOrTestOrRunnable(GroovyShell.java:263)
	at groovy.lang.GroovyShell.run(GroovyShell.java:518)
	at groovy.lang.GroovyShell.run(GroovyShell.java:507)
	at groovy.ui.GroovyMain.processOnce(GroovyMain.java:653)
	at groovy.ui.GroovyMain.run(GroovyMain.java:384)
	at groovy.ui.GroovyMain.process(GroovyMain.java:370)
	at groovy.ui.GroovyMain.processArgs(GroovyMain.java:129)
	at groovy.ui.GroovyMain.main(GroovyMain.java:109)
	at sun.reflect.NativeMethodAccessorImpl.invoke0(Native Method)
	at sun.reflect.NativeMethodAccessorImpl.invoke(NativeMethodAccessorImpl.java:62)
	at sun.reflect.DelegatingMethodAccessorImpl.invoke(DelegatingMethodAccessorImpl.java:43)
	at java.lang.reflect.Method.invoke(Method.java:498)
	at org.codehaus.groovy.tools.GroovyStarter.rootLoader(GroovyStarter.java:109)
	at org.codehaus.groovy.tools.GroovyStarter.main(GroovyStarter.java:131)
)]]></system-err>
      </testcase>
      <testcase name="Test Cases/Final Aug 2018 - PKS Automation/Registration Module/Workflow/Request SSN/PKRBO - RIO - RO (Approve)" classname="Test Cases/Final Aug 2018 - PKS Automation/Registration Module/Workflow/Request SSN/PKRBO - RIO - RO (Approve)" status="FAILED">
         <failure type="FAILED" message="(Stack trace: com.kms.katalon.core.exception.StepFailedException: Unable to click on object 'Object Repository/Final Object Repo/Landing Page/Select to English' (Root cause: com.kms.katalon.core.webui.exception.WebElementNotFoundException: Web element with id: 'Object Repository/Final Object Repo/Landing Page/Select to English' located by 'By.xpath: //a[@class = 'taglib-language-list-text' and @lang = 'en-US' and (contains(text(), 'EN') or contains(., 'EN'))]' not found)
	at com.kms.katalon.core.keyword.internal.KeywordMain.stepFailed(KeywordMain.groovy:32)
	at com.kms.katalon.core.webui.keyword.internal.WebUIKeywordMain.stepFailed(WebUIKeywordMain.groovy:65)
	at com.kms.katalon.core.webui.keyword.internal.WebUIKeywordMain.runKeyword(WebUIKeywordMain.groovy:27)
	at com.kms.katalon.core.webui.keyword.builtin.ClickKeyword.click(ClickKeyword.groovy:86)
	at com.kms.katalon.core.webui.keyword.builtin.ClickKeyword.execute(ClickKeyword.groovy:67)
	at com.kms.katalon.core.keyword.internal.KeywordExecutor.executeKeywordForPlatform(KeywordExecutor.groovy:53)
	at com.kms.katalon.core.webui.keyword.WebUiBuiltInKeywords.click(WebUiBuiltInKeywords.groovy:604)
	at com.kms.katalon.core.webui.keyword.WebUiBuiltInKeywords$click$12.call(Unknown Source)
	at Script1534407542420.run(Script1534407542420.groovy:57)
	at com.kms.katalon.core.main.ScriptEngine.run(ScriptEngine.java:183)
	at com.kms.katalon.core.main.ScriptEngine.runScriptAsRawText(ScriptEngine.java:108)
	at com.kms.katalon.core.main.TestCaseExecutor.runScript(TestCaseExecutor.java:294)
	at com.kms.katalon.core.main.TestCaseExecutor.doExecute(TestCaseExecutor.java:285)
	at com.kms.katalon.core.main.TestCaseExecutor.processExecutionPhase(TestCaseExecutor.java:264)
	at com.kms.katalon.core.main.TestCaseExecutor.accessMainPhase(TestCaseExecutor.java:256)
	at com.kms.katalon.core.main.TestCaseExecutor.execute(TestCaseExecutor.java:200)
	at com.kms.katalon.core.main.TestCaseMain.runTestCase(TestCaseMain.java:99)
	at com.kms.katalon.core.keyword.builtin.CallTestCaseKeyword$_callTestCase_closure1.doCall(CallTestCaseKeyword.groovy:60)
	at com.kms.katalon.core.keyword.builtin.CallTestCaseKeyword$_callTestCase_closure1.call(CallTestCaseKeyword.groovy)
	at com.kms.katalon.core.keyword.internal.KeywordMain.runKeyword(KeywordMain.groovy:54)
	at com.kms.katalon.core.keyword.builtin.CallTestCaseKeyword.callTestCase(CallTestCaseKeyword.groovy:81)
	at com.kms.katalon.core.keyword.builtin.CallTestCaseKeyword.execute(CallTestCaseKeyword.groovy:45)
	at com.kms.katalon.core.keyword.internal.KeywordExecutor.executeKeywordForPlatform(KeywordExecutor.groovy:53)
	at com.kms.katalon.core.keyword.BuiltinKeywords.callTestCase(BuiltinKeywords.groovy:334)
	at sun.reflect.GeneratedMethodAccessor13.invoke(Unknown Source)
	at sun.reflect.DelegatingMethodAccessorImpl.invoke(DelegatingMethodAccessorImpl.java:43)
	at java.lang.reflect.Method.invoke(Method.java:498)
	at org.codehaus.groovy.reflection.CachedMethod.invoke(CachedMethod.java:93)
	at groovy.lang.MetaMethod.doMethodInvoke(MetaMethod.java:325)
	at groovy.lang.MetaClassImpl.invokeStaticMethod(MetaClassImpl.java:1469)
	at org.codehaus.groovy.runtime.callsite.StaticMetaClassSite.call(StaticMetaClassSite.java:53)
	at org.codehaus.groovy.runtime.callsite.CallSiteArray.defaultCall(CallSiteArray.java:48)
	at org.codehaus.groovy.runtime.callsite.AbstractCallSite.call(AbstractCallSite.java:113)
	at org.codehaus.groovy.runtime.callsite.AbstractCallSite.call(AbstractCallSite.java:141)
	at Script1537866116409.run(Script1537866116409.groovy:30)
	at com.kms.katalon.core.main.ScriptEngine.run(ScriptEngine.java:183)
	at com.kms.katalon.core.main.ScriptEngine.runScriptAsRawText(ScriptEngine.java:108)
	at com.kms.katalon.core.main.TestCaseExecutor.runScript(TestCaseExecutor.java:294)
	at com.kms.katalon.core.main.TestCaseExecutor.doExecute(TestCaseExecutor.java:285)
	at com.kms.katalon.core.main.TestCaseExecutor.processExecutionPhase(TestCaseExecutor.java:264)
	at com.kms.katalon.core.main.TestCaseExecutor.accessMainPhase(TestCaseExecutor.java:256)
	at com.kms.katalon.core.main.TestCaseExecutor.execute(TestCaseExecutor.java:200)
	at com.kms.katalon.core.main.TestCaseMain.runTestCase(TestCaseMain.java:99)
	at com.kms.katalon.core.keyword.builtin.CallTestCaseKeyword$_callTestCase_closure1.doCall(CallTestCaseKeyword.groovy:60)
	at com.kms.katalon.core.keyword.builtin.CallTestCaseKeyword$_callTestCase_closure1.call(CallTestCaseKeyword.groovy)
	at com.kms.katalon.core.keyword.internal.KeywordMain.runKeyword(KeywordMain.groovy:54)
	at com.kms.katalon.core.keyword.builtin.CallTestCaseKeyword.callTestCase(CallTestCaseKeyword.groovy:81)
	at com.kms.katalon.core.keyword.builtin.CallTestCaseKeyword.execute(CallTestCaseKeyword.groovy:45)
	at com.kms.katalon.core.keyword.internal.KeywordExecutor.executeKeywordForPlatform(KeywordExecutor.groovy:53)
	at com.kms.katalon.core.keyword.BuiltinKeywords.callTestCase(BuiltinKeywords.groovy:334)
	at sun.reflect.GeneratedMethodAccessor13.invoke(Unknown Source)
	at sun.reflect.DelegatingMethodAccessorImpl.invoke(DelegatingMethodAccessorImpl.java:43)
	at java.lang.reflect.Method.invoke(Method.java:498)
	at org.codehaus.groovy.reflection.CachedMethod.invoke(CachedMethod.java:93)
	at groovy.lang.MetaMethod.doMethodInvoke(MetaMethod.java:325)
	at groovy.lang.MetaClassImpl.invokeStaticMethod(MetaClassImpl.java:1469)
	at org.codehaus.groovy.runtime.callsite.StaticMetaClassSite.call(StaticMetaClassSite.java:53)
	at org.codehaus.groovy.runtime.callsite.CallSiteArray.defaultCall(CallSiteArray.java:48)
	at org.codehaus.groovy.runtime.callsite.AbstractCallSite.call(AbstractCallSite.java:113)
	at org.codehaus.groovy.runtime.callsite.AbstractCallSite.call(AbstractCallSite.java:141)
	at Script1536300508619.run(Script1536300508619.groovy:24)
	at com.kms.katalon.core.main.ScriptEngine.run(ScriptEngine.java:183)
	at com.kms.katalon.core.main.ScriptEngine.runScriptAsRawText(ScriptEngine.java:108)
	at com.kms.katalon.core.main.TestCaseExecutor.runScript(TestCaseExecutor.java:294)
	at com.kms.katalon.core.main.TestCaseExecutor.doExecute(TestCaseExecutor.java:285)
	at com.kms.katalon.core.main.TestCaseExecutor.processExecutionPhase(TestCaseExecutor.java:264)
	at com.kms.katalon.core.main.TestCaseExecutor.accessMainPhase(TestCaseExecutor.java:256)
	at com.kms.katalon.core.main.TestCaseExecutor.execute(TestCaseExecutor.java:200)
	at com.kms.katalon.core.main.TestSuiteExecutor.accessTestCaseMainPhase(TestSuiteExecutor.java:129)
	at com.kms.katalon.core.main.TestSuiteExecutor.accessTestSuiteMainPhase(TestSuiteExecutor.java:112)
	at com.kms.katalon.core.main.TestSuiteExecutor.execute(TestSuiteExecutor.java:81)
	at com.kms.katalon.core.main.TestCaseMain.startTestSuite(TestCaseMain.java:142)
	at com.kms.katalon.core.main.TestCaseMain$startTestSuite$0.call(Unknown Source)
	at org.codehaus.groovy.runtime.callsite.CallSiteArray.defaultCall(CallSiteArray.java:48)
	at org.codehaus.groovy.runtime.callsite.AbstractCallSite.call(AbstractCallSite.java:113)
	at org.codehaus.groovy.runtime.callsite.AbstractCallSite.call(AbstractCallSite.java:141)
	at TempTestSuite1543076525606.run(TempTestSuite1543076525606.groovy:36)
	at groovy.lang.GroovyShell.runScriptOrMainOrTestOrRunnable(GroovyShell.java:263)
	at groovy.lang.GroovyShell.run(GroovyShell.java:518)
	at groovy.lang.GroovyShell.run(GroovyShell.java:507)
	at groovy.ui.GroovyMain.processOnce(GroovyMain.java:653)
	at groovy.ui.GroovyMain.run(GroovyMain.java:384)
	at groovy.ui.GroovyMain.process(GroovyMain.java:370)
	at groovy.ui.GroovyMain.processArgs(GroovyMain.java:129)
	at groovy.ui.GroovyMain.main(GroovyMain.java:109)
	at sun.reflect.NativeMethodAccessorImpl.invoke0(Native Method)
	at sun.reflect.NativeMethodAccessorImpl.invoke(NativeMethodAccessorImpl.java:62)
	at sun.reflect.DelegatingMethodAccessorImpl.invoke(DelegatingMethodAccessorImpl.java:43)
	at java.lang.reflect.Method.invoke(Method.java:498)
	at org.codehaus.groovy.tools.GroovyStarter.rootLoader(GroovyStarter.java:109)
	at org.codehaus.groovy.tools.GroovyStarter.main(GroovyStarter.java:131)
)"/>
         <system-out><![CDATA[2018-11-25 10:48:24 - [TEST_CASE][FAILED] - Test Cases/Final Aug 2018 - PKS Automation/Registration Module/Workflow/Request SSN/PKRBO - RIO - RO (Approve): Test Cases/Final Aug 2018 - PKS Automation/Registration Module/Workflow/Request SSN/PKRBO - RIO - RO (Approve) FAILED because (of) (Stack trace: com.kms.katalon.core.exception.StepFailedException: Unable to click on object 'Object Repository/Final Object Repo/Landing Page/Select to English' (Root cause: com.kms.katalon.core.webui.exception.WebElementNotFoundException: Web element with id: 'Object Repository/Final Object Repo/Landing Page/Select to English' located by 'By.xpath: //a[@class = 'taglib-language-list-text' and @lang = 'en-US' and (contains(text(), 'EN') or contains(., 'EN'))]' not found)
	at com.kms.katalon.core.keyword.internal.KeywordMain.stepFailed(KeywordMain.groovy:32)
	at com.kms.katalon.core.webui.keyword.internal.WebUIKeywordMain.stepFailed(WebUIKeywordMain.groovy:65)
	at com.kms.katalon.core.webui.keyword.internal.WebUIKeywordMain.runKeyword(WebUIKeywordMain.groovy:27)
	at com.kms.katalon.core.webui.keyword.builtin.ClickKeyword.click(ClickKeyword.groovy:86)
	at com.kms.katalon.core.webui.keyword.builtin.ClickKeyword.execute(ClickKeyword.groovy:67)
	at com.kms.katalon.core.keyword.internal.KeywordExecutor.executeKeywordForPlatform(KeywordExecutor.groovy:53)
	at com.kms.katalon.core.webui.keyword.WebUiBuiltInKeywords.click(WebUiBuiltInKeywords.groovy:604)
	at com.kms.katalon.core.webui.keyword.WebUiBuiltInKeywords$click$12.call(Unknown Source)
	at Script1534407542420.run(Script1534407542420.groovy:57)
	at com.kms.katalon.core.main.ScriptEngine.run(ScriptEngine.java:183)
	at com.kms.katalon.core.main.ScriptEngine.runScriptAsRawText(ScriptEngine.java:108)
	at com.kms.katalon.core.main.TestCaseExecutor.runScript(TestCaseExecutor.java:294)
	at com.kms.katalon.core.main.TestCaseExecutor.doExecute(TestCaseExecutor.java:285)
	at com.kms.katalon.core.main.TestCaseExecutor.processExecutionPhase(TestCaseExecutor.java:264)
	at com.kms.katalon.core.main.TestCaseExecutor.accessMainPhase(TestCaseExecutor.java:256)
	at com.kms.katalon.core.main.TestCaseExecutor.execute(TestCaseExecutor.java:200)
	at com.kms.katalon.core.main.TestCaseMain.runTestCase(TestCaseMain.java:99)
	at com.kms.katalon.core.keyword.builtin.CallTestCaseKeyword$_callTestCase_closure1.doCall(CallTestCaseKeyword.groovy:60)
	at com.kms.katalon.core.keyword.builtin.CallTestCaseKeyword$_callTestCase_closure1.call(CallTestCaseKeyword.groovy)
	at com.kms.katalon.core.keyword.internal.KeywordMain.runKeyword(KeywordMain.groovy:54)
	at com.kms.katalon.core.keyword.builtin.CallTestCaseKeyword.callTestCase(CallTestCaseKeyword.groovy:81)
	at com.kms.katalon.core.keyword.builtin.CallTestCaseKeyword.execute(CallTestCaseKeyword.groovy:45)
	at com.kms.katalon.core.keyword.internal.KeywordExecutor.executeKeywordForPlatform(KeywordExecutor.groovy:53)
	at com.kms.katalon.core.keyword.BuiltinKeywords.callTestCase(BuiltinKeywords.groovy:334)
	at sun.reflect.GeneratedMethodAccessor13.invoke(Unknown Source)
	at sun.reflect.DelegatingMethodAccessorImpl.invoke(DelegatingMethodAccessorImpl.java:43)
	at java.lang.reflect.Method.invoke(Method.java:498)
	at org.codehaus.groovy.reflection.CachedMethod.invoke(CachedMethod.java:93)
	at groovy.lang.MetaMethod.doMethodInvoke(MetaMethod.java:325)
	at groovy.lang.MetaClassImpl.invokeStaticMethod(MetaClassImpl.java:1469)
	at org.codehaus.groovy.runtime.callsite.StaticMetaClassSite.call(StaticMetaClassSite.java:53)
	at org.codehaus.groovy.runtime.callsite.CallSiteArray.defaultCall(CallSiteArray.java:48)
	at org.codehaus.groovy.runtime.callsite.AbstractCallSite.call(AbstractCallSite.java:113)
	at org.codehaus.groovy.runtime.callsite.AbstractCallSite.call(AbstractCallSite.java:141)
	at Script1537866116409.run(Script1537866116409.groovy:30)
	at com.kms.katalon.core.main.ScriptEngine.run(ScriptEngine.java:183)
	at com.kms.katalon.core.main.ScriptEngine.runScriptAsRawText(ScriptEngine.java:108)
	at com.kms.katalon.core.main.TestCaseExecutor.runScript(TestCaseExecutor.java:294)
	at com.kms.katalon.core.main.TestCaseExecutor.doExecute(TestCaseExecutor.java:285)
	at com.kms.katalon.core.main.TestCaseExecutor.processExecutionPhase(TestCaseExecutor.java:264)
	at com.kms.katalon.core.main.TestCaseExecutor.accessMainPhase(TestCaseExecutor.java:256)
	at com.kms.katalon.core.main.TestCaseExecutor.execute(TestCaseExecutor.java:200)
	at com.kms.katalon.core.main.TestCaseMain.runTestCase(TestCaseMain.java:99)
	at com.kms.katalon.core.keyword.builtin.CallTestCaseKeyword$_callTestCase_closure1.doCall(CallTestCaseKeyword.groovy:60)
	at com.kms.katalon.core.keyword.builtin.CallTestCaseKeyword$_callTestCase_closure1.call(CallTestCaseKeyword.groovy)
	at com.kms.katalon.core.keyword.internal.KeywordMain.runKeyword(KeywordMain.groovy:54)
	at com.kms.katalon.core.keyword.builtin.CallTestCaseKeyword.callTestCase(CallTestCaseKeyword.groovy:81)
	at com.kms.katalon.core.keyword.builtin.CallTestCaseKeyword.execute(CallTestCaseKeyword.groovy:45)
	at com.kms.katalon.core.keyword.internal.KeywordExecutor.executeKeywordForPlatform(KeywordExecutor.groovy:53)
	at com.kms.katalon.core.keyword.BuiltinKeywords.callTestCase(BuiltinKeywords.groovy:334)
	at sun.reflect.GeneratedMethodAccessor13.invoke(Unknown Source)
	at sun.reflect.DelegatingMethodAccessorImpl.invoke(DelegatingMethodAccessorImpl.java:43)
	at java.lang.reflect.Method.invoke(Method.java:498)
	at org.codehaus.groovy.reflection.CachedMethod.invoke(CachedMethod.java:93)
	at groovy.lang.MetaMethod.doMethodInvoke(MetaMethod.java:325)
	at groovy.lang.MetaClassImpl.invokeStaticMethod(MetaClassImpl.java:1469)
	at org.codehaus.groovy.runtime.callsite.StaticMetaClassSite.call(StaticMetaClassSite.java:53)
	at org.codehaus.groovy.runtime.callsite.CallSiteArray.defaultCall(CallSiteArray.java:48)
	at org.codehaus.groovy.runtime.callsite.AbstractCallSite.call(AbstractCallSite.java:113)
	at org.codehaus.groovy.runtime.callsite.AbstractCallSite.call(AbstractCallSite.java:141)
	at Script1536300508619.run(Script1536300508619.groovy:24)
	at com.kms.katalon.core.main.ScriptEngine.run(ScriptEngine.java:183)
	at com.kms.katalon.core.main.ScriptEngine.runScriptAsRawText(ScriptEngine.java:108)
	at com.kms.katalon.core.main.TestCaseExecutor.runScript(TestCaseExecutor.java:294)
	at com.kms.katalon.core.main.TestCaseExecutor.doExecute(TestCaseExecutor.java:285)
	at com.kms.katalon.core.main.TestCaseExecutor.processExecutionPhase(TestCaseExecutor.java:264)
	at com.kms.katalon.core.main.TestCaseExecutor.accessMainPhase(TestCaseExecutor.java:256)
	at com.kms.katalon.core.main.TestCaseExecutor.execute(TestCaseExecutor.java:200)
	at com.kms.katalon.core.main.TestSuiteExecutor.accessTestCaseMainPhase(TestSuiteExecutor.java:129)
	at com.kms.katalon.core.main.TestSuiteExecutor.accessTestSuiteMainPhase(TestSuiteExecutor.java:112)
	at com.kms.katalon.core.main.TestSuiteExecutor.execute(TestSuiteExecutor.java:81)
	at com.kms.katalon.core.main.TestCaseMain.startTestSuite(TestCaseMain.java:142)
	at com.kms.katalon.core.main.TestCaseMain$startTestSuite$0.call(Unknown Source)
	at org.codehaus.groovy.runtime.callsite.CallSiteArray.defaultCall(CallSiteArray.java:48)
	at org.codehaus.groovy.runtime.callsite.AbstractCallSite.call(AbstractCallSite.java:113)
	at org.codehaus.groovy.runtime.callsite.AbstractCallSite.call(AbstractCallSite.java:141)
	at TempTestSuite1543076525606.run(TempTestSuite1543076525606.groovy:36)
	at groovy.lang.GroovyShell.runScriptOrMainOrTestOrRunnable(GroovyShell.java:263)
	at groovy.lang.GroovyShell.run(GroovyShell.java:518)
	at groovy.lang.GroovyShell.run(GroovyShell.java:507)
	at groovy.ui.GroovyMain.processOnce(GroovyMain.java:653)
	at groovy.ui.GroovyMain.run(GroovyMain.java:384)
	at groovy.ui.GroovyMain.process(GroovyMain.java:370)
	at groovy.ui.GroovyMain.processArgs(GroovyMain.java:129)
	at groovy.ui.GroovyMain.main(GroovyMain.java:109)
	at sun.reflect.NativeMethodAccessorImpl.invoke0(Native Method)
	at sun.reflect.NativeMethodAccessorImpl.invoke(NativeMethodAccessorImpl.java:62)
	at sun.reflect.DelegatingMethodAccessorImpl.invoke(DelegatingMethodAccessorImpl.java:43)
	at java.lang.reflect.Method.invoke(Method.java:498)
	at org.codehaus.groovy.tools.GroovyStarter.rootLoader(GroovyStarter.java:109)
	at org.codehaus.groovy.tools.GroovyStarter.main(GroovyStarter.java:131)
)

2018-11-25 10:48:24 - [TEST_STEP][PASSED] - callTestCase: Call Test Case 'Test Cases/Final Aug 2018 - PKS Automation/Registration Module/Workflow/Request SSN/Template/Request SSN - PKRBO' successfully

2018-11-25 10:48:24 - [TEST_CASE][PASSED] - Test Cases/Final Aug 2018 - PKS Automation/Registration Module/Workflow/Request SSN/Template/Request SSN - PKRBO: Test Cases/Final Aug 2018 - PKS Automation/Registration Module/Workflow/Request SSN/Template/Request SSN - PKRBO

2018-11-25 10:48:25 - [TEST_STEP][PASSED] - openBrowser: Browser is opened with url: ''

2018-11-25 10:48:25 - [MESSAGE][WARNING] - A browser is already opened. Closing browser and opening a new one

2018-11-25 10:48:29 - [MESSAGE][PASSED] - Browser is opened with url: ''

2018-11-25 10:48:29 - [TEST_STEP][PASSED] - navigateToUrl: Navigate to 'https://assist2-uat.perkeso.gov.my/login' successfully

2018-11-25 10:48:30 - [MESSAGE][PASSED] - Navigate to 'https://assist2-uat.perkeso.gov.my/login' successfully

2018-11-25 10:48:30 - [TEST_STEP][PASSED] - setText: Text 'johorpkrbo1@gmail.com' is set on object 'Object Repository/Final Object Repo/Login Page/Internal User/Email Address'

2018-11-25 10:48:30 - [MESSAGE][PASSED] - Text 'johorpkrbo1@gmail.com' is set on object 'Object Repository/Final Object Repo/Login Page/Internal User/Email Address'

2018-11-25 10:48:30 - [TEST_STEP][PASSED] - click: Object: 'Object Repository/Final Object Repo/Login Page/Internal User/Next Button' is clicked on

2018-11-25 10:48:30 - [MESSAGE][PASSED] - Object: 'Object Repository/Final Object Repo/Login Page/Internal User/Next Button' is clicked on

2018-11-25 10:48:30 - [TEST_STEP][PASSED] - delay: Delayed 1 second(s)

2018-11-25 10:48:31 - [MESSAGE][PASSED] - Delayed 1 second(s)

2018-11-25 10:48:31 - [TEST_STEP][PASSED] - setEncryptedText: Text ****** has been set on object 'Object Repository/Final Object Repo/Login Page/Internal User/Password'

2018-11-25 10:48:32 - [MESSAGE][PASSED] - Text ****** has been set on object 'Object Repository/Final Object Repo/Login Page/Internal User/Password'

2018-11-25 10:48:32 - [TEST_STEP][PASSED] - click: Object: 'Object Repository/Final Object Repo/Login Page/Internal User/Login Button' is clicked on

2018-11-25 10:48:32 - [MESSAGE][PASSED] - Object: 'Object Repository/Final Object Repo/Login Page/Internal User/Login Button' is clicked on

2018-11-25 10:48:32 - [TEST_STEP][PASSED] - delay: Delayed 1 second(s)

2018-11-25 10:48:33 - [MESSAGE][PASSED] - Delayed 1 second(s)

2018-11-25 10:48:33 - [TEST_STEP][PASSED] - navigateToUrl: Navigate to 'https://assist2-uat.perkeso.gov.my/web/registration/request-ssn' successfully

2018-11-25 10:48:38 - [MESSAGE][PASSED] - Navigate to 'https://assist2-uat.perkeso.gov.my/web/registration/request-ssn' successfully

2018-11-25 10:48:38 - [TEST_STEP][PASSED] - setText: Text 'perkeso' is set on object 'Object Repository/Final Object Repo/Page_Request SSN - ASSIST/AI - Name'

2018-11-25 10:48:38 - [MESSAGE][PASSED] - Text 'perkeso' is set on object 'Object Repository/Final Object Repo/Page_Request SSN - ASSIST/AI - Name'

2018-11-25 10:48:38 - [TEST_STEP][PASSED] - click: Object: 'Object Repository/Final Object Repo/Page_Request SSN - ASSIST/AI - DOB' is clicked on

2018-11-25 10:48:38 - [MESSAGE][PASSED] - Object: 'Object Repository/Final Object Repo/Page_Request SSN - ASSIST/AI - DOB' is clicked on

2018-11-25 10:48:38 - [TEST_STEP][PASSED] - selectOptionByValue: All options with value '1995' are selected in object 'Object Repository/Final Object Repo/Page_Request SSN - ASSIST/AI - DOB - Year' 

2018-11-25 10:48:39 - [MESSAGE][PASSED] - All options with value '1995' are selected in object 'Object Repository/Final Object Repo/Page_Request SSN - ASSIST/AI - DOB - Year' 

2018-11-25 10:48:39 - [TEST_STEP][PASSED] - delay: Delayed 3 second(s)

2018-11-25 10:48:42 - [MESSAGE][PASSED] - Delayed 3 second(s)

2018-11-25 10:48:42 - [TEST_STEP][PASSED] - doubleClick: Object: 'Object Repository/Final Object Repo/Page_Request SSN - ASSIST/AI - DOB - Year - Date' is double clicked on

2018-11-25 10:48:42 - [MESSAGE][PASSED] - Object: 'Object Repository/Final Object Repo/Page_Request SSN - ASSIST/AI - DOB - Year - Date' is double clicked on

2018-11-25 10:48:42 - [TEST_STEP][PASSED] - click: Object: 'Object Repository/Final Object Repo/Page_Request SSN - ASSIST/AI - Male' is clicked on

2018-11-25 10:48:42 - [MESSAGE][PASSED] - Object: 'Object Repository/Final Object Repo/Page_Request SSN - ASSIST/AI - Male' is clicked on

2018-11-25 10:48:42 - [TEST_STEP][PASSED] - click: Object: 'Object Repository/Final Object Repo/Page_Request SSN - ASSIST/AI- Race' is clicked on

2018-11-25 10:48:42 - [MESSAGE][PASSED] - Object: 'Object Repository/Final Object Repo/Page_Request SSN - ASSIST/AI- Race' is clicked on

2018-11-25 10:48:42 - [TEST_STEP][PASSED] - click: Object: 'Object Repository/Final Object Repo/Page_Request SSN - ASSIST/AI - Race - Melayu' is clicked on

2018-11-25 10:48:43 - [MESSAGE][PASSED] - Object: 'Object Repository/Final Object Repo/Page_Request SSN - ASSIST/AI - Race - Melayu' is clicked on

2018-11-25 10:48:43 - [TEST_STEP][PASSED] - click: Object: 'Object Repository/Final Object Repo/Page_Request SSN - ASSIST/AI - Religion' is clicked on

2018-11-25 10:48:43 - [MESSAGE][PASSED] - Object: 'Object Repository/Final Object Repo/Page_Request SSN - ASSIST/AI - Religion' is clicked on

2018-11-25 10:48:43 - [TEST_STEP][PASSED] - click: Object: 'Object Repository/Final Object Repo/Page_Request SSN - ASSIST/AI - Religion - Islam' is clicked on

2018-11-25 10:48:43 - [MESSAGE][PASSED] - Object: 'Object Repository/Final Object Repo/Page_Request SSN - ASSIST/AI - Religion - Islam' is clicked on

2018-11-25 10:48:43 - [TEST_STEP][PASSED] - setText: Text '12345' is set on object 'Object Repository/Final Object Repo/Page_Request SSN - ASSIST/AI - Birth Certificate'

2018-11-25 10:48:44 - [MESSAGE][PASSED] - Text '12345' is set on object 'Object Repository/Final Object Repo/Page_Request SSN - ASSIST/AI - Birth Certificate'

2018-11-25 10:48:44 - [TEST_STEP][PASSED] - click: Object: 'Object Repository/Final Object Repo/Page_Request SSN - ASSIST/AI - Nationality' is clicked on

2018-11-25 10:48:44 - [MESSAGE][PASSED] - Object: 'Object Repository/Final Object Repo/Page_Request SSN - ASSIST/AI - Nationality' is clicked on

2018-11-25 10:48:44 - [TEST_STEP][PASSED] - click: Object: 'Object Repository/Final Object Repo/Page_Request SSN - ASSIST/AI - Nationality - Afghanistan' is clicked on

2018-11-25 10:48:44 - [MESSAGE][PASSED] - Object: 'Object Repository/Final Object Repo/Page_Request SSN - ASSIST/AI - Nationality - Afghanistan' is clicked on

2018-11-25 10:48:44 - [TEST_STEP][PASSED] - setText: Text 'PERKESO ADDRESS1' is set on object 'Object Repository/Final Object Repo/Page_Request SSN - ASSIST/AI - Address1'

2018-11-25 10:48:45 - [MESSAGE][PASSED] - Text 'PERKESO ADDRESS1' is set on object 'Object Repository/Final Object Repo/Page_Request SSN - ASSIST/AI - Address1'

2018-11-25 10:48:45 - [TEST_STEP][PASSED] - setText: Text 'PERKESO ADDRESS2' is set on object 'Object Repository/Final Object Repo/Page_Request SSN - ASSIST/AI - Address2'

2018-11-25 10:48:47 - [MESSAGE][PASSED] - Text 'PERKESO ADDRESS2' is set on object 'Object Repository/Final Object Repo/Page_Request SSN - ASSIST/AI - Address2'

2018-11-25 10:48:47 - [TEST_STEP][PASSED] - setText: Text 'PERKESO ADDRESS3' is set on object 'Object Repository/Final Object Repo/Page_Request SSN - ASSIST/AI - Address3'

2018-11-25 10:48:48 - [MESSAGE][PASSED] - Text 'PERKESO ADDRESS3' is set on object 'Object Repository/Final Object Repo/Page_Request SSN - ASSIST/AI - Address3'

2018-11-25 10:48:48 - [TEST_STEP][PASSED] - click: Object: 'Object Repository/Final Object Repo/Page_Request SSN - ASSIST/AI - State' is clicked on

2018-11-25 10:48:48 - [MESSAGE][PASSED] - Object: 'Object Repository/Final Object Repo/Page_Request SSN - ASSIST/AI - State' is clicked on

2018-11-25 10:48:48 - [TEST_STEP][PASSED] - click: Object: 'Object Repository/Final Object Repo/Page_Request SSN - ASSIST/AI - Current Employer State - Johor' is clicked on

2018-11-25 10:48:49 - [MESSAGE][PASSED] - Object: 'Object Repository/Final Object Repo/Page_Request SSN - ASSIST/AI - Current Employer State - Johor' is clicked on

2018-11-25 10:48:49 - [TEST_STEP][PASSED] - click: Object: 'Object Repository/Final Object Repo/Page_Request SSN - ASSIST/AI - City' is clicked on

2018-11-25 10:48:49 - [MESSAGE][PASSED] - Object: 'Object Repository/Final Object Repo/Page_Request SSN - ASSIST/AI - City' is clicked on

2018-11-25 10:48:49 - [TEST_STEP][PASSED] - setText: Text 'JOH' is set on object 'Object Repository/Final Object Repo/Page_Request SSN - ASSIST/AI - City - JOH'

2018-11-25 10:48:49 - [MESSAGE][PASSED] - Text 'JOH' is set on object 'Object Repository/Final Object Repo/Page_Request SSN - ASSIST/AI - City - JOH'

2018-11-25 10:48:49 - [TEST_STEP][PASSED] - delay: Delayed 3 second(s)

2018-11-25 10:48:52 - [MESSAGE][PASSED] - Delayed 3 second(s)

2018-11-25 10:48:52 - [TEST_STEP][PASSED] - click: Object: 'Object Repository/Final Object Repo/Page_Request SSN - ASSIST/AI - City - Johor Bharu' is clicked on

2018-11-25 10:48:52 - [MESSAGE][PASSED] - Object: 'Object Repository/Final Object Repo/Page_Request SSN - ASSIST/AI - City - Johor Bharu' is clicked on

2018-11-25 10:48:52 - [TEST_STEP][PASSED] - click: Object: 'Object Repository/Final Object Repo/Page_Request SSN - ASSIST/AI - Post Code' is clicked on

2018-11-25 10:48:53 - [MESSAGE][PASSED] - Object: 'Object Repository/Final Object Repo/Page_Request SSN - ASSIST/AI - Post Code' is clicked on

2018-11-25 10:48:53 - [TEST_STEP][PASSED] - setText: Text '810' is set on object 'Object Repository/Final Object Repo/Page_Request SSN - ASSIST/AI - City - JOH'

2018-11-25 10:48:53 - [MESSAGE][PASSED] - Text '810' is set on object 'Object Repository/Final Object Repo/Page_Request SSN - ASSIST/AI - City - JOH'

2018-11-25 10:48:53 - [TEST_STEP][PASSED] - delay: Delayed 3 second(s)

2018-11-25 10:48:56 - [MESSAGE][PASSED] - Delayed 3 second(s)

2018-11-25 10:48:56 - [TEST_STEP][PASSED] - click: Object: 'Object Repository/Final Object Repo/Page_Request SSN - ASSIST/AI - PostCode - 81000' is clicked on

2018-11-25 10:48:57 - [MESSAGE][PASSED] - Object: 'Object Repository/Final Object Repo/Page_Request SSN - ASSIST/AI - PostCode - 81000' is clicked on

2018-11-25 10:48:57 - [TEST_STEP][PASSED] - setText: Text '100' is set on object 'Object Repository/Final Object Repo/Page_Request SSN - ASSIST/P.O.BOX'

2018-11-25 10:48:57 - [MESSAGE][PASSED] - Text '100' is set on object 'Object Repository/Final Object Repo/Page_Request SSN - ASSIST/P.O.BOX'

2018-11-25 10:48:57 - [TEST_STEP][PASSED] - setText: Text '100' is set on object 'Object Repository/Final Object Repo/Page_Request SSN - ASSIST/Locked Bag No'

2018-11-25 10:48:58 - [MESSAGE][PASSED] - Text '100' is set on object 'Object Repository/Final Object Repo/Page_Request SSN - ASSIST/Locked Bag No'

2018-11-25 10:48:58 - [TEST_STEP][PASSED] - delay: Delayed 2 second(s)

2018-11-25 10:49:00 - [MESSAGE][PASSED] - Delayed 2 second(s)

2018-11-25 10:49:00 - [TEST_STEP][PASSED] - setText: Text '123456789' is set on object 'Object Repository/Final Object Repo/Page_Request SSN - ASSIST/AI - Telephone No'

2018-11-25 10:49:00 - [MESSAGE][PASSED] - Text '123456789' is set on object 'Object Repository/Final Object Repo/Page_Request SSN - ASSIST/AI - Telephone No'

2018-11-25 10:49:00 - [TEST_STEP][PASSED] - click: Object: 'Object Repository/Final Object Repo/Page_Request SSN - ASSIST/AI - Occupation' is clicked on

2018-11-25 10:49:01 - [MESSAGE][PASSED] - Object: 'Object Repository/Final Object Repo/Page_Request SSN - ASSIST/AI - Occupation' is clicked on

2018-11-25 10:49:01 - [TEST_STEP][PASSED] - click: Object: 'Object Repository/Final Object Repo/Page_Request SSN - ASSIST/AI - Occupation - NUMERICAL AND MATERIAL R' is clicked on

2018-11-25 10:49:01 - [MESSAGE][PASSED] - Object: 'Object Repository/Final Object Repo/Page_Request SSN - ASSIST/AI - Occupation - NUMERICAL AND MATERIAL R' is clicked on

2018-11-25 10:49:01 - [TEST_STEP][PASSED] - delay: Delayed 2 second(s)

2018-11-25 10:49:03 - [MESSAGE][PASSED] - Delayed 2 second(s)

2018-11-25 10:49:03 - [TEST_STEP][PASSED] - click: Object: 'Object Repository/Final Object Repo/Page_Request SSN - ASSIST/AI - Sub Occupation' is clicked on

2018-11-25 10:49:03 - [MESSAGE][PASSED] - Object: 'Object Repository/Final Object Repo/Page_Request SSN - ASSIST/AI - Sub Occupation' is clicked on

2018-11-25 10:49:03 - [TEST_STEP][PASSED] - click: Object: 'Object Repository/Final Object Repo/Page_Request SSN - ASSIST/AI - Sub Occupation - Stock Clerks' is clicked on

2018-11-25 10:49:03 - [MESSAGE][PASSED] - Object: 'Object Repository/Final Object Repo/Page_Request SSN - ASSIST/AI - Sub Occupation - Stock Clerks' is clicked on

2018-11-25 10:49:03 - [TEST_STEP][PASSED] - delay: Delayed 2 second(s)

2018-11-25 10:49:05 - [MESSAGE][PASSED] - Delayed 2 second(s)

2018-11-25 10:49:05 - [TEST_STEP][PASSED] - click: Object: 'Object Repository/Final Object Repo/Page_Request SSN - ASSIST/AI - Sub Occupation List' is clicked on

2018-11-25 10:49:06 - [MESSAGE][PASSED] - Object: 'Object Repository/Final Object Repo/Page_Request SSN - ASSIST/AI - Sub Occupation List' is clicked on

2018-11-25 10:49:06 - [TEST_STEP][PASSED] - click: Object: 'Object Repository/Final Object Repo/Page_Request SSN - ASSIST/AI - Sub Occupation List - Clerk raw material' is clicked on

2018-11-25 10:49:06 - [MESSAGE][PASSED] - Object: 'Object Repository/Final Object Repo/Page_Request SSN - ASSIST/AI - Sub Occupation List - Clerk raw material' is clicked on

2018-11-25 10:49:06 - [TEST_STEP][PASSED] - click: Object: 'Object Repository/Final Object Repo/Page_Request SSN - ASSIST/AI - Employment Start Date' is clicked on

2018-11-25 10:49:06 - [MESSAGE][PASSED] - Object: 'Object Repository/Final Object Repo/Page_Request SSN - ASSIST/AI - Employment Start Date' is clicked on

2018-11-25 10:49:06 - [TEST_STEP][PASSED] - click: Object: 'Object Repository/Final Object Repo/Page_Request SSN - ASSIST/AI - DOB - Year - Date' is clicked on

2018-11-25 10:49:06 - [MESSAGE][PASSED] - Object: 'Object Repository/Final Object Repo/Page_Request SSN - ASSIST/AI - DOB - Year - Date' is clicked on

2018-11-25 10:49:06 - [TEST_STEP][PASSED] - setText: Text 'perkeso' is set on object 'Object Repository/Final Object Repo/Page_Request SSN - ASSIST/AI - Current Employer Name'

2018-11-25 10:49:07 - [MESSAGE][PASSED] - Text 'perkeso' is set on object 'Object Repository/Final Object Repo/Page_Request SSN - ASSIST/AI - Current Employer Name'

2018-11-25 10:49:07 - [TEST_STEP][PASSED] - setText: Text 'perkeso1' is set on object 'Object Repository/Final Object Repo/Page_Request SSN - ASSIST/AI - Current Employer Address1'

2018-11-25 10:49:08 - [MESSAGE][PASSED] - Text 'perkeso1' is set on object 'Object Repository/Final Object Repo/Page_Request SSN - ASSIST/AI - Current Employer Address1'

2018-11-25 10:49:08 - [TEST_STEP][PASSED] - setText: Text 'perkeso2' is set on object 'Object Repository/Final Object Repo/Page_Request SSN - ASSIST/AI - Current Employer Address2'

2018-11-25 10:49:09 - [MESSAGE][PASSED] - Text 'perkeso2' is set on object 'Object Repository/Final Object Repo/Page_Request SSN - ASSIST/AI - Current Employer Address2'

2018-11-25 10:49:09 - [TEST_STEP][PASSED] - setText: Text 'perkeso3' is set on object 'Object Repository/Final Object Repo/Page_Request SSN - ASSIST/AI - Current Employer Address3'

2018-11-25 10:49:09 - [MESSAGE][PASSED] - Text 'perkeso3' is set on object 'Object Repository/Final Object Repo/Page_Request SSN - ASSIST/AI - Current Employer Address3'

2018-11-25 10:49:09 - [TEST_STEP][PASSED] - click: Object: 'Object Repository/Final Object Repo/Page_Request SSN - ASSIST/AI - Current Employer State' is clicked on

2018-11-25 10:49:09 - [MESSAGE][PASSED] - Object: 'Object Repository/Final Object Repo/Page_Request SSN - ASSIST/AI - Current Employer State' is clicked on

2018-11-25 10:49:09 - [TEST_STEP][PASSED] - click: Object: 'Object Repository/Final Object Repo/Page_Request SSN - ASSIST/AI - Current Employer State - Johor 1' is clicked on

2018-11-25 10:49:10 - [MESSAGE][PASSED] - Object: 'Object Repository/Final Object Repo/Page_Request SSN - ASSIST/AI - Current Employer State - Johor 1' is clicked on

2018-11-25 10:49:10 - [TEST_STEP][PASSED] - click: Object: 'Object Repository/Final Object Repo/Page_Request SSN - ASSIST/AI - Current Employer City' is clicked on

2018-11-25 10:49:10 - [MESSAGE][PASSED] - Object: 'Object Repository/Final Object Repo/Page_Request SSN - ASSIST/AI - Current Employer City' is clicked on

2018-11-25 10:49:10 - [TEST_STEP][PASSED] - setText: Text 'joh' is set on object 'Object Repository/Final Object Repo/Page_Request SSN - ASSIST/AI - City - JOH'

2018-11-25 10:49:11 - [MESSAGE][PASSED] - Text 'joh' is set on object 'Object Repository/Final Object Repo/Page_Request SSN - ASSIST/AI - City - JOH'

2018-11-25 10:49:11 - [TEST_STEP][PASSED] - delay: Delayed 2 second(s)

2018-11-25 10:49:13 - [MESSAGE][PASSED] - Delayed 2 second(s)

2018-11-25 10:49:13 - [TEST_STEP][PASSED] - click: Object: 'Object Repository/Final Object Repo/Page_Request SSN - ASSIST/AI - City - Johor Bharu' is clicked on

2018-11-25 10:49:13 - [MESSAGE][PASSED] - Object: 'Object Repository/Final Object Repo/Page_Request SSN - ASSIST/AI - City - Johor Bharu' is clicked on

2018-11-25 10:49:13 - [TEST_STEP][PASSED] - click: Object: 'Object Repository/Final Object Repo/Page_Request SSN - ASSIST/AI - Current Employer Postcode' is clicked on

2018-11-25 10:49:13 - [MESSAGE][PASSED] - Object: 'Object Repository/Final Object Repo/Page_Request SSN - ASSIST/AI - Current Employer Postcode' is clicked on

2018-11-25 10:49:13 - [TEST_STEP][PASSED] - setText: Text '810' is set on object 'Object Repository/Final Object Repo/Page_Request SSN - ASSIST/AI - City - JOH'

2018-11-25 10:49:14 - [MESSAGE][PASSED] - Text '810' is set on object 'Object Repository/Final Object Repo/Page_Request SSN - ASSIST/AI - City - JOH'

2018-11-25 10:49:14 - [TEST_STEP][PASSED] - delay: Delayed 2 second(s)

2018-11-25 10:49:16 - [MESSAGE][PASSED] - Delayed 2 second(s)

2018-11-25 10:49:16 - [TEST_STEP][PASSED] - click: Object: 'Object Repository/Final Object Repo/Page_Request SSN - ASSIST/AI - PostCode - 81000' is clicked on

2018-11-25 10:49:16 - [MESSAGE][PASSED] - Object: 'Object Repository/Final Object Repo/Page_Request SSN - ASSIST/AI - PostCode - 81000' is clicked on

2018-11-25 10:49:16 - [TEST_STEP][NOT_RUN] - setText: NOT_RUN: setText

2018-11-25 10:49:16 - [MESSAGE][NOT_RUN] - NOT_RUN: setText

2018-11-25 10:49:16 - [TEST_STEP][NOT_RUN] - setText: NOT_RUN: setText

2018-11-25 10:49:16 - [MESSAGE][NOT_RUN] - NOT_RUN: setText

2018-11-25 10:49:16 - [TEST_STEP][NOT_RUN] - click: NOT_RUN: click

2018-11-25 10:49:16 - [MESSAGE][NOT_RUN] - NOT_RUN: click

2018-11-25 10:49:16 - [TEST_STEP][NOT_RUN] - click: NOT_RUN: click

2018-11-25 10:49:16 - [MESSAGE][NOT_RUN] - NOT_RUN: click

2018-11-25 10:49:16 - [TEST_STEP][NOT_RUN] - setText: NOT_RUN: setText

2018-11-25 10:49:16 - [MESSAGE][NOT_RUN] - NOT_RUN: setText

2018-11-25 10:49:16 - [TEST_STEP][NOT_RUN] - click: NOT_RUN: click

2018-11-25 10:49:16 - [MESSAGE][NOT_RUN] - NOT_RUN: click

2018-11-25 10:49:16 - [TEST_STEP][NOT_RUN] - click: NOT_RUN: click

2018-11-25 10:49:16 - [MESSAGE][NOT_RUN] - NOT_RUN: click

2018-11-25 10:49:16 - [TEST_STEP][NOT_RUN] - click: NOT_RUN: click

2018-11-25 10:49:16 - [MESSAGE][NOT_RUN] - NOT_RUN: click

2018-11-25 10:49:16 - [TEST_STEP][NOT_RUN] - click: NOT_RUN: click

2018-11-25 10:49:16 - [MESSAGE][NOT_RUN] - NOT_RUN: click

2018-11-25 10:49:16 - [TEST_STEP][NOT_RUN] - click: NOT_RUN: click

2018-11-25 10:49:16 - [MESSAGE][NOT_RUN] - NOT_RUN: click

2018-11-25 10:49:16 - [TEST_STEP][NOT_RUN] - click: NOT_RUN: click

2018-11-25 10:49:16 - [MESSAGE][NOT_RUN] - NOT_RUN: click

2018-11-25 10:49:16 - [TEST_STEP][NOT_RUN] - setText: NOT_RUN: setText

2018-11-25 10:49:16 - [MESSAGE][NOT_RUN] - NOT_RUN: setText

2018-11-25 10:49:16 - [TEST_STEP][NOT_RUN] - setText: NOT_RUN: setText

2018-11-25 10:49:16 - [MESSAGE][NOT_RUN] - NOT_RUN: setText

2018-11-25 10:49:16 - [TEST_STEP][NOT_RUN] - setText: NOT_RUN: setText

2018-11-25 10:49:16 - [MESSAGE][NOT_RUN] - NOT_RUN: setText

2018-11-25 10:49:16 - [TEST_STEP][NOT_RUN] - click: NOT_RUN: click

2018-11-25 10:49:16 - [MESSAGE][NOT_RUN] - NOT_RUN: click

2018-11-25 10:49:16 - [TEST_STEP][NOT_RUN] - click: NOT_RUN: click

2018-11-25 10:49:16 - [MESSAGE][NOT_RUN] - NOT_RUN: click

2018-11-25 10:49:16 - [TEST_STEP][NOT_RUN] - click: NOT_RUN: click

2018-11-25 10:49:16 - [MESSAGE][NOT_RUN] - NOT_RUN: click

2018-11-25 10:49:16 - [TEST_STEP][NOT_RUN] - setText: NOT_RUN: setText

2018-11-25 10:49:16 - [MESSAGE][NOT_RUN] - NOT_RUN: setText

2018-11-25 10:49:16 - [TEST_STEP][NOT_RUN] - delay: NOT_RUN: delay

2018-11-25 10:49:16 - [MESSAGE][NOT_RUN] - NOT_RUN: delay

2018-11-25 10:49:16 - [TEST_STEP][NOT_RUN] - click: NOT_RUN: click

2018-11-25 10:49:16 - [MESSAGE][NOT_RUN] - NOT_RUN: click

2018-11-25 10:49:16 - [TEST_STEP][NOT_RUN] - click: NOT_RUN: click

2018-11-25 10:49:16 - [MESSAGE][NOT_RUN] - NOT_RUN: click

2018-11-25 10:49:16 - [TEST_STEP][NOT_RUN] - click: NOT_RUN: click

2018-11-25 10:49:16 - [MESSAGE][NOT_RUN] - NOT_RUN: click

2018-11-25 10:49:16 - [TEST_STEP][NOT_RUN] - setText: NOT_RUN: setText

2018-11-25 10:49:16 - [MESSAGE][NOT_RUN] - NOT_RUN: setText

2018-11-25 10:49:16 - [TEST_STEP][NOT_RUN] - delay: NOT_RUN: delay

2018-11-25 10:49:16 - [MESSAGE][NOT_RUN] - NOT_RUN: delay

2018-11-25 10:49:16 - [TEST_STEP][NOT_RUN] - click: NOT_RUN: click

2018-11-25 10:49:16 - [MESSAGE][NOT_RUN] - NOT_RUN: click

2018-11-25 10:49:16 - [TEST_STEP][NOT_RUN] - delay: NOT_RUN: delay

2018-11-25 10:49:16 - [MESSAGE][NOT_RUN] - NOT_RUN: delay

2018-11-25 10:49:16 - [TEST_STEP][NOT_RUN] - setText: NOT_RUN: setText

2018-11-25 10:49:16 - [MESSAGE][NOT_RUN] - NOT_RUN: setText

2018-11-25 10:49:16 - [TEST_STEP][NOT_RUN] - setText: NOT_RUN: setText

2018-11-25 10:49:16 - [MESSAGE][NOT_RUN] - NOT_RUN: setText

2018-11-25 10:49:16 - [TEST_STEP][NOT_RUN] - setText: NOT_RUN: setText

2018-11-25 10:49:16 - [MESSAGE][NOT_RUN] - NOT_RUN: setText

2018-11-25 10:49:16 - [TEST_STEP][NOT_RUN] - click: NOT_RUN: click

2018-11-25 10:49:16 - [MESSAGE][NOT_RUN] - NOT_RUN: click

2018-11-25 10:49:16 - [TEST_STEP][NOT_RUN] - click: NOT_RUN: click

2018-11-25 10:49:16 - [MESSAGE][NOT_RUN] - NOT_RUN: click

2018-11-25 10:49:16 - [TEST_STEP][NOT_RUN] - setText: NOT_RUN: setText

2018-11-25 10:49:16 - [MESSAGE][NOT_RUN] - NOT_RUN: setText

2018-11-25 10:49:16 - [TEST_STEP][NOT_RUN] - click: NOT_RUN: click

2018-11-25 10:49:16 - [MESSAGE][NOT_RUN] - NOT_RUN: click

2018-11-25 10:49:16 - [TEST_STEP][NOT_RUN] - click: NOT_RUN: click

2018-11-25 10:49:16 - [MESSAGE][NOT_RUN] - NOT_RUN: click

2018-11-25 10:49:16 - [TEST_STEP][NOT_RUN] - click: NOT_RUN: click

2018-11-25 10:49:16 - [MESSAGE][NOT_RUN] - NOT_RUN: click

2018-11-25 10:49:16 - [TEST_STEP][NOT_RUN] - click: NOT_RUN: click

2018-11-25 10:49:16 - [MESSAGE][NOT_RUN] - NOT_RUN: click

2018-11-25 10:49:16 - [TEST_STEP][NOT_RUN] - click: NOT_RUN: click

2018-11-25 10:49:16 - [MESSAGE][NOT_RUN] - NOT_RUN: click

2018-11-25 10:49:16 - [TEST_STEP][NOT_RUN] - click: NOT_RUN: click

2018-11-25 10:49:16 - [MESSAGE][NOT_RUN] - NOT_RUN: click

2018-11-25 10:49:16 - [TEST_STEP][NOT_RUN] - setText: NOT_RUN: setText

2018-11-25 10:49:16 - [MESSAGE][NOT_RUN] - NOT_RUN: setText

2018-11-25 10:49:16 - [TEST_STEP][NOT_RUN] - setText: NOT_RUN: setText

2018-11-25 10:49:16 - [MESSAGE][NOT_RUN] - NOT_RUN: setText

2018-11-25 10:49:16 - [TEST_STEP][NOT_RUN] - setText: NOT_RUN: setText

2018-11-25 10:49:16 - [MESSAGE][NOT_RUN] - NOT_RUN: setText

2018-11-25 10:49:16 - [TEST_STEP][NOT_RUN] - click: NOT_RUN: click

2018-11-25 10:49:16 - [MESSAGE][NOT_RUN] - NOT_RUN: click

2018-11-25 10:49:16 - [TEST_STEP][NOT_RUN] - click: NOT_RUN: click

2018-11-25 10:49:16 - [MESSAGE][NOT_RUN] - NOT_RUN: click

2018-11-25 10:49:16 - [TEST_STEP][NOT_RUN] - click: NOT_RUN: click

2018-11-25 10:49:16 - [MESSAGE][NOT_RUN] - NOT_RUN: click

2018-11-25 10:49:16 - [TEST_STEP][NOT_RUN] - delay: NOT_RUN: delay

2018-11-25 10:49:16 - [MESSAGE][NOT_RUN] - NOT_RUN: delay

2018-11-25 10:49:16 - [TEST_STEP][NOT_RUN] - setText: NOT_RUN: setText

2018-11-25 10:49:16 - [MESSAGE][NOT_RUN] - NOT_RUN: setText

2018-11-25 10:49:16 - [TEST_STEP][NOT_RUN] - delay: NOT_RUN: delay

2018-11-25 10:49:16 - [MESSAGE][NOT_RUN] - NOT_RUN: delay

2018-11-25 10:49:16 - [TEST_STEP][NOT_RUN] - click: NOT_RUN: click

2018-11-25 10:49:16 - [MESSAGE][NOT_RUN] - NOT_RUN: click

2018-11-25 10:49:16 - [TEST_STEP][NOT_RUN] - doubleClick: NOT_RUN: doubleClick

2018-11-25 10:49:16 - [MESSAGE][NOT_RUN] - NOT_RUN: doubleClick

2018-11-25 10:49:16 - [TEST_STEP][NOT_RUN] - click: NOT_RUN: click

2018-11-25 10:49:16 - [MESSAGE][NOT_RUN] - NOT_RUN: click

2018-11-25 10:49:16 - [TEST_STEP][NOT_RUN] - setText: NOT_RUN: setText

2018-11-25 10:49:16 - [MESSAGE][NOT_RUN] - NOT_RUN: setText

2018-11-25 10:49:16 - [TEST_STEP][NOT_RUN] - delay: NOT_RUN: delay

2018-11-25 10:49:16 - [MESSAGE][NOT_RUN] - NOT_RUN: delay

2018-11-25 10:49:16 - [TEST_STEP][NOT_RUN] - click: NOT_RUN: click

2018-11-25 10:49:16 - [MESSAGE][NOT_RUN] - NOT_RUN: click

2018-11-25 10:49:16 - [TEST_STEP][NOT_RUN] - delay: NOT_RUN: delay

2018-11-25 10:49:16 - [MESSAGE][NOT_RUN] - NOT_RUN: delay

2018-11-25 10:49:16 - [TEST_STEP][NOT_RUN] - setText: NOT_RUN: setText

2018-11-25 10:49:16 - [MESSAGE][NOT_RUN] - NOT_RUN: setText

2018-11-25 10:49:16 - [TEST_STEP][PASSED] - click: Object: 'Object Repository/Final Object Repo/Page_Request SSN - ASSIST/Save  Continue' is clicked on

2018-11-25 10:49:16 - [MESSAGE][PASSED] - Object: 'Object Repository/Final Object Repo/Page_Request SSN - ASSIST/Save  Continue' is clicked on

2018-11-25 10:49:16 - [TEST_STEP][PASSED] - delay: Delayed 3 second(s)

2018-11-25 10:49:19 - [MESSAGE][PASSED] - Delayed 3 second(s)

2018-11-25 10:49:19 - [TEST_STEP][PASSED] - Statement - CaseReferenceNo = com.kms.katalon.core.webui.keyword.WebUiBuiltInKeywords.getText(com.kms.katalon.core.testobject.ObjectRepository.findTestObject(Final Object Repo/Page_Request SSN - ASSIST/Reference Number in Uploading Page)): Text of object 'Object Repository/Final Object Repo/Page_Request SSN - ASSIST/Reference Number in Uploading Page' is: 'SSN11201800001142'

2018-11-25 10:49:19 - [MESSAGE][PASSED] - Text of object 'Object Repository/Final Object Repo/Page_Request SSN - ASSIST/Reference Number in Uploading Page' is: 'SSN11201800001142'

2018-11-25 10:49:19 - [TEST_STEP][PASSED] - callTestCase: Call Test Case 'Test Cases/Final Aug 2018 - PKS Automation/Common/Reference Number Setter' successfully

2018-11-25 10:49:19 - [TEST_CASE][PASSED] - Test Cases/Final Aug 2018 - PKS Automation/Common/Reference Number Setter: Test Cases/Final Aug 2018 - PKS Automation/Common/Reference Number Setter

2018-11-25 10:49:19 - [TEST_STEP][PASSED] - Statement - RefNoOldFile = new java.io.File(C://Users//Admin//Desktop//PKS//Automation Reference Point//KatalonReference.txt): null

2018-11-25 10:49:19 - [TEST_STEP][PASSED] - Statement - RefNoOldFile.delete(): null

2018-11-25 10:49:19 - [TEST_STEP][PASSED] - delay: Delayed 5 second(s)

2018-11-25 10:49:24 - [MESSAGE][PASSED] - Delayed 5 second(s)

2018-11-25 10:49:24 - [TEST_STEP][PASSED] - Statement - RefNo = new java.io.File(C://Users//Admin//Desktop//PKS//Automation Reference Point//KatalonReference.txt): null

2018-11-25 10:49:24 - [TEST_STEP][PASSED] - Statement - f2 = new java.io.FileWriter(RefNo, false): null

2018-11-25 10:49:24 - [TEST_STEP][PASSED] - Statement - f2.write(CaseReferenceNo): null

2018-11-25 10:49:24 - [TEST_STEP][PASSED] - Statement - f2.close(): null

2018-11-25 10:49:24 - [TEST_STEP][PASSED] - Statement - out.println("


" + CaseReferenceNo + "


"): null

2018-11-25 10:49:24 - [MESSAGE][PASSED] - Call Test Case 'Test Cases/Final Aug 2018 - PKS Automation/Common/Reference Number Setter' successfully

2018-11-25 10:49:24 - [TEST_STEP][PASSED] - click: Object: 'Object Repository/Final Object Repo/Page_Request SSN - ASSIST/Add Document Button' is clicked on

2018-11-25 10:49:25 - [MESSAGE][PASSED] - Object: 'Object Repository/Final Object Repo/Page_Request SSN - ASSIST/Add Document Button' is clicked on

2018-11-25 10:49:25 - [TEST_STEP][PASSED] - delay: Delayed 2 second(s)

2018-11-25 10:49:27 - [MESSAGE][PASSED] - Delayed 2 second(s)

2018-11-25 10:49:27 - [TEST_STEP][PASSED] - click: Object: 'Object Repository/Final Object Repo/Page_Request SSN - ASSIST/Document Type' is clicked on

2018-11-25 10:49:27 - [MESSAGE][PASSED] - Object: 'Object Repository/Final Object Repo/Page_Request SSN - ASSIST/Document Type' is clicked on

2018-11-25 10:49:27 - [TEST_STEP][PASSED] - click: Object: 'Object Repository/Final Object Repo/Page_Request SSN - ASSIST/Document Type - Birth Certificate' is clicked on

2018-11-25 10:49:28 - [MESSAGE][PASSED] - Object: 'Object Repository/Final Object Repo/Page_Request SSN - ASSIST/Document Type - Birth Certificate' is clicked on

2018-11-25 10:49:28 - [TEST_STEP][PASSED] - sendKeys: Keys 'C:\Users\Public\Pictures\Sample Pictures\Koala.jpg' sent to object: 'Object Repository/Final Object Repo/Page_Request SSN - ASSIST/Upload File'

2018-11-25 10:49:28 - [MESSAGE][PASSED] - Keys 'C:\Users\Public\Pictures\Sample Pictures\Koala.jpg' sent to object: 'Object Repository/Final Object Repo/Page_Request SSN - ASSIST/Upload File'

2018-11-25 10:49:28 - [TEST_STEP][PASSED] - click: Object: 'Object Repository/Final Object Repo/Page_Request SSN - ASSIST/Add Document' is clicked on

2018-11-25 10:49:28 - [MESSAGE][PASSED] - Object: 'Object Repository/Final Object Repo/Page_Request SSN - ASSIST/Add Document' is clicked on

2018-11-25 10:49:28 - [TEST_STEP][PASSED] - delay: Delayed 20 second(s)

2018-11-25 10:49:48 - [MESSAGE][PASSED] - Delayed 20 second(s)

2018-11-25 10:49:48 - [TEST_STEP][PASSED] - click: Object: 'Object Repository/Final Object Repo/Page_Request SSN - ASSIST/Save  Continue in Uploading Document Page' is clicked on

2018-11-25 10:49:48 - [MESSAGE][PASSED] - Object: 'Object Repository/Final Object Repo/Page_Request SSN - ASSIST/Save  Continue in Uploading Document Page' is clicked on

2018-11-25 10:49:48 - [TEST_STEP][PASSED] - delay: Delayed 2 second(s)

2018-11-25 10:49:50 - [MESSAGE][PASSED] - Delayed 2 second(s)

2018-11-25 10:49:50 - [TEST_STEP][PASSED] - click: Object: 'Object Repository/Final Object Repo/Page_Request SSN - ASSIST/Submit' is clicked on

2018-11-25 10:49:53 - [MESSAGE][PASSED] - Object: 'Object Repository/Final Object Repo/Page_Request SSN - ASSIST/Submit' is clicked on

2018-11-25 10:49:53 - [TEST_STEP][PASSED] - delay: Delayed 2 second(s)

2018-11-25 10:49:55 - [MESSAGE][PASSED] - Delayed 2 second(s)

2018-11-25 10:49:55 - [TEST_STEP][PASSED] - click: Object: 'Object Repository/Final Object Repo/Page_Request SSN - ASSIST/Confirm' is clicked on

2018-11-25 10:49:55 - [MESSAGE][PASSED] - Object: 'Object Repository/Final Object Repo/Page_Request SSN - ASSIST/Confirm' is clicked on

2018-11-25 10:49:55 - [TEST_STEP][PASSED] - delay: Delayed 2 second(s)

2018-11-25 10:49:57 - [MESSAGE][PASSED] - Delayed 2 second(s)

2018-11-25 10:49:57 - [TEST_STEP][PASSED] - verifyElementVisible: Object 'Object Repository/Final Object Repo/Page_Request SSN - ASSIST/Message This Case will be routed to RIO' is visible

2018-11-25 10:50:03 - [MESSAGE][PASSED] - Object 'Object Repository/Final Object Repo/Page_Request SSN - ASSIST/Message This Case will be routed to RIO' is visible

2018-11-25 10:50:03 - [TEST_STEP][PASSED] - delay: Delayed 2 second(s)

2018-11-25 10:50:05 - [MESSAGE][PASSED] - Delayed 2 second(s)

2018-11-25 10:50:05 - [TEST_STEP][PASSED] - verifyElementVisible: Object 'Object Repository/Final Object Repo/Page_Request SSN - ASSIST/Letter of acknowledgement' is visible

2018-11-25 10:50:05 - [MESSAGE][PASSED] - Object 'Object Repository/Final Object Repo/Page_Request SSN - ASSIST/Letter of acknowledgement' is visible

2018-11-25 10:50:05 - [MESSAGE][PASSED] - Call Test Case 'Test Cases/Final Aug 2018 - PKS Automation/Registration Module/Workflow/Request SSN/Template/Request SSN - PKRBO' successfully

2018-11-25 10:50:05 - [TEST_STEP][FAILED] - callTestCase: Unable to call Test Case with id 'Test Cases/Final Aug 2018 - PKS Automation/Registration Module/Workflow/Request SSN/Template/Request SSN RIO - RO (Approve and Using Current Employer Code)' (Root cause: Call Test Case 'Test Cases/Final Aug 2018 - PKS Automation/Registration Module/Workflow/Request SSN/Template/Request SSN RIO - RO (Approve and Using Current Employer Code)' failed)

2018-11-25 10:50:05 - [TEST_CASE][FAILED] - Test Cases/Final Aug 2018 - PKS Automation/Registration Module/Workflow/Request SSN/Template/Request SSN RIO - RO (Approve and Using Current Employer Code): Test Cases/Final Aug 2018 - PKS Automation/Registration Module/Workflow/Request SSN/Template/Request SSN RIO - RO (Approve and Using Current Employer Code) FAILED because (of) (Stack trace: com.kms.katalon.core.exception.StepFailedException: Unable to click on object 'Object Repository/Final Object Repo/Landing Page/Select to English' (Root cause: com.kms.katalon.core.webui.exception.WebElementNotFoundException: Web element with id: 'Object Repository/Final Object Repo/Landing Page/Select to English' located by 'By.xpath: //a[@class = 'taglib-language-list-text' and @lang = 'en-US' and (contains(text(), 'EN') or contains(., 'EN'))]' not found)
	at com.kms.katalon.core.keyword.internal.KeywordMain.stepFailed(KeywordMain.groovy:32)
	at com.kms.katalon.core.webui.keyword.internal.WebUIKeywordMain.stepFailed(WebUIKeywordMain.groovy:65)
	at com.kms.katalon.core.webui.keyword.internal.WebUIKeywordMain.runKeyword(WebUIKeywordMain.groovy:27)
	at com.kms.katalon.core.webui.keyword.builtin.ClickKeyword.click(ClickKeyword.groovy:86)
	at com.kms.katalon.core.webui.keyword.builtin.ClickKeyword.execute(ClickKeyword.groovy:67)
	at com.kms.katalon.core.keyword.internal.KeywordExecutor.executeKeywordForPlatform(KeywordExecutor.groovy:53)
	at com.kms.katalon.core.webui.keyword.WebUiBuiltInKeywords.click(WebUiBuiltInKeywords.groovy:604)
	at com.kms.katalon.core.webui.keyword.WebUiBuiltInKeywords$click$12.call(Unknown Source)
	at Script1534407542420.run(Script1534407542420.groovy:57)
	at com.kms.katalon.core.main.ScriptEngine.run(ScriptEngine.java:183)
	at com.kms.katalon.core.main.ScriptEngine.runScriptAsRawText(ScriptEngine.java:108)
	at com.kms.katalon.core.main.TestCaseExecutor.runScript(TestCaseExecutor.java:294)
	at com.kms.katalon.core.main.TestCaseExecutor.doExecute(TestCaseExecutor.java:285)
	at com.kms.katalon.core.main.TestCaseExecutor.processExecutionPhase(TestCaseExecutor.java:264)
	at com.kms.katalon.core.main.TestCaseExecutor.accessMainPhase(TestCaseExecutor.java:256)
	at com.kms.katalon.core.main.TestCaseExecutor.execute(TestCaseExecutor.java:200)
	at com.kms.katalon.core.main.TestCaseMain.runTestCase(TestCaseMain.java:99)
	at com.kms.katalon.core.keyword.builtin.CallTestCaseKeyword$_callTestCase_closure1.doCall(CallTestCaseKeyword.groovy:60)
	at com.kms.katalon.core.keyword.builtin.CallTestCaseKeyword$_callTestCase_closure1.call(CallTestCaseKeyword.groovy)
	at com.kms.katalon.core.keyword.internal.KeywordMain.runKeyword(KeywordMain.groovy:54)
	at com.kms.katalon.core.keyword.builtin.CallTestCaseKeyword.callTestCase(CallTestCaseKeyword.groovy:81)
	at com.kms.katalon.core.keyword.builtin.CallTestCaseKeyword.execute(CallTestCaseKeyword.groovy:45)
	at com.kms.katalon.core.keyword.internal.KeywordExecutor.executeKeywordForPlatform(KeywordExecutor.groovy:53)
	at com.kms.katalon.core.keyword.BuiltinKeywords.callTestCase(BuiltinKeywords.groovy:334)
	at sun.reflect.GeneratedMethodAccessor13.invoke(Unknown Source)
	at sun.reflect.DelegatingMethodAccessorImpl.invoke(DelegatingMethodAccessorImpl.java:43)
	at java.lang.reflect.Method.invoke(Method.java:498)
	at org.codehaus.groovy.reflection.CachedMethod.invoke(CachedMethod.java:93)
	at groovy.lang.MetaMethod.doMethodInvoke(MetaMethod.java:325)
	at groovy.lang.MetaClassImpl.invokeStaticMethod(MetaClassImpl.java:1469)
	at org.codehaus.groovy.runtime.callsite.StaticMetaClassSite.call(StaticMetaClassSite.java:53)
	at org.codehaus.groovy.runtime.callsite.CallSiteArray.defaultCall(CallSiteArray.java:48)
	at org.codehaus.groovy.runtime.callsite.AbstractCallSite.call(AbstractCallSite.java:113)
	at org.codehaus.groovy.runtime.callsite.AbstractCallSite.call(AbstractCallSite.java:141)
	at Script1537866116409.run(Script1537866116409.groovy:30)
	at com.kms.katalon.core.main.ScriptEngine.run(ScriptEngine.java:183)
	at com.kms.katalon.core.main.ScriptEngine.runScriptAsRawText(ScriptEngine.java:108)
	at com.kms.katalon.core.main.TestCaseExecutor.runScript(TestCaseExecutor.java:294)
	at com.kms.katalon.core.main.TestCaseExecutor.doExecute(TestCaseExecutor.java:285)
	at com.kms.katalon.core.main.TestCaseExecutor.processExecutionPhase(TestCaseExecutor.java:264)
	at com.kms.katalon.core.main.TestCaseExecutor.accessMainPhase(TestCaseExecutor.java:256)
	at com.kms.katalon.core.main.TestCaseExecutor.execute(TestCaseExecutor.java:200)
	at com.kms.katalon.core.main.TestCaseMain.runTestCase(TestCaseMain.java:99)
	at com.kms.katalon.core.keyword.builtin.CallTestCaseKeyword$_callTestCase_closure1.doCall(CallTestCaseKeyword.groovy:60)
	at com.kms.katalon.core.keyword.builtin.CallTestCaseKeyword$_callTestCase_closure1.call(CallTestCaseKeyword.groovy)
	at com.kms.katalon.core.keyword.internal.KeywordMain.runKeyword(KeywordMain.groovy:54)
	at com.kms.katalon.core.keyword.builtin.CallTestCaseKeyword.callTestCase(CallTestCaseKeyword.groovy:81)
	at com.kms.katalon.core.keyword.builtin.CallTestCaseKeyword.execute(CallTestCaseKeyword.groovy:45)
	at com.kms.katalon.core.keyword.internal.KeywordExecutor.executeKeywordForPlatform(KeywordExecutor.groovy:53)
	at com.kms.katalon.core.keyword.BuiltinKeywords.callTestCase(BuiltinKeywords.groovy:334)
	at sun.reflect.GeneratedMethodAccessor13.invoke(Unknown Source)
	at sun.reflect.DelegatingMethodAccessorImpl.invoke(DelegatingMethodAccessorImpl.java:43)
	at java.lang.reflect.Method.invoke(Method.java:498)
	at org.codehaus.groovy.reflection.CachedMethod.invoke(CachedMethod.java:93)
	at groovy.lang.MetaMethod.doMethodInvoke(MetaMethod.java:325)
	at groovy.lang.MetaClassImpl.invokeStaticMethod(MetaClassImpl.java:1469)
	at org.codehaus.groovy.runtime.callsite.StaticMetaClassSite.call(StaticMetaClassSite.java:53)
	at org.codehaus.groovy.runtime.callsite.CallSiteArray.defaultCall(CallSiteArray.java:48)
	at org.codehaus.groovy.runtime.callsite.AbstractCallSite.call(AbstractCallSite.java:113)
	at org.codehaus.groovy.runtime.callsite.AbstractCallSite.call(AbstractCallSite.java:141)
	at Script1536300508619.run(Script1536300508619.groovy:24)
	at com.kms.katalon.core.main.ScriptEngine.run(ScriptEngine.java:183)
	at com.kms.katalon.core.main.ScriptEngine.runScriptAsRawText(ScriptEngine.java:108)
	at com.kms.katalon.core.main.TestCaseExecutor.runScript(TestCaseExecutor.java:294)
	at com.kms.katalon.core.main.TestCaseExecutor.doExecute(TestCaseExecutor.java:285)
	at com.kms.katalon.core.main.TestCaseExecutor.processExecutionPhase(TestCaseExecutor.java:264)
	at com.kms.katalon.core.main.TestCaseExecutor.accessMainPhase(TestCaseExecutor.java:256)
	at com.kms.katalon.core.main.TestCaseExecutor.execute(TestCaseExecutor.java:200)
	at com.kms.katalon.core.main.TestSuiteExecutor.accessTestCaseMainPhase(TestSuiteExecutor.java:129)
	at com.kms.katalon.core.main.TestSuiteExecutor.accessTestSuiteMainPhase(TestSuiteExecutor.java:112)
	at com.kms.katalon.core.main.TestSuiteExecutor.execute(TestSuiteExecutor.java:81)
	at com.kms.katalon.core.main.TestCaseMain.startTestSuite(TestCaseMain.java:142)
	at com.kms.katalon.core.main.TestCaseMain$startTestSuite$0.call(Unknown Source)
	at org.codehaus.groovy.runtime.callsite.CallSiteArray.defaultCall(CallSiteArray.java:48)
	at org.codehaus.groovy.runtime.callsite.AbstractCallSite.call(AbstractCallSite.java:113)
	at org.codehaus.groovy.runtime.callsite.AbstractCallSite.call(AbstractCallSite.java:141)
	at TempTestSuite1543076525606.run(TempTestSuite1543076525606.groovy:36)
	at groovy.lang.GroovyShell.runScriptOrMainOrTestOrRunnable(GroovyShell.java:263)
	at groovy.lang.GroovyShell.run(GroovyShell.java:518)
	at groovy.lang.GroovyShell.run(GroovyShell.java:507)
	at groovy.ui.GroovyMain.processOnce(GroovyMain.java:653)
	at groovy.ui.GroovyMain.run(GroovyMain.java:384)
	at groovy.ui.GroovyMain.process(GroovyMain.java:370)
	at groovy.ui.GroovyMain.processArgs(GroovyMain.java:129)
	at groovy.ui.GroovyMain.main(GroovyMain.java:109)
	at sun.reflect.NativeMethodAccessorImpl.invoke0(Native Method)
	at sun.reflect.NativeMethodAccessorImpl.invoke(NativeMethodAccessorImpl.java:62)
	at sun.reflect.DelegatingMethodAccessorImpl.invoke(DelegatingMethodAccessorImpl.java:43)
	at java.lang.reflect.Method.invoke(Method.java:498)
	at org.codehaus.groovy.tools.GroovyStarter.rootLoader(GroovyStarter.java:109)
	at org.codehaus.groovy.tools.GroovyStarter.main(GroovyStarter.java:131)
)

2018-11-25 10:50:05 - [TEST_STEP][PASSED] - callTestCase: Call Test Case 'Test Cases/Final Aug 2018 - PKS Automation/Registration Module/Workflow/Request SSN/Template/Request SSN - OTC (Using Current Employer Code)' successfully

2018-11-25 10:50:05 - [TEST_CASE][PASSED] - Test Cases/Final Aug 2018 - PKS Automation/Registration Module/Workflow/Request SSN/Template/Request SSN - OTC (Using Current Employer Code): Test Cases/Final Aug 2018 - PKS Automation/Registration Module/Workflow/Request SSN/Template/Request SSN - OTC (Using Current Employer Code)

2018-11-25 10:50:05 - [TEST_STEP][PASSED] - openBrowser: Browser is opened with url: ''

2018-11-25 10:50:05 - [MESSAGE][WARNING] - A browser is already opened. Closing browser and opening a new one

2018-11-25 10:50:09 - [MESSAGE][PASSED] - Browser is opened with url: ''

2018-11-25 10:50:09 - [TEST_STEP][PASSED] - navigateToUrl: Navigate to 'https://assist2-uat.perkeso.gov.my/login' successfully

2018-11-25 10:50:10 - [MESSAGE][PASSED] - Navigate to 'https://assist2-uat.perkeso.gov.my/login' successfully

2018-11-25 10:50:10 - [TEST_STEP][PASSED] - setText: Text 'johorotc1@gmail.com' is set on object 'Object Repository/Final Object Repo/Login Page/Internal User/Email Address'

2018-11-25 10:50:11 - [MESSAGE][PASSED] - Text 'johorotc1@gmail.com' is set on object 'Object Repository/Final Object Repo/Login Page/Internal User/Email Address'

2018-11-25 10:50:11 - [TEST_STEP][PASSED] - click: Object: 'Object Repository/Final Object Repo/Login Page/Internal User/Next Button' is clicked on

2018-11-25 10:50:11 - [MESSAGE][PASSED] - Object: 'Object Repository/Final Object Repo/Login Page/Internal User/Next Button' is clicked on

2018-11-25 10:50:11 - [TEST_STEP][PASSED] - delay: Delayed 1 second(s)

2018-11-25 10:50:12 - [MESSAGE][PASSED] - Delayed 1 second(s)

2018-11-25 10:50:12 - [TEST_STEP][PASSED] - setEncryptedText: Text ****** has been set on object 'Object Repository/Final Object Repo/Login Page/Internal User/Password'

2018-11-25 10:50:12 - [MESSAGE][PASSED] - Text ****** has been set on object 'Object Repository/Final Object Repo/Login Page/Internal User/Password'

2018-11-25 10:50:12 - [TEST_STEP][PASSED] - click: Object: 'Object Repository/Final Object Repo/Login Page/Internal User/Login Button' is clicked on

2018-11-25 10:50:12 - [MESSAGE][PASSED] - Object: 'Object Repository/Final Object Repo/Login Page/Internal User/Login Button' is clicked on

2018-11-25 10:50:12 - [TEST_STEP][PASSED] - delay: Delayed 1 second(s)

2018-11-25 10:50:13 - [MESSAGE][PASSED] - Delayed 1 second(s)

2018-11-25 10:50:13 - [TEST_STEP][PASSED] - navigateToUrl: Navigate to 'https://assist2-uat.perkeso.gov.my/web/registration/request-ssn' successfully

2018-11-25 10:50:18 - [MESSAGE][PASSED] - Navigate to 'https://assist2-uat.perkeso.gov.my/web/registration/request-ssn' successfully

2018-11-25 10:50:18 - [TEST_STEP][PASSED] - setText: Text 'perkeso' is set on object 'Object Repository/Final Object Repo/Page_Request SSN - ASSIST/AI - Name'

2018-11-25 10:50:19 - [MESSAGE][PASSED] - Text 'perkeso' is set on object 'Object Repository/Final Object Repo/Page_Request SSN - ASSIST/AI - Name'

2018-11-25 10:50:19 - [TEST_STEP][PASSED] - click: Object: 'Object Repository/Final Object Repo/Page_Request SSN - ASSIST/AI - DOB' is clicked on

2018-11-25 10:50:19 - [MESSAGE][PASSED] - Object: 'Object Repository/Final Object Repo/Page_Request SSN - ASSIST/AI - DOB' is clicked on

2018-11-25 10:50:19 - [TEST_STEP][PASSED] - selectOptionByValue: All options with value '1995' are selected in object 'Object Repository/Final Object Repo/Page_Request SSN - ASSIST/AI - DOB - Year' 

2018-11-25 10:50:19 - [MESSAGE][PASSED] - All options with value '1995' are selected in object 'Object Repository/Final Object Repo/Page_Request SSN - ASSIST/AI - DOB - Year' 

2018-11-25 10:50:19 - [TEST_STEP][PASSED] - delay: Delayed 3 second(s)

2018-11-25 10:50:22 - [MESSAGE][PASSED] - Delayed 3 second(s)

2018-11-25 10:50:22 - [TEST_STEP][PASSED] - doubleClick: Object: 'Object Repository/Final Object Repo/Page_Request SSN - ASSIST/AI - DOB - Year - Date' is double clicked on

2018-11-25 10:50:22 - [MESSAGE][PASSED] - Object: 'Object Repository/Final Object Repo/Page_Request SSN - ASSIST/AI - DOB - Year - Date' is double clicked on

2018-11-25 10:50:22 - [TEST_STEP][PASSED] - click: Object: 'Object Repository/Final Object Repo/Page_Request SSN - ASSIST/AI - Male' is clicked on

2018-11-25 10:50:23 - [MESSAGE][PASSED] - Object: 'Object Repository/Final Object Repo/Page_Request SSN - ASSIST/AI - Male' is clicked on

2018-11-25 10:50:23 - [TEST_STEP][PASSED] - click: Object: 'Object Repository/Final Object Repo/Page_Request SSN - ASSIST/AI- Race' is clicked on

2018-11-25 10:50:23 - [MESSAGE][PASSED] - Object: 'Object Repository/Final Object Repo/Page_Request SSN - ASSIST/AI- Race' is clicked on

2018-11-25 10:50:23 - [TEST_STEP][PASSED] - click: Object: 'Object Repository/Final Object Repo/Page_Request SSN - ASSIST/AI - Race - Melayu' is clicked on

2018-11-25 10:50:23 - [MESSAGE][PASSED] - Object: 'Object Repository/Final Object Repo/Page_Request SSN - ASSIST/AI - Race - Melayu' is clicked on

2018-11-25 10:50:23 - [TEST_STEP][PASSED] - click: Object: 'Object Repository/Final Object Repo/Page_Request SSN - ASSIST/AI - Religion' is clicked on

2018-11-25 10:50:23 - [MESSAGE][PASSED] - Object: 'Object Repository/Final Object Repo/Page_Request SSN - ASSIST/AI - Religion' is clicked on

2018-11-25 10:50:23 - [TEST_STEP][PASSED] - click: Object: 'Object Repository/Final Object Repo/Page_Request SSN - ASSIST/AI - Religion - Islam' is clicked on

2018-11-25 10:50:23 - [MESSAGE][PASSED] - Object: 'Object Repository/Final Object Repo/Page_Request SSN - ASSIST/AI - Religion - Islam' is clicked on

2018-11-25 10:50:23 - [TEST_STEP][PASSED] - setText: Text '12345' is set on object 'Object Repository/Final Object Repo/Page_Request SSN - ASSIST/AI - Birth Certificate'

2018-11-25 10:50:24 - [MESSAGE][PASSED] - Text '12345' is set on object 'Object Repository/Final Object Repo/Page_Request SSN - ASSIST/AI - Birth Certificate'

2018-11-25 10:50:24 - [TEST_STEP][PASSED] - click: Object: 'Object Repository/Final Object Repo/Page_Request SSN - ASSIST/AI - Nationality' is clicked on

2018-11-25 10:50:24 - [MESSAGE][PASSED] - Object: 'Object Repository/Final Object Repo/Page_Request SSN - ASSIST/AI - Nationality' is clicked on

2018-11-25 10:50:24 - [TEST_STEP][PASSED] - click: Object: 'Object Repository/Final Object Repo/Page_Request SSN - ASSIST/AI - Nationality - Afghanistan' is clicked on

2018-11-25 10:50:25 - [MESSAGE][PASSED] - Object: 'Object Repository/Final Object Repo/Page_Request SSN - ASSIST/AI - Nationality - Afghanistan' is clicked on

2018-11-25 10:50:25 - [TEST_STEP][PASSED] - setText: Text 'PERKESO ADDRESS1' is set on object 'Object Repository/Final Object Repo/Page_Request SSN - ASSIST/AI - Address1'

2018-11-25 10:50:26 - [MESSAGE][PASSED] - Text 'PERKESO ADDRESS1' is set on object 'Object Repository/Final Object Repo/Page_Request SSN - ASSIST/AI - Address1'

2018-11-25 10:50:26 - [TEST_STEP][PASSED] - setText: Text 'PERKESO ADDRESS2' is set on object 'Object Repository/Final Object Repo/Page_Request SSN - ASSIST/AI - Address2'

2018-11-25 10:50:27 - [MESSAGE][PASSED] - Text 'PERKESO ADDRESS2' is set on object 'Object Repository/Final Object Repo/Page_Request SSN - ASSIST/AI - Address2'

2018-11-25 10:50:27 - [TEST_STEP][PASSED] - setText: Text 'PERKESO ADDRESS3' is set on object 'Object Repository/Final Object Repo/Page_Request SSN - ASSIST/AI - Address3'

2018-11-25 10:50:28 - [MESSAGE][PASSED] - Text 'PERKESO ADDRESS3' is set on object 'Object Repository/Final Object Repo/Page_Request SSN - ASSIST/AI - Address3'

2018-11-25 10:50:28 - [TEST_STEP][PASSED] - click: Object: 'Object Repository/Final Object Repo/Page_Request SSN - ASSIST/AI - State' is clicked on

2018-11-25 10:50:28 - [MESSAGE][PASSED] - Object: 'Object Repository/Final Object Repo/Page_Request SSN - ASSIST/AI - State' is clicked on

2018-11-25 10:50:28 - [TEST_STEP][PASSED] - click: Object: 'Object Repository/Final Object Repo/Page_Request SSN - ASSIST/AI - Current Employer State - Johor' is clicked on

2018-11-25 10:50:29 - [MESSAGE][PASSED] - Object: 'Object Repository/Final Object Repo/Page_Request SSN - ASSIST/AI - Current Employer State - Johor' is clicked on

2018-11-25 10:50:29 - [TEST_STEP][PASSED] - click: Object: 'Object Repository/Final Object Repo/Page_Request SSN - ASSIST/AI - City' is clicked on

2018-11-25 10:50:29 - [MESSAGE][PASSED] - Object: 'Object Repository/Final Object Repo/Page_Request SSN - ASSIST/AI - City' is clicked on

2018-11-25 10:50:29 - [TEST_STEP][PASSED] - setText: Text 'JOH' is set on object 'Object Repository/Final Object Repo/Page_Request SSN - ASSIST/AI - City - JOH'

2018-11-25 10:50:29 - [MESSAGE][PASSED] - Text 'JOH' is set on object 'Object Repository/Final Object Repo/Page_Request SSN - ASSIST/AI - City - JOH'

2018-11-25 10:50:29 - [TEST_STEP][PASSED] - delay: Delayed 3 second(s)

2018-11-25 10:50:32 - [MESSAGE][PASSED] - Delayed 3 second(s)

2018-11-25 10:50:32 - [TEST_STEP][PASSED] - click: Object: 'Object Repository/Final Object Repo/Page_Request SSN - ASSIST/AI - City - Johor Bharu' is clicked on

2018-11-25 10:50:33 - [MESSAGE][PASSED] - Object: 'Object Repository/Final Object Repo/Page_Request SSN - ASSIST/AI - City - Johor Bharu' is clicked on

2018-11-25 10:50:33 - [TEST_STEP][PASSED] - click: Object: 'Object Repository/Final Object Repo/Page_Request SSN - ASSIST/AI - Post Code' is clicked on

2018-11-25 10:50:33 - [MESSAGE][PASSED] - Object: 'Object Repository/Final Object Repo/Page_Request SSN - ASSIST/AI - Post Code' is clicked on

2018-11-25 10:50:33 - [TEST_STEP][PASSED] - setText: Text '810' is set on object 'Object Repository/Final Object Repo/Page_Request SSN - ASSIST/AI - City - JOH'

2018-11-25 10:50:33 - [MESSAGE][PASSED] - Text '810' is set on object 'Object Repository/Final Object Repo/Page_Request SSN - ASSIST/AI - City - JOH'

2018-11-25 10:50:33 - [TEST_STEP][PASSED] - delay: Delayed 3 second(s)

2018-11-25 10:50:36 - [MESSAGE][PASSED] - Delayed 3 second(s)

2018-11-25 10:50:36 - [TEST_STEP][PASSED] - click: Object: 'Object Repository/Final Object Repo/Page_Request SSN - ASSIST/AI - PostCode - 81000' is clicked on

2018-11-25 10:50:37 - [MESSAGE][PASSED] - Object: 'Object Repository/Final Object Repo/Page_Request SSN - ASSIST/AI - PostCode - 81000' is clicked on

2018-11-25 10:50:37 - [TEST_STEP][PASSED] - setText: Text '100' is set on object 'Object Repository/Final Object Repo/Page_Request SSN - ASSIST/P.O.BOX'

2018-11-25 10:50:37 - [MESSAGE][PASSED] - Text '100' is set on object 'Object Repository/Final Object Repo/Page_Request SSN - ASSIST/P.O.BOX'

2018-11-25 10:50:37 - [TEST_STEP][PASSED] - setText: Text '100' is set on object 'Object Repository/Final Object Repo/Page_Request SSN - ASSIST/Locked Bag No'

2018-11-25 10:50:38 - [MESSAGE][PASSED] - Text '100' is set on object 'Object Repository/Final Object Repo/Page_Request SSN - ASSIST/Locked Bag No'

2018-11-25 10:50:38 - [TEST_STEP][PASSED] - delay: Delayed 2 second(s)

2018-11-25 10:50:40 - [MESSAGE][PASSED] - Delayed 2 second(s)

2018-11-25 10:50:40 - [TEST_STEP][PASSED] - setText: Text '123456789' is set on object 'Object Repository/Final Object Repo/Page_Request SSN - ASSIST/AI - Telephone No'

2018-11-25 10:50:40 - [MESSAGE][PASSED] - Text '123456789' is set on object 'Object Repository/Final Object Repo/Page_Request SSN - ASSIST/AI - Telephone No'

2018-11-25 10:50:40 - [TEST_STEP][PASSED] - click: Object: 'Object Repository/Final Object Repo/Page_Request SSN - ASSIST/AI - Occupation' is clicked on

2018-11-25 10:50:41 - [MESSAGE][PASSED] - Object: 'Object Repository/Final Object Repo/Page_Request SSN - ASSIST/AI - Occupation' is clicked on

2018-11-25 10:50:41 - [TEST_STEP][PASSED] - click: Object: 'Object Repository/Final Object Repo/Page_Request SSN - ASSIST/AI - Occupation - NUMERICAL AND MATERIAL R' is clicked on

2018-11-25 10:50:41 - [MESSAGE][PASSED] - Object: 'Object Repository/Final Object Repo/Page_Request SSN - ASSIST/AI - Occupation - NUMERICAL AND MATERIAL R' is clicked on

2018-11-25 10:50:41 - [TEST_STEP][PASSED] - delay: Delayed 2 second(s)

2018-11-25 10:50:43 - [MESSAGE][PASSED] - Delayed 2 second(s)

2018-11-25 10:50:43 - [TEST_STEP][PASSED] - click: Object: 'Object Repository/Final Object Repo/Page_Request SSN - ASSIST/AI - Sub Occupation' is clicked on

2018-11-25 10:50:43 - [MESSAGE][PASSED] - Object: 'Object Repository/Final Object Repo/Page_Request SSN - ASSIST/AI - Sub Occupation' is clicked on

2018-11-25 10:50:43 - [TEST_STEP][PASSED] - click: Object: 'Object Repository/Final Object Repo/Page_Request SSN - ASSIST/AI - Sub Occupation - Stock Clerks' is clicked on

2018-11-25 10:50:43 - [MESSAGE][PASSED] - Object: 'Object Repository/Final Object Repo/Page_Request SSN - ASSIST/AI - Sub Occupation - Stock Clerks' is clicked on

2018-11-25 10:50:43 - [TEST_STEP][PASSED] - delay: Delayed 2 second(s)

2018-11-25 10:50:45 - [MESSAGE][PASSED] - Delayed 2 second(s)

2018-11-25 10:50:45 - [TEST_STEP][PASSED] - click: Object: 'Object Repository/Final Object Repo/Page_Request SSN - ASSIST/AI - Sub Occupation List' is clicked on

2018-11-25 10:50:46 - [MESSAGE][PASSED] - Object: 'Object Repository/Final Object Repo/Page_Request SSN - ASSIST/AI - Sub Occupation List' is clicked on

2018-11-25 10:50:46 - [TEST_STEP][PASSED] - click: Object: 'Object Repository/Final Object Repo/Page_Request SSN - ASSIST/AI - Sub Occupation List - Clerk raw material' is clicked on

2018-11-25 10:50:46 - [MESSAGE][PASSED] - Object: 'Object Repository/Final Object Repo/Page_Request SSN - ASSIST/AI - Sub Occupation List - Clerk raw material' is clicked on

2018-11-25 10:50:46 - [TEST_STEP][PASSED] - click: Object: 'Object Repository/Final Object Repo/Page_Request SSN - ASSIST/AI - Employment Start Date' is clicked on

2018-11-25 10:50:46 - [MESSAGE][PASSED] - Object: 'Object Repository/Final Object Repo/Page_Request SSN - ASSIST/AI - Employment Start Date' is clicked on

2018-11-25 10:50:46 - [TEST_STEP][PASSED] - click: Object: 'Object Repository/Final Object Repo/Page_Request SSN - ASSIST/AI - DOB - Year - Date' is clicked on

2018-11-25 10:50:46 - [MESSAGE][PASSED] - Object: 'Object Repository/Final Object Repo/Page_Request SSN - ASSIST/AI - DOB - Year - Date' is clicked on

2018-11-25 10:50:46 - [TEST_STEP][PASSED] - setText: Text 'E1102001065V' is set on object 'Object Repository/Final Object Repo/Page_Request SSN - ASSIST/AI - Current Employer Code'

2018-11-25 10:50:48 - [MESSAGE][PASSED] - Text 'E1102001065V' is set on object 'Object Repository/Final Object Repo/Page_Request SSN - ASSIST/AI - Current Employer Code'

2018-11-25 10:50:48 - [TEST_STEP][PASSED] - delay: Delayed 2 second(s)

2018-11-25 10:50:50 - [MESSAGE][PASSED] - Delayed 2 second(s)

2018-11-25 10:50:50 - [TEST_STEP][PASSED] - click: Object: 'Object Repository/Final Object Repo/Page_Request SSN - ASSIST/AI - Current Employer Code - Search' is clicked on

2018-11-25 10:50:50 - [MESSAGE][PASSED] - Object: 'Object Repository/Final Object Repo/Page_Request SSN - ASSIST/AI - Current Employer Code - Search' is clicked on

2018-11-25 10:50:50 - [TEST_STEP][PASSED] - delay: Delayed 2 second(s)

2018-11-25 10:50:52 - [MESSAGE][PASSED] - Delayed 2 second(s)

2018-11-25 10:50:52 - [TEST_STEP][NOT_RUN] - setText: NOT_RUN: setText

2018-11-25 10:50:52 - [MESSAGE][NOT_RUN] - NOT_RUN: setText

2018-11-25 10:50:52 - [TEST_STEP][NOT_RUN] - setText: NOT_RUN: setText

2018-11-25 10:50:52 - [MESSAGE][NOT_RUN] - NOT_RUN: setText

2018-11-25 10:50:52 - [TEST_STEP][NOT_RUN] - setText: NOT_RUN: setText

2018-11-25 10:50:52 - [MESSAGE][NOT_RUN] - NOT_RUN: setText

2018-11-25 10:50:52 - [TEST_STEP][NOT_RUN] - setText: NOT_RUN: setText

2018-11-25 10:50:52 - [MESSAGE][NOT_RUN] - NOT_RUN: setText

2018-11-25 10:50:52 - [TEST_STEP][NOT_RUN] - click: NOT_RUN: click

2018-11-25 10:50:52 - [MESSAGE][NOT_RUN] - NOT_RUN: click

2018-11-25 10:50:52 - [TEST_STEP][NOT_RUN] - click: NOT_RUN: click

2018-11-25 10:50:52 - [MESSAGE][NOT_RUN] - NOT_RUN: click

2018-11-25 10:50:52 - [TEST_STEP][NOT_RUN] - click: NOT_RUN: click

2018-11-25 10:50:52 - [MESSAGE][NOT_RUN] - NOT_RUN: click

2018-11-25 10:50:52 - [TEST_STEP][NOT_RUN] - setText: NOT_RUN: setText

2018-11-25 10:50:52 - [MESSAGE][NOT_RUN] - NOT_RUN: setText

2018-11-25 10:50:52 - [TEST_STEP][NOT_RUN] - delay: NOT_RUN: delay

2018-11-25 10:50:52 - [MESSAGE][NOT_RUN] - NOT_RUN: delay

2018-11-25 10:50:52 - [TEST_STEP][NOT_RUN] - click: NOT_RUN: click

2018-11-25 10:50:52 - [MESSAGE][NOT_RUN] - NOT_RUN: click

2018-11-25 10:50:52 - [TEST_STEP][NOT_RUN] - click: NOT_RUN: click

2018-11-25 10:50:52 - [MESSAGE][NOT_RUN] - NOT_RUN: click

2018-11-25 10:50:52 - [TEST_STEP][NOT_RUN] - setText: NOT_RUN: setText

2018-11-25 10:50:52 - [MESSAGE][NOT_RUN] - NOT_RUN: setText

2018-11-25 10:50:52 - [TEST_STEP][NOT_RUN] - delay: NOT_RUN: delay

2018-11-25 10:50:52 - [MESSAGE][NOT_RUN] - NOT_RUN: delay

2018-11-25 10:50:52 - [TEST_STEP][NOT_RUN] - click: NOT_RUN: click

2018-11-25 10:50:52 - [MESSAGE][NOT_RUN] - NOT_RUN: click

2018-11-25 10:50:52 - [TEST_STEP][NOT_RUN] - setText: NOT_RUN: setText

2018-11-25 10:50:52 - [MESSAGE][NOT_RUN] - NOT_RUN: setText

2018-11-25 10:50:52 - [TEST_STEP][NOT_RUN] - setText: NOT_RUN: setText

2018-11-25 10:50:52 - [MESSAGE][NOT_RUN] - NOT_RUN: setText

2018-11-25 10:50:52 - [TEST_STEP][NOT_RUN] - click: NOT_RUN: click

2018-11-25 10:50:52 - [MESSAGE][NOT_RUN] - NOT_RUN: click

2018-11-25 10:50:52 - [TEST_STEP][NOT_RUN] - click: NOT_RUN: click

2018-11-25 10:50:52 - [MESSAGE][NOT_RUN] - NOT_RUN: click

2018-11-25 10:50:52 - [TEST_STEP][NOT_RUN] - setText: NOT_RUN: setText

2018-11-25 10:50:52 - [MESSAGE][NOT_RUN] - NOT_RUN: setText

2018-11-25 10:50:52 - [TEST_STEP][NOT_RUN] - click: NOT_RUN: click

2018-11-25 10:50:52 - [MESSAGE][NOT_RUN] - NOT_RUN: click

2018-11-25 10:50:52 - [TEST_STEP][NOT_RUN] - click: NOT_RUN: click

2018-11-25 10:50:52 - [MESSAGE][NOT_RUN] - NOT_RUN: click

2018-11-25 10:50:52 - [TEST_STEP][NOT_RUN] - click: NOT_RUN: click

2018-11-25 10:50:52 - [MESSAGE][NOT_RUN] - NOT_RUN: click

2018-11-25 10:50:52 - [TEST_STEP][NOT_RUN] - click: NOT_RUN: click

2018-11-25 10:50:52 - [MESSAGE][NOT_RUN] - NOT_RUN: click

2018-11-25 10:50:52 - [TEST_STEP][NOT_RUN] - click: NOT_RUN: click

2018-11-25 10:50:52 - [MESSAGE][NOT_RUN] - NOT_RUN: click

2018-11-25 10:50:52 - [TEST_STEP][NOT_RUN] - click: NOT_RUN: click

2018-11-25 10:50:52 - [MESSAGE][NOT_RUN] - NOT_RUN: click

2018-11-25 10:50:52 - [TEST_STEP][NOT_RUN] - setText: NOT_RUN: setText

2018-11-25 10:50:52 - [MESSAGE][NOT_RUN] - NOT_RUN: setText

2018-11-25 10:50:52 - [TEST_STEP][NOT_RUN] - setText: NOT_RUN: setText

2018-11-25 10:50:52 - [MESSAGE][NOT_RUN] - NOT_RUN: setText

2018-11-25 10:50:52 - [TEST_STEP][NOT_RUN] - setText: NOT_RUN: setText

2018-11-25 10:50:52 - [MESSAGE][NOT_RUN] - NOT_RUN: setText

2018-11-25 10:50:52 - [TEST_STEP][NOT_RUN] - click: NOT_RUN: click

2018-11-25 10:50:52 - [MESSAGE][NOT_RUN] - NOT_RUN: click

2018-11-25 10:50:52 - [TEST_STEP][NOT_RUN] - click: NOT_RUN: click

2018-11-25 10:50:52 - [MESSAGE][NOT_RUN] - NOT_RUN: click

2018-11-25 10:50:52 - [TEST_STEP][NOT_RUN] - click: NOT_RUN: click

2018-11-25 10:50:52 - [MESSAGE][NOT_RUN] - NOT_RUN: click

2018-11-25 10:50:52 - [TEST_STEP][NOT_RUN] - setText: NOT_RUN: setText

2018-11-25 10:50:52 - [MESSAGE][NOT_RUN] - NOT_RUN: setText

2018-11-25 10:50:52 - [TEST_STEP][NOT_RUN] - delay: NOT_RUN: delay

2018-11-25 10:50:52 - [MESSAGE][NOT_RUN] - NOT_RUN: delay

2018-11-25 10:50:52 - [TEST_STEP][NOT_RUN] - click: NOT_RUN: click

2018-11-25 10:50:52 - [MESSAGE][NOT_RUN] - NOT_RUN: click

2018-11-25 10:50:52 - [TEST_STEP][NOT_RUN] - click: NOT_RUN: click

2018-11-25 10:50:52 - [MESSAGE][NOT_RUN] - NOT_RUN: click

2018-11-25 10:50:52 - [TEST_STEP][NOT_RUN] - click: NOT_RUN: click

2018-11-25 10:50:52 - [MESSAGE][NOT_RUN] - NOT_RUN: click

2018-11-25 10:50:52 - [TEST_STEP][NOT_RUN] - setText: NOT_RUN: setText

2018-11-25 10:50:52 - [MESSAGE][NOT_RUN] - NOT_RUN: setText

2018-11-25 10:50:52 - [TEST_STEP][NOT_RUN] - delay: NOT_RUN: delay

2018-11-25 10:50:52 - [MESSAGE][NOT_RUN] - NOT_RUN: delay

2018-11-25 10:50:52 - [TEST_STEP][NOT_RUN] - click: NOT_RUN: click

2018-11-25 10:50:52 - [MESSAGE][NOT_RUN] - NOT_RUN: click

2018-11-25 10:50:52 - [TEST_STEP][NOT_RUN] - delay: NOT_RUN: delay

2018-11-25 10:50:52 - [MESSAGE][NOT_RUN] - NOT_RUN: delay

2018-11-25 10:50:52 - [TEST_STEP][NOT_RUN] - setText: NOT_RUN: setText

2018-11-25 10:50:52 - [MESSAGE][NOT_RUN] - NOT_RUN: setText

2018-11-25 10:50:52 - [TEST_STEP][NOT_RUN] - setText: NOT_RUN: setText

2018-11-25 10:50:52 - [MESSAGE][NOT_RUN] - NOT_RUN: setText

2018-11-25 10:50:52 - [TEST_STEP][NOT_RUN] - setText: NOT_RUN: setText

2018-11-25 10:50:52 - [MESSAGE][NOT_RUN] - NOT_RUN: setText

2018-11-25 10:50:52 - [TEST_STEP][NOT_RUN] - click: NOT_RUN: click

2018-11-25 10:50:52 - [MESSAGE][NOT_RUN] - NOT_RUN: click

2018-11-25 10:50:52 - [TEST_STEP][NOT_RUN] - click: NOT_RUN: click

2018-11-25 10:50:52 - [MESSAGE][NOT_RUN] - NOT_RUN: click

2018-11-25 10:50:52 - [TEST_STEP][NOT_RUN] - setText: NOT_RUN: setText

2018-11-25 10:50:52 - [MESSAGE][NOT_RUN] - NOT_RUN: setText

2018-11-25 10:50:52 - [TEST_STEP][NOT_RUN] - click: NOT_RUN: click

2018-11-25 10:50:52 - [MESSAGE][NOT_RUN] - NOT_RUN: click

2018-11-25 10:50:52 - [TEST_STEP][NOT_RUN] - click: NOT_RUN: click

2018-11-25 10:50:52 - [MESSAGE][NOT_RUN] - NOT_RUN: click

2018-11-25 10:50:52 - [TEST_STEP][NOT_RUN] - click: NOT_RUN: click

2018-11-25 10:50:52 - [MESSAGE][NOT_RUN] - NOT_RUN: click

2018-11-25 10:50:52 - [TEST_STEP][NOT_RUN] - click: NOT_RUN: click

2018-11-25 10:50:52 - [MESSAGE][NOT_RUN] - NOT_RUN: click

2018-11-25 10:50:52 - [TEST_STEP][NOT_RUN] - click: NOT_RUN: click

2018-11-25 10:50:52 - [MESSAGE][NOT_RUN] - NOT_RUN: click

2018-11-25 10:50:52 - [TEST_STEP][NOT_RUN] - click: NOT_RUN: click

2018-11-25 10:50:52 - [MESSAGE][NOT_RUN] - NOT_RUN: click

2018-11-25 10:50:52 - [TEST_STEP][NOT_RUN] - setText: NOT_RUN: setText

2018-11-25 10:50:52 - [MESSAGE][NOT_RUN] - NOT_RUN: setText

2018-11-25 10:50:52 - [TEST_STEP][NOT_RUN] - setText: NOT_RUN: setText

2018-11-25 10:50:52 - [MESSAGE][NOT_RUN] - NOT_RUN: setText

2018-11-25 10:50:52 - [TEST_STEP][NOT_RUN] - setText: NOT_RUN: setText

2018-11-25 10:50:52 - [MESSAGE][NOT_RUN] - NOT_RUN: setText

2018-11-25 10:50:52 - [TEST_STEP][NOT_RUN] - click: NOT_RUN: click

2018-11-25 10:50:52 - [MESSAGE][NOT_RUN] - NOT_RUN: click

2018-11-25 10:50:52 - [TEST_STEP][NOT_RUN] - click: NOT_RUN: click

2018-11-25 10:50:52 - [MESSAGE][NOT_RUN] - NOT_RUN: click

2018-11-25 10:50:52 - [TEST_STEP][NOT_RUN] - click: NOT_RUN: click

2018-11-25 10:50:52 - [MESSAGE][NOT_RUN] - NOT_RUN: click

2018-11-25 10:50:52 - [TEST_STEP][NOT_RUN] - delay: NOT_RUN: delay

2018-11-25 10:50:52 - [MESSAGE][NOT_RUN] - NOT_RUN: delay

2018-11-25 10:50:52 - [TEST_STEP][NOT_RUN] - setText: NOT_RUN: setText

2018-11-25 10:50:52 - [MESSAGE][NOT_RUN] - NOT_RUN: setText

2018-11-25 10:50:52 - [TEST_STEP][NOT_RUN] - delay: NOT_RUN: delay

2018-11-25 10:50:52 - [MESSAGE][NOT_RUN] - NOT_RUN: delay

2018-11-25 10:50:52 - [TEST_STEP][NOT_RUN] - click: NOT_RUN: click

2018-11-25 10:50:52 - [MESSAGE][NOT_RUN] - NOT_RUN: click

2018-11-25 10:50:52 - [TEST_STEP][NOT_RUN] - doubleClick: NOT_RUN: doubleClick

2018-11-25 10:50:52 - [MESSAGE][NOT_RUN] - NOT_RUN: doubleClick

2018-11-25 10:50:52 - [TEST_STEP][NOT_RUN] - click: NOT_RUN: click

2018-11-25 10:50:52 - [MESSAGE][NOT_RUN] - NOT_RUN: click

2018-11-25 10:50:52 - [TEST_STEP][NOT_RUN] - setText: NOT_RUN: setText

2018-11-25 10:50:52 - [MESSAGE][NOT_RUN] - NOT_RUN: setText

2018-11-25 10:50:52 - [TEST_STEP][NOT_RUN] - delay: NOT_RUN: delay

2018-11-25 10:50:52 - [MESSAGE][NOT_RUN] - NOT_RUN: delay

2018-11-25 10:50:52 - [TEST_STEP][NOT_RUN] - click: NOT_RUN: click

2018-11-25 10:50:52 - [MESSAGE][NOT_RUN] - NOT_RUN: click

2018-11-25 10:50:52 - [TEST_STEP][NOT_RUN] - delay: NOT_RUN: delay

2018-11-25 10:50:52 - [MESSAGE][NOT_RUN] - NOT_RUN: delay

2018-11-25 10:50:52 - [TEST_STEP][NOT_RUN] - setText: NOT_RUN: setText

2018-11-25 10:50:52 - [MESSAGE][NOT_RUN] - NOT_RUN: setText

2018-11-25 10:50:52 - [TEST_STEP][PASSED] - click: Object: 'Object Repository/Final Object Repo/Page_Request SSN - ASSIST/Save  Continue' is clicked on

2018-11-25 10:50:52 - [MESSAGE][PASSED] - Object: 'Object Repository/Final Object Repo/Page_Request SSN - ASSIST/Save  Continue' is clicked on

2018-11-25 10:50:52 - [TEST_STEP][PASSED] - delay: Delayed 3 second(s)

2018-11-25 10:50:55 - [MESSAGE][PASSED] - Delayed 3 second(s)

2018-11-25 10:50:55 - [TEST_STEP][PASSED] - Statement - CaseReferenceNo = com.kms.katalon.core.webui.keyword.WebUiBuiltInKeywords.getText(com.kms.katalon.core.testobject.ObjectRepository.findTestObject(Final Object Repo/Page_Request SSN - ASSIST/Reference Number in Uploading Page)): Text of object 'Object Repository/Final Object Repo/Page_Request SSN - ASSIST/Reference Number in Uploading Page' is: 'YUKI'

2018-11-25 10:50:55 - [MESSAGE][PASSED] - Text of object 'Object Repository/Final Object Repo/Page_Request SSN - ASSIST/Reference Number in Uploading Page' is: 'YUKI'

2018-11-25 10:50:55 - [TEST_STEP][PASSED] - click: Object: 'Object Repository/Final Object Repo/Page_Request SSN - ASSIST/Add Document Button' is clicked on

2018-11-25 10:50:55 - [MESSAGE][PASSED] - Object: 'Object Repository/Final Object Repo/Page_Request SSN - ASSIST/Add Document Button' is clicked on

2018-11-25 10:50:55 - [TEST_STEP][PASSED] - delay: Delayed 2 second(s)

2018-11-25 10:50:57 - [MESSAGE][PASSED] - Delayed 2 second(s)

2018-11-25 10:50:57 - [TEST_STEP][PASSED] - click: Object: 'Object Repository/Final Object Repo/Page_Request SSN - ASSIST/Document Type' is clicked on

2018-11-25 10:50:59 - [MESSAGE][PASSED] - Object: 'Object Repository/Final Object Repo/Page_Request SSN - ASSIST/Document Type' is clicked on

2018-11-25 10:50:59 - [TEST_STEP][PASSED] - click: Object: 'Object Repository/Final Object Repo/Page_Request SSN - ASSIST/Document Type - Birth Certificate' is clicked on

2018-11-25 10:50:59 - [MESSAGE][PASSED] - Object: 'Object Repository/Final Object Repo/Page_Request SSN - ASSIST/Document Type - Birth Certificate' is clicked on

2018-11-25 10:50:59 - [TEST_STEP][PASSED] - sendKeys: Keys 'C:\Users\Public\Pictures\Sample Pictures\Koala.jpg' sent to object: 'Object Repository/Final Object Repo/Page_Request SSN - ASSIST/Upload File'

2018-11-25 10:50:59 - [MESSAGE][PASSED] - Keys 'C:\Users\Public\Pictures\Sample Pictures\Koala.jpg' sent to object: 'Object Repository/Final Object Repo/Page_Request SSN - ASSIST/Upload File'

2018-11-25 10:50:59 - [TEST_STEP][PASSED] - click: Object: 'Object Repository/Final Object Repo/Page_Request SSN - ASSIST/Add Document' is clicked on

2018-11-25 10:50:59 - [MESSAGE][PASSED] - Object: 'Object Repository/Final Object Repo/Page_Request SSN - ASSIST/Add Document' is clicked on

2018-11-25 10:50:59 - [TEST_STEP][PASSED] - delay: Delayed 2 second(s)

2018-11-25 10:51:01 - [MESSAGE][PASSED] - Delayed 2 second(s)

2018-11-25 10:51:01 - [TEST_STEP][PASSED] - click: Object: 'Object Repository/Final Object Repo/Page_Request SSN - ASSIST/Save  Continue in Uploading Document Page' is clicked on

2018-11-25 10:51:03 - [MESSAGE][PASSED] - Object: 'Object Repository/Final Object Repo/Page_Request SSN - ASSIST/Save  Continue in Uploading Document Page' is clicked on

2018-11-25 10:51:03 - [TEST_STEP][PASSED] - delay: Delayed 2 second(s)

2018-11-25 10:51:05 - [MESSAGE][PASSED] - Delayed 2 second(s)

2018-11-25 10:51:05 - [TEST_STEP][PASSED] - click: Object: 'Object Repository/Final Object Repo/Page_Request SSN - ASSIST/Submit' is clicked on

2018-11-25 10:51:08 - [MESSAGE][PASSED] - Object: 'Object Repository/Final Object Repo/Page_Request SSN - ASSIST/Submit' is clicked on

2018-11-25 10:51:08 - [TEST_STEP][PASSED] - delay: Delayed 2 second(s)

2018-11-25 10:51:10 - [MESSAGE][PASSED] - Delayed 2 second(s)

2018-11-25 10:51:10 - [TEST_STEP][PASSED] - click: Object: 'Object Repository/Final Object Repo/Page_Request SSN - ASSIST/Confirm' is clicked on

2018-11-25 10:51:10 - [MESSAGE][PASSED] - Object: 'Object Repository/Final Object Repo/Page_Request SSN - ASSIST/Confirm' is clicked on

2018-11-25 10:51:10 - [TEST_STEP][PASSED] - delay: Delayed 2 second(s)

2018-11-25 10:51:12 - [MESSAGE][PASSED] - Delayed 2 second(s)

2018-11-25 10:51:12 - [TEST_STEP][PASSED] - verifyElementVisible: Object 'Object Repository/Final Object Repo/Page_Request SSN - ASSIST/Message This Case will be routed to RIO' is visible

2018-11-25 10:51:17 - [MESSAGE][PASSED] - Object 'Object Repository/Final Object Repo/Page_Request SSN - ASSIST/Message This Case will be routed to RIO' is visible

2018-11-25 10:51:17 - [TEST_STEP][PASSED] - delay: Delayed 2 second(s)

2018-11-25 10:51:19 - [MESSAGE][PASSED] - Delayed 2 second(s)

2018-11-25 10:51:19 - [TEST_STEP][PASSED] - verifyElementVisible: Object 'Object Repository/Final Object Repo/Page_Request SSN - ASSIST/Letter of acknowledgement' is visible

2018-11-25 10:51:19 - [MESSAGE][PASSED] - Object 'Object Repository/Final Object Repo/Page_Request SSN - ASSIST/Letter of acknowledgement' is visible

2018-11-25 10:51:19 - [MESSAGE][PASSED] - Call Test Case 'Test Cases/Final Aug 2018 - PKS Automation/Registration Module/Workflow/Request SSN/Template/Request SSN - OTC (Using Current Employer Code)' successfully

2018-11-25 10:51:19 - [TEST_STEP][PASSED] - delay: Delayed 2 second(s)

2018-11-25 10:51:21 - [MESSAGE][PASSED] - Delayed 2 second(s)

2018-11-25 10:51:21 - [TEST_STEP][PASSED] - navigateToUrl: Navigate to 'https://assist2-uat.perkeso.gov.my/c/portal/logout' successfully

2018-11-25 10:51:22 - [MESSAGE][PASSED] - Navigate to 'https://assist2-uat.perkeso.gov.my/c/portal/logout' successfully

2018-11-25 10:51:22 - [TEST_STEP][PASSED] - delay: Delayed 2 second(s)

2018-11-25 10:51:24 - [MESSAGE][PASSED] - Delayed 2 second(s)

2018-11-25 10:51:24 - [TEST_STEP][FAILED] - callTestCase: Unable to call Test Case with id 'Test Cases/Final Aug 2018 - PKS Automation/Common/Workflow Owner Finder' (Root cause: Call Test Case 'Test Cases/Final Aug 2018 - PKS Automation/Common/Workflow Owner Finder' failed)

2018-11-25 10:51:24 - [TEST_CASE][FAILED] - Test Cases/Final Aug 2018 - PKS Automation/Common/Workflow Owner Finder: Test Cases/Final Aug 2018 - PKS Automation/Common/Workflow Owner Finder FAILED because (of) (Stack trace: com.kms.katalon.core.exception.StepFailedException: Unable to click on object 'Object Repository/Final Object Repo/Landing Page/Select to English' (Root cause: com.kms.katalon.core.webui.exception.WebElementNotFoundException: Web element with id: 'Object Repository/Final Object Repo/Landing Page/Select to English' located by 'By.xpath: //a[@class = 'taglib-language-list-text' and @lang = 'en-US' and (contains(text(), 'EN') or contains(., 'EN'))]' not found)
	at com.kms.katalon.core.keyword.internal.KeywordMain.stepFailed(KeywordMain.groovy:32)
	at com.kms.katalon.core.webui.keyword.internal.WebUIKeywordMain.stepFailed(WebUIKeywordMain.groovy:65)
	at com.kms.katalon.core.webui.keyword.internal.WebUIKeywordMain.runKeyword(WebUIKeywordMain.groovy:27)
	at com.kms.katalon.core.webui.keyword.builtin.ClickKeyword.click(ClickKeyword.groovy:86)
	at com.kms.katalon.core.webui.keyword.builtin.ClickKeyword.execute(ClickKeyword.groovy:67)
	at com.kms.katalon.core.keyword.internal.KeywordExecutor.executeKeywordForPlatform(KeywordExecutor.groovy:53)
	at com.kms.katalon.core.webui.keyword.WebUiBuiltInKeywords.click(WebUiBuiltInKeywords.groovy:604)
	at com.kms.katalon.core.webui.keyword.WebUiBuiltInKeywords$click$12.call(Unknown Source)
	at Script1534407542420.run(Script1534407542420.groovy:57)
	at com.kms.katalon.core.main.ScriptEngine.run(ScriptEngine.java:183)
	at com.kms.katalon.core.main.ScriptEngine.runScriptAsRawText(ScriptEngine.java:108)
	at com.kms.katalon.core.main.TestCaseExecutor.runScript(TestCaseExecutor.java:294)
	at com.kms.katalon.core.main.TestCaseExecutor.doExecute(TestCaseExecutor.java:285)
	at com.kms.katalon.core.main.TestCaseExecutor.processExecutionPhase(TestCaseExecutor.java:264)
	at com.kms.katalon.core.main.TestCaseExecutor.accessMainPhase(TestCaseExecutor.java:256)
	at com.kms.katalon.core.main.TestCaseExecutor.execute(TestCaseExecutor.java:200)
	at com.kms.katalon.core.main.TestCaseMain.runTestCase(TestCaseMain.java:99)
	at com.kms.katalon.core.keyword.builtin.CallTestCaseKeyword$_callTestCase_closure1.doCall(CallTestCaseKeyword.groovy:60)
	at com.kms.katalon.core.keyword.builtin.CallTestCaseKeyword$_callTestCase_closure1.call(CallTestCaseKeyword.groovy)
	at com.kms.katalon.core.keyword.internal.KeywordMain.runKeyword(KeywordMain.groovy:54)
	at com.kms.katalon.core.keyword.builtin.CallTestCaseKeyword.callTestCase(CallTestCaseKeyword.groovy:81)
	at com.kms.katalon.core.keyword.builtin.CallTestCaseKeyword.execute(CallTestCaseKeyword.groovy:45)
	at com.kms.katalon.core.keyword.internal.KeywordExecutor.executeKeywordForPlatform(KeywordExecutor.groovy:53)
	at com.kms.katalon.core.keyword.BuiltinKeywords.callTestCase(BuiltinKeywords.groovy:334)
	at sun.reflect.GeneratedMethodAccessor13.invoke(Unknown Source)
	at sun.reflect.DelegatingMethodAccessorImpl.invoke(DelegatingMethodAccessorImpl.java:43)
	at java.lang.reflect.Method.invoke(Method.java:498)
	at org.codehaus.groovy.reflection.CachedMethod.invoke(CachedMethod.java:93)
	at groovy.lang.MetaMethod.doMethodInvoke(MetaMethod.java:325)
	at groovy.lang.MetaClassImpl.invokeStaticMethod(MetaClassImpl.java:1469)
	at org.codehaus.groovy.runtime.callsite.StaticMetaClassSite.call(StaticMetaClassSite.java:53)
	at org.codehaus.groovy.runtime.callsite.CallSiteArray.defaultCall(CallSiteArray.java:48)
	at org.codehaus.groovy.runtime.callsite.AbstractCallSite.call(AbstractCallSite.java:113)
	at org.codehaus.groovy.runtime.callsite.AbstractCallSite.call(AbstractCallSite.java:141)
	at Script1537866116409.run(Script1537866116409.groovy:30)
	at com.kms.katalon.core.main.ScriptEngine.run(ScriptEngine.java:183)
	at com.kms.katalon.core.main.ScriptEngine.runScriptAsRawText(ScriptEngine.java:108)
	at com.kms.katalon.core.main.TestCaseExecutor.runScript(TestCaseExecutor.java:294)
	at com.kms.katalon.core.main.TestCaseExecutor.doExecute(TestCaseExecutor.java:285)
	at com.kms.katalon.core.main.TestCaseExecutor.processExecutionPhase(TestCaseExecutor.java:264)
	at com.kms.katalon.core.main.TestCaseExecutor.accessMainPhase(TestCaseExecutor.java:256)
	at com.kms.katalon.core.main.TestCaseExecutor.execute(TestCaseExecutor.java:200)
	at com.kms.katalon.core.main.TestCaseMain.runTestCase(TestCaseMain.java:99)
	at com.kms.katalon.core.keyword.builtin.CallTestCaseKeyword$_callTestCase_closure1.doCall(CallTestCaseKeyword.groovy:60)
	at com.kms.katalon.core.keyword.builtin.CallTestCaseKeyword$_callTestCase_closure1.call(CallTestCaseKeyword.groovy)
	at com.kms.katalon.core.keyword.internal.KeywordMain.runKeyword(KeywordMain.groovy:54)
	at com.kms.katalon.core.keyword.builtin.CallTestCaseKeyword.callTestCase(CallTestCaseKeyword.groovy:81)
	at com.kms.katalon.core.keyword.builtin.CallTestCaseKeyword.execute(CallTestCaseKeyword.groovy:45)
	at com.kms.katalon.core.keyword.internal.KeywordExecutor.executeKeywordForPlatform(KeywordExecutor.groovy:53)
	at com.kms.katalon.core.keyword.BuiltinKeywords.callTestCase(BuiltinKeywords.groovy:334)
	at sun.reflect.GeneratedMethodAccessor13.invoke(Unknown Source)
	at sun.reflect.DelegatingMethodAccessorImpl.invoke(DelegatingMethodAccessorImpl.java:43)
	at java.lang.reflect.Method.invoke(Method.java:498)
	at org.codehaus.groovy.reflection.CachedMethod.invoke(CachedMethod.java:93)
	at groovy.lang.MetaMethod.doMethodInvoke(MetaMethod.java:325)
	at groovy.lang.MetaClassImpl.invokeStaticMethod(MetaClassImpl.java:1469)
	at org.codehaus.groovy.runtime.callsite.StaticMetaClassSite.call(StaticMetaClassSite.java:53)
	at org.codehaus.groovy.runtime.callsite.CallSiteArray.defaultCall(CallSiteArray.java:48)
	at org.codehaus.groovy.runtime.callsite.AbstractCallSite.call(AbstractCallSite.java:113)
	at org.codehaus.groovy.runtime.callsite.AbstractCallSite.call(AbstractCallSite.java:141)
	at Script1536300508619.run(Script1536300508619.groovy:24)
	at com.kms.katalon.core.main.ScriptEngine.run(ScriptEngine.java:183)
	at com.kms.katalon.core.main.ScriptEngine.runScriptAsRawText(ScriptEngine.java:108)
	at com.kms.katalon.core.main.TestCaseExecutor.runScript(TestCaseExecutor.java:294)
	at com.kms.katalon.core.main.TestCaseExecutor.doExecute(TestCaseExecutor.java:285)
	at com.kms.katalon.core.main.TestCaseExecutor.processExecutionPhase(TestCaseExecutor.java:264)
	at com.kms.katalon.core.main.TestCaseExecutor.accessMainPhase(TestCaseExecutor.java:256)
	at com.kms.katalon.core.main.TestCaseExecutor.execute(TestCaseExecutor.java:200)
	at com.kms.katalon.core.main.TestSuiteExecutor.accessTestCaseMainPhase(TestSuiteExecutor.java:129)
	at com.kms.katalon.core.main.TestSuiteExecutor.accessTestSuiteMainPhase(TestSuiteExecutor.java:112)
	at com.kms.katalon.core.main.TestSuiteExecutor.execute(TestSuiteExecutor.java:81)
	at com.kms.katalon.core.main.TestCaseMain.startTestSuite(TestCaseMain.java:142)
	at com.kms.katalon.core.main.TestCaseMain$startTestSuite$0.call(Unknown Source)
	at org.codehaus.groovy.runtime.callsite.CallSiteArray.defaultCall(CallSiteArray.java:48)
	at org.codehaus.groovy.runtime.callsite.AbstractCallSite.call(AbstractCallSite.java:113)
	at org.codehaus.groovy.runtime.callsite.AbstractCallSite.call(AbstractCallSite.java:141)
	at TempTestSuite1543076525606.run(TempTestSuite1543076525606.groovy:36)
	at groovy.lang.GroovyShell.runScriptOrMainOrTestOrRunnable(GroovyShell.java:263)
	at groovy.lang.GroovyShell.run(GroovyShell.java:518)
	at groovy.lang.GroovyShell.run(GroovyShell.java:507)
	at groovy.ui.GroovyMain.processOnce(GroovyMain.java:653)
	at groovy.ui.GroovyMain.run(GroovyMain.java:384)
	at groovy.ui.GroovyMain.process(GroovyMain.java:370)
	at groovy.ui.GroovyMain.processArgs(GroovyMain.java:129)
	at groovy.ui.GroovyMain.main(GroovyMain.java:109)
	at sun.reflect.NativeMethodAccessorImpl.invoke0(Native Method)
	at sun.reflect.NativeMethodAccessorImpl.invoke(NativeMethodAccessorImpl.java:62)
	at sun.reflect.DelegatingMethodAccessorImpl.invoke(DelegatingMethodAccessorImpl.java:43)
	at java.lang.reflect.Method.invoke(Method.java:498)
	at org.codehaus.groovy.tools.GroovyStarter.rootLoader(GroovyStarter.java:109)
	at org.codehaus.groovy.tools.GroovyStarter.main(GroovyStarter.java:131)
)

2018-11-25 10:51:24 - [TEST_STEP][PASSED] - openBrowser: Browser is opened with url: ''

2018-11-25 10:51:24 - [MESSAGE][WARNING] - A browser is already opened. Closing browser and opening a new one

2018-11-25 10:51:28 - [MESSAGE][PASSED] - Browser is opened with url: ''

2018-11-25 10:51:28 - [TEST_STEP][PASSED] - navigateToUrl: Navigate to 'https://assist2-uat.perkeso.gov.my/login' successfully

2018-11-25 10:51:29 - [MESSAGE][PASSED] - Navigate to 'https://assist2-uat.perkeso.gov.my/login' successfully

2018-11-25 10:51:29 - [TEST_STEP][PASSED] - delay: Delayed 5 second(s)

2018-11-25 10:51:34 - [MESSAGE][PASSED] - Delayed 5 second(s)

2018-11-25 10:51:34 - [TEST_STEP][PASSED] - setText: Text 'test@liferay.com' is set on object 'Object Repository/Final Object Repo/Login Page/Internal User/Email Address'

2018-11-25 10:51:34 - [MESSAGE][PASSED] - Text 'test@liferay.com' is set on object 'Object Repository/Final Object Repo/Login Page/Internal User/Email Address'

2018-11-25 10:51:34 - [TEST_STEP][PASSED] - click: Object: 'Object Repository/Final Object Repo/Login Page/Internal User/Next Button' is clicked on

2018-11-25 10:51:35 - [MESSAGE][PASSED] - Object: 'Object Repository/Final Object Repo/Login Page/Internal User/Next Button' is clicked on

2018-11-25 10:51:35 - [TEST_STEP][PASSED] - delay: Delayed 2 second(s)

2018-11-25 10:51:37 - [MESSAGE][PASSED] - Delayed 2 second(s)

2018-11-25 10:51:37 - [TEST_STEP][PASSED] - setText: Text 'test' is set on object 'Object Repository/Final Object Repo/Login Page/Internal User/Password'

2018-11-25 10:51:37 - [MESSAGE][PASSED] - Text 'test' is set on object 'Object Repository/Final Object Repo/Login Page/Internal User/Password'

2018-11-25 10:51:37 - [TEST_STEP][PASSED] - delay: Delayed 2 second(s)

2018-11-25 10:51:39 - [MESSAGE][PASSED] - Delayed 2 second(s)

2018-11-25 10:51:39 - [TEST_STEP][PASSED] - click: Object: 'Object Repository/Final Object Repo/Login Page/Internal User/Login Button' is clicked on

2018-11-25 10:51:39 - [MESSAGE][PASSED] - Object: 'Object Repository/Final Object Repo/Login Page/Internal User/Login Button' is clicked on

2018-11-25 10:51:39 - [TEST_STEP][FAILED] - Statement - Try: Delayed 2 second(s)

2018-11-25 10:51:39 - [TEST_STEP][PASSED] - Statement - Checker = false: null

2018-11-25 10:51:39 - [TEST_STEP][PASSED] - Statement - Checker = com.kms.katalon.core.webui.keyword.WebUiBuiltInKeywords.verifyElementHasAttribute(com.kms.katalon.core.testobject.ObjectRepository.findTestObject(Final Object Repo/Landing Page/BM Detecting), "href", 20, OPTIONAL): Unable to verify if object 'Object Repository/Final Object Repo/Landing Page/BM Detecting' has attribute 'href' (Root cause: org.openqa.selenium.StaleElementReferenceException: stale element reference: element is not attached to the page document
  (Session info: chrome=70.0.3538.102)
  (Driver info: chromedriver=2.43.600210 (68dcf5eebde37173d4027fa8635e332711d2874a),platform=Windows NT 6.1.7601 SP1 x86_64) (WARNING: The server did not provide any stacktrace information)
Command duration or timeout: 0 milliseconds
For documentation on this error, please visit: http://seleniumhq.org/exceptions/stale_element_reference.html
Build info: version: '3.7.1', revision: '8a0099a', time: '2017-11-06T21:07:36.161Z'
System info: host: 'WIN7TEST02', ip: '10.20.3.72', os.name: 'Windows 7', os.arch: 'amd64', os.version: '6.1', java.version: '1.8.0_181'
Driver info: com.kms.katalon.selenium.driver.CChromeDriver
Capabilities {acceptInsecureCerts: false, acceptSslCerts: false, applicationCacheEnabled: false, browserConnectionEnabled: false, browserName: chrome, chrome: {chromedriverVersion: 2.43.600210 (68dcf5eebde371..., userDataDir: C:\Users\Admin\AppData\Loca...}, cssSelectorsEnabled: true, databaseEnabled: false, goog:chromeOptions: {debuggerAddress: localhost:57030}, handlesAlerts: true, hasTouchScreen: false, javascriptEnabled: true, locationContextEnabled: true, mobileEmulationEnabled: false, nativeEvents: true, networkConnectionEnabled: false, pageLoadStrategy: normal, platform: XP, platformName: XP, rotatable: false, setWindowRect: true, takesHeapSnapshot: true, takesScreenshot: true, unexpectedAlertBehaviour: , unhandledPromptBehavior: , version: 70.0.3538.102, webStorageEnabled: true}
Session ID: ce3f83d25543d255e32f2dff5fe633dc)

2018-11-25 10:51:41 - [MESSAGE][WARNING] - Unable to verify if object 'Object Repository/Final Object Repo/Landing Page/BM Detecting' has attribute 'href' (Root cause: org.openqa.selenium.StaleElementReferenceException: stale element reference: element is not attached to the page document
  (Session info: chrome=70.0.3538.102)
  (Driver info: chromedriver=2.43.600210 (68dcf5eebde37173d4027fa8635e332711d2874a),platform=Windows NT 6.1.7601 SP1 x86_64) (WARNING: The server did not provide any stacktrace information)
Command duration or timeout: 0 milliseconds
For documentation on this error, please visit: http://seleniumhq.org/exceptions/stale_element_reference.html
Build info: version: '3.7.1', revision: '8a0099a', time: '2017-11-06T21:07:36.161Z'
System info: host: 'WIN7TEST02', ip: '10.20.3.72', os.name: 'Windows 7', os.arch: 'amd64', os.version: '6.1', java.version: '1.8.0_181'
Driver info: com.kms.katalon.selenium.driver.CChromeDriver
Capabilities {acceptInsecureCerts: false, acceptSslCerts: false, applicationCacheEnabled: false, browserConnectionEnabled: false, browserName: chrome, chrome: {chromedriverVersion: 2.43.600210 (68dcf5eebde371..., userDataDir: C:\Users\Admin\AppData\Loca...}, cssSelectorsEnabled: true, databaseEnabled: false, goog:chromeOptions: {debuggerAddress: localhost:57030}, handlesAlerts: true, hasTouchScreen: false, javascriptEnabled: true, locationContextEnabled: true, mobileEmulationEnabled: false, nativeEvents: true, networkConnectionEnabled: false, pageLoadStrategy: normal, platform: XP, platformName: XP, rotatable: false, setWindowRect: true, takesHeapSnapshot: true, takesScreenshot: true, unexpectedAlertBehaviour: , unhandledPromptBehavior: , version: 70.0.3538.102, webStorageEnabled: true}
Session ID: ce3f83d25543d255e32f2dff5fe633dc)
[[ATTACHMENT|C:\\Users\\Admin\\Desktop\\PKS\\Perkeso Phase A\\Reports\\Workflow\\Request SSN\\20181125_002205\\1543114301374.png]]

2018-11-25 10:51:41 - [TEST_STEP][PASSED] - Statement - out.println(Checker): null

2018-11-25 10:51:41 - [TEST_STEP][FAILED] - Statement - If (Checker == false): Unable to click on object 'Object Repository/Final Object Repo/Landing Page/Select to English' (Root cause: com.kms.katalon.core.webui.exception.WebElementNotFoundException: Web element with id: 'Object Repository/Final Object Repo/Landing Page/Select to English' located by 'By.xpath: //a[@class = 'taglib-language-list-text' and @lang = 'en-US' and (contains(text(), 'EN') or contains(., 'EN'))]' not found)

2018-11-25 10:51:41 - [TEST_STEP][FAILED] - click: Unable to click on object 'Object Repository/Final Object Repo/Landing Page/Select to English' (Root cause: com.kms.katalon.core.webui.exception.WebElementNotFoundException: Web element with id: 'Object Repository/Final Object Repo/Landing Page/Select to English' located by 'By.xpath: //a[@class = 'taglib-language-list-text' and @lang = 'en-US' and (contains(text(), 'EN') or contains(., 'EN'))]' not found)

2018-11-25 10:52:19 - [MESSAGE][FAILED] - Unable to click on object 'Object Repository/Final Object Repo/Landing Page/Select to English' (Root cause: com.kms.katalon.core.webui.exception.WebElementNotFoundException: Web element with id: 'Object Repository/Final Object Repo/Landing Page/Select to English' located by 'By.xpath: //a[@class = 'taglib-language-list-text' and @lang = 'en-US' and (contains(text(), 'EN') or contains(., 'EN'))]' not found)
[[ATTACHMENT|C:\\Users\\Admin\\Desktop\\PKS\\Perkeso Phase A\\Reports\\Workflow\\Request SSN\\20181125_002205\\1543114339068.png]]

2018-11-25 10:52:19 - [TEST_STEP][PASSED] - delay: Delayed 2 second(s)

2018-11-25 10:52:21 - [MESSAGE][PASSED] - Delayed 2 second(s)

2018-11-25 10:52:21 - [TEST_STEP][PASSED] - delay: Delayed 3 second(s)

2018-11-25 10:52:24 - [MESSAGE][PASSED] - Delayed 3 second(s)

2018-11-25 10:52:24 - [TEST_STEP][PASSED] - mouseOver: Object: 'Object Repository/Final Object Repo/Landing Page/WorkFlow Menu' is hovered

2018-11-25 10:52:24 - [MESSAGE][PASSED] - Object: 'Object Repository/Final Object Repo/Landing Page/WorkFlow Menu' is hovered

2018-11-25 10:52:24 - [TEST_STEP][PASSED] - delay: Delayed 2 second(s)

2018-11-25 10:52:26 - [MESSAGE][PASSED] - Delayed 2 second(s)

2018-11-25 10:52:26 - [TEST_STEP][FAILED] - click: Unable to click on object 'Object Repository/Final Object Repo/Landing Page/Select to Workflow Listing' (Root cause: org.openqa.selenium.ElementNotVisibleException: element not interactable
  (Session info: chrome=70.0.3538.102)
  (Driver info: chromedriver=2.43.600210 (68dcf5eebde37173d4027fa8635e332711d2874a),platform=Windows NT 6.1.7601 SP1 x86_64) (WARNING: The server did not provide any stacktrace information)
Command duration or timeout: 0 milliseconds
Build info: version: '3.7.1', revision: '8a0099a', time: '2017-11-06T21:07:36.161Z'
System info: host: 'WIN7TEST02', ip: '10.20.3.72', os.name: 'Windows 7', os.arch: 'amd64', os.version: '6.1', java.version: '1.8.0_181'
Driver info: com.kms.katalon.selenium.driver.CChromeDriver
Capabilities {acceptInsecureCerts: false, acceptSslCerts: false, applicationCacheEnabled: false, browserConnectionEnabled: false, browserName: chrome, chrome: {chromedriverVersion: 2.43.600210 (68dcf5eebde371..., userDataDir: C:\Users\Admin\AppData\Loca...}, cssSelectorsEnabled: true, databaseEnabled: false, goog:chromeOptions: {debuggerAddress: localhost:57030}, handlesAlerts: true, hasTouchScreen: false, javascriptEnabled: true, locationContextEnabled: true, mobileEmulationEnabled: false, nativeEvents: true, networkConnectionEnabled: false, pageLoadStrategy: normal, platform: XP, platformName: XP, rotatable: false, setWindowRect: true, takesHeapSnapshot: true, takesScreenshot: true, unexpectedAlertBehaviour: , unhandledPromptBehavior: , version: 70.0.3538.102, webStorageEnabled: true}
Session ID: ce3f83d25543d255e32f2dff5fe633dc)

2018-11-25 10:52:26 - [MESSAGE][FAILED] - Unable to click on object 'Object Repository/Final Object Repo/Landing Page/Select to Workflow Listing' (Root cause: org.openqa.selenium.ElementNotVisibleException: element not interactable
  (Session info: chrome=70.0.3538.102)
  (Driver info: chromedriver=2.43.600210 (68dcf5eebde37173d4027fa8635e332711d2874a),platform=Windows NT 6.1.7601 SP1 x86_64) (WARNING: The server did not provide any stacktrace information)
Command duration or timeout: 0 milliseconds
Build info: version: '3.7.1', revision: '8a0099a', time: '2017-11-06T21:07:36.161Z'
System info: host: 'WIN7TEST02', ip: '10.20.3.72', os.name: 'Windows 7', os.arch: 'amd64', os.version: '6.1', java.version: '1.8.0_181'
Driver info: com.kms.katalon.selenium.driver.CChromeDriver
Capabilities {acceptInsecureCerts: false, acceptSslCerts: false, applicationCacheEnabled: false, browserConnectionEnabled: false, browserName: chrome, chrome: {chromedriverVersion: 2.43.600210 (68dcf5eebde371..., userDataDir: C:\Users\Admin\AppData\Loca...}, cssSelectorsEnabled: true, databaseEnabled: false, goog:chromeOptions: {debuggerAddress: localhost:57030}, handlesAlerts: true, hasTouchScreen: false, javascriptEnabled: true, locationContextEnabled: true, mobileEmulationEnabled: false, nativeEvents: true, networkConnectionEnabled: false, pageLoadStrategy: normal, platform: XP, platformName: XP, rotatable: false, setWindowRect: true, takesHeapSnapshot: true, takesScreenshot: true, unexpectedAlertBehaviour: , unhandledPromptBehavior: , version: 70.0.3538.102, webStorageEnabled: true}
Session ID: ce3f83d25543d255e32f2dff5fe633dc)
[[ATTACHMENT|C:\\Users\\Admin\\Desktop\\PKS\\Perkeso Phase A\\Reports\\Workflow\\Request SSN\\20181125_002205\\1543114346573.png]]

2018-11-25 10:52:26 - [TEST_STEP][PASSED] - delay: Delayed 2 second(s)

2018-11-25 10:52:28 - [MESSAGE][PASSED] - Delayed 2 second(s)

2018-11-25 10:52:28 - [TEST_STEP][FAILED] - click: Unable to click on object 'Object Repository/Final Object Repo/WorkFlow Listing Page/Search Information - To Put Ref No' (Root cause: com.kms.katalon.core.webui.exception.WebElementNotFoundException: Web element with id: 'Object Repository/Final Object Repo/WorkFlow Listing Page/Search Information - To Put Ref No' located by 'By.xpath: //h2[@data-target = '#_workflowlisting_WAR_baseportlet_searchDiv' and (text() = 'Search Information' or . = 'Search Information')]' not found)

2018-11-25 10:53:00 - [MESSAGE][FAILED] - Unable to click on object 'Object Repository/Final Object Repo/WorkFlow Listing Page/Search Information - To Put Ref No' (Root cause: com.kms.katalon.core.webui.exception.WebElementNotFoundException: Web element with id: 'Object Repository/Final Object Repo/WorkFlow Listing Page/Search Information - To Put Ref No' located by 'By.xpath: //h2[@data-target = '#_workflowlisting_WAR_baseportlet_searchDiv' and (text() = 'Search Information' or . = 'Search Information')]' not found)
[[ATTACHMENT|C:\\Users\\Admin\\Desktop\\PKS\\Perkeso Phase A\\Reports\\Workflow\\Request SSN\\20181125_002205\\1543114380190.png]]

2018-11-25 10:53:00 - [TEST_STEP][PASSED] - delay: Delayed 2 second(s)

2018-11-25 10:53:02 - [MESSAGE][PASSED] - Delayed 2 second(s)

2018-11-25 10:53:02 - [TEST_STEP][PASSED] - callTestCase: Call Test Case 'Test Cases/Final Aug 2018 - PKS Automation/Common/Reference Number Getter' successfully

2018-11-25 10:53:02 - [TEST_CASE][PASSED] - Test Cases/Final Aug 2018 - PKS Automation/Common/Reference Number Getter: Test Cases/Final Aug 2018 - PKS Automation/Common/Reference Number Getter

2018-11-25 10:53:02 - [TEST_STEP][PASSED] - Statement - Try: null

2018-11-25 10:53:02 - [TEST_STEP][PASSED] - Statement - RefNo = new java.io.File(C://Users//Admin//Desktop//PKS//Automation Reference Point//KatalonReference.txt): null

2018-11-25 10:53:02 - [TEST_STEP][PASSED] - Statement - bufferread = new java.io.BufferedReader(new java.io.FileReader(RefNo)): null

2018-11-25 10:53:02 - [TEST_STEP][PASSED] - Statement - readedVal = bufferread.readLine(): null

2018-11-25 10:53:02 - [TEST_STEP][PASSED] - Statement - out.println(CaseReferenceNo): null

2018-11-25 10:53:02 - [TEST_STEP][PASSED] - Statement - out.println(readedVal): null

2018-11-25 10:53:02 - [TEST_STEP][PASSED] - Statement - CaseReferenceNo = "": null

2018-11-25 10:53:02 - [TEST_STEP][PASSED] - Statement - CaseReferenceNo = readedVal: null

2018-11-25 10:53:02 - [MESSAGE][PASSED] - Call Test Case 'Test Cases/Final Aug 2018 - PKS Automation/Common/Reference Number Getter' successfully

2018-11-25 10:53:02 - [TEST_STEP][FAILED] - setText: Unable to set text 'SSN11201800001142' of object 'Object Repository/Final Object Repo/WorkFlow Listing Page/Ref No Set Text' (Root cause: com.kms.katalon.core.webui.exception.WebElementNotFoundException: Web element with id: 'Object Repository/Final Object Repo/WorkFlow Listing Page/Ref No Set Text' located by 'By.xpath: //input[@id = '_workflowlisting_WAR_baseportlet_dto.trxReferenceNum' and @name = '_workflowlisting_WAR_baseportlet_dto.trxReferenceNum' and @type = 'text']' not found)

2018-11-25 10:53:34 - [MESSAGE][FAILED] - Unable to set text 'SSN11201800001142' of object 'Object Repository/Final Object Repo/WorkFlow Listing Page/Ref No Set Text' (Root cause: com.kms.katalon.core.webui.exception.WebElementNotFoundException: Web element with id: 'Object Repository/Final Object Repo/WorkFlow Listing Page/Ref No Set Text' located by 'By.xpath: //input[@id = '_workflowlisting_WAR_baseportlet_dto.trxReferenceNum' and @name = '_workflowlisting_WAR_baseportlet_dto.trxReferenceNum' and @type = 'text']' not found)
[[ATTACHMENT|C:\\Users\\Admin\\Desktop\\PKS\\Perkeso Phase A\\Reports\\Workflow\\Request SSN\\20181125_002205\\1543114414295.png]]

2018-11-25 10:53:34 - [TEST_STEP][PASSED] - delay: Delayed 2 second(s)

2018-11-25 10:53:36 - [MESSAGE][PASSED] - Delayed 2 second(s)

2018-11-25 10:53:36 - [TEST_STEP][FAILED] - click: Unable to click on object 'Object Repository/Final Object Repo/WorkFlow Listing Page/Search Ref No Search Button' (Root cause: org.openqa.selenium.ElementNotVisibleException: element not interactable
  (Session info: chrome=70.0.3538.102)
  (Driver info: chromedriver=2.43.600210 (68dcf5eebde37173d4027fa8635e332711d2874a),platform=Windows NT 6.1.7601 SP1 x86_64) (WARNING: The server did not provide any stacktrace information)
Command duration or timeout: 0 milliseconds
Build info: version: '3.7.1', revision: '8a0099a', time: '2017-11-06T21:07:36.161Z'
System info: host: 'WIN7TEST02', ip: '10.20.3.72', os.name: 'Windows 7', os.arch: 'amd64', os.version: '6.1', java.version: '1.8.0_181'
Driver info: com.kms.katalon.selenium.driver.CChromeDriver
Capabilities {acceptInsecureCerts: false, acceptSslCerts: false, applicationCacheEnabled: false, browserConnectionEnabled: false, browserName: chrome, chrome: {chromedriverVersion: 2.43.600210 (68dcf5eebde371..., userDataDir: C:\Users\Admin\AppData\Loca...}, cssSelectorsEnabled: true, databaseEnabled: false, goog:chromeOptions: {debuggerAddress: localhost:57030}, handlesAlerts: true, hasTouchScreen: false, javascriptEnabled: true, locationContextEnabled: true, mobileEmulationEnabled: false, nativeEvents: true, networkConnectionEnabled: false, pageLoadStrategy: normal, platform: XP, platformName: XP, rotatable: false, setWindowRect: true, takesHeapSnapshot: true, takesScreenshot: true, unexpectedAlertBehaviour: , unhandledPromptBehavior: , version: 70.0.3538.102, webStorageEnabled: true}
Session ID: ce3f83d25543d255e32f2dff5fe633dc)

2018-11-25 10:53:37 - [MESSAGE][FAILED] - Unable to click on object 'Object Repository/Final Object Repo/WorkFlow Listing Page/Search Ref No Search Button' (Root cause: org.openqa.selenium.ElementNotVisibleException: element not interactable
  (Session info: chrome=70.0.3538.102)
  (Driver info: chromedriver=2.43.600210 (68dcf5eebde37173d4027fa8635e332711d2874a),platform=Windows NT 6.1.7601 SP1 x86_64) (WARNING: The server did not provide any stacktrace information)
Command duration or timeout: 0 milliseconds
Build info: version: '3.7.1', revision: '8a0099a', time: '2017-11-06T21:07:36.161Z'
System info: host: 'WIN7TEST02', ip: '10.20.3.72', os.name: 'Windows 7', os.arch: 'amd64', os.version: '6.1', java.version: '1.8.0_181'
Driver info: com.kms.katalon.selenium.driver.CChromeDriver
Capabilities {acceptInsecureCerts: false, acceptSslCerts: false, applicationCacheEnabled: false, browserConnectionEnabled: false, browserName: chrome, chrome: {chromedriverVersion: 2.43.600210 (68dcf5eebde371..., userDataDir: C:\Users\Admin\AppData\Loca...}, cssSelectorsEnabled: true, databaseEnabled: false, goog:chromeOptions: {debuggerAddress: localhost:57030}, handlesAlerts: true, hasTouchScreen: false, javascriptEnabled: true, locationContextEnabled: true, mobileEmulationEnabled: false, nativeEvents: true, networkConnectionEnabled: false, pageLoadStrategy: normal, platform: XP, platformName: XP, rotatable: false, setWindowRect: true, takesHeapSnapshot: true, takesScreenshot: true, unexpectedAlertBehaviour: , unhandledPromptBehavior: , version: 70.0.3538.102, webStorageEnabled: true}
Session ID: ce3f83d25543d255e32f2dff5fe633dc)
[[ATTACHMENT|C:\\Users\\Admin\\Desktop\\PKS\\Perkeso Phase A\\Reports\\Workflow\\Request SSN\\20181125_002205\\1543114416710.png]]

2018-11-25 10:53:37 - [TEST_STEP][PASSED] - delay: Delayed 4 second(s)

2018-11-25 10:53:41 - [MESSAGE][PASSED] - Delayed 4 second(s)

2018-11-25 10:53:41 - [TEST_STEP][PASSED] - click: Object: 'Object Repository/Final Object Repo/WorkFlow Listing Page/Click Continue Tooltip' is clicked on

2018-11-25 10:53:42 - [MESSAGE][PASSED] - Object: 'Object Repository/Final Object Repo/WorkFlow Listing Page/Click Continue Tooltip' is clicked on

2018-11-25 10:53:42 - [TEST_STEP][PASSED] - delay: Delayed 5 second(s)

2018-11-25 10:53:47 - [MESSAGE][PASSED] - Delayed 5 second(s)

2018-11-25 10:53:47 - [TEST_STEP][FAILED] - doubleClick: Unable to double click on object 'Object Repository/Final Object Repo/WorkFlow Listing Page/Workflow Found - Listing 1' (Root cause: com.kms.katalon.core.webui.exception.WebElementNotFoundException: Web element with id: 'Object Repository/Final Object Repo/WorkFlow Listing Page/Workflow Found - Listing 1' located by 'By.xpath: //body/div/div/div/div/div/div/div/div/div/div/div/div/div/div/div/div/table/tbody/tr/td[@class='table-cell  first']/following-sibling::td[1]' not found)

2018-11-25 10:54:18 - [MESSAGE][FAILED] - Unable to double click on object 'Object Repository/Final Object Repo/WorkFlow Listing Page/Workflow Found - Listing 1' (Root cause: com.kms.katalon.core.webui.exception.WebElementNotFoundException: Web element with id: 'Object Repository/Final Object Repo/WorkFlow Listing Page/Workflow Found - Listing 1' located by 'By.xpath: //body/div/div/div/div/div/div/div/div/div/div/div/div/div/div/div/div/table/tbody/tr/td[@class='table-cell  first']/following-sibling::td[1]' not found)
[[ATTACHMENT|C:\\Users\\Admin\\Desktop\\PKS\\Perkeso Phase A\\Reports\\Workflow\\Request SSN\\20181125_002205\\1543114458563.png]]

2018-11-25 10:54:18 - [MESSAGE][FAILED] - Unable to call Test Case with id 'Test Cases/Final Aug 2018 - PKS Automation/Common/Workflow Owner Finder' (Root cause: Call Test Case 'Test Cases/Final Aug 2018 - PKS Automation/Common/Workflow Owner Finder' failed)

2018-11-25 10:54:18 - [MESSAGE][FAILED] - Unable to call Test Case with id 'Test Cases/Final Aug 2018 - PKS Automation/Registration Module/Workflow/Request SSN/Template/Request SSN RIO - RO (Approve and Using Current Employer Code)' (Root cause: Call Test Case 'Test Cases/Final Aug 2018 - PKS Automation/Registration Module/Workflow/Request SSN/Template/Request SSN RIO - RO (Approve and Using Current Employer Code)' failed)]]></system-out>
         <system-err><![CDATA[2018-11-25 10:48:24 - [TEST_CASE][FAILED] - Test Cases/Final Aug 2018 - PKS Automation/Registration Module/Workflow/Request SSN/PKRBO - RIO - RO (Approve): Test Cases/Final Aug 2018 - PKS Automation/Registration Module/Workflow/Request SSN/PKRBO - RIO - RO (Approve) FAILED because (of) (Stack trace: com.kms.katalon.core.exception.StepFailedException: Unable to click on object 'Object Repository/Final Object Repo/Landing Page/Select to English' (Root cause: com.kms.katalon.core.webui.exception.WebElementNotFoundException: Web element with id: 'Object Repository/Final Object Repo/Landing Page/Select to English' located by 'By.xpath: //a[@class = 'taglib-language-list-text' and @lang = 'en-US' and (contains(text(), 'EN') or contains(., 'EN'))]' not found)
	at com.kms.katalon.core.keyword.internal.KeywordMain.stepFailed(KeywordMain.groovy:32)
	at com.kms.katalon.core.webui.keyword.internal.WebUIKeywordMain.stepFailed(WebUIKeywordMain.groovy:65)
	at com.kms.katalon.core.webui.keyword.internal.WebUIKeywordMain.runKeyword(WebUIKeywordMain.groovy:27)
	at com.kms.katalon.core.webui.keyword.builtin.ClickKeyword.click(ClickKeyword.groovy:86)
	at com.kms.katalon.core.webui.keyword.builtin.ClickKeyword.execute(ClickKeyword.groovy:67)
	at com.kms.katalon.core.keyword.internal.KeywordExecutor.executeKeywordForPlatform(KeywordExecutor.groovy:53)
	at com.kms.katalon.core.webui.keyword.WebUiBuiltInKeywords.click(WebUiBuiltInKeywords.groovy:604)
	at com.kms.katalon.core.webui.keyword.WebUiBuiltInKeywords$click$12.call(Unknown Source)
	at Script1534407542420.run(Script1534407542420.groovy:57)
	at com.kms.katalon.core.main.ScriptEngine.run(ScriptEngine.java:183)
	at com.kms.katalon.core.main.ScriptEngine.runScriptAsRawText(ScriptEngine.java:108)
	at com.kms.katalon.core.main.TestCaseExecutor.runScript(TestCaseExecutor.java:294)
	at com.kms.katalon.core.main.TestCaseExecutor.doExecute(TestCaseExecutor.java:285)
	at com.kms.katalon.core.main.TestCaseExecutor.processExecutionPhase(TestCaseExecutor.java:264)
	at com.kms.katalon.core.main.TestCaseExecutor.accessMainPhase(TestCaseExecutor.java:256)
	at com.kms.katalon.core.main.TestCaseExecutor.execute(TestCaseExecutor.java:200)
	at com.kms.katalon.core.main.TestCaseMain.runTestCase(TestCaseMain.java:99)
	at com.kms.katalon.core.keyword.builtin.CallTestCaseKeyword$_callTestCase_closure1.doCall(CallTestCaseKeyword.groovy:60)
	at com.kms.katalon.core.keyword.builtin.CallTestCaseKeyword$_callTestCase_closure1.call(CallTestCaseKeyword.groovy)
	at com.kms.katalon.core.keyword.internal.KeywordMain.runKeyword(KeywordMain.groovy:54)
	at com.kms.katalon.core.keyword.builtin.CallTestCaseKeyword.callTestCase(CallTestCaseKeyword.groovy:81)
	at com.kms.katalon.core.keyword.builtin.CallTestCaseKeyword.execute(CallTestCaseKeyword.groovy:45)
	at com.kms.katalon.core.keyword.internal.KeywordExecutor.executeKeywordForPlatform(KeywordExecutor.groovy:53)
	at com.kms.katalon.core.keyword.BuiltinKeywords.callTestCase(BuiltinKeywords.groovy:334)
	at sun.reflect.GeneratedMethodAccessor13.invoke(Unknown Source)
	at sun.reflect.DelegatingMethodAccessorImpl.invoke(DelegatingMethodAccessorImpl.java:43)
	at java.lang.reflect.Method.invoke(Method.java:498)
	at org.codehaus.groovy.reflection.CachedMethod.invoke(CachedMethod.java:93)
	at groovy.lang.MetaMethod.doMethodInvoke(MetaMethod.java:325)
	at groovy.lang.MetaClassImpl.invokeStaticMethod(MetaClassImpl.java:1469)
	at org.codehaus.groovy.runtime.callsite.StaticMetaClassSite.call(StaticMetaClassSite.java:53)
	at org.codehaus.groovy.runtime.callsite.CallSiteArray.defaultCall(CallSiteArray.java:48)
	at org.codehaus.groovy.runtime.callsite.AbstractCallSite.call(AbstractCallSite.java:113)
	at org.codehaus.groovy.runtime.callsite.AbstractCallSite.call(AbstractCallSite.java:141)
	at Script1537866116409.run(Script1537866116409.groovy:30)
	at com.kms.katalon.core.main.ScriptEngine.run(ScriptEngine.java:183)
	at com.kms.katalon.core.main.ScriptEngine.runScriptAsRawText(ScriptEngine.java:108)
	at com.kms.katalon.core.main.TestCaseExecutor.runScript(TestCaseExecutor.java:294)
	at com.kms.katalon.core.main.TestCaseExecutor.doExecute(TestCaseExecutor.java:285)
	at com.kms.katalon.core.main.TestCaseExecutor.processExecutionPhase(TestCaseExecutor.java:264)
	at com.kms.katalon.core.main.TestCaseExecutor.accessMainPhase(TestCaseExecutor.java:256)
	at com.kms.katalon.core.main.TestCaseExecutor.execute(TestCaseExecutor.java:200)
	at com.kms.katalon.core.main.TestCaseMain.runTestCase(TestCaseMain.java:99)
	at com.kms.katalon.core.keyword.builtin.CallTestCaseKeyword$_callTestCase_closure1.doCall(CallTestCaseKeyword.groovy:60)
	at com.kms.katalon.core.keyword.builtin.CallTestCaseKeyword$_callTestCase_closure1.call(CallTestCaseKeyword.groovy)
	at com.kms.katalon.core.keyword.internal.KeywordMain.runKeyword(KeywordMain.groovy:54)
	at com.kms.katalon.core.keyword.builtin.CallTestCaseKeyword.callTestCase(CallTestCaseKeyword.groovy:81)
	at com.kms.katalon.core.keyword.builtin.CallTestCaseKeyword.execute(CallTestCaseKeyword.groovy:45)
	at com.kms.katalon.core.keyword.internal.KeywordExecutor.executeKeywordForPlatform(KeywordExecutor.groovy:53)
	at com.kms.katalon.core.keyword.BuiltinKeywords.callTestCase(BuiltinKeywords.groovy:334)
	at sun.reflect.GeneratedMethodAccessor13.invoke(Unknown Source)
	at sun.reflect.DelegatingMethodAccessorImpl.invoke(DelegatingMethodAccessorImpl.java:43)
	at java.lang.reflect.Method.invoke(Method.java:498)
	at org.codehaus.groovy.reflection.CachedMethod.invoke(CachedMethod.java:93)
	at groovy.lang.MetaMethod.doMethodInvoke(MetaMethod.java:325)
	at groovy.lang.MetaClassImpl.invokeStaticMethod(MetaClassImpl.java:1469)
	at org.codehaus.groovy.runtime.callsite.StaticMetaClassSite.call(StaticMetaClassSite.java:53)
	at org.codehaus.groovy.runtime.callsite.CallSiteArray.defaultCall(CallSiteArray.java:48)
	at org.codehaus.groovy.runtime.callsite.AbstractCallSite.call(AbstractCallSite.java:113)
	at org.codehaus.groovy.runtime.callsite.AbstractCallSite.call(AbstractCallSite.java:141)
	at Script1536300508619.run(Script1536300508619.groovy:24)
	at com.kms.katalon.core.main.ScriptEngine.run(ScriptEngine.java:183)
	at com.kms.katalon.core.main.ScriptEngine.runScriptAsRawText(ScriptEngine.java:108)
	at com.kms.katalon.core.main.TestCaseExecutor.runScript(TestCaseExecutor.java:294)
	at com.kms.katalon.core.main.TestCaseExecutor.doExecute(TestCaseExecutor.java:285)
	at com.kms.katalon.core.main.TestCaseExecutor.processExecutionPhase(TestCaseExecutor.java:264)
	at com.kms.katalon.core.main.TestCaseExecutor.accessMainPhase(TestCaseExecutor.java:256)
	at com.kms.katalon.core.main.TestCaseExecutor.execute(TestCaseExecutor.java:200)
	at com.kms.katalon.core.main.TestSuiteExecutor.accessTestCaseMainPhase(TestSuiteExecutor.java:129)
	at com.kms.katalon.core.main.TestSuiteExecutor.accessTestSuiteMainPhase(TestSuiteExecutor.java:112)
	at com.kms.katalon.core.main.TestSuiteExecutor.execute(TestSuiteExecutor.java:81)
	at com.kms.katalon.core.main.TestCaseMain.startTestSuite(TestCaseMain.java:142)
	at com.kms.katalon.core.main.TestCaseMain$startTestSuite$0.call(Unknown Source)
	at org.codehaus.groovy.runtime.callsite.CallSiteArray.defaultCall(CallSiteArray.java:48)
	at org.codehaus.groovy.runtime.callsite.AbstractCallSite.call(AbstractCallSite.java:113)
	at org.codehaus.groovy.runtime.callsite.AbstractCallSite.call(AbstractCallSite.java:141)
	at TempTestSuite1543076525606.run(TempTestSuite1543076525606.groovy:36)
	at groovy.lang.GroovyShell.runScriptOrMainOrTestOrRunnable(GroovyShell.java:263)
	at groovy.lang.GroovyShell.run(GroovyShell.java:518)
	at groovy.lang.GroovyShell.run(GroovyShell.java:507)
	at groovy.ui.GroovyMain.processOnce(GroovyMain.java:653)
	at groovy.ui.GroovyMain.run(GroovyMain.java:384)
	at groovy.ui.GroovyMain.process(GroovyMain.java:370)
	at groovy.ui.GroovyMain.processArgs(GroovyMain.java:129)
	at groovy.ui.GroovyMain.main(GroovyMain.java:109)
	at sun.reflect.NativeMethodAccessorImpl.invoke0(Native Method)
	at sun.reflect.NativeMethodAccessorImpl.invoke(NativeMethodAccessorImpl.java:62)
	at sun.reflect.DelegatingMethodAccessorImpl.invoke(DelegatingMethodAccessorImpl.java:43)
	at java.lang.reflect.Method.invoke(Method.java:498)
	at org.codehaus.groovy.tools.GroovyStarter.rootLoader(GroovyStarter.java:109)
	at org.codehaus.groovy.tools.GroovyStarter.main(GroovyStarter.java:131)
)]]></system-err>
      </testcase>
      <testcase name="Test Cases/Final Aug 2018 - PKS Automation/Registration Module/Workflow/Request SSN/PKRBO - RIO - RO (Query)" classname="Test Cases/Final Aug 2018 - PKS Automation/Registration Module/Workflow/Request SSN/PKRBO - RIO - RO (Query)" status="FAILED">
         <failure type="FAILED" message="(Stack trace: com.kms.katalon.core.exception.StepFailedException: Unable to click on object 'Object Repository/Final Object Repo/Landing Page/Select to English' (Root cause: com.kms.katalon.core.webui.exception.WebElementNotFoundException: Web element with id: 'Object Repository/Final Object Repo/Landing Page/Select to English' located by 'By.xpath: //a[@class = 'taglib-language-list-text' and @lang = 'en-US' and (contains(text(), 'EN') or contains(., 'EN'))]' not found)
	at com.kms.katalon.core.keyword.internal.KeywordMain.stepFailed(KeywordMain.groovy:32)
	at com.kms.katalon.core.webui.keyword.internal.WebUIKeywordMain.stepFailed(WebUIKeywordMain.groovy:65)
	at com.kms.katalon.core.webui.keyword.internal.WebUIKeywordMain.runKeyword(WebUIKeywordMain.groovy:27)
	at com.kms.katalon.core.webui.keyword.builtin.ClickKeyword.click(ClickKeyword.groovy:86)
	at com.kms.katalon.core.webui.keyword.builtin.ClickKeyword.execute(ClickKeyword.groovy:67)
	at com.kms.katalon.core.keyword.internal.KeywordExecutor.executeKeywordForPlatform(KeywordExecutor.groovy:53)
	at com.kms.katalon.core.webui.keyword.WebUiBuiltInKeywords.click(WebUiBuiltInKeywords.groovy:604)
	at com.kms.katalon.core.webui.keyword.WebUiBuiltInKeywords$click$12.call(Unknown Source)
	at Script1534407542420.run(Script1534407542420.groovy:57)
	at com.kms.katalon.core.main.ScriptEngine.run(ScriptEngine.java:183)
	at com.kms.katalon.core.main.ScriptEngine.runScriptAsRawText(ScriptEngine.java:108)
	at com.kms.katalon.core.main.TestCaseExecutor.runScript(TestCaseExecutor.java:294)
	at com.kms.katalon.core.main.TestCaseExecutor.doExecute(TestCaseExecutor.java:285)
	at com.kms.katalon.core.main.TestCaseExecutor.processExecutionPhase(TestCaseExecutor.java:264)
	at com.kms.katalon.core.main.TestCaseExecutor.accessMainPhase(TestCaseExecutor.java:256)
	at com.kms.katalon.core.main.TestCaseExecutor.execute(TestCaseExecutor.java:200)
	at com.kms.katalon.core.main.TestCaseMain.runTestCase(TestCaseMain.java:99)
	at com.kms.katalon.core.keyword.builtin.CallTestCaseKeyword$_callTestCase_closure1.doCall(CallTestCaseKeyword.groovy:60)
	at com.kms.katalon.core.keyword.builtin.CallTestCaseKeyword$_callTestCase_closure1.call(CallTestCaseKeyword.groovy)
	at com.kms.katalon.core.keyword.internal.KeywordMain.runKeyword(KeywordMain.groovy:54)
	at com.kms.katalon.core.keyword.builtin.CallTestCaseKeyword.callTestCase(CallTestCaseKeyword.groovy:81)
	at com.kms.katalon.core.keyword.builtin.CallTestCaseKeyword.execute(CallTestCaseKeyword.groovy:45)
	at com.kms.katalon.core.keyword.internal.KeywordExecutor.executeKeywordForPlatform(KeywordExecutor.groovy:53)
	at com.kms.katalon.core.keyword.BuiltinKeywords.callTestCase(BuiltinKeywords.groovy:334)
	at sun.reflect.GeneratedMethodAccessor13.invoke(Unknown Source)
	at sun.reflect.DelegatingMethodAccessorImpl.invoke(DelegatingMethodAccessorImpl.java:43)
	at java.lang.reflect.Method.invoke(Method.java:498)
	at org.codehaus.groovy.reflection.CachedMethod.invoke(CachedMethod.java:93)
	at groovy.lang.MetaMethod.doMethodInvoke(MetaMethod.java:325)
	at groovy.lang.MetaClassImpl.invokeStaticMethod(MetaClassImpl.java:1469)
	at org.codehaus.groovy.runtime.callsite.StaticMetaClassSite.call(StaticMetaClassSite.java:53)
	at org.codehaus.groovy.runtime.callsite.AbstractCallSite.call(AbstractCallSite.java:141)
	at Script1537866031818.run(Script1537866031818.groovy:33)
	at com.kms.katalon.core.main.ScriptEngine.run(ScriptEngine.java:183)
	at com.kms.katalon.core.main.ScriptEngine.runScriptAsRawText(ScriptEngine.java:108)
	at com.kms.katalon.core.main.TestCaseExecutor.runScript(TestCaseExecutor.java:294)
	at com.kms.katalon.core.main.TestCaseExecutor.doExecute(TestCaseExecutor.java:285)
	at com.kms.katalon.core.main.TestCaseExecutor.processExecutionPhase(TestCaseExecutor.java:264)
	at com.kms.katalon.core.main.TestCaseExecutor.accessMainPhase(TestCaseExecutor.java:256)
	at com.kms.katalon.core.main.TestCaseExecutor.execute(TestCaseExecutor.java:200)
	at com.kms.katalon.core.main.TestCaseMain.runTestCase(TestCaseMain.java:99)
	at com.kms.katalon.core.keyword.builtin.CallTestCaseKeyword$_callTestCase_closure1.doCall(CallTestCaseKeyword.groovy:60)
	at com.kms.katalon.core.keyword.builtin.CallTestCaseKeyword$_callTestCase_closure1.call(CallTestCaseKeyword.groovy)
	at com.kms.katalon.core.keyword.internal.KeywordMain.runKeyword(KeywordMain.groovy:54)
	at com.kms.katalon.core.keyword.builtin.CallTestCaseKeyword.callTestCase(CallTestCaseKeyword.groovy:81)
	at com.kms.katalon.core.keyword.builtin.CallTestCaseKeyword.execute(CallTestCaseKeyword.groovy:45)
	at com.kms.katalon.core.keyword.internal.KeywordExecutor.executeKeywordForPlatform(KeywordExecutor.groovy:53)
	at com.kms.katalon.core.keyword.BuiltinKeywords.callTestCase(BuiltinKeywords.groovy:334)
	at sun.reflect.GeneratedMethodAccessor13.invoke(Unknown Source)
	at sun.reflect.DelegatingMethodAccessorImpl.invoke(DelegatingMethodAccessorImpl.java:43)
	at java.lang.reflect.Method.invoke(Method.java:498)
	at org.codehaus.groovy.reflection.CachedMethod.invoke(CachedMethod.java:93)
	at groovy.lang.MetaMethod.doMethodInvoke(MetaMethod.java:325)
	at groovy.lang.MetaClassImpl.invokeStaticMethod(MetaClassImpl.java:1469)
	at org.codehaus.groovy.runtime.callsite.StaticMetaClassSite.call(StaticMetaClassSite.java:53)
	at org.codehaus.groovy.runtime.callsite.CallSiteArray.defaultCall(CallSiteArray.java:48)
	at org.codehaus.groovy.runtime.callsite.AbstractCallSite.call(AbstractCallSite.java:113)
	at org.codehaus.groovy.runtime.callsite.AbstractCallSite.call(AbstractCallSite.java:141)
	at Script1536300508627.run(Script1536300508627.groovy:24)
	at com.kms.katalon.core.main.ScriptEngine.run(ScriptEngine.java:183)
	at com.kms.katalon.core.main.ScriptEngine.runScriptAsRawText(ScriptEngine.java:108)
	at com.kms.katalon.core.main.TestCaseExecutor.runScript(TestCaseExecutor.java:294)
	at com.kms.katalon.core.main.TestCaseExecutor.doExecute(TestCaseExecutor.java:285)
	at com.kms.katalon.core.main.TestCaseExecutor.processExecutionPhase(TestCaseExecutor.java:264)
	at com.kms.katalon.core.main.TestCaseExecutor.accessMainPhase(TestCaseExecutor.java:256)
	at com.kms.katalon.core.main.TestCaseExecutor.execute(TestCaseExecutor.java:200)
	at com.kms.katalon.core.main.TestSuiteExecutor.accessTestCaseMainPhase(TestSuiteExecutor.java:129)
	at com.kms.katalon.core.main.TestSuiteExecutor.accessTestSuiteMainPhase(TestSuiteExecutor.java:112)
	at com.kms.katalon.core.main.TestSuiteExecutor.execute(TestSuiteExecutor.java:81)
	at com.kms.katalon.core.main.TestCaseMain.startTestSuite(TestCaseMain.java:142)
	at com.kms.katalon.core.main.TestCaseMain$startTestSuite$0.call(Unknown Source)
	at org.codehaus.groovy.runtime.callsite.CallSiteArray.defaultCall(CallSiteArray.java:48)
	at org.codehaus.groovy.runtime.callsite.AbstractCallSite.call(AbstractCallSite.java:113)
	at org.codehaus.groovy.runtime.callsite.AbstractCallSite.call(AbstractCallSite.java:141)
	at TempTestSuite1543076525606.run(TempTestSuite1543076525606.groovy:36)
	at groovy.lang.GroovyShell.runScriptOrMainOrTestOrRunnable(GroovyShell.java:263)
	at groovy.lang.GroovyShell.run(GroovyShell.java:518)
	at groovy.lang.GroovyShell.run(GroovyShell.java:507)
	at groovy.ui.GroovyMain.processOnce(GroovyMain.java:653)
	at groovy.ui.GroovyMain.run(GroovyMain.java:384)
	at groovy.ui.GroovyMain.process(GroovyMain.java:370)
	at groovy.ui.GroovyMain.processArgs(GroovyMain.java:129)
	at groovy.ui.GroovyMain.main(GroovyMain.java:109)
	at sun.reflect.NativeMethodAccessorImpl.invoke0(Native Method)
	at sun.reflect.NativeMethodAccessorImpl.invoke(NativeMethodAccessorImpl.java:62)
	at sun.reflect.DelegatingMethodAccessorImpl.invoke(DelegatingMethodAccessorImpl.java:43)
	at java.lang.reflect.Method.invoke(Method.java:498)
	at org.codehaus.groovy.tools.GroovyStarter.rootLoader(GroovyStarter.java:109)
	at org.codehaus.groovy.tools.GroovyStarter.main(GroovyStarter.java:131)
)"/>
         <system-out><![CDATA[2018-11-25 10:54:18 - [TEST_CASE][FAILED] - Test Cases/Final Aug 2018 - PKS Automation/Registration Module/Workflow/Request SSN/PKRBO - RIO - RO (Query): Test Cases/Final Aug 2018 - PKS Automation/Registration Module/Workflow/Request SSN/PKRBO - RIO - RO (Query) FAILED because (of) (Stack trace: com.kms.katalon.core.exception.StepFailedException: Unable to click on object 'Object Repository/Final Object Repo/Landing Page/Select to English' (Root cause: com.kms.katalon.core.webui.exception.WebElementNotFoundException: Web element with id: 'Object Repository/Final Object Repo/Landing Page/Select to English' located by 'By.xpath: //a[@class = 'taglib-language-list-text' and @lang = 'en-US' and (contains(text(), 'EN') or contains(., 'EN'))]' not found)
	at com.kms.katalon.core.keyword.internal.KeywordMain.stepFailed(KeywordMain.groovy:32)
	at com.kms.katalon.core.webui.keyword.internal.WebUIKeywordMain.stepFailed(WebUIKeywordMain.groovy:65)
	at com.kms.katalon.core.webui.keyword.internal.WebUIKeywordMain.runKeyword(WebUIKeywordMain.groovy:27)
	at com.kms.katalon.core.webui.keyword.builtin.ClickKeyword.click(ClickKeyword.groovy:86)
	at com.kms.katalon.core.webui.keyword.builtin.ClickKeyword.execute(ClickKeyword.groovy:67)
	at com.kms.katalon.core.keyword.internal.KeywordExecutor.executeKeywordForPlatform(KeywordExecutor.groovy:53)
	at com.kms.katalon.core.webui.keyword.WebUiBuiltInKeywords.click(WebUiBuiltInKeywords.groovy:604)
	at com.kms.katalon.core.webui.keyword.WebUiBuiltInKeywords$click$12.call(Unknown Source)
	at Script1534407542420.run(Script1534407542420.groovy:57)
	at com.kms.katalon.core.main.ScriptEngine.run(ScriptEngine.java:183)
	at com.kms.katalon.core.main.ScriptEngine.runScriptAsRawText(ScriptEngine.java:108)
	at com.kms.katalon.core.main.TestCaseExecutor.runScript(TestCaseExecutor.java:294)
	at com.kms.katalon.core.main.TestCaseExecutor.doExecute(TestCaseExecutor.java:285)
	at com.kms.katalon.core.main.TestCaseExecutor.processExecutionPhase(TestCaseExecutor.java:264)
	at com.kms.katalon.core.main.TestCaseExecutor.accessMainPhase(TestCaseExecutor.java:256)
	at com.kms.katalon.core.main.TestCaseExecutor.execute(TestCaseExecutor.java:200)
	at com.kms.katalon.core.main.TestCaseMain.runTestCase(TestCaseMain.java:99)
	at com.kms.katalon.core.keyword.builtin.CallTestCaseKeyword$_callTestCase_closure1.doCall(CallTestCaseKeyword.groovy:60)
	at com.kms.katalon.core.keyword.builtin.CallTestCaseKeyword$_callTestCase_closure1.call(CallTestCaseKeyword.groovy)
	at com.kms.katalon.core.keyword.internal.KeywordMain.runKeyword(KeywordMain.groovy:54)
	at com.kms.katalon.core.keyword.builtin.CallTestCaseKeyword.callTestCase(CallTestCaseKeyword.groovy:81)
	at com.kms.katalon.core.keyword.builtin.CallTestCaseKeyword.execute(CallTestCaseKeyword.groovy:45)
	at com.kms.katalon.core.keyword.internal.KeywordExecutor.executeKeywordForPlatform(KeywordExecutor.groovy:53)
	at com.kms.katalon.core.keyword.BuiltinKeywords.callTestCase(BuiltinKeywords.groovy:334)
	at sun.reflect.GeneratedMethodAccessor13.invoke(Unknown Source)
	at sun.reflect.DelegatingMethodAccessorImpl.invoke(DelegatingMethodAccessorImpl.java:43)
	at java.lang.reflect.Method.invoke(Method.java:498)
	at org.codehaus.groovy.reflection.CachedMethod.invoke(CachedMethod.java:93)
	at groovy.lang.MetaMethod.doMethodInvoke(MetaMethod.java:325)
	at groovy.lang.MetaClassImpl.invokeStaticMethod(MetaClassImpl.java:1469)
	at org.codehaus.groovy.runtime.callsite.StaticMetaClassSite.call(StaticMetaClassSite.java:53)
	at org.codehaus.groovy.runtime.callsite.AbstractCallSite.call(AbstractCallSite.java:141)
	at Script1537866031818.run(Script1537866031818.groovy:33)
	at com.kms.katalon.core.main.ScriptEngine.run(ScriptEngine.java:183)
	at com.kms.katalon.core.main.ScriptEngine.runScriptAsRawText(ScriptEngine.java:108)
	at com.kms.katalon.core.main.TestCaseExecutor.runScript(TestCaseExecutor.java:294)
	at com.kms.katalon.core.main.TestCaseExecutor.doExecute(TestCaseExecutor.java:285)
	at com.kms.katalon.core.main.TestCaseExecutor.processExecutionPhase(TestCaseExecutor.java:264)
	at com.kms.katalon.core.main.TestCaseExecutor.accessMainPhase(TestCaseExecutor.java:256)
	at com.kms.katalon.core.main.TestCaseExecutor.execute(TestCaseExecutor.java:200)
	at com.kms.katalon.core.main.TestCaseMain.runTestCase(TestCaseMain.java:99)
	at com.kms.katalon.core.keyword.builtin.CallTestCaseKeyword$_callTestCase_closure1.doCall(CallTestCaseKeyword.groovy:60)
	at com.kms.katalon.core.keyword.builtin.CallTestCaseKeyword$_callTestCase_closure1.call(CallTestCaseKeyword.groovy)
	at com.kms.katalon.core.keyword.internal.KeywordMain.runKeyword(KeywordMain.groovy:54)
	at com.kms.katalon.core.keyword.builtin.CallTestCaseKeyword.callTestCase(CallTestCaseKeyword.groovy:81)
	at com.kms.katalon.core.keyword.builtin.CallTestCaseKeyword.execute(CallTestCaseKeyword.groovy:45)
	at com.kms.katalon.core.keyword.internal.KeywordExecutor.executeKeywordForPlatform(KeywordExecutor.groovy:53)
	at com.kms.katalon.core.keyword.BuiltinKeywords.callTestCase(BuiltinKeywords.groovy:334)
	at sun.reflect.GeneratedMethodAccessor13.invoke(Unknown Source)
	at sun.reflect.DelegatingMethodAccessorImpl.invoke(DelegatingMethodAccessorImpl.java:43)
	at java.lang.reflect.Method.invoke(Method.java:498)
	at org.codehaus.groovy.reflection.CachedMethod.invoke(CachedMethod.java:93)
	at groovy.lang.MetaMethod.doMethodInvoke(MetaMethod.java:325)
	at groovy.lang.MetaClassImpl.invokeStaticMethod(MetaClassImpl.java:1469)
	at org.codehaus.groovy.runtime.callsite.StaticMetaClassSite.call(StaticMetaClassSite.java:53)
	at org.codehaus.groovy.runtime.callsite.CallSiteArray.defaultCall(CallSiteArray.java:48)
	at org.codehaus.groovy.runtime.callsite.AbstractCallSite.call(AbstractCallSite.java:113)
	at org.codehaus.groovy.runtime.callsite.AbstractCallSite.call(AbstractCallSite.java:141)
	at Script1536300508627.run(Script1536300508627.groovy:24)
	at com.kms.katalon.core.main.ScriptEngine.run(ScriptEngine.java:183)
	at com.kms.katalon.core.main.ScriptEngine.runScriptAsRawText(ScriptEngine.java:108)
	at com.kms.katalon.core.main.TestCaseExecutor.runScript(TestCaseExecutor.java:294)
	at com.kms.katalon.core.main.TestCaseExecutor.doExecute(TestCaseExecutor.java:285)
	at com.kms.katalon.core.main.TestCaseExecutor.processExecutionPhase(TestCaseExecutor.java:264)
	at com.kms.katalon.core.main.TestCaseExecutor.accessMainPhase(TestCaseExecutor.java:256)
	at com.kms.katalon.core.main.TestCaseExecutor.execute(TestCaseExecutor.java:200)
	at com.kms.katalon.core.main.TestSuiteExecutor.accessTestCaseMainPhase(TestSuiteExecutor.java:129)
	at com.kms.katalon.core.main.TestSuiteExecutor.accessTestSuiteMainPhase(TestSuiteExecutor.java:112)
	at com.kms.katalon.core.main.TestSuiteExecutor.execute(TestSuiteExecutor.java:81)
	at com.kms.katalon.core.main.TestCaseMain.startTestSuite(TestCaseMain.java:142)
	at com.kms.katalon.core.main.TestCaseMain$startTestSuite$0.call(Unknown Source)
	at org.codehaus.groovy.runtime.callsite.CallSiteArray.defaultCall(CallSiteArray.java:48)
	at org.codehaus.groovy.runtime.callsite.AbstractCallSite.call(AbstractCallSite.java:113)
	at org.codehaus.groovy.runtime.callsite.AbstractCallSite.call(AbstractCallSite.java:141)
	at TempTestSuite1543076525606.run(TempTestSuite1543076525606.groovy:36)
	at groovy.lang.GroovyShell.runScriptOrMainOrTestOrRunnable(GroovyShell.java:263)
	at groovy.lang.GroovyShell.run(GroovyShell.java:518)
	at groovy.lang.GroovyShell.run(GroovyShell.java:507)
	at groovy.ui.GroovyMain.processOnce(GroovyMain.java:653)
	at groovy.ui.GroovyMain.run(GroovyMain.java:384)
	at groovy.ui.GroovyMain.process(GroovyMain.java:370)
	at groovy.ui.GroovyMain.processArgs(GroovyMain.java:129)
	at groovy.ui.GroovyMain.main(GroovyMain.java:109)
	at sun.reflect.NativeMethodAccessorImpl.invoke0(Native Method)
	at sun.reflect.NativeMethodAccessorImpl.invoke(NativeMethodAccessorImpl.java:62)
	at sun.reflect.DelegatingMethodAccessorImpl.invoke(DelegatingMethodAccessorImpl.java:43)
	at java.lang.reflect.Method.invoke(Method.java:498)
	at org.codehaus.groovy.tools.GroovyStarter.rootLoader(GroovyStarter.java:109)
	at org.codehaus.groovy.tools.GroovyStarter.main(GroovyStarter.java:131)
)

2018-11-25 10:54:19 - [TEST_STEP][PASSED] - callTestCase: Call Test Case 'Test Cases/Final Aug 2018 - PKS Automation/Registration Module/Workflow/Request SSN/Template/Request SSN - PKRBO' successfully

2018-11-25 10:54:19 - [TEST_CASE][PASSED] - Test Cases/Final Aug 2018 - PKS Automation/Registration Module/Workflow/Request SSN/Template/Request SSN - PKRBO: Test Cases/Final Aug 2018 - PKS Automation/Registration Module/Workflow/Request SSN/Template/Request SSN - PKRBO

2018-11-25 10:54:19 - [TEST_STEP][PASSED] - openBrowser: Browser is opened with url: ''

2018-11-25 10:54:19 - [MESSAGE][WARNING] - A browser is already opened. Closing browser and opening a new one

2018-11-25 10:54:23 - [MESSAGE][PASSED] - Browser is opened with url: ''

2018-11-25 10:54:23 - [TEST_STEP][PASSED] - navigateToUrl: Navigate to 'https://assist2-uat.perkeso.gov.my/login' successfully

2018-11-25 10:54:24 - [MESSAGE][PASSED] - Navigate to 'https://assist2-uat.perkeso.gov.my/login' successfully

2018-11-25 10:54:24 - [TEST_STEP][PASSED] - setText: Text 'johorpkrbo1@gmail.com' is set on object 'Object Repository/Final Object Repo/Login Page/Internal User/Email Address'

2018-11-25 10:54:24 - [MESSAGE][PASSED] - Text 'johorpkrbo1@gmail.com' is set on object 'Object Repository/Final Object Repo/Login Page/Internal User/Email Address'

2018-11-25 10:54:24 - [TEST_STEP][PASSED] - click: Object: 'Object Repository/Final Object Repo/Login Page/Internal User/Next Button' is clicked on

2018-11-25 10:54:24 - [MESSAGE][PASSED] - Object: 'Object Repository/Final Object Repo/Login Page/Internal User/Next Button' is clicked on

2018-11-25 10:54:24 - [TEST_STEP][PASSED] - delay: Delayed 1 second(s)

2018-11-25 10:54:25 - [MESSAGE][PASSED] - Delayed 1 second(s)

2018-11-25 10:54:25 - [TEST_STEP][PASSED] - setEncryptedText: Text ****** has been set on object 'Object Repository/Final Object Repo/Login Page/Internal User/Password'

2018-11-25 10:54:26 - [MESSAGE][PASSED] - Text ****** has been set on object 'Object Repository/Final Object Repo/Login Page/Internal User/Password'

2018-11-25 10:54:26 - [TEST_STEP][PASSED] - click: Object: 'Object Repository/Final Object Repo/Login Page/Internal User/Login Button' is clicked on

2018-11-25 10:54:26 - [MESSAGE][PASSED] - Object: 'Object Repository/Final Object Repo/Login Page/Internal User/Login Button' is clicked on

2018-11-25 10:54:26 - [TEST_STEP][PASSED] - delay: Delayed 1 second(s)

2018-11-25 10:54:27 - [MESSAGE][PASSED] - Delayed 1 second(s)

2018-11-25 10:54:27 - [TEST_STEP][PASSED] - navigateToUrl: Navigate to 'https://assist2-uat.perkeso.gov.my/web/registration/request-ssn' successfully

2018-11-25 10:54:32 - [MESSAGE][PASSED] - Navigate to 'https://assist2-uat.perkeso.gov.my/web/registration/request-ssn' successfully

2018-11-25 10:54:32 - [TEST_STEP][PASSED] - setText: Text 'perkeso' is set on object 'Object Repository/Final Object Repo/Page_Request SSN - ASSIST/AI - Name'

2018-11-25 10:54:33 - [MESSAGE][PASSED] - Text 'perkeso' is set on object 'Object Repository/Final Object Repo/Page_Request SSN - ASSIST/AI - Name'

2018-11-25 10:54:33 - [TEST_STEP][PASSED] - click: Object: 'Object Repository/Final Object Repo/Page_Request SSN - ASSIST/AI - DOB' is clicked on

2018-11-25 10:54:33 - [MESSAGE][PASSED] - Object: 'Object Repository/Final Object Repo/Page_Request SSN - ASSIST/AI - DOB' is clicked on

2018-11-25 10:54:33 - [TEST_STEP][PASSED] - selectOptionByValue: All options with value '1995' are selected in object 'Object Repository/Final Object Repo/Page_Request SSN - ASSIST/AI - DOB - Year' 

2018-11-25 10:54:33 - [MESSAGE][PASSED] - All options with value '1995' are selected in object 'Object Repository/Final Object Repo/Page_Request SSN - ASSIST/AI - DOB - Year' 

2018-11-25 10:54:33 - [TEST_STEP][PASSED] - delay: Delayed 3 second(s)

2018-11-25 10:54:36 - [MESSAGE][PASSED] - Delayed 3 second(s)

2018-11-25 10:54:36 - [TEST_STEP][PASSED] - doubleClick: Object: 'Object Repository/Final Object Repo/Page_Request SSN - ASSIST/AI - DOB - Year - Date' is double clicked on

2018-11-25 10:54:36 - [MESSAGE][PASSED] - Object: 'Object Repository/Final Object Repo/Page_Request SSN - ASSIST/AI - DOB - Year - Date' is double clicked on

2018-11-25 10:54:36 - [TEST_STEP][PASSED] - click: Object: 'Object Repository/Final Object Repo/Page_Request SSN - ASSIST/AI - Male' is clicked on

2018-11-25 10:54:37 - [MESSAGE][PASSED] - Object: 'Object Repository/Final Object Repo/Page_Request SSN - ASSIST/AI - Male' is clicked on

2018-11-25 10:54:37 - [TEST_STEP][PASSED] - click: Object: 'Object Repository/Final Object Repo/Page_Request SSN - ASSIST/AI- Race' is clicked on

2018-11-25 10:54:37 - [MESSAGE][PASSED] - Object: 'Object Repository/Final Object Repo/Page_Request SSN - ASSIST/AI- Race' is clicked on

2018-11-25 10:54:37 - [TEST_STEP][PASSED] - click: Object: 'Object Repository/Final Object Repo/Page_Request SSN - ASSIST/AI - Race - Melayu' is clicked on

2018-11-25 10:54:37 - [MESSAGE][PASSED] - Object: 'Object Repository/Final Object Repo/Page_Request SSN - ASSIST/AI - Race - Melayu' is clicked on

2018-11-25 10:54:37 - [TEST_STEP][PASSED] - click: Object: 'Object Repository/Final Object Repo/Page_Request SSN - ASSIST/AI - Religion' is clicked on

2018-11-25 10:54:37 - [MESSAGE][PASSED] - Object: 'Object Repository/Final Object Repo/Page_Request SSN - ASSIST/AI - Religion' is clicked on

2018-11-25 10:54:37 - [TEST_STEP][PASSED] - click: Object: 'Object Repository/Final Object Repo/Page_Request SSN - ASSIST/AI - Religion - Islam' is clicked on

2018-11-25 10:54:38 - [MESSAGE][PASSED] - Object: 'Object Repository/Final Object Repo/Page_Request SSN - ASSIST/AI - Religion - Islam' is clicked on

2018-11-25 10:54:38 - [TEST_STEP][PASSED] - setText: Text '12345' is set on object 'Object Repository/Final Object Repo/Page_Request SSN - ASSIST/AI - Birth Certificate'

2018-11-25 10:54:38 - [MESSAGE][PASSED] - Text '12345' is set on object 'Object Repository/Final Object Repo/Page_Request SSN - ASSIST/AI - Birth Certificate'

2018-11-25 10:54:38 - [TEST_STEP][PASSED] - click: Object: 'Object Repository/Final Object Repo/Page_Request SSN - ASSIST/AI - Nationality' is clicked on

2018-11-25 10:54:38 - [MESSAGE][PASSED] - Object: 'Object Repository/Final Object Repo/Page_Request SSN - ASSIST/AI - Nationality' is clicked on

2018-11-25 10:54:38 - [TEST_STEP][PASSED] - click: Object: 'Object Repository/Final Object Repo/Page_Request SSN - ASSIST/AI - Nationality - Afghanistan' is clicked on

2018-11-25 10:54:39 - [MESSAGE][PASSED] - Object: 'Object Repository/Final Object Repo/Page_Request SSN - ASSIST/AI - Nationality - Afghanistan' is clicked on

2018-11-25 10:54:39 - [TEST_STEP][PASSED] - setText: Text 'PERKESO ADDRESS1' is set on object 'Object Repository/Final Object Repo/Page_Request SSN - ASSIST/AI - Address1'

2018-11-25 10:54:40 - [MESSAGE][PASSED] - Text 'PERKESO ADDRESS1' is set on object 'Object Repository/Final Object Repo/Page_Request SSN - ASSIST/AI - Address1'

2018-11-25 10:54:40 - [TEST_STEP][PASSED] - setText: Text 'PERKESO ADDRESS2' is set on object 'Object Repository/Final Object Repo/Page_Request SSN - ASSIST/AI - Address2'

2018-11-25 10:54:41 - [MESSAGE][PASSED] - Text 'PERKESO ADDRESS2' is set on object 'Object Repository/Final Object Repo/Page_Request SSN - ASSIST/AI - Address2'

2018-11-25 10:54:41 - [TEST_STEP][PASSED] - setText: Text 'PERKESO ADDRESS3' is set on object 'Object Repository/Final Object Repo/Page_Request SSN - ASSIST/AI - Address3'

2018-11-25 10:54:42 - [MESSAGE][PASSED] - Text 'PERKESO ADDRESS3' is set on object 'Object Repository/Final Object Repo/Page_Request SSN - ASSIST/AI - Address3'

2018-11-25 10:54:42 - [TEST_STEP][PASSED] - click: Object: 'Object Repository/Final Object Repo/Page_Request SSN - ASSIST/AI - State' is clicked on

2018-11-25 10:54:43 - [MESSAGE][PASSED] - Object: 'Object Repository/Final Object Repo/Page_Request SSN - ASSIST/AI - State' is clicked on

2018-11-25 10:54:43 - [TEST_STEP][PASSED] - click: Object: 'Object Repository/Final Object Repo/Page_Request SSN - ASSIST/AI - Current Employer State - Johor' is clicked on

2018-11-25 10:54:43 - [MESSAGE][PASSED] - Object: 'Object Repository/Final Object Repo/Page_Request SSN - ASSIST/AI - Current Employer State - Johor' is clicked on

2018-11-25 10:54:43 - [TEST_STEP][PASSED] - click: Object: 'Object Repository/Final Object Repo/Page_Request SSN - ASSIST/AI - City' is clicked on

2018-11-25 10:54:43 - [MESSAGE][PASSED] - Object: 'Object Repository/Final Object Repo/Page_Request SSN - ASSIST/AI - City' is clicked on

2018-11-25 10:54:43 - [TEST_STEP][PASSED] - setText: Text 'JOH' is set on object 'Object Repository/Final Object Repo/Page_Request SSN - ASSIST/AI - City - JOH'

2018-11-25 10:54:44 - [MESSAGE][PASSED] - Text 'JOH' is set on object 'Object Repository/Final Object Repo/Page_Request SSN - ASSIST/AI - City - JOH'

2018-11-25 10:54:44 - [TEST_STEP][PASSED] - delay: Delayed 3 second(s)

2018-11-25 10:54:47 - [MESSAGE][PASSED] - Delayed 3 second(s)

2018-11-25 10:54:47 - [TEST_STEP][PASSED] - click: Object: 'Object Repository/Final Object Repo/Page_Request SSN - ASSIST/AI - City - Johor Bharu' is clicked on

2018-11-25 10:54:47 - [MESSAGE][PASSED] - Object: 'Object Repository/Final Object Repo/Page_Request SSN - ASSIST/AI - City - Johor Bharu' is clicked on

2018-11-25 10:54:47 - [TEST_STEP][PASSED] - click: Object: 'Object Repository/Final Object Repo/Page_Request SSN - ASSIST/AI - Post Code' is clicked on

2018-11-25 10:54:48 - [MESSAGE][PASSED] - Object: 'Object Repository/Final Object Repo/Page_Request SSN - ASSIST/AI - Post Code' is clicked on

2018-11-25 10:54:48 - [TEST_STEP][PASSED] - setText: Text '810' is set on object 'Object Repository/Final Object Repo/Page_Request SSN - ASSIST/AI - City - JOH'

2018-11-25 10:54:48 - [MESSAGE][PASSED] - Text '810' is set on object 'Object Repository/Final Object Repo/Page_Request SSN - ASSIST/AI - City - JOH'

2018-11-25 10:54:48 - [TEST_STEP][PASSED] - delay: Delayed 3 second(s)

2018-11-25 10:54:51 - [MESSAGE][PASSED] - Delayed 3 second(s)

2018-11-25 10:54:51 - [TEST_STEP][PASSED] - click: Object: 'Object Repository/Final Object Repo/Page_Request SSN - ASSIST/AI - PostCode - 81000' is clicked on

2018-11-25 10:54:51 - [MESSAGE][PASSED] - Object: 'Object Repository/Final Object Repo/Page_Request SSN - ASSIST/AI - PostCode - 81000' is clicked on

2018-11-25 10:54:51 - [TEST_STEP][PASSED] - setText: Text '100' is set on object 'Object Repository/Final Object Repo/Page_Request SSN - ASSIST/P.O.BOX'

2018-11-25 10:54:52 - [MESSAGE][PASSED] - Text '100' is set on object 'Object Repository/Final Object Repo/Page_Request SSN - ASSIST/P.O.BOX'

2018-11-25 10:54:52 - [TEST_STEP][PASSED] - setText: Text '100' is set on object 'Object Repository/Final Object Repo/Page_Request SSN - ASSIST/Locked Bag No'

2018-11-25 10:54:52 - [MESSAGE][PASSED] - Text '100' is set on object 'Object Repository/Final Object Repo/Page_Request SSN - ASSIST/Locked Bag No'

2018-11-25 10:54:52 - [TEST_STEP][PASSED] - delay: Delayed 2 second(s)

2018-11-25 10:54:54 - [MESSAGE][PASSED] - Delayed 2 second(s)

2018-11-25 10:54:54 - [TEST_STEP][PASSED] - setText: Text '123456789' is set on object 'Object Repository/Final Object Repo/Page_Request SSN - ASSIST/AI - Telephone No'

2018-11-25 10:54:55 - [MESSAGE][PASSED] - Text '123456789' is set on object 'Object Repository/Final Object Repo/Page_Request SSN - ASSIST/AI - Telephone No'

2018-11-25 10:54:55 - [TEST_STEP][PASSED] - click: Object: 'Object Repository/Final Object Repo/Page_Request SSN - ASSIST/AI - Occupation' is clicked on

2018-11-25 10:54:55 - [MESSAGE][PASSED] - Object: 'Object Repository/Final Object Repo/Page_Request SSN - ASSIST/AI - Occupation' is clicked on

2018-11-25 10:54:55 - [TEST_STEP][PASSED] - click: Object: 'Object Repository/Final Object Repo/Page_Request SSN - ASSIST/AI - Occupation - NUMERICAL AND MATERIAL R' is clicked on

2018-11-25 10:54:55 - [MESSAGE][PASSED] - Object: 'Object Repository/Final Object Repo/Page_Request SSN - ASSIST/AI - Occupation - NUMERICAL AND MATERIAL R' is clicked on

2018-11-25 10:54:55 - [TEST_STEP][PASSED] - delay: Delayed 2 second(s)

2018-11-25 10:54:57 - [MESSAGE][PASSED] - Delayed 2 second(s)

2018-11-25 10:54:57 - [TEST_STEP][PASSED] - click: Object: 'Object Repository/Final Object Repo/Page_Request SSN - ASSIST/AI - Sub Occupation' is clicked on

2018-11-25 10:54:58 - [MESSAGE][PASSED] - Object: 'Object Repository/Final Object Repo/Page_Request SSN - ASSIST/AI - Sub Occupation' is clicked on

2018-11-25 10:54:58 - [TEST_STEP][PASSED] - click: Object: 'Object Repository/Final Object Repo/Page_Request SSN - ASSIST/AI - Sub Occupation - Stock Clerks' is clicked on

2018-11-25 10:54:58 - [MESSAGE][PASSED] - Object: 'Object Repository/Final Object Repo/Page_Request SSN - ASSIST/AI - Sub Occupation - Stock Clerks' is clicked on

2018-11-25 10:54:58 - [TEST_STEP][PASSED] - delay: Delayed 2 second(s)

2018-11-25 10:55:00 - [MESSAGE][PASSED] - Delayed 2 second(s)

2018-11-25 10:55:00 - [TEST_STEP][PASSED] - click: Object: 'Object Repository/Final Object Repo/Page_Request SSN - ASSIST/AI - Sub Occupation List' is clicked on

2018-11-25 10:55:00 - [MESSAGE][PASSED] - Object: 'Object Repository/Final Object Repo/Page_Request SSN - ASSIST/AI - Sub Occupation List' is clicked on

2018-11-25 10:55:00 - [TEST_STEP][PASSED] - click: Object: 'Object Repository/Final Object Repo/Page_Request SSN - ASSIST/AI - Sub Occupation List - Clerk raw material' is clicked on

2018-11-25 10:55:00 - [MESSAGE][PASSED] - Object: 'Object Repository/Final Object Repo/Page_Request SSN - ASSIST/AI - Sub Occupation List - Clerk raw material' is clicked on

2018-11-25 10:55:00 - [TEST_STEP][PASSED] - click: Object: 'Object Repository/Final Object Repo/Page_Request SSN - ASSIST/AI - Employment Start Date' is clicked on

2018-11-25 10:55:01 - [MESSAGE][PASSED] - Object: 'Object Repository/Final Object Repo/Page_Request SSN - ASSIST/AI - Employment Start Date' is clicked on

2018-11-25 10:55:01 - [TEST_STEP][PASSED] - click: Object: 'Object Repository/Final Object Repo/Page_Request SSN - ASSIST/AI - DOB - Year - Date' is clicked on

2018-11-25 10:55:01 - [MESSAGE][PASSED] - Object: 'Object Repository/Final Object Repo/Page_Request SSN - ASSIST/AI - DOB - Year - Date' is clicked on

2018-11-25 10:55:01 - [TEST_STEP][PASSED] - setText: Text 'perkeso' is set on object 'Object Repository/Final Object Repo/Page_Request SSN - ASSIST/AI - Current Employer Name'

2018-11-25 10:55:01 - [MESSAGE][PASSED] - Text 'perkeso' is set on object 'Object Repository/Final Object Repo/Page_Request SSN - ASSIST/AI - Current Employer Name'

2018-11-25 10:55:01 - [TEST_STEP][PASSED] - setText: Text 'perkeso1' is set on object 'Object Repository/Final Object Repo/Page_Request SSN - ASSIST/AI - Current Employer Address1'

2018-11-25 10:55:02 - [MESSAGE][PASSED] - Text 'perkeso1' is set on object 'Object Repository/Final Object Repo/Page_Request SSN - ASSIST/AI - Current Employer Address1'

2018-11-25 10:55:02 - [TEST_STEP][PASSED] - setText: Text 'perkeso2' is set on object 'Object Repository/Final Object Repo/Page_Request SSN - ASSIST/AI - Current Employer Address2'

2018-11-25 10:55:03 - [MESSAGE][PASSED] - Text 'perkeso2' is set on object 'Object Repository/Final Object Repo/Page_Request SSN - ASSIST/AI - Current Employer Address2'

2018-11-25 10:55:03 - [TEST_STEP][PASSED] - setText: Text 'perkeso3' is set on object 'Object Repository/Final Object Repo/Page_Request SSN - ASSIST/AI - Current Employer Address3'

2018-11-25 10:55:04 - [MESSAGE][PASSED] - Text 'perkeso3' is set on object 'Object Repository/Final Object Repo/Page_Request SSN - ASSIST/AI - Current Employer Address3'

2018-11-25 10:55:04 - [TEST_STEP][PASSED] - click: Object: 'Object Repository/Final Object Repo/Page_Request SSN - ASSIST/AI - Current Employer State' is clicked on

2018-11-25 10:55:04 - [MESSAGE][PASSED] - Object: 'Object Repository/Final Object Repo/Page_Request SSN - ASSIST/AI - Current Employer State' is clicked on

2018-11-25 10:55:04 - [TEST_STEP][PASSED] - click: Object: 'Object Repository/Final Object Repo/Page_Request SSN - ASSIST/AI - Current Employer State - Johor 1' is clicked on

2018-11-25 10:55:04 - [MESSAGE][PASSED] - Object: 'Object Repository/Final Object Repo/Page_Request SSN - ASSIST/AI - Current Employer State - Johor 1' is clicked on

2018-11-25 10:55:04 - [TEST_STEP][PASSED] - click: Object: 'Object Repository/Final Object Repo/Page_Request SSN - ASSIST/AI - Current Employer City' is clicked on

2018-11-25 10:55:05 - [MESSAGE][PASSED] - Object: 'Object Repository/Final Object Repo/Page_Request SSN - ASSIST/AI - Current Employer City' is clicked on

2018-11-25 10:55:05 - [TEST_STEP][PASSED] - setText: Text 'joh' is set on object 'Object Repository/Final Object Repo/Page_Request SSN - ASSIST/AI - City - JOH'

2018-11-25 10:55:05 - [MESSAGE][PASSED] - Text 'joh' is set on object 'Object Repository/Final Object Repo/Page_Request SSN - ASSIST/AI - City - JOH'

2018-11-25 10:55:05 - [TEST_STEP][PASSED] - delay: Delayed 2 second(s)

2018-11-25 10:55:07 - [MESSAGE][PASSED] - Delayed 2 second(s)

2018-11-25 10:55:07 - [TEST_STEP][PASSED] - click: Object: 'Object Repository/Final Object Repo/Page_Request SSN - ASSIST/AI - City - Johor Bharu' is clicked on

2018-11-25 10:55:07 - [MESSAGE][PASSED] - Object: 'Object Repository/Final Object Repo/Page_Request SSN - ASSIST/AI - City - Johor Bharu' is clicked on

2018-11-25 10:55:07 - [TEST_STEP][PASSED] - click: Object: 'Object Repository/Final Object Repo/Page_Request SSN - ASSIST/AI - Current Employer Postcode' is clicked on

2018-11-25 10:55:08 - [MESSAGE][PASSED] - Object: 'Object Repository/Final Object Repo/Page_Request SSN - ASSIST/AI - Current Employer Postcode' is clicked on

2018-11-25 10:55:08 - [TEST_STEP][PASSED] - setText: Text '810' is set on object 'Object Repository/Final Object Repo/Page_Request SSN - ASSIST/AI - City - JOH'

2018-11-25 10:55:08 - [MESSAGE][PASSED] - Text '810' is set on object 'Object Repository/Final Object Repo/Page_Request SSN - ASSIST/AI - City - JOH'

2018-11-25 10:55:08 - [TEST_STEP][PASSED] - delay: Delayed 2 second(s)

2018-11-25 10:55:10 - [MESSAGE][PASSED] - Delayed 2 second(s)

2018-11-25 10:55:10 - [TEST_STEP][PASSED] - click: Object: 'Object Repository/Final Object Repo/Page_Request SSN - ASSIST/AI - PostCode - 81000' is clicked on

2018-11-25 10:55:11 - [MESSAGE][PASSED] - Object: 'Object Repository/Final Object Repo/Page_Request SSN - ASSIST/AI - PostCode - 81000' is clicked on

2018-11-25 10:55:11 - [TEST_STEP][NOT_RUN] - setText: NOT_RUN: setText

2018-11-25 10:55:11 - [MESSAGE][NOT_RUN] - NOT_RUN: setText

2018-11-25 10:55:11 - [TEST_STEP][NOT_RUN] - setText: NOT_RUN: setText

2018-11-25 10:55:11 - [MESSAGE][NOT_RUN] - NOT_RUN: setText

2018-11-25 10:55:11 - [TEST_STEP][NOT_RUN] - click: NOT_RUN: click

2018-11-25 10:55:11 - [MESSAGE][NOT_RUN] - NOT_RUN: click

2018-11-25 10:55:11 - [TEST_STEP][NOT_RUN] - click: NOT_RUN: click

2018-11-25 10:55:11 - [MESSAGE][NOT_RUN] - NOT_RUN: click

2018-11-25 10:55:11 - [TEST_STEP][NOT_RUN] - setText: NOT_RUN: setText

2018-11-25 10:55:11 - [MESSAGE][NOT_RUN] - NOT_RUN: setText

2018-11-25 10:55:11 - [TEST_STEP][NOT_RUN] - click: NOT_RUN: click

2018-11-25 10:55:11 - [MESSAGE][NOT_RUN] - NOT_RUN: click

2018-11-25 10:55:11 - [TEST_STEP][NOT_RUN] - click: NOT_RUN: click

2018-11-25 10:55:11 - [MESSAGE][NOT_RUN] - NOT_RUN: click

2018-11-25 10:55:11 - [TEST_STEP][NOT_RUN] - click: NOT_RUN: click

2018-11-25 10:55:11 - [MESSAGE][NOT_RUN] - NOT_RUN: click

2018-11-25 10:55:11 - [TEST_STEP][NOT_RUN] - click: NOT_RUN: click

2018-11-25 10:55:11 - [MESSAGE][NOT_RUN] - NOT_RUN: click

2018-11-25 10:55:11 - [TEST_STEP][NOT_RUN] - click: NOT_RUN: click

2018-11-25 10:55:11 - [MESSAGE][NOT_RUN] - NOT_RUN: click

2018-11-25 10:55:11 - [TEST_STEP][NOT_RUN] - click: NOT_RUN: click

2018-11-25 10:55:11 - [MESSAGE][NOT_RUN] - NOT_RUN: click

2018-11-25 10:55:11 - [TEST_STEP][NOT_RUN] - setText: NOT_RUN: setText

2018-11-25 10:55:11 - [MESSAGE][NOT_RUN] - NOT_RUN: setText

2018-11-25 10:55:11 - [TEST_STEP][NOT_RUN] - setText: NOT_RUN: setText

2018-11-25 10:55:11 - [MESSAGE][NOT_RUN] - NOT_RUN: setText

2018-11-25 10:55:11 - [TEST_STEP][NOT_RUN] - setText: NOT_RUN: setText

2018-11-25 10:55:11 - [MESSAGE][NOT_RUN] - NOT_RUN: setText

2018-11-25 10:55:11 - [TEST_STEP][NOT_RUN] - click: NOT_RUN: click

2018-11-25 10:55:11 - [MESSAGE][NOT_RUN] - NOT_RUN: click

2018-11-25 10:55:11 - [TEST_STEP][NOT_RUN] - click: NOT_RUN: click

2018-11-25 10:55:11 - [MESSAGE][NOT_RUN] - NOT_RUN: click

2018-11-25 10:55:11 - [TEST_STEP][NOT_RUN] - click: NOT_RUN: click

2018-11-25 10:55:11 - [MESSAGE][NOT_RUN] - NOT_RUN: click

2018-11-25 10:55:11 - [TEST_STEP][NOT_RUN] - setText: NOT_RUN: setText

2018-11-25 10:55:11 - [MESSAGE][NOT_RUN] - NOT_RUN: setText

2018-11-25 10:55:11 - [TEST_STEP][NOT_RUN] - delay: NOT_RUN: delay

2018-11-25 10:55:11 - [MESSAGE][NOT_RUN] - NOT_RUN: delay

2018-11-25 10:55:11 - [TEST_STEP][NOT_RUN] - click: NOT_RUN: click

2018-11-25 10:55:11 - [MESSAGE][NOT_RUN] - NOT_RUN: click

2018-11-25 10:55:11 - [TEST_STEP][NOT_RUN] - click: NOT_RUN: click

2018-11-25 10:55:11 - [MESSAGE][NOT_RUN] - NOT_RUN: click

2018-11-25 10:55:11 - [TEST_STEP][NOT_RUN] - click: NOT_RUN: click

2018-11-25 10:55:11 - [MESSAGE][NOT_RUN] - NOT_RUN: click

2018-11-25 10:55:11 - [TEST_STEP][NOT_RUN] - setText: NOT_RUN: setText

2018-11-25 10:55:11 - [MESSAGE][NOT_RUN] - NOT_RUN: setText

2018-11-25 10:55:11 - [TEST_STEP][NOT_RUN] - delay: NOT_RUN: delay

2018-11-25 10:55:11 - [MESSAGE][NOT_RUN] - NOT_RUN: delay

2018-11-25 10:55:11 - [TEST_STEP][NOT_RUN] - click: NOT_RUN: click

2018-11-25 10:55:11 - [MESSAGE][NOT_RUN] - NOT_RUN: click

2018-11-25 10:55:11 - [TEST_STEP][NOT_RUN] - delay: NOT_RUN: delay

2018-11-25 10:55:11 - [MESSAGE][NOT_RUN] - NOT_RUN: delay

2018-11-25 10:55:11 - [TEST_STEP][NOT_RUN] - setText: NOT_RUN: setText

2018-11-25 10:55:11 - [MESSAGE][NOT_RUN] - NOT_RUN: setText

2018-11-25 10:55:11 - [TEST_STEP][NOT_RUN] - setText: NOT_RUN: setText

2018-11-25 10:55:11 - [MESSAGE][NOT_RUN] - NOT_RUN: setText

2018-11-25 10:55:11 - [TEST_STEP][NOT_RUN] - setText: NOT_RUN: setText

2018-11-25 10:55:11 - [MESSAGE][NOT_RUN] - NOT_RUN: setText

2018-11-25 10:55:11 - [TEST_STEP][NOT_RUN] - click: NOT_RUN: click

2018-11-25 10:55:11 - [MESSAGE][NOT_RUN] - NOT_RUN: click

2018-11-25 10:55:11 - [TEST_STEP][NOT_RUN] - click: NOT_RUN: click

2018-11-25 10:55:11 - [MESSAGE][NOT_RUN] - NOT_RUN: click

2018-11-25 10:55:11 - [TEST_STEP][NOT_RUN] - setText: NOT_RUN: setText

2018-11-25 10:55:11 - [MESSAGE][NOT_RUN] - NOT_RUN: setText

2018-11-25 10:55:11 - [TEST_STEP][NOT_RUN] - click: NOT_RUN: click

2018-11-25 10:55:11 - [MESSAGE][NOT_RUN] - NOT_RUN: click

2018-11-25 10:55:11 - [TEST_STEP][NOT_RUN] - click: NOT_RUN: click

2018-11-25 10:55:11 - [MESSAGE][NOT_RUN] - NOT_RUN: click

2018-11-25 10:55:11 - [TEST_STEP][NOT_RUN] - click: NOT_RUN: click

2018-11-25 10:55:11 - [MESSAGE][NOT_RUN] - NOT_RUN: click

2018-11-25 10:55:11 - [TEST_STEP][NOT_RUN] - click: NOT_RUN: click

2018-11-25 10:55:11 - [MESSAGE][NOT_RUN] - NOT_RUN: click

2018-11-25 10:55:11 - [TEST_STEP][NOT_RUN] - click: NOT_RUN: click

2018-11-25 10:55:11 - [MESSAGE][NOT_RUN] - NOT_RUN: click

2018-11-25 10:55:11 - [TEST_STEP][NOT_RUN] - click: NOT_RUN: click

2018-11-25 10:55:11 - [MESSAGE][NOT_RUN] - NOT_RUN: click

2018-11-25 10:55:11 - [TEST_STEP][NOT_RUN] - setText: NOT_RUN: setText

2018-11-25 10:55:11 - [MESSAGE][NOT_RUN] - NOT_RUN: setText

2018-11-25 10:55:11 - [TEST_STEP][NOT_RUN] - setText: NOT_RUN: setText

2018-11-25 10:55:11 - [MESSAGE][NOT_RUN] - NOT_RUN: setText

2018-11-25 10:55:11 - [TEST_STEP][NOT_RUN] - setText: NOT_RUN: setText

2018-11-25 10:55:11 - [MESSAGE][NOT_RUN] - NOT_RUN: setText

2018-11-25 10:55:11 - [TEST_STEP][NOT_RUN] - click: NOT_RUN: click

2018-11-25 10:55:11 - [MESSAGE][NOT_RUN] - NOT_RUN: click

2018-11-25 10:55:11 - [TEST_STEP][NOT_RUN] - click: NOT_RUN: click

2018-11-25 10:55:11 - [MESSAGE][NOT_RUN] - NOT_RUN: click

2018-11-25 10:55:11 - [TEST_STEP][NOT_RUN] - click: NOT_RUN: click

2018-11-25 10:55:11 - [MESSAGE][NOT_RUN] - NOT_RUN: click

2018-11-25 10:55:11 - [TEST_STEP][NOT_RUN] - delay: NOT_RUN: delay

2018-11-25 10:55:11 - [MESSAGE][NOT_RUN] - NOT_RUN: delay

2018-11-25 10:55:11 - [TEST_STEP][NOT_RUN] - setText: NOT_RUN: setText

2018-11-25 10:55:11 - [MESSAGE][NOT_RUN] - NOT_RUN: setText

2018-11-25 10:55:11 - [TEST_STEP][NOT_RUN] - delay: NOT_RUN: delay

2018-11-25 10:55:11 - [MESSAGE][NOT_RUN] - NOT_RUN: delay

2018-11-25 10:55:11 - [TEST_STEP][NOT_RUN] - click: NOT_RUN: click

2018-11-25 10:55:11 - [MESSAGE][NOT_RUN] - NOT_RUN: click

2018-11-25 10:55:11 - [TEST_STEP][NOT_RUN] - doubleClick: NOT_RUN: doubleClick

2018-11-25 10:55:11 - [MESSAGE][NOT_RUN] - NOT_RUN: doubleClick

2018-11-25 10:55:11 - [TEST_STEP][NOT_RUN] - click: NOT_RUN: click

2018-11-25 10:55:11 - [MESSAGE][NOT_RUN] - NOT_RUN: click

2018-11-25 10:55:11 - [TEST_STEP][NOT_RUN] - setText: NOT_RUN: setText

2018-11-25 10:55:11 - [MESSAGE][NOT_RUN] - NOT_RUN: setText

2018-11-25 10:55:11 - [TEST_STEP][NOT_RUN] - delay: NOT_RUN: delay

2018-11-25 10:55:11 - [MESSAGE][NOT_RUN] - NOT_RUN: delay

2018-11-25 10:55:11 - [TEST_STEP][NOT_RUN] - click: NOT_RUN: click

2018-11-25 10:55:11 - [MESSAGE][NOT_RUN] - NOT_RUN: click

2018-11-25 10:55:11 - [TEST_STEP][NOT_RUN] - delay: NOT_RUN: delay

2018-11-25 10:55:11 - [MESSAGE][NOT_RUN] - NOT_RUN: delay

2018-11-25 10:55:11 - [TEST_STEP][NOT_RUN] - setText: NOT_RUN: setText

2018-11-25 10:55:11 - [MESSAGE][NOT_RUN] - NOT_RUN: setText

2018-11-25 10:55:11 - [TEST_STEP][PASSED] - click: Object: 'Object Repository/Final Object Repo/Page_Request SSN - ASSIST/Save  Continue' is clicked on

2018-11-25 10:55:11 - [MESSAGE][PASSED] - Object: 'Object Repository/Final Object Repo/Page_Request SSN - ASSIST/Save  Continue' is clicked on

2018-11-25 10:55:11 - [TEST_STEP][PASSED] - delay: Delayed 3 second(s)

2018-11-25 10:55:14 - [MESSAGE][PASSED] - Delayed 3 second(s)

2018-11-25 10:55:14 - [TEST_STEP][PASSED] - Statement - CaseReferenceNo = com.kms.katalon.core.webui.keyword.WebUiBuiltInKeywords.getText(com.kms.katalon.core.testobject.ObjectRepository.findTestObject(Final Object Repo/Page_Request SSN - ASSIST/Reference Number in Uploading Page)): Text of object 'Object Repository/Final Object Repo/Page_Request SSN - ASSIST/Reference Number in Uploading Page' is: 'SSN11201800001144'

2018-11-25 10:55:14 - [MESSAGE][PASSED] - Text of object 'Object Repository/Final Object Repo/Page_Request SSN - ASSIST/Reference Number in Uploading Page' is: 'SSN11201800001144'

2018-11-25 10:55:14 - [TEST_STEP][PASSED] - callTestCase: Call Test Case 'Test Cases/Final Aug 2018 - PKS Automation/Common/Reference Number Setter' successfully

2018-11-25 10:55:14 - [TEST_CASE][PASSED] - Test Cases/Final Aug 2018 - PKS Automation/Common/Reference Number Setter: Test Cases/Final Aug 2018 - PKS Automation/Common/Reference Number Setter

2018-11-25 10:55:14 - [TEST_STEP][PASSED] - Statement - RefNoOldFile = new java.io.File(C://Users//Admin//Desktop//PKS//Automation Reference Point//KatalonReference.txt): null

2018-11-25 10:55:14 - [TEST_STEP][PASSED] - Statement - RefNoOldFile.delete(): null

2018-11-25 10:55:14 - [TEST_STEP][PASSED] - delay: Delayed 5 second(s)

2018-11-25 10:55:19 - [MESSAGE][PASSED] - Delayed 5 second(s)

2018-11-25 10:55:19 - [TEST_STEP][PASSED] - Statement - RefNo = new java.io.File(C://Users//Admin//Desktop//PKS//Automation Reference Point//KatalonReference.txt): null

2018-11-25 10:55:19 - [TEST_STEP][PASSED] - Statement - f2 = new java.io.FileWriter(RefNo, false): null

2018-11-25 10:55:19 - [TEST_STEP][PASSED] - Statement - f2.write(CaseReferenceNo): null

2018-11-25 10:55:19 - [TEST_STEP][PASSED] - Statement - f2.close(): null

2018-11-25 10:55:19 - [TEST_STEP][PASSED] - Statement - out.println("


" + CaseReferenceNo + "


"): null

2018-11-25 10:55:19 - [MESSAGE][PASSED] - Call Test Case 'Test Cases/Final Aug 2018 - PKS Automation/Common/Reference Number Setter' successfully

2018-11-25 10:55:19 - [TEST_STEP][PASSED] - click: Object: 'Object Repository/Final Object Repo/Page_Request SSN - ASSIST/Add Document Button' is clicked on

2018-11-25 10:55:19 - [MESSAGE][PASSED] - Object: 'Object Repository/Final Object Repo/Page_Request SSN - ASSIST/Add Document Button' is clicked on

2018-11-25 10:55:19 - [TEST_STEP][PASSED] - delay: Delayed 2 second(s)

2018-11-25 10:55:21 - [MESSAGE][PASSED] - Delayed 2 second(s)

2018-11-25 10:55:21 - [TEST_STEP][PASSED] - click: Object: 'Object Repository/Final Object Repo/Page_Request SSN - ASSIST/Document Type' is clicked on

2018-11-25 10:55:23 - [MESSAGE][PASSED] - Object: 'Object Repository/Final Object Repo/Page_Request SSN - ASSIST/Document Type' is clicked on

2018-11-25 10:55:23 - [TEST_STEP][PASSED] - click: Object: 'Object Repository/Final Object Repo/Page_Request SSN - ASSIST/Document Type - Birth Certificate' is clicked on

2018-11-25 10:55:23 - [MESSAGE][PASSED] - Object: 'Object Repository/Final Object Repo/Page_Request SSN - ASSIST/Document Type - Birth Certificate' is clicked on

2018-11-25 10:55:23 - [TEST_STEP][PASSED] - sendKeys: Keys 'C:\Users\Public\Pictures\Sample Pictures\Koala.jpg' sent to object: 'Object Repository/Final Object Repo/Page_Request SSN - ASSIST/Upload File'

2018-11-25 10:55:23 - [MESSAGE][PASSED] - Keys 'C:\Users\Public\Pictures\Sample Pictures\Koala.jpg' sent to object: 'Object Repository/Final Object Repo/Page_Request SSN - ASSIST/Upload File'

2018-11-25 10:55:23 - [TEST_STEP][PASSED] - click: Object: 'Object Repository/Final Object Repo/Page_Request SSN - ASSIST/Add Document' is clicked on

2018-11-25 10:55:23 - [MESSAGE][PASSED] - Object: 'Object Repository/Final Object Repo/Page_Request SSN - ASSIST/Add Document' is clicked on

2018-11-25 10:55:23 - [TEST_STEP][PASSED] - delay: Delayed 20 second(s)

2018-11-25 10:55:43 - [MESSAGE][PASSED] - Delayed 20 second(s)

2018-11-25 10:55:43 - [TEST_STEP][PASSED] - click: Object: 'Object Repository/Final Object Repo/Page_Request SSN - ASSIST/Save  Continue in Uploading Document Page' is clicked on

2018-11-25 10:55:43 - [MESSAGE][PASSED] - Object: 'Object Repository/Final Object Repo/Page_Request SSN - ASSIST/Save  Continue in Uploading Document Page' is clicked on

2018-11-25 10:55:43 - [TEST_STEP][PASSED] - delay: Delayed 2 second(s)

2018-11-25 10:55:45 - [MESSAGE][PASSED] - Delayed 2 second(s)

2018-11-25 10:55:45 - [TEST_STEP][PASSED] - click: Object: 'Object Repository/Final Object Repo/Page_Request SSN - ASSIST/Submit' is clicked on

2018-11-25 10:55:48 - [MESSAGE][PASSED] - Object: 'Object Repository/Final Object Repo/Page_Request SSN - ASSIST/Submit' is clicked on

2018-11-25 10:55:48 - [TEST_STEP][PASSED] - delay: Delayed 2 second(s)

2018-11-25 10:55:50 - [MESSAGE][PASSED] - Delayed 2 second(s)

2018-11-25 10:55:50 - [TEST_STEP][PASSED] - click: Object: 'Object Repository/Final Object Repo/Page_Request SSN - ASSIST/Confirm' is clicked on

2018-11-25 10:55:50 - [MESSAGE][PASSED] - Object: 'Object Repository/Final Object Repo/Page_Request SSN - ASSIST/Confirm' is clicked on

2018-11-25 10:55:50 - [TEST_STEP][PASSED] - delay: Delayed 2 second(s)

2018-11-25 10:55:52 - [MESSAGE][PASSED] - Delayed 2 second(s)

2018-11-25 10:55:52 - [TEST_STEP][PASSED] - verifyElementVisible: Object 'Object Repository/Final Object Repo/Page_Request SSN - ASSIST/Message This Case will be routed to RIO' is visible

2018-11-25 10:55:58 - [MESSAGE][PASSED] - Object 'Object Repository/Final Object Repo/Page_Request SSN - ASSIST/Message This Case will be routed to RIO' is visible

2018-11-25 10:55:58 - [TEST_STEP][PASSED] - delay: Delayed 2 second(s)

2018-11-25 10:56:00 - [MESSAGE][PASSED] - Delayed 2 second(s)

2018-11-25 10:56:00 - [TEST_STEP][PASSED] - verifyElementVisible: Object 'Object Repository/Final Object Repo/Page_Request SSN - ASSIST/Letter of acknowledgement' is visible

2018-11-25 10:56:00 - [MESSAGE][PASSED] - Object 'Object Repository/Final Object Repo/Page_Request SSN - ASSIST/Letter of acknowledgement' is visible

2018-11-25 10:56:00 - [MESSAGE][PASSED] - Call Test Case 'Test Cases/Final Aug 2018 - PKS Automation/Registration Module/Workflow/Request SSN/Template/Request SSN - PKRBO' successfully

2018-11-25 10:56:00 - [TEST_STEP][FAILED] - callTestCase: Unable to call Test Case with id 'Test Cases/Final Aug 2018 - PKS Automation/Registration Module/Workflow/Request SSN/Template/Request SSN RIO - RO (Query)' (Root cause: Call Test Case 'Test Cases/Final Aug 2018 - PKS Automation/Registration Module/Workflow/Request SSN/Template/Request SSN RIO - RO (Query)' failed)

2018-11-25 10:56:00 - [TEST_CASE][FAILED] - Test Cases/Final Aug 2018 - PKS Automation/Registration Module/Workflow/Request SSN/Template/Request SSN RIO - RO (Query): Test Cases/Final Aug 2018 - PKS Automation/Registration Module/Workflow/Request SSN/Template/Request SSN RIO - RO (Query) FAILED because (of) (Stack trace: com.kms.katalon.core.exception.StepFailedException: Unable to click on object 'Object Repository/Final Object Repo/Landing Page/Select to English' (Root cause: com.kms.katalon.core.webui.exception.WebElementNotFoundException: Web element with id: 'Object Repository/Final Object Repo/Landing Page/Select to English' located by 'By.xpath: //a[@class = 'taglib-language-list-text' and @lang = 'en-US' and (contains(text(), 'EN') or contains(., 'EN'))]' not found)
	at com.kms.katalon.core.keyword.internal.KeywordMain.stepFailed(KeywordMain.groovy:32)
	at com.kms.katalon.core.webui.keyword.internal.WebUIKeywordMain.stepFailed(WebUIKeywordMain.groovy:65)
	at com.kms.katalon.core.webui.keyword.internal.WebUIKeywordMain.runKeyword(WebUIKeywordMain.groovy:27)
	at com.kms.katalon.core.webui.keyword.builtin.ClickKeyword.click(ClickKeyword.groovy:86)
	at com.kms.katalon.core.webui.keyword.builtin.ClickKeyword.execute(ClickKeyword.groovy:67)
	at com.kms.katalon.core.keyword.internal.KeywordExecutor.executeKeywordForPlatform(KeywordExecutor.groovy:53)
	at com.kms.katalon.core.webui.keyword.WebUiBuiltInKeywords.click(WebUiBuiltInKeywords.groovy:604)
	at com.kms.katalon.core.webui.keyword.WebUiBuiltInKeywords$click$12.call(Unknown Source)
	at Script1534407542420.run(Script1534407542420.groovy:57)
	at com.kms.katalon.core.main.ScriptEngine.run(ScriptEngine.java:183)
	at com.kms.katalon.core.main.ScriptEngine.runScriptAsRawText(ScriptEngine.java:108)
	at com.kms.katalon.core.main.TestCaseExecutor.runScript(TestCaseExecutor.java:294)
	at com.kms.katalon.core.main.TestCaseExecutor.doExecute(TestCaseExecutor.java:285)
	at com.kms.katalon.core.main.TestCaseExecutor.processExecutionPhase(TestCaseExecutor.java:264)
	at com.kms.katalon.core.main.TestCaseExecutor.accessMainPhase(TestCaseExecutor.java:256)
	at com.kms.katalon.core.main.TestCaseExecutor.execute(TestCaseExecutor.java:200)
	at com.kms.katalon.core.main.TestCaseMain.runTestCase(TestCaseMain.java:99)
	at com.kms.katalon.core.keyword.builtin.CallTestCaseKeyword$_callTestCase_closure1.doCall(CallTestCaseKeyword.groovy:60)
	at com.kms.katalon.core.keyword.builtin.CallTestCaseKeyword$_callTestCase_closure1.call(CallTestCaseKeyword.groovy)
	at com.kms.katalon.core.keyword.internal.KeywordMain.runKeyword(KeywordMain.groovy:54)
	at com.kms.katalon.core.keyword.builtin.CallTestCaseKeyword.callTestCase(CallTestCaseKeyword.groovy:81)
	at com.kms.katalon.core.keyword.builtin.CallTestCaseKeyword.execute(CallTestCaseKeyword.groovy:45)
	at com.kms.katalon.core.keyword.internal.KeywordExecutor.executeKeywordForPlatform(KeywordExecutor.groovy:53)
	at com.kms.katalon.core.keyword.BuiltinKeywords.callTestCase(BuiltinKeywords.groovy:334)
	at sun.reflect.GeneratedMethodAccessor13.invoke(Unknown Source)
	at sun.reflect.DelegatingMethodAccessorImpl.invoke(DelegatingMethodAccessorImpl.java:43)
	at java.lang.reflect.Method.invoke(Method.java:498)
	at org.codehaus.groovy.reflection.CachedMethod.invoke(CachedMethod.java:93)
	at groovy.lang.MetaMethod.doMethodInvoke(MetaMethod.java:325)
	at groovy.lang.MetaClassImpl.invokeStaticMethod(MetaClassImpl.java:1469)
	at org.codehaus.groovy.runtime.callsite.StaticMetaClassSite.call(StaticMetaClassSite.java:53)
	at org.codehaus.groovy.runtime.callsite.AbstractCallSite.call(AbstractCallSite.java:141)
	at Script1537866031818.run(Script1537866031818.groovy:33)
	at com.kms.katalon.core.main.ScriptEngine.run(ScriptEngine.java:183)
	at com.kms.katalon.core.main.ScriptEngine.runScriptAsRawText(ScriptEngine.java:108)
	at com.kms.katalon.core.main.TestCaseExecutor.runScript(TestCaseExecutor.java:294)
	at com.kms.katalon.core.main.TestCaseExecutor.doExecute(TestCaseExecutor.java:285)
	at com.kms.katalon.core.main.TestCaseExecutor.processExecutionPhase(TestCaseExecutor.java:264)
	at com.kms.katalon.core.main.TestCaseExecutor.accessMainPhase(TestCaseExecutor.java:256)
	at com.kms.katalon.core.main.TestCaseExecutor.execute(TestCaseExecutor.java:200)
	at com.kms.katalon.core.main.TestCaseMain.runTestCase(TestCaseMain.java:99)
	at com.kms.katalon.core.keyword.builtin.CallTestCaseKeyword$_callTestCase_closure1.doCall(CallTestCaseKeyword.groovy:60)
	at com.kms.katalon.core.keyword.builtin.CallTestCaseKeyword$_callTestCase_closure1.call(CallTestCaseKeyword.groovy)
	at com.kms.katalon.core.keyword.internal.KeywordMain.runKeyword(KeywordMain.groovy:54)
	at com.kms.katalon.core.keyword.builtin.CallTestCaseKeyword.callTestCase(CallTestCaseKeyword.groovy:81)
	at com.kms.katalon.core.keyword.builtin.CallTestCaseKeyword.execute(CallTestCaseKeyword.groovy:45)
	at com.kms.katalon.core.keyword.internal.KeywordExecutor.executeKeywordForPlatform(KeywordExecutor.groovy:53)
	at com.kms.katalon.core.keyword.BuiltinKeywords.callTestCase(BuiltinKeywords.groovy:334)
	at sun.reflect.GeneratedMethodAccessor13.invoke(Unknown Source)
	at sun.reflect.DelegatingMethodAccessorImpl.invoke(DelegatingMethodAccessorImpl.java:43)
	at java.lang.reflect.Method.invoke(Method.java:498)
	at org.codehaus.groovy.reflection.CachedMethod.invoke(CachedMethod.java:93)
	at groovy.lang.MetaMethod.doMethodInvoke(MetaMethod.java:325)
	at groovy.lang.MetaClassImpl.invokeStaticMethod(MetaClassImpl.java:1469)
	at org.codehaus.groovy.runtime.callsite.StaticMetaClassSite.call(StaticMetaClassSite.java:53)
	at org.codehaus.groovy.runtime.callsite.CallSiteArray.defaultCall(CallSiteArray.java:48)
	at org.codehaus.groovy.runtime.callsite.AbstractCallSite.call(AbstractCallSite.java:113)
	at org.codehaus.groovy.runtime.callsite.AbstractCallSite.call(AbstractCallSite.java:141)
	at Script1536300508627.run(Script1536300508627.groovy:24)
	at com.kms.katalon.core.main.ScriptEngine.run(ScriptEngine.java:183)
	at com.kms.katalon.core.main.ScriptEngine.runScriptAsRawText(ScriptEngine.java:108)
	at com.kms.katalon.core.main.TestCaseExecutor.runScript(TestCaseExecutor.java:294)
	at com.kms.katalon.core.main.TestCaseExecutor.doExecute(TestCaseExecutor.java:285)
	at com.kms.katalon.core.main.TestCaseExecutor.processExecutionPhase(TestCaseExecutor.java:264)
	at com.kms.katalon.core.main.TestCaseExecutor.accessMainPhase(TestCaseExecutor.java:256)
	at com.kms.katalon.core.main.TestCaseExecutor.execute(TestCaseExecutor.java:200)
	at com.kms.katalon.core.main.TestSuiteExecutor.accessTestCaseMainPhase(TestSuiteExecutor.java:129)
	at com.kms.katalon.core.main.TestSuiteExecutor.accessTestSuiteMainPhase(TestSuiteExecutor.java:112)
	at com.kms.katalon.core.main.TestSuiteExecutor.execute(TestSuiteExecutor.java:81)
	at com.kms.katalon.core.main.TestCaseMain.startTestSuite(TestCaseMain.java:142)
	at com.kms.katalon.core.main.TestCaseMain$startTestSuite$0.call(Unknown Source)
	at org.codehaus.groovy.runtime.callsite.CallSiteArray.defaultCall(CallSiteArray.java:48)
	at org.codehaus.groovy.runtime.callsite.AbstractCallSite.call(AbstractCallSite.java:113)
	at org.codehaus.groovy.runtime.callsite.AbstractCallSite.call(AbstractCallSite.java:141)
	at TempTestSuite1543076525606.run(TempTestSuite1543076525606.groovy:36)
	at groovy.lang.GroovyShell.runScriptOrMainOrTestOrRunnable(GroovyShell.java:263)
	at groovy.lang.GroovyShell.run(GroovyShell.java:518)
	at groovy.lang.GroovyShell.run(GroovyShell.java:507)
	at groovy.ui.GroovyMain.processOnce(GroovyMain.java:653)
	at groovy.ui.GroovyMain.run(GroovyMain.java:384)
	at groovy.ui.GroovyMain.process(GroovyMain.java:370)
	at groovy.ui.GroovyMain.processArgs(GroovyMain.java:129)
	at groovy.ui.GroovyMain.main(GroovyMain.java:109)
	at sun.reflect.NativeMethodAccessorImpl.invoke0(Native Method)
	at sun.reflect.NativeMethodAccessorImpl.invoke(NativeMethodAccessorImpl.java:62)
	at sun.reflect.DelegatingMethodAccessorImpl.invoke(DelegatingMethodAccessorImpl.java:43)
	at java.lang.reflect.Method.invoke(Method.java:498)
	at org.codehaus.groovy.tools.GroovyStarter.rootLoader(GroovyStarter.java:109)
	at org.codehaus.groovy.tools.GroovyStarter.main(GroovyStarter.java:131)
)

2018-11-25 10:56:01 - [TEST_STEP][NOT_RUN] - callTestCase: NOT_RUN: callTestCase

2018-11-25 10:56:01 - [MESSAGE][NOT_RUN] - NOT_RUN: callTestCase

2018-11-25 10:56:01 - [TEST_STEP][PASSED] - delay: Delayed 2 second(s)

2018-11-25 10:56:03 - [MESSAGE][PASSED] - Delayed 2 second(s)

2018-11-25 10:56:03 - [TEST_STEP][PASSED] - navigateToUrl: Navigate to 'https://assist2-uat.perkeso.gov.my/c/portal/logout' successfully

2018-11-25 10:56:03 - [MESSAGE][PASSED] - Navigate to 'https://assist2-uat.perkeso.gov.my/c/portal/logout' successfully

2018-11-25 10:56:03 - [TEST_STEP][PASSED] - delay: Delayed 2 second(s)

2018-11-25 10:56:05 - [MESSAGE][PASSED] - Delayed 2 second(s)

2018-11-25 10:56:05 - [TEST_STEP][PASSED] - callTestCase: Call Test Case 'Test Cases/Final Aug 2018 - PKS Automation/Common/Reference Number Getter' successfully

2018-11-25 10:56:06 - [TEST_CASE][PASSED] - Test Cases/Final Aug 2018 - PKS Automation/Common/Reference Number Getter: Test Cases/Final Aug 2018 - PKS Automation/Common/Reference Number Getter

2018-11-25 10:56:06 - [TEST_STEP][PASSED] - Statement - Try: null

2018-11-25 10:56:06 - [TEST_STEP][PASSED] - Statement - RefNo = new java.io.File(C://Users//Admin//Desktop//PKS//Automation Reference Point//KatalonReference.txt): null

2018-11-25 10:56:06 - [TEST_STEP][PASSED] - Statement - bufferread = new java.io.BufferedReader(new java.io.FileReader(RefNo)): null

2018-11-25 10:56:06 - [TEST_STEP][PASSED] - Statement - readedVal = bufferread.readLine(): null

2018-11-25 10:56:06 - [TEST_STEP][PASSED] - Statement - out.println(CaseReferenceNo): null

2018-11-25 10:56:06 - [TEST_STEP][PASSED] - Statement - out.println(readedVal): null

2018-11-25 10:56:06 - [TEST_STEP][PASSED] - Statement - CaseReferenceNo = "": null

2018-11-25 10:56:06 - [TEST_STEP][PASSED] - Statement - CaseReferenceNo = readedVal: null

2018-11-25 10:56:06 - [MESSAGE][PASSED] - Call Test Case 'Test Cases/Final Aug 2018 - PKS Automation/Common/Reference Number Getter' successfully

2018-11-25 10:56:06 - [TEST_STEP][FAILED] - callTestCase: Unable to call Test Case with id 'Test Cases/Final Aug 2018 - PKS Automation/Common/Workflow Owner Finder' (Root cause: Call Test Case 'Test Cases/Final Aug 2018 - PKS Automation/Common/Workflow Owner Finder' failed)

2018-11-25 10:56:06 - [TEST_CASE][FAILED] - Test Cases/Final Aug 2018 - PKS Automation/Common/Workflow Owner Finder: Test Cases/Final Aug 2018 - PKS Automation/Common/Workflow Owner Finder FAILED because (of) (Stack trace: com.kms.katalon.core.exception.StepFailedException: Unable to click on object 'Object Repository/Final Object Repo/Landing Page/Select to English' (Root cause: com.kms.katalon.core.webui.exception.WebElementNotFoundException: Web element with id: 'Object Repository/Final Object Repo/Landing Page/Select to English' located by 'By.xpath: //a[@class = 'taglib-language-list-text' and @lang = 'en-US' and (contains(text(), 'EN') or contains(., 'EN'))]' not found)
	at com.kms.katalon.core.keyword.internal.KeywordMain.stepFailed(KeywordMain.groovy:32)
	at com.kms.katalon.core.webui.keyword.internal.WebUIKeywordMain.stepFailed(WebUIKeywordMain.groovy:65)
	at com.kms.katalon.core.webui.keyword.internal.WebUIKeywordMain.runKeyword(WebUIKeywordMain.groovy:27)
	at com.kms.katalon.core.webui.keyword.builtin.ClickKeyword.click(ClickKeyword.groovy:86)
	at com.kms.katalon.core.webui.keyword.builtin.ClickKeyword.execute(ClickKeyword.groovy:67)
	at com.kms.katalon.core.keyword.internal.KeywordExecutor.executeKeywordForPlatform(KeywordExecutor.groovy:53)
	at com.kms.katalon.core.webui.keyword.WebUiBuiltInKeywords.click(WebUiBuiltInKeywords.groovy:604)
	at com.kms.katalon.core.webui.keyword.WebUiBuiltInKeywords$click$12.call(Unknown Source)
	at Script1534407542420.run(Script1534407542420.groovy:57)
	at com.kms.katalon.core.main.ScriptEngine.run(ScriptEngine.java:183)
	at com.kms.katalon.core.main.ScriptEngine.runScriptAsRawText(ScriptEngine.java:108)
	at com.kms.katalon.core.main.TestCaseExecutor.runScript(TestCaseExecutor.java:294)
	at com.kms.katalon.core.main.TestCaseExecutor.doExecute(TestCaseExecutor.java:285)
	at com.kms.katalon.core.main.TestCaseExecutor.processExecutionPhase(TestCaseExecutor.java:264)
	at com.kms.katalon.core.main.TestCaseExecutor.accessMainPhase(TestCaseExecutor.java:256)
	at com.kms.katalon.core.main.TestCaseExecutor.execute(TestCaseExecutor.java:200)
	at com.kms.katalon.core.main.TestCaseMain.runTestCase(TestCaseMain.java:99)
	at com.kms.katalon.core.keyword.builtin.CallTestCaseKeyword$_callTestCase_closure1.doCall(CallTestCaseKeyword.groovy:60)
	at com.kms.katalon.core.keyword.builtin.CallTestCaseKeyword$_callTestCase_closure1.call(CallTestCaseKeyword.groovy)
	at com.kms.katalon.core.keyword.internal.KeywordMain.runKeyword(KeywordMain.groovy:54)
	at com.kms.katalon.core.keyword.builtin.CallTestCaseKeyword.callTestCase(CallTestCaseKeyword.groovy:81)
	at com.kms.katalon.core.keyword.builtin.CallTestCaseKeyword.execute(CallTestCaseKeyword.groovy:45)
	at com.kms.katalon.core.keyword.internal.KeywordExecutor.executeKeywordForPlatform(KeywordExecutor.groovy:53)
	at com.kms.katalon.core.keyword.BuiltinKeywords.callTestCase(BuiltinKeywords.groovy:334)
	at sun.reflect.GeneratedMethodAccessor13.invoke(Unknown Source)
	at sun.reflect.DelegatingMethodAccessorImpl.invoke(DelegatingMethodAccessorImpl.java:43)
	at java.lang.reflect.Method.invoke(Method.java:498)
	at org.codehaus.groovy.reflection.CachedMethod.invoke(CachedMethod.java:93)
	at groovy.lang.MetaMethod.doMethodInvoke(MetaMethod.java:325)
	at groovy.lang.MetaClassImpl.invokeStaticMethod(MetaClassImpl.java:1469)
	at org.codehaus.groovy.runtime.callsite.StaticMetaClassSite.call(StaticMetaClassSite.java:53)
	at org.codehaus.groovy.runtime.callsite.AbstractCallSite.call(AbstractCallSite.java:141)
	at Script1537866031818.run(Script1537866031818.groovy:33)
	at com.kms.katalon.core.main.ScriptEngine.run(ScriptEngine.java:183)
	at com.kms.katalon.core.main.ScriptEngine.runScriptAsRawText(ScriptEngine.java:108)
	at com.kms.katalon.core.main.TestCaseExecutor.runScript(TestCaseExecutor.java:294)
	at com.kms.katalon.core.main.TestCaseExecutor.doExecute(TestCaseExecutor.java:285)
	at com.kms.katalon.core.main.TestCaseExecutor.processExecutionPhase(TestCaseExecutor.java:264)
	at com.kms.katalon.core.main.TestCaseExecutor.accessMainPhase(TestCaseExecutor.java:256)
	at com.kms.katalon.core.main.TestCaseExecutor.execute(TestCaseExecutor.java:200)
	at com.kms.katalon.core.main.TestCaseMain.runTestCase(TestCaseMain.java:99)
	at com.kms.katalon.core.keyword.builtin.CallTestCaseKeyword$_callTestCase_closure1.doCall(CallTestCaseKeyword.groovy:60)
	at com.kms.katalon.core.keyword.builtin.CallTestCaseKeyword$_callTestCase_closure1.call(CallTestCaseKeyword.groovy)
	at com.kms.katalon.core.keyword.internal.KeywordMain.runKeyword(KeywordMain.groovy:54)
	at com.kms.katalon.core.keyword.builtin.CallTestCaseKeyword.callTestCase(CallTestCaseKeyword.groovy:81)
	at com.kms.katalon.core.keyword.builtin.CallTestCaseKeyword.execute(CallTestCaseKeyword.groovy:45)
	at com.kms.katalon.core.keyword.internal.KeywordExecutor.executeKeywordForPlatform(KeywordExecutor.groovy:53)
	at com.kms.katalon.core.keyword.BuiltinKeywords.callTestCase(BuiltinKeywords.groovy:334)
	at sun.reflect.GeneratedMethodAccessor13.invoke(Unknown Source)
	at sun.reflect.DelegatingMethodAccessorImpl.invoke(DelegatingMethodAccessorImpl.java:43)
	at java.lang.reflect.Method.invoke(Method.java:498)
	at org.codehaus.groovy.reflection.CachedMethod.invoke(CachedMethod.java:93)
	at groovy.lang.MetaMethod.doMethodInvoke(MetaMethod.java:325)
	at groovy.lang.MetaClassImpl.invokeStaticMethod(MetaClassImpl.java:1469)
	at org.codehaus.groovy.runtime.callsite.StaticMetaClassSite.call(StaticMetaClassSite.java:53)
	at org.codehaus.groovy.runtime.callsite.CallSiteArray.defaultCall(CallSiteArray.java:48)
	at org.codehaus.groovy.runtime.callsite.AbstractCallSite.call(AbstractCallSite.java:113)
	at org.codehaus.groovy.runtime.callsite.AbstractCallSite.call(AbstractCallSite.java:141)
	at Script1536300508627.run(Script1536300508627.groovy:24)
	at com.kms.katalon.core.main.ScriptEngine.run(ScriptEngine.java:183)
	at com.kms.katalon.core.main.ScriptEngine.runScriptAsRawText(ScriptEngine.java:108)
	at com.kms.katalon.core.main.TestCaseExecutor.runScript(TestCaseExecutor.java:294)
	at com.kms.katalon.core.main.TestCaseExecutor.doExecute(TestCaseExecutor.java:285)
	at com.kms.katalon.core.main.TestCaseExecutor.processExecutionPhase(TestCaseExecutor.java:264)
	at com.kms.katalon.core.main.TestCaseExecutor.accessMainPhase(TestCaseExecutor.java:256)
	at com.kms.katalon.core.main.TestCaseExecutor.execute(TestCaseExecutor.java:200)
	at com.kms.katalon.core.main.TestSuiteExecutor.accessTestCaseMainPhase(TestSuiteExecutor.java:129)
	at com.kms.katalon.core.main.TestSuiteExecutor.accessTestSuiteMainPhase(TestSuiteExecutor.java:112)
	at com.kms.katalon.core.main.TestSuiteExecutor.execute(TestSuiteExecutor.java:81)
	at com.kms.katalon.core.main.TestCaseMain.startTestSuite(TestCaseMain.java:142)
	at com.kms.katalon.core.main.TestCaseMain$startTestSuite$0.call(Unknown Source)
	at org.codehaus.groovy.runtime.callsite.CallSiteArray.defaultCall(CallSiteArray.java:48)
	at org.codehaus.groovy.runtime.callsite.AbstractCallSite.call(AbstractCallSite.java:113)
	at org.codehaus.groovy.runtime.callsite.AbstractCallSite.call(AbstractCallSite.java:141)
	at TempTestSuite1543076525606.run(TempTestSuite1543076525606.groovy:36)
	at groovy.lang.GroovyShell.runScriptOrMainOrTestOrRunnable(GroovyShell.java:263)
	at groovy.lang.GroovyShell.run(GroovyShell.java:518)
	at groovy.lang.GroovyShell.run(GroovyShell.java:507)
	at groovy.ui.GroovyMain.processOnce(GroovyMain.java:653)
	at groovy.ui.GroovyMain.run(GroovyMain.java:384)
	at groovy.ui.GroovyMain.process(GroovyMain.java:370)
	at groovy.ui.GroovyMain.processArgs(GroovyMain.java:129)
	at groovy.ui.GroovyMain.main(GroovyMain.java:109)
	at sun.reflect.NativeMethodAccessorImpl.invoke0(Native Method)
	at sun.reflect.NativeMethodAccessorImpl.invoke(NativeMethodAccessorImpl.java:62)
	at sun.reflect.DelegatingMethodAccessorImpl.invoke(DelegatingMethodAccessorImpl.java:43)
	at java.lang.reflect.Method.invoke(Method.java:498)
	at org.codehaus.groovy.tools.GroovyStarter.rootLoader(GroovyStarter.java:109)
	at org.codehaus.groovy.tools.GroovyStarter.main(GroovyStarter.java:131)
)

2018-11-25 10:56:06 - [TEST_STEP][PASSED] - openBrowser: Browser is opened with url: ''

2018-11-25 10:56:06 - [MESSAGE][WARNING] - A browser is already opened. Closing browser and opening a new one

2018-11-25 10:56:09 - [MESSAGE][PASSED] - Browser is opened with url: ''

2018-11-25 10:56:09 - [TEST_STEP][PASSED] - navigateToUrl: Navigate to 'https://assist2-uat.perkeso.gov.my/login' successfully

2018-11-25 10:56:11 - [MESSAGE][PASSED] - Navigate to 'https://assist2-uat.perkeso.gov.my/login' successfully

2018-11-25 10:56:11 - [TEST_STEP][PASSED] - delay: Delayed 5 second(s)

2018-11-25 10:56:16 - [MESSAGE][PASSED] - Delayed 5 second(s)

2018-11-25 10:56:16 - [TEST_STEP][PASSED] - setText: Text 'test@liferay.com' is set on object 'Object Repository/Final Object Repo/Login Page/Internal User/Email Address'

2018-11-25 10:56:16 - [MESSAGE][PASSED] - Text 'test@liferay.com' is set on object 'Object Repository/Final Object Repo/Login Page/Internal User/Email Address'

2018-11-25 10:56:16 - [TEST_STEP][PASSED] - click: Object: 'Object Repository/Final Object Repo/Login Page/Internal User/Next Button' is clicked on

2018-11-25 10:56:16 - [MESSAGE][PASSED] - Object: 'Object Repository/Final Object Repo/Login Page/Internal User/Next Button' is clicked on

2018-11-25 10:56:16 - [TEST_STEP][PASSED] - delay: Delayed 2 second(s)

2018-11-25 10:56:18 - [MESSAGE][PASSED] - Delayed 2 second(s)

2018-11-25 10:56:18 - [TEST_STEP][PASSED] - setText: Text 'test' is set on object 'Object Repository/Final Object Repo/Login Page/Internal User/Password'

2018-11-25 10:56:18 - [MESSAGE][PASSED] - Text 'test' is set on object 'Object Repository/Final Object Repo/Login Page/Internal User/Password'

2018-11-25 10:56:18 - [TEST_STEP][PASSED] - delay: Delayed 2 second(s)

2018-11-25 10:56:20 - [MESSAGE][PASSED] - Delayed 2 second(s)

2018-11-25 10:56:20 - [TEST_STEP][PASSED] - click: Object: 'Object Repository/Final Object Repo/Login Page/Internal User/Login Button' is clicked on

2018-11-25 10:56:20 - [MESSAGE][PASSED] - Object: 'Object Repository/Final Object Repo/Login Page/Internal User/Login Button' is clicked on

2018-11-25 10:56:20 - [TEST_STEP][FAILED] - Statement - Try: Delayed 2 second(s)

2018-11-25 10:56:20 - [TEST_STEP][PASSED] - Statement - Checker = false: null

2018-11-25 10:56:20 - [TEST_STEP][PASSED] - Statement - Checker = com.kms.katalon.core.webui.keyword.WebUiBuiltInKeywords.verifyElementHasAttribute(com.kms.katalon.core.testobject.ObjectRepository.findTestObject(Final Object Repo/Landing Page/BM Detecting), "href", 20, OPTIONAL): Unable to verify if object 'Object Repository/Final Object Repo/Landing Page/BM Detecting' has attribute 'href' (Root cause: org.openqa.selenium.StaleElementReferenceException: stale element reference: element is not attached to the page document
  (Session info: chrome=70.0.3538.102)
  (Driver info: chromedriver=2.43.600210 (68dcf5eebde37173d4027fa8635e332711d2874a),platform=Windows NT 6.1.7601 SP1 x86_64) (WARNING: The server did not provide any stacktrace information)
Command duration or timeout: 0 milliseconds
For documentation on this error, please visit: http://seleniumhq.org/exceptions/stale_element_reference.html
Build info: version: '3.7.1', revision: '8a0099a', time: '2017-11-06T21:07:36.161Z'
System info: host: 'WIN7TEST02', ip: '10.20.3.72', os.name: 'Windows 7', os.arch: 'amd64', os.version: '6.1', java.version: '1.8.0_181'
Driver info: com.kms.katalon.selenium.driver.CChromeDriver
Capabilities {acceptInsecureCerts: false, acceptSslCerts: false, applicationCacheEnabled: false, browserConnectionEnabled: false, browserName: chrome, chrome: {chromedriverVersion: 2.43.600210 (68dcf5eebde371..., userDataDir: C:\Users\Admin\AppData\Loca...}, cssSelectorsEnabled: true, databaseEnabled: false, goog:chromeOptions: {debuggerAddress: localhost:57098}, handlesAlerts: true, hasTouchScreen: false, javascriptEnabled: true, locationContextEnabled: true, mobileEmulationEnabled: false, nativeEvents: true, networkConnectionEnabled: false, pageLoadStrategy: normal, platform: XP, platformName: XP, rotatable: false, setWindowRect: true, takesHeapSnapshot: true, takesScreenshot: true, unexpectedAlertBehaviour: , unhandledPromptBehavior: , version: 70.0.3538.102, webStorageEnabled: true}
Session ID: ed5160cb6ad2e1988da2587e0a8cbd9f)

2018-11-25 10:56:22 - [MESSAGE][WARNING] - Unable to verify if object 'Object Repository/Final Object Repo/Landing Page/BM Detecting' has attribute 'href' (Root cause: org.openqa.selenium.StaleElementReferenceException: stale element reference: element is not attached to the page document
  (Session info: chrome=70.0.3538.102)
  (Driver info: chromedriver=2.43.600210 (68dcf5eebde37173d4027fa8635e332711d2874a),platform=Windows NT 6.1.7601 SP1 x86_64) (WARNING: The server did not provide any stacktrace information)
Command duration or timeout: 0 milliseconds
For documentation on this error, please visit: http://seleniumhq.org/exceptions/stale_element_reference.html
Build info: version: '3.7.1', revision: '8a0099a', time: '2017-11-06T21:07:36.161Z'
System info: host: 'WIN7TEST02', ip: '10.20.3.72', os.name: 'Windows 7', os.arch: 'amd64', os.version: '6.1', java.version: '1.8.0_181'
Driver info: com.kms.katalon.selenium.driver.CChromeDriver
Capabilities {acceptInsecureCerts: false, acceptSslCerts: false, applicationCacheEnabled: false, browserConnectionEnabled: false, browserName: chrome, chrome: {chromedriverVersion: 2.43.600210 (68dcf5eebde371..., userDataDir: C:\Users\Admin\AppData\Loca...}, cssSelectorsEnabled: true, databaseEnabled: false, goog:chromeOptions: {debuggerAddress: localhost:57098}, handlesAlerts: true, hasTouchScreen: false, javascriptEnabled: true, locationContextEnabled: true, mobileEmulationEnabled: false, nativeEvents: true, networkConnectionEnabled: false, pageLoadStrategy: normal, platform: XP, platformName: XP, rotatable: false, setWindowRect: true, takesHeapSnapshot: true, takesScreenshot: true, unexpectedAlertBehaviour: , unhandledPromptBehavior: , version: 70.0.3538.102, webStorageEnabled: true}
Session ID: ed5160cb6ad2e1988da2587e0a8cbd9f)
[[ATTACHMENT|C:\\Users\\Admin\\Desktop\\PKS\\Perkeso Phase A\\Reports\\Workflow\\Request SSN\\20181125_002205\\1543114582588.png]]

2018-11-25 10:56:22 - [TEST_STEP][PASSED] - Statement - out.println(Checker): null

2018-11-25 10:56:22 - [TEST_STEP][FAILED] - Statement - If (Checker == false): Unable to click on object 'Object Repository/Final Object Repo/Landing Page/Select to English' (Root cause: com.kms.katalon.core.webui.exception.WebElementNotFoundException: Web element with id: 'Object Repository/Final Object Repo/Landing Page/Select to English' located by 'By.xpath: //a[@class = 'taglib-language-list-text' and @lang = 'en-US' and (contains(text(), 'EN') or contains(., 'EN'))]' not found)

2018-11-25 10:56:22 - [TEST_STEP][FAILED] - click: Unable to click on object 'Object Repository/Final Object Repo/Landing Page/Select to English' (Root cause: com.kms.katalon.core.webui.exception.WebElementNotFoundException: Web element with id: 'Object Repository/Final Object Repo/Landing Page/Select to English' located by 'By.xpath: //a[@class = 'taglib-language-list-text' and @lang = 'en-US' and (contains(text(), 'EN') or contains(., 'EN'))]' not found)

2018-11-25 10:57:00 - [MESSAGE][FAILED] - Unable to click on object 'Object Repository/Final Object Repo/Landing Page/Select to English' (Root cause: com.kms.katalon.core.webui.exception.WebElementNotFoundException: Web element with id: 'Object Repository/Final Object Repo/Landing Page/Select to English' located by 'By.xpath: //a[@class = 'taglib-language-list-text' and @lang = 'en-US' and (contains(text(), 'EN') or contains(., 'EN'))]' not found)
[[ATTACHMENT|C:\\Users\\Admin\\Desktop\\PKS\\Perkeso Phase A\\Reports\\Workflow\\Request SSN\\20181125_002205\\1543114620011.png]]

2018-11-25 10:57:00 - [TEST_STEP][PASSED] - delay: Delayed 2 second(s)

2018-11-25 10:57:02 - [MESSAGE][PASSED] - Delayed 2 second(s)

2018-11-25 10:57:02 - [TEST_STEP][PASSED] - delay: Delayed 3 second(s)

2018-11-25 10:57:05 - [MESSAGE][PASSED] - Delayed 3 second(s)

2018-11-25 10:57:05 - [TEST_STEP][PASSED] - mouseOver: Object: 'Object Repository/Final Object Repo/Landing Page/WorkFlow Menu' is hovered

2018-11-25 10:57:05 - [MESSAGE][PASSED] - Object: 'Object Repository/Final Object Repo/Landing Page/WorkFlow Menu' is hovered

2018-11-25 10:57:05 - [TEST_STEP][PASSED] - delay: Delayed 2 second(s)

2018-11-25 10:57:07 - [MESSAGE][PASSED] - Delayed 2 second(s)

2018-11-25 10:57:07 - [TEST_STEP][FAILED] - click: Unable to click on object 'Object Repository/Final Object Repo/Landing Page/Select to Workflow Listing' (Root cause: org.openqa.selenium.ElementNotVisibleException: element not interactable
  (Session info: chrome=70.0.3538.102)
  (Driver info: chromedriver=2.43.600210 (68dcf5eebde37173d4027fa8635e332711d2874a),platform=Windows NT 6.1.7601 SP1 x86_64) (WARNING: The server did not provide any stacktrace information)
Command duration or timeout: 0 milliseconds
Build info: version: '3.7.1', revision: '8a0099a', time: '2017-11-06T21:07:36.161Z'
System info: host: 'WIN7TEST02', ip: '10.20.3.72', os.name: 'Windows 7', os.arch: 'amd64', os.version: '6.1', java.version: '1.8.0_181'
Driver info: com.kms.katalon.selenium.driver.CChromeDriver
Capabilities {acceptInsecureCerts: false, acceptSslCerts: false, applicationCacheEnabled: false, browserConnectionEnabled: false, browserName: chrome, chrome: {chromedriverVersion: 2.43.600210 (68dcf5eebde371..., userDataDir: C:\Users\Admin\AppData\Loca...}, cssSelectorsEnabled: true, databaseEnabled: false, goog:chromeOptions: {debuggerAddress: localhost:57098}, handlesAlerts: true, hasTouchScreen: false, javascriptEnabled: true, locationContextEnabled: true, mobileEmulationEnabled: false, nativeEvents: true, networkConnectionEnabled: false, pageLoadStrategy: normal, platform: XP, platformName: XP, rotatable: false, setWindowRect: true, takesHeapSnapshot: true, takesScreenshot: true, unexpectedAlertBehaviour: , unhandledPromptBehavior: , version: 70.0.3538.102, webStorageEnabled: true}
Session ID: ed5160cb6ad2e1988da2587e0a8cbd9f)

2018-11-25 10:57:07 - [MESSAGE][FAILED] - Unable to click on object 'Object Repository/Final Object Repo/Landing Page/Select to Workflow Listing' (Root cause: org.openqa.selenium.ElementNotVisibleException: element not interactable
  (Session info: chrome=70.0.3538.102)
  (Driver info: chromedriver=2.43.600210 (68dcf5eebde37173d4027fa8635e332711d2874a),platform=Windows NT 6.1.7601 SP1 x86_64) (WARNING: The server did not provide any stacktrace information)
Command duration or timeout: 0 milliseconds
Build info: version: '3.7.1', revision: '8a0099a', time: '2017-11-06T21:07:36.161Z'
System info: host: 'WIN7TEST02', ip: '10.20.3.72', os.name: 'Windows 7', os.arch: 'amd64', os.version: '6.1', java.version: '1.8.0_181'
Driver info: com.kms.katalon.selenium.driver.CChromeDriver
Capabilities {acceptInsecureCerts: false, acceptSslCerts: false, applicationCacheEnabled: false, browserConnectionEnabled: false, browserName: chrome, chrome: {chromedriverVersion: 2.43.600210 (68dcf5eebde371..., userDataDir: C:\Users\Admin\AppData\Loca...}, cssSelectorsEnabled: true, databaseEnabled: false, goog:chromeOptions: {debuggerAddress: localhost:57098}, handlesAlerts: true, hasTouchScreen: false, javascriptEnabled: true, locationContextEnabled: true, mobileEmulationEnabled: false, nativeEvents: true, networkConnectionEnabled: false, pageLoadStrategy: normal, platform: XP, platformName: XP, rotatable: false, setWindowRect: true, takesHeapSnapshot: true, takesScreenshot: true, unexpectedAlertBehaviour: , unhandledPromptBehavior: , version: 70.0.3538.102, webStorageEnabled: true}
Session ID: ed5160cb6ad2e1988da2587e0a8cbd9f)
[[ATTACHMENT|C:\\Users\\Admin\\Desktop\\PKS\\Perkeso Phase A\\Reports\\Workflow\\Request SSN\\20181125_002205\\1543114627521.png]]

2018-11-25 10:57:07 - [TEST_STEP][PASSED] - delay: Delayed 2 second(s)

2018-11-25 10:57:09 - [MESSAGE][PASSED] - Delayed 2 second(s)

2018-11-25 10:57:09 - [TEST_STEP][FAILED] - click: Unable to click on object 'Object Repository/Final Object Repo/WorkFlow Listing Page/Search Information - To Put Ref No' (Root cause: com.kms.katalon.core.webui.exception.WebElementNotFoundException: Web element with id: 'Object Repository/Final Object Repo/WorkFlow Listing Page/Search Information - To Put Ref No' located by 'By.xpath: //h2[@data-target = '#_workflowlisting_WAR_baseportlet_searchDiv' and (text() = 'Search Information' or . = 'Search Information')]' not found)

2018-11-25 10:57:41 - [MESSAGE][FAILED] - Unable to click on object 'Object Repository/Final Object Repo/WorkFlow Listing Page/Search Information - To Put Ref No' (Root cause: com.kms.katalon.core.webui.exception.WebElementNotFoundException: Web element with id: 'Object Repository/Final Object Repo/WorkFlow Listing Page/Search Information - To Put Ref No' located by 'By.xpath: //h2[@data-target = '#_workflowlisting_WAR_baseportlet_searchDiv' and (text() = 'Search Information' or . = 'Search Information')]' not found)
[[ATTACHMENT|C:\\Users\\Admin\\Desktop\\PKS\\Perkeso Phase A\\Reports\\Workflow\\Request SSN\\20181125_002205\\1543114661125.png]]

2018-11-25 10:57:41 - [TEST_STEP][PASSED] - delay: Delayed 2 second(s)

2018-11-25 10:57:43 - [MESSAGE][PASSED] - Delayed 2 second(s)

2018-11-25 10:57:43 - [TEST_STEP][PASSED] - callTestCase: Call Test Case 'Test Cases/Final Aug 2018 - PKS Automation/Common/Reference Number Getter' successfully

2018-11-25 10:57:43 - [TEST_CASE][PASSED] - Test Cases/Final Aug 2018 - PKS Automation/Common/Reference Number Getter: Test Cases/Final Aug 2018 - PKS Automation/Common/Reference Number Getter

2018-11-25 10:57:43 - [TEST_STEP][PASSED] - Statement - Try: null

2018-11-25 10:57:43 - [TEST_STEP][PASSED] - Statement - RefNo = new java.io.File(C://Users//Admin//Desktop//PKS//Automation Reference Point//KatalonReference.txt): null

2018-11-25 10:57:43 - [TEST_STEP][PASSED] - Statement - bufferread = new java.io.BufferedReader(new java.io.FileReader(RefNo)): null

2018-11-25 10:57:43 - [TEST_STEP][PASSED] - Statement - readedVal = bufferread.readLine(): null

2018-11-25 10:57:43 - [TEST_STEP][PASSED] - Statement - out.println(CaseReferenceNo): null

2018-11-25 10:57:43 - [TEST_STEP][PASSED] - Statement - out.println(readedVal): null

2018-11-25 10:57:43 - [TEST_STEP][PASSED] - Statement - CaseReferenceNo = "": null

2018-11-25 10:57:43 - [TEST_STEP][PASSED] - Statement - CaseReferenceNo = readedVal: null

2018-11-25 10:57:43 - [MESSAGE][PASSED] - Call Test Case 'Test Cases/Final Aug 2018 - PKS Automation/Common/Reference Number Getter' successfully

2018-11-25 10:57:43 - [TEST_STEP][FAILED] - setText: Unable to set text 'SSN11201800001144' of object 'Object Repository/Final Object Repo/WorkFlow Listing Page/Ref No Set Text' (Root cause: com.kms.katalon.core.webui.exception.WebElementNotFoundException: Web element with id: 'Object Repository/Final Object Repo/WorkFlow Listing Page/Ref No Set Text' located by 'By.xpath: //input[@id = '_workflowlisting_WAR_baseportlet_dto.trxReferenceNum' and @name = '_workflowlisting_WAR_baseportlet_dto.trxReferenceNum' and @type = 'text']' not found)

2018-11-25 10:58:15 - [MESSAGE][FAILED] - Unable to set text 'SSN11201800001144' of object 'Object Repository/Final Object Repo/WorkFlow Listing Page/Ref No Set Text' (Root cause: com.kms.katalon.core.webui.exception.WebElementNotFoundException: Web element with id: 'Object Repository/Final Object Repo/WorkFlow Listing Page/Ref No Set Text' located by 'By.xpath: //input[@id = '_workflowlisting_WAR_baseportlet_dto.trxReferenceNum' and @name = '_workflowlisting_WAR_baseportlet_dto.trxReferenceNum' and @type = 'text']' not found)
[[ATTACHMENT|C:\\Users\\Admin\\Desktop\\PKS\\Perkeso Phase A\\Reports\\Workflow\\Request SSN\\20181125_002205\\1543114695192.png]]

2018-11-25 10:58:15 - [TEST_STEP][PASSED] - delay: Delayed 2 second(s)

2018-11-25 10:58:17 - [MESSAGE][PASSED] - Delayed 2 second(s)

2018-11-25 10:58:17 - [TEST_STEP][FAILED] - click: Unable to click on object 'Object Repository/Final Object Repo/WorkFlow Listing Page/Search Ref No Search Button' (Root cause: org.openqa.selenium.ElementNotVisibleException: element not interactable
  (Session info: chrome=70.0.3538.102)
  (Driver info: chromedriver=2.43.600210 (68dcf5eebde37173d4027fa8635e332711d2874a),platform=Windows NT 6.1.7601 SP1 x86_64) (WARNING: The server did not provide any stacktrace information)
Command duration or timeout: 0 milliseconds
Build info: version: '3.7.1', revision: '8a0099a', time: '2017-11-06T21:07:36.161Z'
System info: host: 'WIN7TEST02', ip: '10.20.3.72', os.name: 'Windows 7', os.arch: 'amd64', os.version: '6.1', java.version: '1.8.0_181'
Driver info: com.kms.katalon.selenium.driver.CChromeDriver
Capabilities {acceptInsecureCerts: false, acceptSslCerts: false, applicationCacheEnabled: false, browserConnectionEnabled: false, browserName: chrome, chrome: {chromedriverVersion: 2.43.600210 (68dcf5eebde371..., userDataDir: C:\Users\Admin\AppData\Loca...}, cssSelectorsEnabled: true, databaseEnabled: false, goog:chromeOptions: {debuggerAddress: localhost:57098}, handlesAlerts: true, hasTouchScreen: false, javascriptEnabled: true, locationContextEnabled: true, mobileEmulationEnabled: false, nativeEvents: true, networkConnectionEnabled: false, pageLoadStrategy: normal, platform: XP, platformName: XP, rotatable: false, setWindowRect: true, takesHeapSnapshot: true, takesScreenshot: true, unexpectedAlertBehaviour: , unhandledPromptBehavior: , version: 70.0.3538.102, webStorageEnabled: true}
Session ID: ed5160cb6ad2e1988da2587e0a8cbd9f)

2018-11-25 10:58:17 - [MESSAGE][FAILED] - Unable to click on object 'Object Repository/Final Object Repo/WorkFlow Listing Page/Search Ref No Search Button' (Root cause: org.openqa.selenium.ElementNotVisibleException: element not interactable
  (Session info: chrome=70.0.3538.102)
  (Driver info: chromedriver=2.43.600210 (68dcf5eebde37173d4027fa8635e332711d2874a),platform=Windows NT 6.1.7601 SP1 x86_64) (WARNING: The server did not provide any stacktrace information)
Command duration or timeout: 0 milliseconds
Build info: version: '3.7.1', revision: '8a0099a', time: '2017-11-06T21:07:36.161Z'
System info: host: 'WIN7TEST02', ip: '10.20.3.72', os.name: 'Windows 7', os.arch: 'amd64', os.version: '6.1', java.version: '1.8.0_181'
Driver info: com.kms.katalon.selenium.driver.CChromeDriver
Capabilities {acceptInsecureCerts: false, acceptSslCerts: false, applicationCacheEnabled: false, browserConnectionEnabled: false, browserName: chrome, chrome: {chromedriverVersion: 2.43.600210 (68dcf5eebde371..., userDataDir: C:\Users\Admin\AppData\Loca...}, cssSelectorsEnabled: true, databaseEnabled: false, goog:chromeOptions: {debuggerAddress: localhost:57098}, handlesAlerts: true, hasTouchScreen: false, javascriptEnabled: true, locationContextEnabled: true, mobileEmulationEnabled: false, nativeEvents: true, networkConnectionEnabled: false, pageLoadStrategy: normal, platform: XP, platformName: XP, rotatable: false, setWindowRect: true, takesHeapSnapshot: true, takesScreenshot: true, unexpectedAlertBehaviour: , unhandledPromptBehavior: , version: 70.0.3538.102, webStorageEnabled: true}
Session ID: ed5160cb6ad2e1988da2587e0a8cbd9f)
[[ATTACHMENT|C:\\Users\\Admin\\Desktop\\PKS\\Perkeso Phase A\\Reports\\Workflow\\Request SSN\\20181125_002205\\1543114697617.png]]

2018-11-25 10:58:17 - [TEST_STEP][PASSED] - delay: Delayed 4 second(s)

2018-11-25 10:58:21 - [MESSAGE][PASSED] - Delayed 4 second(s)

2018-11-25 10:58:21 - [TEST_STEP][PASSED] - click: Object: 'Object Repository/Final Object Repo/WorkFlow Listing Page/Click Continue Tooltip' is clicked on

2018-11-25 10:58:23 - [MESSAGE][PASSED] - Object: 'Object Repository/Final Object Repo/WorkFlow Listing Page/Click Continue Tooltip' is clicked on

2018-11-25 10:58:23 - [TEST_STEP][PASSED] - delay: Delayed 5 second(s)

2018-11-25 10:58:28 - [MESSAGE][PASSED] - Delayed 5 second(s)

2018-11-25 10:58:28 - [TEST_STEP][FAILED] - doubleClick: Unable to double click on object 'Object Repository/Final Object Repo/WorkFlow Listing Page/Workflow Found - Listing 1' (Root cause: com.kms.katalon.core.webui.exception.WebElementNotFoundException: Web element with id: 'Object Repository/Final Object Repo/WorkFlow Listing Page/Workflow Found - Listing 1' located by 'By.xpath: //body/div/div/div/div/div/div/div/div/div/div/div/div/div/div/div/div/table/tbody/tr/td[@class='table-cell  first']/following-sibling::td[1]' not found)

2018-11-25 10:58:59 - [MESSAGE][FAILED] - Unable to double click on object 'Object Repository/Final Object Repo/WorkFlow Listing Page/Workflow Found - Listing 1' (Root cause: com.kms.katalon.core.webui.exception.WebElementNotFoundException: Web element with id: 'Object Repository/Final Object Repo/WorkFlow Listing Page/Workflow Found - Listing 1' located by 'By.xpath: //body/div/div/div/div/div/div/div/div/div/div/div/div/div/div/div/div/table/tbody/tr/td[@class='table-cell  first']/following-sibling::td[1]' not found)
[[ATTACHMENT|C:\\Users\\Admin\\Desktop\\PKS\\Perkeso Phase A\\Reports\\Workflow\\Request SSN\\20181125_002205\\1543114739359.png]]

2018-11-25 10:58:59 - [MESSAGE][FAILED] - Unable to call Test Case with id 'Test Cases/Final Aug 2018 - PKS Automation/Common/Workflow Owner Finder' (Root cause: Call Test Case 'Test Cases/Final Aug 2018 - PKS Automation/Common/Workflow Owner Finder' failed)

2018-11-25 10:58:59 - [MESSAGE][FAILED] - Unable to call Test Case with id 'Test Cases/Final Aug 2018 - PKS Automation/Registration Module/Workflow/Request SSN/Template/Request SSN RIO - RO (Query)' (Root cause: Call Test Case 'Test Cases/Final Aug 2018 - PKS Automation/Registration Module/Workflow/Request SSN/Template/Request SSN RIO - RO (Query)' failed)]]></system-out>
         <system-err><![CDATA[2018-11-25 10:54:18 - [TEST_CASE][FAILED] - Test Cases/Final Aug 2018 - PKS Automation/Registration Module/Workflow/Request SSN/PKRBO - RIO - RO (Query): Test Cases/Final Aug 2018 - PKS Automation/Registration Module/Workflow/Request SSN/PKRBO - RIO - RO (Query) FAILED because (of) (Stack trace: com.kms.katalon.core.exception.StepFailedException: Unable to click on object 'Object Repository/Final Object Repo/Landing Page/Select to English' (Root cause: com.kms.katalon.core.webui.exception.WebElementNotFoundException: Web element with id: 'Object Repository/Final Object Repo/Landing Page/Select to English' located by 'By.xpath: //a[@class = 'taglib-language-list-text' and @lang = 'en-US' and (contains(text(), 'EN') or contains(., 'EN'))]' not found)
	at com.kms.katalon.core.keyword.internal.KeywordMain.stepFailed(KeywordMain.groovy:32)
	at com.kms.katalon.core.webui.keyword.internal.WebUIKeywordMain.stepFailed(WebUIKeywordMain.groovy:65)
	at com.kms.katalon.core.webui.keyword.internal.WebUIKeywordMain.runKeyword(WebUIKeywordMain.groovy:27)
	at com.kms.katalon.core.webui.keyword.builtin.ClickKeyword.click(ClickKeyword.groovy:86)
	at com.kms.katalon.core.webui.keyword.builtin.ClickKeyword.execute(ClickKeyword.groovy:67)
	at com.kms.katalon.core.keyword.internal.KeywordExecutor.executeKeywordForPlatform(KeywordExecutor.groovy:53)
	at com.kms.katalon.core.webui.keyword.WebUiBuiltInKeywords.click(WebUiBuiltInKeywords.groovy:604)
	at com.kms.katalon.core.webui.keyword.WebUiBuiltInKeywords$click$12.call(Unknown Source)
	at Script1534407542420.run(Script1534407542420.groovy:57)
	at com.kms.katalon.core.main.ScriptEngine.run(ScriptEngine.java:183)
	at com.kms.katalon.core.main.ScriptEngine.runScriptAsRawText(ScriptEngine.java:108)
	at com.kms.katalon.core.main.TestCaseExecutor.runScript(TestCaseExecutor.java:294)
	at com.kms.katalon.core.main.TestCaseExecutor.doExecute(TestCaseExecutor.java:285)
	at com.kms.katalon.core.main.TestCaseExecutor.processExecutionPhase(TestCaseExecutor.java:264)
	at com.kms.katalon.core.main.TestCaseExecutor.accessMainPhase(TestCaseExecutor.java:256)
	at com.kms.katalon.core.main.TestCaseExecutor.execute(TestCaseExecutor.java:200)
	at com.kms.katalon.core.main.TestCaseMain.runTestCase(TestCaseMain.java:99)
	at com.kms.katalon.core.keyword.builtin.CallTestCaseKeyword$_callTestCase_closure1.doCall(CallTestCaseKeyword.groovy:60)
	at com.kms.katalon.core.keyword.builtin.CallTestCaseKeyword$_callTestCase_closure1.call(CallTestCaseKeyword.groovy)
	at com.kms.katalon.core.keyword.internal.KeywordMain.runKeyword(KeywordMain.groovy:54)
	at com.kms.katalon.core.keyword.builtin.CallTestCaseKeyword.callTestCase(CallTestCaseKeyword.groovy:81)
	at com.kms.katalon.core.keyword.builtin.CallTestCaseKeyword.execute(CallTestCaseKeyword.groovy:45)
	at com.kms.katalon.core.keyword.internal.KeywordExecutor.executeKeywordForPlatform(KeywordExecutor.groovy:53)
	at com.kms.katalon.core.keyword.BuiltinKeywords.callTestCase(BuiltinKeywords.groovy:334)
	at sun.reflect.GeneratedMethodAccessor13.invoke(Unknown Source)
	at sun.reflect.DelegatingMethodAccessorImpl.invoke(DelegatingMethodAccessorImpl.java:43)
	at java.lang.reflect.Method.invoke(Method.java:498)
	at org.codehaus.groovy.reflection.CachedMethod.invoke(CachedMethod.java:93)
	at groovy.lang.MetaMethod.doMethodInvoke(MetaMethod.java:325)
	at groovy.lang.MetaClassImpl.invokeStaticMethod(MetaClassImpl.java:1469)
	at org.codehaus.groovy.runtime.callsite.StaticMetaClassSite.call(StaticMetaClassSite.java:53)
	at org.codehaus.groovy.runtime.callsite.AbstractCallSite.call(AbstractCallSite.java:141)
	at Script1537866031818.run(Script1537866031818.groovy:33)
	at com.kms.katalon.core.main.ScriptEngine.run(ScriptEngine.java:183)
	at com.kms.katalon.core.main.ScriptEngine.runScriptAsRawText(ScriptEngine.java:108)
	at com.kms.katalon.core.main.TestCaseExecutor.runScript(TestCaseExecutor.java:294)
	at com.kms.katalon.core.main.TestCaseExecutor.doExecute(TestCaseExecutor.java:285)
	at com.kms.katalon.core.main.TestCaseExecutor.processExecutionPhase(TestCaseExecutor.java:264)
	at com.kms.katalon.core.main.TestCaseExecutor.accessMainPhase(TestCaseExecutor.java:256)
	at com.kms.katalon.core.main.TestCaseExecutor.execute(TestCaseExecutor.java:200)
	at com.kms.katalon.core.main.TestCaseMain.runTestCase(TestCaseMain.java:99)
	at com.kms.katalon.core.keyword.builtin.CallTestCaseKeyword$_callTestCase_closure1.doCall(CallTestCaseKeyword.groovy:60)
	at com.kms.katalon.core.keyword.builtin.CallTestCaseKeyword$_callTestCase_closure1.call(CallTestCaseKeyword.groovy)
	at com.kms.katalon.core.keyword.internal.KeywordMain.runKeyword(KeywordMain.groovy:54)
	at com.kms.katalon.core.keyword.builtin.CallTestCaseKeyword.callTestCase(CallTestCaseKeyword.groovy:81)
	at com.kms.katalon.core.keyword.builtin.CallTestCaseKeyword.execute(CallTestCaseKeyword.groovy:45)
	at com.kms.katalon.core.keyword.internal.KeywordExecutor.executeKeywordForPlatform(KeywordExecutor.groovy:53)
	at com.kms.katalon.core.keyword.BuiltinKeywords.callTestCase(BuiltinKeywords.groovy:334)
	at sun.reflect.GeneratedMethodAccessor13.invoke(Unknown Source)
	at sun.reflect.DelegatingMethodAccessorImpl.invoke(DelegatingMethodAccessorImpl.java:43)
	at java.lang.reflect.Method.invoke(Method.java:498)
	at org.codehaus.groovy.reflection.CachedMethod.invoke(CachedMethod.java:93)
	at groovy.lang.MetaMethod.doMethodInvoke(MetaMethod.java:325)
	at groovy.lang.MetaClassImpl.invokeStaticMethod(MetaClassImpl.java:1469)
	at org.codehaus.groovy.runtime.callsite.StaticMetaClassSite.call(StaticMetaClassSite.java:53)
	at org.codehaus.groovy.runtime.callsite.CallSiteArray.defaultCall(CallSiteArray.java:48)
	at org.codehaus.groovy.runtime.callsite.AbstractCallSite.call(AbstractCallSite.java:113)
	at org.codehaus.groovy.runtime.callsite.AbstractCallSite.call(AbstractCallSite.java:141)
	at Script1536300508627.run(Script1536300508627.groovy:24)
	at com.kms.katalon.core.main.ScriptEngine.run(ScriptEngine.java:183)
	at com.kms.katalon.core.main.ScriptEngine.runScriptAsRawText(ScriptEngine.java:108)
	at com.kms.katalon.core.main.TestCaseExecutor.runScript(TestCaseExecutor.java:294)
	at com.kms.katalon.core.main.TestCaseExecutor.doExecute(TestCaseExecutor.java:285)
	at com.kms.katalon.core.main.TestCaseExecutor.processExecutionPhase(TestCaseExecutor.java:264)
	at com.kms.katalon.core.main.TestCaseExecutor.accessMainPhase(TestCaseExecutor.java:256)
	at com.kms.katalon.core.main.TestCaseExecutor.execute(TestCaseExecutor.java:200)
	at com.kms.katalon.core.main.TestSuiteExecutor.accessTestCaseMainPhase(TestSuiteExecutor.java:129)
	at com.kms.katalon.core.main.TestSuiteExecutor.accessTestSuiteMainPhase(TestSuiteExecutor.java:112)
	at com.kms.katalon.core.main.TestSuiteExecutor.execute(TestSuiteExecutor.java:81)
	at com.kms.katalon.core.main.TestCaseMain.startTestSuite(TestCaseMain.java:142)
	at com.kms.katalon.core.main.TestCaseMain$startTestSuite$0.call(Unknown Source)
	at org.codehaus.groovy.runtime.callsite.CallSiteArray.defaultCall(CallSiteArray.java:48)
	at org.codehaus.groovy.runtime.callsite.AbstractCallSite.call(AbstractCallSite.java:113)
	at org.codehaus.groovy.runtime.callsite.AbstractCallSite.call(AbstractCallSite.java:141)
	at TempTestSuite1543076525606.run(TempTestSuite1543076525606.groovy:36)
	at groovy.lang.GroovyShell.runScriptOrMainOrTestOrRunnable(GroovyShell.java:263)
	at groovy.lang.GroovyShell.run(GroovyShell.java:518)
	at groovy.lang.GroovyShell.run(GroovyShell.java:507)
	at groovy.ui.GroovyMain.processOnce(GroovyMain.java:653)
	at groovy.ui.GroovyMain.run(GroovyMain.java:384)
	at groovy.ui.GroovyMain.process(GroovyMain.java:370)
	at groovy.ui.GroovyMain.processArgs(GroovyMain.java:129)
	at groovy.ui.GroovyMain.main(GroovyMain.java:109)
	at sun.reflect.NativeMethodAccessorImpl.invoke0(Native Method)
	at sun.reflect.NativeMethodAccessorImpl.invoke(NativeMethodAccessorImpl.java:62)
	at sun.reflect.DelegatingMethodAccessorImpl.invoke(DelegatingMethodAccessorImpl.java:43)
	at java.lang.reflect.Method.invoke(Method.java:498)
	at org.codehaus.groovy.tools.GroovyStarter.rootLoader(GroovyStarter.java:109)
	at org.codehaus.groovy.tools.GroovyStarter.main(GroovyStarter.java:131)
)]]></system-err>
      </testcase>
      <testcase name="Test Cases/Final Aug 2018 - PKS Automation/Registration Module/Workflow/Request SSN/PKRBO - RIO - RO (Under enforcement)" classname="Test Cases/Final Aug 2018 - PKS Automation/Registration Module/Workflow/Request SSN/PKRBO - RIO - RO (Under enforcement)" status="FAILED">
         <failure type="FAILED" message="(Stack trace: com.kms.katalon.core.exception.StepFailedException: Unable to click on object 'Object Repository/Final Object Repo/Landing Page/Select to Workflow Listing' (Root cause: org.openqa.selenium.ElementNotVisibleException: element not interactable
  (Session info: chrome=70.0.3538.102)
  (Driver info: chromedriver=2.43.600210 (68dcf5eebde37173d4027fa8635e332711d2874a),platform=Windows NT 6.1.7601 SP1 x86_64) (WARNING: The server did not provide any stacktrace information)
Command duration or timeout: 0 milliseconds
Build info: version: '3.7.1', revision: '8a0099a', time: '2017-11-06T21:07:36.161Z'
System info: host: 'WIN7TEST02', ip: '10.20.3.72', os.name: 'Windows 7', os.arch: 'amd64', os.version: '6.1', java.version: '1.8.0_181'
Driver info: com.kms.katalon.selenium.driver.CChromeDriver
Capabilities {acceptInsecureCerts: false, acceptSslCerts: false, applicationCacheEnabled: false, browserConnectionEnabled: false, browserName: chrome, chrome: {chromedriverVersion: 2.43.600210 (68dcf5eebde371..., userDataDir: C:\Users\Admin\AppData\Loca...}, cssSelectorsEnabled: true, databaseEnabled: false, goog:chromeOptions: {debuggerAddress: localhost:57165}, handlesAlerts: true, hasTouchScreen: false, javascriptEnabled: true, locationContextEnabled: true, mobileEmulationEnabled: false, nativeEvents: true, networkConnectionEnabled: false, pageLoadStrategy: normal, platform: XP, platformName: XP, rotatable: false, setWindowRect: true, takesHeapSnapshot: true, takesScreenshot: true, unexpectedAlertBehaviour: , unhandledPromptBehavior: , version: 70.0.3538.102, webStorageEnabled: true}
Session ID: 3cf6c9f61e7785300c4c79f3d299dbb6)
	at com.kms.katalon.core.keyword.internal.KeywordMain.stepFailed(KeywordMain.groovy:32)
	at com.kms.katalon.core.webui.keyword.internal.WebUIKeywordMain.stepFailed(WebUIKeywordMain.groovy:65)
	at com.kms.katalon.core.webui.keyword.internal.WebUIKeywordMain.runKeyword(WebUIKeywordMain.groovy:27)
	at com.kms.katalon.core.webui.keyword.builtin.ClickKeyword.click(ClickKeyword.groovy:86)
	at com.kms.katalon.core.webui.keyword.builtin.ClickKeyword.execute(ClickKeyword.groovy:67)
	at com.kms.katalon.core.keyword.internal.KeywordExecutor.executeKeywordForPlatform(KeywordExecutor.groovy:53)
	at com.kms.katalon.core.webui.keyword.WebUiBuiltInKeywords.click(WebUiBuiltInKeywords.groovy:616)
	at com.kms.katalon.core.webui.keyword.WebUiBuiltInKeywords$click$2.call(Unknown Source)
	at Script1534407542420.run(Script1534407542420.groovy:73)
	at com.kms.katalon.core.main.ScriptEngine.run(ScriptEngine.java:183)
	at com.kms.katalon.core.main.ScriptEngine.runScriptAsRawText(ScriptEngine.java:108)
	at com.kms.katalon.core.main.TestCaseExecutor.runScript(TestCaseExecutor.java:294)
	at com.kms.katalon.core.main.TestCaseExecutor.doExecute(TestCaseExecutor.java:285)
	at com.kms.katalon.core.main.TestCaseExecutor.processExecutionPhase(TestCaseExecutor.java:264)
	at com.kms.katalon.core.main.TestCaseExecutor.accessMainPhase(TestCaseExecutor.java:256)
	at com.kms.katalon.core.main.TestCaseExecutor.execute(TestCaseExecutor.java:200)
	at com.kms.katalon.core.main.TestCaseMain.runTestCase(TestCaseMain.java:99)
	at com.kms.katalon.core.keyword.builtin.CallTestCaseKeyword$_callTestCase_closure1.doCall(CallTestCaseKeyword.groovy:60)
	at com.kms.katalon.core.keyword.builtin.CallTestCaseKeyword$_callTestCase_closure1.call(CallTestCaseKeyword.groovy)
	at com.kms.katalon.core.keyword.internal.KeywordMain.runKeyword(KeywordMain.groovy:54)
	at com.kms.katalon.core.keyword.builtin.CallTestCaseKeyword.callTestCase(CallTestCaseKeyword.groovy:81)
	at com.kms.katalon.core.keyword.builtin.CallTestCaseKeyword.execute(CallTestCaseKeyword.groovy:45)
	at com.kms.katalon.core.keyword.internal.KeywordExecutor.executeKeywordForPlatform(KeywordExecutor.groovy:53)
	at com.kms.katalon.core.keyword.BuiltinKeywords.callTestCase(BuiltinKeywords.groovy:334)
	at sun.reflect.GeneratedMethodAccessor13.invoke(Unknown Source)
	at sun.reflect.DelegatingMethodAccessorImpl.invoke(DelegatingMethodAccessorImpl.java:43)
	at java.lang.reflect.Method.invoke(Method.java:498)
	at org.codehaus.groovy.reflection.CachedMethod.invoke(CachedMethod.java:93)
	at groovy.lang.MetaMethod.doMethodInvoke(MetaMethod.java:325)
	at groovy.lang.MetaClassImpl.invokeStaticMethod(MetaClassImpl.java:1469)
	at org.codehaus.groovy.runtime.callsite.StaticMetaClassSite.call(StaticMetaClassSite.java:53)
	at org.codehaus.groovy.runtime.callsite.AbstractCallSite.call(AbstractCallSite.java:141)
	at Script1537866016330.run(Script1537866016330.groovy:33)
	at com.kms.katalon.core.main.ScriptEngine.run(ScriptEngine.java:183)
	at com.kms.katalon.core.main.ScriptEngine.runScriptAsRawText(ScriptEngine.java:108)
	at com.kms.katalon.core.main.TestCaseExecutor.runScript(TestCaseExecutor.java:294)
	at com.kms.katalon.core.main.TestCaseExecutor.doExecute(TestCaseExecutor.java:285)
	at com.kms.katalon.core.main.TestCaseExecutor.processExecutionPhase(TestCaseExecutor.java:264)
	at com.kms.katalon.core.main.TestCaseExecutor.accessMainPhase(TestCaseExecutor.java:256)
	at com.kms.katalon.core.main.TestCaseExecutor.execute(TestCaseExecutor.java:200)
	at com.kms.katalon.core.main.TestCaseMain.runTestCase(TestCaseMain.java:99)
	at com.kms.katalon.core.keyword.builtin.CallTestCaseKeyword$_callTestCase_closure1.doCall(CallTestCaseKeyword.groovy:60)
	at com.kms.katalon.core.keyword.builtin.CallTestCaseKeyword$_callTestCase_closure1.call(CallTestCaseKeyword.groovy)
	at com.kms.katalon.core.keyword.internal.KeywordMain.runKeyword(KeywordMain.groovy:54)
	at com.kms.katalon.core.keyword.builtin.CallTestCaseKeyword.callTestCase(CallTestCaseKeyword.groovy:81)
	at com.kms.katalon.core.keyword.builtin.CallTestCaseKeyword.execute(CallTestCaseKeyword.groovy:45)
	at com.kms.katalon.core.keyword.internal.KeywordExecutor.executeKeywordForPlatform(KeywordExecutor.groovy:53)
	at com.kms.katalon.core.keyword.BuiltinKeywords.callTestCase(BuiltinKeywords.groovy:334)
	at sun.reflect.GeneratedMethodAccessor13.invoke(Unknown Source)
	at sun.reflect.DelegatingMethodAccessorImpl.invoke(DelegatingMethodAccessorImpl.java:43)
	at java.lang.reflect.Method.invoke(Method.java:498)
	at org.codehaus.groovy.reflection.CachedMethod.invoke(CachedMethod.java:93)
	at groovy.lang.MetaMethod.doMethodInvoke(MetaMethod.java:325)
	at groovy.lang.MetaClassImpl.invokeStaticMethod(MetaClassImpl.java:1469)
	at org.codehaus.groovy.runtime.callsite.StaticMetaClassSite.call(StaticMetaClassSite.java:53)
	at org.codehaus.groovy.runtime.callsite.CallSiteArray.defaultCall(CallSiteArray.java:48)
	at org.codehaus.groovy.runtime.callsite.AbstractCallSite.call(AbstractCallSite.java:113)
	at org.codehaus.groovy.runtime.callsite.AbstractCallSite.call(AbstractCallSite.java:141)
	at Script1536300508633.run(Script1536300508633.groovy:24)
	at com.kms.katalon.core.main.ScriptEngine.run(ScriptEngine.java:183)
	at com.kms.katalon.core.main.ScriptEngine.runScriptAsRawText(ScriptEngine.java:108)
	at com.kms.katalon.core.main.TestCaseExecutor.runScript(TestCaseExecutor.java:294)
	at com.kms.katalon.core.main.TestCaseExecutor.doExecute(TestCaseExecutor.java:285)
	at com.kms.katalon.core.main.TestCaseExecutor.processExecutionPhase(TestCaseExecutor.java:264)
	at com.kms.katalon.core.main.TestCaseExecutor.accessMainPhase(TestCaseExecutor.java:256)
	at com.kms.katalon.core.main.TestCaseExecutor.execute(TestCaseExecutor.java:200)
	at com.kms.katalon.core.main.TestSuiteExecutor.accessTestCaseMainPhase(TestSuiteExecutor.java:129)
	at com.kms.katalon.core.main.TestSuiteExecutor.accessTestSuiteMainPhase(TestSuiteExecutor.java:112)
	at com.kms.katalon.core.main.TestSuiteExecutor.execute(TestSuiteExecutor.java:81)
	at com.kms.katalon.core.main.TestCaseMain.startTestSuite(TestCaseMain.java:142)
	at com.kms.katalon.core.main.TestCaseMain$startTestSuite$0.call(Unknown Source)
	at org.codehaus.groovy.runtime.callsite.CallSiteArray.defaultCall(CallSiteArray.java:48)
	at org.codehaus.groovy.runtime.callsite.AbstractCallSite.call(AbstractCallSite.java:113)
	at org.codehaus.groovy.runtime.callsite.AbstractCallSite.call(AbstractCallSite.java:141)
	at TempTestSuite1543076525606.run(TempTestSuite1543076525606.groovy:36)
	at groovy.lang.GroovyShell.runScriptOrMainOrTestOrRunnable(GroovyShell.java:263)
	at groovy.lang.GroovyShell.run(GroovyShell.java:518)
	at groovy.lang.GroovyShell.run(GroovyShell.java:507)
	at groovy.ui.GroovyMain.processOnce(GroovyMain.java:653)
	at groovy.ui.GroovyMain.run(GroovyMain.java:384)
	at groovy.ui.GroovyMain.process(GroovyMain.java:370)
	at groovy.ui.GroovyMain.processArgs(GroovyMain.java:129)
	at groovy.ui.GroovyMain.main(GroovyMain.java:109)
	at sun.reflect.NativeMethodAccessorImpl.invoke0(Native Method)
	at sun.reflect.NativeMethodAccessorImpl.invoke(NativeMethodAccessorImpl.java:62)
	at sun.reflect.DelegatingMethodAccessorImpl.invoke(DelegatingMethodAccessorImpl.java:43)
	at java.lang.reflect.Method.invoke(Method.java:498)
	at org.codehaus.groovy.tools.GroovyStarter.rootLoader(GroovyStarter.java:109)
	at org.codehaus.groovy.tools.GroovyStarter.main(GroovyStarter.java:131)
)"/>
         <system-out><![CDATA[2018-11-25 10:58:59 - [TEST_CASE][FAILED] - Test Cases/Final Aug 2018 - PKS Automation/Registration Module/Workflow/Request SSN/PKRBO - RIO - RO (Under enforcement): Test Cases/Final Aug 2018 - PKS Automation/Registration Module/Workflow/Request SSN/PKRBO - RIO - RO (Under enforcement) FAILED because (of) (Stack trace: com.kms.katalon.core.exception.StepFailedException: Unable to click on object 'Object Repository/Final Object Repo/Landing Page/Select to Workflow Listing' (Root cause: org.openqa.selenium.ElementNotVisibleException: element not interactable
  (Session info: chrome=70.0.3538.102)
  (Driver info: chromedriver=2.43.600210 (68dcf5eebde37173d4027fa8635e332711d2874a),platform=Windows NT 6.1.7601 SP1 x86_64) (WARNING: The server did not provide any stacktrace information)
Command duration or timeout: 0 milliseconds
Build info: version: '3.7.1', revision: '8a0099a', time: '2017-11-06T21:07:36.161Z'
System info: host: 'WIN7TEST02', ip: '10.20.3.72', os.name: 'Windows 7', os.arch: 'amd64', os.version: '6.1', java.version: '1.8.0_181'
Driver info: com.kms.katalon.selenium.driver.CChromeDriver
Capabilities {acceptInsecureCerts: false, acceptSslCerts: false, applicationCacheEnabled: false, browserConnectionEnabled: false, browserName: chrome, chrome: {chromedriverVersion: 2.43.600210 (68dcf5eebde371..., userDataDir: C:\Users\Admin\AppData\Loca...}, cssSelectorsEnabled: true, databaseEnabled: false, goog:chromeOptions: {debuggerAddress: localhost:57165}, handlesAlerts: true, hasTouchScreen: false, javascriptEnabled: true, locationContextEnabled: true, mobileEmulationEnabled: false, nativeEvents: true, networkConnectionEnabled: false, pageLoadStrategy: normal, platform: XP, platformName: XP, rotatable: false, setWindowRect: true, takesHeapSnapshot: true, takesScreenshot: true, unexpectedAlertBehaviour: , unhandledPromptBehavior: , version: 70.0.3538.102, webStorageEnabled: true}
Session ID: 3cf6c9f61e7785300c4c79f3d299dbb6)
	at com.kms.katalon.core.keyword.internal.KeywordMain.stepFailed(KeywordMain.groovy:32)
	at com.kms.katalon.core.webui.keyword.internal.WebUIKeywordMain.stepFailed(WebUIKeywordMain.groovy:65)
	at com.kms.katalon.core.webui.keyword.internal.WebUIKeywordMain.runKeyword(WebUIKeywordMain.groovy:27)
	at com.kms.katalon.core.webui.keyword.builtin.ClickKeyword.click(ClickKeyword.groovy:86)
	at com.kms.katalon.core.webui.keyword.builtin.ClickKeyword.execute(ClickKeyword.groovy:67)
	at com.kms.katalon.core.keyword.internal.KeywordExecutor.executeKeywordForPlatform(KeywordExecutor.groovy:53)
	at com.kms.katalon.core.webui.keyword.WebUiBuiltInKeywords.click(WebUiBuiltInKeywords.groovy:616)
	at com.kms.katalon.core.webui.keyword.WebUiBuiltInKeywords$click$2.call(Unknown Source)
	at Script1534407542420.run(Script1534407542420.groovy:73)
	at com.kms.katalon.core.main.ScriptEngine.run(ScriptEngine.java:183)
	at com.kms.katalon.core.main.ScriptEngine.runScriptAsRawText(ScriptEngine.java:108)
	at com.kms.katalon.core.main.TestCaseExecutor.runScript(TestCaseExecutor.java:294)
	at com.kms.katalon.core.main.TestCaseExecutor.doExecute(TestCaseExecutor.java:285)
	at com.kms.katalon.core.main.TestCaseExecutor.processExecutionPhase(TestCaseExecutor.java:264)
	at com.kms.katalon.core.main.TestCaseExecutor.accessMainPhase(TestCaseExecutor.java:256)
	at com.kms.katalon.core.main.TestCaseExecutor.execute(TestCaseExecutor.java:200)
	at com.kms.katalon.core.main.TestCaseMain.runTestCase(TestCaseMain.java:99)
	at com.kms.katalon.core.keyword.builtin.CallTestCaseKeyword$_callTestCase_closure1.doCall(CallTestCaseKeyword.groovy:60)
	at com.kms.katalon.core.keyword.builtin.CallTestCaseKeyword$_callTestCase_closure1.call(CallTestCaseKeyword.groovy)
	at com.kms.katalon.core.keyword.internal.KeywordMain.runKeyword(KeywordMain.groovy:54)
	at com.kms.katalon.core.keyword.builtin.CallTestCaseKeyword.callTestCase(CallTestCaseKeyword.groovy:81)
	at com.kms.katalon.core.keyword.builtin.CallTestCaseKeyword.execute(CallTestCaseKeyword.groovy:45)
	at com.kms.katalon.core.keyword.internal.KeywordExecutor.executeKeywordForPlatform(KeywordExecutor.groovy:53)
	at com.kms.katalon.core.keyword.BuiltinKeywords.callTestCase(BuiltinKeywords.groovy:334)
	at sun.reflect.GeneratedMethodAccessor13.invoke(Unknown Source)
	at sun.reflect.DelegatingMethodAccessorImpl.invoke(DelegatingMethodAccessorImpl.java:43)
	at java.lang.reflect.Method.invoke(Method.java:498)
	at org.codehaus.groovy.reflection.CachedMethod.invoke(CachedMethod.java:93)
	at groovy.lang.MetaMethod.doMethodInvoke(MetaMethod.java:325)
	at groovy.lang.MetaClassImpl.invokeStaticMethod(MetaClassImpl.java:1469)
	at org.codehaus.groovy.runtime.callsite.StaticMetaClassSite.call(StaticMetaClassSite.java:53)
	at org.codehaus.groovy.runtime.callsite.AbstractCallSite.call(AbstractCallSite.java:141)
	at Script1537866016330.run(Script1537866016330.groovy:33)
	at com.kms.katalon.core.main.ScriptEngine.run(ScriptEngine.java:183)
	at com.kms.katalon.core.main.ScriptEngine.runScriptAsRawText(ScriptEngine.java:108)
	at com.kms.katalon.core.main.TestCaseExecutor.runScript(TestCaseExecutor.java:294)
	at com.kms.katalon.core.main.TestCaseExecutor.doExecute(TestCaseExecutor.java:285)
	at com.kms.katalon.core.main.TestCaseExecutor.processExecutionPhase(TestCaseExecutor.java:264)
	at com.kms.katalon.core.main.TestCaseExecutor.accessMainPhase(TestCaseExecutor.java:256)
	at com.kms.katalon.core.main.TestCaseExecutor.execute(TestCaseExecutor.java:200)
	at com.kms.katalon.core.main.TestCaseMain.runTestCase(TestCaseMain.java:99)
	at com.kms.katalon.core.keyword.builtin.CallTestCaseKeyword$_callTestCase_closure1.doCall(CallTestCaseKeyword.groovy:60)
	at com.kms.katalon.core.keyword.builtin.CallTestCaseKeyword$_callTestCase_closure1.call(CallTestCaseKeyword.groovy)
	at com.kms.katalon.core.keyword.internal.KeywordMain.runKeyword(KeywordMain.groovy:54)
	at com.kms.katalon.core.keyword.builtin.CallTestCaseKeyword.callTestCase(CallTestCaseKeyword.groovy:81)
	at com.kms.katalon.core.keyword.builtin.CallTestCaseKeyword.execute(CallTestCaseKeyword.groovy:45)
	at com.kms.katalon.core.keyword.internal.KeywordExecutor.executeKeywordForPlatform(KeywordExecutor.groovy:53)
	at com.kms.katalon.core.keyword.BuiltinKeywords.callTestCase(BuiltinKeywords.groovy:334)
	at sun.reflect.GeneratedMethodAccessor13.invoke(Unknown Source)
	at sun.reflect.DelegatingMethodAccessorImpl.invoke(DelegatingMethodAccessorImpl.java:43)
	at java.lang.reflect.Method.invoke(Method.java:498)
	at org.codehaus.groovy.reflection.CachedMethod.invoke(CachedMethod.java:93)
	at groovy.lang.MetaMethod.doMethodInvoke(MetaMethod.java:325)
	at groovy.lang.MetaClassImpl.invokeStaticMethod(MetaClassImpl.java:1469)
	at org.codehaus.groovy.runtime.callsite.StaticMetaClassSite.call(StaticMetaClassSite.java:53)
	at org.codehaus.groovy.runtime.callsite.CallSiteArray.defaultCall(CallSiteArray.java:48)
	at org.codehaus.groovy.runtime.callsite.AbstractCallSite.call(AbstractCallSite.java:113)
	at org.codehaus.groovy.runtime.callsite.AbstractCallSite.call(AbstractCallSite.java:141)
	at Script1536300508633.run(Script1536300508633.groovy:24)
	at com.kms.katalon.core.main.ScriptEngine.run(ScriptEngine.java:183)
	at com.kms.katalon.core.main.ScriptEngine.runScriptAsRawText(ScriptEngine.java:108)
	at com.kms.katalon.core.main.TestCaseExecutor.runScript(TestCaseExecutor.java:294)
	at com.kms.katalon.core.main.TestCaseExecutor.doExecute(TestCaseExecutor.java:285)
	at com.kms.katalon.core.main.TestCaseExecutor.processExecutionPhase(TestCaseExecutor.java:264)
	at com.kms.katalon.core.main.TestCaseExecutor.accessMainPhase(TestCaseExecutor.java:256)
	at com.kms.katalon.core.main.TestCaseExecutor.execute(TestCaseExecutor.java:200)
	at com.kms.katalon.core.main.TestSuiteExecutor.accessTestCaseMainPhase(TestSuiteExecutor.java:129)
	at com.kms.katalon.core.main.TestSuiteExecutor.accessTestSuiteMainPhase(TestSuiteExecutor.java:112)
	at com.kms.katalon.core.main.TestSuiteExecutor.execute(TestSuiteExecutor.java:81)
	at com.kms.katalon.core.main.TestCaseMain.startTestSuite(TestCaseMain.java:142)
	at com.kms.katalon.core.main.TestCaseMain$startTestSuite$0.call(Unknown Source)
	at org.codehaus.groovy.runtime.callsite.CallSiteArray.defaultCall(CallSiteArray.java:48)
	at org.codehaus.groovy.runtime.callsite.AbstractCallSite.call(AbstractCallSite.java:113)
	at org.codehaus.groovy.runtime.callsite.AbstractCallSite.call(AbstractCallSite.java:141)
	at TempTestSuite1543076525606.run(TempTestSuite1543076525606.groovy:36)
	at groovy.lang.GroovyShell.runScriptOrMainOrTestOrRunnable(GroovyShell.java:263)
	at groovy.lang.GroovyShell.run(GroovyShell.java:518)
	at groovy.lang.GroovyShell.run(GroovyShell.java:507)
	at groovy.ui.GroovyMain.processOnce(GroovyMain.java:653)
	at groovy.ui.GroovyMain.run(GroovyMain.java:384)
	at groovy.ui.GroovyMain.process(GroovyMain.java:370)
	at groovy.ui.GroovyMain.processArgs(GroovyMain.java:129)
	at groovy.ui.GroovyMain.main(GroovyMain.java:109)
	at sun.reflect.NativeMethodAccessorImpl.invoke0(Native Method)
	at sun.reflect.NativeMethodAccessorImpl.invoke(NativeMethodAccessorImpl.java:62)
	at sun.reflect.DelegatingMethodAccessorImpl.invoke(DelegatingMethodAccessorImpl.java:43)
	at java.lang.reflect.Method.invoke(Method.java:498)
	at org.codehaus.groovy.tools.GroovyStarter.rootLoader(GroovyStarter.java:109)
	at org.codehaus.groovy.tools.GroovyStarter.main(GroovyStarter.java:131)
)

2018-11-25 10:59:00 - [TEST_STEP][PASSED] - callTestCase: Call Test Case 'Test Cases/Final Aug 2018 - PKS Automation/Registration Module/Workflow/Request SSN/Template/Request SSN - PKRBO' successfully

2018-11-25 10:59:00 - [TEST_CASE][PASSED] - Test Cases/Final Aug 2018 - PKS Automation/Registration Module/Workflow/Request SSN/Template/Request SSN - PKRBO: Test Cases/Final Aug 2018 - PKS Automation/Registration Module/Workflow/Request SSN/Template/Request SSN - PKRBO

2018-11-25 10:59:00 - [TEST_STEP][PASSED] - openBrowser: Browser is opened with url: ''

2018-11-25 10:59:00 - [MESSAGE][WARNING] - A browser is already opened. Closing browser and opening a new one

2018-11-25 10:59:04 - [MESSAGE][PASSED] - Browser is opened with url: ''

2018-11-25 10:59:04 - [TEST_STEP][PASSED] - navigateToUrl: Navigate to 'https://assist2-uat.perkeso.gov.my/login' successfully

2018-11-25 10:59:05 - [MESSAGE][PASSED] - Navigate to 'https://assist2-uat.perkeso.gov.my/login' successfully

2018-11-25 10:59:05 - [TEST_STEP][PASSED] - setText: Text 'johorpkrbo1@gmail.com' is set on object 'Object Repository/Final Object Repo/Login Page/Internal User/Email Address'

2018-11-25 10:59:05 - [MESSAGE][PASSED] - Text 'johorpkrbo1@gmail.com' is set on object 'Object Repository/Final Object Repo/Login Page/Internal User/Email Address'

2018-11-25 10:59:05 - [TEST_STEP][PASSED] - click: Object: 'Object Repository/Final Object Repo/Login Page/Internal User/Next Button' is clicked on

2018-11-25 10:59:05 - [MESSAGE][PASSED] - Object: 'Object Repository/Final Object Repo/Login Page/Internal User/Next Button' is clicked on

2018-11-25 10:59:05 - [TEST_STEP][PASSED] - delay: Delayed 1 second(s)

2018-11-25 10:59:06 - [MESSAGE][PASSED] - Delayed 1 second(s)

2018-11-25 10:59:06 - [TEST_STEP][PASSED] - setEncryptedText: Text ****** has been set on object 'Object Repository/Final Object Repo/Login Page/Internal User/Password'

2018-11-25 10:59:06 - [MESSAGE][PASSED] - Text ****** has been set on object 'Object Repository/Final Object Repo/Login Page/Internal User/Password'

2018-11-25 10:59:06 - [TEST_STEP][PASSED] - click: Object: 'Object Repository/Final Object Repo/Login Page/Internal User/Login Button' is clicked on

2018-11-25 10:59:07 - [MESSAGE][PASSED] - Object: 'Object Repository/Final Object Repo/Login Page/Internal User/Login Button' is clicked on

2018-11-25 10:59:07 - [TEST_STEP][PASSED] - delay: Delayed 1 second(s)

2018-11-25 10:59:08 - [MESSAGE][PASSED] - Delayed 1 second(s)

2018-11-25 10:59:08 - [TEST_STEP][PASSED] - navigateToUrl: Navigate to 'https://assist2-uat.perkeso.gov.my/web/registration/request-ssn' successfully

2018-11-25 10:59:13 - [MESSAGE][PASSED] - Navigate to 'https://assist2-uat.perkeso.gov.my/web/registration/request-ssn' successfully

2018-11-25 10:59:13 - [TEST_STEP][PASSED] - setText: Text 'perkeso' is set on object 'Object Repository/Final Object Repo/Page_Request SSN - ASSIST/AI - Name'

2018-11-25 10:59:14 - [MESSAGE][PASSED] - Text 'perkeso' is set on object 'Object Repository/Final Object Repo/Page_Request SSN - ASSIST/AI - Name'

2018-11-25 10:59:14 - [TEST_STEP][PASSED] - click: Object: 'Object Repository/Final Object Repo/Page_Request SSN - ASSIST/AI - DOB' is clicked on

2018-11-25 10:59:14 - [MESSAGE][PASSED] - Object: 'Object Repository/Final Object Repo/Page_Request SSN - ASSIST/AI - DOB' is clicked on

2018-11-25 10:59:14 - [TEST_STEP][PASSED] - selectOptionByValue: All options with value '1995' are selected in object 'Object Repository/Final Object Repo/Page_Request SSN - ASSIST/AI - DOB - Year' 

2018-11-25 10:59:14 - [MESSAGE][PASSED] - All options with value '1995' are selected in object 'Object Repository/Final Object Repo/Page_Request SSN - ASSIST/AI - DOB - Year' 

2018-11-25 10:59:14 - [TEST_STEP][PASSED] - delay: Delayed 3 second(s)

2018-11-25 10:59:17 - [MESSAGE][PASSED] - Delayed 3 second(s)

2018-11-25 10:59:17 - [TEST_STEP][PASSED] - doubleClick: Object: 'Object Repository/Final Object Repo/Page_Request SSN - ASSIST/AI - DOB - Year - Date' is double clicked on

2018-11-25 10:59:17 - [MESSAGE][PASSED] - Object: 'Object Repository/Final Object Repo/Page_Request SSN - ASSIST/AI - DOB - Year - Date' is double clicked on

2018-11-25 10:59:17 - [TEST_STEP][PASSED] - click: Object: 'Object Repository/Final Object Repo/Page_Request SSN - ASSIST/AI - Male' is clicked on

2018-11-25 10:59:18 - [MESSAGE][PASSED] - Object: 'Object Repository/Final Object Repo/Page_Request SSN - ASSIST/AI - Male' is clicked on

2018-11-25 10:59:18 - [TEST_STEP][PASSED] - click: Object: 'Object Repository/Final Object Repo/Page_Request SSN - ASSIST/AI- Race' is clicked on

2018-11-25 10:59:18 - [MESSAGE][PASSED] - Object: 'Object Repository/Final Object Repo/Page_Request SSN - ASSIST/AI- Race' is clicked on

2018-11-25 10:59:18 - [TEST_STEP][PASSED] - click: Object: 'Object Repository/Final Object Repo/Page_Request SSN - ASSIST/AI - Race - Melayu' is clicked on

2018-11-25 10:59:18 - [MESSAGE][PASSED] - Object: 'Object Repository/Final Object Repo/Page_Request SSN - ASSIST/AI - Race - Melayu' is clicked on

2018-11-25 10:59:18 - [TEST_STEP][PASSED] - click: Object: 'Object Repository/Final Object Repo/Page_Request SSN - ASSIST/AI - Religion' is clicked on

2018-11-25 10:59:18 - [MESSAGE][PASSED] - Object: 'Object Repository/Final Object Repo/Page_Request SSN - ASSIST/AI - Religion' is clicked on

2018-11-25 10:59:18 - [TEST_STEP][PASSED] - click: Object: 'Object Repository/Final Object Repo/Page_Request SSN - ASSIST/AI - Religion - Islam' is clicked on

2018-11-25 10:59:18 - [MESSAGE][PASSED] - Object: 'Object Repository/Final Object Repo/Page_Request SSN - ASSIST/AI - Religion - Islam' is clicked on

2018-11-25 10:59:18 - [TEST_STEP][PASSED] - setText: Text '12345' is set on object 'Object Repository/Final Object Repo/Page_Request SSN - ASSIST/AI - Birth Certificate'

2018-11-25 10:59:19 - [MESSAGE][PASSED] - Text '12345' is set on object 'Object Repository/Final Object Repo/Page_Request SSN - ASSIST/AI - Birth Certificate'

2018-11-25 10:59:19 - [TEST_STEP][PASSED] - click: Object: 'Object Repository/Final Object Repo/Page_Request SSN - ASSIST/AI - Nationality' is clicked on

2018-11-25 10:59:19 - [MESSAGE][PASSED] - Object: 'Object Repository/Final Object Repo/Page_Request SSN - ASSIST/AI - Nationality' is clicked on

2018-11-25 10:59:19 - [TEST_STEP][PASSED] - click: Object: 'Object Repository/Final Object Repo/Page_Request SSN - ASSIST/AI - Nationality - Afghanistan' is clicked on

2018-11-25 10:59:19 - [MESSAGE][PASSED] - Object: 'Object Repository/Final Object Repo/Page_Request SSN - ASSIST/AI - Nationality - Afghanistan' is clicked on

2018-11-25 10:59:19 - [TEST_STEP][PASSED] - setText: Text 'PERKESO ADDRESS1' is set on object 'Object Repository/Final Object Repo/Page_Request SSN - ASSIST/AI - Address1'

2018-11-25 10:59:21 - [MESSAGE][PASSED] - Text 'PERKESO ADDRESS1' is set on object 'Object Repository/Final Object Repo/Page_Request SSN - ASSIST/AI - Address1'

2018-11-25 10:59:21 - [TEST_STEP][PASSED] - setText: Text 'PERKESO ADDRESS2' is set on object 'Object Repository/Final Object Repo/Page_Request SSN - ASSIST/AI - Address2'

2018-11-25 10:59:22 - [MESSAGE][PASSED] - Text 'PERKESO ADDRESS2' is set on object 'Object Repository/Final Object Repo/Page_Request SSN - ASSIST/AI - Address2'

2018-11-25 10:59:22 - [TEST_STEP][PASSED] - setText: Text 'PERKESO ADDRESS3' is set on object 'Object Repository/Final Object Repo/Page_Request SSN - ASSIST/AI - Address3'

2018-11-25 10:59:23 - [MESSAGE][PASSED] - Text 'PERKESO ADDRESS3' is set on object 'Object Repository/Final Object Repo/Page_Request SSN - ASSIST/AI - Address3'

2018-11-25 10:59:23 - [TEST_STEP][PASSED] - click: Object: 'Object Repository/Final Object Repo/Page_Request SSN - ASSIST/AI - State' is clicked on

2018-11-25 10:59:23 - [MESSAGE][PASSED] - Object: 'Object Repository/Final Object Repo/Page_Request SSN - ASSIST/AI - State' is clicked on

2018-11-25 10:59:23 - [TEST_STEP][PASSED] - click: Object: 'Object Repository/Final Object Repo/Page_Request SSN - ASSIST/AI - Current Employer State - Johor' is clicked on

2018-11-25 10:59:24 - [MESSAGE][PASSED] - Object: 'Object Repository/Final Object Repo/Page_Request SSN - ASSIST/AI - Current Employer State - Johor' is clicked on

2018-11-25 10:59:24 - [TEST_STEP][PASSED] - click: Object: 'Object Repository/Final Object Repo/Page_Request SSN - ASSIST/AI - City' is clicked on

2018-11-25 10:59:24 - [MESSAGE][PASSED] - Object: 'Object Repository/Final Object Repo/Page_Request SSN - ASSIST/AI - City' is clicked on

2018-11-25 10:59:24 - [TEST_STEP][PASSED] - setText: Text 'JOH' is set on object 'Object Repository/Final Object Repo/Page_Request SSN - ASSIST/AI - City - JOH'

2018-11-25 10:59:24 - [MESSAGE][PASSED] - Text 'JOH' is set on object 'Object Repository/Final Object Repo/Page_Request SSN - ASSIST/AI - City - JOH'

2018-11-25 10:59:24 - [TEST_STEP][PASSED] - delay: Delayed 3 second(s)

2018-11-25 10:59:27 - [MESSAGE][PASSED] - Delayed 3 second(s)

2018-11-25 10:59:27 - [TEST_STEP][PASSED] - click: Object: 'Object Repository/Final Object Repo/Page_Request SSN - ASSIST/AI - City - Johor Bharu' is clicked on

2018-11-25 10:59:28 - [MESSAGE][PASSED] - Object: 'Object Repository/Final Object Repo/Page_Request SSN - ASSIST/AI - City - Johor Bharu' is clicked on

2018-11-25 10:59:28 - [TEST_STEP][PASSED] - click: Object: 'Object Repository/Final Object Repo/Page_Request SSN - ASSIST/AI - Post Code' is clicked on

2018-11-25 10:59:28 - [MESSAGE][PASSED] - Object: 'Object Repository/Final Object Repo/Page_Request SSN - ASSIST/AI - Post Code' is clicked on

2018-11-25 10:59:28 - [TEST_STEP][PASSED] - setText: Text '810' is set on object 'Object Repository/Final Object Repo/Page_Request SSN - ASSIST/AI - City - JOH'

2018-11-25 10:59:28 - [MESSAGE][PASSED] - Text '810' is set on object 'Object Repository/Final Object Repo/Page_Request SSN - ASSIST/AI - City - JOH'

2018-11-25 10:59:28 - [TEST_STEP][PASSED] - delay: Delayed 3 second(s)

2018-11-25 10:59:31 - [MESSAGE][PASSED] - Delayed 3 second(s)

2018-11-25 10:59:31 - [TEST_STEP][PASSED] - click: Object: 'Object Repository/Final Object Repo/Page_Request SSN - ASSIST/AI - PostCode - 81000' is clicked on

2018-11-25 10:59:32 - [MESSAGE][PASSED] - Object: 'Object Repository/Final Object Repo/Page_Request SSN - ASSIST/AI - PostCode - 81000' is clicked on

2018-11-25 10:59:32 - [TEST_STEP][PASSED] - setText: Text '100' is set on object 'Object Repository/Final Object Repo/Page_Request SSN - ASSIST/P.O.BOX'

2018-11-25 10:59:32 - [MESSAGE][PASSED] - Text '100' is set on object 'Object Repository/Final Object Repo/Page_Request SSN - ASSIST/P.O.BOX'

2018-11-25 10:59:32 - [TEST_STEP][PASSED] - setText: Text '100' is set on object 'Object Repository/Final Object Repo/Page_Request SSN - ASSIST/Locked Bag No'

2018-11-25 10:59:33 - [MESSAGE][PASSED] - Text '100' is set on object 'Object Repository/Final Object Repo/Page_Request SSN - ASSIST/Locked Bag No'

2018-11-25 10:59:33 - [TEST_STEP][PASSED] - delay: Delayed 2 second(s)

2018-11-25 10:59:35 - [MESSAGE][PASSED] - Delayed 2 second(s)

2018-11-25 10:59:35 - [TEST_STEP][PASSED] - setText: Text '123456789' is set on object 'Object Repository/Final Object Repo/Page_Request SSN - ASSIST/AI - Telephone No'

2018-11-25 10:59:35 - [MESSAGE][PASSED] - Text '123456789' is set on object 'Object Repository/Final Object Repo/Page_Request SSN - ASSIST/AI - Telephone No'

2018-11-25 10:59:35 - [TEST_STEP][PASSED] - click: Object: 'Object Repository/Final Object Repo/Page_Request SSN - ASSIST/AI - Occupation' is clicked on

2018-11-25 10:59:36 - [MESSAGE][PASSED] - Object: 'Object Repository/Final Object Repo/Page_Request SSN - ASSIST/AI - Occupation' is clicked on

2018-11-25 10:59:36 - [TEST_STEP][PASSED] - click: Object: 'Object Repository/Final Object Repo/Page_Request SSN - ASSIST/AI - Occupation - NUMERICAL AND MATERIAL R' is clicked on

2018-11-25 10:59:36 - [MESSAGE][PASSED] - Object: 'Object Repository/Final Object Repo/Page_Request SSN - ASSIST/AI - Occupation - NUMERICAL AND MATERIAL R' is clicked on

2018-11-25 10:59:36 - [TEST_STEP][PASSED] - delay: Delayed 2 second(s)

2018-11-25 10:59:38 - [MESSAGE][PASSED] - Delayed 2 second(s)

2018-11-25 10:59:38 - [TEST_STEP][PASSED] - click: Object: 'Object Repository/Final Object Repo/Page_Request SSN - ASSIST/AI - Sub Occupation' is clicked on

2018-11-25 10:59:38 - [MESSAGE][PASSED] - Object: 'Object Repository/Final Object Repo/Page_Request SSN - ASSIST/AI - Sub Occupation' is clicked on

2018-11-25 10:59:38 - [TEST_STEP][PASSED] - click: Object: 'Object Repository/Final Object Repo/Page_Request SSN - ASSIST/AI - Sub Occupation - Stock Clerks' is clicked on

2018-11-25 10:59:38 - [MESSAGE][PASSED] - Object: 'Object Repository/Final Object Repo/Page_Request SSN - ASSIST/AI - Sub Occupation - Stock Clerks' is clicked on

2018-11-25 10:59:38 - [TEST_STEP][PASSED] - delay: Delayed 2 second(s)

2018-11-25 10:59:40 - [MESSAGE][PASSED] - Delayed 2 second(s)

2018-11-25 10:59:40 - [TEST_STEP][PASSED] - click: Object: 'Object Repository/Final Object Repo/Page_Request SSN - ASSIST/AI - Sub Occupation List' is clicked on

2018-11-25 10:59:41 - [MESSAGE][PASSED] - Object: 'Object Repository/Final Object Repo/Page_Request SSN - ASSIST/AI - Sub Occupation List' is clicked on

2018-11-25 10:59:41 - [TEST_STEP][PASSED] - click: Object: 'Object Repository/Final Object Repo/Page_Request SSN - ASSIST/AI - Sub Occupation List - Clerk raw material' is clicked on

2018-11-25 10:59:41 - [MESSAGE][PASSED] - Object: 'Object Repository/Final Object Repo/Page_Request SSN - ASSIST/AI - Sub Occupation List - Clerk raw material' is clicked on

2018-11-25 10:59:41 - [TEST_STEP][PASSED] - click: Object: 'Object Repository/Final Object Repo/Page_Request SSN - ASSIST/AI - Employment Start Date' is clicked on

2018-11-25 10:59:41 - [MESSAGE][PASSED] - Object: 'Object Repository/Final Object Repo/Page_Request SSN - ASSIST/AI - Employment Start Date' is clicked on

2018-11-25 10:59:41 - [TEST_STEP][PASSED] - click: Object: 'Object Repository/Final Object Repo/Page_Request SSN - ASSIST/AI - DOB - Year - Date' is clicked on

2018-11-25 10:59:41 - [MESSAGE][PASSED] - Object: 'Object Repository/Final Object Repo/Page_Request SSN - ASSIST/AI - DOB - Year - Date' is clicked on

2018-11-25 10:59:41 - [TEST_STEP][PASSED] - setText: Text 'perkeso' is set on object 'Object Repository/Final Object Repo/Page_Request SSN - ASSIST/AI - Current Employer Name'

2018-11-25 10:59:42 - [MESSAGE][PASSED] - Text 'perkeso' is set on object 'Object Repository/Final Object Repo/Page_Request SSN - ASSIST/AI - Current Employer Name'

2018-11-25 10:59:42 - [TEST_STEP][PASSED] - setText: Text 'perkeso1' is set on object 'Object Repository/Final Object Repo/Page_Request SSN - ASSIST/AI - Current Employer Address1'

2018-11-25 10:59:43 - [MESSAGE][PASSED] - Text 'perkeso1' is set on object 'Object Repository/Final Object Repo/Page_Request SSN - ASSIST/AI - Current Employer Address1'

2018-11-25 10:59:43 - [TEST_STEP][PASSED] - setText: Text 'perkeso2' is set on object 'Object Repository/Final Object Repo/Page_Request SSN - ASSIST/AI - Current Employer Address2'

2018-11-25 10:59:44 - [MESSAGE][PASSED] - Text 'perkeso2' is set on object 'Object Repository/Final Object Repo/Page_Request SSN - ASSIST/AI - Current Employer Address2'

2018-11-25 10:59:44 - [TEST_STEP][PASSED] - setText: Text 'perkeso3' is set on object 'Object Repository/Final Object Repo/Page_Request SSN - ASSIST/AI - Current Employer Address3'

2018-11-25 10:59:44 - [MESSAGE][PASSED] - Text 'perkeso3' is set on object 'Object Repository/Final Object Repo/Page_Request SSN - ASSIST/AI - Current Employer Address3'

2018-11-25 10:59:44 - [TEST_STEP][PASSED] - click: Object: 'Object Repository/Final Object Repo/Page_Request SSN - ASSIST/AI - Current Employer State' is clicked on

2018-11-25 10:59:45 - [MESSAGE][PASSED] - Object: 'Object Repository/Final Object Repo/Page_Request SSN - ASSIST/AI - Current Employer State' is clicked on

2018-11-25 10:59:45 - [TEST_STEP][PASSED] - click: Object: 'Object Repository/Final Object Repo/Page_Request SSN - ASSIST/AI - Current Employer State - Johor 1' is clicked on

2018-11-25 10:59:45 - [MESSAGE][PASSED] - Object: 'Object Repository/Final Object Repo/Page_Request SSN - ASSIST/AI - Current Employer State - Johor 1' is clicked on

2018-11-25 10:59:45 - [TEST_STEP][PASSED] - click: Object: 'Object Repository/Final Object Repo/Page_Request SSN - ASSIST/AI - Current Employer City' is clicked on

2018-11-25 10:59:45 - [MESSAGE][PASSED] - Object: 'Object Repository/Final Object Repo/Page_Request SSN - ASSIST/AI - Current Employer City' is clicked on

2018-11-25 10:59:45 - [TEST_STEP][PASSED] - setText: Text 'joh' is set on object 'Object Repository/Final Object Repo/Page_Request SSN - ASSIST/AI - City - JOH'

2018-11-25 10:59:45 - [MESSAGE][PASSED] - Text 'joh' is set on object 'Object Repository/Final Object Repo/Page_Request SSN - ASSIST/AI - City - JOH'

2018-11-25 10:59:45 - [TEST_STEP][PASSED] - delay: Delayed 2 second(s)

2018-11-25 10:59:47 - [MESSAGE][PASSED] - Delayed 2 second(s)

2018-11-25 10:59:47 - [TEST_STEP][PASSED] - click: Object: 'Object Repository/Final Object Repo/Page_Request SSN - ASSIST/AI - City - Johor Bharu' is clicked on

2018-11-25 10:59:48 - [MESSAGE][PASSED] - Object: 'Object Repository/Final Object Repo/Page_Request SSN - ASSIST/AI - City - Johor Bharu' is clicked on

2018-11-25 10:59:48 - [TEST_STEP][PASSED] - click: Object: 'Object Repository/Final Object Repo/Page_Request SSN - ASSIST/AI - Current Employer Postcode' is clicked on

2018-11-25 10:59:48 - [MESSAGE][PASSED] - Object: 'Object Repository/Final Object Repo/Page_Request SSN - ASSIST/AI - Current Employer Postcode' is clicked on

2018-11-25 10:59:48 - [TEST_STEP][PASSED] - setText: Text '810' is set on object 'Object Repository/Final Object Repo/Page_Request SSN - ASSIST/AI - City - JOH'

2018-11-25 10:59:49 - [MESSAGE][PASSED] - Text '810' is set on object 'Object Repository/Final Object Repo/Page_Request SSN - ASSIST/AI - City - JOH'

2018-11-25 10:59:49 - [TEST_STEP][PASSED] - delay: Delayed 2 second(s)

2018-11-25 10:59:51 - [MESSAGE][PASSED] - Delayed 2 second(s)

2018-11-25 10:59:51 - [TEST_STEP][PASSED] - click: Object: 'Object Repository/Final Object Repo/Page_Request SSN - ASSIST/AI - PostCode - 81000' is clicked on

2018-11-25 10:59:51 - [MESSAGE][PASSED] - Object: 'Object Repository/Final Object Repo/Page_Request SSN - ASSIST/AI - PostCode - 81000' is clicked on

2018-11-25 10:59:51 - [TEST_STEP][NOT_RUN] - setText: NOT_RUN: setText

2018-11-25 10:59:51 - [MESSAGE][NOT_RUN] - NOT_RUN: setText

2018-11-25 10:59:51 - [TEST_STEP][NOT_RUN] - setText: NOT_RUN: setText

2018-11-25 10:59:51 - [MESSAGE][NOT_RUN] - NOT_RUN: setText

2018-11-25 10:59:51 - [TEST_STEP][NOT_RUN] - click: NOT_RUN: click

2018-11-25 10:59:51 - [MESSAGE][NOT_RUN] - NOT_RUN: click

2018-11-25 10:59:51 - [TEST_STEP][NOT_RUN] - click: NOT_RUN: click

2018-11-25 10:59:51 - [MESSAGE][NOT_RUN] - NOT_RUN: click

2018-11-25 10:59:51 - [TEST_STEP][NOT_RUN] - setText: NOT_RUN: setText

2018-11-25 10:59:51 - [MESSAGE][NOT_RUN] - NOT_RUN: setText

2018-11-25 10:59:51 - [TEST_STEP][NOT_RUN] - click: NOT_RUN: click

2018-11-25 10:59:51 - [MESSAGE][NOT_RUN] - NOT_RUN: click

2018-11-25 10:59:51 - [TEST_STEP][NOT_RUN] - click: NOT_RUN: click

2018-11-25 10:59:51 - [MESSAGE][NOT_RUN] - NOT_RUN: click

2018-11-25 10:59:51 - [TEST_STEP][NOT_RUN] - click: NOT_RUN: click

2018-11-25 10:59:51 - [MESSAGE][NOT_RUN] - NOT_RUN: click

2018-11-25 10:59:51 - [TEST_STEP][NOT_RUN] - click: NOT_RUN: click

2018-11-25 10:59:51 - [MESSAGE][NOT_RUN] - NOT_RUN: click

2018-11-25 10:59:51 - [TEST_STEP][NOT_RUN] - click: NOT_RUN: click

2018-11-25 10:59:51 - [MESSAGE][NOT_RUN] - NOT_RUN: click

2018-11-25 10:59:51 - [TEST_STEP][NOT_RUN] - click: NOT_RUN: click

2018-11-25 10:59:51 - [MESSAGE][NOT_RUN] - NOT_RUN: click

2018-11-25 10:59:51 - [TEST_STEP][NOT_RUN] - setText: NOT_RUN: setText

2018-11-25 10:59:51 - [MESSAGE][NOT_RUN] - NOT_RUN: setText

2018-11-25 10:59:51 - [TEST_STEP][NOT_RUN] - setText: NOT_RUN: setText

2018-11-25 10:59:51 - [MESSAGE][NOT_RUN] - NOT_RUN: setText

2018-11-25 10:59:51 - [TEST_STEP][NOT_RUN] - setText: NOT_RUN: setText

2018-11-25 10:59:51 - [MESSAGE][NOT_RUN] - NOT_RUN: setText

2018-11-25 10:59:51 - [TEST_STEP][NOT_RUN] - click: NOT_RUN: click

2018-11-25 10:59:51 - [MESSAGE][NOT_RUN] - NOT_RUN: click

2018-11-25 10:59:51 - [TEST_STEP][NOT_RUN] - click: NOT_RUN: click

2018-11-25 10:59:51 - [MESSAGE][NOT_RUN] - NOT_RUN: click

2018-11-25 10:59:51 - [TEST_STEP][NOT_RUN] - click: NOT_RUN: click

2018-11-25 10:59:51 - [MESSAGE][NOT_RUN] - NOT_RUN: click

2018-11-25 10:59:51 - [TEST_STEP][NOT_RUN] - setText: NOT_RUN: setText

2018-11-25 10:59:51 - [MESSAGE][NOT_RUN] - NOT_RUN: setText

2018-11-25 10:59:51 - [TEST_STEP][NOT_RUN] - delay: NOT_RUN: delay

2018-11-25 10:59:51 - [MESSAGE][NOT_RUN] - NOT_RUN: delay

2018-11-25 10:59:51 - [TEST_STEP][NOT_RUN] - click: NOT_RUN: click

2018-11-25 10:59:51 - [MESSAGE][NOT_RUN] - NOT_RUN: click

2018-11-25 10:59:51 - [TEST_STEP][NOT_RUN] - click: NOT_RUN: click

2018-11-25 10:59:51 - [MESSAGE][NOT_RUN] - NOT_RUN: click

2018-11-25 10:59:51 - [TEST_STEP][NOT_RUN] - click: NOT_RUN: click

2018-11-25 10:59:51 - [MESSAGE][NOT_RUN] - NOT_RUN: click

2018-11-25 10:59:51 - [TEST_STEP][NOT_RUN] - setText: NOT_RUN: setText

2018-11-25 10:59:51 - [MESSAGE][NOT_RUN] - NOT_RUN: setText

2018-11-25 10:59:51 - [TEST_STEP][NOT_RUN] - delay: NOT_RUN: delay

2018-11-25 10:59:51 - [MESSAGE][NOT_RUN] - NOT_RUN: delay

2018-11-25 10:59:51 - [TEST_STEP][NOT_RUN] - click: NOT_RUN: click

2018-11-25 10:59:51 - [MESSAGE][NOT_RUN] - NOT_RUN: click

2018-11-25 10:59:51 - [TEST_STEP][NOT_RUN] - delay: NOT_RUN: delay

2018-11-25 10:59:51 - [MESSAGE][NOT_RUN] - NOT_RUN: delay

2018-11-25 10:59:51 - [TEST_STEP][NOT_RUN] - setText: NOT_RUN: setText

2018-11-25 10:59:51 - [MESSAGE][NOT_RUN] - NOT_RUN: setText

2018-11-25 10:59:51 - [TEST_STEP][NOT_RUN] - setText: NOT_RUN: setText

2018-11-25 10:59:51 - [MESSAGE][NOT_RUN] - NOT_RUN: setText

2018-11-25 10:59:51 - [TEST_STEP][NOT_RUN] - setText: NOT_RUN: setText

2018-11-25 10:59:51 - [MESSAGE][NOT_RUN] - NOT_RUN: setText

2018-11-25 10:59:51 - [TEST_STEP][NOT_RUN] - click: NOT_RUN: click

2018-11-25 10:59:51 - [MESSAGE][NOT_RUN] - NOT_RUN: click

2018-11-25 10:59:51 - [TEST_STEP][NOT_RUN] - click: NOT_RUN: click

2018-11-25 10:59:51 - [MESSAGE][NOT_RUN] - NOT_RUN: click

2018-11-25 10:59:51 - [TEST_STEP][NOT_RUN] - setText: NOT_RUN: setText

2018-11-25 10:59:51 - [MESSAGE][NOT_RUN] - NOT_RUN: setText

2018-11-25 10:59:51 - [TEST_STEP][NOT_RUN] - click: NOT_RUN: click

2018-11-25 10:59:51 - [MESSAGE][NOT_RUN] - NOT_RUN: click

2018-11-25 10:59:51 - [TEST_STEP][NOT_RUN] - click: NOT_RUN: click

2018-11-25 10:59:51 - [MESSAGE][NOT_RUN] - NOT_RUN: click

2018-11-25 10:59:51 - [TEST_STEP][NOT_RUN] - click: NOT_RUN: click

2018-11-25 10:59:51 - [MESSAGE][NOT_RUN] - NOT_RUN: click

2018-11-25 10:59:51 - [TEST_STEP][NOT_RUN] - click: NOT_RUN: click

2018-11-25 10:59:51 - [MESSAGE][NOT_RUN] - NOT_RUN: click

2018-11-25 10:59:51 - [TEST_STEP][NOT_RUN] - click: NOT_RUN: click

2018-11-25 10:59:51 - [MESSAGE][NOT_RUN] - NOT_RUN: click

2018-11-25 10:59:51 - [TEST_STEP][NOT_RUN] - click: NOT_RUN: click

2018-11-25 10:59:51 - [MESSAGE][NOT_RUN] - NOT_RUN: click

2018-11-25 10:59:51 - [TEST_STEP][NOT_RUN] - setText: NOT_RUN: setText

2018-11-25 10:59:51 - [MESSAGE][NOT_RUN] - NOT_RUN: setText

2018-11-25 10:59:51 - [TEST_STEP][NOT_RUN] - setText: NOT_RUN: setText

2018-11-25 10:59:51 - [MESSAGE][NOT_RUN] - NOT_RUN: setText

2018-11-25 10:59:51 - [TEST_STEP][NOT_RUN] - setText: NOT_RUN: setText

2018-11-25 10:59:51 - [MESSAGE][NOT_RUN] - NOT_RUN: setText

2018-11-25 10:59:51 - [TEST_STEP][NOT_RUN] - click: NOT_RUN: click

2018-11-25 10:59:51 - [MESSAGE][NOT_RUN] - NOT_RUN: click

2018-11-25 10:59:51 - [TEST_STEP][NOT_RUN] - click: NOT_RUN: click

2018-11-25 10:59:51 - [MESSAGE][NOT_RUN] - NOT_RUN: click

2018-11-25 10:59:51 - [TEST_STEP][NOT_RUN] - click: NOT_RUN: click

2018-11-25 10:59:51 - [MESSAGE][NOT_RUN] - NOT_RUN: click

2018-11-25 10:59:51 - [TEST_STEP][NOT_RUN] - delay: NOT_RUN: delay

2018-11-25 10:59:51 - [MESSAGE][NOT_RUN] - NOT_RUN: delay

2018-11-25 10:59:51 - [TEST_STEP][NOT_RUN] - setText: NOT_RUN: setText

2018-11-25 10:59:51 - [MESSAGE][NOT_RUN] - NOT_RUN: setText

2018-11-25 10:59:51 - [TEST_STEP][NOT_RUN] - delay: NOT_RUN: delay

2018-11-25 10:59:51 - [MESSAGE][NOT_RUN] - NOT_RUN: delay

2018-11-25 10:59:51 - [TEST_STEP][NOT_RUN] - click: NOT_RUN: click

2018-11-25 10:59:51 - [MESSAGE][NOT_RUN] - NOT_RUN: click

2018-11-25 10:59:51 - [TEST_STEP][NOT_RUN] - doubleClick: NOT_RUN: doubleClick

2018-11-25 10:59:51 - [MESSAGE][NOT_RUN] - NOT_RUN: doubleClick

2018-11-25 10:59:51 - [TEST_STEP][NOT_RUN] - click: NOT_RUN: click

2018-11-25 10:59:51 - [MESSAGE][NOT_RUN] - NOT_RUN: click

2018-11-25 10:59:51 - [TEST_STEP][NOT_RUN] - setText: NOT_RUN: setText

2018-11-25 10:59:51 - [MESSAGE][NOT_RUN] - NOT_RUN: setText

2018-11-25 10:59:51 - [TEST_STEP][NOT_RUN] - delay: NOT_RUN: delay

2018-11-25 10:59:51 - [MESSAGE][NOT_RUN] - NOT_RUN: delay

2018-11-25 10:59:51 - [TEST_STEP][NOT_RUN] - click: NOT_RUN: click

2018-11-25 10:59:51 - [MESSAGE][NOT_RUN] - NOT_RUN: click

2018-11-25 10:59:51 - [TEST_STEP][NOT_RUN] - delay: NOT_RUN: delay

2018-11-25 10:59:51 - [MESSAGE][NOT_RUN] - NOT_RUN: delay

2018-11-25 10:59:51 - [TEST_STEP][NOT_RUN] - setText: NOT_RUN: setText

2018-11-25 10:59:51 - [MESSAGE][NOT_RUN] - NOT_RUN: setText

2018-11-25 10:59:51 - [TEST_STEP][PASSED] - click: Object: 'Object Repository/Final Object Repo/Page_Request SSN - ASSIST/Save  Continue' is clicked on

2018-11-25 10:59:51 - [MESSAGE][PASSED] - Object: 'Object Repository/Final Object Repo/Page_Request SSN - ASSIST/Save  Continue' is clicked on

2018-11-25 10:59:51 - [TEST_STEP][PASSED] - delay: Delayed 3 second(s)

2018-11-25 10:59:54 - [MESSAGE][PASSED] - Delayed 3 second(s)

2018-11-25 10:59:54 - [TEST_STEP][PASSED] - Statement - CaseReferenceNo = com.kms.katalon.core.webui.keyword.WebUiBuiltInKeywords.getText(com.kms.katalon.core.testobject.ObjectRepository.findTestObject(Final Object Repo/Page_Request SSN - ASSIST/Reference Number in Uploading Page)): Text of object 'Object Repository/Final Object Repo/Page_Request SSN - ASSIST/Reference Number in Uploading Page' is: 'SSN11201800001145'

2018-11-25 10:59:54 - [MESSAGE][PASSED] - Text of object 'Object Repository/Final Object Repo/Page_Request SSN - ASSIST/Reference Number in Uploading Page' is: 'SSN11201800001145'

2018-11-25 10:59:54 - [TEST_STEP][PASSED] - callTestCase: Call Test Case 'Test Cases/Final Aug 2018 - PKS Automation/Common/Reference Number Setter' successfully

2018-11-25 10:59:54 - [TEST_CASE][PASSED] - Test Cases/Final Aug 2018 - PKS Automation/Common/Reference Number Setter: Test Cases/Final Aug 2018 - PKS Automation/Common/Reference Number Setter

2018-11-25 10:59:54 - [TEST_STEP][PASSED] - Statement - RefNoOldFile = new java.io.File(C://Users//Admin//Desktop//PKS//Automation Reference Point//KatalonReference.txt): null

2018-11-25 10:59:54 - [TEST_STEP][PASSED] - Statement - RefNoOldFile.delete(): null

2018-11-25 10:59:54 - [TEST_STEP][PASSED] - delay: Delayed 5 second(s)

2018-11-25 10:59:59 - [MESSAGE][PASSED] - Delayed 5 second(s)

2018-11-25 10:59:59 - [TEST_STEP][PASSED] - Statement - RefNo = new java.io.File(C://Users//Admin//Desktop//PKS//Automation Reference Point//KatalonReference.txt): null

2018-11-25 10:59:59 - [TEST_STEP][PASSED] - Statement - f2 = new java.io.FileWriter(RefNo, false): null

2018-11-25 10:59:59 - [TEST_STEP][PASSED] - Statement - f2.write(CaseReferenceNo): null

2018-11-25 10:59:59 - [TEST_STEP][PASSED] - Statement - f2.close(): null

2018-11-25 10:59:59 - [TEST_STEP][PASSED] - Statement - out.println("


" + CaseReferenceNo + "


"): null

2018-11-25 10:59:59 - [MESSAGE][PASSED] - Call Test Case 'Test Cases/Final Aug 2018 - PKS Automation/Common/Reference Number Setter' successfully

2018-11-25 10:59:59 - [TEST_STEP][PASSED] - click: Object: 'Object Repository/Final Object Repo/Page_Request SSN - ASSIST/Add Document Button' is clicked on

2018-11-25 11:00:00 - [MESSAGE][PASSED] - Object: 'Object Repository/Final Object Repo/Page_Request SSN - ASSIST/Add Document Button' is clicked on

2018-11-25 11:00:00 - [TEST_STEP][PASSED] - delay: Delayed 2 second(s)

2018-11-25 11:00:02 - [MESSAGE][PASSED] - Delayed 2 second(s)

2018-11-25 11:00:02 - [TEST_STEP][PASSED] - click: Object: 'Object Repository/Final Object Repo/Page_Request SSN - ASSIST/Document Type' is clicked on

2018-11-25 11:00:02 - [MESSAGE][PASSED] - Object: 'Object Repository/Final Object Repo/Page_Request SSN - ASSIST/Document Type' is clicked on

2018-11-25 11:00:02 - [TEST_STEP][PASSED] - click: Object: 'Object Repository/Final Object Repo/Page_Request SSN - ASSIST/Document Type - Birth Certificate' is clicked on

2018-11-25 11:00:03 - [MESSAGE][PASSED] - Object: 'Object Repository/Final Object Repo/Page_Request SSN - ASSIST/Document Type - Birth Certificate' is clicked on

2018-11-25 11:00:03 - [TEST_STEP][PASSED] - sendKeys: Keys 'C:\Users\Public\Pictures\Sample Pictures\Koala.jpg' sent to object: 'Object Repository/Final Object Repo/Page_Request SSN - ASSIST/Upload File'

2018-11-25 11:00:03 - [MESSAGE][PASSED] - Keys 'C:\Users\Public\Pictures\Sample Pictures\Koala.jpg' sent to object: 'Object Repository/Final Object Repo/Page_Request SSN - ASSIST/Upload File'

2018-11-25 11:00:03 - [TEST_STEP][PASSED] - click: Object: 'Object Repository/Final Object Repo/Page_Request SSN - ASSIST/Add Document' is clicked on

2018-11-25 11:00:03 - [MESSAGE][PASSED] - Object: 'Object Repository/Final Object Repo/Page_Request SSN - ASSIST/Add Document' is clicked on

2018-11-25 11:00:03 - [TEST_STEP][PASSED] - delay: Delayed 20 second(s)

2018-11-25 11:00:23 - [MESSAGE][PASSED] - Delayed 20 second(s)

2018-11-25 11:00:23 - [TEST_STEP][PASSED] - click: Object: 'Object Repository/Final Object Repo/Page_Request SSN - ASSIST/Save  Continue in Uploading Document Page' is clicked on

2018-11-25 11:00:23 - [MESSAGE][PASSED] - Object: 'Object Repository/Final Object Repo/Page_Request SSN - ASSIST/Save  Continue in Uploading Document Page' is clicked on

2018-11-25 11:00:23 - [TEST_STEP][PASSED] - delay: Delayed 2 second(s)

2018-11-25 11:00:25 - [MESSAGE][PASSED] - Delayed 2 second(s)

2018-11-25 11:00:25 - [TEST_STEP][PASSED] - click: Object: 'Object Repository/Final Object Repo/Page_Request SSN - ASSIST/Submit' is clicked on

2018-11-25 11:00:28 - [MESSAGE][PASSED] - Object: 'Object Repository/Final Object Repo/Page_Request SSN - ASSIST/Submit' is clicked on

2018-11-25 11:00:28 - [TEST_STEP][PASSED] - delay: Delayed 2 second(s)

2018-11-25 11:00:30 - [MESSAGE][PASSED] - Delayed 2 second(s)

2018-11-25 11:00:30 - [TEST_STEP][PASSED] - click: Object: 'Object Repository/Final Object Repo/Page_Request SSN - ASSIST/Confirm' is clicked on

2018-11-25 11:00:30 - [MESSAGE][PASSED] - Object: 'Object Repository/Final Object Repo/Page_Request SSN - ASSIST/Confirm' is clicked on

2018-11-25 11:00:30 - [TEST_STEP][PASSED] - delay: Delayed 2 second(s)

2018-11-25 11:00:32 - [MESSAGE][PASSED] - Delayed 2 second(s)

2018-11-25 11:00:32 - [TEST_STEP][PASSED] - verifyElementVisible: Object 'Object Repository/Final Object Repo/Page_Request SSN - ASSIST/Message This Case will be routed to RIO' is visible

2018-11-25 11:00:37 - [MESSAGE][PASSED] - Object 'Object Repository/Final Object Repo/Page_Request SSN - ASSIST/Message This Case will be routed to RIO' is visible

2018-11-25 11:00:37 - [TEST_STEP][PASSED] - delay: Delayed 2 second(s)

2018-11-25 11:00:39 - [MESSAGE][PASSED] - Delayed 2 second(s)

2018-11-25 11:00:39 - [TEST_STEP][PASSED] - verifyElementVisible: Object 'Object Repository/Final Object Repo/Page_Request SSN - ASSIST/Letter of acknowledgement' is visible

2018-11-25 11:00:40 - [MESSAGE][PASSED] - Object 'Object Repository/Final Object Repo/Page_Request SSN - ASSIST/Letter of acknowledgement' is visible

2018-11-25 11:00:40 - [MESSAGE][PASSED] - Call Test Case 'Test Cases/Final Aug 2018 - PKS Automation/Registration Module/Workflow/Request SSN/Template/Request SSN - PKRBO' successfully

2018-11-25 11:00:40 - [TEST_STEP][FAILED] - callTestCase: Unable to call Test Case with id 'Test Cases/Final Aug 2018 - PKS Automation/Registration Module/Workflow/Request SSN/Template/Request SSN RIO - RO (Under Enforcement)' (Root cause: Call Test Case 'Test Cases/Final Aug 2018 - PKS Automation/Registration Module/Workflow/Request SSN/Template/Request SSN RIO - RO (Under Enforcement)' failed)

2018-11-25 11:00:40 - [TEST_CASE][FAILED] - Test Cases/Final Aug 2018 - PKS Automation/Registration Module/Workflow/Request SSN/Template/Request SSN RIO - RO (Under Enforcement): Test Cases/Final Aug 2018 - PKS Automation/Registration Module/Workflow/Request SSN/Template/Request SSN RIO - RO (Under Enforcement) FAILED because (of) (Stack trace: com.kms.katalon.core.exception.StepFailedException: Unable to click on object 'Object Repository/Final Object Repo/Landing Page/Select to Workflow Listing' (Root cause: org.openqa.selenium.ElementNotVisibleException: element not interactable
  (Session info: chrome=70.0.3538.102)
  (Driver info: chromedriver=2.43.600210 (68dcf5eebde37173d4027fa8635e332711d2874a),platform=Windows NT 6.1.7601 SP1 x86_64) (WARNING: The server did not provide any stacktrace information)
Command duration or timeout: 0 milliseconds
Build info: version: '3.7.1', revision: '8a0099a', time: '2017-11-06T21:07:36.161Z'
System info: host: 'WIN7TEST02', ip: '10.20.3.72', os.name: 'Windows 7', os.arch: 'amd64', os.version: '6.1', java.version: '1.8.0_181'
Driver info: com.kms.katalon.selenium.driver.CChromeDriver
Capabilities {acceptInsecureCerts: false, acceptSslCerts: false, applicationCacheEnabled: false, browserConnectionEnabled: false, browserName: chrome, chrome: {chromedriverVersion: 2.43.600210 (68dcf5eebde371..., userDataDir: C:\Users\Admin\AppData\Loca...}, cssSelectorsEnabled: true, databaseEnabled: false, goog:chromeOptions: {debuggerAddress: localhost:57165}, handlesAlerts: true, hasTouchScreen: false, javascriptEnabled: true, locationContextEnabled: true, mobileEmulationEnabled: false, nativeEvents: true, networkConnectionEnabled: false, pageLoadStrategy: normal, platform: XP, platformName: XP, rotatable: false, setWindowRect: true, takesHeapSnapshot: true, takesScreenshot: true, unexpectedAlertBehaviour: , unhandledPromptBehavior: , version: 70.0.3538.102, webStorageEnabled: true}
Session ID: 3cf6c9f61e7785300c4c79f3d299dbb6)
	at com.kms.katalon.core.keyword.internal.KeywordMain.stepFailed(KeywordMain.groovy:32)
	at com.kms.katalon.core.webui.keyword.internal.WebUIKeywordMain.stepFailed(WebUIKeywordMain.groovy:65)
	at com.kms.katalon.core.webui.keyword.internal.WebUIKeywordMain.runKeyword(WebUIKeywordMain.groovy:27)
	at com.kms.katalon.core.webui.keyword.builtin.ClickKeyword.click(ClickKeyword.groovy:86)
	at com.kms.katalon.core.webui.keyword.builtin.ClickKeyword.execute(ClickKeyword.groovy:67)
	at com.kms.katalon.core.keyword.internal.KeywordExecutor.executeKeywordForPlatform(KeywordExecutor.groovy:53)
	at com.kms.katalon.core.webui.keyword.WebUiBuiltInKeywords.click(WebUiBuiltInKeywords.groovy:616)
	at com.kms.katalon.core.webui.keyword.WebUiBuiltInKeywords$click$2.call(Unknown Source)
	at Script1534407542420.run(Script1534407542420.groovy:73)
	at com.kms.katalon.core.main.ScriptEngine.run(ScriptEngine.java:183)
	at com.kms.katalon.core.main.ScriptEngine.runScriptAsRawText(ScriptEngine.java:108)
	at com.kms.katalon.core.main.TestCaseExecutor.runScript(TestCaseExecutor.java:294)
	at com.kms.katalon.core.main.TestCaseExecutor.doExecute(TestCaseExecutor.java:285)
	at com.kms.katalon.core.main.TestCaseExecutor.processExecutionPhase(TestCaseExecutor.java:264)
	at com.kms.katalon.core.main.TestCaseExecutor.accessMainPhase(TestCaseExecutor.java:256)
	at com.kms.katalon.core.main.TestCaseExecutor.execute(TestCaseExecutor.java:200)
	at com.kms.katalon.core.main.TestCaseMain.runTestCase(TestCaseMain.java:99)
	at com.kms.katalon.core.keyword.builtin.CallTestCaseKeyword$_callTestCase_closure1.doCall(CallTestCaseKeyword.groovy:60)
	at com.kms.katalon.core.keyword.builtin.CallTestCaseKeyword$_callTestCase_closure1.call(CallTestCaseKeyword.groovy)
	at com.kms.katalon.core.keyword.internal.KeywordMain.runKeyword(KeywordMain.groovy:54)
	at com.kms.katalon.core.keyword.builtin.CallTestCaseKeyword.callTestCase(CallTestCaseKeyword.groovy:81)
	at com.kms.katalon.core.keyword.builtin.CallTestCaseKeyword.execute(CallTestCaseKeyword.groovy:45)
	at com.kms.katalon.core.keyword.internal.KeywordExecutor.executeKeywordForPlatform(KeywordExecutor.groovy:53)
	at com.kms.katalon.core.keyword.BuiltinKeywords.callTestCase(BuiltinKeywords.groovy:334)
	at sun.reflect.GeneratedMethodAccessor13.invoke(Unknown Source)
	at sun.reflect.DelegatingMethodAccessorImpl.invoke(DelegatingMethodAccessorImpl.java:43)
	at java.lang.reflect.Method.invoke(Method.java:498)
	at org.codehaus.groovy.reflection.CachedMethod.invoke(CachedMethod.java:93)
	at groovy.lang.MetaMethod.doMethodInvoke(MetaMethod.java:325)
	at groovy.lang.MetaClassImpl.invokeStaticMethod(MetaClassImpl.java:1469)
	at org.codehaus.groovy.runtime.callsite.StaticMetaClassSite.call(StaticMetaClassSite.java:53)
	at org.codehaus.groovy.runtime.callsite.AbstractCallSite.call(AbstractCallSite.java:141)
	at Script1537866016330.run(Script1537866016330.groovy:33)
	at com.kms.katalon.core.main.ScriptEngine.run(ScriptEngine.java:183)
	at com.kms.katalon.core.main.ScriptEngine.runScriptAsRawText(ScriptEngine.java:108)
	at com.kms.katalon.core.main.TestCaseExecutor.runScript(TestCaseExecutor.java:294)
	at com.kms.katalon.core.main.TestCaseExecutor.doExecute(TestCaseExecutor.java:285)
	at com.kms.katalon.core.main.TestCaseExecutor.processExecutionPhase(TestCaseExecutor.java:264)
	at com.kms.katalon.core.main.TestCaseExecutor.accessMainPhase(TestCaseExecutor.java:256)
	at com.kms.katalon.core.main.TestCaseExecutor.execute(TestCaseExecutor.java:200)
	at com.kms.katalon.core.main.TestCaseMain.runTestCase(TestCaseMain.java:99)
	at com.kms.katalon.core.keyword.builtin.CallTestCaseKeyword$_callTestCase_closure1.doCall(CallTestCaseKeyword.groovy:60)
	at com.kms.katalon.core.keyword.builtin.CallTestCaseKeyword$_callTestCase_closure1.call(CallTestCaseKeyword.groovy)
	at com.kms.katalon.core.keyword.internal.KeywordMain.runKeyword(KeywordMain.groovy:54)
	at com.kms.katalon.core.keyword.builtin.CallTestCaseKeyword.callTestCase(CallTestCaseKeyword.groovy:81)
	at com.kms.katalon.core.keyword.builtin.CallTestCaseKeyword.execute(CallTestCaseKeyword.groovy:45)
	at com.kms.katalon.core.keyword.internal.KeywordExecutor.executeKeywordForPlatform(KeywordExecutor.groovy:53)
	at com.kms.katalon.core.keyword.BuiltinKeywords.callTestCase(BuiltinKeywords.groovy:334)
	at sun.reflect.GeneratedMethodAccessor13.invoke(Unknown Source)
	at sun.reflect.DelegatingMethodAccessorImpl.invoke(DelegatingMethodAccessorImpl.java:43)
	at java.lang.reflect.Method.invoke(Method.java:498)
	at org.codehaus.groovy.reflection.CachedMethod.invoke(CachedMethod.java:93)
	at groovy.lang.MetaMethod.doMethodInvoke(MetaMethod.java:325)
	at groovy.lang.MetaClassImpl.invokeStaticMethod(MetaClassImpl.java:1469)
	at org.codehaus.groovy.runtime.callsite.StaticMetaClassSite.call(StaticMetaClassSite.java:53)
	at org.codehaus.groovy.runtime.callsite.CallSiteArray.defaultCall(CallSiteArray.java:48)
	at org.codehaus.groovy.runtime.callsite.AbstractCallSite.call(AbstractCallSite.java:113)
	at org.codehaus.groovy.runtime.callsite.AbstractCallSite.call(AbstractCallSite.java:141)
	at Script1536300508633.run(Script1536300508633.groovy:24)
	at com.kms.katalon.core.main.ScriptEngine.run(ScriptEngine.java:183)
	at com.kms.katalon.core.main.ScriptEngine.runScriptAsRawText(ScriptEngine.java:108)
	at com.kms.katalon.core.main.TestCaseExecutor.runScript(TestCaseExecutor.java:294)
	at com.kms.katalon.core.main.TestCaseExecutor.doExecute(TestCaseExecutor.java:285)
	at com.kms.katalon.core.main.TestCaseExecutor.processExecutionPhase(TestCaseExecutor.java:264)
	at com.kms.katalon.core.main.TestCaseExecutor.accessMainPhase(TestCaseExecutor.java:256)
	at com.kms.katalon.core.main.TestCaseExecutor.execute(TestCaseExecutor.java:200)
	at com.kms.katalon.core.main.TestSuiteExecutor.accessTestCaseMainPhase(TestSuiteExecutor.java:129)
	at com.kms.katalon.core.main.TestSuiteExecutor.accessTestSuiteMainPhase(TestSuiteExecutor.java:112)
	at com.kms.katalon.core.main.TestSuiteExecutor.execute(TestSuiteExecutor.java:81)
	at com.kms.katalon.core.main.TestCaseMain.startTestSuite(TestCaseMain.java:142)
	at com.kms.katalon.core.main.TestCaseMain$startTestSuite$0.call(Unknown Source)
	at org.codehaus.groovy.runtime.callsite.CallSiteArray.defaultCall(CallSiteArray.java:48)
	at org.codehaus.groovy.runtime.callsite.AbstractCallSite.call(AbstractCallSite.java:113)
	at org.codehaus.groovy.runtime.callsite.AbstractCallSite.call(AbstractCallSite.java:141)
	at TempTestSuite1543076525606.run(TempTestSuite1543076525606.groovy:36)
	at groovy.lang.GroovyShell.runScriptOrMainOrTestOrRunnable(GroovyShell.java:263)
	at groovy.lang.GroovyShell.run(GroovyShell.java:518)
	at groovy.lang.GroovyShell.run(GroovyShell.java:507)
	at groovy.ui.GroovyMain.processOnce(GroovyMain.java:653)
	at groovy.ui.GroovyMain.run(GroovyMain.java:384)
	at groovy.ui.GroovyMain.process(GroovyMain.java:370)
	at groovy.ui.GroovyMain.processArgs(GroovyMain.java:129)
	at groovy.ui.GroovyMain.main(GroovyMain.java:109)
	at sun.reflect.NativeMethodAccessorImpl.invoke0(Native Method)
	at sun.reflect.NativeMethodAccessorImpl.invoke(NativeMethodAccessorImpl.java:62)
	at sun.reflect.DelegatingMethodAccessorImpl.invoke(DelegatingMethodAccessorImpl.java:43)
	at java.lang.reflect.Method.invoke(Method.java:498)
	at org.codehaus.groovy.tools.GroovyStarter.rootLoader(GroovyStarter.java:109)
	at org.codehaus.groovy.tools.GroovyStarter.main(GroovyStarter.java:131)
)

2018-11-25 11:00:40 - [TEST_STEP][NOT_RUN] - callTestCase: NOT_RUN: callTestCase

2018-11-25 11:00:40 - [MESSAGE][NOT_RUN] - NOT_RUN: callTestCase

2018-11-25 11:00:40 - [TEST_STEP][PASSED] - delay: Delayed 2 second(s)

2018-11-25 11:00:42 - [MESSAGE][PASSED] - Delayed 2 second(s)

2018-11-25 11:00:42 - [TEST_STEP][PASSED] - navigateToUrl: Navigate to 'https://assist2-uat.perkeso.gov.my/c/portal/logout' successfully

2018-11-25 11:00:43 - [MESSAGE][PASSED] - Navigate to 'https://assist2-uat.perkeso.gov.my/c/portal/logout' successfully

2018-11-25 11:00:43 - [TEST_STEP][PASSED] - delay: Delayed 2 second(s)

2018-11-25 11:00:45 - [MESSAGE][PASSED] - Delayed 2 second(s)

2018-11-25 11:00:45 - [TEST_STEP][PASSED] - callTestCase: Call Test Case 'Test Cases/Final Aug 2018 - PKS Automation/Common/Reference Number Getter' successfully

2018-11-25 11:00:45 - [TEST_CASE][PASSED] - Test Cases/Final Aug 2018 - PKS Automation/Common/Reference Number Getter: Test Cases/Final Aug 2018 - PKS Automation/Common/Reference Number Getter

2018-11-25 11:00:45 - [TEST_STEP][PASSED] - Statement - Try: null

2018-11-25 11:00:45 - [TEST_STEP][PASSED] - Statement - RefNo = new java.io.File(C://Users//Admin//Desktop//PKS//Automation Reference Point//KatalonReference.txt): null

2018-11-25 11:00:45 - [TEST_STEP][PASSED] - Statement - bufferread = new java.io.BufferedReader(new java.io.FileReader(RefNo)): null

2018-11-25 11:00:45 - [TEST_STEP][PASSED] - Statement - readedVal = bufferread.readLine(): null

2018-11-25 11:00:45 - [TEST_STEP][PASSED] - Statement - out.println(CaseReferenceNo): null

2018-11-25 11:00:45 - [TEST_STEP][PASSED] - Statement - out.println(readedVal): null

2018-11-25 11:00:45 - [TEST_STEP][PASSED] - Statement - CaseReferenceNo = "": null

2018-11-25 11:00:45 - [TEST_STEP][PASSED] - Statement - CaseReferenceNo = readedVal: null

2018-11-25 11:00:45 - [MESSAGE][PASSED] - Call Test Case 'Test Cases/Final Aug 2018 - PKS Automation/Common/Reference Number Getter' successfully

2018-11-25 11:00:45 - [TEST_STEP][FAILED] - callTestCase: Unable to call Test Case with id 'Test Cases/Final Aug 2018 - PKS Automation/Common/Workflow Owner Finder' (Root cause: Call Test Case 'Test Cases/Final Aug 2018 - PKS Automation/Common/Workflow Owner Finder' failed)

2018-11-25 11:00:45 - [TEST_CASE][FAILED] - Test Cases/Final Aug 2018 - PKS Automation/Common/Workflow Owner Finder: Test Cases/Final Aug 2018 - PKS Automation/Common/Workflow Owner Finder FAILED because (of) (Stack trace: com.kms.katalon.core.exception.StepFailedException: Unable to click on object 'Object Repository/Final Object Repo/Landing Page/Select to Workflow Listing' (Root cause: org.openqa.selenium.ElementNotVisibleException: element not interactable
  (Session info: chrome=70.0.3538.102)
  (Driver info: chromedriver=2.43.600210 (68dcf5eebde37173d4027fa8635e332711d2874a),platform=Windows NT 6.1.7601 SP1 x86_64) (WARNING: The server did not provide any stacktrace information)
Command duration or timeout: 0 milliseconds
Build info: version: '3.7.1', revision: '8a0099a', time: '2017-11-06T21:07:36.161Z'
System info: host: 'WIN7TEST02', ip: '10.20.3.72', os.name: 'Windows 7', os.arch: 'amd64', os.version: '6.1', java.version: '1.8.0_181'
Driver info: com.kms.katalon.selenium.driver.CChromeDriver
Capabilities {acceptInsecureCerts: false, acceptSslCerts: false, applicationCacheEnabled: false, browserConnectionEnabled: false, browserName: chrome, chrome: {chromedriverVersion: 2.43.600210 (68dcf5eebde371..., userDataDir: C:\Users\Admin\AppData\Loca...}, cssSelectorsEnabled: true, databaseEnabled: false, goog:chromeOptions: {debuggerAddress: localhost:57165}, handlesAlerts: true, hasTouchScreen: false, javascriptEnabled: true, locationContextEnabled: true, mobileEmulationEnabled: false, nativeEvents: true, networkConnectionEnabled: false, pageLoadStrategy: normal, platform: XP, platformName: XP, rotatable: false, setWindowRect: true, takesHeapSnapshot: true, takesScreenshot: true, unexpectedAlertBehaviour: , unhandledPromptBehavior: , version: 70.0.3538.102, webStorageEnabled: true}
Session ID: 3cf6c9f61e7785300c4c79f3d299dbb6)
	at com.kms.katalon.core.keyword.internal.KeywordMain.stepFailed(KeywordMain.groovy:32)
	at com.kms.katalon.core.webui.keyword.internal.WebUIKeywordMain.stepFailed(WebUIKeywordMain.groovy:65)
	at com.kms.katalon.core.webui.keyword.internal.WebUIKeywordMain.runKeyword(WebUIKeywordMain.groovy:27)
	at com.kms.katalon.core.webui.keyword.builtin.ClickKeyword.click(ClickKeyword.groovy:86)
	at com.kms.katalon.core.webui.keyword.builtin.ClickKeyword.execute(ClickKeyword.groovy:67)
	at com.kms.katalon.core.keyword.internal.KeywordExecutor.executeKeywordForPlatform(KeywordExecutor.groovy:53)
	at com.kms.katalon.core.webui.keyword.WebUiBuiltInKeywords.click(WebUiBuiltInKeywords.groovy:616)
	at com.kms.katalon.core.webui.keyword.WebUiBuiltInKeywords$click$2.call(Unknown Source)
	at Script1534407542420.run(Script1534407542420.groovy:73)
	at com.kms.katalon.core.main.ScriptEngine.run(ScriptEngine.java:183)
	at com.kms.katalon.core.main.ScriptEngine.runScriptAsRawText(ScriptEngine.java:108)
	at com.kms.katalon.core.main.TestCaseExecutor.runScript(TestCaseExecutor.java:294)
	at com.kms.katalon.core.main.TestCaseExecutor.doExecute(TestCaseExecutor.java:285)
	at com.kms.katalon.core.main.TestCaseExecutor.processExecutionPhase(TestCaseExecutor.java:264)
	at com.kms.katalon.core.main.TestCaseExecutor.accessMainPhase(TestCaseExecutor.java:256)
	at com.kms.katalon.core.main.TestCaseExecutor.execute(TestCaseExecutor.java:200)
	at com.kms.katalon.core.main.TestCaseMain.runTestCase(TestCaseMain.java:99)
	at com.kms.katalon.core.keyword.builtin.CallTestCaseKeyword$_callTestCase_closure1.doCall(CallTestCaseKeyword.groovy:60)
	at com.kms.katalon.core.keyword.builtin.CallTestCaseKeyword$_callTestCase_closure1.call(CallTestCaseKeyword.groovy)
	at com.kms.katalon.core.keyword.internal.KeywordMain.runKeyword(KeywordMain.groovy:54)
	at com.kms.katalon.core.keyword.builtin.CallTestCaseKeyword.callTestCase(CallTestCaseKeyword.groovy:81)
	at com.kms.katalon.core.keyword.builtin.CallTestCaseKeyword.execute(CallTestCaseKeyword.groovy:45)
	at com.kms.katalon.core.keyword.internal.KeywordExecutor.executeKeywordForPlatform(KeywordExecutor.groovy:53)
	at com.kms.katalon.core.keyword.BuiltinKeywords.callTestCase(BuiltinKeywords.groovy:334)
	at sun.reflect.GeneratedMethodAccessor13.invoke(Unknown Source)
	at sun.reflect.DelegatingMethodAccessorImpl.invoke(DelegatingMethodAccessorImpl.java:43)
	at java.lang.reflect.Method.invoke(Method.java:498)
	at org.codehaus.groovy.reflection.CachedMethod.invoke(CachedMethod.java:93)
	at groovy.lang.MetaMethod.doMethodInvoke(MetaMethod.java:325)
	at groovy.lang.MetaClassImpl.invokeStaticMethod(MetaClassImpl.java:1469)
	at org.codehaus.groovy.runtime.callsite.StaticMetaClassSite.call(StaticMetaClassSite.java:53)
	at org.codehaus.groovy.runtime.callsite.AbstractCallSite.call(AbstractCallSite.java:141)
	at Script1537866016330.run(Script1537866016330.groovy:33)
	at com.kms.katalon.core.main.ScriptEngine.run(ScriptEngine.java:183)
	at com.kms.katalon.core.main.ScriptEngine.runScriptAsRawText(ScriptEngine.java:108)
	at com.kms.katalon.core.main.TestCaseExecutor.runScript(TestCaseExecutor.java:294)
	at com.kms.katalon.core.main.TestCaseExecutor.doExecute(TestCaseExecutor.java:285)
	at com.kms.katalon.core.main.TestCaseExecutor.processExecutionPhase(TestCaseExecutor.java:264)
	at com.kms.katalon.core.main.TestCaseExecutor.accessMainPhase(TestCaseExecutor.java:256)
	at com.kms.katalon.core.main.TestCaseExecutor.execute(TestCaseExecutor.java:200)
	at com.kms.katalon.core.main.TestCaseMain.runTestCase(TestCaseMain.java:99)
	at com.kms.katalon.core.keyword.builtin.CallTestCaseKeyword$_callTestCase_closure1.doCall(CallTestCaseKeyword.groovy:60)
	at com.kms.katalon.core.keyword.builtin.CallTestCaseKeyword$_callTestCase_closure1.call(CallTestCaseKeyword.groovy)
	at com.kms.katalon.core.keyword.internal.KeywordMain.runKeyword(KeywordMain.groovy:54)
	at com.kms.katalon.core.keyword.builtin.CallTestCaseKeyword.callTestCase(CallTestCaseKeyword.groovy:81)
	at com.kms.katalon.core.keyword.builtin.CallTestCaseKeyword.execute(CallTestCaseKeyword.groovy:45)
	at com.kms.katalon.core.keyword.internal.KeywordExecutor.executeKeywordForPlatform(KeywordExecutor.groovy:53)
	at com.kms.katalon.core.keyword.BuiltinKeywords.callTestCase(BuiltinKeywords.groovy:334)
	at sun.reflect.GeneratedMethodAccessor13.invoke(Unknown Source)
	at sun.reflect.DelegatingMethodAccessorImpl.invoke(DelegatingMethodAccessorImpl.java:43)
	at java.lang.reflect.Method.invoke(Method.java:498)
	at org.codehaus.groovy.reflection.CachedMethod.invoke(CachedMethod.java:93)
	at groovy.lang.MetaMethod.doMethodInvoke(MetaMethod.java:325)
	at groovy.lang.MetaClassImpl.invokeStaticMethod(MetaClassImpl.java:1469)
	at org.codehaus.groovy.runtime.callsite.StaticMetaClassSite.call(StaticMetaClassSite.java:53)
	at org.codehaus.groovy.runtime.callsite.CallSiteArray.defaultCall(CallSiteArray.java:48)
	at org.codehaus.groovy.runtime.callsite.AbstractCallSite.call(AbstractCallSite.java:113)
	at org.codehaus.groovy.runtime.callsite.AbstractCallSite.call(AbstractCallSite.java:141)
	at Script1536300508633.run(Script1536300508633.groovy:24)
	at com.kms.katalon.core.main.ScriptEngine.run(ScriptEngine.java:183)
	at com.kms.katalon.core.main.ScriptEngine.runScriptAsRawText(ScriptEngine.java:108)
	at com.kms.katalon.core.main.TestCaseExecutor.runScript(TestCaseExecutor.java:294)
	at com.kms.katalon.core.main.TestCaseExecutor.doExecute(TestCaseExecutor.java:285)
	at com.kms.katalon.core.main.TestCaseExecutor.processExecutionPhase(TestCaseExecutor.java:264)
	at com.kms.katalon.core.main.TestCaseExecutor.accessMainPhase(TestCaseExecutor.java:256)
	at com.kms.katalon.core.main.TestCaseExecutor.execute(TestCaseExecutor.java:200)
	at com.kms.katalon.core.main.TestSuiteExecutor.accessTestCaseMainPhase(TestSuiteExecutor.java:129)
	at com.kms.katalon.core.main.TestSuiteExecutor.accessTestSuiteMainPhase(TestSuiteExecutor.java:112)
	at com.kms.katalon.core.main.TestSuiteExecutor.execute(TestSuiteExecutor.java:81)
	at com.kms.katalon.core.main.TestCaseMain.startTestSuite(TestCaseMain.java:142)
	at com.kms.katalon.core.main.TestCaseMain$startTestSuite$0.call(Unknown Source)
	at org.codehaus.groovy.runtime.callsite.CallSiteArray.defaultCall(CallSiteArray.java:48)
	at org.codehaus.groovy.runtime.callsite.AbstractCallSite.call(AbstractCallSite.java:113)
	at org.codehaus.groovy.runtime.callsite.AbstractCallSite.call(AbstractCallSite.java:141)
	at TempTestSuite1543076525606.run(TempTestSuite1543076525606.groovy:36)
	at groovy.lang.GroovyShell.runScriptOrMainOrTestOrRunnable(GroovyShell.java:263)
	at groovy.lang.GroovyShell.run(GroovyShell.java:518)
	at groovy.lang.GroovyShell.run(GroovyShell.java:507)
	at groovy.ui.GroovyMain.processOnce(GroovyMain.java:653)
	at groovy.ui.GroovyMain.run(GroovyMain.java:384)
	at groovy.ui.GroovyMain.process(GroovyMain.java:370)
	at groovy.ui.GroovyMain.processArgs(GroovyMain.java:129)
	at groovy.ui.GroovyMain.main(GroovyMain.java:109)
	at sun.reflect.NativeMethodAccessorImpl.invoke0(Native Method)
	at sun.reflect.NativeMethodAccessorImpl.invoke(NativeMethodAccessorImpl.java:62)
	at sun.reflect.DelegatingMethodAccessorImpl.invoke(DelegatingMethodAccessorImpl.java:43)
	at java.lang.reflect.Method.invoke(Method.java:498)
	at org.codehaus.groovy.tools.GroovyStarter.rootLoader(GroovyStarter.java:109)
	at org.codehaus.groovy.tools.GroovyStarter.main(GroovyStarter.java:131)
)

2018-11-25 11:00:45 - [TEST_STEP][PASSED] - openBrowser: Browser is opened with url: ''

2018-11-25 11:00:45 - [MESSAGE][WARNING] - A browser is already opened. Closing browser and opening a new one

2018-11-25 11:00:49 - [MESSAGE][PASSED] - Browser is opened with url: ''

2018-11-25 11:00:49 - [TEST_STEP][PASSED] - navigateToUrl: Navigate to 'https://assist2-uat.perkeso.gov.my/login' successfully

2018-11-25 11:00:49 - [MESSAGE][PASSED] - Navigate to 'https://assist2-uat.perkeso.gov.my/login' successfully

2018-11-25 11:00:49 - [TEST_STEP][PASSED] - delay: Delayed 5 second(s)

2018-11-25 11:00:54 - [MESSAGE][PASSED] - Delayed 5 second(s)

2018-11-25 11:00:54 - [TEST_STEP][PASSED] - setText: Text 'test@liferay.com' is set on object 'Object Repository/Final Object Repo/Login Page/Internal User/Email Address'

2018-11-25 11:00:55 - [MESSAGE][PASSED] - Text 'test@liferay.com' is set on object 'Object Repository/Final Object Repo/Login Page/Internal User/Email Address'

2018-11-25 11:00:55 - [TEST_STEP][PASSED] - click: Object: 'Object Repository/Final Object Repo/Login Page/Internal User/Next Button' is clicked on

2018-11-25 11:00:55 - [MESSAGE][PASSED] - Object: 'Object Repository/Final Object Repo/Login Page/Internal User/Next Button' is clicked on

2018-11-25 11:00:55 - [TEST_STEP][PASSED] - delay: Delayed 2 second(s)

2018-11-25 11:00:57 - [MESSAGE][PASSED] - Delayed 2 second(s)

2018-11-25 11:00:57 - [TEST_STEP][PASSED] - setText: Text 'test' is set on object 'Object Repository/Final Object Repo/Login Page/Internal User/Password'

2018-11-25 11:00:57 - [MESSAGE][PASSED] - Text 'test' is set on object 'Object Repository/Final Object Repo/Login Page/Internal User/Password'

2018-11-25 11:00:57 - [TEST_STEP][PASSED] - delay: Delayed 2 second(s)

2018-11-25 11:00:59 - [MESSAGE][PASSED] - Delayed 2 second(s)

2018-11-25 11:00:59 - [TEST_STEP][PASSED] - click: Object: 'Object Repository/Final Object Repo/Login Page/Internal User/Login Button' is clicked on

2018-11-25 11:00:59 - [MESSAGE][PASSED] - Object: 'Object Repository/Final Object Repo/Login Page/Internal User/Login Button' is clicked on

2018-11-25 11:00:59 - [TEST_STEP][PASSED] - Statement - Try: Delayed 2 second(s)

2018-11-25 11:00:59 - [TEST_STEP][PASSED] - Statement - Checker = false: null

2018-11-25 11:00:59 - [TEST_STEP][PASSED] - Statement - Checker = com.kms.katalon.core.webui.keyword.WebUiBuiltInKeywords.verifyElementHasAttribute(com.kms.katalon.core.testobject.ObjectRepository.findTestObject(Final Object Repo/Landing Page/BM Detecting), "href", 20, OPTIONAL): Object 'Object Repository/Final Object Repo/Landing Page/BM Detecting' has attribute 'href'

2018-11-25 11:01:01 - [MESSAGE][PASSED] - Object 'Object Repository/Final Object Repo/Landing Page/BM Detecting' has attribute 'href'

2018-11-25 11:01:01 - [TEST_STEP][PASSED] - Statement - out.println(Checker): null

2018-11-25 11:01:01 - [TEST_STEP][PASSED] - Statement - If (Checker == false): null

2018-11-25 11:01:01 - [TEST_STEP][PASSED] - Statement - Else: null

2018-11-25 11:01:01 - [TEST_STEP][PASSED] - delay: Delayed 2 second(s)

2018-11-25 11:01:03 - [MESSAGE][PASSED] - Delayed 2 second(s)

2018-11-25 11:01:03 - [TEST_STEP][PASSED] - delay: Delayed 3 second(s)

2018-11-25 11:01:06 - [MESSAGE][PASSED] - Delayed 3 second(s)

2018-11-25 11:01:06 - [TEST_STEP][PASSED] - mouseOver: Object: 'Object Repository/Final Object Repo/Landing Page/WorkFlow Menu' is hovered

2018-11-25 11:01:06 - [MESSAGE][PASSED] - Object: 'Object Repository/Final Object Repo/Landing Page/WorkFlow Menu' is hovered

2018-11-25 11:01:06 - [TEST_STEP][PASSED] - delay: Delayed 2 second(s)

2018-11-25 11:01:08 - [MESSAGE][PASSED] - Delayed 2 second(s)

2018-11-25 11:01:08 - [TEST_STEP][FAILED] - click: Unable to click on object 'Object Repository/Final Object Repo/Landing Page/Select to Workflow Listing' (Root cause: org.openqa.selenium.ElementNotVisibleException: element not interactable
  (Session info: chrome=70.0.3538.102)
  (Driver info: chromedriver=2.43.600210 (68dcf5eebde37173d4027fa8635e332711d2874a),platform=Windows NT 6.1.7601 SP1 x86_64) (WARNING: The server did not provide any stacktrace information)
Command duration or timeout: 0 milliseconds
Build info: version: '3.7.1', revision: '8a0099a', time: '2017-11-06T21:07:36.161Z'
System info: host: 'WIN7TEST02', ip: '10.20.3.72', os.name: 'Windows 7', os.arch: 'amd64', os.version: '6.1', java.version: '1.8.0_181'
Driver info: com.kms.katalon.selenium.driver.CChromeDriver
Capabilities {acceptInsecureCerts: false, acceptSslCerts: false, applicationCacheEnabled: false, browserConnectionEnabled: false, browserName: chrome, chrome: {chromedriverVersion: 2.43.600210 (68dcf5eebde371..., userDataDir: C:\Users\Admin\AppData\Loca...}, cssSelectorsEnabled: true, databaseEnabled: false, goog:chromeOptions: {debuggerAddress: localhost:57165}, handlesAlerts: true, hasTouchScreen: false, javascriptEnabled: true, locationContextEnabled: true, mobileEmulationEnabled: false, nativeEvents: true, networkConnectionEnabled: false, pageLoadStrategy: normal, platform: XP, platformName: XP, rotatable: false, setWindowRect: true, takesHeapSnapshot: true, takesScreenshot: true, unexpectedAlertBehaviour: , unhandledPromptBehavior: , version: 70.0.3538.102, webStorageEnabled: true}
Session ID: 3cf6c9f61e7785300c4c79f3d299dbb6)

2018-11-25 11:01:09 - [MESSAGE][FAILED] - Unable to click on object 'Object Repository/Final Object Repo/Landing Page/Select to Workflow Listing' (Root cause: org.openqa.selenium.ElementNotVisibleException: element not interactable
  (Session info: chrome=70.0.3538.102)
  (Driver info: chromedriver=2.43.600210 (68dcf5eebde37173d4027fa8635e332711d2874a),platform=Windows NT 6.1.7601 SP1 x86_64) (WARNING: The server did not provide any stacktrace information)
Command duration or timeout: 0 milliseconds
Build info: version: '3.7.1', revision: '8a0099a', time: '2017-11-06T21:07:36.161Z'
System info: host: 'WIN7TEST02', ip: '10.20.3.72', os.name: 'Windows 7', os.arch: 'amd64', os.version: '6.1', java.version: '1.8.0_181'
Driver info: com.kms.katalon.selenium.driver.CChromeDriver
Capabilities {acceptInsecureCerts: false, acceptSslCerts: false, applicationCacheEnabled: false, browserConnectionEnabled: false, browserName: chrome, chrome: {chromedriverVersion: 2.43.600210 (68dcf5eebde371..., userDataDir: C:\Users\Admin\AppData\Loca...}, cssSelectorsEnabled: true, databaseEnabled: false, goog:chromeOptions: {debuggerAddress: localhost:57165}, handlesAlerts: true, hasTouchScreen: false, javascriptEnabled: true, locationContextEnabled: true, mobileEmulationEnabled: false, nativeEvents: true, networkConnectionEnabled: false, pageLoadStrategy: normal, platform: XP, platformName: XP, rotatable: false, setWindowRect: true, takesHeapSnapshot: true, takesScreenshot: true, unexpectedAlertBehaviour: , unhandledPromptBehavior: , version: 70.0.3538.102, webStorageEnabled: true}
Session ID: 3cf6c9f61e7785300c4c79f3d299dbb6)
[[ATTACHMENT|C:\\Users\\Admin\\Desktop\\PKS\\Perkeso Phase A\\Reports\\Workflow\\Request SSN\\20181125_002205\\1543114868827.png]]

2018-11-25 11:01:09 - [TEST_STEP][PASSED] - delay: Delayed 2 second(s)

2018-11-25 11:01:11 - [MESSAGE][PASSED] - Delayed 2 second(s)

2018-11-25 11:01:11 - [TEST_STEP][FAILED] - click: Unable to click on object 'Object Repository/Final Object Repo/WorkFlow Listing Page/Search Information - To Put Ref No' (Root cause: com.kms.katalon.core.webui.exception.WebElementNotFoundException: Web element with id: 'Object Repository/Final Object Repo/WorkFlow Listing Page/Search Information - To Put Ref No' located by 'By.xpath: //h2[@data-target = '#_workflowlisting_WAR_baseportlet_searchDiv' and (text() = 'Search Information' or . = 'Search Information')]' not found)

2018-11-25 11:01:42 - [MESSAGE][FAILED] - Unable to click on object 'Object Repository/Final Object Repo/WorkFlow Listing Page/Search Information - To Put Ref No' (Root cause: com.kms.katalon.core.webui.exception.WebElementNotFoundException: Web element with id: 'Object Repository/Final Object Repo/WorkFlow Listing Page/Search Information - To Put Ref No' located by 'By.xpath: //h2[@data-target = '#_workflowlisting_WAR_baseportlet_searchDiv' and (text() = 'Search Information' or . = 'Search Information')]' not found)
[[ATTACHMENT|C:\\Users\\Admin\\Desktop\\PKS\\Perkeso Phase A\\Reports\\Workflow\\Request SSN\\20181125_002205\\1543114902447.png]]

2018-11-25 11:01:42 - [TEST_STEP][PASSED] - delay: Delayed 2 second(s)

2018-11-25 11:01:44 - [MESSAGE][PASSED] - Delayed 2 second(s)

2018-11-25 11:01:44 - [TEST_STEP][PASSED] - callTestCase: Call Test Case 'Test Cases/Final Aug 2018 - PKS Automation/Common/Reference Number Getter' successfully

2018-11-25 11:01:44 - [TEST_CASE][PASSED] - Test Cases/Final Aug 2018 - PKS Automation/Common/Reference Number Getter: Test Cases/Final Aug 2018 - PKS Automation/Common/Reference Number Getter

2018-11-25 11:01:44 - [TEST_STEP][PASSED] - Statement - Try: null

2018-11-25 11:01:44 - [TEST_STEP][PASSED] - Statement - RefNo = new java.io.File(C://Users//Admin//Desktop//PKS//Automation Reference Point//KatalonReference.txt): null

2018-11-25 11:01:44 - [TEST_STEP][PASSED] - Statement - bufferread = new java.io.BufferedReader(new java.io.FileReader(RefNo)): null

2018-11-25 11:01:44 - [TEST_STEP][PASSED] - Statement - readedVal = bufferread.readLine(): null

2018-11-25 11:01:44 - [TEST_STEP][PASSED] - Statement - out.println(CaseReferenceNo): null

2018-11-25 11:01:44 - [TEST_STEP][PASSED] - Statement - out.println(readedVal): null

2018-11-25 11:01:44 - [TEST_STEP][PASSED] - Statement - CaseReferenceNo = "": null

2018-11-25 11:01:44 - [TEST_STEP][PASSED] - Statement - CaseReferenceNo = readedVal: null

2018-11-25 11:01:44 - [MESSAGE][PASSED] - Call Test Case 'Test Cases/Final Aug 2018 - PKS Automation/Common/Reference Number Getter' successfully

2018-11-25 11:01:44 - [TEST_STEP][FAILED] - setText: Unable to set text 'SSN11201800001145' of object 'Object Repository/Final Object Repo/WorkFlow Listing Page/Ref No Set Text' (Root cause: com.kms.katalon.core.webui.exception.WebElementNotFoundException: Web element with id: 'Object Repository/Final Object Repo/WorkFlow Listing Page/Ref No Set Text' located by 'By.xpath: //input[@id = '_workflowlisting_WAR_baseportlet_dto.trxReferenceNum' and @name = '_workflowlisting_WAR_baseportlet_dto.trxReferenceNum' and @type = 'text']' not found)

2018-11-25 11:02:16 - [MESSAGE][FAILED] - Unable to set text 'SSN11201800001145' of object 'Object Repository/Final Object Repo/WorkFlow Listing Page/Ref No Set Text' (Root cause: com.kms.katalon.core.webui.exception.WebElementNotFoundException: Web element with id: 'Object Repository/Final Object Repo/WorkFlow Listing Page/Ref No Set Text' located by 'By.xpath: //input[@id = '_workflowlisting_WAR_baseportlet_dto.trxReferenceNum' and @name = '_workflowlisting_WAR_baseportlet_dto.trxReferenceNum' and @type = 'text']' not found)
[[ATTACHMENT|C:\\Users\\Admin\\Desktop\\PKS\\Perkeso Phase A\\Reports\\Workflow\\Request SSN\\20181125_002205\\1543114936513.png]]

2018-11-25 11:02:16 - [TEST_STEP][PASSED] - delay: Delayed 2 second(s)

2018-11-25 11:02:18 - [MESSAGE][PASSED] - Delayed 2 second(s)

2018-11-25 11:02:18 - [TEST_STEP][FAILED] - click: Unable to click on object 'Object Repository/Final Object Repo/WorkFlow Listing Page/Search Ref No Search Button' (Root cause: org.openqa.selenium.ElementNotVisibleException: element not interactable
  (Session info: chrome=70.0.3538.102)
  (Driver info: chromedriver=2.43.600210 (68dcf5eebde37173d4027fa8635e332711d2874a),platform=Windows NT 6.1.7601 SP1 x86_64) (WARNING: The server did not provide any stacktrace information)
Command duration or timeout: 0 milliseconds
Build info: version: '3.7.1', revision: '8a0099a', time: '2017-11-06T21:07:36.161Z'
System info: host: 'WIN7TEST02', ip: '10.20.3.72', os.name: 'Windows 7', os.arch: 'amd64', os.version: '6.1', java.version: '1.8.0_181'
Driver info: com.kms.katalon.selenium.driver.CChromeDriver
Capabilities {acceptInsecureCerts: false, acceptSslCerts: false, applicationCacheEnabled: false, browserConnectionEnabled: false, browserName: chrome, chrome: {chromedriverVersion: 2.43.600210 (68dcf5eebde371..., userDataDir: C:\Users\Admin\AppData\Loca...}, cssSelectorsEnabled: true, databaseEnabled: false, goog:chromeOptions: {debuggerAddress: localhost:57165}, handlesAlerts: true, hasTouchScreen: false, javascriptEnabled: true, locationContextEnabled: true, mobileEmulationEnabled: false, nativeEvents: true, networkConnectionEnabled: false, pageLoadStrategy: normal, platform: XP, platformName: XP, rotatable: false, setWindowRect: true, takesHeapSnapshot: true, takesScreenshot: true, unexpectedAlertBehaviour: , unhandledPromptBehavior: , version: 70.0.3538.102, webStorageEnabled: true}
Session ID: 3cf6c9f61e7785300c4c79f3d299dbb6)

2018-11-25 11:02:19 - [MESSAGE][FAILED] - Unable to click on object 'Object Repository/Final Object Repo/WorkFlow Listing Page/Search Ref No Search Button' (Root cause: org.openqa.selenium.ElementNotVisibleException: element not interactable
  (Session info: chrome=70.0.3538.102)
  (Driver info: chromedriver=2.43.600210 (68dcf5eebde37173d4027fa8635e332711d2874a),platform=Windows NT 6.1.7601 SP1 x86_64) (WARNING: The server did not provide any stacktrace information)
Command duration or timeout: 0 milliseconds
Build info: version: '3.7.1', revision: '8a0099a', time: '2017-11-06T21:07:36.161Z'
System info: host: 'WIN7TEST02', ip: '10.20.3.72', os.name: 'Windows 7', os.arch: 'amd64', os.version: '6.1', java.version: '1.8.0_181'
Driver info: com.kms.katalon.selenium.driver.CChromeDriver
Capabilities {acceptInsecureCerts: false, acceptSslCerts: false, applicationCacheEnabled: false, browserConnectionEnabled: false, browserName: chrome, chrome: {chromedriverVersion: 2.43.600210 (68dcf5eebde371..., userDataDir: C:\Users\Admin\AppData\Loca...}, cssSelectorsEnabled: true, databaseEnabled: false, goog:chromeOptions: {debuggerAddress: localhost:57165}, handlesAlerts: true, hasTouchScreen: false, javascriptEnabled: true, locationContextEnabled: true, mobileEmulationEnabled: false, nativeEvents: true, networkConnectionEnabled: false, pageLoadStrategy: normal, platform: XP, platformName: XP, rotatable: false, setWindowRect: true, takesHeapSnapshot: true, takesScreenshot: true, unexpectedAlertBehaviour: , unhandledPromptBehavior: , version: 70.0.3538.102, webStorageEnabled: true}
Session ID: 3cf6c9f61e7785300c4c79f3d299dbb6)
[[ATTACHMENT|C:\\Users\\Admin\\Desktop\\PKS\\Perkeso Phase A\\Reports\\Workflow\\Request SSN\\20181125_002205\\1543114938940.png]]

2018-11-25 11:02:19 - [TEST_STEP][PASSED] - delay: Delayed 4 second(s)

2018-11-25 11:02:23 - [MESSAGE][PASSED] - Delayed 4 second(s)

2018-11-25 11:02:23 - [TEST_STEP][PASSED] - click: Object: 'Object Repository/Final Object Repo/WorkFlow Listing Page/Click Continue Tooltip' is clicked on

2018-11-25 11:02:24 - [MESSAGE][PASSED] - Object: 'Object Repository/Final Object Repo/WorkFlow Listing Page/Click Continue Tooltip' is clicked on

2018-11-25 11:02:24 - [TEST_STEP][PASSED] - delay: Delayed 5 second(s)

2018-11-25 11:02:29 - [MESSAGE][PASSED] - Delayed 5 second(s)

2018-11-25 11:02:29 - [TEST_STEP][FAILED] - doubleClick: Unable to double click on object 'Object Repository/Final Object Repo/WorkFlow Listing Page/Workflow Found - Listing 1' (Root cause: com.kms.katalon.core.webui.exception.WebElementNotFoundException: Web element with id: 'Object Repository/Final Object Repo/WorkFlow Listing Page/Workflow Found - Listing 1' located by 'By.xpath: //body/div/div/div/div/div/div/div/div/div/div/div/div/div/div/div/div/table/tbody/tr/td[@class='table-cell  first']/following-sibling::td[1]' not found)

2018-11-25 11:03:00 - [MESSAGE][FAILED] - Unable to double click on object 'Object Repository/Final Object Repo/WorkFlow Listing Page/Workflow Found - Listing 1' (Root cause: com.kms.katalon.core.webui.exception.WebElementNotFoundException: Web element with id: 'Object Repository/Final Object Repo/WorkFlow Listing Page/Workflow Found - Listing 1' located by 'By.xpath: //body/div/div/div/div/div/div/div/div/div/div/div/div/div/div/div/div/table/tbody/tr/td[@class='table-cell  first']/following-sibling::td[1]' not found)
[[ATTACHMENT|C:\\Users\\Admin\\Desktop\\PKS\\Perkeso Phase A\\Reports\\Workflow\\Request SSN\\20181125_002205\\1543114980580.png]]

2018-11-25 11:03:00 - [MESSAGE][FAILED] - Unable to call Test Case with id 'Test Cases/Final Aug 2018 - PKS Automation/Common/Workflow Owner Finder' (Root cause: Call Test Case 'Test Cases/Final Aug 2018 - PKS Automation/Common/Workflow Owner Finder' failed)

2018-11-25 11:03:00 - [MESSAGE][FAILED] - Unable to call Test Case with id 'Test Cases/Final Aug 2018 - PKS Automation/Registration Module/Workflow/Request SSN/Template/Request SSN RIO - RO (Under Enforcement)' (Root cause: Call Test Case 'Test Cases/Final Aug 2018 - PKS Automation/Registration Module/Workflow/Request SSN/Template/Request SSN RIO - RO (Under Enforcement)' failed)]]></system-out>
         <system-err><![CDATA[2018-11-25 10:58:59 - [TEST_CASE][FAILED] - Test Cases/Final Aug 2018 - PKS Automation/Registration Module/Workflow/Request SSN/PKRBO - RIO - RO (Under enforcement): Test Cases/Final Aug 2018 - PKS Automation/Registration Module/Workflow/Request SSN/PKRBO - RIO - RO (Under enforcement) FAILED because (of) (Stack trace: com.kms.katalon.core.exception.StepFailedException: Unable to click on object 'Object Repository/Final Object Repo/Landing Page/Select to Workflow Listing' (Root cause: org.openqa.selenium.ElementNotVisibleException: element not interactable
  (Session info: chrome=70.0.3538.102)
  (Driver info: chromedriver=2.43.600210 (68dcf5eebde37173d4027fa8635e332711d2874a),platform=Windows NT 6.1.7601 SP1 x86_64) (WARNING: The server did not provide any stacktrace information)
Command duration or timeout: 0 milliseconds
Build info: version: '3.7.1', revision: '8a0099a', time: '2017-11-06T21:07:36.161Z'
System info: host: 'WIN7TEST02', ip: '10.20.3.72', os.name: 'Windows 7', os.arch: 'amd64', os.version: '6.1', java.version: '1.8.0_181'
Driver info: com.kms.katalon.selenium.driver.CChromeDriver
Capabilities {acceptInsecureCerts: false, acceptSslCerts: false, applicationCacheEnabled: false, browserConnectionEnabled: false, browserName: chrome, chrome: {chromedriverVersion: 2.43.600210 (68dcf5eebde371..., userDataDir: C:\Users\Admin\AppData\Loca...}, cssSelectorsEnabled: true, databaseEnabled: false, goog:chromeOptions: {debuggerAddress: localhost:57165}, handlesAlerts: true, hasTouchScreen: false, javascriptEnabled: true, locationContextEnabled: true, mobileEmulationEnabled: false, nativeEvents: true, networkConnectionEnabled: false, pageLoadStrategy: normal, platform: XP, platformName: XP, rotatable: false, setWindowRect: true, takesHeapSnapshot: true, takesScreenshot: true, unexpectedAlertBehaviour: , unhandledPromptBehavior: , version: 70.0.3538.102, webStorageEnabled: true}
Session ID: 3cf6c9f61e7785300c4c79f3d299dbb6)
	at com.kms.katalon.core.keyword.internal.KeywordMain.stepFailed(KeywordMain.groovy:32)
	at com.kms.katalon.core.webui.keyword.internal.WebUIKeywordMain.stepFailed(WebUIKeywordMain.groovy:65)
	at com.kms.katalon.core.webui.keyword.internal.WebUIKeywordMain.runKeyword(WebUIKeywordMain.groovy:27)
	at com.kms.katalon.core.webui.keyword.builtin.ClickKeyword.click(ClickKeyword.groovy:86)
	at com.kms.katalon.core.webui.keyword.builtin.ClickKeyword.execute(ClickKeyword.groovy:67)
	at com.kms.katalon.core.keyword.internal.KeywordExecutor.executeKeywordForPlatform(KeywordExecutor.groovy:53)
	at com.kms.katalon.core.webui.keyword.WebUiBuiltInKeywords.click(WebUiBuiltInKeywords.groovy:616)
	at com.kms.katalon.core.webui.keyword.WebUiBuiltInKeywords$click$2.call(Unknown Source)
	at Script1534407542420.run(Script1534407542420.groovy:73)
	at com.kms.katalon.core.main.ScriptEngine.run(ScriptEngine.java:183)
	at com.kms.katalon.core.main.ScriptEngine.runScriptAsRawText(ScriptEngine.java:108)
	at com.kms.katalon.core.main.TestCaseExecutor.runScript(TestCaseExecutor.java:294)
	at com.kms.katalon.core.main.TestCaseExecutor.doExecute(TestCaseExecutor.java:285)
	at com.kms.katalon.core.main.TestCaseExecutor.processExecutionPhase(TestCaseExecutor.java:264)
	at com.kms.katalon.core.main.TestCaseExecutor.accessMainPhase(TestCaseExecutor.java:256)
	at com.kms.katalon.core.main.TestCaseExecutor.execute(TestCaseExecutor.java:200)
	at com.kms.katalon.core.main.TestCaseMain.runTestCase(TestCaseMain.java:99)
	at com.kms.katalon.core.keyword.builtin.CallTestCaseKeyword$_callTestCase_closure1.doCall(CallTestCaseKeyword.groovy:60)
	at com.kms.katalon.core.keyword.builtin.CallTestCaseKeyword$_callTestCase_closure1.call(CallTestCaseKeyword.groovy)
	at com.kms.katalon.core.keyword.internal.KeywordMain.runKeyword(KeywordMain.groovy:54)
	at com.kms.katalon.core.keyword.builtin.CallTestCaseKeyword.callTestCase(CallTestCaseKeyword.groovy:81)
	at com.kms.katalon.core.keyword.builtin.CallTestCaseKeyword.execute(CallTestCaseKeyword.groovy:45)
	at com.kms.katalon.core.keyword.internal.KeywordExecutor.executeKeywordForPlatform(KeywordExecutor.groovy:53)
	at com.kms.katalon.core.keyword.BuiltinKeywords.callTestCase(BuiltinKeywords.groovy:334)
	at sun.reflect.GeneratedMethodAccessor13.invoke(Unknown Source)
	at sun.reflect.DelegatingMethodAccessorImpl.invoke(DelegatingMethodAccessorImpl.java:43)
	at java.lang.reflect.Method.invoke(Method.java:498)
	at org.codehaus.groovy.reflection.CachedMethod.invoke(CachedMethod.java:93)
	at groovy.lang.MetaMethod.doMethodInvoke(MetaMethod.java:325)
	at groovy.lang.MetaClassImpl.invokeStaticMethod(MetaClassImpl.java:1469)
	at org.codehaus.groovy.runtime.callsite.StaticMetaClassSite.call(StaticMetaClassSite.java:53)
	at org.codehaus.groovy.runtime.callsite.AbstractCallSite.call(AbstractCallSite.java:141)
	at Script1537866016330.run(Script1537866016330.groovy:33)
	at com.kms.katalon.core.main.ScriptEngine.run(ScriptEngine.java:183)
	at com.kms.katalon.core.main.ScriptEngine.runScriptAsRawText(ScriptEngine.java:108)
	at com.kms.katalon.core.main.TestCaseExecutor.runScript(TestCaseExecutor.java:294)
	at com.kms.katalon.core.main.TestCaseExecutor.doExecute(TestCaseExecutor.java:285)
	at com.kms.katalon.core.main.TestCaseExecutor.processExecutionPhase(TestCaseExecutor.java:264)
	at com.kms.katalon.core.main.TestCaseExecutor.accessMainPhase(TestCaseExecutor.java:256)
	at com.kms.katalon.core.main.TestCaseExecutor.execute(TestCaseExecutor.java:200)
	at com.kms.katalon.core.main.TestCaseMain.runTestCase(TestCaseMain.java:99)
	at com.kms.katalon.core.keyword.builtin.CallTestCaseKeyword$_callTestCase_closure1.doCall(CallTestCaseKeyword.groovy:60)
	at com.kms.katalon.core.keyword.builtin.CallTestCaseKeyword$_callTestCase_closure1.call(CallTestCaseKeyword.groovy)
	at com.kms.katalon.core.keyword.internal.KeywordMain.runKeyword(KeywordMain.groovy:54)
	at com.kms.katalon.core.keyword.builtin.CallTestCaseKeyword.callTestCase(CallTestCaseKeyword.groovy:81)
	at com.kms.katalon.core.keyword.builtin.CallTestCaseKeyword.execute(CallTestCaseKeyword.groovy:45)
	at com.kms.katalon.core.keyword.internal.KeywordExecutor.executeKeywordForPlatform(KeywordExecutor.groovy:53)
	at com.kms.katalon.core.keyword.BuiltinKeywords.callTestCase(BuiltinKeywords.groovy:334)
	at sun.reflect.GeneratedMethodAccessor13.invoke(Unknown Source)
	at sun.reflect.DelegatingMethodAccessorImpl.invoke(DelegatingMethodAccessorImpl.java:43)
	at java.lang.reflect.Method.invoke(Method.java:498)
	at org.codehaus.groovy.reflection.CachedMethod.invoke(CachedMethod.java:93)
	at groovy.lang.MetaMethod.doMethodInvoke(MetaMethod.java:325)
	at groovy.lang.MetaClassImpl.invokeStaticMethod(MetaClassImpl.java:1469)
	at org.codehaus.groovy.runtime.callsite.StaticMetaClassSite.call(StaticMetaClassSite.java:53)
	at org.codehaus.groovy.runtime.callsite.CallSiteArray.defaultCall(CallSiteArray.java:48)
	at org.codehaus.groovy.runtime.callsite.AbstractCallSite.call(AbstractCallSite.java:113)
	at org.codehaus.groovy.runtime.callsite.AbstractCallSite.call(AbstractCallSite.java:141)
	at Script1536300508633.run(Script1536300508633.groovy:24)
	at com.kms.katalon.core.main.ScriptEngine.run(ScriptEngine.java:183)
	at com.kms.katalon.core.main.ScriptEngine.runScriptAsRawText(ScriptEngine.java:108)
	at com.kms.katalon.core.main.TestCaseExecutor.runScript(TestCaseExecutor.java:294)
	at com.kms.katalon.core.main.TestCaseExecutor.doExecute(TestCaseExecutor.java:285)
	at com.kms.katalon.core.main.TestCaseExecutor.processExecutionPhase(TestCaseExecutor.java:264)
	at com.kms.katalon.core.main.TestCaseExecutor.accessMainPhase(TestCaseExecutor.java:256)
	at com.kms.katalon.core.main.TestCaseExecutor.execute(TestCaseExecutor.java:200)
	at com.kms.katalon.core.main.TestSuiteExecutor.accessTestCaseMainPhase(TestSuiteExecutor.java:129)
	at com.kms.katalon.core.main.TestSuiteExecutor.accessTestSuiteMainPhase(TestSuiteExecutor.java:112)
	at com.kms.katalon.core.main.TestSuiteExecutor.execute(TestSuiteExecutor.java:81)
	at com.kms.katalon.core.main.TestCaseMain.startTestSuite(TestCaseMain.java:142)
	at com.kms.katalon.core.main.TestCaseMain$startTestSuite$0.call(Unknown Source)
	at org.codehaus.groovy.runtime.callsite.CallSiteArray.defaultCall(CallSiteArray.java:48)
	at org.codehaus.groovy.runtime.callsite.AbstractCallSite.call(AbstractCallSite.java:113)
	at org.codehaus.groovy.runtime.callsite.AbstractCallSite.call(AbstractCallSite.java:141)
	at TempTestSuite1543076525606.run(TempTestSuite1543076525606.groovy:36)
	at groovy.lang.GroovyShell.runScriptOrMainOrTestOrRunnable(GroovyShell.java:263)
	at groovy.lang.GroovyShell.run(GroovyShell.java:518)
	at groovy.lang.GroovyShell.run(GroovyShell.java:507)
	at groovy.ui.GroovyMain.processOnce(GroovyMain.java:653)
	at groovy.ui.GroovyMain.run(GroovyMain.java:384)
	at groovy.ui.GroovyMain.process(GroovyMain.java:370)
	at groovy.ui.GroovyMain.processArgs(GroovyMain.java:129)
	at groovy.ui.GroovyMain.main(GroovyMain.java:109)
	at sun.reflect.NativeMethodAccessorImpl.invoke0(Native Method)
	at sun.reflect.NativeMethodAccessorImpl.invoke(NativeMethodAccessorImpl.java:62)
	at sun.reflect.DelegatingMethodAccessorImpl.invoke(DelegatingMethodAccessorImpl.java:43)
	at java.lang.reflect.Method.invoke(Method.java:498)
	at org.codehaus.groovy.tools.GroovyStarter.rootLoader(GroovyStarter.java:109)
	at org.codehaus.groovy.tools.GroovyStarter.main(GroovyStarter.java:131)
)]]></system-err>
      </testcase>
      <system-out><![CDATA[2018-11-25 10:36:09 - [TEST_SUITE][FAILED] - Request SSN: Test Cases/Final Aug 2018 - PKS Automation/Registration Module/Workflow/Request SSN/OTC - RIO - RO (Approve) FAILED because (of) (Stack trace: com.kms.katalon.core.exception.StepFailedException: Unable to click on object 'Object Repository/Final Object Repo/Landing Page/Select to Workflow Listing' (Root cause: org.openqa.selenium.ElementNotVisibleException: element not interactable
  (Session info: chrome=70.0.3538.102)
  (Driver info: chromedriver=2.43.600210 (68dcf5eebde37173d4027fa8635e332711d2874a),platform=Windows NT 6.1.7601 SP1 x86_64) (WARNING: The server did not provide any stacktrace information)
Command duration or timeout: 0 milliseconds
Build info: version: '3.7.1', revision: '8a0099a', time: '2017-11-06T21:07:36.161Z'
System info: host: 'WIN7TEST02', ip: '10.20.3.72', os.name: 'Windows 7', os.arch: 'amd64', os.version: '6.1', java.version: '1.8.0_181'
Driver info: com.kms.katalon.selenium.driver.CChromeDriver
Capabilities {acceptInsecureCerts: false, acceptSslCerts: false, applicationCacheEnabled: false, browserConnectionEnabled: false, browserName: chrome, chrome: {chromedriverVersion: 2.43.600210 (68dcf5eebde371..., userDataDir: C:\Users\Admin\AppData\Loca...}, cssSelectorsEnabled: true, databaseEnabled: false, goog:chromeOptions: {debuggerAddress: localhost:56796}, handlesAlerts: true, hasTouchScreen: false, javascriptEnabled: true, locationContextEnabled: true, mobileEmulationEnabled: false, nativeEvents: true, networkConnectionEnabled: false, pageLoadStrategy: normal, platform: XP, platformName: XP, rotatable: false, setWindowRect: true, takesHeapSnapshot: true, takesScreenshot: true, unexpectedAlertBehaviour: , unhandledPromptBehavior: , version: 70.0.3538.102, webStorageEnabled: true}
Session ID: 90b80e295885b2a937d1975a1133b55c)
	at com.kms.katalon.core.keyword.internal.KeywordMain.stepFailed(KeywordMain.groovy:32)
	at com.kms.katalon.core.webui.keyword.internal.WebUIKeywordMain.stepFailed(WebUIKeywordMain.groovy:65)
	at com.kms.katalon.core.webui.keyword.internal.WebUIKeywordMain.runKeyword(WebUIKeywordMain.groovy:27)
	at com.kms.katalon.core.webui.keyword.builtin.ClickKeyword.click(ClickKeyword.groovy:86)
	at com.kms.katalon.core.webui.keyword.builtin.ClickKeyword.execute(ClickKeyword.groovy:67)
	at com.kms.katalon.core.keyword.internal.KeywordExecutor.executeKeywordForPlatform(KeywordExecutor.groovy:53)
	at com.kms.katalon.core.webui.keyword.WebUiBuiltInKeywords.click(WebUiBuiltInKeywords.groovy:616)
	at com.kms.katalon.core.webui.keyword.WebUiBuiltInKeywords$click$2.call(Unknown Source)
	at org.codehaus.groovy.runtime.callsite.CallSiteArray.defaultCall(CallSiteArray.java:48)
	at org.codehaus.groovy.runtime.callsite.AbstractCallSite.call(AbstractCallSite.java:113)
	at org.codehaus.groovy.runtime.callsite.AbstractCallSite.call(AbstractCallSite.java:125)
	at Script1534407542420.run(Script1534407542420.groovy:73)
	at com.kms.katalon.core.main.ScriptEngine.run(ScriptEngine.java:183)
	at com.kms.katalon.core.main.ScriptEngine.runScriptAsRawText(ScriptEngine.java:108)
	at com.kms.katalon.core.main.TestCaseExecutor.runScript(TestCaseExecutor.java:294)
	at com.kms.katalon.core.main.TestCaseExecutor.doExecute(TestCaseExecutor.java:285)
	at com.kms.katalon.core.main.TestCaseExecutor.processExecutionPhase(TestCaseExecutor.java:264)
	at com.kms.katalon.core.main.TestCaseExecutor.accessMainPhase(TestCaseExecutor.java:256)
	at com.kms.katalon.core.main.TestCaseExecutor.execute(TestCaseExecutor.java:200)
	at com.kms.katalon.core.main.TestCaseMain.runTestCase(TestCaseMain.java:99)
	at com.kms.katalon.core.keyword.builtin.CallTestCaseKeyword$_callTestCase_closure1.doCall(CallTestCaseKeyword.groovy:60)
	at com.kms.katalon.core.keyword.builtin.CallTestCaseKeyword$_callTestCase_closure1.call(CallTestCaseKeyword.groovy)
	at com.kms.katalon.core.keyword.internal.KeywordMain.runKeyword(KeywordMain.groovy:54)
	at com.kms.katalon.core.keyword.builtin.CallTestCaseKeyword.callTestCase(CallTestCaseKeyword.groovy:81)
	at com.kms.katalon.core.keyword.builtin.CallTestCaseKeyword.execute(CallTestCaseKeyword.groovy:45)
	at com.kms.katalon.core.keyword.internal.KeywordExecutor.executeKeywordForPlatform(KeywordExecutor.groovy:53)
	at com.kms.katalon.core.keyword.BuiltinKeywords.callTestCase(BuiltinKeywords.groovy:334)
	at sun.reflect.NativeMethodAccessorImpl.invoke0(Native Method)
	at sun.reflect.NativeMethodAccessorImpl.invoke(NativeMethodAccessorImpl.java:62)
	at sun.reflect.DelegatingMethodAccessorImpl.invoke(DelegatingMethodAccessorImpl.java:43)
	at java.lang.reflect.Method.invoke(Method.java:498)
	at org.codehaus.groovy.reflection.CachedMethod.invoke(CachedMethod.java:93)
	at groovy.lang.MetaMethod.doMethodInvoke(MetaMethod.java:325)
	at groovy.lang.MetaClassImpl.invokeStaticMethod(MetaClassImpl.java:1469)
	at org.codehaus.groovy.runtime.callsite.StaticMetaClassSite.call(StaticMetaClassSite.java:53)
	at org.codehaus.groovy.runtime.callsite.CallSiteArray.defaultCall(CallSiteArray.java:48)
	at org.codehaus.groovy.runtime.callsite.AbstractCallSite.call(AbstractCallSite.java:113)
	at org.codehaus.groovy.runtime.callsite.AbstractCallSite.call(AbstractCallSite.java:141)
	at Script1537865992110.run(Script1537865992110.groovy:30)
	at com.kms.katalon.core.main.ScriptEngine.run(ScriptEngine.java:183)
	at com.kms.katalon.core.main.ScriptEngine.runScriptAsRawText(ScriptEngine.java:108)
	at com.kms.katalon.core.main.TestCaseExecutor.runScript(TestCaseExecutor.java:294)
	at com.kms.katalon.core.main.TestCaseExecutor.doExecute(TestCaseExecutor.java:285)
	at com.kms.katalon.core.main.TestCaseExecutor.processExecutionPhase(TestCaseExecutor.java:264)
	at com.kms.katalon.core.main.TestCaseExecutor.accessMainPhase(TestCaseExecutor.java:256)
	at com.kms.katalon.core.main.TestCaseExecutor.execute(TestCaseExecutor.java:200)
	at com.kms.katalon.core.main.TestCaseMain.runTestCase(TestCaseMain.java:99)
	at com.kms.katalon.core.keyword.builtin.CallTestCaseKeyword$_callTestCase_closure1.doCall(CallTestCaseKeyword.groovy:60)
	at com.kms.katalon.core.keyword.builtin.CallTestCaseKeyword$_callTestCase_closure1.call(CallTestCaseKeyword.groovy)
	at com.kms.katalon.core.keyword.internal.KeywordMain.runKeyword(KeywordMain.groovy:54)
	at com.kms.katalon.core.keyword.builtin.CallTestCaseKeyword.callTestCase(CallTestCaseKeyword.groovy:81)
	at com.kms.katalon.core.keyword.builtin.CallTestCaseKeyword.execute(CallTestCaseKeyword.groovy:45)
	at com.kms.katalon.core.keyword.internal.KeywordExecutor.executeKeywordForPlatform(KeywordExecutor.groovy:53)
	at com.kms.katalon.core.keyword.BuiltinKeywords.callTestCase(BuiltinKeywords.groovy:334)
	at sun.reflect.NativeMethodAccessorImpl.invoke0(Native Method)
	at sun.reflect.NativeMethodAccessorImpl.invoke(NativeMethodAccessorImpl.java:62)
	at sun.reflect.DelegatingMethodAccessorImpl.invoke(DelegatingMethodAccessorImpl.java:43)
	at java.lang.reflect.Method.invoke(Method.java:498)
	at org.codehaus.groovy.reflection.CachedMethod.invoke(CachedMethod.java:93)
	at groovy.lang.MetaMethod.doMethodInvoke(MetaMethod.java:325)
	at groovy.lang.MetaClassImpl.invokeStaticMethod(MetaClassImpl.java:1469)
	at org.codehaus.groovy.runtime.callsite.StaticMetaClassSite.call(StaticMetaClassSite.java:53)
	at org.codehaus.groovy.runtime.callsite.CallSiteArray.defaultCall(CallSiteArray.java:48)
	at org.codehaus.groovy.runtime.callsite.AbstractCallSite.call(AbstractCallSite.java:113)
	at org.codehaus.groovy.runtime.callsite.AbstractCallSite.call(AbstractCallSite.java:141)
	at Script1536300508581.run(Script1536300508581.groovy:26)
	at com.kms.katalon.core.main.ScriptEngine.run(ScriptEngine.java:183)
	at com.kms.katalon.core.main.ScriptEngine.runScriptAsRawText(ScriptEngine.java:108)
	at com.kms.katalon.core.main.TestCaseExecutor.runScript(TestCaseExecutor.java:294)
	at com.kms.katalon.core.main.TestCaseExecutor.doExecute(TestCaseExecutor.java:285)
	at com.kms.katalon.core.main.TestCaseExecutor.processExecutionPhase(TestCaseExecutor.java:264)
	at com.kms.katalon.core.main.TestCaseExecutor.accessMainPhase(TestCaseExecutor.java:256)
	at com.kms.katalon.core.main.TestCaseExecutor.execute(TestCaseExecutor.java:200)
	at com.kms.katalon.core.main.TestSuiteExecutor.accessTestCaseMainPhase(TestSuiteExecutor.java:129)
	at com.kms.katalon.core.main.TestSuiteExecutor.accessTestSuiteMainPhase(TestSuiteExecutor.java:112)
	at com.kms.katalon.core.main.TestSuiteExecutor.execute(TestSuiteExecutor.java:81)
	at com.kms.katalon.core.main.TestCaseMain.startTestSuite(TestCaseMain.java:142)
	at com.kms.katalon.core.main.TestCaseMain$startTestSuite$0.call(Unknown Source)
	at org.codehaus.groovy.runtime.callsite.CallSiteArray.defaultCall(CallSiteArray.java:48)
	at org.codehaus.groovy.runtime.callsite.AbstractCallSite.call(AbstractCallSite.java:113)
	at org.codehaus.groovy.runtime.callsite.AbstractCallSite.call(AbstractCallSite.java:141)
	at TempTestSuite1543076525606.run(TempTestSuite1543076525606.groovy:36)
	at groovy.lang.GroovyShell.runScriptOrMainOrTestOrRunnable(GroovyShell.java:263)
	at groovy.lang.GroovyShell.run(GroovyShell.java:518)
	at groovy.lang.GroovyShell.run(GroovyShell.java:507)
	at groovy.ui.GroovyMain.processOnce(GroovyMain.java:653)
	at groovy.ui.GroovyMain.run(GroovyMain.java:384)
	at groovy.ui.GroovyMain.process(GroovyMain.java:370)
	at groovy.ui.GroovyMain.processArgs(GroovyMain.java:129)
	at groovy.ui.GroovyMain.main(GroovyMain.java:109)
	at sun.reflect.NativeMethodAccessorImpl.invoke0(Native Method)
	at sun.reflect.NativeMethodAccessorImpl.invoke(NativeMethodAccessorImpl.java:62)
	at sun.reflect.DelegatingMethodAccessorImpl.invoke(DelegatingMethodAccessorImpl.java:43)
	at java.lang.reflect.Method.invoke(Method.java:498)
	at org.codehaus.groovy.tools.GroovyStarter.rootLoader(GroovyStarter.java:109)
	at org.codehaus.groovy.tools.GroovyStarter.main(GroovyStarter.java:131)
)]]></system-out>
      <system-err><![CDATA[2018-11-25 10:36:09 - [TEST_SUITE][FAILED] - Request SSN: Test Cases/Final Aug 2018 - PKS Automation/Registration Module/Workflow/Request SSN/OTC - RIO - RO (Approve) FAILED because (of) (Stack trace: com.kms.katalon.core.exception.StepFailedException: Unable to click on object 'Object Repository/Final Object Repo/Landing Page/Select to Workflow Listing' (Root cause: org.openqa.selenium.ElementNotVisibleException: element not interactable
  (Session info: chrome=70.0.3538.102)
  (Driver info: chromedriver=2.43.600210 (68dcf5eebde37173d4027fa8635e332711d2874a),platform=Windows NT 6.1.7601 SP1 x86_64) (WARNING: The server did not provide any stacktrace information)
Command duration or timeout: 0 milliseconds
Build info: version: '3.7.1', revision: '8a0099a', time: '2017-11-06T21:07:36.161Z'
System info: host: 'WIN7TEST02', ip: '10.20.3.72', os.name: 'Windows 7', os.arch: 'amd64', os.version: '6.1', java.version: '1.8.0_181'
Driver info: com.kms.katalon.selenium.driver.CChromeDriver
Capabilities {acceptInsecureCerts: false, acceptSslCerts: false, applicationCacheEnabled: false, browserConnectionEnabled: false, browserName: chrome, chrome: {chromedriverVersion: 2.43.600210 (68dcf5eebde371..., userDataDir: C:\Users\Admin\AppData\Loca...}, cssSelectorsEnabled: true, databaseEnabled: false, goog:chromeOptions: {debuggerAddress: localhost:56796}, handlesAlerts: true, hasTouchScreen: false, javascriptEnabled: true, locationContextEnabled: true, mobileEmulationEnabled: false, nativeEvents: true, networkConnectionEnabled: false, pageLoadStrategy: normal, platform: XP, platformName: XP, rotatable: false, setWindowRect: true, takesHeapSnapshot: true, takesScreenshot: true, unexpectedAlertBehaviour: , unhandledPromptBehavior: , version: 70.0.3538.102, webStorageEnabled: true}
Session ID: 90b80e295885b2a937d1975a1133b55c)
	at com.kms.katalon.core.keyword.internal.KeywordMain.stepFailed(KeywordMain.groovy:32)
	at com.kms.katalon.core.webui.keyword.internal.WebUIKeywordMain.stepFailed(WebUIKeywordMain.groovy:65)
	at com.kms.katalon.core.webui.keyword.internal.WebUIKeywordMain.runKeyword(WebUIKeywordMain.groovy:27)
	at com.kms.katalon.core.webui.keyword.builtin.ClickKeyword.click(ClickKeyword.groovy:86)
	at com.kms.katalon.core.webui.keyword.builtin.ClickKeyword.execute(ClickKeyword.groovy:67)
	at com.kms.katalon.core.keyword.internal.KeywordExecutor.executeKeywordForPlatform(KeywordExecutor.groovy:53)
	at com.kms.katalon.core.webui.keyword.WebUiBuiltInKeywords.click(WebUiBuiltInKeywords.groovy:616)
	at com.kms.katalon.core.webui.keyword.WebUiBuiltInKeywords$click$2.call(Unknown Source)
	at org.codehaus.groovy.runtime.callsite.CallSiteArray.defaultCall(CallSiteArray.java:48)
	at org.codehaus.groovy.runtime.callsite.AbstractCallSite.call(AbstractCallSite.java:113)
	at org.codehaus.groovy.runtime.callsite.AbstractCallSite.call(AbstractCallSite.java:125)
	at Script1534407542420.run(Script1534407542420.groovy:73)
	at com.kms.katalon.core.main.ScriptEngine.run(ScriptEngine.java:183)
	at com.kms.katalon.core.main.ScriptEngine.runScriptAsRawText(ScriptEngine.java:108)
	at com.kms.katalon.core.main.TestCaseExecutor.runScript(TestCaseExecutor.java:294)
	at com.kms.katalon.core.main.TestCaseExecutor.doExecute(TestCaseExecutor.java:285)
	at com.kms.katalon.core.main.TestCaseExecutor.processExecutionPhase(TestCaseExecutor.java:264)
	at com.kms.katalon.core.main.TestCaseExecutor.accessMainPhase(TestCaseExecutor.java:256)
	at com.kms.katalon.core.main.TestCaseExecutor.execute(TestCaseExecutor.java:200)
	at com.kms.katalon.core.main.TestCaseMain.runTestCase(TestCaseMain.java:99)
	at com.kms.katalon.core.keyword.builtin.CallTestCaseKeyword$_callTestCase_closure1.doCall(CallTestCaseKeyword.groovy:60)
	at com.kms.katalon.core.keyword.builtin.CallTestCaseKeyword$_callTestCase_closure1.call(CallTestCaseKeyword.groovy)
	at com.kms.katalon.core.keyword.internal.KeywordMain.runKeyword(KeywordMain.groovy:54)
	at com.kms.katalon.core.keyword.builtin.CallTestCaseKeyword.callTestCase(CallTestCaseKeyword.groovy:81)
	at com.kms.katalon.core.keyword.builtin.CallTestCaseKeyword.execute(CallTestCaseKeyword.groovy:45)
	at com.kms.katalon.core.keyword.internal.KeywordExecutor.executeKeywordForPlatform(KeywordExecutor.groovy:53)
	at com.kms.katalon.core.keyword.BuiltinKeywords.callTestCase(BuiltinKeywords.groovy:334)
	at sun.reflect.NativeMethodAccessorImpl.invoke0(Native Method)
	at sun.reflect.NativeMethodAccessorImpl.invoke(NativeMethodAccessorImpl.java:62)
	at sun.reflect.DelegatingMethodAccessorImpl.invoke(DelegatingMethodAccessorImpl.java:43)
	at java.lang.reflect.Method.invoke(Method.java:498)
	at org.codehaus.groovy.reflection.CachedMethod.invoke(CachedMethod.java:93)
	at groovy.lang.MetaMethod.doMethodInvoke(MetaMethod.java:325)
	at groovy.lang.MetaClassImpl.invokeStaticMethod(MetaClassImpl.java:1469)
	at org.codehaus.groovy.runtime.callsite.StaticMetaClassSite.call(StaticMetaClassSite.java:53)
	at org.codehaus.groovy.runtime.callsite.CallSiteArray.defaultCall(CallSiteArray.java:48)
	at org.codehaus.groovy.runtime.callsite.AbstractCallSite.call(AbstractCallSite.java:113)
	at org.codehaus.groovy.runtime.callsite.AbstractCallSite.call(AbstractCallSite.java:141)
	at Script1537865992110.run(Script1537865992110.groovy:30)
	at com.kms.katalon.core.main.ScriptEngine.run(ScriptEngine.java:183)
	at com.kms.katalon.core.main.ScriptEngine.runScriptAsRawText(ScriptEngine.java:108)
	at com.kms.katalon.core.main.TestCaseExecutor.runScript(TestCaseExecutor.java:294)
	at com.kms.katalon.core.main.TestCaseExecutor.doExecute(TestCaseExecutor.java:285)
	at com.kms.katalon.core.main.TestCaseExecutor.processExecutionPhase(TestCaseExecutor.java:264)
	at com.kms.katalon.core.main.TestCaseExecutor.accessMainPhase(TestCaseExecutor.java:256)
	at com.kms.katalon.core.main.TestCaseExecutor.execute(TestCaseExecutor.java:200)
	at com.kms.katalon.core.main.TestCaseMain.runTestCase(TestCaseMain.java:99)
	at com.kms.katalon.core.keyword.builtin.CallTestCaseKeyword$_callTestCase_closure1.doCall(CallTestCaseKeyword.groovy:60)
	at com.kms.katalon.core.keyword.builtin.CallTestCaseKeyword$_callTestCase_closure1.call(CallTestCaseKeyword.groovy)
	at com.kms.katalon.core.keyword.internal.KeywordMain.runKeyword(KeywordMain.groovy:54)
	at com.kms.katalon.core.keyword.builtin.CallTestCaseKeyword.callTestCase(CallTestCaseKeyword.groovy:81)
	at com.kms.katalon.core.keyword.builtin.CallTestCaseKeyword.execute(CallTestCaseKeyword.groovy:45)
	at com.kms.katalon.core.keyword.internal.KeywordExecutor.executeKeywordForPlatform(KeywordExecutor.groovy:53)
	at com.kms.katalon.core.keyword.BuiltinKeywords.callTestCase(BuiltinKeywords.groovy:334)
	at sun.reflect.NativeMethodAccessorImpl.invoke0(Native Method)
	at sun.reflect.NativeMethodAccessorImpl.invoke(NativeMethodAccessorImpl.java:62)
	at sun.reflect.DelegatingMethodAccessorImpl.invoke(DelegatingMethodAccessorImpl.java:43)
	at java.lang.reflect.Method.invoke(Method.java:498)
	at org.codehaus.groovy.reflection.CachedMethod.invoke(CachedMethod.java:93)
	at groovy.lang.MetaMethod.doMethodInvoke(MetaMethod.java:325)
	at groovy.lang.MetaClassImpl.invokeStaticMethod(MetaClassImpl.java:1469)
	at org.codehaus.groovy.runtime.callsite.StaticMetaClassSite.call(StaticMetaClassSite.java:53)
	at org.codehaus.groovy.runtime.callsite.CallSiteArray.defaultCall(CallSiteArray.java:48)
	at org.codehaus.groovy.runtime.callsite.AbstractCallSite.call(AbstractCallSite.java:113)
	at org.codehaus.groovy.runtime.callsite.AbstractCallSite.call(AbstractCallSite.java:141)
	at Script1536300508581.run(Script1536300508581.groovy:26)
	at com.kms.katalon.core.main.ScriptEngine.run(ScriptEngine.java:183)
	at com.kms.katalon.core.main.ScriptEngine.runScriptAsRawText(ScriptEngine.java:108)
	at com.kms.katalon.core.main.TestCaseExecutor.runScript(TestCaseExecutor.java:294)
	at com.kms.katalon.core.main.TestCaseExecutor.doExecute(TestCaseExecutor.java:285)
	at com.kms.katalon.core.main.TestCaseExecutor.processExecutionPhase(TestCaseExecutor.java:264)
	at com.kms.katalon.core.main.TestCaseExecutor.accessMainPhase(TestCaseExecutor.java:256)
	at com.kms.katalon.core.main.TestCaseExecutor.execute(TestCaseExecutor.java:200)
	at com.kms.katalon.core.main.TestSuiteExecutor.accessTestCaseMainPhase(TestSuiteExecutor.java:129)
	at com.kms.katalon.core.main.TestSuiteExecutor.accessTestSuiteMainPhase(TestSuiteExecutor.java:112)
	at com.kms.katalon.core.main.TestSuiteExecutor.execute(TestSuiteExecutor.java:81)
	at com.kms.katalon.core.main.TestCaseMain.startTestSuite(TestCaseMain.java:142)
	at com.kms.katalon.core.main.TestCaseMain$startTestSuite$0.call(Unknown Source)
	at org.codehaus.groovy.runtime.callsite.CallSiteArray.defaultCall(CallSiteArray.java:48)
	at org.codehaus.groovy.runtime.callsite.AbstractCallSite.call(AbstractCallSite.java:113)
	at org.codehaus.groovy.runtime.callsite.AbstractCallSite.call(AbstractCallSite.java:141)
	at TempTestSuite1543076525606.run(TempTestSuite1543076525606.groovy:36)
	at groovy.lang.GroovyShell.runScriptOrMainOrTestOrRunnable(GroovyShell.java:263)
	at groovy.lang.GroovyShell.run(GroovyShell.java:518)
	at groovy.lang.GroovyShell.run(GroovyShell.java:507)
	at groovy.ui.GroovyMain.processOnce(GroovyMain.java:653)
	at groovy.ui.GroovyMain.run(GroovyMain.java:384)
	at groovy.ui.GroovyMain.process(GroovyMain.java:370)
	at groovy.ui.GroovyMain.processArgs(GroovyMain.java:129)
	at groovy.ui.GroovyMain.main(GroovyMain.java:109)
	at sun.reflect.NativeMethodAccessorImpl.invoke0(Native Method)
	at sun.reflect.NativeMethodAccessorImpl.invoke(NativeMethodAccessorImpl.java:62)
	at sun.reflect.DelegatingMethodAccessorImpl.invoke(DelegatingMethodAccessorImpl.java:43)
	at java.lang.reflect.Method.invoke(Method.java:498)
	at org.codehaus.groovy.tools.GroovyStarter.rootLoader(GroovyStarter.java:109)
	at org.codehaus.groovy.tools.GroovyStarter.main(GroovyStarter.java:131)
)]]></system-err>
   </testsuite>
</testsuites>
